TRXV5
3
4
4
9
string Extension=J
integer IsArchMeasurement=1
integer IsSpherical=1
string Generator=SPM
string GeneratorVersion=1.3.1 Dev
double ArchRadius=0.449999988079071
integer FrequencyAxisIndex=0
integer AzimuthAxisIndex=1
integer ElevationAxisIndex=2
Frequency
5 136 690000000 960000000 LIN
Azimuth
7 8 0 2.74889357189107 LIN
Elevation
7 15 -2.74889357189107 2.74889357189107 LIN
Polar H Real Part
13
Polar H Imaginary Part
14
Polar V Real Part
13
Polar V Imaginary Part
14
Polar H Magnitude (dB)
12 0xC0000002 0 1
Polar H Phase
7 0xC0000003 0 1
Polar V Magnitude (dB)
12 0xC0000002 2 3
Polar V Phase
7 0xC0000003 2 3
-0.0591773986816406 -0.067474365234375 0.22039794921875 -0.013641357421875
-0.0759124755859375 -0.0507125854492188 0.146713256835938 -0.0291290283203125
-0.0886154174804687 0.00757598876953125 -0.00177288055419922 -0.0148944854736328
-0.0535659790039062 0.0498847961425781 -0.0628204345703125 0.0705184936523438
-0.0140571594238281 0.0460205078125 -0.055450439453125 0.140655517578125
0.01507568359375 0.0432777404785156 0.00628662109374998 0.231719970703125
0.0322685241699219 0.042022705078125 0.090423583984375 0.268585205078125
0.0217819213867187 0.0394401550292969 0.125564575195313 0.253082275390625
0.0323143005371094 0.0397377014160156 0.105453491210937 0.2333984375
0.02496337890625 0.0566329956054688 0.046478271484375 0.204940795898438
0.00404739379882813 0.0689811706542969 0.02716064453125 0.12518310546875
-0.0290145874023437 0.0799636840820313 0.0418815612792969 0.0547561645507813
-0.0802230834960937 0.0391082763671875 0.126495361328125 0.03045654296875
-0.0790634155273438 -0.0123291015625 0.293731689453125 0.0736083984375
-0.0553703308105469 -0.012481689453125 0.377960205078125 0.23431396484375
-0.188064575195313 -0.121673583984375 0.1903076171875 -0.022705078125
-0.204742431640625 -0.0904998779296875 0.134002685546875 -0.0306549072265625
-0.207870483398438 -0.00205993652343752 0.0162715911865234 -0.0241622924804688
-0.166061401367187 0.082672119140625 -0.0559349060058594 0.0455245971679688
-0.0919265747070313 0.116958618164063 -0.0632476806640625 0.110099792480469
-0.0177764892578125 0.15655517578125 -0.01190185546875 0.212753295898437
0.0419158935546875 0.153884887695313 0.067474365234375 0.240264892578125
0.02935791015625 0.140388488769531 0.106781005859375 0.2210693359375
0.0407562255859375 0.148178100585938 0.091796875 0.200942993164063
0.015869140625 0.162750244140625 0.04217529296875 0.177993774414062
-0.0366058349609375 0.153564453125 0.0228652954101562 0.09521484375
-0.0948638916015625 0.1500244140625 0.041778564453125 0.0278472900390625
-0.175643920898438 0.07354736328125 0.14404296875 0.0033111572265625
-0.198883056640625 -0.014068603515625 0.2850341796875 0.054718017578125
-0.189102172851563 -0.04278564453125 0.35479736328125 0.2119140625
-0.2906494140625 -0.158935546875 0.120307922363281 -0.0489273071289063
-0.307037353515625 -0.120880126953125 0.0922012329101562 -0.0397567749023438
-0.301422119140625 -0.01318359375 0.0279407501220703 -0.0288982391357422
-0.258880615234375 0.102676391601563 -0.0367202758789063 0.0160675048828125
-0.162307739257812 0.169677734375 -0.0547981262207031 0.0638961791992188
-0.0546875 0.247039794921875 -0.0224151611328125 0.159530639648438
0.04119873046875 0.242889404296875 0.035919189453125 0.17333984375
0.0316925048828125 0.22088623046875 0.070770263671875 0.1541748046875
0.0457763671875 0.235671997070313 0.060882568359375 0.1407470703125
0.0101776123046875 0.249221801757813 0.026763916015625 0.126785278320313
-0.066162109375 0.224334716796875 0.0113487243652344 0.0528488159179688
-0.1434326171875 0.2105712890625 0.0364608764648437 -0.000675201416015612
-0.248519897460938 0.109527587890625 0.1436767578125 -0.01812744140625
-0.29248046875 -0.00479125976562498 0.24053955078125 0.0416259765625
-0.2960205078125 -0.058837890625 0.285186767578125 0.179351806640625
-0.352294921875 -0.16680908203125 0.0175018310546875 -0.0855636596679688
-0.3673095703125 -0.123504638671875 0.024932861328125 -0.0529861450195313
-0.34893798828125 -0.00942993164062495 0.0279083251953125 -0.0299835205078125
-0.30816650390625 0.11517333984375 -0.0132408142089844 -0.0161228179931641
-0.202239990234375 0.197982788085938 -0.0357627868652344 0.00675582885742188
-0.08050537109375 0.298583984375 -0.0270462036132812 0.0788040161132813
0.035125732421875 0.293731689453125 0.000518798828124999 0.0787811279296875
0.0294189453125 0.267776489257813 0.0226860046386719 0.0648880004882813
0.0443115234375 0.288543701171875 0.0169715881347656 0.0605430603027344
0.00170898437499999 0.30133056640625 0.00269699096679688 0.0566596984863281
-0.0881805419921875 0.265975952148437 -0.00490236282348633 0.0016298294067383
-0.175247192382813 0.243988037109375 0.0268363952636719 -0.027862548828125
-0.288970947265625 0.12860107421875 0.125694274902344 -0.0292205810546875
-0.344329833984375 0.00320434570312496 0.166488647460937 0.0387725830078125
-0.35809326171875 -0.066070556640625 0.18280029296875 0.142227172851563
-0.357635498046875 -0.14202880859375 -0.10009765625 -0.123161315917969
-0.365447998046875 -0.096343994140625 -0.0575942993164063 -0.0663795471191406
-0.334869384765625 0.00619506835937502 0.0128669738769531 -0.0308513641357422
-0.297088623046875 0.114471435546875 0.00504302978515623 -0.0499229431152344
-0.20147705078125 0.194931030273438 -0.0153465270996094 -0.0548286437988281
-0.0888671875 0.299896240234375 -0.0311145782470703 -0.0146102905273437
0.024383544921875 0.2984619140625 -0.0359115600585938 -0.0280647277832031
0.0216522216796875 0.274688720703125 -0.0287017822265625 -0.0333156585693359
0.031585693359375 0.299560546875 -0.0303630828857422 -0.0293788909912109
-0.0137939453125 0.3060302734375 -0.024383544921875 -0.0239543914794922
-0.106536865234375 0.264801025390625 -0.0214385986328125 -0.0527458190917969
-0.18902587890625 0.2342529296875 0.0158462524414062 -0.0517768859863281
-0.2918701171875 0.11627197265625 0.0958709716796875 -0.0298995971679687
-0.343719482421875 -0.00143432617187494 0.0757217407226562 0.0437393188476563
-0.36407470703125 -0.06695556640625 0.0638427734375 0.100860595703125
-0.3062744140625 -0.093109130859375 -0.214401245117188 -0.152923583984375
-0.300628662109375 -0.0552673339843749 -0.138160705566406 -0.0764389038085938
-0.261032104492187 0.0200347900390625 -0.0145378112792969 -0.0311832427978516
-0.231826782226563 0.0923309326171875 0.0100631713867187 -0.0776748657226563
-0.163345336914063 0.156158447265625 -0.00372314453125 -0.106132507324219
-0.0799407958984375 0.252471923828125 -0.0362396240234375 -0.102806091308594
0.0118865966796875 0.255523681640625 -0.069793701171875 -0.126945495605469
0.0109710693359375 0.240997314453125 -0.07525634765625 -0.126396179199219
0.0128173828125 0.267486572265625 -0.0694580078125 -0.1165771484375
-0.0351409912109375 0.264251708984375 -0.0416259765625 -0.104637145996094
-0.115036010742188 0.217178344726563 -0.0271835327148438 -0.10211181640625
-0.180435180664062 0.181106567382813 0.010986328125 -0.0710067749023437
-0.251937866210938 0.0747833251953124 0.0614356994628906 -0.0260124206542969
-0.288238525390625 -0.016143798828125 -0.0146980285644531 0.0453376770019531
-0.313201904296875 -0.061767578125 -0.0506706237792969 0.0575981140136719
-0.205245971679687 -0.033294677734375 -0.30450439453125 -0.170501708984375
-0.184219360351563 -0.0174713134765625 -0.20391845703125 -0.079010009765625
-0.147216796875 0.0175933837890625 -0.0486106872558594 -0.02642822265625
-0.134757995605469 0.048187255859375 0.00333404541015624 -0.0907745361328125
-0.104728698730469 0.0899124145507813 -0.000923156738281246 -0.136512756347656
-0.0630950927734375 0.166824340820312 -0.0449066162109375 -0.169357299804687
-0.00382995605468752 0.175994873046875 -0.0965576171875 -0.2039794921875
-0.00122070312500001 0.170150756835938 -0.110763549804687 -0.201461791992188
-0.00910949707031249 0.193466186523438 -0.093597412109375 -0.190109252929687
-0.0487060546875 0.180984497070313 -0.0417633056640625 -0.172332763671875
-0.103569030761719 0.134773254394531 -0.0167007446289063 -0.138397216796875
-0.140174865722656 0.0999221801757812 0.015472412109375 -0.0826644897460938
-0.169723510742188 0.02496337890625 0.0303535461425781 -0.0214767456054687
-0.188690185546875 -0.0246124267578125 -0.089569091796875 0.036529541015625
-0.216751098632813 -0.0419158935546875 -0.143020629882813 0.014892578125
-0.0723037719726562 0.0230941772460937 -0.36175537109375 -0.171905517578125
-0.0434074401855469 0.00618362426757812 -0.246551513671875 -0.0718841552734376
-0.0251312255859375 -0.00184440612792968 -0.080902099609375 -0.0121994018554687
-0.0349864959716797 -0.0100040435791016 -0.00882720947265625 -0.0839309692382813
-0.0446968078613281 0.00907516479492187 -0.00277709960937499 -0.141586303710937
-0.0461654663085938 0.0595436096191406 -0.0511627197265625 -0.204803466796875
-0.0226364135742187 0.0721054077148438 -0.1134033203125 -0.247100830078125
-0.0138931274414063 0.0748977661132813 -0.129745483398437 -0.245697021484375
-0.025421142578125 0.089324951171875 -0.098419189453125 -0.237167358398437
-0.0436553955078125 0.0712356567382813 -0.026275634765625 -0.215347290039063
-0.0613899230957031 0.0380516052246094 0.00454711914062499 -0.154388427734375
-0.0642242431640625 0.0165596008300781 0.0264816284179687 -0.082916259765625
-0.0564537048339844 -0.00588607788085937 0.00424766540527344 -0.0182781219482422
-0.0622787475585937 -0.00873565673828126 -0.139251708984375 0.019866943359375
-0.0918807983398438 -0.00374603271484375 -0.201263427734375 -0.02069091796875
-0.0663032531738281 -0.0639152526855469 0.234344482421875 -0.03216552734375
-0.0811233520507813 -0.0469131469726562 0.15625 -0.04248046875
-0.0899276733398438 0.0139389038085938 -0.000289916992187506 -0.0159797668457031
-0.0510215759277344 0.0543289184570312 -0.0580673217773438 0.0803604125976563
-0.01141357421875 0.0477676391601563 -0.0454559326171875 0.152069091796875
0.0191879272460938 0.0426521301269531 0.0275421142578125 0.240997314453125
0.0358047485351563 0.0402107238769531 0.120574951171875 0.271774291992188
0.025787353515625 0.0381736755371094 0.156768798828125 0.251556396484375
0.0370903015136719 0.0371932983398438 0.133331298828125 0.235870361328125
0.0310401916503906 0.0554122924804687 0.0671539306640625 0.211929321289063
0.0108871459960938 0.0705337524414063 0.0387115478515625 0.129974365234375
-0.0214996337890625 0.0845565795898438 0.0474281311035156 0.0548210144042969
-0.0781021118164063 0.0473403930664063 0.133674621582031 0.0212173461914063
-0.082061767578125 -0.00424957275390626 0.312774658203125 0.049102783203125
-0.0564956665039062 -0.00596237182617189 0.412811279296875 0.210113525390625
-0.206390380859375 -0.1097412109375 0.202651977539063 -0.0372161865234375
-0.219573974609375 -0.076934814453125 0.142471313476563 -0.0428619384765625
-0.215133666992188 0.0132598876953125 0.0174732208251953 -0.0271224975585938
-0.16552734375 0.098785400390625 -0.053070068359375 0.0533027648925781
-0.0862655639648438 0.129409790039062 -0.0554351806640625 0.121345520019531
-0.004730224609375 0.163238525390625 0.00914001464843752 0.222625732421875
0.0568084716796875 0.154922485351563 0.094757080078125 0.2447509765625
0.043914794921875 0.143646240234375 0.1348876953125 0.22021484375
0.0565032958984375 0.150390625 0.116867065429688 0.202957153320313
0.0317230224609375 0.168411254882813 0.0615997314453125 0.183853149414063
-0.0246734619140625 0.163436889648438 0.03240966796875 0.0994873046875
-0.084625244140625 0.164901733398437 0.04583740234375 0.027923583984375
-0.175338745117188 0.0914764404296875 0.149917602539063 -0.00885009765624999
-0.208724975585937 0.00299072265625004 0.30181884765625 0.031402587890625
-0.20037841796875 -0.0268096923828125 0.38592529296875 0.191162109375
-0.318084716796875 -0.1400146484375 0.127273559570312 -0.0582275390625
-0.33062744140625 -0.09881591796875 0.097625732421875 -0.0477066040039063
-0.31439208984375 0.010009765625 0.0289764404296875 -0.0331325531005859
-0.262466430664063 0.128082275390625 -0.0359115600585938 0.0219192504882813
-0.154891967773437 0.191055297851563 -0.0491790771484375 0.0731658935546875
-0.0338134765625 0.260345458984375 -0.005279541015625 0.168441772460938
0.0655364990234375 0.247726440429687 0.0560455322265625 0.178146362304688
0.05487060546875 0.228485107421875 0.09051513671875 0.154403686523438
0.071502685546875 0.24224853515625 0.078826904296875 0.14202880859375
0.0343780517578125 0.259521484375 0.0423507690429688 0.132087707519531
-0.0492095947265625 0.241622924804688 0.0176467895507812 0.0568389892578125
-0.130569458007813 0.233596801757813 0.0385932922363281 -0.000843048095703111
-0.248428344726563 0.135009765625 0.14739990234375 -0.031524658203125
-0.30645751953125 0.01983642578125 0.254196166992188 0.022613525390625
-0.31536865234375 -0.0341796875 0.311370849609375 0.164306640625
-0.3837890625 -0.144012451171875 0.0174331665039062 -0.0871353149414063
-0.393768310546875 -0.09552001953125 0.0249061584472656 -0.0545997619628906
-0.365753173828125 0.0184326171875 0.0281105041503906 -0.0343990325927734
-0.313140869140625 0.147918701171875 -0.0145635604858399 -0.013545036315918
-0.194137573242188 0.225387573242187 -0.032979965209961 0.0117511749267578
-0.055755615234375 0.31744384765625 -0.0159988403320313 0.084686279296875
0.064910888671875 0.301910400390625 0.010528564453125 0.0824966430664063
0.0575714111328125 0.27850341796875 0.0323028564453125 0.0664253234863281
0.075775146484375 0.299530029296875 0.0263671875 0.06201171875
0.03094482421875 0.31524658203125 0.0109405517578125 0.0608863830566406
-0.068695068359375 0.288177490234375 -0.00278997421264649 0.00512981414794924
-0.1611328125 0.2720947265625 0.0262832641601562 -0.0280265808105469
-0.2906494140625 0.1578369140625 0.127845764160156 -0.041290283203125
-0.361572265625 0.0316772460937499 0.176284790039063 0.027130126953125
-0.3818359375 -0.0368041992187501 0.201034545898437 0.134567260742188
-0.388336181640625 -0.119659423828125 -0.109603881835938 -0.116920471191406
-0.391937255859375 -0.069854736328125 -0.0633392333984375 -0.0613784790039063
-0.3509521484375 0.034149169921875 0.011810302734375 -0.0341205596923828
-0.30303955078125 0.146575927734375 0.00162506103515624 -0.0499382019042969
-0.194168090820312 0.222335815429688 -0.0173759460449219 -0.0544395446777344
-0.0643310546875 0.320953369140625 -0.0282077789306641 -0.0128746032714844
0.05499267578125 0.307281494140625 -0.03814697265625 -0.0248031616210937
0.05029296875 0.287017822265625 -0.0312538146972656 -0.0311832427978515
0.06390380859375 0.3123779296875 -0.0315647125244141 -0.0275516510009765
0.015106201171875 0.3232421875 -0.0235309600830078 -0.0219917297363281
-0.087982177734375 0.287994384765625 -0.0240402221679688 -0.0503158569335937
-0.177093505859375 0.265289306640625 0.0131034851074219 -0.0524215698242187
-0.295562744140625 0.145843505859375 0.0960845947265625 -0.0400924682617187
-0.36126708984375 0.0263366699218749 0.0822601318359375 0.0401763916015625
-0.390411376953125 -0.0386352539062499 0.0729522705078125 0.102706909179687
-0.329986572265625 -0.073455810546875 -0.231735229492188 -0.138580322265625
-0.31976318359375 -0.032989501953125 -0.14990234375 -0.0646820068359375
-0.27294921875 0.0423126220703125 -0.0171585083007813 -0.0315380096435547
-0.237106323242188 0.119125366210938 0.00481414794921874 -0.0802154541015625
-0.1588134765625 0.179519653320313 -0.00930023193359377 -0.110313415527344
-0.058990478515625 0.271942138671875 -0.0423126220703125 -0.104804992675781
0.038238525390625 0.2652587890625 -0.0831985473632813 -0.125694274902344
0.03643798828125 0.252044677734375 -0.0897598266601563 -0.124168395996094
0.04144287109375 0.279953002929688 -0.08197021484375 -0.115882873535156
-0.01055908203125 0.281402587890625 -0.0495834350585937 -0.105209350585937
-0.101242065429687 0.239715576171875 -0.0348129272460938 -0.101737976074219
-0.173049926757813 0.208831787109375 0.00671386718749999 -0.0723800659179687
-0.257293701171875 0.099578857421875 0.0608367919921875 -0.0332298278808594
-0.30596923828125 0.00640869140625006 -0.0133247375488281 0.0499267578125
-0.3367919921875 -0.03759765625 -0.0507659912109375 0.0665130615234375
-0.219207763671875 -0.021331787109375 -0.32989501953125 -0.14971923828125
-0.196685791015625 -0.00442504882812501 -0.219284057617188 -0.0629577636718751
-0.15472412109375 0.0302581787109375 -0.05224609375 -0.0236015319824219
-0.14080810546875 0.0637664794921875 -0.00376129150390625 -0.0942306518554688
-0.103866577148438 0.105094909667969 -0.00933837890625001 -0.14300537109375
-0.0496063232421875 0.181442260742188 -0.0582122802734375 -0.173828125
0.0146484375 0.184234619140625 -0.119216918945312 -0.203140258789063
0.0179443359375 0.180206298828125 -0.133758544921875 -0.198471069335937
0.01165771484375 0.205215454101563 -0.114166259765625 -0.189697265625
-0.0318145751953125 0.195266723632813 -0.0567474365234375 -0.176254272460938
-0.09600830078125 0.152603149414063 -0.0270538330078125 -0.141647338867188
-0.138153076171875 0.120353698730469 0.009674072265625 -0.0851821899414062
-0.175933837890625 0.0418243408203125 0.0279178619384765 -0.026397705078125
-0.202850341796875 -0.0112762451171875 -0.0935516357421875 0.0476913452148438
-0.23480224609375 -0.0264129638671875 -0.1522216796875 0.028839111328125
-0.0746917724609375 0.0271072387695312 -0.39013671875 -0.146820068359375
-0.0471458435058594 0.00757217407226562 -0.263168334960938 -0.052703857421875
-0.0283737182617188 0.000263214111328129 -0.0843505859375 -0.00640106201171875
-0.0398788452148438 -0.00589370727539062 -0.0152130126953125 -0.0878829956054688
-0.0475196838378906 0.0151481628417969 -0.0131378173828125 -0.149093627929688
-0.0415000915527344 0.06805419921875 -0.0697021484375 -0.210983276367188
-0.0146636962890625 0.0775985717773438 -0.142227172851563 -0.247421264648437
-0.005035400390625 0.080810546875 -0.158935546875 -0.2427978515625
-0.0155868530273438 0.09796142578125 -0.12469482421875 -0.23907470703125
-0.03759765625 0.0809402465820312 -0.0460205078125 -0.222747802734375
-0.0605888366699219 0.0480194091796875 -0.00718688964843751 -0.16058349609375
-0.065887451171875 0.0258369445800781 0.0207748413085937 -0.0875396728515625
-0.0610084533691406 2.67028808593775E-05 0.000722885131835934 -0.0200557708740234
-0.0693931579589844 -0.00436401367187499 -0.146560668945313 0.03460693359375
-0.100379943847656 0.00308990478515625 -0.215606689453125 -0.0032196044921875
-0.0701103210449219 -0.0579910278320313 0.240066528320313 -0.04998779296875
-0.08367919921875 -0.0405426025390625 0.158920288085938 -0.0562896728515625
-0.0874404907226562 0.0185699462890625 0.00103950500488281 -0.0172891616821289
-0.0464210510253906 0.0560569763183594 -0.0508270263671875 0.0864105224609375
-0.00842285156250001 0.0481986999511719 -0.033843994140625 0.15814208984375
0.0216522216796875 0.0397872924804688 0.0479888916015625 0.241790771484375
0.0381240844726563 0.037689208984375 0.1468505859375 0.263961791992187
0.0280990600585938 0.0357666015625 0.181777954101563 0.2403564453125
0.0398368835449219 0.0329246520996094 0.155914306640625 0.22705078125
0.0356903076171875 0.0523719787597656 0.0860137939453125 0.210235595703125
0.0165939331054688 0.0689773559570313 0.0487594604492188 0.130012512207031
-0.0133132934570312 0.085235595703125 0.0515899658203125 0.0525169372558594
-0.07318115234375 0.0531005859375 0.136131286621094 0.011566162109375
-0.0818328857421875 0.00337982177734374 0.31866455078125 0.02313232421875
-0.0550956726074219 -8.77380371093823E-05 0.430938720703125 0.17913818359375
-0.216720581054688 -0.0927276611328125 0.208160400390625 -0.0521392822265625
-0.225814819335938 -0.05975341796875 0.144851684570313 -0.053314208984375
-0.213943481445313 0.0281524658203125 0.0176620483398437 -0.0297355651855469
-0.159408569335937 0.111465454101563 -0.0477333068847656 0.0594558715820313
-0.07818603515625 0.136177062988281 -0.04449462890625 0.127998352050781
0.00796508789062501 0.163238525390625 0.0298004150390625 0.223968505859375
0.0695343017578125 0.15093994140625 0.118453979492188 0.238754272460938
0.056396484375 0.1409912109375 0.156906127929688 0.209732055664063
0.07061767578125 0.146408081054688 0.137451171875 0.195098876953125
0.0464324951171875 0.166473388671875 0.0798187255859375 0.183197021484375
-0.0114898681640625 0.16729736328125 0.0408248901367188 0.10052490234375
-0.07122802734375 0.173248291015625 0.0485992431640625 0.0270919799804688
-0.168716430664063 0.104705810546875 0.149551391601563 -0.0207061767578125
-0.210678100585938 0.0201263427734375 0.3067626953125 0.006195068359375
-0.20330810546875 -0.00923156738281251 0.402801513671875 0.163482666015625
-0.332763671875 -0.11517333984375 0.129402160644531 -0.0666427612304688
-0.33953857421875 -0.0733337402343751 0.0985260009765625 -0.05438232421875
-0.314910888671875 0.03314208984375 0.0282249450683594 -0.0358848571777344
-0.254898071289063 0.150192260742188 -0.0324821472167969 0.0264701843261719
-0.141616821289063 0.205612182617188 -0.0410232543945313 0.0789260864257813
-0.01239013671875 0.263656616210938 0.01202392578125 0.169723510742188
0.0868072509765625 0.242950439453125 0.0743865966796875 0.175079345703125
0.0759429931640625 0.225677490234375 0.106704711914063 0.147567749023438
0.094390869140625 0.23895263671875 0.09454345703125 0.136978149414063
0.057281494140625 0.25921630859375 0.056732177734375 0.131294250488281
-0.0301971435546875 0.249069213867187 0.0247383117675781 0.0585212707519531
-0.112319946289063 0.247299194335937 0.0397491455078125 -0.000320434570312485
-0.239501953125 0.1546630859375 0.144943237304687 -0.044036865234375
-0.3096923828125 0.04327392578125 0.258255004882813 0.002349853515625
-0.321441650390625 -0.008819580078125 0.325714111328125 0.142791748046875
-0.4005126953125 -0.115142822265625 0.0161285400390625 -0.086761474609375
-0.40521240234375 -0.0663452148437499 0.0240859985351562 -0.0547599792480469
-0.36651611328125 0.046478271484375 0.02691650390625 -0.0370330810546875
-0.3057861328125 0.1739501953125 -0.0139493942260742 -0.0101222991943359
-0.179367065429688 0.244140625 -0.0291481018066406 0.015533447265625
-0.029296875 0.322906494140625 -0.00496673583984375 0.0858688354492188
0.091339111328125 0.297210693359375 0.019989013671875 0.0830841064453125
0.0838775634765625 0.276824951171875 0.0401573181152344 0.064422607421875
0.104278564453125 0.297576904296875 0.0340690612792969 0.0600471496582031
0.05926513671875 0.316375732421875 0.0201759338378906 0.0611228942871094
-0.04656982421875 0.29840087890625 0.000227928161621091 0.00765609741210939
-0.1402587890625 0.290618896484375 0.0256214141845703 -0.0272388458251953
-0.281112670898438 0.181076049804688 0.124275207519531 -0.05267333984375
-0.364715576171875 0.058868408203125 0.1800537109375 0.0138397216796875
-0.391021728515625 -0.00567626953125 0.2119140625 0.122512817382813
-0.404449462890625 -0.091094970703125 -0.115188598632813 -0.106796264648438
-0.402801513671875 -0.040985107421875 -0.0663604736328125 -0.0538139343261719
-0.352874755859375 0.0605773925781249 0.0103797912597656 -0.0348377227783203
-0.296295166015625 0.17449951171875 -0.00171661376953127 -0.0488204956054687
-0.179946899414063 0.242385864257813 -0.0178413391113281 -0.0533599853515625
-0.037994384765625 0.328125 -0.0247898101806641 -0.0123138427734375
0.082427978515625 0.3040771484375 -0.0382537841796875 -0.0206260681152343
0.07843017578125 0.28662109375 -0.0327835083007813 -0.0284347534179687
0.09466552734375 0.31158447265625 -0.032867431640625 -0.0258827209472656
0.0439453125 0.3267822265625 -0.0220928192138672 -0.0202007293701172
-0.065673828125 0.300506591796875 -0.0250701904296875 -0.0471687316894531
-0.157012939453125 0.285064697265625 0.0112075805664062 -0.0511512756347656
-0.28680419921875 0.169219970703125 0.092529296875 -0.0488433837890625
-0.366302490234375 0.0536193847656249 0.0852203369140625 0.0356597900390625
-0.399749755859375 -0.00790405273437505 0.0798568725585937 0.100601196289063
-0.341796875 -0.05072021484375 -0.240875244140625 -0.1202392578125
-0.328887939453125 -0.00912475585937497 -0.15533447265625 -0.0503082275390625
-0.274658203125 0.062896728515625 -0.0194587707519531 -0.0301647186279297
-0.232818603515625 0.141769409179687 -0.00105285644531252 -0.080352783203125
-0.147048950195313 0.196548461914063 -0.014923095703125 -0.11126708984375
-0.036590576171875 0.27996826171875 -0.0466766357421875 -0.104270935058594
0.0625152587890625 0.263153076171875 -0.093017578125 -0.118766784667969
0.0615692138671875 0.2528076171875 -0.0999526977539063 -0.116439819335937
0.069580078125 0.28125 -0.0908660888671875 -0.109954833984375
0.015716552734375 0.286956787109375 -0.0553817749023438 -0.101799011230469
-0.0823974609375 0.252731323242188 -0.0399322509765625 -0.0985794067382812
-0.157684326171875 0.228469848632812 0.00251770019531249 -0.0715866088867187
-0.252792358398438 0.120254516601562 0.05694580078125 -0.039276123046875
-0.312591552734375 0.028564453125 -0.0105209350585938 0.0538291931152344
-0.346923828125 -0.0107421875 -0.0485305786132813 0.0738983154296875
-0.225875854492187 -0.00718688964843755 -0.341888427734375 -0.12286376953125
-0.203155517578125 0.00961303710937498 -0.226181030273437 -0.0431976318359374
-0.15716552734375 0.0425872802734375 -0.0539665222167969 -0.0191383361816406
-0.139503479003906 0.0784530639648438 -0.0103836059570313 -0.0945892333984375
-0.0978546142578125 0.117538452148437 -0.0187530517578125 -0.145034790039063
-0.033782958984375 0.188919067382813 -0.069427490234375 -0.172927856445313
0.0325164794921875 0.18475341796875 -0.137405395507812 -0.194412231445313
0.0364837646484375 0.180999755859375 -0.15216064453125 -0.187606811523438
0.03271484375 0.207717895507812 -0.130645751953125 -0.182418823242188
-0.013580322265625 0.2025146484375 -0.0699005126953125 -0.173736572265625
-0.08367919921875 0.164382934570312 -0.0366058349609375 -0.13983154296875
-0.129379272460938 0.136360168457031 0.004119873046875 -0.0850067138671875
-0.17529296875 0.05572509765625 0.0241622924804687 -0.02947998046875
-0.20953369140625 0.00360107421874998 -0.092041015625 0.0580215454101562
-0.24334716796875 -0.00834655761718745 -0.154373168945313 0.04351806640625
-0.0754928588867188 0.0290374755859375 -0.40167236328125 -0.11865234375
-0.0504035949707031 0.00904083251953125 -0.270431518554688 -0.0303192138671875
-0.0309257507324219 0.00227928161621094 -0.0850906372070312 0.000457763671875006
-0.0434494018554688 -0.00102233886718749 -0.0217819213867188 -0.08837890625
-0.0489349365234375 0.0214920043945313 -0.023956298828125 -0.151962280273438
-0.035308837890625 0.0736923217773437 -0.0860443115234375 -0.2099609375
-0.00638580322265625 0.0796051025390625 -0.16485595703125 -0.23785400390625
0.004730224609375 0.0828094482421875 -0.182083129882813 -0.229660034179687
-0.00444793701171874 0.101638793945313 -0.14642333984375 -0.2305908203125
-0.0288314819335938 0.0865402221679688 -0.0646820068359375 -0.221694946289063
-0.056304931640625 0.0552406311035156 -0.018524169921875 -0.161453247070313
-0.0638961791992187 0.0349082946777344 0.0139923095703125 -0.0892868041992188
-0.0629119873046875 0.00587463378906249 -0.00424766540527344 -0.0201797485351563
-0.0739822387695313 0.000625610351562516 -0.1485595703125 0.048736572265625
-0.104660034179687 0.0104904174804688 -0.22210693359375 0.014373779296875
-0.0702857971191406 -0.0527877807617188 0.242507934570313 -0.0616455078125
-0.0829238891601563 -0.037139892578125 0.15972900390625 -0.0652618408203125
-0.0846481323242188 0.0202255249023437 0.00231552124023437 -0.0180072784423828
-0.0441055297851563 0.0556907653808594 -0.04425048828125 0.089569091796875
-0.006683349609375 0.0467720031738281 -0.0244140625 0.15985107421875
0.0223770141601562 0.0372734069824219 0.06109619140625 0.239059448242188
0.0389938354492188 0.0348739624023438 0.162567138671875 0.253692626953125
0.0287113189697266 0.0336189270019531 0.196273803710938 0.227828979492187
0.0403671264648437 0.0293159484863281 0.169677734375 0.217971801757813
0.0383071899414063 0.0487785339355469 0.0982666015625 0.207595825195312
0.0204620361328125 0.0671577453613281 0.0550384521484375 0.128959655761719
-0.00769042968750001 0.0834732055664062 0.0532608032226563 0.0511589050292969
-0.0686988830566406 0.0564346313476562 0.135284423828125 0.004852294921875
-0.079925537109375 0.00898742675781252 0.317291259765625 0.004547119140625
-0.0511207580566406 0.00332260131835937 0.43701171875 0.156890869140625
-0.219573974609375 -0.0796966552734375 0.209701538085938 -0.061187744140625
-0.225692749023438 -0.0487213134765625 0.145538330078125 -0.0608367919921875
-0.209884643554688 0.0356292724609375 0.0177764892578125 -0.0307464599609375
-0.153656005859375 0.117385864257813 -0.0422325134277344 0.0631294250488282
-0.071319580078125 0.138740539550781 -0.0355682373046875 0.131599426269531
0.0155487060546875 0.160064697265625 0.0431976318359375 0.221435546875
0.0765838623046875 0.1456298828125 0.133499145507812 0.231536865234375
0.0642776489257812 0.136978149414063 0.170196533203125 0.198898315429688
0.0788726806640625 0.141326904296875 0.149917602539063 0.186721801757813
0.0556793212890625 0.16265869140625 0.091461181640625 0.179794311523438
-0.00315856933593748 0.167739868164063 0.0474395751953125 0.100181579589844
-0.0611114501953125 0.176071166992188 0.0499076843261719 0.0265922546386719
-0.162307739257812 0.112045288085938 0.146713256835938 -0.0279998779296875
-0.209381103515625 0.0305023193359375 0.30487060546875 -0.010284423828125
-0.2015380859375 0.00291442871093747 0.40789794921875 0.14288330078125
-0.337554931640625 -0.0970458984375001 0.130928039550781 -0.0707931518554688
-0.340911865234375 -0.05621337890625 0.0993728637695312 -0.0573883056640625
-0.31085205078125 0.045257568359375 0.027923583984375 -0.0370826721191406
-0.246673583984375 0.162094116210937 -0.0291976928710938 0.0301513671875
-0.131484985351563 0.211227416992188 -0.0335693359375 0.08184814453125
0.0010223388671875 0.26129150390625 0.024566650390625 0.167388916015625
0.099090576171875 0.235763549804688 0.0862274169921875 0.17071533203125
0.08905029296875 0.220687866210937 0.116592407226563 0.140174865722656
0.109146118164063 0.232620239257812 0.103492736816406 0.130950927734375
0.07257080078125 0.25543212890625 0.0668487548828125 0.129188537597656
-0.01702880859375 0.251266479492188 0.0299491882324219 0.0594024658203125
-0.09820556640625 0.25396728515625 0.0401191711425781 0.000244140625000016
-0.2310791015625 0.164413452148438 0.140777587890625 -0.0511474609375
-0.308135986328125 0.058746337890625 0.256454467773437 -0.0111236572265625
-0.320343017578125 0.00909423828125002 0.3310546875 0.12750244140625
-0.406097412109375 -0.0938415527343749 0.0170822143554687 -0.0845489501953125
-0.407470703125 -0.0451965332031249 0.0244293212890625 -0.0534858703613281
-0.363311767578125 0.06158447265625 0.0262031555175781 -0.0375785827636719
-0.29669189453125 0.1905517578125 -0.0130300521850586 -0.00734233856201171
-0.166900634765625 0.253005981445313 -0.0248603820800781 0.0176239013671875
-0.01251220703125 0.321929931640625 0.00394439697265625 0.084686279296875
0.10693359375 0.28955078125 0.027313232421875 0.082763671875
0.10076904296875 0.271774291992188 0.0452461242675781 0.0613174438476563
0.12286376953125 0.290557861328125 0.0392265319824219 0.0580368041992188
0.0775146484375 0.31353759765625 0.027130126953125 0.0600624084472656
-0.0308837890625 0.301910400390625 0.00377559661865234 0.00954246520996096
-0.124542236328125 0.299285888671875 0.0260734558105469 -0.0253372192382812
-0.272262573242188 0.192459106445312 0.118782043457031 -0.0592498779296875
-0.36376953125 0.0768127441406249 0.179824829101562 0.00555419921875
-0.391357421875 0.0165405273437499 0.216171264648437 0.114013671875
-0.40960693359375 -0.07049560546875 -0.114662170410156 -0.0980682373046875
-0.404815673828125 -0.020294189453125 -0.0657081604003907 -0.0465087890625
-0.34991455078125 0.075775146484375 0.00900077819824216 -0.0342559814453125
-0.289093017578125 0.191070556640625 -0.00226211547851565 -0.0458755493164062
-0.167617797851563 0.252761840820312 -0.0174751281738281 -0.0519905090332031
-0.01922607421875 0.32891845703125 -0.0207290649414062 -0.0125923156738281
0.09881591796875 0.297027587890625 -0.0360984802246094 -0.0178947448730469
0.096405029296875 0.281524658203125 -0.0331954956054687 -0.0261688232421875
0.115203857421875 0.30535888671875 -0.0324325561523438 -0.0233192443847656
0.06365966796875 0.32452392578125 -0.0198917388916016 -0.0187110900878906
-0.04937744140625 0.306243896484375 -0.0239982604980469 -0.0442085266113281
-0.140899658203125 0.295257568359375 0.0103912353515625 -0.0488433837890625
-0.278839111328125 0.1817626953125 0.0872726440429687 -0.0542144775390625
-0.36663818359375 0.0704956054687499 0.0858993530273437 0.033111572265625
-0.400848388671875 0.0147399902343749 0.083587646484375 0.0988845825195312
-0.347625732421875 -0.03448486328125 -0.241592407226563 -0.104507446289063
-0.33221435546875 0.00622558593750004 -0.155136108398438 -0.039031982421875
-0.273468017578125 0.0749969482421876 -0.0196990966796875 -0.0278701782226562
-0.227737426757813 0.155593872070313 -0.00392913818359377 -0.0777664184570312
-0.138015747070312 0.206512451171875 -0.017730712890625 -0.110687255859375
-0.02093505859375 0.281768798828125 -0.0486984252929688 -0.103286743164062
0.077362060546875 0.258255004882812 -0.0966720581054688 -0.111732482910156
0.0779876708984375 0.2490234375 -0.104728698730469 -0.109237670898438
0.0884552001953125 0.2769775390625 -0.095947265625 -0.104377746582031
0.03326416015625 0.286041259765625 -0.0585708618164063 -0.0993423461914062
-0.06805419921875 0.259490966796875 -0.0414505004882813 -0.0957412719726562
-0.144699096679688 0.239334106445312 0.000362396240234362 -0.069244384765625
-0.246963500976562 0.131591796875 0.0519371032714844 -0.0428123474121094
-0.3153076171875 0.04327392578125 -0.0084800720214844 0.0562057495117188
-0.34991455078125 0.00793457031250007 -0.0469512939453125 0.0784683227539063
-0.229080200195313 0.00181579589843752 -0.342864990234375 -0.105377197265625
-0.205413818359375 0.017852783203125 -0.227249145507812 -0.028289794921875
-0.1572265625 0.0498809814453125 -0.0541915893554688 -0.01580810546875
-0.137870788574219 0.0875473022460937 -0.0145187377929687 -0.0929412841796875
-0.0933074951171875 0.125747680664063 -0.0243377685546875 -0.14508056640625
-0.0229949951171875 0.192062377929688 -0.0760345458984375 -0.171524047851563
0.04345703125 0.18182373046875 -0.14654541015625 -0.1851806640625
0.0491790771484375 0.178924560546875 -0.16192626953125 -0.176605224609375
0.048309326171875 0.206497192382813 -0.140426635742188 -0.174224853515625
-0.000167846679687479 0.20404052734375 -0.0783843994140625 -0.170196533203125
-0.07427978515625 0.170883178710938 -0.0406951904296875 -0.136512756347656
-0.120864868164063 0.146087646484375 0.00143432617187499 -0.0838775634765625
-0.173309326171875 0.0640411376953125 0.0194435119628906 -0.0306873321533203
-0.213790893554688 0.0138092041015625 -0.0900115966796875 0.0649566650390625
-0.24609375 0.00491333007812496 -0.154006958007813 0.05230712890625
-0.0766372680664063 0.02886962890625 -0.40478515625 -0.0974731445312499
-0.0538139343261719 0.00984573364257812 -0.270553588867188 -0.014678955078125
-0.0336112976074219 0.00368881225585938 -0.0834503173828125 0.0051727294921875
-0.0453605651855469 0.00278854370117187 -0.0261917114257813 -0.0873565673828125
-0.0489463806152344 0.0270309448242188 -0.030731201171875 -0.152114868164062
-0.03070068359375 0.0782241821289063 -0.0960235595703124 -0.206802368164062
-0.000984191894531252 0.0801162719726563 -0.177383422851563 -0.226898193359375
0.0118484497070312 0.0826644897460938 -0.19403076171875 -0.217086791992187
0.00437164306640626 0.102935791015625 -0.159347534179688 -0.220443725585937
-0.0223617553710938 0.0898513793945313 -0.0760498046875 -0.217987060546875
-0.0525321960449219 0.0600929260253906 -0.0250244140625 -0.15985107421875
-0.0613670349121094 0.041107177734375 0.0100250244140625 -0.0886764526367188
-0.0629768371582031 0.0104103088378906 -0.00782585144042969 -0.01934814453125
-0.077484130859375 0.00451660156250001 -0.147994995117187 0.05841064453125
-0.107284545898437 0.0161361694335937 -0.223678588867188 0.0266876220703125
-0.0689239501953125 -0.0493850708007812 0.2484130859375 -0.06756591796875
-0.0815277099609375 -0.0361404418945313 0.163589477539063 -0.0711822509765625
-0.083831787109375 0.0199432373046875 0.00389862060546875 -0.0189876556396484
-0.0434837341308594 0.0552330017089844 -0.0403518676757813 0.091400146484375
-0.00732803344726562 0.0461349487304688 -0.0198211669921875 0.16259765625
0.0221023559570313 0.0354766845703125 0.0684051513671875 0.240432739257813
0.0393600463867187 0.0346450805664063 0.171356201171875 0.251113891601563
0.0287742614746094 0.0323238372802734 0.20538330078125 0.222808837890625
0.0415306091308594 0.0279426574707031 0.17901611328125 0.215499877929688
0.0400962829589844 0.0475311279296875 0.105133056640625 0.209030151367187
0.022796630859375 0.06658935546875 0.058624267578125 0.131263732910156
-0.00493621826171875 0.08270263671875 0.0543441772460938 0.05206298828125
-0.0669097900390625 0.0574798583984375 0.135299682617187 0.0025482177734375
-0.078399658203125 0.0124130249023438 0.3199462890625 -0.00439453125
-0.0483741760253906 0.00514984130859374 0.442901611328125 0.14752197265625
-0.221099853515625 -0.0735931396484375 0.215850830078125 -0.0645599365234375
-0.2266845703125 -0.04473876953125 0.149276733398437 -0.0643157958984375
-0.210342407226563 0.0369720458984375 0.0195064544677734 -0.0315265655517578
-0.1529541015625 0.12078857421875 -0.0382156372070313 0.0655059814453125
-0.0704803466796875 0.141265869140625 -0.0306854248046875 0.133857727050781
0.0184783935546875 0.159286499023438 0.051544189453125 0.222320556640625
0.080047607421875 0.144363403320313 0.143524169921875 0.229812622070313
0.0676345825195313 0.135971069335938 0.178543090820313 0.194244384765625
0.0836029052734375 0.139984130859375 0.157821655273438 0.184951782226563
0.0609588623046875 0.162704467773438 0.098876953125 0.180679321289062
0.000900268554687503 0.170242309570313 0.051483154296875 0.102485656738281
-0.0563812255859375 0.178695678710938 0.0510711669921875 0.0278434753417969
-0.161285400390625 0.115676879882812 0.1456298828125 -0.030487060546875
-0.211746215820312 0.0361175537109375 0.30682373046875 -0.01824951171875
-0.201080322265625 0.00706481933593749 0.413482666015625 0.1365966796875
-0.343292236328125 -0.0880126953124999 0.13665771484375 -0.0720596313476563
-0.3438720703125 -0.04901123046875 0.103126525878906 -0.0591354370117187
-0.312774658203125 0.049072265625 0.0293350219726562 -0.0379257202148438
-0.24591064453125 0.169036865234375 -0.0261116027832031 0.0329990386962891
-0.129150390625 0.215911865234375 -0.0290069580078125 0.0843048095703125
0.0062408447265625 0.262039184570313 0.0321197509765625 0.1676025390625
0.10491943359375 0.23394775390625 0.094146728515625 0.169967651367188
0.0964508056640625 0.2208251953125 0.123001098632813 0.137779235839844
0.11773681640625 0.231460571289063 0.109359741210938 0.129158020019531
0.0808563232421875 0.256729125976563 0.073638916015625 0.12921142578125
-0.011016845703125 0.25555419921875 0.0338668823242188 0.0611610412597656
-0.093109130859375 0.259796142578125 0.0420875549316406 0.00193405151367189
-0.231369018554688 0.169708251953125 0.138595581054687 -0.0550308227539062
-0.312103271484375 0.065765380859375 0.258346557617188 -0.0169830322265625
-0.322723388671875 0.017364501953125 0.335296630859375 0.124298095703125
-0.4129638671875 -0.0841064453125 0.0212783813476562 -0.0831069946289063
-0.412322998046875 -0.037628173828125 0.0272750854492187 -0.0520973205566406
-0.366729736328125 0.0665283203125 0.0270004272460937 -0.0376358032226562
-0.296478271484375 0.19952392578125 -0.0109539031982422 -0.00534439086914061
-0.164306640625 0.26025390625 -0.0208797454833984 0.0193538665771485
-0.00476074218750003 0.324798583984375 0.00984954833984375 0.0841522216796875
0.115081787109375 0.2894287109375 0.0328903198242188 0.0833740234375
0.110504150390625 0.272140502929688 0.0488739013671875 0.0604820251464844
0.134735107421875 0.29046630859375 0.0424995422363281 0.0574455261230469
0.087890625 0.3150634765625 0.0319633483886719 0.0606040954589844
-0.02447509765625 0.30810546875 0.00719356536865234 0.010986328125
-0.117706298828125 0.30694580078125 0.0276279449462891 -0.023904800415039
-0.272445678710938 0.199386596679687 0.116119384765625 -0.0627059936523437
-0.36956787109375 0.084503173828125 0.181259155273438 0.00250244140625001
-0.395721435546875 0.02557373046875 0.220382690429687 0.113616943359375
-0.41827392578125 -0.061614990234375 -0.112808227539063 -0.0930938720703125
-0.412841796875 -0.013092041015625 -0.0649337768554688 -0.0430374145507812
-0.354248046875 0.0823974609375 0.0096168518066406 -0.0332603454589844
-0.289276123046875 0.20098876953125 -0.00133514404296877 -0.0437812805175781
-0.164871215820313 0.26123046875 -0.0151405334472656 -0.052490234375
-0.011322021484375 0.332855224609375 -0.0171184539794922 -0.014286994934082
0.107330322265625 0.2967529296875 -0.034149169921875 -0.0163898468017578
0.106414794921875 0.282623291015625 -0.0321025848388672 -0.0247173309326172
0.127532958984375 0.30657958984375 -0.0323047637939453 -0.0221080780029297
0.074554443359375 0.328338623046875 -0.0180225372314453 -0.018890380859375
-0.04205322265625 0.313385009765625 -0.0221366882324219 -0.0429649353027343
-0.135650634765625 0.304351806640625 0.0116348266601562 -0.0474929809570312
-0.280349731445312 0.188064575195313 0.0839614868164062 -0.056854248046875
-0.37451171875 0.07855224609375 0.0875625610351562 0.0326766967773438
-0.40643310546875 0.025115966796875 0.0848846435546875 0.101165771484375
-0.35638427734375 -0.028564453125 -0.241592407226563 -0.0982818603515625
-0.339569091796875 0.013641357421875 -0.1558837890625 -0.032684326171875
-0.277664184570313 0.0804443359375 -0.0198383331298828 -0.0261306762695312
-0.22900390625 0.164749145507813 -0.00395202636718751 -0.0764923095703125
-0.135757446289063 0.215042114257813 -0.0179595947265625 -0.111557006835937
-0.013214111328125 0.287567138671875 -0.0485610961914062 -0.105072021484375
0.0855255126953125 0.259506225585938 -0.0981521606445312 -0.110122680664062
0.0881805419921875 0.249786376953125 -0.108200073242187 -0.105606079101563
0.100677490234375 0.278396606445313 -0.0990219116210937 -0.102027893066406
0.04339599609375 0.29046630859375 -0.0591049194335938 -0.099578857421875
-0.0622406005859375 0.26605224609375 -0.0407638549804688 -0.0954437255859375
-0.139801025390625 0.248291015625 0.00160217285156249 -0.0676383972167969
-0.249176025390625 0.137252807617188 0.0487556457519531 -0.0440597534179687
-0.3228759765625 0.0513916015625 -0.0080833435058594 0.0591545104980469
-0.355560302734375 0.016204833984375 -0.0471038818359375 0.08270263671875
-0.235809326171875 0.00486755371093747 -0.34576416015625 -0.0973815917968751
-0.211990356445313 0.022216796875 -0.228851318359375 -0.0206756591796875
-0.160980224609375 0.05291748046875 -0.0537948608398438 -0.0138397216796875
-0.139808654785156 0.09429931640625 -0.0159759521484375 -0.092437744140625
-0.091796875 0.132530212402344 -0.0262451171875 -0.147003173828125
-0.0170440673828125 0.197311401367187 -0.079010009765625 -0.173370361328125
0.049560546875 0.182815551757813 -0.151153564453125 -0.182891845703125
0.05755615234375 0.179855346679687 -0.166427612304688 -0.172088623046875
0.05841064453125 0.207717895507813 -0.146774291992188 -0.171142578125
0.007415771484375 0.207809448242187 -0.0819091796875 -0.170822143554688
-0.0702362060546875 0.17657470703125 -0.042266845703125 -0.137176513671875
-0.117477416992188 0.1531982421875 0.000564575195312494 -0.0834503173828125
-0.175323486328125 0.0689849853515625 0.0163040161132812 -0.0312213897705078
-0.22076416015625 0.0192108154296875 -0.0909576416015625 0.0704116821289063
-0.251861572265625 0.01177978515625 -0.156570434570313 0.0587005615234375
-0.0805740356445313 0.0281829833984375 -0.4083251953125 -0.0901489257812499
-0.0583419799804688 0.00984954833984374 -0.273513793945313 -0.00720214843750001
-0.0359115600585938 0.00441741943359375 -0.083587646484375 0.00698852539062501
-0.0478553771972656 0.00509643554687501 -0.028411865234375 -0.0884628295898437
-0.0492019653320313 0.0311698913574219 -0.0341644287109375 -0.155197143554688
-0.0272598266601563 0.0825958251953125 -0.1024169921875 -0.209274291992188
0.00259399414062501 0.0816268920898438 -0.185302734375 -0.224395751953125
0.0166549682617188 0.0829315185546875 -0.201644897460937 -0.211654663085938
0.0108566284179688 0.104721069335938 -0.16741943359375 -0.217300415039063
-0.0181884765625 0.0926055908203125 -0.0830230712890625 -0.219024658203125
-0.050872802734375 0.0635910034179688 -0.0280609130859375 -0.160614013671875
-0.0594978332519531 0.0454940795898438 0.00810241699218749 -0.08856201171875
-0.0651206970214844 0.0128631591796875 -0.0110530853271484 -0.0188312530517578
-0.082916259765625 0.00675201416015626 -0.149581909179688 0.0652008056640625
-0.111282348632813 0.0191726684570313 -0.229110717773438 0.033111572265625
-0.0681266784667969 -0.0494918823242188 0.26287841796875 -0.0740814208984375
-0.0826492309570313 -0.0379562377929688 0.17236328125 -0.077880859375
-0.0866012573242188 0.0185699462890625 0.00559043884277343 -0.0212593078613281
-0.044769287109375 0.0565834045410156 -0.0373687744140625 0.0949859619140625
-0.00842666625976562 0.0465888977050781 -0.01690673828125 0.169158935546875
0.0217113494873047 0.0350055694580078 0.076385498046875 0.25
0.0405693054199219 0.0337753295898438 0.184738159179688 0.2572021484375
0.0304698944091797 0.032928466796875 0.21826171875 0.225021362304687
0.0423736572265625 0.0260009765625 0.190933227539063 0.220672607421875
0.0422935485839844 0.0476799011230469 0.1151123046875 0.217300415039063
0.0249252319335938 0.0679550170898438 0.0634231567382812 0.137901306152344
-0.00359344482421875 0.0845108032226563 0.056488037109375 0.0553169250488281
-0.0671653747558594 0.0607223510742188 0.139862060546875 0.000961303710937504
-0.0792160034179688 0.0149307250976563 0.33056640625 -0.0125732421875
-0.047698974609375 0.00571823120117187 0.46099853515625 0.14837646484375
-0.227691650390625 -0.0715789794921875 0.228988647460938 -0.069000244140625
-0.234100341796875 -0.0431365966796875 0.15802001953125 -0.0696258544921875
-0.21759033203125 0.0378570556640625 0.0216197967529297 -0.0334930419921875
-0.157424926757813 0.127059936523438 -0.0358390808105469 0.0691299438476563
-0.072540283203125 0.146514892578125 -0.0273590087890625 0.139518737792969
0.02020263671875 0.16339111328125 0.060150146484375 0.230926513671875
0.0848541259765625 0.147048950195313 0.155242919921875 0.23492431640625
0.0740509033203125 0.140350341796875 0.19036865234375 0.196762084960938
0.0899200439453125 0.142547607421875 0.168777465820313 0.189102172851563
0.0668487548828125 0.167816162109375 0.109161376953125 0.187286376953125
0.00479125976562502 0.177581787109375 0.0565948486328125 0.108047485351563
-0.0558624267578125 0.18701171875 0.0550270080566406 0.0307083129882813
-0.166488647460938 0.121917724609375 0.149566650390625 -0.032989501953125
-0.220046997070313 0.0412750244140625 0.318115234375 -0.024505615234375
-0.207611083984375 0.011505126953125 0.431182861328125 0.138427734375
-0.356903076171875 -0.08416748046875 0.14727783203125 -0.0755157470703125
-0.3575439453125 -0.046539306640625 0.109123229980469 -0.0612335205078125
-0.325439453125 0.05120849609375 0.0319137573242187 -0.0393257141113281
-0.253616333007813 0.179000854492188 -0.0234451293945313 0.035980224609375
-0.132919311523438 0.226730346679687 -0.02520751953125 0.086700439453125
0.00956726074218749 0.271942138671875 0.0404510498046875 0.173721313476563
0.112228393554688 0.240646362304688 0.104660034179688 0.175048828125
0.104965209960937 0.227951049804687 0.130989074707031 0.139389038085938
0.128204345703125 0.237884521484375 0.1177978515625 0.132904052734375
0.09027099609375 0.265655517578125 0.081756591796875 0.13311767578125
-0.00761413574218752 0.26812744140625 0.0386848449707031 0.0648117065429688
-0.0919647216796875 0.272720336914063 0.045654296875 0.00329971313476564
-0.239761352539063 0.179092407226562 0.141357421875 -0.0584869384765625
-0.326416015625 0.074493408203125 0.26824951171875 -0.0216827392578125
-0.334991455078125 0.0237426757812501 0.350311279296875 0.126708984375
-0.432464599609375 -0.0795593261718749 0.0270767211914062 -0.0840988159179688
-0.430572509765625 -0.031890869140625 0.0309219360351562 -0.0520515441894531
-0.382293701171875 0.07110595703125 0.029754638671875 -0.0384330749511719
-0.305999755859375 0.21392822265625 -0.00816440582275393 -0.00227928161621092
-0.16766357421875 0.274826049804688 -0.0176849365234375 0.0193538665771485
0.000213623046874998 0.33782958984375 0.016754150390625 0.0858230590820313
0.12420654296875 0.297576904296875 0.0393295288085938 0.0858230590820313
0.1214599609375 0.281646728515625 0.0530853271484375 0.0621223449707031
0.14837646484375 0.29937744140625 0.0465011596679688 0.0602645874023438
0.098846435546875 0.328033447265625 0.037261962890625 0.0618095397949219
-0.019744873046875 0.32379150390625 0.0109529495239258 0.0127286911010742
-0.11737060546875 0.323699951171875 0.0304298400878906 -0.0226173400878906
-0.283599853515625 0.2103271484375 0.117324829101562 -0.0662918090820312
-0.387359619140625 0.0941162109374999 0.188125610351562 0.000625610351562506
-0.41180419921875 0.033233642578125 0.230361938476563 0.117874145507813
-0.43792724609375 -0.0572509765625 -0.112136840820313 -0.0926895141601563
-0.430938720703125 -0.00622558593749999 -0.0656623840332032 -0.0397987365722656
-0.37078857421875 0.08758544921875 0.0111274719238281 -0.0330657958984375
-0.29925537109375 0.216217041015625 0.000244140624999978 -0.0430526733398437
-0.169631958007813 0.277740478515625 -0.0133857727050781 -0.0544891357421875
-0.00592041015625 0.347808837890625 -0.0138206481933594 -0.0162725448608398
0.11773681640625 0.307220458984375 -0.0324897766113281 -0.0161991119384765
0.1185302734375 0.2923583984375 -0.0325260162353516 -0.0248489379882812
0.142608642578125 0.316864013671875 -0.0331897735595703 -0.021188735961914
0.086212158203125 0.341705322265625 -0.0159740447998047 -0.0199413299560547
-0.038238525390625 0.330108642578125 -0.0205154418945313 -0.0442314147949218
-0.13555908203125 0.32208251953125 0.0139999389648437 -0.0476799011230469
-0.2918701171875 0.19921875 0.0838394165039062 -0.0597000122070312
-0.392913818359375 0.0887451171875001 0.090911865234375 0.0343093872070313
-0.423309326171875 0.032623291015625 0.0892333984375 0.107063293457031
-0.3746337890625 -0.0240478515625 -0.247817993164063 -0.096099853515625
-0.3580322265625 0.0198364257812499 -0.16070556640625 -0.0277099609375
-0.2919921875 0.085784912109375 -0.0194225311279297 -0.024871826171875
-0.236709594726562 0.1783447265625 -0.00387573242187501 -0.0767898559570312
-0.139129638671875 0.229873657226563 -0.0182418823242188 -0.116439819335937
-0.00781250000000001 0.30078125 -0.0491714477539062 -0.11114501953125
0.0946807861328125 0.268264770507813 -0.101753234863281 -0.111885070800781
0.09918212890625 0.259231567382813 -0.112892150878906 -0.10699462890625
0.114105224609375 0.28814697265625 -0.1038818359375 -0.103019714355469
0.052825927734375 0.30303955078125 -0.0626754760742188 -0.103302001953125
-0.06005859375 0.281707763671875 -0.0424346923828125 -0.0982284545898437
-0.139816284179688 0.264022827148438 0.00247573852539061 -0.0697822570800781
-0.259811401367188 0.14599609375 0.04705810546875 -0.0460205078125
-0.340484619140625 0.0581054687500001 -0.0077934265136719 0.0645484924316406
-0.371795654296875 0.023712158203125 -0.0492935180664063 0.090118408203125
-0.250152587890625 0.00782775878906252 -0.356689453125 -0.0948486328125
-0.22613525390625 0.0264434814453125 -0.237045288085938 -0.014984130859375
-0.1705322265625 0.0565643310546875 -0.0556068420410156 -0.0113525390625
-0.146377563476563 0.102920532226562 -0.0175094604492188 -0.0940704345703125
-0.095184326171875 0.142242431640625 -0.028045654296875 -0.15411376953125
-0.0129241943359375 0.208099365234375 -0.083892822265625 -0.18115234375
0.055999755859375 0.190475463867188 -0.1591796875 -0.186569213867187
0.0648040771484375 0.186172485351563 -0.176025390625 -0.17315673828125
0.0684661865234375 0.21600341796875 -0.155609130859375 -0.173736572265625
0.0143585205078125 0.218505859375 -0.0890655517578125 -0.175796508789063
-0.06964111328125 0.187850952148438 -0.0445556640625 -0.143142700195313
-0.119155883789062 0.1649169921875 0.0007476806640625 -0.0861740112304687
-0.18438720703125 0.0750732421875 0.0137557983398437 -0.0317840576171875
-0.234710693359375 0.024322509765625 -0.0946502685546875 0.0769500732421875
-0.264999389648438 0.016693115234375 -0.164642333984375 0.06585693359375
-0.08837890625 0.0286636352539062 -0.4227294921875 -0.0881958007812499
-0.0658721923828125 0.0109024047851562 -0.28448486328125 -0.00115966796874994
-0.0405044555664063 0.00483322143554687 -0.0855712890625 0.00944519042968749
-0.0522003173828125 0.00807571411132812 -0.0308685302734375 -0.0912551879882812
-0.0512809753417969 0.0369949340820312 -0.037994384765625 -0.162185668945313
-0.025390625 0.0898971557617187 -0.11041259765625 -0.217361450195312
0.00531005859375 0.0859832763671875 -0.196823120117187 -0.229812622070313
0.0205001831054687 0.086151123046875 -0.212997436523438 -0.212814331054688
0.01654052734375 0.109260559082031 -0.178909301757812 -0.2205810546875
-0.0150985717773438 0.0983505249023438 -0.0916290283203125 -0.22686767578125
-0.0516929626464844 0.0694351196289062 -0.0312042236328125 -0.167617797851562
-0.0605964660644531 0.0516242980957031 0.00769042968749999 -0.0919876098632812
-0.068939208984375 0.0156364440917969 -0.0147876739501953 -0.0181941986083984
-0.090789794921875 0.00985717773437498 -0.156845092773437 0.073272705078125
-0.118507385253906 0.0224151611328125 -0.240707397460938 0.0393218994140625
-0.0696525573730469 -0.0501518249511719 0.283294677734375 -0.088623046875
-0.0868453979492188 -0.0394515991210938 0.184707641601563 -0.0906829833984375
-0.0905609130859375 0.0203018188476563 0.00713920593261718 -0.0247001647949219
-0.0459136962890625 0.0599822998046875 -0.034332275390625 0.101409912109375
-0.0091094970703125 0.0481414794921875 -0.010833740234375 0.181289672851563
0.0215396881103516 0.0344944000244141 0.0923919677734375 0.26470947265625
0.0422744750976563 0.0336265563964844 0.208465576171875 0.265731811523438
0.0316219329833984 0.0337944030761719 0.241317749023438 0.229873657226563
0.0443954467773438 0.0251388549804688 0.213043212890625 0.227615356445313
0.0467987060546875 0.0474700927734375 0.132888793945313 0.229141235351563
0.029571533203125 0.0707015991210938 0.072906494140625 0.146881103515625
-0.000259399414062496 0.0885543823242188 0.0616226196289063 0.0590057373046875
-0.0682945251464844 0.0670280456542969 0.147979736328125 -0.00299072265625
-0.0817108154296875 0.0194168090820313 0.350830078125 -0.026580810546875
-0.0480422973632813 0.00750732421874999 0.494873046875 0.142181396484375
-0.242141723632812 -0.0674285888671875 0.248916625976562 -0.0811920166015625
-0.250015258789063 -0.0401763916015625 0.170013427734375 -0.0787353515625
-0.231552124023438 0.043548583984375 0.0237503051757812 -0.0373916625976563
-0.163742065429688 0.139633178710938 -0.0327377319335938 0.0746917724609375
-0.074371337890625 0.157562255859375 -0.0221405029296875 0.148635864257813
0.0242767333984375 0.17218017578125 0.0750579833984375 0.243255615234375
0.0936279296875 0.153457641601563 0.176864624023438 0.243606567382812
0.083465576171875 0.14715576171875 0.210113525390625 0.201095581054687
0.1005859375 0.147720336914063 0.18798828125 0.19586181640625
0.0784454345703125 0.1759033203125 0.124923706054687 0.196929931640625
0.011444091796875 0.189300537109375 0.06591796875 0.1148681640625
-0.052581787109375 0.200653076171875 0.0598297119140625 0.0334358215332031
-0.17303466796875 0.135009765625 0.155960083007813 -0.0401763916015625
-0.233078002929688 0.052734375 0.33673095703125 -0.0382080078125
-0.219467163085938 0.0191802978515625 0.464324951171875 0.134063720703125
-0.3809814453125 -0.076873779296875 0.160995483398437 -0.0831146240234375
-0.381805419921875 -0.037017822265625 0.118453979492187 -0.0674972534179687
-0.3466796875 0.061737060546875 0.0353927612304687 -0.0433578491210938
-0.26544189453125 0.19989013671875 -0.0199928283691406 0.0397415161132813
-0.135879516601563 0.2467041015625 -0.0211105346679688 0.0928955078125
0.018341064453125 0.28826904296875 0.052947998046875 0.1820068359375
0.127120971679688 0.252426147460938 0.1214599609375 0.181640625
0.121231079101563 0.239990234375 0.146163940429688 0.143341064453125
0.147232055664063 0.248626708984375 0.131858825683594 0.138702392578125
0.10693359375 0.27996826171875 0.0949554443359375 0.139434814453125
0.00259399414062502 0.28814697265625 0.0457572937011719 0.0692329406738281
-0.088043212890625 0.295654296875 0.0502853393554687 0.00518417358398439
-0.252044677734375 0.197479248046875 0.145645141601562 -0.06585693359375
-0.348785400390625 0.0915832519531251 0.284515380859375 -0.03240966796875
-0.35540771484375 0.0368347167968749 0.37701416015625 0.126556396484375
-0.462890625 -0.0695190429687499 0.0328521728515625 -0.0876235961914063
-0.461395263671875 -0.0177917480468749 0.034759521484375 -0.0529556274414062
-0.410308837890625 0.085205078125 0.0327301025390625 -0.0409812927246094
-0.320404052734375 0.239990234375 -0.004819393157959 -0.00027084350585936
-0.17193603515625 0.30078125 -0.0145683288574219 0.0203056335449219
0.011474609375 0.35992431640625 0.024505615234375 0.0881729125976563
0.142669677734375 0.313140869140625 0.0485687255859375 0.0890274047851563
0.141510009765625 0.29571533203125 0.0611000061035156 0.0638809204101563
0.171600341796875 0.31329345703125 0.0532341003417969 0.0634422302246094
0.120697021484375 0.346771240234375 0.0434494018554688 0.063873291015625
-0.008514404296875 0.34906005859375 0.0148811340332031 0.0138397216796875
-0.11370849609375 0.352020263671875 0.0340843200683594 -0.0229473114013672
-0.298736572265625 0.23297119140625 0.11932373046875 -0.0735702514648437
-0.415618896484375 0.115234375 0.200668334960938 -0.00444030761718749
-0.43780517578125 0.050323486328125 0.249465942382812 0.121475219726563
-0.472259521484375 -0.0450134277343749 -0.116157531738281 -0.0918807983398437
-0.46484375 0.00985717773437499 -0.0677528381347657 -0.0361900329589844
-0.397796630859375 0.103546142578125 0.0138511657714844 -0.0340194702148437
-0.31439208984375 0.243408203125 0.00250625610351561 -0.0428962707519531
-0.17132568359375 0.304656982421875 -0.0128326416015625 -0.0590362548828125
0.007659912109375 0.372802734375 -0.0116539001464844 -0.0200061798095703
0.136260986328125 0.32421875 -0.0321178436279297 -0.016571044921875
0.139678955078125 0.30780029296875 -0.033660888671875 -0.023681640625
0.167633056640625 0.332733154296875 -0.0350532531738281 -0.0201950073242187
0.10784912109375 0.361968994140625 -0.0165691375732422 -0.0220966339111328
-0.029144287109375 0.35693359375 -0.0203819274902344 -0.0465621948242187
-0.1322021484375 0.35198974609375 0.0154838562011719 -0.0501861572265625
-0.309234619140625 0.221771240234375 0.083984375 -0.0652847290039062
-0.42205810546875 0.109649658203125 0.0986404418945312 0.0356369018554688
-0.45196533203125 0.050750732421875 0.0983963012695312 0.114654541015625
-0.404815673828125 -0.0118408203124999 -0.26226806640625 -0.0927581787109375
-0.38653564453125 0.034912109375 -0.169662475585938 -0.0196533203125
-0.31427001953125 0.100677490234375 -0.0190467834472656 -0.0233669281005859
-0.249969482421875 0.201995849609375 -0.00337982177734376 -0.0793533325195312
-0.141815185546875 0.253921508789063 -0.0201339721679688 -0.125450134277344
0.00415039062500001 0.32379150390625 -0.0539016723632812 -0.11981201171875
0.111358642578125 0.28411865234375 -0.110061645507812 -0.116172790527344
0.117401123046875 0.273117065429688 -0.1219482421875 -0.107986450195313
0.136932373046875 0.30364990234375 -0.1141357421875 -0.103431701660156
0.072113037109375 0.323577880859375 -0.0697479248046875 -0.108322143554687
-0.053558349609375 0.306182861328125 -0.0461654663085938 -0.104415893554687
-0.13922119140625 0.290008544921875 0.00213623046875 -0.0732879638671875
-0.276641845703125 0.165573120117188 0.0456619262695312 -0.0494270324707031
-0.367462158203125 0.0762939453125001 -0.00636291503906252 0.0714645385742188
-0.39923095703125 0.03924560546875 -0.0508270263671875 0.100791931152344
-0.27178955078125 0.015380859375 -0.378326416015625 -0.088897705078125
-0.245590209960938 0.0369415283203125 -0.25299072265625 -0.00395202636718753
-0.18572998046875 0.0657196044921875 -0.0569953918457031 -0.00828170776367188
-0.15576171875 0.118072509765625 -0.019012451171875 -0.0982818603515625
-0.097076416015625 0.160079956054687 -0.033843994140625 -0.165130615234375
-0.00347900390625 0.225967407226562 -0.095184326171875 -0.193191528320313
0.068023681640625 0.202865600585938 -0.175369262695313 -0.1934814453125
0.079315185546875 0.196533203125 -0.192398071289063 -0.17620849609375
0.0856475830078125 0.228515625 -0.171478271484375 -0.17724609375
0.0263519287109375 0.234344482421875 -0.101654052734375 -0.185791015625
-0.0667572021484375 0.206436157226563 -0.0514068603515625 -0.151229858398437
-0.120086669921875 0.182754516601563 -0.00109863281250001 -0.0907669067382812
-0.196945190429688 0.08782958984375 0.00991439819335936 -0.0331439971923828
-0.255096435546875 0.0362548828125 -0.0988311767578125 0.0884780883789063
-0.285003662109375 0.02764892578125 -0.176361083984375 0.07794189453125
-0.0978317260742188 0.0328598022460937 -0.451995849609375 -0.0804138183593749
-0.0750885009765625 0.0140228271484375 -0.30303955078125 0.01080322265625
-0.0468101501464844 0.00681304931640624 -0.08917236328125 0.0140914916992187
-0.0587654113769531 0.0125236511230469 -0.03546142578125 -0.0963821411132812
-0.0548896789550781 0.0440902709960938 -0.0458984375 -0.173599243164062
-0.020782470703125 0.0994186401367188 -0.126220703125 -0.23052978515625
0.0107879638671875 0.0933380126953125 -0.219284057617187 -0.23663330078125
0.0269775390625 0.0911788940429688 -0.233901977539062 -0.217605590820313
0.0258560180664063 0.116477966308594 -0.197891235351563 -0.22674560546875
-0.00994110107421875 0.108016967773438 -0.106796264648438 -0.238571166992188
-0.0523681640625 0.0782928466796875 -0.03955078125 -0.17828369140625
-0.0618209838867187 0.0601310729980469 0.005340576171875 -0.0982208251953125
-0.0753021240234375 0.0211257934570312 -0.0192489624023438 -0.0171394348144531
-0.101425170898437 0.01605224609375 -0.166030883789063 0.087249755859375
-0.128768920898438 0.029052734375 -0.259140014648438 0.0518035888671875
-0.0736923217773438 -0.0505218505859375 0.302154541015625 -0.116790771484375
-0.0927734375 -0.0392990112304688 0.194931030273438 -0.11260986328125
-0.0948104858398438 0.02435302734375 0.00751304626464843 -0.0287990570068359
-0.0450439453125 0.06549072265625 -0.027801513671875 0.108001708984375
-0.00878143310546875 0.0505142211914062 0.00163269042968748 0.195037841796875
0.0226097106933594 0.0346889495849609 0.120803833007813 0.277816772460938
0.0457534790039063 0.0314674377441406 0.24395751953125 0.269149780273438
0.0357704162597656 0.0336227416992187 0.274261474609375 0.226348876953125
0.0473251342773438 0.0221443176269531 0.24481201171875 0.228286743164063
0.0523643493652344 0.0449981689453125 0.1602783203125 0.23687744140625
0.0374374389648438 0.0722427368164062 0.090087890625 0.15472412109375
0.00621032714843749 0.0931320190429688 0.0701217651367188 0.0611534118652344
-0.0666275024414063 0.0759429931640625 0.156967163085938 -0.0116119384765625
-0.083221435546875 0.027374267578125 0.371002197265625 -0.055694580078125
-0.0482139587402344 0.0112075805664063 0.537322998046875 0.118560791015625
-0.260223388671875 -0.0565032958984375 0.267959594726563 -0.105316162109375
-0.266693115234375 -0.0270843505859375 0.181655883789062 -0.097900390625
-0.24627685546875 0.0587310791015625 0.0252532958984375 -0.0435752868652344
-0.166854858398438 0.159042358398438 -0.0261688232421875 0.0818099975585938
-0.07122802734375 0.17364501953125 -0.0111846923828125 0.159866333007813
0.0358428955078125 0.182601928710938 0.101364135742187 0.254104614257813
0.1090087890625 0.157333374023438 0.210601806640625 0.246063232421875
0.0998382568359375 0.151519775390625 0.240585327148438 0.198013305664063
0.118209838867188 0.149215698242188 0.216232299804687 0.196029663085937
0.0966339111328125 0.181655883789063 0.150253295898438 0.202789306640625
0.02703857421875 0.202545166015625 0.0817184448242188 0.120323181152344
-0.041473388671875 0.21881103515625 0.0675506591796875 0.0340499877929688
-0.17767333984375 0.156204223632812 0.162445068359375 -0.053009033203125
-0.247451782226563 0.0743255615234375 0.35638427734375 -0.066680908203125
-0.2322998046875 0.035736083984375 0.50506591796875 0.11383056640625
-0.411224365234375 -0.0564270019531251 0.174362182617188 -0.100143432617188
-0.4114990234375 -0.0135498046875001 0.127677917480469 -0.0791702270507813
-0.371551513671875 0.0853271484375 0.038055419921875 -0.0488204956054687
-0.271148681640625 0.231826782226562 -0.0144462585449219 0.0442657470703125
-0.130599975585938 0.274429321289063 -0.0132904052734375 0.098968505859375
0.0382080078125 0.30712890625 0.07440185546875 0.188644409179688
0.152923583984375 0.261322021484375 0.14666748046875 0.182723999023438
0.148712158203125 0.247467041015625 0.168716430664063 0.1417236328125
0.17681884765625 0.254669189453125 0.154129028320313 0.139312744140625
0.136199951171875 0.292694091796875 0.113388061523438 0.142807006835938
0.023956298828125 0.311126708984375 0.0566635131835937 0.07318115234375
-0.07232666015625 0.323944091796875 0.05755615234375 0.00439834594726564
-0.258682250976562 0.23046875 0.14788818359375 -0.079071044921875
-0.370330810546875 0.12359619140625 0.301971435546875 -0.055572509765625
-0.37847900390625 0.06640625 0.4141845703125 0.111480712890625
-0.499664306640625 -0.0413818359374999 0.03814697265625 -0.0944366455078125
-0.496307373046875 0.012847900390625 0.0396003723144531 -0.0566864013671875
-0.437286376953125 0.117462158203125 0.0362701416015625 -0.0461387634277344
-0.328948974609375 0.279876708984375 -0.000380158424377462 0.00121402740478517
-0.1630859375 0.335968017578125 -0.0116806030273438 0.0202693939208985
0.03656005859375 0.385528564453125 0.0366973876953125 0.0896072387695313
0.175262451171875 0.325714111328125 0.062347412109375 0.0898818969726563
0.174713134765625 0.307647705078125 0.0716705322265625 0.0641326904296875
0.20989990234375 0.3223876953125 0.0632209777832031 0.065887451171875
0.156951904296875 0.363861083984375 0.0529632568359375 0.0660247802734375
0.015960693359375 0.37786865234375 0.0198593139648438 0.0140151977539063
-0.09619140625 0.387908935546875 0.0381088256835937 -0.0256500244140625
-0.308319091796875 0.271575927734375 0.119499206542969 -0.08489990234375
-0.441680908203125 0.154510498046875 0.214492797851563 -0.0182952880859375
-0.46636962890625 0.085235595703125 0.27691650390625 0.116592407226563
-0.50927734375 -0.01513671875 -0.122421264648438 -0.0899581909179688
-0.49993896484375 0.046905517578125 -0.0706863403320313 -0.0296249389648437
-0.42620849609375 0.137451171875 0.0163116455078125 -0.0367698669433594
-0.322540283203125 0.28546142578125 0.00365066528320311 -0.0448455810546875
-0.164581298828125 0.34259033203125 -0.0146217346191406 -0.0648307800292968
0.03485107421875 0.399932861328125 -0.0100936889648437 -0.0238456726074219
0.169586181640625 0.3397216796875 -0.0314006805419922 -0.0173511505126953
0.174957275390625 0.3206787109375 -0.0352554321289062 -0.0224838256835937
0.207305908203125 0.343994140625 -0.0363121032714844 -0.018035888671875
0.145477294921875 0.3804931640625 -0.018585205078125 -0.0219306945800781
-0.00424194335937497 0.38848876953125 -0.0230979919433594 -0.0480918884277343
-0.11639404296875 0.389801025390625 0.0161361694335937 -0.0537185668945312
-0.32061767578125 0.2601318359375 0.0813446044921875 -0.0738601684570312
-0.450592041015625 0.150543212890625 0.108177185058594 0.0334625244140625
-0.48419189453125 0.0869445800781251 0.114524841308594 0.119926452636719
-0.437530517578125 0.01483154296875 -0.279495239257813 -0.079986572265625
-0.41656494140625 0.0678405761718751 -0.18060302734375 -0.00471496582031248
-0.336273193359375 0.129547119140625 -0.0175876617431641 -0.0234622955322266
-0.257583618164063 0.238021850585937 -0.00526428222656252 -0.0824050903320312
-0.13446044921875 0.28662109375 -0.0286407470703125 -0.135932922363281
0.030029296875 0.34796142578125 -0.0637588500976562 -0.127754211425781
0.1412353515625 0.299285888671875 -0.123420715332031 -0.117317199707031
0.149169921875 0.28448486328125 -0.135902404785156 -0.106010437011719
0.1724853515625 0.314300537109375 -0.127273559570313 -0.101394653320312
0.10418701171875 0.34307861328125 -0.0819320678710938 -0.11151123046875
-0.033660888671875 0.3360595703125 -0.054412841796875 -0.10906982421875
-0.127899169921875 0.32373046875 -0.000732421875000012 -0.0784378051757812
-0.289947509765625 0.197479248046875 0.0416717529296875 -0.0546913146972656
-0.395111083984375 0.110595703125 -0.00174713134765627 0.079345703125
-0.426666259765625 0.0712585449218749 -0.0483245849609375 0.115043640136719
-0.295928955078125 0.035614013671875 -0.40777587890625 -0.0690917968750001
-0.265869140625 0.0598907470703125 -0.2694091796875 0.01824951171875
-0.200973510742188 0.0833892822265625 -0.0583839416503906 -0.00382614135742186
-0.162094116210937 0.141891479492188 -0.0262908935546875 -0.102577209472656
-0.09307861328125 0.183013916015625 -0.046905517578125 -0.177001953125
0.015716552734375 0.245437622070313 -0.115341186523438 -0.202499389648437
0.0904388427734375 0.215286254882813 -0.201431274414062 -0.193939208984375
0.100967407226563 0.204620361328125 -0.216049194335938 -0.173095703125
0.112319946289063 0.238006591796875 -0.194992065429688 -0.175399780273437
0.0503387451171875 0.251113891601563 -0.12237548828125 -0.190673828125
-0.0557861328125 0.229736328125 -0.0650177001953125 -0.159652709960937
-0.113540649414062 0.20751953125 -0.00643920898437501 -0.0973663330078125
-0.208694458007813 0.109283447265625 0.0057697296142578 -0.034097671508789
-0.276397705078125 0.0593719482421875 -0.0997314453125 0.105339050292969
-0.307159423828125 0.051666259765625 -0.185379028320313 0.099517822265625
-0.107627868652344 0.0407867431640625 -0.4869384765625 -0.0564575195312501
-0.0852508544921875 0.0223236083984375 -0.323577880859375 0.0362548828125
-0.0540695190429688 0.0111618041992188 -0.091400146484375 0.0226058959960938
-0.0653648376464844 0.0212135314941406 -0.0443344116210938 -0.100967407226563
-0.0559883117675781 0.0545539855957031 -0.0613250732421875 -0.185043334960938
-0.0118789672851562 0.110359191894531 -0.1529541015625 -0.23992919921875
0.019989013671875 0.101608276367188 -0.25152587890625 -0.237930297851563
0.0380706787109375 0.0965957641601563 -0.264480590820313 -0.2144775390625
0.0399932861328125 0.123115539550781 -0.227828979492188 -0.227157592773437
0.00077056884765626 0.1185302734375 -0.133865356445313 -0.246871948242187
-0.0482330322265625 0.0894927978515625 -0.055328369140625 -0.188919067382813
-0.0604934692382813 0.0711288452148438 -0.00107574462890627 -0.105278015136719
-0.0815048217773438 0.0303802490234375 -0.0242214202880859 -0.0139579772949219
-0.113052368164063 0.0270614624023438 -0.172439575195313 0.108230590820312
-0.138290405273438 0.041168212890625 -0.277984619140625 0.0760345458984375
-0.0772171020507812 -0.045318603515625 0.310791015625 -0.15484619140625
-0.0978775024414062 -0.0342254638671875 0.197174072265625 -0.140625
-0.0978546142578125 0.0300369262695312 0.00571823120117187 -0.0329036712646484
-0.0414772033691406 0.0692901611328125 -0.0158309936523437 0.115074157714844
-0.00715255737304687 0.0542030334472656 0.0236358642578125 0.20220947265625
0.0228633880615234 0.03436279296875 0.156036376953125 0.278167724609375
0.047698974609375 0.0285186767578125 0.282958984375 0.25445556640625
0.0392913818359375 0.0295486450195312 0.30975341796875 0.20660400390625
0.048370361328125 0.0174980163574219 0.279388427734375 0.215164184570312
0.0589752197265625 0.0402259826660156 0.192611694335938 0.23297119140625
0.0467109680175781 0.0699310302734375 0.10943603515625 0.156234741210937
0.0153961181640625 0.0948257446289063 0.07855224609375 0.0601654052734375
-0.060028076171875 0.085235595703125 0.161727905273438 -0.0261077880859375
-0.0816116333007813 0.0378189086914062 0.3780517578125 -0.097198486328125
-0.0456657409667969 0.016998291015625 0.573486328125 0.072021484375
-0.27471923828125 -0.0368804931640625 0.277099609375 -0.138595581054687
-0.27984619140625 -0.00323486328124997 0.1846923828125 -0.121658325195312
-0.253204345703125 0.0829010009765625 0.0244598388671875 -0.0481109619140625
-0.159698486328125 0.180068969726563 -0.0150527954101563 0.0869674682617188
-0.0605621337890625 0.188507080078125 0.00636291503906248 0.166900634765625
0.0519256591796875 0.187057495117188 0.134414672851563 0.251235961914063
0.126617431640625 0.154647827148438 0.247161865234375 0.233688354492188
0.117767333984375 0.1475830078125 0.272323608398438 0.182327270507812
0.137847900390625 0.1436767578125 0.246475219726562 0.184829711914063
0.1197509765625 0.177719116210938 0.178543090820312 0.198379516601562
0.0508270263671875 0.210174560546875 0.0987014770507813 0.11956787109375
-0.0212554931640625 0.23291015625 0.0747756958007813 0.0308837890625
-0.171142578125 0.180038452148437 0.161895751953125 -0.0681915283203125
-0.251296997070313 0.102951049804688 0.365692138671875 -0.104766845703125
-0.238937377929688 0.06207275390625 0.53851318359375 0.070556640625
-0.434112548828125 -0.0206298828125 0.181472778320313 -0.121994018554688
-0.430389404296875 0.0260314941406251 0.131919860839844 -0.0952224731445313
-0.3846435546875 0.123748779296875 0.0379409790039062 -0.0566635131835937
-0.262283325195313 0.269577026367188 -0.00572204589843752 0.0470199584960938
-0.111907958984375 0.302398681640625 -0.00199127197265626 0.103546142578125
0.06787109375 0.3172607421875 0.0998687744140625 0.186355590820313
0.184432983398437 0.259552001953125 0.174774169921875 0.17425537109375
0.1820068359375 0.242691040039063 0.191802978515625 0.131271362304688
0.209671020507812 0.247238159179688 0.177169799804688 0.13134765625
0.173797607421875 0.291961669921875 0.134521484375 0.138435363769531
0.05706787109375 0.324188232421875 0.0701522827148438 0.0706787109375
-0.043731689453125 0.347930908203125 0.0621604919433594 -0.00126266479492185
-0.251846313476563 0.266876220703125 0.1455078125 -0.09344482421875
-0.377838134765625 0.1690673828125 0.307525634765625 -0.0859375
-0.388092041015625 0.10565185546875 0.446319580078125 0.0789794921875
-0.529388427734375 0.00378417968749991 0.0391464233398437 -0.103363037109375
-0.518341064453125 0.0618896484374999 0.0422897338867187 -0.0594863891601563
-0.4512939453125 0.1651611328125 0.0378494262695312 -0.0524063110351562
-0.320220947265625 0.32586669921875 0.00419545173645018 0.00208020210266115
-0.14068603515625 0.370452880859375 -0.00774765014648438 0.019805908203125
0.07672119140625 0.401641845703125 0.0502471923828125 0.086090087890625
0.214752197265625 0.3231201171875 0.0791473388671875 0.0852203369140625
0.21630859375 0.303924560546875 0.0832061767578125 0.0584945678710938
0.25537109375 0.31512451171875 0.077972412109375 0.0639801025390625
0.20257568359375 0.36273193359375 0.0639533996582031 0.0630760192871094
0.056365966796875 0.398101806640625 0.0239238739013672 0.0122013092041016
-0.061248779296875 0.41668701171875 0.0389747619628906 -0.0301361083984375
-0.300140380859375 0.314056396484375 0.112113952636719 -0.0968246459960938
-0.450439453125 0.20794677734375 0.222686767578125 -0.0384979248046875
-0.478302001953125 0.135406494140625 0.301055908203125 0.098480224609375
-0.540069580078125 0.0317687988281251 -0.129043579101563 -0.0816726684570312
-0.51910400390625 0.099212646484375 -0.0701332092285157 -0.0190467834472656
-0.436767578125 0.186767578125 0.0172996520996094 -0.0398330688476562
-0.3109130859375 0.334259033203125 0.00524520874023436 -0.046234130859375
-0.13897705078125 0.3775634765625 -0.0209732055664063 -0.0679893493652344
0.077789306640625 0.4169921875 -0.0105514526367187 -0.0279178619384765
0.212127685546875 0.338226318359375 -0.0305385589599609 -0.0167236328125
0.217071533203125 0.31591796875 -0.0349159240722656 -0.019021987915039
0.254974365234375 0.33673095703125 -0.0359306335449219 -0.0140304565429687
0.19525146484375 0.384490966796875 -0.0203819274902344 -0.0215969085693359
0.036041259765625 0.41162109375 -0.0272407531738281 -0.0489044189453125
-0.080474853515625 0.42236328125 0.0138816833496094 -0.0548820495605468
-0.310821533203125 0.304229736328125 0.0753936767578125 -0.0825424194335937
-0.461578369140625 0.204559326171875 0.116630554199219 0.025726318359375
-0.49676513671875 0.139801025390625 0.132743835449219 0.117919921875
-0.459869384765625 0.057769775390625 -0.29156494140625 -0.0554199218749999
-0.433441162109375 0.11627197265625 -0.183563232421875 0.0177154541015625
-0.346710205078125 0.169097900390625 -0.0169162750244141 -0.0234527587890625
-0.2491455078125 0.280349731445313 -0.00892639160156251 -0.0851211547851562
-0.1129150390625 0.318939208984375 -0.04345703125 -0.143020629882812
0.06988525390625 0.36376953125 -0.0784225463867187 -0.131500244140625
0.180816650390625 0.298248291015625 -0.137222290039063 -0.112274169921875
0.188446044921875 0.282012939453125 -0.150253295898437 -0.0970306396484375
0.217315673828125 0.310302734375 -0.139884948730469 -0.0905075073242188
0.146484375 0.349822998046875 -0.0957870483398438 -0.107666015625
0.000762939453125008 0.359466552734375 -0.065704345703125 -0.109024047851562
-0.09918212890625 0.354644775390625 -0.00436401367187501 -0.0812530517578125
-0.287200927734375 0.23760986328125 0.0342483520507812 -0.0579910278320312
-0.406005859375 0.1578369140625 0.00668334960937498 0.0838775634765625
-0.440704345703125 0.117950439453125 -0.0385055541992188 0.130584716796875
-0.30859375 0.0653076171875 -0.426544189453125 -0.0316162109375001
-0.276504516601562 0.093902587890625 -0.274444580078125 0.0482940673828125
-0.207061767578125 0.11090087890625 -0.0575065612792969 0.00293350219726564
-0.159347534179688 0.170623779296875 -0.0344314575195313 -0.1038818359375
-0.0787200927734375 0.205093383789063 -0.065643310546875 -0.182693481445313
0.0446624755859375 0.256332397460938 -0.141311645507813 -0.203460693359375
0.118621826171875 0.217025756835938 -0.22735595703125 -0.1844482421875
0.129547119140625 0.205001831054687 -0.239669799804687 -0.15966796875
0.145233154296875 0.233749389648438 -0.218032836914062 -0.163009643554688
0.081695556640625 0.258865356445313 -0.146881103515625 -0.186447143554687
-0.0340423583984375 0.249404907226563 -0.0829925537109375 -0.161361694335937
-0.097198486328125 0.23095703125 -0.0141067504882813 -0.100959777832031
-0.209487915039063 0.1365966796875 -0.00220870971679689 -0.0320186614990234
-0.288818359375 0.09478759765625 -0.09454345703125 0.122283935546875
-0.31707763671875 0.084564208984375 -0.183792114257813 0.124786376953125
-0.113655090332031 0.0523605346679687 -0.511566162109375 -0.010589599609375
-0.0920639038085938 0.0321273803710937 -0.33233642578125 0.07330322265625
-0.0597190856933594 0.0190391540527344 -0.0911941528320313 0.0317153930664062
-0.0708999633789063 0.033843994140625 -0.0553741455078125 -0.101020812988281
-0.0522232055664063 0.0663642883300781 -0.083251953125 -0.1895751953125
0.00248718261718751 0.119606018066406 -0.186050415039063 -0.236068725585938
0.036041259765625 0.105178833007812 -0.288360595703125 -0.223724365234375
0.051513671875 0.0968093872070313 -0.29510498046875 -0.19659423828125
0.0591201782226563 0.124954223632813 -0.259765625 -0.21270751953125
0.0173721313476563 0.125991821289063 -0.164291381835938 -0.24285888671875
-0.0400772094726562 0.101303100585938 -0.0770263671875 -0.190643310546875
-0.0548629760742188 0.0826644897460938 -0.0110397338867188 -0.110336303710938
-0.0840606689453125 0.0426177978515625 -0.0294456481933594 -0.0115604400634766
-0.118232727050781 0.0446624755859375 -0.17022705078125 0.133560180664063
-0.144668579101562 0.0577545166015625 -0.284027099609375 0.108306884765625
-0.078765869140625 -0.0427474975585938 0.302154541015625 -0.190887451171875
-0.102058410644531 -0.0295486450195313 0.187149047851562 -0.165191650390625
-0.0970306396484375 0.0371017456054687 0.0039234161376953 -0.0345726013183594
-0.0373725891113281 0.0701789855957031 -0.00305938720703126 0.114761352539063
-0.00438690185546875 0.0535888671875 0.0443572998046875 0.201583862304688
0.0216579437255859 0.0323982238769531 0.187957763671875 0.263870239257813
0.0466270446777344 0.0238265991210938 0.31170654296875 0.22686767578125
0.0396842956542969 0.0270957946777344 0.33203125 0.178192138671875
0.0476493835449219 0.0117263793945313 0.305694580078125 0.189361572265625
0.060516357421875 0.0324134826660156 0.21990966796875 0.217620849609375
0.0545234680175781 0.0644989013671875 0.128219604492188 0.14739990234375
0.025909423828125 0.0917892456054688 0.0863418579101563 0.053985595703125
-0.05059814453125 0.0908889770507812 0.159637451171875 -0.0411224365234375
-0.0763397216796875 0.0453414916992188 0.370330810546875 -0.135162353515625
-0.04071044921875 0.020477294921875 0.583984375 0.01953125
-0.278610229492188 -0.0124969482421875 0.270614624023438 -0.170257568359375
-0.281341552734375 0.0195617675781249 0.179656982421875 -0.143173217773438
-0.2513427734375 0.104141235351563 0.0214157104492187 -0.0543441772460937
-0.145584106445312 0.19403076171875 -0.00454711914062501 0.086700439453125
-0.04541015625 0.19622802734375 0.02496337890625 0.166854858398438
0.067596435546875 0.184967041015625 0.163925170898438 0.24029541015625
0.1402587890625 0.143768310546875 0.274093627929688 0.209548950195313
0.133697509765625 0.13739013671875 0.29278564453125 0.156982421875
0.151473999023438 0.1295166015625 0.272048950195313 0.163055419921875
0.137588500976563 0.166748046875 0.203338623046875 0.183578491210937
0.071685791015625 0.207290649414063 0.114082336425781 0.112991333007813
0.00202941894531252 0.235565185546875 0.0802230834960937 0.0250930786132813
-0.154998779296875 0.200363159179687 0.154647827148438 -0.081756591796875
-0.242462158203125 0.130767822265625 0.355133056640625 -0.141998291015625
-0.22998046875 0.084716796875 0.552093505859375 0.021148681640625
-0.439300537109375 0.019012451171875 0.179611206054687 -0.144134521484375
-0.43035888671875 0.067108154296875 0.129890441894531 -0.109359741210938
-0.38104248046875 0.158599853515625 0.0353126525878906 -0.0624008178710937
-0.241729736328125 0.295257568359375 0.00262069702148436 0.046722412109375
-0.0865478515625 0.316802978515625 0.0106201171875 0.102279663085938
0.097320556640625 0.316009521484375 0.122085571289063 0.172607421875
0.210235595703125 0.244827270507813 0.19647216796875 0.15594482421875
0.20770263671875 0.228057861328125 0.208816528320313 0.112213134765625
0.23779296875 0.228378295898437 0.19525146484375 0.1162109375
0.204925537109375 0.2755126953125 0.152587890625 0.127639770507813
0.091094970703125 0.32366943359375 0.0806198120117188 0.0659255981445313
-0.0086669921875 0.35552978515625 0.0648040771484375 -0.00452423095703123
-0.230010986328125 0.294708251953125 0.134246826171875 -0.105133056640625
-0.3662109375 0.210052490234375 0.302093505859375 -0.117156982421875
-0.380767822265625 0.144561767578125 0.4591064453125 0.040008544921875
-0.53436279296875 0.05426025390625 0.0383682250976562 -0.111854553222656
-0.513885498046875 0.11639404296875 0.0438117980957031 -0.064208984375
-0.447052001953125 0.208770751953125 0.0352439880371093 -0.0585365295410156
-0.2921142578125 0.361907958984375 0.00983524322509764 0.000133514404296897
-0.10772705078125 0.391632080078125 -0.00285530090332032 0.0178089141845703
0.114837646484375 0.39862060546875 0.0628280639648438 0.0764846801757813
0.248992919921875 0.30780029296875 0.0893783569335938 0.0759124755859375
0.25054931640625 0.284515380859375 0.0939102172851563 0.0513076782226563
0.289825439453125 0.292205810546875 0.0878448486328125 0.055633544921875
0.243865966796875 0.3472900390625 0.0739974975585938 0.0585784912109375
0.0985107421875 0.39959716796875 0.0309734344482422 0.0106296539306641
-0.01959228515625 0.430389404296875 0.0395469665527344 -0.0337448120117187
-0.277435302734375 0.348541259765625 0.10198974609375 -0.104904174804687
-0.438751220703125 0.2581787109375 0.219757080078125 -0.0599365234375
-0.47125244140625 0.185333251953125 0.316741943359375 0.073272705078125
-0.54327392578125 0.085235595703125 -0.128662109375 -0.0721511840820313
-0.51678466796875 0.154815673828125 -0.06573486328125 -0.0120658874511719
-0.43316650390625 0.23077392578125 0.0175361633300781 -0.0442008972167969
-0.284454345703125 0.371917724609375 0.0063209533691406 -0.0482025146484375
-0.104156494140625 0.401123046875 -0.0247688293457031 -0.0699539184570312
0.1207275390625 0.41546630859375 -0.0113544464111328 -0.0336570739746094
0.25048828125 0.323577880859375 -0.0306549072265625 -0.0163936614990234
0.25494384765625 0.29840087890625 -0.035552978515625 -0.01763916015625
0.295440673828125 0.31427001953125 -0.0336456298828125 -0.0103130340576172
0.238006591796875 0.36932373046875 -0.0203437805175781 -0.0194606781005859
0.079986572265625 0.415374755859375 -0.0284271240234375 -0.0478782653808593
-0.039459228515625 0.43768310546875 0.0115013122558594 -0.0600662231445312
-0.29315185546875 0.341644287109375 0.0650558471679687 -0.0860748291015625
-0.45196533203125 0.255584716796875 0.121208190917969 0.0168075561523438
-0.490234375 0.191009521484375 0.147079467773437 0.109146118164063
-0.464111328125 0.1016845703125 -0.2940673828125 -0.02978515625
-0.427337646484375 0.160736083984375 -0.176223754882813 0.0387420654296875
-0.341461181640625 0.208587646484375 -0.0150547027587891 -0.0218544006347656
-0.225982666015625 0.312408447265625 -0.0132522583007813 -0.0862045288085937
-0.081756591796875 0.33819580078125 -0.0557708740234375 -0.141006469726562
0.108001708984375 0.362762451171875 -0.090972900390625 -0.129562377929687
0.214935302734375 0.2861328125 -0.149032592773438 -0.1021728515625
0.220870971679688 0.26702880859375 -0.156890869140625 -0.083953857421875
0.253448486328125 0.290313720703125 -0.147674560546875 -0.079437255859375
0.18792724609375 0.338531494140625 -0.107315063476562 -0.0992660522460938
0.037200927734375 0.367523193359375 -0.0753326416015625 -0.104598999023437
-0.06414794921875 0.3717041015625 -0.0111007690429688 -0.083038330078125
-0.271514892578125 0.27069091796875 0.0277976989746094 -0.0581321716308594
-0.400634765625 0.204132080078125 0.0151596069335937 0.08660888671875
-0.436614990234375 0.162811279296875 -0.0252151489257813 0.137046813964844
-0.31268310546875 0.09625244140625 -0.429351806640625 0.00692749023437493
-0.2740478515625 0.1234130859375 -0.267547607421875 0.079925537109375
-0.20648193359375 0.135330200195313 -0.0546417236328125 0.00598907470703125
-0.145751953125 0.193191528320313 -0.0423355102539063 -0.103118896484375
-0.0591888427734375 0.221908569335938 -0.0855560302734375 -0.181121826171875
0.0738372802734375 0.257369995117187 -0.163803100585938 -0.195556640625
0.1455078125 0.208786010742188 -0.248245239257813 -0.163833618164063
0.154769897460938 0.193603515625 -0.255584716796875 -0.137985229492188
0.176177978515625 0.2227783203125 -0.234329223632813 -0.143051147460938
0.113250732421875 0.253387451171875 -0.166412353515625 -0.172897338867187
-0.0064697265625 0.258758544921875 -0.098907470703125 -0.15496826171875
-0.07305908203125 0.244979858398438 -0.0233535766601562 -0.101272583007812
-0.202362060546875 0.161285400390625 -0.00563430786132814 -0.0312538146972656
-0.286834716796875 0.1279296875 -0.0811309814453125 0.134567260742188
-0.315948486328125 0.118377685546875 -0.174423217773438 0.147506713867188
-0.114547729492187 0.0654067993164062 -0.514373779296875 0.0358886718750001
-0.0935821533203125 0.0457916259765625 -0.325347900390625 0.108642578125
-0.0625953674316406 0.0274467468261719 -0.0866241455078125 0.038909912109375
-0.0685386657714844 0.0462226867675781 -0.0643310546875 -0.0981979370117187
-0.0463485717773437 0.0781173706054688 -0.105453491210937 -0.186248779296875
0.0181198120117188 0.121055603027344 -0.213363647460937 -0.222702026367188
0.0493240356445312 0.102851867675781 -0.31341552734375 -0.1966552734375
0.0658416748046875 0.0928878784179688 -0.3167724609375 -0.17022705078125
0.075897216796875 0.11737060546875 -0.28179931640625 -0.18963623046875
0.0336380004882813 0.124420166015625 -0.191162109375 -0.22943115234375
-0.028564453125 0.110725402832031 -0.096710205078125 -0.1846923828125
-0.0436248779296875 0.0897369384765625 -0.0218887329101562 -0.109207153320313
-0.0819778442382813 0.0546417236328125 -0.0326156616210938 -0.00400733947753905
-0.120071411132813 0.06158447265625 -0.157821655273437 0.154251098632813
-0.144027709960937 0.0743865966796875 -0.280044555664063 0.140426635742187
-0.0792617797851562 -0.0392837524414063 0.289031982421875 -0.21405029296875
-0.102828979492187 -0.0272903442382813 0.175064086914063 -0.181381225585938
-0.0947418212890625 0.0398101806640625 0.00226974487304687 -0.0373001098632813
-0.034454345703125 0.0692214965820312 0.00627136230468751 0.111221313476562
-0.0041351318359375 0.0522041320800781 0.06005859375 0.196212768554688
0.0206279754638672 0.0319232940673828 0.208602905273438 0.246826171875
0.0450057983398438 0.0218849182128906 0.327423095703125 0.201507568359375
0.0383033752441406 0.02325439453125 0.342681884765625 0.1522216796875
0.0445518493652344 0.00780487060546875 0.31854248046875 0.1663818359375
0.0603599548339844 0.0261154174804688 0.236587524414063 0.20147705078125
0.0593528747558594 0.05767822265625 0.140129089355469 0.138931274414063
0.0319442749023437 0.0867156982421875 0.0899887084960937 0.049102783203125
-0.04217529296875 0.0931472778320312 0.15478515625 -0.0499420166015625
-0.068389892578125 0.050140380859375 0.35455322265625 -0.161956787109375
-0.0356254577636719 0.0214462280273438 0.57867431640625 -0.02069091796875
-0.2769775390625 0.00558471679687504 0.262451171875 -0.191329956054688
-0.276748657226562 0.0364990234375 0.171920776367187 -0.158157348632812
-0.245620727539063 0.117568969726562 0.0199661254882812 -0.0575790405273438
-0.133132934570312 0.201675415039063 0.00447845458984375 0.0836029052734375
-0.0332183837890625 0.19854736328125 0.0380706787109375 0.161483764648437
0.07733154296875 0.180374145507813 0.183059692382813 0.22186279296875
0.148452758789063 0.133987426757813 0.289215087890625 0.1854248046875
0.1417236328125 0.12652587890625 0.3038330078125 0.1337890625
0.158096313476563 0.11798095703125 0.28460693359375 0.141265869140625
0.147918701171875 0.15386962890625 0.21844482421875 0.16888427734375
0.087371826171875 0.200454711914063 0.124748229980469 0.104690551757813
0.0193634033203125 0.233291625976563 0.083892822265625 0.0206375122070313
-0.140716552734375 0.210403442382813 0.146697998046875 -0.0890350341796875
-0.230758666992188 0.14813232421875 0.34002685546875 -0.166107177734375
-0.220138549804688 0.0987396240234375 0.5511474609375 -0.015655517578125
-0.436553955078125 0.048675537109375 0.173568725585937 -0.159255981445313
-0.42071533203125 0.095245361328125 0.127037048339844 -0.120010375976562
-0.371002197265625 0.18359375 0.033416748046875 -0.067230224609375
-0.22039794921875 0.31097412109375 0.0102500915527344 0.0442008972167969
-0.06390380859375 0.321746826171875 0.0198745727539063 0.097900390625
0.118072509765625 0.308013916015625 0.13604736328125 0.157470703125
0.22601318359375 0.229568481445313 0.209197998046875 0.137619018554688
0.223220825195312 0.210433959960938 0.217330932617188 0.0958404541015625
0.253036499023438 0.20867919921875 0.206695556640625 0.0998382568359375
0.22515869140625 0.2584228515625 0.16448974609375 0.117080688476563
0.116455078125 0.316558837890625 0.088470458984375 0.0595855712890625
0.01751708984375 0.354522705078125 0.0664215087890625 -0.0084724426269531
-0.210693359375 0.310821533203125 0.124366760253906 -0.109512329101562
-0.35052490234375 0.236724853515625 0.29095458984375 -0.1375732421875
-0.365509033203125 0.17047119140625 0.46075439453125 0.00881958007812501
-0.52978515625 0.0899353027343751 0.0384902954101562 -0.116554260253906
-0.501800537109375 0.1507568359375 0.0463523864746093 -0.0675048828125
-0.435028076171875 0.240692138671875 0.0335655212402344 -0.0629997253417969
-0.266510009765625 0.385040283203125 0.0151214599609375 -0.00312232971191404
-0.0791015625 0.400634765625 0.000136375427246088 0.0149545669555664
0.144744873046875 0.389068603515625 0.0697402954101563 0.0646476745605469
0.27203369140625 0.289794921875 0.0973892211914063 0.0648574829101563
0.27197265625 0.264480590820313 0.100028991699219 0.0431976318359375
0.31109619140625 0.26812744140625 0.0963058471679688 0.0487136840820313
0.2706298828125 0.3270263671875 0.0805511474609375 0.0531463623046875
0.130279541015625 0.392425537109375 0.0336723327636719 0.00704383850097659
0.013427734375 0.431396484375 0.0399131774902344 -0.0357742309570312
-0.254302978515625 0.369842529296875 0.092437744140625 -0.106834411621094
-0.41949462890625 0.29144287109375 0.214111328125 -0.07391357421875
-0.45367431640625 0.216339111328125 0.322265625 0.052276611328125
-0.539703369140625 0.122467041015625 -0.124404907226563 -0.0657730102539062
-0.50115966796875 0.190765380859375 -0.0578117370605469 -0.00648117065429686
-0.420166015625 0.26324462890625 0.0174789428710937 -0.0469970703125
-0.2568359375 0.395599365234375 0.00746536254882811 -0.049163818359375
-0.072662353515625 0.409912109375 -0.0285110473632813 -0.0708694458007812
0.151947021484375 0.405242919921875 -0.0131301879882812 -0.0379676818847656
0.275665283203125 0.3040771484375 -0.0298099517822265 -0.016998291015625
0.278793334960938 0.277389526367188 -0.0329856872558594 -0.015716552734375
0.3197021484375 0.28985595703125 -0.0302276611328125 -0.00942611694335935
0.2686767578125 0.348663330078125 -0.0188884735107422 -0.0175933837890625
0.113494873046875 0.410797119140625 -0.0286140441894531 -0.0470848083496093
-0.00546264648437504 0.440673828125 0.00930023193359375 -0.0607643127441406
-0.2708740234375 0.364227294921875 0.0566940307617187 -0.0858306884765625
-0.434326171875 0.290313720703125 0.121734619140625 0.00905609130859377
-0.4736328125 0.22393798828125 0.156494140625 0.100814819335938
-0.46148681640625 0.135589599609375 -0.286346435546875 -0.0124206542968749
-0.4146728515625 0.193817138671875 -0.16436767578125 0.0523681640625
-0.332183837890625 0.23602294921875 -0.0140113830566406 -0.0224151611328125
-0.2030029296875 0.3333740234375 -0.0151214599609375 -0.085357666015625
-0.054931640625 0.348297119140625 -0.0652618408203125 -0.138992309570312
0.137725830078125 0.35382080078125 -0.100273132324219 -0.126510620117187
0.239181518554688 0.270263671875 -0.153976440429687 -0.0919647216796875
0.243911743164063 0.248428344726563 -0.159423828125 -0.072967529296875
0.27789306640625 0.269058227539063 -0.148391723632812 -0.0697784423828125
0.217987060546875 0.32208251953125 -0.111305236816406 -0.0911941528320312
0.067352294921875 0.3658447265625 -0.0813751220703125 -0.0999679565429687
-0.035003662109375 0.37640380859375 -0.0160140991210938 -0.0819473266601562
-0.2552490234375 0.29248046875 0.0220146179199219 -0.0552978515625
-0.388092041015625 0.2364501953125 0.023284912109375 0.0871963500976563
-0.4232177734375 0.194732666015625 -0.0131683349609375 0.140342712402344
-0.309814453125 0.11920166015625 -0.42034912109375 0.035400390625
-0.26617431640625 0.145477294921875 -0.253524780273438 0.100372314453125
-0.201431274414063 0.15325927734375 -0.0504989624023438 0.00865173339843752
-0.131195068359375 0.210006713867187 -0.0460205078125 -0.100250244140625
-0.0409088134765625 0.229965209960938 -0.0993194580078125 -0.175277709960937
0.09722900390625 0.250457763671875 -0.177703857421875 -0.1845703125
0.16552734375 0.197525024414063 -0.25885009765625 -0.146942138671875
0.172622680664063 0.18035888671875 -0.26214599609375 -0.119155883789063
0.195220947265625 0.207061767578125 -0.240219116210937 -0.126113891601563
0.136154174804687 0.243255615234375 -0.17657470703125 -0.16033935546875
0.0159912109375 0.261337280273438 -0.108245849609375 -0.14703369140625
-0.05242919921875 0.2523193359375 -0.0292739868164063 -0.098785400390625
-0.1922607421875 0.180419921875 -0.00888252258300782 -0.0258388519287109
-0.280044555664063 0.154266357421875 -0.0700836181640625 0.142181396484375
-0.3084716796875 0.1422119140625 -0.162521362304688 0.160552978515625
-0.114295959472656 0.0734100341796875 -0.50494384765625 0.06890869140625
-0.0927963256835938 0.0545654296875 -0.312225341796875 0.13385009765625
-0.0648002624511719 0.0348396301269531 -0.0800628662109375 0.0436782836914062
-0.0652732849121094 0.0559234619140625 -0.0701370239257813 -0.0938186645507812
-0.0382537841796875 0.0854949951171875 -0.1201171875 -0.178359985351563
0.0311203002929687 0.118782043457031 -0.230606079101562 -0.206710815429688
0.06219482421875 0.099456787109375 -0.326080322265625 -0.17138671875
0.0756988525390625 0.0870132446289063 -0.32537841796875 -0.145843505859375
0.0882415771484375 0.109382629394531 -0.292144775390625 -0.169219970703125
0.0478515625 0.120895385742188 -0.206024169921875 -0.212387084960937
-0.0170745849609375 0.1138916015625 -0.1087646484375 -0.177719116210938
-0.034271240234375 0.09613037109375 -0.0291976928710938 -0.106529235839844
-0.078125 0.064544677734375 -0.0329303741455078 0.000783920288085947
-0.117568969726563 0.0757980346679687 -0.145004272460938 0.166915893554688
-0.141220092773438 0.0869903564453125 -0.270538330078125 0.16162109375
-0.0776519775390625 -0.0382614135742188 0.28118896484375 -0.231170654296875
-0.103805541992188 -0.0268936157226563 0.167510986328125 -0.1934814453125
-0.095062255859375 0.0409469604492187 0.00104904174804687 -0.0400924682617187
-0.0342254638671875 0.0676116943359375 0.0121078491210937 0.107192993164063
-0.00545501708984375 0.052215576171875 0.0712127685546875 0.191665649414063
0.0184822082519531 0.0321559906005859 0.223358154296875 0.234298706054688
0.0432472229003906 0.0216903686523438 0.3382568359375 0.183135986328125
0.0373611450195313 0.0222549438476563 0.351318359375 0.135284423828125
0.0413246154785156 0.00677490234375 0.32952880859375 0.1507568359375
0.0591964721679688 0.02215576171875 0.250289916992188 0.191650390625
0.0611915588378906 0.0521736145019531 0.147994995117188 0.134292602539063
0.0355453491210938 0.082275390625 0.0926132202148438 0.0477294921875
-0.0351028442382813 0.093780517578125 0.152297973632813 -0.0554351806640625
-0.0625648498535156 0.0516700744628906 0.343841552734375 -0.178375244140625
-0.0302925109863281 0.0215854644775391 0.57763671875 -0.0455322265625
-0.275650024414063 0.0175018310546874 0.257583618164063 -0.206985473632813
-0.274795532226563 0.0458526611328125 0.16827392578125 -0.169143676757813
-0.244659423828125 0.127166748046875 0.018768310546875 -0.0612297058105469
-0.126602172851563 0.206314086914063 0.0109024047851562 0.079010009765625
-0.027191162109375 0.20147705078125 0.0473785400390625 0.156890869140625
0.083251953125 0.17889404296875 0.19525146484375 0.208267211914063
0.153182983398437 0.12835693359375 0.299957275390625 0.168701171875
0.14666748046875 0.119857788085937 0.312286376953125 0.11785888671875
0.162689208984375 0.111251831054688 0.295684814453125 0.1260986328125
0.155258178710938 0.1458740234375 0.230712890625 0.159530639648438
0.0978546142578125 0.194869995117188 0.132408142089844 0.0999298095703125
0.03118896484375 0.231979370117188 0.0862655639648438 0.0191192626953125
-0.130691528320312 0.218368530273438 0.142868041992188 -0.091888427734375
-0.222076416015625 0.159881591796875 0.33099365234375 -0.182525634765625
-0.212814331054688 0.107955932617188 0.551910400390625 -0.040313720703125
-0.435455322265625 0.06866455078125 0.172454833984375 -0.171371459960938
-0.415924072265625 0.112030029296875 0.128189086914063 -0.12835693359375
-0.369354248046875 0.200439453125 0.0320968627929687 -0.0713882446289062
-0.20904541015625 0.32257080078125 0.0160598754882812 0.0394172668457031
-0.050872802734375 0.327423095703125 0.0263595581054687 0.0927658081054688
0.132354736328125 0.304229736328125 0.144454956054688 0.144821166992188
0.23828125 0.22003173828125 0.217727661132813 0.123931884765625
0.234786987304687 0.200103759765625 0.225143432617188 0.08367919921875
0.263763427734375 0.196563720703125 0.21649169921875 0.0887603759765625
0.2398681640625 0.245864868164062 0.174896240234375 0.10980224609375
0.134368896484375 0.31195068359375 0.0943756103515625 0.0549240112304688
0.035308837890625 0.355804443359375 0.0683441162109375 -0.0100517272949219
-0.198394775390625 0.324005126953125 0.119544982910156 -0.110343933105469
-0.340362548828125 0.25726318359375 0.283599853515625 -0.15032958984375
-0.356903076171875 0.185943603515625 0.463470458984375 -0.00970458984374999
-0.53131103515625 0.115936279296875 0.0411300659179687 -0.122573852539063
-0.49591064453125 0.175018310546875 0.0511856079101562 -0.0721588134765625
-0.430999755859375 0.2615966796875 0.0337944030761718 -0.0674476623535156
-0.249847412109375 0.4000244140625 0.0198650360107422 -0.00672721862792966
-0.059844970703125 0.40777587890625 0.00232982635498046 0.0116090774536133
0.164306640625 0.38433837890625 0.072906494140625 0.0554885864257813
0.2889404296875 0.278411865234375 0.103134155273438 0.05694580078125
0.287872314453125 0.250701904296875 0.105476379394531 0.0365219116210938
0.32763671875 0.252593994140625 0.102813720703125 0.0416259765625
0.290496826171875 0.3128662109375 0.0878982543945313 0.0496749877929688
0.152435302734375 0.389129638671875 0.0376434326171875 0.00494384765625002
0.0345458984375 0.433685302734375 0.0407257080078125 -0.0375442504882812
-0.2412109375 0.386566162109375 0.087371826171875 -0.105209350585937
-0.40997314453125 0.316619873046875 0.211441040039062 -0.083160400390625
-0.443511962890625 0.237152099609375 0.328460693359375 0.0391845703125
-0.53961181640625 0.15106201171875 -0.1197509765625 -0.0647659301757812
-0.494537353515625 0.216217041015625 -0.049407958984375 -0.00507354736328124
-0.41632080078125 0.287139892578125 0.0185127258300781 -0.0497169494628906
-0.239410400390625 0.414337158203125 0.0107688903808594 -0.0521621704101562
-0.05133056640625 0.419097900390625 -0.0309524536132813 -0.0733184814453125
0.174163818359375 0.39959716796875 -0.0153541564941406 -0.0431976318359375
0.295989990234375 0.291168212890625 -0.0280342102050781 -0.0190029144287109
0.296966552734375 0.26275634765625 -0.030221939086914 -0.0159130096435547
0.338043212890625 0.2725830078125 -0.026346206665039 -0.0106849670410156
0.290618896484375 0.335845947265625 -0.0156164169311523 -0.0165815353393554
0.137603759765625 0.4095458984375 -0.028289794921875 -0.0470008850097656
0.01800537109375 0.4453125 0.00955963134765625 -0.0613822937011718
-0.258697509765625 0.38330078125 0.0525588989257812 -0.0829696655273437
-0.425933837890625 0.31689453125 0.123481750488281 0.00414276123046877
-0.46484375 0.245452880859375 0.16424560546875 0.0955657958984375
-0.461456298828125 0.16070556640625 -0.279647827148438 -0.00354003906250001
-0.408538818359375 0.21600341796875 -0.153656005859375 0.059844970703125
-0.328399658203125 0.25750732421875 -0.0115013122558594 -0.0229396820068359
-0.18682861328125 0.35028076171875 -0.0142440795898438 -0.0869293212890625
-0.03558349609375 0.35693359375 -0.0710906982421875 -0.138336181640625
0.1590576171875 0.3485107421875 -0.107841491699219 -0.126068115234375
0.2584228515625 0.258697509765625 -0.157501220703125 -0.0874481201171874
0.261001586914062 0.235015869140625 -0.1600341796875 -0.0670623779296875
0.29705810546875 0.252960205078125 -0.148788452148438 -0.0652923583984375
0.239471435546875 0.311126708984375 -0.113189697265625 -0.085693359375
0.090179443359375 0.366668701171875 -0.0838623046875 -0.0982513427734375
-0.014678955078125 0.382232666015625 -0.01763916015625 -0.0823822021484375
-0.245849609375 0.309722900390625 0.0193061828613281 -0.0513687133789062
-0.38092041015625 0.261627197265625 0.0290298461914062 0.0878524780273438
-0.4176025390625 0.2142333984375 -0.00450134277343751 0.142929077148438
-0.310699462890625 0.135955810546875 -0.413726806640625 0.049346923828125
-0.264007568359375 0.161453247070313 -0.242660522460938 0.112838745117187
-0.200302124023438 0.167510986328125 -0.0469818115234375 0.00949096679687501
-0.121139526367188 0.223892211914062 -0.0467071533203125 -0.0992355346679687
-0.026092529296875 0.237884521484375 -0.1085205078125 -0.172256469726562
0.113739013671875 0.246688842773438 -0.188323974609375 -0.178558349609375
0.181121826171875 0.18865966796875 -0.265350341796875 -0.1348876953125
0.186019897460938 0.170761108398438 -0.266799926757813 -0.107894897460937
0.211090087890625 0.1953125 -0.244705200195313 -0.11669921875
0.153396606445313 0.236618041992188 -0.183135986328125 -0.151565551757812
0.032745361328125 0.263687133789063 -0.11444091796875 -0.142974853515625
-0.0371551513671875 0.258071899414063 -0.0321044921875 -0.0987472534179687
-0.186492919921875 0.194976806640625 -0.0100021362304688 -0.0214080810546875
-0.275436401367188 0.17401123046875 -0.0621337890625 0.1470947265625
-0.305572509765625 0.159393310546875 -0.154434204101563 0.170761108398438
-0.116241455078125 0.080474853515625 -0.497406005859375 0.0900878906250001
-0.0940322875976563 0.06146240234375 -0.301116943359375 0.148712158203125
-0.0674552917480469 0.041778564453125 -0.0751876831054688 0.0459213256835938
-0.0625038146972656 0.0653114318847656 -0.0728302001953125 -0.091552734375
-0.0308685302734375 0.0918121337890625 -0.129867553710938 -0.173858642578125
0.0408935546875 0.116920471191406 -0.243255615234375 -0.196151733398438
0.0721054077148437 0.095916748046875 -0.335906982421875 -0.155609130859375
0.0838546752929688 0.0823135375976563 -0.332794189453125 -0.130340576171875
0.0978927612304688 0.102775573730469 -0.300384521484375 -0.15557861328125
0.0588302612304688 0.117851257324219 -0.216644287109375 -0.202590942382813
-0.0074615478515625 0.117538452148437 -0.116836547851563 -0.171585083007812
-0.0263290405273438 0.100204467773438 -0.0333328247070312 -0.10540771484375
-0.0754852294921875 0.0728378295898437 -0.0331344604492188 0.00582885742187501
-0.115966796875 0.0877227783203125 -0.13665771484375 0.176956176757813
-0.141021728515625 0.0962066650390625 -0.264801025390625 0.176803588867188
-0.0779876708984375 -0.0385971069335938 0.279922485351563 -0.249740600585938
-0.107429504394531 -0.02752685546875 0.164291381835938 -0.20880126953125
-0.0975494384765625 0.0420379638671875 -0.000560760498046878 -0.0441818237304688
-0.0365982055664063 0.0680122375488281 0.0166702270507813 0.106216430664063
-0.00791168212890625 0.0539283752441406 0.081207275390625 0.19091796875
0.0169010162353516 0.0340824127197266 0.239608764648438 0.22576904296875
0.0423355102539063 0.0228195190429688 0.35498046875 0.17034912109375
0.0360946655273438 0.0224838256835938 0.3662109375 0.1221923828125
0.0392303466796875 0.00603103637695313 0.34698486328125 0.1402587890625
0.0583038330078125 0.0183143615722656 0.26837158203125 0.186416625976563
0.0639762878417969 0.0476150512695313 0.159255981445313 0.133148193359375
0.03924560546875 0.0800323486328125 0.097625732421875 0.047393798828125
-0.029693603515625 0.09600830078125 0.15313720703125 -0.0608062744140625
-0.0571708679199219 0.0530738830566406 0.341064453125 -0.19769287109375
-0.0262546539306641 0.0205364227294922 0.5882568359375 -0.06591796875
-0.279022216796875 0.0279235839843751 0.259201049804687 -0.225234985351562
-0.278793334960938 0.0538177490234375 0.168624877929687 -0.184585571289063
-0.249114990234375 0.13812255859375 0.0176429748535156 -0.0673408508300781
-0.125579833984375 0.215225219726562 0.0153961181640625 0.0764007568359375
-0.022613525390625 0.208999633789063 0.05535888671875 0.155502319335938
0.090301513671875 0.180862426757813 0.208770751953125 0.199859619140625
0.161666870117188 0.127334594726563 0.315826416015625 0.156158447265625
0.154205322265625 0.116943359375 0.32733154296875 0.105987548828125
0.170150756835938 0.1075439453125 0.312469482421875 0.1148681640625
0.165176391601563 0.142562866210938 0.248825073242187 0.15350341796875
0.108642578125 0.19354248046875 0.14300537109375 0.0969696044921875
0.0416412353515625 0.235916137695312 0.0913314819335938 0.0181884765625
-0.124221801757813 0.229690551757813 0.143310546875 -0.0964508056640625
-0.218414306640625 0.17333984375 0.328277587890625 -0.199249267578125
-0.211380004882813 0.116592407226563 0.5633544921875 -0.0606689453125
-0.442840576171875 0.0887451171875001 0.176162719726562 -0.18572998046875
-0.42071533203125 0.129425048828125 0.132186889648437 -0.141265869140625
-0.37530517578125 0.220306396484375 0.031341552734375 -0.0777053833007812
-0.2025146484375 0.33837890625 0.0216636657714844 0.0354194641113281
-0.03973388671875 0.33984375 0.0314178466796875 0.090545654296875
0.14727783203125 0.30780029296875 0.15380859375 0.136749267578125
0.254837036132813 0.216583251953125 0.229827880859375 0.112884521484375
0.249420166015625 0.193740844726563 0.238113403320313 0.073638916015625
0.279556274414063 0.189300537109375 0.229812622070313 0.0785675048828125
0.257766723632813 0.241195678710937 0.189010620117188 0.1051025390625
0.1527099609375 0.3145751953125 0.102752685546875 0.0527725219726563
0.051605224609375 0.364044189453125 0.072723388671875 -0.0123519897460937
-0.191680908203125 0.34326171875 0.118812561035156 -0.112106323242187
-0.337615966796875 0.28033447265625 0.2835693359375 -0.164093017578125
-0.3565673828125 0.202972412109375 0.476318359375 -0.026641845703125
-0.540679931640625 0.143524169921875 0.044097900390625 -0.132225036621094
-0.500823974609375 0.19818115234375 0.0577239990234375 -0.079803466796875
-0.437774658203125 0.289154052734375 0.0340652465820312 -0.073089599609375
-0.240814208984375 0.422027587890625 0.0244083404541015 -0.011932373046875
-0.043365478515625 0.42315673828125 0.00369119644165039 0.00810813903808597
0.1859130859375 0.388397216796875 0.0764312744140625 0.0475387573242188
0.310516357421875 0.272735595703125 0.110008239746094 0.049560546875
0.30804443359375 0.2423095703125 0.113418579101563 0.03045654296875
0.348968505859375 0.243072509765625 0.111213684082031 0.0344009399414063
0.31475830078125 0.306640625 0.0972137451171875 0.0459823608398438
0.17657470703125 0.395111083984375 0.0423355102539063 0.00239562988281252
0.056365966796875 0.445648193359375 0.0435676574707031 -0.039703369140625
-0.23345947265625 0.411956787109375 0.0865249633789062 -0.105789184570312
-0.40753173828125 0.344573974609375 0.2138671875 -0.0921173095703125
-0.446197509765625 0.25836181640625 0.34075927734375 0.029144287109375
-0.55084228515625 0.1788330078125 -0.117042541503906 -0.0670318603515625
-0.4976806640625 0.242034912109375 -0.0419883728027344 -0.00695037841796873
-0.4215087890625 0.316619873046875 0.0203132629394531 -0.0542068481445312
-0.226959228515625 0.439605712890625 0.01422119140625 -0.0575103759765625
-0.032135009765625 0.436553955078125 -0.0336456298828125 -0.076171875
0.198577880859375 0.40240478515625 -0.0186386108398437 -0.0483055114746093
0.320587158203125 0.284820556640625 -0.0278148651123047 -0.0212726593017578
0.317840576171875 0.254150390625 -0.0278701782226562 -0.0176239013671875
0.36236572265625 0.262664794921875 -0.023651123046875 -0.0131072998046875
0.316802978515625 0.330780029296875 -0.012603759765625 -0.0175600051879883
0.163177490234375 0.415985107421875 -0.0280303955078125 -0.0488548278808593
0.0390625 0.457977294921875 0.0100288391113281 -0.0635337829589843
-0.252838134765625 0.409210205078125 0.0529937744140625 -0.0812530517578125
-0.424713134765625 0.34906005859375 0.128074645996094 0.00115203857421877
-0.468292236328125 0.268585205078125 0.175445556640625 0.093048095703125
-0.4716796875 0.18597412109375 -0.279205322265625 0.000656127929687491
-0.41259765625 0.2408447265625 -0.145965576171875 0.0651702880859375
-0.332855224609375 0.284088134765625 -0.00903129577636721 -0.0252151489257812
-0.175506591796875 0.37420654296875 -0.0134735107421875 -0.0901412963867187
-0.017608642578125 0.37237548828125 -0.0787811279296875 -0.140670776367188
0.182037353515625 0.35089111328125 -0.117332458496094 -0.127975463867187
0.28192138671875 0.252716064453125 -0.1630859375 -0.0844879150390625
0.281768798828125 0.227142333984375 -0.163864135742187 -0.0637359619140625
0.320098876953125 0.244476318359375 -0.152816772460937 -0.063690185546875
0.26446533203125 0.306915283203125 -0.116676330566406 -0.0831298828125
0.11346435546875 0.37481689453125 -0.0880203247070312 -0.0985336303710937
0.004730224609375 0.3955078125 -0.0195159912109375 -0.0851058959960937
-0.24163818359375 0.3350830078125 0.019012451171875 -0.0486335754394531
-0.38134765625 0.291534423828125 0.03515625 0.0905227661132813
-0.42205810546875 0.23785400390625 0.00346374511718747 0.14892578125
-0.319091796875 0.155792236328125 -0.4150390625 0.0627136230468751
-0.26702880859375 0.179000854492187 -0.236221313476563 0.124404907226562
-0.2037353515625 0.186309814453125 -0.0441932678222656 0.00962448120117189
-0.1129150390625 0.24139404296875 -0.0480422973632812 -0.102127075195313
-0.011749267578125 0.249862670898438 -0.118576049804687 -0.173355102539063
0.131744384765625 0.247955322265625 -0.202789306640625 -0.176132202148437
0.199386596679688 0.184158325195313 -0.276565551757813 -0.127761840820312
0.202728271484375 0.164505004882813 -0.275787353515625 -0.0995941162109374
0.229141235351563 0.187515258789063 -0.254150390625 -0.111618041992188
0.173904418945312 0.233108520507812 -0.192367553710937 -0.147354125976562
0.0505523681640625 0.271652221679688 -0.121795654296875 -0.143707275390625
-0.0241851806640625 0.268234252929688 -0.0352554321289063 -0.100906372070313
-0.184478759765625 0.21307373046875 -0.0108127593994141 -0.0169181823730469
-0.277587890625 0.197998046875 -0.0556488037109375 0.155685424804687
-0.310394287109375 0.177276611328125 -0.151351928710938 0.18310546875
-0.121986389160156 0.0889511108398437 -0.503570556640625 0.106597900390625
-0.09759521484375 0.0699996948242188 -0.29736328125 0.164398193359375
-0.0723342895507813 0.0498580932617187 -0.071685791015625 0.0485382080078125
-0.060272216796875 0.075103759765625 -0.0764389038085937 -0.091949462890625
-0.023712158203125 0.100296020507813 -0.141937255859375 -0.17315673828125
0.0510101318359375 0.118553161621094 -0.258697509765625 -0.190414428710937
0.0835800170898438 0.0925750732421875 -0.350860595703125 -0.14501953125
0.09356689453125 0.078460693359375 -0.345306396484375 -0.120391845703125
0.108955383300781 0.097320556640625 -0.3143310546875 -0.147979736328125
0.0712814331054688 0.116317749023438 -0.230987548828125 -0.197418212890625
0.00226593017578125 0.122383117675781 -0.12615966796875 -0.17138671875
-0.0178909301757812 0.105628967285156 -0.03765869140625 -0.106399536132813
-0.0738067626953125 0.0834503173828125 -0.0334091186523438 0.0114040374755859
-0.116035461425781 0.102897644042969 -0.1309814453125 0.188888549804688
-0.14471435546875 0.108367919921875 -0.265029907226563 0.1951904296875
-0.0792236328125 -0.0389404296875 0.27978515625 -0.278701782226563
-0.113265991210938 -0.0273208618164062 0.158355712890625 -0.231155395507813
-0.101799011230469 0.0457229614257813 -0.00365447998046875 -0.0492591857910156
-0.0391311645507812 0.0706024169921875 0.022216796875 0.106544494628906
-0.0102119445800781 0.0574302673339844 0.0958404541015625 0.191787719726563
0.0161170959472656 0.0370712280273438 0.263397216796875 0.217437744140625
0.042327880859375 0.0240898132324219 0.3798828125 0.153350830078125
0.0360641479492188 0.0234336853027344 0.389801025390625 0.103485107421875
0.0376968383789062 0.00594711303710937 0.373992919921875 0.1240234375
0.0588874816894531 0.01507568359375 0.295562744140625 0.178192138671875
0.0671234130859375 0.0425300598144531 0.177764892578125 0.1312255859375
0.0442352294921875 0.078277587890625 0.106605529785156 0.0476531982421875
-0.0217514038085937 0.0988693237304688 0.156402587890625 -0.07025146484375
-0.0525741577148438 0.055145263671875 0.34033203125 -0.224273681640625
-0.0222072601318359 0.0192832946777344 0.60833740234375 -0.09991455078125
-0.286376953125 0.044219970703125 0.262481689453125 -0.25360107421875
-0.28717041015625 0.06805419921875 0.167526245117188 -0.20672607421875
-0.256027221679688 0.157211303710937 0.0140457153320312 -0.074249267578125
-0.121383666992188 0.231063842773438 0.0216903686523438 0.0751190185546875
-0.014190673828125 0.2203369140625 0.067352294921875 0.1552734375
0.10321044921875 0.185516357421875 0.22900390625 0.191055297851563
0.174697875976563 0.125198364257813 0.33929443359375 0.1395263671875
0.166580200195313 0.1131591796875 0.349212646484375 0.086334228515625
0.1822509765625 0.102783203125 0.337371826171875 0.0982666015625
0.178939819335937 0.136322021484375 0.274139404296875 0.143951416015625
0.125411987304688 0.193832397460938 0.15869140625 0.094329833984375
0.0577545166015625 0.242279052734375 0.099151611328125 0.0160980224609375
-0.114166259765625 0.247406005859375 0.145950317382813 -0.105224609375
-0.215255737304688 0.1934814453125 0.32855224609375 -0.22552490234375
-0.211013793945312 0.131820678710937 0.58648681640625 -0.0926513671875
-0.45538330078125 0.11944580078125 0.1793212890625 -0.209213256835938
-0.43048095703125 0.1563720703125 0.134048461914062 -0.160675048828125
-0.383544921875 0.2529296875 0.029296875 -0.0864639282226562
-0.19384765625 0.36590576171875 0.0266304016113281 0.031219482421875
-0.0223388671875 0.358612060546875 0.0384902954101562 0.0887985229492188
0.171417236328125 0.314117431640625 0.16729736328125 0.127655029296875
0.27923583984375 0.211166381835938 0.248138427734375 0.0991668701171875
0.272552490234375 0.18634033203125 0.255630493164063 0.0584716796875
0.3033447265625 0.180328369140625 0.248184204101563 0.0646820068359375
0.2845458984375 0.2337646484375 0.209991455078125 0.095855712890625
0.180572509765625 0.319000244140625 0.114356994628906 0.0482101440429688
0.07830810546875 0.377227783203125 0.0788726806640625 -0.0152816772460937
-0.17840576171875 0.3729248046875 0.120597839355469 -0.118751525878906
-0.33380126953125 0.314697265625 0.2847900390625 -0.185882568359375
-0.359283447265625 0.230865478515625 0.49798583984375 -0.053955078125
-0.55523681640625 0.1839599609375 0.045867919921875 -0.147048950195313
-0.5098876953125 0.235870361328125 0.06201171875 -0.0923004150390625
-0.44476318359375 0.329559326171875 0.03289794921875 -0.0815353393554687
-0.225616455078125 0.45806884765625 0.0291938781738281 -0.0188789367675781
-0.018280029296875 0.4471435546875 0.00494527816772461 0.00427055358886722
0.2181396484375 0.394500732421875 0.0803451538085938 0.0395965576171875
0.34375 0.264373779296875 0.119110107421875 0.040802001953125
0.3377685546875 0.23187255859375 0.124435424804688 0.020355224609375
0.3809814453125 0.231048583984375 0.121543884277344 0.0252227783203125
0.349365234375 0.298309326171875 0.110008239746094 0.040374755859375
0.212738037109375 0.402069091796875 0.0480232238769531 -0.00147628784179685
0.087493896484375 0.46319580078125 0.047210693359375 -0.044097900390625
-0.220550537109375 0.44891357421875 0.0879898071289062 -0.110198974609375
-0.404876708984375 0.38958740234375 0.217788696289062 -0.106674194335937
-0.451019287109375 0.296600341796875 0.361480712890625 0.012603759765625
-0.56561279296875 0.2237548828125 -0.11846923828125 -0.0705337524414062
-0.506927490234375 0.283447265625 -0.0362472534179688 -0.00968170166015624
-0.427825927734375 0.36279296875 0.0208168029785156 -0.0600051879882812
-0.20965576171875 0.47698974609375 0.0165176391601562 -0.0655326843261719
-0.00299072265624999 0.4595947265625 -0.0388412475585938 -0.0807723999023437
0.235076904296875 0.409088134765625 -0.0244026184082031 -0.0536766052246093
0.355377197265625 0.27587890625 -0.0283718109130859 -0.0244274139404297
0.350830078125 0.24261474609375 -0.0257701873779297 -0.0204372406005859
0.39739990234375 0.24957275390625 -0.0236740112304687 -0.0166854858398437
0.35650634765625 0.3226318359375 -0.00990295410156248 -0.0191669464111328
0.200775146484375 0.426483154296875 -0.0292129516601562 -0.0516433715820312
0.071929931640625 0.477691650390625 0.00952911376953126 -0.0686073303222656
-0.239959716796875 0.4490966796875 0.0534896850585937 -0.0825729370117187
-0.423126220703125 0.39404296875 0.135704040527344 -0.00518798828124998
-0.47576904296875 0.308013916015625 0.192306518554687 0.0887908935546875
-0.484222412109375 0.2261962890625 -0.28485107421875 0.00994873046875003
-0.419036865234375 0.2789306640625 -0.140625 0.0728759765625
-0.336883544921875 0.325042724609375 -0.00736236572265627 -0.0282440185546875
-0.158203125 0.40655517578125 -0.0145492553710938 -0.0973281860351562
0.010467529296875 0.39312744140625 -0.08953857421875 -0.145111083984375
0.21539306640625 0.3555908203125 -0.131332397460938 -0.129150390625
0.31500244140625 0.242431640625 -0.17340087890625 -0.08087158203125
0.31207275390625 0.215667724609375 -0.17120361328125 -0.059814453125
0.353302001953125 0.230804443359375 -0.162033081054687 -0.0608367919921875
0.300750732421875 0.299957275390625 -0.122962951660156 -0.0815582275390625
0.146697998046875 0.38623046875 -0.0957107543945312 -0.0997848510742187
0.032867431640625 0.415679931640625 -0.0227584838867187 -0.08892822265625
-0.232757568359375 0.37109375 0.0199012756347656 -0.0474205017089844
-0.38214111328125 0.33447265625 0.0434417724609375 0.0937271118164063
-0.429168701171875 0.2740478515625 0.01446533203125 0.156631469726563
-0.329803466796875 0.18560791015625 -0.42523193359375 0.0816650390625
-0.272323608398438 0.207534790039062 -0.231826782226563 0.141250610351563
-0.207275390625 0.21551513671875 -0.0411529541015625 0.0104141235351563
-0.1014404296875 0.265426635742188 -0.0526046752929688 -0.107208251953125
0.00862121582031248 0.266006469726563 -0.134307861328125 -0.17510986328125
0.157028198242188 0.251068115234375 -0.2232666015625 -0.17352294921875
0.225509643554688 0.175979614257813 -0.294219970703125 -0.11761474609375
0.2261962890625 0.155609130859375 -0.291015625 -0.0895080566406251
0.255325317382813 0.17706298828125 -0.272048950195313 -0.103286743164063
0.201919555664063 0.229705810546875 -0.2078857421875 -0.142776489257813
0.07611083984375 0.281524658203125 -0.134140014648438 -0.14337158203125
-0.00369262695312501 0.283599853515625 -0.0418167114257813 -0.104766845703125
-0.179275512695312 0.239974975585938 -0.0097179412841797 -0.0126485824584961
-0.278228759765625 0.230926513671875 -0.0470733642578125 0.167037963867188
-0.316070556640625 0.20709228515625 -0.146102905273438 0.201278686523438
-0.127838134765625 0.103172302246094 -0.5167236328125 0.134613037109375
-0.102256774902344 0.0827484130859375 -0.294464111328125 0.18743896484375
-0.0771865844726563 0.062591552734375 -0.0684700012207031 0.0514030456542969
-0.0562286376953125 0.0882415771484375 -0.0832901000976562 -0.0941925048828125
-0.0131683349609375 0.109031677246094 -0.159271240234375 -0.173233032226562
0.064666748046875 0.12060546875 -0.283538818359375 -0.182403564453125
0.0977096557617188 0.0883255004882813 -0.3736572265625 -0.128082275390625
0.106880187988281 0.0728530883789063 -0.36590576171875 -0.103851318359375
0.123908996582031 0.0909576416015625 -0.33709716796875 -0.136138916015625
0.086700439453125 0.113716125488281 -0.251708984375 -0.190826416015625
0.0160751342773438 0.128387451171875 -0.141128540039063 -0.172027587890625
-0.00773620605468749 0.112617492675781 -0.0449752807617188 -0.109275817871094
-0.0705108642578125 0.0970077514648438 -0.0326042175292969 0.0178127288818359
-0.114791870117188 0.121864318847656 -0.123870849609375 0.207611083984375
-0.147384643554688 0.12646484375 -0.266250610351563 0.221282958984375
-0.0810089111328125 -0.038421630859375 0.268798828125 -0.315948486328125
-0.120941162109375 -0.0244216918945313 0.143417358398438 -0.257781982421875
-0.105178833007813 0.052001953125 -0.00960540771484376 -0.0530853271484375
-0.0401763916015625 0.0752792358398438 0.0310745239257813 0.10638427734375
-0.0107154846191406 0.0628242492675781 0.115768432617187 0.188262939453125
0.0159378051757813 0.0405731201171875 0.292144775390625 0.19915771484375
0.043548583984375 0.0253372192382813 0.407073974609375 0.1229248046875
0.0367355346679688 0.0244102478027344 0.4139404296875 0.070404052734375
0.0362319946289062 0.00607681274414062 0.402496337890625 0.09283447265625
0.0583419799804688 0.0103416442871094 0.328094482421875 0.157562255859375
0.0700035095214844 0.0352821350097656 0.1998291015625 0.122314453125
0.05126953125 0.0742340087890625 0.11724853515625 0.042877197265625
-0.0108718872070312 0.1005859375 0.156417846679688 -0.08514404296875
-0.0461349487304688 0.0577278137207031 0.32763671875 -0.260406494140625
-0.0177135467529297 0.0177135467529297 0.623046875 -0.15472412109375
-0.28955078125 0.06829833984375 0.2552490234375 -0.290985107421875
-0.291290283203125 0.09124755859375 0.156646728515625 -0.2359619140625
-0.256866455078125 0.184036254882812 0.00723266601562498 -0.0808792114257812
-0.109893798828125 0.249771118164063 0.02886962890625 0.0721969604492188
0.00077819824218751 0.232345581054688 0.08282470703125 0.15216064453125
0.120819091796875 0.186798095703125 0.253326416015625 0.173263549804688
0.19158935546875 0.11614990234375 0.364501953125 0.11090087890625
0.181167602539063 0.104263305664063 0.37249755859375 0.05487060546875
0.19696044921875 0.091522216796875 0.3623046875 0.068267822265625
0.1962890625 0.124282836914063 0.3040771484375 0.122894287109375
0.147369384765625 0.188446044921875 0.177658081054688 0.0840301513671875
0.0815277099609375 0.244964599609375 0.10858154296875 0.00975036621093751
-0.0943603515625 0.266326904296875 0.1439208984375 -0.118789672851562
-0.20330810546875 0.218643188476563 0.318206787109375 -0.26214599609375
-0.20587158203125 0.152435302734375 0.6024169921875 -0.14373779296875
-0.458984375 0.16375732421875 0.1737060546875 -0.239120483398438
-0.4320068359375 0.196624755859375 0.128753662109375 -0.185028076171875
-0.380218505859375 0.297210693359375 0.0229339599609375 -0.0954513549804688
-0.171112060546875 0.396697998046875 0.0325450897216797 0.0247364044189453
0.00781249999999999 0.376739501953125 0.04803466796875 0.0846328735351563
0.2052001953125 0.313140869140625 0.182662963867188 0.112838745117188
0.308868408203125 0.19390869140625 0.267166137695313 0.0756988525390625
0.29901123046875 0.16845703125 0.273880004882813 0.03240966796875
0.332611083984375 0.159637451171875 0.266525268554687 0.0402984619140625
0.317169189453125 0.2144775390625 0.23333740234375 0.077972412109375
0.218963623046875 0.314544677734375 0.128135681152344 0.0389175415039063
0.115875244140625 0.38507080078125 0.0851058959960938 -0.022552490234375
-0.151031494140625 0.405548095703125 0.118606567382812 -0.129791259765625
-0.31878662109375 0.3577880859375 0.279281616210938 -0.215179443359375
-0.35321044921875 0.27008056640625 0.518768310546875 -0.09716796875
-0.55999755859375 0.24169921875 0.04132080078125 -0.164566040039062
-0.508819580078125 0.28802490234375 0.0621490478515625 -0.108474731445312
-0.438873291015625 0.3870849609375 0.029327392578125 -0.0899887084960937
-0.1942138671875 0.497344970703125 0.0319404602050781 -0.0280418395996093
0.0223388671874999 0.46795654296875 0.00568056106567383 -0.000356197357177706
0.26214599609375 0.39178466796875 0.0848236083984375 0.0295257568359375
0.38250732421875 0.242431640625 0.129257202148438 0.0263137817382813
0.371978759765625 0.207916259765625 0.134040832519531 0.00418853759765626
0.419464111328125 0.20361328125 0.131095886230469 0.0108871459960938
0.394073486328125 0.275054931640625 0.124427795410156 0.028228759765625
0.259979248046875 0.399078369140625 0.0537071228027344 -0.00878524780273435
0.135589599609375 0.47479248046875 0.0489921569824219 -0.0507698059082031
-0.1884765625 0.490234375 0.0864791870117187 -0.117713928222656
-0.38763427734375 0.44403076171875 0.218276977539062 -0.127655029296875
-0.444854736328125 0.346160888671875 0.382568359375 -0.016754150390625
-0.57080078125 0.28485107421875 -0.122474670410156 -0.0721054077148437
-0.50238037109375 0.3416748046875 -0.0313491821289063 -0.0132083892822265
-0.417205810546875 0.42376708984375 0.0195655822753906 -0.0672187805175781
-0.174072265625 0.5172119140625 0.0158004760742187 -0.0748291015625
0.043060302734375 0.48016357421875 -0.0470352172851563 -0.0843124389648437
0.282745361328125 0.40435791015625 -0.0321273803710937 -0.0573883056640625
0.396575927734375 0.25048828125 -0.0298805236816406 -0.0277519226074219
0.388092041015625 0.217437744140625 -0.025888442993164 -0.0249385833740234
0.439697265625 0.2198486328125 -0.0248775482177734 -0.0189285278320312
0.402984619140625 0.300201416015625 -0.00655174255371091 -0.0220928192138672
0.25323486328125 0.426483154296875 -0.0318984985351562 -0.0539817810058593
0.122100830078125 0.493804931640625 0.00698852539062501 -0.0740203857421875
-0.20989990234375 0.4951171875 0.05352783203125 -0.0864791870117187
-0.405975341796875 0.4532470703125 0.142578125 -0.0151214599609375
-0.468780517578125 0.365386962890625 0.212570190429687 0.076934814453125
-0.48858642578125 0.2845458984375 -0.290283203125 0.02667236328125
-0.413818359375 0.33056640625 -0.132354736328125 0.0820159912109375
-0.3250732421875 0.377685546875 -0.00572967529296877 -0.0317859649658203
-0.12506103515625 0.44281005859375 -0.0192108154296875 -0.105804443359375
0.052978515625 0.409759521484375 -0.105926513671875 -0.144760131835937
0.260406494140625 0.349639892578125 -0.150115966796875 -0.125350952148437
0.352813720703125 0.219635009765625 -0.18536376953125 -0.0726776123046875
0.345855712890625 0.1917724609375 -0.180191040039062 -0.051483154296875
0.39154052734375 0.203521728515625 -0.1728515625 -0.051971435546875
0.345458984375 0.28167724609375 -0.131362915039063 -0.07568359375
0.194915771484375 0.38934326171875 -0.106651306152344 -0.0987472534179687
0.07659912109375 0.430694580078125 -0.0297393798828125 -0.0926971435546875
-0.208282470703125 0.413482666015625 0.0210914611816406 -0.0469703674316406
-0.368621826171875 0.3876953125 0.05645751953125 0.0950164794921875
-0.42559814453125 0.3271484375 0.0327606201171875 0.163055419921875
-0.332550048828125 0.226715087890625 -0.43121337890625 0.1148681640625
-0.267822265625 0.245391845703125 -0.222412109375 0.162582397460938
-0.200515747070312 0.253097534179688 -0.0380325317382813 0.0110511779785156
-0.07745361328125 0.29168701171875 -0.0614395141601563 -0.110931396484375
0.0398101806640625 0.277877807617188 -0.155654907226563 -0.172149658203125
0.19146728515625 0.245880126953125 -0.248626708984375 -0.160186767578125
0.255203247070313 0.157318115234375 -0.3150634765625 -0.09759521484375
0.252182006835938 0.136306762695313 -0.30780029296875 -0.069793701171875
0.2855224609375 0.156097412109375 -0.291961669921875 -0.0843505859374999
0.236099243164063 0.21600341796875 -0.225967407226563 -0.130020141601563
0.11102294921875 0.285919189453125 -0.151397705078125 -0.139617919921875
0.027191162109375 0.29620361328125 -0.0516815185546875 -0.107078552246094
-0.163192749023438 0.272491455078125 -0.00758552551269532 -0.00868988037109373
-0.267501831054688 0.272171020507813 -0.0313720703125 0.179595947265625
-0.31329345703125 0.248046875 -0.132843017578125 0.224380493164063
-0.130332946777344 0.123390197753906 -0.524383544921875 0.177642822265625
-0.103935241699219 0.100807189941406 -0.28411865234375 0.216949462890625
-0.0780563354492188 0.0803070068359375 -0.0631980895996094 0.0553054809570313
-0.0479049682617187 0.103248596191406 -0.0940399169921875 -0.093963623046875
0.00162506103515626 0.117500305175781 -0.18267822265625 -0.1663818359375
0.0830612182617188 0.118247985839844 -0.311248779296875 -0.16461181640625
0.114227294921875 0.0791778564453125 -0.398468017578125 -0.100555419921875
0.120941162109375 0.0613327026367188 -0.38848876953125 -0.0764160156249999
0.140510559082031 0.0781478881835938 -0.362701416015625 -0.111083984375
0.105514526367188 0.106552124023438 -0.27783203125 -0.174484252929688
0.0346221923828125 0.131340026855469 -0.161544799804688 -0.166305541992188
0.00743865966796876 0.118003845214844 -0.0564651489257812 -0.110038757324219
-0.0612640380859375 0.113182067871094 -0.0300827026367188 0.0251636505126953
-0.106948852539062 0.145004272460938 -0.108352661132813 0.2288818359375
-0.143997192382813 0.150955200195313 -0.258010864257812 0.256500244140625
-0.0819244384765625 -0.0369796752929688 0.240234375 -0.3511962890625
-0.126762390136719 -0.0186614990234375 0.11553955078125 -0.278793334960938
-0.10540771484375 0.0593643188476562 -0.0182533264160156 -0.0540618896484375
-0.0391006469726563 0.079315185546875 0.0406951904296875 0.101776123046875
-0.00943756103515625 0.0679435729980469 0.136184692382813 0.175003051757813
0.016510009765625 0.0443954467773438 0.313995361328125 0.1661376953125
0.0445327758789062 0.0256156921386719 0.42230224609375 0.07843017578125
0.0372886657714844 0.024017333984375 0.425018310546875 0.024169921875
0.0341548919677734 0.00562286376953125 0.418182373046875 0.04656982421875
0.0552520751953125 0.00453948974609375 0.35247802734375 0.120819091796875
0.0707168579101563 0.0258636474609375 0.21966552734375 0.10302734375
0.0577507019042969 0.0667800903320313 0.126434326171875 0.0337066650390625
0.0019683837890625 0.0970001220703125 0.14837646484375 -0.100051879882813
-0.0374107360839844 0.0580902099609375 0.29937744140625 -0.29412841796875
-0.011967658996582 0.0151958465576172 0.61236572265625 -0.21728515625
-0.281402587890625 0.095184326171875 0.23040771484375 -0.324920654296875
-0.2857666015625 0.117218017578125 0.133499145507812 -0.259490966796875
-0.24456787109375 0.210601806640625 -0.00206756591796877 -0.0847244262695313
-0.0908203125 0.263397216796875 0.0365676879882813 0.0656471252441406
0.0213470458984375 0.23675537109375 0.0989227294921875 0.140342712402344
0.139373779296875 0.180313110351563 0.271469116210938 0.143463134765625
0.2042236328125 0.099761962890625 0.37860107421875 0.069061279296875
0.191757202148438 0.0873870849609375 0.382110595703125 0.010223388671875
0.207061767578125 0.0728912353515625 0.375152587890625 0.024810791015625
0.208908081054687 0.103378295898437 0.325653076171875 0.087158203125
0.167556762695313 0.172332763671875 0.194046020507813 0.06494140625
0.108078002929688 0.237045288085937 0.114936828613281 -0.000129699707031235
-0.0652923583984375 0.2769775390625 0.134750366210938 -0.131637573242187
-0.180191040039063 0.24066162109375 0.29254150390625 -0.29364013671875
-0.188720703125 0.172134399414062 0.5963134765625 -0.20550537109375
-0.443603515625 0.21087646484375 0.154815673828125 -0.267379760742187
-0.414703369140625 0.239532470703125 0.112060546875 -0.207229614257812
-0.3555908203125 0.34234619140625 0.013519287109375 -0.101821899414062
-0.134490966796875 0.419708251953125 0.036529541015625 0.0159263610839844
0.0462646484375 0.380584716796875 0.056243896484375 0.0759353637695313
0.238800048828125 0.297027587890625 0.193389892578125 0.0902099609375
0.33258056640625 0.163909912109375 0.276962280273438 0.0425872802734375
0.318603515625 0.138427734375 0.28094482421875 -0.00292968749999999
0.353118896484375 0.12420654296875 0.275863647460937 0.00646972656250001
0.342926025390625 0.181304931640625 0.25018310546875 0.0482177734375
0.25628662109375 0.29302978515625 0.138557434082031 0.0228652954101563
0.15960693359375 0.37646484375 0.0882492065429688 -0.0321731567382812
-0.10784912109375 0.426361083984375 0.109786987304687 -0.140457153320312
-0.2823486328125 0.39593505859375 0.259201049804688 -0.243911743164063
-0.327178955078125 0.308349609375 0.518280029296875 -0.151153564453125
-0.538665771484375 0.30364990234375 0.0301055908203125 -0.179428100585937
-0.48211669921875 0.343109130859375 0.055084228515625 -0.123397827148437
-0.4049072265625 0.44342041015625 0.0219497680664062 -0.0977706909179687
-0.144561767578125 0.524658203125 0.0316314697265625 -0.0380592346191406
0.0732421875 0.46942138671875 0.00517320632934571 -0.00547885894775388
0.30694580078125 0.3680419921875 0.0858993530273438 0.0159072875976563
0.412139892578125 0.201812744140625 0.13311767578125 0.00659942626953126
0.398223876953125 0.1683349609375 0.137184143066406 -0.0171737670898437
0.44781494140625 0.1575927734375 0.135200500488281 -0.00812530517578124
0.43011474609375 0.233184814453125 0.134185791015625 0.00965881347656251
0.311187744140625 0.375518798828125 0.0570716857910156 -0.0178184509277344
0.191162109375 0.4661865234375 0.0484542846679688 -0.0582695007324219
-0.136688232421875 0.5191650390625 0.080841064453125 -0.125175476074219
-0.342742919921875 0.49200439453125 0.208984375 -0.15032958984375
-0.41253662109375 0.39813232421875 0.39013671875 -0.056365966796875
-0.5472412109375 0.353179931640625 -0.126533508300781 -0.0699234008789062
-0.4698486328125 0.399810791015625 -0.0273780822753907 -0.0179195404052734
-0.3779296875 0.480621337890625 0.015594482421875 -0.0740509033203125
-0.117828369140625 0.5433349609375 0.0113525390625 -0.0844802856445312
0.098358154296875 0.48046875 -0.0568389892578125 -0.0840072631835937
0.332275390625 0.37799072265625 -0.0399398803710937 -0.0578460693359375
0.42987060546875 0.207733154296875 -0.0326900482177734 -0.0304412841796875
0.4154052734375 0.173980712890625 -0.0273151397705078 -0.0290737152099609
0.470672607421875 0.170501708984375 -0.0259304046630859 -0.0206356048583984
0.443389892578125 0.2548828125 -0.00402641296386716 -0.0268478393554687
0.30718994140625 0.404541015625 -0.0351791381835937 -0.0556907653808594
0.17999267578125 0.486907958984375 0.00256347656250001 -0.0783538818359375
-0.159088134765625 0.527252197265625 0.0505218505859375 -0.09033203125
-0.36138916015625 0.506317138671875 0.14556884765625 -0.029083251953125
-0.437408447265625 0.420166015625 0.228302001953125 0.0557403564453125
-0.465728759765625 0.34368896484375 -0.28668212890625 0.0478210449218751
-0.383209228515625 0.3829345703125 -0.118560791015625 0.0905075073242188
-0.290191650390625 0.429351806640625 -0.00532913208007814 -0.0359764099121093
-0.073638916015625 0.466644287109375 -0.0271759033203125 -0.111183166503906
0.104156494140625 0.40814208984375 -0.122390747070312 -0.138092041015625
0.305450439453125 0.32379150390625 -0.165939331054688 -0.112274169921875
0.383148193359375 0.17803955078125 -0.194168090820312 -0.0582733154296875
0.371368408203125 0.151611328125 -0.186782836914062 -0.0386505126953125
0.42083740234375 0.15802001953125 -0.179733276367188 -0.0369873046875
0.383544921875 0.242156982421875 -0.137161254882812 -0.0659027099609375
0.24578857421875 0.371856689453125 -0.116630554199219 -0.091796875
0.127838134765625 0.428131103515625 -0.0382308959960937 -0.0933609008789062
-0.16424560546875 0.446197509765625 0.0216178894042969 -0.0467262268066406
-0.32977294921875 0.438323974609375 0.0701904296875 0.0913314819335938
-0.39825439453125 0.3787841796875 0.0543365478515625 0.16162109375
-0.3160400390625 0.27178955078125 -0.422607421875 0.152984619140625
-0.24639892578125 0.28338623046875 -0.200942993164063 0.181793212890625
-0.1781005859375 0.289031982421875 -0.0331459045410156 0.00976562500000002
-0.042205810546875 0.30938720703125 -0.0718460083007812 -0.110885620117188
0.077484130859375 0.276763916015625 -0.175750732421875 -0.158370971679687
0.2254638671875 0.225845336914062 -0.269454956054688 -0.13671875
0.27838134765625 0.125900268554688 -0.327728271484375 -0.068115234375
0.271697998046875 0.105239868164062 -0.3172607421875 -0.041168212890625
0.308074951171875 0.120697021484375 -0.304290771484375 -0.0552978515625
0.26702880859375 0.186721801757813 -0.239349365234375 -0.1087646484375
0.150009155273438 0.276153564453125 -0.166732788085938 -0.126785278320312
0.064910888671875 0.29736328125 -0.0627975463867188 -0.103958129882812
-0.13250732421875 0.298309326171875 -0.00408411026000977 -0.005648136138916
-0.239837646484375 0.3115234375 -0.00967407226562503 0.185791015625
-0.2923583984375 0.289337158203125 -0.108184814453125 0.242263793945313
-0.124481201171875 0.145126342773438 -0.511016845703125 0.226898193359375
-0.0983428955078125 0.120414733886719 -0.259490966796875 0.244827270507812
-0.0724105834960938 0.0998001098632812 -0.0550918579101563 0.0567893981933594
-0.0327987670898437 0.115676879882812 -0.104171752929688 -0.0889434814453125
0.0209121704101562 0.11944580078125 -0.204116821289062 -0.149337768554688
0.102043151855469 0.109245300292969 -0.333221435546875 -0.1318359375
0.128135681152344 0.0624313354492187 -0.41253662109375 -0.058868408203125
0.131484985351563 0.0443496704101563 -0.399017333984375 -0.03662109375
0.15350341796875 0.0576324462890625 -0.378326416015625 -0.0726928710937501
0.122825622558594 0.0907058715820313 -0.296966552734375 -0.14508056640625
0.0551834106445313 0.127204895019531 -0.180770874023438 -0.151351928710937
0.0262985229492188 0.117729187011719 -0.0680313110351563 -0.104812622070312
-0.0448455810546875 0.126144409179687 -0.0239067077636719 0.0310249328613281
-0.0897979736328125 0.166000366210938 -0.08203125 0.244873046875
-0.131317138671875 0.174911499023438 -0.232818603515625 0.289886474609375
-0.080291748046875 -0.0370712280273437 0.203521728515625 -0.3704833984375
-0.129043579101563 -0.013641357421875 0.0843200683593749 -0.2864990234375
-0.104362487792969 0.0636062622070313 -0.0245246887207031 -0.0515785217285156
-0.0384368896484375 0.08197021484375 0.04681396484375 0.0944290161132813
-0.00823974609375001 0.0722274780273438 0.147964477539063 0.155624389648438
0.0168113708496094 0.0481300354003906 0.31982421875 0.130126953125
0.0442886352539063 0.0263442993164062 0.4189453125 0.0357666015625
0.0367202758789063 0.0241813659667969 0.4171142578125 -0.019134521484375
0.0304679870605469 0.00680923461914063 0.41461181640625 0.001983642578125
0.0493202209472656 0.0007781982421875 0.358428955078125 0.080902099609375
0.0674018859863281 0.0170631408691406 0.229782104492188 0.079803466796875
0.0601539611816406 0.0569419860839844 0.130210876464844 0.0229415893554688
0.01214599609375 0.0889663696289063 0.135673522949219 -0.108413696289063
-0.0286788940429688 0.0538139343261719 0.26153564453125 -0.311737060546875
-0.0074462890625 0.0101919174194336 0.5787353515625 -0.2657470703125
-0.263229370117188 0.113128662109375 0.197235107421875 -0.3460693359375
-0.270965576171875 0.1339111328125 0.1053466796875 -0.271835327148438
-0.225067138671875 0.228240966796875 -0.01068115234375 -0.0841445922851562
-0.0696868896484375 0.266891479492188 0.0403861999511719 0.0566329956054688
0.0396881103515625 0.23394775390625 0.1083984375 0.124244689941406
0.15069580078125 0.167800903320313 0.2755126953125 0.111083984375
0.207733154296875 0.0816650390625 0.374725341796875 0.02813720703125
0.194580078125 0.06976318359375 0.372802734375 -0.030120849609375
0.207489013671875 0.0538482666015625 0.370147705078125 -0.017181396484375
0.2115478515625 0.0805206298828125 0.330596923828125 0.048004150390625
0.178604125976563 0.15093994140625 0.20098876953125 0.0431671142578125
0.127593994140625 0.219451904296875 0.117073059082031 -0.0110321044921875
-0.03582763671875 0.27423095703125 0.122146606445313 -0.138298034667969
-0.15142822265625 0.249298095703125 0.25701904296875 -0.310791015625
-0.166336059570313 0.182693481445313 0.56695556640625 -0.25555419921875
-0.411529541015625 0.24591064453125 0.129913330078125 -0.283905029296875
-0.384735107421875 0.26824951171875 0.0909576416015625 -0.219863891601562
-0.321197509765625 0.3707275390625 0.00391387939453123 -0.103569030761719
-0.09539794921875 0.423828125 0.0368576049804688 0.0064353942871094
0.078704833984375 0.37017822265625 0.0608863830566406 0.0643692016601563
0.26116943359375 0.271865844726563 0.194595336914063 0.0650787353515625
0.339599609375 0.12957763671875 0.272994995117188 0.0106201171875
0.322906494140625 0.104827880859375 0.273330688476563 -0.0359039306640625
0.3565673828125 0.088348388671875 0.271316528320313 -0.02557373046875
0.352935791015625 0.1417236328125 0.253555297851563 0.0164642333984375
0.279388427734375 0.26123046875 0.1429443359375 0.00550842285156252
0.193145751953125 0.35223388671875 0.0881576538085938 -0.0411300659179687
-0.063232421875 0.4278564453125 0.098968505859375 -0.144882202148437
-0.2366943359375 0.41522216796875 0.232223510742188 -0.259674072265625
-0.290283203125 0.329925537109375 0.498199462890625 -0.195953369140625
-0.495849609375 0.349456787109375 0.0163421630859375 -0.188217163085937
-0.43914794921875 0.378570556640625 0.0445556640625 -0.133964538574219
-0.35662841796875 0.47723388671875 0.0136947631835937 -0.10198974609375
-0.092254638671875 0.5286865234375 0.0285186767578125 -0.0475540161132812
0.11724853515625 0.45343017578125 0.00339889526367188 -0.0105133056640625
0.337127685546875 0.3330078125 0.0830078125 0.00369262695312502
0.42205810546875 0.156646728515625 0.129837036132813 -0.0121841430664062
0.40374755859375 0.1258544921875 0.131942749023438 -0.03741455078125
0.454437255859375 0.109283447265625 0.132461547851563 -0.0260238647460937
0.4439697265625 0.181854248046875 0.137115478515625 -0.0101699829101562
0.34368896484375 0.33624267578125 0.0582237243652344 -0.0279045104980469
0.234222412109375 0.4395751953125 0.0459632873535156 -0.0643234252929687
-0.0833740234375 0.5234375 0.0729827880859375 -0.128150939941406
-0.288299560546875 0.518035888671875 0.193603515625 -0.164596557617187
-0.366241455078125 0.42706298828125 0.382965087890625 -0.092926025390625
-0.5015869140625 0.400115966796875 -0.126869201660156 -0.0666427612304687
-0.422760009765625 0.438568115234375 -0.0243492126464844 -0.0233097076416015
-0.324951171875 0.51690673828125 0.0115280151367187 -0.078643798828125
-0.06207275390625 0.547515869140625 0.00537872314453126 -0.091400146484375
0.145050048828125 0.460662841796875 -0.0641708374023437 -0.0806045532226562
0.363433837890625 0.337799072265625 -0.0466995239257812 -0.0568885803222656
0.441009521484375 0.157867431640625 -0.0352134704589843 -0.0327682495117188
0.42266845703125 0.12725830078125 -0.029458999633789 -0.0327320098876953
0.47821044921875 0.116363525390625 -0.0262336730957031 -0.0223751068115234
0.46160888671875 0.2001953125 -0.00244140624999997 -0.0323219299316406
0.34454345703125 0.364349365234375 -0.0376472473144531 -0.0557823181152343
0.227142333984375 0.4591064453125 -0.00241851806640624 -0.0800552368164062
-0.102691650390625 0.53680419921875 0.0467681884765625 -0.0920486450195312
-0.304931640625 0.5355224609375 0.143417358398437 -0.0412750244140625
-0.38970947265625 0.455230712890625 0.235153198242187 0.031707763671875
-0.4263916015625 0.387969970703125 -0.273590087890625 0.0639953613281251
-0.338226318359375 0.417938232421875 -0.102340698242188 0.0915298461914063
-0.24212646484375 0.459930419921875 -0.00503540039062502 -0.0404510498046875
-0.023406982421875 0.4700927734375 -0.034332275390625 -0.112876892089844
0.145416259765625 0.388641357421875 -0.133369445800781 -0.126312255859375
0.3343505859375 0.28558349609375 -0.1739501953125 -0.09674072265625
0.39361572265625 0.132415771484375 -0.195755004882812 -0.0437164306640625
0.3785400390625 0.1083984375 -0.185791015625 -0.0257110595703125
0.429107666015625 0.10772705078125 -0.17877197265625 -0.02154541015625
0.402496337890625 0.193206787109375 -0.13677978515625 -0.0564346313476562
0.283111572265625 0.33941650390625 -0.121871948242187 -0.0825653076171875
0.17181396484375 0.4072265625 -0.0448074340820312 -0.0905075073242187
-0.116790771484375 0.4578857421875 0.0221214294433594 -0.0472488403320312
-0.28045654296875 0.467864990234375 0.081085205078125 0.0833587646484375
-0.353607177734375 0.412841796875 0.0737762451171875 0.152511596679688
-0.286224365234375 0.3037109375 -0.39874267578125 0.18017578125
-0.2154541015625 0.308441162109375 -0.174972534179687 0.19036865234375
-0.144561767578125 0.31341552734375 -0.0289192199707031 0.00624656677246096
-0.0050048828125 0.312744140625 -0.0793685913085937 -0.108245849609375
0.109054565429688 0.262527465820313 -0.187606811523438 -0.139266967773437
0.247909545898438 0.1968994140625 -0.27752685546875 -0.10882568359375
0.286529541015625 0.090301513671875 -0.326995849609375 -0.0386657714843751
0.277435302734375 0.071807861328125 -0.3138427734375 -0.0139465332031249
0.315460205078125 0.081268310546875 -0.301239013671875 -0.0263671875
0.28399658203125 0.150177001953125 -0.241302490234375 -0.086212158203125
0.181137084960937 0.252609252929688 -0.174713134765625 -0.111068725585937
0.097412109375 0.283843994140625 -0.0708694458007813 -0.0976638793945312
-0.096954345703125 0.3104248046875 0.000282287597656244 -0.00386738777160643
-0.2022705078125 0.335845947265625 0.0113372802734375 0.182937622070313
-0.259033203125 0.316497802734375 -0.08001708984375 0.248245239257813
-0.11212158203125 0.161376953125 -0.48065185546875 0.263641357421875
-0.0868988037109375 0.135139465332031 -0.2271728515625 0.258392333984375
-0.0608596801757812 0.115211486816406 -0.0472679138183594 0.05401611328125
-0.0156478881835937 0.121696472167969 -0.111434936523437 -0.0816802978515625
0.038360595703125 0.114990234375 -0.215530395507813 -0.126480102539062
0.115921020507812 0.094573974609375 -0.33935546875 -0.0965576171875
0.134201049804688 0.0431671142578125 -0.409027099609375 -0.0188293457031249
0.135139465332031 0.0253829956054688 -0.393157958984375 0.000640869140625019
0.157608032226563 0.034912109375 -0.375946044921875 -0.0342102050781249
0.133041381835938 0.0705413818359375 -0.3018798828125 -0.113739013671875
0.0727386474609375 0.115493774414063 -0.190719604492188 -0.13079833984375
0.0429763793945312 0.111244201660156 -0.0764541625976563 -0.0958633422851562
-0.02655029296875 0.132461547851562 -0.0164432525634766 0.0347080230712891
-0.0674591064453125 0.178207397460937 -0.053985595703125 0.248641967773438
-0.111663818359375 0.190994262695312 -0.1995849609375 0.308319091796875
-0.0790939331054688 -0.03973388671875 0.173309326171875 -0.374237060546875
-0.131668090820313 -0.0119857788085937 0.060150146484375 -0.28369140625
-0.105072021484375 0.0646820068359375 -0.0291328430175781 -0.0489921569824219
-0.039764404296875 0.0828933715820312 0.0487213134765625 0.0863723754882813
-0.008209228515625 0.0756301879882813 0.1494140625 0.138275146484375
0.0169677734375 0.0528640747070313 0.31402587890625 0.103057861328125
0.0434417724609375 0.0289344787597656 0.405120849609375 0.006103515625
0.0355987548828125 0.0259933471679688 0.399627685546875 -0.047027587890625
0.0278835296630859 0.0101299285888672 0.39923095703125 -0.028900146484375
0.0425491333007812 0.00042724609375 0.353759765625 0.050750732421875
0.0606460571289063 0.0111465454101563 0.23126220703125 0.060516357421875
0.0577163696289062 0.0481071472167969 0.131332397460938 0.01531982421875
0.0173263549804687 0.077667236328125 0.124725341796875 -0.109550476074219
-0.0223617553710938 0.0470085144042969 0.2301025390625 -0.312774658203125
-0.00346636772155762 0.00437426567077637 0.54345703125 -0.2880859375
-0.245315551757813 0.118118286132812 0.16986083984375 -0.353546142578125
-0.257171630859375 0.139251708984375 0.08221435546875 -0.272994995117188
-0.209930419921875 0.233871459960938 -0.0169296264648438 -0.0830230712890625
-0.057830810546875 0.264846801757813 0.0412254333496094 0.0481834411621094
0.048492431640625 0.228195190429688 0.109603881835937 0.10968017578125
0.155120849609375 0.159042358398438 0.27001953125 0.0863037109375
0.204696655273437 0.0698089599609375 0.36175537109375 -0.000274658203124996
0.190872192382813 0.058349609375 0.355743408203125 -0.05755615234375
0.20233154296875 0.0413970947265625 0.356292724609375 -0.04498291015625
0.205276489257813 0.06396484375 0.325836181640625 0.018951416015625
0.179672241210937 0.132614135742187 0.202072143554688 0.0246124267578125
0.135665893554688 0.201812744140625 0.117164611816406 -0.01788330078125
-0.016357421875 0.263031005859375 0.112220764160156 -0.137718200683594
-0.12701416015625 0.24725341796875 0.2291259765625 -0.312286376953125
-0.146270751953125 0.181640625 0.535797119140625 -0.280364990234375
-0.379150390625 0.26025390625 0.109832763671875 -0.291473388671875
-0.356842041015625 0.27850341796875 0.0734710693359374 -0.2249755859375
-0.290191650390625 0.37945556640625 -0.00307464599609376 -0.103805541992187
-0.070465087890625 0.41815185546875 0.0354156494140625 -0.0029335021972656
0.097412109375 0.355194091796875 0.0597343444824219 0.0539512634277344
0.270050048828125 0.25030517578125 0.18792724609375 0.046844482421875
0.335540771484375 0.1051025390625 0.262649536132812 -0.011993408203125
0.3173828125 0.08184814453125 0.258941650390625 -0.0584259033203125
0.349517822265625 0.061614990234375 0.260818481445313 -0.048248291015625
0.3480224609375 0.11236572265625 0.249496459960938 -0.00813293457031249
0.287200927734375 0.231689453125 0.142471313476563 -0.00907897949218749
0.209625244140625 0.326446533203125 0.0872116088867188 -0.0470352172851562
-0.03302001953125 0.416229248046875 0.0915069580078125 -0.143707275390625
-0.201507568359375 0.416351318359375 0.210342407226563 -0.264083862304688
-0.257781982421875 0.33447265625 0.474578857421875 -0.220916748046875
-0.453887939453125 0.36785888671875 0.00611877441406249 -0.193649291992187
-0.399993896484375 0.391510009765625 0.0361175537109375 -0.140487670898437
-0.314544677734375 0.4891357421875 0.00762939453124997 -0.104843139648437
-0.056427001953125 0.51910400390625 0.0244865417480469 -0.0557937622070312
0.1412353515625 0.431610107421875 0.000607490539550788 -0.0152654647827148
0.349395751953125 0.302154541015625 0.0768585205078125 -0.00614929199218748
0.41796875 0.12274169921875 0.122291564941406 -0.0260543823242187
0.39739990234375 0.0943603515625 0.123031616210938 -0.0510940551757812
0.445770263671875 0.073211669921875 0.126983642578125 -0.0396804809570312
0.4422607421875 0.143280029296875 0.134635925292969 -0.0274734497070312
0.356903076171875 0.301055908203125 0.0574302673339844 -0.0363578796386719
0.256103515625 0.408477783203125 0.0436668395996094 -0.0678901672363281
-0.0459594726562499 0.514404296875 0.0682449340820313 -0.127243041992187
-0.24407958984375 0.5233154296875 0.18023681640625 -0.170578002929687
-0.32672119140625 0.43475341796875 0.370758056640625 -0.116302490234375
-0.45660400390625 0.42218017578125 -0.123725891113281 -0.0673980712890625
-0.378692626953125 0.450042724609375 -0.0216655731201172 -0.0301189422607422
-0.278656005859375 0.529449462890625 0.00795745849609373 -0.0834579467773437
-0.021087646484375 0.53680419921875 -1.52587890625036E-05 -0.0972900390625
0.17108154296875 0.433929443359375 -0.0678329467773437 -0.078369140625
0.37677001953125 0.302825927734375 -0.0512962341308594 -0.0553398132324219
0.43743896484375 0.12091064453125 -0.0378189086914062 -0.0355377197265625
0.417022705078125 0.0924072265625 -0.0326690673828125 -0.0366172790527344
0.470672607421875 0.076568603515625 -0.025857925415039 -0.0252342224121094
0.462066650390625 0.15789794921875 -0.00118637084960934 -0.0393791198730469
0.363311767578125 0.32757568359375 -0.0386314392089844 -0.0573272705078125
0.253509521484375 0.42919921875 -0.00543975830078124 -0.0805816650390625
-0.0628662109375 0.530181884765625 0.0458602905273437 -0.0916900634765625
-0.25811767578125 0.545745849609375 0.139961242675781 -0.0491561889648437
-0.34759521484375 0.466644287109375 0.2352294921875 0.0127716064453125
-0.38720703125 0.408599853515625 -0.25860595703125 0.069000244140625
-0.299560546875 0.42987060546875 -0.0893096923828125 0.0865325927734375
-0.199554443359375 0.4722900390625 -0.00522232055664064 -0.0463981628417968
0.01263427734375 0.459625244140625 -0.0398025512695312 -0.115570068359375
0.170379638671875 0.364532470703125 -0.137115478515625 -0.116935729980469
0.347015380859375 0.251922607421875 -0.176071166992187 -0.08514404296875
0.3902587890625 0.097076416015625 -0.193710327148437 -0.0344085693359375
0.37359619140625 0.075897216796875 -0.182754516601562 -0.0183258056640625
0.423431396484375 0.069427490234375 -0.173248291015625 -0.013031005859375
0.405548095703125 0.152557373046875 -0.1324462890625 -0.0519943237304688
0.302490234375 0.305419921875 -0.122734069824219 -0.0771636962890625
0.197845458984375 0.3817138671875 -0.0482940673828125 -0.0876235961914062
-0.078826904296875 0.45623779296875 0.0240974426269531 -0.0469284057617187
-0.2381591796875 0.478485107421875 0.0875625610351562 0.0745620727539063
-0.3165283203125 0.4254150390625 0.0856475830078125 0.141082763671875
-0.259857177734375 0.32000732421875 -0.374267578125 0.190704345703125
-0.1878662109375 0.320037841796875 -0.152725219726563 0.187271118164063
-0.114532470703125 0.325042724609375 -0.0253429412841797 0.000143051147460958
0.022674560546875 0.30755615234375 -0.0836334228515625 -0.106239318847656
0.128616333007813 0.245407104492188 -0.191726684570312 -0.123855590820313
0.258132934570313 0.169952392578125 -0.276504516601563 -0.08807373046875
0.28521728515625 0.0623779296875 -0.3192138671875 -0.019317626953125
0.273956298828125 0.046356201171875 -0.304779052734375 0.00259399414062497
0.311737060546875 0.050323486328125 -0.292510986328125 -0.00796508789062502
0.2874755859375 0.118499755859375 -0.236434936523437 -0.07159423828125
0.197509765625 0.22857666015625 -0.17645263671875 -0.098480224609375
0.119369506835938 0.266708374023438 -0.0742111206054687 -0.09130859375
-0.0679931640625 0.3118896484375 0.00440073013305664 -0.0031614303588867
-0.169525146484375 0.34588623046875 0.027099609375 0.176803588867188
-0.228912353515625 0.329681396484375 -0.0570831298828125 0.244827270507813
-0.101455688476563 0.172012329101563 -0.4500732421875 0.278350830078125
-0.076202392578125 0.145294189453125 -0.200485229492188 0.257965087890625
-0.048583984375 0.126930236816406 -0.0425529479980469 0.0474205017089844
-0.000885009765625013 0.124122619628906 -0.1143798828125 -0.076171875
0.0508956909179687 0.107582092285156 -0.217529296875 -0.1077880859375
0.123878479003906 0.080413818359375 -0.33563232421875 -0.070587158203125
0.135154724121094 0.0264511108398438 -0.39727783203125 0.00723266601562504
0.133735656738281 0.00986480712890625 -0.3795166015625 0.0251464843749999
0.1558837890625 0.0159759521484375 -0.364105224609375 -0.00857543945312494
0.13604736328125 0.0516891479492188 -0.296356201171875 -0.0913696289062501
0.08355712890625 0.102424621582031 -0.192214965820313 -0.114730834960937
0.05535888671875 0.102340698242188 -0.0787734985351563 -0.0878067016601562
-0.00979614257812499 0.134109497070313 -0.00972366333007813 0.0361328125
-0.0485992431640625 0.185409545898437 -0.0320587158203125 0.245315551757813
-0.09393310546875 0.199386596679687 -0.170806884765625 0.313812255859375
-0.0791854858398438 -0.0461578369140625 0.155059814453125 -0.377044677734375
-0.136787414550781 -0.0129470825195313 0.044097900390625 -0.28204345703125
-0.110260009765625 0.0657882690429687 -0.032745361328125 -0.0467376708984375
-0.043914794921875 0.086334228515625 0.0490798950195312 0.08172607421875
-0.00872802734374999 0.0819168090820313 0.148208618164063 0.128143310546875
0.0179634094238281 0.0593338012695312 0.307861328125 0.086090087890625
0.0439338684082031 0.0336761474609375 0.395294189453125 -0.011810302734375
0.0345401763916016 0.0289840698242188 0.387359619140625 -0.0643310546875
0.0257415771484375 0.0146713256835937 0.388519287109375 -0.0478515625
0.0364799499511719 0.00211715698242188 0.349273681640625 0.031463623046875
0.0538825988769531 0.00767898559570313 0.233184814453125 0.0474395751953125
0.0538406372070313 0.0414543151855469 0.133880615234375 0.011260986328125
0.0191268920898437 0.0676345825195313 0.118568420410156 -0.108489990234375
-0.018798828125 0.0384101867675781 0.210174560546875 -0.309600830078125
-0.000767230987548828 -0.00369358062744141 0.520599365234375 -0.29827880859375
-0.234390258789063 0.116867065429688 0.152984619140625 -0.359832763671875
-0.251754760742187 0.139968872070313 0.06707763671875 -0.274642944335937
-0.20361328125 0.236709594726562 -0.0216751098632813 -0.0826034545898437
-0.052703857421875 0.264511108398438 0.0396003723144531 0.0411872863769531
0.05291748046875 0.227035522460938 0.107276916503906 0.0994873046875
0.158172607421875 0.156524658203125 0.262802124023437 0.0703125
0.20379638671875 0.065338134765625 0.351165771484375 -0.018524169921875
0.188018798828125 0.0535430908203125 0.343963623046875 -0.07489013671875
0.19818115234375 0.0357666015625 0.345916748046875 -0.0633544921875
0.200057983398438 0.0563201904296875 0.3211669921875 -0.00189208984375
0.177764892578125 0.121185302734375 0.203048706054688 0.01116943359375
0.138595581054688 0.189010620117188 0.119041442871094 -0.0234527587890625
-0.00485229492187499 0.252685546875 0.107986450195312 -0.136466979980469
-0.112533569335938 0.242279052734375 0.21209716796875 -0.310577392578125
-0.1336669921875 0.178070068359375 0.51654052734375 -0.295806884765625
-0.359161376953125 0.263275146484375 0.097137451171875 -0.29974365234375
-0.339935302734375 0.280303955078125 0.0616302490234375 -0.23004150390625
-0.2733154296875 0.385833740234375 -0.00762939453125002 -0.105445861816406
-0.055938720703125 0.4154052734375 0.0326519012451172 -0.0110721588134765
0.1063232421875 0.34716796875 0.0574226379394531 0.0454826354980469
0.275497436523438 0.237960815429688 0.18072509765625 0.033660888671875
0.332672119140625 0.091064453125 0.253036499023437 -0.027801513671875
0.313018798828125 0.069671630859375 0.248321533203125 -0.0733642578125
0.3441162109375 0.04742431640625 0.253189086914063 -0.0643310546875
0.343597412109375 0.09393310546875 0.246017456054688 -0.0271148681640625
0.290435791015625 0.213531494140625 0.142791748046875 -0.0214080810546875
0.219512939453125 0.30938720703125 0.0884475708007813 -0.0514297485351562
-0.014617919921875 0.40771484375 0.09014892578125 -0.142593383789062
-0.1767578125 0.414886474609375 0.198348999023438 -0.264404296875
-0.23663330078125 0.33343505859375 0.461273193359375 -0.236328125
-0.42822265625 0.375701904296875 -0.000442504882812534 -0.201873779296875
-0.3756103515625 0.395965576171875 0.0298309326171875 -0.148818969726563
-0.28778076171875 0.496490478515625 0.00362396240234372 -0.10882568359375
-0.033843994140625 0.514434814453125 0.0212364196777344 -0.0648460388183593
0.155029296875 0.41778564453125 -0.00270462036132812 -0.020181655883789
0.35595703125 0.281768798828125 0.0707931518554688 -0.0134506225585937
0.41412353515625 0.10321044921875 0.115486145019531 -0.0365447998046875
0.392608642578125 0.075164794921875 0.115425109863281 -0.0612640380859375
0.439727783203125 0.050628662109375 0.12310791015625 -0.050933837890625
0.439239501953125 0.1170654296875 0.132835388183594 -0.0419540405273437
0.36480712890625 0.276611328125 0.0573692321777344 -0.0453300476074219
0.270660400390625 0.387603759765625 0.0435791015625 -0.0718917846679687
-0.021392822265625 0.50738525390625 0.0690994262695313 -0.126678466796875
-0.214874267578125 0.525726318359375 0.174285888671875 -0.173538208007812
-0.30108642578125 0.437591552734375 0.3642578125 -0.131591796875
-0.428436279296875 0.43450927734375 -0.123306274414063 -0.0731124877929687
-0.351776123046875 0.45721435546875 -0.0208168029785156 -0.0389862060546875
-0.246917724609375 0.536895751953125 0.00494384765624999 -0.0893096923828125
0.00518798828124998 0.52972412109375 -0.00393676757812501 -0.105010986328125
0.187835693359375 0.418243408203125 -0.0713958740234375 -0.079559326171875
0.385467529296875 0.27899169921875 -0.055694580078125 -0.0569839477539062
0.4327392578125 0.09698486328125 -0.0415115356445312 -0.039398193359375
0.412353515625 0.070770263671875 -0.0357742309570312 -0.0403594970703125
0.463775634765625 0.0501708984375 -0.0259075164794922 -0.0293216705322266
0.46087646484375 0.128265380859375 -0.00118255615234373 -0.0476531982421875
0.374237060546875 0.302642822265625 -0.0391311645507812 -0.0607452392578125
0.270233154296875 0.409423828125 -0.00649261474609374 -0.0826416015625
-0.0372314453125 0.526519775390625 0.0480728149414063 -0.0918960571289062
-0.227386474609375 0.55035400390625 0.140167236328125 -0.05499267578125
-0.320556640625 0.47210693359375 0.236495971679687 -0.000869750976562471
-0.361419677734375 0.421905517578125 -0.250198364257812 0.0662078857421875
-0.272247314453125 0.438262939453125 -0.08056640625 0.07794189453125
-0.168060302734375 0.481109619140625 -0.00587463378906251 -0.0538253784179687
0.040679931640625 0.4522705078125 -0.0436019897460938 -0.121162414550781
0.187164306640625 0.34783935546875 -0.139839172363281 -0.113059997558594
0.3544921875 0.2281494140625 -0.177520751953125 -0.0790557861328125
0.38653564453125 0.072784423828125 -0.193328857421875 -0.030670166015625
0.369659423828125 0.05352783203125 -0.1815185546875 -0.01544189453125
0.41802978515625 0.0426025390625 -0.169403076171875 -0.010284423828125
0.4053955078125 0.1241455078125 -0.1309814453125 -0.0536575317382813
0.31500244140625 0.2821044921875 -0.123527526855469 -0.0754165649414063
0.215301513671875 0.364288330078125 -0.050018310546875 -0.0869903564453125
-0.0531005859375 0.4556884765625 0.0275077819824219 -0.0483741760253906
-0.208404541015625 0.48712158203125 0.0937576293945312 0.068511962890625
-0.2908935546875 0.434417724609375 0.0950775146484375 0.131332397460938
-0.2420654296875 0.333160400390625 -0.359710693359375 0.192962646484375
-0.169403076171875 0.329071044921875 -0.138534545898438 0.180145263671875
-0.0909423828125 0.334259033203125 -0.0246849060058594 -0.00764465332031248
0.044342041015625 0.304473876953125 -0.0870513916015625 -0.108146667480469
0.143051147460938 0.232498168945313 -0.192947387695313 -0.115798950195312
0.265335083007813 0.151138305664063 -0.275222778320313 -0.0761871337890625
0.283660888671875 0.0418701171875 -0.315948486328125 -0.00900268554687495
0.270843505859375 0.0277862548828125 -0.30035400390625 0.011627197265625
0.307586669921875 0.027801513671875 -0.28558349609375 0.00131225585937505
0.289093017578125 0.09442138671875 -0.23284912109375 -0.0660858154296875
0.20916748046875 0.210128784179688 -0.1768798828125 -0.091583251953125
0.134292602539062 0.253875732421875 -0.0753555297851562 -0.088165283203125
-0.04632568359375 0.313140869140625 0.00984382629394531 -0.00371170043945311
-0.14556884765625 0.35430908203125 0.0382232666015625 0.171371459960938
-0.209228515625 0.3372802734375 -0.041839599609375 0.241165161132813
-0.0950927734375 0.182662963867188 -0.432830810546875 0.283935546875
-0.06842041015625 0.154312133789063 -0.184494018554687 0.252883911132813
-0.0360870361328125 0.137565612792969 -0.0414505004882812 0.0404396057128906
0.0126495361328125 0.12591552734375 -0.11810302734375 -0.0751724243164062
0.0608673095703125 0.101860046386719 -0.218902587890625 -0.0969085693359375
0.129707336425781 0.0684967041015625 -0.33251953125 -0.0545654296875001
0.135635375976563 0.0127334594726563 -0.3892822265625 0.0227966308593749
0.132057189941406 -0.00240325927734375 -0.371490478515625 0.038177490234375
0.153060913085938 0.00042724609375 -0.35479736328125 0.00592041015625007
0.137382507324219 0.0359954833984375 -0.2919921875 -0.079559326171875
0.0916900634765625 0.0910415649414063 -0.192108154296875 -0.104705810546875
0.0648040771484375 0.0946578979492188 -0.0797119140625 -0.0829925537109375
0.00393676757812499 0.135673522949219 -0.00331878662109375 0.0360450744628906
-0.0322723388671875 0.191558837890625 -0.016815185546875 0.241912841796875
-0.081451416015625 0.206924438476563 -0.152099609375 0.315643310546875
-0.0824508666992188 -0.054473876953125 0.141448974609375 -0.38726806640625
-0.147216796875 -0.0140838623046875 0.031280517578125 -0.28594970703125
-0.11932373046875 0.0699539184570313 -0.0361518859863281 -0.0455207824707031
-0.0502395629882812 0.0936965942382813 0.0486068725585938 0.0795059204101563
-0.0092620849609375 0.0906219482421875 0.14892578125 0.122207641601562
0.0202293395996094 0.0683135986328125 0.307647705078125 0.075775146484375
0.0466651916503906 0.0401725769042969 0.393218994140625 -0.026763916015625
0.0355453491210938 0.0345039367675781 0.38311767578125 -0.078582763671875
0.0257015228271484 0.0208835601806641 0.386077880859375 -0.06524658203125
0.0315132141113281 0.0066375732421875 0.352691650390625 0.016021728515625
0.0463104248046875 0.00615692138671875 0.239761352539063 0.0350799560546875
0.049163818359375 0.0369071960449219 0.139289855957031 0.0069427490234375
0.0187721252441406 0.0580101013183594 0.117149353027344 -0.107688903808594
-0.0175132751464844 0.0294246673583984 0.198638916015625 -0.310028076171875
0.00107288360595703 -0.0127477645874023 0.515716552734375 -0.31072998046875
-0.230819702148437 0.115203857421875 0.14141845703125 -0.37347412109375
-0.254592895507813 0.142669677734375 0.0538330078125 -0.282470703125
-0.204345703125 0.245361328125 -0.0260848999023438 -0.0844497680664062
-0.05010986328125 0.272323608398438 0.0374755859375 0.0356636047363281
0.058258056640625 0.232940673828125 0.106216430664063 0.0927276611328125
0.165618896484375 0.159149169921875 0.260101318359375 0.05865478515625
0.207260131835938 0.065338134765625 0.347930908203125 -0.03338623046875
0.189605712890625 0.05255126953125 0.33831787109375 -0.090240478515625
0.199066162109375 0.03363037109375 0.3431396484375 -0.08154296875
0.197906494140625 0.0512237548828125 0.32232666015625 -0.019622802734375
0.177581787109375 0.114013671875 0.207778930664063 -0.00221252441406249
0.142898559570313 0.182037353515625 0.124336242675781 -0.0283584594726562
0.00228881835937499 0.24749755859375 0.108779907226563 -0.137580871582031
-0.102615356445312 0.24005126953125 0.203704833984375 -0.313690185546875
-0.125701904296875 0.175186157226563 0.51324462890625 -0.311676025390625
-0.34930419921875 0.26898193359375 0.0872802734375 -0.313751220703125
-0.3359375 0.286376953125 0.0519256591796875 -0.240081787109375
-0.264862060546875 0.397186279296875 -0.0134658813476563 -0.11053466796875
-0.046356201171875 0.423065185546875 0.0284442901611328 -0.0188751220703125
0.1160888671875 0.350189208984375 0.0536460876464844 0.0383033752441406
0.285797119140625 0.2327880859375 0.176254272460938 0.02386474609375
0.33709716796875 0.083648681640625 0.248611450195313 -0.041259765625
0.31591796875 0.0618896484375 0.24267578125 -0.0875244140625
0.345489501953125 0.0364990234375 0.2498779296875 -0.0798492431640625
0.34564208984375 0.080657958984375 0.2470703125 -0.0452728271484375
0.29742431640625 0.20166015625 0.144668579101563 -0.033660888671875
0.229705810546875 0.3006591796875 0.0913009643554688 -0.058685302734375
-0.000396728515625004 0.40679931640625 0.092926025390625 -0.145034790039062
-0.161773681640625 0.4197998046875 0.194503784179687 -0.269775390625
-0.223876953125 0.33709716796875 0.46173095703125 -0.25531005859375
-0.41497802734375 0.388458251953125 -0.00729370117187504 -0.214813232421875
-0.364898681640625 0.405609130859375 0.0234832763671875 -0.159561157226562
-0.271209716796875 0.51080322265625 -0.00149536132812503 -0.115814208984375
-0.0162048339843749 0.518829345703125 0.0156784057617188 -0.0746917724609375
0.168609619140625 0.415283203125 -0.00725173950195312 -0.0261058807373047
0.368255615234375 0.271759033203125 0.0656509399414063 -0.0206222534179687
0.418609619140625 0.088470458984375 0.1099853515625 -0.046630859375
0.39630126953125 0.062347412109375 0.11016845703125 -0.071502685546875
0.442474365234375 0.03369140625 0.119842529296875 -0.06292724609375
0.444366455078125 0.098419189453125 0.132530212402344 -0.0570220947265625
0.37750244140625 0.26220703125 0.0567359924316406 -0.0552520751953125
0.286590576171875 0.379638671875 0.0453109741210938 -0.077911376953125
-0.00158691406250004 0.510833740234375 0.0737686157226563 -0.1304931640625
-0.192840576171875 0.53533935546875 0.174118041992188 -0.180694580078125
-0.28643798828125 0.446685791015625 0.368133544921875 -0.148681640625
-0.412078857421875 0.452423095703125 -0.126312255859375 -0.08343505859375
-0.334136962890625 0.47137451171875 -0.0221977233886719 -0.04986572265625
-0.22283935546875 0.55096435546875 0.00141906738281248 -0.098541259765625
0.029449462890625 0.532623291015625 -0.00997161865234373 -0.115791320800781
0.20330810546875 0.411529541015625 -0.0775680541992188 -0.0832214355468749
0.39837646484375 0.26385498046875 -0.0619354248046875 -0.0602226257324219
0.43743896484375 0.0780029296875 -0.0471572875976562 -0.0442276000976562
0.415313720703125 0.054443359375 -0.0408134460449218 -0.0459098815917969
0.4666748046875 0.02911376953125 -0.0282211303710937 -0.0356254577636719
0.466583251953125 0.105438232421875 -0.00284957885742185 -0.058258056640625
0.3905029296875 0.285369873046875 -0.0413818359375 -0.0673027038574219
0.289703369140625 0.4013671875 -0.00676727294921872 -0.0877914428710937
-0.01458740234375 0.533599853515625 0.052642822265625 -0.0970840454101562
-0.203857421875 0.5648193359375 0.14453125 -0.0613555908203125
-0.3048095703125 0.48419189453125 0.243927001953125 -0.0140838623046875
-0.34625244140625 0.4425048828125 -0.249374389648438 0.061798095703125
-0.25567626953125 0.45269775390625 -0.0771560668945313 0.0691375732421875
-0.14251708984375 0.495697021484375 -0.00807571411132814 -0.0627479553222656
0.06500244140625 0.454315185546875 -0.050689697265625 -0.129631042480469
0.2039794921875 0.33917236328125 -0.146209716796875 -0.113677978515625
0.36798095703125 0.210693359375 -0.183792114257812 -0.077239990234375
0.390716552734375 0.05401611328125 -0.197601318359375 -0.02935791015625
0.372589111328125 0.03631591796875 -0.185089111328125 -0.014068603515625
0.4195556640625 0.020721435546875 -0.171066284179687 -0.0106353759765625
0.4119873046875 0.100189208984375 -0.133445739746094 -0.05841064453125
0.33123779296875 0.265655517578125 -0.127616882324219 -0.0771865844726563
0.23565673828125 0.35693359375 -0.0520706176757812 -0.0893478393554687
-0.031341552734375 0.46368408203125 0.0333633422851562 -0.0521659851074218
-0.1854248046875 0.5030517578125 0.1014404296875 0.0630035400390625
-0.27532958984375 0.44818115234375 0.104690551757812 0.12322998046875
-0.23138427734375 0.3526611328125 -0.35546875 0.1943359375
-0.15606689453125 0.3427734375 -0.131576538085938 0.174468994140625
-0.068695068359375 0.348480224609375 -0.0266933441162109 -0.0157127380371094
0.065582275390625 0.306793212890625 -0.0937576293945313 -0.114204406738281
0.157669067382812 0.225509643554687 -0.199203491210938 -0.113037109375
0.276016235351563 0.134780883789063 -0.279586791992188 -0.068878173828125
0.285736083984375 0.023590087890625 -0.319122314453125 -0.000701904296875063
0.272003173828125 0.011077880859375 -0.3021240234375 0.019073486328125
0.30810546875 0.007720947265625 -0.286346435546875 0.00665283203124997
0.294036865234375 0.0738525390625 -0.235092163085938 -0.0641937255859375
0.223068237304687 0.196136474609375 -0.180816650390625 -0.0899353027343749
0.150177001953125 0.245132446289063 -0.0779342651367187 -0.088714599609375
-0.0269775390625 0.31866455078125 0.0158672332763672 -0.0058469772338867
-0.124267578125 0.368408203125 0.050048828125 0.168167114257813
-0.19549560546875 0.352264404296875 -0.030426025390625 0.239990234375
-0.0898284912109375 0.197067260742188 -0.42889404296875 0.29278564453125
-0.0616455078125 0.166534423828125 -0.176956176757813 0.251007080078125
-0.023590087890625 0.148269653320313 -0.0435218811035156 0.0339431762695313
0.0265426635742188 0.128936767578125 -0.124549865722656 -0.0764007568359375
0.071533203125 0.0969085693359375 -0.224945068359375 -0.0900421142578125
0.138481140136719 0.0580215454101562 -0.3359375 -0.042449951171875
0.137313842773438 -0.00061798095703125 -0.390289306640625 0.0357666015625001
0.13299560546875 -0.0154190063476563 -0.37103271484375 0.050018310546875
0.152816772460938 -0.01422119140625 -0.354248046875 0.015777587890625
0.139877319335938 0.0207672119140625 -0.29388427734375 -0.0724182128906251
0.100517272949219 0.080780029296875 -0.195175170898437 -0.0999908447265625
0.0750045776367188 0.08685302734375 -0.0812225341796875 -0.0810317993164063
0.01910400390625 0.137458801269531 0.00354003906250001 0.03594970703125
-0.015472412109375 0.201309204101562 -0.00357055664062502 0.242630004882813
-0.0706787109375 0.217758178710938 -0.1383056640625 0.322509765625
-0.09088134765625 -0.0647354125976563 0.123748779296875 -0.405670166015625
-0.16259765625 -0.0119781494140625 0.01324462890625 -0.29327392578125
-0.130416870117188 0.080413818359375 -0.0415916442871094 -0.0447273254394531
-0.0550994873046875 0.105804443359375 0.0498733520507812 0.0782623291015625
-0.00738525390624999 0.103668212890625 0.1531982421875 0.117462158203125
0.0269775390625 0.07928466796875 0.311614990234375 0.061767578125
0.0532341003417969 0.0475616455078125 0.39752197265625 -0.04638671875
0.0384674072265625 0.0414314270019531 0.384033203125 -0.100860595703125
0.0272483825683594 0.0286045074462891 0.38818359375 -0.0877685546875
0.0283164978027344 0.012786865234375 0.360198974609375 -0.0059814453125
0.0393905639648438 0.00639724731445313 0.249664306640625 0.019622802734375
0.0443115234375 0.03265380859375 0.1483154296875 4.5776367187502E-05
0.0169334411621094 0.0488739013671875 0.117301940917969 -0.11083984375
-0.0197162628173828 0.0190315246582031 0.186798095703125 -0.317718505859375
0.00117111206054688 -0.0246696472167969 0.516387939453125 -0.33563232421875
-0.232467651367188 0.115478515625 0.1224365234375 -0.3955078125
-0.26318359375 0.151077270507813 0.037353515625 -0.29400634765625
-0.2059326171875 0.26336669921875 -0.03399658203125 -0.0868759155273437
-0.044525146484375 0.287322998046875 0.0355339050292969 0.0309066772460938
0.06817626953125 0.243789672851563 0.107093811035156 0.0875396728515625
0.179977416992188 0.162017822265625 0.261306762695313 0.046783447265625
0.216934204101563 0.062652587890625 0.3492431640625 -0.053863525390625
0.196380615234375 0.0495758056640625 0.337158203125 -0.112274169921875
0.204421997070313 0.03045654296875 0.342803955078125 -0.104705810546875
0.200424194335937 0.046173095703125 0.32733154296875 -0.0443115234375
0.1810302734375 0.10797119140625 0.21484375 -0.019927978515625
0.149215698242188 0.175796508789063 0.131515502929688 -0.0385894775390625
0.0122222900390625 0.245208740234375 0.111465454101563 -0.142532348632812
-0.092559814453125 0.241546630859375 0.1953125 -0.32513427734375
-0.118453979492188 0.174514770507813 0.515350341796875 -0.341796875
-0.343353271484375 0.28131103515625 0.070709228515625 -0.335906982421875
-0.334991455078125 0.30169677734375 0.03558349609375 -0.253936767578125
-0.256683349609375 0.420318603515625 -0.0216293334960938 -0.116767883300781
-0.0301513671875 0.4384765625 0.0228328704833984 -0.0280609130859375
0.133514404296875 0.358489990234375 0.0501899719238281 0.0331382751464844
0.306060791015625 0.22943115234375 0.17333984375 0.012786865234375
0.349212646484375 0.073699951171875 0.246017456054688 -0.0583038330078125
0.325439453125 0.0511474609375 0.23944091796875 -0.1068115234375
0.354095458984375 0.021820068359375 0.24786376953125 -0.101913452148438
0.352294921875 0.06494140625 0.2481689453125 -0.0686187744140625
0.3099365234375 0.189239501953125 0.14776611328125 -0.0509033203125
0.246826171875 0.292938232421875 0.0965652465820313 -0.0689620971679687
0.019683837890625 0.411712646484375 0.0964508056640625 -0.15301513671875
-0.140655517578125 0.43011474609375 0.18988037109375 -0.2835693359375
-0.211151123046875 0.34722900390625 0.466094970703125 -0.285888671875
-0.401123046875 0.411712646484375 -0.0201873779296875 -0.23291015625
-0.354278564453125 0.426300048828125 0.012298583984375 -0.17401123046875
-0.24884033203125 0.536102294921875 -0.0101776123046875 -0.1243896484375
0.00845336914062505 0.531494140625 0.00727081298828125 -0.0862045288085937
0.192413330078125 0.419677734375 -0.0152301788330078 -0.0323925018310547
0.391845703125 0.258453369140625 0.0578041076660157 -0.0280914306640625
0.430755615234375 0.071380615234375 0.104789733886719 -0.0583648681640625
0.4063720703125 0.044342041015625 0.104248046875 -0.0853271484375
0.451507568359375 0.010498046875 0.116897583007813 -0.07794189453125
0.454742431640625 0.0732421875 0.130271911621094 -0.0767593383789063
0.399261474609375 0.245269775390625 0.055389404296875 -0.0692710876464844
0.3143310546875 0.370391845703125 0.0468673706054688 -0.0876235961914062
0.024871826171875 0.521514892578125 0.0775299072265625 -0.14019775390625
-0.165283203125 0.556549072265625 0.174591064453125 -0.1954345703125
-0.2691650390625 0.465057373046875 0.37518310546875 -0.1778564453125
-0.394073486328125 0.481781005859375 -0.136276245117188 -0.0938796997070312
-0.316925048828125 0.496002197265625 -0.0271568298339844 -0.0616073608398437
-0.1920166015625 0.5765380859375 -0.00617218017578125 -0.108489990234375
0.06170654296875 0.542083740234375 -0.0213241577148437 -0.128265380859375
0.23052978515625 0.408660888671875 -0.0878753662109375 -0.08697509765625
0.42327880859375 0.244110107421875 -0.071685791015625 -0.0625534057617187
0.44964599609375 0.054840087890625 -0.0553855895996094 -0.047821044921875
0.42547607421875 0.031951904296875 -0.0478591918945312 -0.0512504577636719
0.476531982421875 0.000701904296875 -0.0329399108886718 -0.0431442260742187
0.478271484375 0.0751953125 -0.00882720947265621 -0.0710525512695313
0.41583251953125 0.266998291015625 -0.0474166870117187 -0.0747451782226562
0.320343017578125 0.39141845703125 -0.00979614257812498 -0.0941619873046875
0.0162353515625 0.546142578125 0.0577316284179687 -0.10546875
-0.1722412109375 0.590576171875 0.149917602539063 -0.0750579833984375
-0.286102294921875 0.509124755859375 0.25390625 -0.0351715087890625
-0.326690673828125 0.474639892578125 -0.25506591796875 0.0612335205078126
-0.23272705078125 0.4794921875 -0.0760040283203125 0.0617828369140625
-0.10943603515625 0.5189208984375 -0.0137405395507813 -0.0731658935546875
0.099334716796875 0.459716796875 -0.0629196166992188 -0.140426635742187
0.22900390625 0.332550048828125 -0.1590576171875 -0.114425659179688
0.389739990234375 0.18865966796875 -0.195220947265625 -0.072723388671875
0.3990478515625 0.02825927734375 -0.207656860351563 -0.024566650390625
0.380401611328125 0.011749267578125 -0.192596435546875 -0.0108795166015625
0.426483154296875 -0.007781982421875 -0.17657470703125 -0.0093231201171875
0.42388916015625 0.0706787109375 -0.14178466796875 -0.06317138671875
0.35589599609375 0.246337890625 -0.136482238769531 -0.0794448852539062
0.26483154296875 0.34759521484375 -0.056121826171875 -0.0933456420898437
0.000244140625000018 0.4765625 0.0385475158691406 -0.0595054626464843
-0.155181884765625 0.527587890625 0.112030029296875 0.0536117553710938
-0.256011962890625 0.47406005859375 0.117645263671875 0.112922668457031
-0.2152099609375 0.381561279296875 -0.356781005859375 0.204681396484375
-0.1370849609375 0.3658447265625 -0.126678466796875 0.173416137695313
-0.040008544921875 0.366302490234375 -0.0306205749511719 -0.0245914459228515
0.09466552734375 0.30963134765625 -0.107269287109375 -0.119941711425781
0.177978515625 0.217315673828125 -0.211502075195313 -0.107711791992187
0.292999267578125 0.115081787109375 -0.291107177734375 -0.057952880859375
0.29150390625 0.00048828125 -0.327362060546875 0.0127258300781251
0.277359008789062 -0.0106964111328125 -0.308502197265625 0.029998779296875
0.310943603515625 -0.01727294921875 -0.29241943359375 0.01666259765625
0.3016357421875 0.048095703125 -0.245101928710937 -0.06072998046875
0.241729736328125 0.17913818359375 -0.190811157226562 -0.08758544921875
0.172195434570313 0.236923217773438 -0.0839462280273437 -0.0888290405273438
-0.00088500976562497 0.32818603515625 0.0224056243896484 -0.0103168487548828
-0.09619140625 0.388519287109375 0.0643157958984375 0.16485595703125
-0.177459716796875 0.375152587890625 -0.0143585205078125 0.2421875
-0.081024169921875 0.219100952148438 -0.428009033203125 0.3123779296875
-0.051971435546875 0.184280395507813 -0.169723510742188 0.255996704101563
-0.00573730468749999 0.161712646484375 -0.048126220703125 0.0287399291992188
0.0457916259765625 0.131095886230469 -0.137435913085938 -0.0761184692382812
0.08489990234375 0.0919418334960937 -0.236831665039063 -0.080108642578125
0.148757934570313 0.0442352294921875 -0.344696044921875 -0.02532958984375
0.139938354492187 -0.0171051025390625 -0.396514892578125 0.0564270019531251
0.132766723632813 -0.03118896484375 -0.375823974609375 0.0675048828125
0.151138305664063 -0.0323028564453125 -0.3602294921875 0.030731201171875
0.141815185546875 0.0024566650390625 -0.302703857421875 -0.06298828125
0.110687255859375 0.0670089721679688 -0.203399658203125 -0.0931396484375
0.0879745483398438 0.0769424438476563 -0.0850753784179687 -0.080169677734375
0.0392608642578125 0.139747619628906 0.0114765167236328 0.0344505310058594
0.00753784179687501 0.211746215820313 0.0152435302734375 0.244735717773438
-0.0554046630859375 0.234451293945313 -0.12066650390625 0.3349609375
-0.104698181152344 -0.0732498168945313 0.0906982421875 -0.42486572265625
-0.18096923828125 -0.00267028808593753 -0.013214111328125 -0.298370361328125
-0.1392822265625 0.0975418090820313 -0.0481109619140625 -0.0415420532226562
-0.0552291870117188 0.122909545898438 0.0532302856445312 0.076873779296875
0.000518798828124988 0.117645263671875 0.15960693359375 0.109237670898438
0.03863525390625 0.0888595581054688 0.316314697265625 0.042144775390625
0.0638465881347656 0.0535163879394531 0.3985595703125 -0.0760498046875
0.0463066101074219 0.0477867126464844 0.37945556640625 -0.1298828125
0.0322647094726563 0.0364418029785156 0.38421630859375 -0.120391845703125
0.0270118713378906 0.0200157165527344 0.364990234375 -0.03753662109375
0.0316734313964844 0.00900459289550781 0.258071899414063 -0.00494384765625
0.0382308959960938 0.0294418334960938 0.156723022460938 -0.0129241943359375
0.0125579833984375 0.0388450622558594 0.11614990234375 -0.115959167480469
-0.0243434906005859 0.00769805908203125 0.168487548828125 -0.3267822265625
-0.00239181518554687 -0.0388603210449219 0.506500244140625 -0.372222900390625
-0.23309326171875 0.1214599609375 0.090789794921875 -0.4183349609375
-0.268447875976563 0.168701171875 0.00885009765624999 -0.30389404296875
-0.200439453125 0.286712646484375 -0.0442123413085938 -0.087310791015625
-0.030975341796875 0.30584716796875 0.0323009490966797 0.026571273803711
0.0875244140625 0.253646850585938 0.108322143554688 0.0803756713867188
0.199554443359375 0.16033935546875 0.261093139648437 0.0282440185546875
0.230453491210938 0.0557098388671875 0.344970703125 -0.082122802734375
0.20599365234375 0.043731689453125 0.32830810546875 -0.1417236328125
0.211273193359375 0.023040771484375 0.336517333984375 -0.136688232421875
0.2030029296875 0.0374298095703125 0.327789306640625 -0.07757568359375
0.184463500976563 0.0993804931640625 0.2178955078125 -0.0449066162109375
0.157760620117188 0.166122436523438 0.137313842773438 -0.053741455078125
0.0255584716796875 0.239822387695312 0.1107177734375 -0.15191650390625
-0.0791473388671875 0.2406005859375 0.179107666015625 -0.339752197265625
-0.108474731445313 0.173110961914062 0.5042724609375 -0.385162353515625
-0.331207275390625 0.300323486328125 0.0400390625 -0.35894775390625
-0.32720947265625 0.325897216796875 0.0109405517578125 -0.267364501953125
-0.235260009765625 0.448089599609375 -0.0353775024414063 -0.120933532714844
-0.00216674804687503 0.454559326171875 0.0135726928710938 -0.0360183715820312
0.161346435546875 0.360992431640625 0.0456962585449219 0.0264129638671875
0.331451416015625 0.21514892578125 0.168472290039063 -0.000564575195312487
0.362823486328125 0.054290771484375 0.239028930664063 -0.08099365234375
0.33551025390625 0.032257080078125 0.228958129882813 -0.13092041015625
0.361083984375 -0.000335693359375 0.239395141601563 -0.128875732421875
0.359466552734375 0.041534423828125 0.243392944335938 -0.0997314453125
0.3250732421875 0.1702880859375 0.145339965820313 -0.07305908203125
0.269607543945313 0.27813720703125 0.0982818603515625 -0.0842666625976562
0.048675537109375 0.411285400390625 0.0967559814453125 -0.166183471679687
-0.110443115234375 0.441314697265625 0.17840576171875 -0.302337646484375
-0.190185546875 0.360260009765625 0.4583740234375 -0.33099365234375
-0.3768310546875 0.442047119140625 -0.0450439453125 -0.250213623046875
-0.331787109375 0.45379638671875 -0.00753784179687501 -0.187652587890625
-0.21343994140625 0.562744140625 -0.0242767333984375 -0.132591247558594
0.048065185546875 0.542877197265625 -0.0078582763671875 -0.0974197387695312
0.2255859375 0.41485595703125 -0.0255470275878906 -0.0372505187988281
0.419342041015625 0.234375 0.0482940673828125 -0.0358123779296875
0.442474365234375 0.041656494140625 0.0944900512695313 -0.0715255737304688
0.41583251953125 0.015289306640625 0.0933609008789063 -0.100631713867188
0.457275390625 -0.023956298828125 0.107398986816406 -0.0964279174804688
0.462310791015625 0.037353515625 0.121475219726563 -0.100196838378906
0.422210693359375 0.21649169921875 0.0477523803710938 -0.0842132568359375
0.347412109375 0.35186767578125 0.0444564819335938 -0.100326538085937
0.0647277832031251 0.525238037109375 0.0781097412109375 -0.15447998046875
-0.12457275390625 0.573486328125 0.169143676757813 -0.216217041015625
-0.23980712890625 0.488922119140625 0.374298095703125 -0.217376708984375
-0.361328125 0.519500732421875 -0.151031494140625 -0.102294921875
-0.2822265625 0.52532958984375 -0.0380325317382813 -0.0732421875
-0.1456298828125 0.60125732421875 -0.0183258056640625 -0.119338989257812
0.108154296875 0.54534912109375 -0.0391769409179687 -0.1396484375
0.265167236328125 0.396759033203125 -0.103118896484375 -0.08837890625
0.449462890625 0.212127685546875 -0.084381103515625 -0.0616531372070312
0.45904541015625 0.021240234375 -0.0664710998535156 -0.0504875183105469
0.43304443359375 -0.003021240234375 -0.0581588745117187 -0.0558242797851563
0.4813232421875 -0.039031982421875 -0.0419769287109375 -0.0498008728027344
0.4891357421875 0.033203125 -0.019500732421875 -0.0832672119140625
0.444671630859375 0.23358154296875 -0.0581436157226562 -0.082061767578125
0.359130859375 0.371429443359375 -0.014862060546875 -0.102874755859375
0.064056396484375 0.55426025390625 0.0587997436523437 -0.120155334472656
-0.12518310546875 0.611572265625 0.151260375976563 -0.0937957763671875
-0.2506103515625 0.537353515625 0.260055541992187 -0.0648956298828125
-0.292083740234375 0.511444091796875 -0.260009765625 0.0656280517578126
-0.19622802734375 0.50677490234375 -0.0767974853515625 0.0547256469726563
-0.059844970703125 0.53607177734375 -0.0241851806640625 -0.083465576171875
0.145050048828125 0.455841064453125 -0.0824432373046875 -0.148162841796875
0.26141357421875 0.315948486328125 -0.17535400390625 -0.108932495117187
0.41156005859375 0.15435791015625 -0.208114624023437 -0.062957763671875
0.404632568359375 -0.006683349609375 -0.217239379882813 -0.0141754150390625
0.384613037109375 -0.022186279296875 -0.200714111328125 -0.00332641601562497
0.4283447265625 -0.047454833984375 -0.1849365234375 -0.00337219238281253
0.43133544921875 0.029754638671875 -0.1534423828125 -0.0634918212890625
0.383544921875 0.214569091796875 -0.148651123046875 -0.0772247314453125
0.299285888671875 0.3270263671875 -0.0636672973632813 -0.0965957641601562
0.044189453125 0.48583984375 0.041229248046875 -0.0708236694335937
-0.10675048828125 0.548309326171875 0.122154235839844 0.03912353515625
-0.22161865234375 0.504150390625 0.131355285644531 0.0966339111328125
-0.185150146484375 0.41485595703125 -0.353271484375 0.22119140625
-0.10498046875 0.38916015625 -0.118942260742188 0.172805786132813
-6.10351562499658E-05 0.379058837890625 -0.0392570495605469 -0.031982421875
0.13275146484375 0.30377197265625 -0.125518798828125 -0.121444702148437
0.202972412109375 0.200836181640625 -0.227340698242188 -0.0963745117187499
0.308837890625 0.084564208984375 -0.30194091796875 -0.039031982421875
0.29266357421875 -0.03057861328125 -0.33428955078125 0.03326416015625
0.276824951171875 -0.0400848388671875 -0.314056396484375 0.0487670898437501
0.309173583984375 -0.05084228515625 -0.298736572265625 0.032928466796875
0.30377197265625 0.01446533203125 -0.256423950195313 -0.05096435546875
0.261383056640625 0.152603149414063 -0.202835083007812 -0.0792236328125
0.19805908203125 0.218917846679688 -0.09051513671875 -0.0890045166015625
0.03485107421875 0.33197021484375 0.0279541015625 -0.0188941955566406
-0.054962158203125 0.40386962890625 0.08184814453125 0.156036376953125
-0.1461181640625 0.400543212890625 0.00601196289062497 0.239990234375
-0.0616607666015625 0.24298095703125 -0.418365478515625 0.34100341796875
-0.0320587158203125 0.2022705078125 -0.157196044921875 0.262985229492188
0.0191650390625 0.171234130859375 -0.0541496276855469 0.0252609252929688
0.0685195922851563 0.12835693359375 -0.15313720703125 -0.071441650390625
0.100532531738281 0.0813827514648438 -0.249588012695313 -0.0630035400390625
0.1578369140625 0.0228271484375 -0.351776123046875 0.00045776367187496
0.13775634765625 -0.0384292602539063 -0.398956298828125 0.0854187011718749
0.128181457519531 -0.051239013671875 -0.376922607421875 0.0935058593749999
0.144363403320312 -0.0545501708984375 -0.3634033203125 0.0538024902343749
0.138748168945313 -0.0203933715820312 -0.3121337890625 -0.04608154296875
0.118705749511719 0.0476760864257812 -0.212661743164063 -0.082550048828125
0.100418090820313 0.0609207153320312 -0.0899810791015625 -0.0778427124023437
0.0633010864257813 0.135223388671875 0.0199718475341797 0.0294551849365234
0.039276123046875 0.217788696289063 0.0388031005859375 0.242477416992187
-0.02984619140625 0.25 -0.09356689453125 0.34619140625
-0.123458862304688 -0.0772857666015625 0.04766845703125 -0.42926025390625
-0.197128295898438 0.014862060546875 -0.044830322265625 -0.292236328125
-0.142333984375 0.118621826171875 -0.0539817810058594 -0.0359268188476562
-0.0500030517578125 0.141799926757813 0.05535888671875 0.07391357421875
0.0131912231445313 0.130546569824219 0.163711547851562 0.097930908203125
0.0553207397460937 0.0959396362304688 0.313629150390625 0.01922607421875
0.0772933959960938 0.0557937622070313 0.38775634765625 -0.106781005859375
0.05615234375 0.0522117614746094 0.362457275390625 -0.160614013671875
0.0414276123046875 0.0434532165527344 0.367950439453125 -0.15203857421875
0.0288429260253906 0.02838134765625 0.357666015625 -0.07391357421875
0.0251674652099609 0.0154170989990234 0.256881713867188 -0.034576416015625
0.0302906036376953 0.0292625427246094 0.160568237304688 -0.0298004150390625
0.00444221496582031 0.0295906066894531 0.1131591796875 -0.119728088378906
-0.0338153839111328 -0.002777099609375 0.144439697265625 -0.328094482421875
-0.0114555358886719 -0.0536880493164063 0.480224609375 -0.408111572265625
-0.23150634765625 0.127639770507813 0.044830322265625 -0.427703857421875
-0.268142700195313 0.18829345703125 -0.02496337890625 -0.303253173828125
-0.185272216796875 0.30859375 -0.0560226440429688 -0.0835418701171875
-0.00866699218749998 0.317657470703125 0.027191162109375 0.0231990814208985
0.110397338867187 0.256393432617188 0.107139587402344 0.0709152221679688
0.218765258789063 0.150665283203125 0.25457763671875 0.00889587402343751
0.242050170898438 0.0436248779296875 0.3314208984375 -0.109710693359375
0.213485717773438 0.0326995849609375 0.3092041015625 -0.16998291015625
0.215713500976562 0.012908935546875 0.31658935546875 -0.168365478515625
0.203033447265625 0.0272216796875 0.31494140625 -0.11376953125
0.184829711914063 0.089447021484375 0.21099853515625 -0.07244873046875
0.162200927734375 0.152496337890625 0.136466979980469 -0.0720977783203125
0.0371856689453125 0.22882080078125 0.10693359375 -0.16229248046875
-0.0649566650390625 0.234344482421875 0.15521240234375 -0.348602294921875
-0.0972747802734375 0.166519165039063 0.475860595703125 -0.427703857421875
-0.30938720703125 0.314727783203125 3.05175781249587E-05 -0.36968994140625
-0.308746337890625 0.346221923828125 -0.0227508544921875 -0.270416259765625
-0.2034912109375 0.46826171875 -0.051239013671875 -0.120208740234375
0.033050537109375 0.45947265625 0.000499725341796876 -0.0413017272949218
0.1910400390625 0.353057861328125 0.0376739501953125 0.020965576171875
0.35247802734375 0.190826416015625 0.157073974609375 -0.0140228271484375
0.3692626953125 0.0277099609375 0.221923828125 -0.101791381835938
0.3387451171875 0.009979248046875 0.208221435546875 -0.153701782226562
0.35992431640625 -0.025390625 0.218414306640625 -0.154998779296875
0.35693359375 0.01312255859375 0.227554321289063 -0.130233764648437
0.332305908203125 0.143218994140625 0.135177612304688 -0.096038818359375
0.28680419921875 0.2520751953125 0.0947189331054688 -0.101509094238281
0.078155517578125 0.398529052734375 0.0918426513671875 -0.179779052734375
-0.07513427734375 0.437652587890625 0.157623291015625 -0.31683349609375
-0.1610107421875 0.3609619140625 0.432952880859375 -0.37481689453125
-0.33795166015625 0.46319580078125 -0.07769775390625 -0.258438110351562
-0.296722412109375 0.474273681640625 -0.0328216552734375 -0.1939697265625
-0.16632080078125 0.5753173828125 -0.0428466796875 -0.1351318359375
0.093048095703125 0.5357666015625 -0.027801513671875 -0.102989196777344
0.258819580078125 0.396087646484375 -0.0397567749023437 -0.0379295349121094
0.4383544921875 0.198089599609375 0.0344161987304688 -0.0401992797851562
0.444915771484375 0.0062255859375 0.0783615112304688 -0.08270263671875
0.414215087890625 -0.01849365234375 0.0758438110351563 -0.113838195800781
0.452880859375 -0.062164306640625 0.0910491943359375 -0.112510681152344
0.45758056640625 -0.0040283203125 0.104049682617188 -0.122329711914063
0.43572998046875 0.1776123046875 0.034393310546875 -0.0985870361328125
0.373199462890625 0.318817138671875 0.0378189086914063 -0.113601684570313
0.109832763671875 0.513458251953125 0.0721282958984375 -0.170425415039063
-0.07318115234375 0.57501220703125 0.1544189453125 -0.235626220703125
-0.1966552734375 0.497833251953125 0.3568115234375 -0.258758544921875
-0.312164306640625 0.542938232421875 -0.170822143554688 -0.104827880859375
-0.2369384765625 0.54241943359375 -0.0519561767578125 -0.0812301635742187
-0.08856201171875 0.60650634765625 -0.0360946655273438 -0.124885559082031
0.15618896484375 0.529083251953125 -0.0627593994140625 -0.144073486328125
0.297088623046875 0.36834716796875 -0.119972229003906 -0.0821304321289062
0.463958740234375 0.16888427734375 -0.0978775024414062 -0.0553054809570313
0.454864501953125 -0.020843505859375 -0.078765869140625 -0.0489425659179687
0.42742919921875 -0.041351318359375 -0.0698165893554687 -0.0574455261230469
0.470489501953125 -0.081817626953125 -0.0537376403808594 -0.0533943176269531
0.48187255859375 -0.013214111328125 -0.0355300903320312 -0.0929107666015625
0.461212158203125 0.18896484375 -0.0723419189453125 -0.0858306884765625
0.389984130859375 0.334442138671875 -0.0228805541992187 -0.110321044921875
0.114471435546875 0.5418701171875 0.053863525390625 -0.13641357421875
-0.06561279296875 0.61529541015625 0.145187377929688 -0.115402221679687
-0.2041015625 0.552764892578125 0.254669189453125 -0.099365234375
-0.23907470703125 0.539306640625 -0.262451171875 0.0710296630859375
-0.1446533203125 0.51898193359375 -0.0790176391601563 0.046295166015625
-0.00161743164062497 0.534271240234375 -0.0385665893554688 -0.0904769897460937
0.189666748046875 0.43304443359375 -0.10614013671875 -0.149002075195312
0.288970947265625 0.28369140625 -0.19049072265625 -0.0960540771484375
0.420135498046875 0.1080322265625 -0.218673706054687 -0.0479278564453125
0.397125244140625 -0.048126220703125 -0.223861694335938 -0.000717163085937497
0.374603271484375 -0.060699462890625 -0.2069091796875 0.00706481933593751
0.41436767578125 -0.089385986328125 -0.1903076171875 0.00585937500000003
0.4224853515625 -0.017242431640625 -0.166641235351562 -0.0602569580078125
0.39837646484375 0.171630859375 -0.160736083984375 -0.0707550048828125
0.3291015625 0.291351318359375 -0.0723495483398437 -0.0979385375976563
0.0953369140625 0.4735107421875 0.0384292602539063 -0.0847320556640625
-0.0478515625 0.55328369140625 0.126777648925781 0.0190505981445313
-0.17327880859375 0.520416259765625 0.139732360839844 0.0718002319335938
-0.1390380859375 0.438201904296875 -0.340301513671875 0.23779296875
-0.060638427734375 0.402069091796875 -0.108688354492187 0.16839599609375
0.0479736328125 0.37664794921875 -0.0506324768066406 -0.0376396179199219
0.168548583984375 0.28338623046875 -0.145111083984375 -0.115219116210937
0.224090576171875 0.172592163085938 -0.23858642578125 -0.0773773193359375
0.3131103515625 0.043426513671875 -0.305877685546875 -0.014251708984375
0.282745361328125 -0.064666748046875 -0.332275390625 0.0584716796875
0.264617919921875 -0.0714263916015625 -0.3115234375 0.0700378417968749
0.29266357421875 -0.084869384765625 -0.299346923828125 0.0515136718749999
0.294342041015625 -0.022796630859375 -0.26513671875 -0.036224365234375
0.270919799804688 0.1163330078125 -0.21246337890625 -0.065673828125
0.220260620117188 0.189971923828125 -0.0972213745117188 -0.0862808227539062
0.07525634765625 0.3209228515625 0.0293407440185547 -0.0305194854736328
-0.00350952148437498 0.405181884765625 0.0973892211914062 0.139869689941406
-0.10174560546875 0.41461181640625 0.027557373046875 0.227371215820313
-0.0313720703125 0.259750366210938 -0.395111083984375 0.365325927734375
-0.00433349609375 0.21392822265625 -0.139389038085938 0.265350341796875
0.0482940673828125 0.17279052734375 -0.0609359741210938 0.023468017578125
0.0916519165039062 0.115928649902344 -0.167312622070313 -0.0596771240234375
0.11309814453125 0.0633544921875 -0.256011962890625 -0.0390777587890625
0.159423828125 -0.00457763671875 -0.349365234375 0.0313415527343751
0.126922607421875 -0.0612640380859375 -0.388702392578125 0.117645263671875
0.11505126953125 -0.0714492797851563 -0.368927001953125 0.121826171875
0.128929138183594 -0.0763092041015625 -0.35858154296875 0.0807495117187501
0.126869201660156 -0.0435867309570313 -0.314544677734375 -0.02545166015625
0.11981201171875 0.0233154296875 -0.218734741210938 -0.066497802734375
0.10833740234375 0.0386199951171875 -0.0946884155273438 -0.0730438232421875
0.0876998901367187 0.121208190917969 0.0269126892089844 0.0210494995117188
0.0755615234375 0.2115478515625 0.062957763671875 0.230621337890625
0.0030517578125 0.257843017578125 -0.05999755859375 0.3460693359375
-0.1431884765625 -0.078033447265625 0.00711059570312495 -0.415313720703125
-0.206832885742187 0.03466796875 -0.06951904296875 -0.274261474609375
-0.139312744140625 0.138809204101563 -0.0575637817382813 -0.0282249450683594
-0.0391387939453125 0.156723022460937 0.0543670654296875 0.0710983276367188
0.030609130859375 0.140052795410156 0.1619873046875 0.087677001953125
0.0732955932617188 0.0968093872070313 0.302093505859375 0.00186157226562501
0.0936660766601563 0.0543365478515625 0.365692138671875 -0.1295166015625
0.068267822265625 0.0515937805175781 0.336578369140625 -0.17828369140625
0.0511970520019531 0.0477104187011719 0.34039306640625 -0.174224853515625
0.0330924987792969 0.0360870361328125 0.338470458984375 -0.10162353515625
0.0195446014404297 0.0241508483886719 0.24468994140625 -0.0598297119140625
0.0195541381835938 0.0320148468017578 0.157882690429688 -0.0454864501953125
-0.0103778839111328 0.0223026275634766 0.110153198242188 -0.121841430664063
-0.0485420227050781 -0.0114707946777344 0.125457763671875 -0.320281982421875
-0.0257644653320313 -0.0664138793945313 0.446502685546875 -0.42840576171875
-0.230117797851562 0.130722045898438 0.000885009765624977 -0.418243408203125
-0.263320922851563 0.205474853515625 -0.05279541015625 -0.287750244140625
-0.166961669921875 0.32171630859375 -0.0649795532226563 -0.0755844116210937
0.014434814453125 0.323516845703125 0.0200519561767578 0.021322250366211
0.131332397460938 0.250503540039063 0.101348876953125 0.0639419555664063
0.234375 0.136703491210937 0.240219116210938 -0.00444030761718749
0.24835205078125 0.0320281982421875 0.306304931640625 -0.1278076171875
0.216766357421875 0.023590087890625 0.280303955078125 -0.187652587890625
0.216522216796875 0.0054779052734375 0.286468505859375 -0.186737060546875
0.198715209960938 0.0214996337890625 0.2886962890625 -0.14093017578125
0.18115234375 0.079864501953125 0.194503784179687 -0.0946502685546875
0.159164428710938 0.13818359375 0.130256652832031 -0.089263916015625
0.0408477783203125 0.213119506835938 0.102569580078125 -0.168106079101563
-0.057159423828125 0.2215576171875 0.133453369140625 -0.347320556640625
-0.0935516357421875 0.155105590820313 0.436981201171875 -0.45367431640625
-0.28875732421875 0.313720703125 -0.04345703125 -0.3634033203125
-0.2880859375 0.3564453125 -0.0515289306640625 -0.261459350585938
-0.171112060546875 0.47528076171875 -0.0664215087890625 -0.113197326660156
0.064239501953125 0.45098876953125 -0.0130844116210937 -0.0417633056640625
0.2138671875 0.336883544921875 0.0275058746337891 0.0183544158935547
0.362030029296875 0.164337158203125 0.141937255859375 -0.0195770263671875
0.366790771484375 0.0048828125 0.1981201171875 -0.114013671875
0.3341064453125 -0.00958251953125 0.18182373046875 -0.165298461914063
0.350799560546875 -0.046478271484375 0.1920166015625 -0.169265747070312
0.344818115234375 -0.007232666015625 0.199966430664063 -0.15142822265625
0.327239990234375 0.12078857421875 0.116767883300781 -0.113677978515625
0.290313720703125 0.224365234375 0.0860977172851563 -0.115859985351563
0.09564208984375 0.37628173828125 0.0821380615234375 -0.190689086914062
-0.04931640625 0.420684814453125 0.136138916015625 -0.322601318359375
-0.1368408203125 0.3494873046875 0.395721435546875 -0.4049072265625
-0.297210693359375 0.465057373046875 -0.111373901367188 -0.255813598632812
-0.260589599609375 0.478057861328125 -0.0582733154296875 -0.189071655273437
-0.12542724609375 0.570556640625 -0.0608749389648438 -0.133094787597656
0.127166748046875 0.51666259765625 -0.0496902465820313 -0.101921081542969
0.2786865234375 0.368499755859375 -0.0541877746582031 -0.0353813171386719
0.44110107421875 0.16192626953125 0.0189895629882813 -0.0394401550292969
0.435943603515625 -0.024200439453125 0.0603866577148438 -0.088165283203125
0.40087890625 -0.04620361328125 0.0541610717773438 -0.12054443359375
0.43389892578125 -0.09185791015625 0.0685577392578125 -0.12188720703125
0.438385009765625 -0.03668212890625 0.0790863037109375 -0.13671875
0.432952880859375 0.141143798828125 0.0183868408203125 -0.106895446777344
0.38262939453125 0.280517578125 0.0276107788085938 -0.124374389648437
0.13995361328125 0.48565673828125 0.061553955078125 -0.184890747070312
-0.030914306640625 0.5552978515625 0.1358642578125 -0.247756958007812
-0.159820556640625 0.486663818359375 0.325042724609375 -0.29156494140625
-0.26031494140625 0.54559326171875 -0.192138671875 -0.104110717773437
-0.18798828125 0.537078857421875 -0.0699691772460938 -0.0840835571289062
-0.0399169921875 0.5867919921875 -0.0544815063476562 -0.126312255859375
0.190338134765625 0.493804931640625 -0.08709716796875 -0.140419006347656
0.31341552734375 0.332672119140625 -0.134605407714844 -0.0727310180664062
0.458648681640625 0.123260498046875 -0.108840942382812 -0.0464401245117188
0.438201904296875 -0.0538330078125 -0.0895309448242187 -0.0460128784179687
0.40594482421875 -0.070648193359375 -0.0852203369140624 -0.0554733276367188
0.446136474609375 -0.115966796875 -0.0669479370117187 -0.0540657043457031
0.458404541015625 -0.05242919921875 -0.0552444458007812 -0.0968856811523438
0.457733154296875 0.143280029296875 -0.0862045288085937 -0.0841064453125
0.40472412109375 0.2901611328125 -0.0328826904296875 -0.116607666015625
0.153717041015625 0.511627197265625 0.0435791015625 -0.150650024414062
-0.013427734375 0.59619140625 0.132575988769531 -0.132072448730469
-0.156494140625 0.54534912109375 0.237960815429687 -0.131393432617187
-0.1832275390625 0.53704833984375 -0.264923095703125 0.0732879638671875
-0.095458984375 0.513580322265625 -0.08514404296875 0.0377502441406251
0.04779052734375 0.5125732421875 -0.0537796020507813 -0.0942764282226562
0.222259521484375 0.396514892578125 -0.12738037109375 -0.14373779296875
0.298492431640625 0.247467041015625 -0.203140258789063 -0.0802459716796875
0.40924072265625 0.065582275390625 -0.22259521484375 -0.032257080078125
0.37274169921875 -0.079071044921875 -0.224761962890625 0.0118560791015625
0.353271484375 -0.090179443359375 -0.208450317382813 0.017425537109375
0.3863525390625 -0.120147705078125 -0.194473266601562 0.014404296875
0.3974609375 -0.055023193359375 -0.179306030273437 -0.0553741455078125
0.39501953125 0.126129150390625 -0.17034912109375 -0.0626678466796875
0.343017578125 0.2493896484375 -0.0806655883789063 -0.0989837646484375
0.132904052734375 0.447021484375 0.0331802368164063 -0.0970840454101562
0.00561523437499998 0.534515380859375 0.123695373535156 -0.000328063964843717
-0.12274169921875 0.516571044921875 0.1370849609375 0.0473175048828125
-0.08905029296875 0.44232177734375 -0.325225830078125 0.241302490234375
-0.015960693359375 0.3968505859375 -0.102203369140625 0.1573486328125
0.089263916015625 0.355743408203125 -0.062652587890625 -0.0421714782714844
0.192535400390625 0.2518310546875 -0.16241455078125 -0.103164672851562
0.231674194335937 0.139556884765625 -0.243606567382813 -0.058441162109375
0.30340576171875 0.00946044921875 -0.300323486328125 0.00854492187500004
0.258819580078125 -0.0894622802734375 -0.32208251953125 0.07781982421875
0.241668701171875 -0.093536376953125 -0.302459716796875 0.08477783203125
0.266571044921875 -0.10723876953125 -0.29144287109375 0.0682373046875
0.2706298828125 -0.0518798828125 -0.2685546875 -0.022979736328125
0.26556396484375 0.08099365234375 -0.216903686523437 -0.0532379150390625
0.225997924804688 0.155288696289063 -0.103652954101563 -0.0827865600585937
0.10589599609375 0.2957763671875 0.0281524658203125 -0.042327880859375
0.0391845703125 0.387054443359375 0.103042602539062 0.1177978515625
-0.057342529296875 0.408416748046875 0.0427703857421875 0.20733642578125
0.00228881835937497 0.266998291015625 -0.36871337890625 0.376312255859375
0.0269012451171875 0.215682983398438 -0.124984741210937 0.257171630859375
0.0771026611328125 0.162689208984375 -0.0692291259765625 0.0222053527832031
0.107025146484375 0.0963287353515625 -0.17791748046875 -0.0434112548828125
0.119422912597656 0.0422134399414063 -0.253662109375 -0.0160675048828125
0.150115966796875 -0.0292816162109375 -0.334075927734375 0.056121826171875
0.109359741210938 -0.0793609619140625 -0.368499755859375 0.14031982421875
0.0962677001953125 -0.0853271484375 -0.350372314453125 0.14105224609375
0.105278015136719 -0.0894088745117188 -0.34478759765625 0.099700927734375
0.105766296386719 -0.0599441528320313 -0.310882568359375 -0.00466918945312507
0.111236572265625 0.00145721435546875 -0.218673706054687 -0.05242919921875
0.106956481933594 0.0145263671875 -0.0954513549804687 -0.0711746215820313
0.106475830078125 0.0991287231445313 0.0312843322753906 0.0105457305908203
0.107131958007813 0.191116333007813 0.0806427001953125 0.209213256835938
0.036895751953125 0.253524780273438 -0.030548095703125 0.331085205078125
-0.162933349609375 -0.0729217529296875 -0.01611328125 -0.39306640625
-0.214767456054688 0.0560150146484375 -0.0828857421875 -0.251937866210938
-0.135147094726563 0.15771484375 -0.0579872131347656 -0.0190505981445313
-0.0263214111328125 0.172119140625 0.0553970336914063 0.0718307495117188
0.047393798828125 0.144485473632813 0.157546997070313 0.082305908203125
0.092132568359375 0.0967636108398438 0.29083251953125 -0.006622314453125
0.107437133789062 0.04913330078125 0.345916748046875 -0.138885498046875
0.0800857543945313 0.0532989501953125 0.3150634765625 -0.185546875
0.0654258728027344 0.0501708984375 0.316925048828125 -0.1807861328125
0.0405197143554688 0.0452613830566406 0.316192626953125 -0.11578369140625
0.0175323486328125 0.0363845825195313 0.22998046875 -0.0758209228515625
0.0102615356445313 0.0381431579589844 0.15496826171875 -0.0571136474609375
-0.02557373046875 0.0201930999755859 0.112052917480469 -0.123153686523437
-0.0663719177246094 -0.0138435363769531 0.11865234375 -0.30670166015625
-0.042755126953125 -0.074066162109375 0.422119140625 -0.430877685546875
-0.23651123046875 0.127197265625 -0.02960205078125 -0.399200439453125
-0.26226806640625 0.21875 -0.07269287109375 -0.267227172851563
-0.15484619140625 0.333526611328125 -0.0718307495117188 -0.0663070678710937
0.029815673828125 0.326629638671875 0.0140666961669922 0.0244407653808594
0.147979736328125 0.248062133789063 0.0921859741210938 0.06195068359375
0.247146606445312 0.126296997070312 0.2261962890625 -0.00755310058593749
0.254302978515625 0.0198516845703125 0.2850341796875 -0.134979248046875
0.219131469726563 0.0172119140625 0.25543212890625 -0.191986083984375
0.219528198242188 0.0009918212890625 0.260345458984375 -0.193679809570313
0.196884155273438 0.0205078125 0.263153076171875 -0.153289794921875
0.174209594726563 0.0805206298828125 0.176971435546875 -0.109298706054687
0.150192260742188 0.13250732421875 0.12384033203125 -0.101539611816406
0.0325927734375 0.198715209960937 0.0983428955078125 -0.174301147460938
-0.0612030029296875 0.20709228515625 0.122711181640625 -0.341796875
-0.0962982177734375 0.139549255371094 0.406219482421875 -0.4620361328125
-0.277618408203125 0.30810546875 -0.074676513671875 -0.3494873046875
-0.275390625 0.359222412109375 -0.0736541748046875 -0.244659423828125
-0.152191162109375 0.47210693359375 -0.0762863159179688 -0.106498718261719
0.081512451171875 0.44256591796875 -0.0270805358886719 -0.0363235473632812
0.226470947265625 0.32427978515625 0.0151462554931641 0.0206298828125
0.365325927734375 0.144256591796875 0.126075744628906 -0.0190353393554687
0.36444091796875 -0.0089111328125 0.178115844726563 -0.116287231445313
0.326446533203125 -0.02301025390625 0.156417846679688 -0.168487548828125
0.343353271484375 -0.056640625 0.166595458984375 -0.173812866210938
0.33038330078125 -0.01678466796875 0.1739501953125 -0.1634521484375
0.319610595703125 0.10748291015625 0.097869873046875 -0.123092651367188
0.28399658203125 0.20654296875 0.0763320922851563 -0.12872314453125
0.097564697265625 0.354339599609375 0.0770721435546875 -0.200515747070312
-0.040252685546875 0.401397705078125 0.12091064453125 -0.3243408203125
-0.127960205078125 0.331207275390625 0.364044189453125 -0.41961669921875
-0.2713623046875 0.450286865234375 -0.14117431640625 -0.246185302734375
-0.238555908203125 0.469329833984375 -0.079559326171875 -0.181747436523437
-0.10003662109375 0.55621337890625 -0.0748519897460937 -0.127174377441406
0.14495849609375 0.4942626953125 -0.0658950805664063 -0.0957412719726562
0.28619384765625 0.3470458984375 -0.0671920776367187 -0.0280418395996094
0.435821533203125 0.135345458984375 0.0053977966308594 -0.0334110260009766
0.42138671875 -0.042205810546875 0.0422439575195313 -0.0855941772460938
0.385711669921875 -0.059173583984375 0.0341033935546875 -0.1204833984375
0.41534423828125 -0.10595703125 0.0468902587890625 -0.122505187988281
0.41766357421875 -0.05322265625 0.05511474609375 -0.142181396484375
0.42144775390625 0.117889404296875 -0.00107574462890622 -0.112274169921875
0.378997802734375 0.252655029296875 0.01556396484375 -0.135017395019531
0.151580810546875 0.458465576171875 0.053375244140625 -0.194992065429687
-0.00897216796875001 0.530029296875 0.12017822265625 -0.255126953125
-0.138031005859375 0.468719482421875 0.297119140625 -0.309173583984375
-0.222747802734375 0.52978515625 -0.211044311523438 -0.10040283203125
-0.156524658203125 0.521728515625 -0.087860107421875 -0.0852432250976562
-0.0103759765624999 0.5623779296875 -0.0703811645507813 -0.123764038085937
0.20660400390625 0.464874267578125 -0.106941223144531 -0.132431030273437
0.3135986328125 0.30657958984375 -0.145767211914062 -0.063751220703125
0.444244384765625 0.095855712890625 -0.118217468261719 -0.0370025634765625
0.416015625 -0.071624755859375 -0.101295471191406 -0.0380096435546875
0.386199951171875 -0.088226318359375 -0.0954818725585937 -0.052734375
0.420806884765625 -0.13250732421875 -0.07928466796875 -0.0514450073242188
0.431427001953125 -0.073333740234375 -0.07275390625 -0.0972442626953125
0.444793701171875 0.11529541015625 -0.0999069213867187 -0.0830459594726563
0.400848388671875 0.25604248046875 -0.0441436767578125 -0.121810913085937
0.1707763671875 0.48101806640625 0.0329132080078125 -0.161697387695312
0.0155029296875 0.569091796875 0.119003295898438 -0.144882202148437
-0.126983642578125 0.525787353515625 0.214157104492188 -0.151290893554688
-0.143310546875 0.52569580078125 -0.27459716796875 0.0709686279296875
-0.060699462890625 0.493560791015625 -0.0954132080078125 0.0298919677734375
0.07586669921875 0.48370361328125 -0.0712356567382812 -0.0948867797851562
0.23443603515625 0.359954833984375 -0.146636962890625 -0.133285522460937
0.29473876953125 0.2161865234375 -0.207687377929687 -0.068511962890625
0.3917236328125 0.0362548828125 -0.222854614257812 -0.0192413330078125
0.349639892578125 -0.0970458984375 -0.226760864257812 0.02142333984375
0.327362060546875 -0.104034423828125 -0.2117919921875 0.0234375
0.357696533203125 -0.13525390625 -0.197280883789062 0.019134521484375
0.368927001953125 -0.07440185546875 -0.1871337890625 -0.048095703125
0.381561279296875 0.09710693359375 -0.17791748046875 -0.055694580078125
0.3394775390625 0.215087890625 -0.0889434814453125 -0.10076904296875
0.15252685546875 0.415130615234375 0.0228424072265625 -0.110122680664062
0.03826904296875 0.5062255859375 0.11395263671875 -0.01837158203125
-0.08953857421875 0.498748779296875 0.126716613769531 0.023956298828125
-0.052825927734375 0.432647705078125 -0.32183837890625 0.238616943359375
0.0140380859375 0.381103515625 -0.106491088867188 0.145355224609375
0.116790771484375 0.3309326171875 -0.0771636962890625 -0.041839599609375
0.203994750976562 0.218215942382813 -0.176467895507812 -0.092620849609375
0.226226806640625 0.11248779296875 -0.2420654296875 -0.0406951904296875
0.28167724609375 -0.0167236328125 -0.29296875 0.020843505859375
0.234649658203125 -0.104248046875 -0.31439208984375 0.0882263183593749
0.216720581054687 -0.105148315429687 -0.29705810546875 0.094482421875
0.238800048828125 -0.120376586914062 -0.287322998046875 0.074371337890625
0.243988037109375 -0.067474365234375 -0.268692016601562 -0.0135955810546875
0.25177001953125 0.056396484375 -0.218475341796875 -0.043731689453125
0.22259521484375 0.125961303710938 -0.108245849609375 -0.0829544067382813
0.122467041015625 0.267166137695313 0.0225372314453125 -0.0549163818359375
0.070648193359375 0.36083984375 0.1015625 0.0994796752929688
-0.0255126953125 0.39581298828125 0.0439605712890625 0.185012817382813
0.034027099609375 0.26544189453125 -0.351287841796875 0.374267578125
0.0509796142578125 0.20977783203125 -0.121337890625 0.2442626953125
0.099884033203125 0.148818969726563 -0.079803466796875 0.0225448608398438
0.118949890136719 0.0758514404296875 -0.184371948242187 -0.0290069580078125
0.117691040039063 0.0218353271484375 -0.246002197265625 0.00129699707031247
0.136283874511719 -0.0482559204101563 -0.319061279296875 0.0704345703125001
0.0880813598632813 -0.0883560180664063 -0.351287841796875 0.150238037109375
0.0752944946289063 -0.0917587280273438 -0.335784912109375 0.150421142578125
0.0817642211914063 -0.09454345703125 -0.332275390625 0.109375
0.0833358764648438 -0.0692672729492188 -0.30377197265625 0.00518798828125005
0.0965042114257813 -0.0171661376953125 -0.215423583984375 -0.0435028076171875
0.0980148315429688 -0.00666046142578125 -0.0975494384765625 -0.0691757202148437
0.115119934082031 0.0745315551757813 0.0301284790039063 -0.00206756591796875
0.129241943359375 0.16876220703125 0.08660888671875 0.187789916992188
0.063812255859375 0.240203857421875 -0.016021728515625 0.310302734375
-0.18560791015625 -0.0658721923828125 -0.0285034179687501 -0.37335205078125
-0.220321655273438 0.078857421875 -0.087890625 -0.23187255859375
-0.12957763671875 0.178253173828125 -0.0572547912597656 -0.0119857788085937
-0.01165771484375 0.186004638671875 0.056884765625 0.0732955932617188
0.064971923828125 0.14874267578125 0.156005859375 0.082183837890625
0.111923217773438 0.0926895141601563 0.285491943359375 -0.00799560546874999
0.124099731445313 0.0435867309570313 0.33551025390625 -0.14117431640625
0.0944366455078125 0.0509567260742187 0.301910400390625 -0.185943603515625
0.08001708984375 0.0507431030273438 0.30291748046875 -0.18182373046875
0.0510749816894531 0.0522613525390625 0.301300048828125 -0.123870849609375
0.0198326110839844 0.0503692626953125 0.21771240234375 -0.0863037109375
0.00358963012695313 0.0497589111328125 0.152984619140625 -0.0673828125
-0.0439529418945313 0.0236701965332031 0.11737060546875 -0.127220153808594
-0.0876998901367188 -0.0133514404296875 0.122222900390625 -0.30029296875
-0.0651702880859375 -0.0797576904296875 0.41485595703125 -0.433349609375
-0.250747680664063 0.128662109375 -0.04931640625 -0.380035400390625
-0.263641357421875 0.235061645507813 -0.0836181640625 -0.250381469726563
-0.146820068359375 0.34869384765625 -0.0760955810546875 -0.059051513671875
0.045654296875 0.3350830078125 0.0084991455078125 0.0279464721679688
0.164459228515625 0.248809814453125 0.0856246948242188 0.0660629272460938
0.2611083984375 0.117782592773438 0.217025756835938 -0.00450134277343749
0.265228271484375 0.011260986328125 0.270904541015625 -0.134368896484375
0.2274169921875 0.013458251953125 0.23760986328125 -0.190963745117188
0.227706909179688 -0.002532958984375 0.242874145507813 -0.1944580078125
0.199356079101563 0.02398681640625 0.242965698242187 -0.160781860351562
0.172683715820313 0.087188720703125 0.16009521484375 -0.11859130859375
0.142623901367188 0.134735107421875 0.117218017578125 -0.113128662109375
0.01922607421875 0.1956787109375 0.098541259765625 -0.182891845703125
-0.0742034912109375 0.201202392578125 0.11883544921875 -0.339874267578125
-0.109619140625 0.127861022949219 0.389739990234375 -0.469329833984375
-0.28125 0.3038330078125 -0.099761962890625 -0.3328857421875
-0.274749755859375 0.36749267578125 -0.0882415771484375 -0.229644775390625
-0.1436767578125 0.47833251953125 -0.0865707397460938 -0.0987548828125
0.0938415527343751 0.44268798828125 -0.0386734008789063 -0.02978515625
0.237884521484375 0.320068359375 0.00399017333984376 0.0282649993896485
0.372344970703125 0.13250732421875 0.114448547363281 -0.0113372802734375
0.368072509765625 -0.019134521484375 0.16192626953125 -0.113021850585937
0.327484130859375 -0.02752685546875 0.137542724609375 -0.1663818359375
0.34326171875 -0.060943603515625 0.14703369140625 -0.17303466796875
0.326507568359375 -0.01910400390625 0.150238037109375 -0.168533325195313
0.3155517578125 0.105438232421875 0.0784683227539063 -0.129646301269531
0.27691650390625 0.201400756835938 0.0650405883789063 -0.140571594238281
0.09173583984375 0.34515380859375 0.0709228515625 -0.212554931640625
-0.042510986328125 0.38934326171875 0.112640380859375 -0.328582763671875
-0.133056640625 0.317413330078125 0.34130859375 -0.43182373046875
-0.264404296875 0.44085693359375 -0.167373657226563 -0.235183715820313
-0.23193359375 0.46527099609375 -0.0984344482421875 -0.1727294921875
-0.090423583984375 0.55096435546875 -0.089202880859375 -0.12152099609375
0.153900146484375 0.484832763671875 -0.0829544067382812 -0.0868377685546875
0.2901611328125 0.33660888671875 -0.079986572265625 -0.0183334350585937
0.43328857421875 0.1229248046875 -0.00588417053222654 -0.0239810943603516
0.415771484375 -0.052032470703125 0.027252197265625 -0.0778656005859375
0.378173828125 -0.066070556640625 0.0157623291015625 -0.11602783203125
0.40728759765625 -0.11260986328125 0.0297775268554688 -0.120460510253906
0.40533447265625 -0.058990478515625 0.0322418212890625 -0.144439697265625
0.414215087890625 0.107391357421875 -0.0195999145507812 -0.11444091796875
0.37481689453125 0.23809814453125 0.00233459472656251 -0.145004272460937
0.150787353515625 0.44476318359375 0.0415496826171875 -0.208648681640625
-0.00466918945312498 0.515625 0.107772827148438 -0.26348876953125
-0.134552001953125 0.453857421875 0.274017333984375 -0.3243408203125
-0.20404052734375 0.515960693359375 -0.235641479492188 -0.0941467285156249
-0.143951416015625 0.508453369140625 -0.107208251953125 -0.083526611328125
0.000549316406250021 0.54595947265625 -0.0888214111328125 -0.121826171875
0.210845947265625 0.444732666015625 -0.126411437988281 -0.123565673828125
0.311004638671875 0.291290283203125 -0.157669067382812 -0.0523834228515625
0.434234619140625 0.0794677734375 -0.127098083496094 -0.0275192260742188
0.40386962890625 -0.081298828125 -0.112350463867188 -0.0310211181640625
0.37158203125 -0.0936279296875 -0.110000610351562 -0.0469436645507813
0.40545654296875 -0.13916015625 -0.0935821533203125 -0.04852294921875
0.412628173828125 -0.08209228515625 -0.0926437377929687 -0.095245361328125
0.435211181640625 0.0985107421875 -0.115707397460937 -0.0815353393554688
0.396881103515625 0.23492431640625 -0.0582733154296875 -0.128341674804687
0.177490234375 0.4635009765625 0.02008056640625 -0.1744384765625
0.0286865234375 0.55059814453125 0.105880737304688 -0.155303955078125
-0.11376953125 0.510986328125 0.194198608398438 -0.167144775390625
-0.116851806640625 0.51324462890625 -0.291961669921875 0.07171630859375
-0.040924072265625 0.476898193359375 -0.112724304199219 0.0246963500976563
0.0908203125 0.458526611328125 -0.090240478515625 -0.0941085815429687
0.2381591796875 0.33587646484375 -0.165084838867187 -0.122146606445312
0.287841796875 0.197723388671875 -0.215606689453125 -0.0565032958984375
0.374267578125 0.0194091796875 -0.227279663085937 -0.00933837890625001
0.330413818359375 -0.104248046875 -0.232406616210937 0.0283203125
0.30810546875 -0.1090087890625 -0.220123291015625 0.0285797119140625
0.337890625 -0.140655517578125 -0.20599365234375 0.023712158203125
0.346343994140625 -0.0819091796875 -0.2012939453125 -0.04412841796875
0.368560791015625 0.08001708984375 -0.189239501953125 -0.0501251220703125
0.332855224609375 0.192626953125 -0.100677490234375 -0.104240417480469
0.162567138671875 0.392333984375 0.010467529296875 -0.121162414550781
0.0562744140625 0.48486328125 0.102371215820313 -0.0301666259765625
-0.070159912109375 0.48419189453125 0.111656188964844 0.00682067871093753
-0.022064208984375 0.4227294921875 -0.330474853515625 0.236328125
0.0372314453125 0.3668212890625 -0.12042236328125 0.13677978515625
0.13421630859375 0.307830810546875 -0.0933837890625 -0.0414962768554687
0.207473754882813 0.19317626953125 -0.189788818359375 -0.0811767578125
0.219085693359375 0.093109130859375 -0.243881225585938 -0.029876708984375
0.26300048828125 -0.0334930419921875 -0.28973388671875 0.02838134765625
0.21307373046875 -0.110992431640625 -0.313079833984375 0.093109130859375
0.196701049804688 -0.108749389648437 -0.298004150390625 0.0990600585937499
0.216537475585937 -0.121734619140625 -0.28955078125 0.0808410644531249
0.220077514648438 -0.0734100341796875 -0.276016235351563 -0.00746154785156249
0.23638916015625 0.039337158203125 -0.224136352539062 -0.037109375
0.212692260742188 0.103668212890625 -0.1163330078125 -0.0844955444335937
0.130462646484375 0.242935180664062 0.0135040283203125 -0.0650863647460937
0.08941650390625 0.33642578125 0.0949172973632813 0.0842056274414063
-0.00213623046874996 0.3809814453125 0.0373687744140625 0.168472290039063
0.0615081787109375 0.260467529296875 -0.349822998046875 0.371307373046875
0.0734710693359375 0.20233154296875 -0.12890625 0.236419677734375
0.118446350097656 0.132377624511719 -0.0932235717773437 0.0251312255859375
0.123680114746094 0.0553054809570313 -0.191574096679688 -0.0162811279296875
0.112548828125 0.00508880615234375 -0.240875244140625 0.0132598876953125
0.1195068359375 -0.0626068115234375 -0.309844970703125 0.07647705078125
0.0674514770507813 -0.0927200317382813 -0.342376708984375 0.154022216796875
0.055511474609375 -0.0922622680664062 -0.32928466796875 0.1544189453125
0.0605316162109375 -0.0930099487304688 -0.3289794921875 0.113037109375
0.061248779296875 -0.06976318359375 -0.30450439453125 0.010650634765625
0.0789718627929688 -0.0283660888671875 -0.215576171875 -0.0396270751953125
0.084625244140625 -0.023681640625 -0.102104187011719 -0.0713119506835938
0.118431091308594 0.0503616333007813 0.0261688232421875 -0.0135345458984375
0.145370483398438 0.143875122070313 0.084503173828125 0.171401977539063
0.0867767333984375 0.22796630859375 -0.012237548828125 0.294158935546875
-0.211959838867187 -0.052093505859375 -0.034454345703125 -0.3587646484375
-0.225387573242188 0.107284545898437 -0.0885009765625 -0.217727661132813
-0.120742797851563 0.202774047851562 -0.0563545227050781 -0.00495147705078123
0.00860595703124999 0.201248168945313 0.06097412109375 0.0770187377929688
0.0877838134765625 0.151809692382813 0.157882690429688 0.084075927734375
0.134147644042969 0.0845947265625 0.288330078125 -0.00927734374999999
0.14239501953125 0.0311431884765625 0.334259033203125 -0.14599609375
0.110847473144531 0.0454940795898438 0.296661376953125 -0.189666748046875
0.0988082885742188 0.04730224609375 0.297149658203125 -0.18548583984375
0.0659027099609375 0.0568046569824219 0.292236328125 -0.131683349609375
0.0277786254882813 0.0645637512207031 0.208908081054688 -0.09613037109375
0.000583648681640625 0.0653419494628906 0.152557373046875 -0.079345703125
-0.0623893737792969 0.0346946716308594 0.124320983886719 -0.137374877929688
-0.111091613769531 -0.00547027587890624 0.1297607421875 -0.304718017578125
-0.0907669067382813 -0.081268310546875 0.416748046875 -0.448394775390625
-0.272109985351563 0.140151977539063 -0.064849853515625 -0.365081787109375
-0.26812744140625 0.260940551757813 -0.0909881591796875 -0.235397338867187
-0.137847900390625 0.37237548828125 -0.0801467895507813 -0.0512466430664062
0.06689453125 0.348358154296875 0.00488281250000001 0.0353965759277344
0.186874389648438 0.250640869140625 0.0820770263671875 0.0732269287109375
0.282073974609375 0.1065673828125 0.215621948242188 -3.05175781249935E-05
0.28131103515625 -0.00244140625 0.264633178710938 -0.134750366210938
0.242202758789063 0.00653076171875 0.226959228515625 -0.191543579101563
0.2430419921875 -0.00823974609375 0.231292724609375 -0.196090698242187
0.209930419921875 0.025543212890625 0.227523803710937 -0.167037963867187
0.179946899414063 0.095916748046875 0.144882202148438 -0.127334594726563
0.140594482421875 0.144088745117188 0.109703063964844 -0.127021789550781
0.00473022460937499 0.202682495117187 0.097259521484375 -0.197250366210938
-0.0914154052734375 0.206207275390625 0.1180419921875 -0.348663330078125
-0.130897521972656 0.12518310546875 0.3817138671875 -0.486846923828125
-0.294342041015625 0.31005859375 -0.1234130859375 -0.31671142578125
-0.277069091796875 0.3853759765625 -0.101852416992187 -0.215866088867188
-0.1351318359375 0.495330810546875 -0.09698486328125 -0.0907440185546875
0.11224365234375 0.452545166015625 -0.0497398376464844 -0.0195541381835937
0.256103515625 0.321044921875 -0.00458526611328124 0.0398063659667969
0.38812255859375 0.121795654296875 0.109794616699219 -0.00187683105468749
0.378662109375 -0.0325927734375 0.152557373046875 -0.1083984375
0.33648681640625 -0.035552978515625 0.12249755859375 -0.163467407226563
0.353271484375 -0.069305419921875 0.131927490234375 -0.172149658203125
0.331756591796875 -0.020721435546875 0.12994384765625 -0.172348022460938
0.321807861328125 0.107147216796875 0.05999755859375 -0.134162902832031
0.27789306640625 0.203582763671875 0.051483154296875 -0.154144287109375
0.08447265625 0.3486328125 0.06158447265625 -0.228958129882813
-0.0511474609375 0.39227294921875 0.104461669921875 -0.340423583984375
-0.146453857421875 0.3145751953125 0.32470703125 -0.450469970703125
-0.26715087890625 0.442138671875 -0.195480346679688 -0.21990966796875
-0.2314453125 0.473541259765625 -0.117401123046875 -0.161849975585937
-0.08416748046875 0.556976318359375 -0.10540771484375 -0.114952087402344
0.167083740234375 0.4879150390625 -0.100730895996094 -0.07562255859375
0.300994873046875 0.336273193359375 -0.0927886962890625 -0.00477600097656246
0.44061279296875 0.110870361328125 -0.014561653137207 -0.0109710693359375
0.420684814453125 -0.063323974609375 0.015533447265625 -0.0701866149902344
0.3812255859375 -0.07318115234375 -0.000991821289062485 -0.110038757324219
0.409423828125 -0.120819091796875 0.0128402709960938 -0.116134643554688
0.40362548828125 -0.06494140625 0.00897216796875001 -0.143447875976563
0.418060302734375 0.1029052734375 -0.0399169921875 -0.113998413085938
0.37786865234375 0.232879638671875 -0.01580810546875 -0.15478515625
0.152740478515625 0.444488525390625 0.0266571044921875 -0.2247314453125
-0.00280761718749998 0.515045166015625 0.0945281982421875 -0.275619506835937
-0.13922119140625 0.4508056640625 0.253387451171875 -0.34326171875
-0.197021484375 0.512847900390625 -0.264907836914063 -0.0817413330078124
-0.13714599609375 0.507843017578125 -0.129226684570312 -0.0766677856445312
0.00888061523437495 0.541229248046875 -0.109100341796875 -0.116050720214844
0.21746826171875 0.438018798828125 -0.147216796875 -0.111160278320313
0.312591552734375 0.285736083984375 -0.171401977539063 -0.039215087890625
0.4322509765625 0.069793701171875 -0.136856079101562 -0.0146484375
0.40020751953125 -0.090576171875 -0.124542236328125 -0.0205764770507813
0.36737060546875 -0.100341796875 -0.126289367675781 -0.038726806640625
0.401824951171875 -0.146820068359375 -0.109603881835937 -0.040771484375
0.4052734375 -0.087738037109375 -0.114402770996094 -0.09002685546875
0.434906005859375 0.087188720703125 -0.134620666503906 -0.076263427734375
0.398956298828125 0.22509765625 -0.0767364501953125 -0.133453369140625
0.184967041015625 0.4581298828125 0.00221252441406251 -0.187255859375
0.039031982421875 0.545654296875 0.09112548828125 -0.167160034179687
-0.108551025390625 0.50689697265625 0.172897338867188 -0.183074951171875
-0.097991943359375 0.506378173828125 -0.31915283203125 0.08233642578125
-0.02679443359375 0.466949462890625 -0.136367797851562 0.0276794433593751
0.100738525390625 0.443359375 -0.112106323242188 -0.0895309448242187
0.2393798828125 0.320098876953125 -0.18572998046875 -0.109375
0.284088134765625 0.186981201171875 -0.226791381835938 -0.043609619140625
0.3636474609375 0.008758544921875 -0.234878540039062 0.00181579589843745
0.31890869140625 -0.109588623046875 -0.2423095703125 0.0381927490234375
0.296875 -0.11297607421875 -0.233261108398437 0.0387115478515625
0.32733154296875 -0.146026611328125 -0.219589233398437 0.032989501953125
0.3323974609375 -0.08721923828125 -0.220413208007812 -0.0355682373046875
0.36163330078125 0.0672607421875 -0.204696655273437 -0.0419769287109375
0.3309326171875 0.177093505859375 -0.117996215820312 -0.106208801269531
0.168853759765625 0.380035400390625 -0.00531768798828124 -0.131668090820312
0.070953369140625 0.472015380859375 0.0899581909179687 -0.0406494140625
-0.0574951171874999 0.47735595703125 0.0936508178710937 -0.00563812255859372
0.00347900390625004 0.415863037109375 -0.350799560546875 0.24554443359375
0.056793212890625 0.355438232421875 -0.1405029296875 0.1370849609375
0.1478271484375 0.288665771484375 -0.11431884765625 -0.0354385375976562
0.208511352539063 0.172576904296875 -0.205154418945313 -0.0658721923828125
0.21173095703125 0.0789031982421875 -0.248947143554688 -0.01776123046875
0.246780395507813 -0.044647216796875 -0.29296875 0.0373229980468751
0.194427490234375 -0.113250732421875 -0.31915283203125 0.1021728515625
0.180526733398438 -0.109207153320313 -0.30682373046875 0.109222412109375
0.199630737304687 -0.122314453125 -0.299468994140625 0.0902404785156249
0.202178955078125 -0.074310302734375 -0.29071044921875 0.00143432617187494
0.222396850585938 0.029144287109375 -0.235107421875 -0.029876708984375
0.203262329101563 0.0887603759765625 -0.129653930664063 -0.0860443115234375
0.1341552734375 0.223861694335938 0.00122833251953126 -0.0744171142578125
0.105255126953125 0.31683349609375 0.086517333984375 0.0739059448242188
0.0157470703125 0.3699951171875 0.025726318359375 0.15869140625
0.090545654296875 0.25469970703125 -0.359161376953125 0.381072998046875
0.095367431640625 0.193649291992188 -0.142837524414063 0.238204956054688
0.134803771972656 0.114814758300781 -0.108436584472656 0.0346527099609375
0.126945495605469 0.0349197387695313 -0.200286865234375 4.57763671875311E-05
0.10540771484375 -0.0107879638671875 -0.238113403320313 0.0242767333984375
0.100936889648437 -0.0731735229492188 -0.30712890625 0.083343505859375
0.04644775390625 -0.0934982299804688 -0.342742919921875 0.1610107421875
0.0366134643554688 -0.0896835327148438 -0.331939697265625 0.16302490234375
0.0406951904296875 -0.0879287719726563 -0.334075927734375 0.12115478515625
0.0413284301757813 -0.0666542053222656 -0.312103271484375 0.0167541503906249
0.0600357055664063 -0.0345535278320313 -0.222076416015625 -0.0365142822265625
0.0678520202636719 -0.0371551513671875 -0.111801147460938 -0.0731735229492188
0.118156433105469 0.0263137817382813 0.0194854736328125 -0.0229701995849609
0.158432006835938 0.118392944335937 0.081268310546875 0.16021728515625
0.108108520507813 0.213623046875 -0.014678955078125 0.285064697265625
-0.2388916015625 -0.027984619140625 -0.0404052734375 -0.349700927734375
-0.223297119140625 0.14300537109375 -0.0891876220703125 -0.20758056640625
-0.1029052734375 0.230499267578125 -0.0533065795898438 0.00192260742187502
0.0371551513671875 0.2132568359375 0.0691070556640625 0.0798416137695313
0.115951538085938 0.149398803710938 0.165054321289063 0.084564208984375
0.158309936523437 0.0670166015625 0.2967529296875 -0.0167236328125
0.159835815429687 0.0110321044921875 0.33807373046875 -0.159149169921875
0.128128051757813 0.0325164794921875 0.2958984375 -0.200225830078125
0.119186401367187 0.0363235473632812 0.294647216796875 -0.196258544921875
0.0849761962890625 0.0559234619140625 0.285614013671875 -0.1444091796875
0.04290771484375 0.076324462890625 0.198959350585938 -0.108551025390625
0.00362396240234375 0.0830154418945313 0.150619506835938 -0.096099853515625
-0.0781021118164063 0.0539932250976563 0.129043579101563 -0.155563354492188
-0.134269714355469 0.013336181640625 0.134185791015625 -0.32049560546875
-0.120338439941406 -0.0740737915039063 0.41693115234375 -0.481048583984375
-0.293487548828125 0.1663818359375 -0.0789794921875 -0.350799560546875
-0.26483154296875 0.297760009765625 -0.097137451171875 -0.22198486328125
-0.117462158203125 0.402557373046875 -0.0846328735351563 -0.0414276123046875
0.09869384765625 0.360504150390625 0.00591278076171876 0.0442008972167969
0.2178955078125 0.247146606445313 0.0843658447265625 0.0824127197265625
0.307708740234375 0.08551025390625 0.221832275390625 0.00189208984375001
0.299835205078125 -0.026702880859375 0.263473510742188 -0.139633178710938
0.258956909179688 -0.0106658935546875 0.219223022460938 -0.196075439453125
0.26300048828125 -0.02398681640625 0.221771240234375 -0.201858520507812
0.227127075195313 0.020263671875 0.21240234375 -0.175369262695313
0.19580078125 0.1016845703125 0.129165649414063 -0.135513305664063
0.147415161132813 0.155960083007813 0.0982513427734375 -0.14312744140625
-0.00408935546875001 0.219558715820312 0.090301513671875 -0.217910766601563
-0.105758666992188 0.224502563476563 0.112548828125 -0.368133544921875
-0.154739379882813 0.135391235351563 0.367950439453125 -0.519561767578125
-0.308746337890625 0.334014892578125 -0.14593505859375 -0.297119140625
-0.273712158203125 0.417510986328125 -0.114959716796875 -0.200241088867187
-0.11737060546875 0.52447509765625 -0.108657836914063 -0.0785064697265625
0.14361572265625 0.46429443359375 -0.0574073791503906 -0.00526809692382811
0.28564453125 0.31976318359375 -0.00888824462890623 0.0555763244628906
0.411102294921875 0.10052490234375 0.110946655273438 0.00809478759765626
0.394073486328125 -0.056915283203125 0.14691162109375 -0.105026245117188
0.3502197265625 -0.052947998046875 0.109786987304688 -0.161346435546875
0.368194580078125 -0.088897705078125 0.117385864257813 -0.171371459960938
0.34442138671875 -0.0313720703125 0.108291625976563 -0.174835205078125
0.338470458984375 0.103912353515625 0.0389022827148438 -0.13671875
0.289520263671875 0.20648193359375 0.03192138671875 -0.167098999023438
0.085601806640625 0.3631591796875 0.04498291015625 -0.248519897460937
-0.053741455078125 0.40869140625 0.08917236328125 -0.3594970703125
-0.160919189453125 0.32635498046875 0.301727294921875 -0.481109619140625
-0.270294189453125 0.457366943359375 -0.224395751953125 -0.19610595703125
-0.2254638671875 0.4957275390625 -0.136215209960937 -0.14422607421875
-0.06732177734375 0.57806396484375 -0.123626708984375 -0.102378845214844
0.190765380859375 0.4949951171875 -0.116447448730469 -0.05767822265625
0.32281494140625 0.335296630859375 -0.102973937988281 0.0146942138671875
0.456634521484375 0.093658447265625 -0.0186786651611328 0.00438117980957032
0.429931640625 -0.084197998046875 0.00566482543945316 -0.0598335266113281
0.389007568359375 -0.089508056640625 -0.0176925659179687 -0.10101318359375
0.417694091796875 -0.14080810546875 -0.00389862060546873 -0.108749389648438
0.409912109375 -0.078948974609375 -0.0161285400390625 -0.137809753417969
0.432281494140625 0.091217041015625 -0.0632171630859375 -0.108726501464844
0.390716552734375 0.227020263671875 -0.0398406982421875 -0.161636352539062
0.163482666015625 0.45318603515625 0.003204345703125 -0.24017333984375
0.00625610351562494 0.528961181640625 0.074676513671875 -0.29144287109375
-0.14117431640625 0.462646484375 0.226287841796875 -0.36572265625
-0.1865234375 0.51953125 -0.297027587890625 -0.05560302734375
-0.1278076171875 0.517578125 -0.15423583984375 -0.0605621337890625
0.0220947265625 0.549591064453125 -0.132164001464844 -0.103530883789062
0.232757568359375 0.43621826171875 -0.168502807617187 -0.0916595458984375
0.324310302734375 0.282501220703125 -0.184356689453125 -0.018402099609375
0.4376220703125 0.053741455078125 -0.14495849609375 0.00318908691406251
0.402099609375 -0.105682373046875 -0.137069702148437 -0.00548553466796873
0.368743896484375 -0.112060546875 -0.143096923828125 -0.0240936279296875
0.40185546875 -0.16400146484375 -0.126068115234375 -0.0272903442382813
0.403594970703125 -0.101837158203125 -0.138839721679688 -0.0777969360351562
0.4407958984375 0.072784423828125 -0.156600952148437 -0.0641021728515625
0.409637451171875 0.212799072265625 -0.101898193359375 -0.133842468261719
0.199615478515625 0.457916259765625 -0.02239990234375 -0.198165893554687
0.05499267578125 0.5494384765625 0.0721282958984375 -0.177841186523437
-0.100341796875 0.51434326171875 0.147415161132813 -0.198638916015625
-0.076690673828125 0.5057373046875 -0.34722900390625 0.10906982421875
-0.00997924804687496 0.466644287109375 -0.1619873046875 0.0414886474609375
0.1143798828125 0.43487548828125 -0.137161254882813 -0.0761489868164062
0.24603271484375 0.3072509765625 -0.206756591796875 -0.08831787109375
0.285064697265625 0.178924560546875 -0.238250732421875 -0.0243988037109375
0.358856201171875 -0.0030517578125 -0.24432373046875 0.018890380859375
0.31207275390625 -0.1185302734375 -0.254669189453125 0.05718994140625
0.291107177734375 -0.118988037109375 -0.248214721679688 0.0575408935546875
0.321533203125 -0.15509033203125 -0.234375 0.05108642578125
0.324127197265625 -0.095245361328125 -0.242080688476563 -0.018218994140625
0.36083984375 0.053955078125 -0.223175048828125 -0.027008056640625
0.33270263671875 0.16253662109375 -0.141143798828125 -0.102325439453125
0.18145751953125 0.370025634765625 -0.0279464721679687 -0.138870239257812
0.088836669921875 0.465484619140625 0.075347900390625 -0.0479354858398437
-0.04083251953125 0.47650146484375 0.0729217529296875 -0.0135345458984375
0.03271484375 0.408660888671875 -0.37109375 0.27313232421875
0.078277587890625 0.345306396484375 -0.162933349609375 0.150772094726563
0.162017822265625 0.269882202148438 -0.136024475097656 -0.020660400390625
0.210296630859375 0.153091430664063 -0.221710205078125 -0.04437255859375
0.204788208007813 0.0658416748046875 -0.255264282226563 -0.000564575195312505
0.232101440429688 -0.0543212890625 -0.29888916015625 0.05218505859375
0.179489135742188 -0.115036010742188 -0.328887939453125 0.121612548828125
0.16754150390625 -0.109161376953125 -0.316741943359375 0.129486083984375
0.187408447265625 -0.122055053710938 -0.310760498046875 0.109710693359375
0.18792724609375 -0.07391357421875 -0.3067626953125 0.02020263671875
0.211517333984375 0.022247314453125 -0.249847412109375 -0.015625
0.194305419921875 0.07659912109375 -0.149169921875 -0.0812225341796875
0.137420654296875 0.207077026367188 -0.015655517578125 -0.0811614990234375
0.1199951171875 0.29718017578125 0.077056884765625 0.0677490234375
0.0360107421875 0.361053466796875 0.0137481689453125 0.155548095703125
0.122528076171875 0.24200439453125 -0.369415283203125 0.409515380859375
0.118850708007813 0.179916381835938 -0.156997680664062 0.253921508789063
0.149444580078125 0.091156005859375 -0.123245239257812 0.0509490966796875
0.125503540039063 0.012542724609375 -0.207107543945313 0.0221099853515625
0.09539794921875 -0.0258407592773437 -0.236984252929687 0.0385589599609375
0.0806350708007813 -0.0798492431640625 -0.30767822265625 0.094970703125
0.0260238647460938 -0.088043212890625 -0.34747314453125 0.177398681640625
0.018646240234375 -0.0821304321289063 -0.337249755859375 0.1815185546875
0.0227432250976563 -0.078155517578125 -0.343292236328125 0.138397216796875
0.0229835510253906 -0.0573463439941406 -0.324554443359375 0.032501220703125
0.0393562316894531 -0.0351181030273437 -0.233489990234375 -0.02777099609375
0.0474510192871094 -0.0461540222167969 -0.126182556152344 -0.0722122192382813
0.111709594726563 0.0017242431640625 0.00874519348144532 -0.0316581726074219
0.167526245117188 0.0880584716796875 0.0784149169921875 0.152557373046875
0.130081176757813 0.195281982421875 -0.01776123046875 0.28302001953125
-0.2569580078125 0.010009765625 -0.047454833984375 -0.34124755859375
-0.205322265625 0.181304931640625 -0.08807373046875 -0.198043823242188
-0.0714569091796875 0.253280639648438 -0.0484466552734375 0.0085258483886719
0.073638916015625 0.213973999023438 0.080108642578125 0.07830810546875
0.146102905273438 0.134033203125 0.176193237304688 0.0799560546875
0.176666259765625 0.0380096435546875 0.304473876953125 -0.032470703125
0.169647216796875 -0.018524169921875 0.335235595703125 -0.180572509765625
0.140823364257812 0.0111541748046875 0.288360595703125 -0.217376708984375
0.135108947753906 0.0154037475585937 0.287139892578125 -0.211822509765625
0.103874206542969 0.046783447265625 0.27386474609375 -0.16015625
0.0637588500976563 0.0811691284179687 0.18475341796875 -0.121612548828125
0.0158920288085938 0.0994873046875 0.141372680664063 -0.115020751953125
-0.0852813720703125 0.0798187255859375 0.124496459960937 -0.17767333984375
-0.150192260742188 0.0424957275390625 0.127838134765625 -0.34246826171875
-0.14788818359375 -0.053253173828125 0.398834228515625 -0.523590087890625
-0.3028564453125 0.205413818359375 -0.092559814453125 -0.33245849609375
-0.243682861328125 0.337799072265625 -0.101318359375 -0.206451416015625
-0.07989501953125 0.429229736328125 -0.0859603881835938 -0.0285263061523437
0.143218994140625 0.359832763671875 0.0107841491699219 0.0527381896972656
0.252777099609375 0.229400634765625 0.0918121337890625 0.08978271484375
0.3270263671875 0.049652099609375 0.229522705078125 -0.0028533935546875
0.30816650390625 -0.06365966796875 0.260498046875 -0.150619506835938
0.270675659179687 -0.0373992919921875 0.207901000976563 -0.2032470703125
0.2767333984375 -0.052703857421875 0.209075927734375 -0.209030151367188
0.243545532226562 0.00494384765625 0.193405151367188 -0.1832275390625
0.217575073242187 0.0979461669921875 0.108642578125 -0.141098022460938
0.162429809570313 0.163299560546875 0.0787353515625 -0.156448364257813
-0.00225830078125 0.241607666015625 0.0725555419921875 -0.237396240234375
-0.11029052734375 0.250900268554688 0.092926025390625 -0.38714599609375
-0.173355102539063 0.158294677734375 0.336700439453125 -0.555328369140625
-0.307098388671875 0.368499755859375 -0.164718627929687 -0.269088745117188
-0.251800537109375 0.45391845703125 -0.123825073242187 -0.179763793945312
-0.08062744140625 0.551788330078125 -0.116889953613281 -0.0612945556640625
0.187957763671875 0.464385986328125 -0.0598220825195312 0.0116729736328125
0.320953369140625 0.3028564453125 -0.00624847412109373 0.0728912353515625
0.429779052734375 0.064697265625 0.117156982421875 0.0146408081054688
0.400787353515625 -0.093994140625 0.142684936523438 -0.103912353515625
0.35906982421875 -0.081573486328125 0.0961456298828125 -0.157485961914063
0.376861572265625 -0.121551513671875 0.102310180664063 -0.169082641601563
0.35546875 -0.0533447265625 0.0849151611328125 -0.172576904296875
0.357879638671875 0.089935302734375 0.015167236328125 -0.133201599121094
0.30780029296875 0.2015380859375 0.00550842285156252 -0.172744750976562
0.09942626953125 0.37744140625 0.016387939453125 -0.262939453125
-0.043548583984375 0.43023681640625 0.061981201171875 -0.375244140625
-0.165985107421875 0.3482666015625 0.2623291015625 -0.507904052734375
-0.261138916015625 0.48138427734375 -0.246124267578125 -0.159225463867188
-0.20428466796875 0.523284912109375 -0.151046752929688 -0.118911743164062
-0.037109375 0.5992431640625 -0.138519287109375 -0.0805587768554687
0.22760009765625 0.4930419921875 -0.125823974609375 -0.0332489013671875
0.35260009765625 0.32135009765625 -0.105003356933594 0.0396347045898438
0.470977783203125 0.06109619140625 -0.0162467956542969 0.0208225250244141
0.4334716796875 -0.116546630859375 0.000492095947265648 -0.0474052429199219
0.39263916015625 -0.115081787109375 -0.0310440063476562 -0.0871505737304688
0.42120361328125 -0.173187255859375 -0.0184478759765625 -0.09613037109375
0.41253662109375 -0.102203369140625 -0.0395660400390625 -0.124275207519531
0.447784423828125 0.067291259765625 -0.085296630859375 -0.0947189331054688
0.409393310546875 0.210845947265625 -0.0687255859375 -0.159149169921875
0.187042236328125 0.45733642578125 -0.02960205078125 -0.246917724609375
0.0296630859375 0.540924072265625 0.045196533203125 -0.30133056640625
-0.132781982421875 0.4805908203125 0.18658447265625 -0.38427734375
-0.16778564453125 0.5303955078125 -0.3187255859375 -0.013580322265625
-0.105865478515625 0.528076171875 -0.17144775390625 -0.03289794921875
0.0452880859375 0.55364990234375 -0.15191650390625 -0.0801239013671875
0.25628662109375 0.429107666015625 -0.18231201171875 -0.0625
0.34283447265625 0.27069091796875 -0.19085693359375 0.00932312011718751
0.4427490234375 0.0302734375 -0.14691162109375 0.0258636474609375
0.399383544921875 -0.12847900390625 -0.142776489257812 0.016448974609375
0.366180419921875 -0.13140869140625 -0.154327392578125 -0.00105285644531251
0.397735595703125 -0.189422607421875 -0.13787841796875 -0.00531005859375002
0.40020751953125 -0.121673583984375 -0.159774780273437 -0.0540618896484375
0.449462890625 0.048828125 -0.175491333007813 -0.0416259765625
0.42205810546875 0.19061279296875 -0.129615783691406 -0.123466491699219
0.222808837890625 0.451995849609375 -0.0540313720703125 -0.199264526367187
0.08294677734375 0.5499267578125 0.0466156005859375 -0.1832275390625
-0.083251953125 0.525177001953125 0.112686157226563 -0.207427978515625
-0.049072265625 0.501556396484375 -0.364501953125 0.152801513671875
0.011566162109375 0.459808349609375 -0.1795654296875 0.06927490234375
0.132354736328125 0.42510986328125 -0.157730102539063 -0.0510711669921875
0.256256103515625 0.292266845703125 -0.22137451171875 -0.0572052001953125
0.288909912109375 0.168060302734375 -0.243972778320312 0.00257873535156255
0.3514404296875 -0.01898193359375 -0.247406005859375 0.043121337890625
0.302734375 -0.130157470703125 -0.260406494140625 0.0849151611328125
0.283203125 -0.128997802734375 -0.255889892578125 0.0847930908203125
0.311737060546875 -0.168670654296875 -0.242568969726562 0.079498291015625
0.315643310546875 -0.1065673828125 -0.257705688476562 0.0116729736328125
0.35882568359375 0.03582763671875 -0.2376708984375 -0.00062561035156252
0.33575439453125 0.145111083984375 -0.1649169921875 -0.0876312255859375
0.1973876953125 0.35772705078125 -0.0547256469726562 -0.137405395507812
0.11273193359375 0.454986572265625 0.0567092895507813 -0.0504722595214843
-0.01922607421875 0.47613525390625 0.0493698120117187 -0.0139694213867187
0.063934326171875 0.3927001953125 -0.3780517578125 0.316162109375
0.10101318359375 0.3289794921875 -0.175933837890625 0.176971435546875
0.173965454101563 0.24578857421875 -0.15203857421875 0.00410461425781253
0.208358764648437 0.131210327148437 -0.230209350585938 -0.0135345458984374
0.196578979492188 0.0536651611328125 -0.256332397460938 0.0227508544921875
0.215362548828125 -0.0623931884765625 -0.300689697265625 0.07513427734375
0.164642333984375 -0.114761352539062 -0.33111572265625 0.149688720703125
0.155105590820313 -0.106948852539063 -0.3201904296875 0.1588134765625
0.174697875976563 -0.121109008789063 -0.315399169921875 0.14044189453125
0.175506591796875 -0.0723114013671875 -0.31817626953125 0.050445556640625
0.201431274414063 0.0159759521484375 -0.261123657226563 0.00968933105468749
0.184783935546875 0.0664825439453125 -0.168243408203125 -0.0666351318359375
0.139129638671875 0.188323974609375 -0.0363235473632812 -0.0808181762695312
0.132400512695312 0.273696899414063 0.0671119689941406 0.06451416015625
0.05780029296875 0.346160888671875 0.00183105468749999 0.158782958984375
0.152877807617188 0.218399047851562 -0.363250732421875 0.44952392578125
0.139434814453125 0.158721923828125 -0.160873413085937 0.279067993164063
0.156829833984375 0.0616912841796875 -0.130233764648438 0.0757980346679688
0.116401672363281 -0.00981903076171875 -0.206558227539063 0.0503997802734375
0.0792388916015625 -0.0374603271484375 -0.230789184570313 0.05615234375
0.0582504272460938 -0.080230712890625 -0.304412841796875 0.11309814453125
0.00751495361328125 -0.0761642456054688 -0.3447265625 0.20208740234375
0.00365447998046875 -0.0694732666015625 -0.334014892578125 0.20770263671875
0.00893783569335938 -0.0624198913574219 -0.344879150390625 0.16619873046875
0.00801849365234375 -0.043060302734375 -0.33233642578125 0.057891845703125
0.0201778411865234 -0.0281219482421875 -0.243331909179688 -0.00976562499999997
0.0247230529785156 -0.0475654602050781 -0.14129638671875 -0.0624237060546875
0.096954345703125 -0.0211868286132812 -0.00501251220703124 -0.0355796813964844
0.16754150390625 0.0540924072265625 0.0746612548828125 0.145843505859375
0.14764404296875 0.167678833007813 -0.017059326171875 0.284332275390625
-0.257766723632813 0.0522613525390625 -0.050628662109375 -0.33221435546875
-0.173263549804688 0.208053588867187 -0.0838775634765625 -0.189407348632813
-0.033233642578125 0.260986328125 -0.0408210754394531 0.0126533508300781
0.107269287109375 0.198989868164063 0.090545654296875 0.0715713500976563
0.167510986328125 0.106826782226563 0.184188842773438 0.070098876953125
0.18182373046875 0.0030517578125 0.30523681640625 -0.053070068359375
0.16668701171875 -0.0499267578125 0.323760986328125 -0.202056884765625
0.143692016601563 -0.014068603515625 0.274261474609375 -0.232192993164063
0.141891479492188 -0.0108184814453125 0.273895263671875 -0.225677490234375
0.117332458496094 0.0298309326171875 0.255386352539063 -0.171142578125
0.0842361450195313 0.0766983032226563 0.16522216796875 -0.12945556640625
0.0330429077148437 0.108604431152344 0.124740600585938 -0.129920959472656
-0.0815658569335937 0.10650634765625 0.110122680664062 -0.197036743164063
-0.152969360351563 0.07586669921875 0.110748291015625 -0.359893798828125
-0.165267944335938 -0.0236968994140625 0.362396240234375 -0.55706787109375
-0.29400634765625 0.245208740234375 -0.097320556640625 -0.31182861328125
-0.20513916015625 0.3658447265625 -0.0994720458984375 -0.191375732421875
-0.03387451171875 0.439056396484375 -0.0818557739257813 -0.016204833984375
0.18487548828125 0.341522216796875 0.01934814453125 0.0576591491699219
0.279067993164063 0.198440551757812 0.102821350097656 0.091705322265625
0.331207275390625 0.007171630859375 0.234939575195313 -0.0128936767578125
0.302398681640625 -0.102020263671875 0.252777099609375 -0.161697387695313
0.27001953125 -0.0687255859375 0.193496704101563 -0.206817626953125
0.277862548828125 -0.0865936279296875 0.19451904296875 -0.212326049804687
0.252288818359375 -0.01849365234375 0.171661376953125 -0.18408203125
0.23565673828125 0.084136962890625 0.0869979858398438 -0.139045715332031
0.179641723632812 0.162521362304687 0.0553131103515625 -0.162490844726563
0.0101470947265625 0.260696411132813 0.0469970703125 -0.248016357421875
-0.101211547851563 0.278106689453125 0.0653076171875 -0.397674560546875
-0.179733276367188 0.186447143554688 0.29046630859375 -0.578369140625
-0.292755126953125 0.39990234375 -0.170684814453125 -0.236099243164062
-0.2152099609375 0.47906494140625 -0.123855590820313 -0.1563720703125
-0.034332275390625 0.56146240234375 -0.1173095703125 -0.04144287109375
0.2305908203125 0.446685791015625 -0.0538711547851562 0.0285530090332032
0.348724365234375 0.27337646484375 0.00418090820312502 0.087158203125
0.43414306640625 0.021575927734375 0.125480651855469 0.0170516967773438
0.393035888671875 -0.133209228515625 0.139373779296875 -0.102180480957031
0.354400634765625 -0.11419677734375 0.08465576171875 -0.150146484375
0.37103271484375 -0.158294677734375 0.0891265869140625 -0.161956787109375
0.355926513671875 -0.080474853515625 0.06317138671875 -0.16162109375
0.371856689453125 0.065460205078125 -0.00558471679687497 -0.12042236328125
0.324493408203125 0.187957763671875 -0.02166748046875 -0.168502807617187
0.119537353515625 0.38427734375 -0.01593017578125 -0.263916015625
-0.02154541015625 0.446624755859375 0.028289794921875 -0.379150390625
-0.15924072265625 0.37066650390625 0.212066650390625 -0.5206298828125
-0.239898681640625 0.502044677734375 -0.251434326171875 -0.116989135742188
-0.170684814453125 0.539154052734375 -0.153350830078125 -0.0897369384765625
0.00488281249999994 0.6058349609375 -0.143508911132813 -0.054901123046875
0.26458740234375 0.47601318359375 -0.124259948730469 -0.00732421874999996
0.376129150390625 0.29644775390625 -0.0975189208984375 0.06329345703125
0.47259521484375 0.023345947265625 -0.00739860534667966 0.0348606109619141
0.424285888671875 -0.1510009765625 0.000757217407226589 -0.0341529846191406
0.385284423828125 -0.143585205078125 -0.0383949279785156 -0.0689048767089844
0.409759521484375 -0.20751953125 -0.0267333984375 -0.0795059204101563
0.406402587890625 -0.13067626953125 -0.056243896484375 -0.102714538574219
0.453826904296875 0.0369873046875 -0.100692749023437 -0.072845458984375
0.421539306640625 0.186248779296875 -0.0953216552734375 -0.1439208984375
0.211700439453125 0.4517822265625 -0.0640106201171875 -0.23956298828125
0.05816650390625 0.54400634765625 0.01275634765625 -0.299285888671875
-0.117034912109375 0.493927001953125 0.1397705078125 -0.3865966796875
-0.142913818359375 0.532623291015625 -0.32037353515625 0.0348510742187501
-0.07733154296875 0.530426025390625 -0.175796508789063 -0.000305175781249961
0.0731201171875001 0.550201416015625 -0.160232543945313 -0.0496673583984375
0.279541015625 0.413726806640625 -0.184310913085937 -0.030303955078125
0.3551025390625 0.252655029296875 -0.185028076171875 0.0385742187500001
0.439300537109375 0.003143310546875 -0.139312744140625 0.04742431640625
0.3890380859375 -0.152679443359375 -0.139396667480469 0.0394363403320312
0.35650634765625 -0.151031494140625 -0.155838012695312 0.0242767333984375
0.3839111328125 -0.213653564453125 -0.139389038085938 0.01904296875
0.388031005859375 -0.143524169921875 -0.1689453125 -0.02386474609375
0.448089599609375 0.01947021484375 -0.183563232421875 -0.012725830078125
0.429443359375 0.162811279296875 -0.151153564453125 -0.10174560546875
0.245025634765625 0.437713623046875 -0.0848846435546875 -0.1865234375
0.11279296875 0.542236328125 0.020111083984375 -0.178512573242187
-0.05914306640625 0.527374267578125 0.0772247314453125 -0.202789306640625
-0.02349853515625 0.48809814453125 -0.359954833984375 0.201171875
0.03375244140625 0.44671630859375 -0.184219360351563 0.102630615234375
0.146331787109375 0.407318115234375 -0.166046142578125 -0.0200958251953124
0.261444091796875 0.274093627929688 -0.222427368164062 -0.022369384765625
0.28863525390625 0.154815673828125 -0.238739013671875 0.0306854248046875
0.340301513671875 -0.0330810546875 -0.241134643554687 0.0682678222656249
0.29071044921875 -0.14007568359375 -0.25408935546875 0.11273193359375
0.272308349609375 -0.13653564453125 -0.251434326171875 0.1151123046875
0.297882080078125 -0.18157958984375 -0.23681640625 0.109024047851562
0.302764892578125 -0.11749267578125 -0.259384155273438 0.0457305908203125
0.35186767578125 0.016448974609375 -0.239639282226562 0.0306243896484375
0.333282470703125 0.124298095703125 -0.180389404296875 -0.0634307861328125
0.20965576171875 0.33929443359375 -0.078155517578125 -0.12481689453125
0.132598876953125 0.434173583984375 0.039886474609375 -0.0463638305664062
0.0037841796875 0.465545654296875 0.0273151397705078 -0.00630760192871091
0.088836669921875 0.3658447265625 -0.365234375 0.359771728515625
0.116668701171875 0.304351806640625 -0.176345825195313 0.208160400390625
0.176467895507813 0.219512939453125 -0.156417846679687 0.0336456298828125
0.19976806640625 0.112213134765625 -0.226455688476562 0.018646240234375
0.184646606445313 0.045074462890625 -0.248092651367188 0.045257568359375
0.19781494140625 -0.0643768310546875 -0.29290771484375 0.097625732421875
0.151687622070313 -0.109344482421875 -0.3214111328125 0.17889404296875
0.14495849609375 -0.1011962890625 -0.3096923828125 0.18939208984375
0.16400146484375 -0.117843627929687 -0.30694580078125 0.171783447265625
0.16552734375 -0.0682220458984375 -0.3154296875 0.0834960937500001
0.1903076171875 0.012908935546875 -0.261276245117188 0.037811279296875
0.172744750976563 0.0597381591796875 -0.180313110351562 -0.0449981689453125
0.134689331054688 0.17144775390625 -0.0542984008789062 -0.0724334716796875
0.137313842773438 0.248077392578125 0.0574798583984375 0.0655555725097656
0.0748291015625 0.3232421875 -0.00651550292968749 0.166046142578125
0.171524047851563 0.183029174804688 -0.339447021484375 0.486053466796875
0.150588989257813 0.129653930664063 -0.152557373046875 0.305419921875
0.152679443359375 0.0316162109375 -0.126045227050781 0.101112365722656
0.100204467773437 -0.0266265869140625 -0.194717407226563 0.07586669921875
0.0606269836425781 -0.0420074462890625 -0.218093872070313 0.07183837890625
0.037872314453125 -0.0716552734375 -0.293609619140625 0.130462646484375
-0.00478744506835938 -0.0581932067871094 -0.331787109375 0.226226806640625
-0.00473785400390625 -0.0519905090332031 -0.320068359375 0.23291015625
0.002655029296875 -0.042999267578125 -0.334503173828125 0.1944580078125
0.000917434692382811 -0.0249805450439453 -0.328643798828125 0.08526611328125
0.00611591339111328 -0.0150241851806641 -0.245223999023438 0.011688232421875
0.00384902954101562 -0.0397148132324219 -0.1519775390625 -0.046356201171875
0.0750656127929688 -0.0361175537109375 -0.0195484161376953 -0.0340766906738281
0.153778076171875 0.0224456787109375 0.0701446533203125 0.141754150390625
0.154129028320313 0.135147094726563 -0.01483154296875 0.28643798828125
-0.245285034179687 0.08587646484375 -0.04827880859375 -0.324371337890625
-0.13848876953125 0.218231201171875 -0.076202392578125 -0.185760498046875
0.000579833984374998 0.255355834960938 -0.0331516265869141 0.013824462890625
0.1302490234375 0.176315307617188 0.096954345703125 0.0622940063476563
0.176071166992187 0.0789947509765625 0.188491821289062 0.060394287109375
0.174774169921875 -0.02728271484375 0.29864501953125 -0.069488525390625
0.1533203125 -0.07550048828125 0.309173583984375 -0.215667724609375
0.137504577636719 -0.0349960327148438 0.259017944335938 -0.239669799804688
0.13818359375 -0.0349273681640625 0.258224487304688 -0.23193359375
0.122795104980469 0.0110244750976562 0.237350463867187 -0.174102783203125
0.0998001098632813 0.0658721923828125 0.147705078125 -0.12957763671875
0.0499114990234375 0.111648559570313 0.106613159179688 -0.136123657226563
-0.0692367553710938 0.12725830078125 0.0926971435546875 -0.20733642578125
-0.143630981445313 0.103775024414063 0.09197998046875 -0.369781494140625
-0.169647216796875 0.00659179687499998 0.32318115234375 -0.57244873046875
-0.274734497070313 0.2750244140625 -0.0928955078125 -0.294586181640625
-0.16583251953125 0.37493896484375 -0.0908966064453125 -0.181350708007812
0.00680541992187498 0.43133544921875 -0.07440185546875 -0.00718688964843748
0.21142578125 0.311981201171875 0.0291557312011719 0.0583152770996094
0.28936767578125 0.165130615234375 0.112037658691406 0.09063720703125
0.320281982421875 -0.02874755859375 0.236404418945313 -0.022369384765625
0.284698486328125 -0.1318359375 0.243865966796875 -0.168258666992187
0.260345458984375 -0.0936126708984375 0.182571411132813 -0.20538330078125
0.267929077148438 -0.11578369140625 0.181259155273438 -0.210235595703125
0.251815795898437 -0.0406341552734375 0.154495239257813 -0.1776123046875
0.246994018554688 0.0664825439453125 0.0702590942382813 -0.130126953125
0.194320678710938 0.157150268554688 0.03460693359375 -0.158859252929688
0.0245361328125 0.273284912109375 0.02362060546875 -0.24822998046875
-0.0855712890625 0.2972412109375 0.04022216796875 -0.398773193359375
-0.17633056640625 0.211593627929688 0.24542236328125 -0.58099365234375
-0.270050048828125 0.421417236328125 -0.161911010742188 -0.209014892578125
-0.176422119140625 0.487762451171875 -0.114814758300781 -0.139541625976562
0.00680541992187495 0.5567626953125 -0.110099792480469 -0.0248184204101562
0.260009765625 0.41705322265625 -0.0439491271972656 0.0388565063476563
0.3604736328125 0.24072265625 0.0177078247070313 0.0961227416992188
0.4228515625 -0.014984130859375 0.13330078125 0.0164108276367188
0.375274658203125 -0.163543701171875 0.137809753417969 -0.1009521484375
0.34222412109375 -0.137908935546875 0.0777816772460938 -0.139991760253906
0.3544921875 -0.1871337890625 0.0815887451171875 -0.152175903320313
0.348785400390625 -0.10321044921875 0.0495758056640625 -0.14569091796875
0.375030517578125 0.041229248046875 -0.0179595947265625 -0.103927612304688
0.334075927734375 0.172607421875 -0.0421905517578125 -0.155059814453125
0.137786865234375 0.38616943359375 -0.041412353515625 -0.254425048828125
-0.000183105468749991 0.454132080078125 0.00112915039062502 -0.370391845703125
-0.14892578125 0.38800048828125 0.169342041015625 -0.5123291015625
-0.218170166015625 0.510498046875 -0.239959716796875 -0.0816345214843749
-0.139007568359375 0.541412353515625 -0.144119262695313 -0.0662841796875
0.03814697265625 0.598388671875 -0.138198852539063 -0.0318222045898437
0.28857421875 0.451507568359375 -0.114227294921875 0.0129699707031251
0.386932373046875 0.2694091796875 -0.0826950073242187 0.080169677734375
0.46307373046875 -0.0069580078125 0.00489044189453128 0.0426216125488281
0.40667724609375 -0.17559814453125 0.00555992126464846 -0.0242042541503906
0.371429443359375 -0.16290283203125 -0.0382652282714844 -0.0525550842285156
0.389556884765625 -0.230438232421875 -0.0271568298339843 -0.0633659362792969
0.39263916015625 -0.151702880859375 -0.0624542236328125 -0.0799789428710938
0.44891357421875 0.010894775390625 -0.106338500976562 -0.04986572265625
0.42498779296875 0.16387939453125 -0.111335754394531 -0.12371826171875
0.22991943359375 0.441650390625 -0.087982177734375 -0.223052978515625
0.082244873046875 0.538421630859375 -0.01141357421875 -0.287200927734375
-0.100067138671875 0.49957275390625 0.10223388671875 -0.372711181640625
-0.124053955078125 0.5283203125 -0.3050537109375 0.07354736328125
-0.0565185546875 0.523712158203125 -0.167556762695313 0.0276336669921875
0.094085693359375 0.540252685546875 -0.156509399414063 -0.0227050781249999
0.29315185546875 0.3912353515625 -0.1744384765625 -0.00361633300781244
0.3604736328125 0.2349853515625 -0.171279907226562 0.0591888427734375
0.427978515625 -0.0167236328125 -0.125083923339844 0.063018798828125
0.373046875 -0.16839599609375 -0.129219055175781 0.0561447143554688
0.343902587890625 -0.16375732421875 -0.14886474609375 0.0450439453125
0.363861083984375 -0.229766845703125 -0.132553100585937 0.0391616821289063
0.372283935546875 -0.15692138671875 -0.166656494140625 0.00274658203125002
0.43939208984375 -0.003265380859375 -0.180618286132812 0.0135345458984375
0.42486572265625 0.14019775390625 -0.16119384765625 -0.076324462890625
0.2586669921875 0.419769287109375 -0.1044921875 -0.167221069335937
0.13397216796875 0.52618408203125 0.00170898437500001 -0.164962768554687
-0.041778564453125 0.521270751953125 0.050018310546875 -0.186935424804688
-0.00915527343749999 0.46942138671875 -0.34100341796875 0.23822021484375
0.045166015625 0.429473876953125 -0.176071166992188 0.13128662109375
0.151580810546875 0.39154052734375 -0.162109375 0.00822448730468756
0.26007080078125 0.258926391601563 -0.211380004882812 0.00564575195312501
0.284393310546875 0.14581298828125 -0.22540283203125 0.0514068603515625
0.327362060546875 -0.039764404296875 -0.226791381835937 0.0851287841796875
0.278518676757813 -0.144256591796875 -0.239456176757813 0.133102416992188
0.262741088867188 -0.138687133789062 -0.237945556640625 0.13763427734375
0.28289794921875 -0.186187744140625 -0.223220825195312 0.131515502929687
0.290008544921875 -0.1219482421875 -0.250015258789063 0.073944091796875
0.341064453125 0.00433349609375 -0.231765747070313 0.0565643310546875
0.325225830078125 0.109893798828125 -0.185043334960937 -0.037567138671875
0.212066650390625 0.321563720703125 -0.0942230224609375 -0.106613159179688
0.143524169921875 0.413909912109375 0.0275650024414063 -0.0364608764648437
0.016571044921875 0.450592041015625 0.0116739273071289 0.00791931152343753
0.09893798828125 0.336395263671875 -0.340850830078125 0.390625
0.121200561523437 0.27978515625 -0.165985107421875 0.232818603515625
0.16949462890625 0.198165893554687 -0.149887084960938 0.0591888427734375
0.187225341796875 0.100540161132813 -0.212860107421875 0.043670654296875
0.173110961914062 0.043243408203125 -0.233978271484375 0.06060791015625
0.18377685546875 -0.058837890625 -0.279632568359375 0.113235473632813
0.14373779296875 -0.101287841796875 -0.304229736328125 0.197296142578125
0.139366149902344 -0.0941543579101563 -0.291656494140625 0.209320068359375
0.156982421875 -0.11090087890625 -0.288482666015625 0.194305419921875
0.1583251953125 -0.062347412109375 -0.302825927734375 0.10906982421875
0.181625366210938 0.0140533447265625 -0.251739501953125 0.060791015625
0.162078857421875 0.0587921142578125 -0.1824951171875 -0.0225677490234375
0.12548828125 0.159698486328125 -0.0669136047363281 -0.0595207214355469
0.13189697265625 0.225112915039062 0.0501327514648438 0.0708084106445313
0.07855224609375 0.29998779296875 -0.0117950439453125 0.175567626953125
0.175506591796875 0.14959716796875 -0.308013916015625 0.5087890625
0.150497436523438 0.10345458984375 -0.137359619140625 0.324432373046875
0.138671875 0.008697509765625 -0.114501953125 0.12030029296875
0.0820388793945312 -0.0341720581054687 -0.176849365234375 0.093353271484375
0.0441932678222656 -0.0391883850097656 -0.202621459960938 0.0785064697265625
0.0248146057128906 -0.0574111938476563 -0.280654907226562 0.139907836914063
-0.00770187377929688 -0.0396919250488281 -0.314056396484375 0.24139404296875
-0.00520706176757813 -0.0351791381835938 -0.300537109375 0.248748779296875
0.00454902648925781 -0.0254096984863281 -0.316925048828125 0.214447021484375
0.000988483428955078 -0.00779581069946289 -0.316497802734375 0.106048583984375
-0.00055462121963501 0.00100612640380859 -0.239456176757813 0.0297393798828125
-0.00966262817382812 -0.0266056060791016 -0.154983520507813 -0.0295867919921875
0.0522880554199219 -0.0415763854980469 -0.0311374664306641 -0.0277099609375
0.133026123046875 0.001678466796875 0.0648422241210938 0.140151977539063
0.148193359375 0.1063232421875 -0.0133056640625 0.287872314453125
-0.22894287109375 0.10968017578125 -0.041778564453125 -0.324188232421875
-0.110458374023438 0.21783447265625 -0.06903076171875 -0.189605712890625
0.0243988037109375 0.243637084960937 -0.0266647338867187 0.0122661590576172
0.1422119140625 0.15374755859375 0.100517272949219 0.053741455078125
0.176712036132812 0.0552520751953125 0.190277099609375 0.0524749755859375
0.161605834960938 -0.04931640625 0.292633056640625 -0.0792236328125
0.1373291015625 -0.0920562744140625 0.298736572265625 -0.22265625
0.129005432128906 -0.050537109375 0.249786376953125 -0.24127197265625
0.129806518554688 -0.0528945922851563 0.249267578125 -0.233627319335938
0.12286376953125 -0.00484466552734375 0.2269287109375 -0.170654296875
0.11029052734375 0.0541458129882813 0.136253356933594 -0.12384033203125
0.0649032592773438 0.111114501953125 0.092437744140625 -0.136962890625
-0.0551300048828125 0.142379760742188 0.07940673828125 -0.213134765625
-0.130279541015625 0.125 0.078277587890625 -0.37652587890625
-0.167083740234375 0.0309906005859375 0.2957763671875 -0.57696533203125
-0.256195068359375 0.2943115234375 -0.082763671875 -0.28692626953125
-0.13641357421875 0.374725341796875 -0.0803985595703125 -0.17913818359375
0.034332275390625 0.4193115234375 -0.0657234191894531 -0.00315475463867186
0.2255859375 0.286407470703125 0.0362815856933594 0.0561790466308594
0.29107666015625 0.138702392578125 0.120323181152344 0.0884552001953125
0.30572509765625 -0.052978515625 0.237579345703125 -0.028472900390625
0.2664794921875 -0.150924682617188 0.239639282226563 -0.1715087890625
0.248992919921875 -0.109848022460938 0.177200317382813 -0.20208740234375
0.255294799804688 -0.134796142578125 0.176589965820313 -0.206756591796875
0.248397827148437 -0.0577545166015625 0.145950317382813 -0.16778564453125
0.253799438476563 0.0516815185546875 0.0609130859375 -0.118743896484375
0.205642700195312 0.152603149414062 0.0205230712890625 -0.151931762695313
0.039093017578125 0.2835693359375 0.00764465332031248 -0.245651245117188
-0.0694580078125 0.3128662109375 0.025146484375 -0.39599609375
-0.170379638671875 0.23291015625 0.21875 -0.57562255859375
-0.25311279296875 0.435028076171875 -0.14715576171875 -0.194732666015625
-0.148956298828125 0.48590087890625 -0.102165222167969 -0.131309509277344
0.03515625 0.546051025390625 -0.100502014160156 -0.0147018432617187
0.27484130859375 0.3927001953125 -0.03302001953125 0.0448875427246094
0.3642578125 0.217071533203125 0.0303497314453125 0.100357055664063
0.40899658203125 -0.039337158203125 0.141983032226563 0.0144195556640625
0.35675048828125 -0.181640625 0.139793395996094 -0.0994949340820313
0.3306884765625 -0.15350341796875 0.0770721435546875 -0.131805419921875
0.33966064453125 -0.205230712890625 0.0809326171875 -0.1439208984375
0.3404541015625 -0.119476318359375 0.045196533203125 -0.130508422851563
0.3758544921875 0.024200439453125 -0.0237350463867187 -0.0872726440429688
0.340240478515625 0.1624755859375 -0.053802490234375 -0.141021728515625
0.15228271484375 0.388885498046875 -0.0574798583984375 -0.242523193359375
0.017852783203125 0.4600830078125 -0.015380859375 -0.361480712890625
-0.14031982421875 0.402130126953125 0.142120361328125 -0.49981689453125
-0.205810546875 0.516143798828125 -0.2220458984375 -0.0604095458984374
-0.118865966796875 0.539337158203125 -0.129959106445312 -0.0528411865234375
0.0589599609375 0.591796875 -0.128349304199219 -0.0163421630859375
0.301513671875 0.430999755859375 -0.1015625 0.0254287719726563
0.39117431640625 0.252105712890625 -0.0682525634765625 0.0901412963867188
0.45184326171875 -0.026458740234375 0.0176849365234375 0.045867919921875
0.39227294921875 -0.19061279296875 0.0129566192626953 -0.0178909301757813
0.36102294921875 -0.174896240234375 -0.0338706970214843 -0.0401458740234375
0.3729248046875 -0.244842529296875 -0.0226058959960937 -0.0516586303710938
0.381011962890625 -0.16326904296875 -0.0609321594238281 -0.0617485046386719
0.44415283203125 -0.0064697265625 -0.105598449707031 -0.0307388305664062
0.425384521484375 0.150482177734375 -0.118202209472656 -0.104354858398438
0.240631103515625 0.43524169921875 -0.101669311523438 -0.206008911132812
0.099273681640625 0.53399658203125 -0.0254364013671875 -0.27313232421875
-0.089996337890625 0.50482177734375 0.08001708984375 -0.354888916015625
-0.116943359375 0.522247314453125 -0.286468505859375 0.097503662109375
-0.045654296875 0.51690673828125 -0.154006958007812 0.0462646484375
0.103668212890625 0.53350830078125 -0.14727783203125 -0.00280761718749998
0.298126220703125 0.378692626953125 -0.1617431640625 0.013031005859375
0.36224365234375 0.2244873046875 -0.156692504882812 0.0722503662109375
0.41802978515625 -0.02679443359375 -0.111061096191406 0.070465087890625
0.362274169921875 -0.176483154296875 -0.11785888671875 0.0661163330078125
0.33612060546875 -0.169189453125 -0.139854431152344 0.0594863891601562
0.351104736328125 -0.238861083984375 -0.12274169921875 0.0526809692382812
0.361053466796875 -0.163818359375 -0.158905029296875 0.0224151611328125
0.430572509765625 -0.015106201171875 -0.173629760742188 0.0325927734375
0.42108154296875 0.128692626953125 -0.163116455078125 -0.055938720703125
0.263885498046875 0.409912109375 -0.1142578125 -0.148101806640625
0.144866943359375 0.514434814453125 -0.00846862792968749 -0.150665283203125
-0.03564453125 0.51641845703125 0.0336761474609375 -0.168045043945312
-0.0048828125 0.454925537109375 -0.32049560546875 0.2625732421875
0.0477294921875 0.41796875 -0.16375732421875 0.151626586914063
0.147796630859375 0.3818359375 -0.153472900390625 0.0289306640625
0.25634765625 0.251052856445313 -0.198135375976563 0.0239715576171875
0.281585693359375 0.143890380859375 -0.211563110351562 0.0630645751953125
0.31988525390625 -0.040008544921875 -0.213546752929687 0.0944366455078126
0.272933959960938 -0.143630981445313 -0.226348876953125 0.144882202148438
0.258193969726563 -0.138916015625 -0.224960327148437 0.151611328125
0.275314331054688 -0.188156127929688 -0.210067749023438 0.145339965820312
0.2818603515625 -0.121307373046875 -0.238174438476562 0.092529296875
0.333648681640625 -0.0009765625 -0.220001220703125 0.0742950439453125
0.318206787109375 0.1036376953125 -0.183395385742187 -0.01812744140625
0.210357666015625 0.31341552734375 -0.101158142089844 -0.0896759033203125
0.144439697265625 0.399810791015625 0.0215740203857422 -0.0249481201171875
0.018096923828125 0.43853759765625 0.00238418579101563 0.0250072479248047
0.09698486328125 0.31451416015625 -0.31988525390625 0.410125732421875
0.1175537109375 0.262985229492188 -0.1546630859375 0.251922607421875
0.158035278320313 0.186752319335938 -0.139427185058594 0.0779342651367188
0.175384521484375 0.09710693359375 -0.19757080078125 0.05810546875
0.164657592773438 0.047088623046875 -0.221115112304688 0.0681915283203126
0.176742553710938 -0.050018310546875 -0.268234252929688 0.120864868164063
0.143173217773438 -0.0924530029296875 -0.290557861328125 0.208740234375
0.140007019042969 -0.0864791870117187 -0.277740478515625 0.221099853515625
0.157257080078125 -0.104141235351563 -0.274032592773437 0.206817626953125
0.157119750976563 -0.0550689697265625 -0.289581298828125 0.125335693359375
0.177017211914063 0.0191802978515625 -0.241119384765625 0.075408935546875
0.154800415039062 0.062835693359375 -0.179916381835938 -0.00582885742187496
0.1146240234375 0.155609130859375 -0.07379150390625 -0.04608154296875
0.121673583984375 0.212432861328125 0.0458908081054688 0.0778884887695313
0.074066162109375 0.28369140625 -0.0158843994140625 0.18707275390625
0.170135498046875 0.123733520507813 -0.285888671875 0.5206298828125
0.14324951171875 0.0851593017578125 -0.124603271484375 0.33843994140625
0.1231689453125 -0.0042572021484375 -0.102287292480469 0.133804321289063
0.066162109375 -0.0346870422363281 -0.160385131835938 0.101837158203125
0.0331459045410156 -0.0324821472167969 -0.1907958984375 0.079132080078125
0.0196380615234375 -0.0422744750976563 -0.270797729492188 0.14337158203125
-0.00429153442382812 -0.0243148803710938 -0.3013916015625 0.24853515625
-1.90734863281273E-05 -0.0217227935791016 -0.286590576171875 0.256134033203125
0.0114593505859375 -0.0117921829223633 -0.30291748046875 0.22515869140625
0.00658130645751953 0.0061798095703125 -0.305755615234375 0.1182861328125
-0.00120830535888672 0.0160694122314453 -0.232162475585938 0.0410308837890625
-0.0173397064208984 -0.0125637054443359 -0.154434204101563 -0.017333984375
0.033172607421875 -0.0392417907714844 -0.0389823913574219 -0.0196304321289063
0.111724853515625 -0.0087890625 0.059326171875 0.14306640625
0.135940551757813 0.086029052734375 -0.0155029296875 0.292266845703125
-0.216415405273438 0.126434326171875 -0.03607177734375 -0.333984375
-0.0908203125 0.215286254882813 -0.064910888671875 -0.199935913085938
0.0414581298828125 0.234420776367187 -0.0217857360839844 0.00981712341308595
0.14996337890625 0.136734008789063 0.10400390625 0.047119140625
0.175857543945313 0.0376739501953125 0.195068359375 0.04730224609375
0.14996337890625 -0.065399169921875 0.29302978515625 -0.087371826171875
0.123176574707031 -0.104057312011719 0.29595947265625 -0.231658935546875
0.121902465820313 -0.0613479614257812 0.248870849609375 -0.246505737304688
0.122108459472656 -0.067230224609375 0.249160766601563 -0.237777709960938
0.1224365234375 -0.0178680419921875 0.225357055664063 -0.168548583984375
0.118934631347656 0.0435028076171875 0.1307373046875 -0.118919372558594
0.0787124633789062 0.109474182128906 0.0836563110351563 -0.137237548828125
-0.041229248046875 0.154373168945313 0.0694580078125 -0.219741821289063
-0.117599487304688 0.14190673828125 0.06787109375 -0.38751220703125
-0.162872314453125 0.05096435546875 0.2806396484375 -0.58819580078125
-0.243621826171875 0.31268310546875 -0.072723388671875 -0.29180908203125
-0.115966796875 0.373779296875 -0.0727081298828125 -0.186004638671875
0.054443359375 0.412994384765625 -0.0591812133789062 -0.00193405151367185
0.236465454101563 0.268905639648438 0.0430068969726563 0.0538825988769531
0.293426513671875 0.1220703125 0.129470825195313 0.08795166015625
0.29473876953125 -0.071319580078125 0.2431640625 -0.0349884033203125
0.253387451171875 -0.165267944335938 0.241424560546875 -0.177093505859375
0.242965698242187 -0.122879028320312 0.178512573242188 -0.202896118164063
0.247207641601563 -0.151641845703125 0.17816162109375 -0.206298828125
0.246856689453125 -0.0715484619140625 0.145233154296875 -0.160675048828125
0.261886596679688 0.038787841796875 0.0572586059570313 -0.109542846679688
0.219039916992188 0.149337768554687 0.011962890625 -0.14605712890625
0.053985595703125 0.295654296875 -0.00280761718750002 -0.244232177734375
-0.055572509765625 0.3287353515625 0.014801025390625 -0.40020751953125
-0.165756225585937 0.254104614257812 0.2039794921875 -0.5777587890625
-0.24188232421875 0.451873779296875 -0.134445190429688 -0.191497802734375
-0.131591796875 0.48907470703125 -0.091064453125 -0.132453918457031
0.0551147460937501 0.545684814453125 -0.0921096801757812 -0.0095291137695312
0.2882080078125 0.3792724609375 -0.0239067077636719 0.0468673706054688
0.369293212890625 0.2021484375 0.0424728393554688 0.103828430175781
0.4017333984375 -0.055511474609375 0.151824951171875 0.01141357421875
0.34637451171875 -0.19683837890625 0.14532470703125 -0.101486206054688
0.326507568359375 -0.166229248046875 0.0810317993164063 -0.127998352050781
0.33087158203125 -0.2218017578125 0.0845794677734375 -0.139938354492187
0.3375244140625 -0.13238525390625 0.0465545654296875 -0.120109558105469
0.381561279296875 0.010833740234375 -0.0241470336914062 -0.0748138427734375
0.351959228515625 0.157257080078125 -0.0604095458984375 -0.129890441894531
0.167816162109375 0.397491455078125 -0.0684356689453125 -0.235214233398438
0.032562255859375 0.471832275390625 -0.0255126953125 -0.3590087890625
-0.13580322265625 0.420562744140625 0.127655029296875 -0.493011474609375
-0.19976806640625 0.529083251953125 -0.206939697265625 -0.0498046875
-0.10784912109375 0.544036865234375 -0.117362976074219 -0.0471343994140625
0.0733642578125 0.59576416015625 -0.119331359863281 -0.00698089599609373
0.31201171875 0.42315673828125 -0.0909347534179688 0.0327835083007813
0.399383544921875 0.2425537109375 -0.0552215576171875 0.0973129272460938
0.448272705078125 -0.0384521484375 0.0295600891113282 0.0468368530273438
0.38543701171875 -0.20294189453125 0.0210800170898438 -0.0155811309814453
0.359222412109375 -0.18505859375 -0.0279960632324218 -0.0322017669677735
0.36669921875 -0.259033203125 -0.0165061950683594 -0.0449066162109375
0.37786865234375 -0.173553466796875 -0.0569381713867187 -0.04840087890625
0.446258544921875 -0.019134521484375 -0.10235595703125 -0.0156707763671875
0.4334716796875 0.14202880859375 -0.121803283691406 -0.0896530151367188
0.254608154296875 0.440521240234375 -0.109954833984375 -0.193206787109375
0.112213134765625 0.5401611328125 -0.0335693359375 -0.265579223632812
-0.086273193359375 0.51824951171875 0.067535400390625 -0.342803955078125
-0.115875244140625 0.5294189453125 -0.271331787109375 0.114639282226563
-0.04010009765625 0.519134521484375 -0.141860961914063 0.0581359863281251
0.111419677734375 0.539764404296875 -0.138473510742188 0.010406494140625
0.30535888671875 0.376495361328125 -0.150192260742187 0.024688720703125
0.36944580078125 0.2218017578125 -0.14501953125 0.0812835693359375
0.42010498046875 -0.033233642578125 -0.10028076171875 0.0743331909179687
0.36114501953125 -0.185028076171875 -0.109619140625 0.072601318359375
0.337005615234375 -0.176116943359375 -0.132911682128906 0.0700607299804687
0.3460693359375 -0.247833251953125 -0.1142578125 0.0619049072265625
0.3587646484375 -0.1693115234375 -0.152175903320312 0.0368194580078125
0.43115234375 -0.024078369140625 -0.1669921875 0.0477294921875
0.424285888671875 0.122406005859375 -0.162933349609375 -0.0394744873046875
0.27142333984375 0.4105224609375 -0.120086669921875 -0.133529663085937
0.152679443359375 0.51641845703125 -0.0121307373046875 -0.141021728515625
-0.033660888671875 0.524078369140625 0.0255126953125 -0.152297973632812
-0.00796508789062505 0.452911376953125 -0.3056640625 0.28338623046875
0.045806884765625 0.416015625 -0.15313720703125 0.168502807617188
0.14697265625 0.3863525390625 -0.1446533203125 0.0442352294921875
0.25665283203125 0.252456665039063 -0.187255859375 0.0356292724609375
0.2852783203125 0.148040771484375 -0.202743530273437 0.0714263916015625
0.321685791015625 -0.038543701171875 -0.204315185546875 0.100692749023438
0.275650024414063 -0.145736694335938 -0.218276977539062 0.15411376953125
0.262054443359375 -0.139816284179688 -0.217376708984375 0.1630859375
0.275634765625 -0.1907958984375 -0.199905395507813 0.155868530273437
0.2828369140625 -0.121551513671875 -0.229751586914062 0.105621337890625
0.333831787109375 -0.00213623046875 -0.212478637695312 0.087738037109375
0.318603515625 0.10272216796875 -0.180908203125 -0.002960205078125
0.210784912109375 0.31402587890625 -0.105522155761719 -0.0760574340820312
0.14471435546875 0.39813232421875 0.0201835632324219 -0.0145626068115234
0.015655517578125 0.437774658203125 -0.00227737426757813 0.0413856506347657
0.092010498046875 0.3048095703125 -0.305938720703125 0.4315185546875
0.112380981445313 0.25628662109375 -0.144882202148438 0.270584106445313
0.148773193359375 0.185638427734375 -0.1304931640625 0.0916519165039062
0.169204711914063 0.099853515625 -0.186447143554688 0.06854248046875
0.163131713867187 0.0545196533203125 -0.214431762695313 0.072265625
0.17864990234375 -0.0425262451171875 -0.263031005859375 0.125885009765625
0.148590087890625 -0.08734130859375 -0.284423828125 0.2191162109375
0.145538330078125 -0.0823822021484375 -0.27032470703125 0.232284545898437
0.1622314453125 -0.101654052734375 -0.264175415039063 0.217788696289062
0.161636352539063 -0.0494384765625 -0.281951904296875 0.137054443359375
0.178451538085938 0.0249481201171875 -0.234466552734375 0.0865020751953125
0.153076171875 0.0691375732421875 -0.177825927734375 0.00643920898437498
0.106948852539063 0.158981323242188 -0.07806396484375 -0.0342636108398438
0.112838745117187 0.209426879882812 0.0450439453125 0.0876693725585938
0.066192626953125 0.278335571289063 -0.0183563232421875 0.2027587890625
0.162521362304688 0.10723876953125 -0.27252197265625 0.538970947265625
0.136558532714844 0.0728912353515625 -0.114044189453125 0.354766845703125
0.109703063964844 -0.01104736328125 -0.0921630859375 0.14447021484375
0.0549507141113281 -0.0325965881347656 -0.148727416992188 0.10784912109375
0.0262603759765625 -0.0242958068847656 -0.186080932617188 0.0782012939453125
0.0200214385986328 -0.0293617248535156 -0.2685546875 0.146728515625
0.00308799743652344 -0.0126485824584961 -0.297271728515625 0.257110595703125
0.00658798217773438 -0.0123128890991211 -0.280715942382813 0.265487670898438
0.0216999053955078 -0.00218963623046875 -0.296539306640625 0.235443115234375
0.0146646499633789 0.0164241790771484 -0.302154541015625 0.127166748046875
0.00169754028320313 0.0289516448974609 -0.228866577148438 0.0492706298828125
-0.0204410552978516 0.00010871887207031 -0.154281616210938 -0.00781249999999999
0.0187282562255859 -0.0342655181884766 -0.0443954467773438 -0.0114021301269531
0.0940933227539062 -0.012542724609375 0.056915283203125 0.150802612304688
0.123336791992188 0.0754623413085938 -0.01812744140625 0.3043212890625
-0.205718994140625 0.145355224609375 -0.03857421875 -0.352874755859375
-0.074798583984375 0.215316772460938 -0.067901611328125 -0.214691162109375
0.058441162109375 0.228530883789063 -0.0181617736816406 0.00710296630859377
0.158187866210938 0.121826171875 0.108360290527344 0.0399398803710938
0.176712036132813 0.02117919921875 0.203170776367188 0.0400848388671875
0.137725830078125 -0.0797653198242187 0.297210693359375 -0.100311279296875
0.110481262207031 -0.115310668945313 0.29632568359375 -0.249481201171875
0.115158081054688 -0.0731964111328125 0.250411987304688 -0.260498046875
0.114120483398437 -0.08087158203125 0.252059936523438 -0.25091552734375
0.12158203125 -0.0308074951171875 0.228500366210938 -0.173629760742187
0.126983642578125 0.0317840576171875 0.129135131835938 -0.118385314941406
0.0936965942382813 0.107200622558594 0.076568603515625 -0.140289306640625
-0.0254974365234375 0.167083740234375 0.0584716796875 -0.230453491210937
-0.103607177734375 0.158981323242187 0.0540771484375 -0.4072265625
-0.158493041992187 0.0710906982421875 0.26629638671875 -0.61431884765625
-0.23150634765625 0.337158203125 -0.071044921875 -0.304351806640625
-0.097747802734375 0.38067626953125 -0.0723876953125 -0.1976318359375
0.076904296875 0.41412353515625 -0.0539665222167969 -0.00185775756835934
0.25054931640625 0.255096435546875 0.0498733520507813 0.0509147644042969
0.30047607421875 0.105377197265625 0.141464233398438 0.0856170654296875
0.287872314453125 -0.089630126953125 0.252609252929688 -0.0454254150390625
0.243026733398438 -0.183151245117188 0.24530029296875 -0.190719604492188
0.239913940429688 -0.140060424804687 0.181869506835938 -0.211227416992188
0.240753173828125 -0.171340942382812 0.182388305664063 -0.215652465820312
0.248977661132813 -0.0881805419921875 0.148208618164063 -0.160324096679688
0.272811889648438 0.0244903564453125 0.0565338134765625 -0.1043701171875
0.238235473632812 0.145965576171875 0.004364013671875 -0.143463134765625
0.075469970703125 0.311279296875 -0.015350341796875 -0.248672485351562
-0.034881591796875 0.349151611328125 -0.000885009765625015 -0.4124755859375
-0.158233642578125 0.27978515625 0.18853759765625 -0.59478759765625
-0.231536865234375 0.47991943359375 -0.127838134765625 -0.19561767578125
-0.114013671875 0.50225830078125 -0.0863800048828125 -0.138832092285156
0.079681396484375 0.55523681640625 -0.086761474609375 -0.00488281249999998
0.3076171875 0.369537353515625 -0.0151901245117187 0.0487518310546875
0.384613037109375 0.19000244140625 0.0564651489257813 0.106437683105469
0.401153564453125 -0.07525634765625 0.164047241210938 0.004791259765625
0.340728759765625 -0.218048095703125 0.152191162109375 -0.109054565429688
0.32635498046875 -0.18560791015625 0.0857620239257813 -0.129257202148438
0.32733154296875 -0.245269775390625 0.08917236328125 -0.141998291015625
0.339263916015625 -0.15118408203125 0.05010986328125 -0.11468505859375
0.393280029296875 -0.006561279296875 -0.0235061645507812 -0.0649490356445313
0.371307373046875 0.149749755859375 -0.0671005249023437 -0.121818542480469
0.191986083984375 0.410186767578125 -0.080352783203125 -0.232025146484375
0.0574951171875 0.490936279296875 -0.03839111328125 -0.363433837890625
-0.12567138671875 0.449066162109375 0.114013671875 -0.49993896484375
-0.191070556640625 0.553924560546875 -0.198104858398437 -0.0427398681640625
-0.0935974121093751 0.55853271484375 -0.1092529296875 -0.0457763671875
0.0983276367187499 0.61029052734375 -0.112663269042969 0.00172424316406254
0.335296630859375 0.420379638671875 -0.0820236206054687 0.0387649536132813
0.418914794921875 0.23638916015625 -0.041748046875 0.1043701171875
0.45404052734375 -0.055267333984375 0.0416679382324219 0.04510498046875
0.384613037109375 -0.223846435546875 0.0282726287841797 -0.0157642364501953
0.362945556640625 -0.204010009765625 -0.0227775573730469 -0.0267810821533203
0.36395263671875 -0.280548095703125 -0.0107612609863281 -0.0413970947265625
0.380035400390625 -0.19122314453125 -0.0526618957519531 -0.0385284423828125
0.45745849609375 -0.036224365234375 -0.0994186401367187 -0.00274658203124999
0.45135498046875 0.132904052734375 -0.125991821289062 -0.076812744140625
0.27886962890625 0.449493408203125 -0.120025634765625 -0.184371948242188
0.13702392578125 0.5556640625 -0.0421142578125 -0.2642822265625
-0.0760498046875 0.545196533203125 0.057586669921875 -0.339263916015625
-0.110198974609375 0.549652099609375 -0.260025024414063 0.132232666015625
-0.0308227539062501 0.533966064453125 -0.132194519042969 0.0684356689453125
0.12860107421875 0.55670166015625 -0.131500244140625 0.0228500366210938
0.3243408203125 0.37982177734375 -0.142044067382812 0.0345611572265625
0.389251708984375 0.22216796875 -0.135360717773437 0.0910263061523438
0.42913818359375 -0.044525146484375 -0.0908126831054687 0.0778656005859375
0.365631103515625 -0.20111083984375 -0.103271484375 0.0795669555664063
0.343170166015625 -0.1905517578125 -0.127090454101562 0.0810317993164063
0.347991943359375 -0.266510009765625 -0.107681274414062 0.0705032348632812
0.36151123046875 -0.1842041015625 -0.146896362304687 0.0503997802734375
0.441436767578125 -0.037506103515625 -0.162002563476562 0.062347412109375
0.439178466796875 0.113525390625 -0.163833618164062 -0.0249786376953125
0.291107177734375 0.417449951171875 -0.126083374023437 -0.121124267578125
0.17254638671875 0.525970458984375 -0.0153427124023437 -0.135368347167969
-0.0257568359375 0.544830322265625 0.0205535888671875 -0.140640258789062
-0.00521850585937497 0.462982177734375 -0.294708251953125 0.308807373046875
0.049591064453125 0.42535400390625 -0.142059326171875 0.186325073242188
0.15545654296875 0.398895263671875 -0.137870788574219 0.0586471557617188
0.268157958984375 0.257064819335938 -0.179290771484375 0.0484771728515625
0.2994384765625 0.152069091796875 -0.196258544921875 0.0809173583984375
0.332305908203125 -0.04376220703125 -0.200103759765625 0.107818603515625
0.2838134765625 -0.15533447265625 -0.213455200195312 0.167495727539063
0.270645141601563 -0.148757934570313 -0.212615966796875 0.1785888671875
0.280227661132812 -0.203338623046875 -0.193801879882812 0.170394897460938
0.288177490234375 -0.129241943359375 -0.225631713867188 0.12103271484375
0.34295654296875 -0.00830078125 -0.206924438476562 0.102935791015625
0.32879638671875 0.1016845703125 -0.180679321289062 0.01220703125
0.22064208984375 0.32073974609375 -0.109344482421875 -0.0633163452148438
0.1544189453125 0.404632568359375 0.0212154388427734 -0.00596809387207029
0.0194091796875 0.452239990234375 -0.0018157958984375 0.0595970153808594
0.090789794921875 0.3028564453125 -0.292755126953125 0.460479736328125
0.111343383789063 0.256607055664063 -0.13226318359375 0.29327392578125
0.14697265625 0.190322875976562 -0.122451782226562 0.106903076171875
0.17047119140625 0.104232788085938 -0.178619384765625 0.080108642578125
0.16912841796875 0.0605621337890625 -0.211502075195312 0.0791778564453125
0.186309814453125 -0.0394287109375 -0.261856079101563 0.135589599609375
0.158065795898438 -0.0894317626953125 -0.281768798828125 0.236328125
0.154434204101563 -0.083770751953125 -0.266204833984375 0.250259399414062
0.170822143554688 -0.1048583984375 -0.25927734375 0.234588623046875
0.169921875 -0.049407958984375 -0.279571533203125 0.152359008789063
0.186752319335938 0.0286407470703125 -0.231002807617188 0.0999908447265625
0.157546997070313 0.0751953125 -0.1778564453125 0.02032470703125
0.105880737304687 0.166168212890625 -0.0809555053710938 -0.0232009887695312
0.110107421875 0.212448120117188 0.04913330078125 0.0977401733398438
0.062713623046875 0.281707763671875 -0.0149688720703125 0.222702026367188
0.158294677734375 0.09503173828125 -0.25592041015625 0.5675048828125
0.132125854492188 0.06475830078125 -0.1002197265625 0.37835693359375
0.0989303588867188 -0.0153350830078125 -0.0821533203125 0.157150268554687
0.0468521118164063 -0.0296707153320313 -0.139320373535156 0.115753173828125
0.0228824615478516 -0.0172920227050781 -0.185272216796875 0.0813446044921875
0.0232620239257813 -0.0202960968017578 -0.270233154296875 0.155899047851562
0.0124959945678711 -0.00544261932373047 -0.296478271484375 0.27490234375
0.0157814025878906 -0.00624656677246094 -0.279144287109375 0.2821044921875
0.0326709747314453 0.0029449462890625 -0.29400634765625 0.25335693359375
0.0251407623291016 0.0237083435058594 -0.3028564453125 0.141448974609375
0.00843429565429688 0.0401077270507813 -0.229293823242187 0.05999755859375
-0.0214271545410156 0.0123062133789062 -0.156524658203125 0.00286865234375003
0.00623321533203125 -0.0273265838623047 -0.048583984375 -0.00173568725585938
0.0800094604492188 -0.01312255859375 0.0604248046875 0.161666870117188
0.113906860351562 0.0696029663085938 -0.01434326171875 0.323944091796875
-0.191619873046875 0.166854858398438 -0.054351806640625 -0.372161865234375
-0.0565643310546875 0.216751098632812 -0.0811920166015625 -0.22796630859375
0.0789031982421875 0.220977783203125 -0.0151796340942383 0.00461387634277345
0.1678466796875 0.104476928710938 0.113639831542969 0.0297775268554688
0.177001953125 0.0018463134765625 0.212814331054688 0.0277099609375
0.124748229980469 -0.0949935913085937 0.300140380859375 -0.12054443359375
0.0948486328125 -0.126441955566406 0.29180908203125 -0.275054931640625
0.107063293457031 -0.0857391357421875 0.245758056640625 -0.283203125
0.103988647460937 -0.0947799682617188 0.250930786132813 -0.272598266601563
0.119148254394531 -0.0445022583007813 0.229995727539062 -0.18597412109375
0.134780883789063 0.016937255859375 0.127593994140625 -0.122062683105469
0.111129760742188 0.100906372070312 0.066986083984375 -0.144973754882813
-0.00401306152343749 0.177642822265625 0.042327880859375 -0.2437744140625
-0.08416748046875 0.175888061523438 0.02752685546875 -0.428253173828125
-0.150772094726563 0.0922088623046875 0.23577880859375 -0.64990234375
-0.2108154296875 0.366455078125 -0.080657958984375 -0.318603515625
-0.0726318359375 0.389556884765625 -0.080474853515625 -0.20977783203125
0.108795166015625 0.413970947265625 -0.0505638122558594 -0.00101470947265621
0.270599365234375 0.238037109375 0.0568428039550781 0.04620361328125
0.311920166015625 0.084014892578125 0.156692504882813 0.0785064697265625
0.279006958007813 -0.113250732421875 0.26104736328125 -0.063232421875
0.228164672851563 -0.204559326171875 0.24542236328125 -0.212371826171875
0.233078002929688 -0.162109375 0.180496215820313 -0.2265625
0.229354858398437 -0.195999145507813 0.18121337890625 -0.231063842773437
0.247879028320312 -0.110580444335938 0.149948120117188 -0.167068481445312
0.28436279296875 0.0023193359375 0.0550994873046875 -0.102035522460937
0.261749267578125 0.134735107421875 -0.00473022460937498 -0.141571044921875
0.107818603515625 0.322052001953125 -0.0328216552734375 -0.253677368164063
-0.00445556640624997 0.36749267578125 -0.026763916015625 -0.426483154296875
-0.141754150390625 0.309661865234375 0.16015625 -0.62042236328125
-0.207672119140625 0.5159912109375 -0.13043212890625 -0.199493408203125
-0.084442138671875 0.5191650390625 -0.088897705078125 -0.145584106445312
0.11944580078125 0.5643310546875 -0.0812606811523437 -0.000617980957031219
0.337127685546875 0.356048583984375 -0.00622177124023436 0.0498313903808594
0.406097412109375 0.16937255859375 0.0739212036132813 0.10614013671875
0.4005126953125 -0.10247802734375 0.176040649414063 -0.00788879394531251
0.330413818359375 -0.24658203125 0.155899047851563 -0.123016357421875
0.321990966796875 -0.21337890625 0.0870437622070313 -0.135643005371094
0.31622314453125 -0.2757568359375 0.0906219482421875 -0.150146484375
0.338775634765625 -0.178497314453125 0.0521392822265625 -0.114234924316406
0.406402587890625 -0.03424072265625 -0.022491455078125 -0.0566215515136719
0.396881103515625 0.131378173828125 -0.0744857788085938 -0.112983703613281
0.231719970703125 0.41802978515625 -0.0962677001953125 -0.228668212890625
0.0970153808593749 0.507843017578125 -0.061431884765625 -0.37005615234375
-0.101806640625 0.482330322265625 0.08941650390625 -0.512481689453125
-0.1683349609375 0.5894775390625 -0.1917724609375 -0.03369140625
-0.064697265625 0.5816650390625 -0.105667114257813 -0.044219970703125
0.13885498046875 0.628173828125 -0.106773376464844 0.011474609375
0.3687744140625 0.410797119140625 -0.072235107421875 0.0460052490234375
0.447265625 0.219390869140625 -0.0259323120117187 0.1107177734375
0.461151123046875 -0.084442138671875 0.0537071228027344 0.0399894714355469
0.380462646484375 -0.254669189453125 0.0345077514648438 -0.0186805725097656
0.362213134765625 -0.233734130859375 -0.0184574127197265 -0.0230274200439453
0.354217529296875 -0.314849853515625 -0.00619506835937497 -0.0401039123535156
0.37896728515625 -0.219696044921875 -0.0484886169433594 -0.0301132202148438
0.4691162109375 -0.0660400390625 -0.0950698852539062 0.0108871459960938
0.477081298828125 0.1112060546875 -0.129974365234375 -0.06268310546875
0.319549560546875 0.4525146484375 -0.132278442382813 -0.174362182617187
0.177734375 0.56756591796875 -0.0572662353515625 -0.264373779296875
-0.04937744140625 0.5767822265625 0.042144775390625 -0.340362548828125
-0.0909423828125 0.57745361328125 -0.246994018554687 0.154815673828125
-0.00805664062499997 0.55401611328125 -0.121810913085937 0.0799636840820313
0.1646728515625 0.57354736328125 -0.124801635742187 0.0373687744140625
0.354888916015625 0.37530517578125 -0.133445739746094 0.0466156005859375
0.417816162109375 0.211273193359375 -0.123321533203125 0.102378845214844
0.43994140625 -0.069305419921875 -0.0818099975585937 0.0812911987304688
0.366180419921875 -0.229736328125 -0.0954132080078125 0.0885009765625
0.345794677734375 -0.217437744140625 -0.120201110839844 0.0952224731445312
0.342132568359375 -0.29730224609375 -0.100669860839844 0.0813980102539063
0.363037109375 -0.209320068359375 -0.140464782714844 0.0652999877929688
0.45269775390625 -0.063323974609375 -0.154953002929687 0.0793914794921875
0.459014892578125 0.095123291015625 -0.164535522460937 -0.00741577148437499
0.3260498046875 0.41748046875 -0.133590698242187 -0.108367919921875
0.207000732421875 0.53326416015625 -0.02056884765625 -0.130996704101562
-0.000915527343749965 0.57177734375 0.0161361694335937 -0.130783081054687
0.00848388671875002 0.479644775390625 -0.275054931640625 0.342041015625
0.066192626953125 0.438140869140625 -0.126251220703125 0.206527709960938
0.17779541015625 0.4117431640625 -0.12933349609375 0.075775146484375
0.288726806640625 0.25714111328125 -0.170852661132812 0.063262939453125
0.3226318359375 0.14678955078125 -0.188735961914062 0.0939788818359375
0.343841552734375 -0.058990478515625 -0.19482421875 0.118453979492187
0.288177490234375 -0.175933837890625 -0.205398559570312 0.18646240234375
0.2763671875 -0.167709350585937 -0.203826904296875 0.200408935546875
0.28076171875 -0.22509765625 -0.183502197265625 0.18817138671875
0.293243408203125 -0.146728515625 -0.217803955078125 0.141525268554688
0.354705810546875 -0.02386474609375 -0.199432373046875 0.121917724609375
0.344573974609375 0.090789794921875 -0.1790771484375 0.0302276611328125
0.241943359375 0.3231201171875 -0.112167358398438 -0.049468994140625
0.176025390625 0.41058349609375 0.0260810852050781 0.000856399536132838
0.03619384765625 0.4697265625 0.00348663330078125 0.0764312744140625
0.098358154296875 0.304473876953125 -0.2659912109375 0.49871826171875
0.119049072265625 0.258209228515625 -0.111236572265625 0.318817138671875
0.153701782226562 0.194229125976562 -0.111457824707031 0.1241455078125
0.176971435546875 0.105545043945312 -0.169189453125 0.0948028564453125
0.180282592773438 0.0619964599609375 -0.208389282226562 0.0911865234375
0.195159912109375 -0.04473876953125 -0.260147094726563 0.150283813476563
0.165786743164063 -0.0984954833984375 -0.273712158203125 0.261764526367188
0.163192749023438 -0.09259033203125 -0.25634765625 0.275680541992187
0.177627563476563 -0.115646362304688 -0.24945068359375 0.258697509765625
0.1793212890625 -0.0565338134765625 -0.274734497070312 0.17535400390625
0.198471069335938 0.0252532958984375 -0.226211547851563 0.11871337890625
0.16754150390625 0.076263427734375 -0.17724609375 0.03662109375
0.112060546875 0.173553466796875 -0.0821914672851563 -0.010162353515625
0.115570068359375 0.216339111328125 0.0584869384765625 0.106559753417969
0.068328857421875 0.28936767578125 -0.00183105468750001 0.245346069335938
0.15631103515625 0.08294677734375 -0.2244873046875 0.60455322265625
0.130302429199219 0.056884765625 -0.07379150390625 0.403900146484375
0.0905532836914063 -0.0181503295898438 -0.0674591064453125 0.171249389648438
0.0404472351074219 -0.0267562866210938 -0.128402709960938 0.127227783203125
0.0221633911132813 -0.0107860565185547 -0.184646606445313 0.0887298583984375
0.0288562774658203 -0.0138511657714844 -0.270553588867188 0.172088623046875
0.0222434997558594 -0.00201606750488281 -0.289093017578125 0.30169677734375
0.0249652862548828 -0.0029144287109375 -0.269378662109375 0.309417724609375
0.0445671081542969 0.00421142578125 -0.28656005859375 0.27923583984375
0.0361709594726563 0.0272712707519531 -0.302642822265625 0.163848876953125
0.0175094604492188 0.049072265625 -0.230255126953125 0.0754547119140625
-0.0191726684570313 0.0243053436279297 -0.158111572265625 0.0162506103515625
-0.00320053100585937 -0.018798828125 -0.0506057739257813 0.00910949707031251
0.0681991577148438 -0.012542724609375 0.0707550048828125 0.171676635742188
0.107040405273438 0.0646209716796875 0.000640869140624976 0.34698486328125
-0.168487548828125 0.187652587890625 -0.082183837890625 -0.38311767578125
-0.03509521484375 0.215438842773438 -0.102005004882813 -0.234619140625
0.100143432617187 0.207351684570313 -0.0126962661743164 0.00155067443847658
0.174560546875 0.082733154296875 0.115669250488281 0.0171661376953125
0.172286987304688 -0.0195159912109375 0.218276977539063 0.009552001953125
0.106124877929688 -0.107391357421875 0.29400634765625 -0.146759033203125
0.0752182006835937 -0.134483337402344 0.272491455078125 -0.303863525390625
0.0944976806640625 -0.0968780517578125 0.227874755859375 -0.308135986328125
0.0887680053710938 -0.106269836425781 0.235137939453125 -0.2991943359375
0.112892150878906 -0.05950927734375 0.223785400390625 -0.204086303710938
0.137176513671875 -0.00121307373046875 0.121726989746094 -0.1273193359375
0.127151489257812 0.0887908935546875 0.0540618896484375 -0.149337768554688
0.021697998046875 0.180191040039063 0.017578125 -0.251861572265625
-0.058349609375 0.186859130859375 -0.0125732421875 -0.43939208984375
-0.137016296386719 0.112388610839844 0.18231201171875 -0.67987060546875
-0.174713134765625 0.394287109375 -0.101165771484375 -0.325592041015625
-0.039154052734375 0.393524169921875 -0.0970306396484375 -0.215438842773437
0.147003173828125 0.4029541015625 -0.0460662841796875 0.00053787231445316
0.2894287109375 0.209869384765625 0.0635490417480469 0.0389633178710938
0.316925048828125 0.053741455078125 0.16998291015625 0.0646820068359375
0.26177978515625 -0.138763427734375 0.26171875 -0.0878753662109375
0.204025268554687 -0.225250244140625 0.233657836914063 -0.237518310546875
0.21697998046875 -0.185226440429688 0.168746948242188 -0.244598388671875
0.20806884765625 -0.219558715820313 0.169677734375 -0.2501220703125
0.23828125 -0.136322021484375 0.144866943359375 -0.177703857421875
0.289093017578125 -0.027069091796875 0.0522918701171875 -0.100578308105469
0.282318115234375 0.1119384765625 -0.0160751342773437 -0.137901306152344
0.146148681640625 0.319854736328125 -0.055999755859375 -0.252716064453125
0.03778076171875 0.37481689453125 -0.06475830078125 -0.43072509765625
-0.11151123046875 0.335296630859375 0.110595703125 -0.63812255859375
-0.16583251953125 0.545684814453125 -0.137725830078125 -0.198822021484375
-0.04327392578125 0.5294189453125 -0.096954345703125 -0.148529052734375
0.17083740234375 0.558685302734375 -0.0753097534179687 0.00621795654296877
0.36676025390625 0.32598876953125 0.00373077392578127 0.0490036010742188
0.423828125 0.13525390625 0.091339111328125 0.0989532470703125
0.38861083984375 -0.138031005859375 0.182281494140625 -0.0271759033203125
0.30682373046875 -0.27716064453125 0.15277099609375 -0.139312744140625
0.306182861328125 -0.245208740234375 0.0836029052734375 -0.142990112304688
0.29083251953125 -0.30682373046875 0.0858306884765625 -0.159774780273438
0.32470703125 -0.211883544921875 0.0510940551757813 -0.115203857421875
0.40869140625 -0.072662353515625 -0.020904541015625 -0.0487403869628906
0.41766357421875 0.09954833984375 -0.0816116333007812 -0.101722717285156
0.278228759765625 0.40802001953125 -0.116165161132813 -0.218917846679688
0.1483154296875 0.50714111328125 -0.092010498046875 -0.367218017578125
-0.06103515625 0.507843017578125 0.052215576171875 -0.518280029296875
-0.12408447265625 0.61883544921875 -0.184280395507812 -0.023162841796875
-0.0210571289062501 0.59515380859375 -0.10284423828125 -0.0411834716796875
0.1961669921875 0.625732421875 -0.0980987548828125 0.0225830078125
0.407012939453125 0.384613037109375 -0.0607032775878906 0.0517807006835938
0.4725341796875 0.185577392578125 -0.00724029541015623 0.111892700195313
0.45648193359375 -0.1231689453125 0.0635032653808594 0.0303001403808594
0.360382080078125 -0.291015625 0.0389022827148438 -0.0236778259277344
0.34814453125 -0.2685546875 -0.0137138366699219 -0.0193920135498047
0.32958984375 -0.349578857421875 -0.0034065246582031 -0.0397491455078125
0.3646240234375 -0.255096435546875 -0.0438308715820312 -0.0225105285644531
0.470367431640625 -0.108062744140625 -0.0876312255859375 0.02447509765625
0.4945068359375 0.074005126953125 -0.130752563476562 -0.0463180541992188
0.366973876953125 0.435943603515625 -0.144317626953125 -0.159500122070312
0.232666015625 0.55987548828125 -0.0767822265625 -0.258255004882812
-0.00354003906249994 0.59783935546875 0.019012451171875 -0.337432861328125
-0.05242919921875 0.60015869140625 -0.224884033203125 0.177139282226563
0.03143310546875 0.566162109375 -0.107681274414063 0.090911865234375
0.21435546875 0.57501220703125 -0.113067626953125 0.05181884765625
0.39080810546875 0.354339599609375 -0.119956970214844 0.0587615966796875
0.446380615234375 0.182373046875 -0.106437683105469 0.111602783203125
0.44110107421875 -0.104888916015625 -0.070953369140625 0.0832977294921875
0.35089111328125 -0.26495361328125 -0.0834884643554687 0.0965118408203125
0.33648681640625 -0.250030517578125 -0.107696533203125 0.1094970703125
0.32177734375 -0.32958984375 -0.0890121459960937 0.0914306640624999
0.35076904296875 -0.240814208984375 -0.130058288574219 0.080108642578125
0.454315185546875 -0.101806640625 -0.142333984375 0.0974578857421875
0.474212646484375 0.06158447265625 -0.160324096679687 0.012237548828125
0.367156982421875 0.401519775390625 -0.139083862304687 -0.0912551879882812
0.254638671875 0.523406982421875 -0.0273361206054687 -0.125175476074219
0.0422363281250001 0.5882568359375 0.0102767944335938 -0.121795654296875
0.036956787109375 0.488677978515625 -0.23858642578125 0.371124267578125
0.092987060546875 0.44158935546875 -0.101852416992188 0.223663330078125
0.21246337890625 0.412261962890625 -0.114166259765625 0.09307861328125
0.313201904296875 0.242462158203125 -0.1563720703125 0.078948974609375
0.34417724609375 0.12762451171875 -0.176223754882812 0.108062744140625
0.34844970703125 -0.085296630859375 -0.184432983398437 0.131622314453125
0.282470703125 -0.20306396484375 -0.18817138671875 0.205963134765625
0.272384643554688 -0.193328857421875 -0.184677124023437 0.222625732421875
0.268814086914063 -0.251480102539062 -0.166213989257812 0.206802368164063
0.288330078125 -0.170867919921875 -0.203903198242187 0.163284301757813
0.36077880859375 -0.0509033203125 -0.184982299804687 0.141098022460938
0.357696533203125 0.06884765625 -0.172149658203125 0.050445556640625
0.271087646484375 0.31494140625 -0.112136840820313 -0.0336380004882812
0.208740234375 0.40264892578125 0.030874252319336 0.00488471984863284
0.06781005859375 0.480743408203125 0.0149078369140625 0.0902481079101563
0.112030029296875 0.301422119140625 -0.219482421875 0.531341552734375
0.13153076171875 0.255569458007813 -0.07806396484375 0.338348388671875
0.166061401367188 0.193328857421875 -0.0936279296875 0.140762329101563
0.186309814453125 0.100479125976563 -0.153030395507813 0.1094970703125
0.191024780273437 0.05474853515625 -0.199371337890625 0.105300903320312
0.200103759765625 -0.0560760498046875 -0.2508544921875 0.170013427734375
0.167556762695313 -0.11328125 -0.254058837890625 0.288787841796875
0.16534423828125 -0.106475830078125 -0.233917236328125 0.303741455078125
0.176895141601562 -0.13153076171875 -0.22808837890625 0.28436279296875
0.182846069335938 -0.0696258544921875 -0.260421752929688 0.2008056640625
0.208511352539063 0.0135650634765625 -0.213958740234375 0.138687133789063
0.178451538085938 0.071014404296875 -0.17059326171875 0.0563507080078125
0.123992919921875 0.174835205078125 -0.0798416137695312 0.00365447998046875
0.126907348632813 0.214553833007813 0.0721969604492188 0.109733581542969
0.08197021484375 0.291900634765625 0.0213470458984375 0.260528564453125
0.15362548828125 0.0683135986328125 -0.1724853515625 0.6346435546875
0.128135681152344 0.0471954345703125 -0.03448486328125 0.42181396484375
0.0815887451171875 -0.0207748413085938 -0.0460968017578125 0.18255615234375
0.0349502563476563 -0.0236072540283203 -0.111190795898438 0.137039184570312
0.0223026275634766 -0.00553321838378906 -0.17926025390625 0.0999298095703125
0.0344619750976563 -0.0106945037841797 -0.262741088867188 0.193130493164063
0.0312652587890625 -0.00227928161621094 -0.268829345703125 0.33135986328125
0.0335845947265625 -0.00384330749511719 -0.247650146484375 0.337127685546875
0.0549964904785156 0.001220703125 -0.265472412109375 0.3087158203125
0.0469322204589844 0.0267143249511719 -0.2921142578125 0.19171142578125
0.0295372009277344 0.0533790588378906 -0.223724365234375 0.09564208984375
-0.0138301849365234 0.0344982147216797 -0.15576171875 0.033843994140625
-0.00976943969726562 -0.00801849365234375 -0.0484352111816406 0.020294189453125
0.0580596923828125 -0.0108261108398438 0.087860107421875 0.175811767578125
0.101593017578125 0.059600830078125 0.02972412109375 0.36236572265625
-0.13861083984375 0.199050903320313 -0.11077880859375 -0.378448486328125
-0.0145111083984375 0.206146240234375 -0.123046875 -0.228012084960937
0.1156005859375 0.185958862304688 -0.0111322402954101 -0.00134658813476561
0.172943115234375 0.059295654296875 0.112037658691406 0.00370025634765625
0.160263061523438 -0.0379638671875 0.2149658203125 -0.010162353515625
0.0846786499023438 -0.112564086914063 0.276611328125 -0.168594360351562
0.0531539916992187 -0.134071350097656 0.2418212890625 -0.32257080078125
0.0781784057617187 -0.102310180664062 0.2005615234375 -0.323486328125
0.0704498291015625 -0.112144470214844 0.2078857421875 -0.31549072265625
0.101036071777344 -0.0705795288085938 0.208221435546875 -0.216644287109375
0.132949829101563 -0.0185546875 0.112884521484375 -0.129867553710938
0.136672973632813 0.0713119506835938 0.0392913818359375 -0.147445678710938
0.045684814453125 0.172286987304688 -0.00942993164062501 -0.24810791015625
-0.0303192138671875 0.186996459960938 -0.05474853515625 -0.431610107421875
-0.115859985351563 0.126739501953125 0.11883544921875 -0.6795654296875
-0.129974365234375 0.404876708984375 -0.121795654296875 -0.32012939453125
-0.00430297851562501 0.38330078125 -0.113449096679687 -0.210861206054687
0.178741455078125 0.37567138671875 -0.0409584045410156 0.00104141235351564
0.2967529296875 0.1754150390625 0.0666160583496094 0.0297660827636719
0.310516357421875 0.022186279296875 0.175491333007813 0.04681396484375
0.23504638671875 -0.156585693359375 0.25103759765625 -0.110336303710938
0.1728515625 -0.235916137695313 0.211471557617188 -0.255020141601563
0.191787719726562 -0.199966430664063 0.149185180664063 -0.254852294921875
0.17840576171875 -0.233428955078125 0.14971923828125 -0.260894775390625
0.217620849609375 -0.155776977539062 0.134231567382813 -0.184066772460937
0.279953002929688 -0.0562896728515625 0.0481643676757813 -0.0973052978515625
0.29132080078125 0.082794189453125 -0.0257339477539062 -0.129562377929688
0.1796875 0.30120849609375 -0.0777435302734375 -0.240798950195313
0.078399658203125 0.362701416015625 -0.1016845703125 -0.41729736328125
-0.07452392578125 0.345855712890625 0.05419921875 -0.63140869140625
-0.112823486328125 0.55413818359375 -0.143325805664062 -0.191574096679687
0.00158691406249998 0.52105712890625 -0.104141235351563 -0.1448974609375
0.21661376953125 0.530548095703125 -0.0664520263671875 0.0104217529296875
0.384033203125 0.284912109375 0.0131607055664063 0.0445175170898438
0.42559814453125 0.0941162109375 0.104888916015625 0.0859527587890625
0.362396240234375 -0.166748046875 0.179550170898438 -0.04638671875
0.270416259765625 -0.296173095703125 0.141006469726563 -0.1529541015625
0.276321411132813 -0.26690673828125 0.075042724609375 -0.14715576171875
0.253753662109375 -0.327911376953125 0.0752105712890625 -0.165069580078125
0.297882080078125 -0.2357177734375 0.0470733642578125 -0.114547729492188
0.394134521484375 -0.110076904296875 -0.0181884765625 -0.0405616760253906
0.42193603515625 0.060516357421875 -0.0842971801757812 -0.0886306762695312
0.315093994140625 0.376617431640625 -0.130096435546875 -0.201690673828125
0.196258544921875 0.48382568359375 -0.120941162109375 -0.350921630859375
-0.011749267578125 0.51214599609375 0.011260986328125 -0.508209228515625
-0.07000732421875 0.62542724609375 -0.171981811523437 -0.012786865234375
0.02691650390625 0.58673095703125 -0.0983200073242188 -0.0365066528320312
0.24810791015625 0.60089111328125 -0.084716796875 0.0314559936523438
0.43072509765625 0.34149169921875 -0.0464324951171875 0.0530624389648438
0.482421875 0.139923095703125 0.0113143920898438 0.106338500976563
0.433441162109375 -0.1573486328125 0.0677490234375 0.0188560485839844
0.324554443359375 -0.315399169921875 0.0407218933105469 -0.0295066833496094
0.318817138671875 -0.29376220703125 -0.00910472869873045 -0.016911506652832
0.29034423828125 -0.370697021484375 -0.00154876708984373 -0.0393257141113281
0.33441162109375 -0.2801513671875 -0.0383224487304687 -0.0158653259277344
0.4515380859375 -0.146484375 -0.07672119140625 0.0355758666992187
0.493896484375 0.029815673828125 -0.126190185546875 -0.0297317504882812
0.401641845703125 0.39794921875 -0.15106201171875 -0.140090942382812
0.280242919921875 0.5281982421875 -0.094512939453125 -0.243942260742187
0.04803466796875 0.5970458984375 -0.00396728515624998 -0.32440185546875
-0.00323486328124997 0.59967041015625 -0.194061279296875 0.189773559570313
0.073883056640625 0.556488037109375 -0.0901947021484375 0.0959930419921875
0.26104736328125 0.552764892578125 -0.095489501953125 0.0633926391601563
0.41461181640625 0.316162109375 -0.101890563964844 0.065338134765625
0.459197998046875 0.141815185546875 -0.0869522094726562 0.114456176757813
0.425018310546875 -0.13818359375 -0.0606613159179687 0.0823974609375
0.322418212890625 -0.290924072265625 -0.0699005126953125 0.100074768066406
0.311431884765625 -0.274810791015625 -0.0907974243164062 0.117935180664063
0.286834716796875 -0.3519287109375 -0.074951171875 0.0967788696289062
0.32366943359375 -0.264190673828125 -0.114547729492187 0.091461181640625
0.43829345703125 -0.138031005859375 -0.124412536621094 0.110137939453125
0.470855712890625 0.022125244140625 -0.1485595703125 0.0292816162109375
0.395233154296875 0.366302490234375 -0.138221740722656 -0.0735549926757813
0.29302978515625 0.492156982421875 -0.0326309204101562 -0.117118835449219
0.08795166015625 0.58245849609375 0.00680541992187502 -0.110748291015625
0.0694580078125 0.48345947265625 -0.1922607421875 0.383544921875
0.1217041015625 0.43243408203125 -0.0723419189453125 0.229568481445313
0.2425537109375 0.396148681640625 -0.0933837890625 0.104537963867188
0.328216552734375 0.217742919921875 -0.135482788085937 0.08795166015625
0.354522705078125 0.09979248046875 -0.158187866210937 0.117156982421875
0.33837890625 -0.11041259765625 -0.16925048828125 0.139801025390625
0.262008666992188 -0.223861694335938 -0.163665771484375 0.21685791015625
0.25592041015625 -0.21337890625 -0.157318115234375 0.235992431640625
0.245574951171875 -0.270065307617188 -0.1405029296875 0.21673583984375
0.269927978515625 -0.189773559570313 -0.181411743164062 0.1783447265625
0.35272216796875 -0.07855224609375 -0.163131713867188 0.154693603515625
0.359039306640625 0.041534423828125 -0.157638549804687 0.0675048828125
0.29119873046875 0.2918701171875 -0.106155395507812 -0.0195083618164062
0.23480224609375 0.380218505859375 0.0361557006835938 0.00656127929687502
0.100921630859375 0.47357177734375 0.028594970703125 0.0968704223632813
0.124725341796875 0.29034423828125 -0.16259765625 0.541412353515625
0.142990112304688 0.244888305664063 -0.039154052734375 0.343017578125
0.176055908203125 0.18389892578125 -0.0699310302734375 0.14886474609375
0.191360473632813 0.08978271484375 -0.131645202636719 0.117889404296875
0.196502685546875 0.043121337890625 -0.184539794921875 0.115386962890625
0.197738647460938 -0.06866455078125 -0.233505249023437 0.1846923828125
0.159423828125 -0.1265869140625 -0.22247314453125 0.305145263671875
0.159805297851563 -0.1185302734375 -0.20050048828125 0.319488525390625
0.168807983398437 -0.145553588867188 -0.19580078125 0.298187255859375
0.178359985351563 -0.08258056640625 -0.23590087890625 0.220077514648438
0.211563110351562 -0.001434326171875 -0.193923950195313 0.15386962890625
0.184432983398437 0.0602569580078125 -0.15631103515625 0.0721893310546875
0.134689331054687 0.169662475585937 -0.0725326538085937 0.0147857666015625
0.136505126953125 0.20538330078125 0.0843963623046875 0.106201171875
0.096435546875 0.286407470703125 0.0474700927734375 0.263885498046875
0.145370483398438 0.0545806884765625 -0.1109619140625 0.63726806640625
0.122764587402344 0.0377120971679688 0.00982666015625005 0.42120361328125
0.072784423828125 -0.0215072631835938 -0.0219879150390625 0.184661865234375
0.0307846069335938 -0.01898193359375 -0.0910491943359375 0.140380859375
0.0229988098144531 -0.00134468078613281 -0.168792724609375 0.108047485351562
0.0390815734863281 -0.0101661682128906 -0.244491577148438 0.208847045898438
0.0378761291503906 -0.00582122802734375 -0.23529052734375 0.34844970703125
0.0402870178222656 -0.0065155029296875 -0.21295166015625 0.35321044921875
0.0624656677246094 -0.00482177734375 -0.23297119140625 0.32684326171875
0.055877685546875 0.0224494934082031 -0.270263671875 0.21319580078125
0.0411300659179688 0.0529747009277344 -0.209579467773437 0.112197875976562
-0.00573348999023437 0.0416793823242188 -0.146011352539063 0.049072265625
-0.0127687454223633 0.0036020278930664 -0.0424919128417969 0.0295257568359375
0.0486640930175781 -0.00723648071289063 0.103591918945313 0.170074462890625
0.0949478149414063 0.0555648803710937 0.061279296875 0.362274169921875
-0.1114501953125 0.198928833007813 -0.12811279296875 -0.365509033203125
-0.000869750976562516 0.192398071289063 -0.135787963867188 -0.216690063476562
0.120651245117188 0.164596557617188 -0.00961494445800781 -0.00463294982910155
0.16424560546875 0.041534423828125 0.105117797851563 -0.00501251220703125
0.145111083984375 -0.0489959716796875 0.205490112304687 -0.0236053466796875
0.0660018920898438 -0.11004638671875 0.256256103515625 -0.177841186523438
0.0366668701171875 -0.12689208984375 0.213592529296875 -0.325531005859375
0.0644760131835938 -0.101913452148438 0.175323486328125 -0.3250732421875
0.0552825927734375 -0.110984802246094 0.18280029296875 -0.31829833984375
0.0882492065429688 -0.0752944946289063 0.192398071289063 -0.22021484375
0.123695373535156 -0.0300674438476563 0.105087280273438 -0.127349853515625
0.138877868652344 0.0556259155273437 0.028594970703125 -0.141921997070313
0.0615081787109375 0.160202026367188 -0.028289794921875 -0.237457275390625
-0.00892639160156251 0.178726196289063 -0.083770751953125 -0.41162109375
-0.0963897705078125 0.131950378417969 0.072265625 -0.66058349609375
-0.09332275390625 0.397979736328125 -0.131866455078125 -0.309539794921875
0.0185546875 0.363616943359375 -0.123138427734375 -0.20184326171875
0.19451904296875 0.34466552734375 -0.0355033874511719 0.000293731689453144
0.290740966796875 0.14630126953125 0.0667457580566406 0.0214462280273438
0.29541015625 -0.00030517578125 0.174468994140625 0.0318450927734375
0.20892333984375 -0.161026000976563 0.235000610351562 -0.122665405273437
0.145034790039063 -0.233261108398438 0.189422607421875 -0.260116577148438
0.169479370117188 -0.203720092773438 0.132675170898438 -0.25537109375
0.15179443359375 -0.235549926757813 0.132217407226563 -0.262405395507813
0.196365356445313 -0.164047241210938 0.124221801757813 -0.183486938476563
0.264266967773438 -0.0745086669921875 0.0460357666015625 -0.09210205078125
0.288848876953125 0.0587158203125 -0.03045654296875 -0.119956970214844
0.19830322265625 0.277877807617188 -0.091033935546875 -0.225723266601562
0.105133056640625 0.342041015625 -0.12554931640625 -0.394287109375
-0.044586181640625 0.3419189453125 0.0168457031250001 -0.60723876953125
-0.0706787109375 0.54498291015625 -0.142578125 -0.184738159179687
0.0332336425781249 0.49951171875 -0.107757568359375 -0.139396667480469
0.242950439453125 0.49554443359375 -0.0565643310546875 0.0122947692871094
0.383331298828125 0.2469482421875 0.0196151733398438 0.0379638671875
0.412872314453125 0.062286376953125 0.111160278320313 0.0719223022460938
0.332244873046875 -0.18035888671875 0.17022705078125 -0.0589599609375
0.236480712890625 -0.298675537109375 0.128631591796875 -0.158432006835938
0.248367309570313 -0.274032592773438 0.069366455078125 -0.1468505859375
0.219329833984375 -0.330535888671875 0.0671844482421875 -0.164932250976563
0.269073486328125 -0.244308471679688 0.0455169677734375 -0.111801147460938
0.3709716796875 -0.1314697265625 -0.0133037567138672 -0.0340080261230469
0.412567138671875 0.031463623046875 -0.08209228515625 -0.0770339965820312
0.33197021484375 0.343505859375 -0.135574340820312 -0.183731079101562
0.22186279296875 0.45050048828125 -0.1376953125 -0.32855224609375
0.023651123046875 0.500396728515625 -0.016204833984375 -0.4832763671875
-0.0281982421875 0.612060546875 -0.157882690429688 -0.00918579101562499
0.05950927734375 0.56463623046875 -0.0925064086914063 -0.0344009399414062
0.27899169921875 0.564208984375 -0.070220947265625 0.0343704223632813
0.4346923828125 0.3016357421875 -0.034454345703125 0.0497169494628906
0.474853515625 0.105499267578125 0.0232925415039063 0.0971908569335938
0.40399169921875 -0.17877197265625 0.067108154296875 0.00894165039062499
0.290191650390625 -0.322174072265625 0.0400047302246094 -0.0338287353515625
0.289154052734375 -0.303375244140625 -0.00373363494873045 -0.0151100158691406
0.253692626953125 -0.37481689453125 0.000591278076171894 -0.038909912109375
0.301544189453125 -0.288360595703125 -0.03173828125 -0.0113201141357422
0.425262451171875 -0.170379638671875 -0.0648117065429687 0.0415153503417969
0.478424072265625 0.000579833984375 -0.117050170898437 -0.0181350708007813
0.414947509765625 0.35888671875 -0.149169921875 -0.123214721679687
0.30322265625 0.49072265625 -0.1029052734375 -0.226486206054688
0.0845336914062501 0.57916259765625 -0.017486572265625 -0.305145263671875
0.0291748046875 0.58465576171875 -0.166488647460938 0.189208984375
0.100494384765625 0.53656005859375 -0.0747146606445312 0.0947341918945313
0.28961181640625 0.5235595703125 -0.0774078369140625 0.0678329467773438
0.41900634765625 0.281646728515625 -0.0859146118164062 0.06475830078125
0.455841064453125 0.10919189453125 -0.07073974609375 0.110893249511719
0.402679443359375 -0.157440185546875 -0.0527725219726562 0.0783309936523437
0.291351318359375 -0.298431396484375 -0.0589599609375 0.0982666015625
0.28466796875 -0.28375244140625 -0.0744781494140625 0.120185852050781
0.25262451171875 -0.35540771484375 -0.06158447265625 0.0965728759765625
0.29486083984375 -0.272735595703125 -0.0998764038085937 0.09600830078125
0.414337158203125 -0.159698486328125 -0.105964660644531 0.115013122558594
0.45697021484375 -0.005035400390625 -0.134819030761719 0.0390777587890625
0.405487060546875 0.331512451171875 -0.132095336914062 -0.06036376953125
0.31103515625 0.455718994140625 -0.0341415405273437 -0.10833740234375
0.11944580078125 0.5625 0.0066680908203125 -0.0996932983398437
0.08978271484375 0.467376708984375 -0.155029296875 0.379241943359375
0.13861083984375 0.415679931640625 -0.04833984375 0.224578857421875
0.25872802734375 0.37701416015625 -0.071990966796875 0.10797119140625
0.331573486328125 0.19476318359375 -0.116737365722656 0.0888900756835938
0.353546142578125 0.077301025390625 -0.140670776367187 0.117599487304688
0.322601318359375 -0.12591552734375 -0.155807495117187 0.141326904296875
0.240005493164062 -0.233367919921875 -0.142807006835937 0.217880249023437
0.237442016601563 -0.22265625 -0.132247924804688 0.238113403320313
0.221389770507812 -0.276031494140625 -0.118194580078125 0.21624755859375
0.250823974609375 -0.197967529296875 -0.16009521484375 0.182861328125
0.33697509765625 -0.0958251953125 -0.142730712890625 0.159515380859375
0.3497314453125 0.0218505859375 -0.140670776367187 0.0750579833984375
0.298797607421875 0.26739501953125 -0.0978851318359375 -0.0103912353515625
0.24407958984375 0.35369873046875 0.0398826599121094 0.00577545166015627
0.12176513671875 0.456451416015625 0.0399169921875 0.0987930297851563
0.1292724609375 0.276443481445312 -0.11859130859375 0.530853271484375
0.146926879882813 0.232040405273438 -0.00939941406249996 0.33380126953125
0.180389404296875 0.174880981445313 -0.0484161376953125 0.148529052734375
0.190292358398438 0.0812225341796875 -0.112113952636719 0.117141723632813
0.196395874023438 0.033599853515625 -0.169296264648438 0.11773681640625
0.191207885742188 -0.0765380859375 -0.216537475585937 0.189117431640625
0.150253295898437 -0.133071899414063 -0.19451904296875 0.30712890625
0.151992797851563 -0.125747680664063 -0.16961669921875 0.320770263671875
0.157577514648438 -0.151702880859375 -0.16766357421875 0.298828125
0.170730590820313 -0.0898590087890625 -0.21136474609375 0.226165771484375
0.207656860351563 -0.01300048828125 -0.173233032226562 0.159805297851563
0.184463500976563 0.0508270263671875 -0.140838623046875 0.0804901123046875
0.1395263671875 0.162445068359375 -0.0639152526855468 0.0211029052734375
0.139114379882813 0.194305419921875 0.09234619140625 0.09967041015625
0.103439331054688 0.276580810546875 0.0669097900390625 0.258636474609375
0.133872985839844 0.04534912109375 -0.06378173828125 0.62103271484375
0.114524841308594 0.031707763671875 0.042144775390625 0.40606689453125
0.0651817321777344 -0.0190849304199219 -0.00250244140625001 0.179046630859375
0.0283489227294922 -0.0144882202148438 -0.07373046875 0.136222839355469
0.0243988037109375 0.00231742858886719 -0.157257080078125 0.110076904296875
0.042816162109375 -0.00976943969726563 -0.22698974609375 0.214462280273437
0.0420417785644531 -0.0094451904296875 -0.2056884765625 0.351318359375
0.0443305969238281 -0.0098724365234375 -0.1822509765625 0.35382080078125
0.0661888122558594 -0.011077880859375 -0.202728271484375 0.329132080078125
0.0612220764160156 0.0169525146484375 -0.245803833007813 0.222335815429687
0.0490570068359375 0.0493125915527344 -0.192825317382813 0.120208740234375
0.0018463134765625 0.0452308654785156 -0.133979797363281 0.0578842163085937
-0.0120773315429688 0.0133447647094727 -0.0351047515869141 0.0339756011962891
0.0417251586914063 -0.0015411376953125 0.113128662109375 0.161727905273438
0.0869674682617188 0.0532913208007813 0.08319091796875 0.352783203125
-0.0937957763671875 0.193191528320313 -0.134613037109375 -0.35577392578125
0.00550842285156248 0.180526733398438 -0.141616821289063 -0.208709716796875
0.120010375976562 0.149276733398438 -0.0095691680908203 -0.00729084014892577
0.154037475585938 0.0311126708984375 0.0989532470703125 -0.00966644287109375
0.132400512695313 -0.0543289184570312 0.198287963867188 -0.030181884765625
0.0532150268554687 -0.104393005371094 0.241485595703125 -0.178970336914063
0.0263519287109375 -0.118766784667969 0.195037841796875 -0.322845458984375
0.054901123046875 -0.0988006591796875 0.159637451171875 -0.32147216796875
0.04473876953125 -0.107505798339844 0.168670654296875 -0.3153076171875
0.0791549682617188 -0.0759506225585938 0.183197021484375 -0.21942138671875
0.115989685058594 -0.0360183715820313 0.100807189941406 -0.123687744140625
0.137977600097656 0.0448684692382812 0.0227279663085938 -0.135848999023438
0.06988525390625 0.14892578125 -0.0397491455078125 -0.226058959960938
0.003936767578125 0.168258666992188 -0.098297119140625 -0.3931884765625
-0.0813369750976563 0.132026672363281 0.04766845703125 -0.6392822265625
-0.06951904296875 0.386871337890625 -0.134796142578125 -0.30352783203125
0.0302734375 0.34619140625 -0.126861572265625 -0.196380615234375
0.19970703125 0.3216552734375 -0.0317420959472656 -0.00152206420898436
0.279708862304688 0.128021240234375 0.0651626586914063 0.0153007507324219
0.281402587890625 -0.01214599609375 0.1710205078125 0.0225982666015625
0.189743041992188 -0.15863037109375 0.223587036132813 -0.127700805664063
0.126434326171875 -0.225143432617188 0.174468994140625 -0.2598876953125
0.153564453125 -0.20166015625 0.12249755859375 -0.252593994140625
0.133102416992188 -0.231170654296875 0.122283935546875 -0.259857177734375
0.180450439453125 -0.164459228515625 0.118927001953125 -0.180953979492188
0.250457763671875 -0.08294677734375 0.0468368530273438 -0.0873031616210938
0.283050537109375 0.04443359375 -0.031341552734375 -0.112777709960938
0.205718994140625 0.259429931640625 -0.0964813232421875 -0.213104248046875
0.11810302734375 0.3226318359375 -0.136627197265625 -0.374969482421875
-0.025848388671875 0.335052490234375 -0.00115966796874997 -0.58587646484375
-0.043914794921875 0.530303955078125 -0.138824462890625 -0.1820068359375
0.047607421875 0.479156494140625 -0.107681274414063 -0.136466979980469
0.253570556640625 0.46722412109375 -0.0480117797851562 0.0109672546386719
0.374298095703125 0.223358154296875 0.0228137969970703 0.0316028594970703
0.399169921875 0.0439453125 0.113388061523438 0.0620880126953125
0.310333251953125 -0.182037353515625 0.163040161132813 -0.065460205078125
0.21337890625 -0.292938232421875 0.119598388671875 -0.1600341796875
0.229324340820312 -0.272247314453125 0.0659942626953125 -0.144683837890625
0.19573974609375 -0.324951171875 0.06353759765625 -0.163223266601563
0.248291015625 -0.243667602539063 0.0455322265625 -0.108001708984375
0.351806640625 -0.14166259765625 -0.00794029235839842 -0.0294361114501953
0.4012451171875 0.01458740234375 -0.0776748657226562 -0.0698699951171875
0.336517333984375 0.32012939453125 -0.135818481445312 -0.171783447265625
0.234130859375 0.4234619140625 -0.143585205078125 -0.310546875
0.0439453125 0.487579345703125 -0.027099609375 -0.46160888671875
-0.00518798828125004 0.5975341796875 -0.145858764648438 -0.01104736328125
0.0760498046875 0.544189453125 -0.0873031616210938 -0.0347061157226562
0.29278564453125 0.536773681640625 -0.0580253601074219 0.0336112976074219
0.429046630859375 0.27655029296875 -0.0263862609863281 0.0441017150878906
0.46337890625 0.08447265625 0.0300216674804688 0.0880889892578125
0.381866455078125 -0.1822509765625 0.0651664733886719 0.00305557250976561
0.26568603515625 -0.318878173828125 0.0388107299804688 -0.0364151000976563
0.268798828125 -0.303131103515625 0.00111007690429689 -0.0148229598999024
0.22906494140625 -0.37060546875 0.00303649902343752 -0.0390625
0.279937744140625 -0.28564453125 -0.0254878997802734 -0.00876998901367189
0.404144287109375 -0.179962158203125 -0.0541114807128906 0.0442771911621094
0.463531494140625 -0.016448974609375 -0.108192443847656 -0.0128250122070312
0.415985107421875 0.332550048828125 -0.144973754882813 -0.112869262695312
0.30926513671875 0.46087646484375 -0.105239868164063 -0.213363647460937
0.103973388671875 0.561126708984375 -0.021514892578125 -0.288909912109375
0.046630859375 0.57122802734375 -0.147186279296875 0.183135986328125
0.112823486328125 0.519439697265625 -0.0638961791992188 0.0912017822265625
0.302398681640625 0.49981689453125 -0.0616264343261718 0.0673065185546875
0.414703369140625 0.2596435546875 -0.0738449096679687 0.0602188110351563
0.4486083984375 0.089813232421875 -0.0600967407226562 0.104766845703125
0.383514404296875 -0.164398193359375 -0.048797607421875 0.0739822387695312
0.26959228515625 -0.297271728515625 -0.0514984130859375 0.0950775146484375
0.267333984375 -0.2855224609375 -0.0625076293945312 0.118919372558594
0.231903076171875 -0.352325439453125 -0.0526123046875 0.094207763671875
0.275039672851563 -0.271072387695313 -0.0880661010742187 0.097503662109375
0.39373779296875 -0.167633056640625 -0.0918884277343749 0.115486145019531
0.44293212890625 -0.019775390625 -0.122276306152344 0.0421371459960937
0.4029541015625 0.30877685546875 -0.124977111816406 -0.053192138671875
0.3135986328125 0.429779052734375 -0.0336227416992187 -0.101715087890625
0.133148193359375 0.546661376953125 0.00872039794921875 -0.0910110473632812
0.098480224609375 0.455780029296875 -0.12969970703125 0.367340087890625
0.144287109375 0.40130615234375 -0.0325927734375 0.217941284179688
0.2657470703125 0.360687255859375 -0.0555496215820312 0.106300354003906
0.3297119140625 0.179779052734375 -0.102630615234375 0.0848846435546875
0.348724365234375 0.064483642578125 -0.12994384765625 0.114151000976563
0.310272216796875 -0.131927490234375 -0.14752197265625 0.139083862304687
0.224609375 -0.233596801757812 -0.128997802734375 0.214706420898437
0.22479248046875 -0.224594116210937 -0.114974975585937 0.234970092773438
0.204788208007813 -0.274642944335938 -0.103836059570313 0.211746215820312
0.23675537109375 -0.198196411132813 -0.14404296875 0.183013916015625
0.32342529296875 -0.103424072265625 -0.126739501953125 0.158859252929688
0.34136962890625 0.01171875 -0.127510070800781 0.0773239135742187
0.298187255859375 0.253265380859375 -0.0903244018554687 -0.00601196289062497
0.245697021484375 0.335601806640625 0.042449951171875 0.00553894042968752
0.130096435546875 0.44476318359375 0.0473709106445313 0.0999221801757813
0.128097534179688 0.267807006835938 -0.0907592773437499 0.515228271484375
0.145980834960938 0.224639892578125 0.00878906250000003 0.322265625
0.1810302734375 0.169448852539063 -0.032012939453125 0.144317626953125
0.189224243164063 0.0762176513671875 -0.0987167358398438 0.112030029296875
0.195266723632813 0.0286407470703125 -0.160003662109375 0.115768432617188
0.186203002929688 -0.0792236328125 -0.20538330078125 0.188430786132813
0.143096923828125 -0.1351318359375 -0.17669677734375 0.3043212890625
0.1473388671875 -0.128890991210938 -0.150177001953125 0.31622314453125
0.150146484375 -0.152999877929688 -0.149505615234375 0.293853759765625
0.16510009765625 -0.0924224853515625 -0.194229125976562 0.226318359375
0.20391845703125 -0.0189971923828125 -0.157669067382812 0.159744262695312
0.18377685546875 0.0462799072265625 -0.127960205078125 0.082672119140625
0.14080810546875 0.158599853515625 -0.05694580078125 0.0228843688964844
0.137008666992188 0.187896728515625 0.096038818359375 0.0944900512695313
0.1048583984375 0.270645141601563 0.0777587890625 0.25299072265625
0.123550415039063 0.0421142578125 -0.03662109375 0.60107421875
0.107902526855469 0.0296173095703125 0.06005859375 0.3914794921875
0.0606002807617188 -0.0157089233398438 0.0106048583984375 0.171432495117188
0.0277938842773438 -0.0101699829101563 -0.0622634887695312 0.129158020019531
0.02593994140625 0.00555610656738281 -0.150711059570313 0.108551025390625
0.0456809997558594 -0.00971221923828125 -0.215713500976563 0.213363647460937
0.0447196960449219 -0.0123023986816406 -0.186614990234375 0.347320556640625
0.0479240417480469 -0.0128135681152344 -0.162200927734375 0.34844970703125
0.0685501098632813 -0.0152854919433594 -0.18316650390625 0.3253173828125
0.0643844604492188 0.0128402709960938 -0.228866577148438 0.224044799804688
0.0542945861816406 0.0454559326171875 -0.1800537109375 0.122360229492188
0.008056640625 0.0465240478515625 -0.123344421386719 0.0613555908203125
-0.0103168487548828 0.0211009979248047 -0.0294837951660156 0.0362358093261719
0.0371360778808594 0.0045318603515625 0.118316650390625 0.154708862304688
0.079681396484375 0.05438232421875 0.0948486328125 0.343963623046875
-0.0820159912109375 0.18902587890625 -0.139923095703125 -0.3568115234375
0.00782775878906252 0.173446655273438 -0.146255493164063 -0.206314086914063
0.118392944335937 0.140449523925781 -0.00937366485595702 -0.00977802276611327
0.146636962890625 0.025634765625 0.094879150390625 -0.0116424560546875
0.123779296875 -0.0567703247070313 0.194717407226563 -0.0337677001953125
0.0451202392578125 -0.0994873046875 0.235809326171875 -0.179458618164063
0.0205459594726563 -0.112480163574219 0.185760498046875 -0.323272705078125
0.049957275390625 -0.0966720581054688 0.15240478515625 -0.32220458984375
0.037750244140625 -0.10504150390625 0.16253662109375 -0.3165283203125
0.0739669799804688 -0.075775146484375 0.181411743164063 -0.220123291015625
0.11065673828125 -0.0391845703125 0.100624084472656 -0.121490478515625
0.137733459472656 0.0381240844726563 0.0199661254882813 -0.132339477539063
0.0751800537109375 0.142196655273438 -0.0458831787109375 -0.220138549804688
0.011932373046875 0.161026000976562 -0.107269287109375 -0.384490966796875
-0.0713882446289062 0.13189697265625 0.03448486328125 -0.62890625
-0.05560302734375 0.38140869140625 -0.136444091796875 -0.304656982421875
0.034912109375 0.337249755859375 -0.129974365234375 -0.195083618164062
0.20123291015625 0.309844970703125 -0.0282840728759766 -0.00399208068847654
0.273330688476563 0.119659423828125 0.0637245178222657 0.0114669799804688
0.272552490234375 -0.01806640625 0.170196533203125 0.0164337158203125
0.1790771484375 -0.15521240234375 0.2186279296875 -0.130279541015625
0.116867065429688 -0.218948364257813 0.166656494140625 -0.260910034179688
0.145492553710938 -0.200363159179688 0.118209838867188 -0.252685546875
0.123031616210938 -0.228073120117187 0.11883544921875 -0.260910034179688
0.172164916992188 -0.163970947265625 0.119842529296875 -0.18048095703125
0.24322509765625 -0.0880889892578125 0.04937744140625 -0.0844879150390625
0.281982421875 0.036041259765625 -0.0312347412109375 -0.109367370605469
0.211837768554688 0.249221801757813 -0.100021362304687 -0.2064208984375
0.12518310546875 0.311126708984375 -0.14337158203125 -0.365386962890625
-0.0135498046875 0.33447265625 -0.00909423828124996 -0.574951171875
-0.02984619140625 0.52496337890625 -0.136825561523437 -0.186248779296875
0.053985595703125 0.47027587890625 -0.108345031738281 -0.137596130371094
0.2596435546875 0.453765869140625 -0.041168212890625 0.00901031494140627
0.369415283203125 0.212860107421875 0.0247745513916016 0.0266742706298828
0.392730712890625 0.035247802734375 0.115303039550781 0.0554275512695313
0.298004150390625 -0.181121826171875 0.159393310546875 -0.069427490234375
0.20098876953125 -0.28924560546875 0.115737915039063 -0.162002563476563
0.21954345703125 -0.272048950195312 0.06671142578125 -0.1448974609375
0.183685302734375 -0.3231201171875 0.062744140625 -0.164398193359375
0.238479614257813 -0.2430419921875 0.0489425659179688 -0.106948852539063
0.342987060546875 -0.146820068359375 -0.00168609619140623 -0.0269107818603516
0.398681640625 0.005126953125 -0.0747528076171875 -0.0665969848632813
0.341033935546875 0.30908203125 -0.136245727539063 -0.165084838867187
0.238922119140625 0.41009521484375 -0.146209716796875 -0.301666259765625
0.056243896484375 0.4840087890625 -0.033477783203125 -0.451751708984375
0.00714111328125002 0.59356689453125 -0.139007568359375 -0.0161285400390625
0.0832214355468751 0.536834716796875 -0.0843429565429688 -0.037506103515625
0.3031005859375 0.52532958984375 -0.0478553771972656 0.0314445495605469
0.426666259765625 0.264678955078125 -0.0211906433105468 0.0390129089355469
0.460174560546875 0.07452392578125 0.0346527099609375 0.0815277099609375
0.373138427734375 -0.184112548828125 0.064361572265625 -0.000942230224609386
0.25299072265625 -0.315704345703125 0.0391769409179688 -0.0382728576660156
0.260040283203125 -0.30462646484375 0.00539779663085939 -0.0152225494384766
0.2164306640625 -0.367523193359375 0.00553131103515626 -0.0404052734375
0.270111083984375 -0.28472900390625 -0.0198078155517578 -0.00749969482421877
0.393798828125 -0.185577392578125 -0.0453720092773437 0.0459175109863281
0.459136962890625 -0.025299072265625 -0.102424621582031 -0.0108261108398437
0.417694091796875 0.3228759765625 -0.142730712890625 -0.107452392578125
0.312774658203125 0.446258544921875 -0.104934692382812 -0.206558227539062
0.1134033203125 0.558319091796875 -0.0218658447265625 -0.280380249023438
0.05499267578125 0.5673828125 -0.136428833007813 0.177490234375
0.119476318359375 0.5145263671875 -0.0569076538085937 0.088226318359375
0.310791015625 0.489105224609375 -0.0489120483398437 0.0644912719726563
0.41546630859375 0.250396728515625 -0.0665817260742187 0.0554962158203125
0.447265625 0.08135986328125 -0.0548171997070312 0.099700927734375
0.375030517578125 -0.166839599609375 -0.0480422973632812 0.0715560913085938
0.259063720703125 -0.29779052734375 -0.0471420288085937 0.0937042236328125
0.260894775390625 -0.2880859375 -0.0546340942382812 0.118186950683594
0.22076416015625 -0.351715087890625 -0.0476760864257812 0.0924301147460937
0.266525268554688 -0.26983642578125 -0.0805282592773437 0.0978622436523438
0.38531494140625 -0.172454833984375 -0.0820388793945313 0.115394592285156
0.43939208984375 -0.026336669921875 -0.114959716796875 0.0434341430664062
0.403350830078125 0.29901123046875 -0.121177673339844 -0.049285888671875
0.3140869140625 0.41778564453125 -0.0320587158203125 -0.098236083984375
0.139312744140625 0.54388427734375 0.0126190185546875 -0.08428955078125
0.10101318359375 0.45361328125 -0.11529541015625 0.36199951171875
0.14739990234375 0.400543212890625 -0.0227508544921875 0.21417236328125
0.27337646484375 0.35491943359375 -0.042572021484375 0.103683471679688
0.3292236328125 0.1741943359375 -0.0943984985351562 0.0801620483398438
0.349609375 0.057830810546875 -0.124526977539062 0.111099243164063
0.305633544921875 -0.134002685546875 -0.144561767578125 0.13824462890625
0.217437744140625 -0.2349853515625 -0.12164306640625 0.214431762695312
0.220947265625 -0.227294921875 -0.10467529296875 0.234664916992187
0.198348999023438 -0.274932861328125 -0.0960845947265625 0.210342407226562
0.230987548828125 -0.19793701171875 -0.135696411132812 0.183349609375
0.318817138671875 -0.1082763671875 -0.115646362304688 0.157958984375
0.339111328125 0.007476806640625 -0.119010925292969 0.0774688720703125
0.2999267578125 0.248687744140625 -0.0864181518554687 -0.00465393066406249
0.24481201171875 0.328155517578125 0.0448188781738281 0.00547790527343752
0.1326904296875 0.44219970703125 0.0535659790039063 0.102912902832031
0.124557495117187 0.266571044921875 -0.0748901367187499 0.507232666015625
0.144973754882813 0.223419189453125 0.021240234375 0.317138671875
0.1832275390625 0.168411254882813 -0.0200347900390625 0.140640258789063
0.190170288085938 0.075225830078125 -0.090423583984375 0.1072998046875
0.19696044921875 0.0272216796875 -0.155746459960938 0.11480712890625
0.18603515625 -0.0805206298828125 -0.202056884765625 0.18829345703125
0.140716552734375 -0.13677978515625 -0.167510986328125 0.3035888671875
0.146514892578125 -0.132110595703125 -0.1395263671875 0.315460205078125
0.1483154296875 -0.155624389648437 -0.1402587890625 0.292510986328125
0.16400146484375 -0.0942535400390625 -0.185012817382813 0.226318359375
0.203353881835938 -0.0232391357421875 -0.149093627929688 0.158859252929688
0.18487548828125 0.0442352294921875 -0.12078857421875 0.0830841064453125
0.143295288085938 0.159774780273438 -0.05279541015625 0.0234375
0.135543823242188 0.187026977539063 0.0991439819335938 0.0927886962890625
0.104339599609375 0.271331787109375 0.08551025390625 0.253677368164062
0.115425109863281 0.04266357421875 -0.0245361328125001 0.59326171875
0.103645324707031 0.0300140380859375 0.072052001953125 0.38519287109375
0.0584831237792969 -0.0125503540039063 0.0193939208984375 0.166397094726563
0.0288467407226563 -0.00730133056640625 -0.0560379028320313 0.123664855957031
0.0282554626464844 0.0083160400390625 -0.148971557617188 0.107315063476563
0.0490379333496094 -0.00925445556640625 -0.212448120117187 0.214599609375
0.0471267700195312 -0.0150260925292969 -0.17724609375 0.347198486328125
0.050750732421875 -0.0158882141113281 -0.151947021484375 0.347686767578125
0.0716705322265625 -0.0188369750976562 -0.173309326171875 0.32568359375
0.0673599243164063 0.00952529907226563 -0.221511840820312 0.22503662109375
0.0588836669921875 0.0429458618164063 -0.173004150390625 0.1231689453125
0.0131683349609375 0.0482826232910156 -0.117904663085937 0.0633773803710938
-0.00766563415527344 0.0275669097900391 -0.0261726379394531 0.0369644165039063
0.0348892211914063 0.0106468200683594 0.121261596679688 0.152191162109375
0.0747604370117188 0.0584182739257813 0.101959228515625 0.34356689453125
-0.0720977783203125 0.1890869140625 -0.15032958984375 -0.3642578125
0.0113372802734375 0.170578002929688 -0.15460205078125 -0.206710815429688
0.12060546875 0.135269165039063 -0.00971317291259765 -0.0114603042602539
0.144256591796875 0.021942138671875 0.0932998657226563 -0.0150299072265625
0.118461608886719 -0.0604400634765625 0.195465087890625 -0.039398193359375
0.0383682250976563 -0.096893310546875 0.2349853515625 -0.185836791992188
0.0160751342773438 -0.108818054199219 0.179840087890625 -0.330963134765625
0.0457916259765625 -0.0972671508789062 0.147003173828125 -0.330352783203125
0.032073974609375 -0.10455322265625 0.158416748046875 -0.3262939453125
0.0700607299804688 -0.0773544311523438 0.182373046875 -0.227584838867188
0.108818054199219 -0.0432205200195312 0.101951599121094 -0.122734069824219
0.140731811523438 0.0322418212890625 0.01629638671875 -0.132591247558594
0.0811233520507812 0.138351440429687 -0.0533447265625 -0.219100952148438
0.0189208984375 0.158187866210938 -0.120025634765625 -0.38311767578125
-0.0633010864257813 0.135482788085938 0.0198974609375 -0.63446044921875
-0.041748046875 0.385009765625 -0.144500732421875 -0.31292724609375
0.042327880859375 0.33624267578125 -0.137786865234375 -0.197341918945312
0.210205078125 0.30401611328125 -0.025674819946289 -0.0061664581298828
0.27398681640625 0.11334228515625 0.0643081665039063 0.00763320922851563
0.270889282226563 -0.0255279541015625 0.172653198242188 0.010498046875
0.172286987304688 -0.155776977539063 0.218399047851562 -0.1373291015625
0.11016845703125 -0.218658447265625 0.162918090820313 -0.269073486328125
0.140701293945313 -0.204483032226563 0.116043090820313 -0.259963989257813
0.115203857421875 -0.231826782226563 0.115554809570312 -0.269500732421875
0.167984008789062 -0.168014526367187 0.121475219726563 -0.185455322265625
0.24163818359375 -0.095367431640625 0.0530853271484375 -0.0846023559570313
0.2872314453125 0.027130126953125 -0.0329971313476562 -0.109130859375
0.223114013671875 0.245529174804688 -0.106704711914062 -0.204147338867188
0.135162353515625 0.3072509765625 -0.1534423828125 -0.363494873046875
-0.00122070312500002 0.339996337890625 -0.021728515625 -0.57818603515625
-0.012451171875 0.532928466796875 -0.14007568359375 -0.193222045898437
0.0639648437499999 0.47119140625 -0.112014770507812 -0.140556335449219
0.27435302734375 0.45001220703125 -0.0346298217773437 0.00607872009277346
0.375213623046875 0.204345703125 0.0269508361816406 0.022756576538086
0.3956298828125 0.025360107421875 0.119194030761719 0.0495681762695313
0.292449951171875 -0.185638427734375 0.159713745117188 -0.075408935546875
0.19403076171875 -0.291351318359375 0.11370849609375 -0.167953491210938
0.214584350585938 -0.28045654296875 0.067474365234375 -0.149276733398438
0.1749267578125 -0.32818603515625 0.0619049072265625 -0.17041015625
0.23382568359375 -0.248703002929688 0.052276611328125 -0.108955383300781
0.341094970703125 -0.156402587890625 0.00389289855957033 -0.0257625579833984
0.404998779296875 -0.0047607421875 -0.0742340087890625 -0.0655517578125
0.353271484375 0.3040771484375 -0.14117431640625 -0.161880493164062
0.249908447265625 0.405792236328125 -0.15521240234375 -0.298828125
0.0704345703125 0.49298095703125 -0.038909912109375 -0.452972412109375
0.02569580078125 0.60302734375 -0.13726806640625 -0.0212173461914062
0.095611572265625 0.541046142578125 -0.0841598510742188 -0.0402069091796874
0.321044921875 0.521942138671875 -0.0384063720703125 0.02911376953125
0.43524169921875 0.256256103515625 -0.0176544189453125 0.0350341796875
0.46856689453125 0.06341552734375 0.0392074584960938 0.0774154663085938
0.3701171875 -0.1922607421875 0.0645370483398438 -0.00441360473632814
0.246185302734375 -0.321685791015625 0.0395774841308594 -0.0413055419921875
0.25537109375 -0.314544677734375 0.0101509094238281 -0.0166463851928711
0.208251953125 -0.37554931640625 0.00650787353515626 -0.0426979064941406
0.2650146484375 -0.29022216796875 -0.014923095703125 -0.00750827789306642
0.392791748046875 -0.196044921875 -0.0379295349121093 0.0478591918945312
0.464996337890625 -0.037445068359375 -0.100257873535156 -0.00909423828125002
0.433441162109375 0.3170166015625 -0.145538330078125 -0.104156494140625
0.32373046875 0.442596435546875 -0.109512329101562 -0.204315185546875
0.12957763671875 0.56744384765625 -0.0238494873046875 -0.27880859375
0.06842041015625 0.57794189453125 -0.128952026367188 0.176101684570313
0.130950927734375 0.5208740234375 -0.0516815185546875 0.0865554809570313
0.330291748046875 0.4888916015625 -0.0377883911132812 0.06231689453125
0.426422119140625 0.244049072265625 -0.0619773864746094 0.0524482727050781
0.457000732421875 0.070404052734375 -0.0507431030273438 0.0982894897460938
0.375579833984375 -0.175872802734375 -0.0472412109375 0.0710372924804688
0.25421142578125 -0.30426025390625 -0.0441131591796875 0.0951766967773437
0.25823974609375 -0.29803466796875 -0.0471649169921875 0.12017822265625
0.215057373046875 -0.35992431640625 -0.0440750122070312 0.0931549072265625
0.263687133789063 -0.276168823242188 -0.0752334594726563 0.100601196289062
0.385223388671875 -0.18316650390625 -0.0739517211914062 0.11737060546875
0.444793701171875 -0.036651611328125 -0.111259460449219 0.0447311401367187
0.416748046875 0.297119140625 -0.121879577636719 -0.046356201171875
0.323516845703125 0.415435791015625 -0.0325927734375 -0.0968704223632812
0.15655517578125 0.552459716796875 0.0158538818359375 -0.0809478759765625
0.110504150390625 0.460540771484375 -0.10321044921875 0.364654541015625
0.155364990234375 0.40606689453125 -0.01263427734375 0.213912963867188
0.287994384765625 0.3563232421875 -0.0300674438476562 0.102096557617188
0.339508056640625 0.17022705078125 -0.0887451171875 0.0780181884765625
0.35986328125 0.050994873046875 -0.121452331542969 0.112106323242188
0.308837890625 -0.1407470703125 -0.144210815429687 0.141555786132813
0.214340209960938 -0.24102783203125 -0.116195678710938 0.218795776367187
0.220184326171875 -0.237716674804687 -0.096343994140625 0.238937377929688
0.1951904296875 -0.28277587890625 -0.0901336669921875 0.214080810546875
0.230300903320313 -0.20391845703125 -0.12969970703125 0.18853759765625
0.320404052734375 -0.11651611328125 -0.1080322265625 0.160415649414063
0.345489501953125 0.00042724609375 -0.114814758300781 0.0797042846679688
0.309478759765625 0.248138427734375 -0.0855865478515625 -0.00197601318359373
0.25067138671875 0.32696533203125 0.0479164123535156 0.00613784790039065
0.144378662109375 0.450469970703125 0.0617218017578125 0.107894897460938
0.1278076171875 0.27154541015625 -0.060760498046875 0.511932373046875
0.149124145507813 0.22723388671875 0.03363037109375 0.318939208984375
0.190811157226563 0.169204711914063 -0.00890350341796874 0.138526916503906
0.195587158203125 0.073883056640625 -0.084869384765625 0.105201721191406
0.204086303710938 0.0245361328125 -0.154342651367188 0.117233276367188
0.189605712890625 -0.0849761962890625 -0.2015380859375 0.194564819335938
0.140411376953125 -0.141921997070313 -0.16058349609375 0.3114013671875
0.148056030273438 -0.138824462890625 -0.129150390625 0.321624755859375
0.149093627929688 -0.162353515625 -0.13348388671875 0.29925537109375
0.16571044921875 -0.09881591796875 -0.179290771484375 0.233474731445313
0.206878662109375 -0.0289306640625 -0.142578125 0.16229248046875
0.191421508789063 0.0420989990234375 -0.115875244140625 0.0859375
0.150634765625 0.162582397460938 -0.051025390625 0.0256195068359375
0.13922119140625 0.189865112304688 0.105094909667969 0.0919570922851563
0.109054565429688 0.278518676757813 0.09716796875 0.259414672851563
0.112197875976563 0.043914794921875 -0.00543212890625005 0.59765625
0.103141784667969 0.0305709838867187 0.086761474609375 0.38592529296875
0.0579185485839844 -0.01104736328125 0.029052734375 0.1636962890625
0.0301895141601563 -0.0061798095703125 -0.0508651733398438 0.121726989746094
0.0317420959472656 0.0106258392333984 -0.150100708007813 0.110321044921875
0.0537757873535156 -0.0103912353515625 -0.212188720703125 0.22174072265625
0.0498504638671875 -0.0179557800292969 -0.170135498046875 0.35577392578125
0.0542716979980469 -0.0196075439453125 -0.14312744140625 0.35540771484375
0.076263427734375 -0.023651123046875 -0.166778564453125 0.334503173828125
0.0715179443359375 0.00658416748046875 -0.217483520507813 0.233200073242187
0.0634994506835938 0.0409660339355469 -0.17010498046875 0.126510620117188
0.0183448791503906 0.0498237609863281 -0.113998413085938 0.066650390625
-0.00404167175292968 0.0333881378173828 -0.0237236022949219 0.0389900207519531
0.0344409942626953 0.0158576965332031 0.128326416015625 0.15216064453125
0.0734634399414063 0.0631179809570312 0.113922119140625 0.34991455078125
-0.0605621337890625 0.192062377929688 -0.1722412109375 -0.36981201171875
0.018341064453125 0.169540405273438 -0.16973876953125 -0.205215454101562
0.126266479492188 0.129676818847656 -0.0106315612792969 -0.0139741897583008
0.143524169921875 0.0155181884765625 0.0920486450195313 -0.0201644897460938
0.112815856933594 -0.0668563842773438 0.195953369140625 -0.0495452880859375
0.03118896484375 -0.0953140258789063 0.23138427734375 -0.199020385742188
0.0101394653320313 -0.106544494628906 0.166534423828125 -0.345703125
0.0405349731445312 -0.0993728637695313 0.133331298828125 -0.3447265625
0.024200439453125 -0.105644226074219 0.145965576171875 -0.34259033203125
0.0655441284179688 -0.0817794799804688 0.178680419921875 -0.241943359375
0.107528686523437 -0.0497589111328125 0.101478576660156 -0.128387451171875
0.145675659179688 0.022796630859375 0.01007080078125 -0.133895874023438
0.0912017822265625 0.134147644042969 -0.066741943359375 -0.218154907226563
0.0286712646484375 0.155410766601563 -0.140960693359375 -0.38226318359375
-0.0534439086914063 0.139503479003906 -0.0106811523437501 -0.64654541015625
-0.020355224609375 0.391815185546875 -0.1632080078125 -0.319000244140625
0.05694580078125 0.337646484375 -0.15081787109375 -0.196670532226562
0.22686767578125 0.29754638671875 -0.02288818359375 -0.00842285156249998
0.280288696289063 0.102813720703125 0.0648422241210938 0.00304031372070313
0.271041870117188 -0.038848876953125 0.176773071289063 0.000518798828124998
0.164703369140625 -0.161727905273437 0.216217041015625 -0.150070190429688
0.10040283203125 -0.222244262695312 0.153045654296875 -0.282470703125
0.132156372070313 -0.213943481445313 0.1070556640625 -0.2718505859375
0.102783203125 -0.238861083984375 0.105987548828125 -0.28289794921875
0.16156005859375 -0.177688598632813 0.1204833984375 -0.195510864257812
0.24041748046875 -0.108688354492188 0.0547866821289063 -0.0868301391601562
0.295135498046875 0.011444091796875 -0.0383453369140625 -0.108291625976563
0.240768432617188 0.238250732421875 -0.119003295898438 -0.201080322265625
0.152618408203125 0.303619384765625 -0.173980712890625 -0.3599853515625
0.01971435546875 0.347808837890625 -0.04736328125 -0.58453369140625
0.017059326171875 0.542999267578125 -0.15130615234375 -0.198822021484375
0.085784912109375 0.475830078125 -0.12176513671875 -0.14190673828125
0.302947998046875 0.442108154296875 -0.0290889739990234 0.00305557250976565
0.3887939453125 0.1910400390625 0.0294456481933594 0.018218994140625
0.403045654296875 0.006378173828125 0.12451171875 0.04156494140625
0.287567138671875 -0.1978759765625 0.1593017578125 -0.085845947265625
0.181915283203125 -0.300811767578125 0.108596801757813 -0.178359985351563
0.205596923828125 -0.29486083984375 0.064788818359375 -0.15771484375
0.159820556640625 -0.340118408203125 0.0560150146484375 -0.1785888671875
0.2255859375 -0.26068115234375 0.0530548095703125 -0.114547729492188
0.338714599609375 -0.17535400390625 0.00868415832519533 -0.0259265899658203
0.41357421875 -0.025115966796875 -0.0771026611328125 -0.0632247924804688
0.377044677734375 0.293670654296875 -0.150955200195312 -0.155380249023437
0.271514892578125 0.40032958984375 -0.170166015625 -0.29443359375
0.101348876953125 0.502288818359375 -0.0565185546875 -0.456390380859375
0.0560302734375 0.61456298828125 -0.13885498046875 -0.0228805541992187
0.1207275390625 0.547332763671875 -0.0867156982421875 -0.041259765625
0.355072021484375 0.51434326171875 -0.0291881561279297 0.0253982543945313
0.4525146484375 0.24041748046875 -0.0139732360839843 0.0316848754882813
0.479736328125 0.040496826171875 0.0452499389648438 0.0732421875
0.366455078125 -0.21002197265625 0.0651130676269532 -0.00990295410156251
0.234954833984375 -0.3348388671875 0.0392570495605469 -0.0455093383789063
0.24652099609375 -0.332611083984375 0.0135917663574219 -0.0195732116699219
0.1922607421875 -0.39068603515625 0.00569915771484376 -0.0453872680664063
0.256591796875 -0.306610107421875 -0.0108833312988281 -0.00746440887451174
0.3887939453125 -0.216949462890625 -0.0303916931152344 0.0494422912597656
0.473876953125 -0.060089111328125 -0.0999069213867187 -0.00506591796874998
0.457366943359375 0.30419921875 -0.151565551757812 -0.096923828125
0.34747314453125 0.43524169921875 -0.118850708007812 -0.200302124023437
0.1617431640625 0.57708740234375 -0.0335693359375 -0.277938842773437
0.09759521484375 0.5899658203125 -0.119888305664063 0.178878784179688
0.155242919921875 0.527374267578125 -0.0456924438476563 0.0864715576171875
0.363861083984375 0.48394775390625 -0.0257797241210937 0.059326171875
0.446136474609375 0.229156494140625 -0.0568466186523437 0.0512924194335937
0.471710205078125 0.048797607421875 -0.0448074340820312 0.0984878540039063
0.376251220703125 -0.195526123046875 -0.0463104248046875 0.0728988647460937
0.2449951171875 -0.319061279296875 -0.039154052734375 0.0978469848632812
0.25048828125 -0.317413330078125 -0.0374603271484375 0.122734069824219
0.200775146484375 -0.376007080078125 -0.0387420654296875 0.0969696044921875
0.25555419921875 -0.290863037109375 -0.0674591064453125 0.105667114257812
0.383453369140625 -0.203460693359375 -0.0636444091796875 0.121086120605469
0.4534912109375 -0.0584716796875 -0.107887268066406 0.0495986938476563
0.440216064453125 0.284912109375 -0.125152587890625 -0.0400848388671875
0.3470458984375 0.408050537109375 -0.0346298217773437 -0.0954055786132812
0.18658447265625 0.5625 0.0176315307617188 -0.078857421875
0.131866455078125 0.4686279296875 -0.084503173828125 0.370330810546875
0.177032470703125 0.410247802734375 0.000778198242187529 0.215530395507813
0.31329345703125 0.350616455078125 -0.0171585083007812 0.0984954833984375
0.3551025390625 0.158660888671875 -0.08319091796875 0.0785293579101563
0.3729248046875 0.033905029296875 -0.117233276367187 0.116622924804687
0.310211181640625 -0.157257080078125 -0.141998291015625 0.149673461914062
0.208419799804688 -0.254730224609375 -0.106292724609375 0.228469848632812
0.2152099609375 -0.253952026367188 -0.0810546875 0.246078491210937
0.186492919921875 -0.298370361328125 -0.0801544189453125 0.222518920898437
0.226348876953125 -0.21636962890625 -0.119598388671875 0.197418212890625
0.320068359375 -0.13336181640625 -0.0980224609375 0.165603637695313
0.35382080078125 -0.015960693359375 -0.110176086425781 0.0848007202148437
0.32891845703125 0.242218017578125 -0.0855941772460937 0.00296020507812501
0.267822265625 0.324981689453125 0.0524177551269531 0.00498199462890627
0.1688232421875 0.4581298828125 0.0736160278320313 0.11126708984375
0.139556884765625 0.276596069335938 -0.033538818359375 0.522552490234375
0.161407470703125 0.228225708007813 0.054168701171875 0.320037841796875
0.203369140625 0.165985107421875 0.00332641601562502 0.136039733886719
0.203567504882813 0.0677490234375 -0.0785675048828125 0.106704711914063
0.213119506835937 0.0157928466796875 -0.151290893554687 0.123947143554688
0.193069458007813 -0.0950164794921875 -0.19818115234375 0.206893920898437
0.138595581054688 -0.151748657226562 -0.146759033203125 0.325225830078125
0.147064208984375 -0.150619506835938 -0.11273193359375 0.332611083984375
0.146728515625 -0.174606323242188 -0.11932373046875 0.31231689453125
0.1663818359375 -0.107513427734375 -0.169387817382812 0.246383666992188
0.210983276367188 -0.040069580078125 -0.134933471679688 0.169235229492188
0.19989013671875 0.034332275390625 -0.110931396484375 0.0913238525390625
0.163681030273438 0.163314819335938 -0.0492973327636719 0.0291671752929688
0.148529052734375 0.191558837890625 0.113868713378906 0.089447021484375
0.12335205078125 0.285247802734375 0.115737915039063 0.263778686523438
0.111152648925781 0.0441436767578125 0.02392578125 0.6075439453125
0.104415893554687 0.0286483764648437 0.11090087890625 0.386688232421875
0.0575637817382812 -0.0114593505859375 0.04083251953125 0.1602783203125
0.0311393737792969 -0.00616073608398438 -0.044464111328125 0.121597290039063
0.0354728698730469 0.0110931396484375 -0.148651123046875 0.11798095703125
0.0579833984375 -0.0129928588867188 -0.208724975585938 0.235565185546875
0.0523567199707031 -0.0223388671875 -0.15557861328125 0.3714599609375
0.0572357177734375 -0.0246200561523438 -0.12664794921875 0.368316650390625
0.0794601440429688 -0.0309677124023438 -0.151702880859375 0.34991455078125
0.0759201049804688 0.00167083740234375 -0.210205078125 0.24835205078125
0.0691719055175781 0.0374298095703125 -0.165573120117187 0.13458251953125
0.0253105163574219 0.0505943298339844 -0.110282897949219 0.0731201171875
0.000419616699218749 0.0392417907714844 -0.0204353332519531 0.0413398742675781
0.0355033874511719 0.0203132629394531 0.139541625976563 0.149795532226563
0.0756759643554688 0.066802978515625 0.136474609375 0.355682373046875
-0.0445556640625 0.192718505859375 -0.20135498046875 -0.364990234375
0.0289764404296875 0.166168212890625 -0.18621826171875 -0.1953125
0.133224487304688 0.119560241699219 -0.0112628936767578 -0.0153255462646484
0.1419677734375 0.00634765625 0.0896224975585938 -0.026641845703125
0.1044921875 -0.0737762451171875 0.193069458007813 -0.0632476806640625
0.0225601196289063 -0.0930099487304687 0.221221923828125 -0.215316772460938
0.00294494628906251 -0.103530883789063 0.143218994140625 -0.359375
0.032196044921875 -0.101043701171875 0.11029052734375 -0.35723876953125
0.014495849609375 -0.104934692382813 0.12261962890625 -0.358184814453125
0.0588912963867188 -0.085662841796875 0.1658935546875 -0.256820678710938
0.103340148925781 -0.057464599609375 0.0976333618164063 -0.134101867675781
0.147705078125 0.0111236572265625 0.000526428222656258 -0.13336181640625
0.101272583007813 0.126129150390625 -0.0836181640625 -0.212005615234375
0.039825439453125 0.151016235351563 -0.168487548828125 -0.372650146484375
-0.0397186279296875 0.143478393554688 -0.0560913085937499 -0.6473388671875
0.00970458984374999 0.3922119140625 -0.187957763671875 -0.315704345703125
0.078277587890625 0.333709716796875 -0.16748046875 -0.189834594726563
0.246551513671875 0.28167724609375 -0.0213546752929687 -0.0115566253662109
0.2845458984375 0.08477783203125 0.0638771057128906 -0.00331497192382812
0.266708374023438 -0.0575103759765625 0.176803588867188 -0.0125274658203125
0.152557373046875 -0.168563842773438 0.208847045898437 -0.165802001953125
0.0859375 -0.225357055664063 0.134063720703125 -0.295166015625
0.11785888671875 -0.222686767578125 0.090301513671875 -0.282928466796875
0.0842437744140625 -0.2437744140625 0.087371826171875 -0.294769287109375
0.149566650390625 -0.18780517578125 0.111770629882813 -0.206756591796875
0.23284912109375 -0.125015258789063 0.0540771484375 -0.0904998779296875
0.298797607421875 -0.01019287109375 -0.0454254150390625 -0.105201721191406
0.260238647460938 0.22271728515625 -0.133743286132812 -0.191055297851562
0.1729736328125 0.2926025390625 -0.198974609375 -0.34716796875
0.0477294921875 0.34991455078125 -0.08740234375 -0.58453369140625
0.056396484375 0.543548583984375 -0.166946411132813 -0.196365356445312
0.1173095703125 0.472412109375 -0.133369445800781 -0.13714599609375
0.33331298828125 0.422454833984375 -0.0237655639648437 -0.00177955627441404
0.400543212890625 0.16607666015625 0.0307426452636719 0.0125732421875
0.40374755859375 -0.0223388671875 0.128257751464844 0.0303115844726563
0.274246215820313 -0.213821411132813 0.1541748046875 -0.09759521484375
0.163482666015625 -0.309722900390625 0.0968780517578125 -0.187835693359375
0.185791015625 -0.310699462890625 0.056976318359375 -0.165451049804688
0.1351318359375 -0.35064697265625 0.0452117919921875 -0.184783935546875
0.209152221679688 -0.275558471679688 0.05029296875 -0.120475769042969
0.32794189453125 -0.198455810546875 0.011932373046875 -0.027303695678711
0.414947509765625 -0.054718017578125 -0.080413818359375 -0.0579910278320313
0.402252197265625 0.26995849609375 -0.16143798828125 -0.143661499023437
0.29913330078125 0.382354736328125 -0.189117431640625 -0.281646728515625
0.139068603515625 0.50030517578125 -0.08673095703125 -0.4521484375
0.10150146484375 0.6165771484375 -0.141586303710938 -0.0206298828125
0.157867431640625 0.54345703125 -0.090240478515625 -0.0390472412109375
0.3931884765625 0.492523193359375 -0.0208206176757812 0.0192718505859375
0.4716796875 0.21356201171875 -0.01055908203125 0.0279998779296875
0.486114501953125 0.005706787109375 0.0517578125 0.0670127868652344
0.35321044921875 -0.232635498046875 0.0632858276367188 -0.015838623046875
0.214385986328125 -0.348724365234375 0.0367355346679688 -0.0494422912597657
0.2261962890625 -0.352783203125 0.0155487060546875 -0.0224628448486328
0.166015625 -0.405120849609375 0.00468444824218751 -0.0468559265136719
0.238372802734375 -0.3214111328125 -0.00737762451171874 -0.00769424438476564
0.375457763671875 -0.24444580078125 -0.0223503112792969 0.0497245788574219
0.472930908203125 -0.09259033203125 -0.0990447998046875 0.000778198242187512
0.482696533203125 0.27667236328125 -0.156951904296875 -0.08453369140625
0.375823974609375 0.413970947265625 -0.130218505859375 -0.19134521484375
0.20611572265625 0.5750732421875 -0.0471954345703125 -0.274551391601562
0.1405029296875 0.591064453125 -0.106887817382813 0.181854248046875
0.191314697265625 0.522979736328125 -0.0393753051757812 0.0869979858398438
0.403228759765625 0.4613037109375 -0.0148429870605469 0.0526618957519532
0.463348388671875 0.200286865234375 -0.0512542724609375 0.0498695373535156
0.479766845703125 0.01483154296875 -0.0366592407226562 0.0982818603515625
0.365753173828125 -0.21966552734375 -0.04327392578125 0.0750808715820313
0.22613525390625 -0.33477783203125 -0.0315780639648438 0.10028076171875
0.231292724609375 -0.338714599609375 -0.0255508422851562 0.123634338378906
0.1754150390625 -0.390960693359375 -0.0304031372070312 0.0997238159179687
0.239044189453125 -0.306182861328125 -0.0570602416992187 0.110420227050781
0.370147705078125 -0.23101806640625 -0.0516281127929687 0.123252868652344
0.452911376953125 -0.090118408203125 -0.102523803710937 0.0562820434570313
0.466522216796875 0.2598876953125 -0.125732421875 -0.0294876098632813
0.372650146484375 0.38970947265625 -0.0381393432617187 -0.0924835205078125
0.227783203125 0.558929443359375 0.0179061889648438 -0.0765838623046875
0.164093017578125 0.467926025390625 -0.0579833984375 0.374237060546875
0.204559326171875 0.403778076171875 0.01788330078125 0.213470458984375
0.342559814453125 0.33404541015625 -0.00423431396484374 0.0927352905273438
0.370147705078125 0.136444091796875 -0.0759506225585937 0.0791854858398438
0.38031005859375 0.007843017578125 -0.108726501464844 0.122474670410156
0.304473876953125 -0.1793212890625 -0.135101318359375 0.1595458984375
0.19403076171875 -0.27020263671875 -0.09027099609375 0.236328125
0.20111083984375 -0.272384643554688 -0.0612640380859375 0.251373291015625
0.167572021484375 -0.314056396484375 -0.062744140625 0.2305908203125
0.214675903320313 -0.2305908203125 -0.104278564453125 0.206497192382812
0.312774658203125 -0.155792236328125 -0.0839691162109375 0.169769287109375
0.356536865234375 -0.040008544921875 -0.101921081542969 0.0916061401367187
0.350494384765625 0.225189208984375 -0.08367919921875 0.0105667114257813
0.289581298828125 0.31207275390625 0.0556793212890625 0.00216674804687502
0.2022705078125 0.45623779296875 0.0874176025390625 0.11053466796875
0.156402587890625 0.274093627929688 0.00262451171875 0.524566650390625
0.176513671875 0.222412109375 0.07879638671875 0.315399169921875
0.216842651367187 0.155975341796875 0.0172348022460938 0.130104064941406
0.210739135742188 0.05609130859375 -0.07000732421875 0.106819152832031
0.218902587890625 0.0015869140625 -0.144317626953125 0.132781982421875
0.19140625 -0.10894775390625 -0.18817138671875 0.221893310546875
0.130722045898438 -0.162200927734375 -0.1248779296875 0.33746337890625
0.139495849609375 -0.163726806640625 -0.08697509765625 0.340667724609375
0.137527465820313 -0.1884765625 -0.09576416015625 0.322784423828125
0.1622314453125 -0.11944580078125 -0.152313232421875 0.2591552734375
0.210220336914063 -0.054107666015625 -0.122039794921875 0.175796508789063
0.205810546875 0.021148681640625 -0.103019714355469 0.09844970703125
0.1788330078125 0.157318115234375 -0.0455665588378906 0.0340728759765625
0.160507202148438 0.1868896484375 0.123062133789063 0.0824432373046875
0.14306640625 0.2845458984375 0.139358520507813 0.260589599609375
0.111251831054688 0.04180908203125 0.06707763671875 0.6080322265625
0.1053466796875 0.0238494873046875 0.141326904296875 0.377960205078125
0.0555038452148438 -0.0126266479492188 0.0537261962890625 0.153671264648437
0.0315113067626953 -0.00637245178222656 -0.0354995727539063 0.120635986328125
0.03961181640625 0.0102691650390625 -0.1429443359375 0.127243041992187
0.0617713928222656 -0.0180015563964844 -0.19677734375 0.2515869140625
0.0530433654785156 -0.02734375 -0.130462646484375 0.38494873046875
0.0576934814453125 -0.0309410095214844 -0.100433349609375 0.3780517578125
0.0806884765625 -0.04052734375 -0.12554931640625 0.362884521484375
0.0784530639648438 -0.00482177734375 -0.194534301757813 0.264419555664063
0.0739898681640625 0.0316848754882813 -0.156875610351563 0.144515991210938
0.0319366455078125 0.0485687255859375 -0.10321044921875 0.0807723999023438
0.00688552856445313 0.0424919128417969 -0.0169029235839844 0.0440597534179688
0.0375709533691406 0.0231552124023438 0.1527099609375 0.141571044921875
0.07891845703125 0.0676422119140625 0.1654052734375 0.351287841796875
-0.027587890625 0.187255859375 -0.224395751953125 -0.34722900390625
0.037689208984375 0.157974243164062 -0.19671630859375 -0.178680419921875
0.136367797851563 0.106452941894531 -0.0116109848022461 -0.0162439346313476
0.13616943359375 -0.003021240234375 0.0836715698242188 -0.0322113037109375
0.0932388305664063 -0.077880859375 0.182830810546875 -0.0744171142578125
0.0136184692382812 -0.0874786376953125 0.203353881835938 -0.224761962890625
-0.00362396240234374 -0.0972976684570313 0.1156005859375 -0.36126708984375
0.023651123046875 -0.099090576171875 0.0821533203125 -0.357513427734375
0.0048065185546875 -0.10028076171875 0.093963623046875 -0.36102294921875
0.0503311157226562 -0.08673095703125 0.1473388671875 -0.264785766601562
0.096160888671875 -0.0634689331054688 0.0891036987304688 -0.136070251464844
0.145431518554688 -0.0015106201171875 -0.00881958007812498 -0.128463745117187
0.107925415039063 0.114974975585938 -0.097320556640625 -0.199066162109375
0.0499420166015625 0.141983032226563 -0.19195556640625 -0.3494873046875
-0.0251007080078125 0.141464233398438 -0.10003662109375 -0.62554931640625
0.03955078125 0.380096435546875 -0.207427978515625 -0.300567626953125
0.096405029296875 0.3194580078125 -0.178192138671875 -0.174774169921875
0.259490966796875 0.25640869140625 -0.01922607421875 -0.0146732330322265
0.281494140625 0.064239501953125 0.0607261657714844 -0.00896453857421874
0.253143310546875 -0.074005126953125 0.170852661132813 -0.0252227783203125
0.136306762695313 -0.170547485351563 0.193649291992188 -0.175796508789063
0.0692596435546875 -0.221572875976563 0.11090087890625 -0.298736572265625
0.0991058349609375 -0.22467041015625 0.069061279296875 -0.284423828125
0.06390380859375 -0.240814208984375 0.064300537109375 -0.295166015625
0.133193969726563 -0.192214965820313 0.09820556640625 -0.212493896484375
0.218902587890625 -0.138259887695313 0.0509262084960938 -0.0922775268554688
0.29180908203125 -0.032073974609375 -0.05133056640625 -0.0985488891601563
0.27093505859375 0.199996948242188 -0.143447875976563 -0.174713134765625
0.188156127929688 0.272491455078125 -0.21685791015625 -0.324188232421875
0.075775146484375 0.339019775390625 -0.1241455078125 -0.5616455078125
0.09576416015625 0.5267333984375 -0.178817749023438 -0.18585205078125
0.1441650390625 0.451629638671875 -0.140914916992188 -0.126785278320312
0.357086181640625 0.385711669921875 -0.0200138092041015 -0.00724029541015623
0.400146484375 0.13623046875 0.0301342010498047 0.00699996948242188
0.391632080078125 -0.05029296875 0.127593994140625 0.0185928344726562
0.252548217773438 -0.22393798828125 0.143798828125 -0.106643676757813
0.1387939453125 -0.31048583984375 0.08172607421875 -0.191513061523438
0.160736083984375 -0.3170166015625 0.0458831787109375 -0.167831420898438
0.10638427734375 -0.34954833984375 0.031494140625 -0.185226440429688
0.186126708984375 -0.281646728515625 0.0443878173828125 -0.123092651367188
0.305511474609375 -0.216094970703125 0.0148715972900391 -0.0282516479492188
0.403076171875 -0.08404541015625 -0.0814666748046875 -0.05078125
0.414459228515625 0.237396240234375 -0.165313720703125 -0.126907348632813
0.317535400390625 0.352996826171875 -0.201934814453125 -0.260116577148438
0.17486572265625 0.481414794921875 -0.11212158203125 -0.43328857421875
0.14501953125 0.59716796875 -0.140914916992188 -0.0157470703124999
0.18896484375 0.52099609375 -0.0912322998046875 -0.0346755981445312
0.420684814453125 0.45184326171875 -0.014348030090332 0.0112419128417969
0.474609375 0.176300048828125 -0.00777816772460934 0.023223876953125
0.474945068359375 -0.030059814453125 0.0557670593261719 0.0588836669921875
0.33013916015625 -0.24969482421875 0.0596885681152344 -0.0200462341308594
0.186767578125 -0.35272216796875 0.0328140258789063 -0.052154541015625
0.197479248046875 -0.361236572265625 0.0164299011230469 -0.0265083312988281
0.132965087890625 -0.40582275390625 0.00319671630859376 -0.0469856262207032
0.21160888671875 -0.328887939453125 -0.00401735305786131 -0.00863456726074221
0.349884033203125 -0.262664794921875 -0.0138511657714844 0.0480422973632812
0.45672607421875 -0.124786376953125 -0.0947036743164062 0.00707244873046873
0.493408203125 0.2398681640625 -0.155593872070312 -0.0693359375
0.39453125 0.381134033203125 -0.137100219726563 -0.176483154296875
0.246337890625 0.551177978515625 -0.0602264404296875 -0.261627197265625
0.1807861328125 0.571533203125 -0.0924530029296875 0.180068969726563
0.22308349609375 0.499908447265625 -0.0320281982421875 0.0853042602539063
0.428253173828125 0.422698974609375 -0.00650024414062497 0.0432929992675781
0.46710205078125 0.165802001953125 -0.0452232360839844 0.047088623046875
0.472137451171875 -0.020843505859375 -0.0280838012695312 0.0951309204101563
0.34320068359375 -0.2386474609375 -0.0396499633789062 0.0761871337890625
0.200164794921875 -0.340850830078125 -0.0233688354492187 0.0985183715820312
0.204071044921875 -0.348876953125 -0.0136260986328125 0.119651794433594
0.143463134765625 -0.39447021484375 -0.0201644897460937 0.0993804931640625
0.213592529296875 -0.314788818359375 -0.0450820922851562 0.110816955566406
0.3458251953125 -0.249237060546875 -0.0382614135742187 0.120956420898437
0.437042236328125 -0.119476318359375 -0.094757080078125 0.060638427734375
0.475738525390625 0.22479248046875 -0.121185302734375 -0.0180435180664062
0.389190673828125 0.3558349609375 -0.0402603149414062 -0.0864791870117187
0.26416015625 0.53546142578125 0.0183639526367188 -0.0732345581054687
0.1929931640625 0.451751708984375 -0.029937744140625 0.366058349609375
0.227325439453125 0.384368896484375 0.033782958984375 0.205032348632813
0.360504150390625 0.303131103515625 0.00547790527343752 0.0824966430664063
0.37225341796875 0.1094970703125 -0.0671539306640625 0.0774612426757813
0.375579833984375 -0.019805908203125 -0.0968246459960937 0.124076843261719
0.286712646484375 -0.1962890625 -0.123367309570313 0.165664672851562
0.1727294921875 -0.276901245117188 -0.0710906982421875 0.237014770507813
0.180023193359375 -0.282989501953125 -0.0397491455078125 0.247085571289062
0.142333984375 -0.320068359375 -0.0426177978515625 0.228912353515625
0.196319580078125 -0.239288330078125 -0.0850067138671875 0.208786010742187
0.295440673828125 -0.17291259765625 -0.0683441162109375 0.1689453125
0.346710205078125 -0.06365966796875 -0.0917205810546875 0.0949859619140625
0.361572265625 0.198272705078125 -0.0782546997070312 0.0177536010742188
0.301788330078125 0.289154052734375 0.0576591491699219 -0.00182342529296873
0.23016357421875 0.437835693359375 0.0992431640625 0.103935241699219
0.170623779296875 0.261749267578125 0.041107177734375 0.50738525390625
0.18682861328125 0.207916259765625 0.100830078125 0.30072021484375
0.2244873046875 0.139678955078125 0.0276336669921875 0.119087219238281
0.210662841796875 0.041534423828125 -0.0600128173828125 0.104583740234375
0.21759033203125 -0.0137176513671875 -0.13165283203125 0.137420654296875
0.182540893554688 -0.121261596679688 -0.171401977539062 0.230438232421875
0.118301391601563 -0.168670654296875 -0.097930908203125 0.337982177734375
0.126953125 -0.172195434570313 -0.059967041015625 0.33740234375
0.121963500976563 -0.196121215820313 -0.0677185058593749 0.321014404296875
0.152969360351563 -0.12786865234375 -0.129043579101563 0.264511108398438
0.202590942382813 -0.0673675537109375 -0.1060791015625 0.177963256835938
0.204421997070313 0.0064239501953125 -0.0919036865234375 0.102180480957031
0.188613891601563 0.143844604492188 -0.0400466918945312 0.0372276306152344
0.169418334960938 0.175674438476563 0.128471374511719 0.0719451904296875
0.160263061523438 0.273956298828125 0.16009521484375 0.24713134765625
0.108650207519531 0.0375595092773438 0.10833740234375 0.58477783203125
0.103652954101562 0.01788330078125 0.164794921875 0.358062744140625
0.0529251098632813 -0.0134239196777344 0.063140869140625 0.141754150390625
0.0307140350341797 -0.00725936889648438 -0.0262451171875 0.116043090820313
0.0423507690429688 0.00847244262695313 -0.131607055664063 0.132400512695312
0.0623054504394531 -0.0236892700195312 -0.178085327148437 0.260345458984375
0.0519294738769531 -0.0322189331054688 -0.1002197265625 0.386474609375
0.0564079284667969 -0.036285400390625 -0.07012939453125 0.37548828125
0.0774688720703125 -0.0486297607421875 -0.09375 0.363372802734375
0.0783538818359375 -0.0119247436523437 -0.170852661132813 0.27301025390625
0.0758895874023438 0.02490234375 -0.142776489257812 0.150466918945313
0.0372810363769531 0.045135498046875 -0.0934371948242187 0.084747314453125
0.0137290954589844 0.0437278747558594 -0.0119056701660156 0.0452766418457031
0.0387535095214844 0.024139404296875 0.16094970703125 0.1280517578125
0.0810546875 0.0660629272460938 0.1898193359375 0.334075927734375
-0.01654052734375 0.177734375 -0.234100341796875 -0.32672119140625
0.042022705078125 0.148513793945313 -0.19866943359375 -0.163314819335938
0.134811401367188 0.0947189331054688 -0.0114154815673828 -0.0183887481689453
0.128936767578125 -0.00836944580078125 0.0766067504882813 -0.0341720581054688
0.0823974609375 -0.078094482421875 0.171661376953125 -0.0790557861328125
0.0084075927734375 -0.0799407958984375 0.18768310546875 -0.225967407226562
-0.007080078125 -0.09075927734375 0.09393310546875 -0.354156494140625
0.017181396484375 -0.09478759765625 0.062255859375 -0.34844970703125
-0.000633239746093744 -0.0931930541992187 0.071502685546875 -0.352783203125
0.0431365966796875 -0.0848770141601563 0.131637573242187 -0.265090942382813
0.08892822265625 -0.0656890869140625 0.0826187133789062 -0.13470458984375
0.139656066894531 -0.00994110107421875 -0.0147171020507812 -0.121429443359375
0.108924865722656 0.104850769042969 -0.102615356445312 -0.184829711914063
0.05389404296875 0.131950378417969 -0.19964599609375 -0.32476806640625
-0.0143051147460937 0.135765075683594 -0.12530517578125 -0.594482421875
0.057220458984375 0.36138916015625 -0.21612548828125 -0.283355712890625
0.105255126953125 0.3017578125 -0.180343627929687 -0.160675048828125
0.260406494140625 0.23284912109375 -0.0180702209472656 -0.0189781188964844
0.271697998046875 0.0498046875 0.0564498901367188 -0.013031005859375
0.237106323242187 -0.08233642578125 0.162750244140625 -0.0320587158203125
0.122726440429687 -0.165573120117188 0.178955078125 -0.177932739257813
0.05755615234375 -0.212997436523438 0.092254638671875 -0.294219970703125
0.0849151611328125 -0.220321655273438 0.053497314453125 -0.278106689453125
0.049102783203125 -0.231765747070313 0.04779052734375 -0.288787841796875
0.118942260742187 -0.189865112304688 0.0874481201171875 -0.211669921875
0.203323364257813 -0.142990112304688 0.0487136840820313 -0.091064453125
0.279891967773438 -0.045623779296875 -0.0533447265625 -0.0913162231445313
0.272216796875 0.180328369140625 -0.144989013671875 -0.159500122070313
0.192733764648438 0.25341796875 -0.2222900390625 -0.300262451171875
0.09234619140625 0.32354736328125 -0.143463134765625 -0.532958984375
0.117645263671875 0.501251220703125 -0.183151245117187 -0.174774169921875
0.156463623046875 0.429901123046875 -0.142120361328125 -0.117156982421875
0.3594970703125 0.35406494140625 -0.0175113677978515 -0.013702392578125
0.390594482421875 0.112823486328125 0.0281734466552735 0.00268554687500001
0.371856689453125 -0.067352294921875 0.122871398925781 0.0104522705078125
0.232009887695313 -0.22442626953125 0.133705139160156 -0.109703063964844
0.120849609375 -0.302276611328125 0.069366455078125 -0.189712524414063
0.14080810546875 -0.313140869140625 0.037139892578125 -0.165863037109375
0.084716796875 -0.33880615234375 0.022308349609375 -0.181427001953125
0.166793823242188 -0.277816772460938 0.0399246215820313 -0.123115539550781
0.28448486328125 -0.22027587890625 0.016775131225586 -0.0290946960449219
0.38446044921875 -0.100494384765625 -0.0794906616210937 -0.0449447631835938
0.4127197265625 0.210601806640625 -0.16229248046875 -0.112258911132812
0.318817138671875 0.326141357421875 -0.20343017578125 -0.239883422851562
0.19525146484375 0.45794677734375 -0.123687744140625 -0.409149169921875
0.1685791015625 0.56829833984375 -0.137985229492188 -0.0130233764648437
0.20556640625 0.49615478515625 -0.0899276733398437 -0.03094482421875
0.427093505859375 0.414215087890625 -0.0110445022583008 0.0030336380004883
0.4642333984375 0.1480712890625 -0.00659370422363278 0.0189495086669922
0.456207275390625 -0.05108642578125 0.0566444396972657 0.0510292053222656
0.306304931640625 -0.25262451171875 0.055267333984375 -0.0219230651855469
0.16497802734375 -0.34625244140625 0.0291213989257813 -0.0538063049316406
0.174713134765625 -0.3580322265625 0.0160465240478516 -0.0288734436035156
0.108673095703125 -0.3946533203125 0.0023956298828125 -0.0462760925292969
0.18963623046875 -0.3243408203125 -0.00117969512939452 -0.0100593566894531
0.32421875 -0.2672119140625 -0.00768661499023435 0.0449943542480469
0.434173583984375 -0.14080810546875 -0.089202880859375 0.0106430053710937
0.489654541015625 0.21075439453125 -0.149734497070312 -0.0581207275390625
0.3956298828125 0.34954833984375 -0.136734008789062 -0.162857055664062
0.26544189453125 0.52239990234375 -0.0647735595703125 -0.246826171875
0.2005615234375 0.544097900390625 -0.0811614990234375 0.174667358398438
0.23638916015625 0.4739990234375 -0.0266265869140625 0.0815048217773438
0.4332275390625 0.3870849609375 -0.00186347961425779 0.0330448150634766
0.458282470703125 0.13812255859375 -0.0405998229980468 0.0427627563476563
0.455108642578125 -0.043182373046875 -0.0224990844726562 0.0897140502929688
0.32049560546875 -0.244903564453125 -0.0361175537109375 0.0754241943359375
0.17840576171875 -0.33697509765625 -0.01776123046875 0.0955123901367187
0.182098388671875 -0.34747314453125 -0.00617980957031249 0.113052368164062
0.120574951171875 -0.387298583984375 -0.012176513671875 0.0955429077148437
0.19384765625 -0.31024169921875 -0.0361557006835937 0.107620239257813
0.321685791015625 -0.255645751953125 -0.0288543701171875 0.115676879882812
0.41485595703125 -0.13360595703125 -0.0863265991210937 0.0616531372070312
0.47222900390625 0.19696044921875 -0.113960266113281 -0.0105819702148438
0.38934326171875 0.327972412109375 -0.03948974609375 -0.0814056396484375
0.280548095703125 0.507171630859375 0.0200271606445313 -0.0698051452636719
0.20751953125 0.42974853515625 -0.011810302734375 0.35009765625
0.235443115234375 0.36370849609375 0.042510986328125 0.194183349609375
0.363555908203125 0.275909423828125 0.0109329223632813 0.0716400146484375
0.363616943359375 0.089691162109375 -0.0601119995117187 0.072845458984375
0.363067626953125 -0.036834716796875 -0.08734130859375 0.1204833984375
0.26898193359375 -0.20245361328125 -0.113494873046875 0.165985107421875
0.155624389648438 -0.27423095703125 -0.05633544921875 0.231124877929687
0.1617431640625 -0.282989501953125 -0.02532958984375 0.236846923828125
0.122406005859375 -0.314727783203125 -0.0268707275390625 0.220672607421875
0.18017578125 -0.23870849609375 -0.0698089599609375 0.203933715820312
0.2764892578125 -0.179061889648438 -0.0560455322265625 0.162704467773437
0.331390380859375 -0.0775146484375 -0.0815582275390625 0.093780517578125
0.359161376953125 0.177032470703125 -0.0709381103515625 0.0214996337890625
0.30352783203125 0.2666015625 0.0578842163085938 -0.00474166870117186
0.24371337890625 0.41522216796875 0.105545043945313 0.0972671508789063
0.175628662109375 0.2489013671875 0.06298828125 0.484405517578125
0.187652587890625 0.1951904296875 0.111541748046875 0.283233642578125
0.22344970703125 0.126296997070313 0.0323028564453125 0.108283996582031
0.206130981445313 0.0319976806640625 -0.0525436401367187 0.0992507934570313
0.2117919921875 -0.0236358642578125 -0.120567321777344 0.13568115234375
0.172607421875 -0.126571655273438 -0.157241821289063 0.23150634765625
0.108108520507812 -0.1685791015625 -0.077056884765625 0.33074951171875
0.116241455078125 -0.17437744140625 -0.03973388671875 0.32489013671875
0.1090087890625 -0.197097778320313 -0.046051025390625 0.311126708984375
0.143341064453125 -0.130508422851563 -0.110610961914063 0.260467529296875
0.192703247070313 -0.0736236572265625 -0.0930328369140625 0.173416137695313
0.19775390625 -0.0039825439453125 -0.0815963745117187 0.100959777832031
0.191680908203125 0.131439208984375 -0.0345077514648437 0.0386314392089844
0.17071533203125 0.164810180664063 0.128684997558594 0.0626296997070313
0.16717529296875 0.26129150390625 0.16925048828125 0.231643676757813
0.105064392089844 0.0349807739257813 0.132049560546875 0.556671142578125
0.0990753173828125 0.0146942138671875 0.176666259765625 0.3349609375
0.0495338439941406 -0.0126380920410156 0.0656204223632813 0.131057739257813
0.0295352935791016 -0.00666046142578125 -0.0197372436523437 0.109367370605469
0.0441360473632813 0.0064849853515625 -0.121833801269531 0.131874084472656
0.0611915588378906 -0.0270881652832031 -0.161834716796875 0.260391235351562
0.0498199462890625 -0.0348968505859375 -0.077850341796875 0.378204345703125
0.0537643432617188 -0.0395927429199219 -0.04937744140625 0.363739013671875
0.0730361938476562 -0.0539779663085938 -0.07049560546875 0.353118896484375
0.07611083984375 -0.0164642333984375 -0.150421142578125 0.271011352539063
0.0753707885742188 0.0198135375976563 -0.131622314453125 0.149505615234375
0.0396766662597656 0.0410957336425781 -0.0838851928710938 0.0853500366210938
0.0185775756835938 0.0427894592285156 -0.00777435302734375 0.0446548461914063
0.0398941040039062 0.0254135131835937 0.161880493164063 0.115692138671875
0.0807342529296875 0.0641860961914063 0.201263427734375 0.31475830078125
-0.011138916015625 0.169158935546875 -0.23577880859375 -0.313507080078125
0.0423126220703125 0.141510009765625 -0.196212768554687 -0.15509033203125
0.131019592285156 0.0876235961914062 -0.0117607116699219 -0.0205917358398437
0.122749328613281 -0.010406494140625 0.0713653564453125 -0.034698486328125
0.0751571655273438 -0.0753707885742188 0.164031982421875 -0.07818603515625
0.00614166259765626 -0.0738525390625 0.178604125976563 -0.22296142578125
-0.00798034667968749 -0.08538818359375 0.081695556640625 -0.34539794921875
0.0144119262695313 -0.09136962890625 0.051513671875 -0.33966064453125
-0.00351715087890625 -0.0876083374023437 0.060638427734375 -0.343780517578125
0.0390090942382813 -0.0823440551757812 0.123046875 -0.261764526367188
0.0839767456054687 -0.0660018920898438 0.0809097290039063 -0.131263732910156
0.134857177734375 -0.0144805908203125 -0.0164031982421875 -0.115669250488281
0.108192443847656 0.098602294921875 -0.104156494140625 -0.175262451171875
0.0549240112304688 0.125236511230469 -0.199676513671875 -0.30877685546875
-0.00819396972656249 0.130538940429688 -0.13348388671875 -0.571044921875
0.064117431640625 0.34625244140625 -0.217605590820313 -0.273025512695313
0.1064453125 0.28985595703125 -0.178314208984375 -0.153549194335937
0.255935668945313 0.217788696289063 -0.0180492401123047 -0.0232257843017578
0.26251220703125 0.04315185546875 0.0528526306152344 -0.0147590637207031
0.224563598632813 -0.083770751953125 0.15594482421875 -0.0343170166015625
0.114608764648437 -0.158615112304688 0.171295166015625 -0.176773071289063
0.0523681640625 -0.204940795898438 0.0823974609375 -0.28839111328125
0.0768585205078125 -0.215484619140625 0.045440673828125 -0.27294921875
0.042205810546875 -0.22308349609375 0.040252685546875 -0.282257080078125
0.110992431640625 -0.18511962890625 0.0820770263671875 -0.2099609375
0.193984985351562 -0.142181396484375 0.0493316650390625 -0.089447021484375
0.2708740234375 -0.05126953125 -0.052886962890625 -0.08697509765625
0.26885986328125 0.168701171875 -0.141738891601562 -0.14959716796875
0.190933227539063 0.240768432617187 -0.22027587890625 -0.284637451171875
0.0987548828125 0.3116455078125 -0.14813232421875 -0.511138916015625
0.126129150390625 0.481597900390625 -0.183090209960937 -0.168167114257813
0.160186767578125 0.413665771484375 -0.140762329101563 -0.111953735351562
0.357025146484375 0.3321533203125 -0.0166854858398437 -0.0206241607666015
0.37884521484375 0.101409912109375 0.0262031555175781 -0.000364303588867181
0.3565673828125 -0.073150634765625 0.118949890136719 0.00654602050781249
0.219589233398437 -0.217178344726562 0.126731872558594 -0.108818054199219
0.111602783203125 -0.293121337890625 0.0624542236328125 -0.18646240234375
0.129852294921875 -0.30743408203125 0.0325775146484375 -0.163558959960938
0.07421875 -0.32818603515625 0.018463134765625 -0.177810668945313
0.156036376953125 -0.271652221679688 0.0382537841796875 -0.122550964355469
0.271453857421875 -0.219345092773437 0.0195388793945313 -0.0297489166259766
0.371246337890625 -0.106658935546875 -0.0770645141601562 -0.0418319702148438
0.407073974609375 0.196014404296875 -0.15673828125 -0.105072021484375
0.31573486328125 0.310028076171875 -0.200363159179688 -0.227920532226562
0.202362060546875 0.440948486328125 -0.125579833984375 -0.392181396484375
0.176910400390625 0.548095703125 -0.135055541992188 -0.0131301879882812
0.20635986328125 0.477203369140625 -0.0876235961914062 -0.0294036865234375
0.423553466796875 0.39111328125 -0.0102624893188476 -0.00588417053222654
0.45306396484375 0.133697509765625 -0.00609111785888669 0.0145759582519531
0.438934326171875 -0.05987548828125 0.0557937622070313 0.0462455749511719
0.29156494140625 -0.248291015625 0.05218505859375 -0.0216407775878906
0.15411376953125 -0.33770751953125 0.0268592834472656 -0.0534706115722656
0.16143798828125 -0.3533935546875 0.0154647827148438 -0.0304603576660156
0.09576416015625 -0.383209228515625 0.00288391113281251 -0.046295166015625
0.17901611328125 -0.31719970703125 0.000741004943847668 -0.0112991333007813
0.30877685546875 -0.265838623046875 -0.00339508056640623 0.0416526794433594
0.418212890625 -0.1480712890625 -0.08465576171875 0.0111236572265625
0.481964111328125 0.19317626953125 -0.142288208007812 -0.0528411865234375
0.387969970703125 0.332733154296875 -0.133331298828125 -0.15484619140625
0.27252197265625 0.50286865234375 -0.063079833984375 -0.235977172851562
0.20599365234375 0.525146484375 -0.0756378173828125 0.167098999023438
0.23797607421875 0.45733642578125 -0.0232315063476562 0.0784530639648438
0.429107666015625 0.3653564453125 -0.000537872314453098 0.0241203308105469
0.44732666015625 0.12445068359375 -0.03826904296875 0.0377845764160156
0.4398193359375 -0.05291748046875 -0.0192184448242187 0.084381103515625
0.305694580078125 -0.2427978515625 -0.0350265502929687 0.0751190185546875
0.167388916015625 -0.329437255859375 -0.014373779296875 0.091949462890625
0.16949462890625 -0.34320068359375 -0.00231933593749999 0.107376098632812
0.107940673828125 -0.37548828125 -0.00751495361328125 0.0915145874023437
0.183258056640625 -0.30328369140625 -0.02935791015625 0.10369873046875
0.30657958984375 -0.252593994140625 -0.0231094360351562 0.110260009765625
0.40020751953125 -0.13873291015625 -0.0811233520507812 0.0601730346679687
0.4644775390625 0.181121826171875 -0.10595703125 -0.008087158203125
0.38189697265625 0.3131103515625 -0.0372695922851562 -0.0787506103515625
0.28619384765625 0.48895263671875 0.0230064392089844 -0.0664100646972656
0.209564208984375 0.41412353515625 -0.00408935546874998 0.336883544921875
0.23370361328125 0.35137939453125 0.0465087890625 0.18603515625
0.358306884765625 0.260650634765625 0.0115928649902344 0.0628662109375
0.355743408203125 0.079620361328125 -0.0557785034179687 0.0675544738769531
0.35333251953125 -0.044769287109375 -0.081817626953125 0.115501403808594
0.257644653320313 -0.201904296875 -0.10772705078125 0.164825439453125
0.146682739257813 -0.269454956054688 -0.0484161376953125 0.225540161132812
0.15179443359375 -0.28131103515625 -0.0181732177734375 0.227783203125
0.112091064453125 -0.30914306640625 -0.018951416015625 0.212722778320313
0.171905517578125 -0.2347412109375 -0.06195068359375 0.198440551757812
0.265121459960938 -0.177886962890625 -0.0496826171875 0.156051635742188
0.320068359375 -0.081634521484375 -0.0754776000976562 0.0909957885742188
0.355804443359375 0.165191650390625 -0.0645027160644531 0.0226783752441406
0.2977294921875 0.2548828125 0.0583343505859375 -0.00645446777343749
0.246612548828125 0.401580810546875 0.109268188476563 0.0932083129882813
0.175094604492188 0.240814208984375 0.071380615234375 0.465118408203125
0.185623168945313 0.188400268554688 0.115280151367188 0.271499633789063
0.2188720703125 0.12017822265625 0.0329513549804688 0.100135803222656
0.200820922851563 0.0280303955078125 -0.0484619140625 0.093048095703125
0.20758056640625 -0.027801513671875 -0.114517211914062 0.131202697753906
0.166732788085938 -0.12652587890625 -0.14886474609375 0.229202270507812
0.102951049804687 -0.16650390625 -0.06646728515625 0.322784423828125
0.110122680664063 -0.173919677734375 -0.030914306640625 0.314666748046875
0.101593017578125 -0.195281982421875 -0.035614013671875 0.300537109375
0.137710571289063 -0.129966735839844 -0.0998382568359375 0.25469970703125
0.186187744140625 -0.0753173828125 -0.086273193359375 0.167312622070313
0.192581176757813 -0.00823974609375 -0.0750732421875 0.0980606079101563
0.19244384765625 0.124603271484375 -0.0297126770019531 0.0384712219238281
0.1688232421875 0.159423828125 0.127471923828125 0.0573883056640625
0.16876220703125 0.254440307617188 0.173019409179687 0.221908569335938
0.100860595703125 0.0352859497070312 0.13958740234375 0.531829833984375
0.0952606201171875 0.01397705078125 0.178619384765625 0.31866455078125
0.0474739074707031 -0.010040283203125 0.06573486328125 0.12384033203125
0.0291099548339844 -0.00549888610839844 -0.0170516967773437 0.102973937988281
0.0458106994628906 0.00571441650390625 -0.1165771484375 0.12774658203125
0.0604286193847656 -0.0293922424316406 -0.153717041015625 0.257843017578125
0.0484809875488281 -0.0362510681152344 -0.065185546875 0.36907958984375
0.0527496337890625 -0.0414695739746094 -0.03851318359375 0.352783203125
0.0699691772460937 -0.057403564453125 -0.05816650390625 0.342620849609375
0.0745086669921875 -0.0187835693359375 -0.138671875 0.266632080078125
0.074951171875 0.0172119140625 -0.124526977539063 0.145645141601563
0.0411033630371094 0.0382728576660156 -0.0774612426757813 0.0833587646484375
0.0221443176269531 0.0415420532226563 -0.00471115112304687 0.0436515808105469
0.0403175354003906 0.0266914367675781 0.160140991210938 0.1082763671875
0.0800399780273438 0.064666748046875 0.205108642578125 0.301361083984375
-0.0090484619140625 0.1651611328125 -0.238250732421875 -0.3111572265625
0.0420074462890625 0.138191223144531 -0.196945190429687 -0.153366088867188
0.128944396972656 0.083770751953125 -0.0125541687011719 -0.0235385894775391
0.119255065917969 -0.010955810546875 0.0685958862304688 -0.0346565246582031
0.0700607299804688 -0.0727157592773438 0.161788940429688 -0.0773773193359375
0.00580596923828125 -0.0694694519042969 0.17669677734375 -0.223526000976563
-0.00811767578125 -0.0823974609375 0.07647705078125 -0.344024658203125
0.01275634765625 -0.0897140502929687 0.0467529296875 -0.3369140625
-0.00426483154296875 -0.0837249755859375 0.05615234375 -0.342315673828125
0.037139892578125 -0.0810928344726563 0.1207275390625 -0.26336669921875
0.0815887451171875 -0.0664901733398438 0.0825271606445313 -0.130256652832031
0.133460998535156 -0.0169296264648438 -0.018096923828125 -0.112960815429688
0.108055114746094 0.0965118408203125 -0.105438232421875 -0.170944213867188
0.0550079345703125 0.121620178222656 -0.2003173828125 -0.302337646484375
-0.00482940673828125 0.127365112304688 -0.135772705078125 -0.561187744140625
0.06707763671875 0.340240478515625 -0.219863891601563 -0.270721435546875
0.1072998046875 0.285430908203125 -0.178451538085938 -0.15216064453125
0.254592895507813 0.21240234375 -0.0189170837402344 -0.0285606384277344
0.257415771484375 0.040618896484375 0.0499992370605469 -0.0163497924804687
0.218338012695313 -0.0835418701171875 0.154403686523437 -0.0346832275390625
0.1121826171875 -0.15362548828125 0.168685913085938 -0.17645263671875
0.0513153076171875 -0.201522827148438 0.07708740234375 -0.28692626953125
0.0740509033203125 -0.2144775390625 0.0416259765625 -0.271759033203125
0.0391845703125 -0.218673706054688 0.03668212890625 -0.281280517578125
0.108383178710937 -0.183395385742188 0.0808563232421875 -0.211685180664063
0.190536499023437 -0.142654418945312 0.0519332885742188 -0.0894699096679688
0.268417358398438 -0.0546875 -0.053009033203125 -0.08514404296875
0.269699096679688 0.165283203125 -0.140609741210937 -0.146270751953125
0.19049072265625 0.236358642578125 -0.218963623046875 -0.278839111328125
0.103424072265625 0.30731201171875 -0.14910888671875 -0.5020751953125
0.129364013671875 0.474761962890625 -0.184494018554687 -0.168136596679688
0.16070556640625 0.408477783203125 -0.141098022460937 -0.1112060546875
0.35418701171875 0.324737548828125 -0.0182571411132812 -0.0275402069091797
0.373443603515625 0.0977783203125 0.0245113372802735 -0.00378990173339843
0.35009765625 -0.075347900390625 0.117660522460938 0.00487518310546875
0.216033935546875 -0.213668823242188 0.125434875488281 -0.108314514160156
0.109771728515625 -0.289337158203125 0.0586700439453125 -0.18621826171875
0.1248779296875 -0.307373046875 0.0306396484375 -0.164047241210938
0.070831298828125 -0.3232421875 0.0172882080078125 -0.178054809570313
0.152725219726563 -0.26922607421875 0.0385818481445313 -0.124366760253906
0.266586303710938 -0.219223022460938 0.0224399566650391 -0.0309619903564453
0.36724853515625 -0.10919189453125 -0.0764083862304687 -0.04144287109375
0.408172607421875 0.190521240234375 -0.153427124023437 -0.102813720703125
0.31353759765625 0.30535888671875 -0.197708129882812 -0.22332763671875
0.2069091796875 0.436553955078125 -0.122894287109375 -0.385284423828125
0.178314208984375 0.5404052734375 -0.134796142578125 -0.0145416259765625
0.209228515625 0.47357177734375 -0.087005615234375 -0.029632568359375
0.422332763671875 0.381500244140625 -0.0112180709838867 -0.0135097503662109
0.447021484375 0.129547119140625 -0.00645732879638669 0.0105752944946289
0.4339599609375 -0.064056396484375 0.0557136535644532 0.0433197021484375
0.286956787109375 -0.245941162109375 0.0515975952148438 -0.0215606689453125
0.151275634765625 -0.33447265625 0.0256500244140625 -0.0538444519042969
0.15673828125 -0.354248046875 0.0154438018798828 -0.0325241088867188
0.0914306640625 -0.37982177734375 0.00403976440429688 -0.0481185913085938
0.17535400390625 -0.313446044921875 0.00263214111328126 -0.0133495330810547
0.30340576171875 -0.26513671875 0.000289916992187521 0.0388908386230469
0.412933349609375 -0.1497802734375 -0.0832138061523437 0.010284423828125
0.4827880859375 0.188140869140625 -0.137901306152344 -0.0518798828125
0.38568115234375 0.3271484375 -0.130722045898437 -0.152206420898437
0.2764892578125 0.498199462890625 -0.0594635009765625 -0.23248291015625
0.20867919921875 0.52008056640625 -0.073577880859375 0.163604736328125
0.239715576171875 0.455352783203125 -0.0216827392578125 0.07666015625
0.431060791015625 0.358734130859375 -0.00144958496093747 0.0161380767822266
0.44476318359375 0.12042236328125 -0.0374908447265625 0.0331916809082031
0.4361572265625 -0.057464599609375 -0.0180130004882812 0.0811233520507813
0.301788330078125 -0.24127197265625 -0.03375244140625 0.0760421752929687
0.16455078125 -0.3277587890625 -0.0132827758789062 0.0908050537109375
0.16558837890625 -0.34600830078125 -0.000236511230468734 0.103981018066406
0.10272216796875 -0.374481201171875 -0.004486083984375 0.0881500244140625
0.18084716796875 -0.301422119140625 -0.0266647338867187 0.10205078125
0.301849365234375 -0.251953125 -0.0199050903320312 0.106277465820313
0.394805908203125 -0.140960693359375 -0.0786361694335937 0.0582656860351562
0.46551513671875 0.176544189453125 -0.101539611816406 -0.00778198242187499
0.379974365234375 0.30841064453125 -0.0349807739257812 -0.0783920288085938
0.291656494140625 0.484710693359375 0.027618408203125 -0.0653495788574218
0.211822509765625 0.411895751953125 -0.00030517578124999 0.330810546875
0.235809326171875 0.3499755859375 0.0492095947265625 0.183364868164063
0.3592529296875 0.257720947265625 0.0114479064941407 0.0565986633300781
0.353179931640625 0.076812744140625 -0.0545921325683594 0.0628776550292969
0.35009765625 -0.04998779296875 -0.0802001953125 0.112014770507813
0.255447387695313 -0.201858520507813 -0.1068115234375 0.166152954101562
0.145156860351563 -0.267822265625 -0.044891357421875 0.223648071289062
0.1478271484375 -0.28302001953125 -0.0150604248046875 0.224212646484375
0.10784912109375 -0.3084716796875 -0.0140533447265625 0.208480834960937
0.169876098632813 -0.232803344726563 -0.057708740234375 0.196456909179687
0.26116943359375 -0.178329467773438 -0.0466461181640625 0.152511596679688
0.31634521484375 -0.08319091796875 -0.0723495483398437 0.088775634765625
0.357452392578125 0.1612548828125 -0.0603790283203125 0.0218772888183594
0.29559326171875 0.253631591796875 0.0592803955078125 -0.00799942016601561
0.25006103515625 0.399169921875 0.11346435546875 0.0912017822265625
0.17431640625 0.240203857421875 0.07574462890625 0.457000732421875
0.18426513671875 0.188705444335938 0.117965698242188 0.267120361328125
0.218673706054688 0.11981201171875 0.0329818725585938 0.0958786010742188
0.199813842773438 0.027130126953125 -0.0465621948242188 0.0888671875
0.207611083984375 -0.03045654296875 -0.113418579101562 0.128059387207031
0.165618896484375 -0.12738037109375 -0.147308349609375 0.230697631835938
0.101913452148438 -0.1666259765625 -0.060638427734375 0.32049560546875
0.108352661132813 -0.176834106445312 -0.026336669921875 0.3095703125
0.0988616943359375 -0.196929931640625 -0.03082275390625 0.2958984375
0.13714599609375 -0.129898071289063 -0.09503173828125 0.252609252929688
0.184234619140625 -0.0761566162109375 -0.0836944580078125 0.164688110351563
0.191253662109375 -0.00921630859375 -0.07196044921875 0.0958175659179688
0.1939697265625 0.12200927734375 -0.0262870788574219 0.0379066467285156
0.168563842773438 0.159378051757813 0.128150939941406 0.0550308227539063
0.171463012695313 0.254501342773438 0.17742919921875 0.2177734375
0.0988388061523438 0.036895751953125 0.142333984375 0.52392578125
0.0931549072265625 0.014984130859375 0.17974853515625 0.314239501953125
0.0463981628417969 -0.00749969482421875 0.06561279296875 0.121299743652344
0.0291061401367188 -0.00464439392089844 -0.0164794921875 0.0995941162109375
0.0483932495117187 0.0047454833984375 -0.116195678710937 0.125801086425781
0.0609855651855469 -0.03167724609375 -0.15234375 0.258544921875
0.0491752624511719 -0.0377159118652344 -0.0592041015625 0.367156982421875
0.0531005859375 -0.0439300537109375 -0.033447265625 0.3489990234375
0.0684280395507813 -0.0604743957519531 -0.05255126953125 0.338104248046875
0.0752944946289063 -0.0205154418945313 -0.133926391601563 0.266326904296875
0.0754241943359375 0.0158004760742188 -0.122955322265625 0.14459228515625
0.0420265197753906 0.0371284484863281 -0.0746383666992188 0.0820541381835937
0.0248069763183594 0.0413703918457031 -0.00223541259765624 0.0434112548828125
0.0414848327636719 0.02886962890625 0.160903930664063 0.1053466796875
0.08062744140625 0.0670242309570313 0.20782470703125 0.2972412109375
-0.0055999755859375 0.165267944335938 -0.250213623046875 -0.31451416015625
0.0443344116210937 0.138023376464844 -0.204986572265625 -0.1539306640625
0.130989074707031 0.0813827514648438 -0.015106201171875 -0.0270023345947266
0.118782043457031 -0.012725830078125 0.0671463012695313 -0.0357551574707031
0.0670700073242188 -0.072998046875 0.163803100585938 -0.0792388916015625
0.00516510009765625 -0.06768798828125 0.177139282226562 -0.230255126953125
-0.0082855224609375 -0.0825271606445313 0.069183349609375 -0.350738525390625
0.0103302001953125 -0.0902099609375 0.0408935546875 -0.343780517578125
-0.00563812255859375 -0.082427978515625 0.049591064453125 -0.349761962890625
0.034912109375 -0.0821533203125 0.118545532226563 -0.27227783203125
0.0808639526367188 -0.0692596435546875 0.085205078125 -0.133903503417969
0.135009765625 -0.0211105346679688 -0.0201644897460938 -0.112785339355469
0.112289428710938 0.0961227416992188 -0.110748291015625 -0.169830322265625
0.0570068359375 0.121269226074219 -0.207763671875 -0.30242919921875
-0.000633239746093759 0.12786865234375 -0.14703369140625 -0.5653076171875
0.074005126953125 0.3424072265625 -0.229354858398438 -0.273910522460938
0.11212158203125 0.28765869140625 -0.185302734375 -0.152755737304687
0.261016845703125 0.208908081054688 -0.0221271514892578 -0.0335597991943359
0.260772705078125 0.037261962890625 0.0487022399902344 -0.0184249877929687
0.217636108398438 -0.087249755859375 0.157180786132813 -0.0373077392578125
0.1112060546875 -0.153610229492187 0.169723510742188 -0.182815551757813
0.0496063232421875 -0.203750610351563 0.0714111328125 -0.293060302734375
0.070587158203125 -0.21978759765625 0.0369110107421875 -0.277755737304688
0.0366363525390625 -0.220703125 0.03118896484375 -0.2884521484375
0.10650634765625 -0.186859130859375 0.07977294921875 -0.218795776367188
0.190872192382813 -0.1485595703125 0.0548019409179688 -0.092681884765625
0.27154541015625 -0.06146240234375 -0.05596923828125 -0.0854339599609375
0.279266357421875 0.163131713867188 -0.144668579101562 -0.14642333984375
0.196578979492187 0.236480712890625 -0.2265625 -0.278717041015625
0.113525390625 0.310699462890625 -0.15679931640625 -0.506134033203125
0.14019775390625 0.478515625 -0.192245483398438 -0.170135498046875
0.16815185546875 0.412872314453125 -0.145645141601563 -0.112380981445312
0.36602783203125 0.321807861328125 -0.0215625762939453 -0.0343399047851562
0.3797607421875 0.092742919921875 0.023406982421875 -0.00696182250976562
0.3524169921875 -0.08050537109375 0.120414733886719 0.0019989013671875
0.21575927734375 -0.216812133789063 0.126197814941406 -0.112358093261719
0.10736083984375 -0.29437255859375 0.0546875 -0.19049072265625
0.120147705078125 -0.316253662109375 0.0278167724609375 -0.168930053710938
0.065826416015625 -0.328643798828125 0.014556884765625 -0.183685302734375
0.151016235351563 -0.274154663085937 0.0381927490234375 -0.129402160644531
0.267364501953125 -0.226730346679688 0.0260772705078125 -0.0335655212402344
0.37091064453125 -0.11785888671875 -0.078399658203125 -0.0417327880859375
0.42059326171875 0.18634033203125 -0.155364990234375 -0.1025390625
0.32159423828125 0.30474853515625 -0.202774047851562 -0.223556518554688
0.222381591796875 0.441162109375 -0.12884521484375 -0.3890380859375
0.191009521484375 0.5474853515625 -0.138580322265625 -0.015167236328125
0.2191162109375 0.4793701171875 -0.0887374877929688 -0.0304489135742187
0.43585205078125 0.37799072265625 -0.01434326171875 -0.0201778411865234
0.455810546875 0.12457275390625 -0.00762510299682614 0.00676727294921876
0.439178466796875 -0.073028564453125 0.0575790405273438 0.0405845642089844
0.2880859375 -0.25140380859375 0.0527992248535157 -0.0216484069824219
0.149017333984375 -0.341766357421875 0.0237579345703125 -0.0554466247558594
0.151519775390625 -0.365142822265625 0.0150547027587891 -0.0350093841552735
0.0858154296875 -0.387359619140625 0.00377655029296875 -0.0518951416015625
0.1744384765625 -0.320281982421875 0.00432586669921876 -0.0152759552001953
0.30462646484375 -0.2750244140625 0.00349426269531252 0.0370597839355469
0.4168701171875 -0.158935546875 -0.0842132568359375 0.010589599609375
0.49945068359375 0.182952880859375 -0.137916564941406 -0.0521240234375
0.396270751953125 0.32818603515625 -0.13336181640625 -0.153366088867187
0.29473876953125 0.503173828125 -0.0602264404296875 -0.235122680664063
0.220977783203125 0.526824951171875 -0.0717315673828125 0.16436767578125
0.251861572265625 0.461700439453125 -0.0194625854492187 0.0769119262695313
0.4443359375 0.356903076171875 -0.00287723541259763 0.0106725692749024
0.45318603515625 0.11456298828125 -0.037841796875 0.0298957824707031
0.442169189453125 -0.068359375 -0.0176773071289062 0.0795516967773438
0.304290771484375 -0.249481201171875 -0.0334625244140625 0.0786361694335937
0.163238525390625 -0.3353271484375 -0.0121994018554687 0.092010498046875
0.16070556640625 -0.35687255859375 0.00259399414062502 0.104232788085937
0.0982666015625 -0.38238525390625 -0.0017852783203125 0.0869903564453125
0.180023193359375 -0.30767822265625 -0.0235214233398437 0.102241516113281
0.301849365234375 -0.260589599609375 -0.0171737670898437 0.105728149414062
0.39849853515625 -0.1502685546875 -0.0786285400390625 0.058380126953125
0.48089599609375 0.17138671875 -0.0997772216796875 -0.00865173339843751
0.39044189453125 0.30914306640625 -0.0346755981445312 -0.0798263549804687
0.308074951171875 0.490631103515625 0.0316505432128906 -0.0673675537109375
0.22021484375 0.417724609375 0.005035400390625 0.333099365234375
0.244720458984375 0.354705810546875 0.0536651611328125 0.184677124023438
0.370758056640625 0.25592041015625 0.0111236572265625 0.0526123046875
0.359893798828125 0.07354736328125 -0.0542411804199218 0.0603561401367188
0.3563232421875 -0.05780029296875 -0.0806732177734375 0.111717224121094
0.25732421875 -0.208938598632813 -0.105789184570312 0.172210693359375
0.144607543945312 -0.275543212890625 -0.0407867431640625 0.227859497070312
0.14508056640625 -0.293365478515625 -0.00982666015624999 0.225830078125
0.10369873046875 -0.317108154296875 -0.0092010498046875 0.209091186523438
0.170669555664063 -0.239059448242188 -0.0529327392578125 0.200088500976562
0.262832641601563 -0.184906005859375 -0.0442962646484375 0.152908325195313
0.319671630859375 -0.08966064453125 -0.0717315673828125 0.0893402099609375
0.368072509765625 0.157196044921875 -0.0578460693359375 0.0218048095703125
0.3043212890625 0.255889892578125 0.0625495910644531 -0.010498046875
0.263702392578125 0.404510498046875 0.121421813964844 0.0901412963867188
0.180328369140625 0.24462890625 0.085357666015625 0.460418701171875
0.190261840820313 0.19134521484375 0.125595092773438 0.268524169921875
0.22589111328125 0.121444702148437 0.0341033935546875 0.0947799682617188
0.204086303710938 0.0258026123046875 -0.0461959838867187 0.0868072509765625
0.212432861328125 -0.03619384765625 -0.1146240234375 0.128715515136719
0.167922973632813 -0.133132934570313 -0.146804809570313 0.2384033203125
0.102890014648438 -0.1719970703125 -0.05438232421875 0.326873779296875
0.107086181640625 -0.184219360351563 -0.02056884765625 0.313568115234375
0.0964813232421875 -0.203933715820313 -0.02386474609375 0.298675537109375
0.138916015625 -0.135063171386719 -0.0904388427734375 0.258407592773438
0.187347412109375 -0.080322265625 -0.082794189453125 0.166412353515625
0.1947021484375 -0.0126190185546875 -0.0705108642578125 0.0967864990234375
0.202560424804688 0.12042236328125 -0.0236778259277344 0.0381317138671875
0.17462158203125 0.161331176757813 0.132484436035156 0.0525894165039063
0.180282592773438 0.25885009765625 0.186798095703125 0.218658447265625
0.0999298095703125 0.0389480590820312 0.154266357421875 0.5264892578125
0.0942611694335938 0.0156631469726563 0.189910888671875 0.31524658203125
0.0477981567382813 -0.00490951538085938 0.0679550170898438 0.121604919433594
0.0297813415527344 -0.003936767578125 -0.0150070190429687 0.0980911254882812
0.0506401062011719 0.00305938720703125 -0.118576049804687 0.127571105957031
0.0625495910644531 -0.0349922180175781 -0.152099609375 0.2672119140625
0.0506553649902344 -0.0405197143554688 -0.051116943359375 0.37396240234375
0.0542373657226563 -0.0479927062988281 -0.026824951171875 0.354400634765625
0.0680427551269531 -0.0657234191894531 -0.045684814453125 0.34271240234375
0.0774383544921875 -0.02337646484375 -0.129531860351563 0.273422241210938
0.077606201171875 0.0140533447265625 -0.123062133789062 0.148056030273438
0.0443458557128906 0.0366706848144531 -0.0725250244140625 0.0834808349609375
0.0279541015625 0.0416183471679688 -0.000480651855468752 0.0442237854003906
0.0443611145019531 0.0308074951171875 0.16595458984375 0.103897094726563
0.08404541015625 0.0701980590820313 0.21917724609375 0.2989501953125
0.00149536132812499 0.166641235351562 -0.27142333984375 -0.31378173828125
0.0493545532226563 0.137115478515625 -0.2176513671875 -0.150238037109375
0.135299682617188 0.0756149291992188 -0.0194244384765625 -0.0300254821777344
0.119338989257812 -0.0176467895507813 0.0647315979003906 -0.0385856628417969
0.0638656616210937 -0.075103759765625 0.165435791015625 -0.0865631103515625
0.00288772583007812 -0.06634521484375 0.172988891601563 -0.245132446289063
-0.0112533569335938 -0.0822830200195313 0.053802490234375 -0.361175537109375
0.0063323974609375 -0.0918426513671875 0.0250244140625 -0.35357666015625
-0.00875091552734376 -0.0824356079101562 0.034454345703125 -0.361297607421875
0.0317306518554688 -0.0845870971679688 0.10955810546875 -0.286590576171875
0.0792617797851563 -0.0742874145507813 0.084991455078125 -0.141464233398437
0.1368408203125 -0.0291290283203125 -0.0260543823242187 -0.112686157226563
0.119682312011719 0.09344482421875 -0.120712280273438 -0.166946411132812
0.06317138671875 0.120193481445313 -0.224456787109375 -0.299560546875
0.00609588623046875 0.129013061523438 -0.17266845703125 -0.5703125
0.09039306640625 0.346038818359375 -0.248504638671875 -0.271591186523437
0.12603759765625 0.288787841796875 -0.19757080078125 -0.149856567382812
0.274078369140625 0.200546264648438 -0.0271453857421875 -0.0381965637207031
0.2659912109375 0.0273895263671875 0.0466957092285156 -0.0214653015136719
0.216720581054688 -0.095855712890625 0.159881591796875 -0.044403076171875
0.108642578125 -0.158096313476563 0.167526245117188 -0.1951904296875
0.0436248779296875 -0.209213256835938 0.058746337890625 -0.30230712890625
0.0623626708984375 -0.227691650390625 0.024169921875 -0.2862548828125
0.02911376953125 -0.225814819335938 0.01837158203125 -0.299163818359375
0.101272583007813 -0.19464111328125 0.0721282958984375 -0.230728149414063
0.189056396484375 -0.159805297851563 0.055816650390625 -0.0988082885742188
0.27520751953125 -0.075408935546875 -0.0612869262695312 -0.0845260620117188
0.296051025390625 0.15472412109375 -0.153167724609375 -0.143218994140625
0.209640502929688 0.234146118164063 -0.241180419921875 -0.275039672851563
0.131805419921875 0.312042236328125 -0.18084716796875 -0.509521484375
0.16241455078125 0.48419189453125 -0.204437255859375 -0.168136596679688
0.18963623046875 0.4150390625 -0.154006958007813 -0.109817504882813
0.386077880859375 0.311767578125 -0.0267524719238281 -0.0394630432128906
0.38995361328125 0.078765869140625 0.0212764739990235 -0.0104713439941406
0.35589599609375 -0.096893310546875 0.123405456542969 -0.00449371337890626
0.212936401367187 -0.226837158203125 0.126167297363281 -0.120277404785156
0.09991455078125 -0.304840087890625 0.046539306640625 -0.196456909179688
0.108428955078125 -0.33038330078125 0.0201263427734375 -0.175827026367188
0.054595947265625 -0.3377685546875 0.00665283203124999 -0.19134521484375
0.14453125 -0.28594970703125 0.034820556640625 -0.136833190917969
0.264205932617188 -0.24346923828125 0.0282783508300781 -0.0381011962890625
0.37603759765625 -0.136993408203125 -0.0832366943359375 -0.03985595703125
0.441131591796875 0.172698974609375 -0.161270141601563 -0.099578857421875
0.3409423828125 0.301239013671875 -0.215133666992187 -0.220809936523437
0.2489013671875 0.442474365234375 -0.144866943359375 -0.392913818359375
0.2188720703125 0.553375244140625 -0.142974853515625 -0.012969970703125
0.24505615234375 0.48211669921875 -0.091827392578125 -0.0286941528320312
0.463165283203125 0.368194580078125 -0.0184612274169922 -0.0256481170654297
0.469024658203125 0.108001708984375 -0.00962352752685544 0.0032949447631836
0.4453125 -0.092620849609375 0.0606765747070313 0.0365409851074219
0.285919189453125 -0.26629638671875 0.0539512634277344 -0.0250320434570313
0.1405029296875 -0.354705810546875 0.0216178894042969 -0.0576133728027344
0.138580322265625 -0.3826904296875 0.0140457153320313 -0.0381088256835938
0.07147216796875 -0.398834228515625 0.00170516967773439 -0.0564613342285157
0.165985107421875 -0.33477783203125 0.00494003295898439 -0.0181121826171875
0.299041748046875 -0.29254150390625 0.0070018768310547 0.0348873138427734
0.420623779296875 -0.180267333984375 -0.0867767333984375 0.0129241943359375
0.52178955078125 0.16510009765625 -0.139984130859375 -0.0503692626953125
0.417083740234375 0.320281982421875 -0.140762329101562 -0.152740478515625
0.32611083984375 0.50457763671875 -0.067352294921875 -0.238327026367187
0.24822998046875 0.53192138671875 -0.067169189453125 0.168014526367188
0.277374267578125 0.46405029296875 -0.0153121948242187 0.0785064697265625
0.471221923828125 0.346282958984375 -0.00510835647583005 0.00633811950683596
0.46771240234375 0.099761962890625 -0.0386886596679687 0.0274162292480469
0.4498291015625 -0.087188720703125 -0.0147933959960937 0.078704833984375
0.302947998046875 -0.26531982421875 -0.0303878784179687 0.0823974609375
0.15576171875 -0.349853515625 -0.007965087890625 0.09466552734375
0.147308349609375 -0.3756103515625 0.00734710693359376 0.104339599609375
0.083648681640625 -0.3963623046875 0.00248718261718751 0.0854263305664062
0.1729736328125 -0.32208251953125 -0.0177688598632812 0.104042053222656
0.297698974609375 -0.2789306640625 -0.0114517211914062 0.105850219726562
0.4024658203125 -0.17022705078125 -0.0785980224609375 0.0611419677734375
0.502197265625 0.15386962890625 -0.099700927734375 -0.00763702392578122
0.4110107421875 0.302978515625 -0.0373611450195312 -0.0819015502929687
0.33953857421875 0.49041748046875 0.0336227416992188 -0.070831298828125
0.242431640625 0.42193603515625 0.019073486328125 0.338531494140625
0.26593017578125 0.35589599609375 0.0655059814453125 0.185623168945313
0.391815185546875 0.24884033203125 0.0125350952148438 0.0505218505859375
0.371612548828125 0.06146240234375 -0.0539283752441406 0.0591583251953125
0.36468505859375 -0.075103759765625 -0.0793914794921875 0.114364624023437
0.257415771484375 -0.223800659179688 -0.101303100585938 0.181915283203125
0.138824462890625 -0.28802490234375 -0.0305633544921875 0.23431396484375
0.135009765625 -0.309600830078125 0.000320434570312517 0.229248046875
0.0919189453125 -0.329742431640625 0.000320434570312496 0.211181640625
0.166778564453125 -0.251861572265625 -0.0440673828125 0.205795288085937
0.261764526367188 -0.200057983398438 -0.03900146484375 0.155838012695313
0.32379150390625 -0.104766845703125 -0.0694961547851562 0.0923080444335938
0.387939453125 0.14495849609375 -0.055389404296875 0.0220413208007813
0.321075439453125 0.2498779296875 0.0647735595703125 -0.0145683288574219
0.291107177734375 0.40509033203125 0.131698608398438 0.0867538452148438
0.19384765625 0.247039794921875 0.1060791015625 0.464141845703125
0.20318603515625 0.190811157226563 0.14208984375 0.268692016601563
0.238327026367188 0.1170654296875 0.0390243530273438 0.0937728881835938
0.210296630859375 0.0196990966796875 -0.0442352294921875 0.087127685546875
0.217819213867187 -0.0466156005859375 -0.113861083984375 0.133888244628906
0.168243408203125 -0.144439697265625 -0.141067504882812 0.251388549804687
0.099578857421875 -0.18157958984375 -0.040435791015625 0.33624267578125
0.101348876953125 -0.195755004882812 -0.00567626953124998 0.319580078125
0.0890960693359375 -0.21478271484375 -0.010986328125 0.303558349609375
0.139053344726562 -0.144500732421875 -0.0795745849609375 0.268310546875
0.18878173828125 -0.08978271484375 -0.0781402587890625 0.17266845703125
0.199417114257812 -0.020904541015625 -0.0681076049804688 0.100059509277344
0.21453857421875 0.114669799804687 -0.0202560424804687 0.0376243591308594
0.185958862304688 0.159622192382813 0.139091491699219 0.0472183227539063
0.197463989257813 0.259963989257813 0.203704833984375 0.215286254882813
0.103050231933594 0.0389175415039063 0.178985595703125 0.530731201171875
0.0966110229492188 0.0142745971679688 0.20904541015625 0.3135986328125
0.0504913330078125 -0.004241943359375 0.0751724243164062 0.121101379394531
0.0309829711914063 -0.00398635864257813 -0.0117721557617188 0.0980224609375
0.053558349609375 -5.7220458984375E-05 -0.118583679199219 0.133682250976563
0.0640106201171875 -0.03955078125 -0.14593505859375 0.282470703125
0.0511932373046875 -0.0452117919921875 -0.03497314453125 0.384796142578125
0.0540008544921875 -0.0534477233886719 -0.011138916015625 0.361602783203125
0.0662460327148438 -0.0719375610351563 -0.0308837890625 0.3504638671875
0.0798263549804688 -0.0280685424804688 -0.12066650390625 0.284912109375
0.0810623168945313 0.010711669921875 -0.120681762695313 0.15545654296875
0.0479240417480469 0.0355453491210938 -0.0694580078125 0.0866546630859375
0.0325355529785156 0.0412750244140625 0.003265380859375 0.0438613891601563
0.0484542846679688 0.0315017700195313 0.174774169921875 0.0982666015625
0.0898590087890625 0.0717849731445313 0.2386474609375 0.297210693359375
0.011932373046875 0.165390014648438 -0.295379638671875 -0.300567626953125
0.0572586059570313 0.133567810058594 -0.232070922851563 -0.138687133789062
0.138931274414063 0.0663986206054688 -0.0244407653808594 -0.0310287475585938
0.117515563964844 -0.0248260498046875 0.0606231689453125 -0.0416908264160156
0.0582275390625 -0.0769271850585938 0.163330078125 -0.097076416015625
-0.000606536865234377 -0.0642967224121094 0.160552978515625 -0.26019287109375
-0.016021728515625 -0.0816650390625 0.03009033203125 -0.366455078125
1.52587890624898E-05 -0.0926666259765625 0.00119018554687503 -0.3580322265625
-0.012725830078125 -0.0812606811523438 0.00961303710937498 -0.36700439453125
0.02581787109375 -0.086212158203125 0.09161376953125 -0.299102783203125
0.0749359130859375 -0.0803146362304687 0.0807647705078125 -0.149429321289063
0.135505676269531 -0.039703369140625 -0.0335845947265625 -0.110298156738281
0.127891540527344 0.086029052734375 -0.132049560546875 -0.158737182617188
0.0708084106445313 0.116249084472656 -0.244354248046875 -0.286529541015625
0.01580810546875 0.127693176269531 -0.210052490234375 -0.561431884765625
0.112579345703125 0.341949462890625 -0.269134521484375 -0.260391235351563
0.143707275390625 0.282745361328125 -0.210357666015625 -0.139083862304687
0.28729248046875 0.183441162109375 -0.0338020324707031 -0.0395126342773437
0.267501831054688 0.0113067626953125 0.0428924560546875 -0.0246849060058594
0.21075439453125 -0.108306884765625 0.159591674804688 -0.0548095703125
0.10113525390625 -0.1627197265625 0.158294677734375 -0.208740234375
0.03216552734375 -0.212417602539062 0.03912353515625 -0.30804443359375
0.0469970703125 -0.23370361328125 0.00509643554687502 -0.29083251953125
0.0151519775390625 -0.228759765625 -0.00204467773437499 -0.3040771484375
0.09039306640625 -0.202056884765625 0.0577850341796875 -0.239654541015625
0.1805419921875 -0.173568725585937 0.0534439086914063 -0.105415344238281
0.273162841796875 -0.0949859619140625 -0.0674591064453125 -0.0799179077148438
0.31011962890625 0.135986328125 -0.1630859375 -0.135406494140625
0.2242431640625 0.223434448242188 -0.259597778320313 -0.2620849609375
0.155029296875 0.305419921875 -0.2113037109375 -0.50213623046875
0.19500732421875 0.478057861328125 -0.219192504882813 -0.1585693359375
0.217315673828125 0.4075927734375 -0.163406372070313 -0.102005004882812
0.408721923828125 0.288482666015625 -0.033172607421875 -0.0420646667480469
0.395538330078125 0.056121826171875 0.0180606842041016 -0.0136013031005859
0.350372314453125 -0.11968994140625 0.124565124511719 -0.0135574340820313
0.2032470703125 -0.238693237304688 0.120834350585938 -0.130828857421875
0.082855224609375 -0.31304931640625 0.03424072265625 -0.200668334960938
0.08673095703125 -0.341156005859375 0.008453369140625 -0.179306030273438
0.033477783203125 -0.34466552734375 -0.00714111328125001 -0.19573974609375
0.12884521484375 -0.29730224609375 0.0265960693359375 -0.142547607421875
0.250595092773437 -0.26177978515625 0.0287742614746094 -0.0433540344238281
0.370513916015625 -0.1630859375 -0.0869598388671875 -0.0346603393554687
0.4609375 0.143341064453125 -0.167953491210937 -0.0931396484375
0.361053466796875 0.283416748046875 -0.22906494140625 -0.209442138671875
0.281890869140625 0.4312744140625 -0.167633056640625 -0.386383056640625
0.255218505859375 0.546234130859375 -0.14666748046875 -0.00605773925781244
0.277191162109375 0.473052978515625 -0.09393310546875 -0.0245742797851562
0.4893798828125 0.340301513671875 -0.0233440399169922 -0.0291404724121094
0.478759765625 0.079559326171875 -0.0115928649902343 0.000302314758300787
0.442138671875 -0.12286376953125 0.0626907348632813 0.0306472778320312
0.274505615234375 -0.28387451171875 0.0540428161621094 -0.0292701721191406
0.12188720703125 -0.36688232421875 0.0183906555175781 -0.0594596862792969
0.11346435546875 -0.397003173828125 0.0116043090820313 -0.0414581298828125
0.046630859375 -0.408172607421875 -0.00293731689453124 -0.0603218078613282
0.14862060546875 -0.34820556640625 0.00449371337890626 -0.0213470458984375
0.28558349609375 -0.31414794921875 0.0110645294189453 0.0315876007080078
0.413665771484375 -0.208160400390625 -0.0880508422851562 0.0178451538085937
0.53997802734375 0.13165283203125 -0.143096923828125 -0.045501708984375
0.439605712890625 0.2996826171875 -0.149459838867187 -0.146347045898437
0.36383056640625 0.49017333984375 -0.0792236328125 -0.23736572265625
0.284332275390625 0.523834228515625 -0.057891845703125 0.1707763671875
0.30810546875 0.4534912109375 -0.00914764404296873 0.0781097412109375
0.499298095703125 0.32061767578125 -0.00640296936035153 0.0024685859680176
0.476654052734375 0.07257080078125 -0.0392684936523437 0.0253410339355469
0.44891357421875 -0.118133544921875 -0.01165771484375 0.0769500732421875
0.292236328125 -0.28582763671875 -0.024810791015625 0.0856399536132812
0.1373291015625 -0.363433837890625 -0.000717163085937497 0.096160888671875
0.123260498046875 -0.3900146484375 0.0139083862304688 0.102447509765625
0.059051513671875 -0.40509033203125 0.007080078125 0.0826034545898437
0.15655517578125 -0.33599853515625 -0.0101776123046875 0.104476928710937
0.28448486328125 -0.29913330078125 -0.00434112548828123 0.104377746582031
0.395477294921875 -0.196990966796875 -0.0766143798828125 0.0653762817382813
0.51995849609375 0.1220703125 -0.099212646484375 -0.00511169433593749
0.431732177734375 0.28228759765625 -0.0411148071289062 -0.0822982788085937
0.376251220703125 0.47540283203125 0.0331268310546875 -0.0749893188476562
0.27203369140625 0.4136962890625 0.0406494140625 0.33660888671875
0.29168701171875 0.345367431640625 0.0794677734375 0.181594848632813
0.412689208984375 0.228057861328125 0.0153541564941406 0.0468368530273438
0.3782958984375 0.03912353515625 -0.0521392822265625 0.058319091796875
0.364410400390625 -0.099456787109375 -0.07489013671875 0.117263793945312
0.24786376953125 -0.24237060546875 -0.0910797119140625 0.19085693359375
0.1246337890625 -0.3013916015625 -0.01422119140625 0.23773193359375
0.115692138671875 -0.323699951171875 0.015472412109375 0.229080200195312
0.071075439453125 -0.339813232421875 0.0139923095703125 0.209732055664062
0.154693603515625 -0.265106201171875 -0.029693603515625 0.209075927734375
0.252395629882813 -0.217575073242188 -0.029876708984375 0.156982421875
0.320220947265625 -0.12554931640625 -0.0652999877929687 0.0953140258789063
0.403411865234375 0.120635986328125 -0.0525169372558593 0.0220069885253906
0.34136962890625 0.2349853515625 0.0656051635742188 -0.0206260681152344
0.322113037109375 0.392364501953125 0.141403198242188 0.0773468017578125
0.21112060546875 0.240737915039063 0.135528564453125 0.45977783203125
0.218109130859375 0.182861328125 0.162368774414063 0.260696411132813
0.250091552734375 0.105316162109375 0.0454635620117188 0.0899505615234375
0.214141845703125 0.00799560546875 -0.0397720336914062 0.086761474609375
0.218017578125 -0.06195068359375 -0.109748840332031 0.139846801757813
0.162643432617188 -0.156997680664063 -0.127426147460938 0.264724731445313
0.0914459228515625 -0.191207885742188 -0.0162353515625 0.34130859375
0.0902252197265625 -0.206375122070313 0.014984130859375 0.3206787109375
0.0746612548828125 -0.224349975585938 0.00863647460937498 0.303680419921875
0.132492065429688 -0.155868530273438 -0.0616302490234375 0.274093627929688
0.185562133789063 -0.102264404296875 -0.0690765380859375 0.17669677734375
0.199996948242188 -0.032989501953125 -0.0620574951171875 0.103202819824219
0.226181030273438 0.101593017578125 -0.0168113708496094 0.0366439819335938
0.197006225585937 0.151565551757812 0.14361572265625 0.0369415283203125
0.217697143554688 0.252365112304688 0.221221923828125 0.202911376953125
0.10662841796875 0.0362548828125 0.21331787109375 0.520904541015625
0.0984268188476563 0.0101852416992188 0.232513427734375 0.301910400390625
0.0519866943359375 -0.0048065185546875 0.0847854614257813 0.117141723632813
0.0318107604980469 -0.00428962707519531 -0.00662231445312499 0.0963592529296875
0.0556068420410156 -0.00446319580078125 -0.114471435546875 0.140731811523438
0.0629119873046875 -0.0452804565429688 -0.13153076171875 0.2965087890625
0.0499382019042969 -0.0508575439453125 -0.00820922851562499 0.38958740234375
0.0512237548828125 -0.0593338012695312 0.01300048828125 0.36322021484375
0.0609817504882813 -0.0790176391601563 -0.00769042968750003 0.3529052734375
0.079010009765625 -0.03546142578125 -0.100830078125 0.294952392578125
0.0833587646484375 0.00551605224609375 -0.112838745117188 0.16448974609375
0.0518455505371094 0.0328750610351563 -0.0638046264648437 0.0900192260742188
0.0375213623046875 0.0390434265136719 0.00703048706054688 0.0424766540527344
0.0518760681152344 0.0305252075195312 0.18328857421875 0.0871124267578125
0.0968704223632813 0.0691986083984375 0.26068115234375 0.283966064453125
0.0218505859375 0.1597900390625 -0.31170654296875 -0.27777099609375
0.06256103515625 0.126174926757813 -0.238601684570313 -0.121337890625
0.138290405273438 0.055389404296875 -0.0292816162109375 -0.0298290252685547
0.1126708984375 -0.03125 0.0557060241699219 -0.0430068969726563
0.0511398315429687 -0.0775985717773438 0.156173706054687 -0.105514526367187
-0.00368118286132812 -0.0607948303222656 0.143112182617188 -0.268692016601563
-0.02032470703125 -0.0785293579101563 0.00564575195312502 -0.362457275390625
-0.00566864013671876 -0.09051513671875 -0.0230712890625 -0.351348876953125
-0.0166854858398437 -0.078399658203125 -0.015777587890625 -0.362152099609375
0.020050048828125 -0.0860137939453125 0.07049560546875 -0.302276611328125
0.0675888061523438 -0.0845489501953125 0.072662353515625 -0.154327392578125
0.130149841308594 -0.0489883422851563 -0.0395278930664062 -0.104598999023438
0.132194519042969 0.0752944946289063 -0.14013671875 -0.146194458007813
0.0762252807617187 0.109169006347656 -0.257965087890625 -0.266006469726563
0.0247726440429688 0.122367858886719 -0.2393798828125 -0.536834716796875
0.1329345703125 0.328704833984375 -0.283233642578125 -0.2413330078125
0.158065795898437 0.268707275390625 -0.216949462890625 -0.124038696289063
0.292266845703125 0.1611328125 -0.0390472412109375 -0.0389595031738281
0.261581420898438 -0.0048828125 0.0383377075195313 -0.0267486572265625
0.1995849609375 -0.11822509765625 0.15435791015625 -0.0645751953125
0.0909881591796875 -0.164321899414063 0.143646240234375 -0.218048095703125
0.0192413330078125 -0.211334228515625 0.018218994140625 -0.3050537109375
0.0301971435546875 -0.23370361328125 -0.014678955078125 -0.286773681640625
0.00189208984375001 -0.2261962890625 -0.02337646484375 -0.300628662109375
0.0769500732421875 -0.203811645507813 0.0413665771484375 -0.241836547851562
0.167129516601563 -0.182861328125 0.04876708984375 -0.110115051269531
0.263290405273438 -0.112762451171875 -0.0723037719726563 -0.0733413696289062
0.31591796875 0.11297607421875 -0.168792724609375 -0.123687744140625
0.234161376953125 0.206817626953125 -0.271469116210938 -0.241500854492187
0.173797607421875 0.28924560546875 -0.23846435546875 -0.479583740234375
0.2237548828125 0.458526611328125 -0.226654052734375 -0.144363403320313
0.237701416015625 0.387420654296875 -0.167755126953125 -0.091278076171875
0.419891357421875 0.25714111328125 -0.0382461547851562 -0.042236328125
0.39178466796875 0.032257080078125 0.0142574310302735 -0.0161590576171875
0.3358154296875 -0.138214111328125 0.121772766113281 -0.02239990234375
0.187225341796875 -0.245285034179688 0.111427307128906 -0.138008117675781
0.064727783203125 -0.314056396484375 0.0209503173828125 -0.199600219726563
0.062713623046875 -0.3424072265625 -0.00369262695312502 -0.177490234375
0.01092529296875 -0.341033935546875 -0.022430419921875 -0.194473266601563
0.109100341796875 -0.29998779296875 0.0170745849609375 -0.144638061523438
0.23150634765625 -0.274032592773438 0.0274124145507813 -0.0476455688476563
0.355560302734375 -0.185028076171875 -0.0894088745117187 -0.028167724609375
0.466094970703125 0.110565185546875 -0.170761108398438 -0.0831146240234375
0.37213134765625 0.25885009765625 -0.237350463867188 -0.193130493164062
0.306884765625 0.404510498046875 -0.18621826171875 -0.37030029296875
0.287384033203125 0.521636962890625 -0.1456298828125 0.00115966796875006
0.302154541015625 0.449066162109375 -0.093536376953125 -0.0198135375976562
0.50482177734375 0.30450439453125 -0.0270538330078125 -0.0310077667236328
0.47406005859375 0.049591064453125 -0.0143880844116211 -0.00190925598144531
0.426483154296875 -0.14910888671875 0.0625724792480469 0.02392578125
0.25482177734375 -0.29510498046875 0.0516014099121094 -0.0333290100097656
0.099578857421875 -0.37017822265625 0.0149993896484375 -0.0596847534179688
0.084808349609375 -0.399749755859375 0.00854110717773438 -0.0430183410644532
0.018829345703125 -0.40435791015625 -0.0089111328125 -0.0616645812988282
0.125732421875 -0.351898193359375 0.0041790008544922 -0.0231132507324219
0.26202392578125 -0.327301025390625 0.0140476226806641 0.0268497467041015
0.393707275390625 -0.23089599609375 -0.0875167846679687 0.0231399536132812
0.54266357421875 0.09326171875 -0.143447875976562 -0.0393218994140625
0.451171875 0.2706298828125 -0.155364990234375 -0.136627197265625
0.391754150390625 0.45770263671875 -0.089508056640625 -0.229339599609375
0.3135986328125 0.500640869140625 -0.0469970703125 0.16949462890625
0.334075927734375 0.428619384765625 -0.00294494628906249 0.0759811401367188
0.513519287109375 0.283660888671875 -0.00746011734008786 -0.000767707824707013
0.4730224609375 0.04241943359375 -0.0395240783691406 0.0237236022949219
0.433990478515625 -0.145751953125 -0.00846099853515622 0.074066162109375
0.271881103515625 -0.29949951171875 -0.019012451171875 0.0855255126953125
0.114654541015625 -0.368988037109375 0.00666809082031251 0.0938949584960937
0.0953369140625 -0.394134521484375 0.0203399658203125 0.0983810424804687
0.03094482421875 -0.403900146484375 0.0106353759765625 0.0778045654296875
0.13482666015625 -0.340484619140625 -0.00188446044921875 0.101661682128906
0.26251220703125 -0.312255859375 0.00216674804687502 0.100189208984375
0.377227783203125 -0.217529296875 -0.0731735229492187 0.0684051513671875
0.521026611328125 0.084503173828125 -0.0977020263671875 -0.00286865234375
0.440887451171875 0.255096435546875 -0.044769287109375 -0.0807876586914062
0.404205322265625 0.443878173828125 0.030548095703125 -0.0774383544921875
0.29473876953125 0.3953857421875 0.060302734375 0.3258056640625
0.3095703125 0.324951171875 0.091949462890625 0.170761108398438
0.4246826171875 0.200164794921875 0.0177993774414063 0.04205322265625
0.376373291015625 0.016998291015625 -0.049713134765625 0.0566520690917969
0.353485107421875 -0.122314453125 -0.06927490234375 0.11798095703125
0.232330322265625 -0.254913330078125 -0.0776824951171875 0.19451904296875
0.10626220703125 -0.30731201171875 0.00271606445312499 0.233978271484375
0.09234619140625 -0.32794189453125 0.0298004150390625 0.221817016601563
0.046844482421875 -0.34014892578125 0.0261383056640625 0.202545166015625
0.137054443359375 -0.271575927734375 -0.01422119140625 0.205551147460937
0.236358642578125 -0.229293823242188 -0.020233154296875 0.154678344726563
0.308349609375 -0.142730712890625 -0.0595703125 0.0973968505859375
0.40576171875 0.09185791015625 -0.0499458312988281 0.021209716796875
0.348297119140625 0.212310791015625 0.06396484375 -0.0269851684570312
0.34466552734375 0.36688232421875 0.1461181640625 0.065704345703125
0.224517822265625 0.227569580078125 0.161865234375 0.440277099609375
0.226455688476562 0.168319702148438 0.178329467773438 0.244033813476563
0.256332397460938 0.0897064208984375 0.0507583618164063 0.0833358764648438
0.212188720703125 -0.0036468505859375 -0.0353775024414062 0.0837020874023438
0.212478637695313 -0.0760650634765625 -0.1029052734375 0.1435546875
0.152450561523437 -0.166717529296875 -0.109375 0.270523071289062
0.0804901123046875 -0.197357177734375 0.00683593750000002 0.335174560546875
0.0751953125 -0.211196899414063 0.035888671875 0.31219482421875
0.058258056640625 -0.226531982421875 0.027587890625 0.295806884765625
0.121917724609375 -0.162384033203125 -0.0415496826171875 0.272720336914063
0.177581787109375 -0.112319946289062 -0.057525634765625 0.177658081054688
0.195693969726563 -0.0444793701171875 -0.0546875 0.103767395019531
0.23040771484375 0.083892822265625 -0.013702392578125 0.0342121124267578
0.203964233398438 0.139251708984375 0.144607543945313 0.025360107421875
0.23291015625 0.236480712890625 0.232147216796875 0.183547973632813
0.107505798339844 0.0316925048828125 0.240570068359375 0.49566650390625
0.0979080200195313 0.00530242919921875 0.248886108398438 0.2808837890625
0.0536346435546875 -0.006195068359375 0.0920257568359375 0.108078002929688
0.0317192077636719 -0.005126953125 -0.00166320800781249 0.0920257568359375
0.0559806823730469 -0.00896453857421875 -0.107772827148437 0.145278930664063
0.0602188110351563 -0.0503311157226563 -0.110870361328125 0.302825927734375
0.0477218627929688 -0.05511474609375 0.018035888671875 0.382293701171875
0.0466499328613281 -0.0630912780761719 0.036102294921875 0.35418701171875
0.053680419921875 -0.0832061767578125 0.01513671875 0.34527587890625
0.0773468017578125 -0.0413360595703125 -0.07904052734375 0.29595947265625
0.0835189819335938 -0.00067901611328125 -0.101486206054688 0.169052124023438
0.0536422729492188 0.0289192199707031 -0.0567550659179687 0.0911941528320313
0.0406913757324219 0.0358352661132813 0.0104217529296875 0.0397453308105469
0.0539932250976562 0.0281295776367187 0.185989379882813 0.07244873046875
0.101615905761719 0.0644989013671875 0.276290893554688 0.263107299804688
0.0285491943359375 0.153045654296875 -0.3170166015625 -0.256744384765625
0.0640029907226563 0.118896484375 -0.238632202148438 -0.106155395507812
0.134422302246094 0.0472564697265625 -0.0321102142333984 -0.0275535583496094
0.106887817382813 -0.0341796875 0.0515251159667969 -0.0428504943847656
0.0447998046875 -0.0745849609375 0.14935302734375 -0.109649658203125
-0.00544738769531251 -0.0562820434570313 0.127761840820313 -0.269561767578125
-0.02325439453125 -0.0752792358398438 -0.01165771484375 -0.351593017578125
-0.0105972290039062 -0.0873184204101563 -0.039886474609375 -0.339019775390625
-0.018798828125 -0.0752944946289063 -0.033172607421875 -0.35089111328125
0.0153274536132813 -0.0836334228515625 0.05401611328125 -0.29864501953125
0.06121826171875 -0.085906982421875 0.0658416748046875 -0.15545654296875
0.124130249023438 -0.0548324584960938 -0.042449951171875 -0.0977706909179687
0.132713317871094 0.0666885375976563 -0.142486572265625 -0.134048461914062
0.07879638671875 0.101593017578125 -0.26177978515625 -0.246109008789062
0.0299911499023437 0.115432739257813 -0.254608154296875 -0.508453369140625
0.14422607421875 0.313079833984375 -0.286895751953125 -0.222137451171875
0.16448974609375 0.253326416015625 -0.217453002929687 -0.110885620117188
0.28955078125 0.14239501953125 -0.0419921875 -0.0371208190917969
0.25177001953125 -0.0147552490234375 0.0342521667480469 -0.0272388458251953
0.187576293945313 -0.121536254882813 0.148849487304688 -0.0700531005859375
0.0834503173828125 -0.161270141601562 0.130783081054688 -0.2203369140625
0.0105133056640625 -0.206756591796875 0.00350952148437499 -0.297027587890625
0.0186920166015625 -0.228546142578125 -0.02862548828125 -0.27734375
-0.00872802734375002 -0.219696044921875 -0.039459228515625 -0.29083251953125
0.0659637451171875 -0.201126098632813 0.0286712646484375 -0.238784790039063
0.154006958007813 -0.18572998046875 0.0446548461914063 -0.112213134765625
0.250869750976563 -0.121627807617187 -0.0741195678710937 -0.066253662109375
0.312652587890625 0.093231201171875 -0.169906616210937 -0.112289428710938
0.236114501953125 0.191146850585938 -0.27349853515625 -0.222702026367187
0.182830810546875 0.271896362304687 -0.25018310546875 -0.453155517578125
0.23828125 0.436004638671875 -0.2275390625 -0.131393432617187
0.24749755859375 0.366058349609375 -0.167144775390625 -0.0818634033203124
0.41845703125 0.23016357421875 -0.0423507690429687 -0.0419235229492187
0.379058837890625 0.01568603515625 0.0105295181274414 -0.017120361328125
0.32049560546875 -0.148040771484375 0.118011474609375 -0.0280914306640625
0.174331665039063 -0.244842529296875 0.102996826171875 -0.141403198242188
0.04974365234375 -0.3084716796875 0.01171875 -0.195571899414063
0.044097900390625 -0.33599853515625 -0.0124969482421875 -0.17333984375
-0.00494384765625003 -0.332000732421875 -0.0332183837890625 -0.188766479492188
0.093780517578125 -0.295867919921875 0.0096588134765625 -0.143112182617188
0.21356201171875 -0.278244018554687 0.0260963439941406 -0.050811767578125
0.337615966796875 -0.195892333984375 -0.089263916015625 -0.02166748046875
0.458282470703125 0.083770751953125 -0.170242309570313 -0.0753631591796875
0.373046875 0.237060546875 -0.238983154296875 -0.178329467773437
0.3184814453125 0.377899169921875 -0.194732666015625 -0.351318359375
0.30548095703125 0.496917724609375 -0.142288208007812 0.00575256347656251
0.315673828125 0.42315673828125 -0.0919723510742188 -0.0170059204101562
0.504150390625 0.272003173828125 -0.0302791595458984 -0.0321884155273437
0.461273193359375 0.02935791015625 -0.0173597335815429 -0.00331306457519531
0.408447265625 -0.163238525390625 0.0616455078125 0.0190505981445312
0.2392578125 -0.29827880859375 0.048492431640625 -0.0354080200195313
0.08160400390625 -0.366241455078125 0.0126991271972656 -0.0596275329589844
0.062469482421875 -0.393890380859375 0.00531387329101563 -0.0430030822753906
-0.000701904296875027 -0.394256591796875 -0.0141639709472656 -0.0609283447265625
0.1085205078125 -0.347412109375 0.00331497192382813 -0.0249691009521485
0.241546630859375 -0.32952880859375 0.0153446197509766 0.0227584838867187
0.373504638671875 -0.241912841796875 -0.086090087890625 0.027557373046875
0.532928466796875 0.06390380859375 -0.142227172851562 -0.0348663330078125
0.449615478515625 0.245147705078125 -0.15655517578125 -0.126556396484375
0.404022216796875 0.426513671875 -0.094970703125 -0.219284057617188
0.3309326171875 0.474822998046875 -0.038482666015625 0.164794921875
0.34521484375 0.403472900390625 0.00134277343750003 0.0712127685546875
0.513885498046875 0.252166748046875 -0.00912094116210934 -0.00426387786865233
0.461761474609375 0.0235595703125 -0.0405387878417968 0.0211410522460938
0.416534423828125 -0.161773681640625 -0.00688934326171872 0.0712509155273438
0.255462646484375 -0.3043212890625 -0.014984130859375 0.084442138671875
0.0972900390625 -0.367889404296875 0.0125808715820313 0.090087890625
0.07366943359375 -0.3887939453125 0.0235671997070313 0.0923843383789062
0.010986328125 -0.394500732421875 0.0116119384765625 0.0728912353515625
0.117828369140625 -0.337127685546875 0.00354766845703126 0.0965957641601562
0.2430419921875 -0.3140869140625 0.00644683837890627 0.0948104858398437
0.3577880859375 -0.228240966796875 -0.0700836181640625 0.0704193115234375
0.512359619140625 0.05511474609375 -0.0963211059570312 -0.00204467773437502
0.440093994140625 0.23101806640625 -0.0468597412109375 -0.0785369873046875
0.4154052734375 0.41259765625 0.028350830078125 -0.078216552734375
0.30584716796875 0.37213134765625 0.072723388671875 0.311370849609375
0.317657470703125 0.30328369140625 0.0983428955078125 0.159866333007813
0.4249267578125 0.175048828125 0.0182685852050781 0.0368690490722656
0.367279052734375 0.001953125 -0.048370361328125 0.0533065795898437
0.3394775390625 -0.136016845703125 -0.0651779174804687 0.116935729980469
0.217010498046875 -0.260391235351563 -0.066864013671875 0.193801879882812
0.09124755859375 -0.307281494140625 0.0153961181640625 0.225112915039062
0.07342529296875 -0.32476806640625 0.03851318359375 0.212600708007812
0.0289306640625 -0.333526611328125 0.0322418212890625 0.193435668945312
0.123260498046875 -0.270339965820312 -0.00309753417968751 0.19927978515625
0.22119140625 -0.233978271484375 -0.0129547119140625 0.149093627929687
0.294097900390625 -0.151214599609375 -0.0546951293945312 0.096649169921875
0.399383544921875 0.068634033203125 -0.0485305786132812 0.019256591796875
0.348724365234375 0.19488525390625 0.0609664916992188 -0.0313072204589844
0.35345458984375 0.343017578125 0.147079467773438 0.0555877685546875
0.22955322265625 0.213836669921875 0.175537109375 0.417205810546875
0.229263305664062 0.1552734375 0.185317993164063 0.227279663085938
0.256011962890625 0.076019287109375 0.05322265625 0.0765228271484375
0.206741333007813 -0.011474609375 -0.0329208374023437 0.0795135498046875
0.20440673828125 -0.0847930908203125 -0.0970001220703125 0.143997192382812
0.14288330078125 -0.170867919921875 -0.0947113037109375 0.2708740234375
0.0705413818359375 -0.198287963867188 0.023284912109375 0.3238525390625
0.0633544921875 -0.210494995117187 0.04888916015625 0.2996826171875
0.0457000732421875 -0.223526000976563 0.039398193359375 0.283966064453125
0.1131591796875 -0.164443969726563 -0.0264434814453125 0.265090942382813
0.169113159179687 -0.117279052734375 -0.0484619140625 0.174758911132813
0.18890380859375 -0.0518951416015625 -0.0492172241210937 0.102706909179688
0.228790283203125 0.0702972412109375 -0.0118618011474609 0.0312213897705078
0.205093383789062 0.128555297851563 0.141616821289063 0.01611328125
0.239028930664063 0.221389770507813 0.23431396484375 0.167465209960938
0.106163024902344 0.0289382934570313 0.2547607421875 0.46942138671875
0.0960769653320312 0.0022125244140625 0.2562255859375 0.25958251953125
0.0539779663085938 -0.00737380981445313 0.0947036743164063 0.0996322631835938
0.0316677093505859 -0.00519371032714844 0.000450134277343747 0.0864944458007813
0.0550460815429688 -0.0126152038574219 -0.101913452148437 0.146484375
0.0571556091308594 -0.05328369140625 -0.095611572265625 0.302154541015625
0.0446853637695313 -0.057952880859375 0.0360107421875 0.36956787109375
0.0427665710449219 -0.0647392272949219 0.051025390625 0.340972900390625
0.0477294921875 -0.0839996337890625 0.0303955078125 0.33306884765625
0.0735015869140625 -0.0446929931640625 -0.061370849609375 0.2901611328125
0.0823898315429688 -0.005126953125 -0.0916595458984375 0.169036865234375
0.0544586181640625 0.0258979797363281 -0.0508499145507813 0.0897598266601563
0.0426559448242188 0.0322036743164063 0.0120391845703125 0.0365180969238281
0.0550689697265625 0.0266189575195313 0.183990478515625 0.061065673828125
0.103492736816406 0.0605926513671875 0.280029296875 0.242355346679688
0.0315704345703125 0.147079467773438 -0.31781005859375 -0.243988037109375
0.0638427734375 0.114288330078125 -0.237136840820313 -0.0973205566406249
0.130722045898438 0.043121337890625 -0.0337944030761719 -0.0264663696289062
0.101966857910156 -0.0352096557617188 0.0491180419921875 -0.0414695739746094
0.0416946411132812 -0.0724105834960938 0.1448974609375 -0.112564086914063
-0.0050048828125 -0.0529060363769531 0.118408203125 -0.269851684570313
-0.0241546630859375 -0.0717315673828125 -0.021514892578125 -0.3428955078125
-0.0132293701171875 -0.0854263305664063 -0.048187255859375 -0.32916259765625
-0.0201950073242187 -0.0733642578125 -0.0433349609375 -0.341827392578125
0.0124664306640625 -0.081298828125 0.044036865234375 -0.294891357421875
0.0569229125976563 -0.08612060546875 0.062591552734375 -0.156036376953125
0.11920166015625 -0.0579605102539063 -0.0429840087890625 -0.0929794311523438
0.13226318359375 0.0607070922851563 -0.142181396484375 -0.125595092773438
0.0790634155273438 0.09600830078125 -0.261245727539063 -0.23248291015625
0.0325546264648438 0.110221862792969 -0.259918212890625 -0.488006591796875
0.15032958984375 0.300994873046875 -0.2872314453125 -0.210479736328125
0.166091918945313 0.243865966796875 -0.21630859375 -0.10272216796875
0.2860107421875 0.131317138671875 -0.0440025329589844 -0.0364036560058594
0.24432373046875 -0.0187530517578125 0.0315933227539063 -0.0269775390625
0.17950439453125 -0.12158203125 0.145172119140625 -0.073577880859375
0.0802154541015625 -0.157806396484375 0.122329711914062 -0.221664428710938
0.00550842285156249 -0.202072143554687 -0.00436401367187498 -0.2906494140625
0.0102996826171875 -0.224960327148438 -0.0353546142578125 -0.269760131835938
-0.0137939453125 -0.214996337890625 -0.048553466796875 -0.283660888671875
0.06036376953125 -0.197586059570313 0.021484375 -0.236541748046875
0.145584106445313 -0.186264038085937 0.0424270629882812 -0.114189147949219
0.242019653320313 -0.12664794921875 -0.0745010375976562 -0.0611190795898438
0.31048583984375 0.0823974609375 -0.169052124023438 -0.10565185546875
0.2359619140625 0.181198120117188 -0.272247314453125 -0.210281372070313
0.186767578125 0.259490966796875 -0.253662109375 -0.436248779296875
0.246429443359375 0.42083740234375 -0.227188110351562 -0.123458862304687
0.252105712890625 0.3511962890625 -0.165985107421875 -0.0767364501953124
0.415496826171875 0.21221923828125 -0.0451431274414062 -0.0420494079589844
0.369598388671875 0.00732421875 0.00712776184082033 -0.0176010131835937
0.308380126953125 -0.15167236328125 0.115455627441406 -0.0315780639648438
0.166854858398438 -0.243194580078125 0.0968170166015625 -0.1427001953125
0.041290283203125 -0.304473876953125 0.00637817382812502 -0.192184448242188
0.03204345703125 -0.330841064453125 -0.01776123046875 -0.168792724609375
-0.013824462890625 -0.32501220703125 -0.04022216796875 -0.1842041015625
0.085418701171875 -0.29193115234375 0.00578308105468751 -0.142532348632813
0.201675415039063 -0.277877807617188 0.0251274108886719 -0.0537643432617188
0.3255615234375 -0.201202392578125 -0.0887603759765625 -0.0170669555664063
0.45172119140625 0.068145751953125 -0.169708251953125 -0.07049560546875
0.3699951171875 0.224212646484375 -0.237655639648437 -0.168624877929687
0.323333740234375 0.360595703125 -0.196441650390625 -0.33953857421875
0.3123779296875 0.4793701171875 -0.139862060546875 0.00754547119140629
0.320953369140625 0.40771484375 -0.0899581909179687 -0.0153427124023437
0.50274658203125 0.2503662109375 -0.0331668853759765 -0.0337104797363281
0.451812744140625 0.0185546875 -0.019927978515625 -0.00466156005859375
0.395965576171875 -0.16943359375 0.0604057312011719 0.0158729553222656
0.22833251953125 -0.297576904296875 0.0468711853027344 -0.0369949340820313
0.0712890625 -0.36376953125 0.0120391845703125 -0.0596923828125
0.049224853515625 -0.388336181640625 0.0036773681640625 -0.0431137084960938
-0.01190185546875 -0.386627197265625 -0.0184135437011719 -0.0596809387207031
0.097900390625 -0.342376708984375 0.00275421142578126 -0.0265045166015625
0.227508544921875 -0.32891845703125 0.0154380798339844 0.018930435180664
0.360748291015625 -0.24615478515625 -0.084503173828125 0.031097412109375
0.523895263671875 0.045806884765625 -0.141525268554687 -0.0327301025390625
0.446197509765625 0.232147216796875 -0.155929565429687 -0.122039794921875
0.40771484375 0.4071044921875 -0.0964202880859374 -0.212905883789062
0.336212158203125 0.4578857421875 -0.0345458984375 0.159820556640625
0.349212646484375 0.38641357421875 0.00403594970703127 0.067657470703125
0.5113525390625 0.23248291015625 -0.0109491348266601 -0.0071592330932617
0.451934814453125 0.013275146484375 -0.0423469543457031 0.0193901062011719
0.404937744140625 -0.170501708984375 -0.00629806518554684 0.0691413879394531
0.244873046875 -0.305450439453125 -0.01226806640625 0.0827407836914063
0.086761474609375 -0.365264892578125 0.0160140991210938 0.0858001708984375
0.06005859375 -0.384796142578125 0.0249176025390625 0.0881576538085937
-0.000701904296875042 -0.386688232421875 0.010894775390625 0.070343017578125
0.108734130859375 -0.332916259765625 0.00644683837890627 0.092498779296875
0.230621337890625 -0.316314697265625 0.00795745849609377 0.0905685424804688
0.345977783203125 -0.231414794921875 -0.0677413940429687 0.0720596313476563
0.504119873046875 0.03961181640625 -0.0958251953125 -0.00247955322265626
0.436798095703125 0.217010498046875 -0.0475692749023437 -0.0775299072265625
0.419525146484375 0.39306640625 0.0274124145507813 -0.0785446166992187
0.3116455078125 0.359405517578125 0.078521728515625 0.30047607421875
0.320343017578125 0.2901611328125 0.101165771484375 0.15155029296875
0.423675537109375 0.158935546875 0.017873764038086 0.0322494506835938
0.36016845703125 -0.00531005859375 -0.0490036010742187 0.0510902404785156
0.32952880859375 -0.143707275390625 -0.0628738403320312 0.116004943847656
0.207748413085938 -0.261550903320313 -0.0606689453125 0.192626953125
0.082305908203125 -0.3072509765625 0.022491455078125 0.218505859375
0.062744140625 -0.321533203125 0.04315185546875 0.204788208007813
0.0185546875 -0.327484130859375 0.0352935791015625 0.18719482421875
0.115280151367188 -0.267929077148438 0.00312805175781253 0.192703247070312
0.21124267578125 -0.235260009765625 -0.00976562499999999 0.145431518554687
0.284820556640625 -0.1546630859375 -0.0523452758789062 0.097015380859375
0.3944091796875 0.05560302734375 -0.0483894348144531 0.0174217224121094
0.34716796875 0.184173583984375 0.0584259033203125 -0.0338935852050781
0.355804443359375 0.326629638671875 0.145797729492188 0.0496826171875
0.231216430664062 0.2059326171875 0.181304931640625 0.4019775390625
0.229949951171875 0.147552490234375 0.188522338867188 0.21502685546875
0.25543212890625 0.0673675537109375 0.0533447265625 0.07080078125
0.203460693359375 -0.0142669677734375 -0.032867431640625 0.076141357421875
0.19921875 -0.0895843505859375 -0.09393310546875 0.14404296875
0.136428833007813 -0.173019409179687 -0.0857391357421875 0.269607543945313
0.064453125 -0.199447631835938 0.033599853515625 0.314483642578125
0.0557708740234375 -0.209762573242187 0.054840087890625 0.289764404296875
0.0373992919921875 -0.220672607421875 0.044464111328125 0.274856567382813
0.107345581054688 -0.16473388671875 -0.017578125 0.259078979492188
0.163589477539063 -0.11981201171875 -0.043975830078125 0.171676635742188
0.184814453125 -0.0546417236328125 -0.0462722778320312 0.101211547851563
0.226608276367188 0.0615234375 -0.0119819641113281 0.0283203125
0.205032348632813 0.122711181640625 0.138107299804688 0.010406494140625
0.241806030273438 0.212081909179688 0.234283447265625 0.156875610351563
0.105003356933594 0.0280380249023438 0.2589111328125 0.449432373046875
0.0943069458007813 0.0003814697265625 0.256973266601562 0.245361328125
0.0546188354492188 -0.008392333984375 0.0953598022460938 0.0935897827148438
0.0319633483886719 -0.00501060485839844 0.00119018554687501 0.082672119140625
0.0545272827148438 -0.0147666931152344 -0.09857177734375 0.147140502929688
0.0546989440917969 -0.0557174682617187 -0.084808349609375 0.300537109375
0.0434837341308594 -0.0605278015136719 0.0458984375 0.35882568359375
0.040985107421875 -0.0663032531738281 0.058441162109375 0.330108642578125
0.0439071655273438 -0.0840530395507813 0.0380859375 0.32330322265625
0.0722732543945313 -0.0471649169921875 -0.051422119140625 0.285400390625
0.0815582275390625 -0.00763702392578125 -0.0860443115234375 0.16827392578125
0.054931640625 0.0236930847167969 -0.0470352172851562 0.08868408203125
0.043304443359375 0.02978515625 0.0120506286621094 0.0343189239501953
0.0563163757324219 0.0260505676269531 0.18121337890625 0.053955078125
0.105133056640625 0.0583343505859375 0.279769897460938 0.2301025390625
0.0347442626953125 0.14459228515625 -0.32183837890625 -0.23681640625
0.0643157958984375 0.112396240234375 -0.238540649414063 -0.09185791015625
0.129501342773438 0.0407867431640625 -0.0352249145507813 -0.0258979797363281
0.100151062011719 -0.0362930297851563 0.0480155944824219 -0.041595458984375
0.0396804809570312 -0.0699539184570313 0.144500732421875 -0.116592407226563
-0.00467681884765625 -0.0501174926757813 0.113250732421875 -0.273513793945313
-0.0251312255859375 -0.0699234008789062 -0.02874755859375 -0.341033935546875
-0.0155563354492188 -0.08441162109375 -0.05487060546875 -0.325714111328125
-0.0215682983398438 -0.0727615356445313 -0.051422119140625 -0.339080810546875
0.0107269287109375 -0.0808181762695312 0.03753662109375 -0.295745849609375
0.0541305541992188 -0.087066650390625 0.0608978271484375 -0.158905029296875
0.117088317871094 -0.0610733032226562 -0.0439300537109375 -0.09027099609375
0.133270263671875 0.0569915771484375 -0.143478393554688 -0.120498657226562
0.0795669555664063 0.0933990478515625 -0.26324462890625 -0.225509643554688
0.0341644287109375 0.108108520507813 -0.26544189453125 -0.479827880859375
0.15618896484375 0.2962646484375 -0.290802001953125 -0.204437255859375
0.169357299804687 0.238967895507812 -0.217315673828125 -0.0981597900390624
0.2861328125 0.124298095703125 -0.0472679138183594 -0.0366973876953125
0.241806030273438 -0.0219879150390625 0.0299015045166016 -0.0271644592285156
0.17529296875 -0.122817993164063 0.144683837890625 -0.0782928466796875
0.079315185546875 -0.156967163085938 0.117996215820313 -0.225860595703125
0.00140380859375001 -0.20166015625 -0.01031494140625 -0.289764404296875
0.00450134277343749 -0.224288940429688 -0.0413055419921875 -0.267532348632813
-0.018402099609375 -0.214126586914063 -0.0550384521484375 -0.280807495117188
0.0568389892578125 -0.197280883789063 0.015472412109375 -0.237457275390625
0.14056396484375 -0.18927001953125 0.0406723022460938 -0.117599487304688
0.239410400390625 -0.132156372070313 -0.0749893188476563 -0.0578079223632813
0.31109619140625 0.073760986328125 -0.170791625976562 -0.101699829101563
0.237533569335938 0.177154541015625 -0.274032592773438 -0.2041015625
0.19091796875 0.254440307617188 -0.258758544921875 -0.430084228515625
0.25506591796875 0.413848876953125 -0.229049682617188 -0.119064331054688
0.25762939453125 0.344879150390625 -0.167526245117187 -0.0734405517578125
0.4171142578125 0.20233154296875 -0.0481719970703125 -0.042877197265625
0.36676025390625 0.0037841796875 0.00432014465332033 -0.0183048248291016
0.304229736328125 -0.15625 0.115303039550781 -0.0358352661132813
0.164779663085938 -0.244461059570313 0.09375 -0.1458740234375
0.035400390625 -0.30517578125 0.00320434570312499 -0.192718505859375
0.0234375 -0.331329345703125 -0.02178955078125 -0.167999267578125
-0.021514892578125 -0.32391357421875 -0.04571533203125 -0.181625366210938
0.081390380859375 -0.29241943359375 0.00210571289062501 -0.143951416015625
0.195892333984375 -0.2821044921875 0.0241470336914063 -0.056793212890625
0.321868896484375 -0.20703125 -0.08917236328125 -0.0128707885742188
0.45233154296875 0.05828857421875 -0.17144775390625 -0.068511962890625
0.3739013671875 0.21771240234375 -0.239273071289062 -0.16387939453125
0.32940673828125 0.35333251953125 -0.200592041015625 -0.3341064453125
0.3232421875 0.4713134765625 -0.139816284179687 0.0090179443359375
0.326751708984375 0.39971923828125 -0.0895919799804688 -0.01513671875
0.505584716796875 0.238067626953125 -0.0359077453613281 -0.0354537963867187
0.449066162109375 0.01287841796875 -0.0234031677246093 -0.00551986694335938
0.39093017578125 -0.176788330078125 0.0604019165039063 0.0132789611816406
0.224884033203125 -0.301666259765625 0.0464363098144531 -0.0385017395019532
0.0640869140625 -0.365814208984375 0.0116539001464844 -0.061798095703125
0.03961181640625 -0.388916015625 0.00189971923828125 -0.0434188842773438
-0.020477294921875 -0.384033203125 -0.0217437744140625 -0.0587348937988281
0.09442138671875 -0.3427734375 0.00176429748535157 -0.0283756256103516
0.219390869140625 -0.333831787109375 0.0157766342163086 0.0159082412719726
0.356719970703125 -0.252288818359375 -0.0841064453125 0.034942626953125
0.524688720703125 0.034027099609375 -0.14373779296875 -0.03204345703125
0.4503173828125 0.225555419921875 -0.157958984375 -0.11981201171875
0.4166259765625 0.39794921875 -0.0980987548828124 -0.211334228515625
0.3465576171875 0.451171875 -0.031829833984375 0.158447265625
0.355926513671875 0.377899169921875 0.00545120239257814 0.0659713745117188
0.516204833984375 0.218841552734375 -0.0134820938110351 -0.00989341735839843
0.45111083984375 0.007598876953125 -0.0448799133300781 0.0186080932617187
0.40130615234375 -0.1778564453125 -0.00555038452148436 0.0682754516601562
0.239990234375 -0.310577392578125 -0.0103378295898437 0.083160400390625
0.07904052734375 -0.36932373046875 0.018707275390625 0.0826187133789062
0.0504150390625 -0.38592529296875 0.026275634765625 0.0865249633789062
-0.00878906249999998 -0.38531494140625 0.00981521606445313 0.0698661804199218
0.10430908203125 -0.33416748046875 0.0080413818359375 0.0897445678710937
0.2230224609375 -0.31951904296875 0.00904083251953126 0.0882949829101562
0.34173583984375 -0.236724853515625 -0.0664825439453125 0.075225830078125
0.5032958984375 0.029510498046875 -0.0974349975585937 -0.00277709960937499
0.440521240234375 0.2109375 -0.0495147705078125 -0.077911376953125
0.4268798828125 0.3848876953125 0.0273666381835938 -0.0794677734375
0.3192138671875 0.354278564453125 0.082550048828125 0.2958984375
0.325897216796875 0.2838134765625 0.104232788085938 0.147415161132813
0.4266357421875 0.14990234375 0.0171470642089844 0.0290260314941406
0.359771728515625 -0.009185791015625 -0.0507850646972656 0.0499687194824219
0.3267822265625 -0.15081787109375 -0.0613861083984375 0.117431640625
0.204269409179687 -0.26702880859375 -0.055877685546875 0.195220947265625
0.0765380859375 -0.311126708984375 0.02764892578125 0.2144775390625
0.05462646484375 -0.3238525390625 0.0459747314453125 0.201385498046875
0.010833740234375 -0.32659912109375 0.036529541015625 0.184600830078125
0.112396240234375 -0.270248413085938 0.00643920898437502 0.18994140625
0.206878662109375 -0.239456176757812 -0.00790405273437498 0.143569946289062
0.28240966796875 -0.158599853515625 -0.0505523681640625 0.0987319946289062
0.394866943359375 0.046600341796875 -0.04962158203125 0.016357421875
0.349578857421875 0.17840576171875 0.0564117431640625 -0.0368576049804687
0.36297607421875 0.320404052734375 0.146896362304688 0.046295166015625
0.2353515625 0.202865600585938 0.18695068359375 0.395263671875
0.232742309570312 0.143417358398437 0.192840576171875 0.20855712890625
0.257781982421875 0.0624237060546875 0.054229736328125 0.0674972534179688
0.204086303710937 -0.0166473388671875 -0.0336685180664062 0.0750885009765625
0.197021484375 -0.0947418212890625 -0.092681884765625 0.146392822265625
0.133590698242188 -0.17767333984375 -0.0794830322265625 0.272811889648438
0.0603790283203125 -0.203826904296875 0.040374755859375 0.310546875
0.0516357421875 -0.2120361328125 0.05926513671875 0.284820556640625
0.0321044921875 -0.220672607421875 0.04888916015625 0.271560668945313
0.105606079101563 -0.167388916015625 -0.0125274658203125 0.256622314453125
0.161483764648438 -0.122879028320313 -0.04132080078125 0.171432495117188
0.18426513671875 -0.056884765625 -0.0441436767578125 0.101875305175781
0.22808837890625 0.05615234375 -0.0132083892822266 0.0266361236572266
0.2080078125 0.12017822265625 0.136978149414063 0.00650024414062501
0.246749877929688 0.207275390625 0.23638916015625 0.151809692382813
0.105598449707031 0.0281448364257813 0.26446533203125 0.44171142578125
0.094146728515625 -0.00093841552734375 0.261642456054688 0.23773193359375
0.0558700561523437 -0.00907516479492187 0.0964202880859375 0.0901260375976563
0.0328521728515625 -0.00432395935058594 0.000633239746093752 0.0813980102539062
0.054046630859375 -0.0172805786132813 -0.0980682373046875 0.150390625
0.053192138671875 -0.058624267578125 -0.07861328125 0.30511474609375
0.0422210693359375 -0.0639686584472656 0.054718017578125 0.354827880859375
0.0396957397460938 -0.0681838989257813 0.064727783203125 0.32513427734375
0.0416259765625 -0.0857315063476563 0.04351806640625 0.31951904296875
0.071807861328125 -0.0493011474609375 -0.045440673828125 0.283782958984375
0.0822296142578125 -0.009857177734375 -0.082916259765625 0.170135498046875
0.0562400817871094 0.0229873657226562 -0.044830322265625 0.0886917114257813
0.0445442199707031 0.0288314819335938 0.0114345550537109 0.03277587890625
0.0582389831542969 0.0256996154785156 0.180252075195313 0.0486907958984375
0.107833862304687 0.0578765869140625 0.2830810546875 0.22454833984375
0.039794921875 0.14349365234375 -0.332763671875 -0.23016357421875
0.0669708251953125 0.111412048339844 -0.245132446289063 -0.0845794677734375
0.130233764648438 0.0377731323242188 -0.0373268127441406 -0.0254096984863281
0.0995025634765625 -0.03863525390625 0.0472450256347656 -0.0425033569335938
0.0380706787109375 -0.0697517395019531 0.143447875976563 -0.1241455078125
-0.00383377075195312 -0.0490379333496094 0.104949951171875 -0.28363037109375
-0.0271949768066406 -0.0690956115722656 -0.040679931640625 -0.343017578125
-0.01953125 -0.0840682983398438 -0.06585693359375 -0.32623291015625
-0.02459716796875 -0.073211669921875 -0.063323974609375 -0.3402099609375
0.00861358642578125 -0.0811233520507813 0.027435302734375 -0.301025390625
0.0511398315429687 -0.0902023315429687 0.057952880859375 -0.165359497070313
0.11566162109375 -0.0666961669921875 -0.0467147827148437 -0.0880355834960938
0.137176513671875 0.0524749755859375 -0.147140502929688 -0.1158447265625
0.0822601318359375 0.0915069580078125 -0.272064208984375 -0.218826293945313
0.0377197265625 0.107162475585937 -0.28082275390625 -0.47686767578125
0.168060302734375 0.293914794921875 -0.300933837890625 -0.1983642578125
0.177566528320313 0.235549926757812 -0.223175048828125 -0.092071533203125
0.291839599609375 0.11566162109375 -0.0507011413574218 -0.0364799499511719
0.2430419921875 -0.0276641845703125 0.0278778076171875 -0.0276947021484375
0.173828125 -0.127593994140625 0.144241333007813 -0.0859527587890625
0.07818603515625 -0.159637451171875 0.111190795898438 -0.234725952148438
-0.0037384033203125 -0.203643798828125 -0.020355224609375 -0.2926025390625
-0.00465393066406251 -0.226760864257813 -0.05035400390625 -0.26751708984375
-0.026123046875 -0.21630859375 -0.066375732421875 -0.281524658203125
0.0524444580078125 -0.201034545898438 0.00741577148437499 -0.24237060546875
0.135833740234375 -0.196151733398437 0.0383758544921875 -0.122604370117188
0.238189697265625 -0.141372680664063 -0.0770339965820312 -0.0534744262695313
0.31744384765625 0.064178466796875 -0.175979614257813 -0.09722900390625
0.245513916015625 0.172683715820312 -0.282196044921875 -0.19830322265625
0.201828002929688 0.251480102539063 -0.271514892578125 -0.426300048828125
0.27313232421875 0.410247802734375 -0.235748291015625 -0.113998413085938
0.271270751953125 0.34051513671875 -0.1708984375 -0.0691070556640624
0.42718505859375 0.18994140625 -0.0523185729980469 -0.0439262390136719
0.370849609375 -0.006591796875 0.00166511535644534 -0.0184841156005859
0.302642822265625 -0.166015625 0.1158447265625 -0.0419540405273438
0.162063598632813 -0.251617431640625 0.0897064208984375 -0.152069091796875
0.02685546875 -0.31103515625 -0.00384521484375001 -0.196640014648438
0.010955810546875 -0.3363037109375 -0.027496337890625 -0.16851806640625
-0.031890869140625 -0.32757568359375 -0.054168701171875 -0.180938720703125
0.0745849609375 -0.29693603515625 -0.003326416015625 -0.147186279296875
0.188568115234375 -0.292083740234375 0.023040771484375 -0.0611495971679688
0.319305419921875 -0.220428466796875 -0.0902557373046875 -0.00787353515625
0.460662841796875 0.043304443359375 -0.176910400390625 -0.06451416015625
0.384063720703125 0.211700439453125 -0.2469482421875 -0.158584594726563
0.343902587890625 0.34771728515625 -0.210205078125 -0.332183837890625
0.343536376953125 0.467193603515625 -0.14111328125 0.0124053955078125
0.34307861328125 0.39251708984375 -0.0907974243164062 -0.013153076171875
0.51898193359375 0.223358154296875 -0.0399246215820312 -0.0375633239746094
0.454925537109375 0.002777099609375 -0.0263195037841797 -0.00552940368652343
0.389404296875 -0.190765380859375 0.0620231628417969 0.00996780395507811
0.2210693359375 -0.31195068359375 0.0454063415527344 -0.0407333374023438
0.0528564453125 -0.37420654296875 0.00934982299804688 -0.0652008056640625
0.025421142578125 -0.395416259765625 0.000259399414062497 -0.0447578430175781
-0.03424072265625 -0.388275146484375 -0.026123046875 -0.0579147338867188
0.08709716796875 -0.349945068359375 -0.000127792358398433 -0.0306758880615235
0.2130126953125 -0.3458251953125 0.0157079696655274 0.013528823852539
0.3544921875 -0.26751708984375 -0.08349609375 0.0406494140625
0.531280517578125 0.016815185546875 -0.149017333984375 -0.0294952392578125
0.461578369140625 0.215576171875 -0.163650512695312 -0.117538452148437
0.433837890625 0.390106201171875 -0.104110717773437 -0.21142578125
0.366790771484375 0.44671630859375 -0.0277252197265625 0.159286499023438
0.372100830078125 0.371551513671875 0.00865173339843752 0.0646324157714844
0.529754638671875 0.202972412109375 -0.0158672332763672 -0.0125551223754883
0.458038330078125 -0.00311279296875 -0.0480155944824219 0.0190353393554688
0.400390625 -0.19354248046875 -0.00350570678710935 0.0683670043945312
0.2354736328125 -0.32415771484375 -0.00704956054687499 0.0850296020507812
0.06787109375 -0.3780517578125 0.0215682983398437 0.079620361328125
0.036651611328125 -0.39337158203125 0.0283660888671875 0.0853042602539062
-0.022003173828125 -0.389495849609375 0.010223388671875 0.0709609985351562
0.09759521484375 -0.342498779296875 0.0105438232421875 0.0891494750976562
0.21588134765625 -0.330657958984375 0.0112838745117188 0.08709716796875
0.340728759765625 -0.25 -0.0643997192382812 0.0800323486328125
0.510498046875 0.01171875 -0.101722717285156 -0.00170135498046876
0.45379638671875 0.201629638671875 -0.0539779663085937 -0.0785675048828125
0.4456787109375 0.377410888671875 0.0261077880859375 -0.0817947387695312
0.33544921875 0.350006103515625 0.091888427734375 0.294891357421875
0.338714599609375 0.276947021484375 0.111083984375 0.143798828125
0.437652587890625 0.13665771484375 0.0166606903076172 0.0262870788574219
0.36505126953125 -0.0186767578125 -0.0527000427246093 0.0504379272460938
0.32586669921875 -0.164306640625 -0.05975341796875 0.120437622070312
0.199569702148437 -0.279327392578125 -0.0498504638671875 0.19989013671875
0.066253662109375 -0.320648193359375 0.035614013671875 0.212631225585937
0.044189453125 -0.331634521484375 0.052154541015625 0.200912475585937
-6.10351562500295E-05 -0.3309326171875 0.0410919189453125 0.185653686523438
0.107421875 -0.277557373046875 0.0126953125 0.19085693359375
0.202178955078125 -0.249191284179687 -0.0047760009765625 0.144790649414062
0.2825927734375 -0.16851806640625 -0.0477218627929688 0.1031494140625
0.40020751953125 0.034332275390625 -0.0526924133300781 0.0158805847167969
0.361572265625 0.1717529296875 0.0548439025878907 -0.0401344299316406
0.38006591796875 0.3131103515625 0.150436401367188 0.04193115234375
0.245330810546875 0.199996948242188 0.197998046875 0.392303466796875
0.239410400390625 0.138534545898437 0.201980590820313 0.203125
0.263534545898438 0.0545196533203125 0.0561943054199219 0.0649757385253906
0.207611083984375 -0.02105712890625 -0.0340652465820312 0.0750274658203125
0.197265625 -0.103851318359375 -0.091094970703125 0.152374267578125
0.130569458007813 -0.185928344726563 -0.0703582763671875 0.281097412109375
0.0540771484375 -0.2115478515625 0.050872802734375 0.30987548828125
0.0445709228515625 -0.218048095703125 0.06817626953125 0.284698486328125
0.0255889892578125 -0.225341796875 0.05706787109375 0.272705078125
0.103561401367188 -0.173797607421875 -0.00456237792968751 0.25897216796875
0.160293579101563 -0.130508422851563 -0.0370025634765625 0.175018310546875
0.186050415039063 -0.06280517578125 -0.0407180786132812 0.10540771484375
0.232192993164063 0.049591064453125 -0.0147533416748047 0.0257053375244141
0.215744018554688 0.116439819335938 0.137039184570313 0.000968933105468757
0.258163452148438 0.203125 0.243576049804688 0.14654541015625
0.1077880859375 0.0274505615234375 0.278900146484375 0.437225341796875
0.0948562622070313 -0.00308990478515625 0.271926879882813 0.231063842773438
0.0570259094238281 -0.0107460021972656 0.100685119628906 0.0870208740234375
0.0344619750976563 -0.0045166015625 0.00143432617187499 0.0803298950195312
0.0544662475585938 -0.0200309753417969 -0.0962371826171875 0.15704345703125
0.0514564514160156 -0.061981201171875 -0.0684814453125 0.3135986328125
0.039764404296875 -0.0683174133300781 0.0667724609375 0.355316162109375
0.0385208129882812 -0.072265625 0.074188232421875 0.3248291015625
0.0393447875976563 -0.0887298583984375 0.053253173828125 0.32073974609375
0.0716934204101562 -0.0535202026367187 -0.03607177734375 0.287811279296875
0.08349609375 -0.0133285522460938 -0.077972412109375 0.175201416015625
0.0590476989746094 0.0216522216796875 -0.0418853759765625 0.0902786254882813
0.0467185974121094 0.0279006958007813 0.0109138488769531 0.0322380065917969
0.0617408752441406 0.0254592895507813 0.182662963867187 0.043304443359375
0.112663269042969 0.0562744140625 0.292449951171875 0.219024658203125
0.134234945745604 -0.0879478937230127 -0.0167413352749743 -0.423170668888964
0.0723265539532784 -0.123796054885342 -0.072065542381254 -0.274812592628799
-0.0415360390968445 -0.128459637236378 -0.0200402027050976 -0.0243517635800004
-0.105976651762105 -0.0524211941931133 0.0601492098195311 0.0509465468261855
-0.0889808630433925 0.0372733902943512 0.207698182699772 0.0671222693274566
-0.0494153746466094 0.0593202899541691 0.309055099733082 -0.0361838674991754
-0.0436475385207579 0.0803494437482353 0.317671634810689 -0.156944182580158
-0.0388870571060468 0.0898314617173248 0.286866820174222 -0.21979742836702
-0.0502590326699673 0.0877569436655248 0.295072518528656 -0.199244781501259
-0.0645561981959089 0.0630598709696203 0.274381010995689 -0.113978845373908
-0.103523775424001 0.0331867319277266 0.187668302525197 -0.0156270825213865
-0.127258541741399 -0.0502520321096364 0.048910070976616 -0.0647420848168926
-0.0575004149082922 -0.117634655879345 -0.00198097196307755 -0.176563696376758
0.03282742940181 -0.102398967132564 0.0373214560063495 -0.347736749867932
0.0798657178978916 -0.0618810403325379 0.188728100364684 -0.505704024129312
0.180891536958909 -0.275020145435352 -0.0555447466357814 -0.373591072672292
0.0986573751991669 -0.291178664601843 -0.0864665606431993 -0.257648800219885
-0.0728157732263674 -0.306925917324319 -0.0516413822287533 -0.0152539783890448
-0.197628584542259 -0.184467256630465 0.0164186790513156 0.0765998827148171
-0.23224216147479 -0.0208727617913279 0.177968245925775 0.112517853540756
-0.186121505559015 0.0632384348270928 0.279165108487137 0.0117080484877921
-0.176083320819762 0.130099901513457 0.289102729523249 -0.100908480829071
-0.152736956989053 0.167911218074393 0.251697781528016 -0.169664933449602
-0.170725577522499 0.17046529254101 0.250653055404627 -0.165783274453734
-0.187316145469054 0.103504293087053 0.220456486629863 -0.084787623710244
-0.238540836558668 0.0417950093675481 0.140000644048495 0.00615708554459892
-0.266370124175271 -0.110245752578235 -0.00571776980277314 -0.0530033301015141
-0.178596875597228 -0.245730444037673 -0.0465439142553222 -0.178368883678287
-0.00386715133728537 -0.274968026067319 -0.00622688347642542 -0.346958792397115
0.107066281557658 -0.26246103316735 0.139470474927061 -0.484787770459171
0.208974853920928 -0.429731993338834 -0.113355978247869 -0.265952386179931
0.116137951876248 -0.43555968369171 -0.109851853519379 -0.195817155202742
-0.0935522597528063 -0.461882131603761 -0.0771634917576927 0.00134163303424785
-0.268263311431438 -0.311684229967789 -0.0272892191607356 0.0878535329077654
-0.354060014737502 -0.0896387956802897 0.123336111997336 0.132287749954665
-0.306671610027535 0.0504362203954014 0.203071489273195 0.0485039353895346
-0.289251014585319 0.155614570773107 0.212431575811861 -0.0333596248370462
-0.244129290568512 0.221576644101437 0.177428287716763 -0.0942982053061992
-0.260220303556505 0.234371119488285 0.173413616957875 -0.102086266265004
-0.278635829362462 0.143650656734041 0.141805671080777 -0.0348216596437826
-0.343866818033454 0.0661386230397196 0.0783025819989418 0.0377560268453254
-0.383538109642061 -0.133705293993708 -0.0565945970823327 -0.0227019221775489
-0.295602295135801 -0.327240192980226 -0.0818016273209967 -0.149925396587251
-0.0587852750080621 -0.403885638302433 -0.037538860273974 -0.294711375563026
0.106317727903523 -0.424713361943665 0.0888765743406361 -0.391713147670442
0.204888085416941 -0.530380265951314 -0.180347977716001 -0.110003967132585
0.102699718863419 -0.530710851143474 -0.138648256429409 -0.0874850309182669
-0.122811647626856 -0.558601215869976 -0.0936766415107262 0.0334536318100479
-0.319542670903322 -0.391269608092035 -0.0657376446087811 0.0896571186772455
-0.433688009997377 -0.139597400369613 0.0455277298463267 0.126376995531578
-0.384059480467845 0.0348934518424555 0.088634931168245 0.0729593195795649
-0.361461282732254 0.16015692233627 0.0982288496223259 0.0375815040015113
-0.298728566473099 0.242283974573537 0.0777056786753388 -0.00328337727852351
-0.311283328837678 0.263730689716793 0.076308674566919 -0.018673949141756
-0.3298769069691 0.162494553547292 0.048601773545115 0.0317935567875293
-0.398638893214228 0.0823305605133681 0.00806069544155419 0.0766509779862123
-0.445141893776563 -0.137608326020215 -0.0964898324135251 0.0171904189170528
-0.365199820315522 -0.356754690938713 -0.0974659970004456 -0.100932455518089
-0.106973729112666 -0.468345975786776 -0.0394037689933904 -0.200063916113687
0.0864890867141095 -0.519681107306497 0.0527353590910379 -0.243574527519581
0.16018618047779 -0.554059110431572 -0.238999546473587 0.0753333562086549
0.0558924498449696 -0.547902135530767 -0.161424802240842 0.0522736427860534
-0.147113590680406 -0.558976833448594 -0.100880524589877 0.0746195295047885
-0.327033431983474 -0.392956389113444 -0.0968987529852571 0.0847266796840896
-0.437463268419837 -0.152151568840253 -0.0457473390883847 0.101881339630302
-0.395602648836469 0.0195707893842513 -0.0473903050319782 0.0873507916736528
-0.374171441932816 0.141469473368754 -0.0354876006479956 0.103317146138977
-0.308762826580766 0.224694220391598 -0.0337406571754735 0.0882871176674253
-0.318543993343034 0.244659294522905 -0.0281916814956784 0.0705995706940009
-0.333733574301877 0.142062567334551 -0.0495315737421085 0.0994510640325585
-0.389156319400869 0.065004182398582 -0.0653519669955455 0.107983945127549
-0.422248769091886 -0.139199143112446 -0.123704436947139 0.0501497844597145
-0.354841146837375 -0.342614696713465 -0.0925186583406705 -0.0488466253776013
-0.118512597537618 -0.455250203814659 -0.0156894477891587 -0.0850209917313873
0.0644701988620694 -0.52757361693759 0.0309465993321188 -0.0665161386607396
0.0859210667652813 -0.489559135909499 -0.271177023211161 0.257840873439642
-0.00928903120871962 -0.463309467036019 -0.163772294301876 0.194048195000077
-0.153540877439707 -0.447267714951239 -0.093759144063048 0.113397672853173
-0.273468026294585 -0.306715661906953 -0.112804294281579 0.0746108820063879
-0.3573943407302 -0.126395703258502 -0.129289870566971 0.0688453639335544
-0.333561712193296 0.00723186051538319 -0.174268619924153 0.0953082654939109
-0.324029420261191 0.104161242711009 -0.160825447891528 0.156443562431445
-0.271374149881263 0.171856295761442 -0.138294574626163 0.164557695247694
-0.282680863839052 0.183290427736641 -0.127745059740292 0.144662974748065
-0.292832814420511 0.0871362874291761 -0.141046628017596 0.14423370908209
-0.318536334827439 0.0167729449519461 -0.132764870510907 0.112960994968046
-0.318398686383535 -0.143171723825106 -0.136548385473918 0.0606027509100685
-0.265878508961531 -0.288624928306714 -0.0736678890727375 -0.00850355120812058
-0.0896623303321042 -0.372096975613616 0.0164956540527805 0.0249887454955882
0.0416738588328735 -0.45070627790606 0.0187314916867927 0.108098863015416
0.00059195501933286 -0.346574266560762 -0.26613161026216 0.405621527938923
-0.0680299191832098 -0.298008154354612 -0.13848064095071 0.310510603330539
-0.120962167087282 -0.255943595905427 -0.0699610290411342 0.140979475695985
-0.165731116626765 -0.171530635410506 -0.105116647732624 0.0635872204675586
-0.214912550645792 -0.081288661276597 -0.182787058829148 0.0372327157180591
-0.214341047688475 -0.00643068125899059 -0.26487575704717 0.0983550027806142
-0.221301147841239 0.0499832520674899 -0.256557559018214 0.192496998901129
-0.193367213851482 0.0926563639252464 -0.220786811595381 0.216328623845011
-0.206398919640856 0.0926262311828821 -0.212201913499501 0.189396688905227
-0.208932969148113 0.0189054061791142 -0.215964703644559 0.150764708729572
-0.202450325683309 -0.0357039235355369 -0.18422219495656 0.082439104438108
-0.16798932523519 -0.126878784583373 -0.133175393097426 0.0436612083299085
-0.134814868977408 -0.190477113476834 -0.0503348029268064 0.0149199541071862
-0.048805580183008 -0.232079805644698 0.0400452272620583 0.115042297785884
0.0127943677877451 -0.306180560968613 0.00760302210319159 0.252613023380396
-0.0729049736215563 -0.147176032715188 -0.224166143064156 0.493504554170022
-0.0945693769735753 -0.0901924500335044 -0.0876289588892888 0.384760496275026
-0.0552403262400276 -0.0468578500819977 -0.0293228862993115 0.155526752426579
-0.0300335434263561 -0.034705289024867 -0.075090426546706 0.0507368023663654
-0.048359137594299 -0.041199051619583 -0.200376868088504 0.0106838469781792
-0.0694112571953411 -0.0295546093857125 -0.306924507592678 0.0962740550014201
-0.0873109772253692 -0.0175353882997761 -0.306505151544703 0.204410627573277
-0.0858686297379995 -0.00103147098654542 -0.269403183105628 0.235683135383481
-0.096701855885327 -0.00311218769146494 -0.269572150955999 0.196153867031275
-0.0931186380145093 -0.0368056326042674 -0.263141314377597 0.121880713899174
-0.0631593791338151 -0.0599058298640782 -0.209117838495032 0.0255380863810393
-0.0167303892432699 -0.0700429922547852 -0.112766903923871 0.0110505173804863
-0.0159436481094853 -0.0538141842539898 -0.0266227719182054 0.0270937383614339
-0.0279016016052572 -0.0656590238773732 0.047334908744566 0.1778324154424
-0.0291283743177686 -0.124622093203611 -0.00255384018135074 0.347489209097402
0.126240623327579 -0.095111839407616 -0.0432105985541826 -0.420364961376133
0.0651335520036599 -0.126280412067767 -0.0896147343575245 -0.269189122323636
-0.0482413330611622 -0.124044214909994 -0.0217415776427118 -0.0249179801774533
-0.107453364381263 -0.0454580928758529 0.0628502144902654 0.0463057045863791
-0.0850948919290814 0.0409416427379824 0.212222166642293 0.051574551326442
-0.0460934841449193 0.0603976229024804 0.30623946612116 -0.0582282052639036
-0.0383160440935943 0.0816879376022112 0.304126804817211 -0.176933354357426
-0.0317264327576733 0.0914851871782834 0.269332590642672 -0.236121303013303
-0.0431970913540305 0.0908562838986574 0.279966398189779 -0.217749528812369
-0.0594218210741617 0.0670411997334666 0.265751343214398 -0.132238707796764
-0.0999838592248198 0.0400602338449675 0.187819754575852 -0.0283190678159711
-0.129651008572574 -0.0400865737647615 0.0438176767289698 -0.0660858718033897
-0.0654162856976408 -0.113172828234272 -0.0137569107797952 -0.173492263566459
0.0271046185096013 -0.103123595751893 0.0160910146705694 -0.346888446949443
0.0747594997406705 -0.0659883014484026 0.158468538983365 -0.512544439828079
0.161037396921321 -0.284480804598325 -0.0772344476299417 -0.368424530944657
0.0804533254981181 -0.293913318070353 -0.102370802707806 -0.250302340827282
-0.0908135285124638 -0.299028719355857 -0.0520296057086368 -0.0147275652549014
-0.206179587226823 -0.172785082738491 0.0194168934622489 0.0735484114876696
-0.230416693247323 -0.00767444104052313 0.186076769694793 0.0989290583790601
-0.183026018403964 0.0723700751069997 0.278919537081214 -0.00794017940873944
-0.167828564804748 0.140136363404397 0.280704360802011 -0.120202512841731
-0.139847933849604 0.177314831979986 0.237676842152885 -0.184611783721277
-0.157439986120957 0.181628060753943 0.237530283752816 -0.181459581992181
-0.180096805081332 0.114253352127444 0.21467980278634 -0.100716381716221
-0.233801033230166 0.0578531458632133 0.141690070539315 -0.00462119841107259
-0.273055815702974 -0.0924939648331825 -0.0101448896265339 -0.0501190489469895
-0.193692691271006 -0.233163749404638 -0.0577738476898938 -0.174853477749187
-0.0196094124882394 -0.273438093357236 -0.0282054480362801 -0.343823246982069
0.0891247085323603 -0.268527578900985 0.108878291060346 -0.488298423068682
0.179434560245218 -0.441235617966201 -0.128408576495968 -0.258210960559473
0.0891470193540777 -0.43762881396013 -0.120124662210012 -0.187470750977297
-0.122662990610746 -0.452205889213896 -0.0762401791148029 0.00285050898403159
-0.284323347751965 -0.295347563864062 -0.0237054788671904 0.0863800208970445
-0.356560980947212 -0.0671872739275843 0.133337613813057 0.121583529250372
-0.303930024896746 0.067499992798385 0.206072330522129 0.0345398698827864
-0.279407248015311 0.173836496319323 0.210108363045447 -0.0491897950998168
-0.226959476890134 0.237256081313578 0.169601788816267 -0.1050914750868
-0.243162346194806 0.25059215758514 0.163620283931348 -0.113584323671513
-0.27006111136486 0.159229441695103 0.138977830836359 -0.0453129884602421
-0.337486279484422 0.0881290351816044 0.0818639408253204 0.0310681387585437
-0.392242390907918 -0.108992313093019 -0.058179130520098 -0.0173426502201933
-0.315278922873779 -0.305954860051391 -0.0924503132480587 -0.145748528211911
-0.081960647685636 -0.400251286181386 -0.0558871569011057 -0.291492927575778
0.0776619456258807 -0.430362827813905 0.0652091603788714 -0.3940007175334
0.167657625260844 -0.541284210444885 -0.184870905357801 -0.098280785884957
0.0700019100735911 -0.53411238719298 -0.141493177438895 -0.0782489909865603
-0.157622049367996 -0.547505947720219 -0.0906142048977243 0.0354025472616752
-0.341979591100155 -0.371803560216056 -0.0613757394894429 0.0908697097224241
-0.439264959029083 -0.110743673721341 0.0558238409896473 0.120539045683711
-0.383598922850256 0.0581548572725101 0.0934666650848218 0.0668751291668564
-0.35046340694355 0.184055445207459 0.101281132832904 0.0283945344123502
-0.28087242055975 0.262230747668722 0.0763548752892414 -0.00933112005512064
-0.291814229970626 0.284379543611582 0.0727052144964286 -0.0244972941277767
-0.32003815497145 0.18114496341921 0.049638543441891 0.0273838827707583
-0.390892869171279 0.10632968736809 0.0135048506343859 0.0734838532056508
-0.453437848781188 -0.108768396946109 -0.0957520931599773 0.0256663762897208
-0.385951647909502 -0.333739757286239 -0.105419504830383 -0.0967487079112454
-0.135325671718863 -0.461662883176857 -0.052221840348249 -0.197052089394225
0.0544058869441716 -0.523918616359616 0.0377801394834357 -0.245016628030434
0.124688212973082 -0.561759753079027 -0.232035903004082 0.0881748407421583
0.0230614839884167 -0.545233700022148 -0.154194606222826 0.0611676854131084
-0.184252805785468 -0.54598061294379 -0.094144215683024 0.0772152165280109
-0.34855529752643 -0.373292407563758 -0.0925456007449102 0.0870213906263361
-0.445344081447341 -0.12253968802192 -0.0376476339185841 0.102226845540963
-0.394871697692224 0.0443598535494863 -0.040855648260625 0.0911794399896925
-0.36509067445439 0.166955971002751 -0.0261657990351579 0.102037768942927
-0.292339133518021 0.245429694810037 -0.0275764774590255 0.087931229019134
-0.300594273285907 0.264928205883823 -0.0250944633789733 0.0711415724666881
-0.326582898494188 0.161724680138498 -0.0434690253117014 0.101441939188957
-0.38339556275891 0.0892227683484538 -0.0579228012700409 0.110325359483429
-0.431300350076965 -0.113783634995838 -0.120174155802067 0.0602724862781631
-0.376249683845433 -0.318922031859799 -0.0971596900351085 -0.0450761535720176
-0.146028882750015 -0.449387124785341 -0.0217241875342153 -0.0855447150579419
0.0301734478239589 -0.531861650241329 0.026573643356846 -0.0671372523981388
0.0549877135221828 -0.495731970197394 -0.253047222596444 0.271649790967813
-0.037066780496316 -0.460976829006214 -0.147918200063259 0.202516943732313
-0.181047878897301 -0.435850610930536 -0.0854681119443126 0.115934042589947
-0.291786138316004 -0.291775068690127 -0.10844879685656 0.0785284068687239
-0.364384407940831 -0.101658864457555 -0.123469885011382 0.0756946705293408
-0.333814513386165 0.0285529800037859 -0.167021436617628 0.107838000395322
-0.316632309424836 0.127688392415567 -0.147662524234048 0.163817985108744
-0.259406168447763 0.190926930583401 -0.126802320145447 0.170570455712899
-0.26929837114477 0.2009170837857 -0.118719649511949 0.152115428044529
-0.28846688724463 0.104893472902213 -0.131424503129263 0.152894798049822
-0.316724502759853 0.0372930840727232 -0.125362950391714 0.119755828130302
-0.327881805971159 -0.123957262831634 -0.131763752730772 0.0702971010422505
-0.283135354631677 -0.27075250327855 -0.075941169061761 -0.00607012394311344
-0.112689514194473 -0.366332561653547 0.0169674004917226 0.022135245282799
0.0127226343309842 -0.452452911048494 0.0248697528532246 0.106826300954857
-0.02006848762348 -0.347535003817204 -0.240145727552261 0.418223225417218
-0.0843588671505092 -0.292575827978925 -0.115872562741489 0.316480641928378
-0.137092068645055 -0.248423200608381 -0.0601253905371107 0.14291765771033
-0.176166243455296 -0.163537863052468 -0.101421017424876 0.0676158106654011
-0.219445301381826 -0.0658229530264332 -0.179998406779268 0.0482081628445439
-0.2156211186321 0.00709812470346756 -0.257532247403376 0.116921312513881
-0.218041628109033 0.0668094974183848 -0.240181388421021 0.204672151076924
-0.187229614137302 0.106269404377461 -0.205728900726267 0.22698932497265
-0.199568177912632 0.106636763987499 -0.198443565973202 0.200720246200073
-0.209585141998597 0.0317232825165058 -0.204943995737967 0.164039982447965
-0.204198157326232 -0.0226108738932449 -0.179024066579443 0.093699335750171
-0.17659200693311 -0.116918369050221 -0.128945293889852 0.052247526797008
-0.14675171771704 -0.181365344471685 -0.050861834742933 0.0159579767171695
-0.0637330602139152 -0.229769188727037 0.0461602538736919 0.11023488528306
-0.00637195535770936 -0.30720411422963 0.0220510502784076 0.251056727876189
-0.0801975052748064 -0.144579742738442 -0.194273428378914 0.503726730868125
-0.0986859001347043 -0.0840514080607331 -0.0617145888284245 0.387127666991497
-0.0581373764065195 -0.0440360473010508 -0.0189910336551503 0.155761799572833
-0.0326121388394446 -0.0338205204992518 -0.0720315204940941 0.0536054343238232
-0.0508908487828087 -0.0370765365397414 -0.200346748901692 0.0244904187668814
-0.0714786103967116 -0.0244831090871515 -0.299194894463048 0.118113204275638
-0.0892087169880168 -0.00994688038682483 -0.289607939699798 0.220845870214914
-0.0867194629023216 0.00628002337490437 -0.252007210379278 0.248593172613654
-0.0973722271876935 0.00447008629735817 -0.254990268534817 0.210995335437924
-0.0971836341967045 -0.0298615430271262 -0.253544454074329 0.138706873097174
-0.0678406628408852 -0.055677369469618 -0.206707546460846 0.0394501080913888
-0.0228740629516119 -0.0695854975391718 -0.110267181987404 0.0183670096417277
-0.0201258306876149 -0.0529877643446425 -0.0265504067287865 0.0278353900359572
-0.0327319657106231 -0.0647110460345485 0.0570970230665518 0.171949133675051
-0.0368275571660693 -0.123450781935376 0.0170968441131579 0.34703743520369
0.11627317344161 -0.0981169578942264 -0.0641297254595111 -0.408614927892015
0.0568325948026228 -0.125477926674825 -0.10282969817787 -0.256899263917514
-0.0533338216410665 -0.11723744223093 -0.0220940250643527 -0.0241555392219258
-0.106115398136481 -0.0389402396253756 0.0635165498035851 0.040670707788154
-0.0798136162624902 0.0430095926006084 0.210510560410282 0.0363856467356865
-0.0419894319271648 0.0598187704796877 0.294907160323691 -0.0759030794001117
-0.0325959264101254 0.0811704655501295 0.284670822714869 -0.188740766050666
-0.0246574098719705 0.0903800712498191 0.247755055472389 -0.24317098683709
-0.0360924814373255 0.0910547491219087 0.259039217115376 -0.228046246637297
-0.053670430879852 0.0677229816586952 0.251632851494485 -0.145455738478475
-0.0941705668023789 0.045011685279044 0.182993335536983 -0.0395302458086292
-0.128276850294855 -0.0303058825670262 0.0382580920563854 -0.0650640469155774
-0.0703734945458951 -0.106375951323755 -0.0223577542323041 -0.166698340670117
0.0214818948141209 -0.100951519429535 -0.00289580212597266 -0.337126856861631
0.0684082768645229 -0.0685884163197314 0.126095957226266 -0.506296303390214
0.139470284414158 -0.285159839142574 -0.0949959215891613 -0.355371487346861
0.0631461088462497 -0.289546463944655 -0.112972251379443 -0.237854603346409
-0.10486227315979 -0.284438192834093 -0.0512106892481729 -0.0141209592394649
-0.209258330575158 -0.157617404069693 0.0222244126892817 0.0690124826917973
-0.223910988964451 0.00414263766062921 0.188170631522431 0.0831363941771365
-0.175574396968878 0.0791135445653558 0.271802864264933 -0.0256601403192099
-0.155384221506123 0.146049032371475 0.265276116866388 -0.134072746411428
-0.124648205050881 0.18098220568388 0.219355651519527 -0.191742872451875
-0.142115391729632 0.185985594449131 0.21924341935864 -0.190044042137613
-0.170110247494967 0.120507481308988 0.202810616132911 -0.111626418804077
-0.224230051223796 0.0697260038819981 0.139348698622411 -0.013727121695267
-0.272065083818011 -0.0732040654610154 -0.0129679911703307 -0.0459680804243894
-0.202663209357872 -0.215423583481695 -0.0669755206709204 -0.167309487133215
-0.032882549817362 -0.265644531985933 -0.0454588910888299 -0.332665050533637
0.0714897312780912 -0.266599060527189 0.0816996718660688 -0.481092109061849
0.148516466862072 -0.438947535661815 -0.137721061703356 -0.244629826685018
0.0640534522283917 -0.428852008573318 -0.125679021911191 -0.176215819515453
-0.14440570820019 -0.430306406562056 -0.0731346209116838 0.00377213710298617
-0.292166414764177 -0.273547320268869 -0.019993983766408 0.0835909302334757
-0.350454771842914 -0.0464755028732195 0.137857188935697 0.108113671190819
-0.294977898881551 0.0813922765438423 0.203155164405436 0.0210843793104719
-0.261962471390832 0.18606531622911 0.200544923599653 -0.062021089462471
-0.206640553847728 0.24468761543195 0.15783205674457 -0.111498124624869
-0.221922397593341 0.259930178197206 0.151745997040856 -0.120100417480911
-0.2553511579007 0.169951452550437 0.132386477000492 -0.0534786138288857
-0.323087374817188 0.104645917700656 0.0827127577281255 0.023292091162166
-0.389786195285389 -0.0835699406234967 -0.0582039535366577 -0.0110881656668688
-0.325154552219445 -0.280120596400488 -0.0994844908518915 -0.137579710533275
-0.101694813096048 -0.38661542846641 -0.0707473933377788 -0.280168641176478
0.0516425199858021 -0.423576523818331 0.0431954323698192 -0.38700346170608
0.133487451428361 -0.537444797153123 -0.18426082394626 -0.0872036785750698
0.0407257169240392 -0.520655272975893 -0.139224331774872 -0.069135673273808
-0.184103737159376 -0.522117312689187 -0.0858011965605162 0.0358816601053183
-0.354040353124006 -0.345274596912716 -0.0567462023937964 0.0891774615316881
-0.431995928103074 -0.0837063556094219 0.0626658422565119 0.111108502040824
-0.373568466681069 0.0763235061101455 0.0957458869705628 0.0600857371136594
-0.332241684526373 0.200663259816373 0.100108614293368 0.0184148113569096
-0.25667822180753 0.273197616180673 0.0730935907156951 -0.0139422171679078
-0.266813437541025 0.29447082833175 0.0675866422944656 -0.0278603772559242
-0.304725103787115 0.193868896015613 0.0498582230721825 0.0232477943955657
-0.374652368664701 0.125965877064034 0.0176035804821797 0.0692860770810631
-0.450829866368246 -0.0805232886976415 -0.0919007944739155 0.0321641109891492
-0.396356457185102 -0.302609316033691 -0.110236922219344 -0.0896263843522828
-0.156693261371672 -0.444057394416887 -0.0627846806229839 -0.189882614826167
0.0223468574564821 -0.514959134967567 0.0239161588501433 -0.239665289878753
0.0886370832831943 -0.557359774902505 -0.220611993227453 0.0976622548948359
-0.00608494655880158 -0.531539724814621 -0.144537770682964 0.0671823892504471
-0.210524474086583 -0.51988159684429 -0.0870652308376045 0.0772903785939371
-0.361990731862021 -0.347627920601561 -0.0873693946602849 0.0876905593800528
-0.44029058757836 -0.0935062957523 -0.0294431205177038 0.0993380890957252
-0.386642318369287 0.0656109339723455 -0.0337423268195157 0.0922738386949107
-0.347798763645007 0.186008235065573 -0.0194572152990219 0.0974903724660218
-0.269282576629825 0.258099284097047 -0.0224416954310149 0.0858418997973849
-0.276419220764236 0.276640065165468 -0.0219432196349606 0.0705988157506917
-0.311008619627086 0.17609225879281 -0.0362738048540198 0.100953589998427
-0.367767106714459 0.108717675358047 -0.0503585962618217 0.109529825343685
-0.428004364414812 -0.0873398698975824 -0.113734040709877 0.0669273988227279
-0.384133905931926 -0.289222729811294 -0.0996711339780414 -0.0404331909293598
-0.165781477244058 -0.431537370740047 -0.0273357992505335 -0.0831347402345173
-0.0011372510710323 -0.521674103615566 0.0223712880260187 -0.0659194133867268
0.0252599604484394 -0.488086201979272 -0.231397281741879 0.276733444147898
-0.0597916703145663 -0.447070148646242 -0.130668246560493 0.203936981163382
-0.202389083283148 -0.41258100897856 -0.075698300234265 0.115179136431773
-0.30147009420082 -0.271499201680838 -0.102915201901764 0.0805952543238048
-0.360835515334897 -0.0772939734689601 -0.115394412683552 0.0792123293504615
-0.3261824644755 0.0471737243527169 -0.15537241799365 0.115968707283926
-0.302878158428244 0.144976994022471 -0.133095762298809 0.164633666182127
-0.241515256980406 0.203427560290967 -0.113396764452424 0.171495047618299
-0.250176001957605 0.213143045038 -0.107811998662041 0.153827890267416
-0.278058512047269 0.118927370476744 -0.118734891667691 0.155754401989858
-0.306512994915541 0.0537056978372571 -0.115671787345747 0.124118012773306
-0.328180387415998 -0.102842532323933 -0.123529019866586 0.0769429759884794
-0.290739589325491 -0.2473239605648 -0.0765955032771084 -0.00343348089638354
-0.130522727762301 -0.352339821737957 0.0163509882095804 0.0191903513508505
-0.0144229187106094 -0.443835382729447 0.0299008317930006 0.103788471814518
-0.0386224407544325 -0.340176627328011 -0.211901826951513 0.417866381676433
-0.096969216756532 -0.280573504666084 -0.0930259327856079 0.313387493713044
-0.148250552668962 -0.235059043208711 -0.0506585573352695 0.141129492050645
-0.181810513832517 -0.151550637803485 -0.0961965586032076 0.069959457112225
-0.217618680815136 -0.0513035651522291 -0.172969529262853 0.0568010930306076
-0.211762246862103 0.020388842188364 -0.243262568830235 0.130499725352347
-0.209622872964315 0.0806991886237843 -0.220364884238811 0.210861202543551
-0.176529978085261 0.116291688998305 -0.187384245471812 0.230307657389715
-0.188992478961302 0.117152860646464 -0.182770263522614 0.206028769611262
-0.204953050804297 0.04384583776655 -0.189941740264173 0.171584833400714
-0.200471082677711 -0.0103391852816714 -0.168858690235506 0.101770618749938
-0.180254424576498 -0.105162402106938 -0.121808613981084 0.0588201790845199
-0.153766568283885 -0.168664042535858 -0.0512845305312916 0.0170472839502989
-0.0754553731215147 -0.221603833963048 0.0497034412296518 0.103530410085454
-0.0238306560477642 -0.300955452363833 0.0348362028717618 0.244575286653214
-0.0850258866134811 -0.138496641218337 -0.162747828184287 0.498035804047041
-0.0996491508602408 -0.0772702252542032 -0.0371952180946203 0.378207040862407
-0.0590049866040026 -0.0409279623910226 -0.00982717499598091 0.152201950837728
-0.0341826136896523 -0.0320674939005519 -0.0676554488393765 0.0549127218247049
-0.0512818354929444 -0.0324440895878858 -0.194986668572383 0.0347147567881476
-0.0718415349082204 -0.0190492692231426 -0.284135221075613 0.133643415093755
-0.0883134832220552 -0.0027380360700381 -0.268231701854849 0.230153622398954
-0.0845177068352514 0.0126586641313301 -0.230777404653007 0.253459628050132
-0.0951207195808494 0.0112736799194851 -0.236212639962933 0.219238232405994
-0.0975945022380944 -0.0227864990989889 -0.238068467247082 0.149569454235723
-0.0700349965424973 -0.049976649124295 -0.199349674566217 0.0510828016854959
-0.0273312686641124 -0.0673584246563449 -0.105326270937867 0.0236063522948185
-0.0232885398185257 -0.0506608356032807 -0.0260906058486474 0.0279506802773678
-0.0358101642575483 -0.0624444464576901 0.0638819324418715 0.163647360430548
-0.0431966375001107 -0.12021713574671 0.0355057805099405 0.338717732663991
0.0691501650649841 -0.131323936409865 -0.191985239378466 -0.347351598054777
0.00600249764769079 -0.135660193847468 -0.174171778412263 -0.195317226166546
-0.0882577300071597 -0.0884601481126098 -0.0211131669657909 -0.0177224020505708
-0.108539575850487 0.00190677472103633 0.0750052754307334 0.0110377372712033
-0.0561672676835356 0.0638985924611018 0.203960728642106 -0.0411743831452002
-0.0157359270866403 0.0659545384131951 0.239885836735881 -0.172679487630119
-0.000387060054344419 0.083657595160694 0.192841491743217 -0.272598164359744
0.00895016248078315 0.0868577661055714 0.139395286382768 -0.302674964569093
-0.00106094490957538 0.0933495955685155 0.157874439545124 -0.292191847200131
-0.0276084684710103 0.0777816380893845 0.180813799383931 -0.21616281603081
-0.0688018499107637 0.0723691232965174 0.154286789259276 -0.100402732777099
-0.12560749211546 0.0152288776851313 0.0172349060228582 -0.0695336408512899
-0.0987251118421319 -0.0728648472250099 -0.07278635733666 -0.140853557248297
-0.0133696434387123 -0.0963440348982302 -0.109911586999675 -0.304732780885023
0.04141851531708 -0.080930300273617 -0.0397596642688598 -0.495113288245206
0.0240013271807226 -0.313263912189969 -0.196979528963852 -0.284007705432681
-0.0459928101443857 -0.287710622809037 -0.169914147788451 -0.170820265401585
-0.193275956424969 -0.22121623022302 -0.0342702326392196 0.000387110407517155
-0.244131369897496 -0.0684075909274159 0.0535136542380569 0.046136798383547
-0.199388373655168 0.0776459299300475 0.202303233440547 0.0033378428441391
-0.131390773639915 0.128637756670237 0.237383048270465 -0.12299453222947
-0.0926895562747833 0.186483128370113 0.196920469637375 -0.219707634121696
-0.0517994180229294 0.201305671984526 0.129941588132818 -0.25029973907288
-0.0659174191621133 0.214133179516739 0.133518416165038 -0.245863935709733
-0.116518222808049 0.164608268818175 0.149170297371602 -0.171831396467562
-0.178581515064349 0.136501728515774 0.124739514118015 -0.0658629879384543
-0.271003837870798 0.0231796101463984 -0.0204010998101996 -0.0360191516171173
-0.254650003554752 -0.130190545979889 -0.113487841116988 -0.123763193564694
-0.117082644611213 -0.229253479414186 -0.149634737414353 -0.284974434076456
-0.0185859399304001 -0.265460677894501 -0.0787984395329933 -0.455127826889914
-0.0209585642231286 -0.459639264210232 -0.194686372341945 -0.165052417414135
-0.0941789411571244 -0.41760529567975 -0.154808446314581 -0.106273941077584
-0.280188327076818 -0.340336473124524 -0.0397835196800365 0.0238715197671188
-0.363075359311254 -0.143421910112354 0.0269590005225512 0.0705533715691662
-0.329939892585276 0.0750919553197165 0.168344703119986 0.0367282077518335
-0.238854519974946 0.170833725899433 0.192233969808232 -0.0621377666886705
-0.17874414500656 0.260492742909572 0.166187357841221 -0.135256742953434
-0.104646474912123 0.285896136568346 0.100856591088873 -0.15959372359889
-0.113328271010845 0.307173302911726 0.094082742804245 -0.161613428494748
-0.179184267738771 0.237953252416204 0.104962081749366 -0.097720256268579
-0.257443563280089 0.201581207163057 0.0862171692868335 -0.015369215082709
-0.383264485007488 0.0523141809475055 -0.0475196282991251 0.00970818274087725
-0.38593140354192 -0.149279333023111 -0.133182931677126 -0.0851279604966891
-0.219158413878219 -0.317870848799927 -0.157178476665941 -0.227379661110759
-0.0878178283014039 -0.407258270803957 -0.088430423588842 -0.355390553641227
-0.0700163374566707 -0.544243465691507 -0.182057954584833 -0.00398220468871717
-0.147358182072759 -0.492549691755409 -0.127198781492739 -0.00260102540502856
-0.351249708599542 -0.408744114027954 -0.034076921439518 0.0573131801398
-0.445173091412312 -0.188106056279816 -0.000219325469586063 0.0859952138436847
-0.418404790885268 0.0702591155483911 0.102921100509909 0.06129173208519
-0.313581289829739 0.192587417857004 0.109249016864198 0.00782300244619594
-0.237991568851223 0.299382420695285 0.104484288908845 -0.0294927348285333
-0.140934803458994 0.32903157855508 0.0571842022485683 -0.0452685027327387
-0.143107658947551 0.353878525725663 0.0480197356749104 -0.0511354597399289
-0.215893969150029 0.276088800262921 0.0556359930832692 -0.00253777992226766
-0.29763787217983 0.236314978778664 0.0433879390168247 0.046574214575132
-0.438569007283356 0.073721152834104 -0.0631939640691195 0.0591214381895418
-0.457976846858106 -0.146516931809249 -0.127005805073542 -0.037158807621775
-0.289226950468877 -0.353472224998968 -0.122350912171069 -0.146299724855798
-0.142621310046307 -0.480751179532671 -0.0631036622530347 -0.21461085754423
-0.114638610104833 -0.54686994728579 -0.15325848473125 0.175760931650037
-0.193984500787798 -0.485962763635255 -0.0852617690532885 0.121863729989513
-0.374074501965835 -0.399296114530307 -0.0211498108257442 0.0941250115829571
-0.454319228502106 -0.186360794612084 -0.0282010292014333 0.0943158083624496
-0.4282685465432 0.0630656347151626 0.0155636196998092 0.0806487081567415
-0.329838053643433 0.187712069812676 0.00350255980365165 0.0805568428479578
-0.258011379102907 0.29325320175388 0.0241485707199825 0.0826970933737411
-0.157125430421004 0.319843430156363 0.00489779471037865 0.076220582695755
-0.158143467834908 0.342883471933273 -0.000358724716698729 0.0671842077177261
-0.227484500824026 0.262821430166941 0.00286959445267103 0.0956520897743948
-0.296219968972019 0.220012717041124 -0.00475836273700097 0.106575412740169
-0.420652127430158 0.0609942371224509 -0.0715152961640888 0.0972068601395347
-0.442626772460355 -0.138280319196469 -0.101377498002466 0.00402936356995767
-0.293414486247413 -0.338306965384557 -0.0563837608594987 -0.0602215668040082
-0.166968516411324 -0.48073006812344 -0.01149700443133 -0.0560984017760421
-0.148386251902136 -0.461965550341557 -0.105922295944161 0.339584545944
-0.212523244196089 -0.389302888033828 -0.0309316492084463 0.237846471432006
-0.329033741715292 -0.305893183731095 -0.00489409231114862 0.12456163956072
-0.372966317220146 -0.137396441739776 -0.0492736759514686 0.0949638302179106
-0.35325553628121 0.0520831790910391 -0.0715518713770019 0.0940179281354163
-0.282440628334283 0.153013064380166 -0.0993206010850348 0.146347524591936
-0.231320885447929 0.240590131866063 -0.0572433896339753 0.184690528444326
-0.150938357182911 0.262429573367099 -0.0473268065125246 0.184769036429887
-0.155561208332349 0.275641424327425 -0.0499820572576421 0.171144538088011
-0.21528572137953 0.20050952438742 -0.054027594686141 0.174306508509291
-0.259801820638541 0.149110267608463 -0.0592568232993041 0.143162111479301
-0.334218952079913 0.0135525959273639 -0.0797311097337319 0.109829059899929
-0.344364267446101 -0.130113399337512 -0.0701078981553655 0.0287221276858852
-0.236563522864241 -0.277823844211257 0.0158303973259415 0.0177679924517428
-0.154819456574736 -0.406595452065135 0.0484531280469081 0.0939947321529643
-0.154313718744895 -0.301509879511575 -0.0458790592009896 0.457631760232395
-0.185457495924867 -0.222107708843643 0.0325252726821513 0.318673815101821
-0.217912510803592 -0.161932728717384 0.0163074775750902 0.140563100741877
-0.220890007373569 -0.0720806407145564 -0.0550477068788742 0.0874407688688497
-0.215598282048148 0.0279852599272509 -0.135059539004382 0.0991487701139491
-0.188438772041994 0.0905489789432349 -0.174559746981051 0.193457448802506
-0.167878076305449 0.149400674753755 -0.122953088129253 0.259868598891209
-0.120670943265376 0.164635160569106 -0.0930029576786556 0.264547866705036
-0.131649406769589 0.169527983910141 -0.0990144493844862 0.243126504933713
-0.172210196223594 0.108647168030404 -0.113205154469119 0.213706358739076
-0.186357571396487 0.0560171522347646 -0.114523450380711 0.144467217835358
-0.200458637826253 -0.0367321591226827 -0.086590075060972 0.09260451521733
-0.194295895111946 -0.103695022079668 -0.0418619411310177 0.036786515451053
-0.14317189842908 -0.178302167526015 0.0743518824700518 0.0814834915803405
-0.119355182536514 -0.272431597991193 0.0988810117240935 0.218412461955018
-0.124465184604409 -0.0975578283208147 0.0183029978643199 0.507938494897948
-0.115316682149282 -0.0343000350744774 0.095895145159423 0.354860470494508
-0.0683379911686149 -0.0167649625258577 0.0445324977607052 0.139780404374791
-0.0441861485515226 -0.0167549000540775 -0.0421186220957141 0.0710576154480915
-0.0589560225432483 -0.0109719421088664 -0.165401504367599 0.094155980685924
-0.0748852829433586 0.00898204083790272 -0.210865029742034 0.215831311593125
-0.0842421755834005 0.0310804737578651 -0.161399191615967 0.298213545438963
-0.0728244718667315 0.0419371506089325 -0.123442449136537 0.30311072824331
-0.0831833372105742 0.0432209478928718 -0.141647125477447 0.274253117359628
-0.0962727388267088 0.0135388680694834 -0.16526497555253 0.211614876025587
-0.0811948536913574 -0.0224606491672167 -0.159893569152579 0.112333648953623
-0.048907994284123 -0.0522087334922138 -0.085523810369461 0.0553575078441678
-0.0383317913024366 -0.0383806028144951 -0.0160542728801832 0.0358482710138891
-0.0546466522376743 -0.0468388139538674 0.107945308966517 0.129822756056544
-0.0790539719465377 -0.10000255938555 0.132939273301943 0.300218539376121
0.0645739115500045 -0.127989816689864 -0.19518773470036 -0.335846484071106
0.00425072119936306 -0.131908170588131 -0.174081241757774 -0.187531770344352
-0.0863332580809885 -0.0843217431720574 -0.0220762442875135 -0.0185560695669369
-0.105233811105666 0.0034809672901979 0.0723599858223958 0.00775702813682712
-0.0540346108888281 0.0620408590801743 0.197593830368129 -0.0468247032269009
-0.0150612527374371 0.0636038641447422 0.229837268766065 -0.175537423285795
0.00121386808147712 0.0814393789139995 0.181393476558066 -0.26875358594474
0.0110678839386261 0.083920671706964 0.130094323650611 -0.29684867127648
0.00171683767927308 0.090434922879157 0.147071984871434 -0.288369729802017
-0.0248418200512747 0.0759864848776027 0.170812210313271 -0.216636394596981
-0.0646373477589825 0.0721487629877514 0.148716567399828 -0.102887336438304
-0.121521704130731 0.0181259929057341 0.0151202554080954 -0.066994588516997
-0.0985522396487567 -0.0687003518749156 -0.0737017052755029 -0.135291752805506
-0.0145944741291438 -0.0939219493626398 -0.11298869856675 -0.294327805720592
0.0378676995548036 -0.0791235951848448 -0.0481862507161851 -0.482967517713738
0.0159716575808223 -0.305352765613507 -0.197790736045177 -0.273884845604365
-0.0494165735512463 -0.279539772758686 -0.169115301922951 -0.163925293280188
-0.192434221778161 -0.210533440608225 -0.0341403987245558 -0.00117990343098448
-0.239837518458058 -0.0630190086780522 0.0509295199846546 0.0431857443994987
-0.193070858900418 0.0786748094489108 0.196320692681204 -0.00454473366653647
-0.1269920341442 0.128016045708102 0.228541064549153 -0.126638055535912
-0.086597227947174 0.184223738142991 0.185479746907148 -0.218506906426728
-0.0448855044195419 0.197050663705191 0.120978747356688 -0.24575623730987
-0.0581509636116863 0.210478805336399 0.123895473576854 -0.242630492148948
-0.111753796050445 0.162848277629605 0.14066318738072 -0.172490101346016
-0.17126829784917 0.13729869527034 0.120014864992 -0.068267791678979
-0.264850042405111 0.0298437161393326 -0.0202752562992963 -0.0334055492962106
-0.251769990916408 -0.121305842905462 -0.113936524944626 -0.118476376544449
-0.118981591440032 -0.223000191319218 -0.151715849527574 -0.274398095346705
-0.0248300416113485 -0.259486971875352 -0.0848171054530944 -0.443308825811271
-0.0321894430157344 -0.448879627349172 -0.193267033026667 -0.157619652770361
-0.0995499275180269 -0.404350774050089 -0.151496612206562 -0.101884727311724
-0.280949886812082 -0.324932254431093 -0.038951039570966 0.0212864124933232
-0.356801703028626 -0.133382319886428 0.025094058801995 0.0674096529898569
-0.320654184613737 0.0794289276818328 0.164072196157757 0.0290647591471306
-0.232516555783005 0.172691608875942 0.186809052878723 -0.065444226803435
-0.168362494468487 0.260109087160268 0.157526531808268 -0.136507601002223
-0.0939221816319076 0.281948748792047 0.095057187002152 -0.157155187730968
-0.102346946088647 0.302443413166199 0.0868990708939238 -0.158744812945201
-0.172196485134648 0.23672783537432 0.0995401148496864 -0.0986050223341471
-0.246127260085921 0.201741624759875 0.0838437096424927 -0.0182516001655518
-0.37407044569389 0.059831395710046 -0.0457951969996371 0.0117954505994621
-0.382273035459407 -0.137061106392829 -0.133592198085858 -0.0799960659478951
-0.221570884097829 -0.308320800318879 -0.15904612805262 -0.218290919255529
-0.0960900851464897 -0.395040809720092 -0.0922300869474488 -0.345792258719383
-0.080706905374774 -0.530246156165336 -0.177164843326256 -0.000995428373117965
-0.15260682365104 -0.478756818174878 -0.122616598371869 -0.00162524107628706
-0.350271512904434 -0.388915992310021 -0.0327648181242872 0.0533053901011009
-0.438445593117473 -0.176298240963506 -0.00128360833669738 0.0831574853309843
-0.406526953409922 0.0778023853845412 0.101320943161023 0.0543659978278183
-0.305258977133822 0.196145822513541 0.107730824684315 0.00492531230930418
-0.225452522144682 0.299751529636167 0.099219629021201 -0.0326142398126012
-0.128631898880055 0.325149687658449 0.0540504137635318 -0.0446218353512991
-0.129986445450378 0.348971624858495 0.0443223092442873 -0.0497053090962375
-0.206938659450159 0.27546993107405 0.0534746948520295 -0.00440866220077024
-0.28416656983532 0.236950619917517 0.0426334861973415 0.0436769025500088
-0.428345281205178 0.0816721074971489 -0.0595279558998475 0.0605242279249403
-0.45271659365902 -0.133776725680951 -0.127119920582346 -0.0330775114289463
-0.290207646338233 -0.341144914542369 -0.123913732151699 -0.140474749011962
-0.151262171748551 -0.468657978418251 -0.0651444785272288 -0.207357094194209
-0.127493245350996 -0.532157880611604 -0.145860008614317 0.173715863233861
-0.198636346896406 -0.471415424913152 -0.0790581515774638 0.118656740366624
-0.374253160920226 -0.38005106636675 -0.0187796850059579 0.0896550940438484
-0.449809221699289 -0.173418851178622 -0.0275167741510107 0.0921391899066159
-0.41735296722026 0.0713517202194893 0.0158106010388887 0.075391609907806
-0.320613097531321 0.193022609610371 0.00586256925311843 0.0787839135264949
-0.245607913625623 0.294525338064908 0.0237490426518609 0.0782729202668795
-0.14436219079298 0.317734212344392 0.00561510106692467 0.0738112565039861
-0.143862263903747 0.338132196875035 0.000260386704486781 0.0663543333812237
-0.218962077109877 0.263244825246609 0.00454817634586206 0.0934420684317742
-0.285353247705071 0.220882554326295 -0.00272495319939025 0.10367714100488
-0.411472127271379 0.0698863723355402 -0.0670612137749603 0.0970937224022371
-0.437254378822383 -0.124359977576682 -0.101705897720377 0.00635070502135509
-0.294335476679591 -0.326730331435163 -0.0585466322567131 -0.0576193649262272
-0.174762960294396 -0.468311516071034 -0.0117589216332701 -0.0539508550528967
-0.157607766465379 -0.447692996995963 -0.0963615872154298 0.33264092374307
-0.213838207334155 -0.376319211921718 -0.023154158929749 0.230538359622196
-0.328014564271764 -0.29116483813136 -0.00205778008880074 0.119519735240961
-0.368702854944763 -0.127772706456455 -0.0481728645914104 0.0931575704370161
-0.343847267983245 0.0589120940056356 -0.0681043816772673 0.091672626208105
-0.274920636883469 0.157435300655978 -0.092790162510204 0.145520233961628
-0.219625360629206 0.243136052146919 -0.0531712055422066 0.178754750077648
-0.139157855304017 0.261844018152193 -0.0437621144397189 0.18045734901013
-0.14400679140512 0.274259025557055 -0.0454612895565597 0.168709428379743
-0.208226469986232 0.202372832911588 -0.0482085559148963 0.171498617409281
-0.250653151821291 0.150234259991466 -0.0546731552759151 0.142021685351407
-0.328326515711232 0.0217513768209595 -0.074226851744802 0.108842534982357
-0.339827558504038 -0.119746715960962 -0.0704693885926822 0.0299201802409941
-0.236066844256993 -0.268092451079908 0.0142403063999229 0.016989242788925
-0.162462765720083 -0.39611666929818 0.0495648351598799 0.0925419624470999
-0.158413329937355 -0.292637139592018 -0.0355470354952158 0.446063182917302
-0.18555722706362 -0.215016406296468 0.039333315842464 0.308843456952221
-0.2169677579327 -0.153748883865118 0.0192309134643482 0.136211322676441
-0.219074359031495 -0.0666409370243916 -0.0524023989739028 0.0868450665616561
-0.209571267351692 0.0322623948459913 -0.130502826349443 0.0987355291010052
-0.183373752453715 0.0942727843947332 -0.165979442658246 0.194163696549298
-0.160522797375904 0.152083648840258 -0.115291480816029 0.254798803487622
-0.112672905872744 0.165624493463824 -0.0864576349466479 0.258327023846316
-0.124334273094816 0.169744674611384 -0.0916907624362025 0.239806212073528
-0.167682973337875 0.111778731602729 -0.10493477775382 0.211233440941156
-0.181127821722438 0.058614974010382 -0.108599485990747 0.144755425884862
-0.198108974969306 -0.0309414227510071 -0.0815784060806198 0.0921985850248256
-0.192872904421491 -0.0957976492014476 -0.042144449953961 0.0371622393081518
-0.143607816196724 -0.172109687205707 0.0724590518718506 0.0782396650591163
-0.123466224004277 -0.265325908731486 0.101466970474294 0.212360795258939
-0.124499004434882 -0.0946017017986547 0.0267594768179906 0.494914063179379
-0.11370089297544 -0.032346798569095 0.102105374966135 0.34311558939474
-0.0676650311925664 -0.0155085831708041 0.0477635015897717 0.136038269324709
-0.0441986668950251 -0.0159654806543963 -0.0394185209618033 0.0696492347496089
-0.0573825104735316 -0.00969973028355773 -0.160283263848759 0.0964768746264994
-0.0737187136105729 0.0115514318198744 -0.201168617091585 0.217315084414453
-0.0814787746600603 0.0343048964290992 -0.151173592183736 0.292751680202473
-0.0702427018928666 0.0445745388105778 -0.114433404940633 0.296694138632087
-0.0801011670141067 0.0456422328484099 -0.132402185706336 0.269986443089957
-0.0948597138475467 0.0171889562248351 -0.155062671799863 0.210875596610924
-0.0805820074609928 -0.0196946224665843 -0.15308454009731 0.114017999483788
-0.0501724986095156 -0.0492066268472263 -0.081583359803515 0.0550125427464574
-0.0390860649879693 -0.0366497475858897 -0.0163255168881308 0.0360363669747065
-0.0549247377437493 -0.04489055481542 0.107400426387422 0.124284728280876
-0.080443212792503 -0.0977467806190546 0.136221442288442 0.292927316894781
0.061902948688753 -0.126909002580247 -0.20064659418696 -0.331307193028319
0.00309694441714611 -0.131034097638377 -0.177465020401612 -0.182649776439288
-0.0865132668268167 -0.0826928512965787 -0.0232784816782378 -0.0196053040201268
-0.104583668329435 0.00453537207900746 0.0708058967058994 0.00550252047168603
-0.0533422323564042 0.0619925114670228 0.194790412451775 -0.0520302981149309
-0.0147546179208558 0.0629633743910629 0.224199741907947 -0.18117168115598
0.0027663408825422 0.0806069761206394 0.174567093813021 -0.269917924777517
0.013150334436289 0.0821798084681314 0.123738734637015 -0.29561912437662
0.00417782336683868 0.0888689457327251 0.139788252798868 -0.289715114985091
-0.0235159406307169 0.0756779081553623 0.164094720351686 -0.218741552797856
-0.0624375580569608 0.0724986820497609 0.145470353062764 -0.10638395736949
-0.119538610182778 0.0213632987662953 0.0143415133515945 -0.0650939317238065
-0.0994781189020213 -0.0658484478728536 -0.0752864227216529 -0.132233636900694
-0.0160298909354053 -0.0930687329955372 -0.116839875330004 -0.289270360421593
0.0353137740288155 -0.0788861204840651 -0.0553224119333973 -0.478332936006436
0.00881812677919925 -0.302689837494715 -0.202043258843434 -0.268970004727236
-0.053702520647362 -0.276536102921736 -0.170617578263049 -0.159906530320273
-0.194213504315534 -0.20456436875839 -0.0356217301400656 -0.00288805447664228
-0.239667755441853 -0.0594048219118186 0.0492855130590238 0.0411056678281543
-0.190540561533759 0.0811995272553103 0.194059677746593 -0.0105818600219455
-0.126131654294491 0.129890440674859 0.22458296083898 -0.132024969469359
-0.0824975582557792 0.185307084031623 0.179601014440857 -0.219677307484541
-0.0391000626373457 0.196268684215136 0.116161144445566 -0.245140016594823
-0.0521370415781937 0.209814419283203 0.117098956711695 -0.242643617645287
-0.109322542250152 0.164941209493055 0.135391051994806 -0.174539791618087
-0.166852534816734 0.139479480787232 0.117405644762192 -0.0714842463375705
-0.262984500944399 0.0351681106669759 -0.0206066681500794 -0.0314893769450654
-0.253950900804327 -0.115228477939507 -0.116332018910226 -0.114924215740833
-0.12241779303541 -0.220682709060019 -0.155649476218609 -0.269109803037627
-0.0304841593901177 -0.257698816789332 -0.0929184768190414 -0.439530544332023
-0.0420757061379642 -0.443671244146121 -0.194589716985024 -0.15379041249808
-0.105657369006825 -0.399967219108282 -0.151605072771686 -0.0993292928457321
-0.283978476846658 -0.314999025433273 -0.0394911029861852 0.0195508284802733
-0.357386193755347 -0.128149767891776 0.0233487607544768 0.0661901747926813
-0.317375782551321 0.0840756666859132 0.162332601171783 0.022765849692922
-0.230060190629318 0.177339823495164 0.184240921327515 -0.0695984904436405
-0.16253406337261 0.263354614923094 0.152414261772639 -0.138733527076963
-0.086248908367978 0.282172949594747 0.0905592636331471 -0.157030642620956
-0.0937555621194837 0.302697870163631 0.0826151789144515 -0.158982631546239
-0.168537886878947 0.239859298050501 0.0957764173589056 -0.100373993620654
-0.240159754143434 0.205137008884703 0.0818044818107855 -0.0206858381441076
-0.372329595324997 0.0680648214603306 -0.0446892683217373 0.013758568064897
-0.383512367424902 -0.128701222950686 -0.136072131907179 -0.0762647965540951
-0.226524353379081 -0.304225275185782 -0.162060331145882 -0.213059655403793
-0.104098948279772 -0.393003385116976 -0.0976217915783603 -0.341765444447879
-0.0946504803959933 -0.52551186501529 -0.175485444444532 0.00192701966479874
-0.1599984655362 -0.472171800496566 -0.120246367901153 -0.00144960534812257
-0.35456573931262 -0.379260664848764 -0.0318388160018734 0.0511454243455775
-0.441555860297779 -0.168650426608332 -0.00242651571756897 0.0828192990193212
-0.40320569262442 0.0838840438143987 0.100065895592044 0.0490190872601883
-0.301218821743721 0.203532591120589 0.107333493883162 0.00225952534233946
-0.218020510209251 0.30486001590496 0.0960854766087541 -0.0355178211143307
-0.118812778315 0.326277688275547 0.0521459531435985 -0.0452647104735544
-0.119628778054439 0.349951984153076 0.042228788716393 -0.0494394255596793
-0.202579316044129 0.280080878324812 0.0521330361532292 -0.00533488257697476
-0.278051202759259 0.240967889834631 0.0425856327256368 0.0422657193263332
-0.425988092202042 0.0918261804490271 -0.0575791950494731 0.0617736714172376
-0.454159443657587 -0.122298035192555 -0.129307799783068 -0.029935558564485
-0.295136214216316 -0.335763718624423 -0.126546518157819 -0.135788925915414
-0.162323276720055 -0.464905039183391 -0.0684690280203129 -0.204897574503396
-0.139054852364813 -0.527460001378877 -0.141370418596316 0.174422976317219
-0.204631040215366 -0.464633673756335 -0.0747782556512767 0.116972255414516
-0.378363268757728 -0.368816363316996 -0.0173127190984831 0.086939532481312
-0.451943430092457 -0.166368775099 -0.0284575800486428 0.0919997630488868
-0.413635760493511 0.0798196961096226 0.015967566652427 0.072026969070152
-0.317033048288548 0.199460235920007 0.0079787047042366 0.0780872476348936
-0.238287157159769 0.300403601407364 0.0233436147555215 0.0760941022293709
-0.134903778956891 0.320315055667547 0.00621405216886256 0.073669642244196
-0.133931957407642 0.340031680090242 0.00122433252179441 0.0667177474695095
-0.214971148585653 0.268521746789338 0.00638246510339563 0.093310910359671
-0.279498697559156 0.223176693223675 -0.000631712097975388 0.10324751250573
-0.409780882695456 0.0788733474222937 -0.0637966031985798 0.098332682353948
-0.439129152764037 -0.116039273772697 -0.104032913566866 0.00954366696670983
-0.299161037028882 -0.32155186453359 -0.0603509722062701 -0.0554994223813823
-0.185352608753237 -0.463895398251435 -0.0118119300002383 -0.0524244356560547
-0.167417112888467 -0.443282667730101 -0.0900540741610695 0.331052974342961
-0.220045188602377 -0.371001984105706 -0.0174406643111341 0.227400773880507
-0.331874379037503 -0.282390364927314 0.000395017317364776 0.11740204037051
-0.371466835180039 -0.122497003156895 -0.0470083357276086 0.0939548306719585
-0.340540472121982 0.0646917568776483 -0.0674991789625157 0.0910692841816676
-0.270830531678749 0.164218944868706 -0.0886738214712511 0.147097822596694
-0.213085879600412 0.249315093893108 -0.0512689225103079 0.176922259821597
-0.131536203739778 0.264706266064683 -0.0410897671214151 0.179651994776576
-0.136084622529036 0.276395550345782 -0.0417168846438502 0.169346774278371
-0.204970817247459 0.208004867436259 -0.0444048035402987 0.171625149782633
-0.246465335470065 0.153790629129074 -0.0514191780733402 0.141755750147259
-0.32775775313088 0.0278800541058846 -0.0714957805404659 0.109800402775379
-0.34276121239872 -0.11239027066097 -0.0721410322968085 0.032127277992064
-0.240909212452005 -0.264892799212282 0.012958522102176 0.0174444958502643
-0.169850270395198 -0.393006804685486 0.0516781471442259 0.0921950664376435
-0.164546895532179 -0.288931992751635 -0.0289637768463468 0.441384300102169
-0.188124695736469 -0.211629310532825 0.0460791552291411 0.304887973340533
-0.218821931433199 -0.149123394244021 0.0222467068809949 0.13394970768173
-0.220599661089171 -0.0640768706189674 -0.0512752254948067 0.0869394316398179
-0.207426784358556 0.0358503251873352 -0.128832589106152 0.100667611483432
-0.181153970279566 0.0995528431440326 -0.160015427907452 0.197357039744028
-0.156228518375687 0.157165944065773 -0.111075249314442 0.253330963274864
-0.108051496399583 0.168184476114316 -0.0820496214334454 0.257888727206797
-0.119565106405613 0.172462813780712 -0.0860435735476066 0.240047616332036
-0.16642844022542 0.116730956614283 -0.0992679762742337 0.212706507399122
-0.179339404511765 0.0616986726235579 -0.104187404541207 0.146163236267904
-0.199455882660104 -0.0269134016279219 -0.0787409959240237 0.0924402231213471
-0.194899842086183 -0.0910718771092877 -0.0431063743182924 0.0387907107326861
-0.146741833047394 -0.169925752856913 0.071926839410685 0.0767607560501866
-0.130037701099404 -0.263764611633508 0.10557075130033 0.211414032820605
-0.126430417859313 -0.0929764716750462 0.0347847049176898 0.489977246472693
-0.11323809657452 -0.0306832320496621 0.108525688953903 0.337175009059207
-0.068277688721932 -0.0141907073454725 0.051255055026885 0.134217089666082
-0.0446316644564072 -0.0152487449896049 -0.0373412187922629 0.069938758900888
-0.0566959235928443 -0.00866118417929719 -0.158405425310714 0.0993671441084516
-0.0728545590198647 0.0141754936047537 -0.194560975822487 0.220392822157715
-0.080029458254743 0.0372321660393728 -0.145397020460838 0.291447842986115
-0.0685161065011524 0.0472337800380881 -0.110392189460961 0.295531535596344
-0.0784030404019989 0.0483145066736479 -0.125637077855163 0.270711441544714
-0.0948292765480361 0.020565955721034 -0.148865505204938 0.212605470649767
-0.0816100303934142 -0.0172363394137311 -0.148306098673327 0.116891457744347
-0.0523900846864468 -0.0474764249998542 -0.0795452230918271 0.0554340037276431
-0.0407732679746349 -0.0353599229871939 -0.0167645209868462 0.0372675278072838
-0.056128362533678 -0.0444822928606936 0.107589855892357 0.121908164284238
-0.0832666848269621 -0.0977586834113129 0.141732345696006 0.29087975251199
0.0578500286223212 -0.128563583848877 -0.212498356900895 -0.325871651651733
-0.000701388302933346 -0.13097878690732 -0.184061678782235 -0.176670246805456
-0.0887717933456399 -0.080736087270207 -0.0254742451513829 -0.0202739997180312
-0.104729260564766 0.00780846626222274 0.0685100277213615 0.00175978340388382
-0.0522790321396934 0.0632606029350921 0.192345620183901 -0.061409219883473
-0.0141855453872786 0.0628371368557169 0.217824235325466 -0.190814857185082
0.00556828504704717 0.0803589167914374 0.16545998195005 -0.276126941965149
0.0163596811645676 0.0808186694040921 0.114710355680306 -0.298735033400555
0.00813220825537604 0.0878428668446228 0.128865182059805 -0.294589565073043
-0.0204348302159967 0.0766957822883597 0.155769601678333 -0.226049398603071
-0.0596509976830246 0.0746610193264128 0.142328929858809 -0.112748660482213
-0.118725803712369 0.0260314183563495 0.0121219330179529 -0.0643303407349227
-0.102515934739206 -0.0621745591029736 -0.0796965271867769 -0.129190860083144
-0.0191824443185276 -0.0929114726013698 -0.126158840130945 -0.285127594566444
0.0324007785622869 -0.0792108879557824 -0.0716316150287423 -0.478526064739788
-0.00246154841374231 -0.302091482301318 -0.21057604599495 -0.263104167123986
-0.0623137119389388 -0.275622496352071 -0.175312845414938 -0.154962905499402
-0.200573444062634 -0.198633301692362 -0.0374257872466283 -0.00305355868400521
-0.242682476095386 -0.0529730189160211 0.0477988390447141 0.0395113469415315
-0.188867012221777 0.0872390771800905 0.192626606445909 -0.0200170877014315
-0.123632230196948 0.134440122972602 0.22003918905806 -0.141980023370171
-0.0762925715440643 0.189504089343822 0.171664661203374 -0.226330033758056
-0.0324226404198794 0.19751995528245 0.108752320826123 -0.247536153639559
-0.0435734105447394 0.211773122967878 0.107856017256571 -0.247282401380224
-0.104601873792411 0.169609236139308 0.128469561411971 -0.179483962272965
-0.162215820309682 0.145034099413448 0.114957279050356 -0.0766744535912363
-0.263181139457539 0.0451619892751537 -0.0213848226104786 -0.0297522534242314
-0.25997456105132 -0.106390189541022 -0.121260211530449 -0.110543308512779
-0.130727826311179 -0.218763820437934 -0.164889824638012 -0.263997826957805
-0.041536827216216 -0.257608182995457 -0.107329871364726 -0.437491147617003
-0.0603166154688655 -0.442160986237522 -0.199866949666067 -0.148247313024181
-0.116939143741594 -0.398656037473067 -0.154449988169846 -0.0967115990069138
-0.294541580212712 -0.30602361688729 -0.0406806567408094 0.0181661510488356
-0.363988279579568 -0.118209902062349 0.0226241248212375 0.0660092602729794
-0.315881139510273 0.0948350833223317 0.161457320120139 0.0151258206483947
-0.227288884544077 0.186925453189206 0.182622869636336 -0.0771459930740065
-0.153451791948394 0.271182513731558 0.146035039470638 -0.1440640790533
-0.0747834689628126 0.285386555051392 0.0855523131287195 -0.158460681448416
-0.0812828996601209 0.306733164548858 0.0761638077915881 -0.160752123461863
-0.162460839624168 0.248070616303795 0.0912203734734354 -0.10362822827327
-0.233429838478888 0.212828355280123 0.081084596569482 -0.0240407010708878
-0.371784746653915 0.0818830105020689 -0.043866193557281 0.0163266429742504
-0.390757932355016 -0.114963574068024 -0.140889796081868 -0.0710580363798394
-0.238593879478748 -0.299497880688811 -0.170041237975433 -0.207075266372887
-0.121425618880771 -0.391811728673209 -0.109967787886737 -0.339277141008089
-0.114995270496136 -0.522643953953451 -0.175491580841504 0.0075367096839046
-0.174940635830506 -0.469680868649458 -0.119598531221166 0.00085245866341195
-0.367549878200097 -0.36685746608715 -0.0316118206358205 0.0495315688900773
-0.448953640120868 -0.154931728381436 -0.00225302441119347 0.0834350443676689
-0.400650339454287 0.0979267962940881 0.0996638159540058 0.0434119601841028
-0.297093656442395 0.216740114259924 0.108357827732836 -0.00193114963600134
-0.207213315006754 0.315933934559787 0.093601162176253 -0.0393715614296927
-0.106257953919431 0.331238775297799 0.0507652528096376 -0.0458967501684139
-0.105045240600174 0.355500656415406 0.0405773465235128 -0.0498283054224081
-0.196050155849575 0.290550533917931 0.0517534945909838 -0.0065566899874272
-0.270066496180669 0.250162447676649 0.0437185450640026 0.0411006384519006
-0.425509730791609 0.106806483251233 -0.0553710143039264 0.0651065271352196
-0.461408088134316 -0.106153252441311 -0.133252075096977 -0.0241321021460965
-0.308508550084294 -0.329373351388814 -0.131644344913112 -0.130195844142612
-0.183253193178132 -0.46213632157478 -0.0749329874280826 -0.202827156242212
-0.160544314576668 -0.521811066102261 -0.135588318163355 0.178946190801776
-0.220395937580299 -0.46113578049379 -0.06996764996091 0.118561111230298
-0.392450658191355 -0.357819025982174 -0.0153853398537505 0.085881160489035
-0.46105332751809 -0.153769644970367 -0.0265296180147836 0.0940461157804727
-0.41307236452629 0.0937905942159487 0.0166755670890743 0.0700917964069009
-0.311999008683266 0.215031738796468 0.011316569608705 0.0783185897759403
-0.226468321342043 0.312145173090502 0.0238419992440553 0.0745428366251904
-0.121728791160755 0.32585767122746 0.00796963881741732 0.0738376757697783
-0.121054414104139 0.346402074538007 0.0033099468549977 0.0676263489926312
-0.208573598208084 0.279626362385558 0.0102991691665045 0.0939761088800066
-0.273235189130735 0.233249479839674 0.00265348408455085 0.103617809851797
-0.410523197213908 0.0933264328152918 -0.0608311966825781 0.101034350417334
-0.445109367776413 -0.0992810712728359 -0.106770057807958 0.0142342942562261
-0.312599817793215 -0.314264844457655 -0.063177115230587 -0.051427284308474
-0.205790089860776 -0.460229923847268 -0.0130530010986051 -0.051639164694419
-0.184701567644028 -0.439661421965829 -0.0793977745066961 0.334133213849246
-0.23237473194525 -0.365873309725356 -0.00907664848347768 0.226918991838805
-0.34351002349682 -0.272571349876344 0.00444006914590994 0.116165837299585
-0.37829571267647 -0.112988898641313 -0.0451068366977026 0.0959398862541147
-0.339490957141336 0.0770842379371139 -0.0664670256370912 0.0926802080582123
-0.267782013187182 0.176634076235651 -0.0834966362406195 0.15196580890524
-0.203667882536448 0.260426233838585 -0.0472906277744002 0.178110254969084
-0.120790655733276 0.270945945984502 -0.036114833485838 0.181112819184097
-0.124727610009693 0.283016404369668 -0.035441652160666 0.171291915687599
-0.200088671791037 0.218067518272161 -0.037017864948676 0.174652066046545
-0.242749469647654 0.162011114670025 -0.0465158827262673 0.144093812576859
-0.329785146525318 0.0394106644193343 -0.0672980486604396 0.112327332682362
-0.348764217044925 -0.0985817315517789 -0.0736312563499484 0.0359362080895844
-0.251634610845299 -0.259115711706528 0.0122755332202764 0.018217137678409
-0.188559159916404 -0.389424326827467 0.0564394604409544 0.0918532641593218
-0.177009245470869 -0.28444700401223 -0.0141093503312298 0.443710695744868
-0.195420399856445 -0.207329843288123 0.0570472433876879 0.301712070338771
-0.225273165132932 -0.142186528262069 0.0274099411629621 0.132470900520921
-0.22540772592873 -0.0579715897756865 -0.0481701230038111 0.0889767165677314
-0.207210281258457 0.042642209949607 -0.127000397584828 0.105123008781985
-0.179013354683799 0.10781565171427 -0.152922524405127 0.20457430782679
-0.149555917962952 0.165706050203374 -0.103663169558731 0.256131612857239
-0.101211002497502 0.174034733309156 -0.0751353676918388 0.26058481697179
-0.112391488265021 0.178434434054638 -0.0777381321454136 0.244033458917347
-0.164188387714254 0.125299970248998 -0.09051715039297 0.217085379843808
-0.178528073923061 0.0678464057547714 -0.0989294559116675 0.149962428262444
-0.202710241654776 -0.0192660917348884 -0.0758089689605136 0.0945738962967446
-0.200179864890422 -0.0841275275357665 -0.0437173723179615 0.0419004995406453
-0.153438246233843 -0.167070444376977 0.0733232020146327 0.0750862865074345
-0.142121588936424 -0.261136116469794 0.114715929410147 0.209607729687041
-0.130963036376826 -0.0899613086499008 0.0501421203296349 0.488498833005634
-0.114300669854242 -0.0275781863839978 0.120000787490003 0.33311765161973
-0.0693514223628253 -0.0125614855052943 0.0568934825146794 0.132018746465993
-0.0460168698529427 -0.0150964455864142 -0.0341354936123257 0.0708190802831427
-0.056905459408263 -0.00738586783313365 -0.155687855677934 0.105454943324118
-0.0723718822743737 0.0176093488982694 -0.187532794435812 0.229092874114435
-0.0789356056750171 0.041891573808529 -0.136760666250365 0.297563189218876
-0.0664092148612372 0.0510855652549138 -0.101529608119957 0.299429719579594
-0.0768236491895819 0.0534074201543739 -0.116448080436815 0.275446690399179
-0.0953091794600327 0.0257672449149035 -0.140783658983659 0.218715619250567
-0.0832927403882547 -0.0142904682781207 -0.143584106373262 0.122294159572957
-0.0557399077073393 -0.0450923030081574 -0.0775405105496949 0.0582174889447624
-0.043107147321796 -0.0341322864745508 -0.0172359016245163 0.0391654863397598
-0.0587906416854566 -0.0433752381654398 0.111155482829685 0.118750374288902
-0.0887476118012985 -0.0966520537185814 0.15325223247505 0.288705507763617
0.0515811311040064 -0.129323762875742 -0.227392433151622 -0.314738985977881
-0.00703893268620665 -0.130506291586204 -0.191127145614057 -0.166489793411122
-0.0918334613986249 -0.0761254010805833 -0.0278638883536176 -0.0196309704047761
-0.103460030885681 0.0122022050719124 0.0660327486342456 -0.00147622253554444
-0.0491497610622126 0.0653849411420193 0.186239459141746 -0.071807178749619
-0.0126971576796369 0.0626082477144744 0.205630605779108 -0.202619872121861
0.00976638519341931 0.0794893397148594 0.150666771536585 -0.282265628332438
0.0202594088947982 0.0785962143464836 0.101216326678109 -0.30108977012955
0.0125634626028938 0.0853050697826171 0.112119967798691 -0.298532172317657
-0.0170224889923226 0.0765680625108882 0.142623000579596 -0.232684364646785
-0.0549151480706534 0.076597303937713 0.135774937397696 -0.11950160764763
-0.115999368124503 0.0322438348909811 0.00926899400976297 -0.0631370573162233
-0.105113157668668 -0.0565662132025649 -0.0844516368670514 -0.12368017699511
-0.0230034953385032 -0.0908649549184878 -0.137888083536375 -0.276405508362869
0.0283937205307522 -0.0795654977593507 -0.0943546332368198 -0.471090637548857
-0.0186251976460896 -0.299167760822441 -0.222061232734452 -0.252073268466308
-0.0743343594223257 -0.270840737794131 -0.181412956607833 -0.146276194609922
-0.20749028767331 -0.187180282868763 -0.0388612278114067 -0.00297832572204182
-0.243604306541164 -0.0422901160712409 0.0462288032235717 0.0375778507176656
-0.184076689912066 0.0946239493733028 0.188034854752765 -0.0302204661439423
-0.118441359940865 0.140128072113599 0.211139431151689 -0.153399954282627
-0.065619104893853 0.193151484897692 0.158291452566534 -0.233619162058373
-0.0213182893480971 0.196685884428629 0.0970592625737938 -0.249145261484518
-0.0314703365500654 0.211006416723251 0.0934804520436378 -0.249673722409361
-0.0963841887639133 0.175395601181699 0.117808290248094 -0.184671561657962
-0.153875338087451 0.151222719940054 0.110290826257324 -0.0819933686568875
-0.259452031776087 0.0587800559748188 -0.0226578823214086 -0.0273921198600803
-0.263615128489186 -0.0923004532990561 -0.126367682276298 -0.10261397702306
-0.140991136956563 -0.212049913003914 -0.175279277533165 -0.253166447009392
-0.0555044792743941 -0.253591046554086 -0.127612566738918 -0.428487096061356
-0.0839193667708 -0.435510635016787 -0.204911038591716 -0.137887888322899
-0.134682031820144 -0.391199881319753 -0.157391674456758 -0.0896266925467792
-0.305812462276329 -0.288918943260164 -0.0411451886709098 0.0182661236871908
-0.368975215692751 -0.101388535370002 0.0227124428953379 0.0659011023303314
-0.30958360643139 0.108528108580607 0.158280583969492 0.00562438213741661
-0.218012701217674 0.198210732221003 0.177427581458564 -0.0867608387000564
-0.13778857932631 0.278649469700409 0.136999897714912 -0.151371068632596
-0.0592609028594013 0.286393297226531 0.0781004366501322 -0.16013213825186
-0.0633204061886798 0.30744818916901 0.066539533583417 -0.162410307649299
-0.150791697593022 0.257175037463401 0.084818890572041 -0.106694829343904
-0.222281117695228 0.222340266450588 0.0786364890046849 -0.0274265857695809
-0.366573386939062 0.100612906487267 -0.0428867528546367 0.0196304989043329
-0.394702860784315 -0.0940186640659926 -0.144880918621216 -0.0621814684578011
-0.253923659106576 -0.287351922282327 -0.177692610556871 -0.195606364298996
-0.142500130908195 -0.384018803481778 -0.125738964612884 -0.331679890989288
-0.141865666787203 -0.512311712712477 -0.173069348756775 0.0158521655585434
-0.195328580399435 -0.45775886226754 -0.117557684780888 0.00473372791293716
-0.382402375726868 -0.346752620406088 -0.0303899051460252 0.048860203401903
-0.456317836462164 -0.135029027928331 -0.000297161629970573 0.0847102493621322
-0.394356363776272 0.116093182362626 0.0985617690966801 0.0369409049369976
-0.286459246681804 0.231472656138855 0.107760196922935 -0.00726289777948982
-0.189011452617117 0.327268540796787 0.0894131120426684 -0.0443212528104457
-0.0879242749946229 0.33422049991508 0.0480518970337036 -0.046789291993964
-0.0843404960220351 0.357314309569258 0.0366585693872171 -0.050049728235628
-0.181800638365853 0.300781634017128 0.0508859076190009 -0.00831980143789453
-0.256966063018399 0.261245008602918 0.0453321637935508 0.0391233038583607
-0.419416039049118 0.128565159474264 -0.0518087979428455 0.0681290861805846
-0.46484917797727 -0.0826706360675891 -0.136403277859249 -0.0157898255236151
-0.324249632264022 -0.314699131532983 -0.137585690969802 -0.121519607790633
-0.207448949875212 -0.450833816557516 -0.0846438743154217 -0.197781618142179
-0.189082293656492 -0.510999245842492 -0.125101712410801 0.183944963124243
-0.24022226242613 -0.450306455009798 -0.0629710415251287 0.119165641190212
-0.405996578988914 -0.336430380667608 -0.0119920195144552 0.0836772177227293
-0.469506939093139 -0.131967643466183 -0.0229700692901279 0.0958233559275977
-0.405706977757555 0.112232944161706 0.0172142593319201 0.0679403101628583
-0.302304113699996 0.230345044201806 0.0164897561480093 0.0784488853741919
-0.207574275177238 0.324915812004367 0.0254676753681257 0.0719707956725207
-0.104154427946476 0.330102871654001 0.0107202401304826 0.0735800569249571
-0.10124704582246 0.34990637392695 0.00608047597017535 0.0685849517538598
-0.194603951700265 0.291610614484415 0.0150254274571398 0.0938734934641077
-0.260512542954006 0.243397713707432 0.00742264971780264 0.103463716032635
-0.404572445327781 0.115121703968997 -0.0551658492741524 0.104210504053568
-0.448836152441675 -0.07501550951299 -0.107787126340468 0.0218259577560164
-0.328691506674271 -0.299681060639168 -0.0656493970901865 -0.0468928781452815
-0.23118856731461 -0.448580685907517 -0.0151800916988798 -0.0502311905621622
-0.20782812119317 -0.42651948626522 -0.0626442157133955 0.335133085556441
-0.247779063457751 -0.354766671800973 0.0022571889693611 0.223533558522401
-0.354460603819378 -0.254359400844962 0.00930062945818396 0.113520124518345
-0.386175141800676 -0.0957734313248467 -0.0403116523621783 0.098543041860549
-0.334483305257145 0.0919161436267427 -0.0632805105299772 0.0948867571184435
-0.258444028057152 0.190838426567547 -0.0736036168609645 0.156480438333267
-0.188816880252387 0.272134780268194 -0.0400970676214768 0.179088978085666
-0.105273639150942 0.275538738566845 -0.0279780065967509 0.182300695162694
-0.107730702027096 0.287648965355036 -0.0272023190442123 0.172095917106651
-0.189271470316586 0.230181865564462 -0.0273291124390705 0.175786518562098
-0.234166551355924 0.17250453706173 -0.038411293178335 0.146291911909459
-0.328264494803035 0.0570700817715223 -0.0612339038842939 0.114962006249686
-0.353190503544586 -0.0794242833153195 -0.0736419586750099 0.0421361831862169
-0.264515739646764 -0.247298860562157 0.0125836241403568 0.019181299345715
-0.210908808769293 -0.378823031045347 0.0611986316620742 0.0894455037482041
-0.191836388944391 -0.27481715652758 0.00602933320743834 0.441060692191004
-0.203407365920868 -0.197641068009459 0.0715786041599449 0.29540375700505
-0.231445708719586 -0.130833383432577 0.0342156047216041 0.129580856575644
-0.229690466307025 -0.0483353493826482 -0.0424348322178412 0.0908037124947052
-0.203640037519076 0.0516571196812377 -0.121864302847402 0.111198439450144
-0.172898959306042 0.117469401714961 -0.140556749177239 0.212396117288357
-0.139839739034985 0.174861153286367 -0.0923251339262635 0.260154561318151
-0.0907422526840418 0.178620471293052 -0.0632381989291344 0.262388330799202
-0.101297243352689 0.18432711778767 -0.0643577752699189 0.24587177593933
-0.157633442498867 0.13587256380779 -0.0778561094651111 0.220635442325663
-0.175539490120598 0.076441301999622 -0.0899435626527494 0.154038898442301
-0.204886518079164 -0.00786206281513635 -0.0703981617489429 0.0979321646045332
-0.203737672291977 -0.0726737161408738 -0.0433747157781635 0.04547634119577
-0.162667988488932 -0.159598568155132 0.0763557955153041 0.0726260972332023
-0.15772216805082 -0.253795620637607 0.125381057765348 0.204059319038985
-0.135150527233346 -0.0839901840819135 0.0720026561067894 0.482816228517384
-0.114877036211954 -0.0232373706192061 0.134736218663716 0.323916118978512
-0.070479481284776 -0.00926297344312468 0.0642468552572727 0.127504842600268
-0.0472315789786096 -0.0134481400917412 -0.0291529938866498 0.0703895525812754
-0.0574246176365572 -0.00574702499406629 -0.149918050902389 0.113561877631516
-0.07038181643568 0.021795373881824 -0.173880519166787 0.238778765628554
-0.0758342692908874 0.0473932045481828 -0.122555831893238 0.301834771991119
-0.062664048031598 0.0553379336303185 -0.0879965305610922 0.301937279811089
-0.072964544599192 0.0583250998215958 -0.101553416788729 0.278857005747808
-0.0940641500846487 0.0326026529867144 -0.126747387814238 0.225011330515169
-0.0844931441776278 -0.00934867615615079 -0.136024591626993 0.129146770535601
-0.0588783148911005 -0.0412514151090125 -0.0733105625402836 0.0608124023879479
-0.0453114480439977 -0.0308120842805155 -0.0160479236705453 0.0418063510039633
-0.0616768625418427 -0.0412079473309451 0.11529121621463 0.113481491862373
-0.0951397626040772 -0.0926861155382671 0.168334106902503 0.280285052059259
0.0193866892755478 -0.134527249780796 -0.260524832766047 -0.261193389267265
-0.0352523720784281 -0.12352931217438 -0.202834257126687 -0.127699014471948
-0.101553518578168 -0.0579427396390158 -0.0247606635230687 -0.017701033818986
-0.095534984017226 0.0287427941110983 0.0631302190520539 -0.0154477793006749
-0.0341855595030644 0.066931053435961 0.164486953036128 -0.10120726493331
-0.00216128404108391 0.05455925340065 0.161933025411326 -0.227210102258869
0.0229428018534879 0.0703346471097814 0.100082666194771 -0.29696867280149
0.0286122710497224 0.0674197024030171 0.0540358617835974 -0.300892433343416
0.0232734472603059 0.0765962913910626 0.0684357072550705 -0.302734620360413
-0.00707232752685838 0.0747477187998944 0.107637557487676 -0.245424104018807
-0.0416939241353302 0.0800152109983526 0.115751951443712 -0.134935124474962
-0.107727658439101 0.0494577825658771 0.00486827623768934 -0.0616913329657777
-0.11107828114713 -0.0367362478458712 -0.0938420000794259 -0.106373994883501
-0.0365788199685422 -0.0806720466305576 -0.16979812732781 -0.250761959559286
0.0128261653231694 -0.0783300120640839 -0.14753274314647 -0.442320423006941
-0.0774611701627668 -0.283688794122925 -0.236905237524285 -0.201439273897817
-0.12285732170531 -0.246322616212745 -0.183474881775523 -0.111083413498915
-0.231127809313248 -0.145012613479321 -0.0252412033061814 -0.00388142785614926
-0.241023521372288 0.0014786254970549 0.0571294285385877 0.0207768244261007
-0.157902576133583 0.116752378370465 0.172269464365629 -0.0675574307249041
-0.0910192372236936 0.146715911574729 0.17366524959187 -0.184657782851516
-0.031089750679297 0.195531983551072 0.11624315720991 -0.25660226672665
0.00602092918812234 0.186816526102972 0.0559480779219355 -0.252036263598532
0.000851108991488797 0.205803843510774 0.0558821313899719 -0.252735400371447
-0.0687791056739518 0.184434120734802 0.0902965265777052 -0.19749070714729
-0.125804250403262 0.167133967138206 0.0966665683758875 -0.0965539007414395
-0.243955563999766 0.0978549166764829 -0.0183930843704343 -0.02394617998923
-0.268930154975394 -0.046901680701342 -0.129311279675202 -0.0782973072069715
-0.168424491909723 -0.181564102871031 -0.206042663240465 -0.218364551349544
-0.0935007680215529 -0.235929788029398 -0.177485853389002 -0.393067382456307
-0.162163786725846 -0.400812474939425 -0.196001046168234 -0.0945411627273924
-0.201428149280729 -0.349634290835917 -0.144904534519412 -0.0612275029795914
-0.341805776667409 -0.225133789471765 -0.01706994402723 0.0133194173000261
-0.371897936958032 -0.0339353146032136 0.0452434696239295 0.0471240258163234
-0.276172663065667 0.150306367375178 0.149927814355515 -0.0340135521760825
-0.177475395370991 0.219891917222464 0.151692729553431 -0.119649892357202
-0.0860077459610859 0.295090821743174 0.109202076107629 -0.177948574624494
-0.0169331724038684 0.278832317596612 0.0484240461530625 -0.164659248238132
-0.013285737215618 0.305530644887435 0.0410971392996395 -0.165104266350341
-0.108001297859586 0.273197943562028 0.069411613034756 -0.118748341090457
-0.180684017226705 0.246296526356201 0.073512899056033 -0.0413218051266527
-0.341367303531812 0.157227957452772 -0.0301849451111426 0.022503631172547
-0.3949846192731 -0.0299389793774759 -0.139989135234365 -0.0346664022161736
-0.286481130667255 -0.239882164720782 -0.202351023240715 -0.159152214727312
-0.19702486135197 -0.352006599530535 -0.167181126149231 -0.294907400294818
-0.230811964433937 -0.462762465771863 -0.138467960041157 0.0469095977804413
-0.268922413506183 -0.403851905783592 -0.0883570409416219 0.0208885725605809
-0.424764443583905 -0.266881170199113 0.0025727871526208 0.037656740987836
-0.46386551558622 -0.0506726742334528 0.0302535416573647 0.0651125602502525
-0.357641803816114 0.172202541057594 0.0974647067473985 0.00225134269601985
-0.238321318666685 0.264763320736818 0.0972949320538719 -0.0354954336589932
-0.126465135559767 0.351573401597702 0.0805284401355889 -0.0701961295131751
-0.0351005142746629 0.33000259795914 0.0348646606469293 -0.0528176844895926
-0.0242522965975399 0.358841838784809 0.0269306515719044 -0.0533302196742402
-0.129724731130485 0.32243287405102 0.0497919735989416 -0.0196424928598842
-0.207608074473949 0.289224216128566 0.0501194423096447 0.0263971445684881
-0.388915886396599 0.193448074090715 -0.0309351711473919 0.0693912794441196
-0.460091985020413 -0.00764671927201323 -0.124394157313851 0.0102083527626637
-0.36108607056749 -0.256617530109242 -0.153445296702624 -0.0894917376131076
-0.2690203329662 -0.408922478229554 -0.112089625448436 -0.168399918708374
-0.272668856581264 -0.450722065411551 -0.0673101758961266 0.198359192478791
-0.307972242425233 -0.387129184348077 -0.0184897954690131 0.119421396272682
-0.446665244981982 -0.253487253870621 0.0261236921434996 0.0676150409861271
-0.477122996779348 -0.0446602740649793 0.0109776780207994 0.0782429335507279
-0.370796970743922 0.17268923734825 0.0246947172578296 0.0443878406754129
-0.251796833178851 0.269798620174719 0.0237958935558368 0.0595902364504679
-0.145224457089821 0.355012682779186 0.0375506995339099 0.0511409388576619
-0.0503158730496439 0.330708727040311 0.0161044568018961 0.0673427673865922
-0.0389412770295231 0.35447274191406 0.0134196048345479 0.0648775690277968
-0.142208452519416 0.315754351244141 0.0284312258577638 0.0835708104498637
-0.21367960695386 0.273266633720098 0.0220836221076961 0.094164037138757
-0.376351406208946 0.175856843283876 -0.0305891838791695 0.104922067955607
-0.444205194210134 -0.00402438961726143 -0.0921653326174987 0.0433763909507485
-0.362032540878765 -0.242727593177115 -0.0745224650136569 -0.0251226062585548
-0.290769664998298 -0.403532046225615 -0.0276233485565782 -0.0340930685541422
-0.2727815488272 -0.366653080126993 0.0115207252077454 0.33070103178332
-0.295429546659008 -0.293752669496531 0.0562333590995117 0.208831516514315
-0.383412085013049 -0.183071331193681 0.0469068176941659 0.0932706031546713
-0.390367120045685 -0.0234785296885139 -0.00836575387905354 0.0850122225954326
-0.307094157291814 0.14300362942771 -0.048079550344488 0.086332026125959
-0.217470234994814 0.228187343774756 -0.0490174508275114 0.150337060319172
-0.13438663181755 0.30282893408115 -0.00905853407862335 0.165693960668936
-0.058571871470436 0.280374517085847 -0.00543418258729507 0.176622788334267
-0.0560001144485519 0.297227351476034 -0.00554629853833156 0.169246737336406
-0.145596143074027 0.256224788758243 -0.00167045320500313 0.169780673289151
-0.198773329741774 0.201356818789769 -0.0164210033823067 0.142701310174795
-0.309944537456147 0.108890350664499 -0.0371622998331153 0.117531904920752
-0.350193813648596 -0.0230515970424581 -0.0593751054913706 0.0574087300411042
-0.292929476018587 -0.200760558775285 0.0108164839263925 0.0269433623901436
-0.259434318800081 -0.339525397595418 0.0638251689053858 0.0896549126546148
-0.227688283881417 -0.223258762347714 0.0854058060422531 0.417789921150862
-0.224517208913471 -0.151920165189681 0.125636465926112 0.26629808529243
-0.244307326291594 -0.0856857042295879 0.0645660891154802 0.108999975041603
-0.2319755003506 -0.00445693673662904 -0.0183646018255411 0.0831867371359105
-0.190051950276997 0.0844924685185181 -0.100500170546425 0.116734815041955
-0.147156792594164 0.146156730100269 -0.103023358962023 0.218321634979728
-0.103860326439013 0.200539296184225 -0.0478225640562268 0.255418391989094
-0.0579280267301414 0.187269818882892 -0.0267592757584139 0.258705070401641
-0.065395603690188 0.197604020022694 -0.0312997338981062 0.244748667295757
-0.129411193484097 0.159938935351497 -0.0445945961984425 0.221116207343853
-0.156685181175993 0.101262780111145 -0.0651945319657452 0.158251703782887
-0.20008758178403 0.026080911183277 -0.050815449548673 0.102640231746342
-0.206430008307223 -0.0388823904258029 -0.0326745378845167 0.0560135563877047
-0.181864063352512 -0.132880447443689 0.0799640954806099 0.0678175017662617
-0.19008051898265 -0.226452112810343 0.142043880017592 0.189573313809978
-0.138995565117848 -0.0505492199736767 0.146068072819177 0.446640551671572
-0.106964804592777 0.00108870158537147 0.181995363237691 0.284666772135489
-0.067573976582075 0.00340532653961488 0.0836961739722397 0.1082585617498
-0.0496630818480633 -0.00346363132160334 -0.0145285933786729 0.0684046847957216
-0.0579776426143183 0.00636823332498191 -0.125916184583146 0.130544532292065
-0.0640959239200863 0.0392998912938401 -0.12853883099855 0.252328050401071
-0.0639199439696109 0.0653763763214358 -0.0702991675462746 0.305375163520798
-0.04936875833145 0.0666815960751885 -0.0440926534181325 0.299551148401345
-0.0580122143528539 0.0721093915047791 -0.0627682488472016 0.281800049840079
-0.0830541985422184 0.0498186123442841 -0.0920954371125818 0.233125867076799
-0.0823032516243177 0.0061102941791783 -0.112845167278031 0.14133009816246
-0.0632673643234875 -0.0291349149821869 -0.0624877839882518 0.0681719382585049
-0.0484016191991353 -0.0227467176495073 -0.0102010561972332 0.0460027827477296
-0.0669202668860051 -0.033338402092281 0.125706588022383 0.0983167436364546
-0.105385886088111 -0.0801886100692433 0.195310361811337 0.254393673477632
0.0147697272119051 -0.128803919209245 -0.259083644041862 -0.243146599829417
-0.0369355453454659 -0.117064027238517 -0.198350601967856 -0.116735605976722
-0.0992660534843692 -0.0526528644047094 -0.0254596683865725 -0.0164387139577886
-0.0906970992454093 0.0297965258623947 0.0586626671161724 -0.0153444243420301
-0.0308886414826429 0.0646757779338663 0.153230132891438 -0.103044832459
-0.00242267164721673 0.0532519105935681 0.146353469161661 -0.223973222595459
0.0248953161786384 0.0661002733413987 0.085759253690078 -0.28904864852212
0.029681259649868 0.0631197711310351 0.0448076645264643 -0.290511341538699
0.02461378646833 0.0719544783146554 0.0558614516535562 -0.290939594830381
-0.0046746542973079 0.0713124911942382 0.0939943035749896 -0.238473342063562
-0.0371604752786915 0.0775045551355083 0.106707481798847 -0.133373680598174
-0.100976935889369 0.0506100306316885 0.00340232334734803 -0.057670827928816
-0.10780965792121 -0.0313927303885149 -0.09270304498539 -0.0995166989489233
-0.0367128434176745 -0.0763556302632564 -0.169780597431262 -0.235519836817656
0.0102488440637031 -0.0742796049505639 -0.155277322131294 -0.419035025488866
-0.0841953051811944 -0.267867730402869 -0.233287519565086 -0.185899106818793
-0.125716029995077 -0.232484661109456 -0.178821257348648 -0.101878060163738
-0.225055647749435 -0.131943672952465 -0.0268674819420142 -0.00405360526498626
-0.232602357831705 0.00767095027525739 0.0537359789109359 0.0201348599803855
-0.148909084151349 0.11615350211376 0.16123159576611 -0.0698372496358804
-0.0843990504912263 0.145157644045996 0.160065066559056 -0.183638309761956
-0.0220232953644753 0.189056173817561 0.101709143149046 -0.250184487529186
0.0119737354813025 0.17904133744261 0.0477748892143531 -0.242766814545023
0.00763763595442978 0.196613280465405 0.0458369837037885 -0.243044075352003
-0.0605245760351228 0.180009910425376 0.0799785838111622 -0.191744485113441
-0.115967352807467 0.164040024319566 0.0895661640209072 -0.0952441432238271
-0.231497031411783 0.102273838824245 -0.018392401431916 -0.0203337992882512
-0.260493192879964 -0.0366687524733961 -0.126725147635373 -0.0703571014884807
-0.167379753448233 -0.169269664722728 -0.202586556606835 -0.203918166655987
-0.0976582877300282 -0.222645628708031 -0.182930477830634 -0.370806168595909
-0.170180333288709 -0.376685032062733 -0.189919607650909 -0.0846777960087377
-0.20312938068647 -0.329517474632333 -0.139869284170643 -0.0560095259737158
-0.334106377264095 -0.205969742090322 -0.0183423215396479 0.0119869484288841
-0.36014307594129 -0.0224597866062064 0.0433991018946503 0.0458996565134858
-0.261395373517012 0.151598016040594 0.140429098487583 -0.0363855544832718
-0.16509847879101 0.218711179276652 0.141269631530632 -0.120374686350283
-0.0714021941384691 0.285840201807529 0.0970993050797542 -0.17405447559576
-0.00639463030091051 0.268669174580706 0.0435811452320148 -0.158494208659753
-0.00217503069435231 0.292255527797059 0.0338449556980549 -0.157879260447374
-0.0944230055137348 0.267938208613932 0.063015114535996 -0.115426667525741
-0.16678005131712 0.241241332937447 0.0691814119821114 -0.0414391465262932
-0.323693104809077 0.162764746065968 -0.0280437361629848 0.0238878563356541
-0.381155322719397 -0.0144163874730417 -0.135750436783946 -0.0274276397648308
-0.284289744200612 -0.220683968408305 -0.197078995601323 -0.14643999191206
-0.201164148401734 -0.330168980421469 -0.169950257391772 -0.27679626225205
-0.237473680670046 -0.43297863933285 -0.130071652744711 0.0487772708402017
-0.27037997093614 -0.380089748036357 -0.0833150699355597 0.0214471824268198
-0.414665061766178 -0.243891834936645 0.00151006982975456 0.0350642042872426
-0.451796783692938 -0.0347936104024336 0.0307420741900489 0.063522012221251
-0.339331442696909 0.175859670728476 0.091423346178299 -0.000433489878383593
-0.22069860721801 0.264370146434951 0.0930869932933164 -0.0377370778674083
-0.108051096572868 0.342753283521853 0.0725054369116201 -0.0697250039024886
-0.0227071930460732 0.317761228794801 0.0329153523316272 -0.0504557741104156
-0.0106638785484338 0.343246927940326 0.0241872826223566 -0.0506456647230767
-0.114022754252013 0.316463061812961 0.0475887071309061 -0.0194399812000084
-0.191783026757024 0.282986774222194 0.0487563694246078 0.0246471808837603
-0.368588333839573 0.199798128994694 -0.0279948576581972 0.069169631602904
-0.442378042721958 0.00908030791814783 -0.119814929731631 0.0164014247483037
-0.356602533567874 -0.235495375341446 -0.148877601906032 -0.0805065467060831
-0.273772603530156 -0.381803998061427 -0.112907840552242 -0.157415695686565
-0.277410976651441 -0.422671559166356 -0.0574034845197826 0.192047415647977
-0.307930751590309 -0.363549003154315 -0.013297742812474 0.113817038857908
-0.435825424798281 -0.230775856136567 0.0254286202949932 0.0629078767952485
-0.463525638546525 -0.0275998255173744 0.0123917448049999 0.0755270564405254
-0.353341201129237 0.176347726698502 0.0233488341945604 0.0422612532612355
-0.234524673478524 0.268848353004628 0.0263229866913088 0.0567805001310979
-0.124200933977718 0.347136943609103 0.0349932367278198 0.0478709225673659
-0.0367573960922795 0.319133474070688 0.0182140173223898 0.0649966470601098
-0.0248883082155295 0.339855031821655 0.0145939020217308 0.0626693671562093
-0.12617070482285 0.310748120803095 0.0310573338488487 0.0798521563172993
-0.197323018328607 0.269038628251174 0.0244346206439486 0.0904384222523858
-0.35706636347918 0.182721323865735 -0.026405125659325 0.102366190587368
-0.426176994603582 0.0108848921151389 -0.0883406875250413 0.0473050825608857
-0.357466740086946 -0.221813358364407 -0.0714580362017168 -0.0211554738901918
-0.294896807290509 -0.375817936402221 -0.0269435111184013 -0.0305633806450718
-0.275442477989442 -0.341510631117228 0.0223197353481114 0.315818983265649
-0.294761197199872 -0.275238408838618 0.0608878261431146 0.197397508859837
-0.373290044291284 -0.165619232704983 0.046647987740999 0.0872932440624502
-0.380655267425239 -0.0104936926396904 -0.0058533639199986 0.0821710283149057
-0.292914387916318 0.145716519231662 -0.0439564479798829 0.0847842026413057
-0.201881884008635 0.227665024996847 -0.0402217691406973 0.14604709440756
-0.11690924594903 0.296220562476525 -0.00569536291354582 0.160367982382656
-0.0462142638518452 0.272212557314125 -0.000154755120579743 0.170743324931388
-0.0423983329052649 0.286953564324386 0.000199519816539072 0.163171003376966
-0.130977437997057 0.253163719342968 0.00493550852604174 0.163219450012756
-0.186617149462742 0.199688305755172 -0.0110490368446084 0.137653914004635
-0.295417728123445 0.116353344667084 -0.0323249493139698 0.114167474340492
-0.336785840599357 -0.01037295453668 -0.0563096877018384 0.0600983224150364
-0.29023049678013 -0.185353726630737 0.0111911430313269 0.0264504272178274
-0.263201850672813 -0.316343804218635 0.0645827781125064 0.0852184865855352
-0.227191909648932 -0.206848997329768 0.0960421786785135 0.39784181738954
-0.220415267005003 -0.139866070284081 0.128260038521763 0.251233177347051
-0.237368592857831 -0.0758974691897409 0.0648936354888164 0.101747451223112
-0.22670799765844 0.00284715152898753 -0.0145068199482749 0.0791065331530633
-0.181429328967869 0.0862991424027435 -0.0936022701250371 0.116511619013864
-0.136583416703322 0.145687479191863 -0.0899996106605552 0.213334162509532
-0.0922219638258536 0.197656116165882 -0.0392377221961756 0.247054894278837
-0.0489760542963423 0.182785464301862 -0.0189594284640018 0.250224558378891
-0.0552612185687113 0.19142461789848 -0.022936355179643 0.235608394757026
-0.118534475058694 0.160012793667662 -0.035255977928411 0.213060921141841
-0.148480655880452 0.103028114275447 -0.0567260177025266 0.154063155106106
-0.191979121771634 0.0330214842793276 -0.0460922350560785 0.100339073263157
-0.19877299764193 -0.030113383517222 -0.0302971473104939 0.0573555188184506
-0.180186270032154 -0.122223305561341 0.079305393963588 0.0633782028202725
-0.191903010840157 -0.210488371085415 0.143276473063527 0.17751964679622
-0.136126013633099 -0.0452143906903149 0.152760045873914 0.423397817277886
-0.102361142422321 0.00268469025990597 0.182739964390445 0.266743645732639
-0.0652974753830616 0.00503573160748352 0.0841471951554583 0.100562338709735
-0.0497590712865958 -0.00105615953890368 -0.0116159471298611 0.0645570159503267
-0.0563923703775367 0.0078584251587946 -0.116597970445936 0.129564558401518
-0.0602029637011107 0.0398912164429087 -0.114027099026196 0.247155579944207
-0.0583343028689728 0.0667415828667818 -0.058753138025844 0.295777898595725
-0.044537395546093 0.0665084953210704 -0.0349740903067874 0.290558719252815
-0.0524264900676516 0.071414669708589 -0.0511786293875224 0.271861997754484
-0.077810971306325 0.0523552653188259 -0.0798222633688826 0.226038723470984
-0.0796203109485108 0.00922855197491447 -0.103093588519254 0.139044593283007
-0.0619603270059367 -0.0244764124281228 -0.0578765247405758 0.0670354938330395
-0.0471338740418423 -0.0200473432896554 -0.00863950093714839 0.0470259246504145
-0.0667754725984138 -0.0304952805473726 0.123704204108375 0.0915151124226806
-0.106072182502789 -0.0733753626180774 0.197299015945614 0.238963189660345
0.0137960096164117 -0.123454488595036 -0.252219093591031 -0.233888840467405
-0.0356595066487746 -0.112709656362608 -0.192022141748113 -0.111918088206667
-0.0964593207386958 -0.0501962338340645 -0.0258656097373238 -0.0160213732050834
-0.0882124983067139 0.0285841347354425 0.0553111617621039 -0.0144342753522967
-0.0294126480469202 0.0623905788397083 0.145811144554296 -0.100890494923565
-0.00270039113971468 0.0522571794710824 0.137623603319244 -0.219234698148678
0.0246742150730262 0.0628261202574425 0.0798496533076361 -0.27914391259461
0.0293288540136818 0.0608393679700278 0.0438108250199129 -0.28208449039827
0.0236560683316452 0.0685868460859765 0.0522795445397297 -0.280443698926756
-0.00392280124441855 0.0681765553109477 0.0882265079085022 -0.231498173775587
-0.0349155776196075 0.0747326304495809 0.102367617515502 -0.129984295570423
-0.0976664811657217 0.0492783419181519 0.0034427772442103 -0.0541568484991275
-0.104503996748568 -0.0287484667264003 -0.0900774364663245 -0.096362752948196
-0.034872228319722 -0.0735060579400371 -0.164976863989424 -0.228052852180841
0.0101803374946915 -0.0714822782944483 -0.15278698196586 -0.404339821112807
-0.0828484599381913 -0.255524866388627 -0.226123357239779 -0.179356614295957
-0.122590166330521 -0.223472169608633 -0.173370177811813 -0.0985045599516618
-0.217891442977605 -0.126827307097834 -0.027425389617004 -0.00420705776737154
-0.226918664892029 0.00762125802029732 0.050888119741909 0.0209118888854025
-0.1443473180842 0.112606289562524 0.154063265245912 -0.0686021417079914
-0.0815205471663371 0.142567014129012 0.15180628794935 -0.179868980978669
-0.0181849048960247 0.18190042391521 0.0946548766734434 -0.242086255050895
0.0137882310056412 0.173098777114731 0.0474365106883637 -0.235532687852695
0.00883553347225004 0.188917561344765 0.0428175256987742 -0.233689638100161
-0.0574469197677589 0.174691010571206 0.0751270735483954 -0.18501210856417
-0.111531980361841 0.159009950448157 0.0860205292863858 -0.0931853780982839
-0.223446888128408 0.101609911231077 -0.0171851725940607 -0.0181985719705867
-0.252431330135893 -0.0330027897341692 -0.122951259625744 -0.067020220499417
-0.163396129902758 -0.163593602605264 -0.196949416382256 -0.197180550304507
-0.0962707377766039 -0.21384342114154 -0.179556847584614 -0.356672193009282
-0.166846057768592 -0.359537450272838 -0.182312101158607 -0.0814976324191924
-0.199645882472599 -0.317369925195968 -0.135063071598272 -0.0550721075278069
-0.323553026171769 -0.198672200385626 -0.0198202907249114 0.0111729670310394
-0.351795906249784 -0.0195892120077541 0.0418960554042835 0.0457999581557593
-0.253568561559842 0.147939016855733 0.133700086422782 -0.0356419987587686
-0.159737010194375 0.215078895722412 0.135574454873691 -0.118222008006923
-0.0645092393950059 0.276848910804653 0.0902551570447482 -0.168303996678962
-0.00346284732824273 0.260711060011455 0.0437356876380953 -0.153338325976113
0.000175374322100573 0.281614676293112 0.0319750286199885 -0.151360016995997
-0.0893623222605683 0.261630894314642 0.0598773829700329 -0.111341376397488
-0.160889783950545 0.234651297532265 0.0666956081445527 -0.0400336160163804
-0.312848392814941 0.161306035059501 -0.0269541095581427 0.0252873393153112
-0.369188147591098 -0.011508389475788 -0.132254915743826 -0.0238615124079957
-0.278963037764065 -0.212575921508229 -0.19136652983611 -0.141070205693422
-0.198431145154623 -0.315831452741567 -0.165401976056316 -0.266274958023996
-0.234311828113967 -0.414130516870311 -0.123630688165444 0.0466074227488867
-0.263813365536132 -0.366656734132149 -0.0800620477023817 0.0191383056282385
-0.40258660648954 -0.234401421598487 -0.000395147969297846 0.0330852371023233
-0.441282900653192 -0.030253714232718 0.0300278431327327 0.0623256966167137
-0.329110502525632 0.170940595547128 0.0868638917962114 0.000235292760151868
-0.212885743535306 0.259345820454172 0.0902471189777493 -0.0377433355607813
-0.0990235796219109 0.333246276787245 0.066759851858011 -0.0671534743478018
-0.0189359327255058 0.308286109059925 0.033670866982211 -0.0480333132253213
-0.0073147504295179 0.330279737947394 0.0232577360988866 -0.0475812550804206
-0.108195229001513 0.309363805504978 0.0466511274151972 -0.0183822001250859
-0.185036147725601 0.275562332029711 0.0476057462256617 0.0242239235267793
-0.355737826159281 0.197943040552639 -0.0268631976122111 0.0688738418263988
-0.42898362537105 0.0117496051605951 -0.116043687591402 0.0194269806906308
-0.348739037904551 -0.225772190039288 -0.143506165791903 -0.0772534143823046
-0.269273645255216 -0.365238749063887 -0.10978301152425 -0.150368859953449
-0.270940492797847 -0.403171891177076 -0.0526803565721828 0.184778191863918
-0.300487287184096 -0.350874394075999 -0.0113891133899853 0.108845538228529
-0.423760992970387 -0.221305383236166 0.023644724911172 0.0598641172387403
-0.454410029481928 -0.0236554839352473 0.0128727860578905 0.0743643418115392
-0.342669005964488 0.172887826065225 0.0219312173152297 0.0419038949775016
-0.227568809153902 0.263715084293791 0.0273088428627072 0.054690447452135
-0.114629284664158 0.338648111793418 0.0314028338659875 0.0467261352733724
-0.0322774479133078 0.309870497325281 0.0190829936524391 0.0639897926301936
-0.0202312260235114 0.327872422938933 0.0144448941728222 0.0613556925535725
-0.119090656018794 0.303971075614936 0.0318561581532663 0.077605994406826
-0.191203615182957 0.26181032295398 0.0245040656618951 0.0882669452943485
-0.344520114170529 0.182767369885228 -0.0251283399662943 0.100525493923175
-0.412732455791197 0.0144462758079921 -0.0851873469386514 0.049718765085446
-0.34922309846188 -0.211229242699496 -0.0679208280782895 -0.0197558173495397
-0.289520173097629 -0.359115572450806 -0.025984127478931 -0.0285797412400691
-0.269335505604447 -0.32642043493895 0.024280379301381 0.30449466318065
-0.286424819002436 -0.264891089901859 0.0609399776566956 0.189399932496541
-0.363831016247281 -0.159177075940565 0.0451367676995277 0.0838484016682229
-0.372838068861783 -0.00615446873278493 -0.00457800657945896 0.0794067570136029
-0.284171127199401 0.143322106728201 -0.042516880216938 0.0830730822042616
-0.194649996426007 0.22285711035453 -0.0364302730873169 0.14179338411274
-0.107608799863009 0.288722115195503 -0.00630844637966358 0.155652807291085
-0.0419276090468851 0.264379882849512 0.00108021719810992 0.166620368727452
-0.0373176172448157 0.276715518886452 0.000996153397494254 0.15817044036384
-0.124459294236185 0.248976770828292 0.00754790733666703 0.157664670780451
-0.180311599420428 0.195513261411122 -0.00903804588423806 0.133800181355509
-0.285350813499769 0.117227878284021 -0.0308753237575185 0.111030511355639
-0.325981917124218 -0.00724879447959132 -0.0542668666673044 0.0621813044062732
-0.283935465007536 -0.176820846738673 0.0119038852196538 0.0261347053828819
-0.258643499480031 -0.303272270737816 0.06381203126115 0.0826664608182136
-0.222863664085209 -0.197250187183355 0.0946910471605941 0.382211094425176
-0.215218256779163 -0.135666253612823 0.12592353411576 0.241573711849057
-0.231729124048144 -0.0733504255357983 0.0632256420590766 0.0980303630761216
-0.22306623289197 0.00478936930032007 -0.0136708736313359 0.0762141185320497
-0.176579661404649 0.0848939701415719 -0.0897207484172093 0.11367638509122
-0.131593267007101 0.143020380716434 -0.0834860264120971 0.207346944418009
-0.0844430210719573 0.19300454894888 -0.0376618606079678 0.24030708764541
-0.0452685697162903 0.178122928606894 -0.0174168537469107 0.243568578899533
-0.0510418271239547 0.185686033519795 -0.0211290608123576 0.228210599338194
-0.11216067738006 0.158299267870327 -0.0304634480527156 0.205639749280547
-0.14429088679459 0.100981313392155 -0.0533848312163942 0.149710672021067
-0.185404079893773 0.0348106058327681 -0.0450810073565758 0.097646441600739
-0.19260971676607 -0.0274484966678603 -0.0288008547303366 0.0592830521950168
-0.177000057193786 -0.116714948905401 0.0778454494495773 0.0614104993672692
-0.189199974143377 -0.201520851013981 0.140425794809195 0.172137957851201
-0.133040063404137 -0.043155032137006 0.148941349033553 0.408170085064901
-0.0997972435799614 0.00176861360494291 0.178959801333582 0.257103805410499
-0.0639682096489884 0.00452123700846349 0.0827188750538168 0.0965014481060109
-0.0491499488744341 -0.000338486897257004 -0.0110768274526989 0.0604985234445826
-0.0555955461461252 0.00788220675812046 -0.111788713991168 0.126500639971731
-0.0574943967192804 0.0385962251270546 -0.107179867527316 0.240477948368852
-0.0548451427147821 0.0665765411007394 -0.0552922726909367 0.286559893292941
-0.0426761899562958 0.0654891318745484 -0.0333953214155531 0.282288462271336
-0.0491629715894626 0.0698045818266765 -0.0484938741508596 0.263205076851065
-0.0740898360110302 0.0529097158436537 -0.074373707918156 0.218089086228321
-0.0776133713162798 0.0107342190696134 -0.0984734508889835 0.135382066415373
-0.0607103734741615 -0.0222177530609508 -0.0563062332178397 0.065339203635115
-0.0463230308745788 -0.0188647664060807 -0.00766913855610911 0.0484651236295418
-0.0666877891168669 -0.0286215281199847 0.120626464558815 0.088909215419009
-0.104769567339279 -0.0705490852414854 0.192588390372973 0.230271930988418
0.0153985289462981 -0.121194081346585 -0.249028402510969 -0.232064297724858
-0.0334388448682054 -0.111113794634339 -0.190399645098211 -0.112540106137796
-0.0948718770226874 -0.0502917195286647 -0.0264274421592212 -0.0161652480394787
-0.0874857719775632 0.0270268406885074 0.0540737574325102 -0.013130128321104
-0.0298492572246522 0.0608714561412176 0.142723933890848 -0.098984909922717
-0.00396697125972845 0.0531036095061527 0.134786760073946 -0.216912156002311
0.0240261418262688 0.0607746859313675 0.0793797941182288 -0.275950422004989
0.0291688358157749 0.059689013962999 0.0467173088350963 -0.279259300441986
0.0230559176279698 0.0673829148480174 0.0538870310943149 -0.276444751120787
-0.00431626259395296 0.0670144447876083 0.0876221680618648 -0.227130163847783
-0.0349404212746473 0.0731653665241728 0.101746582633431 -0.127814395680047
-0.0965158996701432 0.04807727115402 0.00509667206813216 -0.0519057055856662
-0.102823692819376 -0.0287227595659133 -0.0881647851294577 -0.0963455681633552
-0.033041779896951 -0.0730009374776621 -0.162193446771281 -0.227028006075069
0.0109952891684313 -0.0705910485953104 -0.147585453439383 -0.399827359027118
-0.0805664114955866 -0.251305697908864 -0.221991506046762 -0.178751707928543
-0.119356921497802 -0.221503893432296 -0.170596506130229 -0.100127443702719
-0.214950933015569 -0.126526923891133 -0.0285361593700629 -0.0044536176468411
-0.226781237475454 0.00604230223607599 0.0501667941991054 0.0226756858614669
-0.144878870655827 0.109908127272573 0.150566860759959 -0.066405858915517
-0.0826722677453123 0.143244697923833 0.150230664102286 -0.178251298957836
-0.0185809748867511 0.179160734929744 0.092803387744723 -0.237530245480977
0.0134545709116538 0.171619753511568 0.0507325301823462 -0.233433041996031
0.00787325696420699 0.186214703759808 0.0443141118150241 -0.230110498285682
-0.0574377938266191 0.173456996829713 0.0746603396517524 -0.181915740827807
-0.112100613760554 0.156543806533599 0.0853144362591516 -0.0909470320794637
-0.222121157607452 0.0995387930079677 -0.0164654139771046 -0.0162324480671016
-0.249423990354659 -0.0336106818149578 -0.12136340663249 -0.0664643016551422
-0.161275704104406 -0.162418659098725 -0.192655361242546 -0.197430740329989
-0.0942228100099974 -0.210863316914901 -0.175887695631365 -0.353270096349441
-0.164599857918131 -0.353651415628042 -0.177917354289625 -0.0829945839980379
-0.194571707628196 -0.314321294825568 -0.132469401029917 -0.0571464614362171
-0.318660854194138 -0.198853167158417 -0.0212868265474361 0.0105766507316757
-0.351822646642961 -0.0203972797154531 0.041374376837815 0.0472667169390698
-0.253857325618635 0.144234790757254 0.13129792803612 -0.033398309676128
-0.160299206778676 0.214641131635562 0.134448276272172 -0.117096617761101
-0.0629469255073828 0.273432037621988 0.0868398588018927 -0.164657662478499
-0.00388657103987507 0.258027733003496 0.0464261753784732 -0.152150363749206
-0.00112120745048336 0.277567396067747 0.0336287177559473 -0.148242270221512
-0.0903561302497651 0.259562805257347 0.0598362617501764 -0.108416453427252
-0.162119392776563 0.230836413175593 0.0663384390212756 -0.0385612775034437
-0.310876707389957 0.159750145695213 -0.0265326745304963 0.0267000524147146
-0.365264947283257 -0.0133153589902398 -0.131291264733405 -0.0230672067541096
-0.276041736394147 -0.21277370179524 -0.187869387917804 -0.141824310883328
-0.195283845581213 -0.312507966979214 -0.162503634987827 -0.263337629609811
-0.229519450670966 -0.407376917388406 -0.120405011823429 0.0441775302041786
-0.260009619975767 -0.364653683728311 -0.0781896602627232 0.0163087097532115
-0.398405314989226 -0.235048794397208 -0.00191857527700808 0.032762827769754
-0.439885846397623 -0.0314097516355321 0.0291584789915671 0.0631167015498029
-0.329408397590161 0.168659032518051 0.0849538884015099 0.00212904254835623
-0.213581560067902 0.258968267150969 0.0902129476232789 -0.0372529123828623
-0.09675937221563 0.329161309565552 0.0634180778983748 -0.0645771078190339
-0.0184951983717054 0.306354048727069 0.0354692632255158 -0.0475697335307348
-0.00911642671204373 0.325664948077493 0.0237111321247632 -0.0456870916687379
-0.107733633442311 0.307443848500142 0.0467460181149434 -0.0173734695379077
-0.186218611852836 0.271888312732486 0.0476039783801653 0.0252268246174817
-0.352805895472297 0.19577528221541 -0.026905086364341 0.069620344007908
-0.425862051870901 0.00875116924744932 -0.115158278449044 0.0207124583648192
-0.345758143487192 -0.225459191345086 -0.140974906804985 -0.0780312970873111
-0.266125390533486 -0.361860255879524 -0.107750118976245 -0.148093082671158
-0.266769370731605 -0.396508018609387 -0.0509044932582949 0.18013291407458
-0.29552846125729 -0.349729568668653 -0.010955859890136 0.105588240178993
-0.418997719925189 -0.222627016492486 0.0220573651038222 0.0592235600312002
-0.45470296086996 -0.0248774942549188 0.0129266078361628 0.073994075320105
-0.34243247574435 0.170676891048378 0.0209892821642732 0.042773291913944
-0.226055584732453 0.262639409692464 0.0275869630581249 0.0537544927796462
-0.112199837835427 0.334834604394702 0.0278649383498338 0.0481732575673652
-0.0320127452718827 0.307538186510524 0.0200302433418074 0.0642040411885569
-0.0214816439170981 0.322720378385885 0.0146481526345247 0.061889565191864
-0.119388163396569 0.302698378765783 0.0321682451601398 0.0768439519359516
-0.192044519171753 0.259362302096434 0.0244653544912802 0.0883397710996148
-0.341732935757394 0.179448735501805 -0.0258399751069743 0.101634140065444
-0.409182748670412 0.0131613194564672 -0.0844442882281262 0.0520483348149148
-0.347534715292443 -0.210735939281404 -0.0667915719709473 -0.0200235822707788
-0.286291122331608 -0.354927907946058 -0.0249782060034363 -0.0274198683043703
-0.265734299461795 -0.322280190282383 0.0236082712322426 0.299449225640959
-0.282490269235672 -0.266769527927922 0.0596243286887342 0.186451156819422
-0.360818593006555 -0.161368611414636 0.0437975301972639 0.0835218682378815
-0.372988306793217 -0.0065418826668022 -0.00482781195219553 0.0784006654293951
-0.284129963779643 0.141396203344378 -0.0426859598114892 0.0831210279389365
-0.194300869197949 0.222082302412826 -0.0346720459511928 0.14018240582874
-0.105039064184326 0.285904544037701 -0.00986237194452008 0.155286707625124
-0.0414620480354407 0.262756223860173 0.00101945562325041 0.166028821726196
-0.0383604399740909 0.272542552300467 -0.000245761861040814 0.156688015506017
-0.122271711158901 0.248127497285556 0.00790094196664404 0.155342296196266
-0.180877921716383 0.19256561545602 -0.00976715792727913 0.133184695879582
-0.283016200888814 0.11588803400255 -0.031946697970676 0.111442935058071
-0.323382880645478 -0.00863030700324919 -0.0530187875594273 0.0644155706393449
-0.281276316394414 -0.175944258994178 0.0122908432959946 0.0261899804171806
-0.255404088957905 -0.299961291671684 0.0635127171200674 0.0832755816675467
-0.219750907926662 -0.195161032086953 0.0919252996319111 0.377865322943762
-0.213544200969074 -0.136755613793697 0.124554261177441 0.239107846575831
-0.230965979136554 -0.0752082095830845 0.0623453290332185 0.0972392984498416
-0.222638538858819 0.00596577524983765 -0.013426705526283 0.0744694660029728
-0.176572407396477 0.0840822940587231 -0.0892153367461179 0.112487564483953
-0.131780904010809 0.141635483937607 -0.0818850800596107 0.204946395877683
-0.0819813160617687 0.191893758038186 -0.0398030099098423 0.238258699079723
-0.0442607873566964 0.177562742749241 -0.0191896066448256 0.24150756687327
-0.0500305706433153 0.182876682097238 -0.0229698875961571 0.226067120906554
-0.111004280577629 0.157936060946917 -0.0299828945289014 0.202533906597847
-0.144075452930921 0.10067044944411 -0.0534327153235943 0.148105719045316
-0.184371435251812 0.0351189232303848 -0.0448787233013144 0.0971946537297524
-0.191307061950137 -0.027938819856627 -0.0280282989888041 0.0613650310204426
-0.176514988263786 -0.115305809024876 0.0771375375891896 0.0611894438929995
-0.188208490999107 -0.199717489951473 0.138516976359989 0.17177451496828
-0.132244581172896 -0.0431922797402701 0.143320718753988 0.403313407860044
-0.0996375757379507 0.000600263777804149 0.175868298528487 0.255249053841601
-0.0647041850301542 0.00332412974017746 0.0818971982339231 0.0954867163460964
-0.0491276427259773 0.000498227017520596 -0.0111647768093596 0.0582235633095056
-0.0554233028828326 0.00785056113788586 -0.110802049186571 0.124473179168492
-0.0576322030954701 0.0377495291768697 -0.10556697470029 0.237752959666341
-0.0531218789363015 0.0664874733568253 -0.0567341487308721 0.283802528827063
-0.0420784525809351 0.0656258877662224 -0.0357673900909695 0.280381684009416
-0.0480462774436178 0.0694569319263899 -0.0496984113381061 0.260236793636959
-0.0720905112138531 0.0538417424149103 -0.0739009388087208 0.214343173136106
-0.0774560272899076 0.0114029674827258 -0.0974250653485504 0.133131583379272
-0.0595939353009633 -0.021108462981442 -0.0566106455123391 0.0641439483319673
-0.0461700631362096 -0.0185140894125709 -0.00657054675566672 0.0502751309989477
-0.0673848322858177 -0.0281435400997314 0.118903378439447 0.0888713238395662
-0.104979944034005 -0.0697735465742164 0.19094767257265 0.229211278546441
0.0163824183179459 -0.122391422230847 -0.253567058397707 -0.234575937706327
-0.0332530706965062 -0.112624676381051 -0.19411982783888 -0.113907543731057
-0.095785431858396 -0.0511988107310954 -0.0277966248127169 -0.016662227265497
-0.0903623613575351 0.0272505297458948 0.0540626055451793 -0.0119121111393532
-0.0314248027144422 0.0615881365658417 0.143223192522787 -0.101230690610551
-0.00378557664462842 0.0553041284838932 0.133783303266724 -0.221763781678829
0.0242175671321077 0.060516504298436 0.0787601553440994 -0.279096902793383
0.0301516302137243 0.0601166984574516 0.0488269937952776 -0.285529350559523
0.0233649390711081 0.0680837563701386 0.054229386265758 -0.281261798857767
-0.00503790483989701 0.0674790605896721 0.0878130034075556 -0.230569950140525
-0.0352075834247376 0.0739838677164796 0.103227495723801 -0.129806952825018
-0.0977663250287939 0.0489742794720076 0.00632335762234899 -0.0518068525967615
-0.104308255892434 -0.0284682873982337 -0.090272725741593 -0.0982904411924808
-0.0324436067660724 -0.0746928967249967 -0.165691596079196 -0.231549197230287
0.0116149085511491 -0.0710810946816599 -0.14965596803536 -0.406051008187991
-0.0814135381208656 -0.252561510429321 -0.224490790825376 -0.181947607415948
-0.120819875021798 -0.224080118777933 -0.173931697378542 -0.102339528262359
-0.218432221618449 -0.129511665375226 -0.0305148312759795 -0.00476690543112788
-0.232361931790486 0.00775100648367619 0.0511546828920474 0.0237735712163287
-0.14834632659668 0.112669070280467 0.151736225911668 -0.0671706512460343
-0.0841639865774956 0.147864900591908 0.150172547231083 -0.182204127521895
-0.017630290655363 0.1815328186046 0.0919750426358492 -0.239728467201193
0.0152582453237281 0.174179458365164 0.0535192263650948 -0.238735457199078
0.00829436950438037 0.189106438804696 0.0456119747681576 -0.233081528478355
-0.0586873754730166 0.176726573273858 0.0754614628260097 -0.184073466313826
-0.114525959966152 0.159115879626092 0.0871753136296819 -0.092419686533302
-0.225483127596062 0.102999075482359 -0.0157296765250603 -0.0150422233455683
-0.253469759541602 -0.0333073908163975 -0.124486879822986 -0.067766377107832
-0.163537918255356 -0.165309941600367 -0.197114696534398 -0.201751137375098
-0.0961728961539697 -0.213858419680789 -0.178184018795311 -0.35700704501779
-0.167177838748195 -0.356106891943538 -0.179823669521243 -0.0857597905123798
-0.19801749514012 -0.318858961226969 -0.135214011631337 -0.0600141310023419
-0.323747959851156 -0.201570365783896 -0.0227573537489651 0.0105260802130315
-0.36119107258037 -0.0200091599612517 0.0424083766276816 0.0493070589393457
-0.259450798520853 0.148515279182803 0.132526785206529 -0.0331057895481186
-0.162729343520916 0.221969102882631 0.135976222003638 -0.119916733328253
-0.0616027728157856 0.277100976011605 0.0855429284619697 -0.164694383243921
-0.00154759407155978 0.26256545801496 0.0492061144977834 -0.15548031478107
-0.000471215649420324 0.281745410332968 0.0347759647095231 -0.149695132481581
-0.0908421517713204 0.265784399801819 0.0605753273360221 -0.109878136252207
-0.165420279916467 0.235143922086249 0.0677032445219523 -0.0384245367940963
-0.316608146067106 0.163808941378027 -0.0268599303118848 0.0295457195386583
-0.372392659639365 -0.0113380251229921 -0.132956576859098 -0.0220213133734459
-0.281563562720827 -0.214809188748555 -0.191064893654949 -0.144845889505325
-0.199715950398463 -0.316767631803718 -0.165133037809692 -0.266195305445807
-0.233915036099975 -0.410115188935485 -0.120834213003098 0.0422544826445761
-0.264363394081839 -0.369447368283738 -0.0791457091768892 0.0139596727579907
-0.404732462673417 -0.238752832061866 -0.00310653780503479 0.0329967720340474
-0.451310385952084 -0.0283901181449199 0.0307327631264445 0.0648284029890705
-0.336038360267586 0.172788149775879 0.0857597127318851 0.00309533740291834
-0.21701623972624 0.267366324015542 0.0922429306976489 -0.0388680884941665
-0.0949469560787838 0.334009186331641 0.0612780344264324 -0.06284810985087
-0.0157720270904803 0.312253937243636 0.0384956136928238 -0.049119063240271
-0.00819266306808215 0.330368138005707 0.0250010764236626 -0.0453123528891271
-0.108383810386115 0.314740720864564 0.0482629034580255 -0.0175067184986075
-0.190959393959223 0.277797927496853 0.0490691113646115 0.0272750601929966
-0.358958278585818 0.200802776981521 -0.0271685814364103 0.0736420138875788
-0.432565487292266 0.0101565543690651 -0.116934505580991 0.0234569270354767
-0.353677133029598 -0.227654279782104 -0.143319115732581 -0.0796454253795364
-0.271371569248529 -0.36515805124133 -0.1089874771495 -0.149227952577655
-0.271755096289889 -0.399459767956346 -0.0502698839774347 0.179913698570624
-0.300314600933812 -0.355544211040914 -0.0101718393686586 0.104718666186095
-0.429021910725893 -0.226921505443626 0.0221216067056416 0.0605019313411748
-0.465628443956207 -0.0211663730922041 0.0137037698230761 0.0754363397217013
-0.349700821118837 0.174896543791951 0.0216227547404796 0.0445023948252729
-0.230137913016264 0.271225436552507 0.0297690372975884 0.0537999589985512
-0.109871399891739 0.340223034172126 0.0255130768029692 0.0520265251468632
-0.0292535294285359 0.313692423664034 0.0222142714106294 0.0651225501854283
-0.0205825596083404 0.328103660825659 0.0158123787983405 0.064183857734374
-0.118667926875804 0.310118890933571 0.0338874361830249 0.077958403502608
-0.196386838963938 0.263979393061724 0.0252967136624284 0.0910923469036825
-0.347911436096066 0.186018774609209 -0.0259295932139808 0.105289952277468
-0.416885985316714 0.0136107652741814 -0.0849262812473565 0.0554890613670789
-0.354664747893481 -0.213209271591786 -0.0676315574418935 -0.020509192649232
-0.293184857835875 -0.360103851324326 -0.0252384068113453 -0.0267975748979585
-0.270530610299447 -0.324331150387386 0.0248383247809609 0.301070118019179
-0.288049414361718 -0.271325644995392 0.0616146479807307 0.187444511061054
-0.36895219774327 -0.162830042764303 0.0445740217782373 0.084449783372712
-0.382244672430639 -0.00335025028268154 -0.00389268615515926 0.0792333873463032
-0.28964246769775 0.145585646204925 -0.0432690625479125 0.0850303131385212
-0.198035403965585 0.228808899579591 -0.0328990830229405 0.141818602865537
-0.102760563780103 0.291354302532168 -0.0118881340591635 0.160242346804818
-0.0397003794899952 0.268414778181165 0.00242148025424381 0.169029026469431
-0.0379532253233076 0.276360405124813 0.000664551526549308 0.160656821155291
-0.123341434219323 0.254987096623885 0.00985130740414007 0.156788969888652
-0.184886681368558 0.197373766229527 -0.00885929092930349 0.136400170563399
-0.287493269790653 0.120112292959321 -0.0324471337425559 0.114964633243256
-0.328934488282645 -0.00801377730842273 -0.0531509338582141 0.0682683830224211
-0.287457068098539 -0.176880439540603 0.0132261930048025 0.0262550267213186
-0.263436093014158 -0.302512634932039 0.0660819554614453 0.0854321926677179
-0.224709968771098 -0.196448073239677 0.0935910559483235 0.381102806510098
-0.218413228551386 -0.140181070929311 0.127522948849689 0.241595814654669
-0.236919858240337 -0.076173656829793 0.0641116685986016 0.0977799746439208
-0.228386558801368 0.00762677483577223 -0.0133957184023029 0.0744288314309704
-0.180635262255571 0.0861649296528294 -0.0897873663394895 0.115141285624112
-0.133727551283342 0.146178898678005 -0.0809959015651405 0.208011106298894
-0.0802674674788719 0.19577260479592 -0.0421586636685641 0.243549774651975
-0.0436979222140488 0.182019201029481 -0.0182920980644192 0.247068097165241
-0.0501620088494482 0.185919300305356 -0.0225220783247238 0.230266432658902
-0.110966740474803 0.162678228711878 -0.0290466621643324 0.205152493169535
-0.147653709602208 0.103357653400443 -0.0533190229201016 0.151714873540348
-0.18665142175274 0.0372568743085463 -0.0462344972828893 0.100104010390584
-0.195371450511823 -0.0278428595646974 -0.0266858815260714 0.0652266876638284
-0.181100325393151 -0.115612663353704 0.0793800068202518 0.0617235561032468
-0.193113320863771 -0.201817977048173 0.142463282893395 0.174965808326873
-0.135505538088561 -0.0436953890133095 0.146074693913121 0.408865988270953
-0.102300114634892 0.00019454176535115 0.179928468306747 0.258157284330805
-0.0677487426390343 0.00357577309090752 0.0846921458712114 0.095796376810842
-0.0503303516842968 0.000932289726383726 -0.011699171479274 0.0572039449882372
-0.0564701076406639 0.00768285764877041 -0.111883770759517 0.12637957792471
-0.0586435269771367 0.0387992368575296 -0.105554553360189 0.2415075729282
-0.0515687276064443 0.0690926957346419 -0.0576821921463117 0.28822600242694
-0.041499054252629 0.0681165249266112 -0.0366322157344007 0.286914762815906
-0.0479305813727048 0.0714230670223414 -0.0505228962575456 0.265062218853614
-0.0723808491002537 0.0562918588924437 -0.0737373824603087 0.216756456558011
-0.0791331190936423 0.0129795692895415 -0.098502128560055 0.135789214334218
-0.0600814682124533 -0.0199646495568868 -0.0576672282425383 0.0657849949047177
-0.0479585439878841 -0.0180834656290152 -0.0052417361026001 0.0533302575582143
-0.0695375328265354 -0.0268691068046934 0.121873106475367 0.0899172903088125
-0.108683699605377 -0.0705017845049878 0.194947505332926 0.232781352350146
-0.00195327747903619 -0.121812616472304 -0.264916627017487 -0.221457903687623
-0.0489085934651465 -0.106781958639938 -0.200435165013537 -0.104102817000719
-0.103234352449748 -0.0404118383510375 -0.0246371936153351 -0.0228378700298013
-0.0880861396326417 0.0390078896587727 0.0533543434395863 -0.0239217896727058
-0.0254964436274937 0.062292141384023 0.13163778341018 -0.116945448767882
-0.00113641501644173 0.053191456956148 0.114172790917872 -0.237172417747069
0.0308533246148392 0.055754465720654 0.0504407819449302 -0.292676034198163
0.0344774069852741 0.0558736467662166 0.0251575731552484 -0.29780033358247
0.0314009994438539 0.0657957726481141 0.0334122960533485 -0.298004098213776
0.00341014935368587 0.0705302443715297 0.072949439353016 -0.2494947252586
-0.0270168047660532 0.0788824546456309 0.0974803090445226 -0.146132039751413
-0.0932665744838097 0.0613389930124079 0.00531046525802036 -0.0579863186210247
-0.107444167767165 -0.0198013124324939 -0.099335475970496 -0.0964493079910619
-0.034140317942704 -0.0766366020429266 -0.195351697591707 -0.225988781976109
0.0128823356376395 -0.0770792709832877 -0.185931034801993 -0.409696873111782
-0.114361612488973 -0.239315795172543 -0.221209787715975 -0.176584967389373
-0.148827752102304 -0.209076731178184 -0.172072011036309 -0.0989403242210439
-0.235884816706183 -0.103265486103728 -0.0185559914477821 -0.0203925042618998
-0.234754695885195 0.0376369063274172 0.0578949332373871 0.00208403701471477
-0.137402726800394 0.126261142720592 0.140474296562677 -0.0907036416247918
-0.0724920227781056 0.156439450398262 0.130437257531345 -0.202618312518872
0.00375738452172703 0.184299350066964 0.0623976535544854 -0.260601165824464
0.0294533359647626 0.173147204633815 0.032512258193364 -0.249825440883962
0.0292376990443318 0.190107066580077 0.0288766128130126 -0.246784999628222
-0.0401344560842897 0.187961033905474 0.0634881073149613 -0.202701227032448
-0.0990903369140033 0.174223692079338 0.0835838278210495 -0.107943710675899
-0.218447996050379 0.13070282112272 -0.0120419764233977 -0.0209080695343897
-0.261442097394409 -0.0101759155543526 -0.125536147545042 -0.0619426792241917
-0.181151076856549 -0.159215478270011 -0.221634494449311 -0.183390470525787
-0.113034465280175 -0.21860215837379 -0.211702055911606 -0.345398552364165
-0.209730558418965 -0.331143613815829 -0.161604474435146 -0.0884913500101551
-0.235634037842868 -0.295654651210515 -0.122728594803425 -0.0641626578047531
-0.352351791399811 -0.164872424149944 -0.002524477773225 -0.0133550312701694
-0.367553986427215 0.0279242979628454 0.0555616074316892 0.0178282929184667
-0.245907787794567 0.17556492416523 0.121309682289286 -0.0617558691028311
-0.144012900610982 0.240048485214437 0.118385104289562 -0.142962737896189
-0.0285247347519954 0.28926418238617 0.0598461945420698 -0.190031791000945
0.021319457196155 0.26454529304634 0.0344964103897866 -0.163219497598609
0.0305097196096996 0.284964937642703 0.0247653292863701 -0.159098624851048
-0.0636491878680397 0.282288541031476 0.0541254861201195 -0.125910468293871
-0.144054486121776 0.256216581913881 0.0683636462987704 -0.0515039082683161
-0.305242963317672 0.203357738123807 -0.0177105216207046 0.0243405425256676
-0.382331695461181 0.0227643707617183 -0.12595909806766 -0.0147190038031364
-0.310612060699463 -0.200453886690063 -0.206101307720488 -0.117432020912753
-0.231163638763416 -0.31744278856568 -0.19020451188716 -0.241315438449201
-0.280600831438125 -0.376551124013119 -0.0888306320898038 0.0332521178958847
-0.307763936842107 -0.340580778099031 -0.0562121047959407 0.00324311435789754
-0.439032059785736 -0.192671882811499 0.0240407317623996 0.000127917784453232
-0.461160013524918 0.0303736913400787 0.0480341315730681 0.0272985253466587
-0.320689887629814 0.21010655151069 0.0746345128330637 -0.0262153235035619
-0.193890946030538 0.292211006347161 0.0786686808508348 -0.0599230585745018
-0.0542407362845685 0.352205855884656 0.0425010603736421 -0.0881044589936564
0.0118354191779755 0.316195354896771 0.0315581451141081 -0.0528170309623194
0.0281310614475043 0.335634673148279 0.0238476606871016 -0.0489675583648963
-0.0765915965881108 0.334479084375863 0.0488202157930047 -0.0290206688384076
-0.165528583082742 0.301809659913754 0.0532041193182988 0.0177800147729902
-0.345314233215072 0.245700553535392 -0.014341554799325 0.069088290418954
-0.4426521906308 0.053999418026141 -0.100904305943967 0.0308388453680367
-0.387132630796513 -0.206084744732427 -0.146842332686722 -0.0501342757884495
-0.314977617338754 -0.362007604389182 -0.122195073909246 -0.117354026301483
-0.315898445488681 -0.362562158890972 -0.00958421820061856 0.166426417650436
-0.341196491717185 -0.322504800004982 0.0200325681878153 0.0881260358365907
-0.460110474538094 -0.177357648363489 0.0509125262085506 0.0236232836415723
-0.474973852804036 0.0398232112375867 0.0317428866293309 0.0370988399729079
-0.334059838396819 0.214697949458367 0.0131142110262067 0.0205651700476245
-0.205835738733275 0.299448397257839 0.0230934310176057 0.0389276852936144
-0.0677134943856974 0.361653493963177 0.0161794241854839 0.0310711522024813
-0.00104861232654405 0.319844155680084 0.0250149419701152 0.0663088194982448
0.0151718876846885 0.334584703477688 0.0231057272748666 0.0661686934615564
-0.0881115328519303 0.329845126313865 0.0416522881581615 0.0722863401081005
-0.174387652310828 0.287807016035258 0.0346063690209969 0.0866289603506152
-0.335271688012447 0.230327343176076 -0.0103424695155575 0.102596663565815
-0.426201197377018 0.0547345373704495 -0.065206393825017 0.0621901097706484
-0.388344384952014 -0.188677810826492 -0.060867327656832 0.00551218230846683
-0.338979799239594 -0.352474089325166 -0.0246059558129496 0.0052781109886792
-0.304157082201587 -0.287525879500294 0.0683011939074362 0.285554424568909
-0.318048676937214 -0.239344855510344 0.0951547886152949 0.168646558161653
-0.39489804508688 -0.120001020428257 0.0706450934284562 0.050744509741648
-0.388879109417104 0.0477190040149748 0.01067231373294 0.0482425792290125
-0.277692563482171 0.180077628374029 -0.0473196085923729 0.070901120085681
-0.177415233909716 0.254464780456941 -0.0319095536349814 0.134957926295869
-0.0668131102996106 0.312010374612723 -0.00968266479071304 0.1472242839246
-0.0144281633725886 0.275670467725454 0.0137290828027469 0.174769565315551
-0.00739557887395214 0.285329051691426 0.0154822733614495 0.167824702948506
-0.0984738550055271 0.273233195896487 0.0230119679284968 0.157710656474912
-0.169590713663536 0.219172967861166 0.00296358265353735 0.138523694922289
-0.281472096648625 0.154157584749363 -0.0175347499777927 0.117053556899274
-0.33917537830225 0.02401361990658 -0.0332123103326979 0.0753358688035315
-0.317492827531172 -0.155711308832323 0.0260435086937522 0.0444433980687518
-0.304288026879774 -0.293121957518767 0.0774038073431138 0.111591006984471
-0.241646856235935 -0.167763943617389 0.133250354340651 0.366728785711192
-0.230736761696807 -0.116336269294263 0.157953627788606 0.222881310533429
-0.249431374522747 -0.0483274490295796 0.0830003766106892 0.0743303536838369
-0.230375116659214 0.0395256135112726 -0.00424820194971648 0.0562968655058308
-0.172976649966321 0.109282926896947 -0.088138764279394 0.111865351391326
-0.119544109165278 0.165128305369927 -0.0717668013874646 0.209967102470166
-0.0553668777935565 0.212070519459172 -0.0287774421450496 0.240107874887915
-0.0258468421948779 0.189541944949787 -0.000192081090757631 0.256906157198937
-0.0301208444325757 0.1949331880281 -0.0028795103660811 0.242968116590595
-0.0951625256542335 0.177465731978004 -0.0127216841675222 0.212541420718497
-0.140591803864203 0.120259515232614 -0.0417902964949211 0.159588875433408
-0.187252453123828 0.0576593013819204 -0.035237784104118 0.106194728537958
-0.203863500108748 -0.00887530516055344 -0.0124938259820666 0.071373152527456
-0.201265592378428 -0.100925398914204 0.0956910848646034 0.0700306150119864
-0.224506651164317 -0.193094343019599 0.16407009931658 0.191809922116663
-0.134581909721266 -0.0266785907802018 0.175869221599847 0.398302945580558
-0.097539764835073 0.0106390952874421 0.204107947039012 0.243262060008024
-0.0675529704240263 0.0118342452151128 0.0951268500929215 0.083688631925951
-0.0503262576383277 0.0088407337360262 -0.00773933799069224 0.0535211498391394
-0.056392676575866 0.0169305739331557 -0.104363822699936 0.134597131104813
-0.0540104250261573 0.0485271751067129 -0.0892213980631729 0.250969251759452
-0.0420155201363319 0.0789012052678389 -0.0353504663643888 0.293873379731403
-0.033888544228286 0.0747578250098584 -0.014141036214428 0.298974062480668
-0.040327052227295 0.0781521274833572 -0.0316636281799563 0.281280528181875
-0.0676113401366188 0.0641326396616685 -0.0587895470380719 0.231650963400741
-0.0802068224379504 0.0210123643341864 -0.0901125576638272 0.149228927244093
-0.0640727156712131 -0.0146727564502591 -0.0531656606521255 0.0745219428597861
-0.052545153090065 -0.0134324652997878 0.00373450863745792 0.0585248909778939
-0.0784620173558697 -0.0189726486186241 0.1393422484924 0.0881768055806388
-0.125188100942197 -0.0621449120395812 0.223222474818257 0.238247485446629
-0.00860892220579994 -0.123697809082121 -0.28095318246175 -0.208626929662318
-0.0550180921541924 -0.106013089381557 -0.209711112776203 -0.0933217043636678
-0.107485547377126 -0.0352732270635248 -0.0267024219628309 -0.0216989915152365
-0.0884712457284579 0.0451952630588501 0.0523268496251676 -0.0266981179911343
-0.022866913270431 0.0657828041097108 0.125191196853168 -0.12568970302172
0.0024754961885975 0.055524738425467 0.0994779219356088 -0.246611213892901
0.0337186876836829 0.0543029739758084 0.0346340060453692 -0.299093983092479
0.0385116914652593 0.0539185301745958 0.00854025100740714 -0.305810919439428
0.0355411606533268 0.0646577622435881 0.0172460319460807 -0.305593828814893
0.00634059484215247 0.0713049676005778 0.0593355975645997 -0.256694056339459
-0.0231948302934197 0.0812216756052245 0.0914504054753859 -0.154169428565419
-0.0912434709233522 0.0682399453301197 0.00327821114582186 -0.0586149969970795
-0.109434640807211 -0.0138573752969275 -0.107484151208088 -0.0921713419918164
-0.038458016964653 -0.077071485950824 -0.212635563489768 -0.218114013251962
0.00966809491437807 -0.0791751529843361 -0.212467254067291 -0.404824429587598
-0.129116938192133 -0.235066926998318 -0.234404651760904 -0.167395652447078
-0.162419463127466 -0.20389344028354 -0.180859909689598 -0.0910526085014988
-0.246688735205674 -0.0926402122910599 -0.0202938572938437 -0.0195263854180877
-0.237500319637812 0.0535506608384412 0.058680688010698 -0.000664753921460646
-0.133294921462238 0.137724089299431 0.13577306102134 -0.0994043949311519
-0.0637311372764354 0.165168402018609 0.11942083961886 -0.213782309867354
0.0147832443590712 0.186379901512038 0.0494900145010696 -0.265649088882422
0.0411777347233478 0.172496064375762 0.0193751296536882 -0.257583815406483
0.0411969443948648 0.191898180638981 0.0157017648303004 -0.252081695254406
-0.0298519457492849 0.194343194610612 0.0533636117303966 -0.20887487265667
-0.0920859928943421 0.182878296908983 0.0800040735132937 -0.113936659899738
-0.214892633037348 0.146988136400178 -0.0122177587885279 -0.0186141563589139
-0.266716314189156 0.00474067000227762 -0.132181420448777 -0.0551190550313417
-0.192853023155314 -0.152230561038005 -0.236768567136903 -0.174037118971135
-0.127771323440931 -0.21500199234433 -0.235071093729075 -0.337354630043426
-0.230427601747647 -0.322254502640078 -0.168581879336477 -0.0819523170990667
-0.255479480098813 -0.286446648606992 -0.129204094365511 -0.059612950647241
-0.369363539673579 -0.146997318690681 -0.00346630395626724 -0.0146208660462058
-0.374142966869923 0.0519999784079565 0.0573350999842903 0.0153100659104753
-0.241514696086714 0.194200918181795 0.118755099423186 -0.0679282081259482
-0.131630447632778 0.255112502286428 0.111608042126236 -0.152413184829917
-0.0112179153770199 0.294669956789393 0.0500112638208654 -0.192161040365491
0.039614929528683 0.266872327018518 0.026007299743548 -0.170260352947992
0.0486662992995837 0.287965733492663 0.0172480131670552 -0.162967793019968
-0.0480874698224792 0.29170224214242 0.0480649703798836 -0.13002600604843
-0.133231848012341 0.269819107254359 0.0679072522461246 -0.0549529770017353
-0.298935427473166 0.226308161314673 -0.0153278720225143 0.0276020123660553
-0.388296754879174 0.0462411155744281 -0.129494880654683 -0.00624521490608876
-0.327806890550405 -0.185612980753406 -0.217620509998768 -0.108260395498921
-0.255234563186339 -0.307754228940303 -0.206534611711091 -0.232206874410549
-0.306323328929901 -0.363458753674165 -0.0882623983674338 0.0360291845746836
-0.331567639112592 -0.328087172699305 -0.0577694366914238 0.00412803225044493
-0.460018542569482 -0.169919341483554 0.0250122703824802 -0.0018358113428838
-0.469261917391385 0.0603442872839386 0.0502839412853757 0.0243300852922786
-0.315570676581071 0.232879621741162 0.074539014829117 -0.029147030555232
-0.17940605176899 0.312418388996339 0.0768039413890952 -0.0666514741164905
-0.0325255845838191 0.360073990281144 0.0383296749823627 -0.0870051106598304
0.0332845994735466 0.320438216887227 0.0300417458490091 -0.0573505624625139
0.0493091457024078 0.339998382166036 0.0231081483535449 -0.0511502931649687
-0.056373614590784 0.345733971473267 0.0484251381300951 -0.0319621883910265
-0.15285514822025 0.318115026144056 0.057351421967924 0.0161764174865195
-0.336424153009969 0.272326035531514 -0.00879235152456067 0.0734437272539191
-0.448810051329699 0.0807658987444933 -0.100971513243128 0.038994860772987
-0.405574871033637 -0.186199587864794 -0.15321711819063 -0.0432927208545201
-0.343074126619298 -0.349745769364004 -0.130278462525184 -0.110340607366947
-0.339306571428566 -0.34703673679451 -0.00128485457700813 0.166964533327603
-0.365297712030968 -0.308650301455486 0.0251916772366955 0.0857593261102551
-0.481174692281554 -0.153216094031346 0.054048383304141 0.0197947930822457
-0.483207203702239 0.0706752845828354 0.0338388908120573 0.0347796068006617
-0.329380700236923 0.238324945650212 0.0146455759439645 0.0210591846484401
-0.191015094505927 0.319601459400706 0.0268612063787371 0.036319059196862
-0.0463947675487689 0.370187845939524 0.0190766128727562 0.0354046327737037
0.0210685986946354 0.324567425666328 0.0294855279164526 0.0644480472261654
0.0364012958096718 0.340389175008759 0.029122516975496 0.0657235461902652
-0.0688056387814462 0.342743716701968 0.0471188157891279 0.0710061538643336
-0.162196778148911 0.304766376397015 0.0423441310618976 0.0880552763230497
-0.328149128382403 0.254674141622584 -0.00268273163107397 0.107842209196989
-0.432361253601703 0.0815319260404806 -0.061579024024379 0.0690114000649656
-0.406466438054259 -0.168781001045813 -0.0620907766681677 0.00824413026052194
-0.367143630531953 -0.336643212235856 -0.0237516597315849 0.00796960288142234
-0.325212004482356 -0.272170948947368 0.0844800426267547 0.28384912065677
-0.337753816499278 -0.22452457367325 0.106305703513999 0.162270519907781
-0.410235095183695 -0.0979373283613294 0.075690573934418 0.0464085298333952
-0.39410100480083 0.0733182146141166 0.013033475397159 0.0471529789168984
-0.273631540478162 0.199165881803415 -0.0428509616544451 0.0753994076725411
-0.164628316289178 0.27191520915434 -0.022698112658104 0.137046915928267
-0.046939923475083 0.320152705012164 -0.00130403271816696 0.153986358193599
0.00475351292711056 0.280831997152638 0.02456276136823 0.176474199748974
0.0102789654671451 0.29107979648678 0.0268712270537958 0.170618293914914
-0.082146841324949 0.284801052471227 0.0327395293079864 0.158687357744726
-0.160460268993165 0.234365254458432 0.0131755464793068 0.141660285402042
-0.277083888588427 0.174707605092469 -0.00959223760965965 0.122513602064599
-0.345023860590212 0.0456022164105369 -0.0282921483955146 0.0802097451381796
-0.33166384710584 -0.138510505881548 0.0289981247533123 0.0426409302802924
-0.329259978950943 -0.279177555224271 0.0868801726841492 0.10952757614099
-0.25550159072153 -0.154247927848746 0.154320552556367 0.363359967150048
-0.241585101360333 -0.105442234526413 0.173191033946657 0.21419387272458
-0.258180936193899 -0.0335639853625279 0.0891708535141866 0.0692003314583015
-0.23286203008916 0.0551505317683997 -0.00214186912481289 0.055863827966205
-0.170698522092074 0.120554985037074 -0.082699352658105 0.118798172940534
-0.111661605685188 0.176489988210074 -0.0593270977621775 0.216184957203886
-0.0423140929591744 0.218459796596867 -0.0151613068312519 0.248571707215421
-0.0123548649961796 0.194657376550984 0.0149968370669879 0.261686565570506
-0.0176876046233331 0.20061046627857 0.0114285688690688 0.247509576766333
-0.0854212988307867 0.188313035329383 -0.000680285594922581 0.216268249170258
-0.136555076086213 0.131701723173747 -0.0320046563354761 0.16581658386635
-0.186974903092287 0.0717457220096383 -0.0286470349751838 0.111338320526209
-0.208608928820536 0.00420308681453988 -0.0057352775995831 0.0745490687440699
-0.210769426190556 -0.0898142830308423 0.101142304022459 0.0652643101964454
-0.241915658746016 -0.182100224943694 0.179040810088952 0.185191674650376
-0.139021237192194 -0.017793759319231 0.198381758308891 0.392398053521739
-0.0993021152035725 0.0164026236634812 0.221306104596825 0.23319328016482
-0.0688456616059567 0.0165108931677127 0.102152629370965 0.0782367327250766
-0.0507015493970433 0.0124456459378963 -0.00492132754333328 0.0531811549706766
-0.0564966491743883 0.0197420329875201 -0.0983254241831675 0.141449757967603
-0.0523325405623695 0.0532347508434049 -0.0748014142900369 0.25899063664487
-0.0365892332910354 0.0831948507143572 -0.0196497101593777 0.301130044856773
-0.0283905361314438 0.0785102893739856 0.00275166861848208 0.306254115106529
-0.0355455315125171 0.0825876313498628 -0.014138725743822 0.288730624222285
-0.0638497231673792 0.0705097756459487 -0.0466061461324466 0.237796394857062
-0.080020463414547 0.0269832145056547 -0.0822161866583752 0.157809494688779
-0.0656764987718347 -0.0107176644927917 -0.0488320153378888 0.0796243331127953
-0.0551107121562049 -0.00935931116237661 0.00920118612827509 0.0607125746680154
-0.0814980256305965 -0.0133614552493794 0.147446158145982 0.0806454118496333
-0.133230816997935 -0.0546654475481647 0.242313718244911 0.228576294010522
-0.0163733046348376 -0.122157537276769 -0.288646031347081 -0.187660426666004
-0.0607471248210841 -0.10152969697192 -0.213110867330211 -0.0770031148043762
-0.10914026058283 -0.0280161022310562 -0.0273919609981025 -0.0209679035313917
-0.0845952497727161 0.0514912214901793 0.0493966683189727 -0.0292519412973958
-0.0188376841339316 0.0673939356966221 0.114473568809172 -0.130465716017713
0.00629162869653782 0.0555197544338083 0.0810808610956392 -0.248776019983906
0.0358725551515586 0.0511930734313228 0.0160655464680742 -0.295701999093962
0.0415397785546253 0.0495413781468667 -0.0107073664792406 -0.303813395326423
0.0387262534236581 0.0612692732162937 -0.00273980054069102 -0.301893016757181
0.0101963701242263 0.0700216278896209 0.04295976004726 -0.256198739482219
-0.0179008560383517 0.0818890431765971 0.0808300288717178 -0.158883336820228
-0.0855167347436125 0.0734586525372246 0.000501433134898211 -0.0572880030065608
-0.108401697537697 -0.00718937358013065 -0.113726693100781 -0.0832861268125155
-0.0426590969037841 -0.0746849019779699 -0.225083104949478 -0.20061539713783
0.00477527771865542 -0.0792487017670937 -0.235077018168471 -0.385148412743887
-0.141353897640431 -0.222366903164789 -0.241093006066419 -0.150983848865668
-0.172324014256124 -0.190258395794704 -0.184858015448423 -0.0789013855039951
-0.2504519415697 -0.0747363816407399 -0.0212859756422887 -0.0185111870298776
-0.23183544374614 0.0705027577181945 0.0574939052522428 -0.00353432335838572
-0.123844935663509 0.145482733087943 0.127498020809814 -0.104541111899633
-0.0509989153646619 0.169329445225001 0.102529671585118 -0.218528903926026
0.0266423695506404 0.182478512240427 0.0331065339332014 -0.262661645956473
0.0528293971868967 0.166917994580537 0.00233142885361448 -0.257416733327331
0.05334506898897 0.186780367509622 -0.000506156860802049 -0.249799386953129
-0.0167619629385608 0.194862854351483 0.0400615736731436 -0.20830887712934
-0.0796910021837861 0.187462792493629 0.0731185104108634 -0.117433538355671
-0.202644285729358 0.160282060552882 -0.0120109709464261 -0.0159695434300568
-0.263476508201334 0.0221185630833809 -0.135542459105107 -0.0445555473235117
-0.200741170104766 -0.13856739360058 -0.246621759180105 -0.156369178550511
-0.14024826850545 -0.203968909020277 -0.252627727416116 -0.316703678410681
-0.246789346996574 -0.299524716462296 -0.170978831245898 -0.0723470179952091
-0.269782775333608 -0.266338637934903 -0.132653753724426 -0.0516903775652905
-0.375147127418193 -0.120073668841249 -0.00389979096572311 -0.0157123127329092
-0.367446621347308 0.0792086282955286 0.0577309207670273 0.011633086370272
-0.226750819742417 0.208096059319134 0.113759140676565 -0.0733205972758901
-0.111291437635614 0.26343908583132 0.100082575996852 -0.159255253800024
0.00866027783403374 0.290382262914307 0.039024526644381 -0.189065518470967
0.0580406615757132 0.259711683764185 0.0152489559740595 -0.17172384733742
0.0675715760293086 0.281175576361865 0.0077829372788271 -0.161819954276733
-0.0268944047763607 0.293265582071045 0.0405726631247361 -0.130889367793434
-0.115364840536076 0.277224413003128 0.0659736990337838 -0.0585060669627734
-0.280280204599776 0.244803986003604 -0.0113173713087492 0.0307523062503557
-0.381211525597968 0.0714281905453547 -0.129268716958166 0.00404210875643899
-0.335488217734702 -0.163795181731023 -0.22366127190447 -0.0927132398944985
-0.273598908518651 -0.287136236823087 -0.218286030898211 -0.214130497495276
-0.32198534815206 -0.3356608233042 -0.0854828967017059 0.0384155353346798
-0.347509914527415 -0.302633556347197 -0.0579514082000432 0.0052824195847181
-0.465396587887678 -0.138198011793103 0.0240454022390843 -0.00466525187188655
-0.460598703609001 0.0937481546172564 0.0510230490538829 0.0204792702705727
-0.29745143149145 0.25154393753288 0.0727143361017186 -0.0322969161652953
-0.154067535757785 0.323233225049893 0.0725037008466794 -0.072583382170686
-0.00774641681106316 0.356427897063491 0.0341160529272855 -0.0836063911703622
0.0562401843421202 0.312650938162211 0.0256624621284941 -0.0600418969445421
0.0727362931536139 0.332597393935876 0.0206747394980252 -0.0518782818136749
-0.0318532450232774 0.346562754771019 0.0470090022472281 -0.0339508407727457
-0.131817412496219 0.325571659728128 0.0605857394404408 0.013138826399766
-0.314979096042962 0.29330834458345 -0.00103172123619737 0.075550803895372
-0.43865284914938 0.109337393223996 -0.0970517137501296 0.046893411773844
-0.413718495778983 -0.157479602760458 -0.155096312379153 -0.0327814538298244
-0.363159418725565 -0.321183947046063 -0.134840741649776 -0.0994126364783179
-0.355259524562534 -0.317946763101937 0.00801354061252379 0.161652453711147
-0.381104881415611 -0.280605704186418 0.0287747725659707 0.0798654468196865
-0.48717674925881 -0.117650237251956 0.0551561767466102 0.014466372653892
-0.472263241550209 0.105717821112886 0.0352088014546434 0.0310163487767943
-0.310771388143928 0.258057307972108 0.017253304757351 0.0208454292167695
-0.165843861640265 0.331122782866173 0.0302073394222182 0.0317189021956336
-0.0194982041226796 0.367888930317607 0.0227218320077898 0.0385890581222887
0.0449803118888596 0.318443406057522 0.033685089870576 0.060481899069643
0.059503651534161 0.333562191689256 0.0344836405571038 0.062886067049104
-0.0434516327073776 0.343822235237152 0.0519781542638507 0.0670789461592494
-0.141230033572732 0.313560355667907 0.0506921385489501 0.0849098176555699
-0.306620551536986 0.275091347004757 0.00643649288188602 0.108787843356861
-0.42166377326006 0.109084533234973 -0.0554808262677591 0.0735394396690804
-0.412519863530191 -0.13897780488142 -0.0618367000784019 0.0117720706968339
-0.386992237664437 -0.3069207046552 -0.0215846707896716 0.0105740429559792
-0.336185556225132 -0.245038313104623 0.0990189335289053 0.272250332683902
-0.347987035770065 -0.20121619355628 0.11340999024111 0.150655095208724
-0.41392400993361 -0.0685678401727392 0.078245202017995 0.0391041712359127
-0.385883119978035 0.101205144358949 0.015568433335712 0.0446449603485386
-0.258360398657748 0.215433124536099 -0.0364796688539555 0.0770475388865525
-0.14325615758818 0.282190893732544 -0.0124108625724452 0.134367653455076
-0.0239590932482868 0.317757101355245 0.00972064788673895 0.156690186840317
0.0251983815413087 0.276496102054958 0.0352630739008159 0.172138017112032
0.0314127487572901 0.287086809801804 0.0378432435843979 0.16567489410733
-0.0611190517604985 0.28815711893463 0.0439756502916606 0.154415684175413
-0.144612298120336 0.243356306393503 0.0249136279911691 0.140306987399499
-0.262017160340557 0.192297552878012 0.000145265827423453 0.123345972912856
-0.338266360538227 0.0691022635390235 -0.0207040039956117 0.0818766385641249
-0.336093755415501 -0.114347058515452 0.030629222624108 0.0394119596935158
-0.345495021633258 -0.250960425145587 0.0943260495570552 0.10266248312981
-0.260421514061106 -0.133900849794384 0.172413402280569 0.347291124162041
-0.246387238248266 -0.0887383392995512 0.183557604242487 0.198219039390741
-0.258883817889628 -0.014567190221348 0.09301955259609 0.0606225546339303
-0.227586952657133 0.0714331590103716 0.00127192425298142 0.0538240047859846
-0.161922023186498 0.130691407281601 -0.0730573290262796 0.122066095176732
-0.0979799991939763 0.182720026079431 -0.0438389889802357 0.21519218679364
-0.0249936315352754 0.217649590440018 0.00108599727725645 0.249493906669436
0.00213587407640724 0.191783665040966 0.0315643910390349 0.257386627441503
-0.00236524695760321 0.1997792358297 0.0280968700591962 0.243452837941015
-0.0703028761949836 0.191993720685316 0.0139134694681343 0.213473295630727
-0.127012240955598 0.140238726712171 -0.0185006088660927 0.167081683004653
-0.178944440978264 0.0837243186729874 -0.0199848246769285 0.112884586469706
-0.206373880749452 0.0194210269825075 0.000836585784150344 0.0754708423779459
-0.213897028604208 -0.0741974769108508 0.103598611167275 0.056821097105837
-0.252950970157221 -0.161444189007976 0.190074623160629 0.170996327414676
-0.137741548253266 -0.00760606114700119 0.217446301398808 0.374070976673427
-0.097364685740047 0.0224459735207878 0.233205969037164 0.21406432515121
-0.0675776560398803 0.022083221215046 0.106708214544216 0.0688870906235942
-0.0497938157481004 0.0156034038291053 -0.0029030498820741 0.0509000324801157
-0.0554196507404697 0.0227393146385591 -0.0877966532168218 0.144502211282943
-0.0482496092297922 0.0564137019707924 -0.0565360040452711 0.259395562732228
-0.0290996964372072 0.0839708872019072 -0.000783570180651049 0.300691622803656
-0.0209764653163207 0.0792597325172929 0.0222122388977761 0.303272850923803
-0.0281778166553508 0.0847505265103077 0.00572037348523018 0.285243131502689
-0.0569956658559177 0.074527810841055 -0.0302627275387519 0.237621891320379
-0.076876620655645 0.0328374897475091 -0.0699121093184869 0.161449744796001
-0.064458176852837 -0.00542690409252433 -0.0422690776394262 0.0827196099041987
-0.0555501279653671 -0.00417515514451735 0.0155851214088497 0.0601753183112664
-0.0812693677457665 -0.00691507474150898 0.150840934078188 0.0695065179239635
-0.137190754288599 -0.0436464146020968 0.254472635429934 0.209235617424357
-0.0220290211059795 -0.117293672132017 -0.285822001552397 -0.167850878865355
-0.0624526489544643 -0.095255809373706 -0.208828299885973 -0.0644704633517482
-0.107650864115563 -0.0219428401484986 -0.0279796535996769 -0.0195878120700098
-0.0795773297625064 0.0551914775042359 0.0457376118721285 -0.0302886893459179
-0.0150592695811285 0.0669407098654222 0.103604141173406 -0.130214039781113
0.00870947276488115 0.0542244261852587 0.0651059811786097 -0.243421338945091
0.0360018204992902 0.0473165015819165 0.00276367936525926 -0.286496633576357
0.0417579192983401 0.0455225654957841 -0.0241788024386962 -0.294550611510553
0.0399057767098155 0.0569427282271904 -0.0158554489907109 -0.291454272315751
0.0119084071067382 0.0669940248516594 0.0299292037551877 -0.249181332960126
-0.0140734181493286 0.0798295882827855 0.0717682756596587 -0.157500411941036
-0.0786211278032698 0.0747545823389628 -0.000784788005914161 -0.0541169203908448
-0.105147075642304 -0.00233231615520883 -0.114305445274363 -0.0741405129155198
-0.0442858312937001 -0.0708361374011534 -0.22693440476404 -0.182418295227101
0.0014658475596773 -0.0775351319772304 -0.243608436744977 -0.358286878074378
-0.145648883010719 -0.206677912350603 -0.238257292305599 -0.135829399954229
-0.174225234730687 -0.175523653459545 -0.182521633747229 -0.0673146125883158
-0.246155827136445 -0.0598480158615258 -0.0217186406453431 -0.0186572624994152
-0.220600503970534 0.0812054670960102 0.055328237822209 -0.00588996054006459
-0.113499482924698 0.147568173631388 0.118530009983324 -0.105812718487736
-0.0399448710399808 0.167468916444379 0.0881942274988795 -0.215845071574865
0.0345833142391507 0.174629835531715 0.0216481445250192 -0.253387867827972
0.059650755456009 0.157689558256605 -0.0092690540226802 -0.250211233650889
0.0605860174453379 0.177062381413038 -0.0107682308493208 -0.241446969353072
-0.00743387892854159 0.189342251385625 0.0301251106464985 -0.202613780114989
-0.0693589938045527 0.1854532878184 0.0663121948236746 -0.116967614782451
-0.187956219093094 0.16545889565245 -0.010443568698714 -0.0133764507698623
-0.253914084158008 0.0334480646850866 -0.134017537959323 -0.0354260549030736
-0.199912078784273 -0.125071109189217 -0.246290128660482 -0.138606432025141
-0.145119937759626 -0.190025288229368 -0.256910055892129 -0.292204183952365
-0.249283415669183 -0.27736877063004 -0.167970696354475 -0.0634588423866573
-0.271388805553305 -0.245328587229076 -0.131387497764916 -0.0449358560951503
-0.369710606883549 -0.0973884628094317 -0.00477332905869193 -0.0165142900564527
-0.351152342525407 0.0959786642038922 0.0562967604981465 0.00863917813733141
-0.210559828499161 0.213181207125177 0.107183523348449 -0.0747529004679511
-0.0930652189646655 0.261370247268082 0.0888258462527855 -0.159950543367525
0.0232233566017017 0.279489244269967 0.0321963898099741 -0.181625462252952
0.0695520576636206 0.246309232962182 0.00673222206349722 -0.167989418481551
0.0796834806152752 0.268247530062144 0.000832074076202825 -0.156385071788589
-0.0118033216425455 0.284965308778806 0.0340722283280487 -0.127957774408557
-0.0998409620136803 0.274662106191694 0.0637493885411363 -0.0593521353751965
-0.258869524430809 0.250967502944212 -0.00718240675670785 0.0315799860705601
-0.366625343379854 0.0873170347698325 -0.125133778089587 0.0115671055198759
-0.331494261548707 -0.14137012017607 -0.221585649201236 -0.0789913110586515
-0.278081977999713 -0.263703149001938 -0.218966689839885 -0.19488116800266
-0.323545199555969 -0.30667786359306 -0.0812167460027402 0.0391823377011946
-0.349518634994621 -0.276723695715135 -0.0577618442740768 0.00634062913517628
-0.457935723190791 -0.108815532510532 0.0232870710372691 -0.00864905622235174
-0.440879462707609 0.116166973972415 0.0503627627890828 0.016921624284905
-0.277948349568536 0.259156969069173 0.0709170800781829 -0.0346500161660206
-0.131525448629027 0.321613638150271 0.0667244681727904 -0.0755817216725613
0.00989829057262961 0.343370540405676 0.0329891863472698 -0.0791143569180108
0.0698690106101271 0.297416663156866 0.0214942536717447 -0.0605389202807582
0.0873009458549011 0.31701501483561 0.0183925027197573 -0.051646186670595
-0.0135407940928784 0.337232926860893 0.0451395655207183 -0.0345926261735639
-0.113527974928503 0.322902589187349 0.0622911624039081 0.00989967010112948
-0.289633209676585 0.300092926722898 0.00513195927081036 0.0745366269041011
-0.419053616572215 0.126900589519133 -0.0914393314381316 0.0519047046309681
-0.407810740449851 -0.1324085258563 -0.15290803166267 -0.0243586746867552
-0.36666756757159 -0.291376034075381 -0.133297594692659 -0.0882217094140833
-0.354563112132178 -0.287884713725793 0.0134713453350865 0.154208413080798
-0.381062369897377 -0.254284135021715 0.0297511687513003 0.0739788339072897
-0.47775741646928 -0.0897973115762273 0.05415693957373 0.00899795986480597
-0.453369248472609 0.128184035591755 0.0357135446587181 0.0277080960365616
-0.29050257357618 0.26457916595326 0.0191585357913257 0.0189612743500399
-0.14268282729108 0.330304836129872 0.0314411398957558 0.026582895826829
-0.000219191048752142 0.355091310155793 0.0272020187333339 0.0396956565008003
0.0604102131983244 0.303972228633686 0.0345960865502944 0.0562212603916521
0.075395951113713 0.318643331841219 0.0367488205333667 0.0581676786202237
-0.0238808950004459 0.334906625116153 0.0548334124776936 0.0624654288241428
-0.123222478739441 0.311439434009704 0.0563459961985367 0.0802827217476856
-0.281674297816821 0.282632282676806 0.0144745980646091 0.10639424168539
-0.404284191798031 0.126835754770111 -0.048949389158327 0.0755295478353733
-0.404941038198744 -0.114195833432945 -0.060589235750561 0.0140279788889396
-0.389507718537977 -0.274328315345737 -0.0189343440831639 0.0120967913158407
-0.332251097506517 -0.218477024098771 0.105822114012717 0.257018583704879
-0.346181761222338 -0.179157019606116 0.115331511096885 0.138457846111332
-0.404383423879308 -0.0448417365276661 0.0769623306541591 0.0320081612880302
-0.369667376988522 0.118527825419703 0.0168131474778249 0.0413676064681709
-0.241887705438926 0.221284979464559 -0.0304794786496139 0.0749588975247724
-0.123168760999197 0.280750167564676 -0.00518381370869349 0.128043451272947
-0.00654494630830488 0.30749339189853 0.0196387020901081 0.154047112368019
0.0397418918907195 0.264028698295089 0.0416321275888205 0.164711829312774
0.045705947214079 0.275228127712638 0.0449788387401297 0.157744882438335
-0.0422684695871411 0.281370059840905 0.0501828349457824 0.146589595040483
-0.128892461209188 0.244433321446166 0.0340751851925771 0.134859886429421
-0.243065140939644 0.199803629774211 0.00889804071789548 0.120172100961875
-0.323170602833202 0.0833212728624732 -0.0144426702718799 0.0813941553692282
-0.330414232966478 -0.0942734424359727 0.0305310329175116 0.0363977227681439
-0.347170144531544 -0.222983920617727 0.0968740207937452 0.0950015859666032
-0.255504647782427 -0.115732403983744 0.179382257525585 0.325931217491481
-0.242461582052058 -0.0748382644573584 0.184936129381941 0.181392522134722
-0.252439465905674 -5.49777614735967E-05 0.0929118128842096 0.052674979268783
-0.217584838576805 0.0811027390947017 0.00334605143318954 0.0504841189952518
-0.152338023891266 0.134608994067424 -0.0644394909563971 0.119601594592195
-0.0854697268553152 0.182679186865488 -0.0318429452445982 0.207626759736941
-0.0121320727978717 0.211023466795931 0.0140585921547475 0.243363832265798
0.0130937055959389 0.18473182540219 0.0414250776538724 0.247865791399102
0.00836004085389959 0.193222884335471 0.0390322162582293 0.233316389548251
-0.0568861531746643 0.1887675388602 0.0239968674163962 0.205231853144338
-0.116495526690564 0.143000835680863 -0.00789086745351838 0.162117571318502
-0.168402110452686 0.0898987043158921 -0.0117730867884605 0.111026764888426
-0.198937848737699 0.0298827601027069 0.00649498219652735 0.0731197697797345
-0.210101827028432 -0.0603871135340071 0.102245739871077 0.048374811390649
-0.252969826686442 -0.140567170668881 0.192282833733575 0.155660139554534
-0.132634439078297 1.10431652831141E-05 0.223724251577367 0.351623417253547
-0.0935216895861282 0.0260922164582797 0.234039426612029 0.194792009294309
-0.0644881033568655 0.0252658960924361 0.105802470971138 0.0597714817791352
-0.0476032106928181 0.0174331270935019 -0.000922444598230768 0.0478281272446952
-0.0537164197458755 0.0245405468621745 -0.0782436065855818 0.14167954401199
-0.0442897334706946 0.0575938540450626 -0.0427269509817978 0.251991856400972
-0.0228866182418263 0.0823688836602223 0.0128830523671936 0.291980242896373
-0.0158162015011194 0.0774356551449253 0.0351453287523841 0.292795627753582
-0.0220419809002261 0.082764385534944 0.0189771186643116 0.275012521449039
-0.0504445268733919 0.074869591285881 -0.017992451326828 0.23079001933522
-0.0730388545337763 0.0366053827634762 -0.0585623829233396 0.159313319724158
-0.0624183264377291 -0.00130126403711999 -0.0357833815431513 0.082316334540084
-0.0537816045433273 0.000412560336022979 0.0200658720981113 0.0572667751212782
-0.0791367241855545 -0.00190283370919093 0.149167520675716 0.0589454799686597
-0.135957480287355 -0.0334222309188367 0.255831856698972 0.188953407886836
-0.0242416669691221 -0.113024464369697 -0.278291786512773 -0.156965666315955
-0.0620952748367813 -0.0911182078475667 -0.203161055221829 -0.058062494749601
-0.105616705131226 -0.0181260577178002 -0.0278078325195536 -0.019864516781065
-0.0757449899281608 0.0557724470656004 0.0432004800517789 -0.0292405371241977
-0.0134615593344956 0.0656698435161589 0.0972501467977811 -0.126403176577968
0.0104708549935331 0.0534190233273663 0.0565232609634315 -0.236282876671733
0.0354731742054318 0.0449533772830515 -0.00244547556165541 -0.277828326361194
0.0410009705547964 0.042202708585672 -0.0286039638914731 -0.286167178128557
0.0392621646483862 0.0537958390037331 -0.0212470008371294 -0.281569023620066
0.0123466631368372 0.064874601106067 0.0246528208903336 -0.241215559156373
-0.0129183581226834 0.0774920221205479 0.0666809248910905 -0.154475083113085
-0.0745394722792495 0.0742047126554991 -0.00107781252331411 -0.0514443950535824
-0.101342742536842 -0.000940710574438593 -0.113757635021876 -0.0679640967596428
-0.0444578091243697 -0.0688156414264987 -0.224549324266931 -0.170104656813771
1.74457470981243E-06 -0.0758412382312889 -0.24122160160477 -0.339898119827385
-0.144575385521065 -0.195606708984082 -0.231775512125573 -0.128185673025084
-0.171297568846905 -0.166388579611275 -0.179076854296607 -0.0612834328300465
-0.240992183157501 -0.0511465058278876 -0.0223516945388593 -0.0189577240186624
-0.212388540625315 0.0856293898408715 0.0537619710179767 -0.0064823092898471
-0.107316126002239 0.146713476043151 0.113761655465375 -0.103813492926839
-0.0336304034578106 0.164074628041479 0.079771597058877 -0.211570335762766
0.036943247607295 0.167691076188937 0.0184756114942371 -0.245955958012957
0.061288566429843 0.150082549271134 -0.0139847318648997 -0.243045844100156
0.06319129019996 0.169516309337595 -0.0149362383921877 -0.233278211550453
-0.00302912730559416 0.183646736640247 0.0256592684546286 -0.196174102783817
-0.0639063037871134 0.182536838325831 0.063578021900017 -0.115708299175693
-0.178268691831414 0.164567290864227 -0.00900407689040609 -0.0117092369572209
-0.245976835348446 0.0374977397180781 -0.13156815853264 -0.0294067598280517
-0.196534847505446 -0.117192839988837 -0.242274658218388 -0.128169313034576
-0.145242387840619 -0.1808711566195 -0.252695874053653 -0.276128556759921
-0.245281751752435 -0.260779712296225 -0.163673421280989 -0.0598096417886383
-0.267924325350802 -0.23175623556664 -0.129447244425463 -0.0411010308148316
-0.361376497344296 -0.0847084730664515 -0.00603027649548992 -0.0180516633835243
-0.33818429193564 0.103442849701361 0.054815046179262 0.00706389109201562
-0.200782514360037 0.212624368277094 0.10407393044548 -0.0745247469741285
-0.0823273761964133 0.256653094521563 0.0820273293464961 -0.157971919597984
0.0282852490118623 0.269571694241552 0.0308064250649291 -0.175766648504253
0.0736555536387643 0.235485134848827 0.00291409779336683 -0.163840643881776
0.0843414660115809 0.257333660899698 -0.0015151904386894 -0.152065308768525
-0.0045266886175197 0.277591201310791 0.0322220237281434 -0.124127240984352
-0.0914518451906953 0.270374412486178 0.0627617063891326 -0.0598330675290444
-0.244098750899234 0.250504611119384 -0.00387613387273001 0.0321242239054009
-0.35327136058864 0.0926128578947079 -0.121118470748899 0.0160593760381772
-0.324488400103064 -0.128452482122839 -0.217192926806054 -0.0709318285064014
-0.274920301352905 -0.248576783575209 -0.214073674600226 -0.182874106232416
-0.31710903497585 -0.287143293226872 -0.0781598733896487 0.0371797145082111
-0.343133230850628 -0.261055820721772 -0.0571926609399998 0.00639079391755603
-0.446910623089424 -0.0938958581601375 0.0219348453978622 -0.0112851395229736
-0.426324410911853 0.124504937610719 0.048792013961245 0.014906394139364
-0.265505756570771 0.258437734819259 0.06936124321918 -0.0353157364003434
-0.117404389943978 0.316381027084763 0.062470317659107 -0.0773319170724985
0.0188502674285742 0.332203157527112 0.0346308808246308 -0.0754683604779534
0.0760019507071908 0.284551670912271 0.0191180819162674 -0.0594976563987486
0.0937109685569774 0.304377773025239 0.0177600623828691 -0.0508466509864606
-0.0043079325868582 0.327147593944951 0.0440813218939601 -0.0346293643504124
-0.102865631830798 0.317826025448156 0.0637543410578628 0.00741693968061106
-0.27302485746045 0.297703599014987 0.00909138992279203 0.0732226110185809
-0.40442651307516 0.134231587636596 -0.0870077288082317 0.0541354683194719
-0.397394518523791 -0.119185164393335 -0.150136512991758 -0.0199747855169986
-0.362744061977024 -0.271708729300249 -0.129028686997983 -0.08106358106371
-0.345826585924075 -0.26968899744093 0.0150907046327463 0.147230051139075
-0.374482627161288 -0.239720341840813 0.0286390813936007 0.0698461625014118
-0.465584054670676 -0.0737634426808789 0.052303015281502 0.00470672320526334
-0.436367642077667 0.138183798647858 0.0348982652135704 0.0246794546323567
-0.278485161182856 0.265145476036799 0.0205675587413098 0.0164544900342485
-0.128564190315205 0.324917646617945 0.0308390805588366 0.0220678186534945
0.00876555164068218 0.342728586908245 0.0314901882812028 0.0398339624806412
0.0657420390408375 0.290941618625509 0.0340734805842819 0.0537156831342729
0.0823787953959384 0.306034148482176 0.0371429725592293 0.0550224262822995
-0.0138252636361076 0.32535398225401 0.0557582151235705 0.0589770701060729
-0.113373374335386 0.307691070150786 0.0598573967595721 0.0750909578918574
-0.265000394880181 0.280949105353423 0.0190418195937436 0.1032625703895
-0.387788516862651 0.133004506804997 -0.0449578489180783 0.0757364215879223
-0.394273128327302 -0.101101748563701 -0.0591617055600153 0.0146787872828089
-0.384213892830541 -0.254220300902117 -0.0167143644416917 0.0128404401300157
-0.323535024676448 -0.201858643575342 0.105494405554497 0.245407187824768
-0.339866708416002 -0.16668278950787 0.112620696156365 0.130331032099234
-0.394513897915026 -0.0334434444722473 0.0758700618463436 0.0267084563652554
-0.356099611088889 0.126082660291598 0.016354871824464 0.0380853782380543
-0.231342889345114 0.221604019636984 -0.026940871756041 0.0720343973186221
-0.111812946544644 0.276543196129346 -0.00208241726963111 0.121258483575012
0.00232709306231611 0.296677040645144 0.0260376188999872 0.151068945019696
0.045684965025647 0.253341445036235 0.0428866926726733 0.159097149270625
0.0523980015249971 0.265171965532919 0.0473945364176908 0.150987830505389
-0.0333228707738006 0.273828032498715 0.0530505424475394 0.140827838697908
-0.120206957168519 0.242078905493645 0.0388493552203488 0.129165123933693
-0.229981357606565 0.199950292899463 0.0137924398247201 0.116872248640298
-0.311937612273037 0.090066654006327 -0.0110570276517593 0.0797757675886319
-0.321316138373987 -0.0834410139138075 0.0293549671785652 0.0339047418520502
-0.341660023176319 -0.205992854998266 0.0960907807610195 0.0902164119728686
-0.247871961108513 -0.105251813390924 0.17766859929573 0.312418787553525
-0.237373082426712 -0.0676856477084989 0.181902436360705 0.170541072486584
-0.245435415316144 0.00620090584656989 0.0909365634598519 0.0467183025188148
-0.209609930529602 0.0857395597610019 0.00370666010209168 0.0473507916584639
-0.146920743268458 0.134443142092359 -0.0598030701482833 0.115761692136128
-0.0780509752261423 0.17998165863808 -0.0260662922525058 0.199656820578554
-0.00619898525662163 0.203600729338921 0.0211735312216883 0.237851665494059
0.0176949249681866 0.177596664370475 0.0452705296041012 0.240672027889924
0.0144031124973628 0.186059055686219 0.0421302011797918 0.224638937104047
-0.0496549557603459 0.184311350762882 0.0288800292251718 0.197322858589649
-0.110151010544203 0.14331590331459 -0.0012166272321345 0.157034569747256
-0.160851818526673 0.0918075132731918 -0.00713333370722672 0.108260078707379
-0.191957061804047 0.0348658768428441 0.0096021071958146 0.0710735741080158
-0.204247511325275 -0.052526450007012 0.0996037418797684 0.043889075688651
-0.249258639430757 -0.127716880819823 0.18977872263131 0.146323118227648
-0.127228812985547 0.00317222825106467 0.221575651289122 0.336907025923782
-0.0908133025477329 0.0269396109107998 0.229176425201666 0.181546178790625
-0.0627157882014933 0.0264567340967268 0.104088731150285 0.0540698205065782
-0.0460818064346962 0.0184258559209677 -0.00144884606183158 0.0447061042795144
-0.0527304631779044 0.0245549197427592 -0.0742999443006975 0.137366807071896
-0.0414221319045976 0.0568326164595465 -0.0354944469418308 0.243351083540473
-0.0192048906167932 0.0800979363343471 0.019092706348576 0.284035638821095
-0.0125136524741113 0.0752223251254081 0.0401368510791325 0.284867374654545
-0.0184932336375167 0.0807497761148916 0.0241880559525139 0.266152187690476
-0.0458978299323386 0.0733986370853149 -0.0117557635056005 0.223387044989065
-0.0694939895530205 0.0379982491842066 -0.051274442577076 0.155567072843941
-0.0599049863317263 3.9868984856372E-05 -0.0315574932117219 0.0807969515040518
-0.0521183160679173 0.00313910769615728 0.0227945520671118 0.0552916752626132
-0.0766697994218723 0.00114927399801426 0.14471129014932 0.0522596003001092
-0.133088412500684 -0.0269167029392518 0.251028292438379 0.176701886955399
-0.0445299212325558 -0.101039587592868 -0.306004238267703 -0.109029988878226
-0.0770982331618955 -0.0711366154134723 -0.212639556001802 -0.0230959084838209
-0.10294550356107 0.00537491831178077 -0.0371381337202839 -0.0232294439949074
-0.0589542783046749 0.0682314203045766 0.0303663539173927 -0.0407271210814489
1.58106379874838E-05 0.0635473756678658 0.0678574492408995 -0.139905390577999
0.0178385096010571 0.0481357197151292 0.0072529025495194 -0.238679755629571
0.0406025080978186 0.033425449616379 -0.0562502577358679 -0.267471619140538
0.0449323246431643 0.0312838772775236 -0.0829640273733134 -0.274002826827435
0.0465814704328328 0.0416829502196826 -0.0757552823840906 -0.27473367293828
0.0242272354579884 0.0574321079591622 -0.0256278932417417 -0.245997417340928
0.00298585355110201 0.0731934975126041 0.0333210271539689 -0.167242116932415
-0.055942618326543 0.0830842777113369 -0.0110974552325568 -0.0525443616556634
-0.0970248148192041 0.0159810597202908 -0.12640595290328 -0.0462530539715245
-0.0563942675425951 -0.0626475166617466 -0.25440931080803 -0.11677337064821
-0.0163593287708918 -0.0802771280320523 -0.301257709538922 -0.285025483000561
-0.170449619725337 -0.155571528154045 -0.25617655163643 -0.0978253522530473
-0.194997839133616 -0.121193283501536 -0.190042508873393 -0.0382414134451898
-0.235993914565742 0.00194393567894331 -0.035803086305455 -0.034104818671283
-0.179360115071898 0.125729495784181 0.0380921633881669 -0.0298168492393162
-0.0725573304941665 0.159335434364753 0.0798369132395335 -0.123172853540099
-0.00154831946185182 0.161738371404172 0.028511487995622 -0.218858165502573
0.0684824353514456 0.148334051191079 -0.037745057683711 -0.237156214799275
0.083940630906238 0.130322491398712 -0.0612374020392079 -0.235254517265096
0.0908695921949442 0.14681691591777 -0.060671585833475 -0.231023811119552
0.031751370806248 0.175563155270468 -0.016104632926893 -0.204691467518661
-0.0265720361832429 0.182409174589167 0.0381768769172399 -0.129863603804861
-0.13724947595131 0.189989663371652 -0.0114295100919986 -0.0143007978749293
-0.226102542760648 0.0808720953547573 -0.135952330893882 -0.0103516923211542
-0.214052692835737 -0.0782611448688688 -0.256061127945421 -0.0740195583325907
-0.17831123188442 -0.151689383777397 -0.289547466813582 -0.219084421207963
-0.275340452349236 -0.196706141106872 -0.175977535117624 -0.0510559827213957
-0.298169573973068 -0.164263725994673 -0.137712553601208 -0.0343829814363484
-0.354949645470949 -0.00500686715249615 -0.0240524966897018 -0.0462353200405344
-0.293234061127191 0.170257337648247 0.0358523827260599 -0.0258551236649203
-0.147760974609166 0.240981521937192 0.0683834787170549 -0.0947681700453637
-0.0293171309129775 0.259295549420013 0.0347228807476717 -0.166802015344064
0.0827625061946053 0.245731283823613 -0.0192165926242212 -0.170195353779376
0.11110465863766 0.209383778324677 -0.0302034651641739 -0.160084914215012
0.127735721977494 0.225719859101974 -0.0320423431531008 -0.154492504668364
0.0486495383477822 0.264559281389468 0.00300271201244534 -0.135997786016377
-0.0367601278290524 0.270983565616309 0.0477278800400528 -0.0757670723036733
-0.183476238668395 0.284707812543912 0.00184827357565255 0.0252788960532006
-0.316786783758785 0.155075880018903 -0.117261602585577 0.0273324336782448
-0.34093016012061 -0.061804742043696 -0.212648134260082 -0.026626463022234
-0.317997345452285 -0.187950278453392 -0.224524005911395 -0.134661565736106
-0.345301317349244 -0.209265263207213 -0.0737411705562973 0.0258765353958983
-0.372928559834295 -0.176738962867175 -0.0574590748302813 -0.00473685903873783
-0.436603088531823 0.0050313699740911 0.000801782828337859 -0.0509373205853036
-0.371462241362775 0.209744211117429 0.0267994843797946 -0.0231796240393074
-0.200198439686902 0.298780681378349 0.036282861365033 -0.0507419531285934
-0.0506435949527451 0.322961487699422 0.0276492357009681 -0.0844870675074161
0.0869615470464548 0.306910437174648 -0.00160422777182453 -0.0721313219034642
0.122536818560245 0.256286744196021 0.00549182471173492 -0.0612251965901581
0.145434288612914 0.268847529667822 0.00650866658476674 -0.0591587316603957
0.0587572820077324 0.31350761819777 0.0326911000329742 -0.0505318784771872
-0.0392233379016379 0.318642907462973 0.0627980007518467 -0.01041867248018
-0.201866993460553 0.336391811719023 0.0229509351863972 0.0618314299785071
-0.356316888299781 0.204567918205391 -0.0757661078483473 0.0551551719167404
-0.407961098365328 -0.034898612040267 -0.132206277274512 0.00668399493432084
-0.406597883261589 -0.191111454457785 -0.115819572430134 -0.0530377182652064
-0.368296504030552 -0.186113574076411 0.0396739608465417 0.117964243972184
-0.400376049129673 -0.152645287026283 0.0392738323355595 0.042185290479215
-0.45131393213465 0.0270058341898733 0.0323925138706063 -0.0415853988322226
-0.379053451863968 0.224086038822038 0.0129716912051812 -0.011053387062068
-0.21146785688372 0.307800535889706 -0.00332345613963867 0.00957476474233539
-0.058899968991032 0.334140933720407 0.0136618890478581 0.0187578358481317
0.0815903461690741 0.319887393773449 0.0159999100940521 0.0406589943796123
0.115088564329889 0.263738381690498 0.0416520330443841 0.046940860949116
0.135879455798201 0.272893219629166 0.0465635645648635 0.0421245441996631
0.0488053567971055 0.313885088948095 0.0634872338818516 0.0402485157814453
-0.0497706357841394 0.311326885672223 0.0726112580285164 0.0575064843617394
-0.198383764097342 0.319279943232558 0.0393760786991712 0.0895991070165199
-0.341899237048665 0.20168974633352 -0.028665187330332 0.0676000882158162
-0.400912854357324 -0.0173023721073974 -0.0352454573591482 0.0210320506660572
-0.422868946182215 -0.167933938510002 0.0134933455250272 0.0161004759196544
-0.335927204185617 -0.129825944029584 0.147968581637969 0.203286239519106
-0.351530450681222 -0.0906875369911828 0.134069965499882 0.0892317673934127
-0.376376336442513 0.0493876720208923 0.0612151964797921 -0.0171391757407107
-0.305663401371625 0.196532155962865 0.00122463270966208 0.0112892891305761
-0.175575544052904 0.258919092171887 -0.0356011768691647 0.0738077627808643
-0.0514131656701391 0.285572355369994 0.00280177666196066 0.122237549076258
0.0663111460905233 0.278512759074085 0.0339705432392736 0.148698623510267
0.0898601360007535 0.232816654018357 0.0709102675522872 0.147992564121088
0.0998824827884344 0.240577289805557 0.0759729482910063 0.135871362848717
0.0202911200952231 0.268964148887832 0.0782939806588997 0.122847666356925
-0.0688119292554475 0.251758146273391 0.0643648842191649 0.115391430724575
-0.180314079521168 0.235292122769311 0.0380727786111781 0.105486236945412
-0.276914880959724 0.146241868159748 0.0071868161022222 0.0680569017013438
-0.326553085817896 -0.0126893580817975 0.0528579173279958 0.0209369684878363
-0.371349378172943 -0.126005166173429 0.136594614096347 0.0691487144182088
-0.247461653996993 -0.051802242877923 0.233409439404675 0.264534306592304
-0.235753005340504 -0.0183129560154611 0.209204303132226 0.123466662731561
-0.22864477939247 0.055776575948061 0.0857091956266514 0.0112475764573372
-0.178390791545382 0.126140766522424 -0.00236615335389761 0.0326810420238156
-0.112627075515335 0.159002060037684 -0.0517648616131034 0.124005648315239
-0.0370124638008533 0.187115081519396 -4.22394523881443E-06 0.202541329682243
0.0392128383589355 0.193423657423573 0.0510885057443189 0.232502986479029
0.0501059230904442 0.165917573351444 0.0894592364300097 0.226999942991277
0.0497182962577436 0.174368589215422 0.0860085426742904 0.211430790870194
-0.0114686872281559 0.186372521735731 0.0672406204994583 0.186101878379974
-0.0771115029155846 0.157191634781839 0.0309586101128678 0.151923381028358
-0.135239224476414 0.119237471972536 0.0170636839492614 0.104018923173762
-0.173149720884831 0.0715155402393166 0.0263486203549556 0.0600302008140216
-0.206058629303276 -0.00618699860851639 0.117832534708514 0.0176142693559393
-0.264934478039829 -0.0679257383719438 0.232382611226924 0.104587016029671
-0.116128110306202 0.027648446309727 0.281393801653203 0.290514876264264
-0.0787018338681057 0.0415321287679341 0.259808963861169 0.133002862012704
-0.0530207262576226 0.0372051000674077 0.108041368156481 0.0289590075115933
-0.0391220044476068 0.0277139699748693 0.0022901992893116 0.040693970096814
-0.0448444836784687 0.0363547151838999 -0.051950917279786 0.147977214873455
-0.0260350658796954 0.0632260718061839 0.00641817401407319 0.245147702235551
0.00121605566099152 0.0801831113951324 0.0652675436668311 0.27478049056529
0.00291697152866578 0.0746229158125982 0.0938545538718015 0.271305149551133
-0.00141255837524935 0.0810482688040929 0.0762337350204461 0.257849160611191
-0.0294979063970072 0.0804175253226901 0.0341621071839582 0.222443041532019
-0.0587881302149352 0.0506312924219016 -0.0178514604073172 0.162866135812177
-0.0579796058932516 0.0121704708068496 -0.0119367890236283 0.0851068434817832
-0.0476525871918054 0.014233386720461 0.0360982651969465 0.0473077430446451
-0.072217009914858 0.0199992201915928 0.157212800151854 0.0173780970107893
-0.132073651117018 0.00665481267233784 0.290254675743511 0.122161827043007
-0.0472111816544946 -0.0999285564905296 -0.308495882873165 -0.105511965369909
-0.0780026745565744 -0.0703935142254278 -0.215053443361871 -0.019176241768366
-0.103521641180523 0.00866097247882542 -0.0399372693256844 -0.0231560424803496
-0.0573454729245739 0.0713394696654345 0.0291320403636578 -0.0415633700074904
0.0019993759479867 0.0649523475712647 0.0658224297646717 -0.142486351780326
0.0198804854007184 0.0486112187624281 0.00204594318281249 -0.239737746675192
0.0409298815543517 0.0330668372421319 -0.0618001047279953 -0.269462427806136
0.0451941977261061 0.0302213225237464 -0.0890358022961916 -0.276372756232871
0.0473975199312531 0.0406513072087604 -0.081468353373492 -0.276145106576726
0.0247105957944627 0.0581718926111778 -0.0299225566813587 -0.247230719563996
0.00461977984934647 0.0742336178898499 0.030746279786191 -0.169337102837766
-0.0550089420341576 0.0849886451248165 -0.0108300710531227 -0.0519748881499086
-0.0977529462555174 0.0179444783501782 -0.128262423619606 -0.0425040771920458
-0.058430872486623 -0.063451852532683 -0.258258699769639 -0.110203375516905
-0.0181678130694298 -0.0809200556638203 -0.305988769072621 -0.281890881419279
-0.172806835980569 -0.152585146100728 -0.259148559435866 -0.0952364243927895
-0.19698270989507 -0.118057690269825 -0.192481638783459 -0.0348325517118369
-0.237525417699614 0.0091529312091538 -0.0396864686418719 -0.034959545118291
-0.177263404696181 0.13215402544056 0.037360933150493 -0.0306902042212068
-0.0695553601354275 0.163366504414273 0.0785623257529495 -0.126665822765341
0.00330954953342948 0.163321074572334 0.0233590886386868 -0.221274833846682
0.0717156429849863 0.147681443455857 -0.0414654955831647 -0.239534885634488
0.0867367399941089 0.128924164167812 -0.0660045523261696 -0.23688296899978
0.0947368626547502 0.145584523028672 -0.064719018045046 -0.232691764722893
0.0358608863553872 0.176494631583993 -0.0190709502697556 -0.205648128332238
-0.0229517401278675 0.185773976741497 0.0369508076335422 -0.132798931348996
-0.133418089284434 0.19471681211933 -0.00962252201782748 -0.0142277115004771
-0.226847295493132 0.0863402001047849 -0.137258828339271 -0.00574845223148931
-0.217570204204449 -0.0751111025795976 -0.259533778255398 -0.0670536262471693
-0.183364405294984 -0.148276104717465 -0.293533923973531 -0.214432277968404
-0.276749426897788 -0.191728793336213 -0.178078609629743 -0.0498286596132881
-0.302521268273216 -0.159329951249112 -0.140188612021327 -0.0313211430727206
-0.35706711766087 0.00526575907347798 -0.0281856257671992 -0.0477820188259539
-0.290968025234168 0.179528173425981 0.0344458920377115 -0.0270311390366972
-0.144061595593732 0.248349327366154 0.0675302941379304 -0.0984367846995847
-0.0222274513651452 0.262685778791136 0.030486257696623 -0.170316692255252
0.0881045020982837 0.245161635954179 -0.0197821178592928 -0.172399785817049
0.116532848858289 0.207390726608562 -0.0336234540627486 -0.161727177560466
0.134488910666149 0.223680799703632 -0.0345803971271027 -0.156068898119445
0.0549157500808391 0.266900505212244 0.00171643589075648 -0.137332343913763
-0.0309504639099537 0.275676607556495 0.0488526330443462 -0.0793392994504055
-0.178028567436896 0.29139117714786 0.00426965982076799 0.0252894546446758
-0.317562005080242 0.163197375650433 -0.116470568292442 0.0322262923787315
-0.344164852835406 -0.0576639233293624 -0.216525437959531 -0.0212486442233763
-0.325166063236966 -0.181009711018898 -0.226218871063805 -0.131815404550926
-0.347756590595063 -0.204357656406108 -0.0739638532397919 0.026128496345289
-0.380534893417555 -0.170352034870117 -0.0591262775298825 -0.00381241925194144
-0.441259853730224 0.0160893274458495 -0.00261700975052463 -0.0539049702902309
-0.368722353796987 0.221713904249467 0.0252355527219628 -0.0244119860140633
-0.195881059646598 0.307792137088322 0.0358565401759643 -0.0538633995642223
-0.0423765988074619 0.327394903065758 0.0240407678566484 -0.0880294292197841
0.0952486761417273 0.307023893035039 0.000630121609978273 -0.0744958375654029
0.12900078038268 0.253961229965536 0.004709468916792 -0.061793889249001
0.1532244763505 0.266112001987448 0.00545370553773848 -0.0602539206411615
0.0661555133484669 0.315817428350464 0.0334405704713865 -0.0516493733062508
-0.0320912870977581 0.324527792795891 0.0652503215111018 -0.0141876079143321
-0.193438493782546 0.344211524018025 0.0265610105042112 0.0612776178188683
-0.355475467169197 0.21447997102091 -0.0737349421274965 0.059250691813392
-0.412141417528733 -0.0271755439338539 -0.134178807223622 0.0109808561062137
-0.413521594062215 -0.180438406574002 -0.115770947782583 -0.0515297936576784
-0.369651956814666 -0.181860298365017 0.0408868860801096 0.116910993440413
-0.404486258280272 -0.145992636414676 0.0390171383990204 0.0410256016476541
-0.454053514191645 0.0386708187530872 0.0292738508699942 -0.0447280574615929
-0.376700309552135 0.236981299687861 0.011959404982914 -0.0126995654245032
-0.207401691204169 0.318289766673792 -0.00347304939220383 0.00733099916247828
-0.0502307815407218 0.338167891725705 0.0118186773799024 0.0160152798335763
0.0893571982017462 0.319208338307466 0.0204366821700698 0.0395239555172228
0.121535792343122 0.26226874390223 0.0430162736628888 0.0470660952611462
0.143235142830788 0.270867159887325 0.0481970306334297 0.0414450598687699
0.0568522209418057 0.315735516655271 0.0664380038327135 0.0386660025109883
-0.0427244300042449 0.317766959133274 0.0773827341463158 0.0535002437069016
-0.192096721313588 0.326426080240543 0.0435767050126872 0.0887735995395548
-0.33975170233517 0.21196515004726 -0.0257492772903714 0.0703060056938427
-0.404058704355374 -0.00806476043169455 -0.0363492336266344 0.0222132489301979
-0.430349185788352 -0.155806266311001 0.0162878956420206 0.0160410265151941
-0.337231346304507 -0.124906031262962 0.151652628824234 0.202071773341538
-0.357490090800696 -0.0840895444198295 0.135279383372937 0.0866779573005041
-0.378389439109844 0.0595583930992039 0.0597963626683615 -0.0207579762971072
-0.303961385255995 0.206535739324398 -0.00029202966871023 0.010421049511349
-0.172957234072333 0.267295157492186 -0.0357066905991541 0.0728737336671366
-0.0444922362729581 0.289221369488578 0.00288310350315762 0.120559896575031
0.0728865982366834 0.278060540277487 0.0405133880338297 0.148636107596343
0.0952889262329342 0.231238640604088 0.0750641691934805 0.149170784391055
0.106999490506314 0.238686597837106 0.0792533771186335 0.135893774293271
0.027724700414949 0.270743032915281 0.0825978058118062 0.121461922090894
-0.06314135127886 0.256992126127781 0.0697086337100953 0.112502817010831
-0.175908394099791 0.241363112894601 0.0424594672672331 0.104637786103752
-0.27507833275922 0.155388123465017 0.0102517516122772 0.0689385878895866
-0.328486879406918 -0.0056451674614226 0.0524077111348284 0.0202069247822713
-0.37571080494205 -0.114984662587963 0.139911558959672 0.0670559118084325
-0.247653915275786 -0.0486907037455742 0.23818347205319 0.262803803644946
-0.23848783907222 -0.0132527142532107 0.212440594760914 0.119128076225001
-0.229994458612062 0.0624567755763854 0.085281459851063 0.00771239814925702
-0.176478750752512 0.132388831971193 -0.00289121335221481 0.0323059601719232
-0.110863059807589 0.164685542664285 -0.0514419158182612 0.124385763726262
-0.0326950419062619 0.190065430396648 0.00290807075879671 0.202197488937733
0.0445833255205806 0.193031268736799 0.0586829067810481 0.232760818556889
0.0538229787990858 0.165013022200037 0.09566077427891 0.228920639701211
0.0543222183599888 0.173061110122629 0.0906208886086626 0.211553210563311
-0.00662268653798906 0.188346759787857 0.0723910079650713 0.185431524643194
-0.0733988079931348 0.161272953769409 0.0368128609813354 0.150349528226034
-0.133047995078051 0.123130967501746 0.0209452643790966 0.103965579272161
-0.17249714739146 0.0771069255714785 0.0300809643130757 0.0600763123388757
-0.207290824204847 -0.00108343709375293 0.117533844160197 0.015041360134657
-0.267893307929576 -0.0591481384472147 0.235674329639449 0.101539466572036
-0.115234783986878 0.0291744196243158 0.288303708078952 0.288625702870859
-0.0788124826877844 0.0436129515397753 0.263340362592758 0.128615426644396
-0.0531534637523727 0.0389044433945463 0.108829119940037 0.0253967234741455
-0.0390197344372892 0.0289572092275861 0.00187653713735943 0.0404158837094167
-0.0462320133759693 0.0377808979929637 -0.051743580201147 0.149931584904379
-0.0247705374507986 0.0644871784157003 0.00990148530459796 0.246754016983081
0.00362282297396846 0.0799585766666959 0.0726551935349905 0.277009611241327
0.00495394977724647 0.0744789169614212 0.100958392443553 0.273747760556468
0.00110701094764211 0.0811100716213258 0.0816853756058976 0.259187860065448
-0.0272132341376966 0.0816591892690036 0.0392888124024707 0.222787217954577
-0.0576962269650662 0.0528917854833206 -0.0128610180942153 0.163073056967722
-0.0571449329737703 0.0135393368918344 -0.00908596362129087 0.0858462798965907
-0.0465423584915425 0.0167156219861563 0.0391266486272874 0.0465541178848346
-0.0720011598471383 0.0226294299673455 0.157218084713136 0.0139468922837265
-0.132104859688331 0.0118876001000787 0.294342457653119 0.116749401353342
-0.0523730541094086 -0.0978894115166038 -0.316046336726469 -0.0934958833727279
-0.0816441320240203 -0.0676346119326877 -0.217671853207132 -0.00845643748695277
-0.102944212626312 0.0152125606223965 -0.0441585271799851 -0.0223604065680944
-0.0534054765692456 0.0756611958551349 0.0263879753107531 -0.0429161833629636
0.00622856086501276 0.0659096577660577 0.0599672934754577 -0.146865976365086
0.0236953144436139 0.0488190115253032 -0.0102709315350147 -0.240985336374919
0.0423748836615497 0.0314862662315101 -0.0759967469660993 -0.269816176226158
0.0466944372171316 0.0280374965790195 -0.104159900366477 -0.276669123674526
0.0500163584719405 0.0387897661174911 -0.0948097330729265 -0.275662124741154
0.0272366889035142 0.0580413856338931 -0.0409026885037758 -0.248781100458755
0.00790568845053722 0.0749953391568026 0.0235987121769475 -0.17327743361764
-0.0511952349453125 0.0883497887698429 -0.0121144213361468 -0.0518236402050337
-0.0989494807457086 0.0218166852636747 -0.131685106652261 -0.0345750579115679
-0.0626293311534797 -0.0618452385131262 -0.264794740988242 -0.097448285416791
-0.0230500180414882 -0.0809207062016432 -0.319207934419175 -0.270029663653391
-0.179286019653402 -0.145204863974344 -0.265013100838981 -0.0856203316184114
-0.203437817273868 -0.110267583597864 -0.196453663733818 -0.024847564836748
-0.237840617869483 0.0225542002472029 -0.0448316998192517 -0.0344800845128564
-0.171275223941914 0.143072046719915 0.0346693743767066 -0.0328284811170498
-0.0619293117791486 0.169928595064655 0.0731770939364841 -0.132737512083086
0.013170176599396 0.164232535637612 0.0111533971372022 -0.224858080204339
0.0795960542421352 0.145391766773884 -0.0525470961523441 -0.241922873136165
0.0934530777327228 0.125231739600189 -0.0782624284737688 -0.238014630372883
0.103387041321262 0.141195820664834 -0.0762729082459701 -0.232433628199835
0.0451036759433507 0.177723960979587 -0.0280468846137259 -0.207927276538658
-0.0134958329136356 0.189731694081587 0.0320857261562721 -0.137214705811655
-0.124966838519966 0.203450037384237 -0.00992689264672791 -0.0137585690372185
-0.226025386772625 0.0986461594520427 -0.138302337269212 0.00333067363388078
-0.224237682713591 -0.0660342977557698 -0.264854636895894 -0.0536312844360525
-0.192600793420255 -0.139354132914662 -0.304372059136444 -0.203481122418151
-0.285285042308487 -0.18128110198096 -0.182406649316686 -0.04345953317855
-0.311150607377785 -0.146893253986121 -0.143321633875896 -0.0246940692698864
-0.358692268290775 0.0250824301863535 -0.0341135057007397 -0.0482588236606145
-0.28309597884127 0.198002689541817 0.0324256042475187 -0.0293321340977633
-0.132791765043547 0.260582817485675 0.0628898397562642 -0.104587089351544
-0.00742093730473726 0.266580875328995 0.0198680974764397 -0.174661901860303
0.10132763317223 0.242949001347656 -0.0270951931966324 -0.175460245986802
0.126328644636456 0.202930388484963 -0.0414999114705482 -0.16325100183291
0.147177834292574 0.217958067320218 -0.0422255140425016 -0.156674046001679
0.0696864203976753 0.268184660053345 -0.00310986526819032 -0.140149236291054
-0.0165463642990216 0.282403304897223 0.0468711531802624 -0.0847684263022527
-0.164977361750908 0.304146284412708 0.0071827718726998 0.0248782613879115
-0.312623993478938 0.181835416756553 -0.115004449015968 0.0408030337896489
-0.352475414478634 -0.0406033342148799 -0.21960400120496 -0.00875354654324612
-0.337231582856103 -0.163948870117238 -0.232652140138874 -0.122937454310149
-0.356643253522508 -0.190770352872094 -0.0742714929575287 0.0286111795246602
-0.391826818675211 -0.155310206748998 -0.0606193940069353 -0.000738916448267827
-0.443500097843074 0.0408035520187156 -0.00880674153969248 -0.0559306215339162
-0.360327792581274 0.244767492735922 0.022686375564697 -0.026422824579879
-0.183287960344707 0.324114580003245 0.0327332943332729 -0.0586628714009535
-0.0256502753660593 0.332959435049648 0.0168356955270375 -0.0916857910079844
0.110889402593255 0.304215378336013 -0.000716089361563433 -0.0774829313150013
0.141778796344001 0.249166216236399 0.00219682565668416 -0.0635122157425793
0.168249423825363 0.259300760680901 0.00286582814865035 -0.0615756824693094
0.0837061289693841 0.316328277936208 0.0328877470581201 -0.0553824157834002
-0.0156030222529898 0.331821812875373 0.0669874574334829 -0.0208354723207217
-0.177901859657918 0.357811992215961 0.0315052030761774 0.0597995559816949
-0.350025480801933 0.23745632914491 -0.0693616624984849 0.0651313672527516
-0.417503797863116 -0.00768324998358196 -0.135735767985206 0.0190570891988351
-0.426477828938994 -0.15892104250603 -0.116813545459122 -0.0468270274740039
-0.378234482115212 -0.168359346939931 0.0458966331162641 0.115451035737967
-0.416225863218294 -0.127823794552952 0.0405685522948068 0.0391640264526662
-0.457405108178798 0.0634750353526156 0.024383911354578 -0.0480465177142348
-0.368227568399089 0.259743564773201 0.00947684986782387 -0.0133826308852849
-0.194010301239876 0.33558180583192 -0.00465012452112838 0.00507164353840137
-0.0329885054244306 0.344499907263192 0.00965700563878654 0.0140194910687182
0.106253890116011 0.317344185834551 0.0254391017779625 0.0368601835113953
0.135099381237879 0.258147414335475 0.0468870544220899 0.0457948762778021
0.159004117826576 0.264383807496583 0.0500559931274865 0.0394195997115841
0.0741357647931862 0.316520438821629 0.0701128522707414 0.0350920304582319
-0.026705476607349 0.324815498743507 0.0819601796695556 0.0464101791094565
-0.175908577450295 0.340581440690488 0.0506103570234765 0.0863698774743061
-0.332587001764129 0.232821856529096 -0.0206983376445543 0.0733133777835175
-0.408876608591249 0.0120843090423618 -0.0363468217774271 0.0258362023667715
-0.440829929056201 -0.131700877019708 0.0183533097277114 0.0152035765589662
-0.343152417357006 -0.112143963910812 0.161153223407522 0.196862966608901
-0.364171420185683 -0.0680551818414772 0.139533143828846 0.0808820628005191
-0.379404120223423 0.0813053343597558 0.0569136282156607 -0.0255728695384565
-0.296865130912158 0.226239705645505 -0.00125644614506902 0.0101931835898716
-0.162113353497529 0.282032801702487 -0.0341052955380003 0.0739604715290537
-0.0295879412767682 0.294759402572123 0.00643993352255747 0.120273624531818
0.0885540638671379 0.276204535014329 0.0510143456889081 0.146843979066248
0.106837510429669 0.227697397936538 0.0843030591684782 0.148542731612488
0.120642674186323 0.233995832980148 0.0863363056733022 0.133338747787157
0.0423371687085968 0.271853277941939 0.0904640134861119 0.117607682306571
-0.0498535493701552 0.264771761412047 0.0775871052744932 0.106536093411822
-0.16435676668745 0.252928987050572 0.0498853032652579 0.102055093791132
-0.269829606948152 0.172757813960983 0.0156507192132755 0.0696513004144471
-0.33116496921705 0.0110517898436731 0.0527422253430754 0.0186296056881892
-0.383388216101829 -0.0932349924493113 0.145225072445475 0.0602706663259075
-0.250621624925328 -0.0395835459379538 0.251456392953583 0.254638632084135
-0.241916987366198 -0.00222132107688125 0.218805252120429 0.109373446772109
-0.229640953063835 0.0762811279497141 0.0856677748764645 0.00262137378340064
-0.171774367614523 0.143845566838111 -0.00279386251819444 0.0321397846570212
-0.104851446644633 0.174180915967068 -0.0477783373605723 0.126948515541483
-0.0231750943946433 0.193674429076061 0.0098487198931874 0.203000975349259
0.0552944317898139 0.191477723502995 0.0733777098344875 0.232131692515726
0.0625145378617359 0.163107597461005 0.108942289570395 0.228487874780088
0.0644103648718387 0.170722088360335 0.102285847977439 0.210157847600457
0.00364537050986273 0.190381582716669 0.083128913387403 0.182557993209989
-0.0656842840703307 0.167598669418013 0.0457836514577295 0.147971125593072
-0.127407001791934 0.131164712046452 0.0282909447687094 0.103354665802222
-0.168767142016724 0.0881713681122809 0.0347104284607408 0.0588223469845618
-0.20861961650453 0.0101684699703017 0.117629624719124 0.00974326889849327
-0.27197802668317 -0.0432591546771964 0.243598172428436 0.0908963763724912
-0.114257475634391 0.0333233413659218 0.303672904188082 0.280274209374951
-0.0779713867989058 0.0481381546884163 0.271195060878483 0.116477416048296
-0.0521678396782133 0.0426874655724243 0.110125851180865 0.0194662422518805
-0.0383721860861188 0.0309556861434132 0.00224415396619871 0.0407726092826346
-0.0459382654012442 0.0414272744047504 -0.0470507005085327 0.154635843631415
-0.0220274582404032 0.0666768365606114 0.020882303431946 0.24813651668793
0.00791321693533927 0.0798461196992574 0.0885585594218456 0.277000318199278
0.0087703769314756 0.0744772234448654 0.116231174701962 0.27359023256275
0.00574255280627655 0.0813339058470003 0.095887610971667 0.25896739558582
-0.0226052276490493 0.0833131658025558 0.051195032695498 0.223059487215377
-0.0550508319217526 0.0568158844707079 -0.00417043661875245 0.1635101363396
-0.0570136743508179 0.016433430298104 -0.00323799299645599 0.0867551027814615
-0.0452062558934806 0.0200864240964491 0.0436852976163983 0.0442515701784724
-0.0705457904381356 0.0265637324441713 0.157186507462474 0.00618890152926177
-0.131939928050768 0.0202642676239191 0.301734256011872 0.104395570047052
-0.05744702795036 -0.0920273907187727 -0.315616017812431 -0.0717220465491007
-0.0838059792105987 -0.0619806714271607 -0.214087623882119 0.00669865946451476
-0.0989720448044217 0.0223999629685495 -0.0473736548777025 -0.0193575843161193
-0.0464510937156201 0.078562766369213 0.0213294177499548 -0.0434942024007156
0.0115944336646533 0.0645780553068078 0.0485908166992629 -0.14842233576909
0.0275426528971023 0.0462450085556782 -0.0266931988430329 -0.235361903334146
0.0434029852886378 0.0287980696521091 -0.0935234839077618 -0.260992230961918
0.0474457984434444 0.0245101608990942 -0.121149876030419 -0.267444623498947
0.0513367913892626 0.0345440390927538 -0.111517401179735 -0.265899688965729
0.0308007004902109 0.0560596472793956 -0.0551844543156432 -0.241895346037423
0.0129133260373321 0.0737996136603704 0.0121726250007301 -0.172108225685657
-0.0443346340299185 0.0900126103951886 -0.0149565936895828 -0.0498029234936006
-0.0967586370762551 0.028000385522047 -0.131211036321696 -0.0232528179930787
-0.0663427754162431 -0.057511749971864 -0.265204225269878 -0.0768765938499374
-0.0282438855560284 -0.0776728460328754 -0.330099568357989 -0.246522911839467
-0.184919013415422 -0.130951839038809 -0.26624163323913 -0.0681655864147032
-0.205412471692688 -0.0957336334834241 -0.194240656281596 -0.010575062393823
-0.230377356847196 0.0399229767355763 -0.0493493354490319 -0.0308937335399044
-0.156788637401276 0.153909479003344 0.0301596186709218 -0.0344458325102402
-0.0476786210609806 0.172596817549132 0.0617761153262431 -0.136420923953244
0.0254885683053841 0.161270696313927 -0.00635752489864352 -0.221508899243421
0.0875011705673136 0.137532807563221 -0.067717924052301 -0.236004193818497
0.0996514616459596 0.116509428116102 -0.0938013241252694 -0.231144363705912
0.111407416252421 0.130892742960174 -0.0899018601557479 -0.224901456911368
0.0567047441310752 0.171904422258273 -0.0400538772900158 -0.202889729245717
0.000357789386214974 0.188591869011666 0.0231162779386951 -0.138779755807727
-0.107720583512028 0.208402608952772 -0.00939150493342215 -0.0124789520185388
-0.215995124638783 0.11304585105604 -0.13517007468064 0.0147648599978665
-0.225342098762058 -0.0500969903407956 -0.262950590526676 -0.0341145006119848
-0.198234637483474 -0.122308695011939 -0.310148102943345 -0.181184235406153
-0.289870433906169 -0.160340956679519 -0.181894366503405 -0.0322086273783799
-0.3138205536955 -0.124140262307512 -0.142504132889132 -0.0138804080015796
-0.348814268826356 0.0510184041020043 -0.0401459788306595 -0.0450889765951664
-0.263118234779851 0.215969485983077 0.028008647872344 -0.0308727793434261
-0.112054813601329 0.267516174719681 0.0531211226235759 -0.108707647263253
0.0123629380350645 0.262234335694705 0.0048083660603976 -0.173547083202087
0.116033077687555 0.231681183033315 -0.0371000024122915 -0.172990913762172
0.137709558745434 0.190863461736935 -0.0518020826231765 -0.159082247045127
0.159612808230361 0.202442923958308 -0.051814307738323 -0.152447203409915
0.0872023482834301 0.259528519986162 -0.0108309490882372 -0.13819387833986
0.00405249547975429 0.280179402343482 0.0414526188691823 -0.089767302833205
-0.140395618065576 0.310365138866044 0.00977563739611805 0.0241756725930622
-0.296156728631029 0.202537569089183 -0.109127420479019 0.0496581149796174
-0.349258010348726 -0.0165340385039036 -0.216068059144245 0.0074601586918166
-0.342801976787353 -0.135665720800508 -0.234510644601226 -0.106107431876716
-0.360910436671048 -0.165688129183391 -0.0714936361119149 0.031646955871914
-0.393257499984565 -0.12630851412056 -0.0603293049923231 0.00260950882601707
-0.430312171757413 0.072681975901015 -0.0159754464237543 -0.0554639574838109
-0.335015348672053 0.266519519875566 0.0185769226291778 -0.0273646922085826
-0.156506817656079 0.333942508915477 0.0263366750955976 -0.0612648109892616
-0.000306977084561685 0.330026396811605 0.00694190205964908 -0.0922868428288265
0.129820384552215 0.290832295862592 -0.00424809993323674 -0.0786669005321209
0.15558263816373 0.234514577235561 -0.00125824786097933 -0.0636493988998394
0.183851872592553 0.24191493935643 -0.000748758504158928 -0.0614172460226044
0.104710951587103 0.305140254037433 0.0303538191477964 -0.0576713499786048
0.0085065140004813 0.329265553375776 0.0656229435683109 -0.0290947131092079
-0.150332363140814 0.3647557060318 0.0365955822337578 0.056448326916766
-0.326213593803595 0.259090394268182 -0.0620528252789834 0.0698739929978978
-0.411496998300912 0.0225988343362638 -0.131405452235641 0.0290503040088342
-0.427833730395247 -0.122550157514131 -0.116165679693526 -0.0390232546611093
-0.380550889963781 -0.142605223615794 0.0524919610873087 0.109268820201515
-0.415730755294706 -0.0978396162221199 0.0422753362199118 0.0347482026668102
-0.44336559890949 0.0953865960410301 0.0178457730724239 -0.0502801923101804
-0.343009188399102 0.282749493040992 0.00652013256552861 -0.0139571571284005
-0.166998578256381 0.346839329660926 -0.00623100429410345 0.00390156533693311
-0.00739846455105716 0.341904688407666 0.00681511161922291 0.012168162396677
0.126665872333081 0.303338219370337 0.0297837485632656 0.0325256458989896
0.149240581708933 0.24322317779671 0.0504615202771774 0.0413373753553486
0.174746486209964 0.246767980731727 0.0523198767564328 0.0351882616360569
0.0960911864836605 0.305484531881918 0.0726094615522892 0.0279668461989084
-0.00316333095447635 0.323038548404292 0.085209104549217 0.0364404826185616
-0.14903942854822 0.346764283574823 0.0570638402824778 0.080559306878889
-0.309952971316216 0.25384771264764 -0.0131101470743814 0.0740785230588321
-0.400682377906831 0.040020187690996 -0.0346108000167548 0.0288786541625381
-0.439720318498095 -0.09534616114345 0.020767848435489 0.0130411322054571
-0.342191685552255 -0.0898678402395022 0.170676860463947 0.182544507937622
-0.362617166694585 -0.0441133797393215 0.141833516865436 0.0691367766277976
-0.366821752391053 0.107585426185916 0.0523302496005196 -0.0301914837758386
-0.274449414287814 0.244466074401383 -0.00166308174972224 0.00945405330989414
-0.139525876279073 0.291659532244426 -0.0309983585426441 0.0737222752040125
-0.00807741498634126 0.293052710226934 0.0111012745380343 0.11740268659261
0.105542054592456 0.264529755140667 0.0624665239168437 0.13983605789487
0.119983717730793 0.215803509376639 0.094299256977139 0.140415670326538
0.134072225209065 0.22000807110575 0.0941902411298446 0.126023321073546
0.0613580101130981 0.264486118930361 0.0982621733347586 0.108265610685395
-0.0293151931153754 0.264917067438995 0.0845879463607579 0.0959382349730651
-0.143143073597954 0.26022501466009 0.0572200157338703 0.0962272394628582
-0.250996574469471 0.189442586895151 0.0225736712732224 0.0672309286723667
-0.323735932403609 0.0348221792761784 0.0521740638781507 0.0157342996662092
-0.381045743457374 -0.0616304044913689 0.148062544967399 0.0495500862601838
-0.247531460351878 -0.0247628002670386 0.262860496219615 0.234493790502786
-0.238191947571659 0.0140768348585619 0.221928730660362 0.0919154303772927
-0.220214728388884 0.0925443745120449 0.0824131357146707 -0.00451105870879271
-0.158670635911151 0.154287498264688 -0.00175171481899028 0.0311754496725379
-0.0914311499800209 0.180836479711635 -0.0404343904717159 0.127961148173769
-0.00932463138539108 0.192863089863912 0.0215265524818525 0.198818458677259
0.067524965887532 0.18322739260615 0.0892502884297147 0.222973745239478
0.0725213068427024 0.155951247434468 0.124368519573622 0.218301634146957
0.0752915939013102 0.162526127231393 0.114873135748576 0.200231149682154
0.0170614620683231 0.186743149029792 0.094702358762998 0.17309611511194
-0.0521026668414622 0.169523262428577 0.0555030376605406 0.139317649380699
-0.115365801844549 0.137642267548566 0.0359062286328335 0.0979326931369419
-0.158425613946764 0.0990022156345034 0.0403241411983849 0.054940573553889
-0.203433909729958 0.0245269945383714 0.115198914833566 0.0021681435077411
-0.267367638755774 -0.0216138184526862 0.245384401055375 0.0736195090558038
-0.109678563394307 0.0388115202541842 0.313997327081374 0.256035054678089
-0.0738066616033642 0.0531878198498745 0.272838769726268 0.0954136055028349
-0.0493085425139574 0.0466476926783759 0.108907876360106 0.010810347035141
-0.0360587694582578 0.0339848878707532 0.00366402028570836 0.039144998740128
-0.0429548570961478 0.0452335270651204 -0.0375832613925814 0.155381051834131
-0.017602024981844 0.0676046898307662 0.0356651293102921 0.243125420665795
0.0138409961955569 0.0768450263310622 0.107149121528406 0.266977080549025
0.0139676722206947 0.0726243659750026 0.134239675915588 0.263406736163354
0.0117000895215613 0.0790145795755524 0.112833209452311 0.248604381488929
-0.0161551297983872 0.0833008867028275 0.065492778257991 0.215210985112225
-0.0498450613758049 0.0596779328585663 0.00795415377096094 0.159586094256163
-0.0539993664942215 0.0199490217258339 0.00392722176710695 0.0839062683839928
-0.041694466108059 0.0234828382696618 0.0475828290870841 0.0400575834492795
-0.0668319831283305 0.0314473587638364 0.15383455563042 -0.00392454909852178
-0.126815461356475 0.0301829393741188 0.303247014764134 0.0835598345808631
-0.0594726366994957 -0.0834450707529967 -0.301899241911696 -0.0521714461272251
-0.0814501608117157 -0.0548997239321229 -0.201164708676211 0.0195847926481956
-0.0913439064855859 0.0263482728011841 -0.0485003669380048 -0.0148514979758674
-0.0384236645523859 0.0772042654037567 0.0166243471013531 -0.0414772847861059
0.0153911913941949 0.0602991191984172 0.0371172871711044 -0.143267409751397
0.0300099104097831 0.0417377065831931 -0.0393974307979001 -0.221146004838822
0.0426360555428493 0.0252102302074039 -0.103779808574091 -0.242290698091904
0.0459006071313705 0.0205663720901473 -0.131471542680071 -0.249159554573298
0.0503373631798964 0.0295768310587316 -0.120373362263889 -0.247062000736678
0.0318895294786684 0.0520550146152732 -0.0647475527782566 -0.226491960892472
0.01624782595997 0.0689564639411822 0.00214994242906575 -0.164427362891069
-0.037611846668814 0.087477735008824 -0.0155445599163739 -0.045784664514802
-0.0915050890384414 0.0318971714090728 -0.124368429316711 -0.0125649253161209
-0.066212936361373 -0.0512181718850565 -0.25354757897175 -0.0573008965750892
-0.0310386220519976 -0.0713975648637158 -0.324695980124509 -0.21550725987135
-0.181210603963379 -0.114037462561952 -0.254380020575882 -0.0522672491945227
-0.198298101443891 -0.0804096543360023 -0.184257057873159 0.000767261325132652
-0.213584716576988 0.0506787349614835 -0.0514403315841299 -0.0259632895961208
-0.138834401704484 0.155344275350676 0.0254928084597157 -0.0334200774009064
-0.034454211866142 0.166592167736136 0.0501587269095859 -0.132627050854306
0.0343223630975819 0.151320857178756 -0.0199202535341713 -0.209208251546181
0.0906810671693505 0.12573253831176 -0.0775175900914677 -0.221112517603396
0.100234265930044 0.104715883700361 -0.10254036562434 -0.216109120220485
0.112646000988583 0.116658802365567 -0.0981634613002238 -0.208513525588647
0.0639062784963612 0.160911273700951 -0.0477703425270193 -0.191067799367295
0.0111327873927668 0.178894823391655 0.0147792011989375 -0.134603125269728
-0.0902216603528656 0.203399145376785 -0.00856473103479462 -0.0106994884511476
-0.199145687642454 0.120198351338193 -0.125312638078447 0.0236271852033399
-0.215992919667674 -0.0347638618958722 -0.249650221717051 -0.0168013488164653
-0.192920353705553 -0.10367543437097 -0.302369203955743 -0.155812989201591
-0.282064341554272 -0.1369756866048 -0.173381015056484 -0.0226788403076383
-0.302533809513291 -0.101897688834452 -0.135597191431308 -0.00564560762400099
-0.325398435416713 0.0687050809808098 -0.0439707302578047 -0.0406914652378379
-0.234880505456062 0.220571889770852 0.0233782082803674 -0.0298155298344961
-0.0897343908236386 0.261209471234884 0.0431393082495015 -0.106262738621714
0.0283744885527472 0.248281340518556 -0.00797884580724181 -0.163789130397271
0.123606819898444 0.21268356456036 -0.0449480232883356 -0.16412815940544
0.140350801152522 0.172744436963201 -0.0579999596532047 -0.149851217395313
0.162379206440013 0.181373012515725 -0.0570678820872967 -0.142205010119803
0.0983423684148378 0.241404089092455 -0.0166534215567356 -0.132219603604577
0.0202547151562862 0.266678801183968 0.0348760811887368 -0.0900845127745162
-0.114328968074658 0.30164009999093 0.0119784616821447 0.0226964245740939
-0.268965251234872 0.208186353976046 -0.097911933501161 0.0548540723293266
-0.330915389654904 0.00535679242347308 -0.202895729772205 0.0198770360205453
-0.327351043648559 -0.106376672605819 -0.226269640325208 -0.0897989710570928
-0.348350758803064 -0.139455445688723 -0.0663559159711114 0.0319659704774062
-0.378335088943562 -0.0992208220295236 -0.0565271334891356 0.00521492080848242
-0.40201322614739 0.0947190524472836 -0.0216549656892743 -0.0514668550980581
-0.300974368489143 0.272999230837859 0.0146522357335693 -0.0262667288609833
-0.128217788263019 0.328681545129795 0.0199934263376879 -0.0604839148879318
0.0200348966893674 0.312447709559161 -0.00218405431007045 -0.0869630249207667
0.140246908128283 0.267669551692357 -0.00776995701431608 -0.0765387218136493
0.16011837222945 0.213457172314742 -0.00488500737353498 -0.0613398289993986
0.187158720760677 0.216538824516206 -0.0040443388048352 -0.0582173821806412
0.117632482503864 0.28402923002019 0.0273761652610381 -0.0583944356415921
0.0280216063892934 0.312619691602411 0.0606439381364406 -0.0343556478823787
-0.12017418280389 0.35321824585328 0.0388957109393642 0.050610107684271
-0.293941948770809 0.265865934984962 -0.0518418344298142 0.0700411863252857
-0.386737722037005 0.0444601420796649 -0.122888979414553 0.0356937450498967
-0.408811735393605 -0.0887697702445192 -0.110692788611382 -0.0316343863803545
-0.366325135638123 -0.116996805731521 0.0542051628961306 0.0992039264562103
-0.397928549081426 -0.0717496628590034 0.0411279206035253 0.0295399557162613
-0.412727077701688 0.117308706570924 0.0111799100877108 -0.0490513765808656
-0.306768702421099 0.289765898895236 0.00434346443129291 -0.0137491919195739
-0.136589186472723 0.340651028008359 -0.00774911515096128 0.00363405625719757
0.0139559341408436 0.324286106111181 0.00395125154044052 0.0117695643386503
0.13680526424009 0.279322356710759 0.0309985071183591 0.0265388266521984
0.154581161309618 0.221838104420713 0.0509703095830815 0.0357725303293431
0.178572917433391 0.221916718239271 0.0520886523560019 0.03042767445125
0.109790819202609 0.284742460804608 0.0719364495565651 0.0204624407757879
0.0166330822119369 0.307201350927557 0.0825717025683313 0.0257324545525546
-0.120336448495259 0.336587024642194 0.0592293508438528 0.0725949734212834
-0.278508299400175 0.260259401554871 -0.00545464472554589 0.0702745722705973
-0.375276340509678 0.061995064595492 -0.0311386509583033 0.0301311780667279
-0.418593588666123 -0.0616824099737783 0.0215759855234538 0.0104650848446039
-0.3277809823921 -0.0691808269328243 0.16927460927716 0.162698919744399
-0.34527582722948 -0.020792120597209 0.137011338037024 0.0558894781045458
-0.340588222018883 0.125455904250697 0.0458188920039924 -0.0324868104852582
-0.245054139246035 0.249374494880663 -0.00244580133018484 0.00873667457138039
-0.114565673607053 0.287125001698365 -0.0269703676046372 0.0711285305672339
0.00964452242771509 0.277922741007064 0.0143099989996517 0.110892542269642
0.115269581043455 0.243275659195201 0.0681941097967722 0.126789162997443
0.125147467898173 0.197466060129585 0.0990879606115664 0.127850421343439
0.139415786545927 0.198940857009215 0.0970999353651062 0.114390065442051
0.0740725041824625 0.246463972516982 0.0996444400221757 0.0949102858861548
-0.0118007168994276 0.253463882598375 0.0856031122040909 0.0825059843274791
-0.119337421616514 0.254057498328927 0.0604138713902992 0.0864416874040096
-0.225778074531265 0.19518232977672 0.0272808022844721 0.0615252138187369
-0.302697253773729 0.0515424781005852 0.0491842052614134 0.0128816400666289
-0.360705789359419 -0.0333236262853895 0.143514628364138 0.0382883119798463
-0.235452195726714 -0.011864734349228 0.259748403352517 0.207971202790156
-0.223990350961722 0.0264690252944835 0.213332365558737 0.0738057321506244
-0.20318518809802 0.101379008960816 0.0767926860666206 -0.0100105532613114
-0.140778024812392 0.156573654308245 -0.00112618146117228 0.0293297783190806
-0.0764080555418864 0.179184775605056 -0.0328389165395813 0.123713208586585
0.00234369812927764 0.184534714313641 0.0292901280739279 0.187347171542812
0.0743274968475299 0.168518859290524 0.0987517213415975 0.205076682626373
0.0772785982452932 0.143368871543532 0.131712818742231 0.201128486342445
0.080393651455861 0.148017129777521 0.120683861484899 0.183127131019151
0.0281080869270578 0.175187453202832 0.0996428850573253 0.156602819265496
-0.0391452442958033 0.164219704333883 0.0607656835400768 0.125960251881544
-0.100452986975184 0.136687201293434 0.0405740673328537 0.089167137028606
-0.142182175377417 0.103339583127307 0.0424484061093942 0.048674936016358
-0.189570182966787 0.0348918503255594 0.107488620096701 -0.00394122047213893
-0.251384260490047 -0.00291194968597263 0.235909048781082 0.0560145759000263
-0.10215522002888 0.041370062268408 0.310973358987645 0.227982024754433
-0.0669335742620247 0.0544560738089871 0.261848439037336 0.0742797031145236
-0.0441258314246129 0.0484024329707026 0.103222080410183 0.00245878244482588
-0.032022316202348 0.0351021251420637 0.00429020355349363 0.0357968012655619
-0.038793542893656 0.0467294310326051 -0.0285947151998927 0.14989214254758
-0.0129324203747187 0.0657708800848974 0.0461968221453456 0.228607561786425
0.0174316911475783 0.0710495539511579 0.11706136638188 0.247445019016348
0.0176222950774647 0.0681009718377902 0.143764575706188 0.243007747904961
0.0156773006900762 0.0737222361357159 0.121176923492825 0.229809052221004
-0.00949542357666763 0.0793928143038584 0.0739553477180858 0.199450566143637
-0.0431718745101676 0.0593481389179231 0.0169592154996682 0.148636229497458
-0.0496573986751952 0.0218481203446515 0.00963672598609207 0.0780647465861027
-0.0364219953188872 0.0251618214728048 0.0489557501124814 0.0336115064772949
-0.0604560904980842 0.0336918403764536 0.143624771590262 -0.0115704470571768
-0.117031625584866 0.0371280725898873 0.291278544051669 0.0627820719434144
-0.0681898710678074 -0.0649062680689578 -0.2871432290376 -0.0052007410049228
-0.0810716109682976 -0.0366997134554612 -0.18589004946285 0.0475082316159363
-0.078886388989096 0.0355659198678987 -0.055609475541532 -0.00503679996490335
-0.023675888966971 0.0739796167091263 0.00318807605164839 -0.0360727976596069
0.019644726528462 0.050960609857119 0.0127588054863668 -0.134554818747369
0.0307250364402627 0.0349531439956872 -0.0676864585485332 -0.198007481102677
0.0403232816053904 0.0186025225031404 -0.131268570041217 -0.212868404608352
0.0424122673353618 0.0136614409526792 -0.158799352341318 -0.21464221455225
0.0479207338308089 0.0214329386577582 -0.150641786543367 -0.21487826961052
0.0349183889916119 0.0439708987178618 -0.0973645162652992 -0.201653128008615
0.021122790185968 0.0605991796951613 -0.022890482409633 -0.153528438915709
-0.0244965456033036 0.0851197710057745 -0.0197543669540092 -0.0417658023122017
-0.0816486993802035 0.0387689767759018 -0.116907437591159 0.00819025863785175
-0.070675590385205 -0.0409924384115659 -0.237497563502833 -0.0134060515603593
-0.0417977279872939 -0.06479122275587 -0.326139255024588 -0.156086760448125
-0.181088584117983 -0.0809952869324062 -0.249205712631654 -0.0149950950755529
-0.190487830750578 -0.0462113053170243 -0.177146643080638 0.0255919867637959
-0.185494507360569 0.0735313515787646 -0.0687245338637187 -0.0151840341165665
-0.101806207098127 0.158201833508237 0.00376400175222784 -0.0293291462462454
-0.0112010372273973 0.154239440148991 0.0225104670251638 -0.120651887717531
0.0484762463093233 0.134457206532256 -0.0490678202823919 -0.184805115156577
0.0970593925124546 0.103567217882378 -0.103423911977852 -0.192470906594215
0.101685604337831 0.0853349629716677 -0.127025246284873 -0.187204019992597
0.116503267390565 0.0938239899110315 -0.125793058869433 -0.183248042968635
0.0786690324238649 0.140440212505394 -0.0779123013172843 -0.172407320407227
0.0289237684580877 0.163274158433433 -0.00723796718819261 -0.129855646159161
-0.0587694241710316 0.199847270417442 -0.00786992560255546 -0.0127595860271146
-0.170438269299844 0.132311715338194 -0.114687532167713 0.0414730507200132
-0.205805402995088 -0.00582401713826323 -0.227490915813727 0.0204955956015093
-0.194799700168357 -0.0737872922938566 -0.296715252853079 -0.105362991324731
-0.273832471237147 -0.091699490659066 -0.175959354340225 -0.0028257070349774
-0.287128685820276 -0.0524380275463998 -0.138020019359847 0.00919920036007811
-0.28330463896859 0.103581332379408 -0.0719999021660697 -0.0307202875103664
-0.179343961294096 0.230756595202012 -0.0062622338522546 -0.0255858963441624
-0.0478024805205192 0.248013327517547 0.0145664503081894 -0.0892657612638614
0.0550030575269014 0.22485025069785 -0.0322197294624347 -0.140152599722371
0.139181478277969 0.178027873759757 -0.065086472318247 -0.138927137942588
0.146898318596045 0.143355950835295 -0.0765670631115887 -0.130607846758868
0.170494796657473 0.146233692268433 -0.079404712505659 -0.126247238548968
0.121378648855883 0.210777666768724 -0.0416922616259215 -0.122542414030782
0.0469941601490071 0.243083908868131 0.0174694541905163 -0.0928838092388233
-0.0686458953899198 0.293414080623706 0.0160643186528201 0.0126594761184883
-0.222536177321615 0.222140291038791 -0.0857407686509079 0.0652005850671177
-0.304744119155786 0.0461196320890512 -0.178750944017327 0.044799352665934
-0.318006268067278 -0.059322615906043 -0.216664970930995 -0.055208152406918
-0.332716418201563 -0.0875488304196052 -0.0718431718423973 0.0301702625297367
-0.354158083258336 -0.0422309122600632 -0.0661073930043583 0.00666159806470695
-0.34856569101119 0.136463402576272 -0.0586298857661773 -0.0446103905197333
-0.230299540582767 0.28784289725018 -0.020066056308531 -0.021237102033488
-0.0732427852507302 0.314417372609004 -0.00312396231718595 -0.0386488322723392
0.0566288098207307 0.285212817980861 -0.0167461780340956 -0.0661316018551777
0.162203349478283 0.225916725693426 -0.0182587589822924 -0.0586917393584245
0.170491431395808 0.178337095104097 -0.0141717692919709 -0.055384394225451
0.198508935897981 0.174871614756999 -0.0179470836413732 -0.0555388870224757
0.145758989007919 0.247709632733115 0.00926001412782411 -0.060697990552055
0.0596243908879136 0.285303535485701 0.0498241259222509 -0.0464926428212248
-0.0660770148149929 0.342877799274875 0.0452479729817672 0.0331058706931813
-0.238658800920311 0.276358186366575 -0.0414158506781938 0.071938224327268
-0.351183342869779 0.0918207915786152 -0.10271925648019 0.0458872043987342
-0.388729994521216 -0.0333258685422769 -0.102776182245631 -0.0183665283412648
-0.344413935205595 -0.0655493777858165 0.0479023540344856 0.074548987045149
-0.369191128002047 -0.0149319497555316 0.0272029096596243 0.0144202367421602
-0.355795029919222 0.158953367280752 -0.0287965933053112 -0.046916279044289
-0.234236595096745 0.303245747512816 -0.0284712911480525 -0.00781030298958411
-0.0783372974669513 0.32825227473727 -0.0198471389410135 0.0253762992439486
0.0536501431035175 0.297402764353602 0.00336399261417001 0.0257524336223297
0.16225430409309 0.236069583759035 0.0326817529025438 0.0337506470648446
0.167240795016164 0.186999210812032 0.0522403084062252 0.0281648582208431
0.191757377084158 0.181347260165249 0.0484639135114432 0.0197778079356045
0.138173152873204 0.24924086637705 0.0632188679373352 0.00632237360900982
0.0494569545051314 0.281186939949242 0.0796452063813493 0.00621873816199762
-0.0687562558217134 0.327871112838568 0.0670227546929097 0.0499159936842272
-0.223962646415789 0.269534173969018 0.00139027059522988 0.0643664148116613
-0.335795357490168 0.105364833577405 -0.0203350095697874 0.025893938920117
-0.391012390878164 -0.00824643041805368 0.0234226866831061 0.00253074660061952
-0.301636045280294 -0.0277102764206642 0.16608055252878 0.117551558375814
-0.313294788999092 0.0215490567539989 0.122461533519575 0.0262694469718544
-0.289960338273438 0.154893495283523 0.0107599449455171 -0.035146723917746
-0.183780451528454 0.259046329832763 -0.0263493675685161 0.0132533550313204
-0.0644471775557967 0.277533152018969 -0.0255491199568889 0.0879712028125869
0.0453067421557054 0.255642595101581 0.0275694728428875 0.114601638998861
0.138283566388515 0.20584789130355 0.0815342937989246 0.121956817206262
0.138817429678197 0.167616032316987 0.110371023137752 0.107151230088618
0.154360139690054 0.164494172321636 0.103865662014018 0.091542003262101
0.101271958668586 0.218757621161963 0.102363196231833 0.0711418575536249
0.0173001783926822 0.235188823788015 0.0906681796729963 0.0588952245069847
-0.0779020126849949 0.251450374339634 0.0705812227230828 0.0637736454040298
-0.182150281457317 0.203638524303551 0.0316069228558612 0.0505927716077469
-0.269138655666829 0.0867384913121608 0.0495645247783365 -0.00117537545634498
-0.332534979156937 0.0116382766584319 0.138956814870227 0.0125323728893319
-0.209493507728942 0.0134425851225032 0.260863875149153 0.149342969895819
-0.197498658228054 0.0489044756152008 0.200041164485732 0.0338926519408413
-0.169504813321025 0.117459311798988 0.0532522995573231 -0.0193482996544776
-0.103716521728034 0.161523842112793 -0.0123380668056224 0.03062863944676
-0.0428246695718465 0.175152542390218 -0.0197193170507106 0.132020836221517
0.027116009828925 0.170054449442683 0.0533374993903837 0.180885840442647
0.0917111173881894 0.143021529689577 0.121357785387311 0.188228248564688
0.0889173027410253 0.123182920238684 0.15186574642382 0.17036455631824
0.0936590825093139 0.126078268258414 0.138852084666094 0.152819493374493
0.0496620664852326 0.158535374130764 0.113468316312196 0.129170041224749
-0.0168204377177005 0.156722881321602 0.0758937000389139 0.103683794621497
-0.0754245484920549 0.140000972722389 0.052604625912862 0.0716512289412241
-0.116314126623046 0.110387774769505 0.0451493848506535 0.0358232375791182
-0.166777275013261 0.0567460445280969 0.0992094828076052 -0.0227941008830786
-0.22800708100557 0.0270648598435133 0.225721811906427 0.017411231379264
-0.0816306133451686 0.0474723381642739 0.316317214528366 0.162927793581235
-0.0513508524013909 0.0542142218656095 0.250887898237991 0.0294843266037493
-0.0328721443890004 0.0487808887037329 0.0913996319113714 -0.0119293595318048
-0.0227692231793962 0.0367242761307826 0.00446298111059675 0.0332488576695046
-0.0259205343581016 0.0500612782157922 -0.00783721960112119 0.147707353374907
-0.000679834669917931 0.0622161011141065 0.0745342373911784 0.210671092216048
0.0272262210170418 0.0615574818135094 0.144304572280522 0.220947642977413
0.025887379546809 0.0602495205409309 0.169990300033324 0.207620631827485
0.0260085166096532 0.0651333612434338 0.147375721520285 0.197201640286699
0.00244572359416527 0.0750845853435019 0.0992352424842164 0.172969000563372
-0.0322384897791755 0.0604887512469338 0.0387186713138485 0.13400692231022
-0.042883564361697 0.0270518287330092 0.0221038822923526 0.0683214073994621
-0.0284922421674371 0.0271086261086153 0.0508445526035209 0.0216338051023791
-0.0485264478030028 0.0396540091865261 0.129861026146246 -0.0337571909723073
-0.0988475503251861 0.0482016190908382 0.276887054858036 0.0178025097781765
-0.0625003366108026 -0.0619802068877334 -0.270923122700455 -0.0136147584086812
-0.0761119065080164 -0.0383911411177905 -0.175722837112407 0.0413532939840055
-0.0749599803345478 0.0320060392223367 -0.0537780218107705 -0.00446012834125274
-0.0231900348174625 0.0694442319489157 0.00334801950896739 -0.0329199456230395
0.0176292769202308 0.0480862883243033 0.0154287644927805 -0.126722888058897
0.0289644141774477 0.0329921583274188 -0.060096254149794 -0.188371387900489
0.0376453292404453 0.0188480776770034 -0.120445276615437 -0.204527445452861
0.0392619351459764 0.0137099430487514 -0.147915779032956 -0.207655092966945
0.0441805441402398 0.0211835561431341 -0.138502216161475 -0.207892322294474
0.0322102881212295 0.043170089438401 -0.0864462680330542 -0.194276675756944
0.0190574019212806 0.057982919586542 -0.0177880966284806 -0.146280250714268
-0.0254412474195648 0.0803781060574725 -0.0158597342113528 -0.0397858297434296
-0.0793442251692818 0.0353296832734841 -0.10938609251123 0.00672853671744853
-0.0661480632842488 -0.0412578384981004 -0.22359125535938 -0.0181597362589434
-0.0383224183213779 -0.0625208739716031 -0.304823231429849 -0.15703819479643
-0.169125616200198 -0.0804927497209008 -0.235735682396879 -0.0223291997344322
-0.179310297363687 -0.0494061916221852 -0.166847021991732 0.0207014153731611
-0.176801145534913 0.0657855366549018 -0.0665220614671746 -0.0141630207121729
-0.0990529773883422 0.148031132209606 0.00397585851733494 -0.026480923330654
-0.0131350452690879 0.146624620662195 0.0235526362738918 -0.11340865119214
0.0444300108087243 0.128279309067318 -0.0431046491553863 -0.174516122514025
0.0905087954463892 0.0998638933319296 -0.0944599723970261 -0.184936255984664
0.0943505415219431 0.0833092251790528 -0.118516646200056 -0.18196746224248
0.107240343223116 0.0907320727561952 -0.115549855362926 -0.17735392866227
0.0723374864597187 0.135592317321524 -0.0695139237204616 -0.166945052493686
0.0243342563837818 0.155951010216051 -0.00349925183256403 -0.124439041721657
-0.0599302245141207 0.187554287531091 -0.0048800745146144 -0.0120408749118957
-0.16401639701791 0.122795112981097 -0.107225472538149 0.037640501499013
-0.194095952128381 -0.0104919671150966 -0.215223871918872 0.0152847788558039
-0.181480057618104 -0.0748377957939389 -0.277676715993111 -0.107526451572348
-0.256968266498365 -0.0932744699701024 -0.167086278172551 -0.00858801820754266
-0.270464356014316 -0.0578574681966062 -0.130049919046455 0.00581482622291913
-0.269102362333592 0.0929197530217366 -0.0698035071664778 -0.0292847788510152
-0.172934036561853 0.215473438674916 -0.00623153619590095 -0.0232545046545278
-0.0491984737140973 0.23549798965733 0.0156811708928824 -0.0839693851435279
0.0484228852574077 0.214033032645691 -0.0289325203932958 -0.131406153157786
0.128367949919168 0.171227608836796 -0.0583932752204156 -0.134245474812873
0.135767316490834 0.139161906754694 -0.0704752212206559 -0.126987728487416
0.157659465468833 0.141598327885982 -0.0724767420077424 -0.122561578475575
0.111559509367147 0.203359106676963 -0.0362590120211245 -0.119491756863908
0.040181947916658 0.232005031857856 0.0180901139837288 -0.089618569818394
-0.0704145792429773 0.277327582089807 0.0168959819807768 0.0123093994560069
-0.21541878140882 0.206568241434676 -0.080137744258313 0.0601348039712186
-0.28950355558718 0.0374496007872509 -0.169743988405326 0.0395762305866204
-0.297044212186551 -0.0635897982875773 -0.203689279740207 -0.0582258816115856
-0.312820265152788 -0.0916324945189282 -0.0700924099467392 0.0248034534782126
-0.335264073584485 -0.0503464927319742 -0.0637191134230248 0.00416457814079487
-0.331968609998349 0.123273495210577 -0.0570821762048694 -0.0427438177808481
-0.22217616616008 0.2686744808308 -0.0191221389922075 -0.0196009994978102
-0.0736455138723438 0.297977302515328 -0.0025404986310539 -0.0368949234334081
0.0489657959438686 0.271767447081548 -0.0156023121723637 -0.0612366217479472
0.148834457144608 0.216814376462627 -0.0154470887960571 -0.0577598860230395
0.157810409379459 0.173554119071133 -0.0120024772574568 -0.0537876777300593
0.183159090647391 0.169001691342899 -0.0151244961384821 -0.0532487385416804
0.134198992083164 0.23823440319704 0.0108029195612815 -0.0596825411177572
0.051880822828555 0.27238300956319 0.047341696851451 -0.0458947312185793
-0.0693234751017489 0.323565897912162 0.0436578894745943 0.0321240026657235
-0.231005706417436 0.258241709670902 -0.0388569246338491 0.0671855156770551
-0.332991644859225 0.0792831593985328 -0.097809027292842 0.0422816187393957
-0.362627674378196 -0.0378080813138943 -0.0959474282736867 -0.0207680872991804
-0.324508300434587 -0.0712067787561085 0.042246791104106 0.070735295374211
-0.349612507160885 -0.0237702562959815 0.0240994548539458 0.0136204927062536
-0.338592582434527 0.143806030712243 -0.0286233604051524 -0.0444363895074203
-0.226353042816647 0.283201873249454 -0.0278163946677511 -0.00712389608709845
-0.0789297818298558 0.311687445100198 -0.0201473071730337 0.0241672058250967
0.0462369509807805 0.283592844405829 0.000939252978589108 0.0259803054714376
0.148450699114603 0.225934723677456 0.0310714007098379 0.0309740555560854
0.154600041499432 0.181172483406767 0.0500439206073979 0.0266712479439282
0.177114076832112 0.174478341420992 0.0465498496947588 0.0191167971375414
0.126617572785937 0.239429192430165 0.0603785679311855 0.00481063379197355
0.0428418058533173 0.268876035359995 0.0743147411426756 0.00418734613972324
-0.0710815918686496 0.308487821563493 0.0634833621398002 0.0482617835162365
-0.215848664768713 0.251484284812131 0.00195554495293081 0.0603465484173433
-0.318453760522542 0.0924543363964464 -0.0195473630665978 0.0253854522716259
-0.366609361477584 -0.0135311919996457 0.02346112000367 0.00212111874911924
-0.284981810648774 -0.0350262998192105 0.152437657320346 0.11533142161353
-0.297159808099985 0.0124241900704319 0.113400215063248 0.0267990754210365
-0.276497227956768 0.142601558077882 0.00864379549436646 -0.0336187844739897
-0.178328683470647 0.243181486695018 -0.026460718557399 0.0122387741157344
-0.0647726181645518 0.263766277147178 -0.0274834708978527 0.0836850861816945
0.0389622598347777 0.244164697601162 0.0218412600827726 0.110877936619115
0.126083779194244 0.19696375076934 0.0761856454224294 0.11528989349215
0.128454821217424 0.162160550474168 0.104026278422544 0.103246399477304
0.14098571923022 0.158179601497989 0.0974370726008667 0.0893295185264258
0.0922195873524388 0.208944861618106 0.0953340475239288 0.0671928283206395
0.0127253070644814 0.223705336562176 0.0838589174493902 0.0543425587578043
-0.0783170446767507 0.235522654386065 0.0663255384645872 0.0612060523593475
-0.175301441624706 0.189242460867277 0.0296926369529785 0.0473914998689368
-0.255187021196383 0.0764369594899028 0.0469212692220917 0.000474776302781863
-0.311096249256615 0.0042342577441968 0.131505760679251 0.0146580272309442
-0.199325820216155 0.00706834500386988 0.241842787618684 0.149006697534327
-0.188302665080444 0.041848136821186 0.186354156096429 0.0362724290165986
-0.161588821864359 0.109398689287406 0.0488304107206374 -0.0175107458331749
-0.100351643904329 0.152246893287605 -0.0138083436551532 0.0284555848440492
-0.0428911081765313 0.166782699818219 -0.0227517107958222 0.124898746505593
0.0234894011132557 0.162294054338334 0.0450372976062354 0.173119302591241
0.0833452112440431 0.136381491275849 0.112364912779645 0.179588562329056
0.0821425639541064 0.118670349408451 0.142641600936596 0.163895612488607
0.0854001858855743 0.119901823493092 0.129185078011915 0.148937250852524
0.0444109327578841 0.151369246512331 0.105069622393486 0.123405282469686
-0.0183912168297463 0.14849853890102 0.0688996684921037 0.0975135261300425
-0.0740392685400804 0.130578147346749 0.0482963216058927 0.0676966971153204
-0.110496869832946 0.102063627541033 0.0434974398125278 0.0338585714400473
-0.157880540580301 0.0503460574802074 0.0939377937160094 -0.0190064059860306
-0.213295259428692 0.0214329211912886 0.213646785655799 0.0221685578484898
-0.0791352404672819 0.0424073356514858 0.294701961686288 0.163851432118148
-0.0494633387357951 0.0506016108507539 0.234596572147638 0.0335899730047956
-0.0312396894275697 0.0470339629551436 0.0853791370225789 -0.0110792776904506
-0.0216233893310859 0.0350501081337073 0.00234928092740317 0.0312300813650494
-0.0251697946117287 0.0479602728232329 -0.0119034789968243 0.141059644998322
-0.00196122849224995 0.0596016009644999 0.0647813648534174 0.202210138810723
0.0243973196058368 0.0578700216243581 0.133451185456352 0.211868361235916
0.0238993332062579 0.0578422370594768 0.159082609919705 0.201106318709294
0.0231846961430556 0.0616372657241938 0.137059441137147 0.189769854378084
0.00111687700873744 0.070920624321796 0.0902750088312008 0.165399299123935
-0.0312605990407449 0.0571088951849511 0.0333029528541092 0.125625455367741
-0.0407525492980333 0.0240465662723203 0.0195445310929647 0.0635221492714756
-0.0261448783292614 0.0246904865614523 0.0484104699887868 0.0200076523574593
-0.0467712984737881 0.0372965345319818 0.123049515911639 -0.0285945081899755
-0.0930990532178878 0.0441007851338937 0.26162675626652 0.0240203270272461
-0.0584813917318144 -0.0628487863258655 -0.265080733136625 -0.0273482412065344
-0.0738159610557069 -0.0414883966483291 -0.17243170856506 0.0335063666382666
-0.0755724174915459 0.0278067435538073 -0.0538539708402813 -0.00472415297096711
-0.0248733830483372 0.0672235203385922 0.0046492794172376 -0.030447305383645
0.0155956124962972 0.0481190038151217 0.0203143330429678 -0.123978151634889
0.0279362657640073 0.0330788435050262 -0.0518455769672363 -0.186543722497458
0.0369533468329953 0.0199286529727261 -0.111243386766558 -0.205771178104628
0.0377546503465667 0.0156017939280575 -0.139364945042968 -0.211889020621791
0.042096489009185 0.0230001697953452 -0.128042775510503 -0.211537476408932
0.0298631865699113 0.0447748927691069 -0.0761800335608616 -0.196069331363662
0.0163097254728115 0.0579936686258952 -0.0106656658879082 -0.145108639113101
-0.0289658314382166 0.0783715814392481 -0.0124024387050912 -0.0397913435128952
-0.0800961525380332 0.0325271293030933 -0.106233923268102 0.0029473312412565
-0.063287911753668 -0.0447163307733632 -0.217823310726019 -0.0263184584873499
-0.0352149010307129 -0.063962884154113 -0.292554952637765 -0.16773055134146
-0.1622629498992 -0.0858242424070827 -0.231573393925861 -0.0345154648482399
-0.17445546714649 -0.0573903904478534 -0.164127550588008 0.0129970203131581
-0.175859850547449 0.0574542209594102 -0.0665879687793566 -0.0150098534503359
-0.101682749373525 0.142312400505506 0.00420884258302108 -0.0243276874554718
-0.0177756160938372 0.144721771206054 0.0278559505649832 -0.110486850554443
0.0392683971298095 0.127672396774658 -0.0358613301905489 -0.172560456855047
0.0853799944278958 0.102211646854713 -0.0857598943299137 -0.187076522481883
0.0893272597452731 0.0863101594413694 -0.110983210358918 -0.184787567780145
0.10136580288768 0.093105584347588 -0.106685721747897 -0.180353588189683
0.0659751888589894 0.137709084567622 -0.0608165804506305 -0.169090159421771
0.0184278584365917 0.154748655975836 0.00149805264745815 -0.123917313723555
-0.0668966800918901 0.182490777655489 -0.00254372049572462 -0.011823115156938
-0.167257708338196 0.11508871907016 -0.105145156888793 0.033530755311895
-0.190689248875844 -0.0197184215028415 -0.211595861921321 0.0071168817817198
-0.174089812653365 -0.0814033256778533 -0.267712376436326 -0.118478976845455
-0.248160622011771 -0.102738623485672 -0.165450989932737 -0.0176006411170072
-0.264461778734794 -0.0697327671972534 -0.127676143688377 -9.32413007465329E-07
-0.267056206038423 0.081275925017369 -0.0690897426076124 -0.0305037405191863
-0.177233276301398 0.206380775467262 -0.00509737901289799 -0.021540843787607
-0.056168268848523 0.231001687978241 0.0189405650467663 -0.0818700242358044
0.0408805688837225 0.212601430890006 -0.0239435519487441 -0.129115316668929
0.119438525356573 0.17328103903081 -0.05250456917616 -0.135648589766764
0.128162602476853 0.143284993366624 -0.0654694677932733 -0.129831804368781
0.148393620613617 0.145202156454704 -0.0659779174903052 -0.124486938567792
0.102187746935119 0.205463082714926 -0.0304075351545845 -0.121228011846008
0.0313348542512129 0.230747720429925 0.0213649902653553 -0.0900243550143496
-0.0805669659197843 0.26961252590289 0.0184719066058988 0.0133836185883522
-0.219745292593263 0.19607339727973 -0.079650191732552 0.0564644971088976
-0.285306148599644 0.0236688648621946 -0.167897503175622 0.033403660469247
-0.287737017991413 -0.07511093665797 -0.197328451733659 -0.0666099505479635
-0.303132687483524 -0.103268115312897 -0.0720596197514498 0.0204929995896857
-0.328416532213824 -0.0649709190896736 -0.0627569224060183 0.000924482863115102
-0.330441021260794 0.1083569667015 -0.0566383951398078 -0.0438119602094188
-0.227014853417771 0.256349107058397 -0.018573563512392 -0.0189668276790299
-0.0829986376470354 0.292168976478194 -0.00132480798545131 -0.0358600076327226
0.0390494507357635 0.269208238121239 -0.0141171641582444 -0.0592044213931608
0.137950562876897 0.218259398191352 -0.0123685246604481 -0.0594196663190568
0.148656668858703 0.177246436269128 -0.00967092438203947 -0.054849345209233
0.171705513069098 0.173039100731918 -0.011612018765724 -0.0535965437993109
0.122755160598116 0.240075429428116 0.0133684718437217 -0.0602198512430414
0.0424669497197639 0.270914187120027 0.0474905665825193 -0.0460009820855681
-0.0814907013494912 0.315603958271358 0.044237251726493 0.0335597875428727
-0.234996652847534 0.246174494711788 -0.0396819010476878 0.0636748045843641
-0.329718778113353 0.0630328238141377 -0.0973469447580682 0.0386348541829775
-0.353215634008273 -0.0530433909819267 -0.0927287021286251 -0.0252573495903365
-0.315847106923846 -0.0840157420182449 0.0365239088258817 0.0708112440448458
-0.342907126919149 -0.0391392601458845 0.022561517331848 0.0135150308073608
-0.338057535907248 0.129383354422262 -0.0286623534369591 -0.045430234409858
-0.231622123949671 0.270876264351451 -0.0278370283860959 -0.00793124337524921
-0.0880224474514727 0.305166861821223 -0.0214591956916356 0.0228659279258462
0.0351704211220295 0.281594883441136 -0.00157387157213337 0.0275576556249525
0.1370946743866 0.227384434729824 0.0303870543891158 0.0295296736908123
0.145645790622883 0.18475049955224 0.048644738843474 0.0270432787824424
0.165491596955314 0.177421695620642 0.0461059232112686 0.0209380799025958
0.116102326071158 0.240576180383088 0.0591724637256153 0.00471997657360959
0.0322000323890583 0.26666823536234 0.0718736986831832 0.00455630679070372
-0.0830265259646951 0.300175227477697 0.0624040776056919 0.0493963684962375
-0.220334017991014 0.239211394180778 0.00051639765270941 0.0583172584663172
-0.315726504409229 0.0774648183429235 -0.0200814956194181 0.0245869959461982
-0.355403783336595 -0.0295868027176469 0.0234183796055349 0.00233885185890609
-0.280286726506456 -0.0470569706545274 0.143970329735236 0.120789392824846
-0.293800319509645 -0.000888131346256754 0.108557150072763 0.0310359077988279
-0.276662976036922 0.130860159004119 0.00797123653517828 -0.0335590325570823
-0.183050456426889 0.233575863246863 -0.0275930942272139 0.0107336285513681
-0.0726613172260627 0.25868240843054 -0.0311071056200292 0.0815258788982561
0.029471015452713 0.243023543244781 0.0161813440932489 0.111234509224858
0.115591914485486 0.19810392548327 0.0709600731818493 0.114962519778215
0.12011144252635 0.164937300869287 0.0999114711013283 0.104730001552271
0.132014872586892 0.160413910294293 0.093456890920019 0.0917275605762706
0.0828725313972834 0.209591440455004 0.091166230253156 0.0680804671975231
0.00478381809661872 0.221487432937591 0.0791209975855028 0.054557204116017
-0.0866650704234072 0.228131786151936 0.0638359208411041 0.0624916793960434
-0.177962620720733 0.179382452324742 0.0282814129320335 0.0462882097682668
-0.252792960494192 0.0645469060303291 0.0459796088074924 0.00332582270638259
-0.302544502680719 -0.00806780034285015 0.12931310530213 0.0195792473801438
-0.197130744415639 -0.00246279526436363 0.230387653434586 0.157950647919184
-0.187988761070194 0.0328370350505369 0.180232673981739 0.0431781354865605
-0.162154926848717 0.10261334845496 0.0470480317534497 -0.016373477843605
-0.102998012117054 0.146377383334544 -0.0155460345307991 0.0271548405275764
-0.0478818730645418 0.163592751006126 -0.0284687788878412 0.122713275441641
0.0169348763700245 0.161567601061325 0.0361549798379241 0.173560319679365
0.0761148665381257 0.137195231589496 0.103977521134933 0.180557385089719
0.0766552778939704 0.120253153459219 0.136208524231367 0.167255839237777
0.0790382511659317 0.121029404636072 0.122489080706279 0.151494091801298
0.0378866655198912 0.150188779892102 0.0983681746926833 0.124425643114034
-0.0230408199606405 0.145840057706194 0.0625524707142817 0.0968463998370568
-0.0777862307100732 0.124921215119141 0.0454319509260495 0.0677526808218663
-0.111573486951394 0.0958084943935168 0.0417409292824671 0.0335013187514965
-0.156274905936338 0.0431934763157789 0.092777215674304 -0.0144321453665006
-0.207475578603278 0.0129704079234481 0.209870499066564 0.0306864267458575
-0.0807729693657617 0.0375528304942577 0.28321807743095 0.175721039254452
-0.0512002792192956 0.0479777209658639 0.227998675717238 0.0435050471560724
-0.0322411393753825 0.0464895185509508 0.0824575060123616 -0.00871422295774402
-0.0224077135511888 0.0337985983216056 -0.000545175321374865 0.0304718431068228
-0.0260246574240967 0.0464591227939659 -0.0184403375511677 0.139348223520768
-0.00348663830915938 0.0591521764106894 0.0550276759623565 0.202819476488569
0.0208502167258976 0.0573965165577569 0.12399448014868 0.214140942800084
0.0220789303410718 0.0572400017499019 0.150339674564238 0.204436574051863
0.0202347164824477 0.0606682480883036 0.128314544476246 0.19269338624822
-0.0015395679384373 0.0691570149111512 0.0823112432066637 0.16553184071525
-0.0323437246884918 0.0549508681321714 0.0267784625752551 0.123601786056431
-0.0408627589384438 0.0216188472261333 0.0169281747954475 0.0622814607828086
-0.0254921135383015 0.0225967079939179 0.0475624712570383 0.0202781532507552
-0.0463415801003962 0.0350242796221512 0.121519336140125 -0.0230834789784365
-0.0917085468442131 0.040009269182294 0.25661646814461 0.034884524864368
-0.0572558703013553 -0.0660645695282417 -0.270488067032147 -0.039306681257046
-0.0748282015560283 -0.0460723812994984 -0.175970370620652 0.0280653144453604
-0.0783450383590325 0.0266723328109205 -0.05610061676366 -0.00498350994684262
-0.0275437109680554 0.0685904394458061 0.0052625357282705 -0.0297150941443771
0.0146866198579877 0.0501817330403383 0.0246754479900712 -0.126677992392135
0.0280274583097901 0.0343688270790731 -0.0472954488900967 -0.192194740161957
0.0374396625221175 0.0219911146932806 -0.107937946382453 -0.214353030251287
0.0382198397118416 0.0172439762366459 -0.1383540354637 -0.222976774793638
0.0420437458154333 0.0249252537488711 -0.12507337798167 -0.22181661376876
0.0293329101729187 0.0478034342653375 -0.0708637448069094 -0.205138002072532
0.0142233801533049 0.0602395441627955 -0.00466469505086625 -0.150000260001789
-0.0327699844134147 0.0797898893830788 -0.00953266996260544 -0.040801062003882
-0.084272624669041 0.0316153232450759 -0.107497179762765 0.000292241998583034
-0.0645525180270192 -0.0490438600380971 -0.220174510167363 -0.0329554397238383
-0.0345444775061472 -0.0672733951522059 -0.293904001077703 -0.182905878205718
-0.162578887636512 -0.0931990918401461 -0.236793754605315 -0.0452007183973756
-0.178489801812771 -0.0653449495837543 -0.166703456080601 0.00736711791006157
-0.181399015255833 0.05431086157502 -0.0682815640684281 -0.015695709148238
-0.107361234932475 0.14297263697362 0.00510540794347008 -0.0228877355385314
-0.0218409299387465 0.148355490049003 0.0317375510641411 -0.112671921664243
0.0371842156702545 0.131657748235356 -0.0314194652331115 -0.176997519274284
0.0843674470473483 0.107535173622862 -0.0827235900323872 -0.195058884439061
0.0893216496553338 0.0916189352753383 -0.109929195344176 -0.194736627490437
0.0997468893080952 0.0993006770243645 -0.103696654283529 -0.189924717814022
0.0636978583738864 0.14381132833113 -0.0563304781865081 -0.177417210055239
0.0137324435475307 0.159907827902165 0.00649330422687552 -0.128796857964487
-0.0755774313718308 0.185180913732651 0.000266043645020998 -0.0119019757169708
-0.175309481412942 0.113613959671168 -0.107208802495961 0.0318973918110268
-0.19490279409163 -0.0278057984855856 -0.215748379448858 0.00136299395995226
-0.17549024061433 -0.0899354299368421 -0.270396258426018 -0.131635034416503
-0.249902939162872 -0.113594429170145 -0.170020733836884 -0.0260076517281666
-0.269759383776606 -0.0809319118659698 -0.129898068843745 -0.00483359013372659
-0.275075429764114 0.0760595925428121 -0.0715893738856755 -0.0319873044373245
-0.18636366190338 0.206606728925023 -0.00482827725666208 -0.0211671231419549
-0.0635277453192718 0.236478165011637 0.0216170731189325 -0.0837049564024808
0.0367675142733006 0.219215132397289 -0.0207400313261009 -0.13199090074402
0.117288876385677 0.181010557172757 -0.049223124173491 -0.142030653307547
0.127684031053507 0.151391213501555 -0.0642458657092255 -0.136404591500601
0.145829766332021 0.153188348692287 -0.0628660847467044 -0.130698923374636
0.0990095893324361 0.21485052656546 -0.0269185663047518 -0.127709853539809
0.025332922731011 0.237798986097474 0.024631819306629 -0.0933206128916812
-0.0921076404409598 0.274561993623935 0.0212293217373669 0.0143001014203086
-0.23173156938232 0.195803675884787 -0.0813387278598188 0.0554919045709337
-0.292912451282839 0.0138323279577179 -0.172707729429612 0.0298718291574188
-0.291133023351166 -0.0865315584796708 -0.199380776714529 -0.0762468627650534
-0.306732316982061 -0.116887741021583 -0.0760745902400191 0.0172729822708042
-0.335509625539521 -0.0777892826050114 -0.0646101161178342 -0.00162217647117268
-0.339306339962174 0.101982871042777 -0.0587256655054728 -0.0458413341638164
-0.238446628593092 0.256782091328881 -0.0186810695210137 -0.018879246354703
-0.0921853671497245 0.298761106614414 -0.000340175550098068 -0.0368808540848143
0.03301146249433 0.27809462550645 -0.013392396836266 -0.0593596136849614
0.134434910377582 0.227624148430938 -0.0103035670569756 -0.0627119223581781
0.147254322275645 0.187004858523459 -0.0084709134480596 -0.057936798982327
0.169187840374636 0.182364266763018 -0.00928912349829225 -0.0561823862567533
0.119043588013615 0.251357525082817 0.0157948567803648 -0.0644691192873069
0.0356007986184076 0.279546953047378 0.0492962847683878 -0.047777175766835
-0.0940725699769309 0.321347852196136 0.0463862105791089 0.0353987458700432
-0.249813663121548 0.246229813093472 -0.0407495168750242 0.0637310369830123
-0.338785383599899 0.0535268643545918 -0.100923298910015 0.0374521337513697
-0.35772258149917 -0.0670715173803125 -0.0935622996531529 -0.0294285869139701
-0.320920571499127 -0.097560609054399 0.0335239882396002 0.0742207163925904
-0.351920878810788 -0.0523880181654156 0.0215834550496227 0.0141126702964162
-0.348611897221723 0.123313211528999 -0.0299753795921592 -0.0471479618121467
-0.243371252609383 0.271614856452602 -0.0290971712787197 -0.00822064960329893
-0.0980543616038186 0.311683154651209 -0.0229415339408339 0.0230137921028631
0.0289219481824562 0.290621582643667 -0.00323656282468836 0.0300433985530683
0.132272128511655 0.237355091439192 0.0308219823355727 0.0295453837870915
0.144027659789944 0.193893026531333 0.0494849646526867 0.027980918279271
0.162744758066725 0.186802430773046 0.0478058542505269 0.0226595290687686
0.11196397070452 0.250878990282011 0.0604835226814904 0.00430338905390621
0.0266012802425419 0.275389758375248 0.0721069357875819 0.00425105714070887
-0.0944773973368803 0.305703386062323 0.0641859882314722 0.052511571369014
-0.231872802228544 0.238847421723436 -0.000455740577566345 0.0590907602283907
-0.324826907975106 0.0681264785966034 -0.0212985522601708 0.0256643764511407
-0.360897102939563 -0.0418117034345636 0.0246592814174913 0.00288964554759911
-0.286093598281404 -0.0580371615023587 0.14202652040545 0.129614107715957
-0.302167225424885 -0.0112106754873451 0.109285162987473 0.0356667169683949
-0.286000750129882 0.126174609321676 0.00698802394480866 -0.0345835332051272
-0.193560205381177 0.233751226093468 -0.0289712898663958 0.0102299025660336
-0.0810417559108905 0.264722640025773 -0.0350628161716868 0.0825334170773999
0.0242159692638586 0.250580337076524 0.0121873380084427 0.116914342181084
0.111434779558619 0.206238531755512 0.0701719055800802 0.118332513059054
0.118735228788893 0.173148071293654 0.099944440905887 0.109316077761847
0.128962526982643 0.167983649088344 0.0954960500161276 0.0968286831519475
0.0787527601792571 0.217975510083659 0.091323898780175 0.0708288823730468
-0.00097777632100594 0.227380289929816 0.0780491356302278 0.0558974479150752
-0.0968156685386228 0.23105561499396 0.0644884493122812 0.0655738352120039
-0.186731854696592 0.178598765815833 0.0282110818632208 0.0475473278929981
-0.259946563167709 0.0576341661768552 0.0467992865392396 0.00517310818376318
-0.306530324028823 -0.0181657274318249 0.132602550431104 0.0246102845405587
-0.203539394814108 -0.0097486910208697 0.230240950113445 0.171780777365557
-0.194032297650859 0.027948205490085 0.181203897101339 0.0506887506095054
-0.168143160008993 0.100783663392943 0.0465047720767087 -0.0160516389735552
-0.109121511813347 0.147858450793795 -0.0182723904708468 0.0270284278789522
-0.0528589264013789 0.167268944297819 -0.0336645867257453 0.126015729604577
0.0138010068156227 0.16709803323034 0.0307746398132031 0.181040522711649
0.0724826610284755 0.142814331278523 0.10208820758766 0.18712235064729
0.075612362155948 0.125235785657184 0.136210852760677 0.175066008102184
0.0759913410201857 0.125678331703626 0.123160973513821 0.159814756412272
0.0345574973364426 0.15538859402112 0.0968876126450069 0.129062527764363
-0.0274669692703278 0.149137218473066 0.0599500252308926 0.0991956351049305
-0.0837241043236283 0.125316146836078 0.0451188909887856 0.0708344759758854
-0.115676688846321 0.0942602943686324 0.0420518839400233 0.0344433085065431
-0.160719820587309 0.0390881841430483 0.0951369360904421 -0.0115816926995708
-0.210689830388779 0.00672662260889552 0.2146421017622 0.0387170539182813
-0.0852986571470969 0.0357361177584168 0.284916933794426 0.192480195626198
-0.0540214913894391 0.0479879552349263 0.230724642132028 0.0524975856011764
-0.0330396034068874 0.0472224646280331 0.0832004711405098 -0.00702060777374859
-0.0232001711596555 0.0340374130848029 -0.0031372198522499 0.0312128921683173
-0.0279078501915425 0.0472136184112897 -0.0246743078013718 0.143555723061236
-0.005165238007168 0.061200783631874 0.0492015667166448 0.211306389881839
0.0190990264985072 0.0592248496826387 0.121715582626049 0.223434770190476
0.0211686559493933 0.0592355437335639 0.150654553661743 0.213925100054106
0.0187007174532269 0.062357075515943 0.126693511814101 0.202738649149728
-0.0034470224568256 0.0706562738557873 0.07890001755735 0.171880658096839
-0.0344838788024098 0.0552291973841495 0.0227853705642754 0.126397141608986
-0.0423259240121388 0.0203056106319358 0.0156587936336586 0.0631164234297175
-0.0256136543200137 0.0215561384181533 0.0484463053901779 0.0209416769335365
-0.0476405219801316 0.0349275560484407 0.124467383994798 -0.0192801124900261
-0.0932558402677244 0.0385519929799017 0.262268541334638 0.0452365765998658
-0.0596722038327565 -0.0684640731633663 -0.284911869369946 -0.0435130259239092
-0.0799737712511858 -0.0492193379263538 -0.183317078861117 0.0292293153729419
-0.0822216790504925 0.0285951617642278 -0.0591557200090736 -0.00259952632765136
-0.0280836226428373 0.0725120537888287 0.0051930880001553 -0.0288163604616455
0.0162083097273213 0.0527896517102182 0.0245239467070065 -0.133210248701492
0.0297820663434202 0.0353271776552857 -0.0497754980589989 -0.200372998471128
0.0402341094344168 0.0226239583134414 -0.115765403040259 -0.224925345651182
0.0398402705549318 0.0182784093944091 -0.149386438874091 -0.233427399531845
0.0441256549969724 0.026562063463672 -0.132957569147501 -0.234079380783217
0.0309197375484887 0.0506158404936676 -0.0747761776980231 -0.216706931569767
0.0147679956459593 0.0629331282297466 -0.00417745938790582 -0.158350197175989
-0.0345977824929395 0.0845804236034855 -0.00786309909469793 -0.0424914257281935
-0.0892330506752943 0.0343756391757459 -0.110488653769233 0.0021969127373122
-0.0691113602269982 -0.0530892172861986 -0.229886696953904 -0.0331506357855422
-0.0370513908111221 -0.0710225639174827 -0.309478586713166 -0.191844432855022
-0.170339401790693 -0.0973712285057527 -0.249462708398119 -0.0494663463985399
-0.188494299733857 -0.0689819644362615 -0.173645089477029 0.00731791904292666
-0.189567323974157 0.0585261323715288 -0.0727880567952227 -0.0139933227129939
-0.111341594249403 0.151144271919172 0.00536984493232041 -0.0227339419942755
-0.0210652085904831 0.156967688649485 0.0327144971126135 -0.119464881503411
0.0408840628751139 0.137667504593191 -0.0337410890809034 -0.184405875982639
0.089595373778883 0.112008213519338 -0.0881451625891951 -0.205502863017917
0.0946007999014468 0.0963667770765436 -0.118836466901058 -0.204497181999281
0.104692220988867 0.104006572192866 -0.11039952023763 -0.200420060873431
0.068261212399269 0.152199648867679 -0.0602051786110151 -0.18879139312439
0.0151109535702548 0.168172719299009 0.00751261578076806 -0.136376619752287
-0.0790279125674096 0.196033773833498 0.00273992118640058 -0.0123748989834011
-0.183957609411232 0.121561031274695 -0.110365614737915 0.0343370771397968
-0.205743873561244 -0.0299258146354682 -0.224827348506359 0.00334800048128662
-0.184620466037336 -0.0945423486189119 -0.28373412738153 -0.137717609728774
-0.262345579477606 -0.118657724326701 -0.18041748938189 -0.0279405972411218
-0.284972190104521 -0.0850429597521797 -0.135654661569824 -0.005686289064456
-0.286653543422577 0.0819042983496148 -0.0770891722019991 -0.0316487635661674
-0.192907663398931 0.217787717025476 -0.00491727456038499 -0.0206269468553727
-0.0632296271746576 0.250923249041509 0.0226092783149184 -0.0881309173335404
0.0410899637221063 0.229857185113559 -0.0225302245152267 -0.136916134634009
0.124251586445202 0.189597283138211 -0.0525118497036495 -0.150756220161673
0.135495025551763 0.158902565937998 -0.0697401856715982 -0.144054653390738
0.153126276758208 0.160508019716574 -0.0670943842215423 -0.138349483135543
0.106448555361615 0.225923156339006 -0.0291080983961138 -0.136632815419576
0.0287549162430095 0.250702313814446 0.0252494965620283 -0.100694446062877
-0.0961024374961706 0.289622058682399 0.025049447540833 0.0148308385924061
-0.241702697240951 0.208113009984862 -0.083953744364795 0.0586694886400898
-0.307995478980652 0.0143404106629116 -0.179608891032265 0.0331802064807495
-0.30493475147426 -0.0901128351773922 -0.208688237562597 -0.0801239952067
-0.322283454366765 -0.121848146906106 -0.0813821526699152 0.017699174080342
-0.354111769656614 -0.0811393305162181 -0.0680142400906894 -0.00238792701385717
-0.353978153474727 0.109405350093875 -0.0638344602027254 -0.0463310948484451
-0.247094794277742 0.270928020534221 -0.0199112876527879 -0.0181645556903415
-0.0933173743828266 0.315656780184113 -0.000521010525004583 -0.0393146923300414
0.038298223783329 0.292272085962269 -0.0140972108801384 -0.0604409310506857
0.142250130285891 0.238820513315419 -0.011114219150955 -0.0682938801414973
0.156602602192254 0.195153894459764 -0.00974938696943654 -0.0624807335797076
0.177766571445073 0.190810192102776 -0.00892514877405689 -0.0599444276350109
0.127373838131552 0.263829334926811 0.0157944701963115 -0.0704738438701574
0.0402237432875426 0.293916417601417 0.0509520687915065 -0.0530617436264684
-0.0982656828342846 0.338762727641681 0.0517238111318461 0.0370239315598
-0.258555617558249 0.261048167789566 -0.0410262189476974 0.0672015242351291
-0.35470416419852 0.0550272780207322 -0.10500677065373 0.0409215622393256
-0.37369793902923 -0.06861342302008 -0.0973926788848769 -0.0311160738297499
-0.337688253659432 -0.101854853190413 0.0341238111465729 0.0776252835565743
-0.370533028608024 -0.0539034721881592 0.0220911025338569 0.0145440417483887
-0.364505388097863 0.130769239328544 -0.0345481356084622 -0.0490847438847341
-0.25253343322598 0.286999045410512 -0.0308440700209632 -0.00803194807964225
-0.0994076015729211 0.329482983730857 -0.0236816160373004 0.0239926380639742
0.0336817291033634 0.305288802804188 -0.00349846054092311 0.0335510838631012
0.140024574128298 0.248823824770166 0.0333679112787162 0.0284577518409506
0.152939916602531 0.203024483897262 0.0526881701730993 0.0276074478660139
0.170855214927236 0.195170867265315 0.0517407757037658 0.0224164138574708
0.119388886814882 0.263724421024292 0.0630147323783141 0.00173036607895111
0.030023676035896 0.289322234854262 0.0740604049247985 0.00187505535745198
-0.098555717602321 0.321666017552349 0.0702143108016722 0.0543363591157704
-0.24075116578864 0.252804383891697 0.00090872422532532 0.0616059911265055
-0.33984092606557 0.0714848812115563 -0.0219026137959471 0.0279846672652939
-0.376845312625155 -0.0432368647010918 0.0264989983082618 0.00318136646309138
-0.301763963700875 -0.0612227375641948 0.149046864776654 0.136925548279185
-0.318967354575725 -0.0111842694397396 0.113351814960812 0.037149936500941
-0.298106574222317 0.135077710543329 0.00463312062721604 -0.0362553102391513
-0.200110876669646 0.247370373936755 -0.0312669917595053 0.0110239889681632
-0.0815149468490043 0.27991728346901 -0.0367729126000394 0.0876045493966435
0.0280563850763707 0.263859723920259 0.0126395470341458 0.124179595567209
0.117227170253386 0.215990665166834 0.0752373401031284 0.12233036209816
0.126593869956001 0.180521922371795 0.10739425246359 0.11285750391534
0.135198035256138 0.175322185957567 0.102058234230796 0.10093376365054
0.084318188194935 0.22856711723708 0.0957441536621965 0.0726146970888412
0.00139083834092232 0.239626992428571 0.0803961954622199 0.0559502431546029
-0.10039254119297 0.243247730484193 0.0700057366980931 0.0683012723532797
-0.193554162896096 0.188092105170062 0.0304906386554329 0.0490746860999502
-0.271089817974096 0.0604352782626655 0.0486350329965327 0.00647579905404263
-0.319969256693823 -0.0180590803824631 0.140429351526037 0.025982389703115
-0.215057505331006 -0.00991624293544918 0.243196855527421 0.181802777254845
-0.204691930839733 0.0300629281692998 0.189489299024951 0.053565806092006
-0.174523939244966 0.107422906677604 0.046782829328593 -0.0179108968876393
-0.112714267221993 0.155467449717679 -0.0202715586676859 0.028056179031802
-0.0536948930139673 0.17674486572561 -0.0356881650092642 0.133085555324862
0.0161946030841369 0.176240577800464 0.0325078547731697 0.192138650712079
0.0767231996071937 0.149484902926649 0.108797246733818 0.194738727781102
0.0802711754252113 0.130717437997683 0.146518049067739 0.181629317552257
0.0803119641498516 0.13193129091931 0.131782441744623 0.167194085413876
0.0373784716360736 0.162852258939164 0.102007450567969 0.134297273279418
-0.027267061077214 0.156583708137635 0.0611161100050947 0.102123631061649
-0.0874730280383197 0.131756177050876 0.0485727628844489 0.072626228027087
-0.119383619532713 0.0983966558699071 0.0450225548903985 0.034877627330072
-0.166403117609362 0.0416601063492712 0.0983018116125096 -0.0120093505034522
-0.218623465964632 0.00762867004194438 0.226255747282968 0.0409158651423089
-0.090678070520591 0.0380495316282457 0.300743117720702 0.2045263808398
-0.0560442090526722 0.0509834463715264 0.241105245683505 0.0553319314132725
-0.0334326691133641 0.0504982113718548 0.0851671552553936 -0.00909140577659803
-0.0233599705220657 0.0355726990425168 -0.00486164057162358 0.0321127563726461
-0.0285037846795051 0.0504542627868486 -0.0253225464282268 0.152854455482451
-0.0045008664186904 0.0646723570472127 0.0522635688235576 0.223428958648589
0.0198389369677729 0.0624754086536636 0.129305880361999 0.233590705193455
0.022501303835882 0.0615027617797427 0.162116949963709 0.223784813725125
0.0197088004591925 0.0650545354545866 0.136650117412112 0.212134941931412
-0.0029480668201194 0.073961578656658 0.0844474904256472 0.18030742114347
-0.0355271423726419 0.058361540988872 0.0235585342827206 0.131518744140587
-0.0444289950825372 0.0207819166008623 0.0169476842038193 0.0651948472263591
-0.0258942579708972 0.022248465092025 0.0512242536199012 0.0200678465170142
-0.0486951393517295 0.0374256056633418 0.129517486413341 -0.0203819859200155
-0.0962434466212967 0.0407163689355182 0.276573809238443 0.0473196275019957
-0.0511966305355963 -0.0760621304928389 -0.283190091039681 -0.1013450527862
-0.0726320633395843 -0.0617679496697095 -0.193482320219885 -0.00453215946847123
-0.088885739004807 0.0140507120106675 -0.0656719300173919 -0.00955350073892175
-0.0411377642331694 0.0672263040671236 0.00683093712197493 -0.02329335575898
0.00428061894138592 0.0553941813739865 0.0488279697693515 -0.130211851162293
0.0219646297214824 0.0398049071103472 -0.0173519935063022 -0.214654461481193
0.0361482045451006 0.0293800113176313 -0.0817808234513586 -0.252107040265549
0.0353409169126843 0.0262733392969243 -0.116017137487021 -0.268496377208635
0.0399095499961175 0.036359380756142 -0.100533286252702 -0.267435863136217
0.0218211395849934 0.0580062206822782 -0.0418935383292185 -0.239323229271408
0.00195082811114834 0.0671612417609731 0.0233615024627319 -0.166502884560333
-0.0516251195563069 0.0804156031446708 0.00152857832301176 -0.0506853798150732
-0.101772767041739 0.0156329311252144 -0.10946604467706 -0.0159834559100637
-0.0647353962763333 -0.0723838370301061 -0.222637928392057 -0.0708473825747911
-0.028967970507261 -0.0858531429638147 -0.280936642209004 -0.254506011500998
-0.156897469387561 -0.128326530560725 -0.249836377592408 -0.102692013447941
-0.178687088563015 -0.102086751266601 -0.183699743479356 -0.025319150058842
-0.202007121859656 0.024103435789983 -0.0848930355107294 -0.0214165128841529
-0.136899752420387 0.131788948794687 -0.00131985300524575 -0.0136177787429924
-0.0515147405077022 0.154396497736071 0.0533393129793964 -0.108475753940365
0.014563849884478 0.14719081082153 -0.00285112876065606 -0.192230395723089
0.0700775767221993 0.129192519422221 -0.0574019489475498 -0.225084174611217
0.0744386080322818 0.117714609457505 -0.0886814745224828 -0.233420196224468
0.0862973526870135 0.127448579963272 -0.0841445688911047 -0.229017494139661
0.0408721942720458 0.16961416244623 -0.0340073904388264 -0.208669366951732
-0.0203911273209884 0.176822988432217 0.0311828660452038 -0.147397207800875
-0.119152890397375 0.188512614643248 0.00859441586829259 -0.0243813978700418
-0.217764885173579 0.0854376609931836 -0.111899401699349 0.0157661475895776
-0.210347525643936 -0.076084071424324 -0.218493246538021 -0.0324618202851666
-0.179326276664049 -0.141274834548547 -0.258323776144119 -0.18870792070549
-0.243984129444507 -0.168343893108002 -0.187687774878513 -0.0698784223593852
-0.272033265282271 -0.13647089578141 -0.146271104073284 -0.0335174625247228
-0.302828861862784 0.0286516268684193 -0.0925384525802462 -0.0391549088961635
-0.229106667551018 0.185185967326096 -0.0191521923674911 -0.0116364139079844
-0.11062097057938 0.240756754883988 0.0364966985033112 -0.073264931643184
-0.00176653602860391 0.242070260537612 -9.35975284270843E-05 -0.138049053063826
0.091328142567605 0.214072252384841 -0.0301070547264157 -0.15964986463752
0.104217900518129 0.190285860167611 -0.0481962146190364 -0.162125611238786
0.124218038255346 0.194435077399667 -0.0505685322265653 -0.157167119416563
0.0661790608543496 0.253554235953213 -0.0132297386723222 -0.151559875247508
-0.0245015830364 0.265283279807589 0.0427480553038709 -0.110574459985424
-0.154871040776144 0.282721663758527 0.0260753304019062 0.00141079162645928
-0.295571236044774 0.162867993389506 -0.0867674122586986 0.0428670081218528
-0.324349726657441 -0.050583059611379 -0.173522094574983 0.00445679949737518
-0.305360588599404 -0.162110631375024 -0.185914031673031 -0.11153422184614
-0.301169861136771 -0.184199078819699 -0.0981135386632335 -0.00501758338457016
-0.34158440010883 -0.145761506219933 -0.0798357256771359 -0.0183605076084081
-0.375773863313987 0.0429192990286633 -0.0808829625718741 -0.0511096610009078
-0.293320471706435 0.228602019059864 -0.039696495100507 -0.0104706364917767
-0.151526114032749 0.302537094752815 0.00366372215538356 -0.0228058708390145
-0.0157086982191664 0.305905612688702 -0.004542652577547 -0.0558850392535242
0.100313078534429 0.267843709579051 -0.00168281810685489 -0.0651816765794305
0.118327952703454 0.233385287090575 0.000552136852596188 -0.0666656532641208
0.143609168209042 0.22962138867058 -0.00340733517468324 -0.066098078446875
0.0810322106136737 0.296417989617725 0.0212208268454515 -0.0753958145204765
-0.022360821956572 0.312633176515241 0.059546813391492 -0.0590703967236796
-0.164743310720596 0.333995974444231 0.0487477225639 0.0254816179429438
-0.323696976748727 0.212417893850152 -0.0438704978421113 0.0570723981801303
-0.379529484764543 -0.0168256436364709 -0.0968370461598005 0.0234196858806209
-0.379693496179343 -0.153219619391312 -0.0769133279462216 -0.0388784355120552
-0.318663210077999 -0.168927856618873 0.00744924912288229 0.077958033938459
-0.362820985457169 -0.123828926421013 0.0083030323913626 0.0159827785181069
-0.388458649222272 0.0634950765030047 -0.0520494122871027 -0.0481277703942178
-0.300946078065122 0.243409679244412 -0.0538400315060012 -0.00151826919500492
-0.159855909427978 0.316485504726673 -0.0319557757704275 0.0396724631415792
-0.0215966915631833 0.320037352184682 -0.0102093619465164 0.0437565705079533
0.0971756121904438 0.278208371326983 0.0272557315134063 0.0436792662040101
0.114635293136833 0.240054878172986 0.0499959705023816 0.0368722460063652
0.134878013544616 0.23348174067714 0.0465673405577457 0.0302626053406216
0.0731802477492731 0.294446862324119 0.0576499248739371 0.00775438564415794
-0.0308847636878074 0.306381849283169 0.0746004297009621 0.00126961159545998
-0.16168005977926 0.316088891470686 0.0646476134914857 0.0472733202014344
-0.302028009490107 0.208832758592057 -9.63717248879577E-05 0.057775645232718
-0.365636012571558 0.00347316026549608 -0.0119679783511402 0.0243101977003877
-0.38764825301246 -0.126019425954051 0.0453154152961752 0.0194235375510439
-0.287889142394648 -0.121289141934091 0.114582951741741 0.161648639528733
-0.317350332307476 -0.0713755647579735 0.0989633899704737 0.0566847238109152
-0.32343330536313 0.0788032801746796 -0.0106179985194473 -0.0281254097951845
-0.241625449517099 0.213166466953686 -0.0538945199171533 0.0162796311822309
-0.132073161778374 0.269006523937459 -0.0555944851988329 0.100006867578279
-0.0191779711809478 0.276620311437267 -0.00901951986127738 0.139212059913796
0.079932304745667 0.241711017151413 0.0548662162750304 0.147627236591215
0.0922596477106016 0.211908730986819 0.0921076675256771 0.135125621494107
0.102911969718645 0.206181920224792 0.0873143766850361 0.120261004975109
0.0437641436992868 0.252273159346917 0.0804680277464482 0.0865453065320109
-0.049543400962647 0.248868177584606 0.0727285505689374 0.0604609628019677
-0.149707460431691 0.233989154718063 0.0626230713019204 0.0651478394037728
-0.238702740942436 0.151769704651368 0.0300675765145666 0.0510842830799181
-0.290147942320756 0.00660667813370599 0.0604252384015314 0.0139054231503927
-0.330608200350919 -0.0878537574473987 0.155622136387525 0.0626303817437722
-0.209397434956632 -0.0529965391022429 0.205624596630057 0.227743865391405
-0.209579517239222 -0.0101368441675887 0.178071807980722 0.0891137461475791
-0.194291814489552 0.074663416700397 0.0366521198981948 -0.00411051108097582
-0.138461010680857 0.13631987359212 -0.0385081001398085 0.0313541552012257
-0.0840765134396919 0.1701790038792 -0.0617352694398407 0.142038105301828
-0.0141288951960054 0.185055302404618 -0.00034159401265359 0.210969479705703
0.0504099392521502 0.166729309360587 0.078379713620777 0.226884309386903
0.0561526251722097 0.150963841243099 0.12057197417805 0.21315585754294
0.0555591012526928 0.149957649564727 0.107973933807315 0.194110334715543
0.00774553259586679 0.175559950142095 0.0796577937960323 0.152717328103322
-0.0612791674292756 0.157911685122529 0.0463217847182182 0.108776848844525
-0.114930001260894 0.120724117230512 0.0404930380451113 0.0731601954710433
-0.143226535528305 0.0761245445132258 0.0445473420622853 0.0404287360893156
-0.177147540219725 0.00930130639356614 0.109010104807814 0.00423026891992185
-0.229062693566229 -0.0393403897361622 0.23679641839061 0.0918439949132323
-0.0921212010035139 0.0190877189272465 0.264712367730619 0.263244712958377
-0.0634868059900978 0.0377660498218315 0.234896113671384 0.100683947364411
-0.0413475186630702 0.0435331660121518 0.0834737822213365 0.00737451662978378
-0.0284228490385111 0.0313216266657281 -0.0149929115298765 0.0340123073382475
-0.0353591044501407 0.0466128308728491 -0.0546454432550417 0.158043214095716
-0.0138106324683194 0.0671730954085053 0.0142539227475665 0.243954744585904
0.00891518452777305 0.0675150012696545 0.093887998152929 0.268519197356927
0.0121389071768863 0.0682306329343652 0.130556832763129 0.259613866207549
0.00663463574644181 0.0701244705478577 0.106878271375766 0.242636492787665
-0.0170417851813271 0.0762091851193837 0.0561068409161784 0.19859095727791
-0.0489685601783748 0.053796235211861 0.00256519060235268 0.136457595501309
-0.05020924165096 0.0131007678911493 0.00845976186291628 0.0669466237667905
-0.0303458163256754 0.0166823699325218 0.0507260283685512 0.0277458895566959
-0.0541384753670296 0.0293731696646042 0.136501622899524 0.000646260235799717
-0.106045615687162 0.0225248238980603 0.282122181847037 0.103419855823971
-0.0558033864946484 -0.0726518407885595 -0.291159208652924 -0.0848786053832736
-0.0779474699589219 -0.0571751586489513 -0.192688481961338 0.00695153353510688
-0.087495858966207 0.0205780336669294 -0.0666336351582519 -0.00348006444760229
-0.0355658521059837 0.0705116049524741 0.00541284689609361 -0.0212375882893683
0.00893204323871634 0.0553192374834621 0.0387392007849467 -0.132782759356199
0.0250548657235999 0.0380755416028255 -0.0316094880195235 -0.213626056056558
0.038788718026472 0.0259491642294404 -0.0999786576587253 -0.246488138726244
0.0370106005370428 0.0240786886695963 -0.137240827198212 -0.260174605973537
0.0422590249313819 0.0337774895771275 -0.120880590723526 -0.261601296209037
0.0266483012748623 0.0568313823178847 -0.0580501098706808 -0.238443670911501
0.00579082144604742 0.0674866149531591 0.0137541667335705 -0.170194036958632
-0.0471298546548138 0.0854401907374135 0.000596907032750529 -0.0509907182226761
-0.101129004634497 0.0241575377546291 -0.108971722377301 -0.00760922906178202
-0.0712952557923089 -0.0693689526881729 -0.225297911174926 -0.0553750013588904
-0.0358570614491449 -0.0842696593046364 -0.298524559122912 -0.236465294841859
-0.165046467041171 -0.117133327553596 -0.259437018619129 -0.0877870234516033
-0.186595234008799 -0.0899066166937236 -0.184365746815891 -0.0150328221213733
-0.198852479958857 0.0386473636985663 -0.0866563127611236 -0.0140274725043824
-0.126579693463159 0.141979098467324 -0.00206603476629761 -0.0115211507601332
-0.0394040372496264 0.158864664803443 0.0458084405283698 -0.112638806581852
0.0255860814386001 0.145503277332858 -0.0167580705257524 -0.191295320938012
0.0795289638861714 0.123742459136198 -0.0734418970278234 -0.222672477214376
0.0834401221196354 0.112499705173202 -0.10736080915059 -0.227820413147395
0.0951145280175593 0.12146496367081 -0.101172019997688 -0.224433820220032
0.05383473704298 0.168055669351599 -0.0492867964541431 -0.208928594260159
-0.00825889605876481 0.179165792390576 0.0217115116398947 -0.151919289009389
-0.106725879579002 0.197534744254017 0.0100256087777123 -0.0250366420388326
-0.2120086921966 0.102152377299002 -0.109164380749181 0.0243677413135607
-0.217137374185445 -0.0639720461766287 -0.219029462777421 -0.0155191508891616
-0.189034210516045 -0.129436011365683 -0.270817035270781 -0.172532236028518
-0.254904808406561 -0.152223754409515 -0.193836965033821 -0.0582915583399561
-0.282399611136023 -0.118087802458146 -0.148518491447516 -0.0249237669536652
-0.299219143608232 0.0507246333406041 -0.0967513568944433 -0.0305565392254184
-0.215030012038306 0.201469987407104 -0.0196505139365844 -0.00866261165896744
-0.091550836537912 0.250363600165148 0.0310863864121253 -0.0762921260428247
0.0165280309126849 0.241782394324964 -0.00931082947844539 -0.137685928469273
0.106258541172354 0.207621394567663 -0.04189810684278 -0.160115937911273
0.118476536057385 0.18335531637415 -0.0612355867104132 -0.159167985888855
0.137732245613937 0.186247088484142 -0.061588368476788 -0.15554496824737
0.0848139257771436 0.249794105758712 -0.0242838887390032 -0.152727004376682
-0.00553913016641463 0.26785443789186 0.0348666047784226 -0.116400982306666
-0.135432404808304 0.295721105428352 0.029859414640185 -0.00104900741540183
-0.282831107479482 0.184879130781144 -0.0823246616458391 0.0492276635385365
-0.328485201230003 -0.0302526135299545 -0.171909174710383 0.0183025148286533
-0.316484837115247 -0.141146917044281 -0.192766484338822 -0.0982798946422356
-0.314055477166887 -0.164478407725013 -0.0996770772487185 0.00129857327291993
-0.352715928748379 -0.123676163953121 -0.0817346220555352 -0.0137692980319238
-0.370876233347818 0.0697968868980476 -0.0868035222716692 -0.0437834474578281
-0.275541439562173 0.24961011073138 -0.0406624965350828 -0.00664320564683571
-0.128057783982784 0.314483567030409 0.00226370486095202 -0.0234141783337109
0.00752871215970557 0.307378296879947 -0.00810791442643201 -0.0549697512264371
0.119448649947209 0.260666028955674 -0.00677697449806119 -0.0681131391920228
0.135918396482228 0.224428067955389 -0.0055439789343429 -0.0679774543054001
0.158722738996502 0.220087991792184 -0.00763643403452043 -0.0676465806248914
0.10319882064387 0.291760078666306 0.014643505513881 -0.0790518596701328
0.000396647913165003 0.315085668748314 0.0544461776414753 -0.0661720672107437
-0.142761351430018 0.346776848070035 0.0542076665625306 0.0212736713684988
-0.307025059656194 0.236706560601452 -0.0385742624588311 0.0601440176860692
-0.381250391570365 0.00691750466133569 -0.0940886149439651 0.0322982125266288
-0.389167013248979 -0.12753351346118 -0.0781257175744412 -0.0333175923433642
-0.33056304378515 -0.14790750199139 0.0119223893404848 0.0785882998542455
-0.372100134695027 -0.0985865585185338 0.00808500756537405 0.0147798469967181
-0.383327735234569 0.0919491372077755 -0.0578928199428548 -0.0429863555738423
-0.282477141897336 0.264325613235931 -0.054409580072406 0.00292192911444372
-0.134902978741655 0.328925108824593 -0.0291745586318148 0.0413012198007557
0.00224737484297771 0.322036842964836 -0.00664154828450452 0.0454687511908255
0.116236129991953 0.272086824259979 0.0301192897264466 0.0390838614180412
0.131640168173526 0.231767645865074 0.0523926891483035 0.0321535804793586
0.151006129785246 0.223988180666677 0.0498540644124365 0.0253822616454385
0.0949055533750798 0.290386648905969 0.057190679508273 0.00110008236455845
-0.00910422923695397 0.309018621256151 0.0727913191548903 -0.0064807576882709
-0.140634491497606 0.328824023783774 0.0706412934886702 0.0417293288377116
-0.285859330972736 0.230224607013188 0.00508841261430261 0.0575111100546551
-0.364525720802519 0.0272327857283474 -0.00950370791263674 0.0269692373650106
-0.394551100505087 -0.0988020155531764 0.048192084141826 0.0170971602479114
-0.296760996645932 -0.101800393320477 0.126182000102514 0.155378442809067
-0.32282508200732 -0.049886238998512 0.102268699845462 0.0500066379533485
-0.316337796177334 0.101733479038617 -0.014783906906017 -0.0268150158255631
-0.225134860324346 0.230117558933039 -0.0539454091849085 0.0198700349252505
-0.111864581954717 0.279555872351822 -0.0489697401118229 0.104352879059816
0.00205605314665941 0.279079247385265 0.000852646632106376 0.142137853494484
0.0965576949893107 0.236649390795601 0.0652579741088821 0.141468221294044
0.107494324799479 0.204847118047433 0.101968974223558 0.127216007739051
0.116957402375498 0.199455917442779 0.0968625139296893 0.113223607109391
0.0624444695493591 0.249328275993006 0.0860212779720394 0.07946058461606
-0.0317037528315952 0.253018524677665 0.0746138601398559 0.0540669988720941
-0.133489249501307 0.245635989139457 0.0691607151751126 0.0596026162550534
-0.226664878935027 0.168292818407147 0.0343807648396067 0.0482139037941914
-0.288419467871801 0.0249860359886947 0.060876371462739 0.0117286764890996
-0.333404152168919 -0.0658825281906783 0.161047759429437 0.0529039326860945
-0.213251077337033 -0.0385302517433321 0.221953719489115 0.216032511190708
-0.210043603213808 0.00405464363226792 0.182719814795746 0.0775660067794282
-0.187661987417903 0.0890761520541188 0.0336390202079037 -0.00637712523466667
-0.127689003740491 0.145684828084531 -0.0378765088893778 0.0337869984900418
-0.0708884229213585 0.17646718233097 -0.053110906714303 0.147222615785175
0.000272870394139433 0.187158376696945 0.014667693765111 0.213305370442935
0.061525510454223 0.164101279759449 0.0946176015743854 0.220761552405475
0.0672793590154498 0.147171628644166 0.136799064907531 0.204092629678569
0.065476449132673 0.146573503853737 0.123261946691414 0.185891414558091
0.0205041550586169 0.174834535104943 0.0891907962673558 0.146406899156099
-0.0503206636249766 0.162210925102797 0.0521187287487604 0.10419684633575
-0.107027875314251 0.128608190099446 0.0469880366408639 0.0696154536942996
-0.136162591091295 0.0851399047418107 0.0477539621717998 0.0361425482086634
-0.174764981742756 0.0202723928906897 0.108103659564896 -0.00209207958215442
-0.229447504012534 -0.0232245362285514 0.243992002862876 0.076074771528766
-0.0920841756133944 0.0260786272730659 0.285382442866349 0.247959793396187
-0.0605621724991424 0.04229432333862 0.240855879550416 0.0857930095474632
-0.0368585440442713 0.0472051706091331 0.0810965842431455 0.0018936411105134
-0.0256144454419001 0.032524553368687 -0.0147765336241058 0.0346611741151105
-0.0315778727731846 0.0494400727414204 -0.0442338747070378 0.163014782812323
-0.00809635099704845 0.0686603199708873 0.0311385789331874 0.246130113210094
0.0134528894818327 0.067498982420625 0.112983250462045 0.262410936694366
0.0164037227736148 0.0670437420243344 0.150605446382692 0.249960925683546
0.0113230075329373 0.0696626087268749 0.125809032705647 0.234923538178319
-0.0111424431646679 0.0774057168034573 0.0696565837847127 0.195053824641007
-0.0449818119339576 0.0575572255727788 0.0103983318066407 0.136304341791397
-0.049901066170585 0.0162858286686621 0.0134569150658868 0.0655384742695107
-0.0281362055887296 0.0178577531892043 0.0529942857343901 0.022436858340531
-0.0502652927745484 0.0330451222313746 0.134939041508169 -0.00845621620641601
-0.102761189531089 0.0291763805116742 0.289788946676602 0.0848417791225616
-0.0565037972334279 -0.0675147171407702 -0.287531123370374 -0.0696397401004755
-0.079215566008523 -0.0511565357038865 -0.185615356626156 0.0141721057273801
-0.083308921106638 0.0246635338277942 -0.0643937732130167 0.0016561380078695
-0.0309046071610014 0.0704298227837196 0.00479436661521142 -0.0189764684660451
0.0123043261583221 0.0528562894485972 0.030432581347289 -0.129894790132502
0.0264197556974244 0.034373316460922 -0.0420685222207411 -0.204670689442482
0.0389227885036985 0.0226183348289401 -0.109589609445084 -0.234190835732309
0.0371271159324581 0.0210946533082595 -0.146824522271609 -0.243830802178444
0.0429138811029506 0.0309812897449081 -0.130560063299126 -0.247795193347995
0.0290810585540774 0.0547695126468966 -0.0683995193704474 -0.229819906516618
0.00877683248546513 0.0649461320401592 0.00634881931126989 -0.16714528321539
-0.0414692127358234 0.085519078223501 0.000389855724254947 -0.0500751415774406
-0.0964855962295273 0.0288847672948427 -0.104164670532299 -0.00169716995539384
-0.074301798013726 -0.0647872907501764 -0.217729583150935 -0.0419967455753235
-0.0398876433611271 -0.0798810680161139 -0.300245979651219 -0.215156761053917
-0.164768031600129 -0.105232981458353 -0.256407993792799 -0.0740825489910184
-0.185713723271704 -0.0777737866590197 -0.179183520415783 -0.00676613953052779
-0.189192419783923 0.0481925671780753 -0.0847836204690506 -0.00711589834359473
-0.11357200228581 0.143902675094962 -0.00168059594579008 -0.00965968512471861
-0.0281895383810491 0.155183956381812 0.0378780988019204 -0.11117440590864
0.0326130278807192 0.138408016750339 -0.0253708750168016 -0.183964935667569
0.0827927905714412 0.114828884587518 -0.0831838579309086 -0.211832103163714
0.086723924010215 0.105120298608337 -0.116864236791862 -0.214165241356121
0.0985870066002113 0.112901397240314 -0.110127502467916 -0.213656188578844
0.0614659647611326 0.161202061169309 -0.0587199521965075 -0.202054780748738
0.000799054285337151 0.173878142727967 0.0135964593406765 -0.15051879930387
-0.0935296120606904 0.19734134363804 0.0109931853643744 -0.0254721172949166
-0.198641370078979 0.109971963087498 -0.102940473311663 0.0295978673363202
-0.214732342553682 -0.0525786555517979 -0.21008679535491 -0.00395904663010841
-0.188695104690446 -0.115906034599892 -0.269982667627783 -0.15347256698722
-0.252622890948572 -0.135547482147641 -0.191312714659186 -0.0472053570427914
-0.279454874149743 -0.100145932109774 -0.145104637769522 -0.0184564078657774
-0.284730835433325 0.0644535322840019 -0.0952503217273996 -0.0223603706706348
-0.196026173538777 0.20508971720047 -0.0189515929928847 -0.00595962939990093
-0.0733892841704863 0.246743570648313 0.0258432785378998 -0.0761277240189028
0.0291438887868645 0.231954335460403 -0.0160293189737071 -0.132076803353336
0.113231912891096 0.194844529601348 -0.0490466751496361 -0.154249653249885
0.124210062608784 0.170892087566669 -0.068966012229544 -0.15104973621653
0.14283169679701 0.173332516431539 -0.0682259103279576 -0.148261749899866
0.0956335829909851 0.238002638081615 -0.0325033554224708 -0.148822794220788
0.0084871227333486 0.260053801609825 0.026277362621125 -0.117226025893573
-0.116584322418774 0.293577808399707 0.0318078691983904 -0.0037021318816934
-0.263041534503946 0.193419975625841 -0.0755399745419873 0.0524634049403784
-0.319923353078477 -0.015362473829632 -0.163734186784243 0.0276808472164259
-0.310834438953799 -0.121197651547725 -0.190372144795012 -0.086847521643704
-0.310812209645878 -0.144005371997827 -0.0972569893110288 0.00620483029220893
-0.347702233202701 -0.101919621592104 -0.0805618871913666 -0.0106483097611855
-0.352061087894129 0.0865129666043049 -0.0872698667696337 -0.0355937959211782
-0.251044830189618 0.254283487760338 -0.0396260628480997 -0.00301504826017297
-0.105100867821695 0.310516779378924 0.000201884394317068 -0.0237197235328753
0.024093110437933 0.296097081743878 -0.0104666931621643 -0.0514999781494653
0.128707682448115 0.245942107630716 -0.0108218681549865 -0.0673452519048331
0.142886913820351 0.210281522997074 -0.0100040870484493 -0.066156647875842
0.164780020194593 0.204873428906596 -0.011208161537729 -0.066429121355439
0.11516923684947 0.277418799792438 0.00927449090438734 -0.0788853940236438
0.0161120771762423 0.305380337111941 0.0475100307692608 -0.068756057832536
-0.120758390556346 0.344100517440771 0.0561682628897506 0.0159352542668437
-0.28349666723384 0.243590713179977 -0.0326898263824406 0.0600837714733386
-0.368252917305239 0.0237432787377908 -0.0881146350774213 0.0372751983438665
-0.379819791524924 -0.103436154283057 -0.0760709994597299 -0.028819786661623
-0.325689083697278 -0.127295671259026 0.0150490873648746 0.0755253321550253
-0.365146079552168 -0.0774502795636566 0.00773859658763394 0.0135206954633221
-0.363386266209578 0.107431168754782 -0.0600073804361646 -0.0364976062921135
-0.258371444050223 0.269197344363468 -0.0535254372762358 0.00531912342458391
-0.111761651491169 0.325557243078073 -0.0270274832800146 0.040915939913421
0.0198459040545093 0.311106388597908 -0.00395604573435014 0.0455125323074002
0.125761256815915 0.257371036411097 0.0301731101763143 0.0339405709675356
0.139405264305922 0.217282467142204 0.0515212760130236 0.0276201457514371
0.156548290612605 0.208715423835339 0.0502077922846721 0.0201783285316027
0.10665542742909 0.276238512303837 0.0542087341667819 -0.00274170113842459
0.00767844349243046 0.299875311495754 0.0675665066209827 -0.0115838058418688
-0.119530747958036 0.326201458726657 0.0732044061673045 0.0353737569184176
-0.263075403373896 0.236503520598584 0.00845120657737524 0.0549681376687569
-0.350457794699838 0.041388321718831 -0.0076603418215628 0.0277672289017005
-0.381898503480534 -0.0772323431431163 0.0487631323308126 0.0141459293590108
-0.291942274797093 -0.0847365476611054 0.129714802216842 0.144899672781599
-0.315059303204779 -0.0323761019015733 0.100115138903904 0.043864133501002
-0.299062175504445 0.115018813790692 -0.0182938174736008 -0.0235009522301178
-0.205145036243683 0.232868717307442 -0.0528183424098573 0.0216090627814692
-0.0918278605465147 0.276131313367488 -0.0431271317541683 0.102700052577291
0.0178864746093292 0.269988225665067 0.00804148268122413 0.139114418533699
0.104922543990424 0.224653000757917 0.0695692592377309 0.131708894397075
0.114182019272675 0.192225047193815 0.105146127885063 0.11697192551837
0.122366406119731 0.187106447106161 0.100247849031382 0.102772344304446
0.072805551158151 0.238048213673207 0.0858199276736605 0.0717611640653863
-0.0171674484289155 0.247145828558611 0.0724822500740145 0.046826185536808
-0.117205908827022 0.244829225912586 0.0722497755164157 0.0529769691413889
-0.208716738434837 0.173207174880276 0.0361598214829004 0.0437664982175236
-0.276646802568108 0.0365944906813985 0.0592611951274776 0.00969667604499613
-0.323032264226408 -0.0473454196486628 0.159824673425488 0.0431681303195371
-0.208725874879977 -0.0265953053122032 0.2261567770391 0.198664425334606
-0.20327681381332 0.014290403709153 0.180083377617559 0.0669592469465267
-0.174825491680245 0.0953921908498765 0.0297174296184352 -0.00632620168530461
-0.115269367059154 0.146391233872602 -0.0368285584863879 0.034711914141444
-0.0588447260757721 0.175053003330627 -0.0443149107233951 0.145402296695203
0.0112615679659276 0.180707079322101 0.0250394467049692 0.207270512433306
0.0674262847780314 0.155760171595296 0.101702486962631 0.208104177578986
0.0722859951191196 0.138253807397487 0.143280608118996 0.18872005506185
0.0708457213657631 0.138312612786819 0.129555244954949 0.1720896451155
0.0293101561044964 0.168174661604272 0.09309257686324 0.137316208459151
-0.0389802592830892 0.159537609638867 0.053856483304241 0.096995903221134
-0.0970867520498944 0.130132467671145 0.0499001690950828 0.063359481379792
-0.126491015587903 0.0878048492659063 0.0481140287887645 0.031440739320257
-0.166465450875324 0.0273731134875103 0.103423383737289 -0.00596999369237473
-0.220713707922275 -0.011668877804307 0.241391033098558 0.0623554315428435
-0.0877497124455533 0.0308076142223798 0.289255922335332 0.226260887298291
-0.0556736801305683 0.0440154669238894 0.236359567554971 0.0720794914332439
-0.0317477693745256 0.047482601643248 0.0761722324437273 -0.00141825805973245
-0.0224710231428514 0.032095496093405 -0.0146682520466525 0.0344498939713852
-0.0283422896706444 0.0490321804854673 -0.0353527437589945 0.160197190076258
-0.00398481089476383 0.0672444911479263 0.0430227732295415 0.238546063691842
0.0164107009129581 0.0649841378002445 0.123307029696517 0.248317328811801
0.0195701945298113 0.0635823101142653 0.158825030206685 0.233313890558839
0.0143401175481706 0.0666186361798095 0.135128331069267 0.219547047956574
-0.00719155088020349 0.0751214000319399 0.0774562871360571 0.185028147264497
-0.0403027684758657 0.0579362425422827 0.016524617945632 0.13116811094568
-0.0473265640165368 0.0180055792486163 0.0168165928534897 0.0613125732813401
-0.0256772899179098 0.0175660151774987 0.0521691306955072 0.0176191365274127
-0.0452176528193303 0.0338973842717394 0.129008236930586 -0.0134168916207248
-0.0965572639523125 0.0330173899830501 0.284925580467893 0.068138665980724
-0.0548776630144013 -0.0645922034778088 -0.279258242460441 -0.0647412388313596
-0.0771823566681638 -0.0483059507667106 -0.178737146274988 0.0144517377568075
-0.0794867598226366 0.0255086046967047 -0.0617072464784009 0.00421786810641662
-0.0271789797897372 0.0687634114570753 0.00501529456234098 -0.0161784007099304
0.013543592187044 0.050693043580006 0.0265937334706819 -0.124236194963458
0.0259322580269987 0.0313792870668728 -0.0439557925738324 -0.195554018044453
0.0378358498899786 0.0204360260825602 -0.109752107621957 -0.2234904539877
0.036407186493492 0.0197212251356088 -0.146447224804199 -0.232258196208866
0.0421744207479177 0.0291086452081296 -0.131273521667117 -0.237806709204834
0.029507132747535 0.053016904714971 -0.0697783816377906 -0.222330173737709
0.00914868703962188 0.062858923541221 0.00420808317197002 -0.162661574348139
-0.0385282775238963 0.0838156661352343 0.00157333730581453 -0.0494574333856997
-0.092705125742905 0.0299181709268069 -0.098270421377631 0.000857485769745681
-0.074655107536486 -0.0617715702476263 -0.207248188707762 -0.037914633617565
-0.0400977827038839 -0.075792388016501 -0.291938363737621 -0.203605059509738
-0.158690605240185 -0.0996675173172673 -0.248764876079136 -0.0687216154649441
-0.180215956831205 -0.0724734274043977 -0.17313816003474 -0.00625290435252895
-0.180078605983161 0.0494245353602847 -0.081737767846568 -0.0036115904619089
-0.10596777569484 0.140207704537801 -0.00135571207587914 -0.0075379426750896
-0.0227514640879755 0.150485813714941 0.0338485660383728 -0.106494317486307
0.0339113289930571 0.131782491861096 -0.0280347636875095 -0.175969166582772
0.0822062959844185 0.108809822894005 -0.0844371744311506 -0.20435367196567
0.0855938724767765 0.0989872910484134 -0.117648079905753 -0.204239672911546
0.0964515819906339 0.107767787161461 -0.111215603762639 -0.204624999264056
0.0624453013708623 0.154587729655924 -0.0603666066702324 -0.195667888570325
0.00342267837809952 0.168080624071937 0.0104173372196092 -0.1474133581824
-0.0873063703592607 0.193021726439169 0.0130137264519959 -0.0264724388402837
-0.189032074204053 0.109388448028202 -0.0968295448373202 0.0305119116515958
-0.209345773652647 -0.0485315645203456 -0.199791730116094 -0.000257189915753967
-0.183099316728252 -0.109075427753669 -0.262153050277564 -0.144635633893889
-0.244851329097218 -0.12680032081332 -0.186150521890866 -0.0438653696125457
-0.27076179488507 -0.0924920337146898 -0.140769175683074 -0.0171275830065443
-0.270924791459339 0.0668629823489262 -0.0927019012485719 -0.0179972063061773
-0.183615070964192 0.200607889025846 -0.0178623069870614 -0.00404775827021927
-0.0641478967511784 0.238525075335038 0.0232667750358095 -0.0740507533859866
0.0328822644572051 0.22205912330101 -0.0174891028824483 -0.126294582284673
0.112519480491307 0.185752274310684 -0.0515168228762064 -0.149646258922883
0.122914015538807 0.162103346629757 -0.0698646898630438 -0.144064064757565
0.139973227564221 0.165102352832282 -0.0691566821110872 -0.142945740810638
0.0972328009785289 0.228364170986622 -0.0349996299889497 -0.144283802891952
0.0124244440054192 0.250618466529844 0.0225366790168755 -0.115588212143582
-0.107444893128216 0.286073181832406 0.033257323352701 -0.00571313193940163
-0.248862247013446 0.189959219295653 -0.0704020336894421 0.052121065544651
-0.310094701964385 -0.0114315498618237 -0.15456947063334 0.0298138389331616
-0.299584835773149 -0.11245033693315 -0.183134246580683 -0.080837730592633
-0.30016329368945 -0.134962963808274 -0.0945385860558992 0.00687319448071937
-0.335874768510183 -0.0936866638195063 -0.0783589941144893 -0.0100964797473866
-0.335322816362898 0.0881263140636673 -0.0858243123715072 -0.0308166841963834
-0.235983537016491 0.248390243255763 -0.0381344533769563 -0.0016130419677019
-0.0938660625098073 0.300601886336609 -0.000634549260103307 -0.0236115012359284
0.0290221343588415 0.284161968305941 -0.0108624198511493 -0.0490122159666867
0.127862345637224 0.234834824161543 -0.0128006499748438 -0.0669009555877884
0.141211398274611 0.199029157650856 -0.0115823467875842 -0.0635033413578146
0.161736563467898 0.195205152333121 -0.0122815370095219 -0.0654799395854017
0.116870817389238 0.266163431259024 0.00576441576831627 -0.0775116518982264
0.0211839386721737 0.294260515852491 0.0421742415883432 -0.0690773940658863
-0.110239622710043 0.334111988559849 0.0570018399060645 0.0125953613996522
-0.267506083374672 0.239958099657576 -0.0297961043948701 0.0577249396114224
-0.355589634909095 0.0265543637300385 -0.0827204798081552 0.0384353657776625
-0.365633090824061 -0.0935987280135512 -0.0722252918767082 -0.0266015307071775
-0.314836319144002 -0.118640661272999 0.0155018960725894 0.0727136480113811
-0.352763585694337 -0.06970606426723 0.00668074929708947 0.012039290216565
-0.344960805206413 0.108514448151816 -0.0595778737534001 -0.0322148534436854
-0.242438041151395 0.262832389171398 -0.0523801127107076 0.00698526669857502
-0.0998033887639266 0.315280331582434 -0.026074716181484 0.0388621177961227
0.0260159524237687 0.298914176405857 -0.00323792136280624 0.0446747978587195
0.12512244093057 0.246444336100938 0.0283898564609995 0.0308139570610997
0.137469675185748 0.206007563818529 0.0496464270636187 0.025244872502604
0.153793907408787 0.198989889902213 0.0480056454373408 0.0175513292493673
0.107438042479908 0.264894797023216 0.0508271198614065 -0.00418458108412824
0.0126978340561258 0.28929102105095 0.0623058221131352 -0.0140538891935779
-0.110138754597923 0.316998964063487 0.073344277332414 0.0309681272163677
-0.247901493005615 0.230311667001579 0.00933450863561566 0.0520883357839001
-0.337059935831021 0.0439046942051159 -0.00588856000697021 0.0283362810598785
-0.366460541436782 -0.0693861008226286 0.0485306944547117 0.0131419011540836
-0.28195523980855 -0.0774177051277336 0.127328766460108 0.13840253037978
-0.303538590750407 -0.0276076990341909 0.0962794106769416 0.0406823068466933
-0.283726092352882 0.114795137721668 -0.0194900659672393 -0.0204624957506337
-0.192846633258783 0.22703113701269 -0.0520371466422695 0.0219268333808913
-0.0830064397796477 0.26749658919721 -0.0412026093812771 0.0991845974359926
0.0224542328717148 0.259941934770739 0.00997611187437666 0.134879211784941
0.104881540878503 0.215071249931515 0.0682781042482973 0.124912689685291
0.113053805879006 0.183078045905153 0.103139479278969 0.110435055124526
0.120418120589521 0.177748100261826 0.0983818621331747 0.0958771982495034
0.0743813645297325 0.228407583362061 0.0833413386761213 0.0672973070916827
-0.0119889796759431 0.238477469693237 0.0680712316824689 0.0428021335004845
-0.10875228894479 0.238534971239194 0.0720924922464606 0.0479047983875116
-0.1969627932285 0.168638066098185 0.0355615782503953 0.0407846131233575
-0.264937296040171 0.0374192338701079 0.0567722264995344 0.00980750197705176
-0.309394592257382 -0.041634050683048 0.15620423701868 0.0397695628108236
-0.201198505454463 -0.0227862949293486 0.221993083465521 0.189082797420892
-0.194614438808742 0.0156908796358581 0.173527704412364 0.0626010970907369
-0.165383051610384 0.09501988130477 0.0264814004026801 -0.00507167094051952
-0.107689017758166 0.141693970016319 -0.0365541298494251 0.0339028476079317
-0.0529536042922051 0.169322611274185 -0.0414519259715267 0.141090547466079
0.014928095673596 0.173767784490203 0.0272344756489933 0.201075115317183
0.0678585528494995 0.149849365917681 0.1018053701691 0.198679448935924
0.0714105721295121 0.13149850321202 0.141253595409596 0.179282199304379
0.0699669689684374 0.132209662211536 0.12812402942447 0.162515965862187
0.0311442472516892 0.161518320732718 0.0910944102629997 0.129908716391644
-0.0348212290108148 0.154755652144548 0.0517292240286094 0.0925127298225171
-0.0917025849277909 0.126704341009099 0.0502222612842085 0.0586174626466862
-0.118844740714993 0.0855789008236261 0.0467303513188687 0.028196555817988
-0.158397148579469 0.0269380983925839 0.0984090849200385 -0.00592815887476784
-0.210200169929197 -0.00877710160009086 0.234513833771811 0.0566884997227244
-0.0840295865369922 0.0314539045817629 0.283788307376683 0.21466045538139
-0.0523951011066655 0.0430420937791406 0.228214576972214 0.0668524478101666
-0.0283166334079471 0.0463730090762929 0.0710523290618375 -0.00154118773597404
-0.0210462104558297 0.0308479499641086 -0.0154648041644041 0.0333847103605293
-0.0261956507218828 0.0479581411426858 -0.0322640327514402 0.156593103753348
-0.00189931298980162 0.0645554446591387 0.0454921718883318 0.230347045549893
0.0169940089513731 0.0632216236219255 0.123132581623834 0.237834834118411
0.0194534435209598 0.0606920035255732 0.158017720497309 0.221203375964108
0.0148091094595875 0.0641797689966821 0.134261907842608 0.208170125278271
-0.0056441392783278 0.0723043611226332 0.0776911316334767 0.176400637677856
-0.0369472471692246 0.05669423208106 0.0165588509579428 0.125857626500917
-0.0454751892932669 0.0174366339937072 0.0173798361632707 0.0576443787621621
-0.0241695774652393 0.0161564376435472 0.0500785147506824 0.0140570139788989
-0.0416278371922758 0.0322750855482069 0.122376331805053 -0.0134001792533774
-0.0916020483300959 0.0326785136862873 0.276801532228411 0.0622115030371674
-0.0533939596120694 -0.064198880417422 -0.276183260075546 -0.0673165108077652
-0.0767262287913114 -0.0478334530219811 -0.177023672065909 0.0115202055450049
-0.0782706747752866 0.0248660766540999 -0.0604096376501867 0.00485905550756126
-0.0261355848488321 0.0677202596370841 0.00607090821802462 -0.0141215460910453
0.0136599878967825 0.0501028546355329 0.0270529931555941 -0.121494034740919
0.0249425382860085 0.0304356737145897 -0.04230127312099 -0.192270127407341
0.0370708456575129 0.0197627208505174 -0.107321184016039 -0.220809996589018
0.0358915875698772 0.0193996009736517 -0.144462305170974 -0.229392896184175
0.0415759408799825 0.0291569733876125 -0.129344313124984 -0.235488750430463
0.0298844772125174 0.0529865208807742 -0.0681323626259438 -0.221342529419579
0.00848112671437784 0.0624987132450929 0.0060181058561492 -0.162672889839577
-0.0383819513101453 0.0833221028873642 0.00344268703654953 -0.049327905965469
-0.0914615234192588 0.0297138514731726 -0.09493160540876 0.000449698262604368
-0.0747130976459418 -0.0613431881040239 -0.201413042616228 -0.0395193614332749
-0.039748559694216 -0.0752312120387826 -0.286712509438591 -0.202711748532792
-0.155341161801144 -0.0997492156887997 -0.246822933751427 -0.0704382936380294
-0.177342692205923 -0.0722267532436229 -0.171385245061022 -0.00889457522725871
-0.176200946101438 0.0479987097184748 -0.0801887410340021 -0.00236052276691992
-0.103156278986252 0.137692286815278 -0.000453832456881737 -0.00566579185845021
-0.0220334642587627 0.147355578834705 0.0332855480049823 -0.105111046364365
0.0327558867617576 0.129310919294455 -0.0267502296584058 -0.172808430365785
0.080239456451694 0.107333118230344 -0.0835552784358153 -0.202390186702976
0.0838846077528998 0.09796453723104 -0.116013473068328 -0.201500856125259
0.0950794646568869 0.107463952654995 -0.109119865832493 -0.203365451871333
0.061791021622377 0.153315168957011 -0.0594150781664342 -0.194718090036451
0.00229478676526841 0.166043381553815 0.0100972956835028 -0.147692689506227
-0.0871216007893362 0.190702556185055 0.0152227125116013 -0.0269406604265922
-0.186090637710852 0.106522243904694 -0.0940947293280605 0.0301577723307494
-0.207357509897896 -0.0501981614613848 -0.193984849980189 -0.00163476566966832
-0.179482419964817 -0.108652901987224 -0.25656272122645 -0.145096063050546
-0.239016082103334 -0.1273556473908 -0.183885003475873 -0.0456521279512755
-0.265562096036015 -0.0934057104941486 -0.139020355889333 -0.0188021358016801
-0.265381894924542 0.0643491578642834 -0.0912057457573692 -0.0164915482015625
-0.180224834835137 0.19530815167685 -0.0175210746610624 -0.00270741720090297
-0.0629765966428564 0.233835277120323 0.0228552470059394 -0.0729434522396746
0.0312583045437751 0.217988764235862 -0.0166617983176854 -0.123888587958416
0.109635703362881 0.183338409368246 -0.0514318934371133 -0.148712253184096
0.11946220106797 0.160011025112189 -0.0689681447762922 -0.142367865713651
0.137263189032943 0.163202067140053 -0.0686574979091256 -0.142261162076396
0.0957127611441844 0.226048011405762 -0.0347592204261687 -0.144057651947904
0.0102876874379801 0.247191198867843 0.0211956272831727 -0.115536583300698
-0.106784065568254 0.282730647215571 0.0354206104497157 -0.00731389939429272
-0.24493006414267 0.18535866311072 -0.0684793005180464 0.0506808139000809
-0.306328776657667 -0.0145769699641105 -0.150038677799253 0.0291450441561476
-0.292922092184775 -0.113217621877053 -0.179168001226817 -0.0816231037372375
-0.294687516267093 -0.135469199609763 -0.0930918510319633 0.00520267014647448
-0.330013724306095 -0.0951620628517443 -0.0781480519685072 -0.011101688261135
-0.328179425857145 0.0853922228651989 -0.0846470889858004 -0.02872823105859
-0.232165359759047 0.241962798343238 -0.0376119320355122 -0.000966744810091616
-0.0919130637698759 0.295683796901304 -0.00108707698762453 -0.0238360236307543
0.0281428200685537 0.279270580287145 -0.0108213071878478 -0.0474783515444075
0.125017090601087 0.231645823636263 -0.0137963659941754 -0.0665921140615863
0.137644510339981 0.197447510704082 -0.0115268701711665 -0.062935840824101
0.158032498182316 0.193258650662992 -0.0127445157470413 -0.0656194447948606
0.114138818074402 0.2630531642425 0.00534030411636733 -0.0774487498428418
0.019386904379983 0.290561514593679 0.039872644527272 -0.0699178947754744
-0.110515492396878 0.329625278759262 0.0583352021983655 0.0108221216849161
-0.263485442473639 0.232852275071577 -0.0292244399732931 0.0568580269782235
-0.350738115931001 0.0222051510984165 -0.0802061236606221 0.0381483740576215
-0.3569466818766 -0.0968653721062342 -0.0694442644307584 -0.0272816504831418
-0.309588027788314 -0.119397840799579 0.0151513557600052 0.071146185600448
-0.346808448585118 -0.0724015306206133 0.00493168351068643 0.0118329926834833
-0.339160900151448 0.105128110916635 -0.0594593669772825 -0.0300224781278681
-0.239133386336916 0.256267717996187 -0.0522705500811098 0.00724702807595572
-0.0989536564765185 0.30905510583504 -0.0269268537752091 0.0374519028960561
0.0248319310217446 0.294282788199427 -0.00348778784362312 0.0446013422809484
0.122113146516673 0.243614467771637 0.0261808954423743 0.0291704937921299
0.134043168731875 0.203899057950576 0.0479234663822635 0.0248141079496061
0.150372211784633 0.197334122484999 0.0466256637775116 0.0161669977563799
0.105548523556185 0.262037437783935 0.0490640692105901 -0.00490640333138919
0.0108898571448162 0.28517481464393 0.0587063764292367 -0.0145160528564802
-0.109905617499904 0.312752550221375 0.074264912055976 0.0280934790542857
-0.244144345028872 0.224852567025527 0.0094433073091073 0.0511797068545033
-0.332320741856775 0.0382671918737691 -0.00526040550851247 0.0285812067062962
-0.356796484264618 -0.0725295513381343 0.0489761755160054 0.0128744822233627
-0.276824550990094 -0.0785036749908121 0.125266269754348 0.136631571620111
-0.298239352232962 -0.0299996087343394 0.0933450420206927 0.0412492654398317
-0.278076566260094 0.111279058985485 -0.0204782303182907 -0.0182312827550282
-0.190349873201593 0.220790523393 -0.0527377484980328 0.021486201153754
-0.0819351182559685 0.262626884237288 -0.0424888172689894 0.0973348730554201
0.0223001808156317 0.25549510206969 0.00914667422591816 0.133844809232741
0.102255441807354 0.213802058166377 0.0657540204152051 0.122244673039238
0.109649880871986 0.181222996092867 0.100633317709057 0.108580788506141
0.117647536499948 0.175711971591078 0.0957609261168253 0.0936388979683787
0.0725561652711537 0.226514867157282 0.0805170908994174 0.0659633118424351
-0.0130470828017643 0.234569470163105 0.0638815798751371 0.0419968011938168
-0.108083959550441 0.234922162541583 0.0718352795926751 0.0457767905359224
-0.193923560735707 0.163576008977001 0.0346207449017561 0.0395736471142339
-0.260981404716258 0.0333302657310854 0.0560366839374561 0.0111846143031409
-0.301410665275931 -0.0434013175630693 0.154986025899496 0.0404831236664206
-0.198134005070502 -0.0234755887517112 0.217829990991011 0.187220204363764
-0.19164377399326 0.014016615074435 0.169785575588092 0.0634355257365592
-0.161227449712592 0.091962987995606 0.0245516352599106 -0.00311521930838094
-0.106511027959896 0.138327294289834 -0.0382827790595911 0.0333227455734043
-0.0527081287688259 0.165945709105157 -0.043185544324475 0.138965155432862
0.0145838896083497 0.171380427249835 0.0260924681541304 0.199115776793115
0.0657918067428462 0.148663357570829 0.0986598212184192 0.195654581099877
0.0690717623812174 0.130294369415289 0.13858475838385 0.176373572339538
0.0680821569192453 0.130875380789744 0.125483965482448 0.159848171282429
0.0300440446807706 0.159632593857313 0.0890062703474374 0.1281250309691
-0.0347972622758053 0.152725975870821 0.0484075845475251 0.0910005574034624
-0.0905155877438061 0.12480141152524 0.0496978921716658 0.0563197860279596
-0.116982201527334 0.0819785047200146 0.0450341382303629 0.0273771834029951
-0.155501238656711 0.0238551150219992 0.0960931808243736 -0.00360236618168199
-0.205636711141251 -0.0103493517073514 0.232517759158369 0.0572087206858585
-0.0827174488449313 0.0311570587706841 0.279682802333241 0.213158078419363
-0.0515479015651625 0.0420209039759754 0.223784637969586 0.0682522152798687
-0.0264366608671563 0.0451217281043833 0.0675927176049044 0.000423122306878762
-0.02064377459066 0.0293966728420656 -0.0174073130162626 0.0327960202869207
-0.0260364713377311 0.0468275739625415 -0.0331910464937459 0.155093651402181
-0.00136015168314183 0.0636211367010075 0.0437642215726736 0.228839740512473
0.0165524930242661 0.0626893299556333 0.120038015859834 0.23511291543055
0.0182885502041259 0.0600849227167 0.15506521435879 0.217749796080573
0.0139518911405853 0.0633206824597084 0.131807937561347 0.205059598615596
-0.00590211280493838 0.0713256356850062 0.0757275936115436 0.174514160454581
-0.0362432637251195 0.0553905422408477 0.014735610160246 0.124261768714466
-0.0453794912037424 0.0166355774997515 0.0170466491835144 0.0547378416556626
-0.0234109725613779 0.0151290909831208 0.0488686551954914 0.0126111034967781
-0.040141440456641 0.0302130479119261 0.119158992147486 -0.0116163444431449
-0.0894213310305303 0.0310569958929983 0.273109332329794 0.0631511703189749
-0.071480769827987 -0.0338934739795514 -0.289299432705678 0.0530087680557838
-0.0864856048537943 -0.0109497593152791 -0.161188174210046 0.0880775015998491
-0.0608338405150967 0.0546410884502149 -0.0525822735503234 0.0351583091590416
0.00428676449493351 0.0710240657588535 0.00240912983374537 -0.0113571463105794
0.0317352924584426 0.0402163725266931 -0.0253971775449181 -0.122012019902032
0.0340635957442322 0.0189337406031546 -0.120746614843775 -0.157254363949776
0.04176474532329 0.00205176133799584 -0.194132331019659 -0.156938337990918
0.0421666731728082 0.00524610780143271 -0.233395720854678 -0.146427032984962
0.051298615161007 0.00925381002330331 -0.222972971114168 -0.159785910830559
0.0496460171957863 0.0365346930259212 -0.160503317296977 -0.17279226021465
0.0330868797245324 0.0555417268973381 -0.0671285291410269 -0.152303278942885
0.000359492393297705 0.0923090336436448 -0.0242075264101075 -0.0475345737184892
-0.0739047206893807 0.0662823884398331 -0.0862224134704377 0.0370596284689668
-0.100041262054803 -0.0257198899171936 -0.196634340260736 0.0415663801732586
-0.0745368321932342 -0.0538081646107289 -0.346420000626515 -0.0709287839567814
-0.18064572819881 -0.0277187372486538 -0.266239947947451 0.039941963335567
-0.188447905356997 0.00628978316701241 -0.165597746694824 0.0690603766894113
-0.140694084964598 0.1147233194867 -0.0736239251357717 0.0419698414643547
-0.0363483140341799 0.164492382053915 0.000112336826013239 0.00432867783895941
0.0397973234243931 0.143086792044095 -0.00989792966931736 -0.107233060533813
0.0828771203528649 0.105727054184743 -0.0958065063180686 -0.144548690386651
0.117065027199586 0.0644897778316106 -0.162042368042013 -0.147829679290168
0.119448202991913 0.0593802310046726 -0.195452840029386 -0.132746575663144
0.133189386953712 0.0595263523265915 -0.19210187214449 -0.136873204928864
0.122323806015347 0.116981750281369 -0.143277008131782 -0.149731151774348
0.0716188734027561 0.155785189047499 -0.0622988294146994 -0.139535819419885
0.00237273837349105 0.212121726231845 -0.0119093307283682 -0.0319415487213436
-0.130763902084581 0.178255734603028 -0.0770221704454103 0.0600927586325584
-0.219084948092969 0.0417943381862001 -0.174602576717269 0.0672253741451272
-0.221372738368605 -0.0221264162806018 -0.289821481313186 -0.0375502325445828
-0.26942401584109 -0.0218814737988581 -0.199984110187104 0.0393817531539019
-0.278173922764857 0.0220532390969166 -0.141524407230274 0.048618976466384
-0.215299081398214 0.16502716117766 -0.0902967895513011 0.038792703188767
-0.0814101875154012 0.247873062130707 -0.0151711505660638 0.0188610481488248
0.0386587462056054 0.238187995157993 -0.00377521930861562 -0.0705931357188585
0.119357629949847 0.187800083402504 -0.0634778375062269 -0.102739481345299
0.175939369923246 0.122050959315965 -0.106822287512296 -0.110249629967779
0.178569578226413 0.103309002686341 -0.126408221125203 -0.0986088135075377
0.195690617050984 0.0948511988166043 -0.128323532495364 -0.0981027546956632
0.184439437991948 0.171021107023923 -0.0992582700029336 -0.111124165818704
0.114319953581988 0.229173288404145 -0.0433258823205105 -0.113300511042585
0.0226779977545357 0.305598280818812 0.00841839804498044 -0.0213387526260699
-0.153555982612724 0.276408846164904 -0.0485420826525255 0.0666630474758194
-0.296085607843494 0.116624702177351 -0.123173839540499 0.0729557638111342
-0.329525216890886 0.0254879776359568 -0.188765071423928 -0.0172787243640016
-0.323956373964563 -0.0109714378996311 -0.0965111280157737 0.0504650514835821
-0.337909023713896 0.0450747666563917 -0.0828850555780052 0.0312440082659783
-0.265566498568734 0.208462823611786 -0.0899480450530064 0.0284027084848855
-0.108942049689969 0.311058989914758 -0.0336850480818188 0.0334386063092251
0.0374330823816178 0.305903296459235 -0.00274794089722027 -0.0133210538241225
0.142063554904033 0.2453784234224 -0.0237489492431201 -0.0343189661829198
0.209959491383763 0.161517186345718 -0.0354337182555653 -0.050341168834602
0.210052711082524 0.130168497669633 -0.0386456678670308 -0.0502907113744947
0.227437451360242 0.114644746301936 -0.0434706875915116 -0.0512917081891404
0.217546593700485 0.197262930886843 -0.0341774192519444 -0.0666841758720306
0.141504747263224 0.266103457152681 -0.00904377909361809 -0.0783004656227189
0.0410641543755503 0.351046122423366 0.0336380957946796 -0.0138630443034725
-0.150796082295379 0.328657236086694 -0.012480076740217 0.0549573398673311
-0.32009580882482 0.169826227890292 -0.0575862192387892 0.0503211058679228
-0.379927382095189 0.0697563019436628 -0.0648238083408605 -0.0163530078600332
-0.332081085250828 0.00819176129793927 0.0318725268111066 0.0672443839763071
-0.345292460071308 0.070720558864855 0.00468529307605068 0.01760287740467
-0.268368574920335 0.229641776670522 -0.0669785755899895 0.0173950244641281
-0.110438719276936 0.326559409206562 -0.0438810711141946 0.0475758378019742
0.03718115498713 0.3209162173533 0.000714594643212099 0.054737294121116
0.146352362793045 0.259633971067764 0.0232351469386891 0.0478696019274024
0.21274479007608 0.173847127585196 0.0438258788580182 0.0214228663225388
0.209316220534 0.138024426651134 0.0542677564832274 0.00419278414147707
0.221756957438095 0.121915858093171 0.0472159782526568 -0.00252858641622477
0.209564190642145 0.200188155826319 0.0371185869665097 -0.0194287381423095
0.131346044920626 0.264742595441039 0.0323195398975399 -0.035854784099048
0.0346129372311667 0.335289063315503 0.0559187647582587 -0.00468326867482981
-0.134528502604035 0.31273836778704 0.0193161221094395 0.0340714490673857
-0.294456466397091 0.177656904321032 0.00600215927626181 0.0118181295426004
-0.368407001448238 0.0931610289182652 0.0606818769800496 -0.0290024326154231
-0.286473456575398 0.0320525641921337 0.163401532898264 0.0822106280898309
-0.285741491474886 0.0889869491858229 0.100736968804233 0.00606422433090022
-0.210300303042269 0.211846862598312 -0.0255250366113313 0.00870099770704747
-0.0804397306977381 0.27513316284824 -0.0386237536132108 0.0586446477311865
0.0343614292911875 0.271686458865307 0.0115875800464842 0.115667630976029
0.128356538200303 0.224877222733361 0.0724725147097588 0.123407401300636
0.182403254569895 0.154493475762467 0.11980003789441 0.0900454630190101
0.176507818291093 0.125805359608779 0.139747361034423 0.057571060452091
0.182015549129033 0.116073434217655 0.126623450045478 0.0462140959189628
0.163742652026869 0.180464302062142 0.0983204854922997 0.0307820371485726
0.088079412249776 0.226938869669174 0.0641811389124696 0.0127624204568526
0.00255015981235387 0.263264432241524 0.066081033376261 0.00939948112643085
-0.113358613956476 0.23468733400837 0.0397811606206705 0.0145169783887922
-0.229165907328045 0.141440572026652 0.0551491424988816 -0.0255207352034145
-0.302176527382679 0.0944513681367141 0.167997870392085 -0.0454087035135019
-0.192184147679386 0.0506093933324454 0.275515141657505 0.0886414258165115
-0.171338515245163 0.0857171087575187 0.182636433050294 -0.00921979024757303
-0.110777966395651 0.147589400684212 0.0222391741206468 -0.00256188657492126
-0.0392148817771011 0.167163509387995 -0.0207372975504088 0.0568843445114401
0.0218189976816392 0.171518356564956 0.0259903906430065 0.151855544492906
0.0865752192551187 0.150198271252266 0.115486697333842 0.174665167525207
0.122751466225973 0.110289510662869 0.180494202361465 0.141405328664786
0.117701363891641 0.0940121671383011 0.204200251447724 0.102386564677878
0.117735501318792 0.0947060424924615 0.183006468234342 0.092681708444765
0.0957781655692059 0.136550738080728 0.133978170178566 0.0821180233277601
0.0329725849679735 0.158508094932844 0.0745644235789886 0.0627762812397444
-0.0293511291508038 0.153926328871282 0.0577907788673412 0.0262760313387935
-0.0754995510728162 0.125887767424436 0.0476372478001608 0.000410765908601483
-0.133470232278843 0.0871520085838668 0.0854496812016049 -0.0500305140991532
-0.195505012132055 0.0823840290149149 0.243559376845688 -0.0555814978064101
-0.0639938096487164 0.055377340772442 0.348167681861492 0.0845736763495188
-0.0323740901706971 0.0551996973262664 0.236004644088413 -0.0305147043405195
-0.0061296651159893 0.0501173597189691 0.0625770882166156 -0.0239499395327938
-0.00655868898116805 0.0341535331827493 -0.00342227745823999 0.0407788888542914
-0.00272349191258643 0.0522717036531534 0.0383443121212207 0.159828894297224
0.027307482938949 0.0570418276002884 0.142258793308283 0.192948013556166
0.0415701434333161 0.0512162666764837 0.215772727653782 0.166930473331225
0.0412934206429275 0.0482127561004812 0.237947136095474 0.13174391250316
0.0392522489944986 0.0547540100211565 0.210386549854571 0.130162297756604
0.025268325986988 0.0689747601810822 0.143745230613086 0.127502707465351
-0.00977604690838584 0.0678604202620949 0.0634289776655625 0.106550928716165
-0.0342202244772384 0.0353245809338967 0.0356867057716068 0.0387504477504133
-0.0153990318936408 0.024187910891547 0.0481712064223477 -0.0113694415735582
-0.0227320864389337 0.044250428654798 0.103087185682249 -0.0610716030904019
-0.0677190516280741 0.0692972139947195 0.279960169522975 -0.0611534554559085
-0.0744183261332839 -0.0336529474659077 -0.298557705213424 0.0607416949540729
-0.0896201798462449 -0.00912333117986864 -0.164717943344532 0.0943961462049699
-0.0610632436022915 0.0577797181219676 -0.0522821254252166 0.0377038703884045
0.0069172316501206 0.0723079197775963 0.0036080288642937 -0.0111478803279722
0.034815866174082 0.0404797763054935 -0.0288454632676611 -0.124890002709618
0.035195204636622 0.0186170079479172 -0.127618007292649 -0.158247974852159
0.0425064158312895 0.00087726143832453 -0.204398861018655 -0.156469672062424
0.0437350856005309 0.00393148328072904 -0.244215287901248 -0.144397869159677
0.0535041763578503 0.00795235570415958 -0.234873964262346 -0.158266042111706
0.0527652522551091 0.0366569369197716 -0.170860218370031 -0.174971421057794
0.0354840714076412 0.0570464234693795 -0.0734668543678554 -0.157265504761307
0.0029707750309625 0.0955535630235793 -0.0250616558214937 -0.0499289182436348
-0.0741693689078469 0.0694554296998894 -0.0862220708895832 0.0393618672179146
-0.104835804473431 -0.0231132524947112 -0.199893347370675 0.0445705179816861
-0.0777182805781771 -0.0528401105851543 -0.35888815558191 -0.0649972875777548
-0.186451785141947 -0.0246807376417348 -0.275456884895845 0.0462752724011802
-0.193859752959389 0.0115176056969787 -0.169819373081842 0.0747338392385247
-0.140667809604865 0.12101340565208 -0.0736734864579847 0.0452449036748564
-0.032412129767238 0.16935117225884 0.00137078874920544 0.00489333189196335
0.0456107570139946 0.145174867252504 -0.0132940458637167 -0.110544333596995
0.0874674179630549 0.107017116534137 -0.102280272183256 -0.146158720309218
0.122377511656406 0.0636361318702126 -0.172214648152217 -0.147806268657648
0.124637186357586 0.0577270778000056 -0.204921087307402 -0.13106160337383
0.1387681238484 0.0579739623088735 -0.202271121959117 -0.136114943096972
0.129817138940443 0.11729522292836 -0.153026063417393 -0.151224156879336
0.0777608294072672 0.159596340516584 -0.069444685238393 -0.143688107956817
0.00824717458735888 0.219304339675034 -0.0120215229021193 -0.0346103739111616
-0.130393947012456 0.185473904908065 -0.0759296727033703 0.063814702083703
-0.226599184921612 0.0485779302679568 -0.176775624031661 0.0714172177404513
-0.228137511044073 -0.017667408445697 -0.299636431754627 -0.032626609471706
-0.277687236011564 -0.0168818579918274 -0.206922504264732 0.044298045245363
-0.285809214339244 0.0290013071661232 -0.146132336299701 0.0530659112710403
-0.216121425001301 0.173810629562108 -0.0904783171377802 0.0427103164013898
-0.0769904165978649 0.255692811799796 -0.0137814312747218 0.0205478169430981
0.0469476820675375 0.242818378219399 -0.00665978790312874 -0.0726106503728232
0.127654466365198 0.190222578024564 -0.0681369008860127 -0.103954227880448
0.184262987092973 0.121561289913102 -0.114827076540985 -0.110800354511108
0.186730810760562 0.102109859507577 -0.133179220247264 -0.0980505736316959
0.203679544994105 0.0924764369093305 -0.135784314850732 -0.0969311084208189
0.195637574015362 0.171805636395667 -0.107194310688968 -0.112735477942344
0.124025078013059 0.23380012227634 -0.0498445850465983 -0.116123376761297
0.0321850462800962 0.314361246822359 0.00872017895836031 -0.0248278375787964
-0.150918615561418 0.286940057081949 -0.0473220468012296 0.0700500358301926
-0.303769492631497 0.126851620238171 -0.123976132156116 0.0761265917406178
-0.337408790045272 0.0327457757468426 -0.194629630107437 -0.0145271822711487
-0.333814286251568 -0.00345965385915946 -0.0994205350564422 0.0535071433233058
-0.346913964322302 0.0526637061978644 -0.0857985605028092 0.0343435282390519
-0.266060706885693 0.219812674555172 -0.0909067788947693 0.0325096195417658
-0.10433216694106 0.321348368636328 -0.0330953428058126 0.0361125135767298
0.0470203063051325 0.312253863814165 -0.00473806336580936 -0.0135933594863408
0.152142568369724 0.248791844901294 -0.0255309607009623 -0.0342560146634108
0.220741070889663 0.161398211371472 -0.0397090316301288 -0.0505829866210003
0.219552840391162 0.129815895336529 -0.0415205166563854 -0.0506322683446213
0.235983620339276 0.112133500024215 -0.0473000993411596 -0.0516533442502183
0.230988676662569 0.198434977886739 -0.0391757731056445 -0.0683033141411279
0.152629158450217 0.271041589667026 -0.0137659984780367 -0.0793870956282489
0.0525116532557772 0.361153353099783 0.0342893502481362 -0.0182724833957024
-0.1459052763446 0.340714670237021 -0.0109635403060458 0.0571458020773374
-0.327120966584366 0.181598151189725 -0.056582322619364 0.0522064192808413
-0.388174298570012 0.07931203276004 -0.0660436367993304 -0.0169925521345856
-0.341350566204489 0.0163586339263373 0.0333398871200761 0.0676535865762459
-0.353806325828185 0.0800905355631344 0.00423679244220534 0.0184400793948829
-0.268120432579943 0.242376620811887 -0.0675273807061302 0.0209793294945378
-0.10576671869329 0.337213113431698 -0.0444121567713952 0.0508993224730424
0.0470194057189281 0.327880036856339 0.000972109021928442 0.056376032580368
0.157267408074072 0.263368854712871 0.0247826780667314 0.0493804332004843
0.223943270877401 0.17408807240861 0.0436588367229386 0.0213096532340567
0.219124201034945 0.137707123721589 0.0557275227603036 0.00265521886430056
0.230543372986773 0.119936611508161 0.0472042693335269 -0.00406706543873639
0.222166659160811 0.201195318709851 0.0363260417326709 -0.0214896724535032
0.142659535871968 0.269811343572559 0.0298165589494587 -0.0364395309167656
0.0452004034376927 0.344203702558315 0.0573370947149106 -0.00946339875365656
-0.130876356263592 0.323859875293072 0.0206172895657669 0.0347298072264914
-0.300961156941417 0.188495424870454 0.00784234872165881 0.0124924781286586
-0.375213200427633 0.103718413954 0.0633187792106808 -0.0330102457737791
-0.294458616248476 0.0397849179161423 0.169861394636868 0.0798178293225253
-0.292783422676758 0.0972795332222264 0.102334008275788 0.00432841373058661
-0.2093130688485 0.221574594592525 -0.0258799939023092 0.0110716351422301
-0.0766733276563731 0.284433436093701 -0.039311965463401 0.0619412731748533
0.0430881382365828 0.278052843087763 0.0133440273200366 0.118978876551877
0.138070613474977 0.22800788987393 0.0782907475974467 0.126617777616998
0.192911799816137 0.155122626331031 0.124268576668135 0.0897737532807217
0.18574842237149 0.126167623843597 0.144977889547236 0.0553255556617712
0.190457151932911 0.114675059280276 0.130969694054593 0.0438632246546045
0.174256950928737 0.181426608572823 0.100142427079479 0.0287782516217288
0.096818017934424 0.231842005552234 0.0645229901955594 0.0125518306117761
0.00990971858436855 0.27112049456801 0.0675201903859009 0.00456108490038589
-0.110479854343135 0.243005476666185 0.0409588582876279 0.0137555968524612
-0.234056721065103 0.149434704452394 0.0570363891538822 -0.0266852488756347
-0.30740587494904 0.103111785790263 0.173105756529044 -0.0520142057778902
-0.196114553563979 0.05694722286254 0.285149550196811 0.0829715601255752
-0.174865796938167 0.0915305819290265 0.187101803033856 -0.0130270453790473
-0.109283959075516 0.152867580815147 0.0228611015007266 -0.00121654777977059
-0.0365115931003759 0.172645830913379 -0.0214418014862272 0.0605132119759192
0.0266354831304647 0.176002025518845 0.029940029482968 0.156778602523138
0.0940017201259443 0.152410484660676 0.123541061046561 0.178743545843586
0.129786636603461 0.110729926185438 0.189030844472712 0.141960901375745
0.12369610074682 0.0947166668936209 0.212824226498021 0.0996245480682657
0.123128848259793 0.0941961829239828 0.190512326155225 0.0893324953815118
0.103350844461915 0.138273073474654 0.139616691145517 0.0804894763141
0.0383339101973638 0.162453922428907 0.0774369304801904 0.0636101109519734
-0.0259704955360539 0.160027168484632 0.0592371409928052 0.0233575060949478
-0.0743924791845803 0.13058761058979 0.0479557887592875 -0.00124400568007422
-0.136384104681547 0.0913769350734062 0.0872680462089242 -0.0524473507871046
-0.198358000618397 0.0879535753211134 0.250828251296736 -0.0645848484895189
-0.0642777981099473 0.0588447115006545 0.359068634023339 0.077130255962116
-0.0322024345050328 0.0572631838879375 0.241880282194506 -0.0369458945388001
-0.00400935033094449 0.0503845867421344 0.0636360154531784 -0.0242086150838239
-0.00642799440267113 0.0347992024037729 -0.00375729419928509 0.0434618620972066
-0.00212360564176948 0.0542439676296357 0.0428239179364183 0.16514022440064
0.0296942618653686 0.0578724252048252 0.152332483893174 0.196465359640124
0.0445535939178938 0.052168419984636 0.225996448793856 0.166771626293204
0.0438519178096979 0.0495893790822863 0.24833530860829 0.129054211531613
0.041895094489035 0.0557784024678763 0.219466676234516 0.126815974461857
0.0279355787804503 0.0704331127727116 0.151172829634606 0.126756736977282
-0.00809219271996815 0.0701171027214553 0.0681112225309724 0.10806770149332
-0.0348937419579885 0.0377210210263441 0.0367473931704971 0.0369338539769526
-0.0153955206946473 0.0245836275000073 0.0474908103468272 -0.0140711957256992
-0.0225330119458029 0.0448464861043414 0.1046734236095 -0.0638454152483465
-0.0672508425105598 0.0725732983804988 0.288489115924171 -0.0706158773026039
-0.0771188978816666 -0.0298220534815795 -0.301792726710858 0.0775678458177045
-0.0912093546834353 -0.00454961190402484 -0.163563341444985 0.10416717376846
-0.0587251019303255 0.0625105048953593 -0.0501839016259235 0.0411211432945018
0.0113043778660835 0.072883583001366 0.00477718648790222 -0.0106413778682434
0.0381516539535914 0.0380763992128853 -0.0364372010441752 -0.124322624776796
0.0368759319509084 0.016972083220617 -0.138294906240658 -0.154287766424701
0.042622880282065 -0.00144010489123693 -0.216922779956016 -0.14774313748752
0.0447092424646396 0.00114469562972784 -0.256821500279586 -0.132751060654128
0.0550155469658876 0.00491513177511849 -0.248691143103661 -0.147851527227146
0.0566122742535652 0.0342089937149128 -0.184821637647238 -0.170164789433097
0.0390716787641398 0.0567107524502827 -0.0844269759623998 -0.158361270396717
0.00879713369683394 0.0974117728465225 -0.0274649384242095 -0.0505490803367565
-0.0718104196937921 0.0742032217795421 -0.0837401227145746 0.0434490206432045
-0.108360056439934 -0.0168148867419173 -0.199704535209851 0.0527047821628136
-0.0814794586354837 -0.0491542509222411 -0.368005940833428 -0.0474325216500738
-0.190510223910679 -0.0145765323861857 -0.278807349841247 0.0620013600608184
-0.196103186089334 0.0213952117725674 -0.169761292184717 0.0849362285073409
-0.135069932635713 0.130137785438606 -0.071187646459254 0.0497926737471069
-0.0230145070411067 0.172145191884269 0.00305207805827508 0.00538188868176586
0.0553446105306011 0.143386817742899 -0.0203811371877055 -0.111106124536393
0.095044675816038 0.104261156873113 -0.111521756641641 -0.14311316859295
0.127298957967411 0.0577178641817631 -0.184218693410856 -0.140539574360289
0.129933716919279 0.051842049810073 -0.215609831679842 -0.121101367033025
0.144571200265845 0.0508298760525054 -0.214271612507513 -0.126771026224655
0.13973312457177 0.112377815241079 -0.165633069671707 -0.146542938391852
0.0879018157926379 0.158847596191296 -0.0798633010179112 -0.143030182242648
0.0211198651256206 0.222641421149421 -0.0135380436417459 -0.0369447882458837
-0.122637135399783 0.194245904550415 -0.071310114358278 0.0683854888838546
-0.229200517703012 0.0615904136860787 -0.174444094990322 0.0796735886957454
-0.231762290306059 -0.00600061357870559 -0.305826329805052 -0.0180179972251127
-0.282746616277873 -0.00198439522256688 -0.20940426439719 0.0556152641556433
-0.288831260730419 0.0437398385984093 -0.146911431808768 0.0611832659570277
-0.208211763604695 0.186938520310484 -0.0884947798742257 0.048084608051755
-0.0637849158884237 0.261968768706513 -0.0122499608855588 0.0220943098650506
0.0617888243336301 0.242326730996155 -0.0121183631658994 -0.0733677186047274
0.139847123293563 0.186728451405788 -0.0749125270802438 -0.100966006410485
0.193746915589079 0.113628998336318 -0.125095885228432 -0.105622424516768
0.195584184609916 0.0935764159928527 -0.140664275374345 -0.0919676995296067
0.212297814943398 0.0831189434223808 -0.143918010621881 -0.0912531748238372
0.209551900909602 0.163105791840766 -0.116896261670952 -0.109290229710515
0.138888209223958 0.231873192382648 -0.0589512505512613 -0.115420206788854
0.0510564086023279 0.317887740975408 0.00774659225663487 -0.0285546021772001
-0.138543958974223 0.29826597302698 -0.0421818268385671 0.0737671023388825
-0.303567347914774 0.145198692017877 -0.120036202908274 0.0825493094812397
-0.339863421605557 0.0507494689987365 -0.198170752471749 -0.00624071073363306
-0.338638490557129 0.0140392535164728 -0.0996273992007229 0.0583596179280164
-0.349819291632328 0.0714656263191072 -0.0868091824683035 0.0398211645041695
-0.2561844214593 0.235798881983327 -0.0893855235553091 0.0382026734271726
-0.088857996743497 0.330168848358099 -0.0312770795568111 0.0387354400291882
0.0654022403872639 0.312509125965789 -0.00693605685089612 -0.0138141713867894
0.168967472402898 0.244212399859393 -0.028233960362596 -0.03225728983652
0.233042546929509 0.152082259029865 -0.0454484453146942 -0.0486249762261612
0.230540837325824 0.120821038367207 -0.0453218425176249 -0.0493385047712475
0.245905075782809 0.101642921802215 -0.0516581864695962 -0.0498793897517705
0.246823854436876 0.18907498384688 -0.0451072743174627 -0.0680389946628446
0.16963603045095 0.267288499673787 -0.0207040688011497 -0.0788822646682222
0.0739266868018793 0.36405920268243 0.0335783668815804 -0.0233462527196812
-0.131894394660926 0.353077441252118 -0.00639103261161621 0.0585958642175905
-0.324182509077788 0.201295375890501 -0.05308292396842 0.0554828788592764
-0.388746544509866 0.0988068459953549 -0.0677553658081384 -0.0160461779694966
-0.345350559792682 0.0342298242266047 0.0355349753942103 0.0661169941477455
-0.356277415448579 0.0985097483513042 0.00370898036087911 0.0193045838345496
-0.257516287809174 0.258850539963713 -0.0670592642566464 0.0256149300647129
-0.0889503183098996 0.346682792292842 -0.0420698514344925 0.0548066557167217
0.0657635234500887 0.329315348209369 0.00215250123307241 0.0573681734079931
0.174263227539043 0.258725103564699 0.0281844613064277 0.0503763471174983
0.237424411708192 0.164661661710597 0.0438261039349062 0.0204121654002979
0.230547075129393 0.129374603690672 0.0568651165841074 -0.000629594989228914
0.239916567881484 0.1093662267365 0.0467532650627145 -0.00654835408549177
0.238267540404857 0.192097263900263 0.0341094849909467 -0.0239047542971209
0.159868328087891 0.266809511226784 0.0260623471038667 -0.0370632543781766
0.0652553484171231 0.348455504861352 0.0565007449414952 -0.0159050564409057
-0.116320547549017 0.333965984180215 0.0238126193074321 0.0343709762725769
-0.296657028561962 0.205546682854984 0.0090829020860079 0.0125419610642165
-0.374166518207702 0.122645287656961 0.063021176001526 -0.03898006303728
-0.295818225301929 0.0554330277727075 0.174951228969675 0.0708397313169715
-0.293006792913237 0.113185846387323 0.103437009712522 -0.000104458647750664
-0.199401513433368 0.234520608922166 -0.0250590916832516 0.0137679646730915
-0.0633639528991657 0.292419600104578 -0.0372748534694184 0.0662230537561747
0.0576613032640426 0.280316314710601 0.0187298116123349 0.12073607764397
0.1526888254186 0.223998231261152 0.0866493420121631 0.126021733095341
0.205386383990214 0.147657712753709 0.129748089733725 0.0857612472979268
0.195494417032447 0.119256859453931 0.149520378008647 0.0475106594417285
0.198753172315819 0.107128806085903 0.134113864249501 0.0369679360061926
0.188383282348332 0.175248636467061 0.102163205600565 0.0231186223550816
0.111799539066805 0.230695283188275 0.0644660143794961 0.0106951485508093
0.0252031410091494 0.275335251093792 0.0675024128937564 -0.00174546376265958
-0.100533864338332 0.251444167208664 0.0421037504330327 0.0119731401739145
-0.229978837233609 0.162480584521722 0.0568218301647928 -0.0290226775631996
-0.304857575503014 0.118213640007489 0.173958991633148 -0.0635205256762206
-0.195924963193658 0.0686804574260108 0.292502598465441 0.0693171469716723
-0.173059007904687 0.101241382342146 0.188615336305234 -0.0219104873657306
-0.10199249990074 0.159529725085333 0.0237713621683721 -0.000754500520090168
-0.0289720988517196 0.176441130444363 -0.0193631370863579 0.0636566423086267
0.0362327726844435 0.177803276557161 0.0381590710583505 0.158513306350585
0.103218175197494 0.149182731726822 0.135647679611204 0.176766003169418
0.139280100937243 0.106049725583735 0.199558471283789 0.134586988676983
0.131343782686115 0.0914435396749332 0.221204870979837 0.0887197653847697
0.129749863095838 0.0901900374656048 0.197916953899934 0.0796031496169752
0.112992842675574 0.135244236052101 0.14527636673039 0.073565257486529
0.0479767402717837 0.162921561244272 0.080717797868791 0.0612400369836796
-0.0173906722310374 0.164298737520206 0.0600720026486703 0.0176972909189506
-0.0688632339757357 0.135831138159338 0.0476091575400376 -0.00448200384586586
-0.134545631228966 0.0987747131619496 0.0862591350681376 -0.0557405907153081
-0.196018683120885 0.098423347179821 0.25242799347311 -0.0799937996459238
-0.0615770719900228 0.0633389253954792 0.368717526912684 0.0594192345108273
-0.0297513115846919 0.0595283979079156 0.243548597527442 -0.0498412668596848
-0.000782477826147486 0.050020914512456 0.0632938730510164 -0.026394620585175
-0.00456162373998424 0.0353327990310102 -0.00269630045197305 0.0451772826858055
0.000683811067103961 0.0558267343342023 0.0531254107546164 0.166746987872687
0.0331594115260064 0.0570701178412422 0.166301150155892 0.192416792646187
0.0489158835345376 0.0510266058297706 0.23981533855523 0.157310030724854
0.0471488941194054 0.0491713915626144 0.259370150831103 0.116692004838517
0.0450993774986865 0.0547708937221252 0.229637598825695 0.116255469523868
0.0323058949332782 0.0703478103632185 0.159964602353027 0.120236051865317
-0.00399341011376947 0.0713371566151117 0.0745466263690279 0.106664592974502
-0.0334330000913202 0.0399400309733231 0.0375072914647307 0.0338448870602129
-0.0140192234333441 0.025574982759636 0.0458637036406216 -0.017797225984049
-0.0210125988887821 0.045552773024603 0.10382031863112 -0.0687669533454624
-0.0640319433653002 0.076851140790368 0.290399030593052 -0.0876806488609154
-0.0775214351858866 -0.0245291783222971 -0.293753584431042 0.0944032663551917
-0.0899339231050715 0.00124353955072985 -0.155418094279571 0.111836638432891
-0.0535867318521429 0.065538583115413 -0.0463267955266191 0.0432856084167355
0.0155943809891859 0.0710151005875063 0.00503908789805191 -0.0100028531292019
0.0403367682277044 0.0338129127902206 -0.0429729346460387 -0.119833221115318
0.0373573135645525 0.0145779190977756 -0.145453635973683 -0.143736360126924
0.0414758408254788 -0.0042268407490008 -0.223713147528612 -0.131723227900874
0.0440131010961605 -0.00217166681606038 -0.261245575860993 -0.115391305690928
0.0555208726034772 0.000937208323954079 -0.254557271648844 -0.130803283637373
0.0587281635119914 0.0303053912612938 -0.193003005064292 -0.157267779551675
0.042929815821765 0.0544715055468172 -0.0937436890825067 -0.152356923925948
0.0146530737693881 0.0959231708212803 -0.0291307718523087 -0.0494810157437119
-0.0667263036951392 0.0774244628894717 -0.0778482626382485 0.0463248159772236
-0.108533063124993 -0.00967251230809918 -0.193103916595607 0.0606667336204077
-0.0828208362487369 -0.0428550397987808 -0.365996728024034 -0.0255934187901795
-0.187498570802942 -0.00317702748631303 -0.272710094811662 0.077112227102044
-0.19160213773551 0.0319180170219966 -0.162682922654936 0.0936328661836087
-0.124091320074228 0.135709336642455 -0.0662317420453465 0.0526757679818442
-0.0124146320603422 0.170318039757995 0.00482906726239753 0.0055411345088599
0.0635806055031614 0.136200677160872 -0.0273613706146832 -0.106886402348847
0.100107050801574 0.0969150393826387 -0.118587974584571 -0.134003801799532
0.128606341339139 0.0495111008509679 -0.191097203825367 -0.126612505949422
0.131250019402145 0.0433543385296687 -0.219832953499387 -0.106600962220453
0.145425117365531 0.0416686884152135 -0.219289615244737 -0.110997126194846
0.145504530699773 0.102363783844547 -0.173052976376126 -0.135182387195728
0.0967284795789549 0.152124931899723 -0.0890634152741448 -0.136932234817138
0.0341949775724519 0.218625125324402 -0.0148376276283246 -0.0376842866371791
-0.110472771427745 0.198092426804285 -0.0646596551031024 0.0705495102694983
-0.222983530098154 0.0743205388669517 -0.166263728063858 0.0852718563788382
-0.226961467505068 0.00709282267803997 -0.302025185877718 -0.00160661964215564
-0.277453412418393 0.0144668711632438 -0.205091908417747 0.0667688555197266
-0.281854221234613 0.0591010705854254 -0.141608235685697 0.0692328151663864
-0.191505758190566 0.195113512564238 -0.0835624376768504 0.0522632776494161
-0.0472832765816007 0.260171945680172 -0.00922539932687574 0.0231009146616145
0.0754137911592504 0.233217203523245 -0.0176605333377334 -0.0712050227414941
0.149975267650442 0.175676129903689 -0.079677598134261 -0.0943879055176114
0.197933022078058 0.100236434479861 -0.131226811589181 -0.0953542381735332
0.198400449203218 0.0809595243070656 -0.144413556468045 -0.0820676696464792
0.213269099954851 0.0691091070520968 -0.14783478500401 -0.080518293049741
0.217885069268566 0.148448829239304 -0.123430983149522 -0.101477184536488
0.151057372991848 0.221080146781622 -0.0671707567121822 -0.109900148076678
0.0691775356866228 0.31125281982913 0.00591106401869934 -0.0315709626901336
-0.120094180665228 0.301073021968687 -0.0352629584599246 0.0742541223940921
-0.292250325966798 0.160729702827177 -0.112688640945846 0.0864398944987303
-0.330241784215488 0.0675281799716529 -0.195751509367833 0.00361971105156054
-0.332035321303128 0.0343243057997623 -0.0969592859413769 0.063275548887596
-0.341273218822907 0.0901003829596304 -0.0842748010558972 0.0443119355452145
-0.236716585615078 0.244985621034959 -0.0848516834113615 0.0426671255772623
-0.0679503990860377 0.328234345129607 -0.0276673744231462 0.040225799841995
0.0838391564433458 0.303028797174336 -0.00971884369716216 -0.0128755621739925
0.181791918175437 0.230524736985557 -0.029289775812477 -0.0290230983712708
0.239425058775927 0.135837640529135 -0.0494909658800285 -0.0434741200475365
0.235222241740095 0.105312215607991 -0.0475985982192866 -0.0465540418692001
0.247339925221102 0.0855913591473842 -0.0541963402954999 -0.0456634629335636
0.255256913569973 0.170794533430809 -0.0505607826214586 -0.0640897266859084
0.1833799537875 0.254033633741696 -0.0272842703167349 -0.0756758566860923
0.0949566923804512 0.355920937226624 0.0308596046202976 -0.0286897068887435
-0.11025296834 0.353330437760291 -0.00130202223389956 0.0584178144820763
-0.308744439240808 0.215507746335787 -0.0487161741031434 0.0572711390533879
-0.373917155845093 0.11754683926343 -0.067325253564511 -0.0136028628465431
-0.3370379126984 0.0546029637868228 0.0365780626284096 0.0627206285849198
-0.345521789778331 0.116669539155633 0.00372706200472528 0.0192008850283163
-0.237319613441003 0.266771338391507 -0.0635032703924024 0.0291905443891646
-0.0681989622168045 0.344982748624533 -0.0381450459729146 0.056943854748347
0.0844570871564113 0.320027708655213 0.00427953118166918 0.0567919558975923
0.188301239756494 0.24501339137991 0.0311420104815781 0.0493308009465336
0.245238956892883 0.147374793061371 0.0433243696732133 0.0186544929534272
0.235582082510559 0.114696587891815 0.0555466087632265 -0.00522308096972679
0.242274618684284 0.0942414529218501 0.0447282788804556 -0.00953717438647208
0.246656023388115 0.175017766160299 0.0301330173867082 -0.0256179495909064
0.173554502161361 0.253677882334057 0.0217034514844101 -0.0371703661675932
0.0864350888528424 0.339760565670331 0.053181936477437 -0.0221680544247662
-0.0958023095044781 0.335494229944216 0.0263891231920425 0.0325572778609612
-0.281944531589527 0.218508520721556 0.0109725120419589 0.0118667212143307
-0.359065927779667 0.139372268504569 0.0596222140967838 -0.0440593442488161
-0.287351498587291 0.0724686407744682 0.174473546906456 0.0597214227187892
-0.283494848818178 0.126971158913188 0.10142702021308 -0.00523403148573631
-0.181435173688942 0.239858558781463 -0.023464657413492 0.0155478347404798
-0.0453489267317992 0.289725442928978 -0.0329303185695485 0.0680882305545738
0.0734194504695482 0.272326760398188 0.0246980736475755 0.118341961441309
0.164863825041976 0.211754662229886 0.0939806026514622 0.120529628193743
0.212004423584125 0.13272570408064 0.132817319546244 0.0778599577736006
0.200702347622294 0.107328954680602 0.149563206909936 0.0367989666179337
0.20183231962839 0.0942569454858885 0.133417879491485 0.0283251922416296
0.196639184855156 0.160671111442833 0.100779081615763 0.0170056572355401
0.124022148995553 0.220745905896593 0.0620748517657181 0.00838257659274438
0.0430518657219377 0.270238424864528 0.0640568790905914 -0.0078257038446599
-0.0836086444349103 0.253155233829866 0.042280566659537 0.00927959042642733
-0.218480881646721 0.172126165789564 0.0550093762900271 -0.0308818849254926
-0.291852464784167 0.132687572123174 0.167655443320451 -0.0748543617916478
-0.188574389784562 0.0790541011890939 0.290643573867313 0.0508070939173165
-0.165386799283378 0.109545160702875 0.183996294342644 -0.0315822957777983
-0.0905454153511305 0.161184798800069 0.024063577327593 -0.00147354544108427
-0.0186427396316576 0.17493515406197 -0.0162644137110142 0.0644318822043253
0.0458056912875888 0.173628461678707 0.0459869969015833 0.154123460087336
0.110909162868513 0.141032325891802 0.145999909071841 0.16649935672826
0.144234390842316 0.0959633074625132 0.204674548096988 0.121355899013324
0.135693000543119 0.0829847227137601 0.223131426021195 0.0733810214622505
0.132526504441143 0.0816597866596364 0.198768720964433 0.0659386905312897
0.119523859140348 0.12600553076779 0.146559676659044 0.0643069556295374
0.0574456733175255 0.15723976819253 0.0825812218146207 0.0567756960539554
-0.00672735188838453 0.162944616860059 0.0582083726297628 0.0121227616608679
-0.059847537002004 0.136811594924605 0.0458910432416659 -0.00669373153361447
-0.127228506867796 0.103490983707517 0.0824466211580955 -0.0588934651567038
-0.186162636569578 0.10697856454206 0.243897280282591 -0.0952443741931421
-0.0563933438084835 0.0662514797084051 0.364843097219752 0.0362107079428455
-0.0260226353803389 0.0605559876619178 0.236404629440094 -0.0615434839902956
0.00209142978990767 0.0480522388269525 0.0609442193392897 -0.0283417597542287
-0.00300305081787281 0.0351013085447903 -0.00117589534310182 0.0460859730235972
0.00391248721190881 0.0559484651969248 0.0623049869702949 0.161330929128926
0.0361130731160893 0.0542943174452812 0.176810649225163 0.18086440172445
0.0515504998052427 0.0473378764421057 0.246864631483267 0.140862625303496
0.050305750300316 0.0465692840302647 0.262351349292558 0.0986624069331194
0.0471217731810755 0.0518116672442398 0.231980619215001 0.100074440828473
0.0361114091106339 0.0672525123074176 0.164315468542594 0.108334117084694
-1.5949641131224E-06 0.0700816101677465 0.0794203269928126 0.101016181956349
-0.030590872392665 0.0417371906668496 0.0365835698628987 0.0293971024276404
-0.0122406896213945 0.0260104985952026 0.0424926400797728 -0.0205236698451292
-0.0185376502673461 0.0449409196838242 0.0987722606465835 -0.0720185313700978
-0.0582637274370068 0.0785430607486433 0.281335431454091 -0.104324928270272
-0.0747151653316547 -0.020899052712385 -0.279780642719853 0.101597237739853
-0.086569371341756 0.00438557782348385 -0.145679788391229 0.113938772406797
-0.0476939257916633 0.0656829786339505 -0.0430058725196446 0.0433677990718384
0.0181078358668891 0.0671539740976912 0.00649181269740024 -0.00940930536717676
0.0402545911960703 0.0299074201646031 -0.0459801696801106 -0.112504022137538
0.0365364286463235 0.0125287281443333 -0.145646430951038 -0.132336217409848
0.0395210751221692 -0.00594941982804975 -0.221100848115636 -0.11816780845026
0.0420356092784118 -0.00409679777665231 -0.256151793648045 -0.099934038518719
0.0536535985500916 -0.0019342549525321 -0.250712967261689 -0.115535907204314
0.0586073092891804 0.0265937585102392 -0.193658627491363 -0.145187951467789
0.0434505845907272 0.0514467983595368 -0.0971993642628505 -0.144877693486181
0.0181369635107201 0.0920021510002275 -0.0289463216906694 -0.0482670366679225
-0.0618599637905419 0.0768094370256845 -0.071368318935332 0.0458457171866421
-0.104908573592989 -0.00408175386391038 -0.183855422499135 0.0620940362552407
-0.0806186910182704 -0.0385026545508321 -0.353452208412858 -0.0118738492973499
-0.179659716717914 0.00440593766070772 -0.260631535477308 0.0845509792257847
-0.182966181731164 0.037532083251215 -0.153332720698841 0.0957544602466624
-0.112483178206805 0.134621754698108 -0.061149548831778 0.052457898549135
-0.00501868882143849 0.163612153565106 0.0063251193808615 0.00561651578011287
0.0670112599348856 0.127248666735007 -0.0305891404017541 -0.101151903963766
0.100334563729646 0.089109238128446 -0.119206819837026 -0.12399150805216
0.12551203355219 0.0424975828219818 -0.190198320789569 -0.113739605125241
0.128108093711474 0.0361495257707329 -0.216317512216085 -0.0938916743290179
0.141694754914434 0.0339029571977816 -0.215555136480774 -0.0983249309190503
0.145393460707192 0.0921522558470238 -0.173415361544939 -0.123683789770334
0.0994346603587118 0.143485262016936 -0.0926128956979144 -0.128997949743474
0.0419921391735785 0.209809277291443 -0.0150676183353003 -0.0380120168147807
-0.0997831553635043 0.194426825630088 -0.0566869912726601 0.0688085407037878
-0.212683041115043 0.0802206818817475 -0.156953935811234 0.0864403404742804
-0.217650163845955 0.0138955612710003 -0.291326235774095 0.00951754024460129
-0.265077358753156 0.0249987042193275 -0.196124451583896 0.0718928467919704
-0.268568446778833 0.06690070144976 -0.134305054000296 0.072146507097074
-0.175008230621736 0.193859416453171 -0.0778807708626671 0.052712503830588
-0.0355406856263659 0.250763179497759 -0.0068371119188804 0.0224617998778499
0.0820471461260482 0.219815270201245 -0.0206400396058374 -0.0665324593770607
0.151583532467839 0.162794732205265 -0.0801014906145228 -0.0872076056519692
0.194828089011938 0.0885927626682859 -0.131245795299666 -0.0853900340520591
0.194637502619338 0.070352715318912 -0.142726080314742 -0.0737448992869068
0.208094868316916 0.0587763380344491 -0.14557811695898 -0.0717380683490232
0.216759833373782 0.133771385690414 -0.124485278093817 -0.093286405413162
0.154217224879959 0.207595586959688 -0.0707950670393724 -0.102786431738429
0.0797541045292007 0.297358614471125 0.00434287702960528 -0.0335454434728983
-0.105290431492993 0.293845655332299 -0.0289032429906002 0.0717939621126615
-0.275913809270948 0.164472914900658 -0.104872498188258 0.0860774334178272
-0.313360820189392 0.0761637365857655 -0.188241656568658 0.00903141463062485
-0.31587935881339 0.0450821259273092 -0.0927674028108388 0.0643820551226233
-0.324882290422104 0.0982237848088501 -0.0801581992048743 0.0458278810557508
-0.216296901325339 0.242168645982807 -0.0798621144972273 0.0434599068690055
-0.053899557830663 0.317119642351931 -0.0246431068616045 0.0399635359378788
0.0924295115775008 0.286933705298412 -0.0108454171216772 -0.0115511814430036
0.184284993626524 0.214846307173984 -0.0286584342908469 -0.0263609176783206
0.236389317822673 0.12123958536402 -0.0501072915118964 -0.0381829329199932
0.23097396516477 0.0926931474954004 -0.0481446567125756 -0.0435732005321757
0.240417036735216 0.0735234206738433 -0.0544468798120219 -0.0414039119539814
0.253238245003865 0.15399092423299 -0.0531803089413425 -0.0600097999601279
0.186841659053773 0.23851778495401 -0.0307452929509997 -0.0706728943425389
0.106630693586413 0.338114120483018 0.0272024553311094 -0.0315441238911964
-0.0933568865599337 0.343845887964532 0.00258079019343039 0.0550112553070078
-0.290880306778709 0.218506958269998 -0.0438740895351714 0.0559531359724885
-0.353875220885643 0.124356158063245 -0.0664975810690742 -0.0126657717876692
-0.320259105077305 0.0650863094511196 0.0359440260640553 0.0590232648580564
-0.329126379029531 0.124121057205489 0.00376511984757153 0.0192011887544573
-0.216200910264335 0.263440080518527 -0.0595400425145321 0.0304754257374134
-0.0530467137610604 0.333852316504223 -0.0344728913724245 0.0563880685204291
0.0933913631943691 0.304127489489342 0.00444396107329616 0.0546691770745212
0.191087923940704 0.228722727676465 0.0329896736537446 0.0470024662202597
0.242412753011862 0.132807997507545 0.0419020191992242 0.0181411743972162
0.232257276039769 0.101807139703354 0.052620615194637 -0.00769221096134154
0.23591908253388 0.0825451297024121 0.042567248283582 -0.0108547002347615
0.245146249126656 0.158008367966511 0.0265132114253791 -0.0254989424489724
0.177265700198962 0.238079336560677 0.018289680978497 -0.0346375813002502
0.0974933183611573 0.323707833310347 0.0481835263664635 -0.0259127364099436
-0.0801585210192402 0.325861378452011 0.0279380644328474 0.0299866224964132
-0.264458038836645 0.219592502203989 0.0115445141087968 0.0111372445776032
-0.338885552650712 0.145049802869591 0.0553397146116119 -0.0465351161345234
-0.272150076925415 0.0808330933889342 0.168156361374732 0.0511805767869119
-0.268340166017341 0.132893822160659 0.0969813870430147 -0.00789779593393258
-0.165405496663684 0.235333644321419 -0.020891450314204 0.0160081750552479
-0.0335113747692672 0.279785063901538 -0.0295034946499711 0.0672382327781492
0.0809669224377252 0.259182806992896 0.0267667082018952 0.112792255745642
0.167035606608336 0.197429823862368 0.0964462223335294 0.112953600810376
0.209609982007975 0.11959791834974 0.130504956645367 0.0710681703598281
0.198937184558376 0.0963643032262226 0.145291758549765 0.0289990483222121
0.197376166436124 0.0841840838873468 0.129079224093149 0.0217903069692575
0.195728210882352 0.146815905110478 0.0961781180497357 0.0128262577069084
0.128129695599399 0.207474930160002 0.0595345800838202 0.00702445488335399
0.0528066465010703 0.25874614688579 0.0590393547429511 -0.0125177163542363
-0.071281913755388 0.245200198230448 0.0410633751260457 0.00774458627968621
-0.205367774783024 0.172606834063646 0.0529622102827405 -0.0310292754254191
-0.27410680511316 0.136524942424382 0.158331910410341 -0.0800854739012614
-0.176669234059922 0.0827054475095286 0.279951894747315 0.0381644522426791
-0.155829908357393 0.111595285271887 0.175870358032198 -0.03620507407091
-0.0808383205334761 0.156729790754399 0.0234248616054137 -0.00156713126618392
-0.0114560559334664 0.168296475409462 -0.0143322054422141 0.063857051643646
0.050589207142101 0.165911214748633 0.0499763047121673 0.1470955847464
0.112747399276822 0.13199993191743 0.14876985500214 0.156141301757199
0.143577098179679 0.0864068176181264 0.202534635471053 0.109631431794683
0.135169108205909 0.0755634223847358 0.217147412758302 0.060840225281676
0.13028531146628 0.0743148191957141 0.193201498828019 0.0552243419123285
0.120186062306685 0.115841161633697 0.142651292082545 0.0558254309836371
0.0617249658789737 0.14911973948905 0.0809727829571762 0.0517779773608017
0.000449759893345759 0.157064053256499 0.0540607389714096 0.00786271464931248
-0.0520319963501787 0.133361190630326 0.0428109067152059 -0.00809064187881896
-0.120119358487329 0.103262153075543 0.0782351801409352 -0.0583714914716182
-0.174539299935128 0.108950794568196 0.231443897642969 -0.102019063985316
-0.0509565804004343 0.065903271753498 0.350469607139341 0.0213605266921435
-0.0226366437865587 0.0592190218690465 0.224299960047351 -0.0679523615457674
0.00359226330485854 0.0449365708214083 0.0584798181453346 -0.0286423360326088
-0.0018593942727554 0.0332326128791764 -0.000557547026753307 0.0459450210589974
0.00592710890769538 0.0546367801544525 0.0660000579362231 0.152888390111778
0.0366401246820444 0.0510905437209032 0.178973026425977 0.168005901542506
0.0520424281077767 0.0432226956401361 0.244090739951731 0.126713225504603
0.0507782203577178 0.0435891147359738 0.254999445804481 0.0836742802524911
0.0478603250930952 0.0493802636938913 0.226617456797082 0.0860100638857524
0.0369540027029145 0.0632836527916395 0.162186545230118 0.0972778270023672
0.00306860939564925 0.0671386168927277 0.0800572395938694 0.0937617329219221
-0.0277743903768122 0.0413177206275786 0.0340784758734853 0.0253773113808322
-0.0102782393555781 0.0251515117928048 0.0385646121692935 -0.0213462062652038
-0.0170324776449003 0.0434171457436067 0.093473659589166 -0.0716522073425422
-0.0523876971839468 0.0775158026119782 0.266955513562628 -0.111992576206128
-0.0684717433479344 -0.0225935194422118 -0.277244700556228 0.0871559811832988
-0.0818811144543604 -0.000530076307047572 -0.144719426506577 0.10570410715966
-0.0487987372561984 0.0615147871760674 -0.0399658734282974 0.0411914756572957
0.0142467482871825 0.0646283465251236 0.0110864538685243 -0.00726079129398584
0.0362110877900087 0.0310295468996092 -0.03774271125922 -0.108512585125409
0.0340199820956941 0.0146803558356149 -0.133434024652823 -0.131646067091502
0.0359387550429806 -0.00456006432953181 -0.208907814954245 -0.119950850623264
0.0405118719499024 -0.00276067774302275 -0.242894868555509 -0.101461672291134
0.0504227343095871 -0.00175551336585657 -0.239178101673187 -0.116697828962605
0.0554108082422326 0.0274797610655824 -0.183316419918751 -0.143542232536192
0.0403625013484538 0.0517313094962925 -0.0914861168005802 -0.140854585465357
0.0139266747801676 0.0887271832277443 -0.0272551401492849 -0.0446193719161941
-0.0645609397570939 0.0727950991685948 -0.0723968887305649 0.0384231997543983
-0.104288596798991 -0.00645929779189072 -0.17900864677624 0.0461864458928102
-0.0803452252245648 -0.0373133609739553 -0.335918389761236 -0.0326914321306221
-0.172494899490182 -0.0046180928311275 -0.257792848877183 0.0755391534335775
-0.177448577051094 0.0259335628834583 -0.150298139412386 0.0904051168340086
-0.114320083757023 0.12389772318226 -0.0552787113578685 0.051741239557882
-0.0125915405242957 0.15437593778048 0.0122694059870279 0.0104098376903892
0.0565811725852202 0.124944326511337 -0.0195467861434789 -0.0954592322342703
0.0926034514692221 0.0913321960877318 -0.105736176685052 -0.122400446519604
0.117643791842472 0.0460521879067289 -0.176758536071918 -0.115045339529215
0.123577296741657 0.0411118923150344 -0.204323282860401 -0.0951327629022434
0.135249668316032 0.0369758462800734 -0.205455660061284 -0.0981521965858325
0.138661923423633 0.0939674236725485 -0.165452112536281 -0.12059898755677
0.0922134931743043 0.144049988747226 -0.0894810191014321 -0.121726390044752
0.0330210503753282 0.202468946733896 -0.0178931589296723 -0.030552710552583
-0.105813352567669 0.185493171977229 -0.0626652475159465 0.0626561437923139
-0.211749680048179 0.0716687444933961 -0.156218050039446 0.067811160495141
-0.212268857427716 0.00996175672669764 -0.279762182887964 -0.0141910303528238
-0.257560632259133 0.00944358092139805 -0.196696983227974 0.0696685157683045
-0.262086117855017 0.0487294363587486 -0.129681949192795 0.0710125416214153
-0.178566822855668 0.176183395000187 -0.0686089347021947 0.0536974648700078
-0.0452131939093699 0.236251576284467 0.000142859035586421 0.029136337800471
0.0668825943354924 0.214411087647011 -0.00762925037936303 -0.060729777244063
0.139017923861572 0.164286587805971 -0.0664264114592938 -0.0865118517065111
0.183228496477858 0.0944828922211342 -0.117939197692309 -0.0864175663417583
0.188210654856317 0.0781605322256708 -0.133460112696195 -0.0738012983021323
0.198876080712611 0.0640528567722298 -0.13892531340982 -0.0701968584551451
0.207118219516485 0.136759619237997 -0.11945020706909 -0.0874150201815725
0.143813321651241 0.209051157829778 -0.0709888880148467 -0.0923738171345954
0.0675893220187251 0.287593533984223 -0.00179269416651545 -0.021514843632943
-0.11454253104785 0.281683695549215 -0.0387075177243866 0.0677277549472634
-0.275665036887907 0.15115705928836 -0.109109942155627 0.0686383173775934
-0.304634113489746 0.0664554774783208 -0.184076650126929 -0.0108969402676029
-0.3093286971817 0.0250898792285587 -0.0964354077561116 0.0700280305716048
-0.318871675252049 0.075217176586418 -0.0747993882057829 0.050103227748547
-0.221468024282388 0.22056881988417 -0.0677557762112502 0.0466544252390759
-0.0666754965813246 0.298986977586703 -0.0160815207935652 0.0473857766373187
0.0728579957312068 0.278761648898218 0.00160227739106032 -0.00694789453495853
0.168825445666968 0.215454888438458 -0.0172681936433588 -0.0263879439071256
0.22230335531738 0.127972189682418 -0.040385592584634 -0.0391689442163726
0.223016193301704 0.102362279329344 -0.0432774374150817 -0.0426503646004198
0.231328993010789 0.0805988121336946 -0.051801315587321 -0.0382066915846465
0.243607354024312 0.157533428217777 -0.0508325137260594 -0.0530766202388449
0.174977904669739 0.240598973612801 -0.0337280766248262 -0.0586168537219664
0.0922657849798593 0.328118000028739 0.019391003918574 -0.0165893792215996
-0.105667050744983 0.330863008923556 -0.0092873319493853 0.0553802707274814
-0.291347656128669 0.202132968146021 -0.0509279975585161 0.0435553712689799
-0.343830091741524 0.111441201269971 -0.0682122923398828 -0.0261932890724236
-0.31587409285248 0.0422022804939462 0.0277843505766759 0.0720936785623092
-0.325846300357596 0.0999662689502994 0.00752561619826342 0.0282818599797812
-0.224235127632105 0.240500365685393 -0.0475338905141588 0.0354823302842748
-0.0674155113523927 0.314207130151078 -0.0259017014143457 0.0635686072065886
0.0735286227258221 0.295442159555314 0.0150772706365278 0.0567541762740945
0.174683060661779 0.22851394628904 0.0394592085618947 0.0452153892150605
0.228790349759307 0.139671292961027 0.046555286709972 0.0180140068184534
0.224060437378002 0.111895543800032 0.0526228847993035 -0.00590083861493166
0.226694883049731 0.089589745289191 0.0408756879645483 -0.00624376277578821
0.235385763327859 0.161289581167196 0.0244222852021954 -0.0179336587849519
0.165892833684703 0.239482468541668 0.0120893319419933 -0.0225062869467713
0.0841341224475718 0.312965919515839 0.0387126932614141 -0.010877388486176
-0.0902839590076532 0.312636630698895 0.0157414862382052 0.0323456658970672
-0.265018715919734 0.203396079551789 0.00454012962740232 0.00445119682624974
-0.3286010742395 0.130579104674964 0.0486941708753511 -0.0510874792721104
-0.270992423592948 0.0591224543756744 0.157196270162337 0.0697811138321539
-0.268730221528307 0.111295497317472 0.0981953698442751 0.00513262007655441
-0.173482646230801 0.216745551367502 -0.0111576909438137 0.0222775756630459
-0.0459690470957174 0.264643932131915 -0.0236957049033132 0.0727911041413807
0.0646917614868989 0.251831857680733 0.0324121501822936 0.1124384474199
0.154053482512612 0.197671797048037 0.0965372474026698 0.110163326764333
0.198723294016813 0.126189672627805 0.130150676871618 0.0719504289278081
0.191977544902118 0.104681654101445 0.140185214505156 0.031758330172065
0.189937962245174 0.0904987343608415 0.122939927912804 0.0268558128742738
0.188336809693161 0.148868486784483 0.0904589519408505 0.0194022090014329
0.119437118273877 0.208392707718614 0.0512746795166973 0.0162317105840094
0.0435298395348179 0.249361198785131 0.0486393451540712 -0.000245422644687124
-0.0782508794134691 0.234848123237386 0.0313728380906919 0.0113602336053255
-0.204200543593564 0.15898576140322 0.0471967847099279 -0.0317671860273931
-0.265806644547741 0.122543621693737 0.149425069134869 -0.0753836677864248
-0.178517581984478 0.066474563087939 0.266555895983926 0.0595387936409496
-0.158935704646854 0.0970307628763782 0.174223433642352 -0.0220716250061637
-0.0875894361319148 0.14542765325163 0.0291388716672048 0.00385871041825704
-0.0194033496585774 0.159157343982445 -0.0123012830987857 0.066484046705033
0.0412570282432403 0.160729248335959 0.0491715878296416 0.144712693849886
0.104009332771964 0.131097310742198 0.142119544093043 0.153179484595534
0.136687163002284 0.0911679052255375 0.196873405976895 0.11095773588171
0.13023605302337 0.0816302445001623 0.207436665077815 0.0636741896522742
0.12657953673807 0.0786390672943044 0.183414187116143 0.060139031691214
0.115580399423916 0.116899031711901 0.134405239146953 0.0605481600937058
0.0564163212081431 0.148391249836697 0.0713709492702012 0.0571297509771422
-0.00300523515564939 0.150566352822563 0.0440386116062924 0.0139297577559446
-0.0545078836338491 0.126932333817894 0.0361170518071477 -0.00527095100420017
-0.119200731857483 0.0949993355130409 0.0748848192960434 -0.0547951196276396
-0.16804619361345 0.0980640107081468 0.22147926004323 -0.0905034659781646
-0.0551239634705807 0.0574775914217064 0.33721275773106 0.041431335906953
-0.027310958793508 0.0544652341337644 0.22100401980912 -0.0532225564291674
-0.000250704008330362 0.0423891085159838 0.0588124558572208 -0.0237686558593421
-0.00300370700292163 0.0308058146299172 -0.00236786731301458 0.0460079662054
0.00408616833122839 0.0516014631345801 0.0590307194718797 0.150119154473171
0.0340088972027337 0.0494351230332324 0.167792180456799 0.166268409615276
0.0503516545011283 0.0450919837027098 0.233305694245654 0.128006559498037
0.0493093148478648 0.0458697180621551 0.243304454435249 0.0862735254289659
0.0471427946622538 0.0512559042263801 0.215266952223434 0.0888619559712958
0.035528109795826 0.0634157382093311 0.152329077995134 0.0985902525851937
0.00164627032855588 0.0665484610205582 0.0714127390112138 0.0933613413849885
-0.0270079477008448 0.039271242519901 0.0276019124291694 0.0256834905477376
-0.0100755799148611 0.023774313283652 0.0355409405600982 -0.0185585031939895
-0.0170685541626082 0.0400583670524759 0.0912793157546841 -0.0640626747257009
-0.0504613632577068 0.0708570262716725 0.258129809972128 -0.0945078447682363
-0.0667487647993028 -0.0233883862998075 -0.274294845318668 0.082228986110288
-0.0810939695264646 -0.00140060891897855 -0.144014397264068 0.102461943619869
-0.0475010726108353 0.0600315254574332 -0.0395396877035216 0.0403057523388882
0.0137273680468558 0.0634649576769143 0.0129180432313281 -0.00695741633633475
0.0354986567743249 0.0297278373048354 -0.0353012138270415 -0.106057052439768
0.0333445814651689 0.0144920144492089 -0.13024086609566 -0.13023570453362
0.0354282547751096 -0.00450790786796747 -0.205875396323791 -0.119581396358212
0.0393340144759409 -0.00305993536922662 -0.238489994935871 -0.101968308070619
0.049389880312437 -0.00223198672685683 -0.234662338251854 -0.116921520509288
0.0553074521557848 0.0270541954632136 -0.181636564328195 -0.14423820676992
0.039753460124906 0.0518213548316066 -0.0891501906404031 -0.140832843679893
0.0132674119219015 0.0878535596745868 -0.0257242562280821 -0.0460239049574252
-0.0650438556284084 0.0714336093803989 -0.0703400260713515 0.0361218892609509
-0.10295696990451 -0.00720633726659812 -0.177249075441034 0.0408852506144879
-0.0785143703227524 -0.0379523254420296 -0.330183514784132 -0.0363739872379377
-0.168355261170638 -0.00664863796090374 -0.255609854217483 0.0709715741048228
-0.174840712245295 0.0234443596956766 -0.149126686165457 0.087292098700131
-0.112108854907749 0.119911059952574 -0.054974102937205 0.0498769796861326
-0.013930256985254 0.151900612109161 0.0132112910959282 0.0102579171226437
0.054479888806243 0.122420318688591 -0.0182614983579007 -0.0933321072769764
0.0910071816851573 0.090176166863295 -0.102332562326778 -0.121123452168636
0.11586091058104 0.0462495524657887 -0.173847173016282 -0.113199552264805
0.121373093632596 0.0416560382490512 -0.200579997221688 -0.095439476505815
0.132636083388457 0.0373885810732243 -0.201871220177145 -0.0985234016564399
0.137013428282944 0.0939896852574476 -0.163741742175374 -0.120943486446313
0.0896279663009608 0.143655333481657 -0.0884447571165647 -0.121462587659541
0.0312811766951773 0.200535181970852 -0.0174546363001335 -0.032816882755834
-0.106956202036304 0.18220607173193 -0.0605580786330746 0.059218241198836
-0.210542784661385 0.0682219481161876 -0.15507312670655 0.0627970478027043
-0.208416472401555 0.00611302914129479 -0.276217987693419 -0.0178550283997451
-0.25089510202051 0.00696649065835268 -0.195558419965107 0.0660450194957894
-0.259271604595115 0.0443655229470235 -0.129097556768356 0.0679149198410444
-0.175712337259193 0.170022829276263 -0.0682927292930638 0.0511337818900595
-0.047721649393994 0.231493151272557 0.000915631806997009 0.0289024756038327
0.0634852095892392 0.210534403477016 -0.007487295034017 -0.0594124130086258
0.136340927870882 0.162666392647523 -0.0642819629425086 -0.085318354065094
0.180107863760626 0.0947523663514356 -0.115972149033507 -0.0847959341617742
0.184894010821486 0.0787412946796908 -0.131792948414938 -0.0746901419704513
0.194859036942632 0.0651179395554766 -0.136459279502135 -0.0703231201944651
0.204114447486348 0.136209037283167 -0.118117347759653 -0.0878421869109477
0.140052084396662 0.20858102615517 -0.0699582594941162 -0.0915546391591429
0.0646131493306182 0.284984500917879 -0.00270212755941265 -0.0238697432522051
-0.116860423486512 0.276593966492656 -0.0370237148244326 0.0649684979378546
-0.27437671444095 0.145968708949054 -0.108048929781961 0.0647064318167695
-0.300202001798904 0.0594133355092229 -0.181673437795489 -0.0141687876291864
-0.302152844165718 0.0206950912511794 -0.0976871867418522 0.067827809417748
-0.315373993956744 0.0689535929910979 -0.0751475126250038 0.0484231563431726
-0.218964618766292 0.212549873922783 -0.0680143019883251 0.0445002113975706
-0.0686684176307738 0.2930111881056 -0.0160692505323999 0.0469874799436419
0.0688721462917602 0.274275544425176 0.000658962994925727 -0.00711253544805259
0.165021483093368 0.2132186111863 -0.0164542064081811 -0.0260443466529701
0.218203991056136 0.128515824127432 -0.0390471427589506 -0.03742823685849
0.219608493006152 0.103793432792668 -0.0433489653226783 -0.0433688659912414
0.22678056926496 0.0829533304406009 -0.0507339392236047 -0.0383438359211535
0.238901629642906 0.157405470678153 -0.0513415686943916 -0.0525210070755615
0.17094817734644 0.240190274924003 -0.0336684044305834 -0.0574641508114589
0.0884260914341199 0.32458103506472 0.0172280292314315 -0.0186067114530455
-0.107506524550281 0.323900145099653 -0.00837274225076412 0.0530657349982449
-0.29063871244619 0.195212698831727 -0.0495070307414697 0.0415915632199228
-0.339156360981596 0.10255129580621 -0.0675735946380583 -0.0279034861068288
-0.308788590002484 0.037291298680074 0.0248338227634365 0.0713791934184651
-0.322952463448863 0.0929379597345433 0.00629502458399919 0.0284414923791863
-0.222162731661979 0.23214505837732 -0.0474682263091771 0.0339377285638266
-0.0696730892058855 0.307850078556632 -0.0260654210691548 0.0629515054283285
0.0700743332685337 0.291716484182492 0.0121762997708162 0.0562581510716472
0.171611677959825 0.227190621263514 0.0392250031021997 0.0448795221258278
0.22436895770982 0.139872129141707 0.0468083649093881 0.0189529231260434
0.221102927518573 0.112800991388653 0.0509862767715238 -0.00594212351894992
0.222891213001102 0.0925125235708271 0.039314419104199 -0.00605443393292849
0.231706075714364 0.16108367838185 0.0227447391457412 -0.0172744648619321
0.161542897436014 0.238881871748585 0.0110906198035786 -0.0209801232984558
0.0807768931703277 0.309959986813109 0.0357744166231281 -0.0127073482903238
-0.0935846110313746 0.306281496153347 0.0162747237234401 0.0311595498981025
-0.264503295490677 0.196631057358636 0.00537266287680402 0.0044170566072491
-0.323547631167034 0.122359068592244 0.0483962569165338 -0.0514796447547677
-0.265001317217234 0.0546531455960182 0.151701388175132 0.0714559598788494
-0.266463472284723 0.105085459460424 0.0961184621604056 0.00604734009245378
-0.172788445428357 0.209803858896451 -0.0115739245571207 0.0214651362868084
-0.0490442988355174 0.259678784294557 -0.0245548752114282 0.0720633736471978
0.0616977064191346 0.249022654145351 0.0288808700329613 0.111066827510566
0.15033697506476 0.196206612952716 0.0949455353151138 0.109364339979852
0.19511707853086 0.126315611737053 0.128846793366399 0.0727269487579392
0.189391157340144 0.105458871169333 0.137203264892012 0.0313035592830852
0.18662637401869 0.0926386192653271 0.119928803815533 0.0275514634398468
0.184388596240939 0.148146906832984 0.0879698898165884 0.0205512917179004
0.115422965275502 0.207146874474618 0.0494722785861892 0.017364791459089
0.0415959297750777 0.245507690202774 0.0455425350032929 -0.00152744888016265
-0.0793700911962191 0.229880130965011 0.0310680590522918 0.0111288009498193
-0.205232481536348 0.153694877522058 0.0479772361598508 -0.0303227156624774
-0.261871688913039 0.115699967135346 0.148134828127019 -0.074587700481122
-0.174853405298995 0.0632094260273346 0.260352760127216 0.0625239527828724
-0.15753465947305 0.0931954837921557 0.171812855203251 -0.0189919035630395
-0.0881072731894322 0.140468897592459 0.0282212872028244 0.00436655835035081
-0.0212610907587611 0.156003530075685 -0.0137554705910797 0.0663279943463105
0.0392894325089165 0.159504847605736 0.0456864579125146 0.143061985861657
0.101583481450576 0.130148414682403 0.139954581697128 0.151657717145236
0.134289867600349 0.0911249588157287 0.193937112868062 0.111067750095049
0.128605529351627 0.0821784496205991 0.203306596954273 0.0638938688003428
0.123917324877339 0.0804581182747089 0.179619801926893 0.0601976152715314
0.112483285194949 0.116502324529085 0.130979193974025 0.0610404595927378
0.0540111987122259 0.146998758995326 0.0691321662119792 0.0569730018841944
-0.00389710002250498 0.147576229716054 0.0409385376861663 0.0133339454416045
-0.0550710723641979 0.123436063992917 0.0353675051910604 -0.00461493803247924
-0.119246692975726 0.0913311018665205 0.0753062195706602 -0.0520988996347797
-0.165503058423146 0.0940012614838472 0.219636135000424 -0.0879229022919142
-0.054191066025916 0.0559556396591084 0.330052039083914 0.0452622510363978
-0.0264718448310484 0.0534773536379946 0.217695436333521 -0.0498206718461432
-0.000916370851842427 0.0414006417262047 0.0581553963119691 -0.021725302686484
-0.00397107595652132 0.0299931819448727 -0.00425074348289875 0.0466979947856842
0.0042292608263062 0.0516391150890956 0.0565946610626487 0.148886414216191
0.0333070945693086 0.0495164806265463 0.165380315767437 0.165187384840818
0.0497769768438049 0.0450424244704565 0.231133451658029 0.128365603122618
0.048960233422851 0.0461917228831219 0.238493990681044 0.0865955779450255
0.0462153186680732 0.0521147644197314 0.210693890940796 0.0890745114931514
0.0343979516639153 0.0629450178548508 0.149045037853688 0.0981071197494825
0.000946997918698172 0.0650016412922326 0.0693777061797319 0.0926189633997596
-0.0268958709382298 0.0376559080424199 0.0244128811290232 0.0254188993928913
-0.0096975052770708 0.0223013639346175 0.033721674490762 -0.017611818222688
-0.0176556219873065 0.0387252845156275 0.0918674337207183 -0.0607332042816536
-0.0495762536325736 0.0691758679173737 0.255590109202765 -0.0912604054714857
-0.0665289583446079 -0.0243521482625222 -0.278839223288647 0.0805678024175678
-0.0823203729070342 -0.00265481504874265 -0.146774403616482 0.102627194463004
-0.0472894162585015 0.0600529506408559 -0.040210177075099 0.0405686229027441
0.0134577699933421 0.0645685006512187 0.0148642853138989 -0.00724128698411818
0.035210523792405 0.0296080875786696 -0.03391500607262 -0.107102526393112
0.0334312687898071 0.0146618689306375 -0.131139308798402 -0.13199114192743
0.0355202464162433 -0.00395951287312788 -0.208209208492407 -0.12146935770369
0.0394531416553667 -0.00316777871536722 -0.241054275274053 -0.104956161417702
0.0498697411797998 -0.00253614865494734 -0.237356247391742 -0.119972069469736
0.0565760491706664 0.0277604372166048 -0.183394829706562 -0.148489065361355
0.0400566163955761 0.0536307900664064 -0.0900718954598815 -0.144336477053416
0.0131753309202199 0.0895528960967345 -0.0250045138303129 -0.0489095531159841
-0.0673603304765383 0.0718507923370352 -0.0699937296329426 0.0341151845957373
-0.104793745599757 -0.00794599910873148 -0.180170517006615 0.0372788172860695
-0.0789115134248214 -0.039479286893575 -0.33445477812804 -0.0395682034135709
-0.168996767860913 -0.00847494592135702 -0.260141966972953 0.0693439591127477
-0.177599949267305 0.0216719865413805 -0.152162423278875 0.0867616322216657
-0.112866647916219 0.11893270037661 -0.0563100582790368 0.0496071861939626
-0.0147858062500402 0.153261035727223 0.0147238766638366 0.0103794998884136
0.0537970339277379 0.123471683846441 -0.017771763188637 -0.0940998954238269
0.0919517962394478 0.0919582548161072 -0.102777123416619 -0.123118722718865
0.117018388368222 0.047880483636484 -0.175626001548922 -0.114661842368493
0.122960279339407 0.0431962467193249 -0.203205904200187 -0.0980033070189742
0.133347620027815 0.0388180088330158 -0.20440616868509 -0.10195551961833
0.139068468315716 0.0956101371752056 -0.166323039866658 -0.124319656947793
0.0900396433911013 0.14714286456341 -0.0898933115807299 -0.124117787717163
0.0307026457953724 0.20390701052192 -0.0176404464091269 -0.0359638000547304
-0.110911784060573 0.183651126994717 -0.0598319423298052 0.0577831647158954
-0.214927053296513 0.067244849089589 -0.157289379695807 0.059984420475702
-0.210742547197126 0.00339873270922001 -0.278579288895779 -0.0211749505705412
-0.252095624045027 0.0037851899894478 -0.199716924932472 0.0650389050945571
-0.262766862502335 0.0413772410105822 -0.131763004231406 0.0671637599180859
-0.177512786702788 0.168213945393193 -0.0703642403205743 0.050702655144581
-0.0494554656460835 0.23354418341761 0.00147220890230651 0.0287378700178604
0.061941627719989 0.212525477705007 -0.00812479054055009 -0.0598503786905421
0.137118504531018 0.165243894217183 -0.0639567172657885 -0.0871933556851097
0.181771172654297 0.0973538244621112 -0.1166873942504 -0.0853948111534497
0.187227322093829 0.0815954116259405 -0.133481915145782 -0.0769218782057703
0.196230190696155 0.0683299651783427 -0.13776644379041 -0.0722521565893637
0.206932433954102 0.139442279417843 -0.120779719720187 -0.0901405536669631
0.140562022360129 0.213598695409181 -0.0708241673687167 -0.0938880841804138
0.0634361841557685 0.289179085469836 -0.00362164874436092 -0.0271643155664523
-0.12181516640435 0.278398101243183 -0.0359500678780777 0.0636985282009956
-0.280733214155817 0.14454892840684 -0.109334281342968 0.0629937601618868
-0.303976520017353 0.0551932422421922 -0.184738243263394 -0.0171860633102563
-0.304102688229303 0.016699344857075 -0.100703794138022 0.0675016997257367
-0.321011874642113 0.0663024671885658 -0.0771373289509915 0.047924300598172
-0.22230640899873 0.210337338733975 -0.0702529494763825 0.0438916579366699
-0.0725258685066706 0.295574277544745 -0.0161540190122075 0.0472341455486373
0.0670182268888569 0.278557233615048 -0.000597853563171327 -0.00646496509190957
0.166312798674899 0.217276851064541 -0.0157968938052263 -0.0270864399310836
0.220672377315987 0.131439949786661 -0.0387424096537596 -0.0375715684381065
0.222593116606616 0.106967617425555 -0.0444361842458185 -0.0447083527771119
0.228563030283184 0.0871057642497785 -0.0519543256434267 -0.0394363581250046
0.241328448245954 0.160943174611196 -0.0531086079582861 -0.0535407086530865
0.170827186390746 0.245591881270182 -0.0348771171457106 -0.0577347021666075
0.0877529274651105 0.329692314128913 0.0154798131320347 -0.021279503571709
-0.112425816192291 0.326411202188349 -0.00736645578211367 0.0522583058261728
-0.298133689194282 0.194263039641442 -0.0497266334695483 0.0404916243576498
-0.343056134789606 0.0984778079700836 -0.0682474569857653 -0.0302437779526744
-0.310501367447809 0.0336270160858396 0.022494718867533 0.0734503419178726
-0.328300077365 0.0899034247037712 0.00536094799807072 0.028565836144614
-0.226548049751573 0.230217148188427 -0.0494359961870852 0.0336185002867947
-0.0744914036330047 0.311204697179171 -0.0276594966879923 0.0642773576987331
0.0678239310896498 0.295441356443338 0.00993045369416152 0.0571791020607052
0.172708292907826 0.231104744795829 0.0398717343346637 0.045068984749453
0.226747511269933 0.143527556343549 0.0483216952412298 0.0202424060106716
0.224232309188779 0.115924758798619 0.0498991333445266 -0.00624409369747187
0.22483253958162 0.0972514069633339 0.0393021763170305 -0.0059574309376758
0.233420283458808 0.165385849009236 0.0220428487924082 -0.0168340132903219
0.161295632014514 0.244705773988808 0.0111365769686322 -0.0205643646746744
0.0808597298676903 0.314062440981518 0.0335963502907103 -0.0142722939294076
-0.0973463238611145 0.308657402900765 0.0174866671514811 0.0309775181592675
-0.271792692245909 0.196138233928942 0.00667310825172 0.00414077105359514
-0.327862309328971 0.118068412417513 0.0493368797879821 -0.0533450599109616
-0.266968599175059 0.0516339466100761 0.151658689469512 0.074356598750186
-0.271693499792811 0.102716449798164 0.0963251438633681 0.00766982313249199
-0.17632811759855 0.208500973290433 -0.0127846960670946 0.0214965078913987
-0.0531720580190507 0.261991459894648 -0.0259201229336697 0.0736979796451546
0.0602757026751519 0.252517449147932 0.0260500784036579 0.113137584023637
0.151779843748539 0.199804012545739 0.0961971332754235 0.110909931386146
0.198191428411673 0.128904069121021 0.131939517884398 0.0743080114553239
0.192481304794824 0.108456372891825 0.137358410745538 0.0322151084106238
0.188504164765697 0.0967837128185404 0.120960688167693 0.0289124037618019
0.185989362173798 0.152263451569292 0.0881125715868852 0.0216829116877593
0.115901526886312 0.211554944980444 0.0489790827694956 0.0192915102785587
0.0405728589162941 0.248344707290722 0.0432612162443117 -0.00223139182049549
-0.0828183715232262 0.231055871980067 0.0320378232678127 0.0107402976909867
-0.210658810416697 0.153244912458919 0.0499797957823135 -0.0298620399667252
-0.265175111927737 0.112694361127194 0.150256867948616 -0.075493638361824
-0.176184706560411 0.0615872965793564 0.26077653896726 0.0672470427488252
-0.160888312375337 0.0926294052317084 0.173562618236952 -0.017308372683031
-0.0907589866245558 0.140283931580699 0.0283674696461353 0.00473884901891903
-0.0237248341532061 0.157776734842238 -0.0151201218248422 0.0683139341258911
0.0382188940033937 0.162245984868707 0.0430714419806975 0.145638430869306
0.103389749396862 0.132690753802696 0.141836040612966 0.154510007374904
0.136295261297134 0.0930424412043034 0.197685775008104 0.113134784582761
0.131564197884696 0.0846017971688881 0.20457989489928 0.0657612949596293
0.125368324207532 0.0832244371493643 0.180851696260392 0.062798752250912
0.113303200766663 0.119458687933366 0.132011091331929 0.0626711135683728
0.0538371515735236 0.149274389972076 0.0690055786487777 0.0589961969496686
-0.00471162551374906 0.148300820362719 0.0385942428349732 0.0131759313895481
-0.0564786379157163 0.12367048664801 0.035559935083509 -0.0041055857109448
-0.122704360354489 0.0911597085236199 0.0780516580010025 -0.0515657710524698
-0.167660452253242 0.0914804680175704 0.222848911222486 -0.0890784797028218
-0.0544840674538433 0.0558422412601762 0.331905387711419 0.0501109008631604
-0.0271318602296194 0.0536318300919173 0.220602140122557 -0.0471310870199647
-0.00131304336616424 0.0411831422806588 0.0588307746827171 -0.0206107780058748
-0.00507173836125459 0.0296961205858113 -0.00541902054234858 0.048891518375189
0.00411152625568694 0.0528446419266566 0.0551215959691914 0.152023691105463
0.0338021661491434 0.0501938679210911 0.167146851835865 0.168438631345184
0.0501323414770569 0.0456282048066752 0.234098681723455 0.130449517382299
0.0504823435888149 0.0473348374376877 0.240727929963973 0.0888300680402433
0.0473076459553942 0.0537656391624353 0.211580813460439 0.0914617309752599
0.0344879037032301 0.0643332294473141 0.150440562231473 0.10046983678815
0.000351687207641531 0.0657493003188023 0.0690051126614643 0.0940056934930848
-0.0277181818127124 0.0378099767347638 0.0225558190859562 0.0258005601428683
-0.00969672497186676 0.0218071033146326 0.0331508002144901 -0.017218312010861
-0.0187688382116334 0.0392641888410927 0.0938997890557969 -0.060129110273637
-0.0504025254474531 0.0684672666651874 0.259644010912386 -0.0910627066069883
-0.0683274049150135 -0.0248124393973758 -0.28643952756425 0.0849931432307007
-0.0855596059758193 -0.00188326223806305 -0.149906278732773 0.107165106426899
-0.0470268953401476 0.0622190126872675 -0.0405584084848866 0.0424744600511832
0.0155052004712282 0.0664890225062395 0.0166003792549712 -0.00767627785079482
0.0359262380363296 0.0297697594608692 -0.0350604847459129 -0.108784274161587
0.0346473618638462 0.0145792106841157 -0.136599887440521 -0.133496547830418
0.0362604099238832 -0.00449747766546182 -0.216853175380962 -0.120661896058241
0.0401161785549759 -0.00378573551544873 -0.25037462898771 -0.104325410222494
0.0506976844971562 -0.00402101516215488 -0.246877439469353 -0.120976429469325
0.0594474169205556 0.0272285542394642 -0.192936707127316 -0.15146615775664
0.0423287253564512 0.0552375443672784 -0.0954654793855776 -0.149498460730432
0.0150009683933572 0.092846346373791 -0.0262174733305963 -0.0520062694851989
-0.0691370026540926 0.0753744670463807 -0.0701255316917513 0.0337682372833039
-0.108135796910112 -0.00693950584341316 -0.186070852473448 0.0379655244028346
-0.081947639541908 -0.0401371886073011 -0.34513546218179 -0.0374354167084219
-0.17219154265281 -0.00768573114063171 -0.267213892722002 0.0729080433829166
-0.183371470500696 0.0238216495601724 -0.155945500146909 0.0905428016406214
-0.113518757350939 0.122516007972127 -0.0575180207436827 0.0511064336969087
-0.0130790581005264 0.158365226445459 0.0160964512156983 0.0101506760726485
0.056528782114617 0.125979030968268 -0.0192052185070651 -0.0960213378325405
0.0963270700008425 0.0932152860503517 -0.107579399533886 -0.12508082264537
0.121748182862937 0.0482311522700049 -0.182525876808742 -0.115306994427024
0.126737672563316 0.0426829287954176 -0.211217428523371 -0.0977392664910287
0.137529973285866 0.0383975945283831 -0.212327913886672 -0.102083521861546
0.145487615112595 0.0960629417485762 -0.175119238549439 -0.126336821471521
0.0946428965327639 0.151869330034549 -0.0945243181625806 -0.127969857800184
0.0347387321255991 0.210332031430283 -0.018919690123786 -0.0389035912700663
-0.113481048485819 0.191190517818343 -0.0593457565252989 0.0579734612337134
-0.221967832186619 0.0712871402189676 -0.161474601975264 0.0613386330194948
-0.217323604199209 0.00430364767137927 -0.288597247858691 -0.0184093009644209
-0.257214063562976 0.005385937627721 -0.205719456070002 0.0688693565958222
-0.270969647875937 0.0452563939983508 -0.135837200015919 0.0703129022420845
-0.179189344352229 0.172992134232079 -0.0730689020707695 0.0526938169376314
-0.0483916903157753 0.240880435173743 0.00284207487638047 0.0298622208486632
0.0664593912052296 0.217965264950138 -0.00922974410800972 -0.0609557865200566
0.144324266005728 0.168485185693394 -0.0672267173983275 -0.0884371573807496
0.189040438813757 0.0980306638758351 -0.120662962841155 -0.0857806379266086
0.19446128920794 0.081417027037099 -0.139605746863101 -0.0774060636862589
0.20343243898476 0.0688655036692195 -0.143436754539316 -0.0731130518562844
0.215454484494996 0.140512322084187 -0.127930939747095 -0.0911752592505408
0.148022152539813 0.220559964291679 -0.0753685329246497 -0.0956471332968622
0.0699778736596594 0.297669840514331 -0.00571843318783006 -0.0301477844714839
-0.123701519160694 0.288935811254439 -0.0348092226899897 0.0636984546832641
-0.289286360722253 0.151163059969928 -0.111787301020062 0.0644055178208739
-0.312597302711625 0.0589094907222567 -0.190342510914777 -0.0161651096386513
-0.310033758691354 0.0188875543135496 -0.104565291994333 0.0712072130799413
-0.330793889616129 0.0703947741839222 -0.0799221943158741 0.0499186730721867
-0.225557480976016 0.216656357280699 -0.072640431009788 0.0458178093622342
-0.0714796230770539 0.304530381468845 -0.0156250736450679 0.0496124990181263
0.0717485248150126 0.285881511603669 -0.0026928120901979 -0.00609004314752398
0.175259140692004 0.221479207196725 -0.0171058320608663 -0.0277866678597895
0.230209047459509 0.132712801103562 -0.0393353922154014 -0.0380452559956475
0.232145684486594 0.107350158206275 -0.0474999246505573 -0.0458246701956976
0.236098696302035 0.0882923289605201 -0.0543394854691795 -0.0398646860395438
0.25158481182493 0.162964197642773 -0.0572502708847697 -0.0540122881674817
0.179386080687907 0.253343110297785 -0.0374451888467941 -0.0592029507914288
0.0957582724684673 0.338721810897302 0.0130082440901162 -0.02405475226377
-0.113221914557826 0.337689340629558 -0.00506892568239556 0.0517958606183885
-0.306636553261994 0.203425595988472 -0.050237340159285 0.0412932576702741
-0.352457996548952 0.102171059153868 -0.0710226707978015 -0.0320531071825496
-0.317332054468256 0.0364772615114303 0.022482931069249 0.075932796172394
-0.338950406365645 0.0956028660036081 0.00491047119084406 0.0298336887819126
-0.229802707198204 0.236239195701288 -0.0517665785063593 0.0355050426148982
-0.0733839136202874 0.321849784778537 -0.0270330902184144 0.0673575032417291
0.0728558035816338 0.303994860956892 0.00889991915267485 0.0593641947643719
0.181894917943452 0.23558480135743 0.0412029467631777 0.0457068891167937
0.23681667525555 0.144777916053159 0.0511082757794582 0.0195465237059369
0.233514487026363 0.116662500019761 0.0500014594445683 -0.0079520758802937
0.232809518999159 0.0985795394525321 0.0399009311896322 -0.00594838942974938
0.243385939645682 0.167564270306745 0.0208167756479708 -0.0171738273629448
0.169663268020522 0.251701546885705 0.0101491567802112 -0.0201772319803641
0.087138735132127 0.322736505773368 0.0315186256995665 -0.0166734994130144
-0.0974342094838949 0.318941174354713 0.0192983280871859 0.0303962649514235
-0.279167318449056 0.203928894618793 0.00758619925324428 0.00435284936051869
-0.335952674002181 0.121976767714555 0.0494801045878784 -0.0566801621205804
-0.272487830932405 0.0543735049421168 0.155178018413237 0.0765251169371979
-0.280112483589273 0.108182359673845 0.0992480242977989 0.00771519958088953
-0.179505773772363 0.214082129880532 -0.0136740327847184 0.0226676688965958
-0.052406407890029 0.270854788205012 -0.0262505733876198 0.077373725999423
0.0647878807086179 0.261138198150458 0.0253805360539306 0.117019831374236
0.159956009960074 0.203594656220966 0.100110640617673 0.112873055829628
0.206276226098857 0.130108850176702 0.138078158580314 0.0737763338378226
0.201033510867065 0.109603624907794 0.140638085271897 0.0312163961451927
0.195417215932785 0.0991538514139321 0.12473433763179 0.0283344210105606
0.194089666347543 0.154598113137108 0.0902348387326998 0.0217503417366477
0.122280824709946 0.21814515716139 0.0503592064281051 0.019613205365096
0.046134115485406 0.254659213015645 0.0413276614083777 -0.00409368848485704
-0.0830795026881617 0.238054036729748 0.0340402426216227 0.0107280848582439
-0.216767491207081 0.159689729747915 0.052136509570184 -0.0308507527290465
-0.271522414019006 0.116396707695763 0.15363730161105 -0.0807900684889231
-0.179959698533272 0.0642003349969306 0.267997354314997 0.0679086901481031
-0.165456251115638 0.0962449593365119 0.17777599201128 -0.018819649646646
-0.0914116584124252 0.144385209621296 0.0286375808317982 0.00566592692432437
-0.0235988578473972 0.162563199993139 -0.0154041775899717 0.0723988556545944
0.0418846469174354 0.167736568305071 0.0444471827123747 0.150571686276424
0.108403130521833 0.135227601459071 0.148283640517488 0.157254355351271
0.142127800616267 0.0936528373646535 0.206662029945001 0.113209863306486
0.13805622445135 0.0853474188244947 0.21014971239448 0.0642079808944026
0.130941985038829 0.0859779753925648 0.186686751850524 0.061920897843598
0.11873886634991 0.121599168168269 0.136759021916683 0.0629848048212262
0.0575524888834525 0.153909327549724 0.0714364827816131 0.0604357701957535
-0.00276148733765421 0.152800473214818 0.0374247268356549 0.0125396331749852
-0.0566938590344734 0.127362005162795 0.0363082172678763 -0.00476488533270242
-0.126196901349098 0.0952572997764549 0.0808859626646576 -0.0529244098617679
-0.170958023337594 0.0949428782018173 0.228466572210269 -0.0950986427452212
-0.0548410629888199 0.0578468224537993 0.340771739864226 0.0494237714994198
-0.0268011132363282 0.0549809800897839 0.226181843024121 -0.0504702698345123
-0.0007865613187512 0.0420742618279305 0.0603771619547726 -0.02029263300815
-0.00534602597721552 0.0303273079405573 -0.00591855396425969 0.0523782058364326
0.00516994510704517 0.0547483891366246 0.0576392239562027 0.156780675332749
0.0358139722495549 0.0511987892554285 0.174609984145209 0.170866067846731
0.0526224514516791 0.0463807167077944 0.244327759883474 0.129903245487885
0.0529892579558574 0.0482637341309128 0.248102453150833 0.0878280340360558
0.0501898813065415 0.055723127000993 0.218886345347819 0.091045066493351
0.0362926941553551 0.0664031936470677 0.155718344818656 0.101329773991936
0.00088341835736822 0.067485019608341 0.0719373919878236 0.0966831554684188
-0.0283940959114498 0.0387428251245434 0.0214779109412399 0.026792491215998
-0.00931877839902137 0.0216196256051233 0.0324022783283004 -0.0178254003663349
-0.0192827525749325 0.0406986181278808 0.0974354126274122 -0.0622030011881614
-0.0507309801661979 0.070358626482474 0.266282520665098 -0.0982833631762042
-0.0707866878988417 -0.0229451613442838 -0.290609971552631 0.0972749394025974
-0.0883014088601227 0.00165336152678053 -0.149540238470937 0.115577285931883
-0.0452456930387295 0.0651979521998403 -0.0392064910884731 0.0447257663606472
0.0190638251741864 0.0679610580954581 0.0183861473832812 -0.00965391857784633
0.0379990045387553 0.0284929229028901 -0.0390501008650559 -0.110350688542288
0.0360122386034865 0.0138214611823363 -0.145198788226353 -0.130460607581061
0.0370267625435536 -0.00572630160641173 -0.227630540927528 -0.112996852018087
0.0402163927938274 -0.00527375834612253 -0.260876844795168 -0.0958650624821414
0.0514040021344166 -0.00673127069865697 -0.258676089954633 -0.114363140490977
0.0625732190213269 0.0244614099510461 -0.206146663922972 -0.148080355180629
0.0461106914767803 0.055915704401388 -0.105418790839386 -0.151119635295785
0.0200404830703424 0.0951203107021327 -0.0287518650112244 -0.0541316849629823
-0.0685784358303261 0.0810581504677506 -0.0691831854346319 0.0348248415687069
-0.112178167965906 -0.0020396426090121 -0.190555909872094 0.0442372861312385
-0.0861399206222857 -0.0379123045559205 -0.355073747094053 -0.0230570729494275
-0.175781730931555 -0.00181287427476328 -0.272163801909196 0.0857552794797311
-0.188179719157376 0.0321224284122009 -0.156842806582548 0.0993097212111451
-0.109967972033341 0.128351745796172 -0.0572848612689914 0.0545194036218597
-0.0058064156887983 0.162777518030086 0.0185831174829583 0.00897286730593515
0.0631080289496415 0.126888293696347 -0.0228985882738452 -0.097134962942002
0.10343211026466 0.0918470012690435 -0.11509755884882 -0.123387233376934
0.126772751295243 0.0439086341850628 -0.191772932863774 -0.109228483705776
0.132364111268414 0.0383545484399938 -0.221340842219399 -0.0916016658950619
0.142450501561314 0.0338786512829048 -0.222841818501411 -0.0955728483048265
0.153539334831621 0.092009152778835 -0.187068211704497 -0.12262009013723
0.103845316717992 0.153834659338387 -0.103475391618033 -0.128409015819303
0.0448387050935979 0.214719551537405 -0.0216549135836516 -0.0416718787678102
-0.10929624841918 0.200937509025612 -0.0567747013065235 0.0589991842481295
-0.226147736625951 0.0826007837443888 -0.163838791874277 0.0677986066271501
-0.223529742414534 0.0116751041624349 -0.296728437736134 -0.0078000762067092
-0.261714439010326 0.0143816898911816 -0.2091375790418 0.0784273607430502
-0.277845547387495 0.0566039747668902 -0.137272088786524 0.0777648467996434
-0.175566593561879 0.181859201971095 -0.0730110696386333 0.056417915352881
-0.0391442919148894 0.248756664238338 0.00504216713254966 0.0304694159754797
0.0764329818228058 0.220994175425213 -0.0128474124875766 -0.0617278526303141
0.156203705595851 0.166429956713369 -0.0726125543872617 -0.0877055552528546
0.199044984333477 0.0918991706807032 -0.127152541418795 -0.0825696020813327
0.204149982648904 0.0753118302447212 -0.147274166500772 -0.0733429177724025
0.211253705639689 0.0634092248046467 -0.150422914312309 -0.0687353044413958
0.228307865553437 0.135313363704554 -0.136794443121013 -0.0881844483112229
0.161491438782846 0.221925308022848 -0.0825807727060911 -0.0954743615757226
0.0851375168887811 0.30263255974758 -0.00926506064570071 -0.0328209668077494
-0.116035185753979 0.302286062878218 -0.0314733557172021 0.0644322607348374
-0.292968517213188 0.167258856882428 -0.111579745393989 0.0693976270493012
-0.31842854629023 0.0703850027974765 -0.195987550337318 -0.0104886406427591
-0.314965557020262 0.0296835415789527 -0.105653825848479 0.0776014949765073
-0.338019919470922 0.0851845966080629 -0.0815258413309777 0.0554271499190057
-0.221637869242027 0.228685917460241 -0.0737733594386212 0.050514852742568
-0.0618328823364385 0.314671433551727 -0.0131524517826185 0.0515767549424842
0.0854988739155638 0.290651586636047 -0.00425602342120055 -0.00534633826633715
0.189851588435202 0.219545722721876 -0.0189537916579468 -0.0276000575412436
0.24268600042185 0.125863935691464 -0.0411164421087412 -0.0374340205856653
0.24357220587158 0.100038782272353 -0.0521894317067219 -0.0448970949433303
0.246383644985674 0.0825710087228694 -0.0569317501505393 -0.0388383054738611
0.26587392729344 0.157022187612872 -0.0629784434409809 -0.0527410950960597
0.19568929469933 0.25487559053245 -0.041729037770765 -0.0586395773952823
0.112235673306152 0.343036156826838 0.00981761309143587 -0.0263327834087409
-0.104035929253245 0.35165058594267 -0.0017764522380061 0.0510525884961411
-0.309337099647885 0.220282155168538 -0.048925329651345 0.0440945665523744
-0.358091640283152 0.116169911707027 -0.0744121641080476 -0.0313084952606091
-0.321494233404185 0.0473225702730794 0.0250864612054133 0.0785140497258395
-0.344946987807075 0.110599106256868 0.00506759996686911 0.0311314127909585
-0.226596456513105 0.248215072113459 -0.052170813877052 0.0395571751979253
-0.0633062448522682 0.332562938674359 -0.0248401474117371 0.0706494152022952
0.0872863118799018 0.310748386687832 0.00881558903760188 0.0613062936850462
0.197351096849507 0.233919971235614 0.0442536159469001 0.0457278441858576
0.249592333911549 0.138208052705067 0.0545146214847007 0.0169959629001486
0.246335075137252 0.110057611004305 0.0497137051208668 -0.0103127175643834
0.243739674173637 0.0938888556412591 0.0411225496184206 -0.00778492285782754
0.257117631824336 0.161186814882983 0.0193762771111176 -0.017686476802177
0.186336643457911 0.253461088564385 0.00885104149263876 -0.0205982509047916
0.103409981748273 0.32681580782466 0.0286316457842782 -0.0189164387210641
-0.0885437939987722 0.331016454999741 0.0223587355640741 0.0289432671042756
-0.280705497375018 0.220173030050263 0.00954054597683875 0.00389444125925178
-0.339774636505624 0.135435667258993 0.0480225044812699 -0.0617714336639436
-0.275575736778385 0.064894981463639 0.16089089540148 0.0737960743324741
-0.284728126785576 0.121547619788427 0.101509380073277 0.00480861464288317
-0.17609490667722 0.224027242871678 -0.0133684371079209 0.0253045100559586
-0.0436872611969008 0.280097257539553 -0.0240814913761462 0.0813310278363415
0.0771407287705736 0.266427928934986 0.0286118643602386 0.120154913938665
0.173263023727852 0.202210858106094 0.107426384401634 0.111832000916845
0.218259174688291 0.124477822858857 0.145375393497459 0.0686683944767307
0.212792486981423 0.103668734075053 0.143989157093718 0.0256707220974129
0.206148320642442 0.0950552827088516 0.128764444815349 0.0244196892594369
0.206023352103638 0.151011694862151 0.0928638882888041 0.019701825627067
0.135616209050748 0.219712573949378 0.0515925930770282 0.0193717249589034
0.0572892844257289 0.259412228085502 0.0395189310911604 -0.00552166423202191
-0.0760434973589433 0.247461619464218 0.0356279643692044 0.00864455897344069
-0.217496248653461 0.172790244266819 0.0536919616188775 -0.033440060395475
-0.273413687178943 0.127815675322309 0.153776989667204 -0.0906951591489223
-0.180395914915916 0.0718787352213493 0.276024825665024 0.0613921679623973
-0.16653987948095 0.104825433295841 0.182187922673326 -0.0250892290469672
-0.0882688288628042 0.149921308006174 0.0298631339311857 0.00588303361934333
-0.0184788598414927 0.167407283496206 -0.0131889647836225 0.0761488447124341
0.0499048026583745 0.171467730860137 0.0495277897864934 0.154559940255475
0.117718684158942 0.133979156185371 0.158830696712836 0.155673548283934
0.150207677275918 0.0898230148201822 0.21760923412961 0.105214402771531
0.146416582767491 0.081826860219167 0.217544310021398 0.0567880045799369
0.139321824565455 0.083777514246386 0.193957591469286 0.0560323435699306
0.126923514800711 0.11998456737033 0.142208965014127 0.0596208277986174
0.0658677661090808 0.156118336587826 0.0755901589959834 0.0603942084905377
0.00348288275379932 0.156564549783002 0.0361243706602354 0.011876260004618
-0.0532036145837542 0.13223239373495 0.0366760999420644 -0.005681370314688
-0.127014405042233 0.102484498894573 0.0824279983835188 -0.0570274448825832
-0.170922145825707 0.102497951615204 0.229647761113191 -0.10934330670338
-0.0529935621497793 0.0608678605310536 0.350288546280445 0.0394742627520141
-0.0248148981041083 0.0567249121318213 0.230146314491273 -0.0593520668136073
0.00102812746019461 0.042259422508049 0.0616050404299144 -0.021904707466675
-0.00534957617810189 0.0308061882482199 -0.00398803544978164 0.0558536609386021
0.00791716500121265 0.0560765367529043 0.064555273104095 0.159849734778696
0.039065128409759 0.0503200073947312 0.187543050984388 0.168536459482559
0.0565832768857033 0.0449954257643048 0.257326502722785 0.120942262809686
0.0576766570559095 0.0472681053920102 0.257266645270459 0.0793880337839997
0.0549217447718013 0.0558963134124425 0.227665738446728 0.0842333444479657
0.0399785784716406 0.0667270480002262 0.164070596901783 0.0971286791473679
0.00396688224210314 0.0693087526909135 0.077650214535157 0.0965391188385624
-0.0279720347351419 0.0402113487151722 0.0210273429234473 0.0267560416236935
-0.00856901218426948 0.0219183944624704 0.0318043164595973 -0.0188630526828399
-0.0187836629831891 0.0423015705766243 0.0980701076441425 -0.066978303601463
-0.0482683464884415 0.0737059380102059 0.268536291773354 -0.113876579431296
-0.0503736817838787 -0.0503379858181959 -0.309809784515519 -0.0408735288511252
-0.0789337272513797 -0.0376833019064325 -0.184408280429286 0.039689047071161
-0.0688154402599087 0.0393266100114056 -0.0523119448594148 0.0219403153227552
-0.0117820600212223 0.0697304205043663 0.0243413137522482 -0.00120402928199264
0.020323613281586 0.043804543569309 0.0167144848518674 -0.117844514128562
0.0257425237477885 0.0295312704169442 -0.07078596315094 -0.182734437089866
0.0330977111100079 0.010986913276174 -0.154288155138753 -0.202280603373659
0.0374571311313191 0.0129261610624186 -0.191526379502763 -0.198781654236878
0.046887554520199 0.0161046127741474 -0.184234287571056 -0.213887951643382
0.0452642527247335 0.0495414019209739 -0.121959255155438 -0.221176449916156
0.0165681800056369 0.0709238526067211 -0.0295707721129046 -0.181027530214412
-0.0241569574754257 0.0934977091993561 -0.00214177970392118 -0.0608372053815745
-0.0995954944153033 0.0431245035468785 -0.0788840060152521 -0.00319542284759337
-0.10387995533388 -0.0511156018118229 -0.192476924631331 -0.0532936952100991
-0.0622591446449364 -0.0720186807908786 -0.306174853815142 -0.19131235878135
-0.154415608916649 -0.0788863553094033 -0.287301635968931 -0.0419739099917027
-0.183411050493962 -0.0541292587885518 -0.181033516598367 0.0221788374793877
-0.154655437812741 0.0661272391813364 -0.0703170799671113 0.0234251583463461
-0.0756768350259726 0.143575746153658 0.0189146237394094 0.0166620845957018
-0.00101243227584163 0.142674343334812 0.029414559000305 -0.100049649811278
0.0526061296948365 0.129165591392158 -0.0455930590382446 -0.165222311047649
0.0942794396760631 0.0961519160872673 -0.122878257688352 -0.183790815899788
0.102624001371023 0.094850465579028 -0.157918964569306 -0.177655563438921
0.111506636432627 0.0929150617040107 -0.15873297763983 -0.180934197432203
0.099594730016028 0.149846148560348 -0.116454861002251 -0.188619413311125
0.0268929742273271 0.186433321373536 -0.0409284637519646 -0.156549339240252
-0.0534599748266482 0.211167002323999 -0.00487238616389265 -0.0437589452347321
-0.190606390371589 0.132545021974391 -0.0812302091217234 0.0246667708178843
-0.244331953749714 -0.0251316060230947 -0.178659956803952 -0.0225221208008576
-0.207709725810149 -0.0873419762470662 -0.259896621231982 -0.152227123390047
-0.239354482732605 -0.104074663886611 -0.226501013629569 -0.016271535749024
-0.274871991419091 -0.0719005374676433 -0.151453970824825 0.0124466720463406
-0.2376013599643 0.0845147983061365 -0.0835387718649339 0.0192677006761883
-0.143055993465172 0.204999454196576 -0.0003487920005838 0.0315981044449753
-0.0303238063758331 0.23364221260218 0.0268399308972034 -0.0629848404431282
0.0675691982037904 0.219690118098277 -0.0219922619307039 -0.116422554497377
0.138637344527757 0.170774895886269 -0.075462135281097 -0.132184882882373
0.152681413257328 0.161056370836653 -0.0989903488999467 -0.129680498805376
0.162149273582132 0.150001802686581 -0.105953389785983 -0.125387538568053
0.148213809317911 0.219867600086088 -0.0862290728718049 -0.133959893853058
0.0503260585535429 0.274019076101632 -0.037276354382111 -0.115221613658427
-0.0560738866677771 0.307136537985553 0.000668100633331105 -0.0272068516573099
-0.241737433552201 0.220216386336868 -0.0633789242691951 0.0415141965631466
-0.341093222696748 0.0212069011041284 -0.134033520645992 0.00167939594703559
-0.318430887334569 -0.0774796884397275 -0.168549310240904 -0.108425465107303
-0.294603604299157 -0.11554508500763 -0.131463209936231 0.0312689584336422
-0.344210708623107 -0.0737711892581001 -0.0886871053168433 0.0176941330098374
-0.301148119972994 0.104618554038 -0.0791586291248635 0.0149079222849898
-0.192776026403271 0.25492814663364 -0.0241904766788055 0.0428305332818956
-0.053591031141793 0.299573477547093 0.0116863388634537 -0.00898556100384114
0.0754814652889925 0.282265103931139 0.000526215467915451 -0.0393686865484411
0.16447331868302 0.220621500113387 -0.0173938925529961 -0.0546727863096435
0.178066544989171 0.201657141934961 -0.0257889771872778 -0.0638241391515992
0.185735675284255 0.183068592007443 -0.0349833793754267 -0.057666686849237
0.173458765385513 0.256108506585881 -0.0363633200189426 -0.0699876191085164
0.0666946703445408 0.318781647062757 -0.0176707749220631 -0.062080783984806
-0.0486274216139576 0.355731239411523 0.0132396846216319 -0.011184361926715
-0.252639622169145 0.270016896318378 -0.0319002595335225 0.0445648760372528
-0.378564285042145 0.0618456639536572 -0.0652053569754428 0.00727702508340857
-0.372800800737091 -0.0547273921534416 -0.0491804012754036 -0.0705989962299897
-0.310111326614787 -0.104490153524796 -0.0133869185543271 0.0920762612622664
-0.36259618695858 -0.0546616755465847 0.00116936978237822 0.0345024757389739
-0.315586085155292 0.121818281485055 -0.0537143338672688 0.0147881263910267
-0.202868873476791 0.269124328555816 -0.0431965531878032 0.055573890226083
-0.0605018457864518 0.317144570424284 -0.00581144731767079 0.0578836354206014
0.0760589158823556 0.298302025027291 0.0246428255917598 0.0542417801189473
0.166568542291983 0.236116427124377 0.0443339401669889 0.0369717847891647
0.177180039361087 0.212325308505783 0.0504364366416869 0.0114843972651825
0.179221282538919 0.191716373151113 0.0394470442437299 0.0119346140466693
0.164894811417742 0.256980217330963 0.02248588029521 -0.0030165102420033
0.0598722147375565 0.313671877332441 0.0110410902077357 -0.00620494179768537
-0.0488033866886261 0.337212248234293 0.0260589105107948 0.00386871567742673
-0.229111673304937 0.258601605637426 -0.000227757541042283 0.0363698509137475
-0.351762886671291 0.0749460198822349 0.00662113676590451 -0.00130343445756553
-0.365432571660951 -0.0287914874563436 0.0756339332294627 -0.0391813204216679
-0.277385491400656 -0.0689036346728233 0.112820646164026 0.148509099493403
-0.314070606822713 -0.0184672469816505 0.098724075233516 0.0521866215675595
-0.259463431385489 0.12216905892816 -0.0137186189104359 0.0183693339115507
-0.161871975126667 0.230052082619265 -0.0497822910208121 0.0659559326006215
-0.0493802073373934 0.27314054205446 -0.0170232916366677 0.12055241394423
0.0691467936357229 0.258484961895917 0.0511734237318397 0.143637457062626
0.145424349932273 0.208966687707167 0.103636984055277 0.123226405150222
0.149941827673439 0.19101058454205 0.118694565215137 0.0844128099199036
0.145607479572545 0.176277738025231 0.104455443734665 0.0788538135624889
0.123118176814626 0.22519683772433 0.0721756360419102 0.0608412338095955
0.0286218700987358 0.260841141773491 0.0327773564355566 0.0468864637442406
-0.0596150057677417 0.256193330737761 0.0305014789549482 0.0186136359729444
-0.179820373809992 0.18782364525403 0.022396460296083 0.0238089818903408
-0.272845985826559 0.0575053406458452 0.0641596983869282 -0.0112605069484212
-0.300874462827371 -0.00666991158451367 0.183407981923619 -0.0145565921791026
-0.195764816922865 -0.0204465109342745 0.224731158251554 0.186509646087421
-0.200400714202886 0.0189856239208267 0.182251556362596 0.0595031437359397
-0.146931187742452 0.0948804665198859 0.0298052066047029 0.0196194034083452
-0.0905829409874684 0.140832966203903 -0.0412200418199897 0.0651951047003713
-0.0301064252113293 0.175132049083486 -0.0171316832865582 0.161254833243114
0.0489027938329541 0.172214266247625 0.0757212637296988 0.207287809579285
0.100148843839012 0.147646225680031 0.150416370990693 0.189074401386729
0.0994343445426388 0.140703460285224 0.170543998509652 0.144486167509576
0.0914972363278828 0.136760022932987 0.149193387527379 0.135339032187113
0.0649290454200012 0.163166187307147 0.0999559738003901 0.11702530466368
-0.00679976619627812 0.171564466278672 0.0373268993355405 0.0913954367738989
-0.0634551303099359 0.14042551634838 0.0208760927622645 0.0299918528500561
-0.106410158456678 0.0942450452584985 0.0324233552659888 0.0114122547914873
-0.159003122348156 0.0355228876442373 0.101038101652912 -0.0176056000504671
-0.198084702775715 0.0158659158894847 0.259932154639451 0.00662151721539725
-0.0769802098223061 0.0271307414027793 0.300665034668648 0.196536159128718
-0.050860620249497 0.0384751939239208 0.2361852859776 0.0487008205465783
-0.0181131118733443 0.0377670122585842 0.0663029022028655 0.00808558635768328
-0.0183785699951192 0.0237092890986015 -0.0282148588021233 0.0501854718984996
-0.0164740518450283 0.0519507661845235 -0.0115703871007022 0.175054111069761
0.0143239122163519 0.0614611239594424 0.0942899686467792 0.234944028264673
0.0338178167115556 0.0660207120267712 0.177697426747394 0.22184542334929
0.0338380631390288 0.0690939020034317 0.195821432346387 0.182415214954789
0.0279821583339502 0.0740465671450302 0.167265856863514 0.174073058275956
0.00920546295226231 0.0780420327522406 0.103722913731867 0.158161203620869
-0.0261788460823836 0.0644307357980009 0.0254576862386166 0.121783207089487
-0.0426132488066289 0.0235563021245985 0.003056175271792 0.0332052586285805
-0.0164727363293854 0.0147610443306053 0.0348526117505989 -0.0020486084982796
-0.0338313786091931 0.0289303135472344 0.120119311548188 -0.0158633767248532
-0.0748925549820348 0.0439140016070616 0.295492771497728 0.0228208907794298
-0.0514140036205857 -0.0472478783830481 -0.30602446299441 -0.0276486568071317
-0.0810291252168137 -0.0326835824724667 -0.178977274648416 0.0473278823036555
-0.0648672722868414 0.041129000262838 -0.0500637760223779 0.0234868604069325
-0.00736361081371523 0.0699384886617828 0.0252356783812684 -0.00280483489718613
0.0219309184402903 0.0416960978146521 0.0120278170159281 -0.116717415486034
0.0265497631561799 0.0281195442936996 -0.0786446159102486 -0.175977650525365
0.0333079165182578 0.00895893352590494 -0.160946206694122 -0.189538548996592
0.0367947863669454 0.01093559216918 -0.197180891988722 -0.185704798815052
0.0460441721438471 0.013434185889027 -0.191119079322434 -0.20181491139191
0.0473534822114238 0.0457456316045793 -0.132049412885761 -0.21266970354612
0.0202861335748405 0.0708441197796518 -0.0393156648465113 -0.179297657666263
-0.0188563698441858 0.0936111323991221 -0.00405209881068591 -0.0610973652956024
-0.0966003691186954 0.0472957697847824 -0.0759177698562111 -0.00143282670854358
-0.104844097509451 -0.0452088811336926 -0.191459598349082 -0.0450804044805989
-0.0649874054545064 -0.0676308597341367 -0.309046129080533 -0.173146009320398
-0.153645241224359 -0.0703270471315039 -0.283815080807872 -0.0276479165787621
-0.183009679044598 -0.0446172874765041 -0.176756619738417 0.0296356073411135
-0.148358779121335 0.0709985554995202 -0.0679087140475114 0.0259036028325146
-0.0661698921750179 0.144646730679589 0.020752967933869 0.0153574350811427
0.00554938765253093 0.140301903854935 0.0247841589090164 -0.0994399107873053
0.0581397176721134 0.124575626892727 -0.0530752936957238 -0.159878864423779
0.0970574398125371 0.0893873672063381 -0.128833431900542 -0.173427880184188
0.105478741697321 0.088268464156849 -0.163632445901854 -0.166541515515082
0.113796918151736 0.0865669618907823 -0.164850264286828 -0.170659706344169
0.105446682017531 0.14207034134801 -0.125336106130611 -0.180157398436308
0.0362843713135327 0.183919281144743 -0.0485995532711574 -0.153753654737934
-0.0426005601966991 0.210753260922318 -0.00718930954586277 -0.0445033471752659
-0.182561304732485 0.139997417212128 -0.0766373492215606 0.025731628450453
-0.242496982731571 -0.0139991917732424 -0.176888721528073 -0.0152632464816814
-0.208238262850411 -0.0777826592213005 -0.261056004497847 -0.137225550629288
-0.237030297359072 -0.0923156717257301 -0.223593792944364 -0.00622175995750922
-0.274779423102486 -0.0587299467935175 -0.148024277163406 0.0189603156020151
-0.228844590591399 0.0910028004899357 -0.0808545890621358 0.0227075486638734
-0.130262689831036 0.208015228142211 0.00222461234657905 0.0305454781710037
-0.0186496016945353 0.230820912992482 0.0223325045803737 -0.0631466120602824
0.0780119245659716 0.21239467761234 -0.0271891850027481 -0.113038936083026
0.145136964879413 0.160478229234362 -0.0791963045902788 -0.126016785606133
0.157712033362746 0.150910330937567 -0.103339411048653 -0.122893207382646
0.165753279491258 0.140594240786911 -0.109620787582331 -0.118534550150659
0.156938417801482 0.209723761890793 -0.0937944276919959 -0.128180147718268
0.0628170141759678 0.269395968668729 -0.0435245132475663 -0.112320533866668
-0.0403638348447461 0.30558765437892 -0.00184769713396711 -0.0282960045886833
-0.228674203744894 0.227541691769594 -0.0578274966162414 0.041987039797071
-0.337004154573775 0.0361907897199084 -0.13018594604403 0.005679658129793
-0.316139374887038 -0.0640674366154659 -0.169089103594663 -0.100035854413576
-0.291596525479878 -0.101801715774612 -0.128993502990553 0.0369556672965139
-0.342465131049398 -0.0580401296771038 -0.0872706217797031 0.0217439197807458
-0.290082384370312 0.113573988599114 -0.0767039349439753 0.0180014731135656
-0.17719969415288 0.258664227271397 -0.0212278595829743 0.044039097358935
-0.0383769974451506 0.297414478821184 0.00948585756617133 -0.00857225227227738
0.0881903151218814 0.273993747990474 -0.00123155426941195 -0.0380502931581013
0.172357697842924 0.208646240035961 -0.0186156884924551 -0.0530054308795662
0.186276803791615 0.189995817032328 -0.0288423752261936 -0.06118276017506
0.191459732243689 0.172341113637505 -0.0367605290514512 -0.0558008194796527
0.183549572381656 0.243708164600443 -0.0406090089519572 -0.0664664467435555
0.0814604141515309 0.312926974887652 -0.021824263156289 -0.0602312381143288
-0.0307947373117283 0.351593925803214 0.010769207568404 -0.0127924204544037
-0.237383201702503 0.27747300129836 -0.0271425382548307 0.0433008317563704
-0.371723529371316 0.0765167510646222 -0.0629181292739376 0.0102169612466276
-0.369054417651913 -0.0386997562653076 -0.0512096808373359 -0.068467085287904
-0.306378402123829 -0.0901206639485035 -0.0098846104884527 0.0910032940875526
-0.3609743466454 -0.0389633127342813 0.0020028831643421 0.0346164492740044
-0.304286062420653 0.130797763322288 -0.051799232494762 0.016929008601088
-0.186729923750602 0.274089573727806 -0.0392575843662924 0.0572484283632638
-0.04437679145912 0.316636795516744 -0.00548326268497726 0.0581748301260583
0.0900115963451286 0.289361651148117 0.0266396149121221 0.0534664230151666
0.175813153770736 0.222670853317697 0.0460577245514412 0.0328691948055511
0.185449860031096 0.199658622786645 0.0486292745959835 0.00918450564128358
0.186285719564956 0.181587718543412 0.0400651315545643 0.010311640447706
0.173831943243694 0.244657593607115 0.0207737848709307 -0.00330179951405021
0.0746973157688983 0.307207425076589 0.0095321560855985 -0.00588862909330863
-0.0316361460179185 0.333466741168179 0.0239420330367691 0.00202291347182939
-0.214164509631533 0.264021542023697 0.00340109501242639 0.0345576167677328
-0.344808650191087 0.0880571239694146 0.0075522956788999 -0.00125784793207103
-0.359356418241704 -0.0135818414089637 0.0723842782332966 -0.0440979137138642
-0.273398003786079 -0.0570042943291054 0.116053942200273 0.141791049918292
-0.310667586810515 -0.00463888750911851 0.099077647826021 0.0480308597018363
-0.249427648927234 0.129494236808166 -0.0125930233087351 0.0195034490076149
-0.149077927387547 0.23406844926725 -0.0453983058223126 0.0678112026412836
-0.0354984532793195 0.272481691589082 -0.0136103843791599 0.120403185976607
0.0804631251111031 0.250740773955987 0.0569568432222276 0.140242769970871
0.15343285735942 0.19777625760105 0.108690394076178 0.115615070271397
0.157839248034536 0.180104820261031 0.118867513940643 0.0776855793822855
0.152744354462267 0.167745262999343 0.106954828000441 0.0723251521552877
0.131434134141041 0.215462140203484 0.0731148110978007 0.056645131982336
0.0414891591930245 0.25601672431318 0.0337628831936367 0.045458321143795
-0.0467815465553948 0.254337238042931 0.0286121983997397 0.0168492591963269
-0.168719215382925 0.192606108317352 0.0240576243661673 0.0223943322123163
-0.266527917574392 0.0688374232565118 0.0635219079291681 -0.013905504730529
-0.295870926088193 0.00518193590874558 0.17900959403752 -0.0243825986953047
-0.191802221584596 -0.011879938971721 0.227543156113293 0.174186712197841
-0.196586965517231 0.026645603763167 0.181367739186955 0.0516446460886526
-0.139875027943195 0.09809896159136 0.0305434983697204 0.019116603799167
-0.0834336970076999 0.142285462760302 -0.0378978016295916 0.0672659192372654
-0.0210563735592474 0.174721109876594 -0.0117035718639595 0.160955014012751
0.0564763977978169 0.165742041582301 0.0851374720496241 0.202239968448968
0.105209127243848 0.139954417022366 0.158170193738647 0.178194740024525
0.106003896907174 0.132799345740831 0.173041013019539 0.133583260339302
0.0977415994843856 0.130870016867561 0.153257986106628 0.125094582034653
0.0717311359867075 0.157820960442838 0.103446649999213 0.109987979029149
0.00216503956634803 0.169090736914911 0.040664191122401 0.0889774092779776
-0.0567461723989402 0.13997419305077 0.0199812967997448 0.0286911042068247
-0.0999071381331019 0.0964677113730781 0.0319051898465961 0.00977250761583237
-0.155474653569692 0.0416557588900517 0.0997247022519422 -0.0211843823216253
-0.192853445049356 0.0232589616505865 0.254750709822243 -0.00715282470556796
-0.0732738487705489 0.0295227216898534 0.303647091895777 0.181263909222979
-0.0474792463046822 0.0387879395265618 0.23424756662987 0.0391492372482104
-0.0157350783664512 0.0368711537322617 0.0658305115044643 0.00690940072606276
-0.0184575236551991 0.0238658971375879 -0.0259464551572214 0.0524436561743073
-0.013651532911607 0.0524395365896137 -0.00410344742208722 0.173503191797826
0.017048018252179 0.0586571668635478 0.105266714517787 0.227307998888225
0.0369835296970243 0.0626740070864356 0.185530124750585 0.208490140912775
0.0371597367538238 0.0661292582380891 0.200068066550187 0.169964086091099
0.0321257168574406 0.0723907320811879 0.173023765208989 0.16269592864319
0.012690293420004 0.0765180891755975 0.109796355270408 0.150031723028348
-0.0221477326311423 0.0646214432688854 0.0303625526556956 0.119027988223365
-0.0409083557964084 0.0247570598287382 0.0029055048812195 0.0329109010098878
-0.014894670417061 0.0139976190024274 0.0331923350826269 -0.00322713468612407
-0.0324614939558185 0.0296145148771012 0.117836966990349 -0.0205325067820729
-0.0707480599663545 0.0458622192282059 0.290751084658227 0.00747483517134727
-0.0513484265556449 -0.0444526545499401 -0.300226248178997 -0.0184518236203385
-0.0807735516576642 -0.0289604013579616 -0.173283622269967 0.0510882538088271
-0.0618011387581957 0.0422657157156402 -0.0484278577925133 0.023758156929212
-0.00365712373272105 0.0685358184453152 0.0252261157717232 -0.00333248499975141
0.0225538033107077 0.0398425602724624 0.00928123969460351 -0.114634674611276
0.0271444025985983 0.0266375845190795 -0.081769174918367 -0.169005509492461
0.0325222994501324 0.00798000728640553 -0.162020980537242 -0.179180578027995
0.0355593244233931 0.00940650910154803 -0.197394922433432 -0.175218709922367
0.0442576035798197 0.0112773384633888 -0.193298420791318 -0.191300063505127
0.0479773208593653 0.0426810214720432 -0.137628076163999 -0.203958544812401
0.0222873733099527 0.0692410840439186 -0.0445200751767252 -0.174865032933741
-0.0157208846371697 0.0927924222069128 -0.0054127931535601 -0.0614129605527366
-0.0939003508884329 0.0499419065429605 -0.0725342865545263 -0.00161503770631711
-0.104394527535449 -0.0410266300479954 -0.18847482825329 -0.0392211678384773
-0.0662205147980514 -0.0647368731742428 -0.305062056142237 -0.159954387448171
-0.149993106937425 -0.0652623284033359 -0.278967809548384 -0.0197991102300061
-0.180545622599861 -0.037925733711508 -0.171768443457862 0.033366805712045
-0.141239465997804 0.0723002725191813 -0.0656590524013159 0.0261426154418236
-0.0591945327944991 0.142916704798237 0.0214085342902061 0.0139858623772814
0.0104901540735451 0.136568812153187 0.0212496461715338 -0.0975865651709843
0.0612472872430697 0.119170242525425 -0.0564092263725144 -0.154002253104282
0.0972295439113589 0.0838269668397699 -0.130507670968178 -0.16482843670129
0.105566965479155 0.0828940230982854 -0.163608832383219 -0.157685196723589
0.112868889612401 0.0809724432227541 -0.165795542698363 -0.161459914096204
0.107649069526626 0.134993882857586 -0.129619123770898 -0.172457612018203
0.0419039088735186 0.180106204595561 -0.0537216361401971 -0.149429499284004
-0.0350211074156699 0.207527109662249 -0.00871396625967521 -0.0445419816563073
-0.175201765325576 0.142735726626603 -0.071967837452597 0.0241170072474467
-0.238445322753749 -0.00641370782401365 -0.172747661443565 -0.011260684547124
-0.205979019084941 -0.0704443417188435 -0.257817834369325 -0.127597158116287
-0.231523555565855 -0.0851606744094919 -0.218708887509782 0.000249625207212997
-0.270234654452255 -0.0492196298735015 -0.144631673066133 0.0227402374525998
-0.220001734535887 0.093126992238415 -0.078284104147973 0.0236404197698535
-0.119970213614711 0.206414642143062 0.00431009020092905 0.0298398754556195
-0.0109082238662894 0.225723538753536 0.0190294230477547 -0.0619246003777509
0.0828265429370203 0.204344843056197 -0.0298345325121144 -0.108555992383093
0.14664447163751 0.151761699943792 -0.0805189524852056 -0.120095237021831
0.159011476439921 0.142370005816992 -0.105064101338856 -0.116713042419856
0.166217180337868 0.133236409017447 -0.109902702774416 -0.112913558478405
0.159964690676096 0.19965705594815 -0.0973282554114581 -0.121836060341336
0.0702676763256132 0.2632137313319 -0.047605024093653 -0.108250828237902
-0.0305309393641512 0.29970281405469 -0.00377288406602089 -0.0287036232961072
-0.217984486779494 0.229750373368827 -0.0535297593864334 0.0399782574018566
-0.329684694219309 0.0436253789117763 -0.126233461707242 0.00895190699224951
-0.310754549909122 -0.0553484821065276 -0.167412232452639 -0.0945849401773924
-0.285062360787159 -0.0932051776617888 -0.125460686995425 0.0397833892135467
-0.33685701979467 -0.0470832499012657 -0.0848749561762373 0.0242412452872481
-0.27988109723184 0.116095049833414 -0.0746013766866264 0.0195640362862913
-0.164989340898368 0.257338698683466 -0.0185526487341487 0.0433898976046843
-0.0284858739432297 0.29215105652641 0.00693309238890575 -0.00811473376140017
0.0952516050672605 0.263630931975111 -0.00234322843569264 -0.0361206005703046
0.174677162506368 0.197128318265653 -0.0190775922703463 -0.0513401098014031
0.188393109993804 0.179268203517327 -0.030896543812454 -0.0587288206332998
0.192535155879101 0.164142945603209 -0.0371416447822971 -0.0537835249723435
0.18718856677091 0.232903011881433 -0.0431626805856215 -0.0629426272766439
0.0901504164958116 0.305249743798194 -0.0240533393947512 -0.0579801716123002
-0.0194457915719733 0.344590438955783 0.00793453155303787 -0.0133304097574968
-0.225185336728021 0.277882124003842 -0.0236170867584446 0.0405435725344248
-0.362730116293546 0.084600018111649 -0.0601556039045184 0.0111420584229744
-0.36077666845185 -0.0297138043486225 -0.0516696901846606 -0.0667990694666315
-0.298768823264167 -0.0820654309887487 -0.00791958646412001 0.0903576494865096
-0.355155917864129 -0.0289222801037619 0.00258774574086633 0.0344288986167871
-0.293403708798793 0.132884241910285 -0.0502102088638017 0.0179088879085058
-0.175411753602182 0.272202537723105 -0.0367203285249827 0.0569012638454392
-0.0335350131117752 0.311518025523781 -0.00625349140043971 0.0579633121965951
0.0972143354138984 0.279283100820146 0.0277376457673468 0.0526728910377482
0.178102563089691 0.211143308151421 0.0470088595921562 0.0303747535755136
0.188474059236461 0.189102666366392 0.0464722584370534 0.00744536015740953
0.188008632571088 0.172762067304354 0.0398079297289274 0.00840582799297714
0.177362822231925 0.234400076191724 0.0192370591515623 -0.00261956247030662
0.083463400803793 0.300056673047667 0.00830930064580377 -0.00512690437431816
-0.0220712268214595 0.326447501049283 0.0215312624546898 0.00123527562210423
-0.202484920965985 0.263881801499308 0.0055377511904195 0.0318234914962528
-0.336668531298216 0.0950388568823085 0.00861572760300883 -0.000951870750328568
-0.351038416599426 -0.00535774706851225 0.0692236096836249 -0.0467759162759182
-0.266354579838518 -0.0499738034314074 0.116496596834757 0.136964307482552
-0.304636874942831 0.00243017902789428 0.0982163040363978 0.0455047655941197
-0.239741784229128 0.130210642157994 -0.0112709267335663 0.0196461726768543
-0.139909657794146 0.232804929132066 -0.0416656189278576 0.0678050352321918
-0.0261104902532401 0.267615729083898 -0.0120327329719318 0.119307366504717
0.0861484776009077 0.241453404893546 0.0602212369194564 0.136327015379804
0.155772579297735 0.187608167248965 0.110083841603173 0.108430291284341
0.161013459612034 0.170726154931991 0.117236975539711 0.0728200728317621
0.155592456101023 0.160037409151541 0.106861076222363 0.0673205068575893
0.135273851209608 0.20671870726891 0.0724831126549793 0.0542007932967941
0.0496060174962524 0.249727389925764 0.0334092759192179 0.0446117666235041
-0.0375601232765051 0.248998970605441 0.02633670013961 0.0157247428664061
-0.158824664502332 0.192336386942228 0.024467848684743 0.0202639919294797
-0.260599080409516 0.0743305637497349 0.0631618629855947 -0.0155081564070374
-0.287619127873332 0.0120504753235882 0.173713812614553 -0.0305674751245887
-0.185952172206778 -0.00803241993689134 0.225248703565427 0.16563876875767
-0.191529074080835 0.0299039827033191 0.178510074732894 0.0464283850585224
-0.133907572195023 0.0972928939358156 0.0310732455508814 0.0180773543993879
-0.0782823923031002 0.141203527758004 -0.034947502588061 0.0675458789375576
-0.0155345381958886 0.171652366003518 -0.00891001565988663 0.160046291144709
0.0601643867582567 0.159035546984273 0.0900816053962751 0.195382612595302
0.10692239866033 0.132630585066376 0.160378726520219 0.167418569582676
0.10840100267198 0.126147520128291 0.171354442117551 0.125871023474812
0.100262127047833 0.125030136457163 0.153437263886817 0.117910824615842
0.0752517523439249 0.152101081227421 0.104539759664799 0.104364209751075
0.00807373513833844 0.165226356703336 0.0419092054469089 0.0864968615835234
-0.0509882541975858 0.137642561405695 0.0183023634892969 0.0275068654675632
-0.0946420529528594 0.0962940115872434 0.0313613550106554 0.00914019726899919
-0.151228954507231 0.044874154472928 0.0975659781583402 -0.0233742217930897
-0.186196840347959 0.0271858535659462 0.247250491641792 -0.0157481792459586
-0.0697404346992765 0.0303904034174685 0.300252263879353 0.169482288136765
-0.0451503909848623 0.0379824371145139 0.229715162473507 0.03240354889016
-0.0139226477668963 0.0350461339812384 0.06502533022007 0.00622996510531329
-0.0186333140681748 0.0233241641786209 -0.0242198301506736 0.0533562952082286
-0.0117137476390074 0.0515941321340335 -0.000215615925626635 0.171481051005715
0.0180388703997994 0.0565061503040329 0.110014747033177 0.219775869742045
0.0378948107656553 0.0595698514728681 0.188398566471329 0.197013931159328
0.0391248502110543 0.0630931936788878 0.198917080526815 0.159907660882163
0.0352331263004831 0.0696512552564949 0.172704282241006 0.153099952906147
0.0148787942839274 0.0748703195307715 0.111976906267253 0.142514330339074
-0.0198192714894047 0.0630298092807279 0.0333792070061979 0.116004421431575
-0.0398237006531751 0.0246160606439604 0.00243434698997678 0.0324235298197183
-0.0139438482128783 0.0132752382035957 0.0315488981867386 -0.00296798280405998
-0.0309417069421211 0.029798434006009 0.115200320945506 -0.0227757076312958
-0.0666459253745262 0.0456725875916813 0.2825084655878 -0.00205744657360266
-0.0510023442877073 -0.0428681187485796 -0.29623107858812 -0.0149110105815368
-0.0801349184607579 -0.0258099703114604 -0.169934403966402 0.0531975113338798
-0.0599000116321909 0.042751709053041 -0.0477310646126697 0.0235824338380721
-0.00106551744363021 0.0675105619064919 0.026210084107636 -0.00434784603317762
0.0227476587620041 0.0387406295915088 0.00824498607568708 -0.113216794325642
0.0274003437185448 0.0258745116966442 -0.0830348387214351 -0.164698380317062
0.0317891994194073 0.00722903849356734 -0.162566996688523 -0.173110143183316
0.0349157489633659 0.00872378704753455 -0.19677413197523 -0.169450585039072
0.0423686762733611 0.0102858712443886 -0.193745257359722 -0.18522933885357
0.0481573345946794 0.0406812795727413 -0.141001476411025 -0.198482666355107
0.0238485051184235 0.0684182926406968 -0.048239328394393 -0.172859457332478
-0.0136212526152401 0.0922477602754768 -0.00579615169203441 -0.0617132421760454
-0.0920925392126281 0.0514686004210902 -0.0701895729144048 -0.00261790414786101
-0.104175205002434 -0.0385941605746168 -0.185841716998554 -0.0369532988760851
-0.0673635482291843 -0.0618282811334858 -0.301205723938608 -0.152471699500248
-0.147649513238726 -0.0626040589648251 -0.274647951577739 -0.0155459692340117
-0.178524776064165 -0.0339226183620041 -0.168799609728835 0.0357104185707308
-0.137626281536632 0.0718428238609879 -0.0650343397837778 0.0259945534222835
-0.0538551663731117 0.140923719588613 0.0220797208988455 0.0132972476505129
0.0129812168134751 0.134351843316646 0.018978417527283 -0.0965045045056063
0.0625684821343815 0.115787116624388 -0.0582169366347263 -0.150033878928192
0.0969836514541982 0.0798621616775734 -0.130708068782941 -0.159444916409748
0.105860803330411 0.0792308484891874 -0.163652235450555 -0.152636154021904
0.111969956899759 0.0780534553686197 -0.166136970409928 -0.156922988096836
0.108946522719343 0.130577062723067 -0.133090334526164 -0.166932169968442
0.0450537947123679 0.177706963709391 -0.0570835071957383 -0.14716759422086
-0.0309090125195139 0.205539163137389 -0.00979291358205808 -0.0450461677582081
-0.170977150835129 0.14362024321565 -0.0687316055287659 0.0221043421239286
-0.236836605686964 -0.00339154867061501 -0.169332101610552 -0.00879561259070249
-0.20444063121506 -0.0663842097921666 -0.254509026545629 -0.122669377730238
-0.226994828524454 -0.0815196235087106 -0.216188322153136 0.00341971561272535
-0.267637075584426 -0.0447233647359411 -0.142751277179374 0.0250365053194898
-0.214618285468274 0.0926887247798191 -0.0774136321346174 0.0238414793642482
-0.113768726369551 0.204910000625416 0.00515066844713587 0.0289845001321357
-0.00616827730189286 0.222621873772058 0.0166669255147034 -0.060705441372988
0.0856047094065955 0.198958549192685 -0.0311302207250766 -0.105808551813741
0.146673938424317 0.145762904059336 -0.0806546545626408 -0.117068554946124
0.15941488561533 0.136644014773089 -0.105292632997364 -0.113285799973065
0.165425666004421 0.128707217470088 -0.110352589763418 -0.109874416594737
0.16130633815228 0.193643804443452 -0.099498915522312 -0.117571969198863
0.0751872551114974 0.259588608307613 -0.0501786401252234 -0.105758195301622
-0.0250053819175196 0.295550227269769 -0.00537003437291273 -0.0289799801271576
-0.211408394190691 0.230490044415738 -0.0507494329357654 0.0372606869819642
-0.326118218638539 0.0482417924883879 -0.123518456660072 0.0102994284068164
-0.307283895386941 -0.0507147186320094 -0.166173477188082 -0.091395254751521
-0.279742700809396 -0.0896033843781833 -0.123829556228516 0.0415129198417451
-0.332909220674477 -0.0425782221953627 -0.0833386905584521 0.0257707697131243
-0.273160997873015 0.115184698852981 -0.0735547850696907 0.0202288141591901
-0.157722482904882 0.255455384575522 -0.0166586687756238 0.042759349725269
-0.022462631285775 0.288174437535042 0.00471859367740773 -0.00689458425502184
0.0984825385704577 0.256911850534805 -0.00264110227846696 -0.0345614909525553
0.174811877963133 0.190553665159486 -0.0185712388263388 -0.0506949776108163
0.188453870311424 0.172909542961721 -0.0320724217198498 -0.0573207706755402
0.192542218266032 0.158982818032322 -0.0371889044191088 -0.0530276495988087
0.18803183014564 0.225533906380626 -0.0453772739415821 -0.0603183814406962
0.0957747099450856 0.300456679753957 -0.0262832499303445 -0.0557259817533022
-0.0132317886654587 0.339702424305909 0.00610401916130195 -0.0136515844550663
-0.217623580522214 0.277475120029412 -0.0216774953755512 0.0385499135661708
-0.358995715687042 0.0889914333476153 -0.0577695607294833 0.0115184050312161
-0.355686365669397 -0.0249436564066257 -0.0519592474925397 -0.0668010507930513
-0.293177123318674 -0.0791355925192523 -0.00759850134414263 0.0898991893098833
-0.350886470084953 -0.0246206661756145 0.00283473857781142 0.0350157917323357
-0.286921197761444 0.131810723492058 -0.0490955767519292 0.0182297683131642
-0.168239412344567 0.270220115739631 -0.034441673649663 0.0570771887711101
-0.0270077164259879 0.307549684219637 -0.00755745639688019 0.0589502198941718
0.100875017959549 0.272359179800505 0.0286737392115331 0.0523875604517508
0.179007626161996 0.204274934504398 0.0476176500139873 0.0283522353892409
0.18963596959044 0.181872309043261 0.044750796166764 0.00755951752190179
0.188695627495087 0.167349906999325 0.0395292520654855 0.00706684901195092
0.179549527525738 0.227984197930057 0.017588833218261 -0.00214417366578461
0.0885861861543522 0.294884928264365 0.00676948334573444 -0.00422433516077088
-0.0150308308670857 0.321482586899305 0.018921507703178 0.0011556034910631
-0.195821153869852 0.263396878237167 0.00697542776523798 0.0303179300812822
-0.331917072559255 0.0978096183751463 0.00963439464705108 -0.000938043210322062
-0.345344566579976 -0.00157305532126882 0.0664538837471015 -0.0483787556377864
-0.260748189401986 -0.0478942495674218 0.116002919876088 0.134058501091739
-0.300919303292859 0.00523569403856921 0.0970070399630719 0.0440656120187847
-0.235268313293458 0.129506596657192 -0.0106505863161032 0.0193871338971997
-0.134356668778241 0.230974208379894 -0.0399336303251904 0.0679193354667743
-0.0205074224290068 0.264710693032846 -0.0125208297176389 0.120298549263744
0.0896781585182755 0.235430876861087 0.0622220295412207 0.134443325982132
0.156286080763503 0.180867613787222 0.111186843295834 0.104116709524385
0.162333688684081 0.164044839505502 0.115223916793293 0.0701208285559461
0.156951174065841 0.154949366416147 0.106597583460783 0.0642070920503208
0.137259633492644 0.201833139794377 0.0716661915539163 0.052764897979274
0.0542729642906301 0.245454819848926 0.0330505512468292 0.044386843609411
-0.0328814589782397 0.245195861495094 0.0239006994877011 0.0156578059592468
-0.15268438001396 0.191974847130374 0.0247472207641314 0.0191481770941768
-0.255939386067086 0.0766786153681136 0.0629277937181284 -0.0160795453312669
-0.282439145176301 0.0148090582465576 0.169301728626431 -0.034431176710664
-0.181430375655965 -0.00698414014841164 0.223697139639189 0.161021532449568
-0.189098751748166 0.0311226187200316 0.176558692812 0.0436660854892634
-0.13084525467337 0.0957827907761023 0.0310051290976107 0.0178970521793337
-0.0757342676789876 0.140035835852432 -0.0335579176257643 0.0679914159787163
-0.0120775405595959 0.169262263949569 -0.00799540262418062 0.159657799892686
0.061872563226763 0.15543861131114 0.0926961996075353 0.192014304575595
0.107243624666904 0.128234716815072 0.161412403328011 0.161211782709468
0.109560412848927 0.121504524797896 0.169601544769234 0.121900438351532
0.10243666257884 0.121315127081925 0.153072456520444 0.112987736104624
0.0770267324207726 0.148583416921774 0.104384265810177 0.10110243393398
0.0113946248586713 0.162700789896229 0.0423976767956768 0.0854300030332132
-0.0484651992443055 0.135469558055068 0.0163415367916594 0.0279004380172851
-0.0909158783143259 0.0957294421112566 0.0307498490512589 0.0087739288947944
-0.148786409464314 0.0459480520452684 0.0962719164262098 -0.0241159185094451
-0.181699431810832 0.02835434236537 0.241871332226606 -0.0207682627900706
-0.067172608778695 0.0299020569843499 0.296911590556956 0.163720794017427
-0.0438351059705734 0.0364304457847333 0.226677163483151 0.029036632442284
-0.0133001822244095 0.0334765445808773 0.0645843025617383 0.00569239093678498
-0.0192737179938955 0.0229058247643165 -0.0235728683293417 0.053605709566583
-0.0107668980070326 0.0509941068281054 0.00189687641954811 0.171029868017997
0.0181373176822845 0.0546116205652135 0.113008976150923 0.214998855762203
0.0379245288149795 0.0573092422299289 0.189266022971902 0.189829139513228
0.0401253626006404 0.0613595093494164 0.197469770651983 0.154473710666885
0.0366269459510361 0.0679356139543352 0.171791922669779 0.14839069773229
0.0163758256077355 0.0737332299222946 0.113118056524048 0.13834927192338
-0.0187069301725477 0.0619494244793174 0.0353288626203214 0.114109168859778
-0.0395146642742644 0.024202173186542 0.000873339629601755 0.0327036397978367
-0.0130711590022249 0.012336133398375 0.0302920481159517 -0.00230513529617082
-0.0302754552481833 0.0294856614239498 0.11324899696132 -0.023570804994304
-0.064128121643343 0.0450731464275186 0.276483212722282 -0.00750575295971685
-0.0508785385140305 -0.0417512225667784 -0.294512921898343 -0.0104219623190615
-0.0802483846556172 -0.0231142715339119 -0.16791797448608 0.0552268366463826
-0.0583897636564842 0.043326301182303 -0.0472439283634844 0.0230933251831686
0.00144735004198217 0.0663188983819875 0.0266640968550599 -0.004598975548777
0.0240021183794118 0.0378914247107422 0.00665139969230493 -0.113240343683291
0.0284085799683138 0.0254678376769127 -0.0854597883916203 -0.16190448814331
0.0320404251862802 0.00673615854750349 -0.164154826092036 -0.168140622943163
0.0340194201115312 0.00848818081013523 -0.197472188953469 -0.165989448583719
0.041615720402684 0.00987441779821192 -0.196113815874253 -0.181732188114111
0.04893582192227 0.0390819242346054 -0.1453801412347 -0.194598613098657
0.0254883477639043 0.0689468531570479 -0.0524322301202426 -0.171960812875007
-0.0119000485266956 0.0923560335322646 -0.00677639741988562 -0.062423857609922
-0.091106931397968 0.0531894484388243 -0.0684936753302222 -0.00460164577004333
-0.105577350772031 -0.0365314741936638 -0.184686018069741 -0.0351957170101922
-0.0682199965498179 -0.0594959582218779 -0.299774971849153 -0.147782184508094
-0.146211205798275 -0.0606674601835572 -0.273207604422489 -0.0115510641608875
-0.17838393385492 -0.030903129849531 -0.16708086457131 0.037533536215723
-0.134637384100651 0.0724515350669374 -0.0652163515396993 0.0263827886390773
-0.0501846435763769 0.140094260185269 0.0226479316896284 0.012619374146586
0.0158437729807903 0.132556547697439 0.0169215580501099 -0.0963269081057214
0.0644579763242704 0.113561589315986 -0.0601085353502771 -0.147528088770559
0.0974907093925445 0.0776792455551423 -0.131847292024316 -0.155936369632954
0.105831488095045 0.0767494033860568 -0.165169801078379 -0.149170494127427
0.112485539870483 0.0757261907395823 -0.167768254496 -0.154292342726978
0.11109589854157 0.127673644949007 -0.137087291206776 -0.162646721994816
0.0491556134998562 0.177323904890209 -0.0604866784414267 -0.145376478153944
-0.0273498379400868 0.205309555427644 -0.0107430923653839 -0.0458346836537892
-0.169015402526371 0.14620434494094 -0.0674709770875954 0.0201500696247512
-0.237448347058961 0.000280628113008198 -0.16811217158708 -0.00727879656662243
-0.204633969734139 -0.0623480923578948 -0.254198129282796 -0.119234422372823
-0.224743557091147 -0.0798932523317583 -0.215584153737673 0.00620403472454244
-0.266544860580647 -0.0401362600167123 -0.141375010983644 0.0269236655995062
-0.211013918542223 0.0933512510249696 -0.0775052960704188 0.0242327033644805
-0.108597069744326 0.204336005412507 0.00633209996960061 0.0288197766716358
-0.00162692355566708 0.221197266955181 0.0139354994184957 -0.0602660217699978
0.0888152508858865 0.195320295211231 -0.0328788379263473 -0.103946598011673
0.147929225854164 0.141826241013947 -0.0812738041554424 -0.115556305682688
0.161003904795943 0.133312507186212 -0.106354163065884 -0.110841623417785
0.166711881723166 0.125317033920724 -0.111352955801596 -0.108261851528497
0.163921062080324 0.189982383739938 -0.102389068815223 -0.114529738756692
0.0800043025147136 0.25837389725371 -0.0532702395533255 -0.104289712251968
-0.0204755582003795 0.294699224431698 -0.00677227780304687 -0.0294405224193731
-0.208465571837215 0.232094085394705 -0.0485933409321952 0.0349368013815216
-0.326319829613385 0.0519268149115653 -0.121661069984797 0.0117425160417118
-0.306180923209741 -0.0454588862731101 -0.166269322285372 -0.0898053254705228
-0.277330237842709 -0.0874853292362407 -0.122907430110721 0.0438891323928745
-0.332786132932819 -0.0378499712712798 -0.082979486700812 0.0270559602900604
-0.270259821032647 0.115462010745528 -0.0731795743656538 0.0198823146203058
-0.153334915329919 0.255382840001979 -0.0155014857668734 0.0427353544345705
-0.0171995980328227 0.286817206995183 0.00221973308465052 -0.00598409757488704
0.102715001901083 0.253588167316399 -0.0032481288220815 -0.0330862333924397
0.177148699104459 0.186014472190797 -0.019206263945231 -0.0508701383807963
0.191111348416046 0.168319758429289 -0.0334298932353153 -0.0560276538958555
0.194440666304408 0.154850777842576 -0.0381951186142169 -0.0526402094656259
0.190970400180603 0.221847899971092 -0.047354501800317 -0.0580539319862017
0.101109285930849 0.298607832800946 -0.027717412880852 -0.0540235391001164
-0.0074019913144219 0.337961348056154 0.00447263191279928 -0.0135795043023318
-0.212606783372812 0.279888393252789 -0.0204973826963548 0.0363462825632248
-0.35812253946099 0.0925854693421886 -0.0566617558692386 0.0120956965678996
-0.353978247238515 -0.0208494607431177 -0.0534277422181939 -0.0667672871213209
-0.290677841446219 -0.0764518456890848 -0.00686014042222756 0.0908685560746241
-0.351104773614705 -0.0202572701555703 0.00369556557904055 0.0356488157524577
-0.284370809562097 0.132477294585943 -0.0489024948101436 0.017957680904207
-0.163265154191781 0.270718601360165 -0.0331852430364578 0.0571686984127631
-0.0217335321578798 0.306935617671407 -0.00933783148156664 0.0606852278329535
0.104761697342689 0.268603225451649 0.0298079017701594 0.0526809998326497
0.181637345452629 0.198350435114274 0.048895296969306 0.0262200499815531
0.192400409834198 0.177455105450046 0.043698912113739 0.00742787897323045
0.191866465517396 0.163372590882954 0.0394425558353558 0.00619417389521838
0.183056119830392 0.224060116783103 0.0164948977921939 -0.000478272330145139
0.0946012276866425 0.292365816423304 0.00585782858089501 -0.00258223798563123
-0.00988656204926983 0.319384506944067 0.0167400419475381 0.00164677259826817
-0.189825977879721 0.264923397299639 0.00766764390243353 0.0282819134567506
-0.331124284544517 0.101787287466778 0.0105143232180098 -0.00111122017690912
-0.342630569159268 0.00227092454880988 0.0645476801561891 -0.0508157504483523
-0.257847033459086 -0.046170404825083 0.115979529789004 0.13357077289901
-0.300898854138254 0.00864062869967838 0.0975229168657063 0.04329750934905
-0.232773467553843 0.128967352413805 -0.00988277746833026 0.0186758549456579
-0.131130819692004 0.231431321238288 -0.0389035105809221 0.0683620413953448
-0.0156663633681188 0.263418480460827 -0.0128988426751228 0.122553737351143
0.0924299364385197 0.231624253212211 0.0643892757585619 0.133624967573528
0.158636372626546 0.176124223999684 0.112728327108537 0.100414546632487
0.164659133019772 0.159556222516134 0.114404032014206 0.0689684978251185
0.15942834600091 0.150836964553187 0.106775736875269 0.0621228409523556
0.140741960432102 0.198237284924838 0.0714571072955249 0.0525976588783167
0.059071963284902 0.243412975705923 0.0335449935150444 0.0449029774827186
-0.0290109510972591 0.243992477802672 0.0217737499472156 0.0165594890051774
-0.149149856922548 0.192634829721126 0.0254630770324757 0.0185170227977857
-0.255358758092882 0.0801187898082017 0.0629956651176118 -0.0164232191830303
-0.279027194854011 0.0176190644514039 0.166229790293642 -0.0385246019843368
-0.179393207912252 -0.00548902784340902 0.223953962936512 0.158936382292024
-0.188964042232462 0.0320073194382285 0.175974577996776 0.0419787103938613
-0.12964346382025 0.0950001471005571 0.0317213908244437 0.0175269824495633
-0.0737536188277567 0.139902343221169 -0.0328283562123182 0.0684807210664137
-0.0089767420323575 0.168988817656126 -0.00717454791962897 0.161728627569998
0.0632329423518336 0.153085411921706 0.0959459449959629 0.190193814816715
0.108512752327259 0.124175881292506 0.164035999192552 0.155326167325901
0.111363601797931 0.118602495469802 0.168834233795284 0.119766114646802
0.105313252913553 0.118486945035034 0.153201110978551 0.109572427969651
0.0795894673315844 0.147130650482213 0.105040786427641 0.0987713469371271
0.0142032900026076 0.160917083040047 0.0435770615811596 0.0851625806729295
-0.0459938713592582 0.13503984962431 0.0152279347678264 0.0282350891966869
-0.0892218639496297 0.0951370000421886 0.0308839368615244 0.00928395258758263
-0.14821769898825 0.0479031083858832 0.0955547824712782 -0.024962652904723
-0.179232866630909 0.0294146616196437 0.238005890674591 -0.0257927099308236
-0.0656844670162619 0.0294616570528863 0.296562649614682 0.160502393628074
-0.0436723525348935 0.0357000220791748 0.225860407195068 0.0262169067234772
-0.0127198638779186 0.0314985551011599 0.0652905719248095 0.00527454742428718
-0.0195992852487515 0.0228692880714403 -0.0224631339934361 0.0549981499466505
-0.00996219647440682 0.0508609065974445 0.00404821452138383 0.172953363789003
0.0187641584730457 0.0536921389048229 0.117183014035874 0.212437792015081
0.0388530498778105 0.0560655644547397 0.191959326922511 0.184641577377021
0.0416068320572251 0.0599849002197533 0.198130126589108 0.151474379911599
0.0386569128732521 0.0662993411151875 0.173156150787587 0.144562972355054
0.0177973841217052 0.0733174846223457 0.114064814794694 0.134681998840003
-0.0180567963814195 0.061544292963741 0.037525290208668 0.113570847912123
-0.0397146954922389 0.0242452172211002 -8.01542980521356E-05 0.0326894643881479
-0.0125186800058227 0.0111139182961492 0.0295977377247483 -0.00107455769837704
-0.0296457124481995 0.0295198661150071 0.112399299963462 -0.0252253890579201
-0.0629527277744609 0.0445958507904495 0.272838907178794 -0.0121579667985838
-0.0370067880301377 -0.0524742564969747 -0.288635086494229 -0.0659652039577727
-0.0716331354451479 -0.0381922272779229 -0.173395106817182 0.0204041104005188
-0.0634240219702729 0.0305756646470058 -0.0531395143759508 0.0115495924137807
-0.0101240719481906 0.0632551862764717 0.0262403792321836 0.000148057679810926
0.0172749653824879 0.0424478031372452 0.027698819732614 -0.110127434287828
0.0235553246757243 0.0313713506709812 -0.0532084122743158 -0.175651250508992
0.0286292610512345 0.0134841173128011 -0.128098059114918 -0.198188626737462
0.0319688889896494 0.0155957517535534 -0.158329124742525 -0.201230410585234
0.037979652795177 0.0187784793893757 -0.154840085228556 -0.216708664165743
0.0393716501700583 0.0477698127791205 -0.101772571449568 -0.2171029315201
0.0114394817463387 0.0732940788444665 -0.0172715730204157 -0.17660174276404
-0.0314767533497449 0.0872959084791088 0.0069603256042182 -0.0611688101456109
-0.102751781126303 0.0327148051085046 -0.0691641630262712 -0.0192023536234678
-0.096830221280817 -0.0567048233675594 -0.178001712117987 -0.0750932977584311
-0.0547745948890494 -0.0716348929682524 -0.26903109540968 -0.215010027292075
-0.12449836273818 -0.0907473878804402 -0.26810003161436 -0.0642114124461759
-0.164230264940573 -0.0631981813221724 -0.168870722924099 0.000110327169363154
-0.141819729554083 0.0431036137801074 -0.0707881228019452 0.00727944172132679
-0.0719879655894318 0.123088114378973 0.017629171439877 0.0156717960677758
-0.00890925063105247 0.131880845003684 0.0331686485481664 -0.0927816714380313
0.0421019783794006 0.123590838153677 -0.0332709574019857 -0.156927952638446
0.0795784987577209 0.0940181059631915 -0.0988838363205586 -0.17933355085317
0.089302106037212 0.0973467420563232 -0.130198400773618 -0.179448393528771
0.0931903278977826 0.0976706778327863 -0.133238526466088 -0.182946695753023
0.0817033349839458 0.146071582574949 -0.0999789791272461 -0.182206555607032
0.0113633129374258 0.184033991992316 -0.029742699935069 -0.148326336691621
-0.0700964721740618 0.191746202349229 -0.00149537751167179 -0.0417745756322543
-0.199499634742422 0.10595759881352 -0.0750784197530512 0.00884789664791474
-0.233798259763681 -0.0493091983622836 -0.168195108530159 -0.0455507500580967
-0.186662489958287 -0.104266161586938 -0.230969698909629 -0.176360736549462
-0.195943055384256 -0.124686819379794 -0.215657226252965 -0.0368712818304017
-0.247641309560212 -0.088402830475109 -0.14107969214296 -0.00913017696007638
-0.219854843717434 0.0475471225732801 -0.0828509621975828 8.15646724201387E-05
-0.14001106324722 0.172077686417547 -0.00301639334843096 0.0269165284824187
-0.0435805750925008 0.21303269140707 0.0240421021465319 -0.0593659507792049
0.0489278801972961 0.206230445612042 -0.0164298552536878 -0.109193133109922
0.116187368871955 0.165337054238312 -0.0576659630112069 -0.128514095252837
0.132578993957467 0.163100254068488 -0.0816658162555066 -0.129530822098909
0.135550022349843 0.157065945933399 -0.0882027425662869 -0.127057088874625
0.120879293711724 0.217018739551531 -0.0765804670007666 -0.126845462057099
0.0256598645134806 0.269531840243141 -0.029905894113501 -0.103242639586728
-0.0826686774757933 0.279419962488591 -0.00116820053496245 -0.021192872406754
-0.257093722218702 0.181678261488271 -0.060892352846953 0.0300923761522988
-0.332569018071664 -0.018330012226599 -0.126399031357187 -0.0177322375735065
-0.289185295986334 -0.109832729975147 -0.149539318479261 -0.127888957014703
-0.245596042019945 -0.141914669947443 -0.132409883701275 0.0177873297804386
-0.313161335311368 -0.0982855642394786 -0.0828841994463457 0.000587625808482238
-0.281563786578505 0.0572255361624557 -0.077916632446637 -0.00437875740589825
-0.192702867343668 0.211657097657867 -0.0282505578968884 0.0355548335859044
-0.0707400800330481 0.273343340719485 0.00173722994803056 -0.00862860048978409
0.0511914885239771 0.265318526173787 -0.00293736108338001 -0.034253773917327
0.136711728636154 0.21292217842578 -0.00934408704849189 -0.0520139230107942
0.155964146526019 0.203301370836811 -0.0218555795366996 -0.0613033433314617
0.157770180438712 0.191589355405469 -0.0275833125368829 -0.0578352007846066
0.140866386413954 0.253624869220011 -0.0343878401524094 -0.0592343274203739
0.0375265074533159 0.312797608251996 -0.0150557201830321 -0.0477086872521997
-0.0800108028058823 0.322783969608005 0.00633100303476023 -0.00158664902089032
-0.271768945599196 0.226992610722581 -0.0327474843558168 0.0393303451760693
-0.371528280146682 0.0145723788208245 -0.0628152974358105 -0.00408301285507906
-0.341134255220052 -0.0968656840927847 -0.0419826191763086 -0.0798445496617834
-0.262263456507551 -0.133922870935119 -0.0279576270521399 0.0860864642158338
-0.334460214107583 -0.0839697227446961 -0.000281636205181255 0.0241132708296593
-0.299171587957274 0.0710552418740206 -0.0535372572974051 -0.00211184166040691
-0.205075843777348 0.22517302224586 -0.0485297008415245 0.0460039656824739
-0.0793800421738912 0.290416695473545 -0.022282903962716 0.0542319447883001
0.0486876067685112 0.279226150116616 0.0128418796495853 0.0567208322501631
0.138831137534891 0.225719401283113 0.0420680068938313 0.0374103740826841
0.155631245148629 0.212276515777185 0.040344993741006 0.0165863443737931
0.152839654189019 0.199122074569695 0.0364127540692811 0.0154665494990329
0.133269339906885 0.25411354933809 0.0164446537890611 0.00845043687170633
0.0326474452345277 0.305227824719597 0.00777818302272817 0.00980143557863022
-0.077972684833505 0.304215815653284 0.0149527730988127 0.0155921352838588
-0.24652433431715 0.217233629527102 -0.00319645569440859 0.0373809100097358
-0.346859620785263 0.0288789056519232 0.00705501555637323 -0.00189196856670458
-0.335059838005492 -0.0725365240732446 0.0730582618927018 -0.0371471233529243
-0.23900199044062 -0.0968365080818863 0.0850512761054296 0.15195498785538
-0.292400458790555 -0.0471063511087071 0.0893126176425529 0.0500562011030617
-0.249069222601165 0.0786040708806584 -0.0163996469584816 0.00823424898294941
-0.167902883642264 0.192628947142892 -0.0557354626545863 0.0567926840714033
-0.0671609441749378 0.249703501131498 -0.0372975035959471 0.115087118322947
0.0438279168045994 0.241037779677378 0.032405390331266 0.143006946923101
0.121208225592785 0.199667491240636 0.0902447782017013 0.122814183699023
0.13201736528408 0.188738266483848 0.0965805299486338 0.0905893987774605
0.124401189145772 0.179660421894028 0.0909940629250032 0.0829262582084217
0.0974888336203058 0.220455316736514 0.0588095578028386 0.0699048749982304
0.00888545793054779 0.249323790429199 0.0240435523520255 0.0594993263039492
-0.0798409572151789 0.226877351791788 0.0159655879449317 0.029463150857953
-0.1887154470775 0.154658338420436 0.0178440637940559 0.0294983612505845
-0.267592769580814 0.0229126925993338 0.0635032313590052 -0.00612267545202428
-0.275856316696472 -0.0435672693597188 0.172961744056533 -0.00222467859432938
-0.173159688434368 -0.0415797652792537 0.18664388468704 0.198222273336337
-0.189809858579552 -0.00295244743303679 0.165239422009764 0.0671048481185022
-0.143301371622603 0.0651007655154294 0.0247070544056925 0.0183865776656376
-0.0974329821034787 0.117311456096766 -0.0483630255136293 0.0595337816546304
-0.0423099845400409 0.159243164729192 -0.0379759431489538 0.156164382520051
0.0301809433191598 0.158313223129536 0.0544717830443569 0.205703301469714
0.0825144832700768 0.140378828458217 0.129131804165831 0.186876291871187
0.0874081426284734 0.137532752128495 0.139833438059754 0.150715857568776
0.0776465319359224 0.136153678834523 0.126410564644802 0.138258754989618
0.0481165775383078 0.158725062230094 0.0813325153166484 0.119988144208273
-0.0191570502455913 0.159232208510021 0.0257625418597556 0.0975913168401263
-0.0729416250347651 0.118925098350983 0.00601301454400031 0.035777393594082
-0.107925394732304 0.0726076664859278 0.0260899615138652 0.0191166199228112
-0.154947521265907 0.0142552994247281 0.0982898226232691 -0.00697687010536494
-0.180029399175682 -0.0108516095688074 0.242519939063452 0.0256110625475194
-0.0723880086463472 0.0165726603798395 0.259480868466722 0.214494120381581
-0.051439192396791 0.0276859421291135 0.215190431117788 0.0661020658383568
-0.0194876263513123 0.0270107105181159 0.0617883246945461 0.0178121213794982
-0.0243942375062448 0.01667022190954 -0.0331751421475376 0.0496264613348159
-0.0207155014123345 0.0446507745690599 -0.0287581732369442 0.170560303700235
0.00583978110812275 0.053211239127154 0.0732530473747391 0.231670057431595
0.027809351264219 0.0606032739131503 0.15169057121685 0.220979123227652
0.0298468444892172 0.0662042540463375 0.161378607064965 0.187902541783358
0.0244152787315259 0.071845301761852 0.13925425746883 0.176123535225738
0.0032514635336366 0.0744978065864338 0.0829554213544893 0.154353780026625
-0.0302461091478678 0.0557136896152236 0.0132218902195848 0.12003919428635
-0.0437787522510301 0.0143987415316939 -0.00978838579798498 0.0338780565592738
-0.0142847513743068 0.00728076446939531 0.0285639950328809 0.00619424930435397
-0.034711966645698 0.0213969090973764 0.116683328531897 -0.00204012027169729
-0.0701070742703713 0.0286474780275026 0.276100889252676 0.0466310650549645
-0.0376078413172817 -0.0517751756817858 -0.286733801591527 -0.0607390942143231
-0.0715900779046895 -0.0352154693181062 -0.171304763298221 0.0244009171666247
-0.0606070335784282 0.0319924195901394 -0.053395433415867 0.0123721659959507
-0.00719364199072627 0.0626516851972547 0.0266781118147954 -1.78302717012886E-05
0.01838681333539 0.0414243526465171 0.0243436233579211 -0.110147704982884
0.0250944194179747 0.0305865379786828 -0.0565087688260513 -0.17168178075173
0.0288052719953761 0.0127633517827049 -0.130978874285553 -0.193349799687051
0.0313731245775091 0.0147822955923878 -0.160389766813603 -0.197145159625918
0.0377664582546126 0.0182360912812496 -0.158800880572684 -0.211150533338791
0.040375334275774 0.0460104410107772 -0.106651004286685 -0.211878168751747
0.0142050490693334 0.0729915677080993 -0.0217099072490082 -0.176328496702443
-0.0283271421187524 0.0874687471744226 0.00597293474393381 -0.0621494728257502
-0.101255984903593 0.0354110340142425 -0.0687690826710597 -0.0205239824923582
-0.0977805824116328 -0.0537315633696237 -0.176651106245606 -0.0730803029917546
-0.0549592068177545 -0.068267577775963 -0.269003652629002 -0.208403599382598
-0.123360530290253 -0.0881661531303651 -0.266211522558342 -0.058572908909469
-0.163928372668324 -0.0589100861232873 -0.167204769057884 0.00351494587697896
-0.138975335050076 0.0444818186843019 -0.0717162274172759 0.00850634212730147
-0.0679319091973759 0.12258686203587 0.0179249399970532 0.0152878126379869
-0.00532570781471371 0.130049726562676 0.0304139020069665 -0.0918094488650839
0.0448440854092874 0.120968214774987 -0.0368854235102296 -0.153512083445769
0.080983244233075 0.0913013247969732 -0.101918864460077 -0.174808004537573
0.0903230035397007 0.0943039158826028 -0.132910099112486 -0.174926428027689
0.0940555276554029 0.0950373500067155 -0.13666091872701 -0.17926726547624
0.0845588968738549 0.142712060549494 -0.104417241105813 -0.177693828294992
0.0169332214287273 0.182730277774564 -0.0344027529593726 -0.146898913044634
-0.065182953085367 0.192119859723725 -0.00274301114391447 -0.0425705600829895
-0.19614791512973 0.109698019187881 -0.0733482874768408 0.00774034376162544
-0.234229774985239 -0.0439947356490066 -0.166482854576222 -0.0432801238305637
-0.185791068121726 -0.0988582503007767 -0.231788822906504 -0.17091540497071
-0.194308874518024 -0.121400307142241 -0.214082469622695 -0.0314978325216017
-0.247603673706912 -0.0826980339323995 -0.139149254955429 -0.00523871410856198
-0.21558396062627 0.0496561138312918 -0.0839311176668925 0.0013725077146635
-0.134592502544032 0.172012328588364 -0.00256956190585649 0.026656192213892
-0.0380365572852613 0.21052419371002 0.0203860799571136 -0.0576924394910927
0.0531317636062858 0.203033829907856 -0.0185886721126622 -0.106925275182239
0.118340425582271 0.160593335226634 -0.0596976969700155 -0.126183433564028
0.135131666589407 0.159038820123456 -0.0834564061832835 -0.127088963148174
0.137706640505724 0.153284702600163 -0.0904867517277929 -0.124301496315091
0.124872162531167 0.211769008242406 -0.0804044684837721 -0.122436912604351
0.0321831013931173 0.267552193952727 -0.033326339692624 -0.101269803349613
-0.0756865800010125 0.27893842565615 -0.00242953267026087 -0.0216967285034971
-0.251323775820855 0.185409710320451 -0.0592745523638024 0.0287003625931722
-0.331164717704679 -0.0113862994477971 -0.125155735671552 -0.0157259294287635
-0.28727900156077 -0.104012065712082 -0.150249103312749 -0.125740612260177
-0.243494648057593 -0.13846498258045 -0.13111476353579 0.0207722682935572
-0.312565470232691 -0.0918177504643578 -0.0818629550729932 0.00284360884084223
-0.277523894074471 0.0599933643583736 -0.0790041144967014 -0.0038132808949981
-0.184979968940735 0.212418859544249 -0.0273104418626916 0.0359440651192871
-0.0636598787452732 0.27141304194505 -0.00111858749102325 -0.00648873121629743
0.0556690667265473 0.261356751842519 -0.00285425791085551 -0.0328167074911882
0.139362476862983 0.207121376147235 -0.010355448206644 -0.0527977849197963
0.159665112293009 0.1979414223284 -0.0232121602256424 -0.05982123012121
0.160173794759645 0.186416425830238 -0.0290041328052029 -0.0570376782461972
0.145836546924348 0.248199553488002 -0.0363395882630706 -0.0563316393966392
0.0451606124130713 0.310700044531631 -0.0171231460131078 -0.0459741354127341
-0.0724506235203422 0.321700791271498 0.00504689017886667 -0.00123122403773788
-0.265798384025762 0.23104202021784 -0.0309751071916151 0.0379704121923277
-0.370002531448621 0.0207852492783884 -0.0607167158056567 -0.0025116860087729
-0.338414825489892 -0.0907410489206524 -0.0436708132526825 -0.0795961833249837
-0.260514387748786 -0.130095009092452 -0.0260827042124018 0.0872050992736528
-0.334030774569967 -0.0770907960790389 0.000407800852386075 0.0245828477974912
-0.295263239166233 0.0731222846987474 -0.0546663033654073 -0.00166955100679373
-0.198718652313086 0.22536442401151 -0.0476236299775825 0.0471088504881201
-0.0727601942602513 0.289217178934796 -0.0234752409689192 0.0571549386109116
0.0543092208044131 0.275118429661803 0.0142585143280319 0.0569843749187873
0.141770533017239 0.219864442940269 0.0424810942133952 0.0343182701841588
0.159237022678247 0.206258103525682 0.0398498957511622 0.0162288175039952
0.15579092696643 0.193490090502473 0.0355177045152011 0.0141056352410149
0.137935072494577 0.249156691443267 0.0150876636983286 0.00976552269896932
0.040024781816555 0.30305865439973 0.00730023828032845 0.0108806422904279
-0.0711307613652324 0.302510902460776 0.013647019378205 0.0161453984746202
-0.239650847221483 0.219861987184112 -0.00152499389059793 0.0358635740874336
-0.344812064286153 0.035047948327259 0.00781839098982032 -0.00223051585589409
-0.331465489751141 -0.0667919592161778 0.0701426851994164 -0.039436091384993
-0.236660637950864 -0.0938288850405058 0.0864987878599556 0.150678733884408
-0.292902429007562 -0.0418154829864449 0.0894607048637137 0.0490072217461152
-0.246187295797538 0.0798465868332108 -0.0172537067814283 0.00710813704118007
-0.163001180071567 0.193177986934809 -0.0547143127553785 0.0574412005156977
-0.0611704836833193 0.248263296317534 -0.036897719101259 0.11720897707691
0.0483766385862821 0.237527023354268 0.0354154313822983 0.142400433716417
0.123349230889797 0.194479505900818 0.0918091957659244 0.117401934696401
0.135239738923829 0.183437786802651 0.0974308929660797 0.088985093424521
0.127257790583251 0.175434046000125 0.0914682680645254 0.0799331631772238
0.10176946350963 0.21674306670498 0.0586790976096876 0.0689206535954403
0.0141869885128513 0.247194210910567 0.0253198318083754 0.0596442351472574
-0.0742802344953017 0.225255728931928 0.0150935091129506 0.0298660547280076
-0.182968805154558 0.156439874892851 0.0188584391103279 0.0285578848917775
-0.26541359594483 0.0279698213659186 0.062958115375751 -0.00649713654456453
-0.272142937464994 -0.0392871177227028 0.169276793207726 -0.00691949502173643
-0.170637954262587 -0.0389522381961914 0.187322737867099 0.194442237277416
-0.18948714657042 0.000367966511311738 0.164510527115027 0.0637023644367729
-0.141797191759419 0.0657275693442325 0.0242806601032809 0.0173329635493596
-0.09505732247359 0.117503508871287 -0.0470311146833742 0.0599818284301899
-0.0385331746360685 0.158547225290175 -0.036638228505442 0.15817093021177
0.0323800106912507 0.156082807688311 0.0589502754113241 0.202957553829631
0.0840024313360931 0.136116583194682 0.13202444940019 0.180770323024396
0.0902216423101937 0.133987146800554 0.141342680127248 0.147357969759587
0.0805832152189457 0.132964144778547 0.127516075348004 0.1343238308802
0.0519618618061155 0.155966808285204 0.0826964758760838 0.117136460915186
-0.0152717398526574 0.157792504050698 0.0275730330606074 0.0966635861190988
-0.0705914593588693 0.118185052878473 0.00508257370926787 0.0360415027287269
-0.104769302853354 0.0726150020897426 0.0264837763686493 0.0187962799496333
-0.153372342764281 0.0170457579856967 0.0971928524938024 -0.00759980318578327
-0.177892313431302 -0.00876596550603832 0.238983884769371 0.0199701365676202
-0.0703167236699004 0.0169803590443359 0.258839445082489 0.209173838687575
-0.051466178300464 0.0279617499748386 0.213803643033798 0.0617782154503833
-0.0192837012914922 0.0262880590390497 0.0618990035044119 0.0162058846691534
-0.0250414683758475 0.0169681174978722 -0.0325254257415016 0.0507073052438828
-0.0201144884419059 0.0451427077734901 -0.025214775522031 0.171655153768079
0.00583503297847554 0.0529914514136269 0.0785077091428459 0.228505842062886
0.0282143193122436 0.058652777716258 0.154572741232577 0.213974803307668
0.0312796286533583 0.064628400132445 0.163104923944019 0.184079331926106
0.0265864409566031 0.0697640238840091 0.140797206589337 0.171332450156192
0.00598487161435931 0.0737765021388641 0.0850227396964278 0.150501600387436
-0.0292571449444947 0.0556437085737718 0.0161836301801415 0.118158281262151
-0.04383546886404 0.0144540964796179 -0.0102346024225156 0.0342378953825273
-0.0137521417268418 0.00608321354654836 0.0286072739907768 0.0068475585077976
-0.034004969121893 0.0211626168116068 0.114490302895785 -0.00375327289705412
-0.0688887387262495 0.0281422484298626 0.272244496040786 0.040790159086198
-0.0371382649872807 -0.0506640088344904 -0.283445826627607 -0.0567564266227646
-0.0706787943686336 -0.0338436907720392 -0.168701363562461 0.0261595914520548
-0.0585921371969088 0.032253322743754 -0.0534532527239405 0.0130040103921126
-0.00497558607723907 0.0612971479049173 0.026761203701355 -0.000470105905708275
0.0196043221283955 0.040251427932569 0.0227047992710445 -0.109369176915903
0.0259848381567824 0.0298021578897698 -0.0583056607504731 -0.168545678182433
0.0286263130603504 0.012524340309863 -0.131951356082538 -0.188063123695448
0.0309109035329671 0.0143938017052014 -0.161843480808298 -0.195040176289008
0.0372411939577593 0.0172532359988484 -0.160510718914855 -0.207836225439491
0.0405115151973489 0.044522204706946 -0.109563658177631 -0.208464161464047
0.0155140770337614 0.0729888573211769 -0.0255031110040092 -0.173933747818383
-0.0266316843275263 0.0876682451213817 0.00498967543949003 -0.0631628698625558
-0.0998895277642722 0.0368806425152913 -0.0679059808711191 -0.02164765786683
-0.0979931481428007 -0.0516654711105561 -0.175265533324506 -0.0721151411158711
-0.0543699421964057 -0.0654746650057 -0.267676796095502 -0.204174251782205
-0.121589334761144 -0.0871141596995634 -0.264300910972003 -0.0551531995542125
-0.162812394637523 -0.0560624245127443 -0.164822865393514 0.00641758911037432
-0.135453180328234 0.0450648880892393 -0.0725712324489079 0.00981659841090135
-0.0643465685546141 0.121080104397636 0.0184751205253212 0.0152889456495018
-0.00240660818069189 0.128397256477192 0.0281313125977729 -0.0902497441833087
0.0467368147089051 0.118491881460619 -0.0384412254614493 -0.150937856291918
0.080599031853658 0.0886843388027646 -0.103134528920913 -0.171684017551731
0.0904929916678577 0.0926323776988866 -0.133724600868957 -0.17283794814378
0.094128850733127 0.0933103518434755 -0.138270883249856 -0.176207867806225
0.0855740310576072 0.139141411286007 -0.107026088764092 -0.173680771012349
0.019586186571077 0.182052292254473 -0.037174708309798 -0.144575461998014
-0.0611321881699043 0.191029914830494 -0.00375534368517669 -0.0423817642475629
-0.192808358192658 0.111006474529825 -0.0730536472018192 0.00641263891295547
-0.233431125341437 -0.0408112370814951 -0.165033520450586 -0.0425532300382497
-0.183484437292743 -0.0957190888439955 -0.230864026755182 -0.168557825699679
-0.191961213673148 -0.119876759402426 -0.21173757863199 -0.02872738517073
-0.246485668817024 -0.0791406493863004 -0.137854342116071 -0.00265834340644972
-0.212417484305158 0.0496858835376004 -0.0849320552688307 0.00192003607584399
-0.129906379751149 0.170482362181928 -0.00182981554591419 0.0273118558812337
-0.0343469654574232 0.208430030347963 0.018419613261685 -0.0557003400787166
0.0554171942187451 0.200009284568966 -0.0195745706778012 -0.104263661532628
0.118652657462058 0.157718804925586 -0.0609427747809401 -0.125077531048986
0.136313778837516 0.155717098030377 -0.0846695420729416 -0.1248606001455
0.138343052346638 0.1501750550001 -0.0915636348030961 -0.123361033560352
0.126070082762889 0.208318793722005 -0.0818868990786945 -0.11834474054292
0.0357365492904839 0.265941248714688 -0.0358731959884473 -0.0995867219627901
-0.0712227623504218 0.277271918629348 -0.00345278154392769 -0.0214969708532298
-0.24698183974992 0.186952063041487 -0.0578273177433172 0.0270761472951058
-0.329755299494804 -0.00876015944981644 -0.122950956850784 -0.0148473935341683
-0.283882675861348 -0.100901455601523 -0.151395201466673 -0.123187699415269
-0.24054628955143 -0.137220268292215 -0.130083716585634 0.0224659189068747
-0.311864525671364 -0.088196970596255 -0.0811519993369348 0.00472483889650979
-0.2739231701851 0.0596765878232436 -0.0805268668213348 -0.00351170543017401
-0.181151177334709 0.21098664061845 -0.0261668447883335 0.0363979498073731
-0.0598315615144493 0.268964225182643 -0.00201458184225114 -0.00387825126867106
0.0582912087241659 0.257261870943116 -0.00307175443039522 -0.0309340529948791
0.139820633902194 0.203037486851447 -0.0105145444690911 -0.05296558243115
0.160808469960888 0.193087571429219 -0.024272663717465 -0.0586802708427852
0.160455037041224 0.18360779248654 -0.0300265691940435 -0.056918068491279
0.147381987007645 0.243766344484099 -0.0379120370381849 -0.0540500341346131
0.0503383717513665 0.308798800401675 -0.0185161406520396 -0.0446282706511378
-0.0677269145031284 0.319741688661824 0.00340821395599256 -0.00138561215563679
-0.260048126415817 0.231392874912136 -0.0302930554588535 0.0366276441396008
-0.367933904967592 0.0250735753586109 -0.0592948579172326 -0.00208454440533618
-0.334265539529887 -0.0875463414702214 -0.0449988196822468 -0.0791676984883032
-0.256533613365753 -0.128919582225145 -0.025071204460075 0.0883403804832071
-0.333902542065772 -0.0737724337571331 0.0010249362141 0.0250866493089817
-0.292223800271556 0.0731786233355596 -0.0563238822551023 -0.0016942102247245
-0.194780171237956 0.224375056765634 -0.0463649030221772 0.0475729514357322
-0.0685943055241487 0.28689945163883 -0.0237707313269446 0.0598086494551086
0.0568471992749175 0.272056938248686 0.0152746954755145 0.0578598603734779
0.142585966133698 0.215616489266652 0.0422285039740208 0.0316225503391205
0.160525895666577 0.20151130770099 0.039286727992276 0.0165045393339631
0.156873762793037 0.190198521398813 0.0345654949095253 0.0128450617038187
0.139979866335779 0.245053719898621 0.0147694898145361 0.010607878093736
0.0447317521894877 0.300467877157915 0.00674235026812821 0.0113515518098381
-0.0667357849185002 0.300225922433942 0.0122267970700111 0.0164287007094155
-0.234544741275144 0.219851431007871 -0.000859498911427148 0.0344994708817786
-0.342566997901495 0.0375216135861598 0.00862331866522489 -0.00148597280460227
-0.327358045989809 -0.0639312158860407 0.0677075719855444 -0.0405449738954329
-0.233057896807982 -0.0927494881068124 0.0864830978238265 0.149696144669051
-0.291618869939098 -0.0379114115990579 0.0891552222065025 0.0488522287938121
-0.243999032522944 0.0799933690611347 -0.0187044067438998 0.00737483507193479
-0.160439250425427 0.192687721460769 -0.0535536386708985 0.058063353846816
-0.0572198630774045 0.247014595972867 -0.0367757011072144 0.120117668189449
0.0492478436821472 0.234934486497155 0.03752741672272 0.141778607965604
0.123401931151724 0.190386506830343 0.0923020211972042 0.113002317398178
0.135494342396911 0.17911312334925 0.0969558030649195 0.0885354936064351
0.128332210510249 0.171942938210948 0.090493308973669 0.0780930819867339
0.104552017999979 0.21364755139368 0.0586196999720876 0.0686106706567121
0.0181847131888522 0.244610526490328 0.0256550221883428 0.0598544617546169
-0.0706382648442215 0.223828989478269 0.0136687882479257 0.0300842785891062
-0.179403733717413 0.155360373767619 0.0192274520278188 0.0279495333554191
-0.263160274870017 0.0298532002894559 0.0623399964475703 -0.00631814779141429
-0.268399835971728 -0.0376916305756023 0.165772797217556 -0.00904709095505895
-0.167689959317566 -0.0384023369116272 0.186904799250354 0.192984606235558
-0.189197655611367 0.00221815655287631 0.163214174060965 0.0624912881573832
-0.140284914193645 0.0649609009087508 0.0230628321056175 0.0165221399964469
-0.0940173837155349 0.116611129028164 -0.046586951266484 0.0605068927867047
-0.0370909752850199 0.157499832776251 -0.0348958525765823 0.159278420246451
0.0333092449161249 0.154637835340364 0.0612292171293786 0.200649182372695
0.0843657916360785 0.133716037289368 0.132306322905924 0.17579867802517
0.0905678369371403 0.131088859097896 0.140525433106576 0.145699991497881
0.0817564420310116 0.130239890925347 0.127177574592275 0.131598556263752
0.0540233676254504 0.15379004191003 0.0826084903670902 0.115611675278151
-0.0128699790864057 0.156302658295024 0.0285354193230698 0.096346825829096
-0.0683650187044015 0.117343161810434 0.00398657661612972 0.0370750365396417
-0.102425707410723 0.0717024880186181 0.0271626995042214 0.0189080686264411
-0.152128297376734 0.0176432107661907 0.0960558959592577 -0.00751669787968144
-0.175483612232859 -0.00797749987577256 0.234736475865405 0.0165128436081256
-0.0680029938653514 0.0168901162428363 0.257014201087933 0.206120100435556
-0.0514249980155102 0.0277369633719672 0.21156726057235 0.0599175729826019
-0.0192385681550341 0.0253379195752196 0.0610950683227144 0.0160820884045699
-0.0256555019228874 0.0170281409627199 -0.0331148705800011 0.0508620982617064
-0.0195317415186522 0.0452428171840472 -0.0233189062389439 0.171748317664106
0.00543169281525789 0.0526478651238709 0.0807376090765103 0.225202400209303
0.0281786623378766 0.0577960021611478 0.155379740306398 0.208641009976983
0.0321255905305726 0.0633140767404592 0.163321343038416 0.180847918438823
0.0275164526593069 0.0685868148892913 0.14001419522121 0.168001910919881
0.00730971404699139 0.0731100824623531 0.0856959229544191 0.147234824000328
-0.0286303589090682 0.0555035318524759 0.0182979583392718 0.116574287910999
-0.044177299728127 0.0149686723054603 -0.0107623723085148 0.0352163719808859
-0.0129232166348501 0.00464602719889913 0.0286008131195135 0.00745800490455554
-0.0332493411698123 0.0210620592263604 0.113269916265883 -0.00417039163914031
-0.0680881702476364 0.0277267298539119 0.268424327698992 0.0369757213413017
-0.0370963260867352 -0.0509379907420477 -0.282658902083722 -0.0575074001689071
-0.0699221040373101 -0.0330192654965279 -0.167977781553713 0.0262918384063889
-0.0569164889931117 0.0315955785768858 -0.0546414955245965 0.013792727728156
-0.00340728578407423 0.0608746652467433 0.0279611454671684 -0.000383295252408472
0.019803794574563 0.0394514978398496 0.0232257871564756 -0.109050440351905
0.0267666647643832 0.0294472860456179 -0.0587074503411521 -0.167517977758851
0.02906945465369 0.0127972059428147 -0.131746336591499 -0.186778663851714
0.0305586346605308 0.0148620924969761 -0.162224952164911 -0.195008495040059
0.036726436616037 0.0179004764372261 -0.161299101865018 -0.208126856065012
0.0407187842352712 0.0438504054602011 -0.110597000298558 -0.207043735035575
0.0169940670214002 0.0733120991511745 -0.0267071062996503 -0.175077088550633
-0.0251476198670445 0.0883978077102139 0.00512891738983375 -0.0642904253272681
-0.100394161102426 0.0381668118319712 -0.0677531928443266 -0.0236416212278746
-0.0981982052532531 -0.0505686512316628 -0.174744215924371 -0.0737737830165899
-0.0528908091456915 -0.0645181834930633 -0.266796242121947 -0.203363804393262
-0.120734371356466 -0.0879319800804482 -0.263111823877165 -0.0559273604466962
-0.162145954530747 -0.0552803520128041 -0.164001140197919 0.00629247568429356
-0.133910747574963 0.0434217559755824 -0.0739018677923686 0.00968547480333253
-0.0625290821896804 0.119608414632473 0.0192939871699363 0.0160384951199037
-0.00174639132855358 0.127138492827513 0.0276200468469574 -0.0892901595089614
0.0476448204691218 0.117716501129657 -0.0385085039413993 -0.149787115356707
0.0802287823725976 0.0889224650103127 -0.102775294409704 -0.171233250339712
0.0906621759407014 0.0922665230655055 -0.134386211653256 -0.172987650405146
0.0937234627664828 0.0931451895139375 -0.139024679414165 -0.17625718287632
0.0855694209020659 0.139207486701614 -0.1079337256486 -0.172045825336378
0.021211082640812 0.183380850905549 -0.0384340265133987 -0.145048863767376
-0.0604558540585327 0.191449852691624 -0.00408849994104956 -0.0429404326047
-0.192931440289048 0.111612592279935 -0.072390129847459 0.00383904217231124
-0.234746868108823 -0.040672607021876 -0.164322525222759 -0.043886392156581
-0.181563038356102 -0.0951572338386098 -0.230393770830398 -0.168955595352408
-0.189894256077988 -0.121957726731595 -0.210682983837329 -0.028942155403332
-0.246144729800617 -0.0782451168817561 -0.137262660617069 -0.00210316323806942
-0.210888852390191 0.0482766915230861 -0.0866486379977052 0.00246390069995367
-0.128636797981444 0.168942380929556 -0.000603053491563087 0.0274771064379274
-0.0333297314678373 0.207848421141513 0.0177108072664589 -0.0538527644179437
0.0568381134429007 0.19938017451331 -0.0196388077264243 -0.103291844247058
0.11869692571161 0.156609279905739 -0.0609430846767157 -0.125395978759727
0.136564531225999 0.154573338663102 -0.0852521077766374 -0.125296590861163
0.138204294843719 0.150595997537018 -0.0924721072686451 -0.123198960878788
0.126385056761429 0.207895376877316 -0.0831441219117561 -0.116548078088357
0.0382114657512625 0.266840950830906 -0.0367921845747487 -0.0988410708018063
-0.0698301176069577 0.277684447396732 -0.00466609483910102 -0.0212220175090362
-0.246968854713285 0.186768078380778 -0.057682576540688 0.0250867904174232
-0.332163957696206 -0.00837820969347115 -0.122063301785484 -0.0162556652298711
-0.281245978615738 -0.100230322998579 -0.151727124316219 -0.123979016846841
-0.238620848915711 -0.139535926891955 -0.129197054972752 0.0233009201572974
-0.312084550022119 -0.0864378292216644 -0.0800568289246777 0.00565184856805816
-0.273266613461892 0.0580263252529446 -0.0825166009888676 -0.00298351518699824
-0.180373423778749 0.209275596740398 -0.0253804106302736 0.0368453776833892
-0.0590971794742556 0.268247904364853 -0.00314812224565586 -0.0015021086935891
0.0587797443589195 0.256974450515713 -0.00250014247105014 -0.0295837828240223
0.13936902790721 0.202248827932633 -0.0107087381826409 -0.0545143479613041
0.160906612889001 0.192848280238946 -0.0242182830625935 -0.0583994461993809
0.160549706944186 0.183441578274359 -0.0310567053677215 -0.056958590049173
0.147927787196854 0.24386504168745 -0.0386561867420489 -0.0518937549088575
0.0524506765324352 0.309210870616574 -0.0194612827644082 -0.0438984824015516
-0.0661447630127519 0.31940164828529 0.00261335871450126 -0.000631354245191494
-0.259649760987581 0.230715558177809 -0.0299603117786483 0.0348424118218257
-0.371102520138781 0.0241061597200989 -0.0578751596460631 -0.00190869509443124
-0.330925892964466 -0.0882859952184926 -0.0462411033749411 -0.0799701874301252
-0.254472177572764 -0.131393153949557 -0.0248581934479732 0.0889811872664033
-0.334339931027023 -0.0730535937772422 0.00112793478347004 0.0268755366714254
-0.29203041682946 0.0715090043768065 -0.0585580163555882 -0.00183602012514666
-0.194551543928224 0.223684906018885 -0.0461820918875822 0.0479565338072984
-0.0683473395476181 0.287212073265861 -0.0245955386659693 0.0625400562147253
0.0569305758056429 0.272246017332563 0.0159447342174389 0.0589395604756591
0.141677658134557 0.214524514668124 0.042132084207851 0.0295792499284216
0.160966426564512 0.200602365536526 0.0391182595650466 0.0171452847205574
0.156360961275021 0.189924784457535 0.0342730974427985 0.0127213759760943
0.14040084456381 0.244541326976665 0.0143114751513371 0.0125477937749595
0.046930419897904 0.300847629082634 0.00608000624325107 0.0116593119156423
-0.0656957878047418 0.300069679126374 0.0111593383342394 0.017072951966331
-0.233626701593874 0.219784870760466 -0.000297173348965069 0.033539932847385
-0.344114438628473 0.0377227374185344 0.00953780360889845 -0.00132226225079511
-0.324458760073715 -0.0647500946318184 0.0661955650191239 -0.0411155890993765
-0.230580445597306 -0.0952435464966222 0.0862957461975375 0.151763698579317
-0.292750848402708 -0.0379835555727381 0.0896435873988287 0.0498747031794026
-0.244229680700537 0.0776926789560327 -0.020748716228485 0.00687236348634732
-0.160732332572614 0.192197853623943 -0.0541962265234617 0.0587639121970711
-0.0569985878812357 0.247350763342474 -0.0367404327286584 0.123074480242927
0.0493993115861195 0.235013230094323 0.0387029797102182 0.142275521959338
0.123560952320395 0.189806525639054 0.0915795235311607 0.110392839017278
0.136767387932098 0.178159205121726 0.097563329530749 0.0891200172122846
0.128630230023959 0.171402539444586 0.0903914857387336 0.0778329845971466
0.105098973005579 0.212451692027386 0.0583840801300159 0.0697438156517407
0.02000818604996 0.244371524385623 0.0257891801388954 0.0600839810725468
-0.0696441840122009 0.223454591744919 0.0123604271782835 0.0312417720261908
-0.178442905841847 0.154485184852468 0.0192924004332111 0.0275300452047023
-0.263325230090497 0.0293626275180667 0.063407110677496 -0.00542310193176802
-0.26689260228272 -0.0392845404582893 0.164031374690864 -0.00988797243647526
-0.165767332263181 -0.0405467592490848 0.186231096411701 0.194330100407718
-0.190143587740887 0.00259462315421956 0.163301715990043 0.0632659146233159
-0.141405322636851 0.064257281242318 0.0220295509606193 0.0166992291875292
-0.0945279206447932 0.116904314044263 -0.0472840224449581 0.0613853075181867
-0.0367300241198366 0.158532808558785 -0.0356430898768599 0.161785400534529
0.0321212534730456 0.154929585964345 0.0624821909413022 0.200904434720444
0.0834330165298901 0.133184258905763 0.13175123507935 0.173113657237036
0.0917180137806531 0.129914577108177 0.141262685035753 0.146468255355511
0.0825292711250606 0.12958319543013 0.127028258517715 0.131524230939764
0.0549597571248409 0.153593052797695 0.0825285383785902 0.115095273229013
-0.012305544082177 0.15623876190978 0.0289543971737639 0.0960365027847496
-0.0681286767636168 0.116842771809717 0.00310705311008637 0.0381351978081852
-0.101435201037726 0.0705730824952258 0.0270423702947053 0.0191676316428567
-0.152466389919798 0.0176157131496838 0.0967662127560661 -0.00644597878785383
-0.174342490236886 -0.00887806466478059 0.231692856494764 0.0160247146427993
-0.0666548043211965 0.0159815981222942 0.254911458860134 0.208256459630657
-0.0514531809475001 0.0273701758786454 0.21096363871963 0.0609698688868735
-0.0198077315844848 0.0246018337832307 0.0604789225977311 0.0162786645433693
-0.0266760671684635 0.017307751087751 -0.0334768150322226 0.0514876335831828
-0.0202673101897659 0.0460831877613825 -0.0234992764355151 0.173882679985964
0.00467698204209251 0.0534692113976958 0.0816752519354809 0.225190268161407
0.0275704774482087 0.0577907106106906 0.154726204855783 0.207013073473389
0.0331441644225864 0.0629807615466733 0.163086023811773 0.181386638126911
0.0284102500267979 0.0680642333263318 0.140432943067789 0.167458544210019
0.00810410388537513 0.0725715185613133 0.0854275143672238 0.14668457272753
-0.0291347846647296 0.0551572063155094 0.0182569080873516 0.116150381538875
-0.044931124644725 0.0147664799462812 -0.0116800267113255 0.0359824096551384
-0.0130092545674159 0.00348600760190143 0.0286083090491652 0.00851811137510528
-0.0334700414529616 0.0205199328456836 0.113123123979714 -0.0028687034814808
-0.0683694896338145 0.0268546883976539 0.2663910055711 0.0361434832013848
-0.0378701265863243 -0.0514121143195379 -0.285808430464937 -0.059366447101136
-0.0703564550968781 -0.033103174223716 -0.170240243347436 0.0266517104380286
-0.0566991612955719 0.0315749744777521 -0.0556321191341358 0.0145603789269448
-0.00220942823653658 0.0605672436483089 0.0297785633499673 4.49503176568817E-06
0.0209069599371591 0.0394474574827475 0.0231348182226357 -0.110975226646373
0.0284884092974724 0.0291774022337364 -0.0601456068513358 -0.169502568116734
0.0295151568802286 0.0128412398160266 -0.135120861295947 -0.188799371348153
0.0307151564896953 0.0151621481037949 -0.165786224104036 -0.198429238534086
0.0372189081761598 0.0181551406060176 -0.165068118124655 -0.211698885016157
0.0414764373177705 0.0442426995645913 -0.113814577407482 -0.210006104396927
0.0191587532398376 0.0749287231074116 -0.0292094161066719 -0.178277578245266
-0.0244840105375969 0.090109348103766 0.00519074109518221 -0.066151731552372
-0.102149377745915 0.039387725148744 -0.0686386977094538 -0.0262598805647815
-0.10053670075592 -0.0514841627789193 -0.178149281983908 -0.0768870363171
-0.0528627191223314 -0.0648864863934775 -0.270343586805768 -0.207770364835152
-0.121624401711558 -0.0902247742625619 -0.266367682532355 -0.0579739372806031
-0.164022392695433 -0.0559062582353859 -0.166429703491385 0.00713375770250793
-0.135161930820449 0.0424304610669604 -0.076136795798351 0.0107776504729831
-0.0623086365451465 0.120868542011135 0.0213760669935725 0.0168169921500865
-0.00158440220589463 0.128619190960795 0.0279640735358346 -0.0900251766084656
0.0495450483093404 0.119922513998643 -0.0393298827856226 -0.151301136938109
0.0824255275512674 0.0898235746503325 -0.105181994654775 -0.173559253261789
0.0925309510297538 0.0932982934124975 -0.137140448532157 -0.176581388877535
0.0954146285794829 0.0945842681746829 -0.142789480264312 -0.179155422128253
0.0873471343057531 0.141082091107543 -0.110923325050384 -0.173622143597495
0.0238829429134612 0.187225994399154 -0.0404676784623882 -0.147478806625731
-0.0603835827143249 0.195589498564523 -0.00450721112209584 -0.0444994978685292
-0.196851744783798 0.114211867146665 -0.07361566047862 0.00186277014684672
-0.240175536073322 -0.0410712033580045 -0.166830371434132 -0.0463979818883655
-0.182785518707255 -0.0973682691266559 -0.234613976927716 -0.172214926376729
-0.191893381392431 -0.125881124627804 -0.21329443881214 -0.0293773978355795
-0.250235446132977 -0.0788337001801346 -0.137985261247728 -0.00164805716064159
-0.213744489169753 0.0465221279888744 -0.0902701558331609 0.00295091502220511
-0.129768072337526 0.170860496797241 0.000542154258629164 0.0283629827994733
-0.0335951304820864 0.211564037280708 0.0178397296431074 -0.0530030695778315
0.0587800474005343 0.202593585447828 -0.019862360898459 -0.103997330546537
0.120601272687013 0.159004218359486 -0.0624569593300001 -0.127983305169156
0.13932974391891 0.157093257028459 -0.0870514444263235 -0.127502653075009
0.140734236619233 0.153147308829434 -0.0956004986595378 -0.125144264839095
0.128212931672653 0.211137386160738 -0.0849065846584113 -0.117199593589032
0.0408971023373598 0.272697062355999 -0.0389274307540171 -0.100666583295795
-0.0699055095526112 0.28202579650663 -0.00513914653673096 -0.0216784084836195
-0.251673756378178 0.190071194884177 -0.0588345349073092 0.0238755689983224
-0.338901853820176 -0.00816168799338435 -0.123692969117908 -0.0177096575899337
-0.283808427579892 -0.103183911490089 -0.155154109211385 -0.126895495245847
-0.240000616783355 -0.145703463771452 -0.130159479802651 0.0240993785521649
-0.318002986990933 -0.0874601687987034 -0.0796269201270513 0.00645669517800171
-0.278351401367543 0.0568326333979555 -0.0857591096155665 -0.00280278093729812
-0.18318112214502 0.212495046585749 -0.0250823691274288 0.0381452954234686
-0.0594476273815918 0.273145500499693 -0.00369775958699958 0.00116590697075459
0.0607932306305003 0.262003366185131 -0.0019460620297306 -0.0292165283526478
0.141081844131232 0.205123575409327 -0.0115604733088634 -0.0568935092726493
0.164294273029013 0.195794290793459 -0.0251222716308036 -0.0592292680303903
0.163599849238743 0.186462553375221 -0.0324075857444337 -0.0579990677454483
0.150881097495675 0.247948283911296 -0.0392947981698954 -0.0510655083437113
0.0557449131975071 0.315647833824261 -0.0207195468967815 -0.0440899601590699
-0.0666547225846028 0.324605932091311 0.0014797533888012 -0.00039689293250389
-0.264059635205504 0.235636328498473 -0.0298790861371093 0.0338011239285185
-0.378086597472827 0.0243653494571391 -0.0580653515111393 -0.00239337115007198
-0.334283643785053 -0.0908935193192811 -0.0486716709699307 -0.0820035802832353
-0.256193679719844 -0.137802240934251 -0.024590954525191 0.0913841004842214
-0.340456431287372 -0.0756520315391458 0.00312942991403038 0.0281833011317065
-0.297663471407254 0.0702295296479526 -0.0612807229139451 -0.00133201746960444
-0.198499038101948 0.226789944339595 -0.0464769396450501 0.0492235289989791
-0.0688286585099052 0.292607691107464 -0.025653354936898 0.066679510583302
0.0572431662885326 0.277575856796995 0.0176174317745027 0.0608112228180909
0.143241424707864 0.218282664703849 0.0417577084884542 0.0279161282039764
0.163998461893801 0.203493269949916 0.0399476919273413 0.0174285539543246
0.159936544800759 0.193195004098496 0.0337569562472783 0.0134336587496521
0.14385262212748 0.249470908424076 0.0149735554809459 0.0142430866008102
0.049361959969314 0.306626715541418 0.00553883607177103 0.0127539326920274
-0.0653174540931999 0.304452862027336 0.00968767325835947 0.0188496913634829
-0.23744433465093 0.222515282722327 -0.000453902833452102 0.0332558842016059
-0.35097919572395 0.037782086168358 0.0110007570871698 -0.000899979185536093
-0.327915808390303 -0.0681154014976588 0.0656235038468361 -0.0427399568137137
-0.232508507301318 -0.100612543161548 0.0881482746752104 0.155701307392019
-0.298675222586932 -0.0384972839524925 0.0923047423031014 0.0513298346120987
-0.248836399991786 0.077594314725202 -0.0232861998470207 0.00813063530733133
-0.164375786390241 0.195244915852921 -0.055461463173549 0.0600173515884771
-0.0579601718323443 0.252452257567818 -0.037661825609095 0.127769118330043
0.0504235008267022 0.240428736632442 0.0403556171806343 0.145747399697968
0.124070934705397 0.192724240796066 0.0919541728097173 0.110261371197439
0.13869367529082 0.180455542389558 0.099449283617949 0.0908276611715451
0.131874489924063 0.173960237528256 0.0910954976590755 0.0795604255653586
0.107233012419265 0.216705694923543 0.0597017079935252 0.0722698062840862
0.0218973172877884 0.24938102153061 0.0257244687916854 0.0616344907257985
-0.0707466252921789 0.226700713531969 0.012019478890481 0.0327687285425243
-0.180906709337119 0.156209125447057 0.0205008775600016 0.0276338120196972
-0.269534186272228 0.0298388683368067 0.0657247927068211 -0.00459772509078173
-0.269557327349071 -0.041243148342993 0.164680162535804 -0.0106407964115063
-0.166843212091653 -0.0439302172143303 0.188543564422927 0.199929402844751
-0.194088778946974 0.00239558606047267 0.166772470331108 0.0649315856617659
-0.143945382892575 0.064595795210464 0.020954046970063 0.017665929016768
-0.0972051423445387 0.118963012956793 -0.0485578631941963 0.0630568440689036
-0.0370513483531241 0.162455653814624 -0.0359846642860425 0.167362911528396
0.0326638771577097 0.158700740751567 0.0649206689863132 0.204382882052127
0.0840182402466575 0.135543789431542 0.133121142669508 0.173686050733941
0.0935002056249619 0.131771982952262 0.143669617371678 0.149082701383027
0.0842056814885019 0.131522065782094 0.128299990305745 0.133824175168685
0.0569030568504692 0.155991053038476 0.0836056807240594 0.117021764399959
-0.0110993161120657 0.159021626034866 0.0295261631121546 0.0976574943039868
-0.0697970532557622 0.118509028878005 0.00204037116926268 0.0399619482887645
-0.102785390364405 0.070691245075164 0.0278070225058305 0.0202279101384427
-0.155354621028812 0.0174161535689714 0.0991818218909921 -0.00580242575724013
-0.176437998385787 -0.0104526929069665 0.234019152888234 0.0156971742627808
-0.0671919352028923 0.0149006565143484 0.258650307203411 0.214470864148692
-0.0529782988628917 0.0283564857598244 0.214483426231309 0.0624951154218472
-0.0206086298267567 0.0251729383300374 0.0606727403221148 0.0171221728214926
-0.0278282228162369 0.0180289450600055 -0.035579675194778 0.0534452507905156
-0.0207046493817328 0.0474786227361073 -0.0233962380067803 0.178738312081408
0.00386962987305775 0.0550652985451092 0.0840502143875216 0.228711929321829
0.0274806130022518 0.0588933382781072 0.156985576109714 0.208913024842439
0.0335288161174511 0.0635116940709583 0.165968048537073 0.185612374592442
0.0292922452675276 0.068929049864352 0.142271271645713 0.170490590585105
0.00859156140993147 0.0741013492867116 0.0872688662381514 0.148181279686561
-0.0301997428629704 0.056713528794327 0.0192372753375961 0.117227432051684
-0.0463058637688898 0.0148591113353712 -0.0124184017891483 0.0368645380630528
-0.0128599611943355 0.00197060651605262 0.0294242590338972 0.00924985230927558
-0.0343225826212114 0.0206382031512779 0.115521969168207 -0.00222395928240751
-0.0701144882795991 0.0267926432365523 0.268819627584964 0.0363112992798633
-0.0628005412326126 -0.0198503964924509 -0.272955091749093 0.1320227045125
-0.0764387657761449 0.0154888124975884 -0.12425587209144 0.129355484111563
-0.0279251146116969 0.0580275931983757 -0.0369156955536071 0.0498629425663564
0.033772638368911 0.0487514525008651 0.0282142131423155 -0.0183047950935487
0.0401395802143955 0.0187876159639999 -0.0490689362813023 -0.104023204658812
0.0404418280565585 0.00558546322924603 -0.153265669379781 -0.0987610039022432
0.0314590841164454 -0.00705174451359349 -0.229027331633853 -0.069366298546655
0.0341900347916489 -0.00645678022563446 -0.260692775690598 -0.058077703327532
0.0398702976976105 -0.00840393460965009 -0.269616242481103 -0.067731167181046
0.0607298806097197 0.0104910279042578 -0.2262160362645 -0.100381743566787
0.0636445994293297 0.0491686873870686 -0.13586461359893 -0.126762651609033
0.0363274414266235 0.0909093015162767 -0.0385215908205531 -0.0592953335191876
-0.062098359467458 0.101833443170651 -0.0732264885407904 0.0202196421805032
-0.120175863269874 0.0246010853131212 -0.19638810059464 0.0486985140839493
-0.089576212124613 -0.0237384935149949 -0.354546404195768 0.00452396593726934
-0.156148064803394 -0.00611709809692037 -0.257192396424913 0.127714592354286
-0.165589286201813 0.0524755461155703 -0.135790182736914 0.112516123984194
-0.0858384495807068 0.113831450892813 -0.0579352115211595 0.0630943665025328
0.0198873654860787 0.131537724241612 0.0323444631096089 0.00456935492860168
0.0755814771415076 0.104391106064714 -0.0302756172128656 -0.088466867101732
0.11272533447779 0.066415819982189 -0.122794455388849 -0.0946864957753722
0.120864974478317 0.0230908978401505 -0.194485982974437 -0.0756897712961059
0.133906723860057 0.0185757505716337 -0.223246950324619 -0.0575882439777383
0.137363084906971 0.0188407123436469 -0.23235594080463 -0.05542979377208
0.161082516341568 0.0610653320397834 -0.201217988688586 -0.072544965880908
0.139845655953141 0.139121399632604 -0.126005802651134 -0.094881784352848
0.0728966366279148 0.201815736183238 -0.0317657646500239 -0.0363013628770511
-0.094277914635125 0.227271276076274 -0.0587966188961239 0.0446656569424603
-0.230861740054728 0.124442814495704 -0.1671985218687 0.0620822928180589
-0.220483266484455 0.0344140594851337 -0.29809814496156 0.00502284428888791
-0.235484853686518 0.00343639280710672 -0.197792147911406 0.12299691827628
-0.248321035176241 0.0835629933295718 -0.121730460995177 0.0893993782220177
-0.149076331307098 0.163589919627975 -0.0759529084492998 0.0687788404756584
-0.00579492071786197 0.212086376741809 0.022933540001825 0.0317078801113515
0.0990519126487926 0.190873268184048 -0.0139893980546758 -0.0499583770609827
0.170889780559317 0.129165240567234 -0.0758858671122196 -0.0667879992864927
0.194064031781187 0.0553763529192724 -0.12988604146404 -0.0658374471321331
0.212782507125285 0.0413610063155055 -0.152276107102934 -0.0494942249507121
0.212037101197954 0.0379708243722807 -0.1599329983577 -0.0401134231510255
0.240392309150129 0.0930863818507109 -0.144261394425192 -0.0420091789451322
0.20960332296361 0.200019022853355 -0.0936300456140277 -0.0587055800390808
0.119624308428543 0.281686768483498 -0.0178364531581922 -0.0175503057260721
-0.0916565313420348 0.328686898736414 -0.0318905056688826 0.0518753838947547
-0.29277908585672 0.216368551481294 -0.114065058293087 0.0549602021726346
-0.308384726570598 0.0956395623038133 -0.201051435761181 -0.0131514795693081
-0.286970501555849 0.0146670849279799 -0.097768689797223 0.118476529750462
-0.308453830138074 0.115096576472484 -0.0711017619821281 0.061830188554502
-0.196509717370826 0.210211248625276 -0.0773015418560403 0.0649282697503652
-0.0257030571165563 0.277857273738685 0.00833003221077065 0.0592816832673562
0.115188410334167 0.257597066251542 0.00380349167503121 0.00849413920436309
0.209245154284847 0.176005350672668 -0.0138264040088993 -0.0156762520026416
0.240350994662314 0.0799608009632682 -0.043083076524923 -0.0401068901614319
0.257104878338038 0.0571164882494183 -0.0588123479646262 -0.0329288985472827
0.254074497371134 0.0519258422054824 -0.0661848351333724 -0.0248521420619757
0.283045056887933 0.109604367882658 -0.0647055654965154 -0.0161909887866905
0.249657874044448 0.227092329321683 -0.0430869498244337 -0.0249348629854015
0.149199168663091 0.314817610503533 0.00109689253963958 -0.00412600106895365
-0.0724647978363739 0.37422505148036 -0.00174713580919036 0.0413761386901854
-0.303549410149279 0.270044100178337 -0.0510661424677876 0.0236957954111526
-0.342811817275562 0.139839301360935 -0.0829463303402283 -0.0477552808637048
-0.295691238036524 0.0295508363022924 0.0316871345776438 0.108743645316129
-0.318776376419522 0.1388727737865 0.00966229794896289 0.0285792001843789
-0.204230571063901 0.233882567066098 -0.056252724395787 0.0523280180059039
-0.0293998550427187 0.298637641288548 -0.00278338190200009 0.0830918833823822
0.119774448326235 0.279167111925382 0.0268452502968845 0.0766885797945836
0.21692739678672 0.190137746869723 0.0584641891762614 0.0453096293566527
0.249542756608449 0.0889751019003831 0.0544964606151456 -0.00412557841297468
0.262380737143353 0.0636546263381512 0.0429347081515859 -0.0102322026057388
0.255224102254282 0.0592447225778578 0.033236923601973 -0.00860714958956206
0.278248286059492 0.114739912192483 0.0203725862160933 0.00373475579894884
0.239047741691703 0.223254902734834 0.0145942045773565 0.00469392722305225
0.137327747487247 0.297192104491935 0.0203281033322461 0.00640892816340877
-0.0573571552182683 0.344696248701954 0.0223187278597398 0.0228295794606317
-0.270808978486732 0.262628890868447 0.00715246862940043 -0.0193597982319949
-0.319963264492353 0.155545077727498 0.0352731974994834 -0.0907582864714235
-0.253502146835987 0.0476099819844741 0.165676647458686 0.0894592064883234
-0.263836242474867 0.142690669815112 0.0990511013920528 -0.00786024574745767
-0.15947199911194 0.210616881521082 -0.0173966759561265 0.0344730639541205
-0.0196886800090908 0.254356493943765 -0.00374105394746511 0.0959534624384012
0.105102936541693 0.240022325840676 0.0544667742470492 0.13297507571556
0.188369483992586 0.165570371849993 0.129557140416111 0.098834369647418
0.218599095778363 0.0798030379960525 0.14776879653736 0.0319169173473992
0.228159913069148 0.0606730970602599 0.137418918893188 0.0122492111070962
0.219951178829748 0.0606798374338466 0.122397338242106 0.00912163947858991
0.227938890702052 0.11007020516407 0.0942195827342757 0.0222542041538634
0.179245191257258 0.193596934428071 0.0614147879674298 0.032373782559041
0.0829378303137887 0.234892760864431 0.0305191332851248 0.018259282439408
-0.0524011363515565 0.250298844191333 0.0358749562825841 0.00671427356671994
-0.206884475616522 0.20062179139468 0.0501588537632369 -0.0553410242978435
-0.251595659875557 0.140745629785209 0.135596547756437 -0.126399841021898
-0.1640069142729 0.0576037149306081 0.278145686143465 0.0580362238137874
-0.155136169504339 0.115113508171375 0.171681786340849 -0.0447773602603854
-0.0804918890082193 0.137733537346118 0.0267314561179077 0.0103129738238114
-0.00897400826666992 0.15383489351206 0.00121900545342779 0.09065623611423
0.0681808209800424 0.154257728273506 0.0794556683156417 0.162300106810998
0.124390703082052 0.109809136593032 0.184737128997141 0.129623517237945
0.15123769690065 0.0573796817334714 0.220551906339814 0.0585816662245214
0.159798832948626 0.0494881545276335 0.211173415118415 0.0321881133348497
0.154458987279593 0.0551139968056653 0.18750944014151 0.0291672295628239
0.147226088823611 0.0921428066873615 0.142428666900002 0.0436157169090621
0.0932200063015505 0.140136440688951 0.0872960622165889 0.0591382223313981
0.0158587075183614 0.143857259921982 0.0268242184504481 0.0310825025268383
-0.0416605561768105 0.125733634803756 0.0370965340955207 -0.00264308298307253
-0.118822356754922 0.115374646265882 0.0772682003331528 -0.0742695295678354
-0.151964109547073 0.106426256589338 0.206984257321119 -0.14701761496093
-0.0455207906637806 0.0493831690901979 0.346533511644534 0.0187279537385279
-0.025374038327805 0.0528686012957671 0.212917585793266 -0.0802104353078258
-0.00183225948605636 0.0323408848961347 0.0611250514101086 -0.0213453231361662
-0.0117834433143893 0.0319061725338158 0.00458525408459321 0.0694986881552769
0.012633642905394 0.0511720317588862 0.0933591088592474 0.161470926741598
0.0374753648607496 0.0421292378610467 0.212799198318887 0.133873508049691
0.0586853973614673 0.0298459302203144 0.262203816226622 0.0719453442669265
0.0682211695769755 0.031182746473806 0.252782436851775 0.0479753424037931
0.0698927941616367 0.0381489220121065 0.223474347589622 0.0501601300397831
0.0552778559056565 0.0548512939975897 0.164175853309813 0.0670521978628542
0.0117564181520881 0.0668418779636818 0.0909110206796898 0.0829956389912271
-0.0298016118425592 0.0424517167960946 0.0135948215470595 0.0389353971425225
-0.0103627650834798 0.00932341006875691 0.0315023280953838 -0.0111645788544862
-0.0148575846776544 0.0385015904238972 0.0929889471983907 -0.078345829376242
-0.0380813201442714 0.069114325340327 0.244629085045291 -0.149168519914057
-0.0655554931344876 -0.0182751554792892 -0.277448164933725 0.147397303440506
-0.0778227191211704 0.01945330757033 -0.122564565011984 0.139497635954034
-0.026831477331323 0.0604605020282348 -0.0360074343159622 0.0539316168105068
0.0371472487792651 0.0473241360559515 0.0288447214867153 -0.0214212048786984
0.0414264810409723 0.0169607535103126 -0.0556245480435948 -0.105799275829005
0.0422550398399236 0.00290797066232786 -0.162382710874002 -0.0948878798019777
0.0322061136460817 -0.0088507002381887 -0.238721490325788 -0.0612502044928667
0.0351706812950525 -0.00755879958533159 -0.272764095994042 -0.0490069155604105
0.0406586907018071 -0.00969905157485102 -0.282843267973646 -0.0574087768981977
0.0635154357777168 0.00804894241137638 -0.238710756295034 -0.0935777543288349
0.068966172088669 0.0472636981502633 -0.148406928198386 -0.124889491179907
0.0423738756710545 0.0917215073113847 -0.0422108220699402 -0.0603759564935398
-0.0593678981757114 0.108536384757214 -0.0768555798084781 0.0224609563942548
-0.123372706921216 0.0313758085132656 -0.203032444629489 0.0582400755732321
-0.0929410377055508 -0.0218309647190948 -0.365747767871337 0.01926427967737
-0.162513198752327 -0.000976142368791418 -0.261047434235526 0.141540031481739
-0.168403315109693 0.0610650789999154 -0.135086925671849 0.121514888560637
-0.0852215688963819 0.119819736152184 -0.0579579525930926 0.0688845722320074
0.0259427193539709 0.133962972205725 0.0344518221460684 0.00198771479811316
0.0824372726251127 0.103915681515132 -0.0345182047965177 -0.0899870953652065
0.119849229783796 0.0628566702971377 -0.130606052037843 -0.0923949253604819
0.125480163838047 0.0183887224425422 -0.204811032908774 -0.0697761218645403
0.139783372028873 0.0134676969065509 -0.234374899759582 -0.0504533790222093
0.142871988050365 0.0142810411586178 -0.243267292397448 -0.0467861775682997
0.169314208095169 0.0565568619584065 -0.211105720491401 -0.0653813215768465
0.151825220037944 0.137441847775729 -0.135455699714713 -0.0925864765201729
0.0846121792257799 0.205337158662756 -0.0348899195702884 -0.0362400926406539
-0.087645432305008 0.239561600021237 -0.0605296455279464 0.046899334961317
-0.234149204764024 0.139987832651717 -0.171689702406729 0.0708406947327684
-0.225776160929889 0.0428517235777239 -0.308403824337564 0.0180313787600755
-0.244735508628022 0.0109360876651012 -0.199634462801939 0.133975829671321
-0.253754117928245 0.0966688328279461 -0.121155562929488 0.0967123377809944
-0.149316533309464 0.174349555107821 -0.0768421997475602 0.0763339658765924
0.00251676101289681 0.218601974325472 0.0264781953492692 0.0301643910750839
0.111064714832731 0.192936040890073 -0.0150852617521966 -0.0504903421101408
0.183660464053396 0.125612389892337 -0.079822253237654 -0.0655954137586093
0.202666563993282 0.0492468581760568 -0.138834725568989 -0.0624122613720771
0.221929970364104 0.0334590611906835 -0.159807511509374 -0.0451732242073004
0.22181154776665 0.0310819404622521 -0.167527336951507 -0.0345583275606057
0.253723170977704 0.086024326466905 -0.149986568670134 -0.0361231910735128
0.227750546777464 0.197536543003758 -0.100147327472804 -0.0560592587600404
0.136139254279783 0.286037101377532 -0.0193636263243188 -0.016943646796495
-0.0815981047885802 0.344268591165222 -0.0325978287744988 0.0537713888804711
-0.294925281294554 0.238333286187043 -0.115945530532334 0.060785382859956
-0.315777776488318 0.108988476303994 -0.209416096161671 -0.00445449189234882
-0.299363141428124 0.0233572333738709 -0.0953005621738312 0.125223055040821
-0.315193663795623 0.132918975033353 -0.0696617739233145 0.0653451967578341
-0.196720386291324 0.224377017526231 -0.0789433435764081 0.0721315563622346
-0.0148833402950494 0.288122148057444 0.0119997364540484 0.0593037405340074
0.131270196846325 0.261836118059159 0.00541389567977314 0.0101958106928779
0.225612207026931 0.173245637699744 -0.0132568666063801 -0.0159359794263296
0.251227769998263 0.0730378429822972 -0.0482886155939445 -0.0396078411409755
0.268973745305713 0.0476631107856681 -0.0622664636276027 -0.0317458776951678
0.264672639334616 0.0426447725345099 -0.069661907020723 -0.0220060637077622
0.299016210769033 0.101356232582534 -0.0663095660868325 -0.0129766383900528
0.270408546517494 0.223095991138246 -0.0458719406196633 -0.0226442384301388
0.169152780222955 0.319777155091096 0.00103693628738208 -0.00322090560226651
-0.0591447196607238 0.390737737856988 -0.000933001177526391 0.0419259208663073
-0.30378561080662 0.294211325506803 -0.0511560230289811 0.0251354540844925
-0.348783740838156 0.155808161464782 -0.0891857300341027 -0.045720275379148
-0.307983316341678 0.0394155175043012 0.0382537089263846 0.110523744484556
-0.325866111635452 0.157441340919369 0.0127938513045785 0.0275477425696035
-0.203520578828203 0.24922281361892 -0.0568375245035464 0.0586229666167679
-0.0182379207871065 0.311158209589404 0.00175088203767616 0.0853333373460653
0.137664143626666 0.284508884282219 0.0323761713044709 0.0800362782711953
0.234552602897929 0.188304573740549 0.0646588837379101 0.0439329533576676
0.261747074828106 0.0823001373193259 0.0538799757800852 -0.00658105239147847
0.274240021602126 0.0542966664157393 0.044171282981253 -0.0128961743233317
0.266634184659452 0.0506446078467883 0.0344525895785154 -0.00973247900780541
0.294338890756749 0.106509809649768 0.022904427248508 0.00332449340195566
0.259533376777356 0.2204334563027 0.0156875779525648 0.00543269912148968
0.154496013289903 0.301540497378211 0.021578493983411 0.00718915936607304
-0.0452869779716698 0.359141167228954 0.0241802965597386 0.0216895830394828
-0.271402000938979 0.284961136307887 0.00766900087950117 -0.0215714174195215
-0.324575017627593 0.171490542062726 0.0312621066376723 -0.0941609989945068
-0.2630936385275 0.0560609975189832 0.176825363531716 0.0856369125625743
-0.268270802326255 0.159738418108225 0.103144065449892 -0.0133318150744063
-0.158026789232138 0.223924325397831 -0.0170688303464977 0.0382422721927566
-0.0103941477060418 0.26482398661025 0.000937955120345975 0.0997025370453839
0.119858310495421 0.244270626514065 0.0641212546308088 0.13756420398876
0.203635710620772 0.163939330233706 0.139992543478714 0.0962093590416396
0.229566890956087 0.0745913125392659 0.151485345685287 0.0268407362026801
0.238466019735132 0.052526678929839 0.143067606388643 0.00671058524503476
0.230559505597673 0.0537613950698979 0.127342151533351 0.00451480919558152
0.242014853439847 0.103916149284016 0.0987450315552509 0.0192291129289677
0.194798608898617 0.191876537525587 0.0654473912450436 0.0313290659231035
0.0961233151678284 0.239420903174813 0.0326607473021808 0.0191425581058259
-0.0449616622902602 0.261082372457004 0.0380735133153074 0.00470103975150395
-0.206170824376293 0.218511134649741 0.0509475328586408 -0.0603746795449768
-0.254538387421803 0.153622120706087 0.133012989364597 -0.135142632643251
-0.170293550879117 0.0633291547588216 0.291745315512012 0.0491294601713745
-0.15633460961443 0.125712701840357 0.176593180811638 -0.0545907568315638
-0.0787287044018399 0.145179304283806 0.0283134330154128 0.0113914569404507
-0.00331374946824116 0.160409251795949 0.0056620497434612 0.09468259643271
0.0779402519725644 0.156777844004397 0.0902913591993421 0.166623027215715
0.134703628277925 0.10912527189624 0.197733363323106 0.125835335718202
0.159274473034878 0.0538480630722647 0.228431776827999 0.0509717628312582
0.167555276551245 0.0441368321188759 0.220096138585753 0.0250231354400371
0.161965413549457 0.0501744180277592 0.196027908546123 0.022790878197758
0.156917569468424 0.0879958310658493 0.14966384236136 0.039012520719682
0.10283750891135 0.14071182423212 0.0925602331020233 0.057514006422645
0.0221896310272131 0.148439679084517 0.0296112840367544 0.0327803111613105
-0.0391440083521697 0.130965689689242 0.0398893344623015 -0.0047890994900733
-0.118276988519864 0.125504648218476 0.078185307536189 -0.0807975398630215
-0.15247757071824 0.115093488115465 0.205503332975791 -0.159457622422537
-0.0466308282728064 0.0511982865028972 0.360195355463532 0.00692745799224402
-0.0245497591614041 0.0557064918609062 0.21717014419605 -0.0920101666199855
-0.000519401625135487 0.0326625345474855 0.0630680709822084 -0.0235950022666085
-0.0112055248506306 0.0343177412770824 0.00780258238203255 0.0730227279275912
0.0157420701508213 0.0526428930885669 0.105221928587851 0.16503281230784
0.0412431989918406 0.0435588348189256 0.226791799966471 0.128687222734017
0.0622729420365819 0.0291939726940707 0.272379628155684 0.0632564743755497
0.072272092968518 0.0293387658729122 0.264638585945758 0.0392891845853362
0.0738609059549225 0.0354540366008914 0.233480583639024 0.042687066504922
0.05972723800875 0.0535775483586581 0.172336037929552 0.0616236859498541
0.0148620959078143 0.069223449844686 0.0971255735735084 0.0809872822626278
-0.0295312004706004 0.0456660244114402 0.015372389429025 0.0408701993536106
-0.011293867217883 0.00909593906232293 0.0338426078917201 -0.0123795037140949
-0.0141775071828245 0.040618454126511 0.0944085834114411 -0.0853063358908877
-0.0364383985831901 0.0736198316185576 0.245077879392829 -0.163635403406395
-0.067659658260854 -0.0144106207326472 -0.273214890767919 0.165716857743221
-0.0769801307269971 0.0244130578585595 -0.114375348224764 0.148996570353179
-0.0244897719469854 0.0626716179929875 -0.0331788216449991 0.05786099624861
0.0399264774565232 0.0446170669431436 0.0284542251595598 -0.0250011079747767
0.0424520876635803 0.0139348890901058 -0.063382111992452 -0.104053225339656
0.0424563441478688 -0.00111773349859201 -0.169807814627278 -0.0854362461059393
0.031501543275174 -0.0116361638427929 -0.245441694541325 -0.0467606910378101
0.0348568669300931 -0.0103513360885856 -0.281271500103176 -0.0324175025263318
0.0400167029491013 -0.0120515972379969 -0.291027563033563 -0.0399019149580668
0.0651809728665474 0.00390683112986342 -0.248552781544073 -0.078609941686886
0.0739716839882029 0.0424326142999721 -0.159845715228354 -0.115791378507586
0.0494251848538898 0.0897673551823699 -0.0468809943011221 -0.0598687628866157
-0.0529615233695411 0.114601402530557 -0.0789404924736333 0.0263347848333785
-0.122884749312349 0.0404538269047441 -0.202790038733631 0.0723224882787363
-0.0953695180748086 -0.0177716044372352 -0.368905864991269 0.0421041222890544
-0.165505963793593 0.00822962027597456 -0.256414981686186 0.158635070015781
-0.166415585418186 0.0729293902629254 -0.127866688139025 0.131279496167655
-0.0804141296470212 0.126392983560748 -0.0548157265888039 0.0753232306110057
0.03465732586694 0.132999480777745 0.0352086455320273 -0.0022953746023655
0.0903511593561105 0.0995290485684655 -0.0404938678902928 -0.088720199182999
0.125381419677173 0.0544266814533133 -0.137104792980508 -0.085146644986097
0.128100412580103 0.010780911133083 -0.212000189245384 -0.0572700891032163
0.142265085514221 0.00475338327778637 -0.242052869419808 -0.0367290246505604
0.145687206708932 0.00605596553310264 -0.2505740803062 -0.0313645649352157
0.175915447483824 0.046497988342989 -0.217397724259525 -0.0514819538474599
0.164168149325999 0.128641263714162 -0.144474329899378 -0.0838938529357657
0.0994291017058277 0.202664908053464 -0.0380095093498706 -0.0348017183217346
-0.0736983262563655 0.249528587788854 -0.0604187468738755 0.0501723391938571
-0.229227694254869 0.158700955630333 -0.170267694230508 0.0821557325670824
-0.226507127543093 0.0548411186105224 -0.31115033086201 0.038559346118634
-0.250297444457574 0.0240491599476226 -0.193982038097735 0.147303779517926
-0.251113745253197 0.115151179463681 -0.115988171893565 0.104427112611149
-0.141862328134289 0.184955445503153 -0.0737339521104631 0.0842085253051767
0.0160930089509872 0.220782394477154 0.0289316147123264 0.0269713716863478
0.125423656536829 0.187776558049283 -0.0180775080356736 -0.0495789347221311
0.194910859663629 0.114245450577781 -0.0843926054309555 -0.0620390071605909
0.208839657562807 0.0375418275343146 -0.145872948070274 -0.0540038311412565
0.227536543287655 0.0195873290668023 -0.165689209375761 -0.0362536043711542
0.226569609431799 0.0186408089541793 -0.172571549736898 -0.0236838719217712
0.26438471182087 0.0706668684922369 -0.153614311027228 -0.0256986778194657
0.246082770648831 0.185406163241501 -0.105381491851144 -0.0487622812937585
0.156837788733718 0.281563786246399 -0.0207435339016648 -0.0156797610135834
-0.0610357806479624 0.355236836441946 -0.0303038623772516 0.0548477692123408
-0.285978701642249 0.263763361930945 -0.113346746878188 0.0679184222392428
-0.313463477084403 0.127448667124399 -0.21312375788436 0.00919599072686743
-0.304425461302697 0.0400960098252729 -0.0885311944319219 0.131821136067519
-0.311617791328817 0.15607355383388 -0.0655332249581337 0.0687180631811775
-0.18818831346955 0.239065675229693 -0.0757516422033226 0.0807606099588125
0.00213870683710195 0.292342173018562 0.0168429084390809 0.0577655970398767
0.150178500776115 0.256777485480958 0.00729312742866197 0.0111667895924684
0.241423408130712 0.160622251676888 -0.0127594577857147 -0.0160611704138764
0.259362924720384 0.0589141717111872 -0.0538893312807333 -0.0365377383550369
0.276250911682195 0.0310554573189938 -0.0657450010346375 -0.0291715732930411
0.271195117640449 0.0270898063654518 -0.0719671935516373 -0.017293418372733
0.311479980192224 0.0824120494089339 -0.0668459074679166 -0.00847426886320248
0.290836857125801 0.208889187107917 -0.0483076639949045 -0.0189197530052089
0.191835124704671 0.313907101742953 0.0014858197661347 -0.00255712447463005
-0.0361031190338148 0.401706026820067 0.00103520087724531 0.0410531852536054
-0.290424087570822 0.321145757317511 -0.0496533588339475 0.0271739734374914
-0.343936574988647 0.1765679418959 -0.0949568716855246 -0.0393763571747734
-0.313107509125118 0.0573286638921477 0.0467727501748198 0.1085202230221
-0.32100633024455 0.181306999451437 0.0152189364288751 0.0250286551892551
-0.193508629478588 0.265075266128068 -0.0547567219156829 0.0655222052057037
0.00054859939833064 0.317241401359557 0.00779434997977104 0.0851821628655702
0.158391725235153 0.279679787310087 0.0398562952352088 0.0807358111599787
0.252466733854817 0.176230989800764 0.0703276342647152 0.0398634351346949
0.271801795923479 0.067407894603205 0.0514834966035569 -0.00938497303203091
0.28245490885117 0.0380216894736113 0.0440458382171013 -0.0163065555033466
0.274058894283529 0.0343091276627381 0.0344068049649405 -0.0117911171896875
0.307471312399958 0.0881462086050407 0.0248839166580067 0.00189999651007433
0.278264477684014 0.206482588105434 0.0163037280346847 0.0055400034755618
0.176787025768843 0.295565054038358 0.0230215634160371 0.00748681877847082
-0.0230895923750252 0.36780983113855 0.0262056990494469 0.0188267453329665
-0.257902341420693 0.308916853174269 0.00798935789056209 -0.0240979926032566
-0.318560384109104 0.191326352842153 0.0243953076867665 -0.0960792362772494
-0.266396170191243 0.0712447207702025 0.18618552646524 0.074816966224469
-0.263632743350544 0.18029921380596 0.10387740027942 -0.0223251873105939
-0.148895594173543 0.236542304055023 -0.0148847458093446 0.0424008291269994
0.0058803143366625 0.270070176882175 0.00800824891381876 0.100457376049934
0.138596501317299 0.240823254449983 0.0753279646948109 0.137749542674489
0.21912044348615 0.153984530859129 0.149741305474639 0.0880654233815549
0.238411488182037 0.0619735502673305 0.152754017070308 0.0179469091616305
0.245654112841881 0.0385043207765403 0.145918790822034 -0.00175296883168308
0.237243240036153 0.0398855195637685 0.129791711722351 -0.00334594590054201
0.253640017992498 0.0885393928442401 0.102948547322477 0.0132408012851266
0.211254698201888 0.182152602354109 0.0686780712089053 0.0284371249626817
0.112293786120083 0.236640546429199 0.0347863790321111 0.0186491928486491
-0.0293416732443974 0.267174857190965 0.0402401073595936 0.00115558607858065
-0.19616982199208 0.23628454625427 0.0490156253405707 -0.0664074329981132
-0.248056593110334 0.169056070675974 0.124489157694175 -0.143901336878173
-0.169992548657685 0.0729019326664802 0.300058312165095 0.0309532335089472
-0.151388697576691 0.138507813966168 0.175578029284683 -0.0677640278836752
-0.0724562583396783 0.151843530049795 0.0301214953793708 0.0115677306856926
0.00634224422648989 0.163595491215933 0.0127319203441323 0.096022916416039
0.0904886613214148 0.154474095396215 0.104490364007719 0.165022973742674
0.145439519965228 0.102843850537708 0.209391373156363 0.1144154826005
0.165518375839278 0.0450086493351611 0.233705463440287 0.0382768700661926
0.173643529058526 0.034121710691739 0.225810527795974 0.0119087455337484
0.167527504315038 0.0401314583990043 0.200537838092382 0.0106535384180458
0.166041556320321 0.0782931433599978 0.154815960944913 0.0297705714735712
0.113730000259262 0.136565640993004 0.0976252676369688 0.0530846112599907
0.031881395284462 0.148836400872427 0.0327746467983297 0.0322561022978818
-0.0324918893409489 0.134638686232277 0.0409354298282631 -0.00840648572575666
-0.111801085350311 0.135353194806521 0.0748744397038577 -0.0887755600573119
-0.147250009590672 0.125220935791443 0.195377959639165 -0.172396300065357
-0.0448415569331556 0.0544921650582464 0.366594118718236 -0.0148640011881748
-0.0217958168164699 0.0583688645557447 0.213763909305336 -0.106876373317851
0.000339328891870648 0.0327885816232627 0.0630701844963446 -0.0268945159637507
-0.00920092276295525 0.0359510960953324 0.0140290654951749 0.0749707655866102
0.0200455244574219 0.0524345561786025 0.119243964528875 0.162184638510866
0.045192819142839 0.0426788495711276 0.239556160015376 0.116665568354814
0.0653394557306218 0.0257731462702088 0.279505365351146 0.047598504465861
0.0755905781914166 0.0249354701012276 0.271572434997684 0.0238045456576316
0.0773133317931574 0.0310303256097682 0.239991283598065 0.0284837949439866
0.0645968594807057 0.0500060217271146 0.178332267817746 0.0512719598790644
0.0197880799349919 0.0701935219529061 0.103199266922824 0.0754523623693249
-0.0271095461946086 0.0488129444900502 0.0183415382961612 0.0412367239241444
-0.012104085087472 0.00962789911607473 0.0346945363421945 -0.0152261994809908
-0.0118336398288074 0.0427118022443038 0.0907447840669058 -0.0937575503230406
-0.0316282473236112 0.0767376383711942 0.235006414161527 -0.180535898228742
-0.0670257443871685 -0.0099356131124892 -0.259471951620884 0.180865886553117
-0.0745904600169891 0.0290996246232478 -0.102079480257452 0.15398460815552
-0.0204823856573046 0.0629995577855401 -0.028920994333321 0.0595669562644458
0.0422067100853321 0.0406567735198575 0.0258679778007834 -0.0278879517402754
0.0421049657121496 0.0109822014563791 -0.0692313655219812 -0.0988121789980131
0.0407601163326648 -0.00485188509909463 -0.17220307474079 -0.0732598930968407
0.0296936121041963 -0.0136760652253472 -0.244120323179381 -0.0299132150310741
0.0336529879185272 -0.0122504107652831 -0.280540534578651 -0.0139424432538795
0.038413889968876 -0.0139404748299524 -0.290564557298927 -0.0199371947988061
0.0637774660329633 -0.000639568007150905 -0.250385572731872 -0.060096657254929
0.0757457697975845 0.0360951814313857 -0.165886630036916 -0.103794750174766
0.0553321104736533 0.0844697028179701 -0.0506893904471879 -0.0568357097525814
-0.0443643678544379 0.116904254277092 -0.0785768492302001 0.030674929213685
-0.11839150990742 0.0481794768177093 -0.197110930201059 0.0839057514599998
-0.0953194453301609 -0.012838496368054 -0.359274611687385 0.063531192897695
-0.163737529206404 0.0179530998341514 -0.24303433575053 0.172516955081443
-0.159453610104432 0.0831728666811852 -0.11751517286306 0.136516535068269
-0.072717199590193 0.128938242131081 -0.0493183830860966 0.079175041850421
0.0418484288190134 0.128097190883227 0.0346969506180277 -0.00597159310256133
0.0950258310060116 0.091819708064047 -0.0457312522565234 -0.0849190686216644
0.127514974628903 0.0447506538333147 -0.140054651141858 -0.0758806934313957
0.126657428254477 0.00257345304754032 -0.213004004248431 -0.0422710258840817
0.14094135461629 -0.00444921383595312 -0.242620074950042 -0.020851855049586
0.143609288755899 -0.00226420525375414 -0.249616879339464 -0.0143967782923163
0.176883616038067 0.0341212884566713 -0.217788779717572 -0.0366357956022189
0.171710699699159 0.115483945931002 -0.148243012118914 -0.0722031174804608
0.111834648835626 0.193079733421669 -0.0393200998581788 -0.0327492373139679
-0.0572909258971344 0.252064559127176 -0.0584828983864133 0.0521443281876397
-0.216657222815064 0.172849760487217 -0.163307973940303 0.0921207593660094
-0.221047784677165 0.0659493837317657 -0.303673623774468 0.0571978251991621
-0.247746258047468 0.0388944505189534 -0.182209923122849 0.155890018034467
-0.240831472177936 0.13038839464822 -0.107080317492392 0.107980895259729
-0.130928255175104 0.191335754818636 -0.0674228148771768 0.0900942512221066
0.0294692241748269 0.216154898331829 0.0302083886105547 0.0228964386783627
0.136628502296201 0.177029022150393 -0.0205172155345731 -0.0472009128286186
0.200178925659835 0.0989401754591149 -0.0859471231787007 -0.0558604354711486
0.207730440282416 0.0238418890823743 -0.148743412772848 -0.0429097242887373
0.22577366662089 0.00473188880555484 -0.167677543550875 -0.0253513518306405
0.225069720554051 0.00484486616316859 -0.171514750730908 -0.011659348726733
0.26612538101778 0.0524699069336378 -0.152200966015393 -0.0153189518388063
0.255901049204462 0.165725810347083 -0.108058469612422 -0.0402723521988931
0.173083014161413 0.268248575605121 -0.0206674496165449 -0.0140678409896856
-0.0377188950328962 0.355457006149369 -0.0280937170105274 0.0550495983927722
-0.265692427736881 0.28068344207194 -0.107409047049007 0.0731337762390267
-0.302347290522539 0.142205006817811 -0.208929659749172 0.0232817230256347
-0.301320820907113 0.0576709151481109 -0.0788320468897139 0.13386808829943
-0.298221469417205 0.175239288572928 -0.0602933395323788 0.0700170293199847
-0.173057661369156 0.247795251780663 -0.0699247310578756 0.0870883701461177
0.020149860966827 0.288715101324755 0.0198749862162759 0.0536787583065418
0.166168642591998 0.243610270676103 0.00942168316304744 0.011460578734595
0.250060355532782 0.142306469444699 -0.0119050566903008 -0.0156667782293466
0.26011475570602 0.0416106863511284 -0.0573867811066214 -0.0313023122782902
0.275021601185108 0.0125692608976877 -0.0672962135934625 -0.0247176660116745
0.27000767155068 0.00985092296078505 -0.0723424093409302 -0.0121383823829221
0.313728169013064 0.0616842169803015 -0.064841029444438 -0.00447235842876454
0.302331941392702 0.187133582328293 -0.0487349001401774 -0.0139599454362177
0.209867140495452 0.297361761036228 0.00182764584275856 -0.00204715254472936
-0.00997212475185677 0.39951022346775 0.00256233892853097 0.0389363999661592
-0.266528219084806 0.337519928025993 -0.0464729606907088 0.0281103484582802
-0.329208938825964 0.192538941595867 -0.0963463526387745 -0.0315338074901343
-0.309001955006344 0.0743105160274252 0.0531732453807064 0.102293718290176
-0.30694917501953 0.202693888469045 0.0165925709748293 0.021462828584508
-0.177508295235509 0.273768617041968 -0.0489825434132003 0.0703885037860358
0.0197436069599537 0.313277285318449 0.0132224627800458 0.0812166830331659
0.17524729583553 0.266242562259418 0.0462503727709534 0.0785623492671272
0.262045054964719 0.157426938598711 0.0730204218053539 0.0339017469359649
0.272886297381975 0.0506928385569356 0.0478816771295255 -0.0110321253863149
0.281507803985406 0.0192875461782254 0.0423538082021308 -0.0194253157592121
0.273093319643477 0.01744094941222 0.0338477440484804 -0.0136158678872764
0.309494556671966 0.0670810359718983 0.0262889728582416 -0.0001415714552697
0.290371540308741 0.185428557824051 0.0160992452110464 0.00531991962606929
0.193958560104197 0.280611503649681 0.0239294125004628 0.0069079189480145
-0.00138547383006747 0.365830968520621 0.0267751115022778 0.015686349666148
-0.234922775880085 0.32466996312051 0.00660225366459272 -0.0267021023863809
-0.303343136220498 0.205247914033506 0.0168959600505399 -0.0941731319145645
-0.26167248339772 0.0851312287119306 0.189518000977731 0.0603710747217072
-0.248966663771029 0.196814271559494 0.100660384992041 -0.0298581973058936
-0.13398169371764 0.242937827178419 -0.0114884631874408 0.044937944143152
0.0222159625940083 0.266821033865532 0.0142430402302883 0.0976495338631149
0.15315188856199 0.229390535640688 0.0850949242614332 0.132690111055783
0.227999673854726 0.137597860709489 0.154843285112342 0.0763214361186576
0.23980327213781 0.0466612755536717 0.150525855801145 0.0100102867810038
0.246008628347683 0.022027447848535 0.144287948005917 -0.0119954295531498
0.237632745803158 0.024568645607827 0.128852448787175 -0.0118535406317275
0.256126791834963 0.0704632713791169 0.102954079325225 0.0052504073944101
0.221312966606807 0.166294997360332 0.0696065174465993 0.0244204445783838
0.126047291363098 0.226318454214703 0.0366584488583382 0.0176876435820565
-0.0130407154191758 0.265010044282702 0.0399643182717719 -0.00295765654928431
-0.177861778980273 0.247672108023029 0.0453954059702162 -0.0706276084281416
-0.233667741380497 0.180098671751754 0.112085809786417 -0.147416214956068
-0.166107351512813 0.0816629923545764 0.299194911026396 0.011830207789419
-0.140762935225752 0.147076952096437 0.168155993466587 -0.0785563922570598
-0.0635755058196821 0.15411534540534 0.0315508537696489 0.0106112865132781
0.0163257773562162 0.161253080298344 0.0191643719252005 0.0938774316359696
0.100101116536669 0.147345701298469 0.1160704148693 0.158229795326376
0.15186680066662 0.0924253924329861 0.215551096819223 0.0989401532145384
0.16705160601249 0.0347430091152084 0.231431774920832 0.0240314749084367
0.174329771214304 0.0225084598063731 0.224585404292803 -0.00248037715468409
0.168760144269628 0.0288320369610598 0.198957777038616 -0.00179071775342841
0.169160137708304 0.0658448764088593 0.155351704542469 0.0188414622515149
0.121892936977868 0.127562444705038 0.0999599528539674 0.0465791103517022
0.0405194947571228 0.145271900148679 0.0347483051094429 0.0312594670715816
-0.0248403666741971 0.134627257071838 0.0413601598170849 -0.0127551677786633
-0.102191003003663 0.142061539918794 0.0689255901344105 -0.0934775068000036
-0.136984503731047 0.131184749294342 0.180180326820245 -0.179730736955528
-0.0419696207734726 0.0551513660804118 0.362572002901897 -0.0370185656538369
-0.0179118487757847 0.0595161405676075 0.202572370899698 -0.118389988232387
0.00186336921890932 0.0321366280415428 0.061822118401245 -0.0296082148740548
-0.00703291749344812 0.0364867940775455 0.0195060061517342 0.0738647246327295
0.0243797025975048 0.0509607180466733 0.130131115577483 0.153571725435657
0.0486211267622821 0.0395281809196328 0.24410628897735 0.0992535897300378
0.066653948584738 0.022256743468314 0.278425204218624 0.0292554527533689
0.0766968859386459 0.019884693209113 0.271035509335226 0.00598653094288982
0.0781833028030073 0.0251589028584665 0.239143500771047 0.012569117384153
0.0669076421536017 0.0444174709412618 0.178761349891654 0.0392292556414961
0.0243155375700393 0.068545040102097 0.106282395601778 0.0676360446761048
-0.024520452014019 0.0507726425606109 0.0208173701456305 0.0409173649143124
-0.0122240422454778 0.00989621890551085 0.0347410243270102 -0.0190534835294984
-0.00910328059234024 0.0429115093115187 0.0835725049475176 -0.0994356779545509
-0.0258940336786135 0.0774357690288504 0.219110360709684 -0.190441503986693
-0.0653669376756679 -0.00646917868548224 -0.243610901227066 0.186095183767891
-0.0708733396888011 0.0315363004452529 -0.0896054913411712 0.152830569754522
-0.0179747092198313 0.0617530974556148 -0.0255924362279973 0.0602171841883035
0.0421674954017702 0.0371506256844975 0.0235695231436345 -0.0290424575849396
0.0406912458669998 0.00848639083316657 -0.072438041166194 -0.0921908492549798
0.0382114110923122 -0.00752411822741628 -0.169869294549817 -0.0637628096324093
0.027495862780493 -0.014647197567286 -0.236467821401367 -0.0178862066560159
0.0316099964300172 -0.0127784008452063 -0.274296363628867 -0.000710551856686845
0.0362936948929016 -0.0148495003451116 -0.282236945443015 -0.00600588844925153
0.0617320171208105 -0.00365813915634075 -0.245775700964702 -0.0469372302601206
0.0752454726560467 0.0307232141949982 -0.165852502508188 -0.0922269350708765
0.0579256709054992 0.0790605945180886 -0.0516690167407102 -0.0537586175336546
-0.0374830545020494 0.115798127841606 -0.076937172569843 0.0331003482996649
-0.112212250872199 0.0524988690090088 -0.187631093816887 0.0912536247232403
-0.0938274791527491 -0.00984557839663051 -0.344317788924276 0.075616138043035
-0.158959143774177 0.0239611464823789 -0.228027349150664 0.176824004841868
-0.150762802657343 0.08769689813447 -0.106236427097123 0.136264855003944
-0.0663767312062471 0.12842918461989 -0.043971277086718 0.0812174263564285
0.0458793806241566 0.121453368273069 0.032883326534337 -0.00890789127694543
0.0961491351130588 0.0846274792811794 -0.0481741242823175 -0.0797460616209692
0.124966927894452 0.0364186148023688 -0.138556196255559 -0.0674316389556903
0.122454321027626 -0.00311172771010222 -0.207880620285341 -0.0306615193399811
0.136474612776328 -0.010296698187356 -0.237312402316982 -0.00920499362871705
0.139138531086358 -0.00735116641634811 -0.242716170342895 -0.00302895805463267
0.172695910654736 0.0251077824542934 -0.211587358710918 -0.0254634762518523
0.173011232944264 0.103861117485831 -0.147838920866563 -0.0626071857386276
0.116786559619219 0.18129528792952 -0.039280908518575 -0.0308344348239373
-0.0438492827663183 0.247405437967694 -0.0558890359273469 0.0529699228554745
-0.201902775428912 0.177772063890266 -0.154232113911323 0.0960935030902633
-0.211456937586001 0.0710985264432303 -0.290942150125887 0.0685410667918439
-0.240387159644641 0.0481528809391771 -0.16995091058269 0.156984384934731
-0.22671216407887 0.137963705849534 -0.0981946792707613 0.1080681733626
-0.120405434294649 0.191557368869708 -0.0607913378917007 0.092406440768891
0.0371729836309439 0.20741584581519 0.0295845614093872 0.0189505729058569
0.14072737987237 0.164818194442726 -0.0209288967863616 -0.044308001633438
0.198570355198637 0.0857839045712608 -0.0851921995754791 -0.0517391096506548
0.202498966383183 0.0144832154261058 -0.146620870146079 -0.0341135289916457
0.219107997252004 -0.00578122691508392 -0.165161363985343 -0.0176243979906342
0.218177509785625 -0.00467382010993602 -0.167425838646481 -0.00395704668733384
0.261227494231658 0.038806905499317 -0.147423701161879 -0.00864729642751605
0.257008249014167 0.149436792506239 -0.106830363235173 -0.0329775398867539
0.179780344044973 0.251752234637776 -0.0200336303365276 -0.012898969815613
-0.0214174587419111 0.347712112520572 -0.0260044132322586 0.0536949726417258
-0.244532229939445 0.286246956736288 -0.100550767540924 0.074320930695978
-0.287656295732296 0.147968303605761 -0.201221627575277 0.0314570569549318
-0.292669015360563 0.0686990689605687 -0.0710769312973237 0.131306436702996
-0.280588525621586 0.184299044336328 -0.055802096351308 0.0682978373674291
-0.158860259720385 0.248318892565689 -0.0628835470849109 0.0901483360600203
0.0314143110112614 0.278771891110831 0.021277935687566 0.0489716833526231
0.172411018492625 0.228358217497476 0.0107137489087493 0.011533038773602
0.250140768503791 0.12569875651414 -0.0113181127254174 -0.016500332630302
0.254689311361653 0.0302307753724369 -0.0580339481373592 -0.0262583317245414
0.26783376990963 0.000451583290919577 -0.067443365105972 -0.0213922281223023
0.262738832014661 -2.90573473685587E-06 -0.0699393251272004 -0.00935277742218971
0.307343670038799 0.0450781031307867 -0.0618017840185653 -0.00193162114524139
0.303655401583646 0.167605870677522 -0.0476483326609146 -0.0101045691438301
0.216411634475182 0.278692351506009 0.0032700159107541 -0.00177957315299448
0.00740655239555141 0.388868785443541 0.0036336355367017 0.0365621690993393
-0.243831939113091 0.342737687421543 -0.0427292893296549 0.0272216526902133
-0.312894692643728 0.198672641535567 -0.0941317842810955 -0.0258945839728112
-0.299919442136307 0.0851896346589307 0.0560358358836829 0.0949404133343401
-0.286931034406979 0.21189846288212 0.0164467707164268 0.0184956811396034
-0.162774056315157 0.273664846420833 -0.04370493345765 0.0732866050642661
0.0322682597389958 0.303497890565305 0.0154698460936369 0.0770638727940379
0.183261770027782 0.250377298801612 0.0503867056573737 0.0754612950861192
0.263343281547534 0.139926447677114 0.0741305212821139 0.0281825527506585
0.267719167633173 0.0383944501131039 0.0446965178618796 -0.0111002895184448
0.274195540823817 0.00594640277030449 0.0396119775156426 -0.0208026296778058
0.266390217489208 0.00587306539966847 0.0327616030721523 -0.0154185500548819
0.303861137880843 0.0501230526282589 0.0270446310972548 -0.00218006101211751
0.291404908254888 0.166377413610046 0.0166395218484366 0.00608477417400627
0.20070983757994 0.263477065393926 0.025097772368347 0.00642037031211596
0.0147050497954844 0.354464534049084 0.0263313954103035 0.011977259379213
-0.213133917950308 0.327430754299844 0.0064270973832356 -0.028437544271478
-0.286039251315613 0.208849500574399 0.0122895423343314 -0.0904687248798236
-0.253126899150927 0.09396393787045 0.185797555089246 0.0493241955493735
-0.231852823055754 0.202907870722378 0.0953912148316865 -0.0348560372316317
-0.121900296905008 0.241909187432853 -0.00754370275898404 0.0460625290080486
0.0323379498558903 0.257801914222594 0.0180751268823129 0.0928565490854287
0.160328221421468 0.215258546790009 0.090566934357684 0.12612884190941
0.229085467589604 0.123009496345739 0.154898341298842 0.065706114227984
0.235746116200625 0.0359307034162506 0.145118624993344 0.00464103153941449
0.2399485215514 0.0109210937607633 0.139383301119632 -0.0174684148393316
0.231645578267518 0.0138472071747001 0.124550030525923 -0.0173695884036324
0.252080212508232 0.0562485200561727 0.101115132749412 -0.000109278376498927
0.223271472256567 0.150844497011799 0.0693472054095074 0.0212633483810943
0.131856092789237 0.214067540427732 0.0377297107984621 0.0164784680395553
-0.00139461820905878 0.257746956556885 0.0388884204905912 -0.00704263130548683
-0.161593317338659 0.249797529202463 0.0412556911453342 -0.0724275396702754
-0.21954740754029 0.181911474748426 0.101360093370056 -0.144953419774311
-0.159567414446054 0.0858656954251245 0.290599894319884 -0.00216863197406493
-0.12959286333515 0.15016451088332 0.157965305688742 -0.0829581824010985
-0.0568338383134879 0.152554433188944 0.0324049712933989 0.0109189221653756
0.0223288043119608 0.156192592153566 0.0227583087205695 0.0897770212521662
0.104419475533249 0.138255367659023 0.122015234672145 0.148675668809339
0.152773553470537 0.0829718398584927 0.21452212772399 0.0857781564519426
0.164650452589978 0.02708930336249 0.224358478293785 0.0147234678322372
0.170246596839498 0.0140627641852242 0.218573902248783 -0.0122879248899577
0.165015292657177 0.0203883367969567 0.193581248898992 -0.0113811280572418
0.16720494652694 0.0556769381304701 0.150849983007548 0.0105278195005134
0.124227552453521 0.118237904951102 0.0983536884437662 0.0410484425470602
0.0450603177639024 0.139460205479765 0.0359137447268473 0.0296049456496528
-0.0187883029818042 0.130669379995741 0.0403316153299557 -0.0159315095802633
-0.0920065561345135 0.143085251260049 0.0625541294465703 -0.094958915981918
-0.126730604344034 0.131084887559007 0.165802231893337 -0.179795679632858
-0.039532126801106 0.0551115260258385 0.35061963906558 -0.0504472481908728
-0.0141960491552925 0.0589346267748702 0.190704027304794 -0.122261961010889
0.00248081695219475 0.030615801346472 0.059817360318001 -0.0312036018816323
-0.00503462645868321 0.0359578300908488 0.0225551703565561 0.0706448009626336
0.026027427954607 0.0480733825391433 0.134954089827208 0.143139766166148
0.0500360299942102 0.0363520814352849 0.242095792196859 0.0848726730440171
0.0667135694563685 0.0187601503897523 0.270123870167512 0.0171112482081397
0.0758801568016624 0.0150556471103688 0.264599888668848 -0.00628776653960918
0.0767088483881641 0.020701012316084 0.233083673393729 0.00201985980859128
0.0663537997224538 0.0398995090642932 0.174473566824918 0.0293027112203329
0.0270247570679842 0.065976102820151 0.105841198930602 0.0607760611392274
-0.0215954674153726 0.0513403890300922 0.0222758436713508 0.0399102010718267
-0.0127374495390991 0.0102346901345072 0.0338876237058155 -0.0212638715753031
-0.00677042959362076 0.043044044786227 0.0763197572237119 -0.100357367216727
-0.02089614441541 0.0753471448215867 0.201774339997005 -0.191667262774638
-0.0557799703343057 -0.0341554047092105 -0.290423931527677 0.0749946672712869
-0.074422428672983 -0.00222792952246911 -0.138460508075964 0.103514864819377
-0.0420635579836101 0.047683411484153 -0.0437740307637129 0.0464152345910422
0.0212666246265303 0.0488648031379692 0.0359894692988066 -0.0193142557661413
0.0323671729016737 0.0251059393345289 -0.0265312630665863 -0.112984846429048
0.0363892000006445 0.0084037359245419 -0.123688759762704 -0.125926613847296
0.029799532075445 -0.00256221934050306 -0.202717600937427 -0.111235115034017
0.0323569668670506 0.00150709722994233 -0.243166765992347 -0.109214727131831
0.0361703970613175 0.00274514151980739 -0.248355839429085 -0.115926383960741
0.0547929484501756 0.0216475488718814 -0.200057220788231 -0.137937230902725
0.0542990397341141 0.0564583987081443 -0.109146618682075 -0.146797835743902
0.0210826233159948 0.0915633089751913 -0.0248199993306313 -0.0681217971601011
-0.0762735532326619 0.0936460301489196 -0.0847548268018386 -0.00217796955544215
-0.120685952624946 0.0102333966901708 -0.205984054902137 0.00426064275115279
-0.0869399327810436 -0.0411577075831928 -0.333436044606289 -0.0745447521183458
-0.155161417388358 -0.0484841404417055 -0.267301701221146 0.0816590000490499
-0.168665354465967 0.0136919551592494 -0.144180926927981 0.0864748937850981
-0.113186723619438 0.086371564640972 -0.0649433430214652 0.0613546212465233
-0.0111517952818803 0.123954892917072 0.0412897280632705 0.00360518196544649
0.0496304794372883 0.11410884742813 -0.00495984196560589 -0.0937338478531706
0.0947266695654397 0.081377696812639 -0.0906409541247519 -0.118279630674833
0.108173764483581 0.0463780544182079 -0.17099941318153 -0.111132382748831
0.125235350922182 0.0441987747552021 -0.208151616526324 -0.10282535111655
0.125445592390352 0.049098807135181 -0.214261952211677 -0.0955273990312107
0.144171488715487 0.0889395866274217 -0.17826801938907 -0.103835119242506
0.114678320430556 0.158560478416064 -0.104956076272711 -0.111267319770306
0.0348262498015198 0.207114804593745 -0.0234714527042735 -0.0403300078298606
-0.131320286136734 0.2121216869595 -0.0767790732107717 0.0246349050036509
-0.246664349903312 0.0911921175218189 -0.184532074678549 0.0186105024565071
-0.222542519124227 -0.0106636131037004 -0.284240998689404 -0.0666305275310319
-0.240256898778848 -0.0631838331345584 -0.204117061951258 0.0958082565740199
-0.256152217200482 0.0254689550501359 -0.123823927536979 0.0684506595580079
-0.187617408267216 0.119943873225814 -0.0806998767586395 0.0697049310017553
-0.0548276843504769 0.195478173153325 0.0324144198062939 0.0287191243125713
0.0556080706333082 0.202718167850069 0.0095827149208029 -0.0519874135310322
0.140503091966322 0.154701436121049 -0.0457361501801742 -0.0841661641233839
0.171917465553243 0.0943057206380531 -0.11396021453471 -0.0900685387461715
0.197772237909569 0.0815635880404756 -0.140775999992401 -0.0815590892915965
0.19638041894459 0.0826149477485439 -0.146423640679822 -0.0657388963123669
0.217527919829664 0.134341753450676 -0.12598069513509 -0.0612929971640568
0.174833068720246 0.231157867372838 -0.0804428731613612 -0.0682833726932075
0.0651738724984217 0.293922783005616 -0.0138706619819313 -0.015359438484607
-0.147588858841159 0.311676601630028 -0.0514388913842101 0.0379863781113733
-0.323727031233355 0.17247037736221 -0.133644949909105 0.0185557125208744
-0.318799003500786 0.0303958990305269 -0.193314537436052 -0.0679073953860407
-0.297191744676855 -0.0679929209868981 -0.101949986771722 0.117486266455659
-0.32316481948299 0.0434577839991401 -0.0681049662422697 0.0532409953467608
-0.246654754690862 0.153579795431917 -0.0776086565394985 0.0701355050467888
-0.0899209166939691 0.25493260105863 0.0159485211468857 0.054524592445975
0.0579305353889079 0.271655921724671 0.0197244446493892 0.0105051814283965
0.16945238886197 0.210045758702558 0.00842747336412983 -0.0241493155891478
0.211577381170746 0.128983096362936 -0.0376139923238394 -0.0476210664669863
0.239128882244753 0.105512119643025 -0.0529121587699024 -0.0467683750798675
0.23433517840494 0.103227373109474 -0.0580584022639052 -0.0319091966364137
0.257815679139135 0.157257952656946 -0.0526277245374532 -0.0213216277001581
0.210111127404235 0.26458082192297 -0.0365293733597664 -0.0237589651764131
0.0877311450436655 0.331831048119991 0.00242440623210193 0.00519652596567257
-0.136616553039939 0.3578328677882 -0.0187628324078922 0.0351390607897662
-0.342167163546315 0.223015359058889 -0.0665598120070762 -0.00105117973043155
-0.35777210017854 0.0658184890147728 -0.0776840844099344 -0.078033214159274
-0.311496939491963 -0.0568099045863211 0.0277566829309708 0.137034359641972
-0.340612898924779 0.0640330425738477 0.0169985361395578 0.0381625648347813
-0.261187115931944 0.175175981459213 -0.051342869122659 0.0633113037182791
-0.099897093637302 0.276935818863386 0.00148293481594053 0.0781171106567011
0.0576279141101993 0.294528424515603 0.0312145035940007 0.0829941030508719
0.174553979787575 0.228511471239297 0.0675491252854447 0.0490505650012536
0.219987195010922 0.140666003591455 0.0480101069620824 0.00695405108827863
0.243159982229816 0.113533211325918 0.0425158096265125 -0.00347160639082162
0.235555614497036 0.109347319177211 0.0360232748802805 0.0032421322556319
0.252306052596135 0.159302932760776 0.0263035524991996 0.0134213111600468
0.200387997346857 0.258409755529399 0.0142501750268648 0.0158225764166149
0.078186960532223 0.311707539385219 0.0189775443022542 0.0215478588807298
-0.117749177372635 0.328582116812878 0.0125884987727683 0.0223209312575359
-0.309287527628565 0.219306509525157 5.90297195664174E-05 -0.0310699837990098
-0.335389339098381 0.0842475429331685 0.0416190375489087 -0.0919327327106082
-0.272364774061152 -0.0286141197829386 0.16139324001754 0.143686686072243
-0.289271556813929 0.0797892714566704 0.107971852189198 0.0204788954026745
-0.210280828185077 0.16303133001515 -0.0096708101337952 0.0496621896809795
-0.0806974222493511 0.23810162748032 -0.00583136585373431 0.093184463296286
0.0513320358942142 0.253727687235005 0.0451963351475793 0.145184496239691
0.152515288960831 0.200000419640044 0.122499518745845 0.115926383415704
0.193265826353907 0.12586299235327 0.130132089986859 0.0612807266245134
0.211488482826627 0.103685952526273 0.130838428321348 0.0388252329469991
0.202219571845403 0.102615460344007 0.118122451658409 0.037697593920746
0.203788560932616 0.14350344625286 0.0915399784679131 0.0435429676439593
0.144359223366864 0.218379365148065 0.0535791878563014 0.0490590765240845
0.0360389063572579 0.241740097130011 0.0255573383754144 0.034510194466788
-0.0961184960625249 0.234344350992899 0.0332279444517255 0.0093562540187252
-0.234979550009823 0.166265536710084 0.0516262416885339 -0.0550128892257373
-0.263519936429871 0.0826943742415874 0.14267752609164 -0.101154147439787
-0.183294017713449 0.00617651346489104 0.272795752229724 0.130856487062097
-0.177246721951928 0.0764630561361825 0.180885570436983 -0.00289207388135295
-0.114438800260339 0.110970349383534 0.0352442226530455 0.0283161374168204
-0.0467914025116278 0.145245662348838 -0.00592557158319828 0.0917538489435853
0.0349606064744003 0.162793639215203 0.058816639721153 0.179462477983203
0.101114968030351 0.134073278495383 0.164476179218005 0.158461454999645
0.13463111833585 0.0904713653021055 0.196084499354345 0.102379814402497
0.148047787091841 0.079365854974224 0.199017906268768 0.0753747669904486
0.139894172280949 0.0817852148809432 0.176574556408596 0.0698166250219534
0.12866492887618 0.110774133829954 0.13042441564146 0.0720680614415732
0.0684704698600111 0.15210253493352 0.0713678201538785 0.0765665824587813
-0.0125865558805823 0.142259689219273 0.0191582608747555 0.0436413979592686
-0.0663837024627717 0.111886841048485 0.0401655307295778 0.000432345037062553
-0.134101244493385 0.0942377822742634 0.0846220923479039 -0.0644652033832578
-0.160084309286551 0.0695959681255444 0.213848020238851 -0.101358032779853
-0.0605376908895985 0.0318425847318312 0.339180090012526 0.0997520592659479
-0.0378857735145986 0.0452967659527233 0.221657147663592 -0.0303489569402722
-0.0109214191980435 0.0275463338501967 0.0690684988847874 -0.0030929605280398
-0.0202590998459646 0.029122265968442 -0.00571116425817597 0.0748981460280788
0.00279946604930508 0.0515024863747494 0.0671491887714571 0.18218332613683
0.0287922417200331 0.0521827135238846 0.18395018901885 0.172020672494495
0.0515493066394823 0.0435258878802713 0.234909819375281 0.123782278838129
0.0624248407648709 0.042726633455861 0.237875209520433 0.0992685136945781
0.0622783973083203 0.046678373532311 0.205590460799384 0.0956762788498598
0.0450664899932816 0.0589138465678259 0.143193471177511 0.0963386020051573
0.000901292907779668 0.068560279097034 0.0685108979899448 0.0957768432273464
-0.0382690970148819 0.0382761272265125 0.00333268312293419 0.0455713712023803
-0.0161482984660745 0.00345501268475047 0.0389711948050704 -0.00711357882434391
-0.0215248935477738 0.0345890489464029 0.103661544004041 -0.0612042293731072
-0.0434980400938324 0.0578861236489051 0.25144564562295 -0.0914637212569468
-0.0552643552863814 -0.0330969435903101 -0.285121587345149 0.0774382578056109
-0.0736637079292557 -0.000365427789079166 -0.132642461367159 0.10310952961171
-0.0414163996570346 0.0479323093021776 -0.042396513799791 0.0475993240515908
0.021678485286301 0.0471275952130159 0.0351006297504986 -0.0204532655239384
0.0321130653268586 0.0242558803840444 -0.0282800549296226 -0.111252711984088
0.0352526284023741 0.00683270697457954 -0.124740421114043 -0.121658791881423
0.0284817075495844 -0.00329212616213816 -0.200874426437499 -0.106020840385044
0.0317462126758643 0.00137552104044486 -0.243729497999643 -0.103483297143801
0.0354259817602527 0.00325125836579444 -0.248321283312231 -0.109816588894078
0.0551009434411205 0.020481276261463 -0.200427827802477 -0.132318629765501
0.0554430596325727 0.0543424462682991 -0.111287780148848 -0.142614671646285
0.0227280967849341 0.0903005556970247 -0.0255930814428667 -0.0681072053210347
-0.074367178422606 0.0943173187516641 -0.0858753331650809 -0.000578996582451638
-0.119485831009074 0.0115970468965977 -0.203132236383806 0.00847172639593111
-0.0869908270451189 -0.0403985093403835 -0.329388539273614 -0.0695825155602552
-0.154696641727081 -0.045277676327191 -0.262446327501431 0.0831684081379189
-0.165806885627356 0.0172292944152782 -0.139508053218838 0.0859549117593147
-0.111575463530052 0.0877486100604581 -0.0626761052624388 0.0637452427788144
-0.0088563064343459 0.121852042537701 0.0403420861244533 0.00134138604135502
0.0514621710314871 0.111991084497196 -0.00717745013737541 -0.0912532840430919
0.0951687346974077 0.0777530471857903 -0.0916771244780475 -0.115097492314232
0.107378571109675 0.0439809438071986 -0.17098955333156 -0.106532877419335
0.124648833688152 0.0419863130011237 -0.208544016520996 -0.0990074313158979
0.124914771255442 0.0478379604272157 -0.213693648202432 -0.0907574332082594
0.144340067911822 0.0857860524216386 -0.177732234231832 -0.0987150237760019
0.117768010606019 0.154638448670081 -0.10608168680163 -0.107689579842243
0.0380622790060909 0.203911647955827 -0.0239058639895475 -0.0407980436509018
-0.126202802572972 0.212662190306322 -0.0766447786660538 0.0247550329995783
-0.243229653055937 0.0951224818049666 -0.181425209562224 0.0210102103928212
-0.220979306561983 -0.00956431306950432 -0.281298904766505 -0.0622535514948077
-0.239955163552692 -0.0591525143666025 -0.199849026779442 0.0963881997078974
-0.252189257032635 0.0305508847986105 -0.120524184572297 0.0675799963245019
-0.185538314157872 0.122290629228837 -0.0776782704660877 0.0723084844952285
-0.0510938322144232 0.19359903531665 0.0318424331886258 0.0264236938214285
0.0593615326412237 0.199547777319811 0.00888190059716288 -0.0502679475191752
0.142086711297122 0.149499963787946 -0.0458958574489485 -0.082731377506334
0.172194998888862 0.0907217801711889 -0.114755873972994 -0.0857877545719665
0.197775130789954 0.0772702795074064 -0.141714429861013 -0.0789788519191651
0.196166083472977 0.0805335829197203 -0.14604575206796 -0.0633583514580095
0.218137555419484 0.129567773406293 -0.125443123069157 -0.058740055796271
0.178656500969374 0.225883345104748 -0.080714700567756 -0.0647166022019182
0.0691407649265412 0.289924393890836 -0.0132024370336046 -0.0157301680578172
-0.141194954576753 0.311956134631474 -0.0515856325412352 0.0372182285913918
-0.31761480772437 0.177737387206588 -0.130950162766339 0.0188400494370495
-0.316137869221465 0.0323273378140987 -0.191606075395685 -0.0644108923723759
-0.297529631370297 -0.0634009233781173 -0.0987858110643815 0.116017830387482
-0.318786484839549 0.0498990859934479 -0.0663328784446833 0.0518162832924912
-0.244101679486675 0.15682164027977 -0.0745635940449847 0.0729657295552259
-0.0856861124640574 0.254294589111566 0.0163473455793608 0.0521174547402837
0.0631289480883648 0.267821428435261 0.0207009570308381 0.01142102099907
0.173425203233567 0.204380284373735 0.00911963208336637 -0.0252698747195522
0.212544278626671 0.124806041215714 -0.0387029082104045 -0.0454497643447494
0.238818468216086 0.101104674396949 -0.0536124510540372 -0.0457170895129257
0.234769583627124 0.0993800954758687 -0.0575801577827397 -0.030932956896642
0.258895306839095 0.150873377168231 -0.0512208895732776 -0.0206361783174533
0.214873685447126 0.258422545821718 -0.036334605372433 -0.021841931613862
0.0921803666227177 0.328390232659474 0.00329570579439435 0.00523370503029046
-0.130315773481844 0.358412951436993 -0.0180992068666133 0.03295300719123
-0.335285630842734 0.228714595826254 -0.0649370747144772 -0.00261815832650893
-0.353571446975038 0.0676548332099307 -0.0775005969846662 -0.0751573682433085
-0.311055768970887 -0.0510903616539912 0.0300396466513163 0.13326406611637
-0.336381230693167 0.0696725085095804 0.0174596969457719 0.0356813220232983
-0.25761668377473 0.178096124241203 -0.0481575329946263 0.0651537764393001
-0.0952612206792423 0.276077507479481 0.00169256746120807 0.0755287387138656
0.0632216221120875 0.290190171989331 0.033558963937726 0.0834929565269936
0.178497085552359 0.222559226138982 0.069318426248858 0.0456699079240036
0.222006291182535 0.13635937456464 0.0465709024334618 0.00760261587584491
0.244150758214991 0.10859512129799 0.042023055478207 -0.00452190012786883
0.23568483031656 0.105630122374225 0.0360591993413263 0.00256337598235121
0.253541339614798 0.153189084854025 0.0277718981759297 0.01214405680849
0.204483838083259 0.25192534229534 0.0144809484089094 0.0164774463809777
0.0829702398213812 0.308178083590232 0.0201709039753242 0.0211537525506319
-0.110236848406341 0.328801268786925 0.0125623256952542 0.0195545225378441
-0.302512781216727 0.223869391326483 0.000186449097932989 -0.0326827695892194
-0.330808496649793 0.0852428902399219 0.0397826796317587 -0.0903243659627332
-0.271668453371951 -0.0241048227980916 0.162055725457549 0.138407065998931
-0.283803384962349 0.0852036067390527 0.107251152779409 0.0173898825615449
-0.208811184281443 0.165451937458479 -0.00690068677957696 0.0515549718410138
-0.0770669482395847 0.237255277639302 -0.00487815199439566 0.091290463015228
0.0565322411388569 0.250700707664316 0.0487868326045888 0.144990876177876
0.155787404440502 0.194701959267579 0.12480186592992 0.111193350537648
0.194848226059154 0.123185005012651 0.129064926362983 0.0600476892140002
0.211524022514746 0.0995353544465837 0.130225847759824 0.0363011432112115
0.20222276054352 0.0992447857233282 0.117732389556486 0.0348703249254232
0.206020301937503 0.138639516757878 0.0919778668625324 0.0411408325320397
0.148767062419296 0.213627841032751 0.0542105361710311 0.0485109998886936
0.0400161858744957 0.238728488683838 0.0268418448038051 0.0345298399965863
-0.0919742440409405 0.233088545001143 0.0335315986091232 0.0062824036912499
-0.228593046048169 0.170290430465004 0.0506424437785582 -0.0573862359206471
-0.259149093132808 0.0832510740374157 0.138586691067224 -0.100459481465111
-0.182940901258483 0.00856232311584567 0.271454212180329 0.125796254330938
-0.173370347613308 0.0789297298792783 0.178246110682984 -0.00531416205035127
-0.113037650351261 0.11179013286109 0.0368068758875429 0.0285705325486924
-0.0442297522121304 0.145028591766174 -0.00495921101144194 0.0905821201538643
0.0376746801233099 0.160539548820375 0.0626474590937031 0.178095482839813
0.103621368708109 0.13113070198348 0.166100539469005 0.153367251928617
0.135980242041044 0.0879825402119209 0.195185695623291 0.0997745899729887
0.148660108207361 0.0763156374925615 0.199389506613683 0.0709335791130497
0.140272729502838 0.0789334953037553 0.176540028026066 0.0652513494754161
0.129841001374062 0.107154063943636 0.130479182374129 0.0681753827382985
0.0712045982707797 0.149432342429512 0.0716782397925468 0.0750776977171561
-0.0105328042786929 0.141404022021535 0.0200249516418885 0.0441081446408359
-0.0640884774010554 0.111551456748968 0.0404653535297427 -0.00203658887241191
-0.130527885603374 0.0963830505405397 0.0821434980924459 -0.0667027101364124
-0.156527793984555 0.0693805335127098 0.208590993018326 -0.100894394154315
-0.0597721500553797 0.0321189989065665 0.337800015266745 0.0947483152060316
-0.0357384595487493 0.0455656217614782 0.217344506827467 -0.0321077120512637
-0.0111472759460804 0.0267016801045165 0.0692721652024225 -0.00444215605978638
-0.0198693442790404 0.0297154812549133 -0.00432443979340105 0.0742426138541589
0.00418536740157695 0.0505468937081837 0.0708728502939159 0.180110457155088
0.030761844147311 0.0515517537926253 0.185915383204992 0.165729405464964
0.0522306186584268 0.0428614348320845 0.233860548104357 0.119106180813784
0.0635631833551464 0.0411944695313996 0.238739926169605 0.0952554125007938
0.0620806881982594 0.0449177291535544 0.205522029463812 0.0910002295928782
0.0458648172530015 0.0571155404744799 0.14343477774748 0.0921303915346762
0.00240035898345953 0.0684125953198918 0.0691545688458621 0.0937209448927487
-0.0375801852781957 0.0394888731187728 0.00390497622923333 0.045588187724953
-0.0167898139641718 0.00291893659550587 0.0396576689988909 -0.00913980358540106
-0.0204524425012862 0.0343741693621368 0.100785168001136 -0.0627938024473835
-0.0406716297396497 0.0571434610198295 0.245300303009113 -0.0923231765750535
-0.0561807394301653 -0.0318807188498351 -0.282378034672144 0.0832853020045934
-0.0737663013205746 0.00156293898276414 -0.128451354776022 0.105115282224678
-0.0401412274135761 0.0496869748681619 -0.0404171322460359 0.0503115259624822
0.0231159623375174 0.0461159801402173 0.0348522032700216 -0.0219091732562068
0.0328428560440157 0.0230255479141596 -0.031998833226056 -0.109602505789965
0.0347687094257819 0.00518460010681805 -0.127806821569571 -0.117216637931051
0.0275233571515589 -0.00404708957249448 -0.20320046621108 -0.101000322963257
0.0319187560462873 0.000902784717391268 -0.248203475232448 -0.0966319521646157
0.035241660579222 0.00284969141315724 -0.25237705178985 -0.102384387504275
0.0553661442890898 0.0190057826878553 -0.203987316497926 -0.125812214938886
0.0575607081680837 0.0522126465368244 -0.115450018098813 -0.139251558574174
0.0255655740282878 0.0891570483396287 -0.0271430205277797 -0.0689542304281794
-0.0710704032683188 0.0972661996412401 -0.0873450854439314 0.00135085882833058
-0.119114931401493 0.0152497889588046 -0.201875276201139 0.0128493040305629
-0.0883869383533427 -0.0389405930512308 -0.329621366252018 -0.0625652580103338
-0.156266215703724 -0.0418717968883181 -0.259596149626758 0.0887712859119512
-0.164742925969523 0.0224385915426668 -0.135859986092778 0.087752150015531
-0.109848260590561 0.0916298831210689 -0.0602945601693201 0.0675647828572034
-0.00573627104086885 0.121751651579865 0.0403551342549948 -0.000320528435347606
0.0554654736239748 0.110094665503341 -0.00891550393914689 -0.0903129222081923
0.0974311936179146 0.0743681947090144 -0.0945241630575839 -0.112476469940439
0.108888602190451 0.0410455348570163 -0.173319182439311 -0.101795824977351
0.126202547192347 0.0388757245844952 -0.213371871821114 -0.0925741266500855
0.126919158555915 0.0455167161380368 -0.217126344148987 -0.0845591119687071
0.146880214858146 0.0822683862972542 -0.179876310467616 -0.0938119358496765
0.123377274448228 0.151239694083773 -0.109139692215354 -0.104196870335713
0.0441242794043564 0.202981351017035 -0.0242559768723587 -0.0414547222337064
-0.120217555053263 0.217483960351281 -0.0774029782464293 0.0255647958861929
-0.24068459647464 0.102718899968902 -0.179812724752631 0.0247663187658853
-0.222774115817072 -0.00510057734379582 -0.282103896644177 -0.0560698373531573
-0.242715952649989 -0.0525444493059568 -0.196368816761861 0.0993168835599728
-0.251011443835019 0.0380256527152058 -0.117815157356387 0.0684623161848081
-0.183888769721296 0.128770918981703 -0.0744416044545679 0.0763859500651448
-0.0462788249392225 0.195177131770648 0.0320968891521966 0.0243580699142466
0.0662448228864841 0.197519620670327 0.00875912593849186 -0.0495889253747964
0.147490206486767 0.1449140851134 -0.0475290253131796 -0.0821526130304824
0.175189174196964 0.0862384269934058 -0.116926898414778 -0.0824070246112384
0.2002511812082 0.0721221833863193 -0.145303616911256 -0.0749372054528118
0.198793559192692 0.076142421193617 -0.148249812950262 -0.0593377633939245
0.222617436085782 0.123556894814171 -0.126165650083718 -0.0554338231469739
0.187312075818688 0.220624787067469 -0.082324354810661 -0.0612767865316057
0.0778003204372113 0.288939351660296 -0.0129006912447018 -0.0166762749557121
-0.131694398018093 0.317043270977314 -0.0512526605631932 0.0368977855647737
-0.312918681592443 0.187755962059514 -0.129362144508802 0.0209496518934541
-0.31615731197111 0.0382815054860592 -0.192764686434461 -0.0593131599267514
-0.300969684334085 -0.0550957914740155 -0.0952100241060016 0.116764088932673
-0.316517279556985 0.0599980193468488 -0.0641383455262212 0.0513687591124462
-0.241651198950822 0.165508169610721 -0.0706920009361191 0.0766286531262218
-0.0792490248943074 0.257400230528955 0.0166551280376094 0.0499224046238678
0.0716333589318856 0.266154287981271 0.0227306509267724 0.0124318778972756
0.180664523551846 0.198675322809642 0.00972992964725094 -0.0267106750469427
0.217014179532534 0.119294074972464 -0.0402179621063971 -0.04388489061325
0.242635274394675 0.0947291454965841 -0.0560878138059885 -0.0445297796121549
0.238402501385693 0.0946507555192432 -0.0587768476370758 -0.0299509374976192
0.264613917125162 0.143973432978173 -0.0509491995351666 -0.0198500113915964
0.224530731118153 0.252223526879707 -0.0367927100577697 -0.0191870704625443
0.10128645801096 0.326270078028321 0.00517968890064806 0.00426475269029249
-0.119775120671085 0.362378243888134 -0.0178027850159821 0.0314051521729109
-0.329577740407019 0.239644209436638 -0.0641602916025015 -0.00244314448248085
-0.352995666058675 0.0739230382032704 -0.0795272139460152 -0.0733003568504932
-0.313667989021629 -0.0429607849830415 0.0336272345679264 0.130879756955566
-0.333045740049628 0.0805298994827391 0.0182758052299564 0.0341538291593806
-0.255453733463759 0.186641362600597 -0.0449915317872179 0.0678378338175716
-0.0888953215826808 0.28065739462643 0.00297180931108969 0.0745750585436146
0.0723354207515189 0.289128430583192 0.0382154197566407 0.0839446623472268
0.187551668751042 0.217219635775479 0.0721995242182882 0.0428564541997771
0.226923819118591 0.131545666598052 0.0469093207585888 0.00721010640514343
0.248019865594326 0.101846163335313 0.04094511454168 -0.00611840392715794
0.240492179962926 0.101426359479572 0.0362149815120939 0.000319044034218656
0.259543311822481 0.146164643634341 0.0285991379654389 0.010311415521178
0.213595116909186 0.246994829848334 0.0160285402665348 0.0174805372043488
0.0911648854207923 0.307195579105109 0.021841709034137 0.0209830266443745
-0.101802710027945 0.332349201225103 0.0128517119912799 0.0169697937971526
-0.295792191293432 0.233237047312291 -0.000436508836682993 -0.0345251091976458
-0.329756880787333 0.0913314826777562 0.0368672616154973 -0.0902237537142462
-0.274142933972873 -0.0169793951488602 0.165537371154611 0.133938182134528
-0.281198349591981 0.0930229538109535 0.107538872687928 0.0142749197389416
-0.205518253790575 0.172621169664888 -0.00375573159217882 0.0523503357584468
-0.0716160847970859 0.24115524201223 -0.00358059745314186 0.0906770148408659
0.0648601992547804 0.24988037535459 0.0555139417503706 0.145253712555262
0.162721494512895 0.190486618961686 0.129676426756603 0.10618609515662
0.200040968835375 0.118048979918603 0.130240177473584 0.0575295502656344
0.215371439209737 0.0935749464034115 0.131721996057641 0.0329456301270804
0.206025565923452 0.0946213571286878 0.119317479645795 0.0308905938523576
0.211045305696398 0.132510465479698 0.0934907489888581 0.0376846154462685
0.156440453065992 0.209216581984583 0.0565585614692275 0.048153632948445
0.0467064607320565 0.239361293871288 0.029385562592272 0.0339720352675845
-0.0854657244970965 0.236139999367235 0.0330663595782745 0.00302566920991235
-0.222927462785248 0.177482343070889 0.0483210684358753 -0.059946050309229
-0.257565103306008 0.086919984960448 0.136238767596968 -0.101965240586704
-0.183579809950221 0.0133910282191084 0.274793474040059 0.118724350734357
-0.170466370336225 0.0846257371509487 0.177769084183136 -0.00922295582563358
-0.111364204716442 0.114941975984854 0.0384505543537403 0.0284265811235098
-0.0414791208764174 0.147366723596179 -0.00339851007519483 0.0904252962495094
0.0425760323654536 0.159880012967606 0.0702715922581458 0.177732414713243
0.108723791987871 0.127744724220705 0.172240677092645 0.147615609964198
0.13956466290666 0.0848813170665218 0.198204993137727 0.0946894944550886
0.151187933296357 0.0718075249891936 0.202388300317768 0.0655768511330171
0.143923018393811 0.0755006655815743 0.1785188740396 0.0600540147759475
0.133563466658501 0.102494589412119 0.132108202241507 0.0634281792197635
0.0765677472548568 0.147525189341734 0.0745547791317834 0.0738921937533247
-0.00628728092012939 0.143060472401467 0.0222810736756667 0.0440824634400715
-0.061404289681625 0.113209454468983 0.0408405847607272 -0.00565529204164049
-0.126523549522217 0.100870608431206 0.0793453824059709 -0.0693132634667424
-0.154397739368266 0.0714577949157418 0.205345182700298 -0.103895150824021
-0.0594283180173975 0.0339444696054335 0.340032142177226 0.0875246693028552
-0.0344577485237681 0.0467688887414769 0.215861791645452 -0.0361599237030253
-0.0114180466196916 0.0270490777991148 0.069606050590047 -0.00597442998651635
-0.0193666412517363 0.0309227158913399 -0.00263247263631842 0.0751627439090318
0.00548153185899378 0.050571366976545 0.0780064937690724 0.178365273335597
0.0331723652104502 0.0507885494571335 0.192567606602098 0.159536742714638
0.0550799713903239 0.0420126327741239 0.23745397449835 0.113962112375264
0.0648089202008536 0.0391070376699222 0.242870179980013 0.0884460382472317
0.0638859844733409 0.0430417370764883 0.208668236140092 0.0855529783378721
0.0475142599696995 0.055524505589302 0.145146710318971 0.0876826943377293
0.00448589384756019 0.069093338682311 0.0717266877953934 0.0920042700843221
-0.0368496789032363 0.0415158756653824 0.00569469103426999 0.0464689983070264
-0.017152290755036 0.00418542270113922 0.0394876166315654 -0.012374850669509
-0.0188265441642823 0.0354771937331411 0.097287148231368 -0.0653515276804452
-0.0385466157222771 0.0575782625538572 0.241683755374641 -0.0959590494524093
-0.0568832769852746 -0.0292467923462163 -0.27576358997206 0.0933579268550848
-0.0727486474470905 0.00548764087111219 -0.121570583757985 0.107889657625611
-0.0375865233232313 0.0517484125337519 -0.0369949430992136 0.0527001147548494
0.0250715249080587 0.0438113557354426 0.033839320830436 -0.0243935222182399
0.034016051617017 0.0214168270750098 -0.0367655875117128 -0.106558170572611
0.0338691829968734 0.00334643894774514 -0.13172503068137 -0.109632048753092
0.0267090168588546 -0.0050991673651832 -0.205449105516076 -0.0908143396527863
0.0318271069900149 0.00011846918798564 -0.2515935108588 -0.0844341395091146
0.0352285336306083 0.00217793727028558 -0.255521381497694 -0.0886247777712588
0.0554380000679804 0.0165640823312232 -0.208378504067549 -0.115210265335549
0.0599164805831445 0.0483874259264773 -0.122337275509186 -0.133153815960388
0.0301903949007739 0.0861017282898166 -0.0309132160487002 -0.0687600530787729
-0.0656454022296704 0.100154128589524 -0.0878109547566183 0.00543236458312415
-0.117915343412112 0.0210582312976746 -0.198768426123028 0.0212292696114078
-0.0905151913333609 -0.034876884001921 -0.328492105111668 -0.0491590595331944
-0.157002476520923 -0.0344975925489646 -0.252633528010314 0.0971181465461289
-0.16097104653399 0.0303026758715927 -0.129715067678634 0.0906416636004519
-0.10496500596188 0.097173021197527 -0.0551966200304932 0.0705124950189996
-0.000149454782759673 0.120271396293414 0.0397123271053453 -0.00300353129528973
0.0605848277230347 0.106208564437539 -0.0124195741987906 -0.0887532936422552
0.100001541912579 0.0681824555390355 -0.0981248602383402 -0.107187330057801
0.109855167148604 0.0355459345853845 -0.176308711814372 -0.0924814735014374
0.12732684710582 0.0335454707364866 -0.217512840173392 -0.0816351835091061
0.128916523776015 0.0406670498898967 -0.219672974115262 -0.073798203604315
0.149695941723747 0.0752507429809274 -0.182547314239021 -0.0841834238698959
0.130473232518616 0.143688087112313 -0.113653622320979 -0.0970365700516467
0.0532302913425647 0.199425752893049 -0.0257363985151454 -0.0411203376497062
-0.109367555492529 0.222376748590278 -0.0769258015815837 0.0281994386689495
-0.233485662257441 0.113691628241618 -0.175989354242332 0.0310643872933341
-0.222351539960031 0.00382333987024442 -0.281045327972725 -0.0437368865904822
-0.243365087075985 -0.0407330282857173 -0.190657886034728 0.104909681974304
-0.245526426384452 0.0509412610220031 -0.113308874968917 0.0711415883392848
-0.176989623335779 0.137677717737263 -0.0690027902289942 0.0804336148139389
-0.0371761851344277 0.195446524901449 0.0320183197421451 0.0221947981289625
0.0761905984710295 0.192321165184615 0.00788098124590906 -0.0485652951951791
0.153471817807014 0.13544665408581 -0.050011191775904 -0.0796476876196447
0.178341932562096 0.0775828808543741 -0.119938229527157 -0.0755530645486776
0.202982641489311 0.0626211517790997 -0.149344976985234 -0.0674929507858819
0.202006448473406 0.06770371440193 -0.150702141371515 -0.0518549923772914
0.227004617078101 0.112509474760773 -0.126811402975139 -0.0497361708818921
0.197956913771761 0.209512080624411 -0.084673508852448 -0.0560493085311653
0.0905807682834062 0.28392835877678 -0.0130443145934861 -0.0165618393281481
-0.116346862105857 0.321874220407325 -0.0501785007334255 0.0373656803514239
-0.30148161872382 0.202093613225784 -0.12661054447506 0.0241662183275303
-0.313504181891515 0.0499552528405774 -0.192629899506981 -0.050755344682627
-0.30166970747321 -0.0407137364611783 -0.089642071288967 0.117027026955685
-0.309660535518898 0.0744881687167514 -0.0612595076385412 0.0512838989193208
-0.233133596663085 0.177262062107983 -0.0652517075595333 0.0799031838003779
-0.0675492343394189 0.259537148335393 0.0178702809727412 0.0480997113258646
0.0846971840978328 0.260461188557213 0.0252883550176891 0.0121177540671532
0.189032404319338 0.187353502808637 0.00945828382754769 -0.0281517386465368
0.222510925891647 0.108960861347867 -0.0421893972760817 -0.0408149075831435
0.246427958165579 0.082791617303895 -0.0592279655113491 -0.0413532911583732
0.242902382632988 0.0845393236530503 -0.0600770132670128 -0.027556083556954
0.270240140713614 0.130930583126645 -0.0504756223943085 -0.0178977363163118
0.236734775496596 0.238909028786138 -0.0365014009959892 -0.0161035865143348
0.116443180640915 0.320085691649542 0.00592832679558423 0.00351663545559179
-0.102780368307945 0.365887349144469 -0.0172295497912777 0.0299534110169954
-0.314951187731068 0.253746537057378 -0.0635251657594347 -0.00199017738482024
-0.348239248731894 0.0868367672268537 -0.0818236969207426 -0.0690995330551242
-0.315109173924011 -0.0283866664212762 0.0388269711545719 0.126793727309184
-0.325701002053269 0.0955121414031754 0.0197320595807201 0.0309942338518332
-0.246459962484445 0.199408873899696 -0.039193751225978 0.0704294469812715
-0.0760355821744486 0.283284780031785 0.00509211668557619 0.0725132855714475
0.0871730579302148 0.283667358730408 0.0439605466836401 0.082716269784395
0.197097848886265 0.205500687342729 0.0747561768954252 0.0373092267288742
0.232852166013611 0.120887617899457 0.0463805852736717 0.00527787796934984
0.25188552035736 0.0898273191315248 0.0397871414265723 -0.00786389361740279
0.245080291570744 0.090246121185252 0.0352657172290457 -0.00228013215140757
0.265089956443186 0.133249671944931 0.0295962562330084 0.00827214809887058
0.226281806888682 0.233835890394859 0.0177429051783282 0.0178776779849597
0.105925068518561 0.301204108684231 0.0235883563779543 0.0189412446370581
-0.0853611577956084 0.334981414120863 0.0128153659291797 0.0132891925874424
-0.280964398135439 0.246612091704407 -0.0021804822944259 -0.0371594047114473
-0.323859890657833 0.102666539970602 0.0329290746219916 -0.0899838639429682
-0.273648113336444 -0.00393050323628542 0.170211601967764 0.124480066820185
-0.274359118935982 0.105982081699701 0.107236691721243 0.00853076257545215
-0.19754513486959 0.181594515450855 6.57561918609457E-05 0.0525892953959724
-0.060484680870246 0.243521586303867 -0.000771815348893066 0.089896832652293
0.076545775231731 0.244470694477143 0.0640943092362479 0.142379639290684
0.171834693431205 0.180921110888588 0.134714122411053 0.0977335750751025
0.205509924807029 0.108229663931572 0.132464870524103 0.0523467801442326
0.218955467030855 0.0828855587814443 0.132375838298841 0.0262439432752796
0.210359705999256 0.0849849560904901 0.119755026834045 0.0244220409170392
0.215666274267615 0.121608762599561 0.0947525046909332 0.0323329219600655
0.166742687270692 0.199992621881365 0.0589373925293642 0.0459408136545297
0.0576892580482115 0.235744954324341 0.0314065847161278 0.0329746809897366
-0.0736640114258874 0.237833964494835 0.0323848072089702 -0.00146880640596805
-0.212415485916786 0.187073325934124 0.0451525923007589 -0.0633343471453641
-0.252257305878541 0.0951872561053974 0.130686291168637 -0.106030550220714
-0.181969159401984 0.0214919323322346 0.277260355888973 0.106143769982564
-0.164559176067151 0.091624710027807 0.175994146218873 -0.0168946158214337
-0.106290550479107 0.119868313047759 0.0412928423827629 0.0265634722252857
-0.0346438508426981 0.148836207815215 6.62016843907053E-05 0.0903425548030368
0.0502145238585184 0.157187279260282 0.0799356810415479 0.173602685310784
0.115314896753093 0.121733485750141 0.178295601556868 0.137109383149674
0.1436327620326 0.0781425514384867 0.201031168394328 0.0860762096513594
0.153840131608815 0.0643651527510461 0.204449268230266 0.056217585514472
0.146393965200455 0.0685555368004312 0.179882518530553 0.0509868891090591
0.1371332529852 0.0951771772659255 0.133689084106635 0.0563462588810561
0.0836844209949832 0.142324703874305 0.077630921908108 0.0702435568927343
0.00054476882745034 0.143425308983766 0.0250712619085143 0.043236197756559
-0.0558184134184175 0.114664797671275 0.039361562346036 -0.0100505225687624
-0.119366171035426 0.105371645091896 0.0747251789060118 -0.0737048481813325
-0.149794474088026 0.0753297161833985 0.198293930506438 -0.110210619732598
-0.0575305902673578 0.0363615351339101 0.341247403241498 0.073280920632503
-0.0318255066724854 0.0476203373774129 0.212523559860333 -0.0431975857529858
-0.0104429783562001 0.0266134755707783 0.0700550618181066 -0.00904215435043407
-0.0179875762870678 0.0319195028066617 0.000946715073485096 0.0753459928676026
0.00785128573579169 0.0501597038430292 0.0869257944494341 0.173477547806673
0.035731302010256 0.0486047580339039 0.198253202566293 0.147887350177828
0.057311709471671 0.0392194882842434 0.241522514086727 0.10270176771232
0.06642062720956 0.0354851493556522 0.246322630432018 0.0768378459644471
0.0655849814052945 0.039227438019553 0.21143316755111 0.0747456515209767
0.0497933001276584 0.0520654591570664 0.147078512321509 0.0795987920280952
0.00769263902801401 0.0682316678031698 0.075569977624432 0.0877460916552187
-0.0345607882933223 0.043318380983087 0.00849337853534388 0.0461997973422096
-0.0172993553115405 0.00455532733143175 0.0385399961731479 -0.0160546579106655
-0.016312242278212 0.0360225875683861 0.0927694710148154 -0.0696219473589294
-0.0352388236170859 0.0582413148828262 0.234260124400344 -0.103938443062066
-0.0557594867481446 -0.0257012259059869 -0.262064723430597 0.100137316563795
-0.0694786859828297 0.00905689770410379 -0.11195247900853 0.10695841739329
-0.0337037515891397 0.0522106565845552 -0.0323868755228977 0.0533966948603469
0.0257581789908745 0.0402678333939768 0.0310335605856573 -0.0257193016568997
0.0337345211906829 0.0183461048775875 -0.0404611028816713 -0.10077458739351
0.0321803445107596 0.00124179945150419 -0.131421524374905 -0.0992544002050782
0.0245487894928071 -0.00629098208900975 -0.202288435329275 -0.0785611411753792
0.0310328118795808 -0.000836340469871969 -0.247848558687788 -0.0692907487544953
0.0339164956711254 0.00169145920944116 -0.250761365177504 -0.0738612990855618
0.0547066544868348 0.0136340752388725 -0.206132362794084 -0.101454581081344
0.06055888061168 0.0429154307755149 -0.124685656944859 -0.12250467276482
0.0332351581375674 0.0813912056006342 -0.0333132806635702 -0.0661731866818414
-0.0580378153070753 0.100198465839812 -0.0855212778767991 0.00959738470768545
-0.112658329683354 0.0261158186234614 -0.189625978746358 0.0284021151850983
-0.0894159391802062 -0.0297016360332608 -0.318131419599394 -0.0341525592154694
-0.153192031525956 -0.02614750949169 -0.239427244072817 0.10195925873603
-0.15306283764172 0.0371627181930382 -0.121264463325894 0.0909376907352571
-0.0963734694173851 0.0996009005277249 -0.0490351852269909 0.0720423487633476
0.00531054677029021 0.115667964848254 0.0378436295937283 -0.00568177834485451
0.0641606503903306 0.0985300762649972 -0.0155999299125222 -0.0845323572922692
0.099274437502886 0.0602234863742539 -0.0985339279760995 -0.0989654155638377
0.107255261073422 0.0297881488211957 -0.174265624206253 -0.0809561371410662
0.125436959843597 0.0264928076084645 -0.215175264643452 -0.0683065028308949
0.126665470909438 0.0345043354153885 -0.216514244781722 -0.0607835170326964
0.148488602115469 0.0656979559743632 -0.179501112968037 -0.0734338651017146
0.134303090688202 0.131328313889518 -0.114277542303154 -0.0881100756710186
0.0613275063060951 0.190095753758055 -0.0270859737381492 -0.0397076765065618
-0.0956663747877548 0.22038336604785 -0.0746106260028344 0.029952664952832
-0.220292930806017 0.120585590795134 -0.167713214878891 0.0359809005362484
-0.215925617853587 0.011435549135083 -0.271929838733934 -0.0313978608564146
-0.237556085927427 -0.0286778997932594 -0.17957766491969 0.107090078421358
-0.233118428818994 0.0608057209993586 -0.106267072132485 0.0707884357823631
-0.163800483924299 0.142189703297699 -0.0617346332442063 0.0817433070065925
-0.0268824451102296 0.190368256736051 0.031130522003343 0.0189208593862021
0.0829498594671034 0.181025669886104 0.00626849676706484 -0.0472293191157258
0.153965199167275 0.122391782668971 -0.050711599682513 -0.0757170262261988
0.175957578796179 0.0672563884774094 -0.118992596529796 -0.0678188968455522
0.199774817460888 0.0513776170242275 -0.148926844490421 -0.0584938392562405
0.200022848144635 0.0577465430433566 -0.148434070883412 -0.0435572362060447
0.225944596207964 0.0982064448703128 -0.124278377658399 -0.0424265776645433
0.203223451312703 0.191685475831617 -0.084104979450664 -0.0496953418959866
0.101226895326603 0.269718153382789 -0.0127900450131453 -0.0166864945762874
-0.097703394636049 0.316518429763292 -0.048424343871428 0.0370419864839105
-0.281199002411546 0.209277625688374 -0.12062424511118 0.0275156033700965
-0.301975279242879 0.0601377082731922 -0.187543718857978 -0.0416027860071851
-0.294133617659001 -0.0254022644149594 -0.0815218667209836 0.114462329482912
-0.294497326930828 0.0865419095362753 -0.0570903612960112 0.0500814422544229
-0.217105480502125 0.183058280895223 -0.0571069030636415 0.0810841053876271
-0.0531354591309614 0.254372352576927 0.0183109221128479 0.0449045199277418
0.0950798234578926 0.246761908106653 0.0269322762437205 0.0109953285884296
0.192149185358407 0.170603105979903 0.00888356532981681 -0.029444678133576
0.220915427431048 0.0955837581015138 -0.0428779531054187 -0.037621525662332
0.242336953319692 0.0686838831624664 -0.0601753464651798 -0.0371532253442486
0.240195035099404 0.0716006358210545 -0.0603503320852197 -0.0242042563539066
0.267597297726636 0.113737134321803 -0.0495115973985021 -0.015668367765954
0.242652637865705 0.219539729876609 -0.0356146325024553 -0.0129461004717808
0.128291104351167 0.304695645723094 0.00651442034632204 0.00187872092045038
-0.0814202750994768 0.359117210737314 -0.0165299500071396 0.027765334876362
-0.291671450331515 0.260339370436069 -0.061625911682821 -0.00130463946741752
-0.333913769287211 0.0964501562267267 -0.0819972921434131 -0.0630049207759636
-0.306658275570753 -0.012985826800345 0.0424370779800382 0.118422276846672
-0.308563501182472 0.108319313831039 0.0206169679548824 0.0269707596354819
-0.229149404239626 0.204931903352635 -0.0328746757040103 0.0699205335137141
-0.0603618474340038 0.278538615947592 0.00667196113633881 0.0694869198221369
0.0984452406496874 0.269987390437843 0.0489969721543302 0.0777143913917207
0.200995368549117 0.188063593805074 0.0746482404583763 0.03048612677107
0.23250534712121 0.105783019331673 0.0451454221635573 0.00348295345556368
0.248091776523331 0.0753139860039189 0.0373872674864584 -0.00964890514190182
0.242268431783083 0.07762508828657 0.034107881738301 -0.00377968941611919
0.263389504522968 0.115433188164239 0.0293870330293619 0.00542177061385506
0.230711707976188 0.214748750947717 0.0187015049287456 0.0172452840093858
0.117079576728134 0.287400765503146 0.0247860503196525 0.0166123094447065
-0.0664756610339271 0.327765913473784 0.0111982511383502 0.010587171019769
-0.259648715988244 0.25131959584813 -0.00380453124198167 -0.0373476612174708
-0.309304247287583 0.109853606750165 0.0282741311583042 -0.0877298027410343
-0.265140145638981 0.00787863808518121 0.169063501735545 0.112031303136013
-0.259039848734415 0.114359105375002 0.10412257728901 0.00251051991367298
-0.183580832527638 0.185223462021935 0.00447744070232168 0.0510339842455001
-0.0478032804508479 0.239490327435017 0.00238044947591466 0.0863578440790587
0.0859080048095653 0.232995100470635 0.0708628868161 0.134744713104519
0.174912460909811 0.165495166745467 0.135450385197049 0.0863096019468176
0.204812944922819 0.0950471120929543 0.130357927294847 0.0444966154119975
0.216238677225167 0.07047529032486 0.129214804088466 0.0203055481939996
0.208325877625475 0.0729865464236483 0.116729319874747 0.0182421827261968
0.214887479437211 0.106603605749539 0.0929805324180072 0.0257887017324662
0.171759549685179 0.18515404124316 0.0597831664411985 0.0426208261909381
0.0674218832740094 0.226048049766358 0.0328811214892286 0.0297774289034848
-0.0601426410316703 0.233254543550565 0.030364866008627 -0.00517889000953967
-0.195019980331878 0.189725415359521 0.0401527092009127 -0.0648852036568418
-0.240043822429492 0.101217291206716 0.121497533938456 -0.105870761211047
-0.175612461364712 0.0284468102127451 0.273124390812866 0.0909523629876227
-0.154173611367412 0.0953767620538598 0.169162261552981 -0.0238148054905068
-0.0984119097654511 0.121455575747863 0.04251333741646 0.0239720889611817
-0.0270792463965987 0.146025975673295 0.00353870382296755 0.0873420732610981
0.0558801075345453 0.149042525913625 0.0868887380659296 0.164109237933974
0.117128208082136 0.111631009545414 0.17904539772823 0.122035179136352
0.143538107872411 0.0688101073452833 0.198537715215498 0.0754005950660876
0.151879240819583 0.0549469013766108 0.20083555586693 0.0450966287902381
0.14543856300144 0.0593049201516204 0.176881304464643 0.0412033244761093
0.137058603221238 0.0848363337163538 0.131369906755172 0.0480097351367171
0.0878193787478529 0.133662613031054 0.0792882318647738 0.064528676704266
0.00738288360679538 0.139193725455094 0.0269561354885417 0.0404809824787879
-0.04872463922777 0.112751285017481 0.0364431946852479 -0.0136436904246748
-0.109994676040108 0.106958344510639 0.0682144833750689 -0.0745551884638126
-0.141324558459535 0.0779623600985803 0.186528198177731 -0.112763123075179
-0.0537891153183373 0.0372757940290285 0.333377545232642 0.0579313695329084
-0.0279154036712904 0.0471915141710504 0.203830467050523 -0.0501838844153018
-0.00986737184701964 0.0262863973237957 0.0678236919807194 -0.011933997021399
-0.0161087844549656 0.0325022003225895 0.00454116783321949 0.0729192989357562
0.0101878847575683 0.0480304554210715 0.0939933470579343 0.163655278914207
0.0370703260772042 0.0457084469789146 0.198398799743018 0.133830518042654
0.0580523351147908 0.0351899160878279 0.238084820094364 0.0890615194449119
0.066226913804497 0.0305688782276726 0.242755269579939 0.062235730637313
0.0646932374811854 0.0344236582859848 0.208073075589236 0.0629120711450121
0.0499245920156694 0.0478695208115838 0.145203178395718 0.070384030954694
0.0110975737704403 0.0662524451084279 0.0774528774860463 0.080629734922918
-0.030785590948065 0.0446674917003306 0.0109170210593361 0.0451795472689481
-0.0170726668969018 0.00521231201391724 0.03572296697353 -0.019041560683743
-0.0139163023821804 0.0352344351097979 0.0855817308228773 -0.0699021266164114
-0.0309918270905046 0.0560260854134833 0.220787585994846 -0.107904888335447
-0.0585730481011157 -0.0169988491291278 -0.231847666946494 0.12324156932189
-0.0646847534149658 0.0164246626362053 -0.0910092042382897 0.111743326951306
-0.0253027817488564 0.0537539950473215 -0.0215990467793479 0.0522463091422096
0.02806115559962 0.0346288577513767 0.0260293981171121 -0.0306657966987555
0.0341112040390353 0.0128085723706716 -0.0515254247113458 -0.0910636237584906
0.0292971660648105 -0.00179723943301389 -0.135432896004541 -0.0802687883194623
0.0210057071873421 -0.00723910686174618 -0.201969319956912 -0.0539284268689226
0.0292819572064893 -0.00400468571134045 -0.240843933217344 -0.0367309409274827
0.0330877308781771 -0.000774932182299553 -0.244340589464994 -0.0417759723969049
0.0530868756329696 0.00806214529351985 -0.204759098298266 -0.0715801688588052
0.0622008190206379 0.0339121422790838 -0.129786641195369 -0.103536255612033
0.0385261125362336 0.0719326036210815 -0.0374643431151427 -0.0594838658482503
-0.0408093771304998 0.101498761014901 -0.0792931738048088 0.0227497640798559
-0.0992394500534237 0.038834586920186 -0.178296435021435 0.0524198945106218
-0.0872105465205693 -0.0130994719445997 -0.308077519626643 1.92105620789026E-05
-0.152684055190268 -0.00435613406850514 -0.202268593576296 0.120356488147689
-0.13990502944483 0.0514012834856101 -0.0990082426840702 0.0960887052955583
-0.0788586506836398 0.105309450644439 -0.0316512686521518 0.0705820619785299
0.0162069265991817 0.107415807619101 0.0359556673449386 -0.0146526271105926
0.0711531262566994 0.0849048465420757 -0.0249252415264844 -0.0826011211996146
0.0987887858496795 0.0458560806361696 -0.10423255916616 -0.0869993899482565
0.102327922202029 0.0170326865754882 -0.174163336138514 -0.0615520803760128
0.120877068695932 0.0112589141357834 -0.209532451473306 -0.0395722880621244
0.124611414661192 0.0194768510649869 -0.208912702898339 -0.0345064117617981
0.146836141366272 0.0453571144204101 -0.174076479357617 -0.0497311006378649
0.141244743370835 0.107276275812252 -0.113518046403262 -0.0726728436661767
0.0773549506794334 0.170639635438212 -0.0249495775962084 -0.0353778659202694
-0.0611363708150792 0.217420388965482 -0.0642753788932669 0.0438437873417363
-0.188072452316294 0.138073254429215 -0.158863490602004 0.0627139346514382
-0.198676877327239 0.0394075421744457 -0.267878228612975 -0.000821605813953525
-0.234558109724249 0.00304018670954131 -0.138290719569239 0.11720212096485
-0.213285078624118 0.0812715863498024 -0.0856129899136705 0.0750544653156946
-0.138415503232167 0.153055901730933 -0.0393539289700476 0.0801790617391096
-0.00709726034279148 0.181518127797832 0.0352067440502836 0.00764180204580907
0.0976739740832426 0.160093763788101 0.00227978776884092 -0.0530883523238598
0.157588786326129 0.0976715389334587 -0.0567173727373313 -0.0737596316944866
0.171405211665188 0.0444013678542505 -0.118969211388666 -0.0565272863473639
0.193671083467451 0.0261345477943533 -0.146214616656232 -0.0374125392956556
0.196150050350598 0.0330127841681335 -0.141939438429829 -0.0265074151555078
0.222295256217217 0.0668283861007254 -0.116250581641881 -0.0281671897532164
0.212723487196699 0.155881054864031 -0.0782212957549549 -0.0407155141453388
0.123702770323467 0.240576220441591 -0.00596403969828962 -0.0143120384782617
-0.0509515326212672 0.30778296922971 -0.0365599216004613 0.0491054257340434
-0.234289421498903 0.225851839141429 -0.116516522125717 0.052926826978235
-0.272748983208052 0.092641137744871 -0.191992137866362 -0.0187383281380985
-0.288709900637947 0.0127646769445297 -0.0400190011247143 0.113066152632474
-0.268380139397278 0.111868527478527 -0.0392681394371866 0.0486605662172466
-0.183844110970789 0.1977784040485 -0.0322309426669253 0.0773323653863268
-0.0252624916123753 0.24440918508442 0.0282268066896429 0.0326373880319861
0.115553316958038 0.221284631981118 0.0300881321323471 -0.00409193076674869
0.198624304334932 0.139818240341011 0.00592928466112166 -0.0395160106782903
0.217476903400346 0.0664802828127967 -0.0414605938894826 -0.0370752626533195
0.236742214053443 0.0379825273180641 -0.0598138160605428 -0.0280393237612546
0.236334877075046 0.041170940518689 -0.055830209811544 -0.0184308141357624
0.262886761479872 0.0762486912957518 -0.0417270491308454 -0.0127727562470784
0.253773931600787 0.176010198655569 -0.0268403697601615 -0.0121813610437777
0.153060265106946 0.270178207700309 0.0160667753645283 0.0014414317378202
-0.0310148066694927 0.344867872277443 -0.00633830026041164 0.0369463711336464
-0.238739870917482 0.272613582722883 -0.063543858165028 0.021871143297612
-0.297750347578916 0.129234011964626 -0.0944436053247078 -0.0493106687726613
-0.298484858799431 0.0254052895549105 0.078105657283642 0.102015314595704
-0.280246018690874 0.134264513763579 0.0318598527585073 0.0175063530829834
-0.193205667852763 0.219853512826551 -0.00993563897843658 0.0623535698444381
-0.0301098093000477 0.267953492298273 0.0212626466481421 0.0576861484414778
0.120384948044218 0.242889645604965 0.0603545337729938 0.0556958953260531
0.209265883979111 0.154651594727379 0.0756515878274322 0.00891653401874567
0.229966985577124 0.0746981809678344 0.0478592409634787 -0.00777357432288848
0.243250917312426 0.0432751728685576 0.0355538739952885 -0.0131904276869383
0.238580518641333 0.0451026816459051 0.0351357004955588 -0.00962580829657269
0.259018631330083 0.0774359873460439 0.0346110601701521 -0.00157959622599877
0.242741005282377 0.17280033334213 0.0275425389955188 0.00989889437779439
0.140335783786428 0.254658439784735 0.034608987867179 0.0133461862167836
-0.0213974587064479 0.313614049613406 0.0179899469956541 0.0156103281086926
-0.210419945700184 0.260637342188351 -0.0126350479822413 -0.019859130548053
-0.274438189628114 0.136620623137339 0.00755658877173696 -0.0839840881817519
-0.254766832413417 0.0404016037579707 0.194223788445187 0.0811293845000161
-0.231961786834698 0.133811967238394 0.106429786049493 -0.0149747782385351
-0.152683895687339 0.196178976842734 0.0212974055944898 0.0403756570111324
-0.022014588498788 0.23011845744303 0.0182756717901278 0.0756599531925585
0.104822986224873 0.210329553843563 0.0879615678234529 0.10790759580726
0.183132778855012 0.137199251450812 0.13911041429186 0.0560227589681911
0.203856542396426 0.0678601079125992 0.134189890035121 0.0233639169209404
0.211668307498334 0.0419084132078037 0.12537758750244 0.00347592588502076
0.205612309382279 0.0441251115653277 0.115275464686401 0.00267377686674404
0.211375786820641 0.0745784794450057 0.0957773593168648 0.010960854212704
0.181905484755252 0.151837229263595 0.0685005291177149 0.030559581871275
0.0875712967964571 0.20262440332888 0.0422214849121208 0.0258171351882639
-0.0277078560611284 0.22429863795844 0.031371619785594 -0.00308971091154481
-0.159106381360878 0.195630516391153 0.0261196867082525 -0.0538950513442341
-0.210997911153094 0.11832921951719 0.0967092358294109 -0.111219395451848
-0.164261742363755 0.0481726754478901 0.28316172021546 0.0508052909381339
-0.134685879528167 0.105037296418529 0.161863944038141 -0.0449912304944766
-0.0800200950908698 0.125495873058838 0.04932047857418 0.0124267453344665
-0.0118627088909911 0.140728877058537 0.017730830201511 0.0791608166835717
0.068209802611895 0.135138266338452 0.106265943599363 0.137579386692365
0.122955655050927 0.092403866680481 0.183796526419755 0.0891953297136966
0.143835703830677 0.0490550028522947 0.202211705057771 0.045631553779105
0.149850011179872 0.0341404050960963 0.195368315037813 0.0184653695081936
0.143522868452544 0.0385050379910294 0.173645376087003 0.018546124527653
0.136091157159396 0.0627676430348602 0.132552513528877 0.0289799174723873
0.0982137597076459 0.113310081554298 0.0860860026806446 0.0508715439124557
0.0226495495209719 0.127722786194328 0.0346331574440525 0.0373796481430711
-0.0322467961506723 0.110723725956838 0.0342859323102018 -0.014799684479505
-0.0902668607104034 0.109793435553281 0.0530649669986979 -0.0712172952284887
-0.123044149625539 0.0849186907174305 0.160282498616699 -0.124458458875391
-0.0452582790624406 0.0414115230077985 0.326893936053385 0.0147224528517547
-0.0206131698345184 0.0463501655196581 0.188023123039938 -0.0716965041295982
-0.00674050915987329 0.0255982845843543 0.063872902829588 -0.0205242265186107
-0.0121590689153616 0.0322232596497993 0.0145278215659878 0.0687972311457417
0.0139532484921187 0.0453597016921406 0.11088283207239 0.141031331321761
0.0409395102319938 0.0389000104778088 0.203864257087863 0.102014685095129
0.0605831265064905 0.0268440805683564 0.240400530095029 0.0571971097425606
0.0658887377875699 0.021436517990565 0.236426537445722 0.0300204089382509
0.0647710132857798 0.0241838242085011 0.204691643971803 0.0358264541181819
0.0504379431678884 0.0376297488758219 0.145591094391561 0.049419070474804
0.0176967174382587 0.0599000391077151 0.0837357545892154 0.0678924993634377
-0.0232617352192185 0.0449184222687674 0.0163177704573271 0.0429204588480351
-0.0165526678976631 0.00656509792527348 0.0308370942162359 -0.0224031868343661
-0.0096849959291377 0.0329391763294905 0.0719284639985012 -0.0736280700822046
-0.0228225140446615 0.0516356379501569 0.196334134554671 -0.123500065962439
-0.0557587477141791 -0.0169269699283853 -0.223513713450264 0.111347591232724
-0.0612662695999099 0.0144129231760976 -0.0888856353025228 0.103859817470737
-0.0243357429848274 0.0506201488157081 -0.0207779348637576 0.0498494212513846
0.0260051900339343 0.0333205497789635 0.0253313126565027 -0.0292969410149172
0.0321222573302248 0.0122499634376582 -0.0479997973540491 -0.0864733262639249
0.0273058545950605 -0.00172174800951327 -0.127240598777338 -0.0782864902027747
0.0194214437546261 -0.00627111026233132 -0.192112710943079 -0.0546223908982042
0.0280509384155529 -0.00328932883352764 -0.230049377709009 -0.0380347918447908
0.0319996072086311 0.000274377537722933 -0.232023110125238 -0.0438461615262599
0.0506394075307766 0.00847059502460555 -0.193832207964179 -0.0715711354012851
0.0590805443991701 0.0325489312882149 -0.122893859558227 -0.099200510589482
0.0356344188284605 0.068960311162809 -0.0359561501389426 -0.0582980249191182
-0.040118697234392 0.0965079069923497 -0.0763827241483937 0.0205492553117557
-0.0951293703640732 0.0353867999454036 -0.170710439638768 0.045719938367313
-0.0830245329751859 -0.0140448382990598 -0.293309096074711 -0.00741926638925153
-0.145743497242266 -0.00655188927014729 -0.196209827952806 0.108943185742368
-0.133207127360256 0.0463849987102477 -0.0966205990530199 0.0879938016145644
-0.075509793789972 0.0993603216674971 -0.0307875597633298 0.0665590782046416
0.0134628525261546 0.102147537596822 0.0342711656871195 -0.0138905238402003
0.0665553348992312 0.080828218366697 -0.0226455125186136 -0.0783260117083077
0.0930219493545275 0.0442390708372085 -0.0982356971715033 -0.0847930748760717
0.0976426569141508 0.0179305058602326 -0.165560603071796 -0.0613824770723177
0.115465595518317 0.0123429370371178 -0.200541077867117 -0.0399757420184827
0.119181263821036 0.02103499290446 -0.198419399990532 -0.03586987308362
0.139295903591347 0.0452667489734968 -0.165088359911198 -0.0499920651967575
0.134149340903666 0.103176639863183 -0.107388947989129 -0.0704887242714784
0.0714172630967702 0.163362899034621 -0.0239247668001084 -0.03483942357898
-0.0606844849823698 0.206865246929432 -0.0627483602201774 0.0404375616037401
-0.181182380966222 0.128139750469599 -0.152657446646339 0.0555556733610867
-0.191094602116741 0.0338513556528993 -0.255140830302176 -0.00696047812217676
-0.223881673705711 -0.000587855632869908 -0.135283961841071 0.10758844434927
-0.203015412092659 0.0735116156125633 -0.0841977608235683 0.0672859485577586
-0.132570186278837 0.144238954763329 -0.0377668107595617 0.0758484044873197
-0.00876360578839315 0.172922172203897 0.032314556486391 0.00797008505605672
0.0912921359408199 0.153231234157281 0.00280544442696474 -0.0507913244764799
0.148809446626259 0.0941062391034196 -0.0527411338165075 -0.0723072800394674
0.163392107738281 0.0452693446185504 -0.113637477980035 -0.0549841169714259
0.185241279680478 0.0275889905652995 -0.140160106312662 -0.0366875696639111
0.187839970202178 0.034312875528301 -0.135967480714527 -0.0266963447767853
0.212054060552592 0.067010492779511 -0.110579166292625 -0.0289168134008537
0.202356089724633 0.149415289771319 -0.0737824320412769 -0.0385737456372848
0.115654213639091 0.231662293316065 -0.00574186111424208 -0.0143533405100519
-0.0524352599339157 0.293628153161168 -0.0373479764160153 0.045064313068905
-0.226586273933256 0.212239544467244 -0.112691873695273 0.0469468398331688
-0.263133563038325 0.0824357108648261 -0.182931318264761 -0.0220280596715224
-0.275272653498125 0.00769765484361452 -0.0422829872974011 0.105175386801677
-0.255872367764104 0.101841865270279 -0.0404584522787462 0.0431574280026078
-0.177462716069885 0.186495879753999 -0.0312526141241701 0.0726926280106781
-0.0271395158299593 0.232777228868755 0.0253546603029658 0.0314747881070677
0.108273783408189 0.211750990815886 0.0297795208764627 -0.00398177461119423
0.18787396746332 0.134677403320953 0.00593216068973935 -0.0394867454777162
0.207654325703506 0.0659819656636143 -0.0395818727216222 -0.0357521384775413
0.226710385612484 0.0394891467283551 -0.0577216903442454 -0.0265119386682147
0.226549567292011 0.0420862514725256 -0.0533889849376175 -0.0181597612023203
0.251040059335732 0.0764552504070231 -0.03967736040558 -0.0128970533074801
0.241031323944857 0.170002314515018 -0.0247007067508035 -0.0113189296353304
0.143107988099797 0.260024764215543 0.0155198952317408 0.000931716334389982
-0.0340772931510308 0.329006574855652 -0.00862105096732977 0.0339833371474812
-0.231816253807173 0.256384047843432 -0.0619481487848205 0.0176754263715766
-0.288244085289889 0.115782808038528 -0.0893119567667577 -0.0483645515600464
-0.285409939164764 0.0190369778613111 0.0709756907128116 0.0976477594846873
-0.267243881539408 0.122171670935845 0.0281306743239275 0.0147180278507278
-0.187377586493702 0.207066946793779 -0.00885380766764162 0.0590291184598268
-0.0327183996109788 0.256218514372103 0.0181458026804611 0.0554756473402889
0.1122644726436 0.233117549242012 0.0582109287534961 0.0535251322742754
0.198130991960421 0.149468382126005 0.0712241912778532 0.0076262107837779
0.219474617089266 0.0739092310536149 0.0455677023753951 -0.00611410539825039
0.232466280484847 0.0449433231287788 0.0336822339339617 -0.011372666651572
0.228426102017714 0.0467559601163619 0.033447710550296 -0.0079619051240331
0.247063223158112 0.0777202978871898 0.0328375998643287 -0.001462360818491
0.230583555250883 0.166443346482916 0.0271550110604169 0.0107830674569216
0.131811800819883 0.244401566942631 0.0332411181956748 0.0133423681601958
-0.0245985934781456 0.29831335915162 0.0148953137668627 0.0134252010353907
-0.204502708346901 0.244845921025459 -0.0130476941297222 -0.0204787106413673
-0.265358698406177 0.124343752986852 0.00882660218158201 -0.0793348933696138
-0.244004298228832 0.0342239199393705 0.183111888717715 0.0802935281065887
-0.221955452447069 0.123726023680964 0.100743535475654 -0.0145510102203669
-0.148676810371025 0.185206338031431 0.0212905255865974 0.0381007325736039
-0.0241770788604903 0.220131988280432 0.0156545594127587 0.072832338375364
0.0982227988544845 0.201808863382847 0.0837465534986968 0.103948311847115
0.173178311105792 0.132236555286316 0.132169281764176 0.054130271924321
0.194862022486839 0.0669122150644453 0.127905065165239 0.0241250722207695
0.202392779747399 0.0431887372007413 0.119951180712599 0.00579344844904558
0.196672282408588 0.0453293882786655 0.110542536871859 0.00435163321963582
0.201276129039954 0.0734065099491348 0.0910115590558759 0.0119373860235657
0.173177322813037 0.146461896029361 0.0656771414880138 0.0307285941959952
0.0817045183555203 0.194500233907782 0.0406308434737889 0.0247650958445049
-0.0302770390768583 0.213047480464509 0.0277201720805981 -0.00417754600440796
-0.154224312602154 0.183882674788149 0.0250870687583147 -0.0515717999675769
-0.204244044397533 0.107399819266434 0.0938699318298282 -0.103220672818703
-0.157519791783341 0.0431879381478669 0.268792751021826 0.0536922123047834
-0.129484302891529 0.09719627318498 0.155643851195283 -0.0409198704761118
-0.07822262469767 0.118671592100104 0.0479741006871687 0.0123675028470419
-0.0134430942189027 0.134412643038342 0.0152882296954951 0.0767882737918769
0.0632876384902177 0.129437536201163 0.100439365498864 0.132663248861662
0.116288312510006 0.0892588468969127 0.174346596844194 0.0864830152210208
0.137415990513119 0.0483980942773356 0.192968087233718 0.0474220456812675
0.143001380987224 0.0350031876445341 0.187192388961738 0.020476366736925
0.13696172738562 0.0387444846910043 0.165677639963258 0.0201605000867777
0.128941987075791 0.0608859661936719 0.125630033310224 0.0294907550548232
0.09267088025368 0.109166927718082 0.0819248604632612 0.0498577420157318
0.0202548970361495 0.122309996670056 0.0330836424844338 0.0361408697689152
-0.032794097030858 0.104620765515181 0.0308838257574715 -0.0150522606484066
-0.0872441074911322 0.102374190029114 0.0511474843842828 -0.0668634600940898
-0.119270064654055 0.0769446254206222 0.155360939658349 -0.114079910590819
-0.0431585397799542 0.0383153313620731 0.312334095415916 0.0204156777086929
-0.0202036070369836 0.0434649831692736 0.18105334440712 -0.0641194154379049
-0.00678423953960957 0.0245721603227493 0.0620443739800115 -0.018564584422779
-0.0127286370301212 0.031137275547834 0.0131690658599815 0.0665016046642635
0.0132097307502368 0.043386951917254 0.105287272733141 0.135060983400884
0.0384721509572709 0.0373264228713131 0.192979196914896 0.100129064579767
0.0576394892528703 0.0251710039619936 0.229059061337191 0.0585815692912174
0.0630588958126628 0.0211200190631752 0.226511503721061 0.03241555024456
0.0612416168887755 0.0238654867737049 0.195798774441881 0.0377976622204258
0.0473918500273056 0.0367381171774419 0.137709874264134 0.0495478598678135
0.0165999045108406 0.0578309154046192 0.0786400777110848 0.0655940529874718
-0.0224056402329142 0.0434340717309903 0.0155013930755379 0.0412502503637514
-0.0162241713462014 0.00564106115368939 0.0286198352971238 -0.0228982830180768
-0.00948764198132819 0.0307490354011121 0.0689370932159495 -0.0682948600959941
-0.0227929713818918 0.0477095632880369 0.189999165766428 -0.112093528435854
-0.0544434945945539 -0.018723978753761 -0.225592780710656 0.0995329190616347
-0.0607686037646806 0.0120821182752756 -0.0920311185735956 0.0968561988988476
-0.0251950888488207 0.0486711348952668 -0.0218044688180125 0.0485861816838397
0.0239693159171363 0.0331803905148002 0.0254719315695446 -0.0285627271365354
0.0302049040051605 0.0129806316525608 -0.0440470336754548 -0.086096670850985
0.0268420630359298 -0.000955468775659467 -0.12145009753793 -0.0820907831387861
0.0192721157804619 -0.00495916065162555 -0.186277638129709 -0.0614070247607995
0.0279183173462308 -0.00241922501552707 -0.226030739870601 -0.0457079413082566
0.0318611010278227 0.00201684429032 -0.226545173751706 -0.051788289337533
0.0498828029331806 0.0107324840243229 -0.187402424794258 -0.0774640216281423
0.0567635070841103 0.0332632036449779 -0.117370172639889 -0.101680662681373
0.0323496882353527 0.0685499028105095 -0.0338704706103294 -0.0598466840603785
-0.04247770086944 0.0933911600292823 -0.0763667583386014 0.0174558101027106
-0.0951449521247696 0.0313508674036708 -0.168713400462165 0.0358294374640751
-0.08165907546818 -0.0171077346432415 -0.287520947230699 -0.0214927474787144
-0.143686487214078 -0.0127567650662422 -0.199215304694985 0.097464525194017
-0.131931634173024 0.0401285207289135 -0.0997551181605028 0.0810648665288956
-0.077218414024475 0.094182720296124 -0.0322020761899813 0.064637833353756
0.0100735010504592 0.100523145923276 0.0332221031386358 -0.0119143400748421
0.0626357948196419 0.0812059938310197 -0.0187996094275795 -0.0775881305579851
0.0894158891778216 0.0464604807809715 -0.0929708413024141 -0.0874432674132679
0.0951506106797951 0.0213603092213982 -0.160384067047347 -0.0662644969978661
0.113258842550853 0.0164868580256048 -0.196136951497729 -0.0464374064384042
0.117645885402113 0.0258374657636561 -0.194589227280904 -0.0433939165245723
0.136772440314811 0.0503110788643336 -0.160117351063537 -0.0557133269024913
0.128183762676813 0.105405576771223 -0.102653109408361 -0.0721730613352111
0.0644299076916555 0.162648972302446 -0.0233096208180094 -0.0360907996133061
-0.067032901140568 0.200726875824434 -0.0646605763730918 0.0371755392769957
-0.183668105605582 0.119938875914104 -0.152280202234095 0.0462893040383146
-0.189876347662098 0.0240877824746698 -0.251015137116942 -0.0195511484856949
-0.220033788254054 -0.00974276868881057 -0.139469122960415 0.0980982089941457
-0.201127369228515 0.0645544492942571 -0.0874050677158459 0.0612472594147738
-0.134583317519452 0.136649722489983 -0.038985913517212 0.0727332951519028
-0.0145458440951533 0.168820220491904 0.0304815650729212 0.0088622406604395
0.084336338380257 0.153124992135569 0.00550566650424734 -0.0493361586716296
0.143033553650256 0.0967276457978416 -0.049073339637062 -0.0740877428833423
0.160265391070589 0.0502342800889733 -0.109332066951397 -0.0585420365189948
0.182202486976019 0.0340461766388088 -0.137296904991239 -0.0411004160003124
0.185501468858228 0.0415629582713423 -0.133271329861119 -0.0314017095486967
0.206787296457849 0.0738646464070554 -0.108132056269085 -0.032864949618686
0.194034892597158 0.154574687738425 -0.070553163845664 -0.0395518697940472
0.105854352860378 0.231469675423386 -0.00567525143725428 -0.0155563715117691
-0.062238533582734 0.286163573375023 -0.0403041276900342 0.0426381394169385
-0.231743106928503 0.199829316792526 -0.113069786222508 0.0403473921389865
-0.264218992107552 0.0688221491001935 -0.179043480461913 -0.0294857308991939
-0.271378291943745 -0.00362324182656484 -0.0483016911774863 0.10013321912315
-0.254371737492708 0.0899779852617463 -0.0429396110278824 0.0391468316055885
-0.180871159341959 0.176420417670988 -0.0326917886909094 0.0701771833565598
-0.035543001752115 0.228036726450926 0.0226243688648938 0.0319308053807864
0.0991712728100918 0.211168264366963 0.030462384664286 -0.00278602317692674
0.180074756255824 0.137980477920116 0.0068455949325859 -0.0396282054396063
0.202845338249557 0.072347003402839 -0.0382025073783287 -0.0355800386291105
0.223164428099295 0.0466952062624974 -0.0564781690953731 -0.0270860909639417
0.222995865496142 0.0506410126743621 -0.0525028967242012 -0.0196392203062799
0.245167806131058 0.084123373238288 -0.0389370997594603 -0.0147990890659557
0.232356454926959 0.174615833782668 -0.0229719699685544 -0.0106552666128278
0.131590110758695 0.260539795340651 0.0150929015926666 0.000161937399589795
-0.0453061845802967 0.322266799795923 -0.0115884732225725 0.0323543364599133
-0.237657788504821 0.243426973434274 -0.0624210346509492 0.0134421963924453
-0.289744176791163 0.100989902482504 -0.0865272091594964 -0.0517034179799833
-0.281404156694406 0.00773295807349969 0.0641217057959036 0.0980675536207988
-0.266357296787353 0.108796163318952 0.025367167953042 0.0134814089483704
-0.192075745340149 0.195627601715719 -0.00987712606316359 0.0578400160235961
-0.0419792619746232 0.250497640218912 0.0144851942133384 0.055724589848343
0.103221574507313 0.233044330969023 0.0561222634413675 0.0543717183853821
0.190178020692386 0.153061209065926 0.0698027654410665 0.00895148546005302
0.214169783305099 0.0806280204458338 0.0444451772628323 -0.00396242296237106
0.228458625497477 0.0523962881549697 0.0339628694248721 -0.00917869887078887
0.225454767038991 0.0543814135288939 0.0324429973508699 -0.00641423786367603
0.241099588374721 0.0849057714210877 0.0322729707893124 -0.000240047614485487
0.222366736374816 0.171968265838791 0.0274411196398912 0.0127601554680512
0.121402574978368 0.24568523976267 0.0326458879483042 0.0136187812887725
-0.0352158575022233 0.291623166783734 0.0117685541582881 0.0132347137530884
-0.210618241976225 0.233185528850856 -0.0128259484493199 -0.0220247204863859
-0.26821164795373 0.109463044553513 0.0117074797625871 -0.0772054375797138
-0.241328138805018 0.0235687792389437 0.176001579696118 0.086192510880214
-0.222535026446358 0.111860142801227 0.0984378971901425 -0.0112865568729979
-0.153461714514843 0.176411355915818 0.0200291437628702 0.0380743085773723
-0.0323021911046321 0.216259931708829 0.0113780775606968 0.0731417889592625
0.0893822308677846 0.202009803432047 0.0801110971437953 0.104506533464409
0.166183779021382 0.135843724650906 0.126840843350814 0.0573218408407827
0.190429591078183 0.0725283663516058 0.12492429294734 0.0290622139843427
0.198780693400557 0.0495160448843692 0.118785131978739 0.0107558739674886
0.193250657249612 0.0523216014605174 0.108569717248466 0.00891959032158722
0.195925789062558 0.0797344852592378 0.0888881370943756 0.01492578616561
0.166619298301336 0.14974642377394 0.0643924475122516 0.0329704400209017
0.0741987827645841 0.193883953548676 0.0392513606542116 0.0254853153659539
-0.03764181323182 0.207627772495229 0.0259741142531646 -0.00389521570837376
-0.159161271023813 0.17449288888821 0.0258423027009326 -0.0502883372450128
-0.206636787491116 0.0960270778754981 0.0973610699040531 -0.0969249061231488
-0.156249303266162 0.0355900177079025 0.261860641111814 0.0640465182615162
-0.130756497033873 0.0891306716184112 0.154032167216592 -0.0344809024440966
-0.0816656652133276 0.113321554459834 0.0477803237442195 0.0138026591478041
-0.0183646795052839 0.132163693588478 0.0115688512788782 0.077158342254538
0.0577366203007807 0.129670496759523 0.0957856772570338 0.132731972616982
0.111050054852279 0.0920612323662072 0.168124949677889 0.0914188335509675
0.13389128115822 0.0520768617422182 0.188110256565414 0.0547557838050402
0.140426654116917 0.0393456353629445 0.184763764502442 0.0281757524622442
0.133926644971625 0.0429141067336311 0.163374537203532 0.0266999104063412
0.124300763562887 0.0651120279398752 0.122625008257495 0.0341213866842802
0.0876711305740421 0.110484983799607 0.0793951400021922 0.0523918101924658
0.0158786905594026 0.121257824753273 0.0318908713763854 0.0369022789129041
-0.0369174243173045 0.100740379372666 0.0294960122295643 -0.014702263862956
-0.09010893247201 0.0970245324200569 0.0519183626174908 -0.0629614951379902
-0.120866672456683 0.0693807788948665 0.15818792383323 -0.104130515188652
-0.0440732371950351 0.0353626263739092 0.307317620815243 0.0343541268027507
-0.0213218588842399 0.0410665162544808 0.181204063501626 -0.0551717442880981
-0.00804368583011412 0.0238626516333684 0.0624268499658288 -0.0162155976209324
-0.0137068759125838 0.0304757410668947 0.0104291905260673 0.0664530384079591
0.0114999749476376 0.0428714057116595 0.0989676566687362 0.136649333543212
0.0368711762578015 0.0383843158792037 0.186469059712426 0.105448175933937
0.0561169757459594 0.0268839846662128 0.223238676248623 0.0663312423499322
0.0611620670516129 0.0231915613644479 0.222502182375072 0.039914631073083
0.0592851065359553 0.0257423901619273 0.192022183959623 0.0443668920937443
0.0446918852079705 0.037762386003877 0.133206107094537 0.054255693180089
0.014492321355703 0.0578245621299148 0.0747848527070849 0.0672024013131214
-0.0233404035970881 0.0414482025646172 0.0137961024454721 0.0417684917858472
-0.0169285181172499 0.00486151172317045 0.0276142963369611 -0.0222087249737752
-0.0106569075829448 0.029713688983865 0.0708559862819854 -0.062734110701879
-0.0243573768149115 0.0450674420663405 0.192137989210953 -0.100687313522108
-0.0550708309986322 -0.0208701933337082 -0.236043445552216 0.090666154996355
-0.0622723770568191 0.0101101643467987 -0.0982088498799972 0.0943947846445816
-0.0271621551239027 0.0487386703471201 -0.0240143115403679 0.0492327172361589
0.0233756315435495 0.0345481687814703 0.0274722613005238 -0.02846394340669
0.0306336401743918 0.0139007179370229 -0.042235168300704 -0.0889794202675215
0.0268937457489626 6.84247873542747E-05 -0.121031822173529 -0.0890290416195847
0.0198863576264825 -0.00409018853109751 -0.1880462259581 -0.0706046474829316
0.0288265330673067 -0.00110787393218303 -0.230810943379968 -0.0552220836732922
0.0330438381224928 0.00371983335909017 -0.230762127770935 -0.0616451022142887
0.0511028688426015 0.012577649922654 -0.189528807195834 -0.0870190637520421
0.0568818708156443 0.0355143758399787 -0.116953159935754 -0.107870853442263
0.0305927181124033 0.0710740348108254 -0.0334938103400181 -0.0628628755657387
-0.0465407363875316 0.0940217693051248 -0.0798548083032655 0.0154170284890856
-0.0987049635579541 0.0288092102033504 -0.173897524249785 0.0286570013256568
-0.0838474461338422 -0.0209491149298954 -0.293955819494955 -0.0355261180330114
-0.146034803541456 -0.0184645218722027 -0.209952824904609 0.0903029067131397
-0.135684657883865 0.036076749478914 -0.106435479102697 0.0776904000781247
-0.0813533302087668 0.0935666441362873 -0.0345360344279883 0.0654794796805304
0.00691245848410578 0.102498227758833 0.0340147918632715 -0.0113180133561096
0.0607913237251065 0.0847497015601379 -0.0163012543178474 -0.0792154794347441
0.0893702828441433 0.0500145562075715 -0.0920142127029408 -0.0937624858445353
0.0969452995554794 0.025791917939075 -0.162056297286057 -0.0742769752844504
0.116200741166324 0.0208886340651647 -0.200525205801794 -0.0544425617468934
0.121133707108749 0.0314819491587855 -0.198259703301974 -0.0509651857530222
0.138593715668132 0.0567355442932424 -0.162187461433083 -0.0633451999961542
0.128172040541454 0.111369561316504 -0.102742325921589 -0.0766425644087008
0.0597969632441903 0.16902137200538 -0.0229046468707714 -0.0387732732068301
-0.0755362884145578 0.202949026477175 -0.0687885677437899 0.0353031532956485
-0.192313544716765 0.116001864465913 -0.157958884782909 0.0398626266946855
-0.197112933911379 0.0166798645275689 -0.256806747439099 -0.0322511806478323
-0.224842404889207 -0.0180581510774544 -0.149129865061353 0.0936090530199306
-0.207181998407182 0.0574931736011682 -0.0928607508253892 0.0572011089040772
-0.142531053803993 0.133765762764273 -0.0420134835625964 0.0737592145121135
-0.0211203106973588 0.171958074528596 0.0299432289823707 0.0104748697320892
0.081125861075648 0.159023601883526 0.00827921187729068 -0.0497916903368124
0.142683493303 0.103455523586171 -0.0477823637502754 -0.0786257571284999
0.162625860124151 0.0569483931959952 -0.110709867032123 -0.0629657895625663
0.186550460918817 0.0411725577663531 -0.139805009240154 -0.0457019158208018
0.18995317512361 0.0498685460060977 -0.136214254853695 -0.0370055537019441
0.211168958851812 0.0835188063668132 -0.109319396156373 -0.0384346026096824
0.194191602948494 0.163226086347489 -0.0698619196305521 -0.0415303609180309
0.100208976713197 0.24026857092891 -0.00573748250392487 -0.017124110565488
-0.0746733867952408 0.289697229334567 -0.0444515212765012 0.0419216772954189
-0.245031614433902 0.196136181382429 -0.118555256317123 0.0344203690624802
-0.274685794126631 0.0586274469442399 -0.183250286546017 -0.0390469224000248
-0.278396670476923 -0.0140485089118282 -0.055488422091942 0.0997835976479484
-0.262778986110719 0.0813547600883153 -0.0482815581871453 0.036359983963083
-0.190937515552294 0.173017352721804 -0.0347150763213862 0.070666105805633
-0.0442196230763583 0.232008925575376 0.020518421336692 0.0339414844302652
0.0940359899942468 0.219205787552311 0.031957733146283 -0.00169032205802176
0.1795170777626 0.146363379414121 0.00811916641156251 -0.0410209976681112
0.206517366699212 0.0809398297879947 -0.0386446939655886 -0.0372569391421839
0.2280609397231 0.0559613984514307 -0.0570605115023856 -0.0295163238984755
0.228817177037155 0.0604238588749973 -0.0538690779215682 -0.0214551429689385
0.249523299168386 0.0955754300483362 -0.0390033117812132 -0.0169953268869742
0.23226279159672 0.186640513842371 -0.021929700387837 -0.0104862326047669
0.126627619229178 0.271207166082814 0.0154163650743529 0.000336078852750776
-0.0593284414147526 0.32755726050631 -0.0153434023145808 0.0318293367099398
-0.253539629377661 0.241032797948143 -0.0658276896149946 0.00956718880528039
-0.303313415525534 0.0898954918752614 -0.0868096363894318 -0.0563767541438243
-0.288949854319821 -0.00408814816644449 0.0599177025002858 0.102222393960941
-0.277491612902103 0.100304262578783 0.0235128219419268 0.0131035517482135
-0.203684540758299 0.193232242650635 -0.0109163248357864 0.0580989852251489
-0.0518619085323585 0.256483547167949 0.0119131954099912 0.0583780794525309
0.0977454819339688 0.241446952939113 0.0564085443892521 0.0576115094451585
0.188800783974097 0.163535957826208 0.07075212791717 0.0107592269673495
0.218302843384689 0.0899273706540751 0.0452616586796703 -0.00115408695921424
0.233614193912738 0.0614214951542656 0.0355366320415719 -0.00728625721230445
0.230972890888806 0.0636891449270067 0.0342710330084784 -0.00442691518995404
0.244810258950822 0.0958785148195764 0.0333122369597115 0.000228304601125267
0.222571399481278 0.182189287432785 0.0290272369275064 0.0147552613304934
0.116310700032153 0.255722675058767 0.0330269716209708 0.0146372297468095
-0.0472043037887384 0.29759034429032 0.0092075828957283 0.0132721602503512
-0.225258816203178 0.230641007659403 -0.0139517579999335 -0.0238301789103753
-0.280757110392399 0.0997952225197086 0.0143753954695223 -0.0781663662644993
-0.248019822399267 0.0134835278342122 0.175048403617184 0.0958401789803782
-0.232214353155017 0.104540145013835 0.0997497427528308 -0.00944185832284635
-0.163964651781792 0.174631557036743 0.0200469168238907 0.0390854590739708
-0.0415325718563174 0.220688942911671 0.00786551737989999 0.0767886291646378
0.0844163357304546 0.209946373423557 0.0789187330191567 0.109543642695275
0.165452492221811 0.144774409164136 0.127916398401724 0.0625770175973173
0.193550912564788 0.080859413461962 0.12638340128963 0.035860202579988
0.203235050929934 0.0578258618200407 0.122064070553472 0.0154811717357005
0.197562510401966 0.0600744659404518 0.111469084108979 0.0140144744207262
0.198378315681326 0.0886358551027637 0.0905083745572176 0.0183702257796203
0.16590081115007 0.157750163529367 0.0658788884202468 0.0368532814234719
0.0696552985945825 0.200835759538148 0.0395762606052296 0.0276137222932443
-0.0464523939415285 0.210587172716337 0.0241731644470921 -0.00384696858142035
-0.169496202720236 0.172586883810044 0.0273101392643772 -0.0506693585535008
-0.217467099890003 0.0881640624310388 0.103424638410803 -0.0943182545304115
-0.161906244717905 0.029510432301153 0.266222463100558 0.0770806329906752
-0.137424656695828 0.085198065675602 0.157813894681441 -0.0295512506315251
-0.0879760369239929 0.112422276623751 0.0490170623446483 0.0148395446618683
-0.0241092195901971 0.135144876384669 0.0079249357774952 0.0804726179760085
0.0547328970005453 0.134849328285977 0.0932265218117448 0.139088339687275
0.111310813586554 0.0982131115741776 0.168688512859865 0.0995048295346632
0.136409266666298 0.0580680188361105 0.190818678082684 0.063564745146846
0.143156652364718 0.0455514248221149 0.189425522767314 0.0350516374216377
0.136258497187289 0.0490436372474797 0.167310509720379 0.0339361667271688
0.124987844296409 0.0713902760530539 0.123755909766 0.0395347577747903
0.0868771896612371 0.116250879074061 0.079891775471691 0.0563365008604684
0.011972301645919 0.12425919775165 0.0315215696191442 0.0385045164773555
-0.041766678092586 0.100967039636253 0.0289275708175524 -0.0148233422015447
-0.095768049508713 0.0957462846395011 0.0551838527115154 -0.0623584503918891
-0.12744924653422 0.0650443981330676 0.166245537297809 -0.0991961688279245
-0.0462826356350038 0.0335059323442416 0.315261877321799 0.0488449448239189
-0.0232741411509923 0.0406197542591405 0.188179207992339 -0.049177891862839
-0.00942766656447694 0.0237660465287686 0.0651959483742342 -0.0144640836609532
-0.0153750423352852 0.0310302862675244 0.00761337715132174 0.0694293181385349
0.0104117326998664 0.0445144722129729 0.0967786313332713 0.142696238646402
0.0366584533767145 0.0409689709205228 0.187140344401655 0.114561892340355
0.0572102166876098 0.0293454108840187 0.227513160875437 0.076757408184275
0.062274391206107 0.0255499740534058 0.227695675821619 0.049657168034878
0.0598230696766202 0.0282910479882593 0.196225022220525 0.053559948773103
0.0435566764917513 0.0404923416339733 0.134254395850402 0.0607647836123605
0.0134158067992086 0.0599200390589977 0.0741378610921035 0.0712379039228935
-0.0253675029479029 0.0417891292710908 0.0132174339188046 0.0428557207694354
-0.0177346961845241 0.00413294203307781 0.0279936243233958 -0.0225762504247435
-0.0118014598585911 0.029591839846519 0.0745095927349069 -0.0606362697227407
-0.0271208888062502 0.0444656623806501 0.2016434827193 -0.0931806338233097
-0.0581134861373919 -0.0224547665414251 -0.253124776603244 0.0906991893020574
-0.0656011748979641 0.0105528829001856 -0.105377992758296 0.0980508988266535
-0.0286313769396574 0.0511583477020941 -0.0253808036856131 0.0521968707893189
0.0248326643219521 0.0361560881327046 0.0290236151623829 -0.0303921933701252
0.0322357815423648 0.0156846702053328 -0.0429768221919885 -0.0934832113016734
0.0277347763973856 -7.49408945607568E-05 -0.127243434902122 -0.0953638938802203
0.0208428310484822 -0.00373435433212276 -0.199185751831834 -0.0772309859393278
0.0307167998356696 -0.00108392481324156 -0.245063412983767 -0.0604236828919546
0.0359893004120851 0.0052931137581787 -0.244903190135825 -0.0678631890532701
0.054918975441464 0.0140112399862106 -0.20008305902246 -0.0942659640372186
0.0596429908074281 0.0369930089585377 -0.122571221083322 -0.11532507501364
0.0310840924685147 0.0756559538752191 -0.0356062521937727 -0.0678810861128736
-0.0497596302778524 0.0990517121831571 -0.0850458413512142 0.0152792915663126
-0.10441018234372 0.0300268518052789 -0.18469843301521 0.0267694579906241
-0.088384732442206 -0.0233273835977746 -0.311837794600318 -0.0431086003706145
-0.154733912789867 -0.0209385342369477 -0.225482892187436 0.0912036624806239
-0.143270320025066 0.0362087414620119 -0.11506667767108 0.0793608057440333
-0.086456222485982 0.0976968638997495 -0.036343797617978 0.0694657955115092
0.0064713796171842 0.107657736811286 0.0353736492513357 -0.0117649874730679
0.0636176358909946 0.089819212296963 -0.0162848368904394 -0.0831053616352549
0.0939737578582108 0.0530933769938428 -0.0965901733965674 -0.100357033396398
0.102986543417726 0.0279738797422314 -0.171491419113478 -0.079754572951696
0.123400456943016 0.0228626914415357 -0.213178001384904 -0.0590838202702823
0.128931756336844 0.0343658091320608 -0.210687487091666 -0.056224793200397
0.147735096204253 0.0616858027981751 -0.171264717250448 -0.0687792331128773
0.134407993329952 0.117848605952603 -0.107601503411548 -0.0809409150528432
0.0615844151962344 0.178779847815296 -0.0247016317568015 -0.0416023607389252
-0.082640043903085 0.214419474149689 -0.0741407007200639 0.0367551941846143
-0.205391568369187 0.120623946899906 -0.168662566138347 0.038258852885004
-0.210027736151418 0.0137571760369551 -0.272679420655039 -0.0381669806694409
-0.238672873237098 -0.0218810240015938 -0.161799886926098 0.0961825996529566
-0.218579943074904 0.0585320255587509 -0.101031304898441 0.0581618685082509
-0.150671120737856 0.139780785609972 -0.0443468556950305 0.0780233367210458
-0.0237453124329106 0.181608234273177 0.0309018101697377 0.0116492564171852
0.0849779678068984 0.168370160756411 0.00976231748115177 -0.0519721028263439
0.149958481571597 0.109787932080656 -0.0503066163040876 -0.0841348803524164
0.172932747030614 0.0611869664883907 -0.117753190255488 -0.0673353147612843
0.198432432793579 0.0448481831232278 -0.1485005881262 -0.0494659614003383
0.202911057543356 0.055290785616491 -0.144536183922017 -0.0404669267283584
0.22397728533414 0.0908048273515874 -0.115708008735373 -0.0418600027781788
0.205039180805331 0.173528646283387 -0.0724230126139755 -0.0440140561735472
0.104118896530664 0.254830988517895 -0.00682034198538223 -0.0186323984431728
-0.0823349741831623 0.306581347839465 -0.0495457217829143 0.0436938942666414
-0.262406487931119 0.205932151404806 -0.12707978403501 0.0332443051050479
-0.293863694989547 0.0577594148036946 -0.194563293054921 -0.0438670661475341
-0.294964756690385 -0.018127368008973 -0.063078065959094 0.103987351621878
-0.278262092954596 0.0827569769965137 -0.0539355922880562 0.0356936090956359
-0.203283856897517 0.180021488067731 -0.0371176594612797 0.0745351526795764
-0.0486336781948234 0.245387198136737 0.0206907666138193 0.0368770764452448
0.0991344286518086 0.232447746605127 0.0345581064502237 -0.00135703955354203
0.188891299608817 0.155512939281257 0.00855067068574559 -0.0445636544084648
0.218967693953959 0.0868347501375626 -0.0415810829390193 -0.0387024591872174
0.242803632537664 0.0603793994325345 -0.0599520023885975 -0.0311113465896477
0.243469493030213 0.0661756222119213 -0.0569738302992771 -0.0228705210390593
0.265022096300316 0.103133687762803 -0.0419893843683935 -0.0186022652046452
0.246542671118801 0.197560869329341 -0.0212292987269349 -0.0104659152888825
0.132021276100956 0.287583079870316 0.016159182950524 -0.000227592282235029
-0.0653303720707976 0.345952093902617 -0.0186304429643902 0.033431726711961
-0.27154088199484 0.25371423903569 -0.0712135931097976 0.00800551609814535
-0.324650904837033 0.0905609578503847 -0.0929703690244268 -0.0611430444288543
-0.307105859125876 -0.0069970823506166 0.0603133801976032 0.109103012055471
-0.293640396371833 0.102209191161246 0.0218599460081539 0.0126773256818758
-0.217368123512825 0.201948456928022 -0.0117444100293256 0.0605634873486455
-0.0575783181483174 0.270818316248795 0.0113657453698011 0.0627431035951435
0.101146243633875 0.256386636507684 0.0598733976632293 0.0608803313066173
0.199243095044392 0.174069231577348 0.0743678891497964 0.0112559915949019
0.231727249512181 0.096405229036777 0.0474980117298359 0.000315793957769236
0.248316594792599 0.0665007770693708 0.0379920986230492 -0.00689837238927546
0.245607540975847 0.0696952695911934 0.0366736865390561 -0.00453622818752404
0.260155317695426 0.103486398073632 0.034922601837324 0.000818393289041386
0.23579941138196 0.193624811278864 0.0323015734035147 0.017057260260952
0.122240327516459 0.270968496511163 0.035419802599832 0.0149425338507358
-0.0531014043803775 0.314192777962478 0.00723470971443863 0.0135571434319301
-0.240555696711649 0.242979637480616 -0.0159078210421236 -0.0268245772382348
-0.300876188879516 0.101303251412761 0.0157366784676431 -0.0819080471650233
-0.263898704153229 0.0109744075890924 0.18413633033321 0.103711370337909
-0.246658871716614 0.107128960238856 0.103565637602532 -0.009823736855136
-0.175870605778508 0.181835057403454 0.0210502716422867 0.0406138330424176
-0.046542988040173 0.233973096283892 0.00753769953429559 0.0820537121048571
0.0878467958080986 0.222723349722901 0.0831234090436991 0.116844468675679
0.174625161703406 0.154163362510229 0.135145116644759 0.0664100899547416
0.205599858394747 0.0860886772632429 0.134510238949465 0.0401928061757373
0.216447938370344 0.0625178854314648 0.130293040427725 0.0180481024555096
0.210097517363517 0.0656086904528058 0.118642688722609 0.0158160506282825
0.210121691548851 0.0952565543027972 0.095954663463741 0.0205315106623302
0.175961430531086 0.167745991281173 0.0710351126614418 0.0397961596204118
0.0722453183855501 0.212706542434249 0.0420365318663625 0.0291626375946707
-0.0521740007244662 0.221808680140228 0.0233543656654406 -0.00471482940409146
-0.181526334508223 0.18135440083847 0.0282794041742992 -0.0537785343637749
-0.23298866839969 0.0890902650281754 0.111015863010072 -0.0978511467712367
-0.172568075691828 0.0280918402802488 0.281250146077527 0.0856870064057779
-0.146811354559572 0.0874812800355845 0.166546818304811 -0.0299056852350138
-0.0946895558177324 0.117421364113383 0.0512183494867451 0.0159933183341387
-0.0274559026565922 0.143077901910155 0.00794968586090568 0.086773827007784
0.056442888225513 0.142944671056826 0.0983117730139141 0.147669180957506
0.117178610641903 0.105058675722221 0.178193050278114 0.106572562637493
0.144519565690248 0.0620576042722141 0.202429502753744 0.0698104077507693
0.152008215374294 0.0485652913882559 0.201633978882548 0.0392358994727798
0.14507764180371 0.0530904527016802 0.178206410966675 0.0382282587631191
0.131443697303164 0.0765456630674466 0.1309627453413 0.0431506287056716
0.0916911656642068 0.123207954174816 0.0849479571068609 0.0603522142500207
0.011793515616133 0.131289900076735 0.0335873729705772 0.0409237314527823
-0.0457094904381896 0.106186949107777 0.0287310276822463 -0.0166330846037608
-0.102495775204166 0.100212537213423 0.0587264585879708 -0.0649727360147189
-0.136649858053838 0.0663468502668628 0.177727171145919 -0.100987371925159
-0.0495034576970982 0.0339226044592948 0.334516919721815 0.0571477088717393
-0.0249999918763484 0.0414683953178291 0.199966415007653 -0.0491244574634185
-0.0105965595874157 0.024526483439617 0.0692005780827131 -0.0151793443540157
-0.0173184450695655 0.0332147683538309 0.0080384717504886 0.0749167421162699
0.0103227608492443 0.0468841090230376 0.101246552078395 0.151367328067732
0.0393643373055934 0.0436872770427725 0.197740487985039 0.123491149730526
0.0605888532676414 0.0310733274766994 0.241438755318394 0.0843460677263409
0.0662668344800203 0.02781740314959 0.242791823851327 0.0544492779883533
0.062862915554642 0.0302268721865886 0.208902873722577 0.0581936642859577
0.0454899779787685 0.0436229381163133 0.141234780526263 0.0661031591456009
0.0143320527475648 0.0642588350296059 0.0775450619866441 0.0759119160116934
-0.0266805597194485 0.0438345090307495 0.0137565747701494 0.0458398585573593
-0.0195072178243828 0.00392131105007199 0.0289523024975622 -0.0242101646244177
-0.0131837386294948 0.0310908190150328 0.0795441023675225 -0.0630005430789612
-0.0292178689243661 0.0452418194168932 0.214940854140754 -0.0949668514532833
-0.0651092930216783 -0.0166536645005012 -0.25142719288136 0.136270299842098
-0.0680334262877505 0.01976720184749 -0.0946754850907136 0.117562277221941
-0.0219175193641685 0.0578111641585142 -0.0175036628454553 0.0567564240908818
0.0311979064732989 0.0349113575148792 0.0226008556234805 -0.0393042738504538
0.0376858404499635 0.0114748764462386 -0.0634188597745436 -0.0914329578184825
0.0301204089536441 -0.00442165408932256 -0.152495950036699 -0.0802400648971439
0.0217581144677163 -0.00704587713090344 -0.227807376486647 -0.0485684982421513
0.0331285911052119 -0.00737139244721893 -0.268421747981819 -0.0246127568261844
0.0396040392195646 -0.0019010993111771 -0.271902479255482 -0.0334724744817428
0.0615905266059425 0.00459786055813662 -0.225955956141129 -0.0685389585142876
0.0690948036976292 0.0276552758973927 -0.148552335302637 -0.103590887898582
0.0437346896548362 0.0749908388279743 -0.0488811383829476 -0.0682897081343836
-0.0356002665284439 0.111317010342345 -0.0862481800948074 0.0295771360505763
-0.103290457225854 0.0469225509951374 -0.189993264062397 0.0574495068919039
-0.0946293529110133 -0.00892252323411208 -0.339015071521504 -0.00185965819055644
-0.168924042520616 0.00208902203680475 -0.216151850240332 0.125880456788416
-0.146849026130739 0.0580457339736943 -0.105045230455679 0.0974287270246544
-0.07616421097544 0.114696530745945 -0.0248314119882779 0.0724853871406467
0.0219336026666314 0.112120935139741 0.0333910919467312 -0.0241804247675292
0.0816754448777139 0.0843403628116932 -0.0348772863049695 -0.0885117199596845
0.107869569088179 0.0417493501528052 -0.124098959604235 -0.0927778053205835
0.11373837650554 0.0146266556209168 -0.200643339628913 -0.0568285427507139
0.135594515781963 0.00431282485757407 -0.23486794241132 -0.0280309268880224
0.142571584302136 0.0149226651594344 -0.233298147477831 -0.0264255080262482
0.165639256097835 0.0401790892614153 -0.191744360990215 -0.0473794591280102
0.15988010385685 0.100497120768315 -0.126900263377 -0.0715404382096736
0.0912377902182762 0.178697436423318 -0.0328231802322482 -0.0444075980608725
-0.0510820823892098 0.236446410585799 -0.0705751696625946 0.0499546659037806
-0.194751557145198 0.156950150018875 -0.16967352449988 0.0699251229550601
-0.215796029947991 0.0484139152011429 -0.297878769225855 -0.00163464309509635
-0.259621607922547 0.0162191382618247 -0.142204598779615 0.115276890305773
-0.224120881321445 0.0922416299246648 -0.0933638636005068 0.0696952314509609
-0.13841231310221 0.169456541777395 -0.0293790277057527 0.0783667807401377
0.000541739699328973 0.194182766935375 0.0342327243741535 -0.00223093947441313
0.114383541401343 0.163732604429225 -0.00323937567947687 -0.0646312204667038
0.175079503616702 0.0928601247828763 -0.0762373636003919 -0.0859542973476441
0.192683300781895 0.0400028200014786 -0.141842890736105 -0.0546116578104397
0.217338423689498 0.0152247983321715 -0.166000499445548 -0.0280353785311904
0.223322655850811 0.0242106728544914 -0.161026949915152 -0.0207726261276389
0.249893365358821 0.0588194345905351 -0.128707637400564 -0.0284375114272614
0.242098781271561 0.1474228662726 -0.0847919856155067 -0.0389563438698989
0.14670738506553 0.252199927033643 -0.00975677921416823 -0.0250824842320281
-0.0362079579906672 0.333651405617472 -0.0418478061842999 0.0523001353867859
-0.241084100798801 0.254535246769418 -0.124782627978959 0.0596142952222042
-0.297192058824107 0.104928439006225 -0.216241893487203 -0.0178680056670042
-0.320900649393531 0.0304728751791095 -0.0316309244102038 0.104007059317164
-0.284568152143128 0.127177161278453 -0.0450393295486337 0.0359534041374304
-0.187953087940026 0.221023527448763 -0.0200645665627505 0.0690683442064103
-0.0170292635856026 0.265518208674354 0.0291541092688657 0.0235540995466275
0.137316895716449 0.229176910904965 0.0303546757450366 -0.0188812077743255
0.223952242093215 0.134848312632065 -0.00977282665794495 -0.0559065240984221
0.245159818504546 0.0590924100870745 -0.055892685843165 -0.0386274506496717
0.266167494879958 0.0252229799197031 -0.0700271023429084 -0.0224863937867577
0.268897448240189 0.0296428079371824 -0.064912419975924 -0.0156270520094432
0.295268263261973 0.0656925478610322 -0.0466436458060478 -0.0161340909354989
0.289495340624913 0.166133913005493 -0.0254346463737143 -0.0117539388610188
0.181988075207971 0.281297973764975 0.0174341040635033 -0.00950589138500321
-0.0124372317964386 0.371980299358041 -0.011053836222402 0.0355471261082301
-0.243388760540479 0.305582465714697 -0.0694113099806162 0.0245165768990337
-0.325131069630931 0.142753971231227 -0.110613886725952 -0.050061419177684
-0.333041773300574 0.0453963348155832 0.101427780928082 0.0866206344983298
-0.298746415288878 0.151993415917186 0.0318385491975424 -0.00229616827384245
-0.200833788640499 0.246337842192143 0.00387713163709964 0.0488095818276351
-0.0226695405280479 0.294379940502693 0.0243081611248303 0.0514474400500706
0.143518109715782 0.254892891983447 0.0683279963312152 0.0411036812642032
0.237155694130416 0.152766664599147 0.0687177973708716 -0.00915167392652884
0.259837125391291 0.0674290523112936 0.0463646662699653 -0.0129161145061007
0.273912272264375 0.031502426940373 0.0378062336278811 -0.0128481758653765
0.271086153969959 0.0336547447916343 0.0377130846947454 -0.0112829039135506
0.28940062687372 0.0678215475740101 0.0375591315506825 -0.00826216742467262
0.277412482265787 0.163769946168507 0.0359747434607865 0.00890294419279774
0.167273026450133 0.264886132613571 0.0401171185662807 0.00449209147769573
-0.00488788200671255 0.335207223979022 0.0130829169325662 0.0107299553550626
-0.21378968397995 0.289959078483347 -0.0164358541719272 -0.0215674510252788
-0.300146525796295 0.15058179089308 0.0028347895318713 -0.0884654009252116
-0.284609416085368 0.0580248933026205 0.229580311724617 0.0624580499866887
-0.24857442324162 0.150291390305816 0.113173581179008 -0.0379246667160305
-0.159851419928588 0.219596126090456 0.0344813439908936 0.0232776556843535
-0.0172126610697531 0.254078937020399 0.0239483314956175 0.0744531271880329
0.122392227041868 0.222375940627158 0.102938285474504 0.0970899869857823
0.207004720275057 0.136165888250077 0.144122629179257 0.0413389838317954
0.230391319504321 0.0616986119082075 0.146746504279293 0.0144591924778252
0.238724278472774 0.0327286275039428 0.139110432407784 -0.00172010486944903
0.232367281526037 0.0349144200271237 0.129081713987133 -0.00302297195890292
0.234786043467514 0.0675938245392882 0.104969533954339 0.00376223590506069
0.210054835124591 0.147145543578815 0.081191292266521 0.027453859409978
0.106544613406457 0.211439594109357 0.0501928626829286 0.0199720809753929
-0.0188036735264125 0.239313117605144 0.0255088195778191 -0.0104944251127567
-0.161874003878282 0.217106486700358 0.0248210532697197 -0.0578684859018517
-0.230972870876989 0.127418658270752 0.102562994942994 -0.11826259022044
-0.183628961489159 0.0609069726278196 0.325405666733994 0.0319916522493093
-0.144730961644981 0.115498495051783 0.174793285267064 -0.0658699622709503
-0.0840628591288788 0.139081309515965 0.0595473555643987 -0.00202540688648231
-0.0107949650873983 0.155214322756252 0.0253186225682798 0.0836212071415045
0.077496773295028 0.143215641234337 0.126580297112852 0.131599604525768
0.138820014214733 0.0933796010305308 0.200479516556476 0.0783838363000887
0.161760373535373 0.0451855193177363 0.227386527832152 0.0359022518401313
0.168229913231957 0.029316230199501 0.218867270270293 0.00925917983211751
0.161056169045055 0.0333009886023744 0.195986519570712 0.0108438331831038
0.148731582753168 0.0604389979102904 0.145701306864014 0.0236062132990575
0.115100951556909 0.114325781190988 0.0994901726147038 0.0484069146663593
0.0311446755569781 0.134859810192823 0.0433591245907371 0.0361757746339473
-0.0313940982763883 0.117322024837805 0.0282595740158027 -0.0224400644520284
-0.0921811191503672 0.119853943646072 0.0532595950582901 -0.0752366636709682
-0.134395825409273 0.0882887533330374 0.174520224290417 -0.131969204402075
-0.0505268649964942 0.0467163973565335 0.369371768111032 -0.000452869930563124
-0.0216828384295284 0.0494951693819414 0.20436468074523 -0.0857456093379361
-0.00831204983965815 0.0282894888470534 0.0714851482974607 -0.0298989488218307
-0.0148760922501905 0.037547550080573 0.0227951317223966 0.0765625132759595
0.0150778998424714 0.0493297505133789 0.132589440984555 0.139780070131564
0.0468250294975932 0.0406225822268876 0.228061553797903 0.0963609672338688
0.0683589885096526 0.0242759166232728 0.274038726908739 0.045942489417458
0.0734384252775755 0.0203010192071305 0.264765831889645 0.0182073671031845
0.0705911746991642 0.022893300225846 0.232035272156425 0.0283936090794458
0.0532391016061491 0.0402020045037669 0.160577272246198 0.0473824034216072
0.0245112801614524 0.0647650209560283 0.0942396211353132 0.0676576114804908
-0.0220616387993683 0.0498640975075269 0.0234408313376349 0.0461322998695328
-0.0204293786879468 0.00739130050507668 0.0251100215976671 -0.0300764241434621
-0.00963287759311722 0.0343232895953392 0.0748638729723881 -0.0781162414763185
-0.0250457247892508 0.0506633787602741 0.21567752965821 -0.130808145805398
-0.0683350801199391 -0.0108200703199979 -0.24932726907618 0.160406126504245
-0.0672883514413275 0.0259585017741927 -0.0878330563927857 0.12700572393967
-0.0172944196979703 0.0608029926964177 -0.0121380885380233 0.0596277292780514
0.035222342060389 0.0322846889613246 0.0195592409851767 -0.0422923137530294
0.0401115494256643 0.00764889552284662 -0.0724068067227238 -0.0873858675167003
0.0297040466113889 -0.00677496105969216 -0.163585144943679 -0.068920105226626
0.0219149874089037 -0.00870249530167076 -0.240393742213396 -0.0301944233724954
0.0340679327446948 -0.00990468158838578 -0.278699288063693 -0.00160473306178351
0.0419136872629665 -0.00501599400288867 -0.282993220918129 -0.0102050185460637
0.0642233395673768 -0.00125500905781306 -0.238012156573998 -0.0508004271189319
0.0729801568942896 0.0216876842464087 -0.161859976202484 -0.0936622714972338
0.0512578782119091 0.0729813135522876 -0.0577005354843726 -0.0666027754105815
-0.0261340117433039 0.117346505709713 -0.0860256660826522 0.0380159919804855
-0.101649794274558 0.0570395187162428 -0.191060129488971 0.0736105938311244
-0.098294465786487 -0.00122536526591246 -0.349084107935011 0.0244372479757894
-0.172851303754464 0.0171086794755373 -0.215204925063096 0.146577031334358
-0.14459382965851 0.0709875231054924 -0.102265585923857 0.107531957689779
-0.0675767849284789 0.122881403632788 -0.0180104263527504 0.0762619907169377
0.032494715932325 0.112899655006626 0.0317715538055849 -0.0274021383257053
0.0913761843217118 0.0789015647465404 -0.0427318232722234 -0.0870698278414083
0.113101476173663 0.0330461779231 -0.135730684375939 -0.084562056893947
0.117593908384258 0.00458946552662367 -0.211893245811968 -0.0414204129706875
0.140256765309633 -0.0078371313323871 -0.244698918325144 -0.00787278214817599
0.149790054279 0.00252240234581444 -0.243091484338206 -0.00692520634260115
0.174958593756069 0.0261748434660341 -0.201304505210588 -0.0328531680198894
0.173233342002379 0.088280625010805 -0.135760510483254 -0.0626688273361547
0.108862525426098 0.174782477992907 -0.0385144692591513 -0.0433409330779848
-0.0318393555159319 0.247494253736277 -0.0695927349330265 0.0572051077186441
-0.185450053100438 0.178772848971057 -0.170297686328054 0.0838664721113807
-0.219221987691723 0.0668975005627875 -0.307638064504894 0.0221166991357523
-0.265040558808445 0.0396582243414671 -0.139620904197506 0.130234002148398
-0.221111918663423 0.112803532870697 -0.0931854947626286 0.078278036806429
-0.126596593714459 0.184146668842326 -0.0228787467193193 0.0828239304869776
0.0176148190971407 0.198281740090361 0.0340264656514796 -0.00462034415065159
0.13270869137228 0.157010434267369 -0.00848726573868329 -0.0655385583501527
0.187143951677273 0.0788908005759422 -0.0863666755395099 -0.0818918756088819
0.200940085943707 0.0227058252680264 -0.150638310830759 -0.042894499179403
0.225789261885044 -0.00379744431541711 -0.173489686059023 -0.0135206883185115
0.233936369189274 0.00518450585716745 -0.168022784237758 -0.00668563612002058
0.263043146187763 0.0382800519094548 -0.134939362417888 -0.0186113360131833
0.262804943985477 0.128629836684975 -0.0883834072541077 -0.0322122520087718
0.171707519602066 0.245220575511868 -0.0125391628563532 -0.0254340138261066
-0.00810651011663517 0.344955922083904 -0.0401497346326096 0.0573687247190862
-0.225291360964757 0.282619300026061 -0.12488212881728 0.0702573544792109
-0.298654340473553 0.132855920574361 -0.225551728779478 -0.000236568258277117
-0.326794428000025 0.0593047053248313 -0.0265131133505991 0.109093023102595
-0.280138490042031 0.154384807212959 -0.0471753775341439 0.0400344606972025
-0.174450583310755 0.241038122541133 -0.0144187814867976 0.0722142495990612
0.00520367395165297 0.273808335374733 0.0311179610996193 0.0216807120492098
0.161614146823827 0.223023732070178 0.0304107444050721 -0.0221945930682105
0.241474635827472 0.118030006747886 -0.0157053627838717 -0.0571515178526363
0.257593651988368 0.0384360433184521 -0.0605379628299712 -0.0335929261614572
0.277665303471641 0.00189133476010121 -0.0741564390254341 -0.0166066676458994
0.280812124673548 0.00602155325848382 -0.0683374232742569 -0.010192432150653
0.310642634252723 0.0409653727342522 -0.0494763537045864 -0.0134950822563998
0.312396704100219 0.142958098003066 -0.0249560855174365 -0.00994700486887389
0.210639747704147 0.272381015777525 0.0162996246437323 -0.0116160014933253
0.0189525220385945 0.3821179457464 -0.0109000784800595 0.0380848174262734
-0.223255483821804 0.335945286193958 -0.071050661604741 0.0302369112195479
-0.324054003741579 0.173894628819555 -0.118937158993224 -0.0416079311063885
-0.337751261978222 0.0748176498359766 0.109964161661308 0.0809000472037729
-0.293380592925736 0.180457420386169 0.0283267619731638 -0.00499152817467983
-0.184554187873174 0.269023756989278 0.00845430272193716 0.0487677081647592
0.00215653302808291 0.304665233378979 0.0286398691524747 0.0510701315045737
0.169973502132966 0.248853929572265 0.0740569442380286 0.0353515113678199
0.256899158220032 0.134243370445074 0.0691104317498061 -0.0161004473934774
0.274051914300121 0.0451672308199292 0.0471612940113417 -0.0168708660605743
0.28568936424014 0.00673264260059479 0.0382718749582395 -0.0163406648743292
0.282418280015347 0.00977622760279314 0.0385281084528663 -0.0142696817789265
0.304268443981789 0.0432461220172695 0.0378485498986715 -0.0123250414913998
0.300406877716295 0.141752485991041 0.0400318038946216 0.00544676864211664
0.195023576249933 0.256478167023521 0.0416618240977237 0.00115157063623791
0.0235211541282002 0.344446738116241 0.0113525274624718 0.0103640864310353
-0.193977350818507 0.317297330033066 -0.0209587114220705 -0.0206043623150257
-0.297416499152569 0.179337142171619 -0.0054516519712653 -0.089521582757901
-0.287683315562467 0.0830893759792983 0.240489270864615 0.0452921750062809
-0.242847368375555 0.17487461041738 0.109963627384282 -0.047943777019606
-0.145728985941917 0.239359546436211 0.03694994920948 0.0202584484262083
0.00403716611315106 0.262685755558078 0.0307125354593861 0.075652005425588
0.145528691315418 0.217659897974751 0.114606969036177 0.0897914357599112
0.225158956740566 0.120909311057628 0.151157938977311 0.028937561025169
0.24254927005406 0.0418223093854062 0.153174212479941 0.002131156519228
0.249079206917956 0.0119033394132888 0.143697401620554 -0.0142973596085165
0.242560133609861 0.0153162503468537 0.133247582568294 -0.0151468131876049
0.247714852662765 0.048835150570796 0.107904094712006 -0.00576859405520945
0.228970219151479 0.130755647043408 0.0876338248735973 0.0207947705596469
0.12802222047554 0.207367601545358 0.0538796517989239 0.016051542210173
0.0007164899228417 0.245884161079818 0.0221986444079062 -0.0119828960796598
-0.146622772636631 0.23624251281308 0.0184345085822088 -0.0611841431137123
-0.228486463801781 0.149457728821347 0.0954502392976388 -0.129330151786893
-0.183980495240099 0.0773733484737381 0.337496898068519 0.00554952824268403
-0.139234351184335 0.130252306478904 0.172313233889687 -0.0810811739012633
-0.0747443732396685 0.149390325827132 0.061234479064272 -0.00758947766968187
0.00243948496060147 0.161305545981578 0.0335860415818206 0.0844203855659788
0.0921046012609514 0.141390576890884 0.141512699576532 0.123202995125172
0.151878897567164 0.0830954949818536 0.212518280457847 0.0621034643164367
0.171011136199975 0.0312012276746874 0.238004695155537 0.0166949216483848
0.176373629837421 0.0141309823616655 0.226579616916159 -0.00981379442329294
0.168232506813592 0.0198323959662302 0.203560964205835 -0.00660343090831924
0.158671658649327 0.0494780014194116 0.151553320674697 0.0115708519096346
0.129124565489647 0.106679754611589 0.107119401368189 0.0410717555669389
0.0435223392790826 0.135722273840948 0.0478111052662195 0.0338043428566339
-0.0227102532482097 0.122448533945084 0.0242703397863655 -0.0250993710532254
-0.0837713060842696 0.130806038800067 0.0473522152672042 -0.0815008194804193
-0.131410052989511 0.101053413175482 0.169020068563754 -0.149374816722732
-0.0483442874756192 0.0510861050117849 0.381493076900862 -0.0315657205155674
-0.0186931473712949 0.0517820807657018 0.203518407643337 -0.104711016038066
-0.00659651659118629 0.0291079371047271 0.0701335211339772 -0.0365968266257373
-0.0120589432399311 0.0405281620284249 0.0304840316712703 0.0769681987694179
0.0196968826913344 0.0495005922721344 0.148515860296463 0.131535847237974
0.0525338666029698 0.0370839174042107 0.243782137721302 0.0787572823354858
0.0730057162786401 0.0182039285258417 0.286403525240221 0.0229339009720931
0.0776346226918661 0.0135989147409743 0.275478123820357 -0.00464617358023954
0.074290205563108 0.0175838444821222 0.241974146432573 0.00774550289459024
0.0578978231355605 0.0373667388112337 0.169298772747822 0.0351453432161398
0.0315772748553641 0.06435666599258 0.103034393720053 0.0610650711465566
-0.0178654239041065 0.0539116010726209 0.0281848471355345 0.0456520175212184
-0.0209829426671524 0.00904573169858875 0.0210526893133991 -0.0337075831117191
-0.00705524509277722 0.0364327568274013 0.0701705895580075 -0.0850425583501202
-0.0219544444381148 0.0537167893466906 0.212288228641065 -0.150666603978249
-0.0670264912937485 -0.00475652831411499 -0.233608006790969 0.175660671700492
-0.063246724072937 0.0304458647282305 -0.0771609371154235 0.129265287834568
-0.0121027983910505 0.0604058242382921 -0.00565531762374834 0.0586324552435419
0.0366094931467534 0.0284188678614724 0.0152066380825797 -0.0429742881981954
0.0400880294306154 0.00417704018548604 -0.0768348527277957 -0.0786957028841568
0.0278680900030897 -0.00872923325242178 -0.165651660170941 -0.0542216641864663
0.0205632807733786 -0.0103714878718917 -0.237141746409966 -0.0101176905094828
0.032773126726381 -0.0125504232701454 -0.273178347328936 0.0209538355110744
0.0420309204058599 -0.0088344581854344 -0.277711822798353 0.0129999918423721
0.0624038538564002 -0.00702015356153162 -0.236087017697348 -0.0301809428492772
0.0721880878564888 0.0152756866288041 -0.165567189131787 -0.0784424413433551
0.0558670768613002 0.0666960420478528 -0.0619315070048976 -0.0604351673764717
-0.0159110151270211 0.11621766360708 -0.0810754566454103 0.0439554400797694
-0.0939640782460613 0.0639657122894876 -0.181088223836235 0.0845860092093149
-0.0964861207877642 0.0066452694263816 -0.341385324025502 0.0498308023976576
-0.166615614690827 0.0311920675160796 -0.201173161890468 0.159790293414364
-0.134412075634161 0.0807270038780749 -0.0941240486564766 0.11131601788413
-0.0561469280062178 0.124385653731155 -0.0104587034571117 0.0754003803578809
0.0398375708397522 0.106587901406864 0.0279422943915818 -0.0289162315260262
0.0960306988215414 0.0684104861787297 -0.0479272865585554 -0.0807937030105824
0.112648765097562 0.0228773969821255 -0.13950069995729 -0.0718738476075041
0.114680345942847 -0.00465271616804845 -0.209603786197491 -0.0230073246143816
0.13662954369423 -0.0193950060838083 -0.240657966678402 0.0128187807536266
0.147907469935913 -0.0102759033250316 -0.239085554724227 0.0136919696120824
0.173244270910663 0.0106720737899424 -0.199327222361481 -0.016197333479169
0.175147003583339 0.0715849306899327 -0.136512323745147 -0.0499289707566768
0.119473904870527 0.161381170779769 -0.0423787781771339 -0.0397819086404743
-0.0112401906642102 0.243496679406717 -0.063992834661389 0.0623052673451969
-0.166557928653107 0.188229724174081 -0.160729127965407 0.0936504887463935
-0.209714176638346 0.0823825058545797 -0.30034518809801 0.0457255618980959
-0.25495394517408 0.0599389013223338 -0.129311097063965 0.138628140216295
-0.206204010780404 0.127184838261966 -0.0874456799255385 0.0838351331253563
-0.108556598329671 0.188675118118075 -0.0143938343838505 0.0812379641479942
0.0334705944783908 0.190798767645846 0.0321423959924071 -0.00711533195530737
0.142214538564004 0.14080928686228 -0.0131546911963482 -0.063477670905031
0.188890637773301 0.0611484349777923 -0.0915044242707157 -0.073164820174305
0.198641096736101 0.00500919179962122 -0.150710806777372 -0.0292493064657446
0.220423059988476 -0.0222906911395748 -0.170957556207042 0.00128379604104926
0.230568572519485 -0.015372149824866 -0.164812495711702 0.00743305785048214
0.261219330024185 0.0147275468814854 -0.133394670027955 -0.00783155656680445
0.26679290717119 0.103038255474694 -0.0874206434726101 -0.024717933818327
0.187159756383371 0.224755566289005 -0.0157157744864142 -0.0242157795763454
0.020110238833198 0.337051489676036 -0.0368269552133409 0.0597443260926184
-0.196251339844099 0.294045778083795 -0.118328402628906 0.07792158347031
-0.282359710797018 0.153049305283407 -0.222085831804469 0.0176266320330653
-0.312799929347334 0.0842117668647536 -0.0203136671160765 0.108909423930527
-0.259997859150603 0.171788405385976 -0.0472208568708884 0.043198285891631
-0.150136795576986 0.247726736977406 -0.00754735853079034 0.0705350631998619
0.0280299615207471 0.266466366392314 0.0316806730054091 0.0189364083371087
0.176941355048413 0.202860025180337 0.0279122998999469 -0.0247411550048316
0.244873658223946 0.0940419696645932 -0.0205012004685533 -0.0552727985275065
0.254741695739716 0.0149447962171111 -0.0615812456247571 -0.0274886424846017
0.271815738393195 -0.0216248331192622 -0.0737813522226699 -0.00985534762936535
0.276529273686359 -0.0185813279079689 -0.0676281376436128 -0.00439737049109668
0.308031865012144 0.0133660058826961 -0.0501901491993247 -0.00974819172557938
0.316972467724026 0.112164161302081 -0.0230731972472815 -0.00862046648820346
0.227617380714328 0.247715272896745 0.0143934247032511 -0.0131903669048965
0.0496178434184002 0.371047122329382 -0.00980780106222436 0.0389525972057804
-0.189438304344303 0.345031874678064 -0.0696029872823962 0.0348674578394872
-0.30491583536941 0.195478982825013 -0.120446531569489 -0.0297913430373281
-0.323566180197873 0.100296743033724 0.111430248217191 0.0709074413861866
-0.271886063457348 0.19858685034602 0.0235762285871822 -0.00644646837031627
-0.159100543950726 0.276220759816537 0.0120018939477433 0.0460449874211646
0.0268625700027093 0.296890859699431 0.0319382197422607 0.0475692296065788
0.186696087577328 0.227993619488719 0.0756239334568104 0.0273207712782181
0.261800024247359 0.109435049764604 0.0658018047251823 -0.0220199993094892
0.270866939298127 0.0205135548130515 0.0449153954051103 -0.0199877624892287
0.280020856587174 -0.0171162814310514 0.0359329703866392 -0.0193460441008729
0.278719289867571 -0.0153338371022403 0.0359849388413045 -0.0182624589187238
0.301816968680633 0.0157853651258636 0.0348020149357527 -0.0153812367180043
0.30528677515097 0.111404085563619 0.0417488786277498 0.000761346844175534
0.210860428010837 0.233324089565581 0.0403346085850481 -0.0030176304537644
0.0505004312117157 0.333261883421219 0.0087538687042529 0.0103430683913278
-0.161955142991596 0.324757017120785 -0.024069343462033 -0.0184546477527132
-0.278208643611866 0.197184403766395 -0.0127211414865914 -0.0850489343181179
-0.27446471784017 0.103641941110072 0.236939539732193 0.0249584751761497
-0.222956901589767 0.188892777141054 0.100723289543815 -0.0544305833515319
-0.12376731481284 0.243471704175222 0.0371677854767206 0.0161956167069517
0.0248740992290705 0.256624453742539 0.0361001985106558 0.0714981872757613
0.160816485620937 0.200013537424603 0.119282819920263 0.0772845249301127
0.230263439094586 0.0982718584459534 0.149944519234855 0.0145084354279698
0.240740321669694 0.0193269940802551 0.150826113763165 -0.00971908281658199
0.244852802187814 -0.00960216048288121 0.140071608263967 -0.0263133489391638
0.238986142282844 -0.00589790467833614 0.129088044524164 -0.0262205832457526
0.24640656570472 0.026207019397171 0.104246502812811 -0.0148685677506567
0.235496062298495 0.106709208112377 0.0887034051709906 0.0121456028855807
0.141229237101625 0.191079918973517 0.0539090272927713 0.0109440412832756
0.0200928443639526 0.239276727615684 0.0182157353620666 -0.0129108631385053
-0.122840107285532 0.242227505971291 0.0114261144235558 -0.0601282126012339
-0.212130485551367 0.161942142547451 0.0831861032448955 -0.131699090119708
-0.173557827282487 0.0892182674753296 0.330649331793292 -0.0211324174296673
-0.125948602608876 0.137252123857854 0.160577624687552 -0.0915010078621418
-0.0620412897938956 0.150902696468856 0.0590078709887767 -0.0122152003808141
0.015328356902412 0.157603408653488 0.03958151925637 0.0800212568927756
0.102199912587737 0.130799236534822 0.147452470906301 0.107665059897314
0.155415643887243 0.0680655562108394 0.21287559720153 0.0429769408545957
0.169828510149423 0.0150319333610014 0.23483292635783 -0.00346780938548972
0.173986377608483 -0.00136267412860707 0.221723311362572 -0.0285364233077215
0.166295667213609 0.00515011385951013 0.198048904719781 -0.0241856521773356
0.158836892698255 0.0350649540299612 0.149284970768966 -0.0011193989633078
0.135378397692045 0.0915817023686222 0.109095432937463 0.0305316669878341
0.0540546431257935 0.129099849242858 0.0497610076875304 0.0287743529683354
-0.0131888538300908 0.121025150237702 0.0192455274259387 -0.0256241896041656
-0.0709572294096912 0.13420259263386 0.0390821447866046 -0.0818665554586971
-0.121237041346156 0.107875894184071 0.15429471805121 -0.157441504991627
-0.0438932206263588 0.0526776460141733 0.371378167940625 -0.0606779220350588
-0.0147785026195775 0.0514216648745069 0.190822003169374 -0.11647884857433
-0.00454946357731027 0.0283610495829525 0.0655177866768344 -0.0416067409255564
-0.00862382813814793 0.0407048102167674 0.0366823344027031 0.0731201788774719
0.0229510442004914 0.0471511374905978 0.15506124554584 0.115817161495567
0.0550179909556006 0.0311259093605716 0.245192378746846 0.0559806727404006
0.0731151365859683 0.0112119226592291 0.28229781169228 -0.00153194907905276
0.0772634710965386 0.00658913582999076 0.269779373214389 -0.027920708464279
0.074052002382195 0.0113880090284464 0.23817875624288 -0.0126404859704119
0.0595809273761343 0.0322113312272653 0.167652255583443 0.0210655129206014
0.0372594438513315 0.0592333353130412 0.105457350165822 0.0511986483461141
-0.012692080233752 0.0541528649492576 0.0315030996751365 0.0419043226519832
-0.0202970322152329 0.0100026832860686 0.0163276154362478 -0.0336992373671086
-0.00384968508537236 0.0354445320449211 0.0613688228492667 -0.0873039675098145
-0.0172629260672412 0.0531507274670404 0.197356127833002 -0.162548948588607
-0.0627202259315547 -0.000930000718534801 -0.217638979126871 0.17595473841654
-0.0577179234653484 0.031933517198914 -0.070559036029096 0.124919198920292
-0.0091623984785595 0.0577627984572856 -0.00244188558465246 0.0552365471613361
0.0355809292895351 0.0248640300704256 0.0119771221513977 -0.0417134789671066
0.0380134614151446 0.00141603396558815 -0.0750401372686918 -0.0710528338363286
0.0257703406346293 -0.00879358446666377 -0.159406414603539 -0.0441065344899733
0.0187243156432976 -0.00955411422347264 -0.226371260805859 0.000336117239157212
0.0304797276966986 -0.013394580866238 -0.259143601504449 0.0320904509441235
0.0400682060957371 -0.0102178828034076 -0.263877311740691 0.0243273406741914
0.0596351458933465 -0.0102644108965925 -0.225875893651531 -0.019682864945288
0.0682678394827453 0.0111027033281797 -0.160133342078835 -0.0671671572221696
0.0556260491975253 0.0612152609875089 -0.0625816014294244 -0.0552905678726753
-0.00975644646426574 0.110970875818237 -0.0755778121574315 0.0452739258343488
-0.0858539195625593 0.0640565816796894 -0.169391997361885 0.0859144762102386
-0.0915191522656255 0.0105753147950198 -0.323793139895621 0.0601430556596472
-0.156129881597608 0.0365847982988909 -0.187282095101894 0.160040836431387
-0.123669245505584 0.0817644028011343 -0.0873405628301918 0.108551401828636
-0.0484140712221222 0.119167830406587 -0.00647016641813878 0.070841878119798
0.0424265952786613 0.0984820752426226 0.0250129140167858 -0.0286640918219776
0.0943455551831616 0.0599399182568316 -0.0479579790431674 -0.0743812046949185
0.107521312453546 0.0169981593465823 -0.136731800890702 -0.0625875688141356
0.108950888640585 -0.0093053222517466 -0.200648846457654 -0.0123452248420767
0.12966587366519 -0.0243248072499129 -0.2289715994135 0.0228354010180851
0.141533185072481 -0.0169491237246795 -0.227337618700973 0.0233459859060236
0.165926957686674 0.00184831995836337 -0.190417095991749 -0.00752485230826045
0.168657622725532 0.0604704379151337 -0.130912112554647 -0.04243153838661
0.119659441789454 0.148649334370364 -0.0427418711998586 -0.0368514568751637
-0.000403795155825958 0.231494180187505 -0.0597638132960114 0.0620129754784652
-0.149927320238093 0.185795634282363 -0.150373360043091 0.0944646082805631
-0.197313009916596 0.0861612638178168 -0.286198717828953 0.0551023478057272
-0.238242019418293 0.0682645339211686 -0.120133881212145 0.137240822906978
-0.189251698951779 0.128654395657912 -0.0830576994598543 0.0827799093739097
-0.0958707205020298 0.182093131474337 -0.0101000707976031 0.0773155056098051
0.0394446507051632 0.179111004835176 0.0294091039332236 -0.00826244006131486
0.141176990492761 0.12619600677902 -0.0144087707786117 -0.0598117912594879
0.181533749035444 0.0490463808044654 -0.0906814340460726 -0.0657520230620563
0.188585248835407 -0.0036445767720997 -0.143872121439985 -0.0210240082727903
0.209925679154284 -0.031811672811494 -0.163197683475416 0.00915470229912649
0.219428439059526 -0.0254518612328886 -0.157127424019256 0.0149136546162217
0.250158432656944 0.00195372274305203 -0.127872010946314 -0.0031508689975268
0.257309461622445 0.0850581452187555 -0.0830039949094055 -0.0207326546105016
0.18680285284879 0.205722027201543 -0.0168778549990759 -0.0230570359157923
0.0324097585338287 0.318901309466997 -0.0340856230609369 0.0591731688498094
-0.17403589495459 0.286588836976326 -0.111661203563072 0.0785129308318013
-0.264982365379107 0.156530380402571 -0.211443689781644 0.0267737031133941
-0.293286869649342 0.0929479400571729 -0.017072142597855 0.10515171853283
-0.239401484094049 0.173356290212256 -0.0454639910297426 0.0439889391103267
-0.133216562829028 0.240661088567483 -0.00448818092744739 0.0666149098379729
0.0371951648445073 0.250986265970556 0.0296409524929853 0.0172238994048922
0.176780616189291 0.184205995777952 0.0261866794935051 -0.0253127418429012
0.235807535639031 0.0774327190850902 -0.0228850890238891 -0.0522410630889408
0.242401937506562 0.00249834445061781 -0.0595535353957716 -0.0230534015440139
0.258489612277149 -0.0333491312881407 -0.0706975110440559 -0.00617071837384163
0.263012884498341 -0.030772741075738 -0.0653042396797267 -0.00160827430723948
0.294502968077515 -0.00180624635892418 -0.0486758926688972 -0.00776283900515524
0.305968371051335 0.0920355876889903 -0.0205342851584606 -0.00850930925387865
0.226523520176587 0.225003858535612 0.0126985915951519 -0.0136074778541539
0.0623498808236762 0.349755220874117 -0.0102298854602982 0.0385171756463885
-0.164404858124543 0.335468761888956 -0.0671220003078314 0.0365296400032763
-0.284380568113726 0.197057434763621 -0.11645507781912 -0.021872729641557
-0.302164303215583 0.107978057816136 0.10651857740061 0.0629097298342918
-0.249704436837049 0.198678810908345 0.0192255461113318 -0.00524416864568772
-0.140522491294043 0.267507402246378 0.0133885774210188 0.0422723289780116
0.0380168180944859 0.281115262128918 0.0317156505464701 0.0441293269399805
0.187711690735338 0.208382669182073 0.0725889774340935 0.0216640912308418
0.253088813756413 0.0906365134988619 0.0604724748275237 -0.0250806175078118
0.258518969048389 0.00657518748148644 0.0423606013728728 -0.0204239674365111
0.266493810261003 -0.030096980513118 0.0337886122574608 -0.0199957887853039
0.264611647145398 -0.027502163920304 0.0335269174360816 -0.019042247634195
0.289246661035427 0.0013679338799126 0.0317548728825959 -0.0168362704115907
0.295206366336566 0.090939552734441 0.0414744203834145 -0.00277362336846486
0.210620068467123 0.21213469012694 0.0381723878980092 -0.00514833891022055
0.0612721000460444 0.314248464347275 0.00657595410559133 0.0111364869807554
-0.139675253412503 0.314246793698418 -0.0256979638143204 -0.0152651614539693
-0.25831673870006 0.198083549533793 -0.0154170392817563 -0.0788517577593745
-0.255896829129454 0.109594200303267 0.225430872544427 0.0146225006772823
-0.204663882313209 0.187862946738635 0.0910443286717739 -0.0538658458730587
-0.108707719191849 0.235289437617986 0.0363367261541075 0.0136680707425609
0.0346675912866769 0.243013591094877 0.0369291900411859 0.0668478683437996
0.161810197656606 0.183387294684007 0.116034585426359 0.0670982040294959
0.223013869449113 0.0822524666618716 0.141907123233051 0.00622610011452167
0.23013352023035 0.00677716072050335 0.143332814393383 -0.0168279133879457
0.23328680673836 -0.0221117403609294 0.13222938446888 -0.0309873531532576
0.22743648989708 -0.0162823234929874 0.122052494085142 -0.0314620932592376
0.236067083859062 0.013333933139392 0.0977787888882905 -0.0188077544116435
0.228469238001331 0.0890439319622163 0.0863214366983048 0.00623812040857612
0.141872997702739 0.175262749512966 0.0517313102350708 0.00748103328358021
0.0276362865887953 0.225859290093187 0.0143748109970194 -0.0112330041442999
-0.10628222339388 0.234308960693675 0.00682166865153163 -0.0564486985817873
-0.197476037790117 0.162516550615891 0.0746080712301573 -0.127523461877156
-0.161643404538754 0.091429955693173 0.313531397120805 -0.0331554890366184
-0.114661955727354 0.134520213696533 0.148884464032144 -0.0917313453611894
-0.0535948335712988 0.144912873819243 0.0552896759786673 -0.0141852653870076
0.0209798220065454 0.150011806340116 0.0405311972819595 0.0748091812518251
0.10254590660476 0.119866058310813 0.144311364241166 0.0958576820099943
0.150653578155732 0.0568160439671578 0.203417665323576 0.0300033287593125
0.162620914054176 0.00612809514019858 0.223490929066521 -0.0138136866404183
0.165678276729066 -0.00946756507621062 0.210722887794128 -0.0378437628494462
0.158687901740222 -0.00229989337228401 0.18829429591086 -0.0318804636061392
0.153432113359744 0.0264284984275018 0.140574419526149 -0.00753311857756506
0.132767393125042 0.0798204064468432 0.105331565169835 0.0233602210778032
0.05645600597351 0.119858449309024 0.0484947979986279 0.0247050511490444
-0.00798150018723327 0.115072337049719 0.0152961624498486 -0.0244914769271501
-0.0610377268827962 0.129885009241852 0.0330897915950085 -0.0775595841478388
-0.112116806282495 0.106705029142027 0.141767652278854 -0.155158860112901
-0.04014002269147 0.0511268555720061 0.352596356208025 -0.0731363674597127
-0.0129222952735235 0.0487171089172387 0.177911243228195 -0.116978106455445
-0.00398284229136847 0.0268317321471356 0.0612322788115335 -0.0418144708165827
-0.00610247845725901 0.0398199866871384 0.038215750105533 0.0681018700685827
0.0237465590464859 0.0435504835108419 0.151583905015205 0.102751304690544
0.0537225030617617 0.0265815059074751 0.235173998070161 0.0419381342828787
0.0702095337035823 0.00673848971386719 0.269201029668146 -0.015083764575983
0.0739985516711054 0.00215946676082637 0.256253643929419 -0.0386033530922628
0.0705943050210956 0.0072020196779243 0.226247603614638 -0.0243123047884193
0.0582828709713522 0.0285404753588792 0.160172851688294 0.0128391745266702
0.0385823571002866 0.0541589115077719 0.102570849531053 0.0434877958080139
-0.0096826939828598 0.0520177765140497 0.0322526046329396 0.0383834471768471
-0.0196182517545502 0.0108749604422462 0.0122269361974248 -0.0321134860326428
-0.00211565712428146 0.033570175338894 0.0551666869527993 -0.084827487543114
-0.0150044478964422 0.0501731008113705 0.183153758703461 -0.161767227923509
-0.0598505007384195 -0.000292104559539541 -0.211574805684061 0.169864464055771
-0.0549271289448188 0.0306749178790871 -0.0694750015743323 0.119553439252384
-0.00861334838966801 0.0553731798212649 -0.0019993532477867 0.0526372792313921
0.0344046477220068 0.0236367571997351 0.0109633205323574 -0.0397727394119964
0.0372560751108883 0.000845163147630559 -0.0711713034893422 -0.0672352028231207
0.0246208689159629 -0.00779199657299993 -0.154445296522823 -0.041148064716148
0.0178125996677267 -0.00882603407068051 -0.219049138747235 0.0019987546151656
0.0298444563804137 -0.0126568902488364 -0.2510978255751 0.0326667450347644
0.0390875555708798 -0.0106736268065987 -0.254789126521157 0.0249816303302288
0.0570548967493966 -0.0103488770872074 -0.218142002124471 -0.0189941490663558
0.0655053056037148 0.0106658352668599 -0.153736819943078 -0.0639803313281151
0.0528208555886656 0.0581595755572434 -0.0611100826659445 -0.0528915523491102
-0.0082879700647999 0.106158776675445 -0.0729575651721252 0.0436900181383074
-0.0824010783993803 0.0616416699148638 -0.163871310882296 0.0809210219831335
-0.088419947838785 0.0107981281753502 -0.313951117161608 0.0577352965621359
-0.148747194999278 0.036344576837276 -0.183056160553379 0.154568847114178
-0.11780482417701 0.0786093952654974 -0.0864271005835924 0.10472507302153
-0.0464217446239432 0.114975175037155 -0.00523851180115927 0.0677444660716438
0.0407535973661318 0.0939079743065574 0.0235437424488524 -0.0271907097895547
0.091023946375713 0.055938442934393 -0.0453313893489948 -0.0717422036654119
0.103069907140629 0.0157747215932953 -0.131700370589289 -0.0593599216046158
0.105203540278382 -0.00943785614859907 -0.193707126754985 -0.0105370309241735
0.124909464008753 -0.0245846485625008 -0.221650220459694 0.023087900650898
0.137313621765895 -0.0171790382956068 -0.219111364159465 0.0239991528277482
0.159754405245797 0.000579668792954295 -0.184217077548671 -0.00792335184688788
0.162405469871869 0.0570857812052086 -0.125668179060512 -0.0410055803171053
0.115551006146263 0.141976269042213 -0.041805069922574 -0.0352433488119893
0.000155231623873838 0.222699490703322 -0.0588693191343478 0.0601781456289374
-0.144123791098129 0.178459910448673 -0.146431023123702 0.090146587712216
-0.191614377422958 0.0831415064315667 -0.276946055647054 0.0534330038386235
-0.228105682977406 0.0658072580879792 -0.11726634553033 0.132873086617092
-0.180966731198477 0.123579840287604 -0.0832480005874271 0.0801569074901959
-0.0919174801686974 0.174590239006523 -0.00920438360572971 0.072917905787833
0.0384920464113742 0.171522898511202 0.027064748889548 -0.00754381244532284
0.136779935823985 0.119916267732432 -0.0137207887502462 -0.0577120380115804
0.174673120633086 0.0456137510472151 -0.0885018931458661 -0.0633486017338978
0.181170250143006 -0.00503994987614449 -0.138781433430298 -0.0192780369611534
0.202063953269923 -0.0319166971535806 -0.157809032266232 0.00982759961510246
0.213118851574628 -0.0264913729138519 -0.151995512798451 0.0151081691748109
0.241679407056339 2.89422432517756E-05 -0.124898718022749 -0.00242059556123694
0.247679330292766 0.0802932271825406 -0.0782962401589548 -0.0208321538634512
0.179870828133847 0.197129810055612 -0.017198511960848 -0.0222058922080222
0.0322802222252504 0.306228816417449 -0.0351704097259106 0.0579524797051929
-0.166093153135732 0.276136011586109 -0.109576577189698 0.0751371735208871
-0.256566436340053 0.150778943654743 -0.205484086644522 0.0279793444222359
-0.280988912358203 0.0904165797530598 -0.0183687179407405 0.102150337143146
-0.229424905306232 0.166615304470046 -0.0467032813825996 0.043421174000517
-0.127668975440996 0.230629704483657 -0.00402692268289237 0.0632245850659347
0.0367976057454461 0.241711903011305 0.0278846001621678 0.016724270612388
0.171138063753321 0.175079363853368 0.0250475347436007 -0.0254409452211489
0.226840774682862 0.0721240122627584 -0.0238328150888331 -0.051068643214831
0.233983764957233 0.00101907027544734 -0.0566004138452757 -0.0218844022764281
0.248959485236369 -0.0347305861844963 -0.0684218998284826 -0.00527850479188847
0.254693943591028 -0.0315803789691805 -0.0628699017633316 -0.00100258021861042
0.284326646682695 -0.00441068021412144 -0.0481432500981453 -0.0080513262261864
0.294943530126777 0.0853285451158726 -0.018642084523156 -0.00973329283566179
0.218101531970698 0.215726348798777 0.0113236117153804 -0.0134198413451272
0.0599601933959844 0.336028110160904 -0.011639776256668 0.0389790396855667
-0.157008908882272 0.322277134508037 -0.0668190743735269 0.0359683915946548
-0.276135622649714 0.189933012761597 -0.113126256640839 -0.0183290353599032
-0.290158898827846 0.104622745657987 0.101447485545958 0.0612615178982272
-0.239929660617149 0.190940052176977 0.0156729706545097 -0.00368050123357288
-0.135893717623649 0.257267958332247 0.0129224182400849 0.0393170346455769
0.0372495584379755 0.270515496214528 0.0294840646977735 0.0431826452864732
0.181935111144277 0.198359968345176 0.0695567022063746 0.0203434419312917
0.244047244538941 0.0852262037808041 0.0567305499400582 -0.0254508434581675
0.249073117145457 0.00405597867106812 0.0406743419632367 -0.0199241080851876
0.25735153554971 -0.0311003462071341 0.0326165418780824 -0.0199396577232191
0.256207472675535 -0.028184699046248 0.0321964364811767 -0.0187604675459645
0.278902814628657 -0.00174348064264716 0.0294737372273583 -0.0167118916906608
0.284689878692394 0.0840263596951116 0.0410000030008891 -0.0049470185348501
0.20351563825358 0.203004581479239 0.0360320594630175 -0.00568924706784061
0.0588941713349929 0.301792564449666 0.00396217996281856 0.0123035715433236
-0.133496031173497 0.302105410722749 -0.027120388480842 -0.0135419503775165
-0.251256554290796 0.190621246319872 -0.0149767197539162 -0.0734797002576269
-0.245802385462141 0.105043835553223 0.216433340864541 0.0140342898721198
-0.196940048583625 0.180639286951488 0.0863506024651763 -0.0504253464175335
-0.106205316486463 0.225709827771632 0.0346297983865102 0.0120275829707436
0.033994676201058 0.234414378703935 0.0351630261190504 0.0648662063803588
0.15664456673336 0.175649465317818 0.111640719140774 0.0636050368441607
0.214950002896218 0.0771640584145592 0.135697023460615 0.00405547168056714
0.222104649093615 0.00515899346533219 0.138346968522004 -0.0176647773622584
0.225656019675787 -0.022600077882169 0.128599017495594 -0.0313398119211331
0.220060690816931 -0.0175932552343406 0.11781796268803 -0.0313778887874309
0.228693743648858 0.0110998298892794 0.0932065588518261 -0.0187481007989139
0.220056893181218 0.0830146637402482 0.0834898918258345 0.00355424605086567
0.137329249044668 0.167253658155901 0.0490613821466874 0.00686721635587451
0.0269390524849966 0.216900343123308 0.0117948248522293 -0.00911697010471603
-0.100279611769025 0.225109794841395 0.00539322683625223 -0.0530011098652676
-0.191219436795922 0.156733056804776 0.0717657311174768 -0.121568977822868
-0.156027701554594 0.0877479578823038 0.302269493462629 -0.0320767973373047
-0.111543418112363 0.129132935882507 0.142639950229548 -0.0868591931812925
-0.0530822128656938 0.139261821129218 0.053356705206002 -0.0142486365702526
0.0200736093040627 0.144941559632837 0.039114318191144 0.0726103455169877
0.0996004630415193 0.115213108641545 0.138184505762923 0.0905493819886909
0.145247172752332 0.0528496430916457 0.195917207503534 0.0269808509969043
0.156890266265923 0.00446162320802849 0.215536513874766 -0.0157952411424759
0.159998734864652 -0.0112797004151262 0.203965552971447 -0.0385783225272538
0.153761478914982 -0.00289153210248734 0.181821360642748 -0.0332704522596878
0.148686063548233 0.0246711485952529 0.135004500656496 -0.0075196305676022
0.128551370342955 0.0749290149014418 0.10171041356211 0.0205476749442527
0.055234274528887 0.115135310076108 0.047196040841032 0.0230243258608542
-0.00883783364534449 0.110784542422986 0.0129573481681537 -0.0220733715242456
-0.0582921521528225 0.124373096851037 0.0311908926133355 -0.0736764661228586
-0.109148533562478 0.102398053644558 0.137159045433914 -0.148899770271806
-0.0392715437791683 0.0482451662834232 0.340310522724238 -0.0714779874529626
-0.0130461110037922 0.0463547040217113 0.17249161463041 -0.11275869837486
-0.00463299232856427 0.0252237606445906 0.0585692131638699 -0.0401134527629774
-0.00572675562008733 0.0390586966923173 0.0370285431313058 0.0665872242702203
0.0232074730088698 0.0421419427892574 0.145745076934188 0.0989168239990167
0.0520930783783542 0.0246459915047412 0.226858519511307 0.0375997913737835
0.0681012119603108 0.00491965239879508 0.259669385303874 -0.0164567202566283
0.0715507701305121 0.0014321195865597 0.248720633837349 -0.0398759002184722
0.0684610101333299 0.00744244802365787 0.21923824649104 -0.0251823896074799
0.0568747612724487 0.0277105450111534 0.154089861377635 0.0118559794310632
0.0377118774942296 0.0512409389122546 0.0986915881037166 0.0406314868930106
-0.00840003536951935 0.0500476843977602 0.031273397266297 0.0363792030263806
-0.0196237879067197 0.0106765301908105 0.0105134824043114 -0.0302137897599585
-0.00179151180912617 0.0318221073085982 0.0530457053232819 -0.0798881657936248
-0.0147470520484479 0.0473446836268863 0.177837108992162 -0.155495131124782
-0.0566340134544456 -0.0084157314015424 -0.232383539766799 0.136134577166186
-0.0575686822487062 0.0214100861477992 -0.0877340397000211 0.105692601087504
-0.0163164105498842 0.0530276233989516 -0.0117425887310473 0.0495266706623751
0.0294310841112439 0.0278685297304047 0.0137064596155198 -0.0372663831863034
0.0357646233469581 0.00573131714737154 -0.0611905763892959 -0.0747744035187486
0.025453984531087 -0.00203548953132281 -0.147398565613707 -0.060842449389445
0.0183921731312981 -0.00403444241220775 -0.217712483770676 -0.0263793258654424
0.0300800233292753 -0.00693336641418436 -0.252704959078284 -0.00647837717399364
0.0388046336148649 -0.00244027365673639 -0.256319358308879 -0.0145554608587647
0.0554379235472173 -0.000659550920450508 -0.212327696198552 -0.0538252081706106
0.0593386526480363 0.0213447900532398 -0.141468295806645 -0.088241079901694
0.0411572516518527 0.0661968843224494 -0.0532686396558934 -0.0640599263567851
-0.0242387102011345 0.103431725575712 -0.0770067482223892 0.030846710016714
-0.0895254865888903 0.0487750819142972 -0.173296005745146 0.0532414491202817
-0.0888001340875956 0.00037544638588694 -0.323547860764129 0.00496260482080991
-0.148546214267626 0.0149738703360906 -0.201271608105366 0.118006491409973
-0.12623922505188 0.0583836873689423 -0.102785890598906 0.0851040590675114
-0.0617476345635392 0.104605944618081 -0.0193530850939682 0.0592487429486078
0.0243016466346845 0.0976126867613211 0.0220542987062284 -0.0260612240238004
0.0790820418667186 0.0676210120334736 -0.0387615200003153 -0.0770781743145866
0.0987396432660129 0.0318905178175377 -0.127123210990122 -0.0746694596006009
0.104207079283834 0.00825216500019942 -0.193617740333612 -0.0358439961514189
0.12554294232995 -0.00403694678556298 -0.221664240920698 -0.0100088806036386
0.135283233261411 0.00573505467972676 -0.220548156481508 -0.0113106075133558
0.155095126982662 0.0259760969979904 -0.180387638352638 -0.0394864850412405
0.14627221956528 0.0813438165012217 -0.11630532405035 -0.063359509068226
0.0875892949251654 0.15842302264384 -0.0374982526646841 -0.0447579489940964
-0.0339542527341154 0.217558069669712 -0.0644066469038161 0.0487224978045377
-0.167878014900978 0.152519867950891 -0.153908099253379 0.065435745211754
-0.202033240138604 0.0539222486081955 -0.284646764989382 0.00843581629004697
-0.230126208988537 0.0339466698266784 -0.13309169871725 0.0990227603331927
-0.19415274722562 0.0925966938474849 -0.0965330376949239 0.0579918102388229
-0.115434842415904 0.155442811706851 -0.0245215035568935 0.0602539046699398
0.00943840635881542 0.172272587159661 0.0219847607610769 -0.00957382493396538
0.112626315541096 0.136464092944431 -0.0125265133638765 -0.0617746943681215
0.162928970284035 0.0712999783782216 -0.0866000452331541 -0.0722266902280907
0.179154492642708 0.0240441340418112 -0.139239990376491 -0.0381818502704231
0.203683260131032 -0.000249815444534744 -0.156342694579761 -0.0135289149359793
0.210667959633746 0.0082997639008245 -0.152494361543637 -0.00988139571924684
0.235385892614799 0.0365278283166866 -0.123008336088544 -0.0269666489411544
0.226393112397623 0.116357008504118 -0.0732510901183538 -0.0382560810373634
0.142513134028401 0.221893459183681 -0.014669243576445 -0.0295586702375427
-0.0158756430082623 0.303657884062604 -0.03941584877275 0.049758358142688
-0.205352956892484 0.242636771727485 -0.113103097851522 0.0581745114283976
-0.277480113240934 0.107688180825023 -0.207143262179125 -0.00518374558957537
-0.286130268772877 0.0502672693744102 -0.0289307027173818 0.0774684091525067
-0.248593532416661 0.12737456437759 -0.0558879169634278 0.0237386086223196
-0.160035094330867 0.205342235618225 -0.0197773429347245 0.0468934473321377
-0.00320846585621245 0.239814860758592 0.0171086503811786 0.0112511633891759
0.136676131204695 0.19597717345387 0.0180624136979496 -0.0264919720489232
0.209924005727438 0.104595843760853 -0.027371912182294 -0.0499807090143649
0.230323694059342 0.0367237799943039 -0.0591146846360879 -0.0302473872369329
0.25080286144637 0.00398190978963963 -0.0653034266525012 -0.0150091922146127
0.252301502208568 0.00804754661872445 -0.0620730884949389 -0.012262022237378
0.278406685459769 0.0381080017628798 -0.0471705047900152 -0.0209409305887234
0.272041967800323 0.127610861139558 -0.0157699164730394 -0.0192010837993722
0.177523986207575 0.245823485995155 0.011683466981522 -0.0169120250964693
0.00711213095780341 0.335796520867114 -0.0143675621178956 0.0340924065418328
-0.204816142770055 0.288777033928709 -0.0637286226503266 0.0261386722217597
-0.303209993613999 0.140953749588556 -0.105330889483956 -0.0345781313880423
-0.29734444171718 0.0636792192386782 0.0949030489530878 0.0515155636554087
-0.263365180781587 0.149624042691005 0.0128306991479972 -0.0156931171926842
-0.172636781253125 0.230170066115006 -0.000523558143351529 0.0245536746796228
-0.00774336660409017 0.268857229377645 0.0148419633469968 0.0361687881622531
0.143086767530462 0.22141299016964 0.0538742044349582 0.0230558579258998
0.223871457891128 0.118614256144132 0.0472604189091764 -0.0139031314082112
0.245487249598081 0.0420890684599231 0.0374765209282649 -0.0162884504232209
0.258367895816541 0.00820957582243653 0.036481148239551 -0.0144552120757198
0.254412946527747 0.0108673772818422 0.0345910189221906 -0.0160383714779134
0.271870645931197 0.0397682211925131 0.0307788784762208 -0.0172409043452946
0.262776693193247 0.123514129010427 0.0422518355893152 -0.00527041947137734
0.16555280559616 0.230332797176496 0.0358062566713221 -0.00425887828952241
0.0107672643882576 0.3017252572411 0.00468834711163285 0.011113420428518
-0.177832768052084 0.272383700212432 -0.0167993307081479 -0.0156329142205746
-0.279472015180473 0.144873212640763 0.00167860317232603 -0.0742916145252782
-0.256004939916708 0.0701234753457038 0.213945954974237 0.0228275316840355
-0.220176208774803 0.146417877168168 0.0899153652149974 -0.049816855281827
-0.138813109201232 0.204109368594556 0.0251817840766125 0.00279427338231945
-0.00503169499488855 0.234087841915772 0.0184933354581444 0.0594862179897937
0.122510653783225 0.19572121088785 0.0904566604918526 0.0721183773154876
0.196861205640663 0.106489045242719 0.122665979491021 0.0256653029238006
0.218598280584237 0.0378895914316615 0.133910203961756 -0.00116582435854757
0.226623866542594 0.0111672603153956 0.132489530683962 -0.0119373522592385
0.217815605804303 0.0158159395576373 0.121578286368633 -0.0152007386251168
0.221550854190365 0.0438734221957461 0.0941541563316256 -0.00842613243749744
0.200948432226455 0.111609028312 0.0825256989524521 0.0110223980003772
0.107086780434933 0.184986774682473 0.0478620768204878 0.0104836554031695
-0.00847206550756545 0.214413763912613 0.0144840359088998 -0.00755279705626153
-0.134385069075571 0.201004032165123 0.0193751116523145 -0.0492623170787081
-0.215571593115236 0.11867618694163 0.095695030250948 -0.10761977218275
-0.166308368004532 0.0641263680513434 0.304442149794326 -0.005058659506736
-0.129989028328937 0.109696800319513 0.152311243535981 -0.0741402364609845
-0.0738739656584272 0.127848740893423 0.0496235014722021 -0.0148864629200518
-0.00406665283947584 0.145136171547769 0.0247892246553484 0.0711856355872518
0.0770477638484382 0.128944263674416 0.116419116565574 0.104626474618953
0.132558236289976 0.0727418359854076 0.182469023788285 0.055735749740041
0.155357883498947 0.027047982457705 0.212635846433381 0.0107141661584461
0.160691775122519 0.0129716840871651 0.207880180872197 -0.00738906842834788
0.151466819872982 0.0194629691647457 0.185372136447354 -0.00696541669164697
0.141770426195191 0.0457490282348547 0.13433707881211 0.0104250969624639
0.113761002979863 0.0906251876714966 0.0978575030466208 0.0324417786523331
0.0359220893559274 0.120666690611511 0.0431946465624466 0.028047116763015
-0.0266460460093762 0.105451251757018 0.0160064457699613 -0.0190964717122439
-0.0773755721525815 0.11007575177394 0.045730767340697 -0.065866150991766
-0.125552853780088 0.0788021687061943 0.165225580785598 -0.124292734112386
-0.0467208391359447 0.0418598538759798 0.345751923193443 -0.0304053842702739
-0.0210293456434591 0.0438633600944717 0.187105456057075 -0.0890755684801834
-0.0095857130413541 0.0235964784120945 0.0634346415757365 -0.0325544226402963
-0.0122368421524019 0.0379882127123096 0.0273476900562398 0.068295053961745
0.014999542471627 0.0460350402878771 0.127599073645033 0.115192094381845
0.0460734955201808 0.0303657876693107 0.21601057602108 0.0701322376918222
0.0669113984971213 0.0134551886736614 0.259075476733783 0.0156728693722171
0.0714439958621166 0.0112398816391476 0.251814803596221 -0.00224501226360313
0.0668958048121816 0.0156466028663891 0.220375481254121 0.00731527898751755
0.0524971165521635 0.0349047054980143 0.150925847787972 0.0344965834678545
0.0296916125762384 0.0543497579254417 0.0912530827741063 0.0541186908144271
-0.0153314601060068 0.0474623177006608 0.0255589938665866 0.0401680888910557
-0.0222914038795367 0.0068785370932088 0.014303556797192 -0.0270422597707803
-0.00781095293979076 0.0297484349564226 0.0662587074330624 -0.0699475582860882
-0.0241082372143189 0.0399685126003665 0.20566275843629 -0.12628143424811
-0.0568764630340281 -0.00884156986193754 -0.239701238768978 0.140599674309505
-0.0574725571798684 0.0217891223333535 -0.0918400095555465 0.108092353983578
-0.0156571132066796 0.0540206867550174 -0.0121614142767012 0.0504675595194767
0.0296254382141101 0.027725287964878 0.0138025047827625 -0.0381203501803208
0.0368730213468151 0.00507980401775442 -0.0613129249909527 -0.0756753036732298
0.0268200990538382 -0.00224367805845684 -0.150547922742053 -0.0599164339032944
0.0188383559794373 -0.00380593789670949 -0.22406311372957 -0.0241899855178112
0.0307542244401837 -0.00708983511986706 -0.260407480958115 -0.0042674071265427
0.0400361376172295 -0.0028512839205995 -0.262298854257491 -0.013477401337489
0.0567745260476581 -0.00134935560524742 -0.217886507827846 -0.0546906309000499
0.0603810928614486 0.0216716195471587 -0.145090385492582 -0.090240039379761
0.04196654870673 0.0679749833809492 -0.0550833952128526 -0.065272445058073
-0.0243582352856818 0.105367012820791 -0.0789216923981049 0.032400984543952
-0.0914726901238229 0.0499171632611684 -0.177101980735527 0.0531742916625571
-0.0909753576690902 0.000945263901673729 -0.332191428170052 0.00597102821203964
-0.15071342964783 0.0159035405053715 -0.20768442331591 0.122455758843244
-0.127297237663695 0.0593271937713162 -0.107647592936174 0.0881250462171586
-0.062666957050725 0.10619841898544 -0.0194440630961067 0.060546631551344
0.0252063296066368 0.0987273195119895 0.0222964427812875 -0.0265816707166371
0.0809121084109351 0.067302498199462 -0.03866143069425 -0.0780874217350582
0.100739867366644 0.0324318865547728 -0.12952358901906 -0.074457006170864
0.107068738114167 0.00850884597919107 -0.198374611874977 -0.0348226804366694
0.128814471839758 -0.00490717225825507 -0.228474149244297 -0.00888183343269407
0.139041129687874 0.0047851782730035 -0.226217786960934 -0.0102212091545325
0.158471400563159 0.0247090547670058 -0.185913797938341 -0.0398626901001717
0.149891702184794 0.0830141384737043 -0.119166026876975 -0.0650963706034815
0.0896683757217985 0.161613459789186 -0.0389152996763336 -0.0457369147220654
-0.0345170023432331 0.222449498717855 -0.0666566251501287 0.0512280292527938
-0.17129352424685 0.155138022246295 -0.158478128891943 0.0668883815304383
-0.208024403802897 0.0558870912902076 -0.292870989901613 0.010777948582874
-0.233780767027155 0.0344663052187729 -0.137802069334364 0.102156231924802
-0.197441645734054 0.094190794441024 -0.10066893101877 0.0611682629295346
-0.117926251869589 0.15793514289585 -0.0257319043290453 0.0607497415853424
0.00990278877975916 0.175470575883656 0.0220574083419857 -0.00896150430516553
0.115921649351473 0.137015690705698 -0.0127381656927162 -0.0626472692200497
0.165966861350025 0.0713541486091596 -0.0897909302508067 -0.0723368754144593
0.183476131038268 0.0234657600588997 -0.142816005620894 -0.0372862740284644
0.208906299854852 -0.00163639204475691 -0.160670508730654 -0.0129625249378178
0.216265479958381 0.00701585969546102 -0.157144916579838 -0.00900287888266568
0.241790643698616 0.035003134214432 -0.127141846552602 -0.0271390074484006
0.232121014404402 0.117731014081148 -0.0740909006972381 -0.0409524385400825
0.146578579851233 0.226637175512599 -0.0156773204241055 -0.0303481016990926
-0.0160753197008346 0.309766410835991 -0.0428100370015098 0.053001212721832
-0.209632441634282 0.247920025087018 -0.117237222885599 0.0596276035701202
-0.285716176323208 0.110698958628234 -0.211770077145802 -0.00167030510257967
-0.29011057855832 0.0511685678754976 -0.0321350908469345 0.0801450002113443
-0.252471316325816 0.12999849139118 -0.0603029359081235 0.0261974661669657
-0.163316915226682 0.208894410432136 -0.0197675374839459 0.047015179958484
-0.00203391055321906 0.244795347032895 0.0166834551759144 0.0123533532086104
0.14097988329507 0.197383620031416 0.0181730920316935 -0.0267442975614324
0.213574476476972 0.104364784219165 -0.0295343034111923 -0.0509912421350099
0.235341050759599 0.0359899056778996 -0.0607146314736727 -0.0298521962545742
0.256998134425635 0.00141985052791957 -0.0674270915471059 -0.0149985784555458
0.259559484955929 0.00748064439601608 -0.0640829731431432 -0.0123951837443693
0.285424863094067 0.0370057906879345 -0.0497556266627199 -0.0208252839413329
0.279426184540197 0.127784365336512 -0.0153596103972304 -0.0219311936191551
0.182540722998672 0.2503880013098 0.0116068281592081 -0.0176283959263363
0.00678256461470723 0.343353056168635 -0.016529894778581 0.0369383995893112
-0.208246334409062 0.29529357051782 -0.0662755762576599 0.0277755267809936
-0.312446817217661 0.146443168813991 -0.10723015073583 -0.0330987508870184
-0.302850960926262 0.0639320189069613 0.0950946609985369 0.0531218227839629
-0.268239879652501 0.152639050018642 0.0112332138078542 -0.0132508060392754
-0.176765187690445 0.234689582187378 -0.00106420890422631 0.0237970035379761
-0.00603050786618127 0.275120741773568 0.0144579366770294 0.0375900705522647
0.147412625154276 0.224353138583383 0.0550094321408956 0.0237530815361623
0.228331890291757 0.118996573714995 0.0465160288952932 -0.014993797761353
0.251216451545067 0.0406472221509826 0.0384464779170203 -0.0168923696954244
0.265122298977412 0.00530371264206894 0.0372580205978766 -0.0157087464201459
0.261282836822605 0.00953695881251707 0.0354572343915631 -0.0166804986940854
0.279858759543675 0.037201631859895 0.0298117308972663 -0.0177842992751579
0.269050383737385 0.122816208159751 0.0436032150463379 -0.00793574509959593
0.170352184327781 0.233809792379917 0.0359286576923538 -0.00498607300696759
0.0106035030360404 0.308042067422523 0.00307793717867232 0.0139812647618984
-0.180869506919461 0.277794001068165 -0.0183447219319772 -0.0143896316305229
-0.28660235974768 0.149173893916348 0.00240904722140129 -0.0735509487581305
-0.260947329763148 0.071266075191261 0.218023836826494 0.0230225127975703
-0.226335323117426 0.149244626414512 0.0908572075838772 -0.0492362842847269
-0.143361902009904 0.208006554583619 0.0259959371538788 0.00205944897831224
-0.00424662312119765 0.239812597793378 0.0187224920443188 0.0616571550739302
0.126436383910248 0.199286989137911 0.0921474961371061 0.0740878321601051
0.200731333744196 0.107115108777237 0.1236579906369 0.0248910830287836
0.22397674006838 0.0371185450111241 0.136896314659329 -0.00213802447570978
0.231824354599602 0.00874444466150247 0.135820784415506 -0.0142342108473516
0.224361166952444 0.0145236351307204 0.124271269467746 -0.0171313420184619
0.227948188042252 0.0427140956424323 0.0955343020475164 -0.00839523549055197
0.206047328387082 0.111481928639024 0.0842759632681803 0.00858551431603282
0.110522400507389 0.188174304079223 0.0486165120282057 0.0103011801589894
-0.00929000418784842 0.218900653124768 0.0129393449575118 -0.00542543683543196
-0.136957112032746 0.205665419827563 0.0192967395595719 -0.0484329003261715
-0.221623620967041 0.122342216909033 0.099136810662107 -0.107888847057059
-0.170039761659228 0.0649543269099263 0.310421375151829 -0.00665088973246895
-0.133523428020594 0.111956016992302 0.155836268599401 -0.075278657722567
-0.0779718863711564 0.130370257103464 0.0512340342751191 -0.0155853643449148
-0.0035857314442109 0.149008227505233 0.025358042763451 0.0736082099621197
0.0791354904421197 0.131098365241787 0.118838103569153 0.107341315012703
0.134992159553759 0.0731502331792852 0.185083607849826 0.0547302480998378
0.158699815092486 0.0261349356934406 0.216952686799636 0.00909542439060261
0.164615188664068 0.0114579316057532 0.213760803388055 -0.0106737980711594
0.15543955883928 0.0184573960186318 0.190206181136149 -0.00896649194495872
0.145749006480832 0.0447148525298137 0.137315189268546 0.0106286158990672
0.117030717177381 0.0905515726393259 0.10000599072772 0.0311833798563178
0.0373413429663141 0.122870274775628 0.0443432962586574 0.0280134619897521
-0.0281154225207002 0.108279970285407 0.0145457449497197 -0.0181817663448293
-0.0787561068994059 0.11190273295517 0.04715014312558 -0.0646867508461992
-0.129567720131622 0.0800988593147449 0.16983194627188 -0.127548422537753
-0.0484238538882122 0.0423321373040026 0.354181186681397 -0.0327944128046442
-0.0224348196683232 0.0446458690797658 0.192642722728758 -0.0910990168174862
-0.0108974482649204 0.0242780543696159 0.0653731103092539 -0.0342682223257104
-0.0120461819224213 0.0391486735570465 0.0284106578527497 0.070080063183428
0.0157824626866863 0.0477954328120686 0.129916217199761 0.117861355557245
0.0464006257015557 0.0305846123954843 0.220551655091226 0.0691862702508904
0.0685599822286221 0.0130379468507961 0.264684560640223 0.0138009711616366
0.0727422492034887 0.0111023358857872 0.258855421630487 -0.00497734999011646
0.0688259464094298 0.0156495724635017 0.226976851458121 0.00523262804811319
0.0543664723188627 0.0353837977491147 0.154874443394409 0.0349004903049963
0.0307182356323474 0.0544992851681993 0.0933791312681755 0.0538967736901295
-0.0154306504757801 0.0482339673594516 0.0265077357410104 0.0405037058149395
-0.0232324690470341 0.00751680819830173 0.0133292758311788 -0.027413696308337
-0.00835295837852379 0.0296457298594569 0.0679220852201867 -0.0701344669186035
-0.0254943961022306 0.0401738584005998 0.211735647182123 -0.129760570444111
-0.0575027830512255 -0.00707592768610807 -0.243011035885194 0.155445090592245
-0.057395547937795 0.0234228266002279 -0.0918982142410458 0.116317039152807
-0.0132558914430617 0.0558380372337073 -0.0107218294383044 0.052266677670456
0.0309854606142935 0.0271396186737463 0.0125688425649601 -0.0393703427779017
0.0380857014280035 0.00252581723950744 -0.0648358732071418 -0.0751805430416461
0.0276826527621838 -0.00340502922607979 -0.155907178839679 -0.0538351913176344
0.0192934098193833 -0.00406870748567002 -0.230493887372615 -0.015409668735518
0.0316412552565974 -0.00875004484831432 -0.268955749436782 0.00760724814576157
0.0416126748746685 -0.00514329940845158 -0.271060850610227 -0.00191179811790321
0.0586643606339196 -0.00415218027625969 -0.226711887350174 -0.0474640002268559
0.0626930621814433 0.0201360040530267 -0.152308530439997 -0.0860673568905674
0.0456482156901885 0.0679930169413147 -0.0598421708199906 -0.0645157096672808
-0.0207739282702916 0.108594566658034 -0.0796580996976078 0.0359821640533258
-0.0916454422233443 0.0540507977291985 -0.181752755968389 0.0596304882176983
-0.0933095428409496 0.00468182464758525 -0.342195652101323 0.0194597150190611
-0.152629356844192 0.0203209397242904 -0.211524408674901 0.135181241603283
-0.127145489304365 0.0647717019839164 -0.109361588456949 0.0958624572792474
-0.0594841426792817 0.110822635684004 -0.0173776155672407 0.0620556815638657
0.0288679349655758 0.0997983247935683 0.021831406535165 -0.0273690047876165
0.0855093552125928 0.0645235764601399 -0.04139993740227 -0.0783628655760976
0.104496538828992 0.0282580973570108 -0.135743379662665 -0.0697695501619786
0.10938700627864 0.00457588244069062 -0.204833218456173 -0.0267210592676849
0.132533703120663 -0.0114095350794981 -0.235992404160219 0.00164042057719655
0.144351884486878 -0.00114452276282578 -0.233630291852398 -8.5963688048878E-05
0.164375457248628 0.0181400400993599 -0.193625853930836 -0.0333927408389856
0.15667224815908 0.0787951576559375 -0.124196470564326 -0.0626868695195381
0.0983346895075149 0.163020180360014 -0.0422796913471206 -0.0457142241100219
-0.0275296003662044 0.228358237912504 -0.0671368316014545 0.0563672589533225
-0.170010792869903 0.165368519799288 -0.162174016441488 0.0744201675034721
-0.212630228685353 0.0659443559852859 -0.300426024458475 0.0238295999386235
-0.236967809238983 0.0430355238821998 -0.139619621090514 0.111863087073806
-0.197616586533679 0.102911518859914 -0.103353171688432 0.0688281362623465
-0.114737847472788 0.165669813403429 -0.0233326698122218 0.0629319371081923
0.0172926649363272 0.17843957913046 0.0220218853308118 -0.00924968175043225
0.123527392506425 0.134756806408518 -0.0141462325413341 -0.0632556808247286
0.172562208063791 0.0651639229825504 -0.0955112383301275 -0.069317443159813
0.188778349407362 0.0159503743951668 -0.148286479375543 -0.0309383969112241
0.214695949859209 -0.0111888303048364 -0.166915913892718 -0.00552323614113454
0.223939105844163 -0.00289484096070478 -0.161871778363594 -0.00189060953301889
0.25034454700527 0.0248214651669508 -0.13269048419622 -0.0225778314889466
0.242817408843508 0.110100928222565 -0.0779656359917873 -0.0403741817144762
0.158934888306252 0.226306062439501 -0.0185075661547983 -0.0306643602112817
-0.00595843905544585 0.318044618987927 -0.0429166174451409 0.0581646893252369
-0.206011715022671 0.26116873065998 -0.119464055296036 0.0665797815441527
-0.29081567713185 0.125877682799979 -0.217511098584503 0.00843169394060539
-0.294410148585716 0.0625004586268525 -0.0314129584130693 0.084678727904622
-0.253855609079937 0.14200904271221 -0.0624312405375764 0.032455593157348
-0.160296687196526 0.220028829482559 -0.0182772934093237 0.0482950274099161
0.00705109342288106 0.250725442623959 0.017564132426923 0.0132532004829325
0.151877756640276 0.196398390185824 0.0184663177384782 -0.0277353829183333
0.222282615950548 0.0979876051956683 -0.0333211941907134 -0.0507642527576588
0.24280145383493 0.0264744592889401 -0.0633605236956176 -0.0275429963201255
0.263670606666888 -0.00991921830306666 -0.0707685282030318 -0.0126920270365872
0.268011909083801 -0.00423682037914627 -0.0665276068916141 -0.009455669538352
0.295168757342905 0.0233663269445078 -0.0531257421506925 -0.0193528105611768
0.291883916727602 0.117587327548935 -0.0170606628674984 -0.0241515030129679
0.197389929225847 0.249318233767727 0.0105886489667478 -0.018267682194168
0.019215739790266 0.351626990124222 -0.0172874213184038 0.0414962313071087
-0.20270495166557 0.309852614330379 -0.0674757831654171 0.032883800634548
-0.316448937882887 0.162898174930797 -0.110681290565319 -0.0267316746201928
-0.306741434502307 0.0764107010387952 0.0971384072567792 0.051608891336824
-0.269971212270762 0.166020443980654 0.00927252620230421 -0.0116998899737847
-0.174526371603239 0.247441736574893 0.000264832226549761 0.0236309288734075
0.00474080279712097 0.282303274355213 0.015822432737564 0.0392811237752808
0.15986027828611 0.223531103211541 0.0579335841483587 0.0235361018192019
0.237268995988484 0.111995708186481 0.0456223681768447 -0.0173065462239575
0.258374592091764 0.0309099120697333 0.0380024430241927 -0.0186272112821824
0.272330402808239 -0.00702926288920102 0.0371216660366084 -0.0183625093345715
0.269389408622372 -0.00149582764627343 0.0355964365328208 -0.0191098589953872
0.289419082988393 0.0244714369783451 0.0289378989151806 -0.0189192078505166
0.281075546249013 0.113004145397422 0.0440070336280681 -0.0117279697521655
0.183624253012708 0.232789006050649 0.0363508953428797 -0.00705604863333536
0.0216062030526486 0.315383140765891 0.00199148418939937 0.0171558707999667
-0.17494070023666 0.291790483637963 -0.0194266828099099 -0.0117504081197748
-0.290956067933394 0.165398309165074 0.00188497102493477 -0.0728287564627246
-0.264664102429822 0.0806897322474263 0.223095903962221 0.016113181177526
-0.226711755599908 0.161817164893331 0.0903979703025082 -0.0525365947351998
-0.141037204142376 0.220059703495483 0.0269195815668405 -0.00039544592014202
0.0058281519585736 0.246722696440367 0.0212565719130014 0.0635278175959512
0.137669345499927 0.199383011690655 0.0973435173553204 0.0732816499654163
0.208521715202214 0.100854000859675 0.125802127049121 0.0199255564616047
0.230789090131596 0.0276085896880332 0.139692509925171 -0.00791416627228948
0.238685722645884 -0.00112707017206903 0.139237647536088 -0.021103081993217
0.231374214104333 0.00461068872769862 0.126711806890906 -0.0232252468964185
0.235466934230852 0.0326192481702401 0.0966471321878196 -0.0123072140474654
0.215454233773277 0.104278937033933 0.0866760402780195 0.00367878673265944
0.121506466430227 0.187473214297049 0.0500384917934651 0.00857711250826676
-0.00191444355076596 0.225031560892883 0.0118404206419165 -0.00382220752135973
-0.132336980458207 0.215604062668292 0.0180954362716307 -0.0478792358425845
-0.223830403262385 0.134207492230535 0.0994384514962366 -0.113181694883428
-0.172645809953329 0.0719521751104854 0.318003808690272 -0.0191180034542494
-0.133474095685777 0.120037841784451 0.157195432866366 -0.082480313635447
-0.0764791894818026 0.136878165243143 0.0525468362828607 -0.0190085164163657
0.00299825275037839 0.153770672352698 0.0290236442027936 0.0756458672628712
0.0870729822662088 0.132567608282409 0.125636665942597 0.105853317660687
0.140509600921058 0.0692383062738756 0.190314299628019 0.0477786479305799
0.163690012098104 0.0189184435311072 0.222394134983921 -0.000320299079814742
0.169466619918283 0.0044076643521974 0.218869059235108 -0.0208470669860659
0.16103173752399 0.0122443961396785 0.195104356815551 -0.0185536842691896
0.152166301392555 0.0391445888891394 0.141072697503332 0.00521687545030034
0.123410829255213 0.0864552736824046 0.102687554374797 0.0266225266592325
0.0440377110270345 0.124568969284418 0.0464077759103108 0.026755365187444
-0.0259650345554453 0.112319971182023 0.0127877743538039 -0.016937868707105
-0.0766790896108961 0.117832091849039 0.0463656030979188 -0.0668057952850434
-0.131564215119797 0.0869857993829704 0.171655021414237 -0.136146328937678
-0.0489346096596706 0.0445903479990915 0.362722055652321 -0.0471662289898213
-0.0226219386282739 0.0474453445061335 0.195347420253459 -0.102255885852079
-0.0119783666502733 0.0254073657180048 0.065832271428858 -0.0378363567626197
-0.0100419430968797 0.0409016949860403 0.0322261576533231 0.071522622428877
0.018116172865038 0.0489560555176329 0.137931768795815 0.116811490994147
0.0479515069704542 0.0291757132823184 0.228238852519741 0.06145049394704
0.0709736912504641 0.00954346933536475 0.271623163602356 0.00241695305114638
0.0754724012280957 0.00779769732158177 0.266763867077337 -0.0185745573712011
0.0712506188469872 0.013600643249113 0.233891633386453 -0.00597970448925569
0.0575582170671085 0.0344772838697114 0.16095632935245 0.0293726133099396
0.0340529778764524 0.0537575089798981 0.097233972085833 0.0511290007724538
-0.0130454388197216 0.0503410529802442 0.0290972582393238 0.0405165247629663
-0.0247035618997241 0.00938318884452899 0.0111112531597474 -0.0276543794136113
-0.007521163320337 0.0307822678457662 0.0684096100715812 -0.0730944157989874
-0.0249215084399626 0.0410655873866362 0.213976942837571 -0.142099203624515
-0.0570116373564165 -0.00409015408290341 -0.234185151509347 0.171278005891384
-0.0547575610607508 0.0260257656625385 -0.0852003582903125 0.122301545444744
-0.00875662054365183 0.0555131965160827 -0.00692508632667745 0.052906754374647
0.0320754216474163 0.0248032660951512 0.0105848442373659 -0.0396346251853364
0.0378023276404963 -0.00088512468525887 -0.0678656763418026 -0.0710773512821184
0.0279357209157694 -0.00531052700239126 -0.157720594816427 -0.0435745141988515
0.0189854907407212 -0.00457817419878873 -0.230641622900145 0.000637447090643606
0.0310007825042952 -0.0109752213139502 -0.269555861128357 0.0257300126473482
0.0413353281363635 -0.00877351843317799 -0.271633172520622 0.0158501463419518
0.0576535958231821 -0.00830440270985217 -0.230049457474297 -0.0326878948279189
0.0630909966138248 0.0160930443905098 -0.157197269775343 -0.0770320443117205
0.0491662667016299 0.0651056930244873 -0.0639191110595029 -0.060515593333659
-0.0143917165098937 0.108825570603335 -0.0774545341938536 0.0411158837801247
-0.0887288290122621 0.0588218569849625 -0.178806766414745 0.0690460365418459
-0.0930926229519888 0.0103801194219384 -0.341074949076439 0.0408589873417908
-0.149610487746614 0.0289399840041033 -0.203380081356979 0.1493401638917
-0.121888362636913 0.0709236910309429 -0.104602938027457 0.104734399426745
-0.0524413539606338 0.112574233194328 -0.0133823275746698 0.0634822226697907
0.0346616647676385 0.0967519282335644 0.0203578748792918 -0.027941847537754
0.0882385917875656 0.0568160340427448 -0.0454425193316426 -0.0755154598202981
0.10564351016645 0.0209886199273586 -0.139084956853128 -0.0599241214402585
0.109572446673021 -0.00221015052912875 -0.205223324554434 -0.0122971947510242
0.13102735419964 -0.019742528260142 -0.236815085594294 0.017824875779795
0.144071896047702 -0.0116472947825405 -0.23388670032903 0.016188737615904
0.164967419330953 0.0063648138506324 -0.19598120084258 -0.0204097344277893
0.161492597483997 0.0688100013640069 -0.127894061212416 -0.05619005732955
0.10752870753403 0.156310913086422 -0.0461091034565901 -0.042391781397117
-0.0142889965345024 0.229342832417332 -0.0638764501660619 0.0619205370043129
-0.160117390367643 0.175098745454542 -0.157858041854964 0.0833957851818575
-0.2083501362523 0.07931966553334 -0.297199519705788 0.044672718775904
-0.232303776735233 0.056278371803685 -0.133926227728382 0.122217490680944
-0.189920513312193 0.113196577367152 -0.100461684556586 0.0770200892932569
-0.10486390712236 0.170999307047739 -0.0193196538106903 0.0639164476587984
0.0279631622913162 0.175946665127139 0.0211465368163326 -0.00973191752519647
0.130756385713826 0.124404745813588 -0.01728004244817 -0.0622473396768884
0.175188336944431 0.0541788998871692 -0.099449718132233 -0.0627384894282035
0.188704333931562 0.00389608469529321 -0.148803858239464 -0.0200471166566323
0.213598863697981 -0.0257219256757157 -0.167825765383369 0.00568767960460926
0.224029108452802 -0.0180301506657402 -0.161618732355695 0.00932681614279093
0.250760973538779 0.00704611415210364 -0.135951859068964 -0.0127365287111192
0.249087749663583 0.0945185862481634 -0.0802370768335787 -0.0368704872838756
0.172336150447748 0.216005749856814 -0.0206214925993003 -0.0291136177438046
0.0125082100955752 0.318259656987231 -0.0394634235023809 0.0633606877213819
-0.190201938961997 0.27291763469427 -0.115418313200788 0.074451941716406
-0.283929426153533 0.144477431765163 -0.21435644690594 0.0244088260616483
-0.288783564576895 0.0782501690629171 -0.0286627189992897 0.0874456229006484
-0.243253461602096 0.155474996333747 -0.061975541735939 0.0383895168219071
-0.147658226294595 0.228131657118542 -0.0156763603027747 0.0480526525275522
0.0232884691612557 0.248752336436448 0.0181753083255412 0.0126376408095489
0.162508170777812 0.184470519186532 0.0176161649349924 -0.0285522664025956
0.226281865880063 0.0829856152593151 -0.0371747649665524 -0.0479200262290394
0.243305073553375 0.0101122080858123 -0.0647490545570379 -0.0223019403378499
0.263072243243635 -0.0277789376393331 -0.0720135454136618 -0.00780068069220514
0.268196782497268 -0.0224665702215789 -0.0670153355117489 -0.00496088875575399
0.295915811166879 0.00221017122306855 -0.0556429169627575 -0.0146647296442037
0.298492622655335 0.0979427845148991 -0.0184281882366377 -0.024885435448981
0.211953882944064 0.235992068155288 0.00829402526883363 -0.0192396147999753
0.0390747425091262 0.349892607923298 -0.014598716991828 0.0460953717755394
-0.183673799143546 0.32140061125514 -0.064956555751771 0.0385998235290341
-0.30646929027816 0.183067876379528 -0.10933226017519 -0.0172420599896974
-0.301425970130191 0.0925272207753992 0.0986348027779873 0.0468877426647629
-0.258370514702865 0.181504767458044 0.00752486854156477 -0.0100300061039538
-0.160051805844961 0.257093366459744 0.0013003423094755 0.0222823421340242
0.0224084505575467 0.280523142305354 0.0182129216339789 0.0390426394451867
0.173315489256855 0.212115894745297 0.0594355788843681 0.0201814050785447
0.242117782653526 0.0967614464653042 0.0430989708607843 -0.0196924076631925
0.258972001700513 0.0132112710008692 0.0367229256484415 -0.0202457748018974
0.271339317104539 -0.0246256476441855 0.0352797063435256 -0.0207420600498939
0.270082387198613 -0.0199582486575229 0.0345034651407403 -0.0218045741340561
0.289857311730479 0.0033126677078668 0.026731558875767 -0.0199793722277822
0.287296533116108 0.093457910136912 0.0425680766512715 -0.0170280911976672
0.197552511938851 0.220061303590321 0.035630540121046 -0.00946034891876444
0.0397991765708126 0.313390418401516 0.00284039225499147 0.0207401565848503
-0.157069905937425 0.300948888778559 -0.0196259732338414 -0.00846277625829147
-0.281035356625708 0.183093446272597 0.000129999891825532 -0.0709388681761482
-0.258765189007482 0.0955922795428786 0.221919039520254 0.00281813899350402
-0.216747455764519 0.174719030016643 0.0864172054645153 -0.0566331597968421
-0.129707042108836 0.228633381773067 0.0265605268446156 -0.00321416052070211
0.0215179458330793 0.245530660800722 0.0252360960961984 0.0632025444005802
0.149533339757042 0.189808087444776 0.101914830896149 0.0680598791901729
0.212940885746341 0.0878762304307519 0.12553545041114 0.0123187735503898
0.230804651410123 0.01212041715183 0.138270152431641 -0.0165634549018261
0.23830109794663 -0.0170958033902924 0.137266249268232 -0.0308478763982881
0.231452219875931 -0.0106435242518255 0.125402967348775 -0.0325642397111222
0.237058101505774 0.0152515094480506 0.0952855812280257 -0.017758479511106
0.221141721286366 0.0886264689439419 0.085234645140748 -0.0035008127719744
0.13287083164389 0.178647415817846 0.0497137482892063 0.00491502706462272
0.0107107046219128 0.22466962790909 0.0104407990764036 -0.000988565462465611
-0.118858586052618 0.222493503289622 0.0161019848582707 -0.0468568692106208
-0.216406095845868 0.147900460476233 0.0945397369916287 -0.118525213627475
-0.168498039173258 0.0812611475620877 0.315372253091606 -0.038401448875365
-0.126616414858338 0.128083945557471 0.151343160058869 -0.0910978035778115
-0.0700207171123348 0.142145078373621 0.050735742090345 -0.0235418277028455
0.0130284887903875 0.153023479964153 0.0340174678414317 0.0742318628278718
0.0956464343734884 0.126625603150523 0.13183221698228 0.0990983752114163
0.143808805029644 0.0612367545762098 0.191090584025233 0.035676074349051
0.164423580461045 0.00819093622650401 0.220486152010696 -0.0146214300642954
0.169631500715307 -0.00729193277077454 0.217749965648776 -0.0371438167919646
0.162134148628566 0.0017345580109172 0.193351790109996 -0.0325199946357175
0.154101553304677 0.0282918479996531 0.140783231644658 -0.00348169909811229
0.127841782293162 0.0765918943947492 0.103145037126367 0.0191115900641605
0.0516113593683045 0.121041390668914 0.0475736258501876 0.0231215079308555
-0.0195950357518602 0.114393056099978 0.0104781383523609 -0.0153564534318574
-0.0692709804976362 0.121755378032167 0.0434914764586334 -0.0675663072280716
-0.126421306959867 0.0945903956935537 0.164869951276812 -0.147419789882694
-0.0471211886103245 0.0468863470620993 0.358553347163922 -0.0701328790065171
-0.0198396987143457 0.0492304537697464 0.188627689984903 -0.114548272193555
-0.0116375443274623 0.0268552900077846 0.0638276862216312 -0.0422514852847821
-0.00704600052018107 0.0417244872208473 0.0366512950523704 0.0702462093297032
0.0217705921597795 0.0479382247130422 0.144616405103207 0.109010085266381
0.0492363339826161 0.0268362582560917 0.229038022911588 0.046573315285059
0.0703775152658754 0.00407483190933296 0.269755883607451 -0.0152208251276824
0.0757816306434868 0.00237388203872689 0.26549137422675 -0.0374289887411464
0.0723458553026122 0.00854534661265452 0.232355748171711 -0.0225111939468913
0.0596917037147115 0.0300788614008992 0.162036986329164 0.0187951044441563
0.0371264697845211 0.0506494287633411 0.0996654180197616 0.0444476224502675
-0.00939652522179217 0.0507187653088896 0.0314283895531772 0.0378642592827257
-0.0242760758597878 0.012004996413283 0.00846262468337748 -0.0268934924034212
-0.00554288826094493 0.031203134994241 0.064881511675705 -0.075873063784544
-0.0235288998133928 0.0417292716684233 0.205686140425797 -0.155518724981304
-0.0539659289961021 -0.00172327518250923 -0.216574105011297 0.177782894257725
-0.0507547222919268 0.0267049376121047 -0.0768623603851599 0.12373004321731
-0.00489522458292742 0.0531641776659612 -0.0043233292441385 0.0513828511507976
0.0323795871644796 0.0219079185905493 0.00804278189443712 -0.0386068440117505
0.0354298694257263 -0.00359116024708097 -0.0682895887205391 -0.0650952634956578
0.0268259847990517 -0.0072754049113955 -0.15200928926963 -0.0327054653571052
0.0185979043593165 -0.00489011655349097 -0.221202692626488 0.0134406839140509
0.0289708727993611 -0.0120624025798972 -0.258757240628108 0.0407853906817692
0.0393550305082092 -0.0116142446939296 -0.260092040962278 0.0305165695127439
0.0546293311711217 -0.0114835192336596 -0.222823734411293 -0.0191395134356358
0.0613020187885297 0.0121982955792468 -0.155082559323772 -0.065359206165149
0.050499333762693 0.0598070725551751 -0.0647808758105898 -0.0546564934176553
-0.00848910160353984 0.104374154372468 -0.0713285935200771 0.0432119070733045
-0.0825461061621117 0.060276695895569 -0.169808114769834 0.0738134347359622
-0.0890841083556047 0.0156134242440868 -0.324781776307609 0.0578054497648221
-0.141732394989501 0.034244439186823 -0.188868061864873 0.155091825161992
-0.113263183879362 0.0724285696584526 -0.0955075103266297 0.10755896207634
-0.0448085665627301 0.109590935329392 -0.00958859225771129 0.0613988597134252
0.0377940988787441 0.0903099438624611 0.0185972878579519 -0.0279351745972771
0.0863569707066255 0.0491194711693684 -0.0454122280492604 -0.0707907546751076
0.101859841402719 0.0137470559487793 -0.135416651826063 -0.0494045374962421
0.104910539588958 -0.0077319125373571 -0.197040103482924 0.000191471533027459
0.125224651600316 -0.0265126272076365 -0.228044473448699 0.031235669864656
0.138471198505209 -0.0195675652817473 -0.223828858990193 0.028531732356298
0.158919828642826 -0.00276658506833979 -0.190447055961463 -0.00863820187504907
0.158927391528989 0.0568164463707934 -0.126033707203042 -0.0476179923141878
0.111116420455645 0.144595847549545 -0.0469751063955214 -0.0382934010327092
-0.00316767533202898 0.221155680701372 -0.0580735607640132 0.0638785993064268
-0.146227955958533 0.17548925059618 -0.148295372069121 0.0872353634054716
-0.196784796725584 0.0875053382245455 -0.282375492302276 0.0588301524699236
-0.220109115157289 0.0637581000640898 -0.123780292099585 0.12564647371151
-0.175697245221853 0.116799069882062 -0.0931255214411457 0.0814601843961239
-0.0926507832957372 0.168599607442753 -0.0151460414888302 0.0615530456511295
0.0354740104207594 0.166436825954836 0.0201200286774724 -0.0105457866494101
0.130718087821744 0.111398817181399 -0.0186671087775435 -0.0587027383133464
0.169832106143324 0.0419850747211577 -0.0982983737555638 -0.0543445643180307
0.181060029791865 -0.00591727102880237 -0.143214796137025 -0.0107220884778761
0.203942216711657 -0.0368078558540802 -0.161929027769759 0.0161070430276769
0.214482399464365 -0.0299972769036446 -0.155628883316103 0.0176787585631161
0.240548901408767 -0.00814846009062356 -0.131340964189737 -0.00427099614707055
0.243971081810685 0.0769552846089205 -0.0795966582191262 -0.032367716544506
0.176564375266416 0.19864380206534 -0.0219902685502222 -0.0264930108905483
0.0270805487784743 0.304800911824824 -0.0342429994731736 0.0650720001691224
-0.169951414204229 0.271386905272255 -0.106449282181993 0.0776816552457171
-0.265371510313964 0.153818223564348 -0.202793295564699 0.035935124198069
-0.273474799847702 0.087721905488867 -0.0241257388992583 0.0874194157683541
-0.225612208981951 0.160043409380992 -0.0579995051808177 0.042010973622678
-0.131572572652324 0.226163849833758 -0.0124965593222436 0.0459782882002692
0.0345692854878364 0.23625770279683 0.0183079431238436 0.0122050199060163
0.165110698623605 0.167179257977988 0.0161375859004659 -0.0281131212302744
0.220482843398232 0.0675450272979369 -0.0388962735875272 -0.0432484065009807
0.233100290311597 -0.00295082054700685 -0.0630787133504597 -0.0171305792359825
0.250907670785915 -0.0417468665231184 -0.070845091041052 -0.00314168743818165
0.256637936163125 -0.0367577941134146 -0.0651314284919178 -0.00112720481699304
0.28339071985359 -0.0152797674105366 -0.0549322585519171 -0.00939619085809924
0.291435121811798 0.0769372133909906 -0.0201807664746582 -0.0242128451144418
0.215047371824512 0.215200625426969 0.00688832181844601 -0.0185606332472497
0.0542449442177337 0.334481181139011 -0.0110823774506541 0.0478757386196702
-0.160777949089509 0.317097007599321 -0.0595395275364536 0.0411203015799388
-0.285820349613326 0.192106503086466 -0.102788700099634 -0.0102327888246446
-0.284930694514603 0.102360044411965 0.0953824228009605 0.0416666444914858
-0.238747244431508 0.185802259687187 0.00585980821683672 -0.00781765468732961
-0.14218163012352 0.25487040222485 0.0022243896543191 0.0201601404991216
0.0356283891003427 0.267439968895208 0.01904542138467 0.037322304162116
0.176768585031478 0.194102452894802 0.0592989195237072 0.0166686820692465
0.236195381077517 0.0807084578737529 0.038928283179231 -0.0204139524658261
0.248975367066562 -0.000704640408665576 0.034291905741124 -0.0207505681825524
0.259824640286788 -0.0392350371623284 0.0325129807098252 -0.0220871211647153
0.258652865537252 -0.0344542020810673 0.0323398181228574 -0.0225234381738431
0.277513284342969 -0.0135620940065666 0.0235645643585784 -0.019333757733657
0.279939008931878 0.072693381716494 0.0384744581626703 -0.0201984728191007
0.200690557324192 0.199962946089079 0.0336060306053288 -0.0103126581505678
0.0534862809793817 0.300073475626552 0.00453538200987784 0.0228128950183657
-0.1353981324417 0.296236496718121 -0.0180195477113239 -0.00564532383760986
-0.260697477169838 0.191354120764651 -6.03295434806632E-05 -0.0679368187411138
-0.245229269817043 0.102872553136756 0.211968764204179 -0.00741286001491147
-0.199421927032939 0.17824353061479 0.0797147932458117 -0.0570249843262085
-0.114362001409788 0.225813036426162 0.0251270489995947 -0.00554444879820364
0.0329249550643902 0.23413433476449 0.0273679761854452 0.0599493665046033
0.153711394403264 0.174349414941279 0.101942162178617 0.0606236857626821
0.20774363916362 0.0746244927961103 0.119176434895919 0.00519136312100084
0.221836967852184 -0.00111622539120322 0.131737475775564 -0.0233940275001132
0.227665387883709 -0.029792695193378 0.129795729639643 -0.0384916358964913
0.222980153200344 -0.0229233802512479 0.118270490923898 -0.0388724867518913
0.227523091081535 0.000475973711581792 0.0900743225506793 -0.0213301445651944
0.216287971454059 0.0718945353726169 0.0800124088719257 -0.00914385473585752
0.136711276721129 0.164214912271616 0.0478050373296837 0.00209993842598751
0.0212060363326192 0.215814476908153 0.0103899698515186 0.00141845263101534
-0.103099380129829 0.219571970555154 0.0145648375244216 -0.0444047048002671
-0.200146233776014 0.153148304442059 0.0869729370803976 -0.11906749020105
-0.157980412524451 0.085346491395728 0.299248478448578 -0.0522018386245232
-0.116006093024307 0.12937277915753 0.141036818846513 -0.0954214744057893
-0.0619144842418525 0.14078004199491 0.0476985241138958 -0.0264282977077893
0.0203616866844835 0.146017739541762 0.0368629697476671 0.0701099098859939
0.0986852076800183 0.11676687856908 0.132015444973772 0.0889391283338637
0.140458394872009 0.0520230927731343 0.183273026146208 0.0247966349448366
0.157227718190857 -0.00145890712150247 0.211159027606171 -0.025847434971259
0.162836524057187 -0.0162306475571336 0.20713479886833 -0.0485857948223915
0.156185605430653 -0.00717732971761586 0.184176213970286 -0.0426154641144487
0.149090724164471 0.017917355293471 0.134841146196269 -0.0110146933044353
0.126195398857747 0.06593541044229 0.0991184272211654 0.0116678142127708
0.0561591520550591 0.112844528074249 0.0466817870658484 0.0199876833241993
-0.0130881081743918 0.1113432196944 0.00916962415176866 -0.0129232106004328
-0.0602425338259548 0.12005614808234 0.0397593374616112 -0.0661286737464734
-0.117410815369205 0.0969823598520092 0.151856534574447 -0.149733392329344
-0.0435053207853698 0.0471041979317309 0.340124723036427 -0.0855733980764441
-0.0173165458095977 0.0488796246669638 0.175330550965376 -0.119865126806825
-0.0107712845226106 0.0272108807623352 0.0589586078684164 -0.0448668237429378
-0.00451486677781584 0.040287323174093 0.0393226515395496 0.0660119496210732
0.0241588859089457 0.0453517683848775 0.145012164060055 0.0979208383716001
0.0481156943008782 0.0237791977140047 0.221135515231666 0.0329622327679473
0.0672304197129467 -0.000630259529168662 0.258137620709959 -0.0300740178174108
0.0727410416008521 -0.00214019715505809 0.253409521896403 -0.051947658885184
0.0706910410712696 0.00516974040215499 0.221945995007083 -0.036356323965662
0.059124425387228 0.0252706085332751 0.156410987418538 0.00904605842639238
0.0381140824657262 0.0464671573516082 0.0967290700520147 0.0368369978584573
-0.00575893599703184 0.0489503346922262 0.0321406222492295 0.0346946268951373
-0.0226738207694245 0.0135040707618036 0.00609225362617037 -0.0253855495695975
-0.00403728718495058 0.0301018700921468 0.0598378127574387 -0.0756000395155155
-0.0211463096588967 0.0409730650233833 0.189924211718666 -0.161018824759863
-0.048663996394787 -0.0083805726680511 -0.22121042854152 0.138438296512554
-0.0501466961826206 0.0169488486219122 -0.087429585683903 0.106462827413715
-0.0113238964867037 0.0470503917535282 -0.0120344518575213 0.0487138156209979
0.0264678726704976 0.0248598034833944 0.010942857937797 -0.0336410107356735
0.0328780086566312 0.0010518150754425 -0.0549691786139649 -0.0663636555617558
0.0274886026764244 -0.00393117325363156 -0.135658057946902 -0.0457160789121012
0.0189443459262544 -0.00126238854319399 -0.208085418241457 -0.0104400592210616
0.0287184550493651 -0.00704708853423865 -0.24916405696233 0.00969211128284383
0.0397854626016065 -0.00505638615244619 -0.2512413629285 -0.00099882557947422
0.0530282140944808 -0.00382174840388426 -0.210959095440705 -0.0445300624806381
0.0572093360977433 0.0207009477929891 -0.141062621859839 -0.0823019773436017
0.0404902337303216 0.0643325486574925 -0.0574187384273199 -0.0615022676301056
-0.0196583676584349 0.0974673847049517 -0.0723737621568297 0.0293002204162282
-0.0843557740100645 0.0478523548270695 -0.168852567092168 0.0470058361309642
-0.0842143110853323 0.00585617362410282 -0.318674965029018 0.0155565220198889
-0.13362805429669 0.0127138474060377 -0.197097966197491 0.116081784600721
-0.112462221003045 0.0505558727753468 -0.107253493039278 0.0884886949864219
-0.0554335078167838 0.0937292993158478 -0.0220290708576614 0.0557486242879847
0.0220725623856589 0.0886946832630668 0.0163191055531791 -0.0222842697142838
0.072284860571027 0.0578277328349734 -0.0365251222465677 -0.0681158641941459
0.0941804748131563 0.0257175070508439 -0.11969664714908 -0.0564390284284823
0.100582879840261 0.00686429197206403 -0.185163343366999 -0.0198627518769382
0.121472530577778 -0.00924464514761446 -0.217818239472912 0.00372502222059106
0.1336408539192 -0.000500242393448563 -0.218065981212752 4.94654126239249E-05
0.150129087879076 0.0163897264502686 -0.183878756084649 -0.031977890160669
0.14300047689013 0.0748140172068002 -0.1196526813535 -0.0648828330839707
0.0873215725148996 0.152126641722837 -0.0442540933004525 -0.046229254851139
-0.0273811434545187 0.208847389300428 -0.0608577973492238 0.0481595265650773
-0.158618430628575 0.148943987119792 -0.147816934313009 0.0577366202072636
-0.196684609636643 0.0619253954426092 -0.273947175070645 0.0167511579216557
-0.209329646887821 0.0304358354002775 -0.138131942371061 0.0915079215676936
-0.17615795685065 0.0824658630296719 -0.105663048414981 0.0638074500590448
-0.107689951607346 0.141287442705146 -0.0317901046308385 0.0531482745979262
0.00853922682748513 0.157943178937728 0.0123704094864807 -0.0057040799033589
0.103799180882873 0.122246651093767 -0.0160667795896146 -0.0535887785685892
0.152319979348998 0.0610691282158688 -0.0854467384141286 -0.0535927304182152
0.171583611004786 0.0167788195669279 -0.134539515047654 -0.0237365273574871
0.197809432947946 -0.00947735767355833 -0.154607461570642 -0.00476966479754373
0.207455813937004 -0.000969528355739784 -0.152352581694996 -0.00241645803898834
0.227324279787407 0.0217090093806512 -0.130754248084444 -0.0221929141898365
0.220537931694649 0.103068762322782 -0.0799475131427577 -0.0470669551523954
0.142610395501994 0.210671248992601 -0.0235864559741201 -0.03335631541363
-0.0087164051733196 0.291634380324094 -0.0382859241703872 0.0498065006923167
-0.192468722878965 0.237711664418252 -0.1045718442832 0.04929694460382
-0.271199690525686 0.117803484446435 -0.191673599301872 0.000609997080002558
-0.260935278301635 0.0457115917363286 -0.0449040040131261 0.0649343766221966
-0.226833918437491 0.115971388717263 -0.0723113419799941 0.0295866247233624
-0.151489886803839 0.189882356920117 -0.0319051917412878 0.0383530261454678
-0.00180502005367898 0.22276577723481 0.00552983429608035 0.0136450607748872
0.127570561575346 0.179754542317816 0.00933887874907678 -0.0205919571372157
0.194713919011617 0.0918999597327862 -0.0323866573290769 -0.0351381803919448
0.219744634268978 0.0253443697601473 -0.0598480627445773 -0.0211602508484006
0.24279443464475 -0.0094789775501392 -0.0659301248625938 -0.0123135039734363
0.24760341463634 -0.00341452635481389 -0.0645997055016933 -0.0099947609624852
0.268454240569946 0.0194530393919251 -0.0587892089225843 -0.0185070370647535
0.264392663162869 0.108069419780068 -0.0259836365312484 -0.0329531556519497
0.177001358731279 0.230702238593128 0.00197884843794479 -0.0231240200582653
0.0134655110098587 0.323232257483766 -0.0140256040079467 0.0358127993973863
-0.189655556965221 0.282188456243024 -0.05503399288525 0.0186402648373572
-0.295259793821559 0.152139317341026 -0.0890397155543949 -0.0348211470164116
-0.274121547671287 0.0572363676079067 0.0693436599940443 0.0347653657107356
-0.242874826036031 0.138811405466331 -0.00841441632471941 -0.00984002646169993
-0.165519703159792 0.215471267695734 -0.0173323656988826 0.0153981095127504
-0.00542924258658604 0.252140920792642 0.00250389903945072 0.0366259031593138
0.134743906053325 0.206170020501374 0.0425043401481822 0.0255062850784589
0.207178125798785 0.106651570050066 0.0361813620383309 -0.00474346464666983
0.233643778150363 0.0283998506387871 0.0311909038236811 -0.013670005245069
0.250933400482407 -0.00624320664871748 0.0335813049412289 -0.0192891288181145
0.24901324357966 -0.001061388249482 0.0295100351621917 -0.0207799961382751
0.26233763506562 0.0194964855558275 0.017383831657819 -0.0186931282703943
0.25381759338636 0.102624319838899 0.0289116555072275 -0.0216315946530199
0.16523124016885 0.21403715826361 0.0267950528363706 -0.0115703738665585
0.0158840567898419 0.290359405839312 0.00304987937282611 0.0148993597351987
-0.163231308287559 0.265324320728533 -0.0101177188112638 -0.0200448688473644
-0.271218868718154 0.152687963268438 0.0154292863608038 -0.0780978908883227
-0.237816690384771 0.0635268445894508 0.182775202557552 0.00437745458399456
-0.206157041018346 0.136913502888882 0.0669148974680613 -0.0470104045627738
-0.136484198289878 0.193303967163709 0.0080005026225532 -0.00524422959414993
-0.00340797238426114 0.22109538196262 0.00838434449180128 0.059006238326995
0.116551686461246 0.185124518190078 0.0783701049167453 0.0707484613684852
0.181624507435559 0.0974219578628399 0.107284280606334 0.0274582766483697
0.207960474092237 0.0247790152368919 0.122396296850954 -0.00564245888116213
0.220983412661387 -0.00100567705297488 0.127358215836394 -0.0238468553369524
0.213618063459538 0.00510610756054087 0.114130001076069 -0.0254522170796781
0.21259811401696 0.027533724911907 0.0815822886287606 -0.0125730721584488
0.19435474884132 0.0930929337953526 0.0697837516743555 -0.00532712185871676
0.108991597878382 0.172200651003622 0.0411501030424402 0.00336802391718004
-0.00511391497747427 0.207085103929188 0.011050281523538 -0.00226152668556779
-0.123335020069432 0.196206307490851 0.0240776405591593 -0.0496153343228979
-0.210502100983749 0.12336869131297 0.104488549628665 -0.114500197813023
-0.156609549825569 0.0583386907879128 0.271796965982713 -0.0229940995651528
-0.123588601836235 0.103598707907999 0.132318760491358 -0.0743487505915786
-0.0765219583981831 0.122414858166446 0.0371507259705484 -0.0205851732680946
-0.00274349749132854 0.138202055838812 0.0195449189535965 0.0694546674567046
0.0744160531390774 0.123942675111304 0.105997261057792 0.0994000247717189
0.121573556112532 0.0677993678585392 0.165481959396394 0.0498197795111064
0.146985172275908 0.0166489482686415 0.197508456563541 -0.000132399841578509
0.157052297451279 0.00347756176886456 0.201339385194665 -0.024527792745737
0.148549756883565 0.0111365190640755 0.177344987881739 -0.0217407398313731
0.136657418969772 0.0341225318359273 0.125455267244057 0.00320409800117882
0.109982567679879 0.0768673345531689 0.0883995194682766 0.0189473935797669
0.0393693215236758 0.112667326139613 0.040575827018329 0.0212715115377086
-0.025625228984713 0.105078408588373 0.011667652076967 -0.0126876277981496
-0.0714273926369409 0.106572802951165 0.0492618221882356 -0.0632097561901979
-0.125237601138349 0.0789926609069372 0.168099930707223 -0.133953490028633
-0.0467141736434239 0.0377723832694854 0.319039833324734 -0.0443366578358403
-0.0224183742874827 0.0434962231448153 0.173981673840819 -0.0925775806650818
-0.0141490485841498 0.0246054033643279 0.0575615056376506 -0.0357288508610242
-0.0101090100748902 0.0365625915619634 0.0267989124803247 0.0652760354710971
0.016038585958346 0.0463362771062778 0.120488575676565 0.1071730859638
0.0397539564313059 0.0300637681321057 0.200889371407576 0.0573860670169252
0.0620462789109605 0.00633623562097087 0.242569418844313 -0.000180796570112018
0.0699533355485585 0.00583272964385143 0.245011606370819 -0.0214882424226255
0.0654215491772889 0.0126178596140863 0.213477147095929 -0.0105302308103072
0.0520588597779944 0.0306873746198072 0.1460587068401 0.0246658549034912
0.0293852310175206 0.0479001803296074 0.0863385232234821 0.0441020051005577
-0.0117424600837933 0.044753943317232 0.0267624555340023 0.0352587805502868
-0.0230443587774994 0.0109428845777676 0.00887889487435329 -0.0219162297922681
-0.00770679072934159 0.028089766648143 0.0674321921960324 -0.06633434157699
-0.0274714106867376 0.0365376128715713 0.203320690451034 -0.136691720667324
-0.0465857188956833 -0.00999462700162981 -0.216858023735082 0.129556925688033
-0.0483440096147187 0.0144707503260662 -0.0870150733064277 0.101995811241375
-0.0118295168012207 0.0443902219739959 -0.0123979900422208 0.0471255053400447
0.0248089667574457 0.0242497513654189 0.0110358051755697 -0.0325295823194281
0.0311261630384594 0.00138180827898185 -0.0513678746444304 -0.0662474953808714
0.026833495010874 -0.00372632237757563 -0.128462123063211 -0.0471822282715373
0.0190367235910658 -9.27169048162784E-05 -0.200171299216184 -0.0128725283623108
0.0279873705486133 -0.00586230855826007 -0.241600247059973 0.00673249564779175
0.038105957538146 -0.00482172664111559 -0.242880999565605 -0.00498741371444363
0.0519492994740781 -0.00261552876219637 -0.203442599071202 -0.0474576403090126
0.0548489116056393 0.0208486174672571 -0.134846016125639 -0.0826525184593814
0.0373581958953996 0.0629155885250673 -0.0546643107555078 -0.0608752217062616
-0.0212271609193034 0.0934386745664228 -0.0704645941436487 0.0266420523421597
-0.0831136681054702 0.0444267367622235 -0.165551994372387 0.0397620031332794
-0.0813509223591151 0.00372944181636878 -0.307750102053108 0.00849561960320594
-0.128845027165761 0.0084850599357938 -0.193611521918206 0.109019591050074
-0.109636400844839 0.0447371080566615 -0.105817877318344 0.0847688263631162
-0.0557774537574144 0.0879296539052942 -0.0229913579099524 0.0525529775547454
0.0186647652239887 0.0850981676818087 0.0162029992190482 -0.0214840398592547
0.0676422246619783 0.0570051683092781 -0.0331843094507719 -0.0673958073368755
0.0897838088319207 0.0265585600148876 -0.113496938683857 -0.0567946794096655
0.0974038443685383 0.0093471975165014 -0.178643204557897 -0.022582633339502
0.117950553324122 -0.00610954566172329 -0.21188225636453 0.000781742045805251
0.129877532836482 0.00151178934335691 -0.210678579942176 -0.0038207571677522
0.144628522737683 0.0186579520648361 -0.177454272687416 -0.0341793345828606
0.136133317203544 0.0746776334700587 -0.11454212836508 -0.065902171783085
0.0804936303944446 0.149381410146734 -0.041897812315939 -0.0460487239568977
-0.0320336745261943 0.200892305956818 -0.0592067006320032 0.0455545529502877
-0.157665755036717 0.140456446683034 -0.144167000594622 0.0514398507423704
-0.191548212854064 0.0562479087018089 -0.263652526003985 0.0106769104522475
-0.202145407009273 0.0234451790490296 -0.136254515185615 0.0871474182842742
-0.170868265593351 0.0746310662161915 -0.104187226059551 0.060371284191041
-0.107927805791281 0.13378712401946 -0.0326834577908789 0.050306274440539
0.00440737296293147 0.151679631152467 0.0122815591652087 -0.00556367446413903
0.0968152204460009 0.119839714559788 -0.0137955374069454 -0.0525535323628015
0.145019822303677 0.0620549315899024 -0.0812242017709852 -0.0530183839892632
0.165430938081789 0.0207003913860656 -0.128926589481378 -0.0251792854954989
0.191737817203968 -0.00615975401340079 -0.149922748915698 -0.00602897594372208
0.201708731404972 0.00250484127926221 -0.147308042947983 -0.00497842661542214
0.218769785183998 0.0246269217044178 -0.126160169754489 -0.0227689008189313
0.211216191565776 0.103458655839451 -0.0774516705759553 -0.0478100957626266
0.132929138646747 0.206713741861255 -0.022428227815067 -0.0327622447215899
-0.0158017395179573 0.283051694574964 -0.0370794575061873 0.0488539450062444
-0.192111808128679 0.225974793522842 -0.102359261444276 0.044893737456374
-0.263860338097261 0.108225628582004 -0.183235212007183 -0.00414049804080401
-0.253380756902299 0.0372154438069104 -0.0463344153578024 0.0621182707026908
-0.220856378410601 0.105347738609729 -0.0712256982070248 0.0288181185944622
-0.151375123915208 0.179119977209083 -0.0325784285163946 0.034813030180572
-0.00747629931522771 0.214199706923962 0.00484603621038557 0.0135282899257181
0.119133223738392 0.176128531893707 0.0109326920876745 -0.0198065680561599
0.18556913327494 0.0929781824588803 -0.0309604851951626 -0.0338247396782089
0.211244793501668 0.0298098745590599 -0.0564379613521469 -0.021188260267897
0.235778343154387 -0.00425638201854798 -0.0644984536015576 -0.0126741581308967
0.240394604128299 0.00159300415129165 -0.0623703078881775 -0.011788317972853
0.258374386892221 0.0231044668732109 -0.0562149628368025 -0.0177627901931512
0.253157573854431 0.108805982349075 -0.0259487892759008 -0.0333649655544635
0.165780835417895 0.226154612562122 0.00220240853623024 -0.0220580841455604
0.00531332315147416 0.31332082880057 -0.0135102123842993 0.0361767259892286
-0.189956592873107 0.269078811896443 -0.0528632009903387 0.0164090664746628
-0.2883258686398 0.140631021687909 -0.0824112484709289 -0.0352355454557416
-0.266213196272714 0.0477394307073411 0.0648385357451188 0.0366274698401488
-0.237238524669948 0.126980845315315 -0.00904275176896763 -0.00874402851078238
-0.166227017621505 0.204785277551096 -0.0187001599646628 0.0126298510209617
-0.01147170777619 0.243215234674474 0.00136100356175429 0.0360289516446105
0.125406225381045 0.201976247545216 0.0416298519945062 0.0257665166627455
0.197325680318655 0.108100397035687 0.0342227521134926 -0.00332337197498061
0.224252880703364 0.0319738916011637 0.0303317325672507 -0.0118465949906219
0.243340103947993 -0.00193616479159024 0.0318512380875094 -0.0178865024154127
0.241731661170669 0.00316516651919583 0.0288040520986789 -0.0200220240432271
0.251378599637445 0.0229290881243989 0.0170710970619597 -0.0161731465821586
0.242847014332733 0.10228635885136 0.026891127858013 -0.0206860734484868
0.1549272883834 0.209528994055907 0.0258256852356925 -0.0106822891031617
0.00845307072439696 0.281882982844685 0.00440875465115715 0.0170695382276483
-0.163643788770611 0.252377259185273 -0.00809714904713976 -0.0197367109813147
-0.266032804831005 0.141577039064825 0.0193460631118903 -0.0756502473608551
-0.231164113278063 0.0543931527101776 0.175517588392116 0.00928073367800342
-0.202423119994089 0.126780063795949 0.0654253460328482 -0.042893256769722
-0.138042309742035 0.184466260613524 0.00711379800589357 -0.00600944992431705
-0.00902267287625139 0.212959474670336 0.00705524828837012 0.0575198902963228
0.108424856180014 0.181711949994235 0.0749018324860717 0.0705675320117066
0.17325462727696 0.0987262979457497 0.10185944695594 0.0294068532948637
0.200011162836182 0.0283358435797363 0.117935321615459 -0.0028403639415567
0.213770383778587 0.00252237946585299 0.123251325582778 -0.020890631095819
0.207108263483083 0.00834980004463145 0.110266225200489 -0.0232889340246148
0.20423447109875 0.0298696066214856 0.0789683351147285 -0.00993467112430727
0.184638261149347 0.0922992409596553 0.0660661299212076 -0.00417903704969279
0.101632913030034 0.166957891109254 0.0394542217675636 0.00404530295120765
-0.00954887225377605 0.200321418680256 0.011790092935284 0.000785225014877296
-0.123478075276391 0.186348366237168 0.0261591946279356 -0.0474254446362818
-0.206339668367064 0.114595949414178 0.105423517372276 -0.109281605007696
-0.152777082369567 0.0520499536464656 0.262335294756375 -0.0153902240980558
-0.121834088578918 0.0966791730903242 0.128696650011937 -0.0680599653110206
-0.077864576480207 0.117501125608094 0.0354281315539708 -0.0197178974636701
-0.00590519706857112 0.133469628149749 0.0179189911946484 0.0679179019898107
0.0693977443025719 0.121466460588359 0.101144099069208 0.098932597834495
0.116061351044053 0.0691722725198868 0.157608087019083 0.0522859822533816
0.141388847594362 0.0187213314242894 0.189703269839079 0.00319274226532808
0.15250961006389 0.00593986753760674 0.19458868656651 -0.0208860142791805
0.144148097411803 0.0139289276348881 0.17173126945443 -0.0188301317116293
0.130694216519814 0.0351238821665956 0.12115238843101 0.00603375919059986
0.104398699488175 0.0752550485334176 0.0831963384671528 0.0194955548084523
0.0358433205736129 0.108769142269524 0.0385638086965155 0.021095242625427
-0.0271650016816324 0.101417900206628 0.0125815420516955 -0.0100529537537924
-0.0716271378695558 0.10131815301744 0.0510333047308718 -0.0596575859616556
-0.123453799137007 0.0727982682987735 0.16638657231156 -0.126665109401033
-0.0467596325078922 0.0350388226895581 0.309039263774054 -0.0351020432723223
-0.0227088976979305 0.0415429635191323 0.16936894019698 -0.0858802872708031
-0.0153598375399657 0.0241749522585477 0.0557429063144959 -0.0335049625533754
-0.0104783565932754 0.0354208649049089 0.0253309741889828 0.0641684558778376
0.0149293807232748 0.0452003895151516 0.114521148020743 0.106521517041171
0.0379114219291675 0.0303499482779266 0.191600379547502 0.0597972077753053
0.0588284573534221 0.00724139925855051 0.233602010818727 0.00474768691224025
0.0677977928058309 0.00725540759205091 0.237341423790108 -0.0184820683447547
0.0634640785249222 0.0129802913983175 0.206616412537324 -0.00697156692485766
0.0491790585322621 0.0312116270995174 0.140473512939114 0.026192940491392
0.0276473903168014 0.0459963865917355 0.0814273187201776 0.0440031068499525
-0.0119226748900824 0.0423905997829129 0.0250173798113845 0.0343673166599088
-0.0222326211842549 0.0110526485683882 0.009056706713208 -0.0202472581624361
-0.00854402982280912 0.026923673273605 0.0678572723426515 -0.0621297966236999
-0.0283992197173221 0.033882864009684 0.199647203240541 -0.12865931002853
-0.0454224020161123 -0.0118201554322864 -0.222606363584119 0.123405166224776
-0.0492999001371979 0.0120929091293247 -0.0906244722224906 0.100215131988653
-0.0135018504533545 0.0432871778671647 -0.0138293969038133 0.0472394472279868
0.0233946274975747 0.0250154308625234 0.0123110941468177 -0.032672977852968
0.0313259861960801 0.00250213663345437 -0.0490308712859949 -0.0683361651511639
0.0263992762399534 -0.00321876302559174 -0.125791967680777 -0.0515319312559757
0.0198361326456745 0.00137003129722629 -0.200535033635307 -0.0193087448537323
0.0284587410189858 -0.00500187604066833 -0.24355908275319 0.00110744905254769
0.0384283885189577 -0.00329766302311447 -0.243945958971883 -0.0131825665574629
0.0520198852524281 -0.00149154776319484 -0.202752031331839 -0.0534645158060339
0.0542062627331409 0.0229832109412651 -0.132344290790417 -0.0879571551403545
0.0350186459011382 0.0650532972562095 -0.0530091585052703 -0.063299061570679
-0.0252141300005712 0.0927670025286331 -0.0714711886213365 0.0239872620915141
-0.0854614537049085 0.0417460755826017 -0.169148918779903 0.0320859981889224
-0.0813573354173251 0.000965542111267295 -0.308661312761555 -0.0027679413740747
-0.129223342878712 0.0038420054134048 -0.19885474460318 0.103532477919041
-0.111197881083115 0.0402336036246702 -0.10975195559329 0.0822504867371703
-0.0601166131071865 0.0852850322671661 -0.0249505159610676 0.052143009696525
0.01556612038404 0.0853179218231962 0.0164705116908401 -0.0209008620505902
0.0656816044230111 0.0590074265062503 -0.0307860472313324 -0.0688857737118878
0.0889791337102471 0.0290663442746344 -0.110580174471163 -0.0607513589039455
0.0980615242108913 0.012968540111625 -0.177930082922587 -0.0276032804625763
0.119545654181506 -0.00269519590369116 -0.213615369123965 -0.00396655313947201
0.130492446008022 0.00517043003374485 -0.211820241018927 -0.010008067529508
0.144461543815558 0.0228144537106888 -0.176902972856448 -0.0392946307212735
0.134740758753984 0.079401504216612 -0.112638428375042 -0.0701618868274559
0.0756017295694683 0.152892661622955 -0.040522599687555 -0.0474912239485191
-0.0402733663139421 0.201417729429913 -0.0605151842104315 0.0443681933631984
-0.163739899029109 0.135717464067655 -0.147463444675415 0.0445413594240438
-0.194131342317334 0.0502381271181073 -0.26380494685545 0.00183384141751644
-0.203389685253323 0.0155149615493965 -0.140180771216817 0.0831827390792592
-0.174030963415611 0.0667731518799132 -0.107714575138362 0.0583539871106116
-0.113703161027232 0.129378750037601 -0.0350406676270087 0.048811746604891
-0.00123105021419547 0.151743837742685 0.0121185562799872 -0.00528739542982468
0.0930121883351126 0.12304707927146 -0.0113165669533159 -0.0533899221209963
0.143500838900772 0.0667218493366912 -0.0790634942964745 -0.0554179465361361
0.165498413261801 0.0264494571202836 -0.128464781245455 -0.028897554913876
0.193605318893873 0.000140922228929973 -0.1509914683611 -0.00863232876693126
0.203356393443572 0.00890149346405192 -0.147931881824191 -0.00999929954388523
0.219068209256276 0.0311109879163153 -0.126260169260085 -0.0256410469876235
0.209058515760096 0.110093233079697 -0.0768566469063986 -0.0508157291371374
0.125814618580366 0.212343746816629 -0.0214648199611215 -0.0341115619447103
-0.027432988870571 0.283742289202046 -0.0375042209813756 0.0489299162404661
-0.201872254197678 0.220499727407992 -0.104138023539871 0.0401718535884394
-0.268626296017798 0.0991415561702507 -0.181883155422269 -0.0102585414819513
-0.254978531988735 0.0272239056302767 -0.0496672778769444 0.0620152442706776
-0.225962423237754 0.0961579765140764 -0.0727795522587536 0.0281099345057024
-0.159439560401832 0.174837386578473 -0.035175983956874 0.0325997904898511
-0.0151140249934598 0.213847861424452 0.00411782923733017 0.0136850152716068
0.112921199058006 0.180001959045226 0.0122892345623316 -0.0200875198153802
0.183121990543935 0.0996147076516418 -0.029638524533999 -0.0345054175362891
0.211737989307476 0.0367221095479541 -0.0560591712601966 -0.0223665224597529
0.237891269708368 0.00258456759468493 -0.0647700434549879 -0.0135581825726021
0.242701719252791 0.00818069954353765 -0.0625181675185068 -0.0134318602607534
0.257514941226623 0.0303218894520493 -0.0561278920158944 -0.0181293707947375
0.250881971929931 0.115706975581382 -0.0263591137137275 -0.0345458890626903
0.158316078559997 0.232992187159419 0.00241935374644742 -0.0221832586905706
-0.00627234482453689 0.315907832938605 -0.013058453529197 0.0371474537209719
-0.20048283883707 0.263740562227588 -0.0531060063502505 0.014046915388592
-0.294719942220948 0.131184544299603 -0.0797324930376607 -0.0390262859764347
-0.268606407648919 0.0381800417761102 0.062825679675598 0.0394367085160309
-0.242650180442832 0.117267922495834 -0.00923225110104821 -0.00737043276309371
-0.17552521450866 0.200245592836079 -0.0201462440213611 0.011402788261046
-0.0210142155953471 0.242347396003441 0.000124102118591142 0.0368554396908106
0.119191404611268 0.206831628396351 0.0422090866136203 0.0268922207575319
0.194560126692804 0.115750622217555 0.0337080309827465 -0.00142293995059251
0.224955793660558 0.0398514051493371 0.030372466040133 -0.0107379709456304
0.245455501711901 0.0056413990609795 0.0323076467400578 -0.0169815770056617
0.243472407859172 0.0100822375889083 0.0290600355545131 -0.019382280985394
0.251278628168043 0.0308304441308602 0.0175138365684906 -0.0145533580805104
0.240104019726184 0.108888295126114 0.0263833100675472 -0.0200593629839363
0.147944664366185 0.214653310841155 0.0264364771549673 -0.00982136675230449
-0.00178516779572509 0.283461509363725 0.00490257711058462 0.0185607337673833
-0.173860512132487 0.248415963572923 -0.00644425458492428 -0.0207519133876294
-0.271801276477512 0.133437787780709 0.0239415406873458 -0.0765781509440381
-0.234976062120071 0.0456029936290653 0.174994650464088 0.0159878898606017
-0.20771120487659 0.118678809301313 0.0657369110337376 -0.0394258839547417
-0.146526642144169 0.180898494121276 0.00559201083824495 -0.00690900849838231
-0.0173076565406173 0.213652499362637 0.00506677345790907 0.0587826736937189
0.103196080338966 0.18567033346805 0.0738063724990007 0.0731570984531637
0.170669503255305 0.106191365278439 0.100449533683474 0.0334203564340295
0.199437217525627 0.0353577940511832 0.117804594527014 0.00144359409327238
0.215629459480461 0.00830730516280609 0.123242011077547 -0.0180503671039466
0.20867010746793 0.0144518173200187 0.111108534528022 -0.0205579238768981
0.203187347182805 0.0360355467713286 0.0799928423771704 -0.00625115422272277
0.182408963199398 0.0972088244490149 0.0649227557385553 -0.00203110032425144
0.0960580977306482 0.170012924275994 0.0395150425478707 0.00552294286001605
-0.0169834229837015 0.201980949141544 0.0133620668700584 0.00247341668521709
-0.130977575198205 0.182850361189304 0.029511756639399 -0.046657416247174
-0.212041819364902 0.107196503314151 0.110948404297119 -0.107447206287083
-0.156649554001522 0.0462283580208125 0.263573673513273 -0.00605152004202223
-0.125965162741613 0.0927873866465866 0.131407887963987 -0.06352491220218
-0.0832845031128478 0.115909233620142 0.0348074237771304 -0.0192547169285827
-0.0108666096678212 0.133687776138857 0.0160772404144138 0.0698812142776286
0.0660180472808906 0.124354459404239 0.0988142707481283 0.102803370984996
0.114596812857504 0.0744617159595824 0.155188303169166 0.0583579041168895
0.140499662035058 0.0238699069923882 0.189419927081492 0.0097403147572323
0.153315686551154 0.0102444701081537 0.195884217349855 -0.0166481096041349
0.145105227642421 0.0179269753037895 0.173047434263775 -0.0144818175470843
0.129411847051837 0.0395969130549023 0.121216105852139 0.00985987081341315
0.101885126208623 0.0780664304817367 0.0821922371705137 0.0226579920563822
0.0323811902468383 0.110044198166793 0.0374128417188173 0.0221895513991006
-0.0305409381008014 0.101365160492349 0.0127763090821 -0.00843762052686324
-0.0754328499799554 0.0987204669053717 0.054924790018121 -0.0577445287577294
-0.126910692914918 0.0679445182478993 0.171754914456997 -0.122727923897301
-0.049116225962805 0.0333762674740864 0.311030158869328 -0.0249437739633674
-0.0241808371447509 0.0412989806397735 0.172981582489889 -0.0797606511756932
-0.0164130927089965 0.0244262193671656 0.0566923446556228 -0.0320811042104443
-0.011637547644139 0.0347750052819156 0.0241219670771399 0.0659299524846383
0.0135554101446646 0.0454852834319634 0.111702485020462 0.111583267293439
0.0372359330302641 0.0325256511065904 0.188622370204478 0.067376041248386
0.0583616266943493 0.00922022339566841 0.234188514762654 0.0115249924119527
0.0682117978096743 0.00890216972187476 0.238556034843446 -0.0131430305025013
0.0641901772198231 0.0153472701678628 0.207137395320765 -0.00170630453278305
0.0485894268315419 0.0330602205366707 0.139894115918325 0.0307059658622218
0.0260580630838008 0.0468697121551795 0.0797063495855657 0.0469926266016239
-0.0131706229366231 0.0416057403465742 0.0236469503058335 0.0350730319586627
-0.0224880632945094 0.0108581130994787 0.00925890342679543 -0.0192551887528134
-0.00958488153117828 0.0264744764972593 0.0720710377178102 -0.060016218371876
-0.0310779964684429 0.0328218240659891 0.204412649526285 -0.123431587216056
