TRXV5
3
4
4
9
string Extension=J
integer IsArchMeasurement=1
integer IsSpherical=1
string Generator=SPM
string GeneratorVersion=1.3.1 Dev
double ArchRadius=0.449999988079071
integer FrequencyAxisIndex=0
integer AzimuthAxisIndex=1
integer ElevationAxisIndex=2
Frequency
5 136 690000000 960000000 LIN
Azimuth
7 8 0 2.74889357189107 LIN
Elevation
7 15 -2.74889357189107 2.74889357189107 LIN
Polar H Real Part
13
Polar H Imaginary Part
14
Polar V Real Part
13
Polar V Imaginary Part
14
Polar H Magnitude (dB)
12 0xC0000002 0 1
Polar H Phase
7 0xC0000003 0 1
Polar V Magnitude (dB)
12 0xC0000002 2 3
Polar V Phase
7 0xC0000003 2 3
-0.0343513488769531 -0.05908203125 0.158554077148437 0.0240631103515625
-0.0489082336425781 -0.04876708984375 0.109519958496094 0.00189971923828125
-0.0681037902832031 -0.00740432739257812 0.000775337219238276 -0.0115957260131836
-0.0472335815429688 0.02935791015625 -0.0573959350585938 0.0398330688476563
-0.0168342590332031 0.0325126647949219 -0.0634994506835937 0.0910263061523438
0.00518417358398438 0.0345535278320313 -0.0345458984375 0.167709350585938
0.017822265625 0.0359420776367188 0.0197906494140625 0.208572387695313
0.00980758666992188 0.0318527221679688 0.047882080078125 0.203231811523438
0.0173320770263672 0.0341758728027344 0.036376953125 0.186309814453125
0.00996017456054687 0.0453147888183594 -0.0012054443359375 0.156005859375
-0.00757980346679687 0.0515365600585938 -0.0021209716796875 0.094879150390625
-0.03436279296875 0.0546302795410156 0.0209732055664062 0.0462989807128906
-0.066558837890625 0.0152206420898438 0.0875701904296875 0.0436019897460938
-0.056396484375 -0.0224075317382813 0.200424194335938 0.1048583984375
-0.0400581359863281 -0.0191574096679688 0.235488891601562 0.234695434570313
-0.118049621582031 -0.119651794433594 0.138671875 0.0131912231445312
-0.13531494140625 -0.0998916625976563 0.100944519042969 -0.00161743164062501
-0.151687622070313 -0.034332275390625 0.0154008865356445 -0.0156002044677734
-0.134147644042969 0.034210205078125 -0.0479583740234375 0.0221214294433594
-0.085601806640625 0.0706405639648438 -0.0646591186523437 0.067169189453125
-0.0383987426757812 0.110427856445313 -0.045257568359375 0.150787353515625
0.00467681884765624 0.117706298828125 0.00720214843750001 0.184539794921875
-0.00205230712890624 0.105758666992188 0.039459228515625 0.177444458007813
0.00511932373046876 0.113777160644531 0.03240966796875 0.160995483398438
-0.0151824951171875 0.119735717773437 -3.81469726562654E-05 0.136039733886719
-0.0509872436523437 0.104393005371094 -0.000823974609375002 0.0724334716796875
-0.0928802490234375 0.0935592651367187 0.0252151489257812 0.0264663696289063
-0.140045166015625 0.0247879028320312 0.104667663574219 0.0263748168945313
-0.14276123046875 -0.043701171875 0.1982421875 0.088653564453125
-0.130935668945313 -0.0625381469726563 0.22222900390625 0.214630126953125
-0.185897827148437 -0.164932250976563 0.0909652709960938 -0.0181732177734375
-0.204330444335937 -0.13836669921875 0.0725784301757812 -0.0152130126953125
-0.218185424804688 -0.0584716796875 0.0253810882568359 -0.0171394348144531
-0.205215454101563 0.0323944091796875 -0.0288410186767578 0.00336647033691406
-0.144882202148438 0.096588134765625 -0.0503005981445313 0.0355339050292969
-0.0796356201171875 0.169570922851562 -0.0441207885742188 0.110313415527344
-0.00982666015624999 0.182540893554688 -0.004638671875 0.131126403808594
-0.013671875 0.1650390625 0.0240020751953125 0.123542785644531
-0.00596618652343751 0.177642822265625 0.019744873046875 0.112327575683594
-0.0339813232421875 0.181396484375 -0.00252532958984374 0.096923828125
-0.0844268798828125 0.151077270507813 -0.00224685668945313 0.0400810241699219
-0.137847900390625 0.128486633300781 0.0259933471679687 0.00490570068359376
-0.1981201171875 0.0382843017578125 0.108497619628906 0.010345458984375
-0.211151123046875 -0.052001953125 0.168548583984375 0.0717926025390625
-0.205291748046875 -0.0924224853515625 0.17779541015625 0.179916381835937
-0.227249145507812 -0.17816162109375 0.0246315002441406 -0.0616264343261719
-0.245285034179687 -0.150070190429688 0.0261344909667969 -0.0358009338378906
-0.252365112304688 -0.0637969970703125 0.0254497528076172 -0.017669677734375
-0.241897583007812 0.03289794921875 -0.00683021545410158 -0.0157718658447266
-0.17852783203125 0.110153198242188 -0.0275287628173828 -0.00297737121582031
-0.107757568359375 0.2020263671875 -0.0344734191894531 0.0514907836914063
-0.02435302734375 0.2177734375 -0.0140495300292969 0.0566558837890625
-0.023712158203125 0.198348999023437 0.00458526611328124 0.0516853332519531
-0.0169830322265625 0.216232299804688 0.00146484375 0.0474891662597656
-0.049652099609375 0.217605590820313 -0.00811386108398438 0.0421905517578125
-0.108673095703125 0.176834106445313 -0.00542640686035157 0.000965595245361338
-0.1663818359375 0.146987915039063 0.0234127044677734 -0.0160579681396484
-0.230743408203125 0.0442047119140625 0.096588134765625 -0.000518798828124997
-0.249176025390625 -0.054962158203125 0.116439819335937 0.0570755004882813
-0.248291015625 -0.107208251953125 0.11041259765625 0.135269165039063
-0.234573364257813 -0.162017822265625 -0.05499267578125 -0.108970642089844
-0.24749755859375 -0.130508422851563 -0.0312652587890625 -0.0593986511230469
-0.243362426757813 -0.0510711669921875 0.0143280029296875 -0.0215435028076172
-0.233810424804688 0.0329132080078125 0.0120849609375 -0.036956787109375
-0.177780151367188 0.106903076171875 -0.00307083129882814 -0.0443687438964844
-0.1153564453125 0.20147705078125 -0.0216865539550781 -0.0167484283447266
-0.0323028564453125 0.218994140625 -0.0226364135742188 -0.0262012481689453
-0.03094482421875 0.201934814453125 -0.0162601470947266 -0.0280609130859375
-0.02783203125 0.221725463867188 -0.0174636840820313 -0.0248126983642578
-0.0623931884765625 0.21844482421875 -0.0143375396728516 -0.0202980041503906
-0.120651245117187 0.173309326171875 -0.00861740112304689 -0.0413818359375
-0.175445556640625 0.137527465820313 0.0192642211914062 -0.0356597900390625
-0.230484008789062 0.034820556640625 0.0755462646484375 -0.0060882568359375
-0.24737548828125 -0.0586242675781251 0.0498275756835937 0.0454978942871094
-0.251846313476563 -0.10888671875 0.0313034057617187 0.0862045288085937
-0.204864501953125 -0.116806030273438 -0.1319580078125 -0.148391723632813
-0.206283569335937 -0.0891876220703125 -0.0873184204101563 -0.0795135498046875
-0.190536499023438 -0.0297088623046875 -0.00560569763183595 -0.0258026123046875
-0.18194580078125 0.02734375 0.0204010009765625 -0.0560111999511719
-0.143569946289063 0.0847320556640625 0.0148391723632812 -0.0791091918945313
-0.101165771484375 0.168060302734375 -0.0108261108398438 -0.0809783935546875
-0.0350494384765625 0.186935424804687 -0.0304412841796875 -0.102943420410156
-0.03369140625 0.1756591796875 -0.0337295532226562 -0.102973937988281
-0.036468505859375 0.19512939453125 -0.0308761596679688 -0.094879150390625
-0.07049560546875 0.184860229492188 -0.0134811401367187 -0.0811920166015625
-0.120063781738281 0.136848449707031 -0.00353240966796876 -0.0776214599609375
-0.1610107421875 0.100326538085938 0.0190238952636719 -0.050201416015625
-0.194427490234375 0.0110321044921875 0.0496673583984375 -0.00874710083007813
-0.204483032226563 -0.0607452392578125 -0.0157947540283203 0.0311145782470703
-0.215469360351563 -0.09661865234375 -0.0440025329589844 0.0359039306640625
-0.141983032226562 -0.05743408203125 -0.19390869140625 -0.175643920898438
-0.127967834472656 -0.0424270629882812 -0.134162902832031 -0.0924453735351563
-0.108268737792969 -0.0126419067382812 -0.0312328338623047 -0.0279102325439453
-0.104866027832031 0.0113601684570312 0.017730712890625 -0.0659904479980469
-0.0906600952148438 0.045806884765625 0.0216751098632812 -0.0998687744140625
-0.0752029418945313 0.109474182128906 -0.00465393066406249 -0.130241394042969
-0.0336151123046875 0.126876831054688 -0.0367279052734375 -0.162368774414062
-0.0305404663085938 0.123245239257813 -0.0466461181640625 -0.16278076171875
-0.0399017333984375 0.138252258300781 -0.0352783203125 -0.152099609375
-0.0666351318359375 0.122444152832031 -0.00181579589843752 -0.130767822265625
-0.0980453491210938 0.0793685913085937 0.00989532470703126 -0.101974487304688
-0.118751525878906 0.0475234985351563 0.0247459411621094 -0.0571556091308594
-0.126274108886719 -0.01165771484375 0.026519775390625 -0.0110664367675781
-0.130401611328125 -0.0502548217773438 -0.0689353942871094 0.01251220703125
-0.149017333984375 -0.0657806396484375 -0.103408813476563 -0.0105819702148438
-0.0552635192871094 0.00604629516601563 -0.235443115234375 -0.186630249023438
-0.0299854278564453 -0.00269889831542969 -0.166763305664063 -0.093902587890625
-0.0162458419799805 -0.00616073608398438 -0.0574913024902344 -0.0222091674804687
-0.0231704711914063 -0.0143318176269531 0.007171630859375 -0.0626182556152344
-0.0341434478759766 -0.00227165222167969 0.0213775634765625 -0.103004455566406
-0.0442962646484375 0.0348739624023437 -0.0039825439453125 -0.156600952148438
-0.0295753479003906 0.0487289428710937 -0.0410614013671875 -0.197296142578125
-0.0238189697265625 0.0520401000976562 -0.052490234375 -0.198501586914062
-0.0349159240722656 0.0606918334960937 -0.03167724609375 -0.186920166015625
-0.0453300476074219 0.0434150695800781 0.017181396484375 -0.159011840820313
-0.05145263671875 0.0161056518554688 0.028961181640625 -0.110237121582031
-0.0492172241210938 -6.48498535156346E-05 0.0327072143554688 -0.0552902221679688
-0.0389060974121094 -0.0153427124023437 0.00688552856445312 -0.0118780136108398
-0.0413284301757813 -0.0174560546875 -0.101905822753906 -0.00734710693359377
-0.0648345947265625 -0.0173263549804687 -0.139701843261719 -0.0458297729492188
-0.0384674072265625 -0.0581169128417969 0.170852661132812 0.0160980224609375
-0.0528831481933594 -0.0469093322753906 0.117805480957031 -0.00507354736328125
-0.06915283203125 -0.00378799438476562 0.00181007385253906 -0.0122661590576172
-0.0456733703613281 0.032684326171875 -0.0561904907226563 0.0464591979980469
-0.0151653289794922 0.0339393615722656 -0.0596466064453125 0.0998306274414063
0.00762557983398437 0.0341625213623047 -0.023529052734375 0.177001953125
0.0199050903320312 0.0352249145507813 0.0383148193359375 0.215484619140625
0.0125293731689453 0.0319652557373047 0.0676422119140625 0.2083740234375
0.0208892822265625 0.0326995849609375 0.0542144775390625 0.192596435546875
0.0135002136230469 0.0451736450195313 0.010650634765625 0.164276123046875
-0.0034332275390625 0.0533485412597656 0.0040130615234375 0.099609375
-0.0301628112792969 0.0584983825683594 0.0244522094726562 0.0475959777832031
-0.0662422180175781 0.0211753845214844 0.093170166015625 0.0389175415039063
-0.06011962890625 -0.018035888671875 0.216171264648438 0.0923919677734375
-0.0416259765625 -0.0156059265136719 0.260818481445313 0.2264404296875
-0.131179809570313 -0.115333557128906 0.148681640625 0.00738525390624999
-0.146774291992188 -0.0929718017578125 0.108428955078125 -0.00659179687500001
-0.158432006835938 -0.026123046875 0.0171318054199219 -0.0179481506347656
-0.136184692382813 0.044464111328125 -0.0477142333984375 0.0271224975585938
-0.0835342407226563 0.0781784057617188 -0.062225341796875 0.0760955810546875
-0.0308380126953125 0.116737365722656 -0.0338287353515625 0.160614013671875
0.0144195556640625 0.12054443359375 0.0229034423828125 0.19189453125
0.00711822509765625 0.110404968261719 0.057159423828125 0.181472778320313
0.0145645141601563 0.11749267578125 0.0475006103515625 0.166091918945313
-0.00587463378906251 0.125389099121094 0.0107574462890625 0.143783569335938
-0.045257568359375 0.112457275390625 0.00455474853515624 0.0774307250976563
-0.0887603759765625 0.104232788085938 0.0271930694580078 0.0273246765136719
-0.14227294921875 0.0359039306640625 0.10986328125 0.0191802978515625
-0.151748657226563 -0.034759521484375 0.213150024414063 0.07684326171875
-0.140899658203125 -0.053680419921875 0.24603271484375 0.207260131835938
-0.205795288085937 -0.15753173828125 0.09759521484375 -0.022308349609375
-0.221588134765625 -0.12884521484375 0.0770797729492187 -0.0185699462890625
-0.229171752929687 -0.046295166015625 0.0262851715087891 -0.0198936462402344
-0.21160888671875 0.04864501953125 -0.0297641754150391 0.00754928588867188
-0.1444091796875 0.111068725585938 -0.048736572265625 0.0418205261230469
-0.06903076171875 0.181320190429688 -0.0347900390625 0.118377685546875
0.00367736816406251 0.18927001953125 0.007781982421875 0.137687683105469
-0.000778198242187501 0.17303466796875 0.0370254516601563 0.126838684082031
0.00880432128906249 0.185958862304688 0.0311279296875 0.116973876953125
-0.0204315185546875 0.1915283203125 0.00624847412109375 0.102958679199219
-0.0768585205078125 0.164077758789063 0.0013275146484375 0.0442352294921875
-0.134246826171875 0.145004272460938 0.0270404815673828 0.00499343872070313
-0.202438354492188 0.0536346435546875 0.112518310546875 0.00249481201171875
-0.224472045898438 -0.03961181640625 0.179977416992188 0.061920166015625
-0.221771240234375 -0.0801849365234375 0.196212768554688 0.174957275390625
-0.250579833984375 -0.170028686523438 0.0248527526855469 -0.0620613098144531
-0.266448974609375 -0.1373291015625 0.0266799926757812 -0.0367279052734375
-0.266006469726562 -0.0494537353515625 0.026519775390625 -0.0209274291992188
-0.250747680664063 0.05181884765625 -0.0078554153442383 -0.0143594741821289
-0.178680419921875 0.128005981445312 -0.0262336730957031 0.000577926635742193
-0.0957183837890625 0.217666625976563 -0.0283622741699219 0.0568122863769531
-0.00628662109375002 0.2276611328125 -0.00868988037109376 0.0611495971679688
-0.00752258300781252 0.209793090820313 0.0101776123046875 0.0538253784179688
0.000686645507812515 0.227767944335938 0.00751113891601563 0.0500411987304688
-0.033905029296875 0.230804443359375 -0.00323104858398438 0.0460777282714844
-0.0999298095703125 0.1939697265625 -0.00455951690673829 0.00336837768554689
-0.163192749023438 0.166900634765625 0.0230140686035156 -0.0161228179931641
-0.236495971679687 0.0621185302734375 0.100227355957031 -0.0080718994140625
-0.26434326171875 -0.04144287109375 0.124076843261719 0.0511016845703125
-0.268264770507813 -0.093536376953125 0.12286376953125 0.133796691894531
-0.257675170898438 -0.152175903320313 -0.0616989135742187 -0.106239318847656
-0.26776123046875 -0.11846923828125 -0.0354537963867188 -0.0567741394042969
-0.25823974609375 -0.036834716796875 0.0145778656005859 -0.0232620239257813
-0.243057250976563 0.0522308349609375 0.0103187561035156 -0.0380401611328125
-0.178665161132812 0.125167846679688 -0.00354766845703126 -0.0448265075683594
-0.102645874023437 0.218612670898438 -0.0198554992675781 -0.0154743194580078
-0.0147857666015625 0.229385375976563 -0.0245418548583984 -0.0242881774902344
-0.0144195556640625 0.21435546875 -0.01824951171875 -0.027252197265625
-0.0095367431640625 0.235702514648437 -0.0186519622802734 -0.0238246917724609
-0.0465545654296875 0.234115600585938 -0.0138034820556641 -0.0186634063720703
-0.11309814453125 0.191070556640625 -0.00989532470703126 -0.03961181640625
-0.173538208007813 0.1583251953125 0.0179786682128906 -0.0359649658203125
-0.237579345703125 0.0523223876953125 0.07769775390625 -0.012542724609375
-0.263442993164063 -0.044403076171875 0.0542221069335937 0.0447769165039063
-0.273101806640625 -0.0953826904296875 0.0367507934570312 0.0885467529296875
-0.2235107421875 -0.109649658203125 -0.145431518554688 -0.142807006835937
-0.222610473632812 -0.0794830322265625 -0.0967025756835938 -0.0741500854492188
-0.202529907226563 -0.0179443359375 -0.00658798217773439 -0.0267353057861328
-0.190261840820313 0.042755126953125 0.0174217224121094 -0.0590057373046875
-0.14508056640625 0.099853515625 0.0121383666992187 -0.08251953125
-0.0919036865234375 0.183517456054688 -0.0136489868164063 -0.0836105346679688
-0.0196075439453125 0.196914672851563 -0.0385208129882813 -0.104011535644531
-0.0192413330078125 0.187393188476562 -0.0432357788085938 -0.103591918945312
-0.02069091796875 0.207916259765625 -0.0386276245117187 -0.0959548950195312
-0.05816650390625 0.199798583984375 -0.0177764892578125 -0.08282470703125
-0.114898681640625 0.153793334960938 -0.00811767578125 -0.0785369873046875
-0.161392211914063 0.118911743164062 0.0170211791992187 -0.0511436462402344
-0.2021484375 0.0250244140625 0.0504379272460937 -0.0135917663574219
-0.219650268554688 -0.05023193359375 -0.0158367156982422 0.0347156524658203
-0.234939575195313 -0.0860137939453125 -0.0457344055175781 0.0417556762695312
-0.152557373046875 -0.052215576171875 -0.212753295898437 -0.166976928710938
-0.137870788574219 -0.0366897583007813 -0.146392822265625 -0.0848388671875
-0.115219116210938 -0.00640106201171877 -0.0342998504638672 -0.0269546508789063
-0.111175537109375 0.0204010009765625 0.0140151977539062 -0.06964111328125
-0.092987060546875 0.0557098388671875 0.0172653198242187 -0.105255126953125
-0.0685272216796875 0.121185302734375 -0.0117950439453125 -0.135055541992188
-0.0228271484375 0.134429931640625 -0.0505523681640625 -0.166244506835938
-0.02032470703125 0.1326904296875 -0.0615386962890625 -0.164901733398438
-0.0286712646484375 0.14935302734375 -0.0486907958984375 -0.155120849609375
-0.0584793090820313 0.133888244628906 -0.0101394653320312 -0.134971618652344
-0.0963821411132813 0.0914077758789062 0.00473785400390625 -0.105499267578125
-0.121246337890625 0.06048583984375 0.0217323303222656 -0.0595283508300781
-0.132926940917969 -0.00253295898437499 0.0258464813232422 -0.0144824981689453
-0.141769409179688 -0.04449462890625 -0.0729904174804688 0.0189971923828125
-0.162353515625 -0.0595855712890625 -0.111099243164063 -0.00340270996093749
-0.0571975708007813 0.007720947265625 -0.256256103515625 -0.176513671875
-0.0328521728515625 -0.00288963317871094 -0.180892944335938 -0.08465576171875
-0.0195598602294922 -0.0059051513671875 -0.0602035522460938 -0.0195121765136719
-0.0279598236083984 -0.0124111175537109 0.00376510620117187 -0.0661964416503906
-0.037567138671875 0.0016021728515625 0.0158920288085937 -0.109901428222656
-0.0429534912109375 0.0414466857910156 -0.01397705078125 -0.16375732421875
-0.02545166015625 0.053436279296875 -0.05914306640625 -0.201904296875
-0.01885986328125 0.0577888488769531 -0.071563720703125 -0.201507568359375
-0.0296173095703125 0.067657470703125 -0.0470428466796875 -0.19232177734375
-0.0430984497070313 0.0510482788085937 0.00593566894531249 -0.1666259765625
-0.0528984069824219 0.0226707458496094 0.0228042602539062 -0.115898132324219
-0.0523262023925781 0.00521469116210938 0.0298385620117187 -0.0589561462402344
-0.0427436828613281 -0.0120773315429687 0.00481033325195312 -0.0144548416137695
-0.0467147827148438 -0.0166244506835937 -0.109466552734375 0.000595092773437486
-0.0710296630859375 -0.0149078369140625 -0.151840209960938 -0.0379486083984375
-0.0414581298828125 -0.0546760559082031 0.177017211914063 0.0065155029296875
-0.0542640686035156 -0.0437469482421875 0.122177124023438 -0.0125274658203125
-0.0680885314941406 -0.00077438354492189 0.00272846221923828 -0.0123815536499023
-0.0438117980957031 0.0340309143066406 -0.0524368286132813 0.0514297485351563
-0.0134449005126953 0.0340518951416016 -0.053466796875 0.105308532714844
0.00990676879882812 0.0330219268798828 -0.0112762451171875 0.180343627929687
0.0214767456054688 0.0333995819091797 0.0549468994140625 0.214569091796875
0.0143394470214844 0.0303134918212891 0.084625244140625 0.20440673828125
0.0231246948242188 0.0306911468505859 0.0689697265625 0.191024780273438
0.0170478820800781 0.0439949035644531 0.0220489501953125 0.166305541992188
0.000404357910156248 0.0532073974609375 0.01043701171875 0.101486206054688
-0.024688720703125 0.0596466064453125 0.0271034240722656 0.0469436645507813
-0.0636138916015625 0.0254096984863281 0.0957794189453125 0.03314208984375
-0.0608863830566406 -0.0131988525390625 0.22418212890625 0.0765838623046875
-0.0407981872558594 -0.0112800598144531 0.275985717773438 0.209625244140625
-0.13916015625 -0.106422424316406 0.154708862304688 -0.000579833984375007
-0.1522216796875 -0.0841522216796875 0.112258911132812 -0.0127716064453125
-0.159271240234375 -0.017578125 0.0174617767333984 -0.0187397003173828
-0.134323120117188 0.0520553588867187 -0.0449867248535156 0.0321006774902344
-0.0795211791992188 0.0843887329101563 -0.056060791015625 0.0821075439453125
-0.0234298706054688 0.118087768554688 -0.021087646484375 0.164337158203125
0.0224227905273438 0.119979858398437 0.0390472412109375 0.191802978515625
0.014617919921875 0.110374450683594 0.071807861328125 0.178695678710937
0.023406982421875 0.116806030273437 0.0615081787109375 0.165328979492188
0.00311279296875 0.126220703125 0.0217132568359375 0.145462036132813
-0.0383148193359375 0.116966247558594 0.0099334716796875 0.0794219970703125
-0.0817031860351563 0.111190795898438 0.029083251953125 0.0274028778076172
-0.140373229980469 0.044647216796875 0.111465454101562 0.0121383666992188
-0.1551513671875 -0.0249481201171875 0.219207763671875 0.0626983642578125
-0.144699096679688 -0.0434722900390625 0.259765625 0.192703247070313
-0.217849731445313 -0.144241333007813 0.100738525390625 -0.026123046875
-0.23040771484375 -0.115097045898438 0.0794754028320312 -0.0220794677734375
-0.233200073242187 -0.03289794921875 0.0264911651611328 -0.0217971801757813
-0.210067749023438 0.062347412109375 -0.0283622741699219 0.0110702514648438
-0.138526916503906 0.121109008789063 -0.0446891784667969 0.0469551086425781
-0.05682373046875 0.185440063476563 -0.0242843627929688 0.121818542480469
0.017608642578125 0.188980102539063 0.0194549560546875 0.138313293457031
0.0125732421875 0.175308227539062 0.0477828979492188 0.125480651855469
0.023101806640625 0.186859130859375 0.0412445068359375 0.115715026855469
-0.00656127929687499 0.194595336914063 0.015289306640625 0.1051025390625
-0.066558837890625 0.17156982421875 0.00548553466796875 0.0469207763671875
-0.124893188476563 0.156463623046875 0.027740478515625 0.00588417053222657
-0.200241088867187 0.06591796875 0.112770080566406 -0.00493621826171875
-0.229843139648438 -0.0259246826171875 0.184829711914062 0.0507354736328125
-0.22894287109375 -0.0650787353515625 0.207855224609375 0.164291381835938
-0.265167236328125 -0.155166625976563 0.0243797302246094 -0.0611343383789063
-0.277252197265625 -0.121414184570312 0.026611328125 -0.0361404418945313
-0.271286010742187 -0.03424072265625 0.0262203216552734 -0.0225906372070313
-0.250381469726563 0.0687408447265625 -0.00810909271240236 -0.0121126174926758
-0.17230224609375 0.141189575195313 -0.0247287750244141 0.00348663330078126
-0.0809478759765625 0.224945068359375 -0.0213470458984375 0.0592079162597656
0.010040283203125 0.228439331054687 -0.00294876098632812 0.0631141662597656
0.00819396972656249 0.2125244140625 0.0156898498535156 0.0534706115722656
0.018829345703125 0.230789184570313 0.0123405456542969 0.0501708984375
-0.017059326171875 0.235687255859375 0.00234222412109374 0.0482101440429688
-0.08856201171875 0.203033447265625 -0.0025782585144043 0.00628232955932618
-0.153396606445313 0.181121826171875 0.0226325988769531 -0.0150527954101562
-0.234085083007813 0.0767059326171875 0.0993804931640625 -0.0154190063476562
-0.270065307617187 -0.025909423828125 0.128265380859375 0.044158935546875
-0.2777099609375 -0.0765533447265625 0.1309814453125 0.128410339355469
-0.270919799804688 -0.138351440429688 -0.065673828125 -0.100212097167969
-0.278427124023438 -0.102447509765625 -0.0380287170410156 -0.0519485473632813
-0.26220703125 -0.02130126953125 0.013671875 -0.0238571166992188
-0.242904663085937 0.0694580078125 0.00846099853515623 -0.0370445251464844
-0.172714233398438 0.138961791992188 -0.00431442260742189 -0.0435562133789063
-0.0876312255859375 0.226364135742188 -0.0165414810180664 -0.0138778686523437
0.002227783203125 0.2315673828125 -0.0248317718505859 -0.0216999053955078
0.00276184082031248 0.218414306640625 -0.0191497802734375 -0.0254287719726562
0.009521484375 0.23919677734375 -0.0189876556396484 -0.0225105285644531
-0.0298004150390625 0.240829467773438 -0.0125370025634766 -0.0168323516845703
-0.101730346679687 0.202072143554688 -0.0106468200683594 -0.0369415283203125
-0.164306640625 0.173583984375 0.0162220001220703 -0.0349445343017578
-0.236373901367188 0.066864013671875 0.0761184692382812 -0.0186233520507812
-0.270370483398438 -0.03021240234375 0.0562324523925781 0.0424003601074219
-0.28338623046875 -0.079010009765625 0.0411834716796875 0.0880279541015625
-0.2335205078125 -0.09832763671875 -0.152786254882813 -0.132171630859375
-0.230728149414062 -0.06744384765625 -0.101638793945313 -0.066070556640625
-0.206253051757813 -0.00639343261718751 -0.00821685791015626 -0.0263137817382813
-0.191619873046875 0.0568084716796875 0.0142288208007812 -0.058807373046875
-0.140899658203125 0.112319946289063 0.00939941406249999 -0.0837249755859375
-0.0785980224609375 0.191696166992188 -0.0156936645507812 -0.0838394165039062
-0.00521850585937501 0.199264526367188 -0.0452041625976563 -0.100944519042969
-0.00344848632812499 0.191864013671875 -0.0500946044921875 -0.100517272949219
-0.00334167480468748 0.212814331054688 -0.0446548461914063 -0.0936050415039062
-0.0432281494140625 0.207107543945313 -0.0213851928710938 -0.0815658569335937
-0.106155395507813 0.16473388671875 -0.0110321044921875 -0.0769729614257813
-0.154739379882813 0.133010864257813 0.0141258239746094 -0.0509414672851562
-0.20245361328125 0.0377655029296875 0.0487594604492187 -0.0183029174804687
-0.22711181640625 -0.0382385253906251 -0.0150489807128906 0.0371513366699219
-0.245269775390625 -0.07159423828125 -0.0452423095703125 0.0459442138671875
-0.15850830078125 -0.0456390380859375 -0.223098754882813 -0.153579711914062
-0.143035888671875 -0.03082275390625 -0.153762817382812 -0.074310302734375
-0.118339538574219 0.000808715820312488 -0.035552978515625 -0.0246429443359375
-0.113418579101563 0.028656005859375 0.00955200195312499 -0.0704574584960938
-0.0915908813476562 0.064605712890625 0.0129165649414062 -0.107330322265625
-0.06005859375 0.127365112304688 -0.0188751220703125 -0.136253356933594
-0.0123443603515625 0.137351989746094 -0.0627899169921875 -0.163421630859375
-0.00847625732421876 0.136459350585937 -0.0738372802734375 -0.160888671875
-0.015625 0.154510498046875 -0.0595245361328125 -0.152755737304688
-0.0483245849609375 0.141738891601563 -0.0175399780273438 -0.135368347167969
-0.0911407470703125 0.101058959960938 -0.00109100341796876 -0.105987548828125
-0.118400573730469 0.0715560913085938 0.0183906555175781 -0.0597190856933594
-0.135200500488281 0.00584411621093748 0.0234775543212891 -0.0169734954833984
-0.148727416992188 -0.0368194580078125 -0.074127197265625 0.0253067016601562
-0.170928955078125 -0.0499114990234375 -0.115188598632813 0.0045013427734375
-0.0574111938476563 0.00807189941406251 -0.267959594726563 -0.160293579101562
-0.034942626953125 -0.00306320190429687 -0.188201904296875 -0.072906494140625
-0.0215473175048828 -0.00565719604492188 -0.0609588623046875 -0.0151939392089844
-0.0305614471435547 -0.0104789733886719 6.48498535156247E-05 -0.0667915344238281
-0.0392227172851563 0.00545883178710937 0.0109329223632812 -0.113510131835938
-0.0403366088867188 0.0462913513183594 -0.0239410400390625 -0.16522216796875
-0.0206108093261719 0.0562362670898438 -0.073944091796875 -0.19927978515625
-0.0129547119140625 0.0606117248535156 -0.0872650146484375 -0.196731567382813
-0.0232009887695313 0.0723037719726563 -0.0615692138671875 -0.190231323242188
-0.0383071899414063 0.055816650390625 -0.00456237792968749 -0.169235229492188
-0.0514106750488281 0.0274925231933594 0.0166015625 -0.117500305175781
-0.0527267456054688 0.011566162109375 0.02630615234375 -0.0605087280273438
-0.0450973510742187 -0.00916290283203126 0.00178813934326172 -0.0149717330932617
-0.0504226684570313 -0.0151023864746094 -0.11224365234375 0.00828552246093749
-0.0751419067382813 -0.0114593505859375 -0.157989501953125 -0.0284423828125
-0.0417633056640625 -0.0513191223144531 0.179901123046875 0.00152587890625
-0.0541725158691406 -0.0415229797363281 0.124519348144531 -0.0167236328125
-0.0658950805664063 0.000148773193359385 0.00426006317138671 -0.0130739212036133
-0.0420417785644531 0.0336418151855469 -0.0489120483398438 0.0537605285644531
-0.0126590728759766 0.0330467224121094 -0.0487518310546875 0.107032775878906
0.0101222991943359 0.0307750701904297 -0.00369262695312501 0.180419921875
0.0220069885253906 0.0319404602050781 0.0647735595703125 0.210983276367188
0.0148239135742188 0.0291099548339844 0.09393310546875 0.199249267578125
0.0239391326904297 0.02862548828125 0.0778045654296875 0.187713623046875
0.0187492370605469 0.0425567626953125 0.028961181640625 0.166229248046875
0.00275802612304687 0.0523300170898437 0.0135345458984375 0.102035522460938
-0.0215225219726562 0.0594367980957031 0.0276336669921875 0.0465087890625
-0.061126708984375 0.0272865295410156 0.0959091186523438 0.0299606323242188
-0.0598831176757812 -0.00961685180664064 0.225662231445313 0.0668182373046875
-0.0389938354492188 -0.00852203369140624 0.280349731445313 0.197906494140625
-0.141677856445313 -0.099456787109375 0.15728759765625 -0.00331115722656251
-0.152755737304688 -0.07794189453125 0.114097595214844 -0.0160293579101563
-0.157379150390625 -0.014129638671875 0.0182018280029297 -0.0190296173095703
-0.131515502929688 0.0551910400390625 -0.0425033569335938 0.0350608825683594
-0.0759429931640625 0.085205078125 -0.0515899658203125 0.0848922729492188
-0.0189056396484375 0.116485595703125 -0.0136260986328125 0.164276123046875
0.0263824462890625 0.117408752441406 0.0479736328125 0.190093994140625
0.0186920166015625 0.109611511230469 0.0811004638671875 0.17364501953125
0.028533935546875 0.115196228027344 0.0689697265625 0.16168212890625
0.00851440429687501 0.125732421875 0.028778076171875 0.145858764648438
-0.0334854125976563 0.117668151855469 0.013214111328125 0.0804367065429688
-0.0765304565429688 0.113540649414063 0.0296173095703125 0.0282020568847656
-0.137184143066406 0.048614501953125 0.110267639160156 0.0081024169921875
-0.155227661132813 -0.0194091796875 0.220123291015625 0.0530548095703125
-0.144195556640625 -0.0373382568359375 0.263290405273438 0.182861328125
-0.221847534179688 -0.135345458984375 0.102798461914062 -0.0268783569335938
-0.23211669921875 -0.105743408203125 0.0806884765625 -0.0229949951171875
-0.231170654296875 -0.027587890625 0.0271587371826172 -0.0219039916992188
-0.207107543945313 0.0685577392578125 -0.0268115997314453 0.0139312744140625
-0.134033203125 0.124977111816406 -0.0406684875488281 0.0494499206542969
-0.0488433837890625 0.185440063476562 -0.0167770385742188 0.1220703125
0.0250701904296875 0.186004638671875 0.0261459350585937 0.137786865234375
0.0205230712890625 0.173416137695313 0.0543975830078125 0.122467041015625
0.03228759765625 0.185455322265625 0.0474166870117188 0.114181518554688
0.00154113769531248 0.19403076171875 0.02142333984375 0.1053466796875
-0.0600738525390625 0.17425537109375 0.0082550048828125 0.0480384826660156
-0.118179321289062 0.160858154296875 0.0275917053222656 0.00725746154785157
-0.195892333984375 0.0715484619140625 0.110328674316406 -0.00966644287109374
-0.230728149414063 -0.0188140869140625 0.185928344726562 0.04339599609375
-0.22991943359375 -0.055908203125 0.211181640625 0.156967163085937
-0.270294189453125 -0.14501953125 0.0252227783203125 -0.0589218139648438
-0.280044555664063 -0.111160278320312 0.027475357055664 -0.0343093872070313
-0.270172119140625 -0.0259857177734375 0.0262031555175781 -0.0228595733642578
-0.247360229492188 0.0782623291015626 -0.00752830505371095 -0.00926589965820312
-0.167495727539063 0.146820068359375 -0.0220108032226563 0.00557708740234376
-0.071502685546875 0.225845336914063 -0.0158729553222656 0.0599136352539063
0.019317626953125 0.225433349609375 0.00185775756835937 0.0638656616210938
0.01806640625 0.212203979492188 0.0190811157226563 0.0530281066894531
0.029815673828125 0.22943115234375 0.015960693359375 0.0496482849121094
-0.00672912597656251 0.236007690429688 0.006591796875 0.0486183166503906
-0.081085205078125 0.207290649414062 -2.4318695068364E-05 0.00831890106201173
-0.14617919921875 0.187347412109375 0.0227184295654297 -0.0134563446044922
-0.230972290039063 0.08380126953125 0.0968780517578125 -0.0196533203125
-0.272171020507813 -0.0176544189453125 0.128341674804687 0.0396652221679687
-0.280563354492188 -0.0651702880859375 0.133499145507812 0.124839782714844
-0.276611328125 -0.128799438476563 -0.065887451171875 -0.0936431884765625
-0.281890869140625 -0.09295654296875 -0.0382118225097656 -0.0477104187011719
-0.262802124023438 -0.0143890380859375 0.0133018493652344 -0.0231857299804688
-0.241119384765625 0.07879638671875 0.00747108459472654 -0.034891128540039
-0.168060302734375 0.146102905273438 -0.00310134887695314 -0.0420951843261719
-0.078216552734375 0.229110717773438 -0.0140476226806641 -0.0138578414916992
0.0115814208984375 0.229217529296875 -0.0240917205810547 -0.0195865631103515
0.013092041015625 0.218109130859375 -0.0190563201904297 -0.0238056182861328
0.0212249755859375 0.239349365234375 -0.0184097290039063 -0.0214786529541015
-0.018829345703125 0.241683959960938 -0.0108232498168945 -0.0155105590820312
-0.0943603515625 0.20623779296875 -0.00961112976074219 -0.0348358154296875
-0.157546997070312 0.181198120117188 0.01629638671875 -0.0331764221191406
-0.233001708984375 0.0736541748046875 0.073333740234375 -0.0219879150390625
-0.27313232421875 -0.0222778320312499 0.0567817687988281 0.0410346984863281
-0.286773681640625 -0.06805419921875 0.042327880859375 0.08831787109375
-0.238128662109375 -0.091400146484375 -0.1536865234375 -0.123489379882813
-0.234817504882813 -0.060028076171875 -0.102897644042969 -0.0591354370117188
-0.20709228515625 -0.000198364257812523 -0.0084056854248047 -0.0250759124755859
-0.190597534179688 0.0650482177734375 0.0125198364257812 -0.0577239990234375
-0.138587951660156 0.118309020996094 0.00823211669921874 -0.083251953125
-0.0705413818359375 0.194534301757813 -0.0156707763671875 -0.0833282470703125
0.00299072265625 0.198440551757813 -0.0477294921875 -0.097808837890625
0.00608825683593748 0.192138671875 -0.0533828735351563 -0.0966339111328125
0.00773620605468748 0.213119506835937 -0.0474777221679687 -0.091339111328125
-0.033935546875 0.209457397460937 -0.0226058959960937 -0.080474853515625
-0.099517822265625 0.169647216796875 -0.01171875 -0.0749893188476563
-0.14990234375 0.140701293945312 0.0135917663574219 -0.0492668151855469
-0.200958251953125 0.0434112548828125 0.0461616516113281 -0.0204544067382812
-0.230316162109375 -0.0315399169921875 -0.014739990234375 0.0388755798339844
-0.248504638671875 -0.062774658203125 -0.0457382202148438 0.048553466796875
-0.161514282226563 -0.0424652099609375 -0.22479248046875 -0.143402099609375
-0.14654541015625 -0.027099609375 -0.155532836914063 -0.0658416748046875
-0.119667053222656 0.00339508056640625 -0.0356216430664063 -0.0228652954101562
-0.1134033203125 0.0339202880859375 0.00769424438476562 -0.0694618225097656
-0.0906295776367188 0.06988525390625 0.0103683471679687 -0.108306884765625
-0.0550384521484375 0.131080627441406 -0.0218353271484375 -0.135871887207031
-0.00576782226562499 0.13720703125 -0.0681610107421875 -0.159225463867188
-0.00126647949218749 0.136604309082031 -0.0802001953125 -0.1552734375
-0.00724792480468751 0.15582275390625 -0.0651092529296875 -0.149673461914063
-0.0416259765625 0.144287109375 -0.0223312377929687 -0.134597778320313
-0.0872268676757813 0.105697631835937 -0.00299072265625 -0.104148864746094
-0.114860534667969 0.0786285400390625 0.017120361328125 -0.0587730407714844
-0.135055541992188 0.0106048583984375 0.0209407806396484 -0.0185394287109375
-0.152557373046875 -0.03314208984375 -0.0742416381835938 0.029144287109375
-0.17388916015625 -0.043853759765625 -0.116737365722656 0.00931549072265622
-0.0589447021484375 0.00677871704101562 -0.269790649414063 -0.149993896484375
-0.0373115539550781 -0.00368118286132812 -0.190200805664063 -0.0644683837890625
-0.0228061676025391 -0.00501632690429687 -0.0606575012207031 -0.0129203796386719
-0.0326595306396484 -0.00795745849609376 -0.00168609619140626 -0.0669746398925781
-0.0407371520996094 0.00817489624023438 0.00714874267578125 -0.114273071289063
-0.0380401611328125 0.0493431091308594 -0.02935791015625 -0.165206909179688
-0.0170860290527344 0.0571784973144531 -0.0817108154296875 -0.194931030273437
-0.00854110717773437 0.0612831115722656 -0.094940185546875 -0.191055297851563
-0.017822265625 0.0742111206054688 -0.0689697265625 -0.186553955078125
-0.0352668762207031 0.0588798522949219 -0.0111846923828125 -0.1688232421875
-0.0501213073730469 0.0315093994140625 0.013458251953125 -0.117149353027344
-0.052337646484375 0.0158653259277344 0.0243606567382813 -0.0604896545410156
-0.0459671020507813 -0.0074462890625 -0.000676155090332033 -0.0152044296264648
-0.0538825988769531 -0.0135345458984375 -0.113571166992188 0.0138397216796875
-0.0775985717773438 -0.00872802734375001 -0.160812377929688 -0.0228271484375
-0.0402488708496094 -0.0495643615722656 0.185638427734375 0.001922607421875
-0.052764892578125 -0.0421066284179688 0.128585815429688 -0.0178985595703125
-0.0653877258300781 -0.00119781494140624 0.00597953796386718 -0.0130100250244141
-0.0420112609863281 0.0330543518066406 -0.047027587890625 0.0559730529785156
-0.0126762390136719 0.0321369171142578 -0.04736328125 0.109123229980469
0.009796142578125 0.0301074981689453 -0.00216674804687502 0.182693481445313
0.0213432312011719 0.0312824249267578 0.0688018798828125 0.211883544921875
0.014617919921875 0.0289306640625 0.097930908203125 0.199005126953125
0.0244407653808594 0.0272903442382813 0.0808563232421875 0.1884765625
0.0194854736328125 0.0412940979003906 0.0306854248046875 0.16949462890625
0.00324249267578125 0.0523796081542969 0.0136032104492188 0.104080200195313
-0.0201263427734375 0.0588912963867187 0.026885986328125 0.0478019714355469
-0.0605049133300781 0.0285301208496094 0.095672607421875 0.0295867919921875
-0.0597686767578125 -0.00826644897460938 0.22711181640625 0.0643768310546875
-0.0374336242675781 -0.00745773315429688 0.282806396484375 0.19830322265625
-0.14239501953125 -0.0977325439453125 0.162094116210938 -0.00300598144531251
-0.153472900390625 -0.0779571533203125 0.117835998535156 -0.0163040161132813
-0.157501220703125 -0.015411376953125 0.0199050903320312 -0.0190505981445312
-0.132286071777344 0.055877685546875 -0.0404205322265625 0.0370407104492187
-0.0773086547851562 0.0856170654296875 -0.0499801635742188 0.0862579345703125
-0.0186309814453125 0.116462707519531 -0.010833740234375 0.166366577148437
0.0272369384765625 0.117622375488281 0.0519256591796875 0.1907958984375
0.0202178955078125 0.110336303710938 0.0846099853515625 0.173843383789062
0.03082275390625 0.115814208984375 0.0724029541015625 0.163299560546875
0.00999450683593751 0.126258850097656 0.0323638916015625 0.148086547851563
-0.0333404541015625 0.119491577148438 0.0145645141601563 0.0827865600585938
-0.07598876953125 0.114402770996094 0.0300388336181641 0.0294761657714844
-0.137916564941406 0.0493087768554688 0.109855651855469 0.00777435302734375
-0.157241821289063 -0.017608642578125 0.222030639648438 0.0515899658203125
-0.144332885742188 -0.0361480712890625 0.265625 0.183761596679688
-0.22503662109375 -0.13323974609375 0.107444763183594 -0.0247116088867188
-0.234481811523438 -0.105850219726563 0.0837478637695312 -0.0220108032226563
-0.232345581054688 -0.0279998779296875 0.0284347534179687 -0.0214958190917969
-0.209381103515625 0.070098876953125 -0.0249824523925781 0.0162162780761719
-0.135299682617188 0.126838684082031 -0.0380020141601563 0.0511054992675781
-0.048583984375 0.185699462890625 -0.0133209228515625 0.124099731445313
0.026824951171875 0.186431884765625 0.029754638671875 0.139663696289063
0.0230255126953125 0.175033569335938 0.0573196411132812 0.122138977050781
0.0351104736328125 0.187286376953125 0.0498046875 0.114570617675781
0.003875732421875 0.1961669921875 0.0241928100585937 0.107650756835938
-0.0597686767578125 0.177230834960937 0.00986480712890625 0.0507125854492188
-0.118179321289063 0.1641845703125 0.0288143157958984 0.00946998596191407
-0.197967529296875 0.0725860595703125 0.109954833984375 -0.0107421875
-0.234115600585937 -0.017974853515625 0.187393188476562 0.0423736572265625
-0.231979370117188 -0.0544586181640625 0.212509155273437 0.159103393554688
-0.274566650390625 -0.143463134765625 0.0285530090332031 -0.0568962097167969
-0.283355712890625 -0.11151123046875 0.0292587280273437 -0.0325660705566406
-0.2730712890625 -0.0277557373046875 0.0270767211914062 -0.0220203399658203
-0.249832153320313 0.0805511474609374 -0.006589412689209 -0.00767469406127929
-0.168930053710938 0.149566650390625 -0.0193424224853516 0.00687789916992188
-0.0706329345703125 0.227767944335938 -0.0118751525878906 0.0603523254394531
0.021392822265625 0.226577758789062 0.004730224609375 0.0656166076660156
0.0212249755859375 0.213973999023438 0.02081298828125 0.0533256530761719
0.034454345703125 0.231948852539063 0.0173683166503906 0.0502433776855469
-0.00419616699218748 0.239593505859375 0.00950241088867187 0.0498847961425781
-0.080718994140625 0.211685180664063 0.00185585021972656 0.00969886779785157
-0.146286010742188 0.191436767578125 0.0242214202880859 -0.0116157531738281
-0.232955932617188 0.0836791992187501 0.09619140625 -0.0205764770507812
-0.278152465820313 -0.0169982910156249 0.129158020019531 0.0400238037109375
-0.283538818359375 -0.0634155273437499 0.133819580078125 0.127059936523438
-0.28216552734375 -0.12872314453125 -0.0638046264648438 -0.0912933349609375
-0.28631591796875 -0.093353271484375 -0.0377311706542969 -0.0456771850585938
-0.26568603515625 -0.0159149169921875 0.0138778686523437 -0.0228404998779297
-0.244644165039062 0.08148193359375 0.00820922851562498 -0.0335159301757812
-0.16973876953125 0.149887084960938 -0.00133895874023439 -0.0419235229492187
-0.0775146484375 0.232650756835938 -0.0112667083740234 -0.0143136978149414
0.0143890380859375 0.231338500976562 -0.02215576171875 -0.0186672210693359
0.016357421875 0.221176147460937 -0.0183238983154297 -0.0231990814208984
0.02606201171875 0.242523193359375 -0.0182247161865234 -0.0209884643554687
-0.015716552734375 0.246231079101562 -0.00910091400146484 -0.0152912139892578
-0.0942230224609375 0.21124267578125 -0.00805091857910157 -0.0342750549316406
-0.157669067382813 0.185760498046875 0.0177402496337891 -0.0310001373291015
-0.2357177734375 0.0747222900390625 0.0717086791992187 -0.0232467651367187
-0.279220581054688 -0.0222167968749999 0.0572586059570312 0.0423164367675781
-0.291046142578125 -0.06658935546875 0.0414352416992187 0.090240478515625
-0.243667602539062 -0.092041015625 -0.153076171875 -0.121490478515625
-0.240386962890625 -0.0607757568359375 -0.103324890136719 -0.0565719604492188
-0.211410522460938 -0.000930786132812514 -0.00865364074707033 -0.0237464904785156
-0.194229125976563 0.0677490234375 0.0127792358398437 -0.0556831359863281
-0.13970947265625 0.122360229492188 0.0103988647460937 -0.083770751953125
-0.069000244140625 0.198455810546875 -0.013885498046875 -0.0847015380859375
0.00569152832031251 0.19989013671875 -0.0477371215820313 -0.0974807739257812
0.00941467285156249 0.194061279296875 -0.0543136596679687 -0.0958328247070313
0.0126953125 0.216903686523438 -0.0486068725585938 -0.0911102294921875
-0.030731201171875 0.21368408203125 -0.0214614868164063 -0.0808563232421875
-0.099517822265625 0.17376708984375 -0.0101089477539063 -0.0747146606445312
-0.150283813476563 0.14501953125 0.014434814453125 -0.0483627319335937
-0.20318603515625 0.043975830078125 0.0452423095703125 -0.0215530395507812
-0.237106323242187 -0.031829833984375 -0.0153007507324219 0.0409355163574219
-0.253509521484375 -0.0614776611328125 -0.0475959777832031 0.05072021484375
-0.166229248046875 -0.0443115234375 -0.225692749023438 -0.141647338867188
-0.15142822265625 -0.0283355712890625 -0.157455444335938 -0.0632476806640625
-0.123001098632813 0.00291442871093749 -0.0356521606445313 -0.0214042663574219
-0.116950988769531 0.0363845825195312 0.00777053833007812 -0.069915771484375
-0.093017578125 0.0726318359375 0.0111846923828125 -0.110076904296875
-0.0537109375 0.135185241699219 -0.021026611328125 -0.138893127441406
-0.00399780273437501 0.139244079589844 -0.0690460205078125 -0.158966064453125
0.00248718261718751 0.138778686523438 -0.082366943359375 -0.154647827148438
-0.002685546875 0.15924072265625 -0.06787109375 -0.14959716796875
-0.03924560546875 0.1478271484375 -0.0222702026367188 -0.136093139648438
-0.0868072509765625 0.109146118164062 -0.00191497802734374 -0.104934692382813
-0.115470886230469 0.0821762084960938 0.0176200866699219 -0.0587577819824219
-0.1375732421875 0.0109786987304687 0.0184421539306641 -0.0190696716308594
-0.157302856445313 -0.0333404541015625 -0.0764083862304688 0.0321197509765625
-0.178466796875 -0.0433502197265625 -0.119903564453125 0.0107955932617187
-0.0610847473144531 0.0042877197265625 -0.271865844726563 -0.149871826171875
-0.0407981872558594 -0.00546646118164063 -0.191680908203125 -0.0626068115234375
-0.0247611999511719 -0.00535202026367187 -0.0613670349121094 -0.0129737854003906
-0.0344867706298828 -0.0077667236328125 -0.00238037109375 -0.0679206848144531
-0.0421905517578125 0.0111923217773437 0.00734710693359375 -0.11627197265625
-0.0377273559570312 0.0525283813476563 -0.03033447265625 -0.168304443359375
-0.015899658203125 0.0587310791015625 -0.084625244140625 -0.195556640625
-0.00585556030273438 0.0624885559082031 -0.0981292724609375 -0.190536499023438
-0.0150680541992187 0.0764694213867188 -0.0723114013671875 -0.187454223632813
-0.0336494445800781 0.0610427856445312 -0.012939453125 -0.170639038085938
-0.0502777099609375 0.0335655212402344 0.0133743286132813 -0.118217468261719
-0.0521392822265625 0.0177421569824219 0.0240211486816406 -0.0607948303222656
-0.0471534729003906 -0.00634765625 -0.00293445587158203 -0.0156946182250977
-0.0573501586914063 -0.01336669921875 -0.116508483886719 0.0165023803710938
-0.080718994140625 -0.00875854492187499 -0.165145874023438 -0.0216217041015625
-0.03863525390625 -0.04937744140625 0.196517944335937 0.0030059814453125
-0.0529899597167969 -0.0437202453613281 0.136474609375 -0.0188140869140625
-0.0667877197265625 -0.00295257568359374 0.00780105590820312 -0.01434326171875
-0.0433273315429688 0.03277587890625 -0.0472145080566406 0.0577201843261719
-0.0146846771240234 0.0317325592041016 -0.0487747192382813 0.114028930664063
0.00922775268554688 0.0292301177978516 -0.00177001953125002 0.190567016601563
0.0222740173339844 0.0324897766113281 0.072174072265625 0.219970703125
0.0147228240966797 0.0295066833496094 0.1033935546875 0.20526123046875
0.0247325897216797 0.0277462005615234 0.08514404296875 0.196212768554687
0.0203857421875 0.0420150756835938 0.03253173828125 0.177581787109375
0.00422286987304688 0.0537757873535156 0.0136566162109375 0.110054016113281
-0.0203819274902344 0.0599861145019531 0.0273857116699219 0.0508995056152344
-0.0622100830078125 0.0294532775878906 0.0983505249023438 0.0318984985351563
-0.0605926513671875 -0.00701522827148436 0.236114501953125 0.06549072265625
-0.0364608764648438 -0.00705337524414062 0.292083740234375 0.206787109375
-0.146453857421875 -0.10113525390625 0.172653198242188 -0.000335693359375006
-0.157806396484375 -0.0814971923828125 0.125045776367187 -0.01568603515625
-0.1627197265625 -0.018646240234375 0.0225582122802734 -0.0193920135498047
-0.138191223144531 0.0570449829101563 -0.0406036376953125 0.0393180847167969
-0.081298828125 0.08819580078125 -0.05023193359375 0.0898590087890625
-0.0208053588867188 0.118850708007813 -0.00988769531249999 0.174591064453125
0.0277786254882812 0.121803283691406 0.0562896728515625 0.198318481445313
0.0207138061523438 0.113960266113281 0.0887908935546875 0.179290771484375
0.0325241088867188 0.1190185546875 0.076416015625 0.170181274414063
0.0116500854492187 0.131057739257813 0.03515625 0.155136108398438
-0.03460693359375 0.125358581542969 0.0151824951171875 0.0888595581054688
-0.0785446166992187 0.119842529296875 0.0313091278076172 0.0329341888427734
-0.144180297851562 0.0511016845703125 0.112876892089844 0.00885009765625
-0.164566040039063 -0.0186767578125 0.230880737304688 0.052703857421875
-0.1492919921875 -0.037567138671875 0.274688720703125 0.192581176757812
-0.233551025390625 -0.137664794921875 0.116065979003906 -0.0230484008789063
-0.24285888671875 -0.110946655273438 0.089019775390625 -0.0204925537109375
-0.241775512695313 -0.0331115722656251 0.030679702758789 -0.0223884582519531
-0.217864990234375 0.072540283203125 -0.0243358612060547 0.0182170867919922
-0.142364501953125 0.131027221679688 -0.0378608703613281 0.0535812377929688
-0.051177978515625 0.192138671875 -0.0110397338867187 0.128807067871094
0.0269927978515625 0.193740844726563 0.0333709716796875 0.145172119140625
0.0232696533203125 0.183059692382812 0.06060791015625 0.126998901367188
0.037689208984375 0.194625854492188 0.0530548095703125 0.120063781738281
0.00546264648437498 0.204498291015625 0.0277786254882812 0.112190246582031
-0.06243896484375 0.1861572265625 0.0121040344238281 0.0546455383300781
-0.123062133789063 0.1717529296875 0.0301742553710937 0.0119361877441406
-0.207489013671875 0.073699951171875 0.112388610839844 -0.010711669921875
-0.246826171875 -0.0191192626953125 0.194808959960938 0.044769287109375
-0.240829467773438 -0.0566558837890625 0.220169067382812 0.167526245117188
-0.28643798828125 -0.148773193359375 0.0338630676269531 -0.0552902221679688
-0.295867919921875 -0.116180419921875 0.0321521759033203 -0.0312557220458984
-0.2841796875 -0.0323486328125001 0.0294857025146484 -0.0216579437255859
-0.261703491210938 0.08380126953125 -0.00529003143310548 -0.00551795959472656
-0.177383422851562 0.156509399414063 -0.0171022415161133 0.00753879547119142
-0.0736541748046875 0.237197875976563 -0.00962066650390625 0.0626373291015625
0.0218963623046875 0.236099243164063 0.00806808471679687 0.0690879821777344
0.0238037109375 0.223236083984375 0.0228614807128906 0.0561790466308594
0.038421630859375 0.242507934570312 0.018707275390625 0.0534286499023438
-0.00260925292968748 0.251174926757813 0.0119209289550781 0.0521812438964844
-0.0844573974609375 0.221954345703125 0.0037851333618164 0.0116357803344727
-0.152557373046875 0.201507568359375 0.0255584716796875 -0.00998687744140624
-0.24456787109375 0.0855255126953125 0.098114013671875 -0.0217666625976562
-0.29229736328125 -0.018829345703125 0.134254455566406 0.0427322387695313
-0.295928955078125 -0.0661621093750001 0.138275146484375 0.134834289550781
-0.295806884765625 -0.13385009765625 -0.062255859375 -0.0922393798828125
-0.300628662109375 -0.097412109375 -0.038116455078125 -0.0434913635253906
-0.27886962890625 -0.0193786621093749 0.0159168243408203 -0.02203369140625
-0.256622314453125 0.0864715576171875 0.00981903076171874 -0.031890869140625
-0.17822265625 0.157073974609375 0.00241470336914062 -0.04315185546875
-0.080230712890625 0.242523193359375 -0.008209228515625 -0.015263557434082
0.01519775390625 0.240234375 -0.0205326080322266 -0.0182647705078125
0.01910400390625 0.230224609375 -0.0181617736816406 -0.0231952667236328
0.0301361083984375 0.254165649414063 -0.0189342498779297 -0.0208683013916015
-0.014251708984375 0.257675170898438 -0.00813007354736328 -0.0166749954223633
-0.0985565185546875 0.222579956054688 -0.00584602355957032 -0.0343589782714844
-0.165390014648437 0.195388793945313 0.0197200775146484 -0.0308570861816406
-0.248443603515625 0.0754852294921875 0.0731124877929687 -0.02392578125
-0.29510498046875 -0.0247192382812499 0.0584640502929687 0.0449447631835937
-0.3043212890625 -0.0689697265625 0.041961669921875 0.0963592529296875
-0.256668090820312 -0.0975494384765625 -0.156097412109375 -0.12445068359375
-0.253936767578125 -0.0645751953125 -0.107376098632813 -0.0560760498046875
-0.2218017578125 -0.00337219238281246 -0.0080547332763672 -0.0230331420898438
-0.204742431640625 0.0721435546875 0.0146064758300781 -0.0562591552734375
-0.147720336914063 0.128921508789062 0.0125503540039062 -0.0870742797851562
-0.0720062255859375 0.209182739257813 -0.0117645263671875 -0.0896453857421875
0.00636291503906252 0.208938598632813 -0.0478973388671875 -0.100395202636719
0.01171875 0.203582763671875 -0.05615234375 -0.0988540649414062
0.0164642333984375 0.227462768554688 -0.04998779296875 -0.0938796997070313
-0.0304718017578125 0.224533081054688 -0.021636962890625 -0.0846939086914062
-0.103759765625 0.183639526367187 -0.00913238525390626 -0.0778045654296875
-0.156539916992188 0.153350830078125 0.01617431640625 -0.0486030578613281
-0.214492797851563 0.044769287109375 0.0436439514160156 -0.0227622985839844
-0.250717163085937 -0.034271240234375 -0.0167694091796875 0.0443954467773437
-0.26531982421875 -0.0644683837890626 -0.0517082214355469 0.0541877746582031
-0.175796508789063 -0.0489959716796875 -0.231842041015625 -0.14617919921875
-0.161026000976563 -0.0303802490234375 -0.163421630859375 -0.0639801025390625
-0.130485534667969 0.00165557861328126 -0.0362892150878906 -0.0210952758789063
-0.124137878417969 0.0387344360351562 0.00815582275390624 -0.0708694458007812
-0.0975875854492187 0.0782470703125 0.0139541625976563 -0.114875793457031
-0.0553741455078125 0.143157958984375 -0.0200958251953125 -0.145431518554688
-0.00311279296875 0.146102905273438 -0.0717620849609375 -0.16546630859375
0.00425720214843749 0.144638061523438 -0.084930419921875 -0.159103393554687
-0.000137329101562502 0.167587280273438 -0.0707550048828125 -0.154251098632812
-0.0391845703125 0.156326293945313 -0.0236663818359375 -0.141357421875
-0.0909042358398438 0.1162109375 -0.000854492187500005 -0.108856201171875
-0.120574951171875 0.0882720947265625 0.0190620422363281 -0.0603752136230469
-0.145111083984375 0.0108795166015625 0.0169639587402344 -0.0196514129638672
-0.168243408203125 -0.0357208251953125 -0.0808334350585938 0.034820556640625
-0.18829345703125 -0.0453033447265625 -0.127082824707031 0.0116729736328125
-0.0663223266601563 0.00162506103515624 -0.280593872070313 -0.156570434570313
-0.0463066101074219 -0.00706100463867188 -0.200302124023438 -0.0637969970703125
-0.0277328491210938 -0.00647544860839844 -0.0626792907714844 -0.0125007629394531
-0.0385665893554688 -0.00766754150390626 -0.00205993652343751 -0.0709228515625
-0.0451812744140625 0.0133056640625 0.00864410400390625 -0.121818542480469
-0.0390968322753906 0.0577163696289063 -0.0306854248046875 -0.17706298828125
-0.0162200927734375 0.0618400573730469 -0.0885772705078125 -0.203338623046875
-0.00495147705078125 0.0652084350585938 -0.102691650390625 -0.195831298828125
-0.0133590698242187 0.0807418823242188 -0.0758514404296875 -0.193206787109375
-0.0336532592773438 0.0656394958496094 -0.0140380859375 -0.178253173828125
-0.0526542663574219 0.0363082885742188 0.0151214599609375 -0.12335205078125
-0.0545806884765625 0.0210762023925781 0.0254745483398438 -0.0627708435058594
-0.0512962341308594 -0.00634002685546874 -0.00514507293701172 -0.0155210494995117
-0.0635108947753906 -0.0143508911132813 -0.123573303222656 0.0186004638671875
-0.086578369140625 -0.00975799560546875 -0.174758911132813 -0.0230560302734375
-0.0394973754882813 -0.0517463684082031 0.214385986328125 0.000930786132812497
-0.0545578002929688 -0.0466270446777344 0.148666381835938 -0.022216796875
-0.0699539184570313 -0.00414276123046875 0.0100154876708984 -0.0159931182861328
-0.046051025390625 0.0342025756835937 -0.0474357604980469 0.0624809265136719
-0.0160465240478516 0.0331077575683594 -0.0498733520507813 0.123245239257813
0.00888633728027344 0.0293178558349609 0.00242614746093751 0.205322265625
0.0231170654296875 0.0329132080078125 0.082794189453125 0.233413696289063
0.0153675079345703 0.0307178497314453 0.114944458007813 0.216217041015625
0.0263252258300781 0.0272560119628906 0.0952301025390625 0.207962036132813
0.0227241516113281 0.0437049865722656 0.0390777587890625 0.190948486328125
0.00561904907226562 0.0572738647460938 0.0166473388671875 0.119606018066406
-0.0203590393066406 0.0637054443359375 0.0293464660644531 0.0554542541503906
-0.0646858215332031 0.0324783325195312 0.104827880859375 0.0322952270507812
-0.0638809204101563 -0.00590133666992187 0.252609252929688 0.064697265625
-0.0373344421386719 -0.006622314453125 0.31427001953125 0.217132568359375
-0.155563354492188 -0.103546142578125 0.189437866210938 -0.00117492675781251
-0.16839599609375 -0.0847930908203125 0.135902404785156 -0.01715087890625
-0.173751831054688 -0.0204925537109375 0.0256252288818359 -0.0216617584228516
-0.146743774414063 0.061767578125 -0.0404586791992188 0.0432205200195313
-0.0869216918945313 0.0943603515625 -0.0505523681640625 0.0972213745117188
-0.0213394165039062 0.1260986328125 -0.00500488281249999 0.186569213867188
0.030609130859375 0.128158569335938 0.0657806396484375 0.211624145507813
0.0248870849609375 0.121376037597656 0.099365234375 0.189376831054688
0.0369644165039062 0.126129150390625 0.0854644775390625 0.180374145507812
0.0150527954101562 0.139450073242188 0.0406341552734375 0.16650390625
-0.0340423583984375 0.135589599609375 0.0185317993164063 0.0960769653320313
-0.0819168090820313 0.129180908203125 0.0340576171875 0.0363426208496094
-0.153732299804688 0.055908203125 0.119415283203125 0.0073699951171875
-0.17657470703125 -0.0169677734375 0.246658325195313 0.0519561767578125
-0.1595458984375 -0.0374755859375 0.296234130859375 0.2037353515625
-0.250274658203125 -0.142364501953125 0.128166198730469 -0.0236129760742188
-0.2611083984375 -0.11468505859375 0.0973434448242187 -0.021087646484375
-0.259063720703125 -0.035430908203125 0.0343666076660156 -0.0237674713134766
-0.232391357421875 0.0803375244140625 -0.0236663818359375 0.0218105316162109
-0.150680541992188 0.142105102539063 -0.0371780395507813 0.0579338073730469
-0.05303955078125 0.205810546875 -0.00683593750000002 0.138343811035156
0.0315399169921875 0.20574951171875 0.041290283203125 0.15472412109375
0.0298919677734375 0.195388793945313 0.0678024291992188 0.134124755859375
0.0454559326171875 0.206741333007813 0.0600967407226563 0.128089904785156
0.010467529296875 0.21990966796875 0.0326766967773437 0.120201110839844
-0.0640106201171875 0.201095581054688 0.0145301818847656 0.0600318908691406
-0.128646850585937 0.1865234375 0.0336055755615234 0.0146389007568359
-0.22235107421875 0.0809173583984375 0.117774963378906 -0.0132293701171875
-0.266204833984375 -0.016571044921875 0.208206176757812 0.0442047119140625
-0.258758544921875 -0.056488037109375 0.237518310546875 0.178314208984375
-0.307952880859375 -0.154541015625 0.0400848388671875 -0.0565605163574219
-0.319580078125 -0.11968994140625 0.0359840393066406 -0.0309715270996094
-0.306854248046875 -0.0341186523437499 0.0329952239990234 -0.0224475860595703
-0.2796630859375 0.09393310546875 -0.00311589241027834 -0.00322747230529785
-0.187973022460938 0.170700073242187 -0.0158224105834961 0.00833797454833985
-0.074371337890625 0.254470825195313 -0.00532913208007814 0.0664901733398438
0.027435302734375 0.2509765625 0.0121536254882813 0.0743560791015625
0.030242919921875 0.239425659179687 0.0267982482910156 0.0599174499511719
0.0472869873046875 0.258712768554688 0.0220184326171875 0.0578651428222656
0.00300598144531252 0.26947021484375 0.0150260925292969 0.0559730529785156
-0.087127685546875 0.241424560546875 0.00580692291259765 0.0139551162719727
-0.160446166992188 0.219589233398438 0.0284194946289062 -0.00890922546386717
-0.262863159179688 0.0937347412109375 0.101364135742187 -0.024627685546875
-0.316314697265625 -0.01568603515625 0.144119262695312 0.044219970703125
-0.318328857421875 -0.065765380859375 0.148895263671875 0.144271850585938
-0.3192138671875 -0.139556884765625 -0.0636978149414063 -0.0945587158203125
-0.3262939453125 -0.0997314453125 -0.0399017333984375 -0.0432090759277344
-0.301483154296875 -0.01922607421875 0.0180568695068359 -0.0218124389648438
-0.275436401367188 0.0971832275390624 0.0119285583496094 -0.0315647125244141
-0.190567016601563 0.172714233398437 0.00424575805664061 -0.0457496643066406
-0.0814361572265625 0.261611938476563 -0.00575256347656251 -0.017953872680664
0.01959228515625 0.257522583007813 -0.0202541351318359 -0.0181007385253906
0.026275634765625 0.247711181640625 -0.0191478729248047 -0.0229701995849609
0.0395660400390625 0.271957397460938 -0.0199413299560547 -0.0209407806396484
-0.00901794433593749 0.277969360351563 -0.00699996948242188 -0.0171642303466797
-0.102249145507813 0.242324829101562 -0.00463867187500001 -0.0359230041503906
-0.173782348632812 0.214401245117187 0.0219154357910156 -0.0320777893066406
-0.266983032226563 0.08349609375 0.0750274658203125 -0.027008056640625
-0.319915771484375 -0.0215148925781251 0.0632362365722656 0.0489654541015625
-0.32806396484375 -0.069091796875 0.0448455810546875 0.105033874511719
-0.278579711914063 -0.101333618164062 -0.165176391601563 -0.128005981445312
-0.276443481445313 -0.0647125244140625 -0.114768981933594 -0.054931640625
-0.242095947265625 -0.00346374511718752 -0.00710105895996095 -0.022003173828125
-0.220626831054688 0.081695556640625 0.0153274536132812 -0.0583038330078125
-0.157470703125 0.143783569335938 0.0143280029296875 -0.0941238403320312
-0.0728912353515625 0.225738525390625 -0.0117950439453125 -0.0966033935546875
0.0114288330078125 0.224090576171875 -0.05078125 -0.105522155761719
0.0184173583984375 0.218307495117188 -0.0610122680664063 -0.102302551269531
0.0240936279296875 0.243911743164063 -0.055206298828125 -0.0978317260742187
-0.0271453857421875 0.243392944335937 -0.0237197875976562 -0.0902938842773437
-0.108612060546875 0.20111083984375 -0.00865936279296876 -0.0822372436523438
-0.16522216796875 0.169876098632812 0.0180206298828125 -0.0511016845703125
-0.231857299804687 0.0501708984375 0.0438041687011719 -0.0245361328125
-0.273513793945313 -0.0332489013671875 -0.0184135437011719 0.049163818359375
-0.287384033203125 -0.064544677734375 -0.0558967590332031 0.0608596801757812
-0.191726684570313 -0.050872802734375 -0.2479248046875 -0.15191650390625
-0.177947998046875 -0.0305938720703125 -0.175369262695312 -0.0629730224609375
-0.143234252929688 0.00215148925781248 -0.0384712219238281 -0.0198097229003906
-0.13519287109375 0.0450057983398438 0.00835418701171874 -0.0741195678710938
-0.105545043945313 0.0879745483398437 0.0142669677734375 -0.123908996582031
-0.055816650390625 0.156631469726563 -0.0229949951171875 -0.156723022460938
-0.000366210937500009 0.157623291015625 -0.07843017578125 -0.174728393554688
0.00833129882812501 0.155975341796875 -0.0931396484375 -0.16632080078125
0.00566101074218752 0.179733276367188 -0.078521728515625 -0.162185668945313
-0.0376129150390625 0.170394897460938 -0.027984619140625 -0.151718139648438
-0.095672607421875 0.128211975097656 -0.001251220703125 -0.116531372070312
-0.127647399902344 0.0987701416015625 0.0210533142089844 -0.0641860961914063
-0.157684326171875 0.0137481689453125 0.015869140625 -0.0207500457763672
-0.185455322265625 -0.0351409912109375 -0.0869674682617188 0.0401687622070312
-0.204010009765625 -0.04608154296875 -0.137550354003906 0.015838623046875
-0.074188232421875 0.000877380371093738 -0.300537109375 -0.16265869140625
-0.0528678894042969 -0.00804138183593749 -0.215682983398438 -0.0637969970703125
-0.0329017639160156 -0.00782775878906249 -0.0663528442382813 -0.0107994079589844
-0.0440750122070313 -0.00606918334960937 -0.00318145751953126 -0.0755615234375
-0.0490760803222656 0.0171546936035156 0.00811767578125001 -0.131805419921875
-0.0392112731933594 0.0652046203613281 -0.0359954833984375 -0.190277099609375
-0.0148963928222656 0.0679702758789063 -0.098907470703125 -0.215606689453125
-0.00297546386718749 0.0702438354492188 -0.112625122070313 -0.205963134765625
-0.0101318359375 0.0878982543945313 -0.0854339599609375 -0.203659057617187
-0.0334014892578125 0.073333740234375 -0.019287109375 -0.190032958984375
-0.05596923828125 0.0417060852050781 0.0139694213867188 -0.132438659667969
-0.0578346252441406 0.0258560180664062 0.0261039733886719 -0.0670623779296875
-0.0567741394042969 -0.00508880615234375 -0.00877189636230469 -0.0162868499755859
-0.0721664428710938 -0.01336669921875 -0.134300231933594 0.0238723754882812
-0.0950241088867187 -0.00904083251953127 -0.189834594726562 -0.02142333984375
-0.0420608520507813 -0.0532989501953125 0.2364501953125 -0.009521484375
-0.0589675903320312 -0.0490150451660156 0.162521362304688 -0.032623291015625
-0.0748825073242188 -0.00348663330078125 0.0116825103759766 -0.0189018249511719
-0.0471878051757813 0.0377998352050781 -0.0465774536132813 0.0682296752929688
-0.016510009765625 0.035186767578125 -0.0468215942382812 0.13531494140625
0.00944328308105469 0.0290908813476563 0.0157012939453125 0.22113037109375
0.0245418548583984 0.0322399139404297 0.10382080078125 0.246200561523438
0.0178470611572266 0.0312728881835938 0.136398315429687 0.224868774414063
0.0286617279052734 0.0261116027832031 0.114776611328125 0.219696044921875
0.0268516540527344 0.0445938110351562 0.0537872314453125 0.204437255859375
0.0100593566894531 0.0606193542480469 0.0234527587890625 0.129890441894531
-0.0176506042480469 0.0684814453125 0.0340576171875 0.0595436096191406
-0.0666046142578125 0.0387115478515625 0.113922119140625 0.0298233032226563
-0.0672111511230469 -0.00189208984375 0.274185180664063 0.0537261962890625
-0.0388259887695313 -0.0044403076171875 0.347991943359375 0.217926025390625
-0.1700439453125 -0.102951049804687 0.207901000976563 -0.00987243652343751
-0.183609008789063 -0.0830230712890625 0.148834228515625 -0.02435302734375
-0.188018798828125 -0.015960693359375 0.0277957916259766 -0.0248050689697266
-0.154266357421875 0.0738677978515625 -0.0387916564941406 0.0489654541015625
-0.0900497436523437 0.104965209960937 -0.047943115234375 0.107818603515625
-0.0184326171875 0.136772155761719 0.00718688964843749 0.200851440429687
0.0385818481445313 0.135902404785156 0.084197998046875 0.223724365234375
0.0327682495117188 0.1298828125 0.118392944335938 0.199081420898438
0.0470962524414062 0.133110046386719 0.102142333984375 0.190673828125
0.0244598388671875 0.149383544921875 0.0546417236328125 0.179031372070313
-0.0300750732421875 0.147781372070313 0.0261917114257813 0.1041259765625
-0.0804290771484375 0.143081665039063 0.0378341674804687 0.0402565002441406
-0.163192749023438 0.0679168701171875 0.12750244140625 0.001800537109375
-0.19171142578125 -0.00863647460937497 0.26739501953125 0.0420684814453125
-0.172836303710937 -0.031951904296875 0.327789306640625 0.20587158203125
-0.274932861328125 -0.140457153320313 0.142120361328125 -0.0292510986328125
-0.2862548828125 -0.109222412109375 0.10760498046875 -0.0258331298828125
-0.28369140625 -0.029144287109375 0.0385246276855469 -0.0261154174804688
-0.246841430664062 0.0985260009765625 -0.0218772888183594 0.0249443054199219
-0.15704345703125 0.16058349609375 -0.0334892272949219 0.0644989013671875
-0.047210693359375 0.223388671875 0.003875732421875 0.1478271484375
0.0438995361328125 0.219833374023438 0.0553131103515625 0.164459228515625
0.0438995361328125 0.209075927734375 0.0819854736328125 0.141494750976563
0.061065673828125 0.220306396484375 0.0720596313476562 0.13629150390625
0.0246429443359375 0.236465454101563 0.0420150756835938 0.128524780273438
-0.0582733154296875 0.22247314453125 0.0215835571289062 0.0652999877929688
-0.129135131835937 0.208953857421875 0.0384140014648437 0.0160903930664063
-0.236679077148438 0.09844970703125 0.123207092285156 -0.0193710327148437
-0.289642333984375 -0.004150390625 0.225433349609375 0.0377197265625
-0.282073974609375 -0.04705810546875 0.264785766601563 0.182373046875
-0.338897705078125 -0.150482177734375 0.0458526611328125 -0.0595664978027344
-0.352203369140625 -0.11138916015625 0.0404434204101562 -0.0312004089355469
-0.334686279296875 -0.024444580078125 0.0368385314941406 -0.0246009826660156
-0.298370361328125 0.11639404296875 -0.000810265541076679 -0.00143182277679443
-0.19586181640625 0.194732666015625 -0.0136289596557617 0.00908184051513673
-0.0680999755859375 0.277801513671875 0.00177764892578124 0.0707550048828125
0.0423431396484375 0.269577026367188 0.0201873779296875 0.0784378051757813
0.047454833984375 0.257232666015625 0.033172607421875 0.0640869140625
0.0673370361328125 0.2764892578125 0.0283355712890625 0.062408447265625
0.019561767578125 0.290863037109375 0.0198211669921875 0.0601768493652344
-0.0806884765625 0.267532348632813 0.00886726379394531 0.0162744522094727
-0.161102294921875 0.24658203125 0.0315418243408203 -0.00885581970214842
-0.281051635742188 0.113479614257813 0.105400085449219 -0.0311126708984375
-0.345947265625 -0.000396728515624963 0.1563720703125 0.04022216796875
-0.34747314453125 -0.0547485351562499 0.168106079101562 0.150665283203125
-0.352691650390625 -0.1348876953125 -0.0678024291992188 -0.0950698852539063
-0.35906982421875 -0.08953857421875 -0.0419845581054688 -0.0400657653808594
-0.331787109375 -0.00622558593750006 0.0210323333740234 -0.0234870910644531
-0.294525146484375 0.12078857421875 0.0142440795898437 -0.0327720642089844
-0.198272705078125 0.198226928710938 0.00494384765624999 -0.0517768859863281
-0.07275390625 0.287689208984375 -0.00345420837402344 -0.0207748413085937
0.035797119140625 0.278182983398438 -0.0199470520019531 -0.0193405151367187
0.0437469482421875 0.266769409179688 -0.0195522308349609 -0.0226402282714844
0.06036376953125 0.291778564453125 -0.0214252471923828 -0.01885986328125
0.00671386718749998 0.302490234375 -0.00789070129394531 -0.01898193359375
-0.0972747802734375 0.270233154296875 -0.00566864013671875 -0.0379524230957031
-0.175643920898438 0.243667602539063 0.0235195159912109 -0.0342788696289062
-0.2872314453125 0.102783203125 0.0762557983398437 -0.0326995849609375
-0.3519287109375 -0.00634765625000004 0.0705108642578125 0.0506362915039063
-0.3587646484375 -0.057769775390625 0.0538177490234375 0.114028930664063
-0.307769775390625 -0.096771240234375 -0.179595947265625 -0.12744140625
-0.305328369140625 -0.053924560546875 -0.125198364257813 -0.0494384765625
-0.265380859375 0.00642395019531251 -0.00751686096191408 -0.0219078063964844
-0.237945556640625 0.103103637695313 0.0162696838378906 -0.0617790222167969
-0.163619995117187 0.165756225585938 0.0136032104492187 -0.102920532226562
-0.0652923583984375 0.250228881835938 -0.015655517578125 -0.106063842773437
0.025299072265625 0.24212646484375 -0.0587310791015625 -0.111251831054688
0.0338134765625 0.235244750976563 -0.0693511962890625 -0.1060791015625
0.042388916015625 0.26287841796875 -0.0636367797851562 -0.100814819335938
-0.012237548828125 0.265579223632813 -0.030181884765625 -0.095367431640625
-0.1065673828125 0.225982666015625 -0.0125503540039063 -0.0884246826171875
-0.168869018554688 0.194488525390625 0.0184555053710937 -0.0557518005371094
-0.250289916992187 0.0654449462890625 0.0441932678222656 -0.0281486511230469
-0.30133056640625 -0.0208740234375001 -0.0178871154785156 0.0561027526855469
-0.315704345703125 -0.05462646484375 -0.0582504272460938 0.0704345703125
-0.213241577148438 -0.046875 -0.272537231445313 -0.149581909179687
-0.197708129882812 -0.0238494873046875 -0.192779541015625 -0.0555877685546875
-0.1595458984375 0.00796508789062499 -0.0404510498046875 -0.0181961059570313
-0.14727783203125 0.05792236328125 0.00756072998046875 -0.0786056518554688
-0.110038757324219 0.102935791015625 0.0100326538085937 -0.135810852050781
-0.049591064453125 0.1756591796875 -0.0303802490234375 -0.168975830078125
0.00918579101562498 0.17169189453125 -0.093414306640625 -0.183944702148438
0.0188751220703125 0.1690673828125 -0.108474731445313 -0.173248291015625
0.0186920166015625 0.194229125976563 -0.0923614501953125 -0.168655395507813
-0.028961181640625 0.187301635742187 -0.0386505126953125 -0.161788940429687
-0.0961456298828125 0.14617919921875 -0.00753021240234375 -0.125938415527344
-0.131881713867188 0.115737915039063 0.0193214416503906 -0.0695343017578125
-0.1722412109375 0.0229949951171875 0.013702392578125 -0.0230674743652344
-0.20556640625 -0.0273895263671875 -0.0927276611328125 0.049835205078125
-0.225448608398438 -0.038818359375 -0.1505126953125 0.0257720947265625
-0.0836715698242187 0.00370025634765627 -0.330169677734375 -0.159820556640625
-0.0622482299804688 -0.00650405883789062 -0.235992431640625 -0.054931640625
-0.0384979248046875 -0.00698471069335937 -0.0704574584960938 -0.00706481933593751
-0.0505943298339844 -0.00315093994140624 -0.00583648681640625 -0.0801925659179688
-0.0537033081054688 0.0232734680175781 0.00236511230468749 -0.145050048828125
-0.0374298095703125 0.0751800537109375 -0.049163818359375 -0.205245971679688
-0.0111083984375 0.0761871337890625 -0.118988037109375 -0.2269287109375
0.00182342529296876 0.0766754150390625 -0.131820678710938 -0.214752197265625
-0.00311279296875001 0.09698486328125 -0.101654052734375 -0.213485717773437
-0.0300521850585938 0.0826644897460938 -0.0322113037109375 -0.204391479492188
-0.0577201843261719 0.0502548217773437 0.00802612304687498 -0.1436767578125
-0.0606498718261719 0.0330314636230469 0.0253677368164062 -0.0731887817382813
-0.0634498596191406 -0.000785827636718756 -0.0126180648803711 -0.0161323547363281
-0.082794189453125 -0.00955963134765626 -0.144805908203125 0.0345916748046875
-0.105117797851563 -0.00539398193359377 -0.208251953125 -0.012481689453125
-0.044464111328125 -0.054443359375 0.251541137695313 -0.030517578125
-0.0624618530273437 -0.0481185913085938 0.171737670898438 -0.048828125
-0.0783309936523438 -0.000312805175781247 0.0106315612792969 -0.0232715606689453
-0.0470085144042969 0.0417518615722656 -0.0396194458007813 0.0755462646484375
-0.0165061950683594 0.0365219116210938 -0.037017822265625 0.14581298828125
0.00828361511230469 0.029144287109375 0.0365753173828125 0.231964111328125
0.0272502899169922 0.0305824279785156 0.1300048828125 0.249542236328125
0.0202884674072266 0.0306587219238281 0.16162109375 0.224395751953125
0.0303745269775391 0.0232982635498047 0.1387939453125 0.2216796875
0.0310897827148438 0.0417556762695313 0.0727386474609375 0.212921142578125
0.0173301696777344 0.0609474182128906 0.0352706909179688 0.1373291015625
-0.0118255615234375 0.0718994140625 0.0398979187011719 0.0611686706542969
-0.0663108825683594 0.0459251403808594 0.120048522949219 0.02325439453125
-0.0697212219238281 0.00564956665039064 0.291961669921875 0.03277587890625
-0.0398139953613281 -0.000354766845703124 0.3828125 0.201995849609375
-0.186203002929688 -0.0967864990234375 0.226119995117188 -0.02606201171875
-0.197662353515625 -0.0737762451171875 0.159271240234375 -0.0373382568359375
-0.200912475585938 -0.00624084472656251 0.0282516479492187 -0.0302772521972656
-0.158676147460937 0.08795166015625 -0.0335197448730469 0.0555801391601563
-0.0886764526367187 0.116630554199219 -0.0396499633789063 0.116195678710938
-0.0113983154296875 0.143585205078125 0.02679443359375 0.211044311523438
0.048675537109375 0.140480041503906 0.109893798828125 0.226226806640625
0.0449905395507813 0.133354187011719 0.140899658203125 0.197723388671875
0.0585784912109375 0.135490417480469 0.126693725585938 0.192611694335938
0.039642333984375 0.153350830078125 0.0746307373046875 0.18536376953125
-0.0185546875 0.157745361328125 0.0366973876953125 0.112007141113281
-0.0739898681640625 0.157958984375 0.0424118041992187 0.0403327941894531
-0.166046142578125 0.085174560546875 0.131752014160156 -0.006256103515625
-0.20361328125 0.00817871093749999 0.282684326171875 0.022308349609375
-0.181716918945313 -0.017822265625 0.3607177734375 0.19140625
-0.29949951171875 -0.127166748046875 0.152908325195312 -0.0432281494140625
-0.30877685546875 -0.092498779296875 0.114356994628906 -0.035064697265625
-0.302520751953125 -0.0109252929687499 0.0401496887207031 -0.0310325622558594
-0.252151489257813 0.122222900390625 -0.0168190002441406 0.0284805297851563
-0.154220581054687 0.1837158203125 -0.0296859741210938 0.0690727233886719
-0.032562255859375 0.23773193359375 0.0197296142578125 0.154327392578125
0.0625762939453125 0.227325439453125 0.076019287109375 0.167236328125
0.06500244140625 0.217071533203125 0.099212646484375 0.142379760742188
0.0849761962890625 0.227890014648437 0.088104248046875 0.139183044433594
0.047119140625 0.246383666992187 0.0576553344726563 0.132911682128906
-0.04119873046875 0.24041748046875 0.0299301147460937 0.0702705383300781
-0.118682861328125 0.231903076171875 0.0422096252441406 0.0160484313964844
-0.244720458984375 0.122756958007813 0.124885559082031 -0.0278244018554687
-0.307403564453125 0.02001953125 0.239059448242187 0.0212860107421875
-0.298614501953125 -0.0248718261718749 0.292236328125 0.1719970703125
-0.369659423828125 -0.1326904296875 0.0505943298339844 -0.0654144287109375
-0.378173828125 -0.087890625 0.04449462890625 -0.032470703125
-0.359893798828125 -0.00134277343750006 0.0398521423339844 -0.0289955139160156
-0.3057861328125 0.148834228515625 0.0031163692474365 -0.000981569290161124
-0.193023681640625 0.224746704101563 -0.0113115310668945 0.00953674316406251
-0.04949951171875 0.2978515625 0.0121994018554688 0.0726089477539063
0.06671142578125 0.28125 0.030914306640625 0.08074951171875
0.0717620849609375 0.267303466796875 0.0422401428222656 0.0644950866699219
0.09625244140625 0.285369873046875 0.0367240905761719 0.0669517517089844
0.047576904296875 0.30499267578125 0.0280227661132813 0.0623626708984375
-0.061920166015625 0.290496826171875 0.0129489898681641 0.0184593200683594
-0.150894165039063 0.27630615234375 0.0336341857910156 -0.0101566314697265
-0.290985107421875 0.142852783203125 0.104766845703125 -0.04132080078125
-0.3680419921875 0.028717041015625 0.167144775390625 0.0302886962890625
-0.371307373046875 -0.0279541015625001 0.18902587890625 0.148406982421875
-0.386566162109375 -0.114227294921875 -0.0731582641601563 -0.0930709838867188
-0.387298583984375 -0.0625610351562501 -0.0458717346191406 -0.0346107482910156
-0.354461669921875 0.0155944824218749 0.0228424072265625 -0.0235576629638672
-0.303619384765625 0.153564453125 0.0148601531982422 -0.0338478088378906
-0.194107055664063 0.227569580078125 0.00192260742187499 -0.0547981262207031
-0.052978515625 0.3095703125 -0.00193023681640625 -0.0233421325683594
0.06170654296875 0.291717529296875 -0.0187664031982422 -0.0197067260742187
0.071624755859375 0.279190063476563 -0.0197086334228516 -0.0222835540771484
0.08966064453125 0.30352783203125 -0.0213699340820312 -0.0172119140625
0.034881591796875 0.318450927734375 -0.00909805297851563 -0.019744873046875
-0.082183837890625 0.294281005859375 -0.00821685791015626 -0.0406112670898437
-0.166305541992188 0.274215698242188 0.0244140625 -0.03564453125
-0.29833984375 0.13323974609375 0.0740585327148437 -0.0396194458007812
-0.37469482421875 0.02301025390625 0.076263427734375 0.04864501953125
-0.383453369140625 -0.0306396484374999 0.0665435791015625 0.117477416992188
-0.3363037109375 -0.0783081054687501 -0.196136474609375 -0.11566162109375
-0.329803466796875 -0.031463623046875 -0.133567810058594 -0.0360107421875
-0.28485107421875 0.029083251953125 -0.00651931762695314 -0.0219211578369141
-0.243499755859375 0.129806518554688 0.0147705078125 -0.0648422241210937
-0.162002563476562 0.191436767578125 0.00649261474609375 -0.111717224121094
-0.0464935302734375 0.271484375 -0.0239334106445313 -0.111122131347656
0.047027587890625 0.255325317382813 -0.0683822631835937 -0.112464904785156
0.0576019287109375 0.246658325195312 -0.0807037353515625 -0.105430603027344
0.0710601806640625 0.272476196289062 -0.0749664306640625 -0.0986862182617188
0.01055908203125 0.282470703125 -0.0395660400390625 -0.0995559692382812
-0.094024658203125 0.248458862304688 -0.0195083618164063 -0.0913543701171875
-0.16253662109375 0.219711303710938 0.0173568725585937 -0.0583267211914062
-0.2618408203125 0.0895538330078125 0.0400238037109375 -0.0318984985351562
-0.32421875 0.00460815429687502 -0.013275146484375 0.0611381530761719
-0.337432861328125 -0.0306091308593749 -0.055694580078125 0.0810089111328125
-0.232650756835937 -0.032562255859375 -0.29425048828125 -0.135406494140625
-0.2154541015625 -0.00805664062500002 -0.2059326171875 -0.039398193359375
-0.172409057617188 0.0232086181640625 -0.041656494140625 -0.0144424438476562
-0.154159545898438 0.07373046875 0.00257873535156249 -0.0833816528320313
-0.108451843261719 0.122276306152344 -0.00169372558593752 -0.145660400390625
-0.0374755859375 0.190628051757812 -0.0479583740234375 -0.1766357421875
0.0250396728515625 0.183349609375 -0.11328125 -0.185989379882813
0.0355072021484375 0.177001953125 -0.1259765625 -0.172195434570312
0.0399322509765625 0.20257568359375 -0.108963012695312 -0.16937255859375
-0.0102386474609375 0.201385498046875 -0.0532379150390625 -0.166549682617188
-0.090545654296875 0.1644287109375 -0.0166397094726563 -0.132041931152344
-0.129219055175781 0.135391235351563 0.015533447265625 -0.0733718872070312
-0.181350708007813 0.0389556884765625 0.00994110107421874 -0.0254936218261719
-0.22418212890625 -0.00953674316406252 -0.0930099487304688 0.0632705688476562
-0.243637084960937 -0.0232086181640625 -0.156707763671875 0.0407257080078125
-0.0916900634765625 0.0107803344726563 -0.357208251953125 -0.142669677734375
-0.0692520141601563 -0.00149917602539064 -0.251083374023438 -0.0355224609375
-0.0449600219726562 -0.00539779663085938 -0.0732192993164063 -0.00193023681640624
-0.0570793151855469 0.00272369384765625 -0.0127792358398438 -0.084991455078125
-0.0556526184082031 0.0327186584472656 -0.00823974609374999 -0.15557861328125
-0.0288238525390625 0.08416748046875 -0.068145751953125 -0.212966918945313
-0.00385284423828124 0.0840377807617188 -0.143844604492187 -0.230209350585938
0.009368896484375 0.0809173583984375 -0.157257080078125 -0.2135009765625
0.00736999511718749 0.102470397949219 -0.125732421875 -0.21600341796875
-0.02276611328125 0.0922012329101563 -0.0499114990234375 -0.21246337890625
-0.0571975708007813 0.0619354248046875 -0.00433349609374999 -0.152984619140625
-0.0614204406738281 0.0408782958984375 0.0201187133789062 -0.0811309814453125
-0.0690383911132813 0.00605392456054686 -0.0172796249389648 -0.0129909515380859
-0.0919570922851563 -0.00240325927734376 -0.151031494140625 0.0512237548828125
-0.115806579589844 0.00357818603515627 -0.224853515625 0.003753662109375
-0.0469512939453125 -0.0519294738769531 0.258819580078125 -0.05291748046875
-0.0667076110839844 -0.047332763671875 0.173507690429688 -0.066497802734375
-0.0793075561523438 0.00261688232421874 0.0110206604003906 -0.0250358581542969
-0.0444450378417969 0.0419845581054688 -0.0339584350585938 0.079315185546875
-0.0155372619628906 0.0375938415527344 -0.0246124267578125 0.15179443359375
0.00816726684570313 0.02880859375 0.058319091796875 0.234909057617188
0.0279636383056641 0.0290565490722656 0.154983520507813 0.24346923828125
0.0214939117431641 0.0285911560058594 0.182937622070313 0.215789794921875
0.0316486358642578 0.0201396942138672 0.16162109375 0.216064453125
0.0355224609375 0.038848876953125 0.09466552734375 0.212265014648437
0.0217628479003906 0.0602760314941406 0.0487747192382813 0.138519287109375
-0.00582122802734375 0.0724411010742188 0.0459022521972656 0.0605659484863281
-0.0626106262207031 0.0515060424804688 0.123550415039063 0.0150985717773438
-0.06842041015625 0.0118293762207031 0.296844482421875 0.007598876953125
-0.03662109375 0.00187683105468749 0.4061279296875 0.175048828125
-0.1942138671875 -0.0839996337890625 0.232009887695312 -0.0460205078125
-0.20587158203125 -0.062347412109375 0.163543701171875 -0.0521392822265625
-0.207122802734375 0.00840759277343754 0.028635025024414 -0.0326957702636719
-0.154525756835937 0.0998382568359375 -0.0276451110839844 0.0586509704589844
-0.083221435546875 0.126266479492188 -0.0293807983398438 0.121879577636719
-0.00234985351562499 0.146759033203125 0.047637939453125 0.211776733398438
0.0601730346679687 0.13763427734375 0.132537841796875 0.221694946289062
0.0562744140625 0.131736755371094 0.160888671875 0.190216064453125
0.0700454711914063 0.130912780761719 0.146377563476563 0.187545776367188
0.051483154296875 0.15289306640625 0.091705322265625 0.184890747070312
-0.00445556640625001 0.163101196289063 0.0485916137695313 0.111465454101563
-0.0605316162109375 0.166351318359375 0.0492706298828125 0.0388336181640625
-0.16412353515625 0.0996246337890625 0.132499694824219 -0.0158767700195312
-0.206939697265625 0.0256195068359375 0.290008544921875 -0.00128173828125
-0.186279296875 -0.00354003906249999 0.3841552734375 0.16741943359375
-0.314727783203125 -0.107452392578125 0.160232543945312 -0.05499267578125
-0.3212890625 -0.0688171386718751 0.119483947753906 -0.04241943359375
-0.311492919921875 0.011016845703125 0.0418815612792969 -0.0350227355957031
-0.248764038085938 0.14398193359375 -0.0110359191894531 0.0316181182861328
-0.144424438476562 0.19970703125 -0.0217742919921875 0.0717697143554688
-0.016326904296875 0.246917724609375 0.035980224609375 0.153335571289063
0.0810699462890625 0.228012084960937 0.093353271484375 0.163040161132813
0.084259033203125 0.215423583984375 0.1138916015625 0.136360168457031
0.104690551757813 0.22314453125 0.105209350585938 0.136100769042969
0.068572998046875 0.247756958007813 0.0713577270507812 0.132728576660156
-0.022705078125 0.251419067382812 0.0375328063964844 0.0691680908203125
-0.101455688476563 0.246780395507813 0.0467109680175781 0.014434814453125
-0.24163818359375 0.144668579101563 0.123489379882813 -0.0384674072265625
-0.315032958984375 0.0477294921874999 0.245391845703125 0.0016021728515625
-0.306121826171875 -0.000640869140624937 0.3140869140625 0.1552734375
-0.39013671875 -0.107879638671875 0.0517654418945312 -0.06878662109375
-0.393829345703125 -0.057464599609375 0.0475616455078125 -0.0353050231933594
-0.370513916015625 0.0254821777343749 0.0400238037109375 -0.0334320068359375
-0.30322265625 0.1761474609375 0.00721693038940428 4.24385070800889E-05
-0.17987060546875 0.244949340820313 -0.00805187225341798 0.00913906097412111
-0.026214599609375 0.310577392578125 0.02081298828125 0.0692939758300782
0.0906982421875 0.2833251953125 0.0407257080078125 0.0780410766601563
0.09759521484375 0.266647338867187 0.0501556396484375 0.06298828125
0.123321533203125 0.282867431640625 0.046142578125 0.0653152465820313
0.075927734375 0.308349609375 0.0350570678710938 0.0628814697265625
-0.040008544921875 0.30499267578125 0.0172500610351562 0.0170269012451172
-0.130126953125 0.295318603515625 0.03668212890625 -0.01324462890625
-0.2880859375 0.1689453125 0.101173400878906 -0.047149658203125
-0.3763427734375 0.0607299804687499 0.173431396484375 0.0185699462890625
-0.379791259765625 0.00146484375000002 0.205947875976562 0.13824462890625
-0.404388427734375 -0.0883483886718749 -0.0761032104492188 -0.0887298583984375
-0.401947021484375 -0.0321044921875 -0.04364013671875 -0.0284500122070312
-0.366180419921875 0.0454711914062499 0.0241012573242187 -0.0281715393066406
-0.299957275390625 0.183074951171875 0.0170669555664062 -0.0341758728027344
-0.181564331054688 0.251815795898438 0.00110244750976561 -0.0578956604003906
-0.028564453125 0.323089599609375 -0.00170326232910157 -0.0277290344238281
0.088470458984375 0.2945556640625 -0.0189075469970703 -0.0187568664550781
0.098052978515625 0.278030395507813 -0.0196437835693359 -0.0199527740478515
0.119964599609375 0.30108642578125 -0.0211429595947266 -0.0146369934082031
0.065155029296875 0.3243408203125 -0.00951385498046875 -0.0172119140625
-0.0572509765625 0.312744140625 -0.00827407836914063 -0.0400657653808594
-0.146453857421875 0.2943115234375 0.0230064392089844 -0.0387229919433594
-0.297088623046875 0.159088134765625 0.0708465576171875 -0.043792724609375
-0.385528564453125 0.0555419921875001 0.0829238891601562 0.044647216796875
-0.394439697265625 -0.000335693359375009 0.0768966674804687 0.118263244628906
-0.35223388671875 -0.053741455078125 -0.201828002929688 -0.102981567382812
-0.341339111328125 -0.00247192382812495 -0.134025573730469 -0.0231399536132813
-0.294921875 0.0523376464843749 -0.00532913208007814 -0.0222682952880859
-0.2425537109375 0.156234741210937 0.0127372741699219 -0.0652732849121094
-0.149627685546875 0.213531494140625 -0.00159454345703127 -0.115776062011719
-0.024261474609375 0.28265380859375 -0.029998779296875 -0.115501403808594
0.07135009765625 0.259719848632813 -0.077789306640625 -0.110527038574219
0.0823974609375 0.246917724609375 -0.0878829956054687 -0.0996932983398438
0.097564697265625 0.27276611328125 -0.0808029174804687 -0.094451904296875
0.038818359375 0.288330078125 -0.0478363037109375 -0.096221923828125
-0.07342529296875 0.266845703125 -0.02545166015625 -0.0926666259765625
-0.14666748046875 0.24114990234375 0.0133628845214844 -0.0609893798828125
-0.26434326171875 0.114013671875 0.0365753173828125 -0.0349464416503906
-0.334930419921875 0.03265380859375 -0.00947570800781252 0.0661201477050781
-0.34930419921875 -0.00384521484374996 -0.0516586303710938 0.0908050537109375
-0.24365234375 -0.0166778564453125 -0.306610107421875 -0.1141357421875
-0.223190307617188 0.0112915039062499 -0.21026611328125 -0.0193328857421875
-0.179336547851563 0.0366973876953125 -0.0403060913085938 -0.0115127563476563
-0.153732299804687 0.09521484375 -0.00164031982421876 -0.085662841796875
-0.102806091308594 0.138114929199219 -0.0120697021484375 -0.150848388671875
-0.0194244384765625 0.199371337890625 -0.0628204345703125 -0.181045532226563
0.0439605712890625 0.186233520507813 -0.12933349609375 -0.181396484375
0.0550994873046875 0.178390502929688 -0.142044067382813 -0.165130615234375
0.0614013671875 0.205245971679688 -0.124435424804687 -0.162872314453125
0.00860595703125 0.208465576171875 -0.0692901611328125 -0.164688110351563
-0.0765838623046875 0.178436279296875 -0.0277557373046875 -0.134368896484375
-0.119216918945313 0.151229858398437 0.0102691650390625 -0.0770263671875
-0.18572998046875 0.0567474365234375 0.00569725036621093 -0.0228214263916016
-0.234649658203125 0.0101318359374999 -0.0898056030273438 0.0731353759765625
-0.251907348632812 -0.00271606445312503 -0.158111572265625 0.0565032958984375
-0.096282958984375 0.01531982421875 -0.374359130859375 -0.116241455078125
-0.0748443603515625 0.00598144531249999 -0.258880615234375 -0.013214111328125
-0.0510787963867188 2.28881835937521E-05 -0.0721588134765625 0.00445556640624999
-0.0610885620117188 0.0112762451171875 -0.0184249877929688 -0.086395263671875
-0.0547752380371094 0.0407066345214844 -0.02337646484375 -0.158493041992188
-0.0213623046875 0.0903472900390625 -0.0892791748046875 -0.214096069335938
0.00634765624999999 0.0877304077148438 -0.16632080078125 -0.221786499023438
0.0198287963867187 0.0836639404296875 -0.174758911132813 -0.204986572265625
0.0203323364257813 0.103729248046875 -0.1444091796875 -0.208587646484375
-0.01214599609375 0.09686279296875 -0.0705413818359375 -0.211456298828125
-0.0520515441894531 0.0687751770019531 -0.016998291015625 -0.15484619140625
-0.0564193725585937 0.0504798889160156 0.013641357421875 -0.08197021484375
-0.0719146728515625 0.01300048828125 -0.0202388763427734 -0.0116558074951172
-0.0984573364257813 0.00824737548828127 -0.150146484375 0.0665740966796875
-0.119476318359375 0.01275634765625 -0.230010986328125 0.0236663818359375
-0.0470199584960938 -0.0501632690429688 0.259185791015625 -0.07049560546875
-0.0680694580078125 -0.0460548400878906 0.172698974609375 -0.079132080078125
-0.0798110961914063 0.00428771972656249 0.0106220245361328 -0.0261974334716797
-0.0427474975585938 0.0421257019042969 -0.0278244018554688 0.0795516967773438
-0.0156326293945313 0.0367393493652344 -0.014404296875 0.153228759765625
0.00709152221679688 0.027862548828125 0.0748138427734375 0.23150634765625
0.0267868041992188 0.0271625518798828 0.171249389648437 0.233901977539062
0.0213985443115234 0.027191162109375 0.196701049804688 0.204330444335938
0.0302181243896484 0.0173568725585938 0.176162719726563 0.207611083984375
0.0362434387207031 0.0348930358886719 0.1085205078125 0.20953369140625
0.0264091491699219 0.0576858520507813 0.0578460693359375 0.137466430664062
-0.000816345214843757 0.07177734375 0.0487098693847656 0.0598487854003906
-0.0577468872070313 0.0557670593261719 0.123611450195313 0.00861358642578126
-0.0650825500488281 0.0158920288085937 0.297027587890625 -0.010406494140625
-0.0337257385253906 0.004638671875 0.4154052734375 0.15264892578125
-0.198532104492188 -0.0751190185546875 0.233749389648438 -0.060821533203125
-0.208267211914063 -0.051605224609375 0.164276123046875 -0.0630950927734375
-0.208023071289063 0.01605224609375 0.0291061401367187 -0.0359535217285156
-0.149917602539063 0.106460571289063 -0.0207557678222656 0.0579986572265625
-0.078216552734375 0.131065368652344 -0.0206298828125 0.12286376953125
0.0043792724609375 0.148468017578125 0.0631103515625 0.207534790039063
0.0666885375976563 0.135551452636719 0.148330688476563 0.212814331054688
0.0635452270507812 0.128395080566406 0.173446655273438 0.180999755859375
0.0783615112304688 0.127098083496094 0.159622192382813 0.180709838867188
0.06072998046875 0.14892578125 0.104217529296875 0.181625366210938
0.0054779052734375 0.164154052734375 0.0567779541015625 0.109786987304688
-0.0504913330078125 0.169815063476563 0.0525398254394531 0.0379905700683594
-0.159423828125 0.109329223632812 0.129264831542969 -0.0216903686523437
-0.205795288085938 0.0389862060546875 0.289093017578125 -0.01904296875
-0.184738159179687 0.00761413574218754 0.39459228515625 0.147369384765625
-0.322235107421875 -0.0903930664062501 0.162445068359375 -0.06439208984375
-0.3250732421875 -0.0523376464843749 0.121856689453125 -0.0500259399414063
-0.315521240234375 0.02587890625 0.0419845581054687 -0.0392684936523438
-0.243804931640625 0.15850830078125 -0.00573730468750001 0.0315723419189453
-0.135635375976562 0.20928955078125 -0.0153121948242188 0.0723724365234375
-0.003173828125 0.250137329101563 0.048553466796875 0.148727416992188
0.0946044921875 0.225250244140625 0.105514526367188 0.156097412109375
0.0978546142578125 0.212005615234375 0.124954223632813 0.130104064941406
0.118484497070312 0.217666625976562 0.116470336914063 0.130500793457031
0.085174560546875 0.243881225585937 0.0818023681640625 0.130645751953125
-0.00723266601562498 0.255294799804688 0.0434989929199219 0.0681571960449219
-0.086883544921875 0.25531005859375 0.0483207702636719 0.0123443603515625
-0.237289428710938 0.159774780273438 0.118949890136719 -0.0424728393554688
-0.314544677734375 0.06768798828125 0.245452880859375 -0.0125732421875
-0.306976318359375 0.0159912109374999 0.32440185546875 0.139373779296875
-0.399078369140625 -0.085906982421875 0.055694580078125 -0.0730361938476563
-0.398101806640625 -0.03607177734375 0.051055908203125 -0.0363960266113281
-0.375091552734375 0.04571533203125 0.0416374206542969 -0.0358619689941406
-0.29547119140625 0.1951904296875 0.0111970901489258 -0.000293731689453113
-0.168380737304687 0.258880615234375 -0.00610733032226564 0.00839185714721681
-0.00842285156250001 0.314697265625 0.0280303955078125 0.0649795532226563
0.108367919921875 0.280624389648438 0.0483474731445313 0.0742645263671875
0.116546630859375 0.262619018554688 0.05712890625 0.0598831176757813
0.141830444335938 0.276824951171875 0.053955078125 0.0629005432128906
0.096435546875 0.305999755859375 0.04150390625 0.0620651245117188
-0.0206298828125 0.3126220703125 0.0206718444824219 0.0159835815429688
-0.112945556640625 0.306304931640625 0.0371971130371094 -0.0140762329101562
-0.284759521484375 0.18768310546875 0.0962600708007812 -0.050201416015625
-0.378265380859375 0.0849609375 0.175155639648437 0.0096435546875
-0.38067626953125 0.0223693847656251 0.215225219726562 0.129806518554688
-0.4140625 -0.06591796875 -0.0737838745117188 -0.0843658447265625
-0.4058837890625 -0.007293701171875 -0.0396881103515625 -0.0232467651367187
-0.371063232421875 0.065643310546875 0.0260906219482422 -0.0293540954589844
-0.29296875 0.204803466796875 0.0192546844482422 -0.0347251892089844
-0.167800903320312 0.267440795898438 -0.00173950195312501 -0.0602684020996094
-0.00827026367187499 0.328643798828125 -0.00113868713378907 -0.0312728881835937
0.107147216796875 0.292083740234375 -0.0175762176513672 -0.0199203491210937
0.1170654296875 0.273880004882813 -0.0189094543457031 -0.0187664031982422
0.1417236328125 0.295257568359375 -0.01824951171875 -0.0129432678222656
0.08782958984375 0.322235107421875 -0.00842189788818359 -0.015268325805664
-0.037200927734375 0.32110595703125 -0.0078582763671875 -0.0393943786621094
-0.129058837890625 0.307342529296875 0.0229110717773437 -0.0398902893066406
-0.294708251953125 0.178131103515625 0.0648078918457031 -0.0452728271484375
-0.387725830078125 0.0802001953125 0.0864486694335937 0.041412353515625
-0.396392822265625 0.022674560546875 0.0849685668945312 0.116714477539063
-0.361724853515625 -0.035064697265625 -0.202041625976563 -0.092132568359375
-0.344482421875 0.01776123046875 -0.131240844726563 -0.0117340087890625
-0.29931640625 0.07080078125 -0.00335121154785158 -0.0211162567138672
-0.23785400390625 0.17523193359375 0.0133552551269531 -0.0662155151367188
-0.138229370117188 0.227951049804687 -0.00748443603515625 -0.11798095703125
-0.00479125976562498 0.287567138671875 -0.0367355346679688 -0.118194580078125
0.0906219482421875 0.258148193359375 -0.0829238891601562 -0.107688903808594
0.0998687744140625 0.243942260742188 -0.0910415649414063 -0.09564208984375
0.1181640625 0.268035888671875 -0.0840530395507812 -0.08966064453125
0.059906005859375 0.2889404296875 -0.0521469116210937 -0.0930938720703125
-0.0578155517578125 0.276397705078125 -0.0291061401367188 -0.0917892456054687
-0.132095336914062 0.254562377929688 0.0116996765136719 -0.0623283386230469
-0.263900756835938 0.131668090820312 0.0322933197021484 -0.0336208343505859
-0.339447021484375 0.054901123046875 -0.00528717041015627 0.0687408447265625
-0.35247802734375 0.015777587890625 -0.0452117919921875 0.0964279174804687
-0.249893188476563 -0.00408935546875 -0.3094482421875 -0.09619140625
-0.226348876953125 0.0253448486328125 -0.20843505859375 -0.00341796874999997
-0.183334350585938 0.0489044189453125 -0.0388221740722656 -0.0098419189453125
-0.152191162109375 0.108139038085937 -0.0045623779296875 -0.0847320556640625
-0.0948333740234375 0.148956298828125 -0.02069091796875 -0.152206420898438
-0.00471496582031249 0.204177856445313 -0.073638916015625 -0.180145263671875
0.058990478515625 0.18695068359375 -0.140243530273438 -0.175155639648438
0.069061279296875 0.17669677734375 -0.14990234375 -0.157760620117187
0.0779266357421875 0.202194213867188 -0.132080078125 -0.156112670898438
0.0243377685546875 0.21063232421875 -0.077850341796875 -0.16058349609375
-0.0652313232421875 0.18780517578125 -0.0345687866210938 -0.132949829101563
-0.109878540039063 0.16156005859375 0.00730133056640624 -0.0776748657226562
-0.18670654296875 0.069488525390625 0.00214767456054686 -0.0213394165039062
-0.239151000976562 0.0270843505859375 -0.0864486694335937 0.0806198120117188
-0.2554931640625 0.0124969482421875 -0.156326293945313 0.0684051513671875
-0.0990829467773438 0.0195999145507813 -0.379302978515625 -0.096435546875
-0.0778045654296875 0.0110549926757813 -0.259033203125 0.00349426269531255
-0.0548629760742188 0.00356674194335938 -0.0699844360351563 0.00846481323242187
-0.0626754760742187 0.0186576843261719 -0.0226211547851563 -0.0858078002929688
-0.052764892578125 0.0483551025390625 -0.033355712890625 -0.160079956054688
-0.0131759643554687 0.0927886962890625 -0.104385375976563 -0.210678100585938
0.0144271850585937 0.0884552001953125 -0.180999755859375 -0.213424682617187
0.0272140502929688 0.0835037231445313 -0.187835693359375 -0.195327758789063
0.0294876098632813 0.103179931640625 -0.15667724609375 -0.200927734375
-0.00237274169921875 0.0991134643554688 -0.08367919921875 -0.20745849609375
-0.046630859375 0.0746383666992188 -0.0250701904296875 -0.154190063476563
-0.05279541015625 0.0563278198242187 0.00978851318359375 -0.0827102661132813
-0.0728302001953125 0.019989013671875 -0.0226917266845703 -0.00882339477539063
-0.102119445800781 0.0173721313476563 -0.14727783203125 0.0769805908203125
-0.122398376464844 0.0204010009765625 -0.231887817382813 0.03863525390625
-0.0465545654296875 -0.0503730773925781 0.2615966796875 -0.0818939208984375
-0.0687904357910156 -0.0476875305175781 0.174026489257813 -0.088897705078125
-0.081268310546875 0.00428771972656251 0.0114574432373047 -0.0287113189697266
-0.0431709289550781 0.0407638549804688 -0.02392578125 0.079010009765625
-0.0167655944824219 0.0368232727050781 -0.00798034667968752 0.154678344726562
0.00531959533691407 0.0283298492431641 0.0861358642578125 0.230392456054688
0.0252094268798828 0.0271224975585938 0.183197021484375 0.229827880859375
0.0203838348388672 0.0261802673339844 0.207061767578125 0.199813842773438
0.0286426544189453 0.0159225463867188 0.187210083007813 0.20477294921875
0.0362930297851563 0.0320816040039063 0.118911743164063 0.2099609375
0.0297126770019531 0.055267333984375 0.0640411376953125 0.139396667480469
0.00189208984375 0.0705337524414063 0.0508613586425781 0.0605201721191406
-0.0543670654296875 0.0581283569335938 0.124801635742188 0.00579833984375
-0.0617332458496094 0.0187797546386719 0.297882080078125 -0.02166748046875
-0.0305633544921875 0.00547409057617188 0.423614501953125 0.142333984375
-0.202239990234375 -0.0701141357421875 0.238525390625 -0.0708465576171875
-0.211181640625 -0.0472564697265625 0.16778564453125 -0.0709686279296875
-0.212432861328125 0.0204620361328125 0.0307655334472656 -0.0390625
-0.150177001953125 0.111129760742188 -0.0164413452148438 0.0579719543457031
-0.0767822265625 0.135520935058594 -0.0142669677734375 0.123283386230469
0.0072021484375 0.150588989257812 0.0738372802734375 0.204620361328125
0.0710525512695313 0.135704040527344 0.160202026367188 0.20892333984375
0.068328857421875 0.127151489257813 0.184402465820313 0.176254272460938
0.082122802734375 0.125541687011719 0.170700073242188 0.178131103515625
0.0665130615234375 0.1478271484375 0.115158081054687 0.18231201171875
0.01275634765625 0.166183471679688 0.0626220703125 0.110176086425781
-0.04486083984375 0.17364501953125 0.0542755126953125 0.0385398864746094
-0.157730102539062 0.117080688476562 0.129257202148438 -0.0229721069335937
-0.206008911132812 0.04803466796875 0.291351318359375 -0.0296630859375
-0.184066772460938 0.0131988525390625 0.404571533203125 0.13739013671875
-0.330718994140625 -0.0814208984375 0.167724609375 -0.071807861328125
-0.330108642578125 -0.043182373046875 0.127410888671875 -0.0546188354492188
-0.3223876953125 0.035003662109375 0.0433082580566406 -0.0427589416503906
-0.24346923828125 0.168807983398438 -0.000974655151367205 0.0308303833007813
-0.131271362304688 0.217758178710938 -0.010589599609375 0.0716476440429688
0.00399780273437502 0.254379272460937 0.0566253662109375 0.145339965820313
0.103302001953125 0.2254638671875 0.115219116210937 0.152496337890625
0.106552124023438 0.210433959960938 0.133705139160156 0.126625061035156
0.128753662109375 0.215728759765625 0.126609802246094 0.127983093261719
0.0963287353515625 0.243743896484375 0.0906143188476562 0.131217956542969
0.00320434570312501 0.260101318359375 0.0495223999023438 0.0682106018066406
-0.07916259765625 0.262222290039063 0.0504379272460937 0.0123519897460938
-0.237014770507813 0.1708984375 0.117172241210937 -0.0434036254882812
-0.3179931640625 0.081390380859375 0.247650146484375 -0.020843505859375
-0.308624267578125 0.025909423828125 0.3341064453125 0.131866455078125
-0.4093017578125 -0.07373046875 0.0600051879882812 -0.077117919921875
-0.403533935546875 -0.022796630859375 0.0564651489257812 -0.0373153686523438
-0.38330078125 0.058074951171875 0.0437774658203125 -0.0393028259277344
-0.294525146484375 0.209625244140625 0.0157136917114258 -0.00131797790527342
-0.162124633789063 0.270416259765625 -0.00362253189086915 0.0065741539001465
0.00292968750000001 0.32049560546875 0.0324935913085938 0.0602340698242188
0.121185302734375 0.281890869140625 0.05438232421875 0.07171630859375
0.129119873046875 0.26239013671875 0.063140869140625 0.0586585998535156
0.155807495117187 0.275527954101563 0.0606689453125 0.0615653991699219
0.111724853515625 0.30670166015625 0.0465927124023438 0.0632438659667969
-0.00793457031250001 0.319000244140625 0.0240821838378906 0.0155506134033203
-0.10308837890625 0.316009521484375 0.0393028259277344 -0.0144004821777344
-0.285125732421875 0.20220947265625 0.093994140625 -0.0493927001953125
-0.3834228515625 0.1014404296875 0.177459716796875 0.00410461425781251
-0.384552001953125 0.0358581542968749 0.224456787109375 0.126220703125
-0.4251708984375 -0.0529479980468749 -0.0706329345703125 -0.0836105346679688
-0.412384033203125 0.00607299804687498 -0.0345134735107422 -0.0204124450683594
-0.37847900390625 0.0798645019531251 0.0275001525878906 -0.0311050415039062
-0.291107177734375 0.2208251953125 0.0229110717773437 -0.0364265441894531
-0.160507202148438 0.2808837890625 -0.00168609619140626 -0.0629844665527344
0.00433349609374997 0.33477783203125 -0.000850677490234376 -0.0348892211914062
0.1221923828125 0.2933349609375 -0.0160045623779297 -0.0206050872802734
0.13092041015625 0.273666381835938 -0.0172252655029297 -0.0188541412353515
0.157470703125 0.292999267578125 -0.0149602890014648 -0.0136337280273437
0.104949951171875 0.32403564453125 -0.00678730010986328 -0.0143251419067383
-0.024688720703125 0.329833984375 -0.00684356689453125 -0.0402145385742187
-0.119140625 0.31866455078125 0.023773193359375 -0.0406990051269531
-0.296966552734375 0.193511962890625 0.0630340576171875 -0.0436172485351562
-0.39410400390625 0.097381591796875 0.0893096923828125 0.040130615234375
-0.401214599609375 0.035614013671875 0.0914688110351562 0.118110656738281
-0.371429443359375 -0.023162841796875 -0.2008056640625 -0.08770751953125
-0.351715087890625 0.031036376953125 -0.127792358398438 -0.00574493408203124
-0.30682373046875 0.08349609375 -0.00174903869628908 -0.0211734771728516
-0.23602294921875 0.190750122070313 0.0147933959960937 -0.0671806335449219
-0.13134765625 0.24029541015625 -0.0103759765625 -0.120658874511719
0.00778198242187502 0.293304443359375 -0.0407180786132813 -0.121223449707031
0.104873657226562 0.259933471679688 -0.08624267578125 -0.106773376464844
0.113693237304688 0.243743896484375 -0.0931320190429687 -0.0933837890625
0.133087158203125 0.267303466796875 -0.0852203369140625 -0.0886306762695313
0.0751953125 0.291351318359375 -0.0542678833007812 -0.0921554565429687
-0.04583740234375 0.28546142578125 -0.0309295654296875 -0.0926742553710937
-0.124374389648438 0.264572143554688 0.0116386413574219 -0.063385009765625
-0.266403198242188 0.14495849609375 0.0292625427246094 -0.0320224761962891
-0.346405029296875 0.0702514648437499 -0.00194549560546876 0.07098388671875
-0.35809326171875 0.0269165039062499 -0.0419769287109375 0.1009521484375
-0.258590698242188 0.00451660156250005 -0.311279296875 -0.0888671875
-0.23150634765625 0.035400390625 -0.206161499023438 0.00585937499999996
-0.190093994140625 0.0570526123046875 -0.0371742248535156 -0.00843429565429688
-0.151931762695313 0.120651245117188 -0.00436401367187501 -0.085296630859375
-0.090240478515625 0.159576416015625 -0.02618408203125 -0.154739379882813
0.00564575195312502 0.207778930664063 -0.082061767578125 -0.181747436523438
0.0709991455078125 0.188247680664063 -0.147445678710938 -0.173675537109375
0.080078125 0.176956176757813 -0.155960083007813 -0.154373168945313
0.0902252197265625 0.20111083984375 -0.137542724609375 -0.154388427734375
0.036956787109375 0.212860107421875 -0.083740234375 -0.159805297851563
-0.056884765625 0.196121215820313 -0.0383071899414063 -0.133888244628906
-0.10443115234375 0.17010498046875 0.00605010986328124 -0.0793991088867187
-0.18988037109375 0.0800323486328125 -8.96453857421998E-05 -0.0186882019042969
-0.245864868164062 0.0394134521484375 -0.0844345092773438 0.0858535766601563
-0.26153564453125 0.0214080810546875 -0.15618896484375 0.0761871337890625
-0.104019165039063 0.022705078125 -0.383392333984375 -0.0862426757812499
-0.0822296142578125 0.0145797729492188 -0.258804321289063 0.0149383544921875
-0.0592918395996094 0.00641250610351562 -0.0678634643554687 0.0101814270019531
-0.0645523071289062 0.0254554748535156 -0.0247039794921875 -0.0861968994140625
-0.0506057739257813 0.0548439025878906 -0.0410003662109375 -0.161972045898438
-0.007232666015625 0.0955047607421875 -0.114669799804687 -0.210540771484375
0.0220489501953125 0.0897064208984375 -0.191421508789062 -0.209762573242188
0.0342330932617188 0.083221435546875 -0.196212768554687 -0.191299438476563
0.0381546020507812 0.102348327636719 -0.164901733398438 -0.198196411132812
0.0050201416015625 0.101509094238281 -0.092498779296875 -0.206527709960938
-0.0420989990234375 0.0799102783203125 -0.0311279296875 -0.155227661132813
-0.0496673583984375 0.0610885620117188 0.0077667236328125 -0.0842056274414063
-0.074859619140625 0.0260772705078125 -0.0247859954833984 -0.00542068481445312
-0.106620788574219 0.0251083374023437 -0.146377563476563 0.0851287841796875
-0.126556396484375 0.0258407592773437 -0.235137939453125 0.0481414794921875
-0.0461654663085938 -0.0516395568847656 0.271530151367187 -0.0930938720703125
-0.07122802734375 -0.050567626953125 0.179000854492188 -0.0993804931640625
-0.0840301513671875 0.00310516357421875 0.0121917724609375 -0.0326042175292969
-0.0460586547851563 0.0402946472167969 -0.0214767456054687 0.07989501953125
-0.0199775695800781 0.0370597839355469 -0.0025482177734375 0.159103393554688
0.00335693359375 0.0293312072753906 0.0985260009765625 0.23394775390625
0.0238227844238281 0.0281791687011719 0.198333740234375 0.230789184570312
0.0192508697509766 0.0265407562255859 0.221755981445313 0.20037841796875
0.0271892547607422 0.0152168273925781 0.202987670898437 0.207015991210938
0.0373268127441406 0.0306167602539063 0.13250732421875 0.2161865234375
0.0324783325195313 0.0539016723632813 0.071319580078125 0.144271850585938
0.0047607421875 0.0705718994140625 0.0545997619628906 0.0643501281738281
-0.0518989562988281 0.0611991882324219 0.128746032714844 0.00466156005859375
-0.0603141784667969 0.0203590393066406 0.3050537109375 -0.032257080078125
-0.0277557373046875 0.00592994689941406 0.440826416015625 0.136138916015625
-0.209701538085938 -0.0666351318359375 0.249435424804687 -0.0811767578125
-0.21844482421875 -0.0459136962890625 0.175582885742188 -0.0807952880859375
-0.221664428710937 0.0245208740234375 0.0322036743164062 -0.0435867309570313
-0.154159545898438 0.117050170898437 -0.0132598876953125 0.0580673217773438
-0.078399658203125 0.1424560546875 -0.0100784301757813 0.125823974609375
0.0100555419921875 0.156356811523438 0.085235595703125 0.20648193359375
0.0756378173828125 0.139076232910156 0.17474365234375 0.209060668945313
0.0738525390625 0.12969970703125 0.19921875 0.17706298828125
0.088226318359375 0.127761840820313 0.186233520507812 0.179489135742187
0.07403564453125 0.149795532226563 0.128219604492188 0.187606811523438
0.01904296875 0.17071533203125 0.0704879760742187 0.114662170410156
-0.0408172607421875 0.180557250976563 0.0583305358886719 0.0404281616210938
-0.159133911132813 0.127273559570313 0.13250732421875 -0.0254135131835937
-0.2108154296875 0.056884765625 0.29852294921875 -0.040069580078125
-0.187835693359375 0.018035888671875 0.4229736328125 0.133575439453125
-0.3447265625 -0.074554443359375 0.17742919921875 -0.079925537109375
-0.341339111328125 -0.0367431640624999 0.13604736328125 -0.0614852905273438
-0.336456298828125 0.0430297851562501 0.0464134216308593 -0.0470542907714844
-0.249114990234375 0.181381225585937 0.00374412536621092 0.0296421051025391
-0.131454467773438 0.230621337890625 -0.00711059570312501 0.0721664428710938
0.010894775390625 0.26409912109375 0.064727783203125 0.14398193359375
0.115005493164063 0.231842041015625 0.126876831054688 0.1522216796875
0.118270874023438 0.214279174804688 0.146163940429688 0.126571655273438
0.140396118164062 0.219802856445313 0.138847351074219 0.128211975097656
0.109512329101562 0.249725341796875 0.101600646972656 0.1343994140625
0.0129241943359375 0.270233154296875 0.0559539794921875 0.070037841796875
-0.0732574462890625 0.274810791015625 0.0542373657226562 0.0131340026855469
-0.2420654296875 0.186050415039063 0.119873046875 -0.0442428588867187
-0.327178955078125 0.096282958984375 0.254730224609375 -0.0281524658203125
-0.31744384765625 0.033905029296875 0.350738525390625 0.129791259765625
-0.428466796875 -0.06365966796875 0.0671844482421875 -0.0821304321289063
-0.418365478515625 -0.0126037597656249 0.0639114379882812 -0.0407829284667969
-0.40118408203125 0.0711669921875 0.0464553833007812 -0.0432167053222656
-0.29998779296875 0.22784423828125 0.0205612182617187 -0.00327873229980467
-0.15985107421875 0.2879638671875 -0.00178289413452149 0.00443124771118166
0.012847900390625 0.3333740234375 0.0370521545410156 0.0568771362304688
0.136627197265625 0.289154052734375 0.0612716674804688 0.0704498291015625
0.143783569335937 0.266754150390625 0.0709609985351563 0.058258056640625
0.172943115234375 0.2806396484375 0.0685310363769531 0.0605697631835938
0.1280517578125 0.314666748046875 0.0546302795410156 0.0651130676269531
0.00366210937500002 0.333709716796875 0.0282917022705078 0.0161190032958985
-0.096221923828125 0.3333740234375 0.0426063537597656 -0.0145797729492187
-0.29278564453125 0.2205810546875 0.0956497192382812 -0.0494384765625
-0.396514892578125 0.11956787109375 0.183441162109375 0.000625610351562507
-0.39794921875 0.0458984375 0.2379150390625 0.126983642578125
-0.44573974609375 -0.041290283203125 -0.0674362182617188 -0.0858306884765625
-0.42864990234375 0.0188903808593749 -0.0289325714111328 -0.0200901031494141
-0.397430419921875 0.0951843261718749 0.0308189392089844 -0.0336685180664062
-0.29681396484375 0.241119384765625 0.027435302734375 -0.0390510559082031
-0.157501220703125 0.299285888671875 -0.00214004516601563 -0.0671615600585937
0.016387939453125 0.3475341796875 -0.00117111206054687 -0.0403709411621094
0.13909912109375 0.30108642578125 -0.01458740234375 -0.023050308227539
0.148208618164063 0.278457641601562 -0.0142440795898437 -0.0195178985595703
0.176116943359375 0.299163818359375 -0.01251220703125 -0.0153017044067383
0.122833251953125 0.33251953125 -0.00368404388427734 -0.0142107009887695
-0.01263427734375 0.346038818359375 -0.0055084228515625 -0.0421409606933594
-0.113372802734375 0.336822509765625 0.0258712768554687 -0.0424575805664062
-0.30645751953125 0.212127685546875 0.0634918212890625 -0.0427093505859375
-0.4091796875 0.1170654296875 0.0942611694335937 0.0403518676757813
-0.41668701171875 0.0474548339843751 0.0999526977539062 0.121192932128906
-0.39080810546875 -0.0125122070312499 -0.2041015625 -0.0872039794921875
-0.3660888671875 0.0439453124999999 -0.12542724609375 -0.00055694580078122
-0.3231201171875 0.098175048828125 0.000934600830078108 -0.0225715637207031
-0.240142822265625 0.209976196289062 0.0182571411132812 -0.0707168579101563
-0.1268310546875 0.2579345703125 -0.0132980346679688 -0.126152038574219
0.020233154296875 0.305572509765625 -0.0459518432617188 -0.127601623535156
0.122100830078125 0.266860961914062 -0.090972900390625 -0.109550476074219
0.129226684570312 0.24847412109375 -0.0967025756835938 -0.094757080078125
0.151260375976563 0.272781372070313 -0.0883560180664062 -0.0909957885742187
0.092193603515625 0.300689697265625 -0.0567474365234375 -0.0933837890625
-0.03570556640625 0.3018798828125 -0.032135009765625 -0.0958404541015625
-0.11968994140625 0.282318115234375 0.0118865966796875 -0.0662727355957031
-0.276351928710938 0.1617431640625 0.0295944213867187 -0.0292797088623047
-0.3609619140625 0.0877685546875001 0.000640869140624986 0.0753173828125
-0.37298583984375 0.03863525390625 -0.039337158203125 0.108139038085938
-0.27294921875 0.0126190185546876 -0.318817138671875 -0.085296630859375
-0.242431640625 0.0445709228515625 -0.207809448242188 0.01318359375
-0.201873779296875 0.068328857421875 -0.0346622467041016 -0.00760650634765625
-0.1551513671875 0.134597778320313 -0.0034637451171875 -0.0889053344726562
-0.0867767333984375 0.172698974609375 -0.031982421875 -0.160263061523438
0.0154876708984375 0.217727661132813 -0.0909271240234375 -0.187637329101562
0.0849609375 0.193466186523438 -0.157943725585938 -0.174972534179687
0.0924835205078125 0.180130004882813 -0.164749145507813 -0.155426025390625
0.104385375976563 0.204879760742188 -0.145492553710938 -0.157424926757812
0.05010986328125 0.220352172851562 -0.0910491943359375 -0.1624755859375
-0.0494232177734375 0.209228515625 -0.04229736328125 -0.138565063476563
-0.101394653320313 0.18255615234375 0.006011962890625 -0.082672119140625
-0.197402954101562 0.0928192138671875 -0.00109577178955079 -0.0155181884765625
-0.257644653320313 0.0530548095703125 -0.0846786499023438 0.0935134887695313
-0.2735595703125 0.0306396484375 -0.159576416015625 0.084503173828125
-0.112213134765625 0.0263137817382813 -0.39630126953125 -0.0810546875
-0.0885696411132813 0.0185394287109375 -0.263778686523438 0.0239410400390625
-0.0658416748046875 0.0107574462890625 -0.0669746398925781 0.0123138427734375
-0.0669136047363281 0.0326004028320312 -0.026092529296875 -0.0893936157226563
-0.0490646362304687 0.0628547668457031 -0.047637939453125 -0.167633056640625
-0.00147247314453125 0.100814819335937 -0.126800537109375 -0.215377807617187
0.030303955078125 0.0928268432617188 -0.205337524414063 -0.21044921875
0.042205810546875 0.0851516723632812 -0.208236694335937 -0.192245483398438
0.046295166015625 0.104095458984375 -0.176437377929687 -0.200927734375
0.0131149291992187 0.105659484863281 -0.102508544921875 -0.210159301757813
-0.0382232666015625 0.0874099731445313 -0.036041259765625 -0.160049438476563
-0.0473709106445313 0.0673370361328125 0.00643920898437499 -0.0868759155273438
-0.0784378051757813 0.0328598022460938 -0.0262813568115234 -0.00208091735839843
-0.112655639648437 0.0343399047851562 -0.14935302734375 0.0948638916015625
-0.134307861328125 0.0320510864257812 -0.244171142578125 0.0582275390625
-0.0471076965332031 -0.0537033081054687 0.283599853515625 -0.1112060546875
-0.0759963989257813 -0.0532989501953125 0.185821533203125 -0.116867065429688
-0.0895309448242187 0.00386810302734377 0.0116615295410156 -0.0373458862304688
-0.048919677734375 0.0414352416992188 -0.0190505981445313 0.08258056640625
-0.0227203369140625 0.0386314392089844 0.00627136230468749 0.166336059570313
0.00156974792480469 0.0312862396240234 0.116836547851563 0.238739013671875
0.0239410400390625 0.0298976898193359 0.2210693359375 0.230941772460938
0.0191574096679688 0.0274410247802734 0.244964599609375 0.198654174804687
0.0260677337646484 0.0149822235107422 0.227569580078125 0.20849609375
0.0384864807128906 0.0282974243164062 0.153976440429688 0.223403930664063
0.036376953125 0.0520668029785156 0.0842742919921875 0.151214599609375
0.00867462158203126 0.0723800659179687 0.0605316162109375 0.0679092407226563
-0.0487899780273438 0.0663108825683594 0.135757446289063 -0.000442504882812496
-0.0585060119628906 0.0239105224609375 0.316558837890625 -0.0498046875
-0.0248489379882813 0.00671577453613282 0.4700927734375 0.125152587890625
-0.222152709960938 -0.060302734375 0.263336181640625 -0.098785400390625
-0.230972290039062 -0.04058837890625 0.184402465820312 -0.096466064453125
-0.2347412109375 0.034088134765625 0.0329399108886719 -0.0501441955566406
-0.159393310546875 0.12890625 -0.00910949707031251 0.059051513671875
-0.0789337158203125 0.154052734375 -0.00316619873046877 0.130744934082031
0.0157318115234375 0.165328979492188 0.101104736328125 0.209442138671875
0.085723876953125 0.14404296875 0.196151733398437 0.20904541015625
0.0828781127929687 0.133514404296875 0.221282958984375 0.175445556640625
0.0980682373046875 0.130500793457031 0.209274291992188 0.178695678710938
0.0853424072265625 0.15283203125 0.149642944335938 0.192291259765625
0.02960205078125 0.17779541015625 0.0828323364257813 0.118850708007813
-0.034149169921875 0.192352294921875 0.0649261474609375 0.0430068969726563
-0.161056518554688 0.142562866210937 0.138397216796875 -0.029327392578125
-0.21722412109375 0.070892333984375 0.31024169921875 -0.055816650390625
-0.194717407226563 0.0269012451171875 0.452789306640625 0.123138427734375
-0.366180419921875 -0.060791015625 0.189407348632812 -0.0946197509765625
-0.360382080078125 -0.0240478515625 0.146087646484375 -0.073760986328125
-0.3570556640625 0.061737060546875 0.0477943420410156 -0.0542144775390625
-0.2547607421875 0.202865600585937 0.00872039794921873 0.0284976959228516
-0.128768920898438 0.25128173828125 -0.00223541259765625 0.07379150390625
0.023529052734375 0.279205322265625 0.076446533203125 0.144027709960938
0.133087158203125 0.239181518554688 0.14404296875 0.1510009765625
0.135177612304687 0.219573974609375 0.163848876953125 0.124343872070313
0.160446166992187 0.224700927734375 0.156997680664063 0.126678466796875
0.129425048828125 0.25677490234375 0.119216918945313 0.137786865234375
0.029083251953125 0.28497314453125 0.0652313232421875 0.0728378295898438
-0.063140869140625 0.29486083984375 0.0601310729980469 0.0140228271484375
-0.24725341796875 0.21148681640625 0.124969482421875 -0.048095703125
-0.340606689453125 0.118865966796875 0.266342163085938 -0.0412750244140625
-0.33203125 0.05047607421875 0.378173828125 0.122833251953125
-0.45587158203125 -0.045440673828125 0.0741958618164062 -0.0924148559570312
-0.441619873046875 0.00622558593749997 0.072357177734375 -0.0480117797851563
-0.425537109375 0.0966491699218749 0.0495185852050781 -0.0494117736816406
-0.30657958984375 0.25616455078125 0.0260963439941406 -0.00712394714355467
-0.153961181640625 0.31451416015625 0.000387668609619131 0.00238013267517092
0.0306396484375 0.35198974609375 0.0419120788574219 0.0533294677734375
0.160736083984375 0.298370361328125 0.0710678100585938 0.068756103515625
0.167144775390625 0.27294921875 0.081756591796875 0.055511474609375
0.19873046875 0.28704833984375 0.079315185546875 0.058502197265625
0.15435791015625 0.32464599609375 0.0660514831542969 0.0660552978515625
0.022918701171875 0.35455322265625 0.0337448120117188 0.0157871246337891
-0.084716796875 0.359222412109375 0.0468368530273437 -0.0169639587402344
-0.30029296875 0.250732421875 0.099151611328125 -0.0518341064453125
-0.41448974609375 0.148651123046875 0.194046020507812 -0.00726318359374999
-0.4176025390625 0.0670166015624999 0.259292602539063 0.125076293945313
-0.476043701171875 -0.0202636718750001 -0.0680999755859375 -0.0907821655273437
-0.452362060546875 0.0418701171875 -0.024251937866211 -0.0201835632324219
-0.42083740234375 0.122955322265625 0.0340538024902343 -0.0384597778320312
-0.3013916015625 0.272979736328125 0.0319976806640625 -0.0444526672363281
-0.149261474609375 0.327728271484375 -0.00377655029296876 -0.0725860595703125
0.037261962890625 0.36761474609375 -0.00286483764648437 -0.0462913513183594
0.16619873046875 0.309906005859375 -0.0135784149169922 -0.0252952575683594
0.173248291015625 0.285125732421875 -0.0119857788085937 -0.0214385986328125
0.204803466796875 0.305084228515625 -0.0111885070800781 -0.017730712890625
0.151824951171875 0.3443603515625 -0.000494956970214835 -0.0141592025756836
0.00726318359374997 0.3692626953125 -0.00511932373046874 -0.0444793701171875
-0.101287841796875 0.36468505859375 0.0279197692871094 -0.0463829040527343
-0.315277099609375 0.24334716796875 0.0655593872070312 -0.0432777404785156
-0.42816162109375 0.147064208984375 0.101554870605469 0.0398178100585938
-0.43878173828125 0.0698852539062499 0.113899230957031 0.125862121582031
-0.41864013671875 0.00732421875000003 -0.212814331054688 -0.085845947265625
-0.386474609375 0.06573486328125 -0.12518310546875 0.00559234619140626
-0.342926025390625 0.12371826171875 0.00332450866699217 -0.0244464874267578
-0.243362426757813 0.239547729492188 0.0207366943359375 -0.0769424438476563
-0.118194580078125 0.28387451171875 -0.0193405151367188 -0.134407043457031
0.03955078125 0.32269287109375 -0.05517578125 -0.134231567382812
0.146896362304687 0.274139404296875 -0.0988006591796875 -0.112289428710938
0.153305053710938 0.253997802734375 -0.102951049804688 -0.0965347290039062
0.177871704101562 0.278457641601563 -0.0954971313476562 -0.0935287475585937
0.118133544921875 0.311767578125 -0.06146240234375 -0.0955657958984375
-0.0186767578125 0.3238525390625 -0.0366592407226562 -0.100761413574219
-0.11004638671875 0.30657958984375 0.0116500854492187 -0.0714035034179687
-0.285491943359375 0.189483642578125 0.0303096771240234 -0.0282630920410156
-0.3797607421875 0.1148681640625 0.00475311279296872 0.0819015502929688
-0.3953857421875 0.059112548828125 -0.0347061157226563 0.117446899414063
-0.29376220703125 0.027435302734375 -0.335113525390625 -0.0781860351562499
-0.258377075195313 0.060791015625 -0.212646484375 0.02490234375
-0.215713500976563 0.085968017578125 -0.0333251953125 -0.00694084167480468
-0.1568603515625 0.155517578125 -0.00408172607421875 -0.0948638916015625
-0.07977294921875 0.192291259765625 -0.0410308837890625 -0.169265747070312
0.03082275390625 0.229904174804688 -0.10565185546875 -0.194610595703125
0.104141235351563 0.19879150390625 -0.173751831054688 -0.177719116210937
0.111602783203125 0.184173583984375 -0.178878784179687 -0.156295776367188
0.12530517578125 0.209213256835938 -0.160537719726562 -0.16015625
0.0694427490234375 0.229888916015625 -0.102920532226562 -0.166595458984375
-0.0373382568359375 0.226089477539062 -0.05010986328125 -0.144668579101563
-0.095367431640625 0.2005615234375 0.0029296875 -0.0879592895507812
-0.205184936523438 0.112457275390625 -0.00153827667236329 -0.0123567581176758
-0.27130126953125 0.0738067626953125 -0.0839080810546875 0.105110168457031
-0.2908935546875 0.046966552734375 -0.164764404296875 0.098876953125
-0.122421264648438 0.0335311889648437 -0.417816162109375 -0.0702819824218749
-0.0972213745117188 0.0247650146484375 -0.2723388671875 0.03857421875
-0.07391357421875 0.0173568725585938 -0.0666923522949219 0.0150489807128906
-0.0695457458496094 0.0433807373046875 -0.0299606323242188 -0.094268798828125
-0.0463790893554687 0.0730438232421875 -0.058502197265625 -0.175567626953125
0.0064544677734375 0.1075439453125 -0.14556884765625 -0.221282958984375
0.041015625 0.0957183837890625 -0.226821899414062 -0.210586547851562
0.053009033203125 0.0872116088867188 -0.228607177734375 -0.191558837890625
0.058807373046875 0.105728149414063 -0.196884155273437 -0.204498291015625
0.0239028930664062 0.110374450683594 -0.119094848632813 -0.2159423828125
-0.032135009765625 0.0965728759765625 -0.045501708984375 -0.167388916015625
-0.043731689453125 0.076171875 0.00250244140624999 -0.0923995971679688
-0.0814666748046875 0.0437698364257813 -0.0280208587646484 0.00230979919433593
-0.119422912597656 0.0479888916015625 -0.151962280273438 0.109725952148437
-0.144363403320313 0.043060302734375 -0.256561279296875 0.074493408203125
-0.0487709045410156 -0.0546531677246094 0.29254150390625 -0.1405029296875
-0.0823593139648438 -0.0545578002929687 0.186355590820312 -0.140121459960938
-0.0941009521484375 0.00657653808593752 0.00864791870117187 -0.0424385070800781
-0.05181884765625 0.0440940856933594 -0.0135650634765625 0.08599853515625
-0.0255355834960938 0.0424575805664063 0.02069091796875 0.172454833984375
7.2479248046872E-05 0.0338287353515625 0.142990112304688 0.238571166992187
0.0240421295166016 0.0314674377441406 0.25128173828125 0.222747802734375
0.01953125 0.0282039642333984 0.2744140625 0.188125610351563
0.0248641967773438 0.0143527984619141 0.258743286132813 0.200836181640625
0.0400352478027344 0.0250244140625 0.183746337890625 0.222396850585938
0.0414505004882812 0.0485115051269531 0.102615356445312 0.154693603515625
0.014129638671875 0.072357177734375 0.0698776245117188 0.0697059631347656
-0.0424728393554688 0.0714797973632812 0.141433715820313 -0.00982666015624999
-0.055572509765625 0.0278511047363281 0.3245849609375 -0.077301025390625
-0.0214748382568359 0.00690650939941406 0.5029296875 0.09716796875
-0.233184814453125 -0.046295166015625 0.27423095703125 -0.125930786132812
-0.243759155273438 -0.0283660888671875 0.189224243164063 -0.119415283203125
-0.247100830078125 0.05206298828125 0.0310897827148437 -0.0577239990234375
-0.160491943359375 0.1468505859375 -0.00353622436523439 0.0600166320800781
-0.07342529296875 0.168365478515625 0.008148193359375 0.135063171386719
0.026947021484375 0.173980712890625 0.12347412109375 0.207687377929688
0.0998077392578125 0.1456298828125 0.223846435546875 0.200454711914063
0.0959930419921875 0.133460998535156 0.249496459960938 0.163742065429688
0.112091064453125 0.129600524902344 0.23828125 0.169647216796875
0.100875854492188 0.15228271484375 0.177734375 0.190231323242188
0.0451812744140625 0.183013916015625 0.0997314453125 0.120552062988281
-0.0201416015625 0.203842163085938 0.0742263793945313 0.0430145263671875
-0.155426025390625 0.163162231445312 0.143264770507813 -0.038970947265625
-0.2198486328125 0.0917510986328124 0.318756103515625 -0.082244873046875
-0.2001953125 0.042205810546875 0.48687744140625 0.09576416015625
-0.3876953125 -0.034759521484375 0.197906494140625 -0.116806030273438
-0.379241943359375 0.00112915039062504 0.152313232421875 -0.0931396484375
-0.374237060546875 0.0926208496093749 0.0473899841308594 -0.0631523132324219
-0.25408935546875 0.232421875 0.0145740509033203 0.0256004333496094
-0.1168212890625 0.274612426757813 0.004425048828125 0.0747833251953125
0.045989990234375 0.292633056640625 0.0919189453125 0.140869140625
0.158828735351562 0.240829467773437 0.165435791015625 0.143295288085938
0.159957885742187 0.219100952148437 0.186279296875 0.114578247070313
0.18707275390625 0.222854614257813 0.179351806640625 0.118301391601563
0.157730102539063 0.257843017578125 0.141998291015625 0.135635375976563
0.05535888671875 0.29742431640625 0.0782089233398438 0.0715255737304688
-0.0418701171875 0.315521240234375 0.0677833557128906 0.0113716125488281
-0.242477416992188 0.243255615234375 0.128936767578125 -0.0559234619140625
-0.34820556640625 0.153717041015625 0.27508544921875 -0.0622100830078125
-0.344635009765625 0.0781250000000001 0.410247802734375 0.102325439453125
-0.483551025390625 -0.010101318359375 0.0781097412109375 -0.106651306152344
-0.462921142578125 0.041015625 0.0789642333984375 -0.059417724609375
-0.445159912109375 0.13623046875 0.050628662109375 -0.0579032897949219
-0.303314208984375 0.2957763671875 0.0310745239257812 -0.0125713348388672
-0.136138916015625 0.34466552734375 0.00225520133972167 -0.000819444656372049
0.06072998046875 0.36871337890625 0.0488204956054688 0.0485000610351563
0.19525146484375 0.299407958984375 0.0828628540039063 0.0626754760742188
0.198684692382813 0.271514892578125 0.0952377319335938 0.0490036010742188
0.234405517578125 0.28436279296875 0.0917587280273438 0.0528488159179688
0.191986083984375 0.32733154296875 0.0800857543945313 0.06402587890625
0.05596923828125 0.37176513671875 0.0408096313476563 0.01336669921875
-0.05816650390625 0.386138916015625 0.0514183044433594 -0.0205230712890625
-0.29705810546875 0.2911376953125 0.101722717285156 -0.0576095581054687
-0.4249267578125 0.1917724609375 0.203033447265625 -0.0202789306640625
-0.4344482421875 0.103729248046875 0.28533935546875 0.11395263671875
-0.505218505859375 0.01763916015625 -0.0712051391601563 -0.0941848754882813
-0.47332763671875 0.0813598632812501 -0.0196685791015625 -0.0216903686523437
-0.4393310546875 0.167022705078125 0.036041259765625 -0.0445938110351562
-0.295745849609375 0.316314697265625 0.0356101989746093 -0.0519180297851562
-0.12744140625 0.35955810546875 -0.00806427001953125 -0.078857421875
0.0709228515625 0.384002685546875 -0.00702285766601562 -0.0521087646484375
0.202880859375 0.31121826171875 -0.0141181945800781 -0.0285854339599609
0.207794189453125 0.283782958984375 -0.00985336303710936 -0.0246753692626953
0.244293212890625 0.3031005859375 -0.0101490020751953 -0.0199604034423828
0.19073486328125 0.348907470703125 0.00349521636962892 -0.0159893035888672
0.0416259765625 0.390045166015625 -0.00553131103515625 -0.0472602844238281
-0.075164794921875 0.3946533203125 0.0289306640625 -0.0509986877441406
-0.3138427734375 0.28546142578125 0.0680046081542969 -0.0461196899414062
-0.440704345703125 0.19256591796875 0.111740112304687 0.0360107421875
-0.45806884765625 0.10797119140625 0.132423400878906 0.126060485839844
-0.44354248046875 0.043914794921875 -0.222976684570313 -0.077880859375
-0.404144287109375 0.102569580078125 -0.124313354492188 0.013885498046875
-0.3575439453125 0.164398193359375 0.00584411621093748 -0.0268211364746094
-0.236099243164063 0.276779174804688 0.0204010009765625 -0.084259033203125
-0.097991943359375 0.31146240234375 -0.029571533203125 -0.141571044921875
0.0714111328125 0.337493896484375 -0.0685653686523437 -0.139190673828125
0.181793212890625 0.27496337890625 -0.110420227050781 -0.112564086914063
0.185333251953125 0.25250244140625 -0.11248779296875 -0.0950241088867188
0.214279174804688 0.27630615234375 -0.106826782226562 -0.0931320190429687
0.1541748046875 0.317291259765625 -0.0686492919921875 -0.0956497192382812
0.011322021484375 0.34490966796875 -0.0441665649414062 -0.10443115234375
-0.088592529296875 0.3345947265625 0.00900268554687499 -0.07672119140625
-0.28704833984375 0.227447509765625 0.0314407348632812 -0.0276603698730469
-0.3916015625 0.1568603515625 0.0128250122070312 0.0873184204101563
-0.413421630859375 0.0948791503906251 -0.0255355834960938 0.128738403320313
-0.311309814453125 0.054718017578125 -0.354156494140625 -0.0608520507812501
-0.271377563476563 0.087677001953125 -0.2149658203125 0.0419769287109375
-0.226486206054688 0.114151000976562 -0.0319175720214844 -0.00625228881835937
-0.152175903320313 0.182418823242187 -0.00802612304687501 -0.101280212402344
-0.0640869140625 0.212265014648438 -0.055694580078125 -0.176055908203125
0.05511474609375 0.240798950195313 -0.12725830078125 -0.197372436523437
0.13128662109375 0.198257446289063 -0.194931030273438 -0.173324584960937
0.1361083984375 0.18255615234375 -0.198287963867187 -0.151519775390625
0.1531982421875 0.206893920898438 -0.18121337890625 -0.156234741210938
0.09722900390625 0.234390258789063 -0.119674682617188 -0.166000366210937
-0.016754150390625 0.243240356445313 -0.06280517578125 -0.149063110351562
-0.080230712890625 0.2216796875 -0.00260925292968751 -0.0938262939453125
-0.208038330078125 0.140121459960938 -0.00152015686035157 -0.00953960418701171
-0.281768798828125 0.10589599609375 -0.078521728515625 0.118843078613281
-0.306396484375 0.0748291015624999 -0.165191650390625 0.118896484375
-0.132232666015625 0.0462493896484375 -0.4412841796875 -0.0464477539062499
-0.105323791503906 0.0370254516601562 -0.278854370117188 0.0619049072265625
-0.0822372436523437 0.0288619995117188 -0.0647315979003906 0.0187530517578125
-0.0694351196289062 0.0563812255859375 -0.0369796752929688 -0.0986175537109375
-0.0390472412109375 0.0846405029296875 -0.0772247314453125 -0.18084716796875
0.01983642578125 0.114059448242188 -0.171600341796875 -0.220962524414062
0.056396484375 0.095977783203125 -0.255157470703125 -0.202606201171875
0.0665283203125 0.0854339599609375 -0.254470825195313 -0.182662963867187
0.074981689453125 0.104377746582031 -0.223373413085937 -0.198532104492188
0.0393447875976562 0.112785339355469 -0.141769409179688 -0.215866088867187
-0.0207672119140625 0.105934143066406 -0.0608062744140625 -0.17254638671875
-0.0356826782226563 0.0858917236328125 -0.00426483154296875 -0.0974655151367188
-0.081634521484375 0.058380126953125 -0.0285491943359375 0.0086498260498047
-0.122993469238281 0.0664596557617188 -0.150909423828125 0.129989624023438
-0.15155029296875 0.0604705810546875 -0.26556396484375 0.100326538085937
-0.0497016906738281 -0.0544204711914063 0.287811279296875 -0.17279052734375
-0.088409423828125 -0.0532989501953125 0.176666259765625 -0.164138793945312
-0.0978851318359375 0.0113449096679687 0.00392532348632811 -0.0463104248046875
-0.0531196594238281 0.0467987060546875 -0.00611114501953126 0.0866165161132813
-0.0271072387695313 0.0465583801269531 0.0382080078125 0.171844482421875
-0.0012359619140625 0.0365943908691406 0.1689453125 0.226455688476563
0.0245094299316406 0.0321617126464844 0.277481079101562 0.200714111328125
0.0192527770996094 0.0290317535400391 0.298858642578125 0.162445068359375
0.0234031677246094 0.0137195587158203 0.28656005859375 0.1771240234375
0.0396575927734375 0.0204429626464844 0.213485717773437 0.208160400390625
0.044647216796875 0.0424461364746094 0.123580932617188 0.15032958984375
0.0212936401367187 0.0694198608398438 0.0796661376953125 0.0672683715820313
-0.0329513549804688 0.0737838745117188 0.143203735351563 -0.021728515625
-0.0494956970214844 0.0311050415039063 0.319366455078125 -0.109344482421875
-0.0165348052978516 0.00682258605957031 0.520904541015625 0.05322265625
-0.23895263671875 -0.026580810546875 0.272933959960938 -0.157302856445313
-0.250274658203125 -0.00996398925781255 0.18316650390625 -0.144332885742188
-0.250045776367188 0.0732879638671874 0.0261001586914062 -0.0634574890136719
-0.153274536132813 0.163558959960937 0.00311279296874999 0.0583343505859375
-0.06201171875 0.179962158203125 0.0221633911132812 0.13385009765625
0.0411224365234375 0.1767578125 0.1461181640625 0.196182250976563
0.11444091796875 0.140838623046875 0.248886108398438 0.179595947265625
0.109321594238281 0.127548217773438 0.272354125976563 0.139114379882813
0.125175476074219 0.122047424316406 0.263702392578125 0.14691162109375
0.11614990234375 0.144119262695313 0.206008911132812 0.175430297851562
0.0643768310546875 0.180633544921875 0.118186950683594 0.114692687988281
0.000305175781249994 0.208450317382813 0.0828323364257813 0.0385055541992188
-0.141159057617188 0.180648803710938 0.143646240234375 -0.0504302978515625
-0.213775634765625 0.11444091796875 0.315521240234375 -0.113250732421875
-0.197128295898438 0.0608673095703125 0.507354736328125 0.053924560546875
-0.395751953125 0.00338745117187508 0.197738647460937 -0.142532348632813
-0.3857421875 0.034454345703125 0.149917602539062 -0.113800048828125
-0.377716064453125 0.1307373046875 0.0438003540039062 -0.0706634521484375
-0.239730834960937 0.261306762695313 0.0200443267822265 0.0215950012207031
-0.093963623046875 0.292510986328125 0.0128402709960938 0.0721054077148438
0.07354736328125 0.295684814453125 0.106864929199219 0.13067626953125
0.185501098632813 0.230377197265625 0.184402465820313 0.126022338867188
0.183624267578125 0.207733154296875 0.204238891601563 0.09423828125
0.21270751953125 0.208969116210938 0.198455810546875 0.100311279296875
0.187469482421875 0.245956420898438 0.165176391601563 0.122528076171875
0.087310791015625 0.298004150390625 0.091339111328125 0.0654525756835938
-0.010162353515625 0.3275146484375 0.0738449096679688 0.00640106201171877
-0.222518920898438 0.27435302734375 0.127937316894531 -0.065521240234375
-0.339996337890625 0.192596435546875 0.274749755859375 -0.0883026123046875
-0.34295654296875 0.11285400390625 0.43170166015625 0.067962646484375
-0.49462890625 0.0372619628906249 0.0765914916992187 -0.121307373046875
-0.467254638671875 0.0861816406250001 0.0801467895507812 -0.0729522705078125
-0.445220947265625 0.18658447265625 0.0488662719726562 -0.0655364990234375
-0.2816162109375 0.3330078125 0.0349941253662109 -0.0198307037353515
-0.105010986328125 0.365692138671875 0.00348281860351562 -0.0044283866882324
0.098052978515625 0.371795654296875 0.053955078125 0.0408706665039063
0.229766845703125 0.285369873046875 0.0923995971679688 0.0514297485351563
0.230926513671875 0.256393432617188 0.105522155761719 0.03564453125
0.269699096679688 0.265975952148438 0.101776123046875 0.0418930053710938
0.231903076171875 0.313995361328125 0.0941543579101563 0.0550689697265625
0.09735107421875 0.3763427734375 0.0473670959472656 0.00836944580078127
-0.019744873046875 0.40277099609375 0.0540084838867188 -0.026092529296875
-0.275604248046875 0.330230712890625 0.101425170898437 -0.0645523071289062
-0.416290283203125 0.24029541015625 0.206619262695312 -0.0383148193359375
-0.43487548828125 0.147796630859375 0.306793212890625 0.09173583984375
-0.515625 0.0709228515624999 -0.0748825073242188 -0.0950775146484375
-0.4766845703125 0.13092041015625 -0.015380859375 -0.024139404296875
-0.438079833984375 0.22076416015625 0.03668212890625 -0.0502166748046875
-0.270477294921875 0.354827880859375 0.0361976623535156 -0.0604133605957031
-0.0921630859375 0.381011962890625 -0.0146102905273438 -0.0828018188476562
0.112457275390625 0.386138916015625 -0.0118484497070312 -0.0560989379882812
0.241180419921875 0.294403076171875 -0.0142650604248047 -0.0318641662597656
0.241378784179687 0.267044067382813 -0.00944900512695311 -0.0287361145019531
0.28216552734375 0.283233642578125 -0.0103664398193359 -0.0219287872314453
0.23492431640625 0.335968017578125 0.00727462768554689 -0.018106460571289
0.085662841796875 0.39654541015625 -0.00708770751953125 -0.0499458312988281
-0.035491943359375 0.41229248046875 0.0279197692871094 -0.0558586120605468
-0.2945556640625 0.327545166015625 0.0682563781738281 -0.0497627258300781
-0.433807373046875 0.244140625 0.119102478027344 0.0280914306640625
-0.459503173828125 0.15576171875 0.151885986328125 0.118087768554688
-0.4537353515625 0.0914611816406251 -0.229629516601563 -0.06341552734375
-0.40545654296875 0.148101806640625 -0.118522644042969 0.0232467651367188
-0.35467529296875 0.21124267578125 0.00800323486328123 -0.0296611785888672
-0.21319580078125 0.311767578125 0.017181396484375 -0.0919036865234375
-0.064361572265625 0.330596923828125 -0.043701171875 -0.143875122070313
0.1103515625 0.338592529296875 -0.0839691162109375 -0.137466430664062
0.216552734375 0.260269165039062 -0.121391296386719 -0.107337951660156
0.216720581054688 0.236770629882813 -0.121040344238281 -0.0899124145507812
0.250320434570313 0.257614135742188 -0.116432189941406 -0.0862808227539062
0.19512939453125 0.30682373046875 -0.0754852294921875 -0.0918350219726562
0.050811767578125 0.3536376953125 -0.05303955078125 -0.104072570800781
-0.0538330078125 0.353546142578125 0.00353240966796875 -0.0805587768554687
-0.271774291992188 0.265625 0.0324420928955078 -0.0277919769287109
-0.387420654296875 0.203521728515625 0.023590087890625 0.0898971557617188
-0.416412353515625 0.139251708984375 -0.0105972290039063 0.135971069335938
-0.31927490234375 0.089447021484375 -0.363372802734375 -0.0336914062499999
-0.2728271484375 0.12030029296875 -0.209213256835938 0.0618743896484375
-0.225845336914063 0.147476196289062 -0.0279312133789063 -0.00526046752929686
-0.135574340820313 0.208084106445313 -0.0146942138671875 -0.105690002441406
-0.0391845703125 0.226150512695313 -0.075042724609375 -0.175369262695313
0.0853424072265625 0.241348266601563 -0.14990234375 -0.190078735351562
0.158462524414063 0.18695068359375 -0.214523315429688 -0.160446166992188
0.160598754882813 0.169891357421875 -0.215057373046875 -0.137359619140625
0.182205200195313 0.19293212890625 -0.20025634765625 -0.143142700195313
0.12884521484375 0.227371215820312 -0.13525390625 -0.15789794921875
0.01324462890625 0.251510620117187 -0.0777130126953125 -0.147628784179687
-0.056304931640625 0.236846923828125 -0.0105438232421875 -0.0965957641601562
-0.198043823242187 0.169097900390625 -0.000182151794433605 -0.00589561462402343
-0.278656005859375 0.142059326171875 -0.06732177734375 0.131126403808594
-0.308929443359375 0.110198974609375 -0.155960083007813 0.139480590820313
-0.136627197265625 0.0633621215820312 -0.453094482421875 -0.00976562499999995
-0.108978271484375 0.052337646484375 -0.273483276367188 0.0883026123046875
-0.0859375 0.0442886352539063 -0.0593795776367188 0.0223236083984375
-0.0643539428710938 0.0703506469726563 -0.0459136962890625 -0.100395202636719
-0.0271224975585938 0.0939102172851563 -0.097503662109375 -0.177490234375
0.0360488891601563 0.115570068359375 -0.198150634765625 -0.208786010742187
0.071533203125 0.090240478515625 -0.279678344726563 -0.182907104492188
0.0802764892578125 0.0778350830078125 -0.276504516601563 -0.1619873046875
0.0913314819335938 0.0955429077148437 -0.24761962890625 -0.180633544921875
0.0569915771484375 0.108970642089844 -0.164825439453125 -0.205398559570312
-0.00511932373046874 0.111381530761719 -0.07855224609375 -0.169967651367188
-0.0232162475585938 0.0930862426757813 -0.0139312744140625 -0.0989608764648438
-0.0763092041015625 0.0732040405273438 -0.0267543792724609 0.0147609710693359
-0.119636535644531 0.0869979858398437 -0.139907836914062 0.150314331054688
-0.15289306640625 0.08154296875 -0.262802124023438 0.131637573242188
-0.0482940673828125 -0.0549278259277344 0.272735595703125 -0.198089599609375
-0.0922393798828125 -0.0521087646484375 0.159286499023438 -0.18060302734375
-0.0989227294921875 0.01434326171875 -0.00134277343750001 -0.0470771789550781
-0.0542068481445313 0.048797607421875 0.000564575195312497 0.0846328735351563
-0.0283660888671875 0.0500259399414063 0.0521697998046875 0.16436767578125
-0.002838134765625 0.0399589538574219 0.1861572265625 0.206344604492187
0.0239181518554688 0.0333385467529297 0.292083740234375 0.172607421875
0.0190086364746094 0.0292472839355469 0.309326171875 0.132049560546875
0.0204582214355469 0.0137767791748047 0.3017578125 0.1475830078125
0.0364227294921875 0.0160179138183594 0.233322143554688 0.18548583984375
0.0451889038085938 0.035064697265625 0.138763427734375 0.139663696289063
0.0259208679199219 0.0636558532714844 0.0866470336914063 0.0625076293945313
-0.022979736328125 0.07220458984375 0.138015747070313 -0.0314865112304687
-0.0420799255371094 0.0317153930664062 0.302978515625 -0.133819580078125
-0.0115089416503906 0.00504016876220703 0.518646240234375 0.011566162109375
-0.234130859375 -0.00950622558593745 0.260299682617187 -0.183700561523438
-0.24737548828125 0.00556945800781252 0.1695556640625 -0.162216186523437
-0.244674682617187 0.0915679931640625 0.0206184387207031 -0.0669631958007813
-0.14239501953125 0.172500610351562 0.00849533081054687 0.0539627075195313
-0.0502777099609375 0.185211181640625 0.0331344604492188 0.127189636230469
0.05291748046875 0.17462158203125 0.160400390625 0.178009033203125
0.123176574707031 0.131523132324219 0.26226806640625 0.151962280273438
0.117286682128906 0.11798095703125 0.282501220703125 0.109832763671875
0.132225036621094 0.110145568847656 0.275955200195312 0.118057250976562
0.126113891601563 0.13067626953125 0.224746704101562 0.152755737304687
0.0787200927734375 0.1712646484375 0.131507873535156 0.102691650390625
0.0181427001953125 0.204513549804688 0.0882034301757813 0.032806396484375
-0.121490478515625 0.189422607421875 0.138137817382812 -0.0588226318359375
-0.198410034179687 0.130996704101563 0.300018310546875 -0.136627197265625
-0.18682861328125 0.0754547119140625 0.5093994140625 0.01202392578125
-0.389007568359375 0.035064697265625 0.188232421875 -0.163116455078125
-0.376556396484375 0.0636901855468751 0.1412353515625 -0.13031005859375
-0.36614990234375 0.160797119140625 0.0383529663085937 -0.0762557983398437
-0.218124389648437 0.279510498046875 0.0234336853027344 0.0148563385009766
-0.06976318359375 0.2979736328125 0.0195083618164063 0.0665435791015625
0.09661865234375 0.289337158203125 0.116348266601563 0.115821838378906
0.203170776367188 0.212234497070313 0.193679809570313 0.104507446289063
0.199508666992188 0.188583374023437 0.211654663085938 0.0701751708984375
0.2293701171875 0.187820434570313 0.2083740234375 0.0777740478515625
0.207489013671875 0.225189208984375 0.180038452148438 0.102828979492188
0.114349365234375 0.287261962890625 0.101692199707031 0.0555038452148438
0.019378662109375 0.324249267578125 0.077423095703125 0.00095367431640627
-0.19586181640625 0.29107666015625 0.123115539550781 -0.0724563598632812
-0.318878173828125 0.220977783203125 0.263961791992188 -0.108612060546875
-0.327880859375 0.140625 0.437530517578125 0.0316162109375
-0.48419189453125 0.0817260742187501 0.0712661743164062 -0.1329345703125
-0.454833984375 0.124847412109375 0.078033447265625 -0.0843276977539062
-0.42755126953125 0.226837158203125 0.0450439453125 -0.0720672607421875
-0.251190185546875 0.355255126953125 0.0365104675292969 -0.0276374816894531
-0.07159423828125 0.371490478515625 0.00375747680664062 -0.00883674621582029
0.129791259765625 0.360626220703125 0.056488037109375 0.0319404602050781
0.252777099609375 0.261505126953125 0.0973968505859375 0.0376739501953125
0.250885009765625 0.23284912109375 0.109130859375 0.0202789306640625
0.29193115234375 0.237457275390625 0.107429504394531 0.0286788940429688
0.259490966796875 0.287628173828125 0.104499816894531 0.0426025390625
0.1322021484375 0.36431884765625 0.0518569946289063 0.00227737426757815
0.01800537109375 0.401092529296875 0.0551719665527344 -0.0308418273925781
-0.24407958984375 0.35308837890625 0.0983963012695313 -0.0688323974609375
-0.3914794921875 0.27752685546875 0.202346801757813 -0.0532989501953125
-0.41729736328125 0.183349609375 0.31646728515625 0.06549072265625
-0.5052490234375 0.11749267578125 -0.0754547119140625 -0.093719482421875
-0.459991455078125 0.172576904296875 -0.0112628936767578 -0.0269374847412109
-0.417236328125 0.263153076171875 0.0360336303710937 -0.0560379028320312
-0.236724853515625 0.377777099609375 0.0354194641113281 -0.0677261352539062
-0.055084228515625 0.38568115234375 -0.0208816528320313 -0.0835723876953125
0.147674560546875 0.373992919921875 -0.0170860290527344 -0.0573692321777344
0.26568603515625 0.269149780273438 -0.0152797698974609 -0.0349845886230469
0.26397705078125 0.240264892578125 -0.00962829589843748 -0.0328407287597656
0.307373046875 0.2518310546875 -0.00974082946777342 -0.0241260528564453
0.26629638671875 0.308746337890625 0.0107250213623047 -0.0218658447265625
0.12396240234375 0.386383056640625 -0.00794601440429687 -0.0512809753417969
0.00411987304687503 0.414459228515625 0.0253753662109375 -0.0594215393066406
-0.262603759765625 0.354583740234375 0.0673561096191406 -0.05169677734375
-0.409912109375 0.28509521484375 0.122688293457031 0.0195236206054688
-0.44342041015625 0.19549560546875 0.165573120117187 0.104690551757813
-0.44476318359375 0.133575439453125 -0.227859497070313 -0.0494537353515625
-0.390350341796875 0.18548583984375 -0.10833740234375 0.0296096801757813
-0.336212158203125 0.2496337890625 0.0102386474609375 -0.03326416015625
-0.181182861328125 0.332122802734375 0.0136337280273437 -0.0974807739257812
-0.030670166015625 0.33349609375 -0.0551300048828125 -0.140518188476562
0.142578125 0.325927734375 -0.0954360961914063 -0.130996704101562
0.24066162109375 0.235321044921875 -0.127906799316406 -0.0985946655273438
0.238067626953125 0.212234497070312 -0.125984191894531 -0.0828170776367188
0.274566650390625 0.22930908203125 -0.121658325195312 -0.07708740234375
0.225311279296875 0.283294677734375 -0.0779800415039063 -0.0866775512695312
0.0870361328125 0.34637451171875 -0.0596389770507813 -0.101394653320312
-0.018218994140625 0.357086181640625 -0.00154876708984375 -0.081329345703125
-0.246734619140625 0.292510986328125 0.0337791442871094 -0.0277156829833984
-0.368011474609375 0.2413330078125 0.0340194702148437 0.0886688232421875
-0.401611328125 0.177276611328125 0.00505065917968747 0.13671875
-0.313262939453125 0.12152099609375 -0.358734130859375 -0.00790405273437504
-0.262557983398438 0.147796630859375 -0.195831298828125 0.0762481689453125
-0.214584350585938 0.175582885742188 -0.0232810974121094 -0.00655364990234374
-0.114059448242188 0.22418212890625 -0.0201263427734375 -0.107444763183594
-0.0135955810546875 0.2294921875 -0.08978271484375 -0.168258666992187
0.1112060546875 0.23126220703125 -0.16534423828125 -0.176376342773437
0.177581787109375 0.167144775390625 -0.225494384765625 -0.141815185546875
0.176971435546875 0.15118408203125 -0.22357177734375 -0.119644165039063
0.201644897460938 0.171157836914062 -0.209152221679688 -0.124176025390625
0.153472900390625 0.210662841796875 -0.144638061523438 -0.14532470703125
0.0414581298828125 0.248275756835938 -0.088714599609375 -0.14105224609375
-0.0303192138671875 0.240447998046875 -0.0175018310546875 -0.095184326171875
-0.18060302734375 0.190872192382813 0.00248503684997558 -0.00309133529663085
-0.264404296875 0.171875 -0.0526199340820313 0.138099670410156
-0.29888916015625 0.141021728515625 -0.140228271484375 0.153274536132813
-0.13592529296875 0.0787277221679687 -0.448516845703125 0.0238647460937499
-0.108016967773437 0.0665740966796875 -0.258148193359375 0.1085205078125
-0.0846481323242188 0.059906005859375 -0.0545921325683594 0.0228500366210937
-0.05572509765625 0.0810012817382813 -0.0532302856445313 -0.0987319946289063
-0.0139083862304687 0.0974884033203125 -0.113265991210938 -0.168502807617188
0.0503082275390625 0.111030578613281 -0.215103149414062 -0.189483642578125
0.0833206176757813 0.0799026489257813 -0.2921142578125 -0.156585693359375
0.08953857421875 0.06658935546875 -0.286773681640625 -0.13726806640625
0.102752685546875 0.0819931030273438 -0.26055908203125 -0.156051635742188
0.0713272094726563 0.0992279052734375 -0.179107666015625 -0.187759399414063
0.010498046875 0.1104736328125 -0.092681884765625 -0.161895751953125
-0.010040283203125 0.0951461791992188 -0.0217437744140625 -0.0965423583984375
-0.066741943359375 0.0847854614257813 -0.0230693817138672 0.0197982788085938
-0.110870361328125 0.103828430175781 -0.12353515625 0.163192749023438
-0.146453857421875 0.0993804931640625 -0.248641967773438 0.1563720703125
-0.0462455749511719 -0.0576667785644531 0.2572021484375 -0.212326049804687
-0.0947952270507813 -0.0526809692382813 0.144332885742188 -0.187850952148438
-0.101242065429688 0.0140151977539063 -0.00535202026367188 -0.0474700927734375
-0.0568122863769531 0.0495872497558594 0.00389862060546875 0.0806121826171875
-0.0304412841796875 0.0531845092773438 0.0583343505859375 0.154525756835937
-0.00449371337890625 0.0438041687011719 0.191802978515625 0.188644409179688
0.0221176147460938 0.0353240966796875 0.294342041015625 0.15130615234375
0.0170783996582031 0.0302677154541016 0.30987548828125 0.10992431640625
0.0170583724975586 0.015528678894043 0.304168701171875 0.123504638671875
0.0317287445068359 0.0137653350830078 0.241363525390625 0.16650390625
0.0427742004394531 0.0290412902832031 0.147537231445313 0.128890991210938
0.0277519226074219 0.0575714111328125 0.090484619140625 0.0588607788085938
-0.0157585144042969 0.0666542053222656 0.131477355957031 -0.0358810424804687
-0.0355987548828125 0.0286941528320313 0.28436279296875 -0.145233154296875
-0.00613307952880859 0.00178909301757812 0.507232666015625 -0.01409912109375
-0.225067138671875 -0.00128173828124999 0.247711181640625 -0.197677612304687
-0.242401123046875 0.012542724609375 0.157302856445312 -0.172195434570313
-0.239227294921875 0.0997467041015625 0.0158767700195312 -0.0682640075683594
-0.135452270507813 0.17626953125 0.0116348266601562 0.0483856201171875
-0.043609619140625 0.1851806640625 0.0389785766601563 0.118171691894531
0.05792236328125 0.171920776367188 0.1650390625 0.160659790039063
0.125556945800781 0.124420166015625 0.264755249023438 0.130889892578125
0.118087768554687 0.11029052734375 0.28216552734375 0.08758544921875
0.133369445800781 0.102142333984375 0.27886962890625 0.0962066650390625
0.127609252929688 0.119773864746094 0.232940673828125 0.133056640625
0.085723876953125 0.160629272460938 0.139083862304688 0.0923690795898438
0.0294342041015625 0.19647216796875 0.0913009643554688 0.0288925170898438
-0.105636596679687 0.189132690429688 0.132759094238281 -0.0615234375
-0.184051513671875 0.13726806640625 0.283538818359375 -0.147247314453125
-0.1744384765625 0.081695556640625 0.50054931640625 -0.013458251953125
-0.374359130859375 0.0542907714843749 0.1800537109375 -0.175048828125
-0.364959716796875 0.07855224609375 0.133224487304687 -0.140701293945313
-0.352203369140625 0.1793212890625 0.0346298217773437 -0.0800323486328125
-0.201751708984375 0.285064697265625 0.0253009796142578 0.0077648162841797
-0.0550537109375 0.29754638671875 0.022857666015625 0.0590400695800782
0.10906982421875 0.280136108398438 0.118919372558594 0.101821899414063
0.209121704101562 0.197677612304688 0.19586181640625 0.086669921875
0.203720092773438 0.174453735351562 0.21142578125 0.0512237548828125
0.23431396484375 0.170166015625 0.210250854492188 0.0597381591796875
0.215530395507812 0.20660400390625 0.18707275390625 0.0855255126953125
0.128829956054687 0.272628784179687 0.107200622558594 0.0460052490234375
0.038970947265625 0.31500244140625 0.0795440673828125 -0.00318908691406248
-0.173583984375 0.295318603515625 0.119361877441406 -0.0739364624023437
-0.29718017578125 0.2353515625 0.252578735351563 -0.117782592773437
-0.3101806640625 0.15325927734375 0.433837890625 0.00836181640625001
-0.46759033203125 0.1072998046875 0.0681915283203125 -0.141082763671875
-0.43743896484375 0.145263671875 0.0758209228515625 -0.0924224853515625
-0.407379150390625 0.24896240234375 0.0426559448242187 -0.0766143798828125
-0.227508544921875 0.36236572265625 0.0373306274414062 -0.0352935791015625
-0.05047607421875 0.368133544921875 0.00325298309326172 -0.0128498077392578
0.148468017578125 0.347381591796875 0.0562744140625 0.0232772827148438
0.262435913085938 0.240753173828125 0.0985336303710938 0.0259933471679688
0.258010864257813 0.212081909179688 0.108894348144531 0.00818634033203126
0.30047607421875 0.212677001953125 0.109123229980469 0.0179519653320313
0.272293090820313 0.264404296875 0.110076904296875 0.0310897827148438
0.153656005859375 0.34814453125 0.0553436279296875 -0.00395202636718748
0.042633056640625 0.39190673828125 0.0557174682617188 -0.0342063903808594
-0.2178955078125 0.3619384765625 0.09686279296875 -0.069854736328125
-0.367584228515625 0.297332763671875 0.197616577148437 -0.0613555908203125
-0.3970947265625 0.202484130859375 0.31903076171875 0.04730224609375
-0.487213134765625 0.146820068359375 -0.0732421875 -0.0948562622070312
-0.439910888671875 0.195892333984375 -0.00664138793945315 -0.0316791534423828
-0.39501953125 0.28863525390625 0.0353813171386719 -0.0603179931640625
-0.20867919921875 0.386444091796875 0.0343856811523437 -0.073974609375
-0.030242919921875 0.379913330078125 -0.023712158203125 -0.0842514038085937
0.168609619140625 0.357208251953125 -0.0201072692871094 -0.0590248107910156
0.277435302734375 0.245635986328125 -0.0157890319824219 -0.03857421875
0.272842407226563 0.218292236328125 -0.00984954833984374 -0.0374031066894531
0.317840576171875 0.225189208984375 -0.00834083557128905 -0.0256385803222656
0.282196044921875 0.28277587890625 0.0149326324462891 -0.0269966125488281
0.14910888671875 0.371063232421875 -0.00749206542968749 -0.0539207458496094
0.03094482421875 0.406524658203125 0.0244674682617188 -0.0608711242675781
-0.237335205078125 0.365692138671875 0.0679397583007813 -0.0524063110351562
-0.3861083984375 0.306060791015625 0.124099731445312 0.0137939453125
-0.42236328125 0.21746826171875 0.173324584960937 0.0934906005859375
-0.429931640625 0.161376953125 -0.220321655273438 -0.043304443359375
-0.3720703125 0.207916259765625 -0.0977554321289063 0.0302734375
-0.315643310546875 0.273223876953125 0.0127105712890625 -0.0375823974609375
-0.155731201171875 0.340576171875 0.01177978515625 -0.101669311523437
-0.00643920898437501 0.3287353515625 -0.06072998046875 -0.136894226074219
0.163665771484375 0.31024169921875 -0.100479125976562 -0.125892639160156
0.25128173828125 0.212982177734375 -0.130149841308594 -0.0938949584960938
0.247207641601563 0.190643310546875 -0.126945495605469 -0.0783767700195312
0.28564453125 0.2042236328125 -0.120651245117188 -0.07049560546875
0.242462158203125 0.259689331054688 -0.0770339965820313 -0.0842056274414062
0.11114501953125 0.333343505859375 -0.0618896484375 -0.0989608764648437
0.00662231445312501 0.351593017578125 -0.0041961669921875 -0.081390380859375
-0.2235107421875 0.306121826171875 0.0358848571777344 -0.0270271301269531
-0.346893310546875 0.26446533203125 0.0414199829101562 0.0861129760742188
-0.385101318359375 0.1978759765625 0.0171737670898437 0.134025573730469
-0.303680419921875 0.14208984375 -0.34844970703125 0.00613403320312501
-0.250701904296875 0.165847778320312 -0.1815185546875 0.08111572265625
-0.200408935546875 0.195556640625 -0.01934814453125 -0.01025390625
-0.0948638916015625 0.232635498046875 -0.023681640625 -0.109420776367187
0.00505065917968751 0.226226806640625 -0.0969085693359375 -0.160797119140625
0.127655029296875 0.218978881835938 -0.172256469726563 -0.164108276367188
0.186798095703125 0.148880004882813 -0.227935791015625 -0.128387451171875
0.1845703125 0.133621215820313 -0.224472045898438 -0.107284545898437
0.211013793945312 0.1500244140625 -0.210205078125 -0.110153198242188
0.168014526367188 0.191940307617187 -0.146331787109375 -0.135986328125
0.06146240234375 0.240158081054688 -0.0934066772460937 -0.134857177734375
-0.010009765625 0.238739013671875 -0.0212326049804688 -0.0937423706054687
-0.162582397460938 0.20294189453125 0.00597715377807616 -0.00126695632934569
-0.248565673828125 0.19146728515625 -0.0405044555664063 0.139640808105469
-0.285614013671875 0.158843994140625 -0.12615966796875 0.159133911132813
-0.134201049804688 0.0895843505859375 -0.436279296875 0.042083740234375
-0.105995178222656 0.0770492553710937 -0.241958618164063 0.116958618164063
-0.0813369750976563 0.073394775390625 -0.0493087768554688 0.0197029113769531
-0.0470504760742187 0.0893936157226563 -0.056884765625 -0.0974655151367187
-0.00285339355468751 0.0977249145507813 -0.121734619140625 -0.158416748046875
0.0618667602539062 0.105201721191406 -0.222244262695313 -0.172622680664062
0.0898513793945313 0.0691375732421875 -0.294952392578125 -0.13671875
0.0943679809570313 0.0562896728515625 -0.287689208984375 -0.118804931640625
0.108390808105469 0.0687942504882813 -0.263290405273438 -0.13690185546875
0.0806732177734375 0.0883255004882813 -0.183761596679688 -0.172927856445312
0.0228118896484375 0.105918884277344 -0.098876953125 -0.1529541015625
0.0010833740234375 0.094390869140625 -0.0258331298828125 -0.0926284790039063
-0.0565872192382812 0.09197998046875 -0.01861572265625 0.0231437683105469
-0.1014404296875 0.116439819335938 -0.109207153320312 0.1688232421875
-0.139533996582031 0.112190246582031 -0.233795166015625 0.169448852539063
-0.0434455871582031 -0.0627975463867188 0.249221801757813 -0.221237182617188
-0.0989532470703125 -0.0572280883789063 0.134765625 -0.19366455078125
-0.106582641601562 0.0118560791015625 -0.00851058959960938 -0.0475120544433594
-0.0626144409179688 0.0500259399414062 0.00470733642578124 0.0778350830078125
-0.0341720581054688 0.0574531555175781 0.0611572265625 0.148712158203125
-0.00744247436523437 0.0495262145996094 0.19415283203125 0.1778564453125
0.0201606750488281 0.0398025512695312 0.29608154296875 0.138458251953125
0.0150089263916016 0.0334510803222656 0.3095703125 0.096893310546875
0.0135250091552734 0.0185565948486328 0.306121826171875 0.109527587890625
0.0265693664550781 0.01336669921875 0.247146606445313 0.154251098632813
0.0389137268066406 0.0245857238769531 0.155120849609375 0.122772216796875
0.0269851684570312 0.0519790649414062 0.0945205688476563 0.0578994750976563
-0.0111122131347656 0.0600318908691406 0.128517150878906 -0.036224365234375
-0.0300750732421875 0.0239849090576172 0.272384643554688 -0.149307250976562
-0.00156450271606445 -0.00268125534057617 0.5018310546875 -0.02557373046875
-0.218978881835937 0.000213623046875039 0.24176025390625 -0.208587646484375
-0.241195678710938 0.0133514404296875 0.149856567382813 -0.180084228515625
-0.239349365234375 0.104476928710937 0.0131607055664062 -0.0707015991210938
-0.13507080078125 0.1790771484375 0.0128631591796875 0.0434112548828125
-0.0420074462890625 0.1881103515625 0.0410232543945313 0.112129211425781
0.060150146484375 0.17376708984375 0.166259765625 0.14971923828125
0.126220703125 0.122840881347656 0.265274047851563 0.117172241210938
0.118629455566406 0.107917785644531 0.281768798828125 0.07330322265625
0.133132934570313 0.0986404418945313 0.28125 0.082275390625
0.127471923828125 0.113365173339844 0.239303588867188 0.119979858398438
0.0884246826171875 0.153411865234375 0.145980834960937 0.08477783203125
0.03558349609375 0.191070556640625 0.0960845947265625 0.0275192260742188
-0.096588134765625 0.187973022460938 0.130996704101563 -0.0616989135742187
-0.174209594726563 0.139755249023437 0.275360107421875 -0.151336669921875
-0.165878295898438 0.082672119140625 0.49798583984375 -0.02813720703125
-0.36492919921875 0.0623779296875001 0.1773681640625 -0.186614990234375
-0.3575439453125 0.0839233398437501 0.129592895507812 -0.149383544921875
-0.3465576171875 0.18804931640625 0.0326766967773437 -0.0833969116210937
-0.194122314453125 0.290069580078125 0.0269699096679687 0.00139999389648439
-0.047698974609375 0.298248291015625 0.0230598449707031 0.0531196594238281
0.11676025390625 0.277450561523438 0.118568420410156 0.0919418334960938
0.212738037109375 0.190994262695313 0.19635009765625 0.0740814208984375
0.206222534179687 0.166473388671875 0.2113037109375 0.0382843017578125
0.237289428710938 0.160919189453125 0.212081909179688 0.047393798828125
0.21966552734375 0.194610595703125 0.193038940429688 0.0732269287109375
0.137130737304688 0.2645263671875 0.11297607421875 0.039093017578125
0.049468994140625 0.309814453125 0.0832061767578125 -0.00562286376953123
-0.161224365234375 0.298309326171875 0.119735717773437 -0.0733261108398437
-0.28424072265625 0.24371337890625 0.247634887695312 -0.121688842773438
-0.299713134765625 0.15966796875 0.4342041015625 -0.00430297851562499
-0.4559326171875 0.12054443359375 0.068695068359375 -0.149581909179688
-0.426544189453125 0.155242919921875 0.0756301879882812 -0.100418090820313
-0.39691162109375 0.26458740234375 0.0423355102539062 -0.0817642211914063
-0.214691162109375 0.36859130859375 0.0381660461425781 -0.042938232421875
-0.03875732421875 0.366424560546875 0.00307464599609375 -0.018106460571289
0.159942626953125 0.340423583984375 0.0550727844238281 0.0161094665527344
0.268020629882813 0.228973388671875 0.0978469848632813 0.0167694091796875
0.262786865234375 0.201156616210938 0.108322143554688 -0.00182342529296874
0.30535888671875 0.199249267578125 0.111854553222656 0.00939941406250001
0.280380249023438 0.24908447265625 0.115219116210938 0.0202255249023438
0.16729736328125 0.339385986328125 0.0591964721679688 -0.0101585388183594
0.05682373046875 0.387176513671875 0.057769775390625 -0.0363922119140625
-0.204193115234375 0.367919921875 0.0987625122070312 -0.0692672729492187
-0.35357666015625 0.3094482421875 0.197250366210937 -0.064849853515625
-0.385009765625 0.212249755859375 0.323486328125 0.03619384765625
-0.47674560546875 0.16473388671875 -0.0703353881835938 -0.1007080078125
-0.428314208984375 0.209228515625 -0.0024681091308594 -0.037841796875
-0.380279541015625 0.306396484375 0.0365486145019531 -0.0666046142578125
-0.19189453125 0.3935546875 0.0351638793945312 -0.0821151733398437
-0.0157470703125 0.377960205078125 -0.0254440307617188 -0.087158203125
0.18231201171875 0.348297119140625 -0.0222434997558594 -0.0624198913574219
0.284423828125 0.23089599609375 -0.01690673828125 -0.0429534912109375
0.278900146484375 0.205001831054687 -0.0107879638671875 -0.0421142578125
0.3258056640625 0.20880126953125 -0.00681114196777342 -0.0301666259765625
0.293426513671875 0.265472412109375 0.0182647705078125 -0.0332145690917969
0.1656494140625 0.361053466796875 -0.00641250610351562 -0.05743408203125
0.0479736328125 0.40283203125 0.0255813598632812 -0.0630836486816406
-0.222320556640625 0.375396728515625 0.0706634521484375 -0.0518722534179687
-0.370361328125 0.322418212890625 0.127304077148437 0.0106048583984375
-0.412078857421875 0.230224609375 0.181350708007812 0.0866546630859375
-0.422119140625 0.1793212890625 -0.215011596679688 -0.044036865234375
-0.361968994140625 0.223114013671875 -0.0898590087890625 0.0263748168945313
-0.3016357421875 0.292510986328125 0.0153236389160156 -0.0437202453613281
-0.13824462890625 0.34912109375 0.0112762451171875 -0.107772827148437
0.00888061523437498 0.325958251953125 -0.0639495849609375 -0.137069702148437
0.177764892578125 0.30023193359375 -0.104476928710937 -0.124099731445312
0.259521484375 0.197860717773438 -0.131790161132812 -0.0930709838867188
0.253433227539063 0.177383422851563 -0.127754211425781 -0.077606201171875
0.292510986328125 0.186981201171875 -0.120201110839844 -0.0690383911132813
0.254074096679688 0.243728637695313 -0.0751190185546875 -0.0862197875976562
0.1280517578125 0.326202392578125 -0.0626144409179688 -0.0994415283203125
0.023345947265625 0.34967041015625 -0.0051116943359375 -0.0823593139648437
-0.2093505859375 0.31689453125 0.039459228515625 -0.0261802673339844
-0.33441162109375 0.28131103515625 0.048187255859375 0.0849227905273438
-0.375244140625 0.2135009765625 0.0268402099609375 0.131675720214844
-0.300567626953125 0.157012939453125 -0.34185791015625 0.010040283203125
-0.244583129882813 0.179428100585938 -0.170486450195313 0.080841064453125
-0.190643310546875 0.21234130859375 -0.0160684585571289 -0.0159130096435547
-0.0810699462890625 0.240447998046875 -0.0248870849609375 -0.113128662109375
0.018341064453125 0.224456787109375 -0.101165771484375 -0.1583251953125
0.140396118164063 0.210601806640625 -0.176483154296875 -0.15838623046875
0.1944580078125 0.136550903320313 -0.230712890625 -0.122207641601562
0.190216064453125 0.122222900390625 -0.225372314453125 -0.101715087890625
0.217422485351563 0.135391235351562 -0.21099853515625 -0.1044921875
0.178421020507812 0.178070068359375 -0.146804809570313 -0.133224487304687
0.0756988525390625 0.233428955078125 -0.09637451171875 -0.132705688476562
0.00335693359375002 0.237564086914063 -0.023284912109375 -0.0933914184570312
-0.1510009765625 0.212875366210938 0.0098123550415039 0.000117301940917982
-0.238601684570313 0.207443237304687 -0.0316619873046875 0.140853881835938
-0.278854370117188 0.1727294921875 -0.1160888671875 0.1627197265625
-0.13543701171875 0.0998764038085938 -0.430633544921875 0.049652099609375
-0.1053466796875 0.0869598388671875 -0.231689453125 0.118408203125
-0.0775070190429687 0.0857620239257813 -0.0464363098144531 0.0144081115722656
-0.0390777587890625 0.0966949462890625 -0.060333251953125 -0.099853515625
0.00542449951171876 0.0980606079101562 -0.126495361328125 -0.153640747070312
0.0706634521484375 0.100494384765625 -0.2271728515625 -0.1627197265625
0.09619140625 0.0604324340820313 -0.29766845703125 -0.126434326171875
0.0990142822265625 0.0475921630859375 -0.288787841796875 -0.10943603515625
0.11376953125 0.0583572387695313 -0.263626098632813 -0.126907348632813
0.0874099731445313 0.0787429809570313 -0.185302734375 -0.165802001953125
0.0322647094726563 0.101837158203125 -0.10247802734375 -0.147842407226563
0.01092529296875 0.0929794311523438 -0.0277938842773437 -0.090911865234375
-0.047698974609375 0.0991439819335938 -0.0145587921142578 0.0254421234130859
-0.0938262939453125 0.127685546875 -0.098876953125 0.173355102539063
-0.135337829589844 0.122184753417969 -0.2244873046875 0.178146362304688
-0.042633056640625 -0.0717239379882813 0.248001098632813 -0.235076904296875
-0.106864929199219 -0.06329345703125 0.128997802734375 -0.202713012695313
-0.116371154785156 0.0108566284179688 -0.0112876892089844 -0.0485992431640625
-0.0711822509765625 0.0533905029296875 0.0050201416015625 0.0769195556640625
-0.03924560546875 0.0647659301757813 0.063385009765625 0.147003173828125
-0.00926971435546875 0.0578231811523438 0.198837280273438 0.17291259765625
0.0201759338378906 0.0462379455566406 0.302459716796875 0.130340576171875
0.0131568908691406 0.0382919311523438 0.31591796875 0.0877685546875
0.0109767913818359 0.0236091613769531 0.3135986328125 0.099365234375
0.0213680267333984 0.0152339935302734 0.257965087890625 0.146713256835938
0.0343418121337891 0.0216102600097656 0.165191650390625 0.119033813476563
0.0254478454589844 0.0470657348632813 0.101348876953125 0.0586929321289063
-0.00836563110351562 0.0535621643066406 0.128684997558594 -0.035888671875
-0.0265274047851563 0.0174198150634766 0.2694091796875 -0.154296875
0.0037384033203125 -0.00888252258300781 0.50823974609375 -0.033660888671875
-0.218917846679688 -0.00201416015624998 0.242538452148438 -0.225173950195313
-0.247299194335938 0.0120849609375 0.146331787109375 -0.191452026367188
-0.247268676757813 0.11004638671875 0.0108489990234375 -0.0748291015625
-0.139678955078125 0.1868896484375 0.0127372741699219 0.0394325256347656
-0.042999267578125 0.196823120117187 0.0416641235351562 0.108192443847656
0.0641326904296875 0.180831909179688 0.169723510742187 0.142990112304688
0.129966735839844 0.126884460449219 0.271652221679688 0.108139038085938
0.1209716796875 0.10986328125 0.28765869140625 0.062408447265625
0.135429382324219 0.099456787109375 0.28802490234375 0.070587158203125
0.12823486328125 0.112136840820312 0.248611450195313 0.109603881835938
0.0904693603515625 0.15106201171875 0.155258178710938 0.078704833984375
0.0400390625 0.18975830078125 0.10302734375 0.0255508422851563
-0.0912170410156249 0.188247680664062 0.134124755859375 -0.0620803833007812
-0.168960571289062 0.142501831054688 0.2740478515625 -0.157394409179688
-0.161727905273438 0.082977294921875 0.506439208984375 -0.03826904296875
-0.36431884765625 0.06768798828125 0.177932739257813 -0.202255249023438
-0.361907958984375 0.089019775390625 0.128158569335938 -0.161911010742188
-0.35089111328125 0.199981689453125 0.031005859375 -0.08978271484375
-0.194488525390625 0.300506591796875 0.0273704528808594 -0.00584983825683592
-0.044219970703125 0.30657958984375 0.0235176086425781 0.0478363037109375
0.125732421875 0.282806396484375 0.120582580566406 0.0846710205078125
0.220108032226562 0.190567016601562 0.1998291015625 0.064453125
0.212570190429687 0.165328979492188 0.214630126953125 0.02789306640625
0.24310302734375 0.156723022460938 0.218521118164063 0.0360260009765625
0.227203369140625 0.189453125 0.20257568359375 0.0615997314453125
0.146469116210937 0.261795043945313 0.120529174804688 0.0317230224609375
0.05908203125 0.310791015625 0.0896453857421875 -0.00821685791015623
-0.1529541015625 0.305023193359375 0.124725341796875 -0.0739288330078125
-0.278900146484375 0.25433349609375 0.251235961914063 -0.12738037109375
-0.29638671875 0.166900634765625 0.44659423828125 -0.0145263671875
-0.4564208984375 0.133636474609375 0.0701904296875 -0.163726806640625
-0.4268798828125 0.166748046875 0.0770645141601562 -0.112274169921875
-0.396331787109375 0.282135009765625 0.0425491333007812 -0.0898590087890625
-0.20831298828125 0.38189697265625 0.0392646789550781 -0.0531158447265625
-0.03082275390625 0.37457275390625 0.00206184387207031 -0.0243072509765625
0.172943115234375 0.3426513671875 0.0538368225097656 0.00925064086914064
0.278121948242188 0.2252197265625 0.098907470703125 0.00825500488281251
0.270980834960938 0.196395874023438 0.10992431640625 -0.0103683471679687
0.31591796875 0.191436767578125 0.115623474121094 0.000122070312500012
0.2923583984375 0.2406005859375 0.121444702148438 0.00996398925781251
0.181884765625 0.33758544921875 0.0637168884277344 -0.0174407958984375
0.070465087890625 0.39093017578125 0.0630035400390625 -0.0407180786132812
-0.194610595703125 0.380828857421875 0.105110168457031 -0.0707931518554687
-0.347747802734375 0.3277587890625 0.202545166015625 -0.06982421875
-0.38323974609375 0.224334716796875 0.336212158203125 0.027862548828125
-0.478546142578125 0.1807861328125 -0.0696029663085938 -0.110908508300781
-0.42779541015625 0.225311279296875 0.0013771057128906 -0.0474967956542969
-0.37542724609375 0.32757568359375 0.0383377075195312 -0.0750350952148438
-0.180999755859375 0.4088134765625 0.0353469848632812 -0.093719482421875
-0.003875732421875 0.38446044921875 -0.0283584594726563 -0.0936203002929687
0.197845458984375 0.347808837890625 -0.0253829956054687 -0.0675621032714843
0.295806884765625 0.22314453125 -0.0189552307128906 -0.04937744140625
0.288665771484375 0.19805908203125 -0.0117340087890625 -0.0484046936035156
0.337005615234375 0.19830322265625 -0.0052070617675781 -0.0362281799316406
0.308380126953125 0.2554931640625 0.0215072631835938 -0.0422096252441406
0.182861328125 0.36083984375 -0.00514602661132811 -0.0639457702636718
0.06396484375 0.408294677734375 0.0271797180175781 -0.0671730041503906
-0.2135009765625 0.3917236328125 0.0771408081054687 -0.0528640747070312
-0.365875244140625 0.343994140625 0.135673522949219 0.00743865966796877
-0.410858154296875 0.245361328125 0.192794799804687 0.0811920166015625
-0.424835205078125 0.1990966796875 -0.21453857421875 -0.049072265625
-0.360687255859375 0.240997314453125 -0.0851898193359375 0.0202789306640625
-0.29376220703125 0.31475830078125 0.01727294921875 -0.0525398254394531
-0.12432861328125 0.36285400390625 0.0106201171875 -0.118751525878906
0.022918701171875 0.330718994140625 -0.06817626953125 -0.142227172851562
0.194244384765625 0.29705810546875 -0.109466552734375 -0.126998901367187
0.270919799804687 0.189117431640625 -0.136894226074219 -0.0958251953125
0.263687133789063 0.169021606445313 -0.131881713867187 -0.0806884765625
0.304656982421875 0.1746826171875 -0.121971130371094 -0.071746826171875
0.2689208984375 0.231903076171875 -0.0756759643554687 -0.0919570922851562
0.14593505859375 0.3245849609375 -0.065155029296875 -0.104049682617187
0.0390625 0.35504150390625 -0.00515747070312499 -0.0859146118164062
-0.19976806640625 0.3336181640625 0.0457649230957031 -0.026947021484375
-0.328582763671875 0.303009033203125 0.055328369140625 0.0845947265625
-0.374969482421875 0.230255126953125 0.0367889404296875 0.131721496582031
-0.30419921875 0.17474365234375 -0.34539794921875 0.0103149414062501
-0.244308471679687 0.195953369140625 -0.166168212890625 0.0788726806640625
-0.183303833007812 0.231155395507813 -0.0144519805908203 -0.023193359375
-0.06805419921875 0.251998901367188 -0.0272674560546875 -0.122161865234375
0.0308380126953125 0.227813720703125 -0.107070922851562 -0.160385131835937
0.154296875 0.206893920898438 -0.184310913085938 -0.157257080078125
0.203750610351563 0.126953125 -0.238052368164062 -0.12091064453125
0.199325561523438 0.113128662109375 -0.23199462890625 -0.100570678710938
0.226837158203125 0.123992919921875 -0.214675903320312 -0.1029052734375
0.190139770507813 0.1678466796875 -0.149551391601563 -0.136199951171875
0.0904388427734375 0.232086181640625 -0.100021362304688 -0.134872436523437
0.016937255859375 0.240447998046875 -0.0248565673828125 -0.0954132080078125
-0.142303466796875 0.226150512695313 0.0147981643676758 0.000518798828125014
-0.232376098632813 0.226577758789063 -0.0236053466796875 0.143646240234375
-0.278244018554688 0.18853759765625 -0.108551025390625 0.16754150390625
-0.139556884765625 0.112945556640625 -0.436187744140625 0.0553283691406251
-0.107421875 0.100151062011719 -0.22869873046875 0.120315551757812
-0.0740203857421875 0.0996322631835937 -0.0460395812988281 0.00823593139648439
-0.0308380126953125 0.105216979980469 -0.0645751953125 -0.10498046875
0.0143585205078125 0.100013732910156 -0.134811401367188 -0.15338134765625
0.0807418823242188 0.0969085693359375 -0.236083984375 -0.158126831054688
0.102981567382813 0.052764892578125 -0.305511474609375 -0.12060546875
0.104728698730469 0.0398788452148437 -0.295654296875 -0.10333251953125
0.119186401367187 0.0483474731445312 -0.268722534179688 -0.122665405273438
0.095458984375 0.0701675415039063 -0.189971923828125 -0.164932250976563
0.04290771484375 0.09918212890625 -0.107437133789062 -0.1480712890625
0.0208740234375 0.0926742553710938 -0.0300216674804688 -0.091278076171875
-0.0384368896484375 0.107620239257813 -0.00974845886230469 0.0288028717041016
-0.08642578125 0.141983032226563 -0.0918426513671875 0.180343627929688
-0.134025573730469 0.135704040527344 -0.220474243164063 0.1893310546875
-0.0458602905273438 -0.0846786499023437 0.245590209960938 -0.257904052734375
-0.120735168457031 -0.0688018798828125 0.121475219726562 -0.217361450195313
-0.130783081054688 0.0139312744140625 -0.0154037475585938 -0.050872802734375
-0.0804672241210938 0.0607070922851562 0.0060882568359375 0.0774993896484375
-0.0431900024414063 0.0750503540039063 0.0678558349609375 0.147369384765625
-0.00942611694335937 0.0691032409667969 0.208999633789063 0.168899536132813
0.0214805603027344 0.0549507141113281 0.31683349609375 0.120697021484375
0.0135231018066406 0.0451393127441406 0.328826904296875 0.07427978515625
0.00923728942871094 0.030242919921875 0.326873779296875 0.086029052734375
0.0160503387451172 0.0189857482910156 0.274917602539063 0.136581420898437
0.0289707183837891 0.0190219879150391 0.180267333984375 0.113601684570313
0.0228309631347656 0.042816162109375 0.111846923828125 0.0581436157226563
-0.006378173828125 0.0464248657226563 0.131706237792969 -0.0373687744140625
-0.0239505767822266 0.00881004333496094 0.267105102539063 -0.164779663085938
0.00821495056152344 -0.0181961059570313 0.52496337890625 -0.0498046875
-0.222549438476563 -0.00282287597656249 0.241729736328125 -0.249282836914062
-0.259841918945312 0.0148162841796875 0.1402587890625 -0.20941162109375
-0.25946044921875 0.122116088867188 0.00669860839843748 -0.080230712890625
-0.14422607421875 0.201873779296875 0.0131492614746094 0.0355796813964844
-0.0410308837890625 0.21075439453125 0.044189453125 0.106369018554688
0.073150634765625 0.191192626953125 0.176162719726563 0.1365966796875
0.138961791992188 0.131721496582031 0.282928466796875 0.096527099609375
0.1273193359375 0.112693786621094 0.297271728515625 0.04718017578125
0.141555786132813 0.101455688476563 0.30010986328125 0.05462646484375
0.133277893066406 0.110343933105469 0.264923095703125 0.0955810546875
0.0958099365234375 0.1494140625 0.169647216796875 0.0701141357421875
0.0465087890625 0.189529418945312 0.113372802734375 0.0227279663085938
-0.0850677490234375 0.192276000976563 0.139694213867188 -0.0654449462890625
-0.164382934570313 0.14788818359375 0.27655029296875 -0.169647216796875
-0.157958984375 0.0859375 0.525634765625 -0.056427001953125
-0.3704833984375 0.0786437988281249 0.178070068359375 -0.227005004882812
-0.37188720703125 0.099090576171875 0.124160766601562 -0.17950439453125
-0.357147216796875 0.2208251953125 0.0280380249023437 -0.098785400390625
-0.192047119140625 0.321136474609375 0.0264625549316406 -0.0153961181640625
-0.036224365234375 0.32208251953125 0.0230522155761719 0.0421676635742188
0.142364501953125 0.290313720703125 0.123245239257813 0.0768890380859375
0.234878540039062 0.190383911132813 0.206771850585938 0.0522613525390625
0.224716186523438 0.16448974609375 0.22149658203125 0.0135650634765625
0.257858276367188 0.152725219726563 0.228363037109375 0.020416259765625
0.240097045898438 0.183914184570313 0.2154541015625 0.046783447265625
0.161590576171875 0.261642456054688 0.130744934082031 0.0214614868164063
0.07403564453125 0.315460205078125 0.0984878540039062 -0.0136260986328125
-0.14398193359375 0.318878173828125 0.13299560546875 -0.0792999267578125
-0.273101806640625 0.271209716796875 0.256088256835938 -0.1397705078125
-0.29547119140625 0.180267333984375 0.46734619140625 -0.035003662109375
-0.461639404296875 0.1544189453125 0.0687103271484375 -0.184188842773438
-0.434173583984375 0.1845703125 0.0754776000976562 -0.12872314453125
-0.396759033203125 0.308837890625 0.0404815673828125 -0.100555419921875
-0.199493408203125 0.4053955078125 0.0373001098632812 -0.0656280517578125
-0.017303466796875 0.389495849609375 -0.00120925903320313 -0.0326061248779297
0.195068359375 0.34710693359375 0.0527725219726563 0.00119018554687502
0.2965087890625 0.2205810546875 0.100723266601563 -0.00222778320312499
0.28826904296875 0.190582275390625 0.112525939941406 -0.0231475830078125
0.333984375 0.18206787109375 0.120086669921875 -0.0125808715820312
0.312713623046875 0.231719970703125 0.129470825195313 -0.00538635253906249
0.204010009765625 0.338348388671875 0.0685615539550782 -0.0281715393066406
0.09197998046875 0.400238037109375 0.0685348510742188 -0.0475692749023437
-0.182952880859375 0.402191162109375 0.113494873046875 -0.0761184692382812
-0.34100341796875 0.354461669921875 0.21142578125 -0.0801849365234375
-0.383819580078125 0.24609375 0.356719970703125 0.011474609375
-0.484283447265625 0.21063232421875 -0.0721435546875 -0.124481201171875
-0.429840087890625 0.250640869140625 0.00210571289062498 -0.0595741271972656
-0.3682861328125 0.36004638671875 0.0376968383789062 -0.0869140625
-0.16497802734375 0.432373046875 0.0335311889648437 -0.107872009277344
0.015045166015625 0.39666748046875 -0.03460693359375 -0.102401733398437
0.2236328125 0.34808349609375 -0.0322341918945312 -0.0745620727539062
0.315765380859375 0.2152099609375 -0.0236129760742187 -0.05657958984375
0.30792236328125 0.188232421875 -0.0146408081054687 -0.0555038452148437
0.358062744140625 0.18505859375 -0.00566864013671873 -0.0446395874023437
0.331756591796875 0.243896484375 0.0234260559082031 -0.0549545288085937
0.209716796875 0.3619384765625 -0.00626373291015623 -0.0730361938476562
0.088348388671875 0.41851806640625 0.02862548828125 -0.0739593505859375
-0.19927978515625 0.41802978515625 0.08563232421875 -0.05841064453125
-0.3582763671875 0.376495361328125 0.1455078125 0.00125122070312502
-0.4129638671875 0.2708740234375 0.210464477539063 0.0719451904296875
-0.430938720703125 0.228668212890625 -0.221282958984375 -0.0526885986328125
-0.359954833984375 0.269805908203125 -0.08282470703125 0.015350341796875
-0.283111572265625 0.345947265625 0.0186843872070312 -0.0630378723144531
-0.10516357421875 0.383697509765625 0.00634002685546876 -0.132720947265625
0.042633056640625 0.339447021484375 -0.076629638671875 -0.1492919921875
0.2197265625 0.294219970703125 -0.12054443359375 -0.130325317382812
0.28973388671875 0.177825927734375 -0.146591186523437 -0.097991943359375
0.281219482421875 0.156280517578125 -0.139640808105469 -0.0823211669921875
0.323944091796875 0.16070556640625 -0.127998352050781 -0.0745849609375
0.291534423828125 0.219085693359375 -0.080078125 -0.101249694824219
0.17218017578125 0.32550048828125 -0.0712203979492188 -0.111061096191406
0.062835693359375 0.364105224609375 -0.00677490234375 -0.091522216796875
-0.1864013671875 0.35791015625 0.0533027648925781 -0.0307884216308594
-0.32080078125 0.33551025390625 0.0681610107421875 0.0833816528320313
-0.37725830078125 0.256683349609375 0.0498809814453125 0.130661010742188
-0.309173583984375 0.20391845703125 -0.35308837890625 0.0155029296875
-0.243209838867187 0.221908569335938 -0.16400146484375 0.0802764892578125
-0.172439575195313 0.257644653320313 -0.0147552490234375 -0.0321979522705078
-0.0501708984375 0.268218994140625 -0.0348587036132813 -0.132431030273437
0.04840087890625 0.232772827148438 -0.119598388671875 -0.164321899414063
0.176605224609375 0.201141357421875 -0.198135375976563 -0.156448364257813
0.21966552734375 0.115005493164063 -0.250778198242188 -0.117202758789063
0.212966918945312 0.100662231445312 -0.243453979492188 -0.09698486328125
0.241409301757813 0.108749389648438 -0.224349975585937 -0.100921630859375
0.207199096679687 0.155059814453125 -0.158981323242188 -0.139266967773438
0.111953735351562 0.229873657226563 -0.109046936035156 -0.138710021972656
0.0364227294921875 0.245468139648437 -0.0278396606445312 -0.0992202758789062
-0.128814697265625 0.245574951171875 0.0222148895263672 0.000192642211914078
-0.222702026367188 0.253280639648438 -0.0122222900390625 0.14874267578125
-0.2777099609375 0.213348388671875 -0.100021362304687 0.17620849609375
-0.144012451171875 0.133377075195312 -0.448577880859375 0.0690917968749999
-0.108367919921875 0.117141723632813 -0.228897094726563 0.12640380859375
-0.0672149658203125 0.117027282714844 -0.0476913452148438 0.00230026245117189
-0.0179977416992188 0.115631103515625 -0.0742721557617188 -0.111488342285156
0.0265274047851562 0.102935791015625 -0.147659301757813 -0.153274536132813
0.0949478149414063 0.091796875 -0.251510620117188 -0.152481079101563
0.112228393554688 0.0423355102539063 -0.32196044921875 -0.11138916015625
0.11297607421875 0.02874755859375 -0.310028076171875 -0.094940185546875
0.126296997070313 0.0351333618164063 -0.281463623046875 -0.11676025390625
0.104598999023438 0.0582809448242188 -0.202194213867187 -0.164199829101562
0.0557785034179688 0.0941543579101563 -0.11566162109375 -0.148696899414063
0.0336837768554688 0.0912628173828125 -0.0318222045898437 -0.0937728881835937
-0.0259017944335937 0.117462158203125 -0.00347328186035157 0.0304775238037109
-0.0756683349609375 0.159866333007813 -0.08074951171875 0.190673828125
-0.131378173828125 0.154190063476563 -0.2158203125 0.206375122070313
-0.0522003173828125 -0.0976943969726563 0.232025146484375 -0.287567138671875
-0.138771057128906 -0.0702590942382813 0.105316162109375 -0.233963012695312
-0.145233154296875 0.022552490234375 -0.0217247009277344 -0.0519180297851563
-0.0888519287109375 0.0743179321289063 0.00872039794921874 0.07855224609375
-0.044189453125 0.0895767211914063 0.0764007568359375 0.145599365234375
-0.00522613525390624 0.0818939208984375 0.221893310546875 0.158538818359375
0.0273094177246094 0.0648231506347656 0.3319091796875 0.101318359375
0.0159454345703125 0.053802490234375 0.339508056640625 0.05181884765625
0.00927352905273437 0.0390243530273438 0.34051513671875 0.062713623046875
0.0123767852783203 0.0240650177001953 0.293792724609375 0.117523193359375
0.022247314453125 0.01806640625 0.198623657226563 0.09967041015625
0.0200767517089844 0.0380783081054688 0.124176025390625 0.0529022216796875
-0.00551605224609375 0.0371780395507813 0.134712219238281 -0.0412979125976563
-0.023193359375 -0.00142669677734375 0.260833740234375 -0.179840087890625
0.0114631652832031 -0.0301380157470703 0.53802490234375 -0.079833984375
-0.227996826171875 -0.000305175781250012 0.22955322265625 -0.28253173828125
-0.274520874023438 0.0238952636718751 0.126235961914062 -0.229110717773437
-0.267440795898438 0.142791748046875 -0.000854492187500021 -0.0863265991210937
-0.142684936523437 0.222610473632813 0.0127582550048828 0.0307407379150391
-0.032196044921875 0.22784423828125 0.04840087890625 0.102615356445313
0.0883026123046875 0.19976806640625 0.18524169921875 0.125732421875
0.1524658203125 0.133316040039063 0.294036865234375 0.07672119140625
0.138374328613281 0.113845825195313 0.306732177734375 0.023895263671875
0.150436401367188 0.10076904296875 0.31060791015625 0.0302734375
0.139541625976563 0.107261657714844 0.28125 0.07342529296875
0.102035522460938 0.146484375 0.18328857421875 0.0537872314453125
0.0561065673828125 0.187759399414062 0.125114440917969 0.0140151977539063
-0.0738677978515625 0.195541381835938 0.14508056640625 -0.072540283203125
-0.155517578125 0.1541748046875 0.274200439453125 -0.187606811523438
-0.152206420898437 0.0895843505859375 0.543487548828125 -0.092041015625
-0.37249755859375 0.0965270996093749 0.167190551757813 -0.258071899414063
-0.380279541015625 0.119354248046875 0.112564086914062 -0.201324462890625
-0.35693359375 0.25128173828125 0.0198745727539062 -0.1090087890625
-0.18072509765625 0.34735107421875 0.0232467651367187 -0.0252647399902344
-0.018035888671875 0.339630126953125 0.0219497680664063 0.0359230041503906
0.16717529296875 0.2943115234375 0.125404357910156 0.0663681030273438
0.255050659179688 0.184829711914063 0.212081909179688 0.0338134765625
0.2418212890625 0.157562255859375 0.226119995117188 -0.00776672363281249
0.27374267578125 0.142868041992187 0.234466552734375 -0.00160217285156249
0.255935668945313 0.171798706054688 0.226638793945313 0.0224456787109375
0.180755615234375 0.255783081054688 0.139122009277344 0.00457000732421876
0.09625244140625 0.317169189453125 0.107337951660156 -0.0245742797851562
-0.125 0.333465576171875 0.139450073242188 -0.08868408203125
-0.258575439453125 0.292816162109375 0.258926391601563 -0.1590576171875
-0.287322998046875 0.198150634765625 0.486358642578125 -0.069793701171875
-0.46185302734375 0.186370849609375 0.0588989257812499 -0.208984375
-0.433990478515625 0.21575927734375 0.06689453125 -0.147964477539063
-0.386474609375 0.345062255859375 0.0335006713867187 -0.114013671875
-0.177490234375 0.43255615234375 0.0313491821289062 -0.081085205078125
0.00827026367187499 0.403961181640625 -0.00769424438476563 -0.0409011840820312
0.2264404296875 0.344390869140625 0.0483474731445313 -0.0084266662597656
0.320281982421875 0.2066650390625 0.0988311767578125 -0.0163192749023437
0.309234619140625 0.176544189453125 0.111686706542969 -0.0389175415039062
0.35577392578125 0.163330078125 0.121719360351563 -0.029754638671875
0.335479736328125 0.211700439453125 0.134078979492188 -0.0261077880859375
0.23388671875 0.33074951171875 0.0708541870117188 -0.0431060791015625
0.12432861328125 0.40374755859375 0.0731201171875 -0.0578536987304687
-0.158111572265625 0.425445556640625 0.121421813964844 -0.0876007080078125
-0.321075439453125 0.3873291015625 0.218185424804687 -0.0988006591796875
-0.37542724609375 0.275115966796875 0.376434326171875 -0.017608642578125
-0.480987548828125 0.249786376953125 -0.0814056396484375 -0.138694763183594
-0.423492431640625 0.288330078125 -0.00143432617187503 -0.07269287109375
-0.348114013671875 0.398773193359375 0.033111572265625 -0.101181030273437
-0.13427734375 0.457000732421875 0.0243988037109375 -0.125328063964844
0.0450439453125 0.405975341796875 -0.0458450317382813 -0.110252380371094
0.256988525390625 0.339263916015625 -0.042510986328125 -0.080596923828125
0.33953857421875 0.197052001953125 -0.0308113098144531 -0.0637397766113281
0.330230712890625 0.169677734375 -0.0207366943359375 -0.0645256042480469
0.380645751953125 0.1612548828125 -0.00949859619140623 -0.0536956787109375
0.35675048828125 0.21942138671875 0.0205764770507813 -0.0694580078125
0.244415283203125 0.35260009765625 -0.0107040405273437 -0.0831451416015625
0.124267578125 0.42279052734375 0.0290451049804688 -0.083587646484375
-0.17181396484375 0.44537353515625 0.0932998657226562 -0.0694580078125
-0.337371826171875 0.415435791015625 0.156326293945312 -0.012359619140625
-0.404052734375 0.307647705078125 0.229324340820313 0.05322265625
-0.424713134765625 0.271759033203125 -0.229385375976563 -0.0536956787109375
-0.348358154296875 0.306976318359375 -0.0809249877929688 0.00928497314453126
-0.25726318359375 0.381561279296875 0.0140762329101562 -0.075775146484375
-0.071014404296875 0.403350830078125 -0.0042572021484375 -0.148361206054687
0.0726318359375 0.3436279296875 -0.092010498046875 -0.154495239257812
0.250732421875 0.280990600585938 -0.135231018066406 -0.130386352539062
0.310546875 0.155548095703125 -0.159225463867187 -0.0963287353515625
0.30072021484375 0.136077880859375 -0.150283813476562 -0.08203125
0.344024658203125 0.134765625 -0.136703491210937 -0.0751266479492187
0.315093994140625 0.194793701171875 -0.0891952514648437 -0.107711791992187
0.2054443359375 0.31573486328125 -0.0811538696289062 -0.116043090820313
0.0965576171875 0.367889404296875 -0.010284423828125 -0.09844970703125
-0.16015625 0.38446044921875 0.0607490539550781 -0.0388069152832031
-0.2987060546875 0.37353515625 0.081512451171875 0.0770721435546875
-0.368133544921875 0.29443359375 0.0678253173828125 0.125129699707031
-0.30328369140625 0.241912841796875 -0.3616943359375 0.029052734375
-0.231918334960937 0.253875732421875 -0.160110473632813 0.0825042724609375
-0.150299072265625 0.28582763671875 -0.0178108215332031 -0.0415496826171875
-0.02105712890625 0.28167724609375 -0.0472869873046875 -0.143402099609375
0.073333740234375 0.233078002929688 -0.135787963867188 -0.164276123046875
0.202163696289063 0.187255859375 -0.214813232421875 -0.149032592773438
0.234893798828125 0.09381103515625 -0.26776123046875 -0.106826782226563
0.226486206054688 0.080596923828125 -0.257171630859375 -0.0868988037109375
0.254531860351563 0.084716796875 -0.237762451171875 -0.09344482421875
0.2252197265625 0.132736206054688 -0.172409057617188 -0.1396484375
0.137344360351563 0.220626831054687 -0.12164306640625 -0.139289855957031
0.0626220703125 0.245468139648438 -0.03314208984375 -0.102767944335937
-0.106460571289062 0.26458740234375 0.0305213928222656 -0.00392913818359373
-0.2017822265625 0.284088134765625 0.00419616699218748 0.151199340820313
-0.268646240234375 0.246078491210938 -0.0847320556640625 0.184738159179688
-0.140838623046875 0.15997314453125 -0.45880126953125 0.0935363769531251
-0.102836608886719 0.139610290527344 -0.225799560546875 0.136932373046875
-0.0537948608398438 0.135360717773438 -0.0512161254882812 -0.00267791748046874
-0.000709533691406237 0.123832702636719 -0.0883102416992187 -0.115394592285156
0.0425643920898438 0.10272216796875 -0.165267944335938 -0.147903442382812
0.111442565917969 0.0813217163085938 -0.269439697265625 -0.139053344726562
0.120506286621094 0.0259552001953125 -0.337799072265625 -0.0917968749999999
0.118019104003906 0.012542724609375 -0.32415771484375 -0.0787963867187499
0.1317138671875 0.0164947509765625 -0.2962646484375 -0.102447509765625
0.113136291503906 0.0407943725585938 -0.217514038085937 -0.15875244140625
0.0699310302734375 0.0838394165039063 -0.1279296875 -0.146682739257812
0.0497970581054688 0.085479736328125 -0.037261962890625 -0.0948257446289063
-0.00645446777343751 0.124900817871094 0.00508689880371094 0.0309600830078125
-0.054962158203125 0.179275512695313 -0.063812255859375 0.199661254882813
-0.120742797851563 0.177764892578125 -0.202316284179688 0.22576904296875
-0.0646286010742188 -0.109451293945313 0.204254150390625 -0.309906005859375
-0.159088134765625 -0.065216064453125 0.0810089111328125 -0.2432861328125
-0.157562255859375 0.0373077392578125 -0.0291213989257813 -0.0506858825683594
-0.09246826171875 0.0907745361328125 0.0116958618164062 0.0777511596679688
-0.040283203125 0.104995727539062 0.083984375 0.140670776367188
0.004241943359375 0.09478759765625 0.229934692382813 0.142135620117188
0.0367584228515625 0.0738677978515625 0.3389892578125 0.075347900390625
0.0216331481933594 0.061614990234375 0.343170166015625 0.02398681640625
0.0130767822265625 0.0489006042480469 0.34454345703125 0.0322265625
0.00985908508300781 0.0310459136962891 0.30511474609375 0.08856201171875
0.0142536163330078 0.0192966461181641 0.210311889648438 0.0791778564453125
0.0139503479003906 0.0338287353515625 0.134681701660156 0.0424652099609375
-0.00866127014160156 0.02734375 0.135795593261719 -0.0461044311523437
-0.0262794494628906 -0.013427734375 0.247344970703125 -0.191741943359375
0.0109901428222656 -0.0456924438476563 0.540283203125 -0.117279052734375
-0.232406616210938 0.00311279296874996 0.20318603515625 -0.3106689453125
-0.28546142578125 0.039031982421875 0.1015625 -0.243942260742188
-0.267730712890625 0.165374755859375 -0.0116348266601563 -0.0892791748046875
-0.133514404296875 0.242904663085938 0.0101146697998047 0.0261363983154297
-0.016632080078125 0.242462158203125 0.0512313842773438 0.0960540771484375
0.107452392578125 0.203262329101563 0.189849853515625 0.110336303710938
0.166946411132813 0.131118774414063 0.296875 0.049774169921875
0.148880004882812 0.11126708984375 0.305389404296875 -0.00518798828124999
0.158721923828125 0.096405029296875 0.3116455078125 -0.000885009765624994
0.142791748046875 0.10089111328125 0.2877197265625 0.040771484375
0.106765747070312 0.139739990234375 0.19140625 0.030914306640625
0.065582275390625 0.181182861328125 0.133270263671875 0.00128173828125001
-0.0612030029296875 0.192428588867188 0.147689819335938 -0.0817108154296875
-0.14459228515625 0.155120849609375 0.26300048828125 -0.20477294921875
-0.143173217773438 0.08868408203125 0.545196533203125 -0.13555908203125
-0.36614990234375 0.115081787109375 0.142608642578125 -0.284912109375
-0.37835693359375 0.1424560546875 0.0904998779296875 -0.218704223632813
-0.34521484375 0.280487060546875 0.00764465332031249 -0.117591857910156
-0.158966064453125 0.368011474609375 0.0147972106933594 -0.0352401733398437
0.005889892578125 0.34869384765625 0.0170364379882813 0.0284099578857422
0.193817138671875 0.28759765625 0.12322998046875 0.05279541015625
0.2723388671875 0.171249389648438 0.210983276367188 0.01123046875
0.255279541015625 0.142440795898438 0.222442626953125 -0.0333099365234375
0.285400390625 0.125030517578125 0.232177734375 -0.0284881591796875
0.267562866210938 0.152816772460938 0.22857666015625 -0.00691223144531249
0.197921752929687 0.241348266601562 0.142547607421875 -0.0170440673828125
0.118927001953125 0.30804443359375 0.112686157226563 -0.0386199951171875
-0.098236083984375 0.33807373046875 0.14288330078125 -0.10089111328125
-0.233642578125 0.30718994140625 0.252975463867188 -0.18048095703125
-0.269134521484375 0.2115478515625 0.49127197265625 -0.1148681640625
-0.446044921875 0.2166748046875 0.0379791259765625 -0.230377197265625
-0.420867919921875 0.24542236328125 0.051177978515625 -0.164413452148437
-0.36175537109375 0.3770751953125 0.0221939086914062 -0.1246337890625
-0.14404296875 0.4490966796875 0.0185623168945312 -0.0936431884765625
0.03997802734375 0.406707763671875 -0.0182228088378906 -0.0475311279296875
0.2576904296875 0.329193115234375 0.0400352478027344 -0.0171890258789062
0.33837890625 0.183380126953125 0.0926513671875 -0.0311203002929687
0.32366943359375 0.152435302734375 0.104866027832031 -0.0560226440429687
0.3702392578125 0.13531494140625 0.117584228515625 -0.0492477416992187
0.351409912109375 0.182647705078125 0.131126403808594 -0.0501174926757812
0.261077880859375 0.310546875 0.0672760009765625 -0.0598220825195312
0.157989501953125 0.39385986328125 0.0743560791015625 -0.07122802734375
-0.122222900390625 0.43731689453125 0.125076293945313 -0.102897644042969
-0.288726806640625 0.4110107421875 0.2181396484375 -0.119842529296875
-0.353515625 0.300689697265625 0.384735107421875 -0.056488037109375
-0.457244873046875 0.29217529296875 -0.0945892333984375 -0.150192260742187
-0.397979736328125 0.321533203125 -0.00849151611328127 -0.0860519409179687
-0.3115234375 0.428009033203125 0.023590087890625 -0.113479614257812
-0.092926025390625 0.46844482421875 0.00918579101562499 -0.140899658203125
0.07940673828125 0.4029541015625 -0.060211181640625 -0.114761352539062
0.2879638671875 0.314910888671875 -0.05572509765625 -0.0822296142578125
0.356170654296875 0.167205810546875 -0.0413856506347656 -0.0683097839355468
0.343170166015625 0.140869140625 -0.030303955078125 -0.0711441040039062
0.3931884765625 0.12750244140625 -0.0170555114746094 -0.0626449584960937
0.37469482421875 0.1837158203125 0.0121917724609375 -0.084259033203125
0.275177001953125 0.329559326171875 -0.0191574096679687 -0.0922317504882813
0.163238525390625 0.412109375 0.0258407592773438 -0.0937957763671875
-0.131103515625 0.46038818359375 0.0967636108398437 -0.0836639404296875
-0.29827880859375 0.444244384765625 0.161422729492187 -0.02972412109375
-0.37872314453125 0.34124755859375 0.24267578125 0.02459716796875
-0.3988037109375 0.313812255859375 -0.235916137695313 -0.05242919921875
-0.319061279296875 0.33905029296875 -0.0804443359375 0.00220489501953127
-0.216217041015625 0.406402587890625 0.00664520263671873 -0.0878677368164062
-0.0294189453125 0.407318115234375 -0.0230560302734375 -0.159713745117187
0.10479736328125 0.334320068359375 -0.109222412109375 -0.153884887695312
0.277786254882813 0.252410888671875 -0.150054931640625 -0.124496459960937
0.323638916015625 0.123992919921875 -0.1712646484375 -0.089874267578125
0.310577392578125 0.105987548828125 -0.1605224609375 -0.077056884765625
0.35296630859375 0.099853515625 -0.146591186523437 -0.0725860595703125
0.33038330078125 0.159088134765625 -0.100364685058594 -0.112167358398437
0.235595703125 0.293304443359375 -0.093994140625 -0.117362976074219
0.13360595703125 0.356903076171875 -0.0156631469726562 -0.103813171386719
-0.120147705078125 0.3995361328125 0.066741943359375 -0.0508804321289062
-0.2591552734375 0.40228271484375 0.09423828125 0.0648422241210938
-0.342742919921875 0.32806396484375 0.083740234375 0.110176086425781
-0.28204345703125 0.279022216796875 -0.362701416015625 0.044342041015625
-0.206787109375 0.282379150390625 -0.153411865234375 0.083465576171875
-0.11474609375 0.3060302734375 -0.02301025390625 -0.0509033203125
0.0146484375 0.282745361328125 -0.065460205078125 -0.1492919921875
0.100555419921875 0.223403930664063 -0.153640747070313 -0.1583251953125
0.222244262695312 0.161758422851562 -0.229400634765625 -0.134262084960937
0.242630004882813 0.06512451171875 -0.278244018554688 -0.0891723632812499
0.230636596679688 0.0533599853515625 -0.265960693359375 -0.07232666015625
0.259963989257813 0.054412841796875 -0.248748779296875 -0.0821075439453125
0.2340087890625 0.102066040039063 -0.184677124023437 -0.133575439453125
0.15997314453125 0.200714111328125 -0.135627746582031 -0.135063171386719
0.0898895263671875 0.234634399414063 -0.0405120849609375 -0.105659484863281
-0.072967529296875 0.274703979492188 0.0361747741699219 -0.0116233825683594
-0.166046142578125 0.307586669921875 0.02264404296875 0.144821166992188
-0.243942260742187 0.276443481445313 -0.0651702880859375 0.185745239257813
-0.127639770507813 0.1868896484375 -0.455474853515625 0.121246337890625
-0.087493896484375 0.159927368164063 -0.2158203125 0.146652221679687
-0.031646728515625 0.149917602539062 -0.0564689636230469 -0.00786209106445312
0.0216064453125 0.126144409179688 -0.104721069335938 -0.114181518554687
0.0595321655273437 0.0952835083007813 -0.181289672851563 -0.134674072265625
0.124275207519531 0.0626296997070312 -0.28155517578125 -0.117095947265625
0.122528076171875 0.00606536865234375 -0.345947265625 -0.0666809082031251
0.117584228515625 -0.00699615478515625 -0.331878662109375 -0.05517578125
0.129356384277344 -0.00537872314453125 -0.306549072265625 -0.0833740234375001
0.114730834960938 0.0184402465820312 -0.229873657226563 -0.145858764648438
0.0806655883789063 0.0674209594726563 -0.139427185058594 -0.13970947265625
0.0641098022460938 0.0719223022460937 -0.0426254272460937 -0.0945663452148437
0.0179824829101563 0.125801086425781 0.0147113800048828 0.0275707244873047
-0.026153564453125 0.190475463867187 -0.0406036376953125 0.20263671875
-0.100128173828125 0.197967529296875 -0.18035888671875 0.241317749023438
-0.0807571411132812 -0.11822509765625 0.17144775390625 -0.31756591796875
-0.178268432617187 -0.05450439453125 0.0550689697265625 -0.24017333984375
-0.1661376953125 0.0539398193359375 -0.0346908569335938 -0.0459365844726562
-0.0943832397460937 0.109420776367188 0.012115478515625 0.0775070190429687
-0.0304641723632812 0.119476318359375 0.087371826171875 0.134132385253906
0.0179519653320313 0.10430908203125 0.231781005859375 0.12664794921875
0.0493316650390625 0.079315185546875 0.334259033203125 0.047943115234375
0.0287857055664063 0.0694580078125 0.33343505859375 0.000488281250000004
0.0187530517578125 0.0579109191894531 0.335235595703125 0.006988525390625
0.00997161865234375 0.0408439636230469 0.302947998046875 0.06256103515625
0.007049560546875 0.0247859954833984 0.2127685546875 0.0549468994140625
0.00493812561035157 0.0318851470947266 0.1412353515625 0.031036376953125
-0.0157146453857422 0.015472412109375 0.135963439941406 -0.0493240356445313
-0.0347118377685547 -0.0266056060791016 0.231399536132812 -0.19403076171875
0.00439071655273437 -0.0613861083984375 0.525726318359375 -0.145721435546875
-0.234481811523438 0.006378173828125 0.167572021484375 -0.3236083984375
-0.291961669921875 0.05303955078125 0.0732574462890625 -0.246139526367188
-0.262557983398438 0.185684204101563 -0.0210037231445313 -0.0863265991210937
-0.122360229492188 0.25726318359375 0.00488090515136718 0.0227794647216797
-0.00154113769531251 0.249420166015625 0.049652099609375 0.0883636474609375
0.124649047851562 0.198944091796875 0.185272216796875 0.0935211181640625
0.17694091796875 0.125244140625 0.289031982421875 0.0279541015625
0.15625 0.107437133789062 0.294891357421875 -0.02838134765625
0.1634521484375 0.0926513671875 0.3011474609375 -0.02752685546875
0.142471313476563 0.095916748046875 0.283447265625 0.012603759765625
0.106063842773438 0.133735656738281 0.188552856445313 0.00679016113281251
0.069427490234375 0.171173095703125 0.136054992675781 -0.0140228271484375
-0.054656982421875 0.181442260742187 0.148574829101562 -0.09161376953125
-0.134231567382812 0.149917602539063 0.250274658203125 -0.212783813476562
-0.133453369140625 0.08111572265625 0.5308837890625 -0.170867919921875
-0.3543701171875 0.126434326171875 0.109954833984375 -0.299407958984375
-0.37005615234375 0.159149169921875 0.06463623046875 -0.223922729492188
-0.328460693359375 0.29888916015625 -0.00541687011718752 -0.119071960449219
-0.133758544921875 0.377838134765625 0.00436019897460937 -0.0400657653808594
0.027587890625 0.348663330078125 0.0100898742675781 0.0222721099853516
0.213653564453125 0.274642944335938 0.113662719726563 0.0410919189453125
0.2825927734375 0.15380859375 0.200485229492188 -0.00685119628906249
0.260406494140625 0.127243041992188 0.208633422851563 -0.053192138671875
0.28875732421875 0.1064453125 0.218948364257813 -0.0511322021484375
0.266754150390625 0.133712768554687 0.221206665039063 -0.03424072265625
0.204757690429688 0.224624633789063 0.138153076171875 -0.0381622314453125
0.1326904296875 0.29150390625 0.11419677734375 -0.053466796875
-0.07757568359375 0.33062744140625 0.1435546875 -0.114303588867187
-0.2086181640625 0.30560302734375 0.241729736328125 -0.194656372070312
-0.248779296875 0.212814331054688 0.478179931640625 -0.1522216796875
-0.41961669921875 0.2342529296875 0.013702392578125 -0.243621826171875
-0.396759033203125 0.26220703125 0.029571533203125 -0.17401123046875
-0.331024169921875 0.39202880859375 0.00759124755859373 -0.131362915039062
-0.11175537109375 0.45172119140625 0.00317382812499999 -0.101364135742187
0.06451416015625 0.39764404296875 -0.0305252075195312 -0.0515174865722656
0.274871826171875 0.30548095703125 0.0278396606445313 -0.0225391387939453
0.34478759765625 0.158721923828125 0.0809097290039063 -0.0429153442382812
0.32757568359375 0.128631591796875 0.0924224853515625 -0.0694427490234375
0.370147705078125 0.10614013671875 0.104949951171875 -0.0648880004882812
0.352691650390625 0.1524658203125 0.120155334472656 -0.07037353515625
0.275665283203125 0.283843994140625 0.0574798583984375 -0.0744094848632813
0.1815185546875 0.3729248046875 0.0717620849609375 -0.0845184326171875
-0.0909423828125 0.431549072265625 0.124748229980469 -0.116867065429687
-0.251739501953125 0.413909912109375 0.21142578125 -0.136566162109375
-0.324005126953125 0.310791015625 0.376678466796875 -0.091766357421875
-0.4241943359375 0.31219482421875 -0.111770629882812 -0.159393310546875
-0.365570068359375 0.33746337890625 -0.018646240234375 -0.0968399047851562
-0.2716064453125 0.438812255859375 0.00900268554687497 -0.123275756835937
-0.056976318359375 0.461883544921875 -0.009521484375 -0.14935302734375
0.10552978515625 0.387054443359375 -0.0761642456054688 -0.114585876464844
0.3031005859375 0.284210205078125 -0.06787109375 -0.0806884765625
0.356903076171875 0.136505126953125 -0.0507583618164062 -0.0699043273925781
0.343109130859375 0.110809326171875 -0.0409164428710937 -0.0773162841796875
0.389434814453125 0.09326171875 -0.0276336669921875 -0.068023681640625
0.374298095703125 0.148162841796875 -0.000183105468749976 -0.0955123901367187
0.291961669921875 0.29937744140625 -0.0309219360351562 -0.0991592407226562
0.189544677734375 0.386962890625 0.021636962890625 -0.103813171386719
-0.092315673828125 0.460479736328125 0.0985946655273438 -0.0981674194335937
-0.252777099609375 0.45513916015625 0.16168212890625 -0.049285888671875
-0.3443603515625 0.355682373046875 0.242538452148437 -0.00604248046874998
-0.36187744140625 0.3404541015625 -0.239883422851563 -0.0526123046875
-0.28216552734375 0.3572998046875 -0.0826263427734375 -0.00816345214843746
-0.173187255859375 0.4105224609375 -0.00454711914062501 -0.09771728515625
0.0111083984375 0.3948974609375 -0.0411529541015625 -0.16546630859375
0.13031005859375 0.31365966796875 -0.123977661132812 -0.147186279296875
0.28900146484375 0.219512939453125 -0.160873413085937 -0.114669799804687
0.322052001953125 0.09112548828125 -0.179840087890625 -0.0831146240234375
0.307342529296875 0.076751708984375 -0.166900634765625 -0.07183837890625
0.347625732421875 0.06640625 -0.152740478515625 -0.0681304931640625
0.3277587890625 0.124114990234375 -0.111480712890625 -0.112953186035156
0.252960205078125 0.26177978515625 -0.105911254882812 -0.116035461425781
0.160003662109375 0.334503173828125 -0.0214157104492187 -0.109199523925781
-0.080596923828125 0.397918701171875 0.0656623840332031 -0.064483642578125
-0.21484375 0.411376953125 0.0993499755859375 0.047821044921875
-0.307647705078125 0.348052978515625 0.0952606201171875 0.0896987915039063
-0.251190185546875 0.302947998046875 -0.35601806640625 0.051971435546875
-0.174102783203125 0.297698974609375 -0.145843505859375 0.075775146484375
-0.07757568359375 0.310211181640625 -0.0325088500976562 -0.0596122741699219
0.0459136962890625 0.271835327148438 -0.084075927734375 -0.149459838867187
0.119125366210938 0.2022705078125 -0.163314819335937 -0.14483642578125
0.231964111328125 0.131561279296875 -0.236358642578125 -0.118865966796875
0.237045288085938 0.0372314453125 -0.282989501953125 -0.071014404296875
0.225799560546875 0.02783203125 -0.269424438476563 -0.0592498779296875
0.25006103515625 0.026397705078125 -0.251083374023438 -0.069000244140625
0.231216430664063 0.0707244873046875 -0.194915771484375 -0.126144409179688
0.172500610351563 0.174301147460938 -0.143585205078125 -0.1298828125
0.111663818359375 0.213485717773438 -0.045501708984375 -0.105667114257812
-0.0405426025390625 0.271835327148438 0.0394477844238281 -0.0221061706542969
-0.1263427734375 0.314239501953125 0.0345306396484375 0.132286071777344
-0.210662841796875 0.292266845703125 -0.044464111328125 0.175323486328125
-0.104965209960937 0.2076416015625 -0.443023681640625 0.140167236328125
-0.0666656494140625 0.176406860351563 -0.204299926757813 0.145477294921875
-0.0074005126953125 0.156845092773438 -0.0631904602050781 -0.0120429992675781
0.0438385009765625 0.118598937988281 -0.118499755859375 -0.107086181640625
0.0729446411132813 0.0807418823242188 -0.190536499023438 -0.117813110351563
0.130439758300781 0.0395889282226563 -0.282867431640625 -0.0942687988281249
0.1165771484375 -0.0160675048828125 -0.34356689453125 -0.0421142578125001
0.109519958496094 -0.0253448486328125 -0.32879638671875 -0.03369140625
0.119033813476563 -0.025115966796875 -0.304351806640625 -0.0644531249999999
0.105674743652344 -0.00211334228515625 -0.235519409179688 -0.129608154296875
0.0828323364257813 0.048309326171875 -0.14483642578125 -0.1292724609375
0.0734634399414063 0.0546875 -0.0437088012695312 -0.09271240234375
0.03936767578125 0.117622375488281 0.0228328704833984 0.0209236145019531
0.0054168701171875 0.1915283203125 -0.0211639404296875 0.195465087890625
-0.0739898681640625 0.210494995117188 -0.153350830078125 0.243820190429687
-0.0987091064453125 -0.126014709472656 0.145050048828125 -0.312164306640625
-0.19232177734375 -0.0428619384765625 0.0363922119140625 -0.231094360351563
-0.172348022460938 0.0698394775390625 -0.039581298828125 -0.0405464172363281
-0.0899887084960938 0.125358581542969 0.0118255615234375 0.0767059326171875
-0.0215225219726563 0.132057189941406 0.086212158203125 0.128395080566406
0.0315322875976563 0.113319396972656 0.226547241210937 0.116836547851562
0.0622711181640625 0.0836257934570313 0.3258056640625 0.0377197265625
0.0389022827148437 0.0742263793945313 0.321990966796875 -0.01239013671875
0.02874755859375 0.0650596618652344 0.323089599609375 -0.00689697265624999
0.0119285583496094 0.0503730773925781 0.294708251953125 0.042724609375
-0.00102615356445313 0.0331935882568359 0.209945678710938 0.0387725830078125
-0.00560951232910157 0.0337772369384766 0.143844604492188 0.021484375
-0.0275173187255859 0.00743103027343751 0.139266967773438 -0.0476608276367188
-0.0467376708984375 -0.0377349853515625 0.2232666015625 -0.187484741210938
-0.00360870361328124 -0.0760574340820313 0.513397216796875 -0.15606689453125
-0.239212036132813 -0.00251770019531249 0.137176513671875 -0.322540283203125
-0.29730224609375 0.063140869140625 0.052459716796875 -0.240997314453125
-0.26116943359375 0.199356079101563 -0.0291061401367188 -0.0848770141601562
-0.111419677734375 0.26947021484375 -0.00233650207519532 0.0215187072753906
0.0135040283203125 0.25531005859375 0.0438613891601563 0.08551025390625
0.137954711914063 0.200942993164063 0.174850463867188 0.087615966796875
0.190109252929688 0.123214721679688 0.2764892578125 0.015533447265625
0.162429809570313 0.105087280273438 0.27789306640625 -0.0419464111328125
0.16864013671875 0.09149169921875 0.284515380859375 -0.04205322265625
0.141952514648438 0.0962371826171875 0.269485473632813 -0.00822448730468749
0.101806640625 0.132011413574219 0.183486938476563 -0.010162353515625
0.0640411376953125 0.162750244140625 0.137664794921875 -0.0269622802734375
-0.05517578125 0.169692993164063 0.149673461914063 -0.094757080078125
-0.133163452148438 0.13653564453125 0.240966796875 -0.215316772460937
-0.132957458496094 0.0677719116210938 0.51483154296875 -0.190460205078125
-0.34466552734375 0.122222900390625 0.079833984375 -0.303436279296875
-0.3668212890625 0.166229248046875 0.0434417724609375 -0.2236328125
-0.316497802734375 0.307159423828125 -0.0174026489257813 -0.118392944335937
-0.12078857421875 0.380706787109375 -0.00750732421875001 -0.044219970703125
0.04278564453125 0.347259521484375 -0.00104904174804687 0.0203037261962891
0.223007202148437 0.26416015625 0.102035522460938 0.0372467041015625
0.2867431640625 0.144683837890625 0.185043334960938 -0.0171356201171875
0.2623291015625 0.118759155273438 0.192169189453125 -0.0654754638671875
0.287933349609375 0.098297119140625 0.203277587890625 -0.0662384033203125
0.262802124023438 0.124313354492188 0.204971313476563 -0.0535430908203125
0.203826904296875 0.214096069335938 0.127716064453125 -0.052520751953125
0.13494873046875 0.276748657226563 0.112838745117188 -0.0669097900390625
-0.0692138671875 0.315765380859375 0.143692016601563 -0.1239013671875
-0.19573974609375 0.295562744140625 0.232467651367188 -0.20196533203125
-0.237091064453125 0.203231811523437 0.464599609375 -0.1763916015625
-0.399261474609375 0.235565185546875 -0.0131378173828125 -0.251358032226563
-0.38177490234375 0.26580810546875 0.0127410888671875 -0.178054809570312
-0.30877685546875 0.391876220703125 -0.00594329833984376 -0.134658813476562
-0.09222412109375 0.446014404296875 -0.013916015625 -0.107131958007812
0.077484130859375 0.388397216796875 -0.0439872741699219 -0.052337646484375
0.28216552734375 0.285736083984375 0.0152683258056641 -0.0239219665527344
0.34429931640625 0.14306640625 0.0664215087890625 -0.0480766296386719
0.32293701171875 0.1141357421875 0.07659912109375 -0.0792312622070312
0.36419677734375 0.092132568359375 0.0901641845703125 -0.0755462646484375
0.34417724609375 0.132537841796875 0.104347229003906 -0.086151123046875
0.276382446289063 0.265716552734375 0.0475234985351563 -0.0861282348632812
0.18963623046875 0.3514404296875 0.0681076049804688 -0.0972366333007812
-0.073211669921875 0.41748046875 0.123886108398437 -0.13116455078125
-0.229156494140625 0.40655517578125 0.203826904296875 -0.150192260742187
-0.3031005859375 0.305023193359375 0.365570068359375 -0.1181640625
-0.39300537109375 0.318511962890625 -0.12872314453125 -0.167282104492187
-0.3385009765625 0.339813232421875 -0.032470703125 -0.105453491210937
-0.24237060546875 0.432373046875 -0.00330352783203127 -0.12957763671875
-0.034332275390625 0.44696044921875 -0.028411865234375 -0.152481079101562
0.115325927734375 0.3665771484375 -0.0900497436523437 -0.113716125488281
0.305633544921875 0.2589111328125 -0.078857421875 -0.0792999267578125
0.35205078125 0.11651611328125 -0.0635528564453125 -0.0711135864257813
0.334747314453125 0.09326171875 -0.0511627197265625 -0.0809707641601563
0.381317138671875 0.073211669921875 -0.0368423461914062 -0.073883056640625
0.364959716796875 0.12384033203125 -0.0129928588867187 -0.104904174804687
0.29718017578125 0.2725830078125 -0.0408096313476562 -0.105743408203125
0.203521728515625 0.36474609375 0.016754150390625 -0.112754821777344
-0.06890869140625 0.444610595703125 0.0937423706054688 -0.113334655761719
-0.22613525390625 0.447601318359375 0.157135009765625 -0.065277099609375
-0.317626953125 0.355682373046875 0.237884521484375 -0.02947998046875
-0.330474853515625 0.34783935546875 -0.248092651367188 -0.0614471435546874
-0.2515869140625 0.357391357421875 -0.0876846313476563 -0.019439697265625
-0.141082763671875 0.403411865234375 -0.0158843994140625 -0.107467651367187
0.031158447265625 0.376953125 -0.0595703125 -0.167724609375
0.138702392578125 0.2904052734375 -0.135772705078125 -0.141387939453125
0.28851318359375 0.19207763671875 -0.16668701171875 -0.10772705078125
0.311737060546875 0.070587158203125 -0.184341430664062 -0.07818603515625
0.296722412109375 0.056396484375 -0.174148559570312 -0.0717010498046875
0.33380126953125 0.044281005859375 -0.159530639648437 -0.06829833984375
0.317047119140625 0.09674072265625 -0.12225341796875 -0.115737915039063
0.254776000976563 0.234832763671875 -0.113761901855469 -0.116935729980469
0.173492431640625 0.3084716796875 -0.0269241333007812 -0.116096496582031
-0.05596923828125 0.38525390625 0.06573486328125 -0.0770263671875
-0.18212890625 0.408447265625 0.100334167480469 0.0314254760742188
-0.276885986328125 0.3494873046875 0.0959014892578125 0.0690383911132813
-0.2196044921875 0.314239501953125 -0.3543701171875 0.0497436523437499
-0.145263671875 0.302001953125 -0.144729614257813 0.0652923583984375
-0.04669189453125 0.30438232421875 -0.0421562194824219 -0.0680999755859375
0.066497802734375 0.253799438476563 -0.0986328125 -0.1483154296875
0.12860107421875 0.182220458984375 -0.172088623046875 -0.13592529296875
0.22711181640625 0.105377197265625 -0.236953735351563 -0.105880737304687
0.225906372070312 0.016693115234375 -0.27984619140625 -0.0634613037109375
0.212478637695313 0.0080718994140625 -0.269851684570313 -0.052001953125
0.235610961914062 0.00616455078125 -0.25274658203125 -0.0624237060546875
0.2166748046875 0.04931640625 -0.201080322265625 -0.122314453125
0.172348022460938 0.148544311523438 -0.150253295898438 -0.12457275390625
0.119003295898437 0.189926147460937 -0.0489349365234375 -0.10906982421875
-0.0167236328125 0.257080078125 0.0416336059570312 -0.0339813232421875
-0.0947265625 0.30859375 0.04150390625 0.11761474609375
-0.183563232421875 0.296783447265625 -0.03656005859375 0.16082763671875
-0.08294677734375 0.220138549804688 -0.433929443359375 0.14312744140625
-0.0465087890625 0.18231201171875 -0.197906494140625 0.137588500976563
0.0156402587890625 0.155593872070313 -0.07073974609375 -0.017791748046875
0.0600128173828125 0.107742309570313 -0.131340026855469 -0.101127624511719
0.08087158203125 0.0668716430664063 -0.192184448242188 -0.102554321289063
0.126853942871094 0.0198440551757813 -0.279296875 -0.0790557861328125
0.106552124023437 -0.032470703125 -0.335845947265625 -0.029449462890625
0.097198486328125 -0.0394058227539063 -0.323760986328125 -0.023162841796875
0.103431701660156 -0.0396728515625 -0.30169677734375 -0.055084228515625
0.0930404663085938 -0.0174179077148438 -0.236709594726563 -0.122528076171875
0.0811691284179688 0.0267333984375 -0.14752197265625 -0.123336791992187
0.0770263671875 0.0352249145507813 -0.0463180541992188 -0.094024658203125
0.0576629638671875 0.103233337402344 0.0269870758056641 0.0106544494628906
0.032196044921875 0.182998657226562 -0.00762939453125 0.181228637695312
-0.049591064453125 0.213760375976563 -0.135391235351563 0.233688354492188
-0.119766235351563 -0.132896423339844 0.12908935546875 -0.303192138671875
-0.209075927734375 -0.0298004150390625 0.0263671875 -0.219879150390625
-0.178558349609375 0.0885162353515625 -0.0422401428222656 -0.0353050231933594
-0.0861968994140625 0.143966674804688 0.011138916015625 0.0803985595703125
-0.0112152099609375 0.144866943359375 0.0840606689453125 0.128852844238281
0.0483779907226562 0.120071411132812 0.223602294921875 0.1156005859375
0.0784530639648438 0.0867080688476563 0.319366455078125 0.033233642578125
0.0509490966796875 0.0804901123046875 0.313995361328125 -0.016510009765625
0.0395431518554688 0.0738525390625 0.314788818359375 -0.012359619140625
0.0162544250488281 0.0610618591308594 0.2886962890625 0.0322265625
-0.00536727905273437 0.0455589294433594 0.206985473632813 0.02679443359375
-0.01641845703125 0.0392227172851562 0.147811889648437 0.0140228271484375
-0.0439033508300781 0.00154876708984375 0.146026611328125 -0.0483551025390625
-0.0629310607910156 -0.0468368530273438 0.225570678710938 -0.179931640625
-0.017578125 -0.0918960571289063 0.512359619140625 -0.160888671875
-0.253173828125 -0.00878906249999996 0.1168212890625 -0.3179931640625
-0.310302734375 0.0736083984375001 0.038909912109375 -0.232437133789062
-0.2642822265625 0.213882446289063 -0.0365447998046875 -0.0812530517578125
-0.105926513671875 0.28369140625 -0.00798988342285157 0.0227298736572266
0.0240936279296875 0.26385498046875 0.0350494384765625 0.0862350463867188
0.153839111328125 0.202987670898438 0.167526245117187 0.0883331298828125
0.200775146484375 0.121810913085938 0.26617431640625 0.0106353759765625
0.170623779296875 0.1077880859375 0.266845703125 -0.047821044921875
0.176971435546875 0.0957489013671875 0.272994995117188 -0.04901123046875
0.143402099609375 0.101577758789063 0.259658813476562 -0.0211181640625
0.0972137451171875 0.138435363769531 0.175933837890625 -0.0227508544921875
0.05560302734375 0.1634521484375 0.139381408691406 -0.0378646850585938
-0.06591796875 0.160797119140625 0.15533447265625 -0.101486206054687
-0.142425537109375 0.125961303710938 0.240570068359375 -0.214828491210938
-0.140037536621094 0.0522384643554687 0.510223388671875 -0.201934814453125
-0.35003662109375 0.115081787109375 0.05535888671875 -0.303985595703125
-0.37213134765625 0.17095947265625 0.0260467529296875 -0.220748901367188
-0.316009521484375 0.31591796875 -0.026641845703125 -0.117782592773437
-0.11346435546875 0.389251708984375 -0.019805908203125 -0.044189453125
0.05029296875 0.351043701171875 -0.0126266479492188 0.0208663940429688
0.23382568359375 0.261505126953125 0.0910720825195313 0.0389633178710938
0.294158935546875 0.140533447265625 0.172622680664063 -0.0191802978515625
0.265350341796875 0.117828369140625 0.177932739257813 -0.072021484375
0.29107666015625 0.098052978515625 0.189834594726563 -0.073028564453125
0.260269165039062 0.1224365234375 0.190948486328125 -0.0668487548828125
0.201019287109375 0.21343994140625 0.11737060546875 -0.0655670166015625
0.131423950195313 0.271957397460938 0.110702514648438 -0.0814208984375
-0.0738525390625 0.3072509765625 0.146408081054688 -0.13580322265625
-0.197113037109375 0.285186767578125 0.232086181640625 -0.209136962890625
-0.237960815429688 0.188888549804687 0.4566650390625 -0.193939208984375
-0.394256591796875 0.228912353515625 -0.0380554199218751 -0.256439208984375
-0.37884521484375 0.26458740234375 -0.00508117675781252 -0.179885864257813
-0.303985595703125 0.391510009765625 -0.0183639526367188 -0.13818359375
-0.085235595703125 0.44329833984375 -0.0307159423828125 -0.10906982421875
0.082763671875 0.385711669921875 -0.0583419799804687 -0.0519218444824218
0.2861328125 0.278076171875 0.00210189819335939 -0.0218009948730469
0.345184326171875 0.1373291015625 0.0532379150390625 -0.0500259399414063
0.321380615234375 0.1097412109375 0.062225341796875 -0.0843658447265625
0.362335205078125 0.08612060546875 0.0770187377929688 -0.082000732421875
0.338897705078125 0.126251220703125 0.088775634765625 -0.0978469848632812
0.275619506835938 0.2587890625 0.035125732421875 -0.0959014892578125
0.189971923828125 0.34228515625 0.0635604858398438 -0.11175537109375
-0.069732666015625 0.4090576171875 0.1226806640625 -0.1463623046875
-0.2225341796875 0.39801025390625 0.199813842773438 -0.161331176757812
-0.29736328125 0.294281005859375 0.35845947265625 -0.139007568359375
-0.378265380859375 0.314361572265625 -0.150604248046875 -0.176284790039062
-0.327178955078125 0.33489990234375 -0.0484542846679688 -0.114997863769531
-0.2298583984375 0.425567626953125 -0.0174026489257813 -0.13787841796875
-0.02490234375 0.4356689453125 -0.0475616455078125 -0.156158447265625
0.11773681640625 0.35772705078125 -0.103141784667969 -0.112075805664062
0.304168701171875 0.246429443359375 -0.0906600952148438 -0.0764083862304687
0.346771240234375 0.107269287109375 -0.0753402709960937 -0.07183837890625
0.328704833984375 0.08502197265625 -0.0644683837890625 -0.083984375
0.37371826171875 0.064208984375 -0.049560546875 -0.0784072875976563
0.355926513671875 0.111846923828125 -0.0281753540039062 -0.113334655761719
0.29656982421875 0.26055908203125 -0.053619384765625 -0.111618041992187
0.207275390625 0.351409912109375 0.00975799560546877 -0.124473571777344
-0.05914306640625 0.43511962890625 0.091033935546875 -0.129562377929687
-0.211883544921875 0.44085693359375 0.15313720703125 -0.0785064697265625
-0.305938720703125 0.349212646484375 0.23089599609375 -0.051055908203125
-0.307708740234375 0.349578857421875 -0.264694213867188 -0.0707397460937499
-0.232757568359375 0.35345458984375 -0.0993576049804688 -0.0329513549804687
-0.1234130859375 0.393829345703125 -0.0304718017578125 -0.116188049316406
0.042449951171875 0.360565185546875 -0.0778656005859375 -0.170272827148437
0.1397705078125 0.276092529296875 -0.146530151367187 -0.138946533203125
0.28253173828125 0.1748046875 -0.1749267578125 -0.105361938476562
0.30126953125 0.059814453125 -0.193069458007812 -0.0773773193359375
0.28558349609375 0.046051025390625 -0.182601928710938 -0.07257080078125
0.3226318359375 0.0341796875 -0.168319702148438 -0.0699310302734375
0.304962158203125 0.08380126953125 -0.135337829589844 -0.119911193847656
0.252548217773438 0.21807861328125 -0.124038696289063 -0.119392395019531
0.1763916015625 0.29168701171875 -0.0336761474609375 -0.123893737792969
-0.042724609375 0.37371826171875 0.0615234375 -0.0912322998046875
-0.1630859375 0.40081787109375 0.0977020263671875 0.017822265625
-0.261016845703125 0.3460693359375 0.0920257568359375 0.0499267578125
-0.19580078125 0.3206787109375 -0.363616943359375 0.041900634765625
-0.124542236328125 0.301971435546875 -0.152450561523438 0.051483154296875
-0.026214599609375 0.29522705078125 -0.0557479858398438 -0.0758590698242188
0.0788726806640625 0.237380981445312 -0.113861083984375 -0.147109985351562
0.130599975585938 0.16558837890625 -0.178756713867188 -0.129196166992188
0.220123291015625 0.0856170654296875 -0.239669799804687 -0.101394653320312
0.213226318359375 0.0041351318359375 -0.28399658203125 -0.060791015625
0.199478149414063 -0.0015716552734375 -0.274032592773438 -0.0501098632812499
0.220611572265625 -0.002838134765625 -0.25848388671875 -0.0617218017578125
0.202529907226563 0.036529541015625 -0.209396362304687 -0.123504638671875
0.166366577148438 0.131637573242188 -0.157257080078125 -0.123916625976563
0.119613647460938 0.171524047851563 -0.0535736083984375 -0.115768432617187
-0.00225830078124999 0.243301391601563 0.040130615234375 -0.046142578125
-0.072113037109375 0.299346923828125 0.0423507690429688 0.104026794433594
-0.162261962890625 0.296539306640625 -0.035064697265625 0.145217895507813
-0.0609893798828125 0.2301025390625 -0.437957763671875 0.1402587890625
-0.02716064453125 0.18792724609375 -0.201797485351563 0.128128051757813
0.036224365234375 0.151824951171875 -0.0836334228515625 -0.0217971801757812
0.0722732543945313 0.095458984375 -0.143585205078125 -0.0961761474609375
0.085174560546875 0.052703857421875 -0.194137573242188 -0.0941314697265625
0.120773315429688 0.0020294189453125 -0.275588989257813 -0.0720672607421875
0.0930938720703125 -0.044036865234375 -0.333526611328125 -0.0250244140625
0.0828704833984375 -0.0489959716796875 -0.322723388671875 -0.02008056640625
0.08709716796875 -0.0474624633789063 -0.3026123046875 -0.052215576171875
0.077392578125 -0.0280914306640625 -0.23931884765625 -0.1217041015625
0.0726394653320313 0.0114288330078125 -0.149459838867188 -0.122940063476563
0.0741500854492188 0.0161972045898438 -0.0487060546875 -0.09881591796875
0.0711746215820313 0.0869064331054688 0.0287055969238281 0.00102233886718751
0.0542755126953125 0.173080444335937 -0.002410888671875 0.169326782226562
-0.0276641845703125 0.2149658203125 -0.127243041992188 0.222854614257813
-0.146621704101563 -0.136154174804688 0.1202392578125 -0.295257568359375
-0.227432250976563 -0.0110321044921875 0.0210418701171875 -0.210037231445313
-0.1844482421875 0.111038208007812 -0.04461669921875 -0.030181884765625
-0.0792083740234375 0.165130615234375 0.011444091796875 0.0857315063476563
0.00505065917968749 0.158798217773438 0.0838623046875 0.133628845214844
0.0698623657226563 0.1251220703125 0.226455688476563 0.119308471679688
0.0977020263671875 0.0872268676757813 0.322540283203125 0.03204345703125
0.0666351318359375 0.0845260620117188 0.313934326171875 -0.01885986328125
0.0551605224609375 0.0806961059570313 0.313812255859375 -0.0157470703125
0.02490234375 0.0722732543945313 0.28717041015625 0.024383544921875
-0.005950927734375 0.0602226257324219 0.20550537109375 0.0167999267578125
-0.0263099670410156 0.0496559143066406 0.153884887695313 0.006103515625
-0.0635871887207031 0.00131225585937499 0.158126831054688 -0.0517120361328125
-0.0851974487304687 -0.0517959594726563 0.237136840820313 -0.179092407226563
-0.0367965698242188 -0.105735778808594 0.52667236328125 -0.1680908203125
-0.2774658203125 -0.01165771484375 0.099884033203125 -0.31341552734375
-0.327728271484375 0.0892944335937501 0.0283966064453125 -0.225570678710938
-0.271224975585938 0.236434936523437 -0.0433502197265625 -0.0776214599609375
-0.0972900390625 0.30517578125 -0.0150375366210938 0.0268535614013672
0.038665771484375 0.2783203125 0.027862548828125 0.0914993286132813
0.1748046875 0.20660400390625 0.164886474609375 0.0941162109375
0.2208251953125 0.121124267578125 0.262939453125 0.0110321044921875
0.185226440429688 0.110748291015625 0.260498046875 -0.0513153076171875
0.191818237304687 0.1002197265625 0.2662353515625 -0.0531463623046875
0.150100708007813 0.110702514648438 0.2523193359375 -0.030517578125
0.0972442626953125 0.150070190429688 0.169769287109375 -0.0345916748046875
0.0485076904296875 0.170745849609375 0.140899658203125 -0.0507659912109375
-0.082305908203125 0.160064697265625 0.16278076171875 -0.112518310546875
-0.160598754882813 0.12176513671875 0.248138427734375 -0.220718383789063
-0.157913208007813 0.03900146484375 0.51751708984375 -0.216705322265625
-0.367828369140625 0.111358642578125 0.032501220703125 -0.303009033203125
-0.38763427734375 0.181640625 0.0117950439453125 -0.216705322265625
-0.323272705078125 0.3323974609375 -0.0388107299804688 -0.117866516113281
-0.108428955078125 0.406646728515625 -0.0332603454589844 -0.0415802001953125
0.0621337890625 0.3631591796875 -0.0259246826171875 0.0257587432861328
0.251220703125 0.26385498046875 0.0819931030273438 0.0456314086914063
0.30975341796875 0.13995361328125 0.1641845703125 -0.0180816650390625
0.277725219726562 0.11968994140625 0.166778564453125 -0.0749359130859375
0.303985595703125 0.09954833984375 0.179367065429688 -0.0774383544921875
0.265762329101563 0.126296997070312 0.17840576171875 -0.0775299072265625
0.204269409179688 0.220672607421875 0.106132507324219 -0.0772171020507813
0.1297607421875 0.276840209960938 0.106819152832031 -0.0976638793945312
-0.083831787109375 0.308197021484375 0.149551391601563 -0.153335571289062
-0.20941162109375 0.283294677734375 0.234283447265625 -0.2216796875
-0.2506103515625 0.179443359375 0.458251953125 -0.21478271484375
-0.402374267578125 0.225677490234375 -0.0656890869140625 -0.259185791015625
-0.387451171875 0.270660400390625 -0.0240936279296875 -0.181884765625
-0.308624267578125 0.40142822265625 -0.03399658203125 -0.1414794921875
-0.083251953125 0.45416259765625 -0.0488204956054688 -0.108879089355469
0.088592529296875 0.39373779296875 -0.0749588012695312 -0.047821044921875
0.296630859375 0.277984619140625 -0.0103416442871094 -0.0160675048828125
0.3543701171875 0.13397216796875 0.0406303405761719 -0.0486831665039063
0.3280029296875 0.109222412109375 0.0473709106445313 -0.0872879028320313
0.3707275390625 0.084228515625 0.0627899169921875 -0.0862197875976562
0.34136962890625 0.124969482421875 0.072296142578125 -0.107452392578125
0.279998779296875 0.25982666015625 0.0205154418945313 -0.105239868164063
0.192657470703125 0.343414306640625 0.055267333984375 -0.127655029296875
-0.072845458984375 0.411163330078125 0.120223999023438 -0.165512084960938
-0.22662353515625 0.4002685546875 0.198989868164063 -0.177154541015625
-0.304290771484375 0.28948974609375 0.35443115234375 -0.1607666015625
-0.375457763671875 0.3134765625 -0.180084228515625 -0.182342529296875
-0.3267822265625 0.33636474609375 -0.0694580078125 -0.121665954589844
-0.228790283203125 0.42657470703125 -0.035430908203125 -0.144256591796875
-0.021575927734375 0.43743896484375 -0.0689544677734375 -0.1575927734375
0.11932373046875 0.358642578125 -0.120613098144531 -0.109481811523437
0.3076171875 0.241424560546875 -0.104293823242187 -0.0719375610351563
0.349212646484375 0.102935791015625 -0.0897140502929687 -0.0715103149414062
0.328704833984375 0.0814208984375 -0.080810546875 -0.0866928100585937
0.375946044921875 0.060150146484375 -0.0655288696289062 -0.0810928344726563
0.353546142578125 0.107421875 -0.04736328125 -0.121162414550781
0.299713134765625 0.25653076171875 -0.07025146484375 -0.117393493652344
0.212646484375 0.346771240234375 -0.00122833251953123 -0.138397216796875
-0.055999755859375 0.4361572265625 0.085235595703125 -0.147735595703125
-0.207122802734375 0.4420166015625 0.148574829101563 -0.093475341796875
-0.306304931640625 0.347991943359375 0.223907470703125 -0.071868896484375
-0.295440673828125 0.352142333984375 -0.2923583984375 -0.078155517578125
-0.221832275390625 0.35418701171875 -0.119499206542969 -0.0433349609375
-0.113250732421875 0.388641357421875 -0.0496139526367188 -0.124504089355469
0.0479736328125 0.35211181640625 -0.0996856689453125 -0.171905517578125
0.13970947265625 0.269134521484375 -0.160919189453125 -0.135971069335937
0.279037475585938 0.16497802734375 -0.186798095703125 -0.102691650390625
0.29644775390625 0.05303955078125 -0.20703125 -0.076416015625
0.280502319335938 0.0415191650390625 -0.198150634765625 -0.073455810546875
0.318359375 0.028564453125 -0.183578491210937 -0.0711822509765625
0.297454833984375 0.077178955078125 -0.153427124023438 -0.1243896484375
0.25225830078125 0.209426879882813 -0.139511108398437 -0.122077941894531
0.179168701171875 0.28228759765625 -0.0455169677734375 -0.134483337402344
-0.033966064453125 0.368743896484375 0.0553131103515625 -0.107757568359375
-0.150299072265625 0.39849853515625 0.092376708984375 0.00417327880859377
-0.25274658203125 0.347381591796875 0.0840225219726562 0.0321121215820313
-0.17596435546875 0.326812744140625 -0.387298583984375 0.037567138671875
-0.10736083984375 0.302947998046875 -0.170257568359375 0.041473388671875
-0.00894165039062498 0.288238525390625 -0.0745315551757813 -0.08233642578125
0.087738037109375 0.2235107421875 -0.133560180664062 -0.145156860351562
0.131179809570313 0.152984619140625 -0.189361572265625 -0.123672485351563
0.21295166015625 0.0717010498046875 -0.2469482421875 -0.098968505859375
0.201644897460937 -0.0047454833984375 -0.294952392578125 -0.0594177246093749
0.1884765625 -0.0071868896484375 -0.286468505859375 -0.049224853515625
0.208602905273437 -0.009063720703125 -0.2713623046875 -0.0616302490234375
0.189605712890625 0.0299224853515625 -0.224349975585937 -0.125
0.159896850585938 0.1195068359375 -0.169647216796875 -0.125564575195313
0.118728637695313 0.15753173828125 -0.063507080078125 -0.12432861328125
0.00750732421875002 0.231903076171875 0.0358505249023438 -0.0590667724609375
-0.05419921875 0.29229736328125 0.0393447875976563 0.09332275390625
-0.14703369140625 0.297332763671875 -0.0407333374023438 0.131935119628906
-0.0373382568359375 0.239532470703125 -0.4547119140625 0.141357421875
-0.0069732666015625 0.192428588867188 -0.21673583984375 0.121139526367188
0.0564117431640625 0.146194458007813 -0.100540161132813 -0.0236358642578125
0.083648681640625 0.0821914672851563 -0.157608032226563 -0.0886077880859375
0.0875473022460938 0.0380096435546875 -0.199081420898438 -0.0865325927734375
0.112579345703125 -0.013641357421875 -0.277786254882813 -0.0688018798828125
0.0776748657226563 -0.0537185668945312 -0.339080810546875 -0.0230712890625
0.0677452087402344 -0.0554733276367188 -0.330291748046875 -0.01739501953125
0.0700492858886719 -0.05194091796875 -0.31231689453125 -0.05157470703125
0.0599555969238281 -0.0343475341796875 -0.249130249023438 -0.122909545898437
0.0604896545410156 -0.00159072875976563 -0.15618896484375 -0.125518798828125
0.06793212890625 -0.00128555297851563 -0.0539932250976562 -0.106101989746094
0.0814056396484375 0.0687255859375 0.028167724609375 -0.0097198486328125
0.0754241943359375 0.160202026367188 -0.00146484374999999 0.159683227539063
-0.00605773925781249 0.215652465820313 -0.126861572265625 0.214218139648438
-0.180877685546875 -0.131790161132812 0.11529541015625 -0.291168212890625
-0.243972778320313 0.01666259765625 0.0184326171875 -0.20294189453125
-0.18572998046875 0.142044067382813 -0.0460205078125 -0.0238533020019531
-0.06378173828125 0.189254760742188 0.0150909423828125 0.09259033203125
0.0272674560546875 0.171310424804688 0.0886383056640625 0.139663696289063
0.0964279174804688 0.124504089355469 0.237655639648437 0.120803833007813
0.12158203125 0.0817794799804688 0.333221435546875 0.0267333984375
0.0859146118164063 0.0840682983398438 0.320709228515625 -0.025115966796875
0.0760726928710938 0.0830001831054687 0.319671630859375 -0.021392822265625
0.0393218994140625 0.081451416015625 0.289581298828125 0.01495361328125
-0.000679016113281245 0.07745361328125 0.205825805664063 0.0049591064453125
-0.0334892272949219 0.0661659240722656 0.161880493164062 -0.00695800781249999
-0.084869384765625 0.00858306884765626 0.17156982421875 -0.0625
-0.113365173339844 -0.0497970581054687 0.25201416015625 -0.188919067382813
-0.063323974609375 -0.115196228027344 0.5494384765625 -0.19049072265625
-0.30908203125 -0.00491333007812503 0.0853271484375 -0.309906005859375
-0.34613037109375 0.1177978515625 0.0191802978515625 -0.219345092773438
-0.274551391601563 0.269882202148438 -0.0518264770507813 -0.07366943359375
-0.081634521484375 0.33251953125 -0.0200271606445313 0.0343551635742188
0.062469482421875 0.2933349609375 0.0240631103515625 0.100837707519531
0.20391845703125 0.20611572265625 0.168746948242188 0.100753784179688
0.246978759765625 0.114364624023438 0.266128540039063 0.00889587402343751
0.207015991210938 0.108993530273438 0.258468627929688 -0.0553436279296875
0.215286254882813 0.0997772216796875 0.26446533203125 -0.0596771240234375
0.16552734375 0.116912841796875 0.246856689453125 -0.0425262451171875
0.106231689453125 0.164901733398438 0.162796020507812 -0.047271728515625
0.04608154296875 0.185455322265625 0.1407470703125 -0.0680389404296875
-0.099578857421875 0.170013427734375 0.170059204101563 -0.130722045898438
-0.18328857421875 0.12738037109375 0.256698608398437 -0.23907470703125
-0.183029174804687 0.0339508056640625 0.530303955078125 -0.244537353515625
-0.394287109375 0.119720458984375 0.00744628906249997 -0.29949951171875
-0.405059814453125 0.205841064453125 -0.00465393066406252 -0.212326049804688
-0.329345703125 0.3634033203125 -0.0526962280273438 -0.116058349609375
-0.095184326171875 0.432952880859375 -0.0478019714355469 -0.0349578857421875
0.082489013671875 0.379852294921875 -0.0375938415527344 0.0363693237304688
0.277191162109375 0.262802124023438 0.0781402587890625 0.0554428100585938
0.334014892578125 0.132598876953125 0.159332275390625 -0.01617431640625
0.2974853515625 0.116424560546875 0.156936645507813 -0.078338623046875
0.326629638671875 0.09564208984375 0.16973876953125 -0.082977294921875
0.2806396484375 0.128860473632813 0.164886474609375 -0.0881805419921875
0.2166748046875 0.230316162109375 0.0930404663085938 -0.0886154174804687
0.134002685546875 0.2882080078125 0.0997238159179688 -0.116325378417969
-0.09368896484375 0.321044921875 0.14739990234375 -0.176345825195312
-0.223663330078125 0.29412841796875 0.235488891601563 -0.244140625
-0.272186279296875 0.179946899414063 0.461029052734375 -0.244354248046875
-0.41802978515625 0.23504638671875 -0.0988616943359375 -0.256851196289063
-0.4014892578125 0.288330078125 -0.046142578125 -0.179779052734375
-0.314178466796875 0.4234619140625 -0.0536651611328125 -0.142044067382812
-0.0729370117187501 0.474273681640625 -0.0700836181640625 -0.104171752929687
0.1033935546875 0.407012939453125 -0.0931015014648437 -0.0379791259765625
0.317291259765625 0.27728271484375 -0.0216789245605469 -0.00561904907226561
0.3729248046875 0.12750244140625 0.0290603637695313 -0.0443344116210937
0.344024658203125 0.1051025390625 0.031585693359375 -0.0875396728515625
0.3887939453125 0.077850341796875 0.0473175048828125 -0.0882492065429688
0.353515625 0.122955322265625 0.0521621704101563 -0.115280151367187
0.295684814453125 0.263397216796875 0.00121307373046876 -0.112678527832031
0.20330810546875 0.35009765625 0.0414276123046875 -0.144851684570313
-0.073699951171875 0.425872802734375 0.111831665039063 -0.189071655273437
-0.231048583984375 0.41436767578125 0.194488525390625 -0.198532104492187
-0.317840576171875 0.295440673828125 0.3489990234375 -0.189971923828125
-0.37884521484375 0.323089599609375 -0.2177734375 -0.179580688476562
-0.33013916015625 0.34771728515625 -0.0963287353515625 -0.122940063476562
-0.22845458984375 0.438690185546875 -0.05938720703125 -0.1475830078125
-0.014007568359375 0.446807861328125 -0.0947265625 -0.153839111328125
0.127105712890625 0.365692138671875 -0.141387939453125 -0.101577758789062
0.317840576171875 0.239166259765625 -0.119575500488281 -0.06341552734375
0.35968017578125 0.096343994140625 -0.107177734375 -0.0658645629882812
0.33746337890625 0.07733154296875 -0.101478576660156 -0.083984375
0.386871337890625 0.052337646484375 -0.0851364135742187 -0.0797958374023438
0.360443115234375 0.10235595703125 -0.0718612670898438 -0.123977661132813
0.312652587890625 0.25421142578125 -0.0919723510742187 -0.119827270507813
0.2232666015625 0.34796142578125 -0.019927978515625 -0.15155029296875
-0.04937744140625 0.445709228515625 0.0723724365234375 -0.168533325195312
-0.202301025390625 0.4549560546875 0.141098022460938 -0.111602783203125
-0.30975341796875 0.355743408203125 0.212677001953125 -0.0957794189453125
-0.284912109375 0.36041259765625 -0.3299560546875 -0.0738525390625
-0.213653564453125 0.359466552734375 -0.148193359375 -0.0457611083984375
-0.103118896484375 0.389678955078125 -0.0748519897460937 -0.127960205078125
0.055450439453125 0.34918212890625 -0.126251220703125 -0.168319702148437
0.143081665039062 0.266921997070313 -0.1800537109375 -0.129257202148438
0.281219482421875 0.157318115234375 -0.203125 -0.0962371826171875
0.296844482421875 0.047027587890625 -0.226409912109375 -0.0707244873046875
0.280380249023438 0.0371246337890625 -0.219192504882813 -0.0679473876953125
0.31988525390625 0.022125244140625 -0.205596923828125 -0.066314697265625
0.295928955078125 0.07110595703125 -0.179153442382812 -0.123062133789063
0.257431030273438 0.203536987304688 -0.161880493164062 -0.12127685546875
0.185897827148438 0.277130126953125 -0.0643310546875 -0.144744873046875
-0.0250244140625 0.370147705078125 0.0424880981445312 -0.12445068359375
-0.138397216796875 0.403564453125 0.0846481323242187 -0.00823211669921872
-0.246246337890625 0.354705810546875 0.07159423828125 0.0163116455078125
-0.15435791015625 0.336334228515625 -0.421783447265625 0.045928955078125
-0.088653564453125 0.305877685546875 -0.196304321289063 0.040252685546875
0.00875854492187498 0.281585693359375 -0.0983505249023438 -0.0828094482421875
0.096893310546875 0.211563110351563 -0.155960083007813 -0.138290405273438
0.1304931640625 0.142578125 -0.202499389648438 -0.117095947265625
0.206497192382813 0.0597686767578125 -0.260223388671875 -0.0935516357421876
0.191879272460938 -0.0107574462890625 -0.313201904296875 -0.05181884765625
0.17913818359375 -0.0105438232421875 -0.306427001953125 -0.04180908203125
0.200576782226562 -0.012542724609375 -0.292266845703125 -0.054901123046875
0.179367065429688 0.026275634765625 -0.24737548828125 -0.122909545898437
0.154510498046875 0.111526489257813 -0.188034057617187 -0.1246337890625
0.1160888671875 0.146408081054688 -0.0798873901367187 -0.131484985351563
0.0150909423828125 0.221160888671875 0.0258407592773438 -0.07305908203125
-0.037109375 0.285400390625 0.0346832275390625 0.084930419921875
-0.130462646484375 0.30035400390625 -0.0506591796875 0.123374938964844
-0.00892639160156252 0.246826171875 -0.482147216796875 0.155731201171875
0.016326904296875 0.194305419921875 -0.238128662109375 0.125808715820313
0.0773468017578125 0.136726379394531 -0.1209716796875 -0.018310546875
0.0925064086914063 0.0653533935546875 -0.174545288085938 -0.0772247314453125
0.0865859985351563 0.0224609375 -0.204513549804688 -0.0765838623046875
0.100166320800781 -0.027313232421875 -0.286376953125 -0.0628662109374999
0.0596504211425781 -0.0593452453613281 -0.353240966796875 -0.015899658203125
0.05120849609375 -0.0572738647460937 -0.345245361328125 -0.00930786132812495
0.0518150329589844 -0.0520515441894531 -0.329071044921875 -0.0461425781249999
0.0425186157226563 -0.0355110168457031 -0.266586303710938 -0.120590209960937
0.04473876953125 -0.0109596252441406 -0.16876220703125 -0.126434326171875
0.0560836791992188 -0.0173263549804688 -0.0655136108398438 -0.113006591796875
0.0879440307617188 0.0466766357421875 0.0238456726074219 -0.0215129852294922
0.0968170166015625 0.142120361328125 -0.0024261474609375 0.153289794921875
0.0182037353515625 0.2127685546875 -0.131179809570312 0.210739135742188
-0.214691162109375 -0.113906860351563 0.110076904296875 -0.28790283203125
-0.251220703125 0.053436279296875 0.0166473388671875 -0.196762084960938
-0.17474365234375 0.1751708984375 -0.0460014343261719 -0.0163650512695313
-0.037384033203125 0.208648681640625 0.02362060546875 0.098663330078125
0.05694580078125 0.17559814453125 0.098175048828125 0.143890380859375
0.125015258789063 0.112686157226563 0.252288818359375 0.116729736328125
0.144256591796875 0.0645599365234375 0.345458984375 0.013275146484375
0.107177734375 0.0749740600585938 0.326446533203125 -0.037750244140625
0.0992431640625 0.0764846801757813 0.324737548828125 -0.034210205078125
0.0587844848632813 0.0848007202148438 0.29058837890625 0.000457763671875005
0.0121841430664063 0.0924758911132813 0.202865600585938 -0.00971984863281249
-0.0332260131835937 0.0849151611328125 0.165451049804688 -0.0241546630859375
-0.104812622070313 0.02471923828125 0.182205200195313 -0.0812225341796875
-0.141357421875 -0.035736083984375 0.263412475585938 -0.20843505859375
-0.0962677001953125 -0.114341735839844 0.56494140625 -0.228759765625
-0.33984375 0.0185546875000001 0.07086181640625 -0.30206298828125
-0.353546142578125 0.157196044921875 0.00978088378906247 -0.211318969726562
-0.2637939453125 0.308563232421875 -0.0597343444824219 -0.0654067993164062
-0.050872802734375 0.355438232421875 -0.0210113525390625 0.0439605712890625
0.09613037109375 0.300048828125 0.0257568359375 0.112197875976563
0.236465454101563 0.1920166015625 0.17724609375 0.105178833007813
0.272903442382813 0.094635009765625 0.271499633789063 0.00328063964843751
0.2305908203125 0.0968017578125 0.256027221679688 -0.06365966796875
0.241531372070313 0.08807373046875 0.260955810546875 -0.0693206787109375
0.187088012695313 0.116485595703125 0.238037109375 -0.0552215576171875
0.123764038085937 0.17535400390625 0.151702880859375 -0.060089111328125
0.052398681640625 0.200851440429688 0.134681701660156 -0.0862808227539062
-0.1126708984375 0.188568115234375 0.168380737304688 -0.154525756835938
-0.203826904296875 0.146011352539063 0.25604248046875 -0.263946533203125
-0.2122802734375 0.040924072265625 0.531341552734375 -0.2860107421875
-0.417938232421875 0.14306640625 -0.0177612304687501 -0.287841796875
-0.413116455078125 0.244354248046875 -0.0210418701171875 -0.202590942382813
-0.320404052734375 0.402679443359375 -0.0685043334960938 -0.107879638671875
-0.0662841796875 0.45806884765625 -0.0587425231933594 -0.0227584838867187
0.11517333984375 0.38946533203125 -0.0458183288574219 0.0523262023925782
0.309722900390625 0.250244140625 0.0792160034179688 0.0661468505859375
0.359771728515625 0.11260986328125 0.156463623046875 -0.014739990234375
0.319732666015625 0.102508544921875 0.146530151367188 -0.0800018310546875
0.351593017578125 0.07891845703125 0.159011840820313 -0.087158203125
0.3006591796875 0.122406005859375 0.14776611328125 -0.0970916748046875
0.238784790039063 0.234054565429688 0.0745086669921875 -0.096527099609375
0.147796630859375 0.298248291015625 0.0840606689453125 -0.133857727050781
-0.09600830078125 0.341400146484375 0.13543701171875 -0.201629638671875
-0.233154296875 0.3167724609375 0.22613525390625 -0.269821166992187
-0.292694091796875 0.19317626953125 0.450958251953125 -0.283905029296875
-0.43011474609375 0.25555419921875 -0.133270263671875 -0.2412109375
-0.405181884765625 0.318206787109375 -0.0692138671875 -0.16876220703125
-0.3077392578125 0.45538330078125 -0.0762252807617188 -0.134864807128906
-0.05010986328125 0.496734619140625 -0.0902633666992188 -0.0905838012695312
0.12890625 0.41717529296875 -0.108589172363281 -0.0203704833984375
0.3438720703125 0.265838623046875 -0.0286808013916015 0.00858879089355471
0.394287109375 0.110565185546875 0.0189018249511719 -0.0364608764648437
0.361297607421875 0.09161376953125 0.0141372680664063 -0.0836334228515625
0.408905029296875 0.059844970703125 0.0310287475585938 -0.0861053466796875
0.369903564453125 0.110748291015625 0.0289459228515625 -0.117294311523438
0.3175048828125 0.25982666015625 -0.0220184326171875 -0.114006042480469
0.22369384765625 0.35333251953125 0.0188751220703125 -0.157623291015625
-0.06500244140625 0.44427490234375 0.0919189453125 -0.211929321289062
-0.228240966796875 0.4376220703125 0.1793212890625 -0.221664428710938
-0.327789306640625 0.312591552734375 0.332977294921875 -0.2235107421875
-0.377044677734375 0.337860107421875 -0.2578125 -0.160614013671875
-0.32647705078125 0.366729736328125 -0.124946594238281 -0.112312316894531
-0.2208251953125 0.457000732421875 -0.086822509765625 -0.141677856445312
0.00280761718749999 0.456085205078125 -0.121002197265625 -0.140899658203125
0.143157958984375 0.370819091796875 -0.160797119140625 -0.0850067138671875
0.334197998046875 0.22894287109375 -0.133987426757812 -0.048065185546875
0.37200927734375 0.083404541015625 -0.12353515625 -0.0529937744140625
0.347503662109375 0.066650390625 -0.121429443359375 -0.07391357421875
0.39935302734375 0.03594970703125 -0.105178833007812 -0.0708465576171875
0.370574951171875 0.089111328125 -0.0990524291992187 -0.117530822753906
0.330413818359375 0.24542236328125 -0.117996215820312 -0.113914489746094
0.241790771484375 0.3447265625 -0.0460357666015625 -0.158538818359375
-0.03509521484375 0.457489013671875 0.0503082275390625 -0.186141967773437
-0.1895751953125 0.470947265625 0.124992370605469 -0.128715515136719
-0.30877685546875 0.3729248046875 0.193283081054687 -0.119415283203125
-0.26922607421875 0.37176513671875 -0.368804931640625 -0.0506286621093749
-0.200103759765625 0.366668701171875 -0.178359985351563 -0.0356903076171875
-0.09112548828125 0.3916015625 -0.10400390625 -0.121231079101562
0.06640625 0.346099853515625 -0.153457641601562 -0.153915405273437
0.149139404296875 0.263916015625 -0.198806762695313 -0.114059448242187
0.28411865234375 0.1466064453125 -0.219223022460937 -0.0815582275390625
0.2977294921875 0.0380859375 -0.246475219726563 -0.0536041259765625
0.28106689453125 0.0294189453125 -0.241058349609375 -0.0524749755859375
0.322540283203125 0.011688232421875 -0.227020263671875 -0.0517425537109375
0.29766845703125 0.061859130859375 -0.2066650390625 -0.111038208007812
0.265518188476563 0.19384765625 -0.186004638671875 -0.110610961914062
0.196182250976563 0.269058227539063 -0.0898895263671875 -0.14617919921875
-0.010528564453125 0.371551513671875 0.02215576171875 -0.137710571289062
-0.1204833984375 0.409271240234375 0.0721969604492187 -0.0183792114257812
-0.233306884765625 0.365020751953125 0.0535545349121094 0.00344848632812502
-0.127166748046875 0.34051513671875 -0.454193115234375 0.071685791015625
-0.06695556640625 0.30535888671875 -0.224746704101563 0.05206298828125
0.025848388671875 0.270538330078125 -0.12469482421875 -0.0728836059570313
0.103317260742188 0.19708251953125 -0.179092407226563 -0.1219482421875
0.12933349609375 0.131370544433594 -0.215789794921875 -0.102264404296875
0.198318481445313 0.0485687255859375 -0.274505615234375 -0.0807495117187499
0.18115234375 -0.01495361328125 -0.33148193359375 -0.035369873046875
0.170257568359375 -0.0130462646484375 -0.326416015625 -0.024169921875
0.192153930664062 -0.0151214599609375 -0.313323974609375 -0.03717041015625
0.1707763671875 0.023712158203125 -0.272018432617188 -0.108734130859375
0.14935302734375 0.105148315429688 -0.2091064453125 -0.114501953125
0.112594604492188 0.136604309082031 -0.102203369140625 -0.132133483886719
0.0226898193359375 0.209930419921875 0.0108489990234375 -0.0830841064453125
-0.01910400390625 0.275054931640625 0.0268173217773438 0.0780792236328125
-0.110015869140625 0.300506591796875 -0.0640869140625 0.119773864746094
0.0248565673828125 0.24420166015625 -0.503875732421875 0.18701171875
0.0415802001953125 0.188323974609375 -0.259506225585938 0.142547607421875
0.0972900390625 0.118263244628906 -0.140556335449219 -0.0036773681640625
0.0962600708007813 0.0448226928710938 -0.1881103515625 -0.057647705078125
0.0802536010742188 0.00653076171875 -0.209747314453125 -0.06256103515625
0.0835113525390625 -0.0377349853515625 -0.29461669921875 -0.0509948730468749
0.0400924682617188 -0.0584526062011719 -0.366790771484375 0.00051879882812498
0.033477783203125 -0.0544700622558594 -0.359771728515625 0.00942993164062505
0.0339393615722656 -0.0464553833007813 -0.347320556640625 -0.029449462890625
0.0243759155273437 -0.0310287475585938 -0.286529541015625 -0.108673095703125
0.0260696411132813 -0.014312744140625 -0.185836791992188 -0.121780395507813
0.0383796691894531 -0.0293388366699219 -0.081512451171875 -0.115211486816406
0.0873184204101563 0.0221633911132813 0.0153884887695313 -0.0314693450927734
0.112060546875 0.116180419921875 -0.003387451171875 0.147598266601562
0.044647216796875 0.2012939453125 -0.13592529296875 0.21124267578125
-0.239089965820312 -0.0842132568359375 0.108123779296875 -0.28271484375
-0.2431640625 0.09014892578125 0.018463134765625 -0.190032958984375
-0.15179443359375 0.20172119140625 -0.0432624816894531 -0.00940704345703125
-0.00485229492187502 0.21636962890625 0.0340652465820312 0.100234985351563
0.08673095703125 0.16766357421875 0.109146118164063 0.144363403320313
0.14739990234375 0.0899658203125 0.264984130859375 0.105667114257813
0.158950805664063 0.03973388671875 0.35198974609375 -0.004608154296875
0.122817993164062 0.0583953857421875 0.328826904296875 -0.052764892578125
0.118881225585938 0.0603561401367188 0.325164794921875 -0.048919677734375
0.0781326293945313 0.0802841186523438 0.285888671875 -0.014495849609375
0.0300750732421875 0.100822448730469 0.19476318359375 -0.0233612060546875
-0.0256118774414062 0.102630615234375 0.162155151367188 -0.0426025390625
-0.116889953613281 0.0476226806640625 0.183914184570313 -0.102615356445312
-0.16168212890625 -0.0119476318359375 0.265396118164062 -0.231414794921875
-0.125953674316406 -0.101966857910156 0.56329345703125 -0.27166748046875
-0.35919189453125 0.0520935058593749 0.060089111328125 -0.29034423828125
-0.344696044921875 0.199462890625 0.00654602050781248 -0.200088500976563
-0.238311767578125 0.3416748046875 -0.063568115234375 -0.0542411804199218
-0.013092041015625 0.36578369140625 -0.0176658630371094 0.0535659790039063
0.131134033203125 0.292877197265625 0.0310821533203125 0.122200012207031
0.26251220703125 0.165130615234375 0.188278198242188 0.1036376953125
0.290313720703125 0.064605712890625 0.274246215820313 -0.0052947998046875
0.248397827148438 0.0760650634765625 0.251663208007813 -0.07122802734375
0.261520385742188 0.0655517578125 0.255294799804687 -0.0770111083984375
0.20703125 0.10650634765625 0.225631713867187 -0.0646820068359375
0.144973754882813 0.178619384765625 0.136199951171875 -0.068603515625
0.0641326904296875 0.213150024414063 0.121185302734375 -0.102302551269531
-0.117172241210937 0.2108154296875 0.1575927734375 -0.175918579101563
-0.21514892578125 0.171585083007813 0.246368408203125 -0.2864990234375
-0.235977172851563 0.0586395263671875 0.515777587890625 -0.326171875
-0.430633544921875 0.174591064453125 -0.0364532470703125 -0.266876220703125
-0.404754638671875 0.28277587890625 -0.0308837890625 -0.185897827148437
-0.29827880859375 0.437469482421875 -0.0796661376953125 -0.0939865112304687
-0.02777099609375 0.47064208984375 -0.0641746520996094 -0.00724029541015623
0.149261474609375 0.385650634765625 -0.0460853576660156 0.069976806640625
0.335968017578125 0.22491455078125 0.08489990234375 0.0751495361328125
0.377197265625 0.083343505859375 0.155288696289063 -0.0133514404296875
0.3360595703125 0.080780029296875 0.136695861816406 -0.0785446166992188
0.3697509765625 0.0533447265625 0.148025512695313 -0.0873260498046875
0.318817138671875 0.10675048828125 0.128509521484375 -0.09844970703125
0.261367797851563 0.227142333984375 0.0541152954101563 -0.0974960327148438
0.1663818359375 0.3023681640625 0.062591552734375 -0.144149780273437
-0.0897216796875 0.36077880859375 0.114288330078125 -0.219863891601562
-0.23211669921875 0.342529296875 0.20782470703125 -0.290924072265625
-0.307159423828125 0.213348388671875 0.425811767578125 -0.31842041015625
-0.433197021484375 0.279541015625 -0.157745361328125 -0.212432861328125
-0.397308349609375 0.347076416015625 -0.0860595703125001 -0.149002075195312
-0.288909912109375 0.48504638671875 -0.09417724609375 -0.119110107421875
-0.018768310546875 0.508544921875 -0.103652954101563 -0.0708236694335937
0.15765380859375 0.416717529296875 -0.116256713867187 0.00164794921875
0.36541748046875 0.244964599609375 -0.0293655395507812 0.024810791015625
0.408294677734375 0.08544921875 0.0128841400146485 -0.0258846282958984
0.37371826171875 0.072235107421875 0.00125885009765627 -0.0738143920898438
0.422576904296875 0.033782958984375 0.0171585083007813 -0.0777053833007813
0.382781982421875 0.092193603515625 0.00610351562500003 -0.109756469726563
0.3389892578125 0.24658203125 -0.044586181640625 -0.105979919433594
0.24420166015625 0.348419189453125 -0.00746154785156247 -0.16064453125
-0.049652099609375 0.45849609375 0.0644073486328125 -0.2252197265625
-0.215118408203125 0.45806884765625 0.156585693359375 -0.237136840820312
-0.330291748046875 0.33197021484375 0.303558349609375 -0.248870849609375
-0.368438720703125 0.353790283203125 -0.285919189453125 -0.126983642578125
-0.315093994140625 0.3826904296875 -0.147216796875 -0.0904541015624999
-0.205413818359375 0.472320556640625 -0.109512329101562 -0.1243896484375
0.0233459472656251 0.4609375 -0.140098571777344 -0.118766784667969
0.161865234375 0.370819091796875 -0.173233032226563 -0.06170654296875
0.345733642578125 0.212615966796875 -0.139572143554687 -0.0285568237304687
0.379302978515625 0.06597900390625 -0.133453369140625 -0.0347824096679687
0.353973388671875 0.051177978515625 -0.136917114257812 -0.0563583374023438
0.406097412109375 0.0145263671875 -0.120338439941406 -0.0540008544921875
0.376129150390625 0.072113037109375 -0.121742248535156 -0.100936889648437
0.345672607421875 0.22900390625 -0.139305114746094 -0.0980606079101563
0.259918212890625 0.334686279296875 -0.0728302001953125 -0.153701782226562
-0.0152587890625 0.464080810546875 0.022430419921875 -0.193283081054687
-0.169464111328125 0.482513427734375 0.103981018066406 -0.137977600097656
-0.300567626953125 0.387664794921875 0.1661376953125 -0.134475708007812
-0.250152587890625 0.375 -0.39593505859375 -0.0143737792968749
-0.18377685546875 0.369598388671875 -0.202072143554688 -0.0134735107421874
-0.07806396484375 0.389739990234375 -0.128059387207031 -0.103324890136719
0.07635498046875 0.33984375 -0.173171997070313 -0.13031005859375
0.153472900390625 0.259414672851563 -0.2108154296875 -0.0920867919921875
0.284271240234375 0.135650634765625 -0.228485107421875 -0.0614471435546875
0.2967529296875 0.028228759765625 -0.258560180664063 -0.0320587158203125
0.279953002929688 0.022613525390625 -0.256210327148438 -0.029998779296875
0.32159423828125 -0.000762939453125 -0.241195678710938 -0.0291595458984375
0.29534912109375 0.0526123046875 -0.227615356445312 -0.0892333984375
0.271011352539063 0.18157958984375 -0.205093383789063 -0.0906219482421875
0.203018188476563 0.25848388671875 -0.114273071289062 -0.137443542480469
0.00238037109375003 0.367950439453125 -0.002471923828125 -0.140914916992187
-0.100616455078125 0.407501220703125 0.0564079284667969 -0.0233879089355469
-0.217926025390625 0.369659423828125 0.0316047668457031 -0.00135803222656248
-0.099700927734375 0.33416748046875 -0.47344970703125 0.110748291015625
-0.047119140625 0.29632568359375 -0.244598388671875 0.0753631591796876
0.03875732421875 0.254379272460937 -0.145217895507813 -0.0533294677734375
0.10479736328125 0.181304931640625 -0.194107055664063 -0.097503662109375
0.124626159667969 0.122474670410156 -0.2227783203125 -0.0834503173828125
0.18670654296875 0.0417633056640625 -0.2830810546875 -0.062530517578125
0.1715087890625 -0.0157012939453125 -0.34222412109375 -0.0118408203125
0.16180419921875 -0.0120391845703125 -0.337249755859375 0.00112915039062497
0.184249877929687 -0.0153656005859375 -0.32562255859375 -0.0119018554687501
0.1624755859375 0.0246734619140625 -0.289794921875 -0.085205078125
0.143173217773438 0.101181030273438 -0.225692749023438 -0.0958709716796875
0.105789184570313 0.129241943359375 -0.122421264648437 -0.122894287109375
0.0247802734375 0.19696044921875 -0.00784301757812499 -0.0867538452148437
-0.00596618652343748 0.25909423828125 0.0175323486328125 0.075592041015625
-0.0908203125 0.2923583984375 -0.0772933959960937 0.120857238769531
0.054962158203125 0.228790283203125 -0.51239013671875 0.226654052734375
0.0634765625 0.17340087890625 -0.271484375 0.1669921875
0.108619689941406 0.0942001342773438 -0.15234375 0.0171051025390625
0.0919570922851562 0.0248794555664062 -0.194076538085938 -0.0337066650390625
0.0686759948730469 -0.00535202026367188 -0.209518432617188 -0.0476226806640625
0.064361572265625 -0.0408401489257813 -0.29815673828125 -0.03631591796875
0.0223503112792969 -0.0499649047851563 -0.37310791015625 0.0226745605468749
0.0186004638671875 -0.0448837280273438 -0.366424560546875 0.0320129394531249
0.0195140838623047 -0.0341033935546875 -0.357696533203125 -0.00619506835937503
0.00960731506347656 -0.0199947357177734 -0.3004150390625 -0.0899658203125
0.00775051116943359 -0.0103302001953125 -0.19915771484375 -0.108749389648438
0.0176982879638672 -0.0328159332275391 -0.0978469848632812 -0.110588073730469
0.0772476196289063 -0.0002899169921875 0.00324249267578125 -0.0377388000488281
0.117210388183594 0.0861053466796875 -0.007354736328125 0.143203735351563
0.064544677734375 0.180694580078125 -0.13995361328125 0.213882446289063
-0.249984741210937 -0.052001953125 0.112091064453125 -0.278427124023438
-0.223678588867188 0.116104125976563 0.0250701904296875 -0.18603515625
-0.124099731445313 0.216323852539063 -0.0375328063964844 -0.00478744506835936
0.02447509765625 0.211990356445313 0.0437164306640625 0.0987625122070313
0.10888671875 0.152023315429688 0.118148803710938 0.142532348632813
0.1588134765625 0.0637054443359375 0.27203369140625 0.09393310546875
0.163467407226563 0.014434814453125 0.353759765625 -0.019012451171875
0.130615234375 0.0400848388671875 0.325653076171875 -0.063934326171875
0.130027770996094 0.0409698486328125 0.322479248046875 -0.05828857421875
0.093505859375 0.070220947265625 0.277877807617187 -0.0222930908203125
0.0477218627929687 0.102058410644531 0.183624267578125 -0.0302581787109375
-0.0145339965820313 0.115310668945313 0.154495239257812 -0.056304931640625
-0.120223999023438 0.0706939697265625 0.1795654296875 -0.120132446289063
-0.171859741210937 0.0144805908203125 0.262237548828125 -0.250381469726563
-0.147415161132813 -0.0819091796875 0.552154541015625 -0.303955078125
-0.366790771484375 0.083892822265625 0.0599365234375 -0.27679443359375
-0.325408935546875 0.227294921875 0.0102386474609375 -0.19024658203125
-0.20806884765625 0.359710693359375 -0.0621414184570313 -0.044281005859375
0.020782470703125 0.362335205078125 -0.0120048522949219 0.0598602294921875
0.156509399414063 0.277786254882813 0.0387344360351563 0.129859924316406
0.275665283203125 0.1358642578125 0.196395874023438 0.101593017578125
0.296783447265625 0.035858154296875 0.276229858398438 -0.01177978515625
0.256759643554688 0.0548248291015625 0.246322631835938 -0.0743255615234375
0.273086547851563 0.0408935546875 0.2493896484375 -0.079742431640625
0.221343994140625 0.092681884765625 0.212814331054688 -0.0666046142578125
0.163803100585938 0.174423217773438 0.121200561523438 -0.069854736328125
0.0773162841796875 0.221176147460938 0.106002807617188 -0.110511779785156
-0.116043090820312 0.23211669921875 0.143218994140625 -0.189727783203125
-0.218521118164063 0.197555541992187 0.23321533203125 -0.302459716796875
-0.252532958984375 0.0802459716796875 0.493865966796875 -0.35198974609375
-0.4339599609375 0.20269775390625 -0.041259765625 -0.244247436523438
-0.388519287109375 0.31036376953125 -0.0312652587890625 -0.1697998046875
-0.270721435546875 0.458343505859375 -0.0832138061523438 -0.0784378051757812
0.00515747070312498 0.469970703125 -0.0626449584960938 0.00748443603515628
0.174530029296875 0.374114990234375 -0.041778564453125 0.086029052734375
0.349700927734375 0.1968994140625 0.0926284790039063 0.0823822021484375
0.38360595703125 0.055084228515625 0.15625 -0.010284423828125
0.344024658203125 0.059478759765625 0.1297607421875 -0.0739822387695313
0.377410888671875 0.02716064453125 0.140274047851563 -0.0830917358398437
0.328704833984375 0.090118408203125 0.113075256347656 -0.0931320190429688
0.279342651367188 0.2178955078125 0.0374679565429688 -0.0916595458984375
0.181121826171875 0.30267333984375 0.042144775390625 -0.145828247070312
-0.081573486328125 0.3773193359375 0.09222412109375 -0.228118896484375
-0.226165771484375 0.36358642578125 0.1876220703125 -0.30145263671875
-0.315673828125 0.234222412109375 0.397705078125 -0.336639404296875
-0.431976318359375 0.299530029296875 -0.167648315429688 -0.181808471679687
-0.38323974609375 0.368194580078125 -0.0914077758789063 -0.127235412597656
-0.269927978515625 0.50238037109375 -0.102737426757813 -0.0998458862304687
0.00909423828125001 0.510223388671875 -0.107612609863281 -0.0505905151367187
0.179656982421875 0.4095458984375 -0.115249633789062 0.02276611328125
0.37567138671875 0.223297119140625 -0.0243568420410156 0.0390472412109375
0.4132080078125 0.061767578125 0.0121221542358399 -0.0141468048095703
0.3787841796875 0.054412841796875 -0.00670623779296872 -0.0609207153320313
0.4266357421875 0.00909423828125 0.0092124938964844 -0.0660018920898438
0.388092041015625 0.074981689453125 -0.00997924804687497 -0.0961380004882813
0.35321044921875 0.231353759765625 -0.0606613159179688 -0.0925064086914062
0.2581787109375 0.341552734375 -0.0300140380859375 -0.154830932617188
-0.0350341796875 0.466552734375 0.0390777587890625 -0.226959228515625
-0.201812744140625 0.472320556640625 0.134552001953125 -0.242828369140625
-0.330596923828125 0.348541259765625 0.272933959960938 -0.259323120117188
-0.361358642578125 0.360809326171875 -0.297393798828125 -0.0914916992187499
-0.303466796875 0.39251708984375 -0.157302856445313 -0.0655822753906249
-0.192840576171875 0.480560302734375 -0.12237548828125 -0.102401733398437
0.04052734375 0.460662841796875 -0.147979736328125 -0.094390869140625
0.173797607421875 0.366668701171875 -0.175765991210938 -0.0385131835937499
0.351806640625 0.198760986328125 -0.138374328613281 -0.0101699829101562
0.38134765625 0.049774169921875 -0.135841369628906 -0.0170822143554687
0.356475830078125 0.04034423828125 -0.14373779296875 -0.0379791259765625
0.406341552734375 -0.003570556640625 -0.126731872558594 -0.03607177734375
0.3765869140625 0.0584716796875 -0.135169982910156 -0.0809249877929688
0.352935791015625 0.214874267578125 -0.152023315429687 -0.07855224609375
0.269989013671875 0.32342529296875 -0.09368896484375 -0.14227294921875
-0.000793457031250035 0.4639892578125 -0.00236511230468748 -0.189987182617187
-0.153564453125 0.48846435546875 0.0843505859375 -0.138214111328125
-0.2943115234375 0.39630126953125 0.138465881347656 -0.136924743652344
-0.236083984375 0.3714599609375 -0.406646728515625 0.0236511230468751
-0.172637939453125 0.365997314453125 -0.214248657226563 0.0126190185546875
-0.07159423828125 0.3846435546875 -0.142166137695313 -0.0803985595703124
0.080322265625 0.3343505859375 -0.181991577148438 -0.104751586914063
0.15533447265625 0.256820678710938 -0.213592529296875 -0.0716400146484375
0.281219482421875 0.129425048828125 -0.23046875 -0.042724609375
0.29388427734375 0.02264404296875 -0.261795043945313 -0.0103607177734374
0.2779541015625 0.0189666748046875 -0.26123046875 -0.00820922851562504
0.31878662109375 -0.008880615234375 -0.246368408203125 -0.00598144531250004
0.2919921875 0.04620361328125 -0.237014770507812 -0.0656585693359375
0.27154541015625 0.172210693359375 -0.214630126953125 -0.068511962890625
0.2052001953125 0.249588012695313 -0.132003784179688 -0.122627258300781
0.00979614257812503 0.361785888671875 -0.0233535766601562 -0.13623046875
-0.0880126953125 0.400909423828125 0.0415763854980469 -0.0215911865234375
-0.207611083984375 0.367584228515625 0.0104999542236328 0.00208282470703127
-0.081756591796875 0.319061279296875 -0.48004150390625 0.1468505859375
-0.034454345703125 0.28314208984375 -0.255661010742187 0.1005859375
0.0401611328125 0.237411499023438 -0.156234741210938 -0.03143310546875
0.0997772216796875 0.169677734375 -0.198776245117188 -0.0731964111328125
0.11590576171875 0.11798095703125 -0.22222900390625 -0.0676422119140625
0.175399780273438 0.04156494140625 -0.284332275390625 -0.04718017578125
0.163742065429688 -0.0105438232421875 -0.345123291015625 0.00885009765624998
0.156585693359375 -0.0071563720703125 -0.339996337890625 0.023834228515625
0.1793212890625 -0.01092529296875 -0.3287353515625 0.011962890625
0.155487060546875 0.0288238525390625 -0.296875 -0.06201171875
0.135887145996094 0.101066589355469 -0.233062744140625 -0.0762481689453125
0.0977249145507812 0.126571655273437 -0.136772155761719 -0.109710693359375
0.0204925537109375 0.185272216796875 -0.0241851806640625 -0.0844268798828125
-0.00288391113281249 0.242721557617187 0.00758361816406251 0.076904296875
-0.0800628662109375 0.278900146484375 -0.090484619140625 0.126304626464844
0.0740966796875 0.206893920898438 -0.51025390625 0.259033203125
0.076171875 0.15460205078125 -0.276611328125 0.190383911132813
0.109451293945313 0.0709381103515625 -0.156539916992188 0.038330078125
0.0820159912109375 0.0103225708007813 -0.19171142578125 -0.0127105712890625
0.0546035766601563 -0.0108146667480469 -0.2039794921875 -0.036712646484375
0.0470657348632812 -0.0357513427734375 -0.2965087890625 -0.02459716796875
0.0109825134277344 -0.0362701416015625 -0.373199462890625 0.0404052734374999
0.0103569030761719 -0.0310077667236328 -0.365997314453125 0.0510864257812501
0.0125293731689453 -0.0178031921386719 -0.361053466796875 0.0149536132812499
0.00127935409545898 -0.0050206184387207 -0.3062744140625 -0.072021484375
-0.00581693649291992 0.000134468078613281 -0.205978393554688 -0.0955047607421875
-0.000597000122070311 -0.0290031433105469 -0.109352111816406 -0.101158142089844
0.0611572265625 -0.0151901245117188 -0.00905990600585937 -0.0394287109375
0.111717224121094 0.0601348876953125 -0.013519287109375 0.1414794921875
0.0738067626953125 0.156585693359375 -0.145553588867188 0.217041015625
-0.25384521484375 -0.0258483886718751 0.122604370117187 -0.27850341796875
-0.205123901367187 0.132415771484375 0.0358734130859375 -0.187896728515625
-0.101516723632813 0.222488403320313 -0.0322303771972656 -0.00243759155273437
0.0453338623046875 0.20379638671875 0.0515365600585938 0.0959014892578125
0.122688293457031 0.135719299316406 0.125457763671875 0.141250610351563
0.162307739257813 0.040557861328125 0.277679443359375 0.0868377685546875
0.16253662109375 -0.00592041015625 0.356201171875 -0.02862548828125
0.133758544921875 0.0244369506835938 0.3262939453125 -0.0689697265625
0.135231018066406 0.0232467651367188 0.3231201171875 -0.06365966796875
0.1036376953125 0.0591049194335938 0.273086547851563 -0.0243682861328125
0.0629501342773438 0.100357055664063 0.174560546875 -0.031646728515625
-0.00261688232421874 0.125091552734375 0.146316528320313 -0.0643463134765625
-0.119003295898437 0.0908279418945312 0.17572021484375 -0.133056640625
-0.175750732421875 0.038726806640625 0.261505126953125 -0.2666015625
-0.16058349609375 -0.0614776611328125 0.545745849609375 -0.32568359375
-0.36981201171875 0.11065673828125 0.0694427490234375 -0.269073486328125
-0.307098388671875 0.245361328125 0.019744873046875 -0.186447143554687
-0.184478759765625 0.370361328125 -0.0584716796875 -0.0371246337890625
0.04522705078125 0.35552978515625 -0.00582122802734375 0.0642814636230469
0.172500610351562 0.263442993164062 0.0468215942382813 0.136253356933594
0.280792236328125 0.111785888671875 0.204925537109375 0.100738525390625
0.2969970703125 0.012725830078125 0.28033447265625 -0.0147705078125
0.261138916015625 0.0376739501953125 0.246261596679688 -0.0737152099609375
0.2781982421875 0.020721435546875 0.248809814453125 -0.079071044921875
0.231231689453125 0.0796661376953125 0.204833984375 -0.0626373291015625
0.179046630859375 0.17047119140625 0.110366821289063 -0.0653762817382812
0.089569091796875 0.228775024414063 0.0933074951171875 -0.112808227539062
-0.113449096679688 0.25274658203125 0.132217407226563 -0.197906494140625
-0.219589233398437 0.22137451171875 0.225738525390625 -0.31298828125
-0.26446533203125 0.101318359375 0.479583740234375 -0.366485595703125
-0.436981201171875 0.225921630859375 -0.0346832275390625 -0.227645874023438
-0.374755859375 0.328887939453125 -0.0238189697265625 -0.15948486328125
-0.251495361328125 0.472869873046875 -0.082366943359375 -0.06658935546875
0.027984619140625 0.467376708984375 -0.0582427978515625 0.0179634094238282
0.19146728515625 0.364349365234375 -0.0348434448242187 0.0990524291992188
0.356414794921875 0.176605224609375 0.102241516113281 0.0877914428710938
0.386016845703125 0.03387451171875 0.160888671875 -0.0066375732421875
0.34912109375 0.04425048828125 0.128158569335938 -0.066925048828125
0.3826904296875 0.006591796875 0.138519287109375 -0.0767440795898438
0.3367919921875 0.076263427734375 0.104141235351563 -0.0840911865234375
0.29278564453125 0.2108154296875 0.02618408203125 -0.0824966430664063
0.1932373046875 0.3050537109375 0.027099609375 -0.142807006835938
-0.075775146484375 0.39410400390625 0.07525634765625 -0.230316162109375
-0.222564697265625 0.384033203125 0.174163818359375 -0.306854248046875
-0.325531005859375 0.25347900390625 0.37677001953125 -0.3443603515625
-0.43536376953125 0.3148193359375 -0.165771484375 -0.1580810546875
-0.375457763671875 0.382598876953125 -0.088287353515625 -0.11102294921875
-0.256622314453125 0.51751708984375 -0.1051025390625 -0.08343505859375
0.02581787109375 0.5096435546875 -0.106292724609375 -0.0341949462890625
0.191619873046875 0.40618896484375 -0.111068725585938 0.0393295288085938
0.382781982421875 0.2091064453125 -0.0161819458007812 0.0496978759765625
0.4171142578125 0.046295166015625 0.0154151916503907 -0.00521469116210937
0.383819580078125 0.042999267578125 -0.00896453857421872 -0.0495223999023438
0.42950439453125 -0.007965087890625 0.0072746276855469 -0.0543937683105469
0.3924560546875 0.06378173828125 -0.0180282592773437 -0.0823211669921875
0.364013671875 0.222442626953125 -0.0704498291015625 -0.0780029296875
0.268951416015625 0.339447021484375 -0.044921875 -0.14569091796875
-0.02667236328125 0.47705078125 0.020172119140625 -0.223587036132813
-0.194122314453125 0.485443115234375 0.119308471679687 -0.242385864257812
-0.335906982421875 0.36248779296875 0.251113891601563 -0.259506225585938
-0.36273193359375 0.366668701171875 -0.2999267578125 -0.0622558593749999
-0.29962158203125 0.397491455078125 -0.159225463867188 -0.0447235107421875
-0.188995361328125 0.489837646484375 -0.127204895019531 -0.0834732055664063
0.048095703125 0.462432861328125 -0.149017333984375 -0.075714111328125
0.18060302734375 0.368316650390625 -0.173934936523438 -0.0214233398437499
0.35430908203125 0.1925048828125 -0.134017944335937 0.00278472900390624
0.38421630859375 0.042022705078125 -0.134521484375 -0.0039825439453125
0.36004638671875 0.0338134765625 -0.146621704101563 -0.0226287841796875
0.4080810546875 -0.0147705078125 -0.127944946289062 -0.0206680297851562
0.37774658203125 0.050537109375 -0.141326904296875 -0.063385009765625
0.358428955078125 0.206298828125 -0.158966064453125 -0.061279296875
0.275634765625 0.319183349609375 -0.107620239257812 -0.129081726074219
0.00454711914062497 0.46832275390625 -0.0205078125 -0.183349609375
-0.144134521484375 0.492034912109375 0.07086181640625 -0.1337890625
-0.295166015625 0.403228759765625 0.117424011230469 -0.131584167480469
-0.23358154296875 0.365509033203125 -0.41162109375 0.053375244140625
-0.17059326171875 0.362030029296875 -0.220321655273438 0.03570556640625
-0.074432373046875 0.383514404296875 -0.148040771484375 -0.0598297119140625
0.079132080078125 0.3330078125 -0.183181762695312 -0.0845947265625
0.154754638671875 0.259979248046875 -0.21209716796875 -0.05682373046875
0.279144287109375 0.130706787109375 -0.228500366210938 -0.0298004150390625
0.29473876953125 0.022918701171875 -0.261810302734375 0.00463867187499995
0.27984619140625 0.019805908203125 -0.263412475585937 0.00891113281250006
0.319244384765625 -0.011627197265625 -0.246307373046875 0.010833740234375
0.290374755859375 0.045379638671875 -0.24139404296875 -0.0465850830078125
0.271194458007813 0.170074462890625 -0.218978881835938 -0.0511016845703125
0.204986572265625 0.247573852539063 -0.143020629882812 -0.108489990234375
0.00952148437499996 0.36029052734375 -0.0389251708984375 -0.128311157226563
-0.085693359375 0.398284912109375 0.0305233001708984 -0.0148124694824218
-0.207672119140625 0.365478515625 -0.00742435455322267 0.0106287002563477
-0.075225830078125 0.3048095703125 -0.483917236328125 0.17547607421875
-0.0319671630859375 0.271041870117188 -0.263336181640625 0.123138427734375
0.0353546142578125 0.226516723632813 -0.160415649414063 -0.011688232421875
0.091949462890625 0.165206909179688 -0.197921752929688 -0.0554351806640625
0.108360290527344 0.120765686035156 -0.219650268554688 -0.0572662353515625
0.167984008789063 0.0477294921875 -0.283599853515625 -0.0369873046875
0.161483764648438 -0.0023956298828125 -0.346343994140625 0.0242614746093749
0.155517578125 0.001220703125 -0.340728759765625 0.0396728515625
0.178512573242188 -0.004058837890625 -0.329681396484375 0.0294189453125
0.153549194335938 0.0359649658203125 -0.300140380859375 -0.0458984375
0.131332397460937 0.106452941894531 -0.2359619140625 -0.0608673095703125
0.0902252197265625 0.129531860351563 -0.1456298828125 -0.0964813232421875
0.012054443359375 0.1807861328125 -0.0373001098632813 -0.0782318115234375
-0.00695800781250001 0.230361938476563 -0.0010528564453125 0.082672119140625
-0.0789794921875 0.267410278320312 -0.10406494140625 0.135223388671875
0.0831756591796875 0.1861572265625 -0.5098876953125 0.284912109375
0.0803985595703125 0.13812255859375 -0.280044555664062 0.212203979492188
0.104026794433594 0.0533218383789063 -0.156723022460938 0.0556488037109375
0.0704574584960938 0.0022125244140625 -0.186309814453125 0.002044677734375
0.0426750183105469 -0.0112075805664063 -0.198532104492188 -0.032257080078125
0.0358734130859375 -0.0259475708007813 -0.29656982421875 -0.0189514160156251
0.00633811950683594 -0.0218830108642578 -0.374481201171875 0.0512695312499999
0.00784873962402344 -0.0174674987792969 -0.365631103515625 0.063812255859375
0.0121011734008789 -0.00217056274414063 -0.362091064453125 0.029022216796875
-0.00148391723632812 0.00939083099365234 -0.309234619140625 -0.060302734375
-0.0141763687133789 0.0127439498901367 -0.21026611328125 -0.08563232421875
-0.0144424438476562 -0.0214710235595703 -0.117050170898438 -0.0934906005859375
0.0444068908691406 -0.0232734680175781 -0.0197601318359375 -0.0378074645996094
0.0998687744140625 0.04132080078125 -0.021514892578125 0.143707275390625
0.073822021484375 0.136314392089844 -0.155136108398437 0.222518920898437
-0.256744384765625 -0.00422668457031255 0.1373291015625 -0.28851318359375
-0.19091796875 0.142410278320313 0.046905517578125 -0.198013305664063
-0.0844879150390625 0.228073120117188 -0.0277519226074219 -0.00206756591796874
0.062042236328125 0.1966552734375 0.0586013793945312 0.0944671630859375
0.134010314941406 0.122734069824219 0.134078979492188 0.1429443359375
0.1632080078125 0.0211029052734375 0.286834716796875 0.083221435546875
0.160324096679688 -0.024200439453125 0.365814208984375 -0.035491943359375
0.136642456054688 0.0118331909179688 0.33551025390625 -0.074066162109375
0.138648986816406 0.00798797607421875 0.3319091796875 -0.067047119140625
0.111572265625 0.04962158203125 0.275924682617188 -0.0223846435546875
0.0767364501953125 0.0982208251953125 0.171585083007813 -0.0302581787109375
0.00935363769531251 0.133567810058594 0.141754150390625 -0.0700225830078125
-0.116409301757813 0.11077880859375 0.174560546875 -0.145950317382813
-0.177230834960938 0.060150146484375 0.265960693359375 -0.286773681640625
-0.170730590820313 -0.0434417724609375 0.550018310546875 -0.348297119140625
-0.3773193359375 0.134185791015625 0.0829315185546875 -0.27215576171875
-0.296356201171875 0.26025390625 0.0316009521484375 -0.191253662109375
-0.168731689453125 0.383026123046875 -0.0545158386230469 -0.0328559875488281
0.063232421875 0.352447509765625 0.001190185546875 0.0678520202636719
0.186111450195313 0.255355834960938 0.0559844970703125 0.143768310546875
0.286468505859375 0.0936279296875 0.216171264648438 0.101791381835938
0.3001708984375 -0.005615234375 0.29083251953125 -0.017059326171875
0.268234252929687 0.0244140625 0.252822875976563 -0.073272705078125
0.285858154296875 0.00390625 0.255691528320313 -0.079010009765625
0.2418212890625 0.070953369140625 0.205078125 -0.057220458984375
0.19512939453125 0.169540405273438 0.104820251464844 -0.0605239868164062
0.102798461914062 0.239181518554687 0.0852508544921875 -0.114997863769531
-0.1109619140625 0.275421142578125 0.12579345703125 -0.206802368164062
-0.2210693359375 0.24664306640625 0.224822998046875 -0.327728271484375
-0.279052734375 0.123489379882813 0.478607177734375 -0.3826904296875
-0.449310302734375 0.2491455078125 -0.024627685546875 -0.221694946289063
-0.369659423828125 0.345672607421875 -0.0134124755859375 -0.157485961914062
-0.2418212890625 0.4913330078125 -0.0799942016601563 -0.058441162109375
0.045318603515625 0.471405029296875 -0.0532264709472656 0.0261192321777344
0.206817626953125 0.363494873046875 -0.0270309448242188 0.110801696777344
0.365325927734375 0.16351318359375 0.114021301269531 0.0936203002929688
0.3931884765625 0.01837158203125 0.170028686523438 -0.0045166015625
0.359100341796875 0.03314208984375 0.131843566894531 -0.0621414184570313
0.392578125 -0.00927734375 0.142593383789063 -0.07208251953125
0.348114013671875 0.067291259765625 0.101722717285156 -0.0756912231445312
0.30889892578125 0.2083740234375 0.0195770263671875 -0.0735397338867187
0.208099365234375 0.31378173828125 0.016510009765625 -0.139350891113281
-0.0711669921875 0.41778564453125 0.06500244140625 -0.234054565429688
-0.223297119140625 0.410400390625 0.169036865234375 -0.315887451171875
-0.33990478515625 0.275634765625 0.37054443359375 -0.35162353515625
-0.448577880859375 0.334136962890625 -0.161361694335938 -0.143447875976563
-0.3770751953125 0.39898681640625 -0.0821914672851563 -0.101905822753906
-0.25341796875 0.538818359375 -0.105140686035156 -0.0717620849609375
0.038360595703125 0.519805908203125 -0.103080749511719 -0.022064208984375
0.205657958984375 0.41278076171875 -0.1065673828125 0.0537109375
0.393402099609375 0.202911376953125 -0.00710678100585935 0.0580329895019531
0.427154541015625 0.03533935546875 0.021474838256836 0.0020294189453125
0.3958740234375 0.035980224609375 -0.00829315185546873 -0.04034423828125
0.439910888671875 -0.021148681640625 0.00883865356445316 -0.0462532043457031
0.403106689453125 0.0556640625 -0.0216293334960937 -0.0700302124023438
0.37847900390625 0.219757080078125 -0.0768966674804687 -0.06561279296875
0.283172607421875 0.34521484375 -0.056243896484375 -0.138092041015625
-0.021240234375 0.498077392578125 0.00704956054687501 -0.221160888671875
-0.192474365234375 0.5078125 0.112030029296875 -0.244155883789062
-0.34857177734375 0.38238525390625 0.23974609375 -0.260177612304688
-0.37518310546875 0.37823486328125 -0.302276611328125 -0.04071044921875
-0.305450439453125 0.40997314453125 -0.1585693359375 -0.028656005859375
-0.191864013671875 0.508636474609375 -0.129997253417969 -0.0686798095703125
0.054351806640625 0.47412109375 -0.148666381835938 -0.061248779296875
0.190521240234375 0.37921142578125 -0.171951293945313 -0.00808715820312497
0.365234375 0.1932373046875 -0.129203796386719 0.0123443603515625
0.3955078125 0.0374755859375 -0.133171081542969 0.00612640380859378
0.37152099609375 0.03173828125 -0.148834228515625 -0.010345458984375
0.417633056640625 -0.023223876953125 -0.127975463867188 -0.00919342041015624
0.38629150390625 0.04736328125 -0.145431518554687 -0.04925537109375
0.369781494140625 0.20574951171875 -0.164398193359375 -0.047210693359375
0.285614013671875 0.32421875 -0.117019653320312 -0.1177978515625
0.00888061523437498 0.483367919921875 -0.03289794921875 -0.177337646484375
-0.1439208984375 0.506591796875 0.0630264282226562 -0.12969970703125
-0.305877685546875 0.41619873046875 0.103706359863281 -0.124725341796875
-0.241607666015625 0.36871337890625 -0.41949462890625 0.0786743164062501
-0.176605224609375 0.366241455078125 -0.225616455078125 0.0567779541015625
-0.081634521484375 0.39385986328125 -0.152206420898438 -0.04364013671875
0.0791015625 0.342193603515625 -0.18414306640625 -0.0703125
0.157485961914063 0.271743774414063 -0.21270751953125 -0.046600341796875
0.28564453125 0.136749267578125 -0.228897094726562 -0.0220947265624999
0.303314208984375 0.025299072265625 -0.265823364257813 0.0166473388671875
0.289154052734375 0.02239990234375 -0.267837524414062 0.0224151611328125
0.327789306640625 -0.012115478515625 -0.249969482421875 0.024139404296875
0.298126220703125 0.0482177734375 -0.246109008789063 -0.03265380859375
0.277191162109375 0.17352294921875 -0.223068237304688 -0.0372772216796875
0.2076416015625 0.253768920898438 -0.1514892578125 -0.0968170166015625
0.007598876953125 0.36846923828125 -0.0506668090820313 -0.121223449707031
-0.087646484375 0.404632568359375 0.0240383148193359 -0.00666809082031247
-0.2159423828125 0.370758056640625 -0.0213661193847656 0.023031234741211
-0.0771484375 0.29852294921875 -0.493316650390625 0.20135498046875
-0.03424072265625 0.266098022460937 -0.270660400390625 0.146484375
0.027435302734375 0.2254638671875 -0.1641845703125 0.00515747070312498
0.0854949951171875 0.167999267578125 -0.19781494140625 -0.04168701171875
0.104789733886719 0.128715515136719 -0.220947265625 -0.051483154296875
0.167984008789063 0.0577239990234375 -0.28839111328125 -0.030914306640625
0.166702270507812 0.006500244140625 -0.353485107421875 0.035003662109375
0.161239624023438 0.0094146728515625 -0.34765625 0.051849365234375
0.1851806640625 0.002777099609375 -0.335052490234375 0.0422973632812499
0.157394409179687 0.045074462890625 -0.30560302734375 -0.033599853515625
0.131912231445313 0.115760803222656 -0.240264892578125 -0.0503692626953125
0.086273193359375 0.137603759765625 -0.1527099609375 -0.0871124267578125
0.00268554687500001 0.183029174804688 -0.0477676391601562 -0.0720748901367187
-0.0140533447265625 0.227066040039062 -0.0080413818359375 0.0922164916992188
-0.085845947265625 0.262588500976563 -0.1180419921875 0.149093627929688
0.08648681640625 0.171585083007813 -0.518951416015625 0.31195068359375
0.0816116333007813 0.126708984375 -0.2874755859375 0.23406982421875
0.0976943969726563 0.0415496826171875 -0.157440185546875 0.0710906982421875
0.0608749389648438 -0.001708984375 -0.183303833007813 0.01275634765625
0.0329685211181641 -0.00814247131347656 -0.197769165039063 -0.0316925048828125
0.02984619140625 -0.0148983001708984 -0.302337646484375 -0.017303466796875
0.00641107559204102 -0.00811910629272461 -0.383453369140625 0.0605468749999999
0.00892448425292969 -0.00549602508544922 -0.372802734375 0.073455810546875
0.0159721374511719 0.011143684387207 -0.369598388671875 0.0400390625
-0.00012016296386719 0.0237598419189453 -0.31658935546875 -0.05279541015625
-0.0187664031982422 0.0261249542236328 -0.215682983398438 -0.0796051025390625
-0.0245037078857422 -0.0122756958007812 -0.124397277832031 -0.087066650390625
0.0290679931640625 -0.0272083282470703 -0.0294418334960938 -0.0345115661621094
0.08740234375 0.0295944213867188 -0.029449462890625 0.151931762695313
0.0695419311523438 0.122215270996094 -0.168914794921875 0.234588623046875
-0.262863159179688 0.0179290771484375 0.149444580078125 -0.310272216796875
-0.180130004882812 0.154647827148438 0.053314208984375 -0.215560913085938
-0.06683349609375 0.235794067382813 -0.0237445831298828 -0.0019397735595703
0.0785675048828125 0.192047119140625 0.067169189453125 0.0931472778320313
0.146026611328125 0.111404418945313 0.147140502929688 0.144805908203125
0.164505004882812 0.0020904541015625 0.30316162109375 0.0772705078125
0.158309936523438 -0.0420074462890625 0.382965087890625 -0.049957275390625
0.139564514160156 -0.00160980224609375 0.3504638671875 -0.085113525390625
0.1417236328125 -0.00811767578125 0.348236083984375 -0.076904296875
0.120208740234375 0.0394515991210938 0.286590576171875 -0.024261474609375
0.091522216796875 0.094696044921875 0.173187255859375 -0.030181884765625
0.0240478515625 0.142868041992188 0.14019775390625 -0.0776901245117187
-0.11212158203125 0.132369995117188 0.176193237304688 -0.16448974609375
-0.177841186523438 0.08447265625 0.269287109375 -0.315887451171875
-0.181808471679687 -0.02447509765625 0.56427001953125 -0.38531494140625
-0.388763427734375 0.164764404296875 0.094329833984375 -0.28533935546875
-0.290679931640625 0.2808837890625 0.0398712158203125 -0.203811645507812
-0.152740478515625 0.4033203125 -0.0516586303710938 -0.0298652648925781
0.084320068359375 0.356475830078125 0.0080718994140625 0.0704345703125
0.205535888671875 0.250244140625 0.0681610107421875 0.151626586914063
0.296478271484375 0.076141357421875 0.234466552734375 0.101287841796875
0.306732177734375 -0.025665283203125 0.30816650390625 -0.0247802734375
0.279556274414062 0.0094451904296875 0.265609741210938 -0.0792388916015625
0.297088623046875 -0.01593017578125 0.268478393554688 -0.0841827392578125
0.257156372070313 0.0594940185546875 0.212188720703125 -0.0560150146484375
0.21661376953125 0.1673583984375 0.103507995605469 -0.0567474365234375
0.123031616210937 0.25115966796875 0.0797576904296875 -0.118270874023438
-0.10400390625 0.305755615234375 0.120376586914062 -0.22039794921875
-0.220703125 0.27899169921875 0.2242431640625 -0.353424072265625
-0.2930908203125 0.1527099609375 0.485015869140625 -0.411529541015625
-0.465087890625 0.283660888671875 -0.016510009765625 -0.224502563476562
-0.369354248046875 0.371826171875 -0.00622558593750002 -0.162872314453125
-0.230316162109375 0.522064208984375 -0.0785064697265625 -0.0521011352539062
0.0672912597656249 0.48333740234375 -0.0480079650878906 0.0337677001953125
0.229278564453125 0.368255615234375 -0.0171585083007812 0.124259948730469
0.38299560546875 0.150726318359375 0.130409240722656 0.097076416015625
0.408294677734375 -0.001739501953125 0.183944702148438 -0.006500244140625
0.376708984375 0.018310546875 0.139663696289063 -0.0613555908203125
0.408660888671875 -0.03125 0.151290893554688 -0.0726165771484375
0.366943359375 0.05535888671875 0.103935241699219 -0.0699691772460938
0.335418701171875 0.205841064453125 0.0151901245117188 -0.0657768249511719
0.23291015625 0.32635498046875 0.00680541992187502 -0.138092041015625
-0.0589599609375 0.45172119140625 0.054351806640625 -0.24224853515625
-0.218475341796875 0.44696044921875 0.164154052734375 -0.3331298828125
-0.354827880859375 0.31121826171875 0.369598388671875 -0.37152099609375
-0.466766357421875 0.367156982421875 -0.160186767578125 -0.133697509765625
-0.3822021484375 0.42828369140625 -0.0774459838867188 -0.0973358154296875
-0.24658203125 0.57562255859375 -0.106437683105469 -0.0618896484375
0.058685302734375 0.53948974609375 -0.101364135742187 -0.0115280151367187
0.229095458984375 0.42535400390625 -0.100807189941406 0.0683746337890625
0.4158935546875 0.195953369140625 0.00395202636718753 0.0654220581054688
0.44622802734375 0.01861572265625 0.0285396575927735 0.0061187744140625
0.417388916015625 0.023468017578125 -0.00693893432617185 -0.0335559844970703
0.458953857421875 -0.0418701171875 0.0121383666992188 -0.0411872863769531
0.423309326171875 0.044219970703125 -0.0236473083496094 -0.0606040954589844
0.404693603515625 0.216461181640625 -0.0825424194335937 -0.0541610717773438
0.308502197265625 0.3555908203125 -0.0673751831054688 -0.131591796875
-0.00604248046875005 0.52947998046875 -0.005462646484375 -0.223312377929688
-0.18438720703125 0.54486083984375 0.105300903320313 -0.252655029296875
-0.362213134765625 0.419219970703125 0.233428955078125 -0.267303466796875
-0.391357421875 0.404510498046875 -0.308807373046875 -0.01904296875
-0.312835693359375 0.434173583984375 -0.159042358398438 -0.014190673828125
-0.190338134765625 0.5418701171875 -0.1341552734375 -0.0554122924804687
0.069488525390625 0.49609375 -0.150131225585937 -0.0482940673828125
0.210479736328125 0.3973388671875 -0.172561645507812 0.00634765625000001
0.387603759765625 0.193359375 -0.125656127929687 0.0212249755859375
0.41650390625 0.02728271484375 -0.133995056152344 0.0163345336914063
0.39312744140625 0.024200439453125 -0.15362548828125 0.00169372558593753
0.436981201171875 -0.038116455078125 -0.130630493164062 0.00193023681640625
0.40509033203125 0.03912353515625 -0.151336669921875 -0.0360260009765625
0.392364501953125 0.2049560546875 -0.171112060546875 -0.031982421875
0.307464599609375 0.332733154296875 -0.128128051757813 -0.107772827148437
0.02105712890625 0.50933837890625 -0.0458221435546875 -0.173431396484375
-0.136932373046875 0.536712646484375 0.0579605102539062 -0.12799072265625
-0.317230224609375 0.447265625 0.0942153930664063 -0.119544982910156
-0.251556396484375 0.384918212890625 -0.431365966796875 0.110198974609375
-0.1824951171875 0.3826904296875 -0.231307983398437 0.080078125
-0.08392333984375 0.416259765625 -0.158126831054687 -0.0276641845703125
0.086090087890625 0.359161376953125 -0.18743896484375 -0.0568542480468749
0.1697998046875 0.288055419921875 -0.2176513671875 -0.0358428955078124
0.30279541015625 0.14178466796875 -0.233383178710937 -0.0126953124999999
0.32196044921875 0.022613525390625 -0.274017333984375 0.0306396484375
0.3072509765625 0.02069091796875 -0.278091430664062 0.0381927490234375
0.344512939453125 -0.01922607421875 -0.256683349609375 0.0402374267578125
0.312713623046875 0.047027587890625 -0.255111694335938 -0.0178985595703125
0.293365478515625 0.17791748046875 -0.230697631835937 -0.0222625732421875
0.22100830078125 0.263458251953125 -0.161956787109375 -0.085693359375
0.01177978515625 0.387115478515625 -0.0613479614257813 -0.114585876464844
-0.086273193359375 0.4212646484375 0.0205440521240234 0.00169181823730471
-0.225494384765625 0.38995361328125 -0.0325164794921875 0.0385017395019531
-0.08001708984375 0.3026123046875 -0.509124755859375 0.241424560546875
-0.03741455078125 0.271072387695313 -0.279327392578125 0.1761474609375
0.02197265625 0.23272705078125 -0.169052124023438 0.0227813720703125
0.0843658447265625 0.175277709960938 -0.200958251953125 -0.028778076171875
0.107322692871094 0.140167236328125 -0.22662353515625 -0.0453643798828125
0.176055908203125 0.0658111572265625 -0.297882080078125 -0.02374267578125
0.1785888671875 0.0111083984375 -0.368011474609375 0.0513610839843751
0.1737060546875 0.013671875 -0.360687255859375 0.070098876953125
0.198150634765625 0.0052642822265625 -0.345916748046875 0.0593261718750001
0.16851806640625 0.0516510009765625 -0.3182373046875 -0.020477294921875
0.139297485351563 0.12640380859375 -0.249664306640625 -0.03826904296875
0.08831787109375 0.148162841796875 -0.163177490234375 -0.0778045654296875
-0.00357055664062498 0.1922607421875 -0.0575904846191406 -0.0648040771484375
-0.0195770263671875 0.232666015625 -0.0106277465820313 0.105293273925781
-0.092987060546875 0.26800537109375 -0.129989624023437 0.171356201171875
0.090667724609375 0.16119384765625 -0.532623291015625 0.350372314453125
0.0833587646484375 0.119178771972656 -0.294586181640625 0.26702880859375
0.0916748046875 0.0333404541015625 -0.159210205078125 0.0888214111328125
0.0530815124511719 -0.00290298461914063 -0.183456420898438 0.0245513916015625
0.0264930725097656 -0.00334358215332031 -0.202285766601563 -0.029296875
0.0279083251953125 -0.00450515747070313 -0.314178466796875 -0.0115966796875001
0.0103187561035156 0.00319194793701172 -0.399139404296875 0.07586669921875
0.0132999420166016 0.00529289245605469 -0.3880615234375 0.0901794433593749
0.0228824615478516 0.0231666564941406 -0.383758544921875 0.0565490722656251
0.00479507446289062 0.036163330078125 -0.330963134765625 -0.0435180664062501
-0.0200691223144531 0.0406723022460938 -0.225494384765625 -0.0729522705078125
-0.0325832366943359 -0.00110435485839844 -0.133995056152344 -0.0820236206054688
0.0147342681884766 -0.0281734466552734 -0.0387687683105469 -0.0292015075683594
0.0768051147460938 0.0213088989257813 -0.0333709716796875 0.166000366210938
0.0655059814453125 0.11346435546875 -0.180801391601562 0.2567138671875
-0.26800537109375 0.047332763671875 0.15106201171875 -0.341033935546875
-0.167510986328125 0.168441772460938 0.0508880615234375 -0.238784790039063
-0.0453948974609375 0.244583129882812 -0.0200099945068359 -0.00260162353515623
0.0984649658203125 0.184478759765625 0.078460693359375 0.0896148681640625
0.15924072265625 0.0963287353515625 0.165481567382812 0.142578125
0.163864135742188 -0.0188140869140625 0.3238525390625 0.063232421875
0.153594970703125 -0.0609893798828125 0.4007568359375 -0.076202392578125
0.141632080078125 -0.017547607421875 0.3671875 -0.10858154296875
0.143310546875 -0.0266876220703125 0.365997314453125 -0.099029541015625
0.128318786621094 0.026336669921875 0.300537109375 -0.034942626953125
0.1080322265625 0.0882339477539063 0.177001953125 -0.034423828125
0.0426788330078125 0.149810791015625 0.13812255859375 -0.088592529296875
-0.101455688476563 0.155807495117188 0.172088623046875 -0.187667846679688
-0.173171997070313 0.111892700195313 0.263641357421875 -0.35528564453125
-0.190597534179687 -0.000778198242187534 0.5677490234375 -0.44049072265625
-0.39495849609375 0.20855712890625 0.097503662109375 -0.308197021484375
-0.278472900390625 0.308502197265625 0.0403594970703125 -0.222946166992187
-0.126800537109375 0.42822265625 -0.0490989685058594 -0.0272102355957031
0.113006591796875 0.35821533203125 0.0174484252929688 0.0734481811523438
0.230178833007813 0.241546630859375 0.0866851806640625 0.158096313476563
0.3072509765625 0.05181884765625 0.257034301757813 0.0937957763671875
0.311614990234375 -0.053253173828125 0.326019287109375 -0.044219970703125
0.291839599609375 -0.012908935546875 0.2783203125 -0.0943756103515625
0.306793212890625 -0.043548583984375 0.2825927734375 -0.100341796875
0.273681640625 0.0409088134765625 0.221084594726563 -0.0615234375
0.243484497070312 0.15777587890625 0.103462219238281 -0.0561676025390625
0.151779174804687 0.259796142578125 0.07208251953125 -0.123931884765625
-0.084808349609375 0.339263916015625 0.109649658203125 -0.238311767578125
-0.208740234375 0.319091796875 0.213531494140625 -0.387603759765625
-0.30084228515625 0.191314697265625 0.48272705078125 -0.457733154296875
-0.474334716796875 0.33453369140625 -0.014617919921875 -0.232269287109375
-0.3616943359375 0.410797119140625 -0.0037689208984375 -0.172698974609375
-0.2047119140625 0.5623779296875 -0.078826904296875 -0.0457229614257812
0.101898193359375 0.497528076171875 -0.0421867370605469 0.0415153503417969
0.263336181640625 0.369293212890625 -0.00198364257812497 0.136215209960938
0.4052734375 0.1278076171875 0.151275634765625 0.09564208984375
0.423095703125 -0.032745361328125 0.199127197265625 -0.01513671875
0.39715576171875 -0.007293701171875 0.1475830078125 -0.0664215087890625
0.423919677734375 -0.064117431640625 0.16009521484375 -0.079559326171875
0.38916015625 0.032257080078125 0.108146667480469 -0.0696182250976563
0.36834716796875 0.193023681640625 0.0119705200195313 -0.0592613220214844
0.2694091796875 0.331451416015625 -0.00360870361328122 -0.136955261230469
-0.031158447265625 0.48895263671875 0.0391845703125 -0.251876831054687
-0.19805908203125 0.493255615234375 0.151153564453125 -0.35723876953125
-0.360321044921875 0.360015869140625 0.362457275390625 -0.40338134765625
-0.476531982421875 0.41778564453125 -0.161483764648438 -0.123611450195313
-0.3779296875 0.471435546875 -0.076171875 -0.0948715209960937
-0.22515869140625 0.6239013671875 -0.10894775390625 -0.0506591796875
0.0960693359375 0.561126708984375 -0.0990219116210938 0.000297546386718779
0.26953125 0.435394287109375 -0.0920562744140625 0.085235595703125
0.44586181640625 0.178741455078125 0.0181770324707032 0.0701026916503906
0.468841552734375 -0.010284423828125 0.0369987487792969 0.00799179077148438
0.441375732421875 -0.001007080078125 -0.00483512878417966 -0.0276012420654297
0.479217529296875 -0.074737548828125 0.0155181884765625 -0.0377235412597656
0.44622802734375 0.020111083984375 -0.0246391296386718 -0.0525360107421875
0.440216064453125 0.20257568359375 -0.0874710083007812 -0.0404586791992187
0.34783935546875 0.3575439453125 -0.0793228149414063 -0.123809814453125
0.0262451171875 0.5665283203125 -0.02215576171875 -0.22503662109375
-0.16033935546875 0.5882568359375 0.094024658203125 -0.265182495117188
-0.36456298828125 0.470428466796875 0.22406005859375 -0.2818603515625
-0.398651123046875 0.4481201171875 -0.3145751953125 0.00885009765624999
-0.310882568359375 0.472625732421875 -0.160369873046875 0.00274658203125003
-0.17401123046875 0.5870361328125 -0.138809204101563 -0.0396194458007812
0.1011962890625 0.519378662109375 -0.152420043945312 -0.033050537109375
0.24566650390625 0.4119873046875 -0.1715087890625 0.0234527587890626
0.4183349609375 0.18267822265625 -0.121757507324219 0.03106689453125
0.44146728515625 0.00408935546875 -0.134201049804687 0.0295867919921875
0.417449951171875 0.003997802734375 -0.158111572265625 0.0179290771484375
0.45758056640625 -0.066558837890625 -0.132499694824219 0.0155487060546875
0.428253173828125 0.019195556640625 -0.156646728515625 -0.0201416015625
0.4244384765625 0.193878173828125 -0.177352905273437 -0.013580322265625
0.341949462890625 0.334808349609375 -0.140556335449219 -0.0947799682617187
0.049468994140625 0.54022216796875 -0.0600738525390625 -0.168548583984375
-0.1141357421875 0.57373046875 0.0519485473632812 -0.129364013671875
-0.31689453125 0.492584228515625 0.0856094360351563 -0.11651611328125
-0.2540283203125 0.413787841796875 -0.439544677734375 0.1541748046875
-0.179901123046875 0.4088134765625 -0.234054565429687 0.109222412109375
-0.07415771484375 0.448577880859375 -0.163330078125 -0.00729370117187499
0.1060791015625 0.377471923828125 -0.192184448242188 -0.038970947265625
0.194580078125 0.30224609375 -0.223190307617187 -0.0203399658203125
0.327392578125 0.1380615234375 -0.238922119140625 9.15527343749611E-05
0.344024658203125 0.008636474609375 -0.28179931640625 0.0523986816406251
0.32958984375 0.008331298828125 -0.287872314453125 0.06268310546875
0.364471435546875 -0.038055419921875 -0.262603759765625 0.0621795654296875
0.332489013671875 0.036041259765625 -0.265213012695313 0.00311279296875005
0.318023681640625 0.175048828125 -0.2391357421875 -0.00228881835937499
0.245193481445313 0.269027709960938 -0.173782348632813 -0.0703125
0.02850341796875 0.4100341796875 -0.0736846923828125 -0.106224060058594
-0.07342529296875 0.446746826171875 0.0203914642333984 0.0102806091308594
-0.226593017578125 0.422119140625 -0.0388450622558594 0.0570259094238281
-0.07696533203125 0.311920166015625 -0.516937255859375 0.2957763671875
-0.034210205078125 0.280319213867188 -0.281524658203125 0.213714599609375
0.0245361328125 0.24432373046875 -0.172622680664063 0.0450897216796875
0.091064453125 0.184158325195312 -0.204696655273438 -0.0103912353515625
0.1177978515625 0.150070190429688 -0.234344482421875 -0.034088134765625
0.190216064453125 0.069091796875 -0.31097412109375 -0.00942993164062502
0.194549560546875 0.0081787109375 -0.38177490234375 0.078582763671875
0.18853759765625 0.0117645263671875 -0.37347412109375 0.098785400390625
0.214324951171875 0.0006561279296875 -0.35699462890625 0.08648681640625
0.183212280273438 0.051666259765625 -0.331787109375 0.00103759765624998
0.154190063476563 0.133041381835938 -0.260391235351563 -0.0204925537109375
0.0973663330078125 0.159744262695313 -0.173858642578125 -0.0638427734375
-0.00323486328124998 0.206375122070313 -0.0671157836914063 -0.0553474426269531
-0.0189208984375 0.242813110351563 -0.00791168212890626 0.120048522949219
-0.095733642578125 0.281524658203125 -0.135040283203125 0.200164794921875
0.0966644287109375 0.151840209960938 -0.535797119140625 0.40716552734375
0.0868911743164063 0.112960815429688 -0.292755126953125 0.309234619140625
0.0865936279296875 0.026031494140625 -0.1573486328125 0.111465454101563
0.0456504821777344 -0.00376129150390625 -0.183685302734375 0.040618896484375
0.0220394134521484 0.001800537109375 -0.209503173828125 -0.02349853515625
0.0299072265625 0.00392913818359375 -0.329559326171875 0.00207519531250002
0.0174551010131836 0.0126438140869141 -0.415985107421875 0.10430908203125
0.0201225280761719 0.0138702392578125 -0.40283203125 0.119140625
0.0334739685058594 0.0318946838378906 -0.399871826171875 0.0844116210937501
0.0131797790527344 0.0473747253417969 -0.349395751953125 -0.0249938964843751
-0.0171661376953125 0.0549278259277344 -0.23895263671875 -0.0609130859375
-0.0383682250976562 0.0109405517578125 -0.14556884765625 -0.072479248046875
0.000595092773437502 -0.0257930755615234 -0.0477256774902344 -0.0215911865234375
0.0664329528808594 0.0157852172851563 -0.030853271484375 0.183319091796875
0.0625534057617187 0.1064453125 -0.18511962890625 0.289520263671875
-0.263214111328125 0.0809783935546875 0.136871337890625 -0.3726806640625
-0.149139404296875 0.182403564453125 0.03704833984375 -0.260452270507813
-0.017547607421875 0.247970581054688 -0.0159416198730469 -0.00313854217529295
0.118820190429688 0.17108154296875 0.0886993408203125 0.08111572265625
0.169540405273437 0.074981689453125 0.184326171875 0.132598876953125
0.156753540039062 -0.04132080078125 0.339019775390625 0.037933349609375
0.142578125 -0.0806732177734375 0.40863037109375 -0.11285400390625
0.138587951660156 -0.0351638793945312 0.37237548828125 -0.14312744140625
0.139007568359375 -0.0466690063476563 0.373870849609375 -0.132781982421875
0.132865905761719 0.00984954833984375 0.310943603515625 -0.054473876953125
0.122833251953125 0.0747833251953125 0.179061889648438 -0.0431060791015625
0.06494140625 0.150405883789063 0.131752014160156 -0.10076904296875
-0.0811920166015625 0.176284790039063 0.157958984375 -0.212295532226563
-0.158859252929687 0.1397705078125 0.239532470703125 -0.39593505859375
-0.19256591796875 0.02728271484375 0.546356201171875 -0.50592041015625
-0.3851318359375 0.257568359375 0.087158203125 -0.330810546875
-0.254974365234375 0.33734130859375 0.0302581787109375 -0.24053955078125
-0.087677001953125 0.447540283203125 -0.0471420288085938 -0.0229911804199218
0.14849853515625 0.349517822265625 0.0277557373046875 0.072357177734375
0.256668090820313 0.221405029296875 0.10858154296875 0.156951904296875
0.31219482421875 0.020263671875 0.27703857421875 0.074249267578125
0.30816650390625 -0.08758544921875 0.337677001953125 -0.073822021484375
0.29638671875 -0.043365478515625 0.28472900390625 -0.118865966796875
0.307220458984375 -0.07830810546875 0.289031982421875 -0.125
0.285186767578125 0.01318359375 0.227325439453125 -0.0741424560546875
0.26849365234375 0.1375732421875 0.102806091308594 -0.0576705932617187
0.185760498046875 0.256668090820313 0.0621490478515625 -0.128997802734375
-0.050048828125 0.36663818359375 0.0904083251953125 -0.254409790039062
-0.178558349609375 0.356292724609375 0.184967041015625 -0.420013427734375
-0.29449462890625 0.23590087890625 0.45867919921875 -0.509918212890625
-0.461212158203125 0.393798828125 -0.019683837890625 -0.238861083984375
-0.336761474609375 0.45233154296875 -0.00878906250000002 -0.182022094726562
-0.1585693359375 0.5970458984375 -0.0786666870117188 -0.0360870361328125
0.149017333984375 0.497283935546875 -0.033538818359375 0.0477218627929688
0.3038330078125 0.3546142578125 0.0180816650390625 0.144058227539063
0.422515869140625 0.092681884765625 0.1717529296875 0.0845794677734375
0.427734375 -0.074676513671875 0.210159301757813 -0.0321807861328125
0.4083251953125 -0.044677734375 0.15228271484375 -0.07623291015625
0.428680419921875 -0.107696533203125 0.164413452148438 -0.0921478271484375
0.40411376953125 -0.003387451171875 0.11041259765625 -0.0722427368164063
0.3995361328125 0.164398193359375 0.0090904235839844 -0.0525016784667969
0.311920166015625 0.322296142578125 -0.01629638671875 -0.133087158203125
0.01580810546875 0.51776123046875 0.0174407958984375 -0.258499145507812
-0.156494140625 0.53302001953125 0.12457275390625 -0.379669189453125
-0.344757080078125 0.41461181640625 0.339019775390625 -0.4395751953125
-0.46319580078125 0.478973388671875 -0.162765502929688 -0.109146118164062
-0.35302734375 0.517486572265625 -0.0768051147460938 -0.0906600952148437
-0.17840576171875 0.668701171875 -0.109489440917969 -0.0350799560546875
0.14654541015625 0.57000732421875 -0.0936126708984375 0.0141677856445313
0.31781005859375 0.42828369140625 -0.0775680541992188 0.10009765625
0.473724365234375 0.144866943359375 0.0332756042480469 0.0692024230957031
0.481414794921875 -0.05438232421875 0.0454330444335938 0.00673294067382812
0.4569091796875 -0.0411376953125 -0.00277137756347653 -0.0223598480224609
0.486083984375 -0.1219482421875 0.0186271667480469 -0.0365867614746094
0.46295166015625 -0.0189208984375 -0.0252723693847656 -0.0439453125
0.473663330078125 0.169830322265625 -0.0899734497070312 -0.0253829956054687
0.392547607421875 0.343536376953125 -0.091552734375 -0.111442565917969
0.07794189453125 0.5887451171875 -0.0420379638671875 -0.222320556640625
-0.11138916015625 0.62579345703125 0.0746002197265625 -0.275543212890625
-0.344482421875 0.525421142578125 0.204345703125 -0.2982177734375
-0.383026123046875 0.499298095703125 -0.311798095703125 0.0436401367187501
-0.287322998046875 0.51617431640625 -0.156478881835938 0.022064208984375
-0.13409423828125 0.63043212890625 -0.139854431152344 -0.0184936523437499
0.14630126953125 0.533172607421875 -0.150131225585938 -0.0140228271484374
0.292572021484375 0.410797119140625 -0.165359497070312 0.0428619384765625
0.448272705078125 0.15478515625 -0.115013122558594 0.0403823852539063
0.45758056640625 -0.03509521484375 -0.130569458007812 0.0440597534179688
0.435760498046875 -0.03106689453125 -0.157760620117187 0.0383758544921875
0.467010498046875 -0.108734130859375 -0.130355834960937 0.031158447265625
0.443389892578125 -0.01495361328125 -0.158477783203125 -0.000808715820312509
0.456207275390625 0.165252685546875 -0.179092407226563 0.00881958007812499
0.381622314453125 0.3201904296875 -0.150314331054687 -0.0759735107421875
0.096466064453125 0.559783935546875 -0.0758209228515625 -0.158981323242187
-0.0693359375 0.603271484375 0.0433578491210937 -0.129783630371094
-0.296142578125 0.541259765625 0.0760498046875 -0.112892150878906
-0.239715576171875 0.447509765625 -0.432159423828125 0.2069091796875
-0.16259765625 0.4376220703125 -0.225738525390625 0.141891479492188
-0.04681396484375 0.476776123046875 -0.163360595703125 0.017547607421875
0.137359619140625 0.38751220703125 -0.191452026367188 -0.01641845703125
0.228912353515625 0.3045654296875 -0.22320556640625 -0.00021362304687503
0.35211181640625 0.120361328125 -0.240768432617187 0.0173492431640626
0.36126708984375 -0.019195556640625 -0.283538818359375 0.0800476074218751
0.345977783203125 -0.015960693359375 -0.288726806640625 0.0948486328125001
0.376190185546875 -0.068511962890625 -0.261810302734375 0.0906982421875
0.348236083984375 0.012359619140625 -0.269210815429688 0.0304718017578126
0.344573974609375 0.158355712890625 -0.240692138671875 0.0232696533203125
0.273773193359375 0.262954711914062 -0.181259155273437 -0.0491180419921875
0.059356689453125 0.42694091796875 -0.0836334228515625 -0.0932464599609375
-0.04339599609375 0.4674072265625 0.0228424072265625 0.0180225372314453
-0.209686279296875 0.456573486328125 -0.0386886596679688 0.07696533203125
-0.065216064453125 0.322479248046875 -0.502960205078125 0.357177734375
-0.02276611328125 0.2901611328125 -0.26739501953125 0.256378173828125
0.035888671875 0.254592895507813 -0.169540405273437 0.0713348388671875
0.1026611328125 0.1893310546875 -0.2032470703125 0.0121917724609375
0.133926391601563 0.154251098632813 -0.239151000976563 -0.0169219970703125
0.205551147460938 0.0630950927734375 -0.3187255859375 0.0133056640625
0.207962036132813 -0.003692626953125 -0.38592529296875 0.11517333984375
0.20330810546875 0.0016937255859375 -0.37628173828125 0.13775634765625
0.228240966796875 -0.013763427734375 -0.359130859375 0.123504638671875
0.198272705078125 0.0438232421875 -0.34014892578125 0.031829833984375
0.1729736328125 0.132125854492188 -0.264694213867188 0.004669189453125
0.111923217773437 0.164520263671875 -0.182525634765625 -0.0439910888671875
0.00547790527343749 0.219024658203125 -0.0741195678710938 -0.04229736328125
-0.00962829589843752 0.252944946289063 0.00178527832031251 0.133392333984375
-0.0877685546875 0.296966552734375 -0.126663208007813 0.231292724609375
0.103530883789063 0.139289855957031 -0.516387939453125 0.473876953125
0.0907440185546875 0.104454040527344 -0.273040771484375 0.35540771484375
0.0806350708007813 0.0193023681640625 -0.14788818359375 0.13592529296875
0.0392189025878906 -0.00314712524414063 -0.177642822265625 0.059967041015625
0.0195140838623047 0.00680732727050781 -0.215408325195313 -0.0115509033203125
0.0340404510498047 0.0107879638671875 -0.34100341796875 0.0255432128906249
0.0267601013183594 0.0180454254150391 -0.42144775390625 0.14434814453125
0.0291824340820313 0.0195541381835938 -0.406585693359375 0.15899658203125
0.0459251403808594 0.0362396240234375 -0.405670166015625 0.123260498046875
0.0243797302246094 0.0546531677246094 -0.362335205078125 0.00543212890624999
-0.00884628295898438 0.0679817199707031 -0.249130249023438 -0.041229248046875
-0.0399627685546875 0.0252723693847656 -0.155181884765625 -0.05718994140625
-0.0130596160888672 -0.0196628570556641 -0.0530586242675781 -0.0105476379394531
0.055328369140625 0.0119056701660156 -0.0195465087890625 0.199981689453125
0.059967041015625 0.100448608398438 -0.173675537109375 0.324981689453125
-0.24578857421875 0.11163330078125 0.11273193359375 -0.39251708984375
-0.126220703125 0.18927001953125 0.0156707763671875 -0.272048950195313
0.00910949707031252 0.241073608398438 -0.0123510360717773 -0.00482940673828124
0.1331787109375 0.150650024414063 0.0950164794921875 0.0689239501953125
0.172454833984375 0.051544189453125 0.196395874023438 0.115493774414063
0.141845703125 -0.05987548828125 0.342742919921875 0.00833129882812499
0.125007629394531 -0.0947799682617188 0.4000244140625 -0.149993896484375
0.130096435546875 -0.0505447387695312 0.36328125 -0.17578125
0.128059387207031 -0.0628662109375 0.366729736328125 -0.165924072265625
0.130928039550781 -0.00733184814453125 0.310791015625 -0.076263427734375
0.131195068359375 0.0570526123046875 0.175979614257813 -0.0515899658203125
0.0854034423828125 0.142547607421875 0.119789123535156 -0.110488891601562
-0.05572509765625 0.187255859375 0.134567260742188 -0.229034423828125
-0.135299682617188 0.158737182617187 0.200775146484375 -0.42205810546875
-0.185028076171875 0.05377197265625 0.499176025390625 -0.5545654296875
-0.355499267578125 0.300048828125 0.0693054199218749 -0.344329833984375
-0.220367431640625 0.35491943359375 0.0143890380859375 -0.250625610351563
-0.042755126953125 0.449676513671875 -0.0434494018554688 -0.019744873046875
0.178253173828125 0.3275146484375 0.0373611450195313 0.0685348510742188
0.274078369140625 0.192733764648438 0.1273193359375 0.14715576171875
0.303009033203125 -0.01177978515625 0.2867431640625 0.04840087890625
0.290802001953125 -0.11712646484375 0.334442138671875 -0.103973388671875
0.288421630859375 -0.07208251953125 0.278732299804688 -0.1409912109375
0.29425048828125 -0.110321044921875 0.283203125 -0.149627685546875
0.284088134765625 -0.016357421875 0.225570678710938 -0.087921142578125
0.282745361328125 0.108551025390625 0.0991134643554688 -0.0578765869140625
0.215301513671875 0.240127563476563 0.0500259399414063 -0.129707336425781
-0.00872802734374996 0.37677001953125 0.0659027099609375 -0.26177978515625
-0.13787841796875 0.37774658203125 0.145904541015625 -0.437957763671875
-0.27142333984375 0.272872924804688 0.411590576171875 -0.546844482421875
-0.426513671875 0.443084716796875 -0.0268096923828125 -0.23931884765625
-0.295562744140625 0.48040771484375 -0.017333984375 -0.185836791992187
-0.1016845703125 0.6102294921875 -0.0741729736328125 -0.0262527465820312
0.19281005859375 0.478057861328125 -0.0222702026367187 0.0514297485351563
0.335418701171875 0.3248291015625 0.039459228515625 0.143661499023438
0.4222412109375 0.052215576171875 0.1845703125 0.067230224609375
0.414215087890625 -0.114959716796875 0.2127685546875 -0.051361083984375
0.402496337890625 -0.08355712890625 0.15087890625 -0.086578369140625
0.4151611328125 -0.150543212890625 0.161666870117188 -0.104934692382813
0.4014892578125 -0.0416259765625 0.109062194824219 -0.075347900390625
0.415924072265625 0.12567138671875 0.00771331787109378 -0.0444793701171875
0.345703125 0.29534912109375 -0.02630615234375 -0.124771118164062
0.06829833984375 0.520355224609375 -0.00506591796875 -0.255462646484375
-0.101715087890625 0.5517578125 0.08978271484375 -0.388397216796875
-0.3101806640625 0.457366943359375 0.29962158203125 -0.461700439453125
-0.425079345703125 0.527679443359375 -0.157791137695313 -0.0940399169921875
-0.31109619140625 0.548614501953125 -0.0759429931640625 -0.084869384765625
-0.1168212890625 0.68988037109375 -0.104011535644531 -0.0194168090820312
0.197479248046875 0.55609130859375 -0.0834274291992188 0.0250625610351563
0.357635498046875 0.40179443359375 -0.0582656860351562 0.108650207519531
0.482330322265625 0.10174560546875 0.0460739135742188 0.0626907348632813
0.472412109375 -0.0987548828125 0.0522270202636719 0.00274658203124999
0.455078125 -0.082794189453125 0.000549316406250029 -0.0170888900756836
0.472900390625 -0.168426513671875 0.0207633972167969 -0.0352706909179688
0.45965576171875 -0.0606689453125 -0.0241317749023437 -0.0354766845703125
0.49017333984375 0.12542724609375 -0.0876846313476562 -0.00970458984375
0.425628662109375 0.309722900390625 -0.0978469848632812 -0.0957260131835937
0.1341552734375 0.586669921875 -0.0599212646484375 -0.21160888671875
-0.0521850585937499 0.637939453125 0.05096435546875 -0.277786254882813
-0.3028564453125 0.5655517578125 0.178863525390625 -0.3052978515625
-0.349212646484375 0.537017822265625 -0.29498291015625 0.075653076171875
-0.251495361328125 0.54425048828125 -0.145523071289063 0.03875732421875
-0.08013916015625 0.64971923828125 -0.132797241210938 0.00302124023437504
0.19281005859375 0.5225830078125 -0.14105224609375 0.00358581542968756
0.332977294921875 0.389434814453125 -0.151779174804687 0.059326171875
0.462127685546875 0.117645263671875 -0.105712890625 0.0468826293945313
0.454803466796875 -0.076202392578125 -0.121261596679687 0.0560150146484375
0.43701171875 -0.0693359375 -0.149871826171875 0.0573883056640625
0.458770751953125 -0.15191650390625 -0.122467041015625 0.0456619262695313
0.44122314453125 -0.052825927734375 -0.154388427734375 0.0177001953125
0.47247314453125 0.126007080078125 -0.172714233398437 0.0307159423828125
0.411895751953125 0.29034423828125 -0.15142822265625 -0.054901123046875
0.145782470703125 0.554779052734375 -0.0863494873046875 -0.144485473632812
-0.01861572265625 0.6103515625 0.0340347290039062 -0.127151489257812
-0.25732421875 0.57373046875 0.0660247802734375 -0.106231689453125
-0.212310791015625 0.469696044921875 -0.40447998046875 0.251190185546875
-0.135040283203125 0.453369140625 -0.205657958984375 0.168716430664063
-0.01116943359375 0.48956298828125 -0.153518676757813 0.0421905517578125
0.168975830078125 0.381195068359375 -0.181915283203125 0.00531005859375004
0.2587890625 0.2916259765625 -0.215789794921875 0.019866943359375
0.36602783203125 0.0941162109375 -0.23638916015625 0.035125732421875
0.362884521484375 -0.050018310546875 -0.272994995117188 0.106796264648437
0.350341796875 -0.0452880859375 -0.2772216796875 0.125289916992187
0.3740234375 -0.10089111328125 -0.250030517578125 0.115798950195313
0.350494384765625 -0.015411376953125 -0.262619018554688 0.0577392578125001
0.36041259765625 0.131591796875 -0.233840942382812 0.04925537109375
0.29705810546875 0.243927001953125 -0.180419921875 -0.0265350341796874
0.092376708984375 0.426788330078125 -0.0876998901367188 -0.0780563354492187
-0.00753784179687505 0.471588134765625 0.0266647338867188 0.0230064392089844
-0.18011474609375 0.480560302734375 -0.0324172973632813 0.093292236328125
-0.0491943359375 0.32513427734375 -0.4644775390625 0.40765380859375
-0.00747680664062501 0.293182373046875 -0.239288330078125 0.288543701171875
0.049774169921875 0.258682250976563 -0.155120849609375 0.0953369140625
0.115036010742187 0.187698364257812 -0.192230224609375 0.033416748046875
0.148101806640625 0.150360107421875 -0.236221313476562 0.00227355957031248
0.214401245117188 0.0516357421875 -0.31768798828125 0.0368041992187499
0.214187622070313 -0.019775390625 -0.374542236328125 0.150543212890625
0.210113525390625 -0.012908935546875 -0.3614501953125 0.17547607421875
0.233306884765625 -0.0312957763671875 -0.345733642578125 0.15753173828125
0.206527709960938 0.030303955078125 -0.335479736328125 0.064544677734375
0.188186645507813 0.1224365234375 -0.260711669921875 0.030059814453125
0.1265869140625 0.161834716796875 -0.181991577148438 -0.0220489501953125
0.017974853515625 0.226226806640625 -0.0750961303710938 -0.0284194946289063
0.003509521484375 0.255355834960938 0.0149383544921875 0.140609741210938
-0.07427978515625 0.306060791015625 -0.108169555664063 0.254547119140625
0.10504150390625 0.123527526855469 -0.471160888671875 0.524322509765625
0.0914382934570312 0.0938262939453125 -0.236602783203125 0.38720703125
0.0734939575195313 0.014678955078125 -0.129745483398438 0.155014038085938
0.0339374542236328 -0.00110816955566406 -0.164108276367188 0.07550048828125
0.018218994140625 0.0117950439453125 -0.21453857421875 0.00227355957031249
0.0382499694824219 0.0144844055175781 -0.340362548828125 0.0506286621093751
0.0354347229003906 0.0197792053222656 -0.410247802734375 0.181427001953125
0.0379409790039063 0.020660400390625 -0.39202880859375 0.196990966796875
0.0578994750976563 0.0357894897460937 -0.393463134765625 0.1622314453125
0.0361289978027344 0.0564918518066406 -0.3621826171875 0.03802490234375
0.00283050537109375 0.0759124755859375 -0.25048828125 -0.01837158203125
-0.0369987487792969 0.0375823974609375 -0.158737182617188 -0.0384521484375
-0.0234470367431641 -0.0100765228271484 -0.0540390014648438 0.0012054443359375
0.0443534851074219 0.0109672546386719 -0.00224304199218751 0.209121704101562
0.05670166015625 0.0941009521484375 -0.149749755859375 0.35052490234375
-0.224014282226563 0.130020141601563 0.091552734375 -0.399627685546875
-0.106887817382813 0.187820434570313 -0.00198364257812502 -0.275131225585938
0.0275421142578125 0.227890014648437 -0.00974082946777343 -0.00692653656005858
0.137748718261719 0.13037109375 0.0963668823242188 0.0585479736328125
0.16766357421875 0.03277587890625 0.201202392578125 0.0998687744140625
0.124832153320313 -0.069610595703125 0.3363037109375 -0.012359619140625
0.107002258300781 -0.100387573242188 0.383758544921875 -0.174163818359375
0.119293212890625 -0.0595016479492188 0.34893798828125 -0.195709228515625
0.115310668945313 -0.0723190307617188 0.35223388671875 -0.186767578125
0.12506103515625 -0.0194778442382813 0.304473876953125 -0.092041015625
0.132217407226563 0.0419158935546875 0.17071533203125 -0.0558624267578125
0.09857177734375 0.131782531738281 0.108810424804687 -0.113540649414062
-0.0336761474609375 0.187942504882813 0.112594604492188 -0.235031127929687
-0.111709594726562 0.1668701171875 0.166046142578125 -0.429840087890625
-0.171981811523438 0.0725860595703125 0.4522705078125 -0.57647705078125
-0.32244873046875 0.323333740234375 0.05523681640625 -0.348541259765625
-0.190216064453125 0.357879638671875 0.000106811523437483 -0.253997802734375
-0.00918579101562497 0.438690185546875 -0.0386543273925781 -0.0172920227050781
0.19427490234375 0.3011474609375 0.0437469482421875 0.0620918273925781
0.278305053710938 0.165252685546875 0.138259887695313 0.135040283203125
0.28704833984375 -0.032745361328125 0.2857666015625 0.02789306640625
0.268768310546875 -0.134078979492188 0.324249267578125 -0.125701904296875
0.274322509765625 -0.091796875 0.26971435546875 -0.155868530273438
0.275344848632813 -0.12994384765625 0.273147583007813 -0.164520263671875
0.274658203125 -0.0373077392578125 0.221237182617188 -0.0963134765625
0.2850341796875 0.08349609375 0.0962905883789063 -0.0565109252929687
0.232086181640625 0.220458984375 0.0410919189453125 -0.126380920410156
0.0234375 0.372711181640625 0.045623779296875 -0.260086059570313
-0.101593017578125 0.38006591796875 0.1126708984375 -0.439788818359375
-0.24530029296875 0.2943115234375 0.3687744140625 -0.559661865234375
-0.387359619140625 0.46954345703125 -0.0300445556640625 -0.237945556640625
-0.259124755859375 0.487518310546875 -0.0234527587890625 -0.186492919921875
-0.0550537109375 0.6055908203125 -0.0670928955078125 -0.0187644958496093
0.2193603515625 0.45172119140625 -0.0122795104980469 0.0508842468261719
0.350677490234375 0.294036865234375 0.055145263671875 0.137504577636719
0.411712646484375 0.022369384765625 0.18878173828125 0.0509033203125
0.392364501953125 -0.14068603515625 0.209686279296875 -0.06634521484375
0.388275146484375 -0.10931396484375 0.14776611328125 -0.0923614501953125
0.392913818359375 -0.17730712890625 0.157241821289063 -0.112350463867188
0.3873291015625 -0.069580078125 0.106910705566406 -0.0757904052734375
0.416473388671875 0.09307861328125 0.0090751647949219 -0.0368461608886719
0.361358642578125 0.26708984375 -0.0315170288085937 -0.115341186523437
0.107269287109375 0.51104736328125 -0.021697998046875 -0.247344970703125
-0.05694580078125 0.547576904296875 0.06243896484375 -0.38482666015625
-0.274871826171875 0.47784423828125 0.264801025390625 -0.46502685546875
-0.386138916015625 0.553131103515625 -0.14752197265625 -0.083526611328125
-0.27276611328125 0.5609130859375 -0.0723724365234375 -0.080810546875
-0.06756591796875 0.6875 -0.093963623046875 -0.00749206542968747
0.229583740234375 0.532318115234375 -0.0704193115234375 0.0304489135742188
0.3800048828125 0.37066650390625 -0.0415573120117187 0.109695434570313
0.4759521484375 0.06951904296875 0.0534629821777344 0.0548248291015625
0.453582763671875 -0.12896728515625 0.0555801391601563 -0.00243759155273438
0.4420166015625 -0.111480712890625 0.00483036041259768 -0.0131654739379883
0.451141357421875 -0.197998046875 0.0229549407958985 -0.0343818664550781
0.443359375 -0.089996337890625 -0.0211257934570312 -0.0282669067382813
0.48919677734375 0.091094970703125 -0.0817947387695312 0.00270080566406251
0.439208984375 0.277069091796875 -0.0977706909179687 -0.0815582275390625
0.1727294921875 0.57086181640625 -0.06951904296875 -0.198562622070312
-0.00720214843750006 0.62744140625 0.033721923828125 -0.271331787109375
-0.2635498046875 0.583984375 0.157257080078125 -0.301422119140625
-0.31549072265625 0.556549072265625 -0.273056030273438 0.0945434570312501
-0.21759033203125 0.554290771484375 -0.1326904296875 0.0489730834960938
-0.0357666015625 0.65087890625 -0.120002746582031 0.0183029174804688
0.222320556640625 0.503143310546875 -0.127067565917969 0.0143280029296876
0.35491943359375 0.364654541015625 -0.136383056640625 0.06689453125
0.461761474609375 0.0869140625 -0.09747314453125 0.04840087890625
0.44110107421875 -0.104461669921875 -0.111763000488281 0.06231689453125
0.426971435546875 -0.096221923828125 -0.138389587402344 0.0703582763671875
0.439117431640625 -0.180084228515625 -0.112533569335937 0.0549087524414062
0.428863525390625 -0.079254150390625 -0.145782470703125 0.0321502685546875
0.4722900390625 0.092987060546875 -0.162261962890625 0.046539306640625
0.422760009765625 0.260467529296875 -0.146820068359375 -0.0386505126953125
0.1795654296875 0.539764404296875 -0.08978271484375 -0.130302429199219
0.0224609375 0.60009765625 0.028228759765625 -0.121719360351562
-0.21966552734375 0.587158203125 0.059967041015625 -0.0978317260742187
-0.188079833984375 0.478973388671875 -0.370025634765625 0.275634765625
-0.111358642578125 0.4581298828125 -0.183639526367188 0.183685302734375
0.01837158203125 0.4921875 -0.138153076171875 0.058837890625
0.189666748046875 0.36944580078125 -0.168014526367188 0.0183258056640625
0.277206420898438 0.2752685546875 -0.204208374023437 0.031158447265625
0.367401123046875 0.07196044921875 -0.228012084960937 0.0456390380859375
0.3553466796875 -0.0736083984375 -0.257858276367188 0.123077392578125
0.34661865234375 -0.065765380859375 -0.259552001953125 0.14483642578125
0.362884521484375 -0.1234130859375 -0.233871459960937 0.132476806640625
0.344512939453125 -0.03558349609375 -0.251144409179688 0.0767059326171876
0.364288330078125 0.1072998046875 -0.220565795898437 0.066986083984375
0.30792236328125 0.224517822265625 -0.172805786132812 -0.00839233398437502
0.1160888671875 0.41864013671875 -0.0868911743164062 -0.065032958984375
0.018951416015625 0.46490478515625 0.0311183929443359 0.0267257690429688
-0.1534423828125 0.4879150390625 -0.0240554809570313 0.105087280273438
-0.038238525390625 0.322021484375 -0.422576904296875 0.4337158203125
0.00250244140625002 0.28973388671875 -0.209747314453125 0.30523681640625
0.05999755859375 0.25830078125 -0.13702392578125 0.111091613769531
0.12274169921875 0.182388305664063 -0.176986694335938 0.0457305908203125
0.1572265625 0.144302368164063 -0.227615356445313 0.0133819580078125
0.218353271484375 0.0417633056640625 -0.309600830078125 0.052490234375
0.213577270507813 -0.0324859619140625 -0.356231689453125 0.1737060546875
0.2119140625 -0.0244598388671875 -0.34130859375 0.198699951171875
0.232559204101563 -0.0448150634765625 -0.32684326171875 0.178955078125
0.208648681640625 0.0195770263671875 -0.322723388671875 0.08697509765625
0.196701049804688 0.112197875976562 -0.249969482421875 0.0481109619140625
0.135589599609375 0.157455444335938 -0.17529296875 -0.00503540039062499
0.02789306640625 0.227813720703125 -0.07196044921875 -0.01763916015625
0.012176513671875 0.252532958984375 0.0264739990234375 0.142654418945313
-0.0628662109375 0.3087158203125 -0.0898590087890625 0.266921997070313
0.101203918457031 0.110877990722656 -0.42449951171875 0.54766845703125
0.0887527465820313 0.0860748291015625 -0.201416015625 0.402069091796875
0.0659942626953125 0.0135650634765625 -0.110214233398438 0.164840698242188
0.0298385620117188 0.00232505798339844 -0.148391723632813 0.0841217041015625
0.0176944732666016 0.0164718627929688 -0.210205078125 0.011260986328125
0.0431327819824219 0.0174140930175781 -0.333404541015625 0.0683898925781251
0.0427093505859375 0.0193214416503906 -0.39154052734375 0.20684814453125
0.0450096130371094 0.0204391479492187 -0.3714599609375 0.221038818359375
0.0667610168457031 0.0326576232910156 -0.37506103515625 0.186004638671875
0.0456428527832031 0.0559577941894531 -0.352325439453125 0.061492919921875
0.0132217407226563 0.0789794921875 -0.2449951171875 -0.00114440917968753
-0.0317420959472656 0.047027587890625 -0.155746459960938 -0.0238037109375
-0.0293407440185547 0.000818252563476564 -0.0514373779296875 0.0100021362304687
0.0347099304199219 0.0128421783447266 0.01165771484375 0.210891723632813
0.0506057739257812 0.0898971557617188 -0.12750244140625 0.36212158203125
-0.205047607421875 0.138992309570313 0.08056640625 -0.40460205078125
-0.0946502685546875 0.183685302734375 -0.013671875 -0.27667236328125
0.0373687744140625 0.215133666992188 -0.00752735137939453 -0.00995254516601561
0.136917114257813 0.115486145019531 0.095916748046875 0.0515365600585938
0.161453247070313 0.019989013671875 0.201889038085937 0.0894775390625
0.111381530761719 -0.0731201171875 0.330352783203125 -0.024993896484375
0.09405517578125 -0.100608825683594 0.371856689453125 -0.187957763671875
0.110313415527344 -0.063873291015625 0.338226318359375 -0.20831298828125
0.104949951171875 -0.0772018432617187 0.342254638671875 -0.199127197265625
0.118522644042969 -0.0261001586914063 0.301025390625 -0.09991455078125
0.130805969238281 0.0321273803710938 0.168167114257813 -0.05682373046875
0.106826782226563 0.122627258300781 0.101448059082031 -0.114143371582031
-0.018585205078125 0.1854248046875 0.0967559814453125 -0.236740112304687
-0.0941619873046875 0.168304443359375 0.141204833984375 -0.431365966796875
-0.159881591796875 0.08367919921875 0.419189453125 -0.58599853515625
-0.29779052734375 0.33636474609375 0.04931640625 -0.35205078125
-0.170562744140625 0.355926513671875 -0.00782775878906252 -0.25579833984375
0.010650634765625 0.42633056640625 -0.0337581634521484 -0.0168018341064453
0.19964599609375 0.283203125 0.0474739074707031 0.0567703247070313
0.277252197265625 0.147262573242188 0.145294189453125 0.126449584960938
0.272628784179688 -0.0438690185546875 0.28399658203125 0.015655517578125
0.2518310546875 -0.141311645507813 0.31634521484375 -0.13848876953125
0.2630615234375 -0.102508544921875 0.262969970703125 -0.163681030273438
0.261367797851563 -0.140548706054688 0.266616821289063 -0.17291259765625
0.26580810546875 -0.0496063232421875 0.219512939453125 -0.0995635986328125
0.2838134765625 0.067474365234375 0.0961990356445313 -0.0532608032226562
0.241668701171875 0.20684814453125 0.0363922119140625 -0.122962951660156
0.0450439453125 0.3677978515625 0.0322723388671875 -0.257125854492188
-0.07720947265625 0.378448486328125 0.0906372070312501 -0.4366455078125
-0.226409912109375 0.308349609375 0.34210205078125 -0.562103271484375
-0.358489990234375 0.484405517578125 -0.0279388427734375 -0.238662719726562
-0.2332763671875 0.48870849609375 -0.026214599609375 -0.187896728515625
-0.0280151367187501 0.59735107421875 -0.0587158203125 -0.0149383544921875
0.230255126953125 0.4317626953125 -0.00458908081054687 0.0484428405761719
0.356536865234375 0.272430419921875 0.0660476684570313 0.131561279296875
0.39935302734375 0.00665283203125 0.19061279296875 0.040557861328125
0.37408447265625 -0.154754638671875 0.206695556640625 -0.075286865234375
0.376739501953125 -0.124786376953125 0.14678955078125 -0.094970703125
0.374908447265625 -0.192962646484375 0.154983520507813 -0.115737915039063
0.3763427734375 -0.08343505859375 0.107658386230469 -0.074676513671875
0.413909912109375 0.0721435546875 0.0119800567626953 -0.0300693511962891
0.370452880859375 0.248687744140625 -0.0325164794921875 -0.108314514160156
0.130279541015625 0.5001220703125 -0.0305328369140625 -0.240264892578125
-0.029388427734375 0.540283203125 0.0457763671875 -0.37939453125
-0.249664306640625 0.488616943359375 0.24420166015625 -0.461578369140625
-0.35955810546875 0.565185546875 -0.137229919433594 -0.0794677734375
-0.248046875 0.5640869140625 -0.0683517456054688 -0.0791473388671875
-0.0355224609375 0.6846923828125 -0.0835418701171875 0.000404357910156293
0.246124267578125 0.512908935546875 -0.0600700378417969 0.031646728515625
0.390899658203125 0.350433349609375 -0.0289688110351562 0.107574462890625
0.469482421875 0.049652099609375 0.0573158264160157 0.0487594604492188
0.43743896484375 -0.14471435546875 0.0579032897949219 -0.00598144531250001
0.43157958984375 -0.127960205078125 0.00926399230957034 -0.00989913940429688
0.432891845703125 -0.21429443359375 0.0260047912597657 -0.0339088439941406
0.43060302734375 -0.10455322265625 -0.01727294921875 -0.0227317810058594
0.485382080078125 0.068939208984375 -0.0745620727539062 0.0121841430664063
0.447296142578125 0.2568359375 -0.0944137573242187 -0.0721588134765625
0.19622802734375 0.558929443359375 -0.073944091796875 -0.189788818359375
0.0205078125 0.6173095703125 0.023468017578125 -0.264862060546875
-0.23681640625 0.592529296875 0.144866943359375 -0.294708251953125
-0.294189453125 0.5673828125 -0.253463745117187 0.1036376953125
-0.196319580078125 0.556610107421875 -0.121597290039063 0.0537185668945313
-0.00659179687500004 0.648681640625 -0.106758117675781 0.02850341796875
0.24017333984375 0.4896240234375 -0.114646911621094 0.0180740356445313
0.37005615234375 0.3460693359375 -0.124748229980469 0.0693511962890625
0.45831298828125 0.068084716796875 -0.0926971435546874 0.0483779907226563
0.428436279296875 -0.12176513671875 -0.104522705078125 0.065582275390625
0.419891357421875 -0.1116943359375 -0.128791809082031 0.0784454345703125
0.4254150390625 -0.195709228515625 -0.104660034179687 0.0591506958007812
0.41796875 -0.093902587890625 -0.1385498046875 0.0410919189453125
0.4703369140625 0.072906494140625 -0.151840209960938 0.0574188232421875
0.4287109375 0.242523193359375 -0.140350341796875 -0.0279006958007813
0.19757080078125 0.5279541015625 -0.0898971557617187 -0.121482849121094
0.04461669921875 0.58856201171875 0.0250778198242188 -0.117240905761719
-0.1973876953125 0.59454345703125 0.0570144653320312 -0.0897979736328125
-0.17333984375 0.4825439453125 -0.3450927734375 0.28759765625
-0.098358154296875 0.45916748046875 -0.16632080078125 0.190567016601563
0.03717041015625 0.4918212890625 -0.12298583984375 0.0694961547851563
0.201812744140625 0.361236572265625 -0.15460205078125 0.024322509765625
0.28839111328125 0.265167236328125 -0.194442749023438 0.0365447998046876
0.36749267578125 0.0592041015625 -0.222686767578125 0.0503997802734375
0.34869384765625 -0.087005615234375 -0.247406005859375 0.132064819335938
0.3431396484375 -0.077850341796875 -0.246627807617187 0.1563720703125
0.353485107421875 -0.136077880859375 -0.221038818359375 0.140350341796875
0.33917236328125 -0.046783447265625 -0.240676879882813 0.0884857177734375
0.36474609375 0.09320068359375 -0.209426879882813 0.078033447265625
0.313568115234375 0.21307373046875 -0.164581298828125 0.0016937255859375
0.1285400390625 0.41265869140625 -0.0839462280273438 -0.0571823120117187
0.032806396484375 0.455413818359375 0.0349082946777344 0.0284843444824219
-0.13934326171875 0.491058349609375 -0.017547607421875 0.113739013671875
-0.03411865234375 0.319580078125 -0.392974853515625 0.446044921875
0.0068359375 0.288299560546875 -0.187835693359375 0.3135986328125
0.0662384033203125 0.25848388671875 -0.121475219726563 0.119300842285156
0.12799072265625 0.181304931640625 -0.163742065429688 0.050811767578125
0.162918090820313 0.141983032226563 -0.221817016601563 0.0189666748046875
0.219802856445313 0.0357513427734375 -0.305328369140625 0.061370849609375
0.213607788085938 -0.0403289794921875 -0.34405517578125 0.187042236328125
0.213470458984375 -0.032135009765625 -0.325897216796875 0.211944580078125
0.231185913085938 -0.0536346435546875 -0.311737060546875 0.190399169921875
0.209518432617187 0.01251220703125 -0.312774658203125 0.10040283203125
0.20147705078125 0.104782104492188 -0.239822387695313 0.0589141845703125
0.141738891601563 0.155075073242188 -0.167892456054688 0.00498962402343754
0.03314208984375 0.230697631835938 -0.0680923461914063 -0.0110816955566406
0.015716552734375 0.251022338867188 0.0342864990234375 0.143325805664063
-0.059326171875 0.309814453125 -0.0772705078125 0.275619506835938
0.0948867797851563 0.103469848632813 -0.39111328125 0.557281494140625
0.08465576171875 0.0814895629882813 -0.17645263671875 0.40838623046875
0.0604629516601563 0.0143280029296875 -0.094512939453125 0.169921875
0.0274257659912109 0.00626564025878906 -0.136650085449219 0.0870590209960937
0.0179176330566406 0.0210437774658203 -0.206832885742188 0.0147552490234375
0.0470924377441406 0.0196800231933594 -0.3284912109375 0.076995849609375
0.0488319396972656 0.017578125 -0.378448486328125 0.22113037109375
0.0519866943359375 0.0195465087890625 -0.3568115234375 0.234619140625
0.0736541748046875 0.0301895141601563 -0.360595703125 0.19873046875
0.0528411865234375 0.0543251037597656 -0.344207763671875 0.075592041015625
0.0217666625976562 0.080291748046875 -0.239288330078125 0.00961303710937503
-0.0260696411132812 0.0538978576660156 -0.151351928710938 -0.0140380859375
-0.0321292877197266 0.0107288360595703 -0.0481376647949219 0.0157051086425781
0.0271186828613281 0.0170307159423828 0.0209503173828125 0.21197509765625
0.0435867309570312 0.0884780883789063 -0.11248779296875 0.3695068359375
-0.193389892578125 0.145721435546875 0.074798583984375 -0.416961669921875
-0.0868682861328125 0.182037353515625 -0.02227783203125 -0.28216552734375
0.0435791015625 0.20904541015625 -0.0067138671875 -0.0122337341308594
0.136528015136719 0.107322692871094 0.0954437255859375 0.0471649169921875
0.157455444335937 0.0113677978515625 0.205612182617188 0.0849151611328125
0.101493835449219 -0.0754013061523438 0.331939697265625 -0.031219482421875
0.0851821899414063 -0.10040283203125 0.369049072265625 -0.200042724609375
0.105552673339844 -0.0669021606445313 0.33563232421875 -0.219512939453125
0.0983123779296875 -0.0812225341796875 0.34332275390625 -0.2100830078125
0.115470886230469 -0.0309066772460938 0.304840087890625 -0.10565185546875
0.131134033203125 0.0254058837890625 0.170013427734375 -0.0566253662109375
0.113800048828125 0.117813110351563 0.097747802734375 -0.115501403808594
-0.00823974609374998 0.185745239257813 0.0873565673828125 -0.239944458007813
-0.082916259765625 0.169647216796875 0.12677001953125 -0.436981201171875
-0.152313232421875 0.0933074951171875 0.4063720703125 -0.5975341796875
-0.284271240234375 0.347015380859375 0.0482788085937499 -0.363311767578125
-0.160675048828125 0.357391357421875 -0.0133514404296875 -0.261459350585938
0.023406982421875 0.423980712890625 -0.0296630859375 -0.0170269012451172
0.203369140625 0.274017333984375 0.05023193359375 0.0534591674804688
0.278900146484375 0.13726806640625 0.1524658203125 0.121826171875
0.264801025390625 -0.049957275390625 0.286865234375 0.008514404296875
0.242172241210938 -0.1456298828125 0.31585693359375 -0.149200439453125
0.259201049804688 -0.110000610351563 0.263900756835938 -0.171829223632813
0.2537841796875 -0.14971923828125 0.267913818359375 -0.181869506835937
0.262039184570313 -0.05731201171875 0.223251342773438 -0.102569580078125
0.28607177734375 0.05804443359375 0.0990829467773438 -0.0508346557617188
0.252044677734375 0.20050048828125 0.0347061157226563 -0.122329711914062
0.059783935546875 0.369232177734375 0.02374267578125 -0.258438110351563
-0.0618896484375 0.379608154296875 0.077392578125 -0.439697265625
-0.216094970703125 0.3216552734375 0.32965087890625 -0.56988525390625
-0.3438720703125 0.500152587890625 -0.0247650146484375 -0.246063232421875
-0.222747802734375 0.49517822265625 -0.0275726318359375 -0.1927490234375
-0.00946044921874994 0.5992431640625 -0.0517120361328125 -0.0128173828125
0.24163818359375 0.42431640625 0.00131988525390627 0.0460662841796875
0.364776611328125 0.2625732421875 0.0751724243164063 0.128204345703125
0.39593505859375 -0.0028076171875 0.1939697265625 0.034088134765625
0.365386962890625 -0.1627197265625 0.207839965820313 -0.08258056640625
0.374359130859375 -0.136138916015625 0.149993896484375 -0.0979766845703125
0.3680419921875 -0.2047119140625 0.15765380859375 -0.1212158203125
0.37286376953125 -0.0933837890625 0.111328125 -0.073944091796875
0.416290283203125 0.05963134765625 0.0164680480957031 -0.0247535705566406
0.38238525390625 0.24102783203125 -0.0323104858398437 -0.105010986328125
0.14764404296875 0.501678466796875 -0.0367279052734375 -0.237991333007812
-0.0120849609375 0.541534423828125 0.035125732421875 -0.38018798828125
-0.237274169921875 0.50665283203125 0.235137939453125 -0.46600341796875
-0.34722900390625 0.58355712890625 -0.129745483398438 -0.0821304321289062
-0.23565673828125 0.57623291015625 -0.06561279296875 -0.0810546875
-0.01397705078125 0.692138671875 -0.0734024047851563 0.00492858886718754
0.260650634765625 0.5096435546875 -0.0524139404296875 0.0306587219238282
0.40423583984375 0.341156005859375 -0.0200576782226562 0.106575012207031
0.4700927734375 0.038543701171875 0.0602531433105469 0.0445442199707031
0.4317626953125 -0.15496826171875 0.0606803894042969 -0.00848388671875001
0.431488037109375 -0.14056396484375 0.0142374038696289 -0.00778484344482423
0.426300048828125 -0.22802734375 0.0293464660644531 -0.0349178314208984
0.428009033203125 -0.11578369140625 -0.0128173828125 -0.0185031890869141
0.48931884765625 0.0546875 -0.0686759948730469 0.0195541381835937
0.457000732421875 0.24755859375 -0.0920791625976562 -0.0672225952148438
0.214385986328125 0.55987548828125 -0.07720947265625 -0.186141967773438
0.0367431640625 0.61865234375 0.0172576904296875 -0.2645263671875
-0.22406005859375 0.609619140625 0.140655517578125 -0.292938232421875
-0.28411865234375 0.583251953125 -0.2425537109375 0.10797119140625
-0.18780517578125 0.56829833984375 -0.114593505859375 0.0568389892578125
0.01214599609375 0.6585693359375 -0.09527587890625 0.0355377197265625
0.25421142578125 0.48834228515625 -0.106468200683594 0.019989013671875
0.3846435546875 0.341339111328125 -0.117630004882812 0.0706710815429688
0.4620361328125 0.058441162109375 -0.0903549194335937 0.0481033325195313
0.42572021484375 -0.133148193359375 -0.101531982421875 0.0684814453125
0.422088623046875 -0.124053955078125 -0.122459411621094 0.0852890014648437
0.420440673828125 -0.20843505859375 -0.100395202636719 0.0625
0.41632080078125 -0.10369873046875 -0.133888244628906 0.0479507446289062
0.473876953125 0.06146240234375 -0.144378662109375 0.0652008056640625
0.438568115234375 0.2349853515625 -0.135528564453125 -0.0223236083984375
0.21185302734375 0.529144287109375 -0.0905380249023437 -0.117233276367187
0.0574340820312501 0.5889892578125 0.02423095703125 -0.114891052246094
-0.1864013671875 0.60986328125 0.0576324462890625 -0.0832061767578125
-0.1707763671875 0.49310302734375 -0.331298828125 0.29791259765625
-0.092926025390625 0.467620849609375 -0.1556396484375 0.198562622070313
0.050628662109375 0.50146484375 -0.111160278320312 0.0775299072265625
0.213104248046875 0.3623046875 -0.146316528320313 0.027008056640625
0.301239013671875 0.26287841796875 -0.191131591796875 0.0391845703125
0.372711181640625 0.051727294921875 -0.223175048828125 0.0542449951171875
0.348388671875 -0.096435546875 -0.243804931640625 0.139755249023438
0.347076416015625 -0.08795166015625 -0.2391357421875 0.16693115234375
0.35394287109375 -0.14666748046875 -0.216827392578125 0.147506713867187
0.33978271484375 -0.0531005859375 -0.236083984375 0.097625732421875
0.371337890625 0.08489990234375 -0.202239990234375 0.0859985351562499
0.322540283203125 0.20928955078125 -0.159683227539062 0.00791931152343753
0.138641357421875 0.416259765625 -0.0825958251953125 -0.05352783203125
0.039794921875 0.457061767578125 0.0378379821777344 0.0311737060546875
-0.133941650390625 0.503265380859375 -0.0135421752929688 0.123397827148438
-0.035369873046875 0.324188232421875 -0.377593994140625 0.4600830078125
0.00814819335937503 0.292755126953125 -0.17364501953125 0.323089599609375
0.07147216796875 0.264144897460938 -0.109199523925781 0.126007080078125
0.13385009765625 0.183380126953125 -0.155853271484375 0.0534515380859375
0.170547485351562 0.143753051757813 -0.22113037109375 0.0217132568359376
0.225418090820313 0.0337371826171875 -0.306976318359375 0.0672912597656249
0.216278076171875 -0.0461883544921875 -0.340240478515625 0.19818115234375
0.219497680664063 -0.0377349853515625 -0.318939208984375 0.224029541015625
0.234970092773438 -0.059234619140625 -0.30633544921875 0.199981689453125
0.2137451171875 0.0091400146484375 -0.309722900390625 0.109649658203125
0.208709716796875 0.101272583007812 -0.235076904296875 0.066619873046875
0.149169921875 0.156326293945313 -0.164154052734375 0.0115966796875
0.0374298095703125 0.237808227539063 -0.0656852722167969 -0.00742721557617185
0.0166473388671875 0.254470825195313 0.0406341552734375 0.146408081054688
-0.0592041015625 0.318115234375 -0.069732666015625 0.28729248046875
0.0886154174804688 0.100624084472656 -0.37518310546875 0.5706787109375
0.0823211669921875 0.0810317993164063 -0.16131591796875 0.418060302734375
0.0575790405273438 0.0161857604980469 -0.0827178955078125 0.174057006835938
0.0273571014404297 0.00988960266113281 -0.129127502441406 0.0879058837890625
0.0194740295410156 0.0258541107177734 -0.208999633789063 0.01654052734375
0.051605224609375 0.0221939086914063 -0.331817626953125 0.0845947265625
0.0540428161621094 0.0161895751953125 -0.37530517578125 0.23297119140625
0.0580520629882812 0.0185127258300781 -0.351043701171875 0.247222900390625
0.08099365234375 0.0283126831054688 -0.356781005859375 0.210693359375
0.0595550537109375 0.0538291931152344 -0.34375 0.08526611328125
0.0289459228515625 0.0819778442382813 -0.23760986328125 0.0159912109375
-0.021331787109375 0.0597267150878906 -0.149200439453125 -0.00756835937500003
-0.0337638854980469 0.0199699401855469 -0.0461349487304687 0.0195350646972656
0.0213260650634766 0.0222072601318359 0.0280609130859375 0.215927124023437
0.0376358032226563 0.0911331176757813 -0.104736328125 0.38238525390625
-0.185546875 0.156387329101563 0.06707763671875 -0.43902587890625
-0.0822906494140625 0.184921264648438 -0.033447265625 -0.29339599609375
0.051605224609375 0.207565307617187 -0.005828857421875 -0.0150918960571289
0.138931274414063 0.101264953613281 0.0979461669921875 0.0436782836914063
0.156631469726562 0.0027313232421875 0.214584350585938 0.0794677734375
0.0944671630859375 -0.0790634155273438 0.340484619140625 -0.0413818359375
0.0791091918945312 -0.102195739746094 0.3720703125 -0.218994140625
0.102828979492187 -0.0722808837890625 0.339385986328125 -0.23883056640625
0.0931243896484375 -0.0868148803710938 0.3485107421875 -0.229736328125
0.114921569824219 -0.0363998413085938 0.314910888671875 -0.11712646484375
0.134185791015625 0.0203857421875 0.175048828125 -0.0606231689453125
0.123954772949219 0.114204406738281 0.0957870483398438 -0.120452880859375
0.00262451171875002 0.18927001953125 0.0776824951171875 -0.24835205078125
-0.073516845703125 0.17425537109375 0.112640380859375 -0.453094482421875
-0.1478271484375 0.104736328125 0.3961181640625 -0.62725830078125
-0.273406982421875 0.36920166015625 0.04241943359375 -0.383544921875
-0.152496337890625 0.3695068359375 -0.0223388671875 -0.273040771484375
0.03961181640625 0.430999755859375 -0.0262374877929688 -0.0178089141845703
0.21429443359375 0.270904541015625 0.0541496276855469 0.0508155822753906
0.287994384765625 0.128448486328125 0.162582397460938 0.11834716796875
0.262664794921875 -0.0577850341796875 0.29608154296875 -0.0010986328125
0.237503051757812 -0.154327392578125 0.32061767578125 -0.165130615234375
0.259918212890625 -0.121322631835938 0.268707275390625 -0.186386108398438
0.250595092773438 -0.162933349609375 0.273544311523438 -0.1981201171875
0.264846801757813 -0.0671234130859375 0.231826782226563 -0.111068725585937
0.294403076171875 0.047698974609375 0.104156494140625 -0.0507965087890625
0.26934814453125 0.196243286132812 0.0321197509765625 -0.125152587890625
0.07830810546875 0.37750244140625 0.0137939453125 -0.264923095703125
-0.047271728515625 0.389862060546875 0.06219482421875 -0.453399658203125
-0.206573486328125 0.34405517578125 0.3193359375 -0.594970703125
-0.332977294921875 0.531341552734375 -0.026336669921875 -0.26019287109375
-0.21197509765625 0.514495849609375 -0.032318115234375 -0.201309204101562
0.0144042968750001 0.6151123046875 -0.0448760986328125 -0.0112380981445312
0.258880615234375 0.425323486328125 0.00639724731445314 0.0442771911621094
0.38336181640625 0.255615234375 0.085540771484375 0.126922607421875
0.40118408203125 -0.014373779296875 0.202316284179688 0.0269012451171875
0.3643798828125 -0.176971435546875 0.212799072265625 -0.0938568115234375
0.3792724609375 -0.153106689453125 0.155227661132813 -0.10565185546875
0.3677978515625 -0.22296142578125 0.16180419921875 -0.131576538085938
0.37750244140625 -0.1072998046875 0.117706298828125 -0.076507568359375
0.429718017578125 0.04608154296875 0.0219001770019532 -0.0213546752929687
0.404296875 0.234588623046875 -0.0343093872070312 -0.106033325195313
0.172393798828125 0.51312255859375 -0.0460205078125 -0.24163818359375
0.00762939453125004 0.554412841796875 0.02252197265625 -0.388763427734375
-0.224945068359375 0.536865234375 0.22686767578125 -0.48187255859375
-0.336669921875 0.6180419921875 -0.12738037109375 -0.0858078002929687
-0.22540283203125 0.599609375 -0.0654220581054688 -0.0843353271484374
0.0137939453124999 0.71295166015625 -0.0638389587402344 0.00933837890625004
0.284149169921875 0.5142822265625 -0.0465545654296875 0.0308113098144532
0.43035888671875 0.33538818359375 -0.0120010375976562 0.107772827148438
0.48052978515625 0.02557373046875 0.0652046203613282 0.0412139892578125
0.434906005859375 -0.17315673828125 0.063751220703125 -0.0119514465332031
0.439971923828125 -0.160614013671875 0.0203037261962891 -0.00729560852050782
0.428497314453125 -0.249847412109375 0.0322799682617188 -0.0373916625976563
0.43414306640625 -0.13140869140625 -0.00872993469238279 -0.0156450271606445
0.503509521484375 0.039520263671875 -0.0628318786621093 0.0258445739746094
0.48199462890625 0.2401123046875 -0.09283447265625 -0.0648117065429687
0.24078369140625 0.5714111328125 -0.084747314453125 -0.186553955078125
0.0584716796875001 0.6324462890625 0.009368896484375 -0.268936157226562
-0.21075439453125 0.64410400390625 0.13616943359375 -0.299591064453125
-0.2763671875 0.61419677734375 -0.236740112304688 0.115875244140625
-0.177001953125 0.5938720703125 -0.109405517578125 0.0611648559570313
0.038818359375 0.68206787109375 -0.0836563110351562 0.042083740234375
0.279327392578125 0.494781494140625 -0.101943969726562 0.0217742919921875
0.410797119140625 0.34014892578125 -0.114097595214844 0.074462890625
0.476531982421875 0.046966552734375 -0.0912017822265625 0.0502471923828125
0.431915283203125 -0.149658203125 -0.099639892578125 0.0737228393554688
0.432525634765625 -0.143310546875 -0.117347717285156 0.0936508178710938
0.42633056640625 -0.2279052734375 -0.0984268188476562 0.067901611328125
0.42333984375 -0.11724853515625 -0.131568908691406 0.0562515258789062
0.489410400390625 0.046234130859375 -0.138938903808594 0.0746002197265625
0.46185302734375 0.2281494140625 -0.135139465332031 -0.017059326171875
0.236907958984375 0.54144287109375 -0.0953369140625 -0.115440368652344
0.07525634765625 0.60198974609375 0.0224761962890625 -0.115447998046875
-0.1751708984375 0.64105224609375 0.0581436157226562 -0.0791397094726562
-0.1649169921875 0.518310546875 -0.3236083984375 0.317047119140625
-0.084808349609375 0.4892578125 -0.146743774414062 0.209823608398438
0.071563720703125 0.51995849609375 -0.0990447998046875 0.0851287841796875
0.233001708984375 0.36920166015625 -0.142501831054688 0.0301971435546875
0.323486328125 0.263427734375 -0.191757202148438 0.044586181640625
0.386932373046875 0.0435791015625 -0.22821044921875 0.060943603515625
0.35595703125 -0.109649658203125 -0.24432373046875 0.153396606445312
0.3582763671875 -0.10296630859375 -0.235946655273437 0.182464599609375
0.3609619140625 -0.16217041015625 -0.21575927734375 0.159713745117187
0.3485107421875 -0.064056396484375 -0.23638916015625 0.109817504882812
0.38531494140625 0.0748291015625 -0.197616577148438 0.0964508056640625
0.341156005859375 0.207275390625 -0.1591796875 0.0145263671875
0.156280517578125 0.42919921875 -0.0846023559570312 -0.0505523681640625
0.051971435546875 0.469940185546875 0.0426368713378906 0.0336570739746094
-0.1265869140625 0.529052734375 -0.007568359375 0.136085510253906
-0.03363037109375 0.337371826171875 -0.36785888671875 0.485504150390625
0.0130615234375 0.304107666015625 -0.161773681640625 0.34014892578125
0.081939697265625 0.274734497070312 -0.0977554321289062 0.134269714355469
0.143936157226562 0.187820434570312 -0.151199340820313 0.0574798583984375
0.183731079101563 0.14642333984375 -0.225311279296875 0.0278472900390625
0.236587524414062 0.03045654296875 -0.315643310546875 0.077728271484375
0.223129272460937 -0.05438232421875 -0.34222412109375 0.216339111328125
0.228561401367188 -0.0464935302734375 -0.3173828125 0.24371337890625
0.244033813476562 -0.0696868896484375 -0.3070068359375 0.217529296875
0.222366333007813 0.0035400390625 -0.3123779296875 0.12469482421875
0.220779418945312 0.09832763671875 -0.233810424804688 0.0764923095703125
0.161453247070313 0.158950805664063 -0.163803100585938 0.01824951171875
0.0453033447265625 0.249359130859375 -0.0658645629882813 -0.0038948059082031
0.0201263427734375 0.264877319335938 0.048797607421875 0.151687622070313
-0.05731201171875 0.334136962890625 -0.060760498046875 0.30609130859375
0.0864028930664063 0.100456237792969 -0.363037109375 0.60205078125
0.0829696655273438 0.0817413330078125 -0.145538330078125 0.437225341796875
0.057159423828125 0.0175857543945313 -0.0720062255859375 0.180587768554688
0.0286312103271484 0.0122280120849609 -0.125045776367188 0.0916976928710938
0.0219345092773438 0.0305843353271484 -0.21551513671875 0.021575927734375
0.0576591491699219 0.0238265991210938 -0.3421630859375 0.096527099609375
0.0603790283203125 0.0148658752441406 -0.37774658203125 0.254150390625
0.0654716491699219 0.0167388916015625 -0.35107421875 0.268218994140625
0.0899581909179688 0.0256805419921875 -0.36029052734375 0.231353759765625
0.0672187805175781 0.0538253784179688 -0.350830078125 0.100250244140625
0.0370712280273438 0.0840682983398438 -0.240310668945312 0.02337646484375
-0.016632080078125 0.0663719177246094 -0.1502685546875 -0.00119018554687497
-0.0347042083740234 0.0293235778808594 -0.0453872680664062 0.0240097045898438
0.0177478790283203 0.0275955200195312 0.0380706787109375 0.224319458007813
0.0347061157226562 0.0967788696289062 -0.095703125 0.404571533203125
-0.174896240234375 0.17156982421875 0.0444030761718749 -0.466705322265625
-0.0731658935546875 0.191909790039063 -0.053375244140625 -0.30487060546875
0.0641326904296875 0.207534790039063 -0.00515079498291015 -0.0172090530395508
0.145431518554688 0.094024658203125 0.102165222167969 0.0375900268554688
0.156631469726563 -0.00909423828125 0.225906372070313 0.0691375732421875
0.0865097045898437 -0.0836944580078125 0.35174560546875 -0.061492919921875
0.07171630859375 -0.105758666992188 0.372406005859375 -0.249786376953125
0.099395751953125 -0.0802459716796875 0.33905029296875 -0.269805908203125
0.0863800048828125 -0.0944442749023438 0.350067138671875 -0.2620849609375
0.113906860351562 -0.044647216796875 0.32427978515625 -0.139923095703125
0.138481140136719 0.01116943359375 0.180099487304688 -0.0689239501953125
0.137344360351563 0.10833740234375 0.09039306640625 -0.129264831542969
0.017242431640625 0.193893432617188 0.0622406005859375 -0.26031494140625
-0.061004638671875 0.181900024414062 0.08538818359375 -0.474029541015625
-0.140434265136719 0.119598388671875 0.37164306640625 -0.672119140625
-0.25341796875 0.39886474609375 0.02471923828125 -0.407745361328125
-0.13525390625 0.3868408203125 -0.039703369140625 -0.2857666015625
0.067718505859375 0.4385986328125 -0.0229873657226562 -0.0189323425292969
0.233612060546875 0.264739990234375 0.0595855712890625 0.0465431213378906
0.301483154296875 0.113189697265625 0.176483154296875 0.110870361328125
0.262664794921875 -0.071502685546875 0.30804443359375 -0.018463134765625
0.231903076171875 -0.169677734375 0.32208251953125 -0.191925048828125
0.259933471679688 -0.141494750976563 0.269500732421875 -0.210723876953125
0.244552612304687 -0.182662963867187 0.27435302734375 -0.224319458007813
0.267791748046875 -0.0847015380859375 0.238967895507813 -0.127151489257813
0.30670166015625 0.03057861328125 0.109954833984375 -0.0544662475585938
0.293060302734375 0.185577392578125 0.02630615234375 -0.130546569824219
0.106903076171875 0.3863525390625 -0.003387451171875 -0.27276611328125
-0.02325439453125 0.403564453125 0.03515625 -0.47064208984375
-0.18927001953125 0.37384033203125 0.2958984375 -0.63336181640625
-0.307373046875 0.5721435546875 -0.0375518798828125 -0.276565551757812
-0.188629150390625 0.54376220703125 -0.0437469482421875 -0.211715698242187
0.0556640625 0.63262939453125 -0.0375862121582031 -0.0106010437011718
0.291351318359375 0.4227294921875 0.0125465393066406 0.0423049926757813
0.41021728515625 0.23883056640625 0.0990524291992188 0.123626708984375
0.408660888671875 -0.03564453125 0.21209716796875 0.0144195556640625
0.362579345703125 -0.20050048828125 0.216079711914063 -0.111465454101563
0.38299560546875 -0.181060791015625 0.159591674804688 -0.119308471679688
0.363006591796875 -0.2530517578125 0.16253662109375 -0.147628784179688
0.382354736328125 -0.1317138671875 0.123504638671875 -0.0844497680664063
0.4461669921875 0.021026611328125 0.0271701812744141 -0.0200004577636719
0.4354248046875 0.217071533203125 -0.0394973754882812 -0.1063232421875
0.21240234375 0.5224609375 -0.063140869140625 -0.244781494140625
0.0407714843750001 0.5712890625 -0.00128173828125002 -0.40081787109375
-0.198486328125 0.576416015625 0.208160400390625 -0.506500244140625
-0.30950927734375 0.664794921875 -0.130035400390625 -0.0885925292968749
-0.19818115234375 0.6346435546875 -0.0688705444335938 -0.0876312255859375
0.06170654296875 0.73876953125 -0.0532684326171875 0.0120315551757813
0.324462890625 0.513153076171875 -0.0413284301757812 0.03094482421875
0.467376708984375 0.321533203125 -0.00154876708984373 0.109451293945313
0.49560546875 0.000335693359375 0.0706405639648438 0.0366668701171875
0.4373779296875 -0.202178955078125 0.0681304931640625 -0.0171394348144531
0.446746826171875 -0.19354248046875 0.0256290435791016 -0.00819587707519533
0.426239013671875 -0.283477783203125 0.0335197448730469 -0.0415153503417969
0.4404296875 -0.158843994140625 -0.00470256805419919 -0.0134859085083008
0.522247314453125 0.010955810546875 -0.0564727783203125 0.0332603454589844
0.51641845703125 0.218719482421875 -0.0963134765625 -0.060699462890625
0.28515625 0.57977294921875 -0.0991668701171875 -0.184661865234375
0.0970458984375 0.64776611328125 -0.0056915283203125 -0.274627685546875
-0.17864990234375 0.68792724609375 0.125457763671875 -0.310943603515625
-0.2498779296875 0.65997314453125 -0.230758666992188 0.12884521484375
-0.150634765625 0.62841796875 -0.10430908203125 0.0670928955078125
0.08526611328125 0.70843505859375 -0.0706863403320313 0.0477828979492188
0.3179931640625 0.496978759765625 -0.0970535278320312 0.0251846313476563
0.450592041015625 0.32794189453125 -0.109161376953125 0.081634521484375
0.49639892578125 0.022735595703125 -0.0911331176757812 0.0546340942382812
0.43707275390625 -0.17852783203125 -0.0964126586914062 0.0821075439453125
0.442047119140625 -0.174957275390625 -0.110458374023437 0.105659484863281
0.42645263671875 -0.263153076171875 -0.09564208984375 0.0763015747070312
0.430389404296875 -0.144134521484375 -0.128555297851562 0.0685501098632812
0.509521484375 0.0177001953125 -0.132362365722656 0.0863113403320312
0.49285888671875 0.208740234375 -0.136344909667969 -0.00965881347656251
0.27960205078125 0.55072021484375 -0.1044921875 -0.11126708984375
0.11163330078125 0.61871337890625 0.0184249877929688 -0.117408752441406
-0.14569091796875 0.68310546875 0.0583877563476562 -0.0773773193359375
-0.145263671875 0.55194091796875 -0.308746337890625 0.34423828125
-0.061065673828125 0.5152587890625 -0.133270263671875 0.224945068359375
0.107330322265625 0.53863525390625 -0.0848464965820313 0.0931930541992188
0.264129638671875 0.37060546875 -0.138313293457031 0.036590576171875
0.355987548828125 0.25604248046875 -0.19244384765625 0.0550537109375
0.406097412109375 0.02484130859375 -0.233688354492187 0.07513427734375
0.362396240234375 -0.133697509765625 -0.241806030273438 0.174468994140625
0.368682861328125 -0.12896728515625 -0.226806640625 0.2047119140625
0.36590576171875 -0.19049072265625 -0.2109375 0.180252075195313
0.357574462890625 -0.0841064453125 -0.235198974609375 0.129684448242187
0.4034423828125 0.05474853515625 -0.193405151367188 0.110992431640625
0.3675537109375 0.195343017578125 -0.15899658203125 0.0250701904296875
0.18707275390625 0.439727783203125 -0.089385986328125 -0.0448226928710937
0.0773010253906249 0.485321044921875 0.0483779907226563 0.03515625
-0.101318359375 0.562744140625 0.00357055664062498 0.149200439453125
-0.022125244140625 0.35491943359375 -0.344696044921875 0.524505615234375
0.027496337890625 0.31707763671875 -0.13995361328125 0.362213134765625
0.101104736328125 0.283782958984375 -0.0830841064453125 0.142807006835938
0.1607666015625 0.188690185546875 -0.147552490234375 0.065155029296875
0.20330810546875 0.143096923828125 -0.230117797851562 0.0400848388671875
0.25091552734375 0.0196533203125 -0.3243408203125 0.09735107421875
0.230056762695312 -0.0688323974609375 -0.340057373046875 0.245635986328125
0.238388061523438 -0.0628509521484375 -0.309051513671875 0.27294921875
0.252700805664063 -0.0876617431640625 -0.302764892578125 0.2467041015625
0.232818603515625 -0.008026123046875 -0.314178466796875 0.148223876953125
0.23651123046875 0.0880889892578125 -0.2330322265625 0.0919342041015625
0.179901123046875 0.1580810546875 -0.164596557617188 0.028961181640625
0.0618438720703125 0.262924194335938 -0.06695556640625 0.00139617919921876
0.03167724609375 0.275711059570313 0.06195068359375 0.15692138671875
-0.04461669921875 0.355255126953125 -0.04144287109375 0.3291015625
0.087066650390625 0.100540161132813 -0.3350830078125 0.64276123046875
0.0869369506835938 0.0812606811523438 -0.119720458984375 0.462921142578125
0.0573844909667969 0.0176849365234375 -0.0571746826171875 0.188186645507813
0.0304203033447266 0.0130176544189453 -0.119331359863281 0.0989532470703125
0.0267066955566406 0.0340499877929688 -0.222702026367188 0.03350830078125
0.0659065246582031 0.0233421325683594 -0.351165771484375 0.11883544921875
0.0662422180175781 0.0111961364746094 -0.376190185546875 0.288360595703125
0.0728530883789063 0.0125350952148438 -0.3450927734375 0.299957275390625
0.100273132324219 0.0193939208984375 -0.358367919921875 0.264190673828125
0.0768814086914063 0.0506820678710938 -0.3568115234375 0.12591552734375
0.0469818115234375 0.0852813720703125 -0.245330810546875 0.037017822265625
-0.00952148437500001 0.072509765625 -0.152587890625 0.00865173339843748
-0.033599853515625 0.03936767578125 -0.0443153381347656 0.0290069580078125
0.0161838531494141 0.0336647033691406 0.053619384765625 0.231979370117188
0.035247802734375 0.102783203125 -0.073974609375 0.43145751953125
-0.157424926757812 0.186538696289063 0.00747680664062496 -0.48785400390625
-0.0586700439453125 0.19696044921875 -0.0816650390625 -0.308135986328125
0.081024169921875 0.2020263671875 -0.00505447387695312 -0.0193672180175781
0.15191650390625 0.0817108154296875 0.104995727539063 0.0284805297851563
0.153610229492188 -0.0229949951171875 0.234878540039063 0.0509796142578125
0.0758514404296875 -0.0887222290039063 0.35406494140625 -0.088897705078125
0.0616455078125 -0.108833312988281 0.359161376953125 -0.2855224609375
0.0921478271484375 -0.0888595581054688 0.322967529296875 -0.304779052734375
0.0756378173828125 -0.10211181640625 0.336944580078125 -0.299560546875
0.110641479492188 -0.0550994873046875 0.323974609375 -0.168914794921875
0.140869140625 -0.0008697509765625 0.181198120117188 -0.0810089111328125
0.150421142578125 0.0964813232421875 0.0806655883789063 -0.137420654296875
0.0353240966796875 0.19342041015625 0.03948974609375 -0.268997192382813
-0.0444488525390625 0.1871337890625 0.0455322265625 -0.488189697265625
-0.127784729003906 0.135177612304687 0.3203125 -0.7135009765625
-0.220703125 0.42718505859375 -0.00637817382812505 -0.4273681640625
-0.106536865234375 0.4019775390625 -0.06500244140625 -0.291717529296875
0.105072021484375 0.43902587890625 -0.0196437835693359 -0.0205802917480468
0.25537109375 0.249176025390625 0.0642738342285156 0.0402145385742188
0.313201904296875 0.08843994140625 0.189300537109375 0.097076416015625
0.255844116210938 -0.0904541015625 0.313751220703125 -0.0438232421875
0.2197265625 -0.186248779296875 0.313995361328125 -0.222808837890625
0.251296997070313 -0.164932250976563 0.2596435546875 -0.2381591796875
0.23028564453125 -0.205795288085938 0.263107299804688 -0.254837036132813
0.264205932617188 -0.10711669921875 0.238983154296875 -0.149307250976563
0.314056396484375 0.005889892578125 0.112251281738281 -0.061370849609375
0.316253662109375 0.16253662109375 0.0158538818359375 -0.1339111328125
0.142974853515625 0.38641357421875 -0.027740478515625 -0.275222778320313
0.010284423828125 0.4112548828125 -0.003814697265625 -0.48028564453125
-0.157318115234375 0.400634765625 0.24761962890625 -0.6669921875
-0.26202392578125 0.60919189453125 -0.0572509765625 -0.287322998046875
-0.14923095703125 0.56689453125 -0.061859130859375 -0.216262817382812
0.1114501953125 0.6395263671875 -0.0306015014648437 -0.0112247467041015
0.327423095703125 0.405426025390625 0.0182723999023438 0.0384445190429688
0.437774658203125 0.208099365234375 0.113502502441406 0.115203857421875
0.410064697265625 -0.066253662109375 0.218048095703125 -0.00433349609375
0.35101318359375 -0.229339599609375 0.212081909179688 -0.13311767578125
0.37542724609375 -0.21661376953125 0.156463623046875 -0.13568115234375
0.34466552734375 -0.286773681640625 0.155197143554688 -0.16571044921875
0.377410888671875 -0.163818359375 0.124465942382813 -0.0957794189453125
0.45556640625 -0.014801025390625 0.0320854187011719 -0.0201473236083984
0.46527099609375 0.185333251953125 -0.047607421875 -0.103988647460937
0.261962890625 0.51715087890625 -0.0850830078125 -0.240386962890625
0.089599609375 0.57757568359375 -0.033294677734375 -0.404937744140625
-0.150634765625 0.60986328125 0.171478271484375 -0.530059814453125
-0.2579345703125 0.70916748046875 -0.135246276855469 -0.0869216918945312
-0.15106201171875 0.66326904296875 -0.0757293701171875 -0.0876388549804687
0.128173828125 0.7474365234375 -0.0415382385253906 0.0122871398925782
0.3707275390625 0.49566650390625 -0.0350303649902344 0.0312576293945313
0.506072998046875 0.287078857421875 0.0112380981445313 0.108589172363281
0.50457763671875 -0.037841796875 0.0751419067382813 0.0294418334960937
0.4278564453125 -0.237640380859375 0.0692672729492188 -0.0241966247558594
0.4415283203125 -0.23516845703125 0.0308094024658203 -0.01129150390625
0.408477783203125 -0.324554443359375 0.0332908630371094 -0.0449562072753907
0.4344482421875 -0.1949462890625 -0.000777244567871068 -0.012293815612793
0.5316162109375 -0.03204345703125 -0.0479545593261718 0.0395965576171875
0.546783447265625 0.18011474609375 -0.100540161132812 -0.0536956787109375
0.3402099609375 0.57147216796875 -0.115219116210937 -0.176254272460937
0.14971923828125 0.65325927734375 -0.02606201171875 -0.2757568359375
-0.12359619140625 0.72430419921875 0.105072021484375 -0.321044921875
-0.202880859375 0.69769287109375 -0.219650268554688 0.145538330078125
-0.1036376953125 0.65667724609375 -0.0975341796875 0.074249267578125
0.1497802734375 0.71673583984375 -0.0557479858398437 0.0498809814453125
0.366180419921875 0.4818115234375 -0.0909881591796875 0.0299530029296875
0.491424560546875 0.295440673828125 -0.100257873535156 0.08929443359375
0.5106201171875 -0.016021728515625 -0.0897369384765625 0.0608062744140625
0.4310302734375 -0.21533203125 -0.0898590087890625 0.0911636352539063
0.439117431640625 -0.216339111328125 -0.0977401733398438 0.116676330566406
0.41131591796875 -0.3045654296875 -0.0886993408203125 0.08697509765625
0.427398681640625 -0.178192138671875 -0.120925903320312 0.0815048217773437
0.517425537109375 -0.02325439453125 -0.121475219726562 0.0986557006835938
0.522857666015625 0.171905517578125 -0.136016845703125 0.00157928466796877
0.3304443359375 0.543182373046875 -0.114280700683594 -0.100639343261719
0.15948486328125 0.62200927734375 0.0122299194335938 -0.117530822753906
-0.0911254882812501 0.716064453125 0.0571670532226562 -0.0760040283203124
-0.10626220703125 0.5804443359375 -0.2811279296875 0.372467041015625
-0.022918701171875 0.535369873046875 -0.112197875976563 0.23883056640625
0.15606689453125 0.544281005859375 -0.0673904418945312 0.0973358154296875
0.3001708984375 0.358551025390625 -0.132469177246094 0.0448379516601563
0.388397216796875 0.232574462890625 -0.18865966796875 0.0703125
0.419677734375 -0.006561279296875 -0.234054565429687 0.09295654296875
0.36041259765625 -0.165069580078125 -0.230087280273438 0.1976318359375
0.369049072265625 -0.163726806640625 -0.209716796875 0.227890014648438
0.358551025390625 -0.22576904296875 -0.198501586914063 0.20330810546875
0.359100341796875 -0.1123046875 -0.225677490234375 0.152740478515625
0.415679931640625 0.023040771484375 -0.182540893554687 0.1279296875
0.393157958984375 0.169830322265625 -0.155929565429687 0.0374755859375
0.228759765625 0.439544677734375 -0.0933837890625 -0.0351409912109375
0.113800048828125 0.4912109375 0.0554695129394531 0.0349922180175782
-0.06109619140625 0.591064453125 0.0205230712890625 0.159515380859375
0.00106811523437504 0.3695068359375 -0.30352783203125 0.56121826171875
0.0511474609375 0.325164794921875 -0.109100341796875 0.38006591796875
0.126007080078125 0.285125732421875 -0.0649871826171875 0.148483276367188
0.1800537109375 0.182327270507813 -0.14068603515625 0.0747222900390625
0.223007202148438 0.1318359375 -0.229827880859375 0.057586669921875
0.261856079101563 0.001220703125 -0.325836181640625 0.12432861328125
0.231124877929688 -0.0896148681640625 -0.32525634765625 0.280487060546875
0.242156982421875 -0.0854949951171875 -0.288665771484375 0.304443359375
0.253311157226563 -0.11279296875 -0.285919189453125 0.279327392578125
0.23931884765625 -0.0260009765625 -0.3070068359375 0.17864990234375
0.249725341796875 0.0711669921875 -0.226242065429687 0.111282348632813
0.1990966796875 0.147781372070313 -0.161544799804688 0.043182373046875
0.0868377685546875 0.2689208984375 -0.0670051574707031 0.00938796997070315
0.05126953125 0.28399658203125 0.07904052734375 0.156539916992188
-0.02008056640625 0.3731689453125 -0.012298583984375 0.3455810546875
0.090911865234375 0.098907470703125 -0.28485107421875 0.68341064453125
0.0925674438476563 0.077392578125 -0.078582763671875 0.480438232421875
0.0568885803222656 0.0157318115234375 -0.0382080078125 0.192428588867188
0.0317821502685547 0.0129489898681641 -0.110031127929687 0.106422424316406
0.0325660705566406 0.0361900329589844 -0.224563598632813 0.0501708984375
0.0739212036132812 0.0191879272460937 -0.351806640625 0.14892578125
0.072174072265625 0.0054168701171875 -0.36065673828125 0.326416015625
0.0792617797851563 0.00521087646484375 -0.324920654296875 0.334320068359375
0.109100341796875 0.00909423828125 -0.34136962890625 0.301849365234375
0.0860595703125 0.0450820922851562 -0.35357666015625 0.158782958984375
0.0573806762695313 0.0824432373046875 -0.245391845703125 0.0566253662109375
0.000694274902343758 0.076995849609375 -0.152191162109375 0.0224151611328125
-0.029052734375 0.0491256713867188 -0.0416183471679688 0.0346717834472656
0.016387939453125 0.0384101867675781 0.0760955810546875 0.234146118164063
0.03936767578125 0.106330871582031 -0.0377197265625 0.453155517578125
-0.134857177734375 0.1943359375 -0.03350830078125 -0.488739013671875
-0.0412750244140625 0.195846557617188 -0.1077880859375 -0.300201416015625
0.09576416015625 0.190292358398438 -0.00508880615234374 -0.0212345123291016
0.153076171875 0.0674285888671875 0.104484558105469 0.0186386108398438
0.144973754882813 -0.036865234375 0.235275268554688 0.0315399169921875
0.0628814697265625 -0.0897674560546875 0.345367431640625 -0.11669921875
0.0499420166015625 -0.109161376953125 0.330596923828125 -0.3133544921875
0.081085205078125 -0.0947418212890625 0.29296875 -0.329742431640625
0.0622100830078125 -0.104698181152344 0.307586669921875 -0.3277587890625
0.103034973144531 -0.0634231567382813 0.310638427734375 -0.1961669921875
0.138252258300781 -0.0135955810546875 0.175338745117188 -0.0925140380859375
0.1578369140625 0.080413818359375 0.06689453125 -0.140365600585938
0.0524749755859375 0.186859130859375 0.0141754150390625 -0.267013549804687
-0.0254669189453125 0.185272216796875 0.00195312499999997 -0.484283447265625
-0.109786987304688 0.145111083984375 0.2547607421875 -0.7315673828125
-0.1766357421875 0.4385986328125 -0.0427551269531251 -0.428558349609375
-0.0726318359375 0.403228759765625 -0.089691162109375 -0.2847900390625
0.141204833984375 0.42193603515625 -0.0161571502685547 -0.0225105285644531
0.269638061523438 0.224227905273438 0.066162109375 0.0315437316894531
0.313385009765625 0.05926513671875 0.195144653320313 0.07818603515625
0.240570068359375 -0.106353759765625 0.30804443359375 -0.0694580078125
0.199615478515625 -0.197708129882813 0.292236328125 -0.248382568359375
0.234085083007813 -0.183944702148438 0.238616943359375 -0.259872436523438
0.206710815429688 -0.220794677734375 0.239166259765625 -0.276580810546875
0.250778198242188 -0.127090454101563 0.229232788085938 -0.168548583984375
0.3099365234375 -0.020599365234375 0.110549926757813 -0.0672149658203125
0.3287353515625 0.1334228515625 0.00498199462890627 -0.131614685058594
0.175872802734375 0.3701171875 -0.051544189453125 -0.266006469726562
0.04547119140625 0.402618408203125 -0.04412841796875 -0.47052001953125
-0.117950439453125 0.4129638671875 0.18927001953125 -0.678466796875
-0.202392578125 0.62652587890625 -0.080535888671875 -0.28704833984375
-0.1004638671875 0.5711669921875 -0.0796966552734375 -0.211746215820312
0.1650390625 0.61993408203125 -0.0227680206298828 -0.0146751403808593
0.3551025390625 0.37213134765625 0.0225410461425781 0.0328788757324219
0.448211669921875 0.16607666015625 0.123420715332031 0.101470947265625
0.396209716796875 -0.0963134765625 0.215301513671875 -0.02349853515625
0.3265380859375 -0.252166748046875 0.199508666992188 -0.151473999023438
0.35333251953125 -0.24560546875 0.146484375 -0.1494140625
0.314300537109375 -0.311279296875 0.141220092773438 -0.178237915039063
0.359344482421875 -0.19146728515625 0.120307922363281 -0.105720520019531
0.4483642578125 -0.053131103515625 0.0358009338378907 -0.0210800170898438
0.476806640625 0.14227294921875 -0.05419921875 -0.097991943359375
0.30462646484375 0.49224853515625 -0.103378295898437 -0.226394653320312
0.13555908203125 0.5615234375 -0.065673828125 -0.393035888671875
-0.0931396484375 0.6201171875 0.12640380859375 -0.53302001953125
-0.1920166015625 0.72735595703125 -0.138877868652344 -0.08197021484375
-0.09613037109375 0.66998291015625 -0.0809860229492188 -0.0831604003906249
0.19256591796875 0.7269287109375 -0.0300731658935547 0.00867843627929692
0.4061279296875 0.460174560546875 -0.0285682678222656 0.0292015075683594
0.524993896484375 0.238616943359375 0.02294921875 0.104110717773438
0.493988037109375 -0.077301025390625 0.0754928588867188 0.0208740234375
0.402374267578125 -0.2685546875 0.0675430297851563 -0.0311088562011719
0.418609619140625 -0.270477294921875 0.0336132049560547 -0.0155525207519531
0.37384033203125 -0.35516357421875 0.0310325622558594 -0.0473861694335938
0.414337158203125 -0.226348876953125 0.00336074829101565 -0.0116443634033203
0.5225830078125 -0.076904296875 -0.0384750366210937 0.0430564880371094
0.556549072265625 0.13116455078125 -0.10137939453125 -0.0445022583007812
0.387939453125 0.540069580078125 -0.12646484375 -0.1597900390625
0.2000732421875 0.63232421875 -0.04632568359375 -0.26666259765625
-0.0596923828124999 0.7327880859375 0.079925537109375 -0.319976806640625
-0.14019775390625 0.71185302734375 -0.201263427734375 0.15625
-0.0506591796874999 0.65948486328125 -0.08819580078125 0.07891845703125
0.21209716796875 0.69683837890625 -0.0407905578613281 0.0469741821289063
0.403076171875 0.445343017578125 -0.0830535888671875 0.0326995849609375
0.513946533203125 0.248992919921875 -0.0884170532226562 0.0931930541992188
0.50299072265625 -0.0572509765625 -0.0855712890625 0.0662307739257812
0.408172607421875 -0.246978759765625 -0.0792999267578125 0.0973358154296875
0.418731689453125 -0.25286865234375 -0.0819168090820312 0.122047424316406
0.380645751953125 -0.335968017578125 -0.0773086547851562 0.0946807861328125
0.40789794921875 -0.210357666015625 -0.109024047851562 0.091400146484375
0.509521484375 -0.06622314453125 -0.106376647949219 0.106025695800781
0.531463623046875 0.126220703125 -0.131431579589844 0.0126800537109375
0.375946044921875 0.5130615234375 -0.118667602539062 -0.0852584838867187
0.20751953125 0.60400390625 0.00544738769531252 -0.114288330078125
-0.029052734375 0.72210693359375 0.0546340942382812 -0.0736160278320312
-0.0587158203125 0.587646484375 -0.242584228515625 0.388031005859375
0.0186462402343749 0.534149169921875 -0.0873870849609375 0.244140625
0.202392578125 0.52716064453125 -0.0504302978515625 0.09515380859375
0.327423095703125 0.33135986328125 -0.122467041015625 0.0512313842773438
0.40771484375 0.197906494140625 -0.17779541015625 0.0825042724609375
0.417510986328125 -0.04034423828125 -0.22637939453125 0.11065673828125
0.344482421875 -0.1922607421875 -0.209793090820312 0.215225219726562
0.35455322265625 -0.19512939453125 -0.183090209960938 0.2410888671875
0.33642578125 -0.2547607421875 -0.175323486328125 0.2188720703125
0.34771728515625 -0.139007568359375 -0.207275390625 0.170913696289063
0.413238525390625 -0.012054443359375 -0.165496826171875 0.139068603515625
0.404266357421875 0.134979248046875 -0.147659301757812 0.050079345703125
0.264923095703125 0.4205322265625 -0.092926025390625 -0.0231857299804687
0.151275634765625 0.47906494140625 0.0613327026367188 0.0319023132324219
-0.0106201171875 0.59539794921875 0.0387725830078125 0.162368774414063
0.02764892578125 0.369720458984375 -0.24755859375 0.57745361328125
0.074249267578125 0.32049560546875 -0.07171630859375 0.383056640625
0.148406982421875 0.274871826171875 -0.0465850830078125 0.146621704101563
0.19366455078125 0.167770385742188 -0.128425598144531 0.080963134765625
0.235183715820313 0.1138916015625 -0.22125244140625 0.0738525390625
0.26287841796875 -0.0209503173828125 -0.315155029296875 0.149566650390625
0.223602294921875 -0.10723876953125 -0.2972412109375 0.305999755859375
0.235580444335938 -0.107147216796875 -0.255889892578125 0.32489013671875
0.2440185546875 -0.135101318359375 -0.255584716796875 0.302154541015625
0.237167358398438 -0.045135498046875 -0.28704833984375 0.2041015625
0.253829956054688 0.049407958984375 -0.21197509765625 0.12640380859375
0.211868286132812 0.129913330078125 -0.152618408203125 0.055633544921875
0.110565185546875 0.263961791992188 -0.0636177062988281 0.0175247192382813
0.071929931640625 0.280899047851562 0.094085693359375 0.1500244140625
0.00863647460937503 0.37689208984375 0.02178955078125 0.348114013671875
0.0926361083984375 0.0937576293945313 -0.22021484375 0.69635009765625
0.0951461791992187 0.0698394775390625 -0.03424072265625 0.480224609375
0.05517578125 0.0134620666503906 -0.0197296142578125 0.189315795898438
0.0317859649658203 0.0126876831054688 -0.097198486328125 0.109947204589844
0.0376968383789063 0.0358428955078125 -0.21795654296875 0.0660705566406251
0.0791168212890625 0.0131759643554688 -0.34033203125 0.17694091796875
0.07464599609375 -0.0016021728515625 -0.328643798828125 0.3543701171875
0.08233642578125 -0.002471923828125 -0.290374755859375 0.35821533203125
0.112510681152344 -0.003814697265625 -0.308319091796875 0.32958984375
0.0917816162109375 0.036651611328125 -0.336822509765625 0.187713623046875
0.0662765502929688 0.0765151977539063 -0.2369384765625 0.073974609375
0.0102462768554688 0.0770950317382813 -0.145355224609375 0.035430908203125
-0.0216445922851562 0.0561370849609375 -0.0369453430175781 0.039794921875
0.0179214477539063 0.04266357421875 0.0969085693359375 0.226409912109375
0.0437698364257813 0.107368469238281 0.00347900390624998 0.455535888671875
-0.114852905273438 0.194442749023437 -0.0643920898437501 -0.477691650390625
-0.0284271240234375 0.190048217773438 -0.123443603515625 -0.2862548828125
0.103775024414063 0.17608642578125 -0.00462150573730468 -0.0228843688964844
0.149917602539062 0.0553741455078125 0.1002197265625 0.0106582641601563
0.133735656738281 -0.0447921752929688 0.22906494140625 0.0169525146484375
0.052093505859375 -0.0857620239257813 0.33111572265625 -0.13287353515625
0.0413970947265625 -0.104721069335937 0.30242919921875 -0.32635498046875
0.0713882446289063 -0.0954437255859375 0.264678955078125 -0.3397216796875
0.050933837890625 -0.102943420410156 0.278228759765625 -0.33978271484375
0.0944747924804688 -0.0674209594726563 0.294097900390625 -0.21148681640625
0.132858276367188 -0.0223159790039063 0.1685791015625 -0.0977630615234375
0.159530639648437 0.066650390625 0.055755615234375 -0.139007568359375
0.063568115234375 0.177139282226563 -0.00430297851562502 -0.257888793945313
-0.0127105712890625 0.179107666015625 -0.02850341796875 -0.46826171875
-0.093170166015625 0.148178100585938 0.20050048828125 -0.72271728515625
-0.14105224609375 0.43487548828125 -0.068084716796875 -0.41943359375
-0.047698974609375 0.39410400390625 -0.105377197265625 -0.272430419921875
0.163177490234375 0.39813232421875 -0.0125961303710937 -0.026529312133789
0.272491455078125 0.200912475585938 0.0652694702148438 0.0247535705566406
0.30389404296875 0.037872314453125 0.194320678710938 0.063323974609375
0.224105834960938 -0.113357543945313 0.295989990234375 -0.085784912109375
0.18133544921875 -0.200454711914063 0.268203735351563 -0.2615966796875
0.215423583984375 -0.192672729492188 0.2171630859375 -0.268295288085938
0.184066772460938 -0.223724365234375 0.215850830078125 -0.285797119140625
0.235336303710937 -0.137283325195313 0.21710205078125 -0.17901611328125
0.2996826171875 -0.038330078125 0.10772705078125 -0.0703277587890625
0.329132080078125 0.10858154296875 -0.00285339355468749 -0.127281188964844
0.194793701171875 0.350555419921875 -0.065948486328125 -0.252365112304687
0.06829833984375 0.38763427734375 -0.071258544921875 -0.45147705078125
-0.0850830078125 0.410858154296875 0.14178466796875 -0.66650390625
-0.15667724609375 0.6207275390625 -0.09564208984375 -0.280685424804687
-0.0648193359375 0.5604248046875 -0.09027099609375 -0.20269775390625
0.2000732421875 0.58819580078125 -0.0171165466308594 -0.0201663970947265
0.364990234375 0.339202880859375 0.0246372222900391 0.0270099639892578
0.443695068359375 0.132476806640625 0.1268310546875 0.0886459350585938
0.37640380859375 -0.1146240234375 0.20758056640625 -0.0361480712890625
0.30126953125 -0.260711669921875 0.185226440429688 -0.161529541015625
0.32904052734375 -0.261016845703125 0.135147094726563 -0.15625
0.282623291015625 -0.319610595703125 0.127914428710938 -0.183456420898438
0.337615966796875 -0.20587158203125 0.115013122558594 -0.111404418945313
0.43194580078125 -0.078338623046875 0.0386238098144531 -0.0216827392578125
0.472900390625 0.10736083984375 -0.057159423828125 -0.0910797119140625
0.3291015625 0.4619140625 -0.1119384765625 -0.209945678710937
0.164459228515625 0.537078857421875 -0.085479736328125 -0.375274658203125
-0.0496826171874999 0.613037109375 0.0920410156250001 -0.51983642578125
-0.1392822265625 0.718505859375 -0.138786315917969 -0.0769882202148437
-0.05352783203125 0.6580810546875 -0.083465576171875 -0.0782012939453124
0.235107421875 0.69256591796875 -0.021148681640625 0.00189018249511723
0.423583984375 0.4215087890625 -0.0237579345703125 0.0258235931396485
0.52508544921875 0.198577880859375 0.0304718017578125 0.0960159301757813
0.474212646484375 -0.10205078125 0.073333740234375 0.0149459838867187
0.3748779296875 -0.282379150390625 0.0646286010742188 -0.0362281799316406
0.391632080078125 -0.29083251953125 0.0351123809814453 -0.0193004608154297
0.340362548828125 -0.366058349609375 0.0300979614257813 -0.0481605529785156
0.388580322265625 -0.242950439453125 0.00676441192626955 -0.0122222900390625
0.50341796875 -0.105926513671875 -0.0292129516601562 0.0435447692871094
0.55035400390625 0.0933837890625 -0.0986785888671875 -0.036773681640625
0.411590576171875 0.50408935546875 -0.128387451171875 -0.143539428710938
0.23004150390625 0.60430908203125 -0.057861328125 -0.25384521484375
-0.0100097656250001 0.72137451171875 0.062347412109375 -0.309967041015625
-0.09246826171875 0.70379638671875 -0.183700561523438 0.1590576171875
-0.0130615234375001 0.64691162109375 -0.0786895751953125 0.0801544189453125
0.25177001953125 0.6661376953125 -0.0291252136230469 0.0399513244628907
0.417694091796875 0.409759521484375 -0.0748977661132812 0.031707763671875
0.518157958984375 0.210845947265625 -0.0778350830078125 0.0928573608398438
0.48529052734375 -0.08447265625 -0.081024169921875 0.0686416625976563
0.383270263671875 -0.26336669921875 -0.0706863403320312 0.098480224609375
0.39398193359375 -0.27349853515625 -0.0683746337890625 0.121147155761719
0.34942626953125 -0.35009765625 -0.0656280517578125 0.0972518920898437
0.38482666015625 -0.226776123046875 -0.0968399047851562 0.095855712890625
0.491455078125 -0.094390869140625 -0.0917129516601562 0.107933044433594
0.525970458984375 0.089630126953125 -0.124015808105469 0.0199127197265625
0.39837646484375 0.480010986328125 -0.116241455078125 -0.0722808837890625
0.23529052734375 0.57550048828125 0.00225830078125002 -0.109764099121094
0.0162963867187501 0.7108154296875 0.0540618896484375 -0.0688629150390625
-0.021240234375 0.5784912109375 -0.209014892578125 0.388671875
0.04669189453125 0.522308349609375 -0.068389892578125 0.240753173828125
0.23077392578125 0.50299072265625 -0.0368270874023437 0.088348388671875
0.338531494140625 0.3045654296875 -0.112144470214844 0.0521774291992188
0.41131591796875 0.167877197265625 -0.165252685546875 0.0876007080078125
0.40570068359375 -0.0648193359375 -0.21636962890625 0.121429443359375
0.3248291015625 -0.2069091796875 -0.189498901367187 0.222869873046875
0.33612060546875 -0.213592529296875 -0.159988403320312 0.243881225585938
0.3118896484375 -0.269927978515625 -0.152740478515625 0.224441528320312
0.3311767578125 -0.154388427734375 -0.188583374023437 0.179489135742188
0.4012451171875 -0.0355224609375 -0.148330688476562 0.143264770507813
0.4017333984375 0.10626220703125 -0.137298583984375 0.056854248046875
0.285797119140625 0.39599609375 -0.087554931640625 -0.0141754150390625
0.172149658203125 0.458648681640625 0.0650901794433594 0.0282173156738282
0.02471923828125 0.5849609375 0.0529937744140625 0.160110473632813
0.046417236328125 0.3623046875 -0.20330810546875 0.57318115234375
0.088165283203125 0.309844970703125 -0.043853759765625 0.375091552734375
0.160415649414063 0.26092529296875 -0.0327301025390625 0.139640808105469
0.198516845703125 0.153427124023438 -0.116775512695312 0.08233642578125
0.2392578125 0.097900390625 -0.209381103515625 0.08203125
0.258270263671875 -0.0360870361328125 -0.301116943359375 0.165435791015625
0.2135009765625 -0.118087768554688 -0.26995849609375 0.3170166015625
0.226364135742188 -0.119964599609375 -0.226104736328125 0.330230712890625
0.231216430664063 -0.148773193359375 -0.22564697265625 0.308868408203125
0.23016357421875 -0.057525634765625 -0.264312744140625 0.216934204101563
0.251052856445312 0.03338623046875 -0.195877075195312 0.132904052734375
0.215301513671875 0.113800048828125 -0.142059326171875 0.063018798828125
0.12664794921875 0.254302978515625 -0.0579032897949219 0.0239524841308594
0.084228515625 0.272293090820313 0.1033935546875 0.140609741210938
0.029144287109375 0.371856689453125 0.046539306640625 0.341217041015625
0.09136962890625 0.088592529296875 -0.16925048828125 0.68780517578125
0.0939865112304688 0.0637435913085938 3.05175781249569E-05 0.46630859375
0.0518646240234375 0.0129203796386719 -0.00677490234375 0.18121337890625
0.0318317413330078 0.0118522644042969 -0.0858840942382812 0.108879089355469
0.0415496826171875 0.0352516174316406 -0.20806884765625 0.074615478515625
0.0809173583984375 0.00713348388671875 -0.323333740234375 0.19268798828125
0.0747299194335938 -0.00693511962890625 -0.29766845703125 0.367431640625
0.082977294921875 -0.00908660888671875 -0.259490966796875 0.3658447265625
0.11236572265625 -0.0137863159179688 -0.27508544921875 0.33984375
0.0940399169921875 0.02947998046875 -0.3150634765625 0.204742431640625
0.0713653564453125 0.0700759887695312 -0.225341796875 0.0841064453124999
0.0177383422851562 0.0744705200195313 -0.136390686035156 0.0434646606445312
-0.0142440795898437 0.0601119995117188 -0.03216552734375 0.0426521301269531
0.0188179016113281 0.0454750061035156 0.109756469726562 0.21533203125
0.0464019775390625 0.106842041015625 0.0341796875 0.44647216796875
-0.101974487304688 0.190322875976563 -0.080108642578125 -0.46844482421875
-0.02142333984375 0.183624267578125 -0.1309814453125 -0.276931762695313
0.10650634765625 0.165298461914063 -0.00378417968749999 -0.0259552001953125
0.145416259765625 0.04864501953125 0.0956344604492188 0.00635528564453125
0.123558044433594 -0.048431396484375 0.222976684570313 0.0094146728515625
0.0452804565429688 -0.0812835693359375 0.32098388671875 -0.14141845703125
0.0369415283203125 -0.100761413574219 0.282958984375 -0.331329345703125
0.0648880004882813 -0.0950164794921875 0.24578857421875 -0.342803955078125
0.0436019897460937 -0.0994338989257813 0.25860595703125 -0.34381103515625
0.0883941650390625 -0.068756103515625 0.2822265625 -0.219329833984375
0.12860107421875 -0.0272598266601563 0.164520263671875 -0.099090576171875
0.1585693359375 0.057098388671875 0.0483856201171875 -0.135940551757813
0.0687408447265625 0.170303344726563 -0.0149078369140625 -0.249954223632813
-0.00534057617187498 0.173202514648438 -0.04583740234375 -0.453887939453125
-0.0810699462890625 0.14776611328125 0.16888427734375 -0.7098388671875
-0.118927001953125 0.42803955078125 -0.08251953125 -0.41168212890625
-0.034332275390625 0.384490966796875 -0.1121826171875 -0.264404296875
0.172637939453125 0.379638671875 -0.0105648040771484 -0.0315113067626953
0.270278930664063 0.18536376953125 0.0634498596191406 0.0196342468261719
0.293365478515625 0.025390625 0.190780639648438 0.055084228515625
0.211654663085938 -0.1141357421875 0.287353515625 -0.0933837890625
0.169662475585938 -0.198471069335938 0.251739501953125 -0.266876220703125
0.20330810546875 -0.195602416992188 0.202911376953125 -0.272552490234375
0.169189453125 -0.222259521484375 0.20098876953125 -0.28826904296875
0.224288940429688 -0.141220092773437 0.209152221679687 -0.185211181640625
0.290802001953125 -0.048675537109375 0.107246398925781 -0.0704803466796875
0.325927734375 0.09283447265625 -0.00672912597656248 -0.123138427734375
0.2049560546875 0.335968017578125 -0.071685791015625 -0.241775512695312
0.079742431640625 0.3748779296875 -0.08465576171875 -0.4359130859375
-0.064544677734375 0.406158447265625 0.11492919921875 -0.6527099609375
-0.127197265625 0.6107177734375 -0.103759765625 -0.274810791015625
-0.04486083984375 0.548431396484375 -0.0952606201171875 -0.196304321289063
0.21722412109375 0.56494140625 -0.012664794921875 -0.026947021484375
0.367462158203125 0.31689453125 0.0252628326416016 0.0223541259765625
0.434539794921875 0.11199951171875 0.127540588378906 0.0811920166015625
0.361114501953125 -0.12103271484375 0.201995849609375 -0.0424041748046875
0.2855224609375 -0.2626953125 0.174758911132813 -0.166427612304688
0.312103271484375 -0.268585205078125 0.1279296875 -0.160079956054688
0.262725830078125 -0.32049560546875 0.120254516601563 -0.184661865234375
0.3214111328125 -0.2113037109375 0.112564086914063 -0.1141357421875
0.418701171875 -0.091400146484375 0.0420875549316407 -0.0222358703613281
0.4669189453125 0.08831787109375 -0.057861328125 -0.0870437622070312
0.3406982421875 0.44134521484375 -0.113479614257812 -0.198211669921875
0.177337646484375 0.51873779296875 -0.09466552734375 -0.361083984375
-0.02435302734375 0.6058349609375 0.074981689453125 -0.50823974609375
-0.10894775390625 0.706787109375 -0.137702941894531 -0.0746536254882812
-0.0323486328125 0.64599609375 -0.0836257934570313 -0.07525634765625
0.25543212890625 0.6668701171875 -0.0152301788330078 -0.00648689270019527
0.427276611328125 0.39556884765625 -0.0206565856933593 0.0219402313232422
0.518585205078125 0.174102783203125 0.0349197387695313 0.0906982421875
0.4576416015625 -0.114471435546875 0.071197509765625 0.0123977661132812
0.356658935546875 -0.286651611328125 0.0619544982910156 -0.0392303466796875
0.3736572265625 -0.300750732421875 0.0355987548828125 -0.0222396850585938
0.317291259765625 -0.36865234375 0.0304908752441406 -0.0491180419921875
0.371368408203125 -0.248809814453125 0.00980567932128909 -0.0131120681762695
0.4864501953125 -0.119659423828125 -0.0222625732421875 0.0428009033203125
0.541900634765625 0.070526123046875 -0.09478759765625 -0.0331573486328125
0.4241943359375 0.4810791015625 -0.125839233398438 -0.133094787597656
0.2435302734375 0.58270263671875 -0.06268310546875 -0.243331909179687
0.01873779296875 0.7098388671875 0.054412841796875 -0.30023193359375
-0.0640869140624999 0.69293212890625 -0.172027587890625 0.1573486328125
0.00830078124999993 0.63616943359375 -0.0728912353515625 0.0802078247070313
0.27191162109375 0.64080810546875 -0.0222740173339844 0.0316886901855469
0.42291259765625 0.3857421875 -0.0692253112792968 0.0294151306152344
0.5146484375 0.185943603515625 -0.0704574584960937 0.0903167724609375
0.472015380859375 -0.097930908203125 -0.0784759521484375 0.0703506469726563
0.36676025390625 -0.26971435546875 -0.0642623901367187 0.0982589721679687
0.376953125 -0.284759521484375 -0.0597991943359375 0.119194030761719
0.327667236328125 -0.35357666015625 -0.057159423828125 0.0966415405273437
0.369415283203125 -0.2318115234375 -0.0876617431640625 0.09661865234375
0.476318359375 -0.108856201171875 -0.0821075439453125 0.1072998046875
0.517486572265625 0.068115234375 -0.117454528808594 0.0225143432617187
0.409820556640625 0.459228515625 -0.110733032226562 -0.0638198852539063
0.246490478515625 0.554656982421875 0.00145721435546877 -0.105888366699219
0.0440673828125 0.69970703125 0.055267333984375 -0.0647621154785156
-0.00231933593750003 0.56988525390625 -0.18817138671875 0.383056640625
0.061737060546875 0.511993408203125 -0.055908203125 0.236587524414063
0.24371337890625 0.48553466796875 -0.0295028686523437 0.0804672241210938
0.34320068359375 0.286163330078125 -0.104827880859375 0.0506820678710938
0.411468505859375 0.148651123046875 -0.156509399414062 0.088226318359375
0.394561767578125 -0.077362060546875 -0.209182739257812 0.127182006835938
0.311676025390625 -0.21295166015625 -0.175277709960937 0.2247314453125
0.323638916015625 -0.223114013671875 -0.144805908203125 0.242767333984375
0.295562744140625 -0.276336669921875 -0.136962890625 0.223648071289063
0.3192138671875 -0.1611328125 -0.175079345703125 0.1820068359375
0.389984130859375 -0.048187255859375 -0.136947631835938 0.142379760742188
0.39666748046875 0.090118408203125 -0.12860107421875 0.0592117309570313
0.2967529296875 0.38079833984375 -0.0818939208984375 -0.00888824462890622
0.183624267578125 0.4454345703125 0.0679512023925781 0.0252609252929688
0.0452880859375 0.57806396484375 0.062286376953125 0.158432006835938
0.05517578125 0.355712890625 -0.17608642578125 0.56500244140625
0.094146728515625 0.3033447265625 -0.02740478515625 0.367706298828125
0.165679931640625 0.253143310546875 -0.0256576538085937 0.132820129394531
0.1998291015625 0.144851684570313 -0.1087646484375 0.08074951171875
0.240798950195313 0.087890625 -0.200927734375 0.084320068359375
0.252883911132813 -0.044647216796875 -0.290863037109375 0.172698974609375
0.206863403320313 -0.123184204101563 -0.25054931640625 0.321044921875
0.219284057617188 -0.127609252929688 -0.206817626953125 0.3292236328125
0.2216796875 -0.156158447265625 -0.2049560546875 0.309661865234375
0.224822998046875 -0.0635986328125 -0.2486572265625 0.221359252929688
0.246994018554688 0.023895263671875 -0.184432983398437 0.1343994140625
0.216140747070313 0.103439331054688 -0.132911682128906 0.0656661987304687
0.135665893554688 0.246292114257813 -0.0524978637695313 0.0267677307128906
0.0897369384765625 0.266510009765625 0.108299255371094 0.133537292480469
0.040924072265625 0.367919921875 0.06207275390625 0.3350830078125
0.0889053344726563 0.0863418579101563 -0.13897705078125 0.674560546875
0.0913619995117188 0.0600433349609375 0.0172119140625 0.455169677734375
0.0488052368164063 0.0140609741210937 -0.000396728515624984 0.175094604492188
0.0314502716064453 0.0122127532958984 -0.0785751342773437 0.105819702148438
0.0455665588378906 0.0341224670410156 -0.201156616210938 0.0772247314453125
0.0829086303710938 0.0034942626953125 -0.312896728515625 0.200347900390625
0.0751495361328125 -0.0104827880859375 -0.27667236328125 0.371246337890625
0.0831680297851563 -0.01336669921875 -0.23809814453125 0.36676025390625
0.11151123046875 -0.0212860107421875 -0.253021240234375 0.34185791015625
0.0949783325195313 0.0243072509765625 -0.29931640625 0.2125244140625
0.0740585327148438 0.0658798217773438 -0.21612548828125 0.088531494140625
0.02227783203125 0.0723953247070313 -0.128990173339844 0.0472564697265625
-0.00880813598632813 0.0619544982910156 -0.0278549194335938 0.0444564819335938
0.0197181701660156 0.0484390258789063 0.116561889648438 0.206680297851563
0.0464553833007813 0.107780456542969 0.051910400390625 0.437896728515625
-0.0946807861328125 0.189254760742187 -0.092559814453125 -0.4693603515625
-0.0174407958984375 0.180709838867187 -0.137893676757813 -0.2752685546875
0.109207153320312 0.16009521484375 -0.00362586975097656 -0.0305366516113281
0.143234252929688 0.04400634765625 0.0928573608398438 0.00366973876953125
0.116706848144531 -0.0506210327148438 0.220947265625 0.0064544677734375
0.041168212890625 -0.0778274536132813 0.319061279296875 -0.147979736328125
0.0342025756835938 -0.098785400390625 0.272125244140625 -0.338592529296875
0.06158447265625 -0.0953445434570313 0.236419677734375 -0.348236083984375
0.0396041870117188 -0.0967864990234375 0.249114990234375 -0.35107421875
0.0848388671875 -0.0704574584960938 0.279312133789063 -0.228164672851562
0.126731872558594 -0.030853271484375 0.165176391601563 -0.100479125976563
0.159881591796875 0.0511322021484375 0.0443496704101563 -0.135078430175781
0.072967529296875 0.167877197265625 -0.0224761962890625 -0.246826171875
-0.000625610351562492 0.170547485351563 -0.055755615234375 -0.44903564453125
-0.0736236572265625 0.147811889648438 0.151611328125 -0.70709228515625
-0.10662841796875 0.426788330078125 -0.092529296875 -0.41278076171875
-0.02655029296875 0.382965087890625 -0.11798095703125 -0.263595581054688
0.180389404296875 0.372039794921875 -0.00942611694335936 -0.0377731323242187
0.27117919921875 0.177001953125 0.0621604919433594 0.0162467956542969
0.2886962890625 0.018157958984375 0.191375732421875 0.051605224609375
0.205947875976563 -0.114044189453125 0.285736083984375 -0.099884033203125
0.164749145507812 -0.198745727539062 0.243927001953125 -0.273361206054688
0.19775390625 -0.200469970703125 0.195831298828125 -0.2779541015625
0.161865234375 -0.223602294921875 0.1942138671875 -0.293914794921875
0.219482421875 -0.144729614257813 0.20697021484375 -0.192092895507813
0.289093017578125 -0.055694580078125 0.109825134277344 -0.0712814331054688
0.328369140625 0.082855224609375 -0.00963592529296873 -0.121726989746094
0.214935302734375 0.33203125 -0.0765380859375 -0.2371826171875
0.08685302734375 0.36993408203125 -0.093231201171875 -0.430267333984375
-0.05059814453125 0.4071044921875 0.10205078125 -0.64813232421875
-0.11041259765625 0.61083984375 -0.109512329101563 -0.276107788085937
-0.03460693359375 0.548065185546875 -0.099609375 -0.195770263671875
0.229522705078125 0.554412841796875 -0.0109672546386719 -0.0354804992675781
0.3704833984375 0.30596923828125 0.0254268646240235 0.0181427001953125
0.432525634765625 0.100250244140625 0.128921508789063 0.0769805908203125
0.354400634765625 -0.12396240234375 0.200531005859375 -0.046295166015625
0.278030395507813 -0.265487670898438 0.169479370117188 -0.171859741210938
0.304931640625 -0.276885986328125 0.124374389648438 -0.164291381835938
0.25323486328125 -0.323211669921875 0.116378784179688 -0.189224243164063
0.315216064453125 -0.21685791015625 0.112495422363281 -0.118408203125
0.414642333984375 -0.100067138671875 0.0462875366210938 -0.022796630859375
0.4676513671875 0.076019287109375 -0.0582275390625 -0.0858993530273438
0.354461669921875 0.43438720703125 -0.113983154296875 -0.193069458007812
0.18658447265625 0.512451171875 -0.1007080078125 -0.355316162109375
-0.00683593749999997 0.60736083984375 0.06597900390625 -0.502288818359375
-0.0916748046875001 0.70562744140625 -0.138153076171875 -0.0755462646484374
-0.017822265625 0.644775390625 -0.0836334228515625 -0.0747756958007812
0.2718505859375 0.656494140625 -0.012735366821289 -0.0153160095214843
0.433441162109375 0.3839111328125 -0.0184574127197265 0.0177059173583985
0.519256591796875 0.158447265625 0.0384445190429688 0.0869064331054688
0.45220947265625 -0.12176513671875 0.070770263671875 0.0112380981445312
0.349273681640625 -0.292083740234375 0.0605964660644531 -0.0416259765625
0.366241455078125 -0.312042236328125 0.0367012023925781 -0.02508544921875
0.30633544921875 -0.374053955078125 0.0319442749023438 -0.05157470703125
0.3646240234375 -0.25506591796875 0.0129480361938477 -0.0146369934082031
0.482421875 -0.129669189453125 -0.0167236328125 0.0419692993164063
0.54058837890625 0.0576171875 -0.0935134887695312 -0.0323486328125
0.437835693359375 0.47174072265625 -0.123161315917969 -0.128280639648437
0.2537841796875 0.5753173828125 -0.06475830078125 -0.240127563476562
0.03729248046875 0.7122802734375 0.0521240234375 -0.29595947265625
-0.049072265625 0.69378662109375 -0.165878295898438 0.157745361328125
0.02191162109375 0.636962890625 -0.069305419921875 0.0803756713867188
0.2864990234375 0.63323974609375 -0.0186176300048828 0.0237560272216797
0.4305419921875 0.375213623046875 -0.0657424926757812 0.0260963439941406
0.518096923828125 0.172607421875 -0.0659713745117187 0.0885238647460938
0.466552734375 -0.108001708984375 -0.0777511596679687 0.0732574462890625
0.3597412109375 -0.27569580078125 -0.0608978271484375 0.0985946655273437
0.37225341796875 -0.296112060546875 -0.0548553466796875 0.118598937988281
0.31829833984375 -0.360076904296875 -0.0510635375976562 0.0958023071289062
0.36383056640625 -0.237762451171875 -0.0820846557617187 0.0976333618164062
0.47161865234375 -0.117706298828125 -0.0754165649414063 0.105972290039062
0.51556396484375 0.05615234375 -0.113967895507812 0.0234222412109375
0.423431396484375 0.4493408203125 -0.106414794921875 -0.060394287109375
0.255340576171875 0.549835205078125 0.00258636474609376 -0.105522155761719
0.06231689453125 0.70086669921875 0.0592689514160156 -0.06231689453125
0.00909423828124997 0.5714111328125 -0.175689697265625 0.383056640625
0.0700683593749999 0.5126953125 -0.048583984375 0.237060546875
0.254638671875 0.479736328125 -0.0253753662109375 0.0746841430664063
0.348724365234375 0.2784423828125 -0.100257873535156 0.0481414794921875
0.416290283203125 0.1378173828125 -0.152557373046875 0.087890625
0.39306640625 -0.08502197265625 -0.2078857421875 0.133102416992188
0.307647705078125 -0.21942138671875 -0.168014526367188 0.228363037109375
0.31915283203125 -0.2332763671875 -0.136093139648437 0.24346923828125
0.2890625 -0.28424072265625 -0.127395629882812 0.224456787109375
0.316314697265625 -0.166229248046875 -0.16754150390625 0.185699462890625
0.38824462890625 -0.0560302734375 -0.130355834960937 0.14239501953125
0.397613525390625 0.080902099609375 -0.124183654785156 0.0599212646484375
0.307708740234375 0.37457275390625 -0.076690673828125 -0.00573730468749999
0.18902587890625 0.44232177734375 0.07049560546875 0.0241851806640625
0.0594482421875 0.5799560546875 0.0709381103515625 0.159774780273438
0.0609130859375 0.35662841796875 -0.1593017578125 0.5640869140625
0.098663330078125 0.303253173828125 -0.0177001953125 0.366973876953125
0.170257568359375 0.251815795898438 -0.0216217041015625 0.128997802734375
0.202438354492188 0.141586303710938 -0.104354858398437 0.0785369873046875
0.246002197265625 0.0821990966796875 -0.19769287109375 0.084991455078125
0.253646850585938 -0.0503692626953125 -0.289520263671875 0.180572509765625
0.20587158203125 -0.128204345703125 -0.2401123046875 0.326904296875
0.218353271484375 -0.1357421875 -0.195892333984375 0.332183837890625
0.219024658203125 -0.163818359375 -0.193023681640625 0.3125
0.224929809570313 -0.068328857421875 -0.240768432617188 0.227127075195312
0.248275756835938 0.01910400390625 -0.180007934570312 0.135284423828125
0.218002319335938 0.098724365234375 -0.128410339355469 0.0673751831054688
0.143478393554688 0.24566650390625 -0.0479087829589844 0.0286407470703125
0.09454345703125 0.267227172851563 0.113510131835938 0.130439758300781
0.048492431640625 0.371124267578125 0.072998046875 0.33477783203125
0.08709716796875 0.08697509765625 -0.121826171875 0.67236328125
0.0899276733398438 0.0597381591796875 0.02880859375 0.452728271484375
0.0475730895996094 0.0167961120605469 0.00323486328124999 0.1732177734375
0.0309677124023438 0.0135059356689453 -0.07489013671875 0.1033935546875
0.0495033264160156 0.033843994140625 -0.199752807617187 0.07818603515625
0.085113525390625 0.00016021728515625 -0.3109130859375 0.20733642578125
0.0767669677734375 -0.0134048461914063 -0.26470947265625 0.3800048828125
0.0849990844726563 -0.01708984375 -0.2259521484375 0.370635986328125
0.11248779296875 -0.0273284912109375 -0.241241455078125 0.3455810546875
0.0976104736328125 0.0211563110351563 -0.292633056640625 0.2198486328125
0.0770797729492188 0.0640106201171875 -0.213882446289063 0.09173583984375
0.0252761840820313 0.0715408325195313 -0.12518310546875 0.0492019653320313
-0.0041961669921875 0.06427001953125 -0.0245895385742188 0.0458145141601563
0.0208969116210938 0.0521278381347656 0.12225341796875 0.203201293945313
0.0479202270507813 0.110939025878906 0.064117431640625 0.4375
-0.088043212890625 0.192901611328125 -0.109100341796875 -0.480499267578125
-0.012420654296875 0.182342529296875 -0.150344848632812 -0.27911376953125
0.115066528320313 0.1563720703125 -0.00508117675781249 -0.0355949401855469
0.14459228515625 0.03973388671875 0.0921173095703125 0.000595092773437502
0.11309814453125 -0.053131103515625 0.225692749023438 0.0016632080078125
0.0385589599609375 -0.0764923095703125 0.323028564453125 -0.160888671875
0.0320663452148438 -0.0994720458984375 0.264556884765625 -0.35540771484375
0.0581436157226562 -0.0988693237304688 0.227508544921875 -0.365234375
0.0367431640625 -0.0976715087890625 0.241546630859375 -0.367828369140625
0.0828628540039063 -0.0741653442382813 0.279144287109375 -0.244094848632812
0.127769470214844 -0.0358123779296875 0.169845581054688 -0.106201171875
0.165451049804688 0.0455322265625 0.039703369140625 -0.1376953125
0.08087158203125 0.169036865234375 -0.031829833984375 -0.2486572265625
0.00492858886718751 0.1719970703125 -0.070465087890625 -0.453277587890625
-0.0665435791015625 0.152420043945313 0.13104248046875 -0.72271728515625
-0.092926025390625 0.436614990234375 -0.10675048828125 -0.42254638671875
-0.016937255859375 0.3892822265625 -0.128982543945313 -0.267013549804688
0.19525146484375 0.37017822265625 -0.01104736328125 -0.04541015625
0.2791748046875 0.172027587890625 0.0623092651367188 0.01251220703125
0.290679931640625 0.010284423828125 0.196868896484375 0.047119140625
0.204299926757813 -0.117416381835938 0.29052734375 -0.110748291015625
0.162124633789063 -0.20538330078125 0.238128662109375 -0.28863525390625
0.194427490234375 -0.2117919921875 0.190093994140625 -0.291534423828125
0.1573486328125 -0.230178833007813 0.188690185546875 -0.3092041015625
0.218658447265625 -0.153533935546875 0.208297729492187 -0.205551147460938
0.293243408203125 -0.065643310546875 0.114387512207031 -0.075897216796875
0.33917236328125 0.072601318359375 -0.0136871337890625 -0.123931884765625
0.232025146484375 0.33197021484375 -0.0837554931640625 -0.23834228515625
0.09942626953125 0.374298095703125 -0.1077880859375 -0.434417724609375
-0.03564453125 0.41876220703125 0.0855712890625 -0.66253662109375
-0.0926513671875 0.6236572265625 -0.12103271484375 -0.281982421875
-0.0195007324218749 0.560577392578125 -0.107528686523437 -0.1981201171875
0.252410888671875 0.556488037109375 -0.0115814208984375 -0.0443992614746093
0.3851318359375 0.3009033203125 0.0266647338867188 0.0140762329101563
0.44134521484375 0.088714599609375 0.135223388671875 0.0736923217773438
0.35577392578125 -0.133056640625 0.204376220703125 -0.0532989501953125
0.27642822265625 -0.276687622070313 0.165267944335938 -0.1812744140625
0.3017578125 -0.294586181640625 0.121826171875 -0.173248291015625
0.2476806640625 -0.336212158203125 0.113998413085937 -0.19940185546875
0.315093994140625 -0.228973388671875 0.113601684570313 -0.126808166503906
0.42010498046875 -0.115142822265625 0.0515518188476563 -0.0253639221191406
0.480682373046875 0.062591552734375 -0.0618515014648437 -0.0867691040039063
0.3780517578125 0.4339599609375 -0.11865234375 -0.19354248046875
0.203857421875 0.5169677734375 -0.111053466796875 -0.358062744140625
0.01702880859375 0.6212158203125 0.055267333984375 -0.5123291015625
-0.07098388671875 0.7222900390625 -0.1422119140625 -0.0764923095703125
0.000122070312499951 0.6610107421875 -0.0865707397460938 -0.0752792358398437
0.29754638671875 0.6580810546875 -0.0129337310791015 -0.0241622924804687
0.45147705078125 0.376678466796875 -0.0170631408691406 0.0138368606567383
0.53399658203125 0.144927978515625 0.0431671142578125 0.084869384765625
0.455810546875 -0.13409423828125 0.0727157592773438 0.0102996826171875
0.348236083984375 -0.307037353515625 0.0600700378417969 -0.0450630187988281
0.36553955078125 -0.332855224609375 0.0376052856445313 -0.0290145874023438
0.2996826171875 -0.38983154296875 0.0330047607421875 -0.0562744140625
0.3651123046875 -0.26898193359375 0.0154638290405274 -0.0168561935424805
0.487762451171875 -0.14752197265625 -0.0110893249511718 0.0419082641601562
0.55413818359375 0.04168701171875 -0.095550537109375 -0.032318115234375
0.4659423828125 0.4696044921875 -0.124740600585937 -0.12744140625
0.2744140625 0.58026123046875 -0.0701904296875 -0.241958618164062
0.0645751953125 0.72772216796875 0.049102783203125 -0.3006591796875
-0.029296875 0.71075439453125 -0.162933349609375 0.162506103515625
0.0391845703125 0.652099609375 -0.0660247802734375 0.0832824707031251
0.31280517578125 0.636962890625 -0.0171699523925781 0.0171146392822266
0.44873046875 0.36907958984375 -0.0642318725585937 0.0232124328613281
0.5343017578125 0.15679931640625 -0.0626449584960937 0.0883026123046875
0.473419189453125 -0.121612548828125 -0.0777587890625 0.0787582397460938
0.36029052734375 -0.290771484375 -0.0589599609375 0.102523803710937
0.369354248046875 -0.317626953125 -0.0502853393554687 0.1204833984375
0.313262939453125 -0.377197265625 -0.0456008911132812 0.0967330932617187
0.364349365234375 -0.25244140625 -0.0778274536132812 0.10137939453125
0.476409912109375 -0.13348388671875 -0.0699386596679687 0.107917785644531
0.52825927734375 0.042083740234375 -0.113822937011719 0.0247955322265625
0.45098876953125 0.44757080078125 -0.104705810546875 -0.0584335327148437
0.27496337890625 0.55340576171875 0.00267028808593752 -0.107215881347656
0.08795166015625 0.717529296875 0.0638198852539063 -0.0624580383300781
0.0238037109374999 0.58526611328125 -0.164947509765625 0.392974853515625
0.08514404296875 0.526153564453125 -0.0394439697265625 0.24310302734375
0.276214599609375 0.48486328125 -0.0229263305664062 0.0720291137695313
0.363555908203125 0.275115966796875 -0.09814453125 0.0472412109375
0.431549072265625 0.126495361328125 -0.15203857421875 0.089996337890625
0.400299072265625 -0.097808837890625 -0.209075927734375 0.14361572265625
0.3092041015625 -0.233123779296875 -0.16290283203125 0.238357543945313
0.319366455078125 -0.25244140625 -0.12872314453125 0.2508544921875
0.285369873046875 -0.30023193359375 -0.119476318359375 0.230636596679688
0.31951904296875 -0.1776123046875 -0.162673950195312 0.194656372070313
0.39398193359375 -0.0684814453125 -0.126449584960938 0.14654541015625
0.407623291015625 0.070220947265625 -0.122909545898437 0.0628662109375
0.32965087890625 0.375091552734375 -0.07354736328125 -0.00366210937499996
0.204345703125 0.44744873046875 0.0757217407226563 0.0218124389648438
0.08099365234375 0.59521484375 0.0820159912109375 0.162750244140625
0.06976318359375 0.365142822265625 -0.14263916015625 0.57708740234375
0.10736083984375 0.310516357421875 -0.00381469726562498 0.3753662109375
0.181289672851563 0.256759643554688 -0.0173263549804687 0.129669189453125
0.210617065429688 0.139923095703125 -0.101799011230469 0.0789108276367188
0.256103515625 0.0756378173828125 -0.199371337890625 0.0886077880859374
0.260147094726563 -0.0592041015625 -0.291229248046875 0.1944580078125
0.208541870117187 -0.137496948242187 -0.2325439453125 0.341949462890625
0.221023559570312 -0.148284912109375 -0.187774658203125 0.343963623046875
0.2188720703125 -0.177215576171875 -0.18402099609375 0.322235107421875
0.229507446289063 -0.0760498046875 -0.237014770507812 0.240707397460937
0.254470825195313 0.012054443359375 -0.178436279296875 0.141250610351563
0.226211547851563 0.094482421875 -0.126449584960938 0.070648193359375
0.158126831054687 0.247146606445313 -0.0442924499511719 0.030914306640625
0.104110717773437 0.2730712890625 0.121772766113281 0.129051208496094
0.0616455078125 0.382080078125 0.08929443359375 0.341400146484375
0.0883865356445313 0.0892105102539063 -0.10052490234375 0.68792724609375
0.0917129516601563 0.0604171752929687 0.0447998046875 0.4599609375
0.0480995178222656 0.0200958251953125 0.00885009765624999 0.17578125
0.0317745208740234 0.0143699645996094 -0.071929931640625 0.104461669921875
0.0540008544921875 0.0331878662109375 -0.20294189453125 0.0822296142578125
0.0887985229492188 -0.00379180908203125 -0.313232421875 0.223297119140625
0.0798110961914063 -0.0170135498046875 -0.255096435546875 0.3963623046875
0.0884780883789063 -0.0227203369140625 -0.21807861328125 0.384765625
0.114494323730469 -0.0349502563476563 -0.231842041015625 0.358917236328125
0.102333068847656 0.0179824829101563 -0.289947509765625 0.235382080078125
0.082427978515625 0.0627670288085938 -0.215225219726563 0.0983123779296875
0.0296783447265625 0.0727691650390625 -0.122764587402344 0.053375244140625
0.000522613525390625 0.0670280456542969 -0.0208549499511719 0.0480308532714844
0.0236663818359375 0.055908203125 0.132217407226562 0.203842163085937
0.0513763427734375 0.116798400878906 0.0819702148437499 0.446990966796875
-0.077880859375 0.199356079101562 -0.140869140625 -0.489776611328125
-0.00321960449218752 0.183624267578125 -0.171218872070313 -0.2803955078125
0.124710083007813 0.150360107421875 -0.00923538208007812 -0.0411186218261719
0.147659301757813 0.0323944091796875 0.09173583984375 -0.00457000732421875
0.109329223632813 -0.0591506958007813 0.232467651367188 -0.008087158203125
0.0344314575195313 -0.0767593383789063 0.325714111328125 -0.183807373046875
0.0274429321289062 -0.102005004882813 0.2490234375 -0.379119873046875
0.0532379150390625 -0.103904724121094 0.211578369140625 -0.38690185546875
0.0320663452148438 -0.0998382568359375 0.225433349609375 -0.392669677734375
0.0794754028320313 -0.0795135498046875 0.274978637695313 -0.268783569335938
0.128227233886719 -0.0446319580078125 0.17279052734375 -0.1171875
0.172134399414063 0.0355224609375 0.032318115234375 -0.141677856445313
0.0930023193359375 0.169174194335938 -0.0468902587890625 -0.251235961914063
0.0149078369140625 0.173995971679688 -0.0966796875 -0.45947265625
-0.0572662353515625 0.158355712890625 0.0936279296875001 -0.74664306640625
-0.0703125 0.450439453125 -0.134521484375 -0.4306640625
0.00375366210937499 0.397552490234375 -0.14837646484375 -0.26898193359375
0.219482421875 0.36492919921875 -0.0153732299804687 -0.0521736145019531
0.29144287109375 0.159912109375 0.0618400573730469 0.00759506225585938
0.29461669921875 -0.00384521484375 0.205520629882813 0.0383758544921875
0.202606201171875 -0.12640380859375 0.293914794921875 -0.13018798828125
0.155792236328125 -0.21722412109375 0.225982666015625 -0.309326171875
0.186264038085937 -0.228805541992187 0.177459716796875 -0.310821533203125
0.148666381835938 -0.2431640625 0.175872802734375 -0.32989501953125
0.215423583984375 -0.16790771484375 0.204025268554688 -0.225433349609375
0.29632568359375 -0.083587646484375 0.119026184082031 -0.0842971801757813
0.3524169921875 0.05499267578125 -0.0218963623046875 -0.1260986328125
0.25909423828125 0.329010009765625 -0.09759521484375 -0.239166259765625
0.12109375 0.3782958984375 -0.13262939453125 -0.438934326171875
-0.00991821289062496 0.43170166015625 0.05206298828125 -0.68072509765625
-0.0608520507812499 0.64410400390625 -0.139190673828125 -0.28619384765625
0.00885009765625002 0.57440185546875 -0.120941162109375 -0.199981689453125
0.28887939453125 0.553192138671875 -0.0159416198730469 -0.0522308349609375
0.407318115234375 0.285125732421875 0.0265350341796875 0.00914192199707033
0.454742431640625 0.0660400390625 0.14361572265625 0.06719970703125
0.357086181640625 -0.150421142578125 0.208740234375 -0.0657958984375
0.26922607421875 -0.29693603515625 0.1583251953125 -0.195648193359375
0.29217529296875 -0.321014404296875 0.115447998046875 -0.186676025390625
0.23455810546875 -0.357421875 0.106613159179688 -0.21441650390625
0.310943603515625 -0.2501220703125 0.112457275390625 -0.138801574707031
0.42425537109375 -0.1402587890625 0.0562477111816407 -0.0307197570800781
0.496337890625 0.035400390625 -0.068511962890625 -0.08709716796875
0.4166259765625 0.423553466796875 -0.128372192382812 -0.192459106445313
0.2354736328125 0.519439697265625 -0.13092041015625 -0.360626220703125
0.05499267578125 0.6380615234375 0.032928466796875 -0.527191162109375
-0.03424072265625 0.74530029296875 -0.149551391601563 -0.0754547119140625
0.034423828125 0.67913818359375 -0.0924530029296875 -0.07373046875
0.34234619140625 0.65765380859375 -0.0148735046386719 -0.0317420959472656
0.480072021484375 0.360992431640625 -0.0165424346923828 0.00925827026367189
0.55413818359375 0.117828369140625 0.0500640869140625 0.0816650390625
0.4609375 -0.157684326171875 0.0770645141601563 0.00679016113281249
0.342071533203125 -0.33135986328125 0.0585975646972657 -0.0500946044921875
0.35430908203125 -0.365203857421875 0.0380401611328125 -0.0337905883789063
0.286346435546875 -0.417816162109375 0.0325393676757813 -0.0632362365722657
0.36029052734375 -0.293670654296875 0.0174407958984375 -0.0200920104980469
0.49053955078125 -0.177276611328125 -0.00542831420898434 0.0408744812011719
0.5703125 0.01202392578125 -0.0999298095703124 -0.0297012329101563
0.508575439453125 0.456329345703125 -0.130043029785156 -0.125503540039062
0.3094482421875 0.5799560546875 -0.082061767578125 -0.243896484375
0.109375 0.74700927734375 0.03887939453125 -0.309295654296875
0.00775146484374992 0.73486328125 -0.156295776367188 0.170806884765625
0.0742187500000001 0.6700439453125 -0.061248779296875 0.0881271362304688
0.35791015625 0.637939453125 -0.0170183181762695 0.0118455886840821
0.4801025390625 0.35498046875 -0.0630149841308593 0.0219497680664063
0.557769775390625 0.131988525390625 -0.0584487915039062 0.0905380249023438
0.480316162109375 -0.147674560546875 -0.0746688842773437 0.0854949951171875
0.356536865234375 -0.316925048828125 -0.0534210205078125 0.108329772949219
0.362396240234375 -0.35162353515625 -0.0430145263671875 0.124214172363281
0.299896240234375 -0.4053955078125 -0.0390548706054687 0.0980987548828125
0.363006591796875 -0.27691650390625 -0.0714721679687499 0.107040405273438
0.48162841796875 -0.163543701171875 -0.063232421875 0.111465454101562
0.54290771484375 0.013824462890625 -0.115425109863281 0.028961181640625
0.490325927734375 0.43414306640625 -0.105361938476562 -0.0564422607421875
0.30914306640625 0.556488037109375 0.000160217285156259 -0.110435485839844
0.133056640625 0.7340087890625 0.0675773620605469 -0.0661354064941406
0.0548095703125 0.6033935546875 -0.146148681640625 0.40777587890625
0.115631103515625 0.5399169921875 -0.024810791015625 0.25103759765625
0.309722900390625 0.48553466796875 -0.0192031860351562 0.0706787109375
0.387725830078125 0.263519287109375 -0.0963592529296875 0.0485610961914063
0.451385498046875 0.10516357421875 -0.150344848632812 0.096466064453125
0.407012939453125 -0.120452880859375 -0.207550048828125 0.160507202148437
0.30767822265625 -0.25543212890625 -0.151504516601563 0.253952026367188
0.3138427734375 -0.279998779296875 -0.116073608398438 0.262344360351563
0.276275634765625 -0.326385498046875 -0.106597900390625 0.2396240234375
0.320556640625 -0.198211669921875 -0.153671264648437 0.207931518554688
0.40081787109375 -0.090850830078125 -0.1202392578125 0.153488159179688
0.422332763671875 0.050628662109375 -0.121414184570313 0.0680923461914062
0.363433837890625 0.366912841796875 -0.0701942443847656 -0.0020484924316406
0.232330322265625 0.4503173828125 0.0817718505859375 0.0179061889648438
0.11785888671875 0.61004638671875 0.09814453125 0.163650512695313
0.089263916015625 0.3748779296875 -0.11468505859375 0.5950927734375
0.125701904296875 0.3157958984375 0.018829345703125 0.384429931640625
0.200881958007813 0.257278442382813 -0.0102767944335937 0.131500244140625
0.224197387695313 0.13397216796875 -0.098541259765625 0.0822067260742188
0.268905639648438 0.0628662109375 -0.2005615234375 0.0977783203125
0.265579223632813 -0.0750885009765625 -0.29046630859375 0.21710205078125
0.209075927734375 -0.152923583984375 -0.21630859375 0.36358642578125
0.219406127929688 -0.167770385742188 -0.17022705078125 0.36102294921875
0.214004516601563 -0.196792602539063 -0.16796875 0.3375244140625
0.23406982421875 -0.0908050537109375 -0.226852416992187 0.259918212890625
0.262466430664063 -0.0012359619140625 -0.174880981445312 0.151901245117188
0.2376708984375 0.0847015380859375 -0.123710632324219 0.0770339965820313
0.179306030273438 0.24566650390625 -0.0394058227539062 0.0328102111816406
0.12042236328125 0.276657104492188 0.134284973144531 0.125144958496094
0.084747314453125 0.3934326171875 0.11383056640625 0.3458251953125
0.0931167602539063 0.0902786254882812 -0.0651855468749999 0.70513916015625
0.095550537109375 0.0594482421875 0.07421875 0.46905517578125
0.050384521484375 0.0221710205078125 0.018707275390625 0.179397583007813
0.0332584381103516 0.0149898529052734 -0.067352294921875 0.107414245605469
0.0597152709960938 0.0309715270996094 -0.20648193359375 0.0922088623046875
0.092987060546875 -0.0096893310546875 -0.31231689453125 0.24798583984375
0.08355712890625 -0.0232086181640625 -0.236572265625 0.420654296875
0.0913925170898438 -0.0302505493164062 -0.1990966796875 0.40545654296875
0.11566162109375 -0.0459442138671875 -0.21527099609375 0.380584716796875
0.108055114746094 0.0114212036132813 -0.281982421875 0.258575439453125
0.0895538330078125 0.05938720703125 -0.216415405273438 0.110992431640625
0.03607177734375 0.0726470947265625 -0.120704650878906 0.0602188110351563
0.00658416748046875 0.0699462890625 -0.01641845703125 0.0500717163085938
0.0276756286621094 0.0589599609375 0.148834228515625 0.2005615234375
0.0584716796875 0.1212158203125 0.110992431640625 0.454559326171875
-0.06201171875 0.203872680664062 -0.17974853515625 -0.486785888671875
0.00939941406249998 0.182723999023438 -0.195755004882812 -0.272064208984375
0.135391235351563 0.13946533203125 -0.0154342651367187 -0.0440711975097656
0.1490478515625 0.02142333984375 0.0892105102539063 -0.0110321044921875
0.102691650390625 -0.0653152465820313 0.236099243164063 -0.0230560302734375
0.0283584594726562 -0.0766372680664063 0.317657470703125 -0.211181640625
0.02032470703125 -0.103614807128906 0.221343994140625 -0.4014892578125
0.0453033447265625 -0.108238220214844 0.18243408203125 -0.407623291015625
0.0252456665039063 -0.100517272949219 0.197235107421875 -0.41534423828125
0.0733795166015625 -0.0857086181640625 0.257965087890625 -0.2958984375
0.126289367675781 -0.0553131103515625 0.170745849609375 -0.131240844726563
0.177001953125 0.02056884765625 0.02142333984375 -0.14300537109375
0.108062744140625 0.163558959960938 -0.066986083984375 -0.248046875
0.0274505615234375 0.172897338867188 -0.1331787109375 -0.455169677734375
-0.0425567626953125 0.162612915039063 0.04022216796875 -0.75714111328125
-0.037445068359375 0.4578857421875 -0.16876220703125 -0.4278564453125
0.032470703125 0.3994140625 -0.171096801757813 -0.26116943359375
0.247589111328125 0.348876953125 -0.0220985412597656 -0.0562324523925781
0.303619384765625 0.1390380859375 0.060455322265625 0.00165557861328126
0.293853759765625 -0.02447509765625 0.211624145507813 0.0241546630859375
0.19525146484375 -0.138473510742188 0.2901611328125 -0.154144287109375
0.14202880859375 -0.228805541992187 0.20343017578125 -0.32830810546875
0.1695556640625 -0.244918823242188 0.154510498046875 -0.3277587890625
0.13238525390625 -0.255172729492188 0.1514892578125 -0.349639892578125
0.205368041992187 -0.185073852539063 0.189910888671875 -0.246047973632813
0.2933349609375 -0.106842041015625 0.119049072265625 -0.0954742431640625
0.361053466796875 0.02838134765625 -0.0323867797851562 -0.125389099121094
0.290191650390625 0.31243896484375 -0.115447998046875 -0.234466552734375
0.1485595703125 0.3721923828125 -0.16400146484375 -0.43218994140625
0.026458740234375 0.435882568359375 0.00457763671875001 -0.68896484375
-0.0137939453125 0.655517578125 -0.162445068359375 -0.281890869140625
0.051025390625 0.578125 -0.137161254882812 -0.194686889648438
0.33306884765625 0.534698486328125 -0.022552490234375 -0.0578536987304687
0.430511474609375 0.258941650390625 0.0253067016601563 0.00371742248535158
0.460662841796875 0.03448486328125 0.150634765625 0.05584716796875
0.350067138671875 -0.1739501953125 0.207611083984375 -0.0826568603515625
0.251922607421875 -0.317840576171875 0.144378662109375 -0.209304809570313
0.27008056640625 -0.34759521484375 0.102096557617188 -0.198745727539063
0.210845947265625 -0.3775634765625 0.0918426513671875 -0.228073120117188
0.296478271484375 -0.27362060546875 0.104476928710938 -0.151840209960938
0.418609619140625 -0.173065185546875 0.0590248107910157 -0.0370941162109375
0.50628662109375 -0.000732421875 -0.0767593383789062 -0.0835723876953125
0.45556640625 0.396270751953125 -0.1414794921875 -0.186843872070313
0.274383544921875 0.508392333984375 -0.1568603515625 -0.3543701171875
0.1077880859375 0.64129638671875 -0.00289916992187504 -0.53240966796875
0.0208129882812499 0.7587890625 -0.15643310546875 -0.0686035156249999
0.085205078125 0.6839599609375 -0.0973587036132813 -0.0693511962890625
0.3961181640625 0.6373291015625 -0.0184249877929687 -0.0370979309082031
0.5098876953125 0.328948974609375 -0.0169267654418945 0.0063142776489258
0.56768798828125 0.07781982421875 0.0572128295898438 0.076019287109375
0.45556640625 -0.19000244140625 0.0794219970703125 0.00123596191406249
0.323760986328125 -0.3594970703125 0.0554084777832031 -0.0546073913574219
0.329254150390625 -0.39825439453125 0.036590576171875 -0.0390129089355469
0.2581787109375 -0.443084716796875 0.0282211303710938 -0.0702857971191407
0.34326171875 -0.321502685546875 0.0184116363525391 -0.0239009857177735
0.483917236328125 -0.214324951171875 0.00123596191406253 0.0384902954101562
0.5772705078125 -0.02886962890625 -0.103981018066406 -0.0247573852539062
0.5517578125 0.420867919921875 -0.136398315429687 -0.12030029296875
0.35400390625 0.56561279296875 -0.097869873046875 -0.241302490234375
0.1697998046875 0.74737548828125 0.020172119140625 -0.314056396484375
0.0609741210937499 0.744384765625 -0.143951416015625 0.180587768554688
0.125732421875 0.67333984375 -0.05267333984375 0.0919113159179688
0.40997314453125 0.618896484375 -0.0161466598510742 0.00765323638916019
0.508880615234375 0.3226318359375 -0.0619392395019531 0.0205307006835938
0.57366943359375 0.09033203125 -0.0525131225585937 0.0911636352539063
0.47796630859375 -0.180206298828125 -0.0684890747070312 0.0924072265625
0.339752197265625 -0.34625244140625 -0.045135498046875 0.11334228515625
0.337921142578125 -0.38458251953125 -0.0325775146484375 0.125900268554687
0.270538330078125 -0.433868408203125 -0.03131103515625 0.097259521484375
0.348114013671875 -0.305328369140625 -0.061492919921875 0.111984252929687
0.475341796875 -0.19891357421875 -0.0535659790039062 0.113334655761719
0.54913330078125 -0.026031494140625 -0.114768981933594 0.0347213745117187
0.532440185546875 0.40179443359375 -0.106414794921875 -0.05303955078125
0.35113525390625 0.541107177734375 -0.00505065917968749 -0.113174438476562
0.19232177734375 0.73455810546875 0.0682449340820313 -0.0714874267578125
0.0980224609375 0.6107177734375 -0.115234375 0.418853759765625
0.155120849609375 0.54071044921875 -0.00346374511718748 0.254791259765625
0.353118896484375 0.4698486328125 -0.0133857727050781 0.0693092346191407
0.410186767578125 0.238983154296875 -0.0930023193359375 0.0499954223632813
0.46600341796875 0.07183837890625 -0.146102905273438 0.103927612304687
0.40625 -0.150054931640625 -0.1982421875 0.178359985351563
0.295806884765625 -0.28143310546875 -0.132522583007813 0.2679443359375
0.296112060546875 -0.309967041015625 -0.095550537109375 0.271347045898438
0.253570556640625 -0.35205078125 -0.0884552001953125 0.246002197265625
0.311767578125 -0.2236328125 -0.136611938476562 0.221282958984375
0.399200439453125 -0.120361328125 -0.109054565429688 0.160903930664063
0.429901123046875 0.021392822265625 -0.117179870605469 0.0746688842773438
0.398284912109375 0.3428955078125 -0.0672683715820312 0.000141143798828155
0.265411376953125 0.440093994140625 0.0863876342773438 0.01043701171875
0.1673583984375 0.61083984375 0.11566162109375 0.157806396484375
0.11529541015625 0.377197265625 -0.06903076171875 0.60577392578125
0.14923095703125 0.314208984375 0.051361083984375 0.3863525390625
0.223861694335938 0.24853515625 0.00109100341796877 0.131980895996094
0.235549926757813 0.1214599609375 -0.0924530029296875 0.084869384765625
0.278961181640625 0.04278564453125 -0.198028564453125 0.10955810546875
0.266586303710938 -0.095550537109375 -0.278457641601562 0.242782592773438
0.2027587890625 -0.1715087890625 -0.188385009765625 0.383331298828125
0.20977783203125 -0.188949584960938 -0.14263916015625 0.375152587890625
0.201416015625 -0.21697998046875 -0.141204833984375 0.3504638671875
0.23126220703125 -0.108963012695313 -0.207260131835937 0.279434204101562
0.26580810546875 -0.0201568603515625 -0.165618896484375 0.163650512695313
0.246917724609375 0.0683441162109375 -0.118087768554687 0.0841827392578125
0.2022705078125 0.235305786132812 -0.0342426300048828 0.0336666107177735
0.142059326171875 0.273895263671875 0.147064208984375 0.115432739257813
0.1170654296875 0.394866943359375 0.144256591796875 0.34149169921875
0.0982589721679688 0.0880203247070313 -0.0133666992187499 0.71246337890625
0.099517822265625 0.0553359985351563 0.111907958984375 0.467987060546875
0.0535163879394531 0.0226097106933594 0.03411865234375 0.179779052734375
0.0349788665771484 0.0148811340332031 -0.05938720703125 0.109657287597656
0.0647697448730469 0.0260658264160156 -0.204620361328125 0.105926513671875
0.0950164794921875 -0.0180892944335938 -0.30023193359375 0.276824951171875
0.0848159790039063 -0.0309295654296875 -0.2049560546875 0.443359375
0.0910186767578125 -0.0396881103515625 -0.169036865234375 0.422760009765625
0.112937927246094 -0.057830810546875 -0.18609619140625 0.3975830078125
0.111785888671875 0.00222015380859375 -0.263671875 0.28277587890625
0.0960617065429687 0.0528182983398438 -0.21185302734375 0.127243041992188
0.0433197021484375 0.0713653564453125 -0.115447998046875 0.0680007934570312
0.0141983032226563 0.0707855224609375 -0.0111236572265625 0.0505867004394531
0.033294677734375 0.0607681274414063 0.16619873046875 0.191207885742188
0.0681838989257813 0.122039794921875 0.14825439453125 0.4517822265625
-0.0451812744140625 0.2027587890625 -0.214324951171875 -0.4696044921875
0.02081298828125 0.175979614257812 -0.215484619140625 -0.25408935546875
0.140640258789063 0.12481689453125 -0.0216598510742188 -0.0447883605957031
0.145751953125 0.010650634765625 0.0845108032226563 -0.0156097412109375
0.0936355590820313 -0.0694732666015625 0.232574462890625 -0.0384521484375
0.02197265625 -0.0740280151367188 0.299224853515625 -0.233856201171875
0.0128326416015625 -0.102378845214844 0.1871337890625 -0.411224365234375
0.0358200073242187 -0.109764099121094 0.147674560546875 -0.41455078125
0.018798828125 -0.0998077392578125 0.162109375 -0.42431640625
0.0654830932617188 -0.0889053344726563 0.232452392578125 -0.313385009765625
0.119659423828125 -0.0645751953125 0.163803100585938 -0.142578125
0.175445556640625 0.00555419921875 0.00999450683593752 -0.140335083007813
0.119827270507813 0.15228271484375 -0.084381103515625 -0.2373046875
0.03997802734375 0.167449951171875 -0.16290283203125 -0.43658447265625
-0.02752685546875 0.161087036132813 -0.01495361328125 -0.744873046875
-0.00167846679687501 0.45196533203125 -0.198638916015625 -0.411529541015625
0.060150146484375 0.389404296875 -0.188735961914062 -0.246505737304687
0.26702880859375 0.322509765625 -0.0292129516601562 -0.0578155517578125
0.30511474609375 0.115081787109375 0.05682373046875 -0.00350189208984374
0.284942626953125 -0.044036865234375 0.21136474609375 0.008636474609375
0.183364868164062 -0.145782470703125 0.276962280273438 -0.174835205078125
0.124618530273437 -0.234893798828125 0.175506591796875 -0.338653564453125
0.14837646484375 -0.255584716796875 0.126220703125 -0.335357666015625
0.112350463867188 -0.260391235351562 0.1214599609375 -0.358245849609375
0.189117431640625 -0.195083618164062 0.169448852539063 -0.259307861328125
0.28179931640625 -0.126983642578125 0.114860534667969 -0.104400634765625
0.35797119140625 -6.103515625E-05 -0.0421905517578125 -0.120002746582031
0.311126708984375 0.285858154296875 -0.129653930664063 -0.223098754882813
0.172119140625 0.35595703125 -0.1927490234375 -0.413299560546875
0.060821533203125 0.426544189453125 -0.0441894531249999 -0.67657470703125
0.03564453125 0.6475830078125 -0.1815185546875 -0.2684326171875
0.0917358398437499 0.56683349609375 -0.149749755859375 -0.183135986328125
0.3660888671875 0.4991455078125 -0.0285072326660156 -0.06005859375
0.437164306640625 0.222625732421875 0.0227489471435547 -0.000961303710937486
0.454345703125 0.001220703125 0.153533935546875 0.0427093505859375
0.3341064453125 -0.19281005859375 0.201065063476563 -0.09747314453125
0.227386474609375 -0.330841064453125 0.126983642578125 -0.216461181640625
0.2396240234375 -0.364044189453125 0.08544921875 -0.204757690429688
0.179779052734375 -0.387359619140625 0.071197509765625 -0.234481811523438
0.27374267578125 -0.28948974609375 0.0928802490234375 -0.160247802734375
0.401336669921875 -0.200592041015625 0.0591278076171875 -0.044158935546875
0.497802734375 -0.037078857421875 -0.0833053588867187 -0.076812744140625
0.482421875 0.357940673828125 -0.15130615234375 -0.176406860351562
0.30322265625 0.482208251953125 -0.1781005859375 -0.3377685546875
0.15618896484375 0.62335205078125 -0.038787841796875 -0.520904541015625
0.0747070312499999 0.748046875 -0.158462524414063 -0.05938720703125
0.13275146484375 0.6689453125 -0.0993270874023437 -0.0627822875976562
0.4371337890625 0.59722900390625 -0.0226402282714843 -0.0400352478027343
0.5228271484375 0.288177490234375 -0.0180282592773437 0.00279235839843752
0.5625 0.0355224609375 0.0622596740722657 0.0681533813476563
0.438201904296875 -0.216400146484375 0.079803466796875 -0.00563812255859376
0.295806884765625 -0.378387451171875 0.0518112182617188 -0.0577316284179688
0.294525146484375 -0.4180908203125 0.0332908630371094 -0.0433082580566407
0.220855712890625 -0.456268310546875 0.0213165283203125 -0.0755081176757813
0.317230224609375 -0.3409423828125 0.0182895660400391 -0.0271968841552735
0.462738037109375 -0.2452392578125 0.00686645507812503 0.0343608856201172
0.5677490234375 -0.07269287109375 -0.105873107910156 -0.01788330078125
0.57952880859375 0.37408447265625 -0.140625 -0.1131591796875
0.385772705078125 0.533172607421875 -0.111572265625 -0.232025146484375
0.22674560546875 0.725341796875 0.00100708007812502 -0.309906005859375
0.11376953125 0.733154296875 -0.12786865234375 0.184738159179688
0.17242431640625 0.657470703125 -0.0426254272460937 0.0926055908203125
0.451904296875 0.57977294921875 -0.0151386260986328 0.00411796569824222
0.523468017578125 0.283416748046875 -0.0602569580078125 0.0191764831542969
0.5711669921875 0.04681396484375 -0.0461807250976562 0.0903167724609375
0.4600830078125 -0.210845947265625 -0.0606689453125 0.0959701538085937
0.313385009765625 -0.367431640625 -0.0341033935546875 0.115364074707031
0.303497314453125 -0.40643310546875 -0.0220413208007813 0.1243896484375
0.23419189453125 -0.44873046875 -0.0243606567382812 0.0940933227539062
0.322357177734375 -0.324951171875 -0.0497894287109375 0.112831115722656
0.454925537109375 -0.22906494140625 -0.0427017211914062 0.111930847167969
0.540924072265625 -0.06329345703125 -0.111824035644531 0.0410842895507813
0.55731201171875 0.355010986328125 -0.105499267578125 -0.0489349365234375
0.382293701171875 0.510223388671875 -0.0106658935546875 -0.112518310546875
0.24566650390625 0.7113037109375 0.066009521484375 -0.0752716064453125
0.14019775390625 0.59844970703125 -0.0830078125 0.417236328125
0.193084716796875 0.52471923828125 0.0184173583984375 0.249404907226563
0.3848876953125 0.441162109375 -0.0068092346191406 0.0655097961425782
0.420501708984375 0.208526611328125 -0.0883102416992187 0.050750732421875
0.46612548828125 0.036102294921875 -0.138229370117187 0.109275817871094
0.392791748046875 -0.1773681640625 -0.182815551757812 0.191055297851562
0.27484130859375 -0.301116943359375 -0.10809326171875 0.272994995117188
0.2686767578125 -0.33001708984375 -0.072601318359375 0.271026611328125
0.222442626953125 -0.3670654296875 -0.068695068359375 0.24420166015625
0.293182373046875 -0.242706298828125 -0.115982055664062 0.226333618164062
0.385284423828125 -0.14666748046875 -0.0952758789062499 0.163238525390625
0.42523193359375 -0.0098876953125 -0.1107177734375 0.0797805786132813
0.419891357421875 0.308013916015625 -0.0629768371582031 0.000854492187500011
0.292877197265625 0.4169921875 0.088104248046875 0.00179290771484378
0.212158203125 0.59210205078125 0.12896728515625 0.146743774414063
0.139892578125 0.36761474609375 -0.0238037109375 0.59716796875
0.17010498046875 0.301788330078125 0.08203125 0.3748779296875
0.241836547851563 0.231948852539063 0.011932373046875 0.127365112304688
0.241409301757813 0.10455322265625 -0.0851898193359375 0.0851516723632813
0.280853271484375 0.0213623046875 -0.1898193359375 0.119552612304688
0.258392333984375 -0.113693237304688 -0.258071899414063 0.261489868164062
0.191146850585938 -0.185531616210938 -0.15545654296875 0.390625
0.19305419921875 -0.203887939453125 -0.111480712890625 0.3765869140625
0.181549072265625 -0.230484008789063 -0.11322021484375 0.352294921875
0.222244262695313 -0.125015258789063 -0.18084716796875 0.28973388671875
0.26220703125 -0.0384521484375 -0.151168823242188 0.172012329101562
0.24859619140625 0.0502777099609375 -0.109458923339844 0.0889816284179688
0.219375610351563 0.215774536132813 -0.0288066864013672 0.0325870513916016
0.158721923828125 0.262466430664063 0.154220581054688 0.10101318359375
0.14569091796875 0.38360595703125 0.16925048828125 0.324676513671875
0.10150146484375 0.0835037231445313 0.0391845703125 0.69903564453125
0.101654052734375 0.0498809814453125 0.147705078125 0.45159912109375
0.0561866760253906 0.0218353271484375 0.0484161376953125 0.173004150390625
0.0361976623535156 0.0139656066894531 -0.0504074096679688 0.107749938964844
0.0676612854003906 0.0206947326660156 -0.197738647460938 0.116729736328125
0.0950164794921875 -0.0257110595703125 -0.277587890625 0.2969970703125
0.0838241577148438 -0.0386962890625 -0.16650390625 0.4505615234375
0.0882339477539063 -0.0476455688476563 -0.133453369140625 0.426177978515625
0.106361389160156 -0.0674057006835938 -0.153076171875 0.401519775390625
0.112106323242188 -0.0071868896484375 -0.236968994140625 0.297088623046875
0.0995941162109375 0.0447921752929688 -0.20001220703125 0.13970947265625
0.0494232177734375 0.06744384765625 -0.107421875 0.072906494140625
0.0217742919921875 0.0689201354980469 -0.0051727294921875 0.049102783203125
0.0378799438476563 0.0596046447753906 0.1787109375 0.174362182617188
0.0762557983398437 0.119400024414063 0.181427001953125 0.4342041015625
-0.0327606201171875 0.197418212890625 -0.233551025390625 -0.448089599609375
0.0277862548828125 0.167755126953125 -0.225418090820312 -0.2357177734375
0.140518188476563 0.111793518066406 -0.0262985229492187 -0.0430793762207031
0.139778137207031 0.0027923583984375 0.0795440673828125 -0.0175323486328125
0.0847549438476563 -0.0705947875976563 0.226898193359375 -0.048583984375
0.0178871154785156 -0.0694770812988281 0.281890869140625 -0.24493408203125
0.00687408447265624 -0.0998077392578125 0.15924072265625 -0.409515380859375
0.0283432006835938 -0.108497619628906 0.120086669921875 -0.4091796875
0.0134429931640625 -0.0973892211914062 0.132476806640625 -0.421630859375
0.0585861206054687 -0.0889892578125 0.209197998046875 -0.3201904296875
0.11273193359375 -0.070220947265625 0.155136108398437 -0.149002075195312
0.17047119140625 -0.0058135986328125 0.0023651123046875 -0.134254455566406
0.125717163085938 0.141098022460938 -0.095123291015625 -0.223358154296875
0.047393798828125 0.158721923828125 -0.18115234375 -0.415069580078125
-0.0164031982421875 0.155487060546875 -0.0526733398437499 -0.72003173828125
0.02276611328125 0.438720703125 -0.215728759765625 -0.391387939453125
0.07745361328125 0.3740234375 -0.198257446289062 -0.230300903320312
0.274383544921875 0.297515869140625 -0.0340805053710937 -0.05706787109375
0.299560546875 0.096649169921875 0.052886962890625 -0.00675201416015624
0.2720947265625 -0.0558319091796875 0.207778930664063 -0.002960205078125
0.171310424804688 -0.147689819335938 0.262130737304688 -0.186248779296875
0.11016845703125 -0.234878540039062 0.151885986328125 -0.3392333984375
0.129501342773437 -0.2569580078125 0.103851318359375 -0.332916259765625
0.0958251953125 -0.258544921875 0.096405029296875 -0.3558349609375
0.173507690429687 -0.19927978515625 0.151504516601563 -0.264266967773438
0.267532348632813 -0.138671875 0.110221862792969 -0.110687255859375
0.348175048828125 -0.01953125 -0.04791259765625 -0.112663269042969
0.3201904296875 0.26019287109375 -0.137130737304687 -0.209701538085937
0.185821533203125 0.33795166015625 -0.207855224609375 -0.39056396484375
0.084320068359375 0.409881591796875 -0.07525634765625 -0.6519775390625
0.0697021484375 0.62841796875 -0.190872192382812 -0.254837036132812
0.11883544921875 0.5455322265625 -0.15472412109375 -0.170806884765625
0.380767822265625 0.46368408203125 -0.0333099365234375 -0.0602836608886719
0.433258056640625 0.19537353515625 0.019744873046875 -0.00421142578124999
0.43988037109375 -0.021514892578125 0.152999877929688 0.032501220703125
0.316650390625 -0.20068359375 0.191802978515625 -0.108108520507813
0.20526123046875 -0.334625244140625 0.111495971679688 -0.2171630859375
0.212249755859375 -0.3682861328125 0.07147216796875 -0.204483032226563
0.153961181640625 -0.387115478515625 0.0539093017578125 -0.234405517578125
0.251953125 -0.29547119140625 0.08258056640625 -0.163177490234375
0.3804931640625 -0.216827392578125 0.0588874816894531 -0.0494766235351563
0.48345947265625 -0.0633544921875 -0.0868377685546875 -0.070037841796875
0.491119384765625 0.319610595703125 -0.1551513671875 -0.166351318359375
0.319091796875 0.45562744140625 -0.18914794921875 -0.319610595703125
0.18914794921875 0.59814453125 -0.062774658203125 -0.5030517578125
0.11480712890625 0.725830078125 -0.157623291015625 -0.0520172119140624
0.16375732421875 0.644775390625 -0.0988998413085937 -0.0578994750976562
0.459747314453125 0.55670166015625 -0.0253372192382812 -0.042510986328125
0.521209716796875 0.253997802734375 -0.0196266174316406 -0.000534057617187487
0.548919677734375 0.00567626953125 0.0640335083007813 0.0610580444335937
0.4178466796875 -0.2308349609375 0.0783920288085938 -0.0107192993164063
0.2703857421875 -0.384979248046875 0.0486984252929688 -0.0591545104980469
0.26141357421875 -0.42474365234375 0.02972412109375 -0.0454139709472657
0.18963623046875 -0.455596923828125 0.01422119140625 -0.0773239135742188
0.292388916015625 -0.3468017578125 0.0176143646240235 -0.0297641754150391
0.438079833984375 -0.2633056640625 0.0106639862060547 0.029388427734375
0.548858642578125 -0.098114013671875 -0.105979919433594 -0.011871337890625
0.58587646484375 0.33172607421875 -0.141403198242187 -0.106597900390625
0.40234375 0.501953125 -0.118362426757813 -0.220809936523437
0.26220703125 0.692626953125 -0.0118408203125 -0.300750732421875
0.15106201171875 0.70977783203125 -0.114608764648437 0.182464599609375
0.2025146484375 0.63232421875 -0.0342864990234375 0.090301513671875
0.473419189453125 0.53887939453125 -0.0149087905883789 -0.000296592712402311
0.521392822265625 0.25018310546875 -0.0596160888671875 0.0167427062988281
0.56072998046875 0.015411376953125 -0.0412521362304687 0.088134765625
0.441741943359375 -0.228790283203125 -0.0534439086914062 0.0970382690429688
0.2890625 -0.376007080078125 -0.024749755859375 0.112747192382812
0.273590087890625 -0.4146728515625 -0.0144805908203125 0.1197509765625
0.20257568359375 -0.44970703125 -0.02032470703125 0.08929443359375
0.298736572265625 -0.331634521484375 -0.0408477783203125 0.110565185546875
0.43133544921875 -0.24627685546875 -0.0351333618164062 0.108108520507812
0.52178955078125 -0.089508056640625 -0.108283996582031 0.0447006225585937
0.563720703125 0.31280517578125 -0.104103088378906 -0.046844482421875
0.39691162109375 0.47955322265625 -0.0147628784179687 -0.111106872558594
0.2791748046875 0.6810302734375 0.0635299682617188 -0.0770492553710937
0.1697998046875 0.57891845703125 -0.057708740234375 0.40606689453125
0.214385986328125 0.50244140625 0.0341033935546875 0.238983154296875
0.400360107421875 0.41009521484375 -0.00240707397460934 0.0593109130859375
0.419342041015625 0.18341064453125 -0.084381103515625 0.0484161376953125
0.456451416015625 0.009796142578125 -0.131706237792969 0.111358642578125
0.377593994140625 -0.193572998046875 -0.168426513671875 0.196487426757812
0.2557373046875 -0.309906005859375 -0.0876922607421875 0.270187377929687
0.24334716796875 -0.3382568359375 -0.0552520751953125 0.264724731445313
0.195556640625 -0.369842529296875 -0.0545806884765625 0.237533569335937
0.273666381835938 -0.2509765625 -0.0985565185546875 0.224639892578125
0.368743896484375 -0.162322998046875 -0.084381103515625 0.161727905273438
0.413360595703125 -0.03021240234375 -0.104530334472656 0.0819168090820313
0.42767333984375 0.275238037109375 -0.06005859375 -0.000720977783203109
0.304046630859375 0.394775390625 0.0872344970703125 -0.00578308105468748
0.239013671875 0.5662841796875 0.135787963867188 0.134994506835938
0.15545654296875 0.354766845703125 0.00787353515625002 0.57904052734375
0.182159423828125 0.2877197265625 0.102447509765625 0.35858154296875
0.251144409179688 0.216171264648438 0.01953125 0.120307922363281
0.240554809570312 0.09210205078125 -0.0797882080078125 0.0822372436523438
0.2762451171875 0.005340576171875 -0.182662963867187 0.124481201171875
0.248672485351563 -0.126327514648438 -0.23870849609375 0.270355224609375
0.179428100585937 -0.193313598632812 -0.127349853515625 0.38763427734375
0.177001953125 -0.210784912109375 -0.08709716796875 0.3697509765625
0.162979125976563 -0.235794067382813 -0.091217041015625 0.34539794921875
0.21209716796875 -0.133514404296875 -0.15814208984375 0.289276123046875
0.254867553710938 -0.0515899658203125 -0.139129638671875 0.173782348632813
0.245010375976563 0.0370941162109375 -0.102256774902344 0.0907058715820312
0.22674560546875 0.197967529296875 -0.0245780944824219 0.0298843383789063
0.168167114257813 0.249679565429688 0.156906127929688 0.08740234375
0.1630859375 0.3687744140625 0.184051513671875 0.30615234375
0.102523803710937 0.07904052734375 0.07452392578125 0.6748046875
0.101356506347656 0.0452728271484375 0.169586181640625 0.429443359375
0.0581626892089844 0.0207633972167969 0.0572509765625 0.1641845703125
0.0364151000976563 0.0134353637695312 -0.044219970703125 0.103446960449219
0.0691032409667969 0.0155601501464844 -0.190948486328125 0.123245239257812
0.092620849609375 -0.0322418212890625 -0.2567138671875 0.3065185546875
0.0817184448242188 -0.0436248779296875 -0.135467529296875 0.4464111328125
0.0841751098632812 -0.0528182983398438 -0.104888916015625 0.418914794921875
0.0994491577148437 -0.073089599609375 -0.125457763671875 0.39739990234375
0.110237121582031 -0.0140457153320312 -0.212738037109375 0.302032470703125
0.101341247558594 0.0380783081054688 -0.188140869140625 0.146469116210937
0.0523872375488281 0.0633125305175781 -0.099517822265625 0.0753173828125
0.0267982482910156 0.06622314453125 -0.00106048583984375 0.0458755493164063
0.0407943725585938 0.0590782165527344 0.183731079101563 0.158660888671875
0.0816268920898438 0.116020202636719 0.198822021484375 0.4127197265625
-0.02398681640625 0.191390991210938 -0.245330810546875 -0.432037353515625
0.030853271484375 0.161605834960938 -0.229583740234375 -0.222763061523437
0.137985229492188 0.104019165039063 -0.0287704467773437 -0.041900634765625
0.134757995605469 -0.0006561279296875 0.0763015747070313 -0.01849365234375
0.0788726806640625 -0.069244384765625 0.223297119140625 -0.0555877685546875
0.0158576965332031 -0.0655975341796875 0.269134521484375 -0.25213623046875
0.0031890869140625 -0.0964508056640625 0.14129638671875 -0.405975341796875
0.0228729248046875 -0.106895446777344 0.1025390625 -0.40435791015625
0.0104141235351562 -0.0961227416992188 0.1136474609375 -0.417938232421875
0.0538330078125 -0.0886993408203125 0.194366455078125 -0.322357177734375
0.107177734375 -0.0733184814453125 0.150772094726563 -0.153656005859375
0.166778564453125 -0.0128326416015625 -0.00173950195312498 -0.129676818847656
0.1292724609375 0.133064270019531 -0.100265502929687 -0.213516235351563
0.05169677734375 0.1522216796875 -0.190399169921875 -0.398681640625
-0.00970458984375001 0.150924682617188 -0.0726318359374999 -0.6982421875
0.03875732421875 0.42803955078125 -0.22515869140625 -0.37799072265625
0.08709716796875 0.36224365234375 -0.202117919921875 -0.219451904296875
0.27728271484375 0.279953002929688 -0.0373191833496094 -0.0567131042480469
0.293426513671875 0.086151123046875 0.0499725341796875 -0.00755310058593749
0.262191772460938 -0.0607757568359375 0.20648193359375 -0.010009765625
0.16497802734375 -0.146774291992188 0.25225830078125 -0.19427490234375
0.100311279296875 -0.233245849609375 0.13787841796875 -0.33697509765625
0.116500854492187 -0.256576538085938 0.089569091796875 -0.3289794921875
0.0854949951171875 -0.256942749023438 0.079986572265625 -0.352142333984375
0.164276123046875 -0.2001953125 0.139755249023438 -0.26641845703125
0.257980346679687 -0.145782470703125 0.106964111328125 -0.114982604980469
0.341522216796875 -0.0318603515625 -0.0515823364257812 -0.107292175292969
0.323883056640625 0.242889404296875 -0.1409912109375 -0.201553344726562
0.191680908203125 0.32537841796875 -0.2147216796875 -0.374908447265625
0.097808837890625 0.39691162109375 -0.092529296875 -0.6331787109375
0.09197998046875 0.612548828125 -0.19537353515625 -0.244003295898438
0.13360595703125 0.52978515625 -0.157501220703125 -0.16363525390625
0.3892822265625 0.439727783203125 -0.0363731384277343 -0.06182861328125
0.4278564453125 0.178314208984375 0.0164365768432617 -0.00664710998535155
0.42864990234375 -0.03411865234375 0.1522216796875 0.0255279541015625
0.306732177734375 -0.203826904296875 0.185531616210938 -0.114013671875
0.191162109375 -0.3353271484375 0.103469848632813 -0.21722412109375
0.193328857421875 -0.369964599609375 0.0622711181640625 -0.20281982421875
0.1375732421875 -0.38446044921875 0.04217529296875 -0.232894897460938
0.2384033203125 -0.29632568359375 0.07568359375 -0.165191650390625
0.36578369140625 -0.225311279296875 0.0583686828613281 -0.0541114807128906
0.4725341796875 -0.078125 -0.0887908935546875 -0.06396484375
0.4931640625 0.295166015625 -0.1573486328125 -0.16021728515625
0.326507568359375 0.436676025390625 -0.194488525390625 -0.30755615234375
0.20538330078125 0.5782470703125 -0.07513427734375 -0.489776611328125
0.13751220703125 0.70709228515625 -0.155792236328125 -0.0487365722656249
0.1824951171875 0.62689208984375 -0.0982666015625 -0.0551986694335937
0.468902587890625 0.529754638671875 -0.0274925231933593 -0.0453414916992187
0.5162353515625 0.2344970703125 -0.0220375061035156 -0.00292778015136717
0.537872314453125 -0.012298583984375 0.0654830932617188 0.05615234375
0.404632568359375 -0.237884521484375 0.0770111083984375 -0.0142059326171875
0.254180908203125 -0.3875732421875 0.047576904296875 -0.0609550476074219
0.240692138671875 -0.427764892578125 0.0276527404785156 -0.0471878051757813
0.169677734375 -0.45166015625 0.00828552246093751 -0.07861328125
0.277099609375 -0.348114013671875 0.0169162750244141 -0.0324840545654297
0.420806884765625 -0.27252197265625 0.0126743316650391 0.024627685546875
0.53509521484375 -0.113067626953125 -0.106529235839844 -0.00685882568359374
0.58673095703125 0.30224609375 -0.14208984375 -0.103729248046875
0.409088134765625 0.481719970703125 -0.1220703125 -0.214584350585937
0.28302001953125 0.67095947265625 -0.01800537109375 -0.2939453125
0.17266845703125 0.6937255859375 -0.105789184570312 0.180145263671875
0.220947265625 0.614501953125 -0.0290985107421875 0.087493896484375
0.4849853515625 0.512115478515625 -0.0158071517944336 -0.00438308715820309
0.519134521484375 0.231475830078125 -0.0601959228515625 0.0144691467285156
0.549407958984375 -0.003204345703125 -0.0385055541992187 0.0861663818359375
0.428314208984375 -0.238037109375 -0.0494766235351562 0.0968856811523437
0.2738037109375 -0.38140869140625 -0.0177459716796875 0.10992431640625
0.252532958984375 -0.41693115234375 -0.0101089477539062 0.115226745605469
0.182830810546875 -0.447998046875 -0.0193939208984375 0.0857696533203125
0.284332275390625 -0.333526611328125 -0.0349884033203125 0.106849670410156
0.415618896484375 -0.25567626953125 -0.0301895141601562 0.103919982910156
0.509796142578125 -0.10247802734375 -0.106697082519531 0.0477218627929688
0.5640869140625 0.286376953125 -0.102989196777344 -0.0472259521484375
0.4033203125 0.45953369140625 -0.0164566040039062 -0.1107177734375
0.298828125 0.6580810546875 0.0623245239257813 -0.0776824951171875
0.1859130859375 0.564453125 -0.043304443359375 0.39642333984375
0.228790283203125 0.487701416015625 0.0431976318359375 0.230621337890625
0.41015625 0.389801025390625 -0.000865936279296856 0.0543136596679688
0.41705322265625 0.169464111328125 -0.0832290649414062 0.0458221435546875
0.450469970703125 -0.0069580078125 -0.127906799316406 0.112129211425781
0.366485595703125 -0.20343017578125 -0.159042358398437 0.199935913085937
0.24261474609375 -0.3157958984375 -0.074127197265625 0.266571044921875
0.22711181640625 -0.342071533203125 -0.0449676513671875 0.258209228515625
0.17840576171875 -0.36968994140625 -0.047607421875 0.23223876953125
0.262847900390625 -0.254470825195313 -0.0869293212890625 0.220779418945313
0.3572998046875 -0.171417236328125 -0.0776214599609375 0.158233642578125
0.404449462890625 -0.041656494140625 -0.101493835449219 0.0832748413085938
0.428924560546875 0.253875732421875 -0.0587577819824218 -0.00274276733398435
0.310791015625 0.38043212890625 0.086212158203125 -0.0107269287109375
0.25537109375 0.548492431640625 0.13922119140625 0.127212524414063
0.163787841796875 0.3446044921875 0.027099609375 0.5631103515625
0.18865966796875 0.27825927734375 0.114532470703125 0.3453369140625
0.256210327148438 0.204757690429688 0.0231552124023438 0.114028930664063
0.239715576171875 0.0850067138671875 -0.0767288208007813 0.079254150390625
0.27301025390625 -0.0052032470703125 -0.1787109375 0.127548217773437
0.241958618164063 -0.134063720703125 -0.226531982421875 0.2760009765625
0.171920776367188 -0.198898315429688 -0.109100341796875 0.38214111328125
0.167434692382813 -0.215576171875 -0.0721435546875 0.36187744140625
0.151123046875 -0.237045288085938 -0.078338623046875 0.338653564453125
0.205535888671875 -0.138336181640625 -0.143402099609375 0.28753662109375
0.249099731445312 -0.05865478515625 -0.131179809570312 0.172866821289063
0.242294311523438 0.0297088623046875 -0.097869873046875 0.0910491943359375
0.23028564453125 0.18597412109375 -0.0229663848876953 0.0263214111328125
0.172592163085937 0.242645263671875 0.156723022460938 0.0780792236328125
0.173553466796875 0.358367919921875 0.19049072265625 0.293487548828125
0.101661682128906 0.0765380859375 0.0943603515625 0.65423583984375
0.100456237792969 0.04241943359375 0.181365966796875 0.41253662109375
0.0601768493652344 0.019989013671875 0.0615234375 0.157455444335938
0.0373458862304687 0.0133323669433594 -0.0417556762695313 0.0998916625976563
0.0692939758300781 0.0119171142578125 -0.187484741210938 0.127334594726563
0.0910263061523438 -0.0366287231445313 -0.242645263671875 0.31243896484375
0.08074951171875 -0.0480117797851563 -0.115203857421875 0.441192626953125
0.0816574096679688 -0.056365966796875 -0.08837890625 0.411102294921875
0.0943984985351563 -0.0760650634765625 -0.10992431640625 0.390777587890625
0.10888671875 -0.018646240234375 -0.1964111328125 0.301788330078125
0.101844787597656 0.0339813232421875 -0.180068969726563 0.1495361328125
0.0548210144042969 0.0607414245605469 -0.0941848754882813 0.0755691528320312
0.0297889709472656 0.063812255859375 0.000453948974609376 0.0428581237792969
0.0427742004394531 0.0594558715820313 0.185562133789063 0.147506713867188
0.0850067138671875 0.114540100097656 0.207794189453125 0.398101806640625
-0.0181732177734375 0.189834594726563 -0.2568359375 -0.4254150390625
0.0327301025390625 0.158447265625 -0.235824584960938 -0.215957641601563
0.137527465820313 0.0997314453125 -0.0312957763671875 -0.0415420532226562
0.1326904296875 -0.0033111572265625 0.0756759643554688 -0.0189208984375
0.0749740600585938 -0.0681991577148438 0.224716186523438 -0.0621337890625
0.0154495239257812 -0.0624198913574219 0.26416015625 -0.261505126953125
0.00056457519531249 -0.0947647094726562 0.128570556640625 -0.408721923828125
0.0188827514648437 -0.107215881347656 0.0906982421875 -0.404052734375
0.00814819335937499 -0.0958023071289062 0.100738525390625 -0.419036865234375
0.0513458251953125 -0.0888137817382813 0.184417724609375 -0.32879638671875
0.103935241699219 -0.076629638671875 0.149948120117188 -0.160064697265625
0.165573120117187 -0.01824951171875 -0.00436401367187499 -0.127403259277344
0.132926940917969 0.128372192382813 -0.105300903320312 -0.207931518554688
0.05535888671875 0.148727416992188 -0.1986083984375 -0.390716552734375
-0.0052032470703125 0.148406982421875 -0.0869140625 -0.691650390625
0.0516357421875 0.42572021484375 -0.234100341796875 -0.372772216796875
0.095794677734375 0.35772705078125 -0.207901000976563 -0.213058471679687
0.282073974609375 0.2711181640625 -0.0403251647949219 -0.0575637817382812
0.29193115234375 0.079803466796875 0.0480880737304688 -0.00855255126953124
0.258941650390625 -0.0652618408203125 0.208465576171875 -0.0167236328125
0.16326904296875 -0.14715576171875 0.247573852539063 -0.203262329101563
0.0944061279296875 -0.23492431640625 0.127593994140625 -0.34014892578125
0.108154296875 -0.260360717773438 0.0794677734375 -0.3297119140625
0.0783843994140625 -0.258941650390625 0.067657470703125 -0.353485107421875
0.159881591796875 -0.203048706054688 0.131866455078125 -0.272201538085938
0.2537841796875 -0.153167724609375 0.106491088867188 -0.120933532714844
0.340576171875 -0.04144287109375 -0.0546493530273438 -0.103652954101563
0.330718994140625 0.23248291015625 -0.145599365234375 -0.197158813476563
0.198577880859375 0.319671630859375 -0.223419189453125 -0.367828369140625
0.108795166015625 0.392852783203125 -0.1053466796875 -0.62762451171875
0.10919189453125 0.60919189453125 -0.2012939453125 -0.241073608398438
0.14825439453125 0.524078369140625 -0.161087036132813 -0.159439086914062
0.398895263671875 0.427337646484375 -0.0397529602050781 -0.0638885498046875
0.42852783203125 0.1689453125 0.0141572952270508 -0.00799942016601561
0.425994873046875 -0.043548583984375 0.154281616210938 0.0202789306640625
0.30389404296875 -0.2091064453125 0.1827392578125 -0.121047973632813
0.183380126953125 -0.34002685546875 0.0980682373046875 -0.221160888671875
0.18170166015625 -0.3759765625 0.055938720703125 -0.2044677734375
0.126800537109375 -0.386993408203125 0.0325927734375 -0.233489990234375
0.23150634765625 -0.3004150390625 0.0718994140625 -0.169448852539063
0.35931396484375 -0.235137939453125 0.0585060119628907 -0.0591087341308594
0.471405029296875 -0.089202880859375 -0.0910263061523437 -0.0594253540039063
0.501922607421875 0.280792236328125 -0.16162109375 -0.157882690429687
0.335723876953125 0.430999755859375 -0.2003173828125 -0.3021240234375
0.22076416015625 0.5711669921875 -0.0830078125 -0.486541748046875
0.15899658203125 0.70526123046875 -0.156631469726563 -0.0469970703124999
0.19940185546875 0.61944580078125 -0.0986175537109375 -0.0535812377929687
0.482086181640625 0.514068603515625 -0.0305862426757812 -0.0488700866699218
0.519012451171875 0.222808837890625 -0.0249710083007812 -0.00453567504882811
0.535919189453125 -0.025115966796875 0.0672111511230469 0.0528526306152344
0.40264892578125 -0.245452880859375 0.0766372680664063 -0.0171356201171875
0.244598388671875 -0.396331787109375 0.0474357604980469 -0.0639724731445313
0.22686767578125 -0.433868408203125 0.0259742736816406 -0.048797607421875
0.156646728515625 -0.457305908203125 0.00332641601562501 -0.079315185546875
0.27001953125 -0.353240966796875 0.0167922973632813 -0.0356254577636719
0.413116455078125 -0.28302001953125 0.0139179229736328 0.0206890106201172
0.53375244140625 -0.126312255859375 -0.107742309570312 -0.00272369384765623
0.59375 0.28509521484375 -0.14520263671875 -0.104049682617187
0.419342041015625 0.47271728515625 -0.126129150390625 -0.212020874023437
0.2978515625 0.662109375 -0.02264404296875 -0.292388916015625
0.19195556640625 0.69097900390625 -0.100814819335938 0.178817749023438
0.2371826171875 0.607666015625 -0.0253448486328125 0.0862960815429688
0.4996337890625 0.497650146484375 -0.0166072845458984 -0.00825309753417966
0.5225830078125 0.220855712890625 -0.062591552734375 0.0123825073242188
0.549346923828125 -0.019073486328125 -0.0364761352539062 0.0860595703125
0.42578125 -0.24981689453125 -0.046722412109375 0.098175048828125
0.26470947265625 -0.39190673828125 -0.0120773315429687 0.107711791992187
0.2393798828125 -0.424835205078125 -0.00711822509765625 0.113601684570312
0.17010498046875 -0.45208740234375 -0.0199813842773437 0.0848617553710937
0.277923583984375 -0.339508056640625 -0.0314559936523437 0.105072021484375
0.40924072265625 -0.2659912109375 -0.0280609130859375 0.100959777832031
0.5081787109375 -0.113739013671875 -0.106758117675781 0.0520401000976563
0.57122802734375 0.2708740234375 -0.104972839355469 -0.049041748046875
0.41357421875 0.45166015625 -0.018646240234375 -0.112167358398437
0.31597900390625 0.64910888671875 0.0620346069335938 -0.0797042846679687
0.2010498046875 0.56298828125 -0.033355712890625 0.39300537109375
0.241912841796875 0.48260498046875 0.0503997802734375 0.227142333984375
0.422943115234375 0.377410888671875 0.000247955322265653 0.0506248474121094
0.421417236328125 0.162567138671875 -0.0842742919921875 0.0448074340820313
0.450469970703125 -0.019195556640625 -0.126052856445312 0.115196228027344
0.36419677734375 -0.2139892578125 -0.154312133789062 0.206085205078125
0.236236572265625 -0.32611083984375 -0.0642547607421875 0.264434814453125
0.217071533203125 -0.35015869140625 -0.038330078125 0.256698608398438
0.167877197265625 -0.37347412109375 -0.04290771484375 0.230758666992187
0.258392333984375 -0.2607421875 -0.0800933837890625 0.220169067382812
0.353271484375 -0.180267333984375 -0.0741424560546875 0.157791137695313
0.404144287109375 -0.0499267578125 -0.0999374389648437 0.0864486694335937
0.4356689453125 0.2427978515625 -0.0592575073242187 -0.00544357299804686
0.319915771484375 0.375091552734375 0.0857467651367188 -0.0152435302734375
0.269317626953125 0.544464111328125 0.143203735351563 0.123016357421875
0.1717529296875 0.34429931640625 0.03973388671875 0.556488037109375
0.195953369140625 0.273529052734375 0.12384033203125 0.33929443359375
0.263870239257813 0.1986083984375 0.02618408203125 0.110511779785156
0.2420654296875 0.0815582275390625 -0.076416015625 0.077850341796875
0.27410888671875 -0.0137786865234375 -0.178070068359375 0.13214111328125
0.240692138671875 -0.14202880859375 -0.21954345703125 0.2845458984375
0.167892456054688 -0.207366943359375 -0.0963134765625 0.381591796875
0.16168212890625 -0.22186279296875 -0.062713623046875 0.360107421875
0.1439208984375 -0.241363525390625 -0.0702514648437499 0.33709716796875
0.203277587890625 -0.143417358398438 -0.13421630859375 0.28912353515625
0.248733520507812 -0.0654449462890625 -0.127655029296875 0.175369262695312
0.243515014648438 0.0251617431640625 -0.0952835083007812 0.0933609008789063
0.235244750976563 0.179229736328125 -0.0229148864746094 0.0235214233398438
0.179000854492187 0.24090576171875 0.157455444335938 0.0717620849609375
0.183746337890625 0.355682373046875 0.19793701171875 0.287689208984375
0.102958679199219 0.0773544311523438 0.109375 0.646240234375
0.101631164550781 0.0412063598632813 0.19268798828125 0.4053955078125
0.0621337890625 0.0196609497070313 0.066253662109375 0.154067993164063
0.0383529663085938 0.0145759582519531 -0.04046630859375 0.0982284545898438
0.0709991455078125 0.0084686279296875 -0.187225341796875 0.132537841796875
0.0903244018554688 -0.04132080078125 -0.23486328125 0.321990966796875
0.0804824829101563 -0.0534210205078125 -0.102020263671875 0.44140625
0.0814437866210937 -0.0601348876953125 -0.077117919921875 0.40936279296875
0.0919113159179688 -0.0790786743164063 -0.09912109375 0.390625
0.109519958496094 -0.0225448608398438 -0.18701171875 0.305755615234375
0.104179382324219 0.0305557250976563 -0.176605224609375 0.154388427734375
0.0576858520507813 0.0597572326660156 -0.0915756225585937 0.07666015625
0.0330314636230469 0.0634765625 0.000804901123046879 0.0411796569824219
0.0456428527832031 0.0608711242675781 0.188751220703125 0.141250610351563
0.0889358520507813 0.114593505859375 0.217376708984375 0.39263916015625
-0.0098114013671875 0.191131591796875 -0.27581787109375 -0.4227294921875
0.037628173828125 0.158584594726563 -0.248138427734375 -0.209564208984375
0.140914916992188 0.094879150390625 -0.0339889526367187 -0.0418281555175781
0.13262939453125 -0.00751495361328125 0.0756988525390625 -0.0209884643554688
0.072601318359375 -0.0685958862304688 0.227645874023438 -0.0732269287109375
0.0151710510253906 -0.060516357421875 0.2587890625 -0.27911376953125
-0.00249481201171875 -0.0945281982421875 0.1143798828125 -0.418121337890625
0.0134353637695313 -0.10906982421875 0.075714111328125 -0.411407470703125
0.00419616699218749 -0.0982284545898438 0.0845947265625 -0.428131103515625
0.0486297607421875 -0.0918121337890625 0.173492431640625 -0.34228515625
0.101547241210938 -0.0821609497070313 0.148483276367188 -0.170318603515625
0.166900634765625 -0.0261077880859375 -0.00907135009765625 -0.126876831054688
0.14080810546875 0.124481201171875 -0.112747192382813 -0.204620361328125
0.05999755859375 0.147201538085937 -0.2149658203125 -0.386474609375
0.000717163085937491 0.149261474609375 -0.1123046875 -0.69427490234375
0.069671630859375 0.428192138671875 -0.250274658203125 -0.370086669921875
0.10888671875 0.356964111328125 -0.219100952148437 -0.208099365234375
0.294830322265625 0.262359619140625 -0.0447158813476562 -0.058746337890625
0.29620361328125 0.072174072265625 0.0470924377441406 -0.0105438232421875
0.258377075195313 -0.073455810546875 0.212905883789063 -0.026611328125
0.162200927734375 -0.152786254882812 0.243743896484375 -0.21875
0.0876617431640625 -0.240447998046875 0.116485595703125 -0.350128173828125
0.0979156494140625 -0.267913818359375 0.06695556640625 -0.33612060546875
0.06903076171875 -0.265884399414063 0.05279541015625 -0.360321044921875
0.156021118164063 -0.210845947265625 0.12347412109375 -0.28265380859375
0.25042724609375 -0.164932250976562 0.105476379394531 -0.1302490234375
0.343963623046875 -0.055694580078125 -0.0591201782226562 -0.10076904296875
0.3450927734375 0.221832275390625 -0.155120849609375 -0.195083618164063
0.212249755859375 0.317962646484375 -0.23834228515625 -0.363067626953125
0.126129150390625 0.39361572265625 -0.12811279296875 -0.63079833984375
0.135498046875 0.6129150390625 -0.212509155273438 -0.237594604492187
0.167724609375 0.523529052734375 -0.168685913085938 -0.155868530273437
0.42010498046875 0.414398193359375 -0.0449371337890625 -0.0665702819824218
0.438201904296875 0.158966064453125 0.0117835998535157 -0.00977230072021483
0.428985595703125 -0.05859375 0.159439086914063 0.012603759765625
0.30364990234375 -0.221282958984375 0.1812744140625 -0.131088256835937
0.17376708984375 -0.35205078125 0.090911865234375 -0.229461669921875
0.16729736328125 -0.389007568359375 0.048858642578125 -0.208709716796875
0.112945556640625 -0.398223876953125 0.0217437744140625 -0.237350463867188
0.2264404296875 -0.312164306640625 0.065765380859375 -0.176986694335938
0.355865478515625 -0.2532958984375 0.0580711364746094 -0.0661354064941406
0.4766845703125 -0.108001708984375 -0.0949783325195312 -0.0544052124023438
0.519683837890625 0.26361083984375 -0.16986083984375 -0.156417846679687
0.354705810546875 0.426177978515625 -0.2135009765625 -0.29925537109375
0.24627685546875 0.57159423828125 -0.098541259765625 -0.488677978515625
0.18939208984375 0.70904541015625 -0.159622192382812 -0.0440216064453125
0.2247314453125 0.619873046875 -0.101104736328125 -0.0510787963867187
0.508636474609375 0.4984130859375 -0.0345001220703125 -0.0515594482421875
0.532928466796875 0.21160888671875 -0.0280055999755859 -0.00573539733886717
0.54254150390625 -0.045257568359375 0.0716400146484375 0.048797607421875
0.40130615234375 -0.26324462890625 0.0775375366210938 -0.02081298828125
0.2342529296875 -0.413330078125 0.0468559265136719 -0.0696182250976563
0.21331787109375 -0.45111083984375 0.023773193359375 -0.0512886047363282
0.140472412109375 -0.46942138671875 -0.00209808349609373 -0.0805511474609375
0.2630615234375 -0.367431640625 0.0158843994140625 -0.0392913818359375
0.409515380859375 -0.303497314453125 0.0150566101074219 0.0169496536254883
0.537872314453125 -0.147857666015625 -0.109870910644531 0.00382232666015623
0.6136474609375 0.26690673828125 -0.152175903320312 -0.102813720703125
0.441864013671875 0.4666748046875 -0.135421752929688 -0.21209716796875
0.32806396484375 0.6605224609375 -0.030670166015625 -0.2952880859375
0.2220458984375 0.6943359375 -0.094573974609375 0.182144165039063
0.26434326171875 0.60693359375 -0.0213623046875 0.0868377685546875
0.526123046875 0.483612060546875 -0.0183753967285156 -0.01080322265625
0.537353515625 0.208282470703125 -0.0660362243652343 0.0125885009765625
0.55731201171875 -0.040985107421875 -0.0334854125976562 0.08740234375
0.425140380859375 -0.269683837890625 -0.043182373046875 0.1021728515625
0.254364013671875 -0.411041259765625 -0.00672149658203123 0.10589599609375
0.22576904296875 -0.44287109375 -0.00334930419921873 0.113624572753906
0.153564453125 -0.465087890625 -0.0194473266601562 0.0861129760742187
0.271881103515625 -0.35406494140625 -0.0275650024414062 0.105125427246094
0.405548095703125 -0.28546142578125 -0.0255203247070312 0.101173400878906
0.512786865234375 -0.132415771484375 -0.106651306152344 0.0582656860351563
0.59100341796875 0.2508544921875 -0.110488891601562 -0.0492630004882812
0.436065673828125 0.446319580078125 -0.0232467651367187 -0.115089416503906
0.34576416015625 0.648193359375 0.0619354248046875 -0.0824203491210937
0.224853515625 0.56549072265625 -0.02020263671875 0.396453857421875
0.262481689453125 0.480316162109375 0.0612030029296875 0.226959228515625
0.4442138671875 0.367034912109375 0.00152206420898441 0.0478744506835938
0.43365478515625 0.152618408203125 -0.0861358642578125 0.045318603515625
0.45751953125 -0.0374755859375 -0.124900817871094 0.121429443359375
0.3638916015625 -0.23236083984375 -0.147705078125 0.216751098632812
0.227386474609375 -0.34442138671875 -0.0534515380859375 0.267440795898438
0.206085205078125 -0.365692138671875 -0.0294189453125 0.259292602539063
0.156280517578125 -0.385833740234375 -0.0372314453125 0.234664916992187
0.255172729492188 -0.27374267578125 -0.0728607177734375 0.22442626953125
0.35150146484375 -0.19635009765625 -0.070281982421875 0.161102294921875
0.409942626953125 -0.062591552734375 -0.0983352661132813 0.0920257568359375
0.45068359375 0.229278564453125 -0.0623779296875 -0.00710296630859375
0.337921142578125 0.370269775390625 0.0857315063476563 -0.02105712890625
0.29534912109375 0.542816162109375 0.150527954101563 0.11968994140625
0.187591552734375 0.345733642578125 0.05816650390625 0.5601806640625
0.207305908203125 0.271804809570313 0.1397705078125 0.33740234375
0.276504516601563 0.19244384765625 0.0306777954101563 0.108833312988281
0.2498779296875 0.077392578125 -0.0771255493164062 0.0795745849609375
0.278549194335938 -0.025604248046875 -0.177764892578125 0.141555786132812
0.23974609375 -0.155364990234375 -0.211273193359375 0.29962158203125
0.163177490234375 -0.221282958984375 -0.0815734863281249 0.387542724609375
0.155654907226563 -0.233200073242188 -0.05035400390625 0.364227294921875
0.137725830078125 -0.251068115234375 -0.06005859375 0.3431396484375
0.203399658203125 -0.154129028320313 -0.12542724609375 0.2960205078125
0.250244140625 -0.07550048828125 -0.123153686523437 0.181594848632813
0.249526977539063 0.0181121826171875 -0.09283447265625 0.0977706909179688
0.245941162109375 0.172531127929688 -0.0246295928955078 0.0217494964599609
0.190750122070313 0.240280151367188 0.16217041015625 0.0645294189453125
0.201873779296875 0.355926513671875 0.210479736328125 0.285247802734375
0.106376647949219 0.0778656005859375 0.13067626953125 0.6461181640625
0.103324890136719 0.0389175415039063 0.210540771484375 0.40057373046875
0.0653572082519531 0.0185928344726563 0.07293701171875 0.152862548828125
0.0404205322265625 0.0153579711914063 -0.0394973754882812 0.0990142822265625
0.073089599609375 0.0050048828125 -0.187973022460937 0.143081665039063
0.0903167724609375 -0.0469894409179688 -0.225616455078125 0.339080810546875
0.0802764892578125 -0.06036376953125 -0.08380126953125 0.44866943359375
0.0811386108398438 -0.0658798217773438 -0.06341552734375 0.4149169921875
0.0905075073242188 -0.08465576171875 -0.08648681640625 0.39715576171875
0.112060546875 -0.0279617309570313 -0.1768798828125 0.3157958984375
0.108169555664063 0.0266342163085938 -0.174285888671875 0.16339111328125
0.0618820190429688 0.0592918395996094 -0.0891799926757813 0.080322265625
0.0370559692382813 0.0637855529785156 0.00123214721679688 0.0397148132324219
0.0503158569335938 0.0621757507324219 0.195465087890625 0.134231567382812
0.0965194702148438 0.115631103515625 0.234283447265625 0.390777587890625
0.194688362499178 -0.0523719352856251 0.176754512893123 -0.497803941552454
0.132015265394213 -0.118135296763663 0.0376375504526952 -0.353460725094286
-0.0012601412646809 -0.169712155845086 -0.0173592063041908 -0.0345067856577486
-0.106169729842295 -0.103400296927389 0.0432541253419918 0.0926122133471248
-0.121512301580819 0.00874419840135254 0.210239950356672 0.179249716344134
-0.0850152730482843 0.0506374993489216 0.379057547999271 0.104730100465119
-0.0877283634117416 0.0777584244483454 0.444731107233597 -0.0359382355260299
-0.0866187255165433 0.0910736763548097 0.439296147268893 -0.126662223728422
-0.100094529755168 0.082218611042755 0.440184498015339 -0.0987009204118918
-0.106564216510457 0.0446774816219454 0.378575862323328 -0.00716871042722504
-0.138067578377552 -0.00836012973893248 0.233362607021712 0.0692858888039855
-0.128979547543574 -0.116219947063385 0.0929182656797967 -0.0496566120758317
-0.0184075341339719 -0.166835221426816 0.0821912718508248 -0.202928317357578
0.0823531842422173 -0.111307489551258 0.208388494529103 -0.391793718551669
0.123557905896668 -0.0435343549145784 0.454692911321616 -0.516813996433761
0.337312295330654 -0.251746631006632 0.107779956858283 -0.455428859841235
0.241700326678283 -0.30636222228482 0.0112368846636395 -0.339239793692961
0.0437760876052755 -0.396067567627999 -0.0612619969662124 -0.0373947015275216
-0.153969401835312 -0.302116076817604 -0.0215919706836297 0.104413407082163
-0.264476406340684 -0.125056464849675 0.154572291567869 0.221314372450792
-0.247950144936102 -0.00898180617331434 0.321888227326959 0.147926872476234
-0.266826998656644 0.0739415388207126 0.386586846952842 0.0189524194213278
-0.255995874377021 0.129873304479832 0.374126997322544 -0.0822810779123083
-0.279173364679538 0.123222641492877 0.37131476724794 -0.0795249931999623
-0.268101990861952 0.035091123752334 0.302157105124491 0.00194113658446016
-0.299648286360417 -0.0611780831052278 0.168105878713438 0.0728624029551276
-0.26334505846137 -0.251709375268442 0.0235710415855004 -0.0598705047129909
-0.101036958721572 -0.373258646136384 0.0300736746269176 -0.224836851969484
0.119882488754638 -0.329357825405493 0.152942159979037 -0.41086749109618
0.248064593095084 -0.266792899986012 0.384713498856354 -0.514829887168338
0.443859063523386 -0.418729325211157 -0.0105555954599452 -0.353280559167562
0.330784809409566 -0.465903338728711 -0.0455417744527689 -0.277314027719807
0.0934475054372419 -0.590580481231175 -0.102266846727464 -0.0296652452840301
-0.179095406802137 -0.486151857826609 -0.0803271591809506 0.0991969510392321
-0.377168224784576 -0.262632860070975 0.0809092522987579 0.220262819734536
-0.383490159332693 -0.079050096273064 0.215337324418838 0.157316106557586
-0.412335660451213 0.0523021895233916 0.265163824483988 0.0634876702988909
-0.388442962386044 0.150094452095766 0.252010243151578 -0.0266206801467625
-0.413492051552754 0.157512968738037 0.25213795621963 -0.0402141581573367
-0.392686304940288 0.039717944517717 0.186302153314173 0.023233707453073
-0.43314291162032 -0.080320011744962 0.0816958996902395 0.0801208189491299
-0.388649594009831 -0.333473341935148 -0.0487921586365898 -0.0486868352727415
-0.199949979034009 -0.52107905156912 -0.0244452442902546 -0.206900752773923
0.114276502055707 -0.504925251907172 0.0908671230174674 -0.360495334046676
0.32089566493444 -0.457170899969904 0.280918742524684 -0.427021829492963
0.482015436358754 -0.535867149567448 -0.161350046002297 -0.197343191939067
0.361745219483582 -0.583777492254437 -0.130604306345372 -0.163209073771162
0.106666766168304 -0.718393471628815 -0.139206088422935 -0.000360670705009214
-0.199653573789008 -0.607881054310006 -0.129624272317159 0.0835921282169915
-0.445970846559879 -0.359458383110049 -0.00960555045418049 0.178518671446863
-0.468537424878023 -0.134545815803484 0.0685619051521669 0.134206100249346
-0.498087075893376 0.0232500603343395 0.0976069032528051 0.0943971109909645
-0.462662538984721 0.148704859422274 0.0932446842592306 0.0346670704319994
-0.486152334734369 0.168146513216905 0.0994169811389374 0.0138297334879934
-0.45983558585114 0.0387360823280579 0.0456005845684249 0.0585190407177981
-0.5051861351024 -0.0876076027467348 -0.0183259968268019 0.0926966418363835
-0.459961266019232 -0.365708163636012 -0.113216818576601 -0.0210999577257983
-0.267151672586932 -0.588356351019547 -0.064020504561953 -0.156079405967669
0.088571884469067 -0.600142901793663 0.0452101228187827 -0.25016629069352
0.343950971274212 -0.574670167834641 0.167698253869978 -0.267705173635837
0.443808331882604 -0.579417122873526 -0.31709379415571 -0.006776613573224
0.317450472100563 -0.618166890782915 -0.220629655378859 -0.010801125412459
0.0819551637751363 -0.727803086166579 -0.166484182265591 0.0424214698687602
-0.20498902583628 -0.613435593326993 -0.164712178314554 0.0617015819434825
-0.445684794960088 -0.378443412419504 -0.107134553689781 0.106767091580232
-0.474216162647259 -0.159258284135123 -0.0986069128180808 0.0886336472349656
-0.504107521933209 -0.00605653807769634 -0.0892842592650672 0.110614036841556
-0.465075405676628 0.12323753058052 -0.0788017543059907 0.0909395423913804
-0.485763396585093 0.141488804945332 -0.0635511962079767 0.070624703324989
-0.456242942927662 0.0143927533601555 -0.0999843036497304 0.0928564209691201
-0.486751295829056 -0.101495088920714 -0.118735839791756 0.0954027684762818
-0.430097165413594 -0.356344417740028 -0.159715870901302 0.00440325551041953
-0.259646194407268 -0.565936766336971 -0.0808154761558663 -0.0930181847348066
0.0714019356107217 -0.590903635452156 0.0207667999154889 -0.104177396485531
0.319385114359394 -0.590381705140501 0.0622774971061099 -0.0679937667433937
0.326844892854536 -0.534338545706837 -0.439134739821476 0.191936400912035
0.204022237875896 -0.54672238440712 -0.288343547420606 0.154007727433425
0.0311660382898699 -0.594851347832888 -0.174802366283592 0.0890863500508608
-0.17481590732336 -0.488300615673711 -0.177817577611783 0.0394181615609464
-0.360067611383603 -0.313866538150227 -0.190534616664166 0.0272322340651679
-0.394389763183193 -0.146474170516403 -0.252151776033249 0.0374618795427282
-0.428558864329082 -0.0273542930118661 -0.26133150845833 0.115454266473393
-0.397619284338714 0.0757672292039458 -0.23704619007207 0.132962299290376
-0.415436760486271 0.0834662554151933 -0.214839122522592 0.111947231409578
-0.383229272695604 -0.0328100788495658 -0.22819977471492 0.103130680456144
-0.382434248596797 -0.127603762406316 -0.200987104313923 0.069832002462
-0.308033269847345 -0.315200981207851 -0.179507481915593 0.00999820224849527
-0.176226619652732 -0.462416449317442 -0.0775369212609756 -0.0394645222537882
0.0684488210615773 -0.476514785125734 0.00963809656091688 0.0400662696090675
0.257313130376285 -0.507843290615884 -0.0323262599184227 0.131827691702658
0.16103073916149 -0.401210601028074 -0.499938897083987 0.366099024618694
0.0625624662743955 -0.37438726687983 -0.311251133725478 0.301709989176396
-0.0156477231561321 -0.356012151369891 -0.15747889462752 0.131079151083861
-0.10899388248204 -0.280365764260786 -0.161815174835446 0.0265298954870243
-0.213027203128699 -0.197880823875677 -0.238625860114806 -0.0377541040481446
-0.248656078836864 -0.10886194290241 -0.359337942943672 -0.00250800453256516
-0.282558857532609 -0.0450698935359762 -0.390629511324124 0.111040498812044
-0.270837214176694 0.0174983963996929 -0.357721455531667 0.154807340629264
-0.285800230936046 0.0116421482704091 -0.333719306699512 0.124788234591199
-0.254651216634571 -0.0758646421179699 -0.319264495224359 0.0761577713699935
-0.222205183329407 -0.13862322422394 -0.24881433194143 0.00991065059754222
-0.136920932512956 -0.230875142705271 -0.169836766312169 -0.0104996066653149
-0.0649764127766048 -0.289785376729411 -0.0613766745560194 -0.00339281839948457
0.0555340698774925 -0.293806512939645 -0.0033006104758933 0.15546690940665
0.15901880999724 -0.348963311803258 -0.11066914316176 0.295772238118259
-0.0185977575603014 -0.199263991428757 -0.492492546239929 0.488906441253169
-0.064954369594808 -0.141932518115222 -0.283698808955558 0.413298919254299
-0.0353292176775871 -0.0785400158927122 -0.112594631961767 0.165291765290942
-0.0140967062530151 -0.0560614385411771 -0.117747729646349 0.0225446731706522
-0.0357321262158071 -0.073293991251764 -0.246297386964005 -0.0788902383610833
-0.0673740380024406 -0.0689285562495105 -0.408406715202486 -0.0255864754411307
-0.0951853614674897 -0.0631553664021053 -0.455834159115887 0.10208627362328
-0.101847316446939 -0.0435064097072387 -0.424510258184015 0.153817862529415
-0.114123319403386 -0.0510319592346056 -0.404858041901351 0.10557307849101
-0.0936449329696204 -0.0890146223601421 -0.362951100588614 0.0192200315405462
-0.0475442717933329 -0.104416040315829 -0.253695143496702 -0.069855960201535
0.0157068035732393 -0.0965754453199307 -0.131740504609531 -0.0406133345458672
0.0147360787757666 -0.0746874674624463 -0.0395169507694594 0.0198068534215571
0.0062084421441318 -0.0855791756169855 -0.0236084306992791 0.230670517957728
0.0262762743696471 -0.151118661758571 -0.165311328785877 0.402357978804913
0.187911387036352 -0.0652239550814833 0.143319791774883 -0.509096178360145
0.123422560269384 -0.125273753710679 0.0132799660286877 -0.355149139295748
-0.0118531669445656 -0.167192491938596 -0.019232838670218 -0.0350253573015344
-0.110917713113842 -0.0953304994865089 0.0490859324076687 0.0889076313349008
-0.118615362031599 0.0154377099841529 0.225122119198263 0.163690465601997
-0.0809566107287046 0.0534319334589709 0.387724852013489 0.0760827410530036
-0.0818243872398587 0.0826873854915617 0.439633101204441 -0.067872314594531
-0.07817694118369 0.0969344938479874 0.426269112157627 -0.155073142901063
-0.0929920996723148 0.0896044197785958 0.431114900764701 -0.129690464081493
-0.101727399186185 0.0522028917921402 0.378249938870483 -0.0356281698674744
-0.13755378699292 0.00237812940112814 0.24118692879383 0.0527386989259674
-0.137358922029703 -0.105154945577413 0.0877646083923743 -0.0542259658226318
-0.0307028378494177 -0.165182478978811 0.0681523086376099 -0.205646168353192
0.075080588440701 -0.11487700934325 0.180235972352752 -0.402516032692688
0.118998742605276 -0.0519650548884636 0.42004796570701 -0.543530476103626
0.31647316596334 -0.273987436954014 0.078491410097511 -0.461429183205675
0.219873913566894 -0.318677041932188 -0.0117660121083901 -0.338464924982818
0.0160009069911976 -0.395080353360749 -0.0623096708306378 -0.0352563914645712
-0.170856031439188 -0.291537923494265 -0.0152789351531677 0.103692466453626
-0.2690130608392 -0.108017794887667 0.173037572873439 0.208812151777207
-0.248054580909117 0.00490477058807128 0.332680751230283 0.123505768399255
-0.261732244600717 0.0922926702788855 0.386464679450036 -0.00983991153065729
-0.244793793606839 0.148332230206093 0.365384654098923 -0.108281485531382
-0.269324656298206 0.143976022114509 0.363854159500049 -0.106315200732103
-0.265406486138245 0.0528158673596385 0.30279156717861 -0.0208838823937304
-0.303111620344942 -0.0391942418082425 0.176310535345352 0.0597921562813405
-0.281254539283692 -0.232206626282794 0.0177318166825624 -0.0595269955187156
-0.127048762498472 -0.365049958776594 0.0144579387780997 -0.226348491315209
0.0986941591451992 -0.336837333667566 0.123798836460266 -0.418836906302384
0.228102688937155 -0.28454607722748 0.348909538980714 -0.537274492589047
0.41100910759607 -0.449500796349401 -0.032725575014632 -0.351623654892273
0.298269972138128 -0.484093421261063 -0.0631515970701345 -0.272521612879545
0.0508184967391349 -0.592864285301241 -0.101973314599761 -0.0256471367867483
-0.208578980047294 -0.475404910495727 -0.075217457777409 0.101521374401299
-0.392869426208665 -0.236202195794611 0.0991465908208991 0.213232136500118
-0.389950206368327 -0.0555746933607245 0.227063589630468 0.141609081458235
-0.408786964465465 0.0811558344406458 0.269827701290232 0.0423845362652591
-0.375497853528417 0.179189735252694 0.248431241176864 -0.0444311357023762
-0.400862000608229 0.187340942880323 0.24674647146768 -0.0595253747998387
-0.391322876500361 0.0648416340816709 0.187867699151252 0.00887907619315561
-0.437764952584812 -0.0496134685963293 0.0895873478101391 0.0727704970338284
-0.413746148561818 -0.307347432203498 -0.0533283279525827 -0.0431132069210514
-0.235481161982556 -0.506143468018662 -0.0389101595466597 -0.206980339418729
0.080476961165976 -0.51363017675506 0.066011579443465 -0.365814718751543
0.289385904448454 -0.479739777532073 0.25273692665943 -0.443890095045683
0.444012320568808 -0.570078857404805 -0.172578902423094 -0.186933290618674
0.321542915672619 -0.60328111625581 -0.138523205434304 -0.153279910769346
0.0568044246495308 -0.721441146417325 -0.136687070774882 0.00482553948421392
-0.238349747486122 -0.593833790757744 -0.12412528928566 0.0884192750265229
-0.469738989526606 -0.327349101893094 0.00613209380385816 0.177097741273286
-0.478671059049457 -0.10534687223362 0.078416450551672 0.129743817873921
-0.496250214161883 0.0604224667077485 0.107239328853678 0.0846486455744276
-0.450532912598688 0.182853736516054 0.0953492532156638 0.0267804511477329
-0.473312384333919 0.202900426187405 0.0984979186069214 0.00533094776746414
-0.459965039397723 0.0677759479059996 0.0502985157405928 0.0543545155258445
-0.509255310524302 -0.0517004650594368 -0.00990415991078609 0.0911881971183704
-0.486608859915153 -0.334162318497164 -0.115850727142679 -0.0110298056220416
-0.306345670655088 -0.569300709497407 -0.0750136489114342 -0.155301071334269
0.0487950823089194 -0.607380001024079 0.0278402295309252 -0.253292734834184
0.302447515427464 -0.599987803124825 0.149708411096929 -0.277169199680912
0.403678363237961 -0.610476963083209 -0.314430789482944 0.0135262935029615
0.274972300076758 -0.635279447831056 -0.217549302866056 0.00433640522816861
0.030529381753624 -0.731606994055674 -0.16109469991076 0.0505332836404253
-0.243596128194091 -0.601362350009747 -0.161140298058129 0.0691417069039585
-0.46949856093245 -0.346167979666427 -0.0965641421356822 0.112426171540696
-0.486877473288576 -0.128695927471144 -0.0924299821441602 0.0969780556606082
-0.506519629452188 0.0328113615711389 -0.0774833894395347 0.114221666026622
-0.455843824196206 0.158027105715733 -0.0714248885489336 0.0942561588484695
-0.475511398837777 0.176690620131305 -0.0600264646105454 0.0733394514950173
-0.457815024839881 0.0432179735831995 -0.0929719248142445 0.0982460620102848
-0.492010916602687 -0.0678031613814748 -0.110673790626317 0.101040249928547
-0.455882346995 -0.328704474482446 -0.159625434038845 0.0174850218810476
-0.298619444318721 -0.546703442591716 -0.0872167373605858 -0.091598502433062
0.032806132815359 -0.595642280358184 0.0140871711256626 -0.107369781711228
0.27756114708948 -0.614069868200828 0.057078941734851 -0.0706616093818949
0.291720151266681 -0.558235380862804 -0.422851248330421 0.219382257006174
0.167928284962461 -0.559087579891691 -0.273664593007692 0.173975435591376
-0.0110936916987373 -0.596894660309203 -0.166521944051907 0.0980996693801849
-0.207295169226605 -0.480103026447374 -0.175111651055991 0.0481743940885573
-0.382657280131465 -0.28836963217313 -0.186832506807296 0.0398639616284234
-0.40685524181127 -0.119548331732002 -0.249153389407864 0.0577956722256434
-0.432433272777258 0.00488627779146493 -0.248707434819963 0.130717589047746
-0.393159693993054 0.107052974470099 -0.225371724331754 0.146418573726001
-0.409248813961499 0.114253961657582 -0.206911079715454 0.125317593950864
-0.387789900300744 -0.00770061787643471 -0.219704869516841 0.117749741540294
-0.390062653711225 -0.101073614263756 -0.195475136086747 0.0818237522666836
-0.330134828955242 -0.296537696952578 -0.178312509966735 0.0232897536402153
-0.208595638352001 -0.449577938531667 -0.0804883520293084 -0.0380012997055337
0.0373078656140126 -0.482705599206465 0.01190725532871 0.0369962144067668
0.222164077183715 -0.527611057201745 -0.0237885884047472 0.13499178084963
0.135981679808588 -0.414197208651555 -0.473951395511114 0.395219330375438
0.0392644882113428 -0.377599668598624 -0.286367115727853 0.321658394445189
-0.0401530594116709 -0.355319418529761 -0.147294782750929 0.139552010283451
-0.127171047552334 -0.275859533181955 -0.159755199974695 0.0345554567241269
-0.226597383873834 -0.181858459893771 -0.241427483523028 -0.0215676341621438
-0.257800592107256 -0.0919610059356565 -0.360371050366723 0.025162732672235
-0.288200135646851 -0.0224500575225211 -0.377798915461812 0.136902873614089
-0.270671316352309 0.0388381279851116 -0.34419412290154 0.17691924285832
-0.285266804199865 0.033473372159965 -0.3243280403679 0.146078675982945
-0.262067119484516 -0.0592679696231078 -0.313009069468932 0.098463192117682
-0.231675640407344 -0.123164634334312 -0.247695523834658 0.0257394196681373
-0.153920910409024 -0.223403346715727 -0.168989621034264 0.00221075124740107
-0.0851852211760445 -0.285100179118086 -0.0623820868385003 -0.00219293311368107
0.0363752541391691 -0.299224337629513 0.0065972453317453 0.15260310318839
0.134841211149401 -0.361570673122939 -0.091695704696697 0.30346172271676
-0.0292256010222042 -0.199021845236199 -0.457914658880784 0.517825675176382
-0.0727245857975408 -0.137075366375508 -0.251479334141631 0.430484071256458
-0.0397927274469988 -0.0774245156669343 -0.100985207084036 0.17103005153184
-0.0179265432520858 -0.0577176664421668 -0.11657026440813 0.0290881834099665
-0.0408289756201726 -0.0698504889584454 -0.253799274287912 -0.0623187040254138
-0.0726458434705557 -0.0635628717318199 -0.411034985563229 0.00589254520168459
-0.101396335510774 -0.05453432449253 -0.445470777691787 0.132826211804517
-0.106607366739852 -0.0343900734664145 -0.410590299112273 0.180723315882075
-0.119072370944472 -0.0417036621808494 -0.395243675852635 0.132463425192724
-0.102153175873534 -0.082595379561588 -0.360476877792578 0.0451117979487436
-0.0560253844883844 -0.101542238473437 -0.258586266797696 -0.0515425226940815
0.00754790624077862 -0.0998312264792146 -0.132778735027205 -0.0308770892403094
0.00892767523809736 -0.0765032359154375 -0.0390115802958519 0.0205978142186069
0.000771247109116505 -0.0876389711376377 -0.00730633781724977 0.229495914054548
0.0171396340847679 -0.154520689371386 -0.139722498018289 0.413825886023356
0.176896357290098 -0.0741643616774359 0.109713989025373 -0.508048753661464
0.113284980963586 -0.128127588057102 -0.0102412090503823 -0.347736090093454
-0.0206687444520635 -0.160429054482208 -0.0203730768892978 -0.0351284645660409
-0.112169408691324 -0.0861986432514473 0.0529368548597412 0.0826696675812818
-0.113214039624068 0.0204020889490682 0.231665884268426 0.143911069610293
-0.0762977565385484 0.0554602737791998 0.384404302801229 0.0479942054757104
-0.0744717287589363 0.0855237230349151 0.424050999046107 -0.0939169784757675
-0.068841382483427 0.0994743230877458 0.40331130902082 -0.176954675268124
-0.0839629163131208 0.0942457245550525 0.411875258340053 -0.154920464447906
-0.0957605621384078 0.0570819734790677 0.367726291185298 -0.0610386027764524
-0.13315221893198 0.0117162961141076 0.241968743384965 0.0351902316184191
-0.141263245788265 -0.0925969337468758 0.0813746355991333 -0.0562694208660223
-0.0408354113791681 -0.159066744899822 0.0536620363072416 -0.203232940074039
0.0670126262855409 -0.116132032418426 0.151048750030145 -0.401362679778216
0.111434030710436 -0.0584386251195066 0.376409020571084 -0.552831420848338
0.289260185979402 -0.287024833328512 0.0501476189456805 -0.456174088297874
0.195090779600906 -0.322537780437729 -0.0319277574512756 -0.329885692343964
-0.00923877601439179 -0.383930049505936 -0.0616687193381689 -0.0337422473430505
-0.18243284980344 -0.275175649842445 -0.00957045157700755 0.100174138802044
-0.267655013924612 -0.0896920624076118 0.184575455366636 0.190926429878506
-0.243803104616795 0.0177472047425804 0.334258144052702 0.0978951769018859
-0.250057121697434 0.106957743409262 0.376133733429616 -0.0355989411999331
-0.228250990193546 0.16150217570459 0.347574388628262 -0.127022945656791
-0.252361285209675 0.159059539580045 0.347417613363407 -0.128022156583172
-0.256878762032088 0.0664284994573162 0.294798636858121 -0.0420476769677549
-0.297786261495736 -0.0191915633451003 0.178690014406547 0.0455658221797453
-0.291074602340293 -0.208991214784248 0.0124472226451837 -0.0571599423828834
-0.147622830506956 -0.349217904495772 0.00043232800274876 -0.222186500486324
0.0775499239051486 -0.335527394512223 0.0957563932395187 -0.415349360052022
0.204054531068108 -0.293209680581563 0.308933817774159 -0.543402373331807
0.372224064523836 -0.464988036809709 -0.0517253980252422 -0.341725536325216
0.261845212519869 -0.487669916055147 -0.0756373061730225 -0.261541266067324
0.012266328309964 -0.579452834215155 -0.0995322647673948 -0.0222132336868175
-0.230374196581293 -0.453821026543675 -0.0686277941353513 0.100330950430336
-0.396355498794408 -0.207172996889307 0.113366740177696 0.199609057600811
-0.387539958975137 -0.0325409472788397 0.231885734671479 0.123559774252662
-0.395093044433946 0.106017374344858 0.266682262213279 0.0215485212626972
-0.354289847953888 0.20009413029221 0.238572771443587 -0.0592965752981542
-0.378695672563774 0.209791769794986 0.234459416810419 -0.0746135794424544
-0.379806196876195 0.0863956668415258 0.184330427635039 -0.00501103835156141
-0.430692415661732 -0.0200948485782618 0.0945034465605196 0.0628674110215284
-0.425365218553854 -0.274958192256947 -0.0557262387956351 -0.0360914351248603
-0.261921713713934 -0.480091498223705 -0.0510344779898231 -0.201402607663369
0.0503263690418884 -0.507985445564689 0.0422761729473884 -0.361233168016249
0.251785293026964 -0.488765170261399 0.220457592644906 -0.446435415094123
0.396874384001704 -0.586457319308266 -0.177624568367991 -0.172658024653634
0.277157048212349 -0.606948058747089 -0.141462333604737 -0.140732183040207
0.00896995136554132 -0.705023065079371 -0.131033499179893 0.00970772257968964
-0.265919501516591 -0.56934466860965 -0.117828211429542 0.090319797084664
-0.477672876915481 -0.289939508425643 0.0208578169118686 0.170638412320113
-0.476966936722418 -0.0750563832668012 0.0855748585410888 0.122067134527743
-0.483899149841411 0.0917867322023127 0.111644928230243 0.0724916556921017
-0.427297391923903 0.208813892971633 0.0941357145920231 0.0193677653920788
-0.448776619905075 0.230024543550369 0.094469894758401 -0.00251719548194512
-0.44670441306946 0.092752599257192 0.0523146758456422 0.0480862341674786
-0.50001171334844 -0.0193309226729552 -0.0030147895699343 0.0869861837275537
-0.498665487863151 -0.297731347822147 -0.114536555032101 -0.0014182203335503
-0.335269183390194 -0.536688627495297 -0.0834931816773995 -0.150098446241526
0.0143069869217211 -0.598376262366931 0.0111322865482539 -0.250158656949369
0.257741598185976 -0.606934715319059 0.129391207074294 -0.277399235791623
0.355574743266067 -0.624090009371191 -0.304054757028266 0.030924435019613
0.231797970245254 -0.637769714096276 -0.20903476368101 0.0178533971027407
-0.0171422517465615 -0.715064750787192 -0.152547622223032 0.0562183941340529
-0.274634238737998 -0.577164157274138 -0.154540521649777 0.0740392602720057
-0.481372153122753 -0.30853438719479 -0.0849066380906491 0.11426124469316
-0.48676107799592 -0.0967807840812176 -0.0838299079533419 0.10210204595178
-0.494865676306737 0.0671782967319715 -0.0657309769375517 0.112913870642537
-0.434577865403411 0.185909244025293 -0.0632907123788483 0.0948734204065174
-0.452697663976684 0.20444840691925 -0.0553094699567611 0.0742562100197278
-0.447757209323063 0.0695426589744666 -0.0847051079020838 0.101059413140085
-0.485022461954466 -0.0358171000265973 -0.101650221127134 0.10378290909422
-0.468910348309683 -0.294737057146936 -0.155076428819945 0.0286319330125786
-0.326174331429491 -0.516142706787659 -0.0926066313622311 -0.0874178035990605
-0.00300488061485302 -0.585442839688274 0.00620087116396607 -0.10649976887172
0.232701786524256 -0.621591211394413 0.0509798283199502 -0.0710164007685318
0.25208325605035 -0.566281083160791 -0.398072411030388 0.237818754523769
0.133019880831605 -0.554255832164828 -0.253010833538301 0.185918750141609
-0.0466996043319135 -0.581166564812186 -0.155524265942854 0.102751368140036
-0.232161476943208 -0.46121386566253 -0.169622586300733 0.0551419256688591
-0.392080010093595 -0.257239375931191 -0.178881685521781 0.0495161178939127
-0.408491708982878 -0.0924700573300086 -0.239880655480017 0.0739990567049839
-0.425140072341114 0.0350886776709425 -0.231915469614438 0.140554388912577
-0.377748512242291 0.131821938610567 -0.209445609418236 0.154584328757406
-0.392656202177618 0.139551391745725 -0.194557027683606 0.134207826415081
-0.382816115360139 0.0151658080466534 -0.207227581911828 0.128887530634742
-0.387480651015485 -0.0747505384797563 -0.18635538877105 0.0911095207093795
-0.342307558738675 -0.271386401189744 -0.172645324517932 0.0350327740333631
-0.231448917587095 -0.4266648046973 -0.0828288112080765 -0.0354145216625283
0.00638724491839734 -0.476503237290502 0.0130275111781628 0.0336610956183103
0.184688675798489 -0.531660242560592 -0.015956880706563 0.134119322555002
0.10926774244905 -0.415984891468766 -0.436873705941503 0.412588537063811
0.0177636523959149 -0.371504888292644 -0.256763343011584 0.330352194521967
-0.0615378072027182 -0.346394593892608 -0.134992400711617 0.143679312167633
-0.14144807470352 -0.265130921517512 -0.155089793390277 0.041534548193193
-0.233473728599702 -0.16317961100826 -0.237786169086702 -0.00691938617991862
-0.25987702152044 -0.0734590331628113 -0.350515002879571 0.0504283712053125
-0.28465195696225 -0.00108473232485087 -0.357514424556872 0.154599994347254
-0.263215060674373 0.0573625401007386 -0.323854629374147 0.191288280823791
-0.278100306730237 0.0518840122861471 -0.307965043919732 0.161816128293749
-0.263069264913934 -0.0418502892960795 -0.298698555384297 0.115576171113775
-0.235006811033883 -0.105774378021964 -0.24146155965288 0.0404175533087661
-0.166246452427941 -0.21078500124247 -0.16365156721457 0.0129829079458714
-0.101804087874912 -0.27388091644739 -0.062656843898969 -0.000943467657664329
0.0172945300822903 -0.296319310363218 0.0151154437194883 0.146674969785742
0.110174561321393 -0.36325418498447 -0.072604100100566 0.303096800000501
-0.0377347179150771 -0.195251416497834 -0.414803802396513 0.529331074397211
-0.0773496954772235 -0.129937928847367 -0.21622624875215 0.432983208283394
-0.0436271184667583 -0.0749508127333993 -0.0880660664366792 0.173260252393728
-0.0214343257436474 -0.0573136783418968 -0.112972256844089 0.0340713746433026
-0.0446292992657573 -0.0650347336488419 -0.254272026643644 -0.0447561799411603
-0.0761656499485532 -0.0571770966058405 -0.401284080894505 0.034952691630892
-0.103977195117525 -0.0450111454609289 -0.42231398620037 0.156840235830874
-0.107844354996469 -0.0252617342210058 -0.387769293901237 0.198891514626914
-0.120365689215425 -0.0319605179786201 -0.377059412655812 0.153295840621662
-0.10765427132607 -0.0737784897379836 -0.348631323975535 0.06737794970757
-0.0623692588871974 -0.0960673834709635 -0.256890893378825 -0.0337417415804505
-0.000387172441554416 -0.099607956124743 -0.130061568666324 -0.0222716118766066
0.00286260396163061 -0.0763748004404873 -0.0385737362779439 0.0213378591506574
-0.00519777170859232 -0.0876416834701141 0.00547379961677605 0.223217285364134
0.00798058849134304 -0.154082594136203 -0.113830218431109 0.41398573364081
0.132092727525195 -0.132958050003781 -0.0692711053751285 -0.495577361309984
0.0557049742394048 -0.158516543594752 -0.1229956402751 -0.30720225046844
-0.0744763352282468 -0.137834842410527 -0.0207746457451182 -0.0254769992772855
-0.130893410639007 -0.0371705190034191 0.0830016622431951 0.0528639642707814
-0.0928577561374969 0.0555934150764534 0.261211445244471 0.0479263214795532
-0.0461492835755223 0.0742372080681916 0.365663100304897 -0.0951355554917998
-0.036134796101318 0.102864806236545 0.351589737741576 -0.236902160294456
-0.025861003976316 0.110004445396568 0.300918814455042 -0.298831823618349
-0.0422407332415558 0.112947298396681 0.319889175941723 -0.279822334157726
-0.0685495895277434 0.0821901157883614 0.315479814831956 -0.180104259557884
-0.115572175869142 0.0564601602566719 0.235233112300205 -0.0529496558529024
-0.159011036361087 -0.0357562909279663 0.0588068645531963 -0.0747917537634907
-0.0911752365543071 -0.130455305150415 -0.0176490497846376 -0.197578137845597
0.0211901607382345 -0.124666009437012 0.00714196463071532 -0.413933262577765
0.0819044988724626 -0.0858279923420828 0.167117102742036 -0.616604855512245
0.160035264708742 -0.371484320318823 -0.102175208619679 -0.419634900468736
0.0610925778931697 -0.366654940388611 -0.129343975914824 -0.274680453627572
-0.144143091276459 -0.344221616203081 -0.0451715797598125 -0.0070471896863611
-0.263562840655376 -0.182122447447659 0.0422426539993889 0.0881393353445081
-0.270333059339363 0.00969536400045382 0.240672734723952 0.100886463596178
-0.211982356049383 0.097330936065645 0.340881585302106 -0.0366042602822811
-0.191064141752482 0.184296406281888 0.334248236297817 -0.171304749254917
-0.149362146092342 0.219162507246116 0.267394253892175 -0.239931464001479
-0.172755544653467 0.228315329655181 0.269232351220155 -0.235660091724695
-0.212779492710035 0.144851353008768 0.257806444090875 -0.141434507561495
-0.275250135803136 0.084168034563759 0.184034777239692 -0.0262385268320182
-0.334826539641855 -0.0920358349062656 0.000555377084376797 -0.051747411083562
-0.250008196254128 -0.267737908244748 -0.0731997994524992 -0.194147182789065
-0.042581957635059 -0.330118694530381 -0.0521729056572792 -0.405660357986017
0.092365866137979 -0.334042369334635 0.101262034788968 -0.585874818703562
0.173652140901067 -0.56745444804013 -0.153086644658327 -0.274831308580361
0.0627911327911439 -0.543154301912202 -0.141372491520539 -0.190530357280217
-0.194214946472329 -0.529828667327995 -0.0652758451276025 0.0201626379025758
-0.373072675183265 -0.326299561092859 -0.00199413462079158 0.10823392725537
-0.427045124596758 -0.0518830589146599 0.185536737085617 0.128340109738487
-0.360713844982993 0.100728664172773 0.259996442569879 0.0184151342772579
-0.327245360660415 0.235524327224294 0.259723064923818 -0.0840040473557917
-0.249564984295624 0.296962141723976 0.192053271316806 -0.144425901117353
-0.270204287628803 0.317656016276882 0.184894006637922 -0.151707015930796
-0.31948501267317 0.204609152388046 0.17140412008942 -0.0736520771799526
-0.396428466825593 0.126194952741862 0.115694436847588 0.0155676508309588
-0.480765041438172 -0.108439667612763 -0.0519866956418075 -0.0103041138377519
-0.397350694504475 -0.348075422701844 -0.112529340963491 -0.155624158280448
-0.125673252470463 -0.479290468415094 -0.0860469343876267 -0.337770761576649
0.0731527992999442 -0.530558916417757 0.0458120962773706 -0.467593570336142
0.154572176484582 -0.687412838137934 -0.209079781556104 -0.0738540496398214
0.0355124340985761 -0.658511296266931 -0.15547758525184 -0.0542454630565507
-0.244650711032159 -0.643745114817051 -0.0755906693234107 0.062691293679241
-0.451010878582447 -0.419858958898123 -0.0436978931419864 0.115806562079729
-0.529763756961711 -0.0987791050290237 0.0959358681901826 0.130004395763703
-0.458852958016332 0.0937664016927371 0.1294500212963 0.0657849135411255
-0.414748332698685 0.253046692525188 0.139985623715327 0.0150451555746354
-0.312954262606691 0.330257938789932 0.0901110614500377 -0.0261475030153344
-0.32647779846385 0.359996794237308 0.0813651461036162 -0.0401278040719854
-0.379015571716431 0.232906853905733 0.0699751036020727 0.0183341648405725
-0.459955833357522 0.15062253423075 0.0364527384353469 0.0692834727388789
-0.556058536340371 -0.104919897713788 -0.0917493252911727 0.0399595532176636
-0.482658997744296 -0.377646668950379 -0.126000190990856 -0.0974205094517883
-0.18894592930449 -0.550512705491473 -0.0794324708579554 -0.225265961641361
0.0424162549468648 -0.644027457652529 0.01223714457547 -0.285642952159589
0.103405615718418 -0.707771708842974 -0.254468645487077 0.154662037311041
-0.016789244027571 -0.668530098054311 -0.161736062743755 0.112656049258425
-0.271339805779349 -0.644955253472497 -0.0789874543680561 0.11151927139767
-0.459625036822707 -0.424236920114121 -0.0827299051978036 0.111971028468674
-0.542034215478721 -0.114810470409072 -0.0186851853304951 0.114402710700509
-0.47758573468174 0.0780543452322008 -0.0303702677320564 0.106224806452881
-0.435725851965091 0.235948925005034 -0.00570139677045788 0.113739055151278
-0.326919345210354 0.314067232956634 -0.0255787379610606 0.0948475708695426
-0.338922745541531 0.338323006110512 -0.0283777691209658 0.0794979547078286
-0.386170840082776 0.212201737664862 -0.0367278900157943 0.112046813143547
-0.45070451858375 0.130861333383659 -0.047707653680601 0.11840071023158
-0.527775899968843 -0.113357363310016 -0.119444102171206 0.0801533650132219
-0.467436270439109 -0.362542362408865 -0.113788909097775 -0.0383538685383982
-0.201107749542344 -0.534550128689677 -0.0381173060915078 -0.0937792773183026
0.0135307388180864 -0.649482444496828 0.00535982104063683 -0.0722919961595751
0.0304152009770415 -0.616445967536593 -0.271650724991397 0.370000370674009
-0.0760387687925707 -0.558029348320313 -0.14821939827315 0.274292981857235
-0.252312178394999 -0.514025931819978 -0.0733009050765652 0.152436813496162
-0.382190921293262 -0.334814571260089 -0.109460737055844 0.101126293090558
-0.445373915982399 -0.0973960671886171 -0.130604982250998 0.0901526572078889
-0.405769065336762 0.0552660738407607 -0.183527089801376 0.137842744770082
-0.383324753978594 0.184367516000449 -0.148047372101302 0.199234639616328
-0.295670071299628 0.246360685436895 -0.136195191039058 0.201011056474314
-0.308505342993004 0.259333069093502 -0.133988671665917 0.18155009218581
-0.345523438257145 0.142655849955016 -0.138868602824798 0.180019562800665
-0.376751016504249 0.0618376670688188 -0.129253149030743 0.138467789796886
-0.40505289215628 -0.13398914455129 -0.135134767654091 0.0910445222222691
-0.35170806066591 -0.310962049717537 -0.0881334529724478 0.00392742878785023
-0.15427251359158 -0.437492345587055 0.015055996863591 0.0304544044230343
-0.000600854473610401 -0.554186623027961 0.0108550535150524 0.133503590787719
-0.0459289041996324 -0.423921940680686 -0.252122703745917 0.535343540181692
-0.114802289960303 -0.346772449739302 -0.107980158436922 0.398371437508028
-0.180257471980825 -0.294499964653308 -0.0542438199220768 0.178962569539273
-0.227781857888535 -0.189644112697462 -0.112647388202465 0.0858324469710274
-0.26984167747368 -0.0664252827868162 -0.209597151783836 0.0648667657331907
-0.265720520708052 0.0221186059896072 -0.296087998921459 0.159142624191062
-0.267978676899501 0.101930994918459 -0.261294633530155 0.260334696710004
-0.21899626944691 0.142069674365684 -0.22600024630067 0.275965343921216
-0.233815334017289 0.142305906167703 -0.22454232655409 0.245103687599697
-0.255267143441135 0.0511205196135346 -0.227835499001856 0.200884448932685
-0.248985739564113 -0.0178094513215585 -0.198582788020422 0.115616294071275
-0.224040483724565 -0.138152849534377 -0.138129917248527 0.0675913502453691
-0.184108936114108 -0.215211875214499 -0.0593524226827629 0.0249230562354721
-0.084333038865072 -0.278889950268458 0.0553020695947663 0.130881128893911
-0.0168346852371479 -0.375438961019689 0.0168641577491992 0.303567602070962
-0.101182049121948 -0.165015079564762 -0.196645793257873 0.623942755225203
-0.11492041535745 -0.0892630550865927 -0.0464195640716964 0.46911639116607
-0.0671111670143811 -0.0534620220129357 -0.0181010652405183 0.187826437674907
-0.0420059656603785 -0.0443403508073986 -0.0894659822563549 0.0681535248817945
-0.0649155123191084 -0.0429285051484807 -0.245297134438695 0.0428883079051314
-0.0935955544874836 -0.024568067105846 -0.350645097201766 0.168927224413073
-0.115841712212972 -0.00217826356797395 -0.3251088919113 0.288966475030351
-0.108115136884698 0.0163762821662651 -0.280331927969298 0.308759409848897
-0.120920109980034 0.0131099635392139 -0.289776413236039 0.262893851663346
-0.123347814003985 -0.0285898434429832 -0.290631765226063 0.175793242073791
-0.0903410053200753 -0.0662396513583939 -0.239851367672609 0.0571337138902522
-0.0359450789247126 -0.0908643961952014 -0.123000072289273 0.0230846977189164
-0.0234327292257042 -0.0710767945369386 -0.0306332250153622 0.0333814049855522
-0.0351901791521967 -0.0815611608037516 0.0753502516411202 0.201848235503727
-0.0425626683361588 -0.149744494091619 0.0211872390838271 0.414874698887307
0.124522394220392 -0.131433077254161 -0.0810485085815541 -0.485968036511879
0.0508231883779473 -0.155423719355347 -0.129279490535443 -0.297747209276595
-0.0750196151739754 -0.131635951425092 -0.0214157851193586 -0.0267812584991955
-0.128039897102243 -0.033592559771049 0.0818156152537105 0.0477439521762891
-0.0887724280234702 0.0547021057848464 0.258111492153975 0.0366940596769599
-0.0440296602519702 0.072280650143195 0.354943523888535 -0.105484516245317
-0.0320625242762406 0.101371945414318 0.336066072315738 -0.24186914591879
-0.020895682947396 0.107872086728618 0.2860451614521 -0.29879459243361
-0.0368860247911233 0.111046399739654 0.303858506169809 -0.283686428186271
-0.0643481154979343 0.0817189232948771 0.30266993378086 -0.187533310021437
-0.110586156066986 0.0589825957199085 0.229569741731535 -0.0612617712806684
-0.156157067502786 -0.0290599031167932 0.0555834804932239 -0.0730941713151719
-0.0935006569655856 -0.124331191550497 -0.0213833278511821 -0.192004736594131
0.0178070494238801 -0.122688617828862 -0.00471604048007986 -0.403370483087941
0.0760945516702227 -0.0859219691175625 0.148578673826969 -0.607663035530857
0.144346808088016 -0.366804992001717 -0.111201447148825 -0.409947758490584
0.0508654784509624 -0.358670194461671 -0.132919150818662 -0.265443481289575
-0.148454689919701 -0.3310104692904 -0.0453543193107444 -0.00876435324701621
-0.262279000038829 -0.173097657313566 0.041358111272252 0.0840419179050656
-0.263355442871016 0.0152784310884923 0.239212372847712 0.0885369195675104
-0.207135800189899 0.100174908039158 0.332862119720082 -0.0474510970005562
-0.182624397117017 0.186259025940808 0.320980652120698 -0.177870160206158
-0.137789533101314 0.219162587656896 0.254591835947424 -0.24061615680787
-0.160853168562659 0.229174753498641 0.254802782898871 -0.238159278493751
-0.207096136450792 0.147887527098521 0.247521140493213 -0.14738274548175
-0.267316373978058 0.0898636754351644 0.180254161811236 -0.0332709772069418
-0.331376588920039 -0.0798003468709096 -0.00110348413541472 -0.0494938707603479
-0.253783229158716 -0.255422478147718 -0.07775382141116 -0.188246651915197
-0.0501116438002796 -0.323706776813273 -0.0618042465352838 -0.395510637581214
0.0794704357941264 -0.330491327897619 0.0851387688752203 -0.574766333315654
0.151013876062417 -0.560617458691649 -0.156613849538852 -0.266044752111746
0.0484574999835179 -0.532760194411457 -0.141967545268099 -0.183495539830386
-0.204375144902204 -0.509817444034073 -0.0632116052868098 0.0184065395589828
-0.374292701882888 -0.312497837531944 -0.00203840330647294 0.104709683376867
-0.419237585992478 -0.0401033257577469 0.18632166747963 0.116375319362629
-0.353062304244689 0.107621908604772 0.255852800188856 0.00938031991370113
-0.313674552634525 0.241105576275908 0.250313766205638 -0.0910636969240703
-0.234573618802942 0.298992761206092 0.183590998490166 -0.145599386565128
-0.252759669182836 0.319996995835657 0.174376611977955 -0.153545545378643
-0.31092103689385 0.209166890187819 0.164879690434145 -0.0781763060743085
-0.383918923865373 0.134302933555872 0.113706705454708 0.00961349415213053
-0.475050511305066 -0.0906757978437724 -0.0503256522252853 -0.0076329102377221
-0.400788005743687 -0.331799725213175 -0.116718902095573 -0.150233186687433
-0.135554313884902 -0.469035146707891 -0.0943039319321861 -0.328041085744547
0.0549930740748068 -0.524129920381711 0.0329844875021915 -0.458645123222122
0.129387471495872 -0.678555460016072 -0.205703130976279 -0.0680754000950829
0.0185293102653281 -0.644934900627485 -0.15167503397343 -0.0495949309540798
-0.256677292065137 -0.621247099310648 -0.0723767188119115 0.0601809924422168
-0.453498338654495 -0.401318364352891 -0.0427882510323524 0.113064094135692
-0.522002371952468 -0.0821843784013037 0.0979911160195527 0.120610568677322
-0.451457175709246 0.104846042352834 0.129383227459553 0.0604968700004218
-0.400797812318633 0.262155184849054 0.136264516581133 0.0085629675955767
-0.29512767748027 0.334094949392714 0.0862540793025782 -0.028252653390914
-0.30807699685703 0.363186637408545 0.0767297074155701 -0.0408206062574095
-0.368517530010892 0.238932073816579 0.0682306571465797 0.0148509469496368
-0.445730904445822 0.159925613083419 0.037580364541774 0.0650069722096758
-0.550282161943972 -0.0869065714516334 -0.0878508261023871 0.0426286317514603
-0.485935211401002 -0.356246820739265 -0.128015797611842 -0.0928450378443222
-0.199341523625479 -0.537090313130252 -0.0848735252568363 -0.218522059070692
0.0210865709258381 -0.635224101928043 0.00527039829053282 -0.278187838029915
0.0786726726722197 -0.696560884933822 -0.243622662187358 0.156467386918524
-0.0334980080042949 -0.654877529598584 -0.152388588947279 0.113504341738338
-0.283677591462294 -0.622342764102024 -0.0742835082500357 0.108865526946332
-0.464825719155577 -0.407632047532114 -0.0804265767679112 0.111776374670638
-0.534867777630102 -0.0964025353955326 -0.0143961284120555 0.108693771778984
-0.469035544316398 0.0902069012457106 -0.0260756410756401 0.105156546342298
-0.422177137197956 0.247040108298035 -0.00327132300365783 0.108724978595412
-0.311249321730141 0.319202916329687 -0.0229259783904537 0.0933162295569388
-0.319806059279032 0.343256914283648 -0.0270588641939826 0.0790871889980064
-0.376807476929364 0.220185786961443 -0.0325121722512866 0.110503783077756
-0.437811708286302 0.139179788351655 -0.0437792894867171 0.116660985040353
-0.522435207083858 -0.0965160975098203 -0.113462779039338 0.0825632244853157
-0.469946577915641 -0.342169573746408 -0.115295555858024 -0.035425164868517
-0.210360543143633 -0.521117269860825 -0.0414065341752403 -0.0906659451051254
-0.00479175230751816 -0.64063558432027 0.00339270416079623 -0.0692801870084499
0.0105852790477897 -0.607311231187819 -0.255781389026876 0.3683618419662
-0.088338494248691 -0.543970901271517 -0.134658531926343 0.271074263695057
-0.262599598596708 -0.496339243710125 -0.067461347718839 0.150310315127535
-0.384949127960807 -0.319913200617749 -0.106000209718362 0.101623166432513
-0.43912296511925 -0.0830407036627621 -0.125185822233245 0.0891661700348763
-0.398908917950217 0.0676255028106806 -0.174725625106115 0.141034980271791
-0.370563337803751 0.194194158044997 -0.140453084610399 0.195972245174551
-0.282117662688268 0.252747623527873 -0.128685913015857 0.198934181392934
-0.292816334482869 0.265528469638134 -0.126620350127479 0.181185783428062
-0.338111173791018 0.150222685613492 -0.130877074217662 0.180337177997091
-0.366682336998363 0.0706719322127574 -0.123103230409122 0.13879279710192
-0.40314893485185 -0.120287154008118 -0.128755970492746 0.0926761027185213
-0.354735587538321 -0.295430621183481 -0.0890517862450982 0.00529403221772801
-0.162912370967239 -0.428093904053096 0.0134823686434603 0.0287539759561089
-0.0174865697900897 -0.546015462251867 0.0139371924655559 0.132843952529639
-0.057995081439472 -0.416741388713217 -0.233262928815458 0.52966633521005
-0.120323383432723 -0.33799759555252 -0.0935495817052085 0.391617823600564
-0.185399625987351 -0.284717271947589 -0.0479718145384923 0.176142988620963
-0.230016569117274 -0.182216500331566 -0.109001417757297 0.086960819695238
-0.266386049892562 -0.0574728023915334 -0.204262675647596 0.0688024344257755
-0.262319641641657 0.0304212995009934 -0.284765406858968 0.166515063289689
-0.25997803728836 0.111239741679517 -0.248472864079618 0.258949911304353
-0.210058919072762 0.148616613667795 -0.214097026491125 0.274022062893912
-0.22465235158396 0.148666937998292 -0.213368497340122 0.246421360571844
-0.251645249037541 0.0593588740207399 -0.216809205962126 0.203439238634264
-0.245286103785681 -0.0106474311034751 -0.190197305968871 0.1190614288202
-0.225641406777248 -0.12908486320203 -0.132384982057792 0.0691086622129242
-0.187554997164905 -0.206410001540045 -0.0601020339882017 0.0259559461856539
-0.0903654087985172 -0.272452167561087 0.0564282717983276 0.125627502081276
-0.0267981026304474 -0.370226806902835 0.0242565354445154 0.299509033766883
-0.103537595150921 -0.16165568935519 -0.176973671876983 0.614227695125873
-0.113769087111614 -0.0855692660285797 -0.0316834557082006 0.458551895306799
-0.0676590124746389 -0.0516806578866398 -0.0117924761610091 0.184842622223375
-0.0429796024856027 -0.0428702794097072 -0.0859036789424591 0.0691642953657438
-0.0641956069770112 -0.0401204254600581 -0.240015461523256 0.049484551421225
-0.0934830174157995 -0.0205860170257853 -0.337819378209445 0.177283436067782
-0.114181697272252 0.00330132996066855 -0.309494112727246 0.290238736452868
-0.10572641192995 0.0217293355442084 -0.266392993827574 0.307314425147714
-0.118870636514666 0.0186576394054885 -0.275863236947895 0.264682072048566
-0.123532395703961 -0.0230176481343706 -0.27810028356986 0.181809737717876
-0.0919983045930496 -0.0619439719687464 -0.232687104750209 0.0641095375885181
-0.0400756386175235 -0.0881549645719025 -0.118689136146008 0.0247375538988481
-0.026570462117453 -0.0694877071227676 -0.0306626504551564 0.0335546370922993
-0.037084850145626 -0.0799632146237993 0.0780518062131215 0.194714541989901
-0.0455243117393432 -0.148209896249833 0.0310036480058551 0.408526898578634
0.119764311087708 -0.132444421237695 -0.093180953984467 -0.483308452293755
0.0481571462204601 -0.154730891472387 -0.137324644067654 -0.293638007524204
-0.0759200363914427 -0.129011654412578 -0.0231052653108452 -0.0283450454582767
-0.127386659973349 -0.0310151018066049 0.0817222048907539 0.0439750968598864
-0.0877338218918459 0.0554730036893997 0.258344564851956 0.0273235543354473
-0.0429831214875478 0.0720106609712453 0.351524048932365 -0.116716564843834
-0.0286667441707231 0.101489520984467 0.328289915289208 -0.248973988020395
-0.0168298162205646 0.106893589032608 0.276766904937455 -0.302703821691626
-0.0319881546730155 0.111679330870447 0.294190271119205 -0.291792337709047
-0.0622407907033315 0.0831030805130714 0.296259181934557 -0.196614822654346
-0.107500620277 0.0618738458860873 0.228512179092874 -0.069497667360249
-0.155494175717823 -0.0242580645550325 0.0538879107973976 -0.0729419517224108
-0.0970367201049683 -0.120808863400233 -0.0254500292545734 -0.189767001826832
0.01447365613569 -0.122164894335683 -0.0128491420025104 -0.400461264950856
0.0724740758018438 -0.0865143370491623 0.133500386960523 -0.610131123660024
0.131481512471894 -0.368040979801052 -0.119600909202727 -0.406285282577317
0.042979465846909 -0.358176653877439 -0.139035429723544 -0.261903496099912
-0.155528285301072 -0.32445868754244 -0.0460768860963366 -0.0104293687255459
-0.264534096375663 -0.168095441816486 0.0402784057377481 0.080928495069189
-0.262578005213017 0.0204310116072655 0.241603952127986 0.0786809072318446
-0.206370191495091 0.104353698328606 0.330190185532048 -0.0578867465217208
-0.177034689824283 0.191183078848505 0.313566749059374 -0.185633598759602
-0.129549352872161 0.221356907946353 0.245688106249502 -0.24397002360106
-0.15244540357342 0.232196868035319 0.246718280783078 -0.244405917920767
-0.203504593405268 0.152618700621741 0.241676696688314 -0.155722344252388
-0.263217697773123 0.0963340235078582 0.179014020663425 -0.040220910137135
-0.333192632555381 -0.0698974454568831 -0.0016353429152151 -0.0477669230605969
-0.260940924941685 -0.24798642557651 -0.0823832110464768 -0.18552562160104
-0.0576113768963391 -0.322397792623677 -0.071424648201835 -0.390075364839045
0.0691249546730532 -0.332377914571511 0.0706250707513739 -0.575487273524823
0.132198926469003 -0.562128056253078 -0.161451857913576 -0.261191628780337
0.0364559003512088 -0.531983849201898 -0.144343658720689 -0.17997590407099
-0.21648990663625 -0.50067759527031 -0.0637517399380774 0.0166365293859337
-0.38101846821248 -0.302668380365587 -0.00212305902531546 0.103019212325069
-0.418502538280196 -0.0307181660030247 0.188406329087295 0.107541608622227
-0.352713084079627 0.116735084022699 0.255777084283562 0.0020116932045879
-0.307270354443336 0.249903543071224 0.245301767699265 -0.0984144285376621
-0.223481925792001 0.304236400816473 0.177876854135409 -0.148429219894834
-0.241338198636479 0.327172950604945 0.168456872278277 -0.157180269006083
-0.306991241282131 0.21725852651551 0.160962324819303 -0.0838072050999067
-0.378328683145327 0.144063658260665 0.11359298072817 0.00444956900938327
-0.477517806194403 -0.0780574797021566 -0.0497005132919698 -0.00510444930205064
-0.411275857302688 -0.320095172137737 -0.121521809924019 -0.1474120446843
-0.146476779989086 -0.466858012995554 -0.10271051509716 -0.323222832637563
0.0392328345164102 -0.526811858684344 0.0220205049878432 -0.457360722335068
0.107949049422184 -0.681096385290543 -0.20492557749113 -0.0634388367614847
0.00421846586749523 -0.643655413818694 -0.149968750118698 -0.0472017591666182
-0.271405472003782 -0.610883115787895 -0.0708292732913743 0.0590315711724638
-0.46340196412763 -0.391895656319782 -0.0432854917664387 0.113406466464922
-0.521753518567104 -0.0686964431796072 0.100876994806348 0.113133240061001
-0.450579075145988 0.118680710594632 0.131117767407793 0.0564159322233892
-0.393303756403066 0.27534363664122 0.134485084977308 0.00317640783027792
-0.282889952077077 0.343121052966898 0.0848084731348102 -0.0301303013719734
-0.29457034088992 0.37191083278283 0.0737378784601681 -0.042201174505734
-0.365023937068158 0.249602120712779 0.0677047709561694 0.0126731897336873
-0.438540579050766 0.170937192115858 0.0385515034805883 0.0624322967706859
-0.553462395554301 -0.0730562269926663 -0.0862933345795467 0.0453712817375965
-0.495175027352482 -0.341052470355361 -0.132217728869056 -0.0903118296763641
-0.212100693440034 -0.53334210154346 -0.0913798038768749 -0.215030822259311
0.00236418252172561 -0.636931916752739 -0.00133545144253107 -0.276694181470359
0.0570076176613318 -0.699094386821714 -0.23772790675255 0.16098695636402
-0.0458058597601857 -0.653355266317874 -0.147231880230779 0.1149668238938
-0.299392677614342 -0.612055804290279 -0.0711579946091194 0.108115912979886
-0.475457774943388 -0.398728225684494 -0.0800361849484491 0.113306991420934
-0.533648080378205 -0.0818010298106315 -0.0125038501359318 0.10540496980988
-0.469059156022323 0.104831012088222 -0.0223134716005381 0.106023094946572
-0.414255321131593 0.260096228909094 -0.00235298594272991 0.105524655024231
-0.299793843043066 0.328485123868904 -0.0215687860043262 0.092777035389598
-0.307734590781286 0.353194423064666 -0.0258647094575425 0.0799529408665975
-0.374181700530563 0.231804367758807 -0.0298775416824253 0.110930090847591
-0.432146230709022 0.149361934544723 -0.0413500566227904 0.116551802094366
-0.527150902638594 -0.0821735792267453 -0.109784039469336 0.0851470859153761
-0.480953329441159 -0.329539726737958 -0.118759069922333 -0.0330823433060876
-0.222709916543216 -0.518014484856905 -0.044851455368198 -0.0892861691377371
-0.0249931373523297 -0.642496373505345 0.00242903897802295 -0.0673256678810722
-0.00777162072582622 -0.607262224639911 -0.245273815534643 0.371485861387444
-0.0998182457388466 -0.544278223474294 -0.125521993420909 0.27182728511249
-0.274502693117557 -0.487771205049548 -0.0626859701506912 0.149700337483051
-0.39378229785275 -0.31263295081142 -0.104923986132382 0.103651411103761
-0.439787315954115 -0.0714244204105173 -0.123268701501137 0.0904877786466604
-0.399774242444641 0.0804436564706754 -0.169924139402557 0.147111404476347
-0.365314784481272 0.207676096626113 -0.135706797406054 0.19632626006819
-0.272193553527984 0.26166087742185 -0.123984217128806 0.199919894204784
-0.28283400596528 0.274184565803879 -0.121634663686867 0.184576995003324
-0.337020265322442 0.161398908015843 -0.124991248022164 0.183118688027674
-0.364098590640952 0.0793424342116394 -0.119535718179958 0.14175331919054
-0.407626949768405 -0.109534466774543 -0.124919833120055 0.095540760553577
-0.363463420303388 -0.286114571650315 -0.0918715614096833 0.00685379047867559
-0.173799795099721 -0.42368246601706 0.012491255216633 0.0282571692650506
-0.0338938340477441 -0.548651027103895 0.0182867449229428 0.134535312179653
-0.0698079419432572 -0.416450600620315 -0.217821546995345 0.53165133249346
-0.12775800034015 -0.335895021325168 -0.0814332264005593 0.390697030992749
-0.193160196307988 -0.280014079411408 -0.0424908870899733 0.176196536570923
-0.23550251022744 -0.178169635004775 -0.107132733855523 0.0898267935882319
-0.266832414316114 -0.0504665324511462 -0.203315987737583 0.0728279667218096
-0.262549525080889 0.0403006474295936 -0.278760174612721 0.174325041248465
-0.257396573056985 0.120953018529183 -0.241571115517868 0.261739999498419
-0.204273380548439 0.155832176082855 -0.207508729675129 0.276804085906128
-0.220095133132399 0.156135127642664 -0.205986815606176 0.250707060904033
-0.252549828917513 0.0674690651610444 -0.209978552799296 0.209638420818044
-0.246011129855723 -0.00436420474274424 -0.186479740907718 0.123848460833959
-0.231195677228328 -0.122960628834152 -0.128890130797497 0.0711710092889419
-0.194930382603618 -0.200620032856719 -0.0614601935464812 0.0268713701248511
-0.097429997854979 -0.27087352642553 0.0579767804950189 0.123415085999785
-0.037631075410825 -0.372695449768601 0.0326922721339935 0.300468382577425
-0.107799214988801 -0.160809687911261 -0.162528915292992 0.615332696010717
-0.114514176952856 -0.0837663550017837 -0.0191659354176829 0.455727043762115
-0.0695465299244429 -0.0505543536100725 -0.00603293921791727 0.185296786119324
-0.0446620678086884 -0.0429533593270121 -0.0832472030486729 0.0713273383911482
-0.0642467574465392 -0.0383623440079462 -0.238922083532143 0.0560192415154511
-0.0943856387503699 -0.0167847382839844 -0.332567699455139 0.187322148815542
-0.113872784023686 0.00858127951238706 -0.300647395273301 0.29476555305588
-0.105174832311484 0.0266089533750533 -0.257931321899869 0.310511275409093
-0.117921330460697 0.023920666272163 -0.26749496794012 0.270326660581357
-0.125559322414979 -0.0179256099642451 -0.27185450762781 0.188521285159631
-0.0947200938828315 -0.0592590743543104 -0.229395190935917 0.0705141678569622
-0.0444029614484368 -0.0870336877327273 -0.116307368113729 0.026260644655279
-0.0304219288496113 -0.0691972223049574 -0.0315276017187392 0.0343589621648565
-0.0392256856111197 -0.0803523089584835 0.0813371469220849 0.191234352108498
-0.0501988300809297 -0.149266914467987 0.0414427481712009 0.41017050100835
0.114011788091567 -0.135947031884773 -0.113361867803314 -0.483174406566981
0.0430079272192975 -0.156555127485746 -0.150688582410808 -0.288466004367497
-0.0803083868792388 -0.126171247648083 -0.025269181486984 -0.029124396301174
-0.129162701512016 -0.026578537398914 0.0817661581236371 0.0391369474102006
-0.0863122541912014 0.0581810186950018 0.260109847098593 0.014243668261902
-0.0416628383312105 0.0725967572976426 0.348042569010152 -0.134952873829188
-0.0243178108834565 0.102624633749883 0.318653622555075 -0.262371631340494
-0.0116679545308918 0.107052460890801 0.265785088089585 -0.313031318152126
-0.0262550337044382 0.112572417422556 0.281818766060694 -0.304966894246799
-0.0585792925674575 0.0858646664241183 0.287212276703167 -0.211294971470391
-0.104606831349558 0.0663363187892121 0.226648223175215 -0.0811869513260312
-0.156539694174851 -0.0166555592953304 0.0511489723902126 -0.074243004047102
-0.102680046293193 -0.116559473790319 -0.0326542924365256 -0.188853969727904
0.00955880368884999 -0.12272338973191 -0.0281427088358811 -0.399930413364222
0.0672531572814872 -0.0892606504530622 0.109236115604753 -0.618135363823033
0.114272524760251 -0.375092145248939 -0.135973388066592 -0.403901229981882
0.0295834092096266 -0.360670313120872 -0.149548933637036 -0.257874965249353
-0.167758733806749 -0.317915806785842 -0.0476614579875607 -0.0110447364259882
-0.271784015178922 -0.158493356887421 0.0408343289506743 0.0786158817266386
-0.262680413672326 0.0298749906196967 0.244568950151242 0.0656296860058212
-0.204958747113971 0.112472759621527 0.330713773308523 -0.0732770077975299
-0.170453578059861 0.200018851051717 0.306317756369946 -0.199662321488977
-0.119469026372091 0.22774201450908 0.237407674779763 -0.253221253158522
-0.141523691235446 0.240053963217089 0.235675297064604 -0.255563612206751
-0.200438572466929 0.163090837603599 0.234239090937801 -0.167458355819069
-0.259591879024974 0.107315122559035 0.177725808826107 -0.0492599889992913
-0.338776939200677 -0.0561475057810377 -0.00364991097569518 -0.0468480967897122
-0.274886806072385 -0.238063196689228 -0.090819157552798 -0.181885909504824
-0.0717033975745727 -0.32332637696299 -0.0865848395081229 -0.387289670830856
0.0537051561799807 -0.33803492303303 0.0475809059542053 -0.580755484871826
0.106034681955078 -0.568460822727135 -0.171236403954355 -0.257301678613943
0.0153907321249291 -0.535182995472593 -0.150386589658432 -0.176018848895877
-0.236184114295714 -0.491437322805078 -0.0632953735521538 0.0159649582113165
-0.39331346508536 -0.293172212330584 -0.00237533403113006 0.103530937942946
-0.421347052586005 -0.0140251914448875 0.192752974127541 0.0961030310096734
-0.353170628175984 0.132841495339441 0.258545712998331 -0.00993984106052789
-0.298909043727717 0.266263158348647 0.240752822232707 -0.109527141701202
-0.209548717606396 0.315805583911667 0.172641150155032 -0.154373815192608
-0.225903651406733 0.339313044148582 0.160801537338668 -0.164238972368125
-0.302610546466227 0.233200190095428 0.156730706900051 -0.0915187843821222
-0.374108853301022 0.159519374113596 0.113263199514067 -0.00139352800437796
-0.486534672868857 -0.0567136075830818 -0.0494956546020633 -0.00215340027676016
-0.427467552517072 -0.305342012383287 -0.130173689266652 -0.142681123718274
-0.166034747611594 -0.466216108097031 -0.116315580533654 -0.31853237421655
0.0144312190397427 -0.532796990113504 0.00378282759739572 -0.459767248838892
0.0742802942754483 -0.687862914563617 -0.206683120852706 -0.0554430295601041
-0.0204282124343196 -0.6469338491302 -0.15040829935178 -0.0432126559896902
-0.296634453298937 -0.600420027627448 -0.0690660519005329 0.0587347593855355
-0.481354988553091 -0.378629619376751 -0.0418318180262892 0.115854103212304
-0.527950632721226 -0.0471781558739461 0.104240101845459 0.10640897766006
-0.451551841932381 0.137431884376121 0.135272201281021 0.0513053506123376
-0.382411018669894 0.296821403310149 0.133111965013559 -0.00373804361872941
-0.268316416410783 0.357098446229434 0.0827643393452936 -0.0323449277049061
-0.276684916540223 0.386998041079197 0.0707809685413773 -0.0444705479022918
-0.360455203452534 0.268546485682378 0.0673063373585364 0.00974186991181875
-0.433778272009431 0.188129663665782 0.0402718278403429 0.0601368759590224
-0.561667144745032 -0.0493435088022072 -0.0841653487273242 0.0490108275044017
-0.514920747991582 -0.323410806952611 -0.139640306447262 -0.0848896411170886
-0.236019740546714 -0.531731771132531 -0.101066378338311 -0.209973463033993
-0.0277480622081995 -0.643553922837779 -0.0116476978972527 -0.276749161999895
0.0253577193565592 -0.705767116155484 -0.231419457353567 0.170759208080462
-0.0719728217853805 -0.656153264644702 -0.14107509805732 0.119860884596788
-0.326624979067889 -0.601203360046356 -0.0663965450641301 0.109214639546091
-0.496185183301383 -0.383995139812772 -0.0783187028725786 0.117841493571013
-0.540651989013478 -0.0616034064386204 -0.00965742963707389 0.104152996856739
-0.470040425570274 0.127246864722014 -0.0169435183764717 0.108530860620323
-0.406504185249714 0.283073461267503 0.000151321109382294 0.105310257440317
-0.284344897007899 0.342677578440046 -0.0198004265745991 0.0943143793008472
-0.291988564864052 0.368021378867937 -0.02306848065097 0.0828422802204485
-0.3704637318311 0.250320239956128 -0.0257973056945602 0.113800092969087
-0.429083578707717 0.166397218525363 -0.0373245695348427 0.118004573545887
-0.535748349408139 -0.0606514620189917 -0.106887723644742 0.0895995115691287
-0.498955325209023 -0.309625254557883 -0.123798220452183 -0.0281993069579236
-0.245147211263971 -0.514978809796499 -0.049577118496516 -0.0863609598941962
-0.0551322941115243 -0.647533714216276 0.00055571403936645 -0.0661311944875976
-0.0356526900704307 -0.610551052811553 -0.230035899789976 0.38228291771683
-0.120715857429001 -0.544487838461712 -0.11346309712072 0.27645877626708
-0.296457797467471 -0.480066011617657 -0.0561401963076402 0.151832778878958
-0.410648607678018 -0.30327815918198 -0.102938011290328 0.109597556433707
-0.445938323421072 -0.0545847301383137 -0.121742725300237 0.0946503038729117
-0.40108702673011 0.0992575956930437 -0.164188244097283 0.156498003593264
-0.358378277549278 0.22878429871954 -0.130004062745582 0.200938978798771
-0.260672310461039 0.276615065052747 -0.117745651269081 0.206337707770916
-0.271826842630769 0.289153809366151 -0.114643455242453 0.190679692481322
-0.335790334492573 0.179197247802441 -0.117900202887562 0.190008220213291
-0.363767426334512 0.0934477359861017 -0.114130426428841 0.146858126915158
-0.417108468235292 -0.093516867812894 -0.121307354574367 0.0996897219587191
-0.380169732831126 -0.271400175260624 -0.0949571255452157 0.0107187327438504
-0.192256419106901 -0.423215760371696 0.012196197722844 0.0290687373310268
-0.0608830952101325 -0.551771513122855 0.0243219744000312 0.136984608259256
-0.0883719121841598 -0.417357367927434 -0.197562353042516 0.541522084528498
-0.14048940345406 -0.334458098694431 -0.0658250812009943 0.394173059590929
-0.206395534059199 -0.274227499164665 -0.0343662648663259 0.178836702559733
-0.245587849372039 -0.173242756825034 -0.104321776090481 0.0953985361096776
-0.270269199635429 -0.0411073140514665 -0.202369481700692 0.0818757696386042
-0.263688408581465 0.0527796026550111 -0.272287791999392 0.190332118136161
-0.253609687780807 0.136071105374781 -0.232985320015727 0.27165733822526
-0.197865502381083 0.167701988140182 -0.198789582591771 0.284427682816667
-0.21344525768657 0.168437435530459 -0.195899428884214 0.260549578507215
-0.253398787903826 0.0811839823934342 -0.201099230017554 0.220028355007709
-0.248491564092618 0.00525102888886711 -0.181621301594359 0.13255090460649
-0.240030809932634 -0.11411624953508 -0.125908096448691 0.0755584358028429
-0.206195091378151 -0.192732183736871 -0.0628624376062404 0.0295643738188936
-0.109376013716644 -0.271444497758452 0.0614486930382971 0.122529729369007
-0.0561925288175904 -0.375912993967578 0.0466925333540386 0.303511341164567
-0.115050247949283 -0.159217183289854 -0.140421068117353 0.622400644716324
-0.118234022472037 -0.080763824739495 -0.000178110722582847 0.45763383701385
-0.0722405131735921 -0.0487349241380462 0.00283420817362805 0.186043506523447
-0.0472311543312089 -0.0427925235186414 -0.0797942099260784 0.0749838568321053
-0.0659835383038015 -0.0366479435625341 -0.239114079317874 0.0674653152717947
-0.0958691347355926 -0.0120194328176958 -0.326130486905914 0.204581939534413
-0.11456819897223 0.0159187039764762 -0.290854176293761 0.306395608250215
-0.104550631559597 0.0332747957370393 -0.248433385852014 0.320105454094387
-0.118316844504543 0.0312910604265376 -0.257133882499595 0.282665892469513
-0.12865733590688 -0.0103456449078664 -0.263051806774234 0.201488285784382
-0.0992547968584309 -0.0550582786584362 -0.226253748707822 0.0806614069391526
-0.0503541901785324 -0.0847662932438166 -0.115234434688181 0.0300018665428584
-0.0350587197507667 -0.0684186145573161 -0.0320611384003386 0.0370116265923632
-0.0434633105369378 -0.0814672871377989 0.0877524464356387 0.189411731725181
-0.0575838721369607 -0.15128135049008 0.059464918315863 0.413754441881645
0.105534917258949 -0.139840953799909 -0.138290345904266 -0.476365209939308
0.0344104842522492 -0.158195074397895 -0.166229424095715 -0.278360268496681
-0.0853892298670259 -0.121254804133732 -0.0287023841916939 -0.0291152467283691
-0.128831637287984 -0.0199117531356601 0.0804803126122779 0.0340930969932289
-0.0832776533318347 0.0622901187849784 0.259125279068761 -0.00237438542015054
-0.0387737896803792 0.073172854132 0.338360434665577 -0.156500695275777
-0.0180707869395694 0.103368041175085 0.302585867391894 -0.278627797511233
-0.00504297396105613 0.105960426808612 0.249168516744248 -0.323116261036953
-0.0186038673625796 0.112160419473871 0.261528364525976 -0.319348828702056
-0.0529310528405532 0.0886940861811561 0.272865605007707 -0.228590575443845
-0.0997872422707198 0.0717780394527287 0.221028476560173 -0.0948122623176682
-0.156109484869231 -0.00725527656725319 0.0470488858218233 -0.0750279974149723
-0.10893557275994 -0.109837127506677 -0.0418249146182626 -0.184982915818475
0.00273689804874782 -0.12231346359829 -0.0480834802669603 -0.395165269568578
0.0611000236117265 -0.0908995527394748 0.0748195430176331 -0.621240287288682
0.0904058290051651 -0.37771312150661 -0.156776309185369 -0.394659038817734
0.0102224002988614 -0.360338071760272 -0.162527983997044 -0.248481497292155
-0.182298248273187 -0.305641989151814 -0.0497544044639005 -0.0104942216648711
-0.278799674930542 -0.144601140305847 0.0412503265872989 0.0760775479631605
-0.260388025852461 0.0431244663755303 0.245503275184486 0.0491903417782255
-0.2004423223901 0.122978041299756 0.324937598707644 -0.0935272734372733
-0.156925644141979 0.209539010367069 0.29257727624159 -0.216328622428973
-0.104822529930108 0.231839822070375 0.222705024699367 -0.261230606998706
-0.124883618924815 0.246237399545074 0.218194442978197 -0.267410965959424
-0.19174783017834 0.174434327253514 0.222699178016765 -0.180979901526322
-0.252331008796423 0.120182562549215 0.173807023389244 -0.0599946001931539
-0.341402468253203 -0.0360146530204482 -0.00609701689195568 -0.0455109459954789
-0.28730644533109 -0.221124110327108 -0.100345728266788 -0.176028500056479
-0.089783115506238 -0.319788625419746 -0.106126023159089 -0.3788024869005
0.031430514804859 -0.339143151011343 0.0139623016965198 -0.579403495688459
0.0709496233089678 -0.571019739197931 -0.183051046047423 -0.246287830037084
-0.0134793755659442 -0.533602147798928 -0.157944388695452 -0.167828623583584
-0.259933246142587 -0.474333136725148 -0.0633210150694381 0.0172452508232491
-0.409217185090881 -0.273059546654315 4.66481891758078E-05 0.10422216616246
-0.420476461896786 0.00701194041608917 0.194698649148674 0.0830816865572892
-0.34714838468903 0.152483368540661 0.257141849908914 -0.0259149639629571
-0.281931677190564 0.284122722420816 0.232643358461721 -0.123072459841951
-0.189726756791785 0.325490585038005 0.163004465917783 -0.160615691366226
-0.203527033075974 0.349427173539859 0.149025890471245 -0.171679495966778
-0.290676553047989 0.250974658645117 0.149231442026315 -0.0995691117823264
-0.363585001410382 0.179273437320159 0.112111664998279 -0.00819756567830564
-0.489231787545807 -0.0304157626040468 -0.0503348718663935 0.000650328007659987
-0.444811118528115 -0.278177775004521 -0.138582557702114 -0.134271934796079
-0.192652003034464 -0.456517982263634 -0.13178817455823 -0.309145079461459
-0.0190053482121135 -0.532814785968503 -0.0220470610283579 -0.456788492336876
0.0331466859098369 -0.690252610634523 -0.207579363273708 -0.0443684895786756
-0.0555111666218558 -0.644071860281202 -0.150358962912485 -0.0357429425664871
-0.326636393778268 -0.579643794286816 -0.0662503461317184 0.0600733959173358
-0.501799676377504 -0.354289285248215 -0.0382579373306314 0.118781293894338
-0.527863969393712 -0.0211100804392214 0.107556253469719 0.0982595221844654
-0.445388733315034 0.16419041741349 0.138610429552349 0.0436761141202787
-0.36471884795307 0.32035311391596 0.130701881729741 -0.0124400769126414
-0.244008103369277 0.370338241329781 0.0802184859942557 -0.0349341500066205
-0.250899447269795 0.401559156118449 0.066859440734896 -0.0467622784962746
-0.346382741798584 0.290154914672512 0.0666970108244243 0.00666892577135074
-0.421984541436259 0.209771691621407 0.0421165442027154 0.0571830963584866
-0.565410126511921 -0.0179045153906462 -0.0812682208500031 0.0543852143123264
-0.53322986059471 -0.291090728431352 -0.146618097450026 -0.0766087375398049
-0.266745265456182 -0.51903823895224 -0.111660616799708 -0.20165427276446
-0.0681743777542318 -0.641209656845169 -0.0270522550045208 -0.273976238916236
-0.0187191077295474 -0.7039650155309 -0.219166848936741 0.182090677276482
-0.107694566061978 -0.650055995522248 -0.13199488061417 0.125548409332086
-0.356331189271785 -0.580215232868832 -0.0607959735103338 0.109698848991523
-0.516591761830809 -0.359730811452956 -0.0734812152316657 0.122624520574015
-0.541674695402407 -0.0311143434897386 -0.00558394202856095 0.101766620056383
-0.463425975438392 0.15458880558319 -0.00986500160820848 0.110193590379069
-0.387289801050124 0.309068627556225 0.00438490484979525 0.103238968950176
-0.262569086433225 0.358354261571004 -0.0143523141615597 0.0961367422869952
-0.266607054306981 0.384188127392021 -0.018682219828911 0.0847450023836605
-0.357668605277906 0.2736362194089 -0.019350079998973 0.115741802298344
-0.418521575355956 0.18876609286457 -0.031299350074378 0.119365653265111
-0.540211739956905 -0.0297209512782343 -0.101285469493178 0.0947148602640399
-0.516188709120557 -0.279346193227313 -0.127868095209303 -0.0204936608768785
-0.275577112626518 -0.502229617553627 -0.0545333994001943 -0.08101197399072
-0.0962047341964293 -0.643821882180332 -0.0027396807037675 -0.0646875590377216
-0.0736915165971311 -0.6072927844926 -0.207295143961399 0.392309765145008
-0.148703859684978 -0.538558774631038 -0.0972242562216258 0.27993562854978
-0.321833638143858 -0.461848171159266 -0.0482680272132331 0.152538484017405
-0.43017779053664 -0.283384922313309 -0.0968147762642704 0.115545122672233
-0.447517250163181 -0.0308138301893336 -0.117438659741625 0.100040007860704
-0.395354347065602 0.123364045412524 -0.15343973838797 0.167311430498953
-0.343292550541032 0.251271800492798 -0.120583155658006 0.2057327523594
-0.243065614951849 0.290886478617204 -0.10728530408861 0.211790351020848
-0.251306405250213 0.305136837962291 -0.103081275458364 0.196188402681925
-0.327691966280477 0.200618696581079 -0.105408505493319 0.197220546715945
-0.357769951107315 0.112170098993091 -0.105875690561432 0.152714646632149
-0.424309902701881 -0.0694928432554676 -0.115605644391205 0.105442946631498
-0.39511941762786 -0.247908983875085 -0.0972212880889771 0.0169953338676266
-0.21611404555861 -0.414128663248571 0.0129864684047366 0.0295799276470138
-0.0951171688328172 -0.549530041612376 0.0332063463182977 0.136125490372823
-0.113853055215813 -0.412525264373286 -0.167107527329754 0.549545349947574
-0.157041974198261 -0.32810327619967 -0.0435300533566105 0.393854832462596
-0.221676304691519 -0.263026571434635 -0.0239795717089327 0.179071520939508
-0.257540010850577 -0.162122267067432 -0.0978121163919799 0.100945139750061
-0.271587139989618 -0.0267886600367734 -0.198057302950495 0.0928658741739132
-0.260419491103172 0.0692012188309379 -0.260262038414472 0.206579380626485
-0.244514355712237 0.152277652571419 -0.218273576759338 0.282161478006116
-0.186500091661566 0.179636365871791 -0.183969516795652 0.293143567521977
-0.201388182116215 0.181447691360464 -0.17951084483166 0.269493860713845
-0.249660416748342 0.0983860315467035 -0.186552425936184 0.231061227190556
-0.248003993283805 0.018249442834491 -0.173770902444281 0.141537593832384
-0.248609704121801 -0.0998635678236463 -0.120866815943825 0.0811384341193581
-0.217691310483711 -0.180239165505345 -0.0637767910032803 0.0340612945298153
-0.124951445687044 -0.266961457674259 0.0670624340746408 0.11954031026784
-0.0807845935784779 -0.374066399742138 0.064424329405807 0.301818512094979
-0.123726868142009 -0.153418914217536 -0.105937228553653 0.625326549542761
-0.120753449422139 -0.074993638411706 0.0259516746868883 0.453526741956165
-0.0752314087025671 -0.0457403551252817 0.0141280149036971 0.184709730570382
-0.0505606599799058 -0.0425737209123675 -0.0743029147884889 0.0788095035142025
-0.0677572764993526 -0.0339447018672817 -0.23473922232803 0.0821019180257561
-0.0958030248789089 -0.00530967720745428 -0.312824619349718 0.224377800849877
-0.113373256042982 0.0239094288875825 -0.273132718401046 0.321538004286534
-0.10173500865256 0.0407056920273084 -0.231375391552938 0.33056782475289
-0.115436958670629 0.0401991679807018 -0.238494702123936 0.294995681882696
-0.130295893260217 -0.000253046917867227 -0.249407349918206 0.216233517121644
-0.103313663609285 -0.0483157189611685 -0.219950301867598 0.0932112699021004
-0.0575567895715439 -0.0816137634377547 -0.112642535107472 0.0354361151686925
-0.0398278004239497 -0.0660277205288537 -0.0317042531575767 0.0392681804952021
-0.0491375071663597 -0.0807250910785024 0.0967926965055429 0.183894331667899
-0.0676468132414148 -0.150197298096613 0.0833440153890075 0.410929270408961
0.0671952215315479 -0.157473004181964 -0.204617855558455 -0.425676011635134
-0.00180158423193997 -0.159069727895128 -0.197221022677713 -0.23593999416799
-0.103893778130044 -0.102119794252106 -0.0256563859453141 -0.0252485410599857
-0.124036310426424 0.00373140657580152 0.0843797363958795 0.0147558136395888
-0.0645819916908538 0.0696962762532555 0.2463283754013 -0.0496587282087854
-0.0220960131282202 0.0674098903723442 0.295177529471304 -0.20741049585657
0.00210219784775198 0.096867581122065 0.245343889294165 -0.32015393008673
0.0101592678860707 0.0951062329078633 0.18983617395949 -0.344552090355762
-0.00122462939042374 0.105087430542067 0.20670842278675 -0.344046378688183
-0.0403305487860613 0.0910278437675067 0.233571051879544 -0.260693738490758
-0.0845732881848101 0.0822756797672859 0.201922102395164 -0.123599888083893
-0.153395825753891 0.0182095744322064 0.0403774486673084 -0.077628946035452
-0.124537026750817 -0.0868943930340488 -0.0612552031758792 -0.170020979767291
-0.018810228155614 -0.114126947977335 -0.101974047832903 -0.375667741694688
0.0403901468950033 -0.094854458509188 -0.0091674491848534 -0.606911999910732
0.00932919438709032 -0.381274214363487 -0.197927346882899 -0.341219233111405
-0.06164904850626 -0.347501407634365 -0.179132156649879 -0.205865744609183
-0.228426021755541 -0.261562260398576 -0.0313844304120055 -0.00603858100062253
-0.292826953583811 -0.0890041799442737 0.0636946842227713 0.0589733026846924
-0.235961408296291 0.0812177118346646 0.243510633869224 -0.00432904187225323
-0.168410655100229 0.144099012198617 0.292838959158314 -0.150816653806499
-0.11437020523687 0.228636268931555 0.249480465953116 -0.263826234405725
-0.0662776089532647 0.231824130731629 0.172124059457659 -0.284156687789214
-0.0815652227742349 0.253892575116559 0.171838877028411 -0.287496195710056
-0.160524350029107 0.19877831660554 0.192605389131973 -0.209260186150565
-0.223735618604229 0.153322477730352 0.162048411929276 -0.0860267116254244
-0.339146499322028 0.0202938903749078 -0.00288706122439008 -0.0423308237407376
-0.313826700461846 -0.165463322468493 -0.114913614383988 -0.148762934485656
-0.137721486588307 -0.292235039859469 -0.159330577821379 -0.349242301340328
-0.0258243163544472 -0.332289590689613 -0.0676279181466869 -0.555008091002007
-0.0445322112478881 -0.561107840309711 -0.191068433176556 -0.191219790526357
-0.114173786430315 -0.509139186020427 -0.153789012020218 -0.127980531460275
-0.332834489571826 -0.407761403834497 -0.0299020540804413 0.0214999680748787
-0.44172712555624 -0.187646647379812 0.038645979930102 0.0897169018526201
-0.396428410912256 0.0742913773986293 0.203034665810149 0.0292022779253006
-0.30453842470101 0.198093561223565 0.239731586998486 -0.0792825932101546
-0.222614451679903 0.32666261477292 0.209806429024932 -0.170292348423393
-0.13098506360746 0.335140162606769 0.12850316570396 -0.180139104363434
-0.139021924076945 0.36858914853712 0.117426116072474 -0.186587607871004
-0.244817125708471 0.291228812062513 0.134226077330613 -0.121997048785625
-0.321860870344139 0.22727535874965 0.110548656633888 -0.0293843658390325
-0.482220019543939 0.0514574216548101 -0.0360715786900087 0.00767473301362698
-0.474604035310227 -0.19694747879511 -0.144556525991748 -0.100358734532135
-0.258374326539296 -0.411970360433724 -0.178345011037176 -0.273305734448193
-0.101636661474809 -0.5154998218403 -0.0902748325205649 -0.428704746668551
-0.100436285319932 -0.663549131343848 -0.177139312178539 0.00632913851045928
-0.170864441177848 -0.605856284562823 -0.120076338864432 -0.00338749841087403
-0.415739142020572 -0.497017759090025 -0.0183798581507363 0.0621261322069811
-0.547647022596652 -0.248523209496381 0.0113091072587692 0.108318719645645
-0.505746897975133 0.0664148460764207 0.123558805279216 0.0538415685470973
-0.396974003292353 0.228599651127998 0.139356152764969 0.0022926009959705
-0.296391263533066 0.379295706595695 0.131544771141526 -0.0499858518216476
-0.177203582400146 0.388177798787089 0.0665035946927246 -0.0487277627232648
-0.175286241881154 0.427768350156928 0.0555811842967641 -0.055456556340754
-0.290979998162917 0.339678202094478 0.069156336603382 -0.00868362458923016
-0.372813452444601 0.267462598437398 0.0522261837042292 0.0429604330344026
-0.554094596943284 0.0765307759344783 -0.0574794613602321 0.0620025543543859
-0.560797228076003 -0.195667535083395 -0.143051038932192 -0.0417729015605573
-0.337747662351111 -0.461919828686655 -0.145510876975417 -0.168985589758926
-0.16471404116247 -0.61327206739962 -0.0746578969120156 -0.249089684636216
-0.148654535256717 -0.66592352644081 -0.151798206530125 0.222360323849295
-0.21996382082788 -0.601024375852189 -0.0758799403984439 0.146695412260382
-0.446495849306959 -0.493856559404871 -0.00376367949557971 0.108254671227176
-0.566735595898077 -0.250616007835315 -0.0200625342236323 0.1164020027666
-0.526139035143134 0.0590639445417333 0.0166054186050777 0.076507146769724
-0.41924524924901 0.226401873121396 0.00956352355239341 0.0905483003201822
-0.320570890197727 0.374288027401473 0.0287990976734329 0.0810587273656988
-0.194436550493603 0.382450604161306 -0.00507654198536438 0.0901545040089575
-0.193023526967772 0.416985512077209 -0.00893956704939936 0.0828284139537729
-0.303398489107257 0.326703652302389 0.000741593468337911 0.108890371265899
-0.372660680432129 0.248293450246083 -0.0102189144427903 0.113470039800796
-0.532095143519109 0.0611017175620869 -0.0725399668561456 0.104231836935562
-0.541838820735504 -0.189270993505294 -0.118960358666533 0.0105227130967788
-0.34389311768251 -0.445833296202214 -0.0740868268361276 -0.0589017093742586
-0.191507784130557 -0.615220006753893 -0.0244757778416709 -0.0496247205442242
-0.180539854842028 -0.560879185471092 -0.11102699056734 0.416874617586752
-0.237066186302169 -0.484580770811818 -0.0220965725683525 0.285460823590656
-0.391152810527754 -0.386284052704983 0.00909848377671121 0.146545474963239
-0.468819613843466 -0.194304581905832 -0.0495940447502777 0.114553774332959
-0.436133637933875 0.0465634860097161 -0.0922178946265084 0.0964177478257975
-0.360544963392281 0.189053146069009 -0.11894685237074 0.170766539752441
-0.289322463641754 0.314504580050093 -0.0751154448062845 0.202947401100438
-0.186260584974039 0.318462172480409 -0.0758336723222417 0.214262903399438
-0.190055591529845 0.340253949379441 -0.0746891069628741 0.202188293790065
-0.28316544357192 0.25276754279024 -0.0719150739354038 0.200740813162092
-0.326261332759388 0.164818577232006 -0.0778792810702 0.157094363637891
-0.424286051457734 0.00407756506806156 -0.0875115492323245 0.1169208108683
-0.419017792753337 -0.17583436140673 -0.0864498494325321 0.0407412013224879
-0.27288489494329 -0.369912077856785 0.00802587731264162 0.0374411102879045
-0.175561769328477 -0.522828816647559 0.0381554766650532 0.139004608322949
-0.181569004439242 -0.365092184674228 -0.0556483085812851 0.554129250075585
-0.204633103998998 -0.280023638955744 0.0386629175863163 0.383206746708309
-0.258254086739425 -0.212999674255144 0.02395278842816 0.169372959292653
-0.28173158160498 -0.10820567036833 -0.062485924628928 0.104645531564309
-0.269035037014962 0.0218591480962443 -0.172813840307009 0.110943720439617
-0.241547520732758 0.117177322292563 -0.213638281051475 0.230522553431722
-0.210804373291971 0.200957534535766 -0.160079925253679 0.29650455370951
-0.148981799393756 0.205605937513983 -0.136067193975569 0.3049119919504
-0.161747714557096 0.213871177411314 -0.138051744859304 0.283453004940776
-0.224727959020832 0.141837574576299 -0.145792889505243 0.245945445463552
-0.235606206136382 0.0594266067867943 -0.144968653975479 0.157724296700762
-0.258940332640544 -0.0544262193034984 -0.100549488436091 0.0950115052720127
-0.237440967055336 -0.13866418544193 -0.055629129638724 0.0495756496575303
-0.162722876314613 -0.242458323966128 0.0751567877189656 0.113786379610647
-0.133437813882426 -0.355188825073397 0.0922193317551876 0.291420259031386
-0.141732461304534 -0.115582312675726 0.00303322567736723 0.611180852122774
-0.121471621163701 -0.0441872445595194 0.10147435520679 0.425528535505094
-0.0792780006169622 -0.0293428668001939 0.048058864371511 0.171910331243753
-0.0591367113334628 -0.0303572888358721 -0.0540014731992528 0.0848397970292147
-0.0751904990316189 -0.0188267510444949 -0.211950106533311 0.115421541957811
-0.0957457440977097 0.019759142766806 -0.261833087631249 0.262615931880756
-0.106724922848744 0.051973612476248 -0.208909585312277 0.349297499308246
-0.0895442865961185 0.0609381661293031 -0.174937882268724 0.349195263295132
-0.103059938418918 0.0644601631180354 -0.190468618205426 0.316245866658863
-0.124393718283961 0.0263496116809309 -0.210118200727022 0.24247607009793
-0.107368331678434 -0.0269987613883908 -0.197724830610249 0.119025466733942
-0.0702236276987432 -0.0673908056876194 -0.102835817171878 0.0491261766444629
-0.049293602005272 -0.0570699531899519 -0.0266727338993215 0.0461952303968291
-0.0605587529207253 -0.0745455421746427 0.116584043660906 0.168755913043578
-0.0861072455353725 -0.14040816271734 0.129996863080363 0.390679993674375
0.0584392447712679 -0.151750593377741 -0.213165761377369 -0.403917358421507
-0.00740925959926184 -0.151052887045526 -0.197600347523577 -0.219555584187982
-0.102317344558189 -0.0939170297844209 -0.0266626709138591 -0.0238209110120413
-0.118689770158325 0.00695030457925346 0.0794810599312121 0.0131010043794885
-0.058958710785023 0.0688377433346779 0.232716315774845 -0.0573360564058936
-0.0208898963006856 0.066314566785114 0.274199102763252 -0.212424238816728
0.00731694731092386 0.0920640491039452 0.222635317023826 -0.317005856808884
0.0136063148346282 0.0903178532587301 0.171479987532053 -0.336936872815351
0.00283339979136078 0.0998630670068194 0.184909797473244 -0.336734345640516
-0.0348165590875029 0.0881369145289327 0.212654589573656 -0.259856539812174
-0.0778498808266795 0.0815969270924099 0.189132233477109 -0.127562162332535
-0.145431656211858 0.0236465601591579 0.0365385134110056 -0.0743710227713397
-0.123091192959865 -0.0778892055660089 -0.0632292171901431 -0.161303555553929
-0.0213151093911243 -0.10821014134767 -0.110068266514051 -0.358784432892145
0.0348681959589764 -0.0908211537235179 -0.0298299015188435 -0.580755532610644
-0.00729893581456092 -0.363917512578048 -0.20174078665467 -0.3217220435865
-0.0716292459729319 -0.330954172856604 -0.178997723576316 -0.191372520899141
-0.227884254236762 -0.242271646319113 -0.0319507957828484 -0.00555280571689223
-0.285066777430918 -0.0768659435860608 0.0612819019689972 0.0565118202292009
-0.225030441200852 0.0856158772352522 0.231613212888918 -0.0141175841542832
-0.159220067345069 0.145431395468073 0.275206345181103 -0.157422269411318
-0.099001878694382 0.223482558837986 0.227913987672198 -0.263026186185068
-0.0539378498297759 0.224505252764994 0.157714245179642 -0.277366407103855
-0.0678524354261829 0.245780952021664 0.153683813289965 -0.281441865000105
-0.147434082550322 0.197978649381948 0.176418752889072 -0.20767459398836
-0.210327632782175 0.154874423793144 0.15271157026039 -0.0892458043910098
-0.325916988185721 0.0335604886823141 -0.00399018092121298 -0.038968716553309
-0.3080031070915 -0.147038724260762 -0.115395898537211 -0.138303970503762
-0.144493117715026 -0.275960474387467 -0.164065054645095 -0.329902378299805
-0.0388033626620539 -0.317172153736054 -0.0845216245994676 -0.528777728261494
-0.0661959049386684 -0.534369616824028 -0.188555802751893 -0.177448894432147
-0.12786448395854 -0.483252234819178 -0.15045168152246 -0.118824513747312
-0.33322717772817 -0.379975893776121 -0.0297024661322224 0.020712259079694
-0.434671727491258 -0.166658487685797 0.0388449334730224 0.0880266694952361
-0.37906386205895 0.0845911190862326 0.193811609339475 0.019756583409885
-0.287836997790347 0.203239637084078 0.227800525369548 -0.0859460607424872
-0.198338853636266 0.323189502951834 0.192268308439709 -0.171760823276561
-0.112903565652887 0.32724275996121 0.118580935252762 -0.17525490037248
-0.117997142141807 0.357892520464025 0.105461925424033 -0.181561119814539
-0.225061926207266 0.290844599224133 0.123119308340891 -0.121456545472297
-0.302129713736785 0.230151595329363 0.104734223255074 -0.0323700034623336
-0.464275726755566 0.0692707251500747 -0.0346515521020657 0.00949379311197439
-0.464378696440777 -0.170790777043342 -0.143057557897596 -0.0902410548097134
-0.265899461096212 -0.387432403553458 -0.178959525123762 -0.255653639349368
-0.121435576864922 -0.489473659829638 -0.103319558790358 -0.406744190302849
-0.124715396207035 -0.630690795714679 -0.167343494497684 0.0125590065928198
-0.185479369613748 -0.574725350085278 -0.113588318361598 -8.22866156862186E-05
-0.416980970042233 -0.462747601035554 -0.0170247753379325 0.0588579430264742
-0.540476623000375 -0.220879596379442 0.013853071337179 0.105992766191616
-0.486058098446249 0.0807236922675376 0.118039405937746 0.0472325335313634
-0.376520005784746 0.237630708387745 0.135282083156536 -0.00263674670442663
-0.267795074165339 0.378063038940123 0.121101616924996 -0.0541265463042248
-0.154806343412899 0.379701158238075 0.0633834216646921 -0.0471634915152259
-0.149602264071074 0.415636462022151 0.050515529834008 -0.053708717048514
-0.268073691769166 0.341468584382706 0.0659393086034958 -0.0100200607291776
-0.350019054390206 0.269849952691338 0.0508952416225035 0.0397810307410239
-0.531622786326039 0.0974883413226872 -0.0538443620189347 0.0625125736698661
-0.547451276999966 -0.16709958528779 -0.140829241784178 -0.0324060406971839
-0.345491780669472 -0.432937587096091 -0.144248016156943 -0.156012495591032
-0.186098531880204 -0.581743723347084 -0.0808260671292911 -0.234573667778745
-0.171487982304621 -0.633246551322217 -0.135704538396919 0.218605260029631
-0.23335430411598 -0.571682121535036 -0.0663193445616183 0.142336464316911
-0.44549107924993 -0.459339588122731 -0.00125057687346306 0.103665594297494
-0.559399615886763 -0.222968119539106 -0.0154542914165061 0.114836204856296
-0.503981438038929 0.0740959116342996 0.0164426803083381 0.0732116018083469
-0.397630729890804 0.235671895754278 0.0141383497464998 0.0873415257841701
-0.290804457708674 0.375651275150126 0.0276070665958826 0.0758781399299889
-0.172674385298032 0.377025365774462 -0.00132871286010714 0.0884594063688394
-0.166721485434423 0.406597559208671 -0.00625945643430591 0.0805451947196357
-0.2790637955194 0.329478867268513 0.00501288826612604 0.10519924032618
-0.35127740353319 0.250378105900638 -0.00656528192433985 0.110030496601603
-0.511032355584991 0.0813248391610304 -0.0668129241742103 0.102905316512458
-0.528578111787777 -0.1585129246712 -0.115256404973293 0.0168012648272541
-0.350289675364989 -0.416999175680313 -0.0719167742811907 -0.0527228973971098
-0.211808431609327 -0.582756047147736 -0.0249148939411958 -0.0453771446781287
-0.197746804082456 -0.531719783755911 -0.0893062699270537 0.403803060010236
-0.24710353558551 -0.461079024237044 -0.0100359754879902 0.274747122325964
-0.391766416569439 -0.358781325037108 0.0134336543013237 0.14014661010904
-0.4643839741507 -0.171603234284041 -0.0425592436589204 0.11345317173316
-0.420021671086063 0.0592194548535 -0.0867202319623042 0.0970396662477506
-0.341040913933344 0.19651570877634 -0.104908489031164 0.170280160725136
-0.263151579253834 0.316250573508831 -0.0679412938466988 0.197495420457478
-0.166490413945895 0.313562389514359 -0.0662232192854521 0.209854550822589
-0.168025015988447 0.333113544954629 -0.0644615668168756 0.197409314960964
-0.263185757558828 0.256781878751182 -0.0601381349314144 0.196245884444376
-0.309254184732036 0.16953201184907 -0.0697135561396723 0.154623557712916
-0.410866916159185 0.0224863804076756 -0.0807379371337622 0.115030757677502
-0.409364646819652 -0.152056681492127 -0.0835540481808781 0.0446569017591941
-0.27954847786852 -0.347121142085447 0.009861168107107 0.0370593615616662
-0.192438745283614 -0.494897287846238 0.0422011784462952 0.133691939384893
-0.189957546358582 -0.344671162461636 -0.034188211916903 0.532883224152093
-0.206946578295506 -0.264620810694707 0.0508469762170099 0.366586463936002
-0.257136082834633 -0.197388580437208 0.0289491986070016 0.161303821482845
-0.279041900932794 -0.0945813420600394 -0.0556071388148764 0.102273809458204
-0.260207538210767 0.0296002383649482 -0.163122043152696 0.114062025387171
-0.227822087637927 0.123042722630916 -0.195075426334331 0.231689890587954
-0.192956987493771 0.203603091746051 -0.144818148731874 0.291262832622727
-0.135193897158287 0.203915948800784 -0.121759168529379 0.298421492984166
-0.146414464944638 0.212225821696101 -0.122428076217212 0.277067512344341
-0.210508729187814 0.148252912371878 -0.128411559443314 0.241894609013205
-0.226386236030908 0.0662182863364471 -0.132973375319268 0.157196934511951
-0.252732737761101 -0.0399827000376071 -0.0937622748599445 0.0941400314060001
-0.233869125822135 -0.12350196544062 -0.0534955518855967 0.0523987773329876
-0.168245257073121 -0.228802887708172 0.076588861180342 0.108016242874902
-0.144645099323762 -0.337490255742595 0.100371856269129 0.278225316208305
-0.140912108458926 -0.107037131969151 0.0251804499512484 0.585110338060375
-0.118602383338532 -0.040704080909162 0.113008934599243 0.405879155073966
-0.0776726988502845 -0.027018303167049 0.0527901300573534 0.163266066328764
-0.0604328759930073 -0.0273034750400707 -0.0478004550332289 0.0821273561339953
-0.0737099684151191 -0.0161595675409649 -0.198956494316766 0.119593152841297
-0.0906477132905243 0.0227183324951823 -0.239190532623 0.263705007411331
-0.100385515288497 0.0563584727484522 -0.188466746838474 0.344016261883315
-0.0836438657659718 0.0633410546282248 -0.157677206545133 0.341731175657394
-0.0952990812484361 0.0669334523324243 -0.171133323026666 0.310189264172534
-0.118797997096695 0.0325945180672558 -0.190927270584658 0.239601536207638
-0.105911418176513 -0.0208639072668003 -0.185459530636646 0.121722445134632
-0.0715302327969941 -0.0598979610789187 -0.0978171970319135 0.0500342439754918
-0.0506777163227349 -0.0527340231880083 -0.0253741150747237 0.0480875584157401
-0.0633778130414758 -0.0712084130989031 0.118190755195525 0.158769796867654
-0.0902649504579296 -0.133071995651011 0.140724340072259 0.372534612907923
0.0548929529339737 -0.145261108393779 -0.21189204463803 -0.38910578100351
-0.0079485274243658 -0.144312645582789 -0.193011867026253 -0.210713710253195
-0.0997688805040936 -0.0894728372927961 -0.0271276148268399 -0.0227573246033745
-0.114353351825956 0.00668635531406126 0.0757482077877717 0.0132652702446508
-0.0567843962651251 0.0664831988181539 0.223140893361337 -0.0590552802781043
-0.0211970923294592 0.064957852034583 0.260839948347781 -0.211675066467362
0.00950141459150097 0.0875059681214398 0.210175530090023 -0.310478019017695
0.0148733127719585 0.0870416499284877 0.165444257501592 -0.327508716903595
0.00411603106773515 0.0954202823776499 0.174913743733874 -0.327181828609561
-0.0323665412730446 0.0850531572267984 0.201213467769095 -0.254447012431537
-0.0740151010422331 0.0800205313644635 0.182137447108235 -0.126604455940543
-0.140490946132431 0.0240117483807987 0.0355544224141029 -0.0710541794626405
-0.120032798128738 -0.0727709350447588 -0.0619234694525956 -0.156312519379494
-0.0209650087524568 -0.103277979236259 -0.108815707632173 -0.346665371259986
0.0324419571781129 -0.0871807271663608 -0.036318033619279 -0.559436969674655
-0.0126616779535083 -0.348428092294873 -0.197915720453569 -0.309883112560204
-0.0726678859680021 -0.318185358470258 -0.174075313261247 -0.184917582438979
-0.222072890101641 -0.231441988023714 -0.0324079929611683 -0.00585629647589934
-0.278706119663019 -0.0726141361857374 0.058837105939329 0.0567045838471703
-0.217223056063295 0.083937833081208 0.222117754380637 -0.016436331162439
-0.154874416878338 0.144717366456629 0.263999267434606 -0.157776275630627
-0.0910042618880773 0.21744106650377 0.215016172966497 -0.257720144971357
-0.049020818781813 0.218084124929381 0.15260713875436 -0.269388264764533
-0.0619402959027331 0.23778077866772 0.144421355688184 -0.272280749584302
-0.140649753605073 0.19388490800098 0.166400179079136 -0.203326359742629
-0.202261692406739 0.152580636917471 0.146111964294922 -0.0891660906601953
-0.315924074157196 0.036873988005747 -0.00444142221240167 -0.0362354175590858
-0.300960390098094 -0.137934212605312 -0.11307395202251 -0.13288576548368
-0.143108847418086 -0.265922279099732 -0.160274049353872 -0.317937842946464
-0.0425861556096955 -0.305867038219907 -0.0890102284909581 -0.508459435478779
-0.0735580908936596 -0.511600882536489 -0.181638910401046 -0.170297490991666
-0.129965567662096 -0.466331139706441 -0.145621821097167 -0.114212385024664
-0.325538136992557 -0.363134620493734 -0.0298393735970712 0.0192294451608342
-0.426164106051433 -0.158278188633561 0.037817619553658 0.0873526110038004
-0.368321098968899 0.0843716355083355 0.185661334096194 0.018108848882559
-0.278364916109381 0.202687315222622 0.220026223818812 -0.0875521220911203
-0.185700755505334 0.315824062295776 0.180305860115062 -0.168865247033797
-0.104450749525331 0.319071932970429 0.116025034370305 -0.170012754121661
-0.108839409158322 0.346584619136761 0.0996295674352854 -0.175151340174736
-0.214295655069213 0.28727909855412 0.117290409654308 -0.118881393275016
-0.291697209832808 0.225468689962574 0.100184027218175 -0.0324850071418332
-0.449891915695378 0.0733896697724599 -0.0343244309143999 0.0113649061844791
-0.451921486276682 -0.15850327127714 -0.139951811010264 -0.0844574938804851
-0.263618189811153 -0.37390960086385 -0.173618626851481 -0.245762294354308
-0.124975422450666 -0.472526692840484 -0.106015665166522 -0.391439753826132
-0.131408594268017 -0.6046945574899 -0.158412786478875 0.0126926263229568
-0.188892727499871 -0.556339539416397 -0.108330794470005 0.000445210477961416
-0.408617102169706 -0.445023216519873 -0.0176007869456695 0.0571724824601683
-0.531391287945198 -0.210123191545103 0.0141921995725236 0.105366676108456
-0.472153592188661 0.0831258663509198 0.113511199369304 0.0452945477576317
-0.364802373662981 0.236877791832972 0.132493087028409 -0.00468153497367329
-0.251776740252197 0.371011343124256 0.113082095642312 -0.0532631633008409
-0.144277836591182 0.371368737297162 0.0633652019670035 -0.0446044903153601
-0.137029331897905 0.402225372596833 0.0480120211923087 -0.05078794794993
-0.255163483085317 0.337512354324591 0.0639818287505721 -0.00967989757702843
-0.338748762801918 0.264218142816464 0.0492661734468811 0.0384317253089425
-0.515717223623681 0.102709072314594 -0.0522366963406823 0.0620808015983125
-0.532346669431616 -0.155067872682 -0.137674400666962 -0.0273972203542188
-0.342735653349963 -0.416053179001731 -0.139344656554042 -0.149684425540549
-0.190511371083996 -0.560266429557288 -0.0807188211115464 -0.224225792855581
-0.177473469472353 -0.606472620865825 -0.125064566546384 0.211636254678579
-0.232131774379751 -0.55436630050356 -0.0608773108401923 0.138056227466675
-0.437216420983809 -0.442546933200987 -0.00119551393146773 0.0996081556128406
-0.551483747404001 -0.210750432925997 -0.0134999246101177 0.11317787860166
-0.490819318563952 0.076717403861531 0.0154679541391211 0.0717125041473363
-0.383150942384322 0.235679611295597 0.0169685974949698 0.0843848298360128
-0.273710308404355 0.370802599564697 0.0241490210805282 0.0735549727122667
-0.161273120933677 0.367654232445744 0.00119632363047858 0.0878734438946513
-0.154670877932413 0.3942722257342 -0.00550020812404269 0.0793381394309359
-0.266798999394039 0.326423604941183 0.00758221653312917 0.102411037767548
-0.338981478453717 0.246379060417642 -0.00560253096217699 0.107365985867348
-0.49610803177542 0.0882460050798986 -0.0649078880971909 0.101148429389875
-0.514264304092736 -0.144879966076333 -0.112900651904361 0.0200747590852129
-0.347358510684156 -0.400594372013913 -0.0689684548226698 -0.0500603838212
-0.216194360158611 -0.560341372584618 -0.0238856095119407 -0.0409825929928621
-0.200588345310015 -0.510559513435007 -0.0797696405062768 0.390203151533917
-0.244247272050421 -0.445753512414258 -0.00523323864585552 0.265347108577312
-0.384068604937246 -0.346267679032382 0.0139074188920146 0.135987573227315
-0.457835989704171 -0.161487452326624 -0.0397615533641205 0.111258966512488
-0.409348466198034 0.0617266969358054 -0.0836667924213859 0.0960508907967746
-0.329328255116914 0.19647271637344 -0.0973641688617615 0.167208497123237
-0.248459490439023 0.312432489152008 -0.0653064202177186 0.192367944772456
-0.155936731011188 0.308049400411618 -0.0617903113234562 0.205825846279912
-0.155723117140189 0.323896609595405 -0.060603207446928 0.191997286798505
-0.251211856201966 0.255796128158712 -0.0539765588817421 0.190956428134971
-0.299694929696402 0.168722322402702 -0.066138647660522 0.151084282250787
-0.398704267696414 0.0288642810773855 -0.0780059170446022 0.112059825066195
-0.399787573691456 -0.142519025999656 -0.0813199582711915 0.0481544627751113
-0.277093119557277 -0.332725557088273 0.011135037637635 0.0362478131266049
-0.195229141190176 -0.477855137885087 0.0433150422345715 0.130786597163404
-0.18970017693833 -0.330644832980133 -0.0248477071490685 0.515405575848617
-0.204494782760692 -0.257205250572765 0.0542841680783576 0.354319852066179
-0.253067427874267 -0.190321644172389 0.0299248908046759 0.156243371807778
-0.276548014153406 -0.0885345761968307 -0.052336600064471 0.0996346621713315
-0.254164215673747 0.0318287287168843 -0.156161010261036 0.113694883976993
-0.219922704598557 0.121997453846855 -0.183041159320576 0.228290643131116
-0.182674120577371 0.20238966320156 -0.137858732337673 0.284317120857941
-0.127791061465223 0.20028564565996 -0.115208860387927 0.292244370766053
-0.136796246889607 0.2068235516479 -0.115961033739412 0.2693024038592
-0.202053312498355 0.149291862129084 -0.120311255677015 0.235487513283651
-0.220062853902496 0.0672993311885673 -0.127844783988522 0.153855286009007
-0.246604359160281 -0.0338260623316349 -0.0909685901525235 0.0913111759270863
-0.228655130373692 -0.116859707089794 -0.0519458549192263 0.0547335894055684
-0.168213597773825 -0.219990023906237 0.0758614378153411 0.104242235549675
-0.147576142466743 -0.324527938227826 0.101620066840707 0.269838701540659
-0.138884285907558 -0.103092135537603 0.0299618617318271 0.565825106465218
-0.115361496634923 -0.0400119418794252 0.113620400805289 0.391341778034623
-0.0765907181071561 -0.0266426494868177 0.0537857867791998 0.157867603995831
-0.0607984164829502 -0.0256012356785217 -0.0452459974062003 0.0788188495452814
-0.0729067251155857 -0.0150873852226908 -0.191278986082109 0.119610675110281
-0.0875812321925701 0.0223323243771772 -0.227122432153257 0.260716725564153
-0.0954537417831859 0.0583414861944795 -0.178642102595295 0.335422660565238
-0.0802880582199094 0.063520177875346 -0.151184717871986 0.33374130453971
-0.0900948798065718 0.0670151448559486 -0.16328355195691 0.301451783042911
-0.114542835463921 0.0362115460045709 -0.18000777295324 0.23375503847441
-0.104046186046327 -0.0179374071373494 -0.177646754603956 0.12029649539149
-0.0711260007084541 -0.0556199618813788 -0.0947517732267783 0.0484613980582969
-0.0511171255122141 -0.0505912236697402 -0.024000916258863 0.0498929735022575
-0.0647317827759838 -0.0688589931671055 0.115701374726336 0.15363749927526
-0.0911343821607694 -0.128677048424658 0.142320664078182 0.360119534586542
0.0547003498432959 -0.142020837139702 -0.210215574276488 -0.385394853479199
-0.00607969375491689 -0.141212289441158 -0.19151491357504 -0.209590795293485
-0.0977514605097817 -0.0882782038124008 -0.0280148002862524 -0.022615290172395
-0.113407890028761 0.0053062539228368 0.0740064261449431 0.0147311592035538
-0.0567095921169289 0.064333922658474 0.219026126329257 -0.0594697169628097
-0.0223892316188349 0.0653089670681441 0.255853248758849 -0.211922564559523
0.00976843431806672 0.0847499164087719 0.206490715560641 -0.306919479602575
0.0155430368206561 0.0856742066860543 0.166856831665374 -0.324970507150328
0.00362356752160384 0.0940467542553741 0.173335730497115 -0.322310214058578
-0.0317188465843761 0.0836024644989418 0.1971479742367 -0.251967875038544
-0.0724352285386973 0.0785454744167969 0.179856505714776 -0.126251046528952
-0.138727436273351 0.0240683816235559 0.0363131799421221 -0.0687283886591936
-0.119047665146291 -0.0713910691256968 -0.0601561094095759 -0.156328304153413
-0.0193353552625366 -0.101928089142944 -0.1067103918049 -0.343925838618383
0.0327083433385277 -0.0851759085889728 -0.034818731958032 -0.553525810598447
-0.0132344905082586 -0.341006636378118 -0.194011065979441 -0.307545571629292
-0.0704426597708259 -0.31311312939263 -0.172082043388218 -0.184582832141371
-0.218636800377727 -0.229098415253306 -0.0338998121793464 -0.0059622109148329
-0.278071271442733 -0.0734252869839003 0.057946049854489 0.0590253473985779
-0.216293876236137 0.0813081118208829 0.218093719958886 -0.0160035005541321
-0.155225155414701 0.145311460467017 0.259834111165642 -0.158192358291455
-0.0888980419219555 0.21401999401676 0.210293677038614 -0.25428307625619
-0.0473098398952535 0.21676625653773 0.154273584443985 -0.266506219211753
-0.0604473461755779 0.234257603987059 0.144115906272027 -0.268197974714531
-0.139480138717056 0.193050042766306 0.163801366869947 -0.200540075745466
-0.201154394437338 0.150447417693998 0.144530138877941 -0.0880650237961132
-0.31348789669378 0.0372646058725388 -0.00385839051934038 -0.0347460973451204
-0.297477990447206 -0.136069269362047 -0.11137597595879 -0.132468868892316
-0.142346977599566 -0.263637818929666 -0.15685905580285 -0.316094855049719
-0.0431444987497922 -0.300890527577936 -0.0857845824573272 -0.503276441680525
-0.0748305890493855 -0.501607968788058 -0.176459958961635 -0.170786097444868
-0.127628779401883 -0.460964722223742 -0.142959638610543 -0.11541222563314
-0.321232964776615 -0.362668434699716 -0.0316062535112733 0.0189881998806569
-0.425772375418083 -0.157483768385063 0.0375957028365461 0.0891343605158819
-0.366878627840539 0.0825508427060483 0.182611061282779 0.0184429602238246
-0.279096306905649 0.204003978309257 0.217971259961942 -0.0880319927696681
-0.181222208158619 0.313350609982891 0.174850864997515 -0.1660996776951
-0.101857212135487 0.316894110173666 0.118417206364093 -0.167562251181359
-0.106875495499154 0.341894287997994 0.0987245295231381 -0.171240394761428
-0.212650886650934 0.286086177893161 0.115626360863719 -0.116552553029994
-0.29060027720578 0.223361616624863 0.0988312612301721 -0.0318927438510958
-0.446938498653827 0.0752634371917024 -0.0337568028421806 0.0125901051000558
-0.448071587447894 -0.157687759959201 -0.138816853148322 -0.0832064219095347
-0.263029961357302 -0.370208675093552 -0.170201303778808 -0.244903471208317
-0.125639234513043 -0.464598878821383 -0.103603121523664 -0.385174748188498
-0.131757769679594 -0.594119281456413 -0.153085042311034 0.0101726518405523
-0.186323340873201 -0.551845351934029 -0.105441110057734 -0.00184838342316101
-0.403548543210867 -0.441637063132471 -0.0186692002754742 0.0563921183991871
-0.531914506448948 -0.209351009908125 0.0149667445349519 0.106713955129185
-0.471604448709847 0.0821018333029598 0.111319297104068 0.0458529532377876
-0.363721797230879 0.237903510584152 0.132537935353882 -0.00498234125318733
-0.24502125796755 0.369025315557793 0.107525502670359 -0.052212261501022
-0.141329500579424 0.369736809427835 0.0655742666299878 -0.0429691942897892
-0.135278744766514 0.397230872810037 0.0474223953030858 -0.048516113532183
-0.252890608833999 0.336466018158231 0.0635356473641971 -0.0087881326500782
-0.33709860443406 0.262856944910056 0.0484339911140362 0.0391966024483988
-0.511757301432919 0.102964544178949 -0.0538093339420332 0.0628043804702335
-0.52859985277657 -0.152222032140368 -0.136699021188735 -0.0257178792203603
-0.340830023426761 -0.412336681519376 -0.135790549899149 -0.148884087485848
-0.191646746013836 -0.552871755927385 -0.0794868134376001 -0.220113145127106
-0.177507383240108 -0.596582716949328 -0.120715221437184 0.207008307643837
-0.230090816404219 -0.550272574239433 -0.0588544695164549 0.134603670253133
-0.433383204989312 -0.43928584117418 -0.00177162777471558 0.0993267037794612
-0.554213619378078 -0.208789809349907 -0.0117059011001583 0.114077189458005
-0.489768332117798 0.0769975785803389 0.0148534008095103 0.0722310040936139
-0.382114153499977 0.236661003489489 0.0193836008255936 0.0839582756489625
-0.26787378830126 0.367947119306257 0.0195167906574923 0.0740182639474927
-0.158279532205336 0.365830771819446 0.00299411693592516 0.0879792509686542
-0.151389820670903 0.389799672668134 -0.00552512245164103 0.0803666068231896
-0.263408721715525 0.32638621651249 0.00847341201259243 0.101303975046209
-0.338336045462969 0.244331273674317 -0.0059620387899073 0.107584091962693
-0.492062298356676 0.088892522531753 -0.0659639452685312 0.101160514727879
-0.509436189970415 -0.145773351288224 -0.112346364562098 0.0226967446679671
-0.347179387867225 -0.397584438371333 -0.0666643305696173 -0.0495738360589906
-0.216983613316438 -0.552551893469094 -0.0235148134868802 -0.038844302316085
-0.201186028971311 -0.503493201987668 -0.0767385033691876 0.384422413356099
-0.241900686266867 -0.443030302707417 -0.00350436640830855 0.262111682072608
-0.382000315174062 -0.345669006960022 0.0130566616988019 0.135164131293792
-0.459741313989986 -0.159433483645941 -0.03821571029141 0.111229686257874
-0.40894266173757 0.0615887164430975 -0.0829473342904942 0.0969975447638897
-0.327982015796586 0.19669978477509 -0.0936801145282421 0.166096224244456
-0.241948623615846 0.312404307457133 -0.0678976204205528 0.191083211344155
-0.153279866043984 0.307475856193374 -0.0603744683621076 0.20493866452542
-0.153360035375511 0.319215930327531 -0.0613200611294487 0.19088419022748
-0.248709897038488 0.256812114011275 -0.0524066594379965 0.188362457624866
-0.299204429634235 0.167530127241323 -0.0659057299912929 0.149774245382941
-0.395979292118826 0.0308119009162985 -0.0792369808596014 0.111358940317871
-0.39755980167696 -0.140920418812953 -0.0807647026335895 0.0503838241509749
-0.27792398062702 -0.330111373952772 0.0125396378162031 0.0362203203601366
-0.196798052717414 -0.472297187923261 0.0432862182488082 0.131313483723347
-0.188790774786424 -0.326499657217843 -0.0234683414496955 0.507752354301498
-0.20284236051626 -0.256839980140819 0.0550326256629587 0.350564393808585
-0.252820624433698 -0.191524592113458 0.0297442367946512 0.155488040372329
-0.2776614475125 -0.0872107690906033 -0.0511708539264782 0.0985305060975704
-0.253615843643304 0.0314112671304899 -0.154515204073449 0.113693177466629
-0.219386257123705 0.122351886001739 -0.178857336158029 0.227247685257572
-0.178190025556681 0.202977793659587 -0.139193528497348 0.282027680575375
-0.125483571791923 0.201114711963247 -0.114887502557638 0.290576356756187
-0.134851760747594 0.205414672942664 -0.115931756646065 0.266931799794196
-0.198983197815986 0.150876967159836 -0.117444966790331 0.232916841818876
-0.220140377628902 0.0675399373340296 -0.126512326857204 0.153011285886754
-0.24468018161984 -0.0318004887555434 -0.0917655470320219 0.0904766350901544
-0.226993238330363 -0.115135207867643 -0.0516471788797609 0.056864238541411
-0.169648188726138 -0.217798813568892 0.0763219549153008 0.10356426331018
-0.147968811376794 -0.322022912629834 0.101598689803665 0.268860603952897
-0.13803440751133 -0.102788263303185 0.0282415040005552 0.558427646361514
-0.115162139135964 -0.0418071157834524 0.112263816673792 0.389111431440926
-0.0777983496648727 -0.0285813308691065 0.0532322882176498 0.156466342311376
-0.0614545853156245 -0.0249222575357628 -0.0446918723915042 0.0767455376714927
-0.0730635346046233 -0.0147505397494232 -0.188809681946164 0.118998672519664
-0.0869223102078973 0.0216385612899972 -0.222496585369254 0.258995497065432
-0.0931704927288512 0.059667569046588 -0.177418344484075 0.331779593722461
-0.0794774983296038 0.0643814430157953 -0.151925083275326 0.33207095311359
-0.0887209955680682 0.0667201647809588 -0.162497050257782 0.298447538540513
-0.112641020681734 0.0383350357523497 -0.176771496145471 0.230718230926541
-0.104120936078531 -0.0158902700613264 -0.176022744732008 0.118918897665088
-0.0713082314143261 -0.0533252619228 -0.0952853150472954 0.0476001468211339
-0.0518976573109697 -0.0501014049589402 -0.0235713652396459 0.051919847470135
-0.0666869696189016 -0.0687016383341794 0.115264242092301 0.152779342582121
-0.0922922029980438 -0.128536328704299 0.142154610678052 0.358087633246075
0.0556093081650161 -0.142862095567331 -0.216721922126638 -0.39113927568217
-0.00616126084787797 -0.142474177875142 -0.196924326069212 -0.211877015462774
-0.098524464131211 -0.0890342266273772 -0.0289573786076305 -0.0231620816417787
-0.11639483297194 0.0053013928187306 0.075362677288182 0.0158424993338428
-0.0582820322954104 0.0649302422525529 0.221383899062674 -0.0623658972955852
-0.0227848583951118 0.067991905305133 0.256157269225968 -0.218559239902018
0.0104801697196431 0.0848798269419361 0.206895245696736 -0.312588542275273
0.0170632305892453 0.0862722548805086 0.170392662919371 -0.332473868125284
0.00472284269541691 0.0947620856003834 0.174030851908187 -0.328655242521079
-0.0322667889013125 0.084732789301392 0.198171007692566 -0.257009141780521
-0.0730772073587885 0.0796799492180967 0.182314189960959 -0.130057839415283
-0.141130178921231 0.0255098134165164 0.0377708067384239 -0.0693178134809417
-0.120743078600911 -0.0708976717505168 -0.0614993338338234 -0.160870361403523
-0.0190241347095353 -0.103484629210303 -0.111125196784353 -0.350343995039919
0.0328056970869944 -0.0859325297271935 -0.0384754142227553 -0.561034666749964
-0.0150917336163427 -0.343345166112818 -0.197997113931074 -0.313067456659004
-0.0733610889046871 -0.315956945258878 -0.175728905752792 -0.187956215483985
-0.2222736267162 -0.231973266294736 -0.0359142092607847 -0.00609090705054867
-0.28600564255324 -0.0738292321261156 0.0593275597275481 0.0612993891230481
-0.221418330299569 0.0837585727063072 0.220867394977264 -0.0178749847583387
-0.158217720492203 0.15141489663247 0.26204313699564 -0.163950681671392
-0.087480664699977 0.217105825984504 0.209031321365495 -0.258477775092955
-0.0448778630714866 0.220887801336441 0.158706869089474 -0.273075914971024
-0.0601670275803468 0.237760306840911 0.145227745535238 -0.271906566556164
-0.140497588247651 0.198660793259643 0.164810641134783 -0.204832840624483
-0.204291607339448 0.153805520221371 0.1461978130837 -0.0909424718618307
-0.320289336815637 0.0409559700904489 -0.00381903473527116 -0.033615123314459
-0.304460429594499 -0.135880252573328 -0.113949888300608 -0.135310991572724
-0.146271366112973 -0.267516674443128 -0.160661544866888 -0.322158551164039
-0.0457435329752587 -0.304427988859028 -0.0906392691761931 -0.509518094280035
-0.0804296597720658 -0.504769259664613 -0.17826258261021 -0.174637489349578
-0.13185255713927 -0.465945260849508 -0.145427815278626 -0.119277027183004
-0.328232433038927 -0.365325855645598 -0.0328147348804659 0.0195391895101342
-0.437624805876044 -0.157579464263757 0.0396191353870257 0.0920885624768761
-0.375163989010145 0.0865574731718925 0.184983876478074 0.0185178274131472
-0.283746928923147 0.213045850767561 0.22114243566169 -0.0915673191657222
-0.179704107871478 0.319568594061897 0.172798608770363 -0.167832924323588
-0.100109320010266 0.323954344434621 0.123032127300129 -0.172045171955248
-0.106595838452288 0.34735057755788 0.0996410911510121 -0.173130993995186
-0.215001267453762 0.294836770806178 0.11676973825084 -0.118469319999574
-0.296025961933217 0.229142040619049 0.0996949554783912 -0.0323663714234357
-0.457272690622606 0.081811724543874 -0.0348093570707277 0.0146935093296237
-0.457591875728912 -0.156262374578945 -0.142192507154428 -0.0840170448841729
-0.271396757884553 -0.374497618429533 -0.173187015278798 -0.248921057828767
-0.132728351940788 -0.471947933220435 -0.108427402518275 -0.387635743036771
-0.138473301165642 -0.598076870979609 -0.152254661560741 0.0079265378948604
-0.193460829719581 -0.558725181864144 -0.105465927292067 -0.00362339421908283
-0.415114976207321 -0.44872079733536 -0.0190601442791914 0.0585301023608939
-0.548327396776657 -0.206663801887476 0.0179055072048182 0.109997312358885
-0.480914207081591 0.0868348198324268 0.112629239422365 0.0473537628208252
-0.370126191742047 0.249674543223243 0.13634164349722 -0.00677849529250312
-0.243384543414603 0.376514927649565 0.104713818455012 -0.0513412560449562
-0.139408226952731 0.378820531546802 0.0693058788340393 -0.0449065031427066
-0.135625462126806 0.404788161660856 0.0486293938635418 -0.0477986624898408
-0.254889535966848 0.347251761022906 0.0648706601688276 -0.00888313282458655
-0.343716512064757 0.268492938096361 0.0489209110540157 0.0406370716924434
-0.522401401417972 0.110078299855331 -0.0551956457485208 0.0660777648310955
-0.540164678259704 -0.150945632416092 -0.139187275773517 -0.0242540914521249
-0.352935626443562 -0.416683638901933 -0.137886459326026 -0.152285698247193
-0.199577110161632 -0.560497289384091 -0.0822209324593904 -0.221506155390548
-0.18450491947062 -0.601116907989924 -0.117797220496325 0.207270015797594
-0.238494829981777 -0.559014890000349 -0.0565180573927522 0.135319543367251
-0.445574813936703 -0.447868863463292 -0.00196715641034535 0.102085590979721
-0.570055526444118 -0.207954417055958 -0.00952792908943736 0.117046629450627
-0.501049630448655 0.0814989089315683 0.0156076551024175 0.0752196359374798
-0.389099041555218 0.247056112547936 0.0228439771077339 0.0852228918003885
-0.265113890051848 0.37830561916245 0.016389527274893 0.0768603362595719
-0.156052997577133 0.376217837039416 0.0057939031486174 0.0891224314551996
-0.150940695553077 0.396341323812243 -0.00491007283612052 0.083552678542903
-0.265229258986389 0.336918521640967 0.00991982577979827 0.103354542679501
-0.345363255484905 0.251101480957018 -0.00634499322114108 0.110794883741867
-0.502299427616547 0.0955142155157809 -0.067932216890889 0.104914792603677
-0.519903793764314 -0.144047299192071 -0.113794914038929 0.025788548328193
-0.357995340452831 -0.401630069676547 -0.0665686700025266 -0.0511682422109555
-0.225765354254094 -0.561134810850528 -0.0230350405054785 -0.0373867036966403
-0.208574169392107 -0.507178400045274 -0.0733675765592784 0.387282521387652
-0.248828404728714 -0.451395483537542 4.22352410153468E-05 0.265014945361752
-0.393616979343505 -0.3520239499545 0.0146559990493774 0.138728863831411
-0.474503076016656 -0.158372496887432 -0.0366692213327817 0.11323042335617
-0.417704994718895 0.0660157662889114 -0.0829885932848589 0.100606658259467
-0.334536288594079 0.205884606102398 -0.0911127448464877 0.169793287266146
-0.240748834402192 0.32031676989716 -0.0714232671869259 0.196864286788895
-0.15178156645658 0.315925878362124 -0.058815792957789 0.209900590857038
-0.153098079692254 0.326240368680364 -0.0609606764982083 0.196506506209775
-0.250596839044907 0.266189870798607 -0.051260912495237 0.19129987175473
-0.305653800750339 0.173257009812046 -0.066780542584633 0.154403361805627
-0.404176162377593 0.0361064756298122 -0.0817054363904118 0.115495917125143
-0.405710928782655 -0.140143752148829 -0.0815023842062592 0.0541233917640778
-0.286500589101046 -0.332864978573134 0.0141870655893251 0.0360982391302596
-0.205560156136773 -0.477097231614503 0.0464145904390811 0.134651212024497
-0.194989885180855 -0.330182775817415 -0.0207862943315056 0.512859455098167
-0.208532927623131 -0.262828938688028 0.0595755453007565 0.35493814406289
-0.261484704948817 -0.195216728879955 0.0322817077415015 0.159163702325897
-0.287515183221418 -0.0856567157520678 -0.050131416254886 0.0996592765945573
-0.259187706879787 0.0341568696305683 -0.156035659725851 0.117762578706665
-0.223522155036068 0.127483276957601 -0.177188523478318 0.233011654187934
-0.176501641134748 0.209938249593033 -0.141126440655802 0.288815598851817
-0.125655750977648 0.207630279261095 -0.115343551364991 0.298048348884016
-0.134947338419743 0.210202322952017 -0.116629880434017 0.273198740180972
-0.20093939355081 0.157464680098141 -0.117112186444593 0.236010199939762
-0.224807115000789 0.0713995147681883 -0.128460033914702 0.156731031449349
-0.249677584348715 -0.0285136240073786 -0.094544001513847 0.0927709824139
-0.233566855756855 -0.115072083262919 -0.0510198555983483 0.0610413712824211
-0.17601501918068 -0.219673314968565 0.0796976352959674 0.105217693918346
-0.155320242129413 -0.326186647066998 0.106681542825834 0.274285293780743
-0.141773338251493 -0.104345508579605 0.0324922849614196 0.563860242278617
-0.117809085845454 -0.0436897995372777 0.119468748884086 0.3940874310199
-0.0815794736705501 -0.0292681733230635 0.0567998515248908 0.15920955811968
-0.0637796262367541 -0.0242221652191915 -0.0446301007500981 0.076667581520342
-0.074632454028672 -0.0146278664223562 -0.190521175521645 0.123168184396224
-0.0890155397631898 0.022642744411318 -0.221739399618594 0.265852145970202
-0.0927257055555144 0.0639048951497224 -0.178682743356259 0.339421337390563
-0.0795953418190198 0.0680374521416683 -0.153601117977521 0.340593145091656
-0.0891463209674712 0.0695463409878909 -0.165254863861404 0.30488480565036
-0.113709974372458 0.0415232271580231 -0.177340605325083 0.235025164100511
-0.106939549505715 -0.0140873445906827 -0.178154233246438 0.121919522292738
-0.0736087262822085 -0.0522905804686472 -0.0978206980061242 0.0491545121412345
-0.0549792790293108 -0.0503594643075903 -0.0229496402033164 0.0557364326120265
-0.0701321191269504 -0.0690254779939131 0.119347122473863 0.154616809586019
-0.096475511323136 -0.131217222073804 0.147198124172495 0.364454559905695
0.0320602029593915 -0.146825931092886 -0.238030086457959 -0.379582441729947
-0.0263858095421657 -0.139854445844654 -0.210417702068081 -0.201279050059384
-0.109958503507157 -0.0773795232081532 -0.0233953270802226 -0.0282089580786166
-0.116604112409673 0.0195800576823813 0.0800525225215954 0.00169072669430733
-0.0505802279302829 0.0678562794044086 0.214532347608263 -0.0871271425761915
-0.0176759162003719 0.066531832172748 0.237449015228038 -0.246474816336925
0.0206946622065202 0.0804685671673043 0.176026362244067 -0.340466442009943
0.0245451062468538 0.0821550807732189 0.144558641039063 -0.357905395305775
0.0160445572522962 0.0952829642285147 0.153061626394505 -0.358406087775363
-0.0228805822065911 0.0920340761101138 0.184401335595494 -0.288070998791867
-0.0641487493959822 0.0900145435958444 0.179815658334806 -0.155038905605332
-0.139844145902687 0.0434450089494015 0.0391604737724883 -0.0795197338329161
-0.127749610565105 -0.0597287090211518 -0.0728368731405224 -0.163220894701309
-0.0217101406460403 -0.105200052252827 -0.149679591259385 -0.355089824767407
0.0354275913307688 -0.0915053870407583 -0.0849715703773547 -0.577447101843977
-0.0637789650273329 -0.336823470174204 -0.197636441358912 -0.307374143096896
-0.114577815624298 -0.305666771555833 -0.175143178778846 -0.182847897410498
-0.25297905803587 -0.205864272146828 -0.0149309089902836 -0.0195463173228567
-0.29926641585275 -0.0365450666031966 0.0779722450045155 0.0365918924613668
-0.213549819881047 0.105786283958549 0.216954170171054 -0.0518612800202356
-0.145383476896548 0.166353782243608 0.245350217612667 -0.198710706917838
-0.0616467846210115 0.229858815738554 0.180802734883561 -0.296458534875212
-0.0259472973738931 0.225091757843792 0.13718249934141 -0.296113338314357
-0.0335398278116196 0.247425455607734 0.12735774932437 -0.296878615722745
-0.12160685165518 0.220705298304829 0.155605725809526 -0.234494501712777
-0.190871834400369 0.179765664477099 0.146671579903275 -0.114021163937737
-0.321672420120356 0.0789052096941135 0.00251962530901272 -0.0415607305129451
-0.322404383753608 -0.107942196671342 -0.117231201043034 -0.130782043588885
-0.171650088661774 -0.264924023844167 -0.197842417835193 -0.309216099321415
-0.0681639036653239 -0.315540909628515 -0.139467328053896 -0.506257712097774
-0.145419154501925 -0.489413924121683 -0.154488943250098 -0.172471270550242
-0.18837457622393 -0.449597340346389 -0.128475291741499 -0.118680977512544
-0.376379425324015 -0.329455565657421 0.00293442447150201 -0.00182346359488893
-0.465101828587378 -0.100885108687526 0.0710440404034232 0.0590050188094507
-0.368033112280267 0.127083903581941 0.183219147671378 -0.0216813888806663
-0.266367616131782 0.243448208470512 0.208911277926893 -0.128948779123934
-0.141428480712103 0.347483616936596 0.150759717831488 -0.210288055035954
-0.0710873732819586 0.334810304580589 0.107520452668309 -0.188153204005734
-0.0677140177322959 0.364753353848744 0.0899336611983 -0.18867393913135
-0.186234898095236 0.32738254008615 0.113526728188335 -0.141940199639989
-0.276465767140135 0.264849578693988 0.102945496409822 -0.0505174515740332
-0.457798808357816 0.136474575657131 -0.0230142446817153 0.00872943674639409
-0.484538887852021 -0.114145039959795 -0.134830422931174 -0.0743553140006356
-0.314578507048214 -0.364757525644377 -0.200896752324606 -0.221465817794407
-0.176883871735245 -0.482875812890371 -0.150052384393865 -0.365242050461573
-0.214322264854831 -0.573999794666038 -0.108723355571625 0.00730486059786067
-0.260517126872324 -0.536985013514433 -0.0724678414123404 -0.00788428371175625
-0.47402374306482 -0.401013499481499 0.0284592171398647 0.0289626698792711
-0.584534123181476 -0.136496631186756 0.0568516484019127 0.0704980795144448
-0.475528537029207 0.14142299285419 0.112851370728872 0.00627892132738356
-0.350050684058615 0.290848868899643 0.128327624136627 -0.0393777406769779
-0.197874179560089 0.415672867722412 0.0916719697334654 -0.0905924951431418
-0.104581331678295 0.394827297483984 0.0623046328414181 -0.0522685068789217
-0.090716054128586 0.424589329906536 0.0480074398110958 -0.0530662621949846
-0.220662470293086 0.384070235279478 0.0686346667123968 -0.0238468996699285
-0.320934423034473 0.311044584966673 0.0561779801435949 0.0291954987402569
-0.522076693872647 0.1739700335877 -0.0383407488956268 0.0631147983232607
-0.569403282329644 -0.0995806046523904 -0.122657593922994 -0.0116718016133068
-0.406562854183224 -0.401618038506648 -0.15197037831255 -0.116470111140992
-0.25793832652485 -0.57260388997736 -0.110804855340106 -0.184810472218244
-0.257011797156761 -0.570934540969882 -0.0601424398151486 0.205227687877494
-0.303060945442264 -0.532755612904714 -0.0112107027084461 0.128052456148706
-0.506216268656519 -0.396972473906529 0.0506539622008964 0.0699449924818282
-0.606783618962225 -0.132167306645572 0.0300958256034414 0.0771554833943826
-0.497680981763588 0.139877458293447 0.0165347003814221 0.0420252668165129
-0.369804508840612 0.293074329579669 0.0217001716131725 0.0632466957221805
-0.220733934646415 0.421431892338 0.0140688488308587 0.0473897388556878
-0.12138872631221 0.396093002418626 0.00928119325762775 0.0919354440604145
-0.10763141081674 0.419703289273219 0.00406453826102324 0.0884447092477051
-0.234092996629169 0.374918680700074 0.0217027905907922 0.0987004313305234
-0.325156519726109 0.291787913774216 0.00505416054170792 0.108216679177138
-0.503657588390773 0.156346245914394 -0.0492961247115563 0.105997484307244
-0.550915816657445 -0.0940204162108006 -0.0914716253488882 0.0395907245083245
-0.412582359008389 -0.384037929290194 -0.067349334904925 -0.0166840737784665
-0.289876980252118 -0.569461633760836 -0.0341314691411649 0.00394498296718915
-0.264417707028237 -0.475104491104881 -0.00976386612580391 0.38416211394815
-0.300118095046323 -0.424546236766663 0.0505497685686816 0.25529116649288
-0.442509278752788 -0.306343839823752 0.0617796147881125 0.109247328661967
-0.503330156303493 -0.094607233443193 -0.00440022116550168 0.0822411112473232
-0.416159835702057 0.115965980510977 -0.080442964161157 0.0825698212435865
-0.318309467262408 0.247413019673025 -0.0849423735539046 0.161998132515508
-0.20191505590821 0.360672127583798 -0.062347605635092 0.181144873209495
-0.122835220723677 0.33470268079965 -0.0458180080357424 0.221421369381833
-0.117512579831842 0.349097524837115 -0.0450550193920532 0.210986189606644
-0.226297480617242 0.29926634916497 -0.0347243379091659 0.197572240045746
-0.293898837055419 0.207674255097062 -0.054078365502036 0.160893336579491
-0.409856581156772 0.0826616480877992 -0.0652618081636953 0.121927723298549
-0.432139434705199 -0.102298377511716 -0.060086979786946 0.0680015422476002
-0.333390535930989 -0.318391518749297 0.0239931349566779 0.0627440692856073
-0.260996526896189 -0.48333208701641 0.0527667104923789 0.173236188162604
-0.230207861380869 -0.30203119135301 0.0382793153632058 0.510574245428296
-0.235540630570219 -0.239258131996874 0.106807236027791 0.345368695496823
-0.289931423877168 -0.165062814947046 0.0669146128443028 0.138517550705557
-0.303745424803661 -0.0464681338514923 -0.0296348767854446 0.0829665393334469
-0.259797859158975 0.0671928710621871 -0.151753730667537 0.11677732677717
-0.213572249511736 0.157339774464039 -0.164921628500212 0.240847860477684
-0.152053848285363 0.240995798148864 -0.122019445564812 0.290311470199707
-0.105310038364139 0.224118133578224 -0.0943698590904479 0.31727803432819
-0.112328925710774 0.230152604973271 -0.0975071502249914 0.296076165793701
-0.18766088258435 0.183115304442851 -0.100618986503488 0.252338318052021
-0.222353784977961 0.0955745191321302 -0.118582658310409 0.171928623364447
-0.259469344493632 -0.00120920256778507 -0.0843395831510439 0.10396436493327
-0.253608813910168 -0.0943379652183578 -0.0355110321343673 0.0728591514742207
-0.209447304931049 -0.209470160602825 0.0967447860987669 0.120101086802994
-0.198835360632835 -0.328894881231433 0.12774405225537 0.304496805904745
-0.147615481736486 -0.0845152734450676 0.0766337446665044 0.562481003722308
-0.11718133074356 -0.029901462575226 0.156039602732749 0.38540115110837
-0.0861760294290041 -0.0196430998439154 0.0761905981804065 0.150425624715862
-0.0679668998232638 -0.0144807409829449 -0.0361353182385714 0.075488532292937
-0.0783258389732619 -0.00295791207452109 -0.182188134395975 0.137564548270461
-0.0867450970171552 0.0377642490686528 -0.20296996579726 0.284864937187853
-0.0845538058439779 0.0811834588500142 -0.151012238500934 0.354278164930053
-0.0720538330052063 0.0798321946474449 -0.129080485873513 0.364268439550085
-0.0821459338254376 0.0818082699095312 -0.145148337540948 0.333844018335944
-0.111046128149388 0.0540686865855467 -0.164980686069592 0.259209590224719
-0.110902942965274 -0.00365844570645065 -0.174817971298255 0.14211629277835
-0.080950954242093 -0.0455472236935033 -0.0967049740887725 0.0605571902193787
-0.0642693523226288 -0.0462050095147431 -0.0149629322907531 0.0642769356458364
-0.0852928363318356 -0.0629578279704704 0.142034317732416 0.158573227735202
-0.121014157817751 -0.128376654218487 0.181588376627428 0.382789669141868
0.024481924102846 -0.150613179743518 -0.263426359227343 -0.371951143774627
-0.0338152691670992 -0.139949480339165 -0.22708970696021 -0.190924598905047
-0.115950355321088 -0.0727863818701087 -0.0250324719070168 -0.026695751048545
-0.118489521316899 0.0268932193803278 0.0813980996741817 -0.00229099862169694
-0.0486222502007988 0.0726964473333269 0.211465673178019 -0.101880982135445
-0.0141108501437598 0.0701563994508552 0.223377171312863 -0.265856937957841
0.0253754912654509 0.079229632992827 0.158576326707912 -0.355741231082697
0.0305726549796994 0.0808131165931626 0.126518366769477 -0.374791882227557
0.022555901228658 0.0951857567605981 0.133231265239508 -0.37504488899417
-0.018080444829996 0.0948635641793521 0.16940327131152 -0.304723791203493
-0.0597385850394386 0.0956161314043894 0.17412168215616 -0.169438491164066
-0.139419454230696 0.0531926847378387 0.0356651326478661 -0.0832422081117132
-0.131968391745739 -0.0530503821240591 -0.0857280625428899 -0.163624415876653
-0.0270122683756672 -0.106410609272277 -0.175413183146236 -0.352585476625071
0.0311807490634488 -0.0947135571813583 -0.12295614901381 -0.581808840516949
-0.0841407288082404 -0.336273492853029 -0.218184860048504 -0.302208853334257
-0.132826860488335 -0.303645488628764 -0.190499875747138 -0.175825859869665
-0.27073182239571 -0.194867104469131 -0.0154425346583703 -0.019008087670907
-0.308578121600565 -0.0179412087273435 0.0823873435239845 0.0332583634192943
-0.212689495200516 0.121340248907499 0.216634743544365 -0.0649227556578021
-0.137598595231577 0.181255377776106 0.235760038529928 -0.217678973287991
-0.0476231533307306 0.236068426763552 0.165387479608364 -0.308696410719716
-0.0108379220495031 0.229352385450215 0.12264455069002 -0.31159040194964
-0.0182472272020891 0.254134355242672 0.112533476059251 -0.309869124228431
-0.110189940925085 0.233293194190224 0.14280241875711 -0.2466179616804
-0.184404195670223 0.194420968177073 0.142628670762515 -0.12424075120283
-0.323923531273339 0.102605911892256 0.001057538845741 -0.0413339531186773
-0.336307527184886 -0.0905153325719473 -0.128480249377325 -0.126863560843363
-0.190437923061414 -0.2593976607003 -0.221062883701621 -0.303132231398121
-0.0892942337991878 -0.316298036830679 -0.173864788015458 -0.503907688326785
-0.176918307391881 -0.484275108747316 -0.165969301725352 -0.169163995094734
-0.220078418689482 -0.445897769109262 -0.138094414912032 -0.114688516402024
-0.405020363258437 -0.311626021319715 0.00410107731836125 -0.00214747865534661
-0.481700051763405 -0.0713865726934433 0.0767484004986131 0.0562445036023637
-0.368795192442089 0.152468973571949 0.185312066775861 -0.0321613053041218
-0.255546865503615 0.268663425259521 0.204805335072641 -0.144745359570973
-0.120868560473423 0.360696650726194 0.139214096422503 -0.217625112728428
-0.0492845785920436 0.345446163773846 0.0995474455783219 -0.199858693589847
-0.0452642698253457 0.376080530263244 0.0813355020570201 -0.196777574068016
-0.168975580671183 0.346929597584893 0.106383652006999 -0.150252647684764
-0.26772707385629 0.287528858531886 0.102707450764271 -0.056247136587566
-0.458121405529668 0.169912865017285 -0.022411972683589 0.0118075451980706
-0.501775366033441 -0.0862555493441592 -0.143129955333626 -0.067916916329432
-0.343681992891991 -0.35306920188231 -0.219343609382622 -0.214493192614991
-0.21025956310838 -0.480101994744719 -0.174003736384289 -0.361120114785712
-0.251666875140473 -0.565858932080641 -0.108503818116583 0.00971498171129071
-0.296298852619937 -0.530758699504385 -0.0741466080165843 -0.00658732287642689
-0.51178323520593 -0.379475848200298 0.0328783582591879 0.0277898991873893
-0.605976890400743 -0.0992510717144544 0.0636707555451894 0.0677536500595187
-0.47669558048136 0.173788326970364 0.115571078844009 0.00100489176619533
-0.337906604621464 0.32170437437375 0.130141877358394 -0.0493626821927062
-0.173425585733546 0.433882548644369 0.0855775031779161 -0.0914915737216102
-0.0785415362963047 0.409087122032064 0.0626777241727758 -0.0590230884882658
-0.0647035890274449 0.440014161333232 0.0471032183199058 -0.0565562915207863
-0.200688233397478 0.40821533469918 0.0683036681753917 -0.0272289967065267
-0.310350538744396 0.336729007246835 0.059740087045065 0.0282045248175053
-0.521304360866016 0.212854219937736 -0.0350418392105922 0.0688966996698366
-0.588504666154287 -0.0666457385728123 -0.12624498504549 -0.00395985771345573
-0.438662922327978 -0.382986932247913 -0.161996758681792 -0.112005093156466
-0.301653468485832 -0.564835117906065 -0.122367807682268 -0.178718325918157
-0.296157271920882 -0.56098210210911 -0.0481408058819366 0.207569775979554
-0.341889447458691 -0.523244366264751 -0.00253263964492925 0.127361616012055
-0.545230481712537 -0.37136174360388 0.0584863918121297 0.0675364400207557
-0.629158747510278 -0.0940857131472322 0.0369054150191626 0.0759567933697329
-0.5007520907633 0.173995599599703 0.0203587216211074 0.0430792694859041
-0.358412585142597 0.326164065514977 0.0290097473118949 0.0614272606084583
-0.194571472659466 0.440562988823348 0.0156005430739156 0.0538735774307236
-0.0959285453284352 0.410200414015596 0.016472653789375 0.0912053460456423
-0.0820182231004219 0.434896664569324 0.0106706865074201 0.0904186653472242
-0.212813994060639 0.399010350329432 0.0277090292890845 0.0995234590150424
-0.314919742249536 0.318431088752361 0.0125754161041156 0.111965193502109
-0.503959238075563 0.193409942566635 -0.0440481286803834 0.113618617911703
-0.568091996078857 -0.0608913604981773 -0.0909200509613991 0.0465893429545828
-0.443480518853486 -0.363497642226249 -0.0690248951583363 -0.0156366685998991
-0.332701522791552 -0.561466292998689 -0.0331705877273019 0.0083270111004258
-0.29888497037213 -0.464908577782455 0.012567543259363 0.386360949261601
-0.332595013920402 -0.415814869130169 0.0678660141711693 0.253584263809006
-0.475637402469584 -0.286072256733775 0.0722906122380618 0.107645324913466
-0.522630591162989 -0.0623347425012486 0.00212546993511399 0.0825857764448009
-0.417683102623411 0.14452210311715 -0.0755452953979929 0.0892907552762674
-0.309087696367449 0.275777404814171 -0.0734478054768824 0.169291900645887
-0.180170115273654 0.379575751971156 -0.053628106312562 0.193628228446336
-0.0997281340699073 0.349768947594977 -0.0321234624643397 0.227822861333693
-0.0970394413057635 0.363251431594838 -0.0318541830175387 0.218418603261911
-0.210741959375674 0.321942738773337 -0.0231682389085809 0.202941306930395
-0.288327839713318 0.231103742961181 -0.0449746049279258 0.169290276206563
-0.412286756118684 0.111496607154544 -0.0592416796404424 0.130125627051652
-0.448409745928672 -0.0759860477563432 -0.0560495370830514 0.0735712892202338
-0.361212492565936 -0.301619874404594 0.0288852169953035 0.0603794678153225
-0.301691878603341 -0.475052768844119 0.0657196190078512 0.174455949125874
-0.25246620087932 -0.290961151396014 0.0690018853693257 0.513071230942483
-0.255480880815334 -0.230966136946563 0.130968565997023 0.341664431243975
-0.309621313130228 -0.150155496312731 0.078328368504954 0.136786438690569
-0.31502940931213 -0.027369877909708 -0.0248575305437947 0.0843540215859692
-0.261799003069463 0.0839084122778188 -0.144785483946359 0.128309341182943
-0.207913172011021 0.176285900338904 -0.150145728835574 0.25413130816065
-0.136384073467435 0.254415705013669 -0.107220885735627 0.306202214120049
-0.0901160162974833 0.235892405065709 -0.0766804357191365 0.329339805735227
-0.0992593141370426 0.242259848606889 -0.0804249714981092 0.308179117791654
-0.17855821720083 0.200198824655082 -0.0866803925387437 0.262408168031433
-0.221580916744685 0.112629486279796 -0.110053968266332 0.184206315594226
-0.264761738845204 0.0166835783474759 -0.0802944935234034 0.11212971067064
-0.266116391353854 -0.0794097201918567 -0.0299720198221591 0.0781455997497105
-0.2271067821955 -0.199974589740493 0.106467113570186 0.114592562398368
-0.226133044486445 -0.321391303468423 0.151682435494838 0.302758322305935
-0.155714679548113 -0.0759243109115132 0.109624382508218 0.565757209234029
-0.121894012749118 -0.0250565640944767 0.184298296531099 0.380426398209843
-0.0912808543281832 -0.0138548299845415 0.08740886222414 0.147625703440249
-0.0710196825054143 -0.00968698725171244 -0.0321459400750143 0.077211475635312
-0.0803595637729367 0.000891481773292811 -0.175807837658655 0.150368302062621
-0.0872316894898686 0.0442659041155924 -0.187382519270653 0.302259480161604
-0.079182842086316 0.0885267995850904 -0.133353696444155 0.371171122628294
-0.0665726984529095 0.0870709148796831 -0.110093255893895 0.380666728700141
-0.076947848160055 0.0899505691315458 -0.127476172076107 0.349013721270509
-0.108489097263548 0.0642016101581217 -0.152470954392046 0.273133751844833
-0.113797087425711 0.00457967161920341 -0.169772148972502 0.15655996161466
-0.085689702735827 -0.0398276431961805 -0.0949420829532138 0.0688086450105308
-0.0706403644028412 -0.0414007830162543 -0.00886763025180647 0.0682356795517318
-0.091936516750214 -0.058319940240542 0.154975320765104 0.151113205965599
-0.134101185753194 -0.123757150493702 0.210676323047536 0.378067586775146
0.0145358133981234 -0.150217472801149 -0.284618486359855 -0.348744087901909
-0.0409639490547799 -0.135305108850898 -0.237781709378358 -0.172063935546956
-0.119593293193497 -0.0644460555463193 -0.0254469685156093 -0.0249808420861696
-0.1157214410801 0.0357996729540897 0.0804407755553572 -0.00719184653962528
-0.0438718719351009 0.0758704492788272 0.201045104757975 -0.113789001949962
-0.00895629926015247 0.0715195549649804 0.200760630523287 -0.277812064285792
0.0296702918639443 0.0755070531141413 0.133454426985165 -0.360790903392462
0.0357793658586415 0.0763456444615014 0.100338815706044 -0.381122115788958
0.0284454818372529 0.0917856233505883 0.106604365613991 -0.379601180659168
-0.0120169351165817 0.0942087844217493 0.146430240656011 -0.311413937073932
-0.0530652150800388 0.0980722548483149 0.161077105489254 -0.180106202261568
-0.134363602344394 0.0626272040802223 0.0302935723375879 -0.0842444349370367
-0.133204596631811 -0.043653001982228 -0.0977954622977469 -0.156796130736709
-0.0332724480514745 -0.103595473130438 -0.198024875884198 -0.336387151735138
0.0250614239962794 -0.0952286074437145 -0.160048915479719 -0.56337090395569
-0.105845001019466 -0.323851537946287 -0.234191383398234 -0.285068641647734
-0.150213739610088 -0.289643662440656 -0.20033917629206 -0.16102325488419
-0.281234799071751 -0.174757552040878 -0.0156419234120425 -0.0180411877502911
-0.307975857718147 0.00629503935431396 0.0844420243877208 0.0284510575783264
-0.202948671461492 0.135038892311008 0.209792183655241 -0.0777262391478286
-0.12245747347106 0.191847312943881 0.217632616651836 -0.232698275129664
-0.0311379785149982 0.235268112260426 0.143142297191861 -0.313241497586386
0.00695733567200917 0.226452824123509 0.101283496560964 -0.318601648398629
0.000311195960150773 0.252728322215167 0.0901227603458556 -0.313420525249383
-0.0926391021440448 0.23933185158546 0.124859333471801 -0.252389941960886
-0.170931853194377 0.206107650766818 0.133937557201558 -0.1322563178732
-0.314060454742587 0.125625183839164 -0.00112726190597555 -0.0405591601394201
-0.338196295027881 -0.0664387845315014 -0.138204185520399 -0.117773328568643
-0.206463177710736 -0.243502951049956 -0.23983821083616 -0.285798074815648
-0.110464396133241 -0.306252080689631 -0.204502926032889 -0.483168258685902
-0.208343129823553 -0.462761057555734 -0.174287295478446 -0.159124518814207
-0.247381842612794 -0.424972310338925 -0.145279519243236 -0.105811866111755
-0.422895496763468 -0.279118118444142 0.00523124989806691 -0.00325146332958373
-0.483982674288556 -0.0340931678226314 0.0811997855173136 0.0502911765574409
-0.356046599703341 0.176598698479988 0.181501791498159 -0.0427870749964375
-0.233076153794032 0.287274822044564 0.193070032972664 -0.159047857444616
-0.0932672511099132 0.36344220104168 0.124119969941618 -0.218972339226489
-0.021601554483807 0.343815799057625 0.0854046277682511 -0.20771196721411
-0.0172743374402445 0.374828058680503 0.0679880222442508 -0.200346597525262
-0.142440041750298 0.3565874715216 0.0948314802458791 -0.154774784920769
-0.24730317421096 0.304067849092832 0.099294011549364 -0.0617679813600139
-0.442816809693737 0.201454616403808 -0.0209274536497742 0.0155541047653182
-0.502976056307783 -0.0499577284786785 -0.147651887640364 -0.0572176801263832
-0.364874476444809 -0.324704246032455 -0.231957794337516 -0.198832399874992
-0.24382773324475 -0.45973644661756 -0.195093494692552 -0.340958249795947
-0.287606091187992 -0.537726758568874 -0.106275461587508 0.0125886568337288
-0.328091806586452 -0.504466396159819 -0.0739795476180582 -0.00475334211295906
-0.534642705533803 -0.339655959621365 0.0365413670680255 0.0246580388964314
-0.609804171662729 -0.0523194272281402 0.0692063749909707 0.0621724359002331
-0.463912294419256 0.205413586272562 0.11654945836629 -0.00500550796265353
-0.309980270601796 0.347689320497118 0.127226619403543 -0.0602549885941565
-0.140507745960177 0.440598992919948 0.080022878514478 -0.0896229150597463
-0.0453622969289576 0.40870337240118 0.0585626617856809 -0.0651097263380323
-0.0308666125897319 0.439241439667849 0.044029608707979 -0.0588819085858049
-0.169015938264595 0.420755955584604 0.0664934208735573 -0.0312117012645967
-0.286327026440938 0.356570822838269 0.0632624732054903 0.025869186322188
-0.502810623832598 0.250331562674892 -0.0289564063068719 0.0731669556915284
-0.587726765782875 -0.0239645743269247 -0.126075683636394 0.00513838222258959
-0.461190633303833 -0.347663371177461 -0.16890068197584 -0.101076997916917
-0.339373271971218 -0.536137959428283 -0.132006413501769 -0.166197095321928
-0.328548606335543 -0.530296329591949 -0.034090196081729 0.203616370676599
-0.37401966897164 -0.495530755224227 0.00560973944933041 0.122715667290307
-0.568778215820345 -0.328479532379048 0.0654524890352959 0.0619344246233007
-0.634663579937741 -0.045217406049502 0.0434378227090919 0.0716838984304399
-0.485234523794439 0.207560132627208 0.0253481155448875 0.0421379194496375
-0.33157662427578 0.352135362921167 0.0356670165663779 0.0560463299471433
-0.159786037063181 0.449543603029002 0.0198958202830948 0.058615972591428
-0.0613430733367562 0.410949257318852 0.0231089907506346 0.087898606919568
-0.0496191179555884 0.436301293693481 0.0184207179318824 0.0888838067638824
-0.181534761480131 0.411849389960729 0.0344876832645148 0.0970064197065576
-0.293030998926386 0.337525690051934 0.0221708815833624 0.112665001579279
-0.484889460695707 0.228295521664856 -0.0347811489994835 0.118277376770101
-0.567672604625266 -0.0195084341017843 -0.0867991379771998 0.052658551487065
-0.465556622659779 -0.328200958514074 -0.069873676239158 -0.0119562872357412
-0.370799759561691 -0.530281745875702 -0.0305381263278966 0.0122924123983301
-0.326147908741529 -0.435268693589007 0.03746310300941 0.376605867834464
-0.358452309785586 -0.388963685063552 0.0845653645590098 0.242725236168032
-0.493354977021253 -0.249648604114013 0.081141307169255 0.100912337719563
-0.525377866716256 -0.021979522779953 0.00926868269967841 0.0805890576463674
-0.407126067956515 0.172439803275684 -0.0666075172303485 0.0939134043799316
-0.285724972819075 0.297473964128239 -0.0581688024058062 0.170028467789172
-0.148954689112371 0.387481150884947 -0.0399983882651359 0.200620104527446
-0.0712949385782197 0.351863439972985 -0.0162596452369437 0.226596845499486
-0.0681837408363398 0.367275443148373 -0.01478013088084 0.21803806946217
-0.183696674268969 0.334845264154325 -0.00892700077622448 0.202642058548086
-0.271579721905193 0.250222299847301 -0.0305842428047624 0.173226645451756
-0.401224324806829 0.142288789064046 -0.0486716114571635 0.134837809660921
-0.450797629135788 -0.0421931500774911 -0.0494564696752103 0.0775493277187788
-0.37887513223815 -0.272706189241474 0.0326835541573891 0.0558997602309714
-0.334548970289197 -0.446697468054207 0.0796575802173614 0.169300902030914
-0.269225947747155 -0.268449915722832 0.100107971883742 0.499413241114224
-0.269885293779029 -0.212052676634627 0.152968863546643 0.326109313429667
-0.32012548681289 -0.126269001293544 0.0888173155454293 0.128914988537629
-0.31609559473917 -0.00325363427443742 -0.0179459481085126 0.0845028583877434
-0.255256440901971 0.100991428992323 -0.132920487756839 0.136753257352936
-0.193289779616172 0.190844990729991 -0.128543774538417 0.259802925391348
-0.114552367694936 0.261526162146768 -0.0856505063305892 0.313609925128182
-0.0699104606684055 0.239928849684302 -0.0541542805477005 0.331441999820438
-0.0791731134846779 0.247583162549531 -0.0571775329955087 0.310326691529969
-0.160038758154327 0.21266972693841 -0.0679725679003122 0.265235373530759
-0.212999255883811 0.128678155659317 -0.0955442779371451 0.191502808581122
-0.261379645807912 0.0369859212264088 -0.0711934393580331 0.118062770653536
-0.270254445434953 -0.057559823909723 -0.0224332543747544 0.0798401979051815
-0.239807286663507 -0.180989156731019 0.113300745857716 0.104373524634644
-0.24916333564173 -0.300748964589732 0.171865930024511 0.289344683775902
-0.159391789544438 -0.0636683382314711 0.144491639561964 0.549165307521423
-0.123392019132102 -0.0174337566094911 0.20784733438547 0.361493665192133
-0.093077624293315 -0.00698302889270323 0.097672209721139 0.139431625845188
-0.0716698138488954 -0.00484308141605839 -0.0263168158305046 0.0774096114633331
-0.0801154137820459 0.00573411350089917 -0.163052967052537 0.15981642158418
-0.0836296674680109 0.0502515840185575 -0.162247323198536 0.310404654845667
-0.0704304448668832 0.09313582225475 -0.107067800059571 0.377690547140429
-0.0581525338256592 0.0909603446852693 -0.083273198232275 0.384873832226624
-0.0685122280064813 0.0953042191777284 -0.101388904705948 0.354789093981942
-0.100935526401998 0.0724755428978963 -0.132506674671407 0.280201179141047
-0.112227576082983 0.0140085218354214 -0.15686400695486 0.168029208698466
-0.0876464443048236 -0.0323566358496449 -0.0894463598956411 0.0754855412890903
-0.0745875027806471 -0.0342608920701765 -0.00237934412934333 0.0689395885634346
-0.0966963253917443 -0.050512546412827 0.163906289298449 0.137080912179997
-0.144179930874772 -0.112543378531957 0.235605606008536 0.359324524475281
0.00651930260254984 -0.145359576182651 -0.290950076207436 -0.324611109784775
-0.0451911602280441 -0.128654994968587 -0.238404791606279 -0.153761144823191
-0.118929484851067 -0.0568414424448767 -0.0251072757299585 -0.024154561104181
-0.110431780879119 0.040728998558168 0.0775408530638705 -0.0102218585351319
-0.0394150825948259 0.0763973676798841 0.18846242451522 -0.118938767521054
-0.00476225005483598 0.0706501479475784 0.178943188321344 -0.278703389343395
0.0312051592139733 0.0710151321559705 0.113245324315366 -0.355223332595376
0.0387009691349071 0.0711305213715032 0.0795710716974563 -0.375501553500573
0.0318637492519182 0.0866052603299858 0.0843331664839771 -0.372249726773477
-0.007728533427749 0.0918386103163823 0.126422140806541 -0.307951408545771
-0.0468830945534374 0.0976818402048197 0.147480690334978 -0.183286725676074
-0.126293389485354 0.0675636817039793 0.0260208739977881 -0.0830208778228147
-0.130221477751879 -0.0361491720730709 -0.105081664969327 -0.147324688428814
-0.036161550079117 -0.0986922915871461 -0.209699439837144 -0.314962041288014
0.0203266135506847 -0.0933599758073173 -0.181736137597715 -0.534130443790361
-0.117543274644493 -0.304863756126853 -0.239181873054042 -0.26599009312506
-0.15769967000201 -0.272146135031479 -0.202814159069616 -0.146438457762862
-0.281650997080062 -0.154064384512386 -0.0146326396583042 -0.0180133887415376
-0.298270337766503 0.0229196851006275 0.0839221886996179 0.0235873589242313
-0.191344446248788 0.141607988637985 0.199911217915768 -0.083777577741706
-0.107911722322589 0.193599582611807 0.198467163059583 -0.236160357571925
-0.0177770452856834 0.228756718900806 0.126527140209101 -0.307296425751406
0.0183927371205973 0.217389112567151 0.0830059226734485 -0.315373822896284
0.0137974949827481 0.244475004615401 0.0727001126811295 -0.307880336097871
-0.0780699461943486 0.236786974253496 0.108492289056465 -0.249041153593317
-0.156728337786796 0.209257672569287 0.124146378844339 -0.13487935500407
-0.297514917029512 0.139073702085985 -0.00242747727561699 -0.03802202938579
-0.331109131448486 -0.047798228155667 -0.141574580648373 -0.10678261852933
-0.211817773840341 -0.225635343135881 -0.247233211380574 -0.264669940934477
-0.122994617119917 -0.289548675843295 -0.22019702975512 -0.453291673231779
-0.222131857018027 -0.433511885639495 -0.175363718080064 -0.148466240762519
-0.258145836075356 -0.398528892476769 -0.146585539229623 -0.0963613299762154
-0.425126434117794 -0.248129927789839 0.00663155777461477 -0.00558543095206354
-0.471437198274962 -0.00604996219579789 0.0821871750561499 0.0448472712595478
-0.338224760300043 0.190160436227287 0.176025928475755 -0.0490315494725762
-0.209747474237805 0.292456217082927 0.179534339225721 -0.165229779181618
-0.0713173692855768 0.356177208183743 0.112758776561818 -0.214368672296141
-0.00150230764446462 0.332457855169945 0.0735525337326715 -0.207225509081975
0.00334675090686782 0.363361540443148 0.0573381586473527 -0.196600056878563
-0.118883877255592 0.354421604379725 0.0854779466133388 -0.153788499901166
-0.226499080135377 0.309083129498678 0.0949550725528593 -0.0639192853957412
-0.417400307441546 0.220987871534624 -0.0182800933920348 0.0168334227286565
-0.490626937658508 -0.0230095535164379 -0.148170358525599 -0.0474851489999473
-0.370413479187411 -0.295992579184211 -0.23544247218402 -0.181270072760408
-0.260663622871577 -0.429695805883798 -0.204366009998495 -0.318440350591619
-0.301292104355366 -0.500894640068642 -0.102071074885942 0.0130301995180547
-0.342599174622533 -0.470854653533586 -0.0733277120096772 -0.00280348893546208
-0.535990454954457 -0.300055030458166 0.0388759520863053 0.0195120419699363
-0.595420617857504 -0.015311434961477 0.0716621526862482 0.0560893286987105
-0.440885212569696 0.223484975262664 0.115316323354507 -0.00993562714578287
-0.280967556318032 0.355537578403967 0.121748469556063 -0.0676534499555485
-0.113061966944173 0.432970737995241 0.0764487022733612 -0.0852149611935569
-0.020934782404301 0.397148519788389 0.0533446049954922 -0.0677985504564794
-0.00614984572191603 0.427103916338414 0.0410849109403199 -0.0594028640313963
-0.140974926653059 0.417110573234707 0.0637022080685015 -0.0324293119160569
-0.261864895773144 0.362302363513416 0.0652066395736608 0.0235356094185663
-0.47366283609986 0.270129608305536 -0.0230023406235658 0.073955518648753
-0.572239202029368 0.00741351067615571 -0.123194519982032 0.0116656203442303
-0.464242219541841 -0.314247782569551 -0.169787622706434 -0.0908949782930653
-0.358827920907129 -0.500438045903468 -0.134189789995595 -0.150858824602903
-0.342571045856459 -0.492513047967317 -0.0243796430987888 0.194301414380117
-0.387186363882839 -0.462538764363319 0.0100747936302833 0.115387224872855
-0.57059406892798 -0.287624614669872 0.0690724900506378 0.0550374396786326
-0.618824413607593 -0.0091918469357294 0.047183547499499 0.066601097295179
-0.462752636777446 0.225459030583 0.0299056438931536 0.0396313478151641
-0.300814710834685 0.361392916176193 0.0392298157130711 0.0490673225676564
-0.130447444644041 0.442234422310198 0.0258275057344856 0.0615603051923709
-0.0371913307335662 0.399769033696898 0.0263713267572236 0.0823766313425157
-0.02181978015902 0.424541287744437 0.0231647992819272 0.0845233199199392
-0.153221915529933 0.409427659064558 0.0393054225063296 0.0929959415647484
-0.268763576350654 0.34566855280521 0.0300134887901871 0.109180142149585
-0.45747133286267 0.249225453864326 -0.02624143780009 0.1178255222245
-0.552466902341406 0.0112719772585313 -0.0815598914584633 0.0563973598824584
-0.468395031270199 -0.293548034163964 -0.0691604553076239 -0.01010065145356
-0.390663051262509 -0.489309951282297 -0.0262687866702437 0.0156105028944543
-0.334939215722598 -0.402205430675891 0.0523074557759125 0.359324763635569
-0.366268341145144 -0.360779936440524 0.0925447552264713 0.228037330781416
-0.493876594548914 -0.215443977019347 0.0862176416267939 0.091738573887629
-0.512989565859979 0.00786975745036851 0.0143173891994871 0.0763270015601961
-0.389229872064772 0.188020588185524 -0.0570837392532486 0.0937355890916944
-0.260672442499864 0.30524165227973 -0.0456479102826958 0.164195086473864
-0.123114040209434 0.381777210180106 -0.025495049431949 0.20130379411778
-0.0486144151511419 0.343739222519135 -0.00526703644295745 0.219287382218019
-0.0453868686936843 0.359203164946748 -0.00311086269434112 0.211074648816142
-0.158675775621332 0.335160804964321 0.00210186657134845 0.196800874372505
-0.252018549456737 0.258672235386689 -0.0186091358347226 0.171084625138079
-0.381199253857717 0.159931591778555 -0.0396178415356262 0.134973507673093
-0.440512503889663 -0.0166484195517506 -0.0433811900690091 0.0778113041226368
-0.380738809594281 -0.243629583937969 0.0345057670564475 0.0502333141433012
-0.35007155597479 -0.412078584796852 0.0873052065317524 0.160904017304228
-0.271267888274817 -0.244189137451721 0.118471274443217 0.476097206712685
-0.27241217070926 -0.194124956269049 0.163286418695731 0.306124404917149
-0.31920035486995 -0.104851214504863 0.0943490038641306 0.119241957940802
-0.308601425437072 0.0151644596025062 -0.0118645254552184 0.0812664770351004
-0.244718333627003 0.110625275521966 -0.119693921900377 0.137730634249988
-0.177156857747516 0.195973402314814 -0.109225621319019 0.25601221468682
-0.0960508330469641 0.258378551999892 -0.0658834858239072 0.311886295385748
-0.0530098268086054 0.234992448741483 -0.0361387857435406 0.323994494243778
-0.0620135183789243 0.24421398937222 -0.0395909585189786 0.302665650135198
-0.142486964434124 0.215301226374619 -0.0520483979604426 0.260224652012007
-0.200882812098429 0.137156476857661 -0.0805488861089694 0.192133941676054
-0.251291075805618 0.0509882394953107 -0.0624923874577429 0.119275579719182
-0.265772288554726 -0.0401682612597596 -0.0162910593435727 0.078438222416142
-0.24181410354193 -0.161399447676433 0.115491942001508 0.0928633684827978
-0.259890215090651 -0.276035210528646 0.183231689444887 0.271195271158247
-0.156925109865832 -0.0534466160189704 0.162560856696799 0.522918746246264
-0.120978446408591 -0.0117578723869297 0.218522245853859 0.337117696373599
-0.0918502776921508 -0.00147458696797413 0.102918251760433 0.129362453026881
-0.0708118436858776 -0.000995261071515415 -0.0220563938102468 0.0744967409248035
-0.0792029382279631 0.00860485401783691 -0.149101811148672 0.161316877891842
-0.0790544419832945 0.0533100417268008 -0.140564831484079 0.3075806776477
-0.0622269437705372 0.093593959064148 -0.0859612584815541 0.373596088057134
-0.050576360978412 0.0916193542954252 -0.0624472582857462 0.378275056108141
-0.0599033858031349 0.0964920188911685 -0.0809132915135752 0.34784725984026
-0.0924130924711784 0.0764756123138298 -0.114021490067898 0.277681829811571
-0.108558262414662 0.0209052914843699 -0.142325123829794 0.171478686010363
-0.0863123911081732 -0.0248549098525758 -0.0827346996477608 0.0785465099789553
-0.0752356747559872 -0.0272742426374504 0.00338167264885913 0.0672020162412515
-0.0972761305857754 -0.0433261135597752 0.165889286825018 0.12317239491987
-0.148060022873618 -0.100460259784256 0.24718852071837 0.335433456089738
0.00226316277101912 -0.140242249733244 -0.289164075823178 -0.307859684292332
-0.0455245024787977 -0.122774062472241 -0.235231537075242 -0.142949251079647
-0.117146779893026 -0.0519171483305324 -0.0245432114940481 -0.0246009193782024
-0.10620711393113 0.0430469426226608 0.075723415379461 -0.0115890334871174
-0.0365571029004082 0.076339289292347 0.179942404657704 -0.118904824466685
-0.0027105069837703 0.0697623370353724 0.165114560168677 -0.274294356462663
0.0315624295724938 0.0676298007657664 0.101883056289044 -0.348202602563515
0.0386489143511152 0.0669564502836823 0.0692956528177828 -0.367846902032622
0.0330088903365525 0.0831223981324937 0.0728900870604234 -0.36350677926634
-0.00583294777997142 0.0891134767240049 0.115068942092644 -0.301458943786515
-0.0434910207859371 0.0960514685524816 0.138963698387078 -0.182333833705871
-0.12079340263742 0.0688587554836376 0.0241073264814161 -0.0809422241737814
-0.126998893131523 -0.0326836858211083 -0.107480848273208 -0.140710868276503
-0.0369583118194108 -0.0954693849864833 -0.212191129171056 -0.298850478175753
0.0174217888839073 -0.0915180488149628 -0.186569293638063 -0.510530895422735
-0.121010823786719 -0.289952981162976 -0.236802156042551 -0.254403471863357
-0.158651858179334 -0.259508298876952 -0.20062520327647 -0.136882959813583
-0.277935563783129 -0.14156134987901 -0.0137735197761739 -0.0195846629711279
-0.289541194703905 0.0318703147646915 0.0832073615745266 0.0209326946245765
-0.18378598199267 0.144088974335986 0.193652167572573 -0.0856956822298822
-0.0987884160209238 0.19288823246641 0.186033842781721 -0.236432023548872
-0.0120533993251343 0.221612727021524 0.118200871252335 -0.300438605811924
0.0250605273660264 0.209064794432875 0.0736964290986443 -0.310084921034404
0.0203537276836068 0.236744631898129 0.064243452607613 -0.300682550830922
-0.0697393932676436 0.233316020012252 0.100070320990277 -0.244100376077943
-0.148369340495438 0.208567268421657 0.118663778975868 -0.135153757368923
-0.285590054493658 0.143815095961104 -0.00246023828331752 -0.0364384189362549
-0.323807678613968 -0.0385268787212703 -0.142060398492598 -0.0997348477243678
-0.21143909389653 -0.214043917293674 -0.247398222921534 -0.251505335869134
-0.127441679850697 -0.277281524367987 -0.222615309642008 -0.431141338349639
-0.224601186944913 -0.410381010535347 -0.172737070174697 -0.143363409707242
-0.258460633828398 -0.379598083086486 -0.145744569672433 -0.0908511178764866
-0.421505958548641 -0.22811572026831 0.00827636979377716 -0.00836635426828224
-0.460251345434123 0.00894756184339901 0.0826401768610001 0.0408926640852618
-0.326402809954215 0.194839598534448 0.172389946593042 -0.0523100243525976
-0.194391184852527 0.291962731553783 0.170452934830511 -0.167556434721122
-0.0598312090281206 0.346070981127694 0.108913426353815 -0.208053951708527
0.00806701203187528 0.320845288894556 0.0665346578902246 -0.20456568494663
0.0143474656564627 0.352902903933117 0.0508381365441216 -0.192569592372879
-0.105576208300395 0.348304921064058 0.079387472235483 -0.150403176883504
-0.214268082175266 0.308903711915942 0.0930794583182429 -0.0648663476561671
-0.39954455968656 0.228822392742385 -0.0157673095874625 0.0179800279722471
-0.477985671063427 -0.00847259048439677 -0.146846280324978 -0.0420910060664535
-0.366191921259817 -0.279438514167311 -0.234692922910165 -0.171729774329232
-0.266500049442688 -0.409397126827616 -0.203031461315894 -0.299498722051311
-0.301685912098359 -0.474795436358113 -0.0989155099952138 0.0118001528845679
-0.343050529140105 -0.449044896780265 -0.0722795942690122 -0.00270211365625432
-0.53036153891233 -0.275963975506191 0.0402777905091584 0.0149698076071079
-0.580971832793155 0.00418666681641797 0.0729611058516241 0.0519084388411968
-0.425957052691804 0.230692380169538 0.115193422135254 -0.0131620093159088
-0.260932093011443 0.355138987921101 0.117366330799869 -0.0721393530299954
-0.0980889805468817 0.42156082960213 0.077863023476591 -0.0808482724880503
-0.0087875701641588 0.384682244754885 0.0503279107515698 -0.0681034613891819
0.00724837946828274 0.414866413911619 0.039510199036105 -0.0588821493839844
-0.125087490157623 0.410546068976821 0.062109395410159 -0.032229983152583
-0.247078288189357 0.361637833837636 0.0671971799739192 0.0210517705983545
-0.452603327003996 0.277080219987632 -0.0189131632547228 0.0737824859524223
-0.556452194917755 0.0220854015047647 -0.120710380852225 0.0159377512179596
-0.459628947329709 -0.292723097244892 -0.168515451965771 -0.0847314290285408
-0.363478202459099 -0.473466832405987 -0.130889926450426 -0.140968257508747
-0.340515412572905 -0.466075015407548 -0.0199109978949811 0.185880899683519
-0.387259776183149 -0.439473878407045 0.0119855236129745 0.110822876105416
-0.564307415645954 -0.262475371802356 0.0704078309457712 0.0487208725146414
-0.603762730335536 0.0124065346820477 0.0495679044818529 0.0619672051617386
-0.44746912130827 0.234224685226206 0.0333717277602475 0.0363322205573467
-0.280787308578313 0.362413349777672 0.0409109990514003 0.042385943583401
-0.113095542760426 0.432270223922761 0.0315877480911417 0.0629362445390609
-0.0226715597242391 0.387526882226961 0.0268662246197272 0.079045556007232
-0.0079801459776014 0.412755276489042 0.0254955616326352 0.0807028658058791
-0.136017582941445 0.403431237760401 0.0410365007703026 0.0897210283654585
-0.255115581760454 0.345379123274519 0.0356283278238532 0.106214504900539
-0.438250732982938 0.255776891001948 -0.0211035021162563 0.116602684627926
-0.537167318253107 0.0265666136770318 -0.0780395600477908 0.0578260779312748
-0.462471418353325 -0.272428139420861 -0.0683994938947524 -0.00899785949790835
-0.394886903122816 -0.463384832756753 -0.0231728796684889 0.01738101633773
-0.33145031302913 -0.380523294819398 0.0570774719355203 0.345336946677528
-0.367473397143919 -0.343275421415751 0.0947432786790707 0.217753773920358
-0.488557058919377 -0.194345802038653 0.0884385765545779 0.0846907505748868
-0.501673908109947 0.0242644111161918 0.017294284019648 0.0725659747034941
-0.37676143893197 0.19464289636851 -0.0504171514204885 0.0905861062082373
-0.243795552969863 0.306803367186268 -0.0382850620660665 0.157127726950262
-0.107105354409908 0.373206471067375 -0.0157996387297228 0.200342631036296
-0.0359948801631232 0.333943495689741 -0.000666181343101451 0.214084534729941
-0.0323045976444937 0.349741964667138 0.00225382422057772 0.204585156094382
-0.143320874873829 0.330890997719181 0.00745363508648219 0.191232381231773
-0.239974334134487 0.260681151321273 -0.0107708911684039 0.16724636698003
-0.365612538301025 0.167874401178911 -0.0338823493514087 0.133938324404662
-0.428995880406351 -0.00193150602580235 -0.0394516441882862 0.0772183659655431
-0.37764536270242 -0.226759873338051 0.0334627639401027 0.046482465035445
-0.353395817837347 -0.389114167395944 0.0901726021656901 0.1549028819641
-0.266969168199668 -0.229003022583303 0.124368705067192 0.457981289588025
-0.271850759022425 -0.183160860543465 0.164870744871295 0.292553076267662
-0.315287468178742 -0.0928978417144699 0.0967659885571581 0.112332686240869
-0.302694531233266 0.024319317706031 -0.00926635307114856 0.0775387702595255
-0.237755907286703 0.115336473082129 -0.111857587270243 0.135117240894186
-0.166930889272286 0.196854105971625 -0.0990508109064319 0.248892615880206
-0.0846855934789239 0.253418798051309 -0.0538296964631465 0.308007350909436
-0.0439285703262522 0.228933948192484 -0.0284263227892538 0.316920812536036
-0.0518105966597601 0.238659552797375 -0.0314433308377685 0.294957724266783
-0.131021275992847 0.214019407467899 -0.0434750123688149 0.253932185444788
-0.192697788628831 0.140679462594694 -0.0712210220205913 0.18935074397609
-0.242037353164362 0.0580551932698759 -0.0567652953143659 0.119107869756821
-0.259961940487676 -0.0300974909545061 -0.0129766925543286 0.0768046693712306
-0.240172448808845 -0.149671000886044 0.113690911237149 0.0857678423699545
-0.262695556876889 -0.258703198600558 0.1854464972315 0.258683223466477
-0.152082829078818 -0.0480635358000151 0.165785841853477 0.504892698265093
-0.119314328503583 -0.00939050519045626 0.219925663770741 0.321051931732579
-0.0902078441627999 0.000749242909496667 0.104321431131258 0.122542474469018
-0.0697425314129171 0.00145582523177489 -0.0199374173803674 0.0714584716615336
-0.0787502460388715 0.00967780627074911 -0.141213758723403 0.158803164388978
-0.0758300631917772 0.054856565902364 -0.1275115083948 0.301621575756139
-0.0567368854130152 0.0929069379853847 -0.0733190518211595 0.366378876473209
-0.0454989898300466 0.0901222277964003 -0.0525426041859667 0.370522344074102
-0.0545831482258285 0.0955782805542418 -0.0703350810199391 0.339970731104833
-0.0861535059777626 0.0772023174199549 -0.103746816197984 0.272669103212563
-0.104760334875629 0.0247573947109939 -0.132615786706391 0.17121698617257
-0.0845880318190292 -0.0207623677792691 -0.0782124022395931 0.079411454990594
-0.0749677891281219 -0.0221535395872994 0.00633053903286847 0.0648515869533738
-0.0971021091404418 -0.0384534747713599 0.162968225488237 0.113034702935364
-0.148753841796744 -0.0921716546238582 0.248934644295865 0.319618042046258
-0.0251784634828027 -0.131923800470378 -0.345942335439496 -0.259528469514936
-0.0678475887205066 -0.104483742137037 -0.260337420423533 -0.101566716748103
-0.12085970230293 -0.0242777976303046 -0.0323675809897138 -0.0312718807861781
-0.0898646477683488 0.0624095310733695 0.0668008615864112 -0.0326599679539777
-0.0194351404949367 0.0776407517258336 0.149814427080043 -0.151469618800019
0.00818504620183673 0.0651051937835861 0.104924811082567 -0.299725904219929
0.0415027106799418 0.0538952169322959 0.03063740487908 -0.35762766265524
0.0476043150544721 0.0542981019651943 -0.00427037445498726 -0.374820916870453
0.0469405516195336 0.0692931421385955 -0.000160662979527091 -0.375929965238967
0.0124746680164364 0.0838456256299921 0.0503267628039419 -0.327065360488928
-0.0215361570717294 0.0968414611430922 0.0977254136684272 -0.212791633603151
-0.0997312610927142 0.0875866202921354 0.00607735075604436 -0.0896159116946959
-0.125423246590946 -0.00965191720995551 -0.135757289259172 -0.121317694623818
-0.0531929687799547 -0.0908742936001164 -0.273245542021857 -0.246910434139845
-0.000414055068787868 -0.100424771131685 -0.283356795666331 -0.46287626347915
-0.16650577351161 -0.247237228599793 -0.283366173167857 -0.228103295032026
-0.201687533975922 -0.209959673642126 -0.223564401223138 -0.111494486085223
-0.289527524136756 -0.0740161234089574 -0.0229107789749526 -0.0440115612525985
-0.263683447011194 0.0929328325192135 0.0755485614737269 -0.0171306095344188
-0.145871890194617 0.172176337087512 0.160356340954842 -0.126960895221063
-0.0577475000008666 0.201695786637376 0.124096149621473 -0.266886169236486
0.0350943032904442 0.208837453359394 0.0439458940643464 -0.313204006628034
0.060542051202842 0.192912359569189 0.0105233828471955 -0.318518131407185
0.0650063957802966 0.218328833670221 0.00403474912349386 -0.314651293746546
-0.0204445775727521 0.235383727423345 0.0466604169016553 -0.270708426506113
-0.0996044313466371 0.22360730944902 0.0868415157317055 -0.162932979600271
-0.242177201056422 0.192170603028227 -0.0102385450299813 -0.0434945265863176
-0.314100037763021 0.0243644632992321 -0.160161431845978 -0.0818231282482967
-0.247727076322123 -0.169195680370367 -0.287445814588141 -0.191360390889359
-0.181268015116931 -0.250584635257871 -0.288654351489784 -0.372690591928116
-0.283302526876084 -0.33990508905771 -0.196263192591083 -0.139264273287012
-0.320298253826994 -0.303877771932197 -0.157614620040121 -0.0847164948615163
-0.441939611724017 -0.125689086638536 -0.000426862190939847 -0.051444876206716
-0.427193559065816 0.110891819918001 0.0747492040941056 -0.0115570918640973
-0.270886655887292 0.250840857921362 0.136697827268696 -0.094635922191658
-0.127909566155147 0.314914716980151 0.114377794926966 -0.199728710983494
0.0176329342975368 0.337183953104864 0.0435220348341996 -0.222003521474646
0.0655893305934765 0.303310758082305 0.0228025437167043 -0.21399159616943
0.0815179123775761 0.329449325105822 0.0135314939073325 -0.207549967731709
-0.0334096156141791 0.353440758876174 0.0448995300547346 -0.174957933377714
-0.143718473018921 0.331257702310347 0.0761891594559708 -0.0894312689739677
-0.335492769164882 0.295990483577337 -0.0125792402806289 0.0108732660699486
-0.456299423292238 0.0838712046417274 -0.150768592701219 -0.0294348557074703
-0.412613396931747 -0.197164171576536 -0.247487127004944 -0.117676825059025
-0.343575359220135 -0.346993102250932 -0.2328666508763 -0.244753355710485
-0.367048410300219 -0.384515222216805 -0.0909130350350748 -0.00496710895160501
-0.414647843978393 -0.354100973031229 -0.0666073594280385 -0.0159965524993514
-0.5558762878426 -0.146680714299964 0.0345131906476569 -0.0446520337471593
-0.542932445851575 0.133459892689162 0.0634505304148263 -0.00903527818636851
-0.358231349501718 0.305871618581096 0.0812232617058201 -0.0490911774794186
-0.17921325990225 0.390592940773855 0.0763551446806808 -0.0972216109329848
-0.000839181869319976 0.416315356802338 0.030762929714948 -0.0922814892067729
0.0625536028443262 0.366525986752226 0.0330235626159684 -0.0765006784034677
0.0872152380978084 0.390428707425834 0.0281182812759885 -0.0733576584776925
-0.0394162648844604 0.417164797351166 0.0510000294204743 -0.0552383829055627
-0.166042125234646 0.388657325439612 0.0683886830822503 0.000840864557297676
-0.377354890078705 0.353312057342522 -0.00389436756559116 0.0656156748161152
-0.524356329259706 0.130158575742949 -0.112425689406815 0.018522695283951
-0.505266491186081 -0.188778640037544 -0.157923556743982 -0.0486904180855181
-0.451537492067992 -0.385034352244314 -0.122150726246369 -0.102061624790477
-0.40260022747 -0.369964492781218 0.0217466157070779 0.153789457800302
-0.454552592209529 -0.337224370897023 0.0391154557692398 0.0787064377771711
-0.585920104866069 -0.130078458069973 0.0697155098610669 -0.0183262669900145
-0.565042916109158 0.147840196560459 0.0407404729503079 0.00435331227192451
-0.379948837162523 0.316255345123647 0.00838507457537066 0.0152082880020511
-0.195206502541382 0.400998408289217 0.0223352735813127 0.0300112327476721
-0.0132397155615069 0.430640311713243 0.0124382443359098 0.0570028627531725
0.0497899596006959 0.373604604408091 0.039265884737358 0.0718238377686851
0.0720907831986891 0.391841711039171 0.041368578339574 0.0682326917987573
-0.0525803590717997 0.413120963723441 0.0561684247415359 0.0707084492827476
-0.175881029348839 0.375504877083278 0.0556739299891465 0.0920549689946191
-0.367682584069136 0.330541304498368 0.00381859719040871 0.108839313706568
-0.504872981710939 0.131829552983167 -0.0610927745147745 0.0515836000573476
-0.503726253742811 -0.165547247429958 -0.0420581541940868 0.00247772310831593
-0.480177795098025 -0.366051725467378 0.0168833615138604 0.0317251112919209
-0.377290814240095 -0.291725902068812 0.127922647913272 0.30350864377534
-0.41545033536614 -0.25006205888022 0.140944682406477 0.174077049159053
-0.499118037262506 -0.0807346647599909 0.0938821133074534 0.0227302175921357
-0.464804210599436 0.13592812377392 0.0127676234354043 0.0295648479127604
-0.319875834295661 0.264501709287875 -0.0590529850498765 0.0880913186663813
-0.170176382262568 0.341841769217672 -0.0300000933446251 0.158487503991584
-0.0192088748921976 0.375762281292512 -0.00433610421868288 0.200284533071128
0.0278318365901212 0.324867219288378 0.0388109766447692 0.210132872077875
0.0382657519129375 0.338301139626673 0.043296331156557 0.197263089483765
-0.0726943677991588 0.346176172916592 0.0451200914824897 0.180454607824365
-0.178528614804413 0.293664846723526 0.0239332117232515 0.163229577052306
-0.316644754534027 0.232792330552998 -0.00381417829224424 0.13070984553813
-0.407185965074483 0.0848768186709013 -0.0179754874556388 0.0674121183507043
-0.411381083221046 -0.137759535849804 0.0667671251368685 0.0354625972699172
-0.424270708880558 -0.298585425583709 0.152158302575485 0.142756472555035
-0.290644434189766 -0.162747236048346 0.213185288635346 0.4138444405081
-0.292387162238842 -0.120067710620055 0.222895775141615 0.242881692556761
-0.316367888374377 -0.0213541863203403 0.109521599036047 0.0649925240859711
-0.278138492617314 0.0918672342161287 -0.00655781677617987 0.0550814844660193
-0.204468679642506 0.160830652208153 -0.101564949909705 0.147555793918651
-0.117534095777958 0.223599374366207 -0.0637915237367244 0.261327055241797
-0.0228068119816242 0.25830732426265 -0.0129875552979249 0.311816471715464
0.00169316279846117 0.227139541999977 0.0327830184176904 0.316951573435189
-0.00264316243196447 0.237344937230763 0.0284530380318792 0.295632839151445
-0.0839000711430647 0.231798702823865 0.00880642335869408 0.256154925921948
-0.156215382430684 0.172151886993592 -0.0301883005977767 0.199109580948034
-0.220123765010155 0.103885179731009 -0.0295909441471138 0.12440659375378
-0.252342121872247 0.0257364246537165 0.00827140985633938 0.0684818699972934
-0.263452381156656 -0.0912190363378563 0.146388522684598 0.0574016448464927
-0.308715595236618 -0.190002572072815 0.258095011789974 0.222949074843896
-0.149883438449883 -0.0151499041316902 0.264064321721115 0.46465317417553
-0.113226462154279 0.0125073036334403 0.280689926552379 0.272115750938854
-0.0848558474790281 0.0196726047326333 0.12467862050696 0.0934215548823389
-0.0656809670652232 0.0180237106350359 -0.00895690661467387 0.0685900970540211
-0.0735058712711202 0.0284360957528328 -0.113309769251936 0.180780048291032
-0.0587525645766852 0.0693122258964802 -0.0720109106661486 0.319555073703978
-0.0306144112915159 0.101957416515183 -0.0106783591196248 0.373223447090088
-0.0250790946727938 0.0960342314880716 0.0205952609931922 0.374362343823447
-0.0322692337935783 0.103172865981929 -0.00108330518025679 0.351115527921598
-0.0681062665142986 0.0928409853789645 -0.0463598764740117 0.291449706390976
-0.0952313062802923 0.0456120764630061 -0.0944400339255163 0.196608316847544
-0.085219961701315 -0.00267945839284454 -0.0588358384772063 0.0944485951798209
-0.0754091602021552 -0.00294206411591038 0.023181673369042 0.0601411136813028
-0.102336755210591 -0.0125645381474984 0.192226570519704 0.0731682445730884
-0.163361614607256 -0.0511185135341066 0.321678409200668 0.265850975381657
-0.0284155452644284 -0.13087812434961 -0.356422457182932 -0.256173562214156
-0.0688936096536995 -0.103805633516791 -0.265699035356124 -0.0958088599000822
-0.121959869174942 -0.0205193675102925 -0.0343624887502818 -0.0329711712271967
-0.0891403420658381 0.0661701731597267 0.0669831529639972 -0.0351650862028618
-0.0171337235381767 0.0796258039193005 0.149029767443747 -0.15730670065595
0.0110577305858274 0.0664614586520863 0.0975896635272792 -0.305394618039848
0.042510220842616 0.0533879397118321 0.0228975335436662 -0.363933556900972
0.0488969759482772 0.0533623936797523 -0.0130672781905704 -0.381673679392493
0.0491481487292576 0.0686520699289183 -0.00822161124482259 -0.380590304362351
0.014245483303008 0.0851770350177168 0.0434411514814336 -0.331642720202388
-0.0195735156134113 0.098438986654312 0.0928554493489386 -0.218228227133473
-0.0979388539144586 0.0908650849776097 0.00427450780762226 -0.0903269048471233
-0.127233165139857 -0.00745155130019757 -0.141902923042392 -0.118905021227288
-0.0552287699397353 -0.0915971081250235 -0.28232434673673 -0.240744889437716
-0.00316138344312086 -0.101595336613971 -0.294772121580962 -0.459323362252341
-0.171199491304857 -0.243681316810537 -0.29123239863251 -0.227529119992486
-0.206783298656376 -0.206916536450837 -0.229176940960659 -0.106472146244854
-0.29396502489336 -0.0656488241087057 -0.0254174645450039 -0.0469077604137354
-0.263894930841355 0.102682064503207 0.0763592501606431 -0.020694323341328
-0.143126161817097 0.179845029784121 0.160615013759486 -0.134255757936136
-0.0514907491169415 0.206068954503732 0.117702837296778 -0.274832096063794
0.0403507748762894 0.209927469365082 0.0394528821435226 -0.320459475051704
0.0657984377569878 0.191918203864405 0.00356878389173315 -0.325072721271673
0.0723800422606875 0.217549910564425 -0.00271636807853979 -0.319340472933953
-0.014526669618215 0.239588600723025 0.0406715862154587 -0.274591873425076
-0.0951930105962184 0.230697358143401 0.0843970743537531 -0.16847010719659
-0.240014378014596 0.201469483134413 -0.0109570873302215 -0.043669229105215
-0.318663973405955 0.0324866727107028 -0.165601422867789 -0.0774234713388509
-0.254095569879154 -0.165700058021402 -0.295251258277 -0.186224015525963
-0.190365152667247 -0.246897137963085 -0.298247098256317 -0.368816277597243
-0.29108871744606 -0.334213781015853 -0.201993020615491 -0.13942927386325
-0.330329359407347 -0.299787057931038 -0.16217092015556 -0.081770085956752
-0.450104715489225 -0.113376239218561 -0.00272861646683802 -0.0558405409922141
-0.429826178501253 0.126746267132898 0.0758537252530899 -0.015876147913272
-0.268429395508414 0.263373845148074 0.137690322160663 -0.102471458900325
-0.118614707239342 0.323555966539688 0.109346743314153 -0.208041397428696
0.0267307630912591 0.340220557667773 0.0423990554666172 -0.227499674048872
0.0743907669014434 0.302628405452144 0.0180297347159653 -0.218100866498502
0.0933474252922097 0.330409491064374 0.00944616410280411 -0.211460930098233
-0.0236868802089415 0.359914978620153 0.0422968756928459 -0.178014886534302
-0.136862173062972 0.341650774747026 0.076160044470924 -0.0937235975517141
-0.330478399810157 0.309302418842025 -0.011849676964909 0.0111306085222174
-0.460673447082779 0.0978058093662751 -0.154571858873546 -0.0244785050861505
-0.422842700114328 -0.19019316006157 -0.254027696268941 -0.112773824048401
-0.357440931445371 -0.339648540914488 -0.237944400818468 -0.241374779914811
-0.375489923712386 -0.37881026869626 -0.0934176782938158 -0.00583252545754475
-0.427992610365117 -0.347654860805184 -0.0684228030953567 -0.0150932430623076
-0.566720813842782 -0.130886325767308 0.0332087248209281 -0.0500248746781142
-0.545787273407594 0.152709119798883 0.0640305464613823 -0.0128049675991071
-0.356537798019406 0.322153027455562 0.0831654337537917 -0.055268398090989
-0.167377355590824 0.400603271967707 0.0728757215019079 -0.104939252591056
0.0116324424803361 0.421584797304939 0.0341686967880726 -0.0955836129340319
0.071226736785104 0.367066561508518 0.0323120012896914 -0.0792674313266098
0.0992239204996946 0.390647518255453 0.0267369842834742 -0.0754167035965493
-0.0281996711972695 0.42441904614906 0.0516721908021331 -0.0567863950547941
-0.158458136830928 0.402051699348494 0.0721531846943639 -0.00267077684027398
-0.370592219130453 0.368687461483243 -0.00158130414378515 0.0661214023902608
-0.529084589301547 0.147865200362473 -0.113981855903701 0.0231616366749524
-0.516198664667808 -0.179329598394492 -0.162512072877633 -0.0456286935917346
-0.469321023789165 -0.374070160472303 -0.12284717568375 -0.0995682949226735
-0.411552625000638 -0.362760424847033 0.0235627117857383 0.152452114113718
-0.468708968079023 -0.329645454411172 0.040908023913894 0.0780883334313277
-0.596939391496942 -0.113139103646157 0.0693861572592957 -0.0243301843879336
-0.567489837979512 0.166925334564123 0.0409812376775752 0.00108639895833367
-0.377521418593069 0.332814619730394 0.00970558951237253 0.0111665480594523
-0.184360849145412 0.412829623460543 0.021287519192376 0.0252152350686771
-0.000208754229639465 0.435794297448618 0.0193832380658481 0.0565234271155696
0.0595105355795358 0.374738866219174 0.0414486930933995 0.0724747931702037
0.0852557979045656 0.39256484106253 0.043587694830977 0.0682467217349013
-0.0409280076019091 0.420343632831219 0.0603804882190997 0.0708391915526962
-0.167789959392918 0.387828650942327 0.0611405516183076 0.0900140932578104
-0.36244777368996 0.346593595734752 0.00798533570744169 0.109796799461893
-0.507820704718173 0.148958975757794 -0.060867854666982 0.0548608287283322
-0.514934367569085 -0.154468026537518 -0.0441418851601807 0.00334351464426347
-0.496566140461747 -0.353902155503026 0.0210208705275094 0.0319130290227722
-0.38457209456726 -0.2858819651268 0.134592985026765 0.30268195798679
-0.427121101755009 -0.244738723456285 0.145891450087071 0.17169131617586
-0.511383039395063 -0.0650654383233968 0.0960798437962693 0.0170552121313918
-0.46919401768125 0.154023193447263 0.0137819177784807 0.0272374606529882
-0.318655744275842 0.279980924369023 -0.057487303763611 0.0864435398018073
-0.161724515001327 0.352627439775067 -0.0279328163976109 0.157256193603759
-0.00811376067106755 0.380003940226081 0.00528290905662557 0.202953384439362
0.0369924597824424 0.326348105679565 0.0445592467178603 0.213848575700577
0.0481577417459187 0.339837107918992 0.04871073366581 0.198578284970677
-0.0631877596568194 0.353049687384814 0.0513435372089073 0.181859543373426
-0.17276097814414 0.30487061450709 0.0311103695782416 0.16351572378898
-0.312873754040703 0.245903182316817 0.000327116638971942 0.132133752456254
-0.410401726217406 0.0979743699705674 -0.0162823737043178 0.0692050200245083
-0.420211334829851 -0.127364400574233 0.0663389304867587 0.0331756857464173
-0.439298668033774 -0.285570204671622 0.159805109153518 0.141312079465546
-0.294752166902466 -0.158425332927995 0.224116756493633 0.412860849959575
-0.301959203254835 -0.115084108192821 0.231094709474166 0.240243380457421
-0.322969378523297 -0.01147921136822 0.112721485872191 0.0610313384605051
-0.280916444387197 0.102368606155569 -0.00532714840457556 0.0547481389746734
-0.204943876181659 0.171474170133012 -0.10015880581061 0.149511971439051
-0.112891501106287 0.2301245156821 -0.0589954541727463 0.263038422938761
-0.0149572204484362 0.260876389692931 -0.00184812866701115 0.317417672707499
0.00815255120412746 0.228783413503975 0.0408075962126448 0.321754050331492
0.00532721245666705 0.239209945450034 0.0358831097874511 0.299337645375857
-0.0767421784348196 0.237285797616327 0.0158285989756988 0.258867687360872
-0.153297743526079 0.180149239364692 -0.0230256525442621 0.201732949914575
-0.218873275048944 0.112392108039298 -0.0260286135890227 0.12676645892405
-0.254993018221282 0.0352789540243118 0.010607736983659 0.0692193238134074
-0.268503218149819 -0.0839694157333306 0.147270536101457 0.0525667631656783
-0.317793129747557 -0.180292579456127 0.267567446021511 0.219244244651102
-0.150804057595239 -0.0132207373052213 0.275660737162812 0.465083472219414
-0.116086115224542 0.0149208873826064 0.290580320177576 0.267374747207453
-0.0873456563380634 0.0223800962695791 0.129197346887606 0.0906762405221316
-0.0667441296687298 0.0205406917758866 -0.00817872774947177 0.0690427591273683
-0.0757939813492712 0.0312738857982476 -0.111912718325037 0.184962224491075
-0.0582283569100412 0.0722023528754744 -0.0656333180654471 0.323564992620536
-0.0274064483900613 0.102997872014073 0.00016129565847511 0.378062592612226
-0.0219353533224436 0.097418713744105 0.0298038359266719 0.381276120071106
-0.0292908775054327 0.105028542982066 0.00705022110161826 0.357040527628545
-0.065391490131095 0.0956921443057433 -0.0392952683445703 0.29648390271759
-0.0944153302607575 0.0501991082126964 -0.0892739648283701 0.201215380123586
-0.0858209730130745 0.00111740990664221 -0.0563984284108526 0.097426297719354
-0.0764903686803396 0.00160568010551528 0.0262010313103545 0.0603922933643405
-0.10454069300313 -0.00917967556755433 0.194395550085432 0.067715392709685
-0.167455975446259 -0.0454959777197947 0.331553818081585 0.261516194406238
-0.035057618180665 -0.129595207516394 -0.374371416592725 -0.241778081825343
-0.0724859603265431 -0.101376709106449 -0.274160542716309 -0.0820952217150589
-0.123396241178684 -0.0137676279241382 -0.0381064410830784 -0.0333458814071803
-0.0866566579413958 0.0728070019890063 0.0658777528094407 -0.0404499937652773
-0.0121165474293238 0.0822689191767733 0.143341205108238 -0.168504670469459
0.0158874395001701 0.0671505162794898 0.0822562171628755 -0.314773994418562
0.0451212264624442 0.0519864760005795 0.00300180696547082 -0.371770793435652
0.051763720819104 0.0506444044846182 -0.0331113337405637 -0.389751710641256
0.0538915524153045 0.0663782315413757 -0.0288197835520204 -0.387175335780575
0.0186780242828486 0.0860217518530773 0.026442569796074 -0.338061914811372
-0.0144935136034829 0.101182481052704 0.0817434284817316 -0.226537088109031
-0.094147465545228 0.0974865619955769 -0.000440272167330317 -0.0920982019620484
-0.130059563138828 -0.00180676472183538 -0.151803311586089 -0.111034025033279
-0.0607456530858338 -0.0906194299130979 -0.297256629592986 -0.227295563002579
-0.00892598921555326 -0.102045363637185 -0.318956963837754 -0.449614697463792
-0.183502296627803 -0.236139779078542 -0.307917653537334 -0.216715997097742
-0.217050861300129 -0.198489807186286 -0.237858272214874 -0.0954081827856181
-0.300242105032278 -0.0478761277189407 -0.0306382775999642 -0.0487328785671437
-0.26072132765775 0.120467813498313 0.0756854513753298 -0.0267985109425562
-0.134686294724258 0.191696169647928 0.156164399139694 -0.147212433122194
-0.0393809373531354 0.212618407920827 0.103316914547317 -0.286775119271819
0.0515864388318867 0.210568836748116 0.0250188055917296 -0.329345394648692
0.0765407671666171 0.190255526569382 -0.0129405598228025 -0.332582485065846
0.0855931114360076 0.215831871544355 -0.0191329913421151 -0.324423202675157
-0.00152565925728043 0.244872262873701 0.027851318246555 -0.280184073969701
-0.08384628801677 0.24102664482816 0.0772874999219248 -0.176748363483511
-0.2312314037529 0.218135508413219 -0.0139337269103681 -0.0439630532076228
-0.322639184539834 0.0507949995026771 -0.173598609437132 -0.0685241584050523
-0.267487366107205 -0.154504458234531 -0.309383998944249 -0.171719572384831
-0.206557848633511 -0.237736804692914 -0.317672014419907 -0.358761515956694
-0.308202326449915 -0.322593873869817 -0.212223484862087 -0.13394338304988
-0.347502862015249 -0.284863962822152 -0.16891750507584 -0.0741914937706771
-0.461530341142449 -0.0871722160387291 -0.00762996954107383 -0.0599330858055658
-0.427231795439539 0.15364266599574 0.0755135391761674 -0.0224012833862117
-0.257871242980245 0.284647122392759 0.13500553804524 -0.115591059743712
-0.10078118297641 0.335286171724651 0.0971322458736317 -0.220073073379211
0.045451642804694 0.343023581143819 0.0341904313896181 -0.235456146428955
0.0911599251151185 0.301903581157707 0.00811220984385479 -0.224129102889713
0.113429664215147 0.32786227063468 -0.00150495577503958 -0.215218343297021
-0.00322986702769401 0.36768354265429 0.0351618637867358 -0.182837355459071
-0.120059926573973 0.357057936033734 0.0740125482133402 -0.10143715876342
-0.317826220258665 0.333077692972398 -0.0119955102524978 0.0119294543193649
-0.463423936275928 0.125611860524478 -0.159455854053938 -0.0149875017764111
-0.441070637214206 -0.169797884555537 -0.264585457015282 -0.100575002237337
-0.382617698969076 -0.321125615241952 -0.248784787504397 -0.232369569502211
-0.395599140281598 -0.364145674497311 -0.0960844310716991 -0.00453783105909723
-0.449920638443754 -0.32905048751718 -0.0700163247313909 -0.0119350541657249
-0.580313898187689 -0.098011035016578 0.0292282481256929 -0.0571328356454619
-0.543866728995728 0.187711916234863 0.0638767768699675 -0.0192065208757252
-0.343857711464762 0.350677742610886 0.0810493662714763 -0.0652387908689784
-0.145848045047612 0.415139059183378 0.0655377035841547 -0.113868055028646
0.0348953738120078 0.425460962396882 0.0338996229922791 -0.101295582393229
0.0925927098362217 0.366920160515764 0.0293181172989847 -0.0826481774044168
0.124684742847977 0.389480390460129 0.0231817053735964 -0.0791660180561799
-0.00397841206291885 0.433241936014343 0.0513228975701028 -0.0603502495511367
-0.138417192007915 0.419232073460123 0.0752455083962582 -0.00892462731917449
-0.355390430786211 0.397181203728433 0.00211269071531405 0.0670366914243883
-0.529572547899076 0.181852685717548 -0.114631521326619 0.0310299070622297
-0.535236512267327 -0.151547776159517 -0.168866415489787 -0.0370754580631208
-0.496801589072999 -0.347751433416118 -0.126148025259107 -0.0951463806192794
-0.43168400281103 -0.346225630395879 0.0304632918837773 0.15040072085715
-0.492174907636721 -0.308233136786388 0.0460958568516365 0.0761051942502108
-0.611699125140014 -0.0784804843292269 0.0686945004014622 -0.0323396098759884
-0.5670612903374 0.20484393847219 0.0414142530358367 -0.00363740087897332
-0.366153086673106 0.363290376624893 0.0103290181196178 0.00678007527377579
-0.163536290658805 0.431271583188859 0.0200333194351971 0.0200769694205334
0.0233398619520153 0.440998870655928 0.0274785862405968 0.0546711325957936
0.0810277078688193 0.375287303565378 0.0468450379515026 0.0714998201185454
0.109689918649464 0.392006073775872 0.0477606597128779 0.0668147525853228
-0.016274610717368 0.42954405909193 0.0662019901190736 0.0684982955740191
-0.1490570214019 0.406420776951541 0.0699125167112953 0.0851643601954099
-0.346395086428369 0.372807142629845 0.0137413439249419 0.110604345792921
-0.508702487797214 0.182999506712735 -0.0583543261095897 0.0601883335609522
-0.529843178784806 -0.127182484827365 -0.0469857790953931 0.00502115032912067
-0.524111152788525 -0.323156039605801 0.02696886629926 0.0309966859849717
-0.401665391989342 -0.269345927525104 0.150559433135726 0.297728236405662
-0.44803716516329 -0.22484512883261 0.157793137495893 0.165004059096318
-0.524485314986391 -0.0355448948608791 0.0983296979205819 0.00891379812390554
-0.467451523402778 0.185627023020626 0.01486819071783 0.0251072232690326
-0.310398963772258 0.305592016781519 -0.0543410897291004 0.0878696613032912
-0.144125647168598 0.367656256271609 -0.022289039402692 0.157376246856159
0.0137769889739174 0.384620211632939 0.0207731911796215 0.204939584357901
0.054904320758031 0.327882551333845 0.0584376647620467 0.215928505100108
0.0697350423616498 0.34002006280943 0.0595974080155896 0.199628527844813
-0.0435172000863617 0.361695704556013 0.0632764377683123 0.181898347837072
-0.157577965930562 0.320594535852348 0.04280506061581 0.161755506286285
-0.30174289054377 0.26810816472683 0.00756307239057764 0.133695927790319
-0.410612974163913 0.125761873001204 -0.0122698164890251 0.0719643829668397
-0.432747534452491 -0.105134997745421 0.0670898882139918 0.0293251761401196
-0.461588345013634 -0.260701342409547 0.171589760338612 0.134372546554158
-0.305494190429197 -0.148008995372165 0.246210013899773 0.406758276999478
-0.313044346525269 -0.100828206572567 0.24671911121746 0.228966621715924
-0.330479134649614 0.00836398762645101 0.118472481531547 0.0531607689625091
-0.280459862714496 0.122210512675802 -0.00292133390557916 0.0544287805626348
-0.200453267306157 0.188087665692662 -0.0945053771085145 0.155080183813858
-0.101705273343825 0.240658332101881 -0.047698335292542 0.268175324412594
-2.21930625421279E-05 0.264657448298071 0.0189922492159164 0.321710947398476
0.0209662441185697 0.23071187503033 0.0598613682932986 0.32808490983738
0.0196957930482389 0.241124750045804 0.0516982209991847 0.303314746294375
-0.0641017440404526 0.244739276687023 0.0306590749937798 0.262936542641931
-0.144263510276236 0.193008318328013 -0.0113452336536753 0.204112642395967
-0.214814442404182 0.126933854484323 -0.0187420971080882 0.130465271509192
-0.255467835203532 0.0529616125734105 0.0152448174390063 0.0697340239988423
-0.276756911698591 -0.0691765625709006 0.149708142290617 0.0440758865406337
-0.332278284658021 -0.161210707751909 0.283887591060071 0.208325515324923
-0.15278769849469 -0.00770373731656665 0.301282005605523 0.458091628343737
-0.118453954237394 0.0216019850479964 0.308471888909388 0.254725468766832
-0.0894801935289038 0.0281935008852001 0.136288436285671 0.0833531355621314
-0.0675087161228254 0.0254351615211309 -0.00525919925115727 0.0698087951765552
-0.0765445080802733 0.0370797892066812 -0.105262088430943 0.193783861087654
-0.0558332948462514 0.0776553022878974 -0.0499534136817236 0.330333714444722
-0.0212888908996663 0.105706948565839 0.0218344708422904 0.385423169294548
-0.0165476801002248 0.0996269687315448 0.0524301791708288 0.388818462946779
-0.022781354377867 0.107331697549766 0.0266662147496785 0.362998406686522
-0.0595160458257083 0.100603441420149 -0.0236673394652636 0.302961051094752
-0.0917556364458958 0.0569327501625124 -0.0788282962572636 0.208515991440752
-0.0858046277505371 0.0064778874446839 -0.0512560414269351 0.102514475607582
-0.0769929868168038 0.00819972099477911 0.0312959097579705 0.0591642048606533
-0.106885535040336 -0.00236450830351355 0.198124123973102 0.0573932836919104
-0.172697581366124 -0.0352561029076396 0.35073619674211 0.248479397985137
-0.0428306478029942 -0.123470051851588 -0.386222696176039 -0.213923736313311
-0.0762535124260415 -0.0961008159693185 -0.276124533855519 -0.0597391573758996
-0.120376844688266 -0.00443015367427161 -0.0425297186382455 -0.0310973034800098
-0.0789561758644656 0.0785633945673998 0.0610245699358204 -0.0455571805277771
-0.00465623145252607 0.0823082529758368 0.129130486721733 -0.178130977627684
0.0219598476963418 0.0657252241316352 0.0565393910767141 -0.316719598972355
0.047614140588588 0.048663988017063 -0.0245626412373594 -0.369359247489434
0.0543065434073281 0.0457368703309919 -0.0619448540393741 -0.386360985457783
0.0576994557691589 0.0612761916198205 -0.0559329525495643 -0.380757123744937
0.0244178477610262 0.0842468646502661 0.00153345158150359 -0.335390824152169
-0.00636808972082223 0.101294097468483 0.0635119446323631 -0.230388268421449
-0.0855447835684789 0.102540808802522 -0.00764476020317626 -0.0905505959673351
-0.129393103123724 0.00712539537078482 -0.159468226346488 -0.0971039483181951
-0.0659420643110515 -0.0851848947842333 -0.308371849605499 -0.201914608689682
-0.0162928757924104 -0.0989482578251836 -0.344868291762301 -0.421017265653579
-0.195344301334299 -0.218076948987459 -0.319304258990775 -0.194219405340679
-0.225443481825665 -0.180922233944398 -0.24131116250587 -0.0761272406922321
-0.297120371511514 -0.0243374596079673 -0.0367853447690422 -0.047827084932902
-0.246632587175297 0.139432399632984 0.0716570801722054 -0.0334868765245196
-0.117745711197378 0.201155844060521 0.143013225614862 -0.159711791900744
-0.0209370686961164 0.212801767591299 0.078484464787764 -0.292047705604732
0.0662731139211322 0.203515762833755 0.00100754609179805 -0.329148618587822
0.0891108585810367 0.181229070049212 -0.0368443208394224 -0.330158347300929
0.101242731859999 0.205310443649143 -0.0427048798873689 -0.320561077059136
0.0177225073680156 0.242816832627652 0.00811914839109419 -0.27867935166314
-0.0642654290582328 0.245632871886534 0.063024953906988 -0.181809763705076
-0.210687981018657 0.233013718879983 -0.0177324433976107 -0.0422876035328941
-0.315608012121636 0.0749849561180857 -0.177365641506992 -0.0522588204794651
-0.275743045391722 -0.13218466106301 -0.317305686712385 -0.146219759405707
-0.220773430137598 -0.215984540333507 -0.335177037397255 -0.331902186561688
-0.323956453217454 -0.295244552688412 -0.219958933866125 -0.120291818713463
-0.360557202249492 -0.255911580528133 -0.171754831696855 -0.0607404715750554
-0.458449081955374 -0.0490904573214546 -0.0150028991398279 -0.0617647958061272
-0.407765470739385 0.185666421429785 0.0710457962434434 -0.0290553549720932
-0.232640613659017 0.303608251797322 0.123573574882253 -0.127395148083274
-0.0726701504032593 0.339695491077185 0.0765290375152007 -0.227015353975595
0.0704615757242834 0.334757983202344 0.0183593863220621 -0.238190450344363
0.111809265107587 0.289458741150414 -0.00849601002821752 -0.224235581833743
0.136666314187359 0.313160421942494 -0.0173530282335333 -0.213331278814955
0.0253230842424174 0.364270389013627 0.0235064658752832 -0.183163513626203
-0.0905338106194834 0.363777667845445 0.0667632988867729 -0.108493160951135
-0.286951719383694 0.353443295538583 -0.0117341444532676 0.0129411059538534
-0.449770579857491 0.160697295923455 -0.159057621909896 -0.000804551340744298
-0.446703943493439 -0.132707997573038 -0.268487929004796 -0.0789635476703982
-0.4011986637784 -0.283260172588444 -0.258527288171758 -0.212589284719572
-0.412854359527288 -0.330753850991362 -0.0962228857976275 -0.000474658231179987
-0.465731658714419 -0.292093476447273 -0.0698032076038314 -0.00720231343124182
-0.577570353953717 -0.049996875597436 0.022122110876894 -0.06160853680159
-0.51999762655661 0.229340067928676 0.0602841194146054 -0.0255989868358925
-0.314173869865008 0.376013032420745 0.0737844878935794 -0.0741041008718682
-0.111977492102902 0.423905231521834 0.0522498036593315 -0.120434926446809
0.0659840556053247 0.417235561818862 0.0288334378812762 -0.105477685895394
0.118880192510049 0.35385655112972 0.0234616203358453 -0.0852388395961455
0.152421185588476 0.372860036226008 0.0173652245323173 -0.0793054282648206
0.0298090263055216 0.428882395698415 0.0484690261284214 -0.0633399706740754
-0.10362338156679 0.427445834178667 0.0748059093883091 -0.018056575168898
-0.318080372818279 0.419896799569375 0.00640650759914261 0.0661162172805446
-0.508790709571319 0.222402576468325 -0.110866305988905 0.0409173705474399
-0.539030581772556 -0.108737571133474 -0.170430947016812 -0.0245981920313657
-0.516749766275457 -0.300991751772371 -0.127970211640933 -0.0853258207663701
-0.446491829803884 -0.313323739762052 0.0394522654860805 0.143381419483561
-0.508026895282083 -0.268270897052253 0.0519786091018141 0.0703677109362512
-0.609556631015052 -0.0271576991301263 0.0638677639408123 -0.0407350532999875
-0.541475171685168 0.248496064284018 0.0397603029175962 -0.00934032744181493
-0.333484057623064 0.390465693522796 0.00920461036835425 0.00208019140220092
-0.127553849786669 0.438917031090177 0.0172606893102301 0.0152171710336373
0.0581368715974867 0.433371451209872 0.0345622381696279 0.0490676992175913
0.106772834981358 0.362678347656961 0.0530473406175994 0.0675810630778089
0.137127996427493 0.375715594687938 0.0520586556196479 0.0629477849017079
0.018096072833191 0.426690058941591 0.0732952127443073 0.0622231206463737
-0.114764679069134 0.414575731252345 0.0770190054032768 0.0754224554340175
-0.311403175650451 0.395562043687855 0.0211789567240012 0.10841152720066
-0.487931357371385 0.22267966622491 -0.0527766690423429 0.0645302607007809
-0.534028338048031 -0.0839685702234617 -0.0473642556210147 0.00849404213203823
-0.540388974138593 -0.273655375929139 0.0314715887516732 0.0279166554390962
-0.412528269587862 -0.240912316701846 0.168584768842271 0.280641542732571
-0.459829590022288 -0.189211992119502 0.168387647221809 0.149551340372233
-0.519937078051157 0.00845619649130702 0.097231436249973 -0.0019153398344431
-0.447213929187714 0.222240896835835 0.0163670213644142 0.0213079153636967
-0.284211095020278 0.329957432656743 -0.0485343026170441 0.0882001288768572
-0.113539935356737 0.375779599286141 -0.0132875733470259 0.15492432931402
0.0429160360106249 0.376979908386928 0.039313564169842 0.19850358491493
0.0783034499516658 0.318503988523591 0.0750932232766607 0.210052680816004
0.0947776958690056 0.32802341464824 0.0737258331524807 0.193764656809429
-0.0137765786098697 0.36152295805396 0.077129561110655 0.174144619870305
-0.130390715168076 0.330552835420297 0.055853964814577 0.153477161122725
-0.275731844814847 0.287721232358709 0.0171460108587604 0.13145741680482
-0.394457654760536 0.159186543003325 -0.00599032164290704 0.0719038213263338
-0.435325924980861 -0.0697119845434739 0.0659176512475602 0.0236330925076562
-0.472998726653209 -0.217202950334404 0.181229971732521 0.119401021065488
-0.310354636896151 -0.126527142486894 0.271291322314271 0.382766644888113
-0.317408260395608 -0.0763483913626846 0.260807816042133 0.206125718442714
-0.327663010540498 0.0362066824835984 0.121440783041188 0.0419031211021874
-0.267638302246824 0.144373457403048 0.00153800584934906 0.0527468431853213
-0.184908779135247 0.203959706915097 -0.0837862498389592 0.159066648503832
-0.0825352390747629 0.24699261493522 -0.0290614215231974 0.266475630287127
0.0205622308975778 0.25980011967167 0.0451169324617097 0.316122739820309
0.0375565624804562 0.225994439175261 0.0853110310131222 0.320932538370899
0.0384842489504947 0.234661194542447 0.0742895788077093 0.296966708280391
-0.0438590707646907 0.246689359543188 0.0507320806792202 0.256622743544208
-0.127252207556011 0.202758352639943 0.00559283000082031 0.200498845551481
-0.200835993958688 0.142535943735477 -0.0083702101766621 0.129723686499081
-0.247184343096889 0.0743367265221656 0.0215621986078657 0.0672053146023811
-0.278338704561074 -0.0457394745864972 0.148724651454427 0.0324017447909567
-0.339890564462657 -0.130264129009975 0.296788133176566 0.185428374673463
-0.151194375288123 0.000952512203959081 0.32743459425132 0.43095833846352
-0.117271878678499 0.0303236361549284 0.322254733193229 0.226395412234456
-0.08833844286729 0.0364738577997727 0.141920476037715 0.0705421834256662
-0.0656650816730355 0.031082820361015 0.000117992401937419 0.0684121793495248
-0.0742373263744133 0.0438324697182097 -0.0908041452112281 0.199390042109726
-0.0500115594647175 0.0817480971792925 -0.0254882719004122 0.32957553807808
-0.0121745840873693 0.105072294943016 0.0521777189272325 0.378409456504199
-0.00880605018834508 0.0996898583021142 0.0819430510139211 0.382805309471655
-0.0138331662984676 0.10741937125208 0.0540681183023233 0.358287510725301
-0.0501994468631327 0.103715415916626 -0.000561320759807488 0.300969134320346
-0.0857959535975917 0.0640067663029368 -0.0606953413821273 0.211063476764567
-0.0828669659501505 0.0141584708313361 -0.0419218572238863 0.104885872171173
-0.0742157516119791 0.016089503474624 0.0361558673022912 0.0559428980323795
-0.105990165276737 0.00666389142346568 0.197032284817154 0.0417686565870385
-0.173498715671518 -0.0200451816376238 0.36442426850091 0.22023227796598
-0.0473429288529256 -0.113208883599422 -0.379666950571952 -0.179649947654256
-0.0754005857266479 -0.0881282270124727 -0.265249022074581 -0.0382111486044938
-0.112947657279396 0.00247185126031889 -0.0445257829749396 -0.0278529726856439
-0.0694888164525592 0.0793854756043124 0.0540280888250648 -0.047417513689985
0.00181869167183616 0.0783866286178731 0.110814705246043 -0.178514179792401
0.0264102826948798 0.0609186447459697 0.0329959055202478 -0.304619789508688
0.0475182770599709 0.0435841610372606 -0.0476179704154723 -0.350902293041845
0.053826202367628 0.0397800265687132 -0.0841210276578976 -0.366007784847503
0.058555074098104 0.0536903344649412 -0.0766674912849454 -0.359441616440502
0.0280600961139472 0.0791668744595567 -0.0184213709509531 -0.318324091510817
-5.79047092420272E-06 0.0970513605425461 0.0452143521744608 -0.222993027419164
-0.0753452789276245 0.102215747790806 -0.0135978858042223 -0.0845780031660747
-0.123651617744768 0.0137498923732605 -0.158337666263309 -0.0803327933903198
-0.0676136376732184 -0.0773029393199669 -0.304087702003794 -0.172043110240664
-0.0206769991276596 -0.0916260634295445 -0.349769605535313 -0.379487400848633
-0.197172941274317 -0.194708844885078 -0.315121995561722 -0.167540750318546
-0.222114021679657 -0.15938105179138 -0.233322167385695 -0.0560637499100251
-0.280861982456216 -0.00351061851608105 -0.0406181404869905 -0.0444016412002408
-0.224804997183965 0.149020846584833 0.0647380285016965 -0.0366767341814028
-0.0984405485328994 0.199419869484103 0.124766654637638 -0.162933721134451
-0.00511858975952498 0.203165960353448 0.0539520186646374 -0.282596689895017
0.0756195683033218 0.18974161093816 -0.0195171697470352 -0.315630001334272
0.0952790852775113 0.166455222867605 -0.0567611799719395 -0.315260511744083
0.108859618814285 0.187183429822088 -0.0599517415020295 -0.302475143156979
0.0323522717574494 0.230884607481695 -0.00795862747136163 -0.265958824205183
-0.0446359143481629 0.238674599158159 0.0487970404320554 -0.178077801880269
-0.184988816579084 0.234644727718424 -0.0205344885366185 -0.0376506075559605
-0.296071638653814 0.0916982809424688 -0.172443317656924 -0.0371397504140027
-0.269257354413699 -0.108275760407479 -0.310446378392404 -0.119189722257356
-0.222140702234636 -0.187778364142279 -0.335468567777819 -0.296292139137326
-0.32342601842034 -0.260748598759834 -0.216526064138094 -0.103905272970455
-0.354977459078164 -0.221866009992958 -0.166102108573581 -0.0471434106806506
-0.435352469801799 -0.0157828498446725 -0.020810657562803 -0.0595396516249938
-0.373402357313152 0.204632994301769 0.0644694201483227 -0.0338320241927405
-0.201499868815382 0.305449030961307 0.107984947226924 -0.131172390010263
-0.0460728527895912 0.327701924058153 0.0546339977174364 -0.221567288857141
0.0881822403957999 0.313526437646687 0.00342986077445837 -0.230684364335566
0.123288880843126 0.268169854331078 -0.021538438043779 -0.2158708821694
0.149640776496235 0.286824153897247 -0.0293062184635756 -0.202639551119733
0.0486872535364343 0.346805161453517 0.0124461272744073 -0.176449189404826
-0.0622937408275728 0.353804101204443 0.0569910134036746 -0.109465536171312
-0.248682016853018 0.353749299416743 -0.0110605464093346 0.014662446506557
-0.417450727369766 0.183246005673656 -0.151301940909327 0.0111341369798506
-0.432513687483861 -0.0963878573366424 -0.260401249723481 -0.0584255447055721
-0.396108002003371 -0.237849047102126 -0.25605471104484 -0.187562594672801
-0.40946609101194 -0.291001729585688 -0.0925267446682344 0.00179722123397495
-0.457807389244858 -0.24950530529114 -0.0656432090456232 -0.00413134024079075
-0.549685063632179 -0.0090212032786393 0.0148586728064383 -0.0629588808896528
-0.4794140872973 0.253907820484329 0.0546066682914179 -0.0300569193201052
-0.273385109797807 0.380758601523928 0.0639378897879693 -0.0780468671560714
-0.0778407615061235 0.409857656933593 0.0375161716613239 -0.119157522644879
0.0897135839495465 0.390885979243086 0.0228961307578109 -0.105498386943751
0.13377496568052 0.327810916733161 0.0177470854156939 -0.0839250470753182
0.168005407266265 0.3408447470868 0.011760022541233 -0.0765786850866326
0.0572953943083542 0.406918496691678 0.0443269314101268 -0.0642700075790418
-0.0704968322210221 0.414751812251567 0.0704945038181184 -0.0244932976253207
-0.274119529115968 0.418620460017839 0.00963337687607618 0.0639977141272899
-0.469192032716955 0.245751845643267 -0.102640618213235 0.0470237327962812
-0.518941369732226 -0.0671767255749412 -0.164054230224723 -0.0129974359062773
-0.506710055428022 -0.246369108565853 -0.123204881487003 -0.0746824640142526
-0.44090349461213 -0.27183890088693 0.0447339620424724 0.13024018986602
-0.498148955863224 -0.224059662674551 0.0538545504284681 0.061775432589049
-0.579773645602368 0.0167281044888509 0.056542429898408 -0.0458310169839053
-0.498522810686286 0.273127457874947 0.0370383948356559 -0.0131325606770741
-0.292420201772416 0.398423122732452 0.00729246994920295 -0.00137223528795185
-0.0909380238593941 0.426201135672694 0.0128287658520219 0.0122443089528139
0.0824109607809109 0.407566152892769 0.0384544960510482 0.0417456822837512
0.122875139254779 0.338337235419942 0.0566471041356047 0.0602608983287323
0.15511099823588 0.346421830367216 0.0540398640980525 0.0568244976901904
0.0451933397656272 0.405186667567833 0.0755848983077923 0.0536564051871623
-0.0814390867671084 0.404229671429262 0.0787135244704993 0.0637914600973099
-0.269744170747048 0.396636147017774 0.0268302076410588 0.102650025905711
-0.448537863476022 0.244703257925232 -0.0453538976415063 0.0655359510550966
-0.510991769196025 -0.0452872261964624 -0.0460203775186786 0.0110034950779369
-0.527219653895523 -0.219905314604614 0.0342344638735048 0.0236860755584671
-0.406344742872399 -0.205394687901307 0.175795170512517 0.253658956938058
-0.44791777316351 -0.151092908363149 0.169344383658244 0.129155730692943
-0.493587287033441 0.0447817527455164 0.0913779030903057 -0.0110816571742627
-0.410614022718916 0.24271204962437 0.0167325632221537 0.0173139291252003
-0.249217641834262 0.336483893290242 -0.0425728759898357 0.0848321476984952
-0.083562387657566 0.365737501763997 -0.00660380576751191 0.146906439748986
0.0650660489124836 0.354336881329086 0.05210606898362 0.184111934512899
0.0942653650722078 0.297406541894349 0.0863281759063456 0.195442872991582
0.11109704043683 0.304129226461683 0.083190199568181 0.180435828058653
0.0108309027174513 0.343915985929582 0.086415504421666 0.160081481655412
-0.101920545002417 0.324650797936435 0.0641830353516327 0.139460836681156
-0.242595582010008 0.291748519859312 0.024857745330039 0.124235407675331
-0.362920375534122 0.178549894522268 -0.000378433784532133 0.0685276634334186
-0.416356625299491 -0.0375812543262068 0.0618301199164353 0.0183723818596294
-0.459919225784629 -0.170337052287017 0.181741841192933 0.100955474795397
-0.302599251289872 -0.103744389953873 0.278482748937377 0.345338958620181
-0.307720831293145 -0.0527243001127871 0.259580884355384 0.177203015410756
-0.310102450817138 0.0582119818994853 0.117709428646735 0.0295026872090181
-0.245375679948603 0.157241186241588 0.00484179465050859 0.0482712680239716
-0.163292566082958 0.209744812260508 -0.0702979829206875 0.155961480180252
-0.0627093070413175 0.241753813041734 -0.0127259049746477 0.254360879259249
0.0360508678529949 0.244723839442632 0.0649099561101189 0.296678892635983
0.0501237707637107 0.212106087499426 0.102936743307975 0.301218810213352
0.0517378701062798 0.219466205423523 0.0897294599375017 0.278683797320503
-0.0243943067606966 0.236743757035309 0.0655717720257441 0.2402615795147
-0.107090100001104 0.201822247001954 0.0191611639928371 0.188011362986721
-0.180057048365976 0.148802568786435 -7.09558447800115E-05 0.123798913930411
-0.227862313344594 0.0882631645290818 0.0252995541801232 0.0618883574262766
-0.266879511342921 -0.0244937387514536 0.14050120269516 0.0214046708286407
-0.329035609258114 -0.0985022010673684 0.294679756011956 0.157825239907524
-0.144186649102357 0.00785419736905407 0.336229549726206 0.39087365264499
-0.110796470120641 0.0363871139532981 0.319357321846509 0.193124678103976
-0.0832875470910881 0.0426698572653575 0.140157810416453 0.0568103093707837
-0.0611496579927525 0.0356537729744361 0.00425074548332754 0.0638763240574023
-0.0694025039201059 0.0485856192187704 -0.0747635305295249 0.195083212511591
-0.0427497326318837 0.0817006328275096 -0.00482814608678661 0.314731208112242
-0.00483910180816534 0.0997973354041194 0.0759605391558125 0.35820735577151
-0.00187820543493652 0.0952251114187761 0.10338143709881 0.361242625045467
-0.00542635829757921 0.102338447191385 0.07439930643483 0.338970878123028
-0.0402896064410487 0.101359261170976 0.019012521174265 0.286288021983542
-0.076820090962512 0.0670077081097156 -0.0434769489184221 0.203435597619359
-0.0767379612783674 0.0191223588355744 -0.0324807347539853 0.102206037897805
-0.0677182150678002 0.0224905425422351 0.0388916298095716 0.0497029665402448
-0.100698735773634 0.0139120304780296 0.187582285358817 0.0284590468079514
-0.165781661042408 -0.00628172841867118 0.360514858967691 0.18729851729149
-0.063169019570391 -0.0943059441293202 -0.380779025969134 -0.108600905799555
-0.0811056171652021 -0.0674323906651511 -0.254851021074125 0.00526752823578992
-0.10131679628625 0.0163515532157248 -0.0555656800287041 -0.0203690826487189
-0.0508276864899291 0.0793256790542201 0.0345479684967695 -0.0503445444552285
0.00907238348479536 0.0670895603454777 0.0739278522323715 -0.179901453158683
0.029515172723102 0.0518649016757535 -0.015154492834097 -0.287694242717879
0.0463234512713288 0.0342608677389149 -0.0965645886400454 -0.32388080355487
0.0513577730861681 0.0297640151109739 -0.134783752085218 -0.332089970941273
0.0579282946061625 0.0417089459301341 -0.130391874482235 -0.327591531257118
0.0354080398627119 0.0682453782605116 -0.0712916951467547 -0.29550977631734
0.0105923755242317 0.0876042843761352 0.00484726590660821 -0.215590130578135
-0.0570366471322312 0.103487687342852 -0.0254254114811721 -0.0775709053817575
-0.113519586271227 0.0262120244161172 -0.161696870716912 -0.0485874363985188
-0.0751518540150551 -0.0663060171905651 -0.304077045454263 -0.108784131527626
-0.0356546138214047 -0.0861714412965809 -0.374183537473497 -0.301570482271179
-0.207611483506995 -0.152189279809221 -0.326534354105909 -0.113760083108155
-0.223119911723822 -0.113233793912605 -0.233318213402243 -0.0214886606711289
-0.253004716456505 0.0333620337735659 -0.0661126306850217 -0.0401102064647861
-0.179369709097806 0.165051226356081 0.0339692603747899 -0.0444946456423847
-0.0642688607283185 0.192079721986568 0.0814830540720942 -0.160513915038121
0.0194456534229731 0.187747934872182 0.00455613906548444 -0.264645287459749
0.0924089513963658 0.163308021451439 -0.0666473594900056 -0.289161878632127
0.104574409196919 0.141720050661387 -0.101370022925748 -0.287160997951685
0.122517813179149 0.157831436221798 -0.107732669485122 -0.27891081560102
0.0605719299987161 0.208984854530302 -0.0561438734475134 -0.2494360645529
-0.0142338713322024 0.225047660273346 0.0157743836657845 -0.176631799928938
-0.14152316026209 0.242293588938884 -0.0232417399217374 -0.0360086603310084
-0.26235125984672 0.118607708805567 -0.170359214306096 -0.00732009724709564
-0.265411431018093 -0.0654139806359454 -0.298998050190738 -0.0620554988237442
-0.233826586861127 -0.148237520555516 -0.347614684458323 -0.22870922234005
-0.328740036756962 -0.198896772658272 -0.231679800198868 -0.075445063628307
-0.352191400245449 -0.152234919544537 -0.174117107738139 -0.0278063272717818
-0.394021227428369 0.0431877858027334 -0.0604062424864508 -0.0612744232725062
-0.305640413706224 0.238028923051877 0.0232265105048519 -0.0446186327569241
-0.141994369021534 0.304313558150345 0.0622039385790413 -0.123304703369512
-0.00125416884805052 0.307781245391945 0.012474657450715 -0.201521834207495
0.122395264459564 0.274471942892567 -0.0336391938572631 -0.206713499152384
0.14390428405889 0.232835195543865 -0.0543095011837873 -0.198224842954598
0.174709745981757 0.244673718161108 -0.0650428021574829 -0.189311514709598
0.0919694994575471 0.314760114406533 -0.0246344496007529 -0.170471324559894
-0.0167588682932259 0.334107224363095 0.0345356500749219 -0.115516849023869
-0.184200382904103 0.362674035036003 -0.00547321070836748 0.00848811217843098
-0.362021843655663 0.217608846656398 -0.14476033498149 0.0327944516701903
-0.413646648194741 -0.0312738215042346 -0.24315611132168 -0.0174348452212068
-0.400371680795142 -0.171876284471933 -0.256720674173654 -0.140819609619831
-0.40761931375713 -0.21618517122222 -0.104601902289616 -0.000638372471593569
-0.448185768533968 -0.163681084115841 -0.0773126245564355 -0.00732033031810048
-0.496419584378678 0.0672956678695679 -0.0347943424839696 -0.0726938923088686
-0.391752973916682 0.299858067602254 0.00615915786658242 -0.0415761739245614
-0.196457713941522 0.384113347571453 0.0244337685957387 -0.0622381289630092
-0.0181636348411647 0.38845747725566 0.00970399256858471 -0.0994867593196275
0.137025736460453 0.34440874457983 0.00172647175139027 -0.0881224720353642
0.161715770132661 0.286658476730513 0.00164965547649732 -0.0800956146707941
0.200890062444749 0.291914031368411 -0.00750283421301723 -0.0775778901511362
0.10915508405125 0.369775246418938 0.0219391338533245 -0.0708848582853249
-0.0175066978462051 0.39289496393309 0.0612611515007098 -0.0393415125574536
-0.1989134201496 0.426636854299092 0.0220404647206066 0.0496475127980446
-0.40170400804532 0.282852425637879 -0.0952052214735024 0.057836256822209
-0.486523576128191 0.00901180277339495 -0.147054353472851 0.00663869593585387
-0.500411044205052 -0.163756633529353 -0.118296608934938 -0.0568553246443903
-0.43210436836451 -0.195853216384091 0.0410953918225861 0.0955106159382231
-0.480415945855431 -0.137942084529304 0.0427302818020653 0.0345892953854482
-0.519740366700199 0.0928899054077409 0.00509271329252601 -0.0630740213748983
-0.40608957952304 0.321739773908864 -0.00954652646700364 -0.0228578863818088
-0.20956464517003 0.405227296499197 -0.0177792957249252 0.0192589836283695
-0.0281052494557527 0.406580994614278 0.00645507582698911 0.0280237545410785
0.133251307801007 0.360220828172509 0.0380048193725818 0.0501227911634365
0.155351580192714 0.298477068069162 0.0599762924934892 0.0495850071718184
0.189254703143393 0.298092666424659 0.0534870386265997 0.042037067669319
0.0976400404876478 0.369326219035276 0.0706967376187106 0.0341027528982019
-0.0270346622279844 0.384690156301527 0.0832100781129549 0.0416978852452466
-0.19712419837908 0.405072821537809 0.0436708380194313 0.0826431803327848
-0.379619849338895 0.279382227231098 -0.0390508995673578 0.065220056020426
-0.474858051497919 0.0290445037228964 -0.0352997504285159 0.00913211573183452
-0.513568576177779 -0.13626736835578 0.0402659187698111 0.0108544691261925
-0.390319721189486 -0.14005510898975 0.183911309114435 0.19177080842229
-0.425423898983856 -0.0782233761848465 0.162703231549084 0.0808800760250778
-0.438670796285036 0.107112916390899 0.0490214830748161 -0.0334976433857958
-0.332128835603384 0.282649668409886 -0.0168422564146752 0.0097584981932649
-0.177612284607914 0.344845337519517 -0.0463296050799909 0.104238801906883
-0.0269360281490776 0.349472983551267 0.00945957007901897 0.154674089451433
0.111180162842221 0.314108650886192 0.0730239043067574 0.180762818922721
0.123966899316125 0.263296122879296 0.109516658278726 0.172096761678868
0.144078117790383 0.26532361922264 0.10109424315169 0.154531833174878
0.0590563678626707 0.31844328749602 0.0999657878142212 0.131704851173681
-0.0550448169259518 0.312801844422966 0.0819692564211444 0.114775765665134
-0.185501389595307 0.305129289244636 0.045289088284339 0.104708547991186
-0.309004136474414 0.208272871184162 0.00514163933508317 0.0606540571184062
-0.386862962501695 0.0238729800792401 0.0638179625863822 0.000165095672822442
-0.443767912701213 -0.0985111997097507 0.186430246327247 0.0625339339157991
-0.280519246103763 -0.0600071029710408 0.297708806965858 0.266264675064519
-0.283455026657081 -0.00973546916441725 0.259077350259635 0.116904776784241
-0.271117020135949 0.0959775429969114 0.0924776364680571 0.00407471997698869
-0.196697118662986 0.180727482193969 -0.00960784632690083 0.0425847022099669
-0.116672994448399 0.218071961723269 -0.0542632251117611 0.168083170318114
-0.0223653967921568 0.232426746187734 0.0221599395190035 0.250787481562508
0.0696516663947017 0.217681415369516 0.102460736449905 0.281893081617503
0.0738916489462446 0.190471821179586 0.141374552737802 0.26881647424647
0.0792912971253408 0.195613764472182 0.125832544934149 0.246759408149161
0.0115030281548061 0.22420668843844 0.0959680685516711 0.211041837408995
-0.0741452661977539 0.200832940466641 0.0486451469273622 0.168970249902893
-0.146622948288757 0.16357070525133 0.0224414140524155 0.110693274572852
-0.195458518622815 0.109717501897502 0.0306567207880614 0.0506826959873311
-0.245874685250258 0.0163166965833924 0.134550359226831 -0.00729262656510634
-0.312020201990238 -0.0479546063764907 0.297276472242774 0.101140157633468
-0.122064950207481 0.0238581568123368 0.366517350392246 0.304898644294609
-0.0923605288250224 0.0446628066719873 0.323094512540644 0.127758215787392
-0.0680938110827087 0.0505369146713071 0.13312701264564 0.0294119290287906
-0.048340321088603 0.0431992430525366 0.00865056267595881 0.0572585302880068
-0.0528129416221131 0.0581569847041145 -0.0444368260575906 0.196886976503326
-0.0249060525922505 0.0825108511815286 0.0407955877705301 0.299590645521587
0.012641537226992 0.0909104024267283 0.121683079840703 0.333649961455705
0.0132486440265268 0.0887506213737985 0.151789641796343 0.324288865132125
0.011351304201215 0.0950605374025461 0.122454805186325 0.306753488925938
-0.0215447619335759 0.100955350951464 0.0630086063555339 0.263333802573975
-0.0615180320755155 0.0726881721039087 -0.00750815147214613 0.19507662116837
-0.0680051217522532 0.0296108293142637 -0.011857760412574 0.0985014561951652
-0.0571842895611604 0.0302965959743745 0.0441582467689053 0.0382325007366667
-0.088958805279074 0.028739953130291 0.176679757756358 -0.00589346090212473
-0.149056103742695 0.0167102628749918 0.360092880719059 0.120844461507145
-0.0573829571577967 -0.0891091222090968 -0.361431654537903 -0.110719878053531
-0.0747518395987431 -0.0677987073312703 -0.239733819326776 0.0025841111733291
-0.0963083151878292 0.0122283863429442 -0.0540223028526816 -0.0193809259614803
-0.0491364917130172 0.0743507465843152 0.0328960613402056 -0.0469904731955536
0.00767388944470637 0.0633745364851319 0.0722486914118263 -0.171507986007622
0.0278288129502962 0.0490969123350495 -0.011510199688759 -0.273148657358328
0.0435990960829164 0.0339834635637938 -0.0883277476327972 -0.310507235444841
0.0478606077468219 0.0288531499585369 -0.12577595263379 -0.320251930445418
0.0535958480489479 0.0400418243572223 -0.119669531645251 -0.314485181302651
0.0327908476495399 0.0661783954211776 -0.0629453416703346 -0.282105806655451
0.0089496422691659 0.0832182018090037 0.00730386541531953 -0.204003126677947
-0.0563074684290353 0.0978275939357512 -0.0223526016208133 -0.0730939574166436
-0.109047599295511 0.0228070421030266 -0.152851422872777 -0.0463063414021159
-0.0693393800913434 -0.064878260636584 -0.286500161998373 -0.106983249939728
-0.031370484760558 -0.0825864148015412 -0.349108001764919 -0.294154554052369
-0.193711606129886 -0.147010695728066 -0.309546386838493 -0.116355120010303
-0.209099816434633 -0.113239933106621 -0.219224278913618 -0.0233308431663447
-0.239668460658296 0.0278357580816497 -0.0644777125729961 -0.039084559125784
-0.171693249214632 0.155167347084534 0.0318643951336891 -0.0419309244612405
-0.0633075080085065 0.183070032315494 0.0783151772044964 -0.152978321031909
0.0170041476837617 0.178474022484085 0.00560470704893556 -0.250968032616451
0.0856380020750794 0.157045877704396 -0.0600813885223803 -0.276822569893288
0.0970763167340132 0.136711913074847 -0.0949447577360168 -0.277344168528229
0.11363467999161 0.15090091366798 -0.0990853609288867 -0.267360278256432
0.0553218932921989 0.200510762576585 -0.0486473905249019 -0.239822390999982
-0.0160306971544108 0.214351127495914 0.0169695276177285 -0.167787949780022
-0.137412399075929 0.22889982583624 -0.0212307882146514 -0.0326310924912456
-0.251162467701115 0.110428106968558 -0.16191101058507 -0.00755613094334442
-0.249853593526612 -0.0667421287885446 -0.283950947315353 -0.0634103840766598
-0.217029320487779 -0.14338762157436 -0.324578718802469 -0.224869420117138
-0.307993673209543 -0.19348192953604 -0.221292894150619 -0.0787468551984781
-0.33158886230767 -0.15280659288193 -0.163481276082645 -0.0297091707880028
-0.373036503137476 0.0362376759806626 -0.0590658688953651 -0.0598834771113445
-0.290355563033915 0.223641698727068 0.0210114697643882 -0.0422815628127243
-0.137355207518558 0.289459979504664 0.0597472545340252 -0.117070498651132
-0.0033633628173327 0.292971517459827 0.011547139781446 -0.190655440839669
0.112923205441392 0.262543282713333 -0.0296113318955719 -0.199008174403515
0.13353507288633 0.224144877902135 -0.0500544705285171 -0.19186116835825
0.161794748707192 0.233218083743836 -0.0583942355324629 -0.181502986219814
0.0838540871959819 0.300613279690473 -0.0198326494105343 -0.163953159241319
-0.0190624201195717 0.318743080352767 0.0337535390446535 -0.110742122251353
-0.179533011358993 0.342096774492414 -0.00485285571237559 0.0102963179836604
-0.346815046906616 0.205383873818785 -0.137957881682822 0.0300530817486069
-0.390233505817268 -0.0353753190988319 -0.231294408205537 -0.0203697208785335
-0.373912877928047 -0.1678988516898 -0.240565626931519 -0.138480688874964
-0.384079421782717 -0.210890512249223 -0.101920622167575 -0.00619524172439768
-0.42422308836906 -0.164321981441747 -0.0732910109737028 -0.00991908216338759
-0.470575634023295 0.0592721894000975 -0.0342978744665152 -0.0716436383441998
-0.374208287553258 0.281446261039428 0.0052359688195753 -0.0399260774844484
-0.18990110414103 0.366647674952428 0.0227251364302506 -0.0603396186399044
-0.0200413533384609 0.370824428281799 0.00779067019105176 -0.0937876717155469
0.125795645904228 0.329482657756667 0.00366109515180624 -0.0865995883824563
0.149680155531354 0.275747725045384 0.00310327346361514 -0.0778460950699451
0.184736762702995 0.278587580915019 -0.00487713013442007 -0.0739207110305935
0.0996607780525671 0.353578962162115 0.0235662051955143 -0.0692723475400659
-0.0183845541466514 0.374315215279927 0.0576675849543 -0.0390638592904204
-0.194055235619566 0.403760196687761 0.0207592090184116 0.049380007092968
-0.383621848934977 0.264819946326864 -0.0909950750073496 0.053894187889249
-0.460777302203268 0.00328500476192065 -0.140859731865631 0.00474133863991334
-0.468958105285636 -0.160973513031714 -0.109796699782445 -0.0570712310237306
-0.407889848826977 -0.193722365550499 0.0343406904299587 0.0887652782610775
-0.455112513012669 -0.139485937532307 0.039561444921427 0.030854340501229
-0.493043763267999 0.0850124712126197 0.00346217578497366 -0.0624430315816328
-0.389436793335777 0.304216994115733 -0.00954485887673414 -0.0237208018758305
-0.202857149516543 0.385641609999521 -0.0181818912247008 0.0171256292910905
-0.0303151622621419 0.387583787594468 0.00310338461129776 0.027376845804821
0.121303195880691 0.342402183451751 0.0370400334982792 0.0454763431786749
0.143616583962358 0.285906828493564 0.0578782653134168 0.0467407772412707
0.174592064997747 0.283821788502677 0.0517758095283619 0.0415302547375521
0.0897714155653637 0.353290322079647 0.0682144155675322 0.0315793320517382
-0.0288106801356288 0.3665547687373 0.0783942886450364 0.0379941898236056
-0.191336054028441 0.382703686084958 0.0409947292374939 0.0812412516358047
-0.362251053508921 0.263022423159094 -0.0380291474822986 0.061312009766612
-0.449370220266464 0.0233761552815866 -0.0348818620360461 0.0080816821138312
-0.481933191166636 -0.133496855054764 0.0399124245465205 0.00959476201751185
-0.368461536126898 -0.140911249732417 0.168165567505131 0.183265805525829
-0.403627687063363 -0.0820687949625491 0.151680946849218 0.0775030177364196
-0.417579141539582 0.099042015861737 0.0460327244781268 -0.0336250192528597
-0.3181267527794 0.267167314866477 -0.0167731394018229 0.00735271762013852
-0.17075100179657 0.328991710491994 -0.0469475715475157 0.0981022642996806
-0.0281933947654071 0.334446472624556 0.00510095241170711 0.14741513784868
0.101128314541514 0.299234079457588 0.06844259553682 0.170206235701025
0.114627862060457 0.252930850293987 0.103614682202829 0.164711443476333
0.132665782643206 0.251820202730068 0.0963570956382757 0.148869960190389
0.0526786877151327 0.303953380100629 0.0944380716197565 0.124644317619116
-0.0545814342691686 0.298924253492537 0.07579931831838 0.107790307726958
-0.179388179067519 0.28670500947976 0.0422731113777915 0.101411231480305
-0.292977335216806 0.19549556995613 0.00383383665732925 0.0570999162414163
-0.365464275013686 0.0183115531962095 0.0589469694018212 0.00142395611926312
-0.415911592794028 -0.0973131235443318 0.177411756126588 0.0616241334988872
-0.267163833304705 -0.0631774668996557 0.276095981965273 0.256541316689976
-0.270466658738531 -0.0124923537936496 0.242541553487868 0.112687146963541
-0.258506421306249 0.0905683597000099 0.0870958328229779 0.00265975333604337
-0.187851615449668 0.172747526673926 -0.0106025199789543 0.0385102480546358
-0.112202519923279 0.208439626954603 -0.0551696445455351 0.159106539213879
-0.023161789122679 0.223238814884468 0.0161648022537835 0.239385474041427
0.0632728668922684 0.207770543553067 0.0955914964436541 0.267174463546065
0.0679404418487516 0.182761484219156 0.133361627465879 0.257750610646206
0.0723602265660381 0.185775007912824 0.11774857165009 0.237851668289792
0.00926372267045612 0.213001999871369 0.0889629793162592 0.201131110059074
-0.0717092361345906 0.191233753172516 0.0438009313382413 0.15898063133522
-0.140735932287411 0.153820326901389 0.0201776326954086 0.10601574833496
-0.184641436256171 0.103187450704002 0.0283656971999881 0.047808950472849
-0.233493344350147 0.0127048309386285 0.12610076408507 -0.00458822592570367
-0.293278141554839 -0.047584915072574 0.282497458562025 0.0997830533983137
-0.118477192909069 0.0190386776923161 0.340820519311903 0.296402146118433
-0.0894831983170115 0.0418658150349485 0.303324902962533 0.125037878397941
-0.0657057389392531 0.049679976800701 0.126384928046642 0.0276423456127967
-0.0464933058883947 0.0419929395363358 0.00659808330220586 0.053011587275529
-0.0505446441545516 0.0563948485046714 -0.0458431792078626 0.187524386650742
-0.0243620760155474 0.0795056698970885 0.0341581278906426 0.285225672918192
0.0108066828081686 0.0861765413759318 0.113312615918426 0.3172605929589
0.0116842483147399 0.0845006705427303 0.14305063762391 0.312044327879577
0.0101463052410815 0.0898810457851181 0.114266067465907 0.294387647549228
-0.0211489825858066 0.0949706288820167 0.0573185863236345 0.251606605350483
-0.0586391670455692 0.0686465520973818 -0.00860511693778073 0.184836010059319
-0.0636949732409786 0.0271589901926079 -0.0124149098028161 0.0931175195988925
-0.0528147707879183 0.0290669403809615 0.0415755454512078 0.0359113959486803
-0.0852247259502096 0.028079114903294 0.166802453547987 -0.00257151640198499
-0.141215553688786 0.0155057104655281 0.34238748359864 0.119813133834528
-0.0521763358359955 -0.0887559790865617 -0.351041939805039 -0.122753102622543
-0.070497683576863 -0.0712360452408229 -0.234273769874932 -0.00474101095543911
-0.0953169770222686 0.00769465250915442 -0.0540187954993045 -0.0198615003194257
-0.0512664594490302 0.0717614647831364 0.0330816216619415 -0.0452744985991207
0.00534473985833155 0.0629287819490319 0.0762763354764268 -0.167807726478389
0.0267314418259167 0.0487461419465652 -0.00339984686239616 -0.269802798631932
0.0421259735279759 0.0351840891429618 -0.0797871856699079 -0.309875005768276
0.0456947347480136 0.0302032702428569 -0.116751163323739 -0.322196653419886
0.050934353874743 0.041243958817852 -0.108225816044476 -0.315693517735492
0.0296302799152418 0.0670390184999246 -0.0528439225951426 -0.281007878215804
0.00592336378035675 0.0821775318035072 0.0137268768927077 -0.200724019792117
-0.0595371808915126 0.0943981957631185 -0.0189584177287432 -0.0718506752207893
-0.109684840996124 0.0192842097174408 -0.149263994037844 -0.0488884903286246
-0.0653736245683722 -0.0678212311154378 -0.278649487120046 -0.113999349531168
-0.0277377414146603 -0.0830764747202256 -0.333283451275723 -0.302575792477678
-0.18447538036943 -0.150519018555944 -0.302760333002084 -0.127864930619219
-0.2016768015481 -0.121052778729359 -0.213473426091025 -0.0301364178004209
-0.236735811968183 0.0195122916307106 -0.0640378431443219 -0.0400100676105362
-0.173523066423575 0.147313718308221 0.0318795037262179 -0.0401075281988498
-0.0675262356439129 0.179636568228773 0.0818850432741307 -0.149422674808137
0.012422954332474 0.176582263888094 0.01328038960913 -0.246692961596718
0.0797527409189722 0.157192907257861 -0.0515048870259085 -0.277638876095725
0.0913323537242493 0.138792689980145 -0.0872463671356122 -0.280363324642483
0.106022256094481 0.151933526851896 -0.0889825538342889 -0.268124140463279
0.04843886699895 0.20088837424068 -0.0398362387767521 -0.2390983904619
-0.0219335120566376 0.211585065255183 0.0222150778703266 -0.165823267792633
-0.143827108293226 0.221473850283553 -0.0190921683477194 -0.031256518036274
-0.252496476428077 0.102753389736043 -0.159514670779301 -0.0109267061838009
-0.243306628503628 -0.0743356581952415 -0.277852048926562 -0.0711364550073044
-0.207496142808083 -0.148126158060135 -0.311875841030288 -0.233246615796603
-0.296108053146224 -0.200531009527096 -0.217905565917808 -0.0880898230990091
-0.321170715661806 -0.162720433442091 -0.159140424454543 -0.0357817193143325
-0.368004240154664 0.0252546101943612 -0.0583248320244541 -0.0617752913560672
-0.293299543162066 0.212545614503014 0.0212937732326351 -0.0415376856745334
-0.143611641481196 0.28350456913022 0.0624652833000132 -0.115040750887024
-0.0111525307365727 0.288959815808909 0.0159086868753736 -0.186672581315036
0.10348908020123 0.262468692843328 -0.0222670549125837 -0.200123009712752
0.124199132024336 0.226301430841231 -0.0451063375157921 -0.193767081085087
0.150901530950296 0.234178676381447 -0.0515927579826877 -0.182082523311908
0.0744386736065432 0.300939180691369 -0.0129827063834229 -0.164604521277636
-0.027309409404862 0.31576135892659 0.0363132154084359 -0.109615258507059
-0.188809958466502 0.332802212380238 -0.00387621493892837 0.0122469057112487
-0.34755604363097 0.193693994323712 -0.13719653297516 0.026769444236103
-0.382255881447407 -0.0481466103972438 -0.229274655024125 -0.0269266220953442
-0.359962158097059 -0.176271991177375 -0.230826407958557 -0.146481756238603
-0.37078117329126 -0.221118876407996 -0.104030813208171 -0.0118518458446593
-0.411968860739165 -0.178413199235848 -0.0717774887105009 -0.0133287757852958
-0.463648376056164 0.045918474916985 -0.0340597270215498 -0.0730562764055929
-0.375537888726661 0.268307191265189 0.00536137938688675 -0.0405684721514386
-0.197125387720868 0.358886660677411 0.0234481766357999 -0.059900584451474
-0.0304660382174628 0.36566544568781 0.00842607943608023 -0.0909612433065289
0.113686197743954 0.327984939901133 0.00712258042172196 -0.0879238979974452
0.139385975857081 0.278376163374358 0.00572872399810947 -0.0793782556784809
0.172524154062865 0.27899911157679 -0.00135417626020219 -0.0731493542877489
0.0881536785575864 0.353596548576548 0.0266614587175992 -0.0698469990862187
-0.028483746664855 0.370801451751395 0.0579126540708613 -0.0386650081462543
-0.20352651322055 0.390922900823676 0.0200594846954792 0.052072145481242
-0.386890357517037 0.253030504660806 -0.0915769025118065 0.0511135394568153
-0.452799000424878 -0.0125082594038201 -0.14047133728415 0.00120987977763313
-0.452430709783307 -0.170379236279914 -0.104835668872399 -0.0620756658712805
-0.396540340050836 -0.204540226171249 0.0266622358179028 0.0865539022144702
-0.446016999568043 -0.153623703680451 0.0367056334295382 0.0304846751944364
-0.489760967755355 0.0705126088139457 0.00398001158178128 -0.0643259335713092
-0.389760326058942 0.29016195985905 -0.0100484724760331 -0.0251566810381704
-0.210085713213326 0.377482875368404 -0.0192220085604696 0.0151725221157423
-0.0392683438121716 0.383415525893346 0.00046923553491996 0.0278357150835067
0.10898722038583 0.341365459122665 0.0367112257776892 0.0430396644765687
0.133222695982021 0.286932532470817 0.0564765315206314 0.0467435836981376
0.161658007877833 0.284579558121944 0.0512468877507396 0.0422794176699308
0.0779560664997827 0.351604533517907 0.0673966797582346 0.0305184161326841
-0.0377913752217398 0.362315899367752 0.0751128232482154 0.037430633450771
-0.201073257446593 0.372619720963034 0.0396047174073756 0.0835443295828537
-0.363869762739102 0.250980864442074 -0.0394889051223671 0.0596951040814785
-0.442950617672103 0.0080090937198334 -0.0362270062509204 0.00821014734452666
-0.465479332776456 -0.145069071745799 0.0402239854506876 0.00937670981008216
-0.359884900523531 -0.152529732434852 0.155932721610236 0.186275413245575
-0.397988240800059 -0.0937964945656077 0.145901653407382 0.0795663251327572
-0.414378214720228 0.0892150465050782 0.0449853939870466 -0.0345544118793371
-0.319812355339133 0.256212917779786 -0.0176633887169097 0.00522093457906429
-0.176998489477784 0.322499352994618 -0.0502193319357843 0.0942116656182598
-0.0364086322345112 0.330709552893902 -0.00161899820215265 0.146735167658966
0.0901626445250208 0.298030957364693 0.0646288932712884 0.168419768863774
0.105781267596935 0.253770554320134 0.0995265761374363 0.165251400064195
0.122153525044676 0.251582800449065 0.0917563864935031 0.151241765461128
0.0432857778114721 0.301536225834418 0.0894107662246488 0.125035439495392
-0.0611168991395629 0.294293683591074 0.071158007635628 0.106540386675155
-0.185572885557985 0.277586658280617 0.0390441329122836 0.103236077620343
-0.29370904887457 0.186257208359322 0.0013377421989792 0.0561381406949826
-0.359831462534153 0.00746388566692995 0.0558796245936166 0.00379690904845872
-0.404173060954782 -0.105695423038979 0.174339801787335 0.0657100793198367
-0.26361557837694 -0.0721439248903393 0.260923044429554 0.263430602569592
-0.268616848363438 -0.020952371228534 0.233597934633792 0.118073526043358
-0.25768174888936 0.0842491165187058 0.085249560476149 0.00261610010156177
-0.189119634213409 0.16716613564065 -0.0123584387020748 0.0359254994154896
-0.115478245650945 0.204671552179897 -0.0600391172242048 0.155171157606397
-0.0287752629951849 0.221018291297079 0.00709817671886185 0.237127282168409
0.0557852598189922 0.206043331150092 0.0883746302359679 0.265411067406215
0.0622081438689924 0.182756435728481 0.126967525070222 0.259368826524542
0.06531304728457 0.184124062626439 0.110914756907487 0.239413387594495
0.00283452236309496 0.210679924373996 0.0821805533702486 0.201175431236393
-0.0748242447082564 0.187472231148953 0.0378698375334211 0.156934265133718
-0.14210094652001 0.147145322411345 0.0165510918329233 0.105968907275117
-0.183333896780631 0.0972505521697835 0.0258860605839118 0.0472688871744505
-0.229557814839039 0.0072237335538702 0.12339480256169 -0.000672566453188472
-0.284743926413245 -0.0540153117641959 0.276474719622588 0.107257435161741
-0.119642839094714 0.0138169488740783 0.324680651010747 0.306525013348528
-0.0912308284634548 0.0393864473748166 0.292930772507806 0.13328784226935
-0.0657523153744748 0.0494637934342143 0.123075751812922 0.0290802453154329
-0.0458437151787249 0.0414653494888501 0.00417758840110073 0.051384019931173
-0.0512092726264239 0.0550002454785239 -0.0515513530346352 0.184513017368714
-0.0258108756480403 0.0791219284348125 0.0232662854150832 0.283496242610015
0.00754019126969604 0.0846775744080491 0.103405102228395 0.316467690491285
0.00977716574954591 0.0839921650866239 0.134913789502204 0.313606386305082
0.00728125406832037 0.0880781892439856 0.105935766786231 0.295868584823749
-0.0232744382439747 0.0925237560411322 0.0489599402952394 0.250543839041201
-0.0588355721271048 0.0664432648753268 -0.0148425587967157 0.181345271399262
-0.0625988869199316 0.0249072369963751 -0.0147854609007744 0.091657873812425
-0.0509670372283051 0.02782957556193 0.040281401480529 0.0364348185398631
-0.0852785599591478 0.0267828758264657 0.163666330143301 0.00277386241756056
-0.139329868520404 0.0123722542569961 0.334685377139107 0.130550851357857
-0.049509837461005 -0.0914846626362212 -0.357218155480518 -0.138912793130353
-0.0705300899907876 -0.0775394462561923 -0.237805507465591 -0.0104040313723509
-0.0983825671325938 0.00432008621883043 -0.0559478684125836 -0.0208904314839345
-0.0544057845041705 0.0719619074945258 0.0342844377034101 -0.0452028799608328
0.00388835302734783 0.0646638198585549 0.0815990172582592 -0.172320626029731
0.0267634550790511 0.0500362516792871 0.00242569235825297 -0.277376633531954
0.0430152001315401 0.0371907973041204 -0.0756151923607045 -0.320117024998289
0.0459858811696096 0.0322331587424894 -0.115595192724753 -0.336122017448963
0.0509584968012329 0.0434167790592539 -0.104497957684739 -0.328529113209401
0.0292936469774815 0.0702701096221764 -0.0475865398630391 -0.290466440161376
0.00401434351295192 0.0842142529543495 0.0193161220593364 -0.205041579999739
-0.0638117077085478 0.0954087438313062 -0.017707408438842 -0.0728200982734521
-0.11378715587655 0.0180682885373727 -0.1521216349677 -0.0517807769256068
-0.0650216614189769 -0.0735067911292722 -0.282928902046173 -0.12252640738236
-0.025681876721687 -0.0862656588342567 -0.334553618434718 -0.320089024864521
-0.183690487371997 -0.158116615063309 -0.308873376698792 -0.14181279377466
-0.204100777175415 -0.131672066483377 -0.21589242819645 -0.0367690107517317
-0.24273196934235 0.0141222930124282 -0.066278465003696 -0.0420419244381722
-0.180430390208686 0.148112104192162 0.0327313272013658 -0.0403984948301142
-0.072849473540494 0.184395609285762 0.0868309432640858 -0.15341963550976
0.00992704360752218 0.181594126555531 0.01727942409635 -0.252802111601532
0.0790906421324699 0.163753073480544 -0.0467910998838244 -0.28766995629416
0.0908631231471092 0.145324259869092 -0.0861381449606094 -0.292735964248738
0.104882660304433 0.158397144581655 -0.0856268791818877 -0.279467942974137
0.0458868537197906 0.208658016645647 -0.0346984762670025 -0.248610527346762
-0.0271204066184041 0.217611540206868 0.026634713349876 -0.169730895440434
-0.153005708623088 0.224065549406627 -0.0181083106408366 -0.0301346209074623
-0.262059662099085 0.101206524685884 -0.163612056668657 -0.013332719599799
-0.247121024050014 -0.0843195399205577 -0.284208490082825 -0.0785402722059335
-0.207843771401079 -0.157387841079788 -0.313148718937651 -0.248827388833955
-0.297368461567324 -0.212376659566689 -0.224568477993919 -0.0982331695443861
-0.325574131515375 -0.177647785729541 -0.161425990643561 -0.0415007657502836
-0.377068005410827 0.0187453618987356 -0.0604232345830434 -0.0651799330557509
-0.303362413261476 0.213142356619506 0.021691133944377 -0.0427349289056775
-0.151942098971583 0.290390029272752 0.0658234535134833 -0.118514256837632
-0.015926162374778 0.29739391244202 0.018825955174213 -0.190655989016373
0.100462378809704 0.271707422101705 -0.0181659764934571 -0.208495516743906
0.123022956029902 0.236111861196499 -0.0430351150940204 -0.20235456505373
0.1486579272234 0.243410700975189 -0.048480435399379 -0.189585000928018
0.0705981131928782 0.31226626246536 -0.00886576329717741 -0.171865995781686
-0.0342006871219855 0.324379326270238 0.039734663929393 -0.113069937700067
-0.201492562719164 0.339297890581421 -0.00246508192922567 0.0148156582562994
-0.36281390868199 0.192660775891697 -0.141815659560512 0.0253999899891591
-0.390133601237148 -0.0587912502570894 -0.235023816331532 -0.0315404163440043
-0.36266780006989 -0.188462253950912 -0.23206785161608 -0.157877265155697
-0.373893338517944 -0.236167015299999 -0.110572923566747 -0.016487474261402
-0.420382714872252 -0.193364795150036 -0.072816285703717 -0.0171038473073353
-0.474940476305475 0.0383935590536206 -0.0358679128759599 -0.0778632468612259
-0.389157579878886 0.27000678637095 0.00527011501618728 -0.0427134828583983
-0.20699891614922 0.366200760909197 0.0249450811829925 -0.0625058368200794
-0.0363483454529031 0.376728217406252 0.00917052590690217 -0.0922705180672154
0.108774917206799 0.338670922098915 0.0104576044566013 -0.0926576045582861
0.137794365249893 0.289394492797895 0.00732154181808425 -0.0836773335927641
0.169259728178207 0.289729168468085 0.00146075133589951 -0.0756227662390223
0.0844540680773682 0.366356408097403 0.0296372835823514 -0.0734387179751526
-0.0364900106389967 0.382382115571268 0.06019587812889 -0.0400294882166464
-0.219139577427444 0.398687306104161 0.0217955337137221 0.0567773048952159
-0.399686763185672 0.252407181535563 -0.0956676942508747 0.0519872047297623
-0.462965875229834 -0.0227463340074082 -0.145447050082024 -0.00124249225784473
-0.45793938792059 -0.18519308163049 -0.104538249636624 -0.0677063195281989
-0.402766484815768 -0.220516587504985 0.0215920886934757 0.0890402258066911
-0.455956101730795 -0.168066517473205 0.0366904356723238 0.0303452396776096
-0.501004173388622 0.0639383898328505 0.00275333107361339 -0.0686055357701835
-0.40380676751925 0.291629181077268 -0.0106281487373942 -0.0271799609087571
-0.221604567571813 0.385408485914929 -0.0205568860753565 0.0138173756025458
-0.0462872509058955 0.395093632304328 -0.00238391169682289 0.0300251408135289
0.104009781146557 0.352084631700314 0.0380827038163718 0.0421668183633688
0.13126928193066 0.298531709674044 0.0581558953195907 0.0471897453440397
0.158244709909853 0.294475294232344 0.0538395510018458 0.0451790399427091
0.0735764151405842 0.363880099727555 0.0692501487475313 0.0311876527288496
-0.0464991815669558 0.372440705959766 0.0755575838270175 0.0385587096022194
-0.214073385385395 0.377023104732586 0.0401939561974951 0.0890774643886224
-0.378163081573711 0.251110652019818 -0.0426115643051238 0.0609100369912552
-0.451828368575514 -0.00233857084638634 -0.0398419330784265 0.00826591530625498
-0.470455495547282 -0.158626741130421 0.042176742510094 0.00910634275685994
-0.368001769596033 -0.165262521251244 0.152233955274051 0.195357063657794
-0.407923751367446 -0.106677189348387 0.146266367424394 0.0841849168332268
-0.426251165460489 0.0846444580745774 0.0450974725722745 -0.0372194586686517
-0.331543795658139 0.259780899643074 -0.0188630767551932 0.002646139652826
-0.185972379637221 0.330494302885876 -0.0542236628099577 0.0950398962581564
-0.0425977789438307 0.341167991559486 -0.00629410007673515 0.151772703742631
0.0852527674646061 0.307380214312659 0.0641747536002399 0.171375679214519
0.104449527958809 0.263652642909219 0.101019521789499 0.170314554494383
0.118267590661415 0.259838240644942 0.0930826116332854 0.158181407093059
0.0383045819926246 0.311462156271892 0.0901553708044351 0.128561208907806
-0.0682744459660257 0.302236214474615 0.0697071292046939 0.109356529854429
-0.195953042457976 0.281115365036255 0.0391248554156875 0.108693949688537
-0.302960871922697 0.185114609617677 -0.000524389709200828 0.0583705810178525
-0.368634070346768 0.000295734351606259 0.0557841025610618 0.00541911006003267
-0.409308721591421 -0.116505171152003 0.179007564386712 0.0709539502452121
-0.271103789284236 -0.0816300585526192 0.258814954580862 0.279391360120745
-0.277415820480309 -0.0271222740059388 0.235918901208829 0.12692740897093
-0.265687524495229 0.084391108692533 0.0857973247215021 0.00183364631369902
-0.196352364081936 0.16927135256073 -0.0136825194033266 0.034942743678226
-0.121721619013456 0.210068840274649 -0.0660101386764932 0.15859571582628
-0.0332750779389528 0.227974394227093 0.000707382413225083 0.245235537841001
0.0520422821634829 0.212058266370257 0.0860711240230671 0.272330339381811
0.0607152563092995 0.188965238631749 0.128205029026171 0.268298426360529
0.0619393009734744 0.190164569142904 0.110760413438887 0.249496506126203
-0.000723874621997727 0.216112112866947 0.0803144707886138 0.207753156589413
-0.0798212051562903 0.191751370157641 0.0346691160626262 0.160896442629752
-0.148344616526884 0.147672000584891 0.0153045791606704 0.110912910507785
-0.187728022997218 0.0968925612657831 0.0252458175306006 0.0494317920507283
-0.235112209854167 0.00320803520435267 0.124473129620119 0.00271071781369688
-0.289449390455714 -0.060926238443362 0.282584830765626 0.116208427814214
-0.125505536258862 0.0106897678962438 0.325512192239208 0.325427693626912
-0.0953608592409025 0.0392897680444957 0.295528566752688 0.144233040514116
-0.0683680520957026 0.0521649608119059 0.125181663877948 0.0298804033401518
-0.046572570280449 0.0428999279989624 0.00197744104970923 0.0515633264677006
-0.0529741576853823 0.0565447731811559 -0.0579343443064225 0.189143353936218
-0.0280418196388004 0.0817006881512314 0.016936858496625 0.292538907285308
0.00549182283509687 0.0868902219835945 0.101208531791866 0.327105269176067
0.00884880650830715 0.0863818217352701 0.134850369636832 0.325588758090048
0.00579181777865596 0.0898633528997693 0.103876709710391 0.307259325011188
-0.0249898491854815 0.0942994473832911 0.0456470940370528 0.259182945895887
-0.0607633346117204 0.0674065079168081 -0.0197474810131646 0.185406882226649
-0.0631094491181109 0.0236915560126181 -0.0172209161864091 0.0942732979228361
-0.0510141424577399 0.0281929446746131 0.0401489846283353 0.0380797157943561
-0.0879057637689285 0.027667308330981 0.166163244075539 0.00640287801395136
-0.142980847096694 0.0105048506896223 0.341975003111773 0.142060514598483
-0.0508928317906265 -0.0946187089759878 -0.379505112656824 -0.14430960577356
-0.0751912661586101 -0.0836144925745222 -0.247151753775378 -0.00807665529053144
-0.104360220089767 0.00515743917070986 -0.0598469152023081 -0.0198454758973916
-0.0568379992974899 0.0764163243523399 0.0345033544438033 -0.047220610139317
0.00466708328027957 0.0689710498512705 0.0822989847146463 -0.183646962239692
0.0292672828350399 0.0512282197476194 -0.00251743820516679 -0.29167132743596
0.0460346233503565 0.038703706808468 -0.0857347896728208 -0.335888829026925
0.0487795375220272 0.0333811264548706 -0.131208333847626 -0.352819861127549
0.0537696765640402 0.0450942431642427 -0.116424644212135 -0.344819960873627
0.0318816228668115 0.07482249552425 -0.0529854226473072 -0.305832219900703
0.0055129751619304 0.088519592846155 0.0185529038695361 -0.215491778833415
-0.0666241220585133 0.101351904709295 -0.0185161764442508 -0.0749310523273575
-0.120959800387126 0.0207269867161527 -0.159827938791518 -0.0498459387229124
-0.0691728508612494 -0.0787234695654395 -0.297806734721393 -0.124216428610671
-0.0279312090755829 -0.0913550433355494 -0.35463786012816 -0.333539424320717
-0.193233197049403 -0.163574639751538 -0.329050249927733 -0.14694524016109
-0.216200830938127 -0.138211864919964 -0.224912258802601 -0.0365865791099179
-0.254686205847969 0.0184196171272566 -0.071259447410193 -0.042373160563139
-0.187424772921531 0.158755223052302 0.0330709693276831 -0.0422570619611647
-0.0725907727342479 0.196496346080828 0.0878283719286286 -0.164785882916007
0.0146375472739841 0.190446964113321 0.0139966816989461 -0.265000658898817
0.0861283874046554 0.17060392978095 -0.0543919078209303 -0.303499884815189
0.0980082782501803 0.152151874008103 -0.0981768699594151 -0.308020027023458
0.111711127112057 0.165020336213315 -0.0942695548638487 -0.293980447993886
0.0523081333998439 0.220370161666092 -0.0393771848612761 -0.262458743222633
-0.0244637276244057 0.23002338646044 0.0261323720439157 -0.179527942945258
-0.158586140023512 0.238870998963338 -0.0180814148924469 -0.0288615238461816
-0.274538641274728 0.11240596775817 -0.172358804926512 -0.00965444525304039
-0.260280486356666 -0.08713281227967 -0.299464698401614 -0.0770000033830899
-0.21966637361128 -0.162419316749053 -0.331578907470308 -0.258612918514688
-0.313643621790149 -0.219244324859371 -0.241233418074004 -0.102882971115413
-0.344773094827887 -0.183290997591316 -0.168618918449469 -0.0426188637908676
-0.394043975483489 0.0257981489139225 -0.0665228651269772 -0.067926997632537
-0.313298516844403 0.229386386985157 0.0207701996974899 -0.0449562503639841
-0.152956313416655 0.309904213371085 0.0668699266971146 -0.127653719595957
-0.010298571571247 0.312952339399904 0.0155306760076984 -0.199400153568399
0.109936867515641 0.283875922576163 -0.0226880398614444 -0.221816896291257
0.134255028862722 0.246739066524706 -0.0510635588253617 -0.21464069579924
0.159078301517665 0.253751272815888 -0.0533064322433429 -0.199955706143548
0.0806929597560768 0.32986579606879 -0.0114964612518383 -0.18287184018506
-0.0292335431110999 0.34255535987418 0.0401376820612739 -0.120371419368386
-0.208249498051702 0.359550070143323 -0.000470629024083498 0.0190391022114971
-0.377321638812986 0.210347340448111 -0.149523038927367 0.0304634262057279
-0.411332895367726 -0.0593943020732572 -0.248483531012696 -0.0270003466660605
-0.38222854143957 -0.192394885672567 -0.244852973592064 -0.16426734969329
-0.395797069691757 -0.242925784647668 -0.120028082544199 -0.0171972344471208
-0.445903364084749 -0.198306641812344 -0.076458808819817 -0.0187491242880701
-0.49662990701766 0.0483375068533017 -0.0410543140045172 -0.082325886424745
-0.402810640045666 0.289709615954107 0.00382991264191409 -0.0454304561665181
-0.209987167283776 0.391071501471188 0.0245745009123742 -0.0680676206209431
-0.0312462143516389 0.396953636726329 0.0072282322297676 -0.0958256961437526
0.11996728741201 0.354068059490514 0.010390725994883 -0.100953094017528
0.150951018027637 0.302593868425355 0.00575532224800462 -0.0900348291788633
0.180137192607901 0.302042365088458 0.00210435842449952 -0.0807602763699366
0.0957450255857523 0.384970580218727 0.0305969568027207 -0.0803078094727995
-0.0307160570856209 0.401843356805555 0.0620622616708585 -0.0448519504332927
-0.224834722340476 0.423298930248235 0.0266795316427003 0.0623245985155099
-0.415217814939114 0.274711715993805 -0.10039374915025 0.057673348096232
-0.486026439946234 -0.018749778835363 -0.154458702436725 0.002190288365037
-0.480413414010973 -0.186459134372564 -0.109482848746903 -0.0710433894090245
-0.425950698484855 -0.227063493606006 0.020274291058129 0.0934400100252427
-0.483132387211399 -0.170829025155998 0.0389966865801953 0.0298354463410668
-0.522402652580244 0.0774639656680659 -0.000748639192761993 -0.0744384271342744
-0.416477407579228 0.315261553013508 -0.012799490862314 -0.0303854312800255
-0.224207150548657 0.412415493582641 -0.0217685760215804 0.0131979653668979
-0.0401419250783879 0.41638663997717 -0.00295642712821055 0.0331415741937644
0.114391690491223 0.368905911228562 0.0418550185452282 0.0402389710508697
0.143103678278748 0.312052980138048 0.0631358563754638 0.046739382652043
0.16906426995105 0.306673655487934 0.059213599562152 0.0464226859504285
0.0841822262854936 0.382416972785937 0.0738213804663486 0.0299780141018672
-0.0406773414061143 0.392175083401125 0.0789641794342675 0.0373286090752924
-0.219356030052178 0.400463967407806 0.0462939319959595 0.0956671435390528
-0.391072268086008 0.270967455565809 -0.0445403946408711 0.0663972972219916
-0.474277336267764 0.00388517568299372 -0.0430062447547618 0.0111000715843115
-0.494318535434791 -0.157600375657478 0.0462866943880066 0.00817236315692181
-0.389641074482899 -0.170016026785092 0.159620817870199 0.204110073944391
-0.431753609702905 -0.105508051195853 0.154202449365922 0.0863781552621964
-0.44348917328796 0.0997978642858015 0.0438263235191305 -0.0424324677657483
-0.341501901586638 0.280123515131665 -0.0212986842801296 0.00109581953755145
-0.188404977132605 0.353063606380398 -0.0561342296209637 0.100044794471939
-0.0376659623572814 0.360850900541709 -0.00541643882224243 0.160935723945783
0.0938092530110608 0.321834802036052 0.0718378847493072 0.176397788530086
0.11496553837878 0.275215394662444 0.110535656457456 0.175814177424508
0.127001122964979 0.271341454650857 0.103068808195532 0.165054242064951
0.0462515257641051 0.327025105856937 0.0969946245475223 0.132580519903306
-0.0654968704219705 0.31944895675713 0.0741848334392563 0.11229951063335
-0.201883968634582 0.298972157603744 0.0446919432269381 0.116037082678118
-0.312526169630913 0.201620443514394 -0.000155808315780636 0.0624264755809219
-0.383912345602559 0.00589839869287583 0.0564212547848115 0.0053479902251
-0.427457355944214 -0.115291921282552 0.190465526832218 0.0712859395610287
-0.288638420370008 -0.081663827830302 0.274849534276647 0.29179140941411
-0.293443955040281 -0.023985154128299 0.24814129695633 0.129781388284851
-0.276321792543231 0.0958798812046451 0.0875297538089498 -0.00192263635241601
-0.201733102126564 0.182740456235568 -0.0150722177713782 0.0349264559584146
-0.122578065558789 0.22424600907206 -0.0670499673492975 0.167069168590625
-0.0294313348938219 0.241513794878229 0.00314458136799231 0.259029465301396
0.0572032964985566 0.222884910058705 0.0961182281560861 0.283685795463215
0.0682122041284668 0.197729088076555 0.142293833154383 0.278788681766538
0.0680344734145084 0.198006942731876 0.12305560302555 0.261371045430526
0.00285469734034796 0.227608619733523 0.0884485214129025 0.216984848018851
-0.0798608019730959 0.203420139418501 0.0380802369494061 0.167544386666165
-0.152879934261444 0.157461173204481 0.0192105302733708 0.117680589287366
-0.193626683558952 0.105800490511267 0.0265766663557514 0.0516072669345105
-0.245075109594816 0.00798154066548171 0.128793338841858 0.00106288419589141
-0.303059001399506 -0.0582686109077061 0.299907802106015 0.118857110569263
-0.134776061772593 0.0130529544519245 0.346186896349109 0.341175466961571
-0.100799222318525 0.0439382691050676 0.311525141603413 0.147756449746885
-0.0698393447162488 0.0581238593125012 0.130467571244928 0.0269328037169988
-0.0470916209992656 0.0465847459269946 0.00252954681787408 0.0523949511403429
-0.0544436358062614 0.0613769213198671 -0.0578009710703075 0.200357455641721
-0.0270632405691416 0.0878410894788895 0.0211137078447226 0.307998102135246
0.00688035021732908 0.0910082623482185 0.112292288375883 0.342131901309179
0.011309876427801 0.0899457807952593 0.150341484604542 0.34018511718257
0.00733845702702507 0.0937691372216727 0.116507047491305 0.323325888327189
-0.0246141229506164 0.0992939309098074 0.0527505798775576 0.27230089582142
-0.0616353128835998 0.0717967575900681 -0.0190258868824093 0.195251482499186
-0.0651417100708858 0.0255691558539867 -0.0162781486609005 0.0996128372193398
-0.0513541870159803 0.0308859458925685 0.0434077401318931 0.0389909827068681
-0.091266589271459 0.0322519153374369 0.172637743860905 0.00488562801685894
-0.148902086516079 0.0144747993760355 0.363587143230891 0.14461220735378
-0.0402288411768135 -0.101124732300382 -0.361529194062731 -0.217261351425801
-0.0624945669070408 -0.0956526368904862 -0.251010298612712 -0.0525247589832631
-0.107010185107648 -0.0143163187158759 -0.0650139940162088 -0.0289944741013535
-0.0702516132808364 0.0661214583042524 0.0366054186079431 -0.0390240442229439
-0.010661763750688 0.0683343539433454 0.113321946029357 -0.175074768429192
0.0182644074966212 0.0552366169670014 0.0439114846433106 -0.301754124773547
0.0398023878291541 0.0455603707662553 -0.0364949501507615 -0.3623983740878
0.0407395853317672 0.0425991815607322 -0.0808073826601448 -0.388817916533869
0.0468179533664573 0.0567011214950381 -0.0685407848329535 -0.379760811788384
0.0187913556303045 0.0818246013038705 -0.00787034562818368 -0.326930376012721
-0.0126511395325049 0.0909742765189132 0.053887320333558 -0.22144182558707
-0.0878842029015521 0.0928571824054562 -0.00383330952766345 -0.0856424310833607
-0.131190653844522 -0.00544528710155649 -0.153789248912862 -0.0752202179511698
-0.0592376292735301 -0.101589759155248 -0.279030097626782 -0.170066488872811
-0.0153863472770769 -0.105777697729577 -0.303071549485374 -0.404328204248108
-0.169867038380879 -0.197187755634918 -0.316252007518977 -0.215872292974037
-0.195495891298686 -0.174944173846322 -0.22948340675591 -0.0805682585399816
-0.259020374401678 -0.027997568840627 -0.0831300887760603 -0.0536708283056944
-0.213697328804976 0.127828751553598 0.0240262621593093 -0.0325658190085625
-0.110824129448297 0.184758567613257 0.113283271319013 -0.146700341705431
-0.0217042332321443 0.195203902444789 0.0553875260092817 -0.268261910656044
0.057197838589694 0.186907600467072 -0.0104370382283167 -0.320569240031044
0.0679394285595636 0.174387851311895 -0.053431376966052 -0.336845197814139
0.0830977742725894 0.189881561372239 -0.0556726411465952 -0.32422466481151
0.0133539379350319 0.235837099852831 -0.0039515428572549 -0.283256407581334
-0.0725735400364901 0.232294041079029 0.0568757623329715 -0.190070338253437
-0.207961347225154 0.2201159717393 -0.00752886646691715 -0.0470721226443923
-0.308305140246815 0.058249459830742 -0.168946708042423 -0.0367347193050662
-0.255614695624672 -0.147194394045932 -0.282015254907348 -0.121487317364947
-0.202840607741947 -0.219317398284307 -0.286302206387275 -0.315690385066535
-0.27962352262109 -0.275677064361852 -0.240143310353413 -0.158393555482714
-0.316328157515798 -0.243551318889355 -0.174652849669733 -0.0801545219661342
-0.399425495985576 -0.04396070287822 -0.0833444180327274 -0.0796024281451839
-0.351421733314164 0.178802053215442 0.00272397474604761 -0.0362958959227776
-0.210947803289428 0.286323268619879 0.0823462408873087 -0.105067937108812
-0.0676139778846049 0.317257303603612 0.0460211032309473 -0.195590571214032
0.0629159267924486 0.306393539193627 0.00814816881906004 -0.227991395938484
0.0867786737916635 0.279661625474991 -0.0193649962998049 -0.231842161642582
0.114168730816344 0.289058267510358 -0.0289361145970155 -0.219940731198489
0.0229020116508552 0.353777795034387 0.0105005153579303 -0.197922649710591
-0.100294849066014 0.348591359572768 0.0622483326891008 -0.131275459040059
-0.280374193046604 0.336819907170383 0.00343830713703367 -0.00228401269736612
-0.433802236875204 0.138856232605513 -0.148570950587506 0.0073417583547543
-0.415587401304583 -0.14381228604655 -0.23096058929089 -0.0640337096263614
-0.366140796106118 -0.283817511783187 -0.206678036444173 -0.196175655922832
-0.356608078617157 -0.31587025703915 -0.135421057175849 -0.051884965960507
-0.413808927073012 -0.275648795919345 -0.0882421994149696 -0.0400326623816129
-0.505965003286119 -0.0393360769276929 -0.0617598543856754 -0.0908383199505678
-0.447834405855319 0.22488173729123 -0.0218751764023671 -0.0386624469715651
-0.280153816111723 0.360590378021741 0.027798395880641 -0.0450798963813685
-0.102142871465349 0.400522682027219 0.0192683298201884 -0.0874486891251638
0.0614166878343098 0.38071985915375 0.0215044269024697 -0.0950783749700453
0.0927436920201126 0.340597075735816 0.0200714209430227 -0.0939118452809586
0.127428088851614 0.342458135029687 0.00906671177271664 -0.0872025658635018
0.0287323195700023 0.415031292681043 0.0366292738512086 -0.0860305701619406
-0.113498405382362 0.410893421272306 0.0728934267940781 -0.0521893130912734
-0.308897740839017 0.400767139818603 0.0240654050595622 0.0423552071131857
-0.486113275856403 0.199301697132112 -0.101097227119604 0.0404504842627612
-0.50002488009789 -0.116932283749092 -0.138056103481491 -0.0188011209384068
-0.469904965484485 -0.295858516315359 -0.0794744298909849 -0.0736861038539543
-0.386443762578205 -0.306458782346493 -0.0135847551619661 0.0849929623816709
-0.455711735809335 -0.256221602403536 0.0203812579337596 0.0296554078175792
-0.53795312480981 -0.0156209945653181 -0.0232362156613132 -0.074431807387095
-0.467541380378623 0.248724611251411 -0.0427640615281625 -0.0258325761434487
-0.295518297032263 0.380221235902979 -0.0337995861318856 0.0328842321829036
-0.113811510359821 0.422018776127676 -0.0119107047205962 0.0448880778814199
0.0536299478653569 0.394157963059691 0.0320992144894873 0.057472191306813
0.0855769858765594 0.348880631612634 0.0568891355130286 0.0576262420902526
0.115240229663072 0.345750068657979 0.0502668290111765 0.0541286437863389
0.0176997361549605 0.41003318899119 0.0639183517042888 0.0349231676249285
-0.121968615187652 0.399612858524518 0.0776396221701253 0.0354099190842815
-0.298737938494834 0.377359845496839 0.038729065880052 0.0817457516210736
-0.458339129655727 0.19958093473597 -0.0455900190691217 0.0581377864602009
-0.490244718608109 -0.0884593262055025 -0.0268222460028715 0.00636927204517531
-0.489222168009278 -0.265639837737458 0.0682843555716714 0.03578194624651
-0.357849207417966 -0.242704962774582 0.110842512900675 0.225415236367015
-0.415775828288591 -0.182208864261899 0.130988410888507 0.108068918063027
-0.463907222154117 0.0203901450766918 0.0221627416004652 -0.0336350542542867
-0.38531827916193 0.22656394884373 -0.0511243831224517 0.00430142830216176
-0.249590023992199 0.32695548832629 -0.0814362687972083 0.113688566830689
-0.0998461314365527 0.365645462071495 -0.0350686687182502 0.175980261110889
0.0409726806019784 0.344453207081953 0.0407499961941144 0.203456071812453
0.0639419808051924 0.306287041018846 0.0865082538341358 0.199487366382205
0.0785215674375326 0.301484869011811 0.0788014078191964 0.18541151647838
-0.011526904677102 0.347286977372108 0.0739681373111305 0.146351729284494
-0.133325057988987 0.319422536984591 0.0610120065504013 0.114752267414913
-0.262220413170021 0.276246264155301 0.0346154530574387 0.107829343288182
-0.362149812959182 0.143057872487078 -0.00198435579508429 0.0615892785220066
-0.39621544205612 -0.0671698831946159 0.0717224422697941 0.0170673371859621
-0.425433818665335 -0.207136323523159 0.203404866545344 0.123662560078448
-0.270035847904606 -0.136491570098411 0.217290371123518 0.339162357246877
-0.289549676243424 -0.0770150962230563 0.223659493534909 0.172507871532878
-0.294730167208503 0.0475439904827389 0.071439686847619 0.0152429873074614
-0.229132365970635 0.152002322748123 -0.0399826494643262 0.0376822190481279
-0.159765717884356 0.208671982571041 -0.100771634560294 0.175582512398346
-0.0699975507959899 0.246235049081749 -0.0407243013362737 0.275982171844465
0.0202051278592673 0.238153382509537 0.0508892150604718 0.316494580804074
0.0321865531473265 0.217122364092324 0.102895149602028 0.312696273072762
0.031816797659228 0.215671340096417 0.0855571715556899 0.290075529368434
-0.0375764946627102 0.236666455731654 0.0545149364048918 0.234302461347743
-0.123547754330681 0.196151798914611 0.0151716219832408 0.171264660488941
-0.186330808637065 0.13790782255609 0.00741812987286733 0.113441691234163
-0.218910482314269 0.0698113037721477 0.0242015406842686 0.0560189273136692
-0.252212522716432 -0.0367739703048272 0.139830409362126 0.0229981541224593
-0.304206880822398 -0.121076927324148 0.303086588227172 0.187429532750481
-0.130687605389381 -0.0127373495553683 0.286700640297827 0.40492833046345
-0.105860830681332 0.0240202595912817 0.292594949921539 0.204452633396361
-0.0789123090002831 0.0466648726070117 0.123336137692516 0.0496566896972486
-0.0516921992599166 0.0397180890300182 -0.0117065648279014 0.0545782426318727
-0.0618570845839278 0.054726859608289 -0.0945780900039556 0.201770854973819
-0.0400277727485906 0.0882009545267807 -0.0290254822077242 0.325651294612591
-0.00837133075413584 0.0953417030189023 0.0594592567942374 0.377436797308526
-0.00404227239287586 0.095596423156535 0.102240609943453 0.378370319762079
-0.0103049219917613 0.0966105712488053 0.0717943252705371 0.354978269091162
-0.0428173355639844 0.0986689830637103 0.0110798854258022 0.289032624962015
-0.0780719100824864 0.0635589002667563 -0.0478669357864925 0.195572757090479
-0.0715431344611962 0.0158481460158934 -0.0290088873802785 0.0975646357291842
-0.0571127715680175 0.0224860508614092 0.0394731990478521 0.0460089587134977
-0.0971899368952896 0.0199420978277127 0.177976573653896 0.0320294771847046
-0.156313634202517 -0.0131555235549252 0.358028774084552 0.219678783743275
-0.0454582765159554 -0.0977762173681927 -0.380779189668685 -0.191909567373306
-0.0704590634458317 -0.0928726235445152 -0.253110952309094 -0.0354361297728048
-0.108705717520143 -0.0067051342119479 -0.0672734414114541 -0.0229603800328308
-0.0658794397102732 0.0716149664654362 0.0333635673047673 -0.0412590445430179
-0.00506918539455938 0.0691871199598506 0.0971714986248507 -0.185028495154436
0.0227983681910088 0.0526418658340019 0.018686313160047 -0.305157676351858
0.0440944636708806 0.0421028236512275 -0.0660425740929014 -0.360200179052322
0.0443940464725105 0.0394254534328801 -0.115132863799172 -0.381852941658285
0.0507511999285689 0.0529301033869815 -0.0997217350298248 -0.375403981937371
0.0254761077280683 0.0812876605519004 -0.0332499516769732 -0.327565842722374
-0.00579544649913464 0.0919071099913327 0.0378058739898967 -0.225562025125717
-0.081603335905102 0.0995168661747553 -0.00947767349579233 -0.0835294906597663
-0.132063992139318 0.00546646398690915 -0.159447254470971 -0.0603898453053697
-0.0681992375192261 -0.099421159064484 -0.289477239550953 -0.147401979101584
-0.023682347482877 -0.10529246419058 -0.334005408297061 -0.382459882848963
-0.182490880675694 -0.183503711926095 -0.33556168019022 -0.19334688650037
-0.209109448793119 -0.161383557943826 -0.23268919121733 -0.0651201282459035
-0.260486069637401 -0.00684032729002579 -0.0883882848756008 -0.047263728010414
-0.202753610625293 0.14536093900582 0.0203840745287295 -0.0340719162219443
-0.0944887982037585 0.194575803498537 0.0995189755048694 -0.157198254209945
-0.00472508275141122 0.195979847130744 0.0334627609370175 -0.272664967633775
0.0724175341753858 0.182034799917407 -0.0367466161531506 -0.321748156701341
0.0824706329080121 0.169244976734287 -0.0835362469231129 -0.332482967216722
0.0978661676153181 0.183635852148186 -0.0825429907341433 -0.32076286528791
0.0332783639858247 0.236235452950666 -0.0262418321706639 -0.284791473882572
-0.0540359844080842 0.238160442996465 0.0426620123414621 -0.194579912361043
-0.191583255235683 0.237250056074121 -0.00916541679509958 -0.0442625237967036
-0.303540380723115 0.083916931168867 -0.171626642801594 -0.0210037728954026
-0.267182163007527 -0.128781612172907 -0.289644523929785 -0.0979971616381375
-0.21889066117405 -0.20334689408524 -0.309109990734442 -0.294032468369723
-0.299108585683585 -0.253947751807627 -0.255055545988053 -0.140250163387078
-0.335570124519269 -0.219468109988066 -0.179335496326143 -0.0681507529584177
-0.400934854954892 -0.0108282040691385 -0.0912736482342996 -0.0731955201234465
-0.334500335718987 0.205918961718511 -0.00103327767499603 -0.0364836229452731
-0.185156671651051 0.304551888319158 0.0729658785058722 -0.113927707450265
-0.0402541394984799 0.322774025642018 0.0297354949330875 -0.199010012749812
0.0875868744662879 0.300729519020396 -0.0107567247185614 -0.231354206618786
0.109834183458334 0.27251610018715 -0.0402521810840174 -0.231705552558717
0.136422433988419 0.280175332526669 -0.0468816985276518 -0.219292668176883
0.052586327210518 0.35329057707571 -0.00557540901976512 -0.200717261955962
-0.0723559894864363 0.357698376860575 0.0521263386947239 -0.137285906602606
-0.253858861769041 0.360712062640039 0.00645239195310963 -0.000382146464521961
-0.421130344066342 0.176014350766039 -0.148095589342448 0.0204989221375396
-0.425738079011553 -0.114131704553252 -0.236107778328922 -0.0435709071069646
-0.387023863637366 -0.253130110511716 -0.22010838710099 -0.181195637463826
-0.378449325463754 -0.289003976944962 -0.142803351685888 -0.0418485259285594
-0.435446477819269 -0.244204129872079 -0.0905745876093781 -0.0357866661073009
-0.506736825084063 0.000888478738969722 -0.0713577136806419 -0.0861870511325088
-0.427899323857949 0.260100390221376 -0.0263697328427345 -0.0378472069757821
-0.247271680376861 0.383735501021351 0.0228470215201318 -0.0500837913145216
-0.0676771388859126 0.409349748918258 0.0119293039482425 -0.0884474767248786
0.0914199946835434 0.375455404477048 0.0136103092910575 -0.100626001787549
0.121204181584353 0.332377631453854 0.0106598159429508 -0.0969998498274635
0.153854492871171 0.332508156256105 0.00343092907660072 -0.0897551317757194
0.0631344979982301 0.412978790451599 0.0292485917656715 -0.0909680362107121
-0.0800471964303901 0.419991140555439 0.0681479588152824 -0.0596897653934878
-0.276862409122827 0.426317903127765 0.0309777288502479 0.0432585179455993
-0.467072799609103 0.238738031786614 -0.0983097707562981 0.0506135118942611
-0.506772255671164 -0.079252650654233 -0.140220562292661 -0.00550734486348005
-0.490129554617165 -0.256728051086221 -0.083385182787986 -0.0683301397735794
-0.408667375075944 -0.275875430191035 -0.00955424254742996 0.0865525140796901
-0.476117383934883 -0.221643959591161 0.0221874008407602 0.0258862227136151
-0.53678863708851 0.029488129463803 -0.032131589023421 -0.0735094946571379
-0.44407582257459 0.2847552978028 -0.0467949429074577 -0.0238091563895499
-0.262421186309631 0.40577322340507 -0.0321923080976044 0.0325294550626281
-0.0781155312146515 0.430688933858493 -0.00923130873529687 0.0462546364838893
0.0845700165744704 0.390557996920099 0.0361402372061722 0.0511598302531342
0.114351848275886 0.342184332231353 0.0612436640735601 0.0509894609210455
0.141432015316621 0.336074864948851 0.055750986739174 0.0492324768384068
0.0510794441354042 0.409853978064927 0.0665722344377899 0.0282071317001839
-0.0899887189474465 0.409756875336431 0.0793370837020828 0.0278923125414865
-0.26991212641547 0.403360801959644 0.0490162987818789 0.0807106335462339
-0.438332803489188 0.236656553915016 -0.0416368226057183 0.0639298566309628
-0.494470691440455 -0.0509068521854328 -0.0279439947399259 0.0107226657937333
-0.506312997530787 -0.224956258226585 0.0729801024988881 0.0299165181124618
-0.377240450207724 -0.214962899021765 0.126091263675299 0.217791713881969
-0.430742065295913 -0.147569264717989 0.138089760388415 0.0971204188342746
-0.459823231579831 0.0589544137587541 0.0163250920136998 -0.037465768465384
-0.364089734728373 0.257822868208233 -0.0526263349316485 0.00641660348636104
-0.221021331745426 0.348883449415082 -0.0729291247758332 0.118080472112332
-0.0686728452419682 0.374558864510308 -0.0215886069104913 0.179783046674883
0.0676772434910224 0.342198567169196 0.057643071828883 0.196939435051876
0.0886688264229301 0.300566362811471 0.103043052273473 0.190434272465507
0.101179309570471 0.294859446523966 0.0955226892101054 0.17829881800958
0.0168570982983496 0.348059233993096 0.0852997718542299 0.139752180426289
-0.106482287048043 0.330656206980404 0.069249076348569 0.108729982159746
-0.239695550054865 0.297832719739017 0.0458534613672275 0.106810409188361
-0.347163832133358 0.173097696552591 0.00269743113201865 0.063268870400883
-0.399220703194286 -0.0374304321710304 0.070119734450432 0.0129288592255349
-0.437985680042309 -0.171506840703122 0.214754553927451 0.107905658610319
-0.282759626821161 -0.114852217356225 0.241925405584722 0.323920914559621
-0.296204132652143 -0.0532742740525023 0.236012869217135 0.15547209678748
-0.287907360013576 0.07351977016914 0.0694181980074381 0.00819117386226925
-0.214202504077278 0.170756600953635 -0.0381755727219809 0.0386528319363005
-0.141390660733265 0.222281918911217 -0.0876968554658917 0.181671110092786
-0.047919170535257 0.252685519176317 -0.0191378453078251 0.280787898823331
0.0391526760318367 0.236494776241266 0.0768232961006827 0.310946727557243
0.0498388091486744 0.2139615689504 0.128437788658192 0.302406311845439
0.0483689175020329 0.212813493081113 0.111776018827296 0.282466512177312
-0.018118780187461 0.238931495612827 0.0725187345752053 0.230145389816233
-0.10699542218075 0.206193931255447 0.0282047826184347 0.169302007033844
-0.174720535056038 0.152378355795647 0.0181261366060903 0.114347295366156
-0.210666577699177 0.0876988409021765 0.0285188194560001 0.0546970706961014
-0.252422856337754 -0.0164181067140238 0.13830962676403 0.0135601549282084
-0.311122109778197 -0.0956587936076818 0.319338189899421 0.16368259368372
-0.134400432284147 -0.00164132613080721 0.318776879534839 0.384865665025348
-0.104619243599362 0.0338582494711744 0.306621811861563 0.182359508405454
-0.0731779804900278 0.0551271691348198 0.124151544127085 0.0384508638525591
-0.0470928305469583 0.043986992301596 -0.00856641230736332 0.0533640534150199
-0.0566510939176735 0.0603124701462841 -0.0786111253378938 0.209129499934121
-0.031527114721174 0.0924231080687574 -0.00369766913862591 0.329835787433221
-0.000903622228324063 0.0966804675330072 0.0910219797773842 0.371938112797089
0.00373244099493629 0.0949410787284862 0.134194917959845 0.368785149761096
-0.0028175760492773 0.0974135065837577 0.102648483517515 0.348930175089675
-0.0340983615886351 0.101842349452116 0.0354690312848027 0.288699127212128
-0.0718696038016731 0.0695065379939553 -0.0329048914467295 0.199885326571942
-0.0690060496603664 0.0210951146973884 -0.019831757077066 0.100778106029356
-0.0529908563168478 0.0274873532497479 0.0437196233384994 0.0428654418135826
-0.0941632612572072 0.0294437928177847 0.177222997603077 0.0189104797624233
-0.156537337792448 -8.54909025487273E-05 0.376768554560205 0.19146748262407
-0.0474300022966537 -0.0921501421422436 -0.381135334768343 -0.164514831174841
-0.0740151607379857 -0.0876393613386644 -0.244551039872803 -0.0222618620615464
-0.106338048612358 -0.00119867876753045 -0.0660829926085591 -0.0182006702272321
-0.0598996728889867 0.0737101194029947 0.028890455432044 -0.0406350951199447
-0.000622004764738182 0.0677402077233014 0.0799135781338877 -0.183905678398595
0.0251890061201624 0.0479935921531963 -0.00135876407601655 -0.296164499805101
0.0454357153456299 0.0370879539908621 -0.0860030643581932 -0.344151051965183
0.0451896556811618 0.0355918037563631 -0.135834324979839 -0.361498303870519
0.0521272386910222 0.0485245042524732 -0.119638160781709 -0.356311085957515
0.0294403308793372 0.0776734501926586 -0.0506825251974814 -0.315338779733171
-0.000868442279173374 0.0889020929676419 0.0245782423885024 -0.219970859638406
-0.0735470101564951 0.102255627508133 -0.0125883647497665 -0.0790122812364922
-0.127766333768309 0.0133452300831518 -0.15654059882137 -0.0468514909336378
-0.0725872897059189 -0.0944262728080669 -0.285971170037961 -0.124497558149845
-0.0284804425477241 -0.100396557636589 -0.342949769169229 -0.349881424064491
-0.184586574698731 -0.167174480630652 -0.337809718259711 -0.168331355246479
-0.210960346901606 -0.144443269606276 -0.227187777022585 -0.0523683414238714
-0.250684663842749 0.00828767101143827 -0.0886601411101582 -0.039917358644202
-0.186766531213471 0.152666458620802 0.016982327735483 -0.0336203475344033
-0.0777113249613733 0.194265159892547 0.0844030911533829 -0.158429505098708
0.00819115716973666 0.188268511297033 0.0146212753715659 -0.264639935032045
0.0813352288477707 0.170754792424909 -0.0563409750124843 -0.310179847239907
0.0902301916918517 0.158427923834653 -0.102901115518723 -0.316138135630601
0.105082617143378 0.17202030282493 -0.100225718118203 -0.306452596261079
0.0475260793263773 0.227145021026286 -0.042250146534149 -0.274666504414279
-0.0381532591315456 0.233459546450368 0.0301697380109502 -0.191181417458705
-0.170921685266837 0.24148902910388 -0.00907227709431325 -0.0403731042477158
-0.286929281839119 0.0995707788556999 -0.166919053677733 -0.00769569804927135
-0.266144669994492 -0.112313127353609 -0.283944395562529 -0.076205580149242
-0.222041069095995 -0.183339109586325 -0.313758287765224 -0.266678308151946
-0.300344891578554 -0.228054896924262 -0.257620900352871 -0.121625203005331
-0.335683668458848 -0.19322657902331 -0.176761292018248 -0.0585518802830158
-0.384952984469002 0.0124775588552518 -0.0942963166598734 -0.0649708767951905
-0.308417326895465 0.218734086767234 -0.00504671927045853 -0.0351975366736422
-0.157959642893011 0.306198845458984 0.0616103169513009 -0.11596843384892
-0.0184327186235138 0.31225323967991 0.015781925893293 -0.194364871306604
0.102030413824149 0.285084324677194 -0.0259067030546041 -0.225491587319278
0.12325539671383 0.256463211540463 -0.0551613800291057 -0.22144548315191
0.148168201585355 0.262590761269158 -0.0585220134882362 -0.209821813188221
0.0733392607382564 0.338356942383078 -0.0181073102585002 -0.194701103928146
-0.0483341385327051 0.349394018391537 0.0417726961520463 -0.137415902309603
-0.226076159000948 0.363851632803979 0.00968352568204851 0.00169133424066272
-0.393798930738613 0.196274517843371 -0.142310924825092 0.0313636916554839
-0.41758429132813 -0.0887400289577842 -0.230268275207803 -0.0260006564557557
-0.385021197699162 -0.22026942441894 -0.221230097798692 -0.163734296232701
-0.379603866861608 -0.255641166255564 -0.143007791245398 -0.0311548682045661
-0.433384193605236 -0.209322270975785 -0.0893974354763282 -0.0318469061214762
-0.484703777249428 0.0324397977739489 -0.0768253678020527 -0.0789691510809996
-0.393571475508823 0.277307233654657 -0.0294293929261755 -0.0359099908466727
-0.213156169974561 0.386321578133743 0.0174866739077172 -0.0518934216669317
-0.0383567124649204 0.398799446906937 0.00538361067196902 -0.0857965908510779
0.110556469392797 0.357180784007864 0.0058513043280067 -0.101451333581598
0.137663757961919 0.313073837270433 0.00275739215606984 -0.0950406548668805
0.167584265599421 0.312015267722826 -0.00208216021215023 -0.0878668899758752
0.0874605452574996 0.395540413831256 0.0225004893107049 -0.0907750259815444
-0.0518255946843736 0.410927246730969 0.0611156807316016 -0.0631012381975052
-0.241630947892843 0.431229820189715 0.0366768402687644 0.0416047417666427
-0.433050389948151 0.258206797604448 -0.0922445881012342 0.0576007049796297
-0.492561878883153 -0.0501624647669548 -0.135718773703486 0.00522974331710844
-0.483134990998788 -0.218685956380402 -0.0831069880378147 -0.0623460371985395
-0.409481034711077 -0.242764352217895 -0.00653649218922042 0.0851390071028355
-0.472419137914954 -0.185600946877544 0.0225910227910577 0.0220611260279155
-0.512789983108327 0.0619977565438034 -0.0385453879168017 -0.0699923026879575
-0.407244630094985 0.30216077540395 -0.0484815944171811 -0.0222160166974764
-0.226149493035748 0.407926190778173 -0.030252266484895 0.0307067409901616
-0.0473988498938173 0.419540634693216 -0.0064662416647166 0.0455453236876598
0.104881845542181 0.372715420997953 0.0369657060192059 0.0436767146086219
0.131052379884711 0.322748362826975 0.0606296555586958 0.0443455798096707
0.15576709659253 0.31623328251593 0.0581762395610392 0.042039628519707
0.0747724150351969 0.393170220018832 0.0655345810846715 0.0226749321312977
-0.0613241640051647 0.401185214038742 0.0769100181661495 0.020855155039209
-0.236992416471602 0.406700068324265 0.0564797292346316 0.0768006773272624
-0.406270663991504 0.253884590481467 -0.0365061272069406 0.0662327458973244
-0.479124426688521 -0.0231599901219517 -0.0274918762353547 0.0145467332877886
-0.496546750553698 -0.186607236765993 0.0732674994723113 0.0235393051185271
-0.376915595643445 -0.184542514223384 0.132649172176004 0.203370675510022
-0.423804239467597 -0.118816069404542 0.138310154559691 0.0849017755983785
-0.435916887881401 0.0866347798584726 0.0104751670445489 -0.0373430018637715
-0.333463787596592 0.270644528953953 -0.0526543329770364 0.00721810818132526
-0.189013586619395 0.351053028605908 -0.0645383885670138 0.116037562035715
-0.0411088304937035 0.365960508670541 -0.0102205379323428 0.175127236779387
0.085644618152237 0.326436086080726 0.066604653850425 0.183346932144836
0.103804363712232 0.284582652391506 0.110688211768599 0.176467104726654
0.115782708748654 0.278878048887658 0.103954771006805 0.164893965151482
0.0378212679251371 0.33534669968553 0.090320273337519 0.129538631799798
-0.0819086205980577 0.325773027441982 0.0716669058757846 0.100053727136615
-0.213329678863669 0.30266797284316 0.0540222864394399 0.101044264470818
-0.321165023042839 0.186431314809476 0.00576747267005755 0.0623970105160354
-0.385023807164321 -0.0135481361897134 0.066495057863137 0.0109117476195609
-0.428189052602418 -0.138136985139929 0.214828726066448 0.0912296217258563
-0.280498483988286 -0.0937994252484663 0.251592600319463 0.299640112291036
-0.289272675205112 -0.033312274841726 0.235630528192273 0.13645998636882
-0.271125387910851 0.0903246941583619 0.0644110999839811 0.00295689417828858
-0.193670831691305 0.178019475575545 -0.0367942257658736 0.0377617207261815
-0.121036429076058 0.223628873544007 -0.0745747117559514 0.178950841622644
-0.0297167991500341 0.247309598150092 -0.00211533363409953 0.272983510401795
0.0518700537788254 0.226698336559714 0.0919001721759704 0.294330960268299
0.0612546618434039 0.203012089426236 0.143103861909244 0.282691089344342
0.0586039938389066 0.202651046023314 0.126908333911341 0.26482176137012
-0.00251395985521001 0.231781099683083 0.0843532605522948 0.217764337426373
-0.0895979541746826 0.20560512898074 0.0361764970118786 0.161779320587575
-0.158722061470524 0.157865538775989 0.0265706598945593 0.110120574055018
-0.195093584766571 0.096806677127529 0.0302616799972405 0.0515022322506498
-0.242134202355104 -0.000674740714350631 0.131797604156628 0.0063558292425971
-0.303424644865123 -0.0733987801281462 0.319938933370489 0.139249898563578
-0.131231886426307 0.00748847941391323 0.330571253454289 0.355150124904282
-0.0991271192509464 0.0400716768705787 0.306114914511423 0.159003235462672
-0.0656435841964098 0.059553148416751 0.119775844049825 0.0294809182764159
-0.0410404358776454 0.0452048154026804 -0.00682070913910547 0.0505126356737433
-0.0503682059237595 0.0615661413014399 -0.0636282980889844 0.206397481437748
-0.0235957752117423 0.0920129169450354 0.0159626114355546 0.319371281408073
0.00489842734684454 0.0942922478985931 0.110449352128434 0.352876425606291
0.0096004439578467 0.0910654642267046 0.153322052003743 0.346851873905591
0.00298715146972415 0.0939493398558022 0.121939813161318 0.329668436088212
-0.0264582889193533 0.0996614021367303 0.0520657748252564 0.277423568629108
-0.063882367143419 0.0718505814915596 -0.0203560841295463 0.196430754130929
-0.0644442036338178 0.023671723220816 -0.01215762577605 0.0988111999850198
-0.0476234000128327 0.0293855462076638 0.0446273316339506 0.0379376488672046
-0.0871055286576652 0.0351061752210653 0.169557396214277 0.00877945401996305
-0.150427350075348 0.00965013375708533 0.376587718487256 0.163015567418648
-0.04573329998779 -0.088673862539359 -0.372470537647898 -0.151077732217768
-0.0734235872060367 -0.0838538158936187 -0.234609397153047 -0.0183761381873003
-0.102632633461296 0.00105021050561423 -0.0641782761694984 -0.015405216561612
-0.0560924724078671 0.07271177822863 0.0258695326317667 -0.0384194396225735
0.00183145894231744 0.065577671420072 0.0702838147136602 -0.17844069500541
0.0251731544734876 0.0446645850508656 -0.0104371816265492 -0.284511790835084
0.0444397231827792 0.0337560101598967 -0.0925030860894912 -0.328857249611576
0.0446263971435449 0.0327034139378918 -0.142195196495243 -0.342360523311582
0.0515464659609474 0.0451629478537682 -0.124902392685891 -0.33978672449795
0.031268806022306 0.0745695402295864 -0.0559495371955822 -0.302763929091601
0.000515741783675479 0.0851506545672358 0.0197403021426473 -0.212317916481803
-0.0686091828694142 0.100239334729147 -0.0133021130440719 -0.0743651159295332
-0.121847546345259 0.015899750374893 -0.150727552217805 -0.0388636320407844
-0.0728978348582974 -0.0908116194109322 -0.274286714268858 -0.112266971547591
-0.0291800570891672 -0.0956043073540327 -0.337174130914078 -0.329790208670065
-0.17857681138606 -0.157544511894427 -0.331422052796212 -0.154751232393252
-0.206099780049656 -0.135425184490567 -0.219677482054167 -0.0479875072845352
-0.239734203655847 0.0135792810681188 -0.0874161319505145 -0.0352689332613664
-0.174479377841088 0.151186499575898 0.0143794132521296 -0.0318739717686766
-0.0679619973596297 0.189103848310528 0.0752421814490538 -0.155090580598296
0.0119729957433621 0.17938340389495 0.00614882866735237 -0.254718685492006
0.0821212953658626 0.161497755085835 -0.0633273685547478 -0.297977442550372
0.090918270524464 0.149222606200261 -0.109580975228032 -0.300366623478346
0.105469151155856 0.162607467870379 -0.104821514707157 -0.292385493504333
0.0520784721987468 0.217544351108224 -0.0477042026223757 -0.263890007386477
-0.0308369519310115 0.225682024074392 0.0243534630317696 -0.185706239005558
-0.158641193253687 0.237357523198619 -0.00711309868539383 -0.0374917324258023
-0.271835599114352 0.102767545539195 -0.160164478475676 -0.000892705150820146
-0.259442734186681 -0.10366784507184 -0.272057971402455 -0.0651961253727735
-0.215001690247034 -0.170566458471043 -0.306992074959956 -0.251284167240599
-0.2919526763053 -0.213879134645321 -0.251945127142485 -0.11095447970645
-0.326453441834897 -0.179215844491426 -0.171068303175815 -0.0545309343045004
-0.36658566065199 0.0217647441642391 -0.0940554920263734 -0.0594963360879776
-0.289429445303122 0.217463630576433 -0.00701106749610643 -0.0333882779731092
-0.141344204080088 0.298398942009689 0.054057810209898 -0.114350891782787
-0.00919717886381452 0.299579451865176 0.00900191094431029 -0.186445577288357
0.105552246085116 0.270734308968766 -0.0325568085831109 -0.218323731202303
0.124726849175196 0.242658534460287 -0.0603155628260179 -0.211128253786456
0.149008608274412 0.248939479437748 -0.0625591819731101 -0.201361505354331
0.0799012241394741 0.323974372073979 -0.022531498387814 -0.187934645864742
-0.0369212532170545 0.337629006938417 0.0358147187759347 -0.134534422486021
-0.206646078722028 0.356945024828092 0.012749340684865 0.00235449406536537
-0.370470812029881 0.196792698346787 -0.136120109833434 0.0364565807885723
-0.404009630773239 -0.0779668398040932 -0.220565514120053 -0.0179190717000053
-0.371918318848894 -0.203500766622768 -0.215319552646113 -0.153420546916437
-0.368728850409892 -0.237881033728317 -0.140564511917666 -0.0263159856303679
-0.420136493491002 -0.193782909010429 -0.0877230706147078 -0.0306721195015328
-0.460597270636246 0.0430048964916203 -0.0778453639629929 -0.0735707895894108
-0.368166876502944 0.275301300582699 -0.0312951298312014 -0.0345360779771224
-0.192172365698767 0.377323002306261 0.0135386750861323 -0.0529094584952264
-0.0252623491975448 0.382854555539797 0.00158311830800592 -0.0825558000842682
0.115109315731924 0.340112242551971 0.00113153127109217 -0.100596146443192
0.139963617353131 0.297029517984459 -0.00160405797858285 -0.0917259366734261
0.168843303868677 0.295199283793517 -0.0048821121222954 -0.0861449350435439
0.0945645266037299 0.378633342625656 0.0187404835792115 -0.0883516797035113
-0.0393757893227012 0.397157790185808 0.0555492895616262 -0.0633456180088458
-0.22144010398926 0.420674370566499 0.0396980706262164 0.0398808034182203
-0.408056649546571 0.257135964865059 -0.0871076042760513 0.0603871441889114
-0.475143985678801 -0.0391309097355737 -0.130288332803184 0.0112264891184257
-0.465115100602616 -0.19798392762383 -0.0794570734560373 -0.0581670763078707
-0.397494783235658 -0.223461123155885 -0.00607545405443395 0.0826791089124537
-0.456662232313521 -0.166643675265527 0.0206236659561229 0.018674689281584
-0.486865706102795 0.071337918830978 -0.0412315871566556 -0.0659910642380895
-0.380644624036988 0.298833318925122 -0.0492583722704187 -0.0212151997672406
-0.202837454941296 0.397415709761214 -0.0304754079973848 0.0277961286935797
-0.0331042315139287 0.404093754722761 -0.00626989669843179 0.0443879000831349
0.10978150223003 0.355134550714716 0.0346936221471546 0.0381466317771729
0.134199554105629 0.306249845102027 0.0585457398482813 0.0400265849408763
0.157248131083629 0.300125310814748 0.0561754159908458 0.0377852034257929
0.0825493884274353 0.376074923005438 0.0627617601437194 0.0199646317871489
-0.0481307467405904 0.38788951417891 0.0726910911375744 0.0170310791664085
-0.216076520960303 0.397186980774237 0.0597372138008501 0.0728470555352221
-0.380654553866958 0.254632041229926 -0.0337805896606889 0.0665470457616534
-0.458874254884198 -0.0123834738471316 -0.0273187479723693 0.0172048602306465
-0.476835231439974 -0.167429112875289 0.072517662383375 0.0203021493447691
-0.366362523443458 -0.167729251003951 0.131211896964359 0.193777731123098
-0.410228955035226 -0.102380164357171 0.133360735829439 0.0770560658613119
-0.413189113533875 0.0951328065088601 0.00639715840108132 -0.0362607137773375
-0.310749710682545 0.267323903597935 -0.0527221609360945 0.00616758238264398
-0.17051730474517 0.341419641378868 -0.061007617957058 0.110800720214804
-0.0285861272436949 0.352877596527102 -0.00673220686104104 0.168364781426917
0.0905161579725011 0.312164328995511 0.0671246587635847 0.172309777009391
0.106632170346455 0.270016150084952 0.109934284510479 0.165552366323164
0.118014408315626 0.265160488990404 0.104500278151316 0.154327764053924
0.0451494370429687 0.321070979887072 0.089822636149066 0.121929803293352
-0.0697216302614228 0.315462800541433 0.0693173207479103 0.0939258032237894
-0.19739545590129 0.296607928321352 0.0574497494798978 0.0967153629409316
-0.301412962757683 0.187010249459956 0.00665753658193524 0.061193186903593
-0.368886362443092 -0.00548994540779015 0.0614780337758495 0.0116501810786713
-0.411222522942277 -0.122104583963839 0.210412760507541 0.0821605991804958
-0.272319986279157 -0.0823842860731811 0.248538191160771 0.283230278713133
-0.278687254979446 -0.0241242837883011 0.229059665129123 0.125015852003055
-0.255474379473579 0.094308115366613 0.0594961370293706 0.00128762675127696
-0.179565569749866 0.175448319643295 -0.0370156782291303 0.0348419614047593
-0.109137508543569 0.218514308740233 -0.0683572720474247 0.172429132028659
-0.0201897965823996 0.238944228926517 0.00430603940665135 0.261917379070584
0.0556067956613864 0.217725446847218 0.0950806961381361 0.278158786454464
0.0632579129208563 0.193381972118593 0.144765885538423 0.267102069495344
0.0618591076110695 0.193022373290249 0.129919738213662 0.250415643679608
0.00402546215912438 0.222809807684132 0.0868876267089387 0.207116087567434
-0.0796300470532479 0.200513956661625 0.0375511998728779 0.154469974547211
-0.147274559052815 0.155687190193427 0.0306374954643376 0.105341174035606
-0.181932363300382 0.0973043256508243 0.0295716482200703 0.049339972781228
-0.230248480639019 0.00469144321633259 0.123876783912024 0.00506092364822496
-0.290291044957013 -0.062390890123748 0.312245658621887 0.12583030691462
-0.127334107789298 0.0121363600450086 0.326023224178638 0.333267871743174
-0.0943967716665336 0.0418659495707337 0.297438871468195 0.146472726505673
-0.0592779821526801 0.0603011487906044 0.113393024847161 0.024634877766254
-0.0368402561878568 0.0435171552970181 -0.00754725146144935 0.0472952656010962
-0.0465323450219125 0.0603509745503296 -0.0573407805481769 0.198649780194456
-0.0189453307072419 0.0892757729676324 0.0230444864364477 0.30758885309465
0.00719112649098368 0.0909472384883163 0.115129977440964 0.336210012734915
0.0109351264843822 0.0873817712890999 0.156747303998646 0.328601434311021
0.00516227215810209 0.0904570886842323 0.127148975364654 0.312860509807933
-0.0229551053476879 0.0963043713686169 0.0586453804056814 0.265881992010705
-0.0587560240951996 0.0700815850428387 -0.0148012935999011 0.189691048867213
-0.0600035362541174 0.0235095182149196 -0.00770493213583018 0.0954424829612137
-0.0434092718024442 0.0293287954149664 0.043798508536658 0.0351198771692954
-0.0806654332118935 0.0364966013056625 0.160567006691803 0.00577122391142384
-0.143182516156923 0.013476803185527 0.366643751969676 0.14754011678212
-0.043374426605755 -0.0878289346254967 -0.367692712887092 -0.148794620546352
-0.072823663660242 -0.0838037348102002 -0.231265010557458 -0.0205967665200651
-0.101479711816543 0.000599567671089673 -0.0629971965280543 -0.0152560687273112
-0.0548906708906789 0.0720390674656635 0.0251345518667046 -0.036975364282191
0.00262000059886345 0.0645392284703854 0.0669492417442199 -0.175155883080617
0.0242378583606151 0.0430854239296752 -0.0130161769908528 -0.278770566124615
0.0439143263554255 0.0324016446692854 -0.0933500844348516 -0.323257915038786
0.0443343005200042 0.0321665317336841 -0.142547883282352 -0.335544364940188
0.0507922741939372 0.0443146383523158 -0.125017492243806 -0.334408103849069
0.0312401051132043 0.073627817500873 -0.0555307633625824 -0.298231467921102
0.000312592166161585 0.0841232778351221 0.01992435682908 -0.209168477728752
-0.0674846912503515 0.0993510556368395 -0.0118293751711762 -0.0724360223295988
-0.120088492368048 0.0156794151138545 -0.147117803744636 -0.0353971381955195
-0.0732332412191999 -0.0905941980246002 -0.267356160241409 -0.110291146305232
-0.0287593229908029 -0.0941175751925851 -0.330804989874415 -0.323940910975295
-0.17401480058285 -0.155546944240152 -0.328134211464931 -0.152055991811294
-0.202224545093747 -0.134129897754423 -0.217030784993241 -0.0492357688423509
-0.233936073239226 0.0140160833162791 -0.0862035760513397 -0.0341766585137574
-0.169979993727076 0.149116155473381 0.0127717930941055 -0.0300359415752679
-0.0647957904768997 0.185962518234554 0.0714577812183411 -0.152505757262516
0.0123243593663393 0.17554240374185 0.0036158862837595 -0.249317881798236
0.0816550029260148 0.157575328628667 -0.0658197022697536 -0.294034821936742
0.0899273768418269 0.146548426020934 -0.110002417343534 -0.293970185608713
0.104112116887059 0.159585007904424 -0.1051078493692 -0.287891844452905
0.0524231875030653 0.214315048125645 -0.0479501224332097 -0.260103535975991
-0.0296280478418338 0.222382827349156 0.0234605992531549 -0.183698923118828
-0.155045546752839 0.234749341498692 -0.00517861587506107 -0.0352914210802803
-0.265830207123736 0.101079289115472 -0.157518052517245 0.00259945108703475
-0.256122429989422 -0.10384312492662 -0.265995018548646 -0.0627510288346093
-0.209801095665345 -0.167487033620984 -0.301052278805208 -0.247492402011145
-0.284672815670814 -0.209625945676549 -0.250405734139376 -0.108583370841899
-0.319908374590687 -0.176652276414209 -0.169069054018659 -0.0562468989182252
-0.357033569591559 0.0214867048431249 -0.0930592547920745 -0.0574236575699159
-0.281110328705762 0.213702209934102 -0.00862733477372603 -0.0325576831206641
-0.135348975823778 0.292787006355925 0.0505336107812542 -0.113583317076714
-0.00688715976523116 0.293605239990443 0.00685568250072112 -0.183236055124605
0.10454284834253 0.265091319240188 -0.0346668533057207 -0.216668192836759
0.123902637911838 0.237260989086936 -0.0619457142447134 -0.20715325839764
0.147289231645867 0.243713021949409 -0.0632788404027622 -0.198771581187814
0.0800618294894777 0.318638384060501 -0.0229348436258675 -0.184841684470033
-0.0355005131263931 0.332086347861671 0.0340246783039423 -0.132973278536602
-0.202241755297083 0.353998001570579 0.0159557010648645 0.00311470602951756
-0.362472282079837 0.194212817221033 -0.133504657644961 0.0396292302208621
-0.397685672029166 -0.0780656538582657 -0.215628017443619 -0.015529224709471
-0.3630713509797 -0.197605600729729 -0.210387961964565 -0.151042285416062
-0.362094428885546 -0.233842743245311 -0.139643414034663 -0.025726765401623
-0.411450744202766 -0.189531809538634 -0.0872867702382145 -0.0325101808903936
-0.449034581649147 0.0426463721658419 -0.0781488014063797 -0.0714763440847809
-0.358528733712624 0.269875815171903 -0.0326066869975223 -0.0339669636042711
-0.18419869838841 0.37010120546234 0.0107330433468602 -0.0538562939323158
-0.0231366179849387 0.375201014402492 -0.000102051694767411 -0.0812774425940762
0.114249382609548 0.333589926571611 -0.00170589363371393 -0.101287642029701
0.138410984804936 0.291132348465465 -0.00315591232831383 -0.0901794354696422
0.166574323939397 0.289861517614217 -0.00553663221697722 -0.0854732289561296
0.0952084729828883 0.372207231230917 0.0175407676802531 -0.0877225034935823
-0.036678089651646 0.390632348390338 0.0526921955181554 -0.0634773057118169
-0.216988531391723 0.416045379027595 0.0436398612231775 0.0394005699223028
-0.397033585543006 0.253519378916336 -0.0860860895462268 0.0618414094311745
-0.4664610058657 -0.0414277787204469 -0.127971830695828 0.0130209679923792
-0.453068088687521 -0.193330000347246 -0.076751162576102 -0.0584914981083753
-0.390295653595363 -0.218620524941355 -0.00727448788927828 0.0811904120511777
-0.448219286952822 -0.164233805049334 0.019392301428462 0.0167469928781635
-0.474720229942401 0.0709978281606014 -0.0427131285085392 -0.0642057273796966
-0.370651124869307 0.293397075475244 -0.0511620515605546 -0.0220589011370468
-0.195997820804076 0.391065490009577 -0.032439727639617 0.0249718895528422
-0.0291422680118122 0.396850165417351 -0.00741041401237727 0.043226433959214
0.109595869640049 0.349491567201066 0.0320262290263785 0.0347120940537746
0.132720638923463 0.300144246445651 0.056539997494789 0.0388664964278029
0.154460902185161 0.294430516767594 0.0553042414780177 0.0359551463721705
0.0830881331171218 0.369846839400257 0.0621030877988544 0.0185501580252751
-0.0457330229786545 0.382257960965393 0.0694497708367065 0.0158970284025522
-0.211014671702828 0.393430964005331 0.0633293296778549 0.0711481933435904
-0.370478076942707 0.247953319629494 -0.0333206216730117 0.0679375223693354
-0.449937641620032 -0.0144759972287339 -0.0273705124058598 0.0192038290527135
-0.463353512044193 -0.163925517376057 0.072818920855071 0.0189451200692717
-0.360202476282084 -0.164712611304291 0.128237653189094 0.190312670993796
-0.402718814432655 -0.100563439691763 0.13047502828649 0.0744968307863225
-0.403053766445816 0.0950990927486058 0.00378371290991647 -0.0356777765885223
-0.301738358401973 0.262878821474175 -0.0547803735619652 0.00474361648490399
-0.163860387640706 0.33575342493846 -0.062097992792441 0.106808046783802
-0.0252693303603669 0.346162147078676 -0.00724367171961931 0.165758981740149
0.089941812103563 0.30721008933955 0.0649483141149481 0.167317465644463
0.104982338340199 0.26428912129096 0.108322060226379 0.16188922251542
0.116102578147923 0.260041557948035 0.103909158730133 0.150046643487438
0.0464817565487525 0.316370573211695 0.0887694688836746 0.119532252555751
-0.0669867687086439 0.310768948374225 0.0668728210278693 0.0917734028958002
-0.191956021699708 0.292305817795143 0.0602295431427473 0.0948197751056205
-0.293781090858774 0.182166150331189 0.00597671799057648 0.062152413306637
-0.359305464468722 -0.00521342362694307 0.0598769835665169 0.0129527483996884
-0.399844854022983 -0.118824994439297 0.208615452038647 0.0794248886332206
-0.268024441603614 -0.0794744716145649 0.244031972363622 0.277754068854206
-0.273759871859482 -0.0224704441985787 0.224488172835159 0.122019587257334
-0.247405292489896 0.095151504549002 0.0560588176342834 0.000589508909046523
-0.174370185014957 0.171567448374801 -0.0386559356533966 0.0331285576875998
-0.105319605105083 0.214651275030016 -0.0688226694036236 0.167501011703028
-0.0174328300679634 0.2346473930573 0.00440450889507754 0.258295421771808
0.0552247845570563 0.214869747874387 0.0931294831292388 0.271321630086772
0.0624309451968754 0.189806472114847 0.143596226000433 0.261206909547925
0.0610045783872854 0.189341294347026 0.12885915960938 0.243987455747648
0.00469937185174075 0.219653649212549 0.0868528213949478 0.203938968817105
-0.0767349926405565 0.197703563956175 0.0366571983076595 0.151994877744064
-0.14349585322832 0.152876231166274 0.0330880850906334 0.103338587166563
-0.176536969777551 0.0949533402928037 0.0288444978511541 0.0493025846612353
-0.224388235080946 0.00428743686725698 0.119864189753819 0.00721084321994383
-0.282977196605366 -0.0601350728384392 0.308500641141577 0.121985951293506
-0.12582967418246 0.0130672538364411 0.320519387927547 0.327819050717569
-0.0924364372389017 0.0425188217229952 0.292376034174085 0.143355833481574
-0.0556762737992395 0.060242096319742 0.109246837922873 0.0240108415329234
-0.0346521561965083 0.0420485886222338 -0.00912878636968173 0.0449290089069917
-0.0454297483784797 0.059461940466322 -0.0567487145017044 0.194540742967181
-0.0169064598189791 0.0878970253259861 0.0233097132699356 0.302419179716901
0.00797349060269253 0.0900816028414451 0.113869354090518 0.329326287632377
0.0106773327789256 0.0854050335711559 0.156443757562687 0.321210947732057
0.00524510124639742 0.0890307124779588 0.127493839010999 0.306582185958707
-0.0218258691356359 0.0948565306461142 0.0593480152978408 0.261572219543294
-0.056451148620246 0.0689367559339499 -0.0140920588216435 0.186992094216365
-0.0581441531966328 0.0225731816218021 -0.00535612693653824 0.0932749943860292
-0.0405393589672799 0.0286927523151611 0.0428449709023939 0.0339838131016319
-0.0776620067352922 0.0363650994990572 0.155833729958237 0.00767730818510591
-0.139868885687306 0.0141367758836355 0.361953749798087 0.143905678139382
-0.0717354542667311 -0.0587750380595961 -0.407321238320359 0.0179911964776068
-0.0977884064773681 -0.0450043801598534 -0.223698341866312 0.0816493619215027
-0.0928684378519835 0.041978589935376 -0.0654826357421814 0.0176602251987791
-0.0199168528545991 0.0878859556820744 0.00741987039357366 -0.0391107899684978
0.0267953998613435 0.0590821834815957 -0.0155945200705824 -0.186947467351366
0.0375454247074 0.0307706076500961 -0.13425102948543 -0.246526437457034
0.0526135779105937 0.00996605605091689 -0.226810755868823 -0.254628202892227
0.0551006896380019 0.0135206881807841 -0.27927874784923 -0.24174301538293
0.0663904452728183 0.0184598162675624 -0.263170143535979 -0.248081777029976
0.0603600744901512 0.0545616489177305 -0.183932737593742 -0.245526743043212
0.0349333184392515 0.0787119343863326 -0.0757560598203261 -0.199179042145313
-0.0190362406914311 0.119882300362139 -0.0488792631018553 -0.0613518640782684
-0.107168391499869 0.0646498136860257 -0.147812886018304 0.0282795412008155
-0.111727562947916 -0.0546793963673586 -0.284406852424479 0.00707619914296913
-0.0733185083897529 -0.0774517242946491 -0.43678976614118 -0.160660086490636
-0.218442055969543 -0.0691523905338912 -0.37616457033682 0.00154962060850756
-0.235253369135606 -0.0384267076275152 -0.225574697376219 0.051421945026466
-0.207032196287559 0.107371613361187 -0.0957688614626467 0.0177683810564395
-0.0900070893022037 0.202840012322914 -0.00216070550420771 -0.0213477075335251
0.0174787670759981 0.195503436450959 0.00142103753373345 -0.164185421183201
0.0836046179350214 0.1561722956739 -0.103286631499611 -0.225127037678123
0.139250443828466 0.108539070714634 -0.185486420147832 -0.236374658188257
0.145233982233235 0.101433267943068 -0.232208462399923 -0.217055063330668
0.163726739248571 0.102830614532285 -0.22681130858505 -0.212691294423961
0.140093546382651 0.175774879353344 -0.162986730620498 -0.211286939875413
0.0664627881004124 0.220589879362403 -0.0684849670537554 -0.177137573706652
-0.0400388548786303 0.281607827302479 -0.037881306180818 -0.0316361548089413
-0.206209843086812 0.206003054314635 -0.145789340435692 0.0630389603079092
-0.287106552457221 0.0126301644670139 -0.261965554342927 0.0418215100090824
-0.275908281468031 -0.0626476240760537 -0.368758101086288 -0.111303887241901
-0.340869169865834 -0.0768487995642263 -0.29118093248606 0.0110489815376534
-0.358851508098137 -0.0296037638775454 -0.187544501227902 0.0275190238952134
-0.314488567006615 0.164071881926409 -0.114698254016364 0.00541358003391663
-0.162030668447236 0.30481795672446 -0.0249647659908721 -0.00728568334536546
-0.00124549667360508 0.320655202205566 0.0019602070366041 -0.115524465206898
0.115912302308321 0.271671617311862 -0.0686877200365686 -0.163556083243593
0.205378184721111 0.197539412554213 -0.121604149559832 -0.175904124639102
0.214485499370575 0.172834115364327 -0.149637304596873 -0.157993547332278
0.238832028759009 0.163232582945266 -0.149456463498686 -0.14898875077188
0.210579378599962 0.260897314757423 -0.109547822503874 -0.152102215722687
0.108989002684706 0.326004476122909 -0.042794407364126 -0.134979837622678
-0.0291001306450877 0.409780148290429 -0.0111374467544032 -0.0051935328295852
-0.256324499622756 0.33328050547587 -0.112735218893366 0.0832429966817258
-0.406579733475276 0.0976964099066857 -0.198588749274364 0.0582647345334747
-0.431188638287795 -0.0210287876273135 -0.241439893061502 -0.0698858750799686
-0.421765554399813 -0.0703640368072984 -0.156932038503249 0.0435327605679405
-0.449226634807318 -0.00622671425311124 -0.103656420787795 0.0167342099402604
-0.387643862992046 0.220375942168801 -0.107883936203297 -0.00905571928239866
-0.207729804342321 0.386271669589345 -0.0484427560240763 0.0063085465246544
-0.0134288969815304 0.410275914414074 -0.00599190932599992 -0.0411858967828596
0.136859907142337 0.352620893327366 -0.0289602576979131 -0.0662938195514901
0.243058025076623 0.255567687071758 -0.0394036581703013 -0.0827321603812608
0.24962585972625 0.216088815791547 -0.04414106906991 -0.0771643243985017
0.275768394625936 0.19758828251349 -0.0468261611634415 -0.0711214802875666
0.247176673608306 0.304269235938727 -0.0298838040222647 -0.079535571875793
0.133265146515968 0.381629882111252 0.00169574032856047 -0.0791977321804486
-0.0156524702394867 0.473928729996911 0.0253556835698142 0.0166807182246832
-0.262836232056158 0.403729986265449 -0.0626478060163815 0.0820150564490377
-0.451410339505088 0.162852449554824 -0.108598630303825 0.0440171971318257
-0.511455497920087 0.0231603580791097 -0.0782024852340858 -0.0462710886096782
-0.443261066327172 -0.0482176868951545 0.00969193487660863 0.0871901113444156
-0.471173169174406 0.0316842591661214 0.0162457692808304 0.0164149286753263
-0.399358108958821 0.257278830729352 -0.0717009504467626 -0.0161043539142556
-0.210010100942083 0.414059890863607 -0.060148409803941 0.0259131612194721
-0.0135907298648335 0.434509217294425 -0.0101923497134574 0.0503127274742737
0.1430222374627 0.37406281929685 0.0189900333147036 0.0509072319764125
0.245940271367943 0.272666543627695 0.0512700499868895 0.0271701404386
0.247251684803793 0.226080162976138 0.0676101530610044 0.0136853429626364
0.267330835332525 0.207755205710663 0.0622793694564243 0.0118811557582808
0.235871353135041 0.307589480972663 0.05754052153584 -0.00301717051397455
0.121889092518837 0.376355187829305 0.0514564513376305 -0.0140730120235708
-0.0211331314663977 0.450851351308786 0.0589440091134794 0.0358561634779004
-0.238762134519856 0.388421961038383 -0.0127813461332787 0.0658161733196634
-0.424316561264573 0.180572050132793 -0.0158224704618951 0.00871893678399333
-0.506273519348955 0.0577487891534448 0.0908606814973343 -0.0390795846265569
-0.393794792191635 -0.0119246784545225 0.183157754250682 0.130643981312593
-0.405063257250063 0.0684519861894259 0.145444015398295 0.0207492954439262
-0.326136022081752 0.249012294111842 -0.0151013307982828 -0.0126983851334278
-0.160129443486307 0.358052385051071 -0.0508220900567122 0.0484123541413723
-0.00682637350439854 0.369532672131144 -0.00129332562320697 0.135607707223864
0.126010618568452 0.325767314653552 0.0726887195403377 0.161167096558528
0.210963193294371 0.243085353683545 0.139172236382047 0.132784512201813
0.207560762976577 0.204008960962549 0.168967555095642 0.101962212842434
0.216989740861482 0.192413026602519 0.157796592777909 0.0932616409417685
0.179195559983356 0.27367417068335 0.127718636654757 0.0752349548314319
0.0721743876215179 0.319772488620291 0.0856920587719026 0.0545216116419032
-0.0461440789698073 0.350649666049825 0.0730883525902031 0.0563701345369873
-0.194574735301563 0.293663773871979 0.0232099259046622 0.0446391059602198
-0.333976767292751 0.14979428226846 0.0593070400954137 -0.0289569539343802
-0.426519196222152 0.0710313935959209 0.238460990127644 -0.0378357316025763
-0.277251353375202 0.0280930150155229 0.332576829533188 0.159737981113133
-0.258878843512082 0.0863316059474092 0.255306954812788 0.0207232160882297
-0.184716664087372 0.185719549832249 0.0500956447159064 -0.00934034530835891
-0.083090512652179 0.22421823735191 -0.0228878636056803 0.0591960156579115
-0.00339574561856842 0.235813734978564 0.0162699827828311 0.190495612425702
0.0864124387267688 0.2197228660427 0.121399600389404 0.237939136727877
0.141347310443561 0.172821797868713 0.20979009887787 0.213226698640742
0.136007425799668 0.150581692404328 0.245545281042647 0.175578169916717
0.136139138443781 0.150924031503412 0.223840053339655 0.166259314027052
0.0990764419723408 0.201775368654058 0.16575983079245 0.15025295866731
0.0141886583497962 0.217089482217373 0.0894892134061005 0.121326256963798
-0.0628816216818111 0.202459487995238 0.0616515368656028 0.0743591278652626
-0.12273441004726 0.162808091723692 0.042331229833473 0.0264083227325511
-0.203580707614361 0.100711853191817 0.111100956560854 -0.0530999791293503
-0.288426363925 0.0739517508752319 0.343666857435156 -0.0353430680574839
-0.109976627151639 0.0557312640997651 0.432515278752152 0.1695406271981
-0.0687275630735092 0.0721202248635652 0.329484748435284 0.00693258393297911
-0.0247852302757723 0.075576486169224 0.1096916690768 -0.0211396715967462
-0.012485819024642 0.0502449466532916 0.00930718709415505 0.0468197318183744
-0.0134001363848307 0.0711788711985507 0.0350127867134715 0.20485313142022
0.0247783351520964 0.0853391215983626 0.155595965360175 0.266938079070366
0.045824882883233 0.0794896528778473 0.250802542962028 0.25447826930133
0.0449064863865531 0.0747691335905664 0.285012535881804 0.223221679473084
0.0416653375746059 0.0815501969665247 0.251613476940854 0.221857276651948
0.0213306122699399 0.0974343930502312 0.169089901769552 0.21206056547465
-0.021900986853576 0.0886987970266858 0.0659898403797031 0.174427131166013
-0.0423931322080723 0.0461287322115137 0.0329199862265886 0.0827286130859128
-0.0241186513543279 0.0447345862911665 0.0517836328409502 0.00996709805440733
-0.0524203389747427 0.0674032370763321 0.142314976340758 -0.0610456147040887
-0.12111398499886 0.0794046303493242 0.396145083804454 -0.0312777291186687
-0.0751018834864113 -0.0592436660095351 -0.418067936314449 0.0317963140818525
-0.102539277391586 -0.0442409876207514 -0.22855301003409 0.0894535577917882
-0.0951214444791146 0.0460921414595798 -0.0667043562929441 0.0200311917951738
-0.0177450046499044 0.0908976265100376 0.00589417537757113 -0.0392057557401671
0.0304460793841857 0.0598197029032928 -0.0235215528856397 -0.189734246542697
0.0389525021023384 0.0306691749482378 -0.146028482896928 -0.247730950451973
0.0538281569920807 0.00825542266600883 -0.242472871006954 -0.253295491968886
0.0571359996814681 0.0115347543639277 -0.294929967928912 -0.237780567332126
0.0692744704451822 0.0169169754911186 -0.279515333018063 -0.245699026828782
0.06417739162577 0.0538623493883076 -0.197144205741157 -0.247307880247483
0.0378335057862395 0.0804325289599824 -0.0829798929622875 -0.202832245379292
-0.0157321563154798 0.124070359949087 -0.0505740263699848 -0.0600864847654673
-0.107643657753304 0.0689768766768563 -0.148860121205553 0.0348628189694718
-0.117949795606138 -0.0528281894556916 -0.289023547622654 0.0139546843038706
-0.0764245126057797 -0.077622419322021 -0.45274283172791 -0.152471017958907
-0.225608107231946 -0.0653704777196533 -0.387938579948449 0.014167686799737
-0.24290820130848 -0.0337008060978423 -0.231601639808244 0.0591596005681266
-0.208753602075156 0.116158707873826 -0.0983820108516952 0.0210731559903202
-0.0856522817403375 0.209880005501652 -0.0035271370109172 -0.0200574661910327
0.0260661165971235 0.1991820774992 -0.00637812556489665 -0.16730306385909
0.0904188687290807 0.157771803320378 -0.114454317172938 -0.226340185993605
0.146041111082352 0.106961769423669 -0.200984097533193 -0.23582281899413
0.152552626812385 0.0989137615841336 -0.246300732253239 -0.214226276384719
0.171864871812311 0.0998739762790578 -0.240340890406 -0.210323138103882
0.151256181638198 0.176021810378894 -0.174606320369644 -0.212336728546278
0.0753776859806464 0.225322367938023 -0.0758085394216031 -0.179629964475567
-0.0312958055439991 0.2911945687523 -0.0372310705969302 -0.0311792063658212
-0.205063880469313 0.216471187941665 -0.144781498538443 0.0715694048338914
-0.295979740101012 0.0213948757417151 -0.265735302585199 0.0499043653397112
-0.283126777541438 -0.0565020582647231 -0.382355771004977 -0.104732148769071
-0.352055230140825 -0.0695981357673767 -0.300304855713353 0.0211039925381654
-0.368425193513286 -0.0213069882066461 -0.193635594538827 0.0328307320466636
-0.315371008629729 0.176933747162086 -0.11786402956758 0.00904822444045358
-0.155832333728467 0.316151614781037 -0.0264057798025658 -0.00585516661852181
0.0109827843864707 0.327419835487721 -0.00531338346182913 -0.118217756236053
0.128199273343767 0.27425900335716 -0.077524870289651 -0.164437517407031
0.217253338489646 0.195576834336434 -0.133808358387706 -0.176630773119208
0.225474711820198 0.170434376591425 -0.159184413012205 -0.156337612440436
0.250266651117851 0.159736346924928 -0.159066725341813 -0.148193262848078
0.226802224345331 0.260605563626187 -0.117891058083975 -0.153507971454229
0.122405431537743 0.331664102694206 -0.0492163073598935 -0.136164456165015
-0.0167492505592549 0.422507896280638 -0.00799826010214115 -0.00620344815175074
-0.251322443712872 0.348515795716013 -0.110467539700958 0.0921110941554425
-0.414693572866697 0.111995684876882 -0.200134195349215 0.0651180470561144
-0.440613074611974 -0.0108264944143409 -0.248967692036481 -0.0659437776838031
-0.433872969746842 -0.0597633480439616 -0.161535552977668 0.0496232378369819
-0.459725778503045 0.00622310104235406 -0.107368569895594 0.0191882407486477
-0.3890528648258 0.236917179091321 -0.112271117408059 -0.00588613874091716
-0.200013255722226 0.400514067299163 -0.0513154507458342 0.00874843872880103
0.00181566984336292 0.419498560995168 -0.0116008513363344 -0.0421024414322472
0.153175932838851 0.357195074787466 -0.0336194483530664 -0.0654305933509568
0.257967728637254 0.254836077996151 -0.0465343961841484 -0.0837714526384046
0.263555087660481 0.214585542540989 -0.0484457586342102 -0.0777871897925197
0.287998215903775 0.193412921088251 -0.0511531978177757 -0.0714912019777554
0.265620494514125 0.304463346690653 -0.0336521058746532 -0.0825926998215776
0.150031946754149 0.387566516476629 -0.00264165375899125 -0.0808969135209585
0.000430432778609573 0.487193597022125 0.0306984632188463 0.0135406041788299
-0.256177207032796 0.420044596407061 -0.0594971501816458 0.0897844266531812
-0.458602430460692 0.178981377885396 -0.109520003460133 0.0491860113133247
-0.519882622763168 0.0405054120529481 -0.0808148291007557 -0.0476032503456881
-0.454187429708731 -0.0349897225932368 0.0108276889050322 0.089611990269904
-0.482563409634888 0.0449931060164599 0.0151756997930154 0.0156265004844477
-0.398759303501173 0.274468699337421 -0.0755842179155734 -0.0140769683804468
-0.20152528104336 0.428127178442043 -0.0630929470718242 0.0295045858323183
0.0005210023664463 0.443978710198733 -0.0124405859672699 0.0511500481321988
0.158256198095701 0.378112039808247 0.019357782692404 0.0524461922476969
0.261967025844914 0.271922496586598 0.0502408913620297 0.0260417421957495
0.260820867033126 0.224736606322677 0.069425749179015 0.0120229510763708
0.280367006872022 0.203592216195499 0.0640163292044929 0.00968339116021005
0.253724992247956 0.307404512025506 0.0581911312303854 -0.0058872049458712
0.136375004770719 0.383874721131287 0.0512861269274818 -0.0153159000496979
-0.00438025569194124 0.462254761724599 0.0638674768031003 0.0326400270674267
-0.231495406733607 0.40377370603299 -0.00949351016244233 0.0704081533548533
-0.428316074139119 0.196624028087515 -0.0156608658401206 0.0111246000819643
-0.513183727432935 0.074133092772464 0.0929610079553643 -0.0459293640528088
-0.403702752393701 0.000118999996134398 0.190269874303054 0.127486442489397
-0.414492210295185 0.0827213225901109 0.147674404263639 0.0164656232325575
-0.321628150943693 0.264741859133279 -0.0175338362735701 -0.0120507673201151
-0.150991575442756 0.369901783505785 -0.0534389561373178 0.051509521344051
0.00613406407226271 0.378066693899605 -0.000962879356439388 0.138933974428966
0.140951253015294 0.329190896900288 0.0779487905206183 0.164281649611376
0.225355476871766 0.242531087104611 0.143985986755028 0.131586064190582
0.219232838605675 0.203632442560057 0.176201084046487 0.0985959054798649
0.227719916791833 0.190518005199907 0.165338725194642 0.0898760055166252
0.194028329168048 0.274855712757308 0.133685547992647 0.072124436284012
0.0857227035488765 0.325525551231357 0.0887827261007363 0.0542071395669261
-0.0344529085731035 0.361340592346514 0.0786801756339867 0.0523290377580547
-0.189771517970212 0.305386134945623 0.0264209502847821 0.0473507783137888
-0.338973587265922 0.161255663096504 0.0599698933754502 -0.0286909742771242
-0.43162022675514 0.0855836232146616 0.244245745334321 -0.0489946958926837
-0.282766480789189 0.0391497496296559 0.344163647705797 0.153371973332822
-0.262398935975389 0.0975831436816012 0.260953935318968 0.0132032960336327
-0.180089373953744 0.195375023288984 0.0499344890682014 -0.00997837971517839
-0.0768102401017341 0.230293130220712 -0.0245568233235749 0.0615606130259838
0.00449731442312651 0.241104807683862 0.0208255404227766 0.194281524353298
0.0967601580326828 0.221938304199685 0.131755816724536 0.241638821841073
0.151467971605284 0.173369080190596 0.220483730494055 0.21189063174736
0.144267732284188 0.151863255501851 0.257305725052843 0.171654442806759
0.143511229764694 0.15081472097313 0.235162857731293 0.161761776702893
0.110127127822398 0.203609951843391 0.174683787235415 0.14730456882891
0.0230943060384179 0.221788195567344 0.0962132284791355 0.122606187739008
-0.0569112210252965 0.209281500781988 0.0669332839964815 0.0714017097886173
-0.119351803418394 0.169869983890073 0.0441985298488718 0.026822932769195
-0.204419854081462 0.107996063509059 0.111473884053843 -0.0547238721354793
-0.291289320490594 0.0845142915774212 0.35256554761502 -0.0493179124393075
-0.110749871141553 0.0623624737483837 0.44604687730897 0.16043287278315
-0.06777065760461 0.0766470255093711 0.33730950415519 -0.00378979608308187
-0.0203379209736351 0.0778072732291233 0.110994739881273 -0.0242505152606986
-0.0106797167603479 0.0511230206319439 0.00858786107771014 0.0477843591808512
-0.0117224987655771 0.0734346159383656 0.0416026483058845 0.209270383074586
0.028661461722821 0.0861792729775078 0.168330975725217 0.270279520910723
0.050345269177869 0.0805731140761366 0.265939953138575 0.252602712591994
0.0482677328581604 0.0762002751958206 0.299975193099464 0.218222856133331
0.0449120149888145 0.0823852128329494 0.265980692904871 0.217246843197999
0.0254544621687522 0.0991764592754074 0.180736029201362 0.210739793531314
-0.0186408016047605 0.0908477144434646 0.0749490639046622 0.176966118730945
-0.0416938851590154 0.0480037274450755 0.037430420702688 0.0814983543742859
-0.0214065402413991 0.0463286263644502 0.0531601588333167 0.00795321751464107
-0.0504231774493204 0.0706505222205396 0.143511334662754 -0.0642118629829258
-0.120559499064656 0.0857289142372329 0.406837361429109 -0.0470328503116186
-0.0791984165449984 -0.0565779659591302 -0.422335888649794 0.058623007880081
-0.107258409819164 -0.039970798850085 -0.227594345569261 0.103544184469138
-0.0950904629153472 0.0533707330380989 -0.0666775533057078 0.0234286719625818
-0.0121362860469162 0.0935854705475266 0.00356094781524262 -0.0389488733585265
0.0356289741374023 0.0584771285737703 -0.0368265012085883 -0.189176851878526
0.0410732567121532 0.0290106188263867 -0.163617489147045 -0.240683360652263
0.0544825963024205 0.00479031697251357 -0.26220187742736 -0.240442407058642
0.0585765293789334 0.0070307654512069 -0.313831538018595 -0.221571747300278
0.0714400088092559 0.0126350178887072 -0.298009488198328 -0.231091036145621
0.0687538978603568 0.0507322068248239 -0.214339676233266 -0.239063407997786
0.042998432728885 0.0802391303794206 -0.0956059132900345 -0.201705282629841
-0.00834870433731684 0.127125137981817 -0.0526207547765958 -0.0576151364363119
-0.105690672417655 0.0756196780016814 -0.145351911671367 0.0451005571048453
-0.124206214204156 -0.0466586450797505 -0.289897135896145 0.0291592812849273
-0.0813407991368646 -0.0744984294714934 -0.466855448129465 -0.128860523059697
-0.231271589168733 -0.0532907049635388 -0.392761123776497 0.0384327125959557
-0.247740120606157 -0.0212215734134509 -0.232500970020492 0.0724450799453397
-0.203221128897781 0.129905079676969 -0.0979105370551362 0.0263801063085283
-0.0731663851917601 0.216998769156358 -0.00521489611801702 -0.0186880919181552
0.0391915072474141 0.198630748056032 -0.0196931658431805 -0.168211232359235
0.1014754950928 0.154332641778858 -0.130490500454175 -0.221187116444309
0.153932019175078 0.0995395377174957 -0.220676262511137 -0.226084104937914
0.16088629357726 0.0905732062776442 -0.262754242575856 -0.200466420415359
0.179769041091306 0.0902771078463484 -0.256095102478278 -0.197205555281656
0.164898780142387 0.168812504911978 -0.189939113499772 -0.205451189614351
0.0902680738248268 0.223947337552848 -0.0882594226483458 -0.17783369426492
-0.0131322891858571 0.297137693155584 -0.036823226204255 -0.0298386894838891
-0.19499305145884 0.229642837075365 -0.139197609436753 0.0831886029271564
-0.299979317411568 0.0379700968279785 -0.264594617713466 0.0646774760313651
-0.28699778317105 -0.0416510305891398 -0.392649342834643 -0.0844785288044409
-0.358097831066813 -0.0504310645917347 -0.30460763196417 0.0399938936832392
-0.37373849937789 -0.001218329318175 -0.195941215470693 0.044068831911598
-0.305722695153209 0.196835460246146 -0.119487612646122 0.0159399740984098
-0.137871227198733 0.32740152184216 -0.0283628894015762 -0.00235985368412287
0.0318395355946478 0.328483645351366 -0.016119482584183 -0.118387620008282
0.146658610682929 0.269854387863339 -0.0903861493213303 -0.160145059931755
0.23192523204869 0.184954725523916 -0.149741162593725 -0.169425654075968
0.238987340240049 0.158646049681292 -0.170893940795467 -0.147829106773841
0.262723798243935 0.145331120659576 -0.170517441368691 -0.138958283196356
0.247104917110048 0.2495916048532 -0.129371245955286 -0.149052664439909
0.144456648026117 0.328975417413712 -0.0587664978406083 -0.134858826752705
0.00958914794973434 0.429964130160967 -0.00541082446366928 -0.00745370218105164
-0.233382828839743 0.36499000520034 -0.102845334346853 0.102620269937135
-0.41463225391927 0.136267373228982 -0.197448613837668 0.0776849054848553
-0.442182975798453 0.0147557881780707 -0.255383005394646 -0.0546890091807768
-0.440822173488514 -0.0348406740774748 -0.162295184783905 0.0599442784730304
-0.464915228524979 0.0317097397115083 -0.110192467171626 0.0250835490810465
-0.375700791608777 0.259831809685422 -0.114720686731993 0.000469226504748455
-0.178061735761075 0.414449858499531 -0.0531466619639377 0.013002374864283
0.0273030180422294 0.421984050057831 -0.0183999762843846 -0.0415430366587807
0.177009525774061 0.350454909680435 -0.0400105915460673 -0.062961785862223
0.277177011246748 0.242183434061469 -0.056065912728895 -0.0809192186078078
0.279834064703801 0.201457224819892 -0.0540289963064569 -0.0752481642621086
0.302840553957641 0.178442579063992 -0.0566234948605689 -0.0689354939026053
0.289632641691172 0.290914115018018 -0.040019181073349 -0.082477854271209
0.175618228983351 0.383301204336378 -0.00808710976274832 -0.0804648981685714
0.0317933683429042 0.493100181800603 0.0343548936886465 0.00918326381247013
-0.23301669619804 0.438020544648411 -0.0516268992840346 0.0975457252031381
-0.455040525611196 0.206241652730643 -0.106834317432727 0.0573785606772296
-0.520748822360228 0.0692278349226579 -0.0843745215722907 -0.0461267487457772
-0.460891825836534 -0.00847444149914992 0.0137468177293458 0.0899359270655034
-0.484799726608531 0.0730029978352274 0.0135264931881174 0.0141215283636179
-0.383092301102656 0.298587905793433 -0.0787729073114895 -0.00999033720267274
-0.175993469958737 0.443259845885456 -0.0646390843355238 0.0342389042561212
0.0293469676165252 0.446596122555448 -0.0137193306558376 0.0525642421617118
0.183540444497389 0.373986043145675 0.0210345290630369 0.0539054259410809
0.28232388796888 0.259198766862356 0.0489269135056647 0.0242096147033707
0.27819696032504 0.212811680039244 0.0704779830707532 0.00754838246178552
0.294524698330594 0.189207154717615 0.0647919439993793 0.00564040151388551
0.27829707860061 0.295211022177395 0.057510409770102 -0.0108913010941925
0.164304595246659 0.380284941877034 0.0497518154678203 -0.0173856745178453
0.0242078341554462 0.468942426935915 0.0690661804608487 0.0253325371930537
-0.210464219373467 0.419403944486399 -0.00278372254790331 0.0744811633824352
-0.423262340151474 0.221975061348774 -0.0150570814211318 0.0144120280529741
-0.51041042128039 0.10200674621393 0.0910548021309442 -0.0547517621132082
-0.406912018058857 0.0266325231521504 0.197103044896712 0.117947635734994
-0.413792443530867 0.106838522133733 0.148188213652711 0.0076026438333329
-0.307841502310983 0.284779506334199 -0.019667497804946 -0.0111835907162083
-0.130550236968255 0.380646811579187 -0.0535025047045237 0.0562071904148186
0.029103738759718 0.380735118544685 0.00426188957241662 0.14034990537801
0.163274849691005 0.323800866526892 0.0874803511520769 0.162871710264538
0.244268519269279 0.23183124796602 0.150838129731432 0.125545395046396
0.234658814507866 0.194742739370321 0.183842540043242 0.0882785095187104
0.240870606617041 0.179058704205226 0.172299000501943 0.0795796330110275
0.214848735977006 0.266290793248826 0.13881111175611 0.0632220056085285
0.106601294622319 0.323723604528778 0.0926316407581024 0.0505788531134898
-0.0117006379637574 0.367306591079295 0.0842135379311324 0.0448577386934344
-0.172886697262146 0.318982981161487 0.0310784247079209 0.0484682950423929
-0.332192632398064 0.181159426821108 0.0588538239826347 -0.0297222710601333
-0.428280384317329 0.10960739386922 0.244166213353431 -0.0663325603871712
-0.282378158022922 0.0581457707294249 0.354231632481878 0.134794616330955
-0.258933208769646 0.113755673580018 0.263761394460127 -0.00261048021994821
-0.167408922417262 0.206887214701228 0.0492473541453426 -0.0125405274775829
-0.0632446007860327 0.235814389388603 -0.0233752896815775 0.0638497612225131
0.0196731073680661 0.243608095243418 0.0300055027689054 0.195757514869018
0.11160352087779 0.218218568035141 0.147214041635568 0.237944987713768
0.165259423323747 0.165874814134566 0.235084906493666 0.201707489461441
0.156247595625322 0.14628928518015 0.270396337238192 0.155953910492294
0.153863707579094 0.144413883408298 0.248118565024569 0.147541966257653
0.124759130891544 0.199260674601504 0.186515584552709 0.136579143890128
0.0370726272962703 0.222766339227667 0.104684510689871 0.118563922848996
-0.0434557656223658 0.214697916200254 0.0728986332238571 0.0651700151114931
-0.109348119280353 0.177980136020749 0.0470135875423689 0.0255780249517665
-0.199725318993159 0.1205138829185 0.109298005771567 -0.0591979499630627
-0.287725516687726 0.103118675359457 0.354180365430915 -0.073674179496162
-0.10739072731794 0.0716461429367103 0.458981564065283 0.13585523706608
-0.0635381626444162 0.0823824828957736 0.339946652113763 -0.023854365560583
-0.0140444168344744 0.0787344645882503 0.109983497026358 -0.0304420524204932
-0.00753990310447078 0.0510968744311688 0.0094236675373508 0.0477285829347026
-0.00810002382147461 0.0751867290435575 0.0533409400712078 0.208889300732602
0.0344948935807827 0.084518885711223 0.186429470469974 0.264628678228163
0.0569044545474006 0.0783173251085977 0.284396451617097 0.239402384799998
0.053660027591177 0.0757106961764885 0.316709541963055 0.200747425711792
0.0500882612921283 0.0813474534241741 0.283174379308598 0.201300283465248
0.0319548563856144 0.0983727888051581 0.196485341512172 0.200498406487706
-0.0129843328697533 0.0920363146800579 0.0878313204691421 0.174831506228864
-0.0388302506574463 0.0499977893774072 0.0432405761075084 0.0774946467789803
-0.0172119833508201 0.0476251165821073 0.0537695281169102 0.00472286472558269
-0.0454611761619714 0.0738798548965675 0.140978838725224 -0.0707149893460721
-0.116132829804921 0.0941424376814604 0.409229770657005 -0.0732810944721312
-0.081021410811534 -0.0511031650765695 -0.410482739801342 0.0854485862012619
-0.109159807126525 -0.0329817725614923 -0.217244800331005 0.115754443703673
-0.0902439499698678 0.0597949941742135 -0.0648037976034124 0.026744101419865
-0.00575555562050796 0.0932242879389445 0.000731793410087035 -0.0369257538017559
0.0399423788583119 0.0540331410205144 -0.0502593519830442 -0.180808188396564
0.0424308133178457 0.0262710904602828 -0.177355722321499 -0.224630150333194
0.0535390803019924 0.00135959381329919 -0.274945817094131 -0.218150936079269
0.0576564144317783 0.00225723194081755 -0.322813232285447 -0.196086442614869
0.0712425991010983 0.00704752375390835 -0.307483627195828 -0.206121005996533
0.0717645187591212 0.0450954792434887 -0.225233776191382 -0.221619781467682
0.0475867777567995 0.0772876867903754 -0.106432234159863 -0.192807688987055
0.000350513699965623 0.126065104811425 -0.0529577039539189 -0.0524854343402208
-0.0997544154461046 0.0801823098024827 -0.13689206732898 0.0540872136958893
-0.125242065408404 -0.0378019908311613 -0.281817997544165 0.044211923557501
-0.0832647298290758 -0.0684097369446762 -0.465352763978084 -0.0973989227625075
-0.229360140979024 -0.0382266103891227 -0.384433734829773 0.0636473125969129
-0.245567988970781 -0.00640888520701274 -0.224511526664847 0.085522360415392
-0.190509729485577 0.139927432071923 -0.0956310017783432 0.0316844131563873
-0.0572820345487605 0.217152308632137 -0.00654463080953277 -0.0167507754199707
0.0528849965605929 0.19097376032045 -0.0323032594451493 -0.161190895896467
0.109840344995397 0.144870191209804 -0.143454874042303 -0.206681899398497
0.157371119929613 0.0871157981940467 -0.233805382011763 -0.205795706108951
0.163694902453527 0.0774735540633947 -0.271270787812781 -0.17894599206249
0.182270175028019 0.0760942196376915 -0.264307240087178 -0.175770517741188
0.173989952026467 0.154178770560706 -0.200035212595856 -0.190313330739378
0.103669507357775 0.214824201355129 -0.0985791043961066 -0.169376154628175
0.00786031454619193 0.293544884955859 -0.0354252311949033 -0.0278704511459008
-0.177524972823552 0.236339039715373 -0.127009752536142 0.0925301459599253
-0.292477519432479 0.0559366554910235 -0.254533979494734 0.0788876567441254
-0.282260723876746 -0.0236605135467783 -0.390092614906717 -0.0596741212649784
-0.352947952917259 -0.0259603937670466 -0.296524080373982 0.0595347466312478
-0.366617083136563 0.0203292651993393 -0.190895770982254 0.0550522887968517
-0.284515263134771 0.210969779070858 -0.117065869887819 0.0228884555665894
-0.113942351977036 0.328352709243484 -0.0286455370625863 0.000678507732156016
0.0539736206678335 0.31813776583097 -0.0270303511072738 -0.113574831854617
0.162092335501401 0.255150722625424 -0.100046518695936 -0.149526789204365
0.23957110629952 0.166024999288631 -0.160974169039511 -0.154093688251116
0.245606147074032 0.139403546820825 -0.1778262244317 -0.133650399700877
0.266019954082471 0.125266069151873 -0.176539491798427 -0.124508116113252
0.259615873792388 0.227932974580919 -0.137142039280663 -0.138755595706485
0.163510780550192 0.313609118016035 -0.0667969844159905 -0.128637389811526
0.0392224664810329 0.420169414047178 -0.00277154762814316 -0.00897979518068364
-0.207355750801998 0.370990339719068 -0.0899913396883712 0.109526746497273
-0.399019305123067 0.158863173179602 -0.18813695676317 0.0887043471109496
-0.429575285661299 0.0394256613198566 -0.254543514074503 -0.0397851315767338
-0.432192504551338 -0.00566375657104689 -0.157627536083272 0.0700478531938636
-0.453181476994562 0.0578065480736777 -0.108555450474023 0.0310161276231519
-0.348639205338537 0.276142362680229 -0.11378921748254 0.00722281994849491
-0.147476610162377 0.415715080429485 -0.0528015921954732 0.0173809141429264
0.0560132191634775 0.409482559116144 -0.0239469031153958 -0.0386965225035465
0.196764195690364 0.332616384626415 -0.04434742076556 -0.0567747703364751
0.287813128434009 0.219077591901294 -0.0638468395523992 -0.0738865191153908
0.288550595182773 0.179728448447394 -0.0581313205587872 -0.0705768752657239
0.306974867753863 0.155055488288625 -0.0599516406855445 -0.0638166295038046
0.304272669004136 0.265435644691832 -0.0460597498752357 -0.0789413449987097
0.197247572894019 0.363669432225102 -0.0139972127824017 -0.0771799643718111
0.0650794900746262 0.482761023101418 0.0362539571872019 0.00350772492080646
-0.202380556450054 0.44289709477655 -0.0398819777995726 0.10094120399697
-0.435097105353694 0.230436487355864 -0.0998226910384465 0.0644447725496963
-0.50135398058273 0.0971905752605092 -0.0858740790714689 -0.0425439872109163
-0.449305993250964 0.0220822931223926 0.0162432889353228 0.0879901880457153
-0.470255832604714 0.10049754401151 0.0119733772230542 0.0130457950543201
-0.353703279195139 0.314213235370034 -0.0792124019878768 -0.00490488546376599
-0.144054106517376 0.441946274584251 -0.0632371768708707 0.0385904158411418
0.0580793256560977 0.434464633909698 -0.0137527268978664 0.0534000479035573
0.205200628476919 0.353223903608265 0.0235272493880599 0.0537667847517078
0.294538836838964 0.235447309369954 0.0465572891354695 0.0225230019342779
0.287683361153385 0.191443403083075 0.0689828651162768 0.00205204759726283
0.299351375797929 0.166828689745413 0.0637038069991897 0.0010343185472016
0.292569035408893 0.27048929195275 0.0543175725073475 -0.0150598606335909
0.185309358404024 0.362706872933817 0.0475857757849227 -0.0196275661748602
0.0563905637441719 0.458195015642844 0.0706686797472574 0.0170479413666682
-0.179412117820783 0.422619012088838 0.00603487520588347 0.075804103343135
-0.401636134764642 0.242675857403769 -0.0125448940418312 0.0172170507117888
-0.490307551337328 0.130840294536586 0.0853185108504262 -0.0619201888672593
-0.395319014979132 0.0533522873420856 0.197137690585438 0.103554178406539
-0.399215840426287 0.131081525909159 0.143434781360262 -0.00160777536502928
-0.27852766469696 0.296659167391267 -0.0210963135244511 -0.00988470154168956
-0.102839425632584 0.379234944667453 -0.0514753758283525 0.0592864559189155
0.0537485173253602 0.37131084483067 0.0103713445877998 0.137466059193544
0.18190918374327 0.30613447575148 0.0958591345726781 0.156031202834954
0.255518283057416 0.210950923514321 0.15471268380375 0.114046864980049
0.24450950375705 0.176497680744243 0.186039763202269 0.0739961956171569
0.246507416561065 0.160170509791132 0.173338200029454 0.0662671962158218
0.229679915684512 0.245780000581903 0.139523535152655 0.0518071839159096
0.126442831290446 0.310115590206993 0.0940390226308417 0.044079886089327
0.0138589873397365 0.360548418773946 0.0861726215446591 0.0350934727652835
-0.147839504111596 0.321646324899907 0.0354583525914802 0.0471849495714864
-0.313886047174919 0.197382461479441 0.0568896431799759 -0.029945436847437
-0.408574748408724 0.134107104924927 0.234097909252056 -0.0839500961085507
-0.272195924709634 0.0766955043076684 0.352683107199723 0.109079983963751
-0.246682093235957 0.128764544517076 0.255975336741934 -0.0187001111628086
-0.148573673590483 0.211860026272741 0.0464444316083316 -0.0157198076465907
-0.045972729681136 0.233924994046675 -0.0215138856600985 0.0645984460220404
0.0346738766540355 0.238063274205366 0.0401378773889711 0.189822168940078
0.124406467844718 0.205873147991538 0.160025346550438 0.225429137379907
0.173607799970263 0.15160018982341 0.242311497960188 0.183584116285464
0.163432117027428 0.134827927499459 0.275462464313645 0.134303712655095
0.159372081597937 0.131932626968071 0.25216182598729 0.127124006816581
0.135750714818526 0.185922384839198 0.191506149397724 0.120945756669564
0.0516555086372063 0.215347865758661 0.111186214905404 0.109322616567053
-0.0279128216692592 0.212380202477228 0.0760427266959227 0.0560417722874591
-0.0936959412330934 0.17990846391031 0.0482207131034668 0.0227761907275733
-0.187564748557732 0.129270693581972 0.104180172491936 -0.0618399126905034
-0.272199217614064 0.118416905738721 0.341665077852808 -0.0976727499195864
-0.100166345051401 0.078553652646595 0.455808184147579 0.103380331566283
-0.0559192305775819 0.0863206148889785 0.33042144087459 -0.0453786869499086
-0.00678337454794733 0.076437386467326 0.105070986256792 -0.0363545618521828
-0.00379860655904229 0.0496661357965765 0.009950096496322 0.0465768683299345
-0.0028899247140478 0.0756086460560335 0.0644223802874593 0.200750301226949
0.0399032907579304 0.0806434212057416 0.20052809859936 0.247984352575381
0.0614960002558961 0.0727927754911583 0.294561317932368 0.217287864908768
0.0585029831972924 0.0722995147231045 0.32355331835262 0.175253747691023
0.0541087053593024 0.0772541439539244 0.290786684823926 0.176121989307904
0.037988950751626 0.0938009147382495 0.206924818415074 0.181907992241613
-0.00661295306459774 0.0898646050197912 0.0990952956456946 0.16491522982611
-0.034500345884204 0.0508994579892929 0.0472812728500458 0.070616158215121
-0.0118307406728217 0.0471400460637105 0.0523297741388225 0.000878809239689816
-0.0389523532851503 0.07460621280927 0.134065730061976 -0.075974300327362
-0.106805013393021 0.101077978680129 0.39567635013572 -0.100655053486257
-0.0796514608906814 -0.0464765692812616 -0.389714058058388 0.100058917629887
-0.107326248851229 -0.0282840712835031 -0.204008497789793 0.119644941615622
-0.08403910326968 0.0621293386135124 -0.0620741095787095 0.0281724432658411
-0.00116020299866093 0.0904376120035753 -0.000673869365037566 -0.0338241025997934
0.0411291322726109 0.0492212318592011 -0.0577485219109591 -0.168452256388941
0.0420974653365779 0.0234413613904381 -0.181098282629873 -0.205743214567084
0.0505155277111218 -0.001031540110011 -0.274547443900503 -0.195169226023954
0.0545791021136243 -0.00135346847474763 -0.317323206892326 -0.172025257591329
0.0691241017097649 0.00263662277460784 -0.303828739256323 -0.183560681452931
0.0712873406169957 0.0404847810483972 -0.22596794015521 -0.203078467381236
0.049147077482399 0.0726611888359248 -0.110257947180929 -0.181769048934284
0.00630476375319131 0.121839657090579 -0.0502255542154172 -0.0484135369627063
-0.0938035030907407 0.0804462549909486 -0.125413318698437 0.0576157573032125
-0.122838520868373 -0.0310203571576053 -0.267372310158816 0.0516437323893147
-0.0817725725550183 -0.0631063905841467 -0.449149295215055 -0.0741081277836002
-0.220449061672852 -0.0271541597977161 -0.365405097802087 0.0788391312504141
-0.235681926852953 0.00310704509513899 -0.212518521100534 0.0913318506977299
-0.174555454204271 0.142173573230256 -0.091586307221837 0.0338804368901588
-0.0455361432280006 0.210375421217739 -0.00714473233371345 -0.0141336303259184
0.0597281359019392 0.179128407765573 -0.0407096975030934 -0.150224649961748
0.112470747036183 0.134184981232651 -0.148330455308037 -0.190592794353039
0.15447325550572 0.0768835368701426 -0.235700965212107 -0.184570407080052
0.159979040336759 0.066756791330522 -0.267978112267032 -0.158461593947132
0.177751020041515 0.0642389418794371 -0.261082974875831 -0.156123328020007
0.174504191010947 0.139408080304649 -0.201063541654184 -0.174725325265217
0.108849132911995 0.202117791315942 -0.101567343843126 -0.15830163880171
0.0209835678758151 0.28141284487195 -0.0319752726800274 -0.0268480704967377
-0.161377063453574 0.233615285384532 -0.114285803100659 0.094733232544199
-0.279039200337281 0.0651631324357213 -0.239556465114932 0.0844861272936982
-0.268454503150983 -0.0135584148637867 -0.376673084246646 -0.0424979904204823
-0.33720543999703 -0.00896148193637848 -0.283367262596543 0.0714236559359961
-0.350431669627627 0.0335345932690449 -0.181889948579761 0.0601624077126864
-0.26088716492697 0.21226603684098 -0.112622586419894 0.025705750240673
-0.0954077347058045 0.318374151501121 -0.0281937096168499 0.00308947318089633
0.0662575197437929 0.30021646927603 -0.033254332837851 -0.105190406631898
0.167422360040067 0.237090182128407 -0.103049235347337 -0.136401360796523
0.236894014797509 0.148196117560159 -0.163711907914419 -0.138672124567245
0.241622338016579 0.122978208650694 -0.176411281558373 -0.120511792479465
0.259635149880061 0.107927637463227 -0.173807630702505 -0.111128130985404
0.260203783812123 0.205969801111218 -0.138935260599105 -0.127842244193505
0.171217181959353 0.293811041384564 -0.07010880625674 -0.119984868067666
0.0568425426523533 0.40214973804964 -0.00112801792130875 -0.0113664643612543
-0.183550586852012 0.363760986825918 -0.0770394055925598 0.10995591948601
-0.377028205884548 0.168261678621524 -0.175266717541023 0.0926963693564698
-0.406749611204789 0.0528011804913755 -0.246301074132353 -0.0286663692384571
-0.410936587174287 0.0138470698542101 -0.14972468487725 0.0748108273199774
-0.430975195431302 0.0740069600263288 -0.104551384730197 0.0338389095003856
-0.319302751535641 0.275944301279419 -0.110406672092019 0.0110028114934618
-0.124376650271644 0.402162273741034 -0.0508436716150627 0.0198404050608935
0.072752026486296 0.388547750369651 -0.0278654588966723 -0.0339507821685
0.204511874633954 0.310770086138212 -0.0450634081207788 -0.0501696108127175
0.286113394475265 0.197017465107236 -0.0664624140226679 -0.0655579698089276
0.285497618893361 0.159756808550984 -0.0593082351266582 -0.0655738190621976
0.300358160403832 0.135439669242943 -0.0599927335845512 -0.0580382521191855
0.303890668999789 0.240755084164955 -0.0483071090483216 -0.0744822604711932
0.206120138912235 0.340740549209739 -0.0168059113660426 -0.0729958010078634
0.0863265301928827 0.458899200347641 0.0362600247877186 -0.00153657900647575
-0.175557236244373 0.430399463160864 -0.0291503147407395 0.0999807382112472
-0.406838264689858 0.236152756098483 -0.092036310029271 0.0670767520311715
-0.471874135124461 0.112461719940883 -0.0853014275847613 -0.0391454979592445
-0.42641824745887 0.0404586286904937 0.0164687477716951 0.084712935687125
-0.446594661753146 0.114122357677675 0.00966418916619265 0.0121207930013156
-0.321374770632274 0.312081232407304 -0.0774962900552752 -0.00245416877793077
-0.118899230037932 0.427484365888478 -0.0609830081089955 0.0404337661403119
0.0757003268233229 0.411717791872979 -0.0144635341350312 0.0525706211429386
0.211888281000609 0.32885629709949 0.0247639535754673 0.0528919807532255
0.292975992122476 0.212709789319225 0.04443197787181 0.0217932853972428
0.285070124068715 0.171633041486464 0.0656725267273996 -0.00218776379820736
0.292704372563007 0.147381376294004 0.0613673858395332 -0.00234339829524894
0.293205988487305 0.244924976198727 0.0506718584401512 -0.0180499247903821
0.194168276220811 0.339415476769723 0.0442071428301463 -0.0202089045418511
0.0761871079530953 0.437302388371382 0.0693149082931521 0.00899942033484248
-0.154292334628005 0.411941961170873 0.0126920223795817 0.0735968528349412
-0.375032222861873 0.247434368704055 -0.0103492844227333 0.019057274180164
-0.461088329275554 0.143083675237977 0.0781419655522819 -0.0656406891386185
-0.374323687018733 0.0686153562975741 0.189659631573275 0.0921542441987947
-0.375703276293125 0.14115203255844 0.135580189270171 -0.00714510357236083
-0.252359528037699 0.291963695323834 -0.0219325225816178 -0.00882933862968364
-0.0816723506736358 0.3654453910451 -0.0487777921749475 0.059206282991307
0.0677321784548938 0.351826311923801 0.0123650947445524 0.131759485532804
0.188711789594039 0.285590747080168 0.0995521261319004 0.147088294061716
0.255283468013386 0.190728950454968 0.151673081545721 0.10463075559382
0.243311904873044 0.159401661430507 0.180358047208142 0.0609210513879969
0.241826167836895 0.143963801767446 0.169065363009711 0.0550757801770509
0.231325944145671 0.223842751958244 0.135283095618121 0.0423521626881173
0.135241210488629 0.291723769513719 0.0921914385051503 0.0386512063103491
0.0312502176870658 0.344051344867235 0.0840154204426133 0.026650856493201
-0.127447394793283 0.312537188887394 0.0388628346843356 0.0453188528175176
-0.293060477058672 0.201095686225289 0.0543379697689632 -0.0285103132053543
-0.382539031814928 0.143943422603219 0.21953953460857 -0.0929511324319088
-0.254862851647501 0.0862144905209134 0.339168014415612 0.090990760568597
-0.23037599581367 0.134395598361123 0.242806898665307 -0.0288096678876609
-0.130887464724264 0.206673238980321 0.0426363750196701 -0.016940203304214
-0.034134025495395 0.224471367272595 -0.0205632900461748 0.0633973248441814
0.0439802164544459 0.226434978797665 0.0441042861707122 0.179650990967924
0.128909208338411 0.191666664137459 0.16402254452971 0.209582884558207
0.174294785106886 0.137231528048897 0.240312153945976 0.166253408190077
0.164102188166827 0.123231795976428 0.269239702331668 0.11546857908592
0.157768739982101 0.120647302301269 0.247398201668825 0.10945527010576
0.138494062078164 0.171176992447631 0.188449419654938 0.106482534644287
0.0589486557161486 0.20303313251434 0.112305614432828 0.0999038685144301
-0.0164334091411153 0.204004742984983 0.0746080706023729 0.0478586975420128
-0.0807474905130284 0.175162753440075 0.0484920632078877 0.0205280150642058
-0.173747349765759 0.130535549809435 0.0980565635847227 -0.0609269967632075
-0.253559759440596 0.124934051892655 0.322178330637545 -0.110201797570449
-0.0913365067167315 0.0810348305379962 0.439114328718582 0.0800981121050262
-0.049044173727475 0.0864096973455604 0.313065682131812 -0.0566842020532131
-0.0025006498245791 0.0722574502912192 0.0987518855696044 -0.0390846446361349
-0.00157093135321326 0.0465740437637162 0.00857522305038058 0.0439340129146037
0.000743048036770124 0.0731145069623812 0.0689694190116662 0.189233468949417
0.0416272950322156 0.0749619186138445 0.203264796499146 0.229556970149062
0.0627664468648927 0.0669695102068907 0.292217454084858 0.195189135253997
0.0603777252924929 0.0673684975112357 0.316910805993718 0.151510696182182
0.0549538713641761 0.0727942603061504 0.285716594276495 0.154719226368098
0.0404327698083962 0.0875602133185079 0.206371327981669 0.163847963732824
-0.00218713419456911 0.0859408691915826 0.103463398265265 0.152124865101404
-0.0306741864508947 0.0486071279354098 0.0471865317547248 0.0634697074728737
-0.00729037227747085 0.0447824330032976 0.0503342554441334 -0.00131032169698145
-0.0332381149750995 0.0726852500559194 0.126279957486978 -0.0757073947557891
-0.0964912597483702 0.102520768313404 0.374319146828746 -0.115851896422205
-0.0710038991801356 -0.0472522003341765 -0.38020828162925 0.081896886065498
-0.101197347653977 -0.0329127309483266 -0.200998275417422 0.110030834750621
-0.0841010350177136 0.0578374906368102 -0.0590515714176062 0.0273040573317279
-0.00529093786018442 0.0863754939490135 0.00394149677974175 -0.0291990506377546
0.0360823112918222 0.0497411272216746 -0.0475539235014209 -0.159264355832289
0.0385138476661635 0.0257040609571296 -0.165440845529433 -0.199272185645058
0.0458697968026846 -0.000946033102231786 -0.258457283393964 -0.193800891655288
0.0523645349915477 -0.00036488447236788 -0.299689319398668 -0.169692062157166
0.0643919380912709 0.00233341747249895 -0.286640027829841 -0.180729858449336
0.0672063868460556 0.0398473393017892 -0.212836857866441 -0.198421288276152
0.0453525755366379 0.0721088953612561 -0.101344287481431 -0.174319071020141
0.00145426764347283 0.116853630765897 -0.047075085374549 -0.0432893132293172
-0.0963681025231162 0.0753262205566295 -0.122151553954087 0.0487871561475326
-0.122499459329038 -0.0334254743230317 -0.255416557313275 0.0330797454028655
-0.0818583731514771 -0.060894749498042 -0.421651748531129 -0.0949044211481809
-0.208502147394947 -0.0364935054160521 -0.358023523964896 0.0685182358521902
-0.226235257889975 -0.00971731796781831 -0.207053502825213 0.0854235866056851
-0.174554507253064 0.128439668278108 -0.0835656776094003 0.0355395255697741
-0.0516830224450864 0.197660055432976 -0.000800104479815284 -0.0056598115866058
0.0483267211692272 0.173809727508486 -0.027236025733957 -0.138407100451291
0.102223162293911 0.134311556669321 -0.130453446546531 -0.18334798274069
0.143421668485573 0.07833161323016 -0.218097929615386 -0.181983863326221
0.152866389026931 0.0708641352341116 -0.251504691613534 -0.155399241441834
0.168390601466606 0.0660894796027504 -0.246903839916541 -0.152426876874525
0.16609432992611 0.139078363243759 -0.190278916356624 -0.167158629897549
0.100654026970625 0.200252470943705 -0.097614447930835 -0.147938204367404
0.0122861092029105 0.269453544228512 -0.0349337992911 -0.0169989089996181
-0.16649779466645 0.220941989056702 -0.117641134759674 0.0852516259233354
-0.275530127469568 0.0551952292410591 -0.234457992533114 0.0628232134852879
-0.260747440703791 -0.0167631285378457 -0.355561427974998 -0.0666787459494107
-0.323486074251381 -0.0261857472934328 -0.280507825891671 0.0692459369204713
-0.337923593686872 0.0129324055520882 -0.175017664521998 0.0601517804094569
-0.261134044603277 0.18967374882784 -0.10094878257302 0.0303323798012562
-0.102952007396115 0.297161693882388 -0.0197267627164088 0.0148934656238379
0.0488438477829669 0.289112302384126 -0.0178880980785914 -0.0933809368555063
0.15173372607429 0.235153654624624 -0.0858133891213971 -0.131157483698428
0.220478882521785 0.151069283037004 -0.146945538067422 -0.136302214437454
0.230804757459284 0.12998368878243 -0.16420216626992 -0.116950393382488
0.247022525170384 0.111581620694752 -0.164738462149132 -0.106777885775784
0.248361294632759 0.206469681519725 -0.132029538967529 -0.119627435687211
0.158663927032707 0.292181581159029 -0.0708797416898065 -0.106887204575868
0.0443177377071918 0.384797998202208 -0.00870400093569488 0.00263172823941016
-0.192669059741659 0.345956016512823 -0.0856680618361156 0.103322630966116
-0.372677793548469 0.152415592881889 -0.176049323017007 0.070935785961566
-0.391612702534282 0.0429581998434032 -0.236645847195077 -0.051500966134238
-0.395949032941008 -0.0102621951735832 -0.153748144359204 0.0819566251699423
-0.418700250416236 0.047017475221971 -0.0989061327184346 0.0403418173828906
-0.320930524953509 0.248035362938219 -0.0959743659935052 0.0187234542161738
-0.134892555931827 0.375583255437175 -0.0411018081849108 0.0328219546042883
0.0508541673030979 0.372781090043658 -0.0121159028359557 -0.0243244240514909
0.185200494897862 0.305603531615793 -0.0311880052064761 -0.0475828118681426
0.267103571948989 0.199557548344178 -0.0541225296345869 -0.0634746155475467
0.272466776772984 0.168221098252452 -0.0528914463907228 -0.0624619113627459
0.285950098718853 0.140767311627339 -0.0566447281599017 -0.0530206075498336
0.290626667018697 0.240755821790962 -0.0470489033377251 -0.0657891507791509
0.190681847883416 0.338819963949861 -0.0221410085766922 -0.0589175352488644
0.0710778898120054 0.440027026028774 0.0252347495445443 0.0154586795210093
-0.184930046316097 0.409725388307813 -0.0421246278446504 0.0968746232673623
-0.402140423585749 0.216620631169913 -0.0969878010899735 0.0503502586983939
-0.4533986589222 0.0982772007610625 -0.0858723419006308 -0.0553667956180547
-0.414744400554835 0.0147707655140912 0.00543574615311079 0.100269934565328
-0.435262257993675 0.0854672577552152 0.0124990256073852 0.0244476822509754
-0.324502054844744 0.281552009344695 -0.0632523682173256 0.00753321382002489
-0.131699014844166 0.400172712313136 -0.0513494470044085 0.0525464007374966
0.0535051035269078 0.39473871864458 -0.000823294812602348 0.0583600535100527
0.192689098398737 0.323786332279573 0.0334001678500655 0.0519918247044845
0.274128133284005 0.216417171058981 0.0505101239484766 0.0225232748584774
0.273155333673158 0.180345082878839 0.0654254762225946 0.000332064197369226
0.280090220311616 0.153435458199828 0.0578783355270103 0.00252775513271314
0.280332935787684 0.245000355148735 0.0464748657997031 -0.00961132803891318
0.180529472518949 0.336730893801828 0.0351618757345732 -0.00737768287184622
0.062947529043589 0.419144280720486 0.0553603826142108 0.0254759760382035
-0.16218325195089 0.391927774102807 -0.00119101758000505 0.0737964432832205
-0.368506389884215 0.226954878604754 -0.0175049457239673 0.0103410958207854
-0.441589746500188 0.126980799067028 0.0692072755415684 -0.0719428962009615
-0.365545925994891 0.0434415852834048 0.173239763645626 0.114131119442003
-0.370072744491635 0.11488188157997 0.134153837191828 0.00875017166310221
-0.257373272982697 0.266628645849441 -0.0106777868196876 0.00122137075167579
-0.0935222481397233 0.341618491553379 -0.0418206356681563 0.0679208158673753
0.049896405133282 0.338145016321906 0.0201741303280577 0.132003447241882
0.171357694066917 0.280102073528168 0.100159428000426 0.143296496166231
0.240014913351022 0.194348226965909 0.151223234225687 0.104313120039955
0.232634829502251 0.167141088127823 0.173275041225555 0.0625920035057218
0.232711564699854 0.148731770893865 0.159684402081932 0.0586665560163488
0.220872740281973 0.223756018735679 0.126456962403538 0.0487004828902054
0.124894598636196 0.288634766784251 0.0803211002194156 0.0472402200088321
0.0229632952064746 0.32942559162131 0.069340914833339 0.0378632080096791
-0.131855633054108 0.296919069015988 0.0268468432237438 0.0471254088180059
-0.287103646764263 0.184136106190413 0.0475991527174166 -0.0299150809648843
-0.366331308447028 0.130104365000677 0.205716214232108 -0.0889815610921574
-0.252253112940654 0.0655479812818289 0.318452491143846 0.114832094258093
-0.229939281017788 0.116152610850299 0.236919788682483 -0.0111113873747151
-0.136156634159058 0.190416108590498 0.0486773179659785 -0.00841635518682997
-0.0418312416491749 0.209763238732452 -0.0178202472263889 0.0674783469314084
0.0331795799846086 0.216249299830745 0.0437144234553797 0.176197566406714
0.117597444700647 0.187199381695153 0.155871386243192 0.203729474680434
0.164501733062777 0.140302179985911 0.231571564680387 0.164914770381226
0.156988555519282 0.128307283807492 0.256737824055908 0.115656675303361
0.151819685873534 0.123852950567873 0.23401686530452 0.111191168260461
0.132079520847326 0.170118876585257 0.177051497295742 0.108015585512287
0.0532287301271897 0.200146930554544 0.0993476385016068 0.101780018116422
-0.0191108809256193 0.193265398277145 0.0621773112711077 0.0527150211463117
-0.0812249860639228 0.164822902520734 0.0398109261392644 0.0229439783606228
-0.169042875939426 0.119398342996302 0.0925794342683876 -0.05626882612082
-0.241326382464244 0.11306131277874 0.304725648536101 -0.0974662961531825
-0.0941410490486029 0.0698348345102477 0.415940534626235 0.102537317285299
-0.0532606356696923 0.0793092738695072 0.303227706683578 -0.0408158856582642
-0.00577079143499524 0.0672442840562385 0.0974680747438876 -0.0325994456531644
-0.00322095008702651 0.0424802543440678 0.00512868775676573 0.0437696357886388
-0.000813752601992891 0.0684791042099719 0.0607435556907712 0.183411769787107
0.038307328926628 0.0719220031228943 0.189052247656028 0.223637062954589
0.0604569570393614 0.0683240603455482 0.277594281564189 0.193995042614791
0.0577846387820841 0.0696925283416731 0.30100746618326 0.150607349832114
0.0536420333158997 0.0747871742054574 0.269848710147699 0.153334084528499
0.0388999876437987 0.086463205136104 0.19362737158516 0.160476801627177
-0.00339346708377459 0.0836648916587633 0.0934319746248129 0.147561038245669
-0.0290863899694632 0.0453721929157911 0.039681634777051 0.0609322115496395
-0.00596795337371581 0.0415827184738762 0.0458175906395289 0.00139068058023671
-0.0315220662743528 0.0680792538040518 0.121694968932596 -0.0659512427434385
-0.0903015112785678 0.0949363135723017 0.356901090353179 -0.0956041336965422
-0.0693853448918099 -0.0476941885329131 -0.372537803330147 0.0777395460153685
-0.100714924558291 -0.0335567007156291 -0.197777296053461 0.106241462581153
-0.0827027598366969 0.0571160254001557 -0.0591612111862682 0.0265867036815183
-0.00465155462649053 0.0858654298131303 0.00431194364096679 -0.0270917667687338
0.0354057445815983 0.0480125489942906 -0.0458753476372952 -0.153587549129844
0.0375855738858685 0.0255563018547404 -0.16232502128556 -0.194167258367371
0.0445892521384318 -0.000415810840924815 -0.254556070627757 -0.188807636157876
0.050368214448759 -0.000518178798695099 -0.293343084111057 -0.166761140417171
0.0629439373561579 0.00145736242874071 -0.280540900492846 -0.179378095767854
0.0666962935051502 0.0392432570563244 -0.208386285943512 -0.196532432174882
0.0446480461544213 0.0718999152946631 -0.0981509469028153 -0.173009100249954
0.00133170904094946 0.11523794428379 -0.0434943633972284 -0.043663362841495
-0.0967493525526326 0.0739978529104893 -0.11705880912213 0.0463525489990681
-0.120719896960796 -0.0339366939451111 -0.250335592853335 0.0283294927809638
-0.0792763407925863 -0.0616985833262609 -0.412220148671632 -0.0961074645597828
-0.20238338290032 -0.0376534318807507 -0.351087516258101 0.0649590501562606
-0.223016714101746 -0.0119715054726281 -0.203840151729884 0.0819338680862318
-0.170821052217492 0.124368136573605 -0.0838740147000435 0.0337164194476507
-0.0516433523514481 0.194230436544203 -0.000428156327268941 -0.00407634495333423
0.0466665583263251 0.169482220599179 -0.0267730380884841 -0.133908850130375
0.100391770013717 0.132458779859259 -0.128273118468876 -0.178003263335799
0.140766704417561 0.0778985542541118 -0.214280950455926 -0.177499432123509
0.149961244705371 0.0702560815196843 -0.2465951696058 -0.15278941954294
0.163669092820932 0.065173154841606 -0.241020291240211 -0.151187069117609
0.16314179880346 0.136711981589552 -0.186508880422815 -0.165799842807356
0.0978816306869416 0.197676550972089 -0.094653049292196 -0.146299980483198
0.0108272764848296 0.265547030050267 -0.0317316566725542 -0.0188542667290427
-0.166085101787909 0.215875377525748 -0.111725160716217 0.0830535282375807
-0.272025548533833 0.0517945874109802 -0.229435852193569 0.0592609598251371
-0.254385072084468 -0.0210332061057435 -0.349322547252884 -0.0684299449256647
-0.313342313204402 -0.0284929289723609 -0.275400072974702 0.0665611458438538
-0.331763386523332 0.00945315455787228 -0.17316200853179 0.0572515084121599
-0.255183566448039 0.182632663402096 -0.101854020357623 0.0286384019326168
-0.102703654038025 0.290479688278492 -0.0204584003357465 0.0156508433150547
0.0469266140874165 0.282157334323148 -0.0184711816944748 -0.0898972694753115
0.148938292805387 0.231195219285087 -0.083801615151439 -0.127342372261858
0.215848770289572 0.149237156471889 -0.1448425352404 -0.131330744018858
0.226489653607172 0.128159366653766 -0.160942122447791 -0.115619768942702
0.2407020669891 0.111038961066472 -0.160906686630392 -0.105618977038996
0.243522416020132 0.202353419399564 -0.13053006689452 -0.118948467768611
0.154185712809194 0.288264830289016 -0.0682237848000539 -0.105961168359672
0.0443355762186336 0.37949255901226 -0.00693378258728596 -0.000742898104613564
-0.191958494961748 0.338012942314237 -0.079996490727611 0.100780493549112
-0.366916839164492 0.144886484799364 -0.171874349456936 0.0681295430846467
-0.382302727946016 0.0366015166854741 -0.232230799422908 -0.0534504115966326
-0.384628197056341 -0.0135818753357846 -0.152528354523748 0.0810158123423019
-0.410173393153373 0.0414084118022044 -0.0990230210408602 0.0384578061334484
-0.313548566925347 0.237615603650921 -0.0972420644094301 0.0164340127869541
-0.134209042162751 0.366163596307079 -0.0422966063185902 0.033416254702433
0.0476632591281002 0.365037364097207 -0.0144843803267843 -0.0224558660883746
0.180234856167797 0.299484843459451 -0.0301687352685808 -0.0456354832249016
0.261713332502692 0.198045575043199 -0.052909587185007 -0.0600797017757072
0.267570957501477 0.16594997833718 -0.0525289294501298 -0.0620794788990844
0.279040779575451 0.140095127794583 -0.0552680073626218 -0.0530527869192714
0.28489078862333 0.236579524162528 -0.0472140483119951 -0.0654950111684737
0.185420108957708 0.334589050073751 -0.0212460695851158 -0.0580931529251664
0.0683889939566833 0.432900241757933 0.0249637419507891 0.0116710234977077
-0.185529972481041 0.401618642763775 -0.0375962642440868 0.0945547496402171
-0.396997159146322 0.2078852819323 -0.0943472080223143 0.0499695859190303
-0.441902550379655 0.0889675059296323 -0.0847385412441375 -0.056578237925712
-0.40199032839683 0.0117226455068934 0.00271924433538149 0.100277494597151
-0.427465577400661 0.0786678116583873 0.0105140303027571 0.023687664974575
-0.318002830317279 0.271055311274159 -0.065084067833687 0.00657053224835774
-0.132018581536455 0.389464854928991 -0.0525835003445807 0.0527035483311124
0.0505670786115492 0.38624921540642 -0.00460082039737516 0.0577219320206161
0.189173743215017 0.318606433934059 0.0325217449917805 0.0516713569847676
0.268880322752828 0.21318192995512 0.0498045165195395 0.0240840443526203
0.268586307074128 0.178716893787251 0.0631287795780603 -0.000411684224407122
0.272884794620619 0.15311027145531 0.0566328699310978 0.00190057047501433
0.274787890514196 0.242347946861049 0.044788838288018 -0.0101026715423207
0.175398540314963 0.332161251635314 0.0342817296218136 -0.00740828098169768
0.0620809392933603 0.410963089330961 0.0536662450032918 0.0214209409427491
-0.161775448668911 0.382393939410149 0.0027395367536873 0.0723625820832377
-0.365558126763149 0.218498302008608 -0.0154640270565094 0.0121599618656649
-0.42971163674202 0.118490675144486 0.0671931710215992 -0.0716694860595275
-0.354429786849153 0.0414202461005822 0.166276166251919 0.114502606045957
-0.363272493917393 0.110683968879483 0.129637479585094 0.00940188867175117
-0.251536805672808 0.257267512255359 -0.0128336100926702 0.000278400197172551
-0.0935608045656356 0.333018499554866 -0.0441591185261895 0.0678176445019022
0.0472210865207137 0.330900922933877 0.015304809375961 0.130024793195659
0.168338153020244 0.275248472341776 0.0979395138269951 0.141324917372732
0.235062964690191 0.190990428770351 0.148399725713734 0.104626585979267
0.229724378077667 0.165189869153485 0.168757116786025 0.061289533414482
0.226565130831171 0.149105130854764 0.156313386815469 0.0573321215166067
0.216068700136237 0.219988756098857 0.12360724020698 0.0473926923978894
0.121174520337421 0.284101611637225 0.0789270101086729 0.0465832509772517
0.0221966380359458 0.322248247047497 0.067692395545497 0.034727595037504
-0.130075300736639 0.288845050167952 0.0291636476652299 0.0463069759263481
-0.283345901605806 0.177168866060447 0.0478434244277974 -0.0266922745657639
-0.35617244993836 0.121538724483437 0.200887664684844 -0.0881441621613331
-0.245286200010444 0.0635317399096339 0.308334719083498 0.116123339711423
-0.225118670593497 0.112724916798716 0.231011681438929 -0.00964813311030006
-0.132807767677837 0.184076059685692 0.0458706511672127 -0.008328806858008
-0.0424097614879648 0.204229993350826 -0.0205381201097011 0.0665979367969074
0.0319076411849593 0.212545407873885 0.039058115254553 0.172710222153368
0.115700549199063 0.183527526256256 0.152789856051605 0.20096331625159
0.161724185336943 0.137877708976384 0.228053112755232 0.163768498530688
0.155360101690338 0.127256457955035 0.250008765572899 0.113355787481005
0.148325688514907 0.123530754809543 0.228242333484047 0.108922984058775
0.129053958854406 0.167017677346817 0.173053313308009 0.105627004067933
0.051594918399784 0.196376888696928 0.0976525684060985 0.0994632842790412
-0.0182564049961055 0.188026817795812 0.0601988005298774 0.0492097738984854
-0.0788035931938633 0.159559692471761 0.0405584228149247 0.0231825379180968
-0.166309148403648 0.11571356707122 0.0923490533453541 -0.0523297315069234
-0.23465843578154 0.108669451360312 0.298340091502807 -0.0954103448863194
-0.0913122982683481 0.0689627659577976 0.40413654346549 0.104382177672217
-0.0509264136398072 0.0781245136498661 0.29653575928304 -0.0381772907831455
-0.00515046909671853 0.0653005360653885 0.094792170301412 -0.0316072411368077
-0.00373336661912856 0.039960517604967 0.002155241067409 0.0436916549474278
-0.000885641088508767 0.067745517347672 0.0568485261592794 0.180227610810584
0.0378622576105214 0.0704155731407714 0.184710589506426 0.220952647681651
0.0597338774076041 0.0670306879879301 0.273326398754108 0.191352549195403
0.0576303488669283 0.0690910662524329 0.293298678020009 0.148001752316876
0.0528164514896843 0.0749783358537967 0.263826864096067 0.15026625415191
0.0370784834486487 0.085302593296263 0.190270682238146 0.157012492296412
-0.00430507657472034 0.0812743317041232 0.0917516290537848 0.143466589967038
-0.0286877062371003 0.0427490614562056 0.0381808629377869 0.0585042874818552
-0.00411752499340664 0.0395039198757108 0.0450667687209643 0.00166452555531711
-0.0304550036714872 0.0666697775960061 0.121264353983002 -0.0624589497158301
-0.0874388297526371 0.0928155072820337 0.349110418604024 -0.0940236503966816
-0.0694571242884444 -0.0493267847049746 -0.374379521184932 0.0772499986427318
-0.10295602308469 -0.0349316191004583 -0.200420871178439 0.105886761880516
-0.0832461790183567 0.0582231156193238 -0.0609231580310356 0.0266251661379342
-0.00464763351751812 0.087397860954339 0.00481172837250952 -0.0259109705182335
0.0356143745095142 0.0480168505249046 -0.0455551132011626 -0.151762319930654
0.0380613964183619 0.0259115149757685 -0.163618578123047 -0.193781614719471
0.0442739738817922 8.62809542965699E-05 -0.257186849934556 -0.188653048841185
0.0500540346672189 -0.000757372249609364 -0.294853133190508 -0.167785414453082
0.0628898833868747 0.000853549825171438 -0.281697073687687 -0.180884918656196
0.0677242278576308 0.0392195425713947 -0.20938850810535 -0.200771938368561
0.0449166616196078 0.0733685386861447 -0.0973634424373534 -0.175965245559855
0.00101365433627804 0.117356950556716 -0.0412093067488558 -0.0454667306055707
-0.0991131068431065 0.0746806553215564 -0.115522278045511 0.0457883136288732
-0.123100839822267 -0.0358349989827411 -0.252761011393114 0.0257033992997555
-0.079811954543492 -0.0643445736278166 -0.414910613809503 -0.0997300171849758
-0.20201402588342 -0.0401998376325908 -0.353473463627139 0.0637912186769377
-0.225410565598849 -0.0146235693675455 -0.206455405859049 0.081215141128415
-0.171462665638378 0.123972592105372 -0.0868795616151347 0.0336773325292879
-0.0519533449524683 0.195709723128212 -0.000595156855730612 -0.00280834737998201
0.0467048798111131 0.169537874827931 -0.0272068852022324 -0.132471398530634
0.101634915037372 0.133198807311812 -0.128666138318974 -0.17834897832566
0.141380728906635 0.0789873751265498 -0.21637670530726 -0.176654806724519
0.150555803914552 0.0709888354443317 -0.248454101515164 -0.154379135323491
0.164381714361483 0.0658975772969484 -0.242393545068742 -0.153627087213837
0.164898896559197 0.137554557489916 -0.188567568036533 -0.16953833010743
0.0982180642387451 0.20046491696913 -0.0946658830964578 -0.148664058948522
0.0113762827614896 0.268238049137041 -0.0300870516929701 -0.021614494744498
-0.169378163641886 0.217061637251555 -0.108719544900238 0.0825490925032163
-0.275949101511078 0.0496130009162892 -0.230570861714001 0.0569315981212936
-0.255361577304983 -0.0248230542629137 -0.352018387758157 -0.0722449459640914
-0.312001438336553 -0.0317087168610153 -0.278040850574878 0.0667274890632629
-0.335142982098602 0.00549807382576255 -0.176305954110927 0.0559339545060823
-0.255568458828875 0.180343422611218 -0.105870394801802 0.0279601641709641
-0.10443667833316 0.291851965369932 -0.021034118775355 0.0170892005916709
0.0460053824808506 0.283525535322779 -0.0201164800852285 -0.0884472074918482
0.150175473223503 0.233047836943656 -0.0843660860977249 -0.127477137584421
0.217923842024615 0.151089942800283 -0.145451001026868 -0.130702734089941
0.228346546403764 0.12969643884019 -0.163183136559176 -0.117049867405305
0.241524302743667 0.113609273390349 -0.1616139183628 -0.10756314088084
0.245428968795151 0.204431510257715 -0.132084603440691 -0.12124228753364
0.154145313861247 0.292078968524632 -0.0688490595385401 -0.107644226347241
0.0432459127345568 0.381693866095288 -0.00599123347033363 -0.00369476853408088
-0.195905676294678 0.339930648996081 -0.0767632181323541 0.100810699208591
-0.372879681133497 0.143256400160357 -0.171940508638323 0.0681987671366868
-0.382885700205334 0.0314551311123305 -0.234083419617981 -0.0561537197975642
-0.383342441076576 -0.0163547765267101 -0.154911634689895 0.0818110116576797
-0.414185276862004 0.0378505922894753 -0.101770759894679 0.0372016257355578
-0.314695149143813 0.235602057371697 -0.101534115729866 0.0158680759073051
-0.137312580966645 0.368201088587309 -0.0435487437081917 0.0349683325244925
0.0458044409878544 0.366303395270209 -0.0172545854065322 -0.0211364549220394
0.182645784603664 0.302666959189568 -0.0305235441054331 -0.045276713288165
0.263719934067227 0.19995894715083 -0.0530304899060492 -0.0587898748123026
0.270319298283334 0.168494945308096 -0.0540410444472494 -0.0632209434627006
0.280101669636321 0.143655246807416 -0.0558198797480618 -0.0542021747888531
0.287174494960358 0.238863450904831 -0.048677668923709 -0.0671400004498285
0.186595254192264 0.338909336052835 -0.0211410919361014 -0.0594180696798605
0.0696357112110624 0.435163415461563 0.0251895921280373 0.00810290678785441
-0.187863925618721 0.402246174407528 -0.0335859777906703 0.0948577044772945
-0.402444849521426 0.206505176332615 -0.0936121783521549 0.0506442922630601
-0.444233516912757 0.0834197910152982 -0.0855986422441915 -0.0588324936743147
-0.400373215195945 0.00696021508905068 4.03767772853435E-05 0.102432862034413
-0.431567908421969 0.0753314384100624 0.00798696403447246 0.0236603940658743
-0.3197144527853 0.268628638950869 -0.0688322243596911 0.00598703959151592
-0.135310017045317 0.392134265296786 -0.055161210983632 0.054564164253777
0.0477609212803064 0.390260651087227 -0.00840555824212827 0.0590165524089905
0.190772774144788 0.320110316991071 0.0321862210406696 0.052861511776479
0.270895243512429 0.215451104849958 0.051072872076939 0.0256904403626007
0.272045394185169 0.180957976278232 0.0619919866992064 -0.000945999112118777
0.274469231215034 0.156641089427098 0.0567468574124295 0.00153228110837334
0.276673885217446 0.244331488670287 0.0438785325926743 -0.0110026830660687
0.175470696740781 0.336499241776385 0.0348516981357001 -0.00759674011643571
0.0613155234277681 0.414335029885324 0.0535292932725578 0.017810252788585
-0.16434431005455 0.383408105552514 0.00600493310816865 0.0721858357127112
-0.370202610685839 0.21720682406244 -0.0137341593968317 0.013195773797312
-0.431553761211695 0.113041151659903 0.0668318361464199 -0.0736900697612491
-0.353381732712306 0.0383478722415024 0.163809568078011 0.118701368348658
-0.367298821301744 0.107154529600629 0.12819767341779 0.0106104288165643
-0.253110632436313 0.255467390885188 -0.0159534434439004 -0.000156300629481175
-0.0964263697957981 0.333802843378737 -0.0465171256220787 0.0696081994715595
0.0464993434528717 0.333618444375988 0.0110156874550323 0.131482769886952
0.169182097953905 0.277335154945575 0.0976145232348538 0.14252604595079
0.236815784287951 0.193180773654272 0.150375850647067 0.10573820082534
0.231900945102115 0.167531286657675 0.168783548358518 0.0605208472451649
0.227156309098103 0.152609666392205 0.15652929477747 0.0576608391538279
0.217143303760457 0.221878441204528 0.123248498522419 0.0472760444609596
0.121268577877316 0.287347462435698 0.0795134451154503 0.0467929600403388
0.0223474724345807 0.323268949152075 0.0663737008123809 0.0328699580226222
-0.132447699640641 0.288966700691136 0.032131150383601 0.046802042946473
-0.287069756720128 0.17602336035432 0.050127023840997 -0.0246105739056622
-0.35676643890672 0.117489872059518 0.200938818001273 -0.089402807974013
-0.244157467030512 0.0629261244321449 0.30695142465817 0.121527907057606
-0.226225053684924 0.111958026067651 0.230979200322157 -0.00801520972999319
-0.133276875034979 0.182858131151919 0.0442505772393908 -0.00869675439885897
-0.0437735705823963 0.204197901871485 -0.0235350635707316 0.068442670777955
0.0316112683471991 0.213671470266439 0.0355772938940124 0.17433089192503
0.116699057661012 0.18477553908384 0.153413659574875 0.20206669209144
0.163231938962037 0.139383241749525 0.23023680787528 0.1649335306546
0.157921997324431 0.128264891466336 0.251056053834425 0.113362465882154
0.149158984501585 0.126881360116126 0.228732507861887 0.109250957701285
0.129573005306778 0.16863222711689 0.173727946070197 0.106503384633627
0.0509686416355935 0.197731464460487 0.0982955255495129 0.0996822088224778
-0.0187479143811248 0.187506309921953 0.0589840929323747 0.0480444525780074
-0.078843230384655 0.158637772542565 0.0419771542277829 0.0235704194237016
-0.168073810824783 0.114785166674615 0.0949750196253337 -0.0499999608861574
-0.234350543110134 0.107328000624579 0.30017128349104 -0.0972070702446324
-0.091046678754326 0.0698206732674993 0.403116804963542 0.109758195978451
-0.0496719856030873 0.0791545573552554 0.297589795163082 -0.0357281135671991
-0.00456154402402521 0.0646479205187108 0.0938899908675555 -0.031462674595667
-0.0045678997991813 0.0390163052188132 -0.000668093717493892 0.0451556290060452
-0.000554738988108387 0.0683054244392477 0.0537036426489892 0.18151782466653
0.0386885846520471 0.0707594988815927 0.185737266538396 0.222666569809554
0.060563630178899 0.0671794814492986 0.275915723982323 0.192325103012901
0.0593726043031647 0.0695047291061704 0.294617236523534 0.148644833411158
0.0538805451983683 0.0768099032445642 0.264808810859922 0.15083310114794
0.0367046632721223 0.0861641865154905 0.191367417451908 0.156647592363294
-0.00455979877958353 0.0813370854113847 0.0921490477119694 0.14325303329658
-0.0294485110132991 0.041316502865514 0.0372173886127348 0.0576998155619771
-0.00239916042903121 0.037463824217167 0.0451434637385201 0.00197813091697644
-0.0300538862633908 0.0668534142612957 0.123579998323505 -0.0605691171329351
-0.0863539566969471 0.093143897461738 0.351247675067263 -0.095189975164153
-0.0718346677973434 -0.0504414770550303 -0.381392616213013 0.0837533817841346
-0.108695020679137 -0.034447898778183 -0.20387118038358 0.111604508140862
-0.0843172529571928 0.0617770802363612 -0.0631841925489066 0.0287880504338316
-0.00222398488922421 0.0915511758628491 0.00543062421588124 -0.0258299525746115
0.0374364293248404 0.048379931548042 -0.0483429161286966 -0.152847403846304
0.039491668489675 0.0260368915773213 -0.171227966408367 -0.193066332369863
0.0449997223717066 -0.000313420394492404 -0.267992274430414 -0.18618825896696
0.0501936482553677 -0.00168340774399051 -0.305042875289224 -0.165956062373135
0.063752328561583 -0.00120233027696214 -0.291999928492828 -0.181945293570478
0.0710209537264685 0.038649243688611 -0.218842235876504 -0.203518690655334
0.0475974339309419 0.0751685781143512 -0.102249221962842 -0.180770393298566
0.00390000028499745 0.121672615103029 -0.0404948994339345 -0.0471402097223357
-0.10198094090124 0.0788664209532109 -0.11428182544054 0.0477013705766664
-0.127622021106041 -0.0350797141088784 -0.258755568730563 0.0284301764213464
-0.0833878385487098 -0.0659303074007792 -0.426490900810798 -0.0950666341724979
-0.205456028659575 -0.0389765191646167 -0.360252818732844 0.0708751519700115
-0.233624300175953 -0.0124502095310732 -0.211060956621868 0.0863566471853659
-0.172516796951181 0.128770317399596 -0.090558215788341 0.0356154890788841
-0.0492824508617296 0.202020920363156 -0.000256968674123508 -0.00181366742252628
0.0505303682959159 0.173091248789417 -0.030315481541069 -0.133026916559812
0.107142345411488 0.134884353676951 -0.135441574333406 -0.178332714726268
0.146581665231909 0.0788576537222771 -0.225374181645732 -0.175019550692308
0.155578157264331 0.0693796150904639 -0.257396210708326 -0.153935850022488
0.168987764947394 0.0644106468739533 -0.251072329829247 -0.152953622908062
0.172368460564762 0.137993420118605 -0.197239269987675 -0.171825286026411
0.104118917923151 0.205145805847879 -0.0989393631383393 -0.152768321382274
0.0169452928774348 0.275380802142611 -0.0293045698028088 -0.024387999158864
-0.171810970225012 0.225741025026783 -0.106071841025097 0.0852532305364969
-0.283853317541466 0.0542630435205879 -0.235056693911152 0.0608138928572079
-0.2612332494913 -0.0240138674384396 -0.361232508970371 -0.0688683530783476
-0.317154058023207 -0.0290107022823478 -0.283998582812585 0.0722748990779732
-0.345021984503521 0.00933285933852037 -0.181872362967651 0.0597575141594753
-0.257115936510039 0.185796713699083 -0.110456901836603 0.0301806747708316
-0.101911960382892 0.3011126742153 -0.0215907971253662 0.0194358300965761
0.0515380120812803 0.289797946075954 -0.0233673020222888 -0.0882744037217853
0.159146922316751 0.235873965314598 -0.0889131119524034 -0.127818506412164
0.226485023295521 0.150882047404848 -0.151553882622005 -0.12914684653019
0.236609737297455 0.128939435038323 -0.16996772840454 -0.116999257747928
0.248414911401897 0.11325047601507 -0.167310653496194 -0.107868557588429
0.255928458179734 0.204929054545477 -0.138677694400557 -0.123286841261978
0.163324552084965 0.298553311529972 -0.0713926971014269 -0.11023135962715
0.0514367663370222 0.390648500321992 -0.00565456409637069 -0.00704551590864167
-0.196053321583763 0.350964546881464 -0.0728966280236974 0.103212650288749
-0.381447188499205 0.15065496346373 -0.174758579499123 0.072210754181761
-0.392194298157286 0.0348197909150588 -0.240928748081745 -0.055479701653815
-0.388459327913546 -0.0130435104664128 -0.15863582262117 0.0873278884602878
-0.424999424271146 0.0422058390681295 -0.105777391044283 0.0396021761131686
-0.317552623038978 0.242597315468059 -0.107046436770164 0.0182147746806957
-0.135045166792431 0.377660784680787 -0.0450251252617227 0.0386266384350672
0.0535020783328922 0.373912776043503 -0.0210558110565177 -0.0197621577616516
0.193645151994716 0.307142898221803 -0.0326692309176299 -0.0449440261904941
0.273721636732769 0.200058285016656 -0.0546911214698312 -0.0584621747058328
0.281216394881411 0.168614760686189 -0.0576035068240982 -0.0642006039643047
0.288587589545897 0.144050771749978 -0.0578006408997816 -0.0552691765694059
0.299125512593675 0.239835045141063 -0.0520113894523471 -0.068577112001132
0.197026505374455 0.344652120770022 -0.0219890648560619 -0.0615686312565195
0.0784749918980592 0.444624597072727 0.0257860876343696 0.00479533233021634
-0.187746792960959 0.415288241836446 -0.0282991490193922 0.0960977851425435
-0.411678837831811 0.216580862975026 -0.0932573681217992 0.0542350694314183
-0.452423654413863 0.0888955630357037 -0.0898440248573746 -0.0606949582784962
-0.406269576169703 0.0120795537651618 0.00041757975873396 0.107045402376754
-0.441618472434011 0.0816901957444811 0.00605668191130073 0.0241847193716212
-0.321255301853502 0.275558012573632 -0.0746462677973704 0.00745167151015547
-0.133115393464421 0.401518545717992 -0.0567717448472452 0.0582883609829087
0.0557846941209151 0.398591559405412 -0.0110507809861892 0.0623584830228876
0.20203175468078 0.324202986233671 0.0332741989172812 0.0541093761019273
0.282600114364993 0.215701461778174 0.0534611201734838 0.0257678721025982
0.283156941784896 0.181253859704355 0.0617336584478362 -0.00281049204887459
0.283918756178202 0.158136215784582 0.0581636373296512 0.000243985744512262
0.287558668905501 0.245334014320742 0.0438771015908292 -0.0124425429627307
0.185316878003298 0.344266768093062 0.0363626844118552 -0.00915635872232365
0.0717900300053387 0.421892322071686 0.0541688727315944 0.0152213739359854
-0.162308903959474 0.393789796542572 0.0117189054415384 0.0729902693216238
-0.376682392569882 0.227842627522475 -0.0119844401068674 0.0149795911601054
-0.437806658732461 0.119009444675533 0.0662140820093521 -0.0781532655303887
-0.357864092177684 0.0433813518640556 0.167711970821159 0.121435135127642
-0.374203823601104 0.114149443487471 0.129224692229751 0.00948606028476089
-0.253213225723565 0.261336821118757 -0.0196475534220989 0.00123716432523902
-0.0939321646203665 0.342154435916777 -0.048207781378613 0.0735788325154879
0.0524449393088801 0.34131877266269 0.00935640427085473 0.135867268336615
0.179421934586774 0.280454801957488 0.101937587951294 0.14454965375414
0.24735486969083 0.192822253874728 0.157266118407177 0.105387006927389
0.242553762812437 0.167707363364977 0.17191715165077 0.0589889951913163
0.236090473802841 0.154446722045132 0.160826231449351 0.055550454108707
0.227141717080691 0.223913705364044 0.126762364456298 0.0456212680887897
0.129471555948042 0.293547873512003 0.0824491970101124 0.0458274826872005
0.0286209392079321 0.328943063496393 0.0674660715465279 0.0299124428223889
-0.130266272205275 0.29612382027463 0.0365806516495174 0.0474130557322195
-0.292557664253767 0.183993791320456 0.0536188244825744 -0.024162753774338
-0.360963197883085 0.123937565065367 0.2039012435865 -0.0963311735214451
-0.24673297758507 0.0680855539437388 0.313858403330414 0.122490866293856
-0.228762644092278 0.117497979278326 0.234908498515814 -0.0104553673264771
-0.132074752593353 0.187367917098004 0.0426793362110427 -0.00847801254120612
-0.0423198366369037 0.208339862283492 -0.0250217812387175 0.0720218015613265
0.0356804248719986 0.219716509921151 0.0353665220298992 0.179259904755179
0.123313991568268 0.187102565492213 0.159375148773272 0.205152555650139
0.170322657272525 0.13888660589546 0.239921020324673 0.1636844860378
0.165736521971458 0.128646970144875 0.256916937699087 0.111197438438146
0.156130072902992 0.128914143277514 0.235933714922942 0.107117414544465
0.135908363925857 0.170926577543112 0.1799797463482 0.104708958798363
0.0555840277766103 0.202480282581336 0.102631775788407 0.0995469412021961
-0.015988175966202 0.190753164748087 0.0599482976013678 0.0465947696797646
-0.077609932258349 0.161552250951832 0.0450500449053177 0.0238125660669756
-0.170358618971637 0.119476717839261 0.0979990853473107 -0.0508072091962112
-0.2353099801047 0.112113576646882 0.304212309258092 -0.10665619434678
-0.0905364897297736 0.0735209315255099 0.411877048631394 0.108957368451472
-0.0477835531602691 0.0815793000216283 0.302728630113638 -0.0400138518693012
-0.00214140261200684 0.0655323247406958 0.0941180662864628 -0.0325470279404698
-0.00450650058721603 0.0386447357626111 -0.00209271990923292 0.0476305234530184
0.000848956030523033 0.070256238615258 0.0552181406094227 0.186308946029441
0.0410659924599827 0.0716303298275834 0.193542312390514 0.225072218773557
0.0633118977497383 0.0673501363662156 0.28682497069192 0.190773372324952
0.0629887119290722 0.0706672341328075 0.303166229851987 0.147069302118132
0.0574859064892771 0.078792597685608 0.273071323332333 0.148758124532358
0.0390573375116016 0.0878786327891146 0.199097673316729 0.15600366808892
-0.00388832084562471 0.0828400485061043 0.0973045999220388 0.14426728030469
-0.0300061166717545 0.0410392425569648 0.0377280258701597 0.0573600083817834
-0.000533930332142494 0.0365245582291891 0.0461956306758747 0.000989925085889185
-0.0288615478608267 0.0685536420934905 0.126388989511284 -0.0621477815762264
-0.0846832373129104 0.0969509569563003 0.357292200151674 -0.105846188668931
-0.076046437415823 -0.0494363476906307 -0.384605462443092 0.101680277515328
-0.115173672707316 -0.0301422911028493 -0.20280572548822 0.122760497075751
-0.0828779756706083 0.0676524790564663 -0.0637083311330857 0.0323820730053244
0.00312064065855095 0.0950838367242532 0.00527514006650233 -0.025740353146137
0.0404566358941108 0.0476297423179135 -0.0551137314759331 -0.151329027261114
0.0417874223968546 0.0250504067396193 -0.183056846845259 -0.186650752064039
0.0455940235853364 -0.00207539771529164 -0.282226561057188 -0.174652791248302
0.0499502902624729 -0.00415157254698795 -0.319230708563485 -0.154693921398957
0.0635486540902806 -0.00479804483417603 -0.306070727123299 -0.172641360657885
0.0749885568326615 0.036053682236107 -0.232949622134907 -0.199308855831788
0.0523304927951283 0.0756334159137051 -0.112590048956653 -0.18208732485278
0.0101843926050498 0.12481831537594 -0.0412673302402073 -0.0484996041853785
-0.102367837054001 0.0862732565316267 -0.11113532875308 0.0518801617070778
-0.133591870415235 -0.03053113801893 -0.263247030641351 0.0389348041874125
-0.0886419210250247 -0.0653998282156078 -0.438255138092055 -0.077965318197769
-0.209848430489021 -0.03306249340893 -0.363882692866226 0.0883382467621979
-0.241297391089273 -0.00270508680670214 -0.212179108837718 0.0969514364952451
-0.169201043642018 0.138381517923477 -0.092351716695043 0.0405994180967186
-0.0397466575684825 0.209642568323262 0.000326530790436959 -0.000419179263389353
0.0598194713626909 0.174610863726731 -0.0368642252773327 -0.13233066135291
0.116163013682144 0.132872374645378 -0.146024220134515 -0.173648158437309
0.153560928705035 0.0736272613706076 -0.238188910276741 -0.165553762893478
0.161554264123556 0.064130328912564 -0.269524902660472 -0.144106320693647
0.174453667166007 0.05834388043382 -0.262571733716406 -0.144815225299056
0.182749831509339 0.132107645126694 -0.209922399339129 -0.167318857320505
0.115922588324212 0.206362510359327 -0.108255601196746 -0.153225409990809
0.0309827391048939 0.280502388032385 -0.0300153761203463 -0.0259634932983218
-0.166984623714455 0.239028341248051 -0.100189216551615 0.089826636785501
-0.289602904066694 0.0675991495358045 -0.237076579650441 0.0708097750770587
-0.2679754879613 -0.0156624054058865 -0.372889588161428 -0.0542415674947554
-0.321816440377592 -0.0191201934417539 -0.286316539843775 0.0869164378504938
-0.353094880339985 0.0227728469175393 -0.184636264504529 0.0690088936979354
-0.252942934389656 0.198240539162075 -0.114520370729119 0.0362579133580374
-0.0897011482620637 0.311598018902749 -0.020720544444398 0.0225791658767893
0.0659252861632578 0.293079424472124 -0.0293153061116039 -0.0865768752960046
0.174353565685031 0.233265356321947 -0.0967637756605409 -0.124606165680132
0.238798063206 0.143335333077912 -0.15981208158767 -0.123407116845208
0.248042816554206 0.120803316940986 -0.179045657250042 -0.111190768379943
0.258171424736585 0.104639159531479 -0.175372895993747 -0.102808770135141
0.27109810403519 0.196591030661877 -0.14845241928795 -0.120825205821207
0.180323748295299 0.298957097384014 -0.0780598792789992 -0.11076317464732
0.0717243436787319 0.396841557670288 -0.00607619490718584 -0.00965958530236541
-0.186152406803044 0.366986923832587 -0.0645147903160085 0.106004883621562
-0.386559666355312 0.169503559816181 -0.173604027792763 0.0808426335740965
-0.397779345597274 0.0490176175222469 -0.248542061452313 -0.0463751375148629
-0.392783836446263 -0.000320464103871299 -0.158378706611605 0.0969095048114306
-0.433378889114265 0.0614794020313706 -0.108129143214003 0.0450446594121378
-0.310906694130173 0.255876529629557 -0.111469990896065 0.0247777232189559
-0.119993184213163 0.390746601642112 -0.0448693839739584 0.0431343154706406
0.0702798461891584 0.379725401565879 -0.0251532666345434 -0.0167306505924349
0.211937200828904 0.302146395049634 -0.0360035170877375 -0.0426082114891817
0.289479360987557 0.190901808956887 -0.0573115344250789 -0.0563476938864715
0.295711473368971 0.158905811694972 -0.0626731605609013 -0.0629786196763804
0.30053045868809 0.135711165312626 -0.0613831330415189 -0.0540119159551884
0.31597701763476 0.230627566742659 -0.0580881317457051 -0.0684618374472099
0.217841834195266 0.347021864963764 -0.0251402259356385 -0.0627634791558919
0.10157730152475 0.449872596853281 0.0256203866129927 0.000877838241664742
-0.174781776060922 0.431613356841017 -0.0198781534171874 0.0972631277253118
-0.412570094455039 0.237620150574618 -0.0909624249647556 0.0596222301946431
-0.457010314823903 0.105742258228225 -0.0947312718890299 -0.0590088140208719
-0.409798525807861 0.0272806311778114 0.00385456246755737 0.111451955141016
-0.448038231207522 0.102226052128541 0.00525050274883632 0.0255160723169335
-0.315489023461159 0.290465750225931 -0.0783700709209515 0.0127062855115439
-0.118693041972173 0.414525711834163 -0.0560133589739074 0.0642719910520617
0.0741087734468946 0.404184279855999 -0.0129062499414964 0.0663383043717637
0.221881865992186 0.320366010843469 0.0353325065741462 0.0548682411015082
0.298619909697701 0.205985059673659 0.0567247730393492 0.0238122682577031
0.298477481485803 0.171594211222898 0.0612939730396707 -0.00562677955730897
0.297105115647412 0.150504701713649 0.0593110652761747 -0.00244440549352994
0.305606630309529 0.236864570378277 0.0427324150133269 -0.0150030548243643
0.205544241004491 0.343882135490318 0.0362779617391956 -0.0115176007242822
0.0922299934278534 0.426478703592856 0.0543456777003168 0.0107888896874941
-0.149153182956927 0.40854306665608 0.0194620285612628 0.0728228269387174
-0.377894417747723 0.246360451781903 -0.00887542213077946 0.0176773907793079
-0.440419870570936 0.137740265207742 0.06311540060802 -0.084336067112969
-0.359654336454964 0.0572587521705719 0.174414017126668 0.120204404902223
-0.375704709421557 0.131383023528611 0.130553717754423 0.00488443693989847
-0.246772477651661 0.274280504800449 -0.0222915244261504 0.00383279572212089
-0.0822666094787961 0.352063847347392 -0.0477803267432518 0.0793959690641588
0.0685308816936731 0.346629578754988 0.011300656410803 0.140181302533487
0.196363578215433 0.277397434582983 0.109463503809369 0.14432561539825
0.261882951654437 0.184842600316305 0.165643930169637 0.0993234224826864
0.257033741357779 0.159802473167391 0.176578986833681 0.0521212507053384
0.248997004387089 0.148545764582423 0.166899117079843 0.0498217678101883
0.242142177588544 0.217884445876011 0.13032447234486 0.0405643263582549
0.145734263021523 0.29430255678469 0.0863893325031533 0.0423760747571151
0.0448380279992038 0.333088173578567 0.0684375861036962 0.0254558032209319
-0.120023515699451 0.306269680900664 0.0429132666588647 0.0458854458131273
-0.291577354813446 0.199507281473025 0.0559271448637923 -0.0253652914117846
-0.360453063616124 0.139510843176263 0.201828708298763 -0.109794406883792
-0.246352571379152 0.0789556243276785 0.323194680769332 0.115142471612971
-0.227208274809142 0.129232556056504 0.2370729595438 -0.0195928860822842
-0.125163431522006 0.194035883505025 0.0412062521380864 -0.00892642279112018
-0.0350967119796556 0.21273284658361 -0.0238075515678888 0.0764272169701365
0.0461560015999005 0.222678904363675 0.0398982691469095 0.183073104038484
0.13517235429016 0.184431751667202 0.171385046958741 0.203131260885236
0.180985765545673 0.133126356065548 0.253167428478429 0.154697251363556
0.176611825877021 0.124041746812104 0.265537162138453 0.101136376865459
0.166680878599686 0.125672111642063 0.245162936902645 0.0981461786889937
0.146581830597502 0.167805876558538 0.188152084907337 0.0977465813266565
0.0659458805336944 0.204226967179745 0.109661439189624 0.0963372415113958
-0.0080311503644485 0.193471717611278 0.0618817952768364 0.0434830893715104
-0.0711332508181136 0.165580071509104 0.0487125093360698 0.0222074570288821
-0.168136499065963 0.128961689770393 0.100052028962847 -0.0548957818006234
-0.2334611123059 0.123092764312571 0.303504402148175 -0.124201924831379
-0.0873608288867342 0.0789782995611511 0.423371561981667 0.0962236873969786
-0.0434522206386512 0.0848950545207826 0.305776098262789 -0.0526162307771355
0.00160107297634017 0.0657119680913336 0.0936113606738408 -0.0361402307016077
-0.00471237474699531 0.0382255653822987 -0.0020248989746017 0.0504388448143081
0.00402677670961556 0.0719741767787088 0.0620089995483585 0.18948430875202
0.0452452320447059 0.0702502066030773 0.20723589350106 0.221991405648663
0.0680107779207887 0.0653614602415841 0.301886105649302 0.180239229465775
0.0688822352075794 0.069017096306496 0.31479530842718 0.135307222793494
0.0636636070922147 0.0788772651070979 0.28477724221691 0.137895631492671
0.0436887761321294 0.0878288090057506 0.210341170485116 0.148428518340283
-0.00055265595688594 0.0841041728383748 0.106223202318967 0.141686405578466
-0.029623795101938 0.0414311296847072 0.0400826269426256 0.0557880855353991
0.00226635301075579 0.0347544440935925 0.0473215161424137 -0.000284155971361395
-0.0250345364769462 0.0707494786172268 0.127792132513122 -0.0675719622600962
-0.0804860959323796 0.102143091593654 0.357597326621954 -0.125735934815978
-0.0426612204397226 -0.0760666778292744 -0.394250007070504 -0.0777051053781318
-0.0904296196460206 -0.0777629272927242 -0.234720054469376 0.0237198305517988
-0.104005486493922 0.025971353659333 -0.0695416559315799 0.00116015939955649
-0.0376080150606852 0.0888926575712969 0.0185862185426738 -0.0197374531160715
0.0138083143083803 0.0623837169637824 0.0197341039839492 -0.159370530469338
0.025587991619738 0.0427602765636153 -0.0805885294501415 -0.247340352386522
0.0389482847168908 0.0176271275791425 -0.176353029503128 -0.278098807343416
0.04494395452433 0.0182102836609197 -0.217375723814398 -0.27369975865279
0.055745018215474 0.0229257028065119 -0.200578119741482 -0.284541587341505
0.0507533192626664 0.0643041980025452 -0.123203827018164 -0.276847876659235
0.014262735454974 0.0917578986080341 -0.0222977161345926 -0.210517991226055
-0.0449741733945604 0.11567133897146 -0.015112160151774 -0.0587103319212811
-0.133018862847574 0.0327848459433873 -0.122045358621827 -0.00572424949498293
-0.111896822726083 -0.0861813451694649 -0.25255521520313 -0.0896185886336399
-0.052657364098418 -0.0973578965515716 -0.353180133806647 -0.277698168338257
-0.169214419675105 -0.120730169175061 -0.368617941758948 -0.0768489541167623
-0.214616997422133 -0.108267686427652 -0.22866801386925 -0.00222178406992269
-0.211009999590648 0.0499968738134614 -0.0952370801887799 -0.00244646934043302
-0.12487533609363 0.170729984634031 0.00610212186734173 0.0024470479178788
-0.0246942366888038 0.183889395463762 0.0333027450087954 -0.134187089166298
0.0463335885827768 0.171815303405559 -0.0513436380926638 -0.222178080214686
0.104644386504815 0.132669062650073 -0.139562609639532 -0.251103090694973
0.117547084920874 0.129821449792389 -0.177488613386261 -0.243153901708766
0.128740129299475 0.127247224015664 -0.173099798096049 -0.240756663655325
0.107651793308116 0.196520146383119 -0.117934414468576 -0.237237703812733
0.0153847600241257 0.238045543290247 -0.0337694124457362 -0.179121879101242
-0.0927663089884149 0.264024058633014 -0.0192867077462404 -0.0307035583697548
-0.258282828078234 0.141185532892606 -0.133233218891928 0.0336616169635623
-0.294836737685917 -0.0662542440061148 -0.244187200904883 -0.0526031747983873
-0.234602384874432 -0.131177571283533 -0.302860041455049 -0.227536375289426
-0.275227867720768 -0.158862634048497 -0.298759423621065 -0.0398564981276585
-0.328866950554443 -0.13406102165907 -0.18832704686752 -0.0136662196111671
-0.313439439049655 0.0660055578547528 -0.110927078494935 -0.0147310539067537
-0.21375539499779 0.238233938495465 -0.0199570160676643 0.0157075289906078
-0.0713241936035858 0.291846457286575 0.0247691008310168 -0.0902368054319522
0.0559786660235752 0.286081637004592 -0.0265641263317168 -0.158506356741126
0.152243835459686 0.231947636735424 -0.0858253184153846 -0.181629670622535
0.172044472583774 0.220484764062344 -0.110576582966121 -0.176340324332466
0.184687127511975 0.20642113633183 -0.113081677061071 -0.165684173620399
0.160762961607352 0.291947511071391 -0.083417514418895 -0.167454225448234
0.0343668675146372 0.350239876303857 -0.0267618579584433 -0.125284100563907
-0.105951011055206 0.384026844785811 -0.00665776730498111 -0.00338540998921693
-0.331741855866624 0.247610553036947 -0.110939880672141 0.0649023999316218
-0.424095630806813 -0.0163356161183775 -0.192483354128405 -0.0171537091833204
-0.377409674813623 -0.130690646290369 -0.196527522001442 -0.16510381139844
-0.348951249103658 -0.175288165767266 -0.188370044293974 0.0285885880606349
-0.417864752520356 -0.137338915828481 -0.107579384199029 -0.00111814131006932
-0.391496215815616 0.0911623257586239 -0.100850096820967 -0.0231170519186498
-0.275859621630356 0.29531423921827 -0.0487495127674869 0.0252808546522279
-0.10558981762242 0.371672349393447 0.000457948159439354 -0.0254456258999767
0.0596491824043561 0.365064455688787 -0.00671476575770915 -0.0598482678772315
0.178675568018812 0.297983031346443 -0.0236698885920886 -0.0775131696799278
0.199445149987014 0.275731095247183 -0.0274008771352476 -0.0834705460549754
0.211261350930577 0.253207586330702 -0.0319441917875461 -0.0731236849197508
0.187862327981083 0.341746546997319 -0.0257078325875176 -0.0814202192191529
0.0478457427444351 0.408689179667473 -0.00209100035686878 -0.0579609039809633
-0.100915758776215 0.443405415355803 0.0149793307062964 0.0211660892952528
-0.34872656702587 0.310032058257731 -0.0681450015634074 0.0775167849140256
-0.477213096134815 0.0316447474194795 -0.108829484723998 0.00163950596562782
-0.454139057912212 -0.106718276736008 -0.0534877935566104 -0.105857465065186
-0.376535803426577 -0.159956236221381 -0.0473690197337258 0.115035897468746
-0.450108037093047 -0.106711075175468 0.00439196380857276 0.0307463047160447
-0.410080291651127 0.120731656953234 -0.0653989558740524 -0.0198395069347491
-0.285005143824481 0.317069248892035 -0.068202662325159 0.0383916686655402
-0.111794280320066 0.395083949058253 -0.0241376839453843 0.054581157208903
0.0605764745740929 0.385877182678849 0.0138287604089361 0.0591311467645895
0.181318515670634 0.316374357153484 0.0436568530805457 0.0436329887334418
0.196861903661422 0.28957346129494 0.0587780084755695 0.0204480703494657
0.2021749530562 0.264934777549898 0.0535983430619925 0.0239623790501234
0.175946191856149 0.342998519620191 0.0412784750592234 0.00920584519930861
0.0392757961144835 0.401589742950853 0.0306537597263779 0.0146959526411174
-0.0993031148157671 0.418187290823335 0.035720712745787 0.0427726766428929
-0.315943387406497 0.297994892330758 -0.0219031035780138 0.0737882443506395
-0.447422385386478 0.0558185066413893 -0.0157438552648803 0.00229783189409439
-0.452688673215661 -0.0710152968644694 0.0988623521688737 -0.0534856686066138
-0.346898714208952 -0.111918827970551 0.104298875763726 0.198497199711209
-0.399927988202419 -0.0489851430455043 0.125104982840351 0.0664187265487302
-0.341389876689012 0.135912689622886 -0.0126429995628782 -0.00358914676457227
-0.224742025781558 0.276714878826748 -0.069099155537107 0.0548234703828829
-0.0905166064581315 0.339565784559503 -0.0387679938151517 0.131551840559424
0.0578977044285981 0.334351506517461 0.0388771786100097 0.172448584231864
0.157928675109752 0.281296192608457 0.107586828043595 0.158810619226648
0.166129839181665 0.260755079356525 0.13618407455925 0.121104244431645
0.161899223555981 0.241632212137864 0.127680346347989 0.116005448281835
0.128022104737705 0.299201514157494 0.0959695783651004 0.0951586001258551
0.00691051738647045 0.330603451433345 0.052875763568665 0.0818045778653131
-0.101351744008797 0.314190646848757 0.0422036798360038 0.0588925629514914
-0.242393909841318 0.220119563599566 0.0126709746339463 0.0603745144791919
-0.347364675500939 0.0512840478335522 0.0627194730240565 -0.00411665352408078
-0.381388968131473 -0.0334501669739508 0.234288556289931 -0.0101260851244135
-0.256023765220741 -0.042414988761967 0.240883580907274 0.258137319777888
-0.264831983437367 0.014621880479846 0.228851194126652 0.088897431055301
-0.197123695238365 0.118555264869475 0.0470654546282437 0.0114861453126102
-0.122630413906467 0.17203754755824 -0.0507420973938662 0.0607664641695197
-0.0553268410711748 0.218286321949495 -0.0371901708297081 0.182357540756571
0.0437640156686526 0.223419511274607 0.0661892488216485 0.253620626881638
0.108647757128447 0.199511594416219 0.160464015688677 0.247491957825943
0.108809119551592 0.190853939345121 0.194046470875415 0.203264525331183
0.0980758333134135 0.184919599406148 0.17726253736611 0.192992999669805
0.0631564949884751 0.214175285135321 0.12445231945182 0.168353683227217
-0.026030404505497 0.213990593824106 0.0524241274689772 0.136516053674555
-0.0889591424215023 0.167203835246063 0.0310620931220563 0.068289523446607
-0.135992208801672 0.114912063061354 0.0311849099171978 0.042267640320373
-0.204573047037496 0.0412648564204284 0.115732180166164 -0.00702078870573525
-0.259800891803843 0.00750962312463676 0.331054168784856 0.0258993313105707
-0.114890434880292 0.0283659730653042 0.340802805314166 0.281676438972066
-0.0781225173461286 0.055768850265219 0.300718954534407 0.0870648474505489
-0.0268157314928598 0.0589040018816288 0.100585113006992 0.00905441727241678
-0.0211897119620431 0.0298909549516559 -0.0250190843403547 0.0460308596491972
-0.0261160215350232 0.0636264806981588 -0.0272421666093237 0.198663094693069
0.0121668710179042 0.0813297763283524 0.0884535459392012 0.289937692265378
0.0358847316896716 0.0885353288853414 0.191879674380475 0.291651764960142
0.0347552559991906 0.0938190376573936 0.222515005310268 0.254442592790633
0.0264276378385274 0.0981147108483992 0.195709604270941 0.244412589035819
0.00409993731875891 0.098227792348605 0.1238435550658 0.221394883068087
-0.0352716480639282 0.0753214732870771 0.0322161746691276 0.172257910048032
-0.0438889052359295 0.0228535662617133 0.00915974086381634 0.0667048772086321
-0.0108727742390119 0.0302218315012728 0.0416223340878493 0.0219338343229585
-0.0500784276452336 0.051603414075037 0.145778086458575 -0.002797316794605
-0.114311872781316 0.0564794331104628 0.37852518827882 0.0521458660758162
-0.0460402280584527 -0.0732150479467239 -0.387365011981193 -0.0581065309955721
-0.094897579969065 -0.0711400034524298 -0.227445931679578 0.0341364016747527
-0.100737288541237 0.0317153165171347 -0.0690976418347825 0.00436195110216397
-0.0304106372235597 0.0899794643817894 0.0173520478944341 -0.0194531463117533
0.0173553412173506 0.060285660549434 0.0122080007792635 -0.154988717922673
0.0274169365621554 0.0408208895500425 -0.0906402195762658 -0.235102363796502
0.0385023836277601 0.0152830702350843 -0.185991365162503 -0.260051662159327
0.0438568298494753 0.0152527551596205 -0.225264014582694 -0.255333491732066
0.0543713548743252 0.018683679537817 -0.20902534637895 -0.267753996555603
0.0532402825885782 0.0595091307743505 -0.135478299348505 -0.265790303136738
0.0182820446986928 0.0897960863877021 -0.0316085433310666 -0.206767545494438
-0.038004441395646 0.116621115726513 -0.0150194590109358 -0.0581858478257821
-0.13046244425045 0.0396985495447881 -0.117014748648948 -0.000692566643052682
-0.115177591072291 -0.0794287950927871 -0.251286200688918 -0.0764603241383736
-0.0571703007769323 -0.0941933848206657 -0.356177809909147 -0.253471939966676
-0.16968373473051 -0.111266274269453 -0.363218109005048 -0.0573367118488718
-0.217700339441326 -0.095553852431174 -0.223622398454435 0.00846906272266263
-0.203454064220595 0.058274689368013 -0.0950531639564935 0.00192989377063922
-0.11188439392764 0.173948535047487 0.00686553672208414 0.00358207384632119
-0.0139616789056293 0.180312780517978 0.0253271164849284 -0.131066146355002
0.0552430042376231 0.165163884672369 -0.0609877221724928 -0.212492966917039
0.109326741760205 0.123663088610559 -0.148082131019352 -0.2365557712911
0.121419416610804 0.120570176101 -0.186204969927071 -0.228392775003128
0.131186680259909 0.118401508196551 -0.180214333257712 -0.227562625995174
0.11560598275572 0.186126604834948 -0.127647298608047 -0.226915394712358
0.0276836649612382 0.233654540978775 -0.0411217760853548 -0.175236730895469
-0.0768849409435897 0.262602093759701 -0.0179170304946122 -0.0309213325184915
-0.246675271594593 0.151122414038219 -0.124056015719261 0.0377349076857137
-0.292681855855843 -0.0520135162991937 -0.240355904688529 -0.0391219247678122
-0.235376215765776 -0.120457615225126 -0.305816168013676 -0.208381525136448
-0.273454335557602 -0.143713967253607 -0.293184540370043 -0.0244874642404879
-0.328508393784647 -0.11646577770916 -0.185954096930076 -0.00456243896527973
-0.301525746145528 0.0767590218942076 -0.11106915884487 -0.00835721163357324
-0.196236018601535 0.243590025300453 -0.0187867530829748 0.017870918003277
-0.0543179169472692 0.289196060562409 0.0181586028696845 -0.0877025503262188
0.0700856580992771 0.27665534493171 -0.0343508934698995 -0.151714366588144
0.160413340527344 0.218427200305059 -0.0927616071499463 -0.171742923786856
0.179475752938906 0.206041421861949 -0.116704553982562 -0.166031641280212
0.18999144142723 0.193472796931663 -0.117503082756873 -0.156630345868465
0.171968189144434 0.276960424280567 -0.0912232968264229 -0.16024245415469
0.0521370810048736 0.343297679963889 -0.0329320440537875 -0.123042617133016
-0.0838260954043457 0.379813098408292 -0.00608332399028479 -0.00420035004179822
-0.314372302636832 0.257453309286615 -0.100445540371816 0.0673740812860735
-0.41743475177169 0.00274322142859241 -0.187726083073703 -0.00643190663371539
-0.374275028682131 -0.113233882312734 -0.198591109361584 -0.153631671646251
-0.344803901452566 -0.156817589317451 -0.182542339588947 0.037717209024743
-0.414604998752913 -0.115148784493768 -0.106965170670459 0.00459925297501155
-0.376468982702346 0.104412705471885 -0.1020343679898 -0.0171418762631146
-0.255165372614945 0.302100676832307 -0.0467369741639103 0.0289201993515136
-0.0848668225164464 0.36796544336974 -0.00329908528635023 -0.0233535656746798
0.0779433784771279 0.35359348496468 -0.0104114096586705 -0.0561998179295169
0.189128369645801 0.281272957372173 -0.0260681119040924 -0.0740245897866468
0.209501782826517 0.259343538033017 -0.0316411814874021 -0.0802386814765678
0.21847762392874 0.238307420459006 -0.0340071473166414 -0.0703818389854178
0.200589696952351 0.324522161218622 -0.0307179393526913 -0.0788956936843157
0.0678251405246252 0.400073120177869 -0.00523252645645146 -0.0579551419912273
-0.0771709492728907 0.437903116092381 0.0156862949468605 0.0185033113104948
-0.327391980860068 0.31897800889915 -0.0576884707863301 0.0779348852678588
-0.466889628692477 0.053475915029977 -0.104529117017312 0.00826523396583647
-0.446917097093253 -0.085338847763453 -0.0567829843059581 -0.102273867078386
-0.370869732283663 -0.139878088402148 -0.0424829779765659 0.116677061744356
-0.443952576192255 -0.0849246934945944 0.00402745361625372 0.0308865559924527
-0.393583018793727 0.133328810726263 -0.0665933677949142 -0.0152406165198585
-0.263018290347071 0.322593114571544 -0.0658166562270052 0.0427805894040872
-0.0895386419680659 0.39141585986653 -0.0254108382341571 0.0557847081655569
0.0798245132141486 0.372279554706512 0.0152948151337928 0.0589053707770428
0.193297977800559 0.298549254401611 0.045544692047774 0.0404496314137331
0.208958184283964 0.272299744358145 0.0566869212485536 0.0169438104913896
0.211164919479509 0.250490828363819 0.0543716633793412 0.0204469123962282
0.189306590204545 0.325965576838257 0.0394264609480486 0.00631144459613722
0.0586000555176448 0.392757848181278 0.0305827666917871 0.0113817642564102
-0.0763098645301603 0.412621039816094 0.0368437283164467 0.0376696446110992
-0.294974494550342 0.306235629380198 -0.013299086594722 0.0728401476786141
-0.436586625025931 0.0740847009352459 -0.0130387561468373 0.0047430810156503
-0.442969265309304 -0.0523893597019959 0.0932951744767732 -0.0587101503527802
-0.339923082457342 -0.0945089604865034 0.1086866701005 0.192017806479807
-0.392054664127038 -0.0291856112795834 0.124330533391225 0.0601985011137876
-0.325274297249035 0.145661852184932 -0.0134638001262919 -0.00211101546785265
-0.20717397290339 0.280180715248167 -0.0664499013159374 0.0586172760582917
-0.0716167977820451 0.337221698319892 -0.0357326733457298 0.131518500922333
0.0741927707005869 0.321982275960928 0.0457229567800557 0.168145999656597
0.16902700430005 0.265566855780998 0.1136818925025 0.149591926796071
0.176874203610849 0.245069599779033 0.137257651893729 0.111389384398685
0.170992800151017 0.229571618342484 0.131473952917494 0.106620058432996
0.139489931062531 0.286352917095373 0.0978295629367626 0.0873149490749135
0.0249036505360374 0.323846536130288 0.0558190458227943 0.0766056746111918
-0.083097972896582 0.310625658451759 0.0436087854992828 0.0544989866498663
-0.226157967552625 0.224938832620436 0.0185593972695707 0.0584211908762541
-0.337826226120862 0.0642176244946094 0.0631772318499585 -0.00474591709840727
-0.37066585793132 -0.017520323489145 0.226802266173289 -0.0226649853990335
-0.248829890070897 -0.029548441461438 0.245381134931591 0.243452553096519
-0.255974482338758 0.0263745352815463 0.226700157907524 0.0766754221529539
-0.184792087053219 0.122150986873371 0.0450749904947972 0.00966397342802581
-0.112833914160944 0.172983834603372 -0.0483239860346345 0.0630621261950784
-0.0428206145957661 0.216411851064363 -0.0318398822770644 0.181910061797792
0.0538697440795532 0.214375363807498 0.0769908120239128 0.246649479603821
0.116223170711606 0.188178874800677 0.169091249015286 0.232534509453189
0.117456067599573 0.180977000801897 0.197709704013421 0.188497883195741
0.106662640751745 0.177542265010256 0.182987811325788 0.178242477473452
0.071860778243416 0.205902732456634 0.129911104171144 0.157095373192729
-0.0138493511443018 0.20990198454778 0.0579900531833695 0.130289048538238
-0.0787479632187631 0.165719550019198 0.033000669174821 0.064244298438878
-0.125669266706256 0.117175115783713 0.0339724955554492 0.0398299783094897
-0.197648641242263 0.0493730979052675 0.114175138827759 -0.0107726477207716
-0.251099497394344 0.0196745218304312 0.322911043102014 0.00678207716804496
-0.109018074015612 0.0338126980402222 0.341645577484167 0.261933131124484
-0.0717919562080301 0.0573330815494466 0.2970398530532 0.0717171684677826
-0.0212218140176009 0.0570531164164072 0.097889124328011 0.005048697341834
-0.0206489035376832 0.0285612888303526 -0.0242987774535437 0.0472351074586231
-0.022358793919395 0.0639567704085257 -0.0196586070273724 0.197168802227623
0.0157755320879668 0.077635288816431 0.0998915028891896 0.280290367249252
0.0399360073800179 0.0839362018133085 0.201988027218896 0.275149202730311
0.0401514053282597 0.0895127891088198 0.228024123251145 0.236510876452636
0.0320553298650283 0.0954961372692932 0.202754947564365 0.227387388491154
0.00846394347708631 0.095725436459235 0.132583145589504 0.207713602588189
-0.0310681484445346 0.074625573635448 0.041170095841268 0.166244169758467
-0.0423247049978896 0.0223808302325958 0.0115724584924539 0.0630541261042464
-0.00760447151390207 0.0279013654796092 0.0416988561105049 0.0195701777172141
-0.0449253307867406 0.0529509621131979 0.143634264724561 -0.00866490253458706
-0.106670212409543 0.0606182769489449 0.369067720531706 0.0295470553556883
-0.0471440605563513 -0.069971002104128 -0.376755924886123 -0.0457629173585255
-0.0968998021653029 -0.0655944602044435 -0.219426790400655 0.0400459140579853
-0.0965840205879925 0.0348888747999732 -0.0682082175010402 0.00620893167191711
-0.0244599765562125 0.0895127204424402 0.0166594962458528 -0.0180855408815323
0.0194147474455611 0.0579472755060755 0.00802000630351389 -0.149912131973364
0.028568826932348 0.0394860593338686 -0.0955156792833652 -0.223830400350294
0.0379099898339293 0.0138814094010801 -0.188120039183315 -0.243398655136605
0.0420051154844495 0.0133284528315431 -0.225549706580107 -0.24029214863779
0.0520464264805991 0.0159880278361925 -0.21087301599541 -0.254263425718801
0.0541696506831445 0.0553468781686857 -0.141155245325147 -0.255420816387519
0.0211296085838569 0.0878780918008529 -0.0369081080494554 -0.201563468845709
-0.0327142521726648 0.115209278733037 -0.0137723657393686 -0.0572524778633208
-0.126461991569259 0.0437999625506661 -0.109857702315885 0.00113580150213467
-0.115729549457606 -0.074663507993681 -0.245364899744903 -0.0672280077144678
-0.0593830454955417 -0.0910947309607861 -0.351775651962958 -0.236252712200032
-0.166448395580969 -0.104064017451057 -0.353860973375454 -0.0450788821376581
-0.215970062593946 -0.0860286996755324 -0.216816339985567 0.0149055195323838
-0.195058664853054 0.0620733317864989 -0.0940328658102408 0.00477425491795699
-0.101123896876017 0.172886155853178 0.00697091138359419 0.00436916752812003
-0.00691306747791413 0.175662770322653 0.0200669107428839 -0.126847806284586
0.0599420079198614 0.158306166932927 -0.0666501568894694 -0.202130146100363
0.10959504851449 0.116221172220639 -0.150546618988718 -0.22249284523322
0.121215786672222 0.113091055481151 -0.186603075923945 -0.215334119630706
0.13008595791204 0.110430164633606 -0.181314242880514 -0.215501384215977
0.118248692084548 0.17647947130571 -0.132517481957482 -0.216636169045666
0.0346801876445489 0.227055041880133 -0.0458650433610905 -0.170453285713285
-0.0660368725511663 0.257124123393451 -0.0165412182255842 -0.0307371738037353
-0.236444820444558 0.154626734931722 -0.114769967376458 0.0385685579641386
-0.287939920590208 -0.0423819967807383 -0.233564820622416 -0.0308518623321278
-0.232437022333865 -0.111672648135814 -0.301824107248249 -0.192912681798573
-0.266378420234619 -0.13330649372464 -0.285306763963073 -0.0144476384223465
-0.323799143888066 -0.104112341138923 -0.181117094301786 0.000894436438233792
-0.289197547160261 0.0809921063477519 -0.110155917321852 -0.00443747377819676
-0.181053361479405 0.242686393710161 -0.0178106568133316 0.019534120656001
-0.0427187737656934 0.282308051501103 0.0130928596979177 -0.0841557364980406
0.0777665507903891 0.264817271375953 -0.0385400315711455 -0.143911291484128
0.162811802538027 0.205930787619247 -0.095112262816577 -0.161708694066462
0.181117646572949 0.193912321273186 -0.118705247228957 -0.156864595470344
0.190002605950408 0.181917756231614 -0.118051300255289 -0.149265055315683
0.175885579244023 0.262466674497851 -0.0955915904827737 -0.153063492137828
0.0622335247532848 0.333653934411708 -0.0362488226621547 -0.119420377004825
-0.0691322638960728 0.371545944115635 -0.00524265960328802 -0.00600725380713159
-0.299275046197602 0.259788804196432 -0.0908175116733544 0.0664930514361321
-0.407508807144459 0.0133328650109181 -0.180474258491707 0.000150903881184453
-0.366661693814182 -0.102097183578562 -0.196949193442685 -0.144556455918978
-0.335692242111368 -0.144880085802748 -0.176582153641561 0.0436610056158952
-0.406760805781858 -0.101767757798431 -0.104769692233616 0.00835275182743843
-0.361423532559081 0.109014573220378 -0.101700186775707 -0.0126760202513518
-0.237668566355123 0.300532455089659 -0.0449275269937704 0.0303488504019719
-0.0692659059692179 0.360989661013348 -0.00713999943326993 -0.0206577913422978
0.0874301214175117 0.339923210332643 -0.0124688522098269 -0.0519999560130605
0.192997936546805 0.265986264538694 -0.0264449521395903 -0.0703608460716282
0.212500055789533 0.244651969382485 -0.0336991230124403 -0.0767485396832762
0.21965920146603 0.225059553214769 -0.034051870134561 -0.0682643524264752
0.204258697797741 0.308659460680925 -0.0336587159305946 -0.0761275118148413
0.0786047142456698 0.389261691594706 -0.007392284605562 -0.0574244076127225
-0.0607830181474576 0.427565534341472 0.0161022688323733 0.0156155190200897
-0.309605686814084 0.320018659403189 -0.0495366493425788 0.0758313088473023
-0.454750999783716 0.063227420717728 -0.0989043086771997 0.0124787522883566
-0.434999740123715 -0.0736822654974592 -0.0583243566217003 -0.0990307446036869
-0.35942850347782 -0.128776330249168 -0.0385192573145782 0.117052430055839
-0.433944547934875 -0.0715026498216652 0.0035463379058904 0.0311611858964897
-0.378468471981513 0.13657173774869 -0.0665152857711023 -0.012024992445361
-0.245213325023309 0.319677354055296 -0.0631837370008235 0.0450553657721187
-0.0751306566195837 0.38338348857821 -0.0269461341290208 0.0571237114380511
0.0892174808310009 0.358214162894485 0.0164981865234964 0.0591218955436132
0.197025801666555 0.282318492175809 0.0459348608845646 0.0380224633408656
0.212768611036918 0.257447330703608 0.0546953493707967 0.0149131188953772
0.213372089260598 0.237448943619945 0.0544663802924844 0.0176308372661358
0.19361327274727 0.310500853429117 0.0378184997984965 0.00493141040008887
0.071085622689458 0.381085841814111 0.0293854327736491 0.00939093800078731
-0.0608757813523209 0.402335443460708 0.0361818122190061 0.0343249666752017
-0.278057072077797 0.306007052378465 -0.00642446314228224 0.0695425103623949
-0.423033723319439 0.0819145023742511 -0.0104556688553547 0.00708328671655861
-0.429505975128659 -0.0406655376845283 0.0881085692828313 -0.0618483995515958
-0.328584833568965 -0.083996211830117 0.110265109619679 0.185807543640493
-0.381193019866734 -0.0190949146514789 0.121228596636385 0.0560410369476313
-0.310411891777981 0.147386829995537 -0.0143477608960649 -0.00114646172592938
-0.192640043184011 0.277391836245741 -0.0636014867194347 0.0597493807521016
-0.0585447833947888 0.329858078056955 -0.0351265490158803 0.131429819059402
0.0824507936699969 0.309346260805712 0.0494662010165495 0.164346113196663
0.172783810164329 0.250561796759129 0.115534957121097 0.141315127055449
0.181146544714729 0.231516809276116 0.134900196783747 0.10378491801725
0.174476320571678 0.21844659710277 0.131253864825243 0.0982679752672907
0.14421759749054 0.27378625290217 0.0978816151743201 0.0810123493395321
0.0352075347154147 0.314893352706997 0.0560823761879643 0.0717276357404445
-0.0711321722575566 0.302669906055924 0.0432643255562365 0.0499420310746035
-0.212172703323274 0.224699845850854 0.0228774605689129 0.0549426034095969
-0.326466319718845 0.0715113270646533 0.0631868949071054 -0.0048439339303283
-0.358849422754105 -0.0076450656494417 0.217824254793644 -0.0312061337711435
-0.239333084040185 -0.0224428184747705 0.243393651884166 0.231870668615761
-0.247096942349232 0.0311568046537376 0.22198568207413 0.0690282181538738
-0.174205660677964 0.120870010890429 0.0433589071864886 0.00897643611919254
-0.105129898687208 0.169727755617773 -0.0469066671346015 0.0636736079727896
-0.0347071597212854 0.211563239340469 -0.0289292648705677 0.179487547259289
0.0590093378518466 0.205418906993322 0.0820972499972004 0.238786629879855
0.118705015647047 0.177625761064234 0.172163273455257 0.219630257946887
0.121142045096297 0.171361429878504 0.195913243695616 0.176379087846228
0.110723608289195 0.169588706543143 0.182836380098897 0.166241961505039
0.0768949154719882 0.197487075118541 0.130901603738215 0.146834377422494
-0.00620391012563918 0.20402401477571 0.0605323308041986 0.124330095441944
-0.0716160151556139 0.161275717042304 0.0327423671236691 0.0602937814868592
-0.117410224246107 0.115516101040832 0.0354035814980379 0.0380281246844532
-0.189652019293547 0.0530544433064834 0.11172319129743 -0.0125891008336832
-0.239759235943211 0.0253076256601257 0.310534472502734 -0.00553389141936621
-0.102729822179792 0.0361579089466191 0.338563585543316 0.245338540395339
-0.0663294337221704 0.0565202714050094 0.289358529564032 0.0616437987128749
-0.0174497636545728 0.0539050754232142 0.0946940193754402 0.00252990308467521
-0.0205015646587197 0.0270019271948958 -0.0238058011593466 0.0474705656629903
-0.0197212724820988 0.0626668095747558 -0.0161267126432384 0.19367113073444
0.0172682682643995 0.0738733760787417 0.105869397651311 0.270419921009019
0.0413529096593538 0.0797999568748798 0.204570486838927 0.25998990580248
0.0428643371200566 0.0850880015678906 0.226634763361101 0.222319038094891
0.0360539399439546 0.0921089357590358 0.202767059370757 0.213648414508108
0.0112117756925481 0.093090996394433 0.135341539626595 0.196046747614707
-0.0283999617595451 0.0725374876497453 0.0457373987737931 0.158734193562529
-0.0415129619465942 0.0214246450563504 0.0126736172264014 0.0598304621932008
-0.00506040943580887 0.0248975530836761 0.0410466886049524 0.0184344413475155
-0.0409434510958657 0.0523285137972878 0.139601437758016 -0.0114099842026037
-0.099376907936105 0.0612156456011469 0.356674332721699 0.0161183991512542
-0.0474624159817929 -0.0678789841182598 -0.369206545448206 -0.0383345961069906
-0.0976730683001277 -0.0605936941636513 -0.214078869333689 0.0423699906962776
-0.0943022598840432 0.0367161249202251 -0.0681435345040308 0.0071539893514645
-0.0201356465934613 0.0883577400693938 0.0161705895578559 -0.016574283540017
0.0206122525572969 0.0563890029859022 0.0057013729515047 -0.145597433785155
0.0291598418183659 0.0384419167597312 -0.0974563615276449 -0.215329334441564
0.0372999652448439 0.0128868343705824 -0.187944742908773 -0.23293046456843
0.0406143676617274 0.0123643777300478 -0.223419774719079 -0.229884642357532
0.0498467730260965 0.0145467643079874 -0.210689736084519 -0.245737245539118
0.0540086320974866 0.0529381180257762 -0.143991432853947 -0.247876281400876
0.0229472889106537 0.0867292483695096 -0.0393764097856103 -0.198737069736342
-0.0293834083038982 0.114594078605234 -0.012522660436361 -0.0566267884360122
-0.124450451446452 0.0463260131598253 -0.104559559203245 0.00117494578194231
-0.116554884998744 -0.0712928778823573 -0.239909210287712 -0.0618962963381424
-0.0611513554702003 -0.0885895849659079 -0.344469159542794 -0.225533696022366
-0.162702155525458 -0.100280341598525 -0.345884207442001 -0.0385462374273184
-0.214686630112682 -0.080144788964571 -0.212285568342027 0.0186583162063179
-0.18913399171255 0.0630199969760673 -0.0934688985050578 0.00622855167915546
-0.0933257265300384 0.171211978064982 0.00697612210905637 0.00571866196108306
-0.00261182068817525 0.172221236050037 0.0165558811926092 -0.123154707456756
0.0622478905254441 0.153367847018267 -0.0684571949845183 -0.19473283161838
0.109765435591009 0.110574427008299 -0.150959850033612 -0.21341351900621
0.119886359808503 0.107993181540594 -0.185452231464776 -0.206781109696597
0.128060818919961 0.106021453496873 -0.180399185641928 -0.208521457712223
0.119591989464463 0.16940845685146 -0.135534643663467 -0.2102966375682
0.0392825023776575 0.222818129430634 -0.0480636979645156 -0.167564521872335
-0.0593602004992355 0.25293365544936 -0.0150466361566418 -0.0314037640944773
-0.230001263476401 0.155917364515285 -0.108312036670788 0.0376314469902751
-0.284888214448427 -0.0379062592950356 -0.227011466156691 -0.0264900805060258
-0.229905482167336 -0.106592778930549 -0.296307849976959 -0.186326461672791
-0.259583560325153 -0.128846415860207 -0.278712038886858 -0.00898747483824746
-0.319421155289808 -0.0965083411457342 -0.178086843504789 0.00485508886495211
-0.281073098935254 0.0812772850945196 -0.10959624388811 -0.00220700973813717
-0.171154064104016 0.240327168842558 -0.0170783891506406 0.0205325863442563
-0.0360361647765057 0.277297257842158 0.0098461612586664 -0.0806786635902681
0.0814795357114093 0.25741376785026 -0.0400993512160274 -0.137840560738786
0.163648448928491 0.197369538586544 -0.0950248419651546 -0.155832876899886
0.180977067796628 0.185922680905856 -0.119051717456237 -0.151778789398553
0.188301375558284 0.175094689001892 -0.11739840346483 -0.145435554175183
0.177213491417843 0.253448214664172 -0.0982388321950843 -0.148538029583828
0.0676936818684276 0.326403831020529 -0.0382323012858464 -0.117444556748017
-0.060253249947498 0.363653382076491 -0.00433644108525515 -0.0068127982236192
-0.288250501695336 0.259030468753641 -0.0842631180517805 0.064239082823443
-0.401770056753456 0.0192361636533139 -0.174685898855934 0.00397796064187112
-0.359392701595636 -0.0958047319065839 -0.194756313105729 -0.139688958118746
-0.326272163596146 -0.139314255147794 -0.172098066979179 0.0464716963535415
-0.401458919078422 -0.0940531770350287 -0.103639740330079 0.0102320902264364
-0.351390287630363 0.10776716122979 -0.101830948669397 -0.0106720994093896
-0.226948480525925 0.297656075741339 -0.0436612850403865 0.0323487637476848
-0.0604352070267745 0.354688114006932 -0.0100053241876883 -0.0179555289297218
0.0911149346807834 0.329958778101607 -0.013246579404754 -0.0484198503963168
0.193814028905119 0.254925707901915 -0.0262700262301442 -0.0678619391469021
0.212701164639094 0.234648157920973 -0.0354748726110876 -0.0737791372447238
0.219449718587256 0.21697380324219 -0.0341990813248132 -0.0673984612059033
0.206307716763963 0.298351669716449 -0.036099849919346 -0.0738838541805622
0.0866608006383176 0.379969153236902 -0.00903138978973206 -0.0563995758117797
-0.0511128976400556 0.41838779424483 0.0158163508439361 0.0134267874771936
-0.298920741354322 0.317261302978693 -0.0432090914390656 0.0726321365297098
-0.446218031359739 0.066041818704172 -0.0940265064257878 0.0152738841551432
-0.42694843080305 -0.0677876066248774 -0.0594609062882652 -0.0975051005728653
-0.350565003823906 -0.123947541252334 -0.036245322435093 0.117197973146893
-0.426576838733229 -0.0650655051454399 0.00292650320584321 0.0311297203791164
-0.367372935615481 0.136302744280556 -0.0673592326420091 -0.0102191902844114
-0.235263715328139 0.316116087634031 -0.0618234874789863 0.0463398785392709
-0.0662290956025708 0.376924522405543 -0.0295124948652704 0.0586999584852444
0.0942663268285711 0.346573550481132 0.0168162296277195 0.0598086132671808
0.198474597162531 0.270901680721398 0.0466646565248897 0.0357085688352739
0.214104011837818 0.246586019408111 0.0520556826188692 0.0146109070421811
0.213845603359872 0.22877892881957 0.0537714046115585 0.0152036749707096
0.195702658858559 0.301347268426805 0.0354337768088238 0.00382869940631083
0.0779509601058491 0.37362135320119 0.0277761065959697 0.00819629828081365
-0.0517484374816011 0.393384854413337 0.0355912734672713 0.0318941848391845
-0.268149728235738 0.303123300669768 -0.00150321471966158 0.0664395188815172
-0.415600382605473 0.0864955910491882 -0.00710378477586244 0.00845272351213513
-0.419392591806626 -0.0342961641146446 0.0839081304244316 -0.0632894656491041
-0.319789118945533 -0.0791586838892708 0.109570310681504 0.182619449140844
-0.373698635857311 -0.0144815654146129 0.118603317221024 0.0539318267847066
-0.300149068706661 0.144621420875312 -0.0153367181074603 -0.000136025186654015
-0.184249396927308 0.272824153584791 -0.0625549423541714 0.0612798811865965
-0.0510480708622318 0.323744535919066 -0.0358916434487067 0.131955816671277
0.0860296522976976 0.299750017291995 0.0512811321972409 0.162064122854192
0.173300435047893 0.240910654965218 0.116487625713104 0.134897238537431
0.182153792572737 0.221982018492203 0.132333330514906 0.100094751386877
0.175973692542529 0.210618171501155 0.129981729747583 0.0928503992416102
0.146924672291921 0.265041173999897 0.096130382987822 0.0774056319289348
0.0417095667020449 0.30763325832703 0.0554868914454344 0.0692616363964055
-0.0638791089190268 0.295732369867369 0.0425110451374716 0.0472674555452765
-0.202808764240079 0.221632242461134 0.0255457470308317 0.052755515227676
-0.319410692984819 0.0738625960462067 0.0637974768678117 -0.00423049672966252
-0.34839747742087 -0.00307578280305263 0.210509642730851 -0.0359151540656622
-0.231414583290089 -0.0200137800184387 0.240338642130582 0.225665109959666
-0.240661081052073 0.0327769824285161 0.217141324195091 0.0655870561056451
-0.167481202214898 0.117544917399279 0.041895217008694 0.00829297944966031
-0.10098148418106 0.166690555341335 -0.0456403793356596 0.0640249677942572
-0.030436274039239 0.207525403408885 -0.0283412489604715 0.1788592375611
0.0607167467887083 0.198773915922036 0.0851909359199265 0.233938168820762
0.11920686038972 0.170254953073397 0.17214565162117 0.210988691598156
0.122685281889286 0.16402335578531 0.193135546023539 0.169566156335581
0.113248660706332 0.163157604151443 0.181953425358944 0.158390004962562
0.0786973309814784 0.19213143458327 0.130966324662359 0.140372730630007
-0.00233174859621182 0.198964821931067 0.0616887973621387 0.119884523628122
-0.0680749774582111 0.15703810006583 0.0323601094519817 0.0573040952425291
-0.111680668383577 0.112421112574947 0.036924612954189 0.036847755418339
-0.184184780912119 0.0538572692347412 0.109931757450766 -0.0129513000983785
-0.23195600631547 0.0273257708239433 0.301323531654882 -0.0117502937484356
-0.0980753357752381 0.0366622457781555 0.333164064103778 0.238016627662551
-0.0630527773993006 0.0546082272747893 0.283044285080347 0.0560301623825335
-0.0149340323570734 0.0505745701572088 0.0919535103162665 0.00185876009113095
-0.0211732352162121 0.0257800366597855 -0.0245564167737031 0.0478029348631978
-0.018613684624812 0.0615226063842022 -0.0146864529432395 0.191771304991551
0.0179315018141242 0.0710543780549373 0.108876012912398 0.264185870150554
0.0418861897165493 0.0766957649281854 0.20471111072738 0.250146820337847
0.0442779114926893 0.0822277177021798 0.224591015786934 0.214587988650501
0.038847299287667 0.0892985157342842 0.202087503255976 0.204039987499824
0.0129341920802632 0.0912849816714086 0.136989656956118 0.187617326975139
-0.0271464646234438 0.0707644615201358 0.0481629441734638 0.153495261459436
-0.0415354826309368 0.0198143159024141 0.012238609219907 0.0574692502578154
-0.00303428502527595 0.022056097801474 0.0406134155748639 0.0184223451081501
-0.0377627749099254 0.0513022656866867 0.137275740556283 -0.0126047464814633
-0.0939359909320858 0.0610225562178012 0.346045278617829 0.00798387387148324
-0.0479114932807183 -0.0667075898247804 -0.364364320671011 -0.033470178687185
-0.0991024354699968 -0.0568410863639075 -0.211560373189078 0.0449831777265787
-0.0917628976547396 0.0395396169606133 -0.0689349897401346 0.00817737988847276
-0.0163748126048791 0.087951286608093 0.0157502877668377 -0.015703244856162
0.0225839811674397 0.0553423787973123 0.00369110484489771 -0.142949035583176
0.0305518824751749 0.0377749313786461 -0.0994322347327266 -0.209421344933179
0.0372950910252057 0.0123048470476401 -0.189187732816076 -0.226287718189802
0.0394787826031246 0.011579123297993 -0.223921178754852 -0.224458817506316
0.0481364763538521 0.0139873349353081 -0.212950483884944 -0.239969438175151
0.0548252929996407 0.0506617561062586 -0.147725340559514 -0.24284135752113
0.0250469641052736 0.0864772700111643 -0.0422206075183295 -0.197759685769746
-0.0264687888234364 0.114910830769583 -0.011534966920223 -0.0573826275500988
-0.123416220449447 0.0489522977534019 -0.101155270337749 0.000106728918254353
-0.118814837768622 -0.0693768984245079 -0.236709603518365 -0.0582415586521019
-0.0634695534957419 -0.08665579091861 -0.343007514753204 -0.217304610579582
-0.160455398863873 -0.0990126460541875 -0.341829793051827 -0.0322583177001449
-0.214277755963162 -0.0751276532400261 -0.210304949668193 0.0218072160452894
-0.186002816981488 0.0652293387994304 -0.0945140555117498 0.00792942097707611
-0.0880346002322524 0.170118595781914 0.0068662603343188 0.00657161332206177
0.00187838588865774 0.170120584214275 0.0133270666764001 -0.120607520236415
0.0652536789082521 0.149780927629937 -0.0708083547948578 -0.189654631588638
0.109909078978621 0.107049927421488 -0.151796793832111 -0.206938070318653
0.120223734449013 0.104670774245683 -0.185992708089393 -0.201153900322703
0.127096418835861 0.103018351208273 -0.181344293021608 -0.205153224230987
0.121314125820582 0.16485236722958 -0.139666157293633 -0.205203077369067
0.0433048091200616 0.220894348630057 -0.0503432076199375 -0.165491919790505
-0.0540881105354477 0.252051969894622 -0.0143246210630662 -0.0318506538722168
-0.225536918191085 0.158691149769954 -0.103845483071955 0.0363387087971615
-0.285404350576026 -0.0341162711372789 -0.223067272513857 -0.0224359261313008
-0.229803864467146 -0.10262598018698 -0.295164417010994 -0.180315174815601
-0.256191999476236 -0.125863140098884 -0.275936867474224 -0.00447682102513824
-0.318786958007629 -0.0922462936351309 -0.177337519689682 0.00818265295818934
-0.275745076636998 0.082798900326146 -0.110857783044696 -0.00104192012011485
-0.16381605888266 0.239214340341138 -0.016800615326498 0.0221464566976182
-0.0298306518082674 0.274215604435636 0.00597594698356194 -0.0776611205592481
0.0857863892276147 0.251998071868702 -0.0420476183746826 -0.133733680861355
0.164947315083825 0.190914038253552 -0.0960564325396162 -0.151782628506034
0.182153306159274 0.179986159145861 -0.119696462024223 -0.147475706590947
0.188663972109229 0.170297547112066 -0.118510606943708 -0.143094035795346
0.17954661433948 0.2474132178178 -0.101370201901351 -0.144624253945879
0.0727371099140339 0.32259790407843 -0.0407360691314631 -0.116690296676248
-0.0538841280149569 0.361727175122351 -0.00323439063634131 -0.00851344440990334
-0.281117430162227 0.262004222959404 -0.0791390788807643 0.0622305223636855
-0.399936909800031 0.0238107757486769 -0.170724305653324 0.00676541038527394
-0.356792519564625 -0.0906308786442243 -0.194118676612186 -0.136930107869274
-0.321410110013557 -0.136709317590372 -0.170006493395347 0.0498470525740878
-0.399171433875728 -0.0880352688759847 -0.102957850958954 0.013308975428305
-0.345618571563849 0.108950000944819 -0.103283787472732 -0.00879716278144868
-0.219004685908415 0.296346007542481 -0.0433601438705472 0.0339713855011315
-0.0541308617920575 0.351820352999841 -0.0135067961989516 -0.0146314445538659
0.0968962614526283 0.323375185109656 -0.013390011240975 -0.0451689543575509
0.195314772585163 0.247732095992301 -0.0268641046157534 -0.066978211912368
0.215543068106684 0.227460903112161 -0.0369115081016493 -0.0718705722824884
0.220883400130859 0.211142357572854 -0.0348121787648347 -0.0673850429808302
0.208774485507333 0.29124270816374 -0.0383276256058875 -0.0716963847248817
0.0934213058214215 0.375797651653448 -0.0111437342253172 -0.0555538745555599
-0.0450446691829459 0.414503883792602 0.015730987307494 0.011979789603512
-0.289216155455349 0.318902251804198 -0.0387381232960552 0.0702969807276057
-0.443740583134673 0.0728124470692183 -0.0901579009921121 0.0171779254701054
-0.42197845632568 -0.0627666993759787 -0.0612639103239889 -0.0975215755872081
-0.345682977726516 -0.119918571642168 -0.0348719556472089 0.118589324555756
-0.424377333431855 -0.0598087439055601 0.00286133590963617 0.0322807559207377
-0.360513820207332 0.135443878093793 -0.0686467371499895 -0.00906044450308786
-0.227145162493444 0.314930368367714 -0.0611758437518205 0.0480782424174236
-0.058785347680775 0.373505844708732 -0.0317737094144706 0.0623157957210137
0.0985216553721774 0.340523026899442 0.017998218834709 0.0615733341726729
0.199731633962274 0.263880236006599 0.0477947858163019 0.0339965063692115
0.216549657235577 0.239530709268269 0.0505148756115677 0.0146615258734451
0.216962411806472 0.222220991138642 0.0534440012866709 0.0125809849471153
0.199167064921119 0.29507643773515 0.0338953192596646 0.00365803274707068
0.0839121873869201 0.36759605744218 0.0270646137606033 0.00756604071262382
-0.0445102375698348 0.389492661201928 0.0345707163383154 0.0301310076568319
-0.260295840870371 0.303552767685812 0.00224891392750076 0.0636641625158513
-0.411853575724996 0.0914188066236313 -0.00452489123360361 0.00970738517822269
-0.413951992218605 -0.0311117658381678 0.080044442515638 -0.0654378800085525
-0.313145925255002 -0.0760854789077597 0.109828677086872 0.181922588365906
-0.369666927422555 -0.0115893373453921 0.117637567238989 0.0530147476623868
-0.295034367331991 0.14327046127464 -0.0168023656464422 -0.000119948387021389
-0.178892634713486 0.271528088957042 -0.0613789015308937 0.062288289867307
-0.0451864483394085 0.320932950001274 -0.0378752843999021 0.134081489274838
0.0891815543083277 0.29423406579083 0.0537877128559725 0.16144958768872
0.174806103176559 0.233744021365565 0.117726519902302 0.131196365692022
0.185064794484612 0.215148508277269 0.130855811010174 0.0983396421510161
0.178530116023467 0.205216999165515 0.13026837843409 0.0884276872597445
0.150086278613419 0.259863285056647 0.0959995832337112 0.0747895527597525
0.0471161638560855 0.303455475545903 0.0557704046287992 0.0676026707382445
-0.0590088668809806 0.292525695772362 0.041325306368082 0.0453361823004772
-0.196640309210126 0.220916035865441 0.0284354997917751 0.0508220234421506
-0.316416391021184 0.0768798793870903 0.064588215166524 -0.00427453628196703
-0.341384942336059 -0.000547586324754888 0.204888704044675 -0.040212488754881
-0.226365941166935 -0.0174385922134117 0.239726016680049 0.222684769361764
-0.237251318039342 0.0337844476640628 0.215045126823727 0.0621684454739529
-0.163165449759858 0.115240523550089 0.0404765271959588 0.00735858304499162
-0.0980739360881442 0.165004401120772 -0.0456807302273408 0.0651868030793534
-0.0267140538356199 0.206084294411801 -0.0286179471035491 0.180966706436678
0.0629514378452732 0.194446214781432 0.0881377809001299 0.232059418590584
0.120483357309979 0.164923869600328 0.174510048965981 0.204295128007051
0.124981334331955 0.159360036338734 0.192106989808438 0.166536313048936
0.116239687254333 0.159229767674159 0.181527926021039 0.153111238463563
0.081645808878235 0.189579903173831 0.131449340751522 0.135345033346151
0.00148868814852563 0.196181922783344 0.0629981012877004 0.117130173589157
-0.0648819454969131 0.155486595727777 0.0322235744450633 0.0559936272855958
-0.108319793090778 0.111400943857645 0.0386928512194875 0.0358592464611715
-0.180667266271538 0.0554681021013539 0.110020123270209 -0.013213539364419
-0.225979986669733 0.027697443562669 0.294023654444483 -0.0177196251856862
-0.0947767400925266 0.0375648277635031 0.330621496042226 0.233194535953174
-0.0607906537838259 0.0531226392190124 0.27958204137894 0.0523495539453732
-0.0138653904353247 0.0478207116503647 0.0905014234495067 0.000619918690808388
-0.0218257118209407 0.0247247698350249 -0.0254686741169604 0.0487084400436857
-0.017636198644179 0.0611617443863623 -0.013861231820008 0.193264474547561
0.0180814122456447 0.0687096470202903 0.112649222337227 0.260784476384356
0.0425487120868439 0.0743396525676557 0.206475972681514 0.242833562273636
0.0460473417716002 0.0798420802950927 0.223789973118963 0.209120509416617
0.0410609914870529 0.0868018475951682 0.202316048425895 0.198479920616424
0.014685027932358 0.0907089716660417 0.13847303831953 0.181181503701984
-0.0261944025292642 0.0689317186245317 0.0505292902160099 0.149430114035381
-0.0423836112717414 0.0186701489859324 0.0123000765760578 0.0558615754600219
-0.0018066943473863 0.0190783252308189 0.0409497929926273 0.0182368950613703
-0.0352478583520743 0.0500045505244905 0.1353801168997 -0.0135470031910044
-0.0898624580095569 0.0604532470466153 0.339116817700844 0.00186583060135524
-0.0290851657923254 -0.0772372523535299 -0.34895204423574 -0.10130279209394
-0.084206894189462 -0.0731567904634722 -0.211401126531112 0.00213958619984081
-0.0939558708944633 0.0217797074602496 -0.0709381009389396 -0.00857139110725066
-0.0294525001095335 0.0808768133856971 0.0168226867751549 -0.0109059825861184
0.012699436254684 0.0591433748216654 0.0297196721522772 -0.138826416546015
0.0238325177323628 0.0435065903797797 -0.0576623914753666 -0.222497893529031
0.0316902997369711 0.0200256925816014 -0.140028275102397 -0.257718375753587
0.035711746304626 0.0198332300155946 -0.170682691303467 -0.262828908225323
0.0434919522630867 0.0242953144461869 -0.158118780727135 -0.276179014761489
0.0424327927091812 0.0599194925092547 -0.0934138689997889 -0.262839442173724
0.00725908415317362 0.0901111353734017 -0.00129394454845835 -0.198596371177679
-0.0499478401860453 0.105178354855403 0.00227943732999927 -0.0557451885654043
-0.132742692579148 0.0224415632896644 -0.101074928243595 -0.0199222547450614
-0.103697974268139 -0.0913245169252537 -0.222167936461768 -0.108620353609504
-0.0439694140084246 -0.0967901128379642 -0.294455383636444 -0.293957389408336
-0.129789046722423 -0.129897606502004 -0.328590770602933 -0.0973098989477554
-0.19003944616192 -0.112071102938822 -0.205309622996515 -0.0246886482741428
-0.188655507942883 0.0263899106517387 -0.0959027230200016 -0.016418970639289
-0.111902354141632 0.144267196883688 0.00206793804378194 0.00723706273406285
-0.0291909398761099 0.164166572662596 0.0346105938438291 -0.116095866484583
0.0352420790097221 0.15777793345557 -0.0352244437105965 -0.198059008020224
0.0849916525789141 0.124201697491203 -0.107361338785589 -0.23113295102313
0.0972074410128528 0.12695798992672 -0.139689558011215 -0.232725548237706
0.10154642526548 0.126576377158329 -0.136006232428516 -0.234504524227017
0.0833875642304045 0.183292452951341 -0.0933048729905514 -0.222908435431246
-0.00287963965401979 0.224416252643914 -0.0156149820171102 -0.164910549688696
-0.104690664893135 0.229024432184287 -0.00671352038483319 -0.0273946318774929
-0.256901388920495 0.106024998447632 -0.113242212983608 0.0178183871600311
-0.272467952637593 -0.0930107483981832 -0.218346953741954 -0.0721200380898943
-0.202022134417414 -0.148763128959714 -0.256293728270116 -0.245566279122998
-0.214628494781138 -0.175046561604485 -0.270934977253807 -0.0581041982245946
-0.286905180285949 -0.147130437920678 -0.168302743735963 -0.0349658061854774
-0.278034732210838 0.024753053132202 -0.110481988076861 -0.0308712969377302
-0.196409691605577 0.194079672485864 -0.0252150281690887 0.0166580430160708
-0.0791607683782098 0.25686587492634 0.0183966482754051 -0.0773840416275039
0.0352725854545715 0.259379217554612 -0.0210957554527718 -0.13885598345408
0.122450128760262 0.214902998884782 -0.06344837615473 -0.165617297113198
0.143720949358342 0.212704966015775 -0.08639161012175 -0.167293694537323
0.14749817239379 0.204514596897091 -0.0864697630057602 -0.161604184476874
0.123916318339478 0.274063414349838 -0.0689501675433514 -0.154249614302126
0.00484458202437127 0.329053523961528 -0.0149083039095815 -0.111023317475717
-0.128764893034687 0.333933092177427 -0.00154755367160925 0.00100929942150769
-0.335223234218567 0.192082165141962 -0.0956540483969107 0.0520040726253675
-0.396727428399221 -0.0624765778459761 -0.173697391628358 -0.0323018044996835
-0.327731587991505 -0.16556589337852 -0.16665437946954 -0.180232080748903
-0.276317351301678 -0.197681907767801 -0.178443461342133 0.0150347866739332
-0.364585907210507 -0.158622458971854 -0.0975701149411536 -0.0195695912437752
-0.34948711264427 0.0359503104575317 -0.101911074776468 -0.0393986055844215
-0.259563331687039 0.235705562689769 -0.0546276183401267 0.0219981066084574
-0.118539725203059 0.325340498030689 -0.0126933937240523 -0.0204608566221095
0.0315115183151827 0.329253651429628 -0.0122171840079713 -0.0473878913138572
0.142542837963158 0.275014915968634 -0.01376328579438 -0.0677863660597414
0.167220833649961 0.265664205692107 -0.0217163587219994 -0.0772390131288603
0.170073773955701 0.250157561920902 -0.0212194581343677 -0.0714854192762574
0.142632662881354 0.322760438773851 -0.0227992005167039 -0.0704185271426426
0.013322271132209 0.384042482399092 0.00228699530736759 -0.0444590296511512
-0.130526135978609 0.385583110406714 0.012756520560267 0.0271354593739071
-0.354769772547625 0.246477073785672 -0.0579105227618601 0.0699047916078865
-0.449155152526362 -0.0235333948927437 -0.0963921778391355 -0.00537523271307547
-0.396553918750293 -0.151778243149407 -0.0426516492211936 -0.11140657748163
-0.303695537149125 -0.185700316391101 -0.0601088688142136 0.107714221935393
-0.394689062460134 -0.135549310209199 0.00149443315858704 0.0182000124156129
-0.370074809594346 0.0567318674174605 -0.068894421862385 -0.0335126639185316
-0.271883258989527 0.251955369040309 -0.0755757203074557 0.0315437694120289
-0.127381986521593 0.343801868436857 -0.0451559390135048 0.0510220203974774
0.0300188588025763 0.345268923639027 -0.0021136321957534 0.0623464515950212
0.144019888107323 0.291066299826143 0.0385169741210746 0.0459649456897903
0.165927543140411 0.276558314416605 0.0451579103907215 0.0245001950722471
0.163620044934402 0.260197789495779 0.048346321368802 0.0239179205063945
0.134090740675315 0.324204318279122 0.031968193953045 0.0167834344188146
0.00604796750339681 0.37483589853611 0.0262120277849532 0.0250414156444934
-0.12532986672485 0.361011550258686 0.0269675748067202 0.047786399779972
-0.320742813780976 0.236692562651689 -0.0154418792839104 0.0718426193371964
-0.418634161443873 -0.000520458332561956 -0.0106466078112808 0.00550257724673724
-0.394752959025354 -0.118864496432351 0.0912444205749163 -0.0483872147946552
-0.283258710472107 -0.137167919035083 0.0688433390239736 0.198645184070828
-0.351127334550936 -0.0788920412669116 0.107036155540778 0.0610893331524978
-0.308711694671112 0.0785369901710455 -0.0207658683530537 -0.0130157899174799
-0.218653318771996 0.220069910249483 -0.0787102936288968 0.0458363680495022
-0.105543607040367 0.295952069726784 -0.0641975321404759 0.121324827950878
0.0283011989740012 0.29759207162281 0.0144455949042519 0.166785507641265
0.125520735614066 0.256837997244443 0.087936065654533 0.154040557210492
0.139996642479618 0.246318847033274 0.106256775844181 0.121641796279137
0.130685770354803 0.234862960807356 0.107293328049469 0.113094788642541
0.0934314912159818 0.280310834706139 0.0765692641895051 0.096166750536085
-0.0165361903090447 0.303924896772092 0.0416729638234212 0.0859641374136107
-0.118397485202747 0.264646779161104 0.0294969641109429 0.0613719876917547
-0.240331332376431 0.170603242357815 0.014339748524959 0.0625196922449102
-0.322759278712627 0.00605123338965127 0.061899895371716 0.00690175003379523
-0.329943276914245 -0.0743566591155057 0.209652511305805 0.00425832693970058
-0.21408584716717 -0.0619661176821547 0.188688317139462 0.263562680430512
-0.235072471042461 -0.00990013087072461 0.198250523813787 0.0923916810292391
-0.177682888118308 0.0771621075312408 0.0339915144217674 0.00967811611917072
-0.123623881719441 0.135140697287555 -0.0613271633891004 0.0532587964138869
-0.0658785851579328 0.188773984938369 -0.0641125122975767 0.169543496310241
0.0218355155905207 0.196403321721721 0.0371787143166058 0.243142078908155
0.0860624041074277 0.180004916652007 0.128332092856336 0.237115101069602
0.0922735722003143 0.179380907288483 0.151348043409967 0.200066828402217
0.0802897334201816 0.176770750749385 0.143938472075321 0.185244591831308
0.0413664779082591 0.198638395447803 0.0983980298970892 0.160142422955177
-0.038702701754413 0.189133739261343 0.0378622656133302 0.132261933760376
-0.0954238680067628 0.132340852525357 0.0167854887381818 0.0651306239462385
-0.128647570717222 0.0817802506068741 0.0288549275724126 0.0471270149975955
-0.185987270998091 0.0136962347549014 0.109770059330707 0.00762950883893265
-0.223755303577151 -0.0219413962469774 0.294136701066897 0.0456162912247278
-0.101512111894102 0.0182938060976811 0.275272580364178 0.290979366470284
-0.0705947927033213 0.0410097935557966 0.261068065715575 0.100563624542828
-0.0220855967402784 0.0416880379746149 0.0850077633285316 0.017366818259789
-0.0266747390215962 0.0176154454050204 -0.0356275289260947 0.0426627529518054
-0.0302723556703078 0.0519468935677227 -0.0510869143645591 0.18570567553773
0.00237650959887791 0.0671677115614932 0.0577937238166633 0.276809522410632
0.0280825276086419 0.0782024015827991 0.151870875265616 0.280364354959669
0.0305982317524697 0.0858905047616551 0.173480867410688 0.247825960346632
0.0225079180052506 0.0913245424742864 0.155262410847818 0.232084244514265
-0.00320215376850754 0.0901619682019437 0.0956644958698835 0.202109346872841
-0.0405534029264235 0.0606325268605267 0.0194550370836773 0.155897653067895
-0.0451100235452247 0.0070444351258449 -0.00183222906084736 0.0572295351677865
-0.00484924977058203 0.015784526169352 0.0369645301627453 0.0278098839468453
-0.0428379690782328 0.0394421714480468 0.13637230902627 0.0145877287252446
-0.0986979407755538 0.0381337707412308 0.336929308316236 0.075215291042764
-0.0303272509106588 -0.0757868723193928 -0.344847948368939 -0.0941873044298523
-0.0849910025323066 -0.0690045780575003 -0.208304185605648 0.00651076995147602
-0.0912706179731139 0.0245475656257977 -0.0725367234045742 -0.00616696373082837
-0.025491036541632 0.0809433820336411 0.0162949496055199 -0.00934480233247651
0.0149879524324021 0.0577015406178073 0.0257349511916315 -0.136124611057442
0.0256071895478488 0.0430006289941556 -0.0612661749049558 -0.216246257794606
0.0322358250199991 0.01917316376733 -0.143157218430368 -0.249592874839338
0.0348522114749498 0.0189600352969196 -0.172752339911377 -0.256563790386954
0.0429199656745045 0.0234137070360856 -0.162023421652634 -0.270052516503505
0.0433969588177083 0.0573698547943 -0.0987647472463171 -0.257509824689058
0.00983119073839293 0.0895500584530572 -0.00577269604389221 -0.197486104340895
-0.0457399108466547 0.105304840643856 0.00325470317702962 -0.0565976719400789
-0.131395307373315 0.0259962837399367 -0.0980962831235653 -0.0200415319878453
-0.105759648173169 -0.0878475899959579 -0.218834405196202 -0.103666737831369
-0.0457111899211704 -0.0940402008925515 -0.293446005995083 -0.285327679915399
-0.128178736922408 -0.127382271931919 -0.324426952552633 -0.0901700581833863
-0.190333013015054 -0.106230028641762 -0.202372577386562 -0.0201930700836047
-0.184139090815263 0.029561947927759 -0.0974889102375394 -0.0143750908545826
-0.105440387577673 0.143878131587046 0.00253138190741804 0.00899612009544723
-0.0241251674253517 0.161575768066465 0.0303789415728662 -0.112835857171564
0.0393373204025137 0.154640349311811 -0.0395456836704321 -0.192717672118641
0.0862936976011709 0.120060368197004 -0.11084232017675 -0.225097016582781
0.0981884111747189 0.122880043692247 -0.141449184995099 -0.226970610206873
0.101733065243227 0.122905546183858 -0.138386755176696 -0.229849214020768
0.0861308380552379 0.178263827623586 -0.0976850807665544 -0.2176790058951
0.00303878882530924 0.222276385933152 -0.0194511384975602 -0.163558972359438
-0.0981159054761402 0.229024659921696 -0.00592362560027082 -0.0280610131127803
-0.251960589130876 0.110304815063435 -0.10901470352056 0.0172716411483793
-0.272593303168012 -0.0870856836772602 -0.214394877109962 -0.0671906380700787
-0.200475195728632 -0.143117539313966 -0.256244791575315 -0.239897376595663
-0.211907158988575 -0.170598818790769 -0.266698237515021 -0.0516237379002819
-0.286134391433271 -0.140037798917525 -0.167802251856006 -0.0308162191255881
-0.272752094103438 0.0275710977997699 -0.112567488731586 -0.0283571660739051
-0.188509325801195 0.194235802691582 -0.0254474665541806 0.018618097986045
-0.0716929488174985 0.254296790876492 0.0147780701974956 -0.0731929578935456
0.0410569513285406 0.254003315249849 -0.0237399712759299 -0.134068510038395
0.124763409645164 0.208494932069403 -0.0656898492415862 -0.161639690574436
0.145921521979515 0.205759690379399 -0.0883972524720039 -0.163374660875241
0.149151118884674 0.199106156074781 -0.0895121746597744 -0.158930309506721
0.127021632406552 0.267131143537532 -0.0723278202289023 -0.150137135657243
0.0125405078920466 0.325363014150623 -0.0175035262827512 -0.110254961786402
-0.119361950569115 0.331723733047523 -0.000663776006617276 0.000281320971561742
-0.326434634686694 0.197795365180419 -0.0907670527890561 0.0505169149289564
-0.393703086868872 -0.0554118222461866 -0.169668342737263 -0.0282852077021242
-0.323934545804528 -0.157879004332535 -0.16809049950796 -0.17587973377088
-0.272945976941812 -0.192606209826907 -0.175358467042542 0.0196647940947038
-0.363793699004689 -0.150686844603794 -0.0971092107071007 -0.0163684656898313
-0.343683472784063 0.0382924539204774 -0.104166247301383 -0.0371451791762733
-0.250309512149987 0.236625552641074 -0.0541322691446193 0.0246238319227894
-0.108229285603838 0.32199209709288 -0.0160229079329526 -0.016389874425503
0.0378882261942127 0.322511421623516 -0.012853964297326 -0.0444398713710037
0.145407903094831 0.267286081782046 -0.0144240696610088 -0.0673660766489385
0.170544507134125 0.256189671729141 -0.0238596312956529 -0.0750518505583525
0.172059314336681 0.243434847899076 -0.0229435416762201 -0.0713962624131775
0.147876040788275 0.315324539118729 -0.0250451544147996 -0.0683024634196434
0.0221610986255304 0.37997408137187 0.000558167585540402 -0.0440254757027726
-0.120909898468518 0.382758173458929 0.0129430454243032 0.0252807854385227
-0.345252685156194 0.249336467828381 -0.0530791666994516 0.0683438997510678
-0.445033982673322 -0.0167208888884667 -0.0932563219851967 -0.00247353357221816
-0.390471105790276 -0.143504777535772 -0.0458316421339592 -0.110097661057361
-0.298605826956445 -0.180450735020927 -0.0575231374765236 0.109820155291213
-0.392497252726119 -0.128047119052212 0.000518483100409591 0.019385870294364
-0.363439357563083 0.0606846512244176 -0.0716614670310657 -0.0322879476258196
-0.263639822632415 0.251962232515121 -0.0748390837318853 0.0338844271595635
-0.118157085942701 0.341354472328519 -0.0468266905371816 0.0555758058732402
0.0353176185900515 0.33887051471327 -0.000841529725551357 0.0637676849448977
0.146945343674688 0.282903941369543 0.0392421786449734 0.0426528484482905
0.169488480401724 0.268747010196502 0.0445359279155181 0.0241998682872799
0.16701218472584 0.252734106263123 0.0474250239487072 0.0215256478008173
0.138562337701768 0.31658589040502 0.0304258504458966 0.0164827121447453
0.0158317994346794 0.36907030214188 0.0256001277078041 0.0239321727042058
-0.116158409028317 0.357568212322982 0.0273437434941535 0.0457494117777057
-0.311076268334989 0.239429923005249 -0.0117298783796987 0.0697861078708336
-0.416218746758788 0.00679263513101124 -0.00838889497898312 0.00671294529466208
-0.388550410719024 -0.111895039012198 0.0867163144885864 -0.0504412435054646
-0.278261206107557 -0.132159694935378 0.0709431164456527 0.197032431380844
-0.349899551639932 -0.0729944632562608 0.105874257329625 0.0594365297017683
-0.302515293719974 0.0797646244087049 -0.0232191620166863 -0.0126961349862468
-0.21224350279125 0.219392892277539 -0.0778564718377884 0.0483478761313018
-0.0978368202554364 0.293759411073701 -0.0643641300009057 0.124338475875653
0.0332501258461277 0.292687705417498 0.0174891128305941 0.16698066037133
0.12777620961051 0.249705189758124 0.0905625855901287 0.148473055717628
0.144050515469375 0.23861933218641 0.105729256577783 0.119375398521706
0.134960611548243 0.22804699253433 0.107047327810195 0.108615488150653
0.0989385501683392 0.274461960983753 0.0760956847422151 0.0930483715173828
-0.00890647669692412 0.299449466576402 0.0423049379896448 0.0840007476438601
-0.11115499668441 0.261550083355019 0.0292309647065157 0.0595716872415393
-0.232449147483361 0.170673584328279 0.0172652812127222 0.060813733003283
-0.319066100002714 0.0105727072288095 0.0624355949540103 0.00691341319925185
-0.323599464443917 -0.0694133132465216 0.204308696058742 -0.000573954596163992
-0.209123022861512 -0.0584303776587468 0.189430836434104 0.259732116116594
-0.23229353523815 -0.00643952917737527 0.195822701992506 0.0884486750971837
-0.173511595408865 0.0767881476307995 0.0320779222119361 0.00873859101509242
-0.120754306706602 0.133940652581653 -0.0611128513494772 0.0546235791643087
-0.0618460102024543 0.187211324876507 -0.062674885336757 0.17187055792382
0.0238110533273047 0.192977994165524 0.0411432773028186 0.240410825758374
0.0876776465863854 0.175153317416576 0.131827732014979 0.229266273128974
0.0950734518649294 0.173784944754116 0.152862482587033 0.196027498549479
0.0835072805704791 0.171931590659461 0.144512952475979 0.178678706012818
0.0457807061068901 0.194956773480523 0.0995430574907143 0.154594891486296
-0.0343273041592584 0.186961122882215 0.0405372459601679 0.128019918942593
-0.0925778636766119 0.130914240473978 0.0173997078787907 0.0634275805014046
-0.123998139520825 0.0812556203618381 0.0308727466849284 0.0462836147147592
-0.182245608814722 0.0156586393044152 0.108481235314782 0.00705351254034961
-0.218539937053984 -0.019186692455048 0.287684420270127 0.038425537426298
-0.0972268607676305 0.0199119406971517 0.274949854300085 0.285980320767556
-0.0687284389591364 0.0408337920625061 0.257904826237474 0.0948690239094646
-0.0211942434444638 0.0393374881803464 0.0834889904350884 0.0154332086755571
-0.0272430677580369 0.017315689792978 -0.036401942488637 0.0437698907671717
-0.0289900133119044 0.052153720806632 -0.0484236831537339 0.186834739068573
0.00233325438037492 0.0657488732694337 0.0619059503251984 0.272170289490569
0.0289260571112805 0.0760351953948828 0.155917277071563 0.27204799328121
0.0324660349664436 0.0839419162938839 0.175286870629397 0.242551089699041
0.0250135001430751 0.0891747561223958 0.157015808364215 0.225430725364244
-0.000628627932101578 0.088891552971846 0.0978664649501342 0.195471701595769
-0.0396392831633355 0.0601000231209565 0.0230292193653838 0.152322313729554
-0.0463772791130283 0.00699564436053336 -0.00168876212159854 0.0554026642130071
-0.00349111896182652 0.0130765880585814 0.0379809354282264 0.0278060859810253
-0.0405162378328409 0.0382551330934758 0.134615618801917 0.0130071367155971
-0.0956285690162953 0.0379663312177553 0.33007377539048 0.0672955322229276
-0.0303958186649205 -0.0750578462692878 -0.338920094600561 -0.0905432062348396
-0.0849762105767709 -0.0663906924136383 -0.204276506532046 0.00821429532493621
-0.0878020677047368 0.0261412894157587 -0.0733543528161063 -0.00446404313149603
-0.0220467677359476 0.0794558778918657 0.0163682902739136 -0.00749748653530838
0.0168211204208532 0.0560350749708375 0.0244240568939034 -0.133409655446776
0.0270196096864222 0.0414437460290014 -0.0632509162627456 -0.210743174439299
0.0319917120833376 0.0188336264557332 -0.143264515597989 -0.242744742471907
0.0337229493240176 0.0189429412944044 -0.172651067393465 -0.252022984570958
0.0413117004958584 0.0228368694621688 -0.162135328370282 -0.265591635848753
0.0431807438560435 0.055652823609444 -0.100633699288011 -0.252840533991254
0.0119925977406287 0.0891056063998663 -0.00835161153360487 -0.195778775905941
-0.0427114796247087 0.105611378393242 0.00361546059497922 -0.0569961361645987
-0.129690652090822 0.027863004776613 -0.0953059000015779 -0.0210942159319483
-0.10685952943914 -0.0855427791731555 -0.215401469266041 -0.101573906807359
-0.045759214243597 -0.0906009886582366 -0.290450571183225 -0.279893245363998
-0.126694977672826 -0.125987631863857 -0.31900044284451 -0.0855403830910826
-0.189369664545871 -0.102428138003552 -0.199239290851854 -0.0167429216568768
-0.179012246867624 0.0299258745505467 -0.0992199452454142 -0.012262448216041
-0.100268518100195 0.142366112940322 0.00237202760299621 0.0110449879254434
-0.0204686177982184 0.158349915484135 0.0281631582307442 -0.109356027828875
0.0419430477771734 0.151378650726933 -0.0406746721239764 -0.187723978474539
0.086186767936063 0.117006916220904 -0.110729028072619 -0.219368676039616
0.0977615348284399 0.120274426855892 -0.14162555413385 -0.222826989835172
0.10100566479877 0.120170047963948 -0.140131547903613 -0.22601212128955
0.0868635029637009 0.174138628684514 -0.0997225242328543 -0.212785890716636
0.00668120341502857 0.219809658291453 -0.0215806163874603 -0.162021102294753
-0.0935359468204552 0.226843872120368 -0.00496663874025676 -0.0284554337223636
-0.247343101005593 0.111282521954818 -0.105458362806263 0.0160592779050164
-0.271425875589669 -0.0838783556256242 -0.210152169978384 -0.0650701069539885
-0.197949230211565 -0.138813164229703 -0.254514988930249 -0.235151905763423
-0.207496086974987 -0.169381925364759 -0.261683672902251 -0.047792639936849
-0.284533700930534 -0.135267720094144 -0.165003091525704 -0.0281325906236724
-0.267225526908634 0.0278145078446963 -0.114314284758365 -0.0258388907748657
-0.182394165439669 0.191877693840755 -0.0244495533958337 0.0210404388339805
-0.0672737428436115 0.250092656970705 0.0120077211068143 -0.0693005830161355
0.0435259233797165 0.249760562570877 -0.0242946924946143 -0.129588482412444
0.124738485367063 0.203497327608934 -0.0656754849197281 -0.158993121332985
0.146430140083816 0.20118231896279 -0.0893633399830279 -0.16039355255918
0.148281684768113 0.195225922967533 -0.0904563328453156 -0.157331260826523
0.127981926000583 0.262036319976702 -0.074291968084288 -0.146271013007627
0.0167044155310167 0.321902825392001 -0.0191857473270137 -0.108921428401397
-0.11324083750943 0.327479775102767 -9.68453785516257E-05 -0.000682911159483418
-0.320381453267661 0.196080854808602 -0.0868572488977163 0.0489651972905412
-0.392052660409968 -0.0509326853935084 -0.165393409938165 -0.0261838728917424
-0.319252972701812 -0.153500603988525 -0.16775197000281 -0.173189204649151
-0.267760325102721 -0.191145600321532 -0.171540301138144 0.022245876848278
-0.36066632002814 -0.144759811273816 -0.0959146946164836 -0.0138815683002928
-0.337786878492956 0.0385273472408877 -0.106311877109646 -0.0353477279146288
-0.244035797746961 0.232958911895097 -0.0535033007555943 0.0265321895793223
-0.103960554635122 0.316940398284267 -0.0177775086668607 -0.0114723465503009
0.0404191548650841 0.317805267168222 -0.0129025616917056 -0.041163448462581
0.145002678390528 0.261491049980898 -0.0143292104985173 -0.0672631794019443
0.171221015631964 0.250892296791093 -0.0244072975485839 -0.0731210885696937
0.172066900641459 0.238601906606835 -0.0241078862273291 -0.071223215694978
0.149122075854826 0.30901024439323 -0.0271847382954464 -0.0662890369561115
0.0271703707086303 0.375832881942354 -0.000935514759549599 -0.0444792817595515
-0.114918593839632 0.378164258707089 0.0134655990702201 0.024201181533903
-0.338423077636676 0.249243565551901 -0.0492308315290119 0.0653620399887026
-0.440297060055185 -0.0144832022463424 -0.0900729084754172 -0.000840723478728289
-0.382880062347423 -0.140738692810218 -0.0479417537516767 -0.109386786369942
-0.292737158904304 -0.17943299896779 -0.0553395661144505 0.111224400859469
-0.391045408334836 -0.123194339135615 0.000490777916844782 0.0207751147979601
-0.357437602119012 0.0598960914741302 -0.0746098592712282 -0.0310226885338562
-0.258118971480743 0.247964303209154 -0.0742645203888909 0.0362056261668576
-0.112717789800783 0.337307249516897 -0.0487377833745585 0.0592936039476812
0.038995887643966 0.333823218458166 0.000423324284259738 0.0651204072531441
0.146624232296202 0.275519137552057 0.0390361910955476 0.0400395234423465
0.170985416786994 0.261443406097908 0.0435709546423004 0.0248267934676055
0.166817549873624 0.247468685594631 0.0459637409899705 0.0203652144708286
0.140561596094565 0.310972470805931 0.029064751515241 0.0166406571595299
0.0194896755125142 0.365640502515501 0.02485561154919 0.0229510637772866
-0.110839223343739 0.353143727760516 0.0273800934493529 0.0443969495456788
-0.303303462426666 0.238627067754695 -0.0088044561526452 0.0671442781038349
-0.410348836849961 0.00994818936621124 -0.00597131610357135 0.0077366723224694
-0.38052617442956 -0.108707445361985 0.0825245634637742 -0.0511524980331863
-0.27182091796691 -0.130642521958207 0.0707629839730139 0.196764251539247
-0.346522908341245 -0.0690199030255566 0.104534944322736 0.0592787917365877
-0.297714244172929 0.0778024440355215 -0.0259322584263519 -0.0124586526462067
-0.208092951474359 0.216466005370299 -0.0776079386149266 0.049112889138991
-0.0938900544147536 0.290000763635531 -0.0651264563337293 0.128127543585029
0.0344214800098656 0.288111366136964 0.0192559764216614 0.166226327672465
0.127467340693041 0.243926274501614 0.0901192853271631 0.143352821011411
0.144498025024906 0.232344317274321 0.104940715285113 0.11750624125145
0.13576267149053 0.222958324268105 0.105689591842461 0.104846854871072
0.101014751762086 0.268546609095761 0.0753178655300767 0.0913132860220615
-0.00483569842439648 0.295831086749512 0.0422414958791637 0.0816084881604069
-0.107155068087047 0.257911458882746 0.0287418158533867 0.0578358031946706
-0.226423955445731 0.168010979098976 0.0197965272991466 0.0587498171480567
-0.314284373075057 0.0121379350770185 0.0627239054721891 0.00790263027042133
-0.317101730015345 -0.0674168219626111 0.198516492589517 -0.00297423855103786
-0.203333061634696 -0.0570662241446925 0.187717867658792 0.257501484180616
-0.229596001410473 -0.00509050828700925 0.193197964136948 0.0864490697389022
-0.170480851454248 0.0748682170647088 0.028996603093599 0.0082045620833475
-0.118930670225022 0.132247361158154 -0.0614889050089897 0.0551830063495207
-0.0594643038250404 0.185815344376085 -0.0623788413705859 0.173736639061039
0.0239644518989005 0.190089839614318 0.0430680263469726 0.237757959400051
0.0871249641188878 0.170911548841074 0.1317631707424 0.222211478626064
0.0962786408250535 0.170075852653772 0.151351708507773 0.192079212251464
0.0849910660459901 0.168255757859516 0.144191861672901 0.174212493757883
0.0482496421665992 0.191525239941307 0.0991478094540831 0.150336406620354
-0.0319358767575368 0.18447692660693 0.0411574117354804 0.125192646123614
-0.0907882759180269 0.128824068187652 0.0164697748017186 0.0617111561887944
-0.120022552176483 0.0783989367792457 0.0324888536065356 0.0450371511296012
-0.179558085132392 0.0154942058465004 0.107577358843295 0.00787718072920386
-0.21319708530808 -0.0189630907309193 0.280581434775287 0.0348112147967756
-0.0934671434897763 0.0201005871455387 0.272328970283867 0.281242829518635
-0.067379842311167 0.0405546648787977 0.254369162326671 0.0919507744976021
-0.0202417803639205 0.037617662955342 0.0812579672259264 0.0146783254629446
-0.028526032731348 0.0167565332416139 -0.0371829687405761 0.0434190474198282
-0.0291667687833857 0.0520973049656137 -0.0473617899563419 0.18722507775467
0.00213804323749312 0.0651209558878995 0.0643657865238985 0.26904928363578
0.0288037992367393 0.0737837780085365 0.156357001689827 0.264946930174471
0.0331891786420326 0.0813388523235059 0.175264686937567 0.238416970851602
0.0263436325883491 0.0872889667245078 0.155619681194475 0.220016266641841
0.000954903852262393 0.0873538586827 0.0980163907924535 0.189912819832133
-0.0395862040766417 0.0595174757217474 0.0246747745855226 0.148344056771132
-0.0468091535167418 0.00641357236752453 -0.00171200030959504 0.0544295587606944
-0.00233832017290581 0.0103944011640134 0.0385238033886687 0.0275349075161171
-0.0385888028048382 0.0371095547777185 0.132776037546233 0.0126388844135693
-0.0930444996610716 0.0373855937767262 0.323379404344125 0.0623834897243269
-0.0309125871618555 -0.0748655508887763 -0.334452922399743 -0.0910346118938793
-0.0854029267024437 -0.0644003403690467 -0.202386172234227 0.00828132328949212
-0.0854812830883451 0.0262915776498741 -0.075248092517511 -0.00289280864745611
-0.0193252620733236 0.0790207751839789 0.0172898366093477 -0.00557238252995297
0.0178533068945554 0.0551207298410831 0.0242153742783315 -0.131256325909162
0.028769296223168 0.0409705961169957 -0.0630263301016728 -0.207598185851642
0.0320396004432741 0.0185697140324305 -0.142617712506493 -0.239405244899715
0.0329975965615732 0.0188678060194994 -0.171798224440276 -0.251849538871083
0.0406667826490105 0.0224245122911344 -0.162400341748127 -0.265281230355021
0.0429694038598276 0.0550540032548272 -0.100855219856453 -0.251218447484708
0.0135380050795562 0.0895465016097491 -0.00936174174924502 -0.196416448322104
-0.0412099739051515 0.105524425181036 0.00539503860702255 -0.0583297457941434
-0.129335070215257 0.0293933660145312 -0.0932853287673072 -0.0230873655252812
-0.107606137716907 -0.0848407310730111 -0.212943096722333 -0.102585608828824
-0.0442093059678215 -0.089282447345271 -0.287936859462843 -0.278731278447953
-0.124632543649338 -0.12683076280134 -0.315060925955509 -0.0854711646704181
-0.189111298954901 -0.101016591130642 -0.197927464875825 -0.0170389323832702
-0.17707567656899 0.0292065035155102 -0.101137913652601 -0.0116174677290428
-0.09773311405564 0.140854905524149 0.00354343813359175 0.0135329933762286
-0.0191579815812528 0.156955879174419 0.027228890038364 -0.106552762802319
0.0427715863069142 0.149826612630489 -0.0406188272115288 -0.184281474164324
0.0853033900992185 0.116181879290679 -0.110350344978103 -0.217303483543025
0.0968811998145907 0.119459386199826 -0.141012212807543 -0.2224198766189
0.0998016697482399 0.119921841505812 -0.139778737854102 -0.226064969747954
0.0857781185461796 0.172722411246211 -0.100009598246675 -0.210942179846011
0.00846796337487259 0.219997991747026 -0.0218422420714009 -0.162344773509589
-0.0913202512954928 0.225916806496831 -0.00366046754798706 -0.0293776832575817
-0.246348182065993 0.111258425731587 -0.102855574174692 0.0136113632306071
-0.271999928125223 -0.0836217706698659 -0.207622087940139 -0.0662421563375649
-0.194393972982762 -0.139203869439333 -0.252719061588713 -0.23425786158424
-0.204164640481607 -0.171067628829412 -0.258655268491187 -0.0473947114625648
-0.283649423807411 -0.134460774045291 -0.163751363267082 -0.0268267904996255
-0.264807935658908 0.0261824751808195 -0.116928442803584 -0.0249981888059907
-0.180287304123717 0.189995575046667 -0.0232752542225958 0.0233270153112066
-0.066240123165568 0.247973225186621 0.0111953741125446 -0.0657179387011679
0.0440368610904081 0.247976469061466 -0.0238050776311943 -0.127060614926435
0.123449302362508 0.20221711220178 -0.0656867887728481 -0.158114944326701
0.145374168105979 0.199808203956526 -0.0885591246454219 -0.159108503110139
0.147214395713657 0.194195601640827 -0.0903817757935101 -0.157300339445021
0.127206276571941 0.260164630529163 -0.0755119414264797 -0.144425754261088
0.0182155798830797 0.32211687727396 -0.0202179777038199 -0.109613075135735
-0.111876020503208 0.325930124071356 1.10960473609004E-05 -0.00204541032892173
-0.318961411142243 0.196587352672356 -0.0843460956841299 0.0460311703805568
-0.391417733763523 -0.0520396117143902 -0.162999550669832 -0.0265571970703132
-0.314344914727411 -0.154565909881726 -0.167430622810474 -0.17339852471691
-0.26176526856037 -0.195409302037451 -0.169561153617087 0.0229842221775
-0.360152528829632 -0.145248949131573 -0.095081585330466 -0.0124423060678613
-0.335433636655682 0.035337572898364 -0.109371592477057 -0.0343745192496188
-0.242444214932928 0.229946169852729 -0.052998681415218 0.0285396772844407
-0.102188534267919 0.316535640640782 -0.0192856446630474 -0.0078785705873383
0.0404494356490953 0.316039150234929 -0.0122519702500431 -0.0387117641978433
0.143796216909921 0.259333646172019 -0.0144172089699783 -0.0679856965437035
0.170110712254751 0.248437614668584 -0.0239757518166642 -0.0722207917738993
0.171241326566586 0.237671016518843 -0.0249015908520143 -0.0718562052950018
0.148337109764179 0.307957514438534 -0.0282177791651055 -0.0644125560043478
0.0289835664729176 0.375267573463333 -0.00208636868259149 -0.0446838632737205
-0.113432972421081 0.376028649829095 0.0132986837953085 0.0231255559304836
-0.337423374142591 0.247205281584403 -0.0469021683122476 0.0630706036376638
-0.441510246439721 -0.0145032254505182 -0.0872069569903609 -0.000391927651812726
-0.379494078616134 -0.142387733612418 -0.0487174629846423 -0.109564490377544
-0.286771391824128 -0.182209756308678 -0.054264843993915 0.112536170995678
-0.388697493047116 -0.125097458260751 0.000839111134728389 0.0218613048425664
-0.356010531644137 0.0550101767073537 -0.0775761223099168 -0.030361107206788
-0.257515697680874 0.245409261618294 -0.0745432676706381 0.0375919618564535
-0.113214203158651 0.335874889926039 -0.0499976276009865 0.0634463360056069
0.0380964442840002 0.331832863197683 0.000906206963255403 0.0675257068052355
0.144693209868955 0.274282029422601 0.038780828459175 0.0377735289268447
0.170328813282332 0.259762143813465 0.0429943022391451 0.0256015111354417
0.16628013975487 0.2467285994378 0.0445829128927789 0.0194818398335931
0.140082130314193 0.309193245406052 0.0279443262633594 0.0179619450358024
0.0217434448974454 0.364504675560519 0.0237514123503793 0.0223811159814903
-0.110115988310614 0.351772182565468 0.0259612960954482 0.0431392401225015
-0.30274337641093 0.236128128056211 -0.00628370616255834 0.0653574619261108
-0.410115849281257 0.00776750409842803 -0.00414703573840539 0.00939191246377829
-0.376704327574369 -0.110973137489497 0.0803053920221024 -0.0512516574682528
-0.266673589885302 -0.133551869571844 0.0708437516972153 0.198678372659148
-0.345422162061847 -0.0693408540395172 0.104235390338347 0.0607977711471212
-0.296464382268075 0.0738641790989348 -0.0289594405090755 -0.0118120753536775
-0.208838900567509 0.21405533469487 -0.0780735324672571 0.0499375030390249
-0.0942353322857722 0.289455379511968 -0.0666897818850722 0.131771165477781
0.033691399275981 0.286952551338713 0.0196949774981575 0.167330644347388
0.125761459936197 0.24148761463489 0.0887464886678445 0.140497425447986
0.14417755028421 0.230712227285288 0.10441941640734 0.118695466527324
0.1353185493534 0.221759894568411 0.104381958589637 0.103887184916942
0.100721418446546 0.267796977717688 0.0743595357094293 0.0908241612259059
-0.0037131632799037 0.294552050202197 0.0420451343807685 0.0801436579765698
-0.107381000078798 0.256065586355013 0.0280941544753024 0.0570749192847071
-0.224678638850251 0.165646902680628 0.0213062260193437 0.0578895865364871
-0.313386297361187 0.0111310323033063 0.0639283092935969 0.00985541750859304
-0.312513297898896 -0.0697754091949994 0.19486174992564 -0.00357807383878557
-0.199446987705593 -0.0595986757973517 0.185511345149661 0.259444343572628
-0.228580711310594 -0.00562968009542383 0.191492539208819 0.0874930704358447
-0.169768692316073 0.0716534471903617 0.0263595657893648 0.00857380918186277
-0.119701308729656 0.130748641512471 -0.0623592851221874 0.0555064060569268
-0.0599344184712622 0.184694969208935 -0.0640596958688057 0.176139854557284
0.0228006260765941 0.189121177720476 0.0433315961153889 0.238086982033267
0.085641901359356 0.169753715141304 0.129755066989789 0.219555714632379
0.0959780692629038 0.167995612102411 0.151017405308989 0.192685381041045
0.0853340589963589 0.166874606669034 0.141265894166322 0.173440006326044
0.0485018240132536 0.190094178386249 0.0980647903377058 0.14933046879739
-0.0316262375956627 0.183590707737891 0.0409195999578102 0.123146201267192
-0.0912471986573913 0.127202982757938 0.0156961831313279 0.0612800548557491
-0.118426506933003 0.0755595471666578 0.0336099369376225 0.0443992458969943
-0.178270882771082 0.014257281377017 0.108056218785805 0.00970121770225488
-0.210383621758575 -0.0204563669564607 0.2762818950403 0.0344723388467154
-0.0908778850398461 0.0189431381981683 0.268885518307263 0.283661950351728
-0.0668356696813646 0.0398228280604184 0.251132793138752 0.0925136874301429
-0.0204759940865549 0.0362853832182994 0.0789620231929009 0.014815696927205
-0.0300439995774042 0.0168318313331897 -0.0394898570894638 0.0445221527935401
-0.0294420157080987 0.052510599076942 -0.0488890004021332 0.188956724864144
0.00103816824158163 0.065003399925277 0.0642844277237368 0.268199790297744
0.0281176814919306 0.073114760923559 0.154837803397648 0.261976525007797
0.0337865781618304 0.0805962170618924 0.173733013499893 0.238274316415013
0.0268713753485794 0.08618617264517 0.154227863015564 0.218242279168767
0.0013783072102643 0.0870170036976909 0.0970020219048212 0.187678875372313
-0.0399909629697445 0.0590025791626748 0.0247089073085038 0.145692844383266
-0.0482533397910036 0.00578887350307735 -0.00231419985853119 0.0530362309402193
-0.00178880700583362 0.00772285676798909 0.038912542575783 0.0278008834858783
-0.0377481503462199 0.035838388694209 0.132301975659713 0.0145729241075066
-0.0926182538212264 0.0365440647321971 0.319079223718231 0.0619783945409344
-0.0314676362506616 -0.0758654085596559 -0.336937136786607 -0.0944445306382416
-0.0864467273841914 -0.0640627821194622 -0.205207487877874 0.00784835023628872
-0.085478339464648 0.0267244798486602 -0.0771106723622184 -0.00183279700133787
-0.017251875293017 0.0794536400913168 0.0186510733573022 -0.00405615552771441
0.0191974460552719 0.0545694333317719 0.0245103991088451 -0.131864943998332
0.0303382989399484 0.0407267889859831 -0.0634328667304131 -0.209100007509963
0.0329333987374137 0.0189748907688439 -0.143912512571128 -0.241162869859789
0.0327920602964367 0.019992149952501 -0.17452074143675 -0.256693208736524
0.0402745173692434 0.0229848497403293 -0.165307383645998 -0.270050363799984
0.0434247376493946 0.0558530977850898 -0.102456159246726 -0.254861518048812
0.0152051232385367 0.0911128597094835 -0.0100859324667307 -0.199614554786982
-0.0405490305191231 0.107372559464287 0.0068024871529824 -0.0600743570982964
-0.131965141996241 0.030827922308896 -0.0932234585652025 -0.0259114934254093
-0.11008672940948 -0.0854702581085939 -0.215163745411924 -0.107034693575362
-0.0436430734050999 -0.0902283237157087 -0.289487703102152 -0.283597947762259
-0.125243494006044 -0.130707767158778 -0.317188590869554 -0.0879779246098918
-0.192199064448145 -0.101531835676838 -0.199344866003019 -0.0170511378131031
-0.1780014212853 0.0281164830202215 -0.104764108646659 -0.0102390707760827
-0.0971020947052118 0.141455872238742 0.00486097304278481 0.0151739192860019
-0.0189424527482497 0.158376920586983 0.027307896105472 -0.10608436955729
0.044441623907095 0.150958507992229 -0.04066704439633 -0.18484979707684
0.0870183498006739 0.117466394989331 -0.111175470383458 -0.219594336153232
0.0975240578916229 0.121557800234806 -0.143108503632374 -0.226439321551638
0.10025710319454 0.122036719935385 -0.141876596785992 -0.230527548888455
0.0871194983902134 0.175335319994673 -0.101847727543175 -0.213844763543451
0.00971364912780305 0.223920887823336 -0.0231767176178852 -0.165650233743094
-0.0914477560915623 0.228428062313199 -0.00276859978276789 -0.0308775601400067
-0.249847845766324 0.11351069140901 -0.102685617946521 0.0111946449551356
-0.277834128824138 -0.0856215789378013 -0.209052569276731 -0.0683674717880544
-0.194489460081369 -0.141531722043515 -0.255233390648372 -0.240363158937615
-0.204898305085719 -0.177599260461498 -0.259831180009206 -0.0488071457012843
-0.287907003111948 -0.136396621750613 -0.164803345136603 -0.0266414627609304
-0.267410382020873 0.0235784699829182 -0.120761660797546 -0.0237515460007386
-0.18148402674801 0.190429013063631 -0.0226091465146211 0.0250950340361095
-0.066424377076685 0.250993756732662 0.010922982166359 -0.0636060592710914
0.0450805158333236 0.250954749072671 -0.0235535958245236 -0.126252758398046
0.124518735392548 0.204663277178515 -0.0666044627078015 -0.161015220129687
0.147296507457688 0.2021791656132 -0.0893143654718614 -0.162649236981796
0.149100988162461 0.197272773477046 -0.0931581855218428 -0.160966264697662
0.128048973156025 0.264747145703904 -0.0765779780491123 -0.145525135390519
0.0200949890705471 0.327351119818226 -0.0216999717659305 -0.111541142481646
-0.112999475878284 0.330350703757585 0.000964685212371278 -0.00247010780786047
-0.323250427529876 0.197761190827291 -0.0835737588963704 0.0438236194209059
-0.399645001313898 -0.0549897262076566 -0.162678724627031 -0.0271669043450855
-0.315648260960664 -0.158027779805643 -0.170523365991915 -0.177085747140695
-0.261656570505273 -0.201668740868596 -0.169748804052826 0.023940381295597
-0.366634643754215 -0.148362927180385 -0.0951759077403498 -0.0116172206620659
-0.339770917164638 0.0322942114828116 -0.114516415155256 -0.0333769953486235
-0.245184182011093 0.232371294642458 -0.0525687690932839 0.03084846631923
-0.104229798740732 0.320707320828501 -0.0205112400748287 -0.00394492344311379
0.041133859240946 0.320637497397056 -0.0111241126424565 -0.0372561657149742
0.144497494769064 0.262901009494621 -0.0150477461177538 -0.0705496860012556
0.172732059088446 0.251434288361349 -0.0243390797369174 -0.0735875748675832
0.173241823398537 0.240928579808523 -0.0266772784484777 -0.0733428526132556
0.149784557715422 0.312286647385057 -0.0288493724471749 -0.0639350059538212
0.0302505987946985 0.381624746470469 -0.0028250343197953 -0.0462638975455052
-0.115207013142926 0.381067291944052 0.0136559987764559 0.0224536900764522
-0.341099481880246 0.248931167573491 -0.0452627051522039 0.0620095368940748
-0.449869904182516 -0.0168951241087822 -0.0866881969263603 -0.000210001491243423
-0.379561780303873 -0.147119819021417 -0.0502348582581789 -0.112145426614221
-0.287291949052225 -0.190150140881137 -0.05396084963003 0.115740067290423
-0.395873644007392 -0.126537096430619 0.00244128514392367 0.0238862090351492
-0.360266275146331 0.0519469339814717 -0.0822804579992512 -0.0294727789073322
-0.261557807512161 0.247552172917693 -0.0756009140548638 0.0397769713738013
-0.114693969796898 0.341000325155364 -0.0521191678048445 0.0687437316096347
0.0378100701219245 0.33711101564103 0.00217763675726216 0.0703396217464975
0.145186268152258 0.278312977130396 0.0386167392867168 0.0365506937670925
0.172065439110413 0.262601259799103 0.0442310903446071 0.026226561901465
0.168853806011424 0.250093671146414 0.0440761815984867 0.0192148415506786
0.142021588753626 0.314309085605319 0.0277388221901021 0.0193715804858378
0.024105986994806 0.369817150640707 0.023268089359522 0.0218738429541703
-0.112583943116044 0.355134833287829 0.0261262194659545 0.0438384613171696
-0.306484076087018 0.237864313693638 -0.00454441218082483 0.0646870519117431
-0.418592589178903 0.00629655917337412 -0.00190708365370395 0.0107864622396036
-0.377749690187405 -0.11678765135743 0.0793242215640281 -0.052102124454444
-0.266594715789219 -0.14028020666352 0.0719098682725755 0.204258305075008
-0.350370615007384 -0.0723468319557425 0.106302562813442 0.0635078573051822
-0.300452009772753 0.0720877378614407 -0.032584743983079 -0.0112581179077069
-0.212493085160604 0.215250917273884 -0.0801056845296261 0.0517146752697464
-0.0962846239439337 0.293680062253516 -0.0693982318361366 0.137216187363159
0.0330737767770181 0.292098906559778 0.0205436355858297 0.171568069030166
0.125671171634919 0.245377214054778 0.0885769954033359 0.140073658002685
0.145979896430523 0.23302467919685 0.106170534680793 0.120425605718621
0.137795020888912 0.224874839047114 0.104368181493578 0.105610672449486
0.102669561731336 0.272118838466064 0.0748029108378152 0.0929218566906255
-0.00267657219542397 0.299298551903065 0.0413869634508158 0.0809788267489558
-0.108811397472336 0.259336578923107 0.0273264387913026 0.0576610231289194
-0.227634060422378 0.16564092502105 0.023382983759754 0.0579851406711082
-0.319391164709226 0.00871339798863689 0.0668275458188482 0.0122947494136815
-0.314136275248823 -0.0728632726564895 0.194771491714193 -0.00347647005215539
-0.198983799548 -0.0638524932612161 0.186945175475983 0.26668738064845
-0.231891063263705 -0.00656980491621111 0.194306346071918 0.090003994153564
-0.172078177070734 0.0705501403463517 0.0247358631233486 0.00912512200959056
-0.122699992480523 0.131059708670081 -0.0653222602712493 0.0575220319632298
-0.0608345925676056 0.188576352117984 -0.0666390067055983 0.1820441200152
0.0223565877331275 0.193540500964335 0.044065583455943 0.243183800948302
0.0857870266494653 0.172571984150145 0.130037813582006 0.220437175561579
0.0973285195852746 0.169552137888809 0.152820201906547 0.196710201002955
0.0864335791289562 0.168870924073572 0.142826049938572 0.17532155049619
0.0502836336400206 0.193381574259134 0.0985147136684087 0.150683343777218
-0.0318524373216232 0.18632173484648 0.0407051942677325 0.123262121865745
-0.0933316107535392 0.128299545400376 0.0150516347075839 0.0613324261062437
-0.119682271923898 0.0735437473833293 0.0354503642994093 0.0453418639513025
-0.180928448943235 0.0129002543965004 0.110611903065952 0.0114701978494782
-0.211709291750988 -0.0222849325240451 0.276718246702984 0.0347891843958151
-0.090369254569003 0.0179488019419408 0.270302266896639 0.291517147905115
-0.0670696356799475 0.040006423417629 0.253831297928158 0.0943310085632342
-0.0204671178823101 0.0350854859024852 0.0791179290116632 0.0157665260914208
-0.031515195812276 0.0173072579759435 -0.0418360342479196 0.0456159397488619
-0.0300403064909294 0.0535409925793001 -0.0513235033613053 0.193912652808622
-0.000317128230248097 0.0664919414400698 0.0652361689569069 0.272598184380494
0.0276028655298582 0.0745465935228243 0.155257522297974 0.265059902092047
0.0342014569044802 0.0809338887277124 0.175017190890347 0.242640203449676
0.0283267251446406 0.0868013568764867 0.155714986918194 0.221326664968672
0.00212523978712396 0.088193285218912 0.0977568368845458 0.188503244625643
-0.0414060870442893 0.0602835476862315 0.0251497305050324 0.146172504946569
-0.050445483107643 0.00547160349849479 -0.00374833791335753 0.0528872880520539
-0.00154606023497616 0.00538739785493246 0.0404007960208384 0.0283915520613756
-0.0377456625168251 0.0350615874538953 0.134654589147272 0.0162828152535725
-0.0936269658853595 0.0362755386227432 0.320275496102301 0.0625780256390398
-0.0724230404230992 -0.0439417139972643 -0.336984845647015 0.133826114189361
-0.106949020524257 0.000824051409782263 -0.165798845373875 0.133750213766282
-0.0537940445415656 0.0720903795163946 -0.0657093822776856 0.0508885419553785
0.0326545614694256 0.0720659921487389 0.017809162723311 -0.0124036208176879
0.0468320193431454 0.031952160320033 -0.0594656085284447 -0.120708539479019
0.0491707477308957 0.0137182048202231 -0.179214012569231 -0.128114871205113
0.0375408743495445 -0.00364663781380456 -0.2684565879991 -0.106528937064158
0.0381247932087896 -0.00338211887735601 -0.30311107884392 -0.100638046254361
0.0449608572031679 -0.00617255873441268 -0.306206723392658 -0.115855984659816
0.0694996870605859 0.0183240077409529 -0.245043486750969 -0.145892543773773
0.0708122007108506 0.0644409308687763 -0.134594593492491 -0.157262289416079
0.0341625824770426 0.115183055498999 -0.0318572237274023 -0.0564752174722726
-0.0929509383716978 0.114130591809507 -0.0913328847027697 0.0350820867208147
-0.151698319292286 0.00266485280508702 -0.24303785660947 0.0472948113749468
-0.099336532798429 -0.0515372923479321 -0.418801752976351 -0.0461418733257353
-0.182497923531951 -0.0377279325874674 -0.318479189290639 0.133344450123063
-0.214181295339304 0.0315277675448787 -0.179741867786498 0.112347779446964
-0.129355664579288 0.127633538171225 -0.0953923393182099 0.0655820608125494
0.00484225310532473 0.168215335971999 0.0189299688289367 0.0168824993582179
0.0785926163445843 0.137857672592322 -0.0386908724709707 -0.0996291152991391
0.127284678533467 0.0952508133994524 -0.143699488787434 -0.12008985065051
0.140784864864023 0.0428076884112176 -0.227432301346083 -0.109503514926205
0.154939623201023 0.0385518434687874 -0.259175542043172 -0.0958501987138666
0.157310632059963 0.0384008996465624 -0.264085880122476 -0.0978432277240968
0.18174415501312 0.0903382534448055 -0.218768854894398 -0.11118361348514
0.151471830660775 0.178664979713942 -0.121915067392053 -0.121788906259767
0.0660911272511852 0.24899105242295 -0.0213073075438831 -0.0281083961338509
-0.140742973854954 0.260433075916508 -0.0740701335580982 0.0691592517159297
-0.292122442334527 0.110874294533175 -0.213805461965819 0.0695000165735219
-0.259693822897526 0.00300885475117149 -0.357035398751177 -0.0365582450791948
-0.275639022937732 -0.033167788512094 -0.24993764433185 0.136372661464141
-0.312559825745516 0.0589155646097632 -0.161394981390988 0.0853594976838814
-0.206762003754624 0.175799444958007 -0.120589837709757 0.0683447797240937
-0.0356746709083511 0.257716727402746 0.00260160573045054 0.0468672514291755
0.0954329951941293 0.242600951384898 -0.0248675919930215 -0.0518518583782835
0.189002011679024 0.176210594287286 -0.0919641300284517 -0.0807080146968634
0.224340416575533 0.0899003354805728 -0.152461435228486 -0.0893159936491602
0.246483002816391 0.0740788732989025 -0.175905303143679 -0.0765806026510972
0.245564996454075 0.0710339837183242 -0.181447688420336 -0.0711435538465769
0.272809026698866 0.137972905534297 -0.155884803507294 -0.0709904812917083
0.226980702466483 0.258817752129589 -0.0866961857671861 -0.0806316722361641
0.111900754146837 0.347269152156786 -6.5241519301965E-05 -0.00821743045592826
-0.148466490410881 0.38089879775178 -0.0369129533641288 0.0824741541886056
-0.373878373331273 0.215319963091472 -0.150206172103134 0.0697808088615993
-0.371996502977923 0.0682796741980748 -0.242662260660482 -0.0454861702540271
-0.336877635406234 -0.021369023150937 -0.132057039199351 0.144091726627129
-0.382950393711986 0.0932230378322589 -0.0977510435343528 0.0566507748647433
-0.261796181232644 0.225567113956483 -0.122101808016223 0.0596724436477466
-0.0651942247976212 0.328787740588965 -0.0192940442970412 0.0742743629822813
0.106472188772502 0.321667664196125 -0.0119408152701204 0.0178101190479159
0.228098539209124 0.23601938331344 -0.0253765653593023 -0.0136784902981241
0.275956067576653 0.124512691534391 -0.0528219367077766 -0.0481798682770113
0.29841440769598 0.0984189132736118 -0.066585735116971 -0.0447854159172022
0.294634711385218 0.0921190267529508 -0.0718789758962484 -0.041442724859885
0.322197628320052 0.163272082052951 -0.0652489104990914 -0.0337479451682693
0.271631530163021 0.298051814058239 -0.0296405157907952 -0.0393951511478185
0.141638925693705 0.39102077446945 0.0258322725976452 0.0044589799769177
-0.129971731431652 0.434506719381915 0.004809521029255 0.0720212509154126
-0.390853356706052 0.279201158445136 -0.0694903111439198 0.0412470433652186
-0.418231934995266 0.120757967458233 -0.10019859466232 -0.072237816842252
-0.351211478294017 0.00193280531483222 0.020296856907226 0.149137767826003
-0.393227754394492 0.126460123904113 0.00270038831655883 0.0263786044680274
-0.266893918435555 0.253671825097924 -0.0931739918581071 0.0450633302360313
-0.0685974952577466 0.351113063680065 -0.0330363662772842 0.0974001152790646
0.109776732410633 0.345228465294483 0.00738219016632258 0.0970289368995801
0.236300472382876 0.253138875252878 0.0523503766987233 0.0656458939693874
0.286864460499422 0.136157516537281 0.0582480270706302 0.00629772424675128
0.305039131419364 0.107436925255171 0.0510731378312578 -0.00612259181050399
0.296825971746716 0.101137224140476 0.0444102980120462 -0.0100227457197637
0.317273877407893 0.169886594488252 0.0336020177186406 -0.00157502698057494
0.256478766619785 0.293205744557022 0.0349363915672878 -6.9611868818885E-05
0.127797907906333 0.367558603349459 0.0489950057792688 0.0149270156693096
-0.106935931302693 0.400374697584782 0.0400718546643035 0.0488111694108706
-0.348814018103165 0.276656032677907 0.00673811795867871 -0.00362722145488034
-0.392458453986206 0.144671817324514 0.0439482619091449 -0.107621764598775
-0.303796441375523 0.0321779378419395 0.18067610577858 0.14232375396908
-0.325428957616407 0.143611481309066 0.114661753635162 -0.00572785121195042
-0.20565628133421 0.234901627708455 -0.0389618756105598 0.0271851489247918
-0.0486090393987915 0.297867401269547 -0.0301381543012799 0.10812788115563
0.0978733618264508 0.295553830261618 0.035264847136301 0.162813667742268
0.204497536995217 0.218608599927294 0.130051461802068 0.135220238575068
0.251215031720002 0.12118044991662 0.164107002486646 0.0595543569734706
0.264761106615372 0.0996681248833919 0.161284537672131 0.0332126966325337
0.255719175688049 0.0995652754588347 0.148032372468947 0.0218700588643882
0.258619833270298 0.159410283915063 0.118384770470818 0.0297783894847258
0.18909602390565 0.250402385284097 0.0863547126234399 0.0363566943144357
0.0704744318281676 0.285276896914537 0.0586120104723058 0.0263418839395791
-0.0867239952743124 0.287438378460968 0.0583586634812021 0.0275542710191164
-0.261471495023233 0.213923022023706 0.0634580643271887 -0.0441582530346728
-0.309581031712859 0.140060354237713 0.166802041022271 -0.139814359371884
-0.201013385012301 0.0578726935500131 0.316787554921766 0.116373830161471
-0.190173721612926 0.127406517030656 0.207781190233204 -0.039821440326717
-0.10010167564712 0.157316068747836 0.0238525602540648 0.00388275245883605
-0.0241715462064615 0.178462160486248 -0.0162263763619847 0.0981364410495183
0.0632367050225845 0.18927502675117 0.0626898333646588 0.194779977668946
0.135823196454782 0.144349367030636 0.19125957679218 0.175198670941484
0.174515371850217 0.0862103549605821 0.247304548673345 0.0994618151991347
0.186115784822614 0.0779758295843416 0.246421554829121 0.0662376018071507
0.179234817292883 0.0848978369274832 0.223977962550766 0.0546654791786452
0.164489028807497 0.127058964435587 0.173072266498298 0.0616066375674244
0.0926950129502157 0.17554208045328 0.11177249244411 0.0723623616739436
0.00177437871461303 0.16629645090676 0.050713783836948 0.0392310535208104
-0.0544351508015948 0.138587596052101 0.0593884290718886 0.0117501738446317
-0.142298861679946 0.126602974969873 0.0988624502202813 -0.0674859853554248
-0.188502940741774 0.118216744627246 0.25536799528379 -0.158555451176784
-0.0621579511392981 0.0648440979106383 0.404125815553579 0.0782865094733659
-0.0297509488063922 0.0695631537762759 0.264100403223212 -0.0767697306676983
0.00407306722567012 0.0395965185013139 0.074892414165655 -0.0318998374378267
-0.0159361326412936 0.0330790953235813 -0.0066148395783974 0.067641986404808
0.00921366311327168 0.0620183833550057 0.080093274161728 0.192338412928955
0.0405617070242792 0.0545750468799808 0.224235778755006 0.183383242667917
0.0683317064764439 0.0421564685292482 0.295591312945788 0.119996018658807
0.0798151252693444 0.0449502629398175 0.294244001111199 0.0889373945364332
0.0797325316248519 0.0536988750120474 0.264417762270548 0.0831718320049478
0.0593147980888158 0.0708240015174095 0.196959411250289 0.0923748767689328
0.0043342606490769 0.0777130570673166 0.111980637872058 0.101099514744197
-0.0397812537929893 0.0374018322468852 0.0301429131900133 0.0455642469004752
0.000967359055386116 0.00331632138686269 0.0527590258071039 -0.00302341959531118
-0.00762911101175651 0.0515674036893751 0.120592331896087 -0.0755318130454611
-0.0495721972841096 0.0917366704773329 0.303010439586936 -0.159800569362337
-0.0770828141751409 -0.0421273715417125 -0.342960278271045 0.149328712857802
-0.110195698741771 0.00614343652435625 -0.165104148490439 0.1456180334145
-0.0527183843172561 0.0760086159766979 -0.0657930507948666 0.0572723813022905
0.0373531311736249 0.0713094024852545 0.0196076469446585 -0.014638948881834
0.0496059443444235 0.0299441363108998 -0.0650129770089445 -0.121930246441323
0.0512805591244869 0.0106408179181171 -0.188311831384664 -0.123681800467981
0.0385950242967533 -0.00604409647291861 -0.280205901047129 -0.098146447410235
0.039391088793212 -0.00487413416132888 -0.317586160941997 -0.0918001946503022
0.0462005458814072 -0.00762672258100484 -0.32257022831298 -0.107597666934907
0.0723115573724918 0.016057203098728 -0.25938493267545 -0.14040762480602
0.0768890067659609 0.0629095534957701 -0.146172053401543 -0.157724486081275
0.0410301504656171 0.116265138510135 -0.0348018543155381 -0.0587003727004884
-0.0907281699722046 0.122701120414307 -0.0944233900297155 0.0372182455888633
-0.157113065012635 0.0102422597248218 -0.250780640008359 0.0573416116409344
-0.103796121630626 -0.0507610695186137 -0.435607535692609 -0.0325602589697675
-0.191259061859523 -0.0335495747902648 -0.323858847853753 0.147887008429877
-0.220437137344636 0.0420741295638513 -0.180508352780875 0.122799854813103
-0.129194495751308 0.135481643910604 -0.0963362574258061 0.0741243952368544
0.0116484411337086 0.171564408169578 0.0226132106440918 0.0158495893360758
0.0869546254018217 0.138559799675464 -0.04248991285534 -0.0998353138619723
0.135762599295432 0.0917182639293731 -0.151477950806522 -0.117298390981856
0.146790731531396 0.0380540918403232 -0.23891646612581 -0.103746764633139
0.161650568452836 0.0333516961599631 -0.27202979137165 -0.0887631456732278
0.164010062738618 0.0338253582527081 -0.277972988175233 -0.0898050346806516
0.191583402878546 0.0862016137630712 -0.230184180155809 -0.105577999170608
0.165024068192899 0.177817092257346 -0.132697487870509 -0.121608772720563
0.0790949570388301 0.253646087838648 -0.0226094663528694 -0.0298722902359034
-0.135031467183145 0.276008863192929 -0.0748373772550703 0.071858698963585
-0.299130473535742 0.128275900996979 -0.217981601751088 0.0794008698001602
-0.267830425165417 0.0109075298742483 -0.370180183082906 -0.0226794097272092
-0.288318253622039 -0.0271356741103316 -0.25167849827609 0.148718121512814
-0.321129249043558 0.0738334412114645 -0.16199625498861 0.09377132563287
-0.208199649095683 0.188200491610501 -0.122545181042595 0.0789216707830428
-0.0269473932230198 0.26570404810863 0.00664145496869157 0.0474248413447235
0.108385232821425 0.245828079795861 -0.025793683567672 -0.0509452343857852
0.202800590879691 0.173251317526532 -0.0958555935156809 -0.0790592437507385
0.235121081039147 0.0837659065915722 -0.162016065292082 -0.0864171679308508
0.257627047175963 0.0661049580104728 -0.185470098234701 -0.0732438850846284
0.256203089366344 0.0636803746256258 -0.190726137218646 -0.0658103568663915
0.28879190834604 0.132222627980212 -0.163305236669676 -0.0660595405118655
0.246013783780627 0.257574830370632 -0.0938896618308053 -0.0792969780324234
0.12960136447298 0.354058896078066 -0.000470420713461606 -0.00949686422021854
-0.137117478925278 0.400112213959842 -0.0359044041000507 0.084164741155066
-0.380415244137127 0.240971276314067 -0.151164503851797 0.07687273370614
-0.380772072445505 0.0811528812311014 -0.253287306449641 -0.036435216627412
-0.351226668126078 -0.0140322083457589 -0.129388625584603 0.152803302310166
-0.391588096096528 0.112509688134224 -0.0973049227011737 0.0604395189063987
-0.264255586390866 0.241366598230976 -0.125713034997355 0.0702124571383887
-0.0549972982650534 0.34136266384478 -0.0146238181912625 0.077247005187798
0.124303929611626 0.328185594065697 -0.00972146427185644 0.0210329620249424
0.246899653732778 0.234333503287526 -0.0236620038677566 -0.0126380660642863
0.289692038174693 0.118264407882102 -0.0587439318851119 -0.0476586888766373
0.311938614819073 0.0897569670391295 -0.0707854982870573 -0.0443996668816423
0.308049654389554 0.0834150491204469 -0.0765503133950585 -0.0394298582679801
0.34131223112794 0.156601152401405 -0.0678758980805395 -0.0315528708615071
0.293844723524033 0.29573989320535 -0.0330944637221753 -0.0385833782897104
0.163655693453338 0.398740516647089 0.026208384058351 0.00336550973456009
-0.117885689157909 0.454594639986734 0.00803665457139586 0.071054570856478
-0.396988371143855 0.305980208923508 -0.0675429854808005 0.0435964457963687
-0.42661572004986 0.13572229344587 -0.108665863376208 -0.0696304001380585
-0.365299804210437 0.00939484489930845 0.0288108150655501 0.152539608143647
-0.403449340584226 0.147669072993864 0.00520657741432473 0.0254963604030985
-0.267806898783054 0.270083505855363 -0.0955185236470473 0.0536911111282631
-0.0591243770111703 0.36488725382741 -0.0287000098922101 0.102095011907207
0.128200950612669 0.352581231602937 0.0135389338256733 0.103262247461222
0.255611557123924 0.251827377357658 0.0596511504605098 0.0661936262596774
0.300763395840352 0.129697497301959 0.0576915442325071 0.00357016708775719
0.319720419934882 0.098879884053138 0.0533632243112673 -0.00839967038117086
0.311116718760724 0.0932835443653192 0.0450127302794809 -0.0115027687621549
0.336417808254538 0.161743840151387 0.0351885483505477 -0.00172013794342517
0.279559610188717 0.291770327061356 0.0342760343647717 -0.000874559964979738
0.147660933712073 0.374081780812816 0.0496567961992367 0.0136822222765755
-0.0963592469223917 0.41848295037909 0.0438835688567922 0.0462754598641055
-0.351300835351699 0.301360643058797 0.0088893956467713 -0.0056686659767337
-0.399100641836795 0.161149085555476 0.038244626576758 -0.111288125178782
-0.314158349187796 0.0397755152716175 0.195252615912481 0.139190122187853
-0.331234061464675 0.163267021316962 0.118651608195834 -0.0123713822676747
-0.20466251570424 0.247949147612166 -0.0402210305467597 0.0333983994752504
-0.0396256496068907 0.309581677742388 -0.025468925803028 0.113961823056309
0.113823167175083 0.302462675852074 0.0449668721089336 0.170002015549048
0.221725651293416 0.217302431743432 0.141792927772089 0.135076592220495
0.264435510993888 0.116112303473362 0.169234737881289 0.0548395707721934
0.278473001647697 0.0920541892344843 0.168427194181524 0.0275979784654796
0.268843698742194 0.092485056368892 0.153738252575259 0.0169732560271702
0.275363572642817 0.153874455676311 0.123859810695464 0.0260025397932826
0.20716157907447 0.251367239365436 0.089440013455875 0.0345668501881209
0.083302298634725 0.291362925780025 0.060779772343882 0.0259051039416068
-0.0788768606755984 0.299523543521823 0.0626832711169384 0.0241093963665713
-0.263984566517173 0.232311604533398 0.0665878435544778 -0.0492255947303727
-0.313038436420152 0.155138129580969 0.164219711472309 -0.149330428327878
-0.207285109626035 0.0633607159383238 0.334758924668184 0.10965895250009
-0.19173048587281 0.13926050047932 0.213082592234589 -0.0504532543928638
-0.0991929344116907 0.164580180164028 0.0241395505008171 0.00590772732561864
-0.0188728102173509 0.185619374075113 -0.0122957071230189 0.103695721111023
0.0733997784424222 0.194186089167581 0.0747247715410191 0.202246820935067
0.147288651787458 0.144721354271652 0.20611740890579 0.174179892804569
0.183671979719672 0.0827000328745612 0.257500758491131 0.0930949018697648
0.195802672123539 0.0731216632140787 0.258113270583797 0.059001448637407
0.188579583857304 0.0797742783695722 0.233664022185899 0.0477066656346836
0.176165695663101 0.123590278158174 0.181552452065038 0.056463837251448
0.103993044949148 0.178178881140936 0.116829141641644 0.0697365102790917
0.00754865010019663 0.172028559616564 0.0532398821450578 0.0389894442221956
-0.0530085459059966 0.143456154399375 0.0638112003799825 0.00856962619682501
-0.14318133070698 0.13617863758335 0.10196171483023 -0.0752668313352909
-0.188760953906105 0.127872523400948 0.25394648104296 -0.17181263551088
-0.0618967291527278 0.0672820822050048 0.42274808766958 0.0664310944945825
-0.0282714778221729 0.0726231148735621 0.269120449573487 -0.0897915853229621
0.00530380655035692 0.0393532265860529 0.0757657910791173 -0.0337362505598905
-0.0156311001115395 0.0353610738855145 -0.00455361946152067 0.0730722456787431
0.0122286522127451 0.064222911385667 0.0916568281685919 0.198933959836567
0.0450286681405239 0.0561540242740284 0.241082451698942 0.1805455691032
0.0722987192257176 0.0417638667273416 0.308755001735968 0.11159738455189
0.0843676828365564 0.0430297633994839 0.309181777838628 0.0810455349252172
0.0850508082854694 0.0516750325110006 0.275822024635561 0.0755715263244495
0.0641925705989766 0.0698933434350577 0.205784774418155 0.0867397815869659
0.00722224410651204 0.0809529543182008 0.118871583751326 0.0988459426547297
-0.0405965891601331 0.0413350937454875 0.0318450466699861 0.0459881670434
-0.000894683835827217 0.00152957319124809 0.055782421133132 -0.00554565635303786
-0.0065102397171062 0.0523579157438221 0.123667302450136 -0.0835168313757122
-0.046985952332363 0.0965789244065377 0.303656835180998 -0.176151149575368
-0.0806588072095759 -0.0372310277749625 -0.338865873125642 0.170697182517211
-0.110970861645536 0.0145775797495204 -0.15757361526493 0.157764546308246
-0.0488838175400248 0.0794232275494799 -0.0626626078427917 0.0636034834290289
0.0426136964255661 0.0681254847695443 0.0206824190391924 -0.0170686402020471
0.0522090400709697 0.0258312187381487 -0.0726141001620521 -0.119774997468923
0.0521320816957928 0.00573851118960687 -0.196251275750222 -0.113137664919623
0.0382628090753651 -0.00912296380274714 -0.288364450365967 -0.0819907750359409
0.039447077956841 -0.007408777840588 -0.328878007426794 -0.0732054559246733
0.0454100581594681 -0.00929150046710095 -0.334907683210875 -0.0875353942529785
0.0743042501936187 0.0119410603585952 -0.271788083199706 -0.125940526727614
0.0829718983603821 0.0574920376350781 -0.159734929550217 -0.151310720565765
0.0495470026295012 0.114545581602133 -0.0383331180878573 -0.0591034397418745
-0.0828903539582384 0.130854497322442 -0.0949092613916443 0.0409599726640566
-0.158806520282309 0.021986478179734 -0.250888255132372 0.0727863239186091
-0.108595418497189 -0.046030056866473 -0.440976522105502 -0.00640312117980083
-0.196951188837197 -0.0234866806319933 -0.318139414558236 0.167491537704765
-0.220184154101338 0.0573324353259512 -0.174274621405597 0.134986392591754
-0.123593613233883 0.144607281619479 -0.0935625276635869 0.0830277617537628
0.0227194576596611 0.17155819476367 0.0256488797387981 0.0134398666784642
0.0964319210091569 0.133876826899615 -0.0478202329785622 -0.098141225882469
0.143304902414793 0.0826278882930875 -0.158773408535974 -0.108837691422147
0.150718561800098 0.0293567500484007 -0.248116670277121 -0.0890494892027601
0.165617241349325 0.0239110370284862 -0.282866841126312 -0.0738119569052305
0.167728287462746 0.0253705947213665 -0.288595732200047 -0.0736473640457788
0.199827369964106 0.0746425357292848 -0.240542866541626 -0.0924522675570631
0.179399925615281 0.168110957274747 -0.143584239397058 -0.114533222961667
0.0967621332709502 0.251214200790819 -0.0244145196978853 -0.0301652336814191
-0.119754952185842 0.289222053221267 -0.0727124409114409 0.0742805273275277
-0.296118049421476 0.150477458619225 -0.215172899031385 0.0930761713869273
-0.271004914480159 0.0249253830294677 -0.375867456318321 -0.00115585739496519
-0.296685344274564 -0.0123406427175011 -0.245069431548623 0.164199211690959
-0.321351800232644 0.0962157531367535 -0.157643038185197 0.103155704230985
-0.201347576373426 0.202219767021985 -0.12044713581263 0.0907264370792686
-0.0109340361116961 0.268974557775539 0.0120529935103219 0.046461274759627
0.126527021311964 0.241687409619327 -0.0271163115032043 -0.0488911453787844
0.217852335991891 0.161326742736529 -0.0997890072980746 -0.0742273229096287
0.242808949408399 0.07110292676455 -0.171245890156771 -0.0772684280139022
0.26525616451432 0.051787058693745 -0.192333791876034 -0.0628948990399013
0.263227297726022 0.0500258973698072 -0.198331416327729 -0.0542580284989897
0.300781741681691 0.115926335547673 -0.168827724514198 -0.0565148421254241
0.26754996001715 0.245772986964326 -0.101844316374227 -0.0744481160062031
0.154238251550869 0.350020838161769 -0.000753846526735627 -0.0104023191755434
-0.117412841456637 0.4144787261219 -0.0313953152593258 0.0840893758805453
-0.372285442778182 0.270420742505913 -0.146943116868539 0.0858506206961836
-0.381410511633073 0.101556705328131 -0.259526553323232 -0.020309128247959
-0.361552418078047 0.00434085642491851 -0.119880345315354 0.160334745989897
-0.391684567739052 0.138785328302457 -0.09382636302145 0.0656689958309133
-0.255377031038964 0.258077910125013 -0.123057683827515 0.0827430517800745
-0.0347293923708232 0.349232303590479 -0.00803293498321301 0.0779617710252194
0.146525058931421 0.325615966629823 -0.00605592629046523 0.0243428326610471
0.266711272386284 0.221583015362151 -0.0224427053423934 -0.0114690980250161
0.300109217819252 0.102286382589973 -0.0647126954894912 -0.044433538107782
0.322000541552619 0.071399088858943 -0.0753410122360828 -0.0411434252078651
0.317518146426457 0.0654764804773535 -0.0807716768163372 -0.0347516705721821
0.356845746991847 0.136585722953776 -0.0697534702774822 -0.027147506292329
0.317750123578342 0.28042574098595 -0.0377540349402074 -0.0360823164620094
0.189755804912413 0.392814498451611 0.0270185038174649 0.00162298279838797
-0.0918036641524965 0.469310309411556 0.0125409338438588 0.0687679043931766
-0.384521548940258 0.337293593953353 -0.063613020578913 0.0462597333806395
-0.423956977325187 0.160280218560229 -0.115814098755513 -0.061610944451821
-0.37243095643116 0.0283941915591881 0.0412260830899317 0.151099786065649
-0.40059363003808 0.173860054230138 0.00767377671707662 0.022798185713809
-0.258397041253647 0.288869256314507 -0.0941659862496955 0.0648219778837105
-0.0385207629429999 0.37437883696828 -0.0203670278764785 0.104501866159854
0.153052532430263 0.349942607645012 0.0225331319987492 0.106778392506745
0.277828063072073 0.239315813217268 0.0672237274896632 0.0637125785042005
0.312996626660157 0.114446357444314 0.0556949356940156 0.00115171485623115
0.329902721443233 0.0800258352701537 0.0531311617054744 -0.012352920515014
0.320836161457224 0.075912019492706 0.0445727352410877 -0.0140188704638962
0.352494124305602 0.142152321117644 0.0368148199158962 -0.00430462287262779
0.303839539644179 0.278242204913305 0.0339448249790652 -0.00245838736433943
0.173174787916069 0.370096028095675 0.0515701396607665 0.0103715833524686
-0.0732721710666566 0.430024642637249 0.0478307017997022 0.041164873076428
-0.340112643177548 0.331016255770123 0.0118891415796665 -0.00887436906908465
-0.394164238613607 0.184435820135516 0.030071888355374 -0.11294379035218
-0.319664249617895 0.056087451641582 0.208274970710261 0.128637785658859
-0.326865009171849 0.185194150720643 0.119912655951518 -0.0212733100273764
-0.195841960660265 0.262330046100444 -0.0389510170140224 0.0403595814926619
-0.0221733680620459 0.31669171279706 -0.0173021291440539 0.117388066551574
0.135047599388431 0.299734205705208 0.0582171450876991 0.172784315436668
0.240900171566491 0.20808834054863 0.154315348000479 0.127645223790346
0.275615493607318 0.102585947684101 0.172196293704033 0.046106974662259
0.287851339134311 0.0768773311307046 0.173239491275793 0.0180157960690103
0.278257823362997 0.0770580108883066 0.156842418198416 0.0083113549513599
0.289499467432056 0.137105847241008 0.127482563773996 0.0185634639811822
0.226160438300189 0.240785302236999 0.0917017213132582 0.0301370633513485
0.102408879482789 0.290120755239896 0.0626843016932832 0.0228625978547249
-0.0628758975129265 0.306889186238495 0.0657386150715998 0.018004154935027
-0.253361504479216 0.253298353373658 0.0675241559002458 -0.0563860318947561
-0.306988523504251 0.172142773693728 0.154751745738169 -0.158351011960172
-0.207928401616112 0.0745733900015532 0.348987608978749 0.0902601509083946
-0.186730516430886 0.152969613877937 0.212200912899708 -0.065060818960473
-0.0922900150675093 0.170905659558452 0.0254242056729686 0.00756613930299166
-0.00859836235716244 0.189317349865016 -0.00531517499966015 0.107085511862484
0.0882825932688197 0.192704304990365 0.0902888877177733 0.203580960330341
0.160204961065654 0.139022365368544 0.221281748823189 0.163523677131441
0.191860111266545 0.0737656953131437 0.264826848994172 0.0797077709137744
0.203032235135288 0.0618204069438104 0.266083443471648 0.0439037340573925
0.196327826959298 0.0688032635201499 0.23950305708287 0.0332009735204805
0.187330804696091 0.113478549805258 0.187117382128614 0.044954660468383
0.11641486305946 0.173761642368124 0.121996421440441 0.063143871142158
0.016812475188578 0.174230547974197 0.0551552722306067 0.0369138934885574
-0.0459996653282144 0.147273435291893 0.0670070456967994 0.00280501254445261
-0.137198970271416 0.147120084701904 0.100828316394772 -0.0839501340920112
-0.182424232342372 0.13846501137936 0.2435898393788 -0.187548530295138
-0.0593545513657748 0.0700606854682571 0.433881058719609 0.0425439758072065
-0.0244315167785616 0.0748875356954865 0.266356548529483 -0.107052294385217
0.00686736538644481 0.0380489837131478 0.0749111749111933 -0.0378852137283104
-0.0144128997531923 0.0381236176638638 0.000908576967393419 0.076444893118873
0.0173434188351458 0.0651090448448595 0.107213398773683 0.198893286402141
0.0500750556497431 0.0555327489928111 0.255862737879626 0.168883661748498
0.0761957015833104 0.038500627156652 0.318846306183081 0.0951158433814632
0.0883944523722625 0.0382949786245757 0.319685153069557 0.0639916060134279
0.0896640324577953 0.0455161789728353 0.284449076083935 0.0598660697348693
0.0698588138073336 0.0659552408130487 0.212681053564353 0.0750335980755431
0.0122729604818033 0.0822281649146579 0.124821603628624 0.0914922701829616
-0.040013527889785 0.0448130491568849 0.0339953300640009 0.0450874251907316
-0.00292933170420795 8.40824000347302E-05 0.057903138266234 -0.0107979845442566
-0.00369870009570294 0.0533328509625476 0.120994730384258 -0.0934901701546362
-0.0409608014469716 0.100250025033756 0.293251987096416 -0.194883042745633
-0.08245244750938 -0.0316168159726078 -0.323553683375838 0.187370309731983
-0.107856792298334 0.0218738071181422 -0.143576404972118 0.165298407761114
-0.0432983974436793 0.0812631595366929 -0.0578207511165414 0.0685959659614568
0.0463933003471158 0.0632271241518907 0.0204586131738781 -0.0192757977391151
0.0517656697760724 0.0218486413034921 -0.0788986776638409 -0.113043147400374
0.0506523882495535 0.000947966354226148 -0.199337343000273 -0.0993559503692211
0.036253671604176 -0.011834354104809 -0.287868750804026 -0.0620771789089923
0.0379620728404129 -0.00929167943686067 -0.330307503536358 -0.0525483439132323
0.0437874297044208 -0.0111432877538385 -0.336217011989094 -0.0658995772657439
0.0740540207853936 0.00678208505697829 -0.276795264375158 -0.107017766464094
0.0856320911967126 0.0503278096561745 -0.167696702831994 -0.139253006315403
0.0568940709438115 0.108993567509473 -0.041481559824088 -0.0580238676090724
-0.0730936022299676 0.134982819939402 -0.0927105828909099 0.0449137553869585
-0.15474203535721 0.0325982693043416 -0.243506987762656 0.0873638285864983
-0.110389043034712 -0.0403736996593524 -0.433526741503132 0.0193014526467562
-0.197405051377074 -0.0118421507454825 -0.303503136287846 0.183010096187436
-0.213023064876439 0.0716600187576545 -0.162114956594986 0.142715942916062
-0.114402586505717 0.14949759895915 -0.087352573120451 0.0911532054565276
0.0328404723585019 0.165981474442515 0.027472554272714 0.00947663561716015
0.103425195776913 0.125116622298935 -0.0524068450763834 -0.0928480256401897
0.146401563991942 0.070883931581444 -0.161605197458382 -0.0977289535919837
0.149101300067993 0.0191860067402198 -0.250161032865861 -0.0721056269033678
0.164873086286783 0.0130331151587899 -0.284384038846077 -0.0560633711760298
0.166643061770849 0.015763352428683 -0.290072577948664 -0.0537415330123382
0.201650378750251 0.0611591874181297 -0.242488746994345 -0.0757636815331494
0.188237545980891 0.15451449389895 -0.149272108325616 -0.104096000545622
0.111619529984001 0.241144771064914 -0.0255214204954864 -0.0295342591961678
-0.100560964787328 0.293164088188979 -0.0679202060131355 0.0760874007448295
-0.284017175716701 0.169277178821842 -0.206564399846674 0.104473463663457
-0.266464965028232 0.0375031588074872 -0.370078519996739 0.0227201975691525
-0.295775626693572 0.00449273381224377 -0.231379381313123 0.174071734309543
-0.310903654116241 0.116172331099562 -0.148093203608503 0.109855312675452
-0.188598773445333 0.211112756434269 -0.112659297321154 0.100497913671116
0.00519730891033126 0.265279402305529 0.015862726130702 0.0429729472771129
0.139885857979442 0.229565447219798 -0.0284196435410078 -0.0458771045325105
0.22566467718737 0.144569827993804 -0.100686977958215 -0.0669956411259246
0.243157198829734 0.0553326782275059 -0.174096682800078 -0.0640741207145792
0.264593293795871 0.0337311434131306 -0.195613213604036 -0.0510260195250708
0.262701947613795 0.0341623803989563 -0.199226866479861 -0.0412143325289567
0.305017878492432 0.0949178825178668 -0.169227587166785 -0.0450948737240727
0.281079788195823 0.224899918621182 -0.106153601866823 -0.0663015112882575
0.173315130909714 0.335291950948568 -0.000808193217296981 -0.0117966883411162
-0.0898996647456325 0.41730880920075 -0.0268494279092867 0.0823730539807462
-0.35177724402326 0.292519937741299 -0.137841087792723 0.0916670791947286
-0.371480497495359 0.119479935391994 -0.256657213494755 -0.0031875717645734
-0.360631524065583 0.0242467385998485 -0.107749075879294 0.162994082955142
-0.377504817621593 0.162737680150546 -0.0882168533830772 0.0679263375261498
-0.239685424568855 0.270938858882574 -0.115793318226765 0.0934074143775253
-0.0141319837572751 0.345469449396882 -0.00187259599088408 0.0756290513816349
0.165163147858826 0.311407826420346 -0.00225141273609699 0.0260806091075839
0.2783729943535 0.2010703205461 -0.0202963667432006 -0.0105862110140854
0.30251327641669 0.0839992193788565 -0.067978152717608 -0.0381284191739826
0.32230531373373 0.0509324415384507 -0.0774463283806251 -0.0367498459008849
0.316569136136935 0.0472589535337046 -0.0818433101870812 -0.0292585373655354
0.361464422031375 0.111961689550948 -0.0695070599057732 -0.0227840507925141
0.333733942606734 0.25690488173631 -0.0405363225038793 -0.0324357399909356
0.211005695466511 0.376309137664854 0.0267656105298462 -0.000851390602166492
-0.0632148359068585 0.469808712578145 0.0162897347375381 0.0642537195499694
-0.359111975054256 0.360305141555389 -0.0581577302457223 0.0472476986431523
-0.41026693799382 0.179237784861379 -0.118075772613682 -0.0522881274160278
-0.370000890512818 0.0484119611869163 0.0510222346666472 0.144123291271195
-0.385829842388052 0.198078956933558 0.0086988726394604 0.0198000586394568
-0.240627088959389 0.300272991836188 -0.0882462302145715 0.0736940722506411
-0.0160153460772666 0.371599510898388 -0.0125877100487479 0.102785081191339
0.173970301996397 0.336587640273744 0.031910202597161 0.106449589927623
0.289544853977971 0.218204634520648 0.072974296764578 0.0577871315864768
0.316468864570093 0.0949453814868962 0.0531275352416806 -0.000844546943205028
0.33072287123773 0.0587124698998863 0.0515070593366484 -0.0160668728350085
0.320853190356217 0.0552870693335529 0.0437885891067343 -0.0166231429500588
0.356772413312544 0.11826195634778 0.0367195650828948 -0.00640142464183725
0.31937823402292 0.254591189185898 0.032040333549847 -0.00353697315337329
0.192389650077632 0.354717454772537 0.0513933235684286 0.00759966633917187
-0.046402016077779 0.428480151036533 0.0497827468191066 0.0344786227014442
-0.314874905591421 0.349919123803133 0.0138986523452656 -0.0125991628234479
-0.378515380245785 0.200902269115419 0.0224284954375463 -0.110796898497516
-0.315271167479188 0.0723574067333732 0.215325111256759 0.112393370331253
-0.311672221403755 0.203408999981122 0.115962366968204 -0.0295485265250809
-0.180798560777568 0.269557598497563 -0.0349779015565174 0.0456643772899112
-0.00309066762140236 0.313960501403525 -0.00918722713844606 0.116301652946434
0.152721157065584 0.287489273490952 0.0710750167930363 0.169625068936285
0.252934729268387 0.190750993939677 0.162432347001484 0.116416443609746
0.278836366605579 0.0856177647862396 0.169867938424702 0.0366982373919515
0.288937129027381 0.0576483930269476 0.171795140515842 0.00658022955159794
0.278958735155424 0.0592640981889089 0.156034018116032 -0.00187708343534761
0.295313691735326 0.115993208911727 0.127323983696451 0.0100212598931768
0.239613974190847 0.22338222984095 0.0916374819222186 0.024942358614755
0.118056431448955 0.27977319137297 0.0630191860844822 0.0193690544388199
-0.0448872472231796 0.305993470330144 0.0670942861819703 0.0104710269061067
-0.235471219870649 0.267178144286381 0.0650291280155165 -0.0625047342753671
-0.292747774455704 0.185452027562947 0.14119282159683 -0.162685711085839
-0.203259706709349 0.0835142492081856 0.351184393958271 0.0674491722636987
-0.174909134214175 0.162682443542183 0.203621322141067 -0.0773177559262908
-0.083105656430854 0.17286322078799 0.0260171020210898 0.00825299571524383
0.00194122909347803 0.187881284080462 0.00130291385121603 0.106122088895965
0.0992087353415507 0.184815932369591 0.104267331564814 0.197912828286871
0.16840459174214 0.127647831585986 0.230814261486508 0.148341937900439
0.194523479306581 0.0618950971043026 0.264160912459513 0.0633541893096748
0.204743280253848 0.048400104178051 0.266194392581955 0.027371202584498
0.197595906094975 0.0553353429005771 0.238590681986656 0.0184435662300049
0.192260944918393 0.0992638919739894 0.186349322646209 0.032563443946746
0.1264310720179 0.164500991052456 0.123042883405098 0.0548229237030815
0.0267517601167082 0.171468177310853 0.0561232762021998 0.0339232498112827
-0.0383163653253412 0.146835870955723 0.0675521584697764 -0.00429831971673102
-0.126363023243281 0.154054515338129 0.0955648810294789 -0.0912240371622755
-0.170535294068145 0.145326213340078 0.22665457614503 -0.195693474605788
-0.0549563127886389 0.071596468117192 0.432370824310234 0.0168648139440496
-0.019286832148375 0.0753609908036662 0.254243323507262 -0.12108792312589
0.00769952417059603 0.0358160466934878 0.072481780885481 -0.0397931552232731
-0.012605837646009 0.0390212764775571 0.0060773101160227 0.0763021269286633
0.0216808220644576 0.063550212968608 0.120529633782041 0.191384232912358
0.054167229712901 0.0524345167646636 0.26429665690388 0.150955959727336
0.0778020561724967 0.034226810835193 0.31948842807399 0.0751631932262667
0.0904521102938103 0.0326516664724507 0.320452422929983 0.0437736109831636
0.0912426185533156 0.0389750717101644 0.283971792479328 0.0416613077008343
0.072781783165417 0.060024492363715 0.213342974916967 0.0599437520566784
0.0175579510521667 0.0813876453175624 0.127650913894022 0.0821375873332044
-0.0377792775379365 0.0486933782715257 0.0355648407416024 0.0430362349233607
-0.00539750948775816 -0.000449300793382114 0.0580662540923424 -0.0159288640761594
-0.000955527859543254 0.0525728331780749 0.113295602883481 -0.101292747796381
-0.033439577859724 0.100334531320903 0.274436803519079 -0.206411544375521
-0.0810085885519569 -0.0264932828821295 -0.305742060773388 0.193897457399806
-0.102974087615135 0.0267920466378724 -0.129981704274516 0.165802392478348
-0.0383700835821757 0.0805334331539919 -0.0526442466933309 0.0704657097210341
0.0476714633430947 0.0581184496375864 0.0195153321541017 -0.020886539150604
0.0506321462763208 0.0181752690929651 -0.0808550943843943 -0.106266262514764
0.0479406999855023 -0.0027080940613162 -0.196154674467006 -0.0875191999565571
0.033745577828909 -0.0134795244741307 -0.279925851308861 -0.0477116490762488
0.0361529921277567 -0.00981246580428359 -0.322978009767744 -0.0363345643471278
0.0418035129840609 -0.0115684856337186 -0.329555390359323 -0.0482683953442899
0.0713755054167028 0.00327419639335344 -0.273139049106189 -0.0908343193036308
0.0855931011795331 0.0442185553295197 -0.168930111721839 -0.127840924005132
0.0604543537663252 0.101764688175523 -0.0422156781606356 -0.0565741255056196
-0.0644636608575368 0.134953034130064 -0.089250715939566 0.0460129496635018
-0.148602648061015 0.0395463171738638 -0.23158439805211 0.0946381277591506
-0.109458240477736 -0.0357321020648583 -0.417312543232175 0.0356223900916558
-0.193299778702899 -0.00314577117966431 -0.286099154087868 0.187725658281616
-0.203347049443868 0.0799904478119654 -0.148703005043344 0.143496997575042
-0.105100828730977 0.149996586466004 -0.0796329706969311 0.0945256609396795
0.0387268848358564 0.158000340212487 0.0278236421413549 0.00651108336866899
0.10519581183699 0.115829095638188 -0.0540085515223673 -0.0876145261362677
0.144590366950383 0.0604538064062262 -0.159156084020447 -0.0878160879745643
0.144579711832526 0.0126673988562028 -0.2450551347733 -0.058642013660521
0.159866033401184 0.00603127127086934 -0.279239565619808 -0.0425679894628888
0.161767657312704 0.00920553270062209 -0.283875584873693 -0.0390273866264221
0.197570713420809 0.0515047363886949 -0.238088563290961 -0.062126639539148
0.189855355273098 0.140862384824023 -0.150380963513179 -0.0931510879789159
0.118757822372205 0.227349681598812 -0.0249298732313337 -0.0301487915122832
-0.0844441139347811 0.288998284447111 -0.0641761152637048 0.0743076782027088
-0.267156007191735 0.178010407719909 -0.194462809051157 0.1086726588969
-0.257792951963183 0.0448278086671567 -0.356705020260615 0.0375400151231229
-0.289291419729805 0.0164428363781639 -0.216067836844912 0.175869113688111
-0.295855645931261 0.127621119243161 -0.138192320413224 0.110389834976306
-0.175687050857025 0.213082367510117 -0.104131231501806 0.105533963651187
0.0162170151415752 0.256127886075327 0.0177341389614676 0.0388062341917719
0.145706349440505 0.215664598233673 -0.0281671441489305 -0.0416884277215731
0.225338025558945 0.128201219847738 -0.0983125823815158 -0.0614680650851526
0.237623580491081 0.0437915302746371 -0.17170712008422 -0.0531577974214203
0.258425651712405 0.0216061177475732 -0.192652584862196 -0.041175002221785
0.256193924005312 0.0232924341938244 -0.195510586903967 -0.0308592557375109
0.300239881213361 0.0788087890406161 -0.165353027146207 -0.0364728324947892
0.283488786344108 0.204728712576924 -0.106559715126334 -0.0586090747211361
0.182715083771798 0.317355607831304 -0.00102967835217023 -0.0126686942976019
-0.0697677714480516 0.409128162535264 -0.0232396536701124 0.0784667237812324
-0.327973713876967 0.301716510843653 -0.128158040897499 0.0922507995035763
-0.356189126232909 0.127943542737608 -0.248284234276371 0.00775785114381589
-0.351862874501201 0.0375912872770683 -0.0963153982390174 0.15911007872988
-0.35941858936865 0.176184803766228 -0.0829637499289287 0.0673272878360847
-0.22422637668531 0.272157684242588 -0.107644263119381 0.099859271133153
0.000268922630368565 0.335475738116658 0.00190159500472121 0.071225011871514
0.17519189164462 0.293912929811873 0.000952075962886594 0.0271785066571133
0.279591957948036 0.181377522016594 -0.0175423730716984 -0.0103329152797824
0.297400226406206 0.069037605892143 -0.0686243557612513 -0.0326386258879512
0.31461677948829 0.0353059726509644 -0.0776440091686206 -0.0327500719177354
0.309313523450555 0.0331723756251817 -0.0810877513053997 -0.0247038180787853
0.355829376627764 0.0927959623922257 -0.0674964434273537 -0.0196920109175706
0.335833567091772 0.234757550515747 -0.0413661734316677 -0.0284153941922394
0.220648432743555 0.355791723030447 0.0260448121809585 -0.00290331185376462
-0.0416195652319548 0.458792035167226 0.0180328586652678 0.0576820550455184
-0.33202584354309 0.368217826894234 -0.0524857008929843 0.0446930002697297
-0.390418169395224 0.187436365525431 -0.116665809032365 -0.0441722830336708
-0.360364791886621 0.0602091060672369 0.0563972942118106 0.134433927006972
-0.365119207580784 0.210819569771725 0.00853651048382477 0.0172046248415963
-0.224533261250187 0.301063905130589 -0.0809912892589119 0.0790657472199405
-0.00153742082836812 0.360596857800185 -0.00748372964961499 0.0985459229638655
0.184754475877489 0.318047088351396 0.0379041861510836 0.103797107974026
0.292648001705342 0.198639692932897 0.07585042577868 0.0515536692248284
0.311292212604891 0.0793121617900536 0.0500007795250892 -0.00134683867471768
0.324053346388148 0.0429014352955665 0.0487845359056471 -0.0180789688920457
0.314100610766709 0.0410265346786528 0.0415375701723645 -0.0186322284548251
0.352764935156408 0.0982150837491125 0.0358482839780121 -0.00864135793092075
0.321337534489784 0.232406106590993 0.0307623645029942 -0.00336117308766962
0.201996114030384 0.335189507434903 0.0509606087849521 0.00457088500221977
-0.0278571241094528 0.417225667630928 0.0501250474648944 0.0278986442090249
-0.290890447510008 0.355428445714035 0.0149520235290536 -0.0157562262495659
-0.358742309101848 0.207533424733097 0.0163879112453185 -0.106147701366748
-0.305803918172444 0.0818333806658935 0.214134307641482 0.0979670210557176
-0.293721455314478 0.211965736645853 0.10938876543887 -0.0349794879079178
-0.167146106621351 0.268201971412793 -0.0301594094613317 0.0493217403376495
0.0085274176264301 0.304584962174879 -0.00422656471790233 0.11206854764131
0.161872127782441 0.273152518686003 0.0791732878771855 0.164294937989968
0.255057299083633 0.173149551333821 0.164876202386457 0.104953320095062
0.274706276182711 0.071919637158708 0.165271371914448 0.030751003700689
0.283742704420773 0.0435563402080955 0.167394338555972 -0.00101363017521942
0.272925308423938 0.0460361729200782 0.150995016966191 -0.00896475369921155
0.291230272460613 0.099600500913405 0.12373126008423 0.0031935768504894
0.24367225624858 0.206105558167726 0.0889030631254617 0.0207565158414134
0.126102216727753 0.266760974975671 0.0621538251323303 0.0164540349399885
-0.0321306960310069 0.298719637041031 0.0658875046454603 0.00373765409187041
-0.216748981796461 0.270728345552508 0.0612857012151494 -0.0663371683960901
-0.275376354297735 0.188020789444746 0.129021003148765 -0.160402748961277
-0.195286752385695 0.0889874075423956 0.343242781353519 0.0498267685322937
-0.162299836125276 0.165965292264355 0.192449204826388 -0.0832995208203376
-0.0754808799761408 0.170222252787688 0.0270929062164325 0.00977522739089135
0.00894346158353633 0.182230706360559 0.00654261786768503 0.102840397803323
0.105415169168669 0.175172378931702 0.112941487710843 0.189358626321121
0.170543469270498 0.116318293956144 0.232357210850367 0.132664604620046
0.192064706476989 0.0527324039313514 0.258130092840432 0.0518394466289949
0.201160024167662 0.038153906406047 0.259599721229392 0.0153865034142888
0.19403535198665 0.0454179967899761 0.231979830525965 0.00777090929324143
0.190816328358967 0.086818646101589 0.18209695142335 0.0225215348599903
0.130802809649146 0.154240841455961 0.120937103339944 0.048026391775227
0.0327070099264813 0.165957460147644 0.0557760051189401 0.0304511831543946
-0.0329197030723948 0.143583322681992 0.0661012266498237 -0.010253645982498
-0.116331718835446 0.155363493475802 0.0892758129297392 -0.0947921226420219
-0.158457753937985 0.145160651476664 0.209163132721753 -0.195513556320157
-0.0508291974243058 0.0707716712198393 0.420757510667427 -0.00130717632517344
-0.0149338707948169 0.0739719153116737 0.239273039705502 -0.126301759534534
0.00794853384913758 0.0335224435917872 0.0696127798418201 -0.040758080897902
-0.0111122845762865 0.0385642746760725 0.00975542545312183 0.0749855604218466
0.024574245673836 0.060784865522376 0.128040022296265 0.1812846621446
0.0556923345788218 0.0484025391078856 0.264994695556314 0.134907492670489
0.0780624004258309 0.0303271523361553 0.312675682489267 0.0601802491751072
0.0890811021271731 0.0268306983425053 0.313894168203451 0.029286245447456
0.0897166651267638 0.0331524815562785 0.277366232645342 0.0290294936223059
0.0728222149436024 0.0547849110771901 0.207979013032472 0.0485585385256137
0.0207008391324207 0.0790091769425203 0.125896769151337 0.0731888989785356
-0.0350360381543492 0.0505654798585263 0.0356171647546813 0.0404960290918324
-0.00732525573443081 -0.000832594918555237 0.0568464310281033 -0.0204562507672072
0.00101496945495753 0.0505194621597534 0.105694841227331 -0.103924435241589
-0.0266478525313378 0.0976325371280262 0.254615681227161 -0.208423612726673
-0.0616846583456982 -0.0587710587700221 -0.350079363069307 0.0584664173349048
-0.100967086454818 -0.0193309740897592 -0.17907634233929 0.100182604313436
-0.0674797045413653 0.0560039171862087 -0.0710605475314021 0.0470882565578575
0.0176543280367178 0.0693807522921714 0.031115101146471 -0.0127496694740268
0.0369045183140853 0.0377632509025172 -0.0273835790527246 -0.12851289996195
0.0430487963726524 0.0159173985809712 -0.136420713197016 -0.157390781069505
0.0343607971655036 0.00125171031010417 -0.227929966764134 -0.154395513984991
0.0352637073579291 0.00576333644531923 -0.272968939780104 -0.160825113474193
0.0393217390874027 0.00810546003031896 -0.273944997775731 -0.172348774924414
0.0609164781781475 0.0316017164811598 -0.207715264441297 -0.18850477144029
0.0580038166136275 0.0715461392622101 -0.097917593823483 -0.179557481531801
0.0152766071199166 0.113181897770878 -0.0149012418370287 -0.0673279639988336
-0.108289803331205 0.10199381619215 -0.100731793318798 0.00348960254596581
-0.149707843042354 -0.0136224741732731 -0.245942360963147 -0.011916208737814
-0.0933097034654364 -0.071183164126815 -0.382024126673433 -0.138424720486258
-0.173693889740739 -0.0885858443992513 -0.324786339813031 0.0717075008026353
-0.21065376015567 -0.0148918641153049 -0.186021111125412 0.0788686986063986
-0.156501049862369 0.0892815017057991 -0.10097543030078 0.0638064692617873
-0.0321493276896296 0.152319837854033 0.0334469525259414 0.0169202712620024
0.0446592916823717 0.14548640128166 -0.00456874078790668 -0.102394216879631
0.102324270905008 0.110498278919264 -0.0985996467817843 -0.144646201021369
0.121390381627735 0.068752031196805 -0.191732330618319 -0.150123970755346
0.138987863507628 0.0689299252128208 -0.2324385107609 -0.148853521628972
0.138226287021794 0.0738428013152889 -0.236336282402866 -0.144641579162189
0.155921072374443 0.122023396816284 -0.186364479634038 -0.147260829226427
0.115585874717108 0.198419967989812 -0.0953013485439445 -0.140709440191298
0.0182701933458121 0.248396493131451 -0.0115572316331765 -0.0352702209851046
-0.183716664499357 0.235029864951763 -0.0932426441904419 0.0388369092657574
-0.306790418995648 0.0680936564554368 -0.22546874002322 0.0111066385587009
-0.256213548345798 -0.0520694260427077 -0.328852299486216 -0.121772778519499
-0.270875436799224 -0.114274612294743 -0.253996728632425 0.09898818839283
-0.312501135350575 -0.0124596035710392 -0.161228852295287 0.0581634976762437
-0.2461078385408 0.115412612111254 -0.123439812576527 0.0688795992003717
-0.0935246163374056 0.22810399699017 0.0164105740818229 0.0450452521997932
0.0390221352996674 0.249132914272672 0.00588483543535183 -0.0507265353726538
0.14590615677 0.202806523804588 -0.0507809996035198 -0.0979828182947222
0.190453487095662 0.133924607202959 -0.127530344361918 -0.11742803737666
0.221372899573236 0.121281871830011 -0.155831696669605 -0.114476578328947
0.21786970990911 0.122921032728489 -0.161092407966233 -0.100789189963688
0.23679277925701 0.184824166052866 -0.131873298459182 -0.0934711186881315
0.176203216679619 0.291541693906323 -0.0704102641188431 -0.0908496325812285
0.041375008802397 0.352862215716923 0.00200047261539872 -0.00797273216559981
-0.215439002512614 0.34945882409212 -0.0596356479818284 0.0590513300810264
-0.405979565995909 0.155965585041528 -0.165675328843077 0.0208296338825785
-0.374610077664282 -0.0135694016856922 -0.223443497344107 -0.110017054717674
-0.336604664247736 -0.122849514136683 -0.137280072592232 0.138288598875059
-0.388555218587319 0.00295731737697808 -0.09307063064468 0.0454417931706401
-0.313658426324859 0.146972000898263 -0.120383834841999 0.0657319791516329
-0.141307145972954 0.290984686230087 -0.00638454885888801 0.070116529106083
0.0331062514171867 0.329309607680949 0.00872595411433344 0.0219069963339137
0.172611772488836 0.271197993877542 0.0046310505953868 -0.0208805383224508
0.233182460547342 0.180363644589516 -0.0439066710469077 -0.0575885766942501
0.267293060560232 0.155717140826877 -0.05736657024232 -0.0616361258232631
0.262441206762283 0.152242250310836 -0.0618371493635531 -0.0489165338269535
0.282346032277076 0.218194539136496 -0.0515892744970994 -0.0384531287592845
0.213115964022764 0.336340993992889 -0.0245261821948774 -0.0375067317709117
0.0605115262267079 0.402341317157745 0.022056216460533 0.0135161688061396
-0.206212159294932 0.404780760134982 -0.0158451715475974 0.0581848207098138
-0.43312647719426 0.214681291746983 -0.0821665359907412 0.0066437372809976
-0.423979616735077 0.0263069515808407 -0.0882849729803948 -0.106078808517413
-0.355813408281685 -0.106240722550907 0.0115608351442563 0.178604937117807
-0.408624992914058 0.0297250375098577 0.00951387457998694 0.0384346050303708
-0.326669950823874 0.172526311180936 -0.0862000092535026 0.0585885892500478
-0.152554272958289 0.312538422009829 -0.0251531909782462 0.0923351241712081
0.0296026126090174 0.353823943620228 0.0122983517737305 0.105169016263191
0.177379101430767 0.291931918219386 0.0631116109015619 0.0719171303628379
0.241647098622192 0.19563462485133 0.0495593753381488 0.0181771996026115
0.272940265427577 0.166469091976775 0.0498101720822445 0.00223454968069827
0.264780581887581 0.159753703303295 0.0444161229623974 0.00511653382383833
0.277781699679792 0.220522193038985 0.0366036041140367 0.0119476613393493
0.201613535110458 0.32961292262385 0.0293868247217816 0.012901732965075
0.0522716643980006 0.375971298312765 0.0402581470251975 0.0302035918749721
-0.179554429100566 0.36953134845148 0.0257906673662246 0.0443659579120445
-0.390430882345643 0.215694750833062 0.0018790642518917 -0.0199522192171647
-0.400266959315432 0.0562228381464923 0.0524654687764997 -0.106764167924423
-0.314345380082629 -0.0632206829730855 0.16752106962325 0.203847612648349
-0.346369155253731 0.0616283969661756 0.121076825058288 0.0298002267895382
-0.262254115710122 0.167626537240964 -0.0301243185513616 0.0475164955116322
-0.121360941402372 0.268028143955208 -0.0301066633211778 0.104264936449252
0.0289226463210913 0.304115676297135 0.0226219014062502 0.176056442823695
0.154579495471288 0.254898325946469 0.11910321357456 0.155013188102223
0.212227605593745 0.174192223498055 0.139193744409531 0.0930915029319435
0.236878504968127 0.150676510034385 0.148782220357992 0.0647977242863626
0.226359660513431 0.147418905098148 0.137203310156759 0.0563588955952128
0.222696727911286 0.197580026778018 0.109222853132732 0.0568028707474104
0.142467771321997 0.275689126658563 0.0701959567629872 0.057103531956724
0.0101900340929712 0.286456099698545 0.0461771978577309 0.0439231371060582
-0.139400053422535 0.259039228272539 0.0519709330246546 0.0281521901027872
-0.292737563374544 0.164957112524688 0.0671651798364498 -0.0442246929563148
-0.315720133599826 0.0666265669782529 0.173762278954593 -0.105148709045966
-0.216512418046276 -0.00832703054527271 0.299786935809452 0.201850707203109
-0.212823466862439 0.0754679804668298 0.211620638537793 0.0136887133364081
-0.139419340176568 0.118378263132801 0.0318043961885716 0.0282320559318496
-0.0698024801372275 0.16201557279111 -0.0248116689026679 0.0988002947829191
0.0197368380855545 0.195136041107201 0.0359751535222688 0.213327684386512
0.102897376063748 0.171014902222063 0.162463479270861 0.208575320914172
0.147987763026308 0.123464063922917 0.211546407474613 0.150084121798724
0.165712767563914 0.113381609694457 0.224748318990647 0.116723304222936
0.156840741781737 0.114419855589933 0.202511821372514 0.10220837198509
0.137943529508916 0.147641188414499 0.152681582605115 0.0954619379370057
0.06015250819387 0.18633855873694 0.0868682495157846 0.0916370692476318
-0.0343291502526741 0.160771425098279 0.0348367739089016 0.0517666176981943
-0.0840346304812601 0.117174314390252 0.0604486525633883 0.0147917684247627
-0.159911457870958 0.0959398054627147 0.108613759871336 -0.0548873856053159
-0.192434242240932 0.0696615190610255 0.257868377241205 -0.0986907889404411
-0.0770902169305632 0.0399151926645698 0.384281229967366 0.173834894438636
-0.0447727606695407 0.0572979490821645 0.266339858706042 -0.0139550735965803
-0.00809008737577671 0.0315678160986296 0.0813357355398313 -0.00760641262322744
-0.026520337641878 0.0289953427335839 -0.0192101165889815 0.0738005404003569
-0.00335683854171447 0.0614392572750982 0.0454795120983345 0.214492243489072
0.0290586410091863 0.0655397917333989 0.184190647801399 0.225681900844018
0.0569121719251073 0.0583594846643131 0.25490338230101 0.179590556274278
0.0702896057160676 0.0591977640192769 0.26784283990808 0.150485585728861
0.0694782483589344 0.0627553885535111 0.23369826660567 0.136298957502849
0.0455054664652761 0.0746133178301552 0.164704199007532 0.126719066376651
-0.00955179412048829 0.0779315690846446 0.0798051041946722 0.114423075626125
-0.0504050206377534 0.0325114482982403 0.0132785173967619 0.0503431393904224
-0.00766217099052065 -0.00527257214339912 0.0592376384086706 0.00203848621460055
-0.0168158272734221 0.0435265139279122 0.132188121732141 -0.0519461334748401
-0.0545510949115273 0.0748351102184114 0.302895380176422 -0.0848331019505333
-0.0618334145389064 -0.057117561512346 -0.343057618760292 0.0613894703424992
-0.0997424867500888 -0.0163019079694183 -0.173561595254245 0.101266809672048
-0.0663897744295438 0.0567408747367697 -0.0694190809305731 0.0497838888410595
0.0193257850419776 0.0673470775796692 0.0312567065617263 -0.0134710821051256
0.0371743613394365 0.0364373898392586 -0.0287845248442884 -0.125676512051383
0.042127177902902 0.0139828830944995 -0.137102122662634 -0.152391237569648
0.0331428940195444 0.000373207725151771 -0.226572422488754 -0.148431662095375
0.0346429708588684 0.00606128512523794 -0.274096168025675 -0.154114841114848
0.0386430349817746 0.00843553339777908 -0.274389531339168 -0.165762140075337
0.0602428194801852 0.0304820883079702 -0.209308742265047 -0.183243408469931
0.0590043151273892 0.0694248236576308 -0.100548143209641 -0.17603456746596
0.0177064401246472 0.110598097476503 -0.0151761890731197 -0.0685359674768778
-0.104794416639116 0.103233489463887 -0.101159217714708 0.00392080672076955
-0.148644414652021 -0.0100298668886234 -0.241762140980134 -0.00748528178531131
-0.0940801412321411 -0.0697625595688226 -0.377338036563497 -0.133771903407029
-0.175176560733256 -0.0845689689488244 -0.318478000177518 0.0734495942129652
-0.208395549393765 -0.00948687552671609 -0.181030035055781 0.0790922726984044
-0.154387199786666 0.0913164854299141 -0.0979874395250381 0.0673329848181261
-0.0288347990453547 0.149904994652707 0.0334168207470414 0.0148728051924287
0.0467121816517123 0.142671238727245 -0.00559306016138882 -0.0989859565932798
0.10308803726411 0.106398477930096 -0.0985564623008628 -0.140895152122812
0.120699481334918 0.0663449546144644 -0.190605112756759 -0.144437834760705
0.138835317837932 0.0669015338062426 -0.233892794338279 -0.144160268064914
0.137983965338586 0.0721835824507693 -0.236951206161749 -0.138280066012229
0.156065259503262 0.118516471154399 -0.187395564118357 -0.142561974482188
0.119144980896979 0.194007355447662 -0.0970004968710344 -0.137422769994684
0.0218121180424109 0.245190056403805 -0.0109359019842939 -0.0365351669526073
-0.177796308516498 0.235916534655294 -0.0916079590805434 0.0377662829349093
-0.302591649713518 0.073668433058355 -0.220439578803536 0.0133010089970068
-0.255645036512925 -0.0506378713299117 -0.325700546798406 -0.116034318578969
-0.271654175415924 -0.108960379778671 -0.248228117944985 0.0991577819132296
-0.308685528293068 -0.00535269347223938 -0.15709958304996 0.0580163759542036
-0.243471910424001 0.119356209595446 -0.12029249560943 0.0734890116552176
-0.0892636306201059 0.226293957553415 0.0178035343798925 0.0430488798666934
0.0437798119579947 0.245940046098809 0.00607422752322427 -0.0487098125347613
0.148705063738418 0.196911876956904 -0.050335623285583 -0.0962655021135745
0.190773274307862 0.130317823456233 -0.128658176488429 -0.112786519075294
0.22099204662791 0.117434192184415 -0.157951602783097 -0.110997118464244
0.217868496715508 0.120358923221207 -0.161604406904778 -0.0973988707192135
0.237983982183398 0.17959418199463 -0.131952699792074 -0.0902133412657255
0.180818418359617 0.286199078984796 -0.0717962000421485 -0.0882491449782492
0.0466322525947833 0.348133899261005 0.0031549609976268 -0.00946116804504585
-0.207103480422413 0.350085155817808 -0.0576140798267327 0.0567606156733656
-0.399307471128145 0.164091840456012 -0.161075636924123 0.0203942825439747
-0.37096011816176 -0.011592680607416 -0.222416111074607 -0.10545212855525
-0.337561879580592 -0.117123555592373 -0.132891985560936 0.136419116197875
-0.384582493426995 0.0108794338215399 -0.0906800012532179 0.044789058218296
-0.311768121275935 0.151661729589864 -0.116501074095368 0.0709185951333519
-0.135794747505923 0.290239823501568 -0.00490364225496541 0.0679752430179711
0.0395154979758084 0.32557842557166 0.0108299911171695 0.0240417126595546
0.176913832901653 0.264666899280374 0.00643222511579578 -0.0214974313183866
0.234560837075326 0.175474151949848 -0.0452055986924753 -0.0548721205882007
0.267628798206435 0.150849901692331 -0.0584169945252586 -0.0601897602272748
0.262243864289096 0.148884288991233 -0.0621975711547487 -0.0484015432177396
0.283637359827625 0.211789006162316 -0.0503497283983969 -0.0375351090794349
0.219313980557664 0.329896046931364 -0.0258324438513606 -0.0354123262124133
0.067134933593755 0.397442683824739 0.0232973874477061 0.0116887992540005
-0.20005766393045 0.403161632857042 -0.0139569425322098 0.0541705527771165
-0.424981114594086 0.219179247461154 -0.0787140950174598 0.00547229730534571
-0.420088800812276 0.0282664687594194 -0.0882864541590182 -0.102326438643854
-0.355443421586443 -0.101006535612967 0.0146599419811586 0.174659617803103
-0.403336113705752 0.0383027209885472 0.0103196663746509 0.0365538727440111
-0.324146883369648 0.175835238505411 -0.0827140997127182 0.0628983485676958
-0.148998289272455 0.312629649582987 -0.0238009932308524 0.0897527830579271
0.0369092432143791 0.350419213608777 0.0161321151663928 0.106562337766207
0.182342382114163 0.286125159528285 0.066449477111314 0.0690202434179551
0.243123117020333 0.190586171501393 0.0484345353749913 0.0190048717598947
0.27285481918485 0.160266058961474 0.0485989962221889 0.0011770520222771
0.264680035798708 0.155937348108826 0.0434874032675329 0.00383321690389889
0.279282686527931 0.213994965420182 0.0373231063246319 0.0109237211793041
0.207452024062005 0.323113791328801 0.0285236944108931 0.0138298342115498
0.0572802085723853 0.373077412022684 0.041375449904848 0.0285339402924765
-0.172716789653972 0.369288757665551 0.0270087197494451 0.0394048612225844
-0.381897239882761 0.221857654127509 0.00316403490187392 -0.0227170847617288
-0.396276847296662 0.0573442304465768 0.0507040420546065 -0.10451186200026
-0.313949872634676 -0.0590157036787434 0.1690231042183 0.19820468569694
-0.340385453266618 0.0679868944347283 0.119320507842088 0.0269192389757198
-0.260148538904614 0.169332213670528 -0.0269968087627347 0.0506803981402652
-0.117928837521379 0.267293635578743 -0.0290404261181319 0.102702856446927
0.0343685750511464 0.301178172807609 0.027422595000826 0.17627761157561
0.158590042387634 0.249883067947048 0.122472670405872 0.150521915685047
0.214249974865775 0.170343645902136 0.138034715309695 0.0913993309476396
0.237860864782172 0.14563940444591 0.148326831583291 0.061675961967
0.226835182365282 0.143377678239345 0.136903960639133 0.0529953703585227
0.224676202890088 0.192062900791607 0.109431195329387 0.0532801204476148
0.146936261256937 0.270398357752166 0.0698171349681463 0.0557876733184279
0.0144668810774019 0.284823142907996 0.046575787832757 0.0419788948152547
-0.135105872951768 0.258571058417986 0.0528687009479558 0.0230173462501783
-0.286308909500248 0.169469749173498 0.0667762284713168 -0.0475456426804072
-0.310716503362514 0.0669444779748278 0.16916818871194 -0.104300857531081
-0.215391652047181 -0.00576238793342737 0.299953151149339 0.195682054525222
-0.208315679957921 0.0781170831791321 0.208556021338912 0.0114407408661978
-0.138280659095396 0.117928884706942 0.0333384538180653 0.0292137983817357
-0.0683486721421571 0.161812599256995 -0.0239218435341551 0.0975547343171739
0.0235279235914289 0.193172872806432 0.0414375246251056 0.212957907288764
0.105595355388482 0.167359298153883 0.16661479236547 0.203056521427717
0.149224210212545 0.121020017425987 0.211074676593131 0.146714635319036
0.166325497559495 0.109166151584243 0.225670106943956 0.11147906068095
0.157414528053502 0.111580294147715 0.201957041231005 0.0975461565608773
0.139254634577619 0.143683582494063 0.152081031439387 0.090804263256593
0.0642023335021863 0.183401619673222 0.0862874849965489 0.0901796772471261
-0.0318089363195065 0.160897848624199 0.0349589832805752 0.0513232928294001
-0.0823351928777354 0.116268248568868 0.0610841971070533 0.0102318864197332
-0.155836205240074 0.0984342415485167 0.106309690463262 -0.058066597150772
-0.187766936806319 0.0690439112547106 0.251867566776742 -0.097865059214499
-0.0753930582991544 0.0405503707392606 0.381738559870563 0.167051507179327
-0.0423390264632403 0.0572529242662211 0.260762156261082 -0.0164096029879383
-0.00873602984723186 0.0298717864305106 0.0811183326335 -0.00772080834380794
-0.0269986499724955 0.0297004127155414 -0.0184897463935184 0.0742515653968631
-0.00187290043396308 0.0611254649049499 0.050315036651896 0.212788623807465
0.0309604047313363 0.0649363281040389 0.187935146351084 0.219929236994832
0.057446484270881 0.0572543872723461 0.254693249395831 0.174672210230466
0.0715062010005198 0.0570158157741399 0.269834120065378 0.144811918649468
0.0694230799417221 0.061011218833715 0.233684421396484 0.131525314435457
0.0465282903462953 0.0725730377424196 0.163310726524488 0.121823829114933
-0.00833584882086314 0.0782400180339087 0.0802850359494272 0.111530065503235
-0.0503565495396639 0.0341726235139705 0.0127438256253766 0.0503314458726051
-0.00920470120720284 -0.00563931658808699 0.0600488442790547 -0.00197654465092208
-0.015736718841338 0.0433266147199468 0.128604591282958 -0.0552732744379289
-0.0512470044357496 0.0737413919722619 0.295949215219169 -0.0851908049378559
-0.0630644925943682 -0.0554055836354715 -0.340249374605881 0.06734434351044
-0.0999604761071702 -0.0126827064054592 -0.168510135029195 0.104067703798325
-0.0642628424464836 0.0596467834832628 -0.0672989731149246 0.054196872055417
0.0215525152268426 0.0651574363274275 0.0319856214949758 -0.0146396484796891
0.0380031166771836 0.035029105154946 -0.0320744068543403 -0.123789752608476
0.0411316594500875 0.0122737903717269 -0.140258168133491 -0.147795317164838
0.0320387009407158 -0.000174960553828383 -0.22892792035617 -0.142304668734761
0.0345405210662781 0.00583267626085556 -0.279660494944135 -0.146980657074934
0.0379947147901981 0.0085046213235633 -0.280015563915408 -0.15729474527127
0.0604142553645633 0.0287060334984401 -0.213673940858654 -0.176566495698357
0.061873721431426 0.0671231915389664 -0.106274666478398 -0.174044228233287
0.0210162898136144 0.109480194376676 -0.0163619787463756 -0.0705816736924746
-0.101516181904967 0.106907622852247 -0.102194598035764 0.00540233794930512
-0.149050999996263 -0.00566284434724797 -0.240483057042263 -0.00144636154640826
-0.0973193112330207 -0.068204755901827 -0.379005639525866 -0.124939411255338
-0.178107782944929 -0.0805430095720529 -0.315917208496079 0.0789361077443445
-0.208031413679562 -0.0024516708933161 -0.177254253076722 0.0814043480561298
-0.152858758056486 0.0966389302349603 -0.0950501229039213 0.0729542049562375
-0.0242980372611314 0.149597896177162 0.0348324875891887 0.0135137445515338
0.0519938335627217 0.140715080506372 -0.00711509160530079 -0.0981796707514407
0.105568424549647 0.102216031282127 -0.10135464788275 -0.137318540357438
0.121922581780586 0.0632133948779787 -0.193854629664133 -0.138744863057649
0.140794620770511 0.0637001076934395 -0.239120063301774 -0.137572232346102
0.139934432744046 0.0706099074540156 -0.241362665971123 -0.132435318105618
0.159599265765984 0.114888776069671 -0.191125883566393 -0.137016282775243
0.126128100506628 0.19035412926127 -0.102032313682246 -0.134343876501734
0.0291053311085997 0.244118132893483 -0.0109534149460941 -0.0385973251751165
-0.171769545061295 0.242286209681707 -0.0909069469112309 0.0386876692584016
-0.301088841674546 0.0823396784860476 -0.218352897578894 0.0179083394326292
-0.258249638280743 -0.0453573877987408 -0.32672402414462 -0.10908752312837
-0.276009401324079 -0.102088030253848 -0.243804109885678 0.10230205318252
-0.30791321984657 0.0048076468998491 -0.154529100934986 0.0599217513955575
-0.241959656508488 0.126945099208712 -0.116646441770472 0.0798896263242457
-0.0831430444360051 0.228549977605338 0.0194168637933142 0.041723236270725
0.051846444964759 0.244351304425122 0.00676751699464665 -0.0471123313643974
0.155231332929139 0.191892082472228 -0.0510166361400614 -0.0951204760344812
0.194882449673938 0.125691305930823 -0.131042419560265 -0.108467871604965
0.224861690347544 0.112016096420907 -0.162278152859124 -0.107786685738338
0.221733205063412 0.11711889071593 -0.164977006155328 -0.093800409046784
0.243734885713407 0.174162276982625 -0.133966146224753 -0.0874432877590045
0.1913454854892 0.280997149215098 -0.0753689824080502 -0.0854688964309577
0.0559599569005994 0.348274420628867 0.00345204832166861 -0.0116554463096878
-0.197703907118967 0.357234452402591 -0.0568610573682627 0.0554561076265466
-0.395887041481121 0.176261650535146 -0.158070886369615 0.0222422095236667
-0.372836154558688 -0.00431816082181755 -0.223852494609795 -0.0996680428629275
-0.342483035589615 -0.108778005098532 -0.127855928149215 0.136632383443175
-0.383625350988607 0.0229742678250555 -0.0892515109913014 0.0451811120694904
-0.31052066581139 0.161634364250395 -0.112877513162213 0.0770062471602173
-0.128918902598329 0.29413838337461 -0.00307173985843937 0.0669939239445352
0.0489880191579715 0.324683600517929 0.0140721079214262 0.0261568293623528
0.185136979159693 0.258979514611143 0.00790864389395025 -0.0224006625712095
0.240833605190602 0.170572625727746 -0.0462820320342124 -0.052291954660892
0.27256359627808 0.143569002096573 -0.0611385648723029 -0.0592684092364327
0.267583610724918 0.143698260749342 -0.0639733175325771 -0.0469559539223275
0.290545545311668 0.204955778729741 -0.0508962876085028 -0.0369016374510892
0.231673476102986 0.324877363384478 -0.0274914022902472 -0.0336455598545032
0.0779195231292404 0.39592769609645 0.0241822681013183 0.00979890301074445
-0.187374759599587 0.409663511256012 -0.0128553629631241 0.051324955043582
-0.41950486744091 0.234896356052684 -0.0764241901482885 0.00429024470184786
-0.420333276048488 0.0353638242121225 -0.090551868427249 -0.09970569983528
-0.361043967848313 -0.0925055103137352 0.0202759274306503 0.171849296924328
-0.402463014799927 0.0503294674248086 0.0117518925587728 0.0347213149817037
-0.322566809997314 0.186104729669325 -0.078353303695666 0.0673245872353597
-0.141171442038063 0.316926670738786 -0.0214449000016127 0.0898059171969847
0.0462071625496715 0.348973311762566 0.022306544727785 0.108682641480752
0.191908501370886 0.279832066135151 0.0710543605586552 0.0659513296287441
0.250070641277874 0.184819440999805 0.0485977352437348 0.0192740088317018
0.279036295026864 0.153301350965345 0.0482361159555949 -0.000567164747234721
0.270360950019 0.151068560901085 0.0436577223629278 0.00147881015459981
0.286109150255945 0.20660842118148 0.038347364283179 0.00883653125746742
0.220102615807776 0.317097086454718 0.0287007812149136 0.0141171301093448
0.067419380485585 0.371956264487189 0.0430316834429128 0.0272725473175564
-0.16410305373362 0.375890193389414 0.0275132950488661 0.0346458598684003
-0.376864193828121 0.233720465481278 0.00465198190675806 -0.0262646426234954
-0.394545982301698 0.0630008689265582 0.0479259381480325 -0.104143005503809
-0.317553595339915 -0.0511910189452357 0.174660233397282 0.192768474192672
-0.337970286551302 0.0769201269491091 0.120400048181771 0.0232827831819681
-0.258567494902858 0.176244918761584 -0.0236620089436809 0.0534533800234755
-0.112619119407167 0.272010960068935 -0.0269016893150355 0.103234712479857
0.0435049798309587 0.301555684239664 0.0351387118377516 0.177745713150073
0.167504405125328 0.244947051271859 0.129576377252283 0.146129489245998
0.220632402451571 0.165488682342347 0.140614684154497 0.0896589755600576
0.242271532751535 0.1388996005939 0.150095662281772 0.0577466971496415
0.231827727546882 0.138790458409781 0.138020117705995 0.0485529691825887
0.231223238375458 0.185139896299563 0.111056056300554 0.0493482250654476
0.155817133333312 0.265996662235455 0.0717254546145156 0.055180767269251
0.0221706976156132 0.285736932691124 0.0485197323610751 0.0413084524954879
-0.128643183234499 0.262445441908684 0.0539289882775268 0.0171001150428723
-0.28076443191324 0.178033915113489 0.0663992575767472 -0.0516753923054378
-0.308951813864077 0.0709441855732783 0.166038025583246 -0.105453952738524
-0.21617686076103 -0.000589242955365596 0.305180272222699 0.188782673818388
-0.204882090631066 0.0840064285029007 0.208028597114936 0.00631657805369717
-0.137402478272211 0.121625638314193 0.0355188706416036 0.0295473937757942
-0.0647094165226215 0.164981780580567 -0.0220269539219056 0.0983631007247258
0.0295460724009747 0.192648494437458 0.0494445367700738 0.213141287560841
0.112288427652345 0.164784428266282 0.173834135093573 0.198011772635707
0.154094516595844 0.118066569329573 0.214668420568158 0.142535875788036
0.170356632373343 0.104779813949616 0.229753008462184 0.105782174923613
0.161618798831235 0.107773243436683 0.204558986067694 0.0917103696975567
0.14408500473025 0.138472532656238 0.153522749421457 0.0855397346522296
0.06997137127078 0.182590257033838 0.0880979394590742 0.0881098759419852
-0.0280390202091895 0.163493994858739 0.0366956425612157 0.0507602748934472
-0.0801809017516664 0.118461896725851 0.0624455058564429 0.00480708641934506
-0.152331829847996 0.102665180807228 0.104389238435038 -0.0621805395401245
-0.185400337894561 0.071103070792499 0.247845538508922 -0.101149987280663
-0.0743822058731172 0.042025219993564 0.386662796603676 0.159537054414599
-0.040139498272028 0.0578337378736236 0.259274901510647 -0.020484205136061
-0.00927900007224646 0.0296747823459417 0.0813609651770181 -0.00938163482779421
-0.0267101405077779 0.0316156479839482 -0.0167907394695433 0.0756697650165042
-0.000378996627037405 0.0610702272070491 0.057908973229339 0.212835677266851
0.0334698561554368 0.0643752845009357 0.195363486574694 0.214044740887219
0.0600881754979096 0.0562628829660713 0.259565436379391 0.168933190372838
0.0730782991350848 0.054557659892908 0.274822514896033 0.138198308662267
0.0715245428726435 0.0584690186348512 0.237915224929698 0.124977702958486
0.0486144596207684 0.0704798181396081 0.166076224758531 0.116081812757169
-0.00526318908368565 0.0794576106452781 0.0820134241334771 0.109188005373234
-0.0497027279227385 0.0373759106362057 0.0138661208754294 0.050554143096946
-0.0109812206190179 -0.00597124918131553 0.0606629428495007 -0.00629056781585277
-0.0141978663410894 0.0431927575062588 0.126358634703328 -0.0588354488192672
-0.047813682903531 0.0736996349033068 0.291659710973072 -0.0895358895787558
-0.0652004156549889 -0.0519285189885252 -0.333257407554098 0.0795388324437589
-0.0989871157665161 -0.00666660433332701 -0.161031586152198 0.107907153389681
-0.0606389619808538 0.0629234173353646 -0.0627364268197205 0.0588406518351906
0.0246230257356974 0.0624384548551077 0.0318288113447199 -0.0161301150381396
0.0396955569154245 0.0321423702858575 -0.0365692432820768 -0.120241275776406
0.0407971183401552 0.00965438177668046 -0.144453837194494 -0.138428600818204
0.0308028360388153 -0.00180211007210301 -0.232949567143346 -0.130800461965226
0.0345138232461441 0.00543044713147532 -0.285465625063745 -0.132949449004117
0.0381859917017088 0.00771221053786583 -0.285659077271846 -0.142545868747752
0.0613263207274629 0.0264215866578544 -0.220418328490785 -0.165078724532882
0.0646681307688693 0.0627634614502016 -0.114143794511629 -0.168223993783646
0.0260679970547639 0.106341667315708 -0.0192738548702409 -0.071509576321484
-0.0949572974892566 0.111478016962835 -0.101771967318062 0.00956865072574564
-0.148588445312281 0.00222517341428493 -0.236067583552018 0.0084428006630955
-0.100579417179551 -0.0638075640725308 -0.37967623258961 -0.1097711952213
-0.180110365287218 -0.0720423540419124 -0.307736808107198 0.0886350865229806
-0.204929470526216 0.0084984271628064 -0.170484597791553 0.0867905296292022
-0.146773669314703 0.104781105532718 -0.0893558849054805 0.0787305344359253
-0.0170624367224036 0.148710879354152 0.0357540083885415 0.0106888784549813
0.0585803547583621 0.136283913293635 -0.010064698233752 -0.0954441444322125
0.109579224601314 0.0953775662200187 -0.105758594721675 -0.131020011412678
0.123447402041694 0.0575558142371361 -0.198151024801226 -0.128166096846274
0.142857151125276 0.0570760662387337 -0.244715795237966 -0.125578658607559
0.142800840538463 0.0652637003730703 -0.247052795633449 -0.119502047581303
0.164193786814392 0.107437046865218 -0.1955729136548 -0.127826154425456
0.134767655105841 0.182292610521069 -0.108152209930006 -0.12848616393707
0.0396102293834792 0.240141125603593 -0.0125816524944625 -0.0400053396388427
-0.158940737747776 0.24828726596585 -0.089432374882259 0.0407861008056216
-0.294489389604765 0.0970967037767552 -0.213728783682539 0.0256202408680596
-0.260053761123423 -0.0353422977145612 -0.326926017557461 -0.0936442662931262
-0.279264981510461 -0.0885292704550343 -0.236274881126417 0.108600159682158
-0.303364499967682 0.0201877750434736 -0.149721109285204 0.0641226046033035
-0.234299434613252 0.139012157567747 -0.109960448240874 0.0867012830611802
-0.0718663507068968 0.230498094198181 0.0214610402525032 0.0388941188869115
0.064007772089591 0.239208930703798 0.00726805465129576 -0.0460437140735952
0.163693390547605 0.181029128619319 -0.0530354266359814 -0.0921071667861751
0.199451554897409 0.11600490707781 -0.134703978468103 -0.100772980993833
0.229056231059 0.101346074951068 -0.167487184811819 -0.0993223086475821
0.226594881399899 0.10733860183379 -0.168849445708027 -0.0851777960048176
0.250188563443473 0.161935438035962 -0.136129860135824 -0.0809952066524871
0.204630795091996 0.269045938212789 -0.0790142654591944 -0.080408630511024
0.0721147089990729 0.342526813888046 0.00326866769421788 -0.0139832766196287
-0.180422708137022 0.363727406461876 -0.0550699590287513 0.0547561072409385
-0.383387280577006 0.193862971041068 -0.154562189478335 0.0269257507096791
-0.372163586197448 0.00935108049851293 -0.224683945484127 -0.0895244042677388
-0.345856684975019 -0.0932309056565631 -0.120042726166564 0.13761680879904
-0.377783538949551 0.0405446237446505 -0.0863091087841806 0.0459205486771589
-0.301181362341311 0.17670235596449 -0.105580293801084 0.0840454183319806
-0.114706519348396 0.298335539005403 -0.000385562438134802 0.0649548418834914
0.0659263177905609 0.320010870337403 0.0184061987911179 0.0265146920214355
0.197622565491777 0.247180578917107 0.00892366335360465 -0.0237726542131543
0.247074662978789 0.15842164465229 -0.048290928867213 -0.0491424283216864
0.277489526307461 0.131285360586846 -0.0650504827959234 -0.0558047436651461
0.273992209978737 0.132191290094138 -0.0665277571677441 -0.0447142495897095
0.298988447760462 0.190338328655879 -0.0517074992187658 -0.035465793906645
0.247303249550467 0.311369184389808 -0.0288422464621036 -0.0311708743292028
0.0950167151863764 0.390356089461977 0.0253287081292375 0.00622423230491687
-0.167216804436443 0.416612384687377 -0.0112999085645219 0.0472002378447249
-0.405235919798863 0.253303455969596 -0.0740997399635894 0.00428690734213563
-0.418708400458616 0.0509478169636088 -0.0931291358337212 -0.0942620164555694
-0.362199539988468 -0.0754507482371995 0.0280671256604314 0.166252436972312
-0.394319496134316 0.0686445452032891 0.0126214863776942 0.0323651209118905
-0.31363984243082 0.200310585522751 -0.0726838132170322 0.0729507509458879
-0.126546315689764 0.321710654162102 -0.0184993875903884 0.0887843468412742
0.0646678223762694 0.345266891491145 0.0304734548942536 0.108780355714484
0.204771686164897 0.268284731871203 0.0756695463347138 0.0605239194825316
0.257751998138252 0.173486766480101 0.0494725320874268 0.0177109526784957
0.283978933058535 0.140006727398226 0.047504975600975 -0.00268421276487098
0.276937829358012 0.139129789005061 0.0425775988154585 -0.000856643697992694
0.294797193466954 0.191210647803649 0.0383978366113958 0.00587278550507325
0.234939651068479 0.303906094144562 0.0287920846827231 0.0137748458342857
0.0841317710064946 0.366754506798069 0.0444940636672842 0.0235939004836145
-0.144402390909151 0.379425413236203 0.0286921549528839 0.0287604814087919
-0.361456261952223 0.249949603706472 0.00383563868034446 -0.0290207849260153
-0.390783802027966 0.0755156502581293 0.0434393319206881 -0.103462549466147
-0.317441837432906 -0.0372629282419677 0.182191971987312 0.181727965053124
-0.331689745885607 0.0914137086111211 0.120095827821534 0.0177725055301751
-0.250448994861035 0.187241995323425 -0.0187481511958465 0.0554883905605391
-0.100736692074105 0.275729735934623 -0.023355699615836 0.10296773734272
0.0577522231003273 0.296798645809032 0.045525878354132 0.176435888997374
0.178499719921364 0.234348382717815 0.137166013022846 0.137352004260033
0.227843903862035 0.154646777226413 0.143578563189704 0.0838879136709726
0.247648483181031 0.127176287524761 0.151926577898942 0.0502712052960772
0.237289931659753 0.128033230195292 0.139103462444979 0.0412643466357247
0.238006069868927 0.171816241604643 0.111995408192009 0.0426250748228575
0.168676015924786 0.256994911346793 0.0735911289831666 0.0520868693635874
0.0352279048678219 0.282831005369994 0.0502229880891364 0.0384996180214875
-0.115774920057318 0.265672211238475 0.0539113859146659 0.0107714522922304
-0.268860281988175 0.189846606713393 0.0637506973194741 -0.0563183060400916
-0.30382823201839 0.0806147009867847 0.159703503544844 -0.109790765234431
-0.21544112786867 0.00853084600534909 0.3115997740616 0.17427161453354
-0.198525544024736 0.0924023517196325 0.205897703509588 -0.00212707026965196
-0.132507159994202 0.126760504162838 0.0379541090114926 0.0283795615644137
-0.0581759440856059 0.167225071927856 -0.0181410938955611 0.0992700486315104
0.0384040702354129 0.190582839817318 0.0616819619861107 0.211207612486295
0.119784620670536 0.157854813989826 0.182916526983824 0.186660359155697
0.159682540225102 0.11004400704571 0.219866015689747 0.132638408078569
0.174647480141502 0.0954980454078687 0.23355499570578 0.0946487756578164
0.165638524561744 0.0996602949317432 0.20685356952372 0.0807842271545868
0.149193910846755 0.130110294402772 0.15494369194688 0.0768462028821644
0.0786163385025842 0.177650016217554 0.0916517132150221 0.0835122739887291
-0.0202338692694671 0.16414420773523 0.0385037224610456 0.0483753838003492
-0.0747387767297695 0.120332373358345 0.0613282113106666 -0.00160933447614968
-0.145637741810423 0.108165218431998 0.0999751511084848 -0.0672329520699326
-0.180040462521391 0.0764799937949115 0.240934880518602 -0.108007132926325
-0.0714362153580696 0.04434012920562 0.390696458602282 0.14279067325704
-0.0368374966119336 0.0585398672274858 0.255318915590983 -0.0291287209217097
-0.00881008793067542 0.028929586704888 0.0809839187754263 -0.0124208259629474
-0.0257714725810585 0.0329823268492085 -0.0138180441781635 0.0768581678107082
0.0028484987495866 0.0609651163595336 0.0689337982850069 0.209824741175456
0.0371571641902563 0.0620397795291422 0.204530594463599 0.202951998091048
0.0635801969804851 0.0536478937626913 0.266202559050278 0.156692744437297
0.0754255833542448 0.0503218429324712 0.280322514996844 0.124120662153467
0.0734744040487004 0.0542048411202069 0.242254197092428 0.113126247103986
0.0513332170712953 0.0673645422583556 0.167920218440354 0.107000436677235
-0.0016230929064566 0.0794721694088705 0.0857964196522795 0.104124127366241
-0.0481364134662701 0.0406468830890858 0.0161921707795698 0.049572472587706
-0.0126392696265789 -0.00590674665642292 0.0593118184228511 -0.0121084232670719
-0.0112629160065141 0.0428582415684246 0.121648707824108 -0.0642967129568134
-0.0429653158362265 0.0734436576472901 0.28346692876736 -0.0984560965099765
-0.0654222733164808 -0.0473387815949661 -0.318386798659842 0.0880304570392713
-0.0954472022389181 -0.000850943523694956 -0.149849279716238 0.10858446269743
-0.0548762128940704 0.0642937629981571 -0.056677917947424 0.0609678395096626
0.0261413921258145 0.0578838635510764 0.0309490930705429 -0.0177004132254032
0.0397240930900179 0.0288442410220629 -0.0405810654521905 -0.114098041517149
0.0384333226075682 0.00698344700501873 -0.144102698603054 -0.126626892704564
0.0291030683288084 -0.00280847700565366 -0.229377578321382 -0.116039088183868
0.0344074889303707 0.00419150490290702 -0.281611332745664 -0.114979140693644
0.0374963735963652 0.00688874860032506 -0.282477524261154 -0.123649648860613
0.0604305982561917 0.0227474302232293 -0.220577022283034 -0.149739490484948
0.0657844555110785 0.0567822115985691 -0.118923137574464 -0.157351216877494
0.030073784554769 0.10044121131489 -0.0221651696797633 -0.0710854058685485
-0.0857727214107685 0.112109878875887 -0.0984205477682737 0.013079541737569
-0.143550974816648 0.00909771350574119 -0.225730165570907 0.0167533350884859
-0.101003917238052 -0.0572535453975488 -0.369652478380859 -0.0913834106532963
-0.177479273206773 -0.0606909517582354 -0.293051188578134 0.0953503852848072
-0.196269631974035 0.0183109475106813 -0.160454842601005 0.088109350363777
-0.135899973546541 0.10910943403543 -0.0808386381673294 0.0814867400053986
-0.00966979400255544 0.143313139469308 0.0349669167258143 0.00787584247623623
0.0635111443070047 0.127897656122608 -0.0128803627460844 -0.0916252025189025
0.110180635217675 0.0857556252580226 -0.106274862263317 -0.121974439270574
0.121615084974953 0.0501715925205812 -0.196622299301529 -0.115152201179959
0.141506030031651 0.0490443047065943 -0.244261720773073 -0.109976523429338
0.141726133632245 0.0580943735691846 -0.244174191406819 -0.104450897682128
0.163234495748643 0.0965472427517078 -0.194672932302346 -0.114939127749329
0.139878672761783 0.16869991274117 -0.111255471088875 -0.118481177918826
0.0499779487947292 0.229631138571866 -0.0138536782688424 -0.0405538338616118
-0.141505863250447 0.247894211821084 -0.0854324588238956 0.0412277119773174
-0.279376875500669 0.107797684534087 -0.203284914464505 0.0320501725043118
-0.254478688708869 -0.0242166356710745 -0.318811605457499 -0.07964742482637
-0.274443186775026 -0.0738449532500125 -0.223491876716015 0.111024404661003
-0.290521545519496 0.0340929719997906 -0.141614718124 0.0651601971271929
-0.219628445409661 0.146496544227852 -0.0997926430111641 0.090548532786274
-0.0594498805946304 0.225345957417135 0.0219926435950204 0.0357084843502896
0.0738353864827619 0.227038755503037 0.00685959135818038 -0.0438911118150026
0.166066399288644 0.165924846288935 -0.0536451843186257 -0.0875269637283359
0.198210746650344 0.103208383204166 -0.134041875820433 -0.0912471981344851
0.226632603470056 0.0876859652500925 -0.167894071947907 -0.0876787909928142
0.224648002782198 0.0953039848347956 -0.167813446300553 -0.0748822375675124
0.250134738744477 0.145607683335697 -0.135088514902933 -0.0724487631965177
0.211739776952699 0.249537393711457 -0.0810315526746502 -0.073037829996886
0.0853936813021359 0.328225068035642 0.00268626112998642 -0.0159894483655425
-0.15730237352721 0.360412914582513 -0.0514460838263017 0.0523263083305189
-0.360509633184111 0.205412752992966 -0.146428533481341 0.0291623464025226
-0.360841683016212 0.0221389796506311 -0.219518461101105 -0.0773595838510031
-0.339469341872481 -0.0745089913337039 -0.110245088997327 0.133884489301608
-0.361069756100014 0.0577226090432121 -0.0807460259413882 0.045496538353356
-0.283500645848902 0.186966679734858 -0.096081409471995 0.0878454928366116
-0.0976984013845317 0.293725497023982 0.00162636576848739 0.0620646370825482
0.0797659218401675 0.305791188843652 0.021744479210987 0.025334512826598
0.203056160335072 0.22792575408327 0.00921826960920131 -0.024806730025203
0.247808268678813 0.14215650541993 -0.0489978483273697 -0.0447536045801911
0.275644931615385 0.114093980946768 -0.0669529304931151 -0.0503633496178305
0.272134218716704 0.117064780038032 -0.0670740114133607 -0.0403179582916536
0.297978825609532 0.16989457091386 -0.0516560897098668 -0.0328914059391092
0.255770590160829 0.288822732184082 -0.0292256902354663 -0.0274229661950746
0.110536603619076 0.373608056266881 0.024744133978854 0.00377822170769625
-0.142446112101688 0.410459358798636 -0.00941922710380519 0.0432346315214154
-0.37759748277468 0.264718062553396 -0.0707413684404709 0.00421963502631178
-0.403495357613027 0.0644744772088867 -0.0934751300065195 -0.0864352585973764
-0.354442671061112 -0.0572519377589603 0.0340545775572324 0.15620304629721
-0.377510886364048 0.0841084722419077 0.0139678842685634 0.0286494006493297
-0.294784075979753 0.209060568115404 -0.0643973065438988 0.0753171940345168
-0.108601389269226 0.318068437241847 -0.0147097016212157 0.0860597739184018
0.0790399935794395 0.329987075026478 0.0377317060551231 0.103464014105522
0.211296006173524 0.247999604175543 0.0775011999330187 0.0527361448037257
0.258722271532001 0.156101344450876 0.0485324218691712 0.0156358079862594
0.282455685530601 0.12228630222678 0.0444559124533068 -0.00461190219436795
0.275792543519342 0.123145991104033 0.0406074029808808 -0.00318268600813469
0.294510673033051 0.17146733019727 0.0371461862929607 0.00292188914129934
0.244065952507645 0.281841536844794 0.0288194819013138 0.0136378996203607
0.0988999015925258 0.351997400070867 0.0442610638393068 0.0198651634254504
-0.1224863659121 0.373550120659192 0.0276165440305076 0.0227928399377669
-0.337520714625912 0.258547160023632 0.00311331536178141 -0.0313898646821058
-0.375964610384473 0.0872992187882533 0.0380889037984179 -0.100345165796877
-0.309103707012752 -0.022996169460757 0.183345205065846 0.166163391398029
-0.314457278460128 0.103116985423372 0.116931873475793 0.0106545828180799
-0.23501270042169 0.19313687391363 -0.0138090766842751 0.0556447312828974
-0.0854056084424029 0.272217632769486 -0.019348828366942 0.100639409278279
0.0701843730723696 0.283992486048575 0.0556360891548847 0.169469434695439
0.18461256077244 0.21747633743946 0.139820393967188 0.124727633460687
0.228848030476759 0.139057736705987 0.142888787625074 0.0752266634094537
0.245658182755319 0.111978425363668 0.148889429734587 0.0422206936218768
0.236817886571313 0.113120787337328 0.135509271582535 0.033292747464451
0.238192618179737 0.154666717026433 0.109772488823365 0.0352870739150737
0.176822157080918 0.239982890264738 0.0733734049315091 0.0479841340280101
0.0473650208328972 0.272476069376589 0.0510534082579086 0.033789081334855
-0.0996006403454081 0.261514963653453 0.0507226067574384 0.00410246669133437
-0.24985361888338 0.195288776130714 0.0591296341300916 -0.059319899335779
-0.290259379598188 0.0879625018423077 0.149584504714667 -0.110803313562629
-0.207303286086556 0.0171239660543104 0.308912302320646 0.154713493373154
-0.187061682140787 0.0974387087713913 0.199013692080311 -0.0102902962829396
-0.12374770287337 0.128593070811238 0.0397457855823926 0.0266199190203423
-0.0491528077643049 0.16501942350701 -0.0145651434182367 0.0972612165665335
0.0462324484532723 0.182124257380731 0.0716784570869616 0.201698784372666
0.12359668873281 0.146067280198889 0.186632469203352 0.171306841280151
0.1603372488596 0.099550345325145 0.219347568343597 0.119306066751087
0.173073681324143 0.0847458941942747 0.230375017946663 0.0816884588324967
0.164834168388141 0.088914603669143 0.203320874703445 0.069356349178886
0.150445166458987 0.117875509792458 0.152124421427702 0.0667309895970605
0.0851950823070813 0.167885227208569 0.0924819665734228 0.0767550574641377
-0.0118120326012278 0.160386646385078 0.0400330263948171 0.0449327803934789
-0.0676012685334123 0.119197339573963 0.0583129766292468 -0.00755919437341007
-0.134573693266878 0.110574533232325 0.092867839676778 -0.0704994564394585
-0.170608376003709 0.0787492096610228 0.227401705855834 -0.11238757678754
-0.0669425776404043 0.0453022513845168 0.384923852487558 0.122464260349361
-0.0321868278696284 0.0572218557751647 0.245775147935444 -0.0373826961209401
-0.00844568443223912 0.0281110941215189 0.0778810492890731 -0.0148964213709183
-0.0238526324956771 0.0334780889391874 -0.0102413057447305 0.0758037629138692
0.00536869027104562 0.0591288797578735 0.0784236354417653 0.199275865338776
0.0392320682411284 0.0582842457766121 0.207903307007331 0.185749835835375
0.0650456829444038 0.0488419369513337 0.26448071283093 0.140538638230037
0.0755737853498879 0.0449178441785791 0.27801097767047 0.106880462480182
0.0730007381461395 0.0486195903901748 0.238801850303555 0.0990828076913014
0.0524037808432938 0.0615885807798767 0.165770302508096 0.0948639214182858
0.0022209515617158 0.0772759261184169 0.0874864729680421 0.0960831695612895
-0.0446579098864401 0.0428064583106872 0.0178810810892615 0.0475549685668268
-0.0134693250471403 -0.005438519402028 0.0558181934165182 -0.0167724623422333
-0.00865080266406264 0.0413236428644781 0.112859481052512 -0.066648676685057
-0.0375004703485405 0.0711129104127119 0.267790758259725 -0.104413969166051
-0.0708050509395543 -0.0355963470230097 -0.284547585865208 0.117920591435745
-0.0894508286073235 0.0103136106089045 -0.125804753566343 0.117529253272173
-0.0431377622586627 0.0672807397258838 -0.0424901990593995 0.0625165060517837
0.0301899693961581 0.0508223430123476 0.0272906090580923 -0.0239681667359654
0.040938695761884 0.0213959779210733 -0.052497233915325 -0.104153181604588
0.0358621967264085 0.00229093979909663 -0.150475031301182 -0.104939716200048
0.0247005076540923 -0.00521704594697051 -0.232249210937204 -0.0875706943369735
0.0326201153191878 0.000698172880918918 -0.279013615643215 -0.0761376386753752
0.0362029578074746 0.00456572244504881 -0.279232838634608 -0.0854876723878108
0.0593738512540002 0.0161504086487871 -0.223699026371638 -0.11587052131888
0.0684540929186022 0.0460240120154096 -0.128362659913075 -0.137505321379843
0.0378429202609755 0.0901358043381513 -0.0265723329273587 -0.0658805127851595
-0.0645542662391263 0.116757957672013 -0.091290615845611 0.0275892815452059
-0.129313684085339 0.0279405596866151 -0.215257907470998 0.0446783745370311
-0.102109685068946 -0.0357885914347444 -0.363652464795231 -0.0486061344312501
-0.18160547411271 -0.0348415172007385 -0.250468948345875 0.12202545590934
-0.182505487837161 0.0386373802042631 -0.134838756451238 0.0982572531203687
-0.114524637397187 0.118659931723928 -0.0588108242384784 0.0836748863802036
0.00469430730538041 0.134383429057067 0.0370340230701747 -0.00228796024116949
0.0738298983630222 0.111504937589211 -0.0220282921616428 -0.0902432174766393
0.111288234016621 0.0681564320188909 -0.112717014791707 -0.108953813337879
0.117503124105614 0.034997927277472 -0.198737014267196 -0.0917547283798557
0.138589072578274 0.031485833628175 -0.241770060646779 -0.0748475209251635
0.140854356435352 0.0407765596481072 -0.239065693993624 -0.0723708561273298
0.163510027711595 0.0728523512794317 -0.191718289856489 -0.086703225101728
0.150572983745113 0.142620139567082 -0.112679568780417 -0.102207867799724
0.0700367887912199 0.208436895363238 -0.0117114701705995 -0.0369364031732979
-0.100464690108491 0.249301761336533 -0.0734592239287417 0.0561879753433523
-0.244123990983427 0.133237884124374 -0.194717269399041 0.0626945528467027
-0.23943972319216 0.011319232413539 -0.317456492453538 -0.0422857898578646
-0.275806625694829 -0.0352582398438941 -0.174843907030077 0.128272051046659
-0.269493576262518 0.0633015834624466 -0.116960492770026 0.0735270165971514
-0.190205542874648 0.163486980474482 -0.0714969061103123 0.0934709890920419
-0.0331120601200859 0.216623629187245 0.0310481014021182 0.0244399855058567
0.0939228348668358 0.203686968981557 0.00496723716663367 -0.0520525920180321
0.173618898715388 0.137783764591396 -0.0585248493676233 -0.0863601911779174
0.195320503736466 0.076298183814424 -0.134600480427894 -0.0776020238470144
0.222987491348579 0.058089111111345 -0.167631681809255 -0.0633711924441297
0.224342569776436 0.0656851122964281 -0.1633022365506 -0.0534109010563638
0.249942948250967 0.108235483325793 -0.129124808547113 -0.0548470575751182
0.228195342228114 0.209192569907611 -0.0764778489946407 -0.0637440703770486
0.114932979842133 0.296488394420536 0.0101599148229114 -0.015181218881145
-0.100826419995298 0.355481726703203 -0.0377633408993323 0.0650762233089132
-0.3088897488476 0.231653494134059 -0.142407617010815 0.058873822091186
-0.332092573073625 0.0649109052864229 -0.227448995722299 -0.0500039325343787
-0.338847634842976 -0.0288414237126463 -0.0600281725892692 0.137210088873921
-0.333067748780087 0.0911791846587846 -0.0607284817898483 0.0475363935223792
-0.246418307449058 0.207493558804423 -0.0646463744188282 0.0887757081708977
-0.0633639495761526 0.285840930832934 0.0175453534904595 0.0509050865745006
0.106832016682192 0.277281219904139 0.029632354866017 0.00867413934533181
0.215172977432884 0.19146048320169 0.00876631091633671 -0.03809763140536
0.246751100310951 0.10821973747308 -0.0460700892288312 -0.0440708073356713
0.272556977719071 0.0770566684038046 -0.0675665309670504 -0.0403071293140962
0.271008662488582 0.0796933243165394 -0.0633749906075782 -0.0321017735292826
0.297817758640718 0.124891564813381 -0.0447013570478697 -0.0277481734801698
0.272618230811626 0.239533611395976 -0.0214588633815466 -0.0265981630247452
0.144089877032823 0.336169883404622 0.0348530226218693 0.00169271545377313
-0.0824484192509545 0.399609487152925 0.00209097376682187 0.0519402385153325
-0.318683136868483 0.286062696224268 -0.0739850237354435 0.0294368962109888
-0.366491825243277 0.107041898474628 -0.109746385297377 -0.0708160535337626
-0.349714510404586 -0.0114975082215981 0.0794457588886955 0.140875738289933
-0.345913727364691 0.118238795683133 0.0278415200722381 0.0201184738632802
-0.256376928895964 0.230802973958514 -0.0355949211072647 0.0718418539391905
-0.0721543743909449 0.310266448786189 0.00564764949885858 0.0753320692215058
0.109274465838938 0.302269288486953 0.0557604087589081 0.0804150551563021
0.225357462638732 0.20956553575547 0.0824759838774534 0.0275681727928921
0.259703739391285 0.119224356152784 0.0546353207482329 0.00255881852204693
0.279873084978425 0.0843661734455115 0.0427350808584108 -0.00943288156028734
0.274797809712903 0.0845069770653706 0.0423877180028746 -0.00962020222648002
0.293540818202458 0.126179799695376 0.0429088447029951 -0.00440912370405218
0.260880018593037 0.235291204414297 0.0376439894236048 0.00551738634772445
0.130794941431078 0.315920111082542 0.0544092712106877 0.014964887312426
-0.0674198453000614 0.363600055320728 0.034806462765772 0.0271446523324767
-0.281688503310959 0.275066112205195 -0.00818102559797855 -0.01343485301863
-0.33744975080841 0.122171128187995 0.0139630958884714 -0.0973351947117562
-0.300511956514371 0.0155085310674819 0.218715898825679 0.132614129171244
-0.285430518475188 0.128802242024657 0.120976581726859 -0.00801668687522408
-0.200723482852064 0.208812762578488 0.00757835668427899 0.0475159156104848
-0.0546751301676992 0.265295324004265 0.00198588724525643 0.0912630063074143
0.0955653991209296 0.259972301452324 0.0799032663473672 0.14191909274356
0.197167243129447 0.184233488002287 0.149183560080048 0.0907291007751737
0.230541249995946 0.106668850016747 0.151696063461053 0.0503759494772321
0.244623126038782 0.077960024287208 0.146265861348881 0.0225781849231424
0.236542904991377 0.0798523647293581 0.135667777497633 0.0148566691208715
0.239157935245318 0.116254154812411 0.113475571133659 0.0188808853624309
0.193002737557856 0.202206528202896 0.0828178130660368 0.034350642024569
0.0740194566175912 0.248490253550544 0.0598352466629796 0.0285733029802938
-0.0614626619502489 0.254804989277017 0.0514044369872652 0.00382970304861437
-0.208785315479443 0.205953432481658 0.042669324794591 -0.0503751913557173
-0.258374089212664 0.111530957902916 0.121726361167667 -0.118441654316167
-0.196061604676798 0.040247973521085 0.326337165579386 0.107611227243058
-0.164708227089387 0.108963527139605 0.19269871475749 -0.0357881841090007
-0.103285246909196 0.134642578856017 0.0483795730345762 0.0162298976351206
-0.0309124173195895 0.160443045732825 0.00287920680146833 0.0909587935891999
0.0619686812548939 0.166958579547462 0.0977055086316667 0.175069611141787
0.132538909714854 0.124043495965719 0.197815003215215 0.133232449462423
0.16256034428703 0.0760959485997968 0.227850433282225 0.0858574619373311
0.173135463090918 0.0600586416365223 0.22769634525705 0.0494984013726269
0.165416019745876 0.0637366137318441 0.202841085221174 0.0417731228220556
0.15189888855024 0.0917137412819602 0.155096031473317 0.0441836370540899
0.098666482889044 0.146222234981822 0.100108943066764 0.0611254017173574
0.00688983812357837 0.150255548906928 0.0470465216755509 0.0409251044173847
-0.0495826650372829 0.118494888100137 0.0545348168931675 -0.012058023370986
-0.112465787488284 0.115105797771681 0.0761917671797333 -0.0698939387613768
-0.148907228417544 0.0872180233392412 0.198120895921997 -0.127407273289017
-0.0560305666410912 0.050687719963168 0.383097684778407 0.0694900905899883
-0.0232965764657835 0.055685405980172 0.228865541396065 -0.0636151529107116
-0.0056004053232605 0.0265341631318011 0.0736728061482765 -0.02388841566919
-0.0190964579664894 0.0344253080309513 0.00151509998603939 0.0740719655272948
0.0105165393380013 0.0556475588569719 0.101322266533346 0.177417985558731
0.0441112164382784 0.0503486978160285 0.218588131919189 0.15004316154528
0.0682324887601449 0.0385185596510865 0.271641127180273 0.104058381090165
0.0761672690394323 0.0331738595742092 0.274381824822092 0.0685986625601629
0.0739447548919652 0.0360093428363459 0.237198819422797 0.0663461122916379
0.0542231811174553 0.0501630482592521 0.167943737568393 0.0704160536130691
0.0111125899853755 0.0713542162871034 0.093955561939857 0.0812557304204821
-0.0361635625934093 0.0450066088031582 0.0226386741968336 0.0448241766837126
-0.0148398093670992 -0.00377891474869118 0.0495259284076145 -0.0238939947522659
-0.00482553298179603 0.037021968153134 0.0986002426496535 -0.0739525423099321
-0.0263448613934217 0.0648517893412288 0.24090418851486 -0.123746464131776
-0.0673209510813086 -0.0344782264976935 -0.27360020180611 0.105809104119511
-0.0848274944974952 0.00888808940996791 -0.121594447558001 0.108796802665064
-0.0409840686417925 0.0632908584915477 -0.0401288707862433 0.0595621396694649
0.0282710592686031 0.0479246958861349 0.0269516040656416 -0.0229293997637918
0.038341168439584 0.0202056365143831 -0.048799372939704 -0.0995190211912621
0.0330618936126173 0.00243754082956674 -0.140535224640846 -0.101908715696534
0.0227750908690416 -0.00367101079322459 -0.218836438416184 -0.0866210830849749
0.0314836512736243 0.00128604681466955 -0.265527513575774 -0.0758373447836549
0.035244745461666 0.00615636312501413 -0.264842113230262 -0.0851561688869693
0.0562810107073005 0.0167726183453244 -0.211867009424888 -0.113521926048979
0.0646122325936138 0.0443501672475745 -0.121163299703859 -0.132470792356808
0.0347158951710101 0.0861235928661504 -0.0252229527096898 -0.0650657831306432
-0.0623735138365033 0.110452327046367 -0.0882287581132745 0.0252653983888604
-0.123652487826893 0.0250382406454914 -0.204214250647238 0.0378016671758473
-0.0973806532659973 -0.0356944148759164 -0.344203955548495 -0.0543910753739533
-0.172741422626458 -0.0359533152810301 -0.24188092951623 0.108083824796751
-0.172726232805179 0.0342943275397116 -0.13098448837713 0.0887113313305187
-0.109562885199453 0.111516355327488 -0.0554787261185073 0.0795707401113508
0.00280006768796806 0.127937292218923 0.0351063609671752 -0.00199698221170812
0.0689516969043295 0.106578841397804 -0.0189724172944115 -0.0856612288449833
0.104357330820639 0.0657028031338143 -0.104869838565701 -0.106031514510096
0.111527973939735 0.0354389655855007 -0.187145093390319 -0.0906175703028332
0.132405387402193 0.0315232566115908 -0.231183611228504 -0.0744650688193048
0.135248139864714 0.0415230798551513 -0.228116360593682 -0.0726185908297915
0.155605443267684 0.0716871608306341 -0.182147272774211 -0.085312260413751
0.142584513921555 0.136201433650567 -0.106472752616769 -0.0983018136979416
0.0646670577140289 0.199723026383753 -0.0111990092007989 -0.0375970273493301
-0.0988216124006417 0.236115264347311 -0.0718659844046912 0.0514587546625586
-0.234638424607173 0.123257113654261 -0.185307579597348 0.0542682408743312
-0.229603335356736 0.00595852369632496 -0.302033909289083 -0.0471318708680319
-0.262692796310086 -0.0384901222687699 -0.170881286758652 0.116027011729705
-0.25594573644975 0.0559319381145168 -0.114308261086381 0.0661771710922801
-0.181647612248162 0.153855013999383 -0.0677160889493651 0.088682952509647
-0.0341698976396995 0.205560018624149 0.0284746588397762 0.0228362928257672
0.0872371002065074 0.194360426993786 0.00677616263636601 -0.0493026763933367
0.163187531421549 0.131773588800213 -0.0538649697757957 -0.0846702549162985
0.186152792508547 0.075525931933123 -0.127065646473 -0.0757232418638637
0.213580762632513 0.0582636482825217 -0.160092598223976 -0.0617104670542266
0.21426764785957 0.0667924196974265 -0.155575984513644 -0.0532827371531608
0.238042688842014 0.106600727361476 -0.122572923358093 -0.0547230592184951
0.216038634381266 0.200362719889181 -0.0720774468468008 -0.0604533757266192
0.105614230776767 0.283626322714815 0.00906077061181136 -0.0155832220412763
-0.101436492136755 0.337636258150767 -0.0386175176015095 0.0597007313105688
-0.29754845564821 0.21618487424031 -0.136415659465772 0.0510193419414363
-0.319169148245581 0.0550543513086203 -0.215998696335662 -0.0525631058354351
-0.322754495020759 -0.0332230632055193 -0.061878679964806 0.126927297185697
-0.31799863436358 0.0822478846107504 -0.0599144927792643 0.0416733871573839
-0.236799383407712 0.195149081903755 -0.06108749402766 0.0838469993783298
-0.0646330718015619 0.271329131418497 0.0152502967168019 0.0485542999920038
0.0983906947209037 0.264367105142605 0.0297408233625399 0.00864026989947839
0.203122471549039 0.184312720739538 0.00927768014752604 -0.0379812236922102
0.234663700384363 0.106278911043214 -0.0438659949707525 -0.042137020741332
0.260409910270837 0.0769090502511 -0.0646269746919951 -0.0379157043804761
0.259447817063571 0.0812449469959601 -0.0608286190118992 -0.0312831419135646
0.283383951168128 0.123237731387875 -0.0428053159707481 -0.02737124052212
0.259076339208488 0.230998790883081 -0.0198142781245638 -0.0241684825665899
0.133506870543629 0.322302949680407 0.0327479450454172 0.000516048649284342
-0.0831916687031056 0.380645992263692 -0.00069678355721142 0.0469547120542856
-0.308082718323713 0.268277747947572 -0.0717116665362418 0.023802365772797
-0.35191601405681 0.0923165129868225 -0.103753349594978 -0.0697320036663032
-0.333829903799583 -0.0173482283181805 0.0719778055360697 0.133753233784972
-0.330060100274162 0.106455887886267 0.0246838695522645 0.0174869904015242
-0.247363917594745 0.216033825999324 -0.0326742645723116 0.0682895754946069
-0.0733758169505136 0.294856114179255 0.00294540049871964 0.0719469283792582
0.100767183137516 0.289523370034994 0.0541290016951367 0.0767415425620668
0.212245774229786 0.201697217982021 0.0789247120213134 0.025485404693563
0.247595989557539 0.117388761620013 0.0518500957681558 0.00376775506124781
0.267756142471815 0.0846116603314615 0.0408916660463298 -0.00766542282858396
0.262986094032699 0.0856304348082526 0.0395220879444049 -0.00773580958331678
0.279636068088198 0.123771123547052 0.0405566127834236 -0.0044921491846337
0.247721225273948 0.226823277225716 0.0366611045660838 0.00713556156525267
0.121866157735573 0.303178600568908 0.0516359937942426 0.0144890228717561
-0.0700924452009642 0.344273549097421 0.0298704890618252 0.0234006195229219
-0.272190457450434 0.257473815231282 -0.00792759583332282 -0.0151285929375093
-0.324798878931488 0.107633659232832 0.0148009409247719 -0.0919820171877413
-0.287002604093984 0.0095727134405426 0.205176486169319 0.128750288148069
-0.272783902919838 0.11659055679088 0.114575482702062 -0.00689577784525264
-0.195091657671692 0.196104059646379 0.00805129346389008 0.0455297832935433
-0.0566566158337471 0.252589098118643 -0.00050739001409509 0.0880801781444338
0.0878137762892317 0.249126519384602 0.0762034687567311 0.13613316817065
0.186134732260458 0.177860658244395 0.141831150510252 0.0864850244619708
0.219774740837064 0.104732898839305 0.143793280513304 0.050313725062574
0.233042702326946 0.0783092306380418 0.140089660733065 0.0243574620009414
0.226024014401571 0.0798128209426322 0.128968398762572 0.0170956040639735
0.226924555301821 0.113353872752842 0.107114625843906 0.0192305860929599
0.18278497209212 0.194551623070502 0.0785056904210522 0.0347093805742383
0.0681574554669642 0.237671098653279 0.0561769847623259 0.028194176705171
-0.0627734750748094 0.241314097721084 0.0468136301670119 0.00187997072564789
-0.20206762123177 0.192639649293616 0.0408379818750592 -0.0486854457879848
-0.249268713881027 0.0989714191326534 0.118007448241923 -0.109142343222859
-0.187374081253286 0.0345452650734255 0.309998583079442 0.108233507182097
-0.15830856900685 0.100328533189526 0.183355243657954 -0.030958139380662
-0.101328954971177 0.126572145946766 0.0473553203447304 0.0159653706140994
-0.0323227327341584 0.153026670668776 0.000455244890256981 0.0873970950599439
0.0575348455075715 0.159964225819089 0.0919934867541103 0.167623423286914
0.124994133554226 0.119980687944798 0.186633017535888 0.128731293070425
0.155524088636223 0.0741591533796698 0.217256319712574 0.0860309869392495
0.16465018163677 0.0592849253293705 0.217454389695352 0.0507903509122833
0.157282362416246 0.063368006058042 0.193019491616092 0.044055215626974
0.143696067482624 0.0891564032729216 0.145897103682088 0.0446224801122669
0.0932209959912949 0.140469552111856 0.0944093797818703 0.0599903585891527
0.00503827949679262 0.14380285382685 0.0442264190518944 0.0396224275328522
-0.0497843337395564 0.111745760115329 0.0496111805876789 -0.0130982584030534
-0.108669060078272 0.107019763077298 0.0727811579649711 -0.0653215870217926
-0.143691903929471 0.0786134882128354 0.191524614748848 -0.115201321814714
-0.0534744515142955 0.0460782236213347 0.365083795321012 0.0739980786498565
-0.0226808378459458 0.0519701097369243 0.219924407147215 -0.0557820261600057
-0.00647876333713787 0.0258795419044525 0.0707757711342407 -0.0215752443890086
-0.0191131413521429 0.0330593210913374 -0.000303430832616593 0.071273230783401
0.00948764099079914 0.0531728568510498 0.0955792962833917 0.170170883615199
0.0416176415767186 0.0489948877948845 0.206319095096913 0.146305150850883
0.0653572486560359 0.0370456566901981 0.258380527753851 0.102461715165231
0.0727901534000101 0.0323748054609767 0.261912786276339 0.0686732356323732
0.0694643595817406 0.0348090642633875 0.225547642461401 0.0674989056973377
0.0506610342993229 0.0490508819095386 0.158190523169228 0.0698275408765128
0.0101527793554553 0.0688000856282873 0.0880589657478531 0.0787725527119484
-0.0346051339127447 0.0429524986472283 0.0212445221629396 0.0435800911528106
-0.0153596488372099 -0.0035551612488873 0.0460301436451031 -0.0237233706005999
-0.00508962060780299 0.0340780878315102 0.0947421759623278 -0.0676009854348394
-0.025784528881693 0.0598280482819317 0.232231208287479 -0.11033754379399
-0.0649347045976369 -0.036362924179687 -0.274336466178594 0.0894012600305211
-0.0831691902697972 0.0062353545595337 -0.124266575340962 0.0999460611329821
-0.0421097661762596 0.0606573029139501 -0.0407011764604612 0.0577083454171588
0.0260555843695546 0.04730930190685 0.0273491961655637 -0.0220363044253808
0.0362836284986804 0.0208793553611894 -0.0432797573754899 -0.0987029012566858
0.0320502577335156 0.00348371715957684 -0.132955630048604 -0.106224167802326
0.0226479755170501 -0.00201156202325866 -0.211795369574684 -0.0941107188281876
0.0313212007226917 0.00254822817885499 -0.259115617115048 -0.0844711700802477
0.0351440717054885 0.00789845111142309 -0.257730591386379 -0.0940280256051305
0.0552760091292516 0.0188862509415441 -0.203555827311683 -0.120187250669773
0.0620189108086915 0.0445678767287475 -0.114791391593157 -0.134508594285731
0.0303324069728721 0.0849466442165157 -0.0230308056122405 -0.0662056768063553
-0.0649150122559227 0.105689547649715 -0.0876527256614943 0.0205905866942031
-0.122232312345376 0.0201847922182977 -0.201106017295049 0.0263910529483392
-0.0950900107671182 -0.0389501786270968 -0.335419147299252 -0.070247638635831
-0.168383786754771 -0.0422003365293182 -0.243525287723433 0.0941033412298775
-0.169893423595245 0.0271656149451414 -0.13286889710378 0.0807280537095911
-0.110240190520211 0.105544406722424 -0.0571986313025423 0.0764220805054429
-0.00167189622579155 0.124885488244102 0.0341877076578261 -0.000772588470479989
0.0638580477632294 0.106322316574218 -0.0148943148750507 -0.0848416574811817
0.0996204393581342 0.0673801733287579 -0.0984193612281534 -0.109043431139216
0.108500711547284 0.0395295082775487 -0.181003650125416 -0.0957725118600011
0.129032154164182 0.0365033732870691 -0.225316010829659 -0.0816666833668003
0.13245850958615 0.0475896629176532 -0.222001688419931 -0.079601547213182
0.150925802467345 0.0776424120733882 -0.175841140404394 -0.0915595753053553
0.135400415962842 0.138551239708053 -0.101457062361113 -0.100060433563789
0.055420488776631 0.197742495269516 -0.0104717055414261 -0.0389875736982164
-0.105784550433381 0.228381886151668 -0.0739439857596843 0.0463952942837243
-0.235555320844075 0.112612779897944 -0.184449698504832 0.0428688670878837
-0.227147294018831 -0.00484253870337031 -0.293959526457362 -0.0606167822231226
-0.257343997526996 -0.0481247263501963 -0.174990382208051 0.104181735597574
-0.251996438259863 0.0446125256499071 -0.116178290347915 0.0578977442934376
-0.183060759399108 0.143538336622145 -0.0686395797662319 0.0850936423026203
-0.04181175388433 0.200466451754363 0.0264782314655802 0.0236974808199979
0.0793511319171202 0.193263080898529 0.00979801102730735 -0.0476104210354847
0.15551859689398 0.134588083955566 -0.0492939804119746 -0.0862803250890413
0.180684817202323 0.0814823030404964 -0.122877215877865 -0.0786755274839633
0.208266966164012 0.0651261582671228 -0.156028069623868 -0.0661483944257419
0.210528961063527 0.074548284580538 -0.152173812886969 -0.0580893708004451
0.230467958148274 0.114918203007201 -0.118733811813501 -0.0586573536626908
0.205694508418047 0.204436760890528 -0.068549651490663 -0.0607866837244901
0.0935849851134426 0.283179924465713 0.00902688682465235 -0.0164316643825239
-0.111505823783794 0.327186973201163 -0.042214512678062 0.0554249321789559
-0.301733737921315 0.201495071114857 -0.136894370754769 0.0421975125355388
-0.318009835492684 0.0386760496905083 -0.210889868368104 -0.061947278487272
-0.315967347562529 -0.0460987195954621 -0.0679795914768119 0.119822250110696
-0.314443530452592 0.0678589327568185 -0.0624488167309529 0.0360880958229153
-0.238864398172844 0.182064599268807 -0.0617047142734244 0.0802758766423091
-0.0733355968976303 0.264247840539244 0.0119929704993425 0.0486941331638975
0.0875104149994617 0.262657526745176 0.0308465964458733 0.00960701182579151
0.192792205180257 0.187712602979463 0.0108859071328781 -0.0383792818623082
0.228551237831303 0.11306272125631 -0.0421709129559359 -0.0422962473564562
0.254199611258415 0.0855036258964251 -0.0628310067635283 -0.0388084562250328
0.254348328743005 0.0899844187960255 -0.0596867163644048 -0.032482857771773
0.275175961037225 0.132410573912405 -0.040985092452476 -0.0288660801548325
0.24687980787337 0.235798299910655 -0.0181628345367172 -0.022890118553269
0.120070754086218 0.321980298972246 0.0322928551842257 0.000690361736838909
-0.0979406819624704 0.370292651957768 -0.00549739016801846 0.0445792526220769
-0.313168116630659 0.251359072270611 -0.0718212522577442 0.0186020528355529
-0.352394884054384 0.0733787197418802 -0.0995650634828945 -0.0727024117938893
-0.328188195221422 -0.0303711633489996 0.062955337657067 0.132768832123415
-0.327708352902136 0.0909775243244277 0.0219116943281503 0.0152162748304788
-0.250338222339662 0.203119905789699 -0.033344573416352 0.0654445909658435
-0.0834624350304554 0.287924952740526 -0.00083834626470732 0.0714546995433653
0.088754956863139 0.286595598310967 0.0522026864283224 0.0774356629303402
0.201587417123696 0.205784023511454 0.0763135945656449 0.0264083662328359
0.24066968761134 0.124040807954676 0.0505875949808368 0.00636081018852089
0.260987106151183 0.0932971219701556 0.0403736852797733 -0.00458613317551702
0.25696272576556 0.0938697826102738 0.0394645470452572 -0.0056236666832516
0.271545119261023 0.13291746017111 0.0395292572262165 -0.00304121572495292
0.236216499368118 0.230952910250193 0.0364567741774516 0.00945705100809363
0.109299320666882 0.302575742669582 0.050396477995755 0.0154303430367824
-0.0816347626495894 0.335412929889886 0.0257986869970121 0.0220809177604819
-0.27695977726944 0.24251326136041 -0.00834830737752789 -0.0174043064225359
-0.325821839362022 0.0901511116626275 0.0184258174515349 -0.0889478215104086
-0.282794948982737 -0.00338537677989491 0.194838722520305 0.134666713143209
-0.272499186654307 0.10216942673024 0.111778940515343 -0.00315126288968815
-0.199661365301139 0.184736856583075 0.00744300320892977 0.0446670571465262
-0.0653887211107386 0.246626676654361 -0.00561901967229932 0.087367927746237
0.0775771619040908 0.24771074025498 0.0716944065913907 0.136606831096527
0.176294263339303 0.180969126811655 0.136207854433289 0.089741435316514
0.213795747658617 0.111266518382315 0.139541473699748 0.0563211720793484
0.227965712517259 0.0846269394155718 0.137508189422201 0.0297859052446756
0.220334758255392 0.0869602709564123 0.126057764243527 0.0221963468446371
0.219386152950593 0.119841786136141 0.10382288171069 0.0230621797615751
0.174156854168492 0.197392925522351 0.076405574868351 0.0381302619706636
0.0592428671509591 0.235278629106248 0.054490912552974 0.0291226994507096
-0.0715167427591451 0.234350885590636 0.0434710564727196 0.00151827359567786
-0.205961304387868 0.18113173273131 0.0417260749560882 -0.0470378884157095
-0.251461459383 0.0849319698782367 0.121259859714509 -0.101206824358193
-0.185247241159393 0.025489215859951 0.300207226804125 0.119293369251219
-0.159193975507322 0.0905257326408633 0.181721574128227 -0.0231343046823325
-0.104690463024369 0.120088721182385 0.0465015014457871 0.0173415048298717
-0.0381504070829443 0.150125637083766 -0.00331936261173747 0.087632962508836
0.0510257024482374 0.159128679393586 0.0859878005683739 0.168064900044749
0.118461339015374 0.122405406856898 0.179361639313093 0.133167269172796
0.150838805990709 0.0788799410826099 0.210084027819464 0.0935442399454409
0.161064801789831 0.0648035525787153 0.213351851239799 0.0591296850457815
0.152924193444681 0.0677546989156261 0.188803269136254 0.0514603228567915
0.137249936817451 0.0925440984148477 0.141230279079062 0.0496818850965327
0.0871477405759557 0.141411741438089 0.0909659785843969 0.062699023277828
0.000398544598766021 0.141297898163207 0.0414416077482329 0.0403066384548119
-0.0538905290123221 0.106676312670601 0.047217834439115 -0.0125211114467671
-0.111160959502956 0.099514800419621 0.0736934953738898 -0.0612316614117782
-0.145255005717037 0.0690576840499969 0.193851252692488 -0.102989680672311
-0.0536632899882456 0.0422957084496954 0.356919002253411 0.0898557608150719
-0.0244931620458976 0.0489050664107853 0.218837861762353 -0.0449060503635868
-0.00795326871531888 0.0250600886083712 0.0711345685304453 -0.0179391710637549
-0.0208918187583004 0.0322524477373519 -0.00344643748786317 0.0712014916004007
0.00807389652392925 0.0530143195382681 0.0887806612535541 0.170738952588927
0.0393184759159525 0.0494247425702656 0.197774136983236 0.151574347142108
0.0635521730641805 0.0383631179223388 0.251521354281087 0.111613331314175
0.07029534597603 0.0344350927829494 0.256760647832456 0.0779761656284939
0.0669489543187572 0.037113107116122 0.220296882213808 0.0753415614824668
0.0469241539030261 0.0493096004217978 0.151661190446286 0.0752151332712937
0.0080785106777612 0.0685673997793158 0.0830342985565365 0.0805836108905722
-0.0351636665073036 0.0414510646775299 0.0184088356579619 0.0439953964603145
-0.0157396523241531 -0.0047247171099091 0.0449295402177493 -0.0235448472471072
-0.00637864427732973 0.0327034852947747 0.094981243786819 -0.0623275435071453
-0.0283180477115866 0.0559118073840873 0.233229398468659 -0.0962531735508123
-0.0653494222296763 -0.0392909098109262 -0.286029789368221 0.0777624751649849
-0.0845792181299596 0.00381638361064588 -0.131263590734951 0.0956131789670376
-0.0443713232059456 0.0603384400532511 -0.0430770835791833 0.0579198590168505
0.0249983952226623 0.0488205531863571 0.0291587037154067 -0.0224695220895814
0.0361090608257397 0.0225397901281923 -0.040187216680963 -0.101834563316312
0.0321092853127068 0.00410601846047936 -0.130960875271715 -0.114296077790042
0.0230632828531343 -0.000720178560229783 -0.212824008673728 -0.105315801918481
0.0320319627590752 0.00391933750810316 -0.263733413696545 -0.096292798889744
0.0364116457060209 0.0104476933527733 -0.261152867885687 -0.107177244028453
0.056619797958864 0.0219992019702881 -0.204288466699404 -0.13078136061454
0.061643208657429 0.046985422706243 -0.11275885625918 -0.141842900650055
0.027405385068379 0.0879353310878515 -0.0220034967269145 -0.0699639195131896
-0.0697580837313607 0.105863358167626 -0.0912300173984158 0.017497498125443
-0.125907688441696 0.0169283106718822 -0.206579676159734 0.016553865692483
-0.0963179225840461 -0.0438042958706673 -0.340403140504585 -0.0874488568126131
-0.170819622789646 -0.0495429031433359 -0.255249350971789 0.0831494580224911
-0.173349252110371 0.0216595321716735 -0.140651859021504 0.0752801843546693
-0.115450436620109 0.102888521970072 -0.059651963940735 0.0769629211211514
-0.00580683802587122 0.126454403266832 0.0348428161628192 -0.000336616691171181
0.0612253184414936 0.1103178626083 -0.01130301386147 -0.086011977644499
0.0993566202802503 0.071848272200704 -0.0965465061807158 -0.115490724997674
0.110006446694135 0.0446334374931934 -0.181739518159656 -0.105352361898524
0.132241192599386 0.042012975831565 -0.228397004519657 -0.0912863500090258
0.135211866407786 0.0547660558872846 -0.225050717241455 -0.0904586898362743
0.15333494527934 0.0853189799189408 -0.177315633745514 -0.100546528382466
0.133604588401911 0.145726760902316 -0.100540969657592 -0.105352219058109
0.0491744187861954 0.204291905265605 -0.0101473797886059 -0.0421048446498899
-0.116534528681029 0.229639233616259 -0.0789201509563077 0.0439244151861117
-0.246384923103343 0.106476732601166 -0.190600722179926 0.0336046834781837
-0.234004923744489 -0.0152835546251869 -0.299291833115063 -0.0760963759274446
-0.262190282273804 -0.059029762130145 -0.185192682251435 0.0971150435850017
-0.258013179014466 0.0353005543325966 -0.123550932899734 0.0525711274626596
-0.191131731806773 0.139561264214093 -0.0721238453830427 0.0850092765595446
-0.0488374591863188 0.202879045537119 0.0253553941461657 0.0253200622443387
0.0735898419477955 0.199839837630078 0.0124123495995291 -0.0480081197996034
0.154148738148377 0.142182812296066 -0.0474376239926864 -0.0917630986467406
0.183403649184917 0.090726797312404 -0.123181138878488 -0.0843400242824265
0.211750820696382 0.0748545385535424 -0.157918291606743 -0.0726213881731094
0.21459895371826 0.0853041727256388 -0.154289262683096 -0.0648839272001964
0.233721397011249 0.126317746968706 -0.119485637709299 -0.0649508380143304
0.204213712653887 0.215643310855324 -0.0679087260048297 -0.0634271672908354
0.0853352362618354 0.292863853010666 0.00925356468430785 -0.0188543993819993
-0.126551187638363 0.330737728605455 -0.0475133714909329 0.0537589382269321
-0.31691859108992 0.194557638578098 -0.14169270590445 0.0348506829158138
-0.328838264823102 0.0252020916606418 -0.214083752159196 -0.0726193734308255
-0.322478924919647 -0.0595839560413217 -0.0764998680907024 0.117550737308135
-0.322371839696147 0.0561814540070426 -0.0677159547303571 0.032081028674848
-0.250688727308096 0.176695940616195 -0.0648763663952538 0.0804509462264367
-0.0845990432908259 0.268233349772324 0.00932113665631998 0.0502113177354593
0.0805854139549684 0.271522742699676 0.0325994891844635 0.010813446576765
0.190333318686303 0.197136639892536 0.012170327144032 -0.0405358565022209
0.231208562832212 0.123879927275574 -0.0420327219359913 -0.0443895808252215
0.258734878744486 0.0969399671169164 -0.0632099212501329 -0.0417305219222365
0.259574624038991 0.102604315891891 -0.0605626283911494 -0.0351297553085162
0.278588370152104 0.146171688550565 -0.041534001537783 -0.031352545047597
0.245803260666016 0.24879755056792 -0.0170708220513693 -0.0226981248346897
0.111521363614488 0.333386546504375 0.0319182335721093 0.00114201211003093
-0.113941151271674 0.374726461648223 -0.00950930373721797 0.043451135683453
-0.330501686165548 0.24565019315489 -0.0756330205549363 0.013642466483728
-0.3662712423793 0.0597353398563463 -0.0990105396512886 -0.0786654389310631
-0.335446408958612 -0.0448278824763903 0.057510800907146 0.137190302132847
-0.337978439204784 0.0787602706969767 0.0198826854132844 0.0145059374346851
-0.264331918306029 0.19698644784688 -0.0353213297136085 0.0663985360132584
-0.0962988916143753 0.29186199914181 -0.00437336482815363 0.0741891065241697
0.0806657788458807 0.296419147205194 0.0516780775709664 0.0809985955888484
0.199449907717984 0.217418023121721 0.0771459324439564 0.0283939590850061
0.243083125142496 0.135261276074392 0.0506193142880048 0.00932383104815145
0.265605233386803 0.105227985475924 0.0423087250891821 -0.00279820878758425
0.262137795231884 0.105942302646461 0.040364681673271 -0.00305824219049593
0.274475232297098 0.145258266013247 0.0400339310860031 -0.00177800192057958
0.235694970960928 0.243817923874423 0.0376863598943767 0.0127973787408896
0.101282785340923 0.31343894698626 0.0505032351555719 0.0163721257541406
-0.0963025857263198 0.339458515721497 0.0225169747325619 0.0223132240031305
-0.293733341828893 0.237762915398253 -0.00851595840989491 -0.0204384474224997
-0.339694097275529 0.0766164966436993 0.0224263554657817 -0.089444727159819
-0.290601542370001 -0.0153363056683018 0.193723687849574 0.146007011841099
-0.282416415276375 0.0923360887096817 0.112994730453612 -0.00116446060739988
-0.211660215485384 0.180827265336235 0.00776092356304545 0.0457690474318687
-0.0770496493565498 0.249806810394702 -0.0102386912836575 0.0904261658451878
0.0704877524933254 0.256451540579716 0.0699162939824619 0.14159148529128
0.17422160212963 0.191012258848581 0.135953496083379 0.0959363484513112
0.216199497452574 0.120710754617125 0.140562272289318 0.063597514493148
0.231869181354535 0.0955144939364652 0.140911197030621 0.0361017610755004
0.223583092696589 0.0972797624479245 0.12867706423536 0.0289407392275198
0.220494354435347 0.130947262947355 0.105465685560649 0.0273629055795249
0.172553605671013 0.207242276965751 0.0778019117357711 0.0427163865615001
0.0526467029653218 0.242902712615923 0.0545197078941275 0.0313825194757672
-0.0824289006281081 0.236037368329927 0.0414777657423487 0.00130000705747762
-0.218193285935697 0.177199547520879 0.0430557873008044 -0.0479906315238872
-0.262037753230048 0.0736415231017597 0.128435184392538 -0.0967959137238075
-0.190776090136024 0.016811053119631 0.302461023058032 0.135226022661144
-0.166326852872477 0.0849414266331619 0.186006659017581 -0.0167833328570678
-0.112625970407716 0.117790376452977 0.0480399891818587 0.0192240170229529
-0.0452184791958085 0.152830264615654 -0.00757106246834632 0.0911327814748898
0.0455853603404932 0.164831663987271 0.0825563307541418 0.174590804335394
0.11765979003713 0.129174984565488 0.17874965426403 0.142577054669038
0.152527171772245 0.0859243125231946 0.212491812663187 0.104730419531149
0.163510576171346 0.0719100945265781 0.217390365020121 0.0685308837477691
0.154636203633074 0.0752136017322629 0.191952232113097 0.0601761885538683
0.13703510760991 0.100114169877817 0.142439199796599 0.0566986373254275
0.0851622436461505 0.147524156474504 0.0906887961867421 0.06773434624974
-0.00408074817325302 0.14447211747341 0.0413533353211907 0.0428088669964667
-0.0599186884151716 0.106730691942814 0.0466769582837128 -0.0131302449410821
-0.118305415692343 0.0966655079264882 0.0771425526670801 -0.0600071711515756
-0.152843887455634 0.0624309624658383 0.202964363362597 -0.0955045081329381
-0.0563834233270531 0.0397286340426053 0.362632151448583 0.106853366583523
-0.0266258418382082 0.0480693494581138 0.225506216371135 -0.0363585572120974
-0.01000920932291 0.0242626033369408 0.074327902357413 -0.0158494795492944
-0.0230323058436805 0.0327809878210592 -0.00631914545710343 0.0750851261172122
0.00647374403771302 0.0542099486868525 0.0846789048692207 0.177509291021117
0.0386794310970908 0.0525359772606847 0.197970277164113 0.163024497695081
0.0639984821079427 0.0415826980989659 0.25379558779699 0.124399286150965
0.0711156354198818 0.0373564274270581 0.261026937946026 0.0900382380718525
0.0669850143583253 0.0400492481119319 0.223916742182919 0.086953228222788
0.0456573267525503 0.0526102428520522 0.151735120569374 0.0834132797827528
0.0061679998842912 0.0706549168954088 0.0813085553743276 0.0852818470064556
-0.0374373347128275 0.0410675079645549 0.017664009061145 0.0456658256335087
-0.016888046112127 -0.00533614957274456 0.0449999179816006 -0.0236332635198985
-0.00868223599912175 0.0324097062257648 0.0992891681235552 -0.0586219584845057
-0.0311188329007158 0.054497603924234 0.243279369065757 -0.086462637892131
-0.0690078072591414 -0.0416404157466104 -0.305381808302627 0.0760170605031774
-0.0884177095578973 0.00373023537164202 -0.140437228093058 0.0982984819427051
-0.0465485616807866 0.0633519051919645 -0.0451584990451336 0.0620630301082958
0.0259611915876736 0.0513069082271526 0.0312771860900948 -0.024119860426854
0.0377223566768815 0.0241278544339724 -0.0406217802613614 -0.107018616764195
0.0334668278746695 0.00425027701403004 -0.136971749406513 -0.122527701596032
0.0243846050343649 -0.000399036272919305 -0.224111853099845 -0.114601929700003
0.0343372400333484 0.00497827018780968 -0.279458522527206 -0.104801672250966
0.0388680802598892 0.0123350904294511 -0.276403637340727 -0.11544265024294
0.0609301225822651 0.0237039955022841 -0.215646743198282 -0.141249174396987
0.0648875020719622 0.0491643062458977 -0.118502750154921 -0.150875615856246
0.0280291679660962 0.0923919579617525 -0.0232927616553167 -0.0757441900614955
-0.074590618362166 0.111667681497636 -0.0969370510226811 0.0166605623242912
-0.133360317051474 0.0171701606041897 -0.218250971921196 0.0123127297576752
-0.10218916548234 -0.0467073677972724 -0.360753447820411 -0.0991934863378081
-0.18073116648154 -0.0540887641445576 -0.273686812246691 0.0821848324280743
-0.182737909890621 0.0207562297153335 -0.15030510740219 0.0759655326732407
-0.121736237978995 0.10758807823 -0.0632799464207354 0.0817705436189638
-0.0069798124707399 0.132652876515034 0.0370698947162317 -0.000122146615202076
0.0642557316470367 0.116421889922384 -0.0101389766430672 -0.0907585053851073
0.103867889207459 0.076360241016684 -0.100842549707824 -0.124143341475937
0.116697770358878 0.0483683386816084 -0.191787900336774 -0.113066723090494
0.140559713619437 0.0457988040699717 -0.241935260825934 -0.0986739199841747
0.144299344165946 0.0597741827467475 -0.23839643510541 -0.0980210028311398
0.162650859666098 0.0919238631249082 -0.18697084068521 -0.109057869589568
0.140858396938376 0.154156942138293 -0.10529182335776 -0.111547318580131
0.0500201132990748 0.215606287057351 -0.0112981302329745 -0.0459622690761524
-0.125270167447166 0.241549660146785 -0.0855613425431129 0.0443496788774956
-0.261950708681266 0.111025151457151 -0.201735595400086 0.0307461418194732
-0.249065993046965 -0.0195020238786522 -0.316523312669194 -0.0858522155167358
-0.276564788060698 -0.0654000809999013 -0.200280918167205 0.0973292953854101
-0.272069565267006 0.0343882696197244 -0.133092853262217 0.0517335674687549
-0.20246992343718 0.145006327885382 -0.0760591536535963 0.0896082933415966
-0.0537800954580287 0.213139531564056 0.0259013692873348 0.0271746022810594
0.0771382993212908 0.211088211335329 0.0144567877614794 -0.0502280516087218
0.161322383095436 0.150532430986066 -0.0494455356926636 -0.0982735540554927
0.193899293160645 0.0969744707111886 -0.130249752898082 -0.0902309628988189
0.225138030445539 0.0807861221295188 -0.167964444594624 -0.0781665164864307
0.22833791948408 0.0931056170956307 -0.163767619754888 -0.070338930201242
0.247904706449966 0.137032038485416 -0.1269479534034 -0.0700629998437407
0.214754092222992 0.229379129140768 -0.0700455031694637 -0.0664967432616957
0.0876220164584769 0.310294411362218 0.0088717203115552 -0.0206958037654647
-0.137429830899127 0.34839279990669 -0.0531784005640874 0.0550266914933295
-0.33738748828109 0.203057148894349 -0.152173349114293 0.0323106383316531
-0.351008521319994 0.0206991416836521 -0.22651713245189 -0.0807928080768724
-0.341501704678862 -0.067561274552762 -0.0859191876325035 0.122013354116458
-0.341142213309393 0.0550442670685967 -0.0745495681169296 0.0307475102668168
-0.266780611323868 0.183466989083985 -0.067902980617956 0.0849268189016836
-0.092469217547524 0.283015443258519 0.00860006639005481 0.0539687095252438
0.0838049836033699 0.287528846338055 0.0352585677837261 0.0117585262458341
0.200959512474028 0.209397857687962 0.0133702119607404 -0.0434912234799744
0.245442449200168 0.132656805391914 -0.0448387888120783 -0.046062962813063
0.275315298109182 0.104975378623955 -0.066736733524487 -0.0436831230952178
0.276329048844603 0.111777376239512 -0.0643411584385965 -0.0369040911447234
0.295408297817606 0.158069135735431 -0.0437047203225805 -0.0339741595423641
0.259964072926453 0.264869825111189 -0.0166833119226987 -0.0229579480293137
0.116174610204517 0.35301335287027 0.0329878268950555 3.47405563348457E-06
-0.124046191076334 0.394964165487692 -0.0136462454322021 0.0445634007584752
-0.354714186029164 0.25670691760439 -0.0814884813693215 0.0107717638452932
-0.39135941355554 0.0569098237523018 -0.105148207616949 -0.0847024225472137
-0.355253368262556 -0.0520622036108345 0.0569337001085534 0.145293288796465
-0.358508369610292 0.078409715843095 0.0175495529984296 0.013963453586132
-0.281918446930409 0.205498577875337 -0.0364554047246674 0.0690900076534019
-0.105095971474135 0.308481369238204 -0.0060906212912526 0.0797982021235641
0.0830222185487937 0.313988503182554 0.0556579702689511 0.0866484803713281
0.209920998604908 0.230432340841177 0.0811254377190054 0.0294797808005154
0.258032160288064 0.145216096585328 0.0533881346900048 0.0122558109382
0.282983768976198 0.112985817689473 0.0451479340139209 -0.00162677863845035
0.278883112657407 0.115426765420959 0.0426918850526803 -0.00279381853475593
0.291134089268429 0.156877681097437 0.04242619165101 -0.00123953787779077
0.249489558771359 0.258862108939739 0.0413884402393527 0.0148268129207385
0.105116652087978 0.332099348874044 0.0525254481059464 0.0170160381731805
-0.105879727890892 0.358162274808135 0.0205378627153666 0.0218860416717169
-0.314402594570463 0.249334622846976 -0.0102182733145535 -0.0234536360255175
-0.362739016876006 0.0747583821012622 0.0244217549035544 -0.0940174603255774
-0.307263746853695 -0.0217440754537878 0.201688002597256 0.156670147720123
-0.299310463338395 0.092959152224673 0.11677832559634 -0.00138986617233057
-0.226982609562611 0.187986284148412 0.00828536450974621 0.0483398964216973
-0.0846220320754698 0.265886817908231 -0.012229745484792 0.0974740022162317
0.0722768734171474 0.271931079523927 0.0734974998202984 0.150367086871648
0.183757523747808 0.20395701725798 0.144142253327993 0.101730879119358
0.228823437142878 0.129218427577056 0.148559691212985 0.0704233601833885
0.246819944242378 0.102726516383003 0.149750000427304 0.0404704872407695
0.237660531377325 0.104801784962486 0.137295687023171 0.0325844920553277
0.233263846219649 0.140709024248625 0.110666127510453 0.0300641470760699
0.182300487033837 0.220420477462424 0.082185675251861 0.0469811832572857
0.0536702448277279 0.256634949599608 0.057167589870402 0.0332062777165636
-0.0900529753459688 0.248860174019652 0.0407742065631422 0.000316709592968051
-0.233444248569387 0.185309998341147 0.0456651248636439 -0.0513171084973804
-0.280062407647029 0.0731693889396482 0.1368497336227 -0.099714277402816
-0.201951202434343 0.0143889021344572 0.319060620467237 0.148052210744795
-0.17754660114187 0.0862987315387549 0.195376057935797 -0.0159948526694433
-0.120960846890822 0.122675441162123 0.051212324201955 0.0209003740252205
-0.0507843350389655 0.161617242918525 -0.00941112089601079 0.0984209511247133
0.0468268230003384 0.175180682364459 0.0866204221601279 0.18555702015392
0.123597483196237 0.138563327628261 0.188709464873257 0.152574357687712
0.161612723353929 0.0918318912102732 0.224763963197464 0.114016570026309
0.173723534705085 0.0776017361141364 0.231957555170367 0.0749962647609571
0.164220429925452 0.0807473660821204 0.204178861572284 0.0663232369481258
0.14419848297468 0.107518274377409 0.149871295148192 0.0617464977398764
0.0899147644243291 0.156264070417644 0.0955406418054049 0.0732766531964048
-0.0060073591040621 0.152386680334488 0.0431303374639097 0.0459068310474876
-0.0658547110478341 0.11174230195225 0.0468163257290339 -0.0148704546278619
-0.126606862059933 0.101574436193235 0.0817744584728995 -0.0629408366064672
-0.162924935981706 0.061877824250128 0.216866466882926 -0.0966669016568288
-0.0600076178635961 0.0398798437709979 0.384687152232133 0.120416279300433
-0.0288767065736024 0.0491593980210003 0.239750459962039 -0.0348356530042802
-0.0109669386149855 0.0252601717244607 0.0788984431216177 -0.0162267236712013
-0.0249985794017066 0.0352921612409934 -0.00778402824751842 0.0808664437551052
0.00614330087970499 0.0569437389387525 0.0890191050906665 0.188951825182777
0.0410163296604201 0.0562153652333699 0.208474224543163 0.174347952446921
0.0679717521743572 0.0443028741573894 0.268613790236647 0.134825826687732
0.0755916981655503 0.0399379605389127 0.277965809638123 0.0979276841664441
0.0710204490362665 0.042846328343454 0.23735506446494 0.0947436406856721
0.0472228606922669 0.0566539408904396 0.15944947258351 0.0901960194388454
0.00670546861550821 0.0755121853245047 0.0845875220860414 0.0907709291752127
-0.0395684639584755 0.0435791592316157 0.0182728166410437 0.0484560672600538
-0.0188666413751077 -0.00614129490396902 0.0457093284111573 -0.0257306793752501
-0.00963356356167437 0.0338189299145406 0.105595650675856 -0.0597114541355843
-0.0338722553232597 0.0558099655773624 0.259154530980876 -0.0854854888629738
-0.079555679282143 -0.0352630117280057 -0.308859291808208 0.128863276089312
-0.0929061390484133 0.0152520150866624 -0.130080307219201 0.123511586272624
-0.0385191268625841 0.0731317173569303 -0.0359770357181897 0.0689494594121911
0.0345327641405844 0.0502210696862062 0.0270059821676329 -0.0337446534268403
0.0449853405151019 0.0197408181975121 -0.0628683173067251 -0.10579360644555
0.0362808965357536 -0.000189337442160424 -0.167234480737521 -0.108173271792914
0.0266448823920209 -0.00357875483299187 -0.262096426139408 -0.0848159225195568
0.038838084538489 -0.00124058576070082 -0.311111057677628 -0.065879758154413
0.0454575900328107 0.00585566742256192 -0.312747447245622 -0.0801320724428962
0.06960199340156 0.0137339064481094 -0.249986239654758 -0.115222497412921
0.0769480631494285 0.0401750152077601 -0.150454067287994 -0.142814830541035
0.0431530180315264 0.0935348410507607 -0.0374211309755906 -0.0801713403178434
-0.0591853416195348 0.128409338442403 -0.098471771561568 0.0328545426854114
-0.134355874973886 0.038323994104138 -0.227969269048867 0.0482072774381395
-0.11248429255023 -0.0312342581977685 -0.399024477445982 -0.0552644347001596
-0.202339056924623 -0.0287567167564359 -0.266682565870858 0.123535105284638
-0.189875160679284 0.0469560850376876 -0.141888742477926 0.0985512934770681
-0.111868368404404 0.1303175352863 -0.0486045158345039 0.0881700985921033
0.0114338931658219 0.140578543000838 0.0379428966165549 -0.0130018233474135
0.0857577863718298 0.11242249472163 -0.0298028367120392 -0.0985758581895839
0.121683413968558 0.0647938909307865 -0.132477371452328 -0.118662318967625
0.131137725803223 0.0337449684965632 -0.227808729176833 -0.0903017456536585
0.157128917319851 0.0259772773415 -0.272210210684271 -0.0650685758135481
0.16364100032089 0.0388440062429281 -0.269845254198685 -0.0667673678633607
0.185994696517741 0.0703437235018435 -0.2143797245245 -0.0877358991954921
0.172518609407345 0.137558952161173 -0.129544933362631 -0.104545743330445
0.0838236026613913 0.21876671349396 -0.0193973675101467 -0.0530257933913029
-0.092198970811051 0.271755301313642 -0.0801658430822217 0.0593761760380616
-0.25489071690295 0.154852251289418 -0.205819877936732 0.067431795443357
-0.261683060229839 0.0182085661396618 -0.351536326936857 -0.04678068257735
-0.308540902771068 -0.0244987672165222 -0.178438308044689 0.123366612317227
-0.283437552045053 0.0745990653146465 -0.125130963674376 0.0675929986707274
-0.191425893285879 0.182440880321986 -0.0573316747702534 0.0946424552181745
-0.0269458537833849 0.231763237178388 0.0337104137822013 0.0137036816304077
0.112227941566202 0.2096220966503 0.00204907534427344 -0.0660000416446618
0.193825763000923 0.134554386002975 -0.0779197413497683 -0.103773768591298
0.220484517043459 0.0735640274156426 -0.159902833753314 -0.0793053256907343
0.252339102000886 0.0498545146461459 -0.190987131423155 -0.0544979799684055
0.257517943586367 0.0607015894852896 -0.186267650515892 -0.0491849463671508
0.283460585516127 0.103556712293357 -0.144806669493963 -0.0575371414714239
0.262511526025215 0.203969435035788 -0.0857390748390996 -0.063075774062204
0.136958664946678 0.312525046462404 0.00677063718089702 -0.0307505017958052
-0.0878175590865017 0.385573362651857 -0.0425991452581549 0.0639300811414747
-0.321563084319451 0.26301060491974 -0.150601512239785 0.0632981250916365
-0.362654015062477 0.0748487874760007 -0.255909891322941 -0.0525469005020893
-0.379427658175601 -0.0145005156507634 -0.0476166725975668 0.126068781207182
-0.354933011571776 0.106601577326838 -0.0654684608742148 0.033527308801683
-0.254604476044789 0.233043134695626 -0.0476569892942662 0.0836085106248876
-0.0576034960790744 0.310867436265801 0.0217542144183136 0.0412350840254895
0.129671141233373 0.289537937364394 0.0343156863940634 -0.0078351129982895
0.243479303655385 0.190794608333944 -0.00504489359650895 -0.0586063549069327
0.279916628045513 0.104628958871083 -0.0611695139091059 -0.0478419282160395
0.308378395120984 0.0681547028830854 -0.079699045387856 -0.0346999627141149
0.310055236813613 0.0725413823294883 -0.0748239353072454 -0.0300811258583465
0.335929519116046 0.118288954865571 -0.0511216755948754 -0.0321035814252061
0.314227092491026 0.233998047781825 -0.0220903339095136 -0.0257298600800901
0.172575566105601 0.353621533885928 0.0354611904280954 -0.0130530170617511
-0.0668148175747968 0.432365574102411 -0.00268451509376677 0.0461830681859816
-0.329759642804175 0.321772936459151 -0.0789929044022705 0.0298129586703988
-0.400668406425664 0.117288727938721 -0.127070634271801 -0.0734970414611698
-0.392834202177128 0.00502029827090365 0.110097975855549 0.126210582333207
-0.369912677550351 0.136203561544905 0.0301731016459667 -0.00134586635546047
-0.267822645827877 0.259234606610823 -0.016982575443963 0.0597109519278508
-0.0683714016156814 0.340533739845097 0.0109722164812206 0.0705294463859576
0.132144584200406 0.317819260373947 0.0680616181223803 0.0651504567896246
0.256301221141208 0.211443690764829 0.0788015730907483 0.00695892769214178
0.294497469099612 0.115890432752168 0.0544007229704158 -0.00273582035036771
0.317350032803294 0.0754065472639377 0.0452769680819233 -0.00836345604683374
0.312814064170851 0.0766089153744452 0.0448323418934168 -0.0101055864736471
0.329228964893739 0.118860329457761 0.0451968434751327 -0.0113005645142876
0.301735381933168 0.229814376788782 0.045919028926751 0.00491062977551095
0.15845805818401 0.331865432712929 0.0597081419617112 0.00330727274717948
-0.0528688007143117 0.390072879244069 0.0290635302584422 0.0171840415496927
-0.290552600727147 0.307221441717576 -0.00949366001426268 -0.0174855047064179
-0.368741420068358 0.131745078897617 0.0102289374980903 -0.101683441232497
-0.336957039635073 0.0296741282081865 0.262887555808167 0.115152787629499
-0.307268547631565 0.143047057539954 0.131533746573888 -0.0320562016832123
-0.213424349455957 0.232717800544472 0.0241364666345512 0.0320449667199239
-0.0538285975950446 0.29212191903079 0.00780541671109965 0.0930556981074414
0.112889865331929 0.27629357349565 0.100070054921694 0.132239257482673
0.224321342985879 0.18776695765536 0.158657605637155 0.0742345553305116
0.26079667419102 0.104106307249013 0.168192856836191 0.0428152211439682
0.275959931123059 0.0711037197776811 0.162981314557713 0.0187787045369795
0.26742664566747 0.0726684677277847 0.151423416165425 0.0122388841232617
0.265615368236762 0.111620759402412 0.122271888476464 0.0118861788532548
0.22524921425175 0.200460286126104 0.0947945926402072 0.0331905827951485
0.0941067065473927 0.260459180963287 0.066973432392479 0.021486092099784
-0.0545909653450386 0.272783684874043 0.0450532943791744 -0.00834069734923191
-0.216025211713743 0.229093410509357 0.0432967296841452 -0.0572423984408255
-0.282941092865615 0.116732721211324 0.130336402210587 -0.124507180558411
-0.218573505606786 0.0499433308647087 0.378431031500464 0.0911721791481722
-0.178104604796561 0.118224106645731 0.20858645845624 -0.0563150663588947
-0.111491982776836 0.148818008576043 0.0610967443551012 0.00254202562041159
-0.0326145907835091 0.178108294030301 0.00968351650077352 0.0985928739140068
0.0712694101766027 0.177799469081962 0.120685601705664 0.172347589762316
0.150093545574198 0.127966126654119 0.218760292058998 0.124242936246128
0.184032949853669 0.0742565265076159 0.259825606255232 0.0789660415626694
0.194867443517736 0.0559425385744106 0.255135524251408 0.042399358983857
0.184893163503601 0.0601580400317226 0.228267291535919 0.03742317899826
0.166533768409633 0.0911118652928416 0.16853968616776 0.0404623614168471
0.118096457750733 0.148633358501148 0.112610134980515 0.060658381238531
0.0154505087982692 0.160595138340619 0.0540369322911354 0.0391049906471813
-0.0510799824922572 0.126264090702764 0.0468887650663024 -0.0238946983952757
-0.117738718611138 0.124591493074389 0.0787576443640388 -0.0766838243949619
-0.162365864516255 0.0873434567362433 0.216617631633672 -0.132120269840585
-0.0609995160962718 0.0540965880159676 0.435288907662981 0.0573458382506018
-0.0251983973341869 0.0574634393279653 0.248756700917186 -0.0773462638689913
-0.00924294898877622 0.0288551406370667 0.0807263675057251 -0.0319040995684553
-0.0228588513837548 0.0409823302305759 0.00809988961251547 0.0856172515186951
0.011622046185447 0.0597108326847816 0.126266838255159 0.180917808394383
0.0502677329416109 0.0532130346253665 0.248577251177253 0.1483358240233
0.0780114835672491 0.0369856890352255 0.311926850788587 0.0961385149269381
0.0852094052375667 0.0322001305060443 0.3086138406967 0.0593347670769599
0.0804590440889562 0.0351106042699531 0.268816810003025 0.0625922501182574
0.0561307724904239 0.0535522616864149 0.183336566865925 0.0705935833248373
0.0185898599370564 0.0781786400435777 0.103609947235548 0.082543467099556
-0.0354661958335758 0.0518009387899991 0.0276468301183432 0.0487298000464326
-0.0218897437555823 -0.00364657933709957 0.0427839052175692 -0.0354084135655302
-0.00603230072584874 0.036450641666698 0.103307306156463 -0.0794827480540922
-0.0285729512105732 0.0612097809315098 0.264867380779189 -0.126558470106844
-0.0846977398997372 -0.0283264072791332 -0.309681276449253 0.156045919140413
-0.0923712166993256 0.0238351372630888 -0.124733894867162 0.135802833786709
-0.0325395007435049 0.0774137690700387 -0.0298916333711705 0.0741478274906194
0.0395499299627487 0.047444948880279 0.0244482017772417 -0.0370539821525664
0.0479567471689726 0.0159676594578969 -0.0724358723520122 -0.102403174782088
0.0365638123509874 -0.00318365985253177 -0.180741554615389 -0.0971379356184096
0.0267946436794103 -0.00551325337067297 -0.276477932081806 -0.0648868990216144
0.0401102182050653 -0.00495717657152301 -0.3269581829308 -0.0407949211447896
0.0485559577291947 0.00207852976689379 -0.329486998999183 -0.0550342543099501
0.0734002903134117 0.0074941414473654 -0.267315375410378 -0.0976389697244167
0.081707716168725 0.0336334845921293 -0.166823973788939 -0.133682809140877
0.0519882100217336 0.091701940146408 -0.0460882593012646 -0.0803896122765563
-0.0489066063105895 0.136793884171577 -0.0986617254063153 0.0415651229272527
-0.13395827870822 0.0513655024320497 -0.229852900802584 0.0658553327740673
-0.118263715589586 -0.0225729895504783 -0.415136707827412 -0.0254202445969707
-0.20975015303874 -0.0119077331201563 -0.267101526947758 0.147497675154172
-0.189949426147853 0.0647692103742657 -0.139889003878504 0.111304512250829
-0.102284585815886 0.142029547164809 -0.0405400887783109 0.0947332927388467
0.0236166130271924 0.142041803492078 0.0374452878948168 -0.0165235163312817
0.0979378920478564 0.107186623262155 -0.0375650338129711 -0.0982822777139796
0.130016403024624 0.0552715429430168 -0.146371678056841 -0.111066168985519
0.137716454418293 0.0234851096209226 -0.242461173268608 -0.0728596572397176
0.164570991601614 0.0124405256964406 -0.285914174921712 -0.0432828479720765
0.173765544184729 0.025776032980276 -0.284231706597774 -0.0446399643143871
0.198403040511731 0.0549525747752415 -0.227881602124816 -0.0719224080513522
0.188403425226358 0.125697798205251 -0.141417012293854 -0.0963672016275847
0.104222541482454 0.217460683224532 -0.0256455272805766 -0.0534054322767348
-0.0710997541806054 0.286310448353603 -0.0789659835861438 0.0674206911050226
-0.248245570313038 0.181642546047811 -0.207225913940712 0.084057328726936
-0.268976271119513 0.0407219654643858 -0.367441367189728 -0.0201417515330017
-0.318234999618359 0.0021096757882428 -0.176483768747715 0.139455671239398
-0.283808320279178 0.100362996861419 -0.126281944221573 0.0780027437193068
-0.18083051269694 0.202382794642416 -0.0490364807441435 0.101633414292534
-0.00654670355213703 0.239055693951316 0.035003853373211 0.0113329683219267
0.134193523920222 0.204862337747407 -0.00166847200846301 -0.0675840284231018
0.210406205425991 0.119838806727554 -0.0895660085003482 -0.100143374172199
0.233857087921378 0.0556324780084323 -0.170173057428464 -0.066099464728358
0.264946738810954 0.0288248165968504 -0.201692386852665 -0.0389673047355957
0.273214605460064 0.0401743852463354 -0.19661672611554 -0.0333614853026393
0.301558692855587 0.0816135995829832 -0.154310609100175 -0.0468405474119366
0.287257687120389 0.185030493045661 -0.0919747600198188 -0.0576194225158646
0.167695433874144 0.308626450776084 0.00300370184819209 -0.0333887416950307
-0.0574943983316651 0.403114670755035 -0.0411366484087159 0.0691912200164273
-0.306578560539849 0.298642458702832 -0.151852719646665 0.0754172907322964
-0.36870354456258 0.107176376923108 -0.268476436437464 -0.0326207342449921
-0.390526952168639 0.0178088785662762 -0.0417066768420088 0.133710515332251
-0.353876543295326 0.13939211261026 -0.0688660984038289 0.0393593403105769
-0.241229486937744 0.259534096125758 -0.0402981829105133 0.0892318655568475
-0.0323315399209436 0.322968786768148 0.0255103669362156 0.0411211975860389
0.158684833104959 0.284857048936743 0.0361660044771754 -0.0116778313745875
0.266779287729512 0.173631851156072 -0.0104760789134917 -0.0608853780007687
0.296949302093101 0.0816629651383622 -0.0667427914031416 -0.0427205257918073
0.324631858663317 0.0415819237333744 -0.0849331696676677 -0.0282291511447453
0.327655550930501 0.0470255051169908 -0.0797618934125585 -0.0242639197354779
0.357275428545021 0.0917519988535933 -0.0558463870670316 -0.0290754540963359
0.344160031739894 0.21184041691086 -0.0228553284146034 -0.0244755912700036
0.20833167575795 0.346855057091646 0.0344096902179191 -0.0175862484305466
-0.030860996241619 0.449450835610112 -0.00218198992237459 0.0471881269924225
-0.30956251985058 0.359244752141665 -0.0810031071808416 0.0356715401907328
-0.403720326616244 0.153825145171966 -0.138076542345941 -0.0637512295059001
-0.403170116572943 0.0379652824162179 0.121004711152646 0.119788920051348
-0.368873760835436 0.168212629936255 0.0259446700491294 -0.00351368158080806
-0.253995465153099 0.287734810353154 -0.0113353632339494 0.0623589829066243
-0.0407872098650392 0.356291457195264 0.0172151365645696 0.0716033563909639
0.163433518956418 0.315171751521495 0.0772978452608202 0.0607054142174535
0.281664932050977 0.192749875039329 0.0810256633402228 -0.000574732928676868
0.313929884473434 0.091502303043444 0.0565420938369433 -0.00702860176773264
0.334155748694533 0.0485118386864383 0.0463721885134119 -0.0122481514406754
0.330309398512124 0.0505066422513489 0.0455068569637729 -0.0142758600060136
0.351031524899877 0.0929217198530384 0.0446304778512924 -0.0159990319143393
0.330996929959707 0.207075304809269 0.0494726520826572 0.00118124721697375
0.192143876658784 0.325818153590574 0.0603829434414584 -0.00192381853186953
-0.0218345620730506 0.403908456510314 0.0273690325782248 0.0148560439717094
-0.270541584538906 0.340389450085468 -0.0138150586835912 -0.0183873435414765
-0.370583714876979 0.164748149685149 0.0010536662707363 -0.104030410947693
-0.344775231094664 0.0580331515153925 0.279007462509206 0.096081716651612
-0.303681903630822 0.171916406707426 0.129066302447382 -0.0432970857243221
-0.200184368436164 0.256202992846441 0.0283420281922493 0.0305160039771601
-0.0307114419475486 0.306112094112475 0.0157717098254268 0.0957515807447989
0.14024570436175 0.274296360743168 0.114872625378873 0.126567825012966
0.247416925529442 0.172196854887311 0.169451235831811 0.0618397378987534
0.278901628516357 0.0832726793974409 0.178025772762073 0.0304328506587747
0.291188742040264 0.0484232401691388 0.17055762140291 0.00514030259461831
0.282436528558564 0.0509844160811622 0.157827964117943 -0.00160675311611397
0.284138035686999 0.0914347313759162 0.126387747284893 0.00137736882559934
0.250034821865975 0.184211356456173 0.102164994531394 0.025643848053961
0.118897902624219 0.258745332255921 0.0700478135782348 0.016627716112089
-0.0336883034063247 0.283516051749789 0.0418197260572705 -0.012256643155646
-0.201960605136661 0.253097029220288 0.0371805691467306 -0.0631826012303511
-0.282685184629707 0.141850859742406 0.123504535002922 -0.136499911275338
-0.22117031968344 0.0688853954850936 0.398025492512746 0.0619520214948427
-0.173408990507818 0.134392031719145 0.207586753424367 -0.0739575776307184
-0.103349293166837 0.161214106138636 0.0634445782969969 -0.002611359702526
-0.0186215232862308 0.18653127817213 0.0184812361348744 0.10194566162657
0.0886498098598997 0.177017454880032 0.139429682873366 0.165763196050456
0.166250444504479 0.117667669190775 0.235709568303379 0.108402362869943
0.196699116214482 0.0589616185330147 0.275063231567915 0.0582935948895905
0.206072491156139 0.0398687699436958 0.26740039363719 0.0203398770594809
0.195847216931872 0.0450740980120237 0.239135939429382 0.0179231707631484
0.179307401434427 0.0788930304571687 0.175591440302334 0.026936453384862
0.135057288677587 0.142173075907128 0.12148716594558 0.0522706063141477
0.0298296239708438 0.16276075419917 0.0588843625021813 0.0359882184509078
-0.0428949139701636 0.133590770600715 0.0424180289276029 -0.0289990402546563
-0.110033074807791 0.137614382059086 0.0727604188999171 -0.0848687474270043
-0.161003882715864 0.101979358906548 0.213080130930733 -0.151511980011343
-0.0584788080297032 0.0593079335651179 0.454147133781469 0.0236683889791515
-0.021611934893355 0.060058100648321 0.249148138011945 -0.0984002472412557
-0.00771780516404461 0.0301644058977204 0.0805987721023495 -0.0395815055953088
-0.0197059863718069 0.0446139513835287 0.0160621253153822 0.0885846221560766
0.0166721004302741 0.0605556106002815 0.145627482500304 0.175019732321765
0.0573406480859739 0.0499273916651493 0.269086487882464 0.13032044248869
0.0839929081725632 0.0302015084158025 0.331218035717563 0.0709862586715013
0.0907622480706467 0.0250317055572844 0.32381976801709 0.0333077607782676
0.0852401316407719 0.0291942019858114 0.283432394285738 0.0404852332061395
0.0621987090269046 0.0504163624788285 0.19296128554235 0.0574572339309836
0.0266465056743235 0.0783575258021438 0.113684666926543 0.0759844625694488
-0.0319227224868993 0.0567285229291209 0.0324852782528071 0.0481052354052734
-0.0236861489297444 -0.00159647760976717 0.0382456359355286 -0.0409067873401678
-0.00360743914026912 0.0378368416977955 0.0987968836218099 -0.0891999821861243
-0.0243247345895024 0.0636420175493902 0.26344151128125 -0.149651795308433
-0.0842877815107936 -0.0201020140625535 -0.293537206993672 0.175518493693559
-0.0874004186468346 0.0309988987055037 -0.112205799050668 0.140085235159488
-0.0250764046325965 0.077595086532393 -0.02187954249216 0.0740317368880586
0.0425147344452328 0.0422402543927658 0.0203541729701732 -0.0382803223042831
0.0485422335591064 0.0112106285031074 -0.0775033186178302 -0.0935391521616162
0.0347623665096083 -0.00547960767884155 -0.184294124471502 -0.0803061675785229
0.0251674777827207 -0.00782565976288627 -0.276000616103679 -0.041147251099836
0.0394666710214591 -0.00764389006472373 -0.323225402985934 -0.0132816185878825
0.0488256406040617 -0.00220121766890424 -0.327114806390628 -0.0269633276902562
0.0727261018883012 0.00085775455281164 -0.269032937924676 -0.0737298569016288
0.0815925651592807 0.0257064353165958 -0.173628616721241 -0.116878017324062
0.0575057799172853 0.0847199807547367 -0.052691500447873 -0.0756519927262397
-0.0365457173555519 0.137480465181363 -0.0932819088324223 0.0483480119167434
-0.125983154661165 0.0609033596861528 -0.219625814824107 0.0793920105531092
-0.117924414558194 -0.0125960229054474 -0.409966517673547 0.00464966194997875
-0.205148303077863 0.00608112114013879 -0.252465717025825 0.164195223482485
-0.178423426509081 0.0776823980333701 -0.130873834632415 0.117991301022352
-0.0877056726695717 0.145065385448833 -0.030686451232669 0.0952961557238008
0.0341090245442855 0.135262465733982 0.0349727197244359 -0.019540596429479
0.104475465082963 0.0955216671276478 -0.0435998748296441 -0.0923181379222856
0.130079069537325 0.0432548209228588 -0.152182210733412 -0.0969306758774928
0.135971406339591 0.0119820143548444 -0.242431737189688 -0.0518815454687062
0.162075995440992 -0.00109937197130084 -0.284074854936679 -0.0193628376370551
0.17381670911628 0.0110887084179182 -0.282799834846134 -0.0203117363869117
0.199211593705795 0.0372473538700837 -0.228961939299597 -0.051886239133247
0.193377622907627 0.106589710606005 -0.145012152220562 -0.0823188736197225
0.118637172926122 0.203728062683034 -0.0306790510932323 -0.0515462077795949
-0.0458673627972131 0.2853150337923 -0.0729953159246501 0.0713453445920027
-0.226800860244161 0.19660737387887 -0.196688247758353 0.0957514247414864
-0.260976295959792 0.0600766926107242 -0.361885504904892 0.00874258812658165
-0.310242436327428 0.0277598519255948 -0.164977233619685 0.149919146209028
-0.267867799178156 0.119745008875871 -0.120773098765003 0.0851726800109439
-0.158957506132437 0.209693331624848 -0.0387593481835494 0.101864451241649
0.0122461969049124 0.232742060750996 0.0345616322568402 0.0080128862182017
0.147807727387492 0.187081984570353 -0.00603025851484586 -0.0661789448079958
0.213784984362059 0.0989506032045353 -0.0958167823387954 -0.0910613959081427
0.232599523156611 0.0349314865810813 -0.171309728481954 -0.0504938966063262
0.261991286983587 0.00602574820456288 -0.200831443223855 -0.0211105729308808
0.271628805246078 0.0159503863692183 -0.195398108323683 -0.0164033956374826
0.303038342993994 0.054321966139482 -0.155006317551835 -0.0334748684230294
0.296032193195973 0.156336871765303 -0.0933853984714201 -0.0489595526634857
0.187473773769899 0.286789971763319 -0.00131124402641188 -0.0337621313387426
-0.0234401615037659 0.397878570279791 -0.0373871147240264 0.0711362842952933
-0.274408028239907 0.315296048543999 -0.144507828208539 0.0832681424173023
-0.35385924319998 0.132140828700144 -0.266799489256975 -0.0102657233159795
-0.379716345189715 0.0485944685985321 -0.0331342734813884 0.132894704754305
-0.333675366749289 0.163063467944081 -0.0681480638634904 0.0434878776078359
-0.215012852134699 0.271084589624858 -0.0310737601721684 0.0896360153931169
-0.00523525747107246 0.317456718587081 0.0276377390312229 0.0380888108467836
0.178671101688132 0.263612276006455 0.0354387513368085 -0.0151189686614486
0.273917153556304 0.145196945137485 -0.0162399652058962 -0.0599338188329889
0.297295523040867 0.0545214933613927 -0.0680565193442352 -0.0353671458217871
0.321385208376817 0.0134072819390191 -0.0849462055525198 -0.0203235251381348
0.325862215641787 0.0182075440779549 -0.0806146213531483 -0.0162185587079627
0.357906553770086 0.0597198752257531 -0.0576576709689854 -0.0246925162862172
0.354061364646812 0.176031168829736 -0.0221961646854525 -0.0231286576745138
0.230975145706089 0.320574402158881 0.0309101335039948 -0.0208612606408587
0.00386219919342739 0.439712999491197 -0.00153046483969739 0.0464294823008903
-0.27271162355645 0.376001792873005 -0.0794708598428547 0.0396624429581995
-0.384573397104828 0.180710973868627 -0.141600566282658 -0.0511858281946207
-0.390544146513745 0.0691454124993683 0.125070541933896 0.107133483692368
-0.345904499275871 0.192835380379949 0.020645891610953 -0.00544266488528622
-0.225145692172857 0.299332538793983 -0.00598594912851085 0.0605225405605736
-0.0115588500569252 0.350618656465166 0.0218217000819615 0.0691029001721177
0.185702806150591 0.293692186435799 0.0812285883783021 0.0516246761344219
0.291406172519469 0.163983812133979 0.0790672150344326 -0.0089142389926775
0.315027790960205 0.0617986975989118 0.0555440247601774 -0.0108629115868582
0.33139370943751 0.0193191936484878 0.0451623871164622 -0.0158075654085089
0.328130440915979 0.0217565528620995 0.0436863214483624 -0.0178860816152899
0.351472314797338 0.0608033743195079 0.0417206173027077 -0.0198664840151439
0.341191828404053 0.173189500454129 0.0504901767067718 -0.00310255352950562
0.213556489643175 0.301502616310582 0.0582631997212824 -0.00743056534363744
0.0105197429126687 0.395457376521791 0.0236664150026516 0.0129718189117407
-0.235510592355342 0.354974949910345 -0.0180540388187387 -0.0173431274627291
-0.350832080715929 0.188608166119637 -0.00787801474215401 -0.10001276281931
-0.331788557007202 0.0842381414033223 0.278660204498008 0.0715331125842339
-0.283710701071025 0.189205075392046 0.119148258763257 -0.050715082587276
-0.176168907213688 0.264528264681473 0.0302993598587391 0.0268236249607975
-0.00579353698767709 0.301722910645145 0.0231188538962714 0.0927636712499614
0.159364995176901 0.255925997523867 0.122615616846975 0.112788128117484
0.255683889779361 0.146882827120095 0.170740921109181 0.0449035904053672
0.279525948788891 0.0567995476930783 0.17709768729888 0.0149594549264675
0.289563082774571 0.0222707040583918 0.167861076404144 -0.0092550088015696
0.28113785294114 0.0259475400591973 0.15436767300277 -0.0145041039685861
0.284712705869836 0.0652042146142155 0.122863153067328 -0.00941761826678011
0.260087374520795 0.157561696466783 0.10289253598805 0.0166006205701772
0.136782886877322 0.242079886997711 0.069512444729277 0.00990538398629068
-0.0109395105396738 0.278926622207023 0.0357598513277131 -0.0150306113536076
-0.175258928690193 0.262644559979466 0.0291407675374832 -0.0640930869223406
-0.266393021152502 0.159509255975623 0.1101317487918 -0.141373591680368
-0.210976192558152 0.0832140428003963 0.393791579400371 0.0302916485844483
-0.159890899511179 0.143493490608324 0.196011226134969 -0.0864953209576085
-0.0890428864891324 0.164318939299405 0.0613877506896581 -0.00752342970693121
-0.00392798990201168 0.183989226376145 0.0260193364141883 0.0989622132600862
0.100844330448153 0.166093964337096 0.149755058220268 0.149348453958754
0.172712455865688 0.10104580984371 0.239334591951521 0.0850981283572154
0.197993752691924 0.040719157026556 0.27465700151896 0.0341812048099579
0.204991447344018 0.021031491336758 0.264323303577279 -0.00165411568198527
0.195459334297878 0.0277832928035279 0.235823323653565 -0.00254862318556094
0.181544452900818 0.0631948548899243 0.172939122898559 0.0126752770164287
0.144553734025312 0.125784569704153 0.123722954842949 0.0409532914567079
0.0421677407120995 0.156746459096168 0.0599892788332313 0.0298197277596876
-0.0326836282130893 0.132885310238016 0.0359635435997562 -0.0307474353866809
-0.096011792871251 0.143067890893282 0.0628524955002754 -0.0876035622841862
-0.150304564935 0.110134253103416 0.19727127878142 -0.162717246122217
-0.0533713122530898 0.0609224173459555 0.447451257658382 -0.0130846854698921
-0.0173325898792361 0.0588071255381656 0.235435831437257 -0.11333778469121
-0.00579646321998342 0.0294976707900413 0.0753747478354682 -0.0442415039925109
-0.0155347956852144 0.045966022728099 0.0232501954317277 0.0861044190806582
0.0210698976199552 0.058302263127552 0.156624691950367 0.15845676062184
0.0607825151293052 0.0435808188499516 0.27485417088418 0.105044202816529
0.0850778974909326 0.0217956693482849 0.330087805053672 0.0421028609479581
0.0905425255351066 0.0163180831186283 0.320384247731941 0.00641798910845432
0.0854285994823795 0.0215290894029392 0.280871164596256 0.0145276536804879
0.0648722543436562 0.0453081221417651 0.193008044770664 0.0412739735351367
0.0336063357265587 0.0739767097856412 0.116756388466759 0.0645588139120925
-0.0262370996548686 0.0582531003124672 0.0354726961092485 0.0447233459983991
-0.0243768738978825 0.000522833413282943 0.0313798793002098 -0.0423508378068326
-0.000757211007621923 0.0363013153081347 0.0890995093025885 -0.0938443486953303
-0.0195168744385143 0.0625086753815143 0.247624955042127 -0.164855374590443
-0.0798538747745844 -0.0145508196551265 -0.274844521142362 0.177116768876817
-0.0805838980713634 0.0331913185253728 -0.1030008724025 0.135668974118837
-0.0205383456840062 0.0738731871779187 -0.0167945361005097 0.0708577098018918
0.041780294824442 0.0372344925913411 0.0177856832479807 -0.0377705438260023
0.0471129247674371 0.00794656808749385 -0.0765626304781995 -0.084891020071071
0.0323964832587493 -0.00558972568980209 -0.179334135936053 -0.068841248311848
0.0231835431678008 -0.00736885909758682 -0.264922164016131 -0.0272491311313079
0.0374159084965531 -0.00900148998018742 -0.309423337930065 0.0013868079599914
0.0478018455199669 -0.00409344646207454 -0.312310330708283 -0.0113740676410596
0.0696648138732041 -0.0026023064900905 -0.258878715658357 -0.0600235735928897
0.0772347412322653 0.0208309153971645 -0.170153498669274 -0.104016318518177
0.0581907722583165 0.0779796523755945 -0.054722202817472 -0.0704892080529466
-0.0276609403533916 0.131509666737419 -0.0869575098270538 0.0491735364505536
-0.116038262001376 0.0626267528925967 -0.206039891973017 0.08174671442359
-0.112351431697137 -0.00662170243972772 -0.391970360858562 0.0200575294470118
-0.193260764277784 0.0153347660041799 -0.236855450329968 0.165173682723181
-0.164879453814328 0.0806079679365079 -0.122652247834688 0.116049889602841
-0.0772289056217843 0.140871487652612 -0.0239093058759332 0.0905805697538527
0.0380419887273197 0.126204178411339 0.0318578797991485 -0.0197220536967739
0.103589869254889 0.0853159530839535 -0.0436183909092877 -0.085531990240206
0.125368375887166 0.035619671484373 -0.149107125116912 -0.0860561690479335
0.129692866998944 0.00556540056245896 -0.232985865353246 -0.0387599699440461
0.155494973167863 -0.00832693179908008 -0.271522621102319 -0.00532025118830805
0.166927934882937 0.00227631873103444 -0.270102626829975 -0.00666391064901935
0.192089062090393 0.0267363382908968 -0.220491866156331 -0.0408812760304069
0.187885865340406 0.092560409300197 -0.140797473633201 -0.0728051555204908
0.12023865068952 0.188226335148217 -0.0324611627514705 -0.0480429886435883
-0.0322010567090652 0.272259828060496 -0.0675790041642929 0.0708959071510742
-0.206293313757419 0.195707386656711 -0.185141868454272 0.0962382326082833
-0.24724572723596 0.0671484146206279 -0.346126979639786 0.0220751992942906
-0.291973934932627 0.040235108669057 -0.154375726917212 0.148610062302979
-0.248106238436244 0.123785141466342 -0.115485267951026 0.0863956420434464
-0.142626074503669 0.204219226791808 -0.0309749028237329 0.0977697306584039
0.0217049299099784 0.219281773915553 0.032492550536344 0.00614085872689065
0.148801145520911 0.170141216426431 -0.00741271148649373 -0.0634221086846309
0.207480154755189 0.0843664396494466 -0.0957201318800052 -0.0838183871761017
0.222540054819421 0.022620420221023 -0.165483751175497 -0.0402843089320406
0.249971655286394 -0.00626467850556623 -0.192489819968016 -0.0111331450670611
0.260692741401978 0.00294551345040267 -0.186963302558911 -0.0071326489827422
0.290885377206112 0.0381676895403934 -0.149281014070726 -0.0266980057881717
0.287662026670534 0.135432862073393 -0.0890568706142607 -0.0433200918833086
0.189539611328851 0.263880698829272 -0.00436500297388712 -0.0327757137499349
-0.00673435623283422 0.378140517062219 -0.0355790252169741 0.0690752645595353
-0.246480179462752 0.3114036641111 -0.13681802511853 0.0833099543141132
-0.334030765213115 0.139083535743183 -0.255851351849717 0.00186945614430092
-0.357171943978365 0.0623407074295123 -0.0294379895179567 0.127214216375536
-0.30944257665686 0.167735250746844 -0.067360293136993 0.0448230841328713
-0.193359633337299 0.264624488642167 -0.0250625709269658 0.0855031153732712
0.00852839531125611 0.301351512779748 0.0269646461891927 0.0353027769138089
0.181511253055749 0.241884870971627 0.0340474546327475 -0.0167813997346113
0.266603286329778 0.125463397017725 -0.0184670200557228 -0.0574467502217386
0.284655275546508 0.0374999367351743 -0.0657952381413204 -0.0304626886664509
0.307455034457434 -0.00225306100883296 -0.0819217002544275 -0.0151843430027421
0.312570708516097 0.00250505261714017 -0.0778726477150663 -0.0122332820103932
0.344990573233105 0.0400557050143005 -0.0571718201199652 -0.0218759104735191
0.344059499988895 0.149845005350262 -0.020264013516854 -0.021675259083673
0.233024223706061 0.29495373601582 0.0274252795324492 -0.0213738461482896
0.0231550017981712 0.417097591514565 -0.00342962846331738 0.0442305700905511
-0.243175154312787 0.367904930792045 -0.0764916262020293 0.0399197815357021
-0.361247225183997 0.186102156819752 -0.137384940404084 -0.0405592756140079
-0.367788748838055 0.0810799986544054 0.120846945547612 0.0966929114202128
-0.321699196649596 0.19662787370892 0.0160959630703764 -0.00434953592977926
-0.203812459313278 0.292229971494629 -0.00198601720182308 0.0572876183219432
0.00386956695701133 0.333655568569255 0.022763777128026 0.0647677536495951
0.189189144915794 0.269751851652705 0.0793800026131681 0.0443841447204761
0.283618485466495 0.141928876889759 0.073926923556441 -0.0136070714969033
0.302183299324569 0.0449666515147404 0.0526440316146574 -0.0128522440612618
0.317631046085557 0.00317799727022739 0.0427703969049349 -0.0170823669543753
0.314715535806594 0.00564287391154302 0.0404638111788623 -0.0187743470505339
0.33834902227487 0.0420064506185523 0.0377954029921911 -0.0212321477880617
0.332758138916604 0.148089196885952 0.0494167070006424 -0.0069922197156908
0.215212033692415 0.276741606154718 0.054305337942891 -0.0102657336442846
0.0259094473256408 0.373852116550675 0.0196742518385795 0.011950183323859
-0.208861713198561 0.346008178876048 -0.0203760552900494 -0.0156590689034458
-0.328691544258015 0.191802680429064 -0.0108067692650018 -0.0926116774849615
-0.311737579294268 0.0920135372250354 0.266460782256708 0.0576603590578501
-0.262473883921577 0.190818539712691 0.108334819616718 -0.0515756983900875
-0.158269668102262 0.257501286492892 0.0301162404948031 0.0240955558312924
0.00618590855194738 0.287368275438113 0.0258466759349191 0.0879303023582425
0.163253065134787 0.236541624499202 0.121114817472441 0.101106000418171
0.249702847735596 0.127109080617318 0.16330464981052 0.03380457253156
0.268265946035301 0.0412012176138532 0.170365991060068 0.00601718855997146
0.277637312535161 0.00682557909895451 0.160095846477012 -0.0163760728111451
0.269745201757452 0.0126155996272297 0.146272486786233 -0.0211746416827022
0.274940642898524 0.049291419898655 0.115163576339116 -0.0139609358199467
0.255095799919495 0.136196208361713 0.0997363977099363 0.0098498971796975
0.139937963764699 0.224057449002168 0.0659203000126006 0.00625951235180721
-0.000200388197312315 0.264664075473108 0.0303605646844759 -0.0142400345245682
-0.155035970499 0.256297362212331 0.0228843088153437 -0.0613284358439203
-0.249414140287478 0.160059362056593 0.0999877822244867 -0.137017883332652
-0.197277949751366 0.0862365026055209 0.375452392773042 0.0127085699462625
-0.147178490921907 0.141331178289884 0.181590565679148 -0.0878979547826301
-0.0794352941154565 0.158706126939717 0.0583106000626445 -0.00948802075707548
0.00360501997460135 0.176287598108038 0.0292078956390647 0.0938567452440027
0.103537571793143 0.153650225465383 0.148471938859155 0.134695078559694
0.168875161679537 0.0875006498647408 0.231798735101388 0.0694634166585338
0.189934844352655 0.0297410912662968 0.263571413294208 0.0200730868384357
0.196724898963755 0.0103748714224238 0.253015934919175 -0.0139373377522323
0.186815237804015 0.0185555716131874 0.225209506281506 -0.0135022175768057
0.17563852538769 0.0523381100743794 0.164514901132689 0.00466901230087957
0.143740955587747 0.111992224167357 0.119413998216056 0.0323066299899934
0.0468218501376342 0.14710328633256 0.0582848299333432 0.0260730804321498
-0.0267239829777303 0.127698987154456 0.0300084771938636 -0.0301373763183041
-0.0846491081551234 0.138575230092264 0.0548400745167377 -0.0845572418468777
-0.140044757647388 0.109088514056223 0.182468533138503 -0.161001596484328
-0.0487787654532196 0.0583282680777891 0.426112022615137 -0.0301112411819368
-0.015160847621762 0.0556090211719762 0.221166215742682 -0.115473242546415
-0.00535566363755875 0.027150432751811 0.0701633103328937 -0.0440709968652917
-0.0133146790229548 0.0449274413554701 0.026514263367172 0.08196126713317
0.0224321228952168 0.0549327518020801 0.155015841601026 0.144090252387939
0.0602224232376712 0.0381147912278124 0.26586942084952 0.0873523951020288
0.0823419714648811 0.0163463639256996 0.31735252209379 0.0251970988095686
0.0867701687158826 0.0109756207025132 0.306677588668887 -0.00917063497687974
0.0815961605028259 0.0172403047205155 0.268981229875245 0.00177100904920096
0.064089499505852 0.0409737310057969 0.185001457288109 0.0315554832201372
0.0357681110665059 0.0685412819028573 0.113529457125205 0.0565103103915105
-0.0220935201732836 0.0565313682658102 0.035934343595403 0.0402669127926547
-0.0244838500816668 0.00152336268600546 0.0256211043967417 -0.0409615334429686
0.00057525884818832 0.0343189490312863 0.0805276853733154 -0.0913235555702252
-0.0169611729629324 0.058475425128746 0.231701347983562 -0.164957576897818
-0.0760451639295288 -0.0127782224742893 -0.268332855221171 0.170428013503359
-0.0759251055302147 0.0319043563600162 -0.102158502826031 0.13021327648666
-0.0192559117560823 0.0716203361845408 -0.0154650506359637 0.0675194117154303
0.0398888060790236 0.0356935358469102 0.0168936689267209 -0.0362447293226879
0.045340528162583 0.00699777850544466 -0.0730272842849509 -0.0812489455264518
0.0309965630796308 -0.004787189160442 -0.172844953143469 -0.0650534925881979
0.0225548783820413 -0.0065337373150929 -0.256221826859148 -0.025540200493531
0.0362720710450379 -0.00840353274151241 -0.300227609815536 0.00288328745921179
0.0472889269990633 -0.00446293333906521 -0.3018488558484 -0.0099527753982566
0.0673086617254486 -0.00350299353306761 -0.250494409379451 -0.0572745911004344
0.0739739888727922 0.0199827576356294 -0.164561606973965 -0.0999694902193426
0.0553043631813853 0.0744824227327044 -0.0541322017115333 -0.0684442618729069
-0.0258115313007972 0.12592674871688 -0.0842864466326879 0.0474879527182034
-0.111139672095937 0.0604566893163913 -0.199716370842519 0.0760188224388802
-0.109215844081712 -0.00602988410724298 -0.379439559527222 0.0187734178684267
-0.185010898669687 0.0155537220714674 -0.231802952862565 0.159281478619651
-0.157573257791332 0.0778536485186315 -0.120883524442188 0.111921717226636
-0.0737216745513167 0.134707142860582 -0.022327364262759 0.0863534902448152
0.0363521100295524 0.120348914236652 0.029645105493202 -0.018959185958338
0.100320872225732 0.0801382430388058 -0.0411602245071909 -0.0819402852425597
0.120548235576518 0.0338916391227061 -0.144527175906766 -0.0827383854870495
0.124920882126649 0.00510498127003408 -0.225164999891332 -0.0364285022283408
0.149825581718381 -0.00862876219484001 -0.263497899364071 -0.00356365430919956
0.162623852952502 0.001170486991783 -0.260731276959154 -0.00538354152236463
0.185981928611811 0.0246330718563238 -0.213441949414972 -0.0393967090390539
0.18060052716508 0.0883512803699558 -0.135110129616096 -0.0705597895201515
0.114954412904353 0.180994545575475 -0.0328746606490769 -0.0475387275594318
-0.0301902725455995 0.261776688811834 -0.0670954880903868 0.0686356679440537
-0.198391638825045 0.188585721761471 -0.180133933439721 0.0918138487679396
-0.239962421973907 0.0650019706712497 -0.336036755527134 0.0218499417172021
-0.279729331009807 0.0393565481894051 -0.151932450033949 0.143805641041727
-0.236845929414697 0.119075297258366 -0.114961013264873 0.0831707610847149
-0.136907965866482 0.19589850669587 -0.0293875767105304 0.0932471203939063
0.0210796552461317 0.210566101865185 0.031047925642731 0.00589790421755937
0.144082164877639 0.161855554541828 -0.00616258279768762 -0.0609131657233751
0.199673609411283 0.0793890689740746 -0.0930932213628945 -0.0808410757065474
0.214108746979622 0.0202454200141137 -0.159557176836554 -0.0376878700754794
0.241800112889807 -0.00784330288006396 -0.186476260513598 -0.00976496910700165
0.252625217226247 0.00152469545137303 -0.181282407424085 -0.00579801803009778
0.282510312226386 0.0348757672814405 -0.145567984013882 -0.0258783346868448
0.276910714478226 0.127984605926965 -0.0847855741029963 -0.0424707573064376
0.183308901614958 0.254107381269535 -0.00540477088733349 -0.0326409612602449
-0.00614698545076794 0.363646151274356 -0.0362930463336269 0.0668268704287725
-0.235210195816269 0.29954420359382 -0.134205847425269 0.07961396383377
-0.3239352919006 0.134211213452093 -0.248264973309206 0.00312872886092991
-0.342727298682092 0.0607210840649774 -0.0308299016250986 0.122660824580486
-0.296738848043126 0.160737314567187 -0.0691027755513338 0.0439997910144371
-0.186264609398525 0.253826405290999 -0.0237953598228586 0.0813122452672107
0.00894554813535661 0.290008877336415 0.0254196829801953 0.033668881181203
0.176166301572983 0.230660197794356 0.0326396437041508 -0.017406636021769
0.256385144293079 0.118102929698606 -0.019109282426826 -0.0566013172644216
0.274421744311444 0.0344853086080984 -0.0630283625827554 -0.0289849892538211
0.297380418007707 -0.00453353681255075 -0.0790629019185295 -0.0147428481146362
0.302793827533254 -1.12298725340938E-05 -0.0751201763500286 -0.0112332922073436
0.3335472270115 0.0365665804613368 -0.0565234428451335 -0.0210936629917567
0.332378438714814 0.142470168341438 -0.0176749558460582 -0.0225334140650561
0.2250364285628 0.283223474826462 0.024895572439695 -0.0215218087606586
0.0224693878979529 0.401549972653541 -0.00597205826729752 0.0445002459047247
-0.232808312421317 0.353935061581459 -0.0765832430994117 0.039043714969408
-0.351344131808807 0.179119276797928 -0.133337328787387 -0.0368493754397665
-0.353220414552215 0.0787726509079613 0.114715572984493 0.0934680653772007
-0.309113535414882 0.189155360473394 0.0120808642679878 -0.00276764940983963
-0.1957978015194 0.280325514392723 -0.00157151942299368 0.0542858533578089
0.00417247009677331 0.322335431769446 0.0218209107458478 0.0630277792041828
0.184571354000206 0.258438246099933 0.0761366697095807 0.0413848076155469
0.273668220570588 0.134137689977023 0.0697173576867242 -0.0152720331211007
0.291560628511005 0.0406097420378439 0.0511605108020364 -0.0129361657861485
0.306456349703648 -1.23221853647534E-05 0.0416486881696268 -0.0169147700930765
0.30467647918119 0.00286976175805717 0.039319435438661 -0.0183283401068257
0.327157615373176 0.0378047966727632 0.0350807945264821 -0.0204915814580004
0.321637269732099 0.138654809528005 0.0492611385419819 -0.00855333902100877
0.208104743005223 0.265797750063557 0.0507416600937479 -0.0102504336893993
0.0243107954995597 0.359658544373449 0.0159075017873691 0.013362066985333
-0.199618318117706 0.333905675538378 -0.0220269871362132 -0.014416992637022
-0.318881251959187 0.184722225199579 -0.0111896065901431 -0.087048116478583
-0.300260604633924 0.08805044757484 0.256247692620296 0.0548795861929369
-0.252771664365192 0.182969200239118 0.102029704941686 -0.0478434307137699
-0.153932483085789 0.246879170899781 0.0294737735020532 0.0225775154270935
0.00690804705995896 0.277767491287896 0.0243832230631314 0.0851331426848269
0.15798482829459 0.227074528740731 0.116690435066775 0.0961226506295532
0.240750301318738 0.120241610078893 0.15678158232497 0.0302234868702581
0.259637064654009 0.037029989391826 0.164767754282045 0.00443258385051759
0.268051851757745 0.00411936616906732 0.155842951112759 -0.017374910614578
0.261045826227607 0.0101220855719541 0.141347637745489 -0.0214757314224743
0.266185817648827 0.0451775780470785 0.110094903976877 -0.0137866412610955
0.246553440127852 0.128143205853844 0.0971013669155655 0.00708372048604024
0.135957621303709 0.214791545226325 0.0628427954537044 0.00524646084844208
-0.000753808534282496 0.254467413422789 0.0256560509766955 -0.01291440511263
-0.148319146626706 0.246499280577855 0.0208768287584699 -0.0575094577277933
-0.242579475270742 0.154027743749108 0.0974764527369693 -0.130143901529135
-0.190424599427385 0.0823419683521706 0.362650661876425 0.0112847229532604
-0.142422440647466 0.135842597480904 0.175041510809919 -0.0832045608755783
-0.077940747954119 0.151613794361897 0.0564448424279298 -0.00969597398868564
0.00340411935283514 0.171085154516698 0.0284855986437513 0.0911379305141974
0.100282465630475 0.147897286844847 0.14252312836707 0.129570740502292
0.162964207782393 0.0824186355938991 0.223126873329793 0.064126838251535
0.183629516165927 0.0269508662512609 0.254322382795654 0.0176107101902128
0.190024943140996 0.00802888404023289 0.245778955799571 -0.0151230497653216
0.181522369009236 0.0165607373221727 0.21769797238291 -0.0148707920818823
0.171036321452239 0.0491823282080582 0.157665701739488 0.00475016184531609
0.139416934245335 0.105924421180579 0.115320117116325 0.0290641251160884
0.0460483427518644 0.141172433488556 0.0562971702663198 0.0248201402954701
-0.0265812669990751 0.122377976079955 0.0263626368369572 -0.0282124398743746
-0.0818465789504095 0.133224270376515 0.0520932711182062 -0.0796992409220683
-0.13646537739985 0.104431326234771 0.177614760173574 -0.154382675078772
-0.0478599189280353 0.0553413988376678 0.412404451962998 -0.0298447849526941
-0.0158909113285385 0.0530218951760557 0.214534512726563 -0.109690885798492
-0.00627518772016966 0.0260793622201969 0.0681131307532708 -0.0425582848734403
-0.0127601462623589 0.0443475817645176 0.0258239030850794 0.0801385790118189
0.0220069070115473 0.0526173644188718 0.149044720139364 0.138059345265057
0.0578591495852484 0.0356324813349235 0.257078474954481 0.0812224164174
0.0788848266548624 0.0141673052558927 0.306577968064398 0.0221601104728927
0.0836664886432441 0.00962391724380139 0.297867518568099 -0.0107755917630927
0.0789222084005772 0.0161518795656534 0.260161543599042 -0.000316260935885034
0.0624175910802837 0.0396996422930628 0.177927500890829 0.0301443751105222
0.0352720860433913 0.0646951671622911 0.108791355568196 0.0533002976174215
-0.0202196516932909 0.0553306278858597 0.0343196114241293 0.0387869799763352
-0.024381644270914 0.00231453539856546 0.0228476762670891 -0.0389717884480941
-0.000173223704915826 0.0328045060731815 0.0776851706409502 -0.0866676405817428
-0.0173257130865302 0.0552138574211321 0.225223379471983 -0.158880935920195
-0.0709347936885689 -0.022760719596647 -0.287605505371362 0.128650951483342
-0.0780804063243195 0.0196613329932755 -0.121429651267129 0.11042156247398
-0.0287630947692215 0.0668938949147055 -0.0271987195680259 0.0613251422982383
0.0329102572826263 0.0400281082732253 0.0185403255610893 -0.0338503092500039
0.0431193348360006 0.0125809184760935 -0.0608674655623075 -0.0886341068111714
0.0312670189440533 0.00183735903131001 -0.163025227444158 -0.0871197621975093
0.0223177966923911 -0.000720262574153564 -0.252267117797129 -0.0585017991465354
0.0351784363850031 -0.00139262474776041 -0.296314892363967 -0.0433423601931487
0.0446490478269686 0.00457873914350368 -0.298410094757578 -0.0559950893724929
0.0639167929940904 0.00818216278736366 -0.23787577038477 -0.09738254365969
0.0655542303705576 0.0319914275519956 -0.146891279994208 -0.125595095360372
0.039858697720716 0.082839598027733 -0.0437078634246715 -0.0788237579137574
-0.0443951459976337 0.119915707521097 -0.0880351209475947 0.0322391562303525
-0.117458868629209 0.0433552064846285 -0.206879858307029 0.0424977792725636
-0.106613763669395 -0.0183445846420102 -0.382863410079129 -0.0447468897616822
-0.181265456692203 -0.00966980426580817 -0.248120301742559 0.113777331324422
-0.163931162214121 0.0514185520642571 -0.137334221761819 0.0847215979922326
-0.0910524137390359 0.119703500210011 -0.0379174135044687 0.073292354585226
0.0157765350130159 0.121673802861006 0.0271671736410473 -0.0180424887451773
0.0844208781564965 0.0923249469314684 -0.0335368891548619 -0.0883070588617595
0.112363914154833 0.0525396615987434 -0.136882442571178 -0.099982716828725
0.1215561303929 0.0260640575744932 -0.221374490228852 -0.0660462620889958
0.148263308786101 0.0153052087907699 -0.258985109495146 -0.0435182037831835
0.156894899347084 0.0284210793847172 -0.25755045670808 -0.0469593158438766
0.176503110496286 0.0530334194031533 -0.204617326110891 -0.0762201475858075
0.1590968243131 0.1144306649186 -0.121196202039373 -0.0943148189686116
0.0816753308446363 0.19579972988798 -0.0262371928670731 -0.0565628230686405
-0.0697299862229338 0.251643290344354 -0.0735854807295407 0.0551016138673575
-0.222593549676481 0.153032166627518 -0.18679864277091 0.062031222056813
-0.24759643781115 0.0288260229405108 -0.33767382113708 -0.032586414367919
-0.278314342867315 0.000982210618632129 -0.164567567033664 0.102037705376756
-0.248196076454103 0.0803528041386531 -0.127111975966505 0.0537466641023051
-0.162400294515439 0.169656849760471 -0.0466692432751985 0.074245562238898
-0.01399846863929 0.206998954610504 0.0233075577159162 0.00267538065660041
0.113418996760894 0.178194897871023 -0.0058614554723973 -0.066362786791544
0.182311862517566 0.107960609588239 -0.0909911992114656 -0.0904882285654863
0.207675192924428 0.0546179435601372 -0.15733643045221 -0.0592298655281643
0.239507632110205 0.0299823114633265 -0.181560860521346 -0.0370895296715168
0.245450749812604 0.0415419117226529 -0.178432366388721 -0.0353177504192882
0.269161534274967 0.0768107797025441 -0.140179939880115 -0.0538173015031575
0.246801055049484 0.167246841037373 -0.075459960948665 -0.0615066009572946
0.135994003230177 0.278041061414248 -0.00219929065534182 -0.0389036526997924
-0.061150513874251 0.353634825370246 -0.0426630993055412 0.058374090298694
-0.27713636347388 0.254670511131697 -0.136934071616068 0.0591616560509736
-0.34328561095129 0.0814734514744285 -0.245665989013277 -0.0354946027977424
-0.343504024328369 0.0137345393123787 -0.0410431946133836 0.0928813209998344
-0.313329710787919 0.11239411035672 -0.0758111682720311 0.0183396320005146
-0.219832519419874 0.218299033905393 -0.0404962179293166 0.0583425205430743
-0.0388764061967479 0.282509118753735 0.0127650051037287 0.0253847097796283
0.132312645145939 0.250786825196743 0.0236507295780686 -0.0201595604858604
0.231992014300122 0.153912042423275 -0.0245963171507434 -0.0563286058880781
0.265916208307102 0.0767827140818864 -0.0646466300732486 -0.039251591735103
0.293828134609495 0.0412271315989653 -0.0748259753632751 -0.0251460527868147
0.294605091749972 0.0476962530274962 -0.0715789275111308 -0.0248956280451223
0.319820751180307 0.085295855901541 -0.0526647696857266 -0.0358408256013318
0.299830524747065 0.188342019618989 -0.0120396556403978 -0.0330656007383675
0.172537387084713 0.312402229339929 0.0271760819435741 -0.0240693413921663
-0.0393845414838412 0.394619700010508 -0.00905850951583452 0.0402611039225405
-0.28299985798465 0.307208288797369 -0.0721779163785358 0.028690605562001
-0.376213688552879 0.118507919422285 -0.122994535316037 -0.0551623316670897
-0.356603220058473 0.0292192183522984 0.107511238717817 0.0819243295266888
-0.331264656664962 0.136783063564986 0.0114702453071783 -0.0178921444381918
-0.235060542743493 0.243661076202639 -0.0158266426971731 0.0327733464302621
-0.0483213884195027 0.313587928061587 0.00405381672175689 0.0518845191685462
0.135359594775821 0.280143443759199 0.0573364415065059 0.0426850817003555
0.245486088768273 0.171252512612573 0.0561457349950809 -0.00321575587185996
0.282508540596756 0.0846143369714136 0.0463521837613566 -0.00906238030283761
0.302951055515077 0.0464383011018589 0.0452373107613476 -0.0101016867241315
0.296992499082648 0.0495995145465785 0.041971502236995 -0.0150657838006069
0.314175366015169 0.0851877765538698 0.0370483021594661 -0.0217677294514169
0.290258217560665 0.181973546324218 0.0517119006698068 -0.00872455001270478
0.16068307875219 0.292019074447274 0.0512036844139701 -0.00849868803821454
-0.032143752957939 0.35309529975305 0.0159804414956291 0.0140004435985391
-0.24811835688849 0.291576019463575 -0.0107573798494831 -0.0154996738029398
-0.346908948473448 0.127558104015159 0.00847301692770814 -0.0853919017128016
-0.306883336483315 0.0450280699048504 0.250837919203445 0.0653472850781883
-0.276141413301266 0.14075967768236 0.106832432846963 -0.0471882581534345
-0.189154996379175 0.218150118166138 0.019496825055725 0.00884886206576751
-0.0391772345893221 0.271954166095515 0.00575079710813446 0.0761651714038445
0.115779881750765 0.246520189057454 0.0908854701843198 0.102474669725325
0.215505026809586 0.152267483513577 0.138075469051933 0.0530256155362602
0.251053461579373 0.0758082232157732 0.157526180888329 0.0231535829504113
0.264669270774698 0.0450842219240864 0.157681581156363 0.00581450468425843
0.254232407760459 0.0487184515458086 0.143967165872797 -0.00232972841433702
0.254056642345692 0.0834764330800498 0.110324547414911 -0.00132270164850547
0.219302266264965 0.159865389673035 0.0962727945172184 0.015941218766034
0.0983312205806057 0.2312438143675 0.0616789706892003 0.0103721701407879
-0.0408462988029191 0.246393505484524 0.0286758817416941 -0.00884820258922911
-0.184659813293954 0.213833547648609 0.036140935291862 -0.0509523982257748
-0.265629189534898 0.107363751270954 0.123618777082676 -0.111038416424146
-0.200155981742582 0.0539074744737609 0.359953739383313 0.0436571702080496
-0.161998715930274 0.111170997127692 0.184440946242837 -0.0671452080223568
-0.100924627416276 0.136296468361677 0.0533385776479302 -0.0114943332738288
-0.0248801132423627 0.167554752423974 0.0115848287953194 0.0864984353367512
0.0723183572374326 0.161165284516851 0.115195089119175 0.141572722747794
0.145499153612806 0.103410896675007 0.202158872139853 0.0958106486464371
0.178901160054316 0.0529265924762518 0.247683289310445 0.0471755345210758
0.187463752911436 0.0370239170820815 0.245480203223252 0.0221253899887397
0.175945149293734 0.0427215177326365 0.218309356816987 0.0171299647140065
0.159972167175651 0.0733874783997456 0.155393226174653 0.0259298675980148
0.119605850705355 0.121794202105978 0.110255821705507 0.0436617810447859
0.0227917059829854 0.145113003662623 0.0521537744983519 0.0304758711758755
-0.0466425364313015 0.114568848378867 0.0300042198107727 -0.0228434775084542
-0.10137474596486 0.114301641124937 0.067824105705708 -0.0684010431151451
-0.153224382649155 0.0752823296916336 0.207159949471656 -0.123068444233118
-0.056818736565477 0.0466886151907364 0.412142999671221 0.0208232005199967
-0.0250708942791431 0.0496465469694564 0.228968460939801 -0.0807005037673953
-0.011573673261952 0.0235834099553049 0.072712346459813 -0.0338252281568431
-0.0196550048156717 0.0415914441267495 0.0139316667829188 0.0807658118562154
0.0117081170429068 0.0561510878165325 0.12558103767777 0.154218162759508
0.050186507892878 0.0418332350285799 0.240265153148377 0.116187283772236
0.0772537690463082 0.0243610276298744 0.300903889161904 0.0595801003675508
0.082769406244793 0.0214109690180445 0.295788645404174 0.0335956217196271
0.0765506547300536 0.0263449446398436 0.258155006049837 0.0376431528796147
0.0560725825008444 0.0474220891216236 0.171225435784676 0.0570820762159474
0.0256722676946761 0.0665068644872194 0.0996790452446312 0.0684914428419271
-0.0274692581472633 0.0504486943128452 0.0285601225757578 0.0426473418777352
-0.0258687288209201 -0.00237950496788338 0.0270547434567636 -0.0336394810235131
-0.00603109405841488 0.0303103693753813 0.0914132566070338 -0.0722271853752589
-0.027622663266008 0.0463098383400274 0.254162312358593 -0.121167937523758
-0.0715154498302739 -0.0228718942558909 -0.297690716567206 0.133353125922432
-0.0782327057864408 0.0200616934964551 -0.126969392109699 0.113722371349676
-0.0279302997189407 0.0683254741946284 -0.0271317051640871 0.0618640613913831
0.0332057037425469 0.0404463076108412 0.0193039509108219 -0.0341885154220644
0.0444390730621883 0.011934998397548 -0.0609596645821566 -0.0902691556584995
0.032374291953086 0.00188108746187709 -0.166561869479828 -0.0866110261735827
0.0231747785109155 -0.00027105924435591 -0.258883185096219 -0.0572699691235155
0.0366145629770661 -0.00182132825208434 -0.305634327080055 -0.041866240095371
0.0468316022131788 0.00425022590706061 -0.306454921879032 -0.0557723696238956
0.0654025216921478 0.00706885834628 -0.245217837802021 -0.0995623586615034
0.0669210736511548 0.0329921489882961 -0.150412581982156 -0.127780791365872
0.0403942444534994 0.0845949436950383 -0.0460713316349533 -0.0808173755492753
-0.0443963552015985 0.122338614491865 -0.0904799358203413 0.03292320097729
-0.119552482001187 0.0443116296808394 -0.213077000226776 0.0411866303683836
-0.110380448430502 -0.0180924457936792 -0.394109571938374 -0.0449311023523349
-0.184370380855101 -0.00944836590358073 -0.256847606713553 0.118035766991441
-0.165596602372348 0.0524642784590268 -0.143322392142784 0.0880013926139956
-0.0920811818618829 0.121768379141546 -0.0380439028027432 0.0750769222265339
0.0165981732750239 0.123383683689062 0.0279244089985486 -0.0187199074613777
0.086695867881347 0.0924116990020517 -0.0336720078838352 -0.0893970504283581
0.115246809915519 0.052672356185242 -0.140373966832245 -0.100510368681791
0.124836655806923 0.0263306315106265 -0.227559992929092 -0.0655051056212544
0.152268154353025 0.0143704127334156 -0.267206458637212 -0.042575590894573
0.161807960918232 0.0273219799242198 -0.265207722146933 -0.0461735823926886
0.181290247059845 0.0526710645907512 -0.2106203416548 -0.0771088453685147
0.163114814487308 0.116442780342574 -0.124298003916163 -0.0974183209723611
0.0836068846253081 0.200140936531538 -0.0282856629676943 -0.0582464997970122
-0.0713523706251385 0.256714561187805 -0.0765653366607979 0.0575003034046387
-0.227437663233082 0.157285602194564 -0.193381770288792 0.0623069201643619
-0.254794853741177 0.0300002794658176 -0.347562088934524 -0.0315936994654717
-0.282147082247051 0.00118022856013828 -0.171931686511405 0.105835331168572
-0.251437811368476 0.08173072372756 -0.133526379878258 0.057283369061531
-0.165576404198179 0.172196517395324 -0.0468840055002499 0.075306528372398
-0.0132455256029574 0.210648756830058 0.023630811470041 0.00281047728414292
0.116839766428703 0.179260615962047 -0.00524471531852056 -0.0672605697362964
0.186457276321129 0.108417490790259 -0.0943154696830213 -0.091584403262338
0.21338726381586 0.0541157910348804 -0.161862223552648 -0.0596667030303455
0.245749677913979 0.0288080545538651 -0.187083976902291 -0.0368374434243872
0.252712547492123 0.0408970655073079 -0.183191435706543 -0.0344251151829021
0.277295759083561 0.0760622011021317 -0.144881426041741 -0.0545034337348007
0.253825083109943 0.16983248511301 -0.0766462414479312 -0.0645628882721837
0.139821171738108 0.284354801976797 -0.00329936034865297 -0.0401634398440888
-0.062639416873963 0.361062122555126 -0.0458866910877381 0.0611964878788765
-0.282801283188015 0.26035631809902 -0.141741968659517 0.0610995702374581
-0.352553510787597 0.0842528233855328 -0.252272122210498 -0.0328931544599921
-0.348234622800153 0.01414854715211 -0.0445798558186371 0.095439603082295
-0.31877249016151 0.114569884230911 -0.0812473428252509 0.0210857841647823
-0.225141046001458 0.223217640674466 -0.0406488342417225 0.0587654494911668
-0.0379731910883473 0.28851110475769 0.0120562166729433 0.0265490173976352
0.137277271937718 0.254514376445351 0.0243480286104293 -0.0203957263515911
0.23678846383002 0.154754292679873 -0.0269730121524093 -0.0578513114753589
0.272188790767926 0.0766219270384011 -0.0665862033566897 -0.039475005253488
0.301610574227027 0.0390750476096435 -0.0773528688266495 -0.0258584223028649
0.303954930280602 0.0463409076352993 -0.0741662074140095 -0.0246892406351032
0.329678136148021 0.083835249251499 -0.0562614235612697 -0.0364963264586621
0.307814811669888 0.189661705916325 -0.0123625378353385 -0.035677167530841
0.177744375689042 0.319317037759876 0.0258573518318319 -0.0250458406377841
-0.0415448394217051 0.403302317406468 -0.0123213332903147 0.0435065930744598
-0.287508297115795 0.314670844316191 -0.0755856860110441 0.0302848526601407
-0.388256566965938 0.122803914819783 -0.12571755932946 -0.0529399218458816
-0.363702612081181 0.0295698732690763 0.107939459479773 0.0836650605429004
-0.3380231816506 0.139641989562995 0.00849332462510002 -0.0157067354414291
-0.241168599972016 0.249320030951435 -0.0157492217600209 0.0324484911822816
-0.0473720213599118 0.321249013392439 0.00427402619336066 0.0540741906450417
0.140780279326708 0.284397485307382 0.0584943078315989 0.0432174735291426
0.250393421921579 0.172646211903317 0.0560643194635993 -0.00450108228978287
0.289193261252268 0.084254079220827 0.0471724407432773 -0.00937449876795808
0.310704110878906 0.0447451890426304 0.0462446847821778 -0.0113089005468853
0.305613118102435 0.0480966506395006 0.043151767587517 -0.0155125066414463
0.323223289267926 0.0829980359085442 0.0362589017331234 -0.0218608047108773
0.298533245447594 0.18253719518253 0.0533438058395479 -0.0114835579021852
0.165038043232143 0.298252079143145 0.051990726518555 -0.00910501118844037
-0.0317959531721223 0.361214157768349 0.0136115268739368 0.0164129895786174
-0.252081538170868 0.297899819189765 -0.0129489671823509 -0.0138270270209701
-0.356786124188513 0.131470812343945 0.00956472281133781 -0.0842981317235351
-0.313543017225167 0.0456598863209757 0.255603537547288 0.0661865659565084
-0.283269043523843 0.143313333603876 0.107738085332113 -0.0463529311881288
-0.195312230280585 0.222355541713126 0.0206206052884025 0.00826175176077639
-0.0386790702780933 0.27937719655887 0.00499345062023647 0.079150474142912
0.11965081723171 0.251052577676601 0.0922542336008837 0.105086385837188
0.220180867307302 0.153261998557831 0.140058608223593 0.0523933384907529
0.257523537133019 0.0750813168955244 0.161224851270741 0.0217046509154969
0.271815061381845 0.0431473943226703 0.162393956183759 0.00431181080996321
0.261841847363358 0.0480126640182348 0.147858407149628 -0.0038039995024409
0.261320069609655 0.0826522283847674 0.11214932645502 -0.00173398975214298
0.225462837653408 0.160276007339559 0.0983008380337439 0.0138316686025454
0.101780033601403 0.236027189985125 0.0619885767936065 0.0105165389176355
-0.041979182623034 0.251854914856935 0.0262051753437187 -0.00669033317227509
-0.188211390162865 0.219136703085776 0.0355264932864158 -0.0501752784026802
-0.274168093226877 0.110581957508498 0.127729690011584 -0.111654090070768
-0.205226688616183 0.0545815402751683 0.368445077948211 0.0431750610825196
-0.166815176642258 0.112889265843766 0.188917971022016 -0.067677255854684
-0.10547332197223 0.139242169968875 0.0549764582061837 -0.0121176376021783
-0.0246213951580823 0.172333597174624 0.0121417944732976 0.0901639413392452
0.0746354533591328 0.164919935227022 0.117574535193745 0.14530936916637
0.148540866396028 0.104226753859744 0.206404585550105 0.0953049266871798
0.183169999022803 0.0526108130180474 0.253171291062116 0.0466662013283565
0.19251450020661 0.0353994191133861 0.253209939447898 0.0197123499589728
0.1808505391467 0.0423131429534466 0.224468629035158 0.0150227169913554
0.165064333985528 0.0733508754169632 0.158520019620051 0.0262868540152595
0.12348762054071 0.122225114960833 0.112617398523076 0.0429103540327791
0.0241666758462502 0.147850802670436 0.0531373473326199 0.0310618530023804
-0.0483514041302217 0.11747929443068 0.0283966074785598 -0.0222884955464399
-0.103371498564939 0.117158464547954 0.0695002128908348 -0.0680374688859849
-0.158113493417371 0.0765772752165517 0.213284731635545 -0.124889932301563
-0.0588209100844026 0.0466190054824223 0.422845127538376 0.0180855082151908
-0.0273359740273165 0.0504239901312599 0.236138692252014 -0.0831112761590839
-0.013885838153213 0.0238380439116736 0.0755478135804525 -0.0347299493649361
-0.02001411944556 0.0434218746023054 0.0154806882211733 0.0830938984818143
0.0122291076146686 0.0579750637940343 0.128056257284908 0.158304941185645
0.0506814969479431 0.0418002982519561 0.245182446320975 0.115992213945241
0.0789427303517958 0.0237432050230462 0.307364579633867 0.0577960336834547
0.0848297601339785 0.0209743747143429 0.306186164043277 0.0317888872426277
0.0784194533770297 0.0267619476730602 0.265957596425199 0.036257301493232
0.0579816468158263 0.0487171287326069 0.176261801667462 0.0579285210600614
0.0269416830559751 0.0675399460750928 0.101388755568234 0.0692120551130643
-0.0275492059179501 0.0520596377659534 0.0291938072906726 0.0434527552500279
-0.0276063775226585 -0.00153266131030555 0.0258757228471753 -0.0339415487636959
-0.00657956647752444 0.0302971866768742 0.0939125530227765 -0.0724472328309682
-0.0291200157324567 0.0462912554731983 0.262363279625806 -0.123601126299581
-0.0726947753429061 -0.0203446826744133 -0.303499363307058 0.149305993506676
-0.0783896827788118 0.0231729611917324 -0.128090495747683 0.122801729429178
-0.0255189392252452 0.0707602795336116 -0.0252633225456862 0.0652916537572353
0.035332404505557 0.0395866230345264 0.0184568477035943 -0.0358349923265371
0.0461605739258993 0.00918077276674053 -0.0645021412416232 -0.0897727553472756
0.034011209998875 0.000748513132410907 -0.17377827725891 -0.0807113253794385
0.0234827634616045 -0.000757694919634243 -0.268870899224214 -0.0472153273260528
0.0380874763621264 -0.00390263734458232 -0.317848410071833 -0.0291428946498673
0.0490377661325732 0.00155667383261658 -0.318765121643662 -0.0438348485919669
0.0676745627022461 0.00394557857657458 -0.25665748266506 -0.0918086296292627
0.0695850966647675 0.0311199755126586 -0.159932008135841 -0.125720675313902
0.0445512391433845 0.085129691902161 -0.0514528213780944 -0.0812080118307208
-0.0401995434765613 0.12656251419611 -0.0918361245271916 0.03722688047494
-0.121081972531162 0.0497848756243286 -0.21791616134973 0.0484221273355593
-0.114150518066006 -0.0136911225621097 -0.407838011921215 -0.0297286042933732
-0.187272073176332 -0.00294245277208662 -0.261751817946462 0.132693186552229
-0.166594155933133 0.0590535284177402 -0.147034193096844 0.0978972419512625
-0.0895146360986516 0.127905753307278 -0.0355220984194821 0.0781894581172862
0.0217642199464819 0.125088158682425 0.0279744675682853 -0.0195144716905889
0.0926419245442146 0.0895250591642938 -0.0356946908313261 -0.0903362005408968
0.120219887201132 0.0487704713764338 -0.148139036560161 -0.0960198228594274
0.128792693054015 0.0222363880179565 -0.23622782627172 -0.0571064161326487
0.157708527191944 0.00795225632911153 -0.278102355978767 -0.0311738899525381
0.169034344703243 0.0214644161112897 -0.275567671644182 -0.0351619019503143
0.188992333527701 0.0451937533319948 -0.221348005806127 -0.0711245374538028
0.171986869565914 0.112855751453783 -0.13112636217491 -0.0958204420416227
0.0932449030847773 0.202475626676626 -0.0329842091758815 -0.0587918281444911
-0.0634528665795639 0.266053708150741 -0.0776469553939101 0.063090818335468
-0.227471864204247 0.169839932980975 -0.197072682740695 0.0711587032264315
-0.262495192384438 0.0417799369681332 -0.359346717309947 -0.0162054766559739
-0.288266207801499 0.0109777356365386 -0.17475369578304 0.11644387957013
-0.25404727437078 0.0928846177434774 -0.137387707393836 0.0659680173980467
-0.162860682181857 0.181770758401171 -0.0450643239821217 0.0782066014377004
-0.00479045521237173 0.215652464024895 0.0238661154910711 0.00248841806775252
0.127149616643349 0.177517609292425 -0.00684405789764605 -0.0683032189123608
0.19507768767155 0.102506137987315 -0.100752769876986 -0.0895411730555591
0.220738657672191 0.0465214284448943 -0.168625952819876 -0.0534511244771725
0.254556880174286 0.0183565156521287 -0.195699741441372 -0.0295573719048632
0.262917430583977 0.0297322412832527 -0.190928787405425 -0.0265813136897882
0.289263597410208 0.065308802345642 -0.153098805953232 -0.0496413652929484
0.267957666430277 0.163101243174142 -0.081359954994123 -0.0648556355621262
0.154663539752155 0.286299191991641 -0.00600957550810989 -0.0416228805522543
-0.0514627371480733 0.373726795623838 -0.0466814576086351 0.0665144397778708
-0.280773876522006 0.278759334892259 -0.144197542281007 0.0677888273648127
-0.361988055554366 0.101244475917204 -0.260140687828654 -0.0203331125939081
-0.355993502869485 0.0262209269545609 -0.0452208593694863 0.100502155894918
-0.322172797147657 0.128620926163263 -0.0847622806116465 0.0277496740623734
-0.223061204566333 0.236927227348159 -0.0388455560415843 0.0603385241867128
-0.0275284768114764 0.297718563056806 0.0131407910997852 0.0277944365930607
0.150721953556237 0.253404718835678 0.025128367665201 -0.0214644216408059
0.247558860040025 0.147512285901645 -0.0313876360423192 -0.0581230732006243
0.282727735398456 0.0663454965380654 -0.0702833649390416 -0.0365917560952653
0.312715275667937 0.0265723174584277 -0.081381114478488 -0.0236172714985138
0.315821889403999 0.0343699815159118 -0.0777681677664648 -0.0219887100322648
0.343620322455645 0.0697769567451359 -0.0610480187923971 -0.0346620138333977
0.324283199597364 0.180670139225796 -0.0139065835483186 -0.038665030950951
0.19514570948429 0.320445616028648 0.0247298036283624 -0.0272988550936191
-0.0279047992496388 0.414778131717037 -0.0131556872342674 0.0481675949874464
-0.284857905845303 0.333378387361447 -0.0774597942683539 0.0354752971213088
-0.395916212760833 0.142141107262679 -0.129624051105101 -0.0461399173667259
-0.370598454058549 0.0431519191623597 0.111313612449815 0.0819590735891083
-0.34204458614019 0.155742751503058 0.00580119359204843 -0.0137752918876918
-0.240369931365977 0.264832508564641 -0.0139811030521132 0.0327302720569738
-0.0355144376530121 0.332106504288999 0.00570205919014339 0.0564075732472431
0.155870374157598 0.285830901771801 0.0619066486389335 0.0428773624116793
0.263070879539955 0.165768206507342 0.0556580595685864 -0.00736898315406145
0.300321159827577 0.0737030270044063 0.0480636249281427 -0.0111213078734305
0.321798663228466 0.0311520194027959 0.0468552374499338 -0.0145966635156453
0.317863855234689 0.0359447724535269 0.044196542854013 -0.0181314441182288
0.337757914035558 0.0704936758764114 0.0354493504599783 -0.0230985387360453
0.313895936280231 0.172459297061779 0.0544664442380882 -0.0163178042818408
0.181683284699629 0.299034860405984 0.0517614633935318 -0.0117695099972103
-0.0204864235925804 0.371929451667341 0.0122856401248238 0.0198585086213081
-0.247418124563915 0.315576522006143 -0.0143849212776093 -0.011332757298634
-0.363166401919046 0.150253783442806 0.00844115469268738 -0.084057060654393
-0.320197903276449 0.0568452351669038 0.263862467031567 0.0579958210354812
-0.286350204737073 0.15756366417761 0.107630772648294 -0.0499456950062766
-0.194795481874394 0.235932027913569 0.0222376813056993 0.00673718654912719
-0.0280997386062657 0.288931273631031 0.00854227646540853 0.0824062580814402
0.133211443272341 0.252871923054624 0.0991067376427241 0.105709227321648
0.230794561575252 0.148130756031589 0.14347249847419 0.047343395000093
0.267961691675293 0.0650665860790241 0.165805448033126 0.0150648235382405
0.281456436106156 0.0318535515382692 0.167219659910094 -0.00360744318317817
0.271799842985389 0.0383008305326881 0.152489425886183 -0.0109569535460916
0.272616926455603 0.07161539746617 0.114096796726066 -0.00563587430064783
0.238749342381501 0.15317717468576 0.101236189378363 0.00809190304385737
0.114108770418162 0.237190168297806 0.0634060742617597 0.0080273171289831
-0.0352237591182555 0.260843920338592 0.023890681451952 -0.00532976926489156
-0.184231642347079 0.231665022963402 0.0341773547544305 -0.0504627256314449
-0.279274164286173 0.124356381688421 0.129564867294856 -0.117606861583299
-0.209006606249898 0.0625472002994514 0.379537916007474 0.0292889858813419
-0.168281539887867 0.122242538149383 0.191284283803803 -0.0753424505130497
-0.105464096457233 0.147054696339118 0.0564625840365663 -0.0155495623540322
-0.0174731039320852 0.178946834871983 0.0159648299254527 0.0930462351536434
0.083639374305522 0.166472439212756 0.126562812227261 0.145257678240727
0.155058222011023 0.10109635670763 0.214329472913569 0.0884890046629662
0.190310375990423 0.0453500409298887 0.261227059635573 0.0354491529306906
0.199537576958348 0.0275953759528926 0.262046435912149 0.00725922847815286
0.188143482729414 0.0357685644999827 0.231936110473608 0.0041778112681124
0.17316981125126 0.0671484498601835 0.163745849566635 0.0214353167104771
0.131798698773559 0.119101516049064 0.116680749200121 0.0380864643921815
0.0311516940552124 0.150739434411952 0.0550930959603702 0.0287127677540918
-0.0466258922082116 0.122744864356604 0.0252286726176031 -0.0218452825630595
-0.10214667981911 0.123812240514376 0.0686680397804607 -0.0705210299164431
-0.161078723616981 0.0841402726967125 0.216606202176104 -0.136063644702006
-0.0595471727801728 0.0491121965158036 0.435549798508655 0.00120681872185996
-0.0272608382392733 0.0526196333090627 0.239946640528439 -0.0945508705898773
-0.0145322455035916 0.0255741269012767 0.0762363422494852 -0.0390234586376697
-0.0178945788272872 0.0459317268308795 0.0194313897803642 0.0861236832673415
0.0151312089138844 0.0600456886514081 0.138424575994248 0.157945400066398
0.0527661211539246 0.040908186240495 0.255472516863969 0.108002599325254
0.0822860412845989 0.0201037470516827 0.318238750361055 0.0446398859302409
0.087654567863434 0.0173180126564968 0.317083427949022 0.0174194759582597
0.0822383391851417 0.0243296626451936 0.275619254425243 0.0242732146839872
0.0625664608759438 0.0475798796703072 0.183820347681479 0.0519178142620986
0.030864085168453 0.0670890265957618 0.105997186015001 0.0659427521578883
-0.0253500430900727 0.0545424387593794 0.0318335859566284 0.0434616765757295
-0.0293100373228492 0.000493884444056591 0.0230247946603388 -0.035065999209159
-0.00637188853360965 0.0312942141480847 0.0942164147676467 -0.0769166794573567
-0.028828397961205 0.0469069781991614 0.267189544371183 -0.138391310157785
-0.0721310460575136 -0.0160377108970976 -0.295899745439745 0.169091356453935
-0.0752359703751651 0.0266564551498174 -0.121696846581249 0.132137846462888
-0.0197712970761028 0.0712971109524782 -0.020937793248485 0.067216509100796
0.0372090819237837 0.0366364167752416 0.0165921463472431 -0.0369816656330372
0.0460830578009946 0.00515782372983374 -0.0677053956754154 -0.0860434551791126
0.0346655224615427 -0.00173792204638691 -0.177029857603781 -0.067891557884587
0.0239481803345722 -0.00142710639168668 -0.270209388237607 -0.0286678834961384
0.0378731758144054 -0.00639066422868354 -0.320499819491521 -0.0066107649322498
0.0495243709049606 -0.00227953862303971 -0.321185917765016 -0.0215533702502892
0.0676622526740378 -0.00115587321682953 -0.263965120320949 -0.0749772717673907
0.0710774110007125 0.026693904058847 -0.167552739904599 -0.11539377289478
0.0494876436083049 0.0823765943825511 -0.0575957731406355 -0.0778186857961854
-0.0321991916034826 0.127639499275801 -0.0900301513195843 0.0428207709011759
-0.117825484673593 0.0567698568507697 -0.216269379091783 0.0595868547379647
-0.114660198984442 -0.00582023778100368 -0.409692664056385 -0.00301065088236618
-0.185480458760102 0.00793088605470017 -0.25636701579354 0.149697009923116
-0.16092107617006 0.0683185697623097 -0.142601507080851 0.108752727192204
-0.0805188941960341 0.131406542171221 -0.0304291015633134 0.0802889881029047
0.0294967518497639 0.122042409230999 0.026879481312049 -0.0209728429582136
0.0974712382208973 0.0814899378420842 -0.0403021288994939 -0.088092423330516
0.122776035665646 0.0400056182047698 -0.152767585630407 -0.0852835344886523
0.129749916614985 0.014093623384708 -0.239159578951955 -0.0401523292002569
0.157981343511395 -0.00245823153316795 -0.28104422627075 -0.0125860514487911
0.170670415939299 0.00922438268562697 -0.27821071930263 -0.0162624208129762
0.19155232531037 0.0320114587576624 -0.2271713903421 -0.056516729788049
0.178570364971579 0.101635513380249 -0.136816144752024 -0.0881152444384607
0.104913292717867 0.196675197114147 -0.0366738909312217 -0.0571989899027617
-0.0479018846331549 0.268753459411265 -0.0744562424339597 0.0690476985954773
-0.217300097090153 0.182757231490198 -0.193273587683729 0.0815999325787091
-0.260439884981796 0.0585891702014553 -0.359425788216106 0.00828274524960484
-0.285236760777716 0.0281445967423303 -0.170212475027017 0.128399257046128
-0.246356180201841 0.106450262006431 -0.13521723499085 0.0770223599758029
-0.151943532023904 0.19020941745107 -0.0395184587179689 0.0806096198935159
0.00875354495778184 0.214406484346969 0.0240121115260877 0.00183340418904905
0.137086963822243 0.166715212059435 -0.00982614469211318 -0.0678492901998096
0.19926732006191 0.0892370938194699 -0.1060429109885 -0.0823737128488396
0.223024107316864 0.0318264884600832 -0.171395569800291 -0.0407783707201189
0.254905110703456 0.00041776878292991 -0.198604553134685 -0.0159495987254704
0.265512979614253 0.0127691283515849 -0.192177563288693 -0.0137381795068352
0.292843855905166 0.0442849949812898 -0.157453765267737 -0.0389299458054066
0.27751610801137 0.145037710499392 -0.0850939983172876 -0.0610751157365912
0.171109851161166 0.27622234616223 -0.00986912923270959 -0.0414524265586596
-0.0300322097399321 0.375480222410443 -0.0440564559135653 0.071958467086
-0.264537672924074 0.29447836266546 -0.140298905563919 0.0771749736943219
-0.356752269881553 0.12506367780158 -0.259596762362109 -0.00137667517938021
-0.353063496474582 0.0465561958350738 -0.0412054932924534 0.104460146068552
-0.313258952700049 0.146910627166707 -0.0850898204130925 0.0357924643237268
-0.209281776099396 0.249265942004642 -0.0345152465334215 0.0613717626521012
-0.00838442770585411 0.297958471031862 0.015398726898676 0.0275747249909245
0.165792361571983 0.241805194421265 0.024866682570286 -0.0223079401831152
0.255345947933685 0.130562082171899 -0.0356622467150738 -0.0555033006298914
0.2855935361087 0.0471866481306949 -0.071967402604253 -0.0312037825103749
0.313624576351933 0.00531428485733444 -0.0832787234373931 -0.0179619149920644
0.31845254110166 0.0115893166371182 -0.0792386733175352 -0.0157955164647325
0.347790419963528 0.0449530932454675 -0.0641708602946878 -0.0294981337463123
0.335570102455847 0.157975381239112 -0.016654842103507 -0.0396633602281573
0.215235623160584 0.306228867773433 0.0219803288326134 -0.0285767310926751
-0.00417174368922316 0.415520703159742 -0.0117393930264491 0.0526855666742823
-0.264529157671935 0.349749544292961 -0.0750880211451247 0.0422064548639845
-0.387822925228568 0.167623494440619 -0.129471894757818 -0.0350113041322374
-0.367437339292257 0.0630139548440155 0.113934255902698 0.075684984265738
-0.330667537930049 0.17607664889048 0.00391084549402441 -0.0114005461917843
-0.226012811927797 0.278767982808677 -0.0111462007937679 0.0326063337700437
-0.0141859419679137 0.332790747589369 0.00993434452717258 0.0571054177623602
0.173028616068723 0.274164046507164 0.0656613735960818 0.0396929636668307
0.271355004010758 0.148736747528658 0.0537959202962213 -0.0106302677900684
0.303633823026719 0.0525811481867395 0.0470731315278893 -0.0138875358330925
0.323844084935138 0.00947137427488774 0.0449082251732261 -0.0177782646062194
0.320054198909789 0.0144107453796941 0.0430984655306027 -0.0211280826667022
0.340734180619958 0.0451505962665007 0.0324021442830415 -0.0238073943826826
0.324032074945969 0.150013680668673 0.0523637824045838 -0.022102933461608
0.200514096721728 0.285635317575148 0.0502783786878908 -0.0147568646123368
0.00121324458855414 0.372406865600917 0.0120383544138425 0.0223139931187383
-0.227737192365334 0.329963494494495 -0.0148118095803778 -0.00859391112767812
-0.355542984703653 0.172672433006737 0.00652841119076022 -0.0816907901904817
-0.316129715405585 0.0741829329670501 0.264798470722935 0.0419047630832657
-0.276794092270782 0.174247138200221 0.10316569202597 -0.0547410788954248
-0.182490501961442 0.247778447211497 0.0225593974692065 0.00328274051012639
-0.00929583480563221 0.289812865977617 0.0136576617287566 0.0823834646183933
0.14901483209381 0.243875845846729 0.105892988323717 0.100165035184754
0.237863014283444 0.133271138514988 0.144498165924451 0.0379774410012587
0.270734424833515 0.0478364628651703 0.165764261108793 0.00460770612339965
0.283644216700977 0.012825079050437 0.166799347870287 -0.0162493442317523
0.274295841361603 0.0192787851779603 0.151306440647438 -0.0217310375733833
0.27700519880622 0.0520128830785679 0.112628050816013 -0.0123545975231722
0.24702830107145 0.135001327689454 0.100358318702116 -0.000302191580431063
0.129922207625244 0.228711941238376 0.0632085077692741 0.00339017576957177
-0.0198760116989469 0.262748622919402 0.0220653256189544 -0.00329544211917207
-0.169749262625028 0.241924018012191 0.0317127601768379 -0.0500399374587419
-0.27224192706968 0.141282018004822 0.124645374325964 -0.124001791879022
-0.205831831957269 0.0729327119654061 0.37904023312438 0.00690834165563712
-0.161889170548023 0.132214468216807 0.186521025491985 -0.0869982013530787
-0.0994395335596783 0.15373411678398 0.0564235586598778 -0.0198234678284727
-0.00632794502886739 0.180092906398637 0.0219731937860211 0.0927555425293245
0.0946873143761335 0.161699571279602 0.13608034657306 0.13852949982524
0.160605242897908 0.0910440721332644 0.217126825305852 0.0737554811212196
0.19251604274734 0.0315550023553051 0.26223780063847 0.0182541920650445
0.201109323262041 0.0139417651242978 0.262431032389414 -0.0113750838197669
0.191017809942821 0.0235079688224273 0.232393682342499 -0.0123071714340566
0.177292654352033 0.0545142398777956 0.164779808141472 0.0103089203549556
0.139072126646666 0.108438955878028 0.118073301844856 0.0287016866769259
0.0416014494935373 0.147813087810955 0.0561545714013449 0.0255159217953724
-0.0398814070951291 0.12655092529556 0.02264123937464 -0.0206022609588331
-0.094540166772145 0.129630282616224 0.0652932845910528 -0.0723536009895471
-0.156659875385164 0.0935637634625802 0.210378407878736 -0.149175101110633
-0.0577569611787765 0.0517301802245929 0.434974744104801 -0.0270828619451639
-0.0253791498364638 0.0551508982539083 0.234615353084066 -0.109958496647974
-0.0149035211876943 0.0272301305243237 0.0740131767406377 -0.0443027273817923
-0.0144462212513276 0.0474218247193027 0.0253529241867122 0.086213317782139
0.019578227053972 0.0596608473634499 0.147354660942779 0.150496312691452
0.0547549311275942 0.0380534689977156 0.260518990506499 0.0909017332510904
0.0829039138438114 0.0136593665355948 0.319992887022788 0.0230062440563191
0.0885428086684619 0.0117353455954702 0.318454053533972 -0.00568008809691381
0.083980077540109 0.0192139784920156 0.2767514739706 0.0040189365684996
0.0650611838657017 0.0433314074374453 0.186911661415156 0.0394885450647684
0.0352166905858295 0.0646104602423138 0.10910878864935 0.0585814413898891
-0.0210879395299994 0.0555355302454997 0.033868488276327 0.0412473557743146
-0.0299720851165358 0.00358483016486539 0.018762291901357 -0.0352071140997488
-0.00471194444530419 0.0319116467259715 0.0910725371043829 -0.0804926755733683
-0.0274373551011921 0.0479432043115382 0.259236153709917 -0.155600026513488
-0.0693346590585262 -0.0120552721523221 -0.276722523152189 0.180038631738304
-0.0698638726159307 0.0283799165422708 -0.110948819802059 0.134833055945117
-0.0143261732551133 0.0678709060359484 -0.0162260785782955 0.0663695825000759
0.037499694876809 0.0329241651789863 0.0144635864538132 -0.0363735109015647
0.0436641461914129 0.00119036327168297 -0.0681912145722901 -0.0798880150999768
0.0336217022897771 -0.00398694347077722 -0.172220572422951 -0.0554536426896987
0.0227314809199148 -0.00190476253966005 -0.261059135557742 -0.0123517036755844
0.0363550083257998 -0.00777520636919115 -0.31058738296677 0.0120043547520635
0.0476309175871092 -0.00565555141173696 -0.310473890966061 -0.00283338483331126
0.0643522270887975 -0.00491887886134367 -0.257687473001899 -0.0584151274721709
0.069513513500529 0.0222359769143806 -0.167016690421691 -0.102268876816474
0.0514536714542582 0.0764307461192621 -0.0597733081744057 -0.0718254517593708
-0.024946411927256 0.123595265409224 -0.0836804285988151 0.0459977833219152
-0.110675052557549 0.0599907159735291 -0.205961749318605 0.0669416077276355
-0.110402474105532 0.000758893163885798 -0.393825470863398 0.0195466639614257
-0.176867974472106 0.0157035890938902 -0.239616301529421 0.158604826530785
-0.150117919755348 0.0722608457685576 -0.132459565189124 0.114137016908306
-0.0703796518826036 0.128569624774091 -0.0251575773213996 0.0784097496555199
0.0338605052237021 0.114876134467927 0.0252720416463083 -0.0212603816090311
0.0964677274629449 0.071294806986845 -0.0419351638335074 -0.0828095391017627
0.119511542952082 0.0318048987471185 -0.150369622364977 -0.0731512926042055
0.125538058333749 0.00738013188290322 -0.231587827198386 -0.0247848252599273
0.151779328351023 -0.0115247542219734 -0.272087484628644 0.00513424804059336
0.165281162729435 -0.00150204929839788 -0.268230469611873 0.000437098513521772
0.185228055356076 0.0195722085419703 -0.222170551139457 -0.0408827053682307
0.176742422488943 0.0881429570873209 -0.136913310619747 -0.0786448219599968
0.110759334884502 0.183518915052769 -0.0399836201522158 -0.0529317471590759
-0.0330020928407586 0.259821926085396 -0.0684164822519545 0.0712221254594967
-0.200214332762409 0.18575782335945 -0.182713396810258 0.0872688170523361
-0.247533178639421 0.070654709029264 -0.344329748933392 0.0280890969877471
-0.27168532802213 0.0392690239735334 -0.158983917616383 0.133789428679977
-0.229767523093327 0.113607993456125 -0.127821857089717 0.083986044694239
-0.136400385081183 0.188971407526417 -0.0333942524850608 0.0782143278734035
0.019116111503031 0.203924806878064 0.0237536762698611 0.00111152746746413
0.138977238040142 0.151554349293511 -0.0115889277528574 -0.0646469083679419
0.195364721753472 0.0742457371790054 -0.106345165220331 -0.0727069333028563
0.215035613437736 0.0192449029723859 -0.165998172655737 -0.0291864992647308
0.245400590900241 -0.0136453935215945 -0.193008545191593 -0.00309591643835198
0.256851551777996 -0.00341276306039091 -0.185934922902577 -0.00194007616320368
0.283821640282105 0.025011832437018 -0.154477521840312 -0.0272412524540467
0.275094858581046 0.123767655798663 -0.0859288940644144 -0.0554475311086912
0.17892350454995 0.256344122191715 -0.0125422113890036 -0.0393937746561109
-0.0107872887057058 0.36284808478848 -0.0383210372035066 0.0739733561808247
-0.240300452781136 0.29701736208701 -0.131329177097991 0.0811880896881782
-0.336923779666513 0.13948501792361 -0.246592627711604 0.0138396277611407
-0.336010037623533 0.0598566934555784 -0.0366092545254784 0.104485879971314
-0.29223686735474 0.156325299464455 -0.0809045235993422 0.0411458479324941
-0.190068139291181 0.249429295185718 -0.0295683362908577 0.0600904498518823
0.00781109166132922 0.284527161690556 0.0160282925536231 0.0266780522414557
0.17139982302463 0.222234675430801 0.023895830411073 -0.0229293963154461
0.250569802076109 0.111615313176368 -0.0377636416488379 -0.0508567527226985
0.275828308541488 0.0294949422696474 -0.0700586906613184 -0.0251062888199129
0.301861972595693 -0.0134874021560179 -0.0823985360348885 -0.011940603282942
0.307817802595967 -0.00618798910182179 -0.077050739545466 -0.0109839006956764
0.335846253518182 0.0228852297681026 -0.064640914932623 -0.0236673908488786
0.330683864747196 0.131789101679812 -0.0191731590602754 -0.0387342195863615
0.221826380191333 0.28273397928419 0.0185864444266586 -0.0286102482051705
0.0165708049476979 0.400717015100816 -0.00829882737910238 0.0542749981433777
-0.236012638271877 0.349998138073512 -0.0696017072331792 0.0449172710480134
-0.365860110867936 0.182249479453481 -0.122501880739379 -0.0250446035286008
-0.349830382456207 0.0779794679085157 0.11160476655173 0.0681027915596821
-0.308380932069783 0.184693301303637 0.00134299726375738 -0.00882321668254995
-0.204025066198339 0.279062584476072 -0.00968440220217367 0.0297506024939284
0.0035157504922124 0.320030658456963 0.0123957407738123 0.0552170904529109
0.180692980094453 0.253780900183222 0.0662276658798565 0.0346983242682326
0.266767186589019 0.128507732148107 0.049431704990684 -0.0129179919523021
0.293161900923831 0.0337500820882857 0.0446224697283372 -0.0154017328846883
0.311831437725064 -0.00961751355822662 0.0417162004432625 -0.0199337538424545
0.309625278969148 -0.00418998488242125 0.0396359828129413 -0.0226636281618555
0.329244024397518 0.0231457620214679 0.0290184555614535 -0.0236508275047821
0.318976484089436 0.124730128436724 0.0470790522428452 -0.0254364380184299
0.207813893438955 0.26320871806937 0.0464254066215985 -0.0170530458078143
0.0189502738320826 0.358222013490637 0.0123485142476876 0.0249378408228583
-0.202734322461225 0.32777171287775 -0.0132498327122206 -0.00589223413151605
-0.332817864448295 0.185380224931115 0.00585883800666212 -0.077870049404495
-0.300551465038666 0.0863869339464466 0.254700383845779 0.0272119793814543
-0.257089137949084 0.181182694186091 0.0960872577859493 -0.0567968882069832
-0.165338633976174 0.248054236486164 0.0214936022657004 0.000419186654687086
0.00619522544198741 0.278709295637619 0.0176525998848394 0.080281543917531
0.155683427514291 0.226593184342937 0.108023969140339 0.0917122096480137
0.234951416187142 0.116492004773191 0.138916509725681 0.0283758105528142
0.261455082985896 0.0296829624584927 0.159373838943856 -0.00450705152432397
0.273783281482275 -0.00406148721461512 0.159890921099489 -0.0258925171025603
0.265393370999173 0.0041569291041852 0.144130881961828 -0.029714545642721
0.268078120988607 0.0329349182354833 0.106974282461724 -0.0163659359872451
0.244324253179465 0.114510949937834 0.0946690916638787 -0.00721690825405189
0.136526163977986 0.212038903049644 0.0603836679738764 0.000137254025840006
-0.00684128741347737 0.254267166060987 0.0208672745694708 -0.00111760019179835
-0.151142771904279 0.240685180015149 0.0299100276738544 -0.0478442988334512
-0.254951367513867 0.15014098033032 0.116487441197506 -0.125783957773416
-0.194796909610689 0.0801389691495937 0.364343332988536 -0.0132545613823155
-0.149261414271997 0.135315830212756 0.174634817135768 -0.09260610636932
-0.0892245114904715 0.15399038152616 0.0528414567449683 -0.0236382193656607
0.00349161158630829 0.173260302256827 0.0266438425989637 0.0889499896954311
0.099600976744063 0.150982811440881 0.138474704812804 0.12683879661441
0.158610355763525 0.07971693060086 0.210679524041838 0.0596174111630441
0.185397466063635 0.0198231448236444 0.25241908950991 0.003602690021916
0.194890906047461 0.00205999145407999 0.251682493578473 -0.0271635034575805
0.185760803605158 0.012093586028064 0.222838139457148 -0.0255164476516009
0.17300600360652 0.0416081195370603 0.158559517886446 0.00261925725593379
0.138396342081187 0.0956207017150669 0.112954541673285 0.0206613870136283
0.0483347319388839 0.139452791147643 0.0548563827950146 0.0214858119029047
-0.0321409604239236 0.124364760864452 0.0189168330345589 -0.0181735212727461
-0.084206461580569 0.129026300775466 0.0609747549152405 -0.0713966496756572
-0.146799726211687 0.0968046533112847 0.196281203263234 -0.154512538725915
-0.0541080933906615 0.052312250258232 0.415450954529832 -0.0476547961642309
-0.0219985299591761 0.05493284406829 0.219989414703709 -0.118141604715067
-0.0145888733605823 0.027832187488206 0.0693957347741166 -0.0468468292874294
-0.0109639044091781 0.0460348005518318 0.0293749238883901 0.0818912281080795
0.0227775271302623 0.0566420615451339 0.150316288705962 0.137556951184277
0.054115580478577 0.0344225186677642 0.252830239767037 0.0736116280497632
0.0796838258540265 0.00804335804377707 0.308318608014092 0.00400557089362016
0.0860363256855981 0.00623244638759524 0.306511818499352 -0.025780386938005
0.0820195375144396 0.0141639258092858 0.266259190409311 -0.0125698691281266
0.0653584291850729 0.0375850719513437 0.18189241068311 0.027921399224921
0.0373175569061836 0.0596306523245629 0.107157011700551 0.049883572336247
-0.017074114506873 0.0549521426904675 0.0344822408903358 0.0375130672650157
-0.0287867062355185 0.00624471301558222 0.0150999532233846 -0.0332080313120068
-0.00295215396336498 0.0305833251248916 0.0845517348706263 -0.0815560334826989
-0.0246936143826242 0.0464652502880627 0.242137107508212 -0.163861109283731
-0.0606840181334851 -0.0207894577600694 -0.276600447677008 0.133062201431498
-0.0674946066743008 0.0155635652254112 -0.121606302245284 0.11351123723471
-0.0214230151137466 0.0595827817503796 -0.025789620658915 0.060529894931091
0.0293585486634669 0.0351641818357307 0.0163677548724639 -0.0304772382604335
0.0397855065492892 0.00660360375631614 -0.0539710185985099 -0.0801232844194537
0.0333720238910951 -9.09346938328421E-05 -0.151963599851045 -0.0690385209371675
0.0226944726529169 0.00270858369868118 -0.242704276245704 -0.0389593191426492
0.0347992589746217 -0.00268280438114919 -0.295381168882453 -0.0235596457921605
0.0466755952343847 0.00133052393287859 -0.295592988806347 -0.038466310719213
0.062118950984857 0.00362452380749085 -0.240144179343057 -0.085510747410303
0.0631726319835667 0.0310869493339101 -0.148809163813346 -0.118920391886184
0.0392777650847466 0.0800286091644945 -0.0511695550983109 -0.0783587108869081
-0.0367618082141723 0.113469569270332 -0.083725377290103 0.0294419661046663
-0.110271936648125 0.0440955725259463 -0.202036335383442 0.0346991725603492
-0.103066719048114 -0.00981695034349338 -0.380041876981798 -0.0297747313689942
-0.163586244860818 -0.00807529726049476 -0.245776601093057 0.112209887425432
-0.14598824951992 0.0449912181281594 -0.143445694801133 0.0897171706137151
-0.0813732153927819 0.107182894464298 -0.0396860042692444 0.0685711999662224
0.014443991126623 0.110414394767356 0.0209542636998017 -0.0156302292251016
0.0780725709608444 0.0797236162301492 -0.0324437319954733 -0.0791015746007309
0.108030566297284 0.0443983832674788 -0.130810537245426 -0.0792827267481969
0.1180738709895 0.0226042815434206 -0.214717644348063 -0.046664767939009
0.144879908067694 0.00828630695336402 -0.258343969489757 -0.0263586538899333
0.15758150458723 0.0197817697990353 -0.257228936908048 -0.0319135913968168
0.1731322533803 0.0410558914198841 -0.211151086247193 -0.0670521524143158
0.15617886870247 0.106389503761237 -0.126552232483921 -0.0968133173639124
0.0816894307931235 0.18931083593027 -0.0357032126933745 -0.0606538490979469
-0.060306713975615 0.242178826629243 -0.0705391777782469 0.0531941652655291
-0.210564828191103 0.152923313526816 -0.177986773254884 0.0523911871583421
-0.242826640310121 0.0410771441494198 -0.32685305387643 -0.0204013141513842
-0.253448027241543 0.00190503401764631 -0.171260755538955 0.0920647682174413
-0.224711516444545 0.0719955232240522 -0.139548693193459 0.0603803633244252
-0.150591513092966 0.154509135461442 -0.0524562222236139 0.0647084824225096
-0.0118096545069923 0.190337445419845 0.0134470133339754 0.0034905484731528
0.105774489095399 0.160266132606955 -0.0105157923034336 -0.0588868251977785
0.171912787862558 0.0942956334052394 -0.091625634168219 -0.0706113166097997
0.200391379038747 0.0444360464748674 -0.15453416539555 -0.0433201975897376
0.234666990834135 0.0170637958879504 -0.181575127686216 -0.0258085084463432
0.244667633972143 0.0288297180763944 -0.179272134228463 -0.0252283626143734
0.264162285280833 0.0579241757840058 -0.151065872397638 -0.047892921184889
0.243733048513798 0.151306276166545 -0.0840799149880928 -0.0721076855135162
0.137182474864996 0.266661618388132 -0.0137612166864274 -0.0454492544137905
-0.0517133793200645 0.342774357172718 -0.0420521205674358 0.0565766434464163
-0.260658135192909 0.253188795039364 -0.126013573935252 0.0493908646237857
-0.336626450589459 0.0961133476654251 -0.228730933609552 -0.0260538217937345
-0.31502466582495 0.0131508913350835 -0.0584174703833097 0.0743554109550952
-0.287267129888128 0.103610741866624 -0.095047394727741 0.0241674909555619
-0.208646127024381 0.203728712667424 -0.0510661683798461 0.0462135197661874
-0.0339938647586588 0.263660498583095 0.00070417039979596 0.0249243893541768
0.125380264511709 0.23088250110276 0.0138672284218593 -0.0164950827254303
0.21774704075958 0.136691819689783 -0.0325644180886251 -0.040618387070472
0.256163198879118 0.0615289332059368 -0.0659244014628912 -0.0289570390603485
0.287848218311819 0.0229030361919892 -0.0756968025022431 -0.0224855798453018
0.293276974621879 0.0322174511381923 -0.0755066775879732 -0.0223059855371563
0.312823664367176 0.0605107510320797 -0.0675656230606839 -0.034040777977721
0.295696160110592 0.164759784082736 -0.0249862991635551 -0.0495958023902806
0.175403583580631 0.296262821987808 0.0134761162442744 -0.0328733459864942
-0.0294712794306885 0.382663589045688 -0.0111245592239205 0.0406362501968609
-0.26442511388898 0.304643321404567 -0.0615418788142134 0.0198648350156426
-0.369847082189183 0.133864664165313 -0.102666804742893 -0.0520754999390193
-0.330123233841693 0.0270809723490104 0.0805586012019159 0.0563084867911311
-0.306670529152298 0.127842422706826 -0.0146144134728986 -0.0138763315098091
-0.22631799380797 0.229552514100472 -0.0313862533960988 0.0200091656327714
-0.0430989644373416 0.295699250723426 -0.00761369738328629 0.0510298942970011
0.12983992299397 0.262046897302604 0.0447187538800737 0.0426748330722523
0.22922255388236 0.155057524436177 0.0435943065912912 0.00492258915658138
0.271994929654103 0.0665087555047235 0.0394230174764649 -0.00769317536999801
0.296915368238148 0.0275338054476839 0.042799850897464 -0.0163627650691426
0.294127510445646 0.033545524981682 0.0369005119580926 -0.0205132267774917
0.306331248790475 0.0599764536288705 0.0214119030036878 -0.0231670736510403
0.284806049356131 0.155772711225766 0.0369911015249428 -0.0287093081387718
0.164303098761378 0.275119678436085 0.039150620510434 -0.0177805012347531
-0.023048165467294 0.342268125524084 0.011417542124465 0.0167214021719296
-0.230395758545494 0.28764565446846 -0.00317662227279681 -0.0210861921835914
-0.34011840632087 0.139621250452623 0.0262650913333025 -0.0878966718026055
-0.286829049045265 0.0409246949816094 0.21794631091153 0.0369506953310242
-0.259696910049677 0.132539890659628 0.0802349724779019 -0.046968783215616
-0.186302264932769 0.207188624471692 0.00286682513866954 -0.00228556226917104
-0.0349892044689946 0.258357128748163 -0.0038884275950222 0.074709683627927
0.110994074881818 0.234044418141293 0.0787968598716063 0.0988593979624886
0.200515414930155 0.139909737486877 0.121941501867299 0.0518988186236879
0.24203360041354 0.0578856088084608 0.145167330355057 0.014446189560127
0.26082600368461 0.0284832213962074 0.154012870599765 -0.00907136731089381
0.250821936187159 0.0348255811541492 0.137484909439726 -0.0153384259891947
0.24653084279547 0.0624298588231304 0.0966689792754982 -0.00774862052728937
0.215286420743819 0.137096278030261 0.0823035775480648 -0.00392174312597501
0.102851397022408 0.216861011703639 0.0526925755281821 0.00145522550490007
-0.035559371153685 0.240484591893394 0.0223193844174018 -0.00350270230731472
-0.171288519117748 0.210893687163318 0.0409771989623999 -0.0526084154114909
-0.262520814153332 0.114474841961981 0.13611772258934 -0.119129382045525
-0.189109538316093 0.0485202134575322 0.326537099369148 0.0165659128679995
-0.155030909348358 0.105223124446396 0.162367774010535 -0.070036694742703
-0.104514183127077 0.130823954829817 0.0404671784986681 -0.018772626030223
-0.0219864034563497 0.160909228994973 0.00791783664080855 0.0849354390933572
0.0699238039982796 0.156151710842174 0.106176026065409 0.13442829897513
0.133968015567851 0.0965475291881231 0.186395214655038 0.0853015652013755
0.1714456491489 0.0390076536975022 0.232885666863821 0.0307406893906978
0.185311945347543 0.0244154160762387 0.241672074514773 -4.93095387117542E-05
0.174218777978429 0.032591347178729 0.212088633269589 -0.00186704766837578
0.156286300579517 0.059201956150099 0.145721105866986 0.0166693067333765
0.11788779759554 0.105976871241734 0.100323006247294 0.0272890693359303
0.0288525672689552 0.137204519107975 0.0480155348034111 0.022916806252878
-0.0455167985336556 0.115035269765864 0.0223846247235129 -0.0166183869308493
-0.0954699521810547 0.112244963389485 0.0715375384015999 -0.0665491724700093
-0.153831833810704 0.0755767059040917 0.213493978136545 -0.134111776061411
-0.0570385296063318 0.0412061006023695 0.384316922627711 -0.00163790174574849
-0.0276727403745467 0.0481694613084773 0.214423410580182 -0.08665492131256
-0.0180467525082677 0.0246180400404043 0.0674768681830106 -0.0361749485751752
-0.0165600393625934 0.0410430794445875 0.0162503594711595 0.0786418468683557
0.0128277086662906 0.0568059068735779 0.120767882308483 0.144420467606881
0.0431092473570859 0.0403927773756132 0.22574145684464 0.0985519833932987
0.0729441887131095 0.0151980309850238 0.286072789312866 0.0374957970431101
0.0820639847593083 0.01539498119444 0.292386675871312 0.00925202413187811
0.0752114245587481 0.022350426219712 0.25385107399479 0.0157622246995069
0.0564955910391961 0.0430623505527744 0.167434223758504 0.0448795516673831
0.0268386074321212 0.0594243182853912 0.0944189709694826 0.0574059128654937
-0.0227054505214269 0.048853106511012 0.0288762154909167 0.0380390527505833
-0.0288308396069197 0.00353733080066396 0.0185014131241434 -0.0289900360740958
-0.00749705568007466 0.0281582048071664 0.0918498273335825 -0.0688537965049559
-0.0324242316945498 0.0408237828870387 0.254346415661869 -0.133735476754423
-0.0578861248553693 -0.0214917630915833 -0.270691261288699 0.123210631222028
-0.0646264374188441 0.0125016571765069 -0.120678447646884 0.108080421487747
-0.0215017643985053 0.0558952541887773 -0.0255287873638095 0.0589318937000975
0.0275006016039358 0.034366625475441 0.0161876279267201 -0.0297901028887144
0.0376113440048452 0.00685066052280307 -0.0494967255068974 -0.0793136638623633
0.0323069433821638 -0.000138732106455812 -0.143289381364071 -0.0693473660731704
0.0226178238022898 0.0037434796068971 -0.233820350086526 -0.0410138403762813
0.0338992570882282 -0.00188221448750718 -0.286922185248849 -0.0258655214818564
0.0452766486584853 0.00157828478274009 -0.285420255185648 -0.0417645838451275
0.0599268642598271 0.00460978316634419 -0.230885286454631 -0.0864398282885928
0.0604385557676985 0.0316173648110394 -0.141749260352117 -0.117862143787313
0.0361064947312913 0.0780749418003346 -0.0481611357472292 -0.0774205483014676
-0.0382225503524447 0.108828147905908 -0.0811416380351542 0.0263588279766677
-0.107894069661228 0.0397156501596748 -0.197148773015107 0.0271250379045907
-0.0993283524129886 -0.0115011931299268 -0.365674992812892 -0.0360534243326801
-0.156928046345307 -0.0122051271357222 -0.240441169660601 0.103569055252967
-0.141259605641974 0.0390599876436684 -0.141453759662005 0.0848016565328049
-0.0810981206034975 0.100503672455628 -0.0396339164374278 0.0651009108114219
0.0113477459884766 0.106116739800174 0.0208054387177229 -0.0152567401593373
0.0728724589121331 0.077791361403138 -0.0283674958489145 -0.0780659562038434
0.102966639875503 0.0441626099106738 -0.123607904062006 -0.0788874131061038
0.114546808463672 0.0254835867342812 -0.206106306759005 -0.048156031084561
0.140948929221851 0.0102464053438721 -0.250396664593533 -0.0282171006724023
0.152489768530923 0.0211357781146228 -0.248673671163797 -0.0355759760252357
0.166188617965653 0.0422829650381025 -0.203074430755524 -0.0679178891947246
0.149458631394294 0.10569867139878 -0.120800004593337 -0.0963404547998848
0.0750764753516158 0.184704987058295 -0.0337424938101555 -0.0595189558257866
-0.0649735411617522 0.233052028371355 -0.0686976702180132 0.0503532594573663
-0.208793868370776 0.142992418194068 -0.173559253751609 0.0453683048228863
-0.235716925025261 0.0351816210293451 -0.314378173631019 -0.0257238034512069
-0.244335837004928 -0.00493856867088047 -0.168889006113409 0.085940418922675
-0.217861314296352 0.0636820689762245 -0.137031262692022 0.0569460180226517
-0.149075664157357 0.145134667743361 -0.0524939530632101 0.0604508939466249
-0.0157932827273161 0.182781580975912 0.0135029324861039 0.0034534904375493
0.0979926702497012 0.156164493539414 -0.00812579189320156 -0.0571632196292619
0.163716133784524 0.0941820638780553 -0.0870301335085787 -0.0697053415687061
0.193205983364037 0.0476959981140055 -0.147789339367918 -0.0442941269996756
0.227269826599378 0.020423066817401 -0.175935289401855 -0.0268882525588263
0.23662234875281 0.0321164331915869 -0.173609243295798 -0.0273110976451698
0.254133875828802 0.0602042034927259 -0.145339185734597 -0.0479374082561895
0.233577182311916 0.150461449688045 -0.0812556636120153 -0.0721311442014748
0.126598675654759 0.26006964317304 -0.0129301454277221 -0.0446833221114977
-0.0580743763466469 0.330723320390918 -0.0411404449482835 0.0556258946613041
-0.259659342420184 0.238571493585561 -0.122503424391227 0.0436718458150196
-0.328305725364701 0.0860221419699082 -0.217680798338751 -0.0299965627987505
-0.304314923537087 0.00373069979290709 -0.0592909442328584 0.0714234029029754
-0.278711577632179 0.0923681144746163 -0.0936064479711277 0.0229249519468
-0.206500955134282 0.191703451759468 -0.0512799929866345 0.0419894314555237
-0.0392111359616357 0.253061404562118 0.000228955374873645 0.0244918652881162
0.115783208846575 0.224955055608308 0.0150571789486743 -0.0156891332218209
0.206463611988683 0.136289602073633 -0.0307060504499257 -0.0393917841696093
0.246029742913892 0.0640736766413868 -0.06271204358233 -0.0289976176644043
0.279004291008706 0.0273915925816545 -0.0736828309640205 -0.022485024109547
0.283518093348246 0.0360860413868451 -0.0727094700347407 -0.0227013759145283
0.300813329743376 0.063832173987338 -0.0650758320612088 -0.0327507334490929
0.282573576596959 0.163716728256223 -0.0246805808386583 -0.0489451291919883
0.16336129959588 0.289426886370091 0.0135548097865202 -0.0312518244899585
-0.0385282657372576 0.37047259626583 -0.0106559015182987 0.0411553584032503
-0.263863385287588 0.289776518223618 -0.0592576016639799 0.0170649100669789
-0.360297262302039 0.121585074351205 -0.0946913153903754 -0.0521188019342131
-0.319102788848415 0.0172412525315454 0.0750222215959436 0.0572310415198937
-0.298542303630997 0.115957884670246 -0.0150032181167195 -0.0124275103945855
-0.22476469705577 0.21750012809508 -0.0320304634293478 0.0168668578362059
-0.0486909780548292 0.284408966333664 -0.0087528714242624 0.0491497418958455
0.119634275921071 0.25580484550846 0.04406066093767 0.0421887501158939
0.21834623420598 0.155186071221082 0.0412233663259664 0.00639709083616151
0.26062826443586 0.0699543688180888 0.0391856549280353 -0.00639568726442029
0.287684668490862 0.0321328143471599 0.0411213496548692 -0.015604656830965
0.284412756489556 0.0374198171901037 0.0363054751693014 -0.0198108453325573
0.293300486218009 0.0624783987094222 0.0204434706905838 -0.0204587979010059
0.272241679694426 0.15444194590455 0.0348920961749418 -0.0272566389714462
0.153033685129605 0.268033909403317 0.0376387986857615 -0.016319555410821
-0.030315061167702 0.331440536103652 0.0117559958866643 0.0190761047439198
-0.229044011567536 0.273743479505895 -0.00102862197269005 -0.0207055567239106
-0.332147998720586 0.127901883320306 0.0306457667986302 -0.0855420582427228
-0.278508464883615 0.0314977215612274 0.208655317987861 0.0408507384326129
-0.253877807896712 0.120974154755959 0.0775796770784602 -0.0424732052778658
-0.186785190685186 0.196277322555056 0.00193372187223717 -0.00413301047191568
-0.0395870208761679 0.248382416756141 -0.00515951798279614 0.0727359304001782
0.103421422401955 0.228440279226666 0.07515733182873 0.0973610253877164
0.190786444469945 0.140308050921403 0.115381514013605 0.0529641269837579
0.232349222599476 0.0610075895293956 0.139795313917555 0.0170205750402631
0.252491299323798 0.0313836298327897 0.148762343635229 -0.00669325049343064
0.243471450881195 0.0378801511863035 0.133043988437486 -0.0130757846171454
0.236668434708274 0.0640340208855678 0.0935215868126252 -0.00419162387055159
0.205063939408786 0.134251742155884 0.0778188412695001 -0.00234931406222492
0.0953808078202756 0.210827197454751 0.0508137435709611 0.0028319685334062
-0.0399701675094293 0.232230123824358 0.0220386785876299 -0.000553372817791827
-0.170194883657545 0.200465799471307 0.0425035925474473 -0.0493921840674708
-0.256828549045155 0.104796088815438 0.137292772964796 -0.113585549036802
-0.184783852121619 0.0413680985892563 0.314050674733919 0.0236857906823613
-0.152621020090591 0.0977156199469236 0.157931103133384 -0.0629933789239462
-0.105577885379921 0.125075189400519 0.0387898744221131 -0.0182988325596521
-0.0251485671925406 0.154912022012463 0.00605510045404543 0.083080152927486
0.0651621748957676 0.151778032274507 0.10123841594519 0.133239797831321
0.127380091199822 0.0973548572532452 0.176724037723812 0.0870334011709307
0.163884423531698 0.0408493846717426 0.223505639088919 0.0342435966636112
0.179163571212544 0.0261018591671212 0.233966504279765 0.00299844059778135
0.168705466906207 0.0348600744240036 0.205084736951 0.000669922182313671
0.149133332977995 0.0595816149683461 0.140633690332994 0.0197233882946368
0.111683392140906 0.103210628153869 0.0949751676495177 0.028499973443822
0.0250856510023892 0.131780543559312 0.0453431387533827 0.0232120759647597
-0.0469872867784123 0.11167331086065 0.0218321542064633 -0.0135661501907943
-0.0950225581603815 0.106068075526888 0.072256141911554 -0.0622696991818124
-0.151503865604828 0.0689417303076808 0.210451907278064 -0.125729474545602
-0.0569493512258684 0.0378939399725335 0.370951507431164 0.00634796344584651
-0.0280271493231007 0.0464153802891785 0.208728332944399 -0.079510537845402
-0.0187880350024195 0.0244398196117275 0.0657982998250019 -0.0340884468826107
-0.0171357233222935 0.0391298196467289 0.0148965541551546 0.0778030786285484
0.011395203993377 0.0553752269366845 0.114832203276075 0.143468187123591
0.0411404038751692 0.0407056056567547 0.214817356888914 0.099962161180509
0.0686313691075276 0.0154777161286309 0.275466901258583 0.0402084402702182
0.0791280782975075 0.0159372175695292 0.282540837908104 0.011936079938766
0.0727203908509633 0.023046253923333 0.244961376500616 0.0185369668257323
0.0533515017285836 0.042571764453381 0.160875608265897 0.0471543355701922
0.0248182154507604 0.0575791229653756 0.0892024313196603 0.0577065527999291
-0.021982526194152 0.0464368649901078 0.0270653853256597 0.0371245158265367
-0.0276203328968186 0.0035971443894836 0.0179816673043251 -0.0266395058135491
-0.00799181601486494 0.027215479235683 0.0915596910891291 -0.0645286234390091
-0.0332936120812486 0.0380390096529462 0.249462642644863 -0.125745365620071
-0.0562597438889157 -0.0235074558984169 -0.277330236495072 0.115618153232703
-0.0650347896474645 0.00957221227530217 -0.124528062892775 0.105633767417982
-0.0232462330851732 0.0545406168248965 -0.0269558593078131 0.0582074591601838
0.0264193715953016 0.0348003223366738 0.0172002501135271 -0.0300095946298507
0.0371482343941809 0.00818301587965723 -0.0463468882493532 -0.0819994675713684
0.0323264454342102 0.00049428919931533 -0.14000465515351 -0.0745665045134642
0.0232323771416914 0.00584977225561209 -0.233121864364385 -0.0478871763077968
0.0341463238858383 -0.000887416713665567 -0.287499361340768 -0.0317846558962842
0.0449349883036807 0.00220871916228173 -0.286044937083413 -0.0505285875272001
0.0597042241088155 0.00612516359516819 -0.229579370370266 -0.0933836893595719
0.0594744759574846 0.0334525897225172 -0.138867473682161 -0.123370071618409
0.0332478967425634 0.080539775704239 -0.0460299561080316 -0.0798277708538994
-0.0425250219343279 0.107565958745059 -0.0816186695043829 0.0228222205321665
-0.110619937555962 0.0365134117090825 -0.20047807483216 0.018376077341103
-0.0992586614915776 -0.0139481631456901 -0.365141468169272 -0.0484667301940495
-0.156623061918595 -0.0175064155867428 -0.246168120867391 0.0969372145475992
-0.142492657614296 0.0331041429526614 -0.145091951120255 0.0822081550853343
-0.0851371491197114 0.0972391738289309 -0.0419741187111649 0.0638698151253331
0.00769514016861413 0.105976647885386 0.0213189914510389 -0.0150693971409579
0.0702389533346235 0.080201316661021 -0.0255058894809077 -0.0800039314544851
0.101541872024539 0.0474366879290828 -0.120647310253444 -0.0826572725404073
0.114482093844063 0.0298379708299285 -0.204714075026 -0.0536147268284493
0.141438710558697 0.0151840264686199 -0.251528063868787 -0.0334429502975826
0.153092212781981 0.0262884363250872 -0.248911592188216 -0.0424792581433901
0.16606447977409 0.047315020888578 -0.20246312174302 -0.0732168466288987
0.146306774304799 0.110623144461791 -0.118699548669454 -0.101186074208352
0.0685919756146719 0.188334003117207 -0.0327875873276909 -0.0612522996876336
-0.0743625384650611 0.232136990174139 -0.0697577779248855 0.0491276829545531
-0.215290975864239 0.13751357979523 -0.176986980685759 0.0370400983633852
-0.238267573392543 0.0274199557445868 -0.313138335435987 -0.0360177225139414
-0.244702492688238 -0.0138811570129703 -0.17404354890268 0.0815108031878579
-0.219913588528857 0.0550584860329604 -0.139734863948464 0.0535795224785868
-0.155147506064661 0.13998821241499 -0.0547527938828621 0.0580464159166866
-0.0229877299744816 0.181335411414077 0.0136030483155944 0.00389144919416574
0.0931266730638681 0.159588723016017 -0.00497830825031876 -0.0583255562030742
0.160470407537922 0.0994952455100468 -0.0845044882822011 -0.0720224111378048
0.192758029324757 0.0548871987537132 -0.146418815480391 -0.0483699685263293
0.228648236886405 0.0275535222137626 -0.176772124462636 -0.0303313626612574
0.237928341662343 0.0392885089560003 -0.173320438939855 -0.0323487489410791
0.252804598500024 0.0675091710835884 -0.144745208363263 -0.0509300757884011
0.229729662876957 0.157274682814145 -0.0801440649105165 -0.0755630958534157
0.118191901610289 0.265903305196565 -0.0118659764844663 -0.0459163728098815
-0.0707493855582225 0.33159901140297 -0.0419589330664976 0.0554492561371196
-0.269643476522281 0.231049923004125 -0.12464565156553 0.0378781031602671
-0.332849647508344 0.0761651494734259 -0.214905235188871 -0.0370645905170074
-0.306217596488903 -0.00731459860644574 -0.0630961816122391 0.0709693060193023
-0.28284567233734 0.0812337175905891 -0.0956135941251 0.0220691423219292
-0.215132814527014 0.184717139585443 -0.0541092965655918 0.0393349901408639
-0.0481833012068586 0.251947640164517 -0.000926763614894788 0.0248031600745999
0.108720052298973 0.229101539677637 0.0172023185947694 -0.0162864899919895
0.202238204338485 0.14338949124173 -0.0297140347466804 -0.0405123272223571
0.245238396518979 0.0728897849839916 -0.0623090250311735 -0.030547187004734
0.280293500445148 0.0358490857519149 -0.0740320569927658 -0.0234503058582188
0.285213128631904 0.043847627268292 -0.0721285248850546 -0.0255292846696771
0.299439341289732 0.0720719861785385 -0.0645129359365265 -0.0324026341780443
0.278722815636406 0.171245467589734 -0.0250892237376619 -0.0498389928759228
0.153927304751775 0.295317822374525 0.013850175162491 -0.0312573862043417
-0.0510881596375343 0.371027380121588 -0.0106174297152356 0.0432657382583651
-0.274108738947061 0.28360474638458 -0.0593617598635273 0.0136464031370122
-0.365475282878265 0.110284998478237 -0.0906255542841234 -0.0561359970963963
-0.322329846037632 0.00493451234309037 0.072141655076941 0.0604236835114477
-0.303604236899032 0.104192421846741 -0.0159804720080696 -0.0109448116014293
-0.235134684213471 0.210687691348874 -0.0342853303506815 0.0140827972137844
-0.058992045571388 0.283240184832173 -0.00999610064028882 0.0499299208726794
0.111919904313108 0.260617405156857 0.0445970079120046 0.043386258993211
0.213842986767846 0.163149973366735 0.0398361127029105 0.00827138443761266
0.259517487845927 0.0780820983225636 0.0385711091471971 -0.0043304944471136
0.289636301657295 0.0397626309800895 0.0404340568440048 -0.0144551480056806
0.286085495659994 0.0456988199446911 0.0368250935968756 -0.0193774669001596
0.292434433303858 0.0709136400875149 0.0217279033851147 -0.0184614865336293
0.268501022963394 0.161638114557886 0.033766685015714 -0.0262659534741889
0.14432910817524 0.272876828660502 0.0381920201150873 -0.0150545493968975
-0.0424565627207912 0.333453710483538 0.0126567787424054 0.0214515556150757
-0.239667949495768 0.266792784629047 0.000925017732281658 -0.0213158928781981
-0.3372745205631 0.117023722114802 0.0360894777977427 -0.0854200226357148
-0.281805408508868 0.0213286825097778 0.207084297966797 0.0489752505133111
-0.259198423139758 0.111380745462038 0.0782714813679841 -0.0385882003967441
-0.195925721778574 0.192009110502366 1.17598164991931E-05 -0.00541132744599
-0.0492000904233746 0.248014256078962 -0.00733396337230948 0.0737228035954385
0.0962646976275622 0.233082217533859 0.0735992056781659 0.100842583526081
0.1870618405432 0.148226805581866 0.112492527079678 0.0581559696308456
0.231119057697468 0.0690071441921432 0.139396892177159 0.0211460504962189
0.253101859193552 0.0386946704999331 0.14905136885757 -0.00351213702345188
0.244262024505743 0.0451559822535336 0.133716500348044 -0.0102427588437279
0.234823032560497 0.0704416206872224 0.0938835556482518 0.000254093115489172
0.201088619228943 0.139622880811598 0.0764146275755082 0.000205972342753728
0.0885933216336848 0.213401837316655 0.0506530362153432 0.00423115275887641
-0.0481922159002385 0.232236942658101 0.0230918535292586 0.00274218006596696
-0.177914668436191 0.195196418284569 0.0462339461356057 -0.0484884655095424
-0.261238308445921 0.0959010336244995 0.142892487851608 -0.110539056875877
-0.188353744069612 0.0341886863182256 0.313942162911544 0.0347081428408206
-0.157483080735764 0.0924786615850814 0.159172639894866 -0.0572324417042193
-0.11163530956265 0.122515126537687 0.0382829894993286 -0.0184224035442788
-0.0307264715698739 0.154494714484169 0.0039407375537156 0.0847707944364663
0.0603918072074092 0.155112848233905 0.0976921513886215 0.13777808690927
0.125196162547781 0.102708080740625 0.173331090777619 0.0937102455561293
0.162647502858092 0.045778403324215 0.223074297829594 0.0410346859697228
0.179442566586534 0.0313505033199498 0.234442322677593 0.00851943594067352
0.168924138430493 0.0400039185446255 0.206106510860091 0.0060583561271389
0.147585655821184 0.0643998932817563 0.140561899080793 0.0244871982639335
0.10881814789285 0.105584462248382 0.0932018808430146 0.0316387778054934
0.0211599233857616 0.132549901699866 0.0446543516650148 0.0251287248859374
-0.0506375543648487 0.111038948765718 0.0228254101568321 -0.0110578579697727
-0.0988433363977671 0.103344147833632 0.076290679503954 -0.0601835179179138
-0.15497981282123 0.0635865216501813 0.216856219460259 -0.121479477167552
-0.0592656182116036 0.0356300103191436 0.371396191572281 0.0195793893434314
-0.0300365584000374 0.0459865782841539 0.211654388019288 -0.0724867729630423
-0.0204392948483749 0.0248844204551393 0.0669551625836581 -0.0326405700794832
-0.0186104548465609 0.0389554210124215 0.0133929004357846 0.0790489475123607
0.0100612423260995 0.0556058827855509 0.110972748538917 0.148160812612609
0.0402911906905976 0.0427813250097458 0.211884450019101 0.107771796525254
0.0678794900569827 0.0172716425163815 0.273591425410032 0.0487330800281915
0.0789775235161342 0.0182069371666768 0.283369977588691 0.0174129460839423
0.0737050267902305 0.0252063438951615 0.245378953595299 0.0250120542441221
0.0525297070689539 0.0451140082182475 0.160074384736301 0.0520985973686632
0.0227901285639958 0.0578430029397829 0.0865969023334297 0.0607028619185743
-0.0235312951237163 0.0451923423488036 0.0248860880457042 0.0376050527548118
-0.0276949256051351 0.00396419393092881 0.0181278953553912 -0.0248551022940651
-0.00923103464221955 0.0270958393400356 0.0957417498192518 -0.0613772747441829
-0.0355686111011159 0.0363018189270542 0.254135657605468 -0.11831672845286
