TRXV5
3
4
4
9
string Extension=J
integer IsArchMeasurement=1
integer IsSpherical=1
string Generator=SPM
string GeneratorVersion=1.3.1 Dev
double ArchRadius=0.449999988079071
integer FrequencyAxisIndex=0
integer AzimuthAxisIndex=1
integer ElevationAxisIndex=2
Frequency
5 136 690000000 960000000 LIN
Azimuth
7 8 0 2.74889357189107 LIN
Elevation
7 15 -2.74889357189107 2.74889357189107 LIN
Polar H Real Part
13
Polar H Imaginary Part
14
Polar V Real Part
13
Polar V Imaginary Part
14
Polar H Magnitude (dB)
12 0xC0000002 0 1
Polar H Phase
7 0xC0000003 0 1
Polar V Magnitude (dB)
12 0xC0000002 2 3
Polar V Phase
7 0xC0000003 2 3
-0.00201821327209473 0.00242948532104492 -0.0258331298828125 -0.0603599548339844
-0.00356626510620117 -0.00362205505371094 -0.00899124145507813 -0.0260028839111328
-0.00831317901611328 0.00172185897827149 0.0147075653076172 0.00112819671630859
-0.00291585922241211 0.00725698471069336 0.0395469665527344 -0.00555038452148438
0.00273418426513672 0.00502490997314453 0.0431632995605469 -0.0208702087402344
0.00310826301574707 0.000769853591918945 0.0380287170410156 -0.0400276184082031
0.00361537933349609 -0.00410699844360352 0.02362060546875 -0.0485954284667969
0.00173568725585938 -0.00325369834899902 0.00976943969726563 -0.0426254272460938
0.00167226791381836 -0.00336265563964844 0.00208663940429688 -0.0317344665527344
0.00518989562988281 -0.00183725357055664 -0.002899169921875 -0.0215320587158203
0.00494194030761719 0.00214815139770508 -0.0157489776611328 -0.0147409439086914
-0.000963687896728515 0.00513648986816406 -0.0213031768798828 -0.0118217468261719
-0.0070338249206543 -0.000707626342773438 -0.0286159515380859 -0.0158481597900391
-0.000934600830078125 -0.0064091682434082 -0.0416145324707031 -0.0179252624511719
-0.00114226341247559 -0.00268959999084473 -0.0388946533203125 -0.0165138244628906
0.0105724334716797 0.022125244140625 -0.0201148986816406 -0.0561904907226563
0.0100059509277344 0.0138731002807617 -0.00284004211425781 -0.021270751953125
0.00637912750244141 0.0134248733520508 0.0193405151367188 0.00114822387695313
0.0127725601196289 0.0136337280273438 0.041595458984375 -0.00525665283203125
0.0176105499267578 0.0049285888671875 0.0438957214355469 -0.0200958251953125
0.0177440643310547 -0.00818824768066406 0.0370254516601563 -0.0390853881835938
0.0135593414306641 -0.0168142318725586 0.0213356018066406 -0.0441246032714844
0.0111074447631836 -0.0157995223999023 0.006439208984375 -0.0375022888183594
0.0111675262451172 -0.0181236267089844 -0.00163650512695313 -0.0264816284179688
0.0172138214111328 -0.0159425735473633 -0.00652885437011719 -0.0183620452880859
0.0200901031494141 -0.00697517395019531 -0.0189170837402344 -0.0119075775146484
0.0169582366943359 0.00123786926269531 -0.0218410491943359 -0.0106029510498047
0.0111207962036133 0.00457382202148438 -0.0285491943359375 -0.0147666931152344
0.0158557891845703 0.00609493255615234 -0.0376968383789062 -0.0139617919921875
0.0148611068725586 0.0123996734619141 -0.0345478057861328 -0.0113544464111328
0.020660400390625 0.0389671325683594 -0.0115776062011719 -0.0457839965820313
0.0226650238037109 0.0307044982910156 0.00622844696044922 -0.0112886428833008
0.0205631256103516 0.0242347717285156 0.0240383148193359 0.00347328186035156
0.0284385681152344 0.0186119079589844 0.0431404113769531 -0.00450897216796875
0.0316429138183594 0.00390434265136719 0.0415229797363281 -0.0187225341796875
0.030517578125 -0.0151844024658203 0.0325889587402344 -0.0358123779296875
0.0216312408447266 -0.0276107788085938 0.0163192749023438 -0.0359458923339844
0.0180110931396484 -0.0256500244140625 0.00183486938476562 -0.0265350341796875
0.0178165435791016 -0.0300617218017578 -0.00548839569091797 -0.0156021118164063
0.0250930786132813 -0.0283489227294922 -0.0113592147827148 -0.00989532470703125
0.0317707061767578 -0.0153083801269531 -0.0229454040527344 -0.0062255859375
0.0315456390380859 -0.00453948974609375 -0.0244426727294922 -0.00873374938964844
0.0279769897460938 0.00757598876953125 -0.0270538330078125 -0.0137767791748047
0.0307846069335937 0.0156936645507812 -0.0292224884033203 -0.008636474609375
0.0276870727539063 0.0253486633300781 -0.0256977081298828 -0.00174522399902343
0.0283966064453125 0.0507354736328125 -0.000213623046874998 -0.0309410095214844
0.0349082946777344 0.0432052612304688 0.0154542922973633 0.00139808654785156
0.0350627899169922 0.0305118560791016 0.0280323028564453 0.00734519958496094
0.04248046875 0.0193672180175781 0.0417556762695313 -0.00292587280273437
0.0425949096679688 0.00057220458984375 0.0354080200195313 -0.0159072875976563
0.0383987426757813 -0.023162841796875 0.0240058898925781 -0.028839111328125
0.0250167846679687 -0.0346221923828125 0.00859451293945313 -0.0223617553710938
0.0218982696533203 -0.0315685272216797 -0.00355339050292969 -0.0118169784545898
0.0219497680664063 -0.0368309020996094 -0.00908184051513672 -0.000772476196289065
0.0293502807617188 -0.0355606079101563 -0.0159988403320312 0.00148487091064453
0.0378379821777344 -0.0209579467773438 -0.0261516571044922 0.0031280517578125
0.0412750244140625 -0.00838088989257813 -0.0254402160644531 -0.00469589233398437
0.0394744873046875 0.00951385498046875 -0.0250568389892578 -0.0126094818115234
0.0418663024902344 0.0236396789550781 -0.0172958374023437 -0.00363922119140625
0.035888671875 0.0354995727539063 -0.0124378204345703 0.0105133056640625
0.0318603515625 0.0539131164550781 0.0122613906860352 -0.0143442153930664
0.0427207946777344 0.0476188659667969 0.0256919860839844 0.0125904083251953
0.0440406799316406 0.0301780700683594 0.0315876007080078 0.0105991363525391
0.0499343872070313 0.0152206420898438 0.0376968383789063 3.05175781250009E-05
0.0461311340332031 -0.005462646484375 0.0275344848632813 -0.0105228424072266
0.0385246276855469 -0.0287246704101563 0.0145950317382813 -0.0183277130126953
0.0242919921875 -0.0373611450195313 0.00147390365600586 -0.00713443756103516
0.0215740203857422 -0.0333080291748047 -0.00699996948242187 0.00458145141601562
0.0229721069335938 -0.037994384765625 -0.0123720169067383 0.0144453048706055
0.0303878784179688 -0.0360527038574219 -0.0201930999755859 0.0141162872314453
0.0398216247558594 -0.0214462280273437 -0.0291156768798828 0.0112419128417969
0.0453224182128906 -0.00847625732421875 -0.0264568328857422 -0.000425338745117188
0.0453834533691406 0.0128211975097656 -0.0205097198486328 -0.0105667114257812
0.0451889038085938 0.0301971435546875 -0.00466299057006836 0.00247049331665039
0.0367469787597656 0.0416412353515625 0.000719070434570314 0.0254058837890625
0.0302352905273438 0.0487785339355469 0.0251445770263672 0.000823974609375003
0.0437202453613281 0.0430908203125 0.0349864959716797 0.0204181671142578
0.0454750061035156 0.0247077941894531 0.0322456359863281 0.0114078521728516
0.0481147766113281 0.00783920288085938 0.0302677154541016 0.00302696228027344
0.04144287109375 -0.0102958679199219 0.0180797576904297 -0.00360679626464844
0.0318775177001953 -0.0297527313232422 0.00560760498046875 -0.0049443244934082
0.0195674896240234 -0.0331401824951172 -0.00435733795166015 0.00919628143310547
0.0184822082519531 -0.0280609130859375 -0.0104923248291016 0.0203227996826172
0.0203590393066406 -0.0331287384033203 -0.01678466796875 0.0280303955078125
0.0274429321289063 -0.0302047729492188 -0.0254459381103516 0.0241603851318359
0.0372886657714844 -0.0169143676757812 -0.0320625305175781 0.0182209014892578
0.0427017211914063 -0.00457382202148438 -0.0272216796875 0.00298881530761718
0.0412712097167969 0.0168037414550781 -0.0158567428588867 -0.00804996490478515
0.0400543212890625 0.0329513549804687 0.00746726989746094 0.0107927322387695
0.0305824279785156 0.0428619384765625 0.01153564453125 0.04052734375
0.0223236083984375 0.0358238220214844 0.0350589752197266 0.0101890563964844
0.0367927551269531 0.0329666137695313 0.0417633056640625 0.0231056213378906
0.0370674133300781 0.0150680541992188 0.03076171875 0.0110874176025391
0.036468505859375 0.00136566162109375 0.0233135223388672 0.00622367858886719
0.0293560028076172 -0.0121936798095703 0.0114364624023438 0.003875732421875
0.0196094512939453 -0.0249042510986328 0.000150680541992189 0.00699663162231445
0.0111885070800781 -0.0238246917724609 -0.00757789611816406 0.0237464904785156
0.0117034912109375 -0.0201930999755859 -0.0128498077392578 0.0328521728515625
0.0141563415527344 -0.0236587524414063 -0.0205001831054687 0.0385208129882813
0.0201644897460938 -0.0217151641845703 -0.0315647125244141 0.0314369201660156
0.0284595489501953 -0.0107402801513672 -0.036102294921875 0.0215339660644531
0.0339221954345703 -0.000865936279296875 -0.0288963317871094 0.00505638122558594
0.0327968597412109 0.0170764923095703 -0.0127496719360352 -0.00387859344482422
0.0303211212158203 0.03106689453125 0.0142707824707031 0.0198612213134766
0.0199546813964844 0.0376434326171875 0.01861572265625 0.0552215576171875
0.00963973999023438 0.0188083648681641 0.0413246154785156 0.0135574340820313
0.023651123046875 0.0184402465820313 0.0438041687011719 0.021087646484375
0.0224456787109375 0.005126953125 0.0292987823486328 0.0101852416992188
0.0191020965576172 -0.00410842895507813 0.0185928344726563 0.00970268249511719
0.0126142501831055 -0.0104312896728516 0.00850963592529297 0.00964832305908203
0.005157470703125 -0.0146322250366211 -0.0018472671508789 0.0167760848999023
0.001800537109375 -0.0104312896728516 -0.00738334655761719 0.03204345703125
0.00281763076782227 -0.00783967971801758 -0.0133094787597656 0.0403671264648438
0.0046224594116211 -0.0114965438842773 -0.0233802795410156 0.0444526672363281
0.00838375091552735 -0.0121240615844727 -0.0366744995117188 0.03558349609375
0.0158042907714844 -0.00701236724853516 -0.0400581359863281 0.0233268737792969
0.0201892852783203 -0.000726699829101563 -0.0313282012939453 0.00717353820800781
0.0202350616455078 0.0123023986816406 -0.0133018493652344 0.000552177429199218
0.0173740386962891 0.0214729309082031 0.0156002044677734 0.0280494689941406
0.00675392150878906 0.0252590179443359 0.0204925537109375 0.066009521484375
-0.000879764556884765 0.00312662124633789 -0.0298881530761719 -0.0596656799316406
-0.00376272201538086 -0.0028228759765625 -0.0103874206542969 -0.0255126953125
-0.00810813903808594 0.002960205078125 0.0152044296264648 0.00017547607421875
-0.00226593017578125 0.00754070281982422 0.0395965576171875 -0.00800704956054688
0.00343942642211914 0.00443458557128906 0.0428390502929687 -0.0239181518554688
0.00391697883605957 0.00043940544128418 0.0359878540039063 -0.0430183410644531
0.00342798233032227 -0.00478887557983398 0.020355224609375 -0.051055908203125
0.00175595283508301 -0.00307703018188477 0.00599288940429688 -0.0436019897460938
0.00216293334960937 -0.00358438491821289 -0.000141143798828124 -0.0324726104736328
0.00597476959228516 -0.00244951248168945 -0.00459861755371094 -0.0224781036376953
0.00559616088867188 0.00197410583496094 -0.0172348022460938 -0.0142307281494141
-0.00054788589477539 0.0057215690612793 -0.0223560333251953 -0.0111236572265625
-0.00707054138183594 0.000121593475341796 -0.0298633575439453 -0.0147228240966797
-0.00179100036621094 -0.00582361221313477 -0.04400634765625 -0.0165138244628906
-0.00159072875976563 -0.00237321853637695 -0.0412940979003906 -0.0141525268554688
0.0129051208496094 0.0223636627197266 -0.023223876953125 -0.0550689697265625
0.0115690231323242 0.0134468078613281 -0.00349807739257813 -0.0206871032714844
0.00716590881347656 0.0130348205566406 0.0197372436523438 -4.76837158203117E-05
0.0140981674194336 0.0126333236694336 0.042205810546875 -0.00811767578125
0.0186214447021484 0.00331497192382812 0.0432777404785156 -0.02294921875
0.0175275802612305 -0.00893115997314453 0.0354804992675781 -0.0417823791503906
0.0123634338378906 -0.0188064575195313 0.0177040100097656 -0.0463447570800781
0.010533332824707 -0.0166788101196289 0.00312423706054688 -0.0376243591308594
0.0103607177734375 -0.0196189880371094 -0.00355720520019531 -0.0266933441162109
0.0161952972412109 -0.0175933837890625 -0.00893592834472656 -0.0189418792724609
0.02001953125 -0.00883293151855469 -0.0204677581787109 -0.0110855102539062
0.0176105499267578 -5.7220458984375E-06 -0.0232429504394531 -0.00983428955078125
0.0117053985595703 0.00412368774414062 -0.0302162170410156 -0.0133628845214844
0.0159397125244141 0.00515556335449219 -0.0396881103515625 -0.0123214721679688
0.0158767700195313 0.0121355056762695 -0.0368423461914063 -0.00939178466796875
0.0240859985351563 0.0389900207519531 -0.01373291015625 -0.0452003479003906
0.0258464813232422 0.0296115875244141 0.00536155700683594 -0.0112791061401367
0.0231189727783203 0.0234603881835938 0.0252723693847656 0.002716064453125
0.0307674407958984 0.0170993804931641 0.0431632995605469 -0.00714492797851562
0.0326213836669922 0.00205802917480469 0.04052734375 -0.0223236083984375
0.0297336578369141 -0.0184917449951172 0.0307998657226563 -0.0382919311523438
0.0194644927978516 -0.0297966003417969 0.0135307312011719 -0.036834716796875
0.0167694091796875 -0.0279541015625 -0.000473022460937501 -0.0263137817382813
0.0160102844238281 -0.0321941375732422 -0.00658226013183594 -0.0150079727172852
0.0238819122314453 -0.0307655334472656 -0.0130615234375 -0.00976657867431641
0.0310249328613281 -0.0183868408203125 -0.0241756439208984 -0.00406646728515625
0.0321559906005859 -0.00671958923339844 -0.0252723693847656 -0.00753402709960938
0.0285625457763672 0.00589179992675781 -0.0289077758789062 -0.01220703125
0.0324687957763672 0.0144786834716797 -0.0310459136962891 -0.00732803344726563
0.0299701690673828 0.0239276885986328 -0.02685546875 0.000205993652343755
0.032501220703125 0.0496444702148438 -0.00171279907226562 -0.0301647186279297
0.0385284423828125 0.0411567687988281 0.0159645080566406 0.00107192993164063
0.0377693176269531 0.0288352966308594 0.0296134948730469 0.00694465637207031
0.0446891784667969 0.0158119201660156 0.04217529296875 -0.00545120239257812
0.0427818298339844 -0.00232315063476563 0.0346851348876953 -0.0179672241210938
0.0363082885742188 -0.0259895324707031 0.0225067138671875 -0.0308456420898438
0.0229301452636719 -0.0364112854003906 0.00705146789550781 -0.0235481262207031
0.0197944641113281 -0.0341796875 -0.00365447998046875 -0.0105791091918945
0.0193214416503906 -0.0393943786621094 -0.00995922088623047 0.000338554382324215
0.0279273986816406 -0.0384597778320313 -0.0164480209350586 0.00249290466308593
0.0369377136230469 -0.0242385864257813 -0.0270004272460938 0.00480270385742187
0.0418052673339844 -0.0116043090820312 -0.0263347625732422 -0.00339889526367188
0.0414161682128906 0.00722885131835938 -0.0267429351806641 -0.0112667083740234
0.0436515808105469 0.0217323303222656 -0.0189800262451172 -0.00278663635253906
0.038665771484375 0.0334091186523437 -0.0129318237304687 0.0117101669311524
0.0363197326660156 0.0527191162109375 0.0122318267822266 -0.0147743225097656
0.0463218688964844 0.0449256896972656 0.0267505645751953 0.0118656158447266
0.0467948913574219 0.0283317565917969 0.0320167541503906 0.0091705322265625
0.0513534545898438 0.0118827819824219 0.0380897521972656 -0.00186920166015625
0.0463218688964844 -0.00839614868164063 0.0271892547607422 -0.0118865966796875
0.0366172790527344 -0.031402587890625 0.0130939483642578 -0.0195293426513672
0.0218696594238281 -0.0391883850097656 0.000661373138427735 -0.00669479370117188
0.0200614929199219 -0.0345840454101563 -0.00746583938598633 0.00608158111572266
0.0195198059082031 -0.0405998229980469 -0.0124540328979492 0.0164299011230469
0.0281257629394531 -0.0391159057617188 -0.0204524993896484 0.0153026580810547
0.0393791198730469 -0.0246543884277344 -0.0293712615966797 0.0135574340820313
0.044921875 -0.012176513671875 -0.0270290374755859 0.000841140747070309
0.0465660095214844 0.0100784301757813 -0.0222129821777344 -0.00928306579589843
0.0475997924804687 0.0277099609375 -0.00506210327148437 0.00296878814697266
0.0405006408691406 0.0399055480957031 0.00144767761230469 0.0255413055419922
0.0347442626953125 0.0461196899414063 0.026123046875 -0.000743865966796872
0.0470924377441406 0.0411872863769531 0.0373382568359375 0.0191078186035156
0.0473709106445313 0.0219650268554688 0.0335674285888672 0.0109424591064453
0.0494766235351562 0.0049285888671875 0.031768798828125 0.00218772888183594
0.04071044921875 -0.0133018493652344 0.0185623168945313 -0.00402259826660156
0.0290279388427734 -0.0323295593261719 0.00548171997070313 -0.00513982772827149
0.0170764923095703 -0.0341567993164062 -0.00359821319580078 0.00962352752685547
0.0166225433349609 -0.0301227569580078 -0.0100326538085937 0.0215167999267578
0.0182933807373047 -0.0349369049072266 -0.0147972106933594 0.0295391082763672
0.025482177734375 -0.0325717926025391 -0.0248050689697266 0.0264892578125
0.0362358093261719 -0.0194473266601563 -0.0322227478027344 0.0199050903320313
0.0428352355957031 -0.00788116455078125 -0.0273990631103516 0.00470924377441406
0.0431861877441406 0.0137062072753906 -0.0173683166503906 -0.00706005096435547
0.0427017211914063 0.0312919616699219 0.00726127624511719 0.0101728439331055
0.0343017578125 0.0415153503417969 0.0131378173828125 0.0401535034179687
0.0249347686767578 0.0347366333007813 0.037109375 0.0084075927734375
0.0393829345703125 0.0304069519042969 0.0437164306640625 0.0211639404296875
0.0381546020507813 0.0130691528320313 0.0325336456298828 0.0104465484619141
0.0370292663574219 -0.00170516967773438 0.0240955352783203 0.00565147399902344
0.0279979705810547 -0.0145740509033203 0.0119438171386719 0.0037994384765625
0.0173912048339844 -0.0263442993164063 0.000422477722167971 0.0072627067565918
0.00973701477050781 -0.0250625610351563 -0.00583267211914063 0.0241317749023437
0.0107536315917969 -0.0208377838134766 -0.0104255676269531 0.0347213745117188
0.0121707916259766 -0.0250110626220703 -0.0180320739746094 0.0403366088867188
0.0182857513427734 -0.0235919952392578 -0.0300731658935547 0.0347270965576172
0.0279998779296875 -0.0128364562988281 -0.0359840393066406 0.0246543884277344
0.0342216491699219 -0.0040283203125 -0.0289649963378906 0.00773429870605468
0.0339622497558594 0.0146980285644531 -0.0142641067504883 -0.00273990631103515
0.03240966796875 0.0289478302001953 0.0150051116943359 0.0188312530517578
0.0234146118164063 0.0363502502441406 0.0215682983398438 0.0544815063476563
0.0116977691650391 0.018218994140625 0.0431175231933594 0.012237548828125
0.0245819091796875 0.0165195465087891 0.0464019775390625 0.0191154479980469
0.0229949951171875 0.00338172912597656 0.0306549072265625 0.00918388366699219
0.0192661285400391 -0.00531578063964844 0.0201091766357422 0.00922203063964844
0.0117130279541016 -0.0117588043212891 0.00992584228515625 0.00987529754638672
0.0031423568725586 -0.0152912139892578 -0.000734329223632813 0.0170145034790039
0.000847816467285156 -0.0103826522827148 -0.00463676452636719 0.0331001281738281
0.00224542617797852 -0.0081644058227539 -0.0101280212402344 0.0421333312988281
0.00353813171386719 -0.011235237121582 -0.0204849243164062 0.0468559265136719
0.00739288330078125 -0.0125827789306641 -0.0342750549316406 0.0385284423828125
0.0149307250976563 -0.00804042816162109 -0.0391578674316406 0.0265960693359375
0.0202102661132813 -0.00254249572753906 -0.0308074951171875 0.00945472717285157
0.0213718414306641 0.0109653472900391 -0.0139274597167969 0.00108432769775391
0.0189323425292969 0.0202713012695313 0.016632080078125 0.0265178680419922
0.0089874267578125 0.0243377685546875 0.0246810913085938 0.0648345947265625
-0.000337839126586914 0.00357604026794434 -0.0316810607910156 -0.0562324523925781
-0.00370097160339355 -0.00267386436462402 -0.0115528106689453 -0.0240573883056641
-0.00690269470214844 0.00279664993286133 0.0156421661376953 -0.000913619995117187
-0.00118207931518555 0.00747489929199219 0.038604736328125 -0.010101318359375
0.00343894958496094 0.00352740287780762 0.0412063598632813 -0.0262184143066406
0.00398540496826172 -0.000347614288330078 0.033203125 -0.044464111328125
0.00338029861450195 -0.00585031509399414 0.0165939331054688 -0.0508193969726563
0.00251984596252441 -0.00375151634216309 0.00327301025390625 -0.0429649353027344
0.00238847732543945 -0.00388503074645996 -0.0028228759765625 -0.0318260192871094
0.00561761856079102 -0.00291252136230469 -0.00568771362304687 -0.0219211578369141
0.00628852844238281 0.00132608413696289 -0.0175628662109375 -0.0129365921020508
0.000215530395507813 0.00600147247314453 -0.0225429534912109 -0.00987243652343749
-0.00662803649902344 0.000914573669433594 -0.0303535461425781 -0.0134067535400391
-0.00214910507202148 -0.00521612167358398 -0.0442085266113281 -0.0136184692382813
-0.00108170509338379 -0.00239109992980957 -0.0414466857910156 -0.0120887756347656
0.014892578125 0.0215911865234375 -0.0250396728515625 -0.0522270202636719
0.0122795104980469 0.0125541687011719 -0.00469207763671875 -0.0199108123779297
0.00832271575927735 0.0126352310180664 0.0197086334228516 -0.000644683837890624
0.0154352188110352 0.0117340087890625 0.0408821105957031 -0.0104713439941406
0.018951416015625 0.00165367126464844 0.0412101745605469 -0.0249099731445313
0.0171957015991211 -0.0106306076049805 0.0322303771972656 -0.0428619384765625
0.0111961364746094 -0.0194568634033203 0.0144157409667969 -0.0463638305664063
0.009490966796875 -0.0174369812011719 0.000770568847656249 -0.0369606018066406
0.00892448425292969 -0.0201320648193359 -0.0059661865234375 -0.0260601043701172
0.0152931213378906 -0.0182113647460938 -0.00996780395507812 -0.01849365234375
0.0195369720458984 -0.00946998596191406 -0.0211429595947266 -0.00958633422851563
0.0175933837890625 -0.000768661499023438 -0.0242042541503906 -0.00871467590332031
0.0116033554077148 0.00394248962402344 -0.0300960540771484 -0.0122146606445312
0.0155982971191406 0.00474166870117187 -0.0399627685546875 -0.00979995727539063
0.0165367126464844 0.0110225677490234 -0.0371932983398437 -0.00695419311523438
0.0268096923828125 0.0369911193847656 -0.0151939392089844 -0.0428695678710937
0.0272121429443359 0.0277652740478516 0.005157470703125 -0.010711669921875
0.0239791870117188 0.0212669372558594 0.0249404907226562 0.00207328796386719
0.0314483642578125 0.0145645141601563 0.0424270629882813 -0.00881195068359375
0.0320262908935547 -0.0003814697265625 0.0389785766601563 -0.0233039855957031
0.0282039642333984 -0.0203113555908203 0.0276832580566406 -0.0388984680175781
0.0173072814941406 -0.0305900573730469 0.0104484558105469 -0.0367698669433594
0.0147190093994141 -0.0283908843994141 -0.00246429443359375 -0.0252323150634766
0.0141258239746094 -0.0327587127685547 -0.008544921875 -0.0142097473144531
0.021484375 -0.0318927764892578 -0.0138282775878906 -0.00926971435546875
0.0297088623046875 -0.0195064544677734 -0.0245628356933594 -0.00282478332519532
0.0313816070556641 -0.00844573974609375 -0.0252895355224609 -0.00604820251464844
0.0290069580078125 0.0046234130859375 -0.0293693542480469 -0.0102100372314453
0.0321063995361328 0.0127506256103516 -0.0312538146972656 -0.00588607788085938
0.0313091278076172 0.022186279296875 -0.0272865295410156 0.00134468078613282
0.0352973937988281 0.046844482421875 -0.00250625610351562 -0.0281543731689453
0.0404090881347656 0.0381622314453125 0.0159778594970703 0.000946998596191409
0.0388641357421875 0.0260238647460938 0.0300731658935547 0.00587654113769531
0.0445709228515625 0.0129127502441406 0.0417327880859375 -0.00638198852539062
0.0415725708007813 -0.00544357299804688 0.0330696105957031 -0.0197696685791016
0.0337810516357422 -0.0276470184326172 0.0201225280761719 -0.0308723449707031
0.0204925537109375 -0.0382041931152344 0.00510787963867188 -0.0222530364990234
0.0179882049560547 -0.0342216491699219 -0.00452423095703125 -0.00933647155761719
0.0165481567382813 -0.0399398803710938 -0.00994300842285156 0.00131130218505859
0.0244636535644531 -0.0391502380371094 -0.0165672302246094 0.00296211242675781
0.0352859497070313 -0.0264472961425781 -0.0269832611083984 0.00626564025878907
0.0403900146484375 -0.0139503479003906 -0.0265388488769531 -0.00134277343750001
0.0403518676757812 0.00547409057617187 -0.0275344848632812 -0.00912857055664063
0.0441322326660156 0.0193214416503906 -0.0191535949707031 -0.00143623352050781
0.040679931640625 0.0307846069335938 -0.0127048492431641 0.0119667053222656
0.039764404296875 0.0489044189453125 0.0122470855712891 -0.0144205093383789
0.0479888916015625 0.0409927368164063 0.0279369354248047 0.0106945037841797
0.0475883483886719 0.0248794555664063 0.0325717926025391 0.00819778442382813
0.0520362854003906 0.00823211669921875 0.0371360778808594 -0.00271224975585937
0.0448226928710937 -0.010772705078125 0.0257968902587891 -0.0130119323730469
0.0336017608642578 -0.0329742431640625 0.0113372802734375 -0.0195217132568359
0.0188140869140625 -0.0392379760742188 0.00025320053100586 -0.00651597976684571
0.0174446105957031 -0.0351829528808594 -0.00674343109130859 0.00694561004638672
0.0168418884277344 -0.0407981872558594 -0.0115118026733398 0.0168285369873047
0.0249443054199219 -0.0404853820800781 -0.0199508666992187 0.0162830352783203
0.0371055603027344 -0.02655029296875 -0.0286521911621094 0.015625
0.0440139770507812 -0.0149040222167969 -0.0271358489990234 0.00299263000488281
0.0459098815917969 0.00762557983398438 -0.0231189727783203 -0.00740814208984375
0.0485725402832031 0.0244293212890625 -0.00452280044555664 0.00336551666259766
0.0422210693359375 0.0369071960449219 0.00192451477050782 0.025177001953125
0.0368537902832031 0.0434379577636719 0.026092529296875 -0.00143051147460937
0.0488739013671875 0.03668212890625 0.0374908447265625 0.0172309875488281
0.0475883483886719 0.0193099975585938 0.0340652465820313 0.00955581665039063
0.0488471984863281 0.001617431640625 0.0304756164550781 0.00063323974609375
0.0391082763671875 -0.0156097412109375 0.0177688598632813 -0.00453948974609375
0.0264911651611328 -0.0330448150634766 0.00432920455932617 -0.00581026077270508
0.0146656036376953 -0.0343856811523438 -0.00296688079833984 0.0105485916137695
0.0146064758300781 -0.0302562713623047 -0.0081024169921875 0.0226097106933594
0.0155010223388672 -0.0347137451171875 -0.0128650665283203 0.030120849609375
0.0227031707763672 -0.0335350036621094 -0.0234565734863281 0.0274543762207031
0.0343990325927734 -0.0215225219726563 -0.0307502746582031 0.0216007232666016
0.0417938232421875 -0.0110931396484375 -0.0271377563476562 0.00648117065429688
0.0431785583496094 0.0117988586425781 -0.0179004669189453 -0.00494575500488281
0.0432968139648438 0.028656005859375 0.0076436996459961 0.00946521759033203
0.0363807678222656 0.0388755798339844 0.0150642395019531 0.0385398864746094
0.0268535614013672 0.0315361022949219 0.0373153686523438 0.00688552856445313
0.0402450561523438 0.0267829895019531 0.0440483093261719 0.0190849304199219
0.0386810302734375 0.01043701171875 0.0322933197021484 0.00897979736328125
0.0364761352539063 -0.00389480590820313 0.0242824554443359 0.00537681579589844
0.0270214080810547 -0.0158424377441406 0.011469841003418 0.00340366363525391
0.0152435302734375 -0.026153564453125 0.000304222106933594 0.00777387619018555
0.00772666931152343 -0.0245857238769531 -0.00397491455078125 0.0245895385742188
0.00889778137207031 -0.0210170745849609 -0.00841903686523437 0.0350513458251953
0.010589599609375 -0.0247230529785156 -0.0154762268066406 0.0410537719726563
0.0159378051757813 -0.0235595703125 -0.0278892517089844 0.0357208251953125
0.0264434814453125 -0.0143184661865234 -0.0338516235351563 0.0261745452880859
0.0333156585693359 -0.00647926330566406 -0.0284423828125 0.00902175903320312
0.034149169921875 0.0131072998046875 -0.0144596099853516 -0.00133514404296875
0.0334548950195313 0.0265617370605469 0.0153064727783203 0.0170536041259766
0.0251712799072266 0.033477783203125 0.0236015319824219 0.0520057678222656
0.0124969482421875 0.0166921615600586 0.0436248779296875 0.0091094970703125
0.0253086090087891 0.0138092041015625 0.0473594665527344 0.0167503356933594
0.0223960876464844 0.001953125 0.0304317474365234 0.00779914855957031
0.0183277130126953 -0.00658035278320313 0.0202388763427734 0.00807380676269531
0.0106277465820312 -0.0123739242553711 0.0105037689208984 0.00959491729736328
0.00222969055175781 -0.0145025253295898 0.00036334991455078 0.0172138214111328
8.58306884765626E-05 -0.00948810577392578 -0.00194168090820313 0.0331058502197266
0.00208902359008789 -0.00802803039550781 -0.00725173950195313 0.0417976379394531
0.00265121459960937 -0.0108804702758789 -0.0164642333984375 0.0469398498535156
0.00606536865234375 -0.012761116027832 -0.0318641662597656 0.04034423828125
0.0139522552490234 -0.00874042510986328 -0.0369491577148438 0.02789306640625
0.0195045471191406 -0.00362968444824219 -0.0305404663085937 0.0113353729248047
0.0212326049804688 0.00935745239257813 -0.0140304565429687 0.00198459625244141
0.0197467803955078 0.0185050964355469 0.0176525115966797 0.0244770050048828
0.010101318359375 0.0227813720703125 0.0270538330078125 0.0617027282714844
0.000198125839233398 0.00350165367126465 -0.0310935974121094 -0.0532379150390625
-0.00319933891296387 -0.00286507606506348 -0.0113849639892578 -0.0228023529052734
-0.0060725212097168 0.00350332260131836 0.0151901245117187 -0.0015869140625
-0.00117206573486328 0.00711679458618164 0.0369720458984375 -0.0108222961425781
0.00379848480224609 0.00338029861450195 0.03936767578125 -0.0264663696289062
0.00400686264038086 -0.00102853775024414 0.0312576293945313 -0.0441932678222656
0.00368213653564453 -0.00594282150268555 0.0144767761230469 -0.0498199462890625
0.00311636924743652 -0.00376796722412109 0.00159454345703125 -0.0408782958984375
0.00259494781494141 -0.00438380241394043 -0.00383186340332031 -0.0304012298583984
0.00604581832885742 -0.00288915634155273 -0.00641250610351562 -0.0216541290283203
0.00623750686645508 0.00108575820922852 -0.0172653198242188 -0.0122385025024414
0.000525474548339844 0.00568914413452149 -0.0224037170410156 -0.00948143005371094
-0.00594472885131836 0.00100898742675781 -0.0295619964599609 -0.0130481719970703
-0.00247764587402344 -0.00487089157104492 -0.0432968139648438 -0.0126266479492187
-0.00178635120391846 -0.001953125 -0.0413932800292969 -0.0105667114257813
0.0149765014648438 0.0205860137939453 -0.0250320434570312 -0.0496902465820312
0.0124635696411133 0.0121364593505859 -0.0044097900390625 -0.0183029174804688
0.00873851776123047 0.0121631622314453 0.019439697265625 -0.000980377197265624
0.0152711868286133 0.0105142593383789 0.0396347045898438 -0.0105400085449219
0.0179481506347656 0.00114822387695313 0.0395355224609375 -0.0249900817871094
0.0159158706665039 -0.0106115341186523 0.0297698974609375 -0.0424766540527344
0.0103530883789063 -0.0194568634033203 0.0124778747558594 -0.0447273254394531
0.00918960571289063 -0.0178661346435547 -0.000923156738281248 -0.0350780487060547
0.00869369506835937 -0.0196781158447266 -0.00715065002441406 -0.0247631072998047
0.0148067474365234 -0.0186119079589844 -0.0101394653320313 -0.0180892944335938
0.0194339752197266 -0.0100822448730469 -0.0209007263183594 -0.00898551940917969
0.0176868438720703 -0.00147247314453125 -0.0236320495605469 -0.0084381103515625
0.0115079879760742 0.00379085540771484 -0.0304450988769531 -0.0116043090820312
0.0155611038208008 0.00482082366943359 -0.0396156311035156 -0.0085906982421875
0.0162258148193359 0.0109081268310547 -0.0366439819335938 -0.00580596923828125
0.0272312164306641 0.0348587036132813 -0.0145530700683594 -0.040557861328125
0.0272102355957031 0.0261783599853516 0.00474739074707031 -0.00969505310058594
0.0237808227539063 0.0206756591796875 0.0240535736083984 0.00204849243164063
0.0311031341552734 0.0132980346679688 0.0410041809082031 -0.00884246826171875
0.03125 -0.00130844116210938 0.0371437072753906 -0.0229148864746094
0.0260791778564453 -0.0195693969726563 0.0255355834960937 -0.0382080078125
0.0159511566162109 -0.0301685333251953 0.009124755859375 -0.0355262756347656
0.0138816833496094 -0.0281925201416016 -0.00335121154785156 -0.0236625671386719
0.0129032135009766 -0.0321998596191406 -0.00868034362792969 -0.0126476287841797
0.0202693939208984 -0.0317478179931641 -0.0138130187988281 -0.00820636749267578
0.0286445617675781 -0.0199203491210938 -0.0242729187011719 -0.00229835510253906
0.030242919921875 -0.00881195068359375 -0.0250873565673828 -0.00519943237304687
0.02783203125 0.00436210632324219 -0.0296115875244141 -0.00962638854980469
0.0315189361572266 0.0121994018554688 -0.0308017730712891 -0.00503921508789062
0.0304412841796875 0.0206413269042969 -0.0267257690429687 0.00184059143066406
0.0362129211425781 0.0441741943359375 -0.00153350830078125 -0.0276947021484375
0.0396575927734375 0.0358924865722656 0.0161066055297852 0.00116348266601563
0.0377044677734375 0.0243148803710938 0.0289058685302734 0.00606918334960938
0.0444450378417969 0.0111236572265625 0.0398216247558594 -0.00654983520507813
0.0403099060058594 -0.00611495971679688 0.0319976806640625 -0.0186576843261719
0.0319805145263672 -0.0272140502929688 0.0183944702148438 -0.0296230316162109
0.0184173583984375 -0.0368881225585938 0.00465011596679688 -0.0219516754150391
0.0166568756103516 -0.0345325469970703 -0.00544643402099609 -0.00876379013061524
0.0151481628417969 -0.0386886596679688 -0.00943565368652344 0.00111770629882812
0.0225334167480469 -0.0387802124023438 -0.0168132781982422 0.00324916839599609
0.0337734222412109 -0.0263824462890625 -0.0258674621582031 0.00661087036132813
0.0387535095214844 -0.0150184631347656 -0.0257854461669922 -0.00120735168457032
0.0393142700195313 0.00458526611328125 -0.0270175933837891 -0.00837898254394532
0.0429916381835938 0.0181007385253906 -0.0188789367675781 -0.000896453857421873
0.0402297973632813 0.0288543701171875 -0.0128841400146484 0.0116863250732422
0.0398368835449219 0.0457687377929688 0.0124979019165039 -0.0132675170898437
0.0475616455078125 0.0386810302734375 0.0270843505859375 0.0105800628662109
0.0463752746582031 0.0238990783691406 0.0318946838378906 0.00886154174804688
0.0508575439453125 0.00675201416015625 0.0362129211425781 -0.00298309326171875
0.0429954528808594 -0.0119781494140625 0.0245819091796875 -0.0125045776367188
0.0311412811279297 -0.0323257446289063 0.0105533599853516 -0.0183639526367188
0.0167121887207031 -0.0381889343261719 3.67164611816411E-05 -0.00565958023071289
0.0154323577880859 -0.0347137451171875 -0.0057530403137207 0.00757932662963867
0.0153694152832031 -0.0397987365722656 -0.0104818344116211 0.01690673828125
0.0227127075195313 -0.0393028259277344 -0.0193099975585937 0.0163707733154297
0.0351715087890625 -0.0268821716308594 -0.027618408203125 0.0156841278076172
0.0423812866210938 -0.0158958435058594 -0.0263023376464844 0.00326156616210938
0.0445137023925781 0.0064697265625 -0.0230693817138672 -0.00588226318359375
0.0469741821289063 0.0226020812988281 -0.00580787658691406 0.00331592559814453
0.0423774719238281 0.0342025756835938 0.00179481506347656 0.0239543914794922
0.0367164611816406 0.0398902893066406 0.0260028839111328 -0.00159835815429687
0.0477180480957031 0.0338897705078125 0.0377082824707031 0.0163726806640625
0.0463104248046875 0.0178413391113281 0.0332965850830078 0.00984382629394531
0.0473823547363281 8.7738037109375E-05 0.0301704406738281 0.00139617919921875
0.036773681640625 -0.016143798828125 0.0165681838989258 -0.00415897369384766
0.0247039794921875 -0.0316257476806641 0.00401020050048828 -0.00453758239746094
0.0131797790527344 -0.0329875946044922 -0.00244712829589844 0.0107583999633789
0.0134010314941406 -0.0294933319091797 -0.00699234008789062 0.0226917266845703
0.0137214660644531 -0.0338573455810547 -0.0113945007324219 0.0304908752441406
0.0210704803466797 -0.0329742431640625 -0.0222301483154297 0.0273056030273437
0.0330238342285156 -0.0223102569580078 -0.0293235778808594 0.0224456787109375
0.0398178100585938 -0.0124053955078125 -0.0267505645751953 0.00672149658203125
0.0421028137207031 0.01019287109375 -0.0180854797363281 -0.00434494018554688
0.042633056640625 0.0261764526367188 0.00672245025634766 0.0085291862487793
0.036285400390625 0.0361671447753906 0.0140800476074219 0.0374412536621094
0.02703857421875 0.0293045043945313 0.0370559692382813 0.00586700439453125
0.0394744873046875 0.024322509765625 0.0440711975097656 0.0178871154785156
0.0373420715332031 0.00944137573242188 0.0314369201660156 0.00927162170410156
0.0351600646972656 -0.00496673583984375 0.0237369537353516 0.00583076477050781
0.0250720977783203 -0.0161094665527344 0.0112571716308594 0.00380516052246094
0.01373291015625 -0.0250473022460938 0.000618457794189453 0.00824546813964844
0.00654983520507813 -0.0226879119873047 -0.00266075134277344 0.0238094329833984
0.00807380676269531 -0.0200042724609375 -0.00648307800292968 0.0344867706298828
0.00893020629882813 -0.0238018035888672 -0.0132865905761719 0.0403633117675781
0.0148658752441406 -0.0231266021728516 -0.0261611938476563 0.0353584289550781
0.0248622894287109 -0.0151519775390625 -0.0327777862548828 0.0262870788574219
0.0319957733154297 -0.00735855102539062 -0.0275154113769531 0.00923728942871094
0.03375244140625 0.0111293792724609 -0.0141468048095703 -0.000855445861816406
0.0330886840820312 0.0253105163574219 0.0149421691894531 0.0161018371582031
0.0252914428710938 0.0319614410400391 0.0235862731933594 0.0496139526367188
0.0129404067993164 0.014988899230957 0.0432777404785156 0.00819778442382813
0.024658203125 0.0123710632324219 0.0465126037597656 0.0154228210449219
0.0219535827636719 0.000692367553710937 0.0298995971679688 0.00761795043945313
0.0174455642700195 -0.00718402862548828 0.0196781158447266 0.00837516784667969
0.00952529907226563 -0.0117101669311523 0.0102148056030273 0.00941276550292969
0.00119876861572266 -0.0137500762939453 0.000924110412597655 0.0169534683227539
-0.000578880310058594 -0.00883102416992188 -0.000570297241210939 0.0321273803710938
0.00179433822631836 -0.00738906860351562 -0.00515365600585938 0.0403709411621094
0.002471923828125 -0.00996017456054688 -0.0147476196289062 0.0463714599609375
0.00524806976318359 -0.0116558074951172 -0.02960205078125 0.0396308898925781
0.0132341384887695 -0.00878810882568359 -0.0353736877441406 0.0281181335449219
0.0186595916748047 -0.00406455993652344 -0.0289249420166016 0.0114192962646484
0.0204868316650391 0.00833511352539063 -0.0134553909301758 0.00252151489257812
0.0196037292480469 0.0171680450439453 0.0173511505126953 0.0225639343261719
0.0113925933837891 0.0216312408447266 0.0273170471191406 0.0593681335449219
0.000195503234863281 0.00403785705566406 -0.0292854309082031 -0.0527801513671875
-0.00270915031433105 -0.00240349769592285 -0.0111846923828125 -0.0216121673583984
-0.00597381591796875 0.00336885452270508 0.0148153305053711 -0.000411033630371094
0.000282764434814452 0.00674962997436524 0.0364036560058594 -0.0100326538085938
0.00455570220947266 0.00311851501464844 0.0388565063476563 -0.0260467529296875
0.00435853004455566 -0.000988006591796875 0.0304832458496094 -0.0437431335449219
0.00352764129638672 -0.00586318969726563 0.0136795043945312 -0.0486221313476563
0.00318050384521484 -0.00450897216796875 0.000907897949218751 -0.0394248962402344
0.00362491607666016 -0.0045013427734375 -0.00435829162597656 -0.0300140380859375
0.00606203079223633 -0.00346565246582031 -0.00616264343261719 -0.0220298767089844
0.00686168670654297 0.000865459442138672 -0.0168828964233398 -0.0120325088500977
0.000759601593017578 0.00573825836181641 -0.0223426818847656 -0.0101490020751953
-0.00627756118774414 0.000614166259765625 -0.0293598175048828 -0.0134449005126953
-0.00240945816040039 -0.00444984436035156 -0.0432624816894531 -0.0132255554199219
-0.00154316425323486 -0.00106430053710938 -0.0411033630371094 -0.0105438232421875
0.0147647857666016 0.0202407836914063 -0.0225486755371094 -0.0486297607421875
0.0124082565307617 0.0119390487670898 -0.00346946716308594 -0.0171489715576172
0.00877189636230469 0.0119209289550781 0.0188827514648438 -0.000825881958007812
0.015192985534668 0.010258674621582 0.0386695861816406 -0.0101509094238281
0.0178127288818359 0.00120353698730469 0.0390777587890625 -0.0245246887207031
0.0160932540893555 -0.0106725692749023 0.0297813415527344 -0.0412826538085938
0.0104618072509766 -0.0194129943847656 0.0125007629394531 -0.0432510375976563
0.00917625427246094 -0.0177288055419922 -0.0010986328125 -0.0334739685058594
0.00912094116210938 -0.0195369720458984 -0.00712394714355469 -0.0239486694335937
0.0150794982910156 -0.0184535980224609 -0.0108985900878906 -0.0179882049560547
0.0194721221923828 -0.0101089477539063 -0.0207347869873047 -0.00933456420898438
0.0171146392822266 -0.00105381011962891 -0.0233879089355469 -0.00883674621582032
0.0111961364746094 0.00463485717773437 -0.0297985076904297 -0.01171875
0.0150985717773438 0.00497531890869141 -0.0390586853027344 -0.009307861328125
0.0155353546142578 0.0109691619873047 -0.0367050170898438 -0.00603103637695312
0.0270252227783203 0.0345363616943359 -0.0131034851074219 -0.0394973754882813
0.0262565612792969 0.0256538391113281 0.00557518005371094 -0.00889778137207031
0.0231971740722656 0.0205211639404297 0.0238780975341797 0.002899169921875
0.0308017730712891 0.0127220153808594 0.0410041809082031 -0.00756072998046875
0.0315170288085938 -0.000761032104492188 0.036651611328125 -0.02203369140625
0.0262374877929688 -0.0189456939697266 0.0255622863769531 -0.0371856689453125
0.0161991119384766 -0.0297527313232422 0.00899696350097657 -0.0349006652832031
0.0145034790039062 -0.0275592803955078 -0.00309944152832031 -0.0222091674804688
0.0124645233154297 -0.0317020416259766 -0.00854873657226562 -0.0128374099731445
0.0196475982666016 -0.0307350158691406 -0.0147256851196289 -0.00882053375244141
0.0283336639404297 -0.0199909210205078 -0.0238208770751953 -0.00235366821289062
0.0306491851806641 -0.00894546508789062 -0.0248889923095703 -0.00544166564941407
0.0274810791015625 0.0053253173828125 -0.0293045043945312 -0.0101909637451172
0.0304698944091797 0.0126438140869141 -0.0311851501464844 -0.00465774536132813
0.0301570892333984 0.0204944610595703 -0.0269699096679687 0.00196456909179688
0.0356063842773438 0.0433502197265625 -0.00036239624023437 -0.026031494140625
0.0395469665527344 0.0355224609375 0.0158920288085938 0.00238609313964844
0.0372085571289062 0.0247535705566406 0.0279140472412109 0.0069732666015625
0.0441169738769531 0.0113487243652344 0.0401992797851563 -0.00494384765625
0.0399742126464844 -0.00583267211914063 0.0316829681396484 -0.0178775787353516
0.0315666198730469 -0.0264873504638672 0.0180416107177734 -0.029388427734375
0.0185317993164063 -0.0358543395996094 0.00413894653320313 -0.0209922790527344
0.0160427093505859 -0.0343437194824219 -0.00467348098754883 -0.00775432586669922
0.0150604248046875 -0.038665771484375 -0.00972270965576172 0.0016489028930664
0.0225982666015625 -0.0379104614257813 -0.0172271728515625 0.00328826904296875
0.0333442687988281 -0.02691650390625 -0.0262584686279297 0.00668525695800781
0.0386695861816406 -0.0139579772949219 -0.025848388671875 -0.00152015686035156
0.0389671325683594 0.00571060180664063 -0.0267162322998047 -0.00777816772460938
0.0419998168945313 0.0186004638671875 -0.0193748474121094 -0.000621795654296877
0.0389480590820313 0.02850341796875 -0.0136756896972656 0.0117683410644531
0.0384483337402344 0.0447158813476563 0.0126934051513672 -0.0125541687011719
0.0460014343261719 0.0382118225097656 0.0267429351806641 0.0114212036132813
0.0455284118652344 0.0238609313964844 0.0312728881835938 0.0099334716796875
0.049774169921875 0.0063934326171875 0.0360946655273438 -0.00154495239257812
0.0426902770996094 -0.010986328125 0.0236339569091797 -0.0109329223632812
0.0310535430908203 -0.0311851501464844 0.0104904174804688 -0.0170879364013672
0.0172576904296875 -0.0371627807617188 0.000154495239257814 -0.00534105300903321
0.0159435272216797 -0.0340595245361328 -0.00635814666748047 0.00832271575927734
0.0145988464355469 -0.0394859313964844 -0.0100831985473633 0.0167827606201172
0.0224609375 -0.038482666015625 -0.019744873046875 0.0161266326904297
0.0346260070800781 -0.02685546875 -0.0277748107910156 0.0153160095214844
0.042022705078125 -0.0153236389160156 -0.0259971618652344 0.00310325622558593
0.0437965393066406 0.00738906860351562 -0.0227603912353516 -0.00598526000976562
0.0466537475585938 0.0227432250976563 -0.00640821456909179 0.00354862213134766
0.0415687561035156 0.033294677734375 0.000707626342773439 0.0239620208740234
0.0361366271972656 0.0392684936523438 0.0263023376464844 -0.000877380371093748
0.0467376708984375 0.0330543518066406 0.0363388061523438 0.0173835754394531
0.0452499389648438 0.0180130004882813 0.03289794921875 0.0109996795654297
0.0466346740722656 -1.1444091796875E-05 0.0299949645996094 0.00184249877929687
0.0366325378417969 -0.0152435302734375 0.0165767669677734 -0.00265693664550781
0.0241146087646484 -0.0306301116943359 0.00366973876953125 -0.00331664085388184
0.0125942230224609 -0.0318813323974609 -0.00264739990234375 0.0110311508178711
0.0135231018066406 -0.0288524627685547 -0.00679779052734375 0.0221519470214844
0.0128269195556641 -0.0330562591552734 -0.0116176605224609 0.0296535491943359
0.0199794769287109 -0.0323390960693359 -0.0224075317382812 0.0269565582275391
0.0325183868408203 -0.0218830108642578 -0.0297641754150391 0.0216712951660156
0.0394363403320313 -0.0113906860351563 -0.0261383056640625 0.00614738464355468
0.0404891967773438 0.01043701171875 -0.0177230834960937 -0.00372314453125
0.041595458984375 0.0262031555175781 0.00635194778442383 0.0085897445678711
0.0359611511230469 0.0349578857421875 0.0129814147949219 0.0370521545410156
0.0263843536376953 0.0283050537109375 0.0370292663574219 0.00615310668945313
0.0385971069335937 0.024139404296875 0.0431709289550781 0.0184364318847656
0.0364952087402344 0.009246826171875 0.0309562683105469 0.00975227355957031
0.0341949462890625 -0.00448417663574219 0.0237998962402344 0.00597000122070312
0.0245800018310547 -0.0153560638427734 0.0117034912109375 0.00518417358398437
0.0134124755859375 -0.0243816375732422 0.000298500061035157 0.00851869583129883
0.00617027282714844 -0.0219058990478516 -0.00265693664550781 0.0234470367431641
0.00786972045898438 -0.0191802978515625 -0.00561332702636719 0.0335369110107422
0.00803375244140625 -0.023162841796875 -0.0128097534179687 0.0392799377441406
0.0145168304443359 -0.0227184295654297 -0.026580810546875 0.0349559783935547
0.0243091583251953 -0.0145206451416016 -0.0321826934814453 0.0264167785644531
0.0310764312744141 -0.00669288635253906 -0.0275592803955078 0.00876617431640624
0.0325565338134766 0.0112876892089844 -0.014617919921875 -0.000679016113281246
0.0319881439208984 0.0247421264648438 0.0142574310302734 0.0165939331054688
0.0256023406982422 0.0308113098144531 0.0214920043945313 0.0489044189453125
0.0123758316040039 0.0143623352050781 0.042755126953125 0.00848007202148438
0.0241355895996094 0.0119190216064453 0.0454483032226563 0.015838623046875
0.0211982727050781 0.00140380859375 0.0297012329101562 0.00860214233398438
0.0168914794921875 -0.00709915161132812 0.0202789306640625 0.0101566314697266
0.00933361053466797 -0.0110578536987305 0.00944709777832031 0.00994396209716797
0.0010223388671875 -0.0130414962768555 0.00105857849121094 0.0178108215332031
-0.000743865966796875 -0.00755023956298828 -0.000522613525390622 0.0313644409179688
0.00149869918823242 -0.00661039352416992 -0.00475692749023437 0.0394287109375
0.00173187255859375 -0.00922203063964844 -0.0142555236816406 0.0450706481933594
0.00471305847167969 -0.0110712051391602 -0.0295143127441406 0.0388565063476563
0.0127019882202148 -0.00861263275146484 -0.0349178314208984 0.0280323028564453
0.0177345275878906 -0.00469207763671875 -0.0283489227294922 0.0112361907958984
0.0197181701660156 0.00798606872558594 -0.0140647888183594 0.00254249572753906
0.0185699462890625 0.0173625946044922 0.0163650512695313 0.0227203369140625
0.0115756988525391 0.0209140777587891 0.0250701904296875 0.0582466125488281
0.000344276428222656 0.00443887710571289 -0.0273056030273437 -0.053375244140625
-0.00301361083984375 -0.00231480598449707 -0.0105609893798828 -0.0217227935791016
-0.00530862808227539 0.00325202941894531 0.0149860382080078 -0.000562667846679687
0.000329971313476563 0.00699615478515625 0.0369987487792969 -0.00986099243164063
0.00427126884460449 0.00340461730957031 0.039794921875 -0.025238037109375
0.00436592102050781 -0.0011448860168457 0.0312461853027344 -0.0436859130859375
0.00338125228881836 -0.00716066360473633 0.0151863098144531 -0.0486297607421875
0.00358200073242188 -0.00515460968017578 0.00147247314453125 -0.0394058227539063
0.00374794006347656 -0.00486135482788086 -0.00509834289550782 -0.0304317474365234
0.00703001022338867 -0.00355291366577148 -0.00709342956542969 -0.0228004455566406
0.00698614120483398 0.000714778900146484 -0.0172557830810547 -0.0134096145629883
0.00160884857177734 0.00634908676147461 -0.0218887329101563 -0.0109081268310547
-0.00638437271118164 0.00205469131469727 -0.0295867919921875 -0.0157604217529297
-0.00291323661804199 -0.00421714782714844 -0.0438728332519531 -0.0139350891113281
-0.00154030323028564 -0.00016021728515625 -0.0415687561035156 -0.0120468139648437
0.0148200988769531 0.0211734771728516 -0.0214347839355469 -0.0493392944335938
0.0123491287231445 0.0125198364257812 -0.00306034088134765 -0.0174083709716797
0.00866222381591797 0.0125818252563477 0.0196990966796875 0.000699996948242188
0.0165462493896484 0.0101394653320313 0.039764404296875 -0.00867080688476563
0.0186424255371094 0.000980377197265625 0.0398025512695313 -0.0234413146972656
0.01654052734375 -0.0107307434082031 0.0301895141601562 -0.0415496826171875
0.0110301971435547 -0.01995849609375 0.0129776000976563 -0.0434150695800781
0.0100917816162109 -0.0183601379394531 -0.000387191772460937 -0.033203125
0.00960159301757813 -0.0200462341308594 -0.00698661804199219 -0.0237770080566406
0.0157146453857422 -0.0184574127197266 -0.0116653442382813 -0.0183162689208984
0.0201187133789063 -0.00938796997070313 -0.0211887359619141 -0.00996208190917969
0.0182723999023438 -0.000223159790039063 -0.0235099792480469 -0.00954627990722657
0.0113239288330078 0.00504875183105469 -0.0301132202148437 -0.0130844116210938
0.0151023864746094 0.00551891326904297 -0.0403060913085938 -0.0107002258300781
0.0159006118774414 0.0115966796875 -0.0373306274414063 -0.00721359252929688
0.0272636413574219 0.035369873046875 -0.0116195678710938 -0.0396919250488281
0.0268020629882812 0.0260086059570312 0.00577592849731445 -0.00807428359985351
0.0234336853027344 0.0213642120361328 0.0249977111816406 0.00366592407226563
0.0310630798339844 0.0129146575927734 0.0409965515136719 -0.00698089599609375
0.0317096710205078 -0.0007171630859375 0.0370826721191406 -0.0213127136230469
0.0264053344726563 -0.019256591796875 0.0261917114257812 -0.0361366271972656
0.0160160064697266 -0.0297012329101563 0.00939369201660157 -0.0335159301757813
0.0150833129882813 -0.0288734436035156 -0.002777099609375 -0.0217018127441406
0.0132713317871094 -0.0324230194091797 -0.00892353057861328 -0.0121450424194336
0.0207347869873047 -0.0312557220458984 -0.0158357620239258 -0.00884723663330078
0.0297088623046875 -0.0197601318359375 -0.0251655578613281 -0.00290489196777344
0.0313625335693359 -0.00813102722167969 -0.0251750946044922 -0.00645828247070313
0.027801513671875 0.00659561157226563 -0.0300979614257813 -0.0100345611572266
0.0310688018798828 0.0139026641845703 -0.0314540863037109 -0.00530624389648437
0.0302467346191406 0.0221214294433594 -0.0280418395996094 0.00146865844726563
0.0357208251953125 0.0451774597167969 0.000419616699218754 -0.0262279510498047
0.0388679504394531 0.0366287231445313 0.0165271759033203 0.00282669067382813
0.0373649597167969 0.0264320373535156 0.0289039611816406 0.00778579711914063
0.0444908142089844 0.0125694274902344 0.0408172607421875 -0.004119873046875
0.0406723022460938 -0.00515365600585938 0.0316257476806641 -0.0164394378662109
0.0323352813720703 -0.0264015197753906 0.0185813903808594 -0.0279312133789063
0.019012451171875 -0.0364723205566406 0.00521659851074219 -0.0200958251953125
0.0171012878417969 -0.0340595245361328 -0.00446271896362305 -0.00684022903442383
0.0159568786621094 -0.0391273498535156 -0.010075569152832 0.00275039672851562
0.0228157043457031 -0.0387001037597656 -0.0187759399414062 0.0034942626953125
0.0341911315917969 -0.0256576538085938 -0.0268630981445312 0.00654220581054688
0.0402946472167969 -0.0138473510742188 -0.0268497467041016 -0.00153160095214844
0.0391311645507812 0.00711441040039063 -0.0272731781005859 -0.00740623474121094
0.0425186157226563 0.0196380615234375 -0.0204181671142578 -0.00114250183105469
0.039794921875 0.0299530029296875 -0.0145378112792969 0.0125246047973633
0.0379562377929688 0.04559326171875 0.0149621963500977 -0.0125865936279297
0.0451316833496094 0.0390586853027344 0.0273647308349609 0.0129203796386719
0.0454216003417969 0.0249862670898437 0.0316200256347656 0.0116100311279297
0.0507965087890625 0.00736618041992188 0.0367164611816406 -0.000270843505859375
0.0431900024414062 -0.0110626220703125 0.02471923828125 -0.0105152130126953
0.0316219329833984 -0.0306911468505859 0.0105085372924805 -0.0164356231689453
0.0175933837890625 -0.0373611450195313 0.000985860824584962 -0.00428175926208496
0.01715087890625 -0.0342445373535156 -0.00533246994018555 0.00866603851318359
0.0151176452636719 -0.0390625 -0.0108470916748047 0.0173110961914062
0.022979736328125 -0.0389976501464844 -0.0208530426025391 0.0164318084716797
0.0351486206054688 -0.026641845703125 -0.0280876159667969 0.01531982421875
0.0428924560546875 -0.0151824951171875 -0.0271778106689453 0.00297164916992188
0.0440292358398438 0.0083770751953125 -0.0238456726074219 -0.00620841979980469
0.0464096069335938 0.0238380432128906 -0.00706434249877929 0.00359535217285157
0.0415611267089844 0.0342864990234375 -0.000341415405273434 0.0241222381591797
0.0359573364257813 0.0401725769042969 0.0274085998535156 0.000370025634765627
0.0461654663085938 0.0336151123046875 0.03643798828125 0.0192642211914063
0.0456619262695313 0.0197868347167969 0.0330352783203125 0.0127162933349609
0.0472831726074219 0.000568389892578125 0.0306968688964844 0.00365829467773438
0.0372200012207031 -0.0151100158691406 0.0165414810180664 -0.0023193359375
0.0245647430419922 -0.0297908782958984 0.00326323509216309 -0.00249791145324707
0.0132522583007813 -0.031585693359375 -0.00131130218505859 0.0110435485839844
0.0143280029296875 -0.028839111328125 -0.00636482238769531 0.0226554870605469
0.0141487121582031 -0.0328521728515625 -0.0116767883300781 0.0305614471435547
0.0206508636474609 -0.0321922302246094 -0.0236377716064453 0.0272731781005859
0.03302001953125 -0.02142333984375 -0.0310897827148437 0.0216751098632813
0.0401191711425781 -0.0106773376464844 -0.0271625518798828 0.00633430480957032
0.0411148071289063 0.0111885070800781 -0.0190620422363281 -0.00364494323730468
0.0422935485839844 0.0271759033203125 0.00555133819580078 0.00905323028564453
0.035858154296875 0.0364570617675781 0.0123291015625 0.0377349853515625
0.0264968872070313 0.0287551879882813 0.0381736755371094 0.00798797607421875
0.0374221801757813 0.024749755859375 0.0433845520019531 0.0196990966796875
0.0359687805175781 0.0106582641601563 0.0320053100585937 0.0118675231933594
0.0344791412353516 -0.00460243225097656 0.0245132446289063 0.00815391540527344
0.0250415802001953 -0.014923095703125 0.0114068984985352 0.00520801544189453
0.0143718719482422 -0.0237789154052734 3.33786010742195E-05 0.00942611694335937
0.006927490234375 -0.0217170715332031 -0.00245857238769531 0.0237293243408203
0.00854301452636719 -0.0193653106689453 -0.00593376159667969 0.0338115692138672
0.00952339172363281 -0.022674560546875 -0.0137443542480469 0.040313720703125
0.0148429870605469 -0.0222015380859375 -0.02740478515625 0.0352401733398438
0.024139404296875 -0.0141410827636719 -0.0326404571533203 0.0261459350585938
0.0310039520263672 -0.00670242309570313 -0.0280380249023437 0.00886154174804688
0.032135009765625 0.0128211975097656 -0.0149669647216797 -0.000604629516601561
0.0325489044189453 0.0255317687988281 0.0128641128540039 0.0164594650268555
0.0249767303466797 0.0312576293945313 0.0201072692871094 0.0501022338867188
0.0119609832763672 0.0138635635375977 0.043914794921875 0.00944137573242187
0.0236759185791016 0.0124874114990234 0.0459022521972656 0.0175514221191406
0.0220909118652344 0.00193977355957031 0.0296459197998047 0.0100002288818359
0.0170316696166992 -0.00676631927490234 0.0203914642333984 0.0108737945556641
0.00937843322753906 -0.0120820999145508 0.0108261108398438 0.0106668472290039
0.00139045715332031 -0.0122241973876953 0.00110054016113281 0.0176429748535156
0.000411033630371094 -0.00767803192138672 -0.000698089599609377 0.0315971374511719
0.00142240524291992 -0.00608444213867188 -0.00494766235351563 0.0397834777832031
0.00257015228271484 -0.00931549072265625 -0.0156364440917969 0.0445022583007813
0.00511550903320312 -0.0106983184814453 -0.0305366516113281 0.0388755798339844
0.0124702453613281 -0.00848484039306641 -0.0361251831054688 0.0274543762207031
0.0177364349365234 -0.00413131713867188 -0.0296783447265625 0.0109062194824219
0.0197372436523438 0.00839996337890625 -0.0143604278564453 0.00279426574707031
0.0189208984375 0.0171718597412109 0.0157356262207031 0.0226554870605469
0.0106735229492188 0.0206756591796875 0.0236244201660156 0.0595359802246094
0.000299930572509766 0.00516223907470703 -0.0274238586425781 -0.0558815002441406
-0.00353431701660156 -0.00199389457702637 -0.0103530883789063 -0.0223484039306641
-0.00553750991821289 0.00312614440917969 0.0161142349243164 -0.000222206115722656
0.000317096710205079 0.00651359558105469 0.0387344360351563 -0.009307861328125
0.00463104248046875 0.00330066680908203 0.0418167114257813 -0.025848388671875
0.00530624389648438 -0.00180864334106445 0.0334587097167969 -0.0448837280273438
0.00390625 -0.00801563262939453 0.0157508850097656 -0.0505294799804688
0.00431489944458008 -0.00564718246459961 0.00195693969726562 -0.0409393310546875
0.00439739227294922 -0.00520563125610352 -0.00505638122558594 -0.0319938659667969
0.00736856460571289 -0.00392484664916992 -0.00792694091796875 -0.02313232421875
0.00753307342529297 0.000985622406005859 -0.0181846618652344 -0.0142745971679687
0.0025486946105957 0.00684356689453125 -0.0229053497314453 -0.0119132995605469
-0.00581455230712891 0.00200939178466797 -0.0312595367431641 -0.0172367095947266
-0.00289821624755859 -0.00389552116394043 -0.045257568359375 -0.0157012939453125
-0.00152873992919922 0.000394940376281739 -0.044403076171875 -0.0128364562988281
0.0156459808349609 0.0223979949951172 -0.0206756591796875 -0.051513671875
0.0127372741699219 0.0133571624755859 -0.00286865234375 -0.0171785354614258
0.00946712493896485 0.0137453079223633 0.0206241607666016 0.001373291015625
0.0169534683227539 0.0107870101928711 0.0411720275878906 -0.00840377807617188
0.0194320678710938 0.00139045715332031 0.0414924621582031 -0.0238800048828125
0.0169496536254883 -0.0116195678710938 0.0315361022949219 -0.0426177978515625
0.0115013122558594 -0.0213756561279297 0.0140495300292969 -0.0452995300292969
0.0108184814453125 -0.0198860168457031 -0.000104904174804687 -0.0339794158935547
0.01080322265625 -0.0217056274414063 -0.00766563415527344 -0.0242919921875
0.0163154602050781 -0.0200023651123047 -0.0128002166748047 -0.0188865661621094
0.0216655731201172 -0.0100040435791016 -0.0222492218017578 -0.0104408264160156
0.019287109375 0.000186920166015625 -0.0246963500976563 -0.0104179382324219
0.0124120712280273 0.00615596771240234 -0.03167724609375 -0.0139217376708984
0.015131950378418 0.00704860687255859 -0.0416679382324219 -0.0105514526367187
0.0164155960083008 0.0126752853393555 -0.0395774841308594 -0.00720977783203125
0.0281600952148438 0.0372886657714844 -0.0110130310058594 -0.0410003662109375
0.0272598266601563 0.0284385681152344 0.00641489028930664 -0.00772762298583984
0.0245380401611328 0.0227127075195313 0.0256195068359375 0.00539588928222656
0.0326061248779297 0.0135574340820312 0.0431938171386719 -0.00603103637695312
0.0333385467529297 -0.000762939453125 0.0391159057617188 -0.0212821960449219
0.0278339385986328 -0.0198154449462891 0.0264778137207031 -0.0374107360839844
0.0175914764404297 -0.0314769744873047 0.0102405548095703 -0.0347900390625
0.0159282684326172 -0.0303382873535156 -0.00264167785644531 -0.0218620300292969
0.0143642425537109 -0.0337905883789062 -0.00994205474853515 -0.0126047134399414
0.0222625732421875 -0.0327396392822266 -0.0171213150024414 -0.00901317596435547
0.0309543609619141 -0.0204887390136719 -0.0263481140136719 -0.00342941284179687
0.0326175689697266 -0.00796890258789063 -0.0262699127197266 -0.0070953369140625
0.0289535522460937 0.00736045837402344 -0.0313358306884766 -0.0109272003173828
0.0321178436279297 0.0145778656005859 -0.0340290069580078 -0.00565719604492188
0.0313911437988281 0.0228900909423828 -0.0294551849365234 0.00186729431152343
0.0364990234375 0.0465736389160156 0.00200653076171875 -0.0269451141357422
0.0404167175292969 0.0377655029296875 0.0171699523925781 0.00462150573730469
0.038360595703125 0.0275497436523437 0.03045654296875 0.0099029541015625
0.0463600158691406 0.0127182006835937 0.0421943664550781 -0.00293731689453125
0.0426712036132812 -0.00564956665039062 0.0331687927246094 -0.0169143676757813
0.0333824157714844 -0.0276050567626953 0.0191116333007813 -0.0284805297851563
0.0201416015625 -0.0370445251464844 0.00503921508789063 -0.0204849243164063
0.0183830261230469 -0.035797119140625 -0.0043330192565918 -0.00643157958984375
0.0164566040039063 -0.0404701232910156 -0.0104703903198242 0.00301551818847656
0.0236740112304688 -0.0398902893066406 -0.0197334289550781 0.00453758239746093
0.0358238220214844 -0.0273361206054688 -0.0286140441894531 0.00694084167480468
0.0417938232421875 -0.0149307250976563 -0.0287246704101562 -0.00212478637695312
0.0409164428710938 0.00728225708007813 -0.0292625427246094 -0.00821495056152343
0.0441322326660156 0.020965576171875 -0.0218372344970703 -0.00113296508789062
0.0409202575683594 0.0319747924804688 -0.0164785385131836 0.0130090713500977
0.0400619506835938 0.0479393005371094 0.0156536102294922 -0.0125751495361328
0.0469093322753906 0.0407981872558594 0.0290126800537109 0.0146312713623047
0.0477485656738281 0.0271339416503906 0.0332984924316406 0.0132217407226563
0.0521697998046875 0.00838470458984375 0.0382118225097656 0.00151443481445313
0.0445594787597656 -0.0104789733886719 0.0258140563964844 -0.00946998596191406
0.0331478118896484 -0.0314178466796875 0.0101242065429688 -0.0164575576782227
0.0183181762695312 -0.0381202697753906 0.00102686882019043 -0.00420856475830078
0.0178146362304688 -0.0361175537109375 -0.00557518005371094 0.0101041793823242
0.0161552429199219 -0.040679931640625 -0.0112743377685547 0.0188770294189453
0.0239067077636719 -0.0405540466308594 -0.0224800109863281 0.017730712890625
0.0370216369628906 -0.0281028747558594 -0.0304889678955078 0.0161075592041016
0.04437255859375 -0.0157585144042969 -0.0283298492431641 0.00265693664550782
0.046356201171875 0.00918197631835938 -0.0248050689697266 -0.00578689575195312
0.0485458374023437 0.0259170532226563 -0.00749540328979492 0.00391244888305664
0.0438041687011719 0.0359344482421875 -0.00136756896972656 0.0257682800292969
0.0377044677734375 0.0414390563964844 0.0288066864013672 0.000156402587890628
0.04803466796875 0.0353431701660156 0.0385589599609375 0.02069091796875
0.0471420288085938 0.0205764770507813 0.0341358184814453 0.0142993927001953
0.0489997863769531 0.00130081176757812 0.0324287414550781 0.0054779052734375
0.0387420654296875 -0.01470947265625 0.0171318054199219 -0.000837326049804688
0.0261039733886719 -0.0306434631347656 0.0034940242767334 -0.00209379196166992
0.0143604278564453 -0.0323276519775391 -0.00221633911132812 0.0121097564697266
0.0143013000488281 -0.0300445556640625 -0.00629615783691406 0.0247039794921875
0.0141353607177734 -0.033935546875 -0.0126953125 0.0317783355712891
0.0211429595947266 -0.0330066680908203 -0.0250358581542969 0.0289535522460938
0.0337543487548828 -0.0223979949951172 -0.0327873229980469 0.0232410430908203
0.0412826538085938 -0.0120391845703125 -0.0289726257324219 0.00617027282714844
0.042816162109375 0.0124435424804687 -0.019683837890625 -0.00359725952148438
0.044158935546875 0.0288162231445312 0.00512218475341797 0.0101318359375
0.0373649597167969 0.0369224548339844 0.0113182067871094 0.0395698547363281
0.0272331237792969 0.02978515625 0.0391845703125 0.00838088989257813
0.0394210815429688 0.0251197814941406 0.0458297729492188 0.0216789245605469
0.0380859375 0.0112762451171875 0.0324363708496094 0.0139980316162109
0.0362091064453125 -0.0038604736328125 0.0256824493408203 0.00994491577148437
0.0257511138916016 -0.0159072875976563 0.0127630233764648 0.00705528259277344
0.01385498046875 -0.0245571136474609 -0.000102043151855469 0.0108737945556641
0.00773239135742187 -0.0223960876464844 -0.00226211547851562 0.0254135131835938
0.00832939147949219 -0.0199375152587891 -0.00613784790039062 0.0354499816894531
0.00973701477050781 -0.0226802825927734 -0.0142135620117188 0.0417022705078125
0.0147285461425781 -0.022308349609375 -0.0292472839355469 0.0364112854003906
0.0246353149414063 -0.0153293609619141 -0.0352554321289063 0.0272064208984375
0.0320701599121094 -0.00748634338378906 -0.0295124053955078 0.00883865356445313
0.0336246490478516 0.0134983062744141 -0.0156068801879883 -0.000461578369140625
0.0339336395263672 0.02642822265625 0.0133380889892578 0.0168724060058594
0.0266857147216797 0.0317802429199219 0.0197067260742188 0.0527763366699219
0.0132770538330078 0.0142240524291992 0.0461196899414063 0.010498046875
0.0249671936035156 0.0119552612304688 0.04827880859375 0.0188560485839844
0.0227928161621094 0.00172996520996094 0.0309715270996094 0.0112953186035156
0.0174169540405273 -0.00682163238525391 0.021240234375 0.0123805999755859
0.00876522064208984 -0.0121231079101563 0.0110282897949219 0.0128555297851563
2.09808349609369E-05 -0.013087272644043 0.00121879577636719 0.0199050903320313
-0.000289440155029296 -0.00755882263183594 -0.000617980957031248 0.0330715179443359
0.00221586227416992 -0.00605344772338867 -0.00457382202148438 0.0407524108886719
0.00191974639892578 -0.00887298583984375 -0.0158424377441406 0.0468368530273438
0.00430965423583984 -0.00979900360107422 -0.0325965881347656 0.0404472351074219
0.0125417709350586 -0.00885200500488281 -0.0381355285644531 0.0289955139160156
0.0183753967285156 -0.00433158874511719 -0.0309085845947266 0.0116291046142578
0.0204639434814453 0.00934600830078125 -0.0150651931762695 0.0021371841430664
0.0193462371826172 0.0174179077148438 0.0162715911865234 0.0231075286865234
0.0115108489990234 0.0207347869873047 0.0238151550292969 0.0621604919433594
1.71661376953123E-05 0.00568103790283203 -0.0291023254394531 -0.0583953857421875
-0.00252389907836914 -0.00172662734985352 -0.0118923187255859 -0.0228843688964844
-0.00612974166870117 0.00356292724609375 0.0170364379882813 -9.6321105957031E-05
0.00167942047119141 0.00783872604370117 0.0408935546875 -0.0104255676269531
0.00553560256958008 0.0037684440612793 0.0433082580566406 -0.0270004272460937
0.00595521926879883 -0.00207328796386719 0.0333290100097656 -0.0477256774902344
0.00429677963256836 -0.00865888595581055 0.0153160095214844 -0.0534439086914062
0.00426244735717773 -0.00637245178222656 0.00135040283203125 -0.0428428649902344
0.00482797622680664 -0.00617742538452148 -0.00676345825195313 -0.0325679779052734
0.00830173492431641 -0.00487709045410156 -0.00996017456054688 -0.0249347686767578
0.00901317596435547 0.00136852264404297 -0.0190277099609375 -0.0146369934082031
0.00256109237670899 0.00793981552124024 -0.0252685546875 -0.0135955810546875
-0.00625944137573242 0.0038905143737793 -0.0336837768554688 -0.0181255340576172
-0.00435900688171387 -0.00412487983703613 -0.0490264892578125 -0.0159797668457031
-0.00161933898925781 0.000991463661193848 -0.0469207763671875 -0.0120620727539063
0.0174694061279297 0.0241565704345703 -0.0224723815917969 -0.0530548095703125
0.0138483047485352 0.0141477584838867 -0.00309371948242187 -0.0178623199462891
0.011164665222168 0.0133190155029297 0.0222530364990234 0.00124168395996094
0.0180130004882813 0.0109500885009766 0.0434417724609375 -0.0099639892578125
0.0207252502441406 0.00104904174804687 0.0431327819824219 -0.0256538391113281
0.0184478759765625 -0.0124435424804688 0.0324478149414063 -0.0454559326171875
0.0115718841552734 -0.0242481231689453 0.0138015747070313 -0.0472640991210938
0.0109272003173828 -0.0212154388427734 -0.00107192993164063 -0.0352439880371094
0.0106716156005859 -0.0230579376220703 -0.00991439819335938 -0.0255031585693359
0.0170993804931641 -0.0215988159179688 -0.0149993896484375 -0.0190830230712891
0.0239162445068359 -0.0118846893310547 -0.0240802764892578 -0.0108280181884766
0.0211200714111328 0.0001220703125 -0.0273189544677734 -0.0107402801513672
0.013214111328125 0.00655364990234375 -0.0339984893798828 -0.0143260955810547
0.0160408020019531 0.0073394775390625 -0.0451927185058594 -0.0101203918457031
0.0177154541015625 0.0143642425537109 -0.0418319702148438 -0.00556945800781249
0.0301856994628906 0.0395164489746094 -0.0117073059082031 -0.042083740234375
0.0290069580078125 0.0300655364990234 0.0081629753112793 -0.00720024108886719
0.0265407562255859 0.023223876953125 0.0279216766357422 0.00429725646972657
0.0353546142578125 0.0128097534179687 0.0454292297363281 -0.00670242309570312
0.0348758697509766 -0.00202178955078125 0.0413932800292969 -0.0219345092773438
0.0291061401367188 -0.0216426849365234 0.026947021484375 -0.0412216186523438
0.0170421600341797 -0.0339717864990234 0.0103225708007813 -0.0365638732910156
0.0152416229248047 -0.0334033966064453 -0.0026702880859375 -0.0225067138671875
0.0140838623046875 -0.0367393493652344 -0.0110569000244141 -0.0118551254272461
0.022552490234375 -0.0343856811523438 -0.0182380676269531 -0.00884819030761719
0.0318183898925781 -0.0224742889404297 -0.0276279449462891 -0.00232124328613281
0.0347423553466797 -0.0088043212890625 -0.0290660858154297 -0.00578689575195312
0.0310230255126953 0.00807762145996094 -0.0340805053710938 -0.0114974975585938
0.0332279205322266 0.0155563354492188 -0.0359840393066406 -0.00473403930664062
0.0324363708496094 0.0245494842529297 -0.0325164794921875 0.003082275390625
0.0396919250488281 0.0485038757324219 0.0015411376953125 -0.0275802612304687
0.0432090759277344 0.0380287170410156 0.0203819274902344 0.00404739379882813
0.0413284301757813 0.0304718017578125 0.0321102142333984 0.0105991363525391
0.04949951171875 0.0118865966796875 0.0446357727050781 -0.0029296875
0.0449600219726562 -0.00701141357421875 0.0354766845703125 -0.018218994140625
0.0354537963867188 -0.0298118591308594 0.0193748474121094 -0.0299530029296875
0.0196914672851563 -0.0396385192871094 0.00452804565429688 -0.0213031768798828
0.0180244445800781 -0.0382308959960938 -0.00441217422485351 -0.0068964958190918
0.0158309936523438 -0.043060302734375 -0.0114507675170898 0.00367069244384765
0.0235328674316406 -0.0433464050292969 -0.0218963623046875 0.00538444519042969
0.0365447998046875 -0.0304107666015625 -0.0310649871826172 0.00701713562011718
0.043853759765625 -0.0174598693847656 -0.0303459167480469 -0.000885009765624999
0.0436019897460937 0.00748825073242187 -0.0316791534423828 -0.00709915161132812
0.0471725463867188 0.0218734741210937 -0.0219764709472656 -0.00139617919921874
0.04522705078125 0.0327796936035156 -0.0175085067749023 0.0156364440917969
0.0431709289550781 0.0497512817382813 0.0167818069458008 -0.0138406753540039
0.0505599975585938 0.0405006408691406 0.0317249298095703 0.0152320861816406
0.0507278442382813 0.0277099609375 0.03570556640625 0.0144233703613281
0.0554084777832031 0.00721359252929688 0.0407829284667969 0.00032806396484375
0.0477447509765625 -0.0136299133300781 0.0264072418212891 -0.0103969573974609
0.0347404479980469 -0.0342006683349609 0.0103120803833008 -0.0169525146484375
0.0200347900390625 -0.0409622192382813 0.000122308731079103 -0.0036923885345459
0.0166778564453125 -0.03851318359375 -0.00592994689941406 0.0106391906738281
0.0164031982421875 -0.04351806640625 -0.0118064880371094 0.0208644866943359
0.0232620239257812 -0.042388916015625 -0.0245437622070313 0.0206317901611328
0.0374412536621094 -0.0302810668945313 -0.0329818725585937 0.0192413330078125
0.0464897155761719 -0.0184440612792969 -0.0311107635498047 0.00392532348632812
0.0477867126464844 0.00830841064453125 -0.0267868041992188 -0.00500869750976562
0.0530281066894531 0.0254592895507813 -0.00913810729980469 0.00451183319091797
0.0465049743652344 0.0358772277832031 -0.00160217285156249 0.0276451110839844
0.0390625 0.0415916442871094 0.0310859680175781 -0.000453948974609372
0.0509414672851562 0.0349502563476563 0.0414085388183594 0.0211677551269531
0.0506477355957031 0.0211715698242187 0.0356826782226563 0.0140495300292969
0.0519828796386719 0.000560760498046875 0.0347080230712891 0.00627899169921875
0.0394439697265625 -0.0159873962402344 0.0178260803222656 -0.00122261047363281
0.0256576538085938 -0.0334053039550781 0.00290989875793457 -0.000916481018066408
0.0139961242675781 -0.0348663330078125 -0.002899169921875 0.0135717391967773
0.0145931243896484 -0.0318870544433594 -0.00581741333007812 0.0256404876708984
0.014068603515625 -0.0355720520019531 -0.0131053924560547 0.0338172912597656
0.0203170776367188 -0.0363883972167969 -0.0285320281982422 0.0319290161132813
0.0339889526367188 -0.0238246917724609 -0.0343036651611328 0.0249404907226563
0.0427131652832031 -0.013763427734375 -0.0303630828857422 0.00792884826660156
0.0453376770019531 0.0130996704101562 -0.0208015441894531 -0.00191879272460937
0.0471115112304688 0.0288047790527344 0.00625419616699219 0.0106439590454102
0.0411224365234375 0.038116455078125 0.0116386413574219 0.0425338745117187
0.0296192169189453 0.0300216674804688 0.0428619384765625 0.00778579711914063
0.0416221618652344 0.0256309509277344 0.0482444763183594 0.0217742919921875
0.0403099060058594 0.0113525390625 0.03570556640625 0.0138664245605469
0.0382270812988281 -0.00532913208007813 0.0278472900390625 0.0100364685058594
0.0261001586914063 -0.0178050994873047 0.0128812789916992 0.00811290740966797
0.0128879547119141 -0.0252361297607422 -0.000227928161621094 0.0123577117919922
0.007781982421875 -0.02325439453125 -0.00144004821777344 0.0276260375976563
0.00841331481933594 -0.0215873718261719 -0.00560760498046875 0.0377616882324219
0.00905799865722656 -0.0236911773681641 -0.0136871337890625 0.0445289611816406
0.0137653350830078 -0.0233669281005859 -0.0302162170410156 0.0404891967773438
0.0251331329345703 -0.0167160034179688 -0.036163330078125 0.030029296875
0.0331840515136719 -0.00908088684082031 -0.0308380126953125 0.0109291076660156
0.0356216430664063 0.0135612487792969 -0.0171184539794922 0.000662803649902345
0.0366096496582031 0.0271110534667969 0.01409912109375 0.0171098709106445
0.0286655426025391 0.0317764282226563 0.0221290588378906 0.0552215576171875
0.0129661560058594 0.0142145156860352 0.0493812561035156 0.0105819702148438
0.0249271392822266 0.0113792419433594 0.0512542724609375 0.0192947387695313
0.0241641998291016 0.00151824951171875 0.0331687927246094 0.0122928619384766
0.0184497833251953 -0.00805854797363281 0.0240039825439453 0.0134353637695313
0.00856685638427734 -0.0132598876953125 0.0132007598876953 0.0123500823974609
0.000237464904785156 -0.013092041015625 0.00254440307617188 0.0221710205078125
8.01086425781252E-05 -0.00648689270019531 0.00106430053710937 0.0342807769775391
0.00190830230712891 -0.00641155242919922 -0.00403594970703125 0.0428428649902344
0.00238847732543945 -0.00807714462280273 -0.0149612426757813 0.0484352111816406
0.00479412078857422 -0.0100955963134766 -0.0339508056640625 0.0424079895019531
0.0123081207275391 -0.00929164886474609 -0.0385665893554687 0.0312690734863281
0.0186061859130859 -0.00473976135253906 -0.0325832366943359 0.0124015808105469
0.0212631225585938 0.009246826171875 -0.0161428451538086 0.00270843505859375
0.01983642578125 0.0170707702636719 0.0164451599121094 0.0239276885986328
0.0133514404296875 0.0210418701171875 0.0252571105957031 0.0646629333496094
0.000871658325195312 0.00780248641967773 -0.0335845947265625 -0.0585365295410156
-0.00203704833984375 0.000320672988891602 -0.0126571655273437 -0.0218143463134766
-0.00510978698730469 0.00346183776855469 0.0186996459960938 -0.00210762023925781
0.0021662712097168 0.00644016265869141 0.0409889221191406 -0.0133476257324219
0.00644540786743164 0.000992298126220703 0.0449371337890625 -0.0319061279296875
0.00692987442016602 -0.00570487976074219 0.0328407287597656 -0.0524368286132813
0.00290870666503906 -0.00935649871826172 0.0135345458984375 -0.0540313720703125
0.00357818603515625 -0.0101070404052734 -0.003631591796875 -0.04339599609375
0.00396156311035156 -0.00778436660766601 -0.0107803344726562 -0.0320968627929688
0.00895404815673828 -0.00727272033691406 -0.0123386383056641 -0.025299072265625
0.00946998596191406 0.00178146362304688 -0.0220184326171875 -0.0141124725341797
0.00356388092041016 0.00874519348144531 -0.0259819030761719 -0.0100078582763672
-0.0068359375 0.00462150573730469 -0.0361747741699219 -0.0165328979492188
-0.00593709945678711 -0.00187158584594727 -0.0502166748046875 -0.0139808654785156
-0.000678539276123047 0.00207626819610596 -0.0496711730957031 -0.009979248046875
0.0198898315429688 0.0241565704345703 -0.0253791809082031 -0.0543251037597656
0.0144243240356445 0.0139074325561523 -0.0039529800415039 -0.0164899826049805
0.0122585296630859 0.0142669677734375 0.0221614837646484 0.00158882141113281
0.0209770202636719 0.011077880859375 0.0451278686523438 -0.011566162109375
0.0205001831054688 0.00018310546875 0.0439300537109375 -0.0276374816894531
0.0180606842041016 -0.0151348114013672 0.0307121276855469 -0.0475120544433594
0.0111656188964844 -0.0267276763916016 0.0103874206542969 -0.0478172302246094
0.00893592834472656 -0.0250930786132813 -0.00291061401367188 -0.0351161956787109
0.0109004974365234 -0.0255203247070313 -0.01300048828125 -0.0252037048339844
0.0174484252929688 -0.0232067108154297 -0.0162277221679688 -0.0196266174316406
0.0231094360351563 -0.0122604370117188 -0.0258541107177734 -0.0104389190673828
0.0221385955810547 -0.00144767761230469 -0.0292549133300781 -0.00921440124511719
0.0138616561889648 0.00711345672607422 -0.0360565185546875 -0.0135231018066406
0.0157489776611328 0.00853061676025391 -0.046356201171875 -0.00724411010742188
0.0189876556396484 0.0137825012207031 -0.0452690124511719 -0.0033111572265625
0.0333900451660156 0.039886474609375 -0.01361083984375 -0.0449295043945313
0.0294456481933594 0.0293292999267578 0.00583696365356445 -0.00687360763549805
0.0268306732177734 0.0234508514404297 0.0276432037353516 0.00534629821777344
0.0363388061523438 0.0121574401855469 0.0459556579589844 -0.0103225708007813
0.0358810424804688 -0.00434112548828125 0.0404319763183594 -0.0254287719726563
0.0277633666992188 -0.0248126983642578 0.0252265930175781 -0.042877197265625
0.0156974792480469 -0.0364532470703125 0.00904464721679688 -0.0391845703125
0.0141677856445312 -0.0349617004394531 -0.0034027099609375 -0.0221080780029297
0.0134124755859375 -0.0389595031738281 -0.0126514434814453 -0.0121183395385742
0.0207405090332031 -0.0388870239257813 -0.0194988250732422 -0.00624275207519531
0.0316524505615234 -0.0256004333496094 -0.0324573516845703 -0.00198364257812501
0.0361289978027344 -0.0115547180175781 -0.0320224761962891 -0.00531005859375
0.0332374572753906 0.00616264343261719 -0.0370750427246094 -0.00970458984374999
0.0346927642822266 0.0160579681396484 -0.0373382568359375 -0.00242614746093751
0.0347976684570313 0.0245914459228516 -0.0324954986572266 0.00583648681640625
0.0433731079101562 0.0480155944824219 -0.0001983642578125 -0.0279731750488281
0.0478744506835938 0.0374374389648438 0.0209693908691406 0.00455665588378906
0.0440521240234375 0.0268936157226563 0.033416748046875 0.00868797302246094
0.05145263671875 0.00878524780273437 0.04595947265625 -0.004364013671875
0.0453529357910156 -0.00982284545898438 0.0345611572265625 -0.0199031829833984
0.0332202911376953 -0.0324726104736328 0.0159931182861328 -0.0301246643066406
0.0174293518066406 -0.0415496826171875 0.00510406494140625 -0.0201950073242188
0.0174560546875 -0.0412406921386719 -0.00408840179443359 -0.00707244873046875
0.0153656005859375 -0.0455055236816406 -0.0147314071655273 0.00565242767333984
0.0212783813476562 -0.0452613830566406 -0.0221900939941406 0.0079517364501953
0.0367012023925781 -0.0332412719726563 -0.0337123870849609 0.0105533599853516
0.045623779296875 -0.02105712890625 -0.03228759765625 0.000881195068359367
0.0463409423828125 0.00534820556640625 -0.0329475402832031 -0.00287246704101563
0.0487060546875 0.0200729370117188 -0.0249862670898437 0.000913619995117194
0.0475425720214844 0.0297317504882813 -0.0202484130859375 0.0166549682617187
0.0472869873046875 0.0488395690917969 0.0186824798583984 -0.0130329132080078
0.0525627136230469 0.0367813110351562 0.0323753356933594 0.0147972106933594
0.0559539794921875 0.0258750915527344 0.0374908447265625 0.0141448974609375
0.0584640502929688 0.00472640991210938 0.0410575866699219 -8.39233398437497E-05
0.0484733581542969 -0.0162734985351563 0.0281238555908203 -0.0101184844970703
0.0348854064941406 -0.0382728576660156 0.0104360580444336 -0.0169572830200195
0.0165481567382813 -0.0427932739257813 0.000813961029052735 -0.00245785713195801
0.0161857604980469 -0.0399131774902344 -0.00611782073974609 0.0125732421875
0.0110816955566406 -0.0439834594726563 -0.0108108520507812 0.0229454040527344
0.0214653015136719 -0.0450057983398438 -0.0244712829589844 0.0220012664794922
0.0386085510253906 -0.0334701538085938 -0.0328197479248047 0.0216217041015625
0.0471343994140625 -0.0207443237304688 -0.0327491760253906 0.00662612915039063
0.050750732421875 0.00797653198242188 -0.0277385711669922 -0.00332069396972657
0.0554924011230469 0.0241012573242188 -0.010136604309082 0.00469303131103516
0.0510520935058594 0.0344696044921875 -0.002166748046875 0.0289268493652344
0.0440521240234375 0.0428085327148438 0.0330486297607422 -0.00047492980957031
0.0525627136230469 0.0318450927734375 0.0447845458984375 0.0211563110351563
0.0517997741699219 0.0199661254882813 0.0390892028808594 0.0135993957519531
0.0517196655273438 -0.0018157958984375 0.035858154296875 0.00595855712890625
0.041229248046875 -0.0195846557617187 0.0183010101318359 -0.000360488891601564
0.0259475708007812 -0.0347709655761719 0.00380182266235352 -0.00258135795593262
0.0120887756347656 -0.0353660583496094 -0.00142955780029297 0.0128297805786133
0.0136871337890625 -0.0358047485351563 -0.00357818603515625 0.0265655517578125
0.010406494140625 -0.0372085571289063 -0.0122528076171875 0.0378379821777344
0.0182876586914063 -0.0363998413085938 -0.0242156982421875 0.0356826782226562
0.0356369018554688 -0.0296478271484375 -0.0334033966064453 0.0280704498291016
0.0436210632324219 -0.0189208984375 -0.0303878784179687 0.00974655151367187
0.0482101440429688 0.00838851928710938 -0.0216751098632812 -6.48498535156277E-05
0.0493965148925781 0.0266380310058594 0.00670337677001953 0.0106000900268555
0.0425682067871094 0.0371055603027344 0.0137252807617188 0.0446510314941406
0.0322322845458984 0.0285282135009766 0.044464111328125 0.00592803955078125
0.0425453186035156 0.0238037109375 0.0521240234375 0.0203208923339844
0.0443687438964844 0.00806808471679688 0.0377922058105469 0.0139808654785156
0.038787841796875 -0.00954055786132812 0.0279369354248047 0.0106086730957031
0.0262813568115234 -0.0201930999755859 0.0160150527954102 0.00773811340332031
0.0110569000244141 -0.0281124114990234 0.00226974487304688 0.0138912200927734
0.0063018798828125 -0.0241451263427734 0.00126075744628906 0.0293369293212891
0.00724411010742188 -0.0214385986328125 -0.00392532348632812 0.0389213562011719
0.00879669189453125 -0.0258312225341797 -0.0127029418945313 0.045806884765625
0.0123634338378906 -0.0240592956542969 -0.0295181274414062 0.0431556701660156
0.0243930816650391 -0.0194721221923828 -0.0366401672363281 0.0332298278808594
0.0324478149414062 -0.0106258392333984 -0.0330982208251953 0.0130901336669922
0.0357131958007813 0.0106010437011719 -0.0179729461669922 0.000337600708007813
0.035614013671875 0.023223876953125 0.0151309967041016 0.0170059204101563
0.0318336486816406 0.0316181182861328 0.0243644714355469 0.0558700561523438
0.0135688781738281 0.0146121978759766 0.0531997680664063 0.00529861450195313
0.0250988006591797 0.0122833251953125 0.0523910522460938 0.0162773132324219
0.0240917205810547 -0.00103378295898437 0.0351314544677734 0.00968170166015625
0.0191440582275391 -0.0109672546386719 0.0244789123535156 0.0113449096679688
0.00816822052001953 -0.0155315399169922 0.0153656005859375 0.0121908187866211
-7.7247619628905E-05 -0.0134696960449219 0.00431251525878906 0.0230331420898438
-0.0011754035949707 -0.00631523132324219 0.00471878051757813 0.0358505249023438
0.00295734405517578 -0.00604104995727539 0.00060272216796875 0.0447044372558594
0.00142574310302734 -0.00939846038818359 -0.0132789611816406 0.0538749694824219
0.0039825439453125 -0.00897407531738281 -0.0323219299316406 0.0480690002441406
0.0104904174804688 -0.0102205276489258 -0.0387115478515625 0.0337982177734375
0.0199089050292969 -0.00535011291503906 -0.0337028503417969 0.0154399871826172
0.0210704803466797 0.00868415832519531 -0.0174112319946289 0.00249576568603516
0.0207099914550781 0.0160541534423828 0.0161952972412109 0.0226802825927734
0.0152606964111328 0.0188255310058594 0.0295028686523437 0.0650863647460937
0.00143718719482422 0.00908756256103516 -0.0354080200195313 -0.0568084716796875
-0.00332927703857422 0.000236034393310547 -0.0133705139160156 -0.0215167999267578
-0.00505638122558594 0.00506830215454102 0.0191078186035156 -0.00126266479492188
0.00264692306518555 0.00544023513793945 0.0409088134765625 -0.0158119201660156
0.00650167465209961 0.001953125 0.0419960021972656 -0.0337409973144531
0.00682258605957031 -0.00407314300537109 0.0289764404296875 -0.0540008544921875
0.00347709655761719 -0.0113115310668945 0.00873947143554688 -0.0563278198242188
0.00390338897705078 -0.0105733871459961 -0.00349044799804688 -0.0431709289550781
0.00583934783935547 -0.00974273681640625 -0.0107345581054688 -0.0319690704345703
0.00858306884765625 -0.00722074508666992 -0.0148544311523438 -0.0247745513916016
0.00990390777587891 -0.00138950347900391 -0.022491455078125 -0.0140609741210938
0.00505208969116211 0.00764608383178711 -0.0274066925048828 -0.0110149383544922
-0.00561094284057617 0.00492429733276367 -0.0378227233886719 -0.0163841247558594
-0.00518798828125 -0.00112199783325195 -0.0533485412597656 -0.0113677978515625
-0.00208497047424316 0.00319671630859375 -0.0508804321289063 -0.00824737548828124
0.02001953125 0.0247840881347656 -0.0264892578125 -0.0521392822265625
0.0161886215209961 0.0143537521362305 -0.00384140014648437 -0.016963005065918
0.0134897232055664 0.013453483581543 0.0235424041748047 0.000520706176757813
0.0206203460693359 0.00754165649414063 0.0439682006835938 -0.01361083984375
0.0217914581298828 -0.00153923034667969 0.0417289733886719 -0.0306625366210938
0.0174074172973633 -0.0170202255249023 0.0285415649414063 -0.0496673583984375
0.009002685546875 -0.0269432067871094 0.0084228515625 -0.0491142272949219
0.00823593139648438 -0.0256729125976562 -0.00468635559082031 -0.0347881317138672
0.00922203063964844 -0.0277748107910156 -0.0132541656494141 -0.0239925384521484
0.0160026550292969 -0.0250778198242188 -0.0194225311279297 -0.0176448822021484
0.0230369567871094 -0.0154018402099609 -0.0278301239013672 -0.00738716125488281
0.0227241516113281 -0.00266456604003906 -0.0296173095703125 -0.00926017761230468
0.0149631500244141 0.00776767730712891 -0.0382575988769531 -0.0108871459960937
0.015711784362793 0.00777816772460937 -0.0477523803710938 -0.00588607788085938
0.018951416015625 0.0132827758789062 -0.0451507568359375 -0.00106430053710938
0.0359954833984375 0.0386085510253906 -0.0151519775390625 -0.042816162109375
0.0332279205322266 0.0268154144287109 0.00771284103393555 -0.00654077529907226
0.0312328338623047 0.0231781005859375 0.0303745269775391 0.00492668151855469
0.039031982421875 0.00880813598632813 0.0463600158691406 -0.0104713439941406
0.0365486145019531 -0.0060577392578125 0.0395774841308594 -0.0263137817382813
0.0286388397216797 -0.0259284973144531 0.0224189758300781 -0.0417289733886719
0.0143241882324219 -0.0386276245117188 0.0060272216796875 -0.0373420715332031
0.01214599609375 -0.0378532409667969 -0.00516891479492188 -0.0212001800537109
0.0105552673339844 -0.0402870178222656 -0.0143222808837891 -0.00909805297851563
0.0193405151367187 -0.0401840209960938 -0.0221538543701172 -0.00531005859375
0.0322132110595703 -0.0268001556396484 -0.0303821563720703 0.00114059448242188
0.0352783203125 -0.01300048828125 -0.0323410034179688 -0.00427436828613281
0.0324077606201172 0.00506019592285156 -0.0364494323730469 -0.0074310302734375
0.0356254577636719 0.013519287109375 -0.0379180908203125 0.000156402587890619
0.0362548828125 0.0230331420898437 -0.0334148406982422 0.00809478759765625
0.0453605651855469 0.0465240478515625 0.000494003295898441 -0.0281867980957031
0.0486412048339844 0.0340652465820313 0.02130126953125 0.005706787109375
0.0459442138671875 0.0265769958496094 0.0356178283691406 0.00915908813476563
0.0523910522460938 0.00664901733398437 0.047393798828125 -0.00789642333984375
0.0459213256835938 -0.0122642517089844 0.0335121154785156 -0.0204696655273438
0.0327377319335938 -0.0342521667480469 0.0169639587402344 -0.0301914215087891
0.0164451599121094 -0.0455207824707031 0.00341796875 -0.0215930938720703
0.0148658752441406 -0.0428810119628906 -0.00477361679077148 -0.0051875114440918
0.0110816955566406 -0.0469779968261719 -0.0123634338378906 0.00643444061279297
0.0200386047363281 -0.0478096008300781 -0.0236358642578125 0.00876426696777343
0.0346221923828125 -0.03515625 -0.0319595336914063 0.0123767852783203
0.0439605712890625 -0.0225067138671875 -0.0334320068359375 0.00156211853027343
0.0450286865234375 0.00420761108398438 -0.0348167419433594 -0.00402641296386719
0.0502738952636719 0.0170478820800781 -0.0258426666259766 0.00298881530761719
0.0489654541015625 0.02789306640625 -0.0185108184814453 0.0175342559814453
0.0493125915527344 0.0457191467285156 0.0173616409301758 -0.0140886306762695
0.0562400817871094 0.0347442626953125 0.0336341857910156 0.0133190155029297
0.0560951232910156 0.0239181518554688 0.0393218994140625 0.013214111328125
0.0580825805664063 0.00168228149414063 0.0428314208984375 -0.00101470947265625
0.0479507446289063 -0.0188331604003906 0.0272769927978516 -0.0111179351806641
0.0305328369140625 -0.0390472412109375 0.00998592376708984 -0.0150251388549805
0.0149612426757812 -0.0449371337890625 0.00109755992889404 -0.00172591209411621
0.0136528015136719 -0.0431747436523438 -0.00273895263671875 0.0133533477783203
0.0114822387695312 -0.046539306640625 -0.0101222991943359 0.0239028930664062
0.0188140869140625 -0.04730224609375 -0.0228786468505859 0.0247383117675781
0.0356216430664063 -0.0364341735839844 -0.0327682495117187 0.0231113433837891
0.0455513000488281 -0.0237274169921875 -0.0339889526367188 0.00746917724609375
0.0521965026855469 0.00432586669921875 -0.0290355682373047 -0.000780105590820319
0.0568695068359375 0.0211334228515625 -0.00792741775512695 0.00683116912841797
0.0515556335449219 0.0330123901367188 -0.000558853149414061 0.0297832489013672
0.0461311340332031 0.0382270812988281 0.0334377288818359 -0.00255966186523437
0.0549964904785156 0.0288810729980469 0.045074462890625 0.0187606811523438
0.0539932250976563 0.0169143676757813 0.0405654907226563 0.0140571594238281
0.0531349182128906 -0.0056915283203125 0.0370330810546875 0.005096435546875
0.0393486022949219 -0.0222587585449219 0.0215110778808594 -0.001312255859375
0.0222549438476563 -0.036590576171875 0.0044088363647461 0.00157928466796875
0.0108871459960938 -0.0378074645996094 0.000497817993164065 0.0153284072875977
0.0105171203613281 -0.0350513458251953 -0.00245094299316406 0.0272750854492187
0.010284423828125 -0.0391082763671875 -0.00985336303710938 0.0377464294433594
0.0167007446289062 -0.0373802185058594 -0.0245704650878906 0.0361557006835938
0.0323429107666016 -0.0305118560791016 -0.033477783203125 0.0303955078125
0.0419960021972656 -0.0204353332519531 -0.0312232971191406 0.0124874114990234
0.0484199523925781 0.00793838500976563 -0.0231208801269531 0.000526428222656251
0.0514717102050781 0.0229606628417969 0.00516128540039063 0.010106086730957
0.0453376770019531 0.0325469970703125 0.0157966613769531 0.0420761108398438
0.0336570739746094 0.026611328125 0.0451393127441406 0.00431060791015625
0.0456886291503906 0.019073486328125 0.0526161193847656 0.0192642211914063
0.0426063537597656 0.00660324096679688 0.0373115539550781 0.013458251953125
0.0376472473144531 -0.00876998901367188 0.0304908752441406 0.00974655151367188
0.0240039825439453 -0.02105712890625 0.0152063369750977 0.00871944427490234
0.0111808776855469 -0.0268001556396484 0.00319004058837891 0.0153837203979492
0.00444221496582031 -0.0240592956542969 0.00188064575195312 0.0274085998535156
0.00696754455566406 -0.0218925476074219 -0.000839233398437501 0.0387763977050781
0.00598526000976563 -0.0250034332275391 -0.0101318359375 0.0485572814941406
0.0102405548095703 -0.0252532958984375 -0.0272483825683594 0.0451278686523437
0.0235805511474609 -0.0193424224853516 -0.0347251892089844 0.0356903076171875
0.0326099395751953 -0.0128021240234375 -0.031524658203125 0.0151233673095703
0.037109375 0.00893020629882813 -0.0186786651611328 0.00233650207519532
0.0391082763671875 0.0212516784667969 0.0141019821166992 0.0168800354003906
0.0317897796630859 0.0281562805175781 0.0261955261230469 0.0550956726074219
0.016209602355957 0.0114545822143555 0.0520896911621094 0.00439834594726563
0.0272579193115234 0.0072479248046875 0.0546646118164063 0.0145263671875
0.0237312316894531 -0.00215530395507813 0.0363807678222656 0.0106124877929688
0.0163183212280273 -0.0123205184936523 0.0268173217773438 0.0137710571289063
0.00640392303466797 -0.0152196884155273 0.0156383514404297 0.0143909454345703
-0.00276470184326172 -0.012847900390625 0.00585174560546875 0.0230636596679688
-0.00105905532836914 -0.00673341751098633 0.00571823120117187 0.0353622436523438
0.00123357772827148 -0.00677204132080078 0.00131988525390625 0.0437583923339844
0.00173664093017578 -0.00807476043701172 -0.0114250183105469 0.0532455444335938
0.00256156921386719 -0.00967597961425781 -0.0295562744140625 0.0487861633300781
0.00971508026123047 -0.00951004028320312 -0.037841796875 0.0363845825195313
0.0172615051269531 -0.00714206695556641 -0.0329742431640625 0.0161552429199219
0.0219440460205078 0.00632286071777344 -0.0175952911376953 0.00418281555175781
0.0208778381347656 0.0139923095703125 0.0184745788574219 0.0216770172119141
0.0145635604858398 0.01690673828125 0.0317001342773438 0.0648078918457031
0.00284957885742187 0.00859975814819336 -0.0353813171386719 -0.0555343627929687
-0.001609206199646 0.00068962574005127 -0.0125846862792969 -0.0198097229003906
-0.00350809097290039 0.00525617599487305 0.0190143585205078 -0.00199508666992187
0.00311756134033203 0.00585269927978516 0.0400924682617188 -0.0162277221679688
0.0069127082824707 0.000690937042236328 0.0397834777832031 -0.0339889526367188
0.0058588981628418 -0.00534915924072266 0.0273895263671875 -0.0538787841796875
0.002166748046875 -0.01312255859375 0.0074615478515625 -0.0560150146484375
0.00336265563964844 -0.0114202499389648 -0.00494766235351562 -0.0421371459960938
0.00547313690185547 -0.0104360580444336 -0.0122394561767578 -0.0308036804199219
0.00958728790283203 -0.00802898406982422 -0.0160598754882813 -0.0240573883056641
0.0107917785644531 -0.00119781494140625 -0.0235767364501953 -0.01361083984375
0.00605678558349609 0.00735712051391602 -0.0283279418945313 -0.0115375518798828
-0.00552034378051758 0.00576877593994141 -0.03863525390625 -0.0158958435058594
-0.00542068481445313 0.000212669372558593 -0.0525779724121094 -0.00923538208007813
-0.00174093246459961 0.00322699546813965 -0.0502853393554688 -0.00652694702148438
0.0213890075683594 0.0248279571533203 -0.0271148681640625 -0.0508155822753906
0.0167789459228516 0.0138053894042969 -0.00381183624267578 -0.0151805877685547
0.0143594741821289 0.0137948989868164 0.0243740081787109 -5.72204589843742E-05
0.0215606689453125 0.00732994079589844 0.0435333251953125 -0.0146484375
0.0220050811767578 -0.00361824035644531 0.0403060913085937 -0.0311813354492188
0.0174655914306641 -0.0178279876708984 0.025726318359375 -0.0489921569824219
0.00829696655273438 -0.0273075103759766 0.00719451904296875 -0.0486831665039063
0.00761032104492187 -0.0264949798583984 -0.00536918640136719 -0.0337924957275391
0.00806808471679688 -0.0281467437744141 -0.0139980316162109 -0.0220298767089844
0.0154647827148438 -0.0261821746826172 -0.0199508666992188 -0.0170192718505859
0.0226821899414063 -0.0156574249267578 -0.0283603668212891 -0.00748825073242188
0.0231266021728516 -0.00256919860839844 -0.0307579040527344 -0.00819778442382813
0.0147600173950195 0.00756263732910156 -0.0377769470214844 -0.0105628967285156
0.016204833984375 0.00831985473632813 -0.0482292175292969 -0.00414276123046874
0.0193653106689453 0.0137138366699219 -0.0450668334960938 -0.000255584716796874
0.0367240905761719 0.0370864868164063 -0.0148200988769531 -0.0407752990722656
0.0345973968505859 0.0258560180664063 0.00835227966308594 -0.00590801239013672
0.0322799682617188 0.0219383239746094 0.0300540924072266 0.00469970703125
0.0386505126953125 0.0079345703125 0.0458030700683594 -0.0109329223632813
0.0358009338378906 -0.00848388671875 0.0386085510253906 -0.0256767272949219
0.0275478363037109 -0.0272598266601563 0.0216484069824219 -0.0407600402832031
0.0129737854003906 -0.03857421875 0.00510025024414062 -0.03619384765625
0.0106697082519531 -0.0376472473144531 -0.00550460815429688 -0.019805908203125
0.00954055786132813 -0.04107666015625 -0.0134439468383789 -0.00805473327636719
0.0177650451660156 -0.0400619506835938 -0.0230731964111328 -0.00403594970703125
0.0308856964111328 -0.0284538269042969 -0.0313987731933594 0.0020008087158203
0.0357284545898438 -0.0146331787109375 -0.032958984375 -0.00293731689453125
0.0329093933105469 0.00586700439453125 -0.0365982055664063 -0.00557327270507812
0.03582763671875 0.0132827758789063 -0.0379562377929688 0.00126647949218751
0.0365333557128906 0.0212173461914063 -0.0338668823242187 0.00922966003417968
0.0472908020019531 0.0438957214355469 0.000383377075195313 -0.0276870727539062
0.0479164123535156 0.0330238342285156 0.0207767486572266 0.00496482849121094
0.0475082397460938 0.0251960754394531 0.0353012084960938 0.0094146728515625
0.0524215698242188 0.00498199462890625 0.0460548400878906 -0.00670242309570313
0.0446739196777344 -0.0151939392089844 0.0337982177734375 -0.0199604034423828
0.0314292907714844 -0.0353965759277344 0.01513671875 -0.0292110443115234
0.0145797729492188 -0.044464111328125 0.00295066833496094 -0.0202274322509766
0.0123519897460938 -0.0431556701660156 -0.00419163703918457 -0.00357747077941895
0.0102005004882813 -0.0472793579101563 -0.0120525360107422 0.0084848403930664
0.0178604125976563 -0.0472183227539063 -0.0232353210449219 0.01092529296875
0.033660888671875 -0.0361785888671875 -0.0318374633789063 0.0138053894042969
0.0433273315429688 -0.0232887268066406 -0.0339641571044922 0.00332450866699218
0.0457420349121094 0.00252151489257813 -0.0335330963134766 -0.00256919860839844
0.0499534606933594 0.0162887573242188 -0.0252914428710937 0.00448036193847657
0.0487747192382813 0.0268211364746094 -0.0175094604492187 0.0194454193115234
0.0502815246582031 0.0437736511230469 0.01666259765625 -0.0146236419677734
0.0559806823730469 0.0338401794433594 0.034698486328125 0.0142097473144531
0.0566024780273437 0.0226211547851562 0.0389671325683594 0.0131683349609375
0.0569953918457031 -0.0009918212890625 0.0427017211914063 -0.00188827514648437
0.0464897155761719 -0.0204544067382813 0.0266361236572266 -0.0109901428222656
0.0296554565429688 -0.0391693115234375 0.00900363922119141 -0.0141744613647461
0.0131492614746094 -0.0448722839355469 0.00134921073913574 -0.00202274322509766
0.0112495422363281 -0.0423164367675781 -0.00272750854492188 0.0130376815795898
0.00919342041015625 -0.0459518432617187 -0.00991439819335937 0.0248298645019531
0.0168991088867187 -0.0471687316894531 -0.0225200653076172 0.0257167816162109
0.0338897705078125 -0.0364799499511719 -0.0318374633789062 0.0245189666748047
0.0443534851074219 -0.0253639221191406 -0.0327606201171875 0.00887298583984376
0.0515403747558594 0.00217819213867188 -0.0288162231445313 0.000162124633789065
0.0558547973632813 0.0188331604003906 -0.00918006896972656 0.00731563568115234
0.0512657165527344 0.0301666259765625 0.000295639038085943 0.0304336547851563
0.0465583801269531 0.0360527038574219 0.0325756072998047 -0.00344085693359375
0.0547065734863281 0.0270462036132813 0.0457305908203125 0.0181083679199219
0.0543060302734375 0.0151214599609375 0.0401153564453125 0.0150642395019531
0.0524978637695313 -0.00767135620117188 0.0371894836425781 0.00466537475585937
0.0374794006347656 -0.0234107971191406 0.0202445983886719 -0.000698089599609376
0.0212326049804687 -0.0359344482421875 0.00495433807373047 0.00218152999877929
0.00909805297851563 -0.0365943908691406 0.00105953216552734 0.0153045654296875
0.00943565368652344 -0.0338268280029297 -0.00182151794433594 0.0277137756347656
0.00850296020507813 -0.0375251770019531 -0.00864410400390625 0.0383949279785156
0.015228271484375 -0.0375595092773438 -0.0236892700195313 0.0374870300292969
0.0304050445556641 -0.0299263000488281 -0.0323390960693359 0.032073974609375
0.0404701232910156 -0.0206108093261719 -0.0313358306884766 0.0129833221435547
0.0472450256347656 0.00568008422851562 -0.0224685668945312 0.0011138916015625
0.0513877868652344 0.0213890075683594 0.00476932525634766 0.0108871459960938
0.0456695556640625 0.0308685302734375 0.0152664184570313 0.0426712036132813
0.0335273742675781 0.0245018005371094 0.0446014404296875 0.00271224975585938
0.04364013671875 0.0170555114746094 0.0522422790527344 0.0186882019042969
0.0424079895019531 0.00555801391601563 0.0382270812988281 0.0127601623535156
0.0365028381347656 -0.0111808776855469 0.0307121276855469 0.00937652587890625
0.0229701995849609 -0.0212936401367188 0.0160160064697266 0.00857067108154297
0.008544921875 -0.0264263153076172 0.00444412231445313 0.0148458480834961
0.00319671630859375 -0.0234146118164062 0.00323486328125 0.0277996063232422
0.00478172302246094 -0.0214004516601563 0.001068115234375 0.0374069213867188
0.00548362731933594 -0.0237922668457031 -0.00897216796875 0.0481491088867188
0.00978851318359375 -0.0242671966552734 -0.0255775451660156 0.0458259582519531
0.0214633941650391 -0.0196666717529297 -0.0337944030761719 0.0363731384277344
0.0311279296875 -0.0140895843505859 -0.0315265655517578 0.0159854888916016
0.0370903015136719 0.0072021484375 -0.0187244415283203 0.00343132019042969
0.0385169982910156 0.0196495056152344 0.0147867202758789 0.016413688659668
0.0321712493896484 0.0258903503417969 0.0267715454101563 0.0545692443847656
0.0156936645507813 0.00990104675292969 0.0514907836914063 0.00316238403320313
0.0263290405273438 0.00582313537597656 0.0543251037597656 0.0134086608886719
0.0240135192871094 -0.00386619567871094 0.0358314514160156 0.0107154846191406
0.0154151916503906 -0.0126781463623047 0.0275974273681641 0.0118923187255859
0.0046091079711914 -0.0146312713623047 0.0166587829589844 0.013239860534668
-0.00356960296630859 -0.0106277465820312 0.00700569152832031 0.0226840972900391
-0.00206089019775391 -0.00573062896728516 0.00719451904296875 0.0339107513427734
0.000849723815917968 -0.00572967529296875 0.00305557250976562 0.0428733825683594
0.00109767913818359 -0.00648355484008789 -0.00952911376953125 0.0525131225585937
0.00186681747436524 -0.00870656967163086 -0.028533935546875 0.0482635498046875
0.00908851623535156 -0.00963115692138672 -0.0360107421875 0.0369720458984375
0.0160980224609375 -0.00715255737304687 -0.0321407318115234 0.0177021026611328
0.0214328765869141 0.00551795959472656 -0.0177192687988281 0.00482940673828125
0.0207710266113281 0.0123882293701172 0.0185928344726563 0.0204582214355469
0.0145292282104492 0.0159845352172852 0.0319786071777344 0.0626411437988281
0.00327682495117188 0.0100088119506836 -0.0338516235351563 -0.0552978515625
-0.00084078311920166 0.00186967849731445 -0.0119419097900391 -0.0190296173095703
-0.00232028961181641 0.00553178787231445 0.0194892883300781 -0.001220703125
0.00420761108398438 0.00501775741577148 0.039886474609375 -0.0161705017089844
0.00705146789550781 0.000221729278564453 0.0404052734375 -0.033935546875
0.00649356842041016 -0.00630426406860352 0.0266532897949219 -0.0537147521972656
0.00255489349365234 -0.0135297775268555 0.00714874267578125 -0.0551338195800781
0.00304317474365234 -0.012080192565918 -0.00446701049804688 -0.041534423828125
0.00567531585693359 -0.0116720199584961 -0.0125713348388672 -0.0301761627197266
0.00951671600341797 -0.00912380218505859 -0.016021728515625 -0.0236244201660156
0.0117950439453125 -0.00141334533691406 -0.0242538452148438 -0.0131607055664062
0.00716781616210938 0.00753259658813477 -0.0286960601806641 -0.0115680694580078
-0.00490713119506836 0.0065760612487793 -0.0385055541992188 -0.0161361694335938
-0.00555562973022461 0.00119781494140625 -0.0528793334960938 -0.0102195739746094
-0.00121974945068359 0.00455808639526367 -0.0508155822753906 -0.00621032714843751
0.0221462249755859 0.0256900787353516 -0.0260429382324219 -0.0505294799804688
0.0177536010742188 0.0137119293212891 -0.0027618408203125 -0.0143709182739258
0.0156240463256836 0.0143938064575195 0.0247745513916016 0.000366210937500001
0.0219974517822266 0.00645828247070313 0.0436553955078125 -0.0138359069824219
0.0225944519042969 -0.00472831726074219 0.0401229858398438 -0.0304031372070312
0.0181655883789063 -0.0185565948486328 0.0255813598632813 -0.0485954284667969
0.00781822204589844 -0.0280075073242188 0.007171630859375 -0.0476875305175781
0.00683784484863281 -0.0275936126708984 -0.00541114807128906 -0.0330829620361328
0.00817680358886719 -0.0290050506591797 -0.014404296875 -0.020904541015625
0.0154762268066406 -0.0272140502929688 -0.0205745697021484 -0.0161933898925781
0.0236396789550781 -0.0161895751953125 -0.0292434692382813 -0.00732040405273437
0.0238590240478516 -0.00322341918945313 -0.0306262969970703 -0.00833511352539063
0.0157012939453125 0.00839614868164062 -0.038238525390625 -0.010650634765625
0.016413688659668 0.00945663452148438 -0.0479583740234375 -0.00387954711914063
0.0194416046142578 0.0150127410888672 -0.0454368591308594 0.00105285644531249
0.037384033203125 0.03753662109375 -0.0147933959960937 -0.0402336120605469
0.0344619750976562 0.025848388671875 0.00891780853271485 -0.00501728057861328
0.0334205627441406 0.0219154357910156 0.0307121276855469 0.005889892578125
0.0392532348632812 0.0077056884765625 0.0464019775390625 -0.0107307434082031
0.0361671447753906 -0.009246826171875 0.0385055541992188 -0.0258979797363281
0.0274734497070313 -0.0283832550048828 0.0215377807617188 -0.0398216247558594
0.0124626159667969 -0.0395088195800781 0.00535964965820313 -0.0352592468261719
0.00999069213867188 -0.0387916564941406 -0.00496482849121094 -0.0195789337158203
0.009490966796875 -0.0417709350585938 -0.0138406753540039 -0.00661087036132813
0.0177040100097656 -0.0411148071289063 -0.0231456756591797 -0.00324058532714844
0.0308570861816406 -0.0289840698242188 -0.0321369171142578 0.00305366516113281
0.0361175537109375 -0.0143280029296875 -0.0334815979003906 -0.00304031372070313
0.033782958984375 0.00650405883789063 -0.0370445251464844 -0.00525665283203125
0.0355415344238281 0.014190673828125 -0.0383415222167969 0.001617431640625
0.0366439819335938 0.0214996337890625 -0.0338497161865234 0.00985145568847656
0.0470542907714844 0.044677734375 0.000625610351562502 -0.0270595550537109
0.0483322143554688 0.0327949523925781 0.0220260620117188 0.00642013549804688
0.0482139587402344 0.0250511169433594 0.0360336303710938 0.0114479064941406
0.0524978637695313 0.00471878051757813 0.0464591979980469 -0.00572967529296875
0.045196533203125 -0.0153236389160156 0.0339870452880859 -0.0188331604003906
0.0313339233398437 -0.0356712341308594 0.0157489776611328 -0.0277023315429688
0.01416015625 -0.0450897216796875 0.00325775146484375 -0.0191497802734375
0.0110549926757813 -0.0438995361328125 -0.00405979156494141 -0.00315046310424805
0.00964736938476563 -0.0477027893066406 -0.0125675201416016 0.00982952117919921
0.017578125 -0.0477180480957031 -0.0233383178710938 0.0119915008544922
0.0334205627441406 -0.0365333557128906 -0.0329475402832031 0.0145378112792969
0.0426216125488281 -0.0240974426269531 -0.0344123840332031 0.00353622436523437
0.0462188720703125 0.00329971313476563 -0.0340156555175781 -0.00165748596191406
0.0495109558105469 0.0165863037109375 -0.0246849060058594 0.00519180297851562
0.0486259460449219 0.026947021484375 -0.0175266265869141 0.0203475952148438
0.0500564575195313 0.0434799194335938 0.0175313949584961 -0.014103889465332
0.0551567077636719 0.0329856872558594 0.0346851348876953 0.0149383544921875
0.0568161010742188 0.0227432250976563 0.0394248962402344 0.0147476196289063
0.0575408935546875 -0.00127029418945313 0.0433082580566406 -4.19616699218751E-05
0.0455131530761719 -0.0203819274902344 0.0282135009765625 -0.00914764404296875
0.0288543701171875 -0.0388870239257813 0.00973320007324219 -0.0121755599975586
0.0127143859863281 -0.0443687438964844 0.00228285789489746 -0.00105905532836914
0.0109367370605469 -0.0426483154296875 -0.00236320495605469 0.0135126113891602
0.0089111328125 -0.0458412170410156 -0.00929832458496094 0.0258464813232422
0.0166702270507812 -0.0464096069335938 -0.0227375030517578 0.0273494720458984
0.0330543518066406 -0.0366477966308594 -0.032470703125 0.0257835388183594
0.0441322326660156 -0.0258636474609375 -0.0335407257080078 0.00989913940429688
0.0516738891601562 0.002532958984375 -0.0287380218505859 0.000391006469726556
0.0552520751953125 0.0190849304199219 -0.00942134857177734 0.00787639617919922
0.0512428283691406 0.0300216674804687 -0.000656127929687497 0.0316638946533203
0.0462417602539063 0.0353965759277344 0.0322856903076172 -0.00320053100585937
0.0539970397949219 0.0259857177734375 0.0457229614257813 0.0194435119628906
0.0547523498535156 0.015045166015625 0.0409927368164063 0.0159454345703125
0.051116943359375 -0.00780105590820313 0.0375633239746094 0.00559616088867187
0.0372581481933594 -0.0233688354492188 0.0211811065673828 0.000484466552734374
0.0203361511230469 -0.0352096557617188 0.00553417205810547 0.00343847274780273
0.00902557373046875 -0.0359535217285156 0.00172138214111328 0.0157241821289062
0.00862884521484375 -0.0337677001953125 -0.00149154663085938 0.0281944274902344
0.00794601440429687 -0.0363922119140625 -0.00846481323242188 0.0393905639648437
0.0143356323242187 -0.0370368957519531 -0.0241355895996094 0.0387687683105469
0.0295944213867188 -0.0298118591308594 -0.0323390960693359 0.0325489044189453
0.0399513244628906 -0.02117919921875 -0.0322227478027344 0.0134601593017578
0.0470619201660156 0.0056610107421875 -0.0227813720703125 0.00175094604492187
0.0506057739257813 0.0205955505371094 0.00513839721679688 0.0111122131347656
0.0449180603027344 0.0304412841796875 0.0149993896484375 0.0435218811035156
0.0333251953125 0.0235385894775391 0.0440750122070313 0.0025482177734375
0.0425071716308594 0.0161399841308594 0.0520439147949219 0.0186424255371094
0.0419883728027344 0.00504684448242187 0.0390167236328125 0.0145339965820313
0.0357170104980469 -0.0116806030273438 0.0314788818359375 0.00974655151367188
0.0216503143310547 -0.0211257934570313 0.0171012878417969 0.0095529556274414
0.00828933715820312 -0.0251007080078125 0.00546550750732422 0.0162057876586914
0.0030364990234375 -0.0227317810058594 0.00404739379882813 0.0275077819824219
0.0041656494140625 -0.0214271545410156 0.000991821289062503 0.0378684997558594
0.00511550903320313 -0.0225200653076172 -0.00878524780273437 0.0482444763183594
0.00884056091308594 -0.0234355926513672 -0.0255661010742187 0.0461158752441406
0.0210094451904297 -0.01959228515625 -0.0337982177734375 0.036865234375
0.0297698974609375 -0.0141353607177734 -0.0314826965332031 0.0163421630859375
0.0361328125 0.0072021484375 -0.0189304351806641 0.00408363342285157
0.0380058288574219 0.0192298889160156 0.0150279998779297 0.0161685943603516
0.0316486358642578 0.0249004364013672 0.0256233215332031 0.0544509887695313
0.0152435302734375 0.00860404968261719 0.0504531860351563 0.00316619873046875
0.0262107849121094 0.00485038757324219 0.0543899536132813 0.0143928527832031
0.0236129760742188 -0.00425910949707031 0.03680419921875 0.0114860534667969
0.0152730941772461 -0.0134773254394531 0.0282268524169922 0.0133323669433594
0.00371360778808594 -0.0142478942871094 0.0171747207641602 0.0140810012817383
-0.003997802734375 -0.00996208190917969 0.00908851623535156 0.0231285095214844
-0.00197601318359375 -0.00378823280334473 0.00731086730957031 0.0333366394042969
9.48905944824221E-05 -0.00452089309692383 0.00315093994140625 0.0421295166015625
0.000675678253173828 -0.00571107864379883 -0.00896453857421875 0.0523910522460938
0.0015101432800293 -0.00772190093994141 -0.0287055969238281 0.0487442016601563
0.00820159912109375 -0.0092010498046875 -0.0359458923339844 0.0375823974609375
0.0158243179321289 -0.00780105590820313 -0.0329151153564453 0.0176620483398438
0.020477294921875 0.00466156005859375 -0.0181560516357422 0.0050048828125
0.0206241607666016 0.0115623474121094 0.0176486968994141 0.0204219818115234
0.0146512985229492 0.0146865844726563 0.0309333801269531 0.0625457763671875
0.00400257110595703 0.0115518569946289 -0.0332870483398437 -0.0569343566894531
9.72747802734374E-05 0.00259184837341309 -0.0107555389404297 -0.0193748474121094
-0.00111532211303711 0.00547981262207031 0.0211963653564453 -0.001220703125
0.00519466400146484 0.00456428527832031 0.0417556762695313 -0.0161857604980469
0.00828886032104492 -0.000781059265136719 0.0408401489257812 -0.0344123840332031
0.00688648223876953 -0.00760602951049805 0.0277366638183594 -0.0544471740722656
0.00215911865234375 -0.0148649215698242 0.00756072998046875 -0.0562095642089844
0.00319957733154297 -0.0137596130371094 -0.00500106811523438 -0.0418624877929688
0.00542449951171875 -0.0138702392578125 -0.0127983093261719 -0.0299949645996094
0.0108861923217773 -0.0107307434082031 -0.0173778533935547 -0.0237159729003906
0.0128536224365234 -0.00164222717285156 -0.0262451171875 -0.0139598846435547
0.00791406631469727 0.00763988494873047 -0.0300483703613281 -0.0124931335449219
-0.00465917587280274 0.00833940505981445 -0.0400466918945312 -0.0171928405761719
-0.00524568557739258 0.00318717956542969 -0.0539970397949219 -0.0109939575195313
-0.000919342041015625 0.00569725036621094 -0.0514144897460938 -0.00613784790039063
0.0235919952392578 0.0275325775146484 -0.0250205993652344 -0.0511741638183594
0.0186595916748047 0.0148582458496094 -0.00179672241210937 -0.0142745971679687
0.0174493789672852 0.0145750045776367 0.0262813568115234 0.00171852111816406
0.0232505798339844 0.00643730163574219 0.0452499389648438 -0.0141220092773437
0.0231895446777344 -0.00532341003417969 0.0410003662109375 -0.0304756164550781
0.0180759429931641 -0.0204982757568359 0.0266380310058594 -0.0486335754394531
0.00782012939453125 -0.0297908782958984 0.00725555419921875 -0.0485305786132813
0.00726699829101562 -0.0289287567138672 -0.0053558349609375 -0.0330753326416016
0.0084228515625 -0.0309276580810547 -0.0146026611328125 -0.0207328796386719
0.0163993835449219 -0.02850341796875 -0.0214767456054688 -0.0155143737792969
0.0249347686767578 -0.0162162780761719 -0.0303840637207031 -0.0068206787109375
0.0259590148925781 -0.00292015075683594 -0.0324573516845703 -0.00842094421386719
0.0168609619140625 0.00984477996826172 -0.0398330688476562 -0.0109939575195313
0.0165872573852539 0.0111446380615234 -0.0490455627441406 -0.00374984741210938
0.0197029113769531 0.0162944793701172 -0.0463600158691406 0.00126266479492187
0.0383872985839844 0.0395469665527344 -0.0132331848144531 -0.0405921936035156
0.0352134704589844 0.0264968872070313 0.0103569030761719 -0.00444889068603516
0.0353813171386719 0.0227394104003906 0.0330410003662109 0.00704765319824219
0.0410003662109375 0.00702667236328125 0.0483436584472656 -0.0100288391113281
0.037384033203125 -0.00970458984375 0.039825439453125 -0.0251960754394531
0.028106689453125 -0.0300025939941406 0.0223426818847656 -0.0392303466796875
0.0125885009765625 -0.04119873046875 0.00588417053222657 -0.0344619750976563
0.0101242065429688 -0.0403366088867188 -0.00500106811523437 -0.0189609527587891
0.0100631713867188 -0.0433883666992188 -0.0138988494873047 -0.00586795806884766
0.0186996459960938 -0.04241943359375 -0.02447509765625 -0.00171470642089844
0.0324306488037109 -0.0296592712402344 -0.0334377288818359 0.00388717651367188
0.037994384765625 -0.0151519775390625 -0.0348014831542969 -0.00223541259765626
0.0349903106689453 0.00786209106445313 -0.0380401611328125 -0.00542068481445312
0.0368003845214844 0.0158309936523438 -0.0392112731933594 0.00174331665039062
0.0368499755859375 0.0235671997070313 -0.034149169921875 0.0110015869140625
0.0485763549804688 0.045745849609375 0.00215530395507813 -0.0264759063720703
0.0493278503417969 0.0336647033691406 0.0233917236328125 0.00736808776855469
0.0502510070800781 0.0259056091308594 0.0380744934082031 0.0126419067382813
0.0540504455566406 0.00448226928710938 0.0491409301757813 -0.00494766235351563
0.0457496643066406 -0.0156784057617188 0.0356521606445313 -0.0177955627441406
0.0322341918945312 -0.0366439819335938 0.0163326263427734 -0.0266990661621094
0.014434814453125 -0.0462837219238281 0.00414848327636719 -0.0180397033691406
0.0110397338867188 -0.0447959899902344 -0.00374579429626465 -0.00171351432800293
0.01025390625 -0.0490264892578125 -0.0121583938598633 0.0115365982055664
0.0182418823242188 -0.04925537109375 -0.02447509765625 0.0139007568359375
0.0344734191894531 -0.0369300842285156 -0.0339698791503906 0.0158596038818359
0.043975830078125 -0.0242156982421875 -0.0358009338378906 0.00457000732421876
0.0479660034179688 0.00383758544921875 -0.0347690582275391 -0.00161361694335938
0.0509529113769531 0.0181159973144531 -0.0258121490478516 0.00618171691894532
0.04852294921875 0.028228759765625 -0.0184249877929687 0.0217132568359375
0.0510063171386719 0.0443801879882812 0.0181427001953125 -0.0136146545410156
0.0554962158203125 0.0339622497558594 0.036468505859375 0.0167007446289063
0.0582618713378906 0.0232391357421875 0.0415611267089844 0.0172882080078125
0.0584220886230469 -0.00127029418945313 0.0448532104492188 0.00104522705078125
0.0463905334472656 -0.0208702087402344 0.0287647247314453 -0.00875091552734375
0.0294570922851563 -0.0394172668457031 0.0111541748046875 -0.0110101699829102
0.0126304626464844 -0.0449028015136719 0.00282883644104004 -0.000122785568237307
0.0104255676269531 -0.0431594848632813 -0.00202178955078125 0.01458740234375
0.009735107421875 -0.0470848083496094 -0.00955390930175781 0.0281352996826172
0.0159683227539063 -0.0472373962402344 -0.0238704681396484 0.0290126800537109
0.0335731506347656 -0.0375900268554688 -0.0335464477539063 0.0271282196044922
0.0452804565429688 -0.0269622802734375 -0.0344066619873047 0.011016845703125
0.0524826049804688 0.00323867797851563 -0.0296688079833984 0.00105667114257813
0.0562477111816406 0.0197410583496094 -0.00929927825927734 0.00913619995117188
0.0517082214355469 0.0306816101074219 -0.000890731811523434 0.0337009429931641
0.046600341796875 0.0359573364257812 0.0332145690917969 -0.00218009948730469
0.0536880493164063 0.0266952514648438 0.046783447265625 0.0212821960449219
0.0555839538574219 0.015106201171875 0.0426101684570313 0.0186233520507813
0.0520401000976563 -0.00833511352539063 0.0386886596679688 0.0064239501953125
0.0371932983398438 -0.0236549377441406 0.0225849151611328 0.00176620483398437
0.0205879211425781 -0.0358543395996094 0.00682687759399414 0.00431299209594726
0.00896835327148437 -0.0360374450683594 0.00280189514160156 0.0159988403320313
0.00924301147460937 -0.0335559844970703 -0.000469207763671873 0.0297489166259766
0.00872039794921875 -0.0371170043945313 -0.00806427001953125 0.0411186218261719
0.0140113830566406 -0.0371170043945313 -0.0242729187011719 0.0408821105957031
0.0290641784667969 -0.029541015625 -0.0336208343505859 0.034332275390625
0.0401382446289062 -0.0221328735351562 -0.0332126617431641 0.0150356292724609
0.047698974609375 0.00547409057617187 -0.023834228515625 0.00216293334960938
0.0512161254882812 0.0206794738769531 0.00518226623535157 0.0119333267211914
0.0452156066894531 0.0297966003417969 0.0141487121582031 0.0454597473144531
0.0335979461669922 0.0228652954101563 0.0446357727050781 0.00390243530273438
0.0426254272460938 0.0157737731933594 0.0534706115722656 0.0200691223144531
0.0432243347167969 0.0050811767578125 0.0404510498046875 0.0162773132324219
0.0357475280761719 -0.0123176574707031 0.0326747894287109 0.0109272003173828
0.0216636657714844 -0.0215740203857422 0.018768310546875 0.00982475280761719
0.00820541381835938 -0.0244026184082031 0.00636768341064453 0.0164146423339844
0.00307464599609375 -0.0220737457275391 0.00443267822265625 0.0284404754638672
0.00486183166503906 -0.0202522277832031 0.0010528564453125 0.0391197204589844
0.00538444519042969 -0.022216796875 -0.00856399536132813 0.05029296875
0.00901031494140625 -0.0226707458496094 -0.0263671875 0.0483055114746094
0.0209827423095703 -0.0191631317138672 -0.0348663330078125 0.038238525390625
0.0296840667724609 -0.0141010284423828 -0.0327930450439453 0.0169811248779297
0.0365066528320313 0.00704574584960938 -0.0192890167236328 0.003936767578125
0.0380630493164062 0.0182952880859375 0.0146350860595703 0.0170154571533203
0.0317707061767578 0.02374267578125 0.0248870849609375 0.0567207336425781
0.0163278579711914 0.00692367553710938 0.0512619018554688 0.00371551513671875
0.0256214141845703 0.00367355346679688 0.0555152893066406 0.0154228210449219
0.0239620208740234 -0.005279541015625 0.0382499694824219 0.0125694274902344
0.0140285491943359 -0.0132932662963867 0.0298843383789062 0.0140228271484375
0.00257682800292969 -0.014470100402832 0.0187797546386719 0.0141334533691406
-0.00521564483642578 -0.00818252563476563 0.0104312896728516 0.0233230590820313
-0.00256800651550293 -0.00406169891357422 0.00820159912109375 0.03369140625
0.000463962554931641 -0.00372695922851562 0.00283050537109375 0.04290771484375
0.000869274139404296 -0.00425815582275391 -0.00952148437500001 0.0533294677734375
0.000982761383056641 -0.0066676139831543 -0.0292510986328125 0.0502738952636719
0.00733757019042969 -0.0090341567993164 -0.0368385314941406 0.0387458801269531
0.0147571563720703 -0.00835990905761719 -0.0335903167724609 0.0177402496337891
0.0203285217285156 0.00436592102050781 -0.0184192657470703 0.00525283813476563
0.0201454162597656 0.0101795196533203 0.0174522399902344 0.0212917327880859
0.0138683319091797 0.0132932662963867 0.0299301147460938 0.0645980834960938
0.00575447082519531 0.0138626098632813 -0.034210205078125 -0.0595741271972656
0.00161314010620117 0.00319242477416992 -0.0105514526367188 -0.0198154449462891
0.000214099884033203 0.00594949722290039 0.0229969024658203 -0.00104331970214844
0.00640106201171875 0.00428962707519531 0.0434188842773438 -0.016845703125
0.0090484619140625 -0.00154876708984375 0.0423240661621094 -0.0360565185546875
0.00696659088134766 -0.0096750259399414 0.0274658203125 -0.0568351745605469
0.00157451629638672 -0.0168609619140625 0.00677490234375001 -0.0586395263671875
0.00282096862792969 -0.0155391693115234 -0.00570297241210938 -0.043060302734375
0.00558948516845703 -0.0162239074707031 -0.0144176483154297 -0.030975341796875
0.0119285583496094 -0.0124406814575195 -0.019439697265625 -0.0235652923583984
0.0146207809448242 -0.00267505645751953 -0.0276737213134766 -0.01373291015625
0.00995445251464844 0.0080108642578125 -0.0319232940673828 -0.0127677917480469
-0.00354290008544922 0.00961017608642578 -0.0423812866210938 -0.0178184509277344
-0.0049748420715332 0.00521707534790039 -0.0561866760253906 -0.0111007690429687
-0.000512123107910156 0.0081171989440918 -0.0535507202148438 -0.00565719604492188
0.0257129669189453 0.0294322967529297 -0.0252113342285156 -0.0527572631835938
0.0207920074462891 0.0158557891845703 -0.000838279724121091 -0.0140514373779297
0.0193576812744141 0.0146236419677734 0.0285739898681641 0.00217247009277344
0.0249919891357422 0.00561714172363281 0.0472755432128906 -0.0144996643066406
0.0249481201171875 -0.00666236877441406 0.042877197265625 -0.0314369201660156
0.0189380645751953 -0.0222740173339844 0.0268020629882813 -0.0498504638671875
0.006988525390625 -0.0324153900146484 0.00743865966796875 -0.0493621826171875
0.00643539428710937 -0.0314617156982422 -0.00552940368652344 -0.0336380004882813
0.00839614868164063 -0.0343647003173828 -0.01568603515625 -0.0200443267822266
0.0170097351074219 -0.0308570861816406 -0.0237998962402344 -0.0150680541992187
0.0266952514648438 -0.0181541442871094 -0.0324649810791016 -0.00624275207519531
0.0278415679931641 -0.00400924682617187 -0.0347976684570313 -0.00818443298339844
0.0186882019042969 0.0109901428222656 -0.0417060852050781 -0.0109024047851563
0.0176868438720703 0.0135250091552734 -0.0510940551757813 -0.00342178344726562
0.0211143493652344 0.0184268951416016 -0.0480613708496094 0.0027923583984375
0.0410079956054688 0.0415191650390625 -0.0124168395996094 -0.0416336059570313
0.0378150939941406 0.0275802612304688 0.0120439529418945 -0.00345420837402344
0.0379600524902344 0.0232810974121094 0.0359573364257813 0.00795364379882813
0.043304443359375 0.00604248046875 0.0513954162597656 -0.0103073120117188
0.0387802124023438 -0.011627197265625 0.0419464111328125 -0.0256614685058594
0.0288753509521484 -0.0329360961914063 0.023895263671875 -0.0402030944824219
0.0120735168457031 -0.0433616638183594 0.006683349609375 -0.0352859497070313
0.00968551635742187 -0.0425949096679688 -0.00481224060058594 -0.0184745788574219
0.0094146728515625 -0.0470962524414063 -0.0142498016357422 -0.00385284423828125
0.0184173583984375 -0.0452842712402344 -0.0256366729736328 -0.000564575195312504
0.0343551635742188 -0.0317478179931641 -0.0356864929199219 0.00562286376953125
0.0402488708496094 -0.0161781311035156 -0.0365715026855469 -0.00127029418945312
0.0376167297363281 0.00880050659179688 -0.0405616760253906 -0.00504684448242187
0.0385246276855469 0.0178031921386719 -0.0405731201171875 0.00318145751953125
0.0389747619628906 0.0253982543945313 -0.0355377197265625 0.0129241943359375
0.0506591796875 0.0474586486816406 0.00330162048339844 -0.0275497436523437
0.0510101318359375 0.0343971252441406 0.0253372192382813 0.00835227966308594
0.053741455078125 0.026763916015625 0.0419502258300781 0.0137405395507813
0.0566482543945313 0.00310897827148438 0.0513992309570313 -0.00464248657226563
0.0476837158203125 -0.0177803039550781 0.0371017456054687 -0.0179328918457031
0.033172607421875 -0.0388641357421875 0.0182113647460938 -0.0263519287109375
0.0138664245605469 -0.0486640930175781 0.0045623779296875 -0.0175056457519531
0.0110206604003906 -0.0470466613769531 -0.0030210018157959 -0.000789642333984378
0.00931930541992187 -0.0516929626464844 -0.0115947723388672 0.0141534805297852
0.0182723999023438 -0.0515022277832031 -0.0256500244140625 0.0164890289306641
0.0364837646484375 -0.0397758483886719 -0.0360984802246094 0.0189857482910156
0.0462760925292969 -0.02618408203125 -0.03790283203125 0.00665664672851562
0.0507087707519531 0.00463104248046875 -0.0364494323730469 -0.000232696533203125
0.0533638000488281 0.0192832946777344 -0.0261154174804687 0.00726127624511719
0.0509796142578125 0.0297126770019531 -0.0191841125488281 0.0245647430419922
0.0537223815917969 0.0452232360839844 0.0193328857421875 -0.0131664276123047
0.057281494140625 0.0341148376464844 0.0383720397949219 0.0184249877929688
0.0618400573730469 0.0240669250488281 0.0448875427246094 0.0186996459960937
0.0608596801757813 -0.00180435180664062 0.0485000610351563 0.001953125
0.0476303100585938 -0.0224342346191406 0.0313663482666016 -0.00822830200195313
0.0301704406738281 -0.0410842895507813 0.0126504898071289 -0.00993919372558594
0.0126075744628906 -0.0465507507324219 0.00366687774658203 0.000645637512207029
0.0102005004882813 -0.0445137023925781 -0.00121021270751953 0.0167207717895508
0.00883102416992188 -0.0486679077148438 -0.00889396667480469 0.031463623046875
0.0160789489746094 -0.0485801696777344 -0.0247135162353516 0.032196044921875
0.0343246459960938 -0.0397987365722656 -0.0350475311279297 0.0305805206298828
0.0460853576660156 -0.0281906127929688 -0.0363121032714844 0.0131149291992187
0.0549888610839844 0.00278854370117187 -0.0307483673095703 0.00259208679199218
0.058929443359375 0.0199661254882813 -0.0100984573364258 0.010746955871582
0.0542411804199219 0.031707763671875 -0.000843048095703123 0.0370101928710938
0.0475044250488281 0.035369873046875 0.0346240997314453 -0.0019378662109375
0.0550422668457031 0.0263404846191406 0.0496826171875 0.0232772827148437
0.0584144592285156 0.0152320861816406 0.04595947265625 0.0197982788085937
0.0539970397949219 -0.00919342041015625 0.0419120788574219 0.00760269165039062
0.0380783081054688 -0.0248947143554687 0.0243434906005859 0.00225067138671875
0.0209121704101563 -0.0358390808105469 0.00867080688476563 0.0053257942199707
0.00815963745117188 -0.0371818542480469 0.00369834899902344 0.0178604125976562
0.00797843933105469 -0.034393310546875 0.000453948974609375 0.0313167572021484
0.00787353515625 -0.0378265380859375 -0.0071258544921875 0.0442161560058594
0.0136947631835938 -0.0373992919921875 -0.0250740051269531 0.0440483093261719
0.0292072296142578 -0.0306777954101563 -0.0349655151367188 0.0379524230957031
0.0410919189453125 -0.0231742858886719 -0.0347614288330078 0.0167770385742188
0.0497016906738281 0.00511550903320312 -0.024871826171875 0.00372886657714843
0.0529975891113281 0.0208168029785156 0.00502586364746094 0.0131063461303711
0.0473670959472656 0.0299644470214844 0.0153770446777344 0.0495948791503906
0.0346717834472656 0.0221099853515625 0.0467185974121094 0.00460052490234375
0.0436248779296875 0.0151176452636719 0.0558815002441406 0.0218048095703125
0.0445365905761719 0.00388336181640625 0.0430145263671875 0.0175018310546875
0.0361862182617188 -0.0132102966308594 0.0357818603515625 0.012542724609375
0.0207633972167969 -0.0223217010498047 0.0208683013916016 0.010589599609375
0.00819015502929688 -0.0248680114746094 0.00868415832519531 0.0176219940185547
0.00284194946289063 -0.0215435028076172 0.00548171997070313 0.0297584533691406
0.00475883483886719 -0.0203342437744141 0.002227783203125 0.0412178039550781
0.00547599792480469 -0.0217342376708984 -0.00723648071289063 0.0533447265625
0.00908470153808593 -0.0221786499023438 -0.0265350341796875 0.051605224609375
0.0205860137939453 -0.0193309783935547 -0.0364952087402344 0.0415420532226563
0.0296726226806641 -0.0150661468505859 -0.0343818664550781 0.0193710327148438
0.0370254516601563 0.00667572021484375 -0.0203456878662109 0.00504875183105468
0.0390701293945312 0.018096923828125 0.0147266387939453 0.0176067352294922
0.0325851440429688 0.0237312316894531 0.0262413024902344 0.0598335266113281
0.0159053802490234 0.00616455078125 0.0531730651855469 0.00360488891601563
0.0255622863769531 0.00200653076171875 0.0579071044921875 0.01654052734375
0.0238685607910156 -0.00671958923339844 0.0402679443359375 0.0136756896972656
0.0132694244384766 -0.0137443542480469 0.0324649810791016 0.0151157379150391
0.000699996948242186 -0.0145196914672852 0.0206623077392578 0.0146217346191406
-0.00535297393798828 -0.00660562515258789 0.01165771484375 0.0239219665527344
-0.00240993499755859 -0.00179696083068848 0.00945091247558594 0.0347461700439453
0.000213861465454101 -0.00306606292724609 0.00426101684570313 0.0446395874023438
0.00139617919921875 -0.00341272354125977 -0.00854110717773437 0.0566253662109375
0.00110006332397461 -0.00524425506591797 -0.0299148559570313 0.0538063049316406
0.00697851181030273 -0.00778675079345703 -0.038818359375 0.0416450500488281
0.0140552520751953 -0.00765037536621094 -0.0352821350097656 0.0195236206054687
0.0199699401855469 0.00435256958007812 -0.0198402404785156 0.00615310668945312
0.0196628570556641 0.0100269317626953 0.017120361328125 0.0213298797607422
0.0142116546630859 0.0120964050292969 0.0313568115234375 0.0676651000976563
0.00840568542480469 0.0158071517944336 -0.0361595153808594 -0.0606803894042969
0.00337910652160645 0.00414395332336426 -0.0104579925537109 -0.0200309753417969
0.00210094451904297 0.0055079460144043 0.0249176025390625 -0.00224113464355469
0.00785589218139649 0.00318527221679688 0.0452308654785156 -0.0196189880371094
0.0101871490478516 -0.00328922271728516 0.0428695678710938 -0.0384902954101563
0.00669002532958984 -0.011754035949707 0.0257530212402344 -0.0595741271972656
-2.47955322265615E-05 -0.0190906524658203 0.00500869750976562 -0.0602798461914062
0.00158500671386719 -0.0179977416992188 -0.00750350952148438 -0.0439834594726563
0.00501060485839843 -0.019012451171875 -0.0157470703125 -0.0306110382080078
0.0121364593505859 -0.0150909423828125 -0.0217628479003906 -0.0233726501464844
0.0160207748413086 -0.00436019897460938 -0.0304985046386719 -0.0126800537109375
0.0123929977416992 0.00759124755859375 -0.0341358184814453 -0.0121364593505859
-0.00213527679443359 0.0114898681640625 -0.0453529357910156 -0.0168380737304688
-0.00416946411132813 0.00779247283935547 -0.058990478515625 -0.00999069213867188
0.000365257263183595 0.0107975006103516 -0.0552101135253906 -0.00379943847656249
0.0290718078613281 0.0310440063476562 -0.0266189575195312 -0.0537071228027344
0.0234203338623047 0.0162448883056641 0.000235557556152346 -0.0142030715942383
0.0224285125732422 0.0142974853515625 0.0315628051757813 0.00123977661132813
0.0274009704589844 0.00349998474121094 0.0494766235351563 -0.0169105529785156
0.0256175994873047 -0.00876426696777344 0.0440101623535156 -0.0333518981933594
0.0184059143066406 -0.0255317687988281 0.0265464782714844 -0.0517959594726563
0.00524520874023438 -0.0353355407714844 0.00623321533203125 -0.0504913330078125
0.00436019897460938 -0.0339469909667969 -0.00649642944335938 -0.0333633422851562
0.00654220581054688 -0.0376510620117187 -0.0162925720214844 -0.01885986328125
0.0166721343994141 -0.0346279144287109 -0.0253257751464844 -0.0128917694091797
0.0284099578857422 -0.0207958221435547 -0.0348587036132813 -0.00415992736816406
0.0308341979980469 -0.00494766235351563 -0.0372581481933594 -0.0070953369140625
0.0209560394287109 0.0125274658203125 -0.0447959899902344 -0.00959014892578126
0.0200290679931641 0.0158481597900391 -0.0528602600097656 -0.00131988525390625
0.0227375030517578 0.0203475952148438 -0.049041748046875 0.00540161132812499
0.0450515747070313 0.0430335998535156 -0.0136871337890625 -0.0423698425292969
0.0402145385742188 0.02777099609375 0.0140218734741211 -0.00376796722412109
0.0416793823242188 0.0225486755371094 0.0390815734863281 0.0075531005859375
0.0453643798828125 0.00400161743164062 0.0539398193359375 -0.0115203857421875
0.0397834777832031 -0.0142326354980469 0.04345703125 -0.0271949768066406
0.0284423828125 -0.0362396240234375 0.0242576599121094 -0.0407562255859375
0.00983047485351562 -0.04669189453125 0.00622177124023438 -0.0354080200195313
0.00748062133789063 -0.0454292297363281 -0.00449466705322265 -0.0174856185913086
0.00681304931640625 -0.0501060485839844 -0.0141592025756836 -0.00158214569091797
0.0179328918457031 -0.0487556457519531 -0.0275802612304688 0.00267219543457031
0.0348243713378906 -0.0353736877441406 -0.0374679565429688 0.00894165039062499
0.0422477722167969 -0.0184135437011719 -0.0390625 0.00103759765625
0.0404052734375 0.00864028930664063 -0.0423927307128906 -0.002838134765625
0.04156494140625 0.0183982849121094 -0.0412673950195313 0.00537872314453125
0.0416107177734375 0.0267715454101563 -0.0363235473632813 0.016357421875
0.0549392700195313 0.0481147766113281 0.00335502624511719 -0.0268535614013672
0.0545272827148438 0.0345840454101563 0.0283527374267578 0.00888252258300781
0.0580062866210938 0.0258941650390625 0.0458450317382813 0.0143013000488281
0.0590629577636719 0.00102996826171875 0.0548439025878906 -0.00547409057617188
0.0481529235839844 -0.0204277038574219 0.0394935607910156 -0.0186767578125
0.0331382751464844 -0.0420875549316406 0.0192432403564453 -0.0260543823242188
0.0121994018554687 -0.0512847900390625 0.00548362731933594 -0.0177097320556641
0.00870132446289063 -0.0492706298828125 -0.00200164318084717 0.000625848770141598
0.00722503662109375 -0.0550193786621094 -0.0105857849121094 0.0174188613891602
0.0166358947753906 -0.0543289184570313 -0.0258216857910156 0.0203952789306641
0.036285400390625 -0.0431785583496094 -0.0367698669433594 0.0229530334472656
0.0472221374511719 -0.0287933349609375 -0.0390396118164062 0.00972366333007813
0.0531005859375 0.00316238403320313 -0.0383529663085938 0.00174713134765625
0.0566978454589844 0.0188865661621094 -0.0264816284179687 0.00962448120117188
0.0539093017578125 0.0298881530761719 -0.0186252593994141 0.0281944274902344
0.05712890625 0.0451736450195313 0.02020263671875 -0.0127162933349609
0.0602264404296875 0.0338630676269531 0.0421066284179688 0.0189208984375
0.06512451171875 0.0221939086914063 0.0490188598632813 0.0189781188964844
0.0633201599121094 -0.00486373901367188 0.0518760681152344 0.000812530517578125
0.048095703125 -0.0251007080078125 0.033477783203125 -0.00771331787109375
0.0302734375 -0.0436592102050781 0.014704704284668 -0.00992584228515625
0.0110931396484375 -0.0485801696777344 0.00532722473144531 0.00210475921630859
0.00837707519531249 -0.045928955078125 0.000690460205078125 0.0186386108398437
0.00679397583007812 -0.05096435546875 -0.00618171691894531 0.0343017578125
0.0147514343261719 -0.050750732421875 -0.024139404296875 0.0370025634765625
0.0341911315917969 -0.0422096252441406 -0.0352020263671875 0.0357894897460938
0.0468215942382813 -0.0312461853027344 -0.0379066467285156 0.0163650512695313
0.0572166442871094 0.001129150390625 -0.0319862365722656 0.00500679016113281
0.0620307922363281 0.0190048217773438 -0.00901317596435547 0.0124797821044922
0.0568923950195313 0.0302047729492188 0.000873565673828127 0.0404701232910156
0.0501594543457031 0.0345649719238281 0.03656005859375 -0.00117874145507812
0.0567474365234375 0.0254974365234375 0.0528831481933594 0.0234146118164063
0.0608863830566406 0.0129547119140625 0.0500564575195313 0.0198173522949219
0.0546798706054688 -0.0116653442382813 0.0460357666015625 0.00710296630859375
0.0373306274414063 -0.0266761779785156 0.0265083312988281 0.00263404846191406
0.0203781127929688 -0.0373039245605469 0.0108146667480469 0.00654220581054687
0.00792694091796875 -0.03729248046875 0.00542640686035156 0.0190544128417969
0.00741958618164062 -0.0353965759277344 0.00230216979980469 0.0334129333496094
0.00707244873046875 -0.0382919311523438 -0.00469589233398437 0.0478591918945313
0.0125541687011719 -0.0383796691894531 -0.0235786437988281 0.0488624572753906
0.0288906097412109 -0.0334358215332031 -0.0349807739257812 0.0425300598144531
0.0402107238769531 -0.0251846313476563 -0.0361099243164062 0.020233154296875
0.0511398315429688 0.00349807739257813 -0.025299072265625 0.00594329833984375
0.0546913146972656 0.0193977355957031 0.00580310821533204 0.014561653137207
0.0492362976074219 0.0288314819335938 0.017364501953125 0.0524444580078125
0.0357208251953125 0.0206298828125 0.0480537414550781 0.00399398803710938
0.0445175170898438 0.0127372741699219 0.0589752197265625 0.0221710205078125
0.0455551147460938 0.00131607055664063 0.0469398498535156 0.0179061889648438
0.0357513427734375 -0.0150909423828125 0.0389747619628906 0.0124626159667969
0.0196762084960937 -0.0230636596679688 0.0232410430908203 0.0103206634521484
0.00775909423828125 -0.0237159729003906 0.0109233856201172 0.0187358856201172
0.00255012512207031 -0.0206375122070313 0.00776863098144531 0.0308303833007813
0.00396347045898438 -0.0194034576416016 0.0040283203125 0.0433998107910156
0.00537109375 -0.0214118957519531 -0.00480270385742187 0.0567741394042969
0.00824165344238281 -0.0216560363769531 -0.0255279541015625 0.0559616088867188
0.0192966461181641 -0.0197830200195313 -0.0357742309570312 0.0459403991699219
0.0287952423095703 -0.0161514282226563 -0.0351428985595703 0.0221424102783203
0.0377540588378906 0.00513076782226562 -0.0213546752929688 0.00696182250976562
0.0400276184082031 0.0165901184082031 0.0159931182861328 0.018829345703125
0.0341987609863281 0.0221691131591797 0.0290260314941406 0.063323974609375
0.0159492492675781 0.00396728515625 0.0555267333984375 0.00255584716796875
0.0249862670898438 0.00042724609375 0.0610160827636719 0.0156288146972656
0.0236911773681641 -0.00915145874023438 0.0435752868652344 0.0133857727050781
0.0119962692260742 -0.0154581069946289 0.0352554321289063 0.0153121948242188
-0.00047588348388672 -0.0140762329101563 0.0235996246337891 0.0140285491943359
-0.00599765777587891 -0.00531339645385742 0.0146293640136719 0.0236415863037109
-0.00253891944885254 0.000288486480712891 0.0116462707519531 0.0348491668701172
0.000379502773284912 -0.000834345817565918 0.00626754760742187 0.0460777282714844
0.00168609619140625 -0.00159823894500732 -0.00603485107421875 0.0595550537109375
0.000912189483642578 -0.00332283973693848 -0.0283241271972656 0.0580787658691406
0.00621223449707031 -0.00670289993286133 -0.0381202697753906 0.0453720092773437
0.0132551193237305 -0.00796604156494141 -0.0361518859863281 0.0227317810058594
0.0192947387695313 0.00333786010742188 -0.0206813812255859 0.00727462768554688
0.0191020965576172 0.00862312316894531 0.0181846618652344 0.0218601226806641
0.0139675140380859 0.00982952117919922 0.0340042114257813 0.070281982421875
0.0114498138427734 0.0170068740844727 -0.0390739440917969 -0.0602760314941406
0.00498104095458984 0.00466537475585938 -0.00999832153320313 -0.0200176239013672
0.00409555435180664 0.0048213005065918 0.0259895324707031 -0.00405693054199219
0.00956249237060547 0.00147628784179688 0.0450172424316406 -0.02227783203125
0.0102720260620117 -0.00525665283203125 0.0407829284667969 -0.0412101745605469
0.00612449645996094 -0.0145969390869141 0.0232086181640625 -0.060882568359375
-0.00252914428710938 -0.0207729339599609 0.00140762329101563 -0.0610504150390625
-0.00104713439941406 -0.0194644927978516 -0.0100364685058594 -0.0432052612304687
0.00312423706054687 -0.0217018127441406 -0.0179767608642578 -0.0284442901611328
0.0113067626953125 -0.0178394317626953 -0.0235004425048828 -0.0211257934570313
0.0172548294067383 -0.00678920745849609 -0.0322704315185547 -0.010040283203125
0.0153160095214844 0.00639247894287109 -0.03656005859375 -0.0101318359375
0.000815391540527343 0.0136251449584961 -0.0476341247558594 -0.0149116516113281
-0.00213813781738281 0.0106201171875 -0.0602149963378906 -0.00706481933593749
0.00216960906982422 0.0133419036865234 -0.0551033020019531 -0.000865936279296862
0.0329418182373047 0.0310516357421875 -0.0285911560058594 -0.0527458190917969
0.0260753631591797 0.015350341796875 0.00146484375 -0.0139436721801758
0.0249862670898437 0.0126819610595703 0.0336742401123047 -0.000566482543945312
0.0288982391357422 0.00138092041015625 0.0501861572265625 -0.0188674926757812
0.0253696441650391 -0.0117263793945313 0.0431022644042969 -0.0356864929199219
0.0168190002441406 -0.0285320281982422 0.0243721008300781 -0.0526351928710938
0.0022430419921875 -0.0372200012207031 0.00367355346679688 -0.0501480102539063
0.0015411376953125 -0.0353927612304687 -0.00755691528320313 -0.0321788787841797
0.00344467163085937 -0.0399742126464844 -0.016575813293457 -0.016118049621582
0.0152359008789063 -0.0374946594238281 -0.0266036987304687 -0.00962066650390626
0.0291671752929687 -0.0239295959472656 -0.035980224609375 -0.000465393066406244
0.0325736999511719 -0.00727081298828125 -0.0386199951171875 -0.00389862060546875
0.0237503051757813 0.0131263732910156 -0.0465774536132813 -0.00672149658203125
0.0222129821777344 0.0173072814941406 -0.0530548095703125 0.00191879272460939
0.0250701904296875 0.0217838287353516 -0.0490226745605469 0.00921249389648437
0.0487632751464844 0.0412750244140625 -0.0142288208007812 -0.0410919189453125
0.0436897277832031 0.0259971618652344 0.016108512878418 -0.00331687927246094
0.0446319580078125 0.0197868347167969 0.041748046875 0.00543975830078125
0.0467758178710938 0.0008697509765625 0.0550193786621094 -0.0142936706542969
0.039520263671875 -0.0176887512207031 0.0432014465332031 -0.0288963317871094
0.0262222290039063 -0.0386772155761719 0.0236701965332031 -0.0416526794433594
0.00639724731445313 -0.0485267639160156 0.0059661865234375 -0.0355682373046875
0.00403976440429688 -0.0470352172851563 -0.00422382354736328 -0.0157251358032227
0.00394058227539063 -0.052398681640625 -0.0132007598876953 0.00166511535644531
0.0150070190429687 -0.0513191223144531 -0.0267410278320313 0.00656890869140625
0.0341377258300781 -0.0383033752441406 -0.0382194519042969 0.0134429931640625
0.0433158874511719 -0.0211677551269531 -0.0403213500976563 0.00481033325195312
0.0422821044921875 0.007568359375 -0.0434761047363281 0.000499725341796878
0.0437965393066406 0.0183181762695313 -0.0414581298828125 0.00876235961914064
0.0437850952148438 0.0265312194824219 -0.0346908569335938 0.0203380584716797
0.0582427978515625 0.0461616516113281 0.00338554382324219 -0.0260124206542969
0.0564918518066406 0.0323638916015625 0.0309810638427734 0.00872230529785156
0.0600166320800781 0.0224609375 0.0487327575683594 0.0127639770507813
0.0601425170898438 -0.00252914428710938 0.05682373046875 -0.00820541381835938
0.0473518371582031 -0.0239334106445312 0.0399894714355469 -0.0197982788085938
0.03057861328125 -0.0453071594238281 0.0201683044433594 -0.0264778137207031
0.00890350341796874 -0.0524864196777344 0.006134033203125 -0.0165748596191406
0.00536346435546875 -0.0499114990234375 -0.000835537910461425 0.00201642513275146
0.00335311889648437 -0.056488037109375 -0.00815391540527344 0.0197372436523437
0.0132827758789062 -0.056396484375 -0.0245456695556641 0.0248851776123047
0.0344696044921875 -0.0460166931152344 -0.035797119140625 0.0282325744628906
0.0468559265136719 -0.0318183898925781 -0.0395050048828125 0.0134162902832031
0.0545463562011719 0.00119400024414063 -0.0385971069335938 0.00558853149414062
0.0583000183105469 0.0175132751464844 -0.0255966186523437 0.012603759765625
0.05609130859375 0.0283241271972656 -0.0165557861328125 0.0319042205810547
0.0594329833984375 0.0427131652832031 0.02105712890625 -0.0122013092041016
0.0617027282714844 0.0308799743652344 0.0452995300292969 0.0177574157714844
0.0670433044433594 0.0189170837402344 0.0528602600097656 0.016815185546875
0.0632743835449219 -0.0081329345703125 0.0540885925292969 -0.000812530517578126
0.0470542907714844 -0.0279006958007813 0.0351047515869141 -0.00922012329101563
0.02777099609375 -0.0455398559570313 0.015559196472168 -0.0095062255859375
0.00868606567382812 -0.0485115051269531 0.00659418106079102 0.00253009796142578
0.0058746337890625 -0.0462608337402344 0.00335121154785156 0.0201396942138672
0.003875732421875 -0.0509376525878906 -0.00319671630859375 0.0375213623046875
0.0113716125488281 -0.0514717102050781 -0.0214195251464844 0.0413589477539063
0.0316123962402344 -0.0438652038574219 -0.0335006713867188 0.0404052734375
0.0451202392578125 -0.0336685180664063 -0.0374488830566406 0.0205917358398437
0.0576248168945313 -0.0018768310546875 -0.0320930480957031 0.00787544250488281
0.0627708435058594 0.0161285400390625 -0.00851058959960937 0.0143842697143555
0.0580787658691406 0.0277786254882813 0.00379943847656251 0.0430831909179688
0.0521278381347656 0.0319786071777344 0.0372428894042969 -0.0013885498046875
0.0570755004882813 0.0220756530761719 0.0561408996582031 0.0217323303222656
0.0619964599609375 0.00946807861328125 0.0533409118652344 0.0186424255371094
0.0538978576660156 -0.0141220092773438 0.0478324890136719 0.00595855712890625
0.0351829528808594 -0.028076171875 0.0286388397216797 0.00150299072265625
0.0185432434082031 -0.037261962890625 0.0131473541259766 0.00710010528564453
0.00574111938476562 -0.0367813110351563 0.00786781311035156 0.0199680328369141
0.00551605224609375 -0.0347900390625 0.00582695007324218 0.0343570709228516
0.00587844848632812 -0.0377044677734375 -0.000194549560546869 0.050567626953125
0.0103111267089844 -0.037933349609375 -0.0204849243164062 0.0526504516601563
0.0271224975585938 -0.0333786010742188 -0.0324134826660156 0.0472640991210937
0.0382652282714844 -0.0269432067871094 -0.0348663330078125 0.0240402221679687
0.0512046813964844 0.000453948974609375 -0.0252342224121094 0.00819778442382813
0.0552749633789063 0.0163192749023438 0.0072774887084961 0.0156049728393555
0.0505905151367188 0.0255088806152344 0.0205116271972656 0.0544815063476563
0.0360755920410156 0.0171661376953125 0.0489463806152344 0.00307846069335938
0.043212890625 0.0099029541015625 0.0614471435546875 0.0203857421875
0.04486083984375 -0.00139999389648438 0.0499420166015625 0.0167884826660156
0.0339450836181641 -0.0169563293457031 0.0415306091308594 0.0110549926757813
0.0171394348144531 -0.0228271484375 0.025726318359375 0.00995254516601562
0.00658988952636719 -0.0224018096923828 0.0137653350830078 0.0184574127197266
0.00179100036621094 -0.0191383361816406 0.0100994110107422 0.0308017730712891
0.00352191925048828 -0.0173616409301758 0.007293701171875 0.0437431335449219
0.00495338439941406 -0.0206089019775391 -0.000186920166015629 0.05902099609375
0.00743293762207031 -0.0204830169677734 -0.0217933654785156 0.0598983764648438
0.0179634094238281 -0.0195999145507813 -0.0331077575683594 0.0500106811523438
0.0274372100830078 -0.0168113708496094 -0.0339584350585938 0.0257301330566406
0.03680419921875 0.00318527221679688 -0.02130126953125 0.009124755859375
0.0392646789550781 0.0137557983398438 0.0165519714355469 0.0188007354736328
0.0337638854980469 0.0190601348876953 0.0331344604492188 0.06414794921875
0.0152759552001953 0.00189113616943359 0.0551681518554688 0.000484466552734375
0.0233078002929688 -0.00207328796386719 0.0623931884765625 0.0134735107421875
0.0216407775878906 -0.0115432739257812 0.0459060668945313 0.01190185546875
0.00960159301757813 -0.0161628723144531 0.0377159118652344 0.0139999389648437
-0.00315761566162109 -0.0121631622314453 0.0256748199462891 0.0129108428955078
-0.00623798370361328 -0.00237274169921875 0.0171623229980469 0.0225315093994141
-0.000334739685058594 0.00233769416809082 0.0135574340820313 0.0342254638671875
0.001395583152771 0.000847339630126953 0.0085601806640625 0.046173095703125
0.00311803817749023 0.000687599182128906 -0.00176239013671875 0.0610504150390625
0.00157666206359863 -0.00103497505187988 -0.0250473022460938 0.0618553161621094
0.00490760803222656 -0.00507497787475586 -0.0358390808105469 0.0489425659179687
0.0111989974975586 -0.00704574584960938 -0.0353889465332031 0.0255317687988281
0.0183944702148438 0.00288772583007812 -0.0216197967529297 0.00893020629882813
0.0182037353515625 0.00714683532714844 0.0187206268310547 0.0215587615966797
0.0121660232543945 0.00774383544921875 0.0379791259765625 0.0704421997070313
0.0143775939941406 0.0183582305908203 -0.0393333435058594 -0.05780029296875
0.00762271881103516 0.00426340103149414 -0.00944709777832031 -0.01947021484375
0.00609111785888672 0.00374126434326172 0.0265331268310547 -0.00595474243164063
0.0107278823852539 -0.000410079956054687 0.0436134338378906 -0.0242996215820312
0.0100841522216797 -0.00755119323730469 0.0383377075195312 -0.0422477722167969
0.00418853759765625 -0.0169506072998047 0.0197525024414062 -0.0604896545410156
-0.00465774536132812 -0.0217838287353516 -0.000926971435546873 -0.0592803955078125
-0.00362396240234375 -0.0208892822265625 -0.01080322265625 -0.041351318359375
2.09808349609361E-05 -0.0238914489746094 -0.0183486938476562 -0.0258960723876953
0.00979042053222656 -0.0209102630615234 -0.0245132446289062 -0.0181121826171875
0.0182437896728516 -0.00896263122558594 -0.0330791473388672 -0.00716400146484375
0.0171852111816406 0.00423336029052734 -0.0370330810546875 -0.00770950317382813
0.00377082824707031 0.0146064758300781 -0.0485000610351563 -0.0126380920410156
0.000784873962402345 0.0131196975708008 -0.059539794921875 -0.00497055053710938
0.00441741943359375 0.0153264999389648 -0.0533447265625 0.00151824951171876
0.0352554321289063 0.0301780700683594 -0.0280799865722656 -0.0510139465332031
0.0277385711669922 0.013946533203125 0.00293731689453125 -0.0141820907592773
0.0268669128417969 0.0100479125976563 0.0345573425292969 -0.00255393981933594
0.0289764404296875 -0.00153923034667969 0.0488662719726563 -0.02093505859375
0.0245685577392578 -0.0144138336181641 0.0412483215332031 -0.0365791320800781
0.0145034790039063 -0.0307121276855469 0.0226593017578125 -0.0521049499511719
-0.000812530517578126 -0.0377006530761719 0.00290679931640625 -0.0489463806152344
-0.00132369995117188 -0.0362739562988281 -0.00748062133789063 -0.0301456451416016
0.000499725341796878 -0.0412445068359375 -0.0160951614379883 -0.013646125793457
0.0134201049804688 -0.0396614074707031 -0.0265007019042969 -0.00596046447753907
0.0281105041503906 -0.0264530181884766 -0.0354499816894531 0.00280380249023438
0.0331935882568359 -0.00903129577636719 -0.03863525390625 -0.000865936279296868
0.0255107879638672 0.0132312774658203 -0.0462455749511719 -0.00376129150390625
0.0248908996582031 0.0179634094238281 -0.0518608093261719 0.00397109985351562
0.0269298553466797 0.0224704742431641 -0.0461006164550781 0.0115013122558594
0.0512046813964844 0.0400428771972656 -0.0134429931640625 -0.0393829345703125
0.0450592041015625 0.0242347717285156 0.0176773071289063 -0.00413322448730469
0.0460166931152344 0.017303466796875 0.0430984497070313 0.00397491455078125
0.046722412109375 -0.0018310546875 0.0548934936523438 -0.0161094665527344
0.0377082824707031 -0.0195846557617188 0.0426559448242188 -0.0294570922851563
0.0236549377441406 -0.0404586791992188 0.022308349609375 -0.0404891967773438
0.0037078857421875 -0.048095703125 0.00560760498046875 -0.0338878631591797
0.000766754150390623 -0.0466995239257813 -0.00345611572265625 -0.0141773223876953
0.000350952148437499 -0.0526237487792969 -0.0104970932006836 0.00335979461669922
0.0123519897460938 -0.0520782470703125 -0.0255699157714844 0.0104255676269531
0.0329437255859375 -0.0403404235839844 -0.0363502502441406 0.0166816711425781
0.0426673889160156 -0.0233192443847656 -0.0396575927734375 0.00875473022460937
0.0435600280761719 0.00731658935546875 -0.0427207946777344 0.00347900390625001
0.0446891784667969 0.0181159973144531 -0.0391464233398438 0.0108795166015625
0.0447921752929688 0.0261650085449219 -0.0321311950683594 0.0229206085205078
0.0596237182617187 0.0438308715820312 0.00464057922363281 -0.0250205993652344
0.0570564270019531 0.0289955139160156 0.0332469940185547 0.00805091857910156
0.0609626770019531 0.0194816589355469 0.0506057739257813 0.01031494140625
0.0590019226074219 -0.00547027587890625 0.0571708679199219 -0.00989151000976563
0.0446929931640625 -0.0251731872558594 0.0399932861328125 -0.0199699401855469
0.0283241271972656 -0.0464096069335938 0.0209121704101563 -0.0255546569824219
0.00637435913085938 -0.05120849609375 0.00744342803955078 -0.0157327651977539
0.00252151489257813 -0.0492515563964844 0.00101351737976074 0.00328516960144043
0.000659942626953121 -0.0556869506835938 -0.00458335876464844 0.0220165252685547
0.0107154846191406 -0.0561904907226563 -0.0217380523681641 0.0287113189697266
0.0317459106445313 -0.0472984313964844 -0.0334930419921875 0.0309963226318359
0.0449028015136719 -0.0332221984863281 -0.0384902954101563 0.017303466796875
0.0546531677246094 6.103515625E-05 -0.037841796875 0.00849533081054688
0.0579681396484375 0.0154495239257813 -0.0233097076416016 0.0141639709472656
0.0559654235839844 0.026824951171875 -0.0136299133300781 0.0340728759765625
0.059326171875 0.0392189025878906 0.0224189758300781 -0.0118980407714844
0.0610122680664063 0.0284156799316406 0.0468711853027344 0.0169296264648438
0.06695556640625 0.0155372619628906 0.0542526245117188 0.0155372619628906
0.0616302490234375 -0.010284423828125 0.0545845031738281 -0.00225448608398438
0.0437545776367187 -0.0286903381347656 0.0358963012695313 -0.00992584228515625
0.0254287719726563 -0.0457687377929687 0.0173320770263672 -0.00960350036621094
0.00678253173828125 -0.0478248596191406 0.00858592987060547 0.00342988967895508
0.00391387939453125 -0.0448226928710937 0.00583457946777344 0.0207004547119141
0.0019683837890625 -0.0498924255371094 0.00107955932617188 0.0385665893554688
0.00919342041015625 -0.0498847961425781 -0.0178031921386719 0.0441398620605469
0.02935791015625 -0.0443954467773438 -0.0301284790039062 0.0434150695800781
0.0427131652832031 -0.0347099304199219 -0.0353050231933594 0.0241661071777344
0.0561676025390625 -0.00316619873046875 -0.0310783386230469 0.0117816925048828
0.061553955078125 0.0135345458984375 -0.00618457794189453 0.0149345397949219
0.0574226379394531 0.0259819030761719 0.00713729858398438 0.0444869995117188
0.0506515502929688 0.0289077758789063 0.0374526977539063 -0.00125503540039062
0.0557174682617187 0.0188980102539063 0.0572547912597656 0.0213203430175781
0.0599174499511719 0.00653076171875 0.0544929504394531 0.0163803100585938
0.0513191223144531 -0.0154533386230469 0.0489997863769531 0.00504302978515625
0.0326614379882813 -0.0274810791015625 0.0299301147460938 0.00100517272949219
0.0174522399902344 -0.0363922119140625 0.0150728225708008 0.00632953643798828
0.00505638122558594 -0.0346107482910156 0.00962448120117188 0.0193939208984375
0.00499725341796875 -0.0322055816650391 0.00857162475585937 0.0347080230712891
0.0043487548828125 -0.0359306335449219 0.00428390502929687 0.0509376525878906
0.00944137573242187 -0.036041259765625 -0.0164260864257812 0.0551948547363281
0.0245456695556641 -0.0324440002441406 -0.0280952453613281 0.0497817993164062
0.0361785888671875 -0.026702880859375 -0.033203125 0.0272502899169922
0.0487060546875 -0.000728607177734375 -0.0245494842529297 0.0106334686279297
0.0534324645996094 0.0134544372558594 0.00840091705322266 0.0158042907714844
0.0489540100097656 0.0231094360351563 0.023406982421875 0.054718017578125
0.0346488952636719 0.0143947601318359 0.0484657287597656 0.00244522094726563
0.040618896484375 0.0077362060546875 0.06182861328125 0.0194129943847656
0.042572021484375 -0.00352096557617187 0.0505485534667969 0.0154228210449219
0.0314674377441406 -0.017333984375 0.0428924560546875 0.0101127624511719
0.0145244598388672 -0.0212688446044922 0.0267753601074219 0.00813484191894531
0.00570297241210938 -0.0208225250244141 0.0156888961791992 0.0171718597412109
0.00273513793945313 -0.0169343948364258 0.0125160217285156 0.0296630859375
0.00397777557373047 -0.0161094665527344 0.0100288391113281 0.0434303283691406
0.00515365600585937 -0.0177860260009766 0.00377655029296875 0.0585746765136719
0.00722312927246094 -0.0180873870849609 -0.0172882080078125 0.061065673828125
0.0165805816650391 -0.0178794860839844 -0.0291595458984375 0.0521621704101563
0.0241298675537109 -0.0162582397460938 -0.0322113037109375 0.0280933380126953
0.0342445373535156 0.00224685668945312 -0.0207710266113281 0.0113048553466797
0.036529541015625 0.011566162109375 0.0170230865478516 0.0185832977294922
0.0314731597900391 0.0164375305175781 0.0356216430664062 0.0637893676757813
0.0128068923950195 -0.000796318054199219 0.0534591674804688 -0.00014495849609375
0.0203361511230469 -0.0042572021484375 0.0623130798339844 0.0115318298339844
0.0184421539306641 -0.0130062103271484 0.0462226867675781 0.0112037658691406
0.00663375854492188 -0.0151519775390625 0.0395317077636719 0.011871337890625
-0.00471115112304687 -0.00959491729736328 0.0260944366455078 0.0105228424072266
-0.00559282302856445 1.0967254638673E-05 0.0181331634521484 0.0200881958007813
0.0010981559753418 0.00441312789916992 0.01470947265625 0.0328445434570313
0.00289750099182129 0.00302004814147949 0.0111770629882812 0.0447196960449219
0.00469541549682617 0.00241470336914063 0.00124359130859375 0.0601768493652344
0.00262999534606934 0.000910520553588867 -0.0215301513671875 0.0624160766601563
0.00414252281188965 -0.00291538238525391 -0.03289794921875 0.0513114929199219
0.0093679428100586 -0.00618171691894531 -0.0335159301757813 0.0278644561767578
0.0160026550292969 0.00266361236572266 -0.0210723876953125 0.0109481811523437
0.0147819519042969 0.00559425354003906 0.0187873840332031 0.0207996368408203
0.0101518630981445 0.00626564025878906 0.0399284362792969 0.0691947937011719
0.0166702270507813 0.0189418792724609 -0.0376167297363281 -0.0572433471679687
0.00992965698242187 0.00342750549316406 -0.00776100158691406 -0.0199298858642578
0.00806379318237305 0.00237798690795898 0.0264759063720703 -0.00708961486816406
0.0113048553466797 -0.00230121612548828 0.0424385070800781 -0.0243301391601563
0.00923347473144531 -0.00966453552246094 0.0370216369628906 -0.0415687561035156
0.00178146362304688 -0.0190162658691406 0.0186843872070313 -0.0582542419433594
-0.00687980651855469 -0.0223407745361328 -0.00144195556640625 -0.0568466186523437
-0.00564384460449219 -0.0210647583007813 -0.0101890563964844 -0.0393180847167969
-0.00228500366210938 -0.0248641967773438 -0.0172061920166016 -0.0240592956542969
0.00876998901367188 -0.0227088928222656 -0.0240211486816406 -0.0159568786621094
0.0184879302978516 -0.0113315582275391 -0.0323429107666016 -0.00546073913574219
0.0183506011962891 0.00252151489257812 -0.0372962951660156 -0.00700378417968751
0.00677776336669922 0.0148458480834961 -0.0481338500976563 -0.0118484497070312
0.00335884094238281 0.0144367218017578 -0.0581512451171875 -0.00501251220703126
0.00688552856445312 0.0168437957763672 -0.0509986877441406 0.00113296508789062
0.0372657775878906 0.0310897827148438 -0.0265274047851562 -0.0500831604003906
0.0290546417236328 0.0132007598876953 0.0041341781616211 -0.0142803192138672
0.0274085998535156 0.00860977172851563 0.0346202850341797 -0.00328636169433594
0.0283184051513672 -0.00346755981445313 0.0480880737304688 -0.0209884643554688
0.0233592987060547 -0.0157070159912109 0.040863037109375 -0.0351371765136719
0.0124950408935547 -0.0313091278076172 0.0225982666015625 -0.0498390197753906
-0.00295257568359375 -0.0375938415527344 0.00360107421875 -0.0464134216308594
-0.0033416748046875 -0.036376953125 -0.00602149963378906 -0.0287399291992188
-0.00173568725585937 -0.0419998168945313 -0.0138874053955078 -0.0115394592285156
0.0112724304199219 -0.0402069091796875 -0.0249080657958984 -0.00364875793457031
0.0283241271972656 -0.0277976989746094 -0.0344257354736328 0.00575065612792968
0.0345001220703125 -0.0103359222412109 -0.0379791259765625 0.000862121582031256
0.0282649993896484 0.0137443542480469 -0.044921875 -0.00308990478515624
0.0264720916748047 0.019439697265625 -0.0496635437011719 0.00442123413085937
0.0281314849853516 0.0242996215820312 -0.0431365966796875 0.0117454528808594
0.0511131286621094 0.0391769409179687 -0.0109672546386719 -0.0386161804199219
0.0444412231445313 0.0228805541992188 0.0195217132568359 -0.00425529479980469
0.0460853576660156 0.0150108337402344 0.0439262390136719 0.0027008056640625
0.0454978942871094 -0.00351715087890625 0.053924560546875 -0.0165138244628906
0.0358619689941406 -0.0206832885742188 0.0424156188964844 -0.0288200378417969
0.0213699340820313 -0.040802001953125 0.0235481262207031 -0.0390510559082031
0.00141143798828125 -0.04742431640625 0.0069427490234375 -0.0324954986572266
-0.000843048095703123 -0.0457992553710938 -0.00117874145507812 -0.0126113891601563
-0.00157928466796875 -0.0525093078613281 -0.00811338424682617 0.00515699386596679
0.0111312866210937 -0.0520057678222656 -0.0227508544921875 0.0131759643554687
0.0318069458007813 -0.040496826171875 -0.0341529846191406 0.0194168090820313
0.0424308776855469 -0.0239028930664063 -0.0385246276855469 0.0103034973144531
0.0447807312011719 0.007598876953125 -0.0417938232421875 0.00474929809570313
0.0456886291503906 0.0194129943847656 -0.0371818542480469 0.0114326477050781
0.0447349548339844 0.0276756286621094 -0.0287876129150391 0.0233230590820312
0.0576858520507813 0.0425872802734375 0.0068511962890625 -0.0233364105224609
0.0555801391601563 0.0287513732910156 0.0347537994384766 0.00754165649414063
0.0596923828125 0.01800537109375 0.0516357421875 0.00978469848632813
0.0571060180664062 -0.00585556030273438 0.057037353515625 -0.00980377197265625
0.0430984497070313 -0.0246009826660156 0.0404891967773438 -0.0198097229003906
0.0261268615722656 -0.0455665588378906 0.0220546722412109 -0.0238437652587891
0.00524902343750001 -0.0507698059082031 0.00872898101806641 -0.0147733688354492
0.00185394287109375 -0.0476455688476563 0.00386977195739746 0.00412344932556152
-7.62939453124982E-05 -0.0540771484375 -0.00121498107910156 0.0230636596679687
0.0094451904296875 -0.0549201965332031 -0.0187549591064453 0.0304393768310547
0.0310745239257813 -0.0462303161621094 -0.0310401916503906 0.0337562561035156
0.0441398620605469 -0.0329780578613281 -0.0364265441894531 0.0190277099609375
0.053955078125 0.0004730224609375 -0.0360908508300781 0.00990676879882813
0.0578117370605469 0.0165443420410156 -0.0215892791748047 0.0146560668945312
0.0547256469726563 0.0269546508789063 -0.0107460021972656 0.0348377227783203
0.0575447082519531 0.0387535095214844 0.0230865478515625 -0.009979248046875
0.0575942993164062 0.0270614624023437 0.0481185913085938 0.0172843933105469
0.0647163391113281 0.014862060546875 0.05548095703125 0.0149917602539063
0.0596275329589844 -0.00960159301757813 0.0548553466796875 -0.00238037109375
0.0421829223632813 -0.0274200439453125 0.0360946655273438 -0.00965499877929688
0.0243415832519531 -0.0437278747558594 0.0190162658691406 -0.00858688354492188
0.0069122314453125 -0.0458984375 0.010563850402832 0.003753662109375
0.00400161743164062 -0.042999267578125 0.00795364379882812 0.0208663940429687
0.00182723999023437 -0.048248291015625 0.00439834594726563 0.0384025573730469
0.00849151611328125 -0.0482139587402344 -0.0145530700683594 0.0457191467285156
0.0285606384277344 -0.04180908203125 -0.0272674560546875 0.0443611145019531
0.0407066345214844 -0.0329704284667969 -0.033447265625 0.0257205963134766
0.0547714233398438 -0.00240325927734375 -0.0295619964599609 0.0126514434814453
0.0593032836914062 0.0135307312011719 -0.00496864318847656 0.0159702301025391
0.0549507141113281 0.0255126953125 0.00861358642578125 0.0457077026367188
0.0478782653808594 0.0280570983886719 0.0377464294433594 0.000476837158203127
0.0518531799316406 0.0192832946777344 0.0577507019042969 0.0213127136230469
0.0572700500488281 0.00637435913085938 0.0549430847167969 0.0169563293457031
0.0492095947265625 -0.013885498046875 0.0501022338867188 0.00423812866210937
0.0311374664306641 -0.0254478454589844 0.0305843353271484 0.000743865966796873
0.0175056457519531 -0.0342369079589844 0.0165376663208008 0.00659084320068359
0.00637435913085937 -0.0330810546875 0.0110626220703125 0.0193138122558594
0.00554466247558594 -0.0303993225097656 0.0100269317626953 0.0339431762695313
0.00529670715332031 -0.0341262817382813 0.00639724731445312 0.0503692626953125
0.00950241088867188 -0.0333786010742188 -0.0131568908691406 0.0561027526855469
0.0232009887695313 -0.0300827026367188 -0.0255126953125 0.0509452819824219
0.0339336395263672 -0.0249786376953125 -0.0310306549072266 0.0284671783447266
0.0460166931152344 -5.340576171875E-05 -0.0232124328613281 0.011962890625
0.0501136779785156 0.0134811401367188 0.00905513763427735 0.0166082382202148
0.0450859069824219 0.0224494934082031 0.0240631103515625 0.0554008483886719
0.0311489105224609 0.0131168365478516 0.046875 0.003662109375
0.0367012023925781 0.0073089599609375 0.0612640380859375 0.0200614929199219
0.0392074584960938 -0.00375747680664063 0.050933837890625 0.0157356262207031
0.0285301208496094 -0.0157508850097656 0.0437545776367188 0.0096588134765625
0.0137863159179688 -0.0182075500488281 0.0274620056152344 0.00764083862304687
0.00647163391113281 -0.0180683135986328 0.0159912109375 0.0160121917724609
0.00444126129150391 -0.0148429870605469 0.0126705169677734 0.0290718078613281
0.00596523284912109 -0.0138587951660156 0.0114669799804688 0.0418434143066406
0.00675487518310547 -0.0156888961791992 0.00580978393554687 0.0569686889648437
0.00803852081298828 -0.0153017044067383 -0.0150489807128906 0.0611915588378906
0.0153923034667969 -0.014430046081543 -0.0267524719238281 0.0526199340820313
0.0222854614257812 -0.0135459899902344 -0.0302848815917969 0.0292797088623047
0.0315170288085938 0.00314521789550781 -0.0197391510009766 0.0120830535888672
0.0329475402832031 0.0115451812744141 0.0171108245849609 0.0186691284179688
0.0283336639404297 0.0150909423828125 0.0352249145507813 0.0642738342285156
0.0105533599853516 -0.00186824798583984 0.0517463684082031 0.000873565673828125
0.0173988342285156 -0.00472927093505859 0.0608634948730469 0.0125846862792969
0.0149936676025391 -0.0129499435424805 0.0461273193359375 0.0106315612792969
0.00441455841064453 -0.013392448425293 0.0401344299316406 0.011138916015625
-0.00591325759887695 -0.00716686248779297 0.0268783569335938 0.00930595397949219
-0.00429439544677734 0.00250816345214844 0.0181560516357422 0.0187740325927734
0.00266790390014648 0.00618076324462891 0.0134353637695313 0.0309944152832031
0.00488424301147461 0.00467777252197266 0.0106277465820312 0.0429763793945313
0.00674676895141602 0.00380611419677734 0.00275802612304688 0.0578079223632813
0.00439691543579102 0.00362348556518555 -0.0194053649902344 0.0609779357910156
0.00434565544128418 0.000164031982421875 -0.0301132202148437 0.0499763488769531
0.00753974914550781 -0.00389957427978516 -0.0322818756103516 0.0277900695800781
0.0130109786987305 0.00295066833496094 -0.0209617614746094 0.011322021484375
0.0116119384765625 0.00557422637939453 0.0174980163574219 0.0207786560058594
0.00689888000488281 0.00539684295654297 0.039031982421875 0.0687713623046875
0.0203742980957031 0.0197372436523438 -0.0345230102539062 -0.0589485168457031
0.012451171875 0.00339317321777344 -0.00616455078125 -0.0215034484863281
0.00931644439697266 0.000983238220214844 0.0271263122558594 -0.00739669799804688
0.0114049911499023 -0.00496292114257813 0.0422019958496094 -0.0238990783691406
0.00889396667480469 -0.0115470886230469 0.0373764038085938 -0.0396575927734375
0.00072288513183594 -0.0203914642333984 0.0200729370117188 -0.0566291809082031
-0.00905418395996094 -0.0234642028808594 0.000465393066406247 -0.0561180114746094
-0.00734901428222656 -0.0224933624267578 -0.00811004638671875 -0.0391502380371094
-0.00493431091308594 -0.0264930725097656 -0.0149707794189453 -0.0235347747802734
0.00779151916503906 -0.0251560211181641 -0.0228900909423828 -0.0148372650146484
0.0190048217773438 -0.0141525268554688 -0.0322360992431641 -0.00448989868164062
0.0207672119140625 0.000909805297851563 -0.0369606018066406 -0.00675582885742188
0.00972461700439453 0.0151653289794922 -0.048126220703125 -0.0126724243164062
0.00642204284667969 0.0161008834838867 -0.0579833984375 -0.00743103027343751
0.00960540771484375 0.0188846588134766 -0.0495033264160156 -0.00135421752929688
0.0388374328613281 0.0318641662597656 -0.0225601196289063 -0.0508537292480469
0.0296745300292969 0.0135364532470703 0.00658893585205078 -0.0150203704833984
0.02874755859375 0.00751876831054688 0.0358200073242188 -0.00415420532226562
0.0286331176757812 -0.00550651550292969 0.04888916015625 -0.0201454162597656
0.0227985382080078 -0.0166549682617188 0.0416984558105469 -0.0338859558105469
0.0108146667480469 -0.0327033996582031 0.0248680114746094 -0.0480079650878906
-0.00453567504882812 -0.0382575988769531 0.0058441162109375 -0.0457305908203125
-0.0046539306640625 -0.0369148254394531 -0.00332450866699218 -0.0277462005615234
-0.00338363647460938 -0.0432319641113281 -0.0106315612792969 -0.0110759735107422
0.0107688903808594 -0.042449951171875 -0.0228710174560547 -0.00201416015625
0.0292015075683594 -0.0294132232666016 -0.033294677734375 0.00664329528808594
0.0362129211425781 -0.0112266540527344 -0.0380287170410156 0.00110244750976562
0.0304908752441406 0.0148582458496094 -0.0450439453125 -0.00349044799804687
0.0290927886962891 0.02203369140625 -0.0487709045410156 0.00258636474609376
0.0292377471923828 0.0276641845703125 -0.0411911010742188 0.0105934143066406
0.0513267517089844 0.0410346984863281 -0.00794601440429687 -0.0384368896484375
0.0440101623535156 0.0238265991210938 0.0216178894042969 -0.00454902648925781
0.0458221435546875 0.0153541564941406 0.0447998046875 0.00284576416015625
0.0450782775878906 -0.004058837890625 0.055572509765625 -0.0150337219238281
0.0354118347167969 -0.0203208923339844 0.0436553955078125 -0.0271377563476563
0.0203971862792969 -0.0410957336425781 0.0263862609863281 -0.03741455078125
0.00128173828125 -0.0475578308105469 0.00983619689941406 -0.0312232971191406
-0.00107192993164062 -0.0454978942871094 0.00168228149414062 -0.012202262878418
-0.00221633911132812 -0.0529289245605469 -0.00520133972167969 0.00593519210815429
0.0113868713378906 -0.0529861450195313 -0.0204696655273437 0.0147075653076172
0.0330886840820313 -0.0411224365234375 -0.0326957702636719 0.0208721160888672
0.0441818237304688 -0.0236320495605469 -0.0373687744140625 0.0110244750976562
0.046234130859375 0.00960159301757813 -0.0408058166503906 0.00509262084960938
0.0466690063476563 0.0219192504882813 -0.0358772277832031 0.0106582641601563
0.0449905395507813 0.0299301147460938 -0.0266876220703125 0.0234565734863281
0.0564918518066406 0.044464111328125 0.00899314880371094 -0.0228805541992187
0.0537948608398437 0.0299530029296875 0.0367660522460938 0.00811004638671875
0.0594749450683594 0.0188255310058594 0.0520477294921875 0.010345458984375
0.056793212890625 -0.00497817993164062 0.0580978393554688 -0.00873184204101563
0.0429153442382812 -0.0235443115234375 0.0425071716308594 -0.0183944702148438
0.0266647338867188 -0.0450057983398438 0.0244140625 -0.0230064392089844
0.00582504272460937 -0.0497474670410156 0.0115413665771484 -0.0134344100952148
0.00278854370117187 -0.0473480224609375 0.00679588317871094 0.00500154495239258
0.000125885009765622 -0.0541572570800781 0.00161170959472656 0.0235538482666016
0.0105934143066406 -0.0546379089355469 -0.0158500671386719 0.0318832397460937
0.0322532653808594 -0.0453720092773438 -0.0288772583007813 0.03515625
0.0447158813476563 -0.0316123962402344 -0.0349597930908203 0.0209236145019531
0.0549049377441406 0.00263595581054688 -0.0349063873291016 0.0106391906738281
0.0575027465820313 0.0187492370605469 -0.0200748443603516 0.0149173736572266
0.0533294677734375 0.0299224853515625 -0.00884628295898438 0.0355491638183594
0.0546760559082031 0.0400733947753906 0.0252208709716797 -0.00780105590820312
0.0548286437988281 0.02911376953125 0.0497589111328125 0.0183219909667969
0.0625877380371094 0.0164070129394531 0.0564079284667969 0.0159988403320313
0.0589141845703125 -0.00772857666015625 0.0565338134765625 -0.00142288208007813
0.042205810546875 -0.0245819091796875 0.0378875732421875 -0.00848007202148438
0.025634765625 -0.0422744750976563 0.0213127136230469 -0.00789451599121094
0.00793075561523438 -0.0445442199707031 0.0123796463012695 0.00434780120849609
0.0055694580078125 -0.0410804748535156 0.0100879669189453 0.0209388732910156
0.00342559814453125 -0.046844482421875 0.00702285766601562 0.0389556884765625
0.0105209350585937 -0.0467948913574219 -0.0126991271972656 0.0467948913574219
0.029266357421875 -0.0406455993652344 -0.0257225036621094 0.0457763671875
0.0417404174804688 -0.0309066772460938 -0.032073974609375 0.02716064453125
0.0542221069335937 3.814697265625E-06 -0.0280075073242188 0.0133590698242187
0.0579757690429687 0.0164031982421875 -0.00347137451171875 0.016535758972168
0.0525932312011719 0.0274772644042969 0.0101242065429688 0.0468482971191406
0.0446052551269531 0.0282669067382813 0.0388145446777344 0.0032196044921875
0.0481491088867188 0.0207366943359375 0.0581130981445313 0.0238990783691406
0.0548553466796875 0.00807952880859375 0.0564804077148438 0.0175971984863281
0.0483856201171875 -0.0115699768066406 0.0512237548828125 0.00532913208007812
0.0314083099365234 -0.0226840972900391 0.0319900512695313 0.000709533691406248
0.0189666748046875 -0.0322666168212891 0.0182399749755859 0.00642013549804687
0.00874710083007812 -0.0311660766601563 0.011962890625 0.0198535919189453
0.00773239135742188 -0.0288047790527344 0.0113468170166016 0.0338611602783203
0.00765228271484375 -0.0324420928955078 0.00834274291992187 0.0498428344726563
0.0118942260742188 -0.0316066741943359 -0.0111885070800781 0.0567512512207031
0.0243625640869141 -0.0270195007324219 -0.0238723754882813 0.0515785217285156
0.0337448120117188 -0.0217418670654297 -0.0299034118652344 0.0291709899902344
0.044769287109375 0.00262832641601563 -0.0226192474365234 0.0131263732910156
0.0472831726074219 0.0148277282714844 0.00921630859375 0.01788330078125
0.0414962768554688 0.0233840942382813 0.0246047973632813 0.057891845703125
0.0276699066162109 0.0131340026855469 0.0470504760742187 0.00699996948242188
0.0334262847900391 0.00881195068359375 0.0615272521972656 0.0220832824707031
0.0360336303710938 -0.0020751953125 0.0520591735839844 0.0166358947753906
0.0273895263671875 -0.0131282806396484 0.0445022583007813 0.010162353515625
0.0136232376098633 -0.0151405334472656 0.0282745361328125 0.00757980346679687
0.00832653045654297 -0.0161151885986328 0.0170040130615234 0.0151329040527344
0.00666236877441406 -0.0129938125610352 0.0127449035644531 0.0289306640625
0.00811290740966797 -0.0119428634643555 0.0111885070800781 0.0419692993164063
0.00940322875976563 -0.0140323638916016 0.006561279296875 0.0562286376953125
0.0102148056030273 -0.0130643844604492 -0.0140380859375 0.0610008239746094
0.0161762237548828 -0.0113611221313477 -0.0256843566894531 0.0518875122070313
0.021697998046875 -0.010406494140625 -0.02996826171875 0.0299434661865234
0.0290145874023438 0.005401611328125 -0.0192642211914062 0.0126247406005859
0.0295372009277344 0.0121212005615234 0.0163345336914063 0.0198993682861328
0.0241451263427734 0.0156497955322266 0.0341758728027344 0.0662269592285156
0.00746631622314453 -0.00326871871948242 0.0500602722167969 0.00405120849609375
0.013737678527832 -0.00484466552734375 0.0599784851074219 0.01568603515625
0.0119905471801758 -0.0118989944458008 0.0472373962402344 0.0123710632324219
0.00238037109375 -0.0113401412963867 0.0406723022460938 0.0109481811523438
-0.00607919692993164 -0.00369024276733398 0.0268917083740234 0.00840950012207031
-0.00261163711547852 0.00479745864868164 0.0175228118896484 0.017186164855957
0.00531435012817383 0.00747442245483398 0.0126514434814453 0.0308723449707031
0.00722503662109375 0.00618457794189453 0.0096588134765625 0.042724609375
0.00965690612792969 0.00571060180664063 0.00191116333007812 0.0572853088378906
0.00652980804443359 0.00543546676635742 -0.0188827514648437 0.0612258911132813
0.00559520721435547 0.00338268280029297 -0.029632568359375 0.0498695373535156
0.00685024261474609 -0.000115871429443359 -0.0318679809570312 0.0284347534179688
0.0103969573974609 0.00475883483886719 -0.0212955474853516 0.01226806640625
0.00740718841552734 0.00666379928588867 0.0161418914794922 0.0217037200927734
0.00317621231079102 0.00435805320739746 0.0366973876953125 0.0706710815429688
0.0242023468017578 0.0204620361328125 -0.032867431640625 -0.0634689331054688
0.0152349472045898 0.00228118896484375 -0.00433158874511719 -0.0237789154052734
0.0116815567016602 -0.00124168395996094 0.0285205841064453 -0.00813102722167969
0.0124044418334961 -0.00797080993652344 0.0432319641113281 -0.0239944458007812
0.00813102722167969 -0.0141410827636719 0.0392341613769531 -0.039154052734375
-0.00264739990234375 -0.0238037109375 0.0229644775390625 -0.0572853088378906
-0.0117416381835938 -0.0250701904296875 0.00318527221679687 -0.0563468933105469
-0.0105037689208984 -0.0239295959472656 -0.00544357299804688 -0.0399017333984375
-0.00736045837402344 -0.0293655395507812 -0.0121784210205078 -0.0237464904785156
0.0062408447265625 -0.0279541015625 -0.0213069915771484 -0.0141963958740234
0.0200042724609375 -0.01690673828125 -0.0319671630859375 -0.00442886352539062
0.0225067138671875 -0.000444412231445313 -0.0377082824707031 -0.00719451904296876
0.0127573013305664 0.0153417587280273 -0.050140380859375 -0.0138359069824219
0.0105648040771484 0.0177650451660156 -0.0589065551757813 -0.0104751586914062
0.0128345489501953 0.0218963623046875 -0.0491790771484375 -0.00453186035156249
0.0421829223632813 0.0349578857421875 -0.0192489624023437 -0.0544586181640625
0.0325756072998047 0.0135364532470703 0.00945472717285156 -0.0168476104736328
0.0304431915283203 0.007171630859375 0.0371131896972656 -0.004241943359375
0.029296875 -0.00678825378417969 0.0512046813964844 -0.0197410583496094
0.0231437683105469 -0.0184707641601563 0.0441322326660156 -0.0327682495117188
0.00933837890625 -0.0345020294189453 0.0287513732910156 -0.0483627319335938
-0.00577926635742188 -0.0394363403320312 0.00904464721679688 -0.0461387634277344
-0.00528717041015625 -0.0386199951171875 -0.000579833984375002 -0.0280265808105469
-0.00500106811523438 -0.0452957153320313 -0.00814437866210938 -0.0111074447631836
0.0104713439941406 -0.0453910827636719 -0.0208473205566406 -0.00119209289550782
0.0308742523193359 -0.0326576232910156 -0.0327415466308594 0.00808906555175781
0.0390777587890625 -0.0129928588867188 -0.0380744934082031 0.00204849243164062
0.0345554351806641 0.0159187316894531 -0.0460853576660156 -0.0037689208984375
0.0325107574462891 0.0249958038330078 -0.0498504638671875 0.000320434570312495
0.032684326171875 0.0302715301513672 -0.0404434204101563 0.00867462158203125
0.0532913208007813 0.0449790954589844 -0.00408935546874999 -0.0401382446289063
0.0446968078613281 0.0253028869628906 0.0255947113037109 -0.00530052185058594
0.0472526550292969 0.01617431640625 0.0474510192871094 0.00286483764648438
0.0460662841796875 -0.00409317016601562 0.0580101013183594 -0.013916015625
0.0364608764648438 -0.0209274291992188 0.0478591918945313 -0.0255966186523438
0.0205802917480469 -0.0423507690429687 0.0302619934082031 -0.0371017456054687
0.00156784057617188 -0.0489578247070312 0.0132560729980469 -0.0315189361572266
-0.000648498535156251 -0.0471649169921875 0.00525093078613281 -0.0125570297241211
-0.00203704833984375 -0.0552902221679688 -0.00160646438598633 0.00635719299316406
0.0117607116699219 -0.0550498962402344 -0.0186710357666016 0.0159969329833984
0.0357666015625 -0.0426902770996094 -0.0314750671386719 0.0227851867675781
0.0481300354003906 -0.0237388610839844 -0.0374832153320313 0.0120086669921875
0.0503463745117187 0.0119285583496094 -0.0414810180664063 0.00502395629882812
0.0494575500488281 0.0258255004882813 -0.0349178314208984 0.00936317443847657
0.047210693359375 0.0348701477050781 -0.0253219604492187 0.0225486755371094
0.0572967529296875 0.0491523742675781 0.0134544372558594 -0.0229568481445312
0.0533714294433594 0.0331954956054687 0.0403671264648438 0.00873565673828125
0.06085205078125 0.0214920043945313 0.05535888671875 0.0116119384765625
0.0582542419433594 -0.00336837768554688 0.0613937377929688 -0.00710678100585938
0.0445060729980469 -0.0227165222167969 0.045867919921875 -0.0176010131835938
0.0274085998535156 -0.0445365905761719 0.0289459228515625 -0.0233707427978516
0.0075836181640625 -0.0505943298339844 0.0153703689575195 -0.0134372711181641
0.00429534912109375 -0.047454833984375 0.00905132293701172 0.00499248504638672
0.001678466796875 -0.0557136535644531 0.00508308410644531 0.0237216949462891
0.0126419067382812 -0.0559616088867188 -0.0139579772949219 0.0343761444091797
0.0353240966796875 -0.0464591979980469 -0.0278778076171875 0.0373611450195313
0.0483436584472656 -0.0310897827148438 -0.0341892242431641 0.0218524932861328
0.0576248168945312 0.0059661865234375 -0.0347843170166016 0.0119590759277344
0.0601081848144531 0.0226821899414063 -0.0184307098388672 0.0143489837646484
0.053680419921875 0.0347442626953125 -0.0072479248046875 0.0370750427246094
0.0531768798828125 0.0441169738769531 0.0287513732910156 -0.00602149963378906
0.053955078125 0.0328636169433594 0.0532188415527344 0.0203590393066406
0.0633201599121094 0.0201263427734375 0.0597457885742188 0.0178680419921875
0.0604667663574219 -0.00546646118164063 0.0601043701171875 0.00051116943359375
0.0438957214355469 -0.02301025390625 0.0405654907226563 -0.0079803466796875
0.0281448364257813 -0.0421981811523438 0.0246009826660156 -0.00703620910644532
0.0111236572265625 -0.0452194213867187 0.0152816772460937 0.00437736511230468
0.00844573974609375 -0.0418014526367188 0.0122528076171875 0.0219154357910156
0.0059967041015625 -0.0473136901855469 0.00946044921875 0.0396461486816406
0.0134963989257813 -0.0468521118164063 -0.00985717773437501 0.0488052368164063
0.0320968627929688 -0.0396461486816406 -0.0248794555664062 0.0484352111816406
0.0444297790527344 -0.02947998046875 -0.0314083099365234 0.0287094116210938
0.0558433532714844 0.00329971313476562 -0.0272483825683594 0.0141239166259766
0.0581321716308594 0.0203590393066406 -0.0025186538696289 0.017481803894043
0.0514564514160156 0.0321006774902344 0.0115776062011719 0.0498504638671875
0.0417747497558594 0.031646728515625 0.041534423828125 0.0066986083984375
0.0460739135742188 0.0239486694335938 0.0611915588378906 0.0276451110839844
0.0535507202148438 0.0110549926757813 0.0589752197265625 0.02020263671875
0.0493240356445313 -0.00823593139648438 0.0534095764160156 0.00736236572265625
0.0327301025390625 -0.0197353363037109 0.0341510772705078 0.001373291015625
0.0224838256835938 -0.0315151214599609 0.0206108093261719 0.00658416748046875
0.0118942260742188 -0.0308475494384766 0.0139408111572266 0.0207939147949219
0.0111236572265625 -0.0280570983886719 0.0125484466552734 0.0344734191894531
0.0113010406494141 -0.0321674346923828 0.00988006591796875 0.0510368347167969
0.0142650604248047 -0.0305595397949219 -0.00992584228515625 0.0584259033203125
0.0272293090820313 -0.0250835418701172 -0.0241012573242188 0.05303955078125
0.0352439880371094 -0.0193672180175781 -0.0298595428466797 0.0311832427978516
0.0442047119140625 0.00597381591796875 -0.0217399597167969 0.0137901306152344
0.0449752807617188 0.0186347961425781 0.0109119415283203 0.0189952850341797
0.0389862060546875 0.0265312194824219 0.0254096984863281 0.0612411499023438
0.0248928070068359 0.0146846771240234 0.0492515563964844 0.0112342834472656
0.0305004119873047 0.0106563568115234 0.0634346008300781 0.0266380310058594
0.03436279296875 6.29425048828125E-05 0.0549392700195313 0.0194854736328125
0.0265922546386719 -0.00974082946777344 0.0472869873046875 0.0115890502929688
0.0148086547851562 -0.012883186340332 0.0289058685302734 0.00789260864257812
0.0109634399414062 -0.0133638381958008 0.0171041488647461 0.0153350830078125
0.0106477737426758 -0.0123167037963867 0.0126304626464844 0.0297470092773437
0.012141227722168 -0.011021614074707 0.0108489990234375 0.0426559448242188
0.0136957168579102 -0.0130529403686523 0.00638198852539063 0.0575141906738281
0.0134716033935547 -0.0110549926757812 -0.013946533203125 0.0622978210449219
0.0184516906738281 -0.0083160400390625 -0.0260543823242188 0.05364990234375
0.0222587585449219 -0.00636100769042969 -0.0300559997558594 0.0315704345703125
0.0272102355957031 0.00839424133300781 -0.0196475982666016 0.0137405395507813
0.0262069702148438 0.0153160095214844 0.0170230865478516 0.0217304229736328
0.0201416015625 0.0167636871337891 0.034088134765625 0.0712051391601563
0.00418901443481445 -0.00388622283935547 0.0507125854492188 0.00876998901367188
0.0109567642211914 -0.00389194488525391 0.0619964599609375 0.0191726684570313
0.00896930694580078 -0.0106439590454102 0.0490226745605469 0.0144081115722656
0.000566482543945312 -0.00933551788330078 0.0425338745117188 0.0114936828613281
-0.00640773773193359 -0.00118732452392578 0.0264854431152344 0.00800514221191406
-0.000788688659667969 0.00744295120239258 0.0166053771972656 0.0172758102416992
0.00875759124755859 0.00956821441650391 0.0118656158447266 0.0315418243408203
0.0104846954345703 0.00798606872558594 0.00786972045898438 0.0436325073242188
0.0129108428955078 0.00621318817138672 0.000656127929687497 0.0589637756347656
0.00938224792480469 0.00813484191894531 -0.0198440551757813 0.0620689392089844
0.00699520111083984 0.00677108764648438 -0.0306663513183594 0.0502433776855469
0.00680685043334961 0.00394392013549805 -0.0329666137695312 0.0286540985107422
0.00770235061645508 0.00797462463378906 -0.0222759246826172 0.012969970703125
0.00355243682861328 0.0079655647277832 0.0149383544921875 0.0244026184082031
-0.00124454498291016 0.00390100479125977 0.03546142578125 0.0755462646484375
0.0301666259765625 0.0210189819335937 -0.0320091247558594 -0.0699844360351563
0.0190486907958984 0.00025177001953125 -0.00408554077148437 -0.0276279449462891
0.0146350860595703 -0.00487709045410156 0.029388427734375 -0.00931167602539063
0.0115346908569336 -0.0123453140258789 0.0463790893554688 -0.0250511169433594
0.0067901611328125 -0.0174989700317383 0.0426559448242187 -0.0404701232910156
-0.00579833984375 -0.0253658294677734 0.0261116027832031 -0.0592613220214844
-0.015716552734375 -0.0270404815673828 0.00539398193359375 -0.0592994689941406
-0.0130023956298828 -0.0258846282958984 -0.00395965576171875 -0.0423240661621094
-0.0118923187255859 -0.0319252014160156 -0.0103893280029297 -0.0256557464599609
0.0039825439453125 -0.0323734283447266 -0.0203227996826172 -0.0141410827636719
0.0207481384277344 -0.0212287902832031 -0.0317592620849609 -0.00324058532714844
0.025115966796875 -0.00440216064453125 -0.040008544921875 -0.00793457031249999
0.0182399749755859 0.0147953033447266 -0.05377197265625 -0.015533447265625
0.0150928497314453 0.0192584991455078 -0.06292724609375 -0.0137786865234375
0.0181827545166016 0.0243473052978516 -0.0509910583496094 -0.00806808471679688
0.0467109680175781 0.0379104614257813 -0.01678466796875 -0.0598487854003906
0.0365028381347656 0.0133094787597656 0.0117988586425781 -0.0203895568847656
0.0330085754394531 0.00550651550292969 0.0403938293457031 -0.00577163696289063
0.0307140350341797 -0.00880241394042969 0.0543937683105469 -0.0208511352539063
0.0226078033447266 -0.0211639404296875 0.0484085083007813 -0.0339012145996094
0.00741195678710937 -0.037841796875 0.0328254699707031 -0.0497016906738281
-0.008270263671875 -0.0416946411132812 0.0129280090332031 -0.0488853454589844
-0.00780487060546875 -0.0409584045410156 0.0028228759765625 -0.0301342010498047
-0.00761795043945313 -0.0490798950195313 -0.00457096099853516 -0.0118770599365234
0.00970840454101563 -0.0502662658691406 -0.01934814453125 -0.000690460205078124
0.0330009460449219 -0.0363731384277344 -0.0318202972412109 0.00948333740234374
0.0427513122558594 -0.0159149169921875 -0.0390396118164063 0.00207901000976563
0.0406074523925781 0.0168876647949219 -0.0482521057128906 -0.00426101684570312
0.0385551452636719 0.02777099609375 -0.0516548156738281 -0.00141906738281251
0.0377922058105469 0.0354270935058594 -0.0396804809570312 0.00667953491210938
0.0567207336425781 0.048919677734375 -0.00023269653320312 -0.0438423156738281
0.0488243103027344 0.0274391174316406 0.0290374755859375 -0.00712203979492187
0.0498046875 0.016754150390625 0.051666259765625 0.00251007080078125
0.0490798950195313 -0.00548171997070313 0.0619773864746094 -0.0150642395019531
0.0376319885253906 -0.022491455078125 0.0518455505371094 -0.0265846252441406
0.0206222534179688 -0.0445060729980469 0.0356712341308594 -0.0394287109375
0.00078201293945313 -0.0510635375976563 0.0178356170654297 -0.0328922271728516
-0.00133514404296875 -0.0493507385253906 0.00955295562744141 -0.0138654708862305
-0.00279235839843749 -0.0586013793945312 0.00315713882446289 0.00629329681396484
0.0125389099121094 -0.0600776672363281 -0.0160408020019531 0.017974853515625
0.0385017395019531 -0.0481491088867188 -0.0301551818847656 0.0253314971923828
0.0523529052734375 -0.0264320373535156 -0.0378799438476563 0.0127906799316406
0.0567283630371094 0.0141410827636719 -0.0427398681640625 0.0057830810546875
0.0555381774902344 0.0291671752929688 -0.0363960266113281 0.00854873657226562
0.0511703491210937 0.0410881042480469 -0.0237026214599609 0.0226554870605469
0.0592536926269531 0.0536956787109375 0.0185146331787109 -0.0239429473876953
0.0563774108886719 0.036773681640625 0.0455436706542969 0.00891876220703125
0.0629348754882813 0.0248680114746094 0.0603141784667969 0.0121078491210938
0.0616378784179688 -0.00344085693359375 0.0665702819824219 -0.0072021484375
0.0474624633789062 -0.02227783203125 0.0506057739257813 -0.0183029174804688
0.0295906066894531 -0.0473289489746094 0.0329475402832031 -0.0245380401611328
0.00889205932617188 -0.053192138671875 0.0194606781005859 -0.0148124694824219
0.00539779663085937 -0.050628662109375 0.0139827728271484 0.00429916381835937
0.00183486938476563 -0.0589752197265625 0.00952911376953125 0.0243682861328125
0.0135574340820313 -0.0589942932128906 -0.0107269287109375 0.0357322692871094
0.03851318359375 -0.0498695373535156 -0.0254173278808594 0.0405693054199219
0.05322265625 -0.032867431640625 -0.0344009399414063 0.0240650177001953
0.0630912780761719 0.00797271728515625 -0.0353050231933594 0.0125885009765625
0.0637779235839844 0.0275497436523438 -0.0174713134765625 0.0150442123413086
0.0568695068359375 0.0406913757324219 -0.00346755981445312 0.038330078125
0.0536231994628906 0.0489006042480469 0.0340518951416016 -0.00526237487792968
0.0542755126953125 0.0375442504882813 0.0581092834472656 0.0223960876464844
0.0653495788574219 0.0243110656738281 0.0638923645019531 0.0182952880859375
0.0638999938964844 -0.00284957885742188 0.0655708312988281 0.000545501708984375
0.047332763671875 -0.0215377807617188 0.045135498046875 -0.00843048095703125
0.0316390991210938 -0.0433998107910156 0.0288429260253906 -0.00832748413085938
0.014068603515625 -0.0469818115234375 0.0190334320068359 0.00464820861816406
0.0108680725097656 -0.0438499450683594 0.0169239044189453 0.0218715667724609
0.00896835327148438 -0.0496788024902344 0.0134811401367188 0.0409049987792969
0.0158424377441406 -0.0488739013671875 -0.00634765625 0.0516891479492188
0.0363273620605469 -0.0402755737304688 -0.0214614868164063 0.0514602661132813
0.04766845703125 -0.0290069580078125 -0.0302982330322266 0.0310935974121094
0.0591468811035156 0.00731658935546875 -0.0274124145507812 0.0162239074707031
0.0605926513671875 0.0243301391601563 -0.000457763671874997 0.0184593200683594
0.0526275634765625 0.0363349914550781 0.0155677795410156 0.0539512634277344
0.0410690307617187 0.0348358154296875 0.04632568359375 0.0093841552734375
0.0448226928710938 0.0289268493652344 0.06689453125 0.0302314758300781
0.0553512573242187 0.0167045593261719 0.0637931823730469 0.02191162109375
0.0519485473632813 -0.00551605224609375 0.0588836669921875 0.00684356689453125
0.0366172790527344 -0.0173835754394531 0.0364456176757813 0.000991821289062499
0.0253982543945313 -0.0311927795410156 0.0228023529052734 0.00588798522949219
0.0163402557373047 -0.0327892303466797 0.0160675048828125 0.0215167999267578
0.0151805877685547 -0.0297260284423828 0.0142860412597656 0.0362815856933594
0.0154457092285156 -0.0344047546386719 0.0123786926269531 0.0530471801757813
0.0183010101318359 -0.0309238433837891 -0.0080718994140625 0.0610771179199219
0.03076171875 -0.0233421325683594 -0.0229873657226562 0.0564842224121094
0.0379753112792969 -0.0171966552734375 -0.0296516418457031 0.0331897735595703
0.0454139709472656 0.0101127624511719 -0.0219612121582031 0.0151844024658203
0.0456008911132813 0.02288818359375 0.0131072998046875 0.0208206176757813
0.0375823974609375 0.0305747985839844 0.0292091369628906 0.0674514770507813
0.0218772888183594 0.0173377990722656 0.0534477233886719 0.0162811279296875
0.0282421112060547 0.0134048461914063 0.0686759948730469 0.0305328369140625
0.0330867767333984 0.00358200073242188 0.059234619140625 0.0212440490722656
0.0285396575927734 -0.00725936889648438 0.0506134033203125 0.0116462707519531
0.0165500640869141 -0.00903606414794922 0.0312213897705078 0.00697708129882812
0.0150728225708008 -0.0118560791015625 0.0185985565185547 0.0153484344482422
0.0152835845947266 -0.0128269195556641 0.0135879516601562 0.0317516326904297
0.0161924362182617 -0.0115947723388672 0.0120849609375 0.04449462890625
0.0183086395263672 -0.0135993957519531 0.00781631469726563 0.0606880187988281
0.0177650451660156 -0.00979804992675781 -0.0123481750488281 0.0655364990234375
0.0224094390869141 -0.00563430786132813 -0.0259208679199219 0.0562705993652344
0.0244522094726563 -0.00271224975585938 -0.0296878814697266 0.0329627990722656
0.0265617370605469 0.0128574371337891 -0.0190582275390625 0.0151939392089844
0.0235214233398438 0.0192546844482422 0.0189552307128906 0.0247135162353516
0.0167083740234375 0.0206527709960938 0.0371475219726562 0.07684326171875
-0.000270366668701172 -0.00333809852600098 0.0535621643066406 0.0134773254394531
0.00744390487670899 -0.00332784652709961 0.0654563903808594 0.0242347717285156
0.00588655471801758 -0.00869369506835938 0.0530738830566406 0.0161514282226563
-0.000419139862060547 -0.00594282150268555 0.04583740234375 0.0115203857421875
-0.0057072639465332 0.00271177291870117 0.0275382995605469 0.00809097290039062
0.00261020660400391 0.00998687744140625 0.0169029235839844 0.0176048278808594
0.0130271911621094 0.0101871490478516 0.0114498138427734 0.0338420867919922
0.0147113800048828 0.00888538360595703 0.00742340087890625 0.0454216003417969
0.0183296203613281 0.00790023803710938 -0.000152587890624998 0.0610542297363281
0.0139894485473633 0.00977897644042969 -0.0199165344238281 0.0644340515136719
0.00971889495849609 0.00983715057373047 -0.0324172973632813 0.0517425537109375
0.00777101516723633 0.00653600692749023 -0.0345973968505859 0.0305767059326172
0.00573348999023438 0.0116500854492188 -0.0235919952392578 0.0141773223876953
-0.000898361206054688 0.0107593536376953 0.0156478881835937 0.0268878936767578
-0.00543069839477539 0.0059809684753418 0.0362472534179687 0.0823211669921875
0.0371971130371094 0.0210762023925781 -0.0341644287109375 -0.07696533203125
0.0234088897705078 -0.0034027099609375 -0.00384330749511719 -0.0320873260498047
0.0156316757202148 -0.00897502899169922 0.0309562683105469 -0.0118122100830078
0.0110912322998047 -0.0172204971313477 0.0477561950683594 -0.0273094177246094
0.00396728515625 -0.0210018157958984 0.0449256896972656 -0.0426712036132813
-0.0113811492919922 -0.0277442932128906 0.0274162292480469 -0.0628547668457031
-0.0217075347900391 -0.0277042388916016 0.00541305541992187 -0.0637893676757813
-0.0183448791503906 -0.0267410278320313 -0.00258636474609375 -0.0456924438476563
-0.0174522399902344 -0.0333251953125 -0.00976753234863282 -0.0280876159667969
-0.00035858154296875 -0.0362014770507813 -0.0193309783935547 -0.0144481658935547
0.0196819305419922 -0.0270118713378906 -0.0316143035888672 -0.00178909301757813
0.0274543762207031 -0.00961112976074219 -0.0422782897949219 -0.00658798217773438
0.0237445831298828 0.012786865234375 -0.0572509765625 -0.0154838562011719
0.0222625732421875 0.0194950103759766 -0.0676956176757813 -0.0151557922363281
0.0255832672119141 0.0256385803222656 -0.0535736083984375 -0.0116615295410156
0.0543479919433594 0.0382652282714844 -0.0165367126464844 -0.0664024353027344
0.0404624938964844 0.0116958618164063 0.0133075714111328 -0.0247230529785156
0.0357208251953125 0.0019683837890625 0.0432395935058594 -0.00774383544921875
0.0312118530273438 -0.0131301879882813 0.0577926635742188 -0.0231132507324219
0.0215015411376953 -0.0243587493896484 0.0525131225585937 -0.0362205505371094
0.00312042236328125 -0.0403404235839844 0.0358924865722656 -0.0543479919433594
-0.012847900390625 -0.0439796447753906 0.0158042907714844 -0.0525436401367188
-0.0115203857421875 -0.0430259704589844 0.00569343566894531 -0.0338859558105469
-0.0122413635253906 -0.0516319274902344 -0.00187015533447266 -0.0139217376708984
0.00595855712890625 -0.0546226501464844 -0.0167312622070313 0.000449180603027341
0.0334434509277344 -0.0428657531738281 -0.0304336547851562 0.0119304656982422
0.0476112365722656 -0.021331787109375 -0.0394401550292969 0.00373077392578124
0.0481986999511719 0.0155868530273438 -0.0509147644042969 -0.00336456298828126
0.0467109680175781 0.0285758972167969 -0.0541572570800781 -0.00246429443359375
0.0447883605957031 0.0387191772460938 -0.0397109985351563 0.00427627563476563
0.0632400512695313 0.05230712890625 0.00373077392578126 -0.0490760803222656
0.0528984069824219 0.0281562805175781 0.0328693389892578 -0.0107173919677734
0.0540275573730469 0.0157546997070313 0.0554122924804688 0.000324249267578126
0.0513076782226562 -0.0071563720703125 0.0671577453613281 -0.0175056457519531
0.0386428833007813 -0.0246429443359375 0.0566482543945313 -0.0297279357910156
0.0187301635742188 -0.0481986999511719 0.04046630859375 -0.04290771484375
-0.00151443481445312 -0.0545768737792969 0.0222358703613281 -0.0376739501953125
-0.00334548950195312 -0.0529365539550781 0.0132675170898437 -0.0175895690917969
-0.00640869140625001 -0.0633125305175781 0.00764036178588867 0.00406885147094726
0.0106849670410156 -0.0650978088378906 -0.0119838714599609 0.0184230804443359
0.0401229858398438 -0.0540275573730469 -0.0273685455322266 0.0289020538330078
0.0576324462890625 -0.0315704345703125 -0.0365982055664062 0.0156211853027344
0.0643081665039063 0.0132598876953125 -0.0435371398925781 0.00676727294921875
0.0640640258789063 0.0312995910644531 -0.0364341735839844 0.00824737548828126
0.0584373474121094 0.0448989868164063 -0.02093505859375 0.0218486785888672
0.064483642578125 0.0583572387695313 0.0231552124023438 -0.0272006988525391
0.0598983764648438 0.0402641296386719 0.051055908203125 0.00619888305664063
0.0670661926269531 0.0256614685058594 0.0652847290039063 0.01031494140625
0.0661430358886719 -0.00336456298828125 0.0719757080078125 -0.0105056762695313
0.0507164001464844 -0.0244979858398438 0.0554847717285156 -0.020843505859375
0.0311775207519531 -0.051177978515625 0.0384712219238281 -0.0279579162597656
0.00924301147460938 -0.0567245483398438 0.0242595672607422 -0.0176105499267578
0.00513076782226562 -0.0542488098144531 0.0182228088378906 0.00201606750488281
0.00179672241210938 -0.0635490417480469 0.0148582458496094 0.0235652923583984
0.0136871337890625 -0.0647315979003906 -0.00551986694335938 0.0381317138671875
0.0421333312988281 -0.0539016723632813 -0.0222015380859375 0.0437850952148438
0.0587806701660156 -0.036651611328125 -0.0327091217041016 0.0269374847412109
0.0706024169921875 0.00858306884765625 -0.0346870422363281 0.0144329071044922
0.0713043212890625 0.0300674438476563 -0.0159196853637695 0.0147285461425781
0.0625457763671875 0.0457191467285156 0.00117492675781251 0.0398025512695312
0.0569267272949219 0.0542831420898438 0.04034423828125 -0.00586700439453125
0.0581283569335938 0.0418777465820313 0.0655784606933594 0.0220565795898438
0.0698890686035156 0.0268440246582031 0.070281982421875 0.0180625915527344
0.0692024230957031 -0.0031280517578125 0.0708541870117188 -0.00188446044921875
0.0517005920410156 -0.0226974487304688 0.0493125915527344 -0.010711669921875
0.0345001220703125 -0.0467033386230469 0.0329227447509766 -0.0108890533447266
0.0162467956542969 -0.0507278442382812 0.0233039855957031 0.00280380249023437
0.0134124755859375 -0.0471534729003906 0.0209293365478516 0.02056884765625
0.0103683471679688 -0.0545272827148438 0.0195350646972656 0.0410079956054688
0.018524169921875 -0.0532035827636719 -0.0014495849609375 0.053802490234375
0.0403175354003906 -0.0433807373046875 -0.0186386108398438 0.0551567077636719
0.0532608032226563 -0.0312652587890625 -0.0282993316650391 0.0346336364746094
0.0648040771484375 0.00864028930664063 -0.0262298583984375 0.0175914764404297
0.0653076171875 0.0285568237304687 0.00306510925292969 0.0193042755126953
0.0553359985351562 0.0425033569335938 0.0210685729980469 0.0563316345214844
0.0414009094238281 0.0401725769042969 0.0536155700683594 0.0113296508789063
0.046722412109375 0.0327682495117188 0.0746383666992187 0.031768798828125
0.0586738586425781 0.0196418762207031 0.0701866149902344 0.0217742919921875
0.0559806823730469 -0.00302505493164063 0.0645065307617187 0.00538253784179687
0.0409507751464844 -0.0168113708496094 0.0413475036621094 -0.000366210937500001
0.0303554534912109 -0.0334396362304688 0.0261020660400391 0.00562477111816406
0.0201873779296875 -0.0357208251953125 0.0194625854492188 0.0218429565429687
0.0192832946777344 -0.0323524475097656 0.0180091857910156 0.0369987487792969
0.0189552307128906 -0.0368309020996094 0.0173263549804688 0.0549125671386719
0.0232257843017578 -0.0330410003662109 -0.00295257568359375 0.0641403198242188
0.0359611511230469 -0.0241546630859375 -0.0188026428222656 0.0598068237304687
0.0424652099609375 -0.0158729553222656 -0.02716064453125 0.036529541015625
0.0488204956054688 0.0139541625976562 -0.0200901031494141 0.0178909301757813
0.0467948913574219 0.0280036926269531 0.0164375305175781 0.0223407745361328
0.0375022888183594 0.0362091064453125 0.035858154296875 0.0712432861328125
0.0200080871582031 0.0197410583496094 0.059417724609375 0.0197868347167969
0.0268096923828125 0.0175189971923828 0.0756607055664062 0.0336685180664063
0.0334682464599609 0.00729751586914063 0.0653533935546875 0.0216903686523438
0.0300178527832031 -0.00336456298828125 0.0559196472167969 0.0104598999023438
0.0199470520019531 -0.00677871704101563 0.0333023071289063 0.00628280639648438
0.0195178985595703 -0.0119075775146484 0.0199451446533203 0.0154075622558594
0.0205039978027344 -0.0146446228027344 0.0151519775390625 0.0329647064208984
0.0215015411376953 -0.0126209259033203 0.014312744140625 0.0462417602539063
0.0241451263427734 -0.0151004791259766 0.0112991333007813 0.0621528625488281
0.0239944458007813 -0.0103416442871094 -0.00897216796875 0.068359375
0.0275974273681641 -0.00334739685058594 -0.0234107971191406 0.0593986511230469
0.0278377532958984 0.000371932983398438 -0.0289878845214844 0.0356521606445313
0.027374267578125 0.0176162719726563 -0.0190334320068359 0.0179710388183594
0.0218391418457031 0.02398681640625 0.0214481353759766 0.0270290374755859
0.0144481658935547 0.0244178771972656 0.0432891845703125 0.0835647583007813
-0.00429463386535644 -0.00269079208374023 0.058441162109375 0.017425537109375
0.00321269035339355 -0.000896453857421875 0.0721359252929688 0.0272750854492188
0.00288724899291992 -0.00609827041625977 0.0586509704589844 0.01568603515625
-0.00143492221832275 -0.0014946460723877 0.0494422912597656 0.0101089477539063
-0.00392341613769531 0.00696372985839844 0.029052734375 0.0066070556640625
0.00698184967041016 0.0121707916259766 0.0160837173461914 0.0172204971313477
0.0191535949707031 0.0100460052490234 0.0106658935546875 0.0358848571777344
0.0200653076171875 0.00835037231445312 0.007476806640625 0.048492431640625
0.0246047973632813 0.00743484497070313 0.00056838989257813 0.0643043518066406
0.0203514099121094 0.010650634765625 -0.0195121765136719 0.0673103332519531
0.0143766403198242 0.0140085220336914 -0.0309562683105469 0.0549430847167969
0.0100135803222656 0.0118083953857422 -0.0345668792724609 0.0334873199462891
0.00411415100097656 0.0167694091796875 -0.0239028930664063 0.0165691375732422
-0.0046234130859375 0.0156688690185547 0.0172767639160156 0.0311737060546875
-0.0109853744506836 0.00851631164550781 0.0408859252929688 0.0891876220703125
0.0440864562988281 0.0175628662109375 -0.0389938354492187 -0.08294677734375
0.025848388671875 -0.00872039794921875 -0.00571823120117188 -0.0366401672363281
0.0154085159301758 -0.014225959777832 0.0310592651367187 -0.0150508880615234
0.00832176208496094 -0.021087646484375 0.0485305786132813 -0.0302238464355469
-0.000102996826171873 -0.0232524871826172 0.0456275939941406 -0.0460128784179688
-0.0176181793212891 -0.0283679962158203 0.0279617309570312 -0.0675468444824219
-0.0279445648193359 -0.0255241394042969 0.00647354125976562 -0.0668907165527344
-0.0230140686035156 -0.0261135101318359 -0.00242233276367188 -0.0494728088378906
-0.0243301391601562 -0.0324344635009766 -0.00822639465332031 -0.0315628051757813
-0.0062713623046875 -0.0381050109863281 -0.0187053680419922 -0.0152587890625
0.0158481597900391 -0.0324497222900391 -0.0298347473144531 -0.000846862792968749
0.0285911560058594 -0.0152778625488281 -0.0433349609375 -0.00493621826171874
0.0288887023925781 0.00855636596679688 -0.0612373352050781 -0.0136260986328125
0.0299129486083984 0.0166873931884766 -0.0728378295898438 -0.01470947265625
0.0334854125976563 0.0242862701416016 -0.0562858581542969 -0.014434814453125
0.0615005493164062 0.0365829467773438 -0.0174636840820312 -0.07354736328125
0.0446434020996094 0.00815582275390625 0.0140151977539063 -0.0299797058105469
0.0375785827636719 -0.00163650512695313 0.0448226928710938 -0.0109405517578125
0.0305862426757813 -0.0177650451660156 0.0597648620605469 -0.0267066955566406
0.0186786651611328 -0.0273609161376953 0.0551986694335938 -0.0399856567382813
-0.00115585327148438 -0.0409431457519531 0.0385246276855469 -0.0590324401855469
-0.0173110961914063 -0.0438346862792969 0.0173606872558594 -0.0574989318847656
-0.0163459777832031 -0.0438728332519531 0.00780105590820312 -0.0389366149902344
-0.0187263488769531 -0.0532112121582031 0.00148963928222656 -0.018096923828125
0.00062179565429688 -0.0591011047363281 -0.0133790969848633 -0.000557899475097657
0.0320014953613281 -0.0502586364746094 -0.0283393859863281 0.0133495330810547
0.0496940612792969 -0.0282554626464844 -0.0389900207519531 0.00616836547851563
0.0561027526855469 0.0116043090820313 -0.0525779724121094 -0.00116729736328126
0.0557899475097656 0.0269050598144531 -0.0566329956054687 -0.00243377685546874
0.0546188354492188 0.0392990112304688 -0.0410652160644531 0.00106811523437501
0.070343017578125 0.0530242919921875 0.00529479980468751 -0.0559844970703125
0.0581092834472656 0.02740478515625 0.035797119140625 -0.0172500610351563
0.0583877563476563 0.0144577026367188 0.0579185485839844 -0.00365447998046875
0.0532302856445313 -0.0109634399414063 0.0704193115234375 -0.0217056274414063
0.038299560546875 -0.0271339416503906 0.059967041015625 -0.0341796875
0.0167312622070312 -0.0502853393554688 0.0427665710449219 -0.0477485656738281
-0.00474929809570312 -0.05731201171875 0.0245857238769531 -0.0425453186035156
-0.00671005249023437 -0.0554847717285156 0.0161628723144531 -0.0217838287353516
-0.0103874206542969 -0.0669403076171875 0.0133447647094727 0.00118350982666015
0.0063018798828125 -0.070770263671875 -0.00708198547363281 0.0177688598632812
0.0401878356933594 -0.05987548828125 -0.0228252410888672 0.0308094024658203
0.0610275268554688 -0.0379219055175781 -0.0349445343017578 0.0176906585693359
0.0722885131835938 0.00934600830078125 -0.0432624816894531 0.00921630859375
0.0739822387695313 0.0318222045898438 -0.0365867614746094 0.00793075561523437
0.06787109375 0.04766845703125 -0.0181732177734375 0.0186862945556641
0.0696220397949219 0.0630035400390625 0.0271873474121094 -0.0318508148193359
0.0646629333496094 0.0410308837890625 0.0562515258789063 0.00133514404296875
0.0719985961914063 0.0248489379882813 0.070159912109375 0.00726318359375
0.0676155090332031 -0.00671005249023438 0.0766143798828125 -0.0149993896484375
0.0535469055175781 -0.0273590087890625 0.0586090087890625 -0.0251960754394531
0.0305137634277344 -0.0546035766601563 0.0423774719238281 -0.0327224731445313
0.0081329345703125 -0.0598640441894531 0.0278358459472656 -0.0213603973388672
0.00506210327148438 -0.0579147338867188 0.0226974487304688 -0.00261306762695313
-4.57763671874999E-05 -0.0681800842285156 0.0210647583007813 0.0202083587646484
0.0127983093261719 -0.0691146850585937 0.00138473510742187 0.0373153686523437
0.0428924560546875 -0.059814453125 -0.0165786743164063 0.0453720092773437
0.0624275207519531 -0.0411834716796875 -0.0287590026855469 0.0294704437255859
0.0783004760742187 0.00757598876953125 -0.0336208343505859 0.0164508819580078
0.0793991088867188 0.0309982299804688 -0.0140905380249023 0.0142850875854492
0.0698738098144531 0.0472984313964844 0.00697708129882813 0.0382194519042969
0.0613021850585937 0.05889892578125 0.045928955078125 -0.0081024169921875
0.0623245239257813 0.0461692810058594 0.0721817016601563 0.01824951171875
0.074737548828125 0.0275344848632813 0.0764236450195313 0.01483154296875
0.0742034912109375 -0.00377655029296875 0.0761566162109375 -0.0062713623046875
0.0556449890136719 -0.0242500305175781 0.0527458190917969 -0.0126953125
0.0368232727050781 -0.0492744445800781 0.0371856689453125 -0.0149040222167969
0.0172309875488281 -0.0546875 0.0267829895019531 -0.00101852416992188
0.0146064758300781 -0.0526695251464844 0.0255165100097656 0.0186748504638672
0.0112724304199219 -0.0592918395996094 0.0249748229980469 0.0390396118164062
0.0192222595214844 -0.0577163696289063 0.00449371337890624 0.0546188354492187
0.043060302734375 -0.0475311279296875 -0.0119171142578125 0.0569572448730469
0.0585517883300781 -0.0333709716796875 -0.0237083435058594 0.0359649658203125
0.070526123046875 0.00830841064453125 -0.0237789154052734 0.0194816589355469
0.0713348388671875 0.0298309326171875 0.00676155090332032 0.0184288024902344
0.05963134765625 0.0463676452636719 0.02972412109375 0.0564537048339844
0.0426445007324219 0.0455665588378906 0.0600852966308594 0.0106315612792969
0.0485877990722656 0.0381660461425781 0.0826492309570313 0.02947998046875
0.0609359741210938 0.0237922668457031 0.0766830444335938 0.019622802734375
0.0604896545410156 -0.00310897827148438 0.0694007873535156 0.00218963623046875
0.0447196960449219 -0.0178108215332031 0.0429191589355469 -0.00252532958984375
0.0340690612792969 -0.0365829467773438 0.0281639099121094 0.00378036499023437
0.023590087890625 -0.0403022766113281 0.0235977172851562 0.0193023681640625
0.0227584838867188 -0.035308837890625 0.0228538513183594 0.0347061157226563
0.0221366882324219 -0.0424118041992188 0.0221900939941406 0.0543670654296875
0.0261344909667969 -0.0361251831054688 0.00313568115234376 0.0653915405273438
0.0413665771484375 -0.0268020629882813 -0.0132598876953125 0.0619125366210938
0.0483131408691406 -0.0154304504394531 -0.0236091613769531 0.0379447937011719
0.0524406433105469 0.0173110961914063 -0.0179653167724609 0.020355224609375
0.0494194030761719 0.0328712463378906 0.0206832885742188 0.0230255126953125
0.0389518737792969 0.0414047241210938 0.044891357421875 0.07330322265625
0.0181674957275391 0.0237827301025391 0.0672874450683594 0.0215644836425781
0.026275634765625 0.0218772888183594 0.084014892578125 0.03424072265625
0.0352325439453125 0.0110931396484375 0.0706253051757813 0.0193099975585938
0.0332450866699219 -0.000711441040039063 0.05926513671875 0.0068206787109375
0.0246047973632813 -0.0045318603515625 0.0355949401855469 0.00489044189453125
0.0254745483398438 -0.0137138366699219 0.0216732025146484 0.0146694183349609
0.0252361297607422 -0.0179119110107422 0.0173168182373047 0.0343551635742188
0.0257511138916016 -0.0164527893066406 0.0167007446289062 0.047088623046875
0.0296058654785156 -0.0194511413574219 0.0145339965820312 0.0636825561523438
0.0300388336181641 -0.0124397277832031 -0.00455093383789062 0.0694503784179687
0.0334033966064453 -0.00328826904296875 -0.0192527770996094 0.0612754821777344
0.0333843231201172 0.00298881530761719 -0.02618408203125 0.0385551452636719
0.0294017791748047 0.0239677429199219 -0.017730712890625 0.0198841094970703
0.0216083526611328 0.0305385589599609 0.0251617431640625 0.0276603698730469
0.0127964019775391 0.0291519165039063 0.0517501831054688 0.0876541137695313
-0.0103769302368164 9.63211059570332E-05 0.06475830078125 0.0212287902832031
-0.000324487686157227 0.00225019454956055 0.0792465209960938 0.027374267578125
0.000547051429748535 -0.00172483921051025 0.0639762878417969 0.0137100219726562
-0.00120806694030762 0.00383400917053223 0.0522918701171875 0.00732421875
-0.000735282897949219 0.00981807708740235 0.0283527374267578 0.00490760803222656
0.0139474868774414 0.0122776031494141 0.0156278610229492 0.0175533294677734
0.0252876281738281 0.0082550048828125 0.0119209289550781 0.0374031066894531
0.0265407562255859 0.00536537170410156 0.008514404296875 0.0511856079101563
0.0309600830078125 0.00527000427246094 0.00202178955078125 0.0670280456542969
0.0272369384765625 0.00951004028320313 -0.0183334350585938 0.0696983337402344
0.0208911895751953 0.017059326171875 -0.0295295715332031 0.0575904846191406
0.0149097442626953 0.0157489776611328 -0.03302001953125 0.0363235473632812
0.00439071655273437 0.0226726531982422 -0.0230751037597656 0.0206089019775391
-0.00667381286621094 0.0224704742431641 0.0189323425292969 0.0343093872070313
-0.0153188705444336 0.0130319595336914 0.0473175048828125 0.093658447265625
0.0499916076660156 0.0114822387695312 -0.0423355102539063 -0.0878829956054687
0.0262622833251953 -0.0158519744873047 -0.00981903076171875 -0.0401496887207031
0.0157489776611328 -0.0194606781005859 0.0299110412597656 -0.0175437927246094
0.00617027282714844 -0.02691650390625 0.048004150390625 -0.0324058532714844
-0.00484848022460938 -0.0264320373535156 0.0481910705566406 -0.047821044921875
-0.0222511291503906 -0.0262069702148438 0.0284271240234375 -0.0707931518554688
-0.0330429077148438 -0.0238761901855469 0.00438690185546875 -0.0707550048828125
-0.0287189483642578 -0.0241336822509766 -0.00369644165039063 -0.0532341003417969
-0.0289955139160156 -0.0306262969970703 -0.00781440734863281 -0.0345973968505859
-0.0141220092773438 -0.0381355285644531 -0.0162668228149414 -0.0156021118164062
0.0122642517089844 -0.0373191833496094 -0.0298576354980469 -0.00124740600585938
0.0258636474609375 -0.020599365234375 -0.0448226928710938 -0.00250244140625
0.0324211120605469 0.00447654724121094 -0.0650138854980469 -0.0112266540527344
0.0360031127929688 0.0131721496582031 -0.0768661499023437 -0.013336181640625
0.0415267944335938 0.02154541015625 -0.0598030090332031 -0.0192031860351562
0.07147216796875 0.033966064453125 -0.0189971923828125 -0.0803375244140625
0.0468482971191406 0.00417709350585938 0.0146636962890625 -0.0362358093261719
0.0383491516113281 -0.005462646484375 0.0453567504882813 -0.0144767761230469
0.0282974243164063 -0.0202617645263672 0.06109619140625 -0.0297927856445313
0.0154705047607422 -0.0292263031005859 0.0562057495117187 -0.0434722900390625
-0.0050506591796875 -0.0419197082519531 0.0383262634277344 -0.0648384094238281
-0.0217056274414063 -0.04351806640625 0.0177345275878906 -0.0626258850097656
-0.0211563110351563 -0.0420341491699219 0.0077667236328125 -0.0429840087890625
-0.0247879028320313 -0.0532569885253906 0.0032501220703125 -0.0211009979248047
-0.00479888916015625 -0.0612297058105469 -0.00946807861328125 -0.00327205657958985
0.0272750854492187 -0.0542831420898437 -0.0238533020019531 0.0144062042236328
0.0482749938964844 -0.0356559753417969 -0.0375251770019531 0.00750732421875
0.0610198974609375 0.005706787109375 -0.0541915893554687 -0.000274658203125012
0.0643348693847656 0.0232276916503906 -0.0594940185546875 -0.00287246704101562
0.0640640258789063 0.037109375 -0.0418548583984375 -0.00248336791992187
0.0753021240234375 0.0514144897460938 0.00504302978515625 -0.060302734375
0.0617446899414063 0.0252227783203125 0.0373153686523438 -0.0223159790039062
0.0617027282714844 0.0106086730957031 0.0590171813964844 -0.00578689575195312
0.0529251098632813 -0.0129890441894531 0.0746307373046875 -0.0261917114257813
0.0374565124511719 -0.0292510986328125 0.0619773864746094 -0.0396308898925781
0.0130538940429688 -0.0518264770507813 0.0451316833496094 -0.0524635314941406
-0.00886917114257813 -0.0581626892089844 0.0277023315429688 -0.0478591918945313
-0.0102119445800781 -0.0554847717285156 0.0178699493408203 -0.0259151458740234
-0.0162353515625 -0.06756591796875 0.0153636932373047 -0.00226497650146485
0.0010833740234375 -0.0733718872070313 -0.00156879425048828 0.0158100128173828
0.0398292541503906 -0.0663604736328125 -0.0177383422851562 0.0293197631835937
0.0631484985351563 -0.0455474853515625 -0.0311946868896484 0.018829345703125
0.0779342651367188 0.003936767578125 -0.0426292419433594 0.0114631652832031
0.0816268920898438 0.0288467407226563 -0.0361824035644531 0.00752258300781251
0.0752182006835938 0.0471954345703125 -0.0166807174682617 0.0158481597900391
0.077178955078125 0.0628509521484375 0.0281753540039063 -0.0373649597167969
0.0717544555664063 0.0417251586914063 0.0602760314941406 -0.00497055053710937
0.0776596069335937 0.0244979858398437 0.0735626220703125 0.00141143798828125
0.0726089477539063 -0.0101776123046875 0.0790176391601563 -0.0187911987304688
0.0526809692382813 -0.0283927917480469 0.0605659484863281 -0.0294570922851563
0.031158447265625 -0.0565681457519531 0.0449256896972656 -0.0367240905761719
0.00565719604492188 -0.063720703125 0.0309066772460938 -0.0275592803955078
0.00234222412109374 -0.0618934631347656 0.0255146026611328 -0.00532341003417969
-0.00235748291015624 -0.072418212890625 0.0238265991210938 0.0153236389160156
0.00640869140625 -0.0739288330078125 0.00629425048828125 0.0336380004882812
0.0424079895019531 -0.0645179748535156 -0.0108184814453125 0.0465736389160156
0.065704345703125 -0.0489692687988281 -0.0253086090087891 0.0279617309570312
0.0859222412109375 0.00234222412109375 -0.0295848846435547 0.0155429840087891
0.088104248046875 0.0280685424804688 -0.0110692977905273 0.0112400054931641
0.079254150390625 0.0517578125 0.01055908203125 0.0371360778808594
0.0689239501953125 0.0614471435546875 0.0523414611816406 -0.0139732360839844
0.0671768188476563 0.0488319396972656 0.07843017578125 0.0139312744140625
0.08172607421875 0.028961181640625 0.0786590576171875 0.0110549926757813
0.0801849365234375 -0.00528717041015625 0.07958984375 -0.00940704345703125
0.0602073669433594 -0.0278244018554688 0.05511474609375 -0.0183601379394531
0.0384025573730469 -0.0550346374511719 0.0398330688476563 -0.019989013671875
0.0177383422851562 -0.0587348937988281 0.0290069580078125 -0.00308609008789063
0.0166473388671875 -0.0557098388671875 0.0275688171386719 0.0161228179931641
0.0102462768554688 -0.0641441345214844 0.0310211181640625 0.0368614196777344
0.0201072692871094 -0.0621376037597656 0.0115203857421875 0.0502662658691406
0.045379638671875 -0.0527229309082031 -0.00703048706054688 0.0561027526855469
0.0619697570800781 -0.0375251770019531 -0.0193557739257813 0.0359039306640625
0.0788803100585938 0.0076904296875 -0.0199928283691406 0.0213584899902344
0.0757904052734375 0.0341949462890625 0.0106239318847656 0.0158281326293945
0.0655975341796875 0.0513114929199219 0.0349845886230469 0.0544052124023438
0.0453147888183594 0.0503768920898438 0.0677947998046875 0.0108871459960938
0.0524940490722656 0.0406303405761719 0.0924530029296875 0.0246200561523438
0.0643081665039062 0.0242538452148437 0.0811843872070313 0.0147247314453125
0.0676803588867187 -0.00130844116210937 0.0732574462890625 -0.00054931640625
0.0508308410644531 -0.0157127380371094 0.0443840026855469 -0.00571060180664063
0.0380477905273438 -0.0403366088867188 0.0317020416259766 0.000553131103515623
0.0254402160644531 -0.0452423095703125 0.02740478515625 0.0191307067871094
0.0267219543457031 -0.0415611267089844 0.025848388671875 0.0328178405761719
0.0255584716796875 -0.0468254089355469 0.0249404907226562 0.0514373779296875
0.0289192199707031 -0.0409736633300781 0.00697708129882813 0.0629310607910156
0.0452957153320313 -0.0300102233886719 -0.01019287109375 0.0604820251464844
0.0542716979980469 -0.0184478759765625 -0.0167083740234375 0.0377120971679688
0.05877685546875 0.0179939270019531 -0.0144138336181641 0.0200710296630859
0.054351806640625 0.0365562438964844 0.0259952545166016 0.0191574096679688
0.0410804748535156 0.0468101501464844 0.053192138671875 0.074676513671875
0.0162162780761719 0.0294380187988281 0.0726089477539063 0.0217132568359375
0.026123046875 0.0262966156005859 0.0915145874023438 0.0311660766601563
0.0371475219726563 0.0175018310546875 0.0759048461914063 0.015838623046875
0.0374412536621094 0.00237655639648438 0.0624771118164063 0.004638671875
0.0308570861816406 -0.00695037841796875 0.0333251953125 0.0022125244140625
0.0315666198730469 -0.0154495239257813 0.0235481262207031 0.0127067565917969
0.0293769836425781 -0.0230751037597656 0.020477294921875 0.0327587127685547
0.0307159423828125 -0.02288818359375 0.0186386108398438 0.048065185546875
0.0339183807373047 -0.0244884490966797 0.0174942016601563 0.0651817321777344
0.0358848571777344 -0.0147705078125 -0.0012969970703125 0.0679512023925781
0.0400924682617187 -0.00400161743164062 -0.0148963928222656 0.0625801086425781
0.03863525390625 0.00386810302734375 -0.0229110717773438 0.039886474609375
0.0327014923095703 0.0289783477783203 -0.0142459869384766 0.0224723815917969
0.0237617492675781 0.0376014709472656 0.0286159515380859 0.0275936126708984
0.0120849609375 0.0359573364257813 0.0587081909179688 0.0873031616210938
-0.0126199722290039 0.00353717803955078 0.072601318359375 0.0220794677734375
-0.00369739532470703 0.00758504867553711 0.0864944458007813 0.0272369384765625
0.000384092330932617 0.00324249267578125 0.0685653686523437 0.0130653381347656
0.00138759613037109 0.00839757919311524 0.0524330139160156 0.00397109985351563
0.00455188751220703 0.0139780044555664 0.0287437438964844 0.00329017639160156
0.0201816558837891 0.0117778778076172 0.0174026489257813 0.0190982818603516
0.0292758941650391 0.00572776794433594 0.0136489868164062 0.04107666015625
0.030059814453125 0.00046539306640625 0.0119667053222656 0.0513534545898438
0.0365028381347656 0.000606536865234375 0.00378799438476564 0.0677223205566406
0.0311241149902344 0.00659751892089844 -0.016265869140625 0.0706329345703125
0.0269546508789063 0.0164852142333984 -0.0293998718261719 0.060760498046875
0.0190410614013672 0.0191440582275391 -0.0306320190429687 0.0369949340820313
0.00552558898925781 0.0283908843994141 -0.0208854675292969 0.0242252349853516
-0.00852394104003906 0.0285587310791016 0.0216903686523438 0.0356216430664063
-0.019805908203125 0.0198040008544922 0.0548248291015625 0.0977249145507812
0.0539054870605469 0.00603485107421875 -0.047393798828125 -0.0933456420898438
0.0284557342529297 -0.020538330078125 -0.0126419067382812 -0.0438995361328125
0.0118503570556641 -0.0256843566894531 0.0293521881103516 -0.0192031860351563
-0.000930786132812503 -0.0273971557617187 0.0484275817871094 -0.03399658203125
-0.0101261138916016 -0.0248775482177734 0.0473709106445313 -0.0511245727539063
-0.0290470123291016 -0.021728515625 0.0285797119140625 -0.0738296508789063
-0.0364990234375 -0.0184440612792969 0.0042877197265625 -0.0747756958007813
-0.0329837799072265 -0.0204067230224609 -0.00299453735351563 -0.0575180053710937
-0.0343742370605469 -0.0268039703369141 -0.0069122314453125 -0.0390853881835938
-0.0181350708007813 -0.0372161865234375 -0.0159721374511719 -0.0187797546386719
0.00664138793945312 -0.0396194458007813 -0.0276985168457031 -0.00165176391601563
0.0240631103515625 -0.0274028778076172 -0.04443359375 -0.00351333618164063
0.0349884033203125 -0.00411033630371094 -0.06488037109375 -0.00932693481445313
0.0409660339355469 0.00651168823242188 -0.0818405151367187 -0.0143966674804688
0.0471420288085937 0.0178680419921875 -0.0647697448730469 -0.0217704772949219
0.074188232421875 0.030975341796875 -0.0222015380859375 -0.0861358642578125
0.0492324829101563 -0.00054931640625 0.0110549926757813 -0.0409431457519531
0.0377311706542969 -0.00992965698242188 0.0445556640625 -0.0168647766113281
0.0255413055419922 -0.0230369567871094 0.062469482421875 -0.0329322814941406
0.0130558013916016 -0.0296821594238281 0.0581474304199219 -0.0474052429199219
-0.009765625 -0.0397834777832031 0.0406608581542969 -0.0674972534179688
-0.0257911682128906 -0.0410881042480469 0.0189056396484375 -0.0680274963378906
-0.0242271423339844 -0.0409889221191406 0.00889968872070312 -0.048797607421875
-0.0290031433105469 -0.0512771606445313 0.00467300415039063 -0.0280628204345703
-0.0104751586914062 -0.0615081787109375 -0.00825166702270508 -0.00609111785888672
0.023529052734375 -0.0591468811035156 -0.0211563110351563 0.0113582611083984
0.04852294921875 -0.040863037109375 -0.036712646484375 0.0063629150390625
0.065765380859375 -0.00048828125 -0.0542221069335937 0.00178146362304687
0.070892333984375 0.018218994140625 -0.0614395141601562 -0.00394821166992187
0.0715179443359375 0.03570556640625 -0.044036865234375 -0.00696563720703126
0.0858230590820313 0.0525588989257813 0.00594711303710938 -0.07012939453125
0.0658378601074219 0.0238151550292969 0.036590576171875 -0.0283279418945313
0.0624198913574219 0.010223388671875 0.0609321594238281 -0.0104904174804688
0.0526924133300781 -0.0161056518554687 0.0741729736328125 -0.0295791625976562
0.0375404357910156 -0.03125 0.0636329650878906 -0.0419044494628906
0.0115699768066406 -0.0528526306152344 0.0460472106933594 -0.0578689575195313
-0.0104179382324219 -0.0585212707519531 0.0280113220214844 -0.0551071166992188
-0.0118331909179688 -0.0572357177734375 0.0184364318847656 -0.0327224731445313
-0.0184326171875 -0.0679397583007813 0.0177631378173828 -0.00999641418457032
-0.00251007080078124 -0.0749664306640625 0.00227928161621094 0.0115289688110352
0.0349502563476563 -0.0726699829101562 -0.0135059356689453 0.0278396606445313
0.0624160766601562 -0.0528182983398437 -0.0288906097412109 0.0173778533935547
0.0846176147460937 -0.00052642822265625 -0.0409431457519531 0.0116233825683594
0.0901641845703125 0.0239410400390625 -0.0369148254394531 0.00526809692382813
0.085357666015625 0.0469284057617187 -0.0160732269287109 0.0112991333007813
0.0847625732421875 0.0667266845703125 0.0347251892089844 -0.0451164245605469
0.0753555297851563 0.0441818237304688 0.0615501403808594 -0.00959777832031249
0.0815658569335938 0.0240936279296875 0.0745010375976563 -0.00311279296875
0.0758819580078125 -0.0112075805664063 0.0816497802734375 -0.0234222412109375
0.0562934875488281 -0.0319786071777344 0.0632705688476563 -0.0327949523925781
0.0295906066894531 -0.060394287109375 0.0460319519042969 -0.0419425964355469
0.00415039062500001 -0.0665779113769531 0.0322990417480469 -0.0339584350585938
0.00125885009765625 -0.0645523071289063 0.0265922546386719 -0.0119895935058594
-0.00483703613281251 -0.075347900390625 0.0283584594726563 0.00851058959960937
0.00762176513671875 -0.0767364501953125 0.0112953186035156 0.0312919616699219
0.0426864624023438 -0.0712966918945312 -0.00582122802734375 0.0424957275390625
0.0679283142089844 -0.0537147521972656 -0.0221405029296875 0.0275993347167969
0.09136962890625 -0.00022125244140625 -0.0280628204345703 0.0177288055419922
0.0955734252929688 0.0277862548828125 -0.00970935821533203 0.0108375549316406
0.0857696533203125 0.0529251098632813 0.0142917633056641 0.0310382843017578
0.0706863403320313 0.0670852661132813 0.0574111938476563 -0.0173187255859375
0.0715866088867188 0.0511550903320312 0.0812835693359375 0.00832366943359375
0.0861740112304687 0.0311965942382812 0.082550048828125 0.00745391845703125
0.0845260620117188 -0.00727081298828125 0.0804824829101562 -0.0156097412109375
0.0629806518554688 -0.0298423767089844 0.0558700561523438 -0.0204887390136719
0.0398292541503906 -0.0589256286621094 0.0400009155273438 -0.0230026245117188
0.0183372497558594 -0.0651893615722656 0.0325374603271484 -0.00909233093261719
0.0159912109375 -0.0608024597167969 0.0294742584228516 0.0111446380615234
0.00998306274414063 -0.0698051452636719 0.0333671569824219 0.0311660766601562
0.0206222534179688 -0.0666656494140625 0.0156631469726563 0.0475120544433594
0.0480117797851563 -0.0581474304199219 -0.00107955932617187 0.054931640625
0.0658493041992188 -0.0415153503417969 -0.0156269073486328 0.0341758728027344
0.0839309692382812 0.00830841064453125 -0.0174827575683594 0.0195388793945313
0.0836334228515625 0.0341033935546875 0.0125837326049805 0.0135669708251953
0.071014404296875 0.05535888671875 0.0417823791503906 0.0510826110839844
0.0482444763183594 0.0556182861328125 0.0746917724609375 0.00690460205078125
0.0558433532714844 0.046478271484375 0.0955810546875 0.0235595703125
0.071563720703125 0.0281295776367187 0.08489990234375 0.0121994018554688
0.0720977783203125 -0.001922607421875 0.0728607177734375 -0.00567626953125
0.0550346374511719 -0.0214080810546875 0.0451812744140625 -0.00817108154296875
0.040130615234375 -0.0447654724121094 0.0315723419189453 -0.00141716003417969
0.0280265808105469 -0.0505561828613281 0.0272274017333984 0.0164566040039063
0.027374267578125 -0.0469436645507812 0.027496337890625 0.0315151214599609
0.0267181396484375 -0.0540351867675781 0.0294456481933594 0.0486488342285156
0.0323028564453125 -0.0471000671386719 0.0127220153808594 0.0604743957519531
0.0507965087890625 -0.03375244140625 -0.00417709350585937 0.060455322265625
0.0587196350097656 -0.0173683166503906 -0.0163154602050781 0.0377006530761719
0.0640983581542969 0.0232048034667969 -0.0103645324707031 0.0199832916259766
0.0583038330078125 0.0407218933105469 0.028717041015625 0.0179882049560547
0.0440559387207031 0.0527992248535156 0.0597381591796875 0.0718994140625
0.0171432495117187 0.0347251892089844 0.0817108154296875 0.0225143432617188
0.0277099609375 0.0317306518554688 0.0986099243164063 0.0301971435546875
0.0414085388183594 0.0204505920410156 0.0799942016601562 0.0138397216796875
0.0437164306640625 0.00361251831054688 0.0642814636230469 0.00137710571289063
0.0350914001464844 -0.00494575500488281 0.0347690582275391 0.00153350830078125
0.0343666076660156 -0.0207328796386719 0.0229053497314453 0.0140895843505859
0.0329113006591797 -0.02862548828125 0.0216846466064453 0.0336589813232422
0.0338363647460938 -0.0282173156738281 0.0218238830566406 0.0477485656738281
0.0372810363769531 -0.0317420959472656 0.0209159851074219 0.0622749328613281
0.0391883850097656 -0.0218315124511719 0.00123214721679687 0.0685577392578125
0.0464591979980469 -0.00677108764648438 -0.0131797790527344 0.0614356994628906
0.0466041564941406 0.00388717651367187 -0.020111083984375 0.039520263671875
0.0387725830078125 0.033203125 -0.0109405517578125 0.0215263366699219
0.0260810852050781 0.0433540344238281 0.0339279174804688 0.0268077850341797
0.0133171081542969 0.0425758361816406 0.0664825439453125 0.0885162353515625
-0.0160703659057617 0.00982093811035156 0.0796966552734375 0.0255279541015625
-0.00428104400634766 0.0123939514160156 0.0926437377929688 0.027374267578125
0.00075531005859375 0.0108118057250977 0.07012939453125 0.00911331176757813
0.00600147247314453 0.0121784210205078 0.05487060546875 0.00208282470703125
0.00971412658691406 0.013585090637207 0.0272502899169922 0.0032196044921875
0.0258445739746094 0.00975990295410156 0.0152187347412109 0.0200347900390625
0.0338344573974609 -0.00101470947265625 0.0141716003417969 0.0434608459472656
0.0360870361328125 -0.00307846069335938 0.0115394592285156 0.0561332702636719
0.0401992797851563 -0.00616073608398438 0.00719451904296876 0.0696372985839844
0.0377655029296875 0.00222396850585937 -0.013946533203125 0.0707550048828125
0.0343456268310547 0.0141944885253906 -0.0263557434082031 0.0596084594726563
0.0261039733886719 0.0211238861083984 -0.0285720825195312 0.0397071838378906
0.010345458984375 0.0352134704589844 -0.0191612243652344 0.0248908996582031
-0.00658035278320313 0.0374031066894531 0.0277824401855469 0.0367622375488281
-0.0201129913330078 0.0268287658691406 0.0611114501953125 0.101043701171875
0.0582923889160156 4.57763671875E-05 -0.0537796020507812 -0.0998764038085938
0.0274219512939453 -0.0261402130126953 -0.0168838500976562 -0.0472221374511719
0.00943565368652344 -0.0287189483642578 0.0283527374267578 -0.0200023651123047
-0.00657463073730468 -0.0286808013916016 0.0493507385253906 -0.0358848571777344
-0.0142459869384766 -0.0241603851318359 0.0497894287109375 -0.0532760620117188
-0.0335216522216797 -0.0178947448730469 0.029388427734375 -0.0770950317382813
-0.0396270751953125 -0.0146751403808594 0.00496673583984374 -0.08099365234375
-0.0355758666992187 -0.016754150390625 -0.00406646728515625 -0.0620689392089844
-0.0393486022949219 -0.0223274230957031 -0.00838851928710937 -0.0435829162597656
-0.0234413146972656 -0.0356941223144531 -0.0146770477294922 -0.0219593048095703
0.00151443481445313 -0.0414505004882813 -0.0267772674560547 -0.00311851501464844
0.0211448669433594 -0.0319328308105469 -0.0450897216796875 -0.00312042236328124
0.0365562438964844 -0.00946044921875 -0.0677299499511719 -0.00874328613281249
0.0450553894042969 9.918212890625E-05 -0.0883102416992188 -0.01544189453125
0.0526351928710938 0.0123786926269531 -0.0723648071289063 -0.0256576538085938
0.0799713134765625 0.0272140502929688 -0.0263137817382812 -0.09429931640625
0.0509834289550781 -0.0032806396484375 0.00822067260742188 -0.0458488464355469
0.0375328063964844 -0.0118560791015625 0.045166015625 -0.0182342529296875
0.0232658386230469 -0.0255374908447266 0.0639991760253906 -0.0352859497070313
0.0108509063720703 -0.0293140411376953 0.0609855651855469 -0.0500869750976562
-0.0132865905761719 -0.0378913879394531 0.042449951171875 -0.0724868774414063
-0.0282936096191406 -0.0396804809570313 0.0198287963867187 -0.07513427734375
-0.0272178649902344 -0.0409088134765625 0.00833892822265624 -0.054718017578125
-0.032989501953125 -0.0506172180175781 0.00478172302246093 -0.0333194732666016
-0.0153160095214844 -0.0616188049316406 -0.00624561309814453 -0.00994396209716797
0.0203094482421875 -0.06390380859375 -0.019378662109375 0.00908470153808593
0.0470008850097656 -0.0477714538574219 -0.0363807678222656 0.00546646118164063
0.069244384765625 -0.00635528564453125 -0.0541648864746094 0.00200271606445313
0.078216552734375 0.0131301879882813 -0.0660171508789062 -0.00546264648437501
0.079742431640625 0.0328445434570313 -0.048736572265625 -0.0125541687011719
0.0922317504882813 0.0526580810546875 0.00423431396484376 -0.0777435302734375
0.0690994262695313 0.0235824584960938 0.0351638793945313 -0.0341033935546875
0.0652389526367188 0.00844573974609375 0.0623931884765625 -0.0132293701171875
0.0546150207519531 -0.01885986328125 0.0767593383789063 -0.0330123901367188
0.0377769470214844 -0.0324249267578125 0.0670433044433594 -0.0455245971679687
0.0098419189453125 -0.0539321899414063 0.0489273071289063 -0.0631294250488281
-0.0129737854003906 -0.0601768493652344 0.0294036865234375 -0.0612220764160156
-0.0143661499023438 -0.0593605041503906 0.0196685791015625 -0.0388145446777344
-0.0224533081054688 -0.069915771484375 0.0182361602783203 -0.0172004699707031
-0.00615692138671875 -0.078369140625 0.00426054000854492 0.00759601593017578
0.0336532592773438 -0.078155517578125 -0.0110721588134766 0.0252323150634766
0.0629348754882813 -0.0600547790527344 -0.0277786254882813 0.0159893035888672
0.0908660888671875 -0.006256103515625 -0.040191650390625 0.0110015869140625
0.09906005859375 0.0208511352539063 -0.0389900207519531 0.002777099609375
0.0945358276367188 0.0469894409179688 -0.0179672241210937 0.00599288940429688
0.0919952392578125 0.0696487426757813 0.0358009338378906 -0.051910400390625
0.0796279907226563 0.0446929931640625 0.0625343322753906 -0.015899658203125
0.0875930786132813 0.0256729125976563 0.0768890380859375 -0.0039825439453125
0.0807571411132813 -0.0135650634765625 0.0846176147460938 -0.027008056640625
0.0590782165527344 -0.0342483520507813 0.0653343200683594 -0.0367927551269531
0.0296249389648438 -0.0639190673828125 0.0485877990722656 -0.0475502014160156
0.00421142578125001 -0.0716781616210938 0.0338058471679688 -0.03961181640625
0.000186920166015618 -0.0677909851074219 0.0269393920898438 -0.0176181793212891
-0.007354736328125 -0.0797195434570313 0.0302486419677734 0.00333213806152343
0.00493621826171876 -0.0814056396484375 0.0133914947509766 0.0262699127197266
0.0430374145507813 -0.07861328125 -0.0025482177734375 0.040130615234375
0.0702362060546875 -0.0603179931640625 -0.0191936492919922 0.0261383056640625
0.0976638793945313 -0.003326416015625 -0.0265750885009766 0.0157718658447266
0.104782104492188 0.0269775390625 -0.0109233856201172 0.00686359405517578
0.094696044921875 0.0559005737304688 0.0147056579589844 0.0256900787353516
0.0790786743164063 0.073333740234375 0.0628623962402344 -0.0229301452636719
0.078399658203125 0.0562362670898438 0.0861434936523438 0.00414276123046875
0.0935592651367187 0.0339508056640625 0.0867462158203125 0.00433349609375
0.0917892456054688 -0.00899505615234375 0.0839309692382813 -0.0182723999023438
0.06939697265625 -0.0319557189941406 0.0581321716308594 -0.0231285095214844
0.0417289733886719 -0.0640983581542969 0.0426368713378906 -0.0263137817382813
0.01849365234375 -0.0712966918945313 0.0337333679199219 -0.0126914978027344
0.0152587890625 -0.0665817260742188 0.0302886962890625 0.00712013244628906
0.00984191894531251 -0.076324462890625 0.0354766845703125 0.0256462097167969
0.0197982788085937 -0.0730514526367188 0.017547607421875 0.0439682006835938
0.0513992309570313 -0.0640907287597656 0.0018157958984375 0.0514373779296875
0.07122802734375 -0.047271728515625 -0.0139541625976562 0.0326995849609375
0.0916213989257813 0.00730133056640625 -0.0152053833007812 0.0180377960205078
0.0925827026367188 0.0356903076171875 0.0151481628417969 0.0100317001342773
0.079803466796875 0.060333251953125 0.0454788208007813 0.0472831726074219
0.053680419921875 0.0625114440917969 0.0830841064453125 0.00374603271484375
0.0618972778320313 0.052154541015625 0.10162353515625 0.0201263427734375
0.07861328125 0.0323333740234375 0.0889816284179688 0.0109634399414063
0.0803756713867188 -0.0037841796875 0.0771026611328125 -0.00856781005859375
0.0614089965820313 -0.0230484008789063 0.046630859375 -0.00913619995117188
0.0450096130371094 -0.0506477355957031 0.0332546234130859 -0.00286293029785157
0.0293998718261719 -0.0584983825683594 0.0299129486083984 0.0150184631347656
0.0286026000976563 -0.0541763305664063 0.0290966033935547 0.0301971435546875
0.028106689453125 -0.0616455078125 0.0327644348144531 0.0469474792480469
0.0346870422363281 -0.0522651672363281 0.0135726928710938 0.0590095520019531
0.0565109252929688 -0.0383262634277344 -0.00183486938476563 0.0586204528808594
0.0669059753417969 -0.0214195251464844 -0.013275146484375 0.0364646911621094
0.0713653564453125 0.0249176025390625 -0.0089435577392578 0.0188770294189453
0.0655632019042969 0.0458641052246094 0.0322628021240234 0.0169620513916016
0.0506477355957031 0.0594596862792969 0.065826416015625 0.0699996948242188
0.0197105407714844 0.0416412353515625 0.0916824340820312 0.0211029052734375
0.0313186645507813 0.0376014709472656 0.106399536132813 0.029571533203125
0.0454254150390625 0.0248947143554688 0.0846328735351563 0.0114669799804688
0.0498924255371094 0.00380706787109375 0.065948486328125 -0.000545501708984375
0.0406074523925781 -0.00657272338867188 0.0349788665771484 0.001434326171875
0.0395278930664063 -0.0256309509277344 0.0239028930664063 0.0153408050537109
0.0351676940917969 -0.0358619689941406 0.0233840942382813 0.0358390808105469
0.036376953125 -0.0341949462890625 0.0228309631347656 0.0491065979003906
0.0396499633789063 -0.0395050048828125 0.0224533081054688 0.0633049011230469
0.0432701110839844 -0.0282516479492187 0.00246429443359375 0.0679931640625
0.0537071228027344 -0.0106048583984375 -0.0121078491210938 0.0611076354980469
0.0534133911132813 0.00432205200195312 -0.0178260803222656 0.0384178161621094
0.0447769165039063 0.0381660461425781 -0.00882530212402344 0.020782470703125
0.0309333801269531 0.0503768920898438 0.0384635925292969 0.0269966125488281
0.0155868530273437 0.05108642578125 0.0735855102539063 0.090606689453125
-0.0174016952514648 0.0156469345092773 0.0881805419921875 0.027313232421875
-0.00473594665527344 0.0188789367675781 0.0998764038085937 0.0272369384765625
0.00301074981689453 0.0160465240478516 0.0742950439453125 0.00783538818359375
0.0116415023803711 0.0145435333251953 0.0557212829589844 0.00150299072265625
0.0151462554931641 0.0140218734741211 0.0266971588134766 0.00449752807617188
0.0304489135742188 0.00628662109375 0.0153980255126953 0.0234317779541016
0.0371627807617188 -0.00558090209960938 0.0152664184570313 0.0472030639648438
0.0391616821289062 -0.00933837890625 0.0134048461914062 0.0595283508300781
0.0445289611816406 -0.0133934020996094 0.00753021240234375 0.0731353759765625
0.0422821044921875 -0.00313568115234375 -0.0142974853515625 0.0721588134765625
0.0416412353515625 0.0123100280761719 -0.0263252258300781 0.0596199035644531
0.0335102081298828 0.0215835571289063 -0.0282363891601563 0.0394554138183594
0.0159797668457031 0.0408172607421875 -0.0168781280517578 0.0241470336914063
-0.00420761108398438 0.0445175170898438 0.0308303833007813 0.0378074645996094
-0.0206661224365234 0.0332984924316406 0.0677947998046875 0.105010986328125
0.0621719360351563 -0.00605010986328125 -0.0632476806640625 -0.106201171875
0.0255069732666016 -0.0326213836669922 -0.0226669311523438 -0.0507125854492188
0.00487327575683593 -0.0333023071289063 0.0287208557128906 -0.0214271545410156
-0.0116615295410156 -0.0300178527832031 0.0510139465332031 -0.0376358032226563
-0.0190200805664062 -0.0228729248046875 0.0526046752929688 -0.0574111938476563
-0.0370674133300781 -0.0134086608886719 0.0300369262695313 -0.0833816528320313
-0.0424270629882812 -0.0100517272949219 0.00351715087890625 -0.0880355834960938
-0.0393142700195313 -0.012420654296875 -0.00646972656250001 -0.068695068359375
-0.043487548828125 -0.0182533264160156 -0.0109367370605469 -0.0493011474609375
-0.0284233093261719 -0.0334548950195313 -0.0153484344482422 -0.0262069702148438
-0.0043792724609375 -0.0429573059082031 -0.0272693634033203 -0.00516319274902344
0.0170974731445313 -0.0365028381347656 -0.0469703674316406 -0.002899169921875
0.0375556945800781 -0.0164794921875 -0.0718994140625 -0.00738525390625001
0.0487327575683594 -0.00630569458007812 -0.0966720581054688 -0.0145416259765625
0.0590896606445312 0.00651168823242188 -0.0832443237304688 -0.02899169921875
0.087615966796875 0.024200439453125 -0.0332183837890625 -0.103805541992188
0.0533905029296875 -0.007720947265625 0.0037384033203125 -0.0509605407714844
0.0379104614257813 -0.0151634216308594 0.0456809997558594 -0.0213623046875
0.0209598541259766 -0.0272693634033203 0.0659713745117188 -0.0392532348632813
0.0085296630859375 -0.0294437408447266 0.0635490417480469 -0.0549087524414062
-0.0162887573242187 -0.0366744995117187 0.0436248779296875 -0.0797348022460938
-0.031646728515625 -0.0389785766601563 0.0186920166015625 -0.0836715698242188
-0.0306968688964844 -0.0402336120605469 0.00648880004882812 -0.0615043640136719
-0.0380973815917969 -0.0493888854980469 0.00304794311523437 -0.040374755859375
-0.0198974609375 -0.0628166198730469 -0.0065765380859375 -0.0149450302124023
0.0156898498535156 -0.068817138671875 -0.0188674926757813 0.00668144226074218
0.0455055236816406 -0.0550193786621094 -0.03729248046875 0.00452804565429688
0.0729446411132813 -0.0133438110351563 -0.0564498901367187 0.00282287597656249
0.0857772827148437 0.00670623779296875 -0.0727157592773438 -0.00589752197265624
0.0893173217773437 0.02899169921875 -0.0566215515136719 -0.016326904296875
0.102005004882813 0.0522842407226563 0.00151824951171876 -0.0879135131835938
0.0749130249023437 0.0219955444335937 0.0338020324707031 -0.0401496887207031
0.0696372985839844 0.00680160522460937 0.0635833740234375 -0.0162925720214844
0.0564346313476563 -0.0211906433105469 0.0801925659179688 -0.037750244140625
0.0385818481445313 -0.0349884033203125 0.0703887939453125 -0.050628662109375
0.00814437866210938 -0.0558853149414063 0.0506439208984375 -0.0716476440429688
-0.0151596069335937 -0.0625839233398438 0.0291252136230469 -0.0701789855957031
-0.0181388854980469 -0.0617790222167969 0.0182647705078125 -0.04595947265625
-0.0276336669921875 -0.0734405517578125 0.0180721282958984 -0.0236835479736328
-0.0111160278320313 -0.082122802734375 0.00486087799072266 0.00246858596801757
0.0300979614257812 -0.085052490234375 -0.00986099243164063 0.0221214294433594
0.0630722045898437 -0.0683631896972656 -0.0277767181396484 0.0147056579589844
0.0983047485351563 -0.0127182006835938 -0.0403480529785156 0.0110130310058594
0.109062194824219 0.015716552734375 -0.0421714782714844 0.001220703125
0.106658935546875 0.045501708984375 -0.0216941833496094 0.00123214721679688
0.10284423828125 0.0729293823242188 0.0361900329589844 -0.0611915588378906
0.0884246826171875 0.0466537475585938 0.0637283325195313 -0.0226898193359375
0.0952606201171875 0.0247268676757813 0.079803466796875 -0.007171630859375
0.086090087890625 -0.0170745849609375 0.0878829956054688 -0.0324325561523438
0.0632972717285156 -0.0379867553710937 0.0684928894042969 -0.0410041809082031
0.02996826171875 -0.0695343017578125 0.0502243041992187 -0.0548286437988281
0.00220489501953125 -0.0782546997070313 0.0339431762695313 -0.0472526550292969
-0.00223541259765625 -0.0733489990234375 0.0270156860351563 -0.0230350494384766
-0.0117874145507813 -0.085693359375 0.030487060546875 -0.00205230712890626
0.00168609619140626 -0.088653564453125 0.0151233673095703 0.0223922729492187
0.0420379638671875 -0.0869674682617188 -0.000328063964843744 0.0376510620117187
0.0729141235351563 -0.06976318359375 -0.0184383392333984 0.0230503082275391
0.107582092285156 -0.0091094970703125 -0.0257720947265625 0.0145282745361328
0.115974426269531 0.02386474609375 -0.0114145278930664 0.00320148468017578
0.107498168945313 0.0574798583984375 0.0155925750732422 0.0217723846435547
0.0892105102539062 0.0781936645507813 0.0684089660644531 -0.0302619934082031
0.0877838134765625 0.05902099609375 0.0909194946289063 -0.00113677978515625
0.104217529296875 0.0346450805664063 0.0910568237304688 0.00139617919921875
0.100090026855469 -0.013336181640625 0.0877914428710938 -0.0225296020507812
0.0744781494140625 -0.0371856689453125 0.0607566833496094 -0.0265960693359375
0.0430755615234375 -0.0710601806640625 0.0444602966308594 -0.0306777954101563
0.01715087890625 -0.079925537109375 0.0348243713378906 -0.0175342559814453
0.0139236450195312 -0.07415771484375 0.0312023162841797 0.00320243835449218
0.00748443603515626 -0.0848388671875 0.0376167297363281 0.0218467712402344
0.0186309814453125 -0.0806884765625 0.0194015502929688 0.041656494140625
0.0536346435546875 -0.0732879638671875 0.0045928955078125 0.0499916076660156
0.0771560668945313 -0.0556106567382813 -0.0122833251953125 0.0308895111083984
0.101730346679688 0.00469207763671875 -0.0132589340209961 0.0159511566162109
0.104583740234375 0.0356826782226563 0.0160379409790039 0.00748634338378906
0.0904617309570313 0.0648040771484375 0.0493850708007813 0.0444755554199219
0.0620307922363281 0.0687828063964844 0.0917587280273438 -0.000938415527343746
0.0694160461425781 0.056610107421875 0.109603881835937 0.015838623046875
0.0892410278320313 0.0350418090820313 0.0950469970703125 0.0068359375
0.0890655517578125 -0.0069732666015625 0.0798797607421875 -0.0119094848632813
0.0678520202636719 -0.0285415649414062 0.048553466796875 -0.0111846923828125
0.047393798828125 -0.0589752197265625 0.03515625 -0.00439453125
0.028839111328125 -0.0675811767578125 0.0319805145263672 0.0134334564208984
0.0282020568847656 -0.0624313354492188 0.0303840637207031 0.0301246643066406
0.027069091796875 -0.0712203979492188 0.0353889465332031 0.0454673767089844
0.0361976623535156 -0.0613861083984375 0.0154762268066406 0.0570030212402344
0.0620498657226563 -0.0466804504394531 -0.000469207763671871 0.0580368041992188
0.0745315551757812 -0.0271759033203125 -0.0118408203125 0.035552978515625
0.0821914672851563 0.0258407592773438 -0.00639629364013671 0.0170879364013672
0.0759353637695313 0.0504608154296875 0.03662109375 0.0141067504882813
0.0588226318359375 0.0673675537109375 0.0732879638671875 0.0692825317382813
0.0239105224609375 0.0483055114746094 0.103164672851563 0.0199356079101563
0.0357208251953125 0.0440444946289063 0.115882873535156 0.0264663696289063
0.052703857421875 0.0295028686523438 0.0900344848632813 0.00818634033203125
0.0582542419433594 0.00292587280273438 0.0692062377929688 -0.00284194946289063
0.047698974609375 -0.00964736938476563 0.0361099243164063 0.00169754028320312
0.0434646606445313 -0.0329017639160156 0.0253982543945313 0.0160598754882812
0.0367469787597656 -0.0439872741699219 0.0269508361816406 0.0377159118652344
0.0374069213867188 -0.0423965454101563 0.0256919860839844 0.0505256652832031
0.0414695739746094 -0.0495262145996094 0.0249481201171875 0.0648880004882813
0.0467453002929688 -0.0363426208496094 0.00335311889648438 0.0695114135742187
0.0606689453125 -0.0164718627929688 -0.0115242004394531 0.0614662170410156
0.06207275390625 0.000713348388671875 -0.0168724060058594 0.0380134582519531
0.0534858703613281 0.0423622131347656 -0.00696563720703125 0.0207843780517578
0.0384025573730469 0.0576972961425781 0.0434112548828125 0.0260696411132813
0.01959228515625 0.0597038269042969 0.0831985473632813 0.092254638671875
-0.0183753967285156 0.0223865509033203 0.1004638671875 0.0270767211914063
-0.00419044494628907 0.0253162384033203 0.110870361328125 0.0263519287109375
0.00732612609863281 0.0212306976318359 0.07958984375 0.00551605224609375
0.0176258087158203 0.0166683197021484 0.0572853088378906 -0.000122070312499999
0.0202541351318359 0.0146064758300781 0.0266571044921875 0.00560951232910156
0.0348892211914063 0.00102996826171875 0.0162563323974609 0.0272159576416016
0.0407333374023438 -0.0122489929199219 0.0183525085449219 0.0517616271972656
0.0410690307617188 -0.0155754089355469 0.016265869140625 0.0634346008300781
0.0477523803710938 -0.0215110778808594 0.009521484375 0.078704833984375
0.0466461181640625 -0.00981903076171875 -0.0143966674804687 0.0757369995117188
0.0485916137695313 0.00806045532226563 -0.0271530151367187 0.0627555847167969
0.0421295166015625 0.0208702087402344 -0.0275802612304688 0.0402183532714844
0.0217018127441406 0.0463829040527344 -0.0156211853027344 0.0251922607421875
-0.000782012939453122 0.0519256591796875 0.036102294921875 0.0400390625
-0.0199470520019531 0.0421905517578125 0.0772323608398438 0.1107177734375
0.0651931762695312 -0.0143814086914062 -0.076202392578125 -0.113235473632813
0.0227546691894531 -0.0393218994140625 -0.0302391052246094 -0.0532302856445312
0.000202178955078126 -0.0375938415527344 0.02838134765625 -0.0227870941162109
-0.0185718536376953 -0.0303993225097656 0.0519752502441406 -0.0420341491699219
-0.0241947174072266 -0.0205764770507812 0.0543251037597656 -0.0641136169433594
-0.0408363342285156 -0.00782394409179687 0.0286331176757812 -0.0908584594726563
-0.0456352233886719 -0.00429534912109374 -0.00177764892578125 -0.0968399047851563
-0.0422515869140625 -0.00725936889648437 -0.01153564453125 -0.07574462890625
-0.0476913452148438 -0.0124549865722656 -0.0158805847167969 -0.0561103820800781
-0.0339031219482422 -0.0309391021728516 -0.0181255340576172 -0.0305614471435547
-0.0111770629882813 -0.04437255859375 -0.0289173126220703 -0.00688934326171875
0.0117912292480469 -0.0400657653808594 -0.0503158569335938 -0.00185394287109375
0.0369186401367188 -0.0243072509765625 -0.0766677856445313 -0.00418090820312501
0.0516128540039063 -0.0155181884765625 -0.107200622558594 -0.01043701171875
0.0644645690917969 -0.00081634521484375 -0.096466064453125 -0.0294113159179687
0.0963287353515625 0.0181503295898437 -0.0440597534179687 -0.112632751464844
0.0550308227539063 -0.0132598876953125 -0.00214004516601563 -0.0559158325195313
0.0376663208007813 -0.0191764831542969 0.0461692810058594 -0.024749755859375
0.0184764862060547 -0.0293922424316406 0.0683174133300781 -0.0444831848144531
0.00583076477050781 -0.0304546356201172 0.0664596557617188 -0.0630073547363281
-0.0195446014404297 -0.0348339080810547 0.0436019897460938 -0.0899581909179688
-0.0356559753417969 -0.0372276306152344 0.01458740234375 -0.0945358276367188
-0.034881591796875 -0.0378227233886719 0.0015869140625 -0.0705490112304687
-0.0442771911621094 -0.0478401184082031 -0.00116348266601563 -0.0480270385742188
-0.0271759033203125 -0.0631065368652344 -0.00787734985351563 -0.0198955535888672
0.00901031494140624 -0.073699951171875 -0.0192394256591797 0.00366592407226562
0.0415916442871094 -0.0634193420410156 -0.0389823913574219 0.00475311279296874
0.0776748657226563 -0.0229873657226563 -0.0592689514160156 0.00466918945312499
0.0931777954101562 -0.00307464599609375 -0.080078125 -0.00391387939453126
0.100120544433594 0.02203369140625 -0.0677986145019531 -0.0180702209472656
0.114837646484375 0.0496749877929688 -0.00573730468749999 -0.098907470703125
0.0821075439453125 0.0184860229492188 0.0303573608398438 -0.0471038818359375
0.0753555297851563 0.00341033935546875 0.0660476684570312 -0.0205116271972656
0.0582542419433594 -0.0265884399414063 0.0828475952148438 -0.0446929931640625
0.0390625 -0.0382728576660156 0.072601318359375 -0.0580291748046875
0.00568008422851563 -0.0590553283691406 0.0511856079101562 -0.0814056396484375
-0.0206413269042969 -0.0654144287109375 0.0261764526367188 -0.0807876586914063
-0.0230064392089844 -0.0640335083007813 0.0146560668945312 -0.0538673400878906
-0.034515380859375 -0.0758056640625 0.0158233642578125 -0.0317592620849609
-0.018280029296875 -0.085601806640625 0.00449323654174805 -0.0026235580444336
0.024749755859375 -0.093505859375 -0.00822257995605469 0.0190505981445312
0.0614471435546875 -0.0799560546875 -0.0284061431884766 0.0133705139160156
0.104377746582031 -0.023529052734375 -0.0421218872070312 0.0120010375976563
0.119873046875 0.00594329833984375 -0.0471153259277344 0.000801086425781246
0.120246887207031 0.0410003662109375 -0.0278873443603516 -0.0023040771484375
0.117324829101563 0.0724334716796875 0.0342636108398438 -0.0727005004882813
0.099212646484375 0.0458755493164063 0.0643768310546875 -0.0301437377929687
0.106864929199219 0.0220947265625 0.0833663940429688 -0.0128326416015625
0.092987060546875 -0.023956298828125 0.0911331176757813 -0.0394363403320313
0.0662994384765625 -0.0453453063964844 0.071746826171875 -0.0478897094726562
0.027862548828125 -0.0763320922851563 0.0509490966796875 -0.0628128051757813
-0.00351715087890625 -0.0843505859375 0.0328292846679687 -0.0562820434570313
-0.00711822509765625 -0.0792999267578125 0.0251026153564453 -0.0294456481933594
-0.0188064575195312 -0.0920257568359375 0.0305099487304688 -0.00917434692382813
-0.00497436523437499 -0.0954055786132813 0.0156822204589844 0.0175857543945312
0.038909912109375 -0.097900390625 0.000957489013671874 0.0342483520507812
0.07318115234375 -0.0825881958007813 -0.0188045501708984 0.0221099853515625
0.116607666015625 -0.0185775756835938 -0.0255775451660156 0.0140972137451172
0.128753662109375 0.016326904296875 -0.013392448425293 0.00182723999023438
0.123031616210937 0.0556716918945312 0.0144901275634766 0.0177059173583984
0.103645324707031 0.0816497802734375 0.0722732543945313 -0.0405807495117188
0.100242614746094 0.0604019165039063 0.0950393676757813 -0.00853729248046875
0.118522644042969 0.0320358276367188 0.0961227416992188 -0.00441741943359375
0.108627319335938 -0.0211868286132812 0.0914306640625 -0.02874755859375
0.0795364379882813 -0.046112060546875 0.0632362365722656 -0.0314102172851563
0.042236328125 -0.0814743041992187 0.0454063415527344 -0.0375022888183594
0.01263427734375 -0.089385986328125 0.0351047515869141 -0.0242462158203125
0.00904083251953124 -0.083038330078125 0.0315265655517578 -0.000871658325195318
0.000770568847656243 -0.094451904296875 0.0391921997070313 0.0166854858398437
0.0139007568359375 -0.0899810791015625 0.0224037170410156 0.0387763977050781
0.05316162109375 -0.08514404296875 0.0064849853515625 0.0482444763183594
0.0804519653320313 -0.0675201416015625 -0.0118236541748047 0.0291423797607422
0.11309814453125 -0.0023956298828125 -0.0123109817504883 0.0143156051635742
0.11865234375 0.0319442749023438 0.0180435180664063 0.00289726257324219
0.106277465820312 0.066925048828125 0.0541038513183594 0.0402984619140625
0.0739288330078125 0.074066162109375 0.101669311523438 -0.010040283203125
0.0809097290039062 0.0601577758789062 0.11859130859375 0.0090789794921875
0.1021728515625 0.0340194702148438 0.100906372070313 0.00183868408203125
0.0980987548828125 -0.0147171020507812 0.0838623046875 -0.0170669555664063
0.073394775390625 -0.03662109375 0.0512161254882813 -0.0129318237304688
0.0469245910644531 -0.0694427490234375 0.0372238159179688 -0.007476806640625
0.0268478393554688 -0.078704833984375 0.0345935821533203 0.0105724334716797
0.0257186889648437 -0.0730819702148437 0.0321884155273438 0.0289230346679687
0.0239639282226562 -0.083282470703125 0.0381126403808594 0.04388427734375
0.0344390869140625 -0.0715255737304688 0.017822265625 0.0566444396972656
0.0650672912597656 -0.0579376220703125 0.00194549560546876 0.0572128295898437
0.0806350708007812 -0.0366134643554687 -0.0106067657470703 0.0340042114257813
0.0948486328125 0.0230178833007812 -0.00525093078613281 0.0158414840698242
0.08868408203125 0.0514450073242188 0.0402793884277344 0.00998687744140626
0.07086181640625 0.072845458984375 0.082183837890625 0.0664520263671875
0.0311088562011719 0.0553703308105469 0.116294860839844 0.0138397216796875
0.0438652038574219 0.0490837097167969 0.128021240234375 0.0203475952148438
0.0628166198730469 0.0310211181640625 0.0958023071289062 0.003814697265625
0.0667037963867187 -0.00093841552734375 0.0729217529296875 -0.0072174072265625
0.0539932250976563 -0.0151405334472656 0.0378875732421875 0.000713348388671874
0.0450706481933594 -0.0422134399414063 0.0283317565917969 0.0165691375732422
0.0358428955078125 -0.053863525390625 0.0302772521972656 0.039093017578125
0.0367546081542969 -0.0524787902832031 0.0295333862304688 0.0529212951660156
0.0401687622070313 -0.060821533203125 0.0293807983398438 0.0669174194335938
0.0475997924804688 -0.0460853576660156 0.00508117675781251 0.0717620849609375
0.0667457580566406 -0.0262680053710938 -0.00982284545898438 0.0634384155273438
0.07122802734375 -0.0055694580078125 -0.0164260864257812 0.03790283203125
0.0652999877929687 0.0436935424804687 -0.00520133972167968 0.0199699401855469
0.0491142272949219 0.062591552734375 0.0495986938476563 0.02313232421875
0.0279350280761719 0.068145751953125 0.0952911376953125 0.0922393798828125
-0.0170669555664062 0.0293083190917969 0.114952087402344 0.0233306884765625
-0.000640869140624999 0.0326328277587891 0.123054504394531 0.0209197998046875
0.0123958587646484 0.0268192291259766 0.085174560546875 0.000801086425781252
0.0243644714355469 0.0160980224609375 0.0606765747070313 -0.00230026245117187
0.0260391235351563 0.0118618011474609 0.0276470184326172 0.00644683837890625
0.0390205383300781 -0.00510406494140625 0.0198040008544922 0.030548095703125
0.0427589416503906 -0.0206642150878906 0.0240287780761719 0.0565643310546875
0.0422630310058594 -0.0242500305175781 0.0213623046875 0.0685806274414063
0.0486259460449219 -0.0308876037597656 0.0137100219726563 0.0832366943359375
0.0497474670410156 -0.0188865661621094 -0.0127105712890625 0.0813369750976563
0.0556106567382813 0.00139617919921875 -0.0265769958496094 0.0661430358886719
0.0500946044921875 0.0178413391113281 -0.0267677307128906 0.0418128967285156
0.0304832458496094 0.0505256652832031 -0.0139560699462891 0.0258007049560547
0.00583267211914063 0.0598907470703125 0.0438346862792969 0.0399742126464844
-0.01708984375 0.0514717102050781 0.0912933349609375 0.113014221191406
0.0655975341796875 -0.0244827270507812 -0.092864990234375 -0.113761901855469
0.0171432495117187 -0.0458602905273438 -0.0397453308105469 -0.0522956848144531
-0.0068206787109375 -0.0408172607421875 0.0269241333007813 -0.024932861328125
-0.0259456634521484 -0.0279293060302734 0.0516510009765625 -0.0471649169921875
-0.028411865234375 -0.0164375305175781 0.0523681640625 -0.0720443725585938
-0.0424575805664063 -0.000629425048828116 0.023956298828125 -0.0989761352539063
-0.0468864440917969 0.00260162353515625 -0.0101089477539063 -0.103851318359375
-0.0433616638183594 -0.000400543212890631 -0.01983642578125 -0.080963134765625
-0.0496978759765625 -0.00428009033203125 -0.0236778259277344 -0.0600852966308594
-0.0388069152832031 -0.02490234375 -0.0220909118652344 -0.0338935852050781
-0.0187149047851563 -0.0419464111328125 -0.0309352874755859 -0.00770759582519531
0.00492095947265626 -0.0434226989746094 -0.05206298828125 0.000770568847656254
0.0343074798583984 -0.0327720642089844 -0.0798873901367187 0.000953674316406232
0.0517654418945313 -0.0259971618652344 -0.116157531738281 -0.00159454345703125
0.0678520202636719 -0.011993408203125 -0.110923767089844 -0.0228652954101562
0.10284423828125 0.008544921875 -0.0598678588867187 -0.118255615234375
0.0548439025878906 -0.0201187133789063 -0.0110282897949219 -0.0591011047363281
0.0361289978027344 -0.02435302734375 0.0455093383789063 -0.028472900390625
0.0141677856445313 -0.0313472747802734 0.0680923461914063 -0.0522956848144531
0.00355339050292969 -0.0303630828857422 0.065155029296875 -0.0714874267578125
-0.0231266021728516 -0.0321540832519531 0.0387420654296875 -0.0995635986328125
-0.0400924682617187 -0.0338134765625 0.00537109374999999 -0.1036376953125
-0.0395278930664063 -0.0353012084960938 -0.00653076171875 -0.07659912109375
-0.0508003234863281 -0.0435142517089844 -0.00828552246093751 -0.0543098449707031
-0.0344200134277344 -0.0612602233886719 -0.0112361907958984 -0.0244350433349609
-0.000190734863281242 -0.07696533203125 -0.0203571319580078 0.00176811218261718
0.0345458984375 -0.070770263671875 -0.0405426025390625 0.00567626953125
0.0780410766601563 -0.0345382690429688 -0.0610733032226562 0.00833892822265625
0.0976943969726563 -0.0163040161132813 -0.086822509765625 0.00165557861328124
0.109230041503906 0.0106430053710938 -0.0787353515625 -0.0155105590820313
0.126480102539063 0.0411605834960938 -0.0183639526367187 -0.106636047363281
0.0875473022460938 0.0119552612304688 0.0236587524414063 -0.0537796020507813
0.0804672241210938 -0.00310516357421875 0.066314697265625 -0.0266799926757813
0.0581474304199219 -0.0324897766113281 0.0829620361328125 -0.0529861450195313
0.0380172729492188 -0.0425071716308594 0.0724716186523438 -0.0680618286132813
0.000595092773437503 -0.0610084533691406 0.046112060546875 -0.0920028686523438
-0.02740478515625 -0.066375732421875 0.0182342529296875 -0.09027099609375
-0.029693603515625 -0.0647964477539063 0.0085296630859375 -0.0602951049804688
-0.043701171875 -0.0758743286132812 0.0101280212402344 -0.038848876953125
-0.027435302734375 -0.0879974365234375 0.0019378662109375 -0.00782871246337891
0.0150909423828125 -0.100761413574219 -0.00848865509033203 0.0161409378051758
0.05487060546875 -0.0911941528320312 -0.0299606323242187 0.0129280090332031
0.1080322265625 -0.0377197265625 -0.0427055358886719 0.0130119323730469
0.1282958984375 -0.00797271728515625 -0.0517005920410156 0.00195693969726564
0.133644104003906 0.0297698974609375 -0.0359764099121094 -0.00257492065429688
0.1326904296875 0.0668716430664063 0.0278396606445313 -0.0828323364257813
0.110404968261719 0.0391921997070313 0.0613441467285156 -0.0381622314453125
0.116935729980469 0.0135498046875 0.084991455078125 -0.01983642578125
0.0961074829101562 -0.0345382690429688 0.09130859375 -0.0484848022460938
0.0670585632324219 -0.0537261962890625 0.0710296630859375 -0.0569915771484375
0.0228424072265625 -0.0826644897460938 0.0477828979492188 -0.07305908203125
-0.01165771484375 -0.0895004272460938 0.0270347595214844 -0.0646743774414063
-0.0154495239257812 -0.0844345092773438 0.02117919921875 -0.0354461669921875
-0.0304489135742187 -0.0963211059570312 0.0276775360107422 -0.0160636901855469
-0.014312744140625 -0.100090026855469 0.0155849456787109 0.0127429962158203
0.0302886962890625 -0.108146667480469 0.00260543823242188 0.0312652587890625
0.06854248046875 -0.0960922241210938 -0.0185661315917969 0.0209484100341797
0.122589111328125 -0.0330352783203125 -0.0254268646240234 0.0141506195068359
0.1402587890625 0.0032501220703125 -0.015594482421875 -0.000507354736328125
0.138984680175781 0.04718017578125 0.0119285583496094 0.0132360458374023
0.120216369628906 0.0781707763671875 0.071868896484375 -0.0525665283203125
0.11370849609375 0.0560836791992188 0.0971603393554688 -0.01885986328125
0.131355285644531 0.023529052734375 0.0993576049804688 -0.0123062133789063
0.113990783691406 -0.0342636108398437 0.0925369262695313 -0.0377731323242188
0.0814361572265625 -0.0569610595703125 0.0639419555664063 -0.0384979248046875
0.03729248046875 -0.0913772583007813 0.0441436767578125 -0.0445747375488281
0.00403594970703124 -0.0979156494140625 0.0335140228271484 -0.0300197601318359
0.00112152099609374 -0.0909347534179688 0.0307941436767578 -0.00450897216796876
-0.00975036621093749 -0.102386474609375 0.039459228515625 0.0110702514648437
0.0054473876953125 -0.0980987548828125 0.0229682922363281 0.0343837738037109
0.0475387573242187 -0.09735107421875 0.00917434692382813 0.0449333190917969
0.0791397094726562 -0.0816574096679688 -0.0112876892089844 0.0271377563476563
0.122314453125 -0.0141143798828125 -0.0114583969116211 0.0126628875732422
0.131446838378906 0.0231170654296875 0.0180587768554688 -0.00191688537597656
0.122306823730469 0.062255859375 0.0575370788574219 0.0338821411132813
0.0881805419921875 0.0742950439453125 0.107261657714844 -0.0219573974609375
0.0937347412109375 0.0583114624023438 0.1251220703125 -0.002288818359375
0.115097045898438 0.0274810791015625 0.104904174804688 -0.0070037841796875
0.105720520019531 -0.0261459350585938 0.0859527587890625 -0.0246734619140625
0.076934814453125 -0.0470199584960938 0.0523262023925781 -0.0172920227050781
0.0435256958007812 -0.0807571411132813 0.0380020141601563 -0.0114021301269531
0.0194168090820312 -0.0885009765625 0.03662109375 0.00747299194335937
0.0192337036132813 -0.0830917358398438 0.0358238220214844 0.0266532897949219
0.014251708984375 -0.0936279296875 0.0411262512207031 0.0405158996582031
0.0282974243164063 -0.081573486328125 0.0206298828125 0.055267333984375
0.063934326171875 -0.070587158203125 0.00529861450195313 0.0561332702636719
0.084381103515625 -0.0501632690429688 -0.00945281982421875 0.0319805145263672
0.105781555175781 0.0158462524414063 -0.00345611572265624 0.0137109756469727
0.102584838867188 0.0479583740234375 0.0435523986816406 0.00379180908203125
0.0870208740234375 0.0739288330078125 0.0916671752929688 0.0595321655273438
0.039764404296875 0.0589179992675781 0.127212524414063 0.00213623046875
0.054046630859375 0.0510406494140625 0.137580871582031 0.00827789306640625
0.073394775390625 0.0296096801757813 0.100433349609375 -0.0047760009765625
0.074676513671875 -0.0082550048828125 0.0746688842773438 -0.0128402709960938
0.0579605102539062 -0.0234756469726562 0.0401802062988281 -0.000511169433593751
0.0437850952148438 -0.052734375 0.0313777923583984 0.0158214569091797
0.03125 -0.0646095275878906 0.0366249084472656 0.0386581420898437
0.0319137573242187 -0.0626487731933594 0.0352783203125 0.0534706115722656
0.033843994140625 -0.072509765625 0.0354499816894531 0.06671142578125
0.0445632934570312 -0.0573043823242187 0.0085906982421875 0.0727920532226563
0.0689163208007813 -0.0386314392089844 -0.00719833374023437 0.0646247863769531
0.0779266357421875 -0.0157241821289063 -0.0145034790039062 0.0375556945800781
0.0776824951171875 0.0408782958984375 -0.00283622741699218 0.0187034606933594
0.0617942810058594 0.0644683837890625 0.0553665161132813 0.0184211730957031
0.0395965576171875 0.0733108520507813 0.109016418457031 0.0868301391601563
-0.0132408142089844 0.0362205505371094 0.128547668457031 0.0138931274414063
0.00453567504882812 0.0387420654296875 0.133575439453125 0.0108184814453125
0.0196857452392578 0.0298480987548828 0.0891494750976563 -0.0074615478515625
0.0311698913574219 0.0145797729492187 0.0617523193359375 -0.00679779052734375
0.0313796997070313 0.0081024169921875 0.0291385650634766 0.00723838806152344
0.0403671264648438 -0.0137977600097656 0.0243492126464844 0.0323047637939453
0.041259765625 -0.0299110412597656 0.0316543579101562 0.0587234497070313
0.0407066345214844 -0.0333480834960938 0.0283889770507812 0.0717239379882813
0.046234130859375 -0.0419692993164063 0.0220184326171875 0.0867233276367188
0.0495719909667969 -0.0286674499511719 -0.009002685546875 0.085845947265625
0.0603981018066406 -0.00849151611328125 -0.0240631103515625 0.070648193359375
0.0584526062011719 0.0108642578125 -0.025421142578125 0.0437202453613281
0.0414543151855469 0.0521583557128906 -0.0115604400634766 0.0272045135498047
0.01556396484375 0.0658378601074219 0.0511817932128906 0.036865234375
-0.01068115234375 0.0598182678222656 0.107337951660156 0.110984802246094
0.0635299682617187 -0.03424072265625 -0.108726501464844 -0.107719421386719
0.00978469848632813 -0.0490493774414063 -0.0486526489257812 -0.0488395690917969
-0.013702392578125 -0.0404434204101563 0.0246982574462891 -0.0267848968505859
-0.0315589904785156 -0.0237922668457031 0.0491676330566406 -0.051513671875
-0.031494140625 -0.0112934112548828 0.0479202270507813 -0.0781021118164063
-0.0416488647460938 0.00633239746093751 0.0156402587890625 -0.104110717773438
-0.0454177856445313 0.0104827880859375 -0.02130126953125 -0.10687255859375
-0.0427055358886719 0.005950927734375 -0.0302810668945313 -0.0825576782226563
-0.0489425659179688 0.00345993041992187 -0.0326881408691406 -0.0613136291503906
-0.0413360595703125 -0.0188751220703125 -0.0267524719238281 -0.0353507995605469
-0.0252609252929687 -0.037689208984375 -0.0332489013671875 -0.00794982910156251
-0.00272369384765625 -0.0437431335449219 -0.0526199340820313 0.00378036499023438
0.0281982421875 -0.0392532348632813 -0.0810623168945312 0.00748443603515624
0.0482368469238281 -0.035675048828125 -0.12078857421875 0.00914764404296877
0.0671234130859375 -0.022735595703125 -0.12152099609375 -0.0125274658203125
0.105712890625 -0.003326416015625 -0.075927734375 -0.116539001464844
0.0523223876953125 -0.0268402099609375 -0.020782470703125 -0.05914306640625
0.0326099395751953 -0.0279293060302734 0.0427589416503906 -0.0323905944824219
0.00975799560546875 -0.0314178466796875 0.0646629333496094 -0.0583229064941406
-3.24249267578114E-05 -0.0294647216796875 0.0606689453125 -0.079071044921875
-0.0254192352294922 -0.0278186798095703 0.0306396484375 -0.106971740722656
-0.0427894592285156 -0.0289306640625 -0.00632476806640626 -0.108726501464844
-0.0427780151367187 -0.0305976867675781 -0.0163345336914063 -0.0795516967773438
-0.0547981262207031 -0.037017822265625 -0.0170822143554688 -0.0575637817382813
-0.0414848327636719 -0.0569725036621094 -0.0158596038818359 -0.0272750854492188
-0.0101852416992187 -0.0756683349609375 -0.0219478607177734 -0.000236511230468759
0.025360107421875 -0.07574462890625 -0.0414047241210938 0.00732040405273437
0.0742111206054688 -0.0456085205078125 -0.0612564086914063 0.0123863220214844
0.097076416015625 -0.0301284790039063 -0.0913772583007813 0.00917816162109376
0.113677978515625 -0.00360107421875 -0.0881118774414062 -0.00895690917968751
0.134765625 0.02880859375 -0.0320587158203125 -0.110031127929687
0.091156005859375 0.00365447998046875 0.0152435302734375 -0.0569190979003906
0.0826263427734375 -0.0111846923828125 0.0634002685546875 -0.0317420959472656
0.0556106567382812 -0.0379371643066406 0.0795211791992188 -0.0608978271484375
0.0354042053222656 -0.04632568359375 0.0675277709960938 -0.0756912231445313
-0.00400543212890625 -0.0611534118652344 0.038909912109375 -0.100204467773438
-0.0344390869140625 -0.0651016235351563 0.00754547119140626 -0.0963211059570313
-0.0366172790527344 -0.0628318786621094 2.28881835937476E-05 -0.0646247863769531
-0.0529403686523437 -0.0719375610351563 0.00243759155273438 -0.043792724609375
-0.03759765625 -0.085113525390625 -0.00162029266357422 -0.0113534927368164
0.00325775146484375 -0.103370666503906 -0.00905513763427734 0.0128812789916992
0.0446319580078125 -0.099029541015625 -0.0296745300292969 0.0128746032714844
0.106246948242188 -0.0515060424804688 -0.0418815612792969 0.0141067504882812
0.131134033203125 -0.0245132446289063 -0.0554313659667969 0.00521087646484376
0.142120361328125 0.0149078369140625 -0.0428466796875 -0.00110626220703125
0.145339965820312 0.055389404296875 0.0181961059570313 -0.0908279418945313
0.118057250976563 0.0296859741210938 0.055511474609375 -0.0453872680664063
0.122993469238281 0.00222015380859375 0.0835647583007813 -0.0266036987304688
0.0945587158203125 -0.04486083984375 0.0877914428710938 -0.0567245483398438
0.0641860961914063 -0.0617141723632812 0.067474365234375 -0.0644149780273438
0.0155181884765625 -0.0870513916015625 0.0415267944335938 -0.0807113647460938
-0.0218124389648437 -0.0912628173828125 0.019317626953125 -0.0704269409179688
-0.0245590209960938 -0.0851898193359375 0.0156669616699219 -0.0393218994140625
-0.0415191650390625 -0.0952224731445312 0.0222682952880859 -0.0222530364990234
-0.0255889892578125 -0.10052490234375 0.013916015625 0.00826549530029296
0.0184173583984375 -0.114540100097656 0.00315284729003906 0.0266895294189453
0.0596389770507812 -0.106521606445313 -0.0187854766845703 0.0194454193115234
0.123329162597656 -0.04766845703125 -0.0247097015380859 0.0128707885742188
0.145538330078125 -0.0128631591796875 -0.0185642242431641 -0.00137710571289063
0.15008544921875 0.0333099365234375 0.00897693634033204 0.0101413726806641
0.134529113769531 0.0691452026367188 0.0676345825195313 -0.0633583068847656
0.124549865722656 0.046966552734375 0.0951766967773438 -0.0297088623046875
0.139732360839844 0.01129150390625 0.0988540649414063 -0.0206222534179688
0.114662170410156 -0.0475540161132813 0.0898361206054688 -0.0461349487304688
0.0792922973632813 -0.067657470703125 0.0618171691894531 -0.044281005859375
0.028472900390625 -0.0980224609375 0.0402908325195313 -0.0505828857421875
-0.0076141357421875 -0.102729797363281 0.0287551879882813 -0.0356674194335938
-0.0092926025390625 -0.09423828125 0.0285320281982422 -0.00845527648925782
-0.0224151611328125 -0.104881286621094 0.0374679565429688 0.00510406494140624
-0.00555419921875001 -0.101661682128906 0.0236434936523438 0.0305862426757813
0.0383148193359375 -0.106483459472656 0.0104331970214844 0.0409812927246094
0.0729293823242187 -0.094207763671875 -0.0107440948486328 0.0249385833740234
0.126312255859375 -0.028656005859375 -0.0106821060180664 0.0105180740356445
0.140434265136719 0.0093536376953125 0.0163326263427734 -0.00703334808349609
0.135772705078125 0.0521316528320313 0.058349609375 0.0265312194824219
0.101432800292969 0.0692520141601563 0.108680725097656 -0.0359573364257812
0.105010986328125 0.051361083984375 0.126304626464844 -0.0159454345703125
0.125251770019531 0.0179595947265625 0.10528564453125 -0.0163497924804688
0.107559204101563 -0.0393218994140625 0.0844192504882813 -0.0320892333984375
0.0763702392578125 -0.0574493408203125 0.0523529052734375 -0.0211982727050781
0.0361328125 -0.0890426635742188 0.0377388000488281 -0.0154647827148438
0.0085601806640625 -0.0958786010742188 0.0368232727050781 0.00329971313476562
0.0091094970703125 -0.0889358520507813 0.037750244140625 0.0242805480957031
0.00249481201171876 -0.099456787109375 0.0436172485351562 0.0358695983886719
0.0194549560546875 -0.088836669921875 0.0233840942382812 0.0524406433105469
0.0579757690429688 -0.0823135375976563 0.00797271728515626 0.053863525390625
0.0824661254882813 -0.0627288818359375 -0.00856781005859374 0.0304985046386719
0.114021301269531 0.004608154296875 -0.00240325927734374 0.0110979080200195
0.113754272460937 0.038726806640625 0.0441474914550781 -0.00390625
0.100135803222656 0.0678482055664063 0.0965499877929688 0.0496902465820313
0.0504379272460938 0.0588760375976563 0.133377075195313 -0.0122451782226562
0.0629005432128906 0.0493888854980469 0.142333984375 -0.00579833984375
0.0826187133789063 0.0239334106445313 0.101631164550781 -0.0141067504882812
0.078094482421875 -0.0180587768554688 0.0736618041992187 -0.0186920166015625
0.0588150024414063 -0.0322189331054688 0.0412178039550781 -0.00205612182617188
0.0385932922363281 -0.0613479614257813 0.0341129302978516 0.0136966705322266
0.0234146118164063 -0.0728225708007813 0.0416221618652344 0.0362358093261719
0.0243377685546875 -0.0703353881835938 0.0407333374023438 0.052154541015625
0.0241775512695313 -0.0810165405273438 0.0406570434570312 0.0643081665039063
0.0383644104003906 -0.0664634704589844 0.0130538940429688 0.07281494140625
0.0666580200195312 -0.0499839782714844 -0.00336456298828125 0.0647735595703125
0.08013916015625 -0.0274810791015625 -0.0126266479492187 0.0366325378417969
0.0879287719726563 0.0339736938476563 -0.00100040435791015 0.0165920257568359
0.0738525390625 0.0613555908203125 0.0587081909179688 0.0106201171875
0.052032470703125 0.0733566284179688 0.119537353515625 0.0764312744140625
-0.0078277587890625 0.0417404174804688 0.137489318847656 0.000129699707031253
0.0109710693359375 0.04168701171875 0.140106201171875 -0.00276947021484375
0.0273361206054688 0.0303459167480469 0.0897903442382812 -0.0154495239257812
0.0370216369628906 0.00957870483398438 0.0618553161621094 -0.0104255676269531
0.0350627899169922 0.00278091430664063 0.0306491851806641 0.00751113891601562
0.0392951965332031 -0.0211982727050781 0.0290699005126953 0.0327796936035156
0.0372314453125 -0.0387458801269531 0.040130615234375 0.0582504272460938
0.0357246398925781 -0.0412445068359375 0.037078857421875 0.07122802734375
0.0396575927734375 -0.0513343811035156 0.0302276611328125 0.0874557495117187
0.0457382202148437 -0.0379524230957031 -0.00371551513671874 0.0882339477539063
0.0615196228027344 -0.0188217163085938 -0.0198440551757812 0.072784423828125
0.0632781982421875 0.00212478637695313 -0.023590087890625 0.0440330505371094
0.0518455505371094 0.0494232177734375 -0.00829887390136718 0.0268344879150391
0.0261688232421875 0.0681571960449219 0.0573043823242188 0.0307998657226563
-0.0020294189453125 0.0645828247070313 0.121826171875 0.101837158203125
0.0585517883300781 -0.0410957336425781 -0.119766235351562 -0.0986862182617188
0.00242996215820313 -0.0501174926757813 -0.0548286437988281 -0.04315185546875
-0.0201034545898438 -0.0392112731933594 0.0223789215087891 -0.0270023345947266
-0.0346775054931641 -0.0182819366455078 0.0458564758300781 -0.0536956787109375
-0.0325489044189453 -0.00664901733398437 0.0427703857421875 -0.08111572265625
-0.0392532348632813 0.0129547119140625 0.00868988037109374 -0.105453491210937
-0.0421981811523438 0.0156631469726562 -0.0309295654296875 -0.105857849121094
-0.0391616821289062 0.0110130310058594 -0.038360595703125 -0.081390380859375
-0.0460853576660156 0.0102081298828125 -0.040496826171875 -0.0598373413085937
-0.041778564453125 -0.0122184753417969 -0.031402587890625 -0.0358009338378906
-0.0292530059814453 -0.0330924987792969 -0.0341072082519531 -0.00804138183593751
-0.00919342041015626 -0.0417594909667969 -0.0525665283203125 0.00564193725585938
0.022216796875 -0.0432929992675781 -0.0800247192382813 0.012176513671875
0.0423126220703125 -0.0425262451171875 -0.1217041015625 0.0191116333007812
0.0639114379882813 -0.0316352844238281 -0.127815246582031 -0.00167083740234376
0.105018615722656 -0.0136795043945313 -0.0880126953125 -0.11090087890625
0.0483016967773438 -0.0310478210449219 -0.0283432006835937 -0.0559234619140625
0.0292129516601563 -0.0311012268066406 0.0396804809570313 -0.0334701538085938
0.00580978393554687 -0.0308475494384766 0.0607414245605469 -0.061767578125
-0.00158882141113281 -0.0277061462402344 0.055389404296875 -0.0837249755859375
-0.0257377624511719 -0.0240688323974609 0.0224151611328125 -0.110076904296875
-0.0441207885742188 -0.0240669250488281 -0.016571044921875 -0.109169006347656
-0.0433540344238281 -0.0261001586914062 -0.02508544921875 -0.0793609619140625
-0.0562858581542969 -0.030670166015625 -0.0254058837890625 -0.0577011108398438
-0.0452384948730469 -0.0507888793945312 -0.0205879211425781 -0.0290164947509766
-0.017242431640625 -0.0728225708007813 -0.0236949920654297 -0.00172615051269531
0.0165481567382812 -0.0769805908203125 -0.0412445068359375 0.00775909423828125
0.0678367614746094 -0.0538368225097656 -0.0598106384277344 0.0145149230957031
0.0926742553710938 -0.0411453247070313 -0.0930023193359375 0.015960693359375
0.11334228515625 -0.0158233642578125 -0.094512939453125 -0.00187683105468751
0.13824462890625 0.0172653198242188 -0.0439834594726562 -0.109001159667969
0.0904159545898437 -0.0038299560546875 0.00693893432617188 -0.0570640563964844
0.0821762084960938 -0.0183563232421875 0.0601310729980469 -0.0349540710449219
0.0520477294921875 -0.0418815612792969 0.0743865966796875 -0.0652847290039063
0.0325164794921875 -0.0487709045410156 0.062347412109375 -0.0806198120117187
-0.00804901123046875 -0.0598564147949219 0.0305862426757812 -0.1036376953125
-0.0394477844238281 -0.0615119934082031 -0.0022430419921875 -0.0981903076171875
-0.0408401489257813 -0.0595359802246094 -0.00785446166992188 -0.0651741027832031
-0.058319091796875 -0.0660171508789063 -0.005218505859375 -0.0455970764160156
-0.044189453125 -0.08062744140625 -0.00511264801025391 -0.0144386291503906
-0.00675964355468751 -0.102508544921875 -0.0103731155395508 0.0102109909057617
0.0340118408203125 -0.102401733398438 -0.0303134918212891 0.0122032165527344
0.100654602050781 -0.0622482299804687 -0.0406303405761719 0.0143470764160156
0.128585815429688 -0.0385055541992188 -0.0575752258300781 0.00850296020507813
0.144927978515625 0.0010528564453125 -0.048248291015625 0.00202941894531249
0.1522216796875 0.043365478515625 0.008544921875 -0.09405517578125
0.121726989746094 0.020294189453125 0.0485992431640625 -0.0488700866699219
0.125381469726562 -0.00846099853515625 0.0803604125976563 -0.0311813354492188
0.0910873413085938 -0.05291748046875 0.0833358764648438 -0.0619430541992188
0.0600700378417969 -0.0672988891601563 0.0631141662597656 -0.0688133239746094
0.0084991455078125 -0.0879364013671875 0.0341720581054688 -0.0847702026367188
-0.0303268432617188 -0.089752197265625 0.0109176635742188 -0.0732345581054688
-0.0313186645507813 -0.0836181640625 0.00970840454101562 -0.0406951904296875
-0.050811767578125 -0.0920562744140625 0.0159530639648438 -0.0254249572753906
-0.0346450805664063 -0.0982742309570313 0.0106372833251953 0.00408554077148437
0.00726318359375001 -0.115966796875 0.00252723693847656 0.0233726501464844
0.048492431640625 -0.112480163574219 -0.0192966461181641 0.0174388885498047
0.119422912597656 -0.0600433349609375 -0.0239467620849609 0.0113010406494141
0.145523071289063 -0.0277099609375 -0.0208683013916016 -0.00261306762695313
0.155685424804688 0.0195465087890625 0.00428295135498048 0.00913619995117188
0.143157958984375 0.0589752197265625 0.06097412109375 -0.0709991455078125
0.130233764648438 0.0370254516601563 0.090240478515625 -0.0373916625976562
0.144149780273438 -0.000946044921875 0.0958175659179688 -0.0267791748046875
0.111412048339844 -0.0579833984375 0.0852737426757812 -0.0512008666992188
0.0753021240234375 -0.0755538940429687 0.0587882995605469 -0.0476913452148438
0.0201416015625 -0.101348876953125 0.0357551574707031 -0.0544700622558594
-0.0183258056640625 -0.103057861328125 0.0240440368652344 -0.03826904296875
-0.018341064453125 -0.0949630737304688 0.0260429382324219 -0.0106525421142578
-0.0338973999023438 -0.104072570800781 0.0339241027832031 0.000865936279296869
-0.0156326293945312 -0.102310180664062 0.0221538543701172 0.0260887145996094
0.0274887084960937 -0.111549377441406 0.010528564453125 0.037109375
0.064208984375 -0.101936340332031 -0.0110301971435547 0.0226879119873047
0.125946044921875 -0.0401687622070313 -0.0105876922607422 0.00817108154296875
0.143524169921875 -0.0043182373046875 0.0139398574829102 -0.0110797882080078
0.143722534179688 0.0404815673828125 0.0564231872558594 0.0206718444824219
0.110404968261719 0.0623550415039062 0.106796264648437 -0.0476150512695312
0.111961364746094 0.0436172485351563 0.123771667480469 -0.0259017944335937
0.130348205566406 0.00673675537109375 0.102973937988281 -0.023834228515625
0.106040954589844 -0.0501327514648438 0.0806732177734375 -0.0367279052734375
0.0730743408203125 -0.0661773681640625 0.0505447387695313 -0.0240211486816406
0.0275192260742187 -0.0939483642578125 0.036590576171875 -0.018341064453125
-0.00164794921875 -0.0981826782226563 0.036376953125 -8.3923339843756E-05
-0.000251770019531241 -0.091461181640625 0.0383377075195313 0.0212135314941406
-0.00939178466796875 -0.101325988769531 0.04351806640625 0.0314750671386719
0.00990295410156249 -0.09234619140625 0.0238494873046875 0.0494804382324219
0.0496444702148437 -0.0898818969726563 0.00930404663085938 0.0504112243652344
0.077362060546875 -0.0724411010742188 -0.00837326049804687 0.0279006958007812
0.117729187011719 -0.00650787353515625 -0.0022139549255371 0.00808000564575195
0.121009826660156 0.02880859375 0.0417747497558594 -0.009735107421875
0.109809875488281 0.060760498046875 0.09759521484375 0.0402908325195313
0.05804443359375 0.0566902160644531 0.134544372558594 -0.0254974365234375
0.0706863403320313 0.045318603515625 0.141494750976563 -0.017913818359375
0.0885086059570313 0.0171737670898438 0.0993194580078125 -0.0210494995117188
0.07879638671875 -0.0264511108398437 0.0715789794921875 -0.0226287841796875
0.0578994750976562 -0.0395088195800781 0.0416526794433594 -0.00353622436523438
0.0320892333984375 -0.0674285888671875 0.0356559753417969 0.0121345520019531
0.0142669677734375 -0.0775070190429687 0.0446510314941406 0.0326080322265625
0.0158920288085938 -0.0744247436523438 0.045013427734375 0.0493965148925781
0.0138702392578125 -0.0854110717773438 0.0442428588867188 0.0603981018066406
0.03033447265625 -0.0718307495117188 0.0155792236328125 0.0709075927734375
0.0620384216308594 -0.0597457885742187 -0.000782012939453122 0.0629959106445312
0.0788116455078125 -0.0373077392578125 -0.0115089416503906 0.0354461669921875
0.0949020385742188 0.0255966186523438 0.000107765197753913 0.0140895843505859
0.0830841064453125 0.055206298828125 0.059356689453125 0.00294876098632813
0.0621376037597656 0.070220947265625 0.123703002929688 0.0651702880859375
-0.001708984375 0.0444221496582031 0.141403198242188 -0.0122528076171875
0.0181961059570313 0.0424346923828125 0.142044067382813 -0.0147552490234375
0.0336456298828125 0.0284500122070313 0.0873641967773438 -0.0215911865234375
0.0401458740234375 0.00478363037109375 0.0605735778808594 -0.0137290954589844
0.0366668701171875 -0.0029144287109375 0.0314540863037109 0.00803756713867188
0.0364799499511719 -0.0275917053222656 0.0334014892578125 0.0319480895996094
0.0313758850097656 -0.0442314147949219 0.0464286804199219 0.0549392700195312
0.0293502807617188 -0.046173095703125 0.0434761047363281 0.0689163208007812
0.0315399169921875 -0.0571861267089844 0.0366363525390625 0.0851287841796875
0.040557861328125 -0.044708251953125 0.00138854980468751 0.0891876220703125
0.0592308044433594 -0.0277557373046875 -0.0166091918945313 0.0722808837890625
0.0643959045410156 -0.00664520263671875 -0.0212135314941406 0.04376220703125
0.0596466064453125 0.0440216064453125 -0.00622940063476562 0.0254268646240234
0.0355415344238281 0.0667304992675781 0.0608329772949219 0.024322509765625
0.00653457641601563 0.067169189453125 0.129379272460938 0.0915145874023438
0.0541114807128906 -0.0461044311523438 -0.126304626464844 -0.0913848876953125
-0.003204345703125 -0.0501174926757813 -0.05816650390625 -0.0374832153320313
-0.0254058837890625 -0.037567138671875 0.0210056304931641 -0.0264854431152344
-0.0370330810546875 -0.0139083862304688 0.0433120727539063 -0.0550270080566406
-0.0326251983642578 -0.00255012512207031 0.0398330688476563 -0.0827865600585938
-0.0363311767578125 0.016265869140625 0.00445556640624999 -0.106422424316406
-0.039031982421875 0.0192527770996094 -0.0375137329101563 -0.1051025390625
-0.0363845825195313 0.0136222839355469 -0.0445404052734375 -0.0793914794921875
-0.0427780151367188 0.01416015625 -0.0458488464355469 -0.0583076477050781
-0.0404205322265625 -0.00730895996093749 -0.0349311828613281 -0.0362434387207031
-0.0313091278076172 -0.0280494689941406 -0.0355758666992187 -0.00835418701171876
-0.0142135620117188 -0.0397529602050781 -0.0519294738769531 0.00658035278320312
0.0163154602050781 -0.0458946228027344 -0.079132080078125 0.0149993896484375
0.0372200012207031 -0.0476493835449219 -0.121879577636719 0.0257949829101562
0.0605316162109375 -0.0379219055175781 -0.131149291992188 0.00682830810546876
0.103271484375 -0.0207290649414062 -0.0967254638671875 -0.105560302734375
0.0448455810546875 -0.0337142944335938 -0.0341567993164063 -0.0523529052734375
0.0259685516357422 -0.0326118469238281 0.0374374389648438 -0.0340995788574219
0.00360870361328125 -0.0289955139160156 0.0577392578125 -0.0633277893066406
-0.00273513793945312 -0.0262603759765625 0.0515365600585938 -0.0855255126953125
-0.0258541107177734 -0.0211467742919922 0.0169143676757813 -0.112129211425781
-0.0440292358398438 -0.0206184387207031 -0.0243606567382813 -0.108863830566406
-0.0433425903320313 -0.0234451293945313 -0.0310821533203125 -0.0781707763671875
-0.0562095642089844 -0.0262107849121094 -0.0318527221679687 -0.0570869445800781
-0.0468788146972656 -0.046051025390625 -0.0248031616210937 -0.0300159454345703
-0.0220527648925781 -0.06878662109375 -0.0256309509277344 -0.00255393981933595
0.00968170166015625 -0.0763778686523438 -0.0417976379394531 0.00730514526367188
0.0622024536132813 -0.0594253540039063 -0.059326171875 0.0152664184570312
0.0887527465820313 -0.0498428344726563 -0.0942001342773438 0.0206222534179688
0.111564636230469 -0.0245742797851563 -0.0995101928710938 0.00547790527343749
0.139205932617188 0.0086822509765625 -0.052398681640625 -0.106681823730469
0.0898666381835938 -0.0090484619140625 0.000690460205078136 -0.0558319091796875
0.0808258056640625 -0.0233840942382813 0.0579757690429688 -0.0361557006835938
0.0491600036621094 -0.0438613891601563 0.0707550048828125 -0.0675888061523438
0.0303993225097656 -0.0499496459960937 0.0586700439453125 -0.0838394165039063
-0.0104446411132813 -0.0583953857421875 0.0240325927734375 -0.106292724609375
-0.0427589416503906 -0.0590133666992188 -0.0100479125976562 -0.0986328125
-0.0432968139648438 -0.0569000244140625 -0.013763427734375 -0.06500244140625
-0.0621414184570313 -0.0614852905273438 -0.0114593505859375 -0.0462646484375
-0.0489578247070312 -0.0763092041015625 -0.00917148590087891 -0.0164556503295898
-0.0139312744140625 -0.0997085571289063 -0.0127420425415039 0.00802326202392577
0.0261764526367188 -0.103744506835938 -0.0312004089355469 0.0115871429443359
0.0958480834960938 -0.0698165893554688 -0.04052734375 0.0137710571289062
0.125236511230469 -0.0486373901367188 -0.0597991943359375 0.0104255676269531
0.145706176757813 -0.0094146728515625 -0.0528945922851563 0.00571823120117188
0.156539916992187 0.034393310546875 0.000968933105468766 -0.095001220703125
0.123275756835938 0.0129470825195313 0.0423507690429688 -0.0505256652832031
0.125801086425781 -0.016937255859375 0.0771331787109375 -0.0335769653320313
0.0879898071289063 -0.0586395263671875 0.0792617797851563 -0.0644912719726563
0.0577011108398438 -0.0709915161132813 0.05999755859375 -0.0709075927734375
0.00337982177734376 -0.0883560180664063 0.0287094116210937 -0.0872573852539063
-0.0362548828125 -0.0877838134765625 0.00498199462890624 -0.0735855102539063
-0.0365753173828125 -0.082244873046875 0.00535964965820312 -0.0416603088378906
-0.0568161010742188 -0.087890625 0.01055908203125 -0.0266571044921875
-0.0406875610351563 -0.0953750610351563 0.00726127624511718 0.00187492370605468
-0.000617980957031241 -0.115882873535156 0.000638961791992189 0.0205726623535156
0.0405731201171875 -0.115394592285156 -0.0198383331298828 0.0164356231689453
0.116050720214844 -0.0684967041015625 -0.0246620178222656 0.00972175598144531
0.144729614257813 -0.0384674072265625 -0.0239219665527344 -0.00290298461914063
0.158660888671875 0.0087127685546875 -4.00543212890519E-05 0.0093231201171875
0.148681640625 0.050079345703125 0.0560073852539063 -0.0759201049804688
0.133331298828125 0.0294342041015625 0.0852279663085938 -0.041839599609375
0.14617919921875 -0.01025390625 0.0929718017578125 -0.0299224853515625
0.108566284179688 -0.0657882690429688 0.0821609497070313 -0.053802490234375
0.0717544555664063 -0.0808334350585937 0.0565338134765625 -0.0496368408203125
0.013671875 -0.103408813476563 0.0322151184082031 -0.0565299987792969
-0.0258636474609375 -0.102500915527344 0.0206375122070313 -0.0395011901855469
-0.0248947143554688 -0.0946121215820313 0.0240707397460938 -0.0116710662841797
-0.0421218872070313 -0.101829528808594 0.0304241180419922 -0.00144767761230469
-0.02252197265625 -0.101081848144531 0.0200290679931641 0.0237922668457031
0.0190963745117187 -0.113700866699219 0.00937271118164063 0.0340347290039062
0.0568313598632813 -0.106773376464844 -0.0116100311279297 0.0207710266113281
0.12493896484375 -0.0498275756835938 -0.0110158920288086 0.00551700592041015
0.14483642578125 -0.0146331787109375 0.0106973648071289 -0.0135679244995117
0.148651123046875 0.0312347412109375 0.0532798767089844 0.0173606872558594
0.11676025390625 0.0555801391601563 0.1036376953125 -0.0549697875976563
0.116592407226563 0.037841796875 0.120498657226563 -0.0332107543945313
0.133125305175781 -0.00140380859375 0.100723266601563 -0.0272369384765625
0.103050231933594 -0.0575408935546875 0.07867431640625 -0.0390090942382813
0.0697555541992187 -0.0727157592773437 0.0502243041992188 -0.0248641967773438
0.0208816528320313 -0.097137451171875 0.0349617004394531 -0.0201873779296875
-0.010345458984375 -0.0991287231445312 0.0358428955078125 -0.00170516967773438
-0.00730895996093749 -0.0928497314453125 0.0389404296875 0.0191421508789062
-0.017791748046875 -0.101394653320312 0.0427818298339844 0.0285606384277344
0.00301361083984375 -0.09393310546875 0.0234260559082031 0.0471992492675781
0.0423812866210937 -0.0947189331054688 0.00891876220703125 0.0478858947753906
0.072845458984375 -0.078948974609375 -0.00892448425292968 0.0262432098388672
0.120346069335937 -0.0149002075195312 -0.00199365615844726 0.00521183013916016
0.125038146972656 0.0201644897460938 0.0398674011230469 -0.0144844055175781
0.115936279296875 0.0546417236328125 0.0968399047851563 0.03424072265625
0.0642585754394531 0.0540657043457031 0.13433837890625 -0.0355224609375
0.075469970703125 0.0418624877929688 0.140052795410156 -0.0264358520507813
0.0936508178710937 0.0116500854492187 0.0969314575195313 -0.0253448486328125
0.0782699584960938 -0.0329055786132813 0.0703277587890625 -0.0244369506835938
0.0565147399902344 -0.0449447631835938 0.0423126220703125 -0.0034332275390625
0.0270309448242188 -0.0714263916015625 0.037078857421875 0.0105743408203125
0.00679779052734376 -0.079559326171875 0.0467109680175781 0.0302162170410156
0.00907135009765625 -0.076416015625 0.0474777221679688 0.0468673706054687
0.00555419921875001 -0.0871047973632813 0.0459213256835938 0.0576286315917969
0.023773193359375 -0.0755081176757813 0.0170135498046875 0.0698280334472656
0.0571136474609375 -0.0656700134277344 -0.000434875488281248 0.0613861083984375
0.0768890380859375 -0.0448837280273438 -0.0116386413574219 0.0334644317626953
0.0995407104492188 0.018768310546875 0.000890731811523443 0.0112686157226563
0.0896759033203125 0.04998779296875 0.0583648681640625 -0.00241851806640625
0.0689468383789063 0.0676345825195313 0.125694274902344 0.05755615234375
0.003692626953125 0.0461997985839844 0.14306640625 -0.022979736328125
0.0234527587890625 0.0430412292480469 0.141387939453125 -0.0236053466796875
0.0395050048828125 0.0266990661621094 0.0857925415039062 -0.0254592895507812
0.0426177978515625 0.000102996826171875 0.0599822998046875 -0.0144271850585938
0.0375633239746094 -0.00704193115234375 0.0328502655029297 0.0082550048828125
0.0331935882568359 -0.0323371887207031 0.0363883972167969 0.0310249328613281
0.0260200500488281 -0.0480079650878906 0.0510139465332031 0.0534439086914062
0.0244903564453125 -0.0487556457519531 0.048736572265625 0.0669059753417969
0.0249519348144531 -0.0604057312011719 0.0405654907226562 0.0827713012695313
0.035430908203125 -0.0485916137695312 0.00458526611328126 0.0887222290039062
0.0561370849609375 -0.0341949462890625 -0.0148468017578125 0.072357177734375
0.0648155212402344 -0.0132217407226562 -0.0200920104980469 0.0428619384765625
0.0652389526367188 0.0401115417480469 -0.00412940979003906 0.0233745574951172
0.0429763793945313 0.0648002624511719 0.0624237060546875 0.01873779296875
0.0126304626464844 0.067352294921875 0.133697509765625 0.0836257934570313
0.0509796142578125 -0.0496826171875 -0.132339477539063 -0.0865631103515625
-0.00694656372070312 -0.0501136779785156 -0.0621223449707031 -0.033355712890625
-0.0294952392578125 -0.0358161926269531 0.0207099914550781 -0.0260028839111328
-0.0388603210449219 -0.0103912353515625 0.0433692932128906 -0.0554084777832031
-0.0330085754394531 0.00065994262695312 0.038116455078125 -0.0847702026367188
-0.0341243743896484 0.0198841094970703 0.00091552734375001 -0.107833862304688
-0.0362205505371094 0.0225639343261719 -0.0429153442382813 -0.104934692382813
-0.03497314453125 0.0161190032958984 -0.0496139526367188 -0.0792388916015625
-0.0401153564453125 0.0167045593261719 -0.0511817932128906 -0.0572319030761719
-0.0393524169921875 -0.00412368774414062 -0.0382003784179687 -0.0368118286132813
-0.0325183868408203 -0.0242996215820313 -0.0378227233886719 -0.00917434692382814
-0.0177116394042969 -0.0376167297363281 -0.0530815124511719 0.00635147094726561
0.0113525390625 -0.0476646423339844 -0.0792160034179688 0.016510009765625
0.03289794921875 -0.0520210266113281 -0.123497009277344 0.0316085815429688
0.0579414367675781 -0.0428733825683594 -0.136497497558594 0.0145339965820312
0.103309631347656 -0.0264129638671875 -0.103744506835938 -0.102859497070313
0.0425224304199219 -0.0353736877441406 -0.0396041870117188 -0.0496368408203125
0.02362060546875 -0.033477783203125 0.0371971130371094 -0.0341796875
0.00137138366699219 -0.0281944274902344 0.056549072265625 -0.065155029296875
-0.0036468505859375 -0.0252456665039062 0.0500030517578125 -0.0886459350585938
-0.0258083343505859 -0.0188961029052734 0.0124282836914063 -0.114280700683594
-0.0443267822265625 -0.0179977416992187 -0.0305328369140625 -0.109390258789062
-0.0434608459472656 -0.0214195251464844 -0.0367202758789063 -0.077972412109375
-0.0564346313476562 -0.0233879089355469 -0.0375633239746094 -0.0565185546875
-0.0482597351074219 -0.042755126953125 -0.0285377502441406 -0.0314006805419922
-0.0253219604492188 -0.0672149658203125 -0.0277118682861328 -0.00388717651367188
0.00482177734374999 -0.0763473510742188 -0.04266357421875 0.00704956054687499
0.0587615966796875 -0.0641365051269531 -0.0595626831054687 0.015167236328125
0.0853805541992188 -0.0566787719726563 -0.0965194702148437 0.0246124267578125
0.111892700195312 -0.0318832397460937 -0.104537963867188 0.0113143920898438
0.142379760742188 0.00189208984375 -0.059814453125 -0.10577392578125
0.0903244018554688 -0.01318359375 -0.0047454833984375 -0.0545806884765625
0.0806732177734375 -0.0275650024414063 0.0570449829101563 -0.0364837646484375
0.0476837158203125 -0.0459747314453125 0.0690879821777344 -0.0698051452636719
0.0288238525390625 -0.0518608093261719 0.057220458984375 -0.0862503051757812
-0.012420654296875 -0.0588836669921875 0.020050048828125 -0.109336853027344
-0.0457916259765625 -0.056793212890625 -0.0167083740234375 -0.0992050170898438
-0.0455856323242188 -0.0562553405761719 -0.0183944702148438 -0.0648460388183594
-0.0652923583984375 -0.0589218139648437 -0.0171241760253906 -0.0455589294433594
-0.0519866943359375 -0.073699951171875 -0.0134963989257813 -0.0178241729736328
-0.0189132690429688 -0.099029541015625 -0.0150766372680664 0.00649738311767578
0.0202178955078125 -0.105690002441406 -0.0324020385742188 0.0103988647460937
0.0923690795898438 -0.0759658813476563 -0.0408554077148437 0.0124435424804688
0.123420715332031 -0.0578842163085938 -0.0625686645507812 0.0125961303710938
0.148178100585938 -0.01806640625 -0.057403564453125 0.00968170166015624
0.161392211914063 0.02716064453125 -0.00498199462890623 -0.09686279296875
0.125709533691406 0.00783538818359375 0.0373611450195313 -0.0510902404785156
0.128204345703125 -0.0236282348632813 0.07708740234375 -0.034515380859375
0.0864944458007813 -0.0634002685546875 0.0783233642578125 -0.0661697387695313
0.0562973022460938 -0.0754623413085938 0.058624267578125 -0.0735092163085938
8.39233398437426E-05 -0.0900421142578125 0.0250701904296875 -0.08966064453125
-0.041534423828125 -0.0871505737304688 -8.39233398437548E-05 -0.07501220703125
-0.0413742065429688 -0.0822372436523438 0.002532958984375 -0.0416374206542969
-0.0624313354492188 -0.0858993530273438 0.00616264343261718 -0.0273780822753906
-0.0454864501953125 -0.0939407348632812 0.00469446182250976 0.000494003295898432
-0.00692749023437499 -0.116302490234375 -0.00185585021972656 0.0183029174804687
0.0345611572265625 -0.118812561035156 -0.0216999053955078 0.0142974853515625
0.115020751953125 -0.0763931274414062 -0.0249118804931641 0.0071258544921875
0.144332885742188 -0.048004150390625 -0.0269508361816406 -0.00320816040039063
0.162841796875 0.0009918212890625 -0.00316238403320311 0.0100460052490234
0.155502319335938 0.0439300537109375 0.0524444580078125 -0.0800933837890625
0.137931823730469 0.0233535766601563 0.0813674926757813 -0.0447311401367188
0.149749755859375 -0.018646240234375 0.0925369262695313 -0.0314788818359375
0.106460571289063 -0.0722503662109375 0.0810546875 -0.0550918579101563
0.0698471069335938 -0.0864715576171875 0.0566596984863281 -0.0519676208496094
0.00903320312499999 -0.106155395507813 0.0295600891113281 -0.0585060119628906
-0.0329818725585937 -0.102882385253906 0.0181732177734375 -0.0409584045410156
-0.0303878784179687 -0.095672607421875 0.0228729248046875 -0.0125865936279297
-0.0492324829101563 -0.100921630859375 0.0277214050292969 -0.00251960754394532
-0.0284423828125 -0.10125732421875 0.0180778503417969 0.0225200653076172
0.0131301879882813 -0.116363525390625 0.00711250305175781 0.0320510864257812
0.0515594482421875 -0.11224365234375 -0.0133762359619141 0.0189552307128906
0.12603759765625 -0.057861328125 -0.0121240615844726 0.00275611877441406
0.146896362304688 -0.0236053466796875 0.00807189941406251 -0.0156078338623047
0.155105590820313 0.024078369140625 0.0517578125 0.0158538818359375
0.123275756835937 0.051910400390625 0.102256774902344 -0.0615386962890625
0.121360778808594 0.0332870483398438 0.119255065917969 -0.0384979248046875
0.138038635253906 -0.008758544921875 0.099456787109375 -0.029388427734375
0.102439880371094 -0.0645370483398438 0.0782241821289063 -0.04022216796875
0.0686416625976563 -0.0782012939453125 0.0507240295410156 -0.02618408203125
0.016082763671875 -0.100288391113281 0.0348434448242188 -0.0223445892333984
-0.0174484252929688 -0.10076904296875 0.0355644226074219 -0.00376510620117188
-0.0136566162109375 -0.0945053100585938 0.0398330688476563 0.0182914733886719
-0.0250701904296875 -0.102394104003906 0.0420684814453125 0.0270347595214844
-0.00295257568359375 -0.0958175659179688 0.0231132507324219 0.0467796325683594
0.037322998046875 -0.0992660522460938 0.00777435302734375 0.0464248657226562
0.0692672729492187 -0.0857467651367188 -0.0102958679199219 0.0244846343994141
0.123458862304687 -0.0216064453125 -0.00274586677551269 0.00294947624206543
0.130470275878906 0.013641357421875 0.0384445190429688 -0.0182456970214844
0.123756408691406 0.0501251220703125 0.0970382690429688 0.0310440063476563
0.0706863403320313 0.0526275634765625 0.136039733886719 -0.04388427734375
0.0807571411132813 0.0394973754882813 0.1407470703125 -0.033660888671875
0.0983657836914063 0.00688934326171875 0.0969924926757813 -0.028045654296875
0.0787277221679688 -0.0388031005859375 0.0704345703125 -0.02496337890625
0.0562973022460937 -0.0506324768066406 0.0437507629394531 -0.00354385375976563
0.022613525390625 -0.0754165649414062 0.0383567810058594 0.00942611694335937
0.000602722167968747 -0.0820236206054688 0.0492210388183594 0.0285530090332031
0.00376129150390624 -0.0788040161132813 0.0505142211914062 0.0454483032226562
-0.00157165527343749 -0.0887298583984375 0.046966552734375 0.0569000244140625
0.018463134765625 -0.07806396484375 0.0179061889648437 0.069732666015625
0.0528030395507813 -0.0711898803710938 -0.000385284423828122 0.0606613159179687
0.0754852294921875 -0.0513153076171875 -0.0122566223144531 0.0323486328125
0.104751586914063 0.013214111328125 0.00112533569335938 0.00921916961669922
0.09625244140625 0.0458908081054688 0.058380126953125 -0.00714874267578125
0.0758132934570313 0.0656509399414063 0.127418518066406 0.053009033203125
0.00772857666015625 0.0470542907714844 0.146697998046875 -0.03179931640625
0.0284156799316406 0.0430984497070313 0.143402099609375 -0.0310821533203125
0.0447120666503906 0.0252723693847656 0.0849227905273437 -0.0282516479492187
0.0450286865234375 -0.00386428833007813 0.0604019165039062 -0.014801025390625
0.0386314392089844 -0.0115432739257813 0.0354270935058594 0.00970077514648438
0.0307807922363281 -0.0365104675292969 0.039581298828125 0.0303001403808594
0.0211296081542969 -0.0509986877441406 0.0552177429199219 0.0509986877441406
0.0205726623535156 -0.0519943237304688 0.0530662536621094 0.0658149719238281
0.0196990966796875 -0.0629920959472656 0.0439834594726563 0.0817337036132813
0.0311355590820312 -0.0524749755859375 0.00638580322265625 0.090118408203125
0.0544509887695313 -0.0392570495605469 -0.0141448974609375 0.0730514526367188
0.0650138854980469 -0.0190200805664063 -0.0199432373046875 0.0426139831542969
0.07073974609375 0.0371322631835938 -0.00327301025390624 0.0217208862304688
0.0492668151855469 0.0638236999511719 0.0637168884277344 0.0144004821777344
0.0190963745117188 0.0683174133300781 0.138221740722656 0.078094482421875
0.0488014221191406 -0.0545921325683594 -0.141464233398437 -0.0815887451171875
-0.0113906860351562 -0.0504570007324219 -0.0660896301269531 -0.0289535522460938
-0.0341567993164063 -0.0344886779785156 0.0206031799316406 -0.0264186859130859
-0.0411529541015625 -0.00627517700195313 0.0427742004394531 -0.0580215454101563
-0.0337047576904297 0.00405693054199219 0.0364990234375 -0.0884552001953125
-0.0314159393310547 0.0233383178710938 -0.00300598144531251 -0.111618041992188
-0.0340976715087891 0.0258026123046875 -0.0501785278320313 -0.106109619140625
-0.0330657958984375 0.0186367034912109 -0.0562667846679688 -0.079193115234375
-0.0376701354980469 0.0196723937988281 -0.0576095581054688 -0.0561904907226562
-0.0388374328613281 -0.000747680664062503 -0.0430984497070313 -0.0375137329101562
-0.0340137481689453 -0.0211505889892578 -0.0408821105957031 -0.00952911376953125
-0.0214881896972656 -0.0358848571777344 -0.0550270080566406 0.00767898559570312
0.00634384155273437 -0.049560546875 -0.0810546875 0.01873779296875
0.0280036926269531 -0.0566139221191406 -0.126953125 0.0390396118164063
0.0563430786132813 -0.0492172241210938 -0.143508911132812 0.0239410400390625
0.104682922363281 -0.0328598022460938 -0.113029479980469 -0.100166320800781
0.0414962768554688 -0.0382537841796875 -0.0448074340820313 -0.0460700988769531
0.0220756530761719 -0.0358123779296875 0.036712646484375 -0.0351638793945313
-0.000732421875 -0.0275077819824219 0.0558357238769531 -0.0682334899902344
-0.00438499450683594 -0.0247726440429687 0.0482177734375 -0.0935134887695313
-0.0257301330566406 -0.0173320770263672 0.00826263427734374 -0.118721008300781
-0.0454864501953125 -0.0154228210449219 -0.0385208129882813 -0.111236572265625
-0.0449333190917969 -0.0193862915039063 -0.0434951782226563 -0.0784454345703125
-0.0579719543457031 -0.0206527709960937 -0.0443305969238281 -0.0558891296386719
-0.0499420166015625 -0.0400581359863281 -0.0331192016601563 -0.032073974609375
-0.0294952392578125 -0.0655517578125 -0.0308570861816406 -0.00487899780273439
-0.000785827636718751 -0.077392578125 -0.044830322265625 0.00656509399414061
0.0546875 -0.0695266723632813 -0.0612258911132813 0.0163078308105469
0.0826568603515625 -0.064727783203125 -0.0998916625976563 0.0305709838867187
0.113388061523438 -0.0408096313476563 -0.1107177734375 0.0184402465820312
0.147537231445313 -0.006561279296875 -0.0686492919921875 -0.105804443359375
0.09210205078125 -0.017791748046875 -0.0100479125976562 -0.053375244140625
0.0818710327148438 -0.033721923828125 0.0573692321777344 -0.0379829406738281
0.0460739135742188 -0.04901123046875 0.06878662109375 -0.0734710693359375
0.0285110473632813 -0.0543937683105469 0.0559844970703125 -0.09130859375
-0.0148658752441406 -0.0584449768066406 0.0150985717773438 -0.113479614257813
-0.0497970581054688 -0.0559005737304687 -0.0234527587890625 -0.10125732421875
-0.0500259399414063 -0.0555648803710938 -0.0240516662597656 -0.0652732849121094
-0.0698699951171875 -0.0565185546875 -0.0228652954101562 -0.0465202331542969
-0.0566329956054688 -0.0722427368164063 -0.0171585083007813 -0.0187034606933594
-0.0247116088867188 -0.09967041015625 -0.0178127288818359 0.0050220489501953
0.014007568359375 -0.108665466308594 -0.0347366333007813 0.00937271118164062
0.0907516479492187 -0.0847091674804688 -0.0426101684570312 0.0118370056152344
0.12237548828125 -0.068206787109375 -0.0663108825683594 0.0157203674316406
0.152664184570313 -0.027923583984375 -0.0626487731933594 0.0141563415527344
0.169326782226563 0.0192413330078125 -0.0109405517578125 -0.0994644165039063
0.130683898925781 0.002227783203125 0.0339622497558594 -0.0525016784667969
0.132026672363281 -0.0317535400390625 0.0777435302734375 -0.0365066528320313
0.0848159790039063 -0.0699386596679688 0.0784225463867188 -0.0699996948242187
0.0546798706054687 -0.081329345703125 0.058563232421875 -0.0784378051757813
-0.00453948974609374 -0.0926132202148438 0.0209503173828125 -0.0938034057617188
-0.0481338500976563 -0.0870513916015625 -0.0054168701171875 -0.0765838623046875
-0.0474472045898437 -0.08251953125 -0.00078964233398438 -0.0428466796875
-0.0695114135742187 -0.084503173828125 0.00209426879882812 -0.02764892578125
-0.0521926879882813 -0.09295654296875 0.000951945781707761 -0.000394701957702642
-0.0136795043945313 -0.118476867675781 -0.00382328033447266 0.0173234939575195
0.0278472900390625 -0.124214172363281 -0.0237178802490234 0.0137252807617187
0.114143371582031 -0.0867385864257813 -0.0268535614013672 0.00620841979980468
0.146163940429688 -0.0592498779296875 -0.0306549072265625 -0.00248527526855469
0.170303344726563 -0.008697509765625 -0.00602340698242187 0.0118522644042969
0.164459228515625 0.03741455078125 0.04876708984375 -0.085479736328125
0.143966674804688 0.0174407958984375 0.0796585083007813 -0.0485610961914063
0.15533447265625 -0.027801513671875 0.0939102172851563 -0.0340423583984375
0.105926513671875 -0.0804061889648438 0.08203125 -0.0588150024414063
0.0679779052734375 -0.0949020385742188 0.0572586059570313 -0.05499267578125
0.00294494628906251 -0.110511779785156 0.0270271301269531 -0.0619392395019531
-0.0410079956054688 -0.103897094726563 0.0152130126953125 -0.0422821044921875
-0.0376815795898437 -0.0974884033203125 0.022430419921875 -0.0133800506591797
-0.0574569702148438 -0.100753784179688 0.0255088806152344 -0.00338745117187501
-0.0355987548828125 -0.102241516113281 0.0165786743164062 0.0219879150390625
0.00647735595703125 -0.120880126953125 0.00631141662597656 0.031768798828125
0.0471954345703125 -0.11907958984375 -0.0152816772460937 0.0182609558105469
0.1280517578125 -0.0685882568359375 -0.0136041641235351 0.000919342041015618
0.1510009765625 -0.033966064453125 0.00536727905273439 -0.0179157257080078
0.16351318359375 0.0168914794921875 0.0509834289550781 0.0145263671875
0.1317138671875 0.0465240478515625 0.102119445800781 -0.06988525390625
0.128227233886719 0.0276947021484375 0.119102478027344 -0.0455169677734375
0.14459228515625 -0.017364501953125 0.101089477539063 -0.0324783325195313
0.102516174316406 -0.0728912353515625 0.0795974731445313 -0.0431671142578125
0.0669784545898438 -0.0862884521484375 0.0530128479003906 -0.0283050537109375
0.00992584228515625 -0.105697631835937 0.035186767578125 -0.024169921875
-0.02569580078125 -0.102920532226562 0.0359382629394531 -0.00439071655273438
-0.0203933715820312 -0.0971145629882813 0.0415306091308594 0.0175819396972656
-0.0337677001953125 -0.103912353515625 0.0417594909667969 0.0263671875
-0.0096893310546875 -0.09832763671875 0.0231170654296875 0.0469779968261719
0.0319061279296875 -0.105216979980469 0.00721359252929687 0.0466270446777344
0.066802978515625 -0.0935211181640625 -0.0114841461181641 0.0243129730224609
0.127967834472656 -0.0312423706054687 -0.00318670272827148 -8.58306884765815E-06
0.136054992675781 0.00542449951171875 0.0366668701171875 -0.0224876403808594
0.132835388183594 0.04510498046875 0.09954833984375 0.0278701782226563
0.0775909423828125 0.050323486328125 0.138916015625 -0.0534820556640625
0.0868301391601563 0.0369186401367188 0.142669677734375 -0.04156494140625
0.104667663574219 0.00130462646484375 0.0978012084960938 -0.0312423706054688
0.0799102783203125 -0.0455245971679688 0.0726318359375 -0.0276641845703125
0.0561714172363281 -0.057220458984375 0.0464324951171875 -0.00498199462890625
0.0178146362304687 -0.0802154541015625 0.0406608581542969 0.00859451293945312
-0.00644683837890624 -0.0849990844726562 0.0527915954589844 0.0272026062011719
-0.002838134765625 -0.0822296142578125 0.0550613403320312 0.0445480346679687
-0.00895690917968749 -0.0910110473632813 0.0500221252441406 0.0567054748535156
0.0130615234375 -0.082244873046875 0.019775390625 0.071746826171875
0.0495758056640625 -0.0775604248046875 -0.000423431396484377 0.0615882873535156
0.0746383666992188 -0.0588912963867187 -0.0130729675292969 0.0327014923095703
0.110969543457031 0.00698089599609375 0.00127696990966797 0.00718021392822266
0.103706359863281 0.0415878295898438 0.0588912963867188 -0.012420654296875
0.0845565795898438 0.06439208984375 0.133193969726562 0.04876708984375
0.0125503540039062 0.0487442016601562 0.151611328125 -0.042694091796875
0.0332679748535156 0.0433540344238281 0.1463623046875 -0.040496826171875
0.0503768920898438 0.0230712890625 0.0860748291015625 -0.0306320190429688
0.0468521118164063 -0.00785446166992188 0.0620803833007812 -0.0164756774902344
0.0402450561523437 -0.0160713195800781 0.0386772155761719 0.0097503662109375
0.0280952453613281 -0.0409011840820313 0.0439224243164063 0.0300064086914063
0.0165901184082031 -0.0541496276855469 0.0614700317382813 0.049957275390625
0.016448974609375 -0.0552291870117188 0.0589828491210938 0.065032958984375
0.01397705078125 -0.0661811828613281 0.0489501953125 0.082733154296875
0.0270805358886719 -0.0560493469238281 0.0093536376953125 0.0931930541992188
0.052642822265625 -0.0454826354980469 -0.0137939453125 0.0751800537109375
0.0658340454101563 -0.0251960754394531 -0.0203781127929688 0.0434150695800781
0.0775222778320313 0.0329132080078125 -0.00236320495605468 0.0205402374267578
0.0561714172363281 0.0629653930664063 0.0668563842773438 0.00954818725585938
0.0255088806152344 0.0699806213378906 0.145767211914063 0.0740509033203125
0.0450859069824219 -0.0609359741210938 -0.151962280273438 -0.074310302734375
-0.016448974609375 -0.0504837036132813 -0.0706100463867187 -0.0225906372070313
-0.0399703979492188 -0.0318069458007813 0.0203838348388672 -0.0276699066162109
-0.0429534912109375 -0.00150680541992187 0.0416145324707031 -0.0619430541992188
-0.0339736938476563 0.00836944580078126 0.0325241088867187 -0.093505859375
-0.0289363861083984 0.0278148651123047 -0.00863647460937501 -0.115653991699219
-0.0312232971191406 0.0292797088623047 -0.0600662231445313 -0.106132507324219
-0.0312061309814453 0.0212936401367187 -0.0654220581054688 -0.077545166015625
-0.0355072021484375 0.023040771484375 -0.0655250549316406 -0.0542755126953125
-0.0379295349121094 0.0030670166015625 -0.0492973327636719 -0.0366783142089844
-0.0358772277832031 -0.0174942016601563 -0.04437255859375 -0.00871276855468751
-0.0255451202392578 -0.0339031219482422 -0.0575027465820313 0.0094757080078125
-2.67028808593714E-05 -0.0518112182617188 -0.08282470703125 0.0238037109375
0.0221405029296875 -0.0610771179199219 -0.129035949707031 0.0500640869140625
0.0531082153320313 -0.0562019348144531 -0.149322509765625 0.037261962890625
0.105621337890625 -0.0428543090820313 -0.125267028808594 -0.0949478149414063
0.0395240783691406 -0.0415878295898438 -0.05029296875 -0.04144287109375
0.0185546875 -0.0381355285644531 0.0363006591796875 -0.0375289916992188
-0.00267410278320313 -0.0265007019042969 0.0538558959960937 -0.0726165771484375
-0.00638580322265625 -0.0241489410400391 0.0450057983398437 -0.099273681640625
-0.0261344909667969 -0.0152816772460937 0.000251770019531258 -0.123641967773438
-0.0464057922363281 -0.0119285583496094 -0.0486526489257812 -0.111862182617188
-0.0469284057617188 -0.0171127319335938 -0.0518112182617187 -0.0777664184570313
-0.059814453125 -0.0162811279296875 -0.0523490905761719 -0.0542755126953125
-0.0532989501953125 -0.0362434387207031 -0.0391044616699219 -0.0320854187011719
-0.0348587036132812 -0.0636215209960938 -0.0347442626953125 -0.0049896240234375
-0.00688171386718749 -0.0779495239257813 -0.0476264953613281 0.00820541381835936
0.0489044189453125 -0.0765380859375 -0.0632743835449219 0.0187835693359375
0.0778884887695313 -0.0743942260742188 -0.10235595703125 0.0389785766601563
0.113273620605469 -0.0520401000976563 -0.116653442382812 0.0295257568359375
0.152633666992188 -0.0176849365234375 -0.0792999267578125 -0.104019165039063
0.0945205688476563 -0.024810791015625 -0.0158729553222656 -0.0515098571777344
0.0821380615234375 -0.041168212890625 0.0572471618652344 -0.0411911010742188
0.0435905456542969 -0.0533027648925781 0.067352294921875 -0.0785369873046875
0.0257911682128906 -0.058685302734375 0.0528411865234375 -0.0976333618164063
-0.0184516906738281 -0.0594749450683594 0.00746917724609374 -0.118980407714844
-0.0552406311035156 -0.0528144836425781 -0.0324630737304687 -0.102142333984375
-0.0552101135253906 -0.0539817810058594 -0.0305366516113281 -0.0655326843261719
-0.0752639770507813 -0.0527877807617188 -0.0296440124511719 -0.044952392578125
-0.0624275207519531 -0.0694465637207031 -0.0218887329101563 -0.01922607421875
-0.032684326171875 -0.100257873535156 -0.0209541320800781 0.00554466247558593
0.00588226318359375 -0.112213134765625 -0.0373001098632813 0.0104255676269531
0.0857772827148438 -0.0953826904296875 -0.0447578430175781 0.0128059387207031
0.11981201171875 -0.081298828125 -0.06982421875 0.0208816528320313
0.15618896484375 -0.04150390625 -0.0671005249023437 0.0214271545410156
0.177780151367188 0.0070343017578125 -0.0199127197265625 -0.102043151855469
0.135688781738281 -0.007415771484375 0.0287208557128906 -0.0540084838867187
0.135322570800781 -0.0436935424804688 0.078826904296875 -0.040740966796875
0.0830154418945313 -0.0782470703125 0.0771255493164063 -0.07568359375
0.0507659912109375 -0.0887680053710938 0.056365966796875 -0.0846176147460938
-0.0114593505859375 -0.0950546264648438 0.0145797729492187 -0.0980987548828125
-0.0567092895507813 -0.0859451293945313 -0.0123214721679688 -0.0779647827148438
-0.0555038452148437 -0.0827255249023437 -0.00500106811523438 -0.0432319641113281
-0.0781631469726562 -0.0814895629882813 -0.00253868103027344 -0.0283794403076172
-0.060455322265625 -0.091766357421875 -0.00177085399627686 -0.000528931617736822
-0.0237579345703125 -0.121353149414063 -0.00601863861083984 0.0170764923095703
0.0190505981445313 -0.130470275878906 -0.0264263153076172 0.0139255523681641
0.111839294433594 -0.0996322631835938 -0.0290584564208984 0.00511360168457031
0.145370483398438 -0.0739593505859375 -0.0340156555175781 -0.000724792480468761
0.176559448242188 -0.0225982666015625 -0.00826740264892577 0.0140495300292969
0.174453735351563 0.0263519287109375 0.0435256958007813 -0.0931396484375
0.1514892578125 0.0081634521484375 0.0772857666015625 -0.05377197265625
0.159942626953125 -0.041534423828125 0.095123291015625 -0.0387039184570312
0.103569030761719 -0.091705322265625 0.0824432373046875 -0.063873291015625
0.0641021728515625 -0.104644775390625 0.0568885803222656 -0.0605964660644531
-0.00537872314453125 -0.114173889160156 0.0235366821289062 -0.0654869079589844
-0.0514755249023437 -0.10400390625 0.0118751525878906 -0.0442352294921875
-0.0473403930664063 -0.09759521484375 0.0214366912841797 -0.0153064727783203
-0.0683364868164062 -0.0991897583007813 0.0240058898925781 -0.00443077087402344
-0.0448837280273438 -0.102485656738281 0.0155735015869141 0.0221023559570312
-0.00343322753906249 -0.125205993652344 0.00524520874023437 0.0310516357421875
0.038299560546875 -0.127159118652344 -0.0169448852539062 0.0177459716796875
0.128196716308594 -0.0821380615234375 -0.0155582427978516 -0.00125598907470704
0.153732299804688 -0.0483245849609375 0.0012493133544922 -0.0196990966796875
0.172622680664063 0.0041046142578125 0.0512351989746094 0.0125389099121094
0.14178466796875 0.0388641357421875 0.100639343261719 -0.0810317993164062
0.135566711425781 0.0196304321289063 0.118446350097656 -0.053741455078125
0.150604248046875 -0.0295867919921875 0.103233337402344 -0.0380096435546875
0.101310729980469 -0.0841827392578125 0.080657958984375 -0.0485305786132813
0.0634613037109375 -0.0964279174804687 0.0544281005859375 -0.0326347351074219
0.00145721435546874 -0.110389709472656 0.0345859527587891 -0.0263462066650391
-0.0366363525390625 -0.104049682617188 0.0370407104492188 -0.00731277465820313
-0.0305557250976563 -0.099090576171875 0.0448074340820313 0.0154762268066406
-0.0447463989257813 -0.103897094726562 0.0434532165527344 0.0248680114746094
-0.0186996459960938 -0.100509643554688 0.0243606567382813 0.0477218627929687
0.0245819091796875 -0.111831665039062 0.00777435302734375 0.0473747253417969
0.0614089965820313 -0.1024169921875 -0.0126533508300781 0.0239124298095703
0.13226318359375 -0.0433273315429688 -0.00479030609130859 -0.00275707244873047
0.142745971679687 -0.0063629150390625 0.0345859527587891 -0.02752685546875
0.143508911132813 0.0367431640625 0.103256225585938 0.02154541015625
0.0856857299804688 0.0467681884765625 0.140296936035156 -0.0670623779296875
0.0940475463867188 0.0322647094726563 0.143798828125 -0.05340576171875
0.111343383789063 -0.0072479248046875 0.0995635986328125 -0.0369796752929688
0.0799560546875 -0.0544357299804688 0.0741500854492188 -0.0318756103515625
0.0542221069335937 -0.0655403137207031 0.0493431091308594 -0.00670242309570313
0.0108108520507813 -0.0847549438476563 0.0432052612304688 0.00632095336914062
-0.0162582397460938 -0.0870513916015625 0.0568351745605469 0.0240020751953125
-0.0106658935546875 -0.0852813720703125 0.0608444213867187 0.04229736328125
-0.018310546875 -0.0931930541992188 0.054534912109375 0.0553474426269531
0.0055389404296875 -0.0855026245117188 0.0233612060546875 0.0741195678710938
0.044189453125 -0.0850906372070313 0.00128555297851563 0.0634231567382813
0.0723037719726563 -0.067962646484375 -0.0132732391357422 0.0332202911376953
0.11767578125 -0.00276947021484375 0.000585556030273444 0.00473594665527344
0.111968994140625 0.0339202880859375 0.0587997436523438 -0.0182685852050781
0.094818115234375 0.0604324340820313 0.140083312988281 0.0409698486328125
0.0179862976074219 0.0498504638671875 0.1546630859375 -0.0575103759765625
0.0395927429199219 0.0429000854492188 0.14874267578125 -0.0529022216796875
0.0569877624511719 0.0194778442382813 0.087158203125 -0.0361709594726563
0.0487937927246094 -0.0137214660644531 0.0647544860839844 -0.0195121765136719
0.0408821105957031 -0.0214424133300781 0.04248046875 0.00834274291992187
0.0240592956542969 -0.0458488464355469 0.0486259460449219 0.0283241271972656
0.010040283203125 -0.0580062866210938 0.068023681640625 0.0465049743652344
0.0104446411132812 -0.0582313537597656 0.066436767578125 0.0627288818359375
0.00736236572265625 -0.0693244934082031 0.05609130859375 0.0828018188476563
0.02142333984375 -0.0610389709472656 0.0145645141601563 0.097137451171875
0.0491142272949219 -0.0520858764648437 -0.0107574462890625 0.0783538818359375
0.065826416015625 -0.0322380065917969 -0.01953125 0.0448989868164063
0.0847702026367187 0.0275421142578125 -0.00106430053710937 0.0189170837402344
0.0648918151855469 0.0601348876953125 0.0692558288574219 0.003387451171875
0.0336532592773438 0.0706863403320313 0.15606689453125 0.06634521484375
0.0392112731933594 -0.0670852661132813 -0.160995483398438 -0.0608978271484375
-0.0220184326171875 -0.0490303039550781 -0.0735244750976562 -0.0138702392578125
-0.0446624755859375 -0.0270500183105469 0.0185317993164062 -0.0286464691162109
-0.0438957214355469 0.00434112548828125 0.0380897521972656 -0.0647811889648438
-0.0331439971923828 0.0137557983398437 0.0268173217773437 -0.0973281860351563
-0.0242919921875 0.0306301116943359 -0.0185623168945313 -0.117256164550781
-0.0261688232421875 0.0326175689697266 -0.0707778930664063 -0.102165222167969
-0.0279388427734375 0.0242385864257813 -0.0746841430664063 -0.0726089477539062
-0.0315494537353516 0.0261421203613281 -0.073394775390625 -0.0482406616210938
-0.0358543395996094 0.00725173950195313 -0.0559425354003906 -0.0342559814453125
-0.0367774963378906 -0.0125694274902344 -0.0473556518554687 -0.00686264038085937
-0.0298519134521484 -0.0301685333251953 -0.0591468811035156 0.0136222839355469
-0.00780105590820312 -0.0522956848144531 -0.08306884765625 0.0303726196289063
0.0140419006347656 -0.0644989013671875 -0.127273559570313 0.0628738403320313
0.0469818115234375 -0.0631484985351563 -0.15032958984375 0.05450439453125
0.1031494140625 -0.0540847778320313 -0.13677978515625 -0.0835418701171875
0.0355148315429688 -0.0453071594238281 -0.0556182861328125 -0.0347404479980469
0.0144233703613281 -0.0398330688476562 0.0336189270019531 -0.039825439453125
-0.00513839721679687 -0.0252227783203125 0.0496902465820313 -0.0779190063476563
-0.00802803039550781 -0.0231227874755859 0.0376663208007813 -0.104827880859375
-0.025909423828125 -0.012481689453125 -0.0102767944335938 -0.126068115234375
-0.0463371276855469 -0.00702667236328126 -0.060577392578125 -0.108810424804688
-0.0484466552734375 -0.0134620666503906 -0.0608978271484375 -0.0735549926757813
-0.0603485107421875 -0.0112838745117188 -0.0605049133300781 -0.0494766235351563
-0.0553474426269531 -0.0313568115234375 -0.0451431274414063 -0.0296783447265625
-0.0404090881347656 -0.0594711303710938 -0.0379257202148438 -0.0031585693359375
-0.0154800415039062 -0.0771026611328125 -0.0497589111328125 0.0107841491699219
0.0402297973632812 -0.081878662109375 -0.06427001953125 0.0232696533203125
0.0694046020507812 -0.0838623046875 -0.102104187011719 0.0493240356445312
0.10943603515625 -0.0645217895507813 -0.118209838867188 0.0433731079101562
0.154281616210937 -0.0332794189453125 -0.0916824340820313 -0.098114013671875
0.09332275390625 -0.0337066650390625 -0.0219535827636719 -0.0475692749023437
0.0791854858398438 -0.0493927001953125 0.0554771423339844 -0.0446434020996094
0.0389900207519531 -0.0571556091308594 0.0626449584960938 -0.08453369140625
0.0210380554199219 -0.0617141723632813 0.0460433959960938 -0.103729248046875
-0.0233383178710937 -0.0577049255371094 -0.00263977050781249 -0.121681213378906
-0.0605392456054687 -0.0478248596191406 -0.0438385009765625 -0.100372314453125
-0.0613021850585938 -0.0496253967285156 -0.0381431579589844 -0.0634193420410156
-0.080902099609375 -0.0460968017578125 -0.0368423461914063 -0.0421218872070313
-0.0690994262695313 -0.0636749267578125 -0.0269985198974609 -0.0175437927246094
-0.0427474975585937 -0.096527099609375 -0.0236587524414063 0.00543975830078124
-0.00568389892578126 -0.11328125 -0.0389785766601562 0.0114974975585937
0.0766830444335938 -0.105499267578125 -0.0463180541992187 0.0146331787109375
0.111000061035156 -0.094940185546875 -0.0703887939453125 0.0279922485351563
0.154891967773438 -0.0585174560546875 -0.068817138671875 0.030120849609375
0.182403564453125 -0.0097198486328125 -0.03076171875 -0.101516723632812
0.13714599609375 -0.0196380615234375 0.0226898193359375 -0.0542488098144531
0.133529663085938 -0.0580291748046875 0.0776824951171875 -0.045684814453125
0.076507568359375 -0.0870895385742188 0.0731277465820312 -0.082489013671875
0.043609619140625 -0.0961227416992188 0.0516586303710938 -0.0907669067382813
-0.0202484130859375 -0.0948562622070313 0.00554656982421875 -0.100563049316406
-0.0660781860351563 -0.0806655883789063 -0.0202484130859375 -0.0773086547851563
-0.0648040771484375 -0.0783309936523438 -0.00935363769531251 -0.0431632995605469
-0.0875778198242188 -0.0744781494140625 -0.00721359252929688 -0.0269184112548828
-0.0696640014648438 -0.0864334106445313 -0.00486755371093751 -0.00031518936157227
-0.0355148315429688 -0.11932373046875 -0.00776767730712891 0.0168523788452148
0.00592803955078125 -0.133468627929688 -0.0280685424804688 0.0141315460205078
0.102813720703125 -0.113174438476563 -0.0311908721923828 0.00573158264160155
0.138847351074219 -0.0903396606445313 -0.0372772216796875 0.00259780883789063
0.179183959960938 -0.0410919189453125 -0.00971126556396483 0.0173025131225586
0.180435180664062 0.00994873046875 0.0346908569335938 -0.099029541015625
0.15472412109375 -0.006134033203125 0.0713882446289063 -0.058990478515625
0.159881591796875 -0.0586090087890625 0.0948638916015625 -0.0454864501953125
0.096527099609375 -0.102775573730469 0.0797119140625 -0.0712966918945313
0.0546417236328125 -0.113677978515625 0.0542068481445312 -0.0664749145507813
-0.016845703125 -0.114845275878906 0.0174636840820313 -0.0675315856933594
-0.06304931640625 -0.0994644165039063 0.00795745849609375 -0.0451545715332031
-0.0582656860351563 -0.0950546264648438 0.0201206207275391 -0.0168056488037109
-0.0794448852539062 -0.0934371948242188 0.0219478607177734 -0.00532531738281251
-0.055572509765625 -0.09906005859375 0.0153522491455078 0.0215110778808594
-0.0161590576171875 -0.126625061035156 0.00520706176757812 0.03094482421875
0.026458740234375 -0.132896423339844 -0.0181808471679688 0.0181026458740234
0.122154235839844 -0.0974578857421875 -0.0184135437011719 -0.00260353088378907
0.151458740234375 -0.0650787353515625 -0.00238800048828124 -0.0205211639404297
0.177520751953125 -0.0128936767578125 0.0511703491210938 0.0100975036621094
0.149383544921875 0.02618408203125 0.0939407348632813 -0.0921783447265625
0.140701293945313 0.0076141357421875 0.114112854003906 -0.0634689331054687
0.1512451171875 -0.0453338623046875 0.102424621582031 -0.045562744140625
0.0949249267578125 -0.0952377319335938 0.0793609619140625 -0.05535888671875
0.0548858642578125 -0.105255126953125 0.053619384765625 -0.037445068359375
-0.00991058349609376 -0.1116943359375 0.0321502685546875 -0.0298252105712891
-0.0490798950195313 -0.101234436035156 0.0371742248535156 -0.0105552673339844
-0.042144775390625 -0.0976715087890625 0.0471267700195313 0.0115776062011719
-0.0569839477539062 -0.0999755859375 0.0452499389648437 0.0226325988769531
-0.0290985107421875 -0.0996551513671875 0.0265579223632812 0.0471916198730469
0.0125198364257813 -0.115913391113281 0.00927734375 0.0467796325683594
0.051910400390625 -0.110855102539062 -0.0126628875732422 0.0237560272216797
0.130775451660156 -0.05889892578125 -0.00708007812499999 -0.0045766830444336
0.144454956054688 -0.0211334228515625 0.0304489135742188 -0.0314521789550781
0.151870727539063 0.0232391357421875 0.10516357421875 0.0133743286132813
0.0931549072265625 0.0396728515625 0.136093139648438 -0.0831146240234375
0.100341796875 0.0245590209960938 0.140365600585937 -0.0672836303710937
0.114677429199219 -0.0192031860351563 0.0985260009765625 -0.0440292358398437
0.0762481689453125 -0.0641708374023438 0.0744247436523438 -0.0379562377929688
0.0487213134765625 -0.0737762451171875 0.0510902404785156 -0.0108146667480469
0.00161743164062499 -0.0874404907226563 0.0448570251464844 0.00303649902343749
-0.0267333984375 -0.086029052734375 0.0611228942871094 0.0189933776855469
-0.0208892822265625 -0.0849685668945312 0.065826416015625 0.0373153686523437
-0.0296249389648438 -0.0923080444335938 0.0595016479492188 0.0518455505371094
-0.00418853759765626 -0.0873031616210938 0.0284347534179688 0.074371337890625
0.0351486206054688 -0.0917434692382813 0.00423812866210938 0.0646896362304688
0.0665435791015625 -0.0771331787109375 -0.0126266479492187 0.0329456329345703
0.120895385742188 -0.0161056518554688 -5.96046447753831E-05 0.00195634365081787
0.1181640625 0.0228652954101563 0.0564804077148438 -0.0255126953125
0.104331970214844 0.0521469116210938 0.144744873046875 0.02899169921875
0.0245628356933594 0.0496253967285156 0.152969360351563 -0.0753631591796875
0.045928955078125 0.03973388671875 0.145919799804688 -0.0686492919921875
0.0624771118164063 0.0130538940429688 0.08538818359375 -0.0427398681640625
0.048919677734375 -0.020050048828125 0.0651054382324219 -0.0242958068847656
0.0390129089355469 -0.0280609130859375 0.0457725524902344 0.00608444213867187
0.0181350708007813 -0.0493049621582031 0.0536727905273437 0.0248298645019531
0.0023651123046875 -0.0596122741699219 0.0747146606445313 0.0405426025390625
0.00286865234375 -0.0602493286132813 0.0743637084960938 0.05718994140625
-0.0013275146484375 -0.070526123046875 0.0643844604492188 0.0789031982421875
0.0142593383789063 -0.0629539489746094 0.0225677490234375 0.0981292724609375
0.0434608459472656 -0.0590133666992187 -0.00634002685546875 0.0808944702148438
0.0636405944824219 -0.0405731201171875 -0.0177078247070312 0.0464210510253906
0.0909652709960938 0.018341064453125 -0.000242233276367183 0.0172510147094727
0.072998046875 0.0542755126953125 0.0701942443847656 -0.0045928955078125
0.0425834655761719 0.0687294006347656 0.163818359375 0.05316162109375
0.030792236328125 -0.0701637268066406 -0.1636962890625 -0.044952392578125
-0.0267677307128906 -0.0459403991699219 -0.0727310180664063 -0.00469207763671877
-0.0478248596191406 -0.0205955505371094 0.0162029266357422 -0.0288562774658203
-0.04315185546875 0.0105781555175781 0.0330352783203125 -0.0656852722167969
-0.0301780700683594 0.0172119140625 0.0194549560546875 -0.09759521484375
-0.0187816619873047 0.0323276519775391 -0.0270233154296875 -0.113990783691406
-0.0206108093261719 0.0337429046630859 -0.0792388916015625 -0.0941314697265625
-0.0239772796630859 0.0259284973144531 -0.0808563232421875 -0.0642852783203125
-0.0269451141357422 0.0275611877441406 -0.077728271484375 -0.0399398803710938
-0.0323028564453125 0.0106277465820313 -0.0597610473632813 -0.0295295715332031
-0.0361976623535156 -0.00790786743164062 -0.049072265625 -0.0035247802734375
-0.0329494476318359 -0.0249118804931641 -0.0581130981445313 0.0171127319335938
-0.0146026611328125 -0.0497322082519531 -0.0799102783203125 0.0354766845703125
0.0052032470703125 -0.0647048950195313 -0.119400024414063 0.0734329223632813
0.0390739440917969 -0.0676612854003906 -0.14459228515625 0.0701904296875
0.0956497192382813 -0.0632858276367188 -0.14251708984375 -0.0698394775390625
0.0302543640136719 -0.0475807189941406 -0.0578804016113281 -0.0257453918457031
0.00986862182617188 -0.0395164489746094 0.0306129455566406 -0.0406990051269531
-0.00803184509277344 -0.0233173370361328 0.0432510375976563 -0.079376220703125
-0.00943565368652344 -0.0209674835205078 0.0287704467773438 -0.105972290039062
-0.0247821807861328 -0.00970268249511719 -0.020751953125 -0.123191833496094
-0.0445289611816406 -0.00299453735351563 -0.069915771484375 -0.100875854492188
-0.0477218627929688 -0.00873184204101562 -0.0679969787597656 -0.0659675598144531
-0.0590476989746094 -0.00543212890624999 -0.0655517578125 -0.0423851013183594
-0.0556221008300781 -0.02569580078125 -0.0496788024902344 -0.0258750915527344
-0.0439529418945312 -0.0532913208007812 -0.0396957397460938 -0.00101470947265626
-0.02239990234375 -0.0728530883789063 -0.0501327514648438 0.0135612487792969
0.0298614501953125 -0.083740234375 -0.0625076293945312 0.0270118713378906
0.057769775390625 -0.0884246826171875 -0.09661865234375 0.05810546875
0.10076904296875 -0.0752029418945313 -0.114128112792969 0.05584716796875
0.14892578125 -0.0475006103515625 -0.099884033203125 -0.087615966796875
0.0887451171875 -0.0407943725585938 -0.0265464782714844 -0.0412979125976562
0.073486328125 -0.0563278198242188 0.0520133972167969 -0.04736328125
0.0326499938964844 -0.0586395263671875 0.0553131103515625 -0.0875091552734375
0.0153388977050781 -0.062835693359375 0.0371932983398437 -0.106430053710938
-0.0270156860351563 -0.05419921875 -0.0134506225585937 -0.118911743164063
-0.0627899169921875 -0.0410041809082031 -0.0529403686523438 -0.0938491821289063
-0.0641670227050781 -0.0432815551757813 -0.0441246032714844 -0.0580329895019531
-0.0831527709960938 -0.0374069213867187 -0.0415191650390625 -0.0367355346679687
-0.0721282958984375 -0.0548858642578125 -0.0308341979980469 -0.0149421691894531
-0.0502166748046875 -0.0897979736328125 -0.0255374908447266 0.006591796875
-0.0166702270507813 -0.110069274902344 -0.0401153564453125 0.0133438110351562
0.0638275146484375 -0.111228942871094 -0.0463600158691406 0.0171699523925781
0.0980453491210937 -0.103797912597656 -0.0681838989257813 0.0346565246582031
0.14697265625 -0.0729522705078125 -0.066925048828125 0.0384864807128906
0.179336547851563 -0.0272216796875 -0.0406723022460937 -0.0974655151367188
0.133781433105469 -0.0321044921875 0.0165748596191406 -0.0522041320800781
0.126487731933594 -0.06976318359375 0.0734481811523438 -0.0495529174804688
0.0667495727539063 -0.09185791015625 0.0665740966796875 -0.0859146118164063
0.0340957641601562 -0.0990447998046875 0.0431060791015625 -0.0934829711914062
-0.028839111328125 -0.0914993286132813 -0.003265380859375 -0.0990829467773438
-0.0722427368164063 -0.072174072265625 -0.027099609375 -0.0734024047851563
-0.0709228515625 -0.0709457397460938 -0.0137672424316406 -0.0413551330566406
-0.0934219360351562 -0.0640716552734375 -0.0117588043212891 -0.0247573852539063
-0.0757598876953125 -0.0777969360351563 -0.00728845596313477 0.000851154327392572
-0.0466537475585938 -0.113075256347656 -0.00897693634033203 0.0167922973632812
-0.00660705566406251 -0.131378173828125 -0.0291175842285156 0.0150279998779297
0.0896072387695313 -0.121696472167969 -0.0328865051269531 0.006500244140625
0.126228332519531 -0.102180480957031 -0.0379905700683594 0.00618743896484375
0.172866821289063 -0.058837890625 -0.0104351043701172 0.0202102661132812
0.180572509765625 -0.0074310302734375 0.0245590209960938 -0.100570678710938
0.152389526367187 -0.01953125 0.0638542175292969 -0.0616569519042969
0.15216064453125 -0.0734100341796875 0.0902862548828125 -0.05133056640625
0.0850601196289062 -0.110107421875 0.0735702514648438 -0.0757598876953125
0.0430374145507813 -0.117767333984375 0.0483245849609375 -0.0700225830078125
-0.027587890625 -0.111473083496094 0.0113258361816406 -0.0674285888671875
-0.0716781616210938 -0.0900497436523438 0.00339889526367187 -0.0440559387207031
-0.0671844482421875 -0.0874862670898438 0.0186138153076172 -0.0186691284179688
-0.0875930786132813 -0.0827560424804687 0.0195178985595703 -0.00592231750488282
-0.0634689331054688 -0.091217041015625 0.0146636962890625 0.0206565856933594
-0.0278167724609375 -0.122360229492188 0.00523757934570312 0.029693603515625
0.0125198364257812 -0.133567810058594 -0.0195236206054688 0.0179710388183594
0.110954284667969 -0.108299255371094 -0.0206069946289062 -0.00252914428710938
0.141128540039063 -0.078826904296875 -0.0063037872314453 -0.0198497772216797
0.175506591796875 -0.0300750732421875 0.0495071411132813 0.00652694702148437
0.151077270507813 0.0118865966796875 0.0829696655273438 -0.0996780395507813
0.140151977539063 -0.00449371337890625 0.104751586914063 -0.0713653564453125
0.14617919921875 -0.059844970703125 0.0985336303710938 -0.05267333984375
0.0842132568359375 -0.103141784667969 0.0746078491210938 -0.0597991943359375
0.0439987182617187 -0.1104736328125 0.0510177612304688 -0.0412101745605469
-0.0213088989257812 -0.1087646484375 0.0294437408447266 -0.0308856964111328
-0.0583877563476562 -0.0933990478515625 0.0353279113769531 -0.0135993957519531
-0.0511550903320313 -0.0916366577148437 0.047119140625 0.00713348388671874
-0.0661849975585938 -0.0916900634765625 0.0450706481933594 0.0184860229492187
-0.0386581420898438 -0.0946426391601563 0.0287322998046875 0.0450668334960937
0.000656127929687509 -0.115249633789063 0.0103302001953125 0.0455894470214844
0.0396041870117187 -0.114578247070313 -0.0135345458984375 0.0231437683105469
0.123382568359375 -0.07171630859375 -0.00984764099121093 -0.00645542144775391
0.140350341796875 -0.0347671508789062 0.0250263214111328 -0.0344524383544922
0.153152465820312 0.008148193359375 0.103073120117188 0.0052032470703125
0.0964584350585938 0.0308761596679687 0.126373291015625 -0.0948028564453125
0.101913452148438 0.0153427124023438 0.130287170410156 -0.0774383544921875
0.112640380859375 -0.0306930541992187 0.0942153930664063 -0.0506744384765625
0.0695953369140625 -0.0709457397460938 0.0705108642578125 -0.0424041748046875
0.0404815673828125 -0.0789260864257813 0.050872802734375 -0.0150222778320313
-0.00815582275390626 -0.0858688354492188 0.0448570251464844 -0.00052261352539063
-0.0360336303710937 -0.0811691284179688 0.0619239807128906 0.0136642456054687
-0.0301513671875 -0.0808792114257812 0.0683364868164063 0.0302848815917969
-0.0395050048828125 -0.086761474609375 0.0627861022949219 0.0463218688964844
-0.0131454467773438 -0.084259033203125 0.0330429077148438 0.0715408325195313
0.0250778198242187 -0.0937042236328125 0.00772476196289063 0.0633735656738281
0.0575637817382813 -0.0829849243164063 -0.0116500854492187 0.0331230163574219
0.117973327636719 -0.028411865234375 -0.00200998783111572 -0.000520348548889162
0.119033813476563 0.01043701171875 0.0512924194335938 -0.0313987731933594
0.109245300292969 0.041015625 0.143798828125 0.0160675048828125
0.0304603576660156 0.0465660095214844 0.143890380859375 -0.0902557373046875
0.0505867004394531 0.0350990295410156 0.136314392089844 -0.0806427001953125
0.0646896362304688 0.00623703002929687 0.0812911987304688 -0.0477676391601563
0.0467529296875 -0.0258941650390625 0.0636711120605469 -0.02862548828125
0.0351448059082031 -0.0325889587402344 0.0473136901855469 0.00222015380859375
0.0114974975585937 -0.0505752563476562 0.0556221008300781 0.0196952819824219
-0.00571060180664062 -0.0581321716308594 0.0781707763671875 0.0325241088867187
-0.00447845458984375 -0.0588150024414063 0.0792083740234375 0.0490646362304688
-0.00967788696289063 -0.0681419372558594 0.0702743530273438 0.0722885131835938
0.00668334960937499 -0.0631256103515625 0.0296401977539062 0.0955963134765625
0.0357856750488281 -0.0624465942382813 -0.000854492187499997 0.0808334350585938
0.058349609375 -0.0472946166992188 -0.0148887634277344 0.0461959838867188
0.0925445556640625 0.00830078125 0.000272750854492195 0.0144405364990234
0.0785980224609375 0.0460968017578125 0.0669746398925781 -0.0127944946289062
0.0498237609863281 0.0630416870117187 0.165115356445313 0.0378875732421875
0.0240058898925781 -0.0696182250976563 -0.160781860351563 -0.0325469970703125
-0.0295867919921875 -0.0416717529296875 -0.0697593688964844 0.00231933593750001
-0.0480499267578125 -0.0151252746582031 0.0142555236816406 -0.0272350311279297
-0.0400886535644531 0.0146942138671875 0.0296516418457031 -0.0640182495117188
-0.0272731781005859 0.0201091766357422 0.0141525268554688 -0.0950241088867188
-0.0142879486083984 0.0319919586181641 -0.0320663452148438 -0.109321594238281
-0.0157146453857422 0.0330886840820313 -0.0825424194335938 -0.0858535766601563
-0.0208377838134766 0.0256481170654297 -0.0822906494140625 -0.056610107421875
-0.0232372283935547 0.0277366638183594 -0.0780181884765625 -0.033111572265625
-0.0291709899902344 0.0118675231933594 -0.0613899230957031 -0.0254859924316406
-0.0340518951416016 -0.00369834899902344 -0.0495491027832031 -0.00168991088867187
-0.0334072113037109 -0.0205001831054688 -0.0571746826171875 0.0196952819824219
-0.0191230773925781 -0.0457000732421875 -0.075225830078125 0.0388870239257813
-0.00113677978515624 -0.0619163513183594 -0.110542297363281 0.0785293579101563
0.0311164855957031 -0.06829833984375 -0.135368347167969 0.0791168212890625
0.0879058837890625 -0.0680770874023438 -0.14215087890625 -0.0577545166015625
0.0258369445800781 -0.0476837158203125 -0.0567550659179688 -0.0190277099609375
0.00616836547851563 -0.0384101867675781 0.0280380249023438 -0.0396232604980469
-0.00893020629882813 -0.0197467803955078 0.03814697265625 -0.0780868530273438
-0.00948905944824219 -0.0191726684570313 0.022979736328125 -0.103736877441406
-0.0228366851806641 -0.00808525085449218 -0.026702880859375 -0.117851257324219
-0.0414886474609375 -0.000114440917968758 -0.0739364624023438 -0.0922775268554687
-0.0463752746582031 -0.00554656982421874 -0.0698165893554688 -0.0585861206054688
-0.0566940307617187 -0.00189208984375 -0.0668182373046875 -0.0357627868652344
-0.0535011291503906 -0.0211448669433594 -0.051605224609375 -0.021881103515625
-0.0445709228515625 -0.0469932556152344 -0.0406265258789063 0.000411987304687491
-0.0266532897949219 -0.0670585632324219 -0.0493316650390625 0.0152168273925781
0.0217208862304687 -0.0819473266601563 -0.0594902038574219 0.0284843444824219
0.0471038818359375 -0.0885391235351563 -0.0907440185546875 0.06268310546875
0.09161376953125 -0.0797271728515625 -0.107681274414063 0.0637283325195313
0.140731811523438 -0.05609130859375 -0.102394104003906 -0.077239990234375
0.0825881958007813 -0.0450973510742188 -0.0284919738769531 -0.0348758697509766
0.0661888122558594 -0.0594978332519531 0.0484695434570313 -0.0472640991210938
0.02752685546875 -0.0574798583984375 0.0493316650390625 -0.08642578125
0.0106582641601562 -0.061065673828125 0.030364990234375 -0.104484558105469
-0.0284194946289063 -0.0507087707519531 -0.0199203491210938 -0.1136474609375
-0.0616950988769531 -0.0350570678710938 -0.0570449829101563 -0.0861740112304688
-0.0647201538085938 -0.0372085571289063 -0.0466728210449219 -0.0527839660644531
-0.0822982788085938 -0.030548095703125 -0.0437202453613281 -0.0316734313964844
-0.0719223022460938 -0.0483169555664063 -0.0329742431640625 -0.0122661590576172
-0.0531387329101563 -0.0820999145507813 -0.0262641906738281 0.00717353820800781
-0.0233612060546875 -0.103813171386719 -0.0400733947753906 0.0142478942871094
0.0528106689453125 -0.110595703125 -0.0453948974609375 0.01800537109375
0.0857009887695313 -0.106315612792969 -0.0648651123046875 0.0384559631347656
0.136428833007812 -0.0810165405273438 -0.0638656616210938 0.0434837341308594
0.171905517578125 -0.03887939453125 -0.046295166015625 -0.090606689453125
0.127159118652344 -0.039215087890625 0.0118331909179688 -0.0481529235839844
0.117073059082031 -0.0766525268554688 0.0694122314453125 -0.0511093139648438
0.0584259033203125 -0.092987060546875 0.0599136352539063 -0.0862808227539063
0.0257415771484375 -0.0981216430664063 0.0372314453125 -0.0925750732421875
-0.032958984375 -0.0859832763671875 -0.00887298583984375 -0.0944900512695313
-0.0736923217773438 -0.0637054443359375 -0.03143310546875 -0.067718505859375
-0.0732650756835938 -0.0637359619140625 -0.0154228210449219 -0.0387611389160156
-0.0939178466796875 -0.0550537109375 -0.0142459869384766 -0.0219993591308594
-0.0768356323242187 -0.0691757202148438 -0.00927448272705079 0.0014505386352539
-0.0520095825195313 -0.105224609375 -0.00986099243164062 0.0164909362792969
-0.0159225463867188 -0.125106811523438 -0.0296440124511719 0.0155353546142578
0.0779342651367188 -0.123306274414063 -0.0335044860839844 0.00671195983886719
0.112998962402344 -0.106460571289063 -0.0379257202148437 0.00862121582031249
0.163818359375 -0.068389892578125 -0.0101699829101562 0.0219669342041016
0.175262451171875 -0.0187835693359375 0.0162811279296875 -0.0983505249023438
0.146026611328125 -0.0284423828125 0.0566940307617188 -0.0607337951660156
0.1431884765625 -0.082611083984375 0.0857925415039063 -0.0533065795898438
0.0749053955078125 -0.111312866210938 0.066925048828125 -0.0767059326171875
0.0342330932617188 -0.1170654296875 0.0432929992675781 -0.0701103210449219
-0.0340194702148438 -0.105567932128906 0.00708389282226563 -0.0643997192382813
-0.0754928588867188 -0.0812454223632813 0.000572204589843747 -0.0426063537597656
-0.0711135864257813 -0.0797348022460938 0.0168895721435547 -0.0195388793945313
-0.0909576416015625 -0.0732879638671875 0.0170612335205078 -0.00601482391357422
-0.0669097900390625 -0.0827484130859375 0.0132331848144531 0.0198974609375
-0.035064697265625 -0.115425109863281 0.00406265258789062 0.0286216735839844
0.00289154052734376 -0.129096984863281 -0.0208721160888672 0.017364501953125
0.0992507934570313 -0.112571716308594 -0.0228042602539062 -0.00281524658203125
0.129844665527344 -0.0848312377929688 -0.0093860626220703 -0.0189342498779297
0.168060302734375 -0.04168701171875 0.0461616516113281 0.00439453125
0.14794921875 0.001739501953125 0.0738143920898438 -0.101898193359375
0.135421752929688 -0.0130538940429688 0.0956268310546875 -0.0733184814453125
0.138343811035156 -0.0686111450195313 0.0927276611328125 -0.0544509887695313
0.07470703125 -0.104782104492188 0.0696487426757813 -0.0615959167480469
0.0347442626953125 -0.110557556152344 0.0477867126464844 -0.0426139831542969
-0.0279159545898437 -0.103469848632813 0.0273151397705078 -0.0305576324462891
-0.0636215209960938 -0.0847396850585938 0.033447265625 -0.0146236419677734
-0.05657958984375 -0.0846710205078125 0.0459213256835938 0.00342941284179687
-0.0705413818359375 -0.0832977294921875 0.0439300537109375 0.0158348083496094
-0.0442581176757813 -0.0875015258789063 0.0286026000976562 0.0425758361816406
-0.00769805908203126 -0.110748291015625 0.0106048583984375 0.0433616638183594
0.0304336547851563 -0.11346435546875 -0.0140628814697266 0.0223674774169922
0.114402770996094 -0.0784072875976563 -0.011937141418457 -0.00718975067138672
0.132453918457031 -0.0435714721679688 0.0202445983886719 -0.0351238250732422
0.149490356445312 -0.0035552978515625 0.0981979370117188 -0.00048065185546875
0.0966339111328125 0.023712158203125 0.115142822265625 -0.100593566894531
0.100296020507813 0.00855255126953125 0.120170593261719 -0.0820770263671875
0.108528137207031 -0.0381011962890625 0.0891189575195313 -0.0533370971679688
0.0620651245117188 -0.0737533569335937 0.0664901733398438 -0.0447196960449219
0.033050537109375 -0.0798110961914063 0.0487594604492188 -0.0171737670898438
-0.0146636962890625 -0.0824127197265625 0.044036865234375 -0.00231933593750001
-0.041259765625 -0.0742263793945313 0.0612564086914063 0.00883102416992187
-0.0355377197265625 -0.0754547119140625 0.0684776306152344 0.0238571166992188
-0.0451431274414062 -0.07952880859375 0.0626869201660156 0.0414161682128906
-0.0190887451171875 -0.0798873901367188 0.0353012084960938 0.0680999755859375
0.0165786743164063 -0.0920333862304688 0.00937271118164062 0.0607376098632812
0.0497817993164063 -0.0844497680664063 -0.0114707946777344 0.0308437347412109
0.112640380859375 -0.0368881225585938 -0.00363492965698241 -0.00156784057617188
0.11602783203125 0.00188446044921875 0.0460853576660156 -0.0339546203613281
0.10986328125 0.031768798828125 0.138534545898438 0.00714874267578125
0.0332984924316406 0.0435218811035156 0.1329345703125 -0.0966949462890625
0.0521316528320312 0.031158447265625 0.125648498535156 -0.0865859985351563
0.064849853515625 0.00057220458984375 0.07611083984375 -0.0497055053710937
0.0430221557617188 -0.0293159484863281 0.0608024597167969 -0.030059814453125
0.0310325622558594 -0.0355339050292969 0.046875 0.000114440917968748
0.00652694702148438 -0.04925537109375 0.0557861328125 0.0160369873046875
-0.0107955932617187 -0.0544586181640625 0.0785598754882813 0.0254974365234375
-0.00955963134765625 -0.0560302734375 0.0796890258789063 0.0413055419921875
-0.0159912109375 -0.0637245178222656 0.072113037109375 0.065185546875
0.00109100341796874 -0.0599021911621094 0.0345077514648438 0.0915145874023438
0.0290489196777344 -0.062591552734375 0.00261688232421875 0.0783157348632813
0.0522117614746094 -0.0495376586914062 -0.0138435363769531 0.0443267822265625
0.090362548828125 0.00054931640625 -0.000427246093749994 0.0117731094360352
0.0795364379882812 0.0389022827148438 0.0621414184570313 -0.0176162719726563
0.0538558959960937 0.0573692321777344 0.160430908203125 0.02667236328125
0.0189247131347656 -0.0685386657714844 -0.156753540039063 -0.0261688232421875
-0.0307121276855469 -0.039154052734375 -0.0660209655761719 0.00617218017578123
-0.0474433898925781 -0.012359619140625 0.0131263732910156 -0.0256271362304688
-0.0380516052246094 0.0172080993652344 0.02813720703125 -0.0621376037597656
-0.0250663757324219 0.0215816497802734 0.0122299194335938 -0.09283447265625
-0.0110416412353516 0.0310192108154297 -0.0337142944335938 -0.106063842773438
-0.0128726959228516 0.0317268371582031 -0.0828475952148438 -0.0797195434570312
-0.0187110900878906 0.0254802703857422 -0.0827102661132813 -0.0511627197265625
-0.0209064483642578 0.0264472961425781 -0.078125 -0.0285720825195313
-0.026275634765625 0.0117015838623047 -0.0623283386230469 -0.0226287841796875
-0.0318660736083984 -0.00159835815429687 -0.049957275390625 -0.00133132934570313
-0.0329837799072266 -0.0170154571533203 -0.0555877685546875 0.0193824768066406
-0.0214691162109375 -0.0425338745117188 -0.0718002319335938 0.0388870239257813
-0.00548934936523438 -0.0591011047363281 -0.104446411132813 0.0800247192382813
0.0264320373535156 -0.0675773620605469 -0.129203796386719 0.0829620361328125
0.0817413330078125 -0.069549560546875 -0.1397705078125 -0.05059814453125
0.0232963562011719 -0.046875 -0.0545005798339844 -0.0135688781738281
0.00386810302734375 -0.0368194580078125 0.0267982482910156 -0.0382614135742188
-0.00921630859375 -0.0173788070678711 0.035491943359375 -0.07550048828125
-0.00960159301757812 -0.0170764923095703 0.0199127197265625 -0.101524353027344
-0.0208892822265625 -0.00720787048339844 -0.0293426513671875 -0.113899230957031
-0.0387649536132812 0.00124359130859375 -0.0747299194335938 -0.0862503051757812
-0.0442962646484375 -0.00445175170898437 -0.070709228515625 -0.0542068481445312
-0.0542526245117188 -4.19616699218699E-05 -0.0673103332519531 -0.0313377380371094
-0.0507965087890625 -0.0183944702148438 -0.0530776977539062 -0.0194053649902344
-0.0436592102050781 -0.0430488586425781 -0.0414848327636719 0.000320434570312499
-0.028228759765625 -0.0625839233398438 -0.04876708984375 0.0147933959960938
0.0165939331054688 -0.0795669555664063 -0.0576286315917969 0.0289344787597656
0.040283203125 -0.0867691040039063 -0.0852737426757813 0.0644454956054688
0.0850906372070313 -0.081085205078125 -0.103309631347656 0.0675277709960938
0.133720397949219 -0.0600051879882813 -0.102798461914062 -0.0708389282226563
0.0783920288085937 -0.0466232299804687 -0.0285320281982422 -0.0297985076904297
0.0622596740722656 -0.0604667663574219 0.0460739135742188 -0.0462379455566406
0.0247573852539063 -0.0560226440429687 0.0464553833007812 -0.084259033203125
0.00797271728515625 -0.0595741271972656 0.0269775390625 -0.102447509765625
-0.0283584594726563 -0.0479393005371094 -0.0223007202148437 -0.109344482421875
-0.060089111328125 -0.0311660766601562 -0.0580520629882813 -0.0804901123046875
-0.0639533996582031 -0.0338478088378906 -0.0474967956542969 -0.0489578247070313
-0.080047607421875 -0.0265045166015625 -0.0448493957519531 -0.028472900390625
-0.0700263977050781 -0.0441551208496094 -0.0344810485839844 -0.0103225708007813
-0.0536880493164062 -0.0764236450195313 -0.0280055999755859 0.00763702392578124
-0.026123046875 -0.0986785888671875 -0.0410652160644531 0.0138816833496094
0.0462646484375 -0.108772277832031 -0.0447731018066406 0.0183486938476563
0.07733154296875 -0.105377197265625 -0.0619430541992187 0.0400161743164062
0.12908935546875 -0.0844955444335938 -0.0613365173339844 0.0461807250976562
0.165664672851563 -0.0443267822265625 -0.048309326171875 -0.0856246948242188
0.122062683105469 -0.0422134399414062 0.0100631713867188 -0.0440940856933594
0.110809326171875 -0.0798416137695312 0.0669097900390625 -0.0501823425292969
0.0532073974609375 -0.0915756225585938 0.0562820434570313 -0.083831787109375
0.0208969116210938 -0.0965805053710938 0.034027099609375 -0.0911407470703125
-0.0344924926757813 -0.0817031860351562 -0.0112991333007813 -0.0903854370117188
-0.0733108520507812 -0.0580596923828125 -0.0327987670898438 -0.0643959045410156
-0.0735549926757813 -0.0583724975585938 -0.0168952941894531 -0.036773681640625
-0.0927658081054687 -0.0489578247070312 -0.0158767700195313 -0.019805908203125
-0.0758438110351563 -0.0640640258789062 -0.0106143951416016 0.00238895416259765
-0.053680419921875 -0.0986862182617188 -0.0116767883300781 0.0158586502075195
-0.0201644897460938 -0.120094299316406 -0.0312442779541016 0.0150394439697266
0.0695877075195313 -0.121963500976562 -0.0343513488769531 0.00671386718749999
0.104644775390625 -0.106788635253906 -0.0378494262695312 0.0100517272949219
0.156143188476563 -0.0726165771484375 -0.0105133056640625 0.0237083435058594
0.169601440429687 -0.0252685546875 0.0119476318359375 -0.0955123901367188
0.141128540039063 -0.0328521728515625 0.0527725219726563 -0.057647705078125
0.136268615722656 -0.0857772827148438 0.0832366943359375 -0.05279541015625
0.0683364868164063 -0.110618591308594 0.0640945434570313 -0.0752639770507813
0.0278167724609375 -0.115386962890625 0.0409164428710938 -0.0692291259765625
-0.0372695922851563 -0.100845336914063 0.00570297241210937 -0.0622787475585938
-0.0761260986328125 -0.0746841430664063 -0.000900268554687506 -0.0403938293457031
-0.0725555419921875 -0.0737228393554688 0.0152721405029297 -0.0191078186035156
-0.09014892578125 -0.066253662109375 0.0154857635498047 -0.00584125518798829
-0.0672683715820313 -0.0774612426757813 0.0123424530029297 0.0196743011474609
-0.038909912109375 -0.109977722167969 0.00252723693847656 0.0267562866210937
-0.00186920166015624 -0.125114440917969 -0.0218219757080078 0.0164928436279297
0.0918045043945313 -0.113639831542969 -0.0246353149414062 -0.00284767150878907
0.122322082519531 -0.0872116088867188 -0.0114202499389648 -0.0174951553344727
0.16192626953125 -0.0468597412109375 0.0437736511230469 0.0047607421875
0.144378662109375 -0.004150390625 0.0676422119140625 -0.101150512695313
0.131256103515625 -0.0168685913085938 0.0897674560546875 -0.071868896484375
0.131889343261719 -0.0730743408203125 0.0894546508789063 -0.0549163818359375
0.0680770874023437 -0.104759216308594 0.0664901733398438 -0.0606498718261719
0.029205322265625 -0.109146118164063 0.0459861755371094 -0.0423011779785156
-0.0314407348632813 -0.0984039306640625 0.0257129669189453 -0.0295982360839844
-0.06500244140625 -0.0782623291015625 0.0323162078857422 -0.0152034759521484
-0.05859375 -0.0794448852539062 0.0450630187988281 0.000930786132812495
-0.07208251953125 -0.075958251953125 0.042083740234375 0.0150680541992187
-0.0453262329101563 -0.0823287963867187 0.0280876159667969 0.0411262512207031
-0.0126495361328125 -0.106529235839844 0.00957489013671875 0.04180908203125
0.02484130859375 -0.111122131347656 -0.0152416229248047 0.0208377838134766
0.108612060546875 -0.0813140869140625 -0.0142440795898437 -0.00724983215332032
0.126808166503906 -0.0464630126953125 0.0163822174072266 -0.0346221923828125
0.146133422851563 -0.0091705322265625 0.09375 -0.00240325927734375
0.0957489013671875 0.0194625854492188 0.108062744140625 -0.101432800292969
0.0982894897460938 0.00531768798828125 0.112152099609375 -0.0817794799804688
0.105003356933594 -0.0419158935546875 0.0853805541992187 -0.0533294677734375
0.0576400756835938 -0.0740890502929688 0.0641899108886719 -0.044891357421875
0.0290756225585937 -0.0796966552734375 0.048553466796875 -0.0175628662109375
-0.0180282592773437 -0.07867431640625 0.0440826416015625 -0.00335311889648438
-0.0441665649414062 -0.0689201354980469 0.0599136352539062 0.00619125366210937
-0.0384445190429688 -0.0712966918945313 0.067779541015625 0.0206489562988281
-0.0474014282226563 -0.0739898681640625 0.06146240234375 0.038299560546875
-0.0218124389648438 -0.0752410888671875 0.0358657836914063 0.0655288696289063
0.0114364624023438 -0.0897369384765625 0.00928115844726563 0.0584831237792969
0.0445327758789063 -0.0841064453125 -0.0128993988037109 0.0299129486083984
0.108474731445313 -0.0411148071289063 -0.00526285171508788 -0.00290060043334961
0.112464904785156 -0.00238037109375 0.04180908203125 -0.0351676940917969
0.108657836914063 0.0262298583984375 0.133186340332031 0.00324249267578125
0.0345993041992188 0.0413475036621094 0.125541687011719 -0.0989151000976562
0.052581787109375 0.0284004211425781 0.117347717285156 -0.0874862670898437
0.0642051696777344 -0.00294113159179687 0.073211669921875 -0.0495147705078125
0.0407333374023438 -0.0309677124023438 0.0587158203125 -0.0308914184570313
0.0285072326660156 -0.0365829467773438 0.0471458435058594 -0.000774383544921877
0.0030059814453125 -0.0476188659667969 0.0558090209960937 0.0138206481933594
-0.0142555236816406 -0.0504913330078125 0.077362060546875 0.021148681640625
-0.0125045776367187 -0.0531158447265625 0.0792236328125 0.0369186401367188
-0.01885986328125 -0.0602645874023438 0.0718002319335938 0.0607223510742188
-0.001800537109375 -0.0569610595703125 0.0357742309570312 0.0883102416992188
0.0242462158203125 -0.0626640319824219 0.00315856933593751 0.076324462890625
0.0481796264648438 -0.0509223937988281 -0.0141754150390625 0.0426483154296875
0.088714599609375 -0.00412750244140625 -0.00186157226562499 0.00951862335205078
0.0792770385742188 0.034423828125 0.0583648681640625 -0.020477294921875
0.0548629760742188 0.05340576171875 0.155609130859375 0.020782470703125
0.0167121887207031 -0.0684089660644531 -0.154769897460938 -0.02276611328125
-0.0316848754882812 -0.0377922058105469 -0.0641250610351563 0.00857925415039063
-0.0475921630859375 -0.009857177734375 0.0134220123291016 -0.0246429443359375
-0.0371551513671875 0.0192756652832031 0.0282325744628906 -0.0612716674804688
-0.0236835479736328 0.0228919982910156 0.0122222900390625 -0.0916900634765625
-0.00886917114257812 0.0299949645996094 -0.0340118408203125 -0.105026245117188
-0.0102081298828125 0.0300769805908203 -0.083221435546875 -0.0777587890625
-0.0172805786132813 0.0252285003662109 -0.0831146240234375 -0.0482025146484375
-0.0193672180175781 0.0259685516357422 -0.0783843994140625 -0.0261688232421875
-0.0244998931884766 0.0114383697509766 -0.0640754699707031 -0.0215568542480469
-0.0302391052246094 -0.000379562377929689 -0.0513496398925781 -0.00138092041015626
-0.0330104827880859 -0.0147037506103516 -0.0564002990722656 0.0189743041992187
-0.0232658386230469 -0.0406455993652344 -0.0706329345703125 0.0382614135742187
-0.00770950317382813 -0.0579414367675781 -0.102294921875 0.0801925659179688
0.0233421325683594 -0.0673637390136719 -0.127243041992188 0.0856781005859375
0.0788803100585938 -0.0704879760742188 -0.13922119140625 -0.0469436645507812
0.0213165283203125 -0.0466880798339844 -0.0533332824707031 -0.0101242065429687
0.0030517578125 -0.0363616943359375 0.0270233154296875 -0.0374832153320312
-0.00882148742675781 -0.0155038833618164 0.0354385375976562 -0.0745468139648438
-0.00908756256103516 -0.0166454315185547 0.0193634033203125 -0.100914001464844
-0.0196208953857422 -0.00734901428222656 -0.029937744140625 -0.112266540527344
-0.037139892578125 0.0011444091796875 -0.0757064819335938 -0.0833511352539062
-0.0436058044433594 -0.00363540649414063 -0.0711135864257813 -0.0521240234375
-0.0533790588378906 0.000732421874999988 -0.0684242248535156 -0.0295066833496094
-0.04962158203125 -0.0180816650390625 -0.0549278259277344 -0.01824951171875
-0.0428581237792969 -0.0413551330566406 -0.0434303283691406 0.00049591064453124
-0.0287132263183594 -0.0598678588867188 -0.0502967834472656 0.014801025390625
0.013671875 -0.0779190063476563 -0.0570182800292969 0.0284919738769531
0.0371246337890625 -0.0853195190429688 -0.08380126953125 0.0652389526367188
0.0818023681640625 -0.0821151733398438 -0.102218627929687 0.070587158203125
0.13153076171875 -0.0626296997070313 -0.102691650390625 -0.0674514770507813
0.0765914916992188 -0.0471420288085938 -0.0278663635253906 -0.0262832641601563
0.0596237182617188 -0.0610237121582031 0.0463523864746094 -0.0453262329101563
0.0237541198730469 -0.0547752380371094 0.0461196899414062 -0.083251953125
0.00695419311523437 -0.05877685546875 0.0264205932617188 -0.101531982421875
-0.0280418395996094 -0.0468597412109375 -0.0236587524414063 -0.108024597167969
-0.0585861206054687 -0.0301666259765625 -0.0586624145507813 -0.07843017578125
-0.0638465881347656 -0.0326576232910156 -0.048583984375 -0.0480308532714844
-0.0796432495117187 -0.0240478515625 -0.0467147827148438 -0.0266189575195312
-0.0684089660644531 -0.0423469543457031 -0.0362548828125 -0.00942230224609375
-0.0532989501953125 -0.074310302734375 -0.0302581787109375 0.006866455078125
-0.0277023315429688 -0.0962677001953125 -0.0425453186035156 0.0139350891113281
0.0429458618164063 -0.10797119140625 -0.0455741882324219 0.0174026489257812
0.0728988647460938 -0.104469299316406 -0.0614891052246094 0.041168212890625
0.126243591308594 -0.086456298828125 -0.0610733032226562 0.0491104125976562
0.163803100585938 -0.0474090576171875 -0.0503463745117187 -0.0833282470703125
0.119857788085937 -0.0438385009765625 0.00935363769531251 -0.0400466918945313
0.108070373535156 -0.0815811157226563 0.066986083984375 -0.0496635437011719
0.0508880615234375 -0.0909194946289063 0.0557785034179687 -0.0830078125
0.0189361572265625 -0.0958175659179688 0.0334701538085938 -0.0907211303710938
-0.03533935546875 -0.0799942016601562 -0.0118026733398438 -0.0892486572265625
-0.0725784301757813 -0.0562973022460937 -0.0329132080078125 -0.0625572204589844
-0.074371337890625 -0.0562210083007812 -0.0176925659179688 -0.036224365234375
-0.0922088623046875 -0.0463790893554688 -0.0170078277587891 -0.0188217163085938
-0.0750961303710937 -0.061676025390625 -0.0125799179077149 0.00293827056884765
-0.0544586181640625 -0.0963897705078125 -0.0139303207397461 0.0149736404418945
-0.0222625732421875 -0.118080139160156 -0.0333805084228516 0.0143833160400391
0.0666122436523438 -0.122116088867188 -0.0359077453613281 0.00642013549804686
0.10028076171875 -0.106620788574219 -0.037689208984375 0.0108528137207031
0.153884887695313 -0.0761871337890625 -0.0107078552246094 0.0256195068359375
0.168365478515625 -0.028594970703125 0.00957489013671875 -0.093963623046875
0.139595031738281 -0.0338668823242187 0.0512542724609375 -0.0552330017089844
0.132957458496094 -0.0886611938476562 0.0824661254882813 -0.0527877807617188
0.0655136108398438 -0.110343933105469 0.0637359619140625 -0.074554443359375
0.0250778198242188 -0.115455627441406 0.0408935546875 -0.0690383911132813
-0.0380020141601563 -0.0981369018554687 0.00531387329101562 -0.0610008239746094
-0.0757522583007813 -0.0718994140625 -0.00108337402343751 -0.0396575927734375
-0.0734786987304688 -0.0718765258789062 0.0149421691894531 -0.0196685791015625
-0.09051513671875 -0.0628738403320313 0.0136861801147461 -0.00507450103759766
-0.0668411254882812 -0.0744705200195313 0.0109119415283203 0.0193233489990234
-0.0404815673828125 -0.10711669921875 0.000175476074218747 0.0264415740966797
-0.00463867187499999 -0.123641967773437 -0.02496337890625 0.0159511566162109
0.0885238647460938 -0.114021301269531 -0.0260887145996094 -0.00329589843750001
0.118431091308594 -0.088043212890625 -0.0129671096801758 -0.0167713165283203
0.160324096679688 -0.0505218505859375 0.0421943664550781 0.00590133666992187
0.1435546875 -0.0069427490234375 0.064727783203125 -0.100814819335938
0.13067626953125 -0.0184249877929687 0.0870513916015625 -0.0700454711914062
0.130149841308594 -0.0754776000976562 0.0892333984375 -0.0546188354492188
0.0657272338867187 -0.104621887207031 0.0662879943847656 -0.0603981018066406
0.0263214111328125 -0.109596252441406 0.0463600158691406 -0.0422134399414063
-0.0328826904296875 -0.0962905883789062 0.0262432098388672 -0.0291213989257813
-0.06610107421875 -0.0746307373046875 0.0323867797851562 -0.0157985687255859
-0.060760498046875 -0.0768585205078125 0.0445289611816406 -0.00038528442382813
-0.073272705078125 -0.0735626220703125 0.0412826538085937 0.0146102905273437
-0.0460357666015625 -0.0798110961914062 0.0275382995605469 0.0407371520996094
-0.0148544311523437 -0.104515075683594 0.00836563110351562 0.0410652160644531
0.0216903686523437 -0.1107177734375 -0.0179519653320313 0.0202713012695312
0.1060791015625 -0.0829620361328125 -0.0164575576782226 -0.00802230834960938
0.123939514160156 -0.0485458374023438 0.0142631530761719 -0.0345306396484375
0.145828247070312 -0.0126953125 0.091766357421875 -0.00275421142578125
0.09588623046875 0.0178680419921875 0.1051025390625 -0.102317810058594
0.0985794067382813 0.004058837890625 0.109642028808594 -0.0813827514648438
0.103973388671875 -0.04449462890625 0.0846481323242187 -0.0532989501953125
0.055328369140625 -0.074920654296875 0.0642471313476562 -0.0443077087402344
0.0267486572265625 -0.0805206298828125 0.0493354797363281 -0.0176162719726563
-0.019378662109375 -0.0770492553710937 0.0443038940429688 -0.003265380859375
-0.0453834533691406 -0.0658035278320312 0.0605621337890625 0.00458908081054687
-0.0401687622070312 -0.0690727233886719 0.0671844482421875 0.0181007385253906
-0.0487442016601563 -0.0714035034179688 0.0607643127441406 0.0376319885253906
-0.0233306884765625 -0.073394775390625 0.0355949401855469 0.0654754638671875
0.00850677490234376 -0.0884780883789063 0.00826263427734375 0.0581169128417969
0.0422821044921875 -0.0843887329101563 -0.0146503448486328 0.0289955139160156
0.107307434082031 -0.0436782836914063 -0.00779294967651366 -0.00442171096801758
0.1116943359375 -0.0042877197265625 0.0392112731933594 -0.0356597900390625
0.108917236328125 0.0236892700195313 0.131034851074219 0.0020904541015625
0.0361900329589844 0.0402145385742188 0.122505187988281 -0.100753784179687
0.0536651611328125 0.0272178649902344 0.114242553710938 -0.0872344970703125
0.0645637512207031 -0.00539398193359375 0.072357177734375 -0.04888916015625
0.0395393371582031 -0.032073974609375 0.0589256286621094 -0.0303840637207031
0.02642822265625 -0.037628173828125 0.0481643676757813 -0.000713348388671877
0.000915527343750001 -0.0462570190429688 0.0568885803222656 0.0131912231445312
-0.0157356262207031 -0.0482025146484375 0.0780792236328125 0.0190277099609375
-0.0143775939941406 -0.0512123107910156 0.0789108276367188 0.034027099609375
-0.0204544067382812 -0.0579490661621094 0.0717010498046875 0.0593948364257812
-0.00423812866210937 -0.0558662414550781 0.0352554321289063 0.0872726440429687
0.0221786499023438 -0.0622138977050781 0.00269317626953125 0.075286865234375
0.0463409423828125 -0.0518989562988281 -0.0149345397949219 0.0414352416992187
0.0877532958984375 -0.00679779052734375 -0.00375652313232421 0.00855731964111328
0.0798492431640625 0.0324859619140625 0.0557327270507813 -0.0215034484863281
0.0557899475097656 0.0515823364257813 0.153610229492188 0.018951416015625
0.0143165588378906 -0.0700263977050781 -0.157333374023438 -0.0199432373046875
-0.0333747863769531 -0.03759765625 -0.06341552734375 0.0112762451171875
-0.0493240356445313 -0.0083465576171875 0.0142307281494141 -0.0234909057617187
-0.0359725952148438 0.0213699340820313 0.0291938781738281 -0.0617523193359375
-0.0218982696533203 0.0245323181152344 0.0124969482421875 -0.0938720703125
-0.00753402709960937 0.0302162170410156 -0.0358810424804687 -0.1075439453125
-0.00865554809570312 0.0297946929931641 -0.0862884521484375 -0.076324462890625
-0.0165996551513672 0.0251579284667969 -0.0861968994140625 -0.0470123291015625
-0.0186100006103516 0.0259685516357422 -0.0811538696289063 -0.0251617431640625
-0.0239105224609375 0.0105724334716797 -0.06756591796875 -0.0210418701171875
-0.0290393829345703 8.96453857421909E-05 -0.0548171997070313 -0.000568389892578126
-0.0338993072509766 -0.0131168365478516 -0.0581550598144531 0.019805908203125
-0.0256156921386719 -0.0396156311035156 -0.07061767578125 0.0385665893554688
-0.0103721618652344 -0.0582542419433594 -0.102127075195313 0.0826568603515625
0.0213775634765625 -0.0695533752441406 -0.128036499023438 0.0914077758789062
0.0777359008789063 -0.0734939575195313 -0.141952514648438 -0.044525146484375
0.0204315185546875 -0.0474205017089844 -0.0528526306152344 -0.00740814208984376
0.00152206420898438 -0.0360832214355469 0.0273208618164063 -0.0371971130371094
-0.00903606414794922 -0.0143003463745117 0.036895751953125 -0.0757522583007813
-0.0087137222290039 -0.0154333114624023 0.0195083618164063 -0.102523803710938
-0.0188941955566406 -0.00754165649414062 -0.03216552734375 -0.114395141601562
-0.0361900329589844 0.0009918212890625 -0.0788497924804687 -0.0828399658203125
-0.043792724609375 -0.00296783447265624 -0.0739593505859375 -0.0508880615234375
-0.053466796875 0.00157928466796874 -0.071044921875 -0.0276031494140625
-0.0494422912597656 -0.0177650451660156 -0.0580062866210937 -0.0175056457519531
-0.0428619384765625 -0.0408706665039063 -0.0462570190429687 0.000923156738281255
-0.0305709838867188 -0.05963134765625 -0.0524330139160156 0.0148735046386719
0.0113449096679688 -0.0786666870117188 -0.0577583312988281 0.0283050537109375
0.0345993041992188 -0.0865478515625 -0.0840606689453125 0.0680007934570313
0.0804290771484375 -0.0853958129882813 -0.102767944335938 0.0756149291992188
0.132148742675781 -0.06719970703125 -0.105789184570313 -0.0659027099609375
0.0766983032226563 -0.0493850708007812 -0.0275592803955078 -0.0235137939453125
0.0587272644042969 -0.0634727478027344 0.0473823547363281 -0.0456352233886719
0.0228157043457031 -0.0547409057617188 0.04638671875 -0.0842742919921875
0.00625228881835938 -0.059661865234375 0.0257339477539062 -0.103668212890625
-0.0286483764648438 -0.0473556518554688 -0.0254898071289063 -0.109062194824219
-0.0591354370117187 -0.0293006896972656 -0.0609588623046875 -0.0777969360351562
-0.06512451171875 -0.0313911437988281 -0.0505142211914063 -0.0472373962402344
-0.0803680419921875 -0.022552490234375 -0.0491714477539063 -0.0254096984863281
-0.0692634582519531 -0.042266845703125 -0.0388946533203125 -0.0090179443359375
-0.05474853515625 -0.0737152099609375 -0.0330142974853516 0.00709152221679687
-0.0301437377929687 -0.0961456298828125 -0.0456962585449219 0.0140762329101563
0.04022216796875 -0.109886169433594 -0.0465583801269531 0.0175857543945312
0.070831298828125 -0.106109619140625 -0.0619697570800781 0.0431060791015625
0.126693725585938 -0.0912628173828125 -0.0617828369140625 0.0530204772949219
0.16534423828125 -0.0523681640625 -0.0526657104492187 -0.0823287963867188
0.120925903320313 -0.0462875366210938 0.00978851318359376 -0.0382156372070313
0.107200622558594 -0.086181640625 0.068267822265625 -0.0510787963867188
0.0496368408203125 -0.09222412109375 0.0570297241210938 -0.0841293334960938
0.0168914794921875 -0.0982894897460937 0.0336456298828125 -0.0923004150390625
-0.0361557006835938 -0.0809402465820312 -0.0131607055664063 -0.08966064453125
-0.0737838745117188 -0.0553359985351563 -0.0344276428222656 -0.0622062683105469
-0.0765838623046875 -0.0560302734375 -0.0192604064941406 -0.0362663269042969
-0.0944290161132813 -0.0445327758789063 -0.0195331573486328 -0.0175380706787109
-0.0761871337890625 -0.0609359741210937 -0.0142583847045898 0.0036172866821289
-0.056640625 -0.0960617065429687 -0.0162267684936523 0.0157251358032226
-0.0251235961914062 -0.118637084960938 -0.0363273620605469 0.0144233703613281
0.0645294189453125 -0.125381469726563 -0.037261962890625 0.00597763061523437
0.0992813110351563 -0.109298706054688 -0.0387001037597656 0.0126266479492187
0.155258178710938 -0.0817413330078125 -0.0112266540527344 0.0280437469482422
0.1708984375 -0.0332794189453125 0.00752258300781251 -0.0947113037109375
0.141326904296875 -0.0370635986328125 0.0513534545898438 -0.0542945861816406
0.133644104003906 -0.0935516357421875 0.0842514038085938 -0.0541305541992188
0.0641632080078125 -0.112998962402344 0.0645523071289063 -0.0755157470703125
0.0225296020507812 -0.118301391601563 0.0416107177734375 -0.0705108642578125
-0.0407028198242187 -0.0984725952148437 0.00485610961914063 -0.0615234375
-0.0777816772460938 -0.069854736328125 -0.00126266479492188 -0.0407218933105469
-0.0763702392578125 -0.070953369140625 0.0143890380859375 -0.0210113525390625
-0.0937881469726563 -0.0610122680664063 0.0132808685302734 -0.00448322296142578
-0.0691299438476563 -0.0741500854492188 0.00972938537597656 0.0201549530029297
-0.04345703125 -0.107475280761719 -0.00150299072265625 0.0266513824462891
-0.00762939453124999 -0.124908447265625 -0.0277729034423828 0.0162487030029297
0.0869369506835937 -0.118423461914063 -0.0283222198486328 -0.00357246398925782
0.117935180664063 -0.0907211303710938 -0.0141086578369141 -0.0168256759643555
0.163314819335938 -0.0558013916015625 0.0423736572265625 0.0067138671875
0.147476196289062 -0.0101776123046875 0.06292724609375 -0.103599548339844
0.132820129394531 -0.0209274291992188 0.0871810913085938 -0.0704193115234375
0.1312255859375 -0.08056640625 0.09014892578125 -0.0567550659179688
0.0646896362304688 -0.107276916503906 0.066986083984375 -0.0611953735351563
0.0233612060546875 -0.112823486328125 0.0472030639648438 -0.043487548828125
-0.03570556640625 -0.0967788696289063 0.0273342132568359 -0.0296363830566406
-0.0680694580078125 -0.0732498168945312 0.0335845947265625 -0.0167655944824219
-0.0635757446289063 -0.075897216796875 0.0454254150390625 -0.00229644775390626
-0.07635498046875 -0.0716552734375 0.0415687561035156 0.0148773193359375
-0.0480270385742188 -0.0793609619140625 0.0276222229003906 0.0412406921386719
-0.0177459716796875 -0.105789184570313 0.00625991821289063 0.0412826538085937
0.01959228515625 -0.113296508789063 -0.0204753875732422 0.0206222534179687
0.106071472167969 -0.0877532958984375 -0.0180873870849609 -0.00887107849121094
0.125205993652344 -0.0513916015625 0.0124568939208984 -0.0349197387695313
0.148681640625 -0.0168304443359375 0.0927963256835938 -0.00307464599609375
0.0989532470703125 0.0158538818359375 0.10455322265625 -0.106376647949219
0.100898742675781 0.00290679931640625 0.1094970703125 -0.0829696655273438
0.105072021484375 -0.0485610961914063 0.0860214233398438 -0.0540390014648438
0.0544586181640625 -0.077392578125 0.0651168823242188 -0.0454864501953125
0.0238418579101562 -0.0831375122070313 0.0507316589355469 -0.0184211730957031
-0.0218887329101562 -0.0772171020507813 0.0462684631347656 -0.00313186645507813
-0.0477714538574219 -0.0642738342285156 0.0621604919433594 0.00308609008789062
-0.0429458618164063 -0.0683441162109375 0.0689773559570313 0.0159378051757812
-0.0515823364257813 -0.0704574584960937 0.06231689453125 0.0367164611816406
-0.0249786376953125 -0.0730972290039063 0.0371589660644531 0.0657310485839844
0.00558471679687501 -0.0896682739257813 0.00780487060546875 0.0586509704589844
0.0404586791992188 -0.08673095703125 -0.0165729522705078 0.0288810729980469
0.108512878417969 -0.0474014282226562 -0.00942230224609374 -0.00484180450439453
0.113510131835938 -0.006622314453125 0.0379562377929688 -0.0370368957519531
0.111984252929688 0.0210189819335937 0.132514953613281 0.000938415527343751
0.0385818481445313 0.0404205322265625 0.12286376953125 -0.104972839355469
0.0555992126464844 0.0264816284179688 0.114120483398437 -0.090118408203125
0.0668373107910156 -0.00864410400390625 0.0737152099609375 -0.0497283935546875
0.0392227172851563 -0.034332275390625 0.0595321655273438 -0.0313835144042969
0.0252838134765625 -0.03948974609375 0.0505180358886719 -0.00102615356445313
-0.000534057617187501 -0.04693603515625 0.0590782165527344 0.0124549865722656
-0.0180282592773438 -0.0470542907714844 0.0799560546875 0.0168380737304687
-0.0166282653808594 -0.0508918762207031 0.0813217163085938 0.0316162109375
-0.0232276916503906 -0.0575408935546875 0.0734786987304688 0.0584716796875
-0.00560760498046876 -0.0555763244628906 0.0378952026367188 0.0893630981445313
0.0197067260742187 -0.0633659362792969 0.00238037109374999 0.0762939453125
0.0452690124511719 -0.0550270080566406 -0.016448974609375 0.0417098999023437
0.090240478515625 -0.0100173950195313 -0.00506353378295898 0.00744724273681641
0.08233642578125 0.0306167602539063 0.0546989440917969 -0.0240058898925781
0.0585594177246094 0.0513153076171875 0.155807495117187 0.016876220703125
0.0105819702148437 -0.072357177734375 -0.16156005859375 -0.0143280029296875
-0.0366935729980469 -0.0368309020996094 -0.0626335144042969 0.0155105590820313
-0.0510482788085938 -0.00488662719726563 0.0141963958740234 -0.0233592987060547
-0.0350551605224609 0.0248336791992188 0.029266357421875 -0.0635528564453125
-0.0203609466552734 0.0265407562255859 0.0102386474609375 -0.0967941284179687
-0.00503730773925781 0.0300140380859375 -0.0405654907226563 -0.109062194824219
-0.00720596313476563 0.0291767120361328 -0.09088134765625 -0.07415771484375
-0.0157852172851563 0.02593994140625 -0.0902328491210937 -0.0432891845703125
-0.0172863006591797 0.0269031524658203 -0.085906982421875 -0.0213165283203125
-0.0233612060546875 0.0112571716308594 -0.0718002319335938 -0.0186614990234375
-0.02838134765625 0.00136184692382813 -0.0576400756835938 0.00109100341796875
-0.0346240997314453 -0.0106296539306641 -0.0592575073242188 0.0219497680664062
-0.0283470153808594 -0.0381584167480469 -0.0713958740234375 0.0405197143554688
-0.013641357421875 -0.0581779479980469 -0.101097106933594 0.0889968872070313
0.0176010131835938 -0.07220458984375 -0.127723693847656 0.100929260253906
0.07574462890625 -0.07928466796875 -0.147323608398438 -0.038604736328125
0.0186271667480469 -0.0492057800292969 -0.0529518127441406 -0.00358963012695314
-0.000644683837890627 -0.0368499755859375 0.0277633666992188 -0.0381660461425781
-0.00926589965820312 -0.0132255554199219 0.0362014770507813 -0.078216552734375
-0.00916385650634765 -0.0148458480834961 0.0164413452148437 -0.105728149414062
-0.0181465148925781 -0.00763893127441406 -0.0365524291992188 -0.116035461425781
-0.0362548828125 0.00137710571289062 -0.083770751953125 -0.0808563232421875
-0.0445709228515625 -0.00152969360351563 -0.078369140625 -0.0480728149414063
-0.0539398193359375 0.00357055664062499 -0.0754318237304688 -0.02459716796875
-0.0505561828613281 -0.0173721313476563 -0.0625762939453125 -0.01544189453125
-0.0441360473632813 -0.0394096374511719 -0.0497856140136719 0.00266647338867188
-0.0332908630371094 -0.0580787658691406 -0.0548439025878906 0.0169486999511719
0.00775146484375001 -0.079833984375 -0.0589065551757813 0.0299453735351562
0.030792236328125 -0.0887222290039062 -0.0835037231445313 0.0726394653320313
0.0783309936523437 -0.0914993286132813 -0.102981567382813 0.0843658447265625
0.132186889648438 -0.0751419067382812 -0.111572265625 -0.0619354248046875
0.0757293701171875 -0.0533981323242188 -0.0280208587646484 -0.0200710296630859
0.0566635131835938 -0.0678520202636719 0.0478477478027344 -0.0478935241699219
0.0214729309082031 -0.0559806823730469 0.0456390380859375 -0.08734130859375
0.00375747680664063 -0.0611648559570313 0.0235519409179687 -0.107048034667969
-0.0301246643066406 -0.0475120544433594 -0.0302352905273437 -0.110252380371094
-0.06072998046875 -0.0282554626464844 -0.0658721923828125 -0.0765838623046875
-0.0682029724121094 -0.0300216674804688 -0.0538177490234375 -0.0453720092773438
-0.0826797485351562 -0.0195388793945313 -0.0527687072753906 -0.0226020812988281
-0.0715560913085937 -0.0404434204101563 -0.0424308776855469 -0.00725936889648438
-0.058013916015625 -0.0724105834960937 -0.0365371704101563 0.00885772705078125
-0.0351791381835938 -0.0958251953125 -0.0486412048339844 0.0156211853027344
0.0361175537109375 -0.113449096679688 -0.0478897094726562 0.0185279846191406
0.0674209594726562 -0.110244750976563 -0.0620155334472656 0.0469474792480469
0.125564575195313 -0.0995330810546875 -0.0614395141601562 0.0595436096191406
0.167282104492188 -0.0613861083984375 -0.0580520629882813 -0.08209228515625
0.122093200683594 -0.0529251098632813 0.00919723510742188 -0.0367393493652344
0.105377197265625 -0.09344482421875 0.0690879821777344 -0.0544929504394531
0.0466842651367188 -0.0963973999023438 0.056365966796875 -0.0876235961914063
0.0129852294921875 -0.101264953613281 0.0311660766601563 -0.0958404541015625
-0.0403900146484375 -0.0809402465820312 -0.0165481567382812 -0.0917282104492188
-0.0775680541992188 -0.0528640747070312 -0.0378227233886719 -0.0621147155761719
-0.0809097290039062 -0.053436279296875 -0.0214004516601563 -0.0368728637695313
-0.0982742309570312 -0.040283203125 -0.0217189788818359 -0.0158233642578125
-0.079803466796875 -0.0593032836914063 -0.0165328979492188 0.00487232208251953
-0.0616073608398438 -0.0953521728515625 -0.019073486328125 0.0164737701416016
-0.0312423706054688 -0.120010375976563 -0.0397224426269531 0.0162010192871094
0.06036376953125 -0.131011962890625 -0.0387916564941406 0.00661468505859375
0.0958480834960938 -0.115234375 -0.0395851135253906 0.0144309997558594
0.15618896484375 -0.091064453125 -0.0110359191894531 0.0314235687255859
0.174728393554687 -0.0419769287109375 0.00328063964843751 -0.0975494384765625
0.14385986328125 -0.04376220703125 0.0503768920898438 -0.0544624328613281
0.132392883300781 -0.103691101074219 0.0854949951171875 -0.0583419799804688
0.0606613159179688 -0.118331909179688 0.0644302368164063 -0.0787582397460938
0.017364501953125 -0.122726440429688 0.040618896484375 -0.0742263793945313
-0.0452880859375 -0.0989456176757813 0.00380325317382813 -0.0627593994140625
-0.082366943359375 -0.067962646484375 -0.00267410278320313 -0.0414161682128906
-0.082122802734375 -0.069000244140625 0.0134162902832031 -0.0230312347412109
-0.0980148315429688 -0.057647705078125 0.0124092102050781 -0.00447177886962891
-0.0729598999023438 -0.0727462768554688 0.00958824157714843 0.0207271575927734
-0.0492172241210938 -0.107589721679688 -0.00350189208984375 0.0273914337158203
-0.0137786865234375 -0.127342224121094 -0.0303153991699219 0.0173110961914062
0.084381103515625 -0.125617980957031 -0.0300579071044922 -0.00363540649414064
0.117111206054688 -0.0975494384765625 -0.0159158706665039 -0.0166330337524414
0.165817260742188 -0.0652008056640625 0.0436286926269531 0.00717163085937499
0.151138305664063 -0.017852783203125 0.0600738525390625 -0.108749389648438
0.136260986328125 -0.0264511108398438 0.0867919921875 -0.0738372802734375
0.130538940429688 -0.089630126953125 0.09161376953125 -0.0608062744140625
0.0616073608398438 -0.112533569335938 0.0677719116210938 -0.0652351379394531
0.018524169921875 -0.1168212890625 0.0477027893066406 -0.04656982421875
-0.0401611328125 -0.0965957641601563 0.027679443359375 -0.0305118560791016
-0.0727462768554687 -0.0712127685546875 0.0337066650390625 -0.0191249847412109
-0.0692367553710938 -0.0744781494140625 0.0462875366210937 -0.00484848022460938
-0.0817413330078125 -0.0686721801757813 0.0425567626953125 0.013671875
-0.0522918701171875 -0.079193115234375 0.029144287109375 0.0423851013183594
-0.0232467651367187 -0.106803894042969 0.00642776489257812 0.0417060852050781
0.0142898559570312 -0.116920471191406 -0.0228843688964844 0.0211639404296875
0.105110168457031 -0.0948486328125 -0.0203323364257812 -0.00909614562988282
0.126594543457031 -0.057464599609375 0.0106430053710938 -0.0367164611816406
0.152740478515625 -0.024078369140625 0.0946502685546875 -0.0055999755859375
0.103492736816406 0.0118560791015625 0.102668762207031 -0.113700866699219
0.104331970214844 -0.00106048583984375 0.108238220214844 -0.0875167846679687
0.106452941894531 -0.0552978515625 0.0869293212890625 -0.0586776733398438
0.05224609375 -0.0820846557617188 0.0659332275390625 -0.0481224060058594
0.0211105346679688 -0.0872573852539063 0.0525398254394531 -0.0208587646484375
-0.0263595581054687 -0.0774917602539063 0.048614501953125 -0.00469970703125001
-0.051605224609375 -0.0623550415039062 0.0636749267578125 -0.000595092773437504
-0.0479087829589844 -0.0673027038574219 0.0711593627929688 0.012115478515625
-0.0570869445800781 -0.0689048767089844 0.0650482177734375 0.0350837707519531
-0.0288925170898438 -0.0733184814453125 0.0394096374511719 0.0667572021484375
0.00146484375000001 -0.0912017822265625 0.00801467895507813 0.0603713989257812
0.036834716796875 -0.0917282104492188 -0.0185718536376953 0.0297813415527344
0.110198974609375 -0.0541229248046875 -0.0111541748046875 -0.00555229187011719
0.116462707519531 -0.0119552612304688 0.0361747741699219 -0.0402336120605469
0.117233276367188 0.01666259765625 0.13555908203125 -0.00418853759765625
0.0428657531738281 0.0397262573242187 0.121345520019531 -0.113418579101563
0.0591659545898438 0.0255126953125 0.112663269042969 -0.09625244140625
0.0694541931152344 -0.0128326416015625 0.0743026733398438 -0.0529327392578125
0.0386619567871094 -0.0373458862304688 0.06060791015625 -0.0332832336425781
0.0235137939453125 -0.0425567626953125 0.0534553527832031 -0.00271224975585938
-0.0032958984375 -0.0474472045898438 0.0620880126953125 0.0108375549316406
-0.0207710266113281 -0.0461997985839844 0.0834732055664063 0.012542724609375
-0.0201683044433594 -0.0508918762207031 0.0850296020507813 0.0276412963867187
-0.0268440246582031 -0.0568008422851562 0.0788116455078125 0.0569915771484375
-0.00830841064453125 -0.0562286376953125 0.0418167114257813 0.0905075073242188
0.0161285400390625 -0.065643310546875 0.0031280517578125 0.078765869140625
0.0435562133789063 -0.05865478515625 -0.0175437927246094 0.0430526733398437
0.0929107666015625 -0.0152359008789063 -0.0063648223876953 0.00669336318969727
0.0858688354492188 0.0282135009765625 0.0539627075195313 -0.0270309448242188
0.0630455017089844 0.05010986328125 0.160171508789063 0.01141357421875
0.00510406494140625 -0.07379150390625 -0.164031982421875 -0.00387573242187499
-0.0398902893066406 -0.0345649719238281 -0.0607452392578125 0.020355224609375
-0.0520820617675781 -0.00086975097656251 0.0145511627197266 -0.0236110687255859
-0.0331230163574219 0.0283641815185547 0.0270538330078125 -0.0659980773925781
-0.0171031951904297 0.0293235778808594 0.00587463378906249 -0.0987625122070312
-0.00192451477050781 0.0298957824707031 -0.047607421875 -0.109161376953125
-0.00523567199707032 0.0286178588867188 -0.0969390869140625 -0.0692672729492187
-0.0139045715332031 0.0268115997314453 -0.0942764282226563 -0.0373382568359375
-0.0152702331542969 0.0277881622314453 -0.0892333984375 -0.01544189453125
-0.0222492218017578 0.012176513671875 -0.0761489868164063 -0.0140380859375
-0.0276279449462891 0.0032196044921875 -0.0606422424316406 0.00460052490234374
-0.0356559753417969 -0.00751876831054687 -0.0602264404296875 0.0245857238769531
-0.031982421875 -0.0360298156738281 -0.0700950622558594 0.0430831909179688
-0.0186500549316406 -0.0572891235351562 -0.097198486328125 0.0953826904296875
0.0121612548828125 -0.074859619140625 -0.12359619140625 0.112480163574219
0.0707473754882813 -0.0854034423828125 -0.150909423828125 -0.0296478271484375
0.01531982421875 -0.0510025024414062 -0.0519981384277344 0.00107574462890626
-0.00373077392578125 -0.0367774963378906 0.0268402099609375 -0.0392341613769531
-0.00941562652587891 -0.0120725631713867 0.0327606201171875 -0.0805587768554688
-0.00946617126464844 -0.0141515731811523 0.011627197265625 -0.108238220214844
-0.0180511474609375 -0.00695610046386719 -0.0440216064453125 -0.115676879882813
-0.0360145568847656 0.0030364990234375 -0.089813232421875 -0.076446533203125
-0.0451393127441406 0.000774383544921879 -0.0828857421875 -0.0428619384765625
-0.0535659790039063 0.00680160522460937 -0.0795669555664063 -0.018768310546875
-0.0513877868652344 -0.0150604248046875 -0.0662918090820312 -0.0111961364746094
-0.0464286804199219 -0.0370368957519531 -0.052947998046875 0.00527191162109374
-0.0372657775878906 -0.0560340881347656 -0.0567092895507813 0.0199203491210937
0.00241851806640625 -0.080291748046875 -0.058258056640625 0.0317230224609375
0.0248641967773437 -0.09088134765625 -0.0796127319335938 0.0785140991210937
0.0729904174804688 -0.098876953125 -0.0992507934570312 0.0936279296875
0.128822326660156 -0.085479736328125 -0.116729736328125 -0.0551223754882813
0.0730209350585938 -0.059478759765625 -0.0281143188476562 -0.0165328979492188
0.0520553588867188 -0.0724945068359375 0.0467185974121094 -0.0508232116699219
0.0182876586914063 -0.0572624206542969 0.0430679321289063 -0.0907669067382813
0.000293731689453123 -0.0615425109863281 0.018218994140625 -0.109786987304687
-0.0331840515136719 -0.0463638305664063 -0.0363922119140625 -0.11004638671875
-0.0631179809570313 -0.0250015258789063 -0.0717849731445312 -0.073272705078125
-0.0711669921875 -0.0260772705078125 -0.0585975646972656 -0.0422019958496094
-0.0847396850585938 -0.0140914916992188 -0.0560874938964844 -0.0184593200683594
-0.0739212036132813 -0.0367660522460937 -0.0456352233886719 -0.00408554077148438
-0.06280517578125 -0.0695533752441406 -0.0386810302734375 0.0110702514648437
-0.0416717529296875 -0.0941238403320313 -0.0506057739257813 0.0187835693359375
0.02874755859375 -0.116714477539063 -0.0487289428710938 0.019866943359375
0.0606536865234375 -0.115242004394531 -0.0600547790527344 0.0506935119628906
0.121131896972656 -0.110214233398438 -0.058349609375 0.0660057067871094
0.166519165039063 -0.074859619140625 -0.0637283325195312 -0.0782699584960938
0.120307922363281 -0.0614547729492188 0.00797653198242188 -0.0351181030273438
0.0998153686523437 -0.102874755859375 0.06793212890625 -0.0588874816894531
0.0415573120117188 -0.0997467041015625 0.0535964965820313 -0.0914382934570312
0.0062103271484375 -0.103233337402344 0.0276107788085938 -0.0993194580078125
-0.045623779296875 -0.079254150390625 -0.0214920043945313 -0.0915451049804688
-0.0811080932617188 -0.0481643676757813 -0.0420722961425781 -0.0608406066894531
-0.0862350463867187 -0.0488357543945313 -0.02490234375 -0.0363845825195313
-0.101844787597656 -0.0336990356445312 -0.0240345001220703 -0.0138435363769531
-0.08453369140625 -0.0549468994140625 -0.0183887481689453 0.00644683837890625
-0.0678176879882812 -0.092437744140625 -0.02130126953125 0.0182132720947266
-0.0396499633789062 -0.11871337890625 -0.0420112609863281 0.0187568664550781
0.0525436401367188 -0.136482238769531 -0.0399742126464844 0.00769805908203125
0.0897216796875 -0.121742248535156 -0.0399894714355469 0.0172119140625
0.152618408203125 -0.10406494140625 -0.00905227661132812 0.0339794158935547
0.174835205078125 -0.054779052734375 -0.00328826904296873 -0.0980148315429687
0.143234252929688 -0.0537261962890625 0.0485954284667969 -0.0554237365722656
0.126884460449219 -0.113990783691406 0.0836029052734375 -0.0638656616210938
0.0543060302734375 -0.122993469238281 0.0623092651367188 -0.0832138061523438
0.00859069824218749 -0.125541687011719 0.0379104614257812 -0.077667236328125
-0.0529327392578125 -0.0973281860351563 0.00109100341796874 -0.0634078979492188
-0.0877456665039063 -0.0625381469726562 -0.00512313842773438 -0.0421524047851563
-0.0875320434570313 -0.0641708374023438 0.0113983154296875 -0.0243110656738281
-0.103263854980469 -0.0510025024414063 0.0111665725708008 -0.00434112548828125
-0.0782546997070312 -0.0688247680664063 0.00983238220214843 0.0212917327880859
-0.0567550659179688 -0.105216979980469 -0.00436973571777344 0.0280513763427734
-0.022735595703125 -0.127670288085937 -0.032562255859375 0.019622802734375
0.0774459838867188 -0.133209228515625 -0.0318813323974609 -0.00285720825195313
0.112045288085938 -0.105758666992188 -0.0175447463989258 -0.0158233642578125
0.164688110351563 -0.0781707763671875 0.0444450378417969 0.00575637817382812
0.153030395507813 -0.02783203125 0.0537033081054688 -0.11383056640625
0.136604309082031 -0.0355072021484375 0.0831832885742188 -0.0771255493164063
0.127357482910156 -0.0997848510742188 0.0895767211914063 -0.0665969848632813
0.054962158203125 -0.117805480957031 0.0661163330078125 -0.0695304870605469
0.0103530883789063 -0.120025634765625 0.0466957092285156 -0.0504684448242188
-0.0469512939453125 -0.0950546264648438 0.0272636413574219 -0.0321788787841797
-0.0778427124023438 -0.0661239624023437 0.0333957672119141 -0.0214309692382813
-0.0755081176757813 -0.0706100463867188 0.0454139709472656 -0.00916671752929688
-0.0880508422851562 -0.0638275146484375 0.0434226989746094 0.0116844177246094
-0.05792236328125 -0.0763397216796875 0.0312347412109375 0.04144287109375
-0.0309371948242187 -0.105453491210938 0.00646972656249999 0.0421409606933594
0.00634765625 -0.119430541992188 -0.0246925354003906 0.0224704742431641
0.100936889648438 -0.103668212890625 -0.0221500396728516 -0.00895118713378907
0.124908447265625 -0.0660324096679688 0.00804138183593751 -0.0379104614257813
0.154647827148438 -0.03515625 0.0952377319335938 -0.0110702514648438
0.107025146484375 0.005279541015625 0.0961151123046875 -0.122169494628906
0.106643676757812 -0.00760650634765625 0.10430908203125 -0.09320068359375
0.105148315429688 -0.0638809204101563 0.08489990234375 -0.0638427734375
0.0482254028320313 -0.08648681640625 0.0651054382324219 -0.0519256591796875
0.01470947265625 -0.0900955200195313 0.0530891418457031 -0.024658203125
-0.031524658203125 -0.076385498046875 0.0501556396484375 -0.00746536254882813
-0.0559463500976562 -0.0585861206054688 0.0654220581054688 -0.00518035888671875
-0.0529212951660156 -0.0645637512207031 0.0717849731445313 0.00689697265625
-0.0626220703125 -0.0647239685058594 0.0681076049804688 0.0316047668457031
-0.0335006713867187 -0.0721054077148437 0.0438575744628906 0.0659294128417969
-0.00517272949218749 -0.09259033203125 0.00938034057617187 0.0609855651855469
0.0310287475585938 -0.0955886840820313 -0.0191402435302734 0.0312633514404297
0.108375549316406 -0.0634765625 -0.0130414962768555 -0.00529289245605469
0.118026733398438 -0.0193023681640625 0.0334320068359375 -0.0433120727539063
0.120758056640625 0.0088653564453125 0.136741638183594 -0.0116653442382813
0.046905517578125 0.0373611450195313 0.116012573242188 -0.123710632324219
0.0628814697265625 0.0218620300292969 0.107986450195313 -0.103057861328125
0.0699081420898438 -0.0182876586914063 0.0733108520507812 -0.0564956665039062
0.0362663269042969 -0.0408172607421875 0.0610923767089844 -0.0366859436035156
0.0197868347167969 -0.0450630187988281 0.05523681640625 -0.00625991821289063
-0.0073089599609375 -0.0475578308105469 0.0652885437011719 0.00783538818359375
-0.0241050720214844 -0.0440826416015625 0.08563232421875 0.006866455078125
-0.0236396789550781 -0.0490798950195313 0.0871810913085938 0.021484375
-0.0316619873046875 -0.0547142028808594 0.0831375122070313 0.0516891479492188
-0.0123443603515625 -0.0555305480957031 0.0478668212890625 0.0886993408203125
0.0114822387695312 -0.0665969848632813 0.00673675537109376 0.0803146362304688
0.0400009155273437 -0.0623550415039063 -0.0176849365234375 0.0441703796386719
0.093719482421875 -0.0230484008789063 -0.00707626342773437 0.00632715225219726
0.0902328491210937 0.022735595703125 0.0519828796386719 -0.0318717956542969
0.0681076049804688 0.0463943481445313 0.16278076171875 0.00128173828125
-0.00109100341796875 -0.0728302001953125 -0.1607666015625 0.00622558593749998
-0.0424346923828125 -0.0315628051757812 -0.0572319030761719 0.0242080688476562
-0.0517654418945313 0.00355529785156251 0.0141239166259766 -0.0230140686035156
-0.0293560028076172 0.0311527252197266 0.0243568420410156 -0.065948486328125
-0.0140933990478516 0.0305004119873047 0.000946044921874996 -0.0978469848632813
0.00064659118652344 0.0280914306640625 -0.0531387329101562 -0.10595703125
-0.00323295593261719 0.0272140502929688 -0.0998458862304688 -0.0618820190429688
-0.0113735198974609 0.0267810821533203 -0.0955352783203125 -0.0298385620117187
-0.0130138397216797 0.0278224945068359 -0.0895462036132813 -0.00787353515624998
-0.0211772918701172 0.0125694274902344 -0.0776748657226563 -0.00825500488281251
-0.0261669158935547 0.00494194030761718 -0.0612449645996094 0.00823974609374999
-0.0353736877441406 -0.00371170043945312 -0.05926513671875 0.0276412963867187
-0.0343265533447266 -0.0320873260498047 -0.0674781799316406 0.0453910827636719
-0.0225563049316406 -0.0547561645507813 -0.0900421142578125 0.0998687744140625
0.0066986083984375 -0.07470703125 -0.114395141601563 0.120193481445312
0.0635833740234375 -0.0897140502929688 -0.1502685546875 -0.019256591796875
0.0115737915039062 -0.0504684448242188 -0.0489044189453125 0.00541687011718749
-0.0064849853515625 -0.0353965759277344 0.0251884460449219 -0.039276123046875
-0.00947666168212891 -0.00997066497802734 0.029388427734375 -0.0804290771484375
-0.00899982452392578 -0.0127906799316406 0.00559997558593749 -0.107246398925781
-0.0177726745605469 -0.00648689270019531 -0.049957275390625 -0.111534118652344
-0.0347499847412109 0.00413894653320313 -0.0934219360351562 -0.0690689086914063
-0.0442962646484375 0.00332641601562501 -0.084503173828125 -0.0359039306640625
-0.0515594482421875 0.00999832153320312 -0.080078125 -0.0115890502929687
-0.0508956909179688 -0.0120391845703125 -0.0683250427246094 -0.00631332397460938
-0.0468482971191406 -0.033782958984375 -0.0539817810058594 0.00843811035156251
-0.0400848388671875 -0.0515098571777344 -0.0561332702636719 0.0226249694824219
-0.00331878662109375 -0.0786666870117188 -0.0562782287597656 0.0332870483398438
0.0181884765625 -0.09039306640625 -0.0735549926757813 0.0819854736328125
0.0650634765625 -0.102462768554688 -0.0912628173828125 0.100479125976563
0.120742797851563 -0.0935821533203125 -0.118064880371094 -0.046142578125
0.0686531066894531 -0.0629043579101563 -0.0265731811523438 -0.0126686096191406
0.0459060668945312 -0.074798583984375 0.0442733764648437 -0.0520248413085938
0.0145454406738281 -0.0568428039550781 0.0387725830078125 -0.091278076171875
-0.00364303588867187 -0.0602874755859375 0.012542724609375 -0.109634399414062
-0.0346260070800781 -0.0441513061523438 -0.042144775390625 -0.106193542480469
-0.0629234313964844 -0.0211067199707031 -0.075347900390625 -0.0671844482421875
-0.0714950561523438 -0.0208663940429687 -0.0609931945800781 -0.0376167297363281
-0.08355712890625 -0.00791168212890627 -0.0566482543945313 -0.0128822326660156
-0.0744552612304688 -0.0315628051757812 -0.0466880798339844 4.19616699218649E-05
-0.064971923828125 -0.0644874572753906 -0.0400962829589844 0.0135726928710938
-0.0468215942382813 -0.088958740234375 -0.0506858825683594 0.0214309692382812
0.02069091796875 -0.116737365722656 -0.04742431640625 0.0208091735839844
0.0522079467773437 -0.1168212890625 -0.0560455322265625 0.053955078125
0.111579895019531 -0.117721557617188 -0.0531845092773438 0.0706100463867187
0.1585693359375 -0.084869384765625 -0.0678024291992188 -0.0721054077148437
0.114997863769531 -0.0677947998046875 0.00783920288085938 -0.0329170227050781
0.0910568237304687 -0.107772827148438 0.0641670227050781 -0.06103515625
0.0343246459960938 -0.100044250488281 0.0490646362304688 -0.0923233032226563
-0.00128936767578124 -0.101631164550781 0.0217208862304688 -0.0990142822265625
-0.050048828125 -0.0751876831054688 -0.0253982543945313 -0.0877151489257812
-0.08245849609375 -0.04229736328125 -0.0449409484863281 -0.0569038391113281
-0.0880050659179687 -0.042266845703125 -0.0275135040283203 -0.0337772369384766
-0.102073669433594 -0.0264511108398437 -0.0249595642089844 -0.0109119415283203
-0.0856170654296875 -0.0486373901367188 -0.0192928314208984 0.00846099853515625
-0.0718841552734375 -0.0861282348632813 -0.0220375061035156 0.0196323394775391
-0.0465011596679688 -0.114097595214844 -0.0426712036132813 0.0214653015136719
0.0426864624023438 -0.138832092285156 -0.0402107238769531 0.00836181640624998
0.0801773071289062 -0.125717163085938 -0.0380821228027344 0.0192184448242187
0.143646240234375 -0.11346435546875 -0.00650024414062499 0.0355110168457031
0.168746948242187 -0.0662994384765625 -0.00912475585937498 -0.0958938598632813
0.138191223144531 -0.0613250732421875 0.0452995300292969 -0.0557327270507813
0.116851806640625 -0.121437072753906 0.0791091918945313 -0.0675582885742188
0.0455856323242188 -0.123977661132813 0.0577316284179688 -0.085052490234375
-8.39233398437561E-05 -0.1239013671875 0.0336837768554688 -0.0788803100585938
-0.0578155517578125 -0.0919265747070313 -0.00143051147460938 -0.0614356994628906
-0.089935302734375 -0.0555343627929688 -0.00776672363281251 -0.0413475036621094
-0.0914993286132812 -0.0569305419921875 0.00893783569335937 -0.0250568389892578
-0.105018615722656 -0.0428085327148437 0.0104703903198242 -0.00430011749267578
-0.0806732177734375 -0.0626983642578125 0.00968170166015625 0.0212574005126953
-0.0625991821289062 -0.0993194580078125 -0.00580406188964844 0.0292015075683594
-0.0313339233398438 -0.124229431152344 -0.0336532592773438 0.0216522216796875
0.0674819946289063 -0.137138366699219 -0.0331439971923828 -0.00246238708496094
0.103729248046875 -0.111244201660156 -0.0187511444091797 -0.0143241882324219
0.157958984375 -0.0887298583984375 0.0444679260253906 0.00379943847656249
0.149826049804688 -0.0386199951171875 0.0454559326171875 -0.115043640136719
0.133537292480469 -0.0434188842773438 0.0782089233398438 -0.0788955688476563
0.118247985839844 -0.107330322265625 0.0850830078125 -0.0704498291015625
0.0469207763671875 -0.119361877441406 0.0625 -0.0719833374023438
0.0015869140625 -0.119056701660156 0.04437255859375 -0.0524635314941406
-0.05267333984375 -0.0902481079101563 0.0263290405273437 -0.0331478118896484
-0.08062744140625 -0.0599517822265625 0.0314865112304687 -0.0245037078857422
-0.0797119140625 -0.0640182495117188 0.0436553955078125 -0.0126075744628906
-0.0909423828125 -0.0553359985351562 0.0428466796875 0.00873565673828125
-0.06182861328125 -0.071441650390625 0.0321769714355469 0.0397262573242188
-0.0374298095703125 -0.101776123046875 0.00601959228515625 0.0423774719238281
-0.00222015380859376 -0.117630004882812 -0.0255699157714844 0.0236740112304687
0.0932159423828125 -0.1102294921875 -0.0239620208740234 -0.00897407531738282
0.119369506835938 -0.073089599609375 0.00442504882812501 -0.0385780334472656
0.150787353515625 -0.0457000732421875 0.0930557250976563 -0.0156326293945313
0.106498718261719 -0.00270843505859375 0.0873184204101563 -0.126243591308594
0.105949401855469 -0.0138168334960938 0.0972976684570313 -0.0971145629882813
0.0999984741210938 -0.0706939697265625 0.0806198120117188 -0.0673751831054688
0.0415267944335938 -0.0878219604492187 0.0622444152832031 -0.0543975830078125
0.00743865966796876 -0.0897674560546875 0.0523948669433594 -0.0273094177246094
-0.036346435546875 -0.0730514526367188 0.0505142211914062 -0.0101356506347656
-0.0591621398925781 -0.053680419921875 0.0642776489257813 -0.0100669860839844
-0.0570411682128906 -0.0597610473632812 0.0707473754882813 0.00112152099609375
-0.0667686462402344 -0.0585289001464844 0.0688095092773438 0.0265235900878906
-0.0377922058105469 -0.0684852600097656 0.0467453002929688 0.0628776550292969
-0.0113449096679688 -0.0900650024414063 0.0110130310058594 0.0603675842285156
0.0236358642578125 -0.0960617065429687 -0.0198459625244141 0.0316791534423828
0.103263854980469 -0.0710906982421875 -0.0143241882324219 -0.00605869293212891
0.115814208984375 -0.0268325805664062 0.0285148620605469 -0.0449943542480469
0.120155334472656 0.00035858154296875 0.133987426757813 -0.0194931030273438
0.0491943359375 0.0338516235351562 0.105888366699219 -0.129470825195313
0.0645332336425781 0.0181388854980469 0.100143432617187 -0.106575012207031
0.068634033203125 -0.0235595703125 0.0685615539550781 -0.05963134765625
0.0328216552734375 -0.0428810119628906 0.0588302612304688 -0.0390510559082031
0.0166435241699219 -0.0458412170410156 0.0554084777832031 -0.00916290283203125
-0.0105934143066406 -0.0458831787109375 0.0666351318359375 0.00347900390625
-0.0266838073730469 -0.0408058166503906 0.085418701171875 0.000198364257812497
-0.027374267578125 -0.0458755493164063 0.0864639282226563 0.0145950317382812
-0.0355453491210938 -0.0505294799804688 0.0845718383789062 0.0458221435546875
-0.0159645080566406 -0.0528755187988281 0.0526809692382813 0.0852127075195313
0.00629806518554687 -0.0655517578125 0.0104293823242188 0.079315185546875
0.0345802307128906 -0.064666748046875 -0.0166091918945312 0.0448799133300781
0.0915908813476563 -0.0297164916992188 -0.00800418853759765 0.00592517852783203
0.0906829833984375 0.0166168212890625 0.0474090576171875 -0.0350341796875
0.0705490112304688 0.0415496826171875 0.160751342773438 -0.008575439453125
-0.0051727294921875 -0.0703201293945313 -0.155364990234375 0.01214599609375
-0.0425605773925781 -0.0285873413085938 -0.0531005859375 0.025390625
-0.05035400390625 0.00650787353515626 0.0137405395507812 -0.0216464996337891
-0.0267772674560547 0.0321292877197266 0.0228118896484375 -0.0643119812011719
-0.0108890533447266 0.0300579071044922 -0.00131988525390625 -0.0949630737304688
0.00267791748046875 0.0260181427001953 -0.05523681640625 -0.101097106933594
-0.00217819213867187 0.0256843566894531 -0.0994415283203125 -0.055572509765625
-0.00968551635742188 0.0263729095458984 -0.0940628051757813 -0.0238876342773437
-0.0110511779785156 0.0269718170166016 -0.0878982543945313 -0.00209045410156251
-0.0197410583496094 0.0121994018554687 -0.0774917602539063 -0.00432586669921876
-0.0246105194091797 0.00549125671386719 -0.0604743957519531 0.010467529296875
-0.0338363647460937 -0.00131225585937501 -0.0580291748046875 0.0287818908691406
-0.0356101989746094 -0.0286979675292969 -0.0650711059570313 0.0448417663574219
-0.0249176025390625 -0.0516624450683594 -0.0834274291992187 0.100372314453125
0.00228118896484375 -0.0729827880859375 -0.105445861816406 0.123100280761719
0.0566635131835938 -0.08941650390625 -0.146392822265625 -0.01275634765625
0.00864791870117188 -0.0497779846191406 -0.0458641052246094 0.00801086425781249
-0.00860404968261719 -0.0337734222412109 0.0237350463867187 -0.0382156372070312
-0.00864171981811524 -0.00817632675170898 0.027008056640625 -0.07928466796875
-0.0087289810180664 -0.0116424560546875 0.00272369384765625 -0.104103088378906
-0.0168008804321289 -0.00582599639892578 -0.05279541015625 -0.107246398925781
-0.0339145660400391 0.00485610961914062 -0.0935745239257813 -0.0624237060546875
-0.0431709289550781 0.00500488281249999 -0.0833511352539062 -0.0306777954101563
-0.049041748046875 0.0119705200195312 -0.0791015625 -0.00673675537109374
-0.0492973327636719 -0.0102272033691406 -0.0683937072753906 -0.00246429443359375
-0.04571533203125 -0.0310707092285156 -0.0542411804199219 0.0105552673339844
-0.0403900146484375 -0.0472869873046875 -0.0555610656738281 0.0240478515625
-0.00662994384765625 -0.0750503540039062 -0.0549087524414063 0.0326194763183594
0.0134658813476562 -0.0880279541015625 -0.0683364868164062 0.0824966430664063
0.0579910278320313 -0.103385925292969 -0.0843124389648438 0.103271484375
0.111839294433594 -0.0962905883789062 -0.116378784179688 -0.0392913818359375
0.0633506774902344 -0.0637283325195313 -0.0248165130615234 -0.00931549072265625
0.0406265258789062 -0.0742950439453125 0.0410499572753906 -0.0515022277832031
0.013031005859375 -0.0550155639648437 0.0354766845703125 -0.0893325805664063
-0.00611495971679688 -0.0577316284179688 0.008941650390625 -0.1065673828125
-0.0353507995605469 -0.0413360595703125 -0.044403076171875 -0.101524353027344
-0.0617828369140625 -0.0185585021972656 -0.075592041015625 -0.0618133544921875
-0.0706710815429688 -0.0171127319335937 -0.0610008239746094 -0.033294677734375
-0.081085205078125 -0.00407409667968752 -0.056640625 -0.00893020629882812
-0.0732574462890625 -0.0288925170898438 -0.0473518371582031 0.00323867797851562
-0.06488037109375 -0.0598564147949219 -0.0407867431640625 0.0151824951171875
-0.0492019653320313 -0.0839157104492188 -0.0508155822753906 0.0226516723632813
0.015045166015625 -0.113929748535156 -0.0464820861816406 0.0200767517089844
0.0451583862304687 -0.11480712890625 -0.0524215698242188 0.0543098449707031
0.103485107421875 -0.120315551757813 -0.0483016967773437 0.0724868774414063
0.1500244140625 -0.0902099609375 -0.068359375 -0.0664405822753906
0.108917236328125 -0.070526123046875 0.00792121887207032 -0.0298500061035156
0.0828628540039063 -0.108894348144531 0.0603446960449219 -0.0611038208007813
0.0294723510742188 -0.0978317260742188 0.0457000732421875 -0.0914535522460937
-0.00614166259765624 -0.0979461669921875 0.0190200805664063 -0.0974655151367188
-0.0514450073242188 -0.07073974609375 -0.0272979736328125 -0.0846481323242187
-0.08172607421875 -0.0374603271484375 -0.0464324951171875 -0.0531806945800781
-0.0876083374023437 -0.0367202758789063 -0.0292778015136719 -0.0312938690185547
-0.100250244140625 -0.0200424194335937 -0.0255012512207031 -0.00892066955566407
-0.0842742919921875 -0.0443649291992188 -0.0199108123779297 0.0102310180664063
-0.072845458984375 -0.0803680419921875 -0.0234870910644531 0.0210361480712891
-0.0504150390625 -0.107864379882813 -0.0431022644042969 0.0225677490234375
0.0353317260742188 -0.136466979980469 -0.0407867431640625 0.00751113891601563
0.0727462768554688 -0.125030517578125 -0.0369949340820312 0.019683837890625
0.135505676269531 -0.117973327636719 -0.00446701049804687 0.0362548828125
0.160842895507812 -0.0726776123046875 -0.0127334594726562 -0.0919952392578125
0.132209777832031 -0.064971923828125 0.0436248779296875 -0.0535011291503906
0.107887268066406 -0.123489379882813 0.0746383666992188 -0.0677413940429688
0.03924560546875 -0.122222900390625 0.0546417236328125 -0.0847702026367188
-0.00656127929687501 -0.120285034179687 0.0305557250976563 -0.0782089233398438
-0.05999755859375 -0.0862045288085938 -0.00208282470703126 -0.0598945617675781
-0.0892715454101563 -0.04998779296875 -0.009033203125 -0.0398521423339844
-0.0920028686523438 -0.0508575439453125 0.00681114196777343 -0.0248794555664063
-0.103515625 -0.0354461669921875 0.00919628143310546 -0.00392723083496094
-0.0810089111328125 -0.0574493408203125 0.00860786437988281 0.0207595825195312
-0.0642929077148438 -0.0935745239257812 -0.00634574890136719 0.0289726257324219
-0.0355758666992187 -0.118217468261719 -0.0347614288330078 0.0227031707763672
0.0599746704101563 -0.136886596679688 -0.0335788726806641 -0.00269126892089845
0.0965042114257812 -0.112136840820313 -0.0200176239013672 -0.0138950347900391
0.149993896484375 -0.0945587158203125 0.0438613891601563 0.00305175781249999
0.14410400390625 -0.0441131591796875 0.03948974609375 -0.1136474609375
0.128959655761719 -0.0467071533203125 0.0741348266601563 -0.078094482421875
0.11053466796875 -0.110191345214844 0.079986572265625 -0.0702362060546875
0.0407028198242188 -0.117759704589844 0.0592880249023438 -0.071990966796875
-0.0039215087890625 -0.115516662597656 0.0426559448242187 -0.05303955078125
-0.0553436279296875 -0.085174560546875 0.0263156890869141 -0.0331592559814453
-0.080596923828125 -0.0543289184570313 0.0299949645996094 -0.025054931640625
-0.0800704956054687 -0.0576400756835938 0.0405654907226562 -0.0141029357910156
-0.09039306640625 -0.0487899780273437 0.0416526794433594 0.0065765380859375
-0.0622100830078125 -0.0659828186035156 0.031707763671875 0.0381889343261719
-0.0405120849609375 -0.0969772338867188 0.00489807128906249 0.0420379638671875
-0.0074462890625 -0.113594055175781 -0.0267810821533203 0.0244922637939453
0.085235595703125 -0.112083435058594 -0.0250720977783203 -0.00945091247558594
0.113128662109375 -0.0762176513671875 0.00166320800781251 -0.0377426147460938
0.144927978515625 -0.05181884765625 0.0898590087890625 -0.018524169921875
0.104301452636719 -0.00760650634765625 0.0794677734375 -0.126373291015625
0.10296630859375 -0.0169677734375 0.0915679931640625 -0.0959625244140625
0.0945968627929687 -0.0733184814453125 0.0760726928710938 -0.0673904418945313
0.0374069213867188 -0.0876007080078125 0.0594673156738281 -0.0545730590820313
0.00301361083984374 -0.088134765625 0.0508689880371094 -0.0285148620605469
-0.0389518737792969 -0.0686836242675781 0.0504035949707031 -0.0119705200195313
-0.0591278076171875 -0.0488739013671875 0.0622520446777344 -0.0128173828125
-0.0589141845703125 -0.0544891357421875 0.0674934387207031 -0.002593994140625
-0.0675621032714844 -0.0528144836425781 0.0670509338378906 0.0224494934082031
-0.0397796630859375 -0.0646858215332031 0.0471229553222656 0.0594711303710937
-0.0148086547851563 -0.0863876342773438 0.0110931396484375 0.0592994689941406
0.0180892944335938 -0.0939102172851563 -0.0202217102050781 0.0315990447998047
0.0967788696289063 -0.0746307373046875 -0.0155811309814453 -0.00688171386718751
0.111289978027344 -0.0309371948242188 0.0248069763183594 -0.0451583862304688
0.117774963378906 -0.00518798828125 0.128707885742187 -0.0240097045898438
0.0503692626953125 0.0302276611328125 0.0969924926757813 -0.130706787109375
0.063995361328125 0.0151481628417969 0.0932846069335937 -0.10595703125
0.0658836364746094 -0.0267372131347656 0.0652008056640625 -0.05926513671875
0.0298843383789063 -0.0434837341308594 0.0566062927246094 -0.0396080017089844
0.0132064819335937 -0.0457344055175781 0.0549736022949219 -0.0110206604003906
-0.0123519897460938 -0.0435943603515625 0.0663223266601563 0.000297546386718747
-0.0277557373046875 -0.0380287170410156 0.08245849609375 -0.0042877197265625
-0.028839111328125 -0.042877197265625 0.0839614868164063 0.009796142578125
-0.0374946594238281 -0.0466766357421875 0.0840377807617188 0.0402679443359375
-0.0178489685058594 -0.050384521484375 0.053619384765625 0.0817337036132813
0.00266265869140625 -0.0639572143554688 0.0112075805664063 0.07745361328125
0.030517578125 -0.0641899108886719 -0.0168266296386719 0.0438079833984375
0.0877151489257813 -0.0340652465820313 -0.0090179443359375 0.00474452972412109
0.0899810791015625 0.0116806030273438 0.0432968139648438 -0.0363121032714844
0.0712203979492188 0.0373764038085938 0.154510498046875 -0.0140228271484375
-0.00741958618164062 -0.0684928894042969 -0.15191650390625 0.01422119140625
-0.0424728393554688 -0.0269927978515625 -0.0504493713378906 0.0260658264160156
-0.0489349365234375 0.00762176513671876 0.0145359039306641 -0.0198745727539063
-0.0243701934814453 0.0326175689697266 0.0234336853027344 -0.0624961853027344
-0.0089569091796875 0.0302238464355469 -0.00102233886718749 -0.093536376953125
0.00275039672851562 0.0244331359863281 -0.0556869506835938 -0.09918212890625
-0.00221443176269531 0.0247516632080078 -0.097412109375 -0.0518951416015625
-0.00928878784179688 0.0256748199462891 -0.0917510986328125 -0.02099609375
-0.0102176666259766 0.0261306762695312 -0.085968017578125 0.000633239746093735
-0.0190868377685547 0.0114326477050781 -0.07745361328125 -0.00186157226562501
-0.0234127044677734 0.00522613525390625 -0.0610542297363281 0.0113601684570313
-0.0324077606201172 4.57763671874958E-05 -0.0576362609863281 0.0286064147949219
-0.0355453491210938 -0.0266532897949219 -0.0635719299316406 0.0440864562988281
-0.025665283203125 -0.04931640625 -0.0801544189453125 0.0988922119140625
-3.81469726562473E-05 -0.071868896484375 -0.100898742675781 0.123466491699219
0.0521087646484375 -0.088348388671875 -0.142486572265625 -0.00950622558593753
0.00727081298828125 -0.0483322143554688 -0.0435867309570313 0.00915145874023437
-0.00923919677734375 -0.0322799682617188 0.0237541198730469 -0.03656005859375
-0.00788402557373047 -0.00709915161132813 0.0270004272460938 -0.0772933959960938
-0.00786685943603515 -0.0111055374145508 0.00276947021484374 -0.102157592773438
-0.0160551071166992 -0.0066986083984375 -0.0528106689453125 -0.104240417480469
-0.0330562591552734 0.00467872619628907 -0.0925827026367188 -0.0592498779296875
-0.0418968200683594 0.0057373046875 -0.0826950073242188 -0.0278091430664063
-0.0474777221679688 0.0121994018554688 -0.0776214599609375 -0.00366973876953125
-0.0480690002441406 -0.00986099243164063 -0.0686416625976563 -6.48498535156176E-05
-0.0447425842285156 -0.0302200317382813 -0.0546607971191406 0.0114974975585937
-0.039520263671875 -0.0447235107421875 -0.0562858581542969 0.0240211486816406
-0.0078125 -0.0727157592773438 -0.0545730590820313 0.0309600830078125
0.01129150390625 -0.0850753784179688 -0.06549072265625 0.0814437866210937
0.0545806884765625 -0.102401733398438 -0.07965087890625 0.103485107421875
0.106857299804688 -0.0956573486328125 -0.113693237304688 -0.0357208251953125
0.0614204406738281 -0.0634040832519531 -0.0228118896484375 -0.00757789611816407
0.0374603271484375 -0.07293701171875 0.0403861999511719 -0.0495338439941406
0.0115585327148437 -0.0531120300292969 0.0353469848632813 -0.088104248046875
-0.00650024414062501 -0.0559577941894531 0.00887298583984374 -0.104171752929687
-0.0342216491699219 -0.0399246215820312 -0.0443649291992188 -0.0991058349609375
-0.0606727600097656 -0.016387939453125 -0.07501220703125 -0.0582962036132813
-0.0697898864746094 -0.01519775390625 -0.0608558654785156 -0.0306243896484375
-0.0787734985351563 -0.00188446044921876 -0.0559234619140625 -0.00653839111328125
-0.07171630859375 -0.0271224975585937 -0.0482864379882813 0.00484085083007813
-0.0641860961914063 -0.0575790405273438 -0.0418777465820313 0.0159454345703125
-0.0487518310546875 -0.079803466796875 -0.0513954162597656 0.023101806640625
0.0125045776367187 -0.111518859863281 -0.04736328125 0.0181236267089844
0.041961669921875 -0.112174987792969 -0.0507621765136719 0.0536460876464844
0.098541259765625 -0.120231628417969 -0.04547119140625 0.0732650756835938
0.143997192382812 -0.0911865234375 -0.0679473876953125 -0.0632209777832031
0.105506896972656 -0.0702743530273438 0.00908470153808594 -0.0276393890380859
0.0781707763671875 -0.107650756835938 0.0591239929199219 -0.0589370727539063
0.0269317626953125 -0.0957489013671875 0.0452499389648437 -0.0896682739257813
-0.00806427001953124 -0.0959320068359375 0.0183792114257813 -0.0953216552734375
-0.0509567260742187 -0.0677757263183594 -0.0267105102539063 -0.0821762084960938
-0.0802383422851563 -0.03521728515625 -0.0459518432617188 -0.0508689880371094
-0.0873794555664063 -0.0340194702148437 -0.0294303894042969 -0.0299758911132813
-0.0973663330078125 -0.0174789428710938 -0.0255260467529297 -0.00692558288574219
-0.0828704833984375 -0.0422821044921875 -0.0205535888671875 0.0113735198974609
-0.0725173950195313 -0.0772933959960937 -0.0252361297607422 0.0214576721191406
-0.0508880615234375 -0.103469848632813 -0.0442085266113281 0.0226020812988281
0.032012939453125 -0.13433837890625 -0.0413017272949219 0.00594711303710937
0.0692825317382813 -0.122161865234375 -0.0362739562988281 0.0196456909179687
0.130012512207031 -0.118637084960938 -0.00297546386718749 0.0365791320800781
0.15582275390625 -0.073699951171875 -0.0132904052734375 -0.0894317626953125
0.12896728515625 -0.065704345703125 0.0432891845703125 -0.0513877868652344
0.101936340332031 -0.122428894042969 0.07275390625 -0.0657272338867188
0.0358200073242188 -0.1199951171875 0.054229736328125 -0.0837020874023438
-0.00869750976562499 -0.117019653320313 0.0304183959960937 -0.0768966674804688
-0.059112548828125 -0.0826339721679688 -0.00178909301757813 -0.0587081909179688
-0.0876998901367188 -0.0466690063476563 -0.00972366333007813 -0.03912353515625
-0.0916213989257813 -0.0473175048828125 0.00555229187011718 -0.0241603851318359
-0.1011962890625 -0.03228759765625 0.00802946090698242 -0.00355911254882813
-0.079803466796875 -0.0547256469726562 0.00776481628417968 0.0212306976318359
-0.0641250610351563 -0.090057373046875 -0.00848197937011719 0.0294952392578125
-0.0374679565429688 -0.114059448242188 -0.0366554260253906 0.0227394104003906
0.0556259155273438 -0.135597229003906 -0.0352554321289063 -0.00455093383789063
0.092620849609375 -0.111198425292969 -0.0206241607666016 -0.0132656097412109
0.145034790039062 -0.0958099365234375 0.0430641174316406 0.00330352783203124
0.139945983886719 -0.0462417602539063 0.0371246337890625 -0.111282348632813
0.126617431640625 -0.0478363037109375 0.0726089477539063 -0.0760269165039063
0.105850219726562 -0.10968017578125 0.077880859375 -0.0688934326171875
0.037750244140625 -0.115501403808594 0.058685302734375 -0.0705642700195313
-0.00683593750000001 -0.112960815429688 0.0423469543457031 -0.0529899597167969
-0.054962158203125 -0.0821914672851563 0.0267772674560547 -0.0331268310546875
-0.0796432495117188 -0.051116943359375 0.0286712646484375 -0.025787353515625
-0.0805587768554687 -0.054595947265625 0.0384025573730469 -0.0150604248046875
-0.0889968872070313 -0.0448532104492188 0.0396537780761719 0.0062713623046875
-0.0619697570800781 -0.0637893676757813 0.031036376953125 0.0372810363769531
-0.0412063598632813 -0.0935516357421875 0.00334548950195312 0.0418014526367187
-0.00972747802734375 -0.110343933105469 -0.0285091400146484 0.025033950805664
0.081329345703125 -0.112571716308594 -0.026519775390625 -0.0105800628662109
0.109222412109375 -0.0765457153320313 -7.62939453124909E-05 -0.0373725891113281
0.141220092773438 -0.054290771484375 0.0874176025390625 -0.01873779296875
0.101669311523438 -0.00959014892578125 0.0750503540039063 -0.124900817871094
0.101913452148438 -0.0183944702148438 0.0888442993164063 -0.0939178466796875
0.0920867919921875 -0.0743865966796875 0.0743637084960938 -0.0656661987304688
0.0351333618164063 -0.0863189697265625 0.0585823059082031 -0.0541152954101563
0.000991821289062504 -0.0861053466796875 0.0504531860351563 -0.0287666320800781
-0.0390586853027344 -0.0661277770996094 0.0510635375976563 -0.012908935546875
-0.0587081909179688 -0.0460700988769531 0.0607490539550781 -0.014495849609375
-0.0589942932128906 -0.0516395568847656 0.064971923828125 -0.00443649291992188
-0.0670547485351563 -0.0486106872558594 0.0650100708007813 0.0208778381347656
-0.0394973754882813 -0.0619544982910156 0.0460472106933594 0.0573043823242188
-0.0165328979492187 -0.0837326049804688 0.00984954833984375 0.058563232421875
0.0149765014648437 -0.09185791015625 -0.0223617553710938 0.0312557220458984
0.093536376953125 -0.076171875 -0.0171222686767578 -0.00817394256591797
0.109367370605469 -0.0320968627929688 0.0222663879394531 -0.0446052551269531
0.115928649902344 -0.00774383544921875 0.125625610351563 -0.0250015258789063
0.0494308471679688 0.0286979675292969 0.0923385620117188 -0.129371643066406
0.0639991760253906 0.0142745971679688 0.0897598266601563 -0.103889465332031
0.0645637512207031 -0.0285415649414062 0.0632972717285156 -0.057891845703125
0.0284271240234375 -0.0431175231933594 0.0566024780273438 -0.0390052795410156
0.011474609375 -0.0453758239746094 0.0549049377441406 -0.0114707946777344
-0.0135269165039062 -0.0419464111328125 0.0666160583496094 -0.000801086425781253
-0.0274429321289062 -0.0353660583496094 0.0810394287109375 -0.00685882568359375
-0.0293693542480469 -0.0409660339355469 0.0815811157226563 0.00685882568359375
-0.0381355285644531 -0.0434761047363281 0.0815200805664063 0.037078857421875
-0.0184783935546875 -0.0486106872558594 0.054229736328125 0.079010009765625
0.00142288208007813 -0.0622367858886719 0.00955963134765625 0.076019287109375
0.0279769897460938 -0.063232421875 -0.0184097290039062 0.0427932739257812
0.0852127075195313 -0.0364303588867188 -0.0102710723876953 0.0038604736328125
0.0887527465820312 0.00981903076171875 0.0404129028320313 -0.0364227294921875
0.0712127685546875 0.0349273681640625 0.1502685546875 -0.01629638671875
-0.00918960571289063 -0.0679397583007813 -0.151840209960938 0.0145416259765625
-0.0436820983886719 -0.0271530151367188 -0.0499954223632812 0.0262031555175781
-0.0497093200683594 0.00885391235351563 0.0159149169921875 -0.0187320709228516
-0.0232982635498047 0.0334968566894531 0.0248069763183594 -0.0623817443847656
-0.00760078430175781 0.0297718048095703 0.000709533691406241 -0.0935897827148438
0.00276374816894531 0.0234012603759766 -0.0554428100585938 -0.0996170043945312
-0.00274276733398438 0.0238742828369141 -0.0979156494140625 -0.0507125854492187
-0.00931739807128906 0.0256900787353516 -0.0914993286132813 -0.0194320678710938
-0.00959968566894531 0.0252208709716797 -0.0864791870117188 0.00249481201171875
-0.0188827514648438 0.0114078521728516 -0.0787887573242188 -0.000686645507812494
-0.0226345062255859 0.00508308410644531 -0.0626792907714844 0.0113105773925781
-0.0322608947753906 0.000780105590820315 -0.0594215393066406 0.0281600952148437
-0.0354881286621094 -0.0251007080078125 -0.0647468566894531 0.0423431396484375
-0.0263824462890625 -0.0487327575683594 -0.0797882080078125 0.0985183715820313
-0.00200653076171874 -0.072540283203125 -0.0993576049804688 0.125076293945313
0.0509719848632812 -0.0878372192382813 -0.141983032226563 -0.00849914550781252
0.00654602050781251 -0.0481147766113281 -0.0422515869140625 0.00998306274414062
-0.00998687744140625 -0.0312366485595703 0.0247306823730469 -0.0352935791015625
-0.00724935531616211 -0.00630426406860351 0.0286178588867188 -0.0767440795898438
-0.00720882415771484 -0.0105800628662109 0.00402069091796874 -0.102882385253906
-0.0159969329833984 -0.00711441040039062 -0.0524444580078125 -0.104637145996094
-0.0334110260009766 0.00481224060058594 -0.0924224853515625 -0.057586669921875
-0.0426788330078125 0.00608062744140624 -0.0824813842773437 -0.025726318359375
-0.0472145080566406 0.0123100280761719 -0.0779190063476562 -0.00197601318359374
-0.048248291015625 -0.0101852416992187 -0.0702323913574219 0.000766754150390632
-0.044158935546875 -0.0300407409667969 -0.056732177734375 0.0119132995605469
-0.0391693115234375 -0.0437278747558594 -0.05767822265625 0.0241279602050781
-0.00835418701171875 -0.0724105834960938 -0.055877685546875 0.0295028686523438
0.0105667114257812 -0.0848236083984375 -0.065704345703125 0.0814285278320313
0.0529251098632813 -0.103706359863281 -0.0788192749023438 0.105308532714844
0.1055908203125 -0.0961990356445313 -0.113868713378906 -0.0348129272460937
0.0606575012207031 -0.0632286071777344 -0.0211658477783203 -0.00661277770996094
0.0360641479492188 -0.0725021362304688 0.0411529541015625 -0.0481338500976563
0.0118675231933594 -0.0523300170898438 0.036712646484375 -0.08734130859375
-0.00651550292968749 -0.0551948547363281 0.00992584228515625 -0.10443115234375
-0.0344734191894531 -0.0400810241699219 -0.04315185546875 -0.099029541015625
-0.0600776672363281 -0.01629638671875 -0.0750732421875 -0.0570297241210937
-0.0700531005859375 -0.0143661499023437 -0.0608558654785156 -0.0300559997558594
-0.0780029296875 -0.00180053710937501 -0.0563583374023438 -0.00464248657226563
-0.0711669921875 -0.027252197265625 -0.0495109558105469 0.006134033203125
-0.0636520385742188 -0.0578269958496094 -0.0442619323730469 0.0165977478027344
-0.0483779907226563 -0.0789871215820313 -0.0542716979980469 0.0234375
0.0119552612304687 -0.111717224121094 -0.0492019653320313 0.0166854858398437
0.0408782958984375 -0.111610412597656 -0.0502967834472656 0.053314208984375
0.0967025756835938 -0.121421813964844 -0.0445175170898437 0.07501220703125
0.143142700195313 -0.091827392578125 -0.0677108764648437 -0.0623092651367188
0.105545043945313 -0.0709304809570313 0.0101566314697266 -0.0256767272949219
0.07666015625 -0.107765197753906 0.0595169067382813 -0.0574378967285156
0.0269622802734375 -0.0950698852539063 0.046722412109375 -0.0895538330078125
-0.00824737548828126 -0.0946884155273438 0.019866943359375 -0.0962600708007813
-0.050537109375 -0.0676956176757812 -0.0254898071289062 -0.0825424194335937
-0.0800552368164063 -0.0344390869140625 -0.0462188720703125 -0.0498695373535156
-0.087921142578125 -0.0325851440429687 -0.0303802490234375 -0.0293636322021484
-0.09686279296875 -0.0164337158203125 -0.0265846252441406 -0.00599288940429687
-0.0829544067382813 -0.0419998168945313 -0.0223503112792969 0.0119419097900391
-0.0724411010742187 -0.0766754150390625 -0.0276985168457031 0.022705078125
-0.0509719848632813 -0.102294921875 -0.0469818115234375 0.0239295959472656
0.0306930541992187 -0.134910583496094 -0.0439453125 0.00429534912109374
0.0679092407226563 -0.121910095214844 -0.036865234375 0.0196876525878906
0.128776550292969 -0.120460510253906 -0.00223541259765624 0.0380630493164062
0.155120849609375 -0.0752105712890625 -0.0142364501953125 -0.088714599609375
0.129127502441406 -0.0660781860351562 0.0448799133300781 -0.0499076843261719
0.101470947265625 -0.122817993164063 0.0736618041992188 -0.064422607421875
0.0355072021484375 -0.119056701660156 0.0553970336914063 -0.0831146240234375
-0.0100479125976563 -0.116676330566406 0.0318527221679688 -0.0772705078125
-0.0596084594726562 -0.0825424194335938 9.53674316406193E-05 -0.059295654296875
-0.0877838134765625 -0.0454864501953125 -0.009979248046875 -0.0386543273925781
-0.0922775268554687 -0.045684814453125 0.00348472595214843 -0.0240402221679688
-0.101280212402344 -0.0305328369140625 0.00704383850097656 -0.00304412841796875
-0.0790023803710938 -0.0545501708984375 0.00646018981933593 0.0219802856445312
-0.0643310546875 -0.0891494750976563 -0.0111331939697266 0.0311279296875
-0.0376739501953125 -0.113136291503906 -0.0396957397460938 0.0235557556152344
0.054534912109375 -0.136947631835938 -0.0380821228027344 -0.00628280639648439
0.0918045043945313 -0.110931396484375 -0.0217399597167969 -0.0136737823486328
0.144515991210937 -0.0977935791015625 0.0434608459472656 0.00392532348632812
0.13946533203125 -0.0467529296875 0.0363616943359375 -0.110893249511719
0.1270751953125 -0.0479507446289062 0.0736312866210938 -0.07464599609375
0.105865478515625 -0.1107177734375 0.0786666870117188 -0.0677032470703125
0.0373153686523438 -0.1156005859375 0.0593338012695313 -0.0708160400390625
-0.00786590576171875 -0.112960815429688 0.0432701110839844 -0.0532035827636719
-0.0551528930664062 -0.0814132690429688 0.0283985137939453 -0.0333251953125
-0.0794906616210937 -0.0497055053710938 0.0289573669433594 -0.0260810852050781
-0.0817642211914062 -0.0531539916992188 0.0374183654785156 -0.0149307250976563
-0.0898208618164063 -0.043487548828125 0.0383834838867187 0.00593185424804687
-0.062286376953125 -0.0632476806640625 0.0297622680664062 0.0376167297363281
-0.041961669921875 -0.0928878784179688 0.00123977661132812 0.0427970886230469
-0.0109786987304688 -0.109848022460937 -0.0319652557373047 0.0255126953125
0.0804214477539063 -0.114059448242188 -0.0289230346679687 -0.0124034881591797
0.1092529296875 -0.076568603515625 -0.00146102905273437 -0.0375137329101563
0.14117431640625 -0.0560760498046875 0.0874404907226563 -0.0185012817382813
0.101509094238281 -0.0100936889648438 0.0742721557617188 -0.125442504882813
0.1026611328125 -0.0184249877929688 0.0892410278320312 -0.0935211181640625
0.0921478271484375 -0.0752944946289063 0.07464599609375 -0.0642471313476563
0.034423828125 -0.0864944458007813 0.0596885681152344 -0.0540122985839844
-0.000122070312500005 -0.0862503051757813 0.0515213012695312 -0.0289726257324219
-0.0401725769042969 -0.0658302307128906 0.0521202087402344 -0.0132904052734375
-0.0588493347167969 -0.0450515747070313 0.0602226257324219 -0.0153656005859375
-0.0600013732910156 -0.0506057739257813 0.0636711120605469 -0.00490188598632813
-0.0677642822265625 -0.0471725463867188 0.0640830993652344 0.02044677734375
-0.0401077270507812 -0.0618438720703125 0.04620361328125 0.0581855773925781
-0.0169677734375 -0.083343505859375 0.00753402709960938 0.0594596862792969
0.014617919921875 -0.0916213989257813 -0.0250606536865234 0.0321712493896484
0.092620849609375 -0.0779495239257813 -0.0187606811523437 -0.0100479125976563
0.109230041503906 -0.0329055786132813 0.0209083557128906 -0.0453033447265625
0.116073608398438 -0.00893402099609375 0.125221252441406 -0.0248565673828125
0.0504531860351563 0.0284423828125 0.0915451049804687 -0.129959106445313
0.0650596618652344 0.0140342712402344 0.0896072387695312 -0.103271484375
0.0652999877929688 -0.0295066833496094 0.0646896362304688 -0.0564117431640625
0.0281791687011719 -0.042999267578125 0.0574226379394531 -0.0384368896484375
0.010345458984375 -0.0457878112792969 0.0559005737304688 -0.0116958618164063
-0.0143852233886719 -0.0414619445800781 0.0680618286132813 -0.00179290771484375
-0.0278339385986328 -0.0349216461181641 0.0810546875 -0.00823974609375
-0.0305976867675781 -0.0401268005371094 0.080230712890625 0.00536346435546875
-0.0386314392089844 -0.0424766540527344 0.0808334350585938 0.0362701416015625
-0.0188179016113281 -0.0479011535644531 0.0541458129882813 0.0786056518554688
0.000675201416015619 -0.0617256164550781 0.00852203369140625 0.0774917602539063
0.0268898010253906 -0.0629463195800781 -0.0207595825195313 0.0431137084960937
0.085235595703125 -0.0377578735351563 -0.0125627517700195 0.00219917297363281
0.0893936157226563 0.00867462158203125 0.038787841796875 -0.0367584228515625
0.07135009765625 0.0341262817382813 0.15020751953125 -0.0161285400390625
-0.0109062194824219 -0.0691719055175781 -0.155059814453125 0.0169677734375
-0.0461349487304688 -0.0264167785644531 -0.0504989624023438 0.0284614562988281
-0.0508842468261719 0.0103569030761719 0.0176010131835938 -0.0181312561035156
-0.0223541259765625 0.0351066589355469 0.0272216796875 -0.0637054443359375
-0.00596427917480469 0.0308036804199219 0.00154876708984376 -0.0966796875
0.003082275390625 0.022979736328125 -0.0574798583984375 -0.102165222167969
-0.00239181518554688 0.0243797302246094 -0.100616455078125 -0.0497817993164063
-0.00893020629882813 0.0266017913818359 -0.0938873291015625 -0.017791748046875
-0.00976181030273438 0.0259895324707031 -0.08843994140625 0.00479125976562499
-0.0190715789794922 0.0116100311279297 -0.0827407836914063 0.00135803222656251
-0.0228786468505859 0.00510787963867188 -0.066070556640625 0.0120086669921875
-0.0326347351074219 0.00226593017578125 -0.0618438720703125 0.0292472839355469
-0.0372581481933594 -0.0248908996582031 -0.0678863525390625 0.0431175231933594
-0.0283432006835938 -0.0496139526367188 -0.0803451538085937 0.101341247558594
-0.00426483154296876 -0.0741958618164063 -0.100090026855469 0.130744934082031
0.0504150390625 -0.0908737182617188 -0.145584106445313 -0.00700378417968749
0.00521087646484375 -0.0495109558105469 -0.0425262451171875 0.0115318298339844
-0.0113010406494141 -0.0312557220458984 0.0265750885009766 -0.0347003936767578
-0.00617790222167969 -0.00545692443847656 0.0307083129882813 -0.078216552734375
-0.00672245025634766 -0.0102396011352539 0.0047607421875 -0.106658935546875
-0.0159168243408203 -0.00758552551269531 -0.0544815063476562 -0.10736083984375
-0.0340423583984375 0.00508499145507813 -0.0951919555664063 -0.0571823120117188
-0.0431404113769531 0.00762557983398438 -0.0845565795898438 -0.0249099731445312
-0.0479316711425781 0.0131301879882813 -0.0799484252929688 0.000541687011718738
-0.0490074157714844 -0.0105628967285156 -0.0739212036132813 0.00307464599609374
-0.0451889038085937 -0.0304527282714844 -0.0603523254394531 0.0131072998046875
-0.0402069091796875 -0.0437774658203125 -0.0608329772949219 0.0255813598632812
-0.00980377197265624 -0.073455810546875 -0.0590438842773438 0.0288848876953125
0.00942230224609375 -0.0861968994140625 -0.0659942626953125 0.0834274291992188
0.051513671875 -0.107223510742188 -0.0790481567382812 0.11016845703125
0.106094360351563 -0.0998382568359375 -0.116485595703125 -0.0338516235351563
0.0606956481933594 -0.0658035278320313 -0.0201053619384766 -0.00566482543945313
0.0349349975585938 -0.0746536254882813 0.0432014465332031 -0.0480499267578125
0.0123023986816406 -0.0528373718261719 0.038299560546875 -0.0896148681640625
-0.00658798217773437 -0.0559616088867188 0.0102462768554688 -0.108749389648438
-0.0352706909179688 -0.0404548645019531 -0.0448074340820313 -0.101539611816406
-0.0620346069335938 -0.0156517028808594 -0.077484130859375 -0.0568389892578125
-0.0722503662109375 -0.012908935546875 -0.0631141662597656 -0.0283622741699219
-0.0796890258789062 -0.00060272216796874 -0.0587043762207031 -0.00302124023437501
-0.0732192993164063 -0.0278244018554687 -0.0528373718261719 0.00810623168945312
-0.0654525756835938 -0.0581550598144531 -0.04766845703125 0.0185203552246094
-0.0499801635742187 -0.079315185546875 -0.0575675964355469 0.0254478454589844
0.01019287109375 -0.114334106445313 -0.0526885986328125 0.0160408020019531
0.0401535034179688 -0.114036560058594 -0.0514183044433594 0.0549545288085938
0.0964508056640625 -0.126869201660156 -0.0441741943359375 0.0783157348632813
0.1444091796875 -0.0955963134765625 -0.0698661804199218 -0.0627708435058594
0.107421875 -0.0739593505859375 0.0116500854492188 -0.025634765625
0.075836181640625 -0.111396789550781 0.0617408752441406 -0.0575599670410156
0.02618408203125 -0.096649169921875 0.0487747192382813 -0.092193603515625
-0.0102005004882813 -0.0964126586914063 0.01983642578125 -0.0997085571289063
-0.0519866943359375 -0.0689430236816406 -0.0263595581054688 -0.0852432250976563
-0.0822525024414062 -0.0335922241210937 -0.0479965209960938 -0.0501365661621094
-0.0909347534179687 -0.0310211181640625 -0.0324954986572266 -0.0284099578857422
-0.0990219116210938 -0.0148849487304687 -0.0283546447753906 -0.00474357604980469
-0.0849456787109375 -0.0421066284179687 -0.0243167877197266 0.0139427185058594
-0.0744171142578125 -0.0772857666015625 -0.0304698944091797 0.0247077941894531
-0.0531082153320313 -0.103042602539063 -0.0513229370117187 0.0256195068359375
0.0290679931640625 -0.138999938964844 -0.0477943420410156 0.00307083129882812
0.0675048828125 -0.125907897949219 -0.0381355285644531 0.01983642578125
0.129585266113281 -0.126617431640625 -0.00136947631835937 0.0400390625
0.157272338867188 -0.0792236328125 -0.015411376953125 -0.090179443359375
0.132530212402344 -0.069427490234375 0.0468788146972656 -0.05047607421875
0.101791381835937 -0.127876281738281 0.0755386352539063 -0.0646438598632813
0.0354385375976563 -0.12164306640625 0.0572967529296875 -0.0860137939453125
-0.0122528076171875 -0.118896484375 0.0330276489257813 -0.0810165405273438
-0.06121826171875 -0.08319091796875 0.000217437744140621 -0.0621452331542969
-0.0899505615234375 -0.0447463989257813 -0.010772705078125 -0.0394668579101563
-0.0960006713867188 -0.0443191528320312 0.00274276733398437 -0.0243148803710938
-0.104209899902344 -0.0289459228515625 0.00565242767333984 -0.00261020660400391
-0.0819091796875 -0.0548248291015625 0.00563621520996093 0.0236835479736328
-0.0673065185546875 -0.0899581909179688 -0.0135974884033203 0.0331707000732422
-0.0402908325195313 -0.11444091796875 -0.0434646606445312 0.0255470275878906
0.052642822265625 -0.14202880859375 -0.041595458984375 -0.00796127319335938
0.092803955078125 -0.114387512207031 -0.0228519439697266 -0.0138378143310547
0.146270751953125 -0.10382080078125 0.0445556640625 0.00386428833007812
0.142410278320312 -0.050445556640625 0.0357208251953125 -0.1136474609375
0.131088256835938 -0.0507965087890625 0.0750198364257813 -0.0761489868164063
0.106834411621094 -0.11578369140625 0.0810470581054688 -0.0683822631835938
0.0370559692382812 -0.118255615234375 0.06103515625 -0.0731582641601563
-0.00999450683593749 -0.115196228027344 0.0443534851074219 -0.0553092956542969
-0.05712890625 -0.0824127197265625 0.0301742553710937 -0.0360832214355469
-0.0816726684570313 -0.0495376586914063 0.0286502838134766 -0.0271759033203125
-0.0853118896484375 -0.0526199340820312 0.0369720458984375 -0.0163803100585938
-0.0921554565429688 -0.04168701171875 0.0382919311523437 0.00607681274414062
-0.0645103454589844 -0.063812255859375 0.0303878784179687 0.0385894775390625
-0.043975830078125 -0.0936279296875 -0.000476837158203131 0.0453071594238281
-0.0127792358398437 -0.11181640625 -0.0354080200195312 0.0274772644042969
0.0800704956054687 -0.119155883789063 -0.0327892303466797 -0.0145072937011719
0.111618041992188 -0.0797348022460938 -0.00299835205078124 -0.038543701171875
0.143844604492188 -0.05999755859375 0.0894317626953125 -0.0200653076171875
0.104385375976563 -0.0114822387695313 0.0743560791015625 -0.128959655761719
0.1068115234375 -0.0202560424804688 0.091064453125 -0.0961532592773437
0.0940170288085937 -0.07958984375 0.0771560668945312 -0.0653915405273438
0.0345993041992187 -0.0892105102539062 0.0618247985839844 -0.0557785034179688
-0.002197265625 -0.0888748168945313 0.0537452697753906 -0.0306854248046875
-0.0416412353515625 -0.0663490295410156 0.0556221008300781 -0.0155105590820313
-0.0610008239746094 -0.0447425842285156 0.0615463256835937 -0.0183601379394531
-0.0633010864257813 -0.0495109558105469 0.0637016296386719 -0.00624465942382813
-0.0702438354492188 -0.04632568359375 0.0644989013671875 0.0193328857421875
-0.0420799255371094 -0.0622138977050781 0.0469741821289063 0.0591011047363281
-0.0188064575195313 -0.084564208984375 0.00653457641601562 0.0617828369140625
0.0133819580078125 -0.0940170288085938 -0.0285263061523437 0.0334205627441406
0.09344482421875 -0.0826492309570313 -0.0222911834716797 -0.0116462707519531
0.112373352050781 -0.0356597900390625 0.0197257995605469 -0.0471115112304688
0.119216918945313 -0.011962890625 0.128013610839844 -0.0271987915039063
0.0522270202636719 0.0284843444824219 0.091461181640625 -0.134788513183594
0.0684089660644531 0.0137100219726562 0.0915985107421875 -0.107063293457031
0.0674018859863281 -0.0322341918945313 0.0667343139648438 -0.0568618774414063
0.0278778076171875 -0.04498291015625 0.0593833923339844 -0.0399208068847656
0.00901031494140625 -0.04791259765625 0.0589485168457031 -0.0130424499511719
-0.0153465270996094 -0.0422096252441406 0.0711669921875 -0.0029449462890625
-0.0296592712402344 -0.0352249145507813 0.0820083618164063 -0.0109024047851563
-0.032379150390625 -0.0403175354003906 0.0815277099609375 0.00377655029296875
-0.0407333374023438 -0.0414962768554687 0.0822067260742187 0.0360107421875
-0.0196533203125 -0.0486106872558594 0.0562973022460938 0.07989501953125
-0.000400543212890619 -0.0628776550292969 0.00796508789062501 0.0795211791992188
0.0263175964355469 -0.0656013488769531 -0.0238189697265625 0.0446090698242188
0.0864028930664063 -0.041168212890625 -0.0147676467895508 0.000840187072753903
0.0923080444335938 0.0079803466796875 0.037384033203125 -0.0391807556152344
0.0747528076171875 0.0336761474609375 0.152908325195313 -0.0179290771484375
-0.0151519775390625 -0.0703048706054688 -0.159622192382813 0.023406982421875
-0.0492324829101563 -0.0252799987792969 -0.0497932434082031 0.0321006774902344
-0.0530891418457031 0.0132255554199219 0.0198173522949219 -0.0185585021972656
-0.0201072692871094 0.0374259948730469 0.0277557373046875 -0.0658416748046875
-0.00428962707519531 0.0320873260498047 -0.000877380371093759 -0.101051330566406
0.00388717651367188 0.0227565765380859 -0.0633010864257813 -0.104034423828125
-0.00152587890625 0.0249519348144531 -0.104522705078125 -0.0472793579101563
-0.00767135620117188 0.0280342102050781 -0.09698486328125 -0.0135116577148438
-0.00857353210449219 0.0265007019042969 -0.0912094116210938 0.00922393798828125
-0.0194377899169922 0.0121803283691406 -0.0865859985351563 0.0054931640625
-0.0232372283935547 0.00576019287109375 -0.069671630859375 0.0155410766601563
-0.0321598052978516 0.00425338745117188 -0.0639724731445313 0.0321998596191406
-0.0394515991210938 -0.023834228515625 -0.0692977905273438 0.0455970764160156
-0.03143310546875 -0.0494041442871094 -0.0797805786132813 0.106536865234375
-0.00856781005859375 -0.0762405395507813 -0.0974960327148437 0.139968872070313
0.047698974609375 -0.0951614379882813 -0.150253295898438 -0.00141906738281249
0.00299072265625 -0.0511550903320313 -0.0414543151855469 0.0143280029296875
-0.0142879486083984 -0.0308876037597656 0.0279731750488281 -0.0361442565917969
-0.00539255142211914 -0.00494670867919922 0.030548095703125 -0.0820236206054688
-0.00627326965332031 -0.0101690292358398 0.00273895263671876 -0.110748291015625
-0.0163698196411133 -0.00840091705322265 -0.0594940185546875 -0.109107971191406
-0.0345077514648437 0.00649833679199219 -0.0995941162109375 -0.0547332763671875
-0.04388427734375 0.00988006591796874 -0.088043212890625 -0.0212326049804688
-0.0483932495117188 0.0152931213378906 -0.0828170776367188 0.00492858886718749
-0.0509719848632813 -0.00963973999023438 -0.0772933959960937 0.00756072998046874
-0.0472335815429688 -0.0302467346191406 -0.0638313293457031 0.01641845703125
-0.0423355102539063 -0.0426177978515625 -0.0637435913085938 0.0284538269042969
-0.0133132934570312 -0.0750045776367188 -0.0614471435546875 0.0304412841796875
0.00618743896484374 -0.0885162353515625 -0.0651168823242188 0.0881805419921875
0.0479278564453125 -0.113166809082031 -0.0761260986328125 0.1181640625
0.105209350585938 -0.106971740722656 -0.120933532714844 -0.0300979614257813
0.0599441528320313 -0.0704803466796875 -0.0194740295410156 -0.00396347045898438
0.03131103515625 -0.0774307250976563 0.0452423095703125 -0.0496711730957031
0.0106925964355469 -0.0542144775390625 0.038116455078125 -0.0938796997070313
-0.00880050659179687 -0.0571708679199219 0.00804138183593751 -0.1134033203125
-0.0374183654785156 -0.041168212890625 -0.0499343872070312 -0.103912353515625
-0.0643081665039063 -0.0132827758789062 -0.081939697265625 -0.055084228515625
-0.0751495361328125 -0.00946807861328125 -0.0665321350097656 -0.0261955261230469
-0.0820159912109375 0.00273895263671876 -0.0609207153320313 0.000656127929687503
-0.0763320922851563 -0.0257797241210938 -0.0557441711425781 0.0118751525878906
-0.0697441101074219 -0.0577507019042969 -0.0509376525878906 0.021728515625
-0.0543136596679688 -0.0793533325195313 -0.0614395141601562 0.0285530090332031
0.0053863525390625 -0.118392944335938 -0.0562477111816406 0.0163459777832031
0.0373687744140625 -0.118545532226562 -0.0514030456542969 0.0574913024902344
0.0937957763671875 -0.135169982910156 -0.0415267944335938 0.0831375122070312
0.14544677734375 -0.104660034179688 -0.0744781494140625 -0.0610122680664063
0.108039855957031 -0.080474853515625 0.0127506256103516 -0.0252952575683594
0.073577880859375 -0.117942810058594 0.0637168884277344 -0.0603408813476563
0.0238723754882812 -0.100593566894531 0.0484848022460938 -0.096435546875
-0.0139389038085938 -0.09832763671875 0.0182266235351563 -0.104774475097656
-0.0557708740234375 -0.068817138671875 -0.02923583984375 -0.087890625
-0.085235595703125 -0.03143310546875 -0.0507431030273438 -0.0494728088378906
-0.0951156616210938 -0.02728271484375 -0.0348987579345703 -0.0276317596435547
-0.102516174316406 -0.0106124877929688 -0.0301780700683594 -0.00238609313964844
-0.0888824462890625 -0.0406646728515625 -0.0260334014892578 0.0166530609130859
-0.080078125 -0.077239990234375 -0.0334796905517578 0.0279865264892578
-0.0586700439453125 -0.104095458984375 -0.0551795959472656 0.0294303894042969
0.023590087890625 -0.1453857421875 -0.0523452758789062 0.00296783447265624
0.0656814575195313 -0.131217956542969 -0.0390357971191406 0.0213851928710937
0.128425598144531 -0.136566162109375 0.000717163085937503 0.0415687561035156
0.15960693359375 -0.087799072265625 -0.019744873046875 -0.09222412109375
0.134574890136719 -0.0768585205078125 0.0474281311035156 -0.0527725219726563
0.0994720458984375 -0.136360168457031 0.077301025390625 -0.0680313110351563
0.0311279296875 -0.126884460449219 0.0568695068359375 -0.0908050537109375
-0.01763916015625 -0.1217041015625 0.0319442749023438 -0.0851669311523438
-0.0664520263671875 -0.0834121704101563 -0.00123596191406251 -0.0648193359375
-0.0942916870117188 -0.0430908203125 -0.0121040344238281 -0.040374755859375
-0.100715637207031 -0.0405807495117188 0.00115394592285156 -0.0249805450439453
-0.107841491699219 -0.0244293212890625 0.00474023818969726 -0.0020442008972168
-0.0859222412109375 -0.0534744262695312 0.00500106811523437 0.0249748229980469
-0.07244873046875 -0.0901336669921875 -0.0152969360351563 0.0360107421875
-0.045867919921875 -0.116012573242187 -0.0471343994140625 0.0292587280273437
0.0480804443359375 -0.149215698242188 -0.0468330383300781 -0.00785446166992187
0.091156005859375 -0.121429443359375 -0.0249977111816406 -0.0144176483154297
0.146011352539063 -0.11395263671875 0.0465774536132813 0.00264358520507812
0.145721435546875 -0.0573883056640625 0.031768798828125 -0.118637084960938
0.133918762207031 -0.0576705932617188 0.0760498046875 -0.0799484252929688
0.105857849121094 -0.124122619628906 0.0820693969726563 -0.0723037719726563
0.0338973999023438 -0.123519897460938 0.0617828369140625 -0.0778579711914063
-0.0156631469726563 -0.118682861328125 0.0447845458984375 -0.0596427917480469
-0.06195068359375 -0.0830001831054687 0.0312881469726562 -0.0396156311035156
-0.0862655639648437 -0.0474624633789062 0.028045654296875 -0.0306549072265625
-0.0905609130859375 -0.0492935180664062 0.0358695983886719 -0.0185279846191406
-0.0966415405273438 -0.0383453369140625 0.037994384765625 0.0051727294921875
-0.0688896179199219 -0.062835693359375 0.0319023132324219 0.0392723083496094
-0.0493621826171875 -0.0946578979492188 -0.00141525268554687 0.04803466796875
-0.0171432495117188 -0.114486694335938 -0.0387687683105469 0.0299797058105469
0.0769119262695312 -0.127151489257813 -0.0374298095703125 -0.0151023864746094
0.111785888671875 -0.0870132446289063 -0.00536727905273437 -0.0406646728515625
0.146621704101563 -0.069366455078125 0.0917129516601563 -0.0231399536132813
0.1080322265625 -0.0155792236328125 0.0713424682617188 -0.136154174804688
0.111061096191406 -0.0255508422851563 0.0915908813476563 -0.101509094238281
0.0944671630859375 -0.0870819091796875 0.0780563354492188 -0.068939208984375
0.0323715209960937 -0.0932769775390625 0.0625381469726563 -0.05950927734375
-0.00633239746093749 -0.0919952392578125 0.0552520751953125 -0.0341224670410156
-0.0455551147460938 -0.0670623779296875 0.0578842163085937 -0.018890380859375
-0.0644416809082031 -0.0434799194335938 0.0620193481445312 -0.0220909118652344
-0.0679969787597656 -0.047515869140625 0.0644912719726563 -0.00962448120117188
-0.0739364624023438 -0.0438461303710938 0.0656509399414063 0.0178680419921875
-0.0455360412597656 -0.0624542236328125 0.0498199462890625 0.059326171875
-0.0226821899414062 -0.0859756469726562 0.00667953491210938 0.064971923828125
0.00968170166015624 -0.0969314575195312 -0.0313453674316406 0.0361709594726562
0.092010498046875 -0.089569091796875 -0.0259628295898437 -0.0125751495361328
0.115257263183594 -0.04132080078125 0.0171546936035156 -0.04962158203125
0.122543334960937 -0.0175323486328125 0.12994384765625 -0.0321121215820313
0.0549774169921875 0.0277099609375 0.0893707275390625 -0.142547607421875
0.0723037719726563 0.0113754272460938 0.0904541015625 -0.112571716308594
0.068695068359375 -0.0373916625976563 0.0683670043945313 -0.0601272583007813
0.0273551940917969 -0.047515869140625 0.0609855651855469 -0.0425262451171875
0.00690460205078125 -0.0496368408203125 0.061004638671875 -0.0158920288085938
-0.017913818359375 -0.0430145263671875 0.0748138427734375 -0.0068359375
-0.0310211181640625 -0.0338840484619141 0.0838241577148438 -0.015655517578125
-0.0359611511230469 -0.0395622253417969 0.082244873046875 -0.000106811523437502
-0.0440177917480469 -0.0399703979492188 0.08526611328125 0.033203125
-0.0222511291503906 -0.0488662719726563 0.0600051879882812 0.0803070068359375
-0.00334548950195312 -0.0644645690917969 0.00961303710937501 0.0831069946289063
0.0243797302246094 -0.06793212890625 -0.0257148742675781 0.0471916198730469
0.0869064331054688 -0.0471115112304688 -0.01751708984375 0.000345230102539059
0.096160888671875 0.00366973876953125 0.0357742309570313 -0.0419540405273438
0.0786285400390625 0.0314102172851563 0.156875610351563 -0.0241546630859375
-0.0200729370117187 -0.0698051452636719 -0.160751342773438 0.0334320068359375
-0.0520782470703125 -0.0223960876464844 -0.0477867126464844 0.0360298156738281
-0.0537223815917969 0.0176963806152344 0.0212841033935547 -0.0187187194824219
-0.01702880859375 0.0389060974121094 0.0272026062011719 -0.0690956115722656
-0.00145912170410157 0.0319366455078125 -0.00511169433593751 -0.103866577148438
0.00494956970214844 0.0221462249755859 -0.07049560546875 -0.103103637695313
-0.000387191772460937 0.0252857208251953 -0.108421325683594 -0.0413360595703125
-0.00581932067871094 0.0286064147949219 -0.0980758666992188 -0.00690460205078127
-0.00701332092285156 0.0271854400634766 -0.0910415649414063 0.0162582397460938
-0.0192184448242187 0.0128269195556641 -0.08905029296875 0.01202392578125
-0.0227184295654297 0.00693511962890625 -0.0717544555664063 0.020477294921875
-0.031585693359375 0.00704956054687501 -0.0644493103027344 0.0359115600585938
-0.0421295166015625 -0.0207786560058594 -0.06903076171875 0.0488700866699219
-0.0358200073242188 -0.0481681823730469 -0.0744705200195313 0.112815856933594
-0.0147476196289063 -0.0767364501953125 -0.0895538330078125 0.149185180664063
0.0421066284179688 -0.0987167358398438 -0.151901245117188 0.00765991210937499
-0.000591278076171872 -0.0514183044433594 -0.0404090881347656 0.0177192687988281
-0.0170001983642578 -0.0295639038085938 0.0284614562988281 -0.0373268127441406
-0.00519514083862305 -0.00431585311889649 0.028350830078125 -0.0848236083984375
-0.00597476959228515 -0.00987434387207031 -0.00273895263671875 -0.113815307617188
-0.0171651840209961 -0.00804042816162109 -0.0668792724609375 -0.108444213867188
-0.0349063873291016 0.00872230529785156 -0.103538513183594 -0.0485992431640625
-0.0438079833984375 0.0128555297851563 -0.0903778076171875 -0.0151748657226562
-0.047943115234375 0.0178413391113281 -0.083740234375 0.0116348266601563
-0.0525360107421875 -0.00713348388671875 -0.0796661376953125 0.0135345458984375
-0.0499496459960938 -0.028533935546875 -0.0666542053222656 0.0213203430175781
-0.0451774597167969 -0.0404014587402344 -0.0652847290039062 0.0326881408691406
-0.0183944702148437 -0.074981689453125 -0.0626907348632813 0.0331916809082031
0.000534057617187505 -0.0899200439453125 -0.0610198974609375 0.0922775268554688
0.0404891967773438 -0.117698669433594 -0.0690689086914062 0.125312805175781
0.0996017456054688 -0.1146240234375 -0.124519348144531 -0.0227203369140625
0.0560531616210938 -0.0742263793945313 -0.0186328887939453 -0.00193977355957032
0.0267791748046875 -0.0802001953125 0.0446510314941406 -0.0523300170898438
0.00832366943359375 -0.0553932189941406 0.035369873046875 -0.0976943969726563
-0.0119094848632813 -0.0568351745605469 0.00284576416015626 -0.116310119628906
-0.0397796630859375 -0.0400505065917969 -0.0562286376953125 -0.103805541992187
-0.0654983520507813 -0.0105934143066406 -0.0854110717773437 -0.050384521484375
-0.076416015625 -0.00410461425781249 -0.0690650939941406 -0.0218162536621094
-0.0824661254882813 0.008056640625 -0.0624656677246094 0.00613784790039062
-0.078887939453125 -0.0224380493164062 -0.0570755004882813 0.0165328979492188
-0.0732269287109375 -0.0548553466796875 -0.053497314453125 0.0267105102539062
-0.0588760375976563 -0.076690673828125 -0.0628814697265625 0.033447265625
-0.00222778320312499 -0.120536804199219 -0.0594367980957031 0.0183601379394531
0.0306396484375 -0.122077941894531 -0.0485954284667969 0.0612602233886719
0.0860443115234375 -0.144058227539063 -0.0359954833984375 0.08782958984375
0.140945434570313 -0.11492919921875 -0.0789871215820312 -0.0568313598632813
0.104721069335938 -0.0884780883789063 0.0132865905761719 -0.0258235931396484
0.06634521484375 -0.124191284179688 0.0634384155273437 -0.0637397766113281
0.0177688598632813 -0.102203369140625 0.0455474853515625 -0.101158142089844
-0.019927978515625 -0.0988693237304688 0.0138626098632813 -0.108535766601563
-0.0601997375488281 -0.0666999816894531 -0.034912109375 -0.088653564453125
-0.0882110595703125 -0.0269012451171875 -0.0542106628417969 -0.0469627380371094
-0.0981063842773438 -0.0207290649414063 -0.0374603271484375 -0.02520751953125
-0.104270935058594 -0.00428771972656248 -0.0316123962402344 0.000795364379882808
-0.0923995971679688 -0.036041259765625 -0.0270709991455078 0.0200080871582031
-0.08502197265625 -0.073974609375 -0.0352325439453125 0.0318450927734375
-0.0647964477539063 -0.101432800292969 -0.0570068359375 0.0343818664550781
0.013916015625 -0.149139404296875 -0.0571708679199219 0.00523757934570311
0.0586700439453125 -0.136894226074219 -0.0391120910644531 0.022979736328125
0.1207275390625 -0.147994995117188 0.00394439697265626 0.0431861877441406
0.15692138671875 -0.098236083984375 -0.0252456665039062 -0.091766357421875
0.132354736328125 -0.0866317749023438 0.0468521118164063 -0.0548210144042969
0.09228515625 -0.1451416015625 0.076812744140625 -0.072418212890625
0.0242996215820312 -0.130043029785156 0.0545806884765625 -0.0953369140625
-0.0250473022460938 -0.122200012207031 0.0282440185546875 -0.08953857421875
-0.0715408325195313 -0.081329345703125 -0.0036773681640625 -0.0670814514160156
-0.0978775024414062 -0.0380477905273438 -0.0144386291503906 -0.04058837890625
-0.10498046875 -0.033599853515625 -0.00113105773925782 -0.0248222351074219
-0.110557556152344 -0.0170211791992188 0.00349307060241698 -0.00131440162658692
-0.090057373046875 -0.049468994140625 0.00512886047363281 0.0262355804443359
-0.0787811279296875 -0.0873947143554688 -0.0160102844238281 0.0393867492675781
-0.05364990234375 -0.114860534667969 -0.049530029296875 0.0342025756835937
0.0388641357421875 -0.15435791015625 -0.0519180297851563 -0.00658416748046876
0.0859222412109375 -0.1285400390625 -0.0272235870361328 -0.0137557983398438
0.140625 -0.126190185546875 0.0480270385742188 0.000492095947265617
0.144439697265625 -0.0673370361328125 0.0252227783203125 -0.122108459472656
0.133575439453125 -0.067169189453125 0.0732345581054688 -0.085235595703125
0.0999526977539063 -0.133537292480469 0.0809707641601562 -0.0766677856445313
0.0279083251953125 -0.126869201660156 0.0594482421875 -0.0825042724609375
-0.0230789184570312 -0.119529724121094 0.0433921813964844 -0.0639266967773438
-0.0678939819335938 -0.0805740356445313 0.030242919921875 -0.0428924560546875
-0.0897293090820313 -0.0424652099609375 0.027099609375 -0.0328693389892578
-0.0949325561523437 -0.0428848266601563 0.0340843200683594 -0.0209312438964844
-0.100410461425781 -0.031646728515625 0.0376091003417969 0.00375747680664062
-0.0740280151367188 -0.0602340698242188 0.0329971313476563 0.0387039184570312
-0.0549163818359375 -0.0931396484375 -0.000991821289062509 0.0506248474121094
-0.0244903564453125 -0.11480712890625 -0.041351318359375 0.0350112915039062
0.0694351196289062 -0.133956909179688 -0.0423812866210937 -0.013763427734375
0.109153747558594 -0.0944747924804688 -0.00914764404296874 -0.041839599609375
0.14361572265625 -0.0804443359375 0.0916900634765625 -0.0289459228515625
0.109664916992187 -0.022216796875 0.0639495849609375 -0.141845703125
0.112060546875 -0.0328445434570313 0.087860107421875 -0.107986450195312
0.090667724609375 -0.0956573486328125 0.07672119140625 -0.07373046875
0.0278549194335938 -0.0971832275390625 0.0611572265625 -0.0640068054199219
-0.0127639770507813 -0.0924911499023438 0.0552444458007813 -0.0379257202148438
-0.0501899719238281 -0.0653228759765625 0.0583457946777344 -0.0239524841308594
-0.06732177734375 -0.03955078125 0.0616073608398437 -0.0268173217773438
-0.07220458984375 -0.04315185546875 0.0632057189941406 -0.0138740539550781
-0.077484130859375 -0.0387191772460937 0.066375732421875 0.0143013000488281
-0.0500869750976563 -0.0606575012207031 0.0536918640136719 0.0571060180664062
-0.0280609130859375 -0.0862579345703125 0.0087127685546875 0.0667533874511719
0.00379180908203125 -0.0985794067382813 -0.0327949523925781 0.0397682189941406
0.0874862670898437 -0.0976486206054687 -0.0311145782470703 -0.0125293731689453
0.115455627441406 -0.0492706298828125 0.0128898620605469 -0.052398681640625
0.123619079589844 -0.0258026123046875 0.130195617675781 -0.0400924682617188
0.0583038330078125 0.0250663757324219 0.080902099609375 -0.1505126953125
0.0752944946289063 0.006072998046875 0.0854949951171875 -0.119132995605469
0.0679702758789063 -0.0434303283691406 0.0668411254882813 -0.0644302368164063
0.0252838134765625 -0.0502433776855469 0.0606727600097656 -0.0466766357421875
0.00317764282226563 -0.0513763427734375 0.062408447265625 -0.0201644897460938
-0.0213813781738281 -0.0421333312988281 0.0767364501953125 -0.0127029418945313
-0.0333137512207031 -0.0323600769042969 0.084136962890625 -0.022216796875
-0.0391960144042969 -0.0366325378417969 0.0820846557617188 -0.00550079345703125
-0.0467948913574219 -0.0367507934570313 0.0866470336914063 0.028656005859375
-0.0263099670410156 -0.0484123229980469 0.0648193359375 0.0774612426757812
-0.00741195678710938 -0.0651588439941406 0.0128555297851563 0.085479736328125
0.0202407836914063 -0.070953369140625 -0.0262680053710937 0.050537109375
0.0846786499023438 -0.0545272827148438 -0.0204353332519531 0.000202178955078123
0.0988311767578125 -0.0025634765625 0.0324974060058594 -0.0456352233886719
0.0821380615234375 0.0270538330078125 0.1572265625 -0.033355712890625
-0.0244560241699219 -0.0673255920410156 -0.156814575195313 0.04229736328125
-0.0541877746582031 -0.0181617736816406 -0.0445747375488281 0.0392074584960937
-0.0524024963378906 0.022430419921875 0.0217781066894531 -0.0193233489990234
-0.0136337280273438 0.0391807556152344 0.0257034301757813 -0.0703353881835937
0.00177001953125 0.0312042236328125 -0.00952148437500001 -0.1038818359375
0.00603675842285156 0.0210094451904297 -0.0755767822265625 -0.0991287231445312
0.000820159912109377 0.0250358581542969 -0.108749389648437 -0.0345916748046875
-0.00350761413574219 0.0286598205566406 -0.0970611572265625 -0.00057220458984375
-0.00590896606445312 0.0269546508789063 -0.0887832641601563 0.0226669311523437
-0.0187416076660156 0.0130653381347656 -0.0888748168945312 0.018646240234375
-0.0219841003417969 0.00813293457031251 -0.0717926025390625 0.0253448486328125
-0.0305995941162109 0.00888442993164063 -0.0630149841308594 0.0393104553222656
-0.0429954528808594 -0.0174293518066406 -0.0671882629394531 0.0511360168457031
-0.0384635925292969 -0.0456771850585938 -0.0678024291992188 0.115226745605469
-0.0204696655273437 -0.0748977661132813 -0.0782928466796875 0.15386962890625
0.0356063842773438 -0.099945068359375 -0.149871826171875 0.01690673828125
-0.00445556640625 -0.0506973266601563 -0.0374832153320313 0.0206031799316406
-0.0191974639892578 -0.0273685455322266 0.0287284851074219 -0.0382843017578125
-0.00485897064208984 -0.00413608551025391 0.0258560180664062 -0.086456298828125
-0.00578117370605469 -0.0094156265258789 -0.00791168212890625 -0.113533020019531
-0.0172214508056641 -0.00740242004394531 -0.07269287109375 -0.10443115234375
-0.0337867736816406 0.0105381011962891 -0.104248046875 -0.0420761108398438
-0.0418853759765625 0.0156631469726562 -0.089874267578125 -0.00830078124999998
-0.04644775390625 0.0207290649414063 -0.0817413330078125 0.0183639526367188
-0.05218505859375 -0.00469589233398437 -0.0791244506835937 0.0196609497070313
-0.050750732421875 -0.025634765625 -0.0667266845703125 0.0264053344726563
-0.0456352233886719 -0.0371551513671875 -0.0644989013671875 0.0363502502441406
-0.0230255126953125 -0.0727615356445313 -0.0630950927734375 0.0354385375976563
-0.00492095947265625 -0.0887908935546875 -0.0547103881835937 0.0937957763671875
0.0315399169921875 -0.119430541992188 -0.059844970703125 0.128669738769531
0.0918121337890625 -0.119537353515625 -0.124069213867187 -0.0152816772460938
0.0506210327148438 -0.0771865844726563 -0.0167026519775391 -7.15255737304712E-05
0.0208053588867188 -0.0802536010742188 0.0440673828125 -0.0543174743652344
0.00565338134765625 -0.0542755126953125 0.0318527221679688 -0.0988540649414063
-0.0146942138671875 -0.0555305480957031 -0.00285339355468749 -0.116546630859375
-0.0416221618652344 -0.0381126403808594 -0.0615921020507812 -0.10028076171875
-0.0653152465820312 -0.00642776489257811 -0.0869064331054688 -0.0450057983398438
-0.074859619140625 0.00103759765625 -0.0691947937011719 -0.0161895751953125
-0.0808868408203125 0.0126724243164062 -0.0614013671875 0.0107688903808594
-0.0795745849609375 -0.0183029174804688 -0.0569953918457031 0.0216293334960937
-0.0762481689453125 -0.0501174926757812 -0.05413818359375 0.03076171875
-0.0623016357421875 -0.0725021362304687 -0.0628166198730469 0.0379753112792969
-0.0103302001953125 -0.118766784667969 -0.0611572265625 0.0207977294921875
0.02349853515625 -0.122299194335938 -0.0452003479003906 0.0624122619628906
0.0750579833984375 -0.148605346679688 -0.02923583984375 0.0898361206054688
0.132949829101563 -0.122505187988281 -0.0812530517578125 -0.0513916015625
0.0984420776367188 -0.0939178466796875 0.0127906799316406 -0.0249710083007813
0.0572738647460938 -0.12689208984375 0.0614013671875 -0.0662002563476563
0.01300048828125 -0.1021728515625 0.0408706665039063 -0.103073120117188
-0.0251846313476562 -0.0962600708007813 0.00785064697265625 -0.109169006347656
-0.0632057189941406 -0.0633125305175781 -0.039398193359375 -0.0867691040039063
-0.0884780883789062 -0.0214080810546875 -0.0557327270507813 -0.0438079833984375
-0.0976638793945312 -0.013519287109375 -0.0391502380371094 -0.0218887329101562
-0.103080749511719 0.00268554687500001 -0.0317745208740234 0.00469398498535157
-0.093505859375 -0.0304641723632813 -0.0267181396484375 0.0230159759521484
-0.0884933471679688 -0.0681991577148438 -0.0354957580566406 0.0361442565917969
-0.0693740844726562 -0.0962371826171875 -0.0570564270019531 0.0390281677246094
0.004241943359375 -0.1485595703125 -0.0600852966308594 0.00745773315429687
0.0503082275390625 -0.138504028320313 -0.0376625061035156 0.0244827270507812
0.108718872070313 -0.154373168945313 0.00736999511718751 0.0424308776855469
0.149566650390625 -0.107666015625 -0.0302810668945312 -0.088531494140625
0.126106262207031 -0.0940017700195313 0.0444221496582031 -0.0560798645019531
0.0819244384765625 -0.149139404296875 0.0741195678710938 -0.0754776000976563
0.017364501953125 -0.129600524902344 0.0503158569335937 -0.0976943969726563
-0.0322418212890625 -0.119476318359375 0.0237884521484375 -0.0911636352539063
-0.07598876953125 -0.0765380859375 -0.00777816772460938 -0.0672035217285156
-0.0986175537109375 -0.0316314697265625 -0.0171890258789063 -0.0397872924804688
-0.105255126953125 -0.0258102416992188 -0.00374794006347657 -0.0238933563232422
-0.109550476074219 -0.00989532470703126 0.00241971015930175 0.000536680221557617
-0.0918731689453125 -0.0438385009765625 0.00560569763183593 0.0264530181884766
-0.0832061767578125 -0.0817642211914063 -0.0158805847167969 0.0420417785644531
-0.058990478515625 -0.109596252441406 -0.0496635437011719 0.0390090942382812
0.027862548828125 -0.155914306640625 -0.0563278198242187 -0.00434494018554688
0.0775909423828125 -0.132240295410156 -0.0290470123291016 -0.0127983093261719
0.131027221679688 -0.133872985839844 0.0478935241699219 -0.00199127197265626
0.140213012695313 -0.0754928588867188 0.0178070068359375 -0.121665954589844
0.129539489746094 -0.0752105712890625 0.0688247680664063 -0.087493896484375
0.0909500122070313 -0.13934326171875 0.077850341796875 -0.0804443359375
0.0202789306640625 -0.127265930175781 0.0555877685546875 -0.0848617553710938
-0.0300445556640625 -0.116744995117188 0.0402297973632812 -0.0667228698730469
-0.0719223022460937 -0.0758819580078125 0.0278778076171875 -0.0457191467285156
-0.0913467407226563 -0.0367965698242188 0.0244598388671875 -0.0353546142578125
-0.0963058471679688 -0.0356674194335938 0.0313720703125 -0.0219173431396484
-0.10064697265625 -0.0244522094726563 0.0362358093261719 0.00278854370117187
-0.0763473510742187 -0.0548171997070313 0.033447265625 0.0368614196777344
-0.0599441528320312 -0.0892486572265625 -0.00016403198242188 0.0524711608886719
-0.0303726196289062 -0.111846923828125 -0.0412521362304688 0.0383491516113281
0.0597686767578125 -0.137680053710938 -0.0473709106445312 -0.01263427734375
0.102775573730469 -0.100509643554688 -0.0131034851074219 -0.0415420532226563
0.137367248535156 -0.0890045166015625 0.089324951171875 -0.0338897705078125
0.107780456542969 -0.0294647216796875 0.0548858642578125 -0.144058227539062
0.11083984375 -0.0397491455078125 0.0804595947265625 -0.110366821289063
0.0841293334960938 -0.101333618164062 0.0734786987304687 -0.0767974853515625
0.022064208984375 -0.0977096557617187 0.0577239990234375 -0.06683349609375
-0.0184097290039062 -0.0913009643554688 0.0532417297363281 -0.0410575866699219
-0.0540428161621094 -0.0617027282714844 0.0576095581054688 -0.0288200378417969
-0.0688896179199219 -0.0350303649902344 0.0591545104980469 -0.0311622619628906
-0.074127197265625 -0.03741455078125 0.0603981018066406 -0.0173377990722656
-0.0788192749023438 -0.0320205688476563 0.0650138854980469 0.0110969543457031
-0.0530967712402344 -0.0567893981933594 0.0550460815429688 0.05401611328125
-0.0333404541015625 -0.0834503173828125 0.0106925964355469 0.0678863525390625
-0.00171661376953125 -0.0981521606445313 -0.0335044860839844 0.0429115295410156
0.0802078247070312 -0.102828979492187 -0.03448486328125 -0.0108451843261719
0.111564636230469 -0.0556869506835938 0.00765609741210939 -0.0532341003417969
0.120460510253906 -0.0333480834960938 0.126449584960938 -0.0474777221679688
0.0605087280273438 0.0213737487792969 0.07135009765625 -0.152862548828125
0.0763168334960937 0.0016326904296875 0.0780487060546875 -0.122039794921875
0.0643234252929688 -0.049102783203125 0.0643386840820313 -0.0670700073242188
0.0224227905273438 -0.0517234802246094 0.0586433410644531 -0.0498809814453125
-0.000530242919921873 -0.0513153076171875 0.0619010925292969 -0.0237922668457031
-0.0240592956542969 -0.0406761169433594 0.0764617919921875 -0.018402099609375
-0.0348606109619141 -0.0300216674804687 0.081390380859375 -0.0279922485351563
-0.0410270690917969 -0.0336952209472656 0.0793304443359375 -0.0103225708007813
-0.0482864379882813 -0.0325241088867187 0.0860977172851562 0.023284912109375
-0.0289382934570312 -0.0460662841796875 0.067779541015625 0.073150634765625
-0.0115966796875 -0.0643768310546875 0.0161285400390625 0.0855484008789063
0.01507568359375 -0.0717239379882813 -0.0257720947265625 0.0527725219726562
0.0802230834960938 -0.0592575073242188 -0.0229015350341797 0.00109672546386719
0.0981063842773438 -0.0088653564453125 0.0277023315429688 -0.0475196838378906
0.0829238891601563 0.0211715698242188 0.153060913085938 -0.0419769287109375
-0.0271224975585938 -0.0642776489257812 -0.150833129882813 0.04803466796875
-0.0537796020507813 -0.0150909423828125 -0.0408172607421875 0.0401725769042969
-0.04998779296875 0.0252685546875 0.0231418609619141 -0.0198020935058594
-0.0108489990234375 0.0389251708984375 0.0249557495117188 -0.0706634521484375
0.00357818603515625 0.0301856994628906 -0.0124435424804687 -0.102714538574219
0.00645256042480469 0.020233154296875 -0.0775527954101562 -0.094635009765625
0.00185966491699219 0.0243988037109375 -0.106376647949219 -0.0288772583007813
-0.00203323364257813 0.0279788970947266 -0.0929641723632812 0.00469970703125
-0.00482559204101563 0.0259475708007813 -0.0847396850585937 0.026611328125
-0.0179862976074219 0.0132541656494141 -0.0868453979492188 0.02301025390625
-0.0211982727050781 0.00815391540527344 -0.0710601806640625 0.0289154052734375
-0.0285778045654297 0.0105342864990234 -0.0618515014648438 0.0408859252929687
-0.0423355102539063 -0.0146827697753906 -0.0655174255371094 0.0508804321289062
-0.0404205322265625 -0.0423507690429688 -0.0611114501953125 0.114212036132813
-0.0241241455078125 -0.0712814331054688 -0.0689544677734375 0.153182983398438
0.030364990234375 -0.0992355346679688 -0.145248413085938 0.0229949951171875
-0.006622314453125 -0.0486106872558594 -0.0345745086669922 0.0220623016357422
-0.0202598571777344 -0.0246105194091797 0.0285720825195313 -0.0381088256835938
-0.00391626358032227 -0.00341677665710449 0.0237274169921875 -0.0859375
-0.00466156005859375 -0.00889778137207031 -0.01092529296875 -0.111976623535156
-0.0173826217651367 -0.00677490234375 -0.0752029418945312 -0.0998764038085938
-0.0327625274658203 0.0116558074951172 -0.10284423828125 -0.0364608764648438
-0.040008544921875 0.0171318054199219 -0.0865097045898438 -0.00391387939453123
-0.0441246032714844 0.0217552185058594 -0.0786514282226563 0.0219802856445313
-0.051361083984375 -0.00275039672851564 -0.0778732299804688 0.0238418579101563
-0.0504722595214844 -0.0235939025878906 -0.0667648315429688 0.0303115844726562
-0.0451774597167969 -0.03424072265625 -0.06298828125 0.0384674072265625
-0.0257225036621094 -0.0696487426757812 -0.0623855590820313 0.0356521606445312
-0.0082244873046875 -0.0859603881835938 -0.0503005981445313 0.0934295654296875
0.0246429443359375 -0.117568969726563 -0.051544189453125 0.128166198730469
0.0846481323242188 -0.120880126953125 -0.120643615722656 -0.00893402099609376
0.0466537475585938 -0.0768051147460938 -0.0149946212768555 0.00142955780029296
0.01702880859375 -0.0779800415039063 0.0431442260742188 -0.054290771484375
0.004547119140625 -0.0525703430175781 0.0295867919921875 -0.0981597900390625
-0.0152969360351562 -0.0532875061035156 -0.00594329833984374 -0.114830017089844
-0.0424766540527344 -0.0354156494140625 -0.0645523071289063 -0.0960006713867187
-0.0640296936035156 -0.00344085693359376 -0.0859146118164063 -0.0403213500976562
-0.072357177734375 0.00449371337890624 -0.0677909851074219 -0.0121231079101563
-0.0778579711914063 0.016021728515625 -0.0597267150878906 0.0146293640136719
-0.0775985717773438 -0.0146942138671875 -0.0557899475097656 0.0247344970703125
-0.0764389038085938 -0.0467376708984375 -0.0533828735351562 0.03448486328125
-0.0630416870117188 -0.0684051513671875 -0.0620841979980469 0.0405693054199219
-0.015655517578125 -0.115135192871094 -0.0620841979980469 0.0217933654785156
0.0183868408203125 -0.119667053222656 -0.0421066284179688 0.0619163513183594
0.0659942626953125 -0.148117065429688 -0.0236358642578125 0.0886383056640625
0.124725341796875 -0.125419616699219 -0.0805206298828125 -0.0465774536132813
0.0918350219726562 -0.096221923828125 0.0134735107421875 -0.0241069793701172
0.0498275756835937 -0.125328063964844 0.0600662231445313 -0.0666770935058594
0.00923156738281249 -0.099090576171875 0.0380325317382812 -0.102363586425781
-0.0278396606445313 -0.0925521850585938 0.004364013671875 -0.107650756835937
-0.0640754699707031 -0.0594978332519531 -0.0415573120117188 -0.0840072631835937
-0.0871505737304688 -0.0173110961914062 -0.0566749572753906 -0.0405082702636719
-0.095428466796875 -0.00840759277343751 -0.0389137268066406 -0.0185661315917969
-0.09942626953125 0.00765228271484375 -0.0311183929443359 0.00737762451171876
-0.092437744140625 -0.0267562866210938 -0.0263137817382813 0.0253887176513672
-0.0888900756835938 -0.0634994506835937 -0.0355758666992188 0.0385856628417969
-0.07122802734375 -0.090850830078125 -0.0565719604492188 0.0417060852050781
-0.00256347656249999 -0.14459228515625 -0.0622978210449219 0.00890731811523437
0.04425048828125 -0.136817932128906 -0.0367698669433594 0.0247421264648438
0.099273681640625 -0.15496826171875 0.00981903076171876 0.0414390563964844
0.142440795898438 -0.111068725585938 -0.0326995849609375 -0.0844192504882813
0.120185852050781 -0.0971832275390625 0.0427513122558594 -0.0551261901855469
0.0735626220703125 -0.149078369140625 0.0717315673828125 -0.0758590698242188
0.0122299194335938 -0.126533508300781 0.0467529296875 -0.097564697265625
-0.03607177734375 -0.115043640136719 0.0207977294921875 -0.0910797119140625
-0.0770950317382813 -0.07183837890625 -0.0102806091308594 -0.0661888122558594
-0.0976638793945313 -0.0268096923828125 -0.0180587768554688 -0.0386161804199219
-0.103622436523437 -0.0203018188476562 -0.00526618957519532 -0.0222282409667969
-0.106765747070313 -0.00387573242187501 0.00192296504974365 0.00189995765686035
-0.0910720825195313 -0.0394744873046875 0.00461387634277343 0.0271434783935547
-0.0840072631835937 -0.07659912109375 -0.0160598754882813 0.0440444946289062
-0.0615615844726563 -0.105186462402344 -0.0494575500488281 0.0417823791503906
0.0198822021484375 -0.153106689453125 -0.0589370727539062 -0.00256729125976563
0.070831298828125 -0.132400512695313 -0.0299510955810547 -0.0119647979736328
0.12127685546875 -0.136756896972656 0.0471534729003906 -0.00412368774414063
0.133918762207031 -0.0796966552734375 0.0125732421875 -0.118850708007813
0.124855041503906 -0.0794906616210938 0.0646820068359375 -0.0877685546875
0.08282470703125 -0.140289306640625 0.07452392578125 -0.0802154541015625
0.0153884887695313 -0.125167846679688 0.0527267456054688 -0.084869384765625
-0.034881591796875 -0.112693786621094 0.0374717712402344 -0.0674209594726563
-0.0734481811523437 -0.071624755859375 0.0257530212402344 -0.0468635559082031
-0.0905609130859375 -0.0326461791992188 0.0224342346191406 -0.0355567932128906
-0.0955352783203125 -0.0298995971679687 0.0290870666503906 -0.0222263336181641
-0.097900390625 -0.0185165405273438 0.0339183807373047 0.00206947326660156
-0.0763397216796875 -0.0508804321289063 0.0327606201171875 0.0358238220214844
-0.0616683959960938 -0.0849456787109375 6.48498535156271E-05 0.0532455444335937
-0.0338592529296875 -0.107269287109375 -0.0415802001953125 0.0412673950195312
0.0508270263671875 -0.137092590332031 -0.0498542785644531 -0.0105705261230469
0.0972900390625 -0.102432250976563 -0.0160293579101562 -0.0404167175292969
0.129745483398438 -0.0929412841796875 0.0862808227539063 -0.03631591796875
0.104751586914063 -0.033233642578125 0.0476531982421875 -0.142288208007813
0.107650756835938 -0.0441131591796875 0.0749893188476563 -0.110870361328125
0.07745361328125 -0.103919982910156 0.0706405639648438 -0.077117919921875
0.0184249877929687 -0.0968399047851563 0.055084228515625 -0.06695556640625
-0.02252197265625 -0.08868408203125 0.0515213012695312 -0.0431594848632813
-0.0555343627929688 -0.0582160949707031 0.0557479858398438 -0.0312080383300781
-0.0687217712402344 -0.0315933227539062 0.0555038452148437 -0.0336456298828125
-0.0736846923828125 -0.0328369140625 0.0568695068359375 -0.0190467834472656
-0.0774612426757813 -0.0272445678710938 0.062957763671875 0.00946044921875
-0.0538978576660156 -0.0532913208007813 0.0548286437988281 0.05120849609375
-0.03570556640625 -0.080108642578125 0.0112190246582031 0.0677871704101563
-0.00583648681640626 -0.095306396484375 -0.0332298278808594 0.0451202392578125
0.0730514526367187 -0.103958129882812 -0.0376358032226562 -0.00982284545898438
0.107818603515625 -0.059478759765625 0.00394058227539063 -0.0518875122070313
0.116668701171875 -0.038330078125 0.121017456054688 -0.0506057739257812
0.0607376098632813 0.0183753967285156 0.0626373291015625 -0.152236938476563
0.0759353637695313 -0.0023956298828125 0.0714569091796875 -0.12164306640625
0.0609321594238281 -0.052276611328125 0.061767578125 -0.0672416687011719
0.0197830200195312 -0.0514755249023438 0.0569572448730469 -0.0502967834472656
-0.00310516357421875 -0.0501251220703125 0.0606956481933594 -0.0255012512207031
-0.0252761840820313 -0.0386161804199219 0.07452392578125 -0.0222320556640625
-0.0351352691650391 -0.0274925231933594 0.0777664184570313 -0.0314178466796875
-0.0415496826171875 -0.0299530029296875 0.0752334594726563 -0.0132598876953125
-0.0481605529785156 -0.0286293029785156 0.0836181640625 0.0197525024414062
-0.0298080444335938 -0.0439567565917969 0.0681800842285156 0.0685882568359375
-0.0139427185058594 -0.0621757507324219 0.0177536010742188 0.0844345092773438
0.0119705200195312 -0.0705337524414063 -0.0259246826171875 0.053741455078125
0.07568359375 -0.0621490478515625 -0.0253086090087891 0.00114250183105468
0.0962677001953125 -0.012939453125 0.023345947265625 -0.048065185546875
0.082061767578125 0.0174484252929688 0.147994995117188 -0.046600341796875
-0.0285568237304688 -0.0626487731933594 -0.14691162109375 0.0500030517578125
-0.0535163879394531 -0.0130577087402344 -0.0384559631347656 0.0409622192382813
-0.0484123229980469 0.0269432067871094 0.0251502990722656 -0.0195674896240234
-0.0094757080078125 0.0376205444335938 0.025238037109375 -0.0708160400390625
0.00544357299804688 0.0290622711181641 -0.012786865234375 -0.102470397949219
0.00650787353515625 0.0193824768066406 -0.0784759521484375 -0.0920639038085937
0.00254058837890625 0.0235881805419922 -0.103836059570312 -0.02569580078125
-0.00130271911621094 0.0275478363037109 -0.0903854370117187 0.00635528564453125
-0.0035400390625 0.0255947113037109 -0.0822830200195312 0.0282516479492188
-0.0178451538085937 0.0131130218505859 -0.0859146118164063 0.0259246826171875
-0.0203838348388672 0.00867462158203125 -0.0707244873046875 0.031036376953125
-0.0268383026123047 0.0108642578125 -0.0613365173339844 0.0405654907226562
-0.0421295166015625 -0.0130615234375 -0.0650634765625 0.0496788024902344
-0.0415000915527344 -0.0404281616210938 -0.0580596923828125 0.112564086914063
-0.0258216857910156 -0.068817138671875 -0.0634307861328125 0.151962280273438
0.02728271484375 -0.0981369018554688 -0.14154052734375 0.0246124267578125
-0.00829696655273438 -0.0469474792480469 -0.0321540832519531 0.0229358673095703
-0.0204296112060547 -0.0225868225097656 0.0297508239746094 -0.0379791259765625
-0.00301456451416016 -0.00279521942138672 0.0242691040039062 -0.085479736328125
-0.00383663177490234 -0.00900459289550781 -0.012115478515625 -0.111366271972656
-0.0170192718505859 -0.00687789916992187 -0.0758514404296875 -0.0973358154296875
-0.0314216613769531 0.0116615295410156 -0.100547790527344 -0.0338897705078125
-0.0381851196289063 0.0180168151855469 -0.0844345092773438 -0.00153350830078125
-0.0428886413574219 0.0224113464355469 -0.0762939453125 0.02374267578125
-0.050933837890625 -0.00213241577148437 -0.0767822265625 0.02764892578125
-0.0503501892089844 -0.0225982666015625 -0.0664787292480469 0.0326766967773438
-0.0438156127929688 -0.0324058532714844 -0.0635757446289063 0.0392265319824219
-0.0269088745117188 -0.0669326782226562 -0.0633277893066406 0.0353355407714844
-0.0101394653320313 -0.0834503173828125 -0.0474929809570313 0.0918807983398438
0.020904541015625 -0.115692138671875 -0.0470046997070313 0.126846313476562
0.080169677734375 -0.120109558105469 -0.117790222167969 -0.00640869140625001
0.042999267578125 -0.0759048461914063 -0.0126314163208008 0.00242042541503906
0.014129638671875 -0.0759963989257813 0.0435066223144531 -0.0536842346191406
0.004119873046875 -0.0515632629394531 0.028839111328125 -0.0973358154296875
-0.0154342651367188 -0.0519294738769531 -0.0074462890625 -0.114273071289062
-0.0414352416992188 -0.0346870422363281 -0.0648956298828125 -0.0938491821289063
-0.0623817443847656 -0.00223159790039062 -0.0844955444335938 -0.03778076171875
-0.0707168579101563 0.00618743896484374 -0.0659904479980469 -0.00970458984375001
-0.0756912231445313 0.0178298950195312 -0.0571098327636719 0.01739501953125
-0.077056884765625 -0.013458251953125 -0.0554008483886719 0.0273857116699219
-0.0760726928710938 -0.0445175170898437 -0.0537490844726563 0.0367660522460937
-0.0621452331542969 -0.0651473999023438 -0.0617485046386719 0.04217529296875
-0.0176849365234375 -0.112281799316406 -0.0640411376953125 0.0226593017578125
0.0154342651367187 -0.117317199707031 -0.0401992797851563 0.0606575012207031
0.0605316162109375 -0.146438598632813 -0.0202178955078125 0.0872573852539062
0.11993408203125 -0.125984191894531 -0.079254150390625 -0.043792724609375
0.0883102416992188 -0.0961532592773438 0.0144767761230469 -0.022796630859375
0.0457077026367188 -0.123764038085937 0.0594749450683594 -0.0657691955566406
0.00798797607421875 -0.09716796875 0.0376968383789062 -0.101692199707031
-0.0289459228515625 -0.0899276733398438 0.0034027099609375 -0.107582092285156
-0.0641593933105469 -0.0572929382324219 -0.0421829223632813 -0.08221435546875
-0.0857086181640625 -0.014923095703125 -0.055633544921875 -0.0383949279785156
-0.0933761596679688 -0.00584411621093748 -0.0384407043457031 -0.016815185546875
-0.0965805053710938 0.0099334716796875 -0.0300559997558594 0.00955581665039063
-0.0906906127929688 -0.0244598388671875 -0.0263004302978516 0.0264568328857422
-0.0889511108398438 -0.0604629516601563 -0.0359039306640625 0.0414619445800781
-0.0703964233398438 -0.0878219604492188 -0.0570526123046875 0.0441551208496094
-0.006683349609375 -0.141372680664063 -0.0644035339355469 0.0101432800292969
0.0406341552734375 -0.135513305664063 -0.0367431640625 0.0239982604980469
0.0929107666015625 -0.154510498046875 0.0111885070800781 0.0401382446289062
0.138008117675781 -0.113006591796875 -0.0325164794921875 -0.0821533203125
0.1160888671875 -0.0986480712890625 0.0420913696289063 -0.0541191101074219
0.06793212890625 -0.1483154296875 0.0709915161132813 -0.0748443603515625
0.010650634765625 -0.123985290527344 0.0456085205078125 -0.0970077514648438
-0.0381851196289063 -0.112030029296875 0.0198135375976562 -0.0911102294921875
-0.0774765014648438 -0.0692214965820313 -0.0104179382324219 -0.0656166076660156
-0.095733642578125 -0.0243606567382812 -0.0186271667480469 -0.0380821228027344
-0.101783752441406 -0.0166854858398437 -0.00610733032226563 -0.0211429595947266
-0.103439331054687 -0.00144958496093748 0.00167703628540038 0.00379562377929688
-0.0899124145507813 -0.037017822265625 0.00473403930664062 0.0280590057373047
-0.0839462280273438 -0.073577880859375 -0.0169754028320312 0.0464935302734375
-0.0614395141601562 -0.100936889648438 -0.049774169921875 0.0443153381347656
0.0153961181640625 -0.150192260742188 -0.0617027282714844 -0.000373840332031271
0.0677566528320313 -0.131278991699219 -0.0308780670166016 -0.0119113922119141
0.115486145019531 -0.136505126953125 0.046722412109375 -0.00494003295898438
0.130645751953125 -0.0812606811523438 0.0110626220703125 -0.116424560546875
0.120918273925781 -0.0811767578125 0.0629043579101563 -0.0855178833007812
0.0779571533203125 -0.140838623046875 0.0741195678710938 -0.079803466796875
0.0134353637695313 -0.12310791015625 0.0515594482421875 -0.0839691162109375
-0.0369338989257813 -0.109962463378906 0.0364952087402344 -0.0678825378417969
-0.0737838745117188 -0.0687637329101562 0.0250701904296875 -0.0472259521484375
-0.0892333984375 -0.0298309326171875 0.0207099914550781 -0.0360298156738281
-0.09417724609375 -0.02618408203125 0.0268993377685547 -0.0215244293212891
-0.0957489013671875 -0.0151290893554688 0.033172607421875 0.00318145751953125
-0.0755691528320312 -0.048797607421875 0.0317497253417969 0.0355567932128906
-0.062530517578125 -0.0818405151367188 -0.000720977783203123 0.0553550720214844
-0.0351943969726562 -0.104522705078125 -0.0420494079589844 0.0434112548828125
0.0466461181640625 -0.135704040527344 -0.0537834167480469 -0.00935745239257814
0.0937728881835937 -0.102729797363281 -0.0178565979003906 -0.04010009765625
0.124740600585937 -0.0938491821289062 0.0835342407226563 -0.0369796752929688
0.103431701660156 -0.035400390625 0.044189453125 -0.140190124511719
0.105789184570313 -0.04583740234375 0.0722503662109375 -0.109237670898438
0.0741653442382813 -0.104827880859375 0.0694503784179688 -0.0762252807617188
0.0166015625 -0.0952072143554688 0.0544319152832031 -0.0665817260742188
-0.024658203125 -0.0864944458007813 0.0515632629394531 -0.0437164306640625
-0.0559806823730469 -0.0557861328125 0.0548973083496094 -0.0327224731445313
-0.0679817199707031 -0.0294036865234375 0.0537528991699219 -0.0349922180175781
-0.073028564453125 -0.0296554565429688 0.0538787841796875 -0.0194358825683594
-0.0757369995117188 -0.0241317749023438 0.0607452392578125 0.00875091552734375
-0.0537643432617187 -0.0509071350097656 0.0533714294433594 0.0496368408203125
-0.0367813110351562 -0.0780029296875 0.0111083984375 0.0687484741210938
-0.00725555419921876 -0.0936813354492188 -0.0339813232421875 0.0471267700195312
0.0689239501953125 -0.1038818359375 -0.0406646728515625 -0.00930404663085938
0.105094909667969 -0.061248779296875 0.00104522705078125 -0.0516548156738281
0.11279296875 -0.0400619506835938 0.118240356445312 -0.0515213012695313
0.0606575012207031 0.0166816711425781 0.0585784912109375 -0.150100708007813
0.0750503540039063 -0.004669189453125 0.0683746337890625 -0.119384765625
0.0585823059082031 -0.0538368225097656 0.0612068176269531 -0.0665664672851563
0.0182685852050781 -0.0518417358398438 0.0564041137695313 -0.0498695373535156
-0.0048980712890625 -0.0492324829101563 0.0610733032226563 -0.0271148681640625
-0.0261383056640625 -0.0369758605957031 0.0744400024414063 -0.0244216918945313
-0.0348339080810547 -0.0263118743896484 0.0743942260742188 -0.0331268310546875
-0.0413475036621094 -0.0279159545898438 0.0724334716796875 -0.014434814453125
-0.0473899841308594 -0.0262260437011719 0.0814208984375 0.0182952880859375
-0.0302925109863281 -0.0421905517578125 0.0672073364257813 0.0668220520019531
-0.0153961181640625 -0.0606231689453125 0.017974853515625 0.0842056274414062
0.01031494140625 -0.0692520141601563 -0.02642822265625 0.0554542541503906
0.0722579956054688 -0.0634384155273438 -0.0277976989746094 0.00121116638183593
0.0943222045898438 -0.015960693359375 0.0203094482421875 -0.0472602844238281
0.0816726684570313 0.0156631469726563 0.143966674804688 -0.0477752685546875
-0.0294723510742188 -0.0617904663085937 -0.145462036132813 0.051513671875
-0.0543403625488281 -0.0112037658691406 -0.0368270874023438 0.0423469543457031
-0.0475616455078125 0.0291061401367187 0.0267734527587891 -0.0200309753417969
-0.008270263671875 0.0382957458496094 0.02679443359375 -0.071807861328125
0.00639915466308594 0.0286064147949219 -0.0128326416015625 -0.103828430175781
0.00657463073730469 0.0189342498779297 -0.0793380737304687 -0.0914840698242188
0.00312232971191406 0.02423095703125 -0.102668762207031 -0.0245437622070312
-0.00034904479980469 0.0273551940917969 -0.088287353515625 0.00780487060546877
-0.00361061096191406 0.0255641937255859 -0.0812454223632813 0.0295791625976563
-0.0181808471679688 0.0132923126220703 -0.0858688354492187 0.02825927734375
-0.0206413269042969 0.00848388671875 -0.0715255737304687 0.0330276489257813
-0.0259799957275391 0.0114860534667969 -0.0629539489746094 0.0412826538085938
-0.0428352355957031 -0.0122146606445312 -0.0667953491210938 0.0492782592773438
-0.0421295166015625 -0.0388221740722656 -0.05645751953125 0.111961364746094
-0.0273284912109375 -0.0680656433105469 -0.0603485107421875 0.1517333984375
0.02581787109375 -0.0982818603515625 -0.140106201171875 0.0264816284179687
-0.0090179443359375 -0.0460281372070313 -0.0304889678955078 0.0235614776611328
-0.0203914642333984 -0.0207843780517578 0.0313148498535156 -0.0384445190429688
-0.00181269645690918 -0.00271344184875488 0.0251312255859375 -0.086517333984375
-0.00289440155029297 -0.00931072235107422 -0.0125961303710938 -0.112541198730469
-0.0169553756713867 -0.00687789916992188 -0.076751708984375 -0.0968551635742188
-0.03076171875 0.0125083923339844 -0.099945068359375 -0.0322113037109375
-0.037322998046875 0.0189094543457031 -0.082855224609375 0.000205993652343749
-0.0422325134277344 0.0231819152832031 -0.0750045776367188 0.0261611938476563
-0.0510787963867188 -0.00175094604492188 -0.0771865844726563 0.029754638671875
-0.0502700805664063 -0.0216636657714844 -0.0677146911621094 0.0348739624023438
-0.0433845520019531 -0.0321578979492187 -0.0650291442871094 0.0404815673828125
-0.0279083251953125 -0.0663833618164063 -0.0656852722167969 0.035125732421875
-0.0114822387695312 -0.082611083984375 -0.0466461181640625 0.0908432006835938
0.018646240234375 -0.114891052246094 -0.044342041015625 0.125885009765625
0.0779876708984375 -0.121742248535156 -0.117408752441406 -0.00580596923828124
0.0413818359375 -0.0757064819335938 -0.0111627578735352 0.00313091278076171
0.0126571655273438 -0.07470703125 0.0453224182128906 -0.0540962219238281
0.00436019897460937 -0.05059814453125 0.0298843383789063 -0.0982131958007813
-0.0153160095214844 -0.0513648986816406 -0.00748443603515625 -0.115608215332031
-0.0417976379394531 -0.0345344543457031 -0.0656204223632813 -0.0934295654296875
-0.0622673034667969 -0.00115203857421876 -0.0840377807617188 -0.0365524291992188
-0.0699310302734375 0.00778198242187499 -0.0652694702148438 -0.00818252563476561
-0.0749740600585938 0.0187454223632813 -0.0566520690917969 0.0192375183105469
-0.0766754150390625 -0.0130996704101562 -0.0563392639160156 0.0300369262695312
-0.07598876953125 -0.04364013671875 -0.0552787780761719 0.0399742126464844
-0.0619773864746094 -0.0648040771484375 -0.0631866455078125 0.0433845520019531
-0.019439697265625 -0.11102294921875 -0.0669593811035156 0.0227813720703125
0.0146560668945313 -0.117164611816406 -0.0405044555664063 0.06005859375
0.0579986572265625 -0.146347045898438 -0.018585205078125 0.0864486694335938
0.117530822753906 -0.127403259277344 -0.0791473388671875 -0.0426254272460938
0.0861740112304688 -0.0966720581054688 0.0162868499755859 -0.0221004486083984
0.0435256958007813 -0.123039245605469 0.0614051818847656 -0.0662193298339844
0.00786590576171876 -0.0963287353515625 0.0382919311523437 -0.102523803710938
-0.0299453735351562 -0.089385986328125 0.00305175781249999 -0.108840942382812
-0.0643882751464844 -0.0566329956054688 -0.042938232421875 -0.0821304321289063
-0.0854949951171875 -0.01373291015625 -0.0554962158203125 -0.0381660461425781
-0.0921554565429688 -0.00345611572265623 -0.0383033752441406 -0.0150947570800781
-0.095550537109375 0.0112075805664063 -0.0299873352050781 0.0115718841552734
-0.0908660888671875 -0.0240020751953125 -0.0271224975585938 0.0289764404296875
-0.0892105102539063 -0.059417724609375 -0.0371818542480469 0.0442581176757813
-0.0707778930664063 -0.087066650390625 -0.0582809448242188 0.0464706420898438
-0.00886535644531251 -0.140762329101563 -0.0678749084472656 0.0113296508789062
0.0395355224609375 -0.135513305664063 -0.0374336242675781 0.0239753723144531
0.090789794921875 -0.154830932617188 0.0128059387207031 0.0393867492675781
0.135971069335938 -0.114547729492188 -0.0333709716796875 -0.0814437866210938
0.114410400390625 -0.0993194580078125 0.0429496765136719 -0.0533409118652344
0.065216064453125 -0.148635864257813 0.0724258422851563 -0.0755386352539063
0.00988769531250001 -0.124305725097656 0.0467300415039062 -0.0976715087890625
-0.0388031005859375 -0.110488891601563 0.0194168090820313 -0.0921478271484375
-0.0777587890625 -0.06793212890625 -0.0107307434082031 -0.0660018920898438
-0.0957794189453125 -0.0228729248046875 -0.0191802978515625 -0.0374221801757813
-0.100914001464844 -0.0144271850585938 -0.00625991821289063 -0.0195846557617188
-0.102592468261719 0.000762939453125009 0.00164270401000976 0.00509357452392578
-0.0898818969726562 -0.0359039306640625 0.00329971313476562 0.02978515625
-0.0844497680664062 -0.0726547241210938 -0.0179176330566406 0.0494117736816406
-0.0616989135742187 -0.100738525390625 -0.0511627197265625 0.0467872619628906
0.0130157470703125 -0.150192260742187 -0.0654792785644531 0.000213623046874984
0.0663528442382812 -0.131675720214844 -0.0326099395751953 -0.0117721557617188
0.113174438476563 -0.137443542480469 0.0472908020019531 -0.00602340698242188
0.129768371582031 -0.0831069946289062 0.00978088378906252 -0.116264343261719
0.120109558105469 -0.0826644897460938 0.0632781982421875 -0.0849151611328125
0.0751800537109375 -0.141677856445313 0.0754241943359375 -0.079376220703125
0.0127716064453125 -0.123329162597656 0.0524139404296875 -0.08477783203125
-0.0382232666015625 -0.109580993652344 0.036895751953125 -0.0693130493164063
-0.0744781494140625 -0.067962646484375 0.0249595642089844 -0.0483283996582031
-0.089752197265625 -0.0282363891601563 0.0197486877441406 -0.03662109375
-0.093658447265625 -0.0242538452148438 0.0263957977294922 -0.0209274291992188
-0.0948333740234375 -0.0137481689453125 0.0327396392822265 0.00441551208496094
-0.0754852294921875 -0.0480194091796875 0.0305099487304687 0.0365371704101563
-0.0633163452148438 -0.0807723999023438 -0.00138092041015625 0.0579414367675781
-0.0352630615234375 -0.104484558105469 -0.0436744689941406 0.0463218688964844
0.0442886352539062 -0.135787963867188 -0.0574531555175781 -0.00859451293945314
0.0930023193359375 -0.104225158691406 -0.0199775695800781 -0.0399246215820313
0.12298583984375 -0.0949935913085938 0.0836181640625 -0.037811279296875
0.103141784667969 -0.0370330810546875 0.0428237915039063 -0.139968872070312
0.105560302734375 -0.0479888916015625 0.0722808837890625 -0.108016967773438
0.0727005004882813 -0.106742858886719 0.0706329345703125 -0.0755462646484375
0.015838623046875 -0.0962905883789063 0.0553970336914063 -0.0668411254882813
-0.0259170532226563 -0.0861663818359375 0.0522499084472656 -0.0452613830566406
-0.0571060180664062 -0.0548171997070313 0.0554122924804687 -0.0342979431152344
-0.0684242248535156 -0.0282669067382812 0.0520706176757812 -0.0360221862792969
-0.0730438232421875 -0.0273895263671875 0.0528678894042969 -0.0193710327148438
-0.0754013061523438 -0.0225448608398437 0.0603256225585937 0.0092926025390625
-0.0540237426757812 -0.0505714416503906 0.0520744323730469 0.049896240234375
-0.0377960205078125 -0.0771255493164062 0.01019287109375 0.0708999633789063
-0.00770568847656249 -0.09344482421875 -0.0356559753417969 0.0494575500488281
0.0670242309570313 -0.104942321777344 -0.0442276000976562 -0.00833892822265626
0.104507446289062 -0.06304931640625 -0.00112915039062499 -0.0515174865722656
0.112709045410156 -0.0412979125976563 0.117607116699219 -0.0528030395507813
0.0619850158691406 0.0154991149902344 0.0565643310546875 -0.149505615234375
0.07568359375 -0.0063629150390625 0.0671844482421875 -0.118331909179687
0.0571632385253906 -0.0553245544433594 0.06219482421875 -0.0655174255371094
0.0177230834960937 -0.0527267456054687 0.0571098327636719 -0.0502891540527344
-0.00627517700195313 -0.0490379333496094 0.0619354248046875 -0.0284767150878906
-0.0266799926757813 -0.0361557006835938 0.0742340087890625 -0.02667236328125
-0.0356407165527344 -0.0256462097167969 0.0733718872070312 -0.0348129272460937
-0.0417861938476563 -0.0270118713378906 0.070892333984375 -0.0146636962890625
-0.0469512939453125 -0.0244789123535156 0.0798187255859375 0.017730712890625
-0.0306587219238281 -0.0415077209472656 0.0665321350097656 0.0666465759277344
-0.0161895751953125 -0.0604057312011719 0.0176773071289063 0.0860977172851562
0.00988006591796875 -0.0691680908203125 -0.027587890625 0.0575218200683594
0.07122802734375 -0.0645828247070313 -0.0308837890625 0.00172996520996093
0.0949249267578125 -0.0178070068359375 0.0179176330566406 -0.04693603515625
0.0815963745117188 0.0144577026367187 0.14361572265625 -0.048828125
-0.0317344665527344 -0.0620002746582031 -0.14617919921875 0.0548095703125
-0.055450439453125 -0.00940322875976562 -0.0353851318359375 0.0439682006835938
-0.047210693359375 0.03131103515625 0.0289459228515625 -0.0209693908691406
-0.0069427490234375 0.0386772155761719 0.0280685424804688 -0.0747756958007812
0.00823593139648438 0.0279369354248047 -0.0149765014648438 -0.106674194335937
0.00739288330078125 0.0191001892089844 -0.0825347900390625 -0.0923309326171875
0.00360298156738281 0.0241069793701172 -0.103179931640625 -0.0231170654296875
0.000982284545898436 0.0277748107910156 -0.0877609252929688 0.00991821289062502
-0.00335502624511719 0.0261268615722656 -0.0810470581054687 0.0323028564453125
-0.0184822082519531 0.0134620666503906 -0.086944580078125 0.0322647094726563
-0.0206432342529297 0.00909042358398437 -0.0730133056640625 0.036407470703125
-0.0250072479248047 0.0119190216064453 -0.0648727416992188 0.0430679321289063
-0.0437126159667969 -0.0106124877929687 -0.0688056945800781 0.0499000549316406
-0.0439605712890625 -0.0378227233886719 -0.0548934936523438 0.113433837890625
-0.0298118591308594 -0.0676078796386719 -0.0573272705078125 0.153732299804688
0.022796630859375 -0.100318908691406 -0.141357421875 0.029327392578125
-0.0106315612792969 -0.0455436706542969 -0.0295829772949219 0.0252456665039062
-0.0213451385498047 -0.0192508697509766 0.0329856872558594 -0.0398445129394531
-0.00107312202453613 -0.00241231918334961 0.0255661010742188 -0.0894622802734375
-0.00228404998779297 -0.00965023040771484 -0.01434326171875 -0.115478515625
-0.0172491073608398 -0.00684738159179688 -0.0798873901367187 -0.0968170166015625
-0.0306816101074219 0.0129508972167969 -0.101188659667969 -0.0301132202148437
-0.0368309020996094 0.0197639465332031 -0.0818634033203125 0.00220489501953126
-0.0423011779785156 0.024383544921875 -0.074951171875 0.02874755859375
-0.0523567199707031 -0.000877380371093758 -0.0784988403320313 0.033538818359375
-0.05133056640625 -0.0212135314941406 -0.0693511962890625 0.0386161804199219
-0.0437469482421875 -0.0319862365722656 -0.0673637390136719 0.0428848266601562
-0.0301704406738281 -0.0657157897949219 -0.06878662109375 0.0359420776367187
-0.01318359375 -0.082427978515625 -0.0456924438476563 0.0916824340820313
0.015472412109375 -0.116485595703125 -0.0415496826171875 0.127883911132813
0.0752944946289063 -0.124664306640625 -0.118049621582031 -0.00341033935546877
0.0404281616210938 -0.0773239135742188 -0.009124755859375 0.00422286987304687
0.0111541748046875 -0.0750503540039063 0.0474891662597656 -0.0559501647949219
0.00489425659179687 -0.0511589050292969 0.0300064086914062 -0.101081848144531
-0.0153884887695312 -0.051971435546875 -0.0096588134765625 -0.118354797363281
-0.0433540344238281 -0.0343246459960937 -0.0680694580078125 -0.0934371948242188
-0.0624923706054687 0.000331878662109363 -0.0849838256835938 -0.0351333618164062
-0.0702667236328125 0.00978469848632812 -0.0647354125976563 -0.00645828247070314
-0.0745162963867188 0.020965576171875 -0.0559844970703125 0.0220260620117187
-0.0787277221679687 -0.01177978515625 -0.0568809509277344 0.0336494445800781
-0.0782470703125 -0.0427703857421875 -0.056793212890625 0.0440101623535156
-0.0625839233398437 -0.0650672912597656 -0.0655136108398438 0.0470199584960937
-0.0225677490234375 -0.111679077148438 -0.0710067749023437 0.0244522094726562
0.0124664306640625 -0.118629455566406 -0.0403785705566406 0.0603485107421875
0.05560302734375 -0.149063110351563 -0.016204833984375 0.0871658325195312
0.115341186523437 -0.132537841796875 -0.0801773071289062 -0.041656494140625
0.0854415893554688 -0.099212646484375 0.0176486968994141 -0.0212173461914063
0.040924072265625 -0.124702453613281 0.0632896423339844 -0.06854248046875
0.00736236572265624 -0.0973739624023438 0.0387802124023438 -0.105453491210938
-0.0312881469726563 -0.0893402099609375 0.00117492675781249 -0.111900329589844
-0.0667037963867188 -0.0561866760253906 -0.0448074340820313 -0.0827484130859375
-0.0862960815429688 -0.0116653442382813 -0.0576210021972656 -0.0373992919921875
-0.0925445556640625 -0.000755310058593752 -0.0385246276855469 -0.0140876770019531
-0.095672607421875 0.013824462890625 -0.0292682647705078 0.0133800506591797
-0.092498779296875 -0.0226287841796875 -0.0275974273681641 0.03192138671875
-0.0911331176757813 -0.0583953857421875 -0.0373420715332031 0.0488204956054688
-0.0728225708007812 -0.0871963500976563 -0.0602951049804688 0.0500869750976563
-0.011932373046875 -0.141250610351563 -0.0723114013671875 0.013427734375
0.0383987426757812 -0.137405395507813 -0.0383453369140625 0.0237960815429687
0.0879974365234375 -0.158538818359375 0.0141983032226563 0.0385246276855469
0.134986877441406 -0.119186401367188 -0.034942626953125 -0.0818328857421875
0.113777160644531 -0.103111267089844 0.0439338684082031 -0.0537910461425781
0.06207275390625 -0.1517333984375 0.0744400024414063 -0.077545166015625
0.00883483886718749 -0.125389099121094 0.0477981567382813 -0.0998611450195313
-0.0421600341796875 -0.110954284667969 0.0181427001953125 -0.0954360961914063
-0.080108642578125 -0.0673599243164063 -0.0116920471191406 -0.0680618286132813
-0.0977554321289063 -0.020599365234375 -0.0211067199707031 -0.0377426147460938
-0.101608276367187 -0.011474609375 -0.00666999816894532 -0.0189838409423828
-0.103279113769531 0.00344848632812501 0.00194883346557617 0.00661373138427734
-0.0915756225585938 -0.0355300903320312 0.00312232971191406 0.0323238372802734
-0.0868682861328125 -0.0716094970703125 -0.01806640625 0.0538368225097656
-0.0638351440429688 -0.100875854492188 -0.0533256530761719 0.0510177612304687
0.00941467285156249 -0.151092529296875 -0.0705108642578125 0.00228118896484373
0.0655899047851562 -0.134857177734375 -0.0346336364746094 -0.0119609832763672
0.111572265625 -0.141250610351563 0.0480995178222656 -0.00673294067382813
0.130180358886719 -0.0886306762695313 0.00770568847656251 -0.117523193359375
0.120208740234375 -0.0867080688476562 0.0636215209960938 -0.0856857299804688
0.07257080078125 -0.145523071289063 0.0767593383789063 -0.0814361572265625
0.0110931396484375 -0.125640869140625 0.0524978637695312 -0.0870895385742188
-0.0414581298828125 -0.109466552734375 0.0366363525390625 -0.0718154907226563
-0.0770492553710938 -0.0664596557617187 0.0251617431640625 -0.0507545471191406
-0.0911941528320313 -0.0265579223632813 0.0183181762695312 -0.0378837585449219
-0.0946807861328125 -0.0208053588867188 0.0251598358154297 -0.02069091796875
-0.0948104858398438 -0.0111236572265625 0.0329875946044922 0.00521087646484375
-0.0772018432617188 -0.0474395751953125 0.0306053161621094 0.0379867553710938
-0.0661087036132813 -0.08013916015625 -0.00167465209960938 0.0614395141601562
-0.037139892578125 -0.10498046875 -0.045318603515625 0.0501480102539063
0.04193115234375 -0.138275146484375 -0.0617637634277344 -0.00641632080078126
0.0926055908203125 -0.107391357421875 -0.0227088928222656 -0.0398674011230469
0.123504638671875 -0.0987014770507813 0.084686279296875 -0.0400314331054688
0.104385375976563 -0.0398101806640625 0.0404052734375 -0.142227172851563
0.106521606445313 -0.0515060424804688 0.0719833374023438 -0.109703063964844
0.070587158203125 -0.110504150390625 0.0719451904296875 -0.0774765014648438
0.0149688720703125 -0.0984344482421875 0.0569114685058594 -0.0687294006347656
-0.02880859375 -0.0864181518554687 0.0530166625976563 -0.0481491088867188
-0.0590667724609375 -0.0539588928222656 0.0559730529785156 -0.03741455078125
-0.0702362060546875 -0.0269012451171875 0.0510940551757812 -0.0376358032226562
-0.074432373046875 -0.025665283203125 0.0521736145019531 -0.019927978515625
-0.0761489868164063 -0.0201797485351562 0.0601387023925781 0.00945663452148437
-0.0557441711425781 -0.0505409240722656 0.0529594421386719 0.0508880615234375
-0.0397567749023438 -0.07757568359375 0.0112686157226563 0.074371337890625
-0.0094757080078125 -0.0946273803710938 -0.0370712280273438 0.0533218383789063
0.0655593872070313 -0.107765197753906 -0.0484428405761719 -0.00726699829101563
0.105018615722656 -0.0660247802734375 -0.00337600708007812 -0.0522727966308594
0.113639831542969 -0.0440521240234375 0.1185302734375 -0.05523681640625
0.0634918212890625 0.0141067504882813 0.054046630859375 -0.152557373046875
0.0767669677734375 -0.00870513916015625 0.0666122436523438 -0.119712829589844
0.0564384460449219 -0.0585250854492188 0.0637550354003906 -0.066741943359375
0.0170516967773437 -0.0536880493164062 0.0589790344238281 -0.0521087646484375
-0.00815582275390625 -0.0494270324707031 0.0640487670898438 -0.0307846069335938
-0.0278549194335937 -0.0356597900390625 0.0756912231445313 -0.0296859741210938
-0.0364952087402344 -0.0249824523925781 0.072845458984375 -0.0376434326171875
-0.0423927307128906 -0.0252914428710937 0.0706329345703125 -0.0155868530273438
-0.0477638244628906 -0.0232124328613281 0.0804061889648438 0.0176315307617188
-0.0315895080566406 -0.0413360595703125 0.0672569274902344 0.0665397644042969
-0.017974853515625 -0.0611305236816406 0.0189895629882813 0.089202880859375
0.00879669189453126 -0.0704345703125 -0.0290489196777344 0.0607223510742188
0.0703887939453125 -0.067413330078125 -0.0343475341796875 0.00261497497558593
0.096221923828125 -0.0208663940429688 0.0154838562011719 -0.0477714538574219
0.0838775634765625 0.0132522583007813 0.144638061523438 -0.0518798828125
-0.0171567368133617 0.0502752308622146 -0.11914853176319 -0.0935754686011109
0.0309193228121708 0.0459525567049538 -0.0500099092851103 -0.01764553722577
0.0527057445616472 0.0231502176978092 0.03487329073228 0.00358008364389476
0.0362716569354783 -0.0151298548138646 0.0746746022054034 -0.0175031004722303
0.0164462545615277 -0.015934653807447 0.0875617554811595 -0.073308667778191
0.0169639353859336 -0.00654633999212928 0.0433201882423717 -0.115507153339338
0.0252283958067642 -0.0147922280854804 -0.0163780740081579 -0.107666740872568
0.0251661998967963 -0.0205290602921344 -0.053228815427427 -0.0798086774191729
0.0309300406989967 -0.0131804501469461 -0.0659285185008614 -0.0647374914157462
0.0275231232204054 0.00246887595830166 -0.069417422978049 -0.062090923010076
0.0241092175862062 0.00755068171631143 -0.0701905125625428 -0.0537110598633654
0.0294571913486869 0.0111920369587518 -0.0715365011829049 -0.0447360158223797
0.0307127593232817 0.0346214156952021 -0.0762605753906066 -0.0343770442771578
0.00183110307943403 0.0496563970685261 -0.117872992087549 0.00874236816099445
-0.0350244077142141 0.0490989499618301 -0.147419015671765 0.0541838780923566
-0.0770535891595834 0.0287481110633479 -0.0940858920411795 -0.0920590565740678
-0.0275342606990021 0.034321701344031 -0.0290809849581069 -0.00928355133816987
-0.00476882107137385 0.0330293586262242 0.0633621049066224 0.00875658113428505
-0.00272383873314684 0.00953448755436181 0.0961578343521448 -0.0203440576493624
-0.0035024923840055 0.0199194318532881 0.101849130486567 -0.0783760711853321
0.0115328128959133 0.028739899729886 0.0542952944115629 -0.116737434352529
0.0338210898259634 0.0218193314009351 -0.00300017570478213 -0.110374147276705
0.0432415188615232 0.0125772594087987 -0.0409995708249488 -0.0812121246334808
0.0508088632961067 0.0215345862375998 -0.0568867180204691 -0.0631416464837413
0.0369864549980615 0.0386553845820911 -0.0609860612926079 -0.0548136027652708
0.0229368264744253 0.0508530490397982 -0.065037166069615 -0.0488394246459661
0.00277466077124076 0.0547866008174043 -0.0657916084993214 -0.0434439012839489
-0.0164137067435967 0.0660067079574034 -0.0619072102825641 -0.0377257023865541
-0.0515297396514612 0.0538366021935664 -0.0957596111324887 0.0125194886677291
-0.0962036218216034 0.0393565779721475 -0.122825475242349 0.0558850636890221
-0.127015310115926 0.00364054991063291 -0.0540017545753711 -0.0820750362197343
-0.0870840300967914 0.015836069671328 -0.000870172293091323 0.0107973511516011
-0.0703642936622296 0.0410677207417478 0.0946808074478637 0.027177617032107
-0.0494422968839275 0.0402891142710125 0.121338685541513 -0.0145409485035407
-0.0245713908373019 0.0608723921803321 0.113712492595187 -0.0767954138529012
0.00581321105756672 0.0651323195115924 0.0619375475078339 -0.106912070398054
0.0379215470324187 0.0574449731458853 0.0114547083162873 -0.0988688406377115
0.0562443964675581 0.0433846851719791 -0.0227636228548949 -0.0712229525142246
0.0653821569045089 0.0510993673329905 -0.0398725887340022 -0.0500904190465122
0.043298343374327 0.0672142180135589 -0.0475298503944523 -0.0377831919741591
0.0236896347091564 0.084857915901737 -0.0589060725268127 -0.0345667216668794
-0.0137723366864548 0.0913164842573699 -0.0631788914767646 -0.0370671623977248
-0.0524756240396035 0.0943814912452743 -0.0512791673927984 -0.0415773032136907
-0.0943476155469496 0.0569884891687062 -0.0672678136970819 0.00621015804664414
-0.141940272249446 0.027057091593993 -0.080305176580501 0.0546833249471174
-0.157288412679134 -0.0206914157850209 -0.0031269294746942 -0.0653767130393964
-0.136248726941764 -0.00325314320631147 0.0342461057180685 0.0341792279484854
-0.131061835168078 0.0475185205840357 0.12306499398361 0.0481777552390689
-0.0913832394344987 0.0715930432373472 0.140948615054732 -0.00311177019540597
-0.0411188090558506 0.0995806005622481 0.120242840297314 -0.0641987870867423
0.00207282395484904 0.0949333807939285 0.0675915522254282 -0.0835736068419951
0.0384750230261924 0.0854658406192049 0.0272821534405139 -0.0742010056540504
0.0610878078992152 0.0677375420617113 -0.000991076595651979 -0.0513881674210591
0.0700648910005818 0.0732853314244045 -0.0185292521777907 -0.0301759750276909
0.0421119439697814 0.0853560740925742 -0.029958892736359 -0.014151746562837
0.0209230866028659 0.105021103498796 -0.0522649476791141 -0.0141726916367582
-0.0275400803600893 0.112922714170446 -0.0610488390515119 -0.0282483641972898
-0.0796966570377688 0.109600364127903 -0.04238913908184 -0.0465371930986443
-0.124182358606153 0.0513091759630852 -0.0368325036912212 -0.00685447237892797
-0.166523789514372 0.00867368228434527 -0.0291459185907852 0.050014093865016
-0.163095525771575 -0.0375895453157333 0.0540051076335536 -0.0476011349051631
-0.159852663967891 -0.0212728442009305 0.0737304172590564 0.0487487380551226
-0.167791287502122 0.0469659202720646 0.141898955399105 0.0623621621919407
-0.117863558827962 0.0903211624120925 0.147839267259213 0.0114823703230326
-0.0506200356917705 0.121853004439073 0.118410221601472 -0.0399357386407596
-0.00158297519668322 0.110834355364729 0.0718513341683442 -0.0478450864777282
0.0344933583116593 0.0999129176403294 0.0430429667365525 -0.040002016783144
0.0572771195480653 0.0815794819020713 0.0202976704931976 -0.0238699773389374
0.0622013838120154 0.0857895732227052 0.00223376912830409 -0.0033885892884814
0.030534027882453 0.0933538833148001 -0.0139725838187355 0.0137814318937598
0.00759385380398152 0.110112049952967 -0.0463195163406222 0.00884719156231763
-0.0448579994247498 0.114024942632517 -0.0576632092476558 -0.0186009173822772
-0.102792634993846 0.103191040829299 -0.0329541854686236 -0.0479838972710462
-0.138423362161324 0.0315488274288306 -0.00688669075320435 -0.0202561727193815
-0.166147315170158 -0.0157169292194279 0.0236684549670435 0.0470766261340996
-0.138646567041692 -0.0454714896814958 0.104598340420688 -0.0347263090433018
-0.152784506016766 -0.0334892500684706 0.109967360882972 0.0508458356270267
-0.169475339875519 0.0355367409647181 0.14429610863776 0.0637590736061123
-0.120785796207871 0.086999641728875 0.138450967268995 0.0239059626037495
-0.0515936964169529 0.118304074402071 0.106747714976623 -0.0100416334250713
-0.00619035644640017 0.105961338649626 0.0727149463521117 -0.00634160663116119
0.0233572410907026 0.0975228610735779 0.0562471224456967 -0.0017717065932518
0.0437053137476139 0.0832009175137427 0.0371648591231369 0.00727617814683275
0.0439990453975029 0.0866198680054928 0.0166094672407053 0.0266948783215567
0.00974669215767936 0.0901741885016214 -0.00649251243103537 0.0426692712710193
-0.0138229972086042 0.100110397931908 -0.0469831032377305 0.031278360387407
-0.0652295118215763 0.093700201266478 -0.0566199220235115 -0.0087635522498083
-0.11745981117185 0.0733601559466836 -0.0240064043257024 -0.0449920388534394
-0.134867116133344 -0.00396211404221914 0.0188768107299369 -0.0253768481563609
-0.140534952478044 -0.0441678921036524 0.0683306470684929 0.051147771219065
-0.0897379273496232 -0.0472467703389438 0.139924483044186 -0.0282226846586947
-0.115096747540589 -0.0422787679730853 0.132562374231686 0.0389783093116731
-0.138923459212291 0.0161106104692937 0.130101218497502 0.057141311039496
-0.0997127188542587 0.0635240515833529 0.11549472394977 0.0340072988497194
-0.0461464907764853 0.0897835767605225 0.0894641982753407 0.0209759618558294
-0.0103041920472402 0.0817465530631707 0.0715316166473242 0.0288717795030902
0.01030763433057 0.0787599874288027 0.0652597364805455 0.0307189199530835
0.0255724396245889 0.0710622491546449 0.0479960596644144 0.0351837999619412
0.0227558104310565 0.0745125426584674 0.0233318335719943 0.0550946549865136
-0.00748550485864267 0.0741096221442459 -0.00938308806724996 0.0698531944311093
-0.0299168215676459 0.0776657847403381 -0.0548413732265919 0.0514819911460577
-0.0737125002984571 0.0630652489397065 -0.0595644943384729 0.00179773541401965
-0.115403588024693 0.0356913831865706 -0.0195852734132881 -0.0340192176543173
-0.112670171285865 -0.03746425421223 0.0349698202001506 -0.0185930074755405
-0.095045081902198 -0.0637371497828868 0.100614359730119 0.0627379804365449
-0.0268113801874218 -0.0416341022576356 0.153453997162729 -0.03217386842218
-0.0607361500377341 -0.0442516336877105 0.136081864508567 0.0186425306879033
-0.0864699759728344 -0.00370957079189965 0.105514228227732 0.0458896681553501
-0.063373266997412 0.0287225686219985 0.0895341441854127 0.0402879010863699
-0.0357170324851423 0.0465728953687911 0.0738292801520682 0.0429407398467568
-0.0173810386022661 0.0457139467413087 0.0689422859185002 0.0531729109044388
-0.00696387312843469 0.0475540774609279 0.0680640917090089 0.0547897539418105
0.00457878905603817 0.0484306574465954 0.051452486307116 0.0572196722532577
0.00235676214895603 0.0513083062144201 0.0216962281126351 0.0797662566755769
-0.016792857748152 0.0492218804448588 -0.0187575068551626 0.0902597042212407
-0.0327939377426771 0.04993442492359 -0.068624009478348 0.0659686749369221
-0.0645630054673578 0.032943241080356 -0.0669820651879749 0.0119269811988543
-0.0929957380702864 0.00256991687506345 -0.0227528906426529 -0.019313870114844
-0.0742066757574596 -0.0575370800489566 0.0390174239804053 -0.0048347699039325
-0.0375146817087114 -0.0691795564669091 0.116125915368642 0.078923779372703
-0.0141500473589426 0.0515882054898805 -0.123215331372708 -0.0869353288250125
0.0332073952973077 0.0440459812059266 -0.0506343624433048 -0.014050945296199
0.0543944168063329 0.0196097823580318 0.0358992128917968 0.00347446310648725
0.0352123819989829 -0.0168671172417357 0.0757870318070707 -0.0200470945197461
0.0143581024762534 -0.0160052610026902 0.0860808477103811 -0.0778664503335695
0.0166797272978587 -0.00692192512115936 0.038147486010111 -0.118094255740712
0.0247600263155003 -0.0159437279625619 -0.02018585229833 -0.105783840887833
0.0231795123732122 -0.0215865626422787 -0.0551677546204301 -0.0759602755758867
0.0298726248262227 -0.0150526471720434 -0.0693366090768325 -0.0607230655602763
0.0283657344425339 0.00131540646616739 -0.073687324166461 -0.0580105893799995
0.0243173212756491 0.00651978174772023 -0.0741277773187304 -0.0505326068080204
0.0291344601214574 0.00926264659432694 -0.0752047893170507 -0.0431650561668533
0.0329043364582335 0.0329108463890951 -0.0789254639206134 -0.0337825521593116
0.00485764327597328 0.0491763145394584 -0.116071334819694 0.012750925051243
-0.031986624958906 0.0511956322988728 -0.143116506608393 0.0605750987092485
-0.0751763694596152 0.0331721773510782 -0.097337227282268 -0.0878241813498465
-0.0245035103649617 0.0350266250684446 -0.029095031026735 -0.00689259482501013
-0.0023104105741284 0.032615416206136 0.0648788654958275 0.00765222028657903
-0.00326117727801578 0.00952123590322671 0.0973187745626258 -0.0235724397941503
-0.00396388910115721 0.0200343963551844 0.0989978053799577 -0.0832742928388283
0.0127912784353167 0.0284233831673106 0.0488033539003981 -0.119455303684862
0.034318620037428 0.0203970817737356 -0.0075750228937299 -0.109000188527402
0.0430808552106054 0.0100454145271728 -0.043683014342903 -0.0775427809489347
0.0516749776079759 0.0182778038129717 -0.0600042437331816 -0.0589187355948488
0.0389527928324038 0.0370803678690517 -0.0653636499784157 -0.0519241188689817
0.024828406816762 0.0500852974812852 -0.0695910096336017 -0.0454302206116228
0.00489676222793201 0.0535942910149609 -0.0702050361768708 -0.0417713573588789
-0.0122783539973649 0.0664912867660506 -0.0655521593610209 -0.0374300560489104
-0.0485520086124199 0.0556099968705485 -0.0939414446236085 0.0151265664419907
-0.0936186868712291 0.0442818086412361 -0.11868985751627 0.0613139719131022
-0.12611779328466 0.0103775758922614 -0.057050277254858 -0.0789563322669238
-0.0851353399346376 0.0191406681707003 -0.0004149082066212 0.0129998953172051
-0.0676478460519277 0.0440017344820855 0.0975624347252482 0.0241989716409743
-0.0481703840196265 0.0418301397704847 0.122144792074913 -0.0191388733900859
-0.0225068286600753 0.0617834989517472 0.111232680943255 -0.0823069552834648
0.00865866069774398 0.0648614820959977 0.0570466579534963 -0.110081046512397
0.0406546520009504 0.0549368117464963 0.00692636197651866 -0.0983007757887304
0.0576700589639229 0.0393923961075838 -0.026010389930926 -0.0683657660899676
0.0676811870827775 0.0472167902969166 -0.0422953875357371 -0.0476487892512316
0.0471738898989756 0.0650420660183976 -0.0509370861442713 -0.0349882236646111
0.0281242334370907 0.0836362249961564 -0.0641179257931876 -0.0312058850253965
-0.0103084989342266 0.0915260581831079 -0.0673943767036014 -0.0354929909583554
-0.0466239734918086 0.0965253976599762 -0.0556720175766343 -0.0426487349831366
-0.0912452114444742 0.0613415167706307 -0.0659644571647136 0.0078813115740142
-0.139740121196439 0.0343864277747331 -0.0766188711077961 0.0577196221498129
-0.158145137467037 -0.0120071639042322 -0.005552419843807 -0.0649437269800692
-0.135639470988594 0.00253846066212836 0.0359183557355074 0.0344206951121826
-0.127504256575264 0.0536320335092283 0.12683298023026 0.0445352803132347
-0.0889705912791589 0.0748954430429815 0.142439258525007 -0.00791287071048829
-0.0368944096431352 0.100744762295234 0.117985479410511 -0.0702998651053966
0.00589460769234925 0.095348338516713 0.0647934798970341 -0.0864080172360035
0.0423844807969961 0.0824681548373623 0.0234868034895947 -0.075370449539765
0.0637068182904439 0.0632303500740986 -0.00410467133818096 -0.0502836803465396
0.0732165528257981 0.0690916010373358 -0.0210268383499868 -0.0280006299645225
0.0462581255119778 0.0833702371387505 -0.0327704289938395 -0.0115545249768175
0.0259434003561645 0.103435936124434 -0.0561348370902881 -0.0106738613447995
-0.0229272905201394 0.114058533272313 -0.0651553963638056 -0.0259836420858441
-0.0737840657132019 0.113155022451212 -0.0473945563922742 -0.0467452265435957
-0.121434421021652 0.0567737936295744 -0.036677751077197 -0.0069802019727882
-0.165261089589554 0.0168797506518066 -0.0256230355067184 0.0506873430182023
-0.164466493700905 -0.0290573202760014 0.0515532534308157 -0.0497694142169617
-0.160533870163168 -0.0136396704404745 0.0763594380918204 0.047385321156105
-0.164341847129781 0.0552306978690858 0.145511732740722 0.0572087374712597
-0.114653645535597 0.0953611202709972 0.1497258449674 0.00584334933442646
-0.04482641357534 0.123595313793279 0.117441554983098 -0.0464398188947583
0.00336457765554901 0.110847853795738 0.0702322147207122 -0.05141705258419
0.0393896188415341 0.0970807304500425 0.0403520654082295 -0.0426169456973042
0.0610812949126499 0.0772110139798977 0.0183619934630717 -0.0240757175368542
0.066460785643237 0.0813760302680372 0.000865112923550785 -0.00259321282986557
0.0342516855259683 0.0918811059552462 -0.0154223575877512 0.0151258390087706
0.0130624815429731 0.109343784944182 -0.0496039719511385 0.0124014063227988
-0.040217838072237 0.115673144904909 -0.0618157104549306 -0.0165025462858959
-0.096471778329604 0.108020895594908 -0.0389397600461264 -0.0489057993020585
-0.137027664943114 0.037304113114376 -0.00866803701015513 -0.0210494875279291
-0.166560799249203 -0.00805376783967543 0.0261435607263967 0.0455823647723335
-0.141980325675948 -0.0386273136051948 0.10229432836486 -0.0390486395912257
-0.153828635374047 -0.0266046391003593 0.112305584849636 0.0466396194672313
-0.166992191156374 0.0438117892377023 0.148056473880891 0.0592407465527391
-0.117575565452963 0.0923015690845315 0.14029999046996 0.0194767364894775
-0.0459874673294861 0.120700257944683 0.107755012364706 -0.0151736859160625
-0.000977500132404567 0.105824266697083 0.0730634465858595 -0.0106827749827562
0.0287592345683048 0.0953923895314064 0.055615820531274 -0.00536780927973278
0.047499484549155 0.0797690285568541 0.0367385689991443 0.00563715244923074
0.0481053463598337 0.0834768960863911 0.0166200603856432 0.025715166666768
0.0143367245133244 0.0891345566744956 -0.00659714411524132 0.043272664575122
-0.00905860772135564 0.0999442159652746 -0.0489093319800315 0.0343651235033275
-0.0616162046596931 0.0962364716086816 -0.0601419779855302 -0.00639535354929076
-0.113219122978111 0.078974640221809 -0.0294498755573973 -0.0457785492151371
-0.134938250609337 0.00249899394509402 0.0167126586088642 -0.0274770425098223
-0.142742272855168 -0.0379004883238103 0.0712221017118654 0.0472961970015425
-0.0932486039728026 -0.0427584159240156 0.138024085712084 -0.03404334798386
-0.11806366926919 -0.0370935864294436 0.133627299715859 0.0348439441609666
-0.138020314319826 0.023301205338293 0.133230414834196 0.0530842219066296
-0.0978752429421147 0.0685084747486081 0.118239978771805 0.0305047823351267
-0.0415187152941268 0.0928262878022668 0.0914994682753603 0.0161096935083615
-0.00639410088446671 0.082438290985911 0.0742227233217986 0.0248644977266841
0.0145167057412062 0.077616069603734 0.0660513705213857 0.0266066254861032
0.0297760110647585 0.0687865954921638 0.0483573165388408 0.0324468274588221
0.0265650426678683 0.0726178099675764 0.0240909923658421 0.0545624340962368
-0.0037634600281528 0.0745098956879624 -0.00789843461374594 0.0701732296642003
-0.0258146604470802 0.079027999233142 -0.0553588684449874 0.0553996293932387
-0.071535269388714 0.0662946269048168 -0.062493299138121 0.00463753312461395
-0.112918747799173 0.0414021409857611 -0.0240982118252958 -0.0355624971430617
-0.114695469775821 -0.0317472655143633 0.0328687545365837 -0.0212319422461647
-0.0985785218638828 -0.0589330768203575 0.104269963569504 0.0579726297555812
-0.0295623740968128 -0.0407376745038439 0.150721437603169 -0.0384461047015881
-0.0639124708203249 -0.0416752607143872 0.13632519184567 0.0138538152675727
-0.0874717539408924 0.00148800079669909 0.108286241689911 0.0425237951369936
-0.0629281564521941 0.0323304545628028 0.0924701612942073 0.0378657623553948
-0.0330100851181224 0.0486957578178697 0.0774932543551919 0.0396169381200285
-0.0145101378254355 0.0461414692925003 0.0728856441857028 0.0493608041407047
-0.00452121315337681 0.0479453645507993 0.0705320765755871 0.0498997486256169
0.0075149051453245 0.0476025845725994 0.0529570695321754 0.0539953312871631
0.00528127672689674 0.049876258439975 0.0240812724977253 0.0786048576860253
-0.0143691462092546 0.0500556023143992 -0.0161059316493752 0.0909895578551447
-0.0298099607339496 0.051570772171195 -0.0672708488361456 0.0696395977421278
-0.0635610255210781 0.0361721344362015 -0.0690931058178424 0.0146532203096239
-0.0921923860935709 0.00741252809893541 -0.0261010486266646 -0.0208837626096532
-0.0770574581000449 -0.0535527372678551 0.0375164160370346 -0.00770489859029588
-0.0417011597432221 -0.067603634534584 0.119879704393457 0.0738072147501114
-0.0107894811711398 0.0515751375584572 -0.123774254724556 -0.0802858946158195
0.0348697589775161 0.0411265038458576 -0.0503872206813527 -0.00984528222132218
0.054291791719673 0.0162265979999213 0.0368868866535026 0.00365684255689692
0.0333354221471403 -0.0179322843666077 0.0762218295605805 -0.0215507903923055
0.0121621382464458 -0.0158064508732672 0.0826542253342808 -0.0797070514612535
0.0158689992730409 -0.00725590993799281 0.0330859158595549 -0.117483884539402
0.0230377215007227 -0.0168541236848136 -0.0224594135639914 -0.101915397961059
0.0215888522087418 -0.0219997516112101 -0.0550026248078642 -0.0710548872454707
0.0282748063761538 -0.0159426084809903 -0.069949758631666 -0.0561510292242547
0.0280555840238238 -0.000271682125480935 -0.0757817340569285 -0.0539970612486268
0.0240475034169272 0.00585204215993879 -0.0758089932450605 -0.0467701585883842
0.028576668086795 0.00752509529307684 -0.0770138936907338 -0.0406091508181252
0.0346804946029329 0.0304532765413078 -0.0797878122527258 -0.0327887432369149
0.00710400735459001 0.0480333282617278 -0.112202701574184 0.0149500505783707
-0.0289058577038896 0.0515008313644591 -0.137290099785813 0.0644262483311459
-0.0712544219206502 0.0361642824590025 -0.0985729473399776 -0.08227139372325
-0.022450688016829 0.0351657267743516 -0.0285060978693804 -0.00370867283036303
2.99429300021576E-06 0.031091869767687 0.0650939478258228 0.00646231158582779
-0.0034659370431364 0.00856403761375459 0.0962513274359589 -0.0256991689796537
-0.00434432555336814 0.020280557941445 0.0950670258506848 -0.0858829969899627
0.0131620006157181 0.0276338539436065 0.043501739790668 -0.11871770002819
0.034230529479556 0.0178013222787221 -0.0111176434242662 -0.105377871179835
0.0417333227330746 0.00740094592034484 -0.0444502688084607 -0.0733868634298351
0.051131818723099 0.0158994027959244 -0.0613688481326868 -0.054715559833217
0.0397834621516957 0.0347501788499689 -0.0678800640982107 -0.0474081022696524
0.0260941709057902 0.0479556018959986 -0.0721660563722041 -0.0418790905416991
0.00628613371715916 0.052376233798442 -0.0724768935438754 -0.0394225676489841
-0.00884300552673706 0.0649470811542205 -0.067556689798512 -0.0367912433792196
-0.0452574033949667 0.056321860058422 -0.0904773915905119 0.0170262174972265
-0.0894765464877585 0.0470232951199027 -0.113211808080407 0.0636657352289974
-0.122425004318008 0.0158810662643344 -0.0588297995184912 -0.0755673241640619
-0.0820717350022626 0.0214263504457874 0.000825793499880451 0.0140511772467089
-0.0636195233056034 0.0451240176550406 0.0975476366838085 0.0210979184524335
-0.046471486562805 0.0422387393026796 0.120573097478788 -0.0224687300569186
-0.0207189542568217 0.0610925053242275 0.106838926271647 -0.0853784669680141
0.0101061510994916 0.0634977362377824 0.0526997541071152 -0.109683943173837
0.0417184507757623 0.0516393896853765 0.00331365819213282 -0.0960585606519812
0.0573810119801438 0.0357289820643331 -0.0267689922679188 -0.0651550617485774
0.0676574493353423 0.0429524136180919 -0.0441330582238683 -0.0436918572914795
0.0482466421929459 0.0620441511669532 -0.0532562902129195 -0.0314717647427029
0.0305391611978688 0.0807891886425551 -0.0664550313814042 -0.0272181448590018
-0.0071934977157705 0.0903087378491265 -0.0702634239646356 -0.03297418270442
-0.0411625303406047 0.095681086441825 -0.0592184046531689 -0.0418157603963755
-0.087152373165833 0.0624582370498377 -0.0639150200601977 0.00834901669837237
-0.135062573119393 0.0392065066945657 -0.0719587704693828 0.05850113727087
-0.155607186067804 -0.00460316561818564 -0.00708794800102417 -0.0627020861420421
-0.132193939342397 0.00667137588825865 0.0374144175367696 0.034054393123396
-0.121527727438681 0.0573916672459515 0.126954376814352 0.040041337252954
-0.0854242901160057 0.0763706646225788 0.140710728453207 -0.0120092841988567
-0.0325521151589258 0.0993235672966952 0.113616916668084 -0.0739531066480438
0.00881964138847654 0.0934104848747507 0.0605340702698625 -0.0871765045838754
0.0448501810150739 0.0786248087062958 0.0196409561218539 -0.0747678934952885
0.0643782177635441 0.05862968395687 -0.00519957499682147 -0.0476930789896384
0.0735379590425214 0.0634841307490412 -0.0221049328095696 -0.0250482139821749
0.0478740321925316 0.0800045674304414 -0.0341387712806701 -0.00924218491827077
0.0292494590629758 0.0998004120754773 -0.0588113589400031 -0.00704034411721454
-0.0188738198521302 0.112532073731214 -0.0678512763865187 -0.0238726936456273
-0.067059374361898 0.112572398702427 -0.0516786029649201 -0.0463810527492817
-0.117064939807932 0.0596032522894562 -0.0362286616445678 -0.00712507285467222
-0.161293093983409 0.0232753227417388 -0.0228332782317514 0.0496503252684659
-0.162282053603304 -0.021679993411222 0.0484289359917571 -0.0504664412017042
-0.157361903764544 -0.00744735031055297 0.0766576116405661 0.0452160220109929
-0.158067536046038 0.0600403900997523 0.146018872523808 0.0526861231325675
-0.109823307016921 0.0976211809734528 0.148559418040177 0.00165878539358086
-0.0393235461193967 0.122288736484649 0.11377095359962 -0.0501847374904788
0.00730836799233891 0.108442683659505 0.0678231998031689 -0.0534585031904855
0.0423367390885716 0.0928349337010183 0.0369247211566432 -0.0432200133058216
0.0625769310836958 0.0722087370959398 0.016792453555857 -0.0238725851344237
0.0677701229425074 0.0756047054569 -0.000205047579975151 -0.00170280396732377
0.0366876841923192 0.0891049601294811 -0.0165430672245667 0.0164199460899132
0.0167297080024026 0.106240769317291 -0.050791086681178 0.015190157995763
-0.0354735267696698 0.114928562236038 -0.0642631443636291 -0.0137972727652133
-0.089798430020117 0.108783375317915 -0.0432398699204363 -0.048535951630855
-0.133160946670866 0.0414741221288019 -0.00941267013605466 -0.0222081642151117
-0.163311492076666 -0.00123646173925207 0.0281693632552808 0.0429049992274535
-0.141060804082978 -0.0319637146720285 0.0986529225069328 -0.0415434799622592
-0.152284172331342 -0.0208287510134658 0.111870085420091 0.043921154646343
-0.161232115495548 0.049504580420052 0.148341505023034 0.0545310598189881
-0.11297824968664 0.0949392855999708 0.139738706777715 0.015159090125308
-0.0402954592947581 0.119659291310999 0.105253354548371 -0.0192068481049187
0.00320193230443414 0.104019749904857 0.0727169453604859 -0.0134460833344393
0.0320837060556347 0.0922274893525787 0.0532834769626466 -0.00780895646835212
0.0499933856832502 0.075028144552069 0.0352457304748766 0.00453895416713341
0.0497559417171157 0.0785870475710567 0.0159678884941589 0.0254807562084641
0.0167755327728899 0.086735637320117 -0.00695142786600901 0.0434279802512101
-0.00513994573676266 0.0981821454169398 -0.0494151402083688 0.0370831366679161
-0.0570505990202168 0.0968287814005958 -0.0625219815222317 -0.00449669246383496
-0.107024775197173 0.0816547223751687 -0.0340572259204864 -0.0455418522978921
-0.132468056677464 0.00732486170910866 0.01436536324786 -0.0289524075135183
-0.140622723279815 -0.0315890946392025 0.0718661312636134 0.0436689502168009
-0.0937114187895818 -0.0384929797373305 0.133640264829617 -0.0379513764117125
-0.11742863399147 -0.0325583806771001 0.132371769597848 0.031177637923442
-0.134366078717023 0.0291302199139977 0.134000924505064 0.048571175316332
-0.094463017386156 0.070860707426245 0.117603669242458 0.0272009665995632
-0.0369461190159246 0.092137898158677 0.0915643668866573 0.0126476459225208
-0.00306932314144578 0.0808429592652373 0.0743457344829561 0.0211779994729814
0.0172619253160914 0.075049342785302 0.0649052359646826 0.0227721740197588
0.032073403085573 0.0652654349157361 0.0473807655247251 0.0299547945818374
0.0290244030493897 0.0693204657522201 0.0241671565000351 0.052287162563854
-0.00106115471981173 0.0734878442091821 -0.00641233747286668 0.0697512868103509
-0.0220725448576156 0.0785739912294826 -0.0549538143357586 0.0566778133054239
-0.0679065408313469 0.0680686903735152 -0.0642717343768069 0.00626702478993355
-0.109000610437681 0.0450561936899611 -0.0276838374794678 -0.0357654101989096
-0.113614148593704 -0.0265323871812423 0.0304729723082976 -0.0232946622529712
-0.0990266344116527 -0.0548592414050118 0.104296512209318 0.0527803948623723
-0.031116230828922 -0.038858849202554 0.14539013960795 -0.042515435446315
-0.0653441062820111 -0.0383559095048224 0.133633414417499 0.0102281869208159
-0.0857606163977459 0.00597912239551904 0.108786411996591 0.0399519926784859
-0.0604558702238604 0.0348156382653859 0.0937568290625433 0.0350212274944844
-0.0298804302957188 0.0491124432084688 0.0786154642307425 0.0360470773512802
-0.0127902972811152 0.0459343567960439 0.0746577699159194 0.0447332641663706
-0.00222929927847749 0.0472015061110524 0.0707792989148033 0.0449467050735136
0.00951434788298846 0.0454892075247163 0.0524542197228099 0.0505695109072781
0.00729098379886056 0.0483471585132761 0.0253667891546831 0.0754370203154045
-0.0118286739004881 0.0498442680367591 -0.0138921018568487 0.0898649282610528
-0.0266824413098734 0.0516838598274477 -0.0654246942116735 0.0714315540075836
-0.0614375982486178 0.038140875436198 -0.0694392807353546 0.0167348227112246
-0.0897773240592968 0.011379729711426 -0.0289122843096881 -0.0208198049397344
-0.0782378041657304 -0.0494141030404405 0.0353771975756586 -0.00998693398115653
-0.0433578848298183 -0.0650346422346669 0.120682440754307 0.0674657441070356
0.00699509849100095 0.0531700362058843 -0.141178653764273 -0.0377919095058089
0.0464307356853095 0.0267431453240706 -0.0515233450418779 0.00770804182785963
0.0557109492551813 -0.00442031166738842 0.0351904630220111 -0.00424970753767933
0.0238641342202067 -0.0278638772457323 0.0672549766233701 -0.041841566892188
0.00633193625204628 -0.0178089290134002 0.0535546421381574 -0.0999331918733628
0.0125607082109083 -0.0127615369603324 -0.00625624852107385 -0.118387052746725
0.0154028227238449 -0.0237026074167419 -0.0533504885161871 -0.0858268823464825
0.0113375810956445 -0.0265888056268128 -0.071770821741775 -0.0466794953717799
0.0202194470587508 -0.0237823643187682 -0.0815795228648731 -0.0290738316390304
0.0260180540257195 -0.008641322434747 -0.0876288732297203 -0.0252042600918728
0.0238654169719157 -0.00249169877728058 -0.0861565841065976 -0.0182840306570351
0.0283998449562361 -0.0019818608990155 -0.085596568993587 -0.0150441820828683
0.0420378215033405 0.0166010632248252 -0.0863233162768538 -0.00866038749351265
0.0227007660276108 0.0416559463354645 -0.0984538646108808 0.044936193045355
-0.0100394321901573 0.0561399225620656 -0.10506098578144 0.0973731999541202
-0.0551984058241873 0.059345278918519 -0.116051691072716 -0.0485373031069598
-0.00904798256658513 0.0396361442295338 -0.0275020752280247 0.00450785153053169
0.0106648605012856 0.0269206547000951 0.0621548229901385 -0.0143295558254534
-0.00125435716925849 0.0090192400900018 0.0834641470609758 -0.0539479465478496
0.00277628799078768 0.0193547592355264 0.0619864140202655 -0.110704541231895
0.0211098844779447 0.0201891634278235 0.00178263010712496 -0.12351845893636
0.037335343393947 0.00509682653276392 -0.0448669685442566 -0.0934309087604467
0.0390878489327676 -0.00636111538443117 -0.0632641387796521 -0.0521790558170304
0.0507893428444482 -0.00212927420142557 -0.0736422432400341 -0.0297821030612429
0.0473270266798617 0.0199157552308473 -0.0790402253417003 -0.0217592587246982
0.0389834410105808 0.0355633588053607 -0.0820979536901905 -0.0155107995455791
0.0212520460578137 0.0466008002389592 -0.0811086960089099 -0.0155682303031984
0.0124363747158651 0.0614371450255643 -0.0757269443620792 -0.0157187538816854
-0.0235379102629379 0.0656265120645076 -0.0769363798884009 0.040624573734337
-0.0681331689181071 0.070522801393448 -0.0819202896546175 0.0907965566840087
-0.109712543564561 0.0566413069648753 -0.0755840905822656 -0.0560346542941929
-0.0692685778531952 0.0471584363894727 0.00794777018525139 0.0100092100759856
-0.0428267141527782 0.0610878223390495 0.0977773370857696 -0.0138699055097203
-0.0283234389605547 0.0537706433981428 0.105694697605198 -0.0615372026836868
0.000469201693350772 0.0617090101437756 0.0705747005916169 -0.114847235196384
0.0295347710227553 0.0539380105797566 0.0118122343668965 -0.118277189848153
0.0544481928194763 0.0340485848655759 -0.0298070685156126 -0.0900387155935316
0.0618105394712876 0.0143377897594748 -0.0457444041341231 -0.0497161320988894
0.0743749679850544 0.0174290988109892 -0.0548909513919905 -0.0248079751763833
0.0637424438215258 0.0426038776552373 -0.0613632524122273 -0.0119107327369549
0.0531297876685592 0.0643863555926423 -0.0734185062329805 -0.00348564621737678
0.0208308344510409 0.0856895756023373 -0.0771699419617382 -0.0106120082598294
-0.0082924851563217 0.100095641129241 -0.0690120364339435 -0.0232838917159576
-0.0605661560295574 0.0850707588026846 -0.0547099827546087 0.0257203374754827
-0.113763823238515 0.0766028013344008 -0.0454525744597681 0.0760762104824529
-0.148545022483237 0.0479032302211019 -0.0221725395089837 -0.0610314589197561
-0.120789884702796 0.0508711344844722 0.0500503241721622 0.0160901373527704
-0.0922078691441841 0.0920336577626354 0.131704125462878 -0.00937284373958228
-0.0528976530040565 0.0987250309400523 0.126924873382953 -0.0604540580337958
0.00209288521775542 0.101089243330332 0.0795667016565806 -0.107462701888645
0.0377826084708678 0.0818713048442922 0.025125959022021 -0.100629470321057
0.0665950911194215 0.0584226182310027 -0.00861671880686126 -0.0762556070803027
0.0753208407923896 0.0324909811445208 -0.0218704766500295 -0.0405575078315229
0.0866110944055351 0.0342428169074363 -0.0293913665865408 -0.0149805277244823
0.0691856396747424 0.0595920600929732 -0.037342399348399 0.00229623946475982
0.058040793246006 0.082242642476998 -0.0602431031313161 0.0124238220272688
0.0176446129044864 0.109214310368271 -0.0730574280083866 -0.00310203499717943
-0.0271065845888763 0.123749214048028 -0.0628256151020822 -0.0293846268999319
-0.0889771160117771 0.0918458088895332 -0.0340287755435425 0.00352430750519451
-0.143946471866989 0.0696809133997077 -0.00252439514578074 0.054831796503598
-0.1602059569909 0.0343063907525247 0.033516031688382 -0.0660441998612735
-0.149460818821645 0.0451347120381395 0.09133415742261 0.0136538933777457
-0.124879530017628 0.107272731342886 0.153806158032399 -0.00531419207736432
-0.0674629202869494 0.127099471643854 0.13755931266117 -0.0516577008931378
0.00402776574892408 0.123807483755848 0.0859802031782375 -0.0861261221685891
0.041300164068788 0.0963361354248838 0.0417223911003471 -0.0722909999077132
0.0694912533646838 0.0730185513033324 0.0174140517290498 -0.0541898034959542
0.0781159731211119 0.0455998479063379 0.00575934743140196 -0.0256151946365424
0.0850333019526454 0.0472820232871427 -0.00228188680130197 6.45188493964965E-05
0.0617711796217403 0.0710163026318012 -0.0134651778005343 0.0198049294765906
0.0478147856638417 0.0914578573781236 -0.046184091029701 0.0304359015512331
0.00240872761643991 0.117339878360359 -0.0666942370045667 0.00445552746122713
-0.0489604393061769 0.127105987772978 -0.0562568924726061 -0.0336647696040804
-0.110272232004481 0.0804906564864299 -0.0142232404005981 -0.0176060598971865
-0.153380792124115 0.047295875824025 0.0411107660902041 0.0342403596030328
-0.143610567936832 0.0167247209310378 0.0827677220614699 -0.0730103209363751
-0.149315706785958 0.031604881842384 0.123622252091583 0.00193623975991694
-0.132187266170039 0.099342710739238 0.157321404222169 -0.00437470207639179
-0.0705126571867061 0.126467633738675 0.133503765092017 -0.0370436026387153
0.00199289436959828 0.12218311646653 0.0877789317341333 -0.0553145725427941
0.0356357620185696 0.0943286595820537 0.0594234518047813 -0.0379512954198914
0.0599161997676536 0.0753234897923163 0.0434694144428819 -0.0273131565182702
0.068171325309506 0.0520751843800281 0.0311846989687731 -0.00653493286569459
0.0699309999906956 0.0557943227774089 0.020529761298683 0.0196765527997125
0.0425966940598932 0.0750116821936685 0.00458710434641902 0.0417769213169499
0.0254622834113839 0.090838671244111 -0.0368687270493152 0.0494965514049569
-0.0226287934521649 0.107445900485652 -0.0612627908086048 0.0133038438474115
-0.073265640423638 0.107233999193531 -0.0461364667900944 -0.0331883707847543
-0.120610192886606 0.0488010869730472 0.00513671254832061 -0.030141032058818
-0.142125790179669 0.0127862924444325 0.0804860440005295 0.0221918347624417
-0.101515459676322 -0.00597652712029878 0.114973385047906 -0.0777194712910395
-0.121010489081232 0.0088454562903746 0.138132574321867 -0.0141989838211966
-0.113744835889538 0.0721646019317417 0.142727351708719 -0.00336820592013139
-0.0616246443863471 0.0982991742049225 0.118103102092429 -0.0180948590635775
-0.00327249649704949 0.0961700259338126 0.086106997206989 -0.0205249570761237
0.0236009411838706 0.0753025191179989 0.0735175263349189 -0.00608146369838239
0.0411017593899825 0.0646042584605318 0.0650579089702908 -0.00265191919924895
0.0493385371114959 0.0491981489081983 0.0503183793864531 0.0128532503138834
0.0477160162582386 0.0536403043375964 0.0368866269658204 0.0412246781097507
0.0220508783873387 0.0680287313242948 0.0126607973257069 0.0653071716566767
0.00419707193288746 0.0785536762269347 -0.0347161071040159 0.068964891409243
-0.0418320882108147 0.0844634247461513 -0.0587641202750449 0.0242547414539257
-0.0855280320927308 0.0753949322225601 -0.0373905010229279 -0.0249697334281948
-0.114126198518063 0.0115472562346886 0.020506827109555 -0.0297279855963683
-0.109708179288046 -0.0212546767077858 0.110849975923465 0.0215780243663192
-0.0432443837461862 -0.0275075533727249 0.123459580316051 -0.08405550120721
-0.0744639752724949 -0.0144824827871031 0.131429498409992 -0.0314779416079609
-0.077341783304556 0.0346992347434833 0.11663802121138 -0.000184063007144359
-0.0430711921787803 0.0533824656680801 0.0991516313322637 0.000436508065373468
-0.0112215069400608 0.0545592204214224 0.0840071337863178 0.00660791594819981
0.00384799750372173 0.0461429326568917 0.082911611745744 0.0155192219658731
0.0141145655476521 0.0445314172481502 0.0785982487507346 0.0162688380979151
0.0229841175035177 0.0379869913598229 0.0615366892869926 0.0289576858649262
0.0220335933982503 0.0412654140462102 0.0444852040965647 0.0615607294824197
0.00522930148646049 0.0491016189107204 0.012799749774898 0.0862365466337313
-0.00790640072887333 0.0556472457269817 -0.0393210152688769 0.0855772752759445
-0.0450004084886407 0.0544153837642579 -0.0608437082322719 0.0355882107693242
-0.078610514077019 0.0386880469084191 -0.034037334570452 -0.0104406972257992
-0.0882920039058854 -0.0202814793743828 0.0286481306738766 -0.0183368494061906
-0.0618064523787541 -0.0479631677667577 0.12876101916286 0.0297278182522571
0.00780570724834852 0.0523598250420521 -0.139276258982481 -0.0370060430525011
0.0459814243526685 0.0255510052009002 -0.0496564589775527 0.00910446319858776
0.0543886173164067 -0.00587888768915392 0.0366703721040627 -0.00348793186514758
0.0222725783999683 -0.0274614686543747 0.068568012782931 -0.0410616053379988
0.00562326293539102 -0.0165086112797398 0.0541908719855538 -0.0990800888941254
0.012396704609465 -0.0122794925815283 -0.00533318849902926 -0.117017983484773
0.0147138650546921 -0.0237284210692033 -0.0507840009061086 -0.0846116921167865
0.0106898748553647 -0.026019681370984 -0.0688929784736792 -0.0468352512800007
0.0194622257357641 -0.0236407752974979 -0.0803567811132052 -0.0280308670095165
0.0260521309806648 -0.00905341591667144 -0.0872730788309066 -0.0242800577140456
0.0235341186084932 -0.00207876141929226 -0.0862016633245249 -0.0183574101974782
0.0276508117062001 -0.00149928231058409 -0.0858468381147778 -0.014882189361394
0.0419134220473897 0.0154148988240992 -0.0873223000256352 -0.0102968398069526
0.0226197632010849 0.0412059673039241 -0.0969704799952778 0.0423636952828859
-0.00862205889751493 0.0557376842731149 -0.102985581754641 0.0948012292775259
-0.0533170244228493 0.0583877129460846 -0.113980343227672 -0.0480690219469929
-0.00882075715358112 0.038938329388969 -0.0254148963389754 0.00560881210596754
0.010652704172741 0.0257451243317092 0.0628551753924492 -0.0134248108086544
-0.00189645959944255 0.00853160944079341 0.084460628341116 -0.0532578720071151
0.00143604868428693 0.0201964650837376 0.0619466203569031 -0.109065466878516
0.0207671060925532 0.0204513257915627 0.00228413814364637 -0.122153243118378
0.0356526987172992 0.00450710638507357 -0.0432112040067364 -0.0916712892427411
0.0376020225109478 -0.00628237279133355 -0.0608182380926526 -0.0511278541450199
0.0492451238355415 -0.00256269202100706 -0.0727176533155483 -0.0285255740932761
0.0469255788906329 0.0197696340426711 -0.078838175948352 -0.0203034448794679
0.0386684168687876 0.0354011346229793 -0.0823903675397476 -0.014204608326058
0.0204344715104093 0.046242898981599 -0.0826109335607607 -0.0154028866858499
0.0126934326107169 0.0601346092025227 -0.0777050338589777 -0.0168943709037575
-0.0232127106137146 0.0648044848134999 -0.0762429756695823 0.0382641796237908
-0.0663158914744276 0.0699806326246262 -0.0797978788385862 0.0886257666612276
-0.107370792408966 0.0562665077751686 -0.0739075443931301 -0.0550046359446634
-0.0678649915045578 0.0460749957892322 0.00878385390302043 0.0113889145274476
-0.0418298982514912 0.0591601618303024 0.0981252707261111 -0.0135211169362709
-0.0288908531640851 0.0528563396520783 0.106610544777188 -0.0604909564149772
-3.99414980112572E-05 0.0619559733768224 0.0705925645358403 -0.113481184610259
0.0290417814330575 0.0533985450959302 0.0120872545129941 -0.117214955610369
0.0534258408447662 0.0336142981795542 -0.0287990268605301 -0.0886242383999961
0.060141828351944 0.0139181983681378 -0.044022187164141 -0.0483451814939521
0.0723990746975605 0.0167631578005531 -0.0539842628079474 -0.0231852540384639
0.0625217830928842 0.0422995979362899 -0.0613378960639585 -0.0101185941987339
0.0520679907986529 0.0632257080605708 -0.0740635739071879 -0.00176503001669989
0.0200310561140361 0.0845631068526568 -0.0795170916354649 -0.0105734199869334
-0.00769626623305473 0.0977983511506217 -0.0718664571228026 -0.0234013065621342
-0.0602668936574453 0.0835343768785596 -0.0542586162539367 0.0231684263996474
-0.111669920343529 0.0760774202240687 -0.043993142037433 0.0737836606493844
-0.145475841356887 0.0474399331280716 -0.0220554488627893 -0.059525729917156
-0.119026388192942 0.0493442950122455 0.0508557632749744 0.0173686516351014
-0.0900645009722981 0.0899563496937035 0.131715049312109 -0.00822923763982212
-0.052377701832362 0.0976030344817474 0.127191216299201 -0.0596920246946346
0.00166954407167439 0.0992956832750815 0.0787617137310874 -0.106207605575485
0.0374873511996316 0.0807829310100477 0.0252225625686076 -0.0998205373452508
0.0651122896510735 0.0571926617618175 -0.00781786568788431 -0.074423679892259
0.0737117984290011 0.0315546467519958 -0.0203657512318959 -0.0394881061563499
0.0842538214700641 0.0330278280606022 -0.0291321420393807 -0.0133726692077086
0.0684185158617869 0.0589824743625293 -0.0379748022282176 0.00370856412252766
0.0572169573648871 0.080942935682112 -0.0615939070232553 0.0142761251557466
0.0165248329016394 0.108264565550145 -0.0750458901974587 -0.00200547669290289
-0.0258484264707069 0.121360399499241 -0.0663318240724285 -0.0294367060321498
-0.0888712690612049 0.0900918859767031 -0.0341098623171396 0.00176570415915266
-0.141427999072027 0.0692728286252427 -0.00209505741581593 0.0533010906702863
-0.157873795950856 0.0347742849884827 0.0335834021399041 -0.0646127621111414
-0.147683407128849 0.0445537180399221 0.0912042988964055 0.0149304739029647
-0.122237383304534 0.105248886352316 0.153588068470978 -0.00475944642199926
-0.0671240109045213 0.125074244812693 0.13753017728634 -0.0507293516610653
0.0036916583746343 0.122329258386222 0.0848424997463444 -0.0859200990568195
0.0408669901959236 0.0956003165623865 0.0418499602042914 -0.0720091789736237
0.0685643686751688 0.0712435698489775 0.0168028874846936 -0.0525982821620325
0.0763649863014742 0.0443701719670617 0.00553472142536013 -0.0245691916028175
0.0826351798219863 0.0453698954175116 -0.00298829352926676 0.001065464413809
0.0605012696269613 0.0702930408040992 -0.0144295158131032 0.0216863682302647
0.0472570988788969 0.0901779811028852 -0.0474447144142638 0.0324697193215216
0.00212637620009468 0.115770515953342 -0.0694506329518544 0.00606241967919456
-0.0475463046881429 0.124842006742436 -0.0591837323724099 -0.033261660853538
-0.109402238963074 0.0790783707963733 -0.0152622852110225 -0.018915521722938
-0.151348425067757 0.047685348394849 0.0411381542229 0.0325971012639164
-0.142057147626809 0.0169205309202534 0.0821702435217026 -0.0708641926648403
-0.14797609234022 0.0314578062880954 0.123347203376989 0.00360806808881272
-0.129931536975467 0.0982031534718366 0.156925314745071 -0.00318695418887155
-0.0700469571697406 0.124804846021415 0.133973483177678 -0.0362612960327176
0.00198631590222171 0.12059638187451 0.0868289637852549 -0.0545800662213296
0.0357127482537011 0.0929953004850563 0.0593373325956831 -0.0379532849473893
0.0592057596171792 0.074157352252955 0.0432969988991229 -0.0264679070642254
0.0666952069506467 0.0502566438305466 0.0304741282927772 -0.00594719094131313
0.0680297141535021 0.0536885019846119 0.0194881911802764 0.0202447878982336
0.0421802037933031 0.0742723034794763 0.00294005647636231 0.0429360080772841
0.0252522367089527 0.0896822574427931 -0.038383805007215 0.0507146504519492
-0.0230117821881102 0.106070754842824 -0.063785685843996 0.0144486054817892
-0.0714010043483478 0.105608337566504 -0.0495783925337982 -0.0332723714952471
-0.119677424309617 0.0479420507932117 0.0038124145338119 -0.0310700021660883
-0.141024809204845 0.0126519749944415 0.0794477699634595 0.0212351756332003
-0.100472972249812 -0.00503505802128572 0.113573276944101 -0.0756712894350381
-0.120315248959197 0.00894918568292422 0.137048293064416 -0.0127684365420912
-0.112098714940013 0.0718200877919362 0.143102898260666 -0.00257425750328445
-0.0615177616057917 0.0980015662696206 0.118608423776793 -0.0165211563634879
-0.00282800818167726 0.0950359695536514 0.0857028382357864 -0.0203675991384492
0.023365047338177 0.0744272611927446 0.0731997407625253 -0.00679830265856273
0.0403886228561163 0.0633577197252472 0.0638844323960748 -0.00248223506827618
0.0482337214017967 0.0477181082309914 0.0485102016767621 0.0130073583835735
0.0465996260994217 0.0516981013363511 0.0350609508363816 0.0414170934747383
0.0220155960312994 0.0668248786344044 0.0115538660958875 0.0650881649031216
0.0037190624388102 0.0769562957224179 -0.035949524474952 0.069652948709353
-0.0417945949888368 0.0841892876330414 -0.0614333887532939 0.0250697469932013
-0.0837770563105914 0.0735619678585067 -0.0404133062807726 -0.0251258362847281
-0.113352326286046 0.0118626721975888 0.0188681706563228 -0.0298435991783192
-0.109324176981657 -0.0210565692356724 0.109843615318156 0.0202234992275707
-0.0435276429805542 -0.0270646390368962 0.121731099497365 -0.081343869097393
-0.073971295619949 -0.0137591244810357 0.131322004034137 -0.0288987116275794
-0.075226762566411 0.0346618970010519 0.117657800888488 0.000672836758609594
-0.0429626065004846 0.0535610176101423 0.100051516412719 0.00103002542801899
-0.00986286208229134 0.0541198487780693 0.0834914861272024 0.00562787542564453
0.00419825695355027 0.0456297874486513 0.0819869209371621 0.0147489858187661
0.0135829807569959 0.0443128671537786 0.0765835378498554 0.0156073222080985
0.0227221917250826 0.0369582468207965 0.0595084205679915 0.0292102165659987
0.0211465812145775 0.0397999775647451 0.0427500314201962 0.0609229847027117
0.00477930220952161 0.048237998840313 0.0116915545773895 0.0855970684559607
-0.00781003745822714 0.0546272899898647 -0.0398987645988139 0.0855782715820472
-0.0442495585640565 0.0543997748967838 -0.0628246080105101 0.0364530940921114
-0.0772221432371983 0.0381286583303508 -0.0366235421746892 -0.0109220557208214
-0.0876407495732043 -0.019652272740731 0.0265390747109776 -0.0186281661949034
-0.0618268379549475 -0.0475589362453987 0.127220550799477 0.0290436297856108
0.00856022610446821 0.052826096551695 -0.139236832720164 -0.038102927148991
0.0461272353595236 0.0247230759838633 -0.0488976745983693 0.0102345006983718
0.0545299314225233 -0.00630771697994575 0.0387449901369863 -0.00255108291260465
0.0220020856886031 -0.0274573195447684 0.0716780687163922 -0.0416930105691292
0.00495058425676058 -0.0156782411644703 0.0567468111902217 -0.100386515389711
0.013110639556493 -0.0123928321945995 -0.00433666582077044 -0.118334074590835
0.0144602678372283 -0.0234797362156352 -0.0493328645380864 -0.0857504081661218
0.00971041424104234 -0.025424494052931 -0.0672315298411972 -0.04782858129648
0.0184746864246125 -0.0234528891884422 -0.0804849943941282 -0.0277438674741532
0.0262342170536757 -0.00902734730154445 -0.0883029903245454 -0.0234022748261695
0.0235721040237753 -0.00190016887840078 -0.0879047489247471 -0.0177555191753522
0.0269925065729887 -0.00186750553944938 -0.0886916787240956 -0.0149476622846009
0.0425081341224421 0.0151352629385005 -0.0901873608188925 -0.0117469077242055
0.0229042490243841 0.0415262235901033 -0.0978851611176965 0.0400256365834289
-0.00762224431899255 0.0563695295702735 -0.103671505126667 0.0937266470781537
-0.0527073520335557 0.0584631271461444 -0.114258698529546 -0.0488827350063304
-0.00893818537941824 0.0381570716577399 -0.0249110776105191 0.00650999588258932
0.0101213605073814 0.0242602635718042 0.0652128136975746 -0.0123034284459145
-0.00278108447894568 0.00878912128450393 0.0870089044081326 -0.053696208233925
0.00126622443500606 0.0211445480861729 0.0638593870511542 -0.110202257271927
0.0204859062759696 0.0208850328767303 0.00368523299679573 -0.123424723432272
0.0358659723731265 0.00480764714116155 -0.0416993680999899 -0.0924143050155243
0.036489879958099 -0.0057743920336934 -0.0596055845743484 -0.0521083333587114
0.0487099065162403 -0.00240581243432683 -0.0721143269360875 -0.0278490806203481
0.0473488685019052 0.0202015184748987 -0.0804414953739816 -0.0194227724420535
0.0381596518664754 0.0360632824584943 -0.0846646394087136 -0.0133978904888059
0.0194831740579926 0.0467148655913604 -0.0855915842920233 -0.0154513946823595
0.0126560127402819 0.0593328382282668 -0.0811246557619463 -0.0185149570399971
-0.0234810311648466 0.0651998460313864 -0.0768320962375182 0.0357475121491962
-0.0664629525313415 0.0706895208534643 -0.080719222573765 0.0879908061595859
-0.107383459482976 0.0563554011001086 -0.0735161996233481 -0.0556528882353618
-0.0688352415514985 0.0456004430852993 0.0106040860966026 0.0123521953895998
-0.0425862791813846 0.057983415823486 0.100601181747155 -0.0123085694427355
-0.0308022040071281 0.0534167409808285 0.109822117347935 -0.0601480880194442
-0.00100527616564712 0.062645744065736 0.0720800708595112 -0.114726385072052
0.0288979524381377 0.0544112770954336 0.0133383065117806 -0.118160849530976
0.0528672652014375 0.0335360887246784 -0.0271245523728781 -0.0879823148974583
0.059220008267897 0.0141939563347196 -0.042832670493295 -0.0489400853431256
0.0718272171137475 0.0164042850034601 -0.0542519117548017 -0.0224783205021843
0.0631055463134738 0.0431376799079031 -0.0627920071693098 -0.00835972870814503
0.0519865506857028 0.0643427872319971 -0.0763942868191892 -0.000160387237018496
0.0193513427414754 0.0859459810882919 -0.0831880625318484 -0.00940926835370304
-0.0082566198468096 0.097711949286254 -0.075326961312309 -0.0244831464967235
-0.0607666471646258 0.0842793456944356 -0.0554883253364163 0.0213221319163113
-0.112321958081256 0.0764933260397677 -0.0448510806183964 0.0729769733938623
-0.145759344971776 0.0481254995604411 -0.0212550724881992 -0.0596794799179151
-0.119816362176639 0.0486543969792534 0.0521304389802651 0.0184603079161386
-0.0906909368195863 0.0891333057122704 0.134676363210679 -0.00686098883012503
-0.0540306798630084 0.0979160674543483 0.130494008065296 -0.0590625341904174
0.00113461779132029 0.100660200178959 0.0798686135073578 -0.107456232733402
0.0368505160414453 0.0820446764770056 0.0263032703838919 -0.101014243588382
0.0648215041578518 0.0574427239011271 -0.0076951499828631 -0.0739322560539078
0.072315919292055 0.0317805323276088 -0.0193297208456103 -0.0390604078255825
0.0837430145990054 0.0331061208889969 -0.0295075183849745 -0.0124712847290059
0.0681565981278063 0.0603212060775328 -0.0390088465954356 0.00570759563530479
0.0567776970582062 0.0813065083791763 -0.0630799807573059 0.0169000399140322
0.0162238182948101 0.109481524848945 -0.0785967269485349 -0.00129904266245798
-0.0262482455895446 0.121488430776453 -0.0707263955202383 -0.0300159965350391
-0.0902213114810493 0.0909382299837943 -0.0353469401001822 -9.06330485180327E-05
-0.142265690536331 0.0698001186535914 -0.00217246167474601 0.052472291231177
-0.158789336453453 0.0346694975385604 0.0341837922977798 -0.0644811573382969
-0.149772517011011 0.0443520126481271 0.0934282518082808 0.016868670117772
-0.122947021123313 0.104826823866982 0.157128262813467 -0.00298149703607132
-0.0690561148280691 0.126132483615816 0.141356657619745 -0.0503972403553979
0.00309859850052058 0.122850599672584 0.0859805431324214 -0.0862466220823983
0.0407315426084534 0.0965046276148153 0.0438565774709757 -0.0730032299468517
0.0681063163100708 0.071580785168685 0.0172578463707699 -0.0519548521965693
0.0758887148478757 0.0439205115812002 0.00585400712148818 -0.0235465255057738
0.0816262347566968 0.0456848981137357 -0.00310161407262986 0.00245807507888662
0.0600850527363183 0.0710667180635998 -0.0155440327168426 0.0233222672977171
0.0468848178720737 0.0901610105093689 -0.0492866163911677 0.0346732415686957
0.00147495581135611 0.116773992553226 -0.0727911435667603 0.00816746564219167
-0.0481812618295545 0.125218344452237 -0.0633357464324042 -0.0338331251116763
-0.11085773661707 0.0799773449206016 -0.0162602255896034 -0.0204583862218305
-0.153011365023838 0.047466825681516 0.0411758185538372 0.0321871136560056
-0.142597140936322 0.0169083264262139 0.0821787802689228 -0.0698359031536701
-0.150307211176409 0.0305489351464528 0.125238067364784 0.00561833231340056
-0.130670643124228 0.098451511354273 0.160455845711633 -0.00268766117318989
-0.0716441487378349 0.126281159592751 0.136976607042283 -0.0354333470855871
0.00159860175081157 0.120897420523347 0.087939972036976 -0.055198062107568
0.0357956029907917 0.0937163771436887 0.0606694230176105 -0.0387486282154263
0.059206775352894 0.0740409085435813 0.0430279057540197 -0.0256893152192191
0.0663935147677841 0.0505166542187065 0.0301327106606362 -0.00494747681375602
0.0675202900554722 0.0532711806212481 0.0187612605992753 0.0213240155184696
0.0424350260253773 0.0755291458620989 0.00182585788784158 0.0439326267090208
0.0244446168697773 0.0901965434318584 -0.0403197661789246 0.053124104327907
-0.0236685949828425 0.107409885415659 -0.0678466638421804 0.0163020176988872
-0.0720368045781298 0.106150565019642 -0.0535136371431824 -0.0334049692035409
-0.12137975613261 0.0480324469435327 0.00311755180248245 -0.0318702240944961
-0.142219826933989 0.0126367703767808 0.0800400317700037 0.0211886528423138
-0.102045966364429 -0.00528535769361062 0.114580418293565 -0.0746684244624481
-0.122681028892586 0.00912939749364135 0.139344277583668 -0.0107229514730309
-0.113309817882554 0.0721418491667268 0.145501352213645 -0.000496012219801944
-0.0623883870212135 0.0989272321533206 0.121119477196308 -0.0161561298207906
-0.0026790384557955 0.0952389521898704 0.0869594089610131 -0.0210097920658451
0.0233103645628086 0.0750696476871099 0.0744268591375687 -0.00678065370148978
0.0404918134182646 0.0637177636592634 0.063805414160884 -0.00218453434921939
0.0479610971294124 0.0474384459751838 0.0487257894174704 0.013631989393622
0.0464619808905898 0.051302076170014 0.0338579613703711 0.0425522440517063
0.0215557595547646 0.0680085665028336 0.0100118379450208 0.067003462488985
0.00368016017135521 0.0773801651842339 -0.0380952308637549 0.0723167531469506
-0.0419678073963536 0.0846159330519278 -0.0649488747261982 0.0260872759108752
-0.0846912589400595 0.0740232274754309 -0.0438906367642358 -0.0254510682204856
-0.11473022497168 0.0121775953004591 0.0181295815354228 -0.0309047514688642
-0.110900842971111 -0.0216964904172181 0.110519269227936 0.0203129655587597
-0.0439904204910296 -0.0268662824882784 0.122662005928626 -0.0800204242631537
-0.0757845508502838 -0.0135164641411501 0.133176300517219 -0.027408897491399
-0.075532372736043 0.0356088680942419 0.119896546465032 0.00222040272504794
-0.0435099332116157 0.054447271757208 0.102581344464407 0.00102105701030522
-0.00998266561286032 0.05433922138713 0.0854024823199991 0.00588955375219589
0.00446965844463177 0.0455006459277642 0.0834770299749666 0.0142942333818638
0.0137534780682064 0.0440970079085625 0.0761986839872451 0.0155069711093503
0.0229134910776148 0.0362705134560285 0.0589540738109121 0.0296939626108275
0.0214206942750961 0.0400700369911499 0.0416242526014485 0.0622634457364432
0.00515220577209869 0.0485623209233922 0.0106860417951912 0.0862895525401509
-0.00746378132128605 0.0552141551784983 -0.0418549536679227 0.087469671278981
-0.0447180866946067 0.0557840810463345 -0.0655575792486972 0.0373021119587197
-0.0772196880801684 0.0387904079267303 -0.0400173578552715 -0.0112036280130496
-0.0885487860772725 -0.0192491886721378 0.0257441282042131 -0.0185644995941043
-0.0631916659253828 -0.0481819232087931 0.128037124713497 0.0298897212020549
0.0104149837884818 0.053089136076816 -0.141843870858715 -0.0373876412051368
0.0469155656263294 0.0248614321151329 -0.0479948799161113 0.0117565567199688
0.0545926446243618 -0.00786527101576442 0.041807033071504 -0.00241058109976916
0.0212400536674102 -0.0282095693450234 0.0746649396564366 -0.0431075260917592
0.00450225697516925 -0.0145414770340897 0.0579607609358085 -0.103626212357198
0.0125731172315475 -0.0122837508319377 -0.00566710574947147 -0.120999980002159
0.014203111505423 -0.025137556249402 -0.0503625652941493 -0.0877018774289821
0.00894948183761908 -0.0257990293933561 -0.0676329429405184 -0.0484031707356143
0.0184480701215812 -0.0237216744355804 -0.081890327202965 -0.0267135136334002
0.0261212115766717 -0.0102765250250855 -0.0909021464106194 -0.0215935406676389
0.0244823005991332 -0.00195913461400699 -0.0907007316937494 -0.0166162050746411
0.0269540331363838 -0.0015790467980836 -0.0924666862621259 -0.0140139357964281
0.0437812011682643 0.0132949531356951 -0.0946246042606822 -0.0117961890468134
0.0244854257992871 0.0419567982550623 -0.0992932008232851 0.0395928391667037
-0.00604361395562297 0.0574971420436975 -0.104736795775095 0.0963809144716396
-0.0518011790372893 0.0605843157292983 -0.116453307913248 -0.0485807063660575
-0.00887635170168247 0.038066762190451 -0.0234310162337993 0.00744355637826863
0.0102919813826432 0.0234194135504275 0.0681453398986911 -0.0120796598206126
-0.00440640293326432 0.00895954409848265 0.0905169175775443 -0.0553330009720565
0.000375800789611292 0.0229347802056585 0.0647571363544132 -0.113423380756805
0.0207051984909544 0.0217379425816555 0.00281963814468382 -0.126026278676419
0.0356708601112563 0.00422711539802457 -0.0424647056409614 -0.0937413768967063
0.0364545752360693 -0.00624992191520793 -0.0598319430371289 -0.0527868728757575
0.0487521763830753 -0.00371394354798068 -0.0743732597585284 -0.0265467247710102
0.0482916346438277 0.0195275723764577 -0.0823804140954439 -0.0171912442687703
0.0397105655682122 0.0360064105713449 -0.0879688666090262 -0.011319331486331
0.0199646555137023 0.0480524329405636 -0.0899946061223795 -0.0144440379987034
0.0138656544565688 0.0592761295484575 -0.0855862554635294 -0.0184215894954155
-0.0236500329271773 0.066900679408137 -0.0780518178210732 0.0349968931688223
-0.0652457715592243 0.0728945616161793 -0.0814563106863145 0.0900413023511971
-0.107894742888413 0.05913319074925 -0.075716597722517 -0.0557167388587672
-0.0695498321049349 0.0464688920176796 0.0124761863456819 0.0134673416920393
-0.0421718960189832 0.058018493163148 0.104290622019182 -0.0131172276255482
-0.0319319692608909 0.0544324923568646 0.113018545506402 -0.0622610882953795
-0.00110964911138357 0.0644567751607056 0.0728887122271665 -0.117704283422448
0.0293006702696825 0.0560637553996286 0.0129308202085366 -0.12088933846488
0.0539311992915712 0.0333184653186779 -0.0284461405125214 -0.0897133196773553
0.058896072203518 0.0132343236592906 -0.0424850614702908 -0.0495197451699393
0.0724248775772906 0.0159193258556819 -0.0551837442441557 -0.0211337395724668
0.0651448364001039 0.0432783471509784 -0.0650609144937012 -0.00643218196900638
0.0539656385430119 0.064243844896714 -0.0797153509734816 0.00292880521388607
0.0201685732606697 0.0874322437020519 -0.0876865423292622 -0.007577614236638
-0.00700928949882082 0.0989456538982309 -0.0802801359141355 -0.0244137226700816
-0.0620235773111661 0.0866151343813069 -0.0564565246559486 0.0196623488181581
-0.1128301269675 0.0800246913602243 -0.0444198230545867 0.0737908228212412
-0.14743336923709 0.0507635115342461 -0.0223560256938899 -0.0599072101984184
-0.122285956127015 0.0502364028615899 0.0543828578730793 0.0190187924824915
-0.0909215575768092 0.0908076364637927 0.139093103593097 -0.00825850650093372
-0.0553361407231307 0.100348719680575 0.134620393195575 -0.0614101016073333
0.0013319151026318 0.10274806067145 0.0808039750952195 -0.110353458269523
0.0379851660754461 0.0834217285433394 0.0262146328240822 -0.103648315916275
0.0661573138476503 0.0572734679795563 -0.00798545659719864 -0.0753483033901498
0.0732676242170056 0.0309531662427043 -0.0196086371029649 -0.0391731230802083
0.0842404390734195 0.0320191585012957 -0.0299858461190525 -0.0106092028015782
0.0705297436707259 0.0607375890716189 -0.0407190481854139 0.00825398046359544
0.0588409529087075 0.0821940644601774 -0.0653462622897781 0.0203847026670689
0.016267497038807 0.112270522643428 -0.0830980196102352 0.00181864576024169
-0.0254892285264844 0.123489686131886 -0.0754409787507726 -0.0294707656312457
-0.0916434014535864 0.0941829696981523 -0.0363944488260654 -0.00168836006556937
-0.143874852156469 0.0735444728649013 -0.00118178982195485 0.0519055262959118
-0.161277350902085 0.0378719588164728 0.034426611755201 -0.0649979723262209
-0.152023068827554 0.0463074649148129 0.0965224046553566 0.0173170347381344
-0.124061261186973 0.107817035435005 0.162241741207022 -0.00436367185191748
-0.0705844965351301 0.129920026887897 0.14593479124778 -0.0525652374419446
0.00376404635278827 0.125277427975527 0.0869820129065742 -0.0891984701992197
0.042461580550731 0.0977958349418199 0.0436420279926834 -0.0751933853252395
0.0693828370999543 0.0713302749247432 0.0168624918051226 -0.0527312137713164
0.0764187702492037 0.0432109429481615 0.00601644254419238 -0.0241010266538987
0.083079677466287 0.0444357288343048 -0.0032884542981281 0.00354177379346894
0.0629769767248377 0.0716576065142347 -0.0164328075428534 0.0253870268324534
0.0485141208443411 0.0912858802168052 -0.0515592102319457 0.0390570479350444
0.0021059175809347 0.119910271337859 -0.0773877185084958 0.0105927102364396
-0.0473348667884807 0.127828345178203 -0.0688522469319562 -0.0323802195729489
-0.113261320525358 0.0823206555473653 -0.0176531497586628 -0.0219255099965829
-0.155511626764292 0.0506192565445706 0.0425079719084521 0.0312991629248689
-0.145933219978766 0.0201235541260055 0.0838203445327113 -0.0714555321018886
-0.153660234009486 0.0327604595075892 0.129374068510268 0.00561455446954131
-0.132697479639511 0.101485995535366 0.165797539185415 -0.00314120298568984
-0.0738304425411204 0.130497528667484 0.141709350006337 -0.0379868490937988
0.00349204217041059 0.123510680809404 0.0896308107699066 -0.0578361462587529
0.0372268012491761 0.0955998786181197 0.0617866331012565 -0.0402479814929036
0.0612518051982329 0.0742772724986385 0.0427516075826144 -0.0263597687162412
0.0671941214956708 0.0491849100150129 0.0306394869133998 -0.00459278218268918
0.0684429572626705 0.0523435494618113 0.0186222392138674 0.0229096513386638
0.0435226780120361 0.0763711442879505 0.00158070863795676 0.0467304705087742
0.0260580829595203 0.0906725774964 -0.0419876800582321 0.0572446830098509
-0.023857877775158 0.11076689907643 -0.0718861034141475 0.0189000762773873
-0.0716760788035773 0.108496790695061 -0.0583889885480123 -0.0332795505984458
-0.124572731105866 0.0509638464422449 0.00103629247444687 -0.0337443674653341
-0.145334844633902 0.0152652837505913 0.0816881238729868 0.0194474110403279
-0.104436834072836 -0.00294635603345699 0.116623728639038 -0.0767881308989091
-0.12576783756759 0.0107927642983331 0.143429651579233 -0.0109882974265126
-0.114505836421765 0.0752492222976253 0.150535584289504 -0.0021663716710437
-0.063799235102876 0.101924540022883 0.125592524976971 -0.0173094914808871
-0.00206486085353905 0.0974768387618903 0.0893335389245374 -0.0224941350052069
0.0252750162667157 0.0758252139841591 0.0766007887794582 -0.00899288780671536
0.0427929176907552 0.0644725561458672 0.0642508092902461 -0.00286207531623734
0.0491286521158931 0.0466816683845569 0.0489400899391463 0.0140736146859132
0.0471725405003205 0.0507540550923507 0.0341002508732987 0.043797088621915
0.0228679004635761 0.0687308535037891 0.0100479477302256 0.0698018670519574
0.0047385295325328 0.0786583840271551 -0.0392261573865133 0.0758569286032555
-0.0425474373162479 0.0878329449587793 -0.0680039162855032 0.0289216802312185
-0.0851950994779356 0.0763782667242561 -0.0485899322426584 -0.0250848931902678
-0.117457363909797 0.0137936683796676 0.017213908969767 -0.0317742011066543
-0.114218280589064 -0.0204186500737156 0.113209470431975 0.0191242621731088
-0.0457133902748785 -0.0264935852767866 0.124676729789707 -0.0820259228200548
-0.0776648865200218 -0.0130523280258421 0.136437003380157 -0.0284442069976219
-0.0767515673335399 0.0370911768502201 0.124645911666599 0.00123964862501113
-0.0449074755952247 0.0559843652640016 0.106757379908786 0.000890223920178414
-0.00899782874560482 0.0555559869281484 0.0880416272055167 0.00434898169228024
0.00475321315525391 0.0463369521518749 0.0858193933441057 0.0129293243132725
0.0146577794076214 0.0443185630234526 0.0774687326240099 0.014813347500865
0.0233256189138539 0.0361439217465368 0.0590959849302465 0.030478998122203
0.021999847626829 0.0391031350749172 0.0418290335986665 0.0635899371593699
0.00592188031447197 0.0494082460114698 0.0105560525072404 0.0890096981191689
-0.00676691040804813 0.0560347519713986 -0.0432626012390396 0.0910245795364063
-0.0451284822536471 0.0580214747200679 -0.0692295279111283 0.039934741958533
-0.0781159160721828 0.0405840618102666 -0.0440605543800608 -0.0107469182975444
-0.0912916168527931 -0.0178722510106949 0.0247895116465781 -0.0200360222368306
-0.0659770776422411 -0.0481128477606006 0.131299457438123 0.0282568987510152
0.0136183969789876 0.0529806552056374 -0.144632550210133 -0.0339991376468351
0.0484148628696562 0.0236835970436729 -0.0468412358061726 0.0140005294577821
0.0540755500389285 -0.0106131253815111 0.0444603110312188 -0.00254566322183043
0.0198530430572385 -0.0286327873792918 0.0772555961139386 -0.0461902238607338
0.00468265675656916 -0.0135937273243592 0.056967034426829 -0.107495018531399
0.0120465548708832 -0.0122474194370835 -0.0081081437718347 -0.123167485895606
0.0126829363184455 -0.0259482316930187 -0.051654622662635 -0.0877116753279466
0.0071313838211654 -0.025831690120388 -0.0686261277333576 -0.0487504360309034
0.0166442899465045 -0.0245776747501687 -0.0833533103783562 -0.0240302107144974
0.0261669601517039 -0.0112007567695117 -0.0930179322827932 -0.0182810689806131
0.0243041037982252 -0.00318517839574632 -0.0941106674795392 -0.0135672458680664
0.0274258227996755 -0.00315753708125129 -0.09588523261261 -0.011180391595306
0.044728891413004 0.0107989182636872 -0.0987383356998964 -0.00951564396733139
0.0266918034471808 0.0417455057615699 -0.100415529785535 0.0407744593090603
-0.00321967878136271 0.0582399237418415 -0.103613147304166 0.100010974069975
-0.0495998455326405 0.0625838979060113 -0.119187627128252 -0.0462603990903224
-0.00794921296985666 0.0385331759198788 -0.0217821137779902 0.00897922880172761
0.0106006919061614 0.0221798077441547 0.0707022349900146 -0.0140931940324209
-0.00557416965445131 0.00935326409482517 0.0926439085504761 -0.0579450855911293
0.000695896016013376 0.0241202305173932 0.0636895647801901 -0.117631594567098
0.021666006724847 0.0218055027578806 -0.000522266619316801 -0.128382597451853
0.0353853113656343 0.00282704762625897 -0.0445156257038287 -0.0939086626954796
0.0355835400847219 -0.00729884261002895 -0.0600335011348563 -0.0527004254344828
0.0485320540957776 -0.00464834698205937 -0.0755442899475492 -0.0238765165520464
0.0495609836779397 0.018628752123398 -0.0846348225102508 -0.0136117835942055
0.0415110761370311 0.0353747991799916 -0.0908337446302173 -0.00757773524527161
0.0213733252931509 0.0486021653125539 -0.0935571822141716 -0.0108203047295843
0.0156335369664555 0.0588778117597663 -0.090283267683328 -0.0165005739874133
-0.021434613459521 0.0684226025827001 -0.0789131235067304 0.035222315473197
-0.0631186950869921 0.0759231769420117 -0.0794686559904772 0.0922891022556134
-0.106391965651335 0.0627510068921183 -0.0774348206436461 -0.0545226366620335
-0.0694640642105321 0.0486799236931373 0.0143885795553791 0.0135414884338996
-0.0411088659130362 0.0587586166233603 0.107430718688029 -0.0154711028132886
-0.0324671054868985 0.0563225496175268 0.115338062651617 -0.0659522489134998
3.06220928892771E-05 0.0655496950806657 0.0708884435346825 -0.121550507706327
0.0309557764514877 0.0560431000632099 0.00991256354502485 -0.122723545473715
0.0550484206051309 0.0318820383928725 -0.0302969927113861 -0.0900136331750633
0.0589970550651896 0.0121927873041511 -0.0432852531758475 -0.0491750261871708
0.0727247244383748 0.0140014493375291 -0.0557715409734472 -0.0186534415618054
0.0670025885408262 0.0424785900729374 -0.0659774025152234 -0.00239643290535408
0.0560417556544672 0.0637058214133363 -0.0820255764191159 0.00763137942516453
0.0224899136545694 0.0885364235726697 -0.0916830064809744 -0.00401076510514511
-0.00469128036131946 0.0994571295457092 -0.0851462670490375 -0.0218393488140817
-0.0605752258480509 0.0901562422341124 -0.0574614016964574 0.0196171148310269
-0.111225097352646 0.0848496065280272 -0.042942634739726 0.0749998185027307
-0.146986187870856 0.0562061963507333 -0.0236719826234275 -0.0601581587888755
-0.123333661721187 0.054067418543292 0.0578764348467428 0.0190810721884917
-0.0897735952472311 0.0932300123057536 0.142937608485425 -0.0116908664711519
-0.0549293374872519 0.103364503222379 0.136762303603692 -0.0658319209145218
0.00325770664555986 0.103622150463911 0.0789735964750089 -0.113827962633853
0.0408626549523297 0.083771609998653 0.0247706457285131 -0.106155021555284
0.0688494529051435 0.055827188834973 -0.00970157880698768 -0.0753965552960505
0.0731764495051879 0.0293493303199012 -0.0195327285777712 -0.0396310143438166
0.0853423581028251 0.0296710839520553 -0.0301715436139935 -0.0091648110255838
0.0730709439951519 0.0602398418742803 -0.0413025481540514 0.0116922906638955
0.0609756233100195 0.0813984533229461 -0.0671299674773966 0.0249753252801732
0.019282283206 0.113913568864582 -0.0872810384096856 0.00606170831971621
-0.0224530996664355 0.124848537405901 -0.0810921363510007 -0.0265566307054435
-0.0904597273811386 0.0981436878976146 -0.0381610939050936 -0.00285716426160679
-0.143327258489046 0.0791029374243354 0.000254672105579595 0.0516786102526145
-0.161280973896611 0.0428782676079038 0.0336162139390481 -0.0662910264766737
-0.154690934328376 0.0507695534690211 0.100440448866955 0.0160428856946587
-0.122214791645669 0.11153875979422 0.16604519968995 -0.00821837312544711
-0.0697666464634918 0.133652986532072 0.148449759825686 -0.0571096498857862
0.00673998470772924 0.126492573528601 0.0856808638441266 -0.0931584899408931
0.0456458279967157 0.0976641420484156 0.0429451571639658 -0.0779540106115696
0.07253734624398 0.0702413831501045 0.015619470468881 -0.0532824363256216
0.0776219529192828 0.0411033840838609 0.00618781356557442 -0.0242106757555734
0.0843720322949944 0.0422835909795459 -0.00389286153325445 0.00483924262468797
0.0658997050895962 0.0718940535569022 -0.0162609749593234 0.0289397881101558
0.0506732392781227 0.0910613631306553 -0.0521777882237924 0.0438941236301346
0.00438100037557618 0.122414876212955 -0.0812087814800954 0.0155608926017494
-0.0444529430040068 0.130575414409214 -0.0741234480338598 -0.0304116839933487
-0.112852705616258 0.0871118337483433 -0.0198121200629167 -0.0234607505366631
-0.155747431354695 0.0566922915375904 0.0436602822182951 0.029375665681146
-0.146647491678661 0.0250057912679738 0.0833453687227202 -0.0736250635629047
-0.155465665612753 0.0373851385471273 0.132370999377906 0.0034646825971454
-0.130609266321547 0.106079580642063 0.170037949252114 -0.00717495116359695
-0.0724811263572315 0.134349142636817 0.144512190785878 -0.0416399458723472
0.00626745045001819 0.124433417441832 0.0893398160203536 -0.0614201097514556
0.0398371671129934 0.0948848748817772 0.0617994845937963 -0.0431086846679039
0.0638538736343205 0.0735252169419769 0.0421452625967405 -0.0275653032389146
0.0686752793870341 0.047551268102712 0.0303633797793497 -0.00524186473937166
0.0699514662991226 0.0501860906630498 0.0190786045235356 0.0235295778883069
0.0466497233200736 0.0764099864974633 0.00180944717159437 0.0489950224332756
0.028568686421171 0.0914052447857135 -0.0423717844005955 0.0619876406881402
-0.0211108845293756 0.113181937316503 -0.0754721457177716 0.02380589724885
-0.0701592282072967 0.111634050117666 -0.0640252217825362 -0.030737145495598
-0.125110740719194 0.0561353369429669 -0.0010299298099702 -0.0348988556232989
-0.147119783795078 0.0199127390402479 0.0834667664522775 0.0167267398316833
-0.106014646811923 -0.000190986767672929 0.116312160695156 -0.0796487486049573
-0.128366101611778 0.0142136603642489 0.146085070988046 -0.014063186913827
-0.114010918496927 0.0795433896080113 0.154328171099019 -0.00507695892109435
-0.0630475979796547 0.105777216937119 0.129078998060906 -0.020475193817821
0.00060294426911295 0.0985521440608199 0.090020984192513 -0.0250065398015277
0.0273568593078366 0.0760922378163655 0.0781928900319503 -0.01141074464991
0.0446072169347976 0.0630570189400419 0.0646910384481704 -0.00451346147202989
0.0504513871819731 0.0450822907410769 0.0496565488468344 0.0138476728599182
0.0488515646376451 0.0492535270990305 0.034849469685131 0.0446336012179331
0.0251531482104842 0.0689457622369792 0.011315577280201 0.0708507680974456
0.00704703277057138 0.078945959266554 -0.0392584238038858 0.0802613609248371
-0.040749634918315 0.0911243647665915 -0.0717634363885816 0.0332949848864485
-0.0836627406922291 0.0798547998850904 -0.0533998619068412 -0.0233879124011654
-0.119115042399654 0.0175596965619706 0.0149469954167409 -0.0329672438977758
-0.116907275346706 -0.0164296270383897 0.114874599020887 0.0158713306757644
-0.0475803051644896 -0.0262029611894704 0.124293683008002 -0.0854578595955356
-0.080782853170583 -0.00997710245143175 0.139114896321875 -0.0307302874401006
-0.0766784340923515 0.0399620341385441 0.12810611854159 -0.000677462496108895
-0.0436788429938295 0.0587988949705521 0.110186253744726 -0.00186693753540274
-0.00751392840135998 0.0563408556279393 0.0905221635464325 0.00188512072383048
0.00557459430813548 0.045970170960506 0.0884457870192847 0.0103421582819624
0.0167873974074528 0.0448248155021422 0.0782994348920254 0.0127234762751513
0.0239253913819133 0.0351732284324961 0.0594498674812672 0.0304818509543804
0.0225960070360908 0.0381398290656143 0.0426528597873579 0.0644598310225507
0.00782494131144078 0.0494092452179859 0.0117622514781263 0.0911385288680836
-0.00467681728890661 0.0564062254994208 -0.0427721898946778 0.0952532411612717
-0.0442762315658888 0.060688043450882 -0.0712356258019201 0.0441530799456174
-0.0779307376926898 0.0436426125770674 -0.0474952757976748 -0.00935188972322538
-0.0936783753452151 -0.0152701167040714 0.0233142250603132 -0.020982758659758
-0.0692327628133212 -0.0468955824013559 0.133914782192087 0.0246754273358803
0.0198749311373904 0.0509017941673498 -0.148062954424708 -0.0144996145865743
0.0501808032151249 0.0161001440587172 -0.0441239250001272 0.0217502502995854
0.0516257023623113 -0.0197355709666505 0.0451051917197926 -0.00504957398839868
0.0153599927532446 -0.0323335892110309 0.0731332733302908 -0.0543164368410698
0.00317484891788008 -0.0164976008864614 0.0435441906977921 -0.11521960234999
0.00822881777482701 -0.0161832651017553 -0.0237014677273204 -0.119324258553248
0.00641975227777914 -0.0280561225112914 -0.0623131210607207 -0.0792334230733027
0.00206269941152422 -0.0255801755952925 -0.0717309230436576 -0.0396580174524555
0.0124468000962799 -0.0260119552571033 -0.0849064317704885 -0.0138812559120277
0.0236236820448294 -0.0137962673082528 -0.0952721261341285 -0.00688192654147333
0.023578741739165 -0.00558855825787473 -0.095278115398027 -0.00150548906144716
0.0266577183630935 -0.00500989023396881 -0.098506926092134 -0.000786499506932043
0.0457091101323466 0.0051699578033283 -0.1025741192866 -0.000204650825186377
0.0334000125136514 0.0383140411078218 -0.0954213972709826 0.0492089700597436
0.00666577520392633 0.0582085809936802 -0.0900749919738077 0.106682576665763
-0.0406162508696585 0.0692275421807148 -0.12361288959339 -0.0327543408839664
-0.00191473362531536 0.0392407843388252 -0.0203969289364978 0.0108934969765984
0.0136478672659335 0.0186846014121935 0.0682291942388561 -0.0228911769781974
-0.00345797064718484 0.00850432245173431 0.0854096720870583 -0.0710789505795164
0.00433982328535995 0.0210931932623238 0.0467303293283352 -0.12578819629596
0.0222475836604524 0.0156248807263734 -0.018313925914595 -0.125462347191635
0.0333639342233919 -0.00337479170561377 -0.0568014556291358 -0.0864846098078664
0.0318808693246002 -0.0103013010207364 -0.0644668940669509 -0.0442975910980869
0.046217178048447 -0.0110236313108346 -0.0766466507922307 -0.0142134731516325
0.0515697094327007 0.0125636082789463 -0.0869604577719185 -0.00298675163085428
0.0451077219153439 0.0300549035200834 -0.0924462884561145 0.00407233049824472
0.0282149390890361 0.0471733851493085 -0.0962694303023468 -0.00153505668833138
0.0227500545594242 0.0565693400417587 -0.0939550019166557 -0.00832987434676352
-0.0111457378460762 0.0712367827499998 -0.0741725253559029 0.0420069275321511
-0.052186160991424 0.0831973234574825 -0.0662721834675035 0.0984252808573561
-0.0956813559069531 0.0781809634038498 -0.082419271152611 -0.0486797661663475
-0.0601726267566134 0.0581645686889248 0.0164574674996336 0.00759753055376663
-0.0310163509003374 0.0618113597654942 0.103303092740779 -0.0328481555453821
-0.0227264775436835 0.0584888712878734 0.104766145925691 -0.0843354898939587
0.00890566132858421 0.0619110166780745 0.0516234612524011 -0.130950042851132
0.0364219761147026 0.0480373376621868 -0.00858414609107063 -0.121322846243647
0.0569962938525655 0.0230654586372233 -0.0436280622242214 -0.0843227883382555
0.0569531472894946 0.00487456844614558 -0.0477639306737128 -0.0426796142990622
0.0723006548599584 0.00405570612890035 -0.056981769468049 -0.0105129875162551
0.0724771533391476 0.0340454307691244 -0.0673106559615972 0.00606660348166405
0.0635885428162519 0.0558723464703392 -0.0818966475427255 0.0180746706295927
0.0349432553467663 0.0873184145495503 -0.0942742000442689 0.00505077454442024
0.00827700693395019 0.0989030180229178 -0.0894160447663698 -0.0149214829404183
-0.0474763954245773 0.0973210256742709 -0.0538042804489201 0.0247962416070975
-0.098566171842976 0.0977731585809085 -0.0317420030203987 0.0786217290423051
-0.135682830500775 0.0778384532366683 -0.0297052992485599 -0.0626272623084268
-0.111183942017297 0.0716707386710166 0.0607410555643677 0.00486075519407799
-0.0726323579011699 0.102179445571688 0.138530096780303 -0.0373088846726639
-0.0372274902825459 0.108716978685568 0.124962471847586 -0.0895371096124599
0.0177650278750368 0.0983721240079759 0.0584838873175599 -0.124772327912996
0.0496185639402997 0.0738644484854043 0.00677604618773405 -0.106777722425915
0.0751413617149243 0.0449401312850671 -0.0220222937722315 -0.0735543266253251
0.0737876827071291 0.0194824065915099 -0.0245424992475104 -0.0353218597035529
0.087432141736723 0.0177886322818475 -0.0311226357234814 -0.00400776812796807
0.0812852619378463 0.0502114189602659 -0.0415859958164294 0.0169271054992712
0.0708854235721947 0.0729186389373781 -0.0658223103761659 0.0344453750861976
0.0357226625034795 0.112024343958358 -0.0891995631126004 0.0144377723816575
-0.00623613650497211 0.126964596444127 -0.0844560541001007 -0.0194622698013918
-0.0770694645585955 0.109329820789945 -0.0369391974977151 0.00168043023294584
-0.13171274583608 0.0956531237474739 0.00817816507233536 0.0521275372734217
-0.15196607412168 0.066014314136407 0.0267377974214779 -0.0761721590711651
-0.141980215217846 0.073409005479859 0.102961411230071 -0.00482311540129242
-0.101272538295452 0.126004155265682 0.161277469156113 -0.0394163484132085
-0.0458063536192021 0.140994550059668 0.13614284763955 -0.0840592428283159
0.0244430313722991 0.120551385816537 0.06713363896524 -0.104949510292586
0.0572987536541239 0.0872851922787628 0.0279604078821709 -0.0824531382220908
0.0826962460142674 0.0579896383130354 0.00468761832180085 -0.0561140663005557
0.0791907263295013 0.0301973468608914 0.00256073735571157 -0.0231818892218001
0.0884347353259945 0.0300019091126773 -0.00326548171278171 0.0070756842357872
0.0759249113895003 0.0628295455540731 -0.0146651830536497 0.0311378331884196
0.0622016853209186 0.0831166494930571 -0.0489041944497794 0.0515445743140176
0.0224453519109177 0.123020546140688 -0.0814825378583207 0.0234674936929678
-0.0269650119172746 0.134971928954859 -0.0783038973319083 -0.0237517357237809
-0.100806643043764 0.101158859213485 -0.0211227380967168 -0.0198747435595062
-0.14776980303711 0.0744138968148159 0.0490916189006896 0.0268371107966878
-0.139691113415629 0.0452491716259352 0.0746680977699424 -0.0887514644191683
-0.145034917979681 0.0595765712949805 0.133341586161002 -0.0214663301010995
-0.111144279886175 0.122379157864735 0.165589612219702 -0.0391503440584086
-0.0483570016626119 0.143231422691217 0.134895521121155 -0.0685305903260636
0.0247998758626053 0.118699636894789 0.0742056203141445 -0.0737726111675362
0.052922561096569 0.0863295728736976 0.0521405169548823 -0.0506898401602653
0.0750779169163811 0.0624785482535918 0.0345625729883278 -0.0344312971683157
0.0721053051836356 0.0374821003857874 0.028406837258231 -0.00712500855611789
0.0754728111017185 0.0401116742395617 0.0207729499009632 0.0230307146877655
0.057590982879819 0.0696536969183188 0.00534583870452155 0.0496219876875524
0.0411135856943948 0.0863167567584099 -0.0368937897529758 0.0679177591545777
-0.00466431888091229 0.117597337797741 -0.0743430521880712 0.0309507352906916
-0.0546063735331712 0.120433066933192 -0.0672708270350402 -0.0243683052644494
-0.117153448373958 0.0719365158439804 -0.00368125288613568 -0.0331992532371679
-0.144402711388799 0.0371064672169062 0.0857286851674786 0.0106308475716375
-0.10386233721972 0.0141813624744071 0.106018717845552 -0.0960056403062908
-0.12228115746456 0.0334418921130284 0.145567123270953 -0.0381588010574332
-0.0980180597349676 0.0940327693118161 0.151378774948453 -0.0336740077743618
-0.0433761857585657 0.114043450441844 0.122868253545755 -0.0445556138735111
0.0160511266586745 0.0952317639968599 0.0819765157002695 -0.0385134186719155
0.0378599161438323 0.0686451842828377 0.0721896245877288 -0.0224422611109346
0.0552624265836283 0.0552510130587139 0.0599393202842576 -0.0147359006553654
0.0546993870228058 0.0371761903433616 0.0487048933662166 0.00933862883002034
0.0547693130211651 0.0417023970169381 0.0382494956858371 0.0419773204977481
0.0360709191481859 0.0650218479373229 0.0175810520447589 0.0702152979258964
0.0181075749311965 0.0772200576107436 -0.0319625798500301 0.0853090769075256
-0.0271881309570476 0.0975287535992908 -0.0689574880194099 0.0407928544440594
-0.0720665856487413 0.0904153022331376 -0.0556500026340888 -0.0171244269891004
-0.116164616347995 0.0338778288848464 0.0115486054293024 -0.0322952877167688
-0.119261367326397 -0.00337213487248441 0.115408185349458 0.0063823380817178
-0.0505300911581181 -0.020186416236769 0.113231690208208 -0.0995775645066429
-0.079317006593219 0.000563380758463801 0.135976703599638 -0.0515483305579524
-0.0673826698491172 0.0502616522362231 0.127449554341125 -0.0228496217414023
-0.0323502658602062 0.0646955881619055 0.109373196184396 -0.0209620927414274
0.00244271702276597 0.0550502910255635 0.0877857879474745 -0.0119189761215167
0.0142587864000827 0.0429854036063719 0.0866684327617678 -0.00260583890270638
0.0246907385063126 0.0409624519000988 0.0766750512774243 0.000667534808006127
0.0291094282103801 0.0307981285095725 0.0607250037466339 0.0231327929679565
0.0289192025458435 0.0342749442394239 0.0481742989515367 0.0602741359365289
0.0158487039530865 0.0477574190509482 0.0199503941764405 0.0893528435346947
0.00386530340422768 0.0562066758550171 -0.0328435757975468 0.0995763490974124
-0.0342359242600933 0.0682943096891629 -0.0673285759884029 0.0516188314525215
-0.0707411250153598 0.053886476937882 -0.0483692699475819 -0.00359485044478881
-0.0951541423124391 -0.00224560079195552 0.0201603751608737 -0.0211778194703662
-0.0759121928901123 -0.0393335953717794 0.133890502804965 0.012986568843909
0.021160091737631 0.0483887917058334 -0.145881883946743 -0.0122655637684021
0.0504771199939142 0.0144380695687311 -0.0422687209835678 0.0221961677924983
0.0499097533059604 -0.0200885692144361 0.0471575842101816 -0.00584777098290015
0.0143169579277059 -0.0319688146936399 0.0742462022646615 -0.0555864842983956
0.00365299337392208 -0.0149187272326961 0.0425162216314659 -0.114686857309521
0.00819696737684875 -0.0158041468193523 -0.0245990024201756 -0.117581671922588
0.00488518961709259 -0.0272435889480483 -0.061624677761145 -0.0774768820307964
0.00122089105765015 -0.0240315270922612 -0.0702774974416776 -0.0394592918381141
0.01121378568362 -0.0250972713038824 -0.0823473075907894 -0.0121185441315536
0.0229023134424507 -0.0145306205866216 -0.0937615200643372 -0.00442344155470462
0.0235096537349872 -0.00615121297234588 -0.0949671888345821 0.000582795564239256
0.0257212736784674 -0.00519301590323532 -0.0981109303633712 0.00100457237476244
0.044229943140979 0.00373942945180803 -0.103490157004371 0.000873980944374357
0.0341522199701751 0.0368981513795533 -0.0949042238463442 0.047523959563979
0.00820393655225763 0.0558351478684097 -0.0874451283931331 0.105277087029453
-0.0375290051117741 0.0680334414543421 -0.121868042276245 -0.0306773073799675
-0.00178297420661902 0.0381385876073378 -0.0186987898933383 0.0110542036592819
0.0129762721506241 0.0175747858960655 0.0689084594656981 -0.0231885396630269
-0.00445778944082513 0.00892276282166705 0.0859454884239286 -0.0713920232409236
0.00433729558708952 0.0215663289504078 0.045306703933932 -0.124729059765782
0.0218270636257626 0.0161533940322958 -0.0188128517424498 -0.123301350862965
0.0320352348980963 -0.00346730582500323 -0.0565093612346733 -0.0843946126985289
0.0306156441773784 -0.0103060674414918 -0.0635389770673878 -0.0437165223720341
0.0440975601291295 -0.0109361736921985 -0.0743323870318354 -0.012025935550174
0.0506327483081473 0.0119121171179033 -0.0852618464981693 -0.000347381174356337
0.0444376703480532 0.028619588483743 -0.0910836684698598 0.00698046517188951
0.0284384493857789 0.0461598146773501 -0.0964658940015784 0.000674621524216144
0.0222943281807911 0.054329869171345 -0.095075593630645 -0.00701083813710435
-0.00937185310805419 0.0693964566683675 -0.0739105924544136 0.0399528871235911
-0.0478953373448424 0.0820277454058871 -0.0640382774457024 0.0963136149742361
-0.0916511488137057 0.0778047282592661 -0.0815413751201363 -0.0467231411207289
-0.058702764388021 0.0577458832880681 0.0173579552524417 0.00699537833746943
-0.0303441810117576 0.0603212664731163 0.103185029088643 -0.033663452351565
-0.0231060981919022 0.0583234314937279 0.105386848035707 -0.0850189120455146
0.00895859547837716 0.0613452690997707 0.0500843020767494 -0.129267425866858
0.0362556474876323 0.047376524633502 -0.00962338402164812 -0.119804812161309
0.0558367695596075 0.0216845863377718 -0.0435803862448291 -0.0823064553355929
0.0554855869528996 0.00491055665163754 -0.0467890691563984 -0.042794274566241
0.0699777197429364 0.002897548386256 -0.0557097357571352 -0.00909367909350735
0.07160681937858 0.0322645161544488 -0.0662837121756054 0.0084321028558864
0.062543916591497 0.0540473534019711 -0.0811239370437213 0.0210508154933189
0.0353129310526906 0.0860205585566231 -0.0947894458088447 0.00805368925177827
0.00898294363099506 0.0964244892430083 -0.0909080004824722 -0.0126468117491745
-0.045639530796751 0.0962221071693282 -0.0541367598440607 0.0230379991134151
-0.0942231082506999 0.0974217979674526 -0.0299755394265169 0.07643395879594
-0.13120424905673 0.0779018752793493 -0.0293113459372903 -0.0611983770277988
-0.108634924266234 0.0720970552924711 0.0614743555616201 0.00395794547081598
-0.0705875133939439 0.100258194505326 0.137459079830513 -0.0381485137763642
-0.0361853916825641 0.107862665854555 0.124183379241625 -0.090507512801534
0.0184176137212144 0.0970548445722755 0.0569656997959 -0.123469188847055
0.0496016806846161 0.0724566786616881 0.00577106663615316 -0.105346529779068
0.07363013610029 0.0425571689058558 -0.0227503450507964 -0.0715795271565571
0.0714495481655569 0.0189128615018813 -0.0235194347780111 -0.034839084969515
0.0848445057717435 0.0161855322423812 -0.0305826481241241 -0.00262463222083207
0.0806338743454326 0.0484874472826954 -0.0405564284539113 0.0189666624922965
0.0703418605051184 0.0707685185859609 -0.0646369387495958 0.0371337577425
0.0366787548940016 0.11122620484769 -0.0892186076133119 0.0182072354203187
-0.00472477742308346 0.124566779370475 -0.0869818702910459 -0.0167380583512712
-0.0741266311719533 0.108793718785478 -0.0377662388970589 0.000431840045669106
-0.127216689470813 0.0964320205899883 0.00871600150805077 0.0496375021976901
-0.147077582331705 0.0673849164650379 0.0259845359236719 -0.0751174999691632
-0.139255897691073 0.0738134229285125 0.10234058273417 -0.0053878648881973
-0.0989475166967273 0.12424288950623 0.160116583313426 -0.0405655943134351
-0.0447577025400273 0.140219577380887 0.135685237191974 -0.0853577701981818
0.0248851097683061 0.118520316495276 0.0650182465806767 -0.103207581535676
0.0570525664098472 0.0855005962988322 0.026805253933291 -0.0816097836782115
0.0808877876571511 0.0554755614313741 0.00410166709697592 -0.0545030892951542
0.0772018237607157 0.0289270868347314 0.00264382232610829 -0.0226159652956402
0.0857351883765686 0.0279160488251186 -0.00278824274113197 0.00801321361960154
0.0753994516128508 0.0610306097896296 -0.0144919324839629 0.032479991666978
0.0616886842278305 0.0814473514104641 -0.0476384375842056 0.0540833845448031
0.0231653723724672 0.120819858056008 -0.082090897109642 0.0275467709155213
-0.0253917469492124 0.13210161997029 -0.0804131494900198 -0.0206304685665843
-0.0973878466521335 0.101431288547155 -0.0228247242624525 -0.0204894788447584
-0.143368152900247 0.0759040718259894 0.0481365601239003 0.024768194213185
-0.136180086504318 0.0464762851325223 0.0729570318749974 -0.0875172092398984
-0.143459574422932 0.0613638785674775 0.132428971333469 -0.0219781856016584
-0.108266709084002 0.120979548569608 0.164184698631954 -0.0399487429501345
-0.046583013727282 0.142969026609474 0.133945242923262 -0.0695782865216538
0.0252062923111378 0.117446440824025 0.0729222048050713 -0.0734769469739413
0.0523615195746723 0.0839322437364039 0.0511258647430197 -0.0511725742129485
0.07433166476301 0.0595099095752021 0.0332336237475724 -0.033549149958994
0.0702958448023058 0.0358157857759099 0.0279071439374651 -0.00680254061771351
0.073486946851978 0.0378973460208841 0.0204562596629365 0.0235282780031997
0.0578596246750833 0.0677765279029569 0.00584119894527802 0.0499015342141639
0.0402863558962019 0.0846639806573627 -0.035898142256001 0.069959981897877
-0.00361070368580557 0.116322531526595 -0.0750901147976197 0.0346658128685318
-0.0521837864999224 0.118427769634963 -0.0690180389268672 -0.0219061842372997
-0.114185991859072 0.0725362440939959 -0.00594793637612901 -0.0332149258797804
-0.141018533549816 0.0388749361999052 0.0840440212431296 0.00840941522840909
-0.101472264589356 0.0153775456338751 0.103853809293491 -0.095548120896429
-0.120459331590743 0.0347685175008817 0.143737279517083 -0.0387410828374254
-0.0957796341750527 0.093579939259278 0.150121693138249 -0.0342632383551937
-0.0413737510347904 0.114370501709226 0.12285357592071 -0.0455272053897046
0.0171555003565085 0.093560245986129 0.0804569394133908 -0.0390941153953549
0.037718798320441 0.067502532599089 0.071266704950605 -0.0234363826597102
0.0550275647866324 0.0528605619598205 0.0578750877195713 -0.0142593832042151
0.0533962488776711 0.0356826854148437 0.0480177962519042 0.00930102857357796
0.0536210208643182 0.0397056435554623 0.0375330159375965 0.041972667664678
0.0366273663492867 0.064022570728188 0.0177005447079099 0.0702063545762474
0.0183379018781607 0.0755694343564922 -0.0306713396722309 0.0866795849433562
-0.0250952823369115 0.0972127245313605 -0.0694100034963805 0.0440656553712565
-0.0696511724888356 0.0894411321375125 -0.057773356067506 -0.0144130355694935
-0.113770224656984 0.0349883855150804 0.00921794252517093 -0.0321158827409729
-0.117670603592223 -0.00169467382642387 0.113572442550909 0.00439367819968906
-0.0504019165770188 -0.0189968942134149 0.110908027932565 -0.0984301725424201
-0.0790930292182947 0.00220269031731893 0.134312991107297 -0.0511645190510217
-0.0655948999480859 0.0502999097778759 0.126397885153794 -0.0232660086272878
-0.0311689814856623 0.065725791283169 0.109373588319768 -0.0227069040353727
0.00354096948347608 0.0544911337445948 0.086994885514017 -0.0126543641755931
0.0136728950919164 0.042042908858928 0.0860034345039483 -0.00437003673158067
0.0247628978094242 0.0396691038602308 0.0747033614703271 -0.000155027515487336
0.0280174837475928 0.0299864369276967 0.059680519953918 0.0232551901055141
0.0280290385378218 0.0325958452940241 0.0472436015800704 0.0601547895355007
0.0165974972235914 0.0467427654388479 0.0204466727331926 0.0881411858091657
0.00488131709715016 0.0545757775445434 -0.0326128437663643 0.100506855860174
-0.0323812120980803 0.0677416029169975 -0.0674140983276003 0.0538528986924784
-0.0684302074342246 0.0536737396856534 -0.0497186579929109 -0.00144700493204987
-0.092906385158093 -0.00044658071398871 0.0184209150371668 -0.0210874197184519
-0.0752909364233285 -0.0371479942278372 0.131915848194854 0.0111551318109702
0.0214699964842782 0.0467999837009357 -0.144730533988848 -0.0131052369278799
0.0499045675915566 0.014771754385573 -0.0412293063775608 0.0220351514460558
0.0490765066733821 -0.019672581117368 0.0488548431897552 -0.0052174862006378
0.014026002046794 -0.0315372371243327 0.0765857925314665 -0.0562655252056641
0.00441689228044111 -0.0143747806860918 0.0443517531885733 -0.115331079658521
0.00828581309260283 -0.0153014071753783 -0.0229198826293508 -0.117208132753039
0.00378481973297089 -0.0265214945767525 -0.0594550485086191 -0.0787387546671153
0.00185120019204172 -0.0233363125906715 -0.0692806617626992 -0.0415151458915972
0.0107324814977673 -0.0241635806781055 -0.0815089843541865 -0.012429243057993
0.0229899004611221 -0.0140887477160357 -0.0931822469660298 -0.00460133720179235
0.0228388644140445 -0.0058014181842359 -0.0945863279507607 0.000557736528886614
0.0253688426029899 -0.00458482338822267 -0.097979137434483 0.000284897973286711
0.0435437040604228 0.00359882487688894 -0.104865091341471 -0.000641224792193723
0.0341112715041961 0.0358229177609962 -0.0962560275072867 0.04460024884723
0.00856655365198867 0.0546094669467164 -0.0874872768798171 0.102000894432664
-0.0365412852943586 0.066098473135342 -0.120565373981701 -0.0318452272453968
-0.00151020126263379 0.0370838685051494 -0.0182745181000609 0.010551255456508
0.0118532047417751 0.0167035909874869 0.0706969410152335 -0.0222309946132318
-0.00543737015941308 0.00947764554541346 0.0881744661760316 -0.0711314561937304
0.00420978245261395 0.0224168658529761 0.0475436388495987 -0.124164648200611
0.0220358473756587 0.0165673675126771 -0.0172144318845725 -0.122793117721249
0.0305175985496868 -0.00293155835381152 -0.054306569507384 -0.0844999082457668
0.0299864070756808 -0.00913665653541296 -0.0616093000116582 -0.0455656914542819
0.0431336527543748 -0.00967492545665923 -0.0730804377665688 -0.0125034745661621
0.0503161505115622 0.0119393659470213 -0.0845676556583149 3.07271662980623E-05
0.0437351715807961 0.0293031084061497 -0.0911222158739588 0.0074006514548255
0.0272400703826677 0.0464226476826722 -0.0969707523754062 0.00105250831658195
0.0210063572822726 0.0534473071199919 -0.0970349096009267 -0.00780443659385021
-0.00989723107844987 0.0686193122970928 -0.0753173813177344 0.0376966274248415
-0.0476841187995467 0.0797734546929116 -0.0650076511992616 0.0932937698479199
-0.0904519506488568 0.0757766903594243 -0.0804703987020547 -0.047631614262897
-0.0584287577557822 0.0562145812704186 0.0180880835027299 0.00747023099534581
-0.0318606008528268 0.0584079206357573 0.10483727542813 -0.0325583663761877
-0.0243021849624026 0.058703734363455 0.10718822744746 -0.0841669764438352
0.00836451700259051 0.0617449478844747 0.051990059943848 -0.128064455863442
0.0352534116788396 0.0485044191668061 -0.00764731281093866 -0.119075209917478
0.0539211956246411 0.0219023255703983 -0.0412579237182203 -0.0811401356044672
0.0537349096370183 0.00595970438630986 -0.0455324243880719 -0.0433710385125466
0.068919352969244 0.0041291695868107 -0.0540729808934805 -0.00911237690507777
0.0712471136984977 0.0323353192348037 -0.0656178214298854 0.00874452332952478
0.0617102238295667 0.0542988943242479 -0.0813383380230186 0.0218195258435621
0.0338876188154039 0.0858703636557466 -0.0954639769752317 0.00942641084470068
0.00744177303476695 0.0955291709761636 -0.0930623312452104 -0.0132784090286432
-0.0458725522469321 0.0947436774846371 -0.0559189089782162 0.0209665004005025
-0.0938103538556275 0.0951601732083617 -0.0309978505109473 0.0737964390242459
-0.12912304072299 0.0753403690529779 -0.0285591822967933 -0.0610748003310627
-0.108332081493211 0.0698278506054042 0.0610644591079979 0.00496964142521806
-0.0721289083086682 0.0975867536375444 0.139185282337576 -0.0359499822160532
-0.0381416504014432 0.10776097563427 0.126934218085618 -0.0892852829274025
0.0167416296270394 0.0975295572926655 0.0587090358905754 -0.121595642504297
0.0489417254814066 0.0734780645658459 0.00699260202917125 -0.104826473887775
0.0719762934066215 0.0427521393456622 -0.0217064771134775 -0.0702863242558434
0.0700170035017581 0.0203459918843926 -0.0223381918936154 -0.0355123322313145
0.0824801069976189 0.0170764633956377 -0.0291344735371864 -0.00206753920567928
0.0797791566562279 0.0488640473728124 -0.0400370658685363 0.0196771475188838
0.0687817906731593 0.0707079287169879 -0.0649202503211211 0.0389803827514233
0.0349242996092655 0.110739553200457 -0.0900710373791582 0.0199092912164608
-0.00670186686323178 0.122812545680975 -0.0891700323080664 -0.0171498309974392
-0.0745218337824934 0.10708325064468 -0.0402131204514329 -0.00164674939034239
-0.12622309575133 0.09349168041146 0.00743995946332836 0.0486229182655531
-0.145278581637313 0.0651275175055676 0.0259867842753524 -0.0742681324067315
-0.13983637269835 0.0717331438545224 0.102703139355748 -0.00438398853029264
-0.100063275683107 0.121165286091441 0.161385728041711 -0.0380971385280993
-0.0461770879783537 0.140107918713478 0.137663345269317 -0.0847395002736079
0.0232925029759121 0.118085875444409 0.0664370958536051 -0.102161817771719
0.0557298652688317 0.0863676051274993 0.027474408442083 -0.0811792893517956
0.079204975059708 0.0549620473573785 0.00453131130987716 -0.0528176271637326
0.0752816412283957 0.0301189106145278 0.00339622832958048 -0.0228496664284265
0.0833605037583176 0.0286350383168418 -0.00240059905094249 0.00873205641828197
0.0745653474619034 0.0614477641310716 -0.0147678536712104 0.0337312359885176
0.0597335577071181 0.0811367677445032 -0.0477843805358452 0.0559917609927673
0.0221968830928646 0.120910559013786 -0.0828394811955459 0.0289664642406809
-0.0270599783993414 0.129972972438991 -0.0825564498694124 -0.0195208727932042
-0.0975799087891619 0.0998487358972406 -0.0239527678387695 -0.021927936242905
-0.142709099414162 0.0737555808037662 0.0470891032835108 0.0235609939812823
-0.135470399617483 0.0451855906204809 0.0727357641757088 -0.0862212825177115
-0.143171436733624 0.0603268633578052 0.132733602236824 -0.0210815160982448
-0.109721667676888 0.118605694224543 0.165699825266072 -0.037643189389207
-0.0481484065255853 0.143083365536353 0.135563594191987 -0.0686643619987505
0.0241795819244103 0.117162842025103 0.0739747199548907 -0.071721279060854
0.0507249363777543 0.0843654285480795 0.051322891767715 -0.0512215862411932
0.0724682180369045 0.0589987042623994 0.0327487846612007 -0.031988428373629
0.0685332924972509 0.0368046923783011 0.0277775597807033 -0.0063649026036482
0.071100563997065 0.0380625038893731 0.0199235641616704 0.0252249123574223
0.0572935920159195 0.0680734222238878 0.00511153342465375 0.0508352420599326
0.0385283968855068 0.0843680820126721 -0.0365845206394839 0.0718450802513459
-0.00380896989970646 0.116067003241847 -0.0762967554763267 0.0364744610249656
-0.053580395290841 0.116400074143539 -0.0711400094892039 -0.0207862652052279
-0.113874418759797 0.071110089497453 -0.00715982274124646 -0.0340004194139601
-0.140352080643817 0.037085571848329 0.0831058563632379 0.00843745385449121
-0.100609560665814 0.0144167484809379 0.104001792322218 -0.0930887603065247
-0.121584706478188 0.0336637691039616 0.144200416469817 -0.03652034556423
-0.0965218665379869 0.0923578144069554 0.151857840270973 -0.0314919181433734
-0.0425205366082916 0.113798871487353 0.123998962560841 -0.0448431731242159
0.0157013781524904 0.0928150055158648 0.0811683314857606 -0.0371848163653823
0.0364702366603599 0.0674779284710526 0.0712549073678016 -0.0235154349074583
0.0538093743933021 0.0522936095155949 0.0570864701362113 -0.0128850016403933
0.0518431950239911 0.0358186629499735 0.046981712382484 0.0103918431995196
0.051365102892174 0.0396318712702538 0.0361728767037917 0.0437261815380368
0.0357876397996465 0.0630929373715338 0.0166793749736655 0.0708335974345767
0.0174514394148481 0.0748217908432513 -0.0320127531107873 0.0883200939081188
-0.0253582046865597 0.0967046673988546 -0.0709831195960311 0.0450685972072115
-0.069848244399284 0.0875582063807959 -0.0592036089278143 -0.0139547495434998
-0.112897267757063 0.0342253093300869 0.00841696716778955 -0.0321277543240135
-0.116500054811865 -0.00257530594648331 0.112586573901178 0.00497053647425538
-0.0499745695197824 -0.0200606945965559 0.110802945236915 -0.0955144164004801
-0.079429987684425 0.0019564035261875 0.135069092345593 -0.0490348606655709
-0.066423808158012 0.0493201577217534 0.128180011798486 -0.0210351648444365
-0.031647844453286 0.0653856285627593 0.110990979047662 -0.0215766364610996
0.00299602631041433 0.0533592698207476 0.0873479544746047 -0.0121872324946494
0.013149776529431 0.0416948464068806 0.0856748942349543 -0.00398517780000671
0.0246112719040043 0.0387980536106783 0.0732867015948201 0.000912916893892755
0.0273087584900158 0.0296488670234368 0.058939275746011 0.024870572367332
0.0268908461648127 0.03207384749728 0.0451621836994987 0.0609946843945682
0.0164181974150923 0.0464877319422295 0.0188465647647186 0.088092688757081
0.00460085745769195 0.0538570586816406 -0.0339549724883438 0.101500035207611
-0.0316936540436694 0.0674907941854026 -0.0695688255936196 0.0547311801213175
-0.068282528797857 0.053015540476462 -0.0511810007307872 -0.000997900167758677
-0.0920410568110917 -0.000816977616627601 0.0175428785037533 -0.0205906048249448
-0.0747389623346708 -0.0373981583017038 0.130090867454185 0.0116732519369976
0.0213045159519496 0.0467891202854902 -0.146315816103694 -0.0163622345845829
0.0506264131336586 0.0155170627593085 -0.0420536282848744 0.0213685615090144
0.0495965013578332 -0.0193427417973926 0.0515016427639084 -0.00504430501268279
0.0147363745976217 -0.0309935776339448 0.0813476981993278 -0.0574606040056312
0.00519452435729633 -0.0137370115596302 0.0482992861885598 -0.117908726129749
0.00906338411652472 -0.0149205724675099 -0.0212264801037526 -0.119782573216851
0.00396434355782683 -0.0262680568256306 -0.0580797255003053 -0.0821799886483708
0.0022323966931274 -0.0230605483075169 -0.069217178860062 -0.0449761525988734
0.0113291683159339 -0.0237511175545157 -0.0817954917679871 -0.0149043886914117
0.0231741782806785 -0.0144140123996005 -0.0947267779240743 -0.00600918375302183
0.0237374597694911 -0.00567278670382099 -0.0969816443535705 -0.000757940939360589
0.0254662171349499 -0.00413559300638393 -0.101287952906273 -0.00156058913942334
0.0438014364026432 0.00415194929630315 -0.109312788739005 -0.00267043818946416
0.0342012165316193 0.0362644751653994 -0.0995123554840578 0.041721183150854
0.00810551441522563 0.0545101319495503 -0.0913544810862199 0.10031061936891
-0.0378504852881481 0.0648419328458835 -0.121804243770465 -0.0345923854219926
-0.00180583914355274 0.03720810740085 -0.0186779750207409 0.0104148160970407
0.0110809827275306 0.0168345282408611 0.0744482201419572 -0.0214440283505332
-0.00664716351785309 0.0105564077953417 0.0935557588433244 -0.0723562043047965
0.00390343063691689 0.0239585772861282 0.0521108450122795 -0.12632562236525
0.0218549522308584 0.0180489340354146 -0.0148152176617413 -0.125553501366114
0.0300413582502196 -0.00155624116363721 -0.0520843564970094 -0.0876694003881649
0.0302536762023249 -0.00759416106653447 -0.0617069573224091 -0.0493860372120979
0.0436983248930729 -0.00814356246657252 -0.0730818843136981 -0.0144456532836616
0.050822415069108 0.0133106995566871 -0.0858140939308508 -0.000576577982879089
0.0438104109174255 0.0305540856222023 -0.0932116725776819 0.00665404971964426
0.0263716963891259 0.0484512743134016 -0.100093924689589 -0.000209246701002976
0.0198416299714083 0.0547617870892185 -0.10150811870417 -0.0101197862540706
-0.0115797304787869 0.0682465003105624 -0.0788132420980109 0.0352292633926147
-0.049304344819734 0.079084786076093 -0.068292425181148 0.0920619493339985
-0.0919112820409747 0.0737820801943762 -0.0808067802591124 -0.0503017904165303
-0.0605118829557251 0.0550134546217638 0.0185612983484271 0.00783119432190323
-0.0339883416732015 0.0575692610188737 0.109112334015052 -0.0305995300989143
-0.0269013880470222 0.0602543178931538 0.113582019536854 -0.084990511626921
0.00667943361203613 0.0639108629275886 0.0565499543122303 -0.129471342598132
0.0350358377115198 0.0503793795359989 -0.00498154801743736 -0.121602298744712
0.0533266466261151 0.0237470588761545 -0.0395820977524868 -0.0831708961544408
0.0542203592246821 0.00811750715183793 -0.0446515948218611 -0.046412035839707
0.0686869805369696 0.00634628074425523 -0.0539812967414412 -0.0104501553425507
0.0718061851470054 0.0348526311070627 -0.0670937854848157 0.00859417609060636
0.0613722389437294 0.0568872434353109 -0.0829455275832701 0.0227425432373846
0.0325058048139325 0.0886514514891738 -0.0989967234728592 0.00924056959344773
0.00443036574623726 0.0967665168069865 -0.0970056911931694 -0.0141056848666246
-0.0485726728906326 0.0951877855381047 -0.0592078683093664 0.018582318333936
-0.0965383091895667 0.0936184265860007 -0.0336942242917703 0.0734170482416965
-0.13133138605087 0.0726300374470098 -0.0282838826805717 -0.0630090881314526
-0.11178582031814 0.0687510738020525 0.0629255703148487 0.00600021964110937
-0.0761383232275489 0.0968547395679673 0.144497668612159 -0.0339090719289915
-0.0417773411446553 0.10962256541342 0.133071038317876 -0.0897450278417911
0.0147621767512573 0.0996385327949237 0.063015850408124 -0.122977035786794
0.0477683397464586 0.0760059374743102 0.00961101954220827 -0.106416119433438
0.0710255101048116 0.0445641298009418 -0.0195892927055182 -0.0707919328759426
0.0697938565393599 0.0224625617665667 -0.0218641358565322 -0.0375313422212665
0.0821712060999722 0.0202517204260931 -0.0287816201064776 -0.0025326281792615
0.0805182381638258 0.0511077359639571 -0.0414411822061979 0.0207730514318675
0.0677209711153979 0.0738663134888469 -0.0665573162503405 0.0404339182302195
0.0336423866524815 0.113692877743672 -0.0936817635377437 0.0208951511394941
-0.0099064010985005 0.123752221661156 -0.0931833637927414 -0.0175081107941279
-0.0773248117634472 0.106884782787777 -0.0425451720762487 -0.00407598207079498
-0.129602879382284 0.0918259434259031 0.00603846098666338 0.0483533553299775
-0.147767196409487 0.0628424420413289 0.0278568129497772 -0.0754208626514465
-0.143841573548889 0.0696415956515151 0.105332709798213 -0.00193592914873216
-0.105739009663651 0.121013069574793 0.16738719083296 -0.0352400765263729
-0.0507858821686518 0.142761746538084 0.144000558763853 -0.0839199188772814
0.0209303729141626 0.121171112793326 0.070452194175052 -0.102398663709547
0.0543120439884086 0.0892893741094947 0.0300920416012948 -0.0823866956489749
0.0789714104721971 0.0576790273515532 0.00590085929561943 -0.0525078777776173
0.0755195652281528 0.0328447977032648 0.00389973734052645 -0.0233801372684752
0.0825523345948068 0.0313378824274795 -0.00250570076179606 0.00976564623718172
0.0745828239346804 0.0636694766649871 -0.0157144539559532 0.0348191354190313
0.0582419181412251 0.084448160115298 -0.0498087687379058 0.0586215000710949
0.019798731828983 0.123819221210582 -0.0869728675347854 0.0309663697812752
-0.0304543572764595 0.131360203461513 -0.0862709555676653 -0.0203552647187371
-0.101196240943133 0.0997623517241925 -0.0259632352450729 -0.0238922607073326
-0.145802784432475 0.0714852566791882 0.0465829720042923 0.0241574476576444
-0.13742997806224 0.042276005809679 0.0757078207878273 -0.0859593864437735
-0.147255305381725 0.0585150708498017 0.136343416266677 -0.0180384191383761
-0.114468852907168 0.118860021715737 0.171223045152781 -0.0349413596137288
-0.0521448691228128 0.145110183333516 0.141146815514636 -0.0679870631605982
0.0211968405282841 0.11962460271867 0.07773433240338 -0.0714125999257483
0.0494911005397951 0.0873862314466017 0.0531804073171253 -0.0513245857048743
0.0724640134370821 0.0610373863134224 0.0341712071328326 -0.0302132155831776
0.0684694456362335 0.0387513355773142 0.028891520136055 -0.00590321061077164
0.0699930417968609 0.0403760988844458 0.0199308051245418 0.0271037014505505
0.0564859344652468 0.0702756288855177 0.00363601999896327 0.0528994407197258
0.0369495869373243 0.0867367451163827 -0.0391794259881487 0.0748879360788749
-0.00639299881869519 0.118299063728615 -0.0799018908128519 0.0386756901803858
-0.0568734533318896 0.11644233002033 -0.0745342999102178 -0.021096816001833
-0.116825897994555 0.069901996892938 -0.00799500087513413 -0.0349276218959182
-0.143085651612781 0.0348158660186621 0.0838484299568451 0.00966605830275198
-0.102573845449911 0.0126791114775141 0.107669173874266 -0.0920208825505724
-0.124346329036495 0.0326882056446643 0.148101232244524 -0.0338159173094349
-0.101347089254995 0.0920306475458881 0.157218883247349 -0.0287266368180364
-0.0455932483220833 0.116650465421453 0.12863268719803 -0.0444107401352742
0.0147298549649937 0.0955103834968696 0.0837911725293979 -0.0364680479536951
0.0354850059994945 0.0692476049170127 0.0734587385691332 -0.0224140089030356
0.0535964668281639 0.0535703010165745 0.0578908231318905 -0.0109165850698772
0.0517672857039966 0.0374678378300217 0.0475292841483605 0.0120459592333591
0.0506949368456601 0.0415559821152355 0.0353990064388398 0.0466272661656303
0.0355264823894048 0.0649782127768126 0.0143237298708088 0.0729385142457953
0.0156278419084199 0.0763508658831498 -0.0344079631821127 0.0915130770025991
-0.0273341205224653 0.0983989676224929 -0.0746396999183412 0.04728276900727
-0.0728932585106458 0.0876405304830164 -0.0622766742701094 -0.0144949510600583
-0.114748678351513 0.0326041515506866 0.00787942882343319 -0.033273839376424
-0.118793035743378 -0.00503504545752469 0.113738247096354 0.00666474190860934
-0.050261805851981 -0.0208708576239369 0.115415790743039 -0.093945772214813
-0.0813361139173921 0.00138602386951197 0.139154618461391 -0.0463086499409282
-0.0690221605563081 0.049381254652201 0.132722064930953 -0.0186394348316033
-0.033328983189934 0.0668696248146468 0.114895210422425 -0.020799389836241
0.0024552850445155 0.0543522979106498 0.0898154842437927 -0.0104548340708734
0.0118449558063005 0.0426581109353738 0.0872793491687749 -0.00347241557288346
0.0246676982099415 0.0397094512268586 0.0733145009734136 0.00291342329119266
0.0268966099227794 0.0303214208498902 0.0585546589007481 0.0272397934574416
0.0261506529533941 0.0326900843516182 0.044042075100236 0.0647263341355894
0.0157775090175451 0.0473822664503073 0.0158976859802896 0.0910205635051603
0.00352235470983985 0.0546497397868642 -0.0370720401472938 0.103941711212824
-0.0329491502199134 0.0683636766128504 -0.0734921775056148 0.0563617633586999
-0.0702549260740898 0.0523689062197667 -0.053760789978969 -0.00120622262175076
-0.0926963848171941 -0.00191663904418619 0.0169309218570749 -0.0208296973604973
-0.0757390555007644 -0.0395875005331276 0.131955268976403 0.0147336458001855
0.0219909374315584 0.0474869155422542 -0.152286037036954 -0.0181486583299581
0.0530715937883301 0.0158944553077804 -0.0440111057674813 0.0227875926326428
0.0517807765193492 -0.0197682419738236 0.0565131065662474 -0.00504924344193828
0.0154074756580128 -0.0314884796861038 0.0873401100842864 -0.0611475152826184
0.00610444350794573 -0.013666300155666 0.0527361815556539 -0.124158979245512
0.00979818795719924 -0.01514847368701 -0.0197634332621757 -0.125802974740272
0.00388646750260014 -0.0266149989286001 -0.0582646340764437 -0.0870864980202499
0.00224554963862821 -0.0231207825755137 -0.0715993200641006 -0.049297497370313
0.0119567502723485 -0.0239976044297303 -0.084061894355192 -0.0171611651406656
0.0243492072333407 -0.0146478244383059 -0.0991898866846623 -0.0065766587454382
0.0248882030705892 -0.00603711345295998 -0.101503831561858 -0.00158928495825816
0.0266832564463709 -0.0033994376390631 -0.106850210054023 -0.00280641544738321
0.0453809698488144 0.004195250159688 -0.117121862376284 -0.00402243338699047
0.0353866221030035 0.0374575901603727 -0.105917288853883 0.0411889626245313
0.00807040173487423 0.0557666677651333 -0.0965007103141565 0.102054309696278
-0.0394324940023476 0.0658275000668409 -0.126575941435008 -0.0375018315200617
-0.00284276734988172 0.0380921748071437 -0.0189493055244691 0.0113424458322607
0.0103986481399538 0.0171446975631087 0.0802559398386786 -0.0220373125392693
-0.00716930378960416 0.0115148623069453 0.10058126561676 -0.0762937308422832
0.00383109833729072 0.0254648525914111 0.0562713309175517 -0.131915065190376
0.0231892318143086 0.0195999834386045 -0.013223852495626 -0.131112212194081
0.0306531674118596 -0.000367824840671781 -0.0522869343209226 -0.0920572876400082
0.0310483063047683 -0.00683155509474858 -0.0634955961156959 -0.053439926274582
0.0451889618593665 -0.00755888883062339 -0.0756380242774376 -0.016447320373007
0.0529130566209142 0.0147695196845068 -0.0896441295821162 -0.00102981066938595
0.0451444146164773 0.0324707702851025 -0.0981424948231484 0.00681645727891358
0.0268501983847683 0.0515004686476722 -0.10643859654341 -0.00029196997026724
0.0200536337165161 0.0563471154350104 -0.108956385397536 -0.0109362670423667
-0.0131524845150401 0.0708489860678396 -0.084357548710285 0.0342998671023484
-0.0516054754447442 0.0810642283479771 -0.0725781149983783 0.0934213245169508
-0.0954906576478729 0.0746517823093972 -0.0839405995656436 -0.0531003238004302
-0.0639525066630491 0.0560553008349201 0.0203400061496181 0.008903393019576
-0.0374906245011007 0.0592325635994045 0.116735652042763 -0.0311783540070165
-0.0296670381162688 0.0634534302308611 0.121481373112421 -0.0893683601997043
0.00622513501048 0.0677599784085244 0.0615763668013007 -0.135496499696149
0.0364695903861495 0.0540509177636741 -0.00283845373575902 -0.127146574996868
0.0546341380173409 0.0261586754951909 -0.0389320553030971 -0.0869319743629943
0.0558375869150593 0.0099873337751695 -0.0460180103952578 -0.0506753194336099
0.0706400253799646 0.00804293754195205 -0.0557949954369201 -0.0114961253560449
0.0744236268058494 0.0373700094862516 -0.0700017481088923 0.00962234638588763
0.0625584468920304 0.0604345035465029 -0.0872095633225706 0.0243778686027522
0.0334193732356435 0.0936564496487921 -0.104655402697834 0.00984088520240742
0.0029229378927519 0.100828120905228 -0.104489639297468 -0.0147923237967915
-0.0516896176858432 0.0981494653853039 -0.0641628751783366 0.0163672503529208
-0.101307727145272 0.0955794541079033 -0.0365352299491867 0.0741577754411312
-0.1370265781254 0.0731685960143035 -0.0288074336018493 -0.0658512842359469
-0.117725103739999 0.0693321295602088 0.0659662633251323 0.00745854583240013
-0.0819431629936073 0.0999582445498097 0.153778952537624 -0.0336693826818131
-0.0453076106088072 0.11503097105685 0.141592615058451 -0.094375896008319
0.0135376972918816 0.105039596356011 0.0683559745800389 -0.128099907604127
0.0492927503912563 0.0809092643369759 0.0115429909001328 -0.111689923963983
0.0726397525891993 0.047794746938685 -0.0185298582166374 -0.0729606326721048
0.0725701121406154 0.0248477667099773 -0.022116936565117 -0.040295784531165
0.0840541180199754 0.0225262417888791 -0.0297443514463768 -0.00270267794926499
0.0831085504824216 0.0546066601445686 -0.0435439644787303 0.0226332030106079
0.069172471353736 0.0785187261692392 -0.0696248885357109 0.0438886189574391
0.0336898603704028 0.119518179572148 -0.099861309937122 0.0228114203770495
-0.0124151640988275 0.129098441940234 -0.100769480564053 -0.0184675223356782
-0.0822528933733702 0.110667881227433 -0.0464573713366039 -0.00609174693882962
-0.13583464207484 0.093701097418904 0.00492917490795514 0.0481968496719162
-0.153867878018305 0.0622148128686909 0.0295212237650049 -0.0779962639100374
-0.151021835828709 0.0709955394107501 0.110369736696326 -0.000918034585982603
-0.113434937580523 0.124661308366473 0.177789640077626 -0.0348512252342373
-0.0543647900938009 0.149570069944351 0.152834339827055 -0.0885432024106601
0.0198995078014733 0.127295107786847 0.0762372592306639 -0.10610555938001
0.0559239842711167 0.0945556441091807 0.0325277815009425 -0.0859724302522221
0.0806243276554381 0.0611578497052527 0.00793745622778611 -0.0528785955502036
0.0779087659779985 0.0355342394310284 0.00446215506110518 -0.0248718947348256
0.0850038587650802 0.034524587234273 -0.00254507369468386 0.010883695014669
0.0773783396703391 0.0675554707858192 -0.0169172468337175 0.0377559344372525
0.0592873549203473 0.0891250252376283 -0.0527315482150313 0.0630136248985397
0.0192097128625117 0.130667910227481 -0.091974053154121 0.0340806571389212
-0.0340047676018697 0.137006570951648 -0.0928002493488383 -0.0206351774305059
-0.106875675399557 0.102474669108385 -0.0295043232540717 -0.0269425599474585
-0.153184312235017 0.0723471589543577 0.0479465787751698 0.0241609848448631
-0.143023600556648 0.0422112366710679 0.0797909189807729 -0.0880576124929318
-0.155142283210273 0.0596228862636183 0.142912972056187 -0.0164773573505629
-0.122135283408389 0.12264943587834 0.18156847058472 -0.0342041574127472
-0.0562634683928352 0.152673546892667 0.14972735299919 -0.0716907429375319
0.0214384266024564 0.125852379576071 0.0826732655238754 -0.074657568102275
0.0505148843150597 0.09229868050671 0.0564557472976685 -0.0528891723423866
0.0740865681211471 0.0640440104283955 0.0362800679595905 -0.0296132637956216
0.0702614811933138 0.042128805745148 0.0298862557822274 -0.00558002674437161
0.071826380248876 0.044097253325453 0.0204723471298875 0.0291724798943367
0.0587651673950027 0.0743136336650493 0.00226752653317453 0.0568209162533913
0.0369146482983213 0.0912965972915062 -0.0412470871580469 0.0806552441120931
-0.00829532903133656 0.124143032828056 -0.0852106804872205 0.042438395717537
-0.0612104876316627 0.121058837907987 -0.0807955189345351 -0.0214934941893581
-0.12235247324048 0.0716636493013794 -0.00990779714281269 -0.0377656880739455
-0.150121228209031 0.0341993771224835 0.0865073057299397 0.00976863944432222
-0.107193635296858 0.0115372175899806 0.113353766942889 -0.0934609695586559
-0.130289531151599 0.033435917988992 0.155796165360581 -0.0338201042953535
-0.106858588089058 0.0956384039028824 0.16640540548964 -0.0284227291694388
-0.0490325581361905 0.122290135034725 0.136292047709323 -0.0462611246675148
0.0141308681234066 0.0992282888485972 0.0890718014908102 -0.0372159854429488
0.0355134844465652 0.0737341366642397 0.0773334612515909 -0.023381665295722
0.0554222221189674 0.056246218939335 0.0604840628436295 -0.00962791635762298
0.053371660754502 0.0397715598587466 0.0488250928900359 0.0137512452764231
0.0514972919815022 0.0433290581073305 0.0366893018197536 0.0506449605891549
0.0361091061309267 0.0683943501847819 0.0131677702572838 0.0776705999365512
0.0155325426532625 0.0798141331133246 -0.037293101428297 0.0976918410041816
-0.0295199912673294 0.102651168546682 -0.0798135701883311 0.0513933382855314
-0.0773875631903391 0.0905494113868296 -0.0676016311603494 -0.0148272355874429
-0.119952688378292 0.0331153885437517 0.00730930464635974 -0.0355346335784914
-0.124028105153659 -0.00681505805262085 0.118216005171562 0.00762069538690933
-0.0528665634143875 -0.0230495732353945 0.120900323986147 -0.0954782917721658
-0.0848287356604661 0.00142820461885274 0.146877980381513 -0.0467482105717735
-0.072614113385228 0.0512773458945615 0.141264402583264 -0.0179073287219067
-0.0351221717797374 0.0704285711384723 0.121740224999661 -0.022122494007728
0.00198420443661055 0.0566999485884846 0.0942781875535565 -0.0108778730666259
0.0116315327415838 0.044934448972233 0.0916753943290868 -0.00307173231608652
0.0257595121017467 0.0410270232976726 0.0760603082418796 0.00507393116237902
0.0276098120050291 0.0317544656968059 0.0605042724313609 0.0299984124694929
0.0259883606016343 0.0343890270468552 0.0449510025727219 0.0693965096072031
0.0164780177900512 0.0487722009431812 0.014217544564933 0.0964805275944134
0.00269312348069446 0.0567569291598258 -0.0407789912595186 0.110400577271487
-0.0340739680577881 0.0716675673375405 -0.0780596113599634 0.0594914588632411
-0.0737980803560028 0.0540177546658033 -0.058853408724327 -0.00105898545577976
-0.0965957267799222 -0.00290360520639011 0.0168297740900346 -0.0215425690008763
-0.0793663985062533 -0.0420546776606767 0.137281908926058 0.0164820025687285
0.0269421851332125 0.0477947505702843 -0.164111045208225 -0.00991362729888238
0.0560105347221465 0.0114354869409929 -0.044625574628827 0.0308332903183087
0.0513012885085091 -0.0269619408438802 0.0620951363265571 -0.00573311437989703
0.0128146145082649 -0.0357839233935347 0.0911839217504732 -0.0701228412140363
0.00528858558124036 -0.0167559316336544 0.0479168181909259 -0.135484047428535
0.00729107095054302 -0.0173272685886187 -0.0278738715544512 -0.130216182998549
-0.000160223534982139 -0.0281268518501392 -0.0660364432459285 -0.0865342545071656
-0.000175541560108679 -0.0231401701377758 -0.0789464407463104 -0.0476637451783003
0.0100199799709882 -0.0259441032967245 -0.0917373317816988 -0.0124391083334702
0.0242506589468338 -0.0184135277387861 -0.107939559868525 0.000864710363025536
0.0254336677995026 -0.0102200182205079 -0.110634382550662 0.00694589565578959
0.0290254841453004 -0.00769413640369074 -0.118589321679341 0.00539603735581779
0.0488491808842124 -0.00239779425762043 -0.131516215150918 0.00523212182026268
0.0406055684052707 0.0342232870653992 -0.113629792922675 0.0475844884748986
0.0125650962420599 0.0571194189677927 -0.097289319987687 0.109191469703515
-0.0342123116408273 0.0723898087733728 -0.139561264702881 -0.0365975855736818
0.000787034013840893 0.0387032129130739 -0.020325937121443 0.0133444332939573
0.0121187588231838 0.0151803642421596 0.0833283156249996 -0.028906983272728
-0.00638184220849777 0.0116203461966856 0.100554823445258 -0.0896924998091961
0.00598100714996895 0.0245513269889984 0.049602720733022 -0.144198523056999
0.0238476969584308 0.0177393878594996 -0.0224559248043065 -0.13565426044151
0.0299993073130109 -0.00356668187196709 -0.0625345404594034 -0.0913223846911081
0.0311125257872076 -0.00865446769455978 -0.0711340803800761 -0.0521309662883691
0.0463715891103356 -0.0114914419825253 -0.0816810746814052 -0.0121378159516395
0.0570617334937324 0.00959412024584547 -0.0977913776856996 0.00640599055421973
0.0498459681818938 0.0284893829514367 -0.107299726887104 0.0159665618741324
0.0348069741674897 0.0499148311964498 -0.118863327823563 0.00713534686394072
0.0262705275425311 0.0551480768569378 -0.123567449250234 -0.00558728817012146
-0.00788974216525172 0.0742944464363706 -0.0878259291919467 0.0379730163216704
-0.0504600308135963 0.0893829895377378 -0.0675785910928884 0.0999046189690323
-0.0907570199593078 0.0866156073880156 -0.0961053066296946 -0.059030819832275
-0.0595395836294876 0.0629615238165991 0.0185693297238938 0.00453040854123934
-0.0323835846005276 0.0634504489819147 0.117280036133758 -0.0454469337104113
-0.0227042246460713 0.0674806427066333 0.117466801556089 -0.10753083147426
0.0120863632027112 0.0674235074984395 0.0507404879194592 -0.147111324299724
0.0406613502606318 0.0523092827952137 -0.0141844325073144 -0.131441915783914
0.0588123205252071 0.0216104617734368 -0.0505715357383095 -0.0866500163209458
0.0578351871449853 0.00747949734475156 -0.0524962484640955 -0.0500828314427571
0.0741766487289276 0.00218758710670931 -0.0598388838457928 -0.00839671265301015
0.0813631596276705 0.0316951340417987 -0.0762306178752432 0.0170078854214988
0.0708679266956338 0.0561370529560684 -0.093666512361005 0.0344503260466006
0.044374201373975 0.0933129831604937 -0.117735576042645 0.0179740122007285
0.0122769473392298 0.103345485224371 -0.119179927166125 -0.0118512036342569
-0.0475532478093885 0.10758184888069 -0.0643829833404172 0.0177341582038129
-0.103221526448481 0.10889272021185 -0.026939315389597 0.0783877011385263
-0.132973931804245 0.0884500743776844 -0.0390529429945645 -0.0780038223308389
-0.1139076650691 0.0824739961577843 0.0665299072178789 -0.00312011193472507
-0.0737727314169874 0.109753889515162 0.152097755046078 -0.0555984044192775
-0.0331633853757478 0.122986534812453 0.134337456390356 -0.117016479686593
0.0228255605985029 0.105453350381893 0.0562737308316766 -0.138674984446089
0.0562261283271716 0.0796602755842669 0.00103036394072039 -0.115336007940456
0.0803812243932326 0.0425018663019766 -0.0296249986189043 -0.0730292428459641
0.0763600139702616 0.0214860180559084 -0.0264646164219324 -0.0400428786278404
0.0901710677242679 0.0161842319052275 -0.0312264379556408 -0.000430259037868961
0.0923902789199591 0.0492665209119854 -0.0474790856211789 0.0286254169541272
0.0783734331423811 0.0741534061756024 -0.0740819635718152 0.0541538585037485
0.0473688747585397 0.120715574676155 -0.111161789904864 0.0317774416153886
-0.00126386236874125 0.134755993089265 -0.114028618882145 -0.016826710900465
-0.078852193614853 0.124212440237158 -0.0456265391492319 -0.00711988201112975
-0.140964493078054 0.110561392229194 0.0183590315390529 0.0504070527413275
-0.151476001567369 0.0791989099578884 0.0232914686049184 -0.0944167595201383
-0.147880881760918 0.087340500186988 0.112616373125293 -0.0164562126710587
-0.103603460064533 0.139574437056576 0.175934363213646 -0.0616024848431241
-0.0387758396143256 0.160375697353283 0.143882277140328 -0.113149075840549
0.0322664551169965 0.127876945434439 0.0644048597013169 -0.11668725548069
0.0651513116120385 0.0933482875326528 0.0238753435346874 -0.0901282132929301
0.090722051984504 0.054552309987256 -0.00154697529970178 -0.0537159243235214
0.0829346002770016 0.0318040204938632 0.00280849111604993 -0.0255799868437249
0.090859837774614 0.0280481049040709 -0.0015424418176722 0.01227997811815
0.0871130898933306 0.0634759739835797 -0.0181220994630492 0.0433498059255386
0.0694162702007763 0.0867178299647753 -0.0535921146443848 0.0738661376785666
0.0332317919740387 0.13262485460905 -0.101780381101042 0.0429044479048562
-0.0232156222761956 0.144958149496866 -0.104601776245473 -0.0208260547781256
-0.105389106965052 0.117962557533611 -0.0266303376864121 -0.0294089943844657
-0.160834140120381 0.0893131537041388 0.0627985086168007 0.0243226615253134
-0.143690174108412 0.0567018609347651 0.0769952847946869 -0.10682353920785
-0.153812907077118 0.0748539053330339 0.146738279170126 -0.0356574303816119
-0.11239928767196 0.139584896214681 0.180682071356485 -0.0613871541748169
-0.038934178680818 0.163104864544516 0.141762134931918 -0.094976399181155
0.0342131069224584 0.126222956111097 0.0728336814400585 -0.0834469031390881
0.0598771589652035 0.0913030580148205 0.050633651541841 -0.0584787935330999
0.084911486478244 0.0586378732117464 0.0290653171563371 -0.0323274133153648
0.0761854488911975 0.0383534908116747 0.0307230592800164 -0.0068379095317461
0.0782987001721978 0.0387705451111268 0.023695586047898 0.0310550341710508
0.0679029676182879 0.0719230635300092 0.00448204913549467 0.0619144216761813
0.0456710456441 0.0906494426972777 -0.0398975745861035 0.0916349739180531
0.00405831524714456 0.129805082751951 -0.0922317630672458 0.0507949754101569
-0.0533125540300579 0.132059273478621 -0.0897230858340124 -0.021904874741504
-0.123972289402843 0.0866942090152212 -0.00684785395946726 -0.0412509785277573
-0.159998687091719 0.0486663769405111 0.102355523094882 0.00864784408383024
-0.109755586570931 0.0212931314970304 0.114466629604351 -0.111585913076896
-0.131320363131464 0.0458166044955255 0.160804468312736 -0.0525015170499861
-0.100673896242127 0.109994593303945 0.167308262182424 -0.0523929759202662
-0.0353202423011709 0.131804992212522 0.131705689346199 -0.0658869329595389
0.0249863910172186 0.0993787883840315 0.0847344728531801 -0.0447973649129687
0.0437348002573165 0.0729586740234888 0.0753575613433772 -0.0289563609525955
0.0645466243359266 0.0520931159883418 0.0565981563726079 -0.0133558682364775
0.058567054451596 0.0370846076183317 0.0525374415851075 0.0123631469712546
0.0570132308888103 0.0408595859925743 0.0426529552905631 0.0524827287778564
0.0436886107694399 0.0674538195328051 0.0169735390940206 0.0839375485841034
0.0216059971193722 0.0808873014583839 -0.0348886530291196 0.109512025868705
-0.02054486393399 0.109294724529633 -0.0851595057965263 0.0605669671953205
-0.072643471212041 0.101483079713895 -0.0739370411133902 -0.0141467819525498
-0.124943660942246 0.0456104948876151 0.0113155034850277 -0.0370544076659397
-0.135272653709192 0.00355106097866692 0.133318793877229 0.00627235027281034
-0.0582139765198187 -0.0196493792067895 0.125342670731421 -0.109366272292111
-0.087657095343254 0.00822221083626859 0.152309074009291 -0.0623532082992303
-0.0692102962526302 0.0606908176479935 0.14521113295316 -0.0351917691099742
-0.0260173018719401 0.0756319036457367 0.122235406474885 -0.0370260016345518
0.00896384532681834 0.0569222621658283 0.095839436195256 -0.0185206859403479
0.0167820843234845 0.0449827341705212 0.0935593937038764 -0.0103924465649474
0.0316783347567357 0.0393501711000664 0.076164118877237 -0.000218819906766542
0.0316396658431918 0.0308718055365307 0.0660633194035282 0.0286339207613361
0.0300688771698802 0.0337008583148642 0.0530216786369636 0.0729232659645504
0.0212027180764293 0.0493347002939423 0.0197521406106661 0.104294002626842
0.00700003593344116 0.0567082077994913 -0.0375741603002403 0.123240894903495
-0.0283281303750796 0.0771389345450345 -0.0819911371424894 0.0695160757360099
-0.0715549853422703 0.0631132967136285 -0.0624272412654122 0.000846495052856996
-0.102745758547689 0.00487207171588572 0.0207483119715733 -0.021639154944452
-0.0900627392359956 -0.0370058160806457 0.150372544865548 0.0146795429959337
0.0296310298181539 0.046446725991352 -0.170862125819671 -0.00209236034728205
0.0584306030324022 0.00829465551223191 -0.04330119564834 0.0350257995239797
0.0515811177218 -0.0309426573749398 0.0671601572566362 -0.0100236433656085
0.0115295221264571 -0.0373595198033109 0.0936697555776026 -0.0801957866905384
0.00558159952497361 -0.0174608115486787 0.0438988196445431 -0.145666083755652
0.00696169260332621 -0.0185460997654248 -0.0339719945096015 -0.135430139792842
-0.00206039492502566 -0.0278740930425836 -0.0728476002669196 -0.0888354893774299
-0.00116910366133035 -0.0233679272404638 -0.0850326365306544 -0.047839370208144
0.00929177162032818 -0.027351360494842 -0.0961389346254409 -0.00867512045773459
0.0241296893596173 -0.0202384679684608 -0.112907233518892 0.00715426559605823
0.0258399917044282 -0.0115168834350753 -0.116222999171504 0.0130203920235052
0.0295064069032972 -0.00920010762905767 -0.125416978646046 0.0121654874501116
0.0507213543746877 -0.00492563975608917 -0.139622816518339 0.0129589690851442
0.0437233824652794 0.0330146595220158 -0.11805563282694 0.0543127653618179
0.0159069836025667 0.0582299105880906 -0.0970675557633941 0.117158134806832
-0.0322435088202539 0.0756155959433086 -0.146604057323001 -0.0311878985283166
0.0020566004001037 0.039621837881275 -0.019834823324759 0.015738460236412
0.0127223973491494 0.014734618661784 0.0874620381373508 -0.0359757970782876
-0.00620711646015891 0.013250673329183 0.101968326675501 -0.10079234730356
0.00786825904597374 0.0255440139969677 0.0452072687694758 -0.153818830159435
0.0259672569965953 0.0177666251296361 -0.0296321948580643 -0.141116548736916
0.0310895464664114 -0.00432466459737075 -0.0682644193577987 -0.0932172867275279
0.0318027873813879 -0.00969861656040296 -0.0766732440013757 -0.0525441123068211
0.0471300056329124 -0.0136710735177095 -0.0856610281804121 -0.00931478566034325
0.0595806844466264 0.00697006894486863 -0.101524273752886 0.0127999596621722
0.05335085622904 0.027490142808916 -0.110962720822696 0.0232881012626777
0.0386003072488504 0.0514902241493164 -0.125380302959386 0.014566624936263
0.0290832439245987 0.0559494256858926 -0.132102710029155 0.00238065595634627
-0.0054549391709496 0.0774011554597549 -0.0920902743585798 0.0426774271515034
-0.0482643855843006 0.0943026164562509 -0.0672381573231618 0.105633456627174
-0.0900983824145929 0.0926351750679826 -0.102866116191585 -0.0570432362360032
-0.0600646261230653 0.0670894542551465 0.0205238167408352 0.00502442238568631
-0.0325766107862978 0.0674873375605739 0.122520241531125 -0.0542576659849378
-0.0214446006437982 0.0725885785318806 0.118849078802751 -0.119873049637937
0.0155101691029126 0.0707095519306252 0.0480142378277403 -0.157052618167507
0.0455282309493916 0.0529079121130542 -0.0199736991673004 -0.137471464610312
0.0611045212942121 0.0211027096554753 -0.0548128359298141 -0.0884837855426483
0.0605068158775352 0.00556468857890284 -0.0579095035940049 -0.0501866701535999
0.0772087611269776 -0.000483774449307832 -0.0623513271649538 -0.00630025779602636
0.087050207816522 0.029067617997338 -0.0789727007058506 0.0228555861322193
0.0760871818037923 0.0555345775377914 -0.0963439356264509 0.0419410421237634
0.0516108064858535 0.0969013166364818 -0.12284195289603 0.0261650155624585
0.0168792471050501 0.107248730808182 -0.128358062921792 -0.00457146611302522
-0.0443613562706021 0.113805349309441 -0.0693932535350713 0.0200997184664569
-0.101483306240125 0.117866627905992 -0.0254695582996546 0.0816011391964094
-0.133869033301983 0.0977580836249352 -0.0443627351122871 -0.0792661597966292
-0.115427116629313 0.0897283432575134 0.0703091433074983 -0.00550234304042006
-0.0741371008709078 0.118509796916216 0.159241693601766 -0.0660794358692357
-0.0289220379893806 0.130985637735694 0.135889437972173 -0.130483880948069
0.0286944972843988 0.110039586975781 0.0530310147907646 -0.148265505446191
0.0633794575280894 0.0806831047427401 -0.00434255764855381 -0.121616171905845
0.0848211339207789 0.0410103802949256 -0.0325272506459506 -0.0743702751815633
0.0800301190127809 0.0191912916271701 -0.0302477223069552 -0.0416284294791217
0.0938221062200861 0.0135335525721821 -0.0327578053173776 0.00137597065829445
0.0990687693811727 0.0471886590817086 -0.0477793591789113 0.0342473820217951
0.0849553293198986 0.0750005762124231 -0.0739731909290202 0.0628575029541105
0.0553529579368658 0.12478290635056 -0.115455341150819 0.0413798234169221
0.00450191453234538 0.140772200820201 -0.123401908791495 -0.00986451243269286
-0.0771325941247707 0.132534581284727 -0.050704529332776 -0.00646403606384632
-0.141158578687602 0.121451265444834 0.0200985932890198 0.0503738316833017
-0.154440149645282 0.0882478916569823 0.019329090779781 -0.0985649870450861
-0.150927475973078 0.0976796268698421 0.117363833307653 -0.0224099303557366
-0.102350766950726 0.151231752223776 0.183299518736093 -0.0736506265028464
-0.0325977290488299 0.170402074018954 0.145960369600502 -0.12698607778183
0.0392607482672394 0.132766236929569 0.0626239011523702 -0.125191834598704
0.0727254301117494 0.094728201060315 0.0204559533979617 -0.0961952637318334
0.0957930613506413 0.0532874583385762 -0.00247888785422235 -0.0552077505793019
0.0874492320246022 0.0294245786523552 0.00109860056129978 -0.0274035653699393
0.0958354168973193 0.0267296518157993 -0.000799676903713039 0.013496997157456
0.0950710034364024 0.0625414240336952 -0.0167423657576593 0.0478085142081428
0.076066199704638 0.0880760249814335 -0.05185554181278 0.0819009245989312
0.0409895877533379 0.138722808480139 -0.104693541810845 0.0531771529216947
-0.0184045637106957 0.152784328190554 -0.113869925973866 -0.0133713465616537
-0.104438145480224 0.127437342088624 -0.0320585787272007 -0.0302414082499503
-0.163470702382478 0.100636035122482 0.0651603603367604 0.0208611067979979
-0.146830284731209 0.0646529431551254 0.0751080357906953 -0.113380774939052
-0.15745122004552 0.0863495335587933 0.152120703522542 -0.04333725318651
-0.111760635129891 0.151447515650258 0.187737842900892 -0.0730845226608771
-0.0326160752894043 0.173647685028139 0.144094857666501 -0.107748878198947
0.0408908821031199 0.130520169829983 0.073053482670537 -0.0908141726457025
0.066927765500842 0.0933422233664293 0.0508222744176408 -0.0639298644335078
0.0907014008239525 0.0564425606604651 0.0304359492098152 -0.0335996951220296
0.0809676704291042 0.0363804089233869 0.031182790873003 -0.00864878146070108
0.0832501919880532 0.0379261584285738 0.0268907858687043 0.0321607865062358
0.0744290198407645 0.0716427493446002 0.00750901864720109 0.0666458211792197
0.0512366582122589 0.0932953006899757 -0.0362798790908668 0.100909777009143
0.0105351577525404 0.136158692863972 -0.0950144479354449 0.0609973405741186
-0.0499750718508568 0.140368684472008 -0.0982254399443298 -0.0162553887336102
-0.126190081400684 0.0967792959133602 -0.0116797557360031 -0.0428832265385041
-0.16518121366124 0.0587354725177227 0.105952864808886 0.00347824556711486
-0.114100935264406 0.0272013997399658 0.114189639388832 -0.120095847406042
-0.136327039035535 0.054919675869909 0.166495795095741 -0.0621754196172451
-0.100206142844903 0.120589126409668 0.174121488870099 -0.0628680627022594
-0.0296404550449594 0.140139245448708 0.135054894737496 -0.0765866828665848
0.0304557140168807 0.10352900559472 0.0870977793556224 -0.0514627680594883
0.0497405609113101 0.0748379724099257 0.0780639178553519 -0.0350533317503942
0.0688819489197853 0.0509498470074494 0.0595230826463796 -0.0150098216218892
0.0620891175432556 0.0362847555866206 0.0554787455790403 0.011098157880222
0.0609086825026402 0.0406272187401811 0.0468203342357035 0.0544660105182837
0.0491627886010816 0.067845560173243 0.0211941575539747 0.0889489654419464
0.026004109215712 0.083430494244065 -0.0306384953105245 0.118866747111649
-0.0155897857918782 0.115644249622227 -0.087023149547777 0.0696111694762317
-0.0707420559516066 0.109598119470473 -0.0807167108040583 -0.0095122520162962
-0.128447342179419 0.0527865117045745 0.00766206742906283 -0.0394106942350963
-0.141948076258371 0.0104191568568832 0.138800579292092 -0.000899468904614623
-0.0623069080952664 -0.0176178432484584 0.125694141687625 -0.117963291700069
-0.0920483108800314 0.0135443629426681 0.156936988412699 -0.0720683480695868
-0.0695483939592523 0.0672903213951314 0.152042013834379 -0.0436025424162637
-0.0232644991530362 0.0809425444995207 0.126304900411224 -0.0462582316305917
0.0116966639303918 0.0584338142011223 0.0999877273609119 -0.024318959804247
0.0193885490350851 0.0468145703348396 0.0979222098322494 -0.0162674255406073
0.0344737256772477 0.0392484649965315 0.0794356454460799 -0.00252034080544109
0.035037215841997 0.0304533030713808 0.0705095773483551 0.0279611373265745
0.0329856112687196 0.0333870557155331 0.058841409042617 0.0745295143237097
0.024552894508614 0.0493808855361918 0.0245046067019315 0.109376242340067
0.0093054675629962 0.0588001275288761 -0.0333926022379266 0.133190646792367
-0.0248984303940623 0.0823745420937931 -0.0831491156541522 0.0790630112821895
-0.0714438142074604 0.0695468579621766 -0.0680747385218299 0.00514525435244389
-0.107342484770421 0.0100572084226842 0.0186167730448981 -0.0238544701189125
-0.0964654802246924 -0.0341531458180577 0.157762556238567 0.00733495142956593
0.0320288582123205 0.0448730544760854 -0.172318166566801 0.00757244144952797
0.0591259367411136 0.00477957929805635 -0.0403331367168555 0.0387391403485133
0.0498542272836447 -0.034502691836535 0.069316524918819 -0.0155856336663005
0.00953831425389789 -0.0379837681525079 0.0910175259316127 -0.0889580661921798
0.00533351287676226 -0.0176126742368041 0.0378100267826082 -0.151528785613578
0.00639782039499093 -0.0189413928914757 -0.0416891416502981 -0.136689327088234
-0.00371896899988392 -0.0270014255825706 -0.0783392746834589 -0.0878711216847562
-0.00251690356479836 -0.0227043553257243 -0.0895618426588953 -0.0449984108239106
0.00778943977829502 -0.0274663230353546 -0.0978418374495833 -0.00399586820524429
0.0228332746802884 -0.0219693521819776 -0.113572644702233 0.0141411923139155
0.0252415048840558 -0.013526140704032 -0.118098072814081 0.0202952031915347
0.029977405944123 -0.0110791512256043 -0.128603754695251 0.0198258430044734
0.0500981408333875 -0.00910198980105952 -0.143042912565825 0.0230031067511136
0.0462249892835526 0.0307054158922308 -0.118349718863202 0.0601425804739255
0.0197988861525024 0.0570692400485571 -0.0928679793235425 0.122160056594393
-0.0289423009158897 0.077162192071348 -0.14986616170941 -0.0235471613273904
0.00350182475858648 0.0391928091300118 -0.0176964830421961 0.0175879550708601
0.012610463662121 0.0146514756069208 0.0883645900201325 -0.0423372313365099
-0.00567644312531248 0.014567242306176 0.0987554385237424 -0.109788047551428
0.0100856140752756 0.0263276314665757 0.0385073254537253 -0.160054101511399
0.0280429145035855 0.0169580112417864 -0.0363870167788638 -0.142127842061982
0.0308633393155741 -0.00456335766946168 -0.0733161496954596 -0.0921009991663887
0.0315230031287715 -0.010305458465623 -0.0810690771955207 -0.0502853940668221
0.0470102975177369 -0.0158173347887219 -0.0868034902943561 -0.0047687199481573
0.0611597593259271 0.00406984277588105 -0.101734380065794 0.0197265778091101
0.0554917165368769 0.0254910783174474 -0.111476754175641 0.0303833868621329
0.0425585844264358 0.0502321285076046 -0.12811287194752 0.0229119956117434
0.0318579746837158 0.0545974453987185 -0.136198418739133 0.0118273690938689
-0.00171090519333545 0.0786186023778414 -0.0930441839562818 0.047025346908174
-0.0432998152785758 0.0969585829396548 -0.0635736780635001 0.108963867956312
-0.0859686298288502 0.0977761956423753 -0.107209678117823 -0.0518123371674748
-0.0579211426867391 0.070907307515897 0.0227063232772463 0.00457067253973651
-0.0300489744006795 0.0703092339995894 0.122790329315404 -0.0632808889805905
-0.0181312147383067 0.0762046638300761 0.114558265436159 -0.130222512633366
0.0203377606514849 0.0717948455704282 0.0407283596265076 -0.16314337314735
0.0495793728922995 0.0517484128324404 -0.0276683859852162 -0.138795123165278
0.0625465654992447 0.0192810244118268 -0.0588371540945208 -0.0875960144638581
0.0614348000302718 0.00342810403129336 -0.0611082672713538 -0.0488858713745493
0.0783371279639688 -0.00400058922142463 -0.0631727063662641 -0.00269722998482553
0.0902054641424975 0.0246264849500811 -0.0777233349495318 0.0285204097157803
0.0799862077554038 0.0530321723774213 -0.0944620738920437 0.0496959794406693
0.0580778640078759 0.095710514213247 -0.124689944236038 0.035738738281136
0.0217741853523226 0.107520770877014 -0.132639888004819 0.00605812254424123
-0.0395217977163918 0.117919002824403 -0.0718827923301249 0.0241391935873827
-0.0967676442378627 0.123951967956797 -0.0228083294954584 0.0823624302317755
-0.130370396682945 0.104585748388793 -0.049150525626086 -0.0767658122673622
-0.113307091731065 0.096764731005627 0.0716028481874804 -0.00865299843254729
-0.0693786985900708 0.125052562972658 0.159079448198064 -0.0778476432407249
-0.0221340698739688 0.1361219836703 0.131309270021467 -0.141941796449161
0.0346635284988541 0.110690875012775 0.04665842749938 -0.154632065040538
0.0691471495639211 0.0786321721422388 -0.00994490798007478 -0.123775235378761
0.0868940858688664 0.0380543604276766 -0.0351220992437131 -0.07432893001619
0.0815176136531269 0.0156443993712737 -0.0332245029839393 -0.040794481561352
0.0957344965260758 0.00876486841325577 -0.0325991159420724 0.00320157341232486
0.103609759233732 0.0426892391817218 -0.0456659590345161 0.0391046077649754
0.090354021771328 0.0718484863315592 -0.0702152749748176 0.069404000132444
0.064094855565029 0.124947052894467 -0.115406923481529 0.0507059797346045
0.0111746460939413 0.142740088956352 -0.128282837977657 0.000151347957073642
-0.0711251370658667 0.138534414044282 -0.0543757414511216 -0.00353013516616737
-0.136813480322866 0.130449031647053 0.0216279905978582 0.0481718202106367
-0.151476687860007 0.0966995421295 0.0141750006611147 -0.0999392473820515
-0.148925209897343 0.106895486055208 0.11899459225254 -0.0271216244385657
-0.0971067407175334 0.160201069266969 0.183655336609409 -0.0863464578612948
-0.0235090992687744 0.175253241306491 0.140767647802291 -0.138127098293218
0.0472820469838316 0.133549244969318 0.05697052292806 -0.131395630792236
0.0795189649121889 0.0928478702317823 0.01585161779537 -0.0993618659055625
0.0993132744712889 0.0489225661703614 -0.00343474784378106 -0.0553850177306089
0.0898770116292331 0.0252899338893371 -0.000953046347151603 -0.0274645187908067
0.098877476527746 0.0222017470491924 0.000523549870654181 0.0147479706190221
0.0994531643834152 0.0575157759858518 -0.0135009487122156 0.0517860814577116
0.0814962956639499 0.0864515189864819 -0.0459363385913658 0.088141370699173
0.0498114075695629 0.139071661799829 -0.104074267060523 0.0630634690992593
-0.0106966044824414 0.156061375707266 -0.118929294320767 -0.00428823004918022
-0.0991989517141182 0.134841179312064 -0.0372142424024787 -0.0292068117760656
-0.160616682151635 0.111135868923875 0.0660606286477213 0.0163329435170631
-0.145217880363045 0.0727019980294474 0.069950469409765 -0.117560665780447
-0.156343947444999 0.0965629273425062 0.152635668546235 -0.0512305255659447
-0.106110340300392 0.161409481413418 0.188743221899835 -0.0864104991942064
-0.023096472658484 0.179669945341571 0.140465944655571 -0.119185705403021
0.0485994921494279 0.130928465316469 0.0701469308826481 -0.0968971356373976
0.0740514632136999 0.0914580233752681 0.0479566731936189 -0.0684157082508209
0.0937552710188143 0.0527059685567599 0.0310184569113516 -0.0349206769442243
0.0832574831450529 0.0326054493699024 0.0309656380028362 -0.00959174039641774
0.0859307604689882 0.0340492386557003 0.0293414593426937 0.0322603301482488
0.0799428343420393 0.068810619014099 0.011574459057281 0.0692585694903106
0.0569172707661732 0.0926322943977445 -0.0300309107395893 0.106060010771235
0.0184888670231897 0.138153817739787 -0.0930187200111832 0.0702225159940179
-0.042835963402056 0.144757330149934 -0.103121272114544 -0.00824088807551556
-0.122939114864682 0.104377470824504 -0.0166237979671418 -0.0429033106552324
-0.164586475246609 0.0690614736923676 0.106632445056722 -0.00408951694298475
-0.114980190492963 0.0335240036748854 0.109887681266364 -0.126522503141366
-0.135497344864952 0.0638249116247292 0.165660015924627 -0.0707966345975551
-0.0948163801219449 0.12892887696882 0.175371812466037 -0.0745103213962354
-0.0221383404051436 0.145215047164493 0.133407480875781 -0.0872292480763719
0.0361444642092338 0.103241414093637 0.0864048155429963 -0.0581357187179507
0.054594722731406 0.0738557718796487 0.076872890003639 -0.0398971277681079
0.0719547656549524 0.0475755989112682 0.0607644504606512 -0.0172985835019174
0.0650891491423542 0.0325454294245311 0.0564940012955848 0.0086966749948377
0.0636309066330632 0.0377492245315595 0.051531971203137 0.0540179609753602
0.054039225686431 0.0664139625830557 0.0264188688840435 0.0913497581912774
0.0303633637917437 0.0836617231004219 -0.0235047142343722 0.124346972777486
-0.00859814970841679 0.11850590443306 -0.0851393239863009 0.0787898275654769
-0.0659098004088063 0.115211783310991 -0.0848773791112775 -0.00327377500882759
-0.127997106289957 0.0607123197676 0.00371827322422663 -0.0406842303393638
-0.143476945987942 0.0196311017656571 0.139676746265426 -0.00952808081768994
-0.0653095455785894 -0.0145368032288217 0.122399589516399 -0.124380572308456
-0.0925081916322516 0.0196561071601554 0.156220027052316 -0.0808669852754558
-0.0664453607101306 0.072990894490106 0.153788550865774 -0.0538003837447393
-0.0184686630745449 0.0844515649936652 0.126278275171443 -0.0560374782848925
0.0151796334462404 0.0582364154097822 0.100400113698744 -0.0308849891773807
0.0225570320113331 0.0464351458003352 0.0981323585334926 -0.0223156148785231
0.03725344000891 0.0377712044588806 0.0809300259264659 -0.00527228072362464
0.0367852274011956 0.0281677345112168 0.0728808248492278 0.0253851307765334
0.0347340694350262 0.0322208594470988 0.0638537712127907 0.0743133795044806
0.0275842807307822 0.0486638094963929 0.0304736891440648 0.111590421186944
0.0125511405739044 0.0585589664755386 -0.0255193381349306 0.139347310330079
-0.0201404301161178 0.085281635529221 -0.0805407555311477 0.0874244043185931
-0.0688566851836551 0.0749280952257066 -0.0704384474088665 0.0111028827626525
-0.1079575998601 0.0159637246531697 0.0160085641762595 -0.0254223087062422
-0.100577403956862 -0.0281716315285043 0.159230157830901 -0.00218162174404695
0.0326359340300862 0.0432486480665924 -0.169946835590652 0.0132936576499051
0.0583720828761727 0.00253112887858153 -0.0365717502231148 0.03941462243135
0.0477221714283064 -0.0363151892918631 0.0695550576769541 -0.0191182305384344
0.00804349414923299 -0.0380354914383603 0.0875598988334843 -0.0942636453220467
0.00532158678345123 -0.0183960189592126 0.0311250662708965 -0.153324717376915
0.00578363640387334 -0.0187711436371367 -0.0452821588689585 -0.134504259983855
-0.00511474877407138 -0.0256817267142264 -0.0808491721261546 -0.0860959131863742
-0.0035571115482034 -0.0214695769270009 -0.0907255398907686 -0.0425292550891155
0.00654312211215525 -0.0276812612271123 -0.0966292225200494 -0.000920289673316925
0.0217464350008301 -0.02276979330807 -0.111822228648717 0.0188292149945298
0.0243184268215458 -0.014204898429265 -0.11722743460919 0.0250646842090613
0.0298409921794094 -0.0121755088967306 -0.128205962133403 0.0252619017769992
0.0483780439503461 -0.0112910042554567 -0.142556444050643 0.0299584293080325
0.0462886210662726 0.0285888859232456 -0.116292267837687 0.0627145182732431
0.0218139419124724 0.0540415136057692 -0.0885764457679708 0.12269460986962
-0.0261264467617167 0.076769105095805 -0.149092006061949 -0.0182896834757419
0.00456982126798365 0.0384005607054021 -0.0153485047128151 0.0181501112474283
0.0120224715640321 0.0142007273909642 0.0870365497716379 -0.0471540722441482
-0.00507649445708414 0.0153249778184383 0.0944430894068918 -0.114730427647815
0.0110675543448362 0.0263408985788861 0.0325728503142448 -0.161606787646833
0.0286763934467278 0.0162854220883314 -0.0407202781826086 -0.140966694581301
0.029537228956476 -0.00423548454606394 -0.0749444805933186 -0.0905831148852919
0.0306227114770141 -0.0104485019220742 -0.0831012430510987 -0.0478860964025344
0.0459969335741037 -0.0173497461896573 -0.0858761130605874 -0.00199473363366582
0.0607824869402122 0.00172164859776257 -0.0998679045586118 0.0239517736151018
0.0554645355354959 0.0233030852686019 -0.109683158673389 0.0358706208003093
0.0447887251892585 0.0486201971949239 -0.127279594583032 0.029573766097293
0.0325896643094231 0.0522609516091607 -0.136242973546787 0.0198931143475265
0.000762000318266906 0.0780187421014073 -0.0926698608744227 0.0491066568311775
-0.03924661786916 0.0967417514762082 -0.0601712624595682 0.108966886760853
-0.0820816754188168 0.0986993968717454 -0.107919765154824 -0.0478949422926202
-0.0561217696884703 0.0713055895069001 0.0242941715349124 0.00423395787587755
-0.0287085230103893 0.0713554469058029 0.120285227209837 -0.0692710815054718
-0.0148578181495512 0.0771852209641821 0.108838916818313 -0.13565140880653
0.022197721204837 0.0713202046215013 0.0353732270102809 -0.164515307390361
0.0516229299525741 0.0500286839979934 -0.0311442988178308 -0.137239911004555
0.0622722188245431 0.0176107867244422 -0.0598521502660456 -0.0860469910694961
0.0603811880035881 0.00220341913212075 -0.0630831182892314 -0.0469297161560018
0.0767551772579575 -0.00668025662645847 -0.0626759491295381 5.21731448840106E-05
0.0905042874448398 0.0213985071816035 -0.0750178556838785 0.0325866137714402
0.0814278301279015 0.0502711198378207 -0.0917355765456601 0.0540432197071245
0.0620045390653567 0.0932754848633387 -0.123110005728715 0.04247864204763
0.0245942879550476 0.106036050808789 -0.133493276004578 0.0135265439951496
-0.0354540823493816 0.1182510665287 -0.0733029181624895 0.0258531998766299
-0.0912153813297756 0.125995143950944 -0.0212685978509127 0.0807328446039803
-0.125259498516153 0.106913666258867 -0.0517831576846757 -0.074208811050729
-0.109913028814266 0.0993732707189049 0.0716512703275606 -0.00998351492357452
-0.0656548312692628 0.127071211738166 0.157592535379829 -0.0847124569758243
-0.0176477338350358 0.136567883251431 0.125251759551255 -0.147350479350799
0.0383904843130466 0.109497905611291 0.041691339057314 -0.156764990575218
0.0716281706432104 0.0758423796052324 -0.0143262731656479 -0.12375436883729
0.0872351302106245 0.0355887638322248 -0.0347348436565859 -0.073268473373633
0.0812973806448195 0.0134952522123648 -0.03486989038448 -0.0393174794890682
0.0951756481061032 0.00590612758890345 -0.0315519100906502 0.0045148867413319
0.104354456518251 0.0384865053931857 -0.0431745713893114 0.0415711167186871
0.0919473246170343 0.0691934338129698 -0.0659980588296829 0.0728831383012019
0.0687951106621807 0.122042588200962 -0.112959100413158 0.0578008509102424
0.0152519798455011 0.141790128878588 -0.129125696668359 0.00892652011660616
-0.0660703596713446 0.140215308536916 -0.0566087166685321 -0.00222304729922614
-0.131167081743949 0.133617891853056 0.021440530238801 0.0456314285447315
-0.146872410824202 0.0998979177436566 0.0106448122005696 -0.0983774350465721
-0.144883415030839 0.111633957129624 0.118011663978405 -0.0304555259800993
-0.0911513211342887 0.163044269779486 0.180905327918268 -0.0947657753836884
-0.0167233589744764 0.176015111506438 0.135167850500557 -0.1443596078861
0.0513109288541964 0.131905064274104 0.0524370112649973 -0.134259812957244
0.0828623570385804 0.0897368907777215 0.0119054457099418 -0.0997198434318072
0.0994217009687289 0.0459022088453074 -0.00280174703528745 -0.0553840824825314
0.0896760180926498 0.0227466232975453 -0.00233273661315912 -0.0271486101335997
0.0982683288417935 0.0187899295438237 0.00157003243317792 0.0150863922447351
0.100261083977144 0.0540482574571451 -0.0103353256732904 0.0533576597447349
0.0840005159586453 0.0838331994453435 -0.0408318580547263 0.0911904748034919
0.0554379705502894 0.136991536887707 -0.100746290144633 0.0695678319188682
-0.00611925090741466 0.155749144959199 -0.119819272392142 0.00399333923589265
-0.0944392609023729 0.137400787414606 -0.0406568174254874 -0.0272599512788878
-0.155244037435291 0.115992234099197 0.0640066006393161 0.0125884604359617
-0.142592888279237 0.076855189103838 0.0656201891948051 -0.11806115526954
-0.152547423674112 0.101790907616389 0.150792499053997 -0.0556314257820441
-0.0998533136635548 0.16484749864183 0.185925371764555 -0.0936662426356271
-0.0165662679852453 0.180252533074221 0.134861319285586 -0.125294816080867
0.0525369112062345 0.12932527203778 0.0670016667994923 -0.0999687769518797
0.0767112753382252 0.0884128156067719 0.0446847775647097 -0.0701170822923859
0.0935606523965219 0.0496277737517946 0.0322331529921429 -0.0353257627384789
0.0832326629440433 0.0292526726622012 0.0300665877163539 -0.00966460229231319
0.0869092371008575 0.0314552000605552 0.031034211146989 0.0316789768288002
0.0817257702229389 0.064946865608754 0.0143892908695684 0.0703353261031691
0.0596395026021971 0.0911091336857325 -0.0245448893359328 0.108543299279776
0.0247894410834023 0.13725539448031 -0.0900901376584447 0.0761680952492664
-0.0379615478925894 0.145985592567892 -0.104490235126295 -0.00124224049657019
-0.118697511038081 0.107802352779873 -0.0207168703164862 -0.0417923115086323
-0.161269026759918 0.0752602183070454 0.103778085205401 -0.00896342199974353
-0.11337059789706 0.0365475578220498 0.10539610828042 -0.127612962609619
-0.133046002323786 0.0692064354253384 0.163161379308326 -0.0756797451395164
-0.0897139590251397 0.132541364544304 0.173454843395632 -0.0817293135726424
-0.0164432775016622 0.145906899950917 0.129026858025205 -0.0932777458072867
0.0388149142785214 0.101988744070271 0.0842540143230002 -0.0613971832307127
0.0572185895824544 0.0714817105029747 0.0748736220665343 -0.0432064960089851
0.0721011520182808 0.0443386171404557 0.0617372420411753 -0.0182617632506522
0.065307413308495 0.030491569079478 0.0561121642898837 0.00765464725083416
0.0645363259630642 0.0356796084207877 0.0537061102556816 0.0527331062522713
0.0560829490359653 0.0634703693003573 0.0300891560401874 0.0915574611951149
0.0331406918588255 0.0825763198604518 -0.0177334129551953 0.126112962928179
-0.00328653523544608 0.118947184675062 -0.0819079328187592 0.083696670953206
-0.0615214026085916 0.117135808582314 -0.0865781732586452 0.00262234920762591
-0.124759699656436 0.0650935541804526 9.80351150782863E-05 -0.0401472702376669
-0.142791688458484 0.0255314985473046 0.136955941255678 -0.0152960905295273
-0.0663911326984221 -0.0118800974280885 0.117789581826603 -0.125839815802399
-0.0922847445656861 0.0237639173706305 0.153580703422444 -0.0851390080502931
-0.063384903713811 0.0753671830424209 0.153567742376136 -0.0602004821323693
-0.0148081523697206 0.0850229617589788 0.123425881844343 -0.0611103038413377
0.0165393507602689 0.0573375788455191 0.0986305739478016 -0.0353631086221562
0.0242892727625738 0.0453797245108896 0.0968211344128873 -0.026096137865417
0.0372424027351945 0.035496096863696 0.0811980887096075 -0.00632218319002755
0.0373130669452312 0.0262780212678746 0.072737427427781 0.0234406950926781
0.0353889265939037 0.0304112935190296 0.0665071482394813 0.0728369859892486
0.0290210056951948 0.0465513092548604 0.0343658270877667 0.112381164292882
0.0141763519541753 0.0579652923188591 -0.019252434946568 0.141452846172707
-0.0157107679686195 0.0851538227366673 -0.0775758838491381 0.0920385999029531
-0.0646309727361582 0.0766432894488412 -0.0716755199473195 0.0149607388171382
-0.106749942941854 0.0205236550226863 0.0133308633732228 -0.0253335480314367
-0.101219078211449 -0.0230269567095255 0.157584574687266 -0.00889509512150427
0.0327036315880333 0.042178593859765 -0.168195739590227 0.0140306774315641
0.0576429461523826 0.00217815284751015 -0.0342632900726608 0.039240771177407
0.0468736747737279 -0.0364768182511876 0.0699787994621709 -0.021795636995968
0.00726456735748069 -0.0379122525947426 0.0862562928818648 -0.0968059501754401
0.00565358659453408 -0.0190035690723116 0.0296056856488416 -0.153983638658586
0.00553788128491885 -0.0191012152312494 -0.0459060931876136 -0.1348787127096
-0.00551733457987011 -0.0243621857611709 -0.0821413218759096 -0.085937421905831
-0.00353004792054613 -0.02088849778792 -0.0917505053018907 -0.0428059209027653
0.00607470236178801 -0.0273737689620187 -0.0958558941419801 -0.000598335534912798
0.0210166272191852 -0.0226462975637525 -0.111157758469079 0.0200456946707419
0.0235586361942216 -0.0147405517001886 -0.117124505042771 0.0269675630315683
0.0295277099081973 -0.0124425792646794 -0.128903259478635 0.0286104246535268
0.0469349993092596 -0.0125908578036731 -0.142629383969015 0.0337396524684772
0.0461925153229228 0.0278060480475392 -0.116716821863515 0.0626028059418393
0.0218712541703489 0.052439673496533 -0.0887812512316054 0.121939388682229
-0.0248054975612957 0.075737865355277 -0.148347999282616 -0.0167670656756468
0.00455806878254543 0.0379848757766936 -0.0135732830033676 0.0183554597512444
0.0113004863913308 0.0143725577197458 0.0876070874362224 -0.0493852655692534
-0.0054629735778762 0.0160101998232857 0.0931435123032777 -0.11721936186957
0.0120942506383935 0.0260666357715858 0.0314293396223213 -0.162350346962152
0.0290221652336974 0.0156382610396907 -0.0412643903565008 -0.140805651997098
0.02955323736249 -0.00319229727053301 -0.0755464839828639 -0.0911259689080344
0.0302710353568015 -0.0100898071349212 -0.0836978685108178 -0.0479131851233636
0.0452506792088947 -0.0171463840939331 -0.0849223705126013 -0.00150409118672391
0.0604221073154098 0.00122646320710392 -0.0984977384069033 0.0253023950306226
0.0553260624846651 0.0228631684596615 -0.108985314332766 0.0380189321523978
0.0455834292005391 0.0477001672787768 -0.128485865570014 0.0323517554719373
0.0315917458117984 0.0519696461145419 -0.13709801020854 0.0235310560262741
0.00100710869561908 0.0773534964716773 -0.0938436329791806 0.0492332625967512
-0.0386101457534217 0.0953010841279435 -0.0602759046063157 0.107321223690817
-0.0807054151111708 0.0977676710366338 -0.108107168579375 -0.0464871245128963
-0.0558865917812097 0.0711903486952081 0.0248582162087911 0.00405571758100971
-0.028328817542347 0.0715919752814257 0.120161572427235 -0.0722400148062475
-0.014629710816564 0.0773365756092801 0.106941243014141 -0.137719214062878
0.023547555420117 0.0717256922604743 0.0344151546354698 -0.16614771839629
0.0520153960221121 0.0490946234024062 -0.0324960173111012 -0.137210724861999
0.0619672664257577 0.0185554791784962 -0.0592639379595963 -0.0867045829150012
0.0602749125842843 0.00227647094419349 -0.0641076250042314 -0.0463831664157616
0.076621410289696 -0.0067107772209367 -0.061709866583344 9.21924794433618E-05
0.0899680587331146 0.0207163054455062 -0.0738317248891436 0.0339885711484028
0.0817337951236188 0.0497486447845941 -0.0902283208374121 0.0557305554173922
0.0632672687112635 0.0922234443576951 -0.123182344530061 0.0461996137100641
0.0244781307676483 0.105624138244764 -0.134478239322677 0.018219063084064
-0.0352553433655479 0.118344869995043 -0.0744991283726854 0.0263710124942193
-0.089492625016933 0.125718346000774 -0.021999009351328 0.0793565332450869
-0.123749959855403 0.106202584245729 -0.0518720629056926 -0.0730416880505356
-0.109476332333849 0.0996142871847327 0.0730255225625331 -0.0102456191050725
-0.064382457307148 0.127380702912042 0.15649047210162 -0.0877485384051418
-0.0156197823235423 0.137163269261109 0.123181055609141 -0.150185699836098
0.0395934882895625 0.109870092180188 0.0408933270573825 -0.158140971506965
0.0725370140431983 0.0755150183201109 -0.0155655838411313 -0.123690171901879
0.0863810226379993 0.0358436934029188 -0.0338234334049106 -0.0741597663170116
0.0806488468531905 0.0134487010460873 -0.035856094749545 -0.0388450374044862
0.0948367510374706 0.00518417231736109 -0.0309132654137363 0.00468416360349163
0.104487505597915 0.0371727863155197 -0.0414342237222038 0.0434669775685891
0.0930513679775671 0.0689853956393164 -0.0641776001403906 0.0751151279905944
0.070225742198359 0.121348040489859 -0.11291014002912 0.06161866920219
0.0152604834448288 0.141420380630205 -0.129680251065555 0.0135300328385837
-0.0650822341187984 0.140130197633234 -0.0600042191837412 -0.00144992349525683
-0.12880551931071 0.134083780116843 0.0201099168422619 0.0440292610940797
-0.145388438731094 0.0997611250902814 0.00986651907435544 -0.097178208915915
-0.144590378005379 0.112664143919892 0.118438343248412 -0.031580024654011
-0.0893759884161757 0.164157959556155 0.18054297687954 -0.0977787388500037
-0.0149479150064905 0.176683878610204 0.132707923293286 -0.14723440714138
0.0524491978857685 0.131660205800573 0.0512063337700992 -0.13501628101403
0.0838348476523147 0.0885688487782957 0.0107581980266849 -0.100266843276138
0.0984239111798821 0.0453652380808814 -0.00124536074689998 -0.0557823380186562
0.0889272848372767 0.0217173344676187 -0.00282296613612938 -0.0266102031579313
0.0980145533815762 0.0178963995314237 0.00165123527200669 0.0152381745789023
0.101041153213115 0.0524855670331273 -0.00913371961881764 0.054913200127317
0.0843879278888978 0.0834786398937539 -0.0381310892211224 0.0925115257166691
0.0572462579897545 0.136116796614507 -0.0997516491313301 0.0734571643464051
-0.00495857032692974 0.15535672452542 -0.121086342150016 0.00883443180377455
-0.0933866858214588 0.137789031825744 -0.043806457230483 -0.026510266178207
-0.15321259353919 0.117335929752305 0.0624915240346849 0.0107178731755895
-0.14160396893141 0.0770409373086235 0.0650488755184252 -0.116900552463842
-0.152017391024492 0.103585115099115 0.15072652616067 -0.0563739384988805
-0.098281860994115 0.166676700495389 0.18547687386214 -0.0976809504967963
-0.0137409033386216 0.180581799048962 0.132738534921178 -0.127779882265033
0.0536314593666208 0.129224509025002 0.065660311884623 -0.100991689162004
0.0781831609837088 0.0876889746897032 0.0437108149454008 -0.0704537107142659
0.0931487539621778 0.0490342653119495 0.0338249412648695 -0.0359472293417083
0.0825161733643758 0.0286126380263872 0.0292426497928056 -0.00961875829277233
0.0863275358534119 0.0304090961507472 0.031554125678137 0.0320442429596417
0.0821206326349525 0.0639881010369466 0.0161754927851627 0.071912328205994
0.0601485166193352 0.0910472751981945 -0.0217920581081314 0.110006893942353
0.0270187602611759 0.136655536955468 -0.0897035413874499 0.0798403534674945
-0.0368800042618489 0.145907408129055 -0.106131158756838 0.0032989964768375
-0.117147514890303 0.108922408101123 -0.0237238594734582 -0.0416184658633725
-0.159612760420741 0.0768862933018895 0.101659266713122 -0.0105196799984981
-0.113318272378746 0.0378428329555881 0.10446757760355 -0.125952783053917
-0.132615958330152 0.0711132913958269 0.16226709499522 -0.0759924242294117
-0.0879929830939647 0.133808954055228 0.173557945750604 -0.0850559487588523
-0.0140794260896681 0.146489757750655 0.127225628757859 -0.0954243967295332
0.0400647992833729 0.102023009548032 0.0831040632203464 -0.0630752485565577
0.0580852197168098 0.0710064479003222 0.0743104964290788 -0.044270120894268
0.0716031226417607 0.0436233813312622 0.0634268056628518 -0.0185356144087233
0.0650846317188094 0.0290028728726263 0.0558638061291826 0.00804722059246476
0.0645719614527592 0.0341004515750225 0.0541096129541911 0.0531962300004135
0.0559603816511557 0.0625060474739189 0.031449597509557 0.092988110131361
0.0331684695366976 0.0824687936726859 -0.0143559976715685 0.12788703237327
-0.000749361827951129 0.118839696157129 -0.0807576596490345 0.0869019849434454
-0.0598716606777434 0.117464069222593 -0.0874373187589201 0.00641105298758464
-0.123917323411033 0.0658471969460924 -0.00274576024695223 -0.0403588255862175
-0.141976787684371 0.0271770233043994 0.134591910064377 -0.0169713836733744
-0.0671391724052277 -0.0101837208823262 0.117349685672303 -0.12544341622538
-0.0919726804628623 0.0251938886736808 0.153179904519642 -0.0857881691278074
-0.0623192852344706 0.0762037511492953 0.153571404965156 -0.0634504666281572
-0.0133878974638505 0.0847998762340992 0.122068704180412 -0.0635016100436149
0.0167058862854589 0.0570744098547593 0.0983954319379261 -0.0369374727244884
0.024532490477551 0.0454623908279105 0.0957851758258819 -0.0277366070337437
0.037171821069757 0.0342617507903967 0.0819061262198334 -0.00665575491141515
0.0371501474653225 0.0250434512506403 0.0728342206389934 0.024194948749996
0.0352072629158534 0.0296376199245257 0.0676985360858071 0.072735173739861
0.0293693669881099 0.0456038210415852 0.035441016277568 0.113481624210733
0.0147234800886027 0.057590189673463 -0.0175281179928296 0.142560718096719
-0.012606683015741 0.084853631843914 -0.077292751543514 0.0948967469839779
-0.0634307922093164 0.0768783228916535 -0.0732147026310674 0.0186455756214746
-0.106039469880338 0.0212984224175005 0.0114911855361231 -0.025707406121133
-0.1016982638444 -0.020902763388018 0.155166867040234 -0.0106128150477278
0.0382213173418456 0.0345247760227107 -0.172118664499141 0.050148140152853
0.0569966192195671 -0.00895643427283275 -0.0251073928614807 0.0481496137702564
0.0381459337890748 -0.0444191201457819 0.0722680848196555 -0.0357465976202725
-0.00105909644576861 -0.0396303532925613 0.0730419460874707 -0.117286766699782
0.000751599625707285 -0.0219106099901983 0.00178279228482355 -0.164666361058201
0.000444646109435853 -0.0196346468837996 -0.0701119913235585 -0.129861583346284
-0.0109542553572322 -0.0214632914898937 -0.0967739023480436 -0.0737530056023384
-0.00717292123050463 -0.0191975477201388 -0.100970403441219 -0.0270985114770998
5.06671300823497E-05 -0.0274057012314171 -0.0983108952768193 0.0177103057887683
0.0155439048463682 -0.0260849545680529 -0.109771479214797 0.0440461825644219
0.0183043832699122 -0.0185398292471975 -0.113973016801707 0.0529693572079796
0.0249917910363563 -0.0195748665448166 -0.126863077361307 0.0571924385027105
0.0403761287626786 -0.0216981788301517 -0.139733835355174 0.0677365450285088
0.0492553739523001 0.0171459759247409 -0.111365901031275 0.0887198008030666
0.029496236999968 0.047887962758921 -0.0717158385838377 0.137886833715336
-0.011104305207875 0.076539470536241 -0.161424874553511 0.0131524315222271
0.0107721711046175 0.0359682271130821 -0.0106402577657466 0.0223874380713243
0.0135230216633565 0.0107775464055175 0.0791952183626793 -0.0665952787313859
-0.00232035506338496 0.0149412469626492 0.0713175861973399 -0.137930433071493
0.0154539655815616 0.0213538392139407 0.000211582293035659 -0.171442921735041
0.0299537547010911 0.0105226166677183 -0.06762458159476 -0.134232853299917
0.0272847690181816 -0.00792783164299139 -0.0915813004524278 -0.0768719823615551
0.0278102949488609 -0.0137878758923669 -0.0937348111142139 -0.0332960898547662
0.0404268859564541 -0.0245279958438959 -0.0876940298316165 0.0140277692236997
0.058466814414022 -0.00955803037364248 -0.096863011465245 0.0474647691397745
0.055754854145023 0.0131201373905783 -0.10453449600581 0.0628209435938863
0.0515792404291506 0.0372823962504122 -0.126705321513207 0.062733562660524
0.0378463402687578 0.043727453485441 -0.139024319236369 0.0553183477903576
0.0140835935263641 0.0756577067798276 -0.0907485412695822 0.0666520924932957
-0.0220984831806897 0.103047926434734 -0.0446454883043171 0.11422256945829
-0.0606228662653873 0.10650457138466 -0.12896338753567 -0.026035414308944
-0.0409475806924207 0.079746522990924 0.0231125934508009 -0.000876109266662753
-0.0139894248647675 0.073875597227892 0.103038908763512 -0.0964876988006526
0.001610671189221 0.0755162039915736 0.0767492166443754 -0.16036428365908
0.0348485217281851 0.0642696608666688 0.000334975071696001 -0.171910290829304
0.0586610427505764 0.0394327595203504 -0.058357125444101 -0.130270121666563
0.0630365226214439 0.00637520359223955 -0.0750292565229097 -0.072921234962932
0.0592106753360401 -0.00709116228299583 -0.0738374632283469 -0.035078818095482
0.0728432167855255 -0.0197643820444497 -0.0643881942261452 0.0115132764893518
0.0915436685897829 0.00424455596359243 -0.0703747954310664 0.0513124206004125
0.0862636732590095 0.0349963412526971 -0.0812613954680581 0.0781374659834407
0.0768673743489884 0.0779180526733845 -0.119358515318527 0.0758098523012539
0.0411330789171807 0.0977350215962246 -0.139390165597784 0.0483491642811177
-0.0130663582423439 0.123230533729092 -0.076179689632903 0.0359477183161269
-0.0670099974279299 0.142665711050389 -0.00946254784969029 0.0752897785808242
-0.100165143771015 0.122456216648727 -0.0777410838548556 -0.0656983882568703
-0.0877409279506899 0.117484579687923 0.0676071154993598 -0.025963789728898
-0.0381029245097428 0.135335253593242 0.1312707952071 -0.119530252120849
0.0121693842013743 0.133151947312039 0.086181449583887 -0.173933038345616
0.0579798781486389 0.0988080653613538 0.00687283221731378 -0.162135021336576
0.0836689220071796 0.0610669442788574 -0.0392821188719805 -0.116833080389796
0.0903531568292174 0.0182149804816998 -0.0472385994496516 -0.0627196290003853
0.0812006716307232 0.000411822307098427 -0.0436692405499998 -0.0321591860287403
0.0929833440531048 -0.0109342800983955 -0.0321479522565329 0.0106442123654171
0.109224008860607 0.0183604065920279 -0.0356296836581709 0.0546614935348509
0.100757002016618 0.0521433263832404 -0.0506714405571281 0.0920228139168966
0.0896009602954668 0.10501776428661 -0.105974402927284 0.0895986753894101
0.039182044001923 0.133692427094581 -0.137689371595708 0.0429089678063095
-0.0376437916983656 0.151540071446586 -0.0655652427773804 0.00334660529054851
-0.104027118045086 0.15931236307111 0.0286496140534809 0.0295763667362248
-0.122816828991067 0.120729721294002 -0.0188487264297578 -0.104019583599622
-0.11935136662874 0.136829195373715 0.109000446391995 -0.0567186436821331
-0.0543758959941223 0.175320528822894 0.150121157349929 -0.133647357284086
0.0221439762236763 0.171795693243103 0.0928242583028799 -0.171394235691382
0.0746448488966775 0.118051603086479 0.0219791046476752 -0.139255239566411
0.0974536161901064 0.0717024053280551 -0.00893086423930295 -0.0964265056550967
0.104149826979108 0.0252687313406835 -0.0119742756306717 -0.0489459664585141
0.0908675943678273 0.00718886273781778 -0.00808188788418109 -0.0248406587730923
0.0984085638120884 0.000704330763158378 0.00328623792212082 0.0153774349875531
0.108352685394385 0.0341098726957831 -4.46734948025832E-05 0.0601830999716509
0.0954469429538085 0.067951262188368 -0.0209529682682407 0.105311574536792
0.079992613200222 0.122425647650031 -0.0902196995986498 0.0987578140556761
0.0218187961054786 0.151483822502954 -0.129311851760004 0.0348716304667561
-0.065837625666119 0.154452464532254 -0.0529906983083704 -0.0264812704886727
-0.130037390495742 0.147595442585876 0.0674025144699641 -0.0119424627238641
-0.122504219666041 0.0983708946412044 0.0358123156121765 -0.135588681173153
-0.12900688454671 0.129744942500545 0.137611150729526 -0.089586610485628
-0.0615123887983907 0.179281753824693 0.154810330850641 -0.135323282459526
0.0244411106214826 0.175613272475422 0.0962203307785223 -0.150906645330901
0.0764391594793662 0.115084521520361 0.0429365003587683 -0.107429238916224
0.0923540090123618 0.0716257011601034 0.0295315846500903 -0.0725522833393419
0.100198538232458 0.0290883297161452 0.0269032760753433 -0.0345991503923509
0.085854432973661 0.0144666982942962 0.0284561168199859 -0.0136939686839099
0.0896257996396024 0.0153638538151606 0.037239144654597 0.0273394855624219
0.0920972106892155 0.0488517915419781 0.029142964541686 0.0724048554912983
0.0734765763845639 0.0797419000319262 -0.000308524723219667 0.11827150789533
0.0500039802833386 0.128803079719666 -0.0779960827646213 0.102744600238228
-0.0100914238432285 0.147893413247996 -0.114749325973268 0.0254315176933273
-0.0953039781929829 0.130818478897716 -0.0335260144250915 -0.0456457266268434
-0.143271327964246 0.108339144112027 0.105701168185512 -0.0391661353004465
-0.102677971838665 0.0567608046566913 0.0785306042686993 -0.153197809113709
-0.116292811798406 0.0943931948878338 0.148188818021526 -0.11307914607072
-0.0582651930387085 0.145969685631926 0.148133365743236 -0.121060560942074
0.0174898360663286 0.143070241075882 0.0996352968003272 -0.117950497683339
0.058666685738276 0.090842143385645 0.0690922210587094 -0.0732169320443254
0.0701950060168795 0.058258472495443 0.0649542246386055 -0.0535475297189461
0.0785561528176844 0.027831772452985 0.0599393262008137 -0.0237117682963314
0.0684697630151974 0.0173688062354468 0.0580963997974284 -0.000452948749649076
0.0688973345088353 0.0233087292777532 0.0648012213264207 0.0448265509645077
0.0662739745214387 0.0520609707605717 0.0497657806256717 0.0911517233722123
0.0457594451927682 0.0760623599542861 0.0106115801077276 0.135211851403198
0.0191295054222204 0.115651508958651 -0.0678507392090217 0.106984961819055
-0.0370195995984947 0.124059148360658 -0.0942386267650769 0.0232255824417998
-0.109678756674099 0.0900795592509168 -0.00986332644152579 -0.0470651604682302
-0.135019449622034 0.0564973250821846 0.139071920499403 -0.0488394195352884
-0.0666416869757325 0.00230383626076586 0.0971463790203223 -0.154959693357572
-0.0851699108496824 0.0422961511542046 0.139075617549774 -0.12080599374514
-0.0439396713130605 0.0855259992303585 0.138050526552338 -0.0961527038728165
0.0052671254767478 0.0834366079558265 0.105099347636318 -0.0869526664907302
0.027635666902034 0.0504823650213705 0.090961543121794 -0.05251953621011
0.0320188631585305 0.0393620975268795 0.0908458595516316 -0.0436454706585406
0.043313140316837 0.0251782600811214 0.0804772884985066 -0.016896035612382
0.0404799122333473 0.0175894623835778 0.0778159492061802 0.0121860782309341
0.0397462815302855 0.023403386809609 0.0828898455132263 0.0623099889324627
0.0365526588263433 0.0399599821018478 0.0585933005765224 0.111520058685037
0.0226763632251643 0.0549595625928058 0.0113263997972255 0.150750448180516
0.00133054066462858 0.0847270887598153 -0.0614274730429716 0.113599495699592
-0.0478013792740163 0.0857175969626366 -0.0745514240428626 0.0324095484569224
-0.10037482387161 0.0423276445074511 0.00869705093333097 -0.0325402670618863
-0.103583798755309 0.000462349095866175 0.161586311060618 -0.0424477828994123
0.0400950427053697 0.0353561188087739 -0.178668219908002 0.0538568160330084
0.0587906776789746 -0.00976775582937574 -0.0248755830755165 0.0500326095220738
0.0393934448708965 -0.0468024896428937 0.0743567912968129 -0.0393791166463644
-0.00181963447729863 -0.0410154388592854 0.0742311029035697 -0.124021959011229
0.000242797931719843 -0.0231893387525998 0.000605769655663333 -0.172432258862347
0.000302427398771569 -0.0204324873141232 -0.0739588716887088 -0.135392197736041
-0.0112021570225994 -0.0210045216517207 -0.102005622798398 -0.0765921841088775
-0.00688799239718626 -0.0188457248256852 -0.106719627866351 -0.02781804864871
7.17753979097857E-05 -0.0280158079821881 -0.102552261215639 0.0179130052059111
0.0157700563274193 -0.0275202074397674 -0.113584303659479 0.0468781136159111
0.0188273311660255 -0.0194208195759803 -0.118744780224433 0.0570411086525974
0.0253634703088899 -0.0208712848141379 -0.132130814973093 0.0635829185484748
0.0406584743593569 -0.0230280480965026 -0.144952859946275 0.0731420081347896
0.0511772751007859 0.017408347602517 -0.116942242320079 0.0917870063283718
0.0307642199181846 0.0483390444399875 -0.0755163943711145 0.14309004953601
-0.0112793269128454 0.0783542260590856 -0.168489877671529 0.0151277035791075
0.0111699458699428 0.0368980888309204 -0.0103020081062919 0.0228516725814822
0.013821462139053 0.0110215497660298 0.0813028291873722 -0.0713622271594475
-0.00206134670586528 0.0155978629489166 0.0723575379954031 -0.144835257911698
0.0164302160248157 0.0221579530676135 -0.00113006713856428 -0.178929889681943
0.0313228344213473 0.0104630438014278 -0.0713110342317381 -0.140447414047257
0.0290318605782986 -0.00689659999683147 -0.096155054957322 -0.0812007668349921
0.029308628550111 -0.0139583774353121 -0.0991312577083298 -0.0340905697665434
0.0416275830880351 -0.0255111928417111 -0.0916316585029085 0.0145496339774119
0.060569317428297 -0.0105516930874497 -0.0995693390982926 0.0502906490167455
0.0586369219029165 0.013037211212641 -0.108182844530021 0.067094394724586
0.0539382055894418 0.0367303652616818 -0.131821886455775 0.0689034598847146
0.0386722351472671 0.0462757679660225 -0.144646865013548 0.060991673719281
0.0153327414960711 0.0785579508755405 -0.0962748156580494 0.0697371637057437
-0.022201077164184 0.106397294987163 -0.047887724370565 0.117841538684559
-0.0622331846183838 0.110217650632751 -0.13448518291529 -0.0258403063582291
-0.0429705375633359 0.0826596828643516 0.0252831008379095 -0.00145519641605409
-0.0143240640862805 0.0776465970186858 0.105183253739651 -0.102512839840908
0.00207370632116304 0.0788068099772283 0.0774247429006124 -0.167860381906555
0.0373857868838446 0.0669955696126408 -0.00101528000294051 -0.180344857397077
0.0619241484311048 0.0403928819059177 -0.0618204677752032 -0.135841681332171
0.0661205363876173 0.00774886884180019 -0.0782087637875117 -0.0770601647236679
0.0615354920470943 -0.00671240436122906 -0.0781107465345873 -0.0365043566951225
0.0754978335864156 -0.0208965526413901 -0.0673371497345059 0.0120669371812734
0.0952181962308261 0.00331032477102962 -0.0716087311447296 0.054166921314
0.090045439179411 0.0360392094187162 -0.0826302526487528 0.0829834908983303
0.0813664351375362 0.0799452821406789 -0.123900191883587 0.0830886556900008
0.0425957983171747 0.101919499322593 -0.14532130919111 0.0549799250161958
-0.0125704835267551 0.12873507372973 -0.0817129635948544 0.0383515520127962
-0.0684769687188824 0.148769327266622 -0.0110421210942478 0.0772273302338953
-0.104331869983253 0.126503959571293 -0.0812802036629918 -0.0664937198913419
-0.0910239105022762 0.122874506732118 0.0708544499144396 -0.0277830066540013
-0.0380810478456984 0.141224414799755 0.134898228395018 -0.127177757063023
0.0144127518921958 0.139334192620999 0.0864794388841931 -0.182476036663378
0.0617395916775011 0.10295512482072 0.00516293918464575 -0.169423486838345
0.0879212571703002 0.0630179969037016 -0.0421673113563458 -0.121657699109055
0.0943637348201552 0.0191168466078442 -0.0494928779143538 -0.0665054926075049
0.0844283225396039 0.000742830612753193 -0.0459022431987865 -0.0331236394485694
0.0966700602821248 -0.0116824432091605 -0.0335458789483833 0.0116564633845153
0.113960246282805 0.0179556306172461 -0.0348581923377567 0.05718266303152
0.105634372639782 0.0542254027624966 -0.0506433218268647 0.0970659128651566
0.0946828953823524 0.108236455503634 -0.10893649456015 0.0976892783961222
0.0409738254841035 0.13961603413927 -0.143113054598708 0.0497669934483006
-0.0389400024573844 0.157948016272477 -0.0711793226848513 0.00504637694373546
-0.106500659907732 0.166356646792858 0.0275012403061969 0.0296950307204047
-0.126950277639446 0.125287573677762 -0.0201616289585036 -0.106506001308023
-0.123646682947274 0.14350900467781 0.114095220809919 -0.0602296668574435
-0.0551646300212243 0.183281610604446 0.154112644299839 -0.142250860439849
0.025105392558658 0.179127675119881 0.0935854177395411 -0.179678043301801
0.0793916997234707 0.122969391856504 0.0210274981652313 -0.145311504007818
0.102673031578289 0.0741493100063828 -0.0107300783878812 -0.100290905105963
0.108832942324761 0.0262325762332304 -0.0118416008778509 -0.0522097671350057
0.0941141902564924 0.00736750726859111 -0.00847815048539656 -0.0256157695829907
0.102445005960036 0.00026598689497934 0.00364270350897314 0.0168146190207365
0.113747324429613 0.0351018731260757 0.00209002386222192 0.0632340007263768
0.100205584404435 0.0708154620398432 -0.0189973763245997 0.110222795385022
0.0842374156826332 0.126311359962133 -0.0928961030949421 0.107268353493911
0.0234496644010062 0.158324794949987 -0.134486585321753 0.0411236335700317
-0.0680780316422674 0.161688093224905 -0.058336710711059 -0.0251594347857125
-0.134033556819324 0.154550784945391 0.0674500062884735 -0.0132134796188652
-0.127367883211021 0.103109552367528 0.0375351926507322 -0.140333344275137
-0.133332190800334 0.136941007053848 0.14292093542213 -0.0947179944122565
-0.0618290500781595 0.188448430622688 0.158950270017476 -0.143967872356798
0.0277154301825641 0.182779375145024 0.0976033506154351 -0.158311839602629
0.080607444895126 0.119937080635058 0.0431258948751813 -0.112281477513976
0.0974295994965532 0.0734562420347188 0.0294385379333362 -0.0761237251052435
0.104152111131533 0.0296078903943833 0.0286963739292307 -0.0374117820885719
0.0889868132811301 0.0149366718273907 0.029592548255859 -0.0135565751386904
0.0932878427362112 0.0152737789643953 0.0392231451872494 0.0286215821302342
0.096067510991836 0.0502654966186265 0.0322544698703937 0.0767878424387774
0.0776413493081595 0.0827263684129451 0.00214323035838111 0.124494652881416
0.0538817409066712 0.133051781301828 -0.0801516334991298 0.110490142815271
-0.0093093983160371 0.154514403080134 -0.119426470890678 0.0307493158398869
-0.0980637350456388 0.136979977878248 -0.037711152196855 -0.045012255868931
-0.148272024250991 0.114650622171094 0.107710479766705 -0.0414240233659625
-0.106607297901068 0.0599885469373514 0.0820452362849653 -0.15915893187333
-0.120298805298143 0.100551222298127 0.153701988539936 -0.118990820652399
-0.0587833868531558 0.153824089714288 0.152572415311904 -0.129252203175295
0.0199270835661575 0.149003639634377 0.101868750232608 -0.123888217673146
0.0616046332287061 0.0944535296196763 0.0709281090761708 -0.0770237927361718
0.0734482607075508 0.0606480231120448 0.0667662361756653 -0.0558706258914123
0.0816858948167819 0.0287239338309275 0.0631654816803572 -0.0256531545131531
0.0709097965603835 0.017691721138928 0.0610196143403413 8.2299719785361E-05
0.0715699331078207 0.0235334616550361 0.0688617845705161 0.0468044330975351
0.0690851926663723 0.0530937286652485 0.0533202587606307 0.0959755435041145
0.0486854066957642 0.079091188776155 0.0137724886545739 0.141865313356996
0.0221887772290149 0.119750200219714 -0.0692998445104137 0.115088430347854
-0.0380338251467605 0.129587396040182 -0.0980445444210643 0.0281226434233246
-0.113074548055377 0.0944341318524222 -0.0131166880880699 -0.0475496901745438
-0.139769777987263 0.0604106278589471 0.143180590251606 -0.0516464665392291
-0.0696247286951459 0.00400969016754342 0.10175905527799 -0.160639332995118
-0.0881110243380493 0.045693451299632 0.144730284738374 -0.12689906700003
-0.04490572946053 0.0901351824980483 0.14281469927085 -0.103138664196748
0.00647973773350393 0.087291279621259 0.108379374719695 -0.0915609618248613
0.0286193351407115 0.0534672809993843 0.0937104404248643 -0.0560376483868087
0.034269078862405 0.0407213941530361 0.0939259808881967 -0.0457254526687745
0.0446669609395218 0.0266471502725565 0.08556341930563 -0.0183336965774155
0.041738653862892 0.0178717982354077 0.0820232407505192 0.0134583628538575
0.0416110759023273 0.023963543857673 0.0872827681035917 0.0650662707572916
0.0379428386699832 0.041192693495494 0.0621150490179777 0.116885856398838
0.024374466969914 0.0571534574908257 0.0140675927945549 0.158175055232179
0.00337538729792562 0.0874078688365132 -0.0631803708750287 0.121816066087122
-0.0484174193562174 0.0892036884274599 -0.0786448550859732 0.036324014302726
-0.10375469652925 0.0450109002211264 0.00656384766222042 -0.0333111031516125
-0.107469729775907 0.00271780665251562 0.166633043082782 -0.045243558824929
0.0433012213058088 0.0349216048602517 -0.184741320229579 0.0626488857852359
0.0612253979594257 -0.0131177048729512 -0.0231149641990488 0.0521969847919106
0.0391454417062698 -0.050961684779423 0.0758755639689547 -0.04481721697559
-0.00322012846624758 -0.042563387811154 0.0720930030478438 -0.133345258592789
-0.000483168698623844 -0.0250364333350897 -0.00638220586435569 -0.181385451408111
0.000485154901022201 -0.0212190764747593 -0.0824142784907473 -0.140221313837568
-0.0112063972378785 -0.0204179328674481 -0.110869853990421 -0.0770781263393829
-0.00751724951812103 -0.0186704008041371 -0.113763491852921 -0.0257692203193537
-0.000941413194661766 -0.0291002185611777 -0.107463172287444 0.0221414901928158
0.0149289075225415 -0.0290429857391619 -0.11752464752004 0.0530781045834695
0.0183203518452745 -0.0210932860005577 -0.1214754297526 0.0656621754775438
0.0254055434771509 -0.0233601930127998 -0.134955887001836 0.0733713044734907
0.0406557070109994 -0.0254472024350019 -0.14947682436015 0.0831928625199249
0.053791832848776 0.0159127864770718 -0.120472695326416 0.100232699331029
0.0336505424100905 0.0484802976389367 -0.0766419781189995 0.150936658427598
-0.0087551443841238 0.0813017457598645 -0.175185347126451 0.0217429280174394
0.0129722415471577 0.0379389515424843 -0.0092702953032041 0.0235114815966301
0.0150603155181473 0.0110411111954374 0.0811558462642422 -0.0782430303771447
-0.00159698908887706 0.017205622970061 0.068977646505565 -0.155417850309068
0.0181716924470714 0.0226154576062133 -0.00871778198306997 -0.188470807643887
0.0337460871484765 0.0100666330723118 -0.079654794168199 -0.145106864760702
0.0306429920839572 -0.00722121670730165 -0.104361695166695 -0.0820773604434945
0.0306107064903368 -0.0144887178331619 -0.106407878271805 -0.0325989561652054
0.0422818097065815 -0.0275702842823125 -0.0960729106109172 0.0182297180484985
0.0629755311089715 -0.0132365426515976 -0.10182855274227 0.0558082171732102
0.0618641639918088 0.0118647808151322 -0.110130602773333 0.0751393240254642
0.0575718426931048 0.0364482489337296 -0.135196372642715 0.0799078936446818
0.0410674289872311 0.0469660735466232 -0.148734378151676 0.0711249932597323
0.0187144669446733 0.0815844755442119 -0.100625545360392 0.0764133939797213
-0.0193138382361201 0.111462396273625 -0.0483336390761092 0.123737815070097
-0.0612285038131073 0.115271202704444 -0.141332656992503 -0.0214142511966257
-0.0425650893469483 0.0878430788800758 0.0272465982670807 -0.00287905363811262
-0.0120464972186741 0.0813251459246613 0.105035482318979 -0.112187327856843
0.00560861976251232 0.0833047229497747 0.0740431446707996 -0.17909086260716
0.0414910583716618 0.0689498346067694 -0.00828724715629811 -0.18941380797831
0.0667571403262956 0.0399400786448533 -0.0700993446902435 -0.140212721307572
0.0698813199940358 0.0070921425322976 -0.0851603406430694 -0.0792736397558264
0.0644633145581188 -0.0083321228688752 -0.0836264674677299 -0.0348759649192682
0.0773810048089663 -0.0244867276796002 -0.0698020554011432 0.0148582787871061
0.0998148751041228 -0.000133449842120311 -0.0716005706692573 0.0595906781342804
0.0964816755841762 0.0346233966844285 -0.0831199270984479 0.090428502552491
0.0882632941409197 0.0794612519826372 -0.125646647246742 0.0953962791523917
0.0478700184092411 0.105849440329692 -0.15024642564375 0.0656727486277719
-0.00858129193898363 0.135153295508405 -0.0870297572617557 0.0441521111091529
-0.0654695570176663 0.157752004191093 -0.0118907732469538 0.0798551342281667
-0.104958396877027 0.134299073323404 -0.0876964600258979 -0.0667558826162781
-0.091339880900921 0.131604349875736 0.0736228835041363 -0.0323834434489476
-0.0343518960920331 0.149254875079215 0.133815640189732 -0.138808276902931
0.0207371712387518 0.145381852770441 0.0819782668769948 -0.194040925725279
0.0684050976954255 0.10610194205875 -0.00183123027054376 -0.177884609683502
0.0944740681834153 0.0626383651402308 -0.0492796586208759 -0.125596823522465
0.100314643873038 0.017872947633335 -0.0537775042658793 -0.0695844121215617
0.0886066195806669 -0.000971575733236509 -0.0498323625080464 -0.0326782088430376
0.099719010514641 -0.0158645125547564 -0.0348096957937406 0.0137209183082194
0.119880371569475 0.0148459615396025 -0.0333598323006518 0.0613939686858966
0.112993387942772 0.0528617604554857 -0.0483622518696776 0.104677210477179
0.103372267834004 0.108893305463639 -0.109524683992101 0.109921231424653
0.0474007653236306 0.145628456053242 -0.147271131031842 0.0597891575398538
-0.0351204832535098 0.167003613166633 -0.0769041215871874 0.00894579139919642
-0.10421813231544 0.178022847768273 0.0269646430147522 0.0293690286742345
-0.12895176937223 0.134402622040163 -0.0246888008919155 -0.110342026877684
-0.124871015926304 0.154583461808982 0.117320400039865 -0.0681066646475101
-0.050160038908239 0.194856200319431 0.153772116946298 -0.156187288432573
0.0332098140180171 0.187071092048586 0.0899752422155056 -0.191778641165137
0.0883974544867091 0.126494944210918 0.0152231441757344 -0.153471180424481
0.110498890095189 0.0741102859420072 -0.0157265612388146 -0.104656424793419
0.114543862188341 0.024546912009094 -0.0136839434573356 -0.0554428213969727
0.0986292712432897 0.0053543284526002 -0.00978709725674618 -0.0256211380820935
0.106561563076917 -0.00296528939892373 0.00467801081748945 0.0178542499456136
0.120447048787547 0.0323179106555061 0.005668823718091 0.0664606463038554
0.10839953464409 0.0707472379204607 -0.0144222490380038 0.116068652617053
0.0941286052349448 0.128548945369088 -0.0915612980136078 0.118460971063004
0.0304415513816228 0.165431699477557 -0.139072130310163 0.0518522471291207
-0.0645338183379968 0.171324660271685 -0.0648918610339197 -0.0228971603121703
-0.133551559985368 0.167315212964353 0.0678673546983678 -0.0167833088015497
-0.129765474453026 0.112256805299131 0.0349697305439525 -0.147199579268296
-0.13393740184027 0.148477630124403 0.146537600201806 -0.105358605054509
-0.0568058873978076 0.199918499596617 0.158742772459579 -0.157297812866024
0.0368183276347924 0.191078679215335 0.0949988394967104 -0.169598966657578
0.0896602115234933 0.123185789089927 0.0404218104208893 -0.119044885104583
0.10509415409928 0.0737853112728313 0.0277492153350968 -0.0802079814419093
0.109821101418385 0.0283597920335615 0.029793684525062 -0.041762470914194
0.093168634779662 0.0125448356073432 0.0307692611263274 -0.0148205264990087
0.0969909023721143 0.0126622322921624 0.0425093642311339 0.0295556545043797
0.102739045896689 0.048713589986706 0.038621542264986 0.0793651814608028
0.084409626407462 0.0845685398224012 0.00931713014379375 0.130281689617077
0.0620766940814388 0.136582949813569 -0.0778170973157067 0.122278972218578
-0.00410398322358655 0.162409877901851 -0.1235531873985 0.0401102583239961
-0.0977216467910458 0.147211623845577 -0.04379706570137 -0.0445832228371379
-0.150304439029403 0.126074404569264 0.108895247823934 -0.0474217935072132
-0.109709902588746 0.0669511503823292 0.0810094282284397 -0.1684777100549
-0.121406278966941 0.110980898104003 0.156263011969195 -0.130965163404356
-0.0545224021385324 0.163733288156393 0.153039125915843 -0.141594907213163
0.0277303814831926 0.155552571563999 0.100452580094972 -0.133185701674882
0.0688794742076839 0.0972427782758114 0.0706360848723655 -0.0831282126527026
0.0796202272298057 0.0608427295333955 0.0675071317357537 -0.0608520450474894
0.0859652363417678 0.0274434573929063 0.0665349561484849 -0.0299706421133747
0.0742465808475627 0.0159122943048155 0.0647508989185015 -0.00132986218213922
0.075466943575428 0.0218933229645791 0.0742284522160502 0.0472052922605995
0.0739179557683174 0.0531940279208375 0.0608382161397274 0.0996996142910912
0.0540080409375998 0.0815344109227345 0.0213808586121747 0.148485054541037
0.0285698545106788 0.123967805512708 -0.0669310186580442 0.126214770279493
-0.0343110330140677 0.13731956963743 -0.102188310841135 0.0359968212688114
-0.114624096220214 0.103055826462563 -0.0177715538964912 -0.0475449671122274
-0.14370439052863 0.0695918465623453 0.145871348360002 -0.0593610994262677
-0.0729789199675071 0.007767994328627 0.102897401045059 -0.170850100255775
-0.0899915658954197 0.0527311190357059 0.146599960762968 -0.139073130687031
-0.0433073830317665 0.0967469889276604 0.144727320600235 -0.114819268307687
0.0111757401161182 0.0917221812690974 0.108568475637457 -0.100381269381384
0.032025922153479 0.0551715395178385 0.0958945404827697 -0.0618446021458309
0.037906406395652 0.0418556582618854 0.0961318539369306 -0.0510018547393021
0.047677428363314 0.0259184060561329 0.0900249839315572 -0.0223674991141089
0.043924239494391 0.0167849749694095 0.0874142338283773 0.0115029893513173
0.0440358931057156 0.0230778699151302 0.0943330970880246 0.0661838149355022
0.0405173640916829 0.0411010111114012 0.0707664879461954 0.121457910063638
0.0274867428907037 0.0588259783963346 0.0216177249055416 0.165497728369896
0.00715792101421928 0.0904134037241653 -0.060337918027997 0.131919679546384
-0.0469531919593578 0.0951131246418384 -0.0810072883817512 0.0433246276851509
-0.106629880166767 0.0509482008756641 0.00338277354115809 -0.0333880962932958
-0.112653400308662 0.00804004664277812 0.171357055967321 -0.0531154868079544
0.0465924578262184 0.0327111365150013 -0.184584267313025 0.0744325971038179
0.0612607233636777 -0.0169611778958915 -0.0204541357408258 0.0540871077132302
0.0367290805130548 -0.054798334766447 0.0740435469798193 -0.0503096117797364
-0.00570738791338628 -0.043071478252138 0.0648044740724655 -0.140941635862173
-0.00241066704085171 -0.0260214472673289 -0.0179601968760165 -0.185998227256132
-0.000755890342169181 -0.0222923160316647 -0.0923892280250816 -0.139199891582482
-0.0115541360541188 -0.0192441415790351 -0.118478531342348 -0.072728018036333
-0.00776970933734872 -0.0184617300128761 -0.119613728896134 -0.0198812543831786
-0.00330332099266991 -0.0290115963693913 -0.108943726093816 0.0288191247266916
0.0129754554188661 -0.0303887509979587 -0.116110649284298 0.0617254583365828
0.0172080917316901 -0.0227139843381232 -0.119766954741347 0.0748670414251758
0.0241643445599681 -0.0259813788613124 -0.132917056842392 0.0847543463835336
0.0389436095715669 -0.0281209389337909 -0.147370519055867 0.0952108497358788
0.055944665110975 0.0126663757225716 -0.11894940284967 0.108895966173478
0.0365884562557829 0.046485976804322 -0.0714692382238507 0.157297141203301
-0.00487536909277502 0.0822528297606657 -0.177459494451054 0.0329128294779052
0.0149429519863375 0.0372058316195689 -0.00815011848145806 0.024042752156268
0.0163317840292563 0.00981406303406299 0.0774525987886364 -0.0851103448004931
-0.000757091799862844 0.0180001387099634 0.0604158939542277 -0.162787918784504
0.0200132601638035 0.0219530676043871 -0.0206267858095935 -0.192774745375065
0.0357300376602218 0.00797132086048072 -0.0901343144326662 -0.144505905919269
0.0323500843204177 -0.00854225431925526 -0.112349927393941 -0.0789659956652587
0.0314995432564292 -0.0156897651832497 -0.111546875490073 -0.0272498250816551
0.0414283887151707 -0.0303128088391329 -0.0977080269082937 0.0239207151854903
0.0633308061570821 -0.0170820794754785 -0.1000592233304 0.0633560785532324
0.0637923588183625 0.00870595010146462 -0.107079589159872 0.0843307268135015
0.0608261759079914 0.0334933153100226 -0.1316408114603 0.0920430603906396
0.0441769527022889 0.0465197389775751 -0.147582712281705 0.0833221667075118
0.0241219841835748 0.0818528509148054 -0.100532021030038 0.0837965552719738
-0.0129630901999799 0.113679588042795 -0.0449606554970709 0.128200733448762
-0.0570666644205452 0.119602476253214 -0.145964293150276 -0.013370911273231
-0.0386524547021955 0.0918530566058721 0.0275933297883183 -0.00527857862926002
-0.00700128251608801 0.0830116431198302 0.0989132827368859 -0.120831553485307
0.0110087205661579 0.0846657291524085 0.0633180320975977 -0.187419758775626
0.0470107936681537 0.0684362616587695 -0.0207777438014213 -0.193229061550703
0.0708159889444348 0.0368905342073899 -0.0799617351051202 -0.139498062155472
0.0729114270067795 0.00398555323053538 -0.0922024892314409 -0.0771710887736022
0.0661019499567564 -0.0107284274424436 -0.0886425825441406 -0.0312767824877564
0.077487304495274 -0.0286351437925712 -0.0713575987713152 0.019007164100801
0.101958274384505 -0.00599629869004175 -0.0689343379860658 0.0646649738742546
0.101159666497028 0.0303191572289181 -0.0788221703732313 0.0979644926583802
0.0946839554189846 0.0757700192400764 -0.121334973539134 0.107751219416534
0.0547948363341929 0.106580474936953 -0.148589791026943 0.0776829590126462
-0.000707537324002535 0.138429660951856 -0.0887607390076749 0.0510650568714351
-0.0569696640759791 0.16414154601106 -0.0105823280672299 0.0816454759476049
-0.100132364093395 0.141430214357723 -0.0932990128908896 -0.0620294453383424
-0.0858014899257087 0.139133211820303 0.0732448210811767 -0.0380140211143006
-0.0257223399593232 0.154525089361872 0.126739939892658 -0.15010177702993
0.0300496490763042 0.148183766389955 0.0708207719795796 -0.203127472566943
0.0772531498727116 0.105112712584003 -0.0135515584519199 -0.182055630586646
0.101224520272244 0.0587852287348473 -0.0580327169168158 -0.125091409383168
0.104199116468764 0.0136318130143715 -0.0591879735704766 -0.0693239645036318
0.0906442994132602 -0.00498980510334416 -0.0533593176227368 -0.0304522261697674
0.100804306390993 -0.0214306452337227 -0.0354076655811167 0.0161224732034063
0.123555037250067 0.00806202214851191 -0.0296324705215474 0.064773437847795
0.119264077702254 0.0480923500564883 -0.0420606560717159 0.109319083154936
0.111987645203256 0.105003611435972 -0.103585742412851 0.121936419358902
0.0572820464790836 0.146904914546752 -0.146341203774973 0.0726422137905092
-0.0260330144779742 0.172117583163778 -0.0804919662857178 0.0152206076340749
-0.0947935874561555 0.187382960548526 0.0263623488762211 0.028416451526655
-0.125343143282351 0.143458532610292 -0.0313547655882824 -0.110349987643638
-0.117970041249726 0.164938628723891 0.115177051245326 -0.0766284412864517
-0.0382158625398656 0.201626503614216 0.145262450646131 -0.16909144033705
0.0456357945186665 0.189281485027448 0.078968461130258 -0.200560670580585
0.0985941462574439 0.124676677115017 0.00567974535016672 -0.157937914695856
0.118042758937739 0.0688089328307963 -0.02244038897025 -0.104829691689948
0.119648954775925 0.0188714372636393 -0.0171555897503491 -0.0582059935755743
0.10107822565262 0.00104280826490936 -0.0113471464219138 -0.0254638614393343
0.107860892953677 -0.00887063846508846 0.00599116691300803 0.0181934128735261
0.124798922305269 0.0254809637694622 0.0111517271853409 0.0680791650978567
0.115675552334943 0.0665560626335865 -0.00643704563379998 0.120125708736525
0.103881475009633 0.12526273469667 -0.0844897141796832 0.130613683267674
0.0410914570272787 0.167747694111632 -0.138571426494537 0.0640198223958666
-0.056257177794095 0.178903560825937 -0.0699005279508666 -0.0170857229500374
-0.125273406060504 0.178736034227924 0.0655592455495423 -0.0213134229178881
-0.127245224003576 0.121457433110183 0.0274968961465862 -0.151246134981984
-0.127713748989109 0.160526407643757 0.143027359543729 -0.11623583635846
-0.0445899485883681 0.208188258831141 0.150806902505675 -0.170558984707277
0.0491953742360973 0.193235833993307 0.0854221691701081 -0.17843432613596
0.0994673109864484 0.121436226318639 0.0332679698482532 -0.123205781328297
0.112555598501944 0.0698926139139533 0.0231825882447903 -0.0831185098713208
0.113579544740971 0.0233728255427123 0.0283866094727824 -0.0457637432728069
0.095894496941011 0.00830306475924773 0.0313271993312716 -0.0159666062074119
0.0997612740827493 0.00734449736664272 0.046169723541604 0.0285969153444266
0.107847680410296 0.0436851620581006 0.0448224037491558 0.0798575104378628
0.0921077513602146 0.0817793021837776 0.0178767762544491 0.133326477012483
0.0715144335141135 0.134731931893841 -0.0706516333038465 0.132943159985662
0.00579084736532382 0.166609421988338 -0.123888901026891 0.0511158730806382
-0.0905389716708037 0.156226592916109 -0.0498839988458133 -0.0407780399641971
-0.144345748574872 0.138441599727432 0.106599203783861 -0.0546407513605984
-0.108406985849215 0.0747955565580689 0.0746000437615498 -0.175855901731476
-0.116781533522036 0.121182359971992 0.151196007132169 -0.142643647732188
-0.0445041681443652 0.171644377389864 0.146669542254308 -0.154213597929473
0.0382115612630491 0.158032362473153 0.0944188305717937 -0.14221097727992
0.0763161911663521 0.0955790908162152 0.0672013904132175 -0.0890194239719255
0.0858820285942268 0.0575622930483691 0.0655697071865529 -0.0651899712613241
0.0896599836613609 0.0234585831861883 0.0666008674883916 -0.0357235983798191
0.0763005193416774 0.0129035757424198 0.0666977903781386 -0.00472400324991474
0.0779630705009391 0.0180324171740406 0.0794835943538648 0.045049813051057
0.0785553769940713 0.0498310182179719 0.0693155336748394 0.0991961577150507
0.0605134945567521 0.0805646314902212 0.0320890083577448 0.150491588681972
0.036569916629152 0.123717757012367 -0.059408937383141 0.136147586932728
-0.0266565746195063 0.142671522498835 -0.101814837348504 0.0451425976190232
-0.111146788029123 0.111703697422876 -0.0231526702814203 -0.0455318530418096
-0.141400464724727 0.0801919722034298 0.144374139352076 -0.0689893195548549
-0.0737980146799377 0.0131542237899486 0.0962426493250346 -0.179695188925553
-0.0876355770224583 0.0605742434932097 0.141247843366114 -0.150579029188846
-0.0369258110126889 0.101958266789204 0.140119211510784 -0.126493412514951
0.0173394143632919 0.0931764654192772 0.104431512937585 -0.109095880740823
0.036292702661219 0.0549069947042351 0.0941910102815209 -0.0691203438637531
0.0411216497110778 0.0406667110248025 0.0952333039458647 -0.0580460514000066
0.0500102908432013 0.0238222537032426 0.0919187276931058 -0.0291013717814145
0.0448496702475672 0.0146868949882753 0.0913859853104836 0.00821581946984949
0.046096028577774 0.0209515219544954 0.101295229875377 0.0625016493718184
0.0438655398402702 0.0392188292573015 0.0803339730812089 0.121092869852503
0.0314851720415382 0.0585630842968564 0.0333332938353669 0.168205648077987
0.0130522961375095 0.0903435271206843 -0.0531506019535505 0.140860264701988
-0.0415533502609377 0.0999369158207419 -0.0800542132358209 0.050779725063958
-0.105549292411109 0.0580930455308878 0.000117723308762384 -0.0330361203873184
-0.113899460072452 0.0166203406571754 0.17097020147349 -0.0639924743600981
0.0468818491673858 0.0297668180048981 -0.177538141562839 0.0820061484387889
0.0594088713550453 -0.0203041405660684 -0.0170069557542844 0.0544386782323595
0.0324332381116305 -0.0565192744025897 0.070340565633943 -0.0538289176584782
-0.00810382948881273 -0.0420023219011216 0.0562757983810763 -0.142720859045472
-0.00393798965462765 -0.0256742215861884 -0.0272576307320022 -0.183836166345929
-0.00157190168841569 -0.0219340256553572 -0.0983459102997947 -0.133896891102174
-0.0110662250691906 -0.0183338438208215 -0.121260287396037 -0.0663722061086498
-0.008009684350288 -0.0175474155927028 -0.12017534991003 -0.0135595071738275
-0.00454168042862265 -0.0271944409366452 -0.10682869543295 0.0327995224809708
0.0111691447364658 -0.0302832688942135 -0.111871944512281 0.0662900185353165
0.015837028604863 -0.0229334400345402 -0.113870527908656 0.0807902260172407
0.0217018960435063 -0.0267322552427269 -0.125549439080514 0.0913526582980571
0.0362347776143828 -0.0289509416321839 -0.14001585613863 0.101764067904025
0.0558842239813473 0.00949754958489611 -0.11408491395178 0.112320438653398
0.0382194945386182 0.0428588350658611 -0.0653535791035684 0.157905268470293
-0.000800434201682422 0.0802654164408218 -0.173561824844417 0.0407172446927951
0.0155348530601332 0.035685025393343 -0.00627041336110842 0.0238717310131238
0.0156892273959951 0.00844913386328704 0.0718117714859435 -0.0873436048443981
0.000462821631888193 0.0180180665166951 0.0515081562681742 -0.163675228775726
0.0208833007306365 0.0209842152033541 -0.0309939037081481 -0.189934656377334
0.0358638396318974 0.00615831782235835 -0.096382995212687 -0.138714854052504
0.0326261751010181 -0.00911864011182501 -0.115479018741628 -0.0726664607635645
0.0306143623148867 -0.0161007679016313 -0.112584971011401 -0.0218444143856837
0.0392969620354803 -0.0308092366522209 -0.0955140251313433 0.027856221040703
0.0615594689297096 -0.0195712052846533 -0.0956841101808199 0.0665013662262831
0.0636341970628857 0.00530522633421133 -0.100834399555959 0.0891843164109613
0.0609447313321631 0.0296849184834389 -0.123919264468534 0.0995623334942938
0.045260588949122 0.0444430840659626 -0.141531121914275 0.0912341176190627
0.0278488317659621 0.0790151517175677 -0.0976242210298556 0.0881340248052204
-0.00718859635717011 0.111407103193398 -0.0407447612464919 0.127558654443511
-0.0510370566400142 0.119663878591663 -0.144626090185536 -0.00606730694799455
-0.034743375500875 0.0914124741048928 0.0269792330570284 -0.0066436202343113
-0.00276523111271166 0.0823366309075942 0.0908880369058287 -0.123993656230265
0.0153145807723913 0.0839888413361531 0.0524679177992835 -0.187622814939761
0.0505608443906882 0.0654568938342708 -0.0305034882932385 -0.189651873095228
0.0724143284142536 0.0330633429720715 -0.0857556931747017 -0.133463347309621
0.0732950232299242 0.00128381126591456 -0.0955196069818292 -0.0728666494474077
0.0654161036458666 -0.0125795809924889 -0.0898426694787802 -0.0264496101518633
0.0751449212102172 -0.031073477475718 -0.0696840242581184 0.022336060565204
0.100296744647466 -0.0110623478161327 -0.0643694550965138 0.0669049070472211
0.101630221872436 0.0252996305789045 -0.0720641931395111 0.100648595103803
0.0968266075832731 0.0694815874738896 -0.112388585621474 0.114711213443503
0.0591886155680284 0.103166715312301 -0.142498789659383 0.086750899101262
0.00622532682190503 0.136495154332893 -0.0871058562107817 0.0559291289716639
-0.0478267380967082 0.163342691652884 -0.00976604595566428 0.0808931270340101
-0.0927556370979504 0.143707424809428 -0.0950475892565896 -0.0565334736363889
-0.0787770433381029 0.141050253980873 0.0700757134859637 -0.0413570843680046
-0.0174887032405625 0.153001431617411 0.116155586288432 -0.153681106441338
0.0371646679900542 0.145116256826948 0.0593746225055895 -0.203723638435186
0.0820835895877976 0.100248797458138 -0.0225237479126187 -0.179035866372544
0.103198681253954 0.0528835606780772 -0.063449436973691 -0.120327814738359
0.104427676899323 0.00904210438527265 -0.0623923616110028 -0.0666196101975947
0.0899766417334043 -0.00864428482666513 -0.0548895547585593 -0.0270943730013313
0.097807586703162 -0.0249188552028006 -0.0333585255002648 0.0177883365392247
0.122082667659721 0.00154375509311288 -0.0254639956805659 0.0650578258219612
0.120706565818783 0.0422795189626662 -0.0353597159532973 0.110183351984655
0.11566028630483 0.0970646327616312 -0.0931614893792922 0.127868417208822
0.0637459643966684 0.143253029755362 -0.140340528209376 0.0809429051123216
-0.0167070571441073 0.170938245845178 -0.0813043436507463 0.0207885411963062
-0.0830886957730812 0.18835039935958 0.0244364622125625 0.0260119116331844
-0.117142648314982 0.147075913653333 -0.0360999521997001 -0.106296284843373
-0.108314879048309 0.168265888712942 0.10933669886883 -0.0816735869266131
-0.0273328623181343 0.200495633004091 0.133153099115039 -0.173597428616346
0.0558285825482364 0.185347784507277 0.0666978506998153 -0.201376620614116
0.103737165687006 0.11891748223742 -0.00241214643140331 -0.155359606433746
0.120554318077539 0.0627596756680858 -0.0267967857126541 -0.101861754458211
0.119057229957504 0.0140804041697764 -0.0199691320901248 -0.0578144715999893
0.100216582272069 -0.00256751184715065 -0.0122445945059421 -0.0244073198296957
0.105567255658319 -0.0131713631296098 0.00744786659774608 0.0182721449667935
0.124397073195706 0.0193989480111391 0.0151430627641476 0.0659773095712479
0.11854969136907 0.0610089990072781 0.000401664331891099 0.118245605958135
0.108067464757849 0.11816771367869 -0.0742458838972551 0.135113421430311
0.0493840301578976 0.164266036896351 -0.132871769079294 0.0722796848296539
-0.0466104719069921 0.178761332238977 -0.0719269479290995 -0.0116415695325574
-0.1131709130203 0.181136537923322 0.0608682019413029 -0.0238168140029478
-0.119718736365608 0.125964439428072 0.0196686446458125 -0.149725360819457
-0.117929948242935 0.164865844725076 0.133728331855722 -0.121077933173149
-0.0330322064707715 0.207828586262166 0.138706035878231 -0.176076441574228
0.0596729072616671 0.189156269194828 0.0743413473602514 -0.179747656047031
0.105155893966149 0.115215753364967 0.0264153349211978 -0.122797430023028
0.114913322600282 0.0632766602998547 0.018906426603576 -0.0822760715908682
0.114106541779022 0.0177045193550158 0.0264476388467309 -0.047500942779097
0.0948909648432312 0.00454578649006319 0.0306523366937779 -0.0175415683727741
0.0983026212364797 0.00307242363085579 0.0474122146358057 0.0265942594416336
0.108374663457648 0.0379421542931025 0.0496260157267835 0.0758924950844412
0.0956802839770849 0.0770185640906919 0.0256400940295529 0.130635161949359
0.0774169978027761 0.129146785196968 -0.0606017977600027 0.137372051606147
0.0147864701049765 0.164456151477759 -0.119315782790688 0.0587490412268025
-0.0820674170157956 0.157948135399791 -0.0530423981863745 -0.0353703350121609
-0.13376591889026 0.14361055682295 0.10018626583914 -0.0595828912353914
-0.103667633674654 0.0795887841099444 0.0656195400080678 -0.176100870782792
-0.10860176737551 0.125954762828136 0.141059207281573 -0.147229513067208
-0.0336222780771027 0.171428533104326 0.135549142003294 -0.159768432104303
0.0468163602791428 0.154572487268442 0.0847581193583481 -0.144575412220128
0.0809187920720545 0.0912515809968138 0.0614665325370672 -0.0906236749559071
0.0879921103492555 0.0527566958731972 0.0612931203709715 -0.0674412634103346
0.0896810795416086 0.0192060595598747 0.0650030810258541 -0.0393538994429286
0.0751887207100527 0.00914291293513511 0.0665723590426283 -0.00743806356879166
0.0773528733681465 0.0145192018606964 0.0813439738663902 0.0410057201579303
0.0799377374007326 0.0447861013101108 0.0742567799453071 0.0942489168365268
0.0644019455969806 0.0772629825327734 0.0401479676776573 0.147158138641621
0.042476349346917 0.119466108447699 -0.0504331769867317 0.139176695268599
-0.0184100295088968 0.141966475918948 -0.0982480204956359 0.0516002851460173
-0.10353796797382 0.115771488238629 -0.0266891014403961 -0.0416680403165071
-0.133803743224528 0.0869963231829723 0.136780347487928 -0.0749909731349329
-0.0721852558253712 0.0178699771479744 0.0873790118797937 -0.181069175371725
-0.082593114585373 0.0650991021318281 0.131044957590459 -0.154952600612836
-0.029886808840294 0.102744622592437 0.131079517231992 -0.131905406141436
0.0229493409036313 0.0918474131112491 0.0969497662559467 -0.112395879698616
0.0384375475158137 0.0523359749487896 0.0894478512245289 -0.0729524851590374
0.0433095053533764 0.0380057593991066 0.0911533746721795 -0.0613043105436019
0.0507657569886611 0.0206553381563503 0.090248989710067 -0.0333958827105654
0.0448103034874131 0.0125827197528697 0.0913081914942514 0.00404025052865198
0.0454880233498914 0.0184633908995234 0.103514299085176 0.0575123310706007
0.044420027084305 0.036756445704568 0.086490508603157 0.116296158365576
0.0343559898831812 0.0564993756882567 0.0422595104410728 0.164976987095917
0.0178998583867959 0.0876239266769175 -0.0441056939305886 0.143078543787792
-0.0352597010209031 0.100446210200161 -0.0765826809262295 0.0557948266603462
-0.100997201937837 0.0628120759984266 -0.0030605797854918 -0.0305028957506684
-0.11029181620311 0.0236050860467596 0.16454588818299 -0.0716072655747038
0.0465121503164116 0.0259790821585485 -0.154767115454327 0.108673213407767
0.0541181492813806 -0.0259615110506548 -0.00551808505373116 0.0547434532539752
0.0226499728499044 -0.0591403980289015 0.0628334204175295 -0.0660765303401878
-0.0162119742560798 -0.0401016418051882 0.0341078320675695 -0.150725337712478
-0.011385997791683 -0.0240360056761992 -0.0555769762248635 -0.177478103502772
-0.00601416659036332 -0.0199563176720609 -0.116200787244006 -0.119161940652159
-0.0126174411635729 -0.0146424059656919 -0.129603149842821 -0.0501479532261244
-0.00939636069098011 -0.0145536374442531 -0.120098412529135 0.00341312987501662
-0.00735543735368677 -0.0239631883953592 -0.100687806786024 0.0480119554370771
0.006508511211874 -0.0299657949715336 -0.09855561764271 0.0827909151845693
0.0120741504915952 -0.022459645317834 -0.0977172185173558 0.0963397269850258
0.0152311111681526 -0.0272831641755527 -0.106491345297417 0.108414164980682
0.029180155548508 -0.02976703134001 -0.118298268498624 0.121549031487123
0.0519965960869137 0.00229176597369533 -0.0941637540849034 0.126944069254563
0.0409637805279928 0.0387705411173582 -0.0446454219928877 0.160101864245003
0.0054269591802617 0.078657729422459 -0.160596910282226 0.0705440329550282
0.0191631966277898 0.0318902239823928 -0.00136351132691024 0.0259783589923481
0.0142048053196528 0.00413640601704558 0.056004763479671 -0.0941684413197736
1.55440768639936E-06 0.0151751578859834 0.0242402217842022 -0.165689939177019
0.0185963138587955 0.0171682506133926 -0.0579985681637256 -0.179543749188646
0.0335376297523255 0.00258704302404802 -0.112458057259058 -0.121746300140138
0.0307324824795321 -0.0112817471877473 -0.123413203998122 -0.0564651337226157
0.0286970043639024 -0.0174047250203161 -0.113824558478131 -0.0050819888759576
0.0346124795384563 -0.0327203990487612 -0.0908032760573127 0.0419882793786414
0.0568133381369588 -0.0256200665238562 -0.0824996502306138 0.0812252301982419
0.0615968111578235 4.93805463407911E-05 -0.0841442357298717 0.102692038246293
0.0607620495007414 0.0224821844667787 -0.104413366807947 0.115415131915077
0.0462445176727682 0.0389424322569666 -0.122204688822128 0.112404277030752
0.0347487975830306 0.0725741519966225 -0.0833747582397252 0.100178659150359
0.00548129607759261 0.109448187127322 -0.0260941668195905 0.127593337457369
-0.0384101281283513 0.120245713003026 -0.142647021633498 0.0230231256082523
-0.0218375596277477 0.0901134399773453 0.0228172689993535 -0.0078995409791745
0.0052687958799735 0.0747129740667366 0.0666101787559721 -0.126953809830218
0.0230169869994224 0.0747456801075801 0.0199848571074372 -0.184416555816174
0.0524066953481704 0.0559108476596961 -0.0564830892256072 -0.175173962945769
0.0719825695090817 0.0242307848055471 -0.100107719880886 -0.116861425015214
0.0703868830939644 -0.00733138220710088 -0.101791796219378 -0.0579642147262407
0.0619814872557854 -0.017850617587244 -0.0914102097435051 -0.0127662107946011
0.0686855016801885 -0.0376616552621004 -0.0659841374324214 0.0335890919668617
0.0956572315369937 -0.0215248196529907 -0.0528239396826292 0.0771005516525
0.100306893803592 0.0152391187106373 -0.05384059752468 0.109089305863465
0.100592566565328 0.0569259999890438 -0.0908208506411187 0.127858151464402
0.065692483012422 0.093389786528333 -0.124423661071979 0.109508657795188
0.0219794273035882 0.129656675182715 -0.0797380152597026 0.0671913480036568
-0.0272093259220255 0.163575918095025 -0.00264134781905429 0.0785696984069206
-0.0756512996914462 0.146460765064707 -0.105530927637692 -0.0316973729848865
-0.0580127773295778 0.141488228354647 0.0570137457827168 -0.0457858341384691
0.000721356288334883 0.143055673845413 0.0834336662781445 -0.155638692827361
0.0517241762168415 0.12829972859709 0.0225969737671071 -0.196069720245303
0.0874398825675462 0.0846945171287432 -0.0453915153772331 -0.163115410121455
0.104375254441178 0.0394481238659001 -0.0745488002473274 -0.105684730187919
0.100625778820712 -0.0040677437290399 -0.0669018601585219 -0.0555498152102462
0.085992235466532 -0.0167269435593126 -0.0570859056011279 -0.0187433198287729
0.09114411054213 -0.0343789882779251 -0.0318801590671118 0.0243067721811903
0.118939244713598 -0.0124067754051837 -0.0151841487970819 0.069510710909895
0.12132741426142 0.0290634355904799 -0.0169543380447183 0.112458377808048
0.12222802668488 0.0817872484199929 -0.0709855535857562 0.138286184793753
0.0758011254858074 0.130737036124577 -0.122983154572975 0.105461808343183
0.00449253556475815 0.165341057473444 -0.0796889544098165 0.0329107142520142
-0.0583809887685246 0.191367878637721 0.022684071184125 0.0213455092270298
-0.0976744352833125 0.151353326979321 -0.0582201596829093 -0.0887668550130672
-0.0821127134180119 0.17140434053585 0.0867572258032172 -0.0901244364177174
-0.00208773715671583 0.188461860826982 0.0955555422828308 -0.174283459369182
0.0743723800955317 0.163710965723192 0.0298826896432961 -0.192030322869252
0.111301939393619 0.0985272671257456 -0.0206614712929828 -0.14131478696881
0.122649150617771 0.0459279578388305 -0.035132619442628 -0.0923006746343246
0.11535250360509 -0.00145316174824629 -0.0228897455322725 -0.0520492087540699
0.0964109538251448 -0.0125646661401828 -0.015114781426676 -0.0215229359797295
0.100430550334927 -0.0246149989808621 0.00898728548487562 0.018848064268199
0.123265211577094 0.00386679901662293 0.024480731106788 0.064807002928949
0.12163149343157 0.0480051879054135 0.0192566385220172 0.114915928009199
0.118110688997565 0.102738826252913 -0.0509513608099396 0.142900149671866
0.0637354313609352 0.15240096308209 -0.117802851569059 0.0956787818806627
-0.0225715121331949 0.176851541037758 -0.0754333909841394 -0.000720426186184378
-0.0875016130580975 0.187557507959631 0.0518942153837208 -0.0327357027099615
-0.101781656558713 0.130866076470563 -0.0107972637870078 -0.140360904613191
-0.091178812549498 0.168728354848965 0.104093591755814 -0.132561772784203
-0.00584815478905744 0.195626198493618 0.0996025836713796 -0.177031775265555
0.080002781915021 0.16692937885774 0.0401943959147978 -0.171597964331922
0.112735627401701 0.0951549174900923 0.0126594500491188 -0.114241943650881
0.11772235076665 0.0468795316831992 0.0119614715996546 -0.0797733338891778
0.110634179039184 0.00244762248228629 0.0240824940973432 -0.0484463303337925
0.0918697477444782 -0.00543964086256197 0.0287605033649904 -0.0206509007642936
0.0953616015790753 -0.00829654046171487 0.0494997551187225 0.0204411075442108
0.110152347475354 0.0235466128225082 0.0593168576907829 0.0691383211883399
0.101327884357046 0.065317905438927 0.0456700952793054 0.122793756688115
0.0902444026316776 0.117351027231562 -0.0375038218062834 0.141456970236954
0.0312492302007846 0.155834248932404 -0.10750120671452 0.0796782102026492
-0.0589488125639535 0.160801796310782 -0.0595591236641213 -0.0266804680086449
-0.111425012543623 0.152793459896986 0.0854998190792818 -0.0717053692432848
-0.0910564722468574 0.0848665670757511 0.0296786801154967 -0.175129973586211
-0.0874388490783106 0.13020256893738 0.107921990650518 -0.160892441200648
-0.0105885605166788 0.161901756032947 0.100052489445224 -0.163608903452836
0.0640774584505221 0.136745034017773 0.0566492121437596 -0.141381651583607
0.0873990495221843 0.0747443959562907 0.0506157564150134 -0.0901006782729937
0.0906564889033495 0.0394508169904349 0.0542528202190997 -0.071773488329279
0.0880176439072741 0.00634613076748731 0.0628396414441463 -0.0457723242501004
0.0736716948985586 0.000659211889909908 0.0657009527891929 -0.0157856673030336
0.0765193139615184 0.00451490684472231 0.085363756935873 0.0290020702212991
0.0834437679764467 0.0339673296875831 0.086770206725487 0.082282574785328
0.0712196746680887 0.0679729613858602 0.0624221688223149 0.136734798328545
0.0552080218323853 0.112191826644645 -0.0270045033840277 0.141352191780109
-0.00269084329814239 0.137097278579443 -0.0886635066553577 0.069020748893506
-0.0846536592155749 0.123237963888655 -0.0341025782083389 -0.036752899156172
-0.117411930271075 0.0988733725417454 0.120110236441684 -0.0917913642131912
-0.0672923352517485 0.0217168330771334 0.0527618135053895 -0.186322084700172
-0.0707602199366934 0.0695071726346201 0.0987155875907772 -0.168613059189982
-0.0156708856153623 0.0976814261524274 0.102121528704907 -0.14190695850834
0.0333525577553054 0.0806864841765799 0.0746856080557059 -0.117622926463673
0.0430315693430756 0.0432127044796934 0.0779587142785102 -0.080416045763244
0.0461513301650802 0.0306066335733816 0.0822353433057433 -0.0717038269461443
0.0508413164312311 0.0124494477370938 0.0869504571579677 -0.0440483370735854
0.0442007721037535 0.00663943305793659 0.0913077866096933 -0.00843578520456418
0.0469225744641615 0.0121351781637576 0.110278618551306 0.0415634436482966
0.0483608502520333 0.0298250714590658 0.102600778419704 0.101939215872794
0.0397797464639628 0.0517780605001006 0.0670970092981102 0.153262003739134
0.0268834230996745 0.084033636327952 -0.0203117347140197 0.144905265131427
-0.0227924902926167 0.0990522619474001 -0.0671325210784662 0.0681203219754029
-0.0883621303229259 0.0728796709395327 -0.00794097881714847 -0.0300135564139356
-0.101408260413456 0.0344221516036343 0.147665534994573 -0.0924537310094882
0.0456328299695471 0.0262622411597348 -0.156601389664806 0.103440870234734
0.0536196022789064 -0.0242769159309053 -0.00605507110568018 0.0536028006409212
0.0228379441257083 -0.0575148866323342 0.0641844919159468 -0.0634609864140181
-0.0146649095705309 -0.0396288321297326 0.0376975354389434 -0.148616415594426
-0.0106049413579979 -0.0238748510784925 -0.0507002387685752 -0.177697615688736
-0.00559001428639319 -0.020294048259674 -0.112223571765153 -0.121944931071278
-0.0104531045705121 -0.0148124562557971 -0.127608731759315 -0.0526668964380037
-0.00797273964879998 -0.0144684947894798 -0.120185186270763 0.00029712096874716
-0.00607851490661898 -0.0232744022895771 -0.101874979861582 0.044897101128203
0.0070626833967487 -0.0286847624530107 -0.0997440443124894 0.0791672172401439
0.0124660241875534 -0.021396745492828 -0.0986848818660809 0.093114812732452
0.0151391705925379 -0.0260595093251476 -0.106402580997629 0.104215879904718
0.0296043772268763 -0.0278423883420655 -0.119500831203357 0.117244941760788
0.0510292872305789 0.00329335499692894 -0.0984424454907738 0.123150249441477
0.038225675109066 0.0383695769946178 -0.0514002289458411 0.157407495426039
0.00308441952230036 0.0770565000336032 -0.161030780256982 0.0654006330881721
0.0170225557850427 0.031455288385574 -0.00199773666319885 0.0248738078376899
0.0132132368160761 0.00457051533632914 0.0583399948168576 -0.0916986970290755
0.00011753934137927 0.0158160560097319 0.0280208758988096 -0.163461374827508
0.0181983870099129 0.0177659345779965 -0.0534190599880483 -0.17931658264371
0.033426334123003 0.00332169885996301 -0.108340114870608 -0.124596464979297
0.0318233345121582 -0.0103212361569834 -0.121020227613663 -0.0594176327837076
0.0295251239199443 -0.0162203312755986 -0.113789952714289 -0.00836828055059865
0.0356785469135103 -0.0302838669292824 -0.0915650561529969 0.0389332660729543
0.0569272160240662 -0.0235852205522919 -0.0847148861989417 0.0783825581035309
0.0607965746766508 0.00198573766582444 -0.0848124012538491 0.0995133743460978
0.0584554447516074 0.0239694686589129 -0.104375582422003 0.112141253007634
0.0446663902988287 0.0409356437955137 -0.122941351334879 0.109257212342923
0.0324930134581616 0.072281139857748 -0.0868578785716526 0.0978257701739949
0.00212614257494186 0.107345028449966 -0.0322678575355882 0.125727025956583
-0.0415300288348946 0.117262323829145 -0.143028037990599 0.0193538413162529
-0.0255325944296432 0.0885850050725073 0.0227326082693573 -0.00714017516688742
0.00297919993384245 0.0741623982093746 0.0681325022601425 -0.123647462996806
0.0212349134345436 0.0754889074048209 0.0245183619751953 -0.181998323688666
0.0519179595534817 0.057496918647114 -0.0516132874078685 -0.175939461477141
0.0713198982139527 0.0261422023441361 -0.0956793286047548 -0.118926040513624
0.070828143319334 -0.00485499305041617 -0.0997211084302204 -0.0604942174796604
0.0631907849548117 -0.0155671690528749 -0.0916473626061924 -0.0150986469766279
0.0692454050275172 -0.0338593801355332 -0.0671656257395837 0.0315525694369573
0.0956575981094213 -0.0187530777629861 -0.0545377477154013 0.0745942109791079
0.0995767409952378 0.0179435598703924 -0.0554269942070859 0.106634262775099
0.0972676160628061 0.0594413786533049 -0.0906917811551381 0.125440555636151
0.0630735006195399 0.0950532287907279 -0.124744664331721 0.106776383421399
0.0176677580345087 0.12831618608911 -0.0820746332110676 0.0667522128738765
-0.0309740234840578 0.159968582788737 -0.00763673671411788 0.0777488621909856
-0.0791115458409161 0.142846096740472 -0.104318497894764 -0.0331830301315733
-0.0618682342663316 0.139194744875065 0.0569851284393027 -0.0432113745961125
-0.00312290318059989 0.141440181271448 0.0855881328999002 -0.151065275243745
0.048830224676998 0.129438165779966 0.0268092810248893 -0.193029706636434
0.0852174685433824 0.0867649439909605 -0.0409958102501368 -0.162729513432375
0.103412850534095 0.0416691954256954 -0.0705925785698907 -0.106844154307012
0.100900783697961 -0.000682066201854561 -0.0655951006248543 -0.0576959642270995
0.0865319910946857 -0.0132374508145759 -0.05629587399605 -0.0200554614291261
0.0916822422927585 -0.0304543107056807 -0.0316678995872041 0.0230773575423636
0.11798978613617 -0.00926173159373742 -0.0165930389809539 0.0682183526479439
0.120403774845171 0.0319210989562871 -0.0190542234377762 0.110818257457531
0.118808854583149 0.0842337123375637 -0.0706497463779978 0.136050997002875
0.0718051432949219 0.131937965580887 -0.123909747029553 0.102892164839724
-5.14041110586819E-05 0.163476427418441 -0.0811592259563517 0.0330454866977635
-0.0627567508965386 0.186361116040421 0.0195014906154807 0.0221131599550892
-0.101404624390234 0.147314638577952 -0.0554727833640431 -0.0881009741930204
-0.0861205514045435 0.167254890736713 0.0882867263452706 -0.0863605012244575
-0.00659849099945722 0.186485623615292 0.0971666757306642 -0.168990473812174
0.0705945099153343 0.16461760658458 0.0337530258213645 -0.188277555447268
0.108950714793559 0.101879714134249 -0.0171533120374714 -0.140359253863524
0.121636092782459 0.0491447673738524 -0.0320895585947599 -0.0924047342757004
0.11513480876454 0.00185184587646588 -0.0215750784890374 -0.0529779772424686
0.0967127094119955 -0.00907383473892556 -0.0140726247034826 -0.0213780298010627
0.0999042152993932 -0.0205783860418896 0.00892559218169919 0.0186748218623075
0.122565539177837 0.0071233901700433 0.022689230964586 0.0644212381264718
0.119675329887606 0.0502413600583307 0.0170962577095293 0.114244031779932
0.114197192771652 0.105329573244859 -0.0509206817565451 0.140182150808659
0.0597549341793036 0.152628458742284 -0.118193042228746 0.0941183335041438
-0.0269818447882465 0.173473814125155 -0.076212715107285 0.000825706520562511
-0.0908129813270508 0.182459331593611 0.0496334276236252 -0.0299414824457401
-0.104993229502023 0.127487890347453 -0.00694744674606421 -0.137939527780362
-0.0943936754757875 0.16506562508653 0.105697787023428 -0.127599063677563
-0.0101929222335006 0.193483125238611 0.102016741345843 -0.171668491139446
0.0764681421824961 0.168395405712838 0.0435487572314815 -0.167947245860414
0.110475699218623 0.0972350540361495 0.0157750635873763 -0.112881185083285
0.116192621478928 0.0495479029122008 0.014376998052102 -0.0782272427915064
0.109963939393892 0.00596423056503495 0.0250755431498333 -0.04889953747215
0.0920658141676719 -0.00205726651570568 0.0291684135279447 -0.0195117221462967
0.0944996903930598 -0.00469840478041745 0.0494730192477996 0.0215765648186575
0.108621831859005 0.0263295559355489 0.0571495523272367 0.0694906686478701
0.0996968657555468 0.0673607189158676 0.0435252772864759 0.122429879977497
0.0864035109940755 0.11854295335209 -0.0378148007339448 0.140056836904455
0.0271543741668703 0.155235657921247 -0.108280897125781 0.0783343768993611
-0.0624244113647522 0.157513776627064 -0.0595084619811461 -0.0252855424606527
-0.113547984340341 0.148040891976933 0.084726403874814 -0.0679991970134534
-0.0924298017606459 0.0826883448592279 0.0349710965421953 -0.171480355508055
-0.0891455114032184 0.12725957268347 0.110520048697704 -0.155209733695553
-0.013730782683442 0.159770745040969 0.101470830849348 -0.159499579255588
0.0614629385730675 0.136961388114806 0.0588950775167929 -0.138283848187881
0.085886152251969 0.0760980281795013 0.0520550789811709 -0.0878884747924877
0.0896716564816156 0.0410587856629523 0.0563499754873861 -0.0699271126571316
0.0867062052710778 0.00885299614459732 0.0637825597341146 -0.0449979169886319
0.0730197981506744 0.00296578346640616 0.0663086908513913 -0.0141648707237888
0.0754598596589011 0.00735035424844523 0.0849014113798561 0.0313312207676013
0.0815393858957795 0.0365097955512028 0.0847759505988153 0.0837850719175814
0.0698479952443057 0.0698626057068296 0.0587756286133556 0.136472595074013
0.0517658999372438 0.111657486524172 -0.0283422870623321 0.140717197601287
-0.00541631116764833 0.135525927068769 -0.0892092548375338 0.0680717830963243
-0.0870056315625506 0.119978494193304 -0.0333479004289994 -0.0357554044183066
-0.117305476580367 0.0948599532568506 0.119484144263526 -0.0873513933567627
-0.066932899169989 0.0214638036333981 0.0586829411748452 -0.182395364354011
-0.0707702431971065 0.0678343097702927 0.101453151577524 -0.162987418785624
-0.0168316101703741 0.0963086546097045 0.103689985875594 -0.13795990757279
0.0327379123270706 0.0807203469514094 0.0762820527257017 -0.114131865589594
0.0417030466340568 0.0441390531778563 0.0793699252196624 -0.0772203981513018
0.0451974531810492 0.0315204669920089 0.0837240748965939 -0.0690989672441656
0.0495709700924963 0.0136108699159373 0.0885598623379364 -0.0423547857527263
0.0432919145512253 0.0076143692956613 0.0919914570321139 -0.00644500205700888
0.0454391369760657 0.0136977415997895 0.109261031208832 0.0440899011614342
0.0468156239243745 0.0309889843403782 0.09986859634415 0.103651959126479
0.0386758320451842 0.0521376323206584 0.0638892433099601 0.153269829583936
0.0247347264811403 0.0828980867158514 -0.0226749701444542 0.143704198631209
-0.0247574026211194 0.0971409803607155 -0.0681985949946153 0.0669180482209793
-0.0892146944446729 0.0701538883903079 -0.00804357507719037 -0.028048788951773
-0.0999610480378556 0.0327116867291668 0.14735050252644 -0.0871501367010289
0.04666739174351 0.0281321736733615 -0.165085764974375 0.0992942148105982
0.0558255729942328 -0.0233592882073539 -0.00750961052706472 0.054680914106973
0.0251744573813701 -0.0582151624592145 0.0694619726461384 -0.0630251330250814
-0.0138405443516265 -0.0411237070883328 0.0445359222203426 -0.151553082518084
-0.0102788837996 -0.0246347256088701 -0.0465405235446458 -0.186002452476668
-0.00507614644134192 -0.0210188480648632 -0.111149616867777 -0.131761602159788
-0.00951810999218171 -0.0153647813550849 -0.129775636639689 -0.0598900920737668
-0.00650433687302242 -0.0147850445749095 -0.12521136316448 -0.00508644008603971
-0.00398850230897148 -0.0231959580759696 -0.108672267394516 0.0410521362419967
0.0086029298724501 -0.0287203347400169 -0.106332874848016 0.0776177628147745
0.0134175502004841 -0.0215529101539998 -0.10473226801788 0.091565368597411
0.0164644403324044 -0.0261212338414478 -0.113800920916386 0.102309660516023
0.0312177506272156 -0.027167574944219 -0.127770648914509 0.116774209367995
0.0515310553337035 0.00479927645704416 -0.107918812377012 0.123237096984175
0.0365294324836238 0.0409341056699968 -0.0620695186042949 0.159582841934628
-5.02785700666059E-05 0.0784893206512607 -0.169186954641214 0.0609812319021423
0.0156288789667244 0.0334248789286319 -0.00299147610033637 0.0256102905709428
0.0125021934200643 0.00545247885415502 0.0637468593402498 -0.0911450454104383
-0.000304696597913708 0.0169992015469672 0.0356871451270491 -0.167708450260577
0.0187671654435983 0.0198545045867943 -0.0475971484310367 -0.187854363057547
0.0343656845841882 0.00480304352422272 -0.106572303469456 -0.133964947451508
0.0340433493450904 -0.00917233438454177 -0.122702533814976 -0.0669903337101193
0.0326215073866454 -0.0145764359851577 -0.118450991726109 -0.0128571257015165
0.0383432985400012 -0.028639313056683 -0.0973184799817246 0.0360147311259037
0.0599140672405214 -0.0212338810448274 -0.0908726315686736 0.0773082129009091
0.0630000578235214 0.00476942222878117 -0.0911630361488499 0.0988547682806884
0.0593094901745444 0.0278944203338002 -0.110920266515732 0.111300805544298
0.0446451654438194 0.0443697752805856 -0.13085125654927 0.108942871698684
0.0294351083231538 0.0753104155919372 -0.0951309011019579 0.098444389198945
-0.00358386818735504 0.109742721532264 -0.0411872506181197 0.127932543115208
-0.0480261577209899 0.11816950682716 -0.148581797428713 0.0146672031579929
-0.0307485058494538 0.0902688756212989 0.0237521158448141 -0.00618266598870969
-0.000848761083114473 0.0770676909436374 0.075164480270315 -0.123300414170541
0.0190008316614937 0.0791805239189641 0.0319182302257235 -0.18608068332598
0.0514068323854854 0.0615606438838994 -0.0463749962952759 -0.183835459303716
0.0725782459484678 0.0295533124350854 -0.09342073846957 -0.127365165081805
0.0744533155845165 -0.00161035883675405 -0.1004962106655 -0.0674372630706842
0.0674312074988626 -0.0124586670693632 -0.0944024567471363 -0.0194950349924371
0.0736889050319232 -0.0305692223632907 -0.0712127883477802 0.0292444461771283
0.099744315623051 -0.0148810644870779 -0.0597700882972403 0.0744463099475305
0.102500083664885 0.0227608216978014 -0.0613617756449157 0.107506021318159
0.097480086156425 0.0657446791366839 -0.0969894095856692 0.126101300164949
0.0616998942843246 0.101390370133241 -0.13267018725078 0.106519441811328
0.0123376004765097 0.132394230294403 -0.0889210566301514 0.0669445266206378
-0.0394734824492483 0.161908848895443 -0.0142250130968368 0.0803653946881861
-0.0877254546918909 0.142992129980926 -0.10618401221484 -0.0374657113724368
-0.0704985001397482 0.140768047282704 0.0603988018787326 -0.0420622969071638
-0.00939489846804174 0.145502333357438 0.0935571608862722 -0.150992402288898
0.045352920008681 0.1355626294409 0.0353311099002296 -0.196763672387908
0.0856607558031333 0.0934568265784074 -0.0352662774580733 -0.169115494832593
0.105629663553601 0.04745343757279 -0.0674686846529774 -0.113430558282712
0.104822345814264 0.00366223224014304 -0.0650836750759731 -0.0637231716156679
0.0911712683103392 -0.00916407819261613 -0.0577716852801742 -0.023038801396767
0.096327757844823 -0.0262864907978633 -0.0342825249737862 0.0224171379318166
0.122572507927924 -0.00380953168921287 -0.0200545538395453 0.0691796630051433
0.12302708501557 0.0384713613939094 -0.0233777908040943 0.113139170887219
0.118429210685434 0.0924812086147751 -0.0761461204111904 0.13761065034022
0.0688041253150249 0.139900105103372 -0.131625215077225 0.103024766320687
-0.00769295316668861 0.167626312654418 -0.0862605610839449 0.0328336556125126
-0.0723523576461198 0.187691777319 0.0161812881484854 0.0240414664910274
-0.110907263408908 0.147443014066005 -0.0538167655609441 -0.0916247264120234
-0.0966003535991511 0.169214591646766 0.0933570332605917 -0.0832550140482081
-0.0135111083486598 0.19164957973125 0.106564277300638 -0.168872537224997
0.0670651666873465 0.172459750971949 0.0418333837014022 -0.191619623202118
0.109136511870018 0.109248911565864 -0.0112737003012616 -0.144809593669863
0.123880748945391 0.0554117229775185 -0.0282558487879556 -0.0966527652098861
0.119096635413362 0.00760734198000591 -0.0202645199372922 -0.0571705246775773
0.101090649661723 -0.00455938823869262 -0.0137699609004242 -0.0233849044021366
0.104451887282623 -0.0155532530299906 0.00861085490637195 0.0193722590445696
0.126263240957089 0.0130154115122102 0.0208635671887101 0.0672669967499992
0.122208712771616 0.0572865775579969 0.0134440726538642 0.118359545888382
0.11309378887022 0.113372198672874 -0.0553521116325925 0.143291589885485
0.0561319118340951 0.160648521276074 -0.125034609885343 0.0939777553875705
-0.0362330355105423 0.177385020116513 -0.0794537635434562 -0.000472355220494493
-0.10103360318707 0.183113116581175 0.0503768484746784 -0.0282704070305156
-0.11332806705953 0.127462473168554 -0.000731803880097026 -0.140113163896246
-0.104562176802625 0.166522309079567 0.113254244078948 -0.124969307684862
-0.0170540455307668 0.199031031133087 0.111004702014976 -0.172463637238309
0.0731775709692545 0.176506408304311 0.051162462103086 -0.170094770859463
0.110980067757941 0.1048857739169 0.0208883386113008 -0.115229280102384
0.11903018966709 0.0558736693471092 0.0194438757299617 -0.0803080849297925
0.113215038227813 0.0109903760496745 0.0276260909235908 -0.0506995939797185
0.0955894840901103 0.00250652366610889 0.0315869985113668 -0.0196781100505498
0.0971924972602698 2.72924955021475E-05 0.0516196246754202 0.0241900448277793
0.111089268774912 0.0323185028478833 0.0567420379744688 0.0743605415549426
0.100935594536697 0.0737844530300983 0.0400052517006162 0.127872314220604
0.0835159442349925 0.126264461890763 -0.0422940669584524 0.143921986899688
0.0225012573674393 0.161252651084324 -0.114114360478595 0.0785611156907592
-0.0716703519118899 0.159204431626903 -0.0611635404970643 -0.0266188883364026
-0.122816136812383 0.146789026952176 0.0882108957608649 -0.0661595403922112
-0.0983171759677809 0.0818951414342037 0.0447114984491304 -0.173922671010769
-0.0963188231883681 0.128385095372867 0.119566914183453 -0.152904084259938
-0.0191737413349595 0.164362921376692 0.110748017043949 -0.159207011219058
0.059285698854709 0.144442044487739 0.0656683197574308 -0.138987922178377
0.0861120318664766 0.082729942680066 0.0581587819831922 -0.0881266172556923
0.0917493201659924 0.0464655794048428 0.0623702779233204 -0.0695500043649809
0.0895338026428117 0.0133303863370223 0.0679575800529743 -0.0446764834328052
0.0747633378802011 0.0069738336739223 0.0703892927754672 -0.0128603459070597
0.0770625083187526 0.0115694663220259 0.0870342036918698 0.0354451159590637
0.0826323778579481 0.0410128174567296 0.0844626214922055 0.0903312408972665
0.0693788145622839 0.0747310583754967 0.0561677606493146 0.142812534764596
0.0485232830529859 0.117634856694544 -0.0322577426845085 0.144748129843762
-0.0106801977591658 0.139777330536913 -0.0944570356528612 0.0683424847801626
-0.0948862545139701 0.119910011636 -0.0335986867457503 -0.0359817955119967
-0.123861421138274 0.0924558946258034 0.125571829225627 -0.0850661087960214
-0.0691726557355998 0.0197532599335438 0.070182730454202 -0.184741380803803
-0.0745984199578294 0.0675912397169929 0.111300090781814 -0.161234702636463
-0.0201082512176798 0.0987750265598261 0.112062994629768 -0.137121537053203
0.0318723328508578 0.0853487536372994 0.0827272301928149 -0.11399646484833
0.0421470339347264 0.0475852671561719 0.0855437748407987 -0.0761183763196991
0.0461022327878274 0.0341067804052511 0.0898693719427509 -0.0673663646126075
0.0505800379362752 0.0159439102051345 0.0930598328124242 -0.041477051324289
0.043628116250794 0.0101072763386805 0.0967203189794246 -0.00338843124330968
0.0458553099829994 0.0157772788273471 0.112112972479669 0.0506283194945576
0.0462933815320388 0.0339301096837387 0.0990645432282941 0.111697815234307
0.0378374454638829 0.0552884719657633 0.0604638404219699 0.160936217766028
0.0224655532371956 0.0861633993534481 -0.0283332659769835 0.148204879547436
-0.0288877095537437 0.0986633954856053 -0.0730330990347954 0.0680829662014115
-0.0946539445795318 0.0686788567943655 -0.00786969450516439 -0.0278920632991402
-0.103037371044778 0.0304359548843704 0.154586636351413 -0.0840806138481414
0.0492872881149652 0.0306848127873855 -0.180401906374128 0.101518163519628
0.0605121407254345 -0.0230228374976759 -0.0085140911375566 0.0583855910868038
0.0275171223812186 -0.0614133995910138 0.0776001707150953 -0.0650156276076631
-0.0134476966354975 -0.0434197389382863 0.0523723566973316 -0.16168063710104
-0.0101638057084761 -0.0261554940931049 -0.044697424146976 -0.203119321512993
-0.00490561258826669 -0.0227494372635394 -0.115980953747985 -0.1459255865634
-0.0085649225320425 -0.0167597384199702 -0.138430853313388 -0.0682280022345847
-0.00564217755427314 -0.0156953449577246 -0.136491434747751 -0.00844520985064288
-0.00296664970592355 -0.0246132092235183 -0.119506506133029 0.0415415523469717
0.0103345921802499 -0.0302409516578583 -0.117164861583507 0.0805456613928887
0.0142444838142635 -0.0218582031156046 -0.114328001498312 0.0954465571142864
0.0179375195977796 -0.0269075215663538 -0.124961528727176 0.106083952398252
0.0345354593262966 -0.0273304314223337 -0.139059896516166 0.121866893100368
0.0541833894854461 0.00707603137346776 -0.120346451778672 0.129622795715977
0.0372137121388083 0.0444013291755686 -0.0744369243796883 0.169287777047337
-0.00243521642933475 0.0827205121265776 -0.183848937797203 0.0611106711916471
0.01506348713541 0.0365508500497795 -0.00321283194225072 0.027093897736391
0.0124280242035106 0.00665302541613664 0.0719173807443004 -0.095595278520559
-0.000464466522017776 0.0185799749598071 0.0426626376340103 -0.178534705002164
0.0201767860807903 0.0223797472420688 -0.0464607391410945 -0.204752198830353
0.037118015865547 0.00610281042164855 -0.11072036532991 -0.147742734549692
0.0380812252179011 -0.00836730151811495 -0.130857723374439 -0.0757124686130335
0.0367660826395846 -0.014224955067607 -0.128552519591063 -0.0170277383053217
0.0434805864173925 -0.0286567151342606 -0.107454072040177 0.0357634355508756
0.0649684222576102 -0.0205393036905243 -0.0999154686743965 0.0805737638712438
0.0673059331614298 0.0073303015632434 -0.100382688741374 0.103175366017801
0.0624183228754782 0.0315103697372548 -0.121347254660741 0.116000201002341
0.0468496476140637 0.0498767892079524 -0.143202487290124 0.113955419485902
0.0282665766784079 0.0812828301907935 -0.106361756726374 0.104413376441775
-0.00810536884440999 0.117208328891921 -0.0507547224577589 0.136671609608283
-0.0554553079480953 0.124347077364313 -0.160216159901597 0.0127529086599949
-0.0365831457180432 0.0968102116258835 0.0258607568686071 -0.00570216417830999
-0.00326548984718373 0.082674134169257 0.0845138584164156 -0.129490352909505
0.0188557953283568 0.0856247986289124 0.0394325018616811 -0.19803816554239
0.0548884054940124 0.0686554715828348 -0.0447633668964827 -0.199506406214854
0.0777369490606113 0.033883881111516 -0.0962530472826895 -0.140349683768937
0.0810457981628534 0.000554365853356269 -0.107331406887753 -0.0762297989602669
0.0738264020241051 -0.0106811987605639 -0.102617993356665 -0.0236744784890613
0.0805991776331943 -0.0293043885876281 -0.0782680087008458 0.0289399334304144
0.107826590442031 -0.0124489711233833 -0.0667980411937925 0.0781570085754279
0.109692264815799 0.0273421936293334 -0.0683080812449309 0.113769909191022
0.102725592690026 0.0747805450196728 -0.105411559898396 0.132423225965769
0.0640233034160942 0.111362385601529 -0.145515925924602 0.112294773446338
0.00847316226332189 0.142076538550704 -0.0984400561119804 0.0713442038399758
-0.047841828261617 0.172086490213436 -0.0201109455295873 0.0866309112775676
-0.0987908360005713 0.150490905625916 -0.11329063207362 -0.0409503966688767
-0.0805759756560378 0.149602396183294 0.0657725756760798 -0.0423705234016043
-0.0145074787639376 0.155852550758091 0.1039888402523 -0.157817410242929
0.0460057120915339 0.147561738837068 0.0430106253436175 -0.20960744574244
0.0908528731212555 0.103307691598135 -0.0330052777544482 -0.183672633549034
0.112351735252323 0.054199969212843 -0.0681734774271915 -0.124522400715613
0.113082840305089 0.00790262621933626 -0.069374075744872 -0.0716639677543905
0.0996714260163175 -0.00662226965802833 -0.0624102773432901 -0.026334117082158
0.104592067431936 -0.0237739673083616 -0.0374452570504465 0.0228827569027993
0.132523686616253 -0.000203690897713125 -0.0234408532632935 0.073595931445317
0.131971592680536 0.045031977061571 -0.0273999931729185 0.121316674046421
0.12442787979867 0.103765183103189 -0.0829247682966307 0.146032418275627
0.0711108989423974 0.152692297612397 -0.143142059457957 0.109759597919344
-0.0142468971947207 0.179825451582389 -0.0942759741396146 0.0352655540870744
-0.0838072804019152 0.198605780615177 0.0135766221559527 0.0273825115240948
-0.123414514368095 0.155131580944616 -0.0540858054944866 -0.0973469020626229
-0.10880736929009 0.180447723738191 0.102364821329826 -0.0853432591155179
-0.0203386546944571 0.205736801538627 0.118541597817815 -0.176393370636125
0.0683054216683082 0.187889400831033 0.0493269490687508 -0.203706811321253
0.115883215034138 0.121041184258861 -0.00838071281557301 -0.156426262642069
0.132136448031595 0.063128312701072 -0.0261694517398673 -0.105332856673297
0.128545319833133 0.0117511374779335 -0.0209185704001999 -0.0639832516343755
0.110025744227379 -0.00112290315793619 -0.0144555945639923 -0.0263428142150508
0.113017464342962 -0.0120069223071243 0.00936484531571411 0.0204632648936071
0.135974805316983 0.0178637695337007 0.0204422436879899 0.0730422858950604
0.130733633239723 0.0651140908772285 0.012025317556153 0.127809068880379
0.118288805703285 0.125931541168088 -0.0606274863862625 0.152755292769423
0.0568855608553744 0.17461787271167 -0.136359969924927 0.100202477344514
-0.0443978489195526 0.189352239618039 -0.0860048745891876 -3.27782181744641E-05
-0.113718421955087 0.192804364776831 0.0525645059203342 -0.0281691620142355
-0.125656459803564 0.133801250924824 0.00464155480704376 -0.148229119358357
-0.116463601383097 0.176295211177778 0.125633959986154 -0.128505614305339
-0.0233014973302691 0.212673645281346 0.123339933161092 -0.179853227081518
0.0752232625581178 0.19172036031035 0.0587070474973678 -0.180352689998719
0.117455213668085 0.116331088178164 0.0266284579378173 -0.12341785342731
0.126538107575255 0.063327951641792 0.0240228461473456 -0.0860765954359894
0.122030998883186 0.0163129539514188 0.0312752932416685 -0.0555451947700087
0.102881034421938 0.00588594429584233 0.0350403606580077 -0.0210074253801448
0.105458459747876 0.00428935682448889 0.0546816637044359 0.0269107384357762
0.118320884061508 0.0382223051228241 0.0593202612544449 0.0822480987257141
0.107051037829024 0.0824022223555746 0.0400955010318525 0.137833443849079
0.0865251391766137 0.138640141527148 -0.0461563922580307 0.153860565293922
0.0205260122791191 0.173640654563007 -0.124331492711551 0.0838888576654784
-0.0820932219133782 0.168937653957994 -0.0655589460757909 -0.0277783443430366
-0.135065797538442 0.15407091287967 0.0947514792604057 -0.0681242067975773
-0.10697613610647 0.085881708409281 0.0551002857118411 -0.183350929993258
-0.106776074569982 0.135840020753491 0.133102646028451 -0.158149381576379
-0.0243367320363817 0.175721740515274 0.122952609414117 -0.165856369516213
0.0615454647777529 0.156404214554634 0.0738949702096048 -0.146830308448173
0.0913862221494609 0.0913672327150312 0.0652431919902691 -0.0927640480245854
0.0981277056036952 0.0519502640455848 0.0695100137173883 -0.0736169908569256
0.095372005349214 0.0167221336407995 0.0749407175817075 -0.0479269839759045
0.0809033764939474 0.0103982943936103 0.0765466371402107 -0.0130977116458727
0.0825214405444732 0.0150686508379946 0.0939816016409288 0.04005074263558
0.0877131617809023 0.0469954809689387 0.0889752958985501 0.100375643109393
0.0728900125321482 0.0821748509711264 0.0567839383721598 0.15469925466474
0.0487916672243251 0.127926582180802 -0.0370740632908093 0.155261150474585
-0.0147686977595834 0.149047502714956 -0.103062982631385 0.0732537607716985
-0.105255766676798 0.126515049571682 -0.0360301274188901 -0.0378474753830953
-0.134776672226985 0.0967536212657014 0.136094925468892 -0.087975007430636
-0.0741491409415236 0.0204395334608832 0.0828315661849983 -0.19439095205182
-0.0808186732994845 0.0708093605940811 0.124747746738701 -0.167672578716909
-0.0231680849484978 0.104834834564398 0.123245174376906 -0.143393062887192
0.0332465166497545 0.0923556025022356 0.0915037896085898 -0.12014143524043
0.0442239736891732 0.0524038560442629 0.0949670555584764 -0.0791128214453223
0.0495458263437792 0.0377879341872749 0.0989637992505976 -0.0702902792548726
0.0534959878151216 0.0194807809452 0.102766527523381 -0.0431097600867073
0.0464592436975734 0.0126143793518115 0.105339898510329 -0.00239389476136913
0.0486814170754763 0.0190161745233611 0.1198276759945 0.0569391693479328
0.0487252519822783 0.0381946146750222 0.105278548874675 0.123240227576595
0.039139427426512 0.0601572874449687 0.0604291121415735 0.174350687038264
0.0212168435581319 0.0924011407215825 -0.0333409390580193 0.159130376898947
-0.0328944878157057 0.104405869450635 -0.0806338610286298 0.0730369842689022
-0.103353073854341 0.0715067573662621 -0.0076534726376204 -0.0286482186010219
-0.110203103109153 0.0304553631542013 0.166787692033726 -0.0855582611800294
0.0547067925524098 0.0307495970353377 -0.197108983307096 0.114675971324792
0.0658013553600578 -0.0268717498424652 -0.00804786666113356 0.0639014614442117
0.0282924985678673 -0.0676657570013079 0.0855007023188915 -0.0733000521679647
-0.0152275836651033 -0.0471655492915215 0.0549027232266367 -0.179196068745753
-0.0109814692622512 -0.0279593471352979 -0.054086969650448 -0.222938146004456
-0.00628613171151556 -0.0247672733856456 -0.130787458360149 -0.160462867875594
-0.00851670540919296 -0.0185731541697147 -0.15370259889764 -0.0733909752491841
-0.00530965341169008 -0.0169159137643992 -0.152070866488541 -0.00583247759931955
-0.0022258188589618 -0.0263317454919063 -0.132674876730675 0.0480305444242892
0.0109984170486043 -0.032579160828337 -0.128188545925727 0.0907227799701457
0.015235508118196 -0.0236052704059364 -0.124330062230922 0.10611988550235
0.0193481663809723 -0.029400172017536 -0.135512645497135 0.118005737563646
0.0371996773263529 -0.0302497115537066 -0.15091650271725 0.136898694163113
0.0591469099444056 0.00688970712316805 -0.131370182953069 0.144197729033856
0.0407670559345844 0.0486507028326035 -0.081638803118812 0.186941522638113
-0.00180823016374465 0.0895546258174575 -0.202207481783685 0.0710124139653638
0.0163056089622045 0.039712545888271 -0.0026040814430712 0.0298543138138697
0.0134986385461711 0.00747130482174758 0.0783369608454327 -0.105559651695704
-5.2725604354785E-05 0.0212636955847235 0.0440699762770411 -0.196847172527574
0.0232067739202565 0.0246289043036716 -0.0551540247408181 -0.22500985411528
0.0410217240936339 0.0063698337600136 -0.124698257492377 -0.162485210336315
0.0430192063797217 -0.00956321596214406 -0.145720474739197 -0.0821612567235754
0.0415408454771143 -0.015153682370046 -0.143511989235081 -0.0158444953660284
0.0485500415441545 -0.0309346519626058 -0.119293721997391 0.0413973588576935
0.0718040802881113 -0.0229483505292166 -0.109280257760742 0.0902837067248979
0.0743447955257738 0.00746412056342697 -0.108776166500922 0.114893104039503
0.0696524848520389 0.0352514616079988 -0.130643780816206 0.129585051136356
0.052966597186866 0.0547926006627634 -0.15488775727058 0.128976469897032
0.0306735924276786 0.0890128287081983 -0.116084610279744 0.117574172563733
-0.0078769940762488 0.128435368209028 -0.0572726792510231 0.151243529757812
-0.059946522983157 0.136209003583857 -0.176191115016721 0.0183418129532323
-0.0394382443792216 0.107028655602306 0.0287217958265205 -0.00602817232607681
-0.00314136524064824 0.0912164638130771 0.0910609722159765 -0.142266012499884
0.0226911669593913 0.0948056711977705 0.0407185142499507 -0.218263254568052
0.0625105844417144 0.0748460568837865 -0.0524937397448298 -0.219392974231576
0.0866682419498855 0.0360563396348332 -0.10783203190275 -0.154242628201053
0.0900305998279802 -0.000156295107641543 -0.120110550518813 -0.0834750966269343
0.0826893528520792 -0.0123741527705132 -0.115085218391904 -0.023433428718775
0.0897509583536038 -0.0324139755482307 -0.0870059112349404 0.0330763620007236
0.119469122340284 -0.0149198687690784 -0.0724935534565793 0.0874522119099365
0.121579778970323 0.0287202219081867 -0.0731058737776859 0.126044981351901
0.113993388764611 0.0811965589038132 -0.111966325530314 0.147583178673147
0.0725292561851298 0.122161872567605 -0.156796422497744 0.127659164090165
0.00974959871039172 0.156226687444755 -0.108454596243185 0.0822580919143354
-0.051203769722607 0.188938060392896 -0.0241297405506743 0.0955496175515601
-0.107461078413573 0.165767991179362 -0.124972666122787 -0.0413978987638408
-0.0873479221380822 0.166211488981513 0.0718535101359095 -0.0463979593048706
-0.0137221701780866 0.171957883562252 0.111876364560959 -0.173609482853448
0.0536054625590552 0.162221562252538 0.0431927704025334 -0.230115677631588
0.102558051096432 0.112700174216336 -0.0399116956861025 -0.201942834744553
0.125121139176279 0.0577500147843728 -0.0764309356684894 -0.136583271815181
0.125829229075764 0.00797315963956413 -0.0776466506770972 -0.0792022728501726
0.111109708633783 -0.00841053012095744 -0.0700677954270555 -0.0280302202324843
0.1163066135799 -0.0266096527489622 -0.0419416720213083 0.0257365923067465
0.146350469682075 -0.0016276241693383 -0.0251034785221621 0.0822521351552478
0.146395442153541 0.0477601484610001 -0.0274935743560294 0.13349739060447
0.138866132651965 0.113531574505084 -0.0863044495089184 0.162037196052274
0.0815736769763851 0.167243440766585 -0.154347620790576 0.124638830144168
-0.0142535001325475 0.197718292021248 -0.104213298619123 0.0425760934574682
-0.0891005972634199 0.219651231343495 0.0130923072784993 0.0307028813756255
-0.133966281416327 0.172051853608332 -0.0600116645910297 -0.103607475841229
-0.117527178866995 0.20063972637684 0.111590734113843 -0.0929813183367473
-0.0185694313707353 0.226203486391367 0.127009582464069 -0.194173471475067
0.0797118013647806 0.205881328326335 0.0508603265049673 -0.223899742725558
0.13134102850523 0.131363772016871 -0.0113671102460293 -0.172140241608422
0.14711997768826 0.0674816664291315 -0.0297725022588979 -0.115919435272345
0.14204287966052 0.0119820535868436 -0.0243054181957105 -0.0711458521046457
0.122108810427482 -0.00242354554501611 -0.0167970042365438 -0.0292150913499411
0.125108010209883 -0.0137150164866584 0.00991702896029471 0.0224525009718375
0.150500100238728 0.0182613130012545 0.0244324618323907 0.0806070052749427
0.145051788398052 0.0696165316651645 0.0152922989568609 0.139757606845311
0.132549841076823 0.138334912827513 -0.0612367005920552 0.168634015223242
0.0656220772103671 0.190946478387434 -0.146719630156258 0.114931267564167
-0.0469684751882374 0.208625958179471 -0.0947276365983791 0.00486998731817599
-0.122015258470849 0.212936250581538 0.0547080077015119 -0.0307324007767389
-0.135763067955511 0.149083415384554 0.0049728889033329 -0.161181816514303
-0.125519272798779 0.196611890005816 0.136996675075697 -0.140055771083283
-0.0214923320020227 0.233946015014492 0.132250671615895 -0.198133734105594
0.0872873910479745 0.209837921487446 0.0615244583435044 -0.198513555800315
0.132469268242222 0.125903784755489 0.0274558223832214 -0.136135409023269
0.141658191255296 0.0670407410493099 0.0261253566188338 -0.0952574043369478
0.135078600647438 0.0164451253648721 0.033074763358259 -0.0626575868669025
0.114165544647734 0.0052224734523999 0.0376457863625333 -0.0245194483189293
0.116363229759643 0.00422567553020078 0.0614874496965039 0.028506310251451
0.132145368900173 0.0410665157294208 0.0672326173450749 0.0900424705116333
0.119581569033538 0.0891065861403172 0.046971225602172 0.151327454949115
0.0979278451448513 0.152122111931307 -0.0460458249190116 0.169919313470664
0.0257888794074871 0.190768334801833 -0.134852103430801 0.0972817577497477
-0.0881451367466186 0.187160611538946 -0.0731651834672447 -0.0268723330280432
-0.145497588207349 0.171727994271046 0.101547819854262 -0.0757123569986494
-0.116373461001158 0.0964086587741621 0.0601718731875112 -0.20035865276007
-0.114151644752947 0.151612406130099 0.145585595477008 -0.172904241087322
-0.0235604318132856 0.19353407289446 0.132191708058078 -0.182934613773508
0.0719145562949386 0.170644439322893 0.0782249540634649 -0.161665172292148
0.102974390625473 0.099219990087715 0.071916237774861 -0.103279166781081
0.109086937290276 0.0553317990745639 0.0762075873220523 -0.0818796630363409
0.10580062169485 0.0179230307310029 0.0817814113115515 -0.0556277144497841
0.0889513976904342 0.0105926831675452 0.0850214957920055 -0.0162458274324368
0.0919575914385323 0.0165627929821625 0.104928216521696 0.0428167416189377
0.0969093055700643 0.0505735223942419 0.100979718289711 0.109567843533193
0.0820575995164558 0.0896528370934209 0.0653606167421275 0.169459760654776
0.056250261639491 0.13986033470892 -0.0365168280394891 0.171761200623755
-0.013066827552568 0.163560966284719 -0.11201694772494 0.0852877951053348
-0.115067724618149 0.141017007061711 -0.0405708611658287 -0.0385264666193474
-0.145682521386856 0.108642953532808 0.147221142120941 -0.0972550730348376
-0.0806092489520181 0.0244498113884833 0.0920215927003256 -0.215004771660124
-0.0872618480809419 0.0796907237702418 0.135863342876186 -0.183864889076874
-0.022961163328738 0.115386833735555 0.133711616362106 -0.159314297991792
0.0400785456514197 0.100797747645338 0.0980464477634892 -0.133222764401621
0.0505638462836325 0.0569522160548407 0.104342046014985 -0.0885904249995244
0.0552889526999229 0.0405767916059167 0.108866165407185 -0.0792836822460334
0.0593314671132973 0.0206153062277831 0.112537170253288 -0.0502089158934588
0.0504232943299184 0.0133932097529277 0.116601831238554 -0.00525969792704272
0.0537190529303025 0.020163752910287 0.133741471782945 0.0612969651041865
0.0536637373050956 0.0415125922579066 0.119117004465234 0.135008024997499
0.0442753892730452 0.065483185166592 0.0697942313490771 0.191454305413986
0.025198084918097 0.101374796273892 -0.0323221256032554 0.176370479720191
-0.03435436203073 0.114471700728038 -0.0869149451341499 0.0834801101554677
-0.112193720647803 0.0809955350955064 -0.00943977906969921 -0.0299295823735469
-0.118609901205775 0.0359611857608768 0.181253820846923 -0.0969759038317263
0.0507309464682943 0.0461427003288403 -0.227224070872287 0.0894678229314227
0.0746512089781221 -0.0158865598160053 -0.0151353547306549 0.0663467649249734
0.0407180717230383 -0.0672098997691742 0.107000317234292 -0.0690561151280891
-0.0110572471402656 -0.052901526955393 0.0904859566250882 -0.188969641090907
-0.0115399974240923 -0.0313215913493119 -0.0243826852435257 -0.253416252050514
-0.00492320505837286 -0.0276976079544095 -0.117345939690612 -0.197988624968688
-0.00526135598798269 -0.0214995347738415 -0.155547295818931 -0.106609735661835
-0.00229922140405675 -0.0183168382866087 -0.165499787443955 -0.0320646734080017
0.00409484541685011 -0.0287170603252766 -0.154779481841719 0.0319424231078417
0.0172374679037996 -0.0318458292318854 -0.152965191935237 0.0794244376563668
0.0197689210732646 -0.0213703261485697 -0.151395001654394 0.0947925277648679
0.0237348413952409 -0.0275459138172862 -0.166820223739733 0.105578949996045
0.0439124286370917 -0.0240814626295524 -0.185372764998797 0.123847348887275
0.0585442132965371 0.0204236146804107 -0.16805973723017 0.131157784040839
0.0342511742509091 0.0638534072934612 -0.128170983779938 0.181714249306575
-0.0208967750265589 0.0968672387021519 -0.227009152366929 0.044421824075118
0.00974521154518047 0.0452774450746064 -0.00629573400388768 0.0327085173265678
0.0110318557315833 0.0087813145137499 0.103530862047964 -0.0998196819075492
-0.00638373435255211 0.0211028423419576 0.0809601174420491 -0.204767706542484
0.0162848348437441 0.0306801209020549 -0.02260573044857 -0.25202110089478
0.0398688712562818 0.0146961498816425 -0.10803685413212 -0.198874834698779
0.0477318355921113 -0.00294159087014111 -0.144838185468647 -0.114130274545953
0.0483517493652246 -0.00690455221472922 -0.154762236216832 -0.0409413461172959
0.059064031241444 -0.0235768166588129 -0.139030648647833 0.0279032719166748
0.0815219192530431 -0.00960295542446514 -0.13423657279482 0.0821742175247357
0.077579200741438 0.0258300726818694 -0.138013043975903 0.105113584227493
0.0656725746122078 0.0523463896321039 -0.165861858936124 0.116298963822312
0.042929320777559 0.0707977182275179 -0.187881180450321 0.113606725040805
0.0119361636282639 0.103523831803574 -0.145928618559435 0.102103095480043
-0.036180601355241 0.141982700471033 -0.0904538869467043 0.146355069942906
-0.0922289916905205 0.134534613952225 -0.193744402168249 -0.00455554909319458
-0.0617424823190987 0.105791652653099 0.0309985450951432 0.00230717035578272
-0.0219622229822111 0.0935315153439583 0.121557463944891 -0.131387725258324
0.00450290847832791 0.10180221313659 0.079683503574308 -0.222708723883815
0.0487793983838662 0.090940113369717 -0.0174982600086994 -0.243170863266677
0.0838234170946471 0.0551178981552931 -0.088784534588746 -0.185607303922197
0.0964936923327659 0.0163978460587743 -0.115972118377981 -0.1102595693549
0.0926109010889982 0.00516475879020945 -0.122236475810092 -0.0444712074336652
0.103376648077522 -0.0165637176953612 -0.102419472524888 0.0245811913136523
0.131909499943533 0.00792768312437075 -0.0949500293559216 0.0858401817211479
0.124531592303477 0.0592127851262669 -0.10328437387797 0.122831166690019
0.10625597791555 0.111041936836289 -0.151901268528701 0.137830818750226
0.0504169456808815 0.147333194965211 -0.190543055082402 0.110726611915793
-0.0242101729249383 0.170951233680673 -0.130244263859527 0.0640580054812844
-0.0967294363126824 0.199519802107451 -0.0404876535810978 0.090232108479407
-0.148241393343639 0.155116190740205 -0.130280638447504 -0.0564831842204365
-0.122396895708389 0.158655201518621 0.0825884660232899 -0.0316753174752524
-0.0482457456834816 0.175474433303353 0.147165787073253 -0.155752701457069
0.0250723034587231 0.177106410508418 0.0854796058276193 -0.229786237786116
0.0855371551616932 0.137691462484237 -0.00370281126416277 -0.220314497994023
0.122669221264132 0.0848331107740423 -0.0564633157039286 -0.159440333993499
0.133285335639255 0.0312256141248312 -0.0694751084172205 -0.096893825235633
0.121573561134362 0.0158992324580154 -0.0725894354462212 -0.0421691770480924
0.131215492605693 -0.00425446230601501 -0.0525620228388437 0.0238377656876189
0.158797064037872 0.026928121226598 -0.0434168176358381 0.0880479219399439
0.148196373171229 0.0851557478724986 -0.0558934533230734 0.137544691427927
0.127731769422628 0.150733162730423 -0.128284539369523 0.156025177967516
0.0501541684852243 0.198422968632736 -0.187208209525417 0.107091937672312
-0.0583167147888733 0.210906123501443 -0.117628104158201 0.0210210595730763
-0.144237617139688 0.225270662464196 0.0152281808674402 0.0266346563461747
-0.177362923955516 0.155095895979941 -0.0510621847701341 -0.111870509466394
-0.159965759791684 0.187980316998736 0.132782031515254 -0.073259242321493
-0.0637168709053385 0.230946236083666 0.166459362221956 -0.171322119830743
0.0454141351526174 0.226967281769783 0.0920759283917054 -0.217487210917196
0.111902764258782 0.16218464246435 0.0241284633481616 -0.182129585656547
0.144974649253213 0.0987845086922491 -0.00877194071258488 -0.129259069889481
0.150348118635814 0.038821114459465 -0.0120441879208105 -0.0794944380087754
0.13258873625592 0.0237305352184887 -0.0139324002235959 -0.0347525100474088
0.137937422196376 0.0104157395678476 0.00478220773213579 0.0280210425919973
0.159635680242617 0.0496688733248458 0.0105319889984096 0.0940174639317946
0.14303612056308 0.109093377933222 -0.00985516511065421 0.149906023907378
0.117069350073058 0.176214784981475 -0.102724969931755 0.16626849849335
0.0284070519188717 0.220145183325736 -0.176732884298366 0.0980209189222136
-0.095522606156583 0.216532609304761 -0.0996806265960115 -0.019163133647669
-0.179196139925278 0.210549432541903 0.074320503683729 -0.030383594583558
-0.174508006083024 0.129630731614746 0.0285444588565158 -0.161839189453811
-0.168150492914249 0.182429557467185 0.167497603139901 -0.119959869530113
-0.0679375148717557 0.238869826584711 0.172556956370293 -0.174001435249612
0.0542216454046026 0.231317416462217 0.0998693742981918 -0.187514014312958
0.115826649807992 0.156275794907917 0.0611299637845485 -0.137364977339307
0.139426720392311 0.0968114180030528 0.0485376058636148 -0.0976360363559643
0.141894861135913 0.0420760884802566 0.0493561665133908 -0.0603478655697405
0.122150555160866 0.0304427518601083 0.0444957975553437 -0.0208750552924287
0.124947482229512 0.0280895852090748 0.0601328831898259 0.0424150977702565
0.135282473837014 0.070551093288307 0.0566225061016626 0.110475453251873
0.111217674482713 0.124208884560323 0.0222943141087392 0.167093662735432
0.0773298936925805 0.184889445115353 -0.0856888132932846 0.169033888161389
-0.0143458531046493 0.211391772110917 -0.158930052961746 0.0814097029652614
-0.134813799306708 0.184178062255809 -0.0691340474399208 -0.0468648661033587
-0.196387497698692 0.159221288900596 0.13351075641391 -0.0674869871049031
-0.143831255503161 0.0762221706989235 0.0964110924005299 -0.197163701847867
-0.148579450548188 0.136285483447441 0.182907822920666 -0.154550067258271
-0.0613906704582429 0.195130621975203 0.169886606026581 -0.160852686110259
0.0453796462100107 0.18890580957435 0.111591868404247 -0.148456116472354
0.0901274991779092 0.121530809764692 0.102006234994173 -0.0950363552044044
0.107353402025229 0.0778542022509245 0.100534189899494 -0.075096744665188
0.109949177681599 0.0381316366284447 0.100908777370391 -0.0448485580655079
0.0936911245186292 0.0300223375085388 0.0943506059957887 -0.00332876992629901
0.0954850630647431 0.0358201891828932 0.105573362427079 0.0644954755683065
0.0965354963748026 0.0742032873946987 0.0902155532610625 0.136337974749436
0.0706992857877075 0.116749723146832 0.0409582580279186 0.190216130713133
0.0344545005005081 0.163886789442392 -0.072652429377758 0.172846887047247
-0.0508979292615665 0.173509425385372 -0.131750288792815 0.0722922613274759
-0.152506318715101 0.129887897799199 -0.0317757342718328 -0.0523803307911019
-0.180792470813132 0.0889334204579894 0.185205799222437 -0.0801919397800246
-0.091722181206204 0.00699751601687405 0.134704563009348 -0.210203941752494
-0.106960467683149 0.0654605797795932 0.176336095029619 -0.169762453757781
-0.0459315936855876 0.114167635478926 0.167419291878882 -0.140795235099957
0.02461247184549 0.109172172131064 0.128849363526716 -0.119365007593387
0.0420237695077353 0.066669757170479 0.132014246288497 -0.0768845545036157
0.0523304861082798 0.0518806142149828 0.133232613898316 -0.0674084082545601
0.0600016298887851 0.0321032895103561 0.132881402200811 -0.0352279009203265
0.0523546536592203 0.0248111080623092 0.128060678805957 0.0132354309385781
0.0539566927435026 0.0322849353635528 0.135216939330499 0.0887859633438386
0.0505114221844825 0.0561068267324692 0.107084527317476 0.166248391636898
0.0343406725033769 0.0827625556330418 0.043184890394413 0.214341622452907
0.00796429319812201 0.115174208619808 -0.0677409434201539 0.179535653224383
-0.062430592227357 0.115484989465101 -0.105204818411799 0.0755695791794539
-0.135966253913539 0.0655413165747064 -0.000307654457690378 -0.0363170802073638
-0.135154884428694 0.0146463555865613 0.219953578222701 -0.0698151786968597
0.0562808885066413 0.0420869821815275 -0.228458122204505 0.114153651833351
0.0756012896235838 -0.0230695433489251 -0.0093474364220661 0.0693103471767326
0.0358747561051965 -0.0728414103836274 0.106958051153406 -0.0830124943140935
-0.0161969745869782 -0.0539025582777619 0.0776290161836571 -0.205559062397893
-0.0146357925987656 -0.0315639233262194 -0.0496364060279622 -0.262261974459552
-0.00802070252058502 -0.02793234018408 -0.141733108269609 -0.197518888723836
-0.00654823917909609 -0.022227063375859 -0.173173225326919 -0.0980887310310517
-0.0024858388578467 -0.0187134555219916 -0.177042187626704 -0.016721958726186
0.00234790225579857 -0.0301063426942281 -0.160551071384348 0.0491033554972178
0.0156320767872791 -0.0345962517568366 -0.152884857841049 0.0969251097478464
0.0185521886413275 -0.0229775464115839 -0.149745789902381 0.110982645465042
0.0212484303216901 -0.030603095445068 -0.164434049361276 0.124903202045709
0.0436106519316693 -0.0288976081172097 -0.181098362913032 0.145657451600137
0.0621478352926737 0.0166859899018541 -0.164035277519232 0.150513543725901
0.0410100061036438 0.0633944375364935 -0.121175270367144 0.200754358228338
-0.0145161439131799 0.10109070856259 -0.232340789028381 0.0682699410439152
0.0129688260797342 0.0466890266682074 -0.00313013471909302 0.0341369958721789
0.0111652902782644 0.0088559530605962 0.0999259952540338 -0.113499869705586
-0.00455782080200288 0.0229235311639855 0.0664515310890947 -0.220603498829256
0.0204221680387043 0.0308816096516225 -0.0473792645370396 -0.262121869093155
0.0428793883785305 0.0118429144565841 -0.131533174368689 -0.198689234925938
0.0510338798424669 -0.0068664593682916 -0.162310972025399 -0.106871935857159
0.0518540102816445 -0.0110785763914645 -0.166650177354143 -0.027222806299014
0.0608420024794363 -0.0296109779054258 -0.144170327389423 0.0428375779915684
0.0848478630066089 -0.0168838359743858 -0.133244818632263 0.0980681790161998
0.0834024823770184 0.0209856168691447 -0.135064616454849 0.121876305907102
0.073005114057365 0.0489327606226852 -0.161587543416886 0.136439546946771
0.0511040832763544 0.0702459007383396 -0.184902762241368 0.136364031118313
0.0204713993222361 0.106911652632219 -0.143598220087023 0.120138961667396
-0.0254257139449074 0.150839062307474 -0.084824020782599 0.160412698969669
-0.0853533629757146 0.146586379923914 -0.201781060978315 0.0148801489819859
-0.0560171365821992 0.116101451045667 0.0325373145998199 -0.000535505638052226
-0.0153393647993044 0.0996541303949461 0.115618846898227 -0.146718251154277
0.0142766586971491 0.105813818439015 0.0633698283069252 -0.238313948846347
0.0602126078555613 0.0903033452509782 -0.0416244569698427 -0.253215282886321
0.0926309630116727 0.0500860505903015 -0.110810167133085 -0.18638575384515
0.103965205403654 0.00878879753746576 -0.131710796213784 -0.105140941992235
0.0984987343390732 -0.00250086457982427 -0.132930388542555 -0.0343898651180364
0.107862265994768 -0.0259136875497472 -0.106442949652531 0.0359990446670839
0.138984671882821 -0.00297272472835399 -0.0913077358067295 0.0982852465379065
0.135665526819209 0.0513604600298634 -0.0971460225476314 0.137033336695998
0.121070577815093 0.10736292963043 -0.144792389609778 0.156884413244378
0.0663857011706892 0.14965491954713 -0.186786143339293 0.134251633495853
-0.0110550243039878 0.181038586704006 -0.130835690612626 0.0796026842194056
-0.082384182232006 0.21610189845322 -0.0375257793071998 0.0982400710365498
-0.142085716051764 0.173708532860358 -0.14015543844489 -0.0452762706915234
-0.11425933452666 0.176924167133094 0.0841288559684397 -0.0388263507079309
-0.0344727013007291 0.187016162233256 0.140302876035408 -0.174083905389145
0.0430896292720709 0.182237179055875 0.0676465040440047 -0.24611017043827
0.102195587291267 0.136364821362786 -0.024088326867057 -0.230471815004185
0.135377635385254 0.0780801394786673 -0.0734231716842125 -0.163368217275874
0.143291293665946 0.020687617549313 -0.0829106231480726 -0.0954993393893361
0.130318085985319 0.00567305789242378 -0.080898468018934 -0.0361492699773704
0.137657894778225 -0.0160213523291869 -0.0536750685608523 0.0299503179019792
0.169450796454222 0.0143579428198283 -0.036942825140453 0.0963925732047869
0.16297393077882 0.0757987916008985 -0.0468614865171941 0.148331379225548
0.147260615757415 0.147150009011057 -0.11743311560466 0.173553826315895
0.0701676812375248 0.202293964526607 -0.183195334409881 0.13128342237623
-0.043481995289212 0.225707003997054 -0.120688007702824 0.0347875599547578
-0.130734027364993 0.246615360862346 0.0153120964399406 0.0272333245739102
-0.172233461099467 0.177277367570099 -0.0609138530510664 -0.109400747800886
-0.151160375819309 0.210657646047632 0.132892121774282 -0.0866693456114447
-0.0459514259303017 0.246341496065696 0.158321296947917 -0.191361119282557
0.0694819480611172 0.232629590580288 0.0763798555549508 -0.233348997844291
0.13317609588471 0.15905556323678 0.00817863706000453 -0.192677543261292
0.160165890019818 0.0898582809325844 -0.0204306699395204 -0.13536365005617
0.16153638981376 0.0273525260463094 -0.0206033395785682 -0.0826155083925099
0.141783632814243 0.0133172697387232 -0.0188739170251553 -0.0339497941861956
0.146066233122628 -0.000678505364837376 0.00731766507884683 0.0297134387459694
0.171809079829981 0.0378610014135027 0.0203339095536088 0.0981491651409539
0.159225186986834 0.101040828834699 0.00302255950646863 0.157685150166633
0.139541732675136 0.174959242127646 -0.0898823917478776 0.182056011355122
0.0501224865732228 0.226774849847802 -0.173688172189952 0.120484749713843
-0.081332573412503 0.235033441887793 -0.105545195403063 -0.00831912736128978
-0.1662220260797 0.235333035721774 0.0718436063839561 -0.038030159175455
-0.170927420473606 0.150935026231053 0.0183660329592033 -0.169549930480306
-0.158909295759756 0.205589268339567 0.166310633530263 -0.136996454105624
-0.0483990892950818 0.255033639457228 0.164794240265472 -0.194447262822471
0.0799188768621341 0.236780747966357 0.086331629350008 -0.202501307141275
0.136238273005576 0.151768691471594 0.0509967318552988 -0.149383554618025
0.154877446715216 0.0883526192460685 0.0432525565851933 -0.107508372047343
0.153045871086366 0.0314903842949072 0.0457703322967158 -0.068509435902905
0.13076998260157 0.0210887201967855 0.0444493280352358 -0.0251065610885506
0.133531182384338 0.0183260216469043 0.0661783437482778 0.0392711032888174
0.148303296221443 0.0618728943307427 0.0703327651535982 0.110869192658218
0.128103685795923 0.120105076446903 0.0382402761298592 0.172622063293685
0.0980126082556438 0.186728584265631 -0.0717495309670735 0.183856680497775
0.00401543235285535 0.220563596495908 -0.15687247716963 0.101326433568016
-0.124668999546152 0.204351769260191 -0.076693497864917 -0.0401595280971197
-0.188195579108488 0.182723050390619 0.130905383963549 -0.0819760171688978
-0.143236739348905 0.0927352553966744 0.0865458898813726 -0.212633725602337
-0.141877760945277 0.15612980456944 0.178849747834379 -0.174851174238642
-0.0451761261108715 0.209409660563847 0.16310451948327 -0.18145876497575
0.0670320144423338 0.192233435356387 0.102849266478204 -0.163373241590373
0.105943204262792 0.118112376297865 0.0981492280717238 -0.109937569333291
0.119692738424329 0.0713333044413655 0.0986546398973131 -0.0884532830760884
0.119057380433686 0.0297780212440233 0.101407908844303 -0.057604572592505
0.100749627720835 0.0228860526207958 0.0980003883605898 -0.0121587636637181
0.1033053070493 0.0293463164042773 0.11639707654708 0.0579420684169861
0.107029744443124 0.0693014766017215 0.108621988065515 0.1353230500636
0.0846682022511996 0.115748207529264 0.0600838641554325 0.195230869118167
0.0509640401641806 0.167951862540635 -0.0588309561362797 0.187650921680736
-0.0369373228177942 0.184166966764269 -0.130044010725651 0.0891927768785054
-0.147020317790067 0.148751467416974 -0.0378487411939316 -0.0494337530095579
-0.178922770932207 0.109216591678258 0.18488863086781 -0.100092121644996
-0.0944531666989152 0.0156491974837375 0.125726245826012 -0.231179324918828
-0.104202152978449 0.0777117722592806 0.170506746694414 -0.190612854673421
-0.0368790177238155 0.123293265895414 0.162336797511803 -0.160918571272424
0.0377415060738487 0.110268309512656 0.122206453475257 -0.134992991486206
0.0506093017403544 0.0654019065532771 0.130923226866621 -0.0923730806496684
0.0596988867009117 0.0487970540881194 0.133394317799156 -0.0833258620521278
0.0657687785931951 0.0276750921138915 0.136421173075151 -0.0496853871253129
0.0563519051313524 0.0215358089197164 0.134827492048148 0.00230641939240029
0.0591904339110012 0.028930203827271 0.149499174499241 0.0804939249318725
0.0569431971632481 0.054365190981296 0.128125547599448 0.164952155679493
0.0437822867200764 0.0827985484282456 0.0643832279361681 0.220729681648676
0.0188692010488976 0.119473078421133 -0.0527070836932899 0.194051802577325
-0.0552304952369053 0.125091498730557 -0.102534531573417 0.0899284320129265
-0.135848119029919 0.0805316624940727 -0.00407965841482026 -0.0354504120894859
-0.137431528352101 0.0280363029489585 0.221165405754003 -0.0923555939839587
0.0582102343910539 0.0364599317460251 -0.220741120529274 0.130898474711585
0.0736663696230851 -0.0285392353037494 -0.00406405543399879 0.068290914406822
0.0295660811910355 -0.0750553896629223 0.101844210849226 -0.0926087407535871
-0.020181572763607 -0.0526794991476943 0.0637973696069678 -0.212266397790926
-0.0170463526467329 -0.0300638927489629 -0.0703775158386367 -0.260287985233176
-0.0105910333378747 -0.0269264892633376 -0.158563705799407 -0.190091150122679
-0.00740219260050054 -0.0223603198867485 -0.181568584604031 -0.0865373526847841
-0.0024163254226581 -0.0185629777967619 -0.180558052828689 -0.0025510240222746
0.00116304608946709 -0.0302949095016319 -0.158459774982188 0.0620894455033476
0.0134632628347682 -0.0348804507170693 -0.147139196135622 0.107972969992177
0.0168926536589796 -0.0234294341817153 -0.142797164472658 0.121819741862557
0.01901110510785 -0.0319548003723194 -0.156826651895016 0.136794109478097
0.0417318399572995 -0.0315092990832106 -0.170396097625015 0.158236173387067
0.0629308608649744 0.0131581266475045 -0.155246038239326 0.161984224471371
0.0454382574606595 0.059967922941608 -0.11142687506987 0.210157191589862
-0.00949569633982543 0.10127479397971 -0.228488422533364 0.0858548304780399
0.0153142051870273 0.0465876934191327 -0.000574676874910857 0.0335353767878684
0.0109678293086538 0.00881711482223921 0.0930616187256808 -0.121732127857061
-0.00235217267159695 0.0233747094751142 0.0515500810000022 -0.225315935053762
0.0233006665689614 0.0301654837109722 -0.0680572722945222 -0.259701582807285
0.0440996584868569 0.00962523293407133 -0.147935453992618 -0.191678621220616
0.0517710919873462 -0.0112176780721027 -0.171671339936807 -0.0960012033672881
0.0524531204828135 -0.0145147947078951 -0.170515866778632 -0.0142254330729619
0.0604377236643343 -0.0339261124594215 -0.143170242408928 0.0555436680402751
0.0848391879038806 -0.0228335788211471 -0.127017492738371 0.108110398442114
0.0853856269004774 0.016096849244593 -0.127122299830432 0.131890628887277
0.0766851054876135 0.0449019597512567 -0.15245641277188 0.148450715638745
0.0566272016982869 0.0670565594023326 -0.174368811236073 0.150483377754948
0.0269666734719641 0.106918814274176 -0.136310358741902 0.130409610994123
-0.0155301030062622 0.151745348596067 -0.0778656328916272 0.167253749320783
-0.0774834182656789 0.151816717424968 -0.200460875660642 0.0303764854853253
-0.0490234251427351 0.120944172792474 0.0329012595508137 -0.0027810831444842
-0.00886119499911613 0.101770117818282 0.106275624736534 -0.155116748112597
0.0225930315206474 0.105201789872181 0.0470820349201317 -0.242932099429391
0.0677724301677528 0.0863871987506804 -0.0611910077945774 -0.250961679366951
0.0970266531386603 0.0444274799540341 -0.125313645480731 -0.180761881405572
0.106062206929151 0.00105615820079872 -0.141172652788217 -0.0970732105020116
0.100569296025695 -0.00916218896044276 -0.136453267137322 -0.0234686562947305
0.108093124279397 -0.0331925613654485 -0.105958607079289 0.0454852053417014
0.140346697428174 -0.012408955287457 -0.0849408177423379 0.105684510490288
0.140855683953797 0.0431216471208757 -0.0879029958508306 0.145155929191041
0.129595694029844 0.0998045884494004 -0.13292310261468 0.167842872048373
0.0774260881319263 0.145618109394672 -0.176414062157066 0.149277759609421
-0.00020313305459294 0.183153613249073 -0.12527562238025 0.0903924184629706
-0.0680746741142991 0.221259371069308 -0.0340256270121802 0.102410211764824
-0.131724636197613 0.183698416310019 -0.14153845837288 -0.0337453306990552
-0.103180577919624 0.18565742054234 0.0815570402657453 -0.0441758920998865
-0.0217887316760332 0.190682928310935 0.129437329238559 -0.182498665908537
0.0568444507346308 0.179890528161302 0.0501624249905677 -0.250001414908477
0.113854935104109 0.129256572988787 -0.0416059470791547 -0.229896223557269
0.142126205870824 0.0688579572069374 -0.085528700163799 -0.159719846137043
0.146249166357805 0.0109255317361166 -0.0908021354849195 -0.0911114213373299
0.132452471818517 -0.00262701856811466 -0.0843144710203002 -0.0296109741515642
0.138251774876216 -0.0257854124453851 -0.0527685955374981 0.0355515672264401
0.171756825504538 0.00275938592989295 -0.0299441086184837 0.0997270720318821
0.170253174789915 0.0661576238428043 -0.0363682760888914 0.152433648504865
0.158970350594941 0.138231481024876 -0.104139638409515 0.182641844830714
0.0855343013489376 0.197604556613651 -0.172824830496552 0.146974160106339
-0.0290677458566503 0.230751140211098 -0.11839762965556 0.0450567531839208
-0.113773544037241 0.255233546698827 0.0145240704104105 0.0276716065719692
-0.16113680108538 0.189524194664712 -0.0663519884999677 -0.10371789463838
-0.136374030815858 0.222454579201201 0.128046293468891 -0.094710901873899
-0.0277953321635317 0.250795959191225 0.146117136042812 -0.201358978464707
0.0867299529289209 0.227917885374564 0.0596062703588582 -0.238095952774128
0.14629106399652 0.150310534194784 -0.00688672317836734 -0.194286006462819
0.168360496645948 0.0786844488184123 -0.0299549743268466 -0.135642299388731
0.165475980318448 0.0163362186139884 -0.0276305730426414 -0.0822884769443278
0.14422034913611 0.00346513701573009 -0.0217791321047236 -0.0314616045189565
0.147584352042514 -0.0107915535581174 0.00922205209974116 0.0306703395863408
0.175998537574118 0.0262925577521124 0.0279024258473306 0.0974722848649052
0.169130444990615 0.0908272958866281 0.0143021644245207 0.158449767790468
0.153014124886903 0.166582734284625 -0.0756875500811338 0.189399443561368
0.0660394760673231 0.223506365808555 -0.163133354580937 0.135916442804645
-0.0665761550048764 0.24182790001278 -0.106141917968048 0.00187611056454078
-0.150045207135392 0.246525949311171 0.0675499529976982 -0.0419150198190386
-0.162010241421894 0.163111152712315 0.0094581423897285 -0.170177296005729
-0.145222310529976 0.217915104307232 0.15838084183588 -0.148176356629098
-0.0296874546076179 0.259269408969476 0.151460515012963 -0.204733023193078
0.0979046711332236 0.231497587712864 0.0720539599461172 -0.207350807873424
0.148632465773031 0.142546188755244 0.0399647404040537 -0.153738178483931
0.162177679035729 0.0776808491151531 0.0356921525503965 -0.112517471967457
0.157008205279332 0.0207836638633864 0.0405559732050111 -0.0731778369563209
0.133692499622098 0.0121536335301455 0.0424709752536855 -0.0277185218221788
0.136445795530274 0.00932234167929258 0.0690728890291652 0.0358148616503219
0.153773565140126 0.0521754122324239 0.0800862944306604 0.107293077223451
0.138583535502864 0.112293779266389 0.0516436336260494 0.170956474790671
0.112495498976214 0.180995373536007 -0.0571417915212163 0.190037848755467
0.0201241409095429 0.220566251011833 -0.148462601187175 0.116016825675483
-0.111536769128111 0.215018414879253 -0.0794725231650936 -0.0326459293876769
-0.174848257804794 0.195976108066529 0.124241591087492 -0.0907234981347493
-0.136993527040956 0.10438382662596 0.0748735966206644 -0.219017975474232
-0.131179268170437 0.166271116386908 0.169832972310251 -0.186604948763118
-0.0299748851196019 0.21283667320318 0.151803649196761 -0.192309121863324
0.0826093453404351 0.186627445800385 0.0911470954563913 -0.169787629073181
0.115970546225137 0.110791494698497 0.0899119591263446 -0.117278190876819
0.126012512529278 0.0628160625524411 0.0935064424639881 -0.0966292674095518
0.122784586599794 0.0216467024735567 0.0973307745497625 -0.0660350842838567
0.103248754776781 0.0161926353288651 0.0972534600697832 -0.0194976920226341
0.106175927125035 0.02208618821165 0.121290520471955 0.0503784044395331
0.112524342117666 0.0627679290164811 0.120177747906641 0.128578231203825
0.0945226033474245 0.110015426354626 0.0740516028274754 0.193076831897231
0.0646548342381523 0.164082328932577 -0.043976767157239 0.192674014766652
-0.0241963327909657 0.186919045869807 -0.122797441240726 0.101129554758084
-0.137767394090555 0.160641531195344 -0.0412404234264644 -0.04524745184105
-0.169808974059244 0.121341734060494 0.176773049380959 -0.113153020013566
-0.0931470610260878 0.0229985567785759 0.113302157755762 -0.24074786582736
-0.0978995838539984 0.0854923555958902 0.161087527873423 -0.201816990729661
-0.0271523570585821 0.12565232748872 0.152232556014799 -0.171666973789317
0.0472126374091994 0.106672888083842 0.112633209429328 -0.142857415237371
0.056888143869495 0.0615588834197881 0.125127211252589 -0.1024908578313
0.0639255908148604 0.0442933575407198 0.129065976513967 -0.0941479335733247
0.0687591120781836 0.0229984147214652 0.133618053709848 -0.0610627742362189
0.0575873748982917 0.0178801137665482 0.136018459282129 -0.00740573585922008
0.0614559722349407 0.0247354671844728 0.157142134860106 0.0707749072612859
0.0609794689323524 0.0511021910179665 0.142771913142678 0.15692266818627
0.05067420861966 0.079911216509028 0.0805423208153628 0.2178943717966
0.0278482119432503 0.117144609031043 -0.0392557849604722 0.199851628241329
-0.0467254426578065 0.128934703050065 -0.0955481495568146 0.099376529629233
-0.129909809724851 0.0911785164538963 -0.00645483643347084 -0.0348834661902591
-0.133308460282498 0.0372210945102906 0.214745019367188 -0.1076847015705
0.0578109074255496 0.0334420929261732 -0.215486877034483 0.138648654980025
0.0720304007791441 -0.0302626285646075 -0.00151347050088762 0.067578989778624
0.0264514986909629 -0.0747756892904513 0.0994261481523793 -0.0971038809490808
-0.0222662814260269 -0.0515131191683318 0.0559632791810716 -0.214442053741371
-0.0180589112909 -0.0283190747400484 -0.0811006350310762 -0.256492359680704
-0.0112472203953371 -0.0256797229607881 -0.16716458784319 -0.184216974306865
-0.0081202097100088 -0.0226589649249616 -0.185480224858763 -0.0800673520656492
-0.00173308227904584 -0.0185449312208228 -0.181081060583286 0.00460940732103317
0.00093304664137012 -0.0303865750436994 -0.156366657332851 0.0694958559929747
0.0125552426419945 -0.0350055984206785 -0.143485632445629 0.113482707798726
0.0160365533004326 -0.0231391188295331 -0.138721060612396 0.126115861318845
0.0174308395925597 -0.0322845577504642 -0.151717868334054 0.142232424020705
0.0401427346571003 -0.0328126643708649 -0.163071882983953 0.163225461299756
0.0627359980202563 0.0116267468197784 -0.150018362269969 0.165253796010956
0.0464086134501582 0.057382048922614 -0.10762148265838 0.214096343437105
-0.00726659901521003 0.100387104043664 -0.224533701020901 0.0949438652859761
0.0163422166224635 0.0464840379748468 0.000849817053610701 0.0332646942666891
0.0109800319023859 0.00925896826424646 0.0893727994076448 -0.12501396674698
-0.0014368516934004 0.0236572791060813 0.0438913298175616 -0.226780792000685
0.0247007877522376 0.0291711868355578 -0.0787830184848464 -0.257012222463445
0.0443629999591685 0.00882212674494024 -0.156144416431916 -0.186667561277174
0.0520609508974691 -0.0134572907635063 -0.175866641628404 -0.089925468603249
0.0536897203359709 -0.0166631444998556 -0.171441156526447 -0.00598755891364729
0.0598893990013538 -0.0357431215185802 -0.141512209288294 0.0625674485942637
0.084611620123959 -0.025050860654945 -0.12289297719849 0.113264181252584
0.0865766038614619 0.0137329241419203 -0.122929822467944 0.13692594685213
0.0777129915907347 0.0427536661580472 -0.146896890798479 0.153739846714258
0.0587694332218581 0.0643469765785701 -0.167402255334505 0.156708913455575
0.0298310031963421 0.106255336528523 -0.131874230615903 0.135102491851261
-0.0108876857408039 0.150801771854019 -0.0751001119374125 0.17119144199002
-0.0741896450704475 0.15329537899715 -0.197592939904776 0.0394221823895427
-0.0454498867522809 0.12272573840056 0.0331988527867178 -0.00323550528506636
-0.00486196712305483 0.102224361545053 0.10122579046535 -0.157741119682675
0.0261843769208725 0.104553363384863 0.0388871897588821 -0.243335673929074
0.0718139540688134 0.0838585735459971 -0.0714151619534364 -0.247953544042434
0.0992322586683109 0.0412960636841639 -0.132429344053484 -0.176655320067318
0.107081028253268 -0.00311429880210077 -0.145675764242331 -0.0918196359290476
0.101640736319579 -0.0129246339658764 -0.13791719476587 -0.016693764234398
0.107790596215829 -0.0369981674547882 -0.104354946974705 0.051287984250866
0.140658052018094 -0.0168823489788054 -0.080872485578303 0.109357064666047
0.142466924816353 0.0386040480626712 -0.0828105970165355 0.148428815913112
0.133225337737309 0.0960844673767431 -0.125721597987044 0.171693279957629
0.0823990212713722 0.14229764640194 -0.168366152437213 0.157235372738346
0.00497750396330565 0.183758735005973 -0.122064718828115 0.0949938911719237
-0.0605509512040465 0.221648804144343 -0.0337337798937922 0.104640254329061
-0.12698087120681 0.187616789978355 -0.140613063805581 -0.0267293366961544
-0.0970789985390524 0.189823348774184 0.080563541742466 -0.0459978358409015
-0.0151306107785458 0.19063179051729 0.12324905673625 -0.186210397329201
0.063569790545584 0.177287695643615 0.0422461961814409 -0.250039936886154
0.118860643685334 0.124229718291936 -0.0516495359750006 -0.227066255077541
0.144996735915042 0.0636367612843008 -0.0922727992711975 -0.157370912644607
0.147846195521884 0.00527533944141204 -0.0950560672904296 -0.087847378459885
0.13392211884524 -0.0079482406656881 -0.0855825949200247 -0.0249328020940172
0.138161445163971 -0.0304861765440572 -0.0510167551265325 0.0395598055043643
0.172330675632919 -0.00291343324995897 -0.0259411311984298 0.102147038366499
0.173409349695353 0.0600938693864361 -0.0304306248414643 0.154317779222716
0.164773975356352 0.133356060804917 -0.0959484574810109 0.185486971120697
0.0928778858916949 0.193571613635949 -0.165037996589361 0.154381155439436
-0.0220253970057946 0.231278502969696 -0.116243823011282 0.0504039311748185
-0.103819749588666 0.256923867809621 0.0127648617330271 0.027763479337399
-0.155518582311239 0.194945934400846 -0.0675299065676784 -0.0995128812424537
-0.12900575097528 0.22710770674375 0.125150248382523 -0.0979659477368621
-0.0185045447889492 0.249871113740022 0.139050962711566 -0.204166182358341
0.095609227457867 0.223859816977619 0.0512992847436181 -0.236906069278764
0.15188040255379 0.143315201142208 -0.0145473477556033 -0.193382669814408
0.17119190398553 0.0724676233667867 -0.0353543658900077 -0.1351597796828
0.16679990741704 0.00991499472426584 -0.0312938909461644 -0.0814386874327967
0.145128750500303 -0.00143339719580718 -0.0227503190654435 -0.0294327541985271
0.148104878770382 -0.0159089184629985 0.0103571585336059 0.0322035936345624
0.177467953862191 0.0203637677787877 0.0332318411263127 0.0966929928912564
0.173238881160681 0.085298251242785 0.0204997451911773 0.158975067034017
0.159987722897331 0.161281585028084 -0.0664197910248291 0.190321645531162
0.0737090818670855 0.220444199333153 -0.155403486758463 0.143200510201428
-0.0589205299404357 0.245091971155036 -0.105352352465256 0.00716885468655876
-0.140534093567219 0.249380438521007 0.0630959410680842 -0.0431568237164894
-0.155816351365237 0.169388008742072 0.00659252527128616 -0.169078491603061
-0.136895909138419 0.222853559250889 0.155072493121896 -0.152179380992534
-0.0194174742348894 0.258895771306959 0.144918732581135 -0.207617110908315
0.106844606229168 0.225769578040946 0.0643585397975794 -0.207382347348147
0.154274876355181 0.13655240771499 0.0332518978903623 -0.154102590252358
0.165779215665197 0.0707962156936305 0.0312802938706144 -0.113676871891307
0.158880177215 0.0146642389321175 0.0373353321251223 -0.0748438454102637
0.134390481329104 0.0076595913632637 0.0412976610322243 -0.028553148652493
0.137264869601705 0.00433296786321776 0.0714001551976679 0.0346767937718954
0.156390333161 0.0469981908160097 0.0849620579622166 0.104320816389549
0.144171853611589 0.10713946667727 0.0575365589599667 0.170054718549865
0.120694098486831 0.176524494937294 -0.048008500443725 0.191853576881174
0.0281697912998352 0.218856570397926 -0.141528196004474 0.122741496878994
-0.104481731317401 0.218887036029022 -0.0792752962280716 -0.0279972412687582
-0.165803446525815 0.200612797630162 0.11878964048221 -0.0948238844878632
-0.132736664569905 0.109537245817802 0.0703481425911487 -0.221154495183255
-0.124180790968588 0.171044589318662 0.165144928553509 -0.191499031650542
-0.0204828718847889 0.213060428679472 0.144838420684447 -0.195689949739067
0.090773528079239 0.181709576131563 0.0850121775248121 -0.169700629559018
0.120427617786476 0.105843929573074 0.0848705233594678 -0.120201341385804
0.129293561757321 0.0580630770497396 0.0899888822879888 -0.101180230789772
0.124324907903727 0.0166393231156087 0.094827136584626 -0.0704916720012023
0.103694907157904 0.0128528576046594 0.0966945734261139 -0.0224252575250886
0.106965808632699 0.018153833133905 0.124137658399389 0.0472095323682328
0.115015675427334 0.0591394322504558 0.126584180587112 0.124447143245396
0.0992033312185865 0.106267564596388 0.0810184069694713 0.190959276057233
0.0708351162938861 0.161056671012867 -0.0355023139249471 0.195093959037672
-0.0173504439775011 0.186620406209173 -0.117440860490634 0.107219933839755
-0.130850380080157 0.165261438011281 -0.0423571378932416 -0.0420087940025789
-0.162690991062243 0.125663701547578 0.171386480879575 -0.119157610705387
-0.0916249135005205 0.0274628613596189 0.107702324374886 -0.24511084597068
-0.0940096597368995 0.0890377136924679 0.156360170663644 -0.206295376241343
-0.0211416850187892 0.126252631888695 0.145710247373971 -0.175478948930627
0.05220238698162 0.103266620383396 0.107439807418972 -0.145180080475979
0.0589995232416965 0.0592230774236234 0.121023214649992 -0.107927603561246
0.0659874371517448 0.0414486255795422 0.125490191987431 -0.0996276930502961
0.0692431295524868 0.0200273626213878 0.13146958608867 -0.0665632429531321
0.057715300469917 0.0157520037677493 0.135643451548331 -0.0130034024058724
0.0613597723574569 0.022359519127173 0.160771121884638 0.065554261894185
0.0625663185109625 0.0492030545831915 0.149968639204363 0.151279511520817
0.0534246016790449 0.0769280028722919 0.0882420984187369 0.215813731752867
0.0326299333027639 0.114804499989573 -0.0305778193745306 0.201899821978438
-0.0419652406321561 0.130141339418013 -0.0901574334361535 0.103677629361803
-0.12487340332919 0.0953547776672824 -0.00784850017129309 -0.0325005090797868
-0.129625732651118 0.0411708745511924 0.209422548655055 -0.116077248207389
0.0582675642981208 0.0326682035583669 -0.217188461727969 0.144520845535831
0.0725555302485481 -0.031785733721957 -0.000249992689301655 0.0677784396787605
0.0251405780081749 -0.0753911614939754 0.100042378679087 -0.101542467192961
-0.0228610427760889 -0.0512851511461917 0.0546844462688329 -0.220068046222316
-0.0183515424738078 -0.0283995246059401 -0.0875278570340788 -0.25953882937577
-0.0118259339169893 -0.0249564503984375 -0.174977697086627 -0.186034236084557
-0.00845924823911321 -0.0239746295254786 -0.190428683240814 -0.0790322424570324
-0.00102121363150078 -0.0195037976217241 -0.185102166260825 0.00864364035856668
0.000954766666644015 -0.0310072449277337 -0.158362278695519 0.0752083638455532
0.0128614553903766 -0.0352138073479318 -0.144501622440494 0.117698898577251
0.0162296462971967 -0.0233937471083845 -0.139395951645943 0.130127493484698
0.0164739996960521 -0.0327207485408258 -0.152356537697716 0.147728332516895
0.0400537347763532 -0.033455338978605 -0.163034761165543 0.167822429951531
0.0638484036470257 0.0116636694928967 -0.151697923447794 0.169662710201568
0.0475042496239124 0.0568876866123131 -0.109908699759161 0.220554286514012
-0.00769143938515483 0.101547234875156 -0.22616398176841 0.101005315988742
0.0166287978444816 0.0479797529179439 0.00107771281295223 0.0343326996307921
0.011118646775532 0.0102381338717973 0.0896714792868882 -0.12885548600061
-0.00115123416491437 0.0248532120024854 0.0421215991837264 -0.231304602428038
0.0265843283153883 0.0295679247928507 -0.0849794810712763 -0.260167242909157
0.0461004280768427 0.00866780522810959 -0.163246146616658 -0.18783533984132
0.0532452066923102 -0.0147144372423399 -0.181591647419513 -0.0890462043817515
0.0560715530680729 -0.0185687503110794 -0.175449293663288 -0.00213356887615861
0.0610492435130689 -0.0372324441206605 -0.143452134924536 0.0680034817828015
0.0869239777525308 -0.0264448147654127 -0.124137971619205 0.117137633061578
0.0885403056756097 0.0132463502418875 -0.123411844352481 0.141066046028677
0.0797395924222951 0.0430010941273632 -0.146247933960506 0.158509063111563
0.0600709158672956 0.0647737618649227 -0.165965743800718 0.162362970300966
0.0307869475759861 0.108628344488234 -0.133202078881954 0.138519673280919
-0.00981031167440898 0.152183716203316 -0.0777900708095378 0.176541413275188
-0.0747164897299604 0.157297891952596 -0.199177083942382 0.0442700464365023
-0.0450723832663432 0.126681648718604 0.0338136501014094 -0.00348266393788068
-0.00432914285575272 0.104758040403969 0.101906369178104 -0.162049615085255
0.0283125678359262 0.105784246338589 0.0372102470687767 -0.246926388067558
0.0751692747721316 0.0837212708866444 -0.0774271157842225 -0.251071412002678
0.102386872975794 0.0405095121487106 -0.138638974027962 -0.178734075136101
0.109766106810292 -0.00495185221079036 -0.150561277495754 -0.0913767696001415
0.105099038416294 -0.0152469884846236 -0.140313669822303 -0.01315302218126
0.109891815521194 -0.0393118019752087 -0.104751670259785 0.0559253125068127
0.143964620630517 -0.019077290843204 -0.0805792538094512 0.112906465124402
0.146764914808587 0.0372975301777325 -0.0824234836749304 0.15330825462534
0.137691526019046 0.0965748714996877 -0.1239752606066 0.176860133955949
0.0854904583736677 0.143173928468369 -0.167321485395914 0.163343858950014
0.006205612189908 0.188111568329085 -0.12292434003123 0.098670664913627
-0.0595616010435323 0.224842102824841 -0.0355669927663362 0.108647137371469
-0.128010971367967 0.193023097964721 -0.141401877290677 -0.0238547680355835
-0.0970876724526094 0.194805291778626 0.0818431795690169 -0.0464153107954289
-0.0122618484945962 0.19432228711143 0.123496912283377 -0.189995253919417
0.0676723789597082 0.179367718814119 0.0401238214032837 -0.252664333030074
0.123826399152139 0.124324073689265 -0.0575948699674477 -0.229756149668595
0.149409947256548 0.062615361732579 -0.09679137877933 -0.159515825393966
0.151777987720833 0.00244797374227578 -0.0990761845558276 -0.0876359074753575
0.137539698038199 -0.00975033180602001 -0.087401163654525 -0.0227554355105751
0.140959893212114 -0.0328295848913125 -0.0509052084742605 0.0433037071578611
0.177481211389288 -0.00514377086668802 -0.0238064861216241 0.103955933790744
0.178794012580611 0.0586978997145208 -0.0290346140083913 0.158655729529292
0.170597698314604 0.133931707712017 -0.0928475541947379 0.189708942532026
0.0967280239576977 0.195855555362516 -0.163357444778358 0.160744740454481
-0.0209222369531986 0.237152282783728 -0.117493472961206 0.0546715396694844
-0.10270549171721 0.261030269723589 0.0107344128187566 0.0293033459284762
-0.156701040175602 0.201121385156484 -0.06724052507636 -0.098966937994097
-0.128205526494041 0.233875864576629 0.128026529349629 -0.100063276633344
-0.0146731067441637 0.254790365973525 0.139430913567632 -0.208621342596027
0.101096718258012 0.225196550250343 0.0490951562202637 -0.2400583097075
0.157721093135427 0.143144700950916 -0.0191395364068661 -0.196037822021717
0.176776195542424 0.0710344500569091 -0.0387342346815552 -0.137356226622734
0.171099827170226 0.00736416275737565 -0.033412089304866 -0.0825206553784334
0.149167249555473 -0.00348191331960544 -0.0235647058649066 -0.0286366502184902
0.151069747024508 -0.0186244237814368 0.0118076187518969 0.0343097562865838
0.182770029360441 0.0180955126658874 0.0354321253325642 0.0983525192975357
0.178902365313798 0.0840466216487719 0.0235356756472996 0.162334350519906
0.167057695659763 0.162118231659872 -0.0636153058423629 0.194843946704006
0.078373087723347 0.222550511551576 -0.153636700067681 0.150152078313656
-0.0579046804885574 0.250951791588369 -0.106184263000049 0.0102754635815499
-0.13937357823572 0.253537907942032 0.0619552818974197 -0.0438615808097213
-0.155921374723276 0.175662184032154 0.00710690121869478 -0.17101644421742
-0.136215725841203 0.229287509693806 0.15746346430746 -0.155711226752588
-0.0152170071959491 0.263562998442482 0.145561565266177 -0.212154285034268
0.113225378755295 0.227350185935419 0.0633243185021484 -0.209779650874296
0.159814795760953 0.135874187897242 0.0303636965127129 -0.156959923353267
0.17116036193441 0.0699215002114805 0.029721933042136 -0.11687627924581
0.162100694353817 0.0124547281122551 0.0366093049379007 -0.077392650815635
0.137816941664073 0.00594936690889781 0.0419708257760065 -0.0289666401124527
0.139976211256651 0.0023407137821762 0.0743044768343153 0.0353438609831327
0.161137753682959 0.0455698305130695 0.089658815373344 0.105009976222593
0.149134923418194 0.106783962630552 0.0614538617808376 0.173263531927189
0.126232091376261 0.177785502226232 -0.043712009043382 0.195695005948802
0.0314128895926209 0.221934654070411 -0.139924197602745 0.129272417873506
-0.103762296905717 0.224780685641259 -0.0807648219762901 -0.0259599215319011
-0.164867690289772 0.204248114280185 0.11792513032607 -0.0978125895640305
-0.133117769513567 0.11402853891628 0.0714542584462614 -0.225923704882792
-0.123373579407056 0.176258874288177 0.167497217082843 -0.196343158833059
-0.0167064201642443 0.21680971539067 0.145129063416864 -0.19962867859918
0.0955571234692773 0.18160919445172 0.0843650797599103 -0.172912233110103
0.124754005272555 0.105453484117917 0.0843893919139207 -0.123382755599974
0.133196948335048 0.056036199866153 0.0893763496298268 -0.104913563843993
0.127255329722722 0.0146400366024258 0.0956982397488834 -0.0740956980768272
0.106179669403069 0.012148138381503 0.0989745269279515 -0.0243722838026935
0.109644869050967 0.0166653646920139 0.128108512047465 0.0469881028195871
0.119370240387823 0.0586507243952192 0.132219921459337 0.124179537895514
0.103342057997752 0.106335740698516 0.0854897766119718 0.193855013967326
0.0756120441427905 0.162498089643295 -0.0316685109911552 0.198621549265046
-0.0148023688903755 0.18992578463549 -0.11617708084421 0.112996622862827
-0.130610082989838 0.169898380124748 -0.0434116808404021 -0.0408667583262409
-0.162585176698977 0.128746439284257 0.171420270316638 -0.12382342901881
-0.0917378142564351 0.0301239605236826 0.109350410399698 -0.252003492726871
-0.0934101410621745 0.0920424511062009 0.158497442373046 -0.21201749215842
-0.0186426161833013 0.128032138832841 0.146316346310827 -0.180135422148551
0.0559780575648052 0.10233508790922 0.107088548125654 -0.148358748395005
0.0614991598413545 0.058991961663926 0.121761038211141 -0.111519107260251
0.0686465055295798 0.0410974599021685 0.126622380169212 -0.104202324877521
0.0706157645176101 0.0185564628612246 0.133922734932276 -0.0715225231402477
0.0584722799271112 0.0156569465733512 0.138460113773785 -0.0155093391508044
0.0628351025262669 0.021406912303031 0.165921825679616 0.0649648892734254
0.0649532019809163 0.0494616999934259 0.156476905830986 0.151826527905098
0.0557528003349799 0.076424813829701 0.0939155242722187 0.219313362291648
0.0352194911703765 0.115342420460515 -0.0266234171320425 0.206535013365536
-0.0405041392289252 0.132256648099397 -0.0901245400487795 0.107901934817612
-0.124803176556442 0.0985050199072512 -0.00862337584419716 -0.0325793479172803
-0.129322770622476 0.0426792493167137 0.210542428603845 -0.121045390322695
0.0718584211011 0.00736960343863022 -0.137189699806896 0.233814015270592
0.054695605929868 -0.0612394845023654 0.0302151847057884 0.0614830403154115
-0.0110964909832047 -0.0803169581773578 0.0429566609871778 -0.144271682316373
-0.0466370679491893 -0.034451896915057 -0.0530944434371038 -0.234380486896721
-0.0303501234451557 -0.0138910633643938 -0.205782853048718 -0.201383749466418
-0.0223239541605544 -0.0152909697351074 -0.252553816845482 -0.0911556381164276
-0.0184844018986554 -0.018937225043947 -0.217958211659044 0.0133134149438552
-0.00793895880674348 -0.0190833002756197 -0.168987281447659 0.0963072156812438
-0.0132590346209959 -0.0304847405687091 -0.111861919240986 0.146769419881971
-0.00296697549786834 -0.0381790248974006 -0.0797189429288181 0.178261831696659
0.00495596624459758 -0.028002614408495 -0.0697761663387232 0.185599541522731
-0.00157973205666795 -0.0348681083989849 -0.0718274757158722 0.208050755985492
0.0202058580037074 -0.0485676277179465 -0.0717673807327154 0.230408834331729
0.0639397138077524 -0.0165677609486554 -0.0690452634111755 0.229964210023444
0.0714906321629868 0.0337674181617979 -0.0110900308298539 0.262618062551025
0.0379978317330486 0.101485102825366 -0.163383299998661 0.19981275599433
0.0365908555049702 0.0371519848509006 0.0183699797351556 0.0311890601882447
0.0125770233244234 0.0059638146411784 0.0260904390126074 -0.162522967323241
0.00676489890573263 0.0257958480408949 -0.0662406239082399 -0.236853249262484
0.0368127337771505 0.0201850557290259 -0.200345354513815 -0.202894764177129
0.0474040503711905 -0.00961927262957739 -0.240647480977002 -0.100115775333936
0.04328656395996 -0.0378043633352189 -0.211905579404258 -0.000766412999259989
0.0484333118898927 -0.042932268833071 -0.164199827261686 0.081301628033757
0.0418256216687965 -0.0633985414948921 -0.100290109295774 0.133412705913985
0.0723792165156241 -0.063749625509823 -0.0593441908912673 0.169856466548109
0.0922666070588692 -0.0257978095278195 -0.0493891782185139 0.192834437789727
0.0935011337034599 0.00750661127281479 -0.0633769074541523 0.222100682547163
0.0844909084955789 0.036861677878572 -0.0809080989546473 0.229652299837794
0.0770618826463594 0.0917186720627829 -0.0691606488040966 0.191628196720722
0.0629438507874149 0.152811382981069 -0.00561234790293799 0.20256341411249
-0.00241498007228364 0.182490488231327 -0.162331563437576 0.137889116205373
0.0115706703563631 0.13805221444178 0.0338742771910344 -0.0162505855518421
0.0381387586025708 0.100687316008011 0.0267291744659719 -0.195194540347304
0.0692794419062205 0.0873871287866798 -0.0737881708242368 -0.246777883083014
0.10590399206436 0.0486087998544704 -0.186719638860873 -0.198668092165333
0.115269496852456 -0.00538287440790078 -0.211149956569275 -0.10417133348547
0.1009336374803 -0.0540842866971331 -0.181545148982189 -0.0174870741377367
0.0977314344420345 -0.0612731224917576 -0.136516481081663 0.0549109135957876
0.0877948284104403 -0.0871180423394865 -0.0694552755766337 0.105160866789567
0.12992614055102 -0.0838856405735508 -0.01925878218005 0.147211476839878
0.159393360451358 -0.0292630035921887 -0.00558670022500838 0.188443184890663
0.172971944937428 0.0311200379197049 -0.035634184507818 0.234296787635977
0.143939576175813 0.100645432312039 -0.0837265949428555 0.233225895971864
0.0907219135257779 0.178035826431324 -0.0806802870120795 0.149643091736444
0.0512392233878757 0.246354910741312 0.000246611933320806 0.115009086319866
-0.0387658882012463 0.238984652996983 -0.137667587233592 0.0503471194189722
-0.00803304249870905 0.223889783997616 0.0614995843739741 -0.07718405826034
0.0681677427958457 0.18796696505665 0.0390473132065114 -0.229140027453591
0.13728081985496 0.137445167576582 -0.0699494045930294 -0.251954933556401
0.168872959458697 0.0647903865992422 -0.154709671409884 -0.189527633966977
0.168632948706414 -0.0071974102036716 -0.161236873467531 -0.105978372381056
0.14337459249251 -0.0651769306951923 -0.129592306038317 -0.0390354068463772
0.130732873172815 -0.0704947471060182 -0.0902198867133497 0.0215436683681948
0.120690678060826 -0.0946034317486956 -0.0245455484782975 0.067894215847504
0.168134230574844 -0.0855616513722417 0.0304396254003583 0.113572244787573
0.200010933944906 -0.0233272260119125 0.0463631354047956 0.170499388461568
0.221812979926544 0.050680770289095 -0.00129583996005078 0.235921795561019
0.178250935302409 0.145396496303256 -0.0823076912479488 0.231379326732346
0.0874628272478751 0.237393190196661 -0.0976629079804341 0.104372045783608
0.0271512045139241 0.301365835817279 0.00753180606655426 0.016370918763276
-0.0637678042663732 0.25874381032054 -0.101486350962383 -0.0529399221709207
-0.0222253679297389 0.273926857875053 0.0806258778045134 -0.1473533410586
0.0916461734210304 0.245108201935396 0.048531427635475 -0.253506802351002
0.188339259643272 0.164409288412736 -0.0513267934694934 -0.243329012298259
0.207725113909099 0.0664917609500179 -0.101398517856534 -0.176781820123699
0.19780191489322 -0.0122359145317366 -0.0954711364113252 -0.113154251960192
0.163643787968426 -0.0701598831643964 -0.0647901935826877 -0.0654327507414247
0.143691417007503 -0.0691650644617423 -0.0329054727969399 -0.0145499663122096
0.136932021141616 -0.0851245526205709 0.0305572430266624 0.0293702090738675
0.183960131680363 -0.0653916772176058 0.0837944314323938 0.0799485257351849
0.212094438834672 5.12690316042631E-05 0.096159409302022 0.150439499331277
0.231505855432299 0.0784157964212784 0.027152512731301 0.227714983134473
0.173372350436826 0.179379020651015 -0.0797518278648679 0.216006780784517
0.0586917282085624 0.266507423477842 -0.107421402893059 0.0562797840290676
-0.0105946292508953 0.311378162168072 0.0237313617590348 -0.0787695006257862
-0.0753984884803705 0.23461233110297 -0.0642980997968148 -0.156344337486908
-0.0320265852966734 0.272565843837022 0.0831347162608232 -0.213768852935094
0.0949571519422243 0.252854355650394 0.0521784626758207 -0.259410408234244
0.200176724780139 0.159982174398596 -0.0239039414925576 -0.221516693538811
0.206781497348936 0.0572640862781969 -0.0372068127017889 -0.163479703706667
0.191332345922375 -0.0115943161886851 -0.0225574022705402 -0.126396333613991
0.158711417041782 -0.0617601687710843 0.00382787672148124 -0.0926403165937745
0.136478960820282 -0.0547107453600717 0.0284014668843874 -0.045788915035778
0.135215279751282 -0.0600036409347705 0.089250345142459 0.001130110578881
0.176155250356257 -0.0294384848143757 0.136182454114517 0.0603732652681167
0.193501124211957 0.0345627942327607 0.135626980285063 0.141865420861294
0.200739094508457 0.110810171248851 0.0427704586056209 0.21796617728338
0.128768703846236 0.200066455705115 -0.0769854357409222 0.188301083283062
0.00428354496098112 0.262069436120565 -0.0987790083046694 0.00837412110444542
-0.0585893467219198 0.274735212778719 0.0559734831803285 -0.156034610284428
-0.0804566920279602 0.167221607906677 -0.029258554020586 -0.239546673119777
-0.0429278779565946 0.219144762003789 0.0721900983059757 -0.258070478784185
0.0741619337107618 0.20965351419169 0.0553040650133367 -0.248679110889776
0.164943437457112 0.125312974637339 0.0103085456404723 -0.197765172829184
0.160673351531528 0.0433412017405905 0.0272128080414835 -0.157089228260024
0.149356968220129 -0.00807391479613029 0.0384545945211165 -0.142069563933836
0.126105330267776 -0.0432113447803652 0.0602043593293453 -0.117388974457482
0.107515133526749 -0.0346659118323884 0.0829422039043105 -0.0682613612638793
0.112056466431472 -0.0324766999278059 0.144670562363461 -0.0147146121662323
0.142323817533521 0.00198910838624427 0.184217169859291 0.0572933067649642
0.149066059383997 0.054624228266899 0.167241351832913 0.148010146502502
0.145589859651687 0.119062025200431 0.0555118084479419 0.211862216558486
0.0696157362235984 0.190424847443077 -0.0620453624371421 0.159763640130619
-0.0461116728594673 0.221481015860809 -0.0679982462692021 -0.0242119808836844
-0.0925122583253394 0.200756314994126 0.0993304308952929 -0.204686251662575
-0.0773375574265787 0.0697592078286706 -0.00721510113705794 -0.284811954760631
-0.05076147698613 0.127513529601524 0.0554235734518256 -0.270970590782688
0.034585256650003 0.127821680100354 0.0607956219209653 -0.231862926117639
0.0928735516932615 0.0686455023337539 0.0386130825970784 -0.186440621266523
0.0807804659325648 0.02766465050006 0.065349288042479 -0.162092568794975
0.0816177921177802 0.00637535973479877 0.0716058613730249 -0.157271367872299
0.0747566627969437 -0.0143459779869235 0.0954248167407033 -0.131959656857661
0.0623389929417142 -0.00989441645745463 0.123385453572814 -0.0794686580075915
0.0692952255623109 -0.00688347885846643 0.187815599493932 -0.0166365606957424
0.0854826956467817 0.0178226311095054 0.218525855267393 0.0697091926180173
0.0897300167539877 0.0480787080147871 0.187107330008546 0.165130467754853
0.0856991133893453 0.0943119986490611 0.064167669686622 0.211899423486244
0.019443696434482 0.146183221185851 -0.0386915369280083 0.142041543485058
-0.0722841827047638 0.150103609067274 -0.028371913958209 -0.0320298256985667
-0.101724896718403 0.101430963310411 0.142261178966354 -0.217096267539522
0.0746988396821924 0.00437554103401877 -0.133119985460204 0.253612346224943
0.0554182269005526 -0.0668793084739285 0.0350338270200077 0.0631847576982593
-0.0152893419628676 -0.0836657199121361 0.0383178471817421 -0.155044261896517
-0.0511875945119119 -0.0336933852018673 -0.067572267012408 -0.247078389051719
-0.0323831023961755 -0.0129590806803516 -0.227366559177143 -0.202200656947949
-0.022999506861343 -0.0154110311405065 -0.273130676794479 -0.0837528992823936
-0.0205906362181324 -0.0190380174307339 -0.231462180512143 0.0242965341177653
-0.00881525024252114 -0.0210348620690347 -0.17456043267488 0.11064532904822
-0.0141922478442038 -0.0314697237129535 -0.110778668790549 0.161363015370911
-0.00420252209556598 -0.0410289319501985 -0.0767349066753119 0.192882250213549
0.00445700043705358 -0.0290020501735281 -0.0659537355287119 0.199980110149935
-0.00353012059942488 -0.0356625878729541 -0.0656853575640599 0.222863250731665
0.0184118842302933 -0.0517304799615266 -0.0652774210546427 0.245579470379832
0.0666102930472041 -0.0199030547974718 -0.0642913262648126 0.246466876708666
0.075480578013622 0.0319082191003024 -0.00237572605403485 0.28205327201592
0.0433315110799814 0.106042145724869 -0.162149338240829 0.219964569188662
0.0402873561819641 0.0382793861847349 0.0208978510167872 0.0325183280593812
0.0140342568856538 0.0067194670020438 0.0199578314666498 -0.173291650181089
0.0084456995185743 0.0273852437054025 -0.0798209100242555 -0.248240013093823
0.0407167268185475 0.0187597367398151 -0.221822781533564 -0.204547558348488
0.0509398944027468 -0.012836232459042 -0.261384446948378 -0.094555953409052
0.0444096356391015 -0.043096016546665 -0.225102185167576 0.00952115432751613
0.0504435287758699 -0.0487468592861815 -0.169045546565179 0.0948326612261524
0.0425718385996751 -0.0690968216605635 -0.0988571568033634 0.147157551507052
0.0742019410095089 -0.0717628145926628 -0.0551245767105858 0.184013507288922
0.097485395057059 -0.0309755088689325 -0.0440141853995395 0.206752048680492
0.0995141743083265 0.00486150948826898 -0.0564703976977489 0.237023574381785
0.089927274049929 0.0357880473509516 -0.073887232066819 0.245922325627189
0.0852152768753061 0.0946413379225203 -0.0660353434410493 0.206596398397906
0.071370930077533 0.158180610178063 0.00110164665862346 0.218465664646198
0.00436812156002956 0.194442302698113 -0.163637477509203 0.153812573552975
0.0185404327321375 0.145738381541447 0.0359766185141092 -0.0177783455684481
0.0452735133742474 0.105225694842796 0.0201580412448788 -0.207738078015436
0.0771643325301201 0.0894884106142774 -0.0879027364699076 -0.257139411107563
0.11485332997245 0.0460089164774769 -0.206533445040889 -0.200586226472208
0.122704756960133 -0.0111474902815517 -0.229475389792026 -0.0993706663307163
0.105048114480431 -0.0621801626176374 -0.193834131283104 -0.00972286059703475
0.101682240020588 -0.0707614150959435 -0.141010987310554 0.0654571114583538
0.0896618360047701 -0.0962557849750983 -0.0671774578366457 0.115485678522618
0.135247894572911 -0.0955263371344047 -0.0138166284524402 0.15708188602095
0.168796816114021 -0.0380560630911298 0.00294329075882558 0.200014532757372
0.185108243060245 0.025444279360816 -0.025793687970387 0.24844466852819
0.15690440429638 0.100230297512801 -0.0749877663925545 0.250094322896778
0.103896595106584 0.186328704794718 -0.0793165030693712 0.162976054090242
0.0630464221348467 0.257632642802403 0.00327018740115991 0.125571214459414
-0.0305981164846694 0.255151075583781 -0.141047627882438 0.0600122692666271
0.000821648360334314 0.237658429145015 0.0625795207219246 -0.082825566590526
0.0813834791867898 0.19535856153396 0.0327379510189256 -0.244025819729076
0.151562288779074 0.139342970499178 -0.082108661235479 -0.262926607821647
0.181690164375741 0.0601466966811695 -0.171782583303616 -0.191550245627503
0.179402158939366 -0.0153911103170332 -0.176553095651172 -0.104758888060981
0.149756898262033 -0.0771029363494701 -0.139566600271141 -0.0352506541194424
0.136427318281385 -0.0821330204909123 -0.0937093533772241 0.0275236314631356
0.124315990066556 -0.106072794432915 -0.0201814083783582 0.0737954252717515
0.175790263893702 -0.0997994229493321 0.0382837825435574 0.118729381892767
0.212339300223099 -0.0345115667390366 0.0582863816437909 0.179110363334709
0.238651953040919 0.0432074939350016 0.0104984759018593 0.248413730372978
0.194944181842941 0.146623521054075 -0.0727173134519408 0.247839229351223
0.102729290213059 0.249557182502719 -0.0983376246234243 0.115764286772203
0.0408090092707294 0.31691970956789 0.00677567195971171 0.0197910611877528
-0.0555217470456729 0.276927055625915 -0.106746096470705 -0.0520288372962221
-0.011246523162458 0.291366277752374 0.080419419262024 -0.159019004031071
0.108187934497586 0.254494062059099 0.0415621763920454 -0.269503171442963
0.206780877697286 0.165161786015144 -0.0633651047171835 -0.253902361420555
0.224121529752166 0.0599202310607953 -0.115527270196575 -0.180162858903236
0.209907802355388 -0.0231279139843829 -0.106630881590373 -0.114449501949736
0.171343678145216 -0.0829544851260958 -0.0722461692249298 -0.065550600339181
0.151087319134006 -0.0808618870972897 -0.0345328139267628 -0.0137267168536952
0.141400826569498 -0.0967144300902006 0.0359718554560823 0.0308233620349301
0.194221395471153 -0.0790537781043652 0.0937820692460523 0.0805123090024247
0.225836609605941 -0.0104139914164598 0.110043467615109 0.155526201258288
0.2502324923126 0.0716209707858545 0.0405208709473472 0.238972905939556
0.191677682390419 0.182937946455544 -0.0706324396549737 0.232026343886244
0.0745398548987828 0.281001721327507 -0.111030223508404 0.0655612774437497
0.00136153613805249 0.328845163082534 0.0197031158800768 -0.0830246623718002
-0.0685123177656956 0.252606402280262 -0.0721501320676054 -0.163512589238203
-0.0214304768144566 0.290419637458219 0.0799619631696422 -0.230106388641095
0.112358569268029 0.262945623719462 0.0450957065358742 -0.276376769480054
0.219493186465154 0.158581304966792 -0.0334317293330009 -0.232796250481458
0.222211868691312 0.0500951303673444 -0.0466907884650096 -0.169661398395792
0.203063807574956 -0.0224354113305379 -0.0293222973640042 -0.132014508860625
0.165766613832437 -0.0730801249666092 -0.000303528401755069 -0.0990369464397812
0.143719295221657 -0.0642408448527616 0.0287723499031577 -0.0497540397378662
0.140891267246361 -0.0697225743644414 0.0967186769730323 -0.00280871219749262
0.186582819984903 -0.0406636602379208 0.147973682832768 0.0568398302466915
0.207773079694921 0.0266896244346665 0.151886970916477 0.144883965220579
0.219015540766198 0.107853607844568 0.0567570404662746 0.227734847278428
0.144468066062662 0.205986771650852 -0.0698483666576566 0.20356191032571
0.015869588655572 0.278591240326788 -0.103305866662207 0.014531100315047
-0.0506511988009182 0.292639569347021 0.0508298398867687 -0.16723307242221
-0.0762330452642084 0.181098623433293 -0.0397546375752612 -0.254028386854414
-0.0350621665963609 0.233878834702906 0.0671459047384651 -0.276868424336381
0.0885532527211537 0.217112642720364 0.0490961764233468 -0.264522666126073
0.179510565537966 0.123347280131534 0.00328323337724008 -0.208320406357872
0.172887312366571 0.0373926545369006 0.022000492950974 -0.166902594738004
0.157681080305337 -0.0163224749332967 0.034368922352176 -0.152153761455511
0.1314988794884 -0.0525511425442938 0.0579448911437288 -0.128047247389455
0.113381824545556 -0.0413130885704816 0.0856106132329766 -0.0769222589921858
0.117036792509441 -0.0395051834111456 0.154813324588535 -0.0231462232963626
0.1512138348189 -0.0053415370273093 0.19909800050822 0.0513358286602986
0.160837125428857 0.05043370114237 0.185835892443185 0.149369265396372
0.160577414542815 0.118772283368634 0.069452017351493 0.220668432308804
0.0820702044647472 0.197946101386452 -0.0561239055644059 0.172849675557323
-0.0384249159271047 0.236908443426888 -0.0728320175347408 -0.0209513653352661
-0.0892713799041933 0.21524158814337 0.0947181449001261 -0.220971138682134
-0.076786697748424 0.0774302121643435 -0.0184784681656401 -0.304262252968258
-0.0477770081680651 0.136658346080554 0.0476614808270523 -0.290046757512622
0.0430494183234139 0.131985266548833 0.0541170889774329 -0.247378609198635
0.101749570337021 0.0667958672565546 0.0325221058133457 -0.198595052876022
0.0873391845479583 0.0245857327603649 0.0613398607359466 -0.174656930556682
0.0868777592216748 0.00181777536308659 0.0691150537721959 -0.17056261895165
0.0780758850084389 -0.0190235679017806 0.0945749056705271 -0.145424206656209
0.0659570179017539 -0.0123637994652025 0.12743204102752 -0.0905896590318721
0.072409620039732 -0.00954897188217581 0.199858315624647 -0.0270360097800344
0.0923420695599184 0.0145685335981816 0.236122505689681 0.0629078625506147
0.0965501368861411 0.0459555955900841 0.207693119534967 0.167095968217571
0.0943153666710339 0.0949339981311239 0.0787970418173023 0.221305200592113
0.0268777057900315 0.154169455697232 -0.0331871937809858 0.152700157173408
-0.0692895424802417 0.161699147290745 -0.03117282466256 -0.0316099614437575
-0.102612250953027 0.110082824603277 0.139001654592377 -0.236604114996155
0.0769631089530044 -0.00101958421834511 -0.118222152088732 0.273926640275484
0.052623484759143 -0.0741606655395075 0.0410761377782565 0.0631435148376347
-0.0216661906196857 -0.0846580451630165 0.0282926426751447 -0.165013007719354
-0.0556543323691018 -0.0303684417133446 -0.0881322562725035 -0.252930020978994
-0.0344536329658057 -0.0116826093237689 -0.252585680734022 -0.192102813720654
-0.0248006743994035 -0.014353371713191 -0.292960184814991 -0.0658230958436464
-0.0227669317293551 -0.018513887993078 -0.240772322466359 0.0429199443302345
-0.0108041342896758 -0.0223594283756059 -0.173166942530927 0.129453221461215
-0.0171824506110858 -0.0324289683309124 -0.102094280821344 0.178014064665956
-0.00706530712668115 -0.0426361557415974 -0.0660511452129728 0.207738654853451
0.00342469664027817 -0.0293600498846755 -0.0553882215943972 0.213205998035619
-0.00652704197837954 -0.0357356538546263 -0.0515515176937341 0.236867083707554
0.0149390689590104 -0.0543541345466437 -0.0502094663152868 0.2590032701849
0.0685700770112701 -0.0251347439395313 -0.0517284062542473 0.26121654547288
0.0794243901731545 0.0277213715563862 0.0165414556034992 0.298147450878457
0.0514907242547383 0.107744339946432 -0.15105231913128 0.241527943768187
0.0446133086307499 0.0376375723070973 0.0249336685548005 0.032620693113337
0.0153939590292733 0.00612646331561315 0.00876646412897467 -0.182240654145945
0.0107253525726198 0.028384268084436 -0.100416946777494 -0.253467412444171
0.0440215338124224 0.0155457809516884 -0.245977163364248 -0.195098930097013
0.0530938881400023 -0.0176535328910479 -0.280361110318809 -0.0779300124290155
0.0432819276688986 -0.0480930087251904 -0.235744287795749 0.027435340863335
0.0495056337719672 -0.0564973810767213 -0.169397141689598 0.112379315586759
0.0397320275894094 -0.0760636956691986 -0.0902902756610516 0.161963246686029
0.0727365917885945 -0.0812578290342995 -0.0436909123609395 0.196180846007407
0.100065295214502 -0.0388165563909832 -0.0305453554405303 0.219529753043142
0.104872116574291 -0.00144167292621889 -0.0402169701340201 0.249731187793886
0.0957254831292636 0.0314764004211063 -0.0571967689334609 0.260256990803101
0.0954604971603716 0.0936575373862339 -0.0548879002817785 0.220827023819934
0.0845749528044806 0.159642983874016 0.0156381775338445 0.230603783314686
0.0178451142226285 0.202572758218891 -0.156192441015041 0.172810989454949
0.0290828182092041 0.151238729073726 0.0371637759943226 -0.0204042757509992
0.0557216428817873 0.105632492188826 0.00695502220737583 -0.218314847768744
0.0873624055428439 0.0881565475428647 -0.108672064913918 -0.262190706876357
0.123567945416037 0.0383091115854225 -0.229694433759154 -0.192104314462425
0.127834732012717 -0.0215119043921844 -0.246856949834711 -0.0860927178419856
0.105015559043596 -0.073496475919333 -0.203591530138095 0.00472506393288376
0.101663812068466 -0.0830906864307848 -0.141305188772229 0.0792970454481989
0.0876920376103443 -0.10779007432142 -0.059088777523944 0.126557225348412
0.135445579108219 -0.111279476225725 -0.00196521595138859 0.166199166753103
0.174518758612647 -0.0516454353025226 0.0186970020892309 0.209132156659038
0.196443435272057 0.0126273700352875 -0.00785055405182721 0.260242416719363
0.169799324874259 0.0941611601159382 -0.0565107429561919 0.265349613700422
0.121181453583954 0.188738986232391 -0.0710730278195487 0.176365225236469
0.0827709808434047 0.263708725616344 0.011225904558748 0.13417762555445
-0.0137489247345721 0.269264539675035 -0.13951246010526 0.0733311557483147
0.0177128757462932 0.248027344805154 0.0604149418975133 -0.0910478230675859
0.0992053467665732 0.197172932461941 0.0167882880879941 -0.256637743610741
0.167653185243165 0.134082013951377 -0.103513310992639 -0.267399870773916
0.194508953460931 0.0480835014599625 -0.193345193949572 -0.185495000373989
0.187039981590482 -0.0305310150188361 -0.191794556170319 -0.095368721973724
0.150954003347017 -0.092166659769104 -0.149270933923687 -0.0252240402057527
0.137749583438361 -0.0971134076089566 -0.0952167458056697 0.0356574254483149
0.122672559843659 -0.120082368069795 -0.0132870652724801 0.0788816542907985
0.177018632225995 -0.118779978859685 0.0494929725896881 0.121448736107019
0.220747007256389 -0.0517867330538766 0.0750384351794354 0.182650210737642
0.253387834210369 0.0269599707267542 0.0295785599667524 0.256457221541443
0.213682616380218 0.139857078860616 -0.0543072865987806 0.263684075236567
0.125257679747671 0.254060900971571 -0.0934759091254473 0.128734460299623
0.0636448059377061 0.326625399406606 0.00645915229149736 0.0233192933982542
-0.0365157376896683 0.294022118496896 -0.112337137469881 -0.0464390370065232
0.00869030428763031 0.305467894562812 0.0741581478367654 -0.170759970893868
0.131395119112569 0.256264656806557 0.0254439027300524 -0.283510691135693
0.227563011857716 0.156312488350781 -0.0822116883105102 -0.259052683310561
0.238238031504234 0.0449623859205142 -0.133948393501093 -0.178134505525228
0.217797122902105 -0.0403822106876666 -0.119804025113105 -0.111326255455562
0.172760089816828 -0.0996424811010066 -0.0804741235325217 -0.0627212181858417
0.152968509389433 -0.0965432047905575 -0.0361102982582941 -0.011681815277848
0.140785757212401 -0.112173417491977 0.0419901739489387 0.0290456520023155
0.197367894232741 -0.0993455788371445 0.103510647958387 0.0768628680548559
0.236237789722576 -0.0283014637913552 0.128345459862932 0.154945793135464
0.267730315470345 0.0552087309627664 0.0602315993599945 0.244744431281135
0.212580287534351 0.177776113222651 -0.0527726296017316 0.24695476793316
0.0977938513334632 0.289442075681311 -0.109451971262128 0.0777929422915563
0.0235343976281248 0.340736176359969 0.0127280387965513 -0.0851483715342146
-0.0514728441393921 0.268067605299302 -0.0843650159066113 -0.165628822780142
-0.000307503894058669 0.30526857936114 0.0679591293536546 -0.245180772896556
0.136640002376915 0.263549564442071 0.0289801984699033 -0.290647936573463
0.239601062864225 0.148459720418237 -0.0501832604255657 -0.238992164310747
0.23595522883382 0.035242717554821 -0.0606680170861022 -0.172057351794901
0.210529448525321 -0.039288129980735 -0.0391716705128401 -0.135560476165692
0.167766730957157 -0.0896980546521287 -0.00815845091253397 -0.103519103362095
0.14632480167258 -0.0782944034633386 0.0267309602723104 -0.0545541458007883
0.14177272125536 -0.083616974418554 0.102969429923167 -0.0106621118255517
0.192611480782892 -0.058495159285456 0.159626516622101 0.0483849853328528
0.219236560917154 0.0120454837431431 0.171761890288425 0.140453328969617
0.237168860567375 0.0944317689478916 0.0770618052720287 0.231999028479868
0.166277066396381 0.205158000201269 -0.0539327787596299 0.216479742900068
0.0369176584350253 0.290095065327862 -0.105518628670337 0.0247591756054274
-0.0329882402761202 0.307462816140421 0.0388054683086376 -0.176480923971161
-0.06403806401774 0.193948991210531 -0.0576420353088977 -0.263804611359368
-0.0187443847700785 0.246269757436012 0.0510315193130405 -0.294228628140808
0.108761052768078 0.218694063912771 0.032929429907323 -0.279499439154547
0.196063909336969 0.113036298969147 -0.0102318150368172 -0.216677709705711
0.183653086021983 0.0255032461106392 0.010661094459496 -0.174829888847128
0.164368732768741 -0.0298770479315262 0.0257232436519178 -0.161315691446294
0.133364388353669 -0.0654606317463979 0.0504539309009248 -0.138764622254973
0.115842220691562 -0.0514497536229049 0.0838864943611926 -0.0873201544799584
0.119374341984434 -0.0491683683387108 0.161733610794237 -0.036355503885407
0.158704316358897 -0.0185107757238491 0.2124192678584 0.0378951090836141
0.171347543056777 0.0399609052649122 0.207776108442643 0.143179700085001
0.176167561542936 0.111206750566468 0.0897926435298804 0.224467920966774
0.100010002606564 0.200238700282316 -0.0428341628361809 0.184916776063906
-0.0226039326953816 0.25019490563006 -0.0759972545910215 -0.0151106847273623
-0.0778793393512514 0.229715671999736 0.0792138597142618 -0.236158729201931
-0.0727734835615484 0.0860601415329039 -0.0401928746040233 -0.318481190440307
-0.0383608060892854 0.145628401202377 0.0299260806393073 -0.307491159873868
0.0552345043748609 0.132881579470709 0.0395900232081522 -0.262377464612515
0.110100472024787 0.0598541386445202 0.0204123848471887 -0.208949542950674
0.0935026036451746 0.0181346989612443 0.051323212287261 -0.186705821051928
0.0901475732918862 -0.00563595480364883 0.0603341407358855 -0.182957482563957
0.0796873873018755 -0.0257145592744864 0.0869710748174101 -0.160405772779972
0.0683342086871067 -0.0173120172737539 0.126778759061523 -0.105377780222781
0.0744194915776755 -0.0149862969488093 0.208043309435136 -0.0449244172829474
0.0977667740363879 0.0080286597627442 0.251678817542345 0.0471757052588447
0.103125423942539 0.0403679057240441 0.230614904296775 0.159040853121575
0.104827628190563 0.0912248026323975 0.099853102468484 0.224628641131642
0.0398264142500358 0.158270269403052 -0.0221732360841604 0.162557714290682
-0.0606058840910478 0.172607319527015 -0.0340444866852214 -0.0292089355096197
-0.0991264870464127 0.121190647474344 0.125542900913898 -0.256611780312557
0.0758950038306395 -0.00695466870305971 -0.0963020418634744 0.285502582063337
0.0467186412955257 -0.0790401240698822 0.045984697603802 0.0607091259330498
-0.0282897742756968 -0.0833222374793234 0.0163731447719505 -0.169720855797543
-0.058536874614658 -0.0253345724767091 -0.108703374411828 -0.249750691940958
-0.0358787918428059 -0.00934193291207853 -0.269061033279381 -0.173895689237551
-0.0257223845991431 -0.0127055705679418 -0.302170965656828 -0.0425545260988689
-0.025104732902696 -0.0164724966405082 -0.241658100128107 0.0630619200188665
-0.0128697154643495 -0.0227281097780168 -0.164506030174421 0.145987545791216
-0.0198962737693539 -0.0319267279893256 -0.0887184047505102 0.188709208732458
-0.0101661105115371 -0.0426474260706049 -0.05090512802998 0.215492829284978
0.00178275850457005 -0.0294254382364635 -0.0400165766367548 0.220280816035468
-0.00985896733506376 -0.0341063057701319 -0.0331893747539341 0.242585339624608
0.009952524978402 -0.0553721441653161 -0.0310990530954334 0.263663062034852
0.067196824014031 -0.03024947512214 -0.0340317767882321 0.268540617287665
0.0800918617239433 0.0223375649492233 0.0387229910303125 0.303474197258338
0.0593451555801581 0.105028177693034 -0.131721247014471 0.255944239934712
0.0475634783013644 0.0344328815430133 0.0278270127947601 0.0312775743903606
0.0164315185258641 0.00472331609835584 -0.00495482674489113 -0.185377464171471
0.0134092515120229 0.0289142136873489 -0.120411174439276 -0.248803088259558
0.0459393274851176 0.0115808530380776 -0.262984637464313 -0.177213728221737
0.0529805100747575 -0.0225983543560965 -0.290221233887394 -0.0553671457137029
0.0406137858637804 -0.052411795197719 -0.237253276803779 0.0473967324850488
0.045962883276983 -0.0624329599313167 -0.161482683721486 0.127997499953581
0.0348059164658759 -0.0808876767700178 -0.077092533225043 0.171573533131997
0.0678704596276573 -0.0891162409459887 -0.0288187336853125 0.20316273479473
0.099397702648089 -0.0466673534656905 -0.0134950024699963 0.224846430034534
0.106230617581591 -0.008956209477145 -0.0209982827257634 0.25505427392306
0.0985855987084788 0.0256591192911202 -0.0367515993261568 0.265116952950973
0.103916445808799 0.0884723213843542 -0.0394533353893949 0.227766996866076
0.095200878142525 0.154936830052095 0.0325390586567595 0.236722907463053
0.0329001385049871 0.203542694065565 -0.14192931975196 0.186780567229016
0.0402915182623173 0.151315058906555 0.0362920280114804 -0.0227545384378887
0.0643872933681595 0.102222341535498 -0.00893583406235388 -0.220554461380432
0.094883040328646 0.0826879481534746 -0.128467637379517 -0.256291558143796
0.127656726350868 0.0282320223727086 -0.246231135831279 -0.174290986096217
0.128267596509051 -0.0328012736486428 -0.257518419375703 -0.0669771453791302
0.101197245670501 -0.0833052938112515 -0.205634749742672 0.0223095488093224
0.0973267033701013 -0.0937495181092004 -0.135900109501844 0.0919758563143127
0.0805118236515247 -0.116626846748194 -0.047438968911556 0.133167087546106
0.128364124260667 -0.124614601965899 0.0116448959915903 0.168506609952997
0.173951700525874 -0.0662964648803239 0.0363024306459395 0.210117159975455
0.200697498114835 -0.00185561634012941 0.0126559399766579 0.262020261463019
0.178443687347661 0.0833538786006797 -0.0344771515445286 0.270496621257849
0.137328905542982 0.183178683035787 -0.0580674203914729 0.183973284617998
0.101827323739191 0.259753928574359 0.0207158872746343 0.138810531511636
0.00667144851360658 0.272657462868573 -0.132607859017472 0.0844997994145119
0.0366285743248618 0.25037097741364 0.0551315085543627 -0.0955281521602351
0.114853906326532 0.19096879907819 -0.00135715848893382 -0.260137766759748
0.179717347303842 0.122482684808447 -0.123465658233258 -0.261876958086163
0.20028038272752 0.0325561684647154 -0.208754843097925 -0.169757712879914
0.187584037744159 -0.0465686068905068 -0.201451951058579 -0.0806196480231796
0.146209702000011 -0.106236685627973 -0.152951132230779 -0.0131942218921335
0.133082658760688 -0.111239386326672 -0.0922546021152646 0.0434601348406681
0.115106662324764 -0.13199039706543 -0.00529688548387232 0.0807910427040651
0.169797285552481 -0.136711723443723 0.0603965342005325 0.119733919945534
0.220052063956549 -0.0700449157841875 0.0915296273932262 0.179954092324773
0.259588179531976 0.00746474366663592 0.050224943090272 0.255934478138242
0.227013190822741 0.12609460933626 -0.0308215674279213 0.267642179159695
0.146556256681652 0.249069417984229 -0.0836283942235699 0.138428993592795
0.0871250976661947 0.324654920945626 0.00758295132209785 0.0270737656770537
-0.014181263932674 0.299275152551424 -0.114256923369791 -0.039093299726424
0.0319281263858642 0.307973633162556 0.0628738905909902 -0.177430687643328
0.152809820904669 0.247315263124606 0.00430121464067987 -0.287933366289092
0.241417828999281 0.140270060635177 -0.101549130934926 -0.255892795687745
0.244228041676501 0.0258115419338246 -0.147943437720351 -0.16734467223884
0.218230521931934 -0.059358471412384 -0.128447375728169 -0.102821109690309
0.167401070129343 -0.116072353227389 -0.086333639927134 -0.0566159776383966
0.148525749524032 -0.11094442425181 -0.0372786853492471 -0.00885240696546568
0.134659159438635 -0.124764268372224 0.0473484297976615 0.0256751804797605
0.191757018375522 -0.11801866115583 0.112337460199006 0.0698773266422851
0.238230733260714 -0.0472775337649605 0.143939033155917 0.146261051832339
0.275949625388126 0.0342820130201814 0.0804728214671961 0.241252902118571
0.228954475213229 0.163827402632055 -0.0304007655732022 0.251907760084299
0.121455935042894 0.286198902900385 -0.103250577561538 0.0881384041702429
0.0488852612504676 0.341665310223292 0.00507937703799596 -0.0840054998523201
-0.030058211826356 0.274627461831592 -0.0959633055350604 -0.162247052721916
0.0229274403841697 0.309003363806307 0.0517027633111715 -0.252564456179043
0.158231423119 0.254524117682967 0.00803948870976087 -0.295623778516537
0.253226367613867 0.130536333543877 -0.0675428602306586 -0.236690753638845
0.241520687822187 0.0158751245247948 -0.0741068305494935 -0.167860320396808
0.210305520389752 -0.0578124101202284 -0.049363396724378 -0.134055673544114
0.161982992931587 -0.10540660014117 -0.0164932267536856 -0.104228161961942
0.143628771160298 -0.092097682688081 0.023271242184773 -0.0583363878855189
0.137604494511786 -0.0960489096087035 0.105471082452995 -0.0198859194385238
0.191281461705741 -0.0756768531735296 0.166019679823296 0.0353349495875878
0.223507450853504 -0.00572732444111221 0.186688651669715 0.128615038564969
0.247878251042065 0.0759064402794896 0.0959203681070871 0.227342259782208
0.184086391070869 0.195103812733099 -0.0336289168035113 0.222296523045708
0.0599798705175443 0.291179284323413 -0.10365652584996 0.0342311799491038
-0.0103013144571817 0.311559269947446 0.0231995891124586 -0.17858408736076
-0.0481908686434859 0.200547274461777 -0.0770917077809087 -0.264019772745033
0.000682112765533363 0.25032814231457 0.0295515627682062 -0.301423570141059
0.126417895942864 0.211115857307668 0.012139735640686 -0.284257043192676
0.205912028172783 0.0979704150300105 -0.0259161975892561 -0.217262569503321
0.187735124850749 0.00994609565125736 -0.00231615938022278 -0.176863626035688
0.163527282936576 -0.0449497789171032 0.0148085925190288 -0.165941865641703
0.129458034255486 -0.0773304580294499 0.039856024811574 -0.145086638694197
0.114510992421958 -0.061765669376355 0.0781360986245366 -0.0959637576452301
0.11660142659245 -0.0592384968286938 0.162063812829475 -0.0504955102336032
0.159316539818151 -0.0324995789609152 0.217930902296184 0.020728980922523
0.176524973294095 0.0262973835544069 0.223109281007455 0.128092703734678
0.187075717848688 0.0971170268830659 0.108648204785751 0.219131518015912
0.117676021056669 0.194439752265753 -0.0262919070958019 0.190078319022627
-0.00382857632860035 0.255468926667113 -0.0768060711081834 -0.00848224547384687
-0.0614202513134702 0.23727880433822 0.0599526130256183 -0.24356328475661
-0.0649718113514165 0.0920873803367094 -0.0644116566362154 -0.321424107825826
-0.0267005670363086 0.149731150961896 0.00625049285220393 -0.314092493171794
0.0655474840314281 0.128624990301113 0.0208063394617869 -0.2678630212878
0.11483713901223 0.0509260841593829 0.00479041943754468 -0.211650748753725
0.0964056014547199 0.010323273481929 0.0379219830307727 -0.193032970879255
0.0908192982257216 -0.0139282669250612 0.0476598972543172 -0.190729480188714
0.0778269532444389 -0.0324577967553142 0.0754329221015671 -0.170798255770395
0.0685055283883807 -0.0223117404937663 0.119859322124253 -0.117733404409971
0.0737933746083734 -0.0204050125978877 0.207402915861197 -0.0628957221836895
0.0998529450602657 -0.000661463116325211 0.258438652165448 0.0261828905175611
0.10700300529754 0.0324764988878751 0.248445178436035 0.143039011332839
0.11293907914765 0.0827404783187343 0.118050086909747 0.218994580744273
0.0530197021502118 0.156386105179708 -0.00816023355296032 0.166227403746429
-0.0475433775733636 0.178438447153531 -0.0363118264773383 -0.025914141647321
-0.0902626096181642 0.129557856116402 0.104583068069367 -0.268409335509016
0.072890098147083 -0.0104020402250074 -0.0786627743231423 0.286345294362052
0.0407548974139146 -0.0808008401108565 0.0490879125612729 0.0575770229200984
-0.0325636382961712 -0.0803137024333729 0.0062870647679945 -0.168299382685422
-0.0587752936143426 -0.0208890312176039 -0.121361403830375 -0.242023811423426
-0.0362982951054376 -0.00738902698438249 -0.275393008062773 -0.156257699994021
-0.0266037907616432 -0.0114784473352502 -0.302654768941992 -0.0229502324917662
-0.0255398361520587 -0.0148944095003171 -0.236158762279335 0.0774317354107756
-0.0146470255207406 -0.0226270412844802 -0.153819087919574 0.15512033238099
-0.0211919876769646 -0.0311090029612224 -0.0762975312884971 0.191774469394374
-0.0127098090550401 -0.042116163229834 -0.0381567944631908 0.217456121679382
0.00116770981056944 -0.0287338685845885 -0.0279759383989031 0.220312379772805
-0.0112912846269384 -0.0320679940049225 -0.0196639845299404 0.240222384544998
0.0063547747168742 -0.0542337174420191 -0.0167816213560249 0.260021725568148
0.0647571402632857 -0.0332648223024158 -0.0213040577536714 0.26763846002907
0.0780107138697477 0.0183923151668927 0.0551073180529362 0.301627358699242
0.063196693317855 0.100897326036131 -0.113958282362206 0.259747551920013
0.0477380013968544 0.0319638511088296 0.029590233911873 0.0300914372972723
0.0167985950599049 0.00385243436359805 -0.0141372947472934 -0.182455305542857
0.0150341883266701 0.028742846621472 -0.132072613508366 -0.240499616637241
0.045394385935766 0.00900907187294501 -0.268855070864894 -0.159079293109392
0.051102048812786 -0.0260689248246329 -0.290846343315552 -0.0373611953644154
0.0376689656727975 -0.0546740670790096 -0.232243109359704 0.0614671283944853
0.0420659541348286 -0.0657062541391693 -0.151841872162526 0.136942369379744
0.0299868273223371 -0.0825171554568443 -0.0653090495993351 0.174739563454529
0.0619662873225239 -0.0927587772765397 -0.0168646817714336 0.202868812789903
0.0968621894363371 -0.0518386811272166 -0.000476414845505512 0.22332398377857
0.105259395072283 -0.013734929999847 -0.00605905296169166 0.252285198794321
0.098770652688439 0.0214235717620948 -0.0203086253205667 0.261767788575743
0.107778233958738 0.0830264365731634 -0.0277243779698337 0.228183845263553
0.100132962158803 0.148735191150605 0.0457000374762314 0.23573083723292
0.0433822168725444 0.199438588072379 -0.127368429761864 0.191854382261854
0.0477790882485079 0.147611087038139 0.0356490420933443 -0.0235113410264469
0.0690962377403787 0.0967464211066307 -0.0203120148675302 -0.21778694809881
0.0992669241207454 0.0773058730558104 -0.140277639573415 -0.246750205216138
0.127710271272695 0.0204480412728982 -0.251992628469286 -0.157875326897557
0.125640159554363 -0.0412109312507957 -0.258897063246613 -0.0509178231801726
0.0958245397479867 -0.0887395385491456 -0.202807409434278 0.0352467768045008
0.0916440325756107 -0.100335956765271 -0.128715518654749 0.0994674659850143
0.0736509011065166 -0.120836706163215 -0.0376366117075854 0.134167890137029
0.120372819793839 -0.13209831662344 0.0214979007397067 0.167208789333401
0.169921141024419 -0.0759075943520347 0.0482373916302101 0.207142438241234
0.199926824503704 -0.0128530439843961 0.0271253494578183 0.257244012184442
0.181103020012392 0.0734072220006578 -0.0164130417512571 0.266348366690282
0.146254043571719 0.175181444728957 -0.0479083052178702 0.186388229291298
0.111995240650011 0.25159423159633 0.0282413245633334 0.139916595514731
0.0222075203220126 0.269412688865647 -0.123480885425198 0.0902397813709458
0.0493143245078216 0.2459239042693 0.0502560266097714 -0.0964747845937979
0.123769884341761 0.181476473752841 -0.0148950351280432 -0.257369280788411
0.184462484258315 0.111949064596363 -0.134366006833095 -0.25186430505695
0.199723783452282 0.0201403154858588 -0.21481579271703 -0.155205417792164
0.183091561116034 -0.0582440320588574 -0.20296452039857 -0.0676489531821093
0.138573438667555 -0.114324884266486 -0.151414371563616 -0.00349686392161389
0.126144853406283 -0.119627285290152 -0.0883091187656618 0.0487287803819008
0.107102644368296 -0.13737779151225 0.00201823657260982 0.0793431379710648
0.160863684995735 -0.145991804586751 0.0669296177018102 0.11519033835984
0.215397100702907 -0.0823979824198727 0.102457898611953 0.172869754815979
0.258474955161664 -0.00850702658332829 0.0638174517165436 0.249541186974343
0.2314143790335 0.113205753463267 -0.0128379234339531 0.26374991759785
0.158721096101407 0.240393055278498 -0.073870991578099 0.142319547542162
0.102496308112725 0.315643374333586 0.00801851748006969 0.0297160647582558
0.00361574890191255 0.296018426105013 -0.112568844418324 -0.0325283469758577
0.0489248610975127 0.303704429796007 0.0535082682405276 -0.17822057964329
0.163733192483826 0.234617537647395 -0.0105725582512596 -0.284571866856824
0.246285451397801 0.125233925345008 -0.11295927337627 -0.245859401830583
0.24326201701123 0.0116714035663347 -0.154399769948953 -0.155474838210639
0.212881158011516 -0.0725799374280843 -0.131903875710709 -0.0945610845240861
0.159140316571183 -0.125605224234175 -0.0882737395115158 -0.0511200023811955
0.142127168796751 -0.120171960386925 -0.0369784910595755 -0.00656854433641942
0.126626049954297 -0.131117152843144 0.0500877918152084 0.021896488445187
0.183198882651406 -0.129003075351955 0.115957526215166 0.0624251425026148
0.234561938722185 -0.0614037266871506 0.152241832596738 0.136451423580652
0.276240083410063 0.0170202780989298 0.0927457530493482 0.233336593781429
0.236350709526091 0.150305784884205 -0.0125949351722256 0.248440980613193
0.135861792073357 0.278219677491618 -0.0958283406841437 0.093724811377129
0.0649558120669556 0.334564719386211 -0.000859561956182048 -0.0802431636125269
-0.0128389235904668 0.271895829238106 -0.102268357473601 -0.156193078158698
0.0395770284936775 0.305151404919674 0.0376817602653676 -0.252622908334282
0.169949431650458 0.241819538663222 -0.00792647966598648 -0.292429516062307
0.257644506919578 0.1143250177225 -0.0781130193666783 -0.229122481351211
0.239822287509571 0.0015769741159774 -0.0814764444829357 -0.160641276483026
0.205225056150659 -0.0702956530613047 -0.054977048893503 -0.1306214775164
0.154294884300517 -0.114158637396841 -0.0217821441564091 -0.102872515905547
0.137849943865887 -0.100427232142543 0.0194105922810265 -0.0590336381719043
0.130779245340801 -0.102226517755253 0.10463447091217 -0.0268491979434819
0.184321455641679 -0.0874352236791573 0.16730013220248 0.0252391817358056
0.221380694951977 -0.0188561309330725 0.194190982262122 0.115543629188791
0.249892120669902 0.0597754242882116 0.107868051132943 0.21920402709219
0.193701557209292 0.182872717590759 -0.0178744176024248 0.220038905177519
0.0758105225782055 0.285281356525632 -0.0989010844205428 0.0402573628786924
0.00605179105870551 0.307800966800383 0.0118320302393254 -0.175499693594104
-0.0345684699736863 0.20009739176747 -0.0894264423331546 -0.258226248800081
0.0153459902151628 0.247059402062684 0.013387152589323 -0.299333299274425
0.135987700283168 0.200001224557981 -0.00273272572351123 -0.281603792856219
0.208532763818342 0.0845630876117208 -0.0371909360126483 -0.211921334766671
0.186486204668792 -0.00171437156100505 -0.0117250283719315 -0.173467760053923
0.15908111788185 -0.0552057681031523 0.00636482686022831 -0.16623013308401
0.122966702208134 -0.0847355817310757 0.0311617375751267 -0.14732251318679
0.111271664067204 -0.0683041275413813 0.0716451045087643 -0.0996463125487383
0.112654867294961 -0.0646113273661282 0.158115070954829 -0.0613283351927443
0.155629401471781 -0.0421278419658232 0.217769550111591 0.00765751802036735
0.176224117716223 0.0154589154375763 0.229950842046971 0.114060861624707
0.190671354973441 0.0843401601960966 0.119770002325909 0.210446686554443
0.127056321581927 0.185599846297496 -0.0126618831004468 0.188223952366941
0.0103282421396624 0.251990591374807 -0.07557673629217 -0.00335225470360656
-0.0474110591142284 0.236721853615369 0.0438241764002418 -0.242455092739641
-0.0575396164758122 0.0937545112066861 -0.0816788279058368 -0.316766558470736
-0.0174370395296602 0.148482535371938 -0.0113797888515595 -0.311354513788132
0.0717840523470538 0.122370868512422 0.00655076853318491 -0.265601284960221
0.115167380492306 0.0425561884263596 -0.006018891676515 -0.208415717837294
0.0957430889514379 0.00395643381594198 0.0266994789263814 -0.192098913926602
0.0886130474861121 -0.0196420130088164 0.0375191435848837 -0.192866057375859
0.0749775214385709 -0.0362304314636574 0.0637799738501668 -0.175295478031083
0.0675759452796608 -0.0256384670240507 0.111220620369712 -0.123761054280131
0.0718842290045629 -0.0230391549490934 0.202228253536405 -0.0759372602597744
0.0980252011527876 -0.00645007496426735 0.257731290210471 0.0108304598186568
0.107137573367246 0.0257825923760942 0.254546120926689 0.126579840615247
0.115834175586179 0.0746521480795409 0.129203688603673 0.210053309793902
0.0611390769589931 0.150881652364849 0.00269443137025711 0.16438634599896
-0.0375003936114041 0.178829506275762 -0.0366048783843559 -0.0230007571679538
-0.0815089420026182 0.132508690262931 0.0861490639066941 -0.27054696191168
0.075525301988624 -0.00744913586372315 -0.0853445531993511 0.278079570816126
0.0435419502260465 -0.0798986789308372 0.0441127292015566 0.0577636836959919
-0.0311315786519661 -0.0807660406519266 0.00792968177113154 -0.164191024262498
-0.0584571574759306 -0.0189952170861061 -0.115775428163694 -0.240929173178353
-0.0356379462078783 -0.00385094304013653 -0.267193907677055 -0.156513638318109
-0.0259166309059095 -0.0100171119511648 -0.296872443311652 -0.0262894873579893
-0.0265682523509314 -0.014790079119657 -0.237929560640717 0.0741880883078311
-0.0145543499210919 -0.0232834394807488 -0.152494370320857 0.152917699821993
-0.0214920201527391 -0.0304513791736783 -0.0756463614293914 0.190226133424027
-0.0119973427593014 -0.0411232534511092 -0.0389443833910457 0.215308965430909
0.00279325019410737 -0.0266465488879197 -0.0304602565215667 0.21695621624425
-0.00939644139608888 -0.0263414293441471 -0.024106057574862 0.234022610227913
0.00651445677945863 -0.0487936088600525 -0.0223203262436668 0.25201659998627
0.064272062548714 -0.0273754948769656 -0.0295665759356837 0.264578655995394
0.0788677794943828 0.0225111253974183 0.0422636046942758 0.30330872480299
0.061214309786619 0.104744731538781 -0.114545402254737 0.251836330785696
0.0458342610003751 0.0336517045222531 0.029506505609613 0.0295764929229235
0.0139171565672921 0.00487712368670557 -0.0080490102219624 -0.180515017018459
0.0128537505202691 0.0315431817988209 -0.122352399572593 -0.240864726418612
0.0446081350145146 0.0143328235825384 -0.25833023259183 -0.16217782783435
0.0519602261494951 -0.0228102106000074 -0.284606434616676 -0.0431764533784823
0.0372790672603642 -0.0528567303625318 -0.231945267946685 0.0573842712452369
0.0442358805153354 -0.0662328924793091 -0.150077229309467 0.134256571572285
0.0313383302005624 -0.0813738582549377 -0.0637895348966671 0.172564615946778
0.0643120082501418 -0.0920865908469314 -0.0161102635125911 0.202398474209288
0.101005865325677 -0.0490036488603405 -0.000791576520246847 0.223082103762241
0.106409212662893 -0.00648784486901431 -0.00667948704479323 0.250371579704294
0.0972545784918444 0.0289507120505407 -0.0253750638566756 0.257471252934396
0.105383655801349 0.0885820893092263 -0.0366424625554216 0.227864029480158
0.0993892990125581 0.150859585315996 0.0315631600158687 0.240721956055821
0.0363824768483626 0.203700053679258 -0.121741874313387 0.186795733253085
0.0397160897407269 0.149321000715236 0.0409433223404212 -0.0236893302622102
0.06160164481101 0.100055342415144 -0.00800465400061476 -0.216699025218424
0.0934176080506097 0.08187631204677 -0.125409736826911 -0.248654798273059
0.125344309018424 0.0288372697130528 -0.239095692435951 -0.163038383899974
0.125860763679532 -0.0364822406285345 -0.251213418238613 -0.058288065473545
0.0969175876014206 -0.0860002116824029 -0.201390226893741 0.0293057431595741
0.0957381056833641 -0.100263510582001 -0.126181520745244 0.0966731136164418
0.0766637072024501 -0.119634136509439 -0.0352649099737316 0.132928821339887
0.123722532779944 -0.132038056022844 0.0244348885981829 0.16680314961668
0.176101655427642 -0.0726517937695548 0.0505651888630353 0.208868143933306
0.200888699760648 -0.00537377831944977 0.0287204271427132 0.259510759567697
0.178818695861194 0.0829945044132022 -0.0208883635020772 0.26566081981639
0.141279214409503 0.181257722348817 -0.0566058845534117 0.187842609996156
0.110498384085709 0.252145142223849 0.015309901670077 0.146840451363879
0.0107825315155907 0.272584945515175 -0.111905385952362 0.0873792297447728
0.0365538888711534 0.248762225560947 0.0606729785824662 -0.0957861653090589
0.111612565955006 0.186311936889489 0.00247921276329415 -0.256994593662407
0.175792908038833 0.118333572178676 -0.116369062008644 -0.255349060625507
0.196423679246702 0.0304473953881448 -0.200357661954732 -0.162659593245502
0.183492719235157 -0.0526363028533005 -0.196321313135755 -0.0763767679663099
0.140883462253739 -0.110673839340071 -0.149315319111596 -0.0106065802094202
0.13216776477456 -0.118837690033063 -0.085870396847366 0.0468889946603062
0.110607406039577 -0.13641373623174 0.00478267822158036 0.0791509168918116
0.164650997255963 -0.146176276158284 0.0708557921219815 0.11628760299915
0.222095693009192 -0.0792986210018661 0.105649528174148 0.177601076532952
0.259335101327981 -0.000828667942125624 0.0673456821858256 0.25447355099381
0.22918630022251 0.123317018916912 -0.0165988275928788 0.2645834266106
0.153190083030296 0.245638336733738 -0.0829379722251507 0.144576233706966
0.0995927075064701 0.314938181181503 -0.00184731050379982 0.0374499992921029
-0.00981105672859352 0.299274040036079 -0.0961457319280235 -0.0331604926222194
0.032964683552297 0.306261883518185 0.0678794975552728 -0.1768660802085
0.14899405450406 0.241991826501986 0.00935831858304055 -0.285364159426823
0.235858720633246 0.133521248190861 -0.0926281747795015 -0.250132986803
0.239768385560767 0.0224584393059174 -0.140992366298625 -0.162687975839311
0.21293845559947 -0.0665528993021953 -0.125436670421189 -0.102766918033038
0.161540629636443 -0.121439860269316 -0.0854829769893869 -0.0577471110892787
0.148364104677067 -0.119086032917241 -0.0344354986096717 -0.00818911818731205
0.130797995629293 -0.129547737914015 0.0536095092056881 0.0223161680988161
0.187308481715479 -0.129205087340721 0.119658287736176 0.0648635893641228
0.239986987397168 -0.0583944226325529 0.155178401618903 0.143585466475512
0.276016885421164 0.0235252360456517 0.0959345824041854 0.24135291734244
0.232958788680956 0.159347637303298 -0.0164549631371338 0.250063568384287
0.12938825045984 0.282489565396518 -0.103616571864974 0.0951992042907124
0.0623302514219209 0.332606783303489 -0.00781719814561366 -0.0717999534332754
-0.0263125465478501 0.274904994771948 -0.0826915292808733 -0.154630092160394
0.0242815157700709 0.306889019724544 0.0547354869302047 -0.250505406065336
0.155054621216479 0.248349989938237 0.0127715645188306 -0.292758332359318
0.247247244525579 0.122784540236459 -0.0590977078258967 -0.232310167095655
0.236003632568847 0.0111499839255052 -0.069625786920579 -0.167081179883879
0.204807693972974 -0.0653436404169298 -0.0491741072476218 -0.13612319166545
0.157298041104013 -0.111027980491577 -0.0200017673015329 -0.108397565874848
0.143652228151176 -0.0985842955234316 0.0217303632600547 -0.0590711629140125
0.135196852467302 -0.100889581291817 0.107159762095009 -0.0257753946068955
0.188290108245829 -0.0878364387486487 0.169863937893143 0.0281646595823546
0.226960503462973 -0.0159711830533883 0.195269284948475 0.124825293719682
0.249592101581878 0.06453311482896 0.109753845512894 0.228228636529201
0.189278199578407 0.189882003497102 -0.0224994313802085 0.222831614284396
0.0692891814763309 0.28755104691375 -0.105374829820888 0.0407944093733072
0.00355313311483023 0.304075748202879 0.00814054971519813 -0.167499791824055
-0.0455568034965114 0.201551968630961 -0.0709496741747871 -0.255903805097771
0.00203826312377865 0.249219685409235 0.0298196590987885 -0.29786886056752
0.123937103899841 0.205814967737636 0.0156539883403847 -0.281072943466885
0.199639903580101 0.0904882451264497 -0.0219720336662114 -0.213624692993494
0.182502347945986 0.00579151175597122 -0.00289206630766888 -0.177104444170426
0.158379360179833 -0.0509061677096821 0.0113356862123451 -0.169113668929874
0.125293625741555 -0.0826163019557711 0.0330894435451618 -0.151017281069999
0.115962762067398 -0.06659287536917 0.073035024304012 -0.0987760208177671
0.116112133290994 -0.0630554392534216 0.160072488902575 -0.0595723830079473
0.158561143680979 -0.0424077396721874 0.218493064773089 0.0107493032861566
0.179699751573581 0.0182025268757294 0.228601649425907 0.120494920589713
0.190050952940767 0.0880308487753719 0.118645464313086 0.219882455988006
0.123214130570092 0.19036766443327 -0.0184950269665789 0.190405512495991
0.0056174300695295 0.251919023018377 -0.080549685140387 -0.00358258978490822
-0.0492686639461372 0.232772705723847 0.042908946802217 -0.234923819997341
-0.0637573860191632 0.093417786123677 -0.0660778525569907 -0.315265500183763
-0.0257270383790248 0.149024811276617 0.00249453254779403 -0.308767692320814
0.0632806539218651 0.125433529152463 0.0208243438855722 -0.26247755242308
0.108744053228631 0.0454885355184239 0.00448362999193662 -0.20676805409034
0.0921167852395703 0.00727518079487145 0.0327038801943755 -0.191595433113213
0.0863854258003746 -0.0177705118204034 0.0421025377896429 -0.19269472218555
0.0758872890809307 -0.0356804448438608 0.066284554716864 -0.1763163480749
0.0706106576893067 -0.024272001919949 0.111777355092286 -0.122023198355412
0.0749602922405948 -0.0216877755088211 0.202387110885158 -0.0744258940103883
0.100247553350833 -0.00641207407025836 0.257148442990306 0.0135135432667193
0.109406378781364 0.0277783631197877 0.252012768853121 0.132127983773578
0.11620544666552 0.0775302907123712 0.125196392796696 0.216449258666338
0.0584480442529658 0.153676421251016 -0.00383295648371713 0.165740855630264
-0.0407978099095281 0.17670645548778 -0.0397773602889336 -0.0232478370934014
-0.0815083097055759 0.128168341183265 0.0889490823933279 -0.263260165404764
0.0747337965518504 -0.00747768490251608 -0.0830732391933815 0.28164248935906
0.0424264974256739 -0.080044331176135 0.0454626053769848 0.0592099687928291
-0.0327352900033878 -0.0814503262192021 0.0068430784440031 -0.16736965659918
-0.058399391819434 -0.0180099006668735 -0.119954177920585 -0.245384733133963
-0.0362354517122636 -0.00318188883627546 -0.270918000812013 -0.156392327154129
-0.0263965366615868 -0.00932561379546766 -0.302337682228363 -0.0221915305586941
-0.0268259713966726 -0.0144374800265901 -0.241683187397575 0.0800539463740514
-0.0154330079710121 -0.0239020740156731 -0.152350811107491 0.157946702302459
-0.0221022598843136 -0.0309962450355757 -0.0746617301679627 0.194402729252709
-0.0126914138206906 -0.0417835218504077 -0.0378394132460945 0.220272565036845
0.0038104284460598 -0.0268799137033999 -0.0296370135409828 0.220799923037129
-0.00973662056519913 -0.0252003757874689 -0.0223404556007397 0.236925313560696
0.0060445215250488 -0.0478951967562731 -0.022083612592848 0.253316412002096
0.0647519766265049 -0.0280753783823231 -0.0296643793858213 0.27006922510066
0.0783297473712783 0.0233334497049442 0.045111735899853 0.31146400308983
0.0612659077368474 0.106487158706986 -0.112291816229538 0.25501580158705
0.0455896017401028 0.0351102255615194 0.0307859021824854 0.0310536439891882
0.0137469959669492 0.00414086314846007 -0.00937814571266239 -0.183297887373505
0.0140889817973146 0.0328232930975326 -0.125691218073284 -0.244564413893882
0.0454177183354174 0.0147849827455559 -0.262272918214391 -0.16205076738587
0.0525376649716452 -0.0239600383664986 -0.289360738025684 -0.0398689432090704
0.0381195965202965 -0.0548344899353101 -0.235675198095004 0.0615550256624451
0.0446478686729623 -0.0688135168404155 -0.150240550313033 0.139020750957859
0.0315605355641162 -0.0836684112992343 -0.0619933258045818 0.176464271741054
0.0646869578602247 -0.0948635440216297 -0.0138545256180323 0.207106204394052
0.103432065751881 -0.0510294638610111 0.000759507906044415 0.227090541409413
0.109078012901485 -0.0073165751829314 -0.00538762102253692 0.252951735856229
0.0988300295847704 0.0298758518220674 -0.0234576835227012 0.25926889033377
0.107879353453966 0.0903405311179361 -0.0365280731308804 0.232499454767903
0.100398137177329 0.153881424763799 0.0343506631476039 0.24714087807429
0.0375396136510732 0.205629039719095 -0.120113233395281 0.189175444667407
0.0410775109193387 0.153101122126417 0.041973819460813 -0.0231378974063423
0.0625820942435725 0.100299579672963 -0.00964674387069768 -0.219755273227412
0.0960027561252209 0.0830082340314841 -0.127837541261194 -0.252314023398614
0.127746385376193 0.0281999553312282 -0.242312939484704 -0.162651159009767
0.128008081527762 -0.0387201614975277 -0.255544174469806 -0.0558020482416425
0.098122455563244 -0.0894046336846033 -0.204182467823155 0.0321020716943151
0.0969249363334981 -0.10429063690666 -0.12602620311931 0.100778521107745
0.0774720910307253 -0.122235539785652 -0.0331341281360401 0.134882645429995
0.123999626968801 -0.136506023108626 0.0270689196705993 0.170769423973895
0.179539346528345 -0.0760801982332033 0.0537943569044869 0.211797667502048
0.205454552183526 -0.00702046348482682 0.0308918933599786 0.262438036521094
0.182779537493546 0.0842420110850954 -0.0190457876515501 0.266500517341297
0.144913300976539 0.184791267170724 -0.0560168230015551 0.191762304008501
0.112260584432648 0.255908116189728 0.0164496712156217 0.152322392446798
0.0128676814039826 0.275514852537362 -0.110416930984631 0.0892246844107924
0.0379184303367708 0.252836835618375 0.0613444591789886 -0.0957608220795402
0.113250958675097 0.187245924537057 0.000682218010932163 -0.260039479461937
0.180163616464457 0.119164180617681 -0.117932996180876 -0.258080900853143
0.200172371024432 0.0293971448525752 -0.203134909782326 -0.162048282113075
0.186085450112009 -0.0559440635600068 -0.199725027153062 -0.0755754921877976
0.142182816871615 -0.114812888527914 -0.151419674148585 -0.00934444444588999
0.134062798945007 -0.124239177402106 -0.0864442198514569 0.0488095740425818
0.112546228032278 -0.138903403686856 0.00757724146422327 0.0794259606017684
0.165834259905598 -0.151873000089491 0.0735835450702466 0.118002302927772
0.227032793391522 -0.0834181064955181 0.110142864188682 0.178983006890882
0.264860393150365 -0.00425113310741684 0.0705780832030638 0.257609348206188
0.234321362787015 0.123961777389863 -0.0135575114460285 0.265930710534265
0.158036543070644 0.249769353040397 -0.0821153868466089 0.147921141954971
0.101465417262245 0.319477997054441 -0.00202264586693564 0.0411652452714857
-0.00740046712986113 0.302239561017261 -0.0952120026394407 -0.0335006894188455
0.0356732257815946 0.312108558263192 0.0681660102345228 -0.178572098923296
0.151894671631253 0.242699118368962 0.00817932139138998 -0.288282233747259
0.241198279163025 0.133852341069741 -0.0945129879063801 -0.252449738078008
0.244100670971676 0.0202288886615101 -0.142515412340828 -0.161969430601691
0.215732306168996 -0.0706176523774346 -0.128492586593388 -0.103562104329898
0.163470597616339 -0.126313751120304 -0.0875296319047379 -0.0588010375882059
0.150050462311744 -0.124830194064239 -0.0347297135268731 -0.00754851791859783
0.132700419635458 -0.132949493590329 0.0559804441065978 0.0207467267912741
0.189157286573907 -0.135060469307413 0.123144856920239 0.0644086675156975
0.245019552694812 -0.0628413975658772 0.160739939264713 0.143553382541205
0.281724381339045 0.020152122864524 0.0992578269186741 0.243655426418014
0.238278675829725 0.160583046173549 -0.0132852701974081 0.25116305848473
0.134269466506142 0.287442289245016 -0.103146701398438 0.0976859173452738
0.0644075112165388 0.336895187117306 -0.00921017244001755 -0.0704101921750186
-0.0234675367812211 0.277600526005166 -0.0832808840250138 -0.15727870628319
0.0273888980865257 0.312648767910389 0.0540721008959948 -0.253478475711241
0.158780132742439 0.2495503107847 0.0108376124827223 -0.295614708700102
0.252119646060928 0.121942064555257 -0.0604624928506034 -0.234581322440819
0.240355672667781 0.00880661558539638 -0.0709270435566445 -0.166204934105104
0.20718107436072 -0.069969729592371 -0.0518005835720108 -0.13910298449836
0.158762161716452 -0.115446803357229 -0.0213540248504233 -0.111321148937764
0.146354107318953 -0.103721920128732 0.0219068334818347 -0.0603726650733074
0.13772833312901 -0.103454426460861 0.109844258357458 -0.0285211264968146
0.189972718329486 -0.0919551273625598 0.173965955955193 0.0265930025194782
0.23142117405124 -0.01962504168447 0.201441468931759 0.123176193417125
0.255178023400745 0.0616851430207755 0.113065822426451 0.230955056606433
0.194204703090667 0.191199580064041 -0.0196317160069812 0.223528501487799
0.0726897581331193 0.293157627432482 -0.105417558022498 0.0425339987758225
0.00498149429909152 0.308555217534276 0.00540827299845844 -0.16826338411954
-0.0436822576049291 0.203170385697891 -0.0730761628810101 -0.260252012661065
0.00442872618640609 0.25304155548129 0.0276508275226437 -0.301615166314613
0.127033706502799 0.206628558970297 0.0140390019641373 -0.284510232393644
0.203316769619345 0.0894000022049222 -0.0214380319655776 -0.215872416522268
0.185528953384525 0.00279883612956647 -0.00372451476937241 -0.178006897748909
0.159689221581216 -0.0545650332330253 0.00916101591474672 -0.173398290441714
0.126498911855416 -0.086025891485112 0.0311962034360907 -0.155614728885298
0.118314753781371 -0.0697674609971811 0.0736143951207092 -0.101586197592236
0.1184115129082 -0.0647867529274275 0.162297984080592 -0.0633418567881226
0.161097873379246 -0.0453062297041268 0.222994926633277 0.00805024202913368
0.183661731215706 0.0163136621304545 0.234921906070452 0.119370003666718
0.193927690835274 0.0867887155588167 0.122416123700585 0.222404578224524
0.126600796477088 0.191677902597482 -0.0155638711474025 0.191562273405221
0.00769707459462889 0.256388288129548 -0.0808695870707914 -0.0018907745579715
-0.0474659274055183 0.235802177449096 0.0402728370120974 -0.237629744456458
-0.0630737836033453 0.0937738976798672 -0.0692877733843339 -0.320086463959239
-0.0241394664943472 0.151235154261768 -0.000728622638372363 -0.312514969368831
0.0649656301668167 0.125768807968307 0.0190913613945771 -0.266413059782123
0.110128986578026 0.0441685103430957 0.00431777294406527 -0.208445882048871
0.09335368007389 0.00532047421358881 0.0318297965422216 -0.193637521917521
0.0865163926163075 -0.0198692749847772 0.0404854736699004 -0.198167038653352
0.0764106078735988 -0.0372098626702733 0.0637481192944961 -0.181710419361382
0.072479215102424 -0.025092904184558 0.112603989023184 -0.125757559582089
0.0766819890778093 -0.0220406353039909 0.204669358462185 -0.0785218372658662
0.101959114319267 -0.00797718340125185 0.261549358323637 0.0104018376345015
0.111428035422 0.0269361126423543 0.258188030975998 0.130624479935662
0.117902044573935 0.0769947745502497 0.129062391740998 0.219820633941659
0.0602682217735446 0.154675121438352 -0.00167596508381101 0.168228068418554
-0.0393824216574825 0.179728794967828 -0.0399051410579409 -0.0234205641002055
-0.0809028647083029 0.12938978309836 0.0858582732349591 -0.266961387743658
0.0761995011348823 -0.00759958049624865 -0.0826179580645076 0.293450710469946
0.0427602398023613 -0.0830378665846812 0.0491878309552599 0.0620384756513627
-0.0357957771794561 -0.0839190072484664 0.00565094705734529 -0.175562986950681
-0.0602900054992937 -0.0175841021925689 -0.128851482708704 -0.256512593107428
-0.0373073691347409 -0.0014432163066606 -0.284365208932179 -0.15985588311397
-0.0277657379437906 -0.00852464531656625 -0.316147634692476 -0.0171494498827138
-0.0279888258719444 -0.0146267573576392 -0.252119108824189 0.0896008275994413
-0.0162768744691111 -0.0251394057329707 -0.156660812768433 0.167189207102994
-0.0240068358848717 -0.0322059955534678 -0.0741595430815348 0.204793986303522
-0.0138419672497977 -0.0432621032541547 -0.0367233269414892 0.231976927793325
0.00431915280051424 -0.0278568561276429 -0.0292851150838829 0.230822611267939
-0.00967145559387265 -0.0246840741090279 -0.0212711755889111 0.246293281183626
0.00540011910169199 -0.0488119102937627 -0.0209756126698654 0.262701381560143
0.0672294656772331 -0.0294202141808104 -0.0297651844259576 0.282523488062281
0.0813046240721212 0.0248514914276103 0.0507348977328465 0.327264358076748
0.0637944841901296 0.110702315434218 -0.112101736633846 0.266931737657223
0.0476440259339132 0.0372588249208556 0.0334338468413632 0.033084123535572
0.0138546847350707 0.00453487490123882 -0.01159114009919 -0.191159469486848
0.0162122597911242 0.0346696433882838 -0.134066834039256 -0.255799293028868
0.0484172290189194 0.0152644604184865 -0.273954412179403 -0.165836128842569
0.054652552226553 -0.0259624347301748 -0.303278735511176 -0.0362484039955266
0.0395518020590723 -0.0582746272288694 -0.245531390304696 0.0692828464565894
0.0460872001465076 -0.0738394010928745 -0.153650920404689 0.147958437105747
0.0321556689049055 -0.0881951180080503 -0.0608183064405046 0.185591951847823
0.0658821312026584 -0.100656609388252 -0.0114755330708523 0.217313032003011
0.109132811118 -0.054691740968031 0.00350546567579875 0.237176961150116
0.114921617599154 -0.00816812323185737 -0.00287937392301217 0.263653778994926
0.1034390258176 0.031670672146796 -0.0223728803059101 0.267851536045688
0.113498680655756 0.0942676663298209 -0.0366804644559388 0.243318893130165
0.105221139223215 0.160511112256525 0.03938596445005 0.260658042461537
0.0403641276733835 0.21383647791412 -0.120919673941118 0.19846473793983
0.0439765442126521 0.160579469639803 0.0441969995264086 -0.0230201666187785
0.0652116265721569 0.10349404071562 -0.0125121815893988 -0.228790266914506
0.10267684867838 0.0854104192248393 -0.135359866725525 -0.26290505000322
0.134298340356533 0.0281917835168116 -0.25330062963592 -0.166352941431328
0.133275917803946 -0.0432706790114165 -0.268364991564015 -0.0543189822155563
0.102198997268762 -0.0956119950034758 -0.212299201870998 0.0373178688441682
0.100100817830576 -0.112682106553995 -0.129504580719863 0.10752528604585
0.0799199355096703 -0.129685270386923 -0.0313412140771581 0.141549116541176
0.127723089471697 -0.144976697138612 0.0310567032569372 0.178458464937276
0.188211557246201 -0.0826224399181845 0.0596196374209391 0.220816369043802
0.216106880091345 -0.0105604893185042 0.0349839558280276 0.273426785076699
0.193134116931956 0.0875105535160394 -0.0162662209075131 0.275061183495315
0.153931204336061 0.192325276836877 -0.0571164303275649 0.201265973635949
0.11908519624186 0.267078806880282 0.01951907377326 0.161500412750014
0.0157962098668358 0.285496504483317 -0.111847231103489 0.093795507451268
0.0417702730203443 0.265941375734869 0.0637065427755537 -0.0992045349879223
0.118749782178098 0.193543896944047 -0.00182952729950363 -0.270101015338654
0.19105146740338 0.122576533773765 -0.124622361551847 -0.267662572657301
0.210289938925537 0.0283625803585245 -0.21267944794421 -0.165451388841456
0.193966207822757 -0.0623044927733963 -0.210031256179136 -0.0759567406135937
0.147264388999224 -0.123441746323873 -0.158431276202134 -0.00770926857346017
0.138604878759001 -0.134538481296589 -0.0885745617498744 0.0529282864972661
0.116569308057716 -0.148021189954965 0.0103665512652503 0.0822417157464451
0.17077215189449 -0.161738371605695 0.0798013971629121 0.122500655044659
0.237767664284685 -0.0910164464649608 0.1183285787795 0.185179424276729
0.279002920866468 -0.00854552488144544 0.0760547909328945 0.267915732179266
0.246578640888091 0.127176470688198 -0.0104757610880086 0.274466203483187
0.168635147519106 0.261702025755203 -0.0831613947601841 0.155357602510874
0.109001490828418 0.332944821216874 -0.00158061911889089 0.0458169583215579
-0.00394911886399323 0.313653276737515 -0.0970982856245182 -0.0342771204529687
0.0401592370697308 0.326703202430043 0.0699323483656412 -0.184746103482977
0.159986385153005 0.251081793391465 0.00554229201075325 -0.299258721403742
0.254312705001291 0.136196498632759 -0.099129493526894 -0.262074989165153
0.255764214957473 0.0182791983553777 -0.149161291990272 -0.165822424384532
0.223858978152134 -0.0777881673688495 -0.13603690786669 -0.10644969657086
0.16873970869665 -0.135570790534531 -0.0924860769692249 -0.0612596707264354
0.156168284856892 -0.13504341116245 -0.0355655297746646 -0.00689460542669731
0.138436842534358 -0.140912512570565 0.0598645076191372 0.0199667265559834
0.195738292918927 -0.145026991823116 0.130270036389259 0.065845706972743
0.257034204189648 -0.0696828154545138 0.17048862439052 0.147806902692032
0.296548428707384 0.0156425972437492 0.106871696568894 0.253931536547443
0.252133027047571 0.16575961934046 -0.00932057760279541 0.258643162193948
0.143854765923247 0.300044641557408 -0.105379712941847 0.103666597917572
0.069737538403142 0.35057497165527 -0.011297976790433 -0.0707329547537629
-0.0213566944342136 0.288333489494596 -0.0864947481858372 -0.163579061002024
0.0320783036837062 0.326733179796094 0.0540822703350311 -0.26340165280707
0.167330894484834 0.257737902402775 0.00832745349415192 -0.307055842500485
0.265101763373128 0.124167792987359 -0.0632707288230856 -0.243478841666209
0.251406654660567 0.00536555667940636 -0.074792564589429 -0.170524365910701
0.214539984776744 -0.0771504527446646 -0.0560041719706723 -0.145263571604558
0.163880047546317 -0.124467147156906 -0.0250970350912371 -0.117452475168989
0.15234390003306 -0.112376146819282 0.0225347401376646 -0.0629137735844242
0.143541032900487 -0.109988576021949 0.115313703630554 -0.0326581607751876
0.197620016866909 -0.0999008970982004 0.182769573982133 0.0254139004238788
0.243208955373523 -0.0245956294323518 0.212852158504947 0.125267266424006
0.267205794157887 0.0596365883732653 0.1206630471221 0.240791511102159
0.205717586677404 0.197139495262821 -0.016023147690992 0.231439399817005
0.0804564192250844 0.306357248010415 -0.10795348955044 0.0458010208448681
0.00885745050079883 0.321976897498508 0.00232099041389391 -0.173301535294
-0.0426392998821753 0.210616978365914 -0.0774118336841324 -0.272149811935913
0.00917753709859842 0.264216830937547 0.025259147434028 -0.313316848384498
0.134302344257744 0.213009315552447 0.0120332771708024 -0.295081565607078
0.213423344347956 0.0901345474991184 -0.0240463267899733 -0.22283724088636
0.194608318007588 -0.000418103365237553 -0.00489130056862105 -0.183663803545577
0.165145791056524 -0.0602667101384467 0.00730796418198219 -0.182565480182634
0.131008349392431 -0.0925993009848071 0.0290399397435082 -0.164577798929832
0.123776028133141 -0.0761375143273071 0.0749294883791426 -0.107542659205804
0.123564652728077 -0.0689553303960262 0.169371215119203 -0.0697514376075505
0.167133000392706 -0.0505472187179373 0.233342995548755 0.00453367774405561
0.192508663387041 0.01362339761699 0.248036950416819 0.120951785928153
0.203230339134639 0.0856796981955654 0.1307791192823 0.231479887323976
0.134927932425947 0.198046276276044 -0.012836075632658 0.199240226207449
0.0118855869036741 0.268169705302361 -0.0838369091171355 -0.00172948338935699
-0.0459927746890477 0.244898899191126 0.0366919019889883 -0.247750371833837
-0.064160081173451 0.0975057425222114 -0.0757595008187368 -0.334757502367382
-0.0221383739560204 0.157722661121659 -0.00466981749583436 -0.325879987105269
0.0690515057376436 0.129454713108674 0.0171327283550683 -0.276650309646667
0.11468543159406 0.0437507326875568 0.00296387433412872 -0.216241403552943
0.0980821790978861 0.00306074669634257 0.0314744802735792 -0.201016141113559
0.0895072695487519 -0.0229249495832413 0.0381715743273981 -0.208827522404183
0.0789574613183841 -0.0400607412068545 0.0624459552616837 -0.192953763842359
0.0761312924766208 -0.0281482615361461 0.115548778937516 -0.133250781024625
0.0806639459776705 -0.0233498565174524 0.213093799102706 -0.0863066072916799
0.106082795825073 -0.0100061959606062 0.273916348988595 0.00634341802015582
0.116673975780916 0.0263063312667814 0.272599190293036 0.132159466032954
0.123334915679047 0.077695438794752 0.138132174403903 0.228586539084938
0.0648789112579297 0.15979854892573 0.00123698598272251 0.174908787619757
-0.0389783244616271 0.187449704521527 -0.0417058716076772 -0.0237522792939442
-0.082371622201897 0.134318478535037 0.0836697705545703 -0.279349853128753
0.0786415625398252 -0.00907688504568095 -0.075590331635688 0.314052923600503
0.0417466533568214 -0.0885548539960794 0.0543828068751838 0.0647941811683871
-0.0416794221294024 -0.0862939455518796 -0.000960712120270977 -0.187573040754987
-0.063499602149304 -0.0150873775632765 -0.147544146817124 -0.268586664390868
-0.0388087271171321 0.000408122031077119 -0.306453321062704 -0.160131809849931
-0.029187674976577 -0.00724767484062287 -0.3356234359058 -0.0045432129075834
-0.0296731570447922 -0.0144490392025377 -0.264468476718492 0.107076629657848
-0.0181799907061851 -0.0262917755655955 -0.159142688202975 0.184316888212389
-0.0264738689180488 -0.0334209558527113 -0.0703327290565488 0.220886359386707
-0.016212474643677 -0.0449749557414949 -0.0312650671685436 0.248613278646231
0.00494293256258099 -0.029575147416893 -0.0238787217267487 0.246511819770265
-0.010335943369713 -0.0249481469553494 -0.0137873799813611 0.260674054045147
0.00389146115268352 -0.0504048119276666 -0.0148767382327179 0.277623088278841
0.0706069759594553 -0.0330325275044194 -0.0243700493605518 0.301383264756939
0.0864915651429604 0.0250875157477064 0.0660934591886763 0.348598830310935
0.069932939034879 0.115867191878052 -0.108510185842887 0.285781801569655
0.0515559198535784 0.0395771889140788 0.0371920921186995 0.0352343636689167
0.0136779883405592 0.00486472646643885 -0.0193680616107475 -0.202883376286056
0.0201989784452383 0.0365348685987599 -0.151633124215844 -0.267041493327192
0.0530025882152471 0.0149991465755327 -0.295445091838217 -0.166551048718946
0.0578494100882299 -0.0293334662951996 -0.32377753849876 -0.0256177418659075
0.0401493095459179 -0.0637686284196113 -0.257576907123796 0.0849023883620463
0.0464136648210342 -0.0819871006068034 -0.156669727710582 0.163685113150929
0.0316069324337933 -0.0950357778789809 -0.0568443676202415 0.199411754485173
0.0660753091421608 -0.109609469684842 -0.00381167877347004 0.232990942124046
0.115786497253287 -0.0622067627884516 0.0123689328097104 0.251866483422185
0.123210606546032 -0.0124764211443928 0.00542639237534755 0.279019527098007
0.112450107252851 0.0315589764701758 -0.015660341434644 0.281957497310009
0.123731979805059 0.0976765932909101 -0.0318128365018378 0.260211201713348
0.116289201006686 0.168759598361306 0.0518322752380307 0.278913901130918
0.0489833851772557 0.224893336922409 -0.119132004421297 0.213653191140864
0.0521683843045707 0.171245489686485 0.0472987883159961 -0.0234631979427993
0.0713042772890483 0.107075845549812 -0.0208226155309486 -0.241293417238245
0.113537895107318 0.0873673815711301 -0.152211467685325 -0.274982727027668
0.145074683143031 0.0252149678071735 -0.273816911069537 -0.167308567358176
0.14028807940148 -0.0512642403810678 -0.286186227609531 -0.0468307135458723
0.104598288347317 -0.106502375639706 -0.224011260049692 0.0483613365903047
0.102882105853001 -0.125595387451345 -0.13249236844673 0.119679832414072
0.0811964123916373 -0.141559609550784 -0.0262555569017322 0.15114929957256
0.129857329881544 -0.160277148543979 0.0399535942406593 0.190056683176796
0.199496472334543 -0.095400904593711 0.0713678643668081 0.231509622818093
0.230343143448802 -0.0201851050268581 0.0471892113833626 0.288450074387865
0.20883593287746 0.0872601831901925 -0.0076111944299116 0.288738034209735
0.171952119047034 0.200725892295776 -0.0537160653679842 0.216131308194158
0.134574628758498 0.281097574195558 0.0270719656214457 0.173845222403841
0.0260634607927414 0.302528617169717 -0.112776805299714 0.10238982004148
0.054590830475894 0.28275597438994 0.0660899470995841 -0.105363714534238
0.131178370048232 0.200518999946883 -0.0114655495362586 -0.285130356743005
0.207899069901634 0.12298570637026 -0.140590805989275 -0.280644795072017
0.225981509332641 0.0224586689625369 -0.229929049876996 -0.166092764162509
0.203632606783251 -0.0740800598719407 -0.226332514771039 -0.0718222892588023
0.152010334486888 -0.138578136661859 -0.169055068773513 -0.00251739602719325
0.142575858297098 -0.150219408736959 -0.091174364455682 0.0596669749051903
0.119688008507241 -0.162331174798632 0.015070334644461 0.0863463189192215
0.175343065206262 -0.179856755287868 0.0898833788868698 0.127675037959972
0.252101510681463 -0.106673084838127 0.133159988524846 0.191846787648529
0.296344711887101 -0.0205567972953631 0.0908522409179431 0.282427268634743
0.267869516917866 0.127424525495882 -0.000596779970423717 0.287851715458268
0.188926441339976 0.273750716284235 -0.0831483175216361 0.168512723666707
0.125565919841983 0.350121757659831 -0.000198664598442378 0.0518640601426603
0.00565561786190038 0.332013552824015 -0.100999772632045 -0.03337914404547
0.0553394888149509 0.347524216317937 0.0686641845034739 -0.196512272846735
0.176885049104904 0.260974419196666 -0.00463517323261079 -0.316320955927174
0.275640052320539 0.134720444268262 -0.112789777636111 -0.274420052390945
0.27415471557901 0.00935691176227438 -0.162471581784348 -0.168717573133747
0.234632379906028 -0.0926071448596926 -0.148479035608657 -0.107789065728622
0.173939390143344 -0.152133863441201 -0.102207146800998 -0.0627184451872399
0.161214521925077 -0.151133328028843 -0.0376522197474117 -0.00561042057081109
0.143577783823402 -0.155598934901993 0.0661396681124242 0.0171661299777521
0.202110894282646 -0.162956044275023 0.142320849596715 0.0656581780327241
0.273588801513016 -0.0852674343954572 0.187828649853397 0.149599806017378
0.315215548914089 0.00421148078430499 0.122637700261946 0.266603640900041
0.27448727512147 0.166922542914823 -9.20834844482922E-06 0.272296096536284
0.164530390318666 0.315676059462558 -0.107336951353246 0.113573331106622
0.0862730184464302 0.370545062082238 -0.015498483181235 -0.0722824462960586
-0.0129695844567694 0.304285514384609 -0.0944637836428879 -0.171035957507351
0.047255116805698 0.346498411929451 0.0486731873450369 -0.279157775271335
0.185609090561778 0.267529750826164 -0.000846828751130514 -0.324693718630675
0.285994416876344 0.121051434984696 -0.0739311143660539 -0.254984445510093
0.268614095081649 -0.00445585007804074 -0.0827090571769915 -0.176320872797703
0.225292571114015 -0.0915949836184077 -0.0651840342171396 -0.151912457723466
0.169188871885691 -0.13985257704418 -0.0327793815918063 -0.125975671673905
0.157805292433563 -0.127493677476856 0.0214990196152656 -0.0681569821343995
0.150101544786296 -0.123514932324789 0.122417825959832 -0.0402637211690024
0.206598588557897 -0.115067469991312 0.196125526454435 0.0197512226578194
0.259455562430216 -0.0361638633621205 0.231919209524907 0.124309838878406
0.286340662102967 0.0521991931122703 0.138132944029114 0.252341419348308
0.226471978762562 0.202011441439552 -0.00779971336542848 0.243752471102718
0.0975410180611773 0.323922652411232 -0.112434400146886 0.0520237338279385
0.0208652153056832 0.340469596380929 -0.00536535388200493 -0.182436024662681
-0.0371237275741541 0.222961899486732 -0.0903472518015974 -0.286727806859519
0.0204195951699561 0.281082169461637 0.0172698208278634 -0.331766970649338
0.149702577498746 0.220448536752383 0.00254383597544249 -0.312058883551378
0.229431142695275 0.0860575722537529 -0.0314753959630758 -0.234419328031539
0.206680461176754 -0.00911457955285856 -0.00971744576638802 -0.192716851746606
0.172553941884158 -0.0716166563293487 0.000164941787668744 -0.194555196933982
0.135158856072157 -0.104364110327243 0.0222700419559534 -0.177125719049957
0.128936354238492 -0.0875566394083889 0.0764004345265414 -0.117444506840914
0.129957382924362 -0.0787815452039555 0.177969976264565 -0.0819535642518492
0.174910678724239 -0.0604610721087262 0.248945153077843 -0.00446844834461497
0.205679944463315 0.00592894556864531 0.269663700496695 0.118145617394823
0.218446349794074 0.0825537687194257 0.148291306157743 0.24200156514131
0.150858738277662 0.204911603311868 -0.00503308938479717 0.210343539039034
0.023156206455381 0.284721223990905 -0.0885332630539603 0.00127772452854257
-0.0401906096477095 0.260489154447008 0.027923293657262 -0.262648960999237
-0.0633205152220733 0.103560622511057 -0.0904580129801862 -0.353972591445238
-0.0168616999832762 0.167809399804771 -0.0160575392588166 -0.343837432725485
0.0780809665085761 0.134335539189164 0.00932353171615767 -0.293374603774408
0.122439703893801 0.04157797806524 -0.00300160038306151 -0.22774693805716
0.103447891053576 -0.00158121223915684 0.0274061124010586 -0.213482814201693
0.0930375017080387 -0.0281627380616066 0.03235159724005 -0.224773246890701
0.0817108468836142 -0.0462882750534088 0.0557272380829183 -0.208498498510039
0.0803893039182216 -0.0339756498825886 0.117095948967192 -0.146574423979449
0.0857876611496089 -0.0280853120123483 0.223214321559493 -0.101083758616876
0.111864386286953 -0.0152025249667531 0.291729984265695 -0.00408059578590254
0.124364586024627 0.0228275004224037 0.295243383350057 0.129713273648073
0.133191389133195 0.0767840990165425 0.156034478528259 0.238987720199671
0.0748013231434539 0.166358575608254 0.00861572496650414 0.18567361237581
-0.0341842741834224 0.200689220945633 -0.0448813330798535 -0.0242368655679814
-0.0814585720841287 0.144546385065251 0.0752160924785759 -0.298675245154486
0.0813773557182553 -0.0136501434178476 -0.0579671361320821 0.335499198342442
0.0381037677842741 -0.0954658180094482 0.0629842121328657 0.0658563667477012
-0.0497383886274123 -0.0862970316366407 -0.0153269377383718 -0.198102701740468
-0.0659808808296844 -0.0107685831261359 -0.17537574494392 -0.273906688625808
-0.0396787897130319 0.0038815779678549 -0.333708931787225 -0.14984152068171
-0.0303840325956607 -0.00458874141274115 -0.354372133593657 0.0203388572171555
-0.0313869134984462 -0.0128721039149304 -0.271372841315025 0.134878891920709
-0.0211967324677996 -0.0269329973731105 -0.154084136914325 0.206219182381691
-0.0304061301416814 -0.0333031800974314 -0.0582781102836318 0.239290342888448
-0.0201456116294937 -0.0461813552794865 -0.0144629555735982 0.267310524550942
0.00439750467084198 -0.0314069357370302 -0.0100060909117825 0.263284910959965
-0.0116305605254733 -0.0240358013963732 0.00231242005554863 0.274796229154332
0.00134108813199113 -0.0517417737791736 0.000937741340904489 0.292432670411399
0.073058102726894 -0.0397150034030533 -0.00702535539162422 0.321530935276486
0.0928294065111847 0.0222285549395768 0.0958090640616203 0.365943299375564
0.080719164491485 0.117985065896606 -0.0936462856192078 0.308392977466212
0.0577783632259861 0.0398398784116198 0.0430386575195892 0.0360576107831063
0.0138974712259979 0.00486221993629668 -0.0350807862255936 -0.213000244532542
0.025691959114359 0.037221736841075 -0.17881330583009 -0.273343098132552
0.0585829288812299 0.0124519275842183 -0.323004508105145 -0.156003067102722
0.0600890659030415 -0.0351159419324936 -0.343011488838701 -0.0027394750948557
0.0385245158748619 -0.0707928735329616 -0.26578633882898 0.109933523138328
0.0431273117511539 -0.0914569717491781 -0.152610644496942 0.183975447783124
0.0266337137636627 -0.10304394134435 -0.044238590762754 0.215211299213937
0.0622038058627153 -0.121386208564426 0.0131101191646981 0.248614629073521
0.120064767035117 -0.0753045705904908 0.0294537685123081 0.26580688347235
0.131208192431154 -0.0214407022879856 0.0246391805994803 0.29399025263994
0.121702930164574 0.0272379060144188 0.00106998521894703 0.296091779740218
0.139095560157684 0.0960557626717628 -0.0171123483668711 0.277320940709296
0.13432506922487 0.171524879656398 0.0749108817184171 0.292946874417523
0.0658334872777271 0.234908249442238 -0.108701027341745 0.233188466318401
0.0678354014815009 0.179125494324286 0.0501478006000168 -0.0264148898702583
0.0803659793420253 0.109022591555372 -0.039067963550301 -0.25260185742161
0.127371328212555 0.0841599253789972 -0.179323752802182 -0.280451325644406
0.156652854257704 0.0161808686221083 -0.298615241119323 -0.15732840991771
0.144995364616315 -0.0646061880737761 -0.305867677255236 -0.0281273642251972
0.103163945312831 -0.121481510472082 -0.233073132968527 0.067921858235939
0.0992820493483679 -0.142512997761877 -0.130282262156913 0.13572182332745
0.0768853703741893 -0.156564870506048 -0.0162831125854839 0.160366287881067
0.125855218442411 -0.179885332189955 0.0569611871264229 0.199136299955088
0.206826058516571 -0.116448533430385 0.0909554815716171 0.240554636955802
0.243985820100566 -0.037697168953446 0.0693205421276624 0.301953994798542
0.227698133783778 0.0788202829854704 0.0104641987005623 0.302638216775417
0.196423680383218 0.202160926443043 -0.0418212108602268 0.232133491713935
0.160488419813934 0.288210852845768 0.0414217898747068 0.18516238011238
0.0466238147515374 0.316746834485803 -0.108841104647703 0.114866341677822
0.0779035945758721 0.297177619830631 0.0639199522080837 -0.112704890999119
0.151143960264794 0.203673040558812 -0.0307490101301815 -0.298491858283936
0.229364731690665 0.114825702399431 -0.166352646300459 -0.287054817755003
0.241925575174592 0.00727529704611774 -0.252110305583159 -0.158629181886697
0.210584379558476 -0.0936393905815306 -0.243508842077563 -0.0591454352129317
0.151093903339561 -0.15851326497998 -0.179424753285851 0.00939185015435543
0.139810383937791 -0.171965509398776 -0.0910596187062441 0.0699606463740674
0.116140062934451 -0.181165733914277 0.0234012821770476 0.0881686447257154
0.172437275823823 -0.204314915822003 0.105947408334702 0.129401353503725
0.261035753766863 -0.133030288724919 0.154310355419206 0.19298187480825
0.313399433661376 -0.0438654440293215 0.116210953893677 0.292765013138214
0.293853231068741 0.117593525257317 0.0186636773026932 0.30107334690674
0.220724762704604 0.27821039915766 -0.0755929656159868 0.183578578269099
0.156182963035404 0.362365013919121 0.00301315430938516 0.0575332983950719
0.0267712841620288 0.347865238250838 -0.106381678586972 -0.0296473284110176
0.0826731507906184 0.365287943823769 0.0614665187556493 -0.209566790344433
0.203252547350979 0.263288161708991 -0.0250267031119492 -0.331777636656041
0.30150309153631 0.123549249338905 -0.136261144812314 -0.282748648567185
0.291528210244561 -0.0105128292279318 -0.180061912045616 -0.165800627145973
0.241426723782849 -0.11572030245244 -0.163928797048756 -0.102641606899988
0.172458625153716 -0.174263663526935 -0.113643973731306 -0.0594252660284978
0.159160525723938 -0.174778786472652 -0.0398141367520369 -0.0036271446361745
0.141978510667128 -0.17629386182289 0.0720951490180412 0.0117124540322862
0.202066371711811 -0.18803445808823 0.156608221940184 0.0588094422658481
0.285272390621282 -0.111334902496335 0.20953279923886 0.144116524697976
0.334608858328177 -0.019444646327381 0.148804638653252 0.273847953878927
0.303742290650445 0.157615499657308 0.0183016520103434 0.284427575420204
0.197770852305476 0.324668407965167 -0.104950842858766 0.127283941044695
0.116165275110643 0.385521306782427 -0.0225913875583673 -0.0727163013184634
0.00666282266902618 0.320337365853001 -0.109187448272365 -0.176304567707489
0.0751065467356983 0.364270140033009 0.0345248674152535 -0.295774202268353
0.213518862019198 0.269256522576091 -0.0221755156749686 -0.340795768521071
0.311401560255029 0.106703422924718 -0.0938746089505871 -0.263167643110717
0.284545866251391 -0.024812733654827 -0.0968084347176294 -0.178529042400815
0.230230679276002 -0.114097461764745 -0.0790843049151604 -0.155759798536854
0.167327826834373 -0.161449568598408 -0.0458258478418973 -0.13109207953422
0.158129824641842 -0.148639352465367 0.0182644099554222 -0.073297030655788
0.151148744922964 -0.14248690796937 0.126874190572961 -0.0536136937233747
0.209500805258141 -0.136976177372858 0.210120322059281 0.00630547581837759
0.272805805947843 -0.0587349929472458 0.255509800098304 0.114383114817705
0.30619379070491 0.0327908643974286 0.165369168025338 0.258432014523753
0.25412115988401 0.197883167827685 0.00939947031898927 0.255577162361699
0.12665846182323 0.336730350267861 -0.114496480930631 0.06285721056806
0.0446760729743189 0.35718750712095 -0.0213811069253422 -0.190113133467474
-0.0242430237456808 0.236244802186871 -0.112763580070274 -0.298113068628945
0.0426317402578336 0.295611116925366 -0.00423273616171694 -0.349437062791852
0.17286387399649 0.222080027756605 -0.0173582994399411 -0.327729354091777
0.248157710141231 0.0742266028506484 -0.0470243582584045 -0.244418528929233
0.218431698766636 -0.0252274600528365 -0.020734740100889 -0.201094590720233
0.176243233384179 -0.089375628228388 -0.0140080236199225 -0.206484708216917
0.133994674490082 -0.120670613567062 0.00720542314773834 -0.189822537310921
0.130119854003445 -0.103521394763272 0.071522245511727 -0.12952612497099
0.133305056210785 -0.0934702239418315 0.182565820741392 -0.101162818444986
0.180721751558635 -0.0772529014546128 0.263981231217203 -0.0232398693761012
0.218598043776763 -0.00970134953141974 0.295277261596117 0.104928268472086
0.236312135941063 0.0701395496564043 0.175130586838323 0.246378478047531
0.174554536530436 0.205628905285932 0.00996992352390938 0.221107847492692
0.0447107376182053 0.300055125087289 -0.0927518772041355 0.00716958046655901
-0.0244514787132945 0.277275135212695 0.00754312086261906 -0.276687638259627
-0.0593948628006162 0.112168786232665 -0.119367387997384 -0.368424540090906
-0.00543887280947385 0.177154542157482 -0.0403320642514182 -0.360202172353152
0.0913854015305115 0.135836675811531 -0.00957937970081482 -0.308835069610552
0.131067879319499 0.03413659691341 -0.0169621910104844 -0.239358128757185
0.108213772005292 -0.0102962163521547 0.0167602352012069 -0.226547728347778
0.0952058208747086 -0.0368871129113478 0.0175496757079713 -0.241154208546775
0.0820362738170684 -0.0552215888081527 0.041279856724423 -0.22531898824123
0.08266030686549 -0.0421187966867271 0.112684792144095 -0.163888749241835
0.0896087924354837 -0.0363616693571301 0.228113178888806 -0.124593958278603
0.116807316326007 -0.0240266675079513 0.308678640983668 -0.0264669367212494
0.132976093100442 0.0151258277387062 0.322750823580841 0.114525400417401
0.144990711752057 0.070606477518194 0.18204176484993 0.24258455740414
0.0906862720722885 0.169944182025462 0.0226575564248034 0.195351223012875
-0.0213645323012228 0.213980890214862 -0.0494796861336502 -0.0231519935041332
-0.0757993853338306 0.156262457619951 0.0554641906524981 -0.319917301628664
0.0851537970165766 0.0218192974263112 -0.199997081143549 0.289839303829724
0.0762085985239304 -0.0740674311839998 0.0290452368653391 0.0929802246546968
-0.0125420771555273 -0.099610714401234 0.0691418776049083 -0.189468410115905
-0.0566447216002615 -0.033095670787792 -0.050349274181345 -0.3338543809732
-0.0370921287151238 -0.00754453596298032 -0.250666999831189 -0.28361227554123
-0.025625768006981 -0.01343204575989 -0.342048043446397 -0.132592526858856
-0.0255317234138252 -0.023291754055112 -0.313368584000374 0.0122150445726451
-0.00818940182477983 -0.0334764286644253 -0.230824290588206 0.129542059326817
-0.013649462591464 -0.0423093472085217 -0.152858540309857 0.201395236221437
0.0015638858148484 -0.0500035385538894 -0.125378467370952 0.244082839574569
0.0197727639108677 -0.026114277147992 -0.121369923772471 0.242425047825762
0.00163864456878651 -0.0213751756073091 -0.116872207657641 0.25526045776723
0.0233845885013799 -0.0433509807135132 -0.129149399758121 0.272041750444645
0.0850790703722657 -0.00138493310843989 -0.153843658536499 0.30372834767736
0.0779781303258691 0.0616093933492563 -0.0814113837309638 0.392386158576599
0.0275453584756944 0.145742322189396 -0.218070974909906 0.250111456738922
0.0380317546024116 0.0635660756048191 0.0247481888411608 0.0534104750602677
0.00745951908506667 0.0139274182773947 0.0583774255503021 -0.215152198015587
0.00889408961841279 0.0501120636292356 -0.0514402951612469 -0.335846181455283
0.0515402246606789 0.0424493643895439 -0.235352369712707 -0.289149746214051
0.0726354536680508 -0.00426446746249882 -0.322802390552345 -0.152099600437685
0.0652840203165521 -0.0492501361354179 -0.297900390033934 -0.0101135933559053
0.0813694849462363 -0.068948223224919 -0.219317185840809 0.108176155460112
0.0711381699299767 -0.0852028029982874 -0.129259075075061 0.183904675440526
0.111125058639946 -0.0884978090501229 -0.089006072046825 0.239221666354491
0.149116978306832 -0.0192739473644596 -0.0819334450416982 0.264930305353049
0.13491008991007 0.0406261971747871 -0.101570000637972 0.286968451268418
0.102663021492844 0.0837127370146577 -0.13025254168736 0.279307201538228
0.089940512328797 0.154463955534951 -0.146440645448911 0.257672236939039
0.0533605101356368 0.219572972747034 -0.0690542208789912 0.313617488636175
-0.0377745681849477 0.249235598974389 -0.195828912457501 0.171846816166427
-0.012960468466513 0.201306530090336 0.0605578784628086 -0.00626460428354704
0.025422633942287 0.14249869764248 0.0744475393501457 -0.257620723609626
0.0832879891565966 0.13703625452047 -0.0466289593821901 -0.346981241055243
0.142101449694867 0.0882819261643014 -0.210052092739296 -0.284324300827858
0.165505577085799 0.00311302027777554 -0.278116762027408 -0.162135030032978
0.148544984604408 -0.0706081673128211 -0.249392006415554 -0.0381045131960125
0.157709611181413 -0.09427721882572 -0.177904444962854 0.0717647912671084
0.140099749259532 -0.114665013309394 -0.0787936867335785 0.144417021164756
0.195424777887194 -0.11891528886948 -0.0257237696367838 0.211243736746221
0.249460491925104 -0.0233405953208041 -0.00947893355889447 0.268717804850688
0.247510981712568 0.0718010327586338 -0.058824324499042 0.316162115309857
0.180604429936594 0.179488460495009 -0.124491953207107 0.292972285225712
0.098690870461693 0.280165137629376 -0.152036430322554 0.203937184773138
0.0285080299362443 0.340716381761019 -0.0527406578781148 0.19484118841116
-0.0930716686439541 0.318878173977708 -0.141945256558529 0.0597673900208091
-0.0557244855099313 0.317624462540815 0.113330951219238 -0.0846287733968345
0.0502171324571 0.262481100662936 0.103439619616489 -0.29993875939024
0.16504002577442 0.209542987425206 -0.0297231748775722 -0.349852500440891
0.2255076681098 0.115300145267764 -0.165526922499247 -0.269622994857438
0.238761506549258 0.00286465368305677 -0.206687162025048 -0.166427089489971
0.209767729899123 -0.0866206121706552 -0.174152558892769 -0.0707957034619123
0.208231221006471 -0.104938014852626 -0.113596819082142 0.0256512761274136
0.188855411373892 -0.12278546676684 -0.0122700091786471 0.0916176058145798
0.249577916901513 -0.123328780878232 0.0498635022631812 0.167150742667729
0.308641830780883 -0.0169561737774276 0.0707196011540209 0.252197912890659
0.315655459904559 0.0930316558656547 -0.0109604959519874 0.331036031270846
0.226646003327867 0.243772616549098 -0.115299785413661 0.296097116866759
0.0890457476901601 0.360885151262193 -0.162666246332116 0.142256150251878
-0.00698274986578052 0.408042582094108 -0.0313016789740021 0.0555614548750208
-0.125548990931673 0.341176184417657 -0.0754687101070981 -0.0758645403288563
-0.0795866086466065 0.386206940714255 0.153311315604585 -0.179486019218446
0.0736055210669347 0.342269993699342 0.124852609155388 -0.330958380337087
0.229085629234686 0.246977340337948 -0.00211773731578437 -0.333592459379395
0.278467219578919 0.119967632061083 -0.0957266683374775 -0.245741970557969
0.277071715412873 -0.00586366081745739 -0.113703770967288 -0.173541614045233
0.236463595109216 -0.093236961017231 -0.083752992226225 -0.108478056863657
0.228845090716004 -0.100406070116405 -0.0352138229683392 -0.0218182715224675
0.210412239779204 -0.108520985578497 0.0650882170493282 0.0398022966337317
0.270608096254965 -0.0958695160547804 0.126221927011187 0.121552666231536
0.321913802527222 0.012619268336536 0.144134722882019 0.230054964115319
0.325811200626741 0.124259679369331 0.0302904839441501 0.328739762413472
0.217756470950459 0.284545887777637 -0.107516515818132 0.281761153985067
0.0475697489208582 0.393768215379526 -0.166640842432999 0.0740235965494413
-0.0546957894930964 0.412896113337296 0.00462948583006987 -0.0795376606632307
-0.134751059228882 0.307271557214415 -0.0157658508070877 -0.215107004414855
-0.0876264609936486 0.382411553239727 0.165577787573903 -0.272587999480029
0.0821548798345473 0.352028898484918 0.130303270625333 -0.338116316752795
0.243957845464012 0.234928937283501 0.0296800678077091 -0.297331138080996
0.277035390050384 0.101595044641454 -0.0114632551645801 -0.221657768129792
0.264444156895955 -0.00957373279029029 -0.0098234824631806 -0.186589353939177
0.227016182820382 -0.0835174005695783 0.00986240295401023 -0.145693658205387
0.215675932944944 -0.0752689671324281 0.0487553917135983 -0.0623312153619952
0.204109619327921 -0.0726127874768401 0.143453749259019 0.00140588206605669
0.25705596180572 -0.045507858768281 0.197275801518149 0.0955820378784739
0.288018813188827 0.0563419847614628 0.197736111126363 0.221977705380383
0.276731415337623 0.161055829527942 0.0501775027749502 0.320941268881972
0.15413989027158 0.299725731470181 -0.104099268434403 0.250820483917707
-0.0248636607040645 0.373880821975722 -0.145517668232352 0.00665392572217698
-0.109257125735014 0.356024558163302 0.060650853312371 -0.190507285838286
-0.127513922925045 0.215824160704555 0.0323534027144113 -0.33229907844782
-0.0881129293505349 0.303272267660723 0.150828874202159 -0.337422175510121
0.0648729592260849 0.288817214844657 0.129140387302697 -0.322305208519977
0.19847059986764 0.176495921416592 0.0647172943881784 -0.256921898155038
0.21347833235184 0.0704743941825707 0.0692427237798321 -0.206852907431316
0.201278292503199 -0.00957276481065585 0.0743631507984822 -0.204638769038818
0.177323042620176 -0.0608153274732249 0.0858838024558142 -0.178110461831045
0.169688569729451 -0.0442602626188519 0.121836468027773 -0.0926680643402598
0.166365033929094 -0.0343580701971352 0.214027882424942 -0.0196409805016887
0.204872146472575 -0.0015717009277423 0.258688911348101 0.089859026579072
0.214484894258021 0.0803855031063693 0.23688458062771 0.228440133795893
0.195360783517721 0.164960937442938 0.0622578382565197 0.31438951333372
0.0746314393060481 0.271303077862186 -0.089412542443381 0.21781050120653
-0.0854832536723362 0.30290162704082 -0.0981306662795017 -0.0372619448364086
-0.139256779550148 0.249233725957007 0.128747702886615 -0.259235623093751
-0.107560745038693 0.0836911112121963 0.0513279221582664 -0.401427605396241
-0.0821541093722646 0.169942477940506 0.120418140827084 -0.360430755227117
0.0255428634774137 0.17145332840943 0.126951646117011 -0.296966637501046
0.104528796847768 0.0891714465917205 0.0885533208289659 -0.235567130718623
0.102665287846828 0.037079112490764 0.114559277093586 -0.210199240966434
0.101940621335225 0.00584157489837314 0.119621466587229 -0.221590281107099
0.0998931425599388 -0.0201594585617619 0.132534976440879 -0.195550685930646
0.0984533553326649 -0.0059226623762892 0.173447825245604 -0.106964219263014
0.100417528476556 0.000850353572389381 0.266674392006629 -0.0226296433489765
0.121786912561606 0.0233283207632037 0.300889186857323 0.104326428398301
0.121540922972216 0.0676484903327843 0.257003235792057 0.246477783245755
0.109121796208226 0.127712942164772 0.0683436440973107 0.312108561517435
0.0116267182569195 0.199700846552309 -0.0668562197165756 0.197058998780137
-0.111251078662636 0.191717362697156 -0.0421156349406916 -0.0473014384530149
-0.136767677315468 0.112462340929867 0.193903684724697 -0.276571731160944
0.086064325323029 0.0170314854554065 -0.177542083071869 0.307558453520949
0.0718504324259928 -0.0795602279683087 0.0376578201271855 0.0937082321591879
-0.0207669095188964 -0.0978087666586325 0.0527061747291375 -0.195707747731506
-0.0582157296590924 -0.0289177404406314 -0.0784140932415953 -0.332998666156689
-0.0364914276371902 -0.00412102932170116 -0.274725736653446 -0.266739921965457
-0.0252094378241737 -0.0105938575623966 -0.355018863716524 -0.103590803212287
-0.0264513179833866 -0.0205000524179063 -0.313658132059596 0.0413694688782435
-0.0107946656651257 -0.0336643664141884 -0.221134789534012 0.14966531546671
-0.01688210744027 -0.041047346718495 -0.13742301323713 0.21645627298311
-0.00230653866906342 -0.0507151628559357 -0.105503425134577 0.25840046519628
0.0191223458121207 -0.0279870981800417 -0.10447653099423 0.254852071320615
0.00121006377815138 -0.0199550030919574 -0.0986224495924809 0.26467160061609
0.0204155876185879 -0.0437559951769249 -0.11008885414138 0.281488804036187
0.0865204285510972 -0.00852566670991338 -0.132624129001728 0.318568094127625
0.0832211379616636 0.0565985928680543 -0.0501635665823619 0.403753438658513
0.0379101107091907 0.145924371743287 -0.19813942741394 0.268901179828771
0.0439838082028024 0.0624997247491234 0.0310444917285985 0.0550921426171823
0.00820919025478722 0.014827256317348 0.0402754146950469 -0.219523935802384
0.0145467932945344 0.0491593924216151 -0.0795532106872653 -0.334977497688785
0.0571731634408952 0.0385765962012576 -0.260435483554491 -0.273337953637525
0.0736043031209731 -0.0103603321106312 -0.337465034754476 -0.125176344128956
0.0627030670356041 -0.055650647515059 -0.300373636612082 0.0162459886504913
0.0764221601977996 -0.0773415178763538 -0.211372266871854 0.127352304823237
0.0649673776933606 -0.091827144443161 -0.114650754113331 0.196051286530635
0.104952637874283 -0.0988666807942171 -0.0693689307092915 0.25016402757194
0.150855218960338 -0.0328422065247981 -0.0616590662150542 0.273957198042084
0.140618532921936 0.0308308119848742 -0.0792013985208965 0.296472502538255
0.111348151887142 0.0781393581663655 -0.110469888814687 0.28783196679986
0.103494898323083 0.150010085162211 -0.128164538793821 0.272275308136012
0.0709577718547318 0.217783193186435 -0.044677596507311 0.323642712214457
-0.0200960378605391 0.254080644995233 -0.18180383428555 0.188068107767017
0.00372632976324725 0.205032872844088 0.0621616295697214 -0.00755218039338579
0.0353925983489672 0.141577637977516 0.0536360361897515 -0.263148061317658
0.0967362278870627 0.130778253489179 -0.0741271493269928 -0.345777386667966
0.151726199102974 0.0769334527387163 -0.234102996331793 -0.269756804809122
0.167295623547887 -0.0106842098262812 -0.292906487266699 -0.139392118416136
0.143538014507618 -0.0842024818639431 -0.254501298702558 -0.0172459274970647
0.151276751264182 -0.109940248996393 -0.172578306167945 0.086681155277912
0.133103596591245 -0.128163306041945 -0.0670761405499863 0.150996035808712
0.187428859670863 -0.136693938498734 -0.00712294353364009 0.216845071013172
0.252925493554777 -0.0451018739253941 0.0121592081309987 0.272137596311623
0.25709043227424 0.0522178388859201 -0.0337003105869879 0.324040199155771
0.197445674168541 0.167327952484222 -0.102430476504419 0.301135080627489
0.122376971537392 0.275363869936626 -0.137083659456673 0.217356271525211
0.0554788415355403 0.341498610922331 -0.0377536525860726 0.202329416962443
-0.0699650583851498 0.327256166055498 -0.13532385228974 0.071028779500137
-0.0296662131603717 0.326504979993937 0.109164420058925 -0.0908434849744679
0.0695347414829054 0.261244394144881 0.0803270506783185 -0.307923904300565
0.184771027839365 0.196982094181618 -0.0560653649670609 -0.350458766736541
0.238343377060685 0.09783831321581 -0.18726489157802 -0.25717878900425
0.241285040465876 -0.0182259248113175 -0.22135376173666 -0.149732088985796
0.203076693169026 -0.10535866958797 -0.181777588147477 -0.0574756778929299
0.202009153885763 -0.125689769562067 -0.111587856557485 0.0351345945705833
0.181162124534832 -0.140731795217406 -0.00306254000997968 0.0925857964675184
0.240940729255485 -0.145683583035257 0.0658003691071445 0.165140805535351
0.312493251400824 -0.0451776097388203 0.0932597270917846 0.249168441107032
0.328032553958826 0.0672554633375255 0.0175630560866693 0.334580993872959
0.250057110711694 0.22841116315886 -0.0923557475067044 0.303773808719915
0.11831729083576 0.359317920156611 -0.152632987409512 0.155999538524255
0.0250995274803362 0.412367075583696 -0.0280604142755943 0.0613140378315189
-0.102002122694979 0.352059836859877 -0.0791702977943761 -0.0709834713615611
-0.0485837340668696 0.396207339603637 0.142818554690572 -0.189361772320061
0.0997688772936751 0.33915299090292 0.0988915380324066 -0.340440363290061
0.251167642455765 0.230409604129177 -0.0269864482845279 -0.334861057472157
0.29197775090158 0.0975821513577854 -0.112617356801494 -0.237678878401168
0.278777511522838 -0.0299188979761249 -0.126940840076483 -0.164494701627885
0.230215127839605 -0.114945464155835 -0.094578638108097 -0.1024238414174
0.222622406527934 -0.12180812272903 -0.0356824497677149 -0.0191886428284545
0.203799372724737 -0.127842348852246 0.0702591577426057 0.0334377549944584
0.26510892494537 -0.120391067889113 0.139388554849267 0.113187693788429
0.328895125888799 -0.016322647029893 0.165417623148935 0.220497822022927
0.339265362311294 0.0974837003589593 0.0587848220840513 0.330493669326329
0.243662914430001 0.270523065216493 -0.0848197504881796 0.288505185719558
0.0799337138848353 0.395740326667071 -0.161038267604668 0.0880863365203655
-0.0225835780815501 0.419366175174548 -0.00393111215283167 -0.0778464432748316
-0.112353491537036 0.317964310954074 -0.0297438213938688 -0.216462698239444
-0.0564007631259294 0.392929336750274 0.145978829649493 -0.284027329555317
0.109008501171161 0.347878202475794 0.105637915234553 -0.348243827469025
0.265195558484836 0.216806116864111 0.00708571275652411 -0.300910521299005
0.289646675067936 0.0784679900265198 -0.0264294454954864 -0.220468194828342
0.265139512633558 -0.0323318332922544 -0.0239524543157204 -0.186080178219496
0.220416131751775 -0.103737376814956 -0.00387104541838699 -0.148546807234487
0.211866791693496 -0.0966144305648687 0.044057042789812 -0.0666592714169546
0.200863275681185 -0.0913776308995726 0.145797415607167 -0.0112000459401424
0.254749035750905 -0.0686925563347618 0.208560414822476 0.0795686762629358
0.296533336021428 0.0313201196733763 0.219372920418378 0.206558104410358
0.29264911442172 0.137171192309213 0.0775435130643626 0.321187941235159
0.180649839429247 0.290189260446337 -0.0842040852224065 0.257495348139579
0.00593753275491168 0.381126876060424 -0.146005070898659 0.0187236091017289
-0.0820557145171362 0.365765727153266 0.0428836141321333 -0.194107302506979
-0.111395457342231 0.225708487605862 0.00769610027903863 -0.33845472377811
-0.0633636125032527 0.312235798289256 0.127710122406228 -0.348625350317082
0.0871650830704909 0.285266587514678 0.105722091153395 -0.333438521861582
0.214261088031671 0.160996456075287 0.045860532110984 -0.26335800039765
0.221881260155211 0.0519385902738328 0.0560579972067784 -0.212392324397141
0.201168913702975 -0.0274299984286704 0.0593841427320199 -0.212161838325633
0.172160673716336 -0.0758902260226416 0.0698720134874666 -0.186605500497698
0.167891816262326 -0.060104558502044 0.11510262661537 -0.103666158398882
0.165412242505658 -0.0495730941710715 0.214888777181123 -0.0390134086273176
0.205903765894667 -0.0192863381958288 0.269386206954079 0.067930910850372
0.223790010994861 0.0620100575777413 0.258698006042397 0.210056606853975
0.209805443844738 0.148701281916571 0.0905549188327766 0.31296872034804
0.0983066285572852 0.266618423527757 -0.0708619790908283 0.224866253720261
-0.0604563208279501 0.312282267194342 -0.102695600627292 -0.0301963453172501
-0.120633970309607 0.260617410122168 0.104880920932602 -0.269014637433467
-0.101045792565307 0.090965999186372 0.0213442785136533 -0.409704802416163
-0.068224515571411 0.176223070639406 0.094262674681586 -0.368788022786018
0.0395179268397375 0.16932053527344 0.105753141106406 -0.30870060885735
0.111371682812271 0.0800950649267259 0.0720205961473366 -0.243002852966967
0.105998267128425 0.0279152983542989 0.101396053592794 -0.219937713401134
0.101670336422886 -0.00303533368614621 0.103759647097604 -0.2338843866357
0.0980295440383158 -0.0279011555144404 0.115764273900776 -0.208137708407332
0.0984755955238925 -0.0147904150470288 0.166449766131378 -0.122056909371243
0.101823208218803 -0.0075284666312124 0.266738595431324 -0.0457080460605567
0.12435583696221 0.0127464504745079 0.312506670915373 0.0787927203046564
0.12734241588955 0.0579748816089027 0.280298796004712 0.226701906106502
0.119682638117778 0.117993900297502 0.0958946212747911 0.309756695480656
0.0280498111463093 0.199846808580102 -0.0502357518981824 0.203189200157393
-0.096111003353286 0.201783435629277 -0.0470527086430704 -0.0449907984910281
-0.12772704098809 0.122794318107337 0.168744232960881 -0.293177951736949
0.0862991056223905 0.0133135687200808 -0.156403643409188 0.317618058511916
0.0675467662818368 -0.0828756533504768 0.0456683517493108 0.0937089519281673
-0.026404813471435 -0.0943034226498889 0.039185713636663 -0.196505143605213
-0.0587770756942065 -0.0244394442605726 -0.101295025996313 -0.326085485413441
-0.0353134329052893 -0.00147092765045177 -0.291916012478446 -0.24989858849999
-0.0239121613286112 -0.00798180227876722 -0.359949651746372 -0.0783291508493144
-0.0266702669463978 -0.0186617248388172 -0.30934434821961 0.0649608013568413
-0.0122750042951636 -0.0329082306756576 -0.21030544769371 0.164280865002899
-0.0192253566187111 -0.0391324278630033 -0.122142816959278 0.22590747270403
-0.00490627353412165 -0.0503239900908515 -0.0879196026702825 0.266576051682611
0.0189164557912097 -0.0293200701971367 -0.0885405475237682 0.261664078391568
0.00118287052235247 -0.0184950762454559 -0.0816762783481512 0.269346767205704
0.0178066785085646 -0.0432383426879535 -0.0938747365289206 0.284940379509639
0.0857857832475775 -0.0135969214259301 -0.113492327906899 0.326024702013026
0.0867889561218317 0.0519968402962816 -0.0230450832731171 0.406917421605511
0.0461521129863594 0.143435726727783 -0.178384260885788 0.279402542323715
0.049033162513085 0.0608916133382075 0.03671646414109 0.0558772947795564
0.00951765685465781 0.0155418921989771 0.0259318816560905 -0.219646685713464
0.0189702986782719 0.0476736180414481 -0.102166820269046 -0.32893289938663
0.0611873903707161 0.0345224157929796 -0.276815581482551 -0.255656239209773
0.074607037336727 -0.0152676002804781 -0.344385452580359 -0.100895763153593
0.059654230624822 -0.0600585312964065 -0.298752743542271 0.0375396504199331
0.0718880588333824 -0.0834858735827267 -0.201537570648416 0.140967645327834
0.0597474798023002 -0.096017359973501 -0.100490696881673 0.203091025333455
0.0985971104293511 -0.106289205184965 -0.0517681189841447 0.255933952068622
0.15090359030746 -0.0436868764794136 -0.0436703140940997 0.27841023030866
0.143602674254122 0.0223771032108195 -0.0594196034928363 0.300122508308662
0.116681935522003 0.0720987941831661 -0.0938131451202055 0.290908486388217
0.113810229212023 0.143769292400245 -0.111501433247866 0.279403525382346
0.0844935502510821 0.213663994654124 -0.0231372048286989 0.327400390178951
-0.00503407387212825 0.254497672679648 -0.166768253856484 0.198170525982878
0.017948998089263 0.20548349696275 0.0644745176857971 -0.00816915918081908
0.0433469938027876 0.140248852207049 0.0361331452492104 -0.26339735227776
0.106028694937216 0.123177215917807 -0.0956765616775425 -0.34013124259722
0.158386290916401 0.0661875484678823 -0.250078532836237 -0.253440137630257
0.167646664464618 -0.0226146213553201 -0.299897596637511 -0.118058279276321
0.138175848014107 -0.0938718590238313 -0.254947500980264 0.0010414927830499
0.143586406179581 -0.121763076314245 -0.165936423903854 0.0985182485021472
0.125141389360268 -0.137729889807281 -0.0557024549126885 0.154476412203029
0.177806448641754 -0.14971629390751 0.00918002007838234 0.218504180448821
0.251471725093098 -0.0643032852574992 0.0300921187615774 0.27111809277165
0.26180629679452 0.0351192106508818 -0.0120539068744751 0.324438104996883
0.210180223229904 0.15556667723408 -0.0845358732050187 0.302989374959955
0.14163133669284 0.269851925241235 -0.123399947874586 0.225415737334026
0.0772001473825936 0.33847350339888 -0.0249791405438959 0.20676207778736
-0.0514477645087273 0.32973376422411 -0.128465617790165 0.0784962064340295
-0.00755568801724675 0.32935278815713 0.105881283924951 -0.0941719051919838
0.084339372249985 0.257206547379703 0.0611308251941975 -0.31010438020851
0.197279106597916 0.184066415827856 -0.0776131033620459 -0.345747338096034
0.245850218954761 0.0811562600210121 -0.200702129529953 -0.242818495221927
0.240223237215853 -0.0343639373091075 -0.228923561947714 -0.133230532637117
0.194838430504072 -0.119539652401225 -0.186210655300804 -0.0451887550540455
0.193211942895676 -0.140904950664326 -0.108096331509467 0.0423713831457846
0.172548524858107 -0.153638742991374 0.00376969612072091 0.0911079073938044
0.23092111219775 -0.162609476481573 0.0785538420043984 0.161121085491941
0.311954890841 -0.0680899773996737 0.110606592036705 0.242029602319163
0.332949738242939 0.0451485676971942 0.0408872969189387 0.332795895345212
0.265726631360579 0.21351993693188 -0.0735400719563772 0.305008308991361
0.142976427901173 0.353587773546096 -0.142039962213602 0.165215391108148
0.0512640918586434 0.410437009933682 -0.0250596726889474 0.0650563384941941
-0.0803362150830544 0.355429508070151 -0.0804731539725063 -0.0666452133519523
-0.0224254637365434 0.400231461207694 0.132918671322136 -0.194108589318293
0.119341536813997 0.332691188279731 0.0778676502788911 -0.343395251464553
0.266392501445461 0.212526477922941 -0.047472129098004 -0.331841698054177
0.300353723138493 0.0767480305563424 -0.125238957188256 -0.227787442872941
0.2758241314863 -0.0487020361333298 -0.135180301932461 -0.15495987033469
0.220671224457714 -0.130779673437074 -0.101939441541658 -0.0963695666823643
0.213576213350879 -0.13899028148633 -0.0361241692105199 -0.0159980911058429
0.196234667803527 -0.142531672924662 0.0729661231196224 0.0270455092596367
0.256307698578599 -0.138843705175939 0.148805177348746 0.103142265768809
0.329158746414106 -0.0408929855286499 0.181671719073612 0.208657534230511
0.345858518567073 0.0733847283344573 0.0825608420482325 0.326453166494844
0.262969315700793 0.254361229558865 -0.0668166977571995 0.289586762326318
0.107204239525952 0.391752300163473 -0.154118455360075 0.0978683736041596
0.0049375492693585 0.419820808018069 -0.0109824527389717 -0.0747408145093039
-0.0928168227935789 0.32268403527717 -0.0410133679567921 -0.214999397678146
-0.030284147494419 0.395815779665938 0.130350609702589 -0.288783312462065
0.129961680081567 0.340191715246565 0.0838003274381003 -0.352216368162261
0.278649995709744 0.197893661568972 -0.0102620843876722 -0.299454714327477
0.295306393939103 0.0574822207793647 -0.0364609868532848 -0.216160777599816
0.261773585850813 -0.0505024286088931 -0.034593757917809 -0.184854481313084
0.211129581901671 -0.118839728837585 -0.0149945011518081 -0.148125870861019
0.204662912940596 -0.112289817507486 0.0407840074849363 -0.0691964256587175
0.194738634962431 -0.106496581671087 0.146231329151893 -0.0228286471253282
0.249705152172894 -0.0868127415036713 0.21581104126383 0.0645908654091597
0.299757229043579 0.00875659318928305 0.234695121893119 0.191385007839932
0.300720214475139 0.116056751345477 0.101185921141606 0.316606873625384
0.20075887602309 0.277044727626488 -0.0665576651498885 0.259253643988627
0.032157543894846 0.380253727035691 -0.144102867327801 0.0279493276157049
-0.0569885925164809 0.368729015068665 0.027512437288619 -0.19303966452071
-0.0974925083806394 0.230267952591296 -0.0121268677406904 -0.338474257291843
-0.0420464465095197 0.315193300927816 0.106545829154658 -0.352416826988249
0.105015636631108 0.277965888930969 0.0846989247496114 -0.336659144624236
0.22377546303053 0.146119384698763 0.030004611880369 -0.263821364869761
0.225071782053059 0.0363387984468318 0.0464661576076097 -0.214124296617904
0.197627542488582 -0.0409429856978991 0.0466766492679477 -0.215921335495932
0.165300896513394 -0.0872842084424516 0.0553031224183004 -0.191164964519245
0.163050107820502 -0.0727417933296365 0.108470541788464 -0.110137361121767
0.162108578493349 -0.0620688777159091 0.212826588140287 -0.054682030495781
0.204220553356896 -0.0338966244985409 0.275020084814263 0.0488740387335663
0.227451691115598 0.044731045692988 0.274185235331018 0.191550456739294
0.218447581832366 0.132602646862435 0.112892412350732 0.307355752363093
0.116228015023476 0.258460522263954 -0.0554661758425166 0.226974658150286
-0.0384986468259289 0.315682261159924 -0.104790304231329 -0.0238752126595118
-0.102633353318008 0.266387683268847 0.0838016981393882 -0.271768501515819
-0.0953640497789821 0.0963968855083498 -0.00385749615847878 -0.410688954965461
-0.0553392278466379 0.179463119252516 0.0722616881810479 -0.370940024282211
0.0494724027657819 0.16543494956663 0.0874632077882721 -0.312483605186452
0.115719579608052 0.072294592123215 0.0576962751734106 -0.245449598438898
0.106479711271183 0.0202591376911991 0.0900248391495603 -0.224749039810183
0.0996692891459492 -0.00983499473353961 0.0885445448439798 -0.241571627832417
0.094520761758372 -0.0340520858896324 0.0999732992499342 -0.215604800593147
0.0973650431697115 -0.0221861255095218 0.157954516775187 -0.132266900420582
0.10089589016287 -0.0151274694376591 0.263132239194175 -0.0644077131180571
0.12441243320257 0.00436256032234211 0.317865652054442 0.056293145159317
0.130302830743432 0.0481844277877862 0.296288315277339 0.206661368470031
0.126375049138678 0.1082067483434 0.117780138923086 0.303749928245576
0.0416044428169366 0.196765244533241 -0.0358923920107864 0.205387415658012
-0.0815481836233916 0.207002269938734 -0.0508268304550063 -0.0417755643371338
-0.118769431981133 0.128274607875699 0.145395211130065 -0.300408779329588
0.0869066513922706 0.0103426189741747 -0.138466840304391 0.325858637360586
0.0646865431403545 -0.0865742636859708 0.0534172876601771 0.0938105790969403
-0.0301005492835544 -0.0910252687583096 0.0291104509706042 -0.197124912785302
-0.0590478294622633 -0.0215205170481016 -0.120581497626609 -0.320188314760299
-0.0335886711040766 0.00032559498481118 -0.306796068931644 -0.235573894231148
-0.0221406986901754 -0.00660048729696384 -0.364384001228539 -0.0568397326944291
-0.0265025767888244 -0.01718047815932 -0.305081038187435 0.0843245649551178
-0.0130569087254523 -0.0330975033118651 -0.201594321519339 0.176690818129263
-0.0198038426689263 -0.0377495923614724 -0.10914363914734 0.233995997489468
-0.00763398719300007 -0.0502417165262191 -0.0726996516663718 0.273760596012004
0.0185488064564888 -0.0307898428674362 -0.0760487544175444 0.268262954770946
0.00165099345187083 -0.0173847467726387 -0.068807447137366 0.272076499356918
0.0161658536574475 -0.0433736647386122 -0.0823246774422054 0.288156834507634
0.085833504358228 -0.0185802095414667 -0.0983126894315606 0.332055706949615
0.0895580262661048 0.0479583876846663 -0.00118176880350707 0.410301161520903
0.0530444517396836 0.141850453285075 -0.162298491043328 0.288818076326319
0.0537826779741279 0.0582630266622855 0.0427715538958482 0.0568762450120943
0.0100477649747438 0.0164425021722327 0.014997329483542 -0.217798576277999
0.0219944633863506 0.04652809249793 -0.119486216416286 -0.323168632191035
0.0651239854053959 0.030302549736685 -0.290734723850134 -0.241865420779437
0.0752725925809515 -0.0198089765636627 -0.348924719185791 -0.0808443713394933
0.0570870014139448 -0.0636403495054144 -0.295687199700328 0.0559591424848539
0.0677383835601045 -0.0887802827665181 -0.193839905687132 0.152990777030494
0.0556681825664092 -0.0999406299704797 -0.0881230751032213 0.208743560705814
0.0923528061702896 -0.11231951251566 -0.0357248543420214 0.261400903999911
0.15039757695957 -0.0536485865068227 -0.0289035991919138 0.282609359741037
0.147537339782197 0.0147958986936755 -0.0436649858294554 0.302401218117797
0.122108583457512 0.0677130728253466 -0.0815178193278891 0.294225088622138
0.122303134219153 0.13899662353137 -0.0974595000241382 0.28551086164822
0.0961073793607891 0.210165495680834 -0.00563928049423376 0.330128972684402
0.00653184203719208 0.254380590470746 -0.15472150635932 0.206838725311955
0.0295924282951499 0.205329611733227 0.0671869033468798 -0.00832772518279183
0.0497547857228761 0.139055475544287 0.0237670554315733 -0.26213167918157
0.113372537339409 0.117149590429445 -0.114090423515554 -0.334382273386291
0.164244911730222 0.0562724650938719 -0.262511263068385 -0.239995456445166
0.167928033292953 -0.0323022500412105 -0.305603395789407 -0.100519294070869
0.133097422581197 -0.102730797969205 -0.255397595561066 0.0162102996339055
0.137034023263182 -0.131876238832161 -0.159987277542223 0.10768051974982
0.118618518565037 -0.14601040983111 -0.0464518312876506 0.156843949978856
0.169748759423623 -0.160606733043575 0.0229417029592542 0.219056554250974
0.250807364153189 -0.0805890620240844 0.0461009229316903 0.270772606225157
0.266131996496176 0.0202673768960321 0.00566403820180829 0.325611924250226
0.220427496055836 0.145914178498063 -0.0714646077624169 0.305121830720138
0.156947297810949 0.263988551666408 -0.111233560010716 0.232075873349796
0.0956126356413986 0.335181935767853 -0.014483324961837 0.210573199471107
-0.0357315467741201 0.331417001321649 -0.121834001419363 0.0847924550953951
0.0111899804664882 0.331312688931081 0.105379751897095 -0.0957353197584929
0.0965336639255139 0.254883486336219 0.0459984342981487 -0.30991421330164
0.208075711008585 0.172877192090092 -0.0959040122089607 -0.34088897977521
0.25281513224478 0.0667911575168549 -0.211526305949753 -0.231354199805738
0.238956790388875 -0.0487899007217721 -0.234161445040947 -0.120789432710066
0.188595139264946 -0.13120994780372 -0.189089938783037 -0.0339030553034587
0.185570256220384 -0.154047399259596 -0.104692473460055 0.0489070122084817
0.164611315028942 -0.164796993356243 0.00960106336892342 0.0902240645930584
0.222454725323822 -0.176706889183148 0.0899836125823905 0.157393693436392
0.310288420983834 -0.088764429329159 0.125397823662674 0.236790751122447
0.337931154559982 0.0257550803482251 0.0607656430662611 0.330815141150713
0.279871535298113 0.200061266161361 -0.0594473198262215 0.306206539990641
0.163998202326372 0.348853242340675 -0.1328200521606 0.172507925900688
0.0734815951398885 0.407785616559666 -0.0224990429352255 0.06966240820646
-0.0636396850038427 0.359567815141016 -0.0817781815664016 -0.0636152785174684
0.000125983905552788 0.403046714742591 0.126910769717627 -0.198031001939744
0.135828620355598 0.328262176429223 0.060477387113121 -0.343857306780555
0.279106138516169 0.197829516313325 -0.0641551675151422 -0.328647575936009
0.305955655869543 0.0585417284609037 -0.133796762684709 -0.220290096498661
0.273611770458154 -0.0645783594730172 -0.14148170334439 -0.147612405885457
0.212780842209725 -0.143899425395294 -0.108828257043881 -0.0898285243772586
0.205617282111732 -0.152944164330766 -0.0358694830639503 -0.0135669244285829
0.188675222091958 -0.155149828724869 0.0751867422200841 0.0212419216736691
0.248795204643028 -0.155303474736279 0.157084332041631 0.0946110259055712
0.328976996586639 -0.0626589787319953 0.19481607691943 0.197824561580745
0.350727176170257 0.053226505840278 0.102124442842567 0.322358207364572
0.279179624159101 0.240847199172751 -0.0531341143908406 0.290450563228482
0.130304066174026 0.388645148649324 -0.148893021243184 0.105231290527733
0.0271196968588291 0.418525478850753 -0.0159984664447041 -0.0711044655820571
-0.0770465518903605 0.32685961446411 -0.0504671251712402 -0.213951007251105
-0.00782360081816744 0.399006311718584 0.118647606555216 -0.29268223953966
0.146439686226323 0.334359811112609 0.0658079204647002 -0.354102891832086
0.290621808120089 0.182068630294013 -0.0248042952162408 -0.297517164886511
0.299163996275916 0.0397077956277219 -0.0438558667401572 -0.212606866392829
0.259513270777801 -0.065573635566651 -0.0418789508917038 -0.18364843768505
0.203917802630296 -0.130783788980208 -0.0242928010202053 -0.147596609393539
0.19779186640744 -0.126101079410072 0.0378635831232888 -0.0712819709388258
0.189199319019354 -0.118338054405852 0.145062832573031 -0.0327793096766165
0.244898414002561 -0.101656371644888 0.221216834214271 0.0515792963851047
0.301037871465579 -0.0108760412828868 0.247326934429696 0.177513989380732
0.30717153857632 0.0979680005254922 0.121170558379332 0.311104787313444
0.217423181447686 0.266249295098328 -0.05356206668313 0.259849829427213
0.0547395154084201 0.380430847729678 -0.142639775817999 0.03517542920478
-0.0369993509562613 0.370252806150935 0.0148646713480537 -0.191135429491148
-0.0857836412304718 0.234266749631634 -0.0283150383225511 -0.338933503165802
-0.0242478608213084 0.316736284662638 0.0914673792063827 -0.355553293051147
0.118983587313065 0.272622093419486 0.0684003190992506 -0.339081103339444
0.232105993412606 0.132979449191425 0.0169845666300502 -0.263049012044006
0.227163036810007 0.0222760499033102 0.0389391211265607 -0.215522783671162
0.195161948904831 -0.0517122532990086 0.0365817838729522 -0.220555896685769
0.159422475116434 -0.0967072059218087 0.043700491409382 -0.19384912381097
0.158731168378629 -0.0835014620252907 0.1036830832059 -0.115521337600699
0.158250741586272 -0.0719180995090221 0.209825713135795 -0.0677479604521028
0.201535215042078 -0.0459199654937122 0.279698839815108 0.0318695850917165
0.229829829851066 0.0295972040573747 0.286182490857562 0.175393229718744
0.22490009902598 0.119655932281195 0.132616638967241 0.302317233860462
0.131621781110943 0.2516260608405 -0.0428365619177954 0.228002679964256
-0.0208058354624341 0.318781109534678 -0.106375482405041 -0.0181125877362096
-0.0883760344825189 0.26924649141699 0.0666369638621281 -0.272659581112147
-0.0903560375176503 0.100495744753023 -0.0242320105754059 -0.410878200214186
-0.0462277971876468 0.18105138327263 0.0547499590247596 -0.372269539016057
0.0580853193298378 0.161882081295974 0.0722819765053654 -0.316029784582511
0.118809261467922 0.0655737623072311 0.0460626421409681 -0.246181698620695
0.106939767569449 0.0131228933566713 0.0807235797142504 -0.229589208605436
0.0988852917730327 -0.0144588674112488 0.0769115429752374 -0.248288350611192
0.0918483181184424 -0.0391380223584518 0.0863051833810851 -0.221783240430251
0.0959685185808135 -0.0281533723951224 0.151810202770174 -0.140726923646161
0.10047976399551 -0.0214478929857178 0.259358503296408 -0.0806342024461486
0.124587666408592 -0.0032468221964513 0.321519779215993 0.0374376965116717
0.131862715340679 0.0402625484216568 0.308614847515934 0.189179316590733
0.13080153355384 0.100034641725748 0.136704142724614 0.297437779564406
0.0521097101963596 0.192726630081374 -0.0243935595793663 0.206673025641264
-0.0692466222303238 0.21019539910583 -0.0542654943216509 -0.0387903560121926
-0.112112895021616 0.132384963148101 0.126249761047028 -0.305624760904671
0.0880218806589679 0.0068696591882872 -0.12139384741079 0.3343574008783
0.0620355115251936 -0.0907685468280564 0.0621034401794142 0.0931869391918617
-0.0338442772460263 -0.0893720588342936 0.0196203416588699 -0.197216267972412
-0.0593316361845751 -0.0176798702811439 -0.138496772801499 -0.314089812394419
-0.0323432535044899 0.00185374213271626 -0.322727014110107 -0.221286276891212
-0.0207484962184287 -0.00593419755517117 -0.368721701443144 -0.0359012186921852
-0.0258128181301692 -0.0160425944664183 -0.300667338398534 0.103903622621641
-0.0138462201168248 -0.0334996801732564 -0.19354267202096 0.190153125452991
-0.0205192551509279 -0.0365545357893236 -0.096027364938851 0.242465632589889
-0.00998814532075995 -0.0498618554067338 -0.0565510155690968 0.281476212173038
0.0178150267178689 -0.0324676228275893 -0.064416807800568 0.274548050600032
0.00353935851816704 -0.0166851616714268 -0.0573268465076638 0.27532816442212
0.0146949114257877 -0.0431152870501856 -0.0712924205016463 0.291664113365686
0.0857122217726638 -0.023039913518308 -0.0834006797745649 0.338772866280038
0.0924983364270488 0.043531848992462 0.0223953522238243 0.413231118682337
0.0596584079327429 0.140529460513578 -0.146999726842399 0.298466493565707
0.0585230064060018 0.0557092391405697 0.0500635303274021 0.0567874864061161
0.0113731545886819 0.0165759681453386 0.00448253000608334 -0.217978636374946
0.0259607826627758 0.0446842776750032 -0.13662001417632 -0.317833790325223
0.0686925925614873 0.0262019404058657 -0.305701703990614 -0.22818250244217
0.0766846648179195 -0.0250895812802052 -0.354490935850567 -0.0610151040137867
0.0546666621075189 -0.0676691070221493 -0.292542564044004 0.0746764962422907
0.0634239796800977 -0.095079508410592 -0.186441940469589 0.165279477740883
0.0517268193060081 -0.103782505407932 -0.0766412238746019 0.215531521886789
0.0874041906681877 -0.119037175451772 -0.0203814653140013 0.266514470917181
0.149604834362389 -0.0638981031756143 -0.0147505099791683 0.286571182737055
0.151696220826158 0.00701538779743419 -0.0288097719109215 0.30497201467195
0.127663753676802 0.0629517318554822 -0.0704730629042901 0.298144785275804
0.13219844302938 0.135091017502658 -0.0851072922976356 0.291364373661999
0.108398542412572 0.206453069631808 0.0122914245563253 0.333845207129842
0.0173932644593097 0.255950804333272 -0.141923281608498 0.214498394162635
0.0425772333201181 0.205826332782459 0.0716771935053387 -0.00903332059571906
0.0573261149605045 0.138457808657173 0.0112094919420481 -0.26173916321903
0.120909197202493 0.111084568716889 -0.131065083356911 -0.328995177078787
0.169799310766046 0.0458959779816981 -0.27614608754892 -0.227864832438082
0.168495597031569 -0.0427845042436007 -0.310785033177921 -0.0830377565864178
0.128099786027284 -0.110571893622724 -0.255047178788824 0.0308417785894325
0.130465242766302 -0.142599702849119 -0.154911196881119 0.117829453929877
0.112068840292834 -0.154471759751478 -0.0380297327634812 0.160629795623307
0.161855468738269 -0.172127415485115 0.0381525840769439 0.219849390051722
0.249126697257814 -0.098324836415662 0.0617378503978564 0.269993509094761
0.271775841977936 0.00577795238314598 0.0237605046883663 0.326318280866314
0.231428635655817 0.135913504771576 -0.0593326372986017 0.308855345001135
0.172620024434813 0.259477593147857 -0.101188351235133 0.238759688998248
0.114377298010796 0.332209906921453 -0.00409194647494435 0.214398635494316
-0.021592558266136 0.334700224856557 -0.115984262250031 0.0902317469069955
0.0287227723116309 0.33302078202347 0.105632552783958 -0.0990032074501732
0.109918385008184 0.252786546610257 0.0307452830435929 -0.310997395844716
0.219332546069143 0.162332382633624 -0.112711408043595 -0.336082202441536
0.259991583647456 0.0514270049337381 -0.222317755326388 -0.220880507911576
0.239150924616054 -0.0625393718564209 -0.239710470446391 -0.108332958942093
0.182168028233994 -0.142499993407881 -0.192356617958393 -0.0231828306116974
0.178136034646814 -0.16747068788822 -0.101968631992925 0.0549243245593462
0.15725894716653 -0.176718817165698 0.0151662209704835 0.0887351965675529
0.213700873070592 -0.191567712456318 0.102077388761489 0.15294293695944
0.30952234631697 -0.109674937129815 0.1413034293659 0.231028643600315
0.342315085336215 0.00653412293257365 0.079587574084276 0.329637659105353
0.294627987325822 0.185475911118411 -0.0470144650236992 0.30900204047081
0.18608347260565 0.344374262203002 -0.124786925683863 0.179337868104909
0.0951532757109733 0.40557712137772 -0.0194050051722338 0.0747215807677785
-0.0482530411704799 0.364762466473657 -0.0833218101787076 -0.0598101121671177
0.0215048486214525 0.406970002592646 0.121645511402642 -0.202545537892614
0.153154521780552 0.325417955094249 0.0457545810223864 -0.345975384419297
0.291733512100073 0.183308428429984 -0.0803105280272638 -0.325078250993269
0.312930262258448 0.0402076734506299 -0.142228935154265 -0.213181731716862
0.272544754314957 -0.0805077966439895 -0.147736905332229 -0.141638121416801
0.205773257533052 -0.156553045213857 -0.11505678334396 -0.0848706552904383
0.198524384096401 -0.167708244901427 -0.0354591205136194 -0.0118377818301004
0.18196848798459 -0.167651171993776 0.0773809463753698 0.0161853188229286
0.24205336007007 -0.170846667239325 0.165584371876798 0.0862830105992673
0.328062859418167 -0.0852433496530275 0.208396366739067 0.18828049209539
0.357389567849352 0.03265626576177 0.122575356126067 0.318891774587631
0.295793912491431 0.225539481775821 -0.0396141720537398 0.29255800133654
0.153917990881931 0.385832024714994 -0.144137326323631 0.113150767511543
0.049386600068642 0.419212622271769 -0.0209776635698799 -0.0669937170812784
-0.0639815879029891 0.333773753643914 -0.0594553606331833 -0.213107028471793
0.0132283351515122 0.40096729593911 0.109055095307139 -0.298516438559801
0.165815330584654 0.33107413744556 0.0498215368300373 -0.356022036654418
0.30277289335643 0.16660472312713 -0.0384280052609891 -0.295542753968907
0.304556932004657 0.0215619266878678 -0.0506545408576331 -0.210762752836804
0.257790069453088 -0.0810757158177211 -0.0499532560226267 -0.184798988616978
0.197583137843779 -0.143091377776653 -0.0337723165970507 -0.147274205204964
0.192910897777858 -0.13928697174254 0.036389630564671 -0.0733260745011417
0.184332668120867 -0.131179141089518 0.144252312194031 -0.0416567033752241
0.241107844478426 -0.117727616149543 0.227046602803286 0.0379788759581713
0.302353347805944 -0.0300460652673324 0.26061450084861 0.164024759640824
0.31432791495963 0.0798571088014607 0.140318784046113 0.307913900118371
0.235276338226505 0.255259432373541 -0.0408372884666913 0.262339580310783
0.0771589809379681 0.381520735696891 -0.141437021235419 0.0424851024811447
-0.0190867002513636 0.373097709424443 0.00334905551060487 -0.189422518581161
-0.0750300869157631 0.238866702285871 -0.0445328304120274 -0.339440225918033
-0.0073435291601685 0.320609062955491 0.0778869885140442 -0.35973713108482
0.133652265527674 0.268149953286258 0.0531487925801964 -0.343651755818036
0.240610537740593 0.120771467102376 0.00554100801203853 -0.262487114808874
0.229727801400873 0.00881536477178049 0.0322367800362108 -0.218354677499158
0.193114466309284 -0.0628021691347966 0.0262449937298436 -0.226715810189168
0.153827139637334 -0.105769675039703 0.0319396646313635 -0.197777748330637
0.155328815472322 -0.0945183256130551 0.0997707503629776 -0.121660447999526
0.155185460773143 -0.0823670800677343 0.207903287597141 -0.0817416945204468
0.200082719489599 -0.0577564775362501 0.283277554825173 0.0155178617429561
0.231737474002815 0.015859662711847 0.299282132949291 0.158952610458367
0.231244569453471 0.105733363370622 0.151498131054247 0.29771613182219
0.145418778359129 0.244754634307888 -0.0309661305169261 0.229875045748558
-0.00227721139871078 0.321618255528627 -0.108296836512013 -0.0123357513948394
-0.0751662947376642 0.272469977191707 0.0508457637481293 -0.274716403729181
-0.0855157926375938 0.10474284235214 -0.0458534992935755 -0.412945755814097
-0.0367246384233288 0.183161784038301 0.040175579808817 -0.375303183183171
0.0668721681699185 0.159104610445595 0.0581404529298626 -0.320106667755912
0.122198829255137 0.0593154694632923 0.0354602093371047 -0.247401979360813
0.107395956942488 0.00636345777476567 0.0731582162857766 -0.235703340329745
0.0975354247309189 -0.0192295735147758 0.0637435345305811 -0.257187478554011
0.0890832556466915 -0.0431652471845262 0.074128569932175 -0.228314367014157
0.0953855558588774 -0.0347650874274546 0.146903526878628 -0.149454640831406
0.0996324149384099 -0.027785777464262 0.257144218695636 -0.0961456149728537
0.124832555612989 -0.0100282232029521 0.32614730152351 0.0182186856641797
0.133204516891942 0.0327287388350471 0.320934857644005 0.172339921099754
0.134853374873634 0.092502150692615 0.155394784607816 0.292743139060281
0.0627320792849621 0.189995151470021 -0.0129947090060556 0.207077035492635
-0.0579219130522589 0.214321010797087 -0.0574670463119711 -0.0359021484831925
-0.106231529404127 0.136452013939035 0.107925205559631 -0.310631733070949
0.0823130744160142 0.0174881696298342 -0.17051453747622 0.315121614543513
0.0724523736781488 -0.0800458058248079 0.0546511234344346 0.106430999640233
-0.0158582358225774 -0.0900208511051713 0.0559028054967998 -0.189389468540478
-0.0489571725946026 -0.0244110575709592 -0.0889322188455885 -0.33253551236144
-0.0247184476006761 -0.00306366791800366 -0.285891606613178 -0.26927609246597
-0.0141566163775534 -0.00964306015605914 -0.360912946392998 -0.0952203139927433
-0.0206908667564686 -0.0182638424660762 -0.316982827185387 0.0552971031577338
-0.0072161039802953 -0.0365773613863953 -0.222597598870218 0.156592115692632
-0.0118983001405953 -0.0401745195311292 -0.13356563354564 0.224839638859001
-0.000473480666725212 -0.0506763717221012 -0.10273422250248 0.267434194956807
0.0244699212176529 -0.0290655746386359 -0.110732627342114 0.261543368830301
0.0100851760466955 -0.0139943597122669 -0.10628769611163 0.261436296511731
0.024415954750853 -0.0365838013352253 -0.123529696989241 0.277879803143105
0.0917800778937314 -0.00569189727163517 -0.142503489172915 0.329783379243087
0.0842205094462677 0.0594220327830053 -0.0530637442053411 0.428075913993805
0.032274473290381 0.142621544583669 -0.191066049910042 0.277001247561306
0.0482273021232415 0.0623654202396634 0.0426594884835761 0.0681315959767804
0.0113724613435985 0.0200672217196098 0.0404125909980306 -0.210500773165188
0.023065094492924 0.0489801186986514 -0.087087883274127 -0.334024061955264
0.0698881235340119 0.0360329914192592 -0.269537472784458 -0.273439378758694
0.0843050753771676 -0.0126739887442153 -0.34220370675656 -0.116141176691365
0.0664187337808446 -0.0574902538006919 -0.303700622303567 0.0273193072641154
0.0801444087283808 -0.0868100677439313 -0.211875438774319 0.133414130000514
0.0705586913692897 -0.0956817191151903 -0.109682933899692 0.201191809477799
0.106578847292144 -0.102799761103455 -0.061769475577293 0.258365568805185
0.161271724545061 -0.0387789676007892 -0.0572993545353264 0.27976334845274
0.151669739754874 0.0357440833091337 -0.0782324741527708 0.296770391846718
0.116954697918586 0.090648843966698 -0.119555031544659 0.286934083895974
0.108659987251905 0.159963038443058 -0.137424519414531 0.283869191093979
0.0713134245101617 0.223689099488376 -0.0481669314474073 0.347074235826978
-0.0267593006539359 0.248171708881327 -0.174413747138831 0.196271982453899
0.011130613802127 0.207104378106481 0.0692629717042955 0.00462611285262503
0.0371485502962906 0.147105913201735 0.0500715955387238 -0.251497889415721
0.10385788190344 0.127114121270407 -0.0795098426463505 -0.342418255623932
0.16553040957321 0.0720907843504137 -0.240297615394598 -0.267803454374282
0.176716545041961 -0.0157360286190154 -0.295982537198101 -0.129521879486063
0.144366952610529 -0.0890700543559078 -0.258751143944408 -0.00979805261355971
0.154978266754993 -0.123830293036052 -0.172328770352964 0.0912874173960336
0.139498391312078 -0.13423196318861 -0.0614541307891992 0.152924740865303
0.188755478310305 -0.143611395583622 0.00624513205838862 0.221783172221783
0.265583638636132 -0.0556177949140315 0.0245152957499158 0.274661822501933
0.268945407511528 0.054819590898714 -0.023867573764846 0.326731028231849
0.207738482251758 0.18234602722246 -0.104947524077215 0.301304086273979
0.127531993777565 0.291909186626309 -0.144632819234599 0.229761156350616
0.0532052984013051 0.350172415538046 -0.0422761074943865 0.222583141196054
-0.0779461756485859 0.320571440782421 -0.129582526887567 0.0764050098523374
-0.0196145468076984 0.331612970637913 0.111569101739655 -0.0811676786234531
0.0714035746444601 0.267738432369638 0.0733511530067974 -0.295377975401428
0.191204125903168 0.192028735893111 -0.061605367260677 -0.344561601047842
0.251875973286225 0.0911905232654909 -0.187936308278799 -0.252593799019639
0.248141741960128 -0.0236652456662252 -0.221640706436362 -0.141945976698796
0.201395166072952 -0.11241651392131 -0.186616040325665 -0.0537267813484692
0.205839010506368 -0.141711600128363 -0.109250222714472 0.038354336336076
0.187182403763825 -0.150027834275032 0.00289279524556027 0.0912375535704205
0.242468822315326 -0.154642892965812 0.081230514975252 0.166103840091351
0.326922201090461 -0.0579547789034966 0.112914900542007 0.248573095976841
0.337518911381466 0.0670906794234344 0.0351998268303051 0.33976517604918
0.261020025463948 0.245078461441838 -0.090297650350455 0.304877655645664
0.125291115230189 0.3786383028785 -0.160008043465085 0.166735028640929
0.0219285307652997 0.419859339116372 -0.0330628553000195 0.0768162798306553
-0.105862165430232 0.345752543973012 -0.0742218440850591 -0.0687840591247515
-0.0351967528421384 0.403251885798933 0.14131906585681 -0.182030685922382
0.103768044546187 0.346458798186337 0.0909766438300299 -0.326784096561895
0.256894412103552 0.224006399382369 -0.0312912356840503 -0.32603887866547
0.303248168598254 0.0888253829714481 -0.11025170099354 -0.233320616795958
0.282582308836324 -0.0351155292107469 -0.125001819811331 -0.160275983988884
0.226088324071872 -0.122810073168939 -0.0985649071952787 -0.102436681138974
0.225926257560617 -0.13797578032721 -0.0316995744051659 -0.0170180599306726
0.209061690271661 -0.135556944412485 0.0769200199083248 0.0284223118982377
0.266094814419046 -0.130134347678029 0.155711896579392 0.111031289705075
0.339999103659163 -0.0306257399259555 0.187949703205133 0.217703573316138
0.346343672742701 0.0941073917806479 0.080089706842836 0.338030154316786
0.254686430141523 0.284469791981157 -0.0798009598821967 0.291305502091158
0.0858956729591546 0.413905383859793 -0.168295231270938 0.0962117038676954
-0.0248095844297445 0.425327493332897 -0.00951770283885155 -0.0682640373179869
-0.113441443719327 0.313534845149157 -0.0270821206677236 -0.217421518962845
-0.0429755297828058 0.397154690000927 0.143435043132983 -0.27950626274983
0.113683343548518 0.352615265224802 0.0964288128682614 -0.33588223905476
0.269084532887047 0.210005880616693 0.00603543644867295 -0.289548552746758
0.296926824295983 0.0698772566323823 -0.0189128194220483 -0.216670749321265
0.266657686929043 -0.0370545215982897 -0.0202059691235979 -0.188493781580278
0.214826033234946 -0.111007574611432 -0.00779166141465742 -0.151632612869099
0.215055313564674 -0.110582097107655 0.0491564137340771 -0.0664155142146905
0.204489882897357 -0.0989450699375263 0.152321941539846 -0.0180251092177892
0.255821751410782 -0.0776766691970605 0.224379995020675 0.0743531650623447
0.30495059302135 0.0191991593160633 0.24192843131738 0.20384839153572
0.294678600908482 0.132401043044516 0.100041635593364 0.331368931879471
0.187785209518388 0.299753338283532 -0.0768888686056819 0.261579405689194
0.009429893380638 0.394674864750088 -0.155127842281654 0.0244598750843866
-0.085714608195471 0.364966552810646 0.0375510098559756 -0.188725353965574
-0.108715602732083 0.222097214591763 0.00665283038113698 -0.342448511183384
-0.0494992114462379 0.314314249489334 0.123284947757375 -0.346104936607347
0.0928597031915876 0.28648806699058 0.099562736556105 -0.323618271097435
0.215144832297458 0.15505399648162 0.0459047170507184 -0.252334000055828
0.223585787775683 0.0465815215625588 0.0650823510990677 -0.21067863547611
0.198957243031848 -0.0290499835762836 0.0626223436107734 -0.220219919634499
0.165899498940398 -0.080613251425833 0.0659941116238969 -0.191898961524757
0.169999232943911 -0.0707456281761146 0.120015679588527 -0.104129605197326
0.166724375380744 -0.0540892221593177 0.221272229532708 -0.0461710901987387
0.206086406939531 -0.0256716832254763 0.280731829622607 0.0619943583286968
0.225971507290709 0.0536946996407331 0.279191419425987 0.206057541789905
0.207952610998343 0.142643688556275 0.110065799919792 0.325027807420897
0.0995951892331651 0.271890213226568 -0.0641827403551283 0.23016133297552
-0.0592268161945365 0.318316849229896 -0.113123012191239 -0.0268843373563079
-0.124211961656431 0.255253589391638 0.100164477174456 -0.267191692457702
-0.0954216834830434 0.0901397473447609 0.0170234279209026 -0.4174264963523
-0.0579966355003673 0.175619800245983 0.0924896633280859 -0.368023260440789
0.0439136684852333 0.168678927514754 0.104923794791509 -0.303992717483209
0.109925415826314 0.0781621518577325 0.0745114528134968 -0.234357153589547
0.103650108287051 0.0264554031414254 0.109692100227938 -0.222567565677862
0.0983184106048008 -0.000647053309518306 0.104583650648956 -0.246941324009542
0.0928510754300796 -0.0289986057152425 0.11357437513458 -0.215178752879238
0.100765332547003 -0.0207350707995331 0.170873017001509 -0.123799971753043
0.101699310004513 -0.010112249354306 0.271293863085593 -0.0530913982310422
0.123662348422316 0.00912764459079529 0.319892053395515 0.0722974338221487
0.12488223420649 0.05446960489188 0.293339595904079 0.223025160161749
0.116295337781685 0.112601307918939 0.111024200947068 0.321203741209013
0.0278023227109106 0.200933577779987 -0.043962089244134 0.210625301760617
-0.0955720328809239 0.200849506184358 -0.0578752463549194 -0.0440072420221648
-0.131513928720838 0.114361372417188 0.164871330119774 -0.294158797967093
0.0824101040325303 0.0139028349760659 -0.151776735143247 0.322780505272619
0.0678569577189405 -0.0855237948930472 0.0640908213668148 0.103736437520898
-0.0199166043991255 -0.0883538512057468 0.0481118933923777 -0.190047136926596
-0.0490060634609453 -0.0215960664017069 -0.104989332063262 -0.32378771758594
-0.0233376779229741 -0.0027267870882408 -0.300620010736227 -0.251738887023443
-0.0126078034171837 -0.00993380816353859 -0.36349701249798 -0.0749300431008458
-0.0194891815301094 -0.0174734334492584 -0.309401088685678 0.0743608441883366
-0.00816097029650156 -0.0371952382029235 -0.212808571807978 0.168890063499336
-0.0129874352669026 -0.0398376008697368 -0.119403266603195 0.231698831362564
-0.00316944643340867 -0.0496741568306463 -0.0868502490680129 0.272902561164272
0.0237245757475086 -0.0313397052617274 -0.0978577684751591 0.267163355222744
0.0105935515518209 -0.0139547571956338 -0.0939157468576735 0.263772562870153
0.0226829752441086 -0.0359532019334036 -0.111817505664724 0.280894159502389
0.0913013154042462 -0.0106946891436822 -0.127949633609163 0.333584610830748
0.0867722256306696 0.0534921345072755 -0.0312164027297178 0.4289453280342
0.0382519702575354 0.140116751858466 -0.17391003320824 0.28402615167045
0.0517061434076029 0.0583171011170403 0.0506521752169936 0.0661343091432352
0.0127484257729227 0.0197088178562085 0.0314791079750084 -0.208590268662984
0.0261328660892345 0.0465444640331108 -0.102932377586943 -0.325525255527279
0.0726251753873219 0.0307547667596303 -0.281823414103624 -0.256510030000878
0.0848372974315436 -0.0192487263121756 -0.345839294016695 -0.0959859365017682
0.0637324366248914 -0.06113203505197 -0.298449862464477 0.0456778199684599
0.07586677214264 -0.0925338636532327 -0.202929526172115 0.144914444258568
0.0662659282030678 -0.0993717776337921 -0.0970589829240323 0.206219353415627
0.100565736563032 -0.108575418251195 -0.0453283192302773 0.261739162113626
0.159407830258706 -0.0489351369185883 -0.0425558367091611 0.282624549584755
0.15422089684325 0.026170182076433 -0.0623197579477634 0.297501195762152
0.1227038042109 0.0849539955934902 -0.106566808271238 0.289846261800887
0.117660320275954 0.154362594604565 -0.123163034510738 0.288665687726755
0.0825008671660247 0.216950407892701 -0.0293015164101177 0.34931468620004
-0.0157462046744483 0.248323978587013 -0.161779315437059 0.203006880399106
0.0223349815293218 0.20549424245309 0.0741755764063905 0.00325287900624943
0.0442569654961857 0.144851566296178 0.0384905643270114 -0.248864262951249
0.110539448515839 0.119703671415819 -0.095668736550629 -0.334533001376966
0.169144753395663 0.0603616634570091 -0.251240361802291 -0.252007439344826
0.176106028778075 -0.0265298263287228 -0.29970187628894 -0.113016966306183
0.139401091008635 -0.0970184047471472 -0.256636862737583 0.00536641207669654
0.146519049673039 -0.134246049772229 -0.164863738675381 0.100886745406184
0.132225752269441 -0.142799021305156 -0.0510727345728749 0.155216615855751
0.179464205258319 -0.154244437465554 0.0202821944131511 0.219992518813732
0.262710443791296 -0.0730390693543103 0.0401049850030511 0.2720569730566
0.272065315185029 0.038654912123829 -0.00511609888539787 0.32568410339226
0.218182020262185 0.172062904401841 -0.0911406664018456 0.303984488176353
0.144344669715018 0.284824804444413 -0.133053895576942 0.235043357388573
0.0718289680953943 0.343781815533646 -0.0306007922653132 0.225615610585634
-0.0612743865256315 0.322680942257443 -0.121706892969674 0.0821632149900776
-0.00163869718411445 0.331222887138928 0.111742785076819 -0.0840385619946584
0.0844029840645871 0.26311353216225 0.0594834612384737 -0.293256372818317
0.200572203989666 0.180714710504382 -0.076341483562926 -0.337423847050844
0.256112313718082 0.075380006000457 -0.197694344307502 -0.240178005737683
0.246921771323074 -0.0382608729070096 -0.225633259365583 -0.129880652931835
0.194594075501915 -0.122332755494165 -0.188206639684183 -0.0423537411883573
0.195742312251702 -0.155026373598884 -0.104471261995386 0.0442865721189905
0.178497955869135 -0.159551933012719 0.00904893970349636 0.0895177889494043
0.232343898110542 -0.168614602898789 0.0924104394556038 0.159757015159979
0.323231582407929 -0.0782302481523242 0.126750589500524 0.240884195874835
0.340413010236131 0.0467484833692494 0.0551327399734194 0.33532705374696
0.275037290648372 0.229876462859006 -0.076098231199334 0.306180501309395
0.14666396047068 0.370819375587629 -0.150058053761352 0.173125278324697
0.0452604701228054 0.413309944884424 -0.029552100731299 0.0808863314266716
-0.0897843472336746 0.349774615721642 -0.0746978547613794 -0.0645376854831469
-0.0138208811049257 0.403576091562541 0.135944820701617 -0.185693875485449
0.120325351617122 0.339274718750772 0.0744980274668839 -0.325266416983266
0.266927826844777 0.206419870378625 -0.0456936418258568 -0.320409711837404
0.307763878620668 0.0704724664449184 -0.117585139876473 -0.224889543898639
0.2796664834993 -0.0516182649272923 -0.130532258693723 -0.154166394925642
0.217607057086309 -0.134303264143391 -0.104329734660465 -0.0963662415258586
0.216603027136236 -0.152283143177263 -0.0306080699285517 -0.0155772558161255
0.200847122667131 -0.147881632133071 0.0783896819176002 0.023228257424138
0.257562301702003 -0.145153635634622 0.163820627947689 0.100287827220692
0.336850235382389 -0.0519839886150852 0.200902073827098 0.204966414902999
0.350292730722781 0.0729274156804981 0.100282486143335 0.331065050107048
0.270850194158132 0.269649712626039 -0.0656575355045559 0.290852992456746
0.109359632002814 0.408333293082041 -0.162533723298499 0.103445182959383
-0.00517781731142396 0.420130477605393 -0.0133061621546793 -0.0634588359052535
-0.0975031428757699 0.316828084527096 -0.0352382693859682 -0.214903127266101
-0.0211466065134317 0.397432261445874 0.132234773953457 -0.282407159408401
0.131347625447629 0.345230227782777 0.0795599210404326 -0.334991769963095
0.277910208194263 0.191888572518931 -0.00626534684757446 -0.286121444081701
0.29857025222099 0.0513896182569567 -0.0257364575115552 -0.213683563716524
0.263871564070908 -0.0524181636227468 -0.0288978688464409 -0.189040780018786
0.207245542835681 -0.121774936677251 -0.0169103268372818 -0.150344498269204
0.20684320167355 -0.124355742588914 0.047329942688298 -0.0695027803324309
0.197766117139122 -0.110047173538686 0.151391212014622 -0.0275136852382883
0.249494126535132 -0.0924688809966946 0.228024398559974 0.0596326697632158
0.303500682886644 -0.000148591047641445 0.253614742021375 0.187774730139155
0.299910796070398 0.113979798885343 0.120339844993453 0.324023116765972
0.202170186928361 0.288633043008496 -0.0627664490334652 0.261322245259098
0.0316475272928163 0.391746908058739 -0.152665731088445 0.0321540258294404
-0.0669094866277818 0.36489067794238 0.0258999723233584 -0.185950466050846
-0.097350101642538 0.225220386778982 -0.00837459783553898 -0.340706952349633
-0.0322540972011222 0.314663217857181 0.108615988537102 -0.347961275950512
0.107752100541035 0.28018217916907 0.0828884729701337 -0.323928730873066
0.22193157319635 0.141963861296303 0.0350478763583633 -0.24967060506247
0.224465895329638 0.032470145728588 0.0575900154211269 -0.21326179181826
0.196981286301586 -0.0395511491704344 0.0505201618389076 -0.224802716068009
0.160358852638769 -0.0886687880734458 0.0537506438906567 -0.195276481695721
0.165017325472325 -0.0823122538762026 0.115360523792065 -0.110430321827312
0.162502341501541 -0.0635062742031326 0.217890242806786 -0.0595862678601816
0.202135461203689 -0.0385178302530309 0.283559807290739 0.0452242480933296
0.226826407387349 0.0390656143001675 0.28902815039723 0.188210600313053
0.212668468991753 0.129161148589052 0.12987423659522 0.315466221122645
0.113805449391252 0.263072449622383 -0.051288337670312 0.230414473564632
-0.0405721662109885 0.319535185954488 -0.114409821174387 -0.0207426269383046
-0.111048305771576 0.257937056371139 0.0830596545973951 -0.267425582453816
-0.0898441766410416 0.0926668258332311 -0.00133727462006327 -0.414662964730616
-0.0485640301123961 0.177313689851962 0.0762808879494838 -0.368798049104161
0.0526875160349293 0.165461836861966 0.0894832673061618 -0.306095814960224
0.113122505645786 0.0714171740696928 0.063619991406188 -0.233363602232065
0.103417665951238 0.020365453808034 0.100227717364528 -0.227465761036053
0.0976412826228185 -0.00525867073862694 0.0900322056090007 -0.253913916234261
0.0898830165631248 -0.0334580446289264 0.0992955651213932 -0.221156337911579
0.0984402034857797 -0.0270141105774571 0.16520854284473 -0.132950885385821
0.100458131455232 -0.0160089517386416 0.267382631418184 -0.0687191454921863
0.122592996354359 0.0019669546847712 0.321483250073175 0.0534474726547023
0.125689276535606 0.0469108552371294 0.305111871989363 0.204031325178347
0.120014591043874 0.104505797766509 0.12986536833476 0.31208302079457
0.0378080742259179 0.196796278999363 -0.032834716246332 0.210013842838284
-0.0835222131034409 0.203884826648057 -0.0608063126097157 -0.0397150585755123
-0.125915516010575 0.118458977227508 0.145356282720913 -0.298571507893805
0.0819287000987721 0.010727862376947 -0.137152419153076 0.325028445352481
0.0630818303784523 -0.0881801957124725 0.0714319117962055 0.100126578594716
-0.0226245034225379 -0.0867488200684549 0.0419240395551305 -0.189459645056292
-0.048356447100449 -0.0199617529604744 -0.115527886155502 -0.31578878366911
-0.0224573908380361 -0.00228498136826278 -0.309153427073065 -0.237337649302319
-0.0112848901036529 -0.0112494573610786 -0.36302364814066 -0.0580892596181331
-0.0181636602694637 -0.0173923782462037 -0.300148520234166 0.08770622674537
-0.00927612392446548 -0.0373059008351621 -0.203834081646035 0.178242097856636
-0.0129924946362463 -0.0395638413172077 -0.107032811277909 0.234393097606466
-0.00444479329311839 -0.0483446195068155 -0.0732541878959341 0.275256274368035
0.0229384565148348 -0.0320217591079298 -0.0873509288382225 0.270151324798785
0.0113489050077912 -0.0142973943654397 -0.0849247919386929 0.262983728912638
0.0221501212594914 -0.0347279401546317 -0.103139169540548 0.281696586410558
0.090469841973665 -0.0146038538880146 -0.116993108119567 0.335651146080868
0.0877248326029353 0.0484843279826025 -0.0139738793405429 0.425834749016036
0.0429926381930386 0.137759644100272 -0.159856799291332 0.288765407625891
0.0538407576841859 0.0554036874328036 0.0571985271807737 0.064310668896704
0.0129002697430926 0.0192106675055395 0.0256114444676388 -0.205620769151014
0.0281812371297304 0.0444013026725073 -0.112700192724899 -0.316931905143794
0.0743110215213201 0.0259243238417857 -0.290192653426175 -0.243151768039683
0.0845104475932554 -0.0246519504170229 -0.345185871749226 -0.0808225674535182
0.0623712334961606 -0.0644113617953263 -0.291780047302318 0.058258544550457
0.0707261658858615 -0.0969164172699778 -0.193999879046877 0.153340737534088
0.0625925701726927 -0.102818384936187 -0.0861161692024669 0.208492763181298
0.0952699910964814 -0.111696193389736 -0.0317037929052266 0.261506752578108
0.156638717554054 -0.0566005431617887 -0.031255980513352 0.28248421173245
0.155530247030594 0.0189887765711012 -0.0505233265056157 0.296508039796476
0.12610971129006 0.0807204424745193 -0.097614681239219 0.290027062806572
0.12476755408501 0.148702529103425 -0.11409165487864 0.290044653516752
0.0895498163311899 0.210925378406021 -0.01480791572447 0.348140057691966
-0.00761943943900937 0.246810921433271 -0.150462287555203 0.206881898614497
0.0307660033775868 0.203158592891305 0.0778953905134282 0.000929486208875662
0.0490749071793886 0.142477004914677 0.0311848444715364 -0.244804573565507
0.114627200754682 0.113718201497726 -0.105092449382408 -0.327065671079427
0.171324614245521 0.051399162598523 -0.257453477465032 -0.239652299741145
0.1746438606149 -0.0359345407970637 -0.300691905761467 -0.0991358658298988
0.135156677618678 -0.102537200171465 -0.252809396391893 0.0171949723201353
0.139559895388966 -0.141552384789835 -0.158631101206641 0.10709635333951
0.125688763153587 -0.149004849178607 -0.0436290303445694 0.155740103223883
0.171802143153138 -0.160488580879374 0.0318453268550698 0.217221945375775
0.258688293305775 -0.0853853203426765 0.0511269102522691 0.268891716124936
0.272676994882258 0.0256653899512098 0.00832106283717837 0.32154802105336
0.225654206991687 0.161287109708351 -0.0812078274758975 0.302738201926028
0.156297154523507 0.278130135075638 -0.124308001103244 0.237537636464519
0.0844602844688193 0.335802945779557 -0.0214040236636694 0.227633165876091
-0.0506257514821802 0.322137953777945 -0.115582968771583 0.0853287065623677
0.0126746718583508 0.328894296024247 0.112754212852605 -0.0860497736886196
0.0936085925936271 0.259036899645197 0.0499459095035299 -0.287896991182979
0.206022917201463 0.168996836156919 -0.085565105771073 -0.329990788914866
0.25874792736808 0.0623554367394564 -0.202107914932405 -0.230323271775839
0.244474230888394 -0.0504491643161394 -0.228136066068755 -0.120832796699118
0.188106003048543 -0.130167029594721 -0.187911952863778 -0.0337226662211023
0.18712316190742 -0.165040621196976 -0.10067579723272 0.0482436979650947
0.170280239152081 -0.168080782896867 0.013771474810525 0.0874480193340663
0.223254590651868 -0.177315124391706 0.1005078423554 0.153317632137772
0.319183030833023 -0.0945816087655485 0.135663477879475 0.232972108908645
0.34110704754978 0.0297984664361474 0.0696835625952476 0.328601114986235
0.283968575691774 0.215882499722868 -0.0649979235189176 0.304615357718368
0.162565704808456 0.363972967311376 -0.142213708995658 0.177012790417087
0.0589830305533585 0.405227552590761 -0.0251160869617993 0.0846968811666249
-0.0768675938418867 0.348519691428189 -0.0741878895228035 -0.062087348902187
0.00326707005230465 0.401568173966784 0.132787847897829 -0.188493468137642
0.132519127410358 0.332512173972219 0.064262013269626 -0.320625501950883
0.272856395296726 0.193929880866651 -0.0539523365905778 -0.313781528133593
0.308384515778523 0.0546669773855127 -0.121353324068875 -0.21875793331346
0.276138389690481 -0.0646113516984433 -0.134263363535383 -0.149575231486396
0.210370118074504 -0.141934357523321 -0.108338761532724 -0.0909229720393872
0.206546355464784 -0.16298424313167 -0.0290124571787847 -0.0150669176774146
0.193213265212035 -0.15661316227633 0.0797271177442905 0.0190020022056018
0.248323609306165 -0.155964667525056 0.168183903149802 0.0912400741004249
0.332264820125163 -0.0694916260093035 0.208587646674039 0.193657402785381
0.350375173257072 0.0552518970591327 0.115935457163026 0.322398952268072
0.280235791676295 0.254478685815829 -0.0545953728526568 0.289108525128074
0.126679276830051 0.402068466763853 -0.156550697422408 0.107881765672598
0.0116390175355551 0.415518627473953 -0.0155965063613525 -0.059293499256008
-0.0856568063275923 0.316374115114498 -0.0405453680252028 -0.211619975788115
-0.00423112707708528 0.395648927828877 0.125755486637043 -0.283582031039004
0.144666595437461 0.33781983917262 0.0675411754512145 -0.330949332941127
0.284284263851386 0.178513200206844 -0.0146825127905871 -0.280518659811689
0.298642223792889 0.0371952336986165 -0.0296520512732263 -0.211262533997679
0.259999172586538 -0.0638693030780575 -0.0357471935470871 -0.188023892725704
0.199347507285795 -0.128671686596552 -0.0246313373020422 -0.148620049831491
0.198279331727876 -0.133659160167894 0.046457128045931 -0.0717800993915991
0.191180146683773 -0.118508850583886 0.150183546076573 -0.0347997469285102
0.24284936543198 -0.103728803307328 0.231047684010952 0.0484439092992997
0.300465743503388 -0.0154810286125336 0.260368612384657 0.173989609864389
0.301187433682742 0.0978942225344011 0.135180142295305 0.315407234073769
0.213897113256504 0.275722003160524 -0.0527673997251018 0.259453483662335
0.0497017901117251 0.387468296074199 -0.150041962820111 0.037729149175839
-0.053325759416266 0.360789975129255 0.0168968050988166 -0.182059340495113
-0.0881248402329861 0.225046656654981 -0.0192334692111266 -0.33768916526354
-0.0181640089535289 0.31338768849312 0.0987229962360397 -0.347400643873374
0.117663022058258 0.273755814007411 0.0714639316872862 -0.321077042378446
0.225836702268354 0.130865276640638 0.0281288084229932 -0.245513656416971
0.22393576581998 0.0220213313612799 0.0524289072201017 -0.214369740545873
0.193939482628146 -0.0479500384341319 0.0408924444173037 -0.227743570007876
0.154618871284866 -0.094456959499275 0.0438838871416759 -0.195471937133828
0.158073249436657 -0.0900648850758945 0.112465227626101 -0.115604976535616
0.158232917262908 -0.0707128094198299 0.214639092086102 -0.0696265229867732
0.198875439033333 -0.0474245063106131 0.283739202421311 0.031197400618211
0.224913729977807 0.027453554333568 0.295339966179472 0.172754678266181
0.215313854724075 0.117222872482519 0.144048529555884 0.3073846746079
0.124319329821291 0.254907263995005 -0.0423103620026419 0.227744569179472
-0.0263195910331428 0.317890336319389 -0.113989526319198 -0.0152109589587062
-0.101270884418348 0.258222295616511 0.0694850980723493 -0.265425488478305
-0.0850520091353942 0.0940866632945103 -0.0162191152814116 -0.412196169704705
-0.0408497417307572 0.177278999764319 0.0646459952786017 -0.366625491659683
0.0588422408127203 0.162099884277686 0.0772602366293901 -0.305315784798641
0.114683522542635 0.0656918009629651 0.056239010546428 -0.231682795823116
0.102816128011508 0.0154768796411561 0.093599955987568 -0.230507492132429
0.0966859630172076 -0.009103097506948 0.0776417808471642 -0.257951237851901
0.0878571308101613 -0.0356870963125966 0.0871952295887524 -0.224016637371834
0.0957540016720324 -0.0329630473847948 0.160011069080359 -0.140102375815991
0.0985011283705964 -0.0199029558528832 0.263050377555783 -0.07998003712283
0.12062546721785 -0.00388289184533122 0.321370665495235 0.0383430443130057
0.12457023652223 0.0411196415242543 0.310477239960714 0.187836973115428
0.121062985803442 0.0977448555524606 0.144006662668695 0.302955677435176
0.0454419729336953 0.192367392800317 -0.0239390687740026 0.20708712923413
-0.0747021758185292 0.203708534058149 -0.0621896362152398 -0.0364113872595146
-0.121396383382797 0.12127706456689 0.129576599996502 -0.298883101613344
0.0820748614437406 0.00950695571731021 -0.128258293843803 0.328960567059033
0.0600914917596608 -0.0904059547342179 0.0777643873831309 0.0973867630421484
-0.0253376904882109 -0.085841237895101 0.0392898105186457 -0.189720664844531
-0.0479014305485782 -0.0184430768669513 -0.122627157049627 -0.311882722899551
-0.0219154254043215 -0.00279836560440852 -0.316393420523477 -0.227844900536283
-0.010749555516137 -0.0125652009674734 -0.363547786162499 -0.0466094995812434
-0.0169930947702027 -0.0180410701686255 -0.294924707913426 0.096743693669267
-0.00983380256354349 -0.0383140718339869 -0.198408489947816 0.185238294199318
-0.0129459665845991 -0.0405220393002871 -0.0996375218014115 0.237980883052953
-0.00546931509615554 -0.0477834518475952 -0.0650114991032455 0.277786780027151
0.0229949759874103 -0.0322248372665154 -0.0814463338571154 0.274656955046061
0.0122970336633949 -0.0145948060585223 -0.080176901670039 0.264040958250165
0.0221946793125562 -0.0340312281827677 -0.0992418015345824 0.282514090214783
0.0904858935632175 -0.0175761417838957 -0.111820788350413 0.33835415210597
0.0874070582016536 0.0455393350519041 -0.00264420842235348 0.425712885447063
0.0455308169515862 0.136813522182647 -0.151455031897214 0.292672498672236
0.0546312662430896 0.0531428699748554 0.063437081322296 0.0625675772428203
0.01269064363488 0.0188195933555142 0.0223992666833516 -0.204140320961233
0.029411342982114 0.043409365162702 -0.118702246479287 -0.313269337751704
0.0754354574304694 0.0224922262577174 -0.295873353187726 -0.233562926891306
0.0844263182473019 -0.0295975752649632 -0.345848570887012 -0.0703008066479204
0.0615406693958739 -0.067279207077945 -0.28726174235861 0.0668855861918121
0.067277831764079 -0.100040811590645 -0.189167924534455 0.159895872566035
0.0605641633148124 -0.10591471039744 -0.0792084375040095 0.210559517204265
0.0919393511205888 -0.11448178283609 -0.0230960007202155 0.261736534001168
0.15605555269306 -0.0623988275292916 -0.0232539764369426 0.284736205451462
0.157239796496225 0.0138583865326642 -0.0430003475869761 0.296210798372486
0.130460777188227 0.0780456053915298 -0.0934918407584421 0.290848779925131
0.129283821543651 0.145428538398899 -0.109233965824077 0.293054128899332
0.0938266276189726 0.206692184947718 -0.00528603849375373 0.349420395161375
-0.00282984060984927 0.246848295853078 -0.142841391912379 0.210004878646375
0.0372436570239272 0.201362306011189 0.0829076063256328 -0.000921116350091127
0.0522478923442933 0.141238881080875 0.0280585890886339 -0.24270009703036
0.117870545870704 0.110086675496294 -0.110815176239681 -0.323047342714053
0.173361157768227 0.0450405386454003 -0.261436208098089 -0.232599141102463
0.173991070926204 -0.0432944805701717 -0.301783192130368 -0.0916982381520564
0.132938042486818 -0.107269813044205 -0.250673377451162 0.0243021931475638
0.134924574998246 -0.147607919509744 -0.153665504911944 0.111608738496807
0.121608607100337 -0.154396356520448 -0.0379824511321671 0.156220740698253
0.167148034476555 -0.166397281593638 0.0401012739284687 0.215423504131104
0.256935588199943 -0.0949735473825104 0.0591752152135696 0.267378662090891
0.274747505187595 0.0157257915034906 0.0175574765862175 0.318966636878547
0.231639800200338 0.155868986405931 -0.0761070268268829 0.303530741183374
0.16570145594044 0.274257330868503 -0.11967889166075 0.240086648622754
0.0913849606607581 0.331419089353489 -0.0144711142643374 0.229550108628212
-0.0446715910545422 0.32212187848919 -0.111167217229387 0.0878697450499679
0.0225150835897995 0.329149328072797 0.115939589585675 -0.0885757532470915
0.0999370166367634 0.256928823874703 0.045021076971409 -0.28559907801757
0.210705903417348 0.163762030127523 -0.0911227253014916 -0.326074043338912
0.25992242331143 0.0531069221646391 -0.205655874926586 -0.224725134301731
0.244143736099505 -0.0590064913788037 -0.229406174694511 -0.11584287554349
0.184887243283828 -0.136335184687118 -0.189036549782755 -0.0279049645427571
0.1807578905962 -0.171614563137516 -0.0979596195286751 0.0504180543199507
0.165630416662166 -0.173769516789641 0.0176122011894694 0.0859099860217783
0.217816322352896 -0.184911195051518 0.107340563054087 0.14934478611361
0.316400947439975 -0.106663734464696 0.14374560876726 0.228399283237325
0.342600778691153 0.0181489669072284 0.0805071552897975 0.324867131085542
0.292246764329672 0.207752065863882 -0.0595925296644772 0.303745149479922
0.174564833436646 0.360060810054191 -0.139358786235669 0.179418585815643
0.0679744775155995 0.402252847312629 -0.0229867418319924 0.0871279380994751
-0.0703344063766045 0.349439049030291 -0.0729067557808718 -0.0605260143506499
0.0154593759876954 0.402303465254167 0.133488250567127 -0.19143496926933
0.140584606003208 0.329561434119575 0.0584867136607023 -0.317396050218788
0.279012914848491 0.185420885245195 -0.0586701733807612 -0.310482029916565
0.310681835227469 0.0444969290854266 -0.122966617978943 -0.215947029146248
0.275197985414687 -0.0740782137151769 -0.137612838302797 -0.147888266780739
0.206385673855502 -0.148442098320926 -0.11153295529172 -0.0871545528099033
0.199928666608462 -0.170145339136483 -0.0277104291109736 -0.0154375642972075
0.188154429675159 -0.162801460500535 0.0821698613027597 0.0148284034068689
0.24380693719939 -0.16347382121486 0.17323485844962 0.0837841915691945
0.330279162443387 -0.0817974239376689 0.214703412194599 0.186797004283752
0.351470916690237 0.0436926451483461 0.126237513254787 0.317546337292238
0.288632406898834 0.245792349399546 -0.0496419492516639 0.287659137983065
0.139031829076204 0.397868354961512 -0.154367248648902 0.111511893290646
0.0194593653717869 0.411712917346979 -0.017479667002285 -0.0559324516194032
-0.0800386152876646 0.317619543405205 -0.0430978850414901 -0.211790460204776
0.00864032688286711 0.39668028357625 0.122894385722442 -0.28676027358243
0.153512310041406 0.333789283407505 0.0616659443093487 -0.328134298427813
0.289296015620599 0.169296808963906 -0.0183296270099658 -0.277580968099078
0.300402362997688 0.027281590628663 -0.0309135044127454 -0.210908927572009
0.258918719807943 -0.0724930562195296 -0.0402519371844648 -0.189045470096868
0.195616773807028 -0.134347721182115 -0.0303751291908873 -0.146866965198669
0.192536034260963 -0.141689280393252 0.0455616086583951 -0.0747804779733842
0.187424776989981 -0.12484869239128 0.149974682297132 -0.0405842941657665
0.239459757533085 -0.111229030525907 0.233900861150648 0.0398290798735192
0.298614115340766 -0.0262644155573089 0.265865478594348 0.165435856213818
0.302160931972916 0.0872816470946978 0.146615012113636 0.309907698887406
0.222670897503977 0.268300830199662 -0.0481069826272685 0.258406127958753
0.0611953232128054 0.385582469458331 -0.149111086806929 0.0411338937452511
-0.044962057653967 0.360838686484401 0.0116188911150105 -0.17923410281172
-0.0840133810784107 0.225654615518759 -0.0242120160920804 -0.336136024186212
-0.00879306830021312 0.313896480296071 0.0946049476177816 -0.349652682970272
0.125989493609488 0.269953792538139 0.0654856410126381 -0.319563145149177
0.229484138873569 0.123563257501345 0.024255184727296 -0.244673801256107
0.22395192419016 0.0141522648240567 0.0502569753651642 -0.216888503209933
0.193315642450395 -0.0536388414089318 0.0332967674248314 -0.230741850284827
0.151536825709068 -0.0978797266294412 0.0361599065837239 -0.19618432549093
0.153758327035213 -0.0961944914963683 0.110697317558844 -0.12042124656223
0.155243137136976 -0.0759602300845247 0.213580748661101 -0.0771175974783949
0.196575252598571 -0.0535934615869802 0.285035806285355 0.0213955166829025
0.224642236938089 0.0204914126556338 0.299979414845908 0.162811205496928
0.216141258674516 0.110003860896226 0.154273141775085 0.301197811080262
0.131381349501518 0.249932041023633 -0.0371757024821755 0.226531228308048
-0.0169565511528911 0.316892583386518 -0.114640933171054 -0.0124634923539833
-0.0961160607059546 0.258813598990105 0.0610623462978992 -0.263431632161159
-0.0840610231162106 0.0947682980982108 -0.0235186070594601 -0.40937751827149
-0.0355704617395491 0.177758929288504 0.0591614473795041 -0.367130303879775
0.0641503545574349 0.160043670212825 0.0708422387251089 -0.30532476803441
0.115864592711855 0.0621789520456102 0.053579736796076 -0.230326723323581
0.102673845002903 0.0125210996909672 0.0898572779965303 -0.234379514685766
0.096882069592976 -0.0115105882545419 0.068532847466133 -0.261945050089668
0.0866882902430006 -0.0375172969622443 0.0789391265528862 -0.226039844858713
0.0934888261195385 -0.0361709186888983 0.157130709706044 -0.145795777720127
0.0980955765862959 -0.023530137568326 0.260864349226926 -0.089268413054513
0.120192201699443 -0.00731559886677018 0.321226193757113 0.0270657169760596
0.124323960686125 0.0378918928783539 0.314707296859967 0.17725869061222
0.121686577356756 0.0934602250195379 0.153802529093813 0.297840443917983
0.0504012025975392 0.189772179617438 -0.0191715694100364 0.205629710947589
-0.0690862389319603 0.205032695005767 -0.0641493251166786 -0.0344409238401554
-0.118721088395717 0.123823847818316 0.119687406460839 -0.299738460442464
0.0835048015269245 0.00878088275922689 -0.12159418043907 0.33748275808367
0.0577668675202761 -0.0943291128017203 0.0847083449808883 0.0970072419183901
-0.0279173660976245 -0.0863109202182192 0.0378481879146868 -0.194797243201295
-0.0486078421696162 -0.0178545648564953 -0.130825773853384 -0.314293844552887
-0.0221955174941864 -0.00342063641790297 -0.327750763637371 -0.22420220735169
-0.0107330415392836 -0.0144559731113514 -0.371138504400214 -0.0376295629135034
-0.0157987608211139 -0.0192731901458202 -0.294458782650357 0.105761528976868
-0.0110149954746954 -0.0398620961247365 -0.196490984587521 0.194320987165523
-0.0135834403750519 -0.0421891035858518 -0.094822685308645 0.244355259892168
-0.00533681593514744 -0.0485556955278761 -0.0588251780935064 0.285316694209298
0.0236088957758165 -0.0335842516219297 -0.076524135570528 0.282595704348432
0.0132487610259248 -0.0147687282149796 -0.0767325684590763 0.268943120434568
0.0234550434957302 -0.0339340267824015 -0.0992537481421384 0.288396096038745
0.0921857205575126 -0.0210061759595431 -0.109330542784962 0.3482520217703
0.0881259151779911 0.043372061978597 0.00846013227016826 0.434077293418759
0.0484428604416868 0.138698115399055 -0.146237694882778 0.300570915108398
0.0563092068423691 0.0524312373584946 0.0702945256358103 0.0615054360082197
0.0125291022573275 0.0196689005373549 0.0213669004150976 -0.207945931716331
0.030925211676547 0.0427845018573893 -0.125767066033706 -0.316673710980153
0.077500980515146 0.0192907749747599 -0.30597967247393 -0.231513489410669
0.0857601984413626 -0.0341329571884056 -0.352847622363554 -0.0624820058410823
0.0622614569651141 -0.0717476572002942 -0.288499396820761 0.0756234866022313
0.0664296960141 -0.105870886314289 -0.187514547764612 0.167678125567855
0.0592639181794074 -0.111070522026666 -0.0738219410818077 0.21583571827615
0.0914485657993649 -0.119040816467176 -0.0147861679390916 0.267370582216064
0.158852584985794 -0.0687182725834634 -0.0172332098696159 0.29129417661533
0.161826568193044 0.00917099772285181 -0.0386393323295723 0.300795517446294
0.136158312139724 0.0773329473917403 -0.092953291108421 0.29699414236095
0.136438092768045 0.145258449717972 -0.106848943361676 0.301109722800995
0.097349689749363 0.206745854440925 0.00283621172582427 0.356688849582174
0.000606365586319396 0.251825744306761 -0.139430777644983 0.216605606990106
0.0424689299374609 0.204754879584625 0.0893243430381921 -0.00342359282024344
0.0554116424143232 0.143444743839583 0.0264215374813823 -0.244624054736384
0.122897868674649 0.10879858950247 -0.117276842011436 -0.326720506204652
0.177957074405355 0.0395159033876923 -0.26998436033606 -0.230847065900697
0.176979268270499 -0.0507191068272704 -0.308460800891655 -0.0865045650900332
0.133716167007339 -0.114017742740344 -0.253563368251536 0.0311412165648379
0.132154730614618 -0.155763206519395 -0.152869207123457 0.117457830456056
0.120040617073672 -0.162054132040994 -0.0336255031947319 0.159096058264961
0.16649909167174 -0.173931629117306 0.0480319950176094 0.217496483678377
0.259509579494768 -0.106294657030025 0.066915522890083 0.270896484048191
0.2814733488448 0.00745664109867302 0.0254186708739689 0.323038768225506
0.241616185129669 0.15360995959057 -0.0743148002800001 0.308949496041192
0.177686104263982 0.276213126038807 -0.118933463748039 0.246508130154728
0.0981762085961328 0.332729704718984 -0.00913245139042358 0.235327344186018
-0.0410149354469935 0.33037799429164 -0.108561679887953 0.0915590289005497
0.032095171988438 0.334453795016705 0.120785438812528 -0.0928655349653017
0.106870955809521 0.260819239973335 0.0440566629521523 -0.28776576887012
0.218173573213783 0.161161407800403 -0.0969702091892491 -0.330254177136252
0.26697959772821 0.0457746344108092 -0.211624485778514 -0.225291921995761
0.247441431801744 -0.06882902150567 -0.235152789779878 -0.112917226269647
0.18537224194223 -0.144433091884586 -0.192768458449666 -0.0232780583563848
0.178282097503643 -0.181013348377819 -0.0964960677473874 0.0527475401303427
0.164087620335363 -0.183271135459776 0.0208497283911841 0.0857522795345527
0.217518715786337 -0.194676600910476 0.115213888537898 0.147443692205345
0.319824372542845 -0.120223721727034 0.152236424956783 0.228667822630278
0.34985782862065 0.00826394972748124 0.0904407509632747 0.326861510627937
0.305050095140089 0.204437045164594 -0.0566914164560379 0.309019587221577
0.189016157853247 0.362855765397719 -0.138801475402517 0.185159940454587
0.0758876562691369 0.406722817761078 -0.0203986109554105 0.0918266170400842
-0.0671491532813123 0.357617646516543 -0.0723373161308003 -0.0612491068571125
0.0278642901765021 0.408814514795338 0.13657204268246 -0.197918885491242
0.150912771168725 0.333895808027849 0.0564188822690138 -0.319888842038832
0.288841784298735 0.181824326656648 -0.0632061061823851 -0.313968978296436
0.317823502266676 0.03537350479066 -0.127079067298993 -0.217315586373195
0.279340417625927 -0.0840287454173614 -0.142769542981818 -0.14858931410327
0.206275137270259 -0.156602223730297 -0.116400829698222 -0.085183796111506
0.197467554856333 -0.180047341918261 -0.0276177247156105 -0.0157886526593167
0.187591714218948 -0.173026097278883 0.0847296901256495 0.0121899748166292
0.244625161875559 -0.174263592520835 0.179561819562715 0.0784448136183941
0.334206492853018 -0.0946586165981703 0.223435704401317 0.183487815650855
0.358472074928615 0.0332315095682528 0.138681508411067 0.317367654852711
0.301714666532891 0.242863525560478 -0.0464530960141156 0.292120375816106
0.153815177470011 0.402824042097378 -0.155311698921012 0.11569347427507
0.0274279097024154 0.417895468465105 -0.0199352408243743 -0.054546485628042
-0.0770518206305194 0.323737409966061 -0.0455032707737233 -0.214941241306221
0.0202341534509121 0.40293727806733 0.12370147269094 -0.295067013342081
0.165418632109586 0.336521587029388 0.0596150483073778 -0.331215238208779
0.299197056320564 0.165464238942171 -0.0209111780128873 -0.280242726985578
0.306301274604279 0.0184793513421364 -0.0329370580343081 -0.214768503591461
0.262653047672139 -0.0819128887351046 -0.0458114418428937 -0.193302628052647
0.195945798040955 -0.142253005776184 -0.0363659650656875 -0.148451392004798
0.190982306453799 -0.1501005951467 0.0462706781155181 -0.0782783286281978
0.186313356117711 -0.132802778924642 0.152861699835411 -0.0470042927859151
0.240416033316955 -0.119955073616946 0.239374013547534 0.0319924298493263
0.302856829679345 -0.036415391879405 0.274944741753198 0.15979222570834
0.308315089460405 0.080000472655053 0.157654921569606 0.308828876398947
0.233225112592647 0.266397081889134 -0.0447160722804106 0.261940356066599
0.0732614661902659 0.390608062991654 -0.150777151900058 0.0447201212609114
-0.0394869627027684 0.365782629861241 0.00699119679731837 -0.179121739037528
-0.0821328153688532 0.230426691070803 -0.030050023600385 -0.341721904942446
-0.000102346162245204 0.31924298338067 0.0925210955487393 -0.35915490802596
0.134841886257849 0.272653685644303 0.0621901806272942 -0.323763112048893
0.236232545532743 0.119374009018189 0.0228383931876013 -0.246415065148127
0.22930193616219 0.00755490875123319 0.0492598733494525 -0.22291997163203
0.195801069236813 -0.0606298412527881 0.0277708781118928 -0.237204400147699
0.15185379002023 -0.103003848004424 0.0299285445415541 -0.199932940600673
0.152538955653274 -0.102309502504669 0.110727605457132 -0.127336670195496
0.155732751427447 -0.0818535542677093 0.215831627346039 -0.0855195254479794
0.197656632054015 -0.0605042848045717 0.29074433481591 0.0125806908055531
0.227558252324714 0.0140547732626226 0.309353425129779 0.157398977751962
0.220813352335807 0.105436086196607 0.166183463135612 0.301358123668998
0.139734110437885 0.24966795989472 -0.0344738700815419 0.229187421107027
-0.00900645677994247 0.322759459370476 -0.116751975594868 -0.00979486529967654
-0.0933330090688013 0.264608620875618 0.0547231477842954 -0.266719360269147
-0.0845057546948732 0.0974134058157335 -0.0302485587324888 -0.41661548067834
-0.0311201847570537 0.181348795780742 0.0549663102406371 -0.375409296938657
0.0698537387234489 0.161117578159151 0.0671182942911828 -0.309718194199769
0.119440334632577 0.059450708965164 0.05296853671304 -0.23327890828891
0.104550240999676 0.00934679411573921 0.0886182643318082 -0.24199146233473
0.0986197471383118 -0.0143259048764737 0.0610531562468814 -0.269029528455803
0.0872608140766137 -0.0397544378919899 0.0725805294004999 -0.232614041426291
0.0928108068596987 -0.0394657515221424 0.157429212691389 -0.154842263814964
0.0976397228915743 -0.0258414525018677 0.262975502418899 -0.099042800010731
0.120643851266021 -0.011122682051038 0.327369248602495 0.0180853922096904
0.126023846393558 0.0359798054024879 0.324241790566956 0.171175141369467
0.124312535991888 0.0920902675407077 0.164766181739081 0.29751131016421
0.0555877690601479 0.190695921771523 -0.0161196943975574 0.20789995522088
-0.0657776136496056 0.209177632166155 -0.0664248032172841 -0.0328776816034434
-0.119196715101513 0.128161863392605 0.112516378738563 -0.305013069509879
0.0755428565842012 -0.0400069852640377 0.119463258346194 0.342150817306078
-0.0109717163022093 -0.108870201379294 0.130788399201229 0.0157970961897528
-0.075951727111445 -0.0523013433806537 -0.0950995725217126 -0.183586247657278
-0.051302630092856 0.0148571781304157 -0.310396535566779 -0.171046253347131
-0.0193571947134989 0.0118684758431661 -0.40617500720782 0.0316273430256169
-0.018096027105038 -0.00491904653497661 -0.321209098975793 0.208272357202747
-0.0238863474865714 -0.00722952041084258 -0.168485488936557 0.276776196950788
-0.0349167307479262 -0.0256512235623536 -0.0309856732091084 0.283497384055703
-0.0374855765979198 -0.0251839382850737 0.0842139412583636 0.257641380542496
-0.0342745955835797 -0.035248010868651 0.138227729338091 0.26946970188024
-0.000299024730281085 -0.0420290088833983 0.122075811188069 0.279380555451829
0.0052680153987672 -0.0202530026528565 0.10971700596825 0.268468918372481
0.00129033057580134 -0.0405260680258935 0.105906797003726 0.299291899779649
0.0639559181439404 -0.0751319149609357 0.144595615398445 0.359862160805231
0.102541740188779 -0.0165072480146768 0.294300535272313 0.351366049585435
0.123237549986838 0.0893439788117222 0.0859721782855309 0.328324395876258
0.0770295868512167 0.0076834191046899 0.101742667065815 0.000915594925740428
0.0210107593492733 0.00825892246961489 -0.109847587675924 -0.18351013184447
0.0483614335470389 0.0157569706703391 -0.303044305750727 -0.178698324965588
0.0737316194087956 -0.0317223804019126 -0.390733549775568 0.00843415354980353
0.0466441401363863 -0.0815967376008657 -0.320512278145091 0.175630100040187
0.00562787300359173 -0.0975635720866203 -0.184040515832369 0.247544241028294
-0.016430981134425 -0.128518362699639 -0.041259818311915 0.255868566937216
-0.0234030304087312 -0.128783763715928 0.0828828259996737 0.221484117933049
-0.0018111187778991 -0.157102321283391 0.162681129183324 0.226602405443548
0.086681038719612 -0.16137113310775 0.174220371000534 0.245625135030345
0.14405960456341 -0.0973971651041587 0.161251553986532 0.267904491355099
0.171222577089498 -0.0233017356592407 0.115839073024998 0.30140937737616
0.212700221462273 0.0319863138025577 0.111171054201389 0.322278969759778
0.220074679269658 0.112086297435836 0.232329436968133 0.288353467882063
0.149840314042445 0.211309105517299 0.0458873166039245 0.257767876052058
0.156889889812693 0.137237307603725 0.0803295935515422 -0.0587718469193051
0.131708510996452 0.0823293334942537 -0.12146560520724 -0.2149877030515
0.160431738044323 0.0129667577770902 -0.296736441529491 -0.195133151867408
0.166137267898301 -0.0775075087887013 -0.36035752007928 -0.0165400560138883
0.109262786733806 -0.151924848831157 -0.29764004396363 0.124923703618079
0.0357636655191899 -0.175737397194694 -0.184871103085738 0.188168613162662
0.00459760274090657 -0.211834134770226 -0.046302379338823 0.192783745271404
-0.00730670223974127 -0.210656021644357 0.0783032017735311 0.149595916112427
0.0224392393054776 -0.251962479837598 0.18119457179622 0.144563874717373
0.145141791310908 -0.259520457054541 0.228006317794147 0.172946661082827
0.241502346534924 -0.177213133792782 0.226688160926009 0.243669823093061
0.311389458839172 -0.0309987608105142 0.137232403234361 0.297845904943801
0.335019372468723 0.112171105279496 0.0618423339985826 0.287261487743088
0.305074441592414 0.215576596201047 0.136201623369878 0.195545464561745
0.161794813007114 0.300905151252878 -0.00423605316925254 0.139819298495578
0.226981406293767 0.246827380163745 0.0521017714613999 -0.147501470890998
0.245359479915829 0.144875371838255 -0.128145759467349 -0.260565900313017
0.268834473920537 -0.00254061093970916 -0.277642139818999 -0.212793936669156
0.241423597625669 -0.127841973567715 -0.308439274379648 -0.051748056906865
0.154133825466695 -0.211725475785449 -0.255647073603697 0.0541883496594008
0.0572246282382856 -0.232513897100515 -0.172310640015013 0.102810388646855
0.0246162782945228 -0.262115911408074 -0.0439549879904482 0.104282423176886
0.015323882353901 -0.257422286333179 0.0747348480054425 0.0556082186326764
0.0498165020483069 -0.302693959097281 0.189014502248521 0.044283782844952
0.183998368727279 -0.311708280498684 0.266888279625627 0.0824757280532189
0.297844113936719 -0.222582645288517 0.28148922392249 0.203871659486767
0.3983665807911 -0.0312805228255823 0.149849111922894 0.285663026218596
0.40262005184763 0.176959122961317 0.000862111180323682 0.250350148304766
0.335428710271177 0.288752052375322 0.0264916703763077 0.0840786429910567
0.154232269838429 0.338320791152474 -0.0705223040865433 -0.00488626597086297
0.268424762979018 0.308375899515468 -0.00112330210337112 -0.240007177608075
0.324836865028813 0.176069060417259 -0.134481663008109 -0.294502104812768
0.337959855225913 -0.0295094533055554 -0.235549085286729 -0.223277993517956
0.274998752033404 -0.167763940247119 -0.235877836447473 -0.101855141942589
0.170305495079263 -0.243528966164842 -0.204317878791129 -0.0345399076617207
0.0656611659751514 -0.255427740242823 -0.15068009391702 0.00413518197033842
0.0418514492899756 -0.27427542347075 -0.0323093492463295 0.0038543788488412
0.0402619488538634 -0.263668638337874 0.0775656666367455 -0.0457528818635047
0.085057875922097 -0.303700652986272 0.196692969306297 -0.0535810808013228
0.213025034046339 -0.300302393032808 0.294512539252282 -0.000834503834287646
0.320504360624463 -0.206330391724575 0.315424648365867 0.16414421200735
0.420094529611602 0.0025771987386151 0.148261579286245 0.264589024087317
0.398845896439598 0.230894581430867 -0.0603195520355364 0.204875054530903
0.300988119567 0.328534669183112 -0.0693336915751449 -0.0371410682346776
0.126188342017228 0.315074684233776 -0.1492041218317 -0.145121350191184
0.258678123212796 0.308317277608234 -0.0739850603155924 -0.309227188176512
0.338039167385576 0.170795055375919 -0.138578922772833 -0.305509331691457
0.335513019872677 -0.0487294591821109 -0.179205168845731 -0.22409596378662
0.255887718029058 -0.174919363018986 -0.158482890029755 -0.160345451425136
0.158245699127509 -0.231450510468166 -0.156583295165148 -0.132722352959812
0.0659436303024664 -0.236451794287668 -0.126048969920698 -0.0991740574118801
0.0554018038795646 -0.24507938873885 -0.0138589854964851 -0.0947043204474319
0.0655977458124893 -0.231772160681879 0.0935306808359621 -0.137259924790565
0.116658237534552 -0.257374272649379 0.214738670696395 -0.12958033603418
0.226219655335568 -0.231594740231971 0.320784537400961 -0.0535183686960038
0.309883787680465 -0.134412893079159 0.326814871756271 0.143844640469323
0.378182508621315 0.0690005463551349 0.129984987587602 0.237474071521103
0.323108197424223 0.274872861454532 -0.104418497167978 0.141642379182882
0.211352109905518 0.329091592139028 -0.128612937821064 -0.158869232902308
0.065478180477873 0.240027277590215 -0.223752993550787 -0.255136930832164
0.191307022815882 0.253140489677469 -0.143253601759049 -0.341826279327805
0.274448454687679 0.134994397660018 -0.135362241678756 -0.301172585462001
0.258093572678787 -0.0481889528844548 -0.124717933448508 -0.222933097190959
0.18612300592309 -0.135194558665737 -0.0982324594931239 -0.217566348668928
0.117799543289064 -0.171868021672028 -0.127206729459214 -0.212655491243092
0.0545353786092396 -0.177460116162989 -0.106928524149607 -0.183374911240416
0.0566450530679622 -0.18143839650018 0.00681343644018103 -0.17509259550594
0.0741597847269382 -0.169850064222395 0.118525353066998 -0.209600732181566
0.120598689842394 -0.180127051432954 0.243209241873937 -0.178117389374498
0.198022330713427 -0.139089750159214 0.346945750830997 -0.0786850917542077
0.252880920214229 -0.0550090442217342 0.328234413479645 0.131223712571627
0.286619674741874 0.117793323761963 0.118799587534434 0.203880683133332
0.207335486151748 0.272337778296536 -0.111393429690066 0.0724779325365928
0.0989917277078345 0.27993212690823 -0.142866867457544 -0.261316882267111
-0.0155135382179164 0.129776881426612 -0.281696463691197 -0.311642503665246
0.0819595084433302 0.161751523326752 -0.189004865456311 -0.334061143464075
0.153869971211817 0.0840201851148547 -0.130313222571718 -0.293375238741326
0.129547855944107 -0.02535681127004 -0.0975254950965171 -0.227671881116162
0.0878192915060669 -0.0571324767415924 -0.0810606404644602 -0.254704592398032
0.0697536050388779 -0.0728461471585247 -0.123180424013473 -0.256036752601614
0.0430040476096096 -0.0857941353273917 -0.0937456002641274 -0.236182502382645
0.0485727278377315 -0.0916716013228943 0.0262463040899863 -0.227401179503128
0.0634533956229438 -0.0867544709726644 0.147059203436718 -0.251482323540609
0.0904702613332002 -0.0891049029934207 0.276489918486835 -0.197406669413047
0.129598246502994 -0.0535814131739894 0.369103150619448 -0.0755858934565506
0.16437015167483 -0.00392906604176749 0.324868855809824 0.130039503708977
0.176126310047909 0.124578018498745 0.120390257780533 0.175008568334316
0.0840170607761058 0.215906393664017 -0.0828358662073952 0.0175054155048224
-0.0125343052869588 0.183427165637929 -0.115394731482499 -0.328530696712841
0.0762811103229636 -0.0459712298187883 0.147475802726967 0.347762782522759
-0.0188617485902351 -0.112114552368857 0.139191620118563 0.00408897468783489
-0.0815994017568454 -0.0485775113910171 -0.109080754051789 -0.186690692836375
-0.0518910080172262 0.0186369634220772 -0.332968401994821 -0.158795910216818
-0.0198859784269206 0.0133242559067837 -0.419651664535967 0.0586248401710273
-0.0203633466219572 -0.00456451718360993 -0.320730278859126 0.236221740675904
-0.026273760750789 -0.00761752221075471 -0.156821112443505 0.295275696803785
-0.0390043087369178 -0.0258647218408453 -0.0131363132552877 0.296676128195522
-0.0410992670911501 -0.0246120417864354 0.104511972416555 0.261679713202458
-0.0364432876022602 -0.0347264697801877 0.161854373870769 0.272149291494744
-0.00201212852221978 -0.0448342235014877 0.144740729111781 0.284280959059724
0.00495359676881033 -0.0217986508052576 0.127345858650904 0.273278648507821
1.2699844199611E-05 -0.0426746957700914 0.124483851023149 0.308810659398793
0.0600964809012974 -0.0835750344050764 0.171708865774684 0.368862882576905
0.1039407854537 -0.0214321123904023 0.327217568345239 0.346096852244561
0.13286880785497 0.0868545000449773 0.111483669917626 0.335696123811476
0.0800600369104939 0.00391850202865205 0.108055761938985 -0.00910230948565305
0.0230297010572882 0.00882028418413979 -0.122384357797561 -0.184855105617286
0.0513401051521631 0.0132408354404386 -0.325931767805971 -0.168714633922784
0.0735300615540762 -0.0384592833012114 -0.405849215664725 0.0333405458542952
0.0418217222261416 -0.0888177175381351 -0.322335765882955 0.201269872349712
-0.00126207152415586 -0.10358059507535 -0.174612575599816 0.266820730354128
-0.0269774178896448 -0.133518704240189 -0.0260675544441688 0.268493565023232
-0.0330410495954782 -0.133683138087496 0.100200931916589 0.224143206969568
-0.0112116173184102 -0.164531772237782 0.183957456788055 0.224705609421182
0.0803728786547459 -0.174771791687337 0.197912398675012 0.245050572831593
0.144003169455708 -0.111529674621951 0.181231687836205 0.268732163668163
0.178538887782893 -0.0358298725893862 0.135064609551319 0.309222747965135
0.223481241947992 0.0191131310358959 0.133852387831403 0.330483105080061
0.233272065006835 0.104916832407825 0.260846720727164 0.28416015253959
0.167874872697033 0.213014623026006 0.0643628142313868 0.264121996700301
0.172657305764909 0.132846969420686 0.0824848085795701 -0.0697812910170372
0.142385536456385 0.0793497980902601 -0.13460379646112 -0.216659455240567
0.167302949442066 0.00412650650491913 -0.319916165981549 -0.185767366699767
0.16736202761278 -0.092774407377971 -0.375837351453097 0.00397666550598314
0.102687915857503 -0.167010938756674 -0.30213053537311 0.147275193726979
0.0254083571350735 -0.186756528221086 -0.17944177135989 0.206380777672792
-0.010596964006755 -0.221510637626922 -0.0361244529560878 0.202841405121881
-0.0217032216957334 -0.21963120178968 0.0910608150664517 0.148758375048451
0.00742445505891856 -0.264437222649501 0.197502310107745 0.137037806275954
0.133200604797427 -0.282370859463911 0.247708691783342 0.165629604223064
0.239362001774506 -0.200127626926407 0.248552048916522 0.237428472040848
0.323391125745553 -0.0530631044058689 0.157158365611036 0.304565261926993
0.356755664408984 0.0946435133758668 0.080031462942512 0.297068541979501
0.327648115906844 0.206803131882753 0.154173897676575 0.194795825399199
0.184777816334569 0.306208911264538 0.0047905573225046 0.142898143898065
0.253091669599875 0.242406045005685 0.0468050157090258 -0.160697711154766
0.26425583024492 0.136966470671456 -0.142290224381336 -0.263394807700928
0.279047458384094 -0.0197783722398001 -0.300376161281484 -0.205960334064263
0.24154587217417 -0.150043046801185 -0.323077384298007 -0.0373107321486973
0.145697094776085 -0.232228984012437 -0.262777953924019 0.0707468172264416
0.0445915177556208 -0.246287060047379 -0.171344497495418 0.11868612801048
0.00704616804574585 -0.275120402222909 -0.0392958447369629 0.110096305538013
-0.00187757964608717 -0.26928947047929 0.0809612883205198 0.0508673673905115
0.0320014948112513 -0.319561052418054 0.198630674169407 0.0314456123016146
0.170452214676002 -0.337848248162027 0.283917133732812 0.0677621180753575
0.29479643875544 -0.250239381261236 0.303213382170962 0.191926770972215
0.413644079119028 -0.0584692198079884 0.171293838192625 0.290380648990915
0.432384284756679 0.157004499382224 0.0143995313110996 0.261812608236923
0.363407373844405 0.281734886072158 0.0344321800899045 0.0864830532060536
0.179884178723519 0.346185092395316 -0.0727785889584061 -0.00373758834906937
0.299852480963692 0.30414881263859 -0.0144481179780715 -0.254106033981595
0.350275973455867 0.164646776352783 -0.150322286509035 -0.298230654059657
0.348948355306106 -0.0521682804857671 -0.25653108219573 -0.220057331396596
0.273939343270348 -0.194479080448081 -0.248918896338333 -0.0941734292530815
0.160090832484766 -0.266808419762386 -0.215418093638961 -0.0247801629317453
0.0516287113630296 -0.27095839628714 -0.155738589490747 0.0154834780775462
0.0240858189635973 -0.287890641857115 -0.0348883221509702 0.00445369430469525
0.0245817253323397 -0.277366646362902 0.0770152861237247 -0.0547381303024624
0.0670808538249748 -0.32287371338014 0.200063390432665 -0.0707906561714389
0.2003767625274 -0.327062454958529 0.306680638912206 -0.0204041139075429
0.318952812842236 -0.235442926231191 0.336466887198941 0.148642968730588
0.437991874147539 -0.024602763011217 0.167206282885232 0.268057118482641
0.43078829649401 0.21286642931922 -0.0517895142173377 0.217188581976306
0.330620348593204 0.322946739803682 -0.0724274205595349 -0.0323293925596254
0.147299947899369 0.322081853581263 -0.163135962758606 -0.145310151501505
0.288739633595151 0.303637013641688 -0.0946756532336624 -0.321195866669469
0.362880700060284 0.15479557733663 -0.155647550602035 -0.309092179621345
0.345650030545693 -0.0717499871961643 -0.196794649505246 -0.223532956272975
0.252909729171333 -0.199902685501053 -0.172742660520104 -0.160269749580167
0.148613898972842 -0.252610144970528 -0.172454787315354 -0.129258799271067
0.0532096294486241 -0.250980585538845 -0.137481126559795 -0.093861100573778
0.0412112403121445 -0.258418723304034 -0.0212765828316193 -0.0993923487231354
0.0530690584664661 -0.245144795808493 0.087758090308023 -0.151586969918798
0.103926443516157 -0.276129394642526 0.213097963611403 -0.150889806844138
0.218173646002757 -0.256039620647006 0.329365047130548 -0.0772404166193645
0.311252723151706 -0.159033600925133 0.347873927838278 0.127029744973994
0.396279668421656 0.0465839625349404 0.146931159645 0.239698558277064
0.353860558494485 0.264511827952647 -0.101510259761615 0.153090881071857
0.238768460343063 0.330251278415588 -0.141976424629057 -0.154586696302841
0.0809161019545665 0.24749814248992 -0.247402138194317 -0.255727732863137
0.215356750778828 0.250011255588289 -0.168559063935513 -0.349955197603066
0.294215909830547 0.121271335923186 -0.153810220343483 -0.305067186899835
0.264742751297091 -0.0670979454680836 -0.138341774222958 -0.225777207960752
0.183501149179458 -0.153590288006357 -0.113694776824876 -0.222931439331858
0.111263556516746 -0.188114249481213 -0.147800625906831 -0.213748173979962
0.0456085504662229 -0.187898012110605 -0.122771867239534 -0.181945481994142
0.0461401005344125 -0.192163649173601 -0.00473670221032205 -0.184786457063936
0.0659940225732141 -0.180627158784 0.109314125232304 -0.227969720262057
0.112508367398193 -0.195706737182101 0.24067343580482 -0.201989299973075
0.196180597382468 -0.157636687206455 0.354801185205515 -0.102913728000098
0.257365210937436 -0.0722247861007867 0.349827557132056 0.114270145464263
0.304142329025824 0.103677035055479 0.133253706511868 0.205188287318124
0.232142132272794 0.269954196585431 -0.112455799983489 0.0821026515725796
0.119022747888598 0.285367211372091 -0.163043123730313 -0.25951567361401
-0.00961487426918196 0.136885982669698 -0.308208542125819 -0.31156230570603
0.0958483227014061 0.162223422376133 -0.216133722088875 -0.338589101285622
0.165222826834613 0.0761970960093255 -0.14968192365734 -0.297668954249475
0.13182131651906 -0.0348615052913234 -0.110393464211001 -0.231968614640002
0.0863952082358198 -0.0652496181322689 -0.0989788376705557 -0.262259126214642
0.0675746967320689 -0.0808787797194877 -0.145443890060095 -0.259238486277436
0.0398804684237209 -0.0917882421041448 -0.112325910707141 -0.237635041428533
0.0437598513793957 -0.0980629340300973 0.0122678228621036 -0.24062702798787
0.0598511412804503 -0.0938782693354397 0.136382458455188 -0.273123692374282
0.0882382470933488 -0.0979491384744813 0.274204285063978 -0.223028369216917
0.131496608431679 -0.0634355321642018 0.377878414977047 -0.100081948312963
0.16913294461605 -0.0130380668866543 0.344990309941357 0.113290470450683
0.189267826087012 0.117771092068787 0.134041141350303 0.174408425716723
0.0994896748412299 0.2189072594605 -0.0863098473692725 0.0239490263732614
-0.00255964424070079 0.191678504860771 -0.140111539013176 -0.330441568308271
0.0746851653974705 -0.052857505421688 0.180896697028239 0.342010746165731
-0.0291947794758124 -0.112185938731505 0.144021099529431 -0.0115890907326189
-0.085701426168296 -0.0423819864975614 -0.125933760566105 -0.183167095961305
-0.0506193121659813 0.0230697434915927 -0.351486056792276 -0.135199189305722
-0.019275607450949 0.0147619115099567 -0.423248293916369 0.0970121934656487
-0.0225822443317582 -0.00326237809094321 -0.306173849851065 0.268737668727351
-0.0282597300558573 -0.0070121621780348 -0.134300895077815 0.313092739338293
-0.0432640972455712 -0.0232611409557472 0.0127850150335632 0.303802598914802
-0.0443871535255783 -0.0228655270449741 0.128908165587531 0.258120965487281
-0.0397454629362798 -0.033402984784281 0.189835936607791 0.26427719365031
-0.00522182973850741 -0.0470151453966485 0.172573824978358 0.279874049143529
0.00391028168218713 -0.0232449638317859 0.149134404727531 0.269822284316474
-0.0018991641913144 -0.0442679602893772 0.149847086193602 0.309229267079156
0.0526620768505217 -0.0899262222309157 0.207025381221861 0.364880119421302
0.10358396722402 -0.0277378455119791 0.362128503157175 0.324739596144603
0.14316382992238 0.0795982282868782 0.142873696849774 0.331616668841434
0.0821704119801869 -0.00267899223512973 0.110943854700507 -0.023184146223907
0.0256607315620154 0.00850382664676691 -0.136958040502905 -0.180130932568148
0.053661055438496 0.00922193844993026 -0.345368537869772 -0.145559994051955
0.0715472892425807 -0.0458291369132795 -0.411136281222576 0.0680354542492958
0.033633377213335 -0.0950348565652565 -0.311246000619737 0.231396063777974
-0.0109564935736268 -0.106786574967386 -0.154997633430224 0.285545241864217
-0.040924425371555 -0.134909706464229 -0.00421980872153972 0.275624495371661
-0.046003433608164 -0.134892902958742 0.120547203625559 0.219277842280036
-0.025798086404814 -0.167464693996378 0.207478910914273 0.213228599686681
0.0665692300889612 -0.187380055818434 0.223407127693433 0.233988701767308
0.13793931480357 -0.126586478182756 0.20463207629002 0.259132908202379
0.180825972331605 -0.0526369802609594 0.161139215364257 0.308785287857084
0.230027077575637 -0.000215777150974622 0.164999506871485 0.328469007288236
0.244757942944704 0.0903395044262641 0.288610006349761 0.266882233372323
0.188675343684119 0.207144530986982 0.0885543521815513 0.26242049191976
0.187800265192749 0.120826672629435 0.0791285570170413 -0.0824073458782242
0.153501343063357 0.070838401279208 -0.149969366143209 -0.211705316768532
0.17160399571495 -0.00985467198813051 -0.341617124448456 -0.16431792312085
0.16196782622149 -0.109849746704536 -0.382868579820661 0.0340692395743756
0.0889120943981546 -0.181284781754663 -0.295750631549107 0.17415115220781
0.00895462835053381 -0.194627426662465 -0.16471396560314 0.225357322439967
-0.032220331699092 -0.225842539049063 -0.0202800388759652 0.209681784570761
-0.0415166739971324 -0.223625593520678 0.104697635735851 0.142595986094337
-0.0153316818459971 -0.272143446860453 0.213040217783839 0.121380698354844
0.110905810231247 -0.302222842367579 0.268534683121104 0.148521298637521
0.227320323827122 -0.226642660152699 0.27109543463694 0.220702026971993
0.327282539830545 -0.0831903018893436 0.182480480734945 0.301788435496806
0.374048033717643 0.064714760403076 0.105671829591494 0.297510522189188
0.34919033651357 0.185818585727527 0.175121827359138 0.184643103674288
0.212821638265941 0.300818145231648 0.017030632250105 0.14334039690232
0.280325337167082 0.226192845094649 0.035521919013888 -0.172316203393587
0.282861121172579 0.119358086977626 -0.161323110715405 -0.259122862328717
0.283458586877249 -0.0437900596180615 -0.32234421666195 -0.18719560321838
0.232264565589644 -0.175437751923187 -0.332077264641777 -0.0115483246068158
0.127078600099255 -0.251579111015815 -0.26335735257749 0.0930064549786747
0.0241108454642142 -0.257502956909505 -0.164059096251069 0.137216168612396
-0.0179087404046679 -0.281679418078051 -0.0315576464181428 0.115357746290244
-0.0254532319629683 -0.275031623649771 0.0855981323985894 0.0421110696126181
0.00451529128278983 -0.330591588490901 0.204523263475846 0.012565737335695
0.143463199915735 -0.362131482360474 0.296142024441499 0.0445775662167136
0.278606372306365 -0.282381815334968 0.324078106343918 0.169099952800979
0.418487254108016 -0.0969892361668223 0.195368641376299 0.285885848817008
0.457631614077949 0.120975272590266 0.0346442029395883 0.267446015368651
0.392115257974501 0.25816837141364 0.0435870810388549 0.0855956442861652
0.210662764902884 0.343104991795257 -0.0747195408969263 -0.00117048398398488
0.332414870115459 0.284773380172496 -0.0349390957838177 -0.261412303264331
0.372594543245029 0.138511039805535 -0.171418060563881 -0.293961767985058
0.352631404835224 -0.083129599228074 -0.277866073223232 -0.204896794588965
0.263019942393338 -0.22387860193454 -0.260928376103387 -0.0770232328997909
0.138768203880479 -0.288774696467706 -0.224236181114919 -0.00893624672732715
0.0301523447064021 -0.281360592109562 -0.156303775382764 0.0302959572291393
-0.00136573302772799 -0.297095982838455 -0.0362877021875151 0.00667636363344149
0.000235185905705826 -0.28504899064132 0.0724998477797794 -0.0657617048071116
0.0394457576137323 -0.336477227305274 0.196994392379112 -0.0913671818158522
0.17523035073346 -0.353440124714908 0.31217004829575 -0.0474599840183282
0.304070654484754 -0.267336247785378 0.355202210363469 0.120942327381702
0.444170948246383 -0.0646540841472205 0.189599594124596 0.262426895871057
0.46070939142262 0.180400956090686 -0.0371466871081313 0.226276006260931
0.360909146565694 0.304795218029397 -0.0748346056726635 -0.0261126625272164
0.177395651681207 0.321120004738858 -0.178155570284992 -0.138364334318949
0.322284407233361 0.284561876344688 -0.123762635728442 -0.323362597812554
0.384491806883904 0.12763436063849 -0.178354359803774 -0.305248518959472
0.346027432945486 -0.105176304428692 -0.216091258146499 -0.213460764869746
0.239387766495319 -0.227541832136696 -0.187154234362068 -0.152067131149575
0.128337147871315 -0.272818969338778 -0.188183181656025 -0.118993354574424
0.0338003429475798 -0.261543032802385 -0.147173014484884 -0.0814622567711894
0.0185020701514743 -0.267774355214212 -0.0313387008611113 -0.101156299980658
0.0335034217348382 -0.254534962724174 0.0751681773704137 -0.16534321243195
0.0804603353358967 -0.29150319763455 0.203827958405661 -0.174139607522854
0.199804569958968 -0.281675614318717 0.330743318626162 -0.106570646402727
0.302841588710593 -0.187960049683189 0.365134422904618 0.0971818583908389
0.407069455201509 0.0143283528117765 0.167139803592423 0.234191321757754
0.38450137072958 0.238174074218598 -0.0927811149525883 0.165789746658659
0.268127605728218 0.318333520761354 -0.155372773415227 -0.143025256318297
0.101235400395417 0.249118672091667 -0.272971750529582 -0.244815576887223
0.241297682342561 0.236441358377123 -0.201924377405919 -0.3448272623787
0.310422383578601 0.0988577118391255 -0.176386839126689 -0.300263533607325
0.263092334408527 -0.0919597951068018 -0.155848631249427 -0.220702031439098
0.172644076886365 -0.173404633096002 -0.132713099345835 -0.221733464501853
0.0968829254998169 -0.202490224357778 -0.169732285821326 -0.206083183250454
0.0311050002896753 -0.196010122740504 -0.140047148101637 -0.173526752899544
0.0292480098517943 -0.199732482627349 -0.0216870065195754 -0.190925314908709
0.0512802144682897 -0.18941919116215 0.0903929078680186 -0.245213650508464
0.0976150958386691 -0.20892159184865 0.22641102208636 -0.228832677301537
0.185785292227777 -0.177392377172553 0.354204855559178 -0.135928615177227
0.25517356074523 -0.0946308218555762 0.365011076850477 0.0851557517004643
0.317476467791024 0.0785302923314205 0.1502108278752 0.19887621339657
0.259261274293777 0.254353886958978 -0.109605652129642 0.0938321412568033
0.142505856887466 0.28228218859449 -0.185732314008453 -0.248210869356126
0.00055842124824361 0.142368887101608 -0.341167738390192 -0.295715951643728
0.111404217523629 0.156315325696992 -0.248097711767337 -0.328616434259924
0.174566557424695 0.0625192480371765 -0.173358204463603 -0.292142095552008
0.130363701572056 -0.0480437580748232 -0.12657311534436 -0.229947645523122
0.081397574475189 -0.0741037577854693 -0.121490193827438 -0.26287990189486
0.0621107024431581 -0.0896025834383525 -0.171418286869371 -0.251828511667271
0.0332685599833554 -0.096593720859467 -0.134926290497968 -0.230967059687458
0.0353708507947275 -0.103423547051815 -0.00899880680141547 -0.248574880718105
0.0525530289462475 -0.0999427356329652 0.114430004924592 -0.292614978436696
0.0801697752562753 -0.107079223900028 0.25877471418284 -0.251174651563359
0.129079553740969 -0.0750253954934754 0.376609428504939 -0.134780110188342
0.1698170531014 -0.0259544918418433 0.360720779456854 0.0856401913231485
0.201888352677217 0.103490743413896 0.148441982753602 0.167656515334023
0.118643139423797 0.214558161123588 -0.0876282460726886 0.0326594656006678
0.0128065974788155 0.195857919404051 -0.169129677201682 -0.32193206567857
0.0701643236619902 -0.0581573661032245 0.211383346858625 0.323361747982644
-0.0392864701207779 -0.107840844402869 0.141676272583193 -0.028372859114673
-0.0871042707526365 -0.0342920216991866 -0.138651741742056 -0.17282494360992
-0.047950267864653 0.0274575547020438 -0.360535884697867 -0.105225387651748
-0.017752162074352 0.0167125910674189 -0.412715297798426 0.132332553335469
-0.0234410214671807 -0.00135332475561335 -0.28089163422612 0.293157363135271
-0.0303000551966036 -0.00613646662187578 -0.10635696679965 0.319867571610969
-0.0464864353924719 -0.0198427413954011 0.0398498269828709 0.301983143033456
-0.0466825912688291 -0.0196084992723036 0.150111186412392 0.245654899291101
-0.0416425368419558 -0.0304563705914637 0.213065556280877 0.246344638850891
-0.00898494003477962 -0.0481227317741254 0.196663748388847 0.265066132004088
0.00280654672803234 -0.0238596972581363 0.167259579474131 0.258423948033909
-0.00460327945717742 -0.0444192229641151 0.17353222078314 0.301108576971999
0.0432437773207616 -0.0936838635009173 0.237885860170867 0.348556622356321
0.0997846022098648 -0.034080156582349 0.385414779523804 0.291386173912762
0.149138856993335 0.0685908562863916 0.171373639006142 0.316626019768014
0.0812857416033519 -0.0090826300552184 0.108244497467794 -0.0370062925707845
0.0276573384572716 0.00744308544184351 -0.14813155391975 -0.169797722283428
0.0544337514090511 0.00450758403128104 -0.35532789770639 -0.117022596215521
0.0667464224478152 -0.0527812326245814 -0.4032584842581 0.102003630196313
0.0238824993444216 -0.0976885056279602 -0.290310878147963 0.256376573730418
-0.0214344403336159 -0.106693673183582 -0.128779184142872 0.296013244456654
-0.054093987534156 -0.130975760897013 0.0203895628750717 0.275652541198735
-0.0576444119360226 -0.130464103326429 0.137729603153665 0.206649761479793
-0.0393923037045451 -0.165822411292033 0.225782296743866 0.193004087827902
0.0493713379169988 -0.194503423529257 0.243471809741837 0.214958601025995
0.126655441756796 -0.139128840762385 0.221536921551907 0.242228739561906
0.176827362748179 -0.0690330052405713 0.184023244397285 0.298978565945124
0.228524881222169 -0.0203742759430844 0.191067824566154 0.314846861126936
0.250361237312229 0.071456682315273 0.308628359477675 0.241243246724428
0.205709371351532 0.193900079273108 0.11053098556091 0.252181934980206
0.198606645889381 0.103977069065235 0.0724207152448271 -0.093331512242488
0.160115433585829 0.0584273198809546 -0.162528111179915 -0.201213882775784
0.170122291679343 -0.024497710888315 -0.352379437261024 -0.135946938883309
0.150939400228509 -0.124491838586415 -0.377451563133591 0.0655230279287398
0.0706444583082629 -0.188471143591361 -0.280975904329535 0.197794896579181
-0.00787245685045383 -0.196137719508158 -0.14370978133283 0.237587050042373
-0.0533387368891182 -0.222368035123042 -0.0025373642356271 0.210454567775008
-0.0615314181866108 -0.219060750021887 0.114440409707547 0.131414351274811
-0.0397389337659398 -0.270642144013573 0.22161878016574 0.100553748207921
0.0832506538871488 -0.312275384548089 0.280401593652394 0.124823860583424
0.206760092454487 -0.245924904932882 0.285156882427927 0.197177748546055
0.320312305766335 -0.111919272423689 0.20499353844833 0.289524766298557
0.379423980781108 0.0320730308996202 0.129920084592344 0.287782264525919
0.361411661441155 0.159085780211768 0.189822532454636 0.168583845976136
0.237915691340098 0.286237229506761 0.0294127248111442 0.138947592975416
0.299339882499765 0.200391204306307 0.0207426516769528 -0.177487789051931
0.293985338021588 0.0958297823084073 -0.175171247685714 -0.247665346731787
0.278525111971516 -0.0674784048123337 -0.335085170497711 -0.160796300538304
0.21514085879684 -0.196643999135311 -0.330004140286059 0.0146574291458585
0.102520393899722 -0.263051082516383 -0.255891635710471 0.113791447748643
0.00138652101932087 -0.260040802524431 -0.150536082970104 0.150546699721201
-0.0439944000470624 -0.279719139177128 -0.0229741304442303 0.116895078594129
-0.0496635214424637 -0.273038129516856 0.0862756652198538 0.0325174198858813
-0.0253910302830413 -0.330780297662782 0.202626310331285 -0.00709532202244004
0.110293949881891 -0.375323604665564 0.29905568908544 0.0179706867726846
0.252101998886719 -0.305894353701732 0.334522969020586 0.139914685766663
0.408595703606144 -0.13515677854 0.216349154372934 0.272117964433662
0.467863797994424 0.0807404175452027 0.0553977603045377 0.263212695677975
0.408063196810872 0.227142064533698 0.0520751524358959 0.0819334246565513
0.239216652138841 0.328218313769755 -0.0754234785040102 0.00261940532890141
0.356996505994853 0.253999840637871 -0.0570890762601419 -0.259916329966211
0.385500404363011 0.108664478538004 -0.188185316244425 -0.281342149126397
0.343110930174942 -0.113056271233246 -0.290948627675663 -0.181779358112792
0.239623947526378 -0.247340935929017 -0.265247580396167 -0.0582266386149515
0.11092009377844 -0.301039753490783 -0.22485837628564 0.00923195658431206
0.00554426646782638 -0.283940784444999 -0.151270381022011 0.0438446472399803
-0.0285976161930263 -0.295650154256196 -0.0369567384883263 0.00868137056686093
-0.0235918976652846 -0.284663052197503 0.0637285232551345 -0.0740674684159502
0.00939494689372678 -0.339785139093457 0.185464714283363 -0.109821376967466
0.142751688396591 -0.36877986936457 0.307331665890521 -0.075067070810383
0.278393709049559 -0.292748391409537 0.361114798112379 0.0883571321299875
0.437399561303973 -0.103724622317414 0.208140331642663 0.248186542248656
0.47607609460725 0.13870831173173 -0.0199613863870927 0.229402606960719
0.382962581121801 0.274253322571625 -0.0749434050295436 -0.0185926663197596
0.203031734606868 0.309164669495202 -0.189864914449882 -0.125855205108524
0.345838140074985 0.25504674050566 -0.150815893211591 -0.313469952478068
0.394993172001267 0.0959859193638435 -0.196648337582788 -0.291932107620353
0.335201703266895 -0.133505782148484 -0.228764025258024 -0.196803081262152
0.216498324910729 -0.248307155007454 -0.198086170573871 -0.138754033241464
0.10250056684667 -0.284372822743671 -0.198804998842418 -0.102997215885206
0.0115814203414399 -0.264116953398952 -0.151136300243358 -0.0673130856198844
-0.00659035925451692 -0.267929970553852 -0.0410942223321232 -0.0996792704107124
0.0116964075688734 -0.256180168383803 0.0581809213150768 -0.173647412059149
0.0537605864457172 -0.297380821285433 0.185722381877264 -0.19193142878627
0.17341962547092 -0.298551703698119 0.320620668377713 -0.136200850732124
0.284147637418544 -0.21214485978024 0.369917493138529 0.0638097117289878
0.406182250454029 -0.0222776107859032 0.182696192768936 0.22172391867577
0.403221041850153 0.203109696113499 -0.0805521866697301 0.173839341606087
0.290128203975022 0.296077640250023 -0.164033050983635 -0.128405966623122
0.121910211098565 0.24261728969555 -0.292564255399704 -0.224158551413487
0.260340391855215 0.212970709178929 -0.229711306168033 -0.327824407234136
0.317449070430983 0.0709321162573632 -0.19602498371803 -0.286985164643694
0.252244521987652 -0.115044922827466 -0.169556083163843 -0.209213348600742
0.15457906302957 -0.188026691096065 -0.14873632215214 -0.213023960804396
0.0765416903961531 -0.211215802287581 -0.188185949971938 -0.191074093286878
0.0145794531090889 -0.198502712230874 -0.152675559723718 -0.159142575617529
0.0103320629415352 -0.200795934678123 -0.0392832875118484 -0.189609659875967
0.0349614351432231 -0.192668391315767 0.0665429815241086 -0.254258531046915
0.0781319688328412 -0.216038147461805 0.203528079665713 -0.247037427542575
0.169138643581675 -0.192935697657302 0.341555635399241 -0.166763360966596
0.244340409215163 -0.114027207948944 0.369167414817957 0.0518253400030441
0.321043155637731 0.0516332553023613 0.163993441443203 0.187255358733872
0.279595526458324 0.231258399020456 -0.102870719131068 0.103248977707164
0.163885579171565 0.270175412828352 -0.203058621255823 -0.22849773735953
0.0119579805850373 0.143380653513527 -0.362982026077483 -0.269389704703818
0.123587524141803 0.144950552132473 -0.273829302367305 -0.306901676356305
0.178512681743515 0.0454095780537124 -0.193289052536432 -0.278377414083299
0.123394754306818 -0.0593159609930499 -0.140897502524217 -0.220996805097603
0.0728368943482433 -0.0807964861654881 -0.142310231063264 -0.255342043788401
0.0533341078172765 -0.0950744119532202 -0.192144568507344 -0.2356965193496
0.0251275535633891 -0.0994333709518032 -0.154013022911151 -0.217602923547855
0.0259151090631029 -0.10485148768305 -0.0319833096905348 -0.248715112594076
0.043819173888522 -0.103483548474387 0.0869890204285208 -0.303027709052134
0.0705615951830149 -0.11330660714049 0.23477282467793 -0.272397402270837
0.121446944226417 -0.0853680437162159 0.363027728044377 -0.165744314094371
0.165828535857031 -0.0387986921727458 0.365819101461898 0.0533358856041261
0.20816421035825 0.0854281490700044 0.159361966239698 0.154965337693122
0.135821808664304 0.203692186414716 -0.0853545072037452 0.0411731187961008
0.0285490654825344 0.193836435379486 -0.193855100864053 -0.302472590775641
0.0647330665194547 -0.0615782621939232 0.230104612807863 0.300040569693657
-0.0463120863412114 -0.10167600015468 0.135546123257593 -0.0415017050128886
-0.0860473471385823 -0.0279767286553198 -0.146483244161131 -0.161115508315871
-0.0440119682856852 0.0296583896978581 -0.357593302050838 -0.079213700740794
-0.0159993797752415 0.017089823812305 -0.393460181991657 0.159262285385684
-0.0235572160642954 0.000934947248946861 -0.254811488810834 0.307271246214259
-0.0318593510464222 -0.00497434229204952 -0.0832446762903881 0.318861970483418
-0.0482876690244354 -0.015653822877558 0.0608618814837563 0.292877638286827
-0.0474187784375423 -0.0166391487593023 0.163138424446538 0.229805331824978
-0.0416885671570358 -0.028547128048574 0.227142715578797 0.226613989370283
-0.0118489651035103 -0.0477071684871672 0.211922177763376 0.247269290608148
0.00246616194415201 -0.0243206010887115 0.177266082429191 0.244384501065269
-0.00653875461973996 -0.0446737202886593 0.18966116786024 0.287349273871111
0.034248225050945 -0.0937173472806773 0.255391981801164 0.32608626411601
0.0949095138585293 -0.0374286056776173 0.393667675449037 0.258065845488919
0.150971383711861 0.0587918653120108 0.189377401799749 0.296270211546405
0.0788969028213046 -0.0138874287415692 0.102220476729278 -0.0475860155821395
0.0296361488346346 0.0058185865595293 -0.152991709317396 -0.158904948302371
0.0544269820369939 0.000629590513644302 -0.354235623987208 -0.090819868835314
0.0618006840192272 -0.0568023841534687 -0.386293252018101 0.12759597703373
0.0154191324379136 -0.0978253281644156 -0.266540556375438 0.271407821371871
-0.029603113889442 -0.104561111937893 -0.106178580362421 0.296627550631299
-0.063636371387629 -0.124491904987646 0.0389580629924688 0.268723803926133
-0.0656322458320008 -0.124785561278795 0.148057439032067 0.192254885363715
-0.0503128242820652 -0.160569422346382 0.234242388012115 0.171393687611999
0.0340482432527773 -0.196047564843806 0.254183405565403 0.19395670954147
0.115644287068478 -0.145511997956833 0.229826647014124 0.223542653010101
0.169777586020048 -0.0808184912461825 0.200120104284714 0.284766391656527
0.221911801576268 -0.0356282501675427 0.208336609563483 0.296076003572985
0.248097693686926 0.0567280555998962 0.316031914219752 0.213539711731259
0.215846937169942 0.177866638900686 0.12500395377072 0.236857527874239
0.201639697063413 0.0881395063225678 0.0632050218004584 -0.0995497983452298
0.162967648150305 0.0472858246969395 -0.168737662591285 -0.189007252196887
0.165692151189906 -0.0355118410013564 -0.35288450068042 -0.11053228366892
0.138595281876976 -0.133127455273248 -0.363202694214475 0.089206705369214
0.0542187879936646 -0.190650726413211 -0.262362988642537 0.212049808915074
-0.0229739774409708 -0.192753758002926 -0.123966370899624 0.241389342493626
-0.068860561693458 -0.214447206626391 0.0115325505045993 0.206302330095088
-0.0746896565783868 -0.211733683211971 0.118401776457262 0.120120488897066
-0.0578469057108786 -0.262558348829904 0.223477284479681 0.0819204668016884
0.0585724967221885 -0.31378705909403 0.284633514239951 0.10147716955573
0.184909839375217 -0.255577318078017 0.290358059057735 0.174561896786724
0.306734465552948 -0.133727774439069 0.218766416913085 0.273775178658659
0.373496246314158 0.00355222511734633 0.144950866174932 0.274675372904911
0.362691262814812 0.135173576210393 0.196171325375399 0.151427084820866
0.253574613688619 0.267302218942306 0.0367811695677447 0.132550968049181
0.306898235720366 0.174435265607806 0.00799784063967139 -0.177464975471629
0.296467422619282 0.074798441021485 -0.182534288930754 -0.234896360571425
0.268367670571484 -0.0859490325717266 -0.335785054004303 -0.136117369295873
0.196442811316285 -0.207968155588619 -0.32036069204381 0.0343950428453879
0.0798163099841483 -0.265624870495952 -0.244098288990764 0.128209243269953
-0.0165738879787919 -0.256025033104294 -0.135166999027459 0.156897428617872
-0.0642760477068352 -0.270437531326736 -0.0152021207097045 0.116381054264717
-0.066673922192739 -0.264880219748654 0.0838814751809826 0.0250395133062778
-0.0481009954919023 -0.322098830029994 0.19645631231627 -0.0221577576868215
0.0799644761260629 -0.377900109058257 0.294692799089407 -0.00403758291463071
0.224995773045661 -0.316184935172389 0.333518064730494 0.113259429550127
0.390398440621117 -0.162925210903152 0.22817401473419 0.254931406171739
0.463799512324178 0.0433184357662984 0.0701947157597425 0.255809463281162
0.412402649770436 0.198418148552232 0.056426935312446 0.0767430674335438
0.258898835005136 0.308551859188022 -0.0742722293789724 0.00543498964607058
0.367108023059891 0.222566660626552 -0.0731928485659655 -0.252003100845941
0.385111634408159 0.0803895645761724 -0.197453250542191 -0.26767025978814
0.328908723965625 -0.134957437801715 -0.294119070711219 -0.160952378329618
0.216754161771773 -0.259196265430917 -0.261137741519939 -0.0420998020937586
0.0856052977719697 -0.303607901221381 -0.221500731945018 0.0236043029606134
-0.0144407949121766 -0.280324785799506 -0.14318156557343 0.0534788533783291
-0.0503633695827344 -0.287106307720279 -0.0366557009971101 0.0104037493280013
-0.0419981322188354 -0.27833115219235 0.0538587597610575 -0.0786057197913398
-0.014566698306381 -0.334062341708395 0.171982881178952 -0.121373723197218
0.1109086720102 -0.373301369205271 0.29575912215606 -0.0959643083223482
0.251852927010313 -0.304796828728143 0.356649142019505 0.060507605811228
0.419864275412287 -0.13132428427207 0.218070537084384 0.232118230758134
0.47526391393207 0.100401547204374 -0.00624583103244713 0.226941825165695
0.390879105605894 0.247408370125176 -0.0734109225875937 -0.0125251873611519
0.221105051754211 0.293028259824721 -0.19490535531086 -0.112475161038257
0.355131314466013 0.223957220315822 -0.168727767609648 -0.296529769208804
0.394021051649597 0.0670066485834978 -0.206742195340732 -0.276858100772392
0.317904156234467 -0.153797943080865 -0.234090382294383 -0.179163540477895
0.193452438745382 -0.258401111563242 -0.200951808548551 -0.1268426697091
0.0785272288540891 -0.287149963812099 -0.203748593107829 -0.0883932380400537
-0.00666940724758391 -0.260977487466712 -0.150400019046486 -0.0555439562898311
-0.0257209648437176 -0.261535071118237 -0.0490818207449375 -0.0957934138895738
-0.00570007239397172 -0.252644493544974 0.0409206519721679 -0.175637851124203
0.0309134261321049 -0.295422563648813 0.166603613854604 -0.200973369089846
0.147884158944677 -0.304922553167821 0.30518012371148 -0.156341433882438
0.262991488183512 -0.226852612013991 0.363192617213373 0.0357148919361643
0.395090527782631 -0.0502651792423963 0.191557647581897 0.207121825067678
0.40839506323936 0.169150944547086 -0.0692120664543059 0.176776698580793
0.301667919870724 0.272870208420818 -0.166631481235583 -0.112994343469837
0.1366454408324 0.232100585338888 -0.301676300211367 -0.202438496657325
0.26912165777138 0.188507960473276 -0.246046467710472 -0.30552220435337
0.315413367819153 0.0481565840122395 -0.206324804335301 -0.271521906943258
0.237647472058101 -0.129769726858018 -0.175933473476883 -0.196710553956514
0.136369380238849 -0.19497256783523 -0.158153597147647 -0.203243847680532
0.0588844622074763 -0.21323091487292 -0.197631036614324 -0.175297487560922
0.000676104565821616 -0.196842260152288 -0.158295710036248 -0.145079939181018
-0.00442061499496431 -0.196507144467107 -0.053050017508566 -0.185305517402681
0.0222273733011792 -0.1910699476163 0.0439470801821185 -0.25554767193092
0.0601294724190214 -0.216709272905482 0.181072268695231 -0.256183485350678
0.151053887290295 -0.20046448939823 0.322942386147957 -0.186756960125982
0.230385487193292 -0.126834800529479 0.363198667895628 0.0237727047270785
0.316538875889601 0.0280385688966659 0.1703697992709 0.173964526764476
0.288903018374045 0.206441262420625 -0.0952760511038439 0.109659356009493
0.176362885902328 0.254037480281846 -0.211386617335782 -0.208551913311642
0.0217934719836577 0.141575711938435 -0.372965964290987 -0.241515751391646
0.130221586888707 0.132380124571218 -0.287804441122303 -0.28225580510821
0.176321433958602 0.0315863037941151 -0.204554114034311 -0.262103102832142
0.115354019095153 -0.0664505237576032 -0.148381649304921 -0.210109506060668
0.0636548248764741 -0.0831537060450288 -0.15574315619926 -0.24417730497561
0.0450624345353002 -0.0974930481837817 -0.204606877955577 -0.217935370086769
0.0188118787023662 -0.0999576672820429 -0.163415130613115 -0.201910605436257
0.0170626873475046 -0.103391658186162 -0.0495323518027093 -0.24326098703883
0.0361221061263504 -0.104088950960253 0.0620806965847984 -0.304336842078066
0.0603379984130313 -0.114219828044208 0.210493469721444 -0.281597440183243
0.112895247908773 -0.0914411965702812 0.344871433241543 -0.187252816629878
0.159164373160845 -0.0472986840799096 0.359251814148458 0.0273799678032398
0.208545095794916 0.0693681009779118 0.163958720128096 0.142537344437527
0.145650928197954 0.190051983737366 -0.0816272899413781 0.0477357876159544
0.0403681885200667 0.18812602312275 -0.207136349948643 -0.279920807934241
0.0865448010456509 -0.0285888144936212 0.0880097112410023 0.352296496147898
-0.001052128389911 -0.108131725843803 0.132929534154399 0.012290002279755
-0.0655539827233953 -0.0590808385045416 -0.071650227631887 -0.199111613364398
-0.0494622333751902 0.00954047895777241 -0.295948928520902 -0.20692490405942
-0.0165852144727078 0.00816265387770925 -0.416709207268682 -0.00513626829527236
-0.0211952740869393 -0.00952150370251005 -0.34745159541327 0.182299385454615
-0.0278045443561595 -0.0177161070043004 -0.197571831548255 0.257558587348313
-0.0384686621021669 -0.0327697061423424 -0.054455607656152 0.288308204182579
-0.0353140834954006 -0.033632621674326 0.0616944282384928 0.268726890390278
-0.0248569927769407 -0.0427768464298359 0.121860872765514 0.291178167289973
0.0108766074240783 -0.0499620053602978 0.0968529293894443 0.303306745186977
0.0155824823260389 -0.0224486949874977 0.0637449572235483 0.291002260903263
0.0161993277586728 -0.0437855208108045 0.0608390891399313 0.334045355580772
0.0677935177418043 -0.0719074248295031 0.117629277150697 0.391523151458477
0.106978702294787 0.00215132647170726 0.259226557525886 0.388829563597142
0.115273241327319 0.120472340299283 0.0636724147782805 0.321887762603645
0.0760340178685089 0.0199713459008149 0.110501957132332 -0.0125807909304691
0.0252729845752015 0.0174499501182702 -0.0749981168217869 -0.20863481434383
0.0490812647725952 0.0233184911255162 -0.28866592132245 -0.222767306508048
0.0811468123948086 -0.027848835058697 -0.401258867108169 -0.0367904646340546
0.0513006325656557 -0.0827947790279571 -0.347758780022369 0.140952307203214
0.011673149305347 -0.106983014168025 -0.210711275242014 0.227337539446135
-0.012697578286507 -0.137334086910884 -0.0652197457689684 0.258629727002076
-0.012441597887115 -0.13943332798748 0.0619900825343189 0.227139945527095
0.0137039773887476 -0.166195687368026 0.151286118114887 0.243082576834155
0.104955045330258 -0.170794302439879 0.156536129920227 0.269257970170242
0.162806271978476 -0.0935344506666649 0.122082946212351 0.290988010192652
0.192828138770034 -0.0168759975510626 0.0729206744894014 0.337872978109648
0.220440592963323 0.0443482269915691 0.0844352850961114 0.356100607017795
0.215327505975551 0.14082280929682 0.198262127798334 0.324606633076228
0.124709000066735 0.258694804264341 0.0389314283334138 0.233669589182995
0.144638453314991 0.159952505441676 0.102016562926228 -0.0803970455424602
0.130094297128673 0.108081351958402 -0.0712468572479775 -0.251443461675632
0.161790419585996 0.0358066114431883 -0.279575730015683 -0.247363062546689
0.179189389859264 -0.0658824266783947 -0.368353184686021 -0.0680900340874519
0.121124679604845 -0.151744831729667 -0.32391546864867 0.0852705182823954
0.0514787109502296 -0.183586968079068 -0.206708341091304 0.168310113998327
0.0152360486600831 -0.221061562691091 -0.0670524067854734 0.192679902554053
0.0107961968478211 -0.221244290961654 0.0643752646225075 0.150053707224547
0.0428134255361317 -0.262836908855476 0.176675910656617 0.155238219848579
0.167098271230421 -0.271788612961786 0.219153863416825 0.196527310796982
0.265553939299234 -0.169282618636656 0.19803095569639 0.268452931988371
0.338656108604373 -0.0197763591590363 0.0971810588253728 0.337092276297572
0.346569771755796 0.131466401998776 0.0346264340188798 0.320974634356887
0.29232557058327 0.250927218994119 0.107382023598126 0.227033724616937
0.123125901148066 0.358047509617961 0.00652611326771809 0.0987539113395251
0.204715867600767 0.279868521733286 0.0867633774872748 -0.177181489359029
0.240327720421787 0.185224944576776 -0.0639032476823167 -0.307015160954155
0.273699706698427 0.0319297559138911 -0.255869292606451 -0.271411595377926
0.259540058568774 -0.110621160497225 -0.310596636514695 -0.107147238741345
0.173042252327539 -0.209371722604316 -0.276947598304446 0.0122642303803703
0.0808876941812327 -0.23799708341201 -0.184867674014309 0.0867202748397729
0.040778556108344 -0.271182686565915 -0.0583968039468541 0.0997931076549238
0.0366192408121975 -0.267399385877657 0.068199669275999 0.0501156540120241
0.0708718878664405 -0.313073579387685 0.191537556046574 0.0503527202230432
0.208033693952336 -0.322873015842641 0.268881624081919 0.104428510927774
0.32371069281574 -0.211605343126191 0.262876393752171 0.229172651778568
0.427086237773121 -0.0172131310469029 0.112796235507699 0.323853261159772
0.415680490262427 0.200193873539567 -0.0286155590432568 0.280547290374665
0.31599101794865 0.326568071085153 0.00574396095819658 0.108064405570388
0.108124185679045 0.399039486679802 -0.0418874829270118 -0.0607072970467435
0.239875150491356 0.347252136583178 0.043925846474522 -0.278394657651531
0.318834903030961 0.224251465529729 -0.0638846408405076 -0.349066081699715
0.345530732457794 0.0133752087662867 -0.208975749809566 -0.282403689671044
0.297260644552619 -0.148059959748132 -0.229151395021221 -0.155718896807808
0.191917543073661 -0.24131210367126 -0.218541640269386 -0.0753761557943774
0.0933421051136072 -0.259165203825365 -0.153205434949492 -0.0104099100808986
0.0594872452957273 -0.281351348602053 -0.0387847368851908 -0.00388931946114167
0.0646872546617306 -0.271222813381441 0.0794417266845642 -0.0553043228345975
0.104427315019424 -0.311694757119635 0.206525858661149 -0.0495454186863858
0.234255157414192 -0.307731491871597 0.304917937267991 0.0212485761265486
0.343571166942024 -0.19198864230609 0.304568661807676 0.190103616340765
0.443361032187902 0.0214447053870453 0.112094834436405 0.300187394152767
0.405392683644676 0.256491790371151 -0.0902770923163284 0.228004892386504
0.276056317962629 0.363558206392735 -0.0797255332243119 -0.0242590151339923
0.0814930181177404 0.367874194261394 -0.107334245415762 -0.210106036290048
0.227810486112759 0.343366226528681 -0.0254933822280739 -0.354425317756173
0.329866684024457 0.215682213149288 -0.0698677543450774 -0.361666254840117
0.342915425500001 -0.00919264429102648 -0.147112878412079 -0.277755812074139
0.274527478554297 -0.154757391049971 -0.141217212133762 -0.209788554457038
0.179593674676988 -0.228120417122831 -0.158401447553715 -0.169216633258433
0.0930250283121123 -0.238591966049361 -0.116586942905296 -0.112055956513241
0.0727435161881955 -0.248789321457065 -0.00975153251197944 -0.105709343751106
0.0885899937994761 -0.233813587641128 0.104461378279173 -0.147279310227106
0.13162055615271 -0.259462185494638 0.231436933163485 -0.123001354369824
0.242631961727872 -0.232430233146984 0.335679832998905 -0.0287394686871657
0.323987827498235 -0.11516303347436 0.320373676017729 0.170678453629638
0.390089531497251 0.0883793812848129 0.0951132013665881 0.267067677603212
0.318477934257087 0.295475609134179 -0.132403398904664 0.157787163412754
0.18337774958476 0.355454823946059 -0.126183817096112 -0.154694845915857
0.0286100324287589 0.274559903938157 -0.17448774277593 -0.322089358750036
0.164542096401705 0.277564934290043 -0.0943125202167118 -0.387459965595942
0.266044603712836 0.166286794063964 -0.0742040452920244 -0.350106044163821
0.261775081344796 -0.0202000675086489 -0.0860871281603377 -0.266292434775864
0.197038085556508 -0.119072431843431 -0.0718838148735399 -0.25988728098707
0.133767006086027 -0.1691543234323 -0.118800068090386 -0.242586244076
0.0753824079819348 -0.1771091585106 -0.0882926220567038 -0.195312275397968
0.067607442557811 -0.181144812232622 0.0193079857402583 -0.188733640094497
0.0893529276326836 -0.168083153748509 0.136760275742013 -0.21683182355273
0.129379104159694 -0.177453225791778 0.265074470438625 -0.166077691281404
0.208424613003375 -0.13445109998328 0.363566740055817 -0.0481964660872686
0.258019652342261 -0.0354298380536784 0.322669238704162 0.160859725509593
0.287380623678229 0.135451573071156 0.0866159843552337 0.227800683516703
0.194581969572567 0.28903958874032 -0.135063434467139 0.0827926861764016
0.0725795055534569 0.294662630024154 -0.127867733443169 -0.263333892590425
-0.039673898549019 0.141811675936327 -0.230601078901504 -0.371037996343961
0.0626300734282266 0.171218838710306 -0.14493702192057 -0.372927814316691
0.14546915930474 0.0957733404352657 -0.0797988857245226 -0.332346892273739
0.126953702893641 -0.0125874877349919 -0.0541842048277071 -0.260424382313573
0.0888941113399344 -0.0462389560867522 -0.0497299292087307 -0.289861307405081
0.0782388042116 -0.0702507502612445 -0.105241490330679 -0.279401039671442
0.0549756200757169 -0.0833472307288967 -0.0717955859095364 -0.247883566942283
0.0530881516090361 -0.0874360450920312 0.0450724439147566 -0.24155047408041
0.0701547976849244 -0.0832502953211004 0.169182277622331 -0.254380387784383
0.0931907372106603 -0.0842681277884888 0.300005398177038 -0.177154043487112
0.135455935944131 -0.0477192329572131 0.38198565228894 -0.0393576016061557
0.164384467831409 0.0110926795962161 0.315790921810258 0.16308189267239
0.171566931317593 0.135625841319691 0.0914762548612543 0.19567031115271
0.0671691706247515 0.225237857686025 -0.101121444122777 0.0246123488449789
-0.0314131534821974 0.185824350797616 -0.0920992056807923 -0.331591977114715
0.0845899130958223 -0.0317652224891714 0.104159437073685 0.344222034911615
-0.00556579129511397 -0.10672837247289 0.13194978438339 0.00362032869073277
-0.0668494384753161 -0.0564607184379701 -0.0780438433382527 -0.196662000078223
-0.0487039160958278 0.0113929074702636 -0.302429311946801 -0.195930765430217
-0.0151729296482815 0.00816069102897553 -0.414741496806873 0.0137025631121078
-0.0216684494045059 -0.00875359748426297 -0.335813253684355 0.199038716920694
-0.0300832675403297 -0.0174795446846159 -0.186154295984681 0.264213660976916
-0.0411510076400959 -0.0314625078924704 -0.0400108890136832 0.290881091827264
-0.0371916912771824 -0.032898754633578 0.0738555628492375 0.265172385432947
-0.0259243831257857 -0.0423401920954666 0.136280420436123 0.28462000595643
0.00824955310470737 -0.0521930150033418 0.110926040927101 0.299218000182235
0.01589787275973 -0.0234988325063895 0.0727626573815086 0.289643677832077
0.0145528486877549 -0.0445966813273446 0.0751389602478551 0.333570323317901
0.0628873448387335 -0.0732252938505737 0.134149277064843 0.385261541118212
0.106647641431388 -0.000157501330855871 0.272034234153488 0.375044384374361
0.120879720331654 0.115976691059392 0.0776057443935366 0.315518651764577
0.0770550822509192 0.0167602246944026 0.108443222163706 -0.0202173783978859
0.0285137391222034 0.0164194442828705 -0.080829449832357 -0.206510330293274
0.0508798936992246 0.0213073849400348 -0.29540190690537 -0.210945129621474
0.0795950343635779 -0.03229347529107 -0.400180406707331 -0.0190066751423753
0.04652492284471 -0.0860017973177778 -0.339442937811195 0.156644795748582
0.00548900131767323 -0.108656686889587 -0.200191475198798 0.234924033598051
-0.0205132784067328 -0.136502049094307 -0.0525307038536226 0.260935035726189
-0.0190759955165313 -0.139437468565965 0.0720278022662426 0.224310498776285
0.00671974892168275 -0.168568938859654 0.162774493224217 0.23368199832552
0.0958487744633061 -0.177548582063758 0.169291306947657 0.262196533532127
0.15898430947517 -0.101402443229713 0.131440018304238 0.285793340305305
0.193148959359894 -0.0269316811458317 0.08652295735876 0.337303963475856
0.221625808825842 0.0351097832503052 0.0991027556641252 0.351272290062287
0.2200497855669 0.134414408914571 0.210313964115292 0.314344377657179
0.137154143039126 0.254379584337181 0.0487649380554941 0.229205520291928
0.151570146366858 0.152656221701844 0.0964144998517144 -0.0863051806599056
0.137289110974207 0.102149676135717 -0.0780156859589266 -0.250288498429762
0.163979870520965 0.028494845287311 -0.286708144023243 -0.235314807634417
0.175358118482825 -0.0755438936371751 -0.368129359126041 -0.0530215788545544
0.112331925932897 -0.158377196287068 -0.318883946237937 0.0997239497204402
0.0420730310563689 -0.18784604843302 -0.197886989561116 0.176535377192458
0.00339805423952996 -0.22199204869304 -0.0588176429866273 0.195510630205199
0.00118087160793581 -0.223437044572219 0.0690269014007041 0.146008541692241
0.0303672965474184 -0.266231328330895 0.182381227933666 0.14505248174133
0.152185446112143 -0.282204049197203 0.228636258642973 0.185386731230404
0.258389149421944 -0.183159701762709 0.205996076665508 0.259360356478288
0.338555669863243 -0.0359516759768457 0.109823189764857 0.335371282926661
0.351636016006493 0.115306668442679 0.0462825454487532 0.318212284184148
0.30135571956424 0.240969035663086 0.115671141559734 0.221705988330574
0.140457073758485 0.355411274645667 0.0107743600553295 0.0960905234400347
0.217473923346124 0.268349296775916 0.0778635436944146 -0.182358808728293
0.249651768974452 0.174758785724989 -0.0724378645054936 -0.307621805858801
0.274890959497206 0.0200389286191932 -0.263948385193723 -0.260750009547949
0.252790560893155 -0.124455947123191 -0.312032128828794 -0.0948784202201172
0.161074838554255 -0.219114923088613 -0.277241351469791 0.0248172019836847
0.0689097966436578 -0.243654102853905 -0.180153965720615 0.0944120025436216
0.0261303611994956 -0.273019895289577 -0.0540566872484304 0.10305513367811
0.0251418164592424 -0.270532063222632 0.0674194180981647 0.0463050851541856
0.0558350362029905 -0.31799660261536 0.192183012579603 0.0393031183030543
0.19062709578431 -0.335149126843303 0.273387747670175 0.0903078804262089
0.313732267882412 -0.227305419682069 0.269059614929477 0.215829929406085
0.426710109829811 -0.0372125727358475 0.124585271881905 0.321103221702417
0.42465178763325 0.179249915318153 -0.0181219374933384 0.28228890251492
0.326204352531195 0.315819945387797 0.0104982282173439 0.107343415885411
0.129178700109886 0.396869190930269 -0.0446627250564274 -0.0608081565335598
0.256645170728227 0.333532666558038 0.0309897066021147 -0.280853434691983
0.330152821459796 0.209723699789491 -0.0736680488485589 -0.349255999912663
0.345824075143172 -0.00323727188345407 -0.217329722844596 -0.274432749718402
0.288200730246963 -0.162465191541678 -0.232633626944592 -0.148715785688444
0.178924418591268 -0.252179158827646 -0.223109764661854 -0.0661019901028729
0.0801926365420132 -0.265588494399149 -0.151397562679521 -0.00414625654151928
0.0445435279209452 -0.283804789231537 -0.0395481112852174 -0.00363381890528755
0.0525849289323473 -0.276180697135125 0.0733415061397549 -0.0596910499942391
0.0888437971460459 -0.317173269187873 0.201851042356208 -0.0605610480625167
0.218095795711355 -0.319921253063682 0.305600088648719 0.00533663882839499
0.334086766127059 -0.207543298255139 0.309701146382712 0.17396965423559
0.443880334196684 -0.0012498281695797 0.122206621592016 0.297255245765729
0.416708830664612 0.235439617939524 -0.0828194025406991 0.233057961301225
0.289877969369498 0.353326000036904 -0.0805528070070272 -0.019579687626913
0.100541293412354 0.366835831993914 -0.116147506941305 -0.207976037877785
0.243230758884439 0.330362426557986 -0.0408930796570644 -0.35268904800136
0.341181165641285 0.198592436141577 -0.0810094844264255 -0.361734424976773
0.34189726969684 -0.024850536168286 -0.154671601211837 -0.271419661444153
0.26526047545345 -0.168532983112828 -0.148187888313832 -0.206927344652256
0.166742799756854 -0.237687827996761 -0.167683257346622 -0.162106436187218
0.0813622242576513 -0.244688445329532 -0.120562116185631 -0.107454401345889
0.0590978878853054 -0.251187890581363 -0.015750490214228 -0.10700486566816
0.0778785050660349 -0.239710552349569 0.0936562959621985 -0.153483680698306
0.118797130511076 -0.265855605073133 0.223444912638712 -0.135078913333672
0.229743838917095 -0.244172889667718 0.334078536460727 -0.0459743821032016
0.318335011263369 -0.129460651206676 0.324475152944494 0.153296639509968
0.391382874671099 0.0689780847868734 0.103312980889426 0.264543459010619
0.332226451121875 0.279593921364946 -0.127280107904723 0.1651585562973
0.196027361438834 0.349058405553192 -0.131732712433898 -0.147548112582906
0.0419071806647868 0.275050953832768 -0.187936518083358 -0.316389939706374
0.176436464871874 0.267570338082416 -0.110206707490288 -0.381671196557958
0.27248003940522 0.152624110096784 -0.08572831875145 -0.348825079221716
0.25887445447238 -0.031601673086574 -0.0931836181206366 -0.263753716931085
0.18991211429305 -0.128231386671472 -0.0816773820558577 -0.26047476482774
0.123853708183517 -0.176487324936974 -0.131052970049964 -0.237526268476378
0.0667679173689129 -0.182542144389896 -0.0966828727056671 -0.19181372336875
0.0580232343809104 -0.18316999101076 0.00941052491444205 -0.191377554897249
0.0824857176656524 -0.172223374222663 0.122051628304635 -0.224613011320846
0.119508442303529 -0.183192546018095 0.255947265774214 -0.179009481292015
0.200315520685932 -0.144338125568755 0.360490025042386 -0.0661784195279563
0.256057679183098 -0.0462117815425365 0.327272012014816 0.144232472822901
0.291936946742113 0.119845205035023 0.0928619624142544 0.225241101739625
0.206855721843211 0.278793163299084 -0.132708294564042 0.090915845008069
0.0831956247247965 0.291686700064485 -0.137489445266892 -0.255321056613032
-0.0322061826282073 0.144783772674235 -0.245692299421435 -0.363343622924018
0.0698083107526342 0.166100699773693 -0.15889781257298 -0.365255165268691
0.148326005383771 0.0873738978972829 -0.091755420608542 -0.328982337931227
0.124232845874054 -0.0181405605768486 -0.0603681535530289 -0.260426907122165
0.0850897408285456 -0.0497080753038524 -0.0614887937628153 -0.291024992544361
0.0733130291586032 -0.0741952749338225 -0.117971674792933 -0.274964801035406
0.0507791586075599 -0.086698429133845 -0.0821115422899959 -0.244038151362666
0.0483750974677944 -0.088882226881309 0.0322912305241809 -0.244687331738353
0.0660986668077375 -0.0856733060812254 0.1539195568123 -0.263491183195294
0.0875135551467057 -0.0880829496763334 0.290358185206936 -0.191364152800117
0.131819351968154 -0.0532507718310021 0.379333856312822 -0.0571368073916809
0.163482304902061 0.00529005811140551 0.320990026054539 0.147741313886482
0.176246178036042 0.126416429678294 0.0967521520941402 0.191525549751097
0.0772770716287973 0.221947217994695 -0.10114080027372 0.0320070496881473
-0.0242013413291809 0.186752068076287 -0.105633888451469 -0.323443308402369
0.0832281886161845 -0.0357335242170435 0.124723214237508 0.338111676111144
-0.011855204933193 -0.10615153714242 0.130622784012585 -0.00498828066948539
-0.06925002612444 -0.0528297024520596 -0.0877620961075276 -0.194531628808538
-0.0476258292296485 0.0141900946719348 -0.313555870397751 -0.181347427474703
-0.0144735847387227 0.00818253463830798 -0.414627013007222 0.038510748036622
-0.0224211745748004 -0.00796935686131375 -0.323661376472901 0.22081177875979
-0.0328582771553457 -0.0163020584817108 -0.172637983628662 0.276221713680164
-0.0437563145640829 -0.0285305719842389 -0.0221006507419763 0.296103874340883
-0.0392308562095915 -0.0318462661378635 0.0903085532684704 0.263313413858352
-0.0277889472533308 -0.0423471819866086 0.155842235652614 0.276957619666895
0.00444810275932456 -0.0541736964787723 0.129773277128324 0.296002678282707
0.0158924891006337 -0.0251000614982635 0.0852637186157425 0.289919763693505
0.0132872119843009 -0.0467224776235025 0.094621354083614 0.334700300312378
0.0574110793425793 -0.0750144130996838 0.155398436336176 0.379540272943684
0.107692786936417 -0.00273511154121727 0.291267466747029 0.36222832237842
0.129006665783466 0.111441644857845 0.0958806154495205 0.310682091801478
0.0784641580474458 0.0123972389444856 0.106392525468324 -0.0276163777968155
0.0310960968283835 0.0148541730420693 -0.0902964942585972 -0.205552179636602
0.0523567951756471 0.0183106491581856 -0.307498129122588 -0.197851100327247
0.0781053867886245 -0.0388625818958652 -0.401964221708118 0.00384784468182359
0.0404590207851613 -0.0901630681559859 -0.330047781225127 0.177902547562548
-0.0032784323461305 -0.111182037419172 -0.188505568584884 0.24684842992519
-0.0302221756185054 -0.136526515132781 -0.0370547659621251 0.266698835814427
-0.0277189511837335 -0.14130575346917 0.0853368929725092 0.221503420499765
-0.00282171688014952 -0.171222853769914 0.177806369205832 0.224456608488309
0.0842238342758441 -0.186889417627376 0.186033261356082 0.253990718612649
0.155000544754296 -0.113056175927412 0.145488496935896 0.282273859711806
0.19305838554684 -0.0396678120239681 0.106130581589827 0.337942284076331
0.224707244236803 0.0230688887476022 0.11771742185176 0.34686276131903
0.229077422626504 0.126246434534451 0.226266944404031 0.304136123053664
0.154273058396883 0.249855676878231 0.0614476379979916 0.225898045218977
0.16200276835246 0.143217495058144 0.0911920131971943 -0.0942309545826637
0.146504899291286 0.0943878121563605 -0.0891230620389008 -0.251340089692895
0.166960348194443 0.01953377399675 -0.299953777307321 -0.222085366184022
0.170885026603545 -0.0881099240834675 -0.372491559388094 -0.0332494355563688
0.102274192576577 -0.167430127307576 -0.314481959910311 0.119271284993846
0.0293463477976498 -0.193334764887105 -0.18887481359513 0.188616616851805
-0.011840146839115 -0.223965073892111 -0.0475992614785886 0.200593147364273
-0.0124181639166702 -0.226484289934008 0.0761580924498958 0.143110358629843
0.0147719095636127 -0.271083293871883 0.191375921570734 0.133443696088174
0.134876640017103 -0.295729254068129 0.240503970253623 0.171850936600151
0.250177227788545 -0.200466401395985 0.218303316485592 0.249427513252426
0.339107286288128 -0.0589294088128249 0.128120140226223 0.333998060750119
0.361134574065114 0.0945138981847971 0.0627141947116392 0.318339952305463
0.316104976998657 0.229167918455599 0.127004159784735 0.216819151066524
0.164153418878811 0.351283464913346 0.0156744290328967 0.0939165123135274
0.235531491574954 0.256317781147867 0.0664222867065664 -0.188370762778038
0.265120004190764 0.160541096886455 -0.0865620574044779 -0.30901352765137
0.278236939222105 0.00339659647808362 -0.276609522232228 -0.248530962161302
0.246174255124502 -0.141934280474501 -0.317750384302268 -0.0798326533399287
0.146030795795257 -0.231955167096754 -0.27776523246933 0.0407109005858775
0.0534218968927524 -0.25170426632784 -0.175233501280301 0.104291054848368
0.0085454703820742 -0.276932204714542 -0.0491286417159001 0.107023252688112
0.00979330697967738 -0.277012612489752 0.0675377431728125 0.0419447328631744
0.0373799879304909 -0.325000756368276 0.193556272126093 0.0261262223538494
0.168948168907582 -0.350704674304555 0.280346220644572 0.0733509696692401
0.303406539629385 -0.248714440077088 0.279633754173499 0.2009575391496
0.42667705320814 -0.0657363104845325 0.14177544476112 0.319291997395415
0.437515946239966 0.153940243958122 -0.00483969208994226 0.285855691054719
0.34469761680621 0.302251069198948 0.0154656821145716 0.108235258351957
0.154573122178374 0.392804126977147 -0.049585527900738 -0.0603542564022459
0.275863614721406 0.317554509074275 0.0142257142169238 -0.283339597147585
0.347597245596639 0.192012690784827 -0.09023480845306 -0.351961671331856
0.347110844505155 -0.0226963420221959 -0.230293461975589 -0.264980059691254
0.278960773717947 -0.182092281889432 -0.240555130375532 -0.140376632559249
0.162165012969913 -0.265832593153702 -0.228966450510252 -0.05321735078262
0.0640311673256988 -0.274837009157986 -0.15231162911594 0.00373687494971154
0.0263637711049942 -0.288976762093976 -0.0417052377856907 -0.00127323074154962
0.0365181908163823 -0.282892793153201 0.0664262409275156 -0.0647840960542897
0.0690777765723192 -0.325920337009904 0.197313841803629 -0.0741319362589382
0.19686612493928 -0.337531753189536 0.306972898685693 -0.0146988136833561
0.323637618574541 -0.229874081862396 0.318363652857758 0.156174203115524
0.445957320421133 -0.0293896824035989 0.137953081137146 0.295159414953225
0.433270008568238 0.210090519538179 -0.0719400577398511 0.241407262956764
0.309754882134158 0.342157873841664 -0.0816569290306266 -0.014319166948744
0.123252409020041 0.364306953467718 -0.129872176438127 -0.204009380901529
0.263594809152653 0.315820456572672 -0.0609169371873998 -0.351704605031738
0.356583956112124 0.17955565428442 -0.0990107648398844 -0.362611952988119
0.341118820602457 -0.0457264305782393 -0.166378937714835 -0.266169983212119
0.255304192757325 -0.186171564095354 -0.159304420262648 -0.204593305820712
0.151548481864829 -0.250960067451429 -0.179372759655325 -0.154142608334641
0.0655111362136988 -0.253448617996517 -0.126963252372015 -0.101973402703052
0.0431163924690666 -0.256794246139478 -0.0236282064820117 -0.107948677245906
0.0643789490079014 -0.247428834121196 0.0807635039570376 -0.160798449730761
0.101831161603371 -0.275349657502442 0.214995186176928 -0.150424703168065
0.214249405948959 -0.262323710039038 0.333048386904944 -0.0672510519993546
0.312125752211269 -0.149543236276572 0.332969895652802 0.134154610059929
0.397114117831941 0.044525832310839 0.116413420195165 0.262526644031108
0.350599673091851 0.261583660335322 -0.120612322946528 0.175350756273955
0.215561192454248 0.342519579358368 -0.139737168723082 -0.140150897028756
0.059892724663924 0.275944890812554 -0.206479123983672 -0.309805294965265
0.192417499047941 0.257601394699075 -0.13086354455515 -0.376647918109607
0.283605638979702 0.136481215955181 -0.103703793820182 -0.348861079998111
0.257183159547175 -0.0476984164943561 -0.103869923035693 -0.26213007722178
0.181655724757745 -0.14069918987778 -0.0962530469638376 -0.262077189386664
0.112349304868021 -0.185838432126543 -0.147144053769604 -0.231322257320601
0.0552877860948977 -0.189612936024817 -0.107400849889962 -0.188685011416372
0.0467459246541939 -0.187245436395224 -0.00368495110764908 -0.195299646475311
0.0721481874409193 -0.179229164381836 0.106723473524922 -0.234027084338647
0.107978018419366 -0.191321721909813 0.245574264415476 -0.194512644023385
0.191998901012824 -0.157366984938952 0.358414944869709 -0.0898175237340866
0.254751988884557 -0.0617588260587894 0.335921955843867 0.12491634856544
0.299456980173426 0.102310680448273 0.104049415445823 0.223617790001597
0.223737444821025 0.268108359469705 -0.128948132188582 0.101050612210045
0.0995040267078301 0.2902354359359 -0.151573083701302 -0.246856973545423
-0.0223237386675668 0.148484180675709 -0.266501014068434 -0.353746157473997
0.0793669558742256 0.161971965369026 -0.17858598509557 -0.357362749403832
0.153395287239649 0.0780371452447448 -0.108203342801174 -0.327190728319831
0.12230167950963 -0.0251401929303713 -0.0715095436842703 -0.26080121173579
0.0814773147635126 -0.0542060117524573 -0.0786459595551154 -0.293551146671229
0.0685782937238401 -0.0796457094968301 -0.135575751925851 -0.269491756996638
0.0455830508575522 -0.0915344184152237 -0.0968570214205261 -0.241624869126967
0.0424740040815704 -0.090163108904944 0.0155954901936741 -0.250648235273431
0.0614269963879991 -0.0903299581875317 0.136151722608869 -0.274609705117921
0.0817554360276381 -0.0932023651693522 0.279495903222928 -0.209022052123537
0.129306950313573 -0.0608233263713303 0.378506578057412 -0.0812022485749917
0.16445305214608 -0.00368818264892685 0.330205730183859 0.129469112265943
0.183123430346555 0.115505444567311 0.10639782969142 0.188612503499163
0.0899507783533352 0.218675742291916 -0.100405342719777 0.040746523927455
-0.0134980084242053 0.189837869670646 -0.122336125242578 -0.31719821208086
0.0802362925001858 -0.0414628312836219 0.148301846376314 0.324815790698332
-0.0198961720525674 -0.103326280497349 0.127638390537763 -0.015930429827282
-0.0720271857365571 -0.0479231815680099 -0.100514941037599 -0.187900385439589
-0.0453015471455595 0.017667613878778 -0.324269332568774 -0.159494325831782
-0.013253224559138 0.00831379320903619 -0.408409101409946 0.0696817811745878
-0.0230567351470317 -0.00660903084000875 -0.303213321350383 0.24354763106435
-0.0355167503420821 -0.0136763864397592 -0.150562640245321 0.2880579050121
-0.0465582517276163 -0.0255949867674481 0.00197009807647348 0.296374483819839
-0.0421138493994995 -0.0296631954616535 0.110374842305298 0.253917504053689
-0.0308427985443015 -0.0414997250164035 0.17731389823009 0.26207958187129
-0.000120658609706501 -0.0546586763300573 0.152024250877092 0.28503986108177
0.014690183934501 -0.0270645794469232 0.104168036150511 0.285260462504736
0.00978331616557742 -0.0474859743621607 0.119418318053707 0.327399358633932
0.0507074229664267 -0.0771141351094428 0.182105395851452 0.364606493323315
0.107660367339434 -0.00872054733500689 0.313367396457222 0.337818195765637
0.137254552916311 0.101624243818503 0.117983554307399 0.299409642538687
0.0791620033235641 0.00584914306963999 0.101646505545695 -0.0360221915913776
0.0332161574220313 0.0110421167081888 -0.102736183245439 -0.200404863206522
0.0542783146924139 0.0140473011659447 -0.318604466868947 -0.17503694356576
0.0742091355755523 -0.0461431059502052 -0.397934650309792 0.0350471300351973
0.0321387076958273 -0.0936594018390174 -0.312575350805365 0.202662856592165
-0.0138685690946217 -0.11059954299449 -0.168376146991723 0.260657206048032
-0.0420853418053837 -0.133144774011981 -0.0150496885372058 0.268243619075389
-0.0394790671317282 -0.139249407417859 0.100904619112923 0.213459868858325
-0.0168647820478308 -0.171442389526553 0.19431333165127 0.207999444101994
0.0673997684114667 -0.194011954759825 0.204929729246965 0.238112718628877
0.145228753289897 -0.125621443014273 0.162923431442066 0.272087323505763
0.189654396397558 -0.0556063399937781 0.13146566491219 0.329555256674388
0.22460560402517 0.00644998052374426 0.141217915164196 0.335684572053688
0.237539155172341 0.110910378702839 0.244948437176566 0.285616405077998
0.173928374924043 0.237418356270946 0.0766229702715969 0.218495652120527
0.172003039204558 0.129200877784883 0.081860542121253 -0.100072419124852
0.154545564320705 0.0814793313344531 -0.104242354496717 -0.245765247652978
0.168811222950814 0.0054290683303594 -0.312669452985831 -0.199907289371068
0.161620528442059 -0.102698381622492 -0.370346864237926 -0.00663476202306788
0.0856881858194417 -0.175772812590525 -0.302247722486473 0.142137008472908
0.0111549690953774 -0.195217225215557 -0.173670063895747 0.202303775014617
-0.0315458784742036 -0.221862570837848 -0.0306480772737105 0.203826023070249
-0.0307420077477615 -0.226947164170219 0.0854671158977689 0.136921488118015
-0.00835390243597823 -0.27151427216423 0.19946768520381 0.116109846698901
0.107540308853835 -0.306596715474002 0.252308484192691 0.15185914583442
0.232439652082826 -0.220874538233817 0.233173816532406 0.232542445303329
0.332746128404912 -0.0871971514614936 0.153188860927626 0.324888154698463
0.36679887128492 0.0653914151182769 0.0841997289150432 0.311261730988207
0.330805607239824 0.207418175278638 0.14109097213542 0.206152231083044
0.191110380531746 0.336612385247111 0.0201759741995669 0.0921046923881626
0.253416837015892 0.234077507976103 0.0506791461865 -0.191981997480819
0.277860070286883 0.137069088775296 -0.105896054391618 -0.304746684156011
0.277683269279 -0.0183179901426506 -0.291416130392492 -0.22785777093459
0.231552998464026 -0.161765234318609 -0.321099039268777 -0.0582614612999586
0.124732338810409 -0.242992284946924 -0.273339952313023 0.0615521294516755
0.0306156250705339 -0.257180430388432 -0.166182287332608 0.117095783852728
-0.0151458026571765 -0.276714373914364 -0.0409036174613214 0.110371926149574
-0.0128765511464043 -0.277726571585008 0.0677296137576548 0.036781366328948
0.00968499252612949 -0.327319785074687 0.192678652377676 0.00950673581003592
0.137558545355983 -0.365118718277442 0.284133329717939 0.0498355051980821
0.281377024652061 -0.272526162221103 0.289944428187839 0.178527871279841
0.418907314701384 -0.100890318325675 0.164624812962121 0.309276817629522
0.447615754888371 0.117709269210755 0.0146511473558042 0.285625103051735
0.366199371276212 0.277829164326262 0.0225491988044437 0.106884518215159
0.185523941668373 0.378858162138666 -0.0554665840720859 -0.0560531971911419
0.299487271974895 0.29270907234517 -0.00834384862537202 -0.282597888493234
0.362227210260972 0.16136434423055 -0.11315349929348 -0.346477156429398
0.344759172420283 -0.0525748274022796 -0.245305382391986 -0.247898321857904
0.260916834604747 -0.204356176646311 -0.248636395887766 -0.12493319053297
0.137249432594324 -0.278206697302595 -0.232802932439577 -0.0360176094925073
0.0391102412931086 -0.279888883429077 -0.150859190992633 0.0146008577959938
0.00192046477262999 -0.288973315979326 -0.0416675478617053 0.00228820489839326
0.0137302297456034 -0.287183171286888 0.0576008279801472 -0.0691309920754252
0.0416599792492056 -0.330456447728034 0.187865282527627 -0.0902905524662399
0.166665693544352 -0.353317798413497 0.303616613311357 -0.040512253319354
0.303705313522922 -0.255892533350463 0.324917335823589 0.130238366300965
0.439605760992512 -0.066988504344459 0.158172559594651 0.285931868573995
0.447188341044217 0.173224868361797 -0.0549652253490194 0.246876250178967
0.332377553191326 0.320277497815542 -0.0823528475683119 -0.00732533067779438
0.152921372895511 0.353739953637254 -0.144957703412595 -0.194404942519044
0.287050779349777 0.291400714747774 -0.0876666121502327 -0.344434194768196
0.368508976773113 0.149282889507891 -0.123065514494481 -0.356073898742316
0.3359767254421 -0.0728971085585556 -0.181560339965717 -0.253363986240231
0.23742641532645 -0.205147924004888 -0.17272250143344 -0.196086022883922
0.1275619160841 -0.262372775297438 -0.191689757778733 -0.139725984086655
0.0432186094359424 -0.25973319095444 -0.133804859537157 -0.0926518700830059
0.0213623205433806 -0.257950149715483 -0.0333419188980874 -0.105664208731711
0.0441006077164287 -0.253527069757944 0.0644495308002228 -0.166365869608046
0.0783544640176961 -0.282234056903431 0.199903973585209 -0.167456211193878
0.191034020447337 -0.278055852121263 0.324906158292489 -0.0953202016472972
0.298476408423653 -0.17421957663466 0.338530291939283 0.10715423065951
0.397090535246725 0.0112967562538878 0.134052742748484 0.256048534685174
0.36736040737936 0.231370094647101 -0.107430149528312 0.185270726322361
0.238692604558606 0.327237065645304 -0.148804310738989 -0.127786552785153
0.0824494160075224 0.270008636575693 -0.228360435400445 -0.293919618688787
0.210284736177018 0.238633795886409 -0.158625146716731 -0.363732240599924
0.2915776226799 0.111818486111606 -0.126827841915268 -0.341682662555004
0.25137167677276 -0.0674977083017998 -0.119295130024056 -0.255228540809734
0.168527691923936 -0.153215170611746 -0.114969248779711 -0.258172388738743
0.0949257661996898 -0.193715454890033 -0.165476680330737 -0.218992110880732
0.0382880485789805 -0.193644574272593 -0.121394662151767 -0.180373430855303
0.0313547726720268 -0.18839925624458 -0.020266929645228 -0.194925622719667
0.0571458598381525 -0.185331700558218 0.0834327497829542 -0.241492434876797
0.0911431884219347 -0.19846590397678 0.226828492032807 -0.214094044296817
0.176773341727628 -0.172046962670287 0.349125137091648 -0.118498808311227
0.247539192445839 -0.081232963356784 0.340374840728051 0.0978106802472346
0.302915938021091 0.07709806724705 0.118068039569188 0.217352007563622
0.243047005703327 0.247984234920457 -0.121010010955679 0.112679934977155
0.120810529173819 0.284014096495938 -0.168656982681585 -0.232926033048859
-0.00972180335571615 0.149431575728365 -0.290552127116105 -0.333117020046433
0.0903183015465553 0.153745026759068 -0.201525779373159 -0.341955535695434
0.156829794139111 0.0645378491182371 -0.130048942245674 -0.318435606967857
0.118531890928776 -0.0342545874102196 -0.0870692133314676 -0.256924828523834
0.0757002832358777 -0.0592274104150904 -0.100939898542125 -0.290037096124524
0.0606745064064699 -0.0851097369273018 -0.15686552118468 -0.257966503242707
0.0367471521873243 -0.0954022587675709 -0.115190204233631 -0.233822073586681
0.0351525356048946 -0.0919168342743038 -0.00622297799974194 -0.251240587984007
0.0537154632944081 -0.0947190460405235 0.110244834109677 -0.284660485070205
0.0731443321753552 -0.0975906623915775 0.260760542742383 -0.230711308081342
0.123656862409615 -0.070480042909489 0.368801934887194 -0.110321546622839
0.162843207379278 -0.0160634741393582 0.335603820136462 0.103453231520763
0.189295277448127 0.100072109501647 0.117202124354961 0.181925097471824
0.106384362797208 0.209791348326058 -0.0963846024477393 0.0501828074097151
0.000669374082438296 0.190508484100451 -0.145040496859512 -0.303708397675268
0.0736918668657371 -0.0451807184152227 0.167356660045308 0.301665175313231
-0.0276579677948703 -0.097345085663842 0.121979282856031 -0.0241696360609847
-0.0727494101916727 -0.0415792308552768 -0.109200976464051 -0.175124479718608
-0.041439290331593 0.0206468263338228 -0.323756709413234 -0.131457616212239
-0.0125645422434737 0.00826790518689411 -0.387363856147231 0.0987343786287811
-0.0224792796257598 -0.00469533452247518 -0.270687165680633 0.257077209956657
-0.0366688916639853 -0.0100902698870616 -0.123859699277952 0.289183518617121
-0.0477355736666844 -0.020947876571214 0.0263531660478914 0.285796148208529
-0.043647476525759 -0.0257709947313047 0.125848669707769 0.236492840338864
-0.0326791628864165 -0.038891374375875 0.191548939090769 0.237516292264225
-0.00462740776619798 -0.0532834359101476 0.168817150209774 0.264526052138315
0.0125858395749277 -0.0279635282362242 0.120013146897127 0.270581730507187
0.00589533059894773 -0.0466364562090577 0.141253082200022 0.308053026281758
0.0430915100984829 -0.0765842481246434 0.200774884323758 0.338026405538064
0.104751615240164 -0.0145864679792463 0.324546462375293 0.303928962279676
0.140641858732371 0.0878172943097626 0.135663461868413 0.279536204751048
0.0759812419447004 -0.000493920782272136 0.0947386648912883 -0.0413455893287928
0.0340747314981664 0.00692767669989287 -0.112205433195696 -0.188517458827143
0.0538647117137418 0.00939391035079542 -0.31966386372471 -0.146994915593378
0.0664283589038846 -0.0509947702289168 -0.380139764528361 0.0624853148880139
0.0221451336117441 -0.0929427054268898 -0.284861736703685 0.217813819976106
-0.0237206815463015 -0.105503649889662 -0.142513380753701 0.263859167786254
-0.0517914621466712 -0.125752213453781 0.00738795809485295 0.260360391830806
-0.0496837214565166 -0.133219252790387 0.112934310821799 0.198411393452145
-0.0300544569111172 -0.16515758303453 0.202909246091458 0.183771637141342
0.048420852071388 -0.193912536832424 0.21586556364235 0.213718600944742
0.130638259324081 -0.133947937122089 0.175235687601768 0.252742161941065
0.177603044043835 -0.0695315281122672 0.151790993232347 0.310955730844366
0.217385911111686 -0.0106105840121873 0.159318081586617 0.314050436906282
0.238341025563012 0.0911464196861298 0.2544282198409 0.257453089146384
0.18682206066587 0.216420018934215 0.0895061778074413 0.205575117695173
0.174925410818607 0.109947850117615 0.0706131105483145 -0.102617168514587
0.15617108696629 0.0640215441293207 -0.116959623010039 -0.232569913679003
0.163341622507458 -0.00748426571058667 -0.314667017778813 -0.171961348165748
0.145698656389629 -0.112416952918731 -0.35724325384269 0.020121920677631
0.0667493877600533 -0.176573219215908 -0.27972850157819 0.159751828225356
-0.00656164800926421 -0.189820814575147 -0.151439198709806 0.207996901600319
-0.048935965153268 -0.211615845738756 -0.0135382437764836 0.199610498025673
-0.0489889072988111 -0.218176016548943 0.0914815847283532 0.126763528183137
-0.0303229395167807 -0.262857354363807 0.199745046388441 0.0952064612450908
0.0772429152850812 -0.305392850052034 0.255379398771686 0.126293093409341
0.206813317310461 -0.233034990435345 0.239876089946423 0.208535482533826
0.313527498995687 -0.110648517221504 0.171663951538347 0.304299954014669
0.358020454028599 0.0345637085652137 0.102408602672683 0.295133009761547
0.334973440114426 0.1784604015476 0.149707520152122 0.189201133879619
0.212315135788038 0.312168248307303 0.0265641015437981 0.0874991680828504
0.260973504482628 0.204895105859984 0.0340193987626372 -0.187460730138694
0.279185877717038 0.108483113234651 -0.122754532911218 -0.289547691547005
0.266952317593105 -0.0401626300531891 -0.295453901382531 -0.20053019926281
0.208285561437446 -0.174894135848462 -0.312555048590752 -0.0342270709853482
0.0978349874969354 -0.244907297609693 -0.258840076402326 0.079978807872133
0.00659727820217639 -0.250499746875381 -0.151267979361686 0.125819854183915
-0.0379911439746201 -0.265620542740868 -0.0304201210996985 0.110293881685436
-0.0355803849804956 -0.269652245237287 0.0663210023425661 0.0314858935054241
-0.0172188929514182 -0.317625973247849 0.184341227258965 -0.00638900109631092
0.10061950005314 -0.364290175461443 0.277545406150394 0.0247752603790091
0.250472279225691 -0.287043854222097 0.291122389602317 0.151679651072382
0.394528085622961 -0.131073169370853 0.182003035087238 0.289687972757999
0.440954456816963 0.0770330488480431 0.0339583560980873 0.276405239630789
0.374116160161054 0.242640974703988 0.0287543931166491 0.102935954407259
0.210228999903274 0.352261702302658 -0.0585563889354961 -0.0500587929165117
0.309609815916204 0.258189102718188 -0.0291380533472995 -0.270189399282067
0.3622807361522 0.124686462920446 -0.132988136526149 -0.329008505540854
0.329108531126072 -0.0775536692709778 -0.251659378224115 -0.222496213259939
0.233419228426835 -0.21804725991147 -0.249128360310307 -0.105471048302709
0.107837104560481 -0.280030184774518 -0.228139681725135 -0.0168733871150195
0.0133076351583297 -0.27435532034239 -0.144454086589266 0.0257697395840737
-0.022245212178697 -0.279247558137743 -0.0402749536929304 0.00528782277491767
-0.0108225743348327 -0.280406449917844 0.0476179173316601 -0.0703854397497055
0.0125501094442098 -0.322977230798743 0.172447388513368 -0.102871755790514
0.130115898283693 -0.355497734929032 0.289104709156214 -0.0636013552000624
0.27198217776958 -0.27153840351515 0.320369825842698 0.101210516090328
0.417362841075709 -0.100322436323816 0.172814036877293 0.266571411173423
0.444653420735708 0.13302439524315 -0.0364700600998624 0.244786844964182
0.344432986305805 0.28708680191657 -0.0801166440926403 0.000515270778920708
0.175161817024968 0.330111693063585 -0.154759246096745 -0.17654736681363
0.298303790872418 0.257628864835838 -0.10986629373567 -0.324695255211403
0.366845585761093 0.113127537160683 -0.143003923056724 -0.336850317532806
0.317579378708984 -0.097909216256115 -0.190178534191067 -0.234527570383508
0.210753595939658 -0.217231765383307 -0.182686633224672 -0.181442951568543
0.0997196320415852 -0.263453637548713 -0.197931301598628 -0.120126543433759
0.0189761106334799 -0.254209759324978 -0.13619735815986 -0.0800082985557059
7.83662522261491E-05 -0.2503752261376 -0.0414924086810004 -0.100009238531773
0.0212768994455819 -0.249678126430849 0.0459109641642047 -0.165017933344968
0.0516866911248853 -0.278840075822888 0.178405435140512 -0.1771712080989
0.159715225698984 -0.284127323650719 0.304960505192326 -0.118601679311165
0.273848043175928 -0.19171306246056 0.331857633949155 0.0776588710674898
0.380632583906714 -0.0220811445786862 0.146690853813722 0.239110873191844
0.37352431328838 0.193877513689879 -0.0911236283498242 0.189436969421695
0.255690440123788 0.299832105546082 -0.152935760985248 -0.1109872036016
0.101650903001086 0.253984338857551 -0.242570010527998 -0.267562236003128
0.219832754739766 0.212412268721653 -0.178247919030066 -0.337983795670633
0.289367857001091 0.0839403712499159 -0.146341932213085 -0.321836532469857
0.235665935173796 -0.0846252298020237 -0.130152738952583 -0.24065209468031
0.149025098402491 -0.161076841790144 -0.131881622984264 -0.244648621492451
0.0747550150635092 -0.194148290867645 -0.177729781810445 -0.198538372783166
0.0197196844656879 -0.189950063453222 -0.131751980313964 -0.165564401814345
0.0152320078366922 -0.183734562164896 -0.0367841751778595 -0.186927560075563
0.0408726258355103 -0.184577498445659 0.057609937858289 -0.238990409615523
0.0711676152428768 -0.197258479711116 0.200629947759311 -0.225245969474372
0.156008532540776 -0.179934634854386 0.325265064031143 -0.142274755545692
0.23173933023094 -0.0970215196197917 0.333828842892406 0.0682944162829304
0.296176660609931 0.0504281360389343 0.128881554162775 0.202675385626738
0.253279766211646 0.219872506292001 -0.108688539134328 0.119725888931501
0.137400950589447 0.26568390846943 -0.178752155353955 -0.210609512069831
0.00301389310215675 0.144376246378168 -0.305015118116223 -0.302089031766617
0.09749995754703 0.140447008275139 -0.217164820471801 -0.314857992057053
0.15493035111704 0.049688627798809 -0.147597452455229 -0.298820772230935
0.110214675932258 -0.0414230333450032 -0.0998388153623384 -0.245341299557889
0.0678850414510816 -0.062148857256007 -0.120551357020363 -0.275468053116807
0.0507699639702064 -0.0870023463041073 -0.171575084100514 -0.236217547109028
0.0266546904287176 -0.0949742468412626 -0.129143563459332 -0.217894827425768
0.027140434362958 -0.0896292059209503 -0.0269356498102383 -0.243223224048629
0.0444954358609283 -0.0950422331874022 0.0818015247971948 -0.28261036330348
0.0623283055987107 -0.0984785088536826 0.232558763104622 -0.243205679780411
0.114104020492819 -0.0767489172432054 0.345876413447346 -0.135951856901531
0.155219287701961 -0.0277924134614354 0.329791771762956 0.0743265310396778
0.188003055599732 0.0814744872820249 0.124676359420086 0.168505229737023
0.118847933742873 0.194194571787729 -0.0893283600258847 0.0578793190382093
0.0154494708837054 0.183679900578031 -0.161517240127476 -0.279914631504781
0.0666715595816438 -0.0529119187094956 0.193428288129433 0.263397329246849
-0.037944897447216 -0.0869037264641856 0.11214097444355 -0.0372643585618857
-0.074114926747363 -0.0292651854159269 -0.122903825781965 -0.14806726787163
-0.0357938628353991 0.0237820434005364 -0.32185103760155 -0.0736859742576591
-0.0116648565626936 0.00752555537558639 -0.345647159367434 0.151944030780932
-0.021733280408111 -0.000248499113150551 -0.215325315813359 0.278553698071548
-0.0357355456887597 -0.00195066566331012 -0.0771229741708642 0.294502720295767
-0.047900858561139 -0.0122851462558708 0.0665928246313386 0.262537195608531
-0.0450621739586026 -0.0194962952672823 0.149884505976296 0.204459274915742
-0.0360383621245947 -0.0341195700517123 0.21243199155258 0.192750347622872
-0.013255981894204 -0.0523979042406865 0.193669979200612 0.225897467954166
0.00957900492172954 -0.0309585825732938 0.150224073793934 0.241297624254929
-0.000437160077333344 -0.047417165656781 0.174597740246886 0.270132748734764
0.0322316176711729 -0.078297868064662 0.234592281449143 0.283000974388283
0.0984975194365266 -0.0313028446227033 0.348428073821778 0.240440434361868
0.151255037004378 0.064954910840907 0.152366427383545 0.238078277962761
0.0702240160952107 -0.0103905012780603 0.0809773192293773 -0.0516361995515296
0.0308020258246431 0.000102049403880462 -0.132473863765146 -0.163730109444012
0.0518705207061662 0.000980812782756472 -0.323045701821887 -0.0898333046673054
0.0537713942326844 -0.0585383291864272 -0.349966381369934 0.115720408626685
0.00702430987570766 -0.0888861530671444 -0.23884627394124 0.245649950675978
-0.0371004769114909 -0.0925160856230093 -0.101420164043516 0.271799894908353
-0.0676009877775476 -0.109538782974697 0.0445222875120133 0.242058574720658
-0.0666496346366734 -0.119016446107322 0.130278347373846 0.16922294782638
-0.0523012098010073 -0.150405675424405 0.21173146578873 0.139112195136028
0.0142222874156604 -0.189542160760229 0.227571266302027 0.169174941589842
0.103007536522592 -0.145958774944816 0.197604451775764 0.211853433513964
0.155233046021635 -0.0950858157221909 0.187847005806741 0.265921724927187
0.200015360178126 -0.0425894924954928 0.199810227966369 0.264839389413345
0.235049672364916 0.0464798813650213 0.281865211641502 0.210770611379951
0.214839508573507 0.1803943850982 0.0931640594687119 0.166155072691776
0.177195291906461 0.0787356672282852 0.0463788733364316 -0.107179758172755
0.152877460224363 0.0366035305078269 -0.148726047490835 -0.208580958565595
0.150652116137937 -0.0287997963616056 -0.326093050955172 -0.115548680189252
0.11904763135049 -0.126427315150294 -0.33951814238933 0.0728295295958486
0.0369417719096462 -0.172823907860127 -0.247798167391215 0.191286802429986
-0.0327691640511753 -0.173508013987978 -0.120192245808189 0.21946731324367
-0.0769940181599245 -0.189792752903628 0.0165220237132119 0.187684951940769
-0.0784663362044812 -0.198513654771778 0.098344689974897 0.104320824747742
-0.0665825119854775 -0.240408166227038 0.194407006502524 0.0552402983577552
0.0228969098197466 -0.29749414063148 0.249041707911961 0.0793562930584424
0.158363256762952 -0.24860572638378 0.250843669376447 0.157335955117213
0.272640105747666 -0.154871670521889 0.20750069162758 0.25312710610152
0.335438658466645 -0.0215078226671662 0.151523007308595 0.254360891549702
0.335790698848395 0.112182168067216 0.176383702068642 0.164502922926106
0.252927761371272 0.266722116699965 0.0127413475200756 0.0568721425276374
0.2696251670521 0.155128240268556 -0.0036156809435049 -0.184089085329224
0.274063580221567 0.0604018436145206 -0.167244510683501 -0.263754911160932
0.243584661397019 -0.0723920691565687 -0.31634145285767 -0.147250620645494
0.169188831125492 -0.192481098220165 -0.309932510812291 0.0142623817298137
0.0560445873862575 -0.241073475712569 -0.242014005134802 0.114128244142838
-0.0298311645721389 -0.23239316876591 -0.133448912780673 0.139678478779415
-0.0742667447976315 -0.241658413291639 -0.0127688858801014 0.106098115786258
-0.0735077586397751 -0.248855835260535 0.0606837974317505 0.019227535973641
-0.0639682578783868 -0.291913844988438 0.16367043771894 -0.0378708431588277
0.0349334092746134 -0.35387948037468 0.253930218730861 -0.0201448516702151
0.18964230503882 -0.304075132392454 0.289777128758671 0.0941807416220061
0.344961180530363 -0.185980648185948 0.214795037199435 0.235487467157041
0.415973032902396 0.00573461848459896 0.0901282009910748 0.247249130604842
0.379752188763047 0.169129441665184 0.0520123452423177 0.101690970484987
0.257393174672725 0.306711236050797 -0.0858501607074433 -0.0643341164977059
0.322815270681956 0.19924634208935 -0.0768479610875666 -0.254788398058467
0.353908055684371 0.0647481046417371 -0.186309373737344 -0.300951108644779
0.295774816901796 -0.115131458246523 -0.280377863655597 -0.175480551023243
0.186974555151674 -0.236254558859823 -0.26377440985724 -0.0625482932795403
0.0604159297302587 -0.274634070754332 -0.229180015858825 0.0200447159724827
-0.0274509092137751 -0.25571774497953 -0.142762393190204 0.0431849753025877
-0.06087819579845 -0.256835648561973 -0.038052837166132 0.00962984594415157
-0.0525820508245223 -0.261709594893806 0.0287695191739428 -0.0742919721670007
-0.0363131006055748 -0.300988005513838 0.138336638209773 -0.126816678791445
0.0634115087854693 -0.34916484914698 0.252259351380937 -0.1055737884507
0.213240405510324 -0.29246810302346 0.310086269839385 0.0416127491898673
0.369501562654299 -0.160551713677502 0.204784241410631 0.216726898105055
0.427892657814575 0.0569149158860515 0.0222979027957765 0.229507826148145
0.3597690062894 0.21464393584384 -0.0655833165753623 0.0217524107844058
0.218932812793278 0.289658129154512 -0.191092023299386 -0.168037742311974
0.309148317920476 0.199251797436688 -0.159091483450616 -0.293325117942211
0.355305211594534 0.054010618354225 -0.197914694767048 -0.305677155151096
0.282798928461572 -0.131926159785177 -0.224974651514119 -0.195798011041499
0.166171546121954 -0.231450979079519 -0.212292691776189 -0.143449420167663
0.0554197738484225 -0.258619671232706 -0.214341481803459 -0.081054317448019
-0.0195530908927703 -0.238259274123039 -0.149677324842325 -0.0586749666068918
-0.0360066393315598 -0.233408741146347 -0.0549528715147878 -0.0893034188289594
-0.0178472476033588 -0.237094227188414 0.0146701017061383 -0.16246627412472
0.0053263502570817 -0.264619931917333 0.133845538032004 -0.197264294170435
0.101876734392254 -0.286844209828981 0.261387734552225 -0.159985768806082
0.224543975427314 -0.218688387427938 0.320100791227781 0.0172555746180227
0.348883283126938 -0.081356717861205 0.177599487041487 0.196614352071038
0.369971793568156 0.123790826997689 -0.0376486985241866 0.190587944010948
0.277400590728704 0.239587119127875 -0.152096333117983 -0.0724152994348556
0.134788605565478 0.22716403946762 -0.277450954842359 -0.237379186187864
0.23053654919515 0.169028426617953 -0.221683143219448 -0.296442465823504
0.279373999546749 0.0371786916217038 -0.195199846724663 -0.289068430759359
0.207925767164508 -0.109277744544203 -0.166059841235318 -0.210862968444215
0.117294411755124 -0.170091960707757 -0.171174577855503 -0.211102032527892
0.0414045949480084 -0.191717545872075 -0.203163320335631 -0.159073862592474
-0.0104058054443826 -0.179405646960044 -0.155631347088611 -0.140972645575624
-0.0118782810766044 -0.173319423731566 -0.0631342243650019 -0.170805526253101
0.00996682560506331 -0.177590736960685 0.0165409327493453 -0.233863924479634
0.0353823733641358 -0.191250880306835 0.150631536397397 -0.24466761390237
0.114261562480495 -0.188926038890028 0.28030786301087 -0.183897276043478
0.198470968130514 -0.124703591792976 0.323022524009251 0.0108095258893709
0.279192868380291 -0.000559008417789969 0.154765774352797 0.168106629041896
0.263944750604377 0.16476482202936 -0.0679892957244704 0.131987926535272
0.163376235145526 0.224738681857574 -0.193448225471943 -0.163851323575205
0.0228421791175924 0.137043475478026 -0.331187577293042 -0.25355347067073
0.107090471961274 0.117559371492748 -0.250539092754908 -0.268771961955697
0.148429896491799 0.0239882935595225 -0.187409426471197 -0.264486690424778
0.0958617012651627 -0.0525401668108447 -0.135145223789003 -0.218833591007993
0.0558992551799317 -0.0670974015867329 -0.160794251538904 -0.242580585505661
0.034302818062032 -0.0879638645068114 -0.198627331200885 -0.197639860838339
0.00981136503437931 -0.0921084126080606 -0.157699619865213 -0.190334550903171
0.0134412351537511 -0.0873539995044435 -0.0628167460421226 -0.223853610642511
0.026393208325923 -0.0943105667746378 0.03297512068486 -0.277235016750314
0.0417652650790073 -0.0976740429914251 0.180108448722825 -0.264514795414758
0.0908555996382068 -0.0874585246964459 0.302446996698804 -0.177877855578939
0.137396658551546 -0.0494360265205531 0.321399166308362 0.0199751644298634
0.184280005020155 0.0450178996786322 0.145303288092278 0.139690570415266
0.137027664752148 0.160658967262351 -0.0641779742015889 0.0734547870301429
0.039283348194751 0.167192628788621 -0.190060421839169 -0.234426088956403
0.0631007750402287 -0.050463453955258 0.186278460616197 0.245676634203859
-0.0374356548877314 -0.0801114136761814 0.106625856353868 -0.0363788079345811
-0.0709609907926161 -0.0272417002848596 -0.117672068396599 -0.140622308302452
-0.0328461700837811 0.0220617502366822 -0.305897397061455 -0.0675697828690263
-0.0111084264603212 0.00708731501371108 -0.323611773651631 0.148392722897358
-0.0206588310653294 -0.000296899472623324 -0.19953551450373 0.2672792906495
-0.034514257398713 -0.000189335285997707 -0.0675699372784921 0.280564920934438
-0.0460452724280173 -0.0109589012103643 0.0683902441595644 0.248123857057887
-0.0434189784078751 -0.018325106608266 0.144737952455419 0.191352392719443
-0.0347711029930723 -0.0331118201706792 0.203151680667411 0.17849382219379
-0.0135205756841874 -0.0504952178232074 0.187186816244095 0.211569479629681
0.00928797075316836 -0.030284955756678 0.144843826387378 0.229940387494063
-0.000402622111330863 -0.0448477405956185 0.168435576818134 0.253615739031593
0.0301919299860153 -0.0738056591799715 0.222517345825524 0.265164968865708
0.0938650045150586 -0.0301740976455372 0.330151576097407 0.226218911660145
0.144604153872476 0.0603526272598913 0.147247184777038 0.224058626732817
0.0656422949954429 -0.0105150398611478 0.0769801863910479 -0.0488179652865528
0.0283308564852322 -0.00129905587478832 -0.126461642505481 -0.155482461812795
0.0492884040357587 -0.000742670585600912 -0.306503512088093 -0.0836603323666874
0.0489737615386438 -0.056255491188509 -0.328247556436196 0.113989000381727
0.00450081936331675 -0.0843163998401318 -0.222086985409397 0.235917839337387
-0.0374924486034521 -0.0865001640866759 -0.0912388556597415 0.259124290133963
-0.0669360250851524 -0.102116382388842 0.0476837687201852 0.228039963270531
-0.0659252822993604 -0.112732712762319 0.125935133928448 0.159149367349607
-0.0525726379843593 -0.1433017106094 0.201346080845177 0.12690528685131
0.00902286932714734 -0.180198443704852 0.218552609573342 0.156425484834856
0.0947965699773543 -0.14050491371369 0.189054470938346 0.200914364086358
0.145322012898692 -0.0924885836979398 0.181128345595786 0.250901343558848
0.188764548593272 -0.0429064250705434 0.190512306619984 0.24932951199068
0.224405853397219 0.0424642511215532 0.266796389140517 0.198515600399029
0.206721750633616 0.168045444013664 0.0903147009370333 0.156556211547498
0.167353245285019 0.0723249897296369 0.043244795556797 -0.100074262778396
0.144010389505393 0.0305731670489326 -0.142080715360833 -0.197814310077841
0.142205424157802 -0.0305608748389874 -0.308874176714115 -0.10832166319044
0.109376467572259 -0.121494880217304 -0.318821583910655 0.0725607331478109
0.0299349066400861 -0.163622666641635 -0.231824910876704 0.185879608839341
-0.0360761753658455 -0.163637433992885 -0.10954976330295 0.209831314957834
-0.07723084710037 -0.178496385814564 0.0192180282415458 0.177027648427419
-0.0793040996625224 -0.188596143969352 0.0944927215478058 0.0987616418961841
-0.0678019416294666 -0.22879833969804 0.183229034842397 0.049448423819781
0.0149738879576957 -0.282497127152256 0.237176271360716 0.0705774892510275
0.145101470530817 -0.239187841941679 0.237207609220716 0.147707452348641
0.255641189154913 -0.151264718582674 0.199348198412874 0.23959774821528
0.31660823830229 -0.0257104462664783 0.144589489400645 0.241587577537335
0.319630782991158 0.103947281297437 0.167184014722985 0.15536358758179
0.24374434560726 0.248484260192947 0.0133581801932786 0.0549277371732585
0.255901040430195 0.143034696441824 -0.00447490440789088 -0.172646825997622
0.259124001243621 0.0510863794648214 -0.160049623815188 -0.250837912580253
0.228758887556673 -0.0732572587294937 -0.298188003184005 -0.138410919247158
0.155187940111378 -0.185621028908634 -0.293344698677166 0.0157960495181134
0.0465362702464705 -0.228581255846515 -0.227866791109544 0.112442591551814
-0.0339928144664033 -0.219714646007043 -0.123301209228003 0.134837458966711
-0.0753981564979467 -0.22770937504772 -0.0102854113339762 0.100453858639238
-0.0758294264264958 -0.235807820097356 0.0569116915795296 0.0183724096312695
-0.0659364930660421 -0.276862756431672 0.15231526469429 -0.0386876053088609
0.0246596427220638 -0.337101514031051 0.239718998186216 -0.0237216226266456
0.172816003165465 -0.292171115091791 0.273288163839379 0.0867469496829237
0.320903495746526 -0.18146270331139 0.206903185365579 0.222968064172563
0.393539694361159 -0.000747067867007371 0.0867538676194501 0.235346050659268
0.36193748409575 0.157681844168475 0.0506606749681261 0.0978902713162535
0.248664744534362 0.28658492681268 -0.0810768304349688 -0.0581469270833163
0.30602616593852 0.184701584568112 -0.0742270679208712 -0.237145606397365
0.334322477532886 0.0541378888276294 -0.179131171444405 -0.284607863518689
0.277356784183459 -0.114120507024936 -0.265540791339528 -0.166355566903781
0.172090278943478 -0.226739005279656 -0.250929548989471 -0.057955106803003
0.0499655296000508 -0.260062450850493 -0.217555228321047 0.0231956954377617
-0.0325528121255084 -0.242382024901374 -0.134152383600104 0.042645293041163
-0.0633733896872441 -0.242925317337912 -0.0357891797211634 0.00879174812038683
-0.056410521115714 -0.248308575434595 0.0248640730986974 -0.0695875002144464
-0.0408783841347868 -0.285109200085374 0.126844101398864 -0.122130402259704
0.0514245690076792 -0.332940938903517 0.23662081461232 -0.104983081333135
0.195746143752201 -0.281151714217581 0.292482243700216 0.0363047056243934
0.344467917137246 -0.15825615734061 0.196767078820871 0.205667178708234
0.404728934938723 0.0472431727341929 0.023022825120988 0.219244101473939
0.343291831736767 0.200351170034181 -0.0610143527310995 0.0234043911035221
0.211776942147533 0.269488571138006 -0.182821432714271 -0.156210462259454
0.29395946074107 0.183563836214474 -0.15328340798601 -0.273719543514822
0.335325815678249 0.0430530414790752 -0.190127164483208 -0.289030990599654
0.264643668932839 -0.129255009586108 -0.212720829756201 -0.186873748583761
0.152666283996284 -0.221669169802412 -0.203971605522119 -0.135272770557919
0.0461024631299677 -0.245192712776115 -0.204127528448169 -0.0730773067619214
-0.0243756009033553 -0.225736038774367 -0.142891848728398 -0.0538557506771391
-0.0382002404218381 -0.220317001913107 -0.054036793429657 -0.08432761799701
-0.0226633001796404 -0.22567803503431 0.00945041106486809 -0.153135128029589
-7.12458606483878E-05 -0.250533797297743 0.122139080763949 -0.189705903601725
0.0898606301345296 -0.273908799846816 0.243914390761964 -0.156693874518561
0.207720319486227 -0.211363719502424 0.301553894121925 0.0132248497661481
0.326242945527211 -0.080973475762357 0.170717126126742 0.186849767721941
0.352471459268475 0.110380840505184 -0.0336147015502044 0.183052336588341
0.266951404072461 0.225051747240517 -0.144784325473609 -0.0656313883254793
0.13173082233749 0.213222804038588 -0.265564643255815 -0.22194007685945
0.219787186174706 0.155716036691484 -0.21247380702123 -0.276675233689406
0.263153436277952 0.0300093297664938 -0.187029847010911 -0.272719055907205
0.193423317665301 -0.106596639965091 -0.157873179146635 -0.201890169740654
0.107632247342061 -0.162302389358233 -0.167452802261979 -0.200501288729573
0.0352360610125531 -0.181550470938962 -0.195715641054773 -0.146986759794705
-0.0142486574137992 -0.169613773722314 -0.150113375015867 -0.131606455586676
-0.0136345195795407 -0.163626772308619 -0.0649368235031298 -0.161090930378007
0.00570972717446161 -0.168977102624404 0.0100789986277537 -0.220587031303076
0.0299236053779615 -0.181375278456909 0.136915118934956 -0.234508058947949
0.10435174037952 -0.180995771246553 0.261998362775797 -0.179206945783277
0.185654137583387 -0.121331863491643 0.304015259838672 0.00625193924468073
0.262249041794397 -0.00374846238610052 0.148821342790483 0.160235009881999
0.251190798181696 0.15138475886455 -0.0616469398066468 0.127260762963399
0.158406143491566 0.212171635442012 -0.184632649332962 -0.151887942198786
0.0244455559376466 0.128557760079206 -0.315731998616924 -0.239568159853217
0.102663589846265 0.109598171767566 -0.238388081560851 -0.251077730357333
0.139466052565002 0.0194880405733666 -0.179569708018941 -0.248854948383562
0.0891049052600659 -0.0501444944810075 -0.128185185860816 -0.209816489835822
0.0520228952981461 -0.0635886850248379 -0.157637958588145 -0.230024849111127
0.0302754396916138 -0.0833670336201439 -0.191793961611272 -0.184005966145725
0.00630623916623009 -0.0867796535179152 -0.153028085764974 -0.178399925553033
0.0122366104459689 -0.0822119586746591 -0.0653327911533514 -0.210819863850182
0.0235414052655544 -0.0897476649984025 0.024557993198382 -0.261395758726614
0.0379021325380746 -0.0925881316076769 0.164494230831516 -0.253423126403244
0.0842651900358238 -0.0842624975553347 0.282845335418303 -0.173094903771131
0.129182371341707 -0.0483741296570836 0.304087468179401 0.0149966177153213
0.173432451057039 0.0404590605789769 0.137790744790841 0.133283391026285
0.131794836740667 0.149175523695286 -0.0590152294350653 0.0721525417256459
0.0399455337176675 0.157482365932136 -0.18086522088678 -0.217700146370749
0.0626297743399347 -0.0472089737418839 0.178303394660898 0.24151905716726
-0.0349878103718289 -0.0770547525376557 0.106621497470089 -0.0344685524658388
-0.068919286927571 -0.0275831650467917 -0.111003699868883 -0.140330542089824
-0.0318716405288506 0.0206550396701571 -0.29739462352771 -0.0727818456355671
-0.0102219860905539 0.00605270883424622 -0.315871268027272 0.13952839559295
-0.0207231947693709 -0.00159903301079691 -0.196263294563616 0.257116718416526
-0.0336984195172415 -0.000713657457924274 -0.0692944920127547 0.272346207623007
-0.0454044617825299 -0.0107316997247238 0.0653791655624079 0.242347939427664
-0.043062198844027 -0.0185821170905573 0.138220711277894 0.189519042246261
-0.0340410138078377 -0.0342222010485044 0.195291261670556 0.175498308149179
-0.0133610817266616 -0.0492628180992671 0.180189420128047 0.208623076108006
0.0101419141822689 -0.0296884541141239 0.13757849296281 0.228737123273409
0.000479377265559757 -0.0434834637967701 0.160458964576607 0.249847214352861
0.0308385578920978 -0.0704472315304818 0.211049293002279 0.262635017704471
0.0938913204054263 -0.027615696017024 0.316277103372183 0.227851186689898
0.141410679767484 0.0602492819148016 0.140700910573252 0.220691331368895
0.0633898099131194 -0.00850421377258358 0.0772643273855814 -0.0458376637893789
0.0265587334579737 -0.00127468532387442 -0.119063158708433 -0.15480211482968
0.0482596929060709 -0.00113398398597522 -0.296954122754647 -0.08787854908216
0.0477886170303354 -0.0543540972998846 -0.318567538501918 0.106424403933093
0.00379669185307125 -0.0820473071652528 -0.21875649489704 0.227510882976308
-0.0366967190960013 -0.0844893194933435 -0.0908182626401876 0.252002575139362
-0.0648470381681164 -0.100233872614345 0.0442970956430892 0.22300953731577
-0.0647278944960297 -0.11141311263264 0.120050738033367 0.158210699054302
-0.0505969491533948 -0.141112214413215 0.193860138687144 0.126545887230251
0.00868974675497762 -0.176279424138424 0.211639023650659 0.154304356991284
0.0937722561029969 -0.137300095815782 0.181169020623433 0.200410206943224
0.142016390734317 -0.0890332308926082 0.172843699300879 0.247991010953842
0.184657147814972 -0.0390548323651847 0.180410173126634 0.247177166656509
0.219174547540209 0.046058674368907 0.255525091811011 0.199445174608021
0.200465742726825 0.166521534471258 0.0875076057661781 0.154611849448899
0.160772288581705 0.0726710199843194 0.0455054311489266 -0.095207676427714
0.138417156833209 0.0305983962958689 -0.133777670433403 -0.197428645667815
0.138446001030939 -0.0290530994543123 -0.297841658814294 -0.112298585595466
0.106637085353475 -0.117354332908817 -0.310009093532239 0.0655856326069499
0.029217667444251 -0.158837331376124 -0.22755443110751 0.178066964916949
-0.0352571013030792 -0.159447374361401 -0.108821809728372 0.203501654376399
-0.0751183462960364 -0.174557381583267 0.0182943870577973 0.171983285088984
-0.0774556486050163 -0.185621869653463 0.0902688861203305 0.0989304529510951
-0.065296535189203 -0.223903707855505 0.176165667018928 0.0499407599224971
0.0145068748834546 -0.275076722335084 0.230217117515378 0.0706958733845808
0.142865153881512 -0.232542625588363 0.228510088401138 0.149172419658484
0.248957044328194 -0.145078116481838 0.191118424822804 0.238193559034954
0.309191338487182 -0.0209725093990327 0.136417720056483 0.238982775236127
0.311295392045183 0.107490372633337 0.160645286282143 0.156664019639336
0.235586498211803 0.246263309318928 0.0138257181197976 0.0547485216830641
0.24612852008392 0.142831579895057 -0.000314542143777331 -0.164807211556488
0.24975150317937 0.0516398923752796 -0.151450172747029 -0.248865163810039
0.222856013029654 -0.0700439291282974 -0.287266498327024 -0.141353945301883
0.151412827452475 -0.179134639267247 -0.285136704397701 0.00987134851100813
0.0453589300078193 -0.221685935445496 -0.22348742098433 0.108062511929447
-0.0339007312098855 -0.214240515588318 -0.121291191367129 0.130799746043463
-0.0728409182128983 -0.222910253534694 -0.0100303991979647 0.0976490252396558
-0.0731396169691979 -0.232177459425303 0.0546294740819219 0.0201854553149133
-0.0635310346261159 -0.27131769055445 0.14710569475039 -0.0356318302936714
0.0237974917991165 -0.328109512742975 0.233374599490518 -0.021881126217283
0.169955640828032 -0.28474142291556 0.263554439399544 0.0904738830666634
0.314426349306784 -0.174601159604258 0.198954474627151 0.222839450069858
0.38427762848142 0.00397349491223334 0.0806149987844639 0.233116076132074
0.352681096748272 0.161026756871503 0.0480303772801389 0.0983836969714699
0.238434101368751 0.282945348879981 -0.0773954066377083 -0.0570877420667027
0.294850129517707 0.182345362880635 -0.0675219180843874 -0.228987264030177
0.322898179932205 0.05520592986239 -0.168950485164808 -0.281767195069877
0.270384747105798 -0.109069351307906 -0.254298549252808 -0.169374178883773
0.168079047471019 -0.219684715684402 -0.244736933919849 -0.0618912572419168
0.0488253901995252 -0.252753607770996 -0.211850542464973 0.0212591737929924
-0.0316920888913713 -0.235968855484037 -0.131253371346946 0.0407067059773474
-0.0606474088543985 -0.23784437712283 -0.0357515929817187 0.0070731899878558
-0.0540357934450832 -0.244418958779336 0.0237124493833946 -0.0662838477633026
-0.0384008807366685 -0.278621721299669 0.122887875073251 -0.117382283334147
0.0503783034183517 -0.323446262179594 0.230464646604075 -0.101237676064396
0.190821541330414 -0.27336996011163 0.282342908798526 0.0397071654105801
0.335631170939695 -0.148859572758953 0.188689171625752 0.205586452393777
0.394462019354602 0.0487472651201018 0.0194209114562763 0.217332710357513
0.332970487137174 0.201594138828105 -0.0598259466001598 0.0236772442177449
0.20364530795857 0.266435241708117 -0.1740923135154 -0.154761266763937
0.283507213464185 0.18187160950388 -0.143721900019777 -0.266442940554447
0.32447231023339 0.0452591352510631 -0.179799144352855 -0.286161350225776
0.25781944684926 -0.123668546450665 -0.202264808188635 -0.188349648612205
0.149862236061405 -0.2140645880912 -0.198812831675653 -0.137055258228475
0.0456129493263158 -0.237573453760382 -0.198337802982401 -0.0724232662655712
-0.0242185758001822 -0.219352277615579 -0.138904295067631 -0.0536901477053234
-0.0363179232590692 -0.215480511237561 -0.0536306600627169 -0.0834550352229954
-0.0212180764023603 -0.220898693564847 0.00892275944451559 -0.148235365981721
0.00061133426079321 -0.244931195882343 0.119181560852564 -0.182862617097324
0.0875717851386462 -0.266286752139825 0.238474550543163 -0.151622458875425
0.203177782446375 -0.204051411635675 0.291713812547672 0.0170523433943922
0.316229231061134 -0.0756474229058934 0.1643566555254 0.18753501957957
0.341538923723447 0.110462827600124 -0.0344694588696561 0.179892650172419
0.257408662101513 0.224455255355639 -0.138836939770274 -0.0644767897710378
0.126059663847998 0.209054948041283 -0.254940262932365 -0.220691158858155
0.211079076289069 0.154308043948502 -0.200465544536654 -0.270659351263959
0.253413393911848 0.0309932703034018 -0.177721707163655 -0.269138308243132
0.188454277129473 -0.101351933353369 -0.149091805449759 -0.202855713560952
0.105673321953682 -0.15680013614307 -0.16255891979791 -0.198954534924019
0.0340849846028035 -0.17636445842418 -0.189228523691396 -0.14415029925323
-0.0139654910627576 -0.164744175820981 -0.145641113495835 -0.129860827123759
-0.0115371309342174 -0.159317180874206 -0.0632207576135258 -0.158909316213115
0.00586981507234445 -0.165063222962076 0.0097927924377104 -0.214360178374056
0.0307725667716636 -0.175826745272409 0.133792988299674 -0.226312050769975
0.101524868996753 -0.175124050535747 0.25535295412887 -0.172755049878294
0.180610364533643 -0.115514622662109 0.294681608828894 0.0102590304529464
0.253324465205156 7.8195075698376E-05 0.141522486621006 0.16165484641218
0.242956599962104 0.149509073607045 -0.0614556066669798 0.125094899726909
0.151466630962194 0.208915768645741 -0.177453287153161 -0.149217609400207
0.0222062392951769 0.12488176578996 -0.303430441100965 -0.239520010775489
0.0974667299061446 0.108164724619787 -0.226868946464683 -0.247524188092109
0.133493654995951 0.0202347636995795 -0.170595399346948 -0.246095307010526
0.0861269486562894 -0.047380611191819 -0.121472851514686 -0.210757864268302
0.0509921045786515 -0.0609639878631657 -0.152869319828655 -0.227191754395755
0.0293516531543789 -0.0810994214051149 -0.18437818363444 -0.180441617844276
0.00626909932064522 -0.083664794783207 -0.148416943766725 -0.175454958271217
0.0138812446014263 -0.080287005779979 -0.0635364603500477 -0.207844200548401
0.0233239559553432 -0.0868802815367747 0.0253358231859466 -0.253921357553629
0.0380426325324458 -0.0883373506819361 0.161272550273906 -0.244384531803807
0.0832330584527813 -0.0815383652187201 0.276244133568548 -0.165904356043152
0.125237819342712 -0.0456004777608251 0.293952644335233 0.0194120233034254
0.166253259275045 0.0415108283461658 0.13110222249486 0.134180290047227
0.126338425237116 0.146042154730676 -0.0582216246712242 0.0709955518949493
0.037295959316409 0.153827705118516 -0.173062001670077 -0.213005669571288
0.0651749574220298 -0.0464384284251101 0.176409845317239 0.247179180734276
-0.0336373460899256 -0.0769711981848922 0.109666785424667 -0.0343664373466636
-0.0694491217487438 -0.0289466379533598 -0.109685247831234 -0.145771671248172
-0.031649077504992 0.0190925629869562 -0.300535666989968 -0.0799421565543482
-0.00999150745313626 0.00537914855731108 -0.31859386392877 0.135983620868613
-0.0213334347594373 -0.00205471846270358 -0.200439156766304 0.257764578740984
-0.0339332395864163 -0.000989575910420941 -0.0728388656163571 0.27537685387093
-0.0462978291476804 -0.0108330532502916 0.0632393048344238 0.247339983818609
-0.0441153221756757 -0.0202062033514869 0.137899418794059 0.195081755802993
-0.0349353760302457 -0.0365480671633099 0.194602485294374 0.180064147963968
-0.0131200591025253 -0.0502967943601755 0.179892512914991 0.213502869957917
0.0111723650781042 -0.0305743005094253 0.135898540719034 0.236309841299926
0.00147042053582817 -0.0444817670711768 0.158760761128506 0.255711006223189
0.0326031316031313 -0.0702408436034492 0.207566528269604 0.270736015201085
0.0964032329476685 -0.0260879330770549 0.314251550265907 0.237724829197088
0.142523031702318 0.0639521599580964 0.139426733001959 0.225726942425544
0.0641701323675532 -0.00699681555173472 0.0813582153955844 -0.0450236799411803
0.0261101137164083 -0.00123211450323085 -0.117288059561978 -0.16125614622274
0.0490632690218562 -0.000824293486168524 -0.299068878080718 -0.0965120341071304
0.0488949142450379 -0.0547671442579772 -0.321677618605041 0.101097567247722
0.00386187112519772 -0.0830566569085771 -0.223061181323966 0.227190447025728
-0.0369945225376268 -0.0857023172479079 -0.0949954710680839 0.254317345560356
-0.0656471163251415 -0.101753547960778 0.0429752000114098 0.226708348812368
-0.0653887725001007 -0.114277086454669 0.119791382454505 0.163112125209257
-0.050889216433205 -0.145537727786282 0.192613083154396 0.130520988160228
0.00941384758740719 -0.178047682870174 0.212300271308005 0.158216173982276
0.0964538205342301 -0.138674948125458 0.179115965894686 0.208373471504681
0.144853006091286 -0.0882581456996992 0.171137892360709 0.254685099658542
0.18777982666466 -0.0364131673423666 0.177486977472569 0.25519375231261
0.222013159338721 0.0505440628424899 0.253110121660234 0.208502035725909
0.200812848954708 0.171504067147676 0.08651892018725 0.159048297920359
0.161121254416853 0.076295750909582 0.0499036926033155 -0.094424595955291
0.138048470552152 0.032224604801341 -0.131073276805994 -0.204301026118151
0.140350601567804 -0.028166307324597 -0.298938594487575 -0.121258853831623
0.108165435481097 -0.117804963113281 -0.313416030031129 0.0595482300716616
0.0292799644462849 -0.160080029778767 -0.231291191372902 0.177886990682075
-0.0353864227645183 -0.161123824195851 -0.111877611319724 0.205109817937971
-0.0748436731330012 -0.177055822106225 0.0164855848445031 0.174547102003613
-0.0780233794728175 -0.19027162843234 0.0901225102468979 0.10256902909552
-0.0653106086882992 -0.229126892075091 0.1762197941181 0.0527772203912442
0.0153748010065494 -0.277686346061578 0.231614262851026 0.0733341285992679
0.146067111106541 -0.235094992689131 0.22810059661719 0.156469292585679
0.252876468759517 -0.143470192843772 0.190010471270126 0.245407367692889
0.313849407313337 -0.0174983723793353 0.133352970327114 0.246842354886667
0.314912962072991 0.116106167356651 0.159228830547862 0.163554980547711
0.235577616708487 0.251964193588322 0.0141321816064729 0.0567861946072605
0.245898599674151 0.147254530833146 0.00520684880294335 -0.16414503671747
0.250210488337255 0.0548840731098713 -0.147756942556984 -0.256732423318039
0.225707609278118 -0.0687388463040873 -0.287553408550551 -0.151819499187828
0.15419675351568 -0.180001452784751 -0.287562377337125 0.00391425954694126
0.0464668678686703 -0.223197202023863 -0.227172913820484 0.107314332740716
-0.033383330836831 -0.216821130712977 -0.123658492020577 0.131156278029097
-0.0729444425313133 -0.225763916984772 -0.0118955647666839 0.0977139101621762
-0.0743746912623744 -0.237377015747807 0.0544663564220858 0.0224875662035276
-0.0631407977286825 -0.276994172690904 0.147583377052366 -0.0338985442131953
0.0252367872401716 -0.331727139380307 0.235640307456561 -0.0209666070280006
0.173033367024011 -0.286663749421845 0.263932334172183 0.0965299166165901
0.31866122398135 -0.172955423626154 0.198207711236343 0.231255328356738
0.387754987572277 0.00846006486822799 0.0775261263645746 0.239911111416537
0.355157867164815 0.168823904375762 0.0472521543870304 0.102377448991674
0.238612789028512 0.290517806149615 -0.0756497329228791 -0.0580302142268894
0.294647203076864 0.189212205891297 -0.0618869217457476 -0.229341149777738
0.323721442826492 0.0587739164362152 -0.165469009300068 -0.29009642704021
0.274145372895897 -0.107895826001179 -0.252709743673152 -0.178541960009014
0.171588583973491 -0.219476304889829 -0.246469693916458 -0.0678717211742162
0.0503660256787234 -0.255254079298883 -0.214105824686142 0.0195122348235986
-0.0315344724152796 -0.238171479703144 -0.13217245696227 0.0398685215722429
-0.0602754575304736 -0.240914587685257 -0.0368057197288497 0.00660900499481595
-0.0543096318175833 -0.248861153237472 0.023649791075888 -0.065410485064094
-0.0379178201816978 -0.283671232310045 0.123961485559031 -0.116810959251365
0.0508742615497219 -0.327727443863068 0.232607448943933 -0.101150214003651
0.194615894359144 -0.275140570988322 0.283489338910155 0.046192762194678
0.340572810577669 -0.147581812014488 0.188910889432963 0.214226147512484
0.397479319895934 0.055029095396196 0.0165235473780474 0.222330520042139
0.334288805066421 0.211166247149112 -0.0597756962556417 0.0250037213973686
0.202532312754494 0.271500648283141 -0.173171314806017 -0.158892855838163
0.28396488002309 0.189538715996254 -0.138498947404552 -0.268413063373583
0.325566683059738 0.0491845957580399 -0.17696971802934 -0.293905368546668
0.26123916529597 -0.121099395924923 -0.200265009700597 -0.198887374135623
0.153155034113633 -0.214700890239234 -0.2005010406841 -0.143520912753543
0.0467493269941762 -0.239701603580016 -0.199927864734505 -0.0753154362664332
-0.023684703770689 -0.221519407181834 -0.139612964050487 -0.0559806612443904
-0.0354306414596689 -0.21865410316275 -0.0544131666574681 -0.0857080352396606
-0.0204111639362049 -0.224513582407928 0.00981549553665539 -0.148562156565739
0.00205134630404679 -0.2475870920168 0.120380679706376 -0.183704134949405
0.0886651163462389 -0.269282289059879 0.241123494248986 -0.151177423098103
0.206151508858514 -0.203570081067208 0.293553203732675 0.0227811877139649
0.319726779507966 -0.0716705864458769 0.162504274110159 0.195234099359522
0.342573487032778 0.117155447644344 -0.0373889797328624 0.183739673858181
0.258407752927178 0.232241063308364 -0.139498869624744 -0.0655316982951524
0.125417844314652 0.21267837937527 -0.253989519885305 -0.228514393267405
0.210371315847953 0.159118081063478 -0.196366948458178 -0.275387450749073
0.254169183535571 0.0341516254257622 -0.175336314119851 -0.276827301095389
0.190692151227259 -0.0998833406434464 -0.146434073876509 -0.212163423829433
0.108289898909524 -0.156678753921207 -0.163400897575031 -0.205295047022034
0.0353184267224132 -0.178150421220621 -0.18953941172574 -0.147841779075059
-0.0130458136676383 -0.164933762927416 -0.14538483302291 -0.13307284734189
-0.00989303005715327 -0.161843303292265 -0.0644756001976738 -0.162437600694074
0.00721034448320063 -0.167204362452403 0.0109855011294738 -0.216087183731143
0.0319311175724187 -0.176982243775852 0.136435179364196 -0.227165401024696
0.103649875739027 -0.176790179106282 0.258493758339941 -0.172435657724116
0.182674101230515 -0.114015551829061 0.296607958939596 0.0151947818815789
0.254585666838022 0.00419465589819082 0.139829332671809 0.168021857246429
0.242802770943577 0.154391326057312 -0.0636214812648303 0.127689074662704
0.151212088447365 0.213568398000491 -0.176655583205505 -0.152151301800208
0.0217116687312042 0.126349587238308 -0.302948703348084 -0.24784022255779
0.0963261853934725 0.110133372253494 -0.223386111245846 -0.253723215480811
0.132588910108719 0.02181818929149 -0.168035366886172 -0.251956510323953
0.0867552455638976 -0.046019064259918 -0.118101127387207 -0.219397721165087
0.0519993461654873 -0.0603202858141605 -0.153274747979323 -0.233148242816288
0.029805923489255 -0.0816949597216347 -0.185012373855297 -0.185257609325734
0.0068702440928856 -0.0835097603999508 -0.148723679044247 -0.179836238892933
0.0154250471623628 -0.0808091325473937 -0.0641232038598339 -0.211401111760292
0.0245541665097139 -0.0874091526717299 0.0258534462615391 -0.256165813170961
0.0396264451131438 -0.0875126849413417 0.165011627084291 -0.245027162530777
0.0847483645723517 -0.0815615319512986 0.279847346175774 -0.164309010430401
0.126654719086566 -0.0436092824649099 0.295200305909619 0.0233070153712081
0.16592043299794 0.0448375229893938 0.130144979661267 0.140684028970117
0.125105842611118 0.148733535731576 -0.0590481573702731 0.0725385095675037
0.0358456500844773 0.155373598911742 -0.17124147201107 -0.217323489846484
0.0687545423441311 -0.0486204950228694 0.187604979673399 0.256241489199841
-0.0348406375532389 -0.079164346309186 0.117143091488168 -0.038500044522375
-0.0725662687696863 -0.0292438534910889 -0.11406274253921 -0.153644140709947
-0.0322759481910469 0.0194178819018111 -0.315873210874404 -0.0832587927470068
-0.00949057496292617 0.00416900405506669 -0.330355721930903 0.143258879459038
-0.0228697589127347 -0.00205170769500391 -0.205645893725193 0.271078464779782
-0.0352333530748173 -0.000565593966557598 -0.0725367954270813 0.289026068662614
-0.0487025583798963 -0.0108000316421028 0.0699513097785753 0.257956521024967
-0.047650996364326 -0.0212080191642365 0.146278794749406 0.204033970211488
-0.0380401123126058 -0.0391766822212356 0.20430208914876 0.186818957786486
-0.0145006759370138 -0.0525623330270141 0.190372025744941 0.220894436860919
0.0121892617443762 -0.0331169300204705 0.143570539973834 0.248696392011267
0.00155312625472892 -0.0461350884422062 0.167060927049921 0.267032656163281
0.0332044849627429 -0.0730850481328553 0.217360900015655 0.282443250862826
0.102229538373983 -0.0280845091111789 0.33023870961717 0.247810700608425
0.150798662818528 0.0652008325240217 0.148531735064577 0.23587259996889
0.0667547755811841 -0.00739249366148213 0.0871471893627588 -0.0479268260715874
0.0267157291992772 -0.00151576373761226 -0.122148171787572 -0.17010039320175
0.0509762290118488 -0.00213053165111173 -0.31399069148733 -0.100298205310128
0.0502394779094882 -0.0592379244759048 -0.333458367682247 0.106866667833558
0.00211399090414246 -0.0868878406738461 -0.229543889346119 0.2387745459637
-0.0401585975030452 -0.0889083120891661 -0.0952834697340707 0.26724672759918
-0.0710407471675513 -0.105189299598343 0.0479072819543373 0.23638380624768
-0.0711938756038348 -0.119861659689702 0.127098899025566 0.170667308861837
-0.0559875499756229 -0.152484913030572 0.20229074351442 0.134650381112415
0.00613620246817457 -0.185971904290431 0.222586087637963 0.162272175075359
0.0990262734112207 -0.146664881513463 0.188938139397857 0.21871046719615
0.150546205769843 -0.0936840455547173 0.181349570116074 0.266637773204996
0.196582877679706 -0.0399073012076632 0.184695657522411 0.268278173794523
0.234244157460601 0.0521206785355885 0.266165119136904 0.218883626503344
0.213204785613305 0.176890387498311 0.0933088391124793 0.166283553044144
0.168314859292632 0.0784860572067906 0.054901474064926 -0.0978259123095261
0.14272034783409 0.0320679116771979 -0.137282929174146 -0.21462932419396
0.145580043758423 -0.0320308111695398 -0.313429773715421 -0.126646993715019
0.110988863732869 -0.125186847105637 -0.325389476396836 0.0638149541037512
0.0272596885488691 -0.167134786950737 -0.238175612895655 0.188820724923834
-0.0399350123446086 -0.167463725857692 -0.112983883963483 0.216452910031498
-0.0822391441593892 -0.184073986399013 0.01947632659108 0.182560157201722
-0.0857388493505367 -0.198691565757416 0.0949313526309895 0.107706941612033
-0.0729203300231687 -0.240099167805602 0.18247439033552 0.0543177332596668
0.0102455745863479 -0.290342129248977 0.242473979160446 0.0718695164711774
0.148256221938529 -0.247504099753926 0.239064605111579 0.163296100035999
0.262078347771845 -0.153323092244513 0.201888514718639 0.257353193735578
0.327470558366254 -0.0218183641757489 0.139823034504542 0.259935608442907
0.331168168209573 0.119372208040003 0.168039376885711 0.171689584329472
0.249779851117593 0.260830646163011 0.017831406097459 0.0610468499543201
0.25794410061166 0.151750544258227 0.00704614174058173 -0.168824465435199
0.259483155998665 0.055133142671613 -0.154438853123319 -0.268585927510625
0.23440487720021 -0.0754383815348509 -0.301287640100858 -0.159219836010427
0.157702596545282 -0.19023341635102 -0.300814202837447 0.00479864876615903
0.043400802182958 -0.233769603031994 -0.234752015387531 0.115646231892168
-0.039345039232066 -0.225587094630244 -0.12656319465585 0.138812996412118
-0.0810118777849887 -0.235195505000826 -0.0113585175215584 0.102224144615611
-0.0833235575528025 -0.247941178268654 0.0566939239050914 0.0243056140008421
-0.0714058356720271 -0.289752211148001 0.152062568626687 -0.0361907321450521
0.019502498441084 -0.346712435113352 0.243633960420643 -0.0256279744445554
0.176103863679667 -0.302344302905583 0.27505658822141 0.100212238672968
0.329048846384692 -0.184552126448034 0.209543313860035 0.242169382199634
0.405830668020728 0.00299886065602201 0.0827346358338667 0.253181091834271
0.373276848302813 0.174923230501849 0.0511427222442206 0.110042141169165
0.253703427706575 0.299012020703125 -0.0786251640951219 -0.0593931981592654
0.309443178306925 0.193779082199965 -0.0627785956510654 -0.236154405153713
0.33575414051254 0.0575951224603385 -0.173625084082845 -0.30343551539854
0.283597556893844 -0.11622883871756 -0.264793301147119 -0.188790462026301
0.175124873088382 -0.232017701991658 -0.259178867937567 -0.0705687374453189
0.0466929067168446 -0.266460121293585 -0.22291493121596 0.0236512736154007
-0.0378955152042878 -0.247897548356833 -0.136583513412336 0.0436939047920917
-0.0678883003537323 -0.250628467435033 -0.0391569922996541 0.00666792589054169
-0.0629037262715969 -0.260459716349458 0.0230477697860654 -0.0682392678432453
-0.0453018124641821 -0.296662016949061 0.126399788157201 -0.122544044302548
0.0462694920416685 -0.342048952960145 0.240718342263844 -0.109625930553425
0.197266963563377 -0.290234040775214 0.29533617804386 0.0473658128344816
0.352528037643701 -0.157361921515099 0.19998443894222 0.22539724017316
0.41571983974466 0.0514454445557879 0.0191491280838222 0.234936987878786
0.352617998813724 0.2189541069008 -0.0613825448013071 0.0286882520073647
0.216294603832647 0.281490632355062 -0.181137714984135 -0.164568339436669
0.297076965005395 0.194308989359123 -0.143078935268052 -0.275831515065836
0.338305540313596 0.0477525631030213 -0.185774348995101 -0.3066162067673
0.270331101113842 -0.130221065962767 -0.210069077298666 -0.210107765742563
0.15613457882471 -0.226397525458191 -0.2123493985662 -0.150401921147938
0.0439159316027148 -0.251930382563794 -0.209373546846238 -0.0760383383483264
-0.0291013595965973 -0.230065449720719 -0.146538621225328 -0.0571410664400897
-0.0405220631657967 -0.227969875727483 -0.0601940667475326 -0.0896920201964889
-0.0267430593201125 -0.235715811167322 0.00619572970688915 -0.155136315984533
-0.00207631032973234 -0.258980114971657 0.121295869674463 -0.193156300320353
0.0872292954559748 -0.281558899844157 0.248467937654023 -0.162007825414827
0.211138157107023 -0.214717666735797 0.304693970529999 0.0218262163053402
0.330960183623563 -0.0780374354390456 0.1727734823069 0.206597322856116
0.359697925410361 0.116086468009279 -0.0367811106537155 0.194780950198017
0.273529177481716 0.241091352176259 -0.145632224732639 -0.065671444289076
0.133624922493997 0.220942889881545 -0.267345863101715 -0.237580580539158
0.220411308060278 0.163846005029289 -0.203820165814312 -0.284353267023576
0.263499788885315 0.0330366507895349 -0.183627215582351 -0.288208413543535
0.196796954239695 -0.105966526886366 -0.154651441825247 -0.22497770407033
0.110587838075507 -0.164653578324496 -0.174438047991568 -0.215067704167915
0.0336707212022736 -0.186268415719593 -0.199478453486114 -0.153068767312292
-0.0165140678279775 -0.172406805557122 -0.154469649422823 -0.13839153182585
-0.0128467219681439 -0.169222082869341 -0.071622214136596 -0.169244176285562
0.004114184204755 -0.175153199567866 0.00635242086172458 -0.225259918692092
0.0310692596783317 -0.184713983011479 0.137503001570188 -0.238682822531345
0.104081834516684 -0.1853910515558 0.267020718761634 -0.183270800230416
0.189039060583224 -0.120654739370668 0.307828338811897 0.0135216771325929
0.264321158708429 0.00214392532789931 0.148504271195213 0.177849131231287
0.255234587215995 0.157926361525733 -0.064195004956126 0.135936360628263
0.161562904730647 0.222303678219535 -0.184934346448771 -0.156029534161342
0.0242651615711372 0.131493742715697 -0.319632480851435 -0.259515724791528
0.10123430756735 0.114143822570735 -0.23279160615985 -0.263395094753827
0.136204161132614 0.0215346177751541 -0.176930213461875 -0.263013159903736
0.0894970614591737 -0.0481090472754519 -0.125296455523292 -0.23270607265376
0.0533930976784567 -0.063067414941573 -0.164438611728593 -0.243245799950196
0.0292122588859166 -0.0863597870507734 -0.194700245242084 -0.192018196666002
0.00619362978298773 -0.0864029968558283 -0.158230281486951 -0.186969838045063
0.0155479498673957 -0.0847536679949309 -0.0726846556289102 -0.219862653137349
0.0243014190417913 -0.0911334488125305 0.0220021364683029 -0.26682033684981
0.0409974355653896 -0.0911270846431319 0.16698333204878 -0.257743902320274
0.0867986979089691 -0.0862600141015458 0.287981751798415 -0.175062122245354
0.1316678479579 -0.0457191354706072 0.307545041863956 0.0239304006066478
0.17214962180605 0.0462160732691335 0.136753291880387 0.148458667034213
0.131822632103052 0.153316637245364 -0.0599155038829023 0.0778043127123127
0.0395318884938224 0.161185411766426 -0.180222963511009 -0.224490383031074
0.0615077407582253 -0.0645369645731301 0.243402797925073 0.243053696601985
-0.0482644052522273 -0.075469488211262 0.119682152259674 -0.0609232433994759
-0.0785661168068602 -0.0176648913558908 -0.142281601057569 -0.143852767330694
-0.027732828843434 0.0217157951030544 -0.34419570421377 -0.0277583223742524
-0.0109830770883159 -0.00024411353374804 -0.315127355041682 0.207931878696859
-0.0246986656820061 -0.00102939875784922 -0.163996455816016 0.318739564475673
-0.0375273164084212 0.00467385141684463 -0.0200081015710365 0.320241299400485
-0.0544878134456089 -0.00229223724778591 0.118797167523115 0.255580896036076
-0.0548452179462844 -0.0123998810452144 0.189151378284746 0.189240340132721
-0.0486745312641841 -0.033288492428559 0.243599359732154 0.15966203789037
-0.0273751876498716 -0.0510215487957422 0.235495979490669 0.200965286358715
0.00670410835180144 -0.0388714742660805 0.192046833690055 0.238964392132551
-0.00653189610677407 -0.0483539889829499 0.218637265460717 0.251151801116678
0.0213034547001393 -0.0815881472252272 0.26951947452745 0.258875701750084
0.100164610445979 -0.0491653561603176 0.381901548717816 0.208355189725237
0.170166820757684 0.0398029858770174 0.186670801953342 0.226092809536761
0.0697501629201451 -0.0167292407502216 0.0821244934928455 -0.0655568965196002
0.0287771610679793 -0.00490420766865311 -0.16027178965488 -0.15812947656557
0.0550119290975275 -0.0134842903543529 -0.348292673425451 -0.0452290357731799
0.0407154070589998 -0.0749560940983293 -0.32873855822068 0.175269306072168
-0.01296089936276 -0.0924515112719947 -0.195086665352597 0.294554136735646
-0.0566353941975891 -0.0860420160682504 -0.0482223650050886 0.303329977246073
-0.0933758694461029 -0.0971256312529352 0.0922644805973374 0.237176397504235
-0.097493874858807 -0.110344492547269 0.163139768148712 0.158699673184835
-0.0866745242696988 -0.146969492783393 0.230951196049981 0.106368770402702
-0.0289577894545878 -0.190765233606317 0.257758546666064 0.134969853020939
0.0766441556810838 -0.169895330230815 0.232444449540427 0.200942720163908
0.137932111483093 -0.122858964315631 0.232207156540892 0.247133851743436
0.193339473537592 -0.0754237532901343 0.235326456213183 0.245212587325392
0.248477445302586 0.0130979170591733 0.314014111471852 0.188886808610133
0.257778944775996 0.146595907769122 0.106136678946557 0.161139913730036
0.189494685038501 0.0564857576147375 0.0343198582464976 -0.111358123243801
0.156038252310517 0.01163750707943 -0.1902314923019 -0.200760167440331
0.148950204290515 -0.0589147945196344 -0.357315332682326 -0.0717208539873552
0.0933417601237186 -0.151854256997836 -0.330385986015324 0.131750386354444
-0.000357655052533641 -0.179986496856254 -0.214599628223459 0.24755408887668
-0.0694683183243735 -0.167952459718259 -0.0784171817304475 0.2546356574992
-0.118322827537007 -0.177165258579821 0.0527825986090764 0.186676670952728
-0.126003451405379 -0.190058511932179 0.117827247005963 0.0987423820249397
-0.118335834020256 -0.234195175604098 0.195697857753214 0.0269433040727808
-0.0428030151498952 -0.297592063734495 0.261648320499991 0.0390367086075883
0.110688646101096 -0.280816576571663 0.272834766050708 0.136211974716667
0.241264191654644 -0.203338676211025 0.24985238644797 0.233037228880037
0.331282200374213 -0.0785623814356126 0.189073472576427 0.242328875487154
0.359400696517948 0.0667363908299936 0.205219243152958 0.156050631286887
0.313584443983114 0.227818076556097 -0.000315042560906203 0.0609849277808935
0.295977679289137 0.119056732167944 -0.031860352091129 -0.177014255990764
0.281716149379085 0.0156324419496305 -0.225641641627376 -0.251756521705039
0.234378168287668 -0.117198041275549 -0.354818860611397 -0.106003398243614
0.131549890994932 -0.225689907286418 -0.317826421717517 0.0696809266810359
0.00548332918693598 -0.25058844722898 -0.223332863188517 0.174124801910631
-0.0780938019291262 -0.227559853472111 -0.107926967508377 0.176904357148726
-0.125234752789932 -0.230563496238268 0.00668258814936295 0.10951956699112
-0.131930770203126 -0.241392828414659 0.0627126085459442 0.0181378465743341
-0.124501689288771 -0.285293009443925 0.147483730082934 -0.0611315463319464
-0.0433354618355281 -0.356111389090043 0.246205698861629 -0.063671234487711
0.129657066655338 -0.340921293355232 0.298657923758551 0.0641358293361213
0.302687503048735 -0.248451471058056 0.255522748308974 0.216034506337803
0.415399408808941 -0.0662581582291888 0.129247043218233 0.24251588868207
0.412649668912301 0.117371306561958 0.0739441478582375 0.10854962782104
0.326895117265206 0.267874927539657 -0.125707040894402 -0.050233577308698
0.357715077214072 0.155146103676684 -0.118989790146339 -0.234476847056039
0.363642021296303 0.0062195702430346 -0.254989607460974 -0.282024042100899
0.279946180522452 -0.166985039741652 -0.325103318158978 -0.14170873738511
0.144134821288739 -0.270849780968889 -0.290675501425357 -0.0143958526065129
0.00358956843807092 -0.285637186919181 -0.227306987064764 0.0773139930355099
-0.079918022979642 -0.250946042150868 -0.137686331557341 0.0784523438350692
-0.113664306459607 -0.249309039890241 -0.0396332130591823 0.0153703171780907
-0.112249763265079 -0.257722860860212 0.0104599430221669 -0.0723094626860175
-0.098409562330608 -0.297018346393166 0.105447827294882 -0.147348909110777
-0.0139340221486099 -0.355669419096791 0.227826822162615 -0.151782973334848
0.154223068123429 -0.330795280177258 0.310051609130296 0.00376920667662303
0.332293445288269 -0.223855654495055 0.242491680857469 0.200208770144446
0.435064070810418 -0.0191332314479515 0.0616032862254653 0.233156634247137
0.398733802571723 0.165790707918389 -0.0570425422748216 0.0422423876118072
0.285355216460088 0.256856698891537 -0.250579824992554 -0.144853962340807
0.346579899612913 0.156512997222808 -0.210382280574113 -0.26253339891211
0.363402372896428 -0.00517716248407269 -0.268146050579346 -0.282728584757074
0.263973114198199 -0.179074476259658 -0.271712946180975 -0.174011955419853
0.126924233774872 -0.261275179704337 -0.256985538974146 -0.10570946075582
0.00321396020483713 -0.268690257142732 -0.231810568109386 -0.0300112899418663
-0.0673326284375366 -0.23406059557103 -0.168088586969493 -0.0260097276661761
-0.0809585960015756 -0.230805389384613 -0.0792077934324701 -0.0815702360504982
-0.0695720980544451 -0.238100220296667 -0.0232520496305067 -0.161130130935072
-0.0458374772631577 -0.264407106955424 0.0882088260393967 -0.219969546102278
0.0389836820102215 -0.299742746096442 0.226687520776491 -0.208558181759252
0.180273844295124 -0.254973470560548 0.315924145211635 -0.0256122159042181
0.323825475441613 -0.138055347673546 0.212002558086634 0.183913560380535
0.388214991589796 0.0589353411870967 -0.00231385019419952 0.202542390948492
0.321273952216419 0.201691204788251 -0.160683138548853 -0.042797864128684
0.188045194263471 0.20749947288675 -0.346604375881064 -0.207308211411623
0.261873405739648 0.135922056821617 -0.272969182664382 -0.26185248256603
0.282566024448811 -0.00788393990961611 -0.258823206302131 -0.264180678985486
0.190578380689817 -0.140464894127917 -0.213237313086612 -0.201499884915146
0.0907646902252259 -0.189050724291321 -0.228590964205248 -0.182746818965621
0.00338386918771773 -0.198757491952344 -0.236122097374541 -0.115770777003576
-0.0443313433514069 -0.17593815240625 -0.192131186662045 -0.112160856150316
-0.0400981651986326 -0.174092881675146 -0.105526790180978 -0.161177187076759
-0.0254874051471629 -0.181404632045639 -0.0348673482098886 -0.234112224072957
0.0017750119394688 -0.192843191236567 0.0979025611456537 -0.271185832746101
0.074410433798897 -0.20407306954718 0.242685917467986 -0.235404404571351
0.172416422264878 -0.154050191531855 0.319727223958271 -0.0363122739163828
0.269362280241448 -0.0432266635754506 0.184025527902614 0.158861568251271
0.287594585866449 0.117420905340718 -0.0398049973834503 0.147379520864991
0.202190537438089 0.20108583343438 -0.217535165271539 -0.131457477609322
0.0551469716174162 0.132202658218224 -0.393869542626983 -0.22415471811932
0.128393000070016 0.102501298019329 -0.293753662348349 -0.237009068514608
0.147791686249815 0.00136496748500896 -0.23943279855798 -0.242385956786764
0.0879471157677201 -0.0629829163846493 -0.180512787365105 -0.218665035566246
0.0490061427676887 -0.0745261892128707 -0.220654064851334 -0.219006164632551
0.0168878630248636 -0.0940412269393839 -0.23934038269132 -0.162848372992346
-0.00658480502590396 -0.0908306435798386 -0.204723602452536 -0.165247653220993
0.0045276991751311 -0.0909260818051203 -0.114999132899489 -0.214141851365299
0.0113654048702348 -0.0973056841701811 -0.0262924193306705 -0.281034234563647
0.0292731061808214 -0.0974066091001689 0.126615280924099 -0.296311077515258
0.0744170648039609 -0.0991694073829448 0.268327030576168 -0.230252208941511
0.126197118196194 -0.0675635842055904 0.321929208864268 -0.0272023964725405
0.182811110493965 0.0178163634697236 0.167404073309954 0.13182269403625
0.160461566705461 0.133736484409887 -0.0449741360249913 0.0888019981872585
0.0673367876894446 0.158549035693154 -0.224621407511252 -0.203677435460547
0.057859430666037 -0.0714674915911757 0.272282073361053 0.222221805121981
-0.0546067812578017 -0.0712436381665628 0.115470123257079 -0.0757902895949162
-0.0807582098843209 -0.00919131510552177 -0.158064547121973 -0.134656372173486
-0.0255055786412302 0.0233787172489739 -0.353162259149346 0.00441681607897026
-0.0119590167072987 -0.000955541119866406 -0.298870802629327 0.240296554377558
-0.0253688988085922 0.00143980572005814 -0.133466925663639 0.338535738676232
-0.0375881972635199 0.00843510569087256 0.0125355291567628 0.327385856418699
-0.0552676759843369 0.00343617563665302 0.146529822979642 0.247393341584789
-0.0577996516504473 -0.0070403458291063 0.211731773837962 0.174658540513226
-0.0538614366166325 -0.0297846206254427 0.261398637293049 0.138529474762755
-0.0328224319131249 -0.0494004779359854 0.258431237531436 0.182278310184863
0.00362507562164884 -0.0417241917267822 0.217328800247975 0.226617512125033
-0.0102371034164253 -0.04839619091241 0.244768068077539 0.23442748090324
0.0137680792291763 -0.083971075980601 0.296616723767409 0.238562345085585
0.0976887582275671 -0.0596318912687976 0.406305474376452 0.178238208324875
0.177312975852852 0.023365869014405 0.213992122814573 0.211538776325934
0.0693520495642573 -0.0226471455806058 0.0788823699514172 -0.0751853790963758
0.0288967307734515 -0.00659258061377832 -0.177189410366901 -0.148111786589979
0.0546614103650392 -0.0198020490260266 -0.358543268392693 -0.0132612648285514
0.0331655325821255 -0.0808638957022985 -0.315111300804044 0.207563501069538
-0.0234759640749936 -0.0919282832750993 -0.168330223884988 0.316404212239419
-0.0665227358385048 -0.0806506580169316 -0.01785881666067 0.312814688563966
-0.104688702535459 -0.0884444982718394 0.117941184964049 0.231811061308546
-0.111221476958643 -0.102706638555229 0.181851350449357 0.145991976869888
-0.104601272933124 -0.140940859301839 0.243141499993543 0.0864874773135538
-0.0485587222903416 -0.18953051436849 0.273092222992989 0.111286205001559
0.0606009176205203 -0.180270163815265 0.255143100570713 0.183710213413582
0.127592946504319 -0.138239987842636 0.259491521495518 0.228777197835086
0.18909745317849 -0.0944730293251125 0.261693725204948 0.22916206085402
0.253990005137559 -0.0105338520970724 0.336389677210312 0.164673884753029
0.276393293480486 0.122513681419212 0.126485519034261 0.15342178753332
0.197418814303412 0.0399427363844627 0.0273854498464017 -0.116846226995466
0.158245913513515 -0.0022136856881487 -0.211970796459043 -0.189048435335821
0.144589963304564 -0.074441293420152 -0.369499213141849 -0.0411076669325101
0.0781234975415831 -0.163389322248462 -0.3224074868345 0.163169004619871
-0.0200652515210583 -0.181020345423748 -0.19200723353768 0.271033242594612
-0.0880406419381173 -0.163074630787723 -0.0534690872875432 0.265828394960973
-0.138412412098595 -0.167127108184605 0.0728412509877071 0.1844581765948
-0.149984859078322 -0.180089315371791 0.129854976099791 0.0902947311729079
-0.14550659111639 -0.225760462664291 0.199802143874211 0.00990505591123536
-0.0748153771193729 -0.296328348320938 0.266779845168795 0.0139740218089126
0.0834026985701744 -0.296426462911505 0.289526536428822 0.113991600095926
0.224125795467479 -0.229662655340458 0.277441387813116 0.213865287783168
0.328204939457484 -0.112535282481037 0.21534460192622 0.229756037298709
0.37199969807796 0.0337371371922667 0.224019438037633 0.141866049090903
0.342166300735103 0.199703677376579 0.00840712625147754 0.0611861238335681
0.311759997264449 0.0923377932511383 -0.0445357453455118 -0.175779654708026
0.286030999787139 -0.0100798903589591 -0.251736553897886 -0.236654130319416
0.225834623494793 -0.141793598529307 -0.369980037421268 -0.0753061099464671
0.110021644166638 -0.242188058872674 -0.316562347899002 0.0995449509839406
-0.0214492529266843 -0.253415922812272 -0.208490243651433 0.197485127193059
-0.103290991676119 -0.221604184651223 -0.0917620583030997 0.189244620169111
-0.151229678299044 -0.220353847965792 0.017330266110551 0.110220733851811
-0.160820802439992 -0.231244624049391 0.0656791673763424 0.0139768082960123
-0.158223949473289 -0.276700046482327 0.141856608739903 -0.0749582949425198
-0.0816975168414717 -0.355064659287157 0.240372023880537 -0.0885700703267197
0.0964449135952065 -0.357443298734472 0.30836714778225 0.0382860971391025
0.282545230810047 -0.280954191163276 0.281648744695524 0.196995669141419
0.415043610485303 -0.109632610350198 0.155013804491709 0.235466929003422
0.432047157085684 0.080930146994605 0.0881843444289263 0.104794285799368
0.359058106400623 0.238976074118007 -0.129780557346997 -0.0396884220409131
0.377096077454815 0.122023453758134 -0.137278018113863 -0.225015344450681
0.367606762277104 -0.0278725888597498 -0.285046606965769 -0.263888105458069
0.266342608199327 -0.19662136570696 -0.344025561378613 -0.11576602571372
0.117576387093008 -0.288532814831373 -0.298169873952449 0.0118582264285258
-0.0273588713058201 -0.287897236192992 -0.223080601882518 0.0995552654465359
-0.107642052776289 -0.245800482576014 -0.131586686979779 0.0926796463040502
-0.141603605732338 -0.24087864109119 -0.0399273497434124 0.0196533446905192
-0.141927847659877 -0.249685265216048 0.00258223728623423 -0.0722134119503409
-0.131389849552782 -0.290470590500612 0.0902535688293282 -0.15787764702999
-0.0527288869230471 -0.358027641226715 0.212148410322075 -0.175900481243625
0.121412287622116 -0.349572636540637 0.313799859947777 -0.0233204206918259
0.31370462533437 -0.258465158696004 0.267359054876793 0.180831481991588
0.439109086972264 -0.0633093125037992 0.0868518608218396 0.233363025858215
0.422413502740514 0.130161311792315 -0.0516493327652097 0.0497641460214064
0.315007793899348 0.230757301895668 -0.265792690833648 -0.12292846569332
0.365272584708474 0.12579027875974 -0.23182530479299 -0.246559015778311
0.366282400358371 -0.0396752697148686 -0.297021720985702 -0.261761809833775
0.248537749676863 -0.206398918368886 -0.293143060596799 -0.153674308325153
0.101740356506948 -0.276504009467031 -0.272719690777454 -0.0831313176065209
-0.0255788425917215 -0.271129180385667 -0.237322193065828 -0.00846416476883634
-0.0928443498574926 -0.229919159939201 -0.173481611770828 -0.0106173116925662
-0.105497082353904 -0.225291038922166 -0.0898015117321437 -0.0736088516192813
-0.0962421655206074 -0.233897648577339 -0.0405578167537512 -0.158776632817719
-0.0751594776828482 -0.262891196533049 0.0659523818136487 -0.230192633463493
0.00707297628590448 -0.306395367036768 0.205796716522785 -0.233523435444027
0.156038250595293 -0.275264121008568 0.316583879165607 -0.0552969376261325
0.313660412526922 -0.170004431809695 0.234747032462915 0.169143884912146
0.398299685548425 0.020160001512064 0.0195239846722915 0.207500348775493
0.345563883651169 0.173352070981942 -0.165452800432684 -0.0266784294055029
0.211231639433833 0.191475502464159 -0.370332606336001 -0.178060181376268
0.278102298796698 0.112308746441655 -0.296477938475193 -0.240215105695869
0.283762939475885 -0.0347493800669654 -0.286051522358931 -0.244395636605717
0.179292793576628 -0.160222382993634 -0.236774460382095 -0.186279620693017
0.0731230106704221 -0.200388864900516 -0.251647533496293 -0.16346420881055
-0.0175832450265529 -0.201002216776723 -0.250781173808432 -0.0950384195863139
-0.0632056175751884 -0.173441389751817 -0.207599356091575 -0.0956374402649637
-0.0584837127183027 -0.172312849590972 -0.124909585443408 -0.15254509458422
-0.044798159391179 -0.180155238127052 -0.0612363749841497 -0.232276834183895
-0.0174256452291919 -0.195649239276084 0.0711043357058984 -0.283004919991816
0.0533853470304533 -0.212995227173405 0.220191271009137 -0.261448424453319
0.158989959730052 -0.17140715071101 0.319178349633386 -0.0655431989901513
0.267688418526312 -0.0686030391040018 0.202563682167079 0.14629946124292
0.301394954935357 0.0899522964694757 -0.0245146251992744 0.15440414246738
0.224909765995027 0.183998916466234 -0.23236604654717 -0.110374952761518
0.069197769464896 0.128459694487567 -0.420462609804777 -0.192229275126861
0.139937671208398 0.0914541775687611 -0.317613547506277 -0.214289342761058
0.148429606720112 -0.0120865289843389 -0.264744708210921 -0.223405925943922
0.0829992373455358 -0.0712370243419558 -0.205594123713678 -0.206187422248884
0.0424537565400903 -0.0802646649112274 -0.247596537385376 -0.200277200065791
0.00600632352220616 -0.0960009977824088 -0.258814543273642 -0.142275412275499
-0.0158768987437412 -0.0911293108700722 -0.225608466522836 -0.147628370939974
-0.00400321920351832 -0.0931720744949714 -0.14006270430232 -0.204448242040045
0.00159581513627672 -0.0994382937169456 -0.056388135138275 -0.28057943069704
0.0203132060462949 -0.101922318876602 0.0974787474159103 -0.310981832775048
0.0647564223919542 -0.107963034941831 0.247626300056165 -0.258954306723021
0.12079915180273 -0.0802295008146864 0.322933431980602 -0.0566399426151353
0.185872118507807 0.00133044810960607 0.182311684954663 0.120004774017321
0.174539399492445 0.118906739518529 -0.0363724046791019 0.0956680547638233
0.0832134158514528 0.152603348488425 -0.246061412481655 -0.183686079633251
0.0503222114025265 -0.0750539785666573 0.283578536504721 0.190555514128431
-0.0576407602942104 -0.0636020433757412 0.105466725629694 -0.0858585919344952
-0.0770077526434704 -0.00180020211911453 -0.164832292020692 -0.118821764310389
-0.0225029388372581 0.0234929547107801 -0.341657055968551 0.0355517947254208
-0.0122228425415516 -0.000478361291517506 -0.265892794149638 0.255748578224629
-0.0243527826080211 0.00354902563504906 -0.0971253956152642 0.337429902710365
-0.0348224769200546 0.0111066297189722 0.043913409007516 0.31536221487346
-0.0528388716348682 0.00813657267023931 0.165384591822886 0.22610880353666
-0.0576069805807509 -0.000998629334509896 0.221250345807958 0.150391625328121
-0.0556097880567781 -0.0239354764108933 0.263909961175408 0.111393054640499
-0.035953385855535 -0.0451715008634633 0.264235664055941 0.154228520982109
-0.000364041384193907 -0.0414656657826754 0.230497447492173 0.201546167249367
-0.0137491766379572 -0.0461118450342279 0.256202617908796 0.205583932589003
0.00645493444038459 -0.0812633189703612 0.305655502867744 0.206677839003542
0.0903788307160986 -0.06606174304227 0.408504976484131 0.139991819589013
0.173419473131924 0.00557285158096987 0.227614449886724 0.184872053771266
0.0657249632400613 -0.0276083791811907 0.0706872667263825 -0.0810830861813974
0.0278281647666307 -0.00764003473059595 -0.184289629674673 -0.129546880234799
0.0513097682692439 -0.0245637279405156 -0.348889728197536 0.0171746340843464
0.023667673414578 -0.0818261940569568 -0.285600883320355 0.22584729209443
-0.031021075168293 -0.0859287647361211 -0.132402968450104 0.319887560467768
-0.0715561014786578 -0.0715303302162828 0.0117413803832553 0.303278093149589
-0.109478076626177 -0.0755166410967197 0.135919077203047 0.213546651337985
-0.118422803011353 -0.0879311986773703 0.190042282069085 0.12615155426169
-0.115529515314783 -0.126972767337287 0.241050148361439 0.0633448363535236
-0.0646142100968917 -0.177974318090479 0.273228246788044 0.0851907286331232
0.0413965047484685 -0.180234297164895 0.261934366527259 0.158619953020102
0.111192700472859 -0.144926742757999 0.270099773018728 0.198957457927569
0.173491319823009 -0.107552801158587 0.271382646465451 0.200514152678975
0.245426770686406 -0.031717073598727 0.339465879250799 0.13299110160933
0.278323891313021 0.0923317113037806 0.138153380067842 0.136035976362824
0.194205827379039 0.0209343893537175 0.0206382988372144 -0.115727290617027
0.152017030159495 -0.0143935846241013 -0.220763270601477 -0.166097293778437
0.132921605322565 -0.0851823703532246 -0.361505209381988 -0.00820749995740538
0.0594842331141467 -0.165436043576128 -0.296941320075928 0.184031133134468
-0.0365266888569643 -0.171609073016568 -0.160298555268349 0.278471468518651
-0.100279088999129 -0.148197543971862 -0.026585158682787 0.261599333770463
-0.149920662685567 -0.148373974841553 0.0877435786845641 0.172156908398507
-0.162524632730889 -0.159249720869473 0.134137572618856 0.0762560074763897
-0.163143047033169 -0.204635280578596 0.192467911541015 -0.00614299303631929
-0.100018377104781 -0.278895739252413 0.256310184295283 -0.0100852284221276
0.0531537106919065 -0.292834682516389 0.28962239209868 0.0879523851363822
0.195804850331867 -0.241141518379958 0.286555393635727 0.183623885488659
0.305704638906577 -0.137860691675335 0.228100585527254 0.205886126705771
0.363393109931975 0.00213161897976897 0.230619429027577 0.11901062326679
0.348131463942629 0.160864577667735 0.0168939659191519 0.0578855459467508
0.30829240592624 0.061812899316212 -0.0525375458385981 -0.166795332459282
0.2751954765758 -0.0333836516725553 -0.263196936454765 -0.208765620148493
0.204343448595417 -0.157127987106045 -0.365417839553 -0.0431421812413978
0.0823613445742443 -0.243348693842977 -0.297682518982578 0.121931890864902
-0.0452527913752843 -0.240608384894645 -0.183028227923969 0.208622939011365
-0.121375179050404 -0.203549155752179 -0.0707564901293907 0.190538996043293
-0.167339856032961 -0.198888685807495 0.0270440408021496 0.105000352804093
-0.179145754426341 -0.207777346558888 0.0647454559466834 0.00956152219396824
-0.180328305890301 -0.252434068390502 0.128893206360812 -0.0823940550517436
-0.11377035798189 -0.334582139100555 0.221742198186525 -0.106340543651835
0.0596817861678253 -0.353460219831261 0.301171169886351 0.0122639581209793
0.247224537588805 -0.294433903487648 0.290751675868746 0.166519829077141
0.389362949922523 -0.142773776380821 0.171889391765538 0.216330046355479
0.425970411264487 0.0398375431503615 0.0953358061404368 0.0950749335398111
0.368026235565855 0.196746760966338 -0.126071707601489 -0.0266599736100626
0.374227430084608 0.0846341367887895 -0.145996493543533 -0.207147799458742
0.350716483592025 -0.0571207458694969 -0.296062045305911 -0.231963108298765
0.238718484807323 -0.213257344732635 -0.343333213700498 -0.0838480511871965
0.086073075288785 -0.289918967544436 -0.287990374793147 0.0364166729104343
-0.054298451336481 -0.273221525878176 -0.205729795827775 0.115839081091752
-0.127051883847894 -0.225607070466543 -0.118969000656664 0.100600392530154
-0.159250414399484 -0.219101640617219 -0.0376326351931119 0.0233219586241504
-0.161889390691528 -0.226903051726619 -0.00407311219066133 -0.0678482178485499
-0.156095499925152 -0.268031256319347 0.0716662925287723 -0.157710645183816
-0.0855276252060287 -0.339130633701019 0.186143526370135 -0.187693923071883
0.0844671184336046 -0.348002777648977 0.300117899321087 -0.04844802642106
0.277158215199081 -0.277331356932348 0.276147286941463 0.153232357493292
0.41520875343416 -0.100848866899821 0.105898522167262 0.219597378039784
0.419353451731792 0.089631080664155 -0.0428987344214096 0.0535052255029532
0.324741844743362 0.193586092705385 -0.265841521907053 -0.0963766993125013
0.36378378056385 0.0866725026384861 -0.239350689812316 -0.217792442393427
0.347609701788884 -0.0690076972190895 -0.308331017155435 -0.228423386532274
0.220947734968484 -0.220716420796023 -0.297499403941315 -0.1244074779301
0.0723673414233527 -0.276442201357427 -0.272484836425064 -0.0565593550796992
-0.0513948562510144 -0.257284722447609 -0.230200627343834 0.0127236906963957
-0.111855717832902 -0.212228469745597 -0.169290138384228 0.00544854730559849
-0.123328481255921 -0.207291185950257 -0.0949908868777673 -0.0624892017303882
-0.116286816792071 -0.216128899775892 -0.0556206843035044 -0.147180369394503
-0.0979399633717145 -0.246321731261042 0.0420976149417622 -0.225126103968685
-0.0230187242705873 -0.294432241006559 0.175025379155599 -0.243680238971388
0.125388639982017 -0.278900329731975 0.300237354898696 -0.0793047163559518
0.286239923609132 -0.190358129285226 0.242761629526862 0.144376589169569
0.384842945337123 -0.0187562534128617 0.0388485474866325 0.200319079810485
0.349292051939982 0.136805899187361 -0.160440141058037 -0.0101665036556981
0.221763018945557 0.164859902653219 -0.372375007057524 -0.141128334058212
0.277421783489069 0.0838201270171927 -0.302391129746487 -0.208189896576915
0.268628158926237 -0.0567612813728257 -0.295356828511705 -0.213173057903221
0.158807423473166 -0.169270616325272 -0.245997515818845 -0.162448800595375
0.0517218562251886 -0.199971149767681 -0.259128002388542 -0.135394077736038
-0.0374806939733363 -0.190483400660012 -0.251157448593981 -0.0698313000241911
-0.077041519699566 -0.160801628297852 -0.210155073360181 -0.0735933474434833
-0.0726606391569847 -0.161185685127114 -0.13664921050469 -0.135542344370605
-0.0604622333814129 -0.169227325283454 -0.081782462307742 -0.215980678599237
-0.0354905615545747 -0.186198800974499 0.0418521569164195 -0.277280677477958
0.0303198082618032 -0.20931685086698 0.185537727959551 -0.271435866229356
0.137625393093285 -0.179477378305938 0.301449847887226 -0.0899709791766199
0.251078619963624 -0.0882909040076117 0.209731740134463 0.125182964301122
0.297604043037885 0.0588040743012979 -0.00852542354989393 0.151870093360386
0.232097389192483 0.157197024329604 -0.232833081054968 -0.0856773192411949
0.0786401198700675 0.116304872629263 -0.423494071061878 -0.150174202741287
0.143121769529732 0.0757137311636316 -0.322397727640018 -0.182749116364779
0.140453845428367 -0.0237517626281819 -0.273341079286342 -0.193752108602168
0.0742709848821303 -0.0751502238673181 -0.217461613223965 -0.183391211171542
0.0344836500130747 -0.0806385101645995 -0.257468169980843 -0.170794683877894
-0.00424835786023347 -0.0921873025511953 -0.264015752262739 -0.11492531862792
-0.0241383230023041 -0.0864679279437654 -0.232997691620442 -0.121212558727703
-0.011227189152216 -0.0898473315246168 -0.156019751621862 -0.184770548210723
-0.00662042651836263 -0.0955640122069674 -0.0815013816675313 -0.263505973874205
0.0113728240837128 -0.0999479202255203 0.0650366035453876 -0.307522848723026
0.0519425902692309 -0.108851491060218 0.213564664089729 -0.271198409956808
0.109163134616594 -0.0877701694117706 0.305994401894696 -0.0813126350145253
0.178232985905897 -0.0131541121203073 0.187140296091263 0.102016115710364
0.177304464148608 0.0984852762026307 -0.0249890100037236 0.0962624933764167
0.0925620784968181 0.138900033720065 -0.253695785302138 -0.154933910484111
0.0437199557418967 -0.0744187731700268 0.278570990740834 0.165746196693091
-0.0559774379320901 -0.0573053055474071 0.0948795777196733 -0.0873076147918909
-0.0713329544369838 0.00207224407863862 -0.162075430583843 -0.105761774768039
-0.019701460149039 0.0221367445890321 -0.321747649534241 0.0491654672619415
-0.012140749492649 -0.00091666235814438 -0.238019603733898 0.251862780396149
-0.0227144679679401 0.00493795186854188 -0.0735293779036769 0.321591374782208
-0.0317893775192943 0.0120221575730414 0.0590745471223446 0.294728390387208
-0.0492336306676892 0.0103541509866394 0.168890845275125 0.205279128696013
-0.0551980504333662 0.00282937720996477 0.217419657343283 0.131476691588967
-0.0552002540519311 -0.0190923880703659 0.253884613374077 0.0933253054787365
-0.0356613239810049 -0.0415152933035707 0.257036534429756 0.133467869673354
-0.00214021077458419 -0.0402277676799677 0.227686862752005 0.181900690690013
-0.0145756002680767 -0.043536311116225 0.24941474599936 0.181865138009736
0.00350815685805851 -0.0759380027967812 0.29680992988323 0.182495996892639
0.0823656170444744 -0.0665626708553939 0.39135096162035 0.1147989085244
0.164608704818715 -0.00415224196991162 0.226411162512629 0.163007081302378
0.0611789445201808 -0.0291324335044068 0.0645281473948328 -0.0813101648978124
0.0267632235022984 -0.00789486815569171 -0.180190793680012 -0.115928807125846
0.0467586253022832 -0.0265392657724042 -0.328738868997606 0.0320451926851858
0.0167962620524058 -0.0785721059786496 -0.257981080997729 0.224385725200409
-0.0341920504739979 -0.0787211640651483 -0.107743032310094 0.3071866755821
-0.0708030555115384 -0.0641563911751779 0.0275546100331947 0.284952747498882
-0.106829007464305 -0.0657598828015284 0.140298507470998 0.195034562691164
-0.117915310340752 -0.0764539330679589 0.186508661583473 0.111083978796318
-0.116470859055839 -0.113691616405167 0.229742782012311 0.0500632438608799
-0.0705156083208942 -0.164913719135769 0.259827510525151 0.0675500117822698
0.0306191048176088 -0.172064771952175 0.255075854744432 0.138411283474217
0.0978568366444805 -0.142434980961136 0.263818827243983 0.175756164932237
0.15861581279202 -0.108669863563048 0.265765794008037 0.178794561088707
0.231460503611754 -0.0406548364048121 0.327531514850501 0.112815614843808
0.267136003437447 0.0723813631147037 0.139762429084874 0.121142271486904
0.184275371577381 0.0105503022979259 0.0169596611454327 -0.111956792960264
0.143141164484919 -0.0199899693511024 -0.216017363155977 -0.14954701235948
0.120735323584423 -0.0867700846202661 -0.342477269250483 0.00817201381599186
0.0465380003169495 -0.158949920398712 -0.270756452735804 0.185934942539102
-0.0436265543780224 -0.158962269315402 -0.136131407082532 0.269035730992062
-0.102625086138217 -0.133811148871734 -0.0107043544024177 0.247087469058957
-0.149342390476428 -0.131647214629907 0.0923831761076435 0.157910057709452
-0.163522188087641 -0.140916342914414 0.131777568793544 0.0670950960622025
-0.166691897863076 -0.184141270298062 0.180511915748054 -0.0131281644107466
-0.108986207859502 -0.256835821387487 0.238950894076456 -0.0205139050752582
0.0343621054784243 -0.279230181409091 0.27706574071206 0.0711510169081811
0.172158144856094 -0.236864447314699 0.280294413969305 0.160353502736907
0.281194741378502 -0.143716626532812 0.225938964655565 0.185549288297808
0.345105397756159 -0.0144797677210666 0.22559034514725 0.103534221980026
0.335722793060382 0.133027321409927 0.0220909894552599 0.0527723917829329
0.292957770443981 0.0432958494472176 -0.0524456475749217 -0.155845161581795
0.256873099254024 -0.0437140749759234 -0.257077358188921 -0.18722522316759
0.184582494751646 -0.15818954230094 -0.346737407108354 -0.0246037622390489
0.064370723535057 -0.233681347965085 -0.275366403427117 0.128604698687112
-0.0564393031890411 -0.223160082710054 -0.161228754343328 0.205411733707801
-0.124731752656719 -0.184685090461645 -0.055602209542074 0.183398499507945
-0.168571269835516 -0.178099699744332 0.0310223084123101 0.0989401008158588
-0.181013502359463 -0.185682041055977 0.0620335798571964 0.00732097048640915
-0.185045806586129 -0.228459528037581 0.116930131356117 -0.081433665706822
-0.125053677110418 -0.308130057681896 0.199762315556017 -0.109786123513911
0.0373265535146135 -0.336156229321502 0.284363882842982 -0.00012783254857996
0.218070086177544 -0.289632247381236 0.28300152397229 0.144455934230368
0.35909206648566 -0.152540919576483 0.174879860156051 0.197694275775543
0.404569434083962 0.019525674081036 0.0973504755742815 0.0864207428980966
0.356562556857611 0.166164186226996 -0.116814893362441 -0.0203921709399337
0.355928633449763 0.0611834741920946 -0.142376015584687 -0.189328815930067
0.327331049466529 -0.0692561761611296 -0.289665762718386 -0.207145138885817
0.214383099592985 -0.212406176498404 -0.328026682219938 -0.0652173803104139
0.0656319963073433 -0.277774017104061 -0.270794958848124 0.0480004204109086
-0.0668107138224193 -0.252553626866308 -0.188198271869616 0.118936165563379
-0.132454824104791 -0.204697224302013 -0.107011292997789 0.10114920800328
-0.162457821140269 -0.197943958031698 -0.0346293778800198 0.0248342172537345
-0.16632306635045 -0.204479387790966 -0.00784976048658076 -0.0619962312745544
-0.163040811586061 -0.243875071357491 0.0587797179232041 -0.149507749227572
-0.100108811115617 -0.313353771129937 0.162790732467065 -0.184138104895823
0.0618229156801584 -0.331561136100875 0.28048830725108 -0.0578604699170033
0.246998138537586 -0.273136528994252 0.269580961443065 0.132922599907741
0.386331848428106 -0.116543997739963 0.112895658405738 0.203668722020611
0.401105483631152 0.0653937726798563 -0.0359930942275026 0.0529400935229989
0.315587999584489 0.165665313766293 -0.253442905326421 -0.0798458177829853
0.347306341979252 0.0653728184533855 -0.231503059106539 -0.196866461087771
0.324152295461893 -0.0805072014444063 -0.300058714313416 -0.203500564801975
0.197490595213514 -0.218564945810749 -0.287002315767269 -0.105666220308761
0.053600267300026 -0.264377564285707 -0.26048009157629 -0.0400631502425225
-0.0634467940403007 -0.237917013503391 -0.216884190555284 0.0229170962554262
-0.117131702785107 -0.193493530759129 -0.159965706735061 0.0136882052949617
-0.127979743748905 -0.189887823535451 -0.0937978405156143 -0.0532310443918507
-0.121467715020784 -0.197024169124891 -0.0602662260858104 -0.134049415875622
-0.106499617530818 -0.226528867769703 0.0269504003673779 -0.212769648424855
-0.0385926944193467 -0.274889706214339 0.149500991527124 -0.23632170685314
0.103553252725432 -0.26879619709353 0.278768142523462 -0.0869524308637704
0.259443963997564 -0.191689025786168 0.237706400649898 0.126046550874271
0.359383573185376 -0.0357149984939684 0.0480984257179647 0.187852522611903
0.33634312816878 0.113508479172774 -0.150369497487123 -0.00170605423605463
0.217042811285839 0.143156742565079 -0.357851040060785 -0.117239937796487
0.266101587214371 0.0660605229019194 -0.29102780054578 -0.184718083262981
0.250076537006279 -0.0645105252880871 -0.287731452136821 -0.188524619777945
0.141317496266533 -0.166935931677518 -0.240942893693502 -0.143563788435596
0.0393750806772234 -0.19106197718166 -0.252134937661923 -0.11418164821024
-0.0459106580780055 -0.175873907347398 -0.241422655728269 -0.0536952756588907
-0.0815923917731069 -0.14707111579694 -0.203282209676345 -0.0577958788982892
-0.0773198496215913 -0.149026872724091 -0.137754476613725 -0.119960014862249
-0.0654831853987973 -0.155522438181741 -0.089633527876829 -0.197197248731787
-0.0432161435339547 -0.173655289074848 0.0243680739588834 -0.261899432386489
0.0170079004038463 -0.197680119446583 0.15986121348219 -0.263823022077267
0.120573388609427 -0.175168098608688 0.278840234748299 -0.0971875721427663
0.231361794932611 -0.0935670630855566 0.205021049791059 0.11045781618033
0.281576937075709 0.0407501144476345 0.00113175518547281 0.144181316818097
0.225907230450815 0.136758115488147 -0.222899470791915 -0.0688380328750187
0.079570891591583 0.104726818932336 -0.407293749533941 -0.123090878752925
0.13775964735953 0.0644121416469291 -0.311033890904474 -0.159545323273079
0.130444756592302 -0.0275421297020135 -0.265199112579213 -0.171303585409753
0.066797244164166 -0.0737098018023442 -0.215185944626696 -0.165111809024943
0.0293198011240848 -0.0773708202673173 -0.251327398981356 -0.148569742177361
-0.0101007001363668 -0.0852553334119448 -0.255361128162045 -0.0959818118081331
-0.027302537338035 -0.0795355353026054 -0.226628850069208 -0.10292050640824
-0.0149749754026076 -0.0850864895455451 -0.158875617863659 -0.165290389949086
-0.0106303578206109 -0.089332510906537 -0.0919397296773907 -0.241775943230791
0.00610660273771158 -0.0948842919968483 0.0453551246248213 -0.292043096783849
0.042801484080984 -0.104836915038418 0.186462231115825 -0.264068312122957
0.0981760007421901 -0.0882148078587137 0.284202792677167 -0.0898678371145342
0.166265291566392 -0.0190494193860024 0.182203781720475 0.0900666814910304
0.170437752889995 0.0841686818965371 -0.0178773067916901 0.0922290239753057
0.092011278737139 0.126153067197852 -0.246275617281089 -0.132952225666885
0.0415004192396262 -0.072383233359306 0.271049549014348 0.154728506031053
-0.0525773346082587 -0.0545074184020028 0.0902227409039288 -0.0859300333511054
-0.0664959533625865 0.00201480133925166 -0.156042725964416 -0.10157434559925
-0.0187744241646354 0.0206662012558692 -0.307978682111231 0.0493696794543279
-0.0129180121637227 -0.00173865908192868 -0.225683660944165 0.24209610535811
-0.0211064811669898 0.00398197520574468 -0.0648154125327235 0.307774957123354
-0.0304467136496857 0.0115086189648596 0.0619299278959621 0.281566704043033
-0.0463436768064541 0.0102612693822712 0.166750306904215 0.195041661435534
-0.0531672009531523 0.00344686070577263 0.211832607184048 0.124695479674728
-0.0538804926425643 -0.0172746263939633 0.244927617760737 0.0886229365217351
-0.0348908902927318 -0.0396722747092516 0.248121916256661 0.126540812520575
-0.00210015835347115 -0.039470574470468 0.221165246102789 0.175046966132957
-0.0136444323508933 -0.041861211336513 0.238626294098319 0.173563924706938
0.00384420828593199 -0.0715455311218991 0.284891583754443 0.175110674535532
0.0795631097286013 -0.0646737613530891 0.377272799751595 0.111316314033619
0.157242658510866 -0.00720095703110467 0.220903437094989 0.152086522138865
0.0590060378773202 -0.0285093415408378 0.0632820645694269 -0.0801945683991283
0.0269172595302233 -0.00805608930552625 -0.174110244483496 -0.111167170664003
0.0444497744719326 -0.0262157784505068 -0.315182611722387 0.0322726840279269
0.0140410630510357 -0.0758195928673521 -0.245454405496214 0.215320038676304
-0.0334850854298694 -0.0746982049719925 -0.0983598664904219 0.294771292705206
-0.0684900775624646 -0.0603074174989533 0.0318783643938916 0.272965383894173
-0.103956836433352 -0.0612337878558648 0.138429213915647 0.18623222078653
-0.115160721100392 -0.0711684808598464 0.182148601169107 0.104906052573686
-0.114834731771576 -0.10746478711157 0.221010684327995 0.0472805340611497
-0.0699159868329583 -0.15745077503924 0.249241768686347 0.0639067971285466
0.0265836364640439 -0.165721617890152 0.246200757996065 0.133258938456161
0.0931749494446687 -0.137407172380733 0.254365438613351 0.167914880722144
0.151936112788272 -0.105112107922785 0.257258801252584 0.171514510038053
0.222873565757055 -0.0398894739276576 0.316530884614735 0.107346006819916
0.255977868271201 0.0658144173493886 0.138829579947143 0.113011190510888
0.176513602829161 0.00864617924136712 0.0192455086545067 -0.108647838668812
0.13804879090993 -0.0192712494247382 -0.207459359301008 -0.14385638642713
0.115030928640416 -0.0850091829616392 -0.328839010584394 0.00882438358008752
0.0413935415437363 -0.152715586089408 -0.258586418749592 0.17860172778997
-0.0446951664998191 -0.150655370397992 -0.126155798700078 0.25923080042258
-0.100172819787261 -0.126731195299638 -0.00535134018344882 0.236471253030671
-0.146014244058681 -0.124463604481747 0.0911549441122677 0.151536325602784
-0.160152629309675 -0.133147475748215 0.128296830695281 0.0640364539558892
-0.164504139561518 -0.174434259752545 0.173258070916919 -0.0117149706980193
-0.108838358385835 -0.244661635152084 0.226750280157588 -0.0206063156458697
0.0301186564197789 -0.268008849221765 0.267112586259035 0.0681754059457006
0.162726377804527 -0.228867030663002 0.271309650003721 0.15304546633391
0.268446575167788 -0.140548173087832 0.219958256808715 0.17817485668684
0.332261628955399 -0.0156626849519293 0.218739124373274 0.0984880909074763
0.322793117310954 0.123085206955419 0.0249666366913773 0.0488918930384613
0.281978687414916 0.039388786207504 -0.0466896900490558 -0.151371918874577
0.246296892224831 -0.043034862458346 -0.247898084805952 -0.180295722379434
0.174643810297019 -0.153849084402333 -0.333632936332043 -0.0222070660614505
0.0574190503363629 -0.225111323733292 -0.262782449203602 0.124176316843755
-0.0576452144924681 -0.211127712936639 -0.151015257119083 0.197793294685551
-0.122669215997993 -0.174425959942578 -0.0506689542477418 0.175652141233877
-0.165639346536635 -0.168721138406572 0.0308773891058003 0.0946183367210181
-0.178009066124692 -0.175203646049533 0.060394954681532 0.00817784086108024
-0.183186727035536 -0.216971617397844 0.111154016299463 -0.077297819889356
-0.124735760912345 -0.292772274625414 0.188236461827327 -0.105694233201494
0.0313777189987294 -0.321616040703855 0.273531004703137 -0.00055998159198875
0.204619797261087 -0.279819323615232 0.274915505898989 0.137436860451336
0.342512513026946 -0.150152217723579 0.170702498453569 0.189534153267469
0.389729174367519 0.0153462188292796 0.0962233503554976 0.0821758255028199
0.342767686208162 0.153343282866178 -0.109566475634819 -0.020840685553857
0.3413499127934 0.0554244055628895 -0.132442372296852 -0.182940805613532
0.31292395940548 -0.0685707337134271 -0.279051778206517 -0.198731154004072
0.203044774633906 -0.206243432365719 -0.31611701166077 -0.0606216012936708
0.0577552868727405 -0.266219199597135 -0.259080874118512 0.0473355601060241
-0.0684429730760072 -0.239689436850254 -0.17785664956535 0.116126129435775
-0.130580422038165 -0.194275367604513 -0.101706204235822 0.0975662998530133
-0.160365021028418 -0.18763346307188 -0.0336127735023725 0.0245966572718208
-0.163039256208163 -0.194241263545427 -0.0077366964132646 -0.0573516392449171
-0.161286998261641 -0.231278477004262 0.0550367455052437 -0.141908341843546
-0.101188926591683 -0.297893955290514 0.150905682297674 -0.177168043611475
0.0547292371268457 -0.31830498325067 0.268115910008033 -0.0556187989308686
0.233427697675295 -0.263490618958813 0.261295684791811 0.126824543030848
0.367324822597573 -0.115053942940802 0.111786847087688 0.194587091188926
0.386019893864651 0.0605178470107095 -0.0322900596270595 0.051334970707989
0.303992280796399 0.154144341304611 -0.241410248497184 -0.0765770249493512
0.332392739366489 0.0595288171071347 -0.219181668959791 -0.189641758300381
0.309807219634455 -0.0781859215417423 -0.288749597353816 -0.194548442985207
0.186322543567016 -0.211274762602335 -0.276190446088131 -0.100984323943766
0.0473417394948958 -0.253863882381695 -0.250096660775031 -0.0363955789736473
-0.0648247059995245 -0.224997224803635 -0.207734672400938 0.0246128989833098
-0.115579738359566 -0.182846934118689 -0.153829852505153 0.0153959358921207
-0.126248447372142 -0.180050205220652 -0.0922603530880213 -0.0495205518500941
-0.119763668298519 -0.186743855083279 -0.0596981084824911 -0.125728589262586
-0.106088355283061 -0.215497597343866 0.0236993122565553 -0.201007846737747
-0.0417364695220339 -0.261601413991554 0.138147864223035 -0.226188072742724
0.0956845807643555 -0.258615389184155 0.265917986578215 -0.0842253837790591
0.246533136338986 -0.18511112928355 0.231406121573109 0.120700933340107
0.342476180531561 -0.0379810419580987 0.0494562380228239 0.179666725594344
0.324052107265758 0.106567725971445 -0.142939329282841 -0.000224289330048162
0.208757754708817 0.134318810535839 -0.342789930150901 -0.111485022204445
0.25505073675583 0.0603776373836059 -0.278330205648998 -0.177688987924542
0.238097933695801 -0.0628636065886952 -0.27598202930312 -0.180541069401595
0.133884091872611 -0.161131380856332 -0.232185440159568 -0.137566878048483
0.0349349749676465 -0.183724323574364 -0.242220677750369 -0.10728209297941
-0.0473796641920064 -0.165935171725514 -0.232305958362383 -0.0493372797269965
-0.0812813971586444 -0.138887396417467 -0.19683106234291 -0.0531081500738
-0.076501104971713 -0.141836712314656 -0.135754470577469 -0.112535494711197
-0.0651644494977743 -0.148200466823783 -0.089104519609899 -0.18549362693617
-0.0439709089435834 -0.165724728289973 0.0194769732503809 -0.249109932706504
0.0130274932364806 -0.188552073667078 0.146948033712409 -0.252576433705258
0.113346915326443 -0.169242953567753 0.266504553090599 -0.0939100951956697
0.22060753371486 -0.0892910576755904 0.199360683312482 0.10678867054322
0.268585956173596 0.0362670801583602 0.00386440961711934 0.138275259461047
0.217186970737093 0.130477863165064 -0.214285854037875 -0.0637749786126095
0.0768645550248275 0.0994310578574492 -0.392594527010822 -0.116662007054682
0.13246550675878 0.0602990539483158 -0.298303525587825 -0.154305151300064
0.124391269953607 -0.0260502853897381 -0.254585020460967 -0.16362761728677
0.0629955546622932 -0.0710818853094334 -0.208282029506141 -0.158174668039324
0.0271271367908811 -0.0752041246466283 -0.2425512114176 -0.139458059469545
-0.0116444752288943 -0.0802089091642267 -0.246921499875255 -0.0894814633458136
-0.0279138451642444 -0.0754788372765193 -0.220492046235737 -0.0952138929589091
-0.0151151380780237 -0.0826157318604891 -0.156750510134433 -0.156292904335864
-0.0104541476899622 -0.0853947029229715 -0.0923862051052131 -0.228730390376956
0.00519842540348604 -0.0910283038272323 0.0385873771012373 -0.278816345910583
0.0396068534634042 -0.0998636709102441 0.17379344620796 -0.253829688993209
0.0935932843578382 -0.0845347101665831 0.271726919577482 -0.0874131229297769
0.158891263444223 -0.0186544800296053 0.176383551391631 0.0870401060370392
0.163140340575724 0.0789657212801183 -0.0151947003813916 0.088436460127864
0.0882929915843639 0.120649465117768 -0.237149033561747 -0.125116470563187
0.0489418970726962 -0.0671867158671602 0.254687236070502 0.190112180330303
-0.042311129562409 -0.0604717865366115 0.105661257619527 -0.0752967076840028
-0.0634166762449937 -0.00822638018441131 -0.139321067960358 -0.125567208371794
-0.0216056341408765 0.0149743817508655 -0.30803197044561 0.00807609192304957
-0.0149079795948537 -0.00498671438620975 -0.251311498187606 0.205783759149374
-0.0199129790182148 -0.000676570960464971 -0.102758937076016 0.29239755687979
-0.0304516627456357 0.00747112222700636 0.0298127725498997 0.286002687690599
-0.0454063934497885 0.00370804384396721 0.136993978342545 0.216115150024057
-0.0500252965475547 -0.00462442408621792 0.192978327107477 0.155220495085792
-0.0491107638113369 -0.0252979191026179 0.227093132866171 0.125164174867261
-0.0242478497162427 -0.0459783088768493 0.225085662314046 0.16409593571998
0.00710134154571445 -0.0422243274711287 0.192738518248879 0.209616839977135
-0.00107172577806731 -0.0452907479452835 0.207481609992804 0.208638777356902
0.0189016103643604 -0.0711421338805462 0.25109398868296 0.219050479536675
0.0912501083901561 -0.0550428812108447 0.35564644441937 0.173279629113141
0.15434065834516 0.0123480519015134 0.196728124770981 0.186708826225975
0.0628353495279213 -0.0190453440385765 0.0746996302193933 -0.0697089536755475
0.028849050945982 -0.00386530824222667 -0.157686892720986 -0.133131406777422
0.0472934287435824 -0.0205821154239266 -0.314118816206119 -0.00613752032522008
0.0225515094703097 -0.0722896631465376 -0.268597553944085 0.180877278108745
-0.0209276545493419 -0.0788201151142899 -0.131278450260106 0.277658700790292
-0.0577409830787777 -0.0690475399208687 0.00154039443963745 0.275100427975083
-0.0924383627489803 -0.0754866567456643 0.110868599397753 0.202774752146206
-0.10000592702278 -0.0858825432036224 0.165861470377789 0.1322573899909
-0.0959603474538034 -0.12110108452475 0.208488109463263 0.083219567429236
-0.0421921862113211 -0.164697001257607 0.233316546412113 0.103572234028945
0.0544315160169162 -0.161749063170177 0.222844337466734 0.173051016888163
0.11553771897807 -0.123176692451769 0.221707235192735 0.203897307751886
0.167840537403412 -0.0804410915712086 0.222210986886212 0.208365529052156
0.228484698193234 -0.00681247227340295 0.298475051680683 0.158083139658742
0.242139531415528 0.0950758631830944 0.112901492569023 0.140940128299046
0.172339093567769 0.0340069220121733 0.0315189235075365 -0.100016632554221
0.13896194898958 0.000725984898129508 -0.190362718854768 -0.163295159645634
0.124703970878496 -0.0666075324493598 -0.325236926436052 -0.0269191381810155
0.0610356920009993 -0.142595222234547 -0.276141264878535 0.147061118595624
-0.0207777405109135 -0.153150440797672 -0.151667902672805 0.241334818803186
-0.0796832086381854 -0.138952228702767 -0.0315758720556311 0.235936670944126
-0.125119286869236 -0.142947361694892 0.0688185003360065 0.161215458374024
-0.135930305335526 -0.152098509048704 0.117918780740392 0.0846194448367916
-0.134937753257467 -0.194027358078055 0.169438365497302 0.0188321212164206
-0.0693702122004664 -0.255259468787582 0.22199264499034 0.0183093231175853
0.0718545459483006 -0.261110193289377 0.251716431417308 0.113858000888127
0.197182613520737 -0.201979862758885 0.239155164530504 0.191464349660116
0.28537316991855 -0.0971793253172651 0.183678122734897 0.205085405779016
0.331395190328421 0.0356390562514498 0.201474916558935 0.131733261763359
0.30017042656575 0.159145561591768 0.00171467579889065 0.0656485545904528
0.270105433303298 0.0779211641750688 -0.030998708465436 -0.147463668924405
0.24818516401692 -0.00609276255010786 -0.227057653095897 -0.198292463117903
0.193834227608241 -0.124086073830853 -0.32643770732726 -0.0541320544344271
0.0879134310224506 -0.209982936720329 -0.273752316688062 0.0968624497990848
-0.0251531300736124 -0.212781000461046 -0.166920448089436 0.179818811112993
-0.0954145469935003 -0.189519724925724 -0.0688047408331353 0.171551068724466
-0.138777608142413 -0.189666129880949 0.01752272719708 0.0973281297113087
-0.147463580655738 -0.196072948664839 0.0572861218323229 0.0189531476856535
-0.148393232661936 -0.237097820905595 0.116799086453755 -0.0537202899828076
-0.0793334164501842 -0.304144182660609 0.194748285415445 -0.0704193691144904
0.0804609295332185 -0.313243554649948 0.267247721869722 0.046898318499001
0.245536054838814 -0.244542520264022 0.24448412116051 0.176875843665606
0.357930515863779 -0.095257489518086 0.133591446735017 0.206569271159465
0.381998086862045 0.0780200838789189 0.0815284321016571 0.0939049945621716
0.316924389158868 0.193468798063107 -0.126190782318839 -0.0202625672389025
0.32698950235373 0.103792037208293 -0.114787540891738 -0.188811455954508
0.317320441833267 -0.0218656289438487 -0.255935138569167 -0.216287618482238
0.229240032493092 -0.17099174361755 -0.304261894109954 -0.0868194271742182
0.0955359705519253 -0.24949672315365 -0.258361709584761 0.0252046403054713
-0.0317029191512233 -0.241377751375334 -0.181631279067998 0.0968629618841908
-0.100770494512033 -0.209350011394454 -0.110398434405279 0.0892779148246855
-0.131103617217375 -0.20800584581884 -0.0374633985533787 0.0192286296470657
-0.132068715591435 -0.211347692390708 -0.00127266620806705 -0.0557472886504872
-0.126296749191982 -0.248691240113506 0.0706453258827091 -0.126010906985896
-0.0568977734721666 -0.304469508935663 0.168189248651239 -0.146541545678594
0.101748541428966 -0.306214917088703 0.270972241687821 -0.00910222661772044
0.270192512520637 -0.223483551951653 0.233304288530034 0.163905067343134
0.375819643826285 -0.0565629495885 0.0762843114982546 0.20180872949886
0.370714007184141 0.122366309274484 -0.0419128969368862 0.0421881455539838
0.279916605417692 0.188666515701757 -0.249756428634264 -0.0945365585124286
0.318068260269569 0.105228351890942 -0.200395094489402 -0.207495392871418
0.315067250224111 -0.0322301927582915 -0.266192373178264 -0.213206585578607
0.214575920528499 -0.17805868905745 -0.260374325593974 -0.121022540899923
0.083958479435477 -0.240058359717567 -0.238515301351341 -0.0558047890337597
-0.0312262968138197 -0.225777601218221 -0.199391317041491 0.00276570607496984
-0.0884466235354683 -0.195681257522468 -0.153418353465719 0.00131846105933325
-0.099306938068786 -0.195518112003887 -0.0848452873904264 -0.061327731727125
-0.0911598022037465 -0.199389753809425 -0.0436601775567948 -0.130389361375602
-0.0756069571787092 -0.225107807752029 0.0472514241472571 -0.190879078839862
-0.00514521949366985 -0.261146026955605 0.162513490444061 -0.198178302891309
0.131807364917132 -0.241205258178079 0.272589027370519 -0.0385563612723978
0.270842916571391 -0.145571760001232 0.206113668457262 0.152877994873065
0.340800897577053 0.0150970766029829 0.0193107514015985 0.176475648878021
0.300439801659665 0.156819239624477 -0.143723176264909 -0.0254237724028601
0.189193229188377 0.156666550239633 -0.342356168005898 -0.1473721133917
0.241968362844259 0.0947382014473026 -0.260399253069172 -0.206828247337882
0.242227016450708 -0.0264970109322025 -0.253375525763639 -0.201889067728329
0.154583498053412 -0.136691709188785 -0.211299080652669 -0.155006527380423
0.0616253048304416 -0.174059498373007 -0.222562493553255 -0.127707777621608
-0.0225262315610058 -0.165758058553445 -0.217195057537694 -0.0748994072455847
-0.06187192956044 -0.146981063722013 -0.1881437642849 -0.0725292561640873
-0.0557293156526791 -0.152051138861079 -0.118656912129493 -0.129894537657405
-0.044043162796258 -0.153884122558503 -0.0634546032466314 -0.194240278324948
-0.0215857802903308 -0.168212184362233 0.0513478285211296 -0.240188637936708
0.0380858525274207 -0.182403815770654 0.17751735166703 -0.224728453007469
0.135896548726874 -0.15145683671576 0.274843525536186 -0.0503851186704738
0.231462643429033 -0.0558412286866716 0.178109399381545 0.134421880982413
0.256039487881139 0.0763747099677918 -0.0171805066087452 0.129573412972083
0.1901856425037 0.164414057842757 -0.203770689543546 -0.0991247070624553
0.0643200733695121 0.106017828748801 -0.383837454503849 -0.166498760691846
0.122248485833672 0.0770306457250521 -0.282515617302089 -0.190495694057809
0.125058295058524 -0.00673098769912686 -0.232618705167292 -0.189178377873762
0.0730760928371088 -0.0597480833701338 -0.185482741523131 -0.177657526301924
0.03862820590253 -0.069848349436151 -0.219803466545404 -0.16430279434944
0.000425258177892266 -0.076408397873011 -0.229898767297976 -0.119554303964922
-0.0185217177703596 -0.0766745922287654 -0.2083282054254 -0.119170309406558
-0.00390551629399903 -0.0845543258270105 -0.133956115898195 -0.175623847121824
0.000388787981631482 -0.0853251507083776 -0.0600175074059208 -0.237601507627075
0.0164944473674871 -0.0892146301362413 0.0764947644663548 -0.267359977037008
0.0513280601130687 -0.0940010012223538 0.206227702024998 -0.222982227364103
0.103872372334607 -0.0722697975549052 0.27963387408134 -0.0440965589339288
0.160410146969823 0.00429466633544882 0.15950613731889 0.111996782938498
0.146343178438813 0.101600486856202 -0.0276275014289832 0.0799485385232291
0.0636694764499501 0.134371013539671 -0.21641736005484 -0.162301414777306
0.0487700924706975 -0.0695951295423775 0.26484520496489 0.187809100907577
-0.0432835208544083 -0.0618907280438079 0.108125836562242 -0.0802261900541422
-0.0650294124814733 -0.00943800120990918 -0.142980786986784 -0.128031992980194
-0.0224184608369451 0.0149324062299453 -0.315027639430704 0.012607967971431
-0.0165322280959304 -0.00547018151877106 -0.255527724064928 0.212729109484506
-0.0205507129298188 -0.00123652164008394 -0.099050147027085 0.296869047124057
-0.0306033735337753 0.00775561960114609 0.037723059112719 0.290537019177472
-0.0467440850012502 0.00442916446721216 0.146495980181616 0.219496180537135
-0.0517297068137914 -0.00269860681209646 0.202020723972924 0.156329560994693
-0.0513474556109639 -0.0246336024396715 0.234567937298221 0.12689289083471
-0.0260567772721117 -0.047229242163681 0.233473220935944 0.16613101469629
0.00631791963552921 -0.0444824912785297 0.20046584356815 0.213571941796739
-0.00119421288475995 -0.0469337044287114 0.213486442640057 0.212181749052399
0.0190538813189478 -0.0720846151341355 0.257952317904257 0.222957403027813
0.0934226771890558 -0.0574431185520505 0.367084861480133 0.176989531590137
0.157738641675965 0.00968073941590281 0.207110509773738 0.185642368010551
0.0644865143375637 -0.0202777773819392 0.0782489271483738 -0.073748993517478
0.0300819254302455 -0.00468989602902828 -0.162583984754023 -0.136793330102856
0.0478427790013809 -0.0221695342613386 -0.321481844033697 -0.00321317637025083
0.0202940289264806 -0.0742063617301271 -0.271785527146245 0.18663769222337
-0.0231293779544199 -0.0800265645040461 -0.128201960046747 0.282963008057726
-0.0606544640379545 -0.0698857354005433 0.00855820229057324 0.280296933336458
-0.0964440321650014 -0.0756499227655138 0.119503115110317 0.206226024685902
-0.104704996058593 -0.0857708468069491 0.173826810974657 0.133570768316118
-0.101429472091331 -0.122240065174305 0.21518675579948 0.0840468492098967
-0.0468195199299861 -0.168875814196053 0.238780380315744 0.104705328107581
0.0528192054508702 -0.166231896119903 0.230886056058583 0.175840613379624
0.117709896441103 -0.127540396317237 0.229863470763884 0.206716392497413
0.171307423830141 -0.0839498874083582 0.229849588699489 0.211673161058684
0.235238351398893 -0.008999777365762 0.308423884103362 0.160209136493439
0.247603801104748 0.0928742461105836 0.119815122840789 0.140516959674969
0.176715910687157 0.0322605244718356 0.0354569127436723 -0.10482106977207
0.142423718449957 -0.000357587362474408 -0.19615925753853 -0.16716076776674
0.126053534881999 -0.069932215112487 -0.332944774975412 -0.0250928722973366
0.0580621350206118 -0.146374917310301 -0.279985726097122 0.152293445758841
-0.0245818519160567 -0.15522431179369 -0.148992367837434 0.247096942597395
-0.0846281588890759 -0.139411651062997 -0.0265823870064491 0.241291031332006
-0.1315047340024 -0.144469724095598 0.0750842528831689 0.164722571667459
-0.142734316263644 -0.152660191537092 0.12369616815417 0.0858739180870514
-0.143327501451921 -0.19536860467291 0.174893444623862 0.0191076818559318
-0.0762924124577731 -0.260312111486144 0.225386036643373 0.0176479250261014
0.0687519441985679 -0.269327447610414 0.260087706717826 0.115392374371986
0.199164919119318 -0.208813499432702 0.248544411673081 0.193698602252706
0.291186414407587 -0.102444908412578 0.191565401345005 0.208500967335376
0.342311850608285 0.0330040420285035 0.209672277360124 0.132678106805068
0.307699594294564 0.157939622015671 0.00585871892723715 0.0640855912336185
0.277578531116983 0.0764486822746975 -0.0283104219479407 -0.152987392511272
0.254558391393543 -0.00872588339717853 -0.233168712197995 -0.202952310703507
0.195993253507261 -0.130717740622314 -0.334811939165066 -0.0526341175900915
0.0844783339819561 -0.21499853832051 -0.277869962447114 0.100618423446094
-0.0296772882016972 -0.215528899593791 -0.166110750937135 0.185314479446707
-0.101398966281973 -0.190395499795934 -0.0662046954617194 0.176324586624718
-0.146715226767114 -0.191793072009776 0.0201340881628385 0.0998549435262525
-0.156125065589541 -0.197112239602621 0.0608454793464782 0.0197386436510745
-0.159344804304089 -0.23906755450856 0.119808013942998 -0.0545816847464813
-0.0880443532467489 -0.309005442335149 0.195696376284525 -0.0720894283283812
0.0766692586488424 -0.323104758967714 0.274112848417202 0.0467574882473496
0.247938785802856 -0.252626473317283 0.254708410985305 0.17862973000434
0.365714675287156 -0.102495929259116 0.140711377474723 0.210543599853084
0.395807161883189 0.074935437951118 0.0866889939331618 0.094805043572065
0.325968775195629 0.191147655146921 -0.127634876605281 -0.0213547711395179
0.335382313058485 0.100498050975435 -0.114457985450889 -0.193699714931789
0.324395429658989 -0.0256184346339913 -0.263006829732835 -0.221323954536117
0.230338327408217 -0.178600461643791 -0.311836304479679 -0.0871270769018835
0.09184860929933 -0.257460444502846 -0.263448608117762 0.0269826684443396
-0.0370198078652397 -0.243786507151371 -0.182788208605406 0.100206229932604
-0.107824219201807 -0.211118338854234 -0.110833073280055 0.0933207524213242
-0.139037821563653 -0.210924492645967 -0.0381781809389222 0.021215663258356
-0.140619760759812 -0.213979153929192 -0.00150663783286239 -0.0552716244898409
-0.136380091482105 -0.250986051170403 0.0709031958602428 -0.12782064378361
-0.0655176081897574 -0.30937476085396 0.167295489253401 -0.149390563900422
0.0980178928097833 -0.314688298069187 0.276934407744389 -0.0104779225611893
0.273694717905583 -0.231476910501387 0.244374508958853 0.166331772069036
0.384679493622426 -0.0629927822036703 0.0817119549444119 0.205101599802091
0.384837792687156 0.119674627261645 -0.0412058400018149 0.043179524473019
0.287728298324308 0.187584482010384 -0.255756761463344 -0.0951160123373336
0.326881194208855 0.102618248674522 -0.203339853904439 -0.21199928595952
0.321856007929988 -0.0353062387391115 -0.273634021575463 -0.217249585506847
0.215353116795015 -0.186079206149965 -0.266876279478974 -0.122498668030591
0.079980521827098 -0.246974621157743 -0.244063068654209 -0.0555420430100612
-0.0359758930991112 -0.228455187951506 -0.20362695510269 0.00433617711878105
-0.094662661120622 -0.197064882340019 -0.156013937982414 0.00451132002499131
-0.106282711855125 -0.199258323474687 -0.0888368081619137 -0.0602511674855967
-0.0982040278075045 -0.201724611493563 -0.0466209411605069 -0.130806122639567
-0.0827503972436442 -0.227682400505443 0.0458339945025817 -0.193963057310698
-0.0111674897968222 -0.265239367913924 0.160662067403079 -0.202644880361352
0.129415775925824 -0.24936799252529 0.277853476665703 -0.0410245725788141
0.275326824576019 -0.150459470650254 0.215837832134927 0.155949784972169
0.347223781561837 0.0115299691895118 0.0230642247525206 0.180017543292917
0.310010039999908 0.157354623372279 -0.145994349745491 -0.0244528618918402
0.195284060275629 0.156697985003044 -0.351789037831592 -0.148071913409018
0.248306239590465 0.0931789032800486 -0.266088032653682 -0.210187779975898
0.247336359305963 -0.028701270013238 -0.260788947990057 -0.204883539415981
0.156114063938805 -0.142001649925099 -0.218130344437847 -0.157471677326509
0.0597342486508542 -0.179452083711938 -0.227635804929734 -0.129044513505168
-0.0260345052402273 -0.166822530569188 -0.222923092978289 -0.0742252072936487
-0.0663925090504568 -0.148113674380427 -0.194315565390747 -0.0703491404288881
-0.0604749495316468 -0.155073621806919 -0.126457797198925 -0.129128131370595
-0.0477761950092529 -0.15742158458103 -0.0690125277767495 -0.195566988167747
-0.0261816090439494 -0.171400238481319 0.0490059374921206 -0.245078454631785
0.0341939456098218 -0.185835146411627 0.175309768897398 -0.229482609868855
0.135542007063213 -0.156785456541983 0.280048398654284 -0.0529700711033134
0.235789055319138 -0.0588512739057065 0.186536217527898 0.13757181034323
0.261796598342979 0.0757510114192319 -0.0149198550006238 0.132696109224584
0.196848418156342 0.165869495683608 -0.209428800870489 -0.098207481329927
0.0674212102356368 0.106536103821502 -0.396039713979701 -0.167417194809991
0.126139141606183 0.0761772701126871 -0.290641525874352 -0.19416387080992
0.127177670484087 -0.00723652829707196 -0.239541753834513 -0.192044558952405
0.0739670084833377 -0.0619314054128522 -0.191382902952739 -0.180847320319124
0.0380086065319335 -0.0723012715566075 -0.226167037833109 -0.165080460002113
-0.00110471856094756 -0.0760171773143426 -0.238282161530818 -0.119246101121303
-0.0205582342935595 -0.0771874094104536 -0.216280851689159 -0.117932981132829
-0.00574453221418004 -0.0875281656129802 -0.142212920427177 -0.176398832719326
0.000472431159475372 -0.0875765354851681 -0.0670762311501187 -0.239805594678296
0.015362668558422 -0.0911340703974318 0.0730964681119552 -0.273372018401003
0.0506217950036588 -0.095283983529121 0.205237110592029 -0.229451607932585
0.103773876791008 -0.0748872514471674 0.28521831127443 -0.0478333887509813
0.16367217074545 0.00346981727503803 0.166300286697956 0.115230228405079
0.149133843394071 0.102525423739893 -0.0264530053639945 0.0815584792381275
0.0661905087342416 0.136927967306291 -0.224651029979424 -0.161526162001843
0.0465479715359949 -0.0748485596235753 0.282599503059915 0.175502808724242
-0.047552376044318 -0.0625769893614508 0.107668450727195 -0.0896933455880601
-0.0662354981331216 -0.00714110216828125 -0.153647865013288 -0.126428198714178
-0.0220380447041062 0.0166129259700862 -0.323746809029201 0.0280207460234122
-0.0185479336745333 -0.00513809964367092 -0.251854308325951 0.229466322830689
-0.0218326458594465 -0.000732416125390248 -0.0849739278093086 0.306311634897102
-0.0308383537404497 0.0095328576728692 0.0563353726792426 0.29363547125047
-0.0481247089176976 0.00648496514011141 0.166158605074381 0.216959545327945
-0.0536393230362196 0.000319531466379082 0.218868948600468 0.150148498624244
-0.0541803400336445 -0.0217402326229741 0.249083940473603 0.11844379436136
-0.0299601699284048 -0.0482035635784304 0.248934474921678 0.159758174695563
0.00384994906494116 -0.0467388203254998 0.21780414880351 0.211248609525385
-0.00390214445381148 -0.0481764502493841 0.228527071766214 0.207786661072531
0.0164768393680978 -0.0746449319729039 0.275298783025138 0.2179155930239
0.094146141547101 -0.0637113879236055 0.387862207765882 0.165555740455021
0.161372271225284 0.00129350182832913 0.224405746773281 0.176257091079995
0.0647476591172133 -0.0250942834505996 0.0797627278303674 -0.082122982889677
0.0306151906140929 -0.00689610158594929 -0.173125066700531 -0.13381192761058
0.0472341566953193 -0.0254315959755618 -0.330172798168165 0.0122672504254178
0.0150665710870803 -0.077279078483644 -0.270045385921863 0.203445208489044
-0.0289569380323734 -0.080525102646937 -0.114626373252406 0.293712929184401
-0.0660796159476615 -0.0680147886867264 0.02600636879243 0.285132189668723
-0.104351739138192 -0.0725438400659208 0.137197318046683 0.205053878044858
-0.113397038817075 -0.0818732885300014 0.188239552892393 0.127795512254633
-0.112626533318248 -0.118576374223544 0.227304725977909 0.0767242070721404
-0.0585071829912349 -0.17094430708113 0.250620584975787 0.096387317614284
0.0449475924564849 -0.174486311246799 0.24772695034503 0.170945167428656
0.114710853476648 -0.136986592235436 0.24679796124644 0.201277213013417
0.172880664316032 -0.0941225288062289 0.247780070585546 0.206975969049148
0.243658621115502 -0.0220201889870859 0.326669168322621 0.149956129356031
0.257652546695747 0.0818850597494513 0.132583870888028 0.134138899908483
0.182315873005046 0.0232734165965632 0.0349009013239018 -0.112161541743538
0.146477638378222 -0.00756755554499296 -0.209154754953665 -0.164563480739253
0.125593174243147 -0.0786922402448123 -0.343325820718821 -0.0102507848286855
0.0503893994769105 -0.152790474520871 -0.28010538652064 0.169227188981521
-0.0340393710237414 -0.157201251602801 -0.138552189762172 0.259210712621359
-0.0944530941604176 -0.138476567040622 -0.0123431505823064 0.247242474286088
-0.144791139777057 -0.141009546507639 0.0887858253277603 0.165139419275312
-0.156624380507949 -0.148348521902515 0.133980900377187 0.0815534569520045
-0.1612263796708 -0.191108637590692 0.182010123032896 0.0120512143364543
-0.0944537067726559 -0.262937159843343 0.23133268381922 0.00906932691913649
0.0554126253580113 -0.279665372811164 0.273745417087634 0.106851073499514
0.193716889321538 -0.225516232673908 0.267301228301667 0.186613655961921
0.293901113050908 -0.12031621314833 0.207827987288903 0.204756413929392
0.355941355639382 0.0163153250408511 0.225118835365816 0.125103033358942
0.324097854657247 0.146323778856014 0.0106502264178977 0.0628268409864306
0.2877508276462 0.0631329067259095 -0.0319657731015803 -0.158607920091132
0.261765431129816 -0.0214202175681213 -0.249840201009831 -0.200275790549329
0.193197926466645 -0.144530561801381 -0.34564947001214 -0.0394824502832245
0.0734436549970836 -0.225326911299715 -0.279405712224554 0.115312016739639
-0.0426201615241501 -0.218007934623826 -0.158907103800069 0.19664623649977
-0.115096195551673 -0.189448388109435 -0.0564155486144417 0.183122229523465
-0.16292157412775 -0.188353003304526 0.0273977635587808 0.101989502181564
-0.173349039848195 -0.193251159508957 0.0649580323574954 0.0178989195800648
-0.179040391659083 -0.23542602029091 0.122014001703773 -0.0603557786859078
-0.109934817261824 -0.311874376242009 0.196020496003069 -0.0812417551236757
0.0598178757696562 -0.335428976070356 0.285429581062331 0.0352501170053127
0.241730670149658 -0.272641150935132 0.274230564300159 0.170939362287345
0.369800147321992 -0.123991956336822 0.156744550900838 0.207456833554675
0.413256877559171 0.0550813374560999 0.0955864174040728 0.0922258954142958
0.343259019510263 0.179014238511199 -0.129780008919964 -0.0178196001480042
0.349803907142223 0.0851704353234877 -0.121815147414284 -0.196338805857723
0.33290521809423 -0.0421348640657693 -0.281173691138026 -0.216083438330291
0.226861351011524 -0.19583827982668 -0.323918580218475 -0.0754292478718066
0.0790225214519905 -0.268200327352102 -0.268255135116744 0.0392051273159767
-0.0517299798525924 -0.24627933548883 -0.181863990149545 0.111423132307204
-0.122932395652461 -0.209221558829607 -0.107677255118131 0.100800229425707
-0.155872718719996 -0.207541019452056 -0.0374152782520154 0.024643930737742
-0.1574210154207 -0.211299295413991 -0.00443339467807255 -0.0550054269203872
-0.156855374748917 -0.248035460987271 0.0663996876496029 -0.133525220758383
-0.0857884661626091 -0.31306622417796 0.161456316303888 -0.158695599401042
0.0816932992755642 -0.32834571325093 0.284908471722738 -0.0236302510355565
0.269247142282057 -0.251421985112386 0.262619815093335 0.15812035863566
0.391203480112373 -0.0848399826179032 0.0963553177079314 0.205796310524422
0.401514768833205 0.10273342547305 -0.0383327589430232 0.0455676777556885
0.304886367379658 0.177240959068021 -0.266522751569283 -0.0864575132739451
0.340268978665733 0.0880810132944155 -0.215666407475616 -0.209678379082272
0.329373087739968 -0.052317778530236 -0.291274295581784 -0.211298555942329
0.210341043839117 -0.202681990779909 -0.279824038172942 -0.113719055151885
0.0675359923495278 -0.257706813877803 -0.252561533475781 -0.0458341003317011
-0.0494495732116972 -0.229938393441189 -0.208189435635257 0.0143242399799874
-0.109028850065164 -0.19518146014204 -0.15997227698501 0.0129239132907236
-0.121336426431321 -0.198891660956658 -0.0965666062782408 -0.0557453498898159
-0.112423835382084 -0.201773324111454 -0.0559180678071023 -0.129498407798916
-0.0998734044844166 -0.228423027813688 0.0365555968098094 -0.199837672566914
-0.0275327004289652 -0.270154031143619 0.152764716709811 -0.213148902608338
0.118285092118438 -0.261967968319312 0.283930115259315 -0.0547947116960422
0.275487765103113 -0.168126032001894 0.233627559756549 0.149840376456946
0.356770359667311 -0.00612723112948925 0.0347435983629797 0.18207925596128
0.32825313095106 0.145602270543613 -0.151131211508817 -0.0170479943850465
0.20836040569007 0.150320329510608 -0.369280494048362 -0.135950998050757
0.259643600979562 0.0820327350227686 -0.281728596013956 -0.204276600702704
0.253016053263534 -0.041543280747958 -0.277859420342369 -0.198698775984097
0.151776002108328 -0.154435509470682 -0.231309144783769 -0.152681388859027
0.0504047166077587 -0.187286733226281 -0.239796253724436 -0.121630541711767
-0.0355998646007983 -0.167573413807793 -0.232966260633841 -0.0645895640166091
-0.0769355204230788 -0.147157777801068 -0.203296054493788 -0.0603177008004219
-0.0722756216404721 -0.156218312921936 -0.138332269376618 -0.124645792391893
-0.0580566377729324 -0.158334970681707 -0.0830382872536033 -0.19456482168127
-0.0370263242308522 -0.17273787789126 0.036674591568001 -0.251916051186117
0.0237593060933984 -0.191706216797946 0.166677634462043 -0.24237349396872
0.129633159144601 -0.16696335941507 0.285165067533956 -0.0676910309292907
0.239567386315989 -0.07107041953252 0.201522221851837 0.133234556543566
0.272225640949763 0.0645735848045685 -0.00752118066070406 0.136091600036706
0.211821026191726 0.160458305858176 -0.219871598073194 -0.088741383366444
0.0745063474543357 0.104879181668309 -0.417677740726134 -0.15375318942661
0.132506172536634 0.0708181616073174 -0.308101117142615 -0.185503516150618
0.130110978171785 -0.0123261723366717 -0.255009946275953 -0.186293644855624
0.0716618710043354 -0.0672339629941049 -0.205813719947585 -0.177769721357496
0.0346945379261584 -0.0771867719319588 -0.239928722068286 -0.158960603707971
-0.00462086715233224 -0.075458589095536 -0.251939458685877 -0.11046481393633
-0.0261202460976261 -0.0763186851676583 -0.229097496204993 -0.107817309576069
-0.0116755282452671 -0.0906051208952535 -0.158126798873328 -0.17224426148244
-0.00450537389646411 -0.0893485174154456 -0.0835774782804067 -0.239384411709958
0.0108020819914998 -0.094662078502126 0.0590010149367452 -0.282610009641735
0.0459026224174557 -0.100769040673625 0.196577510561057 -0.244047404310761
0.101683001700075 -0.0820253076255615 0.290703611218906 -0.0624048945680881
0.16893317739012 -0.00304479415545373 0.178429988553959 0.112018964698542
0.157828573393592 0.0980169658433325 -0.0224005683122403 0.0852089131040957
0.0749652582859749 0.137471890676416 -0.238292176888579 -0.151959259060284
0.0396331487207806 -0.0782273374019208 0.296107051990681 0.150488648450278
-0.0518661651034304 -0.0583755026875429 0.102028908830217 -0.100162899021211
-0.0671198496093308 -0.00302045709904955 -0.161425042014812 -0.11724264987973
-0.0210265057468344 0.0179125811296094 -0.32123298003806 0.0521191552334602
-0.0201513386753438 -0.00294269142063765 -0.233439050289967 0.246756929849065
-0.0227117218387889 0.000507142917155054 -0.0606746643555457 0.307585592182448
-0.029433943910433 0.0114807316312099 0.0809328354394515 0.285580504889685
-0.0482436953465433 0.0103525569194928 0.185664509443088 0.201684111973447
-0.0533184753810142 0.00486285840313384 0.232740061313985 0.131959873235073
-0.0558742236825205 -0.0165459466775654 0.258585744445934 0.0992217993729215
-0.0341668808244987 -0.0464585455752549 0.260772988700013 0.141557974748161
2.40193668421063E-05 -0.047224089534865 0.234328972755551 0.195044798422126
-0.00685753758053868 -0.0483794818038082 0.242824630234988 0.190837669184642
0.0125922853678287 -0.0748214127496657 0.291121167493363 0.199482631070257
0.0900886472785155 -0.0716399743367295 0.400971724886765 0.137592991327066
0.15987945750928 -0.0114101095148939 0.238434210974399 0.155108742852562
0.0619742292370548 -0.0293568368311722 0.0751200886411623 -0.0914296942363044
0.0301855510655682 -0.0091223009755449 -0.182498291724415 -0.123179968233631
0.0452007426048458 -0.0288766047057189 -0.3287568966492 0.0363659001591916
0.0077964833780157 -0.0769715077635194 -0.254160130653251 0.222069428656796
-0.035932301045611 -0.0779089636694755 -0.0908714316155472 0.298264042564999
-0.0711056091558339 -0.0626146244137617 0.0493998562813539 0.279135289802849
-0.110724396589709 -0.0633243726863805 0.156245303414941 0.193137417208252
-0.120002515586996 -0.071628988817986 0.20095194487852 0.112219358133827
-0.122225302783759 -0.108230190879149 0.234740384580738 0.059074112654656
-0.072994796027736 -0.166060525387811 0.257468281814659 0.0787252585141506
0.0307828512724687 -0.177774889521313 0.260641362622505 0.152914293643956
0.103600456667941 -0.145453342229168 0.261329020264934 0.181938483954912
0.16557222810823 -0.106550326628752 0.262083280221116 0.189068196810595
0.242958602521612 -0.0414752025904811 0.33857550312024 0.125285566850383
0.262262129813796 0.0623989684701234 0.144689026740952 0.120268949034753
0.182880870112364 0.00989014058223914 0.0302427460478648 -0.118446518280055
0.145921654646542 -0.0179549315603556 -0.22129002555051 -0.151026474616386
0.118521072889918 -0.0880299474738373 -0.343290810925782 0.0151051071300762
0.036173665945386 -0.15519899514543 -0.266383982041452 0.18745873045381
-0.0471580282250821 -0.152663139505004 -0.117235246682975 0.264929701503322
-0.104931678746646 -0.129694394606613 0.0087277006381576 0.244386689945512
-0.156850498771802 -0.128437141053265 0.1044150377687 0.156795618243337
-0.170166797297396 -0.134561191660839 0.141976767767017 0.0704618540896061
-0.177285207676942 -0.17592244319264 0.183886861385919 -0.00136511159368745
-0.116824400883264 -0.253786667172634 0.231679185855783 -0.00556560443951258
0.0324737113881992 -0.283199195945676 0.282036252809628 0.0863873364238727
0.176413642409542 -0.23922714815838 0.281600571417366 0.164570915621179
0.285386491412379 -0.142050312277997 0.222783665296996 0.189112827654543
0.35892134167543 -0.012071837815413 0.234883089891213 0.106709374322197
0.332368954414586 0.120735855289335 0.0179016101319261 0.0583316440141476
0.291285442592672 0.0408211842266908 -0.039788246682708 -0.159878875114286
0.25952393271762 -0.0407149297157839 -0.263944003380369 -0.182284958654794
0.180621504277212 -0.158422444417384 -0.34819771605248 -0.0146315065197133
0.0535048654176096 -0.229616099891241 -0.270007805782782 0.135165363421576
-0.059671874784006 -0.212051305994738 -0.142846486061408 0.205782392200655
-0.130095850186888 -0.178187675223642 -0.0407839541644896 0.185525061893454
-0.179044984425759 -0.173719539102678 0.0370740725534066 0.0993939213620683
-0.190227535465286 -0.178144275183377 0.0677981400031638 0.0132639243724844
-0.199773795944605 -0.217864063802191 0.118337521952297 -0.0693403491000236
-0.136996141239413 -0.301496518656765 0.188474129674681 -0.0926708210234035
0.0313369973367316 -0.338565247051573 0.287960960296557 0.0158052844069002
0.219913276063933 -0.289545286367622 0.288897579476594 0.148223946721087
0.361505487954791 -0.150988713182529 0.173378468010721 0.194820372768921
0.418007741876959 0.0223963891771912 0.103536393735449 0.0834327731124649
0.354770605192444 0.151563914419098 -0.129186228613334 -0.0102759053667942
0.355154581099431 0.0569347237896734 -0.132475140164848 -0.190418484745082
0.329151194575479 -0.066657313192856 -0.296220548795621 -0.196824571012359
0.209510420771635 -0.212371483037015 -0.328074599988624 -0.053522187727162
0.0552375156925599 -0.273794315001438 -0.264874790095469 0.0579646067273535
-0.0707855067023072 -0.23867420697639 -0.171765215175219 0.12305095107802
-0.139583433002919 -0.196479340174239 -0.0981094790481091 0.108221953252994
-0.174984548505713 -0.194235855848743 -0.0354666572653822 0.0287271735710502
-0.17530218950414 -0.197467811356867 -0.0082101203998743 -0.0530537792213902
-0.178237771324173 -0.231974476489506 0.0571216504158471 -0.136453396653566
-0.113237192925324 -0.303150580234671 0.148456428447247 -0.16665084626673
0.0538866927496117 -0.332643314880197 0.282316233985003 -0.0431628599698543
0.249925247806903 -0.27068778142055 0.276482848556872 0.135948669434275
0.383243880308164 -0.114422609825342 0.111908256803512 0.195760625954208
0.40980411346591 0.0704573968108329 -0.034266209750795 0.0474560961156066
0.315661503359605 0.153099677195172 -0.271431742172359 -0.0679758174547025
0.34501907307583 0.0607738650999006 -0.227018044405439 -0.196264310541254
0.325127101891759 -0.0763308806768237 -0.306462639680131 -0.190520343753108
0.193005006812533 -0.217931868944429 -0.286892715030184 -0.0950266056806989
0.0451789339561594 -0.261655955525696 -0.254215048380421 -0.0289369872964069
-0.066735071219028 -0.222874887610295 -0.20597643728499 0.0299137296679535
-0.124051896200857 -0.184464727993927 -0.158378792048285 0.0253489886613272
-0.139426577314123 -0.188440442267643 -0.101146595269406 -0.0464912566157568
-0.129941114461201 -0.1915637030659 -0.0660400190816237 -0.122738471954932
-0.119960447706584 -0.217091432841428 0.0214646465933189 -0.199885437384554
-0.050614381321065 -0.265287450571759 0.134078709780835 -0.220483642527116
0.0965626969495491 -0.269509279218848 0.27928983998278 -0.0747499540785115
0.262063440317807 -0.188080528030213 0.246847393610879 0.130554902225201
0.354404374990792 -0.0330030300116444 0.0487398740977846 0.176733575717477
0.339991759261373 0.119091382457115 -0.151240566816645 -0.00592811756348571
0.217787870793731 0.133151484729624 -0.378863915245324 -0.108152603979441
0.26448596318505 0.0605651483565476 -0.294574481451625 -0.184517466529779
0.249487415468815 -0.059440869851248 -0.291749688477371 -0.178334517232731
0.137775339287365 -0.165378550693672 -0.241255364189652 -0.136539635620014
0.0340134593592108 -0.190492913761572 -0.247964095439692 -0.105014707072555
-0.0478240374055036 -0.162240393133365 -0.237729988942359 -0.046941844668008
-0.0885509519615397 -0.138436215748614 -0.208247074741117 -0.0438341344538068
-0.0860316077608212 -0.150193458192556 -0.149817151634515 -0.111666236354501
-0.0708209153406258 -0.1532922921228 -0.0986904049157018 -0.184733393503475
-0.0519175945605764 -0.167656491328834 0.0161068459005981 -0.252360886511917
0.00790209107522837 -0.191134889532945 0.145862249456859 -0.251733953282852
0.114869581272043 -0.17587853365748 0.280257122794937 -0.0876201098805537
0.234624835633585 -0.0881940214379109 0.214172260076024 0.117593397549299
0.275595258437846 0.0435912158093886 0.00321715415790455 0.134166257404962
0.224185753955347 0.143886891096171 -0.225604518053375 -0.06992840801891
0.0814387035374161 0.0984027745657081 -0.429389324653977 -0.120262911167805
0.136651957838256 0.0599679849910037 -0.320315143357392 -0.162829672200313
0.128721335754975 -0.0208547734865452 -0.267549533035285 -0.168317736310964
0.065570547967633 -0.072009667827349 -0.21823934533191 -0.163709225858859
0.0279373353446481 -0.0797940757926954 -0.250511051181077 -0.142252292986673
-0.00984887560034546 -0.0737003206030713 -0.259838502448287 -0.0905847592198683
-0.0317407821495287 -0.073357217453512 -0.238490867233678 -0.0883000940311459
-0.0201095895281928 -0.0900903131475758 -0.174854411273883 -0.157250010159943
-0.0108270584713428 -0.0894464310613949 -0.103270249635926 -0.229621972453706
0.00282232276223688 -0.0943251368371332 0.0351968166651562 -0.284736156104256
0.0376566662537401 -0.102894897999382 0.176311650099171 -0.256349970214903
0.0939615618448704 -0.0883897015186496 0.284632027733262 -0.0837488034557883
0.169027844112031 -0.0153477167947752 0.188809758637209 0.0997298770479592
0.163689020873014 0.0857636337275611 -0.0153113552380849 0.0856840679443343
0.0857915082112932 0.131925274866251 -0.249395190107188 -0.131950377268585
0.0317810832234338 -0.0781116090625941 0.294090575498649 0.120277251146323
-0.0538236788842779 -0.0521607264070389 0.0914266959822549 -0.106157095544234
-0.0648501255983142 0.00216305313567559 -0.162577156227943 -0.103989091509891
-0.018897920796841 0.0184185180767689 -0.303885594925718 0.0711576215124737
-0.0201386298196579 -0.00103137120552496 -0.208492530037459 0.250441022425316
-0.0232488830749915 0.00195456262060781 -0.0372692761843531 0.294649687100199
-0.0275173139967662 0.0120474223093412 0.0991326055568 0.265279975219505
-0.0456708304873558 0.0128339785675812 0.195882642965728 0.178327940521634
-0.050651323962196 0.00944870499074411 0.234756908587401 0.109241369776742
-0.0545823502879444 -0.0116303916818765 0.255930358979146 0.0775410819329948
-0.0364992701438467 -0.0424143433903371 0.261194142448304 0.118843768552709
-0.00294471507617728 -0.046026311750553 0.238196138031698 0.172265241015075
-0.00968646533564598 -0.0462482450674719 0.243750057652262 0.167848414123046
0.00861908549652829 -0.071793735068307 0.290762961038431 0.173865024147849
0.0823135304769851 -0.0748210457955587 0.394985856610342 0.107782553564797
0.15155504345947 -0.0211787142703866 0.239512991756573 0.12856478457067
0.0572788972298955 -0.0315497461220016 0.0679290188316434 -0.0964531536184278
0.0283549318017943 -0.0103639193227205 -0.1830256829095 -0.107904989696101
0.041064750745504 -0.0304514885177896 -0.313274453171677 0.05504333929139
0.00101433913361934 -0.0737120912194128 -0.22974672001591 0.227972680315579
-0.0405962591825583 -0.0715780057447355 -0.0669831507765525 0.288273551018249
-0.0722324817306792 -0.0556166330200329 0.0680409352928646 0.261535041878785
-0.111254135671641 -0.0528685032098311 0.166368097703868 0.172218882186388
-0.120693328910491 -0.0592564101045232 0.202607119243068 0.0929248555371136
-0.125432511513048 -0.0937082716843294 0.230192733775726 0.0408623257300923
-0.0835504823994689 -0.153600932541927 0.253184137768843 0.0597012192303256
0.0161800829968325 -0.172704215849523 0.260776966516385 0.129630777618812
0.090232148777279 -0.147255543939136 0.261792205298004 0.156927676758409
0.153569542845171 -0.112110490047115 0.262935751812736 0.165308626708568
0.231657265262686 -0.0568248689835976 0.33503703796698 0.0977735057337677
0.254314564904003 0.0418419544630809 0.147231171472346 0.101323518736937
0.175457105645343 -0.00206029283284866 0.0242836147653003 -0.120321730792281
0.139034034960361 -0.0262679730600305 -0.221819281832208 -0.132976207854593
0.106510525375238 -0.0918652849020867 -0.328015752849858 0.0354301293961844
0.0230271731920306 -0.150074299137548 -0.243778944750806 0.195827009321756
-0.0560541980650213 -0.141939085366774 -0.0945526340914546 0.258712676668696
-0.10959187179224 -0.116768629600373 0.026561651240857 0.231539246092761
-0.160606852410111 -0.111282673267675 0.113706453362329 0.142308132569043
-0.173453608187409 -0.115793304911415 0.143027056250516 0.0573026767505179
-0.1835378516678 -0.154051734681537 0.178364875617171 -0.0136612529425932
-0.132241343035149 -0.234311656885195 0.22175405386328 -0.0187179538248642
0.0102890391342241 -0.27292374457563 0.276752234075784 0.0657245870583358
0.153349816146687 -0.240947720078245 0.281443989442187 0.137744234384763
0.264643772689873 -0.154813360159166 0.226291346197123 0.165900937504532
0.344922975761776 -0.0376807227889841 0.233155178861473 0.0859244147442994
0.32546211713352 0.0940355311659351 0.0229003169427115 0.0518588643042019
0.280848380869581 0.0198307693087274 -0.0450629947728755 -0.155548735046621
0.246356569673167 -0.0558129039859671 -0.26450070190635 -0.159042351913051
0.160939720874686 -0.16383256933386 -0.334468022738209 0.00703313922036499
0.0343821848103684 -0.221678550080938 -0.249872539383148 0.1450003624568
-0.0724131598671595 -0.197822445705038 -0.122411535773692 0.204435712611034
-0.137301654190387 -0.160911720609906 -0.025476397781874 0.17819148028635
-0.185810990783265 -0.15320183081202 0.0445915480873491 0.092704763393869
-0.196154674032017 -0.15614518782895 0.066843719529188 0.00826182865175027
-0.208122669094979 -0.190661712798788 0.110703946183671 -0.0738205289100964
-0.154155962022478 -0.276837734078959 0.175241185892689 -0.0986290527434037
0.00534703774719479 -0.325585334620842 0.277546524604807 -0.00336328716407995
0.192681466494651 -0.292889403027572 0.287214024395021 0.120208192824641
0.336006156348714 -0.17006514177084 0.178320482809977 0.174572506670611
0.404761160375831 -0.00699287840115278 0.104120180952788 0.0707080364044063
0.349592691594947 0.120945644672711 -0.123098258596569 -0.00416243792871408
0.341751027321859 0.0302126135205137 -0.136172465590572 -0.176834747973649
0.312353517960761 -0.085070084205452 -0.297621920648693 -0.170071436257622
0.185017979501976 -0.21789837053817 -0.318016192544459 -0.0308365439527288
0.0324187138290995 -0.264528277075544 -0.249581638273499 0.0699625305577646
-0.0841440286477546 -0.222545807230893 -0.156209205293733 0.128242824690691
-0.146704881429418 -0.176927853162105 -0.0862324393449561 0.108590342724726
-0.183136731433661 -0.17296349331731 -0.0312585484027336 0.0302194765704678
-0.183041537349194 -0.175615052188614 -0.0109769948456317 -0.0495990000123937
-0.189100590708093 -0.206549156800102 0.0468502581371542 -0.13425287246719
-0.131707793064909 -0.28081632560491 0.130647937480251 -0.166448626895322
0.027791470495015 -0.321648630601165 0.269224689409674 -0.0594661941893049
0.22168848775696 -0.276389893121588 0.27590529402951 0.109976300603574
0.359511155005673 -0.135566041180195 0.120554795414688 0.179364232561588
0.399585204002956 0.0379495361043828 -0.0302909247890586 0.0464399959003336
0.311872925843714 0.125036222349966 -0.263187394524894 -0.0486348704023069
0.333323731405693 0.0346802394151624 -0.227772950211664 -0.175672766317313
0.306755643754049 -0.0944365996343376 -0.305507308867549 -0.163175542287415
0.16853301690728 -0.220634779041191 -0.280783209577341 -0.075123340250336
0.0235500491618589 -0.253019322572777 -0.245748801076695 -0.0138609153471154
-0.0786310583574261 -0.207545071038304 -0.195050480368918 0.0414924272620353
-0.131553476744466 -0.166169819700694 -0.1496746834086 0.0348196195415696
-0.148475868644705 -0.170659079228727 -0.100548464417992 -0.0361901246347366
-0.138015296710886 -0.173980018581207 -0.0717688838400341 -0.111641241037087
-0.13073718346656 -0.196316320507358 0.00736487166624055 -0.192191325200863
-0.0692529901593177 -0.248463258074228 0.112895716605077 -0.217240622726576
0.0723152940343751 -0.263575359618427 0.263757533494195 -0.0893736520922084
0.240138391763603 -0.197723005241657 0.24836275973211 0.107410876706639
0.337674324561591 -0.055239653219932 0.0580905596042871 0.165042887562368
0.33503238397531 0.0903275903629417 -0.145564572210272 0.00463963500508282
0.216539332247603 0.11247104931327 -0.369704263402819 -0.0798014505731227
0.25602352977321 0.0397168815392377 -0.292258344651597 -0.159551391708201
0.235307289236614 -0.073126567366841 -0.290934220915016 -0.151900025371055
0.120114275164472 -0.167140080547903 -0.240032546008404 -0.118286942941662
0.0179035192082426 -0.184993016602115 -0.244340758837274 -0.0858496033065047
-0.0562811476540739 -0.151187015793701 -0.231363428509037 -0.0287574587295556
-0.0938490566515914 -0.125299426652182 -0.203400575629437 -0.0276073455255994
-0.0948834596983156 -0.138205808528784 -0.153214279552841 -0.0941109061465537
-0.0793742061398499 -0.142602519099702 -0.108329862077944 -0.168052200831426
-0.0620618670698019 -0.155253568949823 -0.00170105700086131 -0.240697856047757
-0.00698916494865036 -0.181984409558405 0.122162519655435 -0.24721730449569
0.0967614959651271 -0.175318334245181 0.262815712121078 -0.101887829960588
0.220175177650553 -0.100187563184153 0.21547351708248 0.0979346426734912
0.266217682934855 0.023696590118014 0.0115019932593044 0.127062114210783
0.224681077251995 0.122520927452784 -0.220511260580556 -0.0516603539601166
0.0836918486487778 0.0878603891372877 -0.420228523237575 -0.0869589604176817
0.13439729309187 0.0477653348846136 -0.317616462538121 -0.135695387103954
0.122296481760105 -0.0275873342459944 -0.26749292633132 -0.143770961889107
0.0572822820177664 -0.072625238481299 -0.219574378411005 -0.145240196842584
0.0201445449808793 -0.0783794068411728 -0.24965268299979 -0.120974167388767
-0.0134034327005011 -0.0689291976081104 -0.256597650420788 -0.0689779016735729
-0.0348369816689393 -0.0662530064844296 -0.235452623528635 -0.0663668772881111
-0.0269098214577411 -0.0858351391487824 -0.180799575087653 -0.136326610778267
-0.0165450716392785 -0.0854834014634964 -0.115140987582492 -0.210117801412573
-0.00405382445919153 -0.0898467980859289 0.0129461483591113 -0.272792538905467
0.0276226640575202 -0.100119544229235 0.150001539473793 -0.25517061142031
0.0832553251926404 -0.0904413434780843 0.267476754274109 -0.0973735423033742
0.161855880951775 -0.0256170435385649 0.189511574055614 0.0832593954747304
0.162215624774008 0.0724269451954081 -0.00981511078605045 0.0824841934845465
0.0908293325708677 0.120237036549013 -0.247303839507226 -0.107607313336354
0.0368026064518705 -0.0676534483417644 0.265931176988177 0.133314604603331
-0.0427329327853367 -0.0530445782092672 0.0960699185268056 -0.0965807674153185
-0.0591838215787482 -0.00571057573543653 -0.141475984922292 -0.117280027348265
-0.0200098623038303 0.0134677850826672 -0.284894207236341 0.0335174471354802
-0.0196513603457796 -0.00397456841493019 -0.216171799292325 0.207999076802686
-0.023618053739464 -0.00330463237108308 -0.0632116795319229 0.266462222928461
-0.0262519418555319 0.0063514707484841 0.069574352064966 0.254283000542204
-0.0443562469846641 0.00706122997165351 0.169613051771983 0.185228771087909
-0.0487733166358467 0.00269035219872606 0.214419806677968 0.126380036784867
-0.0509418648173257 -0.0176947741083101 0.237205320649375 0.101223960938695
-0.0321531864072626 -0.045955883091958 0.237023328852708 0.142132536572692
-0.000208127854653162 -0.0471968469511132 0.211647024368672 0.191066480342679
-0.00523543544753888 -0.0487601531453422 0.214178162262777 0.188592752849182
0.0150968067670243 -0.0685366738469069 0.260555902221934 0.201356613623091
0.0843973526022449 -0.0657251353746483 0.370581451808852 0.148876145820143
0.139773045767469 -0.00272761366419039 0.215026202193703 0.144691314365382
0.0559823169483269 -0.022120988430876 0.0763041554552974 -0.0855522354798183
0.0279608820634987 -0.00578547199011773 -0.156642020808721 -0.118693029394023
0.0415001439894359 -0.0240924984276716 -0.29059362173546 0.0204492728685668
0.00981942133736349 -0.0684993223377398 -0.230933782265649 0.186879298872984
-0.0315252371819189 -0.0732958833873124 -0.0877258800442278 0.255952670476237
-0.0618802037709473 -0.0611399433845956 0.0421287194800362 0.248493773677662
-0.100894435287685 -0.060969530725732 0.140818837792375 0.176532881724785
-0.108625074267362 -0.0693038498435304 0.185516899165982 0.109193182623184
-0.109614055652608 -0.101350677609258 0.217313214441424 0.0663432584963578
-0.0645993242352772 -0.155226140395493 0.236004093175891 0.0908555820031046
0.0306885591695818 -0.165176917711845 0.236977690565928 0.156896261569557
0.0990679636694901 -0.135521108835086 0.228837852938228 0.181419312404683
0.156761168856451 -0.0930756899020051 0.228866322496364 0.190901037529881
0.225854539262422 -0.0334400477001645 0.308351957308486 0.134374285436645
0.227380546504352 0.065795347961569 0.13265201224244 0.120270909667275
0.160048509733106 0.0186934753376823 0.0411774995099163 -0.106509974247226
0.132206656362483 -0.00762542266206391 -0.187642851207678 -0.138892869308943
0.110120416511283 -0.0726936747555693 -0.300381844515883 0.00333892503744078
0.0395908996432431 -0.13627625241729 -0.238140018023162 0.15795946744695
-0.0363344780634338 -0.139517808828787 -0.107698132774948 0.225732479855461
-0.0911064000360188 -0.121974933621468 0.00639815077358905 0.217405536694321
-0.142278258884648 -0.121105485634419 0.0933449508680799 0.143876289985318
-0.153042034281282 -0.12800676363408 0.132469735391994 0.071275965816984
-0.157739998249054 -0.163328272601261 0.174503357439591 0.0117028326510342
-0.102665786516883 -0.235150826323507 0.2153244889225 0.0181510932762536
0.0346560485778267 -0.26059682200783 0.259621131185723 0.0995016194661076
0.167619699977291 -0.219274064634517 0.24677635291787 0.16677894264142
0.26651666750975 -0.122767366980251 0.188674712321974 0.189098413741424
0.332786067076851 -0.00457597127077901 0.205327872304729 0.114431083401824
0.287452440678303 0.120079111074147 0.0206205257688657 0.069310747557627
0.253860602138761 0.0506828912711081 -0.0168034058023784 -0.140599355159514
0.234770629644061 -0.0224405010420922 -0.221052954951636 -0.162923493489917
0.170114101576218 -0.132434004592243 -0.300026964451639 -0.0210097080513047
0.0593684929091331 -0.202142236370401 -0.236443455831571 0.112018010015136
-0.0446088638862929 -0.192813052606326 -0.126249541935003 0.172064021792988
-0.112667200292567 -0.165576711512223 -0.0366108103196875 0.163737835777242
-0.162576374442218 -0.163466359521414 0.0321031256681253 0.0914051119386993
-0.170057834935273 -0.167742417164281 0.0642285781558683 0.018967454066901
-0.17727644571866 -0.199346854596949 0.115657065202022 -0.050128659803211
-0.119760531404836 -0.276281126888348 0.178736463070205 -0.0612127835269324
0.0350669899729309 -0.309415390554474 0.26789309869374 0.0352437497141095
0.209495188584659 -0.264744206321958 0.252807090175173 0.151977902060576
0.334206997438905 -0.130009376947651 0.139586249954113 0.192019610380302
0.385901085309042 0.0293931169102381 0.0792810284379312 0.0877899778126584
0.306609628477751 0.148641675188199 -0.109777311505574 0.00721092240958871
0.309467390271049 0.0676531485126502 -0.0984248703435543 -0.166546959791202
0.298352777870988 -0.042280268427834 -0.246158135575412 -0.171550054585185
0.19777705453893 -0.178346408755685 -0.278270450015829 -0.053817270171975
0.0633459527148661 -0.241361201906842 -0.227000827147836 0.0444883137544622
-0.052184504802743 -0.216722224357807 -0.149455485391915 0.0973902811498821
-0.120106925585502 -0.180500185286059 -0.0876042857908552 0.0944591916356133
-0.157864003050233 -0.181929078758895 -0.0341784520896219 0.0267649120851885
-0.156122982236758 -0.184350643428376 -0.00475028772430961 -0.0427370180255639
-0.157475911178938 -0.210383305733809 0.0600977642195961 -0.113238347113429
-0.0980412316659262 -0.275887024501926 0.142774721925196 -0.129877606923468
0.0547921542055105 -0.302719677731451 0.263888118891374 -0.0192487027391105
0.234904722375694 -0.245913606725982 0.242874799089027 0.139740815437236
0.355119916174436 -0.0950635932022041 0.0814952817631874 0.189891388944964
0.379479164069403 0.0731593950517967 -0.0496460973621189 0.0492472809778079
0.271183662952888 0.146722646054887 -0.23635892887174 -0.0479946716677824
0.300475224056227 0.0690030925433406 -0.184933812274336 -0.17296992417295
0.294747259255962 -0.0510794483869664 -0.254602244289439 -0.166305272097316
0.183166453801437 -0.183199515261075 -0.239520537783892 -0.0907596073440243
0.0537138649478883 -0.232018842812261 -0.21539374433708 -0.0336905236595052
-0.0473257979281358 -0.201892267535467 -0.178609148132323 0.0143793936557575
-0.106442588198183 -0.168131557969884 -0.140587693360998 0.0200192901410742
-0.126074370171638 -0.175830849670122 -0.0939232965606927 -0.0424812820871525
-0.114226935440861 -0.177796844893564 -0.0575785474516862 -0.107182459202377
-0.103757338845864 -0.195369527395147 0.0271934996647203 -0.172911556993584
-0.0413735739276806 -0.238704564650816 0.128731799205315 -0.181247609363271
0.0917413955137764 -0.241982324160959 0.260092287975793 -0.0503392352166146
0.245435617199798 -0.169175652796566 0.216800171805332 0.132159074287744
0.324690313231933 -0.0214162479766921 0.0246827123354812 0.167009528404764
0.312734746251898 0.118768644401119 -0.155787082007605 -0.00581970814743186
0.186249937115372 0.12506426332386 -0.334814038648544 -0.0916667393229753
0.229249475909521 0.0653648402329314 -0.250305071769877 -0.164987517363838
0.226102580172053 -0.0400623377609672 -0.244459970282124 -0.157829725942424
0.131662302156181 -0.138994151130175 -0.200837914962237 -0.128604017563594
0.0399865883833346 -0.169870558284018 -0.209544011849668 -0.101457336348178
-0.0327683675925475 -0.146068566861437 -0.207686745319994 -0.0521537461366311
-0.0747996401646445 -0.12554686792365 -0.185991245686862 -0.0419581469574319
-0.0780996419132848 -0.140743226109814 -0.137868282402379 -0.101929548186009
-0.0609451380141895 -0.14167985711441 -0.0871927351007444 -0.165208548510142
-0.0427177294286379 -0.149605942552917 0.0214640889808426 -0.221959219431972
0.0100601033388917 -0.169769505801616 0.138746890881541 -0.213111923566652
0.105338933020389 -0.155404337459031 0.258936916746993 -0.0649435198482916
0.217062061160004 -0.0776657442228084 0.188819078488463 0.116768428920053
0.249662350860244 0.0476771789033382 -0.0140297946984148 0.12205514476569
0.204095343501972 0.139105568036254 -0.21885240141633 -0.0698105839888206
0.0663415865955514 0.0882083426244564 -0.383368999959749 -0.111479845253728
0.11658743481834 0.057948286670344 -0.279698105094609 -0.149048103524035
0.117173813587915 -0.0108315380166111 -0.228308924280251 -0.15299361619585
0.0621746780044311 -0.059259835202398 -0.182967982345501 -0.154199753984069
0.0285592642106787 -0.0709635070120657 -0.214959194476143 -0.135271191303409
-0.00142074688968213 -0.0650743346684537 -0.230420895235575 -0.0892123552461547
-0.0249916428405417 -0.0640252955801822 -0.21445011111463 -0.0821726875460704
-0.0187045463197938 -0.0841034198173976 -0.159099741730679 -0.143645136619123
-0.00735668998174315 -0.0821324064575625 -0.0900705254038683 -0.206929257552494
0.00475187726254521 -0.0830792010280806 0.037901314515634 -0.25236174328967
0.0348828665784252 -0.0900970716833474 0.165261073837961 -0.220936336491818
0.0839286948630783 -0.0758454252425557 0.263484226768447 -0.0624611202475188
0.154901212420784 -0.0118067103922245 0.168445011889205 0.0996345030559573
0.146396164721833 0.0830692673848875 -0.0261289277237309 0.0753171465908359
0.0755832981074082 0.124736045872373 -0.233834536284604 -0.128644398093084
0.034721546481554 -0.0645826723199634 0.254413444783134 0.127583249314263
-0.0401421689193104 -0.0505478147743117 0.0934608383004877 -0.0956067047921811
-0.0561534562332292 -0.00586132156815304 -0.134523689564104 -0.115184357532923
-0.0190271921135457 0.0121510132651598 -0.275005898240044 0.0291523282984194
-0.0196286805333204 -0.00342746391129497 -0.207899795259968 0.19841848675287
-0.0234085170935382 -0.00272086128101284 -0.0628999096228145 0.252899619080747
-0.0259189387130958 0.00493851779741945 0.0672153791342102 0.241972801597074
-0.0434526614400815 0.00675745056577001 0.165367462755577 0.175130387449568
-0.0469992939378271 0.00294090013775115 0.207755670256772 0.120808098335809
-0.048804542661039 -0.0168013241892249 0.228407529713889 0.0975007968502357
-0.0316914753681978 -0.044344105235868 0.228059415595052 0.138707168710401
-2.18539176081384E-05 -0.0459795730502432 0.202712826209985 0.186130794714484
-0.0043277393426516 -0.0472929310885817 0.203342839694414 0.183413655376181
0.0164188834473182 -0.0654350507550712 0.248901405232256 0.196699355309179
0.0816630515221327 -0.0627394186263769 0.357083101041754 0.14552510680347
0.133569623441875 -0.00206387396174751 0.206521491772954 0.137245116324107
0.0540498315788105 -0.0199770452755678 0.0758911448245934 -0.0854902687122703
0.0275064405560872 -0.00514905926703407 -0.150089743020462 -0.117247426731673
0.0399836182857937 -0.022868254376876 -0.2789412898677 0.0170141125997868
0.00875285947516324 -0.0649588338841096 -0.222940285914474 0.177948254685791
-0.0303451731671662 -0.069888804376388 -0.0858267922381553 0.243269348953069
-0.0599945579820396 -0.0593018601813651 0.0412199505415494 0.235836452556724
-0.0975034413223032 -0.0588243174522036 0.137983430406829 0.168250068893366
-0.105281205300942 -0.0660657921321901 0.180172573268615 0.104526899664255
-0.105116481662576 -0.0966829737141966 0.210055610756287 0.0642305357870601
-0.0629821411246707 -0.149085573484645 0.227415296471691 0.0899945993664084
0.0300858044171188 -0.158588855930867 0.227008625795908 0.153286065724341
0.0963565116046655 -0.130087646427335 0.217165279990218 0.175357218474342
0.152386766602314 -0.0892876740225703 0.21831754747312 0.186992003755897
0.218015016794738 -0.0326939700041745 0.296338770159322 0.131301610986007
0.217970103692388 0.0641869235794458 0.127634724565721 0.112883633604019
0.153333885337528 0.0190303769389843 0.0423003152855362 -0.106166059822347
0.127799561277183 -0.00681141955053378 -0.178665309886236 -0.136116701118239
0.105812117214606 -0.069204027074275 -0.288655776143421 -0.000312840948638413
0.0381793686398784 -0.130272215884599 -0.230308787183262 0.148635200573429
-0.0356237480249987 -0.13348603172429 -0.103949524819154 0.213814617932424
-0.0877881543954884 -0.117680992311921 0.00642270308971682 0.206734676758994
-0.138226760408656 -0.115826171542345 0.0920153303917646 0.137020434226821
-0.14773751693369 -0.122143970838618 0.128999368623271 0.0683103884389731
-0.152776429635764 -0.154941280369054 0.169248959391693 0.0111906133721928
-0.100422004020928 -0.224811645967534 0.207950715284925 0.0194128903354191
0.0332762769534546 -0.250281666344833 0.249548337354175 0.0978964082861607
0.161785455217299 -0.210713314286051 0.235063374313645 0.160469267998677
0.258133854161668 -0.116824695389075 0.18017024005547 0.183859369206039
0.32047388126948 -0.00491647422024906 0.197434053452626 0.110410743210745
0.275712152332523 0.11672349907543 0.0204625315155629 0.0635614680329332
0.24380400483914 0.0499635873124424 -0.0127549913175082 -0.138968170306437
0.227085184028871 -0.0200780246014037 -0.210052733990946 -0.15882395796168
0.16242497370355 -0.125863981212606 -0.288093052301648 -0.0241713437556793
0.0566933576211473 -0.193171340318912 -0.227102577165997 0.104061395102363
-0.0425134622131787 -0.184141974585212 -0.121888528826256 0.162497704248165
-0.107570268830374 -0.158481476759135 -0.0354328637840821 0.155546778570546
-0.157838475314024 -0.156530144577648 0.0320371217467352 0.0869458414196899
-0.16515399113355 -0.160963371291385 0.0633276044512501 0.0183741802976515
-0.17112231426501 -0.189308073002792 0.112973165331053 -0.049126054205317
-0.117198470873661 -0.264356386759979 0.173997502807161 -0.0547184143669741
0.0334154804213212 -0.296512648612078 0.256872633590283 0.0365702706873751
0.201576344612996 -0.254673656887728 0.242029866851056 0.146106920498257
0.322991781166893 -0.123488787498654 0.131709205984653 0.186374216160698
0.371703882004022 0.0288185262704407 0.0748110830684848 0.084049936518958
0.292264019950489 0.144480197472147 -0.104217674645682 0.00403390635946223
0.296008838539431 0.0660940727293604 -0.0907489052210936 -0.164119720975521
0.288274085092436 -0.0394676651536032 -0.233912722001693 -0.166970644099466
0.190306792237627 -0.170243305934178 -0.267550014270024 -0.0556415773157621
0.0601231076372329 -0.231030428421782 -0.218838423557898 0.0386605908227571
-0.0494785885416747 -0.20744252248999 -0.14353696846137 0.0917204576652147
-0.115169981827193 -0.173614258323056 -0.0836534672540261 0.0898524863387203
-0.153391620490627 -0.17429167155342 -0.0319903811706519 0.0257884199191571
-0.151402766646535 -0.176872515848463 -0.00371334654719775 -0.0404134985118493
-0.151836006172623 -0.199863788044779 0.0597262561173015 -0.10906463865613
-0.0958035883540266 -0.263708279205426 0.138712126893817 -0.121359647682059
0.052326651078567 -0.289290399751396 0.254162429538772 -0.0158579472055004
0.227289461051041 -0.236390141714356 0.232801965165792 0.134409208581793
0.341625981477711 -0.0907126055387922 0.0760336577861006 0.182057860686022
0.363779316949564 0.0702958404817482 -0.0486613266079208 0.0473904937579214
0.259415936853876 0.143000901528995 -0.225787225660625 -0.0495936771281663
0.287195935828854 0.0674777448241443 -0.174326178457487 -0.169236004968061
0.284854256262275 -0.0478879117321703 -0.241457778767317 -0.161309114012846
0.176095878704423 -0.174880777747283 -0.229902049898912 -0.0914039729159671
0.0505311412904213 -0.222177696717477 -0.207676881730822 -0.036168144962056
-0.0449063083044077 -0.193471819073792 -0.17159343998044 0.013022547115246
-0.101920439767706 -0.160766263264773 -0.135046476408486 0.0188517624930038
-0.122989152739217 -0.168927831857922 -0.0906121460071203 -0.0388691946144421
-0.110863970740572 -0.170911766464664 -0.055095077993836 -0.101593783304329
-0.0998190797982648 -0.185179075926391 0.0271517480928502 -0.165009754813329
-0.0414721330073142 -0.227235070727894 0.125705280889608 -0.170999357368466
0.0870061896179055 -0.230806134922497 0.250424441351074 -0.0462112038516805
0.235845866399835 -0.162442688267929 0.208442307332774 0.126830337784632
0.312263593030771 -0.0197832696924144 0.0211427213594839 0.159737483601141
0.299617773448421 0.11399392102257 -0.149850964760356 -0.00517242448632663
0.17732954051502 0.121202571447071 -0.320804558441962 -0.0910658162776116
0.218933641766891 0.0635426896325316 -0.237024144998232 -0.162017894109966
0.218326686580093 -0.0367973971084871 -0.231848689929679 -0.152773260389777
0.126457641118303 -0.132591769865836 -0.191941604246251 -0.127427442480914
0.0370967350128652 -0.162539638650337 -0.200545772875446 -0.101282195324449
-0.03064097480174 -0.139901121692567 -0.199145823397587 -0.0510554584028489
-0.0715413343439447 -0.119510676449093 -0.178747472940426 -0.0396976137193117
-0.0765289736597678 -0.134843558154297 -0.133240318970044 -0.0961099468884003
-0.059317094117213 -0.136257716563757 -0.0839082727912355 -0.156088089088814
-0.0417457110032539 -0.142149752134657 0.0205493410182753 -0.211273976132351
0.00908012955913254 -0.161364286438134 0.134597465289193 -0.20138999323357
0.101072384720193 -0.148331946923681 0.249782134578263 -0.0599805927583168
0.209322625149711 -0.0745846363920826 0.181813365386775 0.112420533624006
0.239270634026879 0.0473003200405074 -0.015110402363502 0.116971242834006
0.194927539444516 0.134304448780874 -0.210320626338588 -0.0667585221288631
0.0622828568250285 0.0851970339108959 -0.368492393876918 -0.109373642719999
0.111285623233836 0.0560573080672157 -0.266974211891388 -0.14447283727536
0.113595416070303 -0.00942817149299817 -0.21658714401302 -0.148461114167021
0.0598674538103117 -0.056312276072769 -0.175331237626598 -0.151486602480232
0.0267801156061592 -0.0674943867600082 -0.206556632948905 -0.133309834249811
-0.000430820035978727 -0.06198841120371 -0.221603228276957 -0.0859921807040883
-0.0236764660599799 -0.0606043422689223 -0.206493971556593 -0.0776255686972519
-0.0189848692037571 -0.0810238955950652 -0.155336336840659 -0.135601330177023
-0.006916421381132 -0.0801134160936693 -0.0871729256969966 -0.196031112233143
0.00534291811078012 -0.0785635634026056 0.0364690519978021 -0.240289026599058
0.0330329240771427 -0.0848801808990779 0.159621559968901 -0.208897240974811
0.0803893254571171 -0.0720942638212376 0.2528969981457 -0.0571806120688679
0.149119197931332 -0.0112598223539765 0.16219894419094 0.0970824290335001
0.139525708986082 0.0817121671797754 -0.0265078072826392 0.0719412362207098
0.0726601921042371 0.120117286252204 -0.223635961615456 -0.122107269691799
0.0355643403042165 -0.0628596921996625 0.250945026697415 0.127323140981664
-0.0381286717965792 -0.0509888080893079 0.0941128525868057 -0.0958778358495449
-0.0559960225717178 -0.00667343443360762 -0.131641687463334 -0.120403957957606
-0.0188263699264525 0.0119609926434786 -0.27406489346278 0.0236463948217198
-0.0196596092431104 -0.00396229059028076 -0.210929870377004 0.193453618928058
-0.0238159280882938 -0.00214123337842587 -0.0683620288790536 0.248235579504043
-0.0260828357002811 0.00325862401816473 0.064238450637686 0.239388368039067
-0.0438660257006694 0.0060525714810771 0.164762910509199 0.174055861663422
-0.0461486191824506 0.0028697772430366 0.207211050926458 0.122729546402057
-0.0485245260942391 -0.0172756080587126 0.22687136611291 0.10035286956101
-0.031484595883425 -0.0443523782102476 0.225772478571621 0.142714433188668
0.000937487655463851 -0.0465891494272076 0.199506507296672 0.190522040388227
-0.00335706026338824 -0.0474061825680391 0.197519242468749 0.188016335500624
0.0189810888526446 -0.0650877341723436 0.244368417358059 0.202794487097425
0.0829166186403821 -0.0623542863521875 0.355223657341064 0.151993469173954
0.132491844436624 0.000841543681951959 0.203564742286734 0.13682781836615
0.0549319215463716 -0.0179992247988696 0.0775265543952777 -0.0872907263683782
0.0280569190038025 -0.00427282904947306 -0.14684725356876 -0.121304108766978
0.0407323192452844 -0.0221607501031833 -0.279228086611722 0.0113421822447824
0.00934781489211343 -0.0640593370997525 -0.225558744643843 0.171842432934689
-0.0295508950864632 -0.0690229259428675 -0.0899502949328622 0.238047878944075
-0.060138926626709 -0.061457812375063 0.0384321593872207 0.233734710835725
-0.0975624569577554 -0.0596202414443248 0.138077555242419 0.166979285040419
-0.103668337051238 -0.0667793980642834 0.180062112959064 0.106200796258565
-0.104582364315929 -0.097160649272232 0.20943170291195 0.0664932763379806
-0.0622453396530287 -0.148559720272715 0.226255807641249 0.0944379369810461
0.0324578217546671 -0.158437528065518 0.224246388478807 0.158156395768299
0.0981560262790566 -0.129570217151928 0.212393705802083 0.178855806321693
0.154786031819348 -0.08697900148539 0.214536967211371 0.191593098127385
0.217972091705523 -0.0298916830114077 0.293326347430536 0.136140423873139
0.215368968656276 0.0679070999389093 0.12589863403548 0.111299763573124
0.152301505735742 0.0228946167446769 0.0465173971172475 -0.108814654861271
0.128401257251323 -0.0040704633606255 -0.174714950091595 -0.140259018715631
0.106215700895481 -0.0671834003570359 -0.287543250973323 -0.00607874742772104
0.0388944837790755 -0.12887303853834 -0.232048208113846 0.142594219240399
-0.0336418846518569 -0.132281311236697 -0.107355517378983 0.208903201130865
-0.0866350490811722 -0.119172719194017 0.00461177679300643 0.203882078087712
-0.137627316714334 -0.116776469306584 0.0920715323643967 0.135633328790805
-0.146301550876759 -0.122852167243541 0.129699947131704 0.0697060539457422
-0.150171374196779 -0.155238680894694 0.169083249749869 0.0130249864005495
-0.0986524395817079 -0.223927120578096 0.208462934283041 0.0236207663613495
0.036105793070721 -0.248405579049104 0.247163614080336 0.10336541125187
0.165131514033911 -0.208147451008079 0.230737088621956 0.164080161844672
0.26056963712498 -0.113522129005546 0.175025695156707 0.188121281111581
0.32012133533487 -0.000352914457143681 0.194522533455511 0.113278855083197
0.27125622231605 0.121109210553686 0.0205768036705826 0.0602881291050873
0.240899409520372 0.0543673909509163 -0.00757608380100815 -0.14241920860818
0.227376257363481 -0.0167223543862981 -0.205065169714806 -0.162994770814396
0.164146797798342 -0.12257747823492 -0.28618679768613 -0.030327777805625
0.0580152798268847 -0.191415889353323 -0.229865847092651 0.0980550469570928
-0.0405688504460349 -0.183113205024366 -0.124062670961499 0.157767967567476
-0.106945974258101 -0.159578775969189 -0.0362256665013582 0.152792838738562
-0.157372645283215 -0.157244623203195 0.0325159497463386 0.0866731305072927
-0.163989305282588 -0.161369365734423 0.0640304328040598 0.019020441054792
-0.168356473247782 -0.188817156767668 0.114228411410206 -0.0474417975869662
-0.115252297521025 -0.261735402994333 0.175807786810571 -0.0495676562527167
0.0364914725006428 -0.294181687082121 0.25609711680761 0.0422097113831036
0.204729031784026 -0.251950574250384 0.237193683300434 0.148723720243962
0.324343665420581 -0.1199818756963 0.126566208992521 0.189269440283621
0.370905478126104 0.0327050623895913 0.0728193413861177 0.0854404919502657
0.287787774153479 0.148687365617138 -0.102831876665461 3.88854971359064E-05
0.292537381924634 0.0709827704030733 -0.084812836608876 -0.167830612300197
0.289160910809065 -0.0347096942952934 -0.227877638340712 -0.172164012499189
0.191113875220788 -0.166226342153491 -0.264824895695558 -0.062582028508282
0.0608930545481215 -0.229333635249737 -0.219698521867976 0.0318242055439896
-0.0468121652339717 -0.206566614327528 -0.144257182467437 0.0876046878242979
-0.113122387163273 -0.173935400558557 -0.0836935669457847 0.0873889076042862
-0.153583174456604 -0.174097653850967 -0.0318019152953614 0.0256017722492875
-0.150531848347639 -0.177876805001925 -0.00232378331717025 -0.0386489756056088
-0.148949984381082 -0.198733695628145 0.0613826811340557 -0.107945245869055
-0.0940453730999538 -0.260527898634378 0.142038434177249 -0.116050370482459
0.0550892389479939 -0.285587560925777 0.253929500243341 -0.0104753784293807
0.229850110238691 -0.232794079446383 0.229307240417117 0.136790851746385
0.341776321528858 -0.085678922546967 0.0712340186150835 0.18359309589908
0.361947565551984 0.0754838033619931 -0.0506185967424302 0.0471861086722144
0.25499437455019 0.146348312956667 -0.224139669132553 -0.054642413285547
0.284533637053766 0.0723221922080284 -0.16765433673702 -0.173735873451427
0.285362642417898 -0.0425818112712239 -0.2353201663753 -0.165245197581298
0.177556035000603 -0.17064764990015 -0.227328054983199 -0.0978490396638812
0.0522677447061114 -0.219821414345734 -0.207625126820736 -0.0422437057752248
-0.0424787092417258 -0.192384760327595 -0.170452461741702 0.00921310357976193
-0.09953247122468 -0.16110267500718 -0.13463708196912 0.017552550102839
-0.123230300451355 -0.168461378005983 -0.089567465353535 -0.0384312644528675
-0.110088316744501 -0.17157384739639 -0.0534122878012944 -0.0996059413660417
-0.0975839261250175 -0.183856435062647 0.029238534663959 -0.163887924893722
-0.039860713428013 -0.2242554711531 0.128918736333935 -0.165356133847169
0.089236863405986 -0.227469879245541 0.250314599957527 -0.0399069369524923
0.238090856090973 -0.1589749908913 0.205618210741549 0.128430290544283
0.311320975921509 -0.0147340821710652 0.0169371021461551 0.159723607768555
0.296451972503163 0.117660691267198 -0.150137490396701 -0.00652926685257559
0.173642488281612 0.123999300774743 -0.317877757675305 -0.0971906607398972
0.216552071072933 0.0665482576095601 -0.23106943873145 -0.165821978849229
0.219275193148666 -0.0336287018891992 -0.22642101316498 -0.156616404161669
0.127500269364658 -0.129161532928647 -0.189298993532705 -0.133285389858895
0.0386680809161687 -0.160536502072514 -0.199596054796694 -0.106716064957207
-0.0280151843270119 -0.139386815684493 -0.197870314593794 -0.054354445256777
-0.069596814832797 -0.119236521127116 -0.177462647444794 -0.040977621256277
-0.0767919491983808 -0.134884936790747 -0.132849952793257 -0.0949545194894182
-0.0587655790932704 -0.136798820809308 -0.0816031019169001 -0.154660703928951
-0.0391140966194064 -0.140399349544302 0.0235941966828269 -0.208814618278085
0.0101517427051061 -0.158310240513731 0.137769805893892 -0.195965939516755
0.101925801147014 -0.144284560414884 0.248971275955812 -0.0542521209387646
0.210036683063931 -0.0716151709550928 0.179863675823219 0.114330829217195
0.237604322924818 0.0504751128661489 -0.0196829818904845 0.116301648939791
0.192096041433898 0.136505447220428 -0.208479208002232 -0.0671946186480217
0.0595940127979443 0.0862546110955338 -0.3653553463088 -0.115817858392504
0.108781265417925 0.0573076531482844 -0.261886166380339 -0.149016401174304
0.11348089780694 -0.00743779891809107 -0.211998380476148 -0.151832080148103
0.0602958782538229 -0.0544921147664993 -0.172911856506797 -0.157144361358547
0.0264486465273314 -0.0659099138587688 -0.20473543060224 -0.138329767866257
0.00116461431551839 -0.0618478879761222 -0.219379997937057 -0.0885894042806556
-0.0219932132168808 -0.0606199745925217 -0.20552708579346 -0.078265819407505
-0.0193206974060069 -0.0809747936885893 -0.154482407321496 -0.134418819289552
-0.00662927185282877 -0.0802277690610183 -0.0844334721894213 -0.193732959697316
0.00682126326872336 -0.0779514292489936 0.0391656796520439 -0.236628535750981
0.0331088236026008 -0.0830412409176066 0.161972151698702 -0.203048437679435
0.0810165290568947 -0.0690403603941088 0.253381237421214 -0.0516800916737192
0.149078291460733 -0.00906426033540185 0.161451421563578 0.0997875303417354
0.13735527263189 0.0838048991903129 -0.0288238500670519 0.0715502037071666
0.0699372188535773 0.120870194141073 -0.221231104133388 -0.123101047937845
