TRXV5
3
4
4
9
string Extension=J
integer IsArchMeasurement=1
integer IsSpherical=1
string Generator=SPM
string GeneratorVersion=1.3.1 Dev
double ArchRadius=0.449999988079071
integer FrequencyAxisIndex=0
integer AzimuthAxisIndex=1
integer ElevationAxisIndex=2
Frequency
5 136 690000000 960000000 LIN
Azimuth
7 8 0 2.74889357189107 LIN
Elevation
7 15 -2.74889357189107 2.74889357189107 LIN
Polar H Real Part
13
Polar H Imaginary Part
14
Polar V Real Part
13
Polar V Imaginary Part
14
Polar H Magnitude (dB)
12 0xC0000002 0 1
Polar H Phase
7 0xC0000003 0 1
Polar V Magnitude (dB)
12 0xC0000002 2 3
Polar V Phase
7 0xC0000003 2 3
-0.00226902961730957 0.00201058387756348 -0.0124282836914062 -0.0554656982421875
-0.00286483764648438 -0.00316333770751953 -0.00388908386230469 -0.0237178802490234
-0.00789022445678711 0.00109052658081055 0.0114212036132813 0.00314140319824219
-0.00335693359375 0.00649738311767578 0.0329856872558594 0.00149154663085938
0.00193214416503906 0.00488138198852539 0.0390434265136719 -0.0101432800292969
0.00302672386169434 0.0016930103302002 0.0371971130371094 -0.0267677307128906
0.00364303588867188 -0.00281453132629395 0.0273551940917969 -0.0352516174316406
0.00225567817687988 -0.00174474716186523 0.0152931213378906 -0.0329227447509766
0.00251054763793945 -0.0023796558380127 0.00751686096191406 -0.0253486633300781
0.00492668151855469 -0.000283241271972656 0.00197696685791016 -0.0168867111206055
0.00446748733520508 0.00281953811645508 -0.0106067657470703 -0.0133275985717773
-0.00165176391601563 0.0050048828125 -0.0153636932373047 -0.0129156112670898
-0.00618648529052734 -0.000837326049804688 -0.0206680297851563 -0.0172443389892578
-0.000697135925292969 -0.00480794906616211 -0.02960205078125 -0.0214748382568359
-0.00100874900817871 -0.00215530395507813 -0.0266475677490234 -0.0179786682128906
0.00435447692871094 0.0200881958007812 -0.00849533081054688 -0.0506935119628906
0.00486278533935547 0.0128459930419922 0.00164985656738281 -0.0190181732177734
0.00173473358154297 0.0124568939208984 0.015355110168457 0.00367641448974609
0.00787067413330078 0.0143156051635742 0.0349998474121094 0.001739501953125
0.0137796401977539 0.00781059265136719 0.0387649536132813 -0.00940322875976563
0.0158014297485352 -0.00265884399414063 0.0367355346679688 -0.0259323120117188
0.0143146514892578 -0.0112371444702148 0.025054931640625 -0.0327644348144531
0.0120849609375 -0.0107021331787109 0.0117111206054687 -0.029144287109375
0.0125885009765625 -0.0122928619384766 0.00339889526367187 -0.0216426849365234
0.0169124603271484 -0.0100326538085937 -0.00214672088623047 -0.0154399871826172
0.0182533264160156 -0.00173187255859375 -0.0138874053955078 -0.0121183395385742
0.0143098831176758 0.00485038757324219 -0.0166244506835938 -0.0128116607666016
0.00778341293334961 0.00660276412963867 -0.0203056335449219 -0.0169429779052734
0.0107698440551758 0.00801658630371094 -0.0270538330078125 -0.0172615051269531
0.00902557373046875 0.0128116607666016 -0.0241870880126953 -0.0135726928710938
0.00890731811523437 0.0356216430664063 -0.0031280517578125 -0.0410995483398438
0.0125236511230469 0.0287857055664063 0.00687885284423828 -0.00972557067871094
0.0112075805664063 0.0237274169921875 0.0193672180175781 0.00594520568847656
0.0196132659912109 0.0215339660644531 0.0364913940429688 0.00208663940429688
0.0257282257080078 0.00949478149414062 0.03662109375 -0.00940704345703125
0.0280570983886719 -0.00683975219726563 0.0322704315185547 -0.0242595672607422
0.0226993560791016 -0.0186843872070313 0.0186901092529297 -0.0267009735107422
0.0195808410644531 -0.0174140930175781 0.00612449645996094 -0.0211830139160156
0.0203189849853516 -0.02105712890625 -0.00165176391601562 -0.0129098892211914
0.0261859893798828 -0.0184917449951172 -0.00766849517822266 -0.00900936126708985
0.0287628173828125 -0.00690650939941406 -0.0188026428222656 -0.00738334655761719
0.0273590087890625 0.00273895263671875 -0.0187511444091797 -0.0111274719238281
0.0211811065673828 0.0122489929199219 -0.0192127227783203 -0.0159759521484375
0.0216827392578125 0.0187149047851563 -0.0209007263183594 -0.011749267578125
0.0166835784912109 0.0257225036621094 -0.0176525115966797 -0.00394630432128906
0.0139884948730469 0.0462188720703125 0.00308418273925782 -0.0266571044921875
0.0204963684082031 0.0413360595703125 0.0125436782836914 0.0025472640991211
0.0226249694824219 0.0313091278076172 0.0227012634277344 0.00998878479003906
0.0308475494384766 0.0237884521484375 0.0349922180175781 0.00311279296875
0.0345706939697266 0.00779151916503906 0.0316982269287109 -0.00868988037109375
0.0349903106689453 -0.0115642547607422 0.0244598388671875 -0.0203704833984375
0.0270042419433594 -0.0238590240478516 0.0106201171875 -0.0171756744384766
0.0236186981201172 -0.0216865539550781 -0.000418663024902343 -0.010162353515625
0.0244312286376953 -0.0259933471679688 -0.00704002380371094 -0.00138044357299805
0.0306930541992188 -0.0237178802490234 -0.0135211944580078 -0.000286102294921875
0.0353126525878906 -0.0105819702148438 -0.0227890014648437 -0.00147628784179687
0.03564453125 0.00084686279296875 -0.0206222534179687 -0.00790977478027344
0.0305080413818359 0.0153923034667969 -0.0170364379882812 -0.0145769119262695
0.0292911529541016 0.0271053314208984 -0.0120296478271484 -0.0054178237915039
0.0222663879394531 0.0355224609375 -0.010096549987793 0.0083160400390625
0.0162429809570313 0.0493354797363281 0.0107135772705078 -0.0110387802124023
0.025970458984375 0.0462112426757813 0.0185718536376953 0.0134391784667969
0.03057861328125 0.0328922271728516 0.0245475769042969 0.0129642486572266
0.037841796875 0.0209503173828125 0.0316238403320313 0.00425910949707031
0.0385971069335938 0.00356674194335937 0.0242080688476563 -0.00580406188964844
0.0363273620605469 -0.0165023803710938 0.0143880844116211 -0.0136070251464844
0.0263614654541016 -0.0260868072509766 0.00152683258056641 -0.00569868087768555
0.0236778259277344 -0.0223369598388672 -0.00753927230834961 0.00266265869140625
0.0255565643310547 -0.0264987945556641 -0.0132246017456055 0.0106000900268555
0.0314464569091797 -0.0235137939453125 -0.0194549560546875 0.00948715209960938
0.0362167358398438 -0.0103530883789063 -0.0264186859130859 0.00542640686035157
0.0380897521972656 0.00104904174804688 -0.0219345092773437 -0.00476264953613282
0.0341262817382813 0.0185756683349609 -0.0141010284423828 -0.0126056671142578
0.0311317443847656 0.0324630737304688 -0.0020604133605957 0.00246310234069824
0.0223922729492187 0.0404739379882812 -0.00134849548339844 0.0224189758300781
0.0158729553222656 0.0453681945800781 0.0187740325927734 0.00319862365722657
0.0293464660644531 0.0430030822753906 0.0254669189453125 0.0215053558349609
0.0330638885498047 0.02777099609375 0.0250797271728516 0.0141201019287109
0.0379981994628906 0.0149269104003906 0.0251865386962891 0.00597000122070313
0.035858154296875 -0.00169754028320313 0.0157861709594727 -0.00148391723632813
0.031005859375 -0.018798828125 0.00468635559082031 -0.00492143630981445
0.0214347839355469 -0.0239906311035156 -0.00599908828735352 0.00684833526611328
0.0202598571777344 -0.0200424194335938 -0.0126886367797852 0.0152740478515625
0.0217800140380859 -0.0232372283935547 -0.0180072784423828 0.0212593078613281
0.0275421142578125 -0.0202655792236328 -0.0251178741455078 0.0168724060058594
0.0326004028320313 -0.00745582580566406 -0.0300464630126953 0.00971221923828125
0.0357933044433594 0.00284576416015625 -0.0233249664306641 -0.00189781188964844
0.0312652587890625 0.0202178955078125 -0.0111074447631836 -0.00966358184814453
0.0275783538818359 0.0333900451660156 0.00529766082763672 0.0108642578125
0.0174560546875 0.0402717590332031 0.0050048828125 0.0366935729980469
0.0120201110839844 0.0335521697998047 0.02490234375 0.0123348236083984
0.0262088775634766 0.0332317352294922 0.0298500061035156 0.0240726470947266
0.0289325714111328 0.0177040100097656 0.0240325927734375 0.0134506225585938
0.02996826171875 0.00629043579101563 0.0181350708007813 0.00751876831054688
0.0260295867919922 -0.00594520568847656 0.00817060470581055 0.00390720367431641
0.0198040008544922 -0.0176734924316406 -0.00236701965332031 0.00472784042358398
0.0127353668212891 -0.0175447463989258 -0.0111923217773437 0.0177116394042969
0.0129547119140625 -0.0141792297363281 -0.0168323516845703 0.0252113342285156
0.0147724151611328 -0.0168952941894531 -0.0233535766601563 0.0286598205566406
0.0198307037353516 -0.0141124725341797 -0.0313034057617188 0.0217552185058594
0.0249195098876953 -0.00409698486328125 -0.0337162017822266 0.0125408172607422
0.0272865295410156 0.00426483154296875 -0.0247955322265625 -0.000125885009765625
0.0238685607910156 0.0187530517578125 -0.00966262817382812 -0.00511837005615234
0.0194778442382813 0.0301799774169922 0.00984573364257813 0.0192909240722656
0.0102901458740234 0.0344829559326172 0.008056640625 0.0500068664550781
0.0050811767578125 0.0179901123046875 0.0290813446044922 0.0163822174072266
0.0173759460449219 0.0190467834472656 0.0320243835449219 0.0235824584960938
0.0184097290039063 0.00708389282226563 0.0221614837646484 0.0124778747558594
0.0165948867797852 -0.00102329254150391 0.0142927169799805 0.00941753387451172
0.0116796493530273 -0.00758934020996094 0.00536870956420899 0.00855541229248047
0.00600433349609375 -0.0118789672851563 -0.00496768951416016 0.0125064849853516
0.00255155563354492 -0.00804901123046875 -0.0118026733398437 0.02490234375
0.00340890884399414 -0.00559568405151367 -0.0174560546875 0.0313854217529297
0.00527620315551758 -0.00840044021606445 -0.0267448425292969 0.0326423645019531
0.00833368301391602 -0.00820827484130859 -0.0359077453613281 0.0235824584960938
0.0130767822265625 -0.00300884246826172 -0.0366020202636719 0.0131034851074219
0.0160989761352539 0.00166130065917969 -0.0267162322998047 0.000989913940429686
0.0150365829467773 0.0126914978027344 -0.0106258392333984 -0.00191783905029297
0.0113773345947266 0.0202560424804688 0.00875282287597656 0.0259742736816406
0.00124931335449219 0.022216796875 0.0078277587890625 0.0591545104980469
-0.0018620491027832 0.00275111198425293 -0.0156326293945313 -0.0548744201660156
-0.00267457962036133 -0.00274658203125 -0.00514793395996094 -0.0233612060546875
-0.00746536254882813 0.00134611129760742 0.0123748779296875 0.00233650207519531
-0.00274848937988281 0.00692033767700195 0.0334262847900391 -0.000341415405273437
0.00243282318115234 0.00422453880310059 0.0390167236328125 -0.0129356384277344
0.00334644317626953 0.00134611129760742 0.0361900329589844 -0.0294914245605469
0.00401139259338379 -0.00301289558410645 0.0252952575683594 -0.0383377075195313
0.00233983993530273 -0.00236678123474121 0.0130825042724609 -0.0344924926757813
0.00271821022033691 -0.00267767906188965 0.00590324401855469 -0.0261154174804688
0.00566387176513672 -0.00116300582885742 0.000329971313476562 -0.0180854797363281
0.00504302978515625 0.00291109085083008 -0.0118598937988281 -0.0131549835205078
-0.00115633010864258 0.00544357299804687 -0.0166730880737305 -0.0122051239013672
-0.00643157958984375 -0.000495910644531249 -0.0216464996337891 -0.0172138214111328
-0.00102806091308594 -0.00474309921264648 -0.0317020416259766 -0.0200901031494141
-0.00117385387420654 -0.00193130970001221 -0.0286216735839844 -0.0169086456298828
0.00588226318359375 0.0202713012695313 -0.0111236572265625 -0.050628662109375
0.00602245330810547 0.0129470825195313 0.000602722167968752 -0.0186386108398438
0.00285911560058594 0.0127172470092773 0.0166311264038086 0.00273323059082031
0.00932598114013672 0.0143632888793945 0.0354385375976563 -0.000957489013671874
0.0148630142211914 0.00659370422363281 0.0387496948242188 -0.0121192932128906
0.0165634155273438 -0.00394344329833984 0.0354766845703125 -0.028289794921875
0.0137319564819336 -0.0128450393676758 0.0231361389160156 -0.0347576141357422
0.0117559432983398 -0.0117206573486328 0.00938034057617188 -0.0299606323242188
0.0120153427124023 -0.0138177871704102 0.001800537109375 -0.0219001770019531
0.016901969909668 -0.0116472244262695 -0.00336360931396484 -0.0162439346313477
0.0187320709228516 -0.00297737121582031 -0.0150165557861328 -0.0119400024414062
0.0148496627807617 0.00395107269287109 -0.0179786682128906 -0.0117759704589844
0.00857782363891602 0.00669145584106445 -0.0216598510742188 -0.0167236328125
0.0114727020263672 0.00768470764160156 -0.0288333892822266 -0.0160732269287109
0.00975131988525391 0.0126199722290039 -0.0258140563964844 -0.011993408203125
0.011993408203125 0.0353622436523437 -0.0050048828125 -0.04083251953125
0.014556884765625 0.0287876129150391 0.00638580322265625 -0.00973224639892578
0.0135860443115234 0.0235042572021484 0.0207099914550781 0.00581169128417969
0.0214328765869141 0.0201644897460938 0.037200927734375 1.90734863281262E-05
0.0270175933837891 0.0076446533203125 0.0370445251464844 -0.0121841430664063
0.0278949737548828 -0.00901603698730469 0.0307998657226563 -0.0266628265380859
0.0217552185058594 -0.0207481384277344 0.0171966552734375 -0.0278301239013672
0.0188560485839844 -0.0192394256591797 0.00424957275390625 -0.0213108062744141
0.0191287994384766 -0.0232429504394531 -0.00300312042236328 -0.0127744674682617
0.025360107421875 -0.02105712890625 -0.00878524780273438 -0.00918197631835938
0.0293025970458984 -0.00922393798828125 -0.0197315216064453 -0.00676918029785157
0.0276851654052734 0.001068115234375 -0.0201263427734375 -0.0101776123046875
0.0219154357910156 0.0107631683349609 -0.0208549499511719 -0.0155086517333984
0.0234451293945313 0.0177478790283203 -0.0220069885253906 -0.0106086730957031
0.0189914703369141 0.0250453948974609 -0.0188789367675781 -0.00302314758300781
0.01715087890625 0.0458641052246094 0.0023956298828125 -0.0262660980224609
0.0235671997070313 0.0404586791992188 0.0129232406616211 0.00253009796142578
0.0254840850830078 0.0306205749511719 0.0237102508544922 0.00930404663085938
0.0328407287597656 0.0215950012207031 0.0361328125 0.00122833251953125
0.0355491638183594 0.00558090209960938 0.031982421875 -0.0105037689208984
0.0342140197753906 -0.0148525238037109 0.0227909088134766 -0.0217647552490234
0.02532958984375 -0.0260791778564453 0.00897598266601563 -0.0177841186523438
0.0226173400878906 -0.0237503051757813 -0.00173473358154297 -0.00946140289306641
0.0231494903564453 -0.0285263061523438 -0.00720453262329101 -0.0010976791381836
0.0296211242675781 -0.0264511108398437 -0.0139522552490234 8.01086425781238E-05
0.0353889465332031 -0.0131492614746094 -0.0237483978271484 0.000249862670898441
0.0361785888671875 -0.00173187255859375 -0.0214710235595703 -0.00664329528808594
0.0316200256347656 0.0142307281494141 -0.0190925598144531 -0.0139045715332031
0.031036376953125 0.0256443023681641 -0.0128688812255859 -0.00514793395996093
0.0246448516845703 0.0346317291259766 -0.0101251602172852 0.00898075103759766
0.0200347900390625 0.048736572265625 0.0101747512817383 -0.0112800598144531
0.0302085876464844 0.0449295043945312 0.0200271606445313 0.0131397247314453
0.0332393646240234 0.0315399169921875 0.0256271362304688 0.0122776031494141
0.0398368835449219 0.0187149047851562 0.0318775177001953 0.003326416015625
0.039337158203125 0.001220703125 0.0241680145263672 -0.00712013244628906
0.0352897644042969 -0.0188140869140625 0.0135717391967773 -0.0149965286254883
0.0247268676757813 -0.0276069641113281 0.000858783721923829 -0.00554609298706055
0.0223407745361328 -0.0244960784912109 -0.00748825073242187 0.0038609504699707
0.0236072540283203 -0.0290317535400391 -0.0127143859863281 0.0114212036132812
0.0299491882324219 -0.0264835357666016 -0.0193424224853516 0.0102634429931641
0.0363616943359375 -0.0127296447753906 -0.0271072387695312 0.00720024108886718
0.0389518737792969 -0.001495361328125 -0.0227432250976562 -0.00351524353027344
0.0356826782226563 0.0171890258789063 -0.0163030624389648 -0.0118484497070312
0.0340232849121094 0.0308856964111328 -0.00288558006286621 0.0024263858795166
0.0255012512207031 0.0397872924804688 -0.000564575195312497 0.0228443145751953
0.019500732421875 0.04486083984375 0.0189476013183594 0.00225067138671875
0.0321426391601563 0.0411453247070313 0.0270137786865234 0.0211696624755859
0.03546142578125 0.0263023376464844 0.0262184143066406 0.0134868621826172
0.0396537780761719 0.0120735168457031 0.0258388519287109 0.00513267517089844
0.0356521606445313 -0.00448226928710938 0.0154962539672852 -0.00181865692138672
0.0293369293212891 -0.020904541015625 0.00366687774658203 -0.0047454833984375
0.020477294921875 -0.0253734588623047 -0.0054936408996582 0.00716018676757812
0.0187606811523438 -0.0214290618896484 -0.012115478515625 0.0165939331054688
0.0205364227294922 -0.0247821807861328 -0.0171031951904297 0.0226058959960937
0.0263900756835937 -0.0219287872314453 -0.0250244140625 0.0187397003173828
0.0328407287597656 -0.0099945068359375 -0.0303726196289062 0.0124340057373047
0.0361480712890625 0.0004425048828125 -0.0241603851318359 -0.000785827636718755
0.0332107543945313 0.0181636810302734 -0.0129718780517578 -0.00873756408691406
0.0302047729492187 0.0323772430419922 0.00614261627197266 0.00985908508300781
0.0210075378417969 0.0396575927734375 0.00702285766601562 0.0370292663574219
0.0151596069335937 0.0336093902587891 0.0263156890869141 0.0114116668701172
0.0286865234375 0.0311508178710938 0.0321216583251953 0.0239429473876953
0.0304069519042969 0.0164337158203125 0.0252838134765625 0.0126667022705078
0.0311374664306641 0.00435066223144531 0.0190086364746094 0.00754547119140625
0.0257663726806641 -0.00757980346679688 0.00872373580932617 0.00371026992797852
0.0184211730957031 -0.0184917449951172 -0.00232505798339844 0.00522851943969726
0.0118598937988281 -0.018310546875 -0.00967788696289062 0.0189895629882813
0.0116739273071289 -0.0153026580810547 -0.0149860382080078 0.0266628265380859
0.0135250091552734 -0.0178966522216797 -0.0215167999267578 0.0306663513183594
0.0184078216552734 -0.0157089233398438 -0.0306243896484375 0.0241050720214844
0.0243854522705078 -0.00592422485351562 -0.0339889526367188 0.0150623321533203
0.0284366607666016 0.00223159790039063 -0.0253677368164062 0.00133895874023437
0.0249862670898438 0.0172901153564453 -0.0111675262451172 -0.00466060638427734
0.0220279693603516 0.028961181640625 0.0107669830322266 0.0184459686279297
0.0125617980957031 0.0340957641601563 0.0108489990234375 0.0501060485839844
0.00702571868896484 0.0171709060668945 0.0313262939453125 0.0148696899414063
0.018890380859375 0.0178909301757813 0.0346717834472656 0.0228233337402344
0.0185928344726563 0.00583648681640625 0.0230064392089844 0.0116519927978516
0.0168724060058594 -0.00212955474853516 0.0151805877685547 0.00954055786132813
0.011235237121582 -0.00844383239746094 0.00597286224365234 0.00847101211547852
0.00464725494384766 -0.0123128890991211 -0.00417995452880859 0.0124855041503906
0.00217342376708984 -0.00796747207641602 -0.00984573364257813 0.0262660980224609
0.00276803970336914 -0.00616931915283203 -0.0154876708984375 0.0331611633300781
0.0044255256652832 -0.00853872299194336 -0.0248222351074219 0.0352210998535156
0.00747489929199219 -0.0087275505065918 -0.0346431732177734 0.0264797210693359
0.0128440856933594 -0.00397491455078125 -0.03607177734375 0.0155372619628906
0.0164241790771484 0.000974655151367188 -0.0274276733398438 0.00285911560058593
0.0154323577880859 0.0117473602294922 -0.0114173889160156 -0.00123405456542969
0.0126056671142578 0.0197372436523438 0.0103111267089844 0.0255947113037109
0.00369834899902344 0.02197265625 0.0109329223632813 0.0588836669921875
-0.00124812126159668 0.00288796424865723 -0.0175399780273438 -0.0525856018066406
-0.00310707092285156 -0.00274133682250977 -0.00578117370605468 -0.0227165222167969
-0.00684118270874023 0.00201845169067383 0.0121650695800781 0.00154972076416016
-0.00205564498901367 0.00640630722045898 0.0331020355224609 -0.00250625610351562
0.00274562835693359 0.00363540649414063 0.0380363464355469 -0.0149803161621094
0.00412249565124512 6.53266906738281E-05 0.0344772338867188 -0.0309238433837891
0.00408124923706055 -0.00363850593566895 0.0223770141601563 -0.0386466979980469
0.00338244438171387 -0.0026094913482666 0.0101509094238281 -0.0342121124267578
0.00266170501708984 -0.00245189666748047 0.00374412536621094 -0.0260467529296875
0.00562000274658203 -0.00121068954467773 -0.000553131103515624 -0.0179290771484375
0.00530433654785156 0.00273895263671875 -0.0119390487670898 -0.0124425888061523
-0.000511646270751954 0.00573205947875977 -0.0166559219360352 -0.0112791061401367
-0.0062713623046875 0.000458240509033204 -0.02203369140625 -0.015838623046875
-0.00147247314453125 -0.00474214553833008 -0.0320491790771484 -0.0181999206542969
-0.00172257423400879 -0.00130009651184082 -0.0295124053955078 -0.0154743194580078
0.00760269165039063 0.0194988250732422 -0.0130500793457031 -0.0481948852539063
0.00665092468261719 0.0124969482421875 -0.000144958496093751 -0.0180873870849609
0.00347423553466797 0.0124931335449219 0.0165977478027344 0.00173473358154297
0.00992298126220703 0.0133047103881836 0.0350761413574219 -0.00253105163574219
0.0150051116943359 0.00540637969970703 0.0374908447265625 -0.0142059326171875
0.0160074234008789 -0.00513935089111328 0.0332145690917969 -0.0302619934082031
0.0132541656494141 -0.0139360427856445 0.0196380615234375 -0.0352592468261719
0.0111141204833984 -0.0125246047973633 0.00721931457519531 -0.0297031402587891
0.0113143920898438 -0.0145149230957031 9.53674316406135E-06 -0.0215778350830078
0.0164756774902344 -0.0126314163208008 -0.00432014465332031 -0.0159502029418945
0.0184860229492188 -0.00399589538574219 -0.0156450271606445 -0.0106697082519531
0.0152072906494141 0.00333118438720703 -0.0183200836181641 -0.0109748840332031
0.00844430923461914 0.0064244270324707 -0.0223865509033203 -0.0152225494384766
0.0113649368286133 0.00716114044189453 -0.0294761657714844 -0.0146465301513672
0.0108861923217773 0.0124664306640625 -0.0264244079589844 -0.0104255676269531
0.0143451690673828 0.0340728759765625 -0.00638961791992187 -0.0389785766601563
0.0157508850097656 0.0274829864501953 0.00605678558349609 -0.00892066955566406
0.0146446228027344 0.0224056243896484 0.0205039978027344 0.00467109680175781
0.0229873657226563 0.0185279846191406 0.0363388061523438 -0.00140762329101562
0.0263214111328125 0.00585365295410156 0.0355339050292969 -0.0137214660644531
0.0263309478759766 -0.010772705078125 0.0288047790527344 -0.0276031494140625
0.0199241638183594 -0.0217227935791016 0.0145111083984375 -0.0281982421875
0.0177764892578125 -0.0203399658203125 0.00262069702148438 -0.020355224609375
0.0179023742675781 -0.0240745544433594 -0.00324249267578125 -0.0118131637573242
0.0239696502685547 -0.0220928192138672 -0.00906848907470703 -0.00892257690429688
0.0281352996826172 -0.0106868743896484 -0.0199546813964844 -0.0052337646484375
0.0275402069091797 -0.000171661376953125 -0.0202198028564453 -0.00905799865722656
0.0217266082763672 0.00999832153320313 -0.0217971801757812 -0.0141010284423828
0.0232200622558594 0.0166149139404297 -0.0226707458496094 -0.0100975036621094
0.0202827453613281 0.0235576629638672 -0.0190868377685547 -0.00226211547851562
0.0202445983886719 0.0440406799316406 0.00137519836425782 -0.0251922607421875
0.0252494812011719 0.0383567810058594 0.0130224227905273 0.00190830230712891
0.0260772705078125 0.0285739898681641 0.0237293243408203 0.00846481323242188
0.0345134735107422 0.0196609497070313 0.0349025726318359 -4.76837158203113E-05
0.0351104736328125 0.00324058532714844 0.0301628112792969 -0.0116653442382813
0.0326271057128906 -0.0160865783691406 0.0208816528320313 -0.0225925445556641
0.0230331420898438 -0.0268115997314453 0.00748825073242188 -0.0176658630371094
0.0212173461914063 -0.0248470306396484 -0.00226306915283203 -0.0082707405090332
0.0209312438964844 -0.0292930603027344 -0.00802850723266601 3.67164611816388E-05
0.0273151397705078 -0.0276813507080078 -0.0143318176269531 0.000703811645507808
0.0338459014892578 -0.0149135589599609 -0.022979736328125 0.00124168395996093
0.0359840393066406 -0.003570556640625 -0.0217857360839844 -0.00573921203613281
0.0316200256347656 0.0121746063232422 -0.0198173522949219 -0.0128688812255859
0.0317020416259766 0.0238456726074219 -0.0135097503662109 -0.00432682037353515
0.0263843536376953 0.0324249267578125 -0.0098428726196289 0.00899887084960938
0.0232429504394531 0.0471839904785156 0.0105409622192383 -0.0112972259521484
0.0320510864257813 0.0423164367675781 0.0205821990966797 0.0128612518310547
0.0340747833251953 0.0290756225585938 0.0259227752685547 0.0115585327148438
0.0403861999511719 0.0162544250488281 0.0310878753662109 0.00235748291015625
0.03863525390625 -0.000946044921875 0.0233497619628906 -0.00805473327636719
0.0335807800292969 -0.0204334259033203 0.0118503570556641 -0.0148181915283203
0.0224018096923828 -0.028167724609375 0.000681400299072268 -0.00530147552490235
0.0207958221435547 -0.0252132415771484 -0.00719928741455078 0.00498771667480468
0.0212497711181641 -0.0298595428466797 -0.0120134353637695 0.01263427734375
0.0274791717529297 -0.0277481079101563 -0.0191459655761719 0.0108852386474609
0.0345745086669922 -0.0152091979980469 -0.0263519287109375 0.00894927978515624
0.0385475158691406 -0.00382232666015625 -0.023223876953125 -0.0021820068359375
0.0351905822753906 0.0145835876464844 -0.0168638229370117 -0.0103940963745117
0.0344104766845703 0.0288238525390625 -0.00331687927246094 0.00174832344055176
0.0277137756347656 0.0380516052246094 0.000318527221679689 0.0219535827636719
0.0218086242675781 0.0415306091308594 0.0194263458251953 0.00116539001464844
0.0334625244140625 0.0380973815917969 0.027923583984375 0.019805908203125
0.0354881286621094 0.0234794616699219 0.0262260437011719 0.0122776031494141
0.0395736694335938 0.00974655151367188 0.02557373046875 0.00414657592773438
0.0341320037841797 -0.00602531433105469 0.0148477554321289 -0.00247764587402344
0.0268440246582031 -0.0220947265625 0.00365543365478516 -0.00446319580078125
0.0171298980712891 -0.0253143310546875 -0.00509500503540039 0.00816726684570312
0.0175151824951172 -0.0220127105712891 -0.0108880996704102 0.0175085067749023
0.0186080932617188 -0.025482177734375 -0.0157489776611328 0.0233421325683594
0.0241127014160156 -0.0231304168701172 -0.0237865447998047 0.0196113586425781
0.0315303802490234 -0.0121135711669922 -0.0293254852294922 0.0143222808837891
0.0358505249023438 -0.0018310546875 -0.0236186981201172 0.000970840454101567
0.0333175659179688 0.0163192749023437 -0.0136947631835937 -0.00771808624267578
0.0310497283935547 0.0300731658935547 0.00596809387207031 0.00922584533691406
0.0230560302734375 0.03814697265625 0.00807952880859375 0.0360145568847656
0.0168533325195313 0.0307445526123047 0.0271797180175781 0.0102672576904297
0.0301475524902344 0.0287723541259766 0.0329456329345703 0.0219020843505859
0.0301856994628906 0.0144462585449219 0.0251750946044922 0.0126438140869141
0.03070068359375 0.00243949890136719 0.0193843841552734 0.0065765380859375
0.0245952606201172 -0.00924873352050781 0.00885295867919922 0.00348472595214844
0.0162601470947266 -0.0191364288330078 -0.00222253799438476 0.00551223754882812
0.00996780395507813 -0.0183448791503906 -0.00789642333984375 0.0190372467041016
0.0105953216552734 -0.0148248672485352 -0.0128097534179687 0.0272922515869141
0.0121574401855469 -0.0180015563964844 -0.0192413330078125 0.0318279266357422
0.0171337127685547 -0.0163974761962891 -0.0283679962158203 0.0256710052490234
0.0240287780761719 -0.00746917724609375 -0.0322818756103516 0.0168552398681641
0.0273799896240234 0.000408172607421875 -0.0252513885498047 0.00281906127929688
0.0258350372314453 0.0153827667236328 -0.0112972259521484 -0.00405216217041015
0.0227241516113281 0.0272579193115234 0.0112743377685547 0.0175857543945313
0.0148239135742188 0.0322170257568359 0.0131034851074219 0.0483322143554688
0.00776386260986328 0.0162668228149414 0.0319728851318359 0.0133991241455078
0.0195751190185547 0.0156383514404297 0.0351123809814453 0.0207233428955078
0.0189323425292969 0.00425148010253906 0.0237922668457031 0.010711669921875
0.015869140625 -0.00340843200683594 0.015202522277832 0.00922107696533203
0.0101041793823242 -0.00890350341796875 0.00592374801635742 0.00858831405639648
0.00336170196533203 -0.0115461349487305 -0.00357913970947266 0.0134496688842773
0.00121736526489258 -0.0073399543762207 -0.00828933715820313 0.0263080596923828
0.002716064453125 -0.00586652755737305 -0.0136432647705078 0.0332355499267578
0.00363779067993164 -0.00795984268188477 -0.02215576171875 0.0356369018554688
0.00653076171875 -0.00878620147705078 -0.0330543518066406 0.0279960632324219
0.0121135711669922 -0.00476837158203125 -0.0352630615234375 0.0175285339355469
0.0161161422729492 -0.000685691833496094 -0.0265464782714844 0.00447654724121093
0.0160951614379883 0.0103855133056641 -0.0112895965576172 -1.71661376953117E-05
0.0134925842285156 0.0179119110107422 0.0113964080810547 0.023895263671875
0.00472068786621094 0.0212650299072266 0.0138397216796875 0.0570297241210938
-0.00120449066162109 0.0030672550201416 -0.017425537109375 -0.0503082275390625
-0.00297427177429199 -0.00240945816040039 -0.00605583190917968 -0.0210952758789063
-0.00625896453857422 0.00226402282714844 0.0123586654663086 0.00146198272705078
-0.00105524063110352 0.00635004043579101 0.0323143005371094 -0.00334930419921875
0.0030510425567627 0.00367426872253418 0.03594970703125 -0.0151519775390625
0.00399661064147949 -5.91278076171875E-05 0.0325870513916016 -0.0308589935302734
0.00430464744567871 -0.00433754920959473 0.0204353332519531 -0.0381431579589844
0.00301647186279297 -0.00267720222473144 0.008758544921875 -0.0327892303466797
0.00325584411621094 -0.00280261039733887 0.00292587280273437 -0.0253448486328125
0.00585031509399414 -0.00182294845581055 -0.000957489013671874 -0.0181140899658203
0.00561761856079102 0.00215721130371094 -0.0119991302490234 -0.0119333267211914
0.000198841094970703 0.00594282150268555 -0.0165624618530273 -0.0108194351196289
-0.00562667846679688 0.000998497009277344 -0.0214004516601563 -0.0157318115234375
-0.00199651718139649 -0.00389766693115234 -0.03204345703125 -0.0171337127685547
-0.00138425827026367 -0.00102150440216064 -0.0292472839355469 -0.0140972137451172
0.00769996643066407 0.0193538665771484 -0.0127754211425781 -0.0461921691894531
0.00718021392822266 0.011775016784668 -0.000447273254394529 -0.0168638229370117
0.00393009185791016 0.0116653442382813 0.0159988403320313 0.00199222564697266
0.0109491348266602 0.01220703125 0.0337104797363281 -0.00296211242675781
0.0145587921142578 0.00454807281494141 0.0358543395996094 -0.0148200988769531
0.0153493881225586 -0.00591850280761719 0.0311660766601563 -0.0300121307373047
0.0122976303100586 -0.0140695571899414 0.0181407928466797 -0.0340118408203125
0.0108737945556641 -0.0126314163208008 0.00583267211914062 -0.0283546447753906
0.011052131652832 -0.0145463943481445 -0.00060272216796875 -0.0206661224365234
0.0156173706054688 -0.0122785568237305 -0.00503444671630859 -0.0152950286865234
0.0182018280029297 -0.00436782836914063 -0.0156421661376953 -0.00985908508300782
0.0152511596679688 0.00304985046386719 -0.0179653167724609 -0.0103569030761719
0.00830268859863281 0.00652647018432617 -0.0221080780029297 -0.0146598815917969
0.0105762481689453 0.00699901580810547 -0.0293197631835938 -0.0140419006347656
0.0105762481689453 0.0120086669921875 -0.0264167785644531 -0.00961685180664062
0.0150852203369141 0.0336227416992188 -0.00613784790039062 -0.0370292663574219
0.0157966613769531 0.0259761810302734 0.00584650039672852 -0.00839424133300781
0.0149383544921875 0.0212879180908203 0.0197372436523437 0.00472831726074219
0.0232410430908203 0.0170307159423828 0.0351352691650391 -0.00206184387207031
0.0260887145996094 0.00457954406738281 0.0340671539306641 -0.0137844085693359
0.0256195068359375 -0.0111083984375 0.0267257690429688 -0.0275287628173828
0.0189247131347656 -0.0216827392578125 0.0135726928710938 -0.0270214080810547
0.0165805816650391 -0.0201492309570313 0.00156784057617188 -0.0194015502929688
0.0166149139404297 -0.0240306854248047 -0.00426959991455078 -0.0113563537597656
0.0226516723632812 -0.0220432281494141 -0.00995159149169922 -0.00824069976806641
0.0274581909179688 -0.0109004974365234 -0.0196533203125 -0.00504112243652343
0.0273075103759766 -0.00103950500488281 -0.0201148986816406 -0.00847625732421875
0.0212612152099609 0.00958061218261719 -0.0216541290283203 -0.0134754180908203
0.022430419921875 0.0159206390380859 -0.0231475830078125 -0.00894737243652344
0.0198307037353516 0.0226211547851563 -0.0190906524658203 -0.00146484375
0.0209999084472656 0.042205810546875 0.00141716003417969 -0.0239429473876953
0.0253753662109375 0.0357475280761719 0.0131816864013672 0.00284099578857422
0.025604248046875 0.0270195007324219 0.0232181549072266 0.00830841064453125
0.0339622497558594 0.0177402496337891 0.0347442626953125 0.000211715698242189
0.0343246459960938 0.00221443176269531 0.0289154052734375 -0.0114841461181641
0.0309810638427734 -0.0163040161132813 0.0195541381835938 -0.0219669342041016
0.0215969085693359 -0.0267753601074219 0.0068655014038086 -0.0167827606201172
0.0197868347167969 -0.024627685546875 -0.00258874893188476 -0.00739097595214844
0.0196342468261719 -0.0290241241455078 -0.00788259506225586 0.000624656677246093
0.0259799957275391 -0.0277328491210938 -0.0141992568969727 0.00115871429443359
0.0326023101806641 -0.0153541564941406 -0.0228672027587891 0.00202751159667968
0.0348300933837891 -0.00439834594726563 -0.0214519500732422 -0.00503158569335938
0.031036376953125 0.0114688873291016 -0.0201263427734375 -0.01141357421875
0.0310955047607422 0.0227699279785156 -0.0137491226196289 -0.00372886657714843
0.0268516540527344 0.0307083129882812 -0.00945854187011718 0.00942516326904297
0.0239410400390625 0.0447807312011719 0.0106325149536133 -0.0105867385864258
0.0317802429199219 0.039886474609375 0.020416259765625 0.0122814178466797
0.0337104797363281 0.0273647308349609 0.0252742767333984 0.0112037658691406
0.0396194458007813 0.0146141052246094 0.0304832458496094 0.00235557556152344
0.0372390747070313 -0.00228500366210938 0.0224151611328125 -0.00789642333984375
0.0311717987060547 -0.0202445983886719 0.0108137130737305 -0.0143251419067383
0.0210094451904297 -0.0279941558837891 0.000406503677368165 -0.00421524047851563
0.0196781158447266 -0.0252094268798828 -0.00680351257324219 0.00548696517944336
0.0196037292480469 -0.0293502807617188 -0.0108852386474609 0.0128002166748047
0.0254364013671875 -0.0277557373046875 -0.0186195373535156 0.0107269287109375
0.0334682464599609 -0.0157184600830078 -0.0257358551025391 0.00879859924316406
0.0370521545410156 -0.00497817993164063 -0.0223159790039062 -0.00173187255859375
0.0343647003173828 0.0135078430175781 -0.0170869827270508 -0.00919055938720703
0.0341415405273438 0.0271320343017578 -0.00351071357727051 0.00220227241516113
0.0279426574707031 0.0353965759277344 -0.000314712524414061 0.0216865539550781
0.0226974487304688 0.0397758483886719 0.0190868377685547 0.00165557861328125
0.0336456298828125 0.0359077453613281 0.0277919769287109 0.0185947418212891
0.0353240966796875 0.0224647521972656 0.0258655548095703 0.0123844146728516
0.0386619567871094 0.0084381103515625 0.0249710083007813 0.00443267822265625
0.0334072113037109 -0.00693321228027344 0.0139474868774414 -0.00266742706298828
0.0256862640380859 -0.0212612152099609 0.00310301780700684 -0.00396037101745606
0.0164394378662109 -0.024322509765625 -0.00462007522583008 0.00789070129394531
0.015869140625 -0.0214252471923828 -0.00965118408203125 0.0177192687988281
0.0169048309326172 -0.0248775482177734 -0.0146923065185547 0.0236930847167969
0.0222282409667969 -0.0229434967041016 -0.022979736328125 0.0196380615234375
0.0303192138671875 -0.0121307373046875 -0.0284576416015625 0.0142688751220703
0.0340843200683594 -0.00275230407714844 -0.0230693817138672 0.00165176391601563
0.0325336456298828 0.0149745941162109 -0.0137033462524414 -0.00675392150878906
0.0309715270996094 0.0281524658203125 0.00531196594238281 0.00883865356445313
0.0235633850097656 0.0357742309570313 0.00870323181152344 0.034393310546875
0.0169887542724609 0.0290641784667969 0.0266838073730469 0.00970649719238281
0.0292434692382813 0.0267829895019531 0.0329303741455078 0.0205974578857422
0.0298213958740234 0.0134696960449219 0.0246410369873047 0.0119915008544922
0.0295314788818359 0.00121879577636719 0.0192928314208984 0.00724983215332031
0.0229263305664063 -0.00948524475097656 0.00805473327636719 0.00351953506469727
0.0150165557861328 -0.0184478759765625 -0.00199174880981445 0.00581026077270508
0.00911903381347656 -0.0176277160644531 -0.00692176818847656 0.0185985565185547
0.010411262512207 -0.014470100402832 -0.0113506317138672 0.0271644592285156
0.0113887786865234 -0.0171880722045898 -0.0171909332275391 0.0315227508544922
0.0157957077026367 -0.0155820846557617 -0.0274715423583984 0.0251655578613281
0.022369384765625 -0.00804901123046875 -0.0312042236328125 0.0172309875488281
0.0262699127197266 -0.000494003295898438 -0.0240688323974609 0.0033111572265625
0.0242652893066406 0.0146160125732422 -0.0115976333618164 -0.00320053100585938
0.0232830047607422 0.0253868103027344 0.0106334686279297 0.0161838531494141
0.0152416229248047 0.0309104919433594 0.013031005859375 0.0460357666015625
0.00850677490234375 0.0146646499633789 0.0316085815429688 0.012664794921875
0.0192813873291016 0.0138931274414063 0.0350685119628906 0.0194892883300781
0.0180740356445313 0.00335693359375 0.0230808258056641 0.0106983184814453
0.0153465270996094 -0.00406742095947266 0.0150518417358398 0.00943946838378906
0.009429931640625 -0.00865364074707031 0.006256103515625 0.00841522216796875
0.00272178649902344 -0.011073112487793 -0.0030527114868164 0.0131330490112305
0.000713348388671876 -0.00701904296875 -0.00673103332519531 0.0255928039550781
0.00216007232666016 -0.00519609451293945 -0.01123046875 0.0328311920166016
0.00354528427124023 -0.00761175155639648 -0.0199394226074219 0.0355072021484375
0.00598526000976563 -0.0082859992980957 -0.0311775207519531 0.0276241302490234
0.0118522644042969 -0.00487327575683594 -0.0336551666259766 0.0177192687988281
0.0150966644287109 -0.000891685485839844 -0.0257301330566406 0.0048828125
0.015324592590332 0.00943183898925781 -0.011540412902832 -0.000595092773437499
0.0133705139160156 0.0169210433959961 0.0109214782714844 0.0223636627197266
0.00562095642089843 0.0199108123779297 0.0134963989257812 0.0545768737792969
-0.000909328460693359 0.00295758247375488 -0.015167236328125 -0.0490684509277344
-0.0023655891418457 -0.00278234481811523 -0.00534820556640625 -0.0206680297851563
-0.0063624382019043 0.00225067138671875 0.0117282867431641 0.00158882141113281
-0.00100946426391601 0.00602912902832031 0.0312824249267578 -0.00288200378417969
0.00352334976196289 0.00344944000244141 0.0356674194335938 -0.0149650573730469
0.00418758392333984 0.000173568725585938 0.0320587158203125 -0.0300254821777344
0.00409460067749023 -0.00453424453735352 0.0199966430664062 -0.0366058349609375
0.00349950790405273 -0.00307297706604004 0.00870132446289062 -0.031463623046875
0.00416469573974609 -0.00314068794250488 0.00262451171875 -0.0246238708496094
0.00616455078125 -0.00184917449951172 -0.00135231018066406 -0.0175266265869141
0.00629425048828125 0.00216007232666016 -0.0115480422973633 -0.011561393737793
0.000691890716552734 0.00576019287109375 -0.0159387588500977 -0.0114688873291016
-0.0053868293762207 0.00119972229003906 -0.0206432342529297 -0.016357421875
-0.00240778923034668 -0.00406002998352051 -0.0314483642578125 -0.0174961090087891
-0.00139069557189941 -0.000684976577758789 -0.0286026000976563 -0.0146694183349609
0.00777816772460937 0.0194873809814453 -0.0107955932617188 -0.0449066162109375
0.00681877136230469 0.0117082595825195 -0.00019073486328125 -0.0161294937133789
0.00398826599121094 0.0116844177246094 0.0154504776000977 0.00242424011230469
0.0108222961425781 0.0120792388916016 0.0329952239990234 -0.00268363952636719
0.0145788192749023 0.00492668151855469 0.0351791381835938 -0.0139007568359375
0.0154132843017578 -0.00576114654541016 0.0307483673095703 -0.0292091369628906
0.0121650695800781 -0.0139312744140625 0.0177059173583984 -0.0335597991943359
0.0114765167236328 -0.0128393173217773 0.00533485412597656 -0.0268478393554688
0.011138916015625 -0.0143184661865234 -0.000955581665039063 -0.020263671875
0.0158052444458008 -0.0126705169677734 -0.00572299957275391 -0.01507568359375
0.0182914733886719 -0.00445938110351563 -0.0151758193969727 -0.00983142852783203
0.0151033401489258 0.00297927856445313 -0.0171451568603516 -0.010523796081543
0.00806045532226563 0.00685739517211914 -0.0216388702392578 -0.0153160095214844
0.0101251602172852 0.00739002227783203 -0.0285987854003906 -0.0139198303222656
0.010340690612793 0.0116891860961914 -0.0261211395263672 -0.00980567932128907
0.0147132873535156 0.0319976806640625 -0.00487899780273437 -0.0356521606445313
0.0154476165771484 0.0259857177734375 0.00622701644897461 -0.00786256790161133
0.0142173767089844 0.0217247009277344 0.0194854736328125 0.00568008422851563
0.0228137969970703 0.0168247222900391 0.0343284606933594 -0.00124168395996094
0.0251064300537109 0.00514030456542969 0.0336418151855469 -0.0127773284912109
0.0246448516845703 -0.0103511810302734 0.02667236328125 -0.0261669158935547
0.0182838439941406 -0.0209674835205078 0.0129108428955078 -0.0258636474609375
0.016632080078125 -0.0196552276611328 0.00145912170410156 -0.0182075500488281
0.016693115234375 -0.0225391387939453 -0.00465679168701172 -0.0110273361206055
0.0221691131591797 -0.0217170715332031 -0.00992584228515625 -0.00841903686523438
0.0272388458251953 -0.010528564453125 -0.0193290710449219 -0.00479888916015625
0.0266189575195313 -0.0005645751953125 -0.0202369689941406 -0.00855255126953125
0.0213165283203125 0.0100021362304688 -0.0213127136230469 -0.0136756896972656
0.0216159820556641 0.0162734985351563 -0.022003173828125 -0.00917243957519532
0.0196781158447266 0.0221996307373047 -0.0192623138427734 -0.00200271606445312
0.0198478698730469 0.0416603088378906 0.00189399719238281 -0.0234050750732422
0.024261474609375 0.0347671508789063 0.0128555297851563 0.00278949737548828
0.0251808166503906 0.0268669128417969 0.0231208801269531 0.00899696350097656
0.0329666137695313 0.0179481506347656 0.0336704254150391 0.000967025756835938
0.0337905883789063 0.00302314758300781 0.0286159515380859 -0.0110759735107422
0.0305252075195312 -0.0155563354492187 0.0193119049072266 -0.0213050842285156
0.0212364196777344 -0.0254707336425781 0.00694370269775391 -0.0162115097045898
0.019927978515625 -0.0244960784912109 -0.00261068344116211 -0.00629329681396484
0.0191192626953125 -0.0285835266113281 -0.00797939300537109 0.00104045867919922
0.0255413055419922 -0.0268402099609375 -0.0150270462036133 0.000806808471679685
0.0325164794921875 -0.0153827667236328 -0.0225715637207031 0.00180816650390625
0.0341243743896484 -0.00399017333984375 -0.0216579437255859 -0.00502395629882812
0.02996826171875 0.0116138458251953 -0.0202083587646484 -0.0111923217773437
0.0302047729492187 0.0230827331542969 -0.0137729644775391 -0.00406742095947265
0.0258464813232422 0.0307426452636719 -0.00984573364257813 0.00894832611083984
0.0236320495605469 0.0443382263183594 0.0110597610473633 -0.00949668884277343
0.0308799743652344 0.0386314392089844 0.0199451446533203 0.0124168395996094
0.0325489044189453 0.0276355743408203 0.0242443084716797 0.0116424560546875
0.0389938354492188 0.0148162841796875 0.02978515625 0.00294685363769531
0.0364532470703125 -0.00089263916015625 0.0213680267333984 -0.00734901428222656
0.0301628112792969 -0.0188446044921875 0.00998210906982422 -0.0135307312011719
0.0208396911621094 -0.0261936187744141 0.000682353973388673 -0.00386738777160645
0.0192775726318359 -0.0244522094726563 -0.00645780563354492 0.00616788864135742
0.0188369750976563 -0.0282688140869141 -0.0106954574584961 0.0131330490112305
0.0257186889648438 -0.0273876190185547 -0.0187740325927734 0.0113086700439453
0.0334625244140625 -0.0151481628417969 -0.0258369445800781 0.00862884521484376
0.0366096496582031 -0.00510787963867188 -0.0222740173339844 -0.00172042846679688
0.0334186553955078 0.0137577056884766 -0.0171957015991211 -0.00895404815673828
0.0330142974853516 0.027008056640625 -0.00411677360534668 0.00193452835083008
0.02740478515625 0.0351676940917969 -0.000669479370117187 0.0217266082763672
0.0222969055175781 0.0392951965332031 0.0196170806884766 0.00214004516601563
0.0322628021240234 0.0348396301269531 0.0272445678710938 0.0192356109619141
0.0337619781494141 0.0217933654785156 0.0255775451660156 0.013214111328125
0.0378684997558594 0.00866317749023438 0.0245037078857422 0.00528144836425781
0.0328159332275391 -0.0064849853515625 0.0138025283813477 -0.00135326385498047
0.0243511199951172 -0.0202178955078125 0.00255513191223145 -0.00374054908752442
0.0161628723144531 -0.0237026214599609 -0.00435876846313476 0.00799131393432617
0.0161056518554688 -0.0211887359619141 -0.0095672607421875 0.0182113647460938
0.0167407989501953 -0.0243129730224609 -0.0140399932861328 0.0234909057617188
0.0219154357910156 -0.0224590301513672 -0.0229701995849609 0.0193290710449219
0.0297107696533203 -0.0118541717529297 -0.0278587341308594 0.0141181945800781
0.0338764190673828 -0.00257682800292969 -0.0231971740722656 0.00120162963867187
0.0316352844238281 0.0148735046386719 -0.0131254196166992 -0.00669384002685547
0.0297870635986328 0.0281944274902344 0.00487852096557617 0.00866508483886719
0.0232734680175781 0.0350227355957031 0.00682640075683594 0.0336437225341797
0.0168743133544922 0.0283565521240234 0.0264301300048828 0.00987052917480469
0.02825927734375 0.0255336761474609 0.0322551727294922 0.0211887359619141
0.0287342071533203 0.0133991241455078 0.0246353149414063 0.0127296447753906
0.0292720794677734 0.00143241882324219 0.0184268951416016 0.00798606872558594
0.0228424072265625 -0.00859451293945313 0.00822544097900391 0.00437641143798828
0.0146512985229492 -0.0175409317016602 -0.002288818359375 0.00621271133422851
0.00895309448242187 -0.0164260864257813 -0.00669097900390625 0.0186843872070312
0.00995635986328125 -0.0144052505493164 -0.0104637145996094 0.0268154144287109
0.0111894607543945 -0.0159139633178711 -0.0170612335205078 0.0310459136962891
0.0145654678344727 -0.0151405334472656 -0.0275516510009766 0.0247306823730469
0.0217990875244141 -0.00799560546875 -0.031524658203125 0.0170917510986328
0.0257987976074219 -0.000757217407226563 -0.0244388580322266 0.00322151184082031
0.0232372283935547 0.0145225524902344 -0.0116147994995117 -0.00321769714355468
0.0225944519042969 0.0252838134765625 0.00997829437255859 0.0162420272827148
0.0145549774169922 0.0300827026367188 0.0115394592285156 0.0452041625976563
0.00794792175292969 0.0143880844116211 0.0309047698974609 0.0131492614746094
0.0186424255371094 0.0137233734130859 0.0340175628662109 0.0199413299560547
0.0181369781494141 0.00383567810058594 0.0223789215087891 0.0114345550537109
0.0149526596069336 -0.00397109985351563 0.0147628784179688 0.010040283203125
0.00958728790283203 -0.0081787109375 0.00665187835693359 0.00889396667480469
0.00238609313964844 -0.00995635986328125 -0.002716064453125 0.0133247375488281
0.000774860382080078 -0.00615835189819336 -0.0068817138671875 0.0249958038330078
0.00270891189575195 -0.00475215911865234 -0.0116043090820312 0.0326709747314453
0.00344657897949219 -0.00667572021484375 -0.0194377899169922 0.0345878601074219
0.00526952743530273 -0.00773048400878906 -0.0310268402099609 0.0272064208984375
0.0111351013183594 -0.00507164001464844 -0.0329265594482422 0.017791748046875
0.0148792266845703 -0.000397682189941406 -0.0256843566894531 0.00420951843261718
0.0144987106323242 0.00990200042724609 -0.0115766525268555 -0.000443458557128907
0.0131893157958984 0.0167961120605469 0.010406494140625 0.0212993621826172
0.00565338134765625 0.0189132690429687 0.0125198364257812 0.0534934997558594
-0.000701904296875 0.00355792045593262 -0.0140762329101562 -0.0498580932617188
-0.00269484519958496 -0.00237417221069336 -0.00495338439941407 -0.0210247039794922
-0.00573110580444336 0.00255823135375976 0.0123472213745117 0.00182151794433594
-0.000547885894775391 0.00633430480957031 0.0322856903076172 -0.00250816345214844
0.00352835655212402 0.00341510772705078 0.0363426208496094 -0.0139007568359375
0.00407958030700684 0.000169515609741211 0.0334663391113281 -0.0299625396728516
0.00455379486083984 -0.00513219833374023 0.0210151672363281 -0.0368118286132813
0.00408434867858887 -0.00362062454223633 0.00886726379394531 -0.0315227508544922
0.00408053398132324 -0.00337862968444824 0.00300979614257813 -0.0248298645019531
0.00660037994384766 -0.0018763542175293 -0.00100326538085937 -0.0183963775634766
0.00615406036376953 0.00280332565307617 -0.011988639831543 -0.0124568939208984
0.00137948989868164 0.00649213790893555 -0.0159912109375 -0.0114650726318359
-0.00591468811035156 0.00135135650634766 -0.0211219787597656 -0.0174598693847656
-0.00218677520751953 -0.0036160945892334 -0.0315990447998047 -0.0188503265380859
-0.00176405906677246 -0.000306844711303711 -0.0287075042724609 -0.0150680541992188
0.00796127319335938 0.0196952819824219 -0.00991058349609375 -0.045135498046875
0.00652694702148437 0.012385368347168 0.000755310058593749 -0.0155506134033203
0.00446891784667969 0.01263427734375 0.0160551071166992 0.00267696380615234
0.0113687515258789 0.0121231079101563 0.0337104797363281 -0.00136756896972656
0.015202522277832 0.00496006011962891 0.03643798828125 -0.0126380920410156
0.0157356262207031 -0.00557804107666016 0.03173828125 -0.0288429260253906
0.0129861831665039 -0.0141353607177734 0.0187187194824219 -0.0329971313476563
0.0117092132568359 -0.0125741958618164 0.00584793090820313 -0.0266819000244141
0.012171745300293 -0.0147571563720703 -0.000917434692382813 -0.0197830200195313
0.0166072845458984 -0.0125570297241211 -0.00574302673339844 -0.0158824920654297
0.0192508697509766 -0.00402450561523438 -0.0154991149902344 -0.0105457305908203
0.0157318115234375 0.00368881225585938 -0.0178070068359375 -0.0113525390625
0.00783538818359375 0.0078887939453125 -0.0220699310302734 -0.0160961151123047
0.00984573364257813 0.00845718383789063 -0.0290870666503906 -0.0150718688964844
0.00968074798583984 0.0121393203735352 -0.0261135101318359 -0.0107479095458984
0.0141181945800781 0.0333099365234375 -0.00354385375976562 -0.0357551574707031
0.0151405334472656 0.026580810546875 0.006439208984375 -0.00706052780151367
0.0143241882324219 0.0224494934082031 0.0190639495849609 0.00600242614746094
0.0224781036376953 0.0174961090087891 0.0346202850341797 0.000642776489257814
0.0258331298828125 0.005157470703125 0.0334911346435547 -0.0115680694580078
0.0254306793212891 -0.0102787017822266 0.0265617370605469 -0.0260066986083984
0.0194015502929688 -0.0213699340820313 0.0138359069824219 -0.0254116058349609
0.0170612335205078 -0.0197963714599609 0.00181770324707032 -0.0184059143066406
0.0173358917236328 -0.0236091613769531 -0.00459384918212891 -0.0102634429931641
0.0234355926513672 -0.0218467712402344 -0.0101518630981445 -0.00889205932617187
0.0283794403076172 -0.0109691619873047 -0.0200977325439453 -0.0054931640625
0.0272502899169922 -0.000230789184570313 -0.0199069976806641 -0.00904655456542968
0.0212993621826172 0.0113048553466797 -0.0212745666503906 -0.0139808654785156
0.0215225219726563 0.0174655914306641 -0.0232353210449219 -0.00991630554199219
0.0194778442382812 0.0239715576171875 -0.0195560455322266 -0.00231742858886719
0.0204696655273438 0.0423927307128906 0.00332069396972657 -0.0229148864746094
0.0240592956542969 0.0360031127929687 0.0126419067382813 0.0041646957397461
0.024383544921875 0.0286121368408203 0.0228252410888672 0.0107212066650391
0.0326461791992188 0.0185909271240234 0.0340595245361328 0.00226020812988281
0.0337810516357422 0.00327110290527344 0.0287857055664063 -0.00912094116210938
0.0310440063476562 -0.0149459838867187 0.0194606781005859 -0.0202178955078125
0.0217437744140625 -0.0252590179443359 0.00736618041992188 -0.0156536102294922
0.0207710266113281 -0.0242118835449219 -0.00243520736694336 -0.0054936408996582
0.0198554992675781 -0.0288600921630859 -0.00818872451782226 0.0011143684387207
0.0260581970214844 -0.0270805358886719 -0.0154933929443359 0.000575065612792964
0.0336475372314453 -0.0145759582519531 -0.0239772796630859 0.00139045715332032
0.0347480773925781 -0.00322532653808594 -0.0216636657714844 -0.00578880310058593
0.0298423767089844 0.0126953125 -0.0205669403076172 -0.0114116668701172
0.0302562713623047 0.0234451293945313 -0.0150089263916016 -0.00435256958007812
0.0256214141845703 0.0316333770751953 -0.010411262512207 0.00839328765869141
0.0230979919433594 0.0441246032714844 0.0121488571166992 -0.00936317443847656
0.0299949645996094 0.0395545959472656 0.0203151702880859 0.0141353607177734
0.0322151184082031 0.0285263061523438 0.0250225067138672 0.0132713317871094
0.0393753051757813 0.0153045654296875 0.0308284759521484 0.00535392761230469
0.036956787109375 -0.000736236572265625 0.0210781097412109 -0.00565910339355469
0.0314788818359375 -0.0185699462890625 0.010584831237793 -0.0126752853393555
0.0213222503662109 -0.0262031555175781 0.000769376754760743 -0.00336551666259766
0.0201435089111328 -0.0242538452148438 -0.00656890869140625 0.00692653656005859
0.0196380615234375 -0.028350830078125 -0.0113887786865234 0.0134487152099609
0.0259189605712891 -0.0270748138427734 -0.0196990966796875 0.0104045867919922
0.0336570739746094 -0.0145015716552734 -0.0267906188964844 0.00823593139648438
0.0375137329101562 -0.003997802734375 -0.0227394104003906 -0.00254631042480469
0.0337638854980469 0.0149097442626953 -0.0182304382324219 -0.00891113281249999
0.0328731536865234 0.0279102325439453 -0.00413417816162109 0.00253462791442871
0.0265579223632812 0.0356903076171875 -0.00189781188964844 0.02178955078125
0.0219535827636719 0.039398193359375 0.0207328796386719 0.00367164611816407
0.0315742492675781 0.0361213684082031 0.0271015167236328 0.0204658508300781
0.0339031219482422 0.0237522125244141 0.0248394012451172 0.0147457122802734
0.0378684997558594 0.00931549072265625 0.0252914428710938 0.00700759887695313
0.0333118438720703 -0.00570106506347656 0.0141735076904297 -0.000753402709960938
0.0255012512207031 -0.0196113586425781 0.00214958190917969 -0.0024871826171875
0.0167236328125 -0.0232086181640625 -0.00496912002563476 0.008575439453125
0.0171298980712891 -0.020721435546875 -0.00946807861328125 0.0180912017822266
0.0169410705566406 -0.0235214233398438 -0.0143299102783203 0.0237655639648437
0.0225410461425781 -0.0223789215087891 -0.0235958099365234 0.0190258026123047
0.0303211212158203 -0.0114917755126953 -0.0291099548339844 0.0136795043945313
0.0340137481689453 -0.00234794616699219 -0.0235042572021484 0.00118255615234374
0.0311717987060547 0.0163383483886719 -0.014556884765625 -0.00648403167724609
0.0297622680664062 0.0294189453125 0.0046544075012207 0.00857830047607422
0.02294921875 0.035736083984375 0.00564002990722657 0.0344085693359375
0.0172386169433594 0.0285053253173828 0.0268630981445312 0.0110282897949219
0.0278854370117188 0.0263423919677734 0.0317783355712891 0.0226211547851563
0.0290775299072266 0.0141353607177734 0.0244598388671875 0.01397705078125
0.0291156768798828 0.00208854675292969 0.0186119079589844 0.00876045227050781
0.0232181549072266 -0.00896835327148438 0.00825214385986328 0.00535249710083008
0.0149288177490234 -0.017329216003418 -0.00274944305419922 0.00705289840698242
0.00913047790527344 -0.0161542892456055 -0.00675201416015625 0.0186538696289062
0.0106563568115234 -0.0135250091552734 -0.0111293792724609 0.02728271484375
0.0109748840332031 -0.0159273147583008 -0.0174827575683594 0.0308189392089844
0.015254020690918 -0.0151166915893555 -0.0280475616455078 0.0247707366943359
0.0216197967529297 -0.00758743286132813 -0.0320014953613281 0.0163726806640625
0.0261058807373047 -0.000650405883789062 -0.0242252349853516 0.00269508361816406
0.0238590240478516 0.0149574279785156 -0.012120246887207 -0.00288677215576172
0.0219497680664063 0.0258255004882813 0.00994586944580078 0.0161094665527344
0.0149574279785156 0.0302600860595703 0.0101814270019531 0.0459022521972656
0.00835609436035156 0.0146284103393555 0.0305118560791016 0.0135822296142578
0.0184650421142578 0.0136852264404297 0.0346851348876953 0.0211048126220703
0.0175695419311523 0.00468635559082031 0.0225181579589844 0.0128231048583984
0.0149593353271484 -0.00368309020996094 0.014251708984375 0.0115575790405273
0.00874853134155273 -0.00799226760864258 0.00595188140869141 0.00974655151367187
0.00260353088378906 -0.0101089477539063 -0.00312995910644531 0.0143527984619141
0.0011286735534668 -0.00590181350708008 -0.00674629211425781 0.0251941680908203
0.00258207321166992 -0.00434446334838867 -0.0105476379394531 0.0319366455078125
0.00344562530517578 -0.00633001327514648 -0.0201244354248047 0.0342369079589844
0.0050201416015625 -0.00757646560668945 -0.0318126678466797 0.0265274047851563
0.0109834671020508 -0.00486278533935547 -0.0340309143066406 0.0167217254638672
0.0148477554321289 -0.000718116760253906 -0.0258235931396484 0.00443077087402344
0.0143699645996094 0.00986480712890625 -0.0121297836303711 -0.000748634338378904
0.0129232406616211 0.0169696807861328 0.00923919677734375 0.0215873718261719
0.00531005859375 0.0186862945556641 0.0105400085449219 0.0542221069335937
-0.000764608383178711 0.0041356086730957 -0.0140380859375 -0.0520401000976563
-0.00289702415466309 -0.00196623802185059 -0.00467300415039063 -0.021270751953125
-0.00579404830932617 0.00218057632446289 0.0130844116210937 0.00226593017578125
-3.29017639160156E-05 0.00618696212768555 0.0331859588623047 -0.0016021728515625
0.00387835502624512 0.0034637451171875 0.038055419921875 -0.0142860412597656
0.00501108169555664 -0.000433444976806641 0.0345516204833984 -0.0312118530273437
0.0048980712890625 -0.00595378875732422 0.0218734741210938 -0.0382881164550781
0.00480794906616211 -0.00440645217895508 0.00972938537597656 -0.0328845977783203
0.00487756729125977 -0.00350141525268555 0.00226593017578125 -0.0257968902587891
0.00701284408569336 -0.00185489654541016 -0.00164985656738281 -0.0192985534667969
0.00714302062988281 0.00247001647949219 -0.0117731094360352 -0.0136585235595703
0.000838279724121094 0.00692462921142578 -0.0164737701416016 -0.0128898620605469
-0.00585412979125977 0.00189208984375 -0.0218334197998047 -0.0189781188964844
-0.00303435325622559 -0.00307106971740723 -0.033050537109375 -0.0201778411865234
-0.00205206871032715 -0.000161886215209961 -0.0299739837646484 -0.0164966583251953
0.00790214538574219 0.0209140777587891 -0.0090484619140625 -0.0465011596679687
0.00723075866699219 0.0131368637084961 0.0009765625 -0.0157842636108398
0.00412940979003906 0.013157844543457 0.0166406631469727 0.00366401672363281
0.0113382339477539 0.0125961303710938 0.0351142883300781 -0.000501632690429687
0.0158672332763672 0.00497531890869141 0.037322998046875 -0.0126724243164063
0.0164651870727539 -0.00593471527099609 0.032623291015625 -0.0294017791748047
0.0134506225585938 -0.0151405334472656 0.0197715759277344 -0.033905029296875
0.0126028060913086 -0.0138006210327148 0.00666236877441406 -0.0271244049072266
0.012904167175293 -0.0158596038818359 -0.00116348266601562 -0.0205116271972656
0.0175857543945312 -0.0133342742919922 -0.00629520416259766 -0.0168943405151367
0.0201606750488281 -0.00442314147949219 -0.0159444808959961 -0.0112428665161133
0.0164155960083008 0.00450038909912109 -0.0184745788574219 -0.0124149322509766
0.00860166549682617 0.00856256484985352 -0.0233306884765625 -0.0171089172363281
0.010045051574707 0.00920581817626953 -0.0305194854736328 -0.0160846710205078
0.0101404190063477 0.0137205123901367 -0.0277996063232422 -0.0109615325927734
0.0151252746582031 0.0348720550537109 -0.0031280517578125 -0.0371246337890625
0.0156745910644531 0.0271701812744141 0.00656223297119141 -0.00635004043579101
0.0146961212158203 0.0237636566162109 0.0203113555908203 0.00745391845703125
0.023406982421875 0.0180587768554688 0.0363235473632813 0.000801086425781251
0.02716064453125 0.00582695007324219 0.0351295471191406 -0.0118026733398438
0.0267314910888672 -0.010528564453125 0.0279941558837891 -0.0262680053710938
0.0202293395996094 -0.0219402313232422 0.014739990234375 -0.0259819030761719
0.0185890197753906 -0.0211029052734375 0.00241470336914063 -0.0174026489257813
0.0186595916748047 -0.0248088836669922 -0.005157470703125 -0.0104503631591797
0.0245094299316406 -0.0225486755371094 -0.011693000793457 -0.0094757080078125
0.0295906066894531 -0.0109157562255859 -0.0211524963378906 -0.00561141967773438
0.0287227630615234 0.000415802001953125 -0.0209369659423828 -0.0101051330566406
0.0217647552490234 0.0126667022705078 -0.0232524871826172 -0.0150203704833984
0.0220394134521484 0.0186843872070312 -0.0244293212890625 -0.0103759765625
0.019927978515625 0.0248641967773438 -0.0210132598876953 -0.0021820068359375
0.0201148986816406 0.0445823669433594 0.00480842590332031 -0.0234832763671875
0.0243682861328125 0.0380477905273438 0.013972282409668 0.00505733489990235
0.0253276824951172 0.0301856994628906 0.024078369140625 0.0117835998535156
0.0347862243652344 0.0190448760986328 0.0352554321289063 0.00373458862304688
0.0354156494140625 0.00348663330078125 0.0296955108642578 -0.00922775268554688
0.0321025848388672 -0.0152721405029297 0.0199737548828125 -0.0208549499511719
0.0237808227539063 -0.0266952514648438 0.00772571563720703 -0.0155363082885742
0.0220069885253906 -0.0251979827880859 -0.00207233428955078 -0.00531291961669922
0.0213489532470703 -0.0294418334960938 -0.00860452651977539 0.00154304504394531
0.0272865295410156 -0.0275955200195313 -0.0165338516235352 0.00141620635986328
0.0345954895019531 -0.01507568359375 -0.0251827239990234 0.00126075744628906
0.0369338989257813 -0.00349044799804688 -0.0231227874755859 -0.00642585754394531
0.0318012237548828 0.0148410797119141 -0.0218429565429687 -0.0117454528808594
0.0305728912353516 0.0261116027832031 -0.0155363082885742 -0.00456428527832031
0.0268516540527344 0.0327835083007813 -0.0120096206665039 0.00901603698730469
0.023712158203125 0.0463142395019531 0.0135698318481445 -0.0089111328125
0.0307083129882812 0.0415420532226563 0.0210552215576172 0.0152263641357422
0.0332393646240234 0.0305976867675781 0.0252532958984375 0.0155029296875
0.0406494140625 0.016510009765625 0.0316810607910156 0.0062408447265625
0.0380210876464844 -0.0004730224609375 0.0224018096923828 -0.00504875183105469
0.0322818756103516 -0.0188694000244141 0.010594367980957 -0.0123376846313477
0.0224590301513672 -0.0270614624023438 0.000803709030151369 -0.00353360176086426
0.0212268829345703 -0.0252017974853516 -0.00687456130981445 0.00724935531616211
0.0210456848144531 -0.0293979644775391 -0.0120534896850586 0.013829231262207
0.0267696380615234 -0.0275745391845703 -0.0214309692382813 0.0116291046142578
0.0352706909179688 -0.0155372619628906 -0.0282649993896484 0.00893020629882813
0.0389328002929688 -0.00390625 -0.0240135192871094 -0.00269126892089844
0.0352401733398438 0.0162696838378906 -0.0186939239501953 -0.00961685180664062
0.0343093872070313 0.0296688079833984 -0.0050196647644043 0.00232172012329102
0.0282020568847656 0.0375213623046875 -0.00246810913085937 0.0228500366210938
0.0222587585449219 0.0410423278808594 0.0216217041015625 0.00348091125488282
0.0323638916015625 0.037445068359375 0.0281658172607422 0.0224800109863281
0.0347423553466797 0.02471923828125 0.0263824462890625 0.0162334442138672
0.0395698547363281 0.0099945068359375 0.0258502960205078 0.00833320617675781
0.03399658203125 -0.00543212890625 0.0143861770629883 0.000369071960449218
0.0261974334716797 -0.0199298858642578 0.00194573402404785 -0.00229001045227051
0.0174942016601563 -0.0237350463867188 -0.00449848175048828 0.00910377502441406
0.0173988342285156 -0.0212364196777344 -0.00955772399902344 0.0195140838623047
0.0179595947265625 -0.0240325927734375 -0.0154781341552734 0.0242214202880859
0.0229263305664063 -0.0232982635498047 -0.0259475708007813 0.0206871032714844
0.0307083129882813 -0.0123996734619141 -0.0310649871826172 0.014892578125
0.035858154296875 -0.00199127197265625 -0.0247993469238281 0.000480651855468749
0.0318775177001953 0.0168056488037109 -0.0151681900024414 -0.00632286071777344
0.0313129425048828 0.0309906005859375 0.00414371490478516 0.00951766967773438
0.0233802795410156 0.0374755859375 0.00488281250000001 0.0360298156738281
0.0169219970703125 0.0291919708251953 0.0281524658203125 0.0117073059082031
0.0284976959228516 0.0273990631103516 0.0327014923095703 0.0244922637939453
0.0298786163330078 0.0155849456787109 0.0246315002441406 0.0154571533203125
0.0302944183349609 0.00175285339355469 0.0196247100830078 0.0104846954345703
0.0234184265136719 -0.00849533081054688 0.00875329971313477 0.0060429573059082
0.015172004699707 -0.0172386169433594 -0.00272512435913086 0.00777196884155273
0.00999164581298828 -0.0162496566772461 -0.006988525390625 0.0200538635253906
0.0104761123657227 -0.0140380859375 -0.011138916015625 0.0281143188476563
0.0115766525268555 -0.0163660049438477 -0.0185985565185547 0.0316638946533203
0.0152492523193359 -0.0150279998779297 -0.0303840637207031 0.0262813568115234
0.0225830078125 -0.00739669799804688 -0.0338649749755859 0.0171394348144531
0.0269184112548828 -0.000232696533203125 -0.0257835388183594 0.00286865234375
0.0241584777832031 0.0160026550292969 -0.0126504898071289 -0.00323104858398437
0.0230216979980469 0.0267925262451172 0.00925827026367188 0.0169639587402344
0.0156021118164063 0.03094482421875 0.00964736938476563 0.0475959777832031
0.00840950012207031 0.0143241882324219 0.0328311920166016 0.01519775390625
0.0191268920898437 0.0135250091552734 0.0351181030273438 0.0228309631347656
0.0184459686279297 0.00463104248046875 0.0237464904785156 0.01373291015625
0.015411376953125 -0.00404453277587891 0.0156488418579102 0.0127496719360352
0.00910282135009766 -0.00857162475585937 0.00626564025878906 0.0104579925537109
0.00214862823486328 -0.00976943969726563 -0.00299644470214844 0.0153894424438477
0.0013279914855957 -0.0054316520690918 -0.00685501098632812 0.0268154144287109
0.00254297256469727 -0.00441789627075195 -0.0114250183105469 0.0327320098876953
0.00329208374023437 -0.00580120086669922 -0.0207729339599609 0.0348339080810547
0.0049891471862793 -0.00712823867797851 -0.0334053039550781 0.0277004241943359
0.0110092163085938 -0.00492286682128906 -0.0355491638183594 0.0168952941894531
0.0151691436767578 -0.000749588012695312 -0.0273857116699219 0.00412940979003907
0.0144462585449219 0.0102901458740234 -0.0122709274291992 -0.000601768493652344
0.0126543045043945 0.0173206329345703 0.0100727081298828 0.0227451324462891
0.00555610656738281 0.019256591796875 0.0101127624511719 0.0560340881347656
-0.000651359558105469 0.00428032875061035 -0.0154380798339844 -0.0542755126953125
-0.00321841239929199 -0.0018002986907959 -0.0060882568359375 -0.0216083526611328
-0.00525951385498047 0.00280666351318359 0.0131568908691406 0.00228309631347656
8.72611999511716E-05 0.00623130798339844 0.035552978515625 -0.00310897827148437
0.00422358512878418 0.00314974784851074 0.0389976501464844 -0.0156593322753906
0.0043487548828125 -0.00137519836425781 0.0355033874511719 -0.033416748046875
0.00510692596435547 -0.00655889511108398 0.0228118896484375 -0.0403938293457031
0.0048828125 -0.00463247299194336 0.0090484619140625 -0.0338401794433594
0.00556802749633789 -0.00440263748168945 0.0012359619140625 -0.0270137786865234
0.00814962387084961 -0.00321817398071289 -0.00253486633300781 -0.0204582214355469
0.00748014450073242 0.00237751007080078 -0.0129680633544922 -0.0141849517822266
0.00189828872680664 0.00770950317382813 -0.0176753997802734 -0.0137443542480469
-0.00618934631347656 0.00232601165771484 -0.0242557525634766 -0.0196990966796875
-0.00410127639770508 -0.00310826301574707 -0.0349979400634766 -0.0202465057373047
-0.00186645984649658 0.000870347023010253 -0.0321712493896484 -0.0168609619140625
0.00815963745117188 0.0224266052246094 -0.00966262817382813 -0.0493240356445313
0.0064849853515625 0.0141696929931641 0.001068115234375 -0.0160350799560547
0.00548076629638672 0.013641357421875 0.0181083679199219 0.004425048828125
0.0131320953369141 0.0126619338989258 0.0365257263183594 -0.000865936279296874
0.0167951583862305 0.00441360473632813 0.0388145446777344 -0.0143013000488281
0.0173673629760742 -0.00615119934082031 0.0336837768554688 -0.0308151245117188
0.0138559341430664 -0.01690673828125 0.0202522277832031 -0.0354843139648438
0.0137062072753906 -0.0153322219848633 0.00592422485351562 -0.0277080535888672
0.0134305953979492 -0.0170440673828125 -0.00220298767089844 -0.0210475921630859
0.0180759429931641 -0.0150623321533203 -0.00747108459472656 -0.0168132781982422
0.021636962890625 -0.00511550903320313 -0.0182971954345703 -0.0114784240722656
0.0178050994873047 0.00390815734863281 -0.0201225280761719 -0.0130062103271484
0.00976181030273438 0.00972461700439453 -0.0251674652099609 -0.0175151824951172
0.0101451873779297 0.0101213455200195 -0.0321254730224609 -0.0158214569091797
0.0108623504638672 0.0147304534912109 -0.0290031433105469 -0.0110301971435547
0.0166778564453125 0.0363349914550781 -0.00300979614257813 -0.0382308959960937
0.0162429809570313 0.0287246704101563 0.00768709182739258 -0.00664997100830078
0.0162391662597656 0.0247898101806641 0.0222587585449219 0.00830650329589844
0.0250167846679688 0.0183658599853516 0.0381813049316406 -2.28881835937489E-05
0.0289649963378906 0.00608444213867188 0.0371818542480469 -0.0118598937988281
0.0281448364257812 -0.0115947723388672 0.0283565521240234 -0.028564453125
0.0209255218505859 -0.0238533020019531 0.0145587921142578 -0.0272922515869141
0.0192279815673828 -0.0238704681396484 0.00215911865234375 -0.0181999206542969
0.0190925598144531 -0.0275936126708984 -0.00551414489746094 -0.0107221603393555
0.0255393981933594 -0.0250740051269531 -0.0131435394287109 -0.00905990600585937
0.0311946868896484 -0.0122604370117188 -0.0223903656005859 -0.00555038452148437
0.0312080383300781 -0.000110626220703125 -0.0224666595458984 -0.0111007690429688
0.0236968994140625 0.0134468078613281 -0.0256576538085938 -0.0154628753662109
0.0235919952392578 0.0191860198974609 -0.0252799987792969 -0.0105438232421875
0.0214157104492188 0.0254077911376953 -0.0223159790039063 -0.00084304809570312
0.0231246948242187 0.0456123352050781 0.00475883483886719 -0.0238361358642578
0.0267753601074219 0.0388984680175781 0.0140247344970703 0.00557231903076172
0.0277290344238281 0.0311412811279297 0.0259265899658203 0.0133571624755859
0.0366096496582031 0.0196952819824219 0.0375251770019531 0.00408172607421875
0.0377655029296875 0.0032958984375 0.03131103515625 -0.0103778839111328
0.0345325469970703 -0.0166378021240234 0.0199756622314453 -0.0216388702392578
0.0241107940673828 -0.0287246704101563 0.00815677642822266 -0.0157938003540039
0.0224056243896484 -0.0272235870361328 -0.00192594528198242 -0.00493907928466797
0.0210742950439453 -0.0315647125244141 -0.0100421905517578 0.0028533935546875
0.0275764465332031 -0.0303020477294922 -0.0183544158935547 0.00145149230957031
0.0363349914550781 -0.0170059204101563 -0.0268306732177734 0.00240135192871093
0.039520263671875 -0.00462722778320312 -0.0251083374023437 -0.00567817687988282
0.0336151123046875 0.0144691467285156 -0.0238914489746094 -0.0125694274902344
0.0333938598632813 0.0259456634521484 -0.0167102813720703 -0.00389957427978515
0.0279483795166016 0.0340538024902344 -0.0127239227294922 0.0105085372924805
0.0254898071289063 0.04833984375 0.0146570205688477 -0.0094146728515625
0.0326423645019531 0.0424880981445313 0.0226364135742188 0.0163936614990234
0.0354766845703125 0.0312080383300781 0.0272674560546875 0.0168113708496094
0.0421714782714844 0.0163192749023438 0.0337657928466797 0.00593376159667969
0.0398178100585937 -0.00133514404296875 0.0224056243896484 -0.00500679016113281
0.0329742431640625 -0.0206432342529297 0.0108242034912109 -0.0129623413085938
0.0228099822998047 -0.0285682678222656 0.000187635421752931 -0.00277924537658692
0.0217418670654297 -0.0275936126708984 -0.00566005706787109 0.00858545303344726
0.0218048095703125 -0.0313167572021484 -0.0133790969848633 0.0153331756591797
0.0270290374755859 -0.0295047760009766 -0.0223197937011719 0.0137901306152344
0.0361366271972656 -0.01763916015625 -0.0295848846435547 0.0109500885009766
0.0404624938964844 -0.00580215454101563 -0.0260295867919922 -0.00262451171875
0.0370407104492188 0.01617431640625 -0.0202007293701172 -0.00910568237304687
0.0360183715820313 0.0308418273925781 -0.00730133056640625 0.00319814682006836
0.0304756164550781 0.037628173828125 -0.00243186950683593 0.0242652893066406
0.0235671997070313 0.0417938232421875 0.0235996246337891 0.00335884094238282
0.0344467163085938 0.03839111328125 0.0294151306152344 0.0234184265136719
0.0370559692382813 0.0263824462890625 0.0271358489990234 0.0181999206542969
0.0416450500488281 0.00902938842773438 0.0279197692871094 0.00838470458984375
0.0356025695800781 -0.00604629516601562 0.0160379409790039 0.000349998474121093
0.0269718170166016 -0.0217075347900391 0.00152289867401123 -0.00111079216003418
0.0184955596923828 -0.0252857208251953 -0.00412845611572265 0.0102548599243164
0.0184059143066406 -0.0236053466796875 -0.00928688049316406 0.0201263427734375
0.0178432464599609 -0.0265369415283203 -0.0157279968261719 0.0265216827392578
0.0232830047607422 -0.0247287750244141 -0.0263481140136719 0.0218849182128906
0.0327434539794922 -0.0132846832275391 -0.0317707061767578 0.0159530639648437
0.0366249084472656 -0.00334548950195313 -0.0265789031982422 0.00064849853515625
0.0350532531738281 0.0177631378173828 -0.0169258117675781 -0.00618171691894531
0.0329360961914063 0.0321197509765625 0.00340366363525391 0.00957202911376953
0.0255584716796875 0.0384941101074219 0.00481414794921875 0.0377693176269531
0.0186424255371094 0.0300388336181641 0.0306358337402344 0.0112171173095703
0.0296401977539063 0.0267620086669922 0.0364418029785156 0.0256843566894531
0.0313987731933594 0.0144996643066406 0.0264301300048828 0.01611328125
0.0314579010009766 0.00124549865722656 0.0216007232666016 0.0104503631591797
0.0234928131103516 -0.00916481018066406 0.00937366485595703 0.00668716430664062
0.0156135559082031 -0.0180397033691406 -0.00277519226074219 0.00981807708740234
0.00990581512451172 -0.0165910720825195 -0.00627326965332031 0.021209716796875
0.0117979049682617 -0.0148639678955078 -0.0103416442871094 0.0302600860595703
0.0111532211303711 -0.0166959762573242 -0.0185756683349609 0.0340175628662109
0.0153598785400391 -0.0162067413330078 -0.0307369232177734 0.0279693603515625
0.0233173370361328 -0.0086212158203125 -0.0346279144287109 0.0191822052001953
0.0282917022705078 -0.000583648681640625 -0.0270633697509766 0.00363922119140624
0.0259151458740234 0.0166702270507813 -0.0147514343261719 -0.00278663635253906
0.0243701934814453 0.0267562866210938 0.00987911224365235 0.0173234939575195
0.0169506072998047 0.0314559936523438 0.0103874206542969 0.0505714416503906
0.00885105133056641 0.0141773223876953 0.0357894897460937 0.0150947570800781
0.0199508666992188 0.0127582550048828 0.0365142822265625 0.0240478515625
0.0201206207275391 0.00461006164550781 0.0244407653808594 0.0153064727783203
0.0150938034057617 -0.00498199462890625 0.017486572265625 0.013554573059082
0.0093240737915039 -0.00989818572998047 0.00782394409179688 0.0112466812133789
0.00204849243164062 -0.0100393295288086 -0.00252056121826172 0.0164213180541992
0.000849246978759766 -0.00539493560791016 -0.00583457946777343 0.02716064453125
0.00354146957397461 -0.00341296195983887 -0.0103130340576172 0.0343265533447266
0.00278234481811523 -0.00576257705688477 -0.0212974548339844 0.0382118225097656
0.00473642349243164 -0.00720453262329102 -0.03448486328125 0.0291976928710938
0.0109214782714844 -0.00584602355957031 -0.0376052856445313 0.019866943359375
0.0155096054077148 -0.00130271911621094 -0.0287742614746094 0.00432968139648438
0.0152215957641602 0.0106344223022461 -0.0140180587768555 -3.24249267578096E-05
0.01361083984375 0.0171346664428711 0.0102272033691406 0.0227851867675781
0.00631332397460938 0.0190048217773438 0.0110702514648438 0.0578384399414063
-0.000694751739501953 0.00495386123657227 -0.0177574157714844 -0.0544052124023438
-0.00272750854492188 -0.00143933296203613 -0.00622177124023438 -0.0216846466064453
-0.00593042373657227 0.00254487991333008 0.0142812728881836 0.00130558013916016
0.000780582427978515 0.00649499893188477 0.0359878540039063 -0.00390243530273437
0.00481176376342773 0.00357770919799805 0.0411643981933594 -0.01849365234375
0.00568056106567383 -0.00128936767578125 0.0356216430664063 -0.0355644226074219
0.00496768951416016 -0.00697660446166992 0.0208663940429687 -0.0435218811035156
0.00591802597045899 -0.00604438781738281 0.00653648376464844 -0.0347442626953125
0.00622653961181641 -0.00566625595092773 0.000598907470703128 -0.0273838043212891
0.00873231887817383 -0.00248384475708008 -0.00400733947753906 -0.0210514068603516
0.00832128524780273 0.00250864028930664 -0.0146112442016602 -0.0145797729492187
0.0034947395324707 0.00771331787109375 -0.0206775665283203 -0.0147876739501953
-0.00617122650146484 0.00383377075195312 -0.0277061462402344 -0.0195426940917969
-0.00538825988769531 -0.00093984603881836 -0.0387687683105469 -0.0199851989746094
-0.00222945213317871 5.48362731933594E-06 -0.0348644256591797 -0.0140953063964844
0.00982093811035157 0.0233440399169922 -0.0122299194335938 -0.0494346618652344
0.00734329223632813 0.0138092041015625 -0.000599861145019532 -0.0160703659057617
0.00559425354003906 0.0147542953491211 0.0187206268310547 0.00469207763671875
0.0160388946533203 0.0123319625854492 0.0388145446777344 -0.00260543823242187
0.0178089141845703 0.00319480895996094 0.0386238098144531 -0.0172767639160156
0.0177822113037109 -0.00899505615234375 0.0320224761962891 -0.0335807800292969
0.0138130187988281 -0.0189895629882813 0.0188102722167969 -0.0376205444335938
0.0135593414306641 -0.0177383422851563 0.00438499450683594 -0.0296497344970703
0.0136203765869141 -0.0192432403564453 -0.00380897521972656 -0.0215587615966797
0.0190677642822266 -0.0171661376953125 -0.00846672058105469 -0.0177898406982422
0.0221099853515625 -0.00634765625 -0.0196609497070313 -0.0115470886230469
0.0202255249023438 0.00412368774414063 -0.0206298828125 -0.0128002166748047
0.00974273681640625 0.00870704650878906 -0.0267333984375 -0.0167522430419922
0.0120058059692383 0.0103244781494141 -0.0348129272460938 -0.0153388977050781
0.0116291046142578 0.0141525268554688 -0.0321903228759766 -0.0104351043701172
0.0181655883789063 0.0360374450683594 -0.00561904907226563 -0.0378189086914063
0.0196800231933594 0.0283584594726562 0.00643634796142578 -0.00457954406738281
0.0197029113769531 0.0250873565673828 0.0234832763671875 0.00945281982421875
0.0288066864013672 0.0177421569824219 0.0399322509765625 -0.000503540039062499
0.0299854278564453 0.00328826904296875 0.0361976623535156 -0.012847900390625
0.0276069641113281 -0.0130405426025391 0.0277328491210938 -0.0305576324462891
0.0221080780029297 -0.0257396697998047 0.0134468078613281 -0.0293846130371094
0.0188579559326172 -0.0261001586914063 0.00120162963867188 -0.01904296875
0.0182342529296875 -0.0300388336181641 -0.00713539123535156 -0.0101432800292969
0.0253124237060547 -0.0286445617675781 -0.0161657333374023 -0.0096883773803711
0.0327987670898438 -0.0151596069335938 -0.0247383117675781 -0.0039825439453125
0.0317897796630859 0.000158309936523438 -0.0248889923095703 -0.00944328308105469
0.0243587493896484 0.0133380889892578 -0.0258712768554688 -0.0130825042724609
0.0239124298095703 0.0191707611083984 -0.0305042266845703 -0.00832557678222656
0.0225811004638672 0.0258293151855469 -0.0248947143554688 -0.00038528442382812
0.0253868103027344 0.0447807312011719 0.0031280517578125 -0.0251560211181641
0.0287666320800781 0.0384254455566406 0.0141010284423828 0.00535869598388672
0.0317230224609375 0.0305347442626953 0.0255641937255859 0.0132122039794922
0.0401420593261719 0.0180130004882812 0.0391921997070313 0.00290298461914063
0.0381851196289063 0.00200653076171875 0.0319995880126953 -0.00938224792480469
0.0338649749755859 -0.0190219879150391 0.0180873870849609 -0.0228900909423828
0.0231056213378906 -0.0312309265136719 0.00741195678710938 -0.0177478790283203
0.0234375 -0.030792236328125 -0.0022284984588623 -0.00402450561523438
0.0203495025634766 -0.0342807769775391 -0.0103368759155273 0.00368404388427734
0.0262584686279297 -0.0325584411621094 -0.0190238952636719 0.00336074829101562
0.0373420715332031 -0.0183944702148438 -0.0282230377197266 0.00589179992675781
0.0413093566894531 -0.00650787353515625 -0.0258674621582031 -0.00429725646972656
0.0362739562988281 0.0144538879394531 -0.0275859832763672 -0.0112152099609375
0.0356369018554688 0.0268821716308594 -0.0167007446289062 -0.00244140625
0.0309677124023438 0.0332412719726563 -0.0128984451293945 0.0119781494140625
0.0283355712890625 0.0475616455078125 0.0146169662475586 -0.00864315032958984
0.0373153686523438 0.0421180725097656 0.0248374938964844 0.0152111053466797
0.037139892578125 0.0305328369140625 0.0272502899169922 0.0159034729003906
0.0448989868164063 0.0137214660644531 0.0341434478759766 0.00515556335449219
0.0408935546875 -0.00333786010742188 0.0241718292236328 -0.00574302673339844
0.0326709747314453 -0.0234107971191406 0.00925064086914063 -0.0118265151977539
0.0217552185058594 -0.0312461853027344 0.00133562088012695 -0.00283122062683106
0.0213394165039063 -0.0282039642333984 -0.00751638412475586 0.00857210159301757
0.0204105377197266 -0.0342731475830078 -0.0133094787597656 0.0178871154785156
0.0263710021972656 -0.0325107574462891 -0.0231609344482422 0.0157642364501953
0.0358848571777344 -0.0197525024414063 -0.0311870574951172 0.0127639770507812
0.0416603088378906 -0.00973129272460938 -0.0284328460693359 0.000465393066406251
0.0393638610839844 0.0143928527832031 -0.0223293304443359 -0.00817108154296875
0.0396499633789063 0.0295753479003906 -0.00482988357543945 0.00333738327026367
0.0328292846679688 0.0387535095214844 -0.00349617004394531 0.0254573822021484
0.0255279541015625 0.0413894653320313 0.0262298583984375 0.00258636474609375
0.0376548767089844 0.0371894836425781 0.0327625274658203 0.0227069854736328
0.0392799377441406 0.0232772827148438 0.028900146484375 0.0166873931884766
0.0440711975097656 0.008087158203125 0.029052734375 0.00855445861816406
0.0361900329589844 -0.00732040405273438 0.0160036087036133 0.00219058990478516
0.0271282196044922 -0.0223121643066406 0.00331497192382813 0.000636816024780272
0.0166549682617188 -0.0265674591064453 -0.00290775299072266 0.0123882293701172
0.0174369812011719 -0.0234966278076172 -0.00916862487792968 0.0217170715332031
0.0172519683837891 -0.0276908874511719 -0.0158882141113281 0.0266838073730469
0.0213336944580078 -0.0259590148925781 -0.0278701782226563 0.0253429412841797
0.0319004058837891 -0.0158729553222656 -0.0318508148193359 0.0198135375976563
0.0366134643554688 -0.00467681884765625 -0.0285549163818359 0.00182723999023437
0.0370635986328125 0.0155487060546875 -0.0163755416870117 -0.00293827056884765
0.035858154296875 0.0317153930664063 0.00528717041015625 0.0111026763916016
0.0267143249511719 0.0380516052246094 0.00705337524414063 0.0384864807128906
0.0210609436035156 0.0281085968017578 0.0321025848388672 0.0100841522216797
0.0355491638183594 0.025726318359375 0.0371246337890625 0.0259780883789063
0.0345726013183594 0.0148124694824219 0.0277862548828125 0.0170478820800781
0.0323143005371094 -0.000452041625976563 0.0240612030029297 0.0113143920898438
0.024932861328125 -0.0111904144287109 0.00784826278686524 0.00636625289916992
0.0140190124511719 -0.0185813903808594 -0.00276565551757813 0.0102005004882813
0.00911712646484375 -0.0175838470458984 -0.00467109680175781 0.0228595733642578
0.00973892211914063 -0.0154838562011719 -0.0089263916015625 0.0320053100585937
0.010589599609375 -0.0180244445800781 -0.0176334381103516 0.0348739624023438
0.0146427154541016 -0.0160503387451172 -0.0307598114013672 0.0294876098632812
0.0234470367431641 -0.00932693481445313 -0.0361213684082031 0.0214805603027344
0.0274486541748047 -0.00252723693847656 -0.0313434600830078 0.00498390197753906
0.0280666351318359 0.0155773162841797 -0.0140600204467773 -0.00304698944091797
0.026123046875 0.0274314880371094 0.0108318328857422 0.0188579559326172
0.0191822052001953 0.0306110382080078 0.01177978515625 0.0520133972167969
0.0101537704467773 0.0133295059204102 0.0351982116699219 0.0129432678222656
0.0213756561279297 0.0132656097412109 0.0414543151855469 0.0221023559570313
0.0215358734130859 0.00236892700195313 0.0257644653320313 0.0141143798828125
0.0156049728393555 -0.00539112091064453 0.0178279876708984 0.0148181915283203
0.00804710388183594 -0.0104875564575195 0.00652408599853516 0.0109786987304688
0.000516891479492188 -0.0101490020751953 -0.001129150390625 0.0181236267089844
0.00178050994873047 -0.00583887100219727 -0.00333023071289063 0.0292949676513672
0.00306224822998047 -0.00488471984863281 -0.00852203369140625 0.0358772277832031
0.00378084182739258 -0.00595188140869141 -0.020721435546875 0.0383033752441406
0.00224685668945313 -0.00728464126586914 -0.0359382629394531 0.0340194702148438
0.00963020324707031 -0.00576305389404297 -0.0378494262695313 0.0219993591308594
0.01654052734375 -0.00200748443603516 -0.0293159484863281 0.00607872009277344
0.015812873840332 0.0081634521484375 -0.0136022567749023 0.000314712524414061
0.0167503356933594 0.0163145065307617 0.0111045837402344 0.0234165191650391
0.00823211669921875 0.0172529220581055 0.0138473510742188 0.0610160827636719
-0.000358104705810546 0.00681400299072266 -0.0198516845703125 -0.0535202026367187
-0.00369548797607422 -0.000595331192016602 -0.00728225708007813 -0.0211219787597656
-0.00371527671813965 0.00386190414428711 0.0149164199829102 0.00154495239257813
0.00132846832275391 0.00657892227172852 0.0356979370117188 -0.00554656982421875
0.00536870956420898 0.00251531600952148 0.0391960144042969 -0.0197830200195313
0.00620508193969727 -0.00307607650756836 0.0334701538085938 -0.0380477905273438
0.00390720367431641 -0.00922203063964844 0.0186424255371094 -0.0441207885742187
0.00516462326049805 -0.00796270370483398 0.00555419921875 -0.0349540710449219
0.00580501556396484 -0.00747919082641602 -0.00185585021972656 -0.0272483825683594
0.00871086120605469 -0.00431299209594727 -0.006622314453125 -0.0212421417236328
0.00886344909667969 0.00174236297607422 -0.015446662902832 -0.0139951705932617
0.00387287139892578 0.00773334503173828 -0.0201416015625 -0.0137157440185547
-0.00639772415161133 0.00492382049560547 -0.02734375 -0.0195274353027344
-0.0056309700012207 -0.00165033340454102 -0.0388221740722656 -0.0187263488769531
-0.00238466262817383 0.00226926803588867 -0.0346527099609375 -0.0136756896972656
0.0116176605224609 0.023193359375 -0.0139312744140625 -0.0488510131835937
0.00983810424804687 0.0148115158081055 -0.000537872314453124 -0.0154409408569336
0.00676822662353515 0.015070915222168 0.0191993713378906 0.00355720520019531
0.0150175094604492 0.0118770599365234 0.0379295349121094 -0.0046234130859375
0.0185451507568359 0.00238418579101563 0.03863525390625 -0.0179672241210938
0.0178928375244141 -0.00940132141113281 0.0313873291015625 -0.0346527099609375
0.0126972198486328 -0.020233154296875 0.0162010192871094 -0.0382270812988281
0.0117683410644531 -0.0185070037841797 0.00304794311523438 -0.0282726287841797
0.0125350952148438 -0.0205707550048828 -0.00555801391601562 -0.0206508636474609
0.0179691314697266 -0.0181770324707031 -0.011143684387207 -0.0167274475097656
0.0229911804199219 -0.00791168212890625 -0.0209751129150391 -0.0111770629882813
0.0199031829833984 0.00278663635253906 -0.0227317810058594 -0.0124111175537109
0.0100193023681641 0.00994205474853516 -0.0283660888671875 -0.0162582397460937
0.0112571716308594 0.0104665756225586 -0.0355453491210938 -0.0135154724121094
0.0125370025634766 0.0152158737182617 -0.0321369171142578 -0.00905227661132812
0.0208702087402344 0.0368499755859375 -0.00579071044921875 -0.0387840270996094
0.0204944610595703 0.0282230377197266 0.00762128829956055 -0.00548458099365234
0.0196151733398438 0.0248165130615234 0.0235824584960938 0.00752639770507813
0.029754638671875 0.0163440704345703 0.0405731201171875 -0.00214385986328125
0.0305156707763672 0.00213050842285156 0.0360565185546875 -0.0153121948242187
0.0279712677001953 -0.0152721405029297 0.0258884429931641 -0.0298995971679688
0.0191726684570313 -0.0277442932128906 0.0121936798095703 -0.0284709930419922
0.0172233581542969 -0.0273246765136719 0.001434326171875 -0.0176734924316406
0.0172443389892578 -0.0303459167480469 -0.00754547119140625 -0.00868844985961914
0.0229644775390625 -0.028411865234375 -0.0162677764892578 -0.00658893585205078
0.0318698883056641 -0.0157375335693359 -0.0251636505126953 -0.00324821472167969
0.0321865081787109 -0.00266456604003906 -0.02471923828125 -0.00936317443847656
0.0257892608642578 0.0127658843994141 -0.0278339385986328 -0.0127410888671875
0.0257339477539063 0.0185031890869141 -0.0294990539550781 -0.008056640625
0.0241737365722656 0.0258827209472656 -0.0241260528564453 0.00136566162109375
0.0271492004394531 0.04571533203125 0.00376129150390625 -0.0246944427490234
0.0306549072265625 0.0374641418457031 0.0159721374511719 0.00609493255615235
0.0318450927734375 0.0306568145751953 0.0278205871582031 0.0123672485351563
0.0401382446289063 0.0167350769042969 0.0398178100585938 0.00138092041015625
0.0396804809570313 -0.000255584716796875 0.0311126708984375 -0.0109157562255859
0.0335025787353516 -0.0216884613037109 0.0177135467529297 -0.0218620300292969
0.0223426818847656 -0.0315170288085938 0.00598239898681641 -0.0164289474487305
0.0197372436523437 -0.0316905975341797 -0.00183010101318359 -0.00461721420288086
0.0190010070800781 -0.0355377197265625 -0.0106115341186523 0.00500106811523437
0.0255527496337891 -0.0340480804443359 -0.0197277069091797 0.005615234375
0.036041259765625 -0.0223808288574219 -0.029022216796875 0.00555801391601562
0.0401382446289062 -0.00928497314453125 -0.0279502868652344 -0.00349044799804688
0.0368537902832031 0.0127525329589844 -0.0272674560546875 -0.00937461853027344
0.0363006591796875 0.0242958068847656 -0.0177745819091797 -0.00245094299316406
0.0334854125976563 0.0328922271728516 -0.0128002166748047 0.0125942230224609
0.0307121276855469 0.0471534729003906 0.0144128799438477 -0.0098876953125
0.0371818542480469 0.0405349731445313 0.0249061584472656 0.0165233612060547
0.0402565002441406 0.0309410095214844 0.0298404693603516 0.0171318054199219
0.0461883544921875 0.0117263793945313 0.0349674224853516 0.00536537170410156
0.0410690307617188 -0.00567626953125 0.0234165191650391 -0.00658798217773437
0.0328235626220703 -0.0244960784912109 0.00943374633789063 -0.0115251541137695
0.0213356018066406 -0.0318775177001953 0.000471115112304689 -0.00120174884796143
0.0188941955566406 -0.0320186614990234 -0.00531578063964844 0.00996017456054687
0.0180912017822266 -0.0340976715087891 -0.0117340087890625 0.0182209014892578
0.0241947174072266 -0.03326416015625 -0.0236358642578125 0.0175495147705078
0.0354499816894531 -0.0215568542480469 -0.0307350158691406 0.0144100189208984
0.0410537719726563 -0.0097808837890625 -0.0282554626464844 0.00016403198242188
0.0393180847167969 0.0144691467285156 -0.0229129791259766 -0.00629997253417969
0.0405426025390625 0.0282325744628906 -0.00599956512451172 0.00417423248291016
0.0344123840332031 0.0367622375488281 -0.00156211853027344 0.0255489349365234
0.0281524658203125 0.0403022766113281 0.0244541168212891 0.00185203552246094
0.0390396118164063 0.0348472595214844 0.0329341888427734 0.022613525390625
0.0404510498046875 0.0234527587890625 0.0303401947021484 0.0168972015380859
0.0430374145507813 0.00547409057617188 0.0293750762939453 0.00760078430175781
0.0355987548828125 -0.0111351013183594 0.0152664184570313 0.00170516967773437
0.0246982574462891 -0.0243663787841797 0.00164377689361572 -6.37769699096695E-05
0.0156345367431641 -0.0278472900390625 -0.00346183776855469 0.0113906860351562
0.0154361724853516 -0.0258407592773437 -0.00690460205078125 0.0219974517822266
0.0153408050537109 -0.0277271270751953 -0.0143756866455078 0.0296249389648437
0.0208320617675781 -0.0272579193115234 -0.0258903503417969 0.0269927978515625
0.0302925109863281 -0.0173320770263672 -0.0318584442138672 0.0204257965087891
0.0373344421386719 -0.00801467895507813 -0.0281562805175781 0.00387954711914063
0.0373344421386719 0.0146560668945313 -0.0188674926757812 -0.00375556945800782
0.0368728637695313 0.0279121398925781 0.0037994384765625 0.0092611312866211
0.0300941467285156 0.0352516174316406 0.00812911987304688 0.0389060974121094
0.0219554901123047 0.0271701812744141 0.0316085815429688 0.00990867614746094
0.0335674285888672 0.0239830017089844 0.0390625 0.0230331420898438
0.0336418151855469 0.0123443603515625 0.0286827087402344 0.0159587860107422
0.0326347351074219 -0.00265312194824219 0.0239906311035156 0.0103816986083984
0.0230007171630859 -0.0120639801025391 0.0104207992553711 0.00750446319580078
0.0128669738769531 -0.0189361572265625 -0.00164699554443359 0.0111837387084961
0.008941650390625 -0.0173807144165039 -0.00360870361328125 0.0231876373291016
0.00926113128662109 -0.0160140991210938 -0.007965087890625 0.0315494537353516
0.0102634429931641 -0.0178356170654297 -0.0165214538574219 0.0371589660644531
0.0136995315551758 -0.01708984375 -0.0303249359130859 0.0326652526855469
0.0215606689453125 -0.0111980438232422 -0.0352287292480469 0.0237236022949219
0.0269947052001953 -0.00385665893554688 -0.0289173126220703 0.00726127624511719
0.0275039672851563 0.0136680603027344 -0.0152292251586914 -0.0014486312866211
0.0273971557617188 0.0243186950683594 0.0110654830932617 0.0173053741455078
0.0205364227294922 0.0283126831054688 0.0143394470214844 0.0512847900390625
0.0110349655151367 0.0130062103271484 0.0384178161621094 0.0122947692871094
0.0214195251464844 0.0104789733886719 0.041046142578125 0.0222015380859375
0.020477294921875 0.000822067260742188 0.0276412963867187 0.014434814453125
0.0155954360961914 -0.00740432739257813 0.0200958251953125 0.0132713317871094
0.00663566589355469 -0.0112600326538086 0.00889492034912109 0.0123672485351563
-0.000467300415039063 -0.00930309295654297 -0.000514984130859375 0.0183506011962891
0.000444412231445313 -0.00499868392944336 -0.00223350524902344 0.0293388366699219
0.00280976295471191 -0.00421714782714844 -0.00681304931640625 0.0359687805175781
0.00278329849243164 -0.00550746917724609 -0.01837158203125 0.0407981872558594
0.00261878967285156 -0.0065760612487793 -0.0324249267578125 0.0339412689208984
0.00981044769287109 -0.00592708587646484 -0.0370292663574219 0.0242767333984375
0.0142393112182617 -0.0030517578125 -0.0301685333251953 0.00829315185546875
0.0162296295166016 0.0081624984741211 -0.0145425796508789 0.000763893127441407
0.0157909393310547 0.0156717300415039 0.0123157501220703 0.0229129791259766
0.00839042663574219 0.0174293518066406 0.016082763671875 0.0591201782226563
0.000116348266601563 0.00780487060546875 -0.0201187133789062 -0.0529022216796875
-0.00277233123779297 0.000639438629150391 -0.00713348388671875 -0.0198478698730469
-0.00383234024047852 0.00444936752319336 0.0155887603759766 0.00161266326904297
0.00226783752441406 0.00613880157470703 0.0350799560546875 -0.00641441345214844
0.0059199333190918 0.00190353393554688 0.0383224487304688 -0.0208549499511719
0.00562524795532226 -0.00356340408325195 0.0314521789550781 -0.0381546020507813
0.00433444976806641 -0.00976848602294922 0.0170631408691406 -0.0438232421875
0.00474739074707031 -0.00862360000610352 0.00501251220703125 -0.0348434448242187
0.00653553009033203 -0.00800180435180664 -0.00347900390625 -0.026611328125
0.00946331024169922 -0.00539875030517578 -0.00696754455566406 -0.0210018157958984
0.00937938690185547 0.00104522705078125 -0.0162801742553711 -0.0139265060424805
0.00526809692382812 0.00774383544921875 -0.0210819244384766 -0.0135326385498047
-0.00548696517944336 0.00528669357299805 -0.0277214050292969 -0.0196342468261719
-0.00521755218505859 6.9141387939454E-05 -0.0389938354492188 -0.0180778503417969
-0.00207233428955078 0.00307393074035644 -0.0356216430664063 -0.0132865905761719
0.0117340087890625 0.0236053466796875 -0.014129638671875 -0.0479965209960938
0.00932598114013672 0.0143032073974609 -0.000114440917968748 -0.0148077011108398
0.00800037384033203 0.0150127410888672 0.0193042755126953 0.00328445434570313
0.0155601501464844 0.0106897354125977 0.0380210876464844 -0.00463485717773437
0.0183353424072266 0.00158309936523438 0.0372848510742188 -0.0179557800292969
0.0179424285888672 -0.0104942321777344 0.0297775268554688 -0.0349311828613281
0.0120429992675781 -0.0209846496582031 0.0149497985839844 -0.0376091003417969
0.0112037658691406 -0.0202140808105469 0.00295257568359375 -0.0280494689941406
0.0125942230224609 -0.021392822265625 -0.00603103637695312 -0.0197734832763672
0.0176658630371094 -0.0184803009033203 -0.0121583938598633 -0.0158891677856445
0.0225753784179688 -0.0080718994140625 -0.0211811065673828 -0.00995445251464843
0.0207233428955078 0.00258445739746094 -0.0233745574951172 -0.0121402740478516
0.0108261108398438 0.0102815628051758 -0.0286998748779297 -0.0161094665527344
0.010767936706543 0.0109386444091797 -0.0358543395996094 -0.0122413635253906
0.0124998092651367 0.0153179168701172 -0.0321159362792969 -0.00692939758300781
0.0212554931640625 0.0365829467773437 -0.00683212280273438 -0.0378150939941406
0.0207710266113281 0.0274181365966797 0.00817680358886719 -0.00535011291503906
0.0208702087402344 0.0248584747314453 0.0239276885986328 0.00758552551269531
0.0290393829345703 0.0147781372070312 0.0396652221679688 -0.00214004516601562
0.0309162139892578 0.000635147094726563 0.035919189453125 -0.0158462524414063
0.0276851654052734 -0.0166034698486328 0.0247592926025391 -0.0295028686523438
0.0181789398193359 -0.0287151336669922 0.0117073059082031 -0.0279197692871094
0.0161495208740234 -0.0288333892822266 0.00050067901611328 -0.0164213180541992
0.0165977478027344 -0.0312385559082031 -0.00841760635375976 -0.00850105285644532
0.0226421356201172 -0.0289764404296875 -0.0164737701416016 -0.00583648681640625
0.0312519073486328 -0.0164585113525391 -0.0256271362304687 -0.00214576721191406
0.0328598022460938 -0.00411033630371094 -0.0258865356445312 -0.00794792175292969
0.0252151489257812 0.0122318267822266 -0.0283603668212891 -0.0118236541748047
0.0251312255859375 0.0186767578125 -0.0287723541259766 -0.00653839111328125
0.0244503021240234 0.0249652862548828 -0.0242710113525391 0.00217056274414063
0.0282173156738281 0.0442008972167969 0.00340080261230469 -0.0242328643798828
0.0311851501464844 0.0363578796386719 0.0166177749633789 0.00629711151123047
0.0325107574462891 0.0301589965820313 0.0276451110839844 0.0127143859863281
0.0408782958984375 0.0154342651367188 0.0388069152832031 0.00129318237304688
0.039337158203125 -0.00251007080078125 0.0303516387939453 -0.0113525390625
0.0326137542724609 -0.0216255187988281 0.0173282623291016 -0.0210113525390625
0.0207691192626953 -0.0329971313476563 0.0062713623046875 -0.0154743194580078
0.0184345245361328 -0.032440185546875 -0.00189876556396484 -0.00381898880004883
0.0180244445800781 -0.0365371704101563 -0.0101222991943359 0.00521659851074219
0.0242366790771484 -0.0345115661621094 -0.0200443267822266 0.00638580322265625
0.0351676940917969 -0.0220603942871094 -0.0285568237304687 0.00632095336914062
0.03973388671875 -0.0098419189453125 -0.028228759765625 -0.00290870666503906
0.035980224609375 0.012664794921875 -0.026580810546875 -0.00852584838867187
0.0360298156738281 0.0237197875976563 -0.018463134765625 -0.00135040283203125
0.0328083038330078 0.0317916870117188 -0.0138444900512695 0.0131826400756836
0.0311775207519531 0.0451774597167969 0.0138559341430664 -0.0104551315307617
0.0377769470214844 0.03839111328125 0.0254783630371094 0.0160560607910156
0.0401229858398438 0.0292739868164063 0.0302906036376953 0.0160064697265625
0.0460128784179688 0.0113143920898438 0.0356826782226563 0.00461578369140625
0.040435791015625 -0.00675201416015625 0.0233325958251953 -0.00565910339355469
0.0314559936523438 -0.0246448516845703 0.00902843475341797 -0.0108013153076172
0.0196094512939453 -0.0328197479248047 0.000642061233520509 -0.00139892101287842
0.0180072784423828 -0.0315818786621094 -0.00445079803466797 0.0106515884399414
0.017303466796875 -0.0349102020263672 -0.0116081237792969 0.0193080902099609
0.0232925415039063 -0.0332908630371094 -0.0226821899414063 0.0183982849121094
0.0345325469970703 -0.022430419921875 -0.0305690765380859 0.0154647827148437
0.04083251953125 -0.0112113952636719 -0.0285701751708984 0.00199699401855469
0.0397758483886719 0.0128669738769531 -0.02288818359375 -0.00533103942871093
0.0401344299316406 0.0268630981445313 -0.00622749328613281 0.0042567253112793
0.0349502563476563 0.0345859527587891 -0.00136756896972656 0.0259838104248047
0.0293769836425781 0.0388984680175781 0.0238037109375 0.00143814086914063
0.0381927490234375 0.0327301025390625 0.0338459014892578 0.0220146179199219
0.0406417846679688 0.0224380493164063 0.0302848815917969 0.0174388885498047
0.0435028076171875 0.00408172607421875 0.0296516418457031 0.00808906555175781
0.0345706939697266 -0.0109157562255859 0.0161466598510742 0.00171470642089844
0.0241661071777344 -0.0244712829589844 0.00252509117126465 0.00135231018066406
0.0148220062255859 -0.0272502899169922 -0.00221443176269531 0.0121603012084961
0.0145530700683594 -0.0259666442871094 -0.00615882873535156 0.0229625701904297
0.0144996643066406 -0.0281028747558594 -0.0128383636474609 0.0302963256835937
0.0188884735107422 -0.0267753601074219 -0.0256729125976563 0.0274448394775391
0.0297870635986328 -0.0178356170654297 -0.0322494506835938 0.0217857360839844
0.0363845825195313 -0.00872421264648438 -0.0284309387207031 0.00588226318359374
0.0369377136230469 0.0137138366699219 -0.0182380676269531 -0.00272369384765625
0.0367317199707031 0.0271720886230469 0.00422000885009766 0.0102624893188477
0.0302181243896484 0.0337753295898438 0.00876235961914063 0.0385398864746094
0.0230464935302734 0.0258560180664063 0.0323562622070313 0.0088653564453125
0.0327358245849609 0.0216751098632813 0.0390357971191406 0.0225410461425781
0.0336399078369141 0.0110626220703125 0.0290031433105469 0.0161571502685547
0.0313339233398438 -0.00317955017089844 0.0240497589111328 0.0112133026123047
0.0218505859375 -0.0134773254394531 0.0112400054931641 0.00752544403076172
0.0117416381835938 -0.0188617706298828 -0.000530242919921874 0.012333869934082
0.00745391845703125 -0.0177516937255859 -0.0031890869140625 0.0227870941162109
0.00844097137451172 -0.0157184600830078 -0.00676345825195312 0.0311717987060547
0.00952529907226562 -0.0173206329345703 -0.0154609680175781 0.0376625061035156
0.0119142532348633 -0.0164833068847656 -0.0283718109130859 0.0335960388183594
0.0203647613525391 -0.0109958648681641 -0.0340919494628906 0.0240402221679687
0.0265331268310547 -0.00545501708984375 -0.0278701782226563 0.00750732421875
0.0272045135498047 0.0129203796386719 -0.0150270462036133 -0.000158309936523438
0.0269241333007813 0.0231113433837891 0.011195182800293 0.0161552429199219
0.0207366943359375 0.0270481109619141 0.0152015686035156 0.0503654479980469
0.0106086730957031 0.0116500854492188 0.0373878479003906 0.0113563537597656
0.0208034515380859 0.00923919677734375 0.0407333374023438 0.0205116271972656
0.0203628540039063 -0.000383377075195313 0.0272998809814453 0.0146408081054688
0.014399528503418 -0.00795173645019531 0.0200557708740234 0.0135898590087891
0.00584125518798828 -0.0110082626342773 0.0103321075439453 0.0121707916259766
-0.00121879577636719 -0.00858736038208008 0.000831604003906251 0.019500732421875
-0.000767707824707032 -0.00439977645874023 -0.00131034851074219 0.0284290313720703
0.00198173522949219 -0.00375795364379883 -0.0061187744140625 0.0352210998535156
0.00260376930236816 -0.00437831878662109 -0.0180549621582031 0.0404014587402344
0.00288867950439453 -0.00583362579345703 -0.0323028564453125 0.0351219177246094
0.00818729400634766 -0.00556659698486328 -0.0361289978027344 0.0245704650878906
0.0135374069213867 -0.00332069396972656 -0.0295066833496094 0.00866127014160156
0.0159521102905273 0.00755500793457031 -0.0146350860595703 0.00113773345947266
0.0146493911743164 0.0132284164428711 0.0116920471191406 0.0212974548339844
0.00874137878417969 0.0161848068237305 0.0163116455078125 0.0576972961425781
0.000691413879394531 0.00822544097900391 -0.0188026428222656 -0.0532875061035156
-0.00221896171569824 0.00148916244506836 -0.00632858276367188 -0.0197353363037109
-0.00281238555908203 0.0048065185546875 0.0160446166992188 0.00155830383300781
0.00270223617553711 0.00556850433349609 0.0353507995605469 -0.00653076171875
0.0062251091003418 0.00126171112060547 0.038238525390625 -0.0204887390136719
0.0065302848815918 -0.00434303283691406 0.0312385559082031 -0.0384445190429688
0.00409030914306641 -0.0106277465820313 0.01678466796875 -0.0433769226074219
0.0046844482421875 -0.00988674163818359 0.00501823425292968 -0.0348224639892578
0.00656414031982422 -0.00902175903320313 -0.00314903259277344 -0.0260410308837891
0.00973606109619141 -0.00608158111572266 -0.0073089599609375 -0.0208835601806641
0.0104770660400391 0.000277519226074219 -0.0172872543334961 -0.0138587951660156
0.00536155700683594 0.00781106948852539 -0.0208950042724609 -0.0140438079833984
-0.00498628616333008 0.00590181350708008 -0.0279045104980469 -0.0201091766357422
-0.00528907775878906 0.000881195068359375 -0.0389404296875 -0.0180931091308594
-0.00222682952880859 0.0036928653717041 -0.0347404479980469 -0.0130290985107422
0.0122737884521484 0.0244369506835938 -0.01312255859375 -0.0478744506835938
0.0105209350585937 0.0142040252685547 0.000592231750488281 -0.0140275955200195
0.0090341567993164 0.0150060653686523 0.0205783843994141 0.0039215087890625
0.0161809921264648 0.0107107162475586 0.0375556945800781 -0.004608154296875
0.0190677642822266 0.00135421752929688 0.0378570556640625 -0.0181388854980469
0.01788330078125 -0.0109386444091797 0.0294933319091797 -0.0343856811523437
0.0118961334228516 -0.0213508605957031 0.0147590637207031 -0.0372200012207031
0.0111236572265625 -0.0212287902832031 0.00325393676757813 -0.0273857116699219
0.0127162933349609 -0.0219669342041016 -0.0064697265625 -0.0188007354736328
0.0180244445800781 -0.0194988250732422 -0.0126867294311523 -0.015625
0.0230884552001953 -0.00841522216796875 -0.0215606689453125 -0.00965118408203125
0.0216503143310547 0.00233078002929688 -0.0234909057617188 -0.0117931365966797
0.0111198425292969 0.0115251541137695 -0.028778076171875 -0.0157947540283203
0.0100526809692383 0.0123586654663086 -0.0358772277832031 -0.0125083923339844
0.012110710144043 0.0158863067626953 -0.0320796966552734 -0.00705146789550781
0.021209716796875 0.0374183654785156 -0.00511550903320312 -0.0373382568359375
0.0210838317871094 0.0271110534667969 0.00842094421386719 -0.00452852249145508
0.0209598541259766 0.0249614715576172 0.0250606536865234 0.00843620300292969
0.0295524597167969 0.0149097442626953 0.0395355224609375 -0.00143814086914062
0.0310401916503906 0.000560760498046875 0.0356216430664063 -0.015045166015625
0.0280113220214844 -0.0172309875488281 0.0246505737304687 -0.0289211273193359
0.0180759429931641 -0.0292854309082031 0.0113887786865234 -0.0273723602294922
0.016326904296875 -0.0287513732910156 0.000568389892578125 -0.0163240432739258
0.0164909362792969 -0.0321197509765625 -0.00828361511230468 -0.00733089447021485
0.0233592987060547 -0.0296573638916016 -0.0172252655029297 -0.00541019439697266
0.0319499969482422 -0.0169467926025391 -0.0260906219482422 -0.00146675109863282
0.0333118438720703 -0.00426292419433594 -0.0264854431152344 -0.00755119323730469
0.0259780883789063 0.0134563446044922 -0.0285587310791016 -0.0117607116699219
0.0250377655029297 0.0200138092041016 -0.0291366577148438 -0.00615882873535156
0.0238208770751953 0.0257930755615234 -0.0243320465087891 0.00260734558105469
0.0283546447753906 0.0444602966308594 0.00399017333984375 -0.0234642028808594
0.0305519104003906 0.0363311767578125 0.01690673828125 0.00703907012939453
0.0326404571533203 0.0306110382080078 0.0280494689941406 0.0139751434326172
0.0406265258789063 0.0148506164550781 0.0390281677246094 0.001556396484375
0.0390090942382812 -0.002655029296875 0.0306110382080078 -0.0103969573974609
0.0324134826660156 -0.0223731994628906 0.0174674987792969 -0.0200328826904297
0.0211372375488281 -0.0333156585693359 0.00625705718994141 -0.0148630142211914
0.0182361602783203 -0.0326385498046875 -0.00188541412353516 -0.00295162200927735
0.0175857543945312 -0.0365028381347656 -0.0102033615112305 0.006561279296875
0.0244827270507813 -0.0352935791015625 -0.0206146240234375 0.00677680969238281
0.0348529815673828 -0.0226020812988281 -0.0294933319091797 0.00731849670410156
0.0398826599121094 -0.0093841552734375 -0.0286197662353516 -0.00249481201171876
0.0363044738769531 0.0125579833984375 -0.0266361236572266 -0.00828361511230469
0.0360946655273438 0.0247306823730469 -0.018463134765625 -0.000673294067382815
0.0327816009521484 0.0318431854248047 -0.0131378173828125 0.0137939453125
0.0310897827148438 0.0451202392578125 0.0138139724731445 -0.00973701477050781
0.0373992919921875 0.0378227233886719 0.0255947113037109 0.0170040130615234
0.0401954650878906 0.0296401977539062 0.0299243927001953 0.0176258087158203
0.0464210510253906 0.0107231140136719 0.0356369018554688 0.00545883178710938
0.04071044921875 -0.00732803344726563 0.0232906341552734 -0.00482177734375
0.0315933227539063 -0.0246791839599609 0.00926494598388672 -0.0095968246459961
0.0194282531738281 -0.0329303741455078 0.00142133235931397 -0.000962376594543459
0.0177059173583984 -0.0314865112304688 -0.00393009185791015 0.0107917785644531
0.0173797607421875 -0.0346546173095703 -0.0117092132568359 0.0201148986816406
0.0228404998779297 -0.0332813262939453 -0.0232925415039062 0.0194892883300781
0.0342330932617188 -0.0222530364990234 -0.0309219360351562 0.0163841247558594
0.0406723022460937 -0.0110893249511719 -0.0287113189697266 0.00235366821289062
0.04046630859375 0.0134658813476563 -0.0228176116943359 -0.00497245788574218
0.0400199890136719 0.0266685485839844 -0.00675392150878906 0.0052495002746582
0.0343399047851563 0.0345954895019531 -0.00136947631835937 0.0264415740966797
0.02935791015625 0.0377388000488281 0.02398681640625 0.00213241577148438
0.0377922058105469 0.0322418212890625 0.0330162048339844 0.022613525390625
0.0409812927246094 0.0223312377929688 0.0304813385009766 0.0185317993164063
0.0428428649902344 0.00421524047851563 0.0304088592529297 0.00889968872070313
0.0343208312988281 -0.0116291046142578 0.016819953918457 0.00213241577148437
0.0237979888916016 -0.0238990783691406 0.00294280052185059 0.00253105163574219
0.0143280029296875 -0.0272769927978516 -0.00209522247314453 0.0131130218505859
0.0140628814697266 -0.0251884460449219 -0.00631523132324219 0.0229587554931641
0.0145816802978516 -0.0272502899169922 -0.0132770538330078 0.0313034057617188
0.0185394287109375 -0.0262794494628906 -0.0256214141845703 0.0286655426025391
0.0291996002197266 -0.0179328918457031 -0.0321807861328125 0.0221004486083984
0.0362129211425781 -0.00934982299804688 -0.0291595458984375 0.00643348693847657
0.0362663269042969 0.0132675170898438 -0.0185928344726562 -0.00199699401855469
0.0366973876953125 0.0265426635742187 0.00369739532470703 0.0104961395263672
0.0300159454345703 0.0331974029541016 0.00778198242187501 0.0392265319824219
0.0222759246826172 0.0255603790283203 0.0318183898925781 0.00951957702636719
0.0322666168212891 0.0209007263183594 0.0389976501464844 0.0236358642578125
0.0339279174804688 0.0109043121337891 0.0296039581298828 0.0177040100097656
0.0309257507324219 -0.00350189208984375 0.0239028930664063 0.0119400024414062
0.0209388732910156 -0.0128898620605469 0.0120697021484375 0.00841236114501953
0.0113048553466797 -0.0180759429931641 0.000235557556152343 0.0133123397827148
0.00701141357421875 -0.0169143676757813 -0.00282096862792969 0.0230484008789063
0.00833988189697265 -0.0152263641357422 -0.00652694702148438 0.0312576293945313
0.00921726226806641 -0.0165262222290039 -0.015716552734375 0.0385627746582031
0.0118398666381836 -0.0154705047607422 -0.0288467407226563 0.0340042114257813
0.0201129913330078 -0.0109043121337891 -0.0342903137207031 0.0249137878417969
0.0260028839111328 -0.00470161437988281 -0.0291004180908203 0.00778388977050781
0.0270671844482422 0.0120849609375 -0.0156469345092773 -0.000238418579101562
0.0266628265380859 0.0222015380859375 0.0105724334716797 0.0161724090576172
0.0210590362548828 0.0267505645751953 0.0142478942871094 0.0504112243652344
0.0113105773925781 0.00992774963378906 0.0369186401367188 0.0102310180664063
0.0204296112060547 0.00725555419921875 0.0405731201171875 0.0202178955078125
0.0198574066162109 -0.000255584716796875 0.0281219482421875 0.0148715972900391
0.0137443542480469 -0.00827693939208984 0.0205955505371094 0.0141735076904297
0.00518798828125 -0.0107240676879883 0.0109786987304687 0.0129003524780273
-0.00244283676147461 -0.00742721557617188 0.00179862976074219 0.0191764831542969
-0.000350475311279297 -0.00356626510620117 -0.00117683410644531 0.0279731750488281
0.00158429145812988 -0.00329256057739258 -0.00590896606445312 0.0345745086669922
0.00257563591003418 -0.00390529632568359 -0.0170707702636719 0.0407791137695313
0.00218677520751953 -0.00493621826171875 -0.0324668884277344 0.0351524353027344
0.00731992721557617 -0.00511407852172851 -0.0358963012695313 0.0247154235839844
0.0130119323730469 -0.0037078857421875 -0.0294952392578125 0.00901222229003906
0.0153408050537109 0.00686550140380859 -0.0148801803588867 0.0013580322265625
0.0142421722412109 0.0129890441894531 0.011383056640625 0.020782470703125
0.00878429412841797 0.0146903991699219 0.0160408020019531 0.0576705932617188
0.00107192993164062 0.00977611541748047 -0.0178718566894531 -0.0536117553710938
-0.00165605545043945 0.0021674633026123 -0.00579071044921875 -0.0194683074951172
-0.00205373764038086 0.00484943389892578 0.0169029235839844 0.00224685668945313
0.00379228591918945 0.0051722526550293 0.0366783142089844 -0.00575637817382813
0.00665998458862305 0.000975608825683594 0.0388908386230469 -0.0205192565917969
0.00687313079833984 -0.00492000579833984 0.0319099426269531 -0.0388374328613281
0.00426483154296875 -0.0120038986206055 0.0173721313476563 -0.0436553955078125
0.00486278533935547 -0.0107822418212891 0.00491714477539063 -0.0348396301269531
0.00685596466064453 -0.0105304718017578 -0.00333404541015625 -0.0259532928466797
0.0110464096069336 -0.00742340087890625 -0.00769996643066406 -0.0214042663574219
0.0114679336547852 0.000460624694824219 -0.017791748046875 -0.0143337249755859
0.00648212432861328 0.00799274444580078 -0.021575927734375 -0.0144996643066406
-0.00495815277099609 0.0069584846496582 -0.0288543701171875 -0.0208683013916016
-0.00516319274902344 0.0022125244140625 -0.0393753051757813 -0.0192413330078125
-0.00241708755493164 0.00510263442993164 -0.0354080200195312 -0.0140342712402344
0.0132102966308594 0.0268325805664063 -0.0124473571777344 -0.0480995178222656
0.0107669830322266 0.0160951614379883 0.00119400024414063 -0.0139255523681641
0.00983619689941406 0.0156211853027344 0.0212860107421875 0.00485801696777344
0.0176029205322266 0.010223388671875 0.0389213562011719 -0.00355148315429688
0.0199718475341797 0.00102424621582031 0.0387344360351563 -0.017791748046875
0.0189247131347656 -0.0120964050292969 0.0302200317382813 -0.0342826843261719
0.0120925903320312 -0.0224475860595703 0.0161056518554688 -0.0372428894042969
0.0113372802734375 -0.0224494934082031 0.00344276428222656 -0.0271930694580078
0.0134029388427734 -0.0235977172851563 -0.00636482238769531 -0.0186214447021484
0.0194740295410156 -0.0208282470703125 -0.0131187438964844 -0.0154266357421875
0.0244064331054688 -0.0084381103515625 -0.0222835540771484 -0.00936508178710938
0.0228900909423828 0.0026702880859375 -0.0243663787841797 -0.0119380950927734
0.0121793746948242 0.0127143859863281 -0.0294723510742187 -0.0163917541503906
0.0105104446411133 0.014277458190918 -0.0365028381347656 -0.0125770568847656
0.0124149322509766 0.0179347991943359 -0.0329551696777344 -0.00699043273925782
0.0222816467285156 0.0394172668457031 -0.004638671875 -0.0374298095703125
0.0217075347900391 0.0283317565917969 0.00976943969726563 -0.00367259979248047
0.0220432281494141 0.0260334014892578 0.0252590179443359 0.0104217529296875
0.0304946899414063 0.0151138305664063 0.0408668518066406 -0.000823974609374999
0.0320205688476563 1.52587890625E-05 0.036651611328125 -0.0140762329101562
0.0289039611816406 -0.0178508758544922 0.0254192352294922 -0.0280380249023437
0.0185050964355469 -0.0305118560791016 0.0120506286621094 -0.0268383026123047
0.01629638671875 -0.0302619934082031 0.00121021270751953 -0.0154504776000977
0.0173206329345703 -0.0333576202392578 -0.00830078125 -0.00612401962280274
0.0244998931884766 -0.0310096740722656 -0.0179634094238281 -0.00455856323242187
0.0332698822021484 -0.0175914764404297 -0.0273075103759766 -0.00106048583984375
0.0345420837402344 -0.00365257263183594 -0.0282745361328125 -0.00726890563964844
0.026947021484375 0.0150909423828125 -0.0295467376708984 -0.0118618011474609
0.0253658294677734 0.0214576721191406 -0.0297775268554688 -0.00614738464355468
0.0244083404541016 0.0269527435302734 -0.0249462127685547 0.00290298461914062
0.0286941528320313 0.0462303161621094 0.00502395629882813 -0.0230903625488281
0.0309677124023438 0.0373573303222656 0.0181427001953125 0.00828742980957031
0.0337123870849609 0.0316486358642578 0.0295295715332031 0.0156574249267578
0.0424003601074219 0.0151405334472656 0.04095458984375 0.002685546875
0.0406303405761719 -0.00284576416015625 0.0317630767822266 -0.00996971130371094
0.0337638854980469 -0.0230560302734375 0.0188407897949219 -0.0192775726318359
0.0212001800537109 -0.0336723327636719 0.00714874267578125 -0.0137166976928711
0.0183429718017578 -0.0336875915527344 -0.000928282737731933 -0.00190544128417969
0.018310546875 -0.0377960205078125 -0.0102014541625977 0.00807094573974609
0.0244979858398438 -0.0359687805175781 -0.0214805603027344 0.00838279724121094
0.0363540649414063 -0.023040771484375 -0.0297431945800781 0.00822067260742188
0.0410652160644531 -0.009796142578125 -0.0297622680664062 -0.00201606750488281
0.0372200012207031 0.0143890380859375 -0.0273628234863281 -0.00781440734863282
0.0366477966308594 0.026397705078125 -0.0188140869140625 0.000101089477539061
0.0326328277587891 0.033294677734375 -0.0145387649536133 0.0147247314453125
0.0313873291015625 0.0461006164550781 0.0152015686035156 -0.00914478302001953
0.0370979309082031 0.0383529663085938 0.0264148712158203 0.0186595916748047
0.0413703918457031 0.0313491821289063 0.0315666198730469 0.0195045471191406
0.0471420288085938 0.0116004943847656 0.0367622375488281 0.00678634643554688
0.0415802001953125 -0.00703811645507813 0.0246448516845703 -0.00389862060546875
0.0325489044189453 -0.0249271392822266 0.0104589462280273 -0.00802326202392578
0.0200862884521484 -0.0326423645019531 0.00206506252288818 0.000249981880187986
0.0180244445800781 -0.0315589904785156 -0.0043954849243164 0.0122699737548828
0.0179710388183594 -0.0356674194335938 -0.0118675231933594 0.0222129821777344
0.0231075286865234 -0.0340290069580078 -0.0241813659667969 0.0203475952148437
0.0349521636962891 -0.0227470397949219 -0.0321273803710937 0.0175361633300781
0.0414390563964844 -0.0107536315917969 -0.0295372009277344 0.00273323059082031
0.0406379699707031 0.0142745971679688 -0.0232200622558594 -0.00416183471679687
0.04034423828125 0.0281753540039063 -0.00698184967041015 0.00516748428344727
0.03466796875 0.03564453125 -0.0026397705078125 0.0281238555908203
0.0291824340820313 0.0384368896484375 0.0243282318115234 0.00292205810546875
0.0375862121582031 0.0325088500976563 0.0340900421142578 0.0245876312255859
0.0421218872070312 0.022918701171875 0.0317649841308594 0.0207424163818359
0.0435905456542969 0.0040740966796875 0.0312900543212891 0.0107517242431641
0.0344676971435547 -0.0108699798583984 0.017822265625 0.00308990478515625
0.02484130859375 -0.023681640625 0.00376129150390625 0.00345039367675781
0.0148296356201172 -0.0272197723388672 -0.00206565856933594 0.0133581161499023
0.0146083831787109 -0.0255165100097656 -0.00576400756835937 0.0236911773681641
0.0150356292724609 -0.0277500152587891 -0.0135993957519531 0.0330924987792969
0.0187129974365234 -0.0262241363525391 -0.0266056060791016 0.0299015045166016
0.0295028686523437 -0.0178356170654297 -0.0332851409912109 0.0235137939453125
0.0361175537109375 -0.00918960571289063 -0.0296077728271484 0.00664710998535156
0.0368843078613281 0.013824462890625 -0.0187931060791016 -0.00170135498046875
0.03656005859375 0.0274200439453125 0.00342369079589844 0.0110063552856445
0.0299797058105469 0.0333042144775391 0.00692367553710938 0.0410079956054688
0.0220546722412109 0.0252399444580078 0.0318870544433594 0.0102596282958984
0.0323123931884766 0.0207920074462891 0.0390281677246094 0.0247650146484375
0.0341930389404297 0.0114212036132813 0.0303077697753906 0.019134521484375
0.031402587890625 -0.00398445129394531 0.0252571105957031 0.0132484436035156
0.0210189819335938 -0.0134849548339844 0.0123319625854492 0.00963592529296875
0.0114974975585938 -0.0172653198242188 0.000908851623535157 0.0144186019897461
0.00767421722412109 -0.0163097381591797 -0.00269126892089844 0.0234737396240234
0.00894737243652344 -0.014958381652832 -0.0066375732421875 0.0321502685546875
0.00933074951171875 -0.0163469314575195 -0.0160293579101563 0.039520263671875
0.0118980407714844 -0.0149211883544922 -0.0297355651855469 0.0352783203125
0.0199508666992188 -0.0103950500488281 -0.0350742340087891 0.0256977081298828
0.0258922576904297 -0.00502395629882812 -0.0297336578369141 0.00840759277343749
0.0267486572265625 0.0121650695800781 -0.0160636901855469 -0.000242233276367184
0.0265541076660156 0.0224571228027344 0.0105218887329102 0.0170516967773438
0.0204982757568359 0.0262851715087891 0.0129508972167969 0.0522117614746094
0.0109834671020508 0.00910472869873047 0.0371932983398438 0.0117645263671875
0.0200958251953125 0.00734519958496094 0.041015625 0.0225677490234375
0.0200347900390625 -0.00104713439941406 0.0283985137939453 0.0168170928955078
0.0135164260864258 -0.00870895385742188 0.0214748382568359 0.0156021118164063
0.00399589538574219 -0.0106964111328125 0.0119028091430664 0.0131425857543945
-0.00217580795288086 -0.00677919387817383 0.0022430419921875 0.0199775695800781
-0.00111007690429688 -0.00240945816040039 -0.00141525268554687 0.0283775329589844
0.00164031982421875 -0.00267267227172852 -0.00677108764648437 0.0355148315429688
0.00226283073425293 -0.00279974937438965 -0.0175056457519531 0.042327880859375
0.00226569175720215 -0.00408220291137695 -0.0333671569824219 0.0361480712890625
0.00744819641113281 -0.00460958480834961 -0.0375518798828125 0.0251960754394531
0.0128583908081055 -0.00325298309326172 -0.0304450988769531 0.00860595703125
0.0148200988769531 0.00701904296875 -0.0157346725463867 0.00139236450195312
0.0141534805297852 0.012481689453125 0.0108966827392578 0.0212497711181641
0.00847625732421875 0.0136280059814453 0.0149192810058594 0.0594596862792969
0.00244712829589844 0.0116968154907227 -0.0183258056640625 -0.0562019348144531
-0.000561237335205078 0.00288963317871094 -0.0051422119140625 -0.0200119018554688
-0.00106000900268555 0.00546693801879883 0.0184955596923828 0.00252342224121094
0.00474452972412109 0.00520086288452148 0.0382652282714844 -0.006591796875
0.00812530517578125 0.000107765197753906 0.0404548645019531 -0.0217094421386719
0.00757265090942383 -0.00707864761352539 0.0327987670898438 -0.0408096313476563
0.00381755828857422 -0.0135765075683594 0.0173187255859375 -0.0456428527832031
0.00470829010009765 -0.01263427734375 0.0048370361328125 -0.0362510681152344
0.00736427307128906 -0.0125102996826172 -0.00381088256835938 -0.02667236328125
0.0120458602905273 -0.008697509765625 -0.00933647155761719 -0.0215740203857422
0.0132360458374023 -8.392333984375E-05 -0.0190925598144531 -0.0144519805908203
0.00794839859008789 0.00853538513183594 -0.023284912109375 -0.0155010223388672
-0.00449180603027344 0.00850009918212891 -0.0308036804199219 -0.0221366882324219
-0.00557708740234375 0.0041656494140625 -0.0414581298828125 -0.0199432373046875
-0.00188732147216797 0.00665473937988281 -0.0368461608886719 -0.01422119140625
0.0139942169189453 0.0284805297851563 -0.0121498107910156 -0.0497703552246094
0.0125055313110352 0.0165805816650391 0.00257396697998047 -0.0135011672973633
0.0113620758056641 0.0166301727294922 0.0229911804199219 0.00542259216308594
0.0189723968505859 0.0101318359375 0.0410270690917969 -0.0040740966796875
0.0215187072753906 0.000478744506835938 0.0404396057128906 -0.0183868408203125
0.0201225280761719 -0.0142402648925781 0.03131103515625 -0.0353279113769531
0.0123519897460938 -0.0249423980712891 0.0162353515625 -0.0383529663085938
0.0111446380615234 -0.0244178771972656 0.00366973876953125 -0.0281467437744141
0.0133571624755859 -0.0264739990234375 -0.00642585754394531 -0.0185813903808594
0.0205593109130859 -0.0224494934082031 -0.0146484375 -0.0148696899414063
0.0266189575195313 -0.00955581665039063 -0.0243663787841797 -0.00938034057617188
0.02484130859375 0.00326347351074219 -0.0264492034912109 -0.0123214721679688
0.0130500793457031 0.0143833160400391 -0.0315036773681641 -0.0168437957763672
0.0114526748657227 0.0160646438598633 -0.0379447937011719 -0.0129737854003906
0.0129776000976563 0.0195484161376953 -0.0336208343505859 -0.00678825378417969
0.0232505798339844 0.041229248046875 -0.00391769409179688 -0.0384941101074219
0.0222969055175781 0.0304050445556641 0.0108985900878906 -0.00272560119628906
0.0243549346923828 0.0269603729248047 0.0281867980957031 0.0109882354736328
0.0330295562744141 0.0149803161621094 0.0436935424804688 -0.000255584716796874
0.0334281921386719 -0.000728607177734375 0.0380821228027344 -0.0143394470214844
0.0300006866455078 -0.0199184417724609 0.0266456604003906 -0.0283718109130859
0.0190086364746094 -0.0328826904296875 0.0129051208496094 -0.0274219512939453
0.0166568756103516 -0.0324039459228516 0.00119400024414063 -0.0156764984130859
0.0176925659179688 -0.0362586975097656 -0.00830364227294922 -0.00492238998413086
0.0250644683837891 -0.0328521728515625 -0.0191860198974609 -0.00320816040039062
0.0352516174316406 -0.018768310546875 -0.0291919708251953 -0.000143051147460935
0.037384033203125 -0.00442123413085937 -0.0295829772949219 -0.00718498229980469
0.0285549163818359 0.0163478851318359 -0.0310230255126953 -0.0114860534667969
0.0269699096679688 0.0240573883056641 -0.03094482421875 -0.00582313537597657
0.0254421234130859 0.0295639038085938 -0.0258255004882813 0.00405120849609375
0.0298805236816406 0.0485000610351563 0.00562477111816406 -0.0236797332763672
0.0326919555664062 0.0387306213378906 0.0196952819824219 0.00948715209960938
0.0361900329589844 0.0331077575683594 0.0319805145263672 0.0171089172363281
0.0443916320800781 0.0149993896484375 0.0433998107910156 0.00355148315429688
0.0418815612792969 -0.00323867797851563 0.0331649780273438 -0.00916481018066406
0.0347309112548828 -0.0241451263427734 0.0194034576416016 -0.0187149047851563
0.0218048095703125 -0.03643798828125 0.00772380828857422 -0.0138616561889648
0.0186576843261719 -0.0358390808105469 -0.000931501388549804 -0.000936090946197512
0.0188713073730469 -0.0398063659667969 -0.010279655456543 0.0101528167724609
0.0255317687988281 -0.0377998352050781 -0.0221405029296875 0.010284423828125
0.03802490234375 -0.0246925354003906 -0.0322933197021484 0.0100784301757812
0.043548583984375 -0.0106391906738281 -0.03155517578125 -0.0010223388671875
0.039459228515625 0.0152130126953125 -0.0288181304931641 -0.00744247436523438
0.0386466979980469 0.0274276733398437 -0.0196170806884766 0.000572204589843755
0.0339241027832031 0.0351753234863281 -0.0149765014648438 0.0169858932495117
0.0328292846679688 0.0478248596191406 0.0156497955322266 -0.00835990905761718
0.0379714965820312 0.0398178100585937 0.0283393859863281 0.0206203460693359
0.0438575744628906 0.0320549011230469 0.0340557098388672 0.0213947296142578
0.0490570068359375 0.0112342834472656 0.03924560546875 0.00807571411132812
0.0429763793945313 -0.00764083862304687 0.0260715484619141 -0.00268936157226563
0.0335273742675781 -0.0263652801513672 0.0117244720458984 -0.00749874114990235
0.0202598571777344 -0.0346603393554688 0.00248336791992188 0.00116467475891113
0.0182342529296875 -0.0330848693847656 -0.00360393524169922 0.0131168365478516
0.0181655883789062 -0.0371017456054688 -0.0117721557617188 0.0244350433349609
0.0239143371582031 -0.0352783203125 -0.02496337890625 0.0232295989990234
0.0365066528320313 -0.0236625671386719 -0.0333881378173828 0.0194263458251953
0.0433921813964844 -0.0123977661132813 -0.0321636199951172 0.00454139709472656
0.0431327819824219 0.0145530700683594 -0.0246334075927734 -0.00377655029296875
0.0419387817382813 0.0291404724121094 -0.00729894638061523 0.00689363479614258
0.0357131958007813 0.0368194580078125 -0.00287437438964844 0.0308513641357422
0.0306777954101563 0.0391769409179688 0.0255184173583984 0.00427436828613282
0.0387191772460938 0.0333938598632813 0.0356788635253906 0.0268669128417969
0.0436592102050781 0.0236358642578125 0.0340766906738281 0.0225162506103516
0.0449142456054688 0.00323867797851562 0.0334415435791016 0.0110206604003906
0.0355148315429687 -0.0118789672851563 0.0184040069580078 0.00400543212890625
0.0248985290527344 -0.0239620208740234 0.00484752655029297 0.00493335723876953
0.0150432586669922 -0.0274181365966797 -0.000971794128417969 0.0150327682495117
0.014434814453125 -0.0260353088378906 -0.00507354736328125 0.0256290435791016
0.0151481628417969 -0.0282001495361328 -0.0132293701171875 0.0359992980957031
0.0194435119628906 -0.02667236328125 -0.0274505615234375 0.0330295562744141
0.0300388336181641 -0.0184097290039063 -0.0349445343017578 0.0256385803222656
0.0371932983398437 -0.009552001953125 -0.0313644409179687 0.00814819335937501
0.0385856628417969 0.0142288208007813 -0.0200653076171875 -0.00107002258300782
0.0379905700683594 0.02740478515625 0.00386619567871094 0.012115478515625
0.030975341796875 0.0338401794433594 0.00722503662109375 0.0435829162597656
0.0234165191650391 0.0255107879638672 0.0334110260009766 0.0113353729248047
0.0327186584472656 0.0205612182617187 0.04095458984375 0.0275230407714844
0.0359077453613281 0.0111503601074219 0.0329685211181641 0.0207653045654297
0.0318107604980469 -0.00419044494628906 0.0269298553466797 0.0144004821777344
0.0207862854003906 -0.0138530731201172 0.0142383575439453 0.010340690612793
0.0118036270141602 -0.0171546936035156 0.00251102447509766 0.0149106979370117
0.00758743286132813 -0.015925407409668 -0.00193023681640625 0.0244884490966797
0.00879955291748047 -0.0150995254516602 -0.00589561462402344 0.0337047576904297
0.009765625 -0.015589714050293 -0.0159263610839844 0.0424461364746094
0.0122871398925781 -0.0147771835327148 -0.0307769775390625 0.0380516052246094
0.0199012756347656 -0.0102519989013672 -0.036865234375 0.0282630920410156
0.0260696411132812 -0.00566864013671875 -0.0314502716064453 0.0098743438720703
0.0275115966796875 0.0125007629394531 -0.0170717239379883 0.000851631164550784
0.0274028778076172 0.0217781066894531 0.0105075836181641 0.0179805755615234
0.0210342407226563 0.0262641906738281 0.0136337280273437 0.05517578125
0.0114574432373047 0.0082550048828125 0.0386314392089844 0.0122451782226563
0.0202178955078125 0.00637054443359375 0.0430870056152344 0.0234184265136719
0.0206050872802734 -0.00214958190917969 0.0308284759521484 0.0176448822021484
0.0127830505371094 -0.00978565216064453 0.0235462188720703 0.0163707733154297
0.00294589996337891 -0.0110435485839844 0.0130987167358398 0.0143089294433594
-0.00276947021484375 -0.00547933578491211 0.00387191772460938 0.0203208923339844
-0.000546395778656006 -0.000816404819488525 -0.00076484680175781 0.0290298461914063
0.00178909301757813 -0.00115668773651123 -0.00634384155273438 0.0372161865234375
0.00278735160827637 -0.00180339813232422 -0.0180702209472656 0.0446205139160156
0.00217700004577637 -0.00274658203125 -0.0340766906738281 0.0385475158691406
0.00658607482910156 -0.00413417816162109 -0.0383987426757812 0.0269279479980469
0.0119667053222656 -0.00305843353271484 -0.0319766998291016 0.0099334716796875
0.0145645141601563 0.00696754455566406 -0.0173759460449219 0.00156402587890625
0.0137844085693359 0.0121049880981445 0.0112762451171875 0.0219173431396484
0.00825977325439453 0.013127326965332 0.0153121948242187 0.0624160766601562
0.0038299560546875 0.0136127471923828 -0.0201454162597656 -0.0578880310058594
0.000994443893432617 0.00371146202087402 -0.00482749938964844 -0.0200366973876953
0.000575542449951172 0.00580453872680664 0.0201320648193359 0.0016632080078125
0.00654935836791992 0.00457525253295898 0.0398826599121094 -0.00823211669921875
0.008758544921875 -0.000911235809326172 0.0413932800292969 -0.0233535766601563
0.00786781311035156 -0.00897216796875 0.0323867797851563 -0.0430679321289063
0.00283241271972656 -0.0153417587280273 0.0164680480957031 -0.0480804443359375
0.00397014617919922 -0.0144243240356445 0.00381851196289063 -0.0368614196777344
0.00720500946044922 -0.015289306640625 -0.004974365234375 -0.0268650054931641
0.0127372741699219 -0.0109262466430664 -0.0113353729248047 -0.0214691162109375
0.0149059295654297 -0.00108623504638672 -0.0211849212646484 -0.0143280029296875
0.00988292694091797 0.00862789154052734 -0.0251998901367188 -0.0149250030517578
-0.00344371795654297 0.0101652145385742 -0.0333061218261719 -0.0220699310302734
-0.00467061996459961 0.00662517547607422 -0.0434951782226562 -0.0197334289550781
-0.00132369995117188 0.00942802429199219 -0.0380821228027344 -0.0134010314941406
0.0166339874267578 0.030242919921875 -0.0133628845214844 -0.0507316589355469
0.0144519805908203 0.0177955627441406 0.00344562530517578 -0.0135211944580078
0.0140066146850586 0.0171470642089844 0.0255184173583984 0.00476646423339844
0.0209426879882813 0.00948715209960938 0.0428733825683594 -0.00543212890625
0.0226726531982422 -0.00165557861328125 0.0416069030761719 -0.0195770263671875
0.0199050903320313 -0.0166511535644531 0.0311203002929688 -0.0369338989257813
0.0111675262451172 -0.0270195007324219 0.0158576965332031 -0.0394668579101563
0.0104694366455078 -0.0266132354736328 0.00277328491210937 -0.0280818939208984
0.0127735137939453 -0.0293483734130859 -0.00730133056640625 -0.0175666809082031
0.0207691192626953 -0.02532958984375 -0.015925407409668 -0.0138874053955078
0.0285472869873047 -0.0116806030273438 -0.0261173248291016 -0.00812149047851562
0.0272579193115234 0.00271415710449219 -0.0284233093261719 -0.0115871429443359
0.0151805877685547 0.0160770416259766 -0.0337791442871094 -0.0163002014160156
0.0127124786376953 0.0181598663330078 -0.0399742126464844 -0.0117988586425781
0.0146160125732422 0.0218620300292969 -0.0347061157226563 -0.00519561767578124
0.0265350341796875 0.0431938171386719 -0.00436782836914062 -0.0387954711914063
0.0255336761474609 0.0312900543212891 0.012547492980957 -0.00274848937988281
0.0274314880371094 0.0275669097900391 0.0309677124023438 0.0108261108398438
0.0352249145507812 0.0136947631835937 0.0459747314453125 -0.00131607055664062
0.0352363586425781 -0.00279998779296875 0.039886474609375 -0.0150527954101563
0.0302658081054688 -0.0227642059326172 0.0271682739257813 -0.02899169921875
0.0179481506347656 -0.03515625 0.0133647918701172 -0.0278949737548828
0.0156421661376953 -0.0350704193115234 0.00157356262207031 -0.014988899230957
0.0164642333984375 -0.0396881103515625 -0.00889492034912109 -0.00366592407226563
0.025115966796875 -0.0363044738769531 -0.020660400390625 -0.000951766967773443
0.036712646484375 -0.0213394165039063 -0.0308780670166016 0.00206756591796875
0.0398368835449219 -0.00554656982421875 -0.0317325592041016 -0.00540351867675781
0.0314750671386719 0.0174694061279297 -0.0333366394042969 -0.0103340148925781
0.02899169921875 0.0254249572753906 -0.0321388244628906 -0.00428771972656249
0.0274505615234375 0.0305900573730469 -0.0262031555175781 0.00645828247070313
0.0335922241210938 0.0499458312988281 0.00575065612792969 -0.0236644744873047
0.0352134704589844 0.0387458801269531 0.0218448638916016 0.0102157592773438
0.0400505065917969 0.0335769653320313 0.0350017547607422 0.0178012847900391
0.0468368530273437 0.0142402648925781 0.0457687377929688 0.00313949584960938
0.0431976318359375 -0.00537490844726562 0.0347175598144531 -0.00971603393554688
0.0358772277832031 -0.0265617370605469 0.0206947326660156 -0.0186729431152344
0.0211105346679687 -0.0380935668945313 0.00845718383789063 -0.0131683349609375
0.0178909301757813 -0.0377693176269531 -0.000588893890380858 0.00038105249404907
0.0178871154785156 -0.0427322387695313 -0.00945663452148437 0.0126590728759766
0.0254859924316406 -0.04052734375 -0.0228939056396484 0.0132465362548828
0.0387191772460938 -0.026885986328125 -0.0336551666259766 0.0132999420166016
0.0454444885253906 -0.0129013061523437 -0.0332069396972656 0.00118064880371094
0.0422554016113281 0.0153465270996094 -0.0304775238037109 -0.00529670715332031
0.0405960083007813 0.0279922485351562 -0.0205211639404297 0.00217437744140626
0.0361442565917969 0.0359725952148438 -0.0142955780029297 0.0194683074951172
0.0354728698730469 0.0484695434570313 0.0163755416870117 -0.00803661346435547
0.0405921936035156 0.0404777526855469 0.030914306640625 0.0215110778808594
0.0468521118164063 0.0320091247558594 0.0376434326171875 0.0218315124511719
0.0517845153808594 0.0104522705078125 0.0421867370605469 0.00778961181640625
0.0439491271972656 -0.00984954833984375 0.0283069610595703 -0.00301361083984375
0.0338554382324219 -0.0278472900390625 0.0126333236694336 -0.00656700134277344
0.0199928283691406 -0.0362892150878906 0.00351643562316895 0.00165462493896484
0.0174846649169922 -0.0349140167236328 -0.00225257873535156 0.0152692794799805
0.0175857543945313 -0.0389213562011719 -0.0103683471679687 0.0275058746337891
0.0233078002929687 -0.03680419921875 -0.025054931640625 0.0268898010253906
0.0366859436035156 -0.026275634765625 -0.0350723266601563 0.0230808258056641
0.0442123413085938 -0.0143356323242188 -0.0334510803222656 0.00701141357421874
0.04510498046875 0.0141105651855469 -0.0259380340576172 -0.00225067138671875
0.0442543029785156 0.0287818908691406 -0.0069737434387207 0.00792789459228516
0.0383186340332031 0.0372467041015625 -0.00188255310058594 0.033599853515625
0.0330848693847656 0.0391120910644531 0.0265350341796875 0.00469779968261719
0.0402259826660156 0.0328445434570313 0.03851318359375 0.0276985168457031
0.0462799072265625 0.0227203369140625 0.0372161865234375 0.0231094360351563
0.0466156005859375 0.00253677368164063 0.035614013671875 0.0116348266601562
0.0353240966796875 -0.013214111328125 0.0205173492431641 0.0048065185546875
0.0253105163574219 -0.0249423980712891 0.0064535140991211 0.0057063102722168
0.0150260925292969 -0.0283794403076172 2.28881835937495E-05 0.0161962509155273
0.0136089324951172 -0.0266132354736328 -0.00419044494628906 0.0280475616455078
0.0146598815917969 -0.0291175842285156 -0.0116233825683594 0.0389823913574219
0.0190639495849609 -0.0275688171386719 -0.0271072387695313 0.0368499755859375
0.0301895141601562 -0.0194873809814453 -0.035614013671875 0.0298957824707031
0.0376014709472656 -0.0112953186035156 -0.0323448181152344 0.0106296539306641
0.0399017333984375 0.0138282775878906 -0.0211982727050781 0.000152587890624997
0.0393333435058594 0.0275611877441406 0.00468540191650391 0.0131750106811523
0.0330390930175781 0.0340461730957031 0.00869369506835937 0.0466384887695312
0.0245704650878906 0.0246543884277344 0.0347404479980469 0.0113906860351563
0.0333957672119141 0.0194511413574219 0.0438804626464844 0.0282173156738281
0.0368919372558594 0.00962448120117188 0.0356788635253906 0.0211906433105469
0.0316314697265625 -0.00597763061523438 0.0290737152099609 0.0150909423828125
0.0202083587646484 -0.0141029357910156 0.0159444808959961 0.0106105804443359
0.0112075805664063 -0.0168571472167969 0.00427436828613281 0.0156412124633789
0.00726127624511719 -0.0152606964111328 -0.000732421875000001 0.0259513854980469
0.00839042663574219 -0.0145578384399414 -0.00494384765625 0.0357704162597656
0.0101785659790039 -0.0157461166381836 -0.0141830444335938 0.0463943481445313
0.0120658874511719 -0.0143365859985352 -0.0304069519042969 0.041961669921875
0.0195713043212891 -0.010589599609375 -0.0371055603027344 0.0317649841308594
0.0258293151855469 -0.006134033203125 -0.0322685241699219 0.0121173858642578
0.0281352996826172 0.0120162963867188 -0.0179271697998047 0.00190925598144531
0.0278491973876953 0.0217304229736328 0.0117206573486328 0.0191593170166016
0.0218868255615234 0.0252819061279297 0.0158348083496094 0.0582122802734375
0.0118131637573242 0.00696945190429687 0.0399742126464844 0.011932373046875
0.0203227996826172 0.00482559204101563 0.0456428527832031 0.0235137939453125
0.0200881958007813 -0.00388336181640625 0.0332889556884766 0.0177745819091797
0.0117263793945312 -0.0103816986083984 0.0261077880859375 0.0169334411621094
0.00142192840576172 -0.0108137130737305 0.0156364440917969 0.0139122009277344
-0.00318384170532227 -0.00406932830810547 0.00571441650390625 0.0208778381347656
-0.000232696533203125 0.000629067420959473 0.000753402709960935 0.0298233032226562
0.00181257724761963 -0.000101447105407715 -0.00461959838867187 0.0383338928222656
0.0030512809753418 -1.59740447998047E-05 -0.0164070129394531 0.0473518371582031
0.00238609313964844 -0.000977754592895508 -0.0339775085449219 0.0422019958496094
0.00606060028076172 -0.00336837768554688 -0.0390205383300781 0.0304527282714844
0.0111408233642578 -0.00313949584960938 -0.0333957672119141 0.0121288299560547
0.01446533203125 0.00654506683349609 -0.0177497863769531 0.00281906127929688
0.0134143829345703 0.0107221603393555 0.0119705200195313 0.0220584869384766
0.00842857360839844 0.011927604675293 0.0174674987792969 0.0649185180664063
0.00580120086669922 0.0150527954101563 -0.0219955444335938 -0.0580368041992187
0.00271129608154297 0.00444602966308594 -0.00499916076660156 -0.0203590393066406
0.00231790542602539 0.00525093078613281 0.0214023590087891 0.000123977661132813
0.00787687301635742 0.00329971313476563 0.0403022766113281 -0.0102043151855469
0.0096282958984375 -0.00278568267822266 0.0406951904296875 -0.0263175964355469
0.00685501098632812 -0.0111541748046875 0.0301666259765625 -0.0446701049804688
0.00172996520996094 -0.0175380706787109 0.0140838623046875 -0.048553466796875
0.0025625228881836 -0.0158672332763672 0.00223159790039063 -0.0372085571289062
0.00597000122070312 -0.0178337097167969 -0.00623512268066406 -0.0262184143066406
0.0126771926879883 -0.0131549835205078 -0.0129299163818359 -0.020416259765625
0.0164384841918945 -0.00323867797851563 -0.0228176116943359 -0.0126552581787109
0.0123357772827148 0.00830554962158203 -0.0270004272460937 -0.0142383575439453
-0.00131607055664062 0.0123119354248047 -0.0358085632324219 -0.0208473205566406
-0.00384044647216797 0.00913238525390625 -0.0457000732421875 -0.0181503295898437
-0.000325202941894531 0.0108747482299805 -0.039215087890625 -0.0119209289550781
0.0197849273681641 0.031280517578125 -0.0149726867675781 -0.0503654479980469
0.0165691375732422 0.0179309844970703 0.00367546081542969 -0.0137243270874023
0.0167608261108398 0.0160083770751953 0.027008056640625 0.003753662109375
0.0229415893554687 0.00753021240234375 0.0439834594726563 -0.00733184814453125
0.02313232421875 -0.0041351318359375 0.0410842895507813 -0.0217514038085938
0.0192203521728516 -0.0193920135498047 0.0303688049316406 -0.0379791259765625
0.00899505615234375 -0.0297870635986328 0.0143203735351563 -0.0402870178222656
0.00852012634277344 -0.0287551879882812 0.00242424011230469 -0.0276966094970703
0.0106563568115234 -0.0320777893066406 -0.00759983062744141 -0.0159091949462891
0.0200424194335938 -0.0284404754638672 -0.0171146392822266 -0.0120029449462891
0.0293598175048828 -0.0142650604248047 -0.0275211334228516 -0.00513076782226563
0.0297069549560547 0.00104713439941406 -0.0301170349121094 -0.00970458984374999
0.0178337097167969 0.0173110961914063 -0.0359954833984375 -0.0142402648925781
0.0148143768310547 0.0198326110839844 -0.0411148071289063 -0.0101776123046875
0.0160675048828125 0.0232524871826172 -0.0349521636962891 -0.002593994140625
0.0294151306152344 0.0439949035644531 -0.00522232055664063 -0.0388870239257813
0.0280189514160156 0.0301990509033203 0.0136880874633789 -0.00281810760498047
0.0305061340332031 0.0262298583984375 0.0330562591552734 0.00949668884277344
0.0369834899902344 0.0117607116699219 0.0472640991210938 -0.00347900390625
0.0357627868652344 -0.00494003295898438 0.0401649475097656 -0.0164451599121094
0.0297164916992188 -0.0253982543945313 0.0270118713378906 -0.0297203063964844
0.0156326293945313 -0.03729248046875 0.0126438140869141 -0.02740478515625
0.0131378173828125 -0.0368804931640625 0.00126743316650391 -0.0142669677734375
0.0144691467285156 -0.0422477722167969 -0.00813436508178711 -0.00111913681030274
0.0238037109375 -0.0390586853027344 -0.0207328796386719 0.00182533264160156
0.0366287231445313 -0.0242843627929688 -0.0318622589111328 0.00525856018066407
0.0409278869628906 -0.00792694091796875 -0.0330677032470703 -0.00300788879394531
0.0334682464599609 0.0170936584472656 -0.0343742370605469 -0.00840187072753906
0.0314998626708984 0.0256233215332031 -0.0321407318115234 -0.00144386291503907
0.0291347503662109 0.0311317443847656 -0.0252571105957031 0.00914382934570313
0.03594970703125 0.0496444702148437 0.0059814453125 -0.0231475830078125
0.0377883911132813 0.0383186340332031 0.0242595672607422 0.0105171203613281
0.0426063537597656 0.0318527221679688 0.0380897521972656 0.0165824890136719
0.0484733581542969 0.0118751525878906 0.0479202270507813 0.00115966796875
0.0434494018554688 -0.00830078125 0.0359916687011719 -0.0107879638671875
0.0346431732177734 -0.0296459197998047 0.0210857391357422 -0.01837158203125
0.0185203552246094 -0.0403251647949219 0.00870323181152344 -0.0131397247314453
0.015716552734375 -0.0394668579101562 0.000669121742248536 0.00139033794403076
0.0154914855957031 -0.0448989868164063 -0.00787353515625 0.0150899887084961
0.0232696533203125 -0.04254150390625 -0.0222606658935547 0.0170917510986328
0.0382919311523438 -0.0298538208007813 -0.0333003997802734 0.0170993804931641
0.0457038879394531 -0.0152702331542969 -0.0344142913818359 0.004638671875
0.0442733764648437 0.0143356323242187 -0.0316925048828125 -0.00319290161132813
0.0429573059082031 0.0277328491210937 -0.0199069976806641 0.00426292419433594
0.0383682250976563 0.0353889465332031 -0.0131092071533203 0.0223331451416016
0.03814697265625 0.0474700927734375 0.0167598724365234 -0.00789833068847656
0.0422286987304688 0.038543701171875 0.0338687896728516 0.0213813781738281
0.0493888854980469 0.0301132202148438 0.0400543212890625 0.0210342407226563
0.0524177551269531 0.0069427490234375 0.0442695617675781 0.00681304931640625
0.0430908203125 -0.01177978515625 0.0290813446044922 -0.0036163330078125
0.0330829620361328 -0.0296096801757813 0.014068603515625 -0.00575637817382813
0.0181922912597656 -0.0372161865234375 0.00473690032958984 0.0029149055480957
0.0153923034667969 -0.0353279113769531 -0.000575065612792969 0.016270637512207
0.0155143737792969 -0.0398178100585938 -0.00779533386230469 0.0304508209228516
0.0215721130371094 -0.0383071899414062 -0.0234012603759766 0.0309906005859375
0.0355415344238281 -0.0279579162597656 -0.0337905883789063 0.0277767181396484
0.0439987182617188 -0.0168724060058594 -0.0338077545166016 0.0101966857910156
0.04595947265625 0.0123100280761719 -0.0265159606933594 0.000312805175781253
0.0458602905273437 0.0277290344238281 -0.0061807632446289 0.0091543197631836
0.0398330688476563 0.0356941223144531 0.00059127807617188 0.0360450744628906
0.034332275390625 0.0377998352050781 0.0272197723388672 0.00445747375488282
0.0413703918457031 0.0306739807128906 0.0413780212402344 0.0273857116699219
0.0475997924804688 0.0209236145019531 0.0403289794921875 0.0224227905273438
0.0464973449707031 0.000476837158203125 0.0376663208007813 0.0111274719238281
0.0341663360595703 -0.0146408081054687 0.0220928192138672 0.00446891784667969
0.0244464874267578 -0.0257072448730469 0.00810861587524414 0.0064396858215332
0.0135078430175781 -0.0279979705810547 0.00229358673095703 0.0174198150634766
0.0128612518310547 -0.0268898010253906 -0.00169944763183594 0.0289096832275391
0.0137062072753906 -0.0295028686523438 -0.00837326049804688 0.0411720275878906
0.017547607421875 -0.0276165008544922 -0.0248260498046875 0.0407524108886719
0.0290412902832031 -0.0204105377197266 -0.0342521667480469 0.0337619781494141
0.0365180969238281 -0.0128173828125 -0.0326499938964844 0.0141410827636719
0.0401611328125 0.0121078491210938 -0.0217056274414062 0.00249290466308594
0.0405349731445313 0.0253944396972656 0.0054931640625 0.0142488479614258
0.0341854095458984 0.0317039489746094 0.0119552612304688 0.0487861633300781
0.0251083374023437 0.0225734710693359 0.0356101989746094 0.0111541748046875
0.0334968566894531 0.0171775817871094 0.0462875366210938 0.027374267578125
0.0369720458984375 0.00673675537109375 0.0379409790039063 0.0209388732910156
0.0305213928222656 -0.00698089599609375 0.0321292877197266 0.0141162872314453
0.0184555053710937 -0.0142078399658203 0.0178298950195313 0.0103416442871094
0.0106048583984375 -0.01605224609375 0.00613975524902344 0.0162315368652344
0.00736808776855469 -0.0142745971679687 0.00140190124511719 0.0269432067871094
0.00787544250488281 -0.0136909484863281 -0.00240325927734375 0.0369911193847656
0.0101146697998047 -0.0147638320922852 -0.0107498168945312 0.0483322143554688
0.0114822387695313 -0.0134763717651367 -0.0283203125 0.04583740234375
0.018341064453125 -0.0103397369384766 -0.0359268188476563 0.0355453491210938
0.0241470336914062 -0.00683021545410156 -0.0321388244628906 0.01483154296875
0.0279655456542969 0.0103969573974609 -0.0181694030761719 0.00387382507324218
0.0279655456542969 0.0196990966796875 0.0124359130859375 0.0186958312988281
0.0223140716552734 0.0236415863037109 0.0183334350585938 0.05950927734375
0.0117044448852539 0.0052947998046875 0.0400390625 0.0110626220703125
0.0192737579345703 0.00284767150878906 0.0473747253417969 0.0225257873535156
0.0193367004394531 -0.00589752197265625 0.035186767578125 0.0172767639160156
0.00995635986328125 -0.0113420486450195 0.0280227661132813 0.0165500640869141
-0.000719070434570313 -0.00959682464599609 0.0171985626220703 0.0136184692382813
-0.00331473350524902 -0.00215315818786621 0.00741386413574219 0.0204143524169922
0.000263214111328125 0.00226831436157227 0.00232696533203125 0.0300178527832031
0.00223112106323242 0.00155043601989746 -0.00297164916992187 0.0391616821289062
0.00438737869262695 0.00159525871276855 -0.0137062072753906 0.0490646362304688
0.0024726390838623 0.000628471374511719 -0.0321807861328125 0.0454254150390625
0.00525426864624024 -0.00218343734741211 -0.0376548767089844 0.0336837768554687
0.00992965698242188 -0.00326919555664063 -0.0339622497558594 0.0147705078125
0.0132265090942383 0.00574111938476562 -0.018463134765625 0.00420379638671875
0.0125465393066406 0.00961208343505859 0.0123977661132813 0.021881103515625
0.00776767730712891 0.0101480484008789 0.0204391479492188 0.0660820007324219
0.00843524932861328 0.0163593292236328 -0.0228614807128906 -0.0567245483398438
0.00420808792114258 0.00492954254150391 -0.00415420532226563 -0.02008056640625
0.00385618209838867 0.00487089157104492 0.0220680236816406 -0.000946044921875
0.00876903533935547 0.00201749801635742 0.0392875671386719 -0.0120697021484375
0.00975131988525391 -0.00430107116699219 0.038848876953125 -0.0269737243652344
0.00603675842285156 -0.0127744674682617 0.0279045104980469 -0.0449485778808594
-0.000478744506835937 -0.0181713104248047 0.0115852355957031 -0.0482025146484375
0.000916481018066408 -0.0175075531005859 0.000869750976562499 -0.0356826782226563
0.00366973876953125 -0.0195026397705078 -0.00703811645507813 -0.0242748260498047
0.0120325088500977 -0.0158100128173828 -0.0139713287353516 -0.0184383392333984
0.0173702239990234 -0.00505924224853516 -0.0237140655517578 -0.0108757019042969
0.0146713256835938 0.00718116760253906 -0.0278511047363281 -0.01202392578125
0.00130271911621094 0.0132713317871094 -0.0362052917480469 -0.0189132690429687
-0.00164318084716797 0.0116291046142578 -0.0451431274414063 -0.0163421630859375
0.00099468231201172 0.0130128860473633 -0.03814697265625 -0.0104141235351563
0.0219173431396484 0.0315647125244141 -0.0148811340332031 -0.0491180419921875
0.0179538726806641 0.0171165466308594 0.00456619262695313 -0.0134687423706055
0.0181350708007813 0.0148830413818359 0.0283126831054688 0.002593994140625
0.0236148834228516 0.00592041015625 0.043426513671875 -0.00908660888671875
0.0224876403808594 -0.00592613220214844 0.0400505065917969 -0.0220909118652344
0.0177364349365234 -0.021392822265625 0.0286369323730469 -0.0379180908203125
0.00653839111328125 -0.0306529998779297 0.0131263732910156 -0.0394859313964844
0.00597763061523438 -0.0299339294433594 0.00186538696289062 -0.0263767242431641
0.00858116149902344 -0.0335597991943359 -0.00757598876953125 -0.0139265060424805
0.0186347961425781 -0.030364990234375 -0.0174722671508789 -0.00904178619384766
0.0293025970458984 -0.0167598724365234 -0.0279159545898437 -0.00252723693847656
0.0306072235107422 -0.00110435485839844 -0.03070068359375 -0.00744819641113282
0.0197067260742188 0.0172824859619141 -0.0360794067382813 -0.0121498107910156
0.0166969299316406 0.0211048126220703 -0.0400810241699219 -0.00829315185546875
0.0174236297607422 0.0246524810791016 -0.0332832336425781 -0.000631332397460943
0.0319442749023438 0.0425148010253906 -0.00514602661132813 -0.0369682312011719
0.0285301208496094 0.0290431976318359 0.0152387619018555 -0.00237655639648437
0.0316524505615234 0.0242633819580078 0.0346126556396484 0.00871467590332032
0.0374794006347656 0.00926589965820312 0.0473251342773438 -0.00488662719726562
0.0346126556396484 -0.00715827941894531 0.0394172668457031 -0.0171661376953125
0.0274696350097656 -0.0272216796875 0.0265312194824219 -0.0292873382568359
0.0130805969238281 -0.0378227233886719 0.0119819641113281 -0.0270156860351563
0.0105743408203125 -0.0371971130371094 0.00247573852539063 -0.0126428604125977
0.0113792419433594 -0.0429267883300781 -0.00656509399414062 0.000704765319824215
0.0216903686523438 -0.0404739379882813 -0.0198554992675781 0.00493431091308594
0.0359687805175781 -0.0267219543457031 -0.0309505462646484 0.00890922546386719
0.0408973693847656 -0.0100135803222656 -0.0327873229980469 -0.000123977661132812
0.0352973937988281 0.0164146423339844 -0.0344505310058594 -0.00579833984374999
0.032806396484375 0.0260467529296875 -0.0309848785400391 -4.38690185546848E-05
0.0307445526123047 0.0313949584960938 -0.0237350463867188 0.0106163024902344
0.0378189086914063 0.0479774475097656 0.00612449645996094 -0.0222702026367187
0.038360595703125 0.0363273620605469 0.0257587432861328 0.00985908508300781
0.0437049865722656 0.0297470092773437 0.039398193359375 0.01513671875
0.0486297607421875 0.00941848754882813 0.0484619140625 0.000442504882812501
0.0422248840332031 -0.00973129272460938 0.0358161926269531 -0.01153564453125
0.0325183868408203 -0.0304546356201172 0.0213146209716797 -0.018463134765625
0.016693115234375 -0.0399932861328125 0.00943374633789063 -0.011937141418457
0.0135307312011719 -0.0391273498535156 0.00176215171813965 0.00276517868041992
0.0134010314941406 -0.0449981689453125 -0.00527477264404297 0.017003059387207
0.0212478637695312 -0.0428352355957031 -0.0201683044433594 0.0201969146728516
0.0371513366699219 -0.0309333801269531 -0.0315761566162109 0.0204582214355469
0.0446052551269531 -0.0165939331054688 -0.0336494445800781 0.00744819641113281
0.0446052551269531 0.0128707885742187 -0.0307693481445313 -0.000598907470703129
0.0436897277832031 0.0265121459960938 -0.0186862945556641 0.00604438781738281
0.0387306213378906 0.0343589782714844 -0.0105972290039063 0.02392578125
0.0383644104003906 0.0453910827636719 0.0174827575683594 -0.00713348388671875
0.0425033569335938 0.036590576171875 0.0353889465332031 0.0205535888671875
0.0497322082519531 0.0275802612304688 0.0422134399414063 0.0196952819824219
0.051727294921875 0.00602340698242188 0.045013427734375 0.00539398193359375
0.041900634765625 -0.0131301879882813 0.0294971466064453 -0.00399017333984375
0.0313243865966797 -0.0300083160400391 0.0149078369140625 -0.00585556030273438
0.0164527893066406 -0.036865234375 0.00583505630493164 0.00370073318481445
0.0140800476074219 -0.0348243713378906 0.00130081176757812 0.0178508758544922
0.0135459899902344 -0.0395050048828125 -0.00493812561035156 0.0316905975341797
0.0194435119628906 -0.038299560546875 -0.0207538604736328 0.0339031219482422
0.0338420867919922 -0.0284481048583984 -0.0316047668457031 0.0307388305664062
0.0423736572265625 -0.0176239013671875 -0.0321521759033203 0.0133323669433594
0.0458641052246094 0.0106964111328125 -0.0257759094238281 0.00252342224121094
0.046051025390625 0.0256805419921875 -0.00508689880371093 0.0107269287109375
0.0402908325195313 0.0341682434082031 0.00278854370117187 0.0370979309082031
0.0339393615722656 0.0352935791015625 0.0273551940917969 0.00509452819824219
0.04022216796875 0.0282173156738281 0.0424995422363281 0.0263137817382813
0.0470657348632813 0.0184211730957031 0.0419960021972656 0.0214996337890625
0.0448760986328125 -0.0008392333984375 0.0387763977050781 0.0100975036621094
0.0326595306396484 -0.0143661499023438 0.0228767395019531 0.00395774841308594
0.0230083465576172 -0.0250148773193359 0.00990104675292969 0.00669288635253906
0.0134258270263672 -0.0272274017333984 0.00343894958496094 0.0174264907836914
0.0120048522949219 -0.0252799987792969 0.000675201416015623 0.0297031402587891
0.0129661560058594 -0.0283412933349609 -0.00475692749023437 0.0428886413574219
0.0164394378662109 -0.0264930725097656 -0.0220069885253906 0.043121337890625
0.0275325775146484 -0.0200366973876953 -0.0311851501464844 0.0367622375488281
0.0340404510498047 -0.0133590698242188 -0.0314903259277344 0.0170764923095703
0.0390701293945312 0.0106277465820312 -0.021148681640625 0.00446319580078125
0.0390625 0.0229530334472656 0.00636577606201172 0.014378547668457
0.0333080291748047 0.0297470092773438 0.0141487121582031 0.0493965148925781
0.0244235992431641 0.0200519561767578 0.0352134704589844 0.0107345581054688
0.0318679809570313 0.0152206420898437 0.0464363098144531 0.0263290405273437
0.0354042053222656 0.00511932373046875 0.0390205383300781 0.0197639465332031
0.0284595489501953 -0.00761222839355469 0.0331077575683594 0.0134849548339844
0.0170526504516602 -0.0133419036865234 0.0189361572265625 0.00952720642089844
0.00993156433105469 -0.0145015716552734 0.00796413421630859 0.0152149200439453
0.00792121887207031 -0.0127334594726563 0.00284004211425781 0.0262336730957031
0.00817966461181641 -0.0119333267211914 -0.000492095947265626 0.0369949340820313
0.0100469589233398 -0.0130195617675781 -0.00785446166992188 0.0486602783203125
0.0111331939697266 -0.0115680694580078 -0.0246810913085937 0.0474357604980469
0.0176277160644531 -0.00896263122558594 -0.0330276489257813 0.0377655029296875
0.0228080749511719 -0.00675010681152344 -0.0310821533203125 0.0174674987792969
0.0264472961425781 0.0094146728515625 -0.0181007385253906 0.0053558349609375
0.0260372161865234 0.017822265625 0.0130481719970703 0.0186729431152344
0.0215320587158203 0.0207653045654297 0.021087646484375 0.0591583251953125
0.00992393493652344 0.00339126586914062 0.0394363403320313 0.0103988647460938
0.0171794891357422 0.00118446350097656 0.0472183227539063 0.021636962890625
0.0170907974243164 -0.00725746154785156 0.0360832214355469 0.0162773132324219
0.00728988647460938 -0.0109844207763672 0.0295677185058594 0.0151634216308594
-0.00202035903930664 -0.00776100158691406 0.0186691284179687 0.0118694305419922
-0.00309896469116211 -1.33514404296876E-05 0.00886726379394531 0.0186824798583984
0.00150799751281738 0.00403285026550293 0.00402069091796875 0.0294265747070313
0.00352120399475098 0.00317573547363281 -0.00105667114257813 0.0385551452636719
0.00502586364746094 0.00300121307373047 -0.0107994079589844 0.0493392944335938
0.00304651260375977 0.00220537185668945 -0.0287742614746094 0.0470046997070313
0.00453996658325195 0.000162124633789063 -0.0351066589355469 0.0354080200195313
0.00827360153198242 -0.00214576721191406 -0.0320892333984375 0.01678466796875
0.0117406845092773 0.00556659698486328 -0.0183467864990234 0.00589942932128906
0.00995445251464844 0.00858497619628906 0.0122165679931641 0.0215797424316406
0.0062413215637207 0.00809478759765625 0.0218238830566406 0.0647735595703125
0.0106277465820313 0.0175352096557617 -0.0216217041015625 -0.0556831359863281
0.00655555725097656 0.00435543060302734 -0.00315284729003906 -0.0198459625244141
0.00577449798583984 0.00370407104492188 0.0218734741210938 -0.00208282470703125
0.00959300994873047 0.000439643859863281 0.0380477905273438 -0.0124626159667969
0.00914478302001953 -0.00593662261962891 0.0377883911132813 -0.02642822265625
0.00419139862060547 -0.0147314071655273 0.0269012451171875 -0.0435295104980469
-0.00230026245117188 -0.0192470550537109 0.0113983154296875 -0.0464668273925781
-0.00121307373046875 -0.0184669494628906 0.00174331665039062 -0.0341358184814453
0.00183868408203125 -0.0205802917480469 -0.00637626647949219 -0.0230388641357422
0.0111789703369141 -0.0174627304077148 -0.013737678527832 -0.0167922973632813
0.0177421569824219 -0.00690650939941406 -0.0230445861816406 -0.009490966796875
0.0162134170532227 0.00588417053222656 -0.027801513671875 -0.0112152099609375
0.00369358062744141 0.0139856338500977 -0.0362892150878906 -0.0184326171875
0.000622749328613282 0.0130281448364258 -0.0446128845214844 -0.0165443420410156
0.00287914276123047 0.0150251388549805 -0.0361747741699219 -0.010009765625
0.0233650207519531 0.0316829681396484 -0.0132064819335938 -0.0480003356933594
0.0193405151367188 0.0165061950683594 0.00613594055175781 -0.0131940841674805
0.0193290710449219 0.0134506225585938 0.0281524658203125 0.00195503234863281
0.0234718322753906 0.00390052795410156 0.042755126953125 -0.0094451904296875
0.0218009948730469 -0.00748062133789063 0.0391731262207031 -0.0213470458984375
0.0155181884765625 -0.0227012634277344 0.0285186767578125 -0.0363578796386719
0.00467681884765625 -0.0303306579589844 0.0134468078613281 -0.037506103515625
0.00433158874511719 -0.0298080444335938 0.00322532653808594 -0.0245132446289063
0.00668525695800781 -0.0345916748046875 -0.00564861297607422 -0.0124130249023438
0.0175247192382812 -0.0314254760742188 -0.0167160034179687 -0.00685882568359375
0.0291748046875 -0.0179672241210938 -0.0267887115478516 -0.00073432922363281
0.0315513610839844 -0.0019683837890625 -0.0299968719482422 -0.00581932067871093
0.0217514038085938 0.0179271697998047 -0.0356826782226563 -0.011199951171875
0.0178966522216797 0.0230159759521484 -0.0390434265136719 -0.00787734985351562
0.0181064605712891 0.0257492065429688 -0.0308704376220703 -0.000417709350585942
0.0324211120605469 0.0422821044921875 -0.00381088256835937 -0.0359344482421875
0.0290756225585938 0.0282821655273438 0.0167093276977539 -0.00286865234375
0.0318489074707031 0.0236568450927734 0.0347747802734375 0.00783729553222656
0.0372581481933594 0.00823211669921875 0.0470733642578125 -0.00534820556640625
0.0332374572753906 -0.00751876831054688 0.0392646789550781 -0.0163612365722656
0.0262031555175781 -0.0274848937988281 0.0266895294189453 -0.0271015167236328
0.0115966796875 -0.037811279296875 0.0130901336669922 -0.0256156921386719
0.00917434692382813 -0.036895751953125 0.00386428833007813 -0.0112323760986328
0.00981903076171875 -0.0427742004394531 -0.00468873977661133 0.00260257720947265
0.0202064514160156 -0.0408058166503906 -0.0179462432861328 0.00689888000488281
0.0355300903320313 -0.0270576477050781 -0.0293235778808594 0.0106067657470703
0.041290283203125 -0.0105667114257813 -0.0320701599121094 0.00173377990722656
0.0360298156738281 0.0171966552734375 -0.0335960388183594 -0.00433540344238281
0.0332908630371094 0.0269317626953125 -0.0293560028076172 0.000690460205078132
0.0302734375 0.0324020385742188 -0.0215549468994141 0.0118255615234375
0.0368576049804688 0.0469703674316406 0.00739479064941406 -0.0207157135009766
0.0366554260253906 0.035675048828125 0.0268211364746094 0.00988388061523438
0.0430526733398438 0.0277557373046875 0.0401191711425781 0.0142745971679688
0.0474128723144531 0.00881576538085937 0.0485420227050781 0.00029754638671875
0.0407142639160156 -0.00997161865234375 0.0359725952148437 -0.0104103088378906
0.0314693450927734 -0.0304813385009766 0.0221481323242188 -0.0169506072998047
0.0156631469726563 -0.0393486022949219 0.0106296539306641 -0.0108613967895508
0.01312255859375 -0.0382118225097656 0.00374937057495117 0.00375676155090332
0.0119476318359375 -0.0440711975097656 -0.00288009643554688 0.0184555053710937
0.0204353332519531 -0.0425071716308594 -0.0184555053710938 0.0220508575439453
0.0358505249023438 -0.0307464599609375 -0.0296154022216797 0.0229988098144531
0.0444412231445313 -0.0163383483886719 -0.0321922302246094 0.00925064086914063
0.0442237854003906 0.0136756896972656 -0.0302200317382812 0.000915527343749999
0.0429115295410156 0.0273246765136719 -0.0171451568603516 0.00697135925292969
0.0378494262695313 0.0348281860351563 -0.00893592834472656 0.0252799987792969
0.0367546081542969 0.0441818237304688 0.0176162719726563 -0.00542831420898437
0.0401535034179688 0.0356101989746094 0.0363731384277344 0.0206489562988281
0.0485801696777344 0.0269279479980469 0.0426902770996094 0.0198516845703125
0.0498886108398438 0.00548553466796875 0.0454864501953125 0.00521087646484375
0.0408172607421875 -0.0121841430664063 0.0301895141601563 -0.00325202941894531
0.0307445526123047 -0.029052734375 0.0162696838378906 -0.004669189453125
0.0166358947753906 -0.0354423522949219 0.00793743133544922 0.00422620773315429
0.0132522583007812 -0.0334758758544922 0.00344276428222656 0.0179843902587891
0.0133514404296875 -0.0384483337402344 -0.0015869140625 0.0324230194091797
0.0188140869140625 -0.0364799499511719 -0.0179538726806641 0.0350513458251953
0.0326366424560547 -0.0270633697509766 -0.0291461944580078 0.0320854187011719
0.0406303405761719 -0.0166244506835938 -0.030975341796875 0.0149784088134766
0.0445327758789063 0.01153564453125 -0.0246162414550781 0.00417518615722656
0.0438613891601563 0.0254783630371094 -0.00420665740966797 0.0109786987304688
0.037750244140625 0.0336494445800781 0.0041961669921875 0.0378189086914063
0.0316677093505859 0.0343456268310547 0.0272884368896484 0.00644493103027344
0.0372962951660156 0.0277023315429688 0.0425834655761719 0.0266456604003906
0.0448493957519531 0.0183448791503906 0.0421600341796875 0.0214118957519531
0.0427398681640625 -0.000370025634765625 0.039581298828125 0.0101432800292969
0.0311508178710937 -0.0131454467773437 0.0239048004150391 0.00365066528320312
0.0228290557861328 -0.0235939025878906 0.0113143920898438 0.006500244140625
0.0136489868164063 -0.0255050659179688 0.00493621826171875 0.0175609588623047
0.0122146606445313 -0.0232124328613281 0.00242424011230469 0.0290393829345703
0.0133571624755859 -0.0263004302978516 -0.00281906127929687 0.0423393249511719
0.0166187286376953 -0.0247802734375 -0.0194358825683594 0.04327392578125
0.0267734527587891 -0.0181560516357422 -0.0294532775878906 0.0376091003417969
0.032684326171875 -0.011688232421875 -0.0300235748291016 0.01812744140625
0.0371971130371094 0.0110435485839844 -0.0202369689941406 0.00566291809082031
0.0370559692382812 0.0227088928222656 0.00716972351074219 0.0151529312133789
0.0305461883544922 0.0285015106201172 0.0147895812988281 0.0496597290039063
0.0220355987548828 0.0183906555175781 0.03369140625 0.0121421813964844
0.0288028717041016 0.0144424438476563 0.0458755493164063 0.0271453857421875
0.0326442718505859 0.00482368469238281 0.0396270751953125 0.0198211669921875
0.0263042449951172 -0.00629425048828125 0.0331611633300781 0.0132961273193359
0.0151386260986328 -0.0114784240722656 0.0196075439453125 0.00926780700683594
0.0102081298828125 -0.0123662948608398 0.00834941864013672 0.0152397155761719
0.00860977172851562 -0.0110616683959961 0.00337028503417969 0.0255966186523438
0.00897407531738281 -0.0100584030151367 0.000614166259765623 0.0360641479492188
0.0110282897949219 -0.0116100311279297 -0.00531387329101563 0.0474395751953125
0.0118856430053711 -0.00990009307861328 -0.0226860046386719 0.0473480224609375
0.0167741775512695 -0.00715446472167969 -0.0312271118164063 0.0384750366210938
0.0208835601806641 -0.00483894348144531 -0.0297832489013672 0.0184116363525391
0.0238819122314453 0.00959968566894531 -0.0174360275268555 0.00623703002929687
0.0233840942382812 0.0169200897216797 0.0123691558837891 0.0189266204833984
0.0183506011962891 0.0192947387695312 0.0208625793457031 0.0592880249023437
0.00810909271240234 0.00186872482299805 0.0372390747070313 0.0111274719238281
0.0143413543701172 0.000432014465332031 0.0463333129882813 0.0215339660644531
0.0139093399047852 -0.00724697113037109 0.0360794067382813 0.0162315368652344
0.00496768951416016 -0.00957202911376953 0.0298366546630859 0.0146827697753906
-0.00340938568115234 -0.00567436218261719 0.0183868408203125 0.0106391906738281
-0.00282931327819824 0.00200080871582031 0.00872802734375 0.0177669525146484
0.0030364990234375 0.00563716888427734 0.0035247802734375 0.0282707214355469
0.00484991073608398 0.00476360321044922 -0.000625610351562496 0.0373687744140625
0.00661516189575195 0.00443220138549805 -0.009490966796875 0.0479774475097656
0.00420808792114258 0.00457191467285156 -0.0269813537597656 0.0468482971191406
0.00434374809265137 0.0023949146270752 -0.0338554382324219 0.0358123779296875
0.00694847106933594 -0.000430583953857422 -0.0312862396240234 0.0173664093017578
0.00939464569091797 0.00568103790283203 -0.0184535980224609 0.006103515625
0.00742244720458984 0.00811910629272461 0.0117816925048828 0.0217418670654297
0.00362348556518555 0.00672292709350586 0.0217437744140625 0.0643348693847656
0.0130672454833984 0.018310546875 -0.0189666748046875 -0.0566177368164063
0.00828695297241211 0.00456953048706055 -0.00199127197265625 -0.0205440521240234
0.00725889205932617 0.00237941741943359 0.0225753784179688 -0.00224113464355469
0.00997543334960938 -0.00173473358154297 0.0381278991699219 -0.0119400024414063
0.00863075256347656 -0.0080413818359375 0.0378913879394531 -0.0253105163574219
0.00300979614257813 -0.0162734985351563 0.0280418395996094 -0.0415611267089844
-0.00417137145996094 -0.0207633972167969 0.0126266479492187 -0.0451774597167969
-0.00272369384765625 -0.0191154479980469 0.00292205810546875 -0.0333023071289063
0.000251770019531252 -0.0225238800048828 -0.00506210327148438 -0.022003173828125
0.0103378295898437 -0.0197105407714844 -0.0131053924560547 -0.0156726837158203
0.0183372497558594 -0.0087738037109375 -0.0228710174560547 -0.00823974609375
0.0173587799072266 0.00433826446533203 -0.0280609130859375 -0.0114822387695313
0.00551033020019531 0.0147552490234375 -0.0363807678222656 -0.018646240234375
0.00303173065185547 0.01446533203125 -0.0439414978027344 -0.0182228088378906
0.00478649139404297 0.0169744491577148 -0.0343227386474609 -0.011810302734375
0.0248374938964844 0.032928466796875 -0.0102729797363281 -0.048309326171875
0.0201339721679688 0.0161514282226563 0.00809574127197266 -0.0142354965209961
0.0199947357177734 0.0127735137939453 0.0294609069824219 0.00176429748535156
0.0236778259277344 0.00258636474609375 0.04302978515625 -0.00836181640625
0.0215682983398438 -0.00876808166503906 0.0398826599121094 -0.0201148986816406
0.0147495269775391 -0.0237827301025391 0.0298690795898438 -0.0349502563476563
0.00372505187988281 -0.0314064025878906 0.0149269104003906 -0.0360298156738281
0.00350761413574219 -0.0300865173339844 0.00484085083007813 -0.0237140655517578
0.00513076782226563 -0.03570556640625 -0.00386619567871094 -0.0113143920898438
0.0171031951904297 -0.0327033996582031 -0.0153665542602539 -0.00538253784179688
0.0302009582519531 -0.0191898345947266 -0.0263805389404297 0.00067138671875
0.0329685211181641 -0.00223731994628906 -0.0297489166259766 -0.00543212890625
0.0230140686035156 0.0195789337158203 -0.0350780487060547 -0.0114479064941406
0.0193881988525391 0.0247058868408203 -0.037872314453125 -0.00893402099609375
0.0190849304199219 0.0284709930419922 -0.0290470123291016 -0.00112915039062499
0.032135009765625 0.0436134338378906 -0.000602722167968752 -0.0354881286621094
0.0285568237304688 0.0283737182617188 0.0186328887939453 -0.00271034240722656
0.0320644378662109 0.0232067108154297 0.0361442565917969 0.00843048095703125
0.0368614196777344 0.00764083862304687 0.0475120544433594 -0.00392913818359375
0.0328178405761719 -0.00815010070800781 0.0400390625 -0.0148811340332031
0.0252666473388672 -0.0281276702880859 0.0287017822265625 -0.0263347625732422
0.0112380981445312 -0.0376510620117188 0.0153102874755859 -0.0243129730224609
0.0089569091796875 -0.0369300842285156 0.00617027282714844 -0.0105571746826172
0.00931549072265625 -0.04327392578125 -0.00180363655090332 0.00356817245483398
0.0201644897460938 -0.041351318359375 -0.0167694091796875 0.00857830047607422
0.036407470703125 -0.0277290344238281 -0.0288295745849609 0.0127906799316406
0.0422515869140625 -0.0099639892578125 -0.0312995910644531 0.00266075134277344
0.0372352600097656 0.0186500549316406 -0.0329532623291016 -0.00427627563476562
0.0339679718017578 0.0289707183837891 -0.0283374786376953 9.34600830078149E-05
0.0298938751220703 0.0346736907958984 -0.0194225311279297 0.0119247436523438
0.0352058410644531 0.0480384826660156 0.00941085815429688 -0.0191459655761719
0.0352020263671875 0.0360527038574219 0.0283432006835938 0.0104904174804688
0.042327880859375 0.0292320251464844 0.0414390563964844 0.0151710510253906
0.0466995239257812 0.0092926025390625 0.0490570068359375 0.000911712646484375
0.0398788452148438 -0.00847244262695312 0.0372886657714844 -0.008941650390625
0.0314235687255859 -0.0294303894042969 0.0239849090576172 -0.0152320861816406
0.0160102844238281 -0.0385055541992188 0.0127582550048828 -0.00975227355957031
0.0127220153808594 -0.0373077392578125 0.00611639022827149 0.00397205352783203
0.0122299194335938 -0.0433540344238281 -0.0002288818359375 0.0183219909667969
0.0209503173828125 -0.0421981811523438 -0.0161399841308594 0.0238742828369141
0.0370750427246094 -0.0300559997558594 -0.028350830078125 0.023590087890625
0.0446548461914063 -0.0151863098144531 -0.0317592620849609 0.0104103088378906
0.0447540283203125 0.0155067443847656 -0.0293712615966797 0.00144004821777343
0.0426521301269531 0.0294914245605469 -0.0158567428588867 0.0066070556640625
0.0362052917480469 0.036651611328125 -0.0071563720703125 0.0256881713867188
0.0348587036132812 0.0452766418457031 0.0196132659912109 -0.00363731384277343
0.0375404357910156 0.0365333557128906 0.0370140075683594 0.0217323303222656
0.0465583801269531 0.0275344848632813 0.0433464050292969 0.0206375122070312
0.0490951538085937 0.00735855102539062 0.0462760925292969 0.00601959228515625
0.0400543212890625 -0.0098724365234375 0.0316581726074219 -0.00238800048828125
0.0311756134033203 -0.0281085968017578 0.0180892944335938 -0.00397491455078125
0.0177116394042969 -0.0344562530517578 0.00930881500244141 0.00503826141357422
0.0146064758300781 -0.0324325561523438 0.00489044189453125 0.0183792114257812
0.0145034790039063 -0.0371856689453125 9.53674316406279E-05 0.0328044891357422
0.0200843811035156 -0.0352630615234375 -0.0164451599121094 0.036163330078125
0.0334186553955078 -0.0255546569824219 -0.0275917053222656 0.0332221984863281
0.0411567687988281 -0.0148696899414062 -0.0306205749511719 0.0163536071777344
0.0440483093261719 0.0132675170898438 -0.0240039825439453 0.00477981567382813
0.0427131652832031 0.0275154113769531 -0.00296688079833984 0.0120325088500977
0.0355758666992188 0.0346031188964844 0.00518417358398438 0.0396652221679688
0.0294075012207031 0.0345134735107422 0.0273532867431641 0.00887298583984375
0.0343303680419922 0.028778076171875 0.0434112548828125 0.0286788940429688
0.0425376892089844 0.0194320678710937 0.04266357421875 0.022705078125
0.0416183471679687 0.00159454345703125 0.0408210754394531 0.0107765197753906
0.0309505462646484 -0.0108661651611328 0.0247592926025391 0.00461578369140625
0.02374267578125 -0.0215511322021484 0.0124588012695313 0.00701618194580078
0.0152416229248047 -0.0243415832519531 0.00532722473144531 0.0179176330566406
0.01422119140625 -0.0222148895263672 0.003082275390625 0.0293712615966797
0.0146141052246094 -0.0250225067138672 -0.0013580322265625 0.0423965454101563
0.0176506042480469 -0.0226478576660156 -0.0178031921386719 0.0440750122070313
0.0266361236572266 -0.0156402587890625 -0.0282020568847656 0.0378074645996094
0.0323772430419922 -0.00963211059570313 -0.0292797088623047 0.0189990997314453
0.0351295471191406 0.0127372741699219 -0.0196475982666016 0.00602531433105469
0.0340652465820313 0.0236358642578125 0.00708961486816406 0.0158119201660156
0.0277824401855469 0.0296478271484375 0.0145111083984375 0.0515327453613281
0.0193347930908203 0.0184268951416016 0.0334606170654297 0.0147800445556641
0.0255966186523438 0.0150470733642578 0.0459365844726562 0.02886962890625
0.0298404693603516 0.00622177124023437 0.040191650390625 0.0209884643554688
0.0248985290527344 -0.0046234130859375 0.0342006683349609 0.0136623382568359
0.015049934387207 -0.00861167907714844 0.0197467803955078 0.00899696350097656
0.0114736557006836 -0.00993061065673828 0.00853919982910156 0.0144615173339844
0.0104303359985352 -0.00955581665039063 0.00317192077636719 0.025421142578125
0.0110349655151367 -0.00847911834716797 0.0008087158203125 0.0352516174316406
0.013279914855957 -0.00959396362304687 -0.00524139404296875 0.0474472045898438
0.0134706497192383 -0.00727367401123047 -0.0217628479003906 0.0478858947753906
0.0169668197631836 -0.00397109985351563 -0.0302391052246094 0.0389442443847656
0.0198116302490234 -0.00214004516601563 -0.0295810699462891 0.0191688537597656
0.0214881896972656 0.0115623474121094 -0.0175838470458984 0.00665664672851562
0.0204257965087891 0.0177383422851563 0.0120677947998047 0.0201053619384766
0.0147686004638672 0.0195789337158203 0.0197067260742188 0.0608253479003906
0.00604867935180664 0.00095367431640625 0.0359115600585938 0.0132369995117188
0.0113859176635742 -5.91278076171875E-05 0.045318603515625 0.024169921875
0.0118608474731445 -0.00722789764404297 0.0363235473632812 0.017486572265625
0.00353097915649414 -0.0081024169921875 0.0302143096923828 0.0146560668945313
-0.00361895561218262 -0.00333619117736816 0.0183029174804688 0.0102977752685547
-0.00166463851928711 0.00464630126953125 0.00838756561279297 0.016718864440918
0.00499534606933594 0.00722122192382813 0.00244522094726563 0.0273494720458984
0.00680160522460937 0.00652837753295898 -0.0013580322265625 0.0363655090332031
0.00859355926513672 0.00616550445556641 -0.0104904174804687 0.0469703674316406
0.00602436065673828 0.00658607482910156 -0.02667236328125 0.0460472106933594
0.00444555282592773 0.00523090362548828 -0.0333023071289062 0.0349102020263672
0.00557136535644531 0.00235700607299805 -0.0312080383300781 0.0170001983642578
0.00704097747802734 0.0070953369140625 -0.01885986328125 0.00666046142578125
0.00422906875610351 0.00855207443237305 0.0101966857910156 0.0221614837646484
0.00048065185546875 0.00613832473754883 0.0194015502929688 0.065277099609375
0.0158863067626953 0.0197410583496094 -0.0162582397460938 -0.0599288940429688
0.0111331939697266 0.00405597686767578 0.000528335571289062 -0.0229835510253906
0.00884437561035156 0.000977516174316406 0.0231113433837891 -0.00231361389160156
0.0107355117797852 -0.00431060791015625 0.0391273498535156 -0.0117454528808594
0.00834751129150391 -0.00939655303955078 0.0391349792480469 -0.0246238708496094
0.00131416320800781 -0.018524169921875 0.0301933288574219 -0.0410957336425781
-0.00621795654296875 -0.0220375061035156 0.0147666931152344 -0.0456962585449219
-0.0047760009765625 -0.0209121704101562 0.00522613525390625 -0.0341091156005859
-0.00229644775390625 -0.0244178771972656 -0.00205039978027344 -0.0221576690673828
0.00945281982421875 -0.0223217010498047 -0.0116653442382813 -0.0145893096923828
0.0193309783935547 -0.0113811492919922 -0.0226230621337891 -0.00786018371582031
0.0196247100830078 0.0028533935546875 -0.0286712646484375 -0.0120296478271484
0.00808334350585938 0.0152626037597656 -0.0372352600097656 -0.0203475952148438
0.00532627105712891 0.0170564651489258 -0.0441093444824219 -0.0210914611816406
0.00708770751953125 0.0192127227783203 -0.0340194702148438 -0.0145149230957031
0.0259895324707031 0.0347900390625 -0.00673294067382812 -0.0505752563476562
0.0218715667724609 0.0173816680908203 0.0106134414672852 -0.0156564712524414
0.0213222503662109 0.0120677947998047 0.0304908752441406 0.00175666809082031
0.0243148803710938 0.00120925903320313 0.04498291015625 -0.00763702392578125
0.0215950012207031 -0.00905799865722656 0.0418624877929688 -0.0188789367675781
0.0137691497802734 -0.0252819061279297 0.0325279235839844 -0.0338001251220703
0.00315284729003907 -0.0326461791992188 0.0182342529296875 -0.0362663269042969
0.00275421142578125 -0.0314750671386719 0.00776290893554687 -0.0236663818359375
0.00424957275390625 -0.0372886657714844 -0.00162124633789062 -0.0113639831542969
0.0173416137695313 -0.0352287292480469 -0.0134716033935547 -0.00428962707519531
0.0321388244628906 -0.0209140777587891 -0.0254478454589844 0.00164031982421875
0.0359306335449219 -0.00274658203125 -0.0303173065185547 -0.00510978698730469
0.0261573791503906 0.0211868286132813 -0.0358085632324219 -0.0120658874511719
0.0221118927001953 0.02752685546875 -0.0378646850585938 -0.0107536315917969
0.020538330078125 0.0316181182861328 -0.0274257659912109 -0.00280952453613281
0.0321311950683594 0.0462989807128906 0.00301361083984375 -0.0366859436035156
0.0293788909912109 0.0307750701904297 0.0212383270263672 -0.00333976745605469
0.0321693420410156 0.0240974426269531 0.03802490234375 0.008941650390625
0.03753662109375 0.0079803466796875 0.0499000549316406 -0.00306320190429687
0.0336341857910156 -0.00766181945800781 0.042449951171875 -0.013580322265625
0.0252952575683594 -0.0285682678222656 0.0320110321044922 -0.0251960754394531
0.0116386413574219 -0.0387420654296875 0.0186786651611328 -0.0234088897705078
0.00886917114257813 -0.0379104614257813 0.00901317596435547 -0.0103044509887695
0.00999832153320312 -0.0448493957519531 0.000518083572387696 0.0037391185760498
0.0221290588378906 -0.0428886413574219 -0.0146694183349609 0.00974178314208984
0.0388145446777344 -0.0281143188476563 -0.0277996063232422 0.0133838653564453
0.0456962585449219 -0.009490966796875 -0.0311717987060547 0.00313377380371094
0.0399742126464844 0.0213165283203125 -0.0327415466308594 -0.00436782836914063
0.0357704162597656 0.0330276489257813 -0.027862548828125 -0.00105667114257812
0.0308723449707031 0.0390625 -0.0177955627441406 0.01165771484375
0.034912109375 0.0523529052734375 0.0138149261474609 -0.0190162658691406
0.0339431762695313 0.0390129089355469 0.0313720703125 0.0109233856201172
0.0421524047851562 0.0317306518554688 0.0433273315429688 0.0163307189941406
0.0471878051757813 0.0111885070800781 0.0513916015625 0.00229263305664063
0.0411300659179688 -0.00768280029296875 0.040008544921875 -0.00840377807617187
0.0328922271728516 -0.0297012329101562 0.0274620056152344 -0.0141677856445313
0.0178298950195313 -0.0391349792480469 0.0154333114624023 -0.00902938842773438
0.0143241882324219 -0.0375328063964844 0.00874805450439453 0.00465726852416992
0.0142135620117188 -0.0442886352539063 0.00229263305664063 0.0197772979736328
0.0227432250976562 -0.0429153442382813 -0.0144901275634766 0.0253963470458984
0.0400924682617188 -0.0304489135742188 -0.0274581909179687 0.025390625
0.0475997924804688 -0.0145759582519531 -0.0311927795410156 0.0116024017333984
0.046783447265625 0.0179023742675781 -0.0294876098632813 0.00191688537597656
0.0430946350097656 0.0332260131835938 -0.0147924423217773 0.00704765319824219
0.0356788635253906 0.0407562255859375 -0.00596427917480469 0.0268840789794922
0.0324592590332031 0.0478134155273438 0.0225296020507813 -0.00177192687988281
0.035736083984375 0.0397491455078125 0.0391616821289062 0.02313232421875
0.0460128784179688 0.0311088562011719 0.0453529357910156 0.0223312377929688
0.0497360229492188 0.0096588134765625 0.0489921569824219 0.00788116455078125
0.0409812927246094 -0.0078582763671875 0.0336971282958984 -0.00115585327148438
0.0330715179443359 -0.0269546508789063 0.0204505920410156 -0.0033721923828125
0.0206375122070313 -0.0342960357666016 0.0113592147827148 0.00570583343505859
0.0173854827880859 -0.0319328308105469 0.00733375549316406 0.0192203521728516
0.017303466796875 -0.0373191833496094 0.00216102600097657 0.0338935852050781
0.0224399566650391 -0.0348091125488281 -0.0146522521972656 0.0381965637207031
0.03607177734375 -0.0247459411621094 -0.0275077819824219 0.0348873138427734
0.0430450439453125 -0.0126495361328125 -0.0306167602539062 0.0174484252929688
0.0446281433105469 0.0165328979492188 -0.0235042572021484 0.00571823120117187
0.0421028137207031 0.0308952331542969 -0.00165653228759765 0.0126972198486328
0.0337142944335938 0.0382194519042969 0.00659561157226563 0.0421714782714844
0.0261039733886719 0.0367813110351563 0.0288143157958984 0.0116691589355469
0.0315742492675781 0.0311126708984375 0.0449562072753906 0.0319328308105469
0.0409622192382813 0.0222244262695313 0.0442428588867188 0.0248832702636719
0.0419273376464844 0.00495147705078125 0.0429573059082031 0.011993408203125
0.0320796966552734 -0.00778770446777344 0.0261516571044922 0.00524330139160156
0.0257186889648438 -0.019561767578125 0.0136213302612305 0.00688552856445312
0.0181407928466797 -0.0236682891845703 0.00686264038085938 0.0181446075439453
0.0174026489257813 -0.0205211639404297 0.00380706787109375 0.0300025939941406
0.0176143646240234 -0.0243682861328125 -0.000221252441406251 0.0430984497070313
0.0203781127929688 -0.0218296051025391 -0.0172233581542969 0.0459251403808594
0.0288810729980469 -0.0133781433105469 -0.0278549194335937 0.0392494201660156
0.0330162048339844 -0.00641059875488281 -0.0294589996337891 0.0198574066162109
0.0343036651611328 0.0156135559082031 -0.0190410614013672 0.00664520263671875
0.0327472686767578 0.0267238616943359 0.00827598571777344 0.017059326171875
0.0246696472167969 0.0320034027099609 0.0150299072265625 0.0547218322753906
0.0153980255126953 0.0187911987304688 0.033599853515625 0.0185813903808594
0.0233612060546875 0.0161724090576172 0.0466384887695313 0.0326118469238281
0.0277366638183594 0.00813865661621094 0.0416259765625 0.0230865478515625
0.0250625610351562 -0.001617431640625 0.0360107421875 0.01513671875
0.01544189453125 -0.00555515289306641 0.0205821990966797 0.00945854187011719
0.013641357421875 -0.00853538513183594 0.00918292999267578 0.0147676467895508
0.0135869979858398 -0.00863361358642578 0.00322341918945312 0.0261707305908203
0.0140972137451172 -0.007171630859375 0.000370025634765622 0.0365715026855469
0.0159921646118164 -0.00803089141845703 -0.00506973266601562 0.0479354858398438
0.0153465270996094 -0.00525379180908203 -0.0213737487792969 0.0486984252929688
0.0181694030761719 -0.001190185546875 -0.0301284790039063 0.0392227172851562
0.0202884674072266 0.000858306884765625 -0.0298061370849609 0.0193290710449219
0.0195465087890625 0.0137882232666016 -0.0174121856689453 0.00771617889404297
0.0168609619140625 0.0199146270751953 0.0116672515869141 0.0222568511962891
0.0120048522949219 0.0201663970947266 0.0191764831542969 0.0646934509277344
0.00282001495361328 -0.000354528427124023 0.035369873046875 0.0169219970703125
0.00882720947265625 -2.288818359375E-05 0.0450630187988281 0.0275154113769531
0.00884914398193359 -0.00602912902832031 0.0376853942871094 0.0193748474121094
0.0018315315246582 -0.00589656829833984 0.0324783325195313 0.0152091979980469
-0.00395059585571289 -7.67707824707023E-05 0.0187053680419922 0.00949859619140625
2.38418579101569E-05 0.0065150260925293 0.00780105590820312 0.0162477493286133
0.00748443603515625 0.00884342193603516 0.00118446350097656 0.0282611846923828
0.00929069519042969 0.007720947265625 -0.00310134887695312 0.0372200012207031
0.0117025375366211 0.007965087890625 -0.0112876892089844 0.04718017578125
0.00831031799316406 0.00953769683837891 -0.0274925231933594 0.0463104248046875
0.00567293167114258 0.00845241546630859 -0.0347023010253906 0.0352706909179687
0.00507736206054688 0.00489330291748047 -0.0319995880126953 0.0174846649169922
0.0042576789855957 0.00869226455688476 -0.0197181701660156 0.00701713562011718
0.000303268432617187 0.00938701629638672 0.00905609130859375 0.0238075256347656
-0.00273036956787109 0.00554752349853516 0.0182380676269531 0.0690460205078125
0.0210704803466797 0.0213088989257812 -0.0152206420898438 -0.065277099609375
0.0144033432006836 0.0023040771484375 0.0015869140625 -0.0258407592773438
0.011347770690918 -0.00122547149658203 0.0251407623291016 -0.00355911254882813
0.0114593505859375 -0.00733184814453125 0.0410003662109375 -0.0116844177246094
0.0078582763671875 -0.0130071640014648 0.0412750244140625 -0.0246200561523438
-0.00152206420898438 -0.0217838287353516 0.0325050354003906 -0.0425148010253906
-0.00862693786621094 -0.0239200592041016 0.0175628662109375 -0.0475807189941406
-0.00692176818847656 -0.0221672058105469 0.00699996948242187 -0.0354423522949219
-0.00550651550292969 -0.0269966125488281 -0.000461578369140625 -0.0231513977050781
0.00815200805664063 -0.0249767303466797 -0.0106792449951172 -0.0146541595458984
0.0204486846923828 -0.0152187347412109 -0.0226669311523438 -0.00689506530761719
0.0221595764160156 0.000677108764648438 -0.0292873382568359 -0.0127601623535156
0.0128211975097656 0.0160694122314453 -0.03948974609375 -0.0221366882324219
0.0095367431640625 0.0188636779785156 -0.0462608337402344 -0.0245895385742187
0.0107593536376953 0.0225696563720703 -0.0332202911376953 -0.0179233551025391
0.0297966003417969 0.0378303527832031 -0.00422286987304687 -0.0546073913574219
0.0239772796630859 0.0170230865478516 0.0132560729980469 -0.017578125
0.023651123046875 0.0119476318359375 0.0329303741455078 0.00113677978515625
0.0255508422851563 -1.52587890625E-05 0.0472373962402344 -0.00819015502929688
0.0218925476074219 -0.0109081268310547 0.0449943542480469 -0.0184135437011719
0.0126552581787109 -0.0275230407714844 0.0364151000976563 -0.0346336364746094
0.000955581665039065 -0.0341110229492188 0.0215721130371094 -0.0378952026367188
0.00119781494140625 -0.0332412719726563 0.0110435485839844 -0.0251102447509766
0.002593994140625 -0.0403213500976563 0.00214958190917969 -0.0111093521118164
0.0169410705566406 -0.0390243530273438 -0.0118913650512695 -0.00344562530517578
0.0343551635742188 -0.0246448516845703 -0.0252895355224609 0.00276756286621093
0.0397720336914063 -0.0048370361328125 -0.0304775238037109 -0.00507354736328125
0.0311927795410156 0.0227203369140625 -0.0369606018066406 -0.0132598876953125
0.0268802642822266 0.0306243896484375 -0.0392227172851563 -0.0129356384277344
0.0240974426269531 0.0359992980957031 -0.0263710021972656 -0.00459480285644531
0.0347251892089844 0.0506134033203125 0.00664138793945312 -0.0393943786621094
0.0310516357421875 0.0326728820800781 0.0253105163574219 -0.00426101684570312
0.0343513488769531 0.0250644683837891 0.040679931640625 0.008819580078125
0.0391426086425781 0.00770187377929687 0.0535659790039062 -0.00316619873046875
0.0342006683349609 -0.00868797302246094 0.0467453002929688 -0.0138702392578125
0.0259742736816406 -0.0306758880615234 0.0360794067382813 -0.0258941650390625
0.0117111206054688 -0.0409431457519531 0.0221977233886719 -0.0248298645019531
0.00975799560546875 -0.0394363403320313 0.0128202438354492 -0.0107316970825195
0.00963592529296875 -0.0477256774902344 0.00392580032348633 0.00433301925659179
0.0220794677734375 -0.0462760925292969 -0.0121402740478516 0.0118331909179687
0.0424308776855469 -0.0307731628417969 -0.0269145965576172 0.0162010192871094
0.0501251220703125 -0.0110549926757812 -0.0317020416259766 0.00478553771972656
0.044891357421875 0.0235595703125 -0.0342731475830078 -0.00432205200195313
0.0398139953613281 0.0364189147949219 -0.0277328491210937 -0.00222015380859375
0.0327186584472656 0.0439186096191406 -0.015376091003418 0.0113916397094727
0.0348663330078125 0.0561714172363281 0.0171833038330078 -0.0201148986816406
0.0350570678710938 0.0424880981445313 0.0352020263671875 0.0111312866210938
0.0439071655273438 0.0341529846191406 0.0471267700195313 0.0165443420410156
0.0498123168945313 0.0123786926269531 0.0558242797851563 0.00301742553710938
0.0433082580566406 -0.00652313232421875 0.0435981750488281 -0.00734329223632813
0.0343818664550781 -0.0306682586669922 0.0311546325683594 -0.0158100128173828
0.0188636779785156 -0.04046630859375 0.0195770263671875 -0.00985145568847656
0.0158615112304688 -0.0393257141113281 0.0121040344238281 0.00495433807373047
0.0156745910644531 -0.0467300415039062 0.00612640380859375 0.0209846496582031
0.0245399475097656 -0.0452194213867188 -0.0117378234863281 0.0273494720458984
0.0430183410644531 -0.0315628051757812 -0.0264396667480469 0.0287322998046875
0.0513572692871094 -0.0144462585449219 -0.0312442779541016 0.0134010314941406
0.0508155822753906 0.0219306945800781 -0.0293521881103516 0.00273323059082032
0.0460052490234375 0.0379371643066406 -0.014317512512207 0.00628852844238281
0.0371017456054688 0.0457878112792969 -0.00261878967285156 0.0282573699951172
0.0319862365722656 0.0534782409667969 0.0257606506347656 -0.000308990478515622
0.0353622436523438 0.0436935424804688 0.0435523986816406 0.0258216857910156
0.0469627380371094 0.0348892211914063 0.0491142272949219 0.0241050720214844
0.0523147583007813 0.0128326416015625 0.0529403686523438 0.00850677490234375
0.04437255859375 -0.00610733032226563 0.0376358032226563 -0.0006256103515625
0.0365638732910156 -0.0269088745117187 0.0237102508544922 -0.0031890869140625
0.0229530334472656 -0.0351905822753906 0.0141944885253906 0.00602912902832031
0.0202007293701172 -0.032867431640625 0.0096893310546875 0.0197238922119141
0.0195693969726562 -0.0387649536132813 0.00563812255859375 0.0353736877441406
0.0252113342285156 -0.0364494323730469 -0.0128288269042969 0.0406951904296875
0.0403633117675781 -0.02423095703125 -0.026153564453125 0.0379676818847656
0.0471992492675781 -0.0113449096679688 -0.0298042297363281 0.0192909240722656
0.047119140625 0.0205955505371094 -0.0236759185791016 0.00710105895996094
0.04254150390625 0.0356292724609375 -0.000310897827148434 0.0135049819946289
0.0330696105957031 0.0426979064941406 0.0102005004882813 0.0454826354980469
0.0242080688476562 0.0399627685546875 0.0321254730224609 0.0154190063476563
0.030181884765625 0.0353622436523438 0.0478248596191406 0.0352325439453125
0.0418472290039063 0.0258979797363281 0.0482215881347656 0.0268936157226563
0.0436553955078125 0.00875091552734375 0.0464363098144531 0.0136032104492188
0.0351905822753906 -0.00534439086914063 0.0287971496582031 0.00476455688476563
0.0300331115722656 -0.0195331573486328 0.015406608581543 0.00755882263183594
0.0222072601318359 -0.024017333984375 0.00838661193847657 0.0192413330078125
0.0208492279052734 -0.0217685699462891 0.00579261779785156 0.030914306640625
0.0215702056884766 -0.0245323181152344 0.00231170654296875 0.04486083984375
0.0240726470947266 -0.0212841033935547 -0.0160140991210938 0.0489387512207031
0.0321559906005859 -0.0114822387695313 -0.0266304016113281 0.04205322265625
0.0358734130859375 -0.00381851196289063 -0.0289630889892578 0.0218257904052734
0.0344581604003906 0.0198020935058594 -0.0191535949707031 0.00885391235351563
0.03082275390625 0.0304698944091797 0.0102405548095703 0.0187721252441406
0.0226173400878906 0.0352210998535156 0.0182113647460938 0.0591545104980469
0.0133399963378906 0.0208282470703125 0.0358428955078125 0.0229988098144531
0.0203590393066406 0.0193309783935547 0.04931640625 0.0367889404296875
0.0263729095458984 0.0114727020263672 0.04498291015625 0.0253524780273438
0.0247421264648437 0.0014801025390625 0.0391311645507813 0.0160140991210938
0.0174293518066406 -0.00276279449462891 0.0225868225097656 0.00958824157714844
0.0170373916625977 -0.0067596435546875 0.00995731353759766 0.0145740509033203
0.0172185897827148 -0.00786972045898437 0.00298309326171875 0.0274887084960938
0.0179042816162109 -0.0067596435546875 -0.000205993652343753 0.0371475219726562
0.0208053588867188 -0.00782585144042969 -0.00505447387695312 0.0496368408203125
0.0201759338378906 -0.00299263000488281 -0.0207023620605469 0.0510101318359375
0.0210685729980469 0.00257110595703125 -0.0307044982910156 0.040863037109375
0.0211753845214844 0.0045928955078125 -0.0301837921142578 0.0209121704101563
0.0183696746826172 0.0183238983154297 -0.0186176300048828 0.00960159301757812
0.0143470764160156 0.0231094360351563 0.0127677917480469 0.0237884521484375
0.00822067260742188 0.0233345031738281 0.0204658508300781 0.0700225830078125
-0.000424563884735107 -0.000607907772064209 0.0362739562988281 0.0218238830566406
0.00596904754638672 0.000600814819335938 0.0481910705566406 0.03167724609375
0.00624513626098633 -0.00454092025756836 0.0403938293457031 0.0205764770507813
0.000573635101318359 -0.00330066680908203 0.0345993041992188 0.0156059265136719
-0.00373530387878418 0.00214481353759766 0.0191516876220703 0.00960159301757813
0.00228309631347656 0.00927925109863281 0.00730228424072266 0.0164632797241211
0.011601448059082 0.0101585388183594 -0.000480651855468748 0.0288238525390625
0.0124435424804687 0.00886917114257812 -0.00460052490234375 0.0384788513183594
0.0160322189331055 0.00880908966064453 -0.0125885009765625 0.0495758056640625
0.0125370025634766 0.0106954574584961 -0.028411865234375 0.0479698181152344
0.00753116607666016 0.0118522644042969 -0.0350837707519531 0.0367050170898437
0.00510597229003906 0.00907039642333984 -0.0331039428710938 0.0187110900878906
0.00193119049072266 0.0120115280151367 -0.0208168029785156 0.00814628601074219
-0.00298786163330078 0.011622428894043 0.00859642028808594 0.0268115997314453
-0.00744247436523437 0.00690221786499024 0.017578125 0.0755996704101563
0.0265426635742188 0.0207862854003906 -0.0156478881835937 -0.0712127685546875
0.0177783966064453 0.000436782836914063 0.00138282775878906 -0.0296382904052734
0.0126895904541016 -0.00461196899414063 0.0257396697998047 -0.0053558349609375
0.0104293823242188 -0.0110025405883789 0.042816162109375 -0.0135040283203125
0.00605869293212891 -0.0160360336303711 0.0442047119140625 -0.0260200500488281
-0.0051422119140625 -0.0237560272216797 0.0351028442382813 -0.0449790954589844
-0.0133285522460937 -0.0247611999511719 0.0189590454101563 -0.0503463745117188
-0.0107555389404297 -0.0239009857177734 0.0094451904296875 -0.0381317138671875
-0.00961875915527343 -0.0290317535400391 0.00140953063964844 -0.0250911712646484
0.00490951538085937 -0.0289268493652344 -0.00940799713134766 -0.0149869918823242
0.0202407836914063 -0.0191841125488281 -0.02264404296875 -0.00661468505859375
0.0246505737304688 -0.00317192077636719 -0.0316219329833984 -0.0116825103759766
0.0176277160644531 0.0149059295654297 -0.0428695678710938 -0.0227127075195312
0.0149173736572266 0.0189647674560547 -0.0499610900878906 -0.0268402099609375
0.01605224609375 0.024200439453125 -0.0340633392333984 -0.0218391418457031
0.0352020263671875 0.0399513244628906 -0.002532958984375 -0.0606727600097656
0.0279464721679688 0.0166358947753906 0.0149879455566406 -0.0215492248535156
0.0257530212402344 0.00979995727539063 0.035308837890625 -0.000766754150390624
0.0262298583984375 -0.002655029296875 0.0510520935058594 -0.00947952270507813
0.0208969116210937 -0.0135231018066406 0.0488128662109375 -0.0199432373046875
0.0100345611572266 -0.0297031402587891 0.040130615234375 -0.0376663208007813
-0.00161361694335937 -0.0359992980957031 0.0247917175292969 -0.0403404235839844
-0.00141525268554688 -0.0357398986816406 0.0139999389648438 -0.0274295806884766
-0.000595092773437502 -0.0432319641113281 0.00553417205810547 -0.0130510330200195
0.0151634216308594 -0.0431594848632813 -0.0093536376953125 -0.00314617156982422
0.0356483459472656 -0.0295295715332031 -0.0239181518554687 0.00460243225097657
0.0437660217285156 -0.00830459594726563 -0.0311870574951172 -0.003570556640625
0.0372962951660156 0.0231056213378906 -0.0398445129394531 -0.0130691528320312
0.0328903198242188 0.0330600738525391 -0.0405120849609375 -0.0145187377929687
0.0299186706542969 0.0393218994140625 -0.0255527496337891 -0.00753021240234374
0.0391464233398438 0.054656982421875 0.010345458984375 -0.0433540344238281
0.0339260101318359 0.0344715118408203 0.0289840698242188 -0.00744247436523437
0.0373573303222656 0.0259819030761719 0.0440330505371094 0.007080078125
0.0406837463378906 0.00706100463867188 0.0574493408203125 -0.00430679321289063
0.035491943359375 -0.00967788696289063 0.0507698059082031 -0.0150260925292969
0.025299072265625 -0.03302001953125 0.040374755859375 -0.0282440185546875
0.0104904174804687 -0.0427780151367188 0.0263214111328125 -0.0273551940917969
0.00873565673828125 -0.042266845703125 0.0167484283447266 -0.0129451751708984
0.00821685791015625 -0.0514144897460938 0.00879478454589844 0.00329208374023437
0.0218658447265625 -0.0506629943847656 -0.00909423828125 0.0127763748168945
0.0445709228515625 -0.0354881286621094 -0.02471923828125 0.0183525085449219
0.0544242858886719 -0.0141716003417969 -0.031494140625 0.00637054443359375
0.0514297485351562 0.0244941711425781 -0.0348033905029297 -0.00344657897949219
0.0462646484375 0.0400238037109375 -0.0274887084960937 -0.00311851501464844
0.0381317138671875 0.0487632751464844 -0.0126104354858398 0.0104789733886719
0.0381622314453125 0.0611190795898438 0.0216293334960938 -0.0214862823486328
0.0379257202148438 0.0461540222167969 0.0400276184082031 0.0101089477539063
0.0470085144042969 0.0368156433105469 0.0512886047363281 0.01617431640625
0.0534782409667969 0.0133056640625 0.0599479675292969 0.00136566162109375
0.04638671875 -0.007171630859375 0.0483436584472656 -0.009063720703125
0.0365676879882813 -0.0329513549804688 0.0357933044433594 -0.0172080993652344
0.0208091735839844 -0.0437736511230469 0.0239276885986328 -0.01177978515625
0.01751708984375 -0.0423355102539063 0.0161752700805664 0.00304508209228515
0.0161895751953125 -0.050628662109375 0.0110797882080078 0.0206050872802734
0.026214599609375 -0.0493888854980469 -0.00804710388183594 0.0294170379638672
0.0472564697265625 -0.0349922180175781 -0.0235519409179688 0.0314788818359375
0.0570564270019531 -0.0163459777832031 -0.0300426483154297 0.0155925750732422
0.0561599731445313 0.0236244201660156 -0.0290927886962891 0.00341796875
0.0510177612304688 0.0414619445800781 -0.0119209289550781 0.00617218017578125
0.0408363342285156 0.0518684387207031 0.00152015686035156 0.0292453765869141
0.0330657958984375 0.05792236328125 0.0308284759521484 -0.000391006469726559
0.0369529724121094 0.0488014221191406 0.0491905212402344 0.0261344909667969
0.0502815246582031 0.0388069152832031 0.0543136596679687 0.0236625671386719
0.0568008422851563 0.015045166015625 0.0577621459960938 0.00774383544921875
0.0479621887207031 -0.00525665283203125 0.0409126281738281 -0.00290298461914063
0.0401687622070312 -0.0289764404296875 0.0276775360107422 -0.00489425659179688
0.025970458984375 -0.038238525390625 0.0176181793212891 0.004852294921875
0.0229339599609375 -0.0357704162597656 0.0130748748779297 0.019134521484375
0.0224342346191406 -0.0421257019042969 0.00983047485351563 0.0357894897460938
0.0285186767578125 -0.038970947265625 -0.00851058959960938 0.042449951171875
0.0440597534179688 -0.0256843566894531 -0.0233573913574219 0.0412750244140625
0.0514411926269531 -0.0116767883300781 -0.0285778045654297 0.0220413208007812
0.0510482788085938 0.0234642028808594 -0.0229396820068359 0.00866317749023437
0.0459365844726563 0.0398178100585938 0.00279617309570313 0.0136480331420898
0.0346527099609375 0.0480422973632813 0.0142974853515625 0.047454833984375
0.0237922668457031 0.0444984436035156 0.0368728637695313 0.0173912048339844
0.0302505493164062 0.0397567749023437 0.0542030334472656 0.0371208190917969
0.0436210632324219 0.0304336547851563 0.0537796020507813 0.0272331237792969
0.0473403930664063 0.0112457275390625 0.0506782531738281 0.0122756958007813
0.0384712219238281 -0.0036468505859375 0.031402587890625 0.0039825439453125
0.0340614318847656 -0.0198898315429688 0.0184268951416016 0.00670623779296875
0.0266647338867188 -0.0259628295898438 0.0105724334716797 0.01922607421875
0.0247211456298828 -0.0232486724853516 0.00802993774414063 0.0316696166992188
0.0259113311767578 -0.0268783569335938 0.00513458251953125 0.0466728210449219
0.0281486511230469 -0.0221424102783203 -0.01214599609375 0.0510520935058594
0.0370445251464844 -0.0108375549316406 -0.0249977111816406 0.0451393127441406
0.039581298828125 -0.00174713134765625 -0.0272598266601563 0.0244560241699219
0.0362319946289062 0.0246124267578125 -0.0181770324707031 0.00989151000976562
0.0317649841308594 0.0355758666992188 0.0128154754638672 0.0201797485351563
0.0216712951660156 0.039825439453125 0.022979736328125 0.063751220703125
0.0111446380615234 0.0236225128173828 0.0401458740234375 0.0271339416503906
0.0182285308837891 0.0226421356201172 0.0552101135253906 0.0401229858398438
0.0266056060791016 0.0146121978759766 0.0497093200683594 0.0266494750976562
0.0266246795654297 0.00474357604980469 0.0427932739257813 0.0146942138671875
0.0195274353027344 6.4849853515625E-05 0.0241012573242188 0.00841712951660156
0.0215320587158203 -0.00565338134765625 0.0108013153076172 0.0146617889404297
0.0223236083984375 -0.00885009765625 0.00409889221191406 0.0288486480712891
0.02276611328125 -0.00731086730957031 0.00115966796875 0.0394058227539063
0.0258274078369141 -0.00868988037109375 -0.00298690795898437 0.0516586303710938
0.0246086120605469 -0.00334548950195313 -0.0195693969726563 0.0530738830566406
0.0253658294677734 0.004791259765625 -0.0295143127441406 0.0430717468261719
0.0238246917724609 0.00815963745117187 -0.0296230316162109 0.02337646484375
0.0180702209472656 0.0226879119873047 -0.017420768737793 0.0107126235961914
0.0125274658203125 0.0275650024414063 0.0154342651367187 0.0261573791503906
0.00497055053710938 0.0262298583984375 0.02496337890625 0.0758438110351563
-0.0039064884185791 -0.000180482864379883 0.038848876953125 0.0264129638671875
0.00284862518310547 0.00221157073974609 0.0522575378417969 0.0353775024414063
0.00352787971496582 -0.00274467468261719 0.0447196960449219 0.0217781066894531
-0.000424325466156006 0.000406116247177124 0.037384033203125 0.0149612426757813
-0.0027155876159668 0.0056605339050293 0.0197410583496094 0.00848770141601563
0.00579929351806641 0.0119047164916992 0.00656318664550781 0.0164709091186523
0.0152921676635742 0.0108823776245117 -0.000949859619140622 0.0313854217529297
0.0174293518066406 0.00954532623291016 -0.00522613525390625 0.0411453247070313
0.0214118957519531 0.00936126708984375 -0.0127830505371094 0.0520172119140625
0.0170507431030273 0.0123920440673828 -0.0286026000976562 0.0502586364746094
0.0112285614013672 0.0149879455566406 -0.0353012084960938 0.038818359375
0.00685882568359375 0.0131072998046875 -0.0337753295898438 0.0207099914550781
0.000443458557128905 0.0161771774291992 -0.0218296051025391 0.0106334686279297
-0.00689029693603516 0.0147762298583984 0.0101165771484375 0.0292606353759766
-0.0116977691650391 0.008636474609375 0.020263671875 0.0807647705078125
0.0326175689697266 0.0180034637451172 -0.0178298950195312 -0.0770492553710938
0.0209236145019531 -0.00344276428222656 -4.19616699218727E-05 -0.0338954925537109
0.012721061706543 -0.00884628295898438 0.0264377593994141 -0.00776481628417969
0.0082550048828125 -0.0152873992919922 0.043853759765625 -0.0156288146972656
0.00304412841796875 -0.0184173583984375 0.0456466674804688 -0.0279731750488281
-0.0107078552246094 -0.0232048034667969 0.0364799499511719 -0.0480079650878906
-0.0178585052490234 -0.0243263244628906 0.0205039978027344 -0.0540313720703125
-0.0149135589599609 -0.0238933563232422 0.0107231140136719 -0.0423355102539063
-0.0152244567871094 -0.0294818878173828 0.00301551818847656 -0.0273818969726563
0.000562667846679685 -0.0313777923583984 -0.0084228515625 -0.0145502090454102
0.0176544189453125 -0.0242843627929688 -0.0218315124511719 -0.00566673278808593
0.0254669189453125 -0.00869369506835938 -0.0324745178222656 -0.0102958679199219
0.0221366882324219 0.0111122131347656 -0.0455665588378906 -0.0219230651855469
0.0214500427246094 0.0177268981933594 -0.0541954040527344 -0.0278129577636719
0.0230178833007812 0.0238227844238281 -0.0351486206054688 -0.0252227783203125
0.0414276123046875 0.0390586853027344 -0.00241470336914062 -0.0665016174316406
0.0316219329833984 0.0151939392089844 0.0170307159423828 -0.0267982482910156
0.0268840789794922 0.00695991516113281 0.0370903015136719 -0.00299072265625
0.0256385803222656 -0.00616455078125 0.0529136657714844 -0.0119857788085938
0.0196590423583984 -0.0155544281005859 0.0511360168457031 -0.0229339599609375
0.00693702697753906 -0.0316390991210938 0.0431365966796875 -0.0407676696777344
-0.00532913208007812 -0.0371665954589844 0.0276298522949219 -0.044708251953125
-0.0053863525390625 -0.0368118286132813 0.0168552398681641 -0.0311908721923828
-0.004608154296875 -0.045440673828125 0.00882053375244141 -0.0157623291015625
0.0110664367675781 -0.0463294982910156 -0.00645732879638672 -0.00372743606567383
0.0349693298339844 -0.0349826812744141 -0.0219249725341797 0.00575637817382812
0.0458335876464844 -0.0138626098632813 -0.0309028625488281 -0.00196647644042969
0.0437278747558594 0.0201797485351563 -0.0412712097167969 -0.0113410949707031
0.0402450561523438 0.0333633422851563 -0.0427436828613281 -0.0158653259277344
0.0369186401367188 0.0412940979003906 -0.0251274108886719 -0.0107269287109375
0.0437698364257813 0.0573348999023438 0.0118179321289063 -0.048583984375
0.0371665954589844 0.0350418090820313 0.032470703125 -0.0109443664550781
0.0405921936035156 0.0248565673828125 0.0474052429199219 0.00356292724609375
0.0434646606445313 0.00525665283203125 0.0613670349121094 -0.00766754150390625
0.0361557006835938 -0.0117721557617188 0.0539779663085937 -0.0182571411132812
0.0243072509765625 -0.03594970703125 0.0444412231445313 -0.0320777893066406
0.00872802734375 -0.0445785522460938 0.0302009582519531 -0.0314655303955078
0.00651931762695313 -0.0446739196777344 0.0204563140869141 -0.0173702239990234
0.00550079345703124 -0.0533638000488281 0.0121707916259766 0.000467300415039059
0.0202178955078125 -0.0542068481445313 -0.00514888763427734 0.0127906799316406
0.044769287109375 -0.0411949157714844 -0.020904541015625 0.0196189880371094
0.0583763122558594 -0.019256591796875 -0.0288410186767578 0.00760841369628907
0.0586395263671875 0.0239677429199219 -0.0347518920898437 -0.00295639038085938
0.0544471740722656 0.0413703918457031 -0.0273170471191406 -0.00404930114746093
0.0458412170410156 0.0526008605957031 -0.00986957550048828 0.00763416290283204
0.0428924560546875 0.0655899047851563 0.0258636474609375 -0.0258235931396484
0.0407333374023438 0.0492286682128906 0.04449462890625 0.00787734985351563
0.05078125 0.0374794006347656 0.0548858642578125 0.0136528015136719
0.0564041137695312 0.0125732421875 0.0645790100097656 -0.00173187255859375
0.0483207702636719 -0.00774765014648438 0.0506629943847656 -0.0124435424804688
0.0379295349121094 -0.0359039306640625 0.0394668579101562 -0.0207672119140625
0.0205879211425781 -0.0462112426757812 0.0268363952636719 -0.0153427124023438
0.0173835754394531 -0.0456771850585937 0.0196571350097656 2.86102294921847E-05
0.0154991149902344 -0.0549163818359375 0.0164051055908203 0.0189762115478516
0.0253219604492188 -0.054107666015625 -0.00222587585449218 0.0291576385498047
0.0482330322265625 -0.040435791015625 -0.0189704895019531 0.0338020324707031
0.0606613159179688 -0.0198783874511719 -0.0268363952636719 0.0169315338134766
0.063018798828125 0.023834228515625 -0.0279273986816406 0.0055389404296875
0.0578384399414063 0.04327392578125 -0.00983715057373046 0.00497245788574219
0.04583740234375 0.0564231872558594 0.00654983520507813 0.0285892486572266
0.0351715087890625 0.0641555786132813 0.0360641479492187 -0.000877380371093746
0.0387992858886719 0.0529403686523437 0.0549736022949219 0.0246200561523438
0.0543022155761719 0.0421409606933594 0.0595321655273438 0.0212440490722656
0.0611495971679688 0.0153274536132813 0.0617713928222656 0.00444793701171875
0.052886962890625 -0.00626373291015625 0.0441818237304688 -0.00545120239257813
0.04302978515625 -0.0317001342773438 0.0307521820068359 -0.00746917724609375
0.0286026000976562 -0.0418891906738281 0.0215778350830078 0.00378990173339843
0.0251541137695313 -0.0395393371582031 0.0176067352294922 0.0173778533935547
0.0244293212890625 -0.0457916259765625 0.0151214599609375 0.0340919494628906
0.0304069519042969 -0.0425987243652344 -0.00241851806640625 0.043487548828125
0.0468788146972656 -0.0281333923339844 -0.0198173522949219 0.0423507690429687
0.0554389953613281 -0.0133018493652344 -0.0257701873779297 0.0245151519775391
0.0558853149414063 0.0252037048339844 -0.0211601257324219 0.00993347167968751
0.0507278442382813 0.0438766479492188 0.00593376159667969 0.0133800506591797
0.0376396179199219 0.0539283752441406 0.0207061767578125 0.0486946105957031
0.0238456726074219 0.0496559143066406 0.0427207946777344 0.0174903869628906
0.0312271118164063 0.0448951721191406 0.0602569580078125 0.0365486145019531
0.0466537475585938 0.03424072265625 0.0588912963867188 0.0262413024902344
0.0515861511230469 0.0137672424316406 0.0557975769042969 0.00890731811523438
0.0428085327148437 -0.002655029296875 0.0338325500488281 0.00190353393554687
0.0389671325683594 -0.0223808288574219 0.0199146270751953 0.00502777099609375
0.0301780700683594 -0.0289936065673828 0.014495849609375 0.0184192657470703
0.0282840728759766 -0.0263099670410156 0.0104122161865234 0.0308113098144531
0.0294952392578125 -0.0304775238037109 0.00893402099609375 0.0465774536132813
0.0320911407470703 -0.0234661102294922 -0.00770187377929687 0.0517997741699219
0.0411605834960938 -0.0113868713378906 -0.0203781127929687 0.04730224609375
0.0437393188476563 -0.00133895874023438 -0.0250911712646484 0.026153564453125
0.0400619506835937 0.0279006958007813 -0.0159950256347656 0.0116138458251953
0.0337867736816406 0.03985595703125 0.0156955718994141 0.0204429626464844
0.0220756530761719 0.045166015625 0.0300025939941406 0.0659370422363281
0.00871849060058594 0.0273761749267578 0.0457038879394531 0.0297966003417969
0.0172176361083984 0.0274429321289063 0.0618171691894531 0.0409049987792969
0.0266819000244141 0.0187053680419922 0.054840087890625 0.0261650085449219
0.0283393859863281 0.0076141357421875 0.0462608337402344 0.012725830078125
0.0235137939453125 0.00113105773925781 0.0248832702636719 0.00701904296875
0.0266189575195313 -0.00583648681640625 0.0115413665771484 0.0147085189819336
0.0270214080810547 -0.0122890472412109 0.00516891479492187 0.02960205078125
0.0273418426513672 -0.00935745239257813 0.00343322753906251 0.0406379699707031
0.0310344696044922 -0.0122241973876953 -0.000549316406250002 0.0532188415527344
0.0294151306152344 -0.00529670715332031 -0.0167884826660156 0.0546607971191406
0.0310649871826172 0.00617218017578125 -0.027557373046875 0.0453338623046875
0.0285739898681641 0.0108661651611328 -0.0277976989746094 0.0272197723388672
0.0200901031494141 0.0275440216064453 -0.0170269012451172 0.0130519866943359
0.0104503631591797 0.0331802368164063 0.0196208953857422 0.0278282165527344
0.00255012512207031 0.0308990478515625 0.0302734375 0.0795059204101563
-0.0087580680847168 0.00358676910400391 0.0426216125488281 0.0308723449707031
3.71932983398437E-05 0.0047001838684082 0.0567665100097656 0.0380973815917969
0.00163936614990234 0.000991582870483398 0.048553466796875 0.0210723876953125
-0.000211238861083984 0.00475692749023438 0.0391273498535156 0.0127410888671875
-5.43594360351555E-05 0.00930881500244141 0.0200481414794922 0.00791358947753906
0.0111246109008789 0.0122203826904297 0.00584888458251953 0.0161895751953125
0.0210189819335938 0.00889968872070313 -0.000644683837890623 0.0333366394042969
0.0221767425537109 0.00731086730957031 -0.00457000732421875 0.0440673828125
0.0273170471191406 0.00824928283691406 -0.01177978515625 0.0544013977050781
0.0226974487304688 0.0118160247802734 -0.0276107788085937 0.0530662536621094
0.0161571502685547 0.018646240234375 -0.034271240234375 0.0414924621582031
0.00995063781738281 0.0173730850219727 -0.0336151123046875 0.0233573913574219
-0.000236511230468749 0.0214576721191406 -0.0209846496582031 0.0121517181396484
-0.00903129577636719 0.0205001831054688 0.0117664337158203 0.0322666168212891
-0.0158166885375977 0.01165771484375 0.0252761840820313 0.086517333984375
0.0369300842285156 0.0124320983886719 -0.021697998046875 -0.0821151733398438
0.0219898223876953 -0.00844573974609375 -0.0011444091796875 -0.03759765625
0.0137424468994141 -0.0116062164306641 0.0261611938476563 -0.00935745239257813
0.00708198547363281 -0.020355224609375 0.0447311401367188 -0.0177726745605469
-0.00158309936523437 -0.0197219848632813 0.0481224060058594 -0.030548095703125
-0.0160255432128906 -0.0218868255615234 0.0354499816894531 -0.0508155822753906
-0.0232830047607422 -0.0219783782958984 0.0197868347167969 -0.0565567016601563
-0.0201358795166016 -0.022247314453125 0.010589599609375 -0.0449104309082031
-0.0192642211914062 -0.0286159515380859 0.00441360473632812 -0.029266357421875
-0.00556564331054688 -0.0322055816650391 -0.00470352172851562 -0.0158252716064453
0.0154666900634766 -0.0277481079101562 -0.0187625885009766 -0.00452232360839844
0.0244369506835938 -0.0133838653564453 -0.032501220703125 -0.0100154876708984
0.0252971649169922 0.00651931762695313 -0.0486030578613281 -0.0203399658203125
0.0272769927978516 0.0159168243408203 -0.0572280883789063 -0.0288238525390625
0.0281352996826172 0.0217552185058594 -0.0366477966308594 -0.0309944152832031
0.047149658203125 0.0384063720703125 -0.00287628173828124 -0.0727310180664063
0.0340461730957031 0.0133094787597656 0.0147781372070313 -0.0315628051757813
0.0285301208496094 0.0050201416015625 0.0381393432617188 -0.00653457641601563
0.0243148803710938 -0.00822067260742188 0.0531654357910156 -0.0141983032226563
0.0192127227783203 -0.0166282653808594 0.0528945922851563 -0.0243682861328125
0.00243186950683594 -0.0310134887695313 0.0434532165527344 -0.0436439514160156
-0.008148193359375 -0.0367012023925781 0.0293159484863281 -0.049468994140625
-0.00785446166992188 -0.0366935729980469 0.0188694000244141 -0.0341415405273438
-0.0104103088378906 -0.0450592041015625 0.0112400054931641 -0.0207309722900391
0.0069427490234375 -0.0488510131835938 -0.00212574005126953 -0.00626945495605469
0.0333824157714844 -0.0404014587402344 -0.0194816589355469 0.00528717041015625
0.0472908020019531 -0.0193672180175781 -0.0297622680664063 -0.00181388854980469
0.0491981506347656 0.0171546936035156 -0.0417060852050781 -0.0118141174316406
0.0478515625 0.0306816101074219 -0.044921875 -0.0172500610351562
0.0448417663574219 0.0413780212402344 -0.0244693756103516 -0.0145549774169922
0.051239013671875 0.0576858520507813 0.0121421813964844 -0.0535087585449219
0.0399169921875 0.0340805053710938 0.0318794250488281 -0.0170497894287109
0.0420684814453125 0.0244026184082031 0.04827880859375 0.00166702270507813
0.0439643859863281 0.00189971923828125 0.0630302429199219 -0.011016845703125
0.03570556640625 -0.0134696960449219 0.0555381774902344 -0.0206871032714844
0.0225143432617188 -0.0361557006835938 0.0468330383300781 -0.0365333557128906
0.00645828247070313 -0.0472793579101563 0.0346832275390625 -0.0362777709960938
0.00453948974609375 -0.0468063354492188 0.0217399597167969 -0.0222225189208984
0.00346374511718749 -0.0559654235839844 0.0164566040039062 -0.0033102035522461
0.0169944763183594 -0.0588912963867188 0.000116348266601563 0.0106735229492187
0.0448074340820313 -0.0462913513183594 -0.0166721343994141 0.0210056304931641
0.0607376098632812 -0.0243415832519531 -0.0264816284179687 0.00845909118652344
0.0635452270507813 0.0213203430175781 -0.0349445343017578 -0.00106048583984374
0.0609245300292969 0.0415763854980469 -0.0269374847412109 -0.00606346130371094
0.0501823425292969 0.0538330078125 -0.0066080093383789 0.00469589233398438
0.0468673706054687 0.0691337585449219 0.0283832550048828 -0.0308074951171875
0.0447731018066406 0.0502853393554688 0.0453529357910156 0.00240325927734375
0.0553016662597656 0.03924560546875 0.0567092895507812 0.00975418090820313
0.0598030090332031 0.01214599609375 0.0668907165527344 -0.00601959228515625
0.0506591796875 -0.00851058959960938 0.0523452758789063 -0.015106201171875
0.0364189147949219 -0.036865234375 0.0416679382324219 -0.0239143371582031
0.0208892822265625 -0.0488739013671875 0.0321273803710938 -0.0185909271240234
0.0187835693359375 -0.0474395751953125 0.0235214233398437 -0.00387001037597657
0.0145149230957031 -0.0580863952636719 0.0214309692382813 0.0140933990478516
0.0243110656738281 -0.057342529296875 0.00316810607910156 0.0262660980224609
0.0489997863769531 -0.0443611145019531 -0.0153465270996094 0.0332698822021484
0.0640678405761719 -0.0243988037109375 -0.0220832824707031 0.0171413421630859
0.0690956115722656 0.0223350524902344 -0.0257034301757812 0.00603485107421876
0.0645027160644531 0.0433692932128906 -0.00921154022216797 0.0033712387084961
0.0520668029785156 0.0604705810546875 0.0100364685058594 0.0242195129394531
0.0389862060546875 0.0689201354980469 0.0387725830078125 -0.00378036499023437
0.0431938171386719 0.0558891296386719 0.0602455139160156 0.0211639404296875
0.0588569641113281 0.0449371337890625 0.0639915466308594 0.0190696716308594
0.0647430419921875 0.0149307250976562 0.0639076232910156 0.00321197509765625
0.0543937683105469 -0.00620651245117188 0.0456314086914063 -0.00865554809570313
0.0443687438964844 -0.0363426208496094 0.0321559906005859 -0.00945663452148438
0.0292472839355469 -0.0450553894042969 0.0230789184570313 0.000141143798828122
0.0273208618164063 -0.04345703125 0.0210895538330078 0.0148124694824219
0.02593994140625 -0.0507125854492188 0.0185775756835938 0.03021240234375
0.0315742492675781 -0.04595947265625 0.00157928466796876 0.0428276062011719
0.0507354736328125 -0.0307044982910156 -0.0142898559570312 0.0454330444335938
0.0611343383789063 -0.0160942077636719 -0.02349853515625 0.0252857208251953
0.0626907348632813 0.0263633728027344 -0.0184478759765625 0.0102558135986328
0.0553855895996094 0.044708251953125 0.00923824310302735 0.010706901550293
0.0408782958984375 0.0579910278320313 0.0262680053710938 0.0469741821289063
0.0256309509277344 0.0559806823730469 0.0474967956542969 0.0175437927246094
0.03399658203125 0.0512847900390625 0.06805419921875 0.0360488891601563
0.0504646301269531 0.0371818542480469 0.0636329650878906 0.0234642028808594
0.0575828552246094 0.0112457275390625 0.05560302734375 0.00719451904296875
0.046234130859375 -0.00347518920898438 0.0341148376464844 -0.000200271606445313
0.0415992736816406 -0.02294921875 0.0214462280273438 0.00267219543457031
0.0329818725585938 -0.0326290130615234 0.0158605575561523 0.0157842636108398
0.0305213928222656 -0.0315933227539063 0.0148296356201172 0.0298385620117187
0.0331764221191406 -0.0338573455810547 0.0128822326660156 0.045562744140625
0.0360527038574219 -0.0276679992675781 -0.00362014770507812 0.0523529052734375
0.0480537414550781 -0.0129318237304688 -0.0177421569824219 0.0465507507324219
0.0481185913085937 8.7738037109375E-05 -0.0208911895751953 0.0271739959716797
0.0441436767578125 0.0312461853027344 -0.0126523971557617 0.0095663070678711
0.036529541015625 0.0452156066894531 0.0195198059082031 0.0183258056640625
0.0233802795410156 0.0505638122558594 0.0378761291503906 0.0647392272949219
0.00695610046386719 0.0309982299804688 0.0492286682128906 0.0312423706054688
0.0180912017822266 0.0285892486572266 0.0683975219726563 0.041534423828125
0.0284957885742187 0.0230770111083984 0.0582923889160156 0.0235519409179688
0.0310726165771484 0.01153564453125 0.0477333068847656 0.00844192504882813
0.0291309356689453 0.00205802917480469 0.0241355895996094 0.00666427612304688
0.0304698944091797 -0.00774383544921875 0.0115728378295898 0.0134086608886719
0.0317840576171875 -0.0156078338623047 0.00554466247558594 0.0303382873535156
0.0318088531494141 -0.0129299163818359 0.00609588623046875 0.041748046875
0.0357475280761719 -0.0171546936035156 0.00229644775390625 0.0513839721679688
0.0359573364257813 -0.0064849853515625 -0.0121917724609375 0.0530815124511719
0.0359153747558594 0.0057220458984375 -0.0246124267578125 0.0452194213867188
0.0317821502685547 0.0128650665283203 -0.0252799987792969 0.0276508331298828
0.0219154357910156 0.0327129364013672 -0.0143022537231445 0.0149784088134766
0.0111465454101562 0.039093017578125 0.0210056304931641 0.0274276733398438
0.00295257568359375 0.0377426147460938 0.0369796752929687 0.08111572265625
-0.0108757019042969 0.00568771362304687 0.0486068725585938 0.0349617004394531
-0.00474643707275391 0.00789499282836914 0.0643157958984375 0.0375404357910156
0.00118255615234375 0.00477743148803711 0.0525321960449219 0.020111083984375
0.00194835662841797 0.00841999053955078 0.0408439636230469 0.00980377197265625
0.00358676910400391 0.0106697082519531 0.0204486846923828 0.00628280639648438
0.0176467895507812 0.0122509002685547 0.00499916076660156 0.0178165435791016
0.0264835357666016 0.00552558898925781 -9.91821289062495E-05 0.0355415344238281
0.0265159606933594 0.00400543212890625 -0.00290679931640625 0.0454292297363281
0.0323028564453125 0.00333595275878906 -0.0086517333984375 0.05596923828125
0.0279655456542969 0.00972557067871094 -0.0271072387695313 0.0540275573730469
0.0243682861328125 0.0181636810302734 -0.0350608825683594 0.0434646606445313
0.0142650604248047 0.0205650329589844 -0.0314407348632812 0.0245571136474609
0.00146293640136718 0.0268077850341797 -0.0193920135498047 0.0130653381347656
-0.0105953216552734 0.0248031616210938 0.0156116485595703 0.0336952209472656
-0.0170316696166992 0.0163335800170898 0.0298004150390625 0.0900497436523438
0.0415382385253906 0.0099029541015625 -0.0244369506835938 -0.0872650146484375
0.0223140716552734 -0.0123558044433594 -0.00442886352539063 -0.0406341552734375
0.0110969543457031 -0.0176639556884766 0.0256557464599609 -0.0105113983154297
0.00223350524902344 -0.020599365234375 0.0445899963378906 -0.0181503295898438
-0.00486183166503906 -0.0194683074951172 0.0476150512695313 -0.0307464599609375
-0.0203933715820313 -0.0206089019775391 0.0377159118652344 -0.0533447265625
-0.0265464782714844 -0.0185585021972656 0.0218925476074219 -0.0599594116210937
-0.0223617553710938 -0.0191001892089844 0.0119667053222656 -0.0478363037109375
-0.0240974426269531 -0.0243473052978516 0.00596237182617188 -0.0341148376464844
-0.00885963439941407 -0.0317420959472656 -0.00398826599121094 -0.0182247161865234
0.0112838745117187 -0.0301933288574219 -0.0184059143066406 -0.00670242309570313
0.0229682922363281 -0.0173397064208984 -0.0321846008300781 -0.00998306274414063
0.0281658172607422 0.00259208679199219 -0.0495109558105469 -0.0192451477050781
0.0305957794189453 0.0111732482910156 -0.06146240234375 -0.0293617248535156
0.0344085693359375 0.0192794799804688 -0.040557861328125 -0.0344657897949219
0.0512466430664063 0.0361824035644531 -0.00526428222656249 -0.0787734985351563
0.0343151092529297 0.01007080078125 0.0143814086914062 -0.0355644226074219
0.0272560119628906 0.00186347961425781 0.0365867614746094 -0.0078277587890625
0.0228042602539062 -0.0103740692138672 0.0541877746582031 -0.0160713195800781
0.015223503112793 -0.0172872543334961 0.0550003051757813 -0.0272598266601563
6.67572021484348E-05 -0.0308628082275391 0.0467796325683594 -0.0466842651367188
-0.0108718872070312 -0.0355453491210938 0.031005859375 -0.0532302856445312
-0.0107040405273438 -0.0357170104980469 0.01934814453125 -0.0402565002441406
-0.0118942260742187 -0.0448799133300781 0.0128688812255859 -0.0248012542724609
0.00335693359374999 -0.0496597290039062 -0.000700473785400391 -0.00803375244140625
0.0300178527832031 -0.0429115295410156 -0.0159950256347656 0.00476551055908203
0.04754638671875 -0.0248069763183594 -0.0288753509521484 -0.00263214111328125
0.0530128479003906 0.0129318237304687 -0.0422592163085937 -0.00962829589843751
0.0533027648925781 0.0283164978027344 -0.0459327697753906 -0.0194053649902344
0.0505599975585938 0.0404243469238281 -0.0256671905517578 -0.0199623107910156
0.053863525390625 0.0583648681640625 0.0146942138671875 -0.0601806640625
0.0424613952636719 0.0337181091308594 0.0329113006591797 -0.0206813812255859
0.0437774658203125 0.0237998962402344 0.0496902465820313 -0.00168228149414062
0.0451164245605469 0.00176620483398438 0.0637702941894531 -0.0131683349609375
0.0362815856933594 -0.0132484436035156 0.0580253601074219 -0.0239906311035156
0.0217094421386719 -0.0361251831054688 0.0490760803222656 -0.0394020080566406
0.00537490844726562 -0.0469551086425781 0.035308837890625 -0.040771484375
0.00354385375976562 -0.0471649169921875 0.0241603851318359 -0.0264434814453125
0.00070953369140625 -0.0575752258300781 0.0193138122558594 -0.00822067260742188
0.0141677856445312 -0.0602951049804687 0.00291585922241211 0.00786590576171875
0.0428276062011719 -0.0516204833984375 -0.0136127471923828 0.0190372467041016
0.0629234313964844 -0.0295066833496094 -0.0242557525634766 0.00741958618164062
0.0694618225097656 0.0180816650390625 -0.0332355499267578 -0.00034141540527344
0.0672340393066406 0.0391273498535156 -0.0282459259033203 -0.00791549682617188
0.0586280822753906 0.0542335510253906 -0.00593709945678711 -0.00159215927124023
0.0512008666992188 0.0708999633789063 0.0313644409179688 -0.0354995727539062
0.0474777221679687 0.0522956848144531 0.0499649047851563 -0.00270843505859375
0.0582427978515625 0.0406608581542969 0.0595016479492188 0.00821304321289063
0.0631141662597656 0.0123252868652344 0.0679359436035156 -0.00858306884765625
0.0530281066894531 -0.0100440979003906 0.0550765991210937 -0.0171279907226563
0.038604736328125 -0.0402793884277344 0.0444793701171875 -0.0278091430664063
0.0211753845214844 -0.0519027709960938 0.0325183868408203 -0.0227088928222656
0.0171966552734375 -0.050811767578125 0.0251560211181641 -0.00811386108398438
0.0134696960449219 -0.0608634948730469 0.0234565734863281 0.00983047485351562
0.0238494873046875 -0.0600967407226563 0.005035400390625 0.0243301391601562
0.05169677734375 -0.0479583740234375 -0.0115203857421875 0.0313453674316406
0.0678672790527344 -0.0285186767578125 -0.0212440490722656 0.0163764953613281
0.0742568969726563 0.0210342407226563 -0.0243492126464844 0.00548934936523437
0.0709304809570313 0.0456008911132813 -0.00716304779052734 0.00130271911621094
0.0571174621582031 0.0624961853027344 0.0140113830566406 0.0205783843994141
0.0423126220703125 0.0722427368164062 0.0445289611816406 -0.00724029541015625
0.0459213256835938 0.0602035522460938 0.0632896423339844 0.017608642578125
0.0632743835449219 0.0464096069335938 0.0649070739746094 0.0166130065917969
0.07061767578125 0.0154800415039063 0.0655441284179687 -0.00207138061523437
0.0596427917480469 -0.0077056884765625 0.0466423034667969 -0.00970458984375
0.04736328125 -0.0379524230957031 0.0347747802734375 -0.0132675170898438
0.0315628051757812 -0.0490989685058594 0.0259742736816406 -0.00402450561523438
0.0276603698730469 -0.0467910766601563 0.0215911865234375 0.0107440948486328
0.0262222290039063 -0.0553779602050781 0.0227832794189453 0.0279293060302734
0.032684326171875 -0.0499191284179688 0.00531005859375 0.0389900207519531
0.0540580749511719 -0.0356216430664063 -0.01092529296875 0.0416069030761719
0.0649909973144531 -0.0176925659179688 -0.0182132720947266 0.0226345062255859
0.0672950744628906 0.0278434753417969 -0.0162324905395508 0.00900173187255859
0.0608177185058594 0.0497589111328125 0.0116777420043945 0.00924968719482422
0.0456161499023438 0.0630722045898438 0.0320358276367187 0.0438385009765625
0.0270004272460938 0.0605545043945313 0.0539054870605469 0.017333984375
0.0366973876953125 0.0540618896484375 0.0711822509765625 0.0324020385742188
0.0541496276855469 0.0413093566894531 0.0660438537597656 0.0211372375488281
0.0616302490234375 0.0151214599609375 0.0590400695800781 0.00334548950195313
0.0516586303710938 -0.00323486328125 0.0349922180175781 -0.00135993957519531
0.0463485717773438 -0.0283393859863281 0.0222625732421875 0.00155830383300781
0.0364570617675781 -0.0387420654296875 0.0167436599731445 0.0153369903564453
0.0335674285888672 -0.0351066589355469 0.0152034759521484 0.0292510986328125
0.0355987548828125 -0.0405769348144531 0.014739990234375 0.0434303283691406
0.0379791259765625 -0.0323028564453125 -0.000663757324218745 0.0495414733886719
0.0509834289550781 -0.01568603515625 -0.0140800476074219 0.0461959838867188
0.0550193786621094 -0.00108718872070313 -0.0190200805664062 0.0261287689208984
0.0485725402832031 0.03558349609375 -0.0112085342407227 0.0113687515258789
0.040771484375 0.0510749816894531 0.0231380462646484 0.0179386138916016
0.0255813598632812 0.0568428039550781 0.0424880981445313 0.0641136169433594
0.00820159912109375 0.0377159118652344 0.0569725036621094 0.0320472717285156
0.0186805725097656 0.0361328125 0.0719528198242188 0.0413665771484375
0.0322380065917969 0.0269832611083984 0.0611038208007812 0.0227088928222656
0.0385894775390625 0.0128936767578125 0.0492286682128906 0.00913238525390625
0.0327873229980469 0.00280570983886719 0.0249919891357422 0.00489997863769531
0.03631591796875 -0.0116043090820313 0.0120458602905273 0.01416015625
0.0343990325927734 -0.0196609497070313 0.00880241394042969 0.0312709808349609
0.0350570678710938 -0.0188674926757813 0.00594329833984375 0.0416183471679688
0.0397453308105469 -0.0215263366699219 0.00356674194335938 0.0527572631835938
0.0399246215820313 -0.0115432739257813 -0.0119400024414062 0.0529441833496094
0.0432510375976563 0.00482559204101563 -0.0226554870605469 0.04608154296875
0.0387191772460938 0.0144157409667969 -0.0234470367431641 0.0266208648681641
0.0253639221191406 0.0373382568359375 -0.0110092163085938 0.0134382247924805
0.0136871337890625 0.0459213256835938 0.0247898101806641 0.0276718139648438
0.0023651123046875 0.0433464050292969 0.0426101684570312 0.0819625854492188
-0.0141830444335938 0.0103225708007812 0.0520401000976563 0.0365829467773438
-0.00438213348388672 0.0139083862304688 0.0678176879882813 0.0400238037109375
0.00131416320800781 0.0103797912597656 0.0552406311035156 0.0181808471679688
0.00572395324707031 0.0118331909179688 0.04083251953125 0.00943756103515625
0.00776958465576172 0.0126352310180664 0.0178394317626953 0.00671577453613281
0.0217647552490234 0.0100631713867188 0.00431251525878906 0.0193939208984375
0.0301570892333984 0.00216865539550781 -0.00178146362304687 0.0380439758300781
0.0314216613769531 0.000385284423828125 -0.00408554077148438 0.04736328125
0.0369300842285156 -0.00066375732421875 -0.0103034973144531 0.0571441650390625
0.0324153900146484 0.00635910034179688 -0.0251502990722656 0.0536918640136719
0.0278549194335937 0.0180225372314453 -0.032623291015625 0.0418777465820313
0.019287109375 0.0217819213867188 -0.0299625396728516 0.0247974395751953
0.00417518615722656 0.0319709777832031 -0.0175447463989258 0.014674186706543
-0.00997734069824219 0.0327930450439453 0.0169868469238281 0.0352439880371094
-0.0205287933349609 0.0232391357421875 0.0344009399414062 0.0921707153320313
0.0443115234375 0.00620269775390625 -0.0282211303710938 -0.0936813354492188
0.0222797393798828 -0.0168704986572266 -0.0074920654296875 -0.044403076171875
0.00947952270507812 -0.0207195281982422 0.0249080657958984 -0.0108127593994141
-0.00210952758789062 -0.022369384765625 0.0453033447265625 -0.0187187194824219
-0.00771331787109375 -0.0188426971435547 0.0502281188964844 -0.0322761535644531
-0.02325439453125 -0.0178108215332031 0.0398483276367188 -0.0551834106445313
-0.0286808013916016 -0.0160446166992187 0.0227699279785156 -0.0643997192382813
-0.0257778167724609 -0.0171451568603516 0.012786865234375 -0.0524520874023438
-0.0275173187255859 -0.0223007202148438 0.00608062744140625 -0.0389175415039063
-0.0128288269042969 -0.0309467315673828 -0.00247764587402344 -0.0213069915771484
0.00729179382324219 -0.0323085784912109 -0.0171318054199219 -0.00786399841308594
0.021575927734375 -0.0212688446044922 -0.0329055786132812 -0.0104331970214844
0.0301246643066406 -0.0020904541015625 -0.0515098571777344 -0.019775390625
0.0349273681640625 0.00660324096679688 -0.0655899047851563 -0.0312767028808594
0.039520263671875 0.0159187316894531 -0.0448417663574219 -0.0396881103515625
0.0557479858398438 0.0345840454101563 -0.0064697265625 -0.0858001708984375
0.0356788635253906 0.00763320922851563 0.0123138427734375 -0.0395660400390625
0.0276279449462891 0.000957489013671875 0.0374069213867188 -0.0093231201171875
0.0210533142089844 -0.0113754272460938 0.0563011169433594 -0.0174140930175781
0.014164924621582 -0.0172786712646484 0.0574951171875 -0.0286636352539062
-0.00168418884277344 -0.0285530090332031 0.0486259460449219 -0.0504035949707031
-0.0122413635253906 -0.0344219207763672 0.0330352783203125 -0.0586013793945312
-0.0124835968017578 -0.0349769592285156 0.0205268859863281 -0.04547119140625
-0.0153732299804688 -0.0440216064453125 0.0141429901123047 -0.0300750732421875
0.000122070312500004 -0.0506744384765625 0.00118160247802734 -0.0114641189575195
0.0283432006835937 -0.0464820861816406 -0.0143194198608398 0.00232791900634765
0.0475044250488281 -0.0292396545410156 -0.0283145904541016 -0.00322914123535156
0.056671142578125 0.0086212158203125 -0.04205322265625 -0.0103416442871094
0.0588798522949219 0.0254402160644531 -0.0494842529296875 -0.0211257934570313
0.0566139221191406 0.0395393371582031 -0.0279064178466797 -0.0260906219482422
0.05963134765625 0.059814453125 0.0137214660644531 -0.0673599243164062
0.0455589294433594 0.034515380859375 0.0328769683837891 -0.0262851715087891
0.0461540222167969 0.024261474609375 0.0500679016113281 -0.00335693359375
0.0459976196289062 0.00191116333007812 0.0662879943847656 -0.0149078369140625
0.0374794006347656 -0.0133628845214844 0.0606460571289063 -0.0252647399902344
0.0215568542480469 -0.0374488830566406 0.0510711669921875 -0.0428619384765625
0.00524139404296875 -0.0480575561523437 0.0369720458984375 -0.046356201171875
0.00310516357421875 -0.0483322143554688 0.0250339508056641 -0.0320491790771484
-0.00172805786132812 -0.0594558715820313 0.0212841033935547 -0.0137252807617188
0.0125045776367187 -0.0631866455078125 0.00543928146362305 0.0039224624633789
0.0435905456542969 -0.0554313659667969 -0.011322021484375 0.015838623046875
0.0640449523925781 -0.0351104736328125 -0.0237808227539062 0.00566673278808594
0.0750579833984375 0.0143585205078125 -0.0329513549804687 -0.00194549560546875
0.0751190185546875 0.0377197265625 -0.0288200378417969 -0.010650634765625
0.065643310546875 0.0562477111816406 -0.0069279670715332 -0.00706958770751953
0.0565032958984375 0.0760345458984375 0.0327644348144531 -0.040924072265625
0.0516548156738281 0.0560989379882813 0.0508995056152344 -0.00682449340820312
0.0623626708984375 0.0427513122558594 0.0613899230957031 0.00556564331054688
0.0668144226074219 0.0110015869140625 0.0704345703125 -0.01043701171875
0.0561332702636719 -0.0113296508789063 0.0572662353515625 -0.0203590393066406
0.0400962829589844 -0.0423469543457031 0.04638671875 -0.0316238403320313
0.0217094421386719 -0.0554542541503906 0.0341758728027344 -0.02838134765625
0.0177116394042969 -0.0537490844726562 0.0254440307617188 -0.0128002166748047
0.0132484436035156 -0.0648994445800781 0.0248908996582031 0.00526237487792968
0.0236549377441406 -0.0645408630371094 0.0082550048828125 0.0206394195556641
0.0528945922851563 -0.053375244140625 -0.00813674926757813 0.0294647216796875
0.071563720703125 -0.032867431640625 -0.0198040008544922 0.0148086547851562
0.0810928344726563 0.020050048828125 -0.0228328704833984 0.00409317016601563
0.0784378051757813 0.0464401245117188 -0.00617074966430664 -0.0023045539855957
0.0639572143554688 0.0660362243652344 0.0156393051147461 0.0158576965332031
0.0471649169921875 0.0782394409179687 0.0489578247070313 -0.0108261108398437
0.0503196716308594 0.0654335021972656 0.0663566589355469 0.0144157409667969
0.0686149597167969 0.0506172180175781 0.0671005249023438 0.0146865844726563
0.076995849609375 0.0155258178710937 0.0684585571289063 -0.00420761108398437
0.0645942687988281 -0.00949478149414062 0.04766845703125 -0.011566162109375
0.0508346557617188 -0.0415382385253906 0.0361557006835938 -0.01568603515625
0.0332794189453125 -0.0544548034667969 0.0273914337158203 -0.00691604614257813
0.0291862487792969 -0.0516891479492188 0.0220279693603516 0.00808525085449218
0.0277442932128906 -0.0605583190917969 0.0239353179931641 0.0244503021240234
0.0342445373535156 -0.0548515319824219 0.00742340087890625 0.0361824035644531
0.0583343505859375 -0.0403556823730469 -0.00855636596679687 0.0399246215820313
0.0704803466796875 -0.0210113525390625 -0.0169620513916016 0.0211448669433594
0.0734634399414062 0.028839111328125 -0.0136852264404297 0.007598876953125
0.0676651000976563 0.053009033203125 0.0132856369018555 0.00640392303466797
0.0505599975585937 0.0687217712402344 0.0349273681640625 0.0402336120605469
0.0305900573730469 0.0673332214355469 0.059356689453125 0.0161094665527344
0.0399169921875 0.0596084594726563 0.0763931274414063 0.0321197509765625
0.0593452453613281 0.0459671020507813 0.0685844421386719 0.019683837890625
0.0682563781738281 0.0156440734863281 0.0609550476074219 0.00237274169921875
0.057769775390625 -0.00508880615234375 0.0358772277832031 -0.00254058837890625
0.0507545471191406 -0.0328330993652344 0.0230712890625 0.0011444091796875
0.0385475158691406 -0.0440177917480469 0.0179004669189453 0.0152091979980469
0.0371246337890625 -0.0408172607421875 0.0157546997070313 0.0277156829833984
0.038177490234375 -0.0470809936523437 0.0163764953613281 0.0409355163574219
0.0426979064941406 -0.037200927734375 -4.57763671874924E-05 0.0471725463867188
0.0573844909667969 -0.019256591796875 -0.0131721496582031 0.0451622009277344
0.06170654296875 -0.00188064575195313 -0.0174503326416016 0.0248851776123047
0.0554542541503906 0.0384941101074219 -0.00953865051269531 0.0105323791503906
0.0450057983398438 0.055755615234375 0.0262527465820313 0.0160579681396484
0.0287666320800781 0.0639572143554688 0.0471687316894531 0.0640373229980469
0.00857162475585937 0.043792724609375 0.0625381469726563 0.0346298217773438
0.0203361511230469 0.0415000915527344 0.0789031982421875 0.0410842895507813
0.0358963012695313 0.0317153930664063 0.0647506713867188 0.0211601257324219
0.0433273315429688 0.0141868591308594 0.0505523681640625 0.00727081298828125
0.0377464294433594 0.0027923583984375 0.0244693756103516 0.00532722473144531
0.0404853820800781 -0.0152053833007813 0.0113754272460938 0.0150480270385742
0.0373039245605469 -0.0248908996582031 0.00807762145996094 0.0327568054199219
0.0382766723632813 -0.0244636535644531 0.00580596923828125 0.0423088073730469
0.0432167053222656 -0.0277481079101562 0.00434112548828125 0.05364990234375
0.0435409545898438 -0.0164604187011719 -0.0120582580566406 0.0533523559570313
0.0491867065429688 0.00217437744140625 -0.0221672058105469 0.045318603515625
0.04571533203125 0.0150070190429688 -0.0224723815917969 0.026123046875
0.0305633544921875 0.0433082580566406 -0.00973224639892578 0.0132761001586914
0.0172882080078125 0.0527572631835938 0.0284175872802734 0.0277729034423828
0.00238037109374999 0.05108642578125 0.0483856201171875 0.084564208984375
-0.0155172348022461 0.0149459838867187 0.0591049194335937 0.0411720275878906
-0.00484085083007812 0.0187091827392578 0.0738983154296875 0.040924072265625
0.00249195098876953 0.0152606964111328 0.0569686889648438 0.0176620483398438
0.0099945068359375 0.0142555236816406 0.0414962768554688 0.00888824462890625
0.0121355056762695 0.0140113830566406 0.0164108276367188 0.00745964050292969
0.0260276794433594 0.00774574279785156 0.0035552978515625 0.0218639373779297
0.0332202911376953 -0.00141525268554687 -0.00085830688476562 0.0415306091308594
0.0344276428222656 -0.00396347045898438 -0.00416183471679687 0.0508384704589844
0.0403404235839844 -0.00597000122070313 -0.0108642578125 0.0606193542480469
0.0369644165039063 0.00257110595703125 -0.0265350341796875 0.054534912109375
0.033447265625 0.0166454315185547 -0.0338172912597656 0.0421333312988281
0.0256729125976563 0.0236778259277344 -0.0297431945800781 0.0250129699707031
0.0074310302734375 0.037353515625 -0.0167970657348633 0.0159130096435547
-0.00883865356445312 0.039398193359375 0.0203933715820313 0.0372543334960937
-0.0219745635986328 0.0293312072753906 0.0391616821289062 0.09722900390625
0.0464210510253906 0.00114822387695313 -0.0340957641601563 -0.0997543334960938
0.0212421417236328 -0.0212593078613281 -0.0111503601074219 -0.0475349426269531
0.00650215148925782 -0.0239315032958984 0.0247936248779297 -0.0119495391845703
-0.00616073608398437 -0.0230941772460938 0.0475502014160156 -0.01983642578125
-0.011474609375 -0.0181941986083984 0.053375244140625 -0.03485107421875
-0.0262184143066406 -0.0144882202148437 0.042327880859375 -0.0597381591796875
-0.0309925079345703 -0.0126991271972656 0.0238494873046875 -0.0713424682617188
-0.0281772613525391 -0.0137615203857422 0.0121879577636719 -0.0587310791015625
-0.0306682586669922 -0.0190505981445312 0.005523681640625 -0.0448455810546875
-0.0167465209960937 -0.0294265747070313 -0.00225830078125 -0.0252819061279297
0.00300216674804687 -0.0337486267089844 -0.0169382095336914 -0.00995540618896485
0.0191230773925781 -0.0248489379882813 -0.03411865234375 -0.0111942291259766
0.0312099456787109 -0.00656509399414063 -0.0542221069335938 -0.0200767517089844
0.0379180908203125 0.00176620483398437 -0.0721893310546875 -0.032806396484375
0.0444068908691406 0.0116806030273438 -0.0522346496582031 -0.0450515747070313
0.0602493286132813 0.0332908630371094 -0.0107650756835937 -0.0946731567382812
0.0371627807617187 0.00563430786132812 0.010040283203125 -0.0447959899902344
0.0277175903320313 -0.000797271728515625 0.038299560546875 -0.0113487243652344
0.0195026397705078 -0.0121917724609375 0.0587615966796875 -0.0194511413574219
0.0130825042724609 -0.0170555114746094 0.0608177185058594 -0.0316123962402344
-0.00345611572265625 -0.0281963348388672 0.0518379211425781 -0.0555267333984375
-0.0142631530761719 -0.0337276458740234 0.0335655212402344 -0.0655670166015625
-0.0143966674804688 -0.0350532531738281 0.0201492309570313 -0.0518646240234375
-0.0183563232421875 -0.0442848205566406 0.0141410827636719 -0.0359344482421875
-0.00278854370117188 -0.0526351928710938 0.00192642211914063 -0.0158758163452148
0.0258979797363281 -0.0509529113769531 -0.0132169723510742 2.00271606445277E-05
0.0472183227539063 -0.0340156555175781 -0.0287933349609375 -0.00484657287597656
0.0606956481933594 0.0042572021484375 -0.0437850952148437 -0.0104751586914063
0.0655097961425781 0.0220680236816406 -0.0540580749511719 -0.0234222412109375
0.0642738342285156 0.0383262634277344 -0.0330429077148437 -0.0319461822509766
0.0665206909179688 0.0620079040527344 0.0120315551757813 -0.075897216796875
0.0491561889648438 0.0355262756347656 0.0317611694335938 -0.0315876007080078
0.0492591857910156 0.02496337890625 0.0513496398925781 -0.00493621826171875
0.048004150390625 0.0010528564453125 0.0689773559570313 -0.01751708984375
0.0392265319824219 -0.0136299133300781 0.0639877319335938 -0.0284461975097656
0.0212364196777344 -0.0390281677246094 0.0543289184570313 -0.0487899780273438
0.004364013671875 -0.0510063171386719 0.0377082824707031 -0.0534629821777344
0.0011444091796875 -0.0508460998535156 0.0246849060058594 -0.0378875732421875
-0.00364303588867188 -0.0623512268066406 0.021636962890625 -0.0202350616455078
0.0101127624511719 -0.0668106079101562 0.00661706924438477 -6.10351562500041E-05
0.0429801940917969 -0.06103515625 -0.00997352600097656 0.0135593414306641
0.0661087036132813 -0.0411911010742188 -0.0235919952392578 0.00385665893554688
0.0815277099609375 0.0109405517578125 -0.0328235626220703 -0.00305747985839844
0.083343505859375 0.0364532470703125 -0.0312366485595703 -0.0134735107421875
0.0743255615234375 0.057373046875 -0.0089883804321289 -0.0128164291381836
0.0639190673828125 0.0804824829101563 0.0338134765625 -0.0480766296386719
0.0569419860839844 0.0597763061523438 0.0520973205566406 -0.0116043090820312
0.0688400268554688 0.0448837280273438 0.0632247924804688 0.00356292724609375
0.072509765625 0.0104904174804688 0.0739593505859375 -0.013519287109375
0.0604476928710937 -0.0133514404296875 0.06011962890625 -0.0230865478515625
0.0421218872070313 -0.0460968017578125 0.0489768981933594 -0.0363121032714844
0.0215492248535156 -0.0607337951660156 0.0355224609375 -0.0341796875
0.0171279907226563 -0.0591011047363281 0.0255699157714844 -0.0177097320556641
0.011993408203125 -0.0710067749023438 0.0263500213623047 -0.000295639038085942
0.0227622985839844 -0.0702743530273438 0.00918960571289063 0.0174798965454102
0.0549774169921875 -0.0599861145019531 -0.00684356689453124 0.0276565551757812
0.0757369995117188 -0.0392379760742188 -0.0191879272460937 0.0127544403076172
0.0891342163085938 0.0178985595703125 -0.0225658416748047 0.00303268432617188
0.0879669189453125 0.0464401245117188 -0.00693178176879882 -0.00598812103271484
0.07318115234375 0.0699462890625 0.0161895751953125 0.0114030838012695
0.0540771484375 0.0847244262695313 0.0528984069824219 -0.0154876708984375
0.0573577880859375 0.0707168579101563 0.0696640014648438 0.0108070373535156
0.0772781372070313 0.0540542602539062 0.0705184936523437 0.0124664306640625
0.0843048095703125 0.0142593383789063 0.0710220336914062 -0.00728607177734375
0.0701751708984375 -0.0115966796875 0.0496559143066406 -0.0136566162109375
0.0541648864746094 -0.0471916198730469 0.0382194519042969 -0.0193443298339844
0.0340690612792969 -0.0614700317382812 0.028472900390625 -0.0108222961425781
0.0297889709472656 -0.0580482482910156 0.0221767425537109 0.00536537170410156
0.0277023315429688 -0.0680580139160156 0.0252246856689453 0.0216617584228516
0.0354156494140625 -0.0619583129882812 0.008209228515625 0.033538818359375
0.0625572204589844 -0.0468940734863281 -0.00680923461914062 0.0385856628417969
0.0762405395507813 -0.0258712768554688 -0.0157852172851562 0.019134521484375
0.0825653076171875 0.0296173095703125 -0.0130615234375 0.00558853149414063
0.076416015625 0.0559616088867188 0.0151996612548828 0.00329303741455078
0.0581741333007813 0.0750808715820313 0.0384635925292969 0.0369186401367188
0.035614013671875 0.0748977661132813 0.0656280517578125 0.014556884765625
0.045562744140625 0.0655288696289063 0.0818557739257813 0.0296401977539063
0.0680274963378906 0.0499458312988281 0.0725784301757813 0.018341064453125
0.0762710571289063 0.015106201171875 0.0628128051757813 -0.000164031982421874
0.063751220703125 -0.00814056396484375 0.037078857421875 -0.00278472900390625
0.0547065734863281 -0.0391464233398437 0.024566650390625 0.000179290771484373
0.0401077270507813 -0.0520439147949219 0.0187816619873047 0.0144443511962891
0.0384750366210938 -0.0479278564453125 0.0160923004150391 0.0271377563476562
0.0400505065917969 -0.0555839538574219 0.0175628662109375 0.0401268005371094
0.0450706481933594 -0.0444374084472656 0.00056838989257813 0.0463676452636719
0.0640144348144531 -0.0252037048339844 -0.01226806640625 0.0446243286132813
0.069122314453125 -0.00567245483398438 -0.0165729522705078 0.02325439453125
0.0631217956542969 0.04107666015625 -0.00786876678466796 0.00932121276855469
0.0527191162109375 0.0613288879394531 0.0293903350830078 0.0142135620117188
0.0343780517578125 0.0719146728515625 0.05218505859375 0.0631179809570313
0.0111236572265625 0.0508003234863281 0.0714874267578125 0.0350799560546875
0.0241622924804688 0.0477561950683594 0.0861587524414063 0.04071044921875
0.0414505004882813 0.0366172790527344 0.06878662109375 0.0196571350097656
0.0508460998535156 0.014312744140625 0.0522956848144531 0.00630950927734375
0.0440673828125 0.000759124755859375 0.0244407653808594 0.0052947998046875
0.0452194213867188 -0.0213699340820313 0.0125598907470703 0.0165185928344727
0.0403175354003906 -0.0323524475097656 0.00930213928222657 0.0345439910888672
0.0411453247070313 -0.0308494567871094 0.00655364990234375 0.0453872680664063
0.0455818176269531 -0.035675048828125 0.004486083984375 0.0552253723144531
0.0473480224609375 -0.0225753784179688 -0.0127639770507812 0.0539169311523438
0.0554275512695313 -0.00231170654296875 -0.0225448608398438 0.0457763671875
0.0532302856445313 0.0141677856445313 -0.0213108062744141 0.0252151489257812
0.0372734069824219 0.0477027893066406 -0.00859451293945312 0.0127973556518555
0.0220565795898438 0.059478759765625 0.03240966796875 0.0273246765136719
0.00529098510742188 0.0589179992675781 0.0545883178710937 0.08642578125
-0.0155448913574219 0.02093505859375 0.0672798156738281 0.0441665649414062
-0.00458908081054687 0.0243091583251953 0.082305908203125 0.0418701171875
0.005950927734375 0.0204658508300781 0.0610504150390625 0.016845703125
0.0147666931152344 0.0162897109985352 0.0426597595214844 0.00829696655273438
0.0165824890136719 0.0136899948120117 0.0160255432128906 0.00865745544433594
0.0303802490234375 0.0041046142578125 0.00294876098632812 0.0252532958984375
0.0362586975097656 -0.00661849975585938 0.000106811523437503 0.0459747314453125
0.036834716796875 -0.00914382934570313 -0.0029754638671875 0.0550117492675781
0.0431556701660156 -0.0124549865722656 -0.0110397338867187 0.0647087097167969
0.0409927368164062 -0.00231170654296875 -0.0288619995117188 0.056854248046875
0.0403785705566406 0.0141868591308594 -0.0352859497070312 0.0437889099121094
0.0319747924804688 0.0240154266357422 -0.0302238464355469 0.0255527496337891
0.0118331909179687 0.0422744750976563 -0.0159816741943359 0.0166807174682617
-0.00683975219726562 0.0461502075195313 0.0238571166992188 0.0391807556152344
-0.0219230651855469 0.0354499816894531 0.0453338623046875 0.102737426757813
0.0490036010742188 -0.00413131713867188 -0.0434417724609375 -0.107765197753906
0.0193138122558594 -0.0263214111328125 -0.0171470642089844 -0.0503349304199219
0.0027313232421875 -0.0266628265380859 0.0246162414550781 -0.0131282806396484
-0.0111484527587891 -0.0231361389160156 0.0495414733886719 -0.022247314453125
-0.0153703689575195 -0.0171031951904297 0.0559768676757813 -0.039031982421875
-0.0293693542480469 -0.0102081298828125 0.0434341430664063 -0.06640625
-0.0329780578613281 -0.00875663757324219 0.0224838256835937 -0.0788116455078125
-0.0302810668945313 -0.00992012023925781 0.00970077514648437 -0.0654792785644531
-0.0342388153076172 -0.0149707794189453 0.002777099609375 -0.0508575439453125
-0.0211734771728516 -0.0276737213134766 -0.00302314758300782 -0.0298042297363281
-0.00159645080566406 -0.035064697265625 -0.0176486968994141 -0.0119762420654297
0.0152950286865234 -0.0282936096191406 -0.0364227294921875 -0.0112419128417969
0.0316734313964844 -0.012054443359375 -0.0583877563476563 -0.0187568664550781
0.0405044555664063 -0.00405502319335937 -0.0804977416992188 -0.0322113037109375
0.0487289428710937 0.00609588623046875 -0.0620574951171875 -0.0491256713867188
0.0659942626953125 0.030853271484375 -0.0186843872070312 -0.103706359863281
0.0387802124023438 0.00250244140625 0.0057373046875 -0.049285888671875
0.0280170440673828 -0.00206375122070313 0.0390052795410156 -0.01324462890625
0.0181922912597656 -0.0132541656494141 0.0611801147460938 -0.0232925415039063
0.0120687484741211 -0.0169458389282227 0.0637016296386719 -0.03662109375
-0.00457191467285156 -0.0270442962646484 0.0537071228027344 -0.0633163452148438
-0.0166244506835938 -0.0337162017822266 0.0326919555664063 -0.0748672485351563
-0.0173168182373047 -0.0346012115478516 0.0183258056640625 -0.0596084594726563
-0.0222930908203125 -0.0436439514160156 0.0119667053222656 -0.0428085327148438
-0.00716018676757812 -0.0535659790039063 0.00164604187011719 -0.0206012725830078
0.0224266052246094 -0.0552406311035156 -0.0133743286132812 -0.00291728973388672
0.0456733703613281 -0.0406265258789063 -0.0300731658935547 -0.00570487976074218
0.0650062561035156 -0.00202560424804688 -0.0463218688964844 -0.0106391906738281
0.071929931640625 0.0164413452148438 -0.0605049133300781 -0.0245933532714844
0.0727081298828125 0.0346832275390625 -0.0410537719726563 -0.03668212890625
0.0752410888671875 0.0619964599609375 0.00738525390625 -0.0858535766601563
0.0540504455566406 0.0354385375976562 0.0297813415527344 -0.0379829406738281
0.0543479919433594 0.025054931640625 0.0533027648925781 -0.00798416137695312
0.0509185791015625 -0.00083160400390625 0.071929931640625 -0.021820068359375
0.0416412353515625 -0.0162162780761719 0.0668182373046875 -0.033782958984375
0.0212249755859375 -0.0411262512207031 0.0560150146484375 -0.0562515258789063
0.00244903564453125 -0.0540504455566406 0.037200927734375 -0.0623054504394531
-0.000976562500000005 -0.0543746948242188 0.0233345031738281 -0.0445365905761719
-0.007537841796875 -0.0660133361816406 0.0209751129150391 -0.0269603729248047
0.00569152832031249 -0.0712738037109375 0.00698423385620117 -0.0053095817565918
0.0408897399902344 -0.0683326721191406 -0.00911712646484375 0.0110912322998047
0.0669631958007813 -0.0497512817382812 -0.0244007110595703 0.00244331359863281
0.0885848999023438 0.00494384765625 -0.0346355438232422 -0.00369834899902343
0.093048095703125 0.0319671630859375 -0.0352210998535156 -0.0159072875976562
0.08526611328125 0.05657958984375 -0.0135688781738281 -0.0183753967285156
0.0745925903320313 0.0839385986328125 0.0334014892578125 -0.0568923950195312
0.0652694702148438 0.0618133544921875 0.0526809692382813 -0.0175018310546875
0.07769775390625 0.0458602905273438 0.0661468505859375 0.000507354736328128
0.0788116455078125 0.00641632080078125 0.0766372680664063 -0.0181884765625
0.0655059814453125 -0.0168647766113281 0.0624313354492188 -0.0276527404785156
0.043121337890625 -0.0522003173828125 0.0507965087890625 -0.0432319641113281
0.0196151733398437 -0.0676498413085938 0.0350875854492188 -0.0416259765625
0.0149955749511719 -0.0647811889648438 0.0247173309326172 -0.0227565765380859
0.00839996337890625 -0.0778045654296875 0.0263423919677734 -0.00600433349609375
0.0202102661132812 -0.0768890380859375 0.010162353515625 0.0130405426025391
0.0549545288085938 -0.0689201354980469 -0.00544166564941406 0.0253982543945312
0.0785293579101563 -0.0477523803710938 -0.0194244384765625 0.0108833312988281
0.0984649658203125 0.0127716064453125 -0.0229377746582031 0.000715255737304687
0.0993804931640625 0.0442352294921875 -0.00894069671630859 -0.00891685485839844
0.0848312377929688 0.0723037719726563 0.0157470703125 0.00580501556396485
0.0647430419921875 0.0909576416015625 0.0563125610351563 -0.02252197265625
0.0665054321289063 0.0749435424804688 0.0735549926757813 0.00634765625
0.0882720947265625 0.0554580688476562 0.07427978515625 0.00885772705078125
0.093841552734375 0.00988006591796875 0.0742034912109375 -0.0113525390625
0.0771636962890625 -0.0172042846679688 0.0522613525390625 -0.0167617797851562
0.0555152893066406 -0.0554237365722656 0.0389900207519531 -0.0239105224609375
0.0335807800292969 -0.0702285766601563 0.0290355682373047 -0.01495361328125
0.0290908813476563 -0.0661163330078125 0.0226898193359375 0.00235748291015625
0.024688720703125 -0.0771484375 0.0261917114257813 0.0177993774414062
0.0343093872070312 -0.0701866149902344 0.00913047790527344 0.0316562652587891
0.0650253295898438 -0.0562858581542969 -0.00514602661132812 0.0371246337890625
0.0823440551757813 -0.0348281860351563 -0.0159168243408203 0.0170927047729492
0.0929107666015625 0.0265426635742188 -0.0125284194946289 0.00388336181640625
0.0886154174804687 0.0570526123046875 0.0158710479736328 -0.000871658325195309
0.07000732421875 0.0800399780273437 0.0423545837402344 0.0329170227050781
0.044189453125 0.0816574096679688 0.0729598999023438 0.0104598999023438
0.0545883178710938 0.0712432861328125 0.0889358520507813 0.0262680053710938
0.0788116455078125 0.0518722534179688 0.077056884765625 0.0152435302734375
0.0865859985351563 0.0105514526367188 0.0654792785644531 -0.00319671630859375
0.0708160400390625 -0.0132522583007813 0.038665771484375 -0.00429916381835938
0.0569953918457031 -0.0480117797851563 0.025787353515625 -0.00125885009765625
0.0399246215820313 -0.0610427856445313 0.0203838348388672 0.0135650634765625
0.0384941101074219 -0.0571098327636719 0.0167350769042969 0.0275440216064453
0.0387115478515625 -0.0656890869140625 0.0195655822753906 0.0398216247558594
0.0461921691894531 -0.0526885986328125 0.00157546997070313 0.0461311340332031
0.0686492919921875 -0.0339813232421875 -0.0111312866210937 0.0445823669433594
0.0769577026367187 -0.0121688842773437 -0.0165138244628906 0.0222415924072266
0.0742340087890625 0.0418777465820313 -0.00678443908691406 0.00703477859497071
0.0635948181152344 0.0650978088378906 0.0327911376953125 0.0108299255371094
0.0438003540039063 0.0791473388671875 0.0592422485351563 0.0623321533203125
0.0166130065917969 0.0576629638671875 0.0813827514648438 0.033843994140625
0.0304603576660156 0.0533638000488281 0.0957183837890625 0.0382614135742188
0.0495109558105469 0.0395393371582031 0.073760986328125 0.0165786743164063
0.0586700439453125 0.0123977661132813 0.0550346374511719 0.00395584106445313
0.0505523681640625 -0.00304794311523438 0.0255012512207031 0.00634384155273438
0.04833984375 -0.0289840698242188 0.0134410858154297 0.0173759460449219
0.0413818359375 -0.0408363342285156 0.011383056640625 0.0372810363769531
0.0411758422851562 -0.0391349792480469 0.0085296630859375 0.0477943420410156
0.046173095703125 -0.045623779296875 0.00687789916992187 0.0581779479980469
0.0502662658691406 -0.0307693481445312 -0.0131072998046875 0.0559234619140625
0.0621681213378906 -0.00894546508789062 -0.0226974487304688 0.04742431640625
0.061614990234375 0.0100288391113281 -0.0217113494873047 0.0246467590332031
0.0468330383300781 0.0514068603515625 -0.0076904296875 0.0117959976196289
0.0305900573730469 0.0660400390625 0.037628173828125 0.0257682800292969
0.0112876892089844 0.0678787231445313 0.0637359619140625 0.0879364013671875
-0.0153160095214844 0.0269336700439453 0.0791702270507813 0.0452346801757813
-0.00262451171875 0.0299434661865234 0.0916900634765625 0.0412750244140625
0.00983238220214844 0.0247383117675781 0.0657463073730469 0.0146713256835938
0.0200977325439453 0.01702880859375 0.0442314147949219 0.00782012939453125
0.021759033203125 0.0127391815185547 0.0165395736694336 0.0105304718017578
0.0344657897949219 -0.00114059448242188 0.00400352478027344 0.0286502838134766
0.0378189086914063 -0.0128173828125 0.00281143188476563 0.051666259765625
0.0386848449707031 -0.0156326293945313 -0.00128555297851562 0.0602493286132813
0.0448951721191406 -0.0197982788085938 -0.00941085815429687 0.070220947265625
0.0446205139160156 -0.00858306884765625 -0.0299568176269531 0.0616950988769531
0.0459976196289063 0.00979232788085938 -0.0363082885742188 0.0471649169921875
0.0395050048828125 0.0221748352050781 -0.0303840637207031 0.0268688201904297
0.0187530517578125 0.0472221374511719 -0.0154361724853516 0.0169305801391602
-0.00159072875976563 0.0533103942871094 0.0294151306152344 0.040435791015625
-0.0197601318359375 0.0443077087402344 0.0554733276367187 0.107704162597656
0.0501136779785156 -0.0113983154296875 -0.056365966796875 -0.110626220703125
0.0156803131103516 -0.0307884216308594 -0.0243873596191406 -0.0513725280761719
-0.00177574157714844 -0.0284690856933594 0.0244350433349609 -0.0148887634277344
-0.0158348083496094 -0.0216941833496094 0.0504379272460937 -0.0258979797363281
-0.0183792114257813 -0.0141410827636719 0.0572013854980469 -0.0451583862304688
-0.0308074951171875 -0.00520133972167969 0.0416183471679688 -0.0732803344726563
-0.0341930389404297 -0.00352478027343749 0.016632080078125 -0.0873336791992188
-0.0316715240478516 -0.00547027587890624 0.004669189453125 -0.0720977783203125
-0.0362129211425781 -0.00948333740234375 -0.00196456909179688 -0.0563125610351563
-0.0246334075927734 -0.0241203308105469 -0.0056304931640625 -0.0341300964355469
-0.00733566284179688 -0.0346260070800781 -0.0195827484130859 -0.0142631530761719
0.0108146667480469 -0.0312519073486328 -0.03875732421875 -0.0107040405273438
0.0300102233886719 -0.0182590484619141 -0.0618171691894531 -0.0163116455078125
0.0412139892578125 -0.0116996765136719 -0.0894241333007813 -0.0284194946289062
0.051788330078125 -0.00170516967773438 -0.0741119384765625 -0.049530029296875
0.0723800659179688 0.025299072265625 -0.0306930541992188 -0.109909057617188
0.0394821166992188 -0.000873565673828125 -0.00128936767578125 -0.0533332824707031
0.0281715393066406 -0.00478172302246094 0.0382232666015625 -0.0158271789550781
0.0168647766113281 -0.014063835144043 0.0621757507324219 -0.0283851623535156
0.0113010406494141 -0.0170478820800781 0.0651397705078125 -0.0432929992675781
-0.00684738159179688 -0.0254993438720703 0.0522384643554688 -0.07220458984375
-0.0191841125488281 -0.0323944091796875 0.0278091430664063 -0.0841522216796875
-0.0198307037353516 -0.0336856842041016 0.0128326416015625 -0.06640625
-0.02703857421875 -0.0420036315917969 0.0074920654296875 -0.0495986938476563
-0.012969970703125 -0.0533943176269531 -0.000589370727539064 -0.0256595611572266
0.01617431640625 -0.058685302734375 -0.0142669677734375 -0.00535774230957032
0.0421180725097656 -0.0475120544433594 -0.0325965881347656 -0.00572586059570313
0.067108154296875 -0.0101814270019531 -0.0494880676269531 -0.00952529907226562
0.07745361328125 0.0078277587890625 -0.0678329467773438 -0.0224685668945312
0.0807342529296875 0.0277862548828125 -0.0509872436523437 -0.0397567749023437
0.0850601196289063 0.0591049194335938 -0.00126647949218749 -0.09393310546875
0.0599365234375 0.0329704284667969 0.0246238708496094 -0.0433006286621094
0.0595932006835937 0.0226097106933594 0.0537528991699219 -0.0118865966796875
0.0529937744140625 -0.00443267822265625 0.0725784301757813 -0.0287704467773438
0.042816162109375 -0.01904296875 0.0680885314941406 -0.0406417846679688
0.0200309753417969 -0.0443687438964844 0.0549583435058594 -0.0653800964355469
-0.00162124633789062 -0.0572738647460937 0.0326080322265625 -0.0717239379882813
-0.00506973266601562 -0.0564079284667969 0.0194740295410156 -0.0513687133789063
-0.0140113830566406 -0.0684776306152344 0.0171127319335937 -0.0338020324707031
-9.15527343749927E-05 -0.0748443603515625 0.00529670715332031 -0.00984954833984376
0.0356216430664063 -0.0752792358398438 -0.00872993469238281 0.00846195220947265
0.0648040771484375 -0.0593185424804688 -0.0263195037841797 0.00152969360351562
0.0939559936523437 -0.00428009033203125 -0.0360755920410156 -0.00360870361328125
0.102638244628906 0.023406982421875 -0.0406227111816406 -0.0165138244628906
0.0969085693359375 0.05108642578125 -0.0201320648193359 -0.0224342346191406
0.087799072265625 0.0838775634765625 0.0285453796386719 -0.06561279296875
0.0749664306640625 0.0605010986328125 0.0510025024414063 -0.0239105224609375
0.0873794555664063 0.04315185546875 0.0674705505371094 -0.00456619262695312
0.0848770141601563 0.00035858154296875 0.0780258178710937 -0.024688720703125
0.0684661865234375 -0.0228195190429688 0.0633316040039063 -0.0339393615722656
0.0416679382324219 -0.058685302734375 0.0492706298828125 -0.0507736206054688
0.014923095703125 -0.074127197265625 0.0321121215820313 -0.0491943359375
0.0103111267089844 -0.0700798034667969 0.0222034454345703 -0.0282173156738281
0.0012359619140625 -0.083953857421875 0.0243492126464844 -0.0117359161376953
0.0140151977539062 -0.0833511352539063 0.0100793838500977 0.00931167602539062
0.051025390625 -0.07861328125 -0.00452423095703125 0.0230560302734375
0.0788650512695313 -0.0597991943359375 -0.0205554962158203 0.00910568237304687
0.106231689453125 0.00362396240234375 -0.0235939025878906 0.000209808349609372
0.110824584960937 0.036773681640625 -0.0114507675170898 -0.0118923187255859
0.0987777709960938 0.0689315795898438 0.0134038925170898 0.000545501708984379
0.0784454345703125 0.0925445556640625 0.0569419860839844 -0.0309944152832031
0.0786285400390625 0.0748138427734375 0.0756683349609375 -0.000862121582031245
0.100418090820312 0.0525131225585937 0.07696533203125 0.003692626953125
0.101333618164062 0.00188446044921875 0.075164794921875 -0.0176620483398438
0.0810394287109375 -0.0250778198242188 0.0526771545410156 -0.0214309692382813
0.0542221069335938 -0.0647468566894531 0.0387306213378906 -0.0293693542480469
0.0283660888671875 -0.0794219970703125 0.0279388427734375 -0.0198974609375
0.0244522094726563 -0.0739822387695313 0.0216865539550781 -0.000238418579101567
0.0184249877929688 -0.0860671997070312 0.0268688201904297 0.0130825042724609
0.0297317504882813 -0.0786285400390625 0.00957489013671875 0.0290870666503906
0.0637931823730469 -0.0675621032714844 -0.00372314453125 0.03582763671875
0.0852432250976563 -0.0461807250976563 -0.0159034729003906 0.0160884857177734
0.103317260742188 0.0193710327148438 -0.0131301879882812 0.00200271606445313
0.101280212402344 0.0522842407226562 0.0158443450927734 -0.0055084228515625
0.0840377807617188 0.0804290771484375 0.0445442199707031 0.027618408203125
0.0562210083007813 0.08502197265625 0.07891845703125 0.00333404541015626
0.0661163330078125 0.0726699829101563 0.0949554443359375 0.0191268920898438
0.09075927734375 0.0497512817382813 0.0808029174804688 0.00932312011718751
0.09454345703125 0.002349853515625 0.0676803588867188 -0.00818252563476563
0.0760955810546875 -0.0215682983398437 0.0390586853027344 -0.00626373291015625
0.0558547973632812 -0.0579719543457031 0.0263938903808594 -0.00359535217285157
0.0365219116210937 -0.0712738037109375 0.0216541290283203 0.0114803314208984
0.0343551635742187 -0.065887451171875 0.0182056427001953 0.0271854400634766
0.0336151123046875 -0.0759124755859375 0.0223274230957031 0.03863525390625
0.0427131652832031 -0.0624198913574219 0.00279617309570313 0.0457954406738281
0.0701866149902344 -0.0443344116210938 -0.00958633422851562 0.0449600219726563
0.0824127197265625 -0.0221176147460938 -0.0166893005371094 0.0212497711181641
0.0862960815429688 0.0380859375 -0.00653266906738281 0.00523900985717774
0.0759658813476563 0.0655288696289063 0.0350532531738281 0.00591659545898438
0.0560226440429688 0.0828399658203125 0.0663566589355469 0.0574607849121094
0.0248451232910156 0.062255859375 0.0914459228515625 0.0284423828125
0.0387191772460938 0.056671142578125 0.104591369628906 0.0317306518554688
0.0593147277832031 0.0392303466796875 0.0779342651367188 0.0115814208984375
0.0657691955566406 0.00663375854492188 0.0563011169433594 0.000537872314453125
0.0553436279296875 -0.00949478149414063 0.0261993408203125 0.00573539733886719
0.0484199523925781 -0.0379676818847656 0.0156726837158203 0.0182628631591797
0.0390281677246094 -0.05047607421875 0.0149993896484375 0.0385894775390625
0.0389633178710938 -0.0479393005371094 0.0117950439453125 0.0502853393554688
0.0431785583496094 -0.0559425354003906 0.0106201171875 0.0601310729980469
0.0498313903808594 -0.0401802062988281 -0.0113258361816406 0.0591812133789062
0.0665206909179688 -0.0184059143066406 -0.0214653015136719 0.0492897033691406
0.0691413879394531 0.00284576416015625 -0.0214920043945313 0.0249996185302734
0.0578460693359375 0.0509490966796875 -0.00654602050781249 0.0111637115478516
0.0413932800292969 0.069061279296875 0.0424575805664063 0.0222091674804688
0.020355224609375 0.0734710693359375 0.0747528076171875 0.0858612060546875
-0.0124607086181641 0.0329456329345703 0.0905075073242187 0.0419387817382813
0.002532958984375 0.035186767578125 0.102073669433594 0.035675048828125
0.0153121948242188 0.0274982452392578 0.0697517395019531 0.00997161865234375
0.0260467529296875 0.015472412109375 0.0459632873535156 0.00554275512695313
0.0263805389404297 0.00981330871582031 0.0171823501586914 0.0116195678710938
0.0360984802246094 -0.00751495361328125 0.00722885131835938 0.0319061279296875
0.0382843017578125 -0.0203056335449219 0.00786590576171875 0.0557594299316406
0.038299560546875 -0.0226211547851563 0.00368499755859376 0.0654411315917969
0.04443359375 -0.029205322265625 -0.00461578369140625 0.0751495361328125
0.0452651977539062 -0.0166244506835937 -0.0282440185546875 0.0662727355957031
0.051300048828125 0.00254058837890625 -0.0359764099121094 0.0506553649902344
0.0464630126953125 0.0181083679199219 -0.0304946899414063 0.0283298492431641
0.0273513793945313 0.0488090515136719 -0.0139226913452148 0.0174102783203125
0.00571441650390626 0.0584983825683594 0.0361137390136719 0.0388908386230469
-0.015533447265625 0.0513458251953125 0.0687332153320312 0.108146667480469
0.0487403869628906 -0.017913818359375 -0.0699081420898438 -0.108871459960938
0.0107746124267578 -0.0335865020751953 -0.0316314697265625 -0.0497512817382813
-0.00668716430664062 -0.0294132232666016 0.0227298736572266 -0.0158824920654297
-0.0200462341308594 -0.0187015533447266 0.0493621826171875 -0.0299949645996094
-0.020721435546875 -0.0108966827392578 0.0555992126464844 -0.0508003234863281
-0.0309009552001953 -0.000204086303710944 0.037628173828125 -0.0795974731445313
-0.0335578918457031 0.000938415527343749 0.00974273681640625 -0.0920944213867187
-0.0310897827148438 -0.000953674316406254 -0.00268554687499999 -0.076019287109375
-0.0363845825195313 -0.00409698486328124 -0.00892257690429687 -0.05987548828125
-0.0271644592285156 -0.0203113555908203 -0.0092010498046875 -0.0369834899902344
-0.0123519897460937 -0.0320415496826172 -0.0209579467773438 -0.0149459838867188
0.00565147399902344 -0.0322990417480469 -0.0402603149414063 -0.00904464721679689
0.0266971588134766 -0.0237483978271484 -0.0641098022460938 -0.0120353698730469
0.0400543212890625 -0.0185775756835938 -0.0956878662109375 -0.0220108032226562
0.0521430969238281 -0.00909042358398437 -0.0845565795898438 -0.0452728271484375
0.0753860473632813 0.018157958984375 -0.0440750122070312 -0.111541748046875
0.0390815734863281 -0.00461578369140625 -0.00890350341796875 -0.0548553466796875
0.0273571014404297 -0.00686836242675781 0.0370292663574219 -0.0185661315917969
0.0152626037597656 -0.0145330429077148 0.0610542297363281 -0.0333480834960938
0.010157585144043 -0.0170402526855469 0.0632743835449219 -0.0499916076660156
-0.00807762145996094 -0.0238323211669922 0.0473251342773437 -0.0789871215820312
-0.0220508575439453 -0.0303821563720703 0.02001953125 -0.0906524658203125
-0.0224514007568359 -0.0311775207519531 0.00563049316406249 -0.0708847045898438
-0.0304527282714844 -0.0392951965332031 0.000846862792968747 -0.0541458129882813
-0.0176048278808594 -0.0516929626464844 -0.00353431701660157 -0.0293960571289063
0.0100135803222656 -0.0602455139160156 -0.0155858993530273 -0.00701141357421875
0.0368156433105469 -0.0526084899902344 -0.0338706970214844 -0.00531959533691407
0.0658950805664063 -0.0183868408203125 -0.0507087707519531 -0.00687789916992187
0.079620361328125 -0.00211334228515625 -0.0734786987304688 -0.0183258056640625
0.0856246948242187 0.0190658569335937 -0.0610733032226562 -0.0382766723632813
0.0930328369140625 0.0527725219726563 -0.012298583984375 -0.0980148315429688
0.0641403198242188 0.0286636352539063 0.0181198120117188 -0.0466194152832031
0.0634651184082031 0.0183334350585937 0.0524063110351563 -0.0161590576171875
0.0539627075195313 -0.00849151611328125 0.0711593627929688 -0.0344467163085938
0.0432052612304688 -0.0226516723632813 0.0662117004394531 -0.0472412109375
0.017181396484375 -0.0462532043457031 0.0505294799804688 -0.0730361938476563
-0.00656509399414062 -0.0583152770996094 0.0252532958984375 -0.0781173706054688
-0.00901412963867188 -0.0570602416992188 0.0127220153808594 -0.0558128356933594
-0.0209159851074219 -0.0685920715332031 0.0118293762207031 -0.0389366149902344
-0.00688171386718749 -0.0750579833984375 0.00313091278076172 -0.0140304565429688
0.0280303955078125 -0.0802459716796875 -0.0100603103637695 0.00571060180664062
0.0592193603515625 -0.0673713684082031 -0.0275611877441406 0.00148010253906249
0.095306396484375 -0.014923095703125 -0.0371055603027344 -0.00258255004882812
0.107200622558594 0.0121536254882813 -0.0453147888183594 -0.0158843994140625
0.105720520019531 0.0427780151367187 -0.0275955200195312 -0.0240764617919922
0.0985031127929687 0.078399658203125 0.0215911865234375 -0.071929931640625
0.0825271606445313 0.0560073852539062 0.0467796325683594 -0.0294303894042969
0.0953292846679688 0.0369033813476563 0.0663490295410156 -0.00890731811523437
0.0875778198242188 -0.00739288330078125 0.075775146484375 -0.0312042236328125
0.06939697265625 -0.0294570922851563 0.0616798400878906 -0.0391998291015625
0.0377616882324219 -0.0641708374023438 0.0454216003417969 -0.0576171875
0.00830078125 -0.0785369873046875 0.026458740234375 -0.0547447204589844
0.00449371337890626 -0.0738754272460938 0.0176620483398438 -0.0315265655517578
-0.00684356689453125 -0.0864486694335938 0.0207233428955078 -0.0170249938964844
0.00635528564453125 -0.0865020751953125 0.00884437561035156 0.00538825988769531
0.0441436767578125 -0.0862579345703125 -0.00444412231445312 0.0206680297851562
0.0742034912109375 -0.0701980590820313 -0.0210628509521484 0.00841140747070312
0.110244750976562 -0.0072784423828125 -0.0241909027099609 -0.000820159912109374
0.1187744140625 0.026763916015625 -0.0148983001708984 -0.014251708984375
0.109909057617188 0.0618133544921875 0.00926876068115235 -0.00374031066894531
0.0906448364257813 0.0892791748046875 0.0541954040527344 -0.0385398864746094
0.0886688232421875 0.0705184936523438 0.0749053955078125 -0.0083770751953125
0.110771179199219 0.0451431274414063 0.077056884765625 -0.00206756591796875
0.105361938476563 -0.00786590576171875 0.0745391845703125 -0.0234375
0.08251953125 -0.0339508056640625 0.0514869689941406 -0.0253257751464844
0.050018310546875 -0.0727081298828125 0.0363845825195312 -0.0335426330566406
0.0207290649414062 -0.0860061645507813 0.0250778198242187 -0.0239009857177734
0.0173568725585938 -0.0795822143554688 0.0200824737548828 -0.00293922424316407
0.00917053222656251 -0.09185791015625 0.0257892608642578 0.00921249389648437
0.0222091674804687 -0.0845184326171875 0.0104160308837891 0.0260963439941406
0.058624267578125 -0.0767898559570313 -0.00246620178222656 0.0334606170654297
0.08319091796875 -0.0572738647460938 -0.0167770385742188 0.0150861740112305
0.109718322753906 0.0096435546875 -0.0135097503662109 0.000431060791015626
0.111412048339844 0.0438919067382813 0.0145654678344727 -0.00963687896728515
0.0970611572265625 0.0753173828125 0.044769287109375 0.0211753845214844
0.0684356689453125 0.083831787109375 0.0814895629882812 -0.00532531738281249
0.0773162841796875 0.0697097778320313 0.0979537963867188 0.0100784301757813
0.100906372070313 0.0433197021484375 0.0815048217773438 0.0031890869140625
0.0988845825195312 -0.0068206787109375 0.0665473937988281 -0.0131111145019531
0.077301025390625 -0.0302047729492188 0.0390396118164063 -0.00848770141601563
0.0516014099121094 -0.0664482116699219 0.02618408203125 -0.00623130798339844
0.0289230346679688 -0.0785980224609375 0.0220813751220703 0.00957489013671874
0.0277938842773437 -0.0730743408203125 0.0198898315429687 0.0264949798583984
0.02490234375 -0.0838394165039063 0.0235671997070313 0.0361671447753906
0.037017822265625 -0.0701980590820313 0.00434494018554688 0.0449447631835937
0.0673942565917969 -0.05511474609375 -0.00770187377929687 0.0436325073242187
0.083709716796875 -0.0327301025390625 -0.0165348052978516 0.0203704833984375
0.0943984985351563 0.0308914184570313 -0.0062880516052246 0.00397634506225586
0.0875320434570313 0.0603256225585938 0.0358543395996094 3.43322753906287E-05
0.0687103271484375 0.0818405151367188 0.0705718994140625 0.04986572265625
0.0338211059570313 0.0641403198242188 0.0977783203125 0.020172119140625
0.0478439331054688 0.0561065673828125 0.109878540039063 0.0231094360351563
0.0676689147949219 0.0357818603515625 0.0792617797851562 0.0052490234375
0.0701560974121094 -0.000957489013671875 0.0565452575683594 -0.003448486328125
0.0570144653320313 -0.0165901184082031 0.0273399353027344 0.00514793395996094
0.0456619262695313 -0.0458908081054688 0.0171699523925781 0.0183753967285156
0.0334510803222656 -0.0581283569335938 0.0187492370605469 0.0389747619628906
0.0337486267089844 -0.0550079345703125 0.0159568786621094 0.0510940551757813
0.036590576171875 -0.064697265625 0.0144500732421875 0.0603485107421875
0.0457916259765625 -0.0485305786132812 -0.00886917114257812 0.0605735778808594
0.0665397644042969 -0.0285224914550781 -0.0194358825683594 0.0507354736328125
0.0725021362304687 -0.0059814453125 -0.0210666656494141 0.0250129699707031
0.0675048828125 0.046600341796875 -0.00534534454345703 0.00972080230712891
0.0520744323730469 0.0683174133300781 0.0457305908203125 0.0165214538574219
0.0306930541992188 0.0751495361328125 0.0832290649414063 0.0790786743164063
-0.00759124755859375 0.0371131896972656 0.100189208984375 0.0350418090820313
0.0074310302734375 0.0382308959960937 0.108695983886719 0.0273284912109375
0.0217514038085938 0.0281696319580078 0.0711212158203125 0.004150390625
0.0305118560791016 0.0120754241943359 0.0466156005859375 0.00284576416015625
0.0290317535400391 0.00560569763183594 0.0180549621582031 0.0128021240234375
0.03570556640625 -0.0140647888183594 0.0107841491699219 0.0337562561035156
0.0353965759277344 -0.0277481079101563 0.0137176513671875 0.057891845703125
0.0348320007324219 -0.029327392578125 0.00959777832031251 0.0678215026855469
0.0400352478027344 -0.0368995666503906 0.001312255859375 0.07745361328125
0.0437393188476563 -0.0244369506835937 -0.0252304077148437 0.0705184936523438
0.0528488159179688 -0.00551986694335938 -0.0336875915527344 0.052947998046875
0.0508499145507813 0.011199951171875 -0.0296382904052734 0.0293788909912109
0.0354347229003906 0.0477638244628906 -0.0120639801025391 0.0175952911376953
0.0141563415527344 0.0605545043945313 0.0416641235351563 0.0352439880371094
-0.008514404296875 0.0566253662109375 0.0802154541015625 0.104156494140625
0.0454330444335938 -0.0229339599609375 -0.0793609619140625 -0.103828430175781
0.005950927734375 -0.0349349975585938 -0.0373115539550781 -0.0468406677246094
-0.0109119415283203 -0.0284042358398438 0.0214881896972656 -0.0165271759033203
-0.022613525390625 -0.0151805877685547 0.0476837158203125 -0.0320472717285156
-0.0211639404296875 -0.00780296325683594 0.0526046752929687 -0.0542564392089844
-0.02911376953125 0.003814697265625 0.03277587890625 -0.082183837890625
-0.0318756103515625 0.00499153137207031 0.00244903564453124 -0.0941848754882813
-0.0291919708251953 0.00244522094726563 -0.00953674316406251 -0.0772628784179688
-0.0343494415283203 0.000715255737304687 -0.0151557922363281 -0.0608024597167969
-0.0275974273681641 -0.0158157348632813 -0.0128364562988281 -0.0385665893554688
-0.0154666900634766 -0.028961181640625 -0.0226879119873047 -0.0153083801269531
0.000989913940429685 -0.0319061279296875 -0.0407180786132813 -0.0077362060546875
0.0224609375 -0.0270919799804688 -0.0644721984863281 -0.00870132446289064
0.0364456176757813 -0.0241546630859375 -0.0988922119140625 -0.01568603515625
0.0505905151367187 -0.0150070190429687 -0.0923843383789063 -0.03997802734375
0.0762939453125 0.0119094848632813 -0.053924560546875 -0.108963012695313
0.0370330810546875 -0.00722503662109375 -0.0153961181640625 -0.0534744262695313
0.0260982513427734 -0.00831413269042969 0.0348224639892578 -0.019989013671875
0.0135698318481445 -0.0137748718261719 0.0589332580566406 -0.0364227294921875
0.00963878631591797 -0.0161838531494141 0.0606040954589844 -0.0543975830078125
-0.00862503051757813 -0.0222396850585938 0.0425262451171875 -0.0837478637695313
-0.0229606628417969 -0.0280647277832031 0.01190185546875 -0.093719482421875
-0.0228958129882813 -0.0290966033935547 -0.00131988525390626 -0.07305908203125
-0.03228759765625 -0.0355224609375 -0.00580215454101562 -0.0565719604492188
-0.0214271545410156 -0.0485000610351563 -0.00754356384277344 -0.0319385528564453
0.004425048828125 -0.0591583251953125 -0.0172786712646484 -0.00855827331542969
0.0306358337402344 -0.0547599792480469 -0.0344181060791016 -0.00471305847167969
0.0634918212890625 -0.0251350402832031 -0.0507850646972656 -0.00510787963867188
0.078582763671875 -0.0102767944335937 -0.0768814086914063 -0.0142745971679687
0.08697509765625 0.0108642578125 -0.0685768127441406 -0.0352935791015625
0.0974349975585938 0.0459823608398438 -0.0220870971679687 -0.0982131958007813
0.0659370422363281 0.0246086120605469 0.011474609375 -0.0478706359863281
0.065826416015625 0.0138664245605469 0.0498695373535156 -0.0179786682128906
0.0532608032226563 -0.0117225646972656 0.0684280395507813 -0.038482666015625
0.0423622131347656 -0.0247154235839844 0.062835693359375 -0.0512847900390625
0.0144844055175781 -0.0469131469726562 0.0450897216796875 -0.07733154296875
-0.0104217529296875 -0.0581398010253906 0.0177993774414063 -0.0815353393554688
-0.0133819580078125 -0.0563163757324219 0.0068206787109375 -0.057525634765625
-0.0254669189453125 -0.0664482116699219 0.00559234619140625 -0.0420494079589844
-0.01275634765625 -0.0738983154296875 -0.000152587890625001 -0.0167036056518555
0.0213623046875 -0.0819778442382813 -0.0110893249511719 0.00406551361083984
0.0530471801757813 -0.0720291137695313 -0.0280933380126953 0.000606536865234366
0.0941162109375 -0.0235748291015625 -0.037628173828125 -0.00242996215820312
0.108787536621094 0.00194549560546875 -0.0486640930175781 -0.0144538879394531
0.109954833984375 0.0339431762695313 -0.0342750549316406 -0.0234909057617188
0.106063842773438 0.0722427368164063 0.0138473510742188 -0.0747528076171875
0.0879898071289062 0.050567626953125 0.04156494140625 -0.0334892272949219
0.0997390747070312 0.0301589965820312 0.0646553039550781 -0.0122261047363281
0.0878143310546875 -0.0138092041015625 0.072845458984375 -0.0355072021484375
0.0687294006347656 -0.0348243713378906 0.0590896606445313 -0.0423774719238281
0.0335273742675781 -0.0667152404785156 0.0407752990722656 -0.0615806579589844
0.0021209716796875 -0.0798110961914062 0.0206108093261719 -0.057952880859375
-0.00125885009765626 -0.0750579833984375 0.0134029388427734 -0.0335483551025391
-0.0143661499023437 -0.0862808227539063 0.0163459777832031 -0.0201454162597656
-0.000778198242187491 -0.0871200561523438 0.00621271133422852 0.00284528732299804
0.0364990234375 -0.0901718139648438 -0.00482463836669922 0.0173358917236328
0.0680313110351563 -0.0768051147460938 -0.0218009948730469 0.00787353515625
0.110977172851563 -0.0162811279296875 -0.0250053405761719 -0.00171279907226563
0.1219482421875 0.01617431640625 -0.0180339813232422 -0.0149097442626953
0.116622924804688 0.0535049438476562 0.00440549850463868 -0.00601482391357422
0.100204467773438 0.08404541015625 0.0506172180175781 -0.0436363220214844
0.095611572265625 0.0650558471679688 0.0718460083007813 -0.01409912109375
0.116363525390625 0.0369796752929688 0.074951171875 -0.00626373291015625
0.105484008789063 -0.0165786743164063 0.0711212158203125 -0.0273971557617187
0.0817947387695313 -0.04052734375 0.049591064453125 -0.0278701782226563
0.04437255859375 -0.077545166015625 0.0335464477539063 -0.0365676879882813
0.0126190185546875 -0.0889739990234375 0.0213165283203125 -0.0257949829101563
0.0108795166015625 -0.082427978515625 0.01812744140625 -0.00410842895507813
0.000297546386718748 -0.093475341796875 0.0233497619628906 0.00611305236816406
0.0149383544921875 -0.0875930786132813 0.00904464721679688 0.02349853515625
0.05206298828125 -0.0835418701171875 -0.00239562988281249 0.0310611724853516
0.0787582397460938 -0.0654678344726563 -0.0175027847290039 0.0138101577758789
0.112388610839844 0.0002899169921875 -0.0138740539550781 -0.00104331970214844
0.117034912109375 0.0347442626953125 0.0116872787475586 -0.0134363174438477
0.105484008789062 0.0693283081054687 0.0426559448242188 0.015838623046875
0.077667236328125 0.08001708984375 0.0813522338867188 -0.0124740600585937
0.0841598510742188 0.064971923828125 0.0971832275390625 0.00299072265625
0.107826232910156 0.036407470703125 0.08056640625 -0.001251220703125
0.0996246337890625 -0.0155868530273438 0.0647010803222656 -0.0160560607910156
0.0768203735351563 -0.0373153686523438 0.0384674072265625 -0.0100288391113281
0.0464859008789063 -0.0726089477539062 0.02532958984375 -0.0073394775390625
0.0211029052734375 -0.0831375122070313 0.0222530364990234 0.00832366943359374
0.020904541015625 -0.0766754150390625 0.0207290649414063 0.0256576538085937
0.016815185546875 -0.0872421264648437 0.0233306884765625 0.0338401794433594
0.030792236328125 -0.07464599609375 0.00491714477539062 0.0438346862792969
0.063018798828125 -0.0632896423339844 -0.00683975219726562 0.0423698425292969
0.0816192626953125 -0.0414352416992188 -0.016845703125 0.019378662109375
0.099761962890625 0.0229110717773438 -0.00651168823242187 0.00200653076171875
0.0949554443359375 0.0538177490234375 0.0348739624023438 -0.00481224060058593
0.0776519775390625 0.07757568359375 0.0717620849609375 0.0433731079101563
0.0413398742675781 0.0634117126464844 0.101417541503906 0.0118942260742188
0.0543746948242188 0.0536689758300781 0.111587524414062 0.0140533447265625
0.0735244750976563 0.0314712524414063 0.078582763671875 0.000473022460937502
0.0724334716796875 -0.0071258544921875 0.0555763244628906 -0.006072998046875
0.0574302673339844 -0.0228195190429688 0.0273208618164063 0.004974365234375
0.0413856506347656 -0.0516548156738281 0.0187149047851563 0.0180950164794922
0.026702880859375 -0.0630302429199219 0.02130126953125 0.0381240844726562
0.0282478332519531 -0.0598869323730469 0.0193367004394531 0.0508995056152344
0.0289878845214844 -0.0690841674804687 0.0173835754394531 0.0590858459472656
0.0406951904296875 -0.0544776916503906 -0.00744247436523437 0.0605926513671875
0.0641937255859375 -0.0365676879882813 -0.0178031921386719 0.0502204895019531
0.073089599609375 -0.014251708984375 -0.0206184387207031 0.0248889923095703
0.0740966796875 0.0413284301757813 -0.00490140914916992 0.00835180282592774
0.0606422424316406 0.0646629333496094 0.0466423034667969 0.011260986328125
0.03924560546875 0.074798583984375 0.0880889892578125 0.07220458984375
-0.00283050537109375 0.0394744873046875 0.105934143066406 0.0274505615234375
0.0128707885742187 0.0390968322753906 0.1121826171875 0.0196533203125
0.0269584655761719 0.0272197723388672 0.0710525512695313 -0.000152587890624998
0.0339584350585938 0.00890159606933594 0.0457229614257813 0.001434326171875
0.0313606262207031 0.00169181823730469 0.0192623138427734 0.013763427734375
0.0342979431152344 -0.0191688537597656 0.0144329071044922 0.0342617034912109
0.0310783386230469 -0.0328521728515625 0.0193977355957031 0.05804443359375
0.0305728912353516 -0.0337600708007812 0.0153312683105469 0.0684394836425781
0.0346527099609375 -0.0420722961425781 0.0064239501953125 0.0779190063476563
0.0395965576171875 -0.0298080444335937 -0.0220870971679687 0.07220458984375
0.0525321960449219 -0.0125274658203125 -0.0313911437988281 0.0547370910644531
0.0528373718261719 0.00528335571289062 -0.0284957885742187 0.0297679901123047
0.0418014526367187 0.0448532104492188 -0.010746955871582 0.0173377990722656
0.0214767456054688 0.0604972839355469 0.0447998046875 0.0309295654296875
-0.00147247314453124 0.05841064453125 0.0877609252929688 0.09722900390625
0.0423698425292969 -0.0260124206542969 -0.0855712890625 -0.0998458862304688
0.00247383117675782 -0.0346870422363281 -0.0404930114746094 -0.0437736511230469
-0.0140171051025391 -0.0271816253662109 0.0209445953369141 -0.0160961151123047
-0.0238914489746094 -0.0122871398925781 0.0467796325683594 -0.0330963134765625
-0.0211772918701172 -0.0053558349609375 0.0510330200195313 -0.0559501647949219
-0.0273094177246094 0.00690460205078125 0.0301895141601563 -0.0843658447265625
-0.0302371978759766 0.00753402709960937 -0.00285339355468749 -0.0953750610351563
-0.0273494720458984 0.00430679321289063 -0.0142669677734375 -0.077911376953125
-0.0321865081787109 0.00333976745605469 -0.0199432373046875 -0.061431884765625
-0.0273342132568359 -0.0123386383056641 -0.0153961181640625 -0.0401496887207031
-0.0169696807861328 -0.0256137847900391 -0.0240154266357422 -0.0166168212890625
-0.00220298767089843 -0.0307636260986328 -0.0411949157714844 -0.00748825073242188
0.0188808441162109 -0.0293788909912109 -0.0647087097167969 -0.00757980346679687
0.0334606170654297 -0.0275173187255859 -0.100448608398438 -0.0115585327148437
0.0480575561523438 -0.019927978515625 -0.0976715087890625 -0.0355911254882813
0.0761489868164063 0.00778961181640625 -0.0613937377929687 -0.105850219726562
0.0357704162597656 -0.00862503051757813 -0.0205497741699219 -0.0516548156738281
0.0255088806152344 -0.00920295715332031 0.0332050323486328 -0.0198688507080078
0.012822151184082 -0.013427734375 0.057220458984375 -0.0379486083984375
0.00946521759033203 -0.0158805847167969 0.0585670471191406 -0.0564155578613281
-0.00827407836914063 -0.0206146240234375 0.0389480590820312 -0.0857315063476563
-0.0233192443847656 -0.0266399383544922 0.00637817382812499 -0.095123291015625
-0.0230789184570313 -0.0277366638183594 -0.006622314453125 -0.0735549926757813
-0.0328330993652344 -0.0334033966064453 -0.0108413696289062 -0.0573272705078125
-0.0226020812988281 -0.0461006164550781 -0.01055908203125 -0.0331192016601563
0.00081253051757813 -0.0577659606933594 -0.0184383392333984 -0.00974464416503906
0.0265655517578125 -0.0555038452148438 -0.0349597930908203 -0.00481224060058594
0.0612983703613281 -0.0292205810546875 -0.0512008666992187 -0.00476455688476563
0.0770187377929688 -0.0161972045898438 -0.0797348022460938 -0.0118637084960938
0.0870285034179687 0.00495147705078125 -0.0745315551757813 -0.0320892333984375
0.100250244140625 0.0411376953125 -0.028900146484375 -0.0973052978515625
0.0669403076171875 0.0219993591308594 0.00624465942382813 -0.0477218627929688
0.0667343139648438 0.0109519958496094 0.0480690002441406 -0.0188865661621094
0.052581787109375 -0.0135955810546875 0.0660934448242188 -0.0397491455078125
0.042083740234375 -0.0268058776855469 0.06097412109375 -0.0533828735351563
0.013580322265625 -0.0479278564453125 0.0413894653320313 -0.079925537109375
-0.0134735107421875 -0.057769775390625 0.0122833251953125 -0.0828781127929688
-0.0150375366210938 -0.05633544921875 0.00186920166015625 -0.0584983825683594
-0.0285415649414062 -0.0648040771484375 0.000556945800781252 -0.0432891845703125
-0.0162811279296875 -0.072174072265625 -0.00306320190429688 -0.0188007354736328
0.0166015625 -0.0817413330078125 -0.0125675201416016 0.00163745880126953
0.0478057861328125 -0.074310302734375 -0.0289421081542969 0.000375747680664053
0.0921707153320313 -0.0294113159179688 -0.0377235412597656 -0.00318145751953126
0.108268737792969 -0.0050048828125 -0.0515594482421875 -0.0135421752929688
0.112701416015625 0.0270309448242188 -0.0396347045898438 -0.0224189758300781
0.111190795898438 0.067138671875 0.00885772705078125 -0.0756683349609375
0.091705322265625 0.046966552734375 0.0370979309082031 -0.0347137451171875
0.103004455566406 0.02508544921875 0.0624275207519531 -0.0137100219726562
0.0875091552734375 -0.0184402465820312 0.0704345703125 -0.0368423461914063
0.0687103271484375 -0.0383872985839844 0.0572738647460938 -0.0441627502441406
0.0310745239257813 -0.0697784423828125 0.0374755859375 -0.0637435913085938
-0.00226593017578125 -0.080474853515625 0.0158615112304687 -0.05902099609375
-0.004425048828125 -0.075592041015625 0.00996589660644531 -0.0339698791503906
-0.0195465087890625 -0.0858612060546875 0.0120525360107422 -0.0221786499023438
-0.00566864013671876 -0.0864181518554688 0.00394082069396973 0.000399589538574214
0.0314102172851563 -0.0923919677734375 -0.00660324096679687 0.0156288146972656
0.0634536743164063 -0.0807647705078125 -0.0225353240966797 0.00700950622558593
0.1104736328125 -0.0233917236328125 -0.0256671905517578 -0.0027313232421875
0.123687744140625 0.00836181640625 -0.0214176177978516 -0.0161361694335937
0.12127685546875 0.0471954345703125 0.000626564025878913 -0.00724315643310547
0.105979919433594 0.0790176391601563 0.0470237731933594 -0.0471153259277344
0.100784301757812 0.060455322265625 0.0683708190917969 -0.0174140930175781
0.120826721191406 0.0308990478515625 0.0740737915039063 -0.008148193359375
0.105514526367188 -0.0234222412109375 0.0690956115722656 -0.0281219482421875
0.0809097290039062 -0.045928955078125 0.0488624572753906 -0.0288963317871094
0.0404510498046875 -0.0807037353515625 0.0312080383300781 -0.0382347106933594
0.00672149658203125 -0.0904998779296875 0.0183849334716797 -0.0272655487060547
0.00618743896484374 -0.0834503173828125 0.0171327590942383 -0.0045928955078125
-0.00576782226562499 -0.094879150390625 0.0203495025634766 0.00465202331542968
0.009735107421875 -0.0882949829101563 0.0074462890625 0.0220489501953125
0.0467453002929687 -0.0871124267578125 -0.00368118286132812 0.0293560028076172
0.0752716064453125 -0.0705947875976563 -0.0182552337646484 0.0128402709960937
0.11474609375 -0.00634765625 -0.0144529342651367 -0.00282096862792969
0.121101379394531 0.0280685424804688 0.00882816314697266 -0.0157260894775391
0.110893249511719 0.0638809204101563 0.0402259826660156 0.0133323669433594
0.0837249755859375 0.0766754150390625 0.0806732177734375 -0.0171890258789062
0.0893707275390625 0.0605545043945312 0.095611572265625 -0.001922607421875
0.111686706542969 0.0306854248046875 0.0794219970703125 -0.00386810302734375
0.0998306274414062 -0.0220870971679687 0.0631561279296875 -0.0170402526855469
0.0763015747070313 -0.04278564453125 0.0379371643066406 -0.0101394653320313
0.0417251586914062 -0.0761184692382813 0.0245761871337891 -0.00846290588378907
0.0147857666015625 -0.0856399536132812 0.0217170715332031 0.00738716125488281
0.0161895751953125 -0.0792999267578125 0.0212268829345703 0.0252017974853516
0.00955963134765624 -0.0893707275390625 0.0226593017578125 0.0321331024169922
0.0258865356445313 -0.0777816772460938 0.00443649291992188 0.0429763793945312
0.0591087341308594 -0.0682868957519531 -0.00756072998046875 0.0411949157714844
0.07989501953125 -0.047637939453125 -0.0170974731445312 0.0185813903808594
0.103546142578125 0.0170516967773438 -0.00706243515014648 -9.53674316406257E-06
0.100357055664063 0.0483322143554688 0.0332660675048828 -0.00831031799316406
0.0841751098632813 0.0746612548828125 0.0715866088867188 0.038848876953125
0.0469741821289063 0.0616340637207031 0.102287292480469 0.00652313232421875
0.0591583251953125 0.0520439147949219 0.111831665039063 0.00849151611328125
0.0780029296875 0.0274276733398438 0.077423095703125 -0.00191497802734375
0.07305908203125 -0.0127334594726562 0.0546646118164063 -0.00653457641601563
0.0575675964355469 -0.0271263122558594 0.0277881622314453 0.00609970092773437
0.0374603271484375 -0.0554962158203125 0.0198879241943359 0.0176277160644531
0.021575927734375 -0.0660018920898438 0.0237312316894531 0.0375137329101562
0.0230789184570312 -0.0626716613769531 0.0221023559570313 0.0508155822753906
0.022796630859375 -0.0719833374023438 0.0187416076660156 0.0580215454101562
0.0364112854003906 -0.0576667785644531 -0.00603866577148438 0.0607337951660156
0.0617294311523438 -0.0421485900878906 -0.0174903869628906 0.0499114990234375
0.07318115234375 -0.0198516845703125 -0.0212593078613281 0.0242099761962891
0.0787429809570313 0.0371551513671875 -0.00494050979614257 0.00737619400024414
0.06646728515625 0.0619010925292969 0.0467720031738281 0.00739288330078125
0.0458908081054688 0.0739059448242188 0.0893173217773437 0.0668563842773438
0.00113677978515625 0.0406303405761719 0.11004638671875 0.0213546752929688
0.016815185546875 0.0392723083496094 0.114273071289063 0.013580322265625
0.0308418273925781 0.0264091491699219 0.0699920654296875 -0.002044677734375
0.0354843139648438 0.00531005859375 0.0461578369140625 0.00118255615234375
0.032318115234375 -0.00153732299804688 0.0197353363037109 0.0149688720703125
0.0319385528564453 -0.0228862762451172 0.0167407989501953 0.0350875854492188
0.0276908874511719 -0.0357742309570313 0.0234184265136719 0.0574073791503906
0.0271224975585938 -0.036651611328125 0.0193748474121094 0.0679283142089844
0.0302009582519531 -0.045166015625 0.00972747802734376 0.0778427124023438
0.0365333557128906 -0.0331306457519531 -0.020416259765625 0.073577880859375
0.0511436462402344 -0.017730712890625 -0.0306930541992187 0.0552864074707031
0.0534629821777344 0.000698089599609375 -0.0282135009765625 0.0294055938720703
0.0464210510253906 0.0424461364746094 -0.00969696044921875 0.0162534713745117
0.0270118713378906 0.0596694946289063 0.0466156005859375 0.02728271484375
0.00346755981445312 0.059539794921875 0.0917434692382813 0.0925521850585938
0.0403327941894531 -0.0283432006835937 -0.091339111328125 -0.0977859497070313
-0.000370025634765627 -0.0349235534667969 -0.0442619323730469 -0.0417594909667969
-0.016510009765625 -0.0268783569335938 0.0207424163818359 -0.0157432556152344
-0.0251941680908203 -0.0101947784423828 0.0475540161132813 -0.0342063903808594
-0.0215167999267578 -0.00322341918945313 0.05133056640625 -0.05816650390625
-0.0264053344726563 0.00856781005859375 0.0290756225585937 -0.0869140625
-0.0283889770507813 0.00947570800781249 -0.00609588623046876 -0.0975875854492188
-0.0261859893798828 0.00568580627441406 -0.0183334350585938 -0.0794754028320312
-0.0303916931152344 0.00547409057617188 -0.0239715576171875 -0.0619735717773437
-0.0267238616943359 -0.00996017456054688 -0.0184707641601562 -0.041778564453125
-0.0185298919677734 -0.0235748291015625 -0.0253791809082031 -0.0178623199462891
-0.00466346740722656 -0.0301132202148437 -0.0420799255371094 -0.00830459594726563
0.0163612365722656 -0.0308113098144531 -0.0658378601074219 -0.00696563720703125
0.0310153961181641 -0.0308132171630859 -0.103851318359375 -0.00838470458984375
0.0473060607910156 -0.0229835510253906 -0.104148864746094 -0.03302001953125
0.0772933959960938 0.0052032470703125 -0.0672378540039062 -0.105400085449219
0.0350074768066406 -0.00943946838378906 -0.02490234375 -0.0502433776855469
0.02508544921875 -0.00995254516601563 0.0331230163574219 -0.0199718475341797
0.0121746063232422 -0.0130300521850586 0.0574874877929688 -0.0393524169921875
0.0100069046020508 -0.0156650543212891 0.0587158203125 -0.0584335327148437
-0.00794029235839844 -0.0201950073242188 0.0372161865234375 -0.0885467529296875
-0.0237236022949219 -0.025604248046875 0.00182342529296874 -0.0980987548828125
-0.0233116149902344 -0.0276012420654297 -0.010498046875 -0.0751724243164063
-0.0332546234130859 -0.0325164794921875 -0.0152778625488281 -0.0585479736328125
-0.023681640625 -0.0442848205566406 -0.0135574340820313 -0.0352745056152344
-0.00130844116210938 -0.057373046875 -0.0202884674072266 -0.0112667083740234
0.0235748291015625 -0.0563621520996094 -0.0362052917480469 -0.00598907470703126
0.0597763061523438 -0.0324172973632813 -0.0523948669433594 -0.00540924072265625
0.0764694213867188 -0.020751953125 -0.0830230712890625 -0.00997924804687498
0.0883865356445313 0.00084686279296875 -0.0806884765625 -0.0303192138671875
0.103599548339844 0.0388946533203125 -0.0346908569335937 -0.09783935546875
0.0688667297363281 0.0203018188476563 0.00205230712890625 -0.0478096008300781
0.0691490173339844 0.00905990600585938 0.0474700927734375 -0.0190391540527344
0.0533027648925781 -0.0155563354492188 0.0655479431152344 -0.0411567687988281
0.0431404113769531 -0.0287513732910156 0.0608787536621094 -0.0553550720214844
0.0127792358398437 -0.04840087890625 0.0392303466796875 -0.0828857421875
-0.0152702331542969 -0.0580596923828125 0.00820159912109374 -0.0850296020507813
-0.0165443420410156 -0.0571403503417969 -0.001708984375 -0.0597496032714844
-0.0315132141113281 -0.0643463134765625 -0.00357818603515625 -0.0443801879882813
-0.0186004638671875 -0.0722427368164062 -0.00600433349609375 -0.020599365234375
0.0133132934570313 -0.0829086303710938 -0.0140724182128906 0.000409126281738278
0.0449371337890625 -0.076995849609375 -0.0305271148681641 -0.000738143920898444
0.0925750732421875 -0.03411865234375 -0.0392036437988281 -0.00413894653320312
0.109878540039063 -0.0107955932617188 -0.054931640625 -0.0129318237304688
0.116020202636719 0.0228042602539063 -0.0449714660644531 -0.0217971801757812
0.116569519042969 0.0645599365234375 0.00444793701171876 -0.0772247314453125
0.09478759765625 0.0448226928710938 0.0337562561035156 -0.0355796813964844
0.107032775878906 0.0221328735351563 0.0622482299804688 -0.0142898559570313
0.0886764526367188 -0.0219345092773438 0.0702285766601563 -0.0377922058105469
0.0694236755371094 -0.0419044494628906 0.0573921203613281 -0.0457420349121094
0.02886962890625 -0.07177734375 0.0360488891601563 -0.0659103393554688
-0.00614929199218749 -0.0820083618164063 0.0123405456542969 -0.0607185363769531
-0.00738525390625001 -0.077362060546875 0.00728225708007813 -0.0348911285400391
-0.0239944458007812 -0.0866928100585938 0.00882148742675781 -0.0231094360351563
-0.009246826171875 -0.0877685546875 0.00201666355133057 -0.000743150711059576
0.027679443359375 -0.0948562622070313 -0.007659912109375 0.0141935348510742
0.0606918334960937 -0.0845260620117188 -0.0241107940673828 0.00597572326660155
0.112472534179688 -0.0287933349609375 -0.0267353057861328 -0.00444221496582031
0.127059936523437 0.00231170654296875 -0.0245265960693359 -0.0170536041259766
0.126441955566406 0.0434112548828125 -0.00385808944702148 -0.00768899917602539
0.111717224121094 0.0770721435546875 0.0449867248535156 -0.0492820739746094
0.105628967285156 0.0579376220703125 0.0670585632324219 -0.0191612243652344
0.126068115234375 0.0269775390625 0.0736007690429688 -0.008544921875
0.106666564941406 -0.0278472900390625 0.0689582824707031 -0.0290641784667969
0.08221435546875 -0.0507125854492188 0.0490188598632813 -0.0294723510742188
0.0378875732421875 -0.0843658447265625 0.0298347473144531 -0.0398139953613281
0.00216674804687501 -0.09307861328125 0.0170040130615234 -0.0277748107910156
0.00244140625 -0.0863571166992188 0.0157709121704102 -0.00487327575683594
-0.010955810546875 -0.0960311889648438 0.0188236236572266 0.00380134582519531
0.00550079345703124 -0.0901031494140625 0.00590133666992188 0.0216121673583984
0.0433120727539063 -0.090545654296875 -0.00467872619628906 0.0286331176757812
0.0730438232421875 -0.0760879516601562 -0.0200176239013672 0.0117073059082031
0.117851257324219 -0.0119094848632813 -0.0156822204589844 -0.00429248809814453
0.125679016113281 0.0226593017578125 0.00669670104980469 -0.0178184509277344
0.117195129394531 0.0613479614257813 0.0379409790039063 0.011932373046875
0.0900192260742188 0.0753173828125 0.0812530517578125 -0.0204544067382812
0.0945663452148438 0.0588150024414062 0.0957870483398437 -0.00484466552734375
0.117095947265625 0.026885986328125 0.0792236328125 -0.0045013427734375
0.10150146484375 -0.02728271484375 0.0632705688476563 -0.0172576904296875
0.076995849609375 -0.0475692749023438 0.0386581420898438 -0.0099029541015625
0.0386734008789063 -0.0803604125976563 0.0244178771972656 -0.00905227661132813
0.0102386474609375 -0.0883407592773438 0.0216464996337891 0.00706672668457031
0.0117416381835937 -0.0821685791015625 0.0216274261474609 0.0253925323486328
0.00440216064453126 -0.0916213989257813 0.0221481323242188 0.0324020385742187
0.0218353271484375 -0.0800399780273437 0.00351333618164063 0.0433464050292969
0.0560989379882813 -0.0727081298828125 -0.00787734985351562 0.0407028198242187
0.0794830322265625 -0.0530319213867188 -0.0182151794433594 0.0182743072509766
0.108169555664063 0.0123825073242187 -0.00788307189941406 -0.00138330459594726
0.105911254882813 0.04437255859375 0.0317211151123047 -0.0114421844482422
0.0911407470703125 0.073455810546875 0.0717544555664063 0.0367889404296875
0.0518226623535156 0.0615234375 0.106407165527344 0.0028076171875
0.0640182495117188 0.0513839721679687 0.113845825195313 0.00487518310546875
0.0828781127929687 0.0246734619140625 0.0776290893554688 -0.00336456298828125
0.0750808715820312 -0.0167770385742187 0.0552520751953125 -0.006591796875
0.0586662292480469 -0.0316925048828125 0.0294227600097656 0.00641250610351562
0.0349960327148438 -0.0592689514160156 0.0211811065673828 0.01788330078125
0.0171661376953125 -0.0690460205078125 0.0256156921386719 0.0375900268554687
0.019500732421875 -0.0654335021972656 0.0245399475097656 0.0516738891601563
0.0181198120117187 -0.0748214721679688 0.0198097229003906 0.0584144592285156
0.0330886840820312 -0.0607223510742187 -0.00665283203125 0.0623321533203125
0.059661865234375 -0.046875 -0.0178298950195312 0.0505256652832031
0.0736618041992187 -0.0253448486328125 -0.0221576690673828 0.024169921875
0.083831787109375 0.0334701538085938 -0.00492858886718749 0.00568342208862305
0.0728378295898438 0.0597915649414063 0.0470542907714844 0.00440597534179688
0.0522613525390625 0.074249267578125 0.0920486450195313 0.0648574829101563
0.00485992431640625 0.0414047241210938 0.114677429199219 0.01739501953125
0.0211563110351563 0.0400962829589844 0.117485046386719 0.00921630859375
0.0349903106689453 0.0253391265869141 0.0708084106445313 -0.00342559814453125
0.0381317138671875 0.0024566650390625 0.0467147827148438 0.00145721435546875
0.0335025787353516 -0.00467491149902344 0.0217552185058594 0.015960693359375
0.0309333801269531 -0.0259838104248047 0.0187644958496094 0.0361785888671875
0.0245094299316406 -0.0387306213378906 0.0267372131347656 0.058258056640625
0.0244064331054688 -0.0393028259277344 0.0226020812988281 0.0694046020507813
0.0265159606933594 -0.0480804443359375 0.0120925903320313 0.0791854858398438
0.03411865234375 -0.0363616943359375 -0.0195693969726563 0.0757980346679688
0.0502853393554687 -0.0215225219726562 -0.0313072204589844 0.0560951232910156
0.0546798706054688 -0.00372695922851563 -0.0283279418945313 0.0294399261474609
0.0506401062011719 0.0410537719726563 -0.00918769836425781 0.0159149169921875
0.0321617126464844 0.0596961975097656 0.0485572814941406 0.024658203125
0.00756454467773438 0.0610542297363281 0.09619140625 0.0904693603515625
0.0394744873046875 -0.0312385559082031 -0.0985488891601562 -0.097320556640625
-0.00282669067382812 -0.0348491668701172 -0.0484275817871094 -0.03948974609375
-0.0200023651123047 -0.0262317657470703 0.0211830139160156 -0.0163707733154297
-0.0265750885009766 -0.00761795043945313 0.0482063293457031 -0.0359001159667969
-0.0222625732421875 -0.00170707702636718 0.0514869689941406 -0.0618705749511719
-0.0251846313476563 0.0112266540527344 0.0274200439453125 -0.0914840698242188
-0.0275497436523438 0.0116977691650391 -0.0111236572265625 -0.101036071777344
-0.0255050659179688 0.00721359252929687 -0.0234298706054688 -0.0821685791015625
-0.0296249389648438 0.00684547424316406 -0.028717041015625 -0.0641250610351563
-0.0267696380615234 -0.00798797607421875 -0.0216064453125 -0.0443649291992188
-0.0193386077880859 -0.0218544006347656 -0.0277786254882812 -0.0190849304199219
-0.00683784484863281 -0.0294437408447266 -0.0437774658203125 -0.00841140747070312
0.0135536193847656 -0.0329151153564453 -0.0684089660644531 -0.00613784790039062
0.0292854309082031 -0.0340976715087891 -0.109031677246094 -0.00441741943359374
0.0467529296875 -0.0270233154296875 -0.112297058105469 -0.0295867919921875
0.0795211791992188 0.00205230712890625 -0.0753173828125 -0.10540771484375
0.0353851318359375 -0.0104827880859375 -0.0298538208007812 -0.0495986938476563
0.02508544921875 -0.0109062194824219 0.0335674285888672 -0.0210037231445313
0.0120038986206055 -0.0126018524169922 0.0577964782714844 -0.0414772033691406
0.0100698471069336 -0.0160465240478516 0.0593185424804688 -0.0620193481445313
-0.00783538818359375 -0.0200290679931641 0.0356597900390625 -0.0938644409179688
-0.0252780914306641 -0.0248928070068359 -0.00289916992187499 -0.101547241210938
-0.0240993499755859 -0.0273361206054688 -0.0150680541992188 -0.0773544311523438
-0.0346412658691406 -0.0316314697265625 -0.0205612182617188 -0.0602951049804688
-0.0250930786132813 -0.0439300537109375 -0.0170173645019531 -0.0374794006347656
-0.00345611572265625 -0.05767822265625 -0.0226478576660156 -0.0127067565917969
0.0213470458984375 -0.0583915710449219 -0.0382423400878906 -0.00619125366210938
0.05926513671875 -0.0369949340820313 -0.0549430847167969 -0.00501251220703124
0.0767593383789062 -0.0263442993164063 -0.0882568359375 -0.00714874267578123
0.0913619995117188 -0.0041961669921875 -0.0880889892578125 -0.0278091430664062
0.109298706054688 0.0358734130859375 -0.0415420532226563 -0.099395751953125
0.0719375610351563 0.0189132690429688 -0.00221252441406249 -0.0480766296386719
0.0721435546875 0.00653839111328125 0.0480918884277344 -0.0195655822753906
0.0546798706054688 -0.0176925659179688 0.0667648315429688 -0.0434684753417969
0.0440711975097656 -0.0313568115234375 0.0620841979980469 -0.0592269897460938
0.011627197265625 -0.0505638122558594 0.0370941162109375 -0.0876998901367188
-0.0185775756835937 -0.0593185424804688 0.00357055664062499 -0.0886611938476563
-0.0191497802734375 -0.0586509704589844 -0.00545120239257813 -0.0610542297363281
-0.0350914001464844 -0.0656242370605469 -0.00795364379882813 -0.0463218688964844
-0.0217208862304687 -0.0724868774414063 -0.00892066955566406 -0.0221443176269531
0.0100326538085938 -0.0854415893554688 -0.0159921646118164 -0.000658035278320319
0.0421676635742188 -0.0812225341796875 -0.0328865051269531 -0.00109481811523439
0.0944137573242187 -0.0402984619140625 -0.0414352416992187 -0.00490951538085938
0.112953186035156 -0.0177078247070313 -0.0601387023925781 -0.0117073059082031
0.121429443359375 0.0178451538085938 -0.0508346557617188 -0.0205192565917969
0.124687194824219 0.0620880126953125 0.000190734863281256 -0.0802764892578125
0.100227355957031 0.0428466796875 0.030609130859375 -0.036407470703125
0.113388061523438 0.0177536010742188 0.0631904602050781 -0.0147781372070312
0.0912246704101563 -0.0268402099609375 0.0711746215820313 -0.0398330688476563
0.0712738037109375 -0.0471343994140625 0.0585289001464844 -0.0485343933105469
0.0270614624023438 -0.0757904052734375 0.0340499877929688 -0.0699539184570313
-0.0108566284179688 -0.0849761962890625 0.00930404663085938 -0.0629463195800781
-0.011474609375 -0.0811233520507813 0.005340576171875 -0.0355949401855469
-0.0287704467773437 -0.089202880859375 0.00559616088867187 -0.0239830017089844
-0.013275146484375 -0.0902099609375 -0.000662446022033692 -0.0015401840209961
0.0239105224609375 -0.0987548828125 -0.00971508026123047 0.0134162902832031
0.0586318969726563 -0.0908279418945313 -0.0264434814453125 0.0054168701171875
0.11566162109375 -0.0357589721679688 -0.0291080474853516 -0.00545501708984375
0.131965637207031 -0.0045013427734375 -0.0286846160888672 -0.0176753997802734
0.134544372558594 0.0395278930664063 -0.00708246231079101 -0.00743913650512695
0.1214599609375 0.0750503540039063 0.0435600280761719 -0.0531692504882812
0.112205505371094 0.0560455322265625 0.066070556640625 -0.0220756530761719
0.133743286132813 0.0221099853515625 0.0749893188476563 -0.009613037109375
0.109588623046875 -0.0341567993164062 0.0702552795410156 -0.03106689453125
0.0839462280273438 -0.0573348999023438 0.0504989624023438 -0.0313034057617188
0.0352706909179688 -0.089385986328125 0.0286521911621094 -0.0422477722167969
-0.00295257568359375 -0.0966873168945312 0.0152950286865234 -0.0290622711181641
-0.00186920166015626 -0.0907440185546875 0.0150012969970703 -0.00494098663330079
-0.0171127319335938 -0.0992202758789063 0.0172185897827148 0.00357246398925781
0.00139617919921874 -0.093994140625 0.00482177734375 0.0216693878173828
0.0403900146484375 -0.0966110229492188 -0.00571250915527344 0.0287628173828125
0.0722885131835938 -0.08294677734375 -0.0214614868164062 0.0117397308349609
0.123443603515625 -0.0187835693359375 -0.0175504684448242 -0.00580692291259766
0.132369995117188 0.0161590576171875 0.00371551513671876 -0.0195884704589844
0.12689208984375 0.0585708618164063 0.0373344421386719 0.0104484558105469
0.0985870361328125 0.0741348266601563 0.082763671875 -0.0245742797851562
0.101325988769531 0.0573654174804688 0.0973663330078125 -0.00817108154296875
0.124702453613281 0.02197265625 0.0812530517578125 -0.00580596923828125
0.103805541992188 -0.033660888671875 0.0650444030761719 -0.01800537109375
0.078643798828125 -0.0543899536132813 0.0405197143554688 -0.0105018615722656
0.0358123779296875 -0.0860137939453125 0.0245437622070313 -0.0101909637451172
0.00447845458984374 -0.0927963256835938 0.0223503112792969 0.00693321228027343
0.00753784179687499 -0.0864944458007813 0.0234203338623047 0.0261669158935547
-0.00122833251953124 -0.095428466796875 0.0226497650146484 0.0331554412841797
0.0181503295898438 -0.084808349609375 0.00339889526367188 0.0449905395507813
0.0543899536132813 -0.0787582397460938 -0.00917053222656249 0.0417900085449219
0.079498291015625 -0.059600830078125 -0.0197639465332031 0.0179004669189453
0.114402770996094 0.00682830810546875 -0.00893974304199218 -0.00303936004638672
0.113716125488281 0.0403594970703125 0.0308074951171875 -0.0140533447265625
0.0998001098632813 0.0722427368164063 0.0735855102539063 0.0345306396484375
0.0586471557617188 0.0615882873535156 0.110816955566406 -0.0023956298828125
0.0697441101074219 0.0502281188964844 0.117469787597656 0.000205993652343753
0.0896987915039063 0.0216751098632812 0.0800323486328125 -0.0048370361328125
0.07733154296875 -0.0220489501953125 0.0572547912597656 -0.00689697265625
0.0604743957519531 -0.0365791320800781 0.0313949584960938 0.00701332092285156
0.0328598022460938 -0.06390380859375 0.0229072570800781 0.0185813903808594
0.0127182006835937 -0.0730438232421875 0.0284233093261719 0.038818359375
0.0160446166992188 -0.0696601867675781 0.0277633666992187 0.0529098510742187
0.0132293701171875 -0.0786285400390625 0.0220603942871094 0.0605506896972656
0.0301666259765625 -0.0650863647460938 -0.00569915771484375 0.0651359558105469
0.0595703125 -0.0524520874023438 -0.0185203552246094 0.0524673461914062
0.0745468139648438 -0.0309295654296875 -0.02288818359375 0.0241622924804687
0.0904083251953125 0.0302963256835938 -0.00503730773925781 0.0045313835144043
0.079864501953125 0.0580215454101563 0.0479507446289063 0.000991821289062503
0.0594100952148438 0.074920654296875 0.0966873168945313 0.0629501342773438
0.00812911987304687 0.0430450439453125 0.121658325195313 0.012603759765625
0.0250282287597656 0.04095458984375 0.122673034667969 0.00443267822265625
0.0397834777832031 0.0245018005371094 0.0726547241210937 -0.00524139404296875
0.0401420593261719 -0.00028228759765625 0.048980712890625 0.00143814086914063
0.035491943359375 -0.00806045532226563 0.0240650177001953 0.0175857543945313
0.0295600891113281 -0.0300064086914063 0.0220718383789063 0.0370979309082031
0.0219230651855469 -0.0418930053710938 0.0316352844238281 0.0595359802246094
0.0222663879394531 -0.0421943664550781 0.027374267578125 0.0713729858398438
0.0230712890625 -0.0509681701660156 0.015045166015625 0.0813827514648438
0.0321693420410156 -0.0399093627929688 -0.01861572265625 0.0802154541015625
0.0504646301269531 -0.0259742736816406 -0.0313301086425781 0.0589561462402344
0.0566749572753906 -0.0074310302734375 -0.0295295715332031 0.0309391021728516
0.0563545227050781 0.039215087890625 -0.00816917419433594 0.0150423049926758
0.0374908447265625 0.0601234436035156 0.0515861511230469 0.0220260620117188
0.0126075744628906 0.0631675720214844 0.102836608886719 0.0896072387695312
0.0383682250976563 -0.0348968505859375 -0.109687805175781 -0.0943145751953125
-0.00606918334960938 -0.0356216430664063 -0.0540046691894531 -0.0362396240234375
-0.0229454040527344 -0.0248527526855469 0.0213527679443359 -0.0171623229980469
-0.0279998779296875 -0.00546836853027344 0.0484619140625 -0.0398368835449219
-0.0226631164550781 0.000671386718750002 0.0506095886230469 -0.0665321350097656
-0.0234584808349609 0.0139217376708984 0.0237579345703125 -0.0972061157226563
-0.0260219573974609 0.0143699645996094 -0.0184097290039063 -0.104454040527344
-0.0244693756103516 0.00913238525390625 -0.0305557250976563 -0.0839309692382813
-0.0282726287841797 0.00925636291503907 -0.0355606079101562 -0.0654525756835938
-0.0268898010253906 -0.00543403625488281 -0.0266571044921875 -0.0462493896484375
-0.0212211608886719 -0.0204868316650391 -0.0306110382080078 -0.0193901062011719
-0.0102882385253906 -0.0287494659423828 -0.0470466613769531 -0.00732803344726563
0.0103340148925781 -0.0352783203125 -0.0716934204101563 -0.00383758544921875
0.0264396667480469 -0.0375633239746094 -0.114448547363281 0.00246429443359373
0.0456390380859375 -0.0319862365722656 -0.12127685546875 -0.0229110717773437
0.08294677734375 -0.00290679931640625 -0.0859756469726563 -0.104652404785156
0.0361518859863281 -0.012298583984375 -0.0358657836914063 -0.04779052734375
0.0251235961914063 -0.012420654296875 0.0337276458740234 -0.0219173431396484
0.0117826461791992 -0.0132532119750977 0.0582199096679688 -0.0456504821777344
0.0101509094238281 -0.0168790817260742 0.058807373046875 -0.0678672790527344
-0.00820732116699219 -0.0199260711669922 0.0314102172851563 -0.100151062011719
-0.0266494750976563 -0.0243072509765625 -0.0106353759765625 -0.105583190917969
-0.0263633728027344 -0.0273036956787109 -0.02197265625 -0.0797653198242188
-0.0369720458984375 -0.0306663513183594 -0.027130126953125 -0.0619850158691406
-0.0282173156738281 -0.0433883666992188 -0.0216751098632813 -0.0392837524414063
-0.00722885131835937 -0.0583152770996094 -0.0255317687988281 -0.0131149291992188
0.0174331665039062 -0.0609245300292969 -0.0408782958984375 -0.00595855712890626
0.0577430725097656 -0.0428543090820313 -0.0582466125488281 -0.00338363647460938
0.076690673828125 -0.033447265625 -0.0941925048828125 -0.00171661376953123
0.0944976806640625 -0.0114822387695313 -0.096923828125 -0.0222320556640625
0.116531372070313 0.0305099487304688 -0.0511932373046875 -0.100013732910156
0.0758590698242188 0.0158843994140625 -0.00771331787109374 -0.0473709106445313
0.0764541625976563 0.00251007080078125 0.0490150451660156 -0.0213508605957031
0.0559730529785156 -0.021392822265625 0.06732177734375 -0.0479393005371094
0.044586181640625 -0.0360336303710937 0.0618972778320312 -0.0648918151855469
0.00971603393554687 -0.0534629821777344 0.0330047607421875 -0.0937042236328125
-0.02288818359375 -0.0603446960449219 -0.00329589843750001 -0.0922012329101562
-0.0235748291015625 -0.0602035522460937 -0.0105056762695313 -0.0631942749023438
-0.0408287048339844 -0.0656509399414063 -0.0135536193847656 -0.0473747253417969
-0.0272216796875 -0.0736083984375 -0.0126667022705078 -0.0235252380371094
0.00426483154296875 -0.0887908935546875 -0.0185928344726563 -0.000810623168945319
0.0380706787109375 -0.0869140625 -0.0353012084960938 -0.000354766845703133
0.094696044921875 -0.049041748046875 -0.0446968078613281 -0.00464630126953125
0.114875793457031 -0.0273971557617188 -0.0657539367675781 -0.00839614868164062
0.128753662109375 0.0102081298828125 -0.058013916015625 -0.0173683166503906
0.134773254394531 0.0572509765625 -0.00627899169921875 -0.0827484130859375
0.108131408691406 0.0385894775390625 0.0272560119628906 -0.0378837585449219
0.1201171875 0.0108261108398438 0.0647239685058594 -0.017120361328125
0.0933380126953125 -0.0338592529296875 0.0718765258789063 -0.0442123413085938
0.072113037109375 -0.054443359375 0.0592002868652344 -0.0531234741210938
0.0238494873046875 -0.0809097290039063 0.0302734375 -0.074615478515625
-0.01763916015625 -0.0876541137695313 0.00439834594726562 -0.0658226013183594
-0.01739501953125 -0.0838470458984375 0.00233078002929688 -0.0368385314941406
-0.0365371704101562 -0.0901260375976563 0.00199508666992187 -0.02484130859375
-0.0203170776367187 -0.091827392578125 -0.0028071403503418 -0.0019369125366211
0.0178985595703125 -0.104606628417969 -0.0111551284790039 0.0139131546020508
0.0546493530273437 -0.0987014770507813 -0.028717041015625 0.00553512573242188
0.118698120117188 -0.0464401245117188 -0.0315494537353516 -0.0059661865234375
0.136848449707031 -0.0152130126953125 -0.0333080291748047 -0.0169830322265625
0.144027709960938 0.0315093994140625 -0.0111961364746094 -0.00722789764404297
0.132843017578125 0.070709228515625 0.0414657592773438 -0.0572433471679687
0.121383666992188 0.05157470703125 0.064666748046875 -0.0250701904296875
0.142379760742188 0.0131683349609375 0.0770492553710938 -0.0121002197265625
0.111976623535156 -0.0431442260742188 0.071563720703125 -0.0345840454101563
0.08447265625 -0.0662612915039063 0.0519790649414063 -0.0348625183105469
0.0306396484375 -0.0962295532226563 0.0268707275390625 -0.0450172424316406
-0.010833740234375 -0.100578308105469 0.0130786895751953 -0.0301399230957031
-0.0088958740234375 -0.0946731567382813 0.0149049758911133 -0.00544738769531251
-0.0254440307617187 -0.10186767578125 0.0163097381591797 0.00291919708251952
-0.00539398193359375 -0.0971298217773438 0.00389289855957031 0.0219497680664062
0.0349349975585937 -0.103126525878906 -0.00634956359863281 0.0298366546630859
0.0695114135742187 -0.0916748046875 -0.0231189727783203 0.0123195648193359
0.128257751464844 -0.0289459228515625 -0.0201816558837891 -0.00710296630859375
0.139450073242188 0.00646209716796875 0.000280380249023448 -0.0219516754150391
0.137313842773438 0.0530853271484375 0.0363731384277344 0.00884246826171875
0.108619689941406 0.0716171264648438 0.0847320556640625 -0.0312728881835937
0.110084533691406 0.053253173828125 0.099212646484375 -0.0138320922851562
0.132980346679687 0.013763427734375 0.0839080810546875 -0.00901031494140625
0.106132507324219 -0.0427093505859375 0.0671768188476563 -0.0212135314941406
0.0790481567382813 -0.0634078979492188 0.0427970886230469 -0.0122833251953125
0.0305557250976563 -0.0923614501953125 0.0246601104736328 -0.0114612579345703
-0.0034637451171875 -0.0967483520507813 0.023681640625 0.00675964355468749
0.000762939453125002 -0.0911483764648438 0.0261135101318359 0.026611328125
-0.00931549072265626 -0.098846435546875 0.0247039794921875 0.0333671569824219
0.0118484497070312 -0.089141845703125 0.00424194335937501 0.0469436645507812
0.050201416015625 -0.0864639282226563 -0.00845718383789063 0.0437507629394531
0.078460693359375 -0.0683059692382813 -0.0208377838134766 0.0192375183105469
0.121574401855469 -0.0015716552734375 -0.00998878479003905 -0.00407028198242188
0.122344970703125 0.032440185546875 0.0298175811767578 -0.01837158203125
0.110908508300781 0.0688934326171875 0.076873779296875 0.0313873291015625
0.0660057067871094 0.0607757568359375 0.115669250488281 -0.010101318359375
0.0771560668945313 0.0479965209960938 0.121131896972656 -0.006683349609375
0.0964736938476563 0.0163726806640625 0.0829696655273437 -0.00818634033203125
0.079620361328125 -0.0293502807617188 0.0594749450683594 -0.00864028930664063
0.0608482360839844 -0.0441207885742188 0.0338840484619141 0.00647354125976562
0.0287704467773438 -0.070037841796875 0.0252399444580078 0.0185813903808594
0.00611114501953125 -0.0767669677734375 0.0325965881347656 0.0391807556152344
0.0106353759765625 -0.07427978515625 0.032623291015625 0.0540657043457031
0.00644683837890625 -0.082183837890625 0.02593994140625 0.0627326965332031
0.0256385803222656 -0.0697669982910156 -0.00347137451171875 0.0684585571289063
0.0571441650390625 -0.059417724609375 -0.0174827575683594 0.05523681640625
0.0758056640625 -0.0383453369140625 -0.0235385894775391 0.0257606506347656
0.098052978515625 0.024169921875 -0.00513410568237304 0.00293397903442383
0.0885467529296875 0.0535812377929688 0.0490951538085938 -0.0032958984375
0.068939208984375 0.0743865966796875 0.103897094726563 0.0593948364257813
0.0124893188476563 0.0444221496582031 0.129119873046875 0.00389862060546875
0.0306053161621094 0.04058837890625 0.12823486328125 -0.0032806396484375
0.0453567504882813 0.0224189758300781 0.0748977661132813 -0.0082244873046875
0.0424346923828125 -0.00451278686523438 0.0521202087402344 0.000370025634765625
0.0365409851074219 -0.0121116638183594 0.0273952484130859 0.0179424285888672
0.027099609375 -0.0342483520507813 0.0262527465820313 0.0379371643066406
0.0176811218261719 -0.0457916259765625 0.0384178161621094 0.0604057312011719
0.0186500549316406 -0.0459251403808594 0.0344772338867187 0.0731277465820313
0.0186614990234375 -0.0547447204589844 0.0209274291992187 0.0848846435546875
0.0288505554199219 -0.0440902709960937 -0.0157394409179687 0.0849075317382813
0.0499191284179688 -0.0318336486816406 -0.0307846069335937 0.0626602172851563
0.0575218200683594 -0.0129470825195313 -0.0295276641845703 0.0330982208251953
0.0623054504394531 0.0363845825195313 -0.00781822204589843 0.0145063400268555
0.0447235107421875 0.0592117309570313 0.05517578125 0.0184974670410156
0.0193634033203125 0.0652656555175781 0.112228393554688 0.085968017578125
0.0349578857421875 -0.0392875671386719 -0.11993408203125 -0.0864105224609375
-0.00969314575195312 -0.0348701477050781 -0.0585708618164063 -0.0302581787109375
-0.0267925262451172 -0.0221118927001953 0.0204334259033203 -0.0184345245361328
-0.0294361114501953 -0.00190925598144532 0.0465126037597656 -0.0436477661132812
-0.0227603912353516 0.00372886657714844 0.0473480224609375 -0.0721817016601563
-0.0216655731201172 0.0168647766113281 0.0172882080078125 -0.101646423339844
-0.0238571166992187 0.0170097351074219 -0.0283355712890625 -0.105857849121094
-0.0233802795410156 0.0112552642822266 -0.0393524169921875 -0.0833663940429688
-0.026641845703125 0.0116748809814453 -0.0437202453613281 -0.063507080078125
-0.0260810852050781 -0.0030364990234375 -0.0323371887207031 -0.0465316772460938
-0.0226383209228516 -0.0174674987792969 -0.0335292816162109 -0.0187320709228516
-0.0128383636474609 -0.0276966094970703 -0.0494575500488281 -0.00472259521484375
0.00565338134765625 -0.0365142822265625 -0.0743789672851563 0.00106811523437501
0.022003173828125 -0.0412788391113281 -0.118400573730469 0.01177978515625
0.0425987243652344 -0.0373153686523438 -0.129096984863281 -0.0118484497070313
0.0844879150390625 -0.0098419189453125 -0.0980987548828125 -0.09881591796875
0.0359573364257813 -0.0149497985839844 -0.0415534973144531 -0.0431938171386719
0.0243015289306641 -0.0137882232666016 0.0330314636230469 -0.0241146087646484
0.0108375549316406 -0.0135688781738281 0.0560569763183594 -0.0499801635742188
0.00954627990722656 -0.0179386138916016 0.055572509765625 -0.0736236572265625
-0.0087738037109375 -0.0192203521728516 0.0240402221679688 -0.105552673339844
-0.0279579162597656 -0.0221424102783203 -0.0206985473632813 -0.107002258300781
-0.0282135009765625 -0.026123046875 -0.0304794311523438 -0.0795135498046875
-0.0396614074707031 -0.0278968811035156 -0.0350341796875 -0.0608062744140625
-0.0312843322753906 -0.04095458984375 -0.0270538330078125 -0.0392875671386719
-0.0122871398925781 -0.0578842163085938 -0.0287113189697266 -0.0129146575927734
0.0118980407714844 -0.0631561279296875 -0.0438156127929687 -0.00381088256835938
0.0538482666015625 -0.04901123046875 -0.0609130859375 -0.000297546386718764
0.0738067626953125 -0.04205322265625 -0.097930908203125 0.00633239746093751
0.0954513549804687 -0.0200424194335938 -0.104400634765625 -0.013763427734375
0.122161865234375 0.0214157104492188 -0.061553955078125 -0.0972824096679688
0.0795059204101562 0.010406494140625 -0.0139083862304687 -0.045074462890625
0.0790786743164063 -0.00429534912109375 0.0489120483398438 -0.024200439453125
0.0552940368652344 -0.0261917114257813 0.0650787353515625 -0.05322265625
0.0436325073242188 -0.0407180786132813 0.0587081909179688 -0.0704727172851563
0.00611495971679687 -0.0551528930664063 0.025909423828125 -0.0982589721679688
-0.0283164978027344 -0.0588798522949219 -0.0122604370117188 -0.0932235717773438
-0.0290412902832031 -0.05987548828125 -0.0175056457519531 -0.0631256103515625
-0.0471992492675781 -0.0636138916015625 -0.0195693969726563 -0.0467529296875
-0.0332489013671875 -0.0724029541015625 -0.01708984375 -0.0236053466796875
-0.00330352783203125 -0.0898284912109375 -0.0207061767578125 -0.000463485717773448
0.0303955078125 -0.091400146484375 -0.0373115539550781 0.000984191894531245
0.0917205810546875 -0.0592193603515625 -0.0473098754882812 -0.00246047973632813
0.11419677734375 -0.0393905639648438 -0.0701332092285156 -0.00307846069335937
0.133003234863281 -0.00146484375 -0.0643844604492187 -0.0121574401855469
0.1431884765625 0.0473175048828125 -0.0146484375 -0.0834274291992188
0.114578247070313 0.0307083129882813 0.02252197265625 -0.0387153625488281
0.124794006347656 0.000213623046875 0.0649223327636719 -0.0204544067382813
0.092742919921875 -0.042388916015625 0.0705490112304688 -0.0496292114257813
0.0697402954101563 -0.062957763671875 0.0569114685058594 -0.0589561462402344
0.0169296264648437 -0.0849685668945313 0.0240325927734375 -0.0788650512695313
-0.025970458984375 -0.08740234375 -0.00235366821289063 -0.0665321350097656
-0.02569580078125 -0.084686279296875 -0.00150299072265625 -0.0378265380859375
-0.0463409423828125 -0.088897705078125 -0.00204277038574219 -0.0254001617431641
-0.0282516479492187 -0.0918807983398438 -0.00547218322753906 -0.0022873878479004
0.00831604003906249 -0.108238220214844 -0.0117521286010742 0.0143070220947266
0.0465469360351562 -0.105430603027344 -0.0304775238037109 0.00663948059082031
0.117240905761719 -0.0591506958007813 -0.0347766876220703 -0.00543403625488282
0.137733459472656 -0.0288619995117188 -0.0376968383789062 -0.0143775939941406
0.151641845703125 0.0194854736328125 -0.0151205062866211 -0.00516033172607422
0.14288330078125 0.061492919921875 0.0366096496582031 -0.0615043640136719
0.129478454589844 0.04217529296875 0.0627593994140625 -0.0293083190917969
0.14837646484375 0.00042724609375 0.0782318115234375 -0.0163116455078125
0.11102294921875 -0.0540390014648438 0.0708694458007812 -0.03936767578125
0.0810623168945313 -0.0766830444335938 0.0510520935058594 -0.0388107299804688
0.0223007202148437 -0.10076904296875 0.0231170654296875 -0.0480308532714844
-0.0216522216796875 -0.101470947265625 0.0106258392333984 -0.0313148498535156
-0.0184326171875 -0.0965652465820312 0.0149545669555664 -0.00620555877685547
-0.036468505859375 -0.101264953613281 0.0148468017578125 0.00233268737792968
-0.0144805908203125 -0.098663330078125 0.00386619567871094 0.0227375030517578
0.025787353515625 -0.108993530273437 -0.00607490539550781 0.0301933288574219
0.0625 -0.100433349609375 -0.0242671966552734 0.0131378173828125
0.129371643066406 -0.0422897338867188 -0.0225200653076172 -0.00691604614257813
0.142852783203125 -0.00677490234375 -0.00385093688964843 -0.0230045318603516
0.147491455078125 0.041473388671875 0.0354766845703125 0.00658035278320313
0.118865966796875 0.0637664794921875 0.0839462280273438 -0.0389480590820313
0.118049621582031 0.0453872680664063 0.098480224609375 -0.0215377807617188
0.138908386230469 0.0016937255859375 0.0853347778320313 -0.0138320922851563
0.105110168457031 -0.0538177490234375 0.0675315856933594 -0.0254859924316406
0.0756988525390625 -0.0731277465820313 0.0436859130859375 -0.015533447265625
0.0223922729492188 -0.0969314575195313 0.02423095703125 -0.0132083892822266
-0.0134201049804687 -0.098480224609375 0.0245170593261719 0.00574302673339843
-0.00811767578125 -0.0933074951171875 0.0291690826416016 0.0255546569824219
-0.0201492309570313 -0.100013732910156 0.0266551971435547 0.0329208374023437
0.0033416748046875 -0.0913848876953125 0.00682830810546875 0.0480194091796875
0.043212890625 -0.093017578125 -0.00682449340820312 0.0448760986328125
0.0738525390625 -0.0776824951171875 -0.02105712890625 0.0204391479492188
0.125091552734375 -0.014190673828125 -0.0119800567626953 -0.00586032867431641
0.1285400390625 0.0216903686523438 0.0267105102539063 -0.0217094421386719
0.121391296386719 0.060943603515625 0.079345703125 0.0260391235351563
0.074676513671875 0.0567092895507813 0.118217468261719 -0.019927978515625
0.0837631225585938 0.0424652099609375 0.122749328613281 -0.0168914794921875
0.102188110351563 0.00727081298828125 0.0841064453125 -0.013519287109375
0.079010009765625 -0.0378494262695313 0.0611572265625 -0.0127067565917969
0.058074951171875 -0.051849365234375 0.0363922119140625 0.00426864624023437
0.0218658447265625 -0.0741424560546875 0.0275039672851563 0.017547607421875
-0.00252532958984375 -0.0789947509765625 0.037506103515625 0.0374603271484375
0.00283050537109375 -0.076416015625 0.0387992858886719 0.0526542663574219
-0.00257110595703125 -0.0844268798828125 0.031341552734375 0.0616569519042969
0.0187454223632813 -0.0737075805664063 0.000907897949218745 0.0713348388671875
0.0521507263183594 -0.0667533874511719 -0.0149574279785156 0.0573310852050781
0.0732345581054687 -0.046722412109375 -0.0228824615478516 0.0275077819824219
0.104087829589844 0.0151443481445313 -0.00590753555297851 0.00218391418457031
0.0960006713867187 0.0463790893554687 0.0484428405761719 -0.00845336914062499
0.0791778564453125 0.0700302124023438 0.109573364257812 0.051483154296875
0.0179061889648438 0.0448799133300781 0.133697509765625 -0.00728607177734375
0.0357284545898437 0.0392189025878906 0.131080627441406 -0.0151214599609375
0.0496788024902344 0.0185775756835938 0.076202392578125 -0.0126495361328125
0.04302978515625 -0.0094757080078125 0.0542488098144531 -0.0028533935546875
0.0364723205566406 -0.0173606872558594 0.0305442810058594 0.01739501953125
0.023406982421875 -0.0381813049316406 0.0308876037597656 0.0372734069824219
0.0118370056152344 -0.0481033325195313 0.0454139709472656 0.0587120056152344
0.0133209228515625 -0.0486793518066406 0.0421142578125 0.0719833374023438
0.0124015808105469 -0.0573234558105469 0.0287933349609375 0.085968017578125
0.0241317749023437 -0.0472335815429687 -0.009552001953125 0.0890960693359375
0.0465507507324219 -0.0375595092773438 -0.027557373046875 0.0672683715820313
0.0575485229492188 -0.0192413330078125 -0.0289039611816406 0.0352745056152344
0.0681304931640625 0.0308265686035156 -0.00678062438964843 0.014042854309082
0.0519676208496094 0.056396484375 0.0569992065429688 0.0122604370117188
0.027069091796875 0.0647087097167969 0.12152099609375 0.0782470703125
0.0308609008789063 -0.0419540405273438 -0.126213073730469 -0.0744476318359375
-0.0126781463623047 -0.0330753326416016 -0.0606880187988281 -0.0230751037597656
-0.0286388397216797 -0.0185775756835938 0.0193061828613281 -0.0195255279541016
-0.0291042327880859 0.00210380554199219 0.0433502197265625 -0.0460166931152344
-0.0218353271484375 0.00664901733398437 0.041778564453125 -0.074493408203125
-0.0183620452880859 0.0184974670410156 0.00968170166015626 -0.102706909179688
-0.0206031799316406 0.0186328887939453 -0.0377349853515625 -0.102493286132813
-0.0209827423095703 0.0126533508300781 -0.0472793579101562 -0.079193115234375
-0.0240268707275391 0.0132656097412109 -0.0498733520507812 -0.0592002868652344
-0.0245857238769531 -0.000696182250976567 -0.0369110107421875 -0.0442352294921875
-0.0230064392089844 -0.0142536163330078 -0.0360298156738281 -0.0172920227050781
-0.0158901214599609 -0.02484130859375 -0.0504074096679687 -0.00155639648437499
0.00101852416992187 -0.0359611511230469 -0.074462890625 0.00717163085937501
0.0164222717285156 -0.0424690246582031 -0.117111206054688 0.022125244140625
0.0379142761230469 -0.0407333374023437 -0.131423950195313 0.000503540039062492
0.0824127197265625 -0.0166702270507813 -0.105461120605469 -0.0888214111328125
0.0340919494628906 -0.01702880859375 -0.0455245971679687 -0.0369758605957031
0.0230064392089844 -0.0157928466796875 0.0306549072265625 -0.0253658294677734
0.00974369049072266 -0.0137567520141602 0.0517349243164063 -0.0535850524902344
0.00838279724121094 -0.0182723999023438 0.0493392944335938 -0.0771026611328125
-0.00927543640136719 -0.0181121826171875 0.0157318115234375 -0.10687255859375
-0.0289020538330078 -0.0191917419433594 -0.0302810668945312 -0.103889465332031
-0.0296363830566406 -0.0239067077636719 -0.0381546020507812 -0.075836181640625
-0.0408210754394531 -0.0248985290527344 -0.0415306091308594 -0.0568275451660156
-0.0333251953125 -0.0375022888183594 -0.0317726135253906 -0.037353515625
-0.0166282653808594 -0.0551185607910156 -0.0305652618408203 -0.0113372802734375
0.00570678710937499 -0.0624046325683594 -0.0447273254394531 -0.00107955932617189
0.0481796264648437 -0.0530128479003906 -0.0615577697753906 0.00417709350585936
0.0680198669433594 -0.0479927062988281 -0.098052978515625 0.0152206420898437
0.0922622680664063 -0.0285186767578125 -0.107025146484375 -0.00343322753906252
0.1231689453125 0.010833740234375 -0.06976318359375 -0.0901412963867188
0.0797195434570313 0.00417327880859375 -0.0189933776855469 -0.0410919189453125
0.0785675048828125 -0.0109100341796875 0.0467567443847656 -0.0261573791503906
0.0526161193847656 -0.0303840637207031 0.0605735778808594 -0.0565643310546875
0.0402374267578125 -0.0448799133300781 0.053314208984375 -0.0741958618164063
0.00204086303710937 -0.0549697875976562 0.0176773071289063 -0.099945068359375
-0.0327682495117187 -0.0558052062988281 -0.020751953125 -0.0909576416015625
-0.0342826843261719 -0.0573272705078125 -0.0229759216308594 -0.0609016418457031
-0.0516090393066406 -0.0586433410644531 -0.0250816345214844 -0.0443267822265625
-0.0383033752441406 -0.0680313110351563 -0.0208625793457031 -0.0223007202148438
-0.0111618041992188 -0.0882797241210938 -0.0219345092773438 0.000680923461914058
0.021881103515625 -0.0929489135742188 -0.0387039184570313 0.00271987915039062
0.08544921875 -0.06689453125 -0.0487022399902344 0.000568389892578127
0.107948303222656 -0.049591064453125 -0.0716171264648438 0.00350189208984374
0.132011413574219 -0.0132904052734375 -0.0669708251953125 -0.00522613525390625
0.1475830078125 0.034332275390625 -0.0221710205078125 -0.0804595947265625
0.115982055664063 0.0217361450195313 0.0174369812011719 -0.0377349853515625
0.125732421875 -0.0111312866210938 0.0633468627929688 -0.0236549377441406
0.0884246826171875 -0.0497360229492187 0.0660591125488281 -0.0533676147460938
0.063995361328125 -0.0695037841796875 0.0521278381347656 -0.0623817443847656
0.00978851318359375 -0.0855712890625 0.0171737670898438 -0.0789947509765625
-0.033843994140625 -0.0840606689453125 -0.00823211669921875 -0.0649871826171875
-0.03326416015625 -0.0822982788085938 -0.0047149658203125 -0.0364913940429688
-0.0537185668945312 -0.0838394165039063 -0.00576400756835938 -0.0239295959472656
-0.0355377197265625 -0.0878677368164063 -0.00724029541015625 -0.0015707015991211
-0.000923156738281251 -0.107429504394531 -0.0123796463012695 0.0141868591308594
0.0362625122070312 -0.108352661132813 -0.0310878753662109 0.00792694091796875
0.110580444335938 -0.0690994262695313 -0.0361175537109375 -0.00331878662109375
0.132698059082031 -0.0411453247070313 -0.0408477783203125 -0.0108833312988281
0.152633666992188 0.006134033203125 -0.0179367065429687 -0.00294876098632813
0.148483276367188 0.048553466796875 0.0307731628417969 -0.0636329650878906
0.132293701171875 0.0313796997070313 0.0573883056640625 -0.0319290161132812
0.148544311523438 -0.01300048828125 0.0769424438476563 -0.0206375122070312
0.1053466796875 -0.0639877319335938 0.0676994323730469 -0.0436172485351563
0.0738906860351563 -0.0842132568359375 0.0479164123535156 -0.0423431396484375
0.0131072998046875 -0.10198974609375 0.018585205078125 -0.0479583740234375
-0.0305557250976562 -0.0978469848632813 0.00757598876953125 -0.0310268402099609
-0.0270309448242188 -0.0941619873046875 0.0146017074584961 -0.00653743743896485
-0.0454559326171875 -0.0966415405273438 0.0136146545410156 0.00221920013427734
-0.0230712890625 -0.095550537109375 0.00420570373535156 0.0228977203369141
0.0157699584960938 -0.110145568847656 -0.00484466552734375 0.02996826171875
0.052398681640625 -0.104560852050781 -0.02435302734375 0.0143775939941406
0.124580383300781 -0.0544204711914063 -0.0243110656738281 -0.00642776489257813
0.14056396484375 -0.0201339721679688 -0.00791168212890624 -0.022552490234375
0.15093994140625 0.0285797119140625 0.0332965850830078 0.00431060791015625
0.124412536621094 0.0532302856445312 0.0793838500976563 -0.0451126098632813
0.121109008789063 0.034942626953125 0.0944671630859375 -0.0278091430664062
0.139381408691406 -0.01116943359375 0.0838699340820313 -0.0186309814453125
0.0990219116210938 -0.0623016357421875 0.0653800964355469 -0.0297775268554688
0.0686111450195313 -0.0805511474609375 0.0427131652832031 -0.0176811218261719
0.0128936767578125 -0.0980987548828125 0.0232410430908203 -0.0134868621826172
-0.0234756469726563 -0.0952606201171875 0.0246067047119141 0.00462722778320312
-0.0175323486328125 -0.0917739868164063 0.0317230224609375 0.0233726501464844
-0.030059814453125 -0.0963668823242188 0.028533935546875 0.0310821533203125
-0.00522613525390626 -0.0905532836914063 0.00916290283203125 0.0481033325195312
0.0333938598632813 -0.0965652465820312 -0.0044708251953125 0.0455665588378906
0.066009521484375 -0.0840072631835938 -0.0204715728759766 0.0209980010986328
0.123512268066406 -0.0261688232421875 -0.0139484405517578 -0.00565242767333985
0.128921508789062 0.00943756103515625 0.0229816436767578 -0.0242099761962891
0.127281188964844 0.0494384765625 0.078857421875 0.0194168090820313
0.0795974731445312 0.0498275756835937 0.1153564453125 -0.0302505493164062
0.0868606567382813 0.0349960327148438 0.118850708007813 -0.025970458984375
0.103385925292969 -0.0023040771484375 0.0826950073242187 -0.0185623168945312
0.0745697021484375 -0.044952392578125 0.0603103637695313 -0.0163116455078125
0.052734375 -0.0577774047851563 0.0374755859375 0.00244522094726562
0.0136566162109375 -0.07586669921875 0.0292758941650391 0.015960693359375
-0.0116195678710938 -0.0774002075195313 0.0406723022460938 0.0347137451171875
-0.005462646484375 -0.0759811401367188 0.0436668395996094 0.0487632751464844
-0.0114364624023438 -0.0825271606445313 0.0358200073242188 0.0596923828125
0.0111465454101562 -0.0738372802734375 0.00597381591796876 0.0718917846679688
0.0445632934570313 -0.0709304809570313 -0.0114364624023437 0.0591392517089844
0.068328857421875 -0.0534248352050781 -0.0216922760009766 0.0281963348388672
0.105064392089844 0.00494384765625 -0.00708293914794921 0.00110006332397461
0.0997467041015625 0.0367279052734375 0.0460166931152344 -0.0134391784667969
0.085968017578125 0.06231689453125 0.111495971679688 0.0420989990234375
0.0227928161621094 0.0427703857421875 0.13299560546875 -0.0199203491210937
0.0403518676757813 0.0355682373046875 0.128265380859375 -0.0256423950195312
0.0524330139160156 0.0133476257324219 0.0749435424804688 -0.0178298950195313
0.0420303344726563 -0.0145950317382813 0.0540504455566406 -0.00637054443359375
0.0339145660400391 -0.0212669372558594 0.0323925018310547 0.0154247283935547
0.0189743041992188 -0.0399589538574219 0.03448486328125 0.0352630615234375
0.00601577758789062 -0.0480232238769531 0.0511016845703125 0.0545501708984375
0.00733566284179687 -0.0489044189453125 0.0488395690917969 0.0675392150878906
0.00536346435546875 -0.0569915771484375 0.0359268188476563 0.0829925537109375
0.0190467834472656 -0.0483245849609375 -0.00269317626953124 0.0898666381835938
0.0418205261230469 -0.0417137145996094 -0.02301025390625 0.0691375732421875
0.0551872253417969 -0.0250816345214844 -0.0268630981445312 0.0369720458984375
0.0716552734375 0.0238037109375 -0.00638389587402343 0.0127725601196289
0.0568389892578125 0.0504417419433594 0.0564308166503906 0.00611114501953125
0.033538818359375 0.0615081787109375 0.126068115234375 0.0667800903320313
0.0266151428222656 -0.0420646667480469 -0.126327514648438 -0.064361572265625
-0.0147285461425781 -0.0308418273925781 -0.0597801208496094 -0.0170059204101563
-0.0292720794677734 -0.0157661437988281 0.0174541473388672 -0.0192127227783203
-0.0281562805175781 0.00463294982910156 0.0400276184082031 -0.0461959838867187
-0.0205764770507813 0.00854110717773437 0.0374679565429688 -0.074310302734375
-0.0153732299804688 0.0188961029052734 0.0043792724609375 -0.101036071777344
-0.0173149108886719 0.0187206268310547 -0.0431747436523438 -0.0976028442382812
-0.0187759399414063 0.0128116607666016 -0.0516357421875 -0.0743408203125
-0.0216846466064453 0.013519287109375 -0.0531501770019531 -0.0547943115234375
-0.0224895477294922 0.0011444091796875 -0.0398941040039063 -0.04193115234375
-0.0227012634277344 -0.0115909576416016 -0.0369491577148438 -0.0160713195800781
-0.0170478820800781 -0.0220241546630859 -0.0497856140136719 0.00016021728515624
-0.00229644775390625 -0.0347118377685547 -0.0720672607421875 0.0103683471679687
0.0126495361328125 -0.0418968200683594 -0.1121826171875 0.028839111328125
0.0332717895507813 -0.0422248840332031 -0.1292724609375 0.00948333740234375
0.0790023803710938 -0.0211944580078125 -0.107833862304687 -0.0790176391601563
0.0323619842529297 -0.0181312561035156 -0.0468711853027344 -0.0308799743652344
0.0218448638916016 -0.0158557891845703 0.0292911529541016 -0.0253372192382812
0.00882720947265625 -0.0125503540039063 0.0479240417480469 -0.0535202026367188
0.00718879699707031 -0.0180873870849609 0.0447616577148438 -0.07733154296875
-0.00941658020019531 -0.0171527862548828 0.00934600830078125 -0.104927062988281
-0.0281124114990234 -0.0168895721435547 -0.0360946655273437 -0.0985183715820313
-0.0300807952880859 -0.0217800140380859 -0.0423660278320312 -0.0714111328125
-0.0405044555664063 -0.0221214294433594 -0.0449485778808594 -0.0523796081542969
-0.0331478118896484 -0.0342216491699219 -0.0347023010253906 -0.0353317260742188
-0.0188751220703125 -0.0518608093261719 -0.0317649841308594 -0.0108356475830078
0.00189208984375 -0.0603523254394531 -0.0450897216796875 0.000503540039062497
0.0424842834472656 -0.0546035766601563 -0.0608482360839844 0.00637435913085937
0.0616493225097656 -0.0503196716308594 -0.095245361328125 0.0206756591796875
0.0874786376953125 -0.033416748046875 -0.106468200683594 0.00424194335937499
0.121246337890625 0.0036773681640625 -0.0734481811523437 -0.0824508666992188
0.0782546997070313 -0.00032806396484375 -0.0214195251464844 -0.0356636047363281
0.0765457153320313 -0.0153656005859375 0.0442733764648438 -0.0264472961425781
0.0497169494628906 -0.0323524475097656 0.0565452575683594 -0.0570831298828125
0.0368919372558594 -0.04620361328125 0.048370361328125 -0.0750808715820313
-0.000694274902343746 -0.0539360046386719 0.0114059448242187 -0.097442626953125
-0.0344886779785156 -0.0520248413085937 -0.0261611938476562 -0.0865020751953125
-0.0366897583007813 -0.0541000366210938 -0.02618408203125 -0.0576057434082031
-0.0539512634277344 -0.0536956787109375 -0.028564453125 -0.041351318359375
-0.0403861999511719 -0.0636177062988281 -0.0230522155761719 -0.0209846496582031
-0.015625 -0.0844650268554688 -0.0229415893554688 0.000535964965820307
0.0153045654296875 -0.0907440185546875 -0.0387725830078125 0.00405502319335937
0.078033447265625 -0.0701446533203125 -0.0489273071289062 0.00273895263671876
0.100212097167969 -0.05462646484375 -0.0710601806640625 0.00800323486328123
0.127494812011719 -0.020843505859375 -0.0678863525390625 8.39233398437385E-05
0.146347045898438 0.02490234375 -0.0265274047851562 -0.0755157470703125
0.114501953125 0.0144424438476562 0.0136852264404297 -0.0347805023193359
0.122268676757812 -0.01873779296875 0.06097412109375 -0.0248832702636719
0.0828857421875 -0.0536727905273438 0.0619850158691406 -0.0539169311523438
0.0580673217773437 -0.0723190307617188 0.0480766296386719 -0.063323974609375
0.00469970703125 -0.0837631225585938 0.0120086669921875 -0.0771102905273438
-0.0373001098632813 -0.079254150390625 -0.0120887756347656 -0.0615692138671875
-0.0376815795898438 -0.0780487060546875 -0.00704574584960937 -0.0345668792724609
-0.0576019287109375 -0.07757568359375 -0.00825119018554688 -0.0223789215087891
-0.0395660400390625 -0.0828094482421875 -0.00888633728027344 -0.00106525421142578
-0.0076446533203125 -0.103988647460938 -0.0124692916870117 0.0141372680664062
0.028228759765625 -0.107612609863281 -0.0310211181640625 0.00895309448242186
0.10357666015625 -0.07403564453125 -0.0375862121582031 -0.00222015380859376
0.125434875488281 -0.0483932495117187 -0.0418128967285156 -0.00788116455078126
0.149337768554687 -0.0036163330078125 -0.0201759338378906 -0.000795364379882811
0.148300170898438 0.038726806640625 0.0255241394042969 -0.0622482299804687
0.130958557128906 0.0234832763671875 0.05279541015625 -0.0318717956542969
0.144393920898438 -0.0220794677734375 0.0747756958007813 -0.0226058959960938
0.0988082885742188 -0.0679473876953125 0.0642127990722656 -0.0445518493652344
0.0667037963867188 -0.0876846313476563 0.0448989868164063 -0.0434379577636719
0.00659179687499999 -0.0998382568359375 0.0152130126953125 -0.0468826293945313
-0.0363235473632813 -0.0923919677734375 0.00533294677734374 -0.0293941497802734
-0.032958984375 -0.0900421142578125 0.0136985778808594 -0.00691699981689454
-0.0508041381835938 -0.0905380249023438 0.0123128890991211 0.0021524429321289
-0.0282135009765625 -0.0907516479492187 0.00415420532226562 0.0222682952880859
0.007598876953125 -0.107902526855469 -0.0045623779296875 0.0292510986328125
0.0447158813476563 -0.105720520019531 -0.0248813629150391 0.0145759582519531
0.117660522460938 -0.0609664916992187 -0.0259323120117187 -0.0059356689453125
0.134925842285156 -0.0286102294921875 -0.0107936859130859 -0.0211906433105469
0.150222778320312 0.0185394287109375 0.0301952362060547 0.0027923583984375
0.124969482421875 0.0444183349609375 0.074554443359375 -0.0477371215820312
0.120307922363281 0.0268020629882813 0.0893020629882813 -0.0304794311523438
0.135726928710938 -0.0197296142578125 0.08160400390625 -0.0216140747070313
0.0927886962890625 -0.0671157836914063 0.0626068115234375 -0.0314750671386719
0.061798095703125 -0.0834503173828125 0.0411911010742188 -0.0199356079101563
0.00664520263671876 -0.0961837768554688 0.0216217041015625 -0.0135345458984375
-0.0298309326171875 -0.0904006958007813 0.0247173309326172 0.00386619567871093
-0.0232772827148438 -0.0883026123046875 0.0321674346923828 0.0209236145019531
-0.0359573364257813 -0.0912399291992188 0.0286827087402344 0.0291652679443359
-0.0110855102539062 -0.0872421264648437 0.0105323791503906 0.0470809936523437
0.0262832641601562 -0.0958328247070312 -0.0029144287109375 0.0441513061523438
0.0588150024414063 -0.086273193359375 -0.0206985473632812 0.0208320617675781
0.118888854980469 -0.0334701538085938 -0.0153303146362305 -0.00593662261962891
0.1260986328125 0.00079345703125 0.0190887451171875 -0.0255279541015625
0.128410339355469 0.0397567749023437 0.07659912109375 0.0151138305664063
0.0814208984375 0.0437545776367188 0.111007690429688 -0.03631591796875
0.087646484375 0.0288162231445313 0.113487243652344 -0.0315475463867188
0.100914001464844 -0.0091705322265625 0.0803146362304688 -0.021270751953125
0.0696640014648438 -0.0488166809082031 0.0582237243652344 -0.0186080932617188
0.0476226806640625 -0.0605659484863281 0.0371971130371094 0.00107574462890625
0.007781982421875 -0.0738983154296875 0.0294246673583984 0.015228271484375
-0.0174102783203125 -0.0737152099609375 0.0422821044921875 0.0315399169921875
-0.0109405517578125 -0.0730819702148437 0.0458259582519531 0.0457839965820312
-0.0172119140625 -0.0788116455078125 0.0376815795898437 0.0564231872558594
0.00548553466796876 -0.0716552734375 0.00917816162109374 0.0706863403320313
0.038177490234375 -0.071746826171875 -0.00925445556640624 0.0580253601074219
0.0631027221679688 -0.0565872192382813 -0.0207157135009766 0.0280494689941406
0.102989196777344 -0.00279998779296875 -0.00763416290283203 6.72340393066402E-05
0.0994338989257813 0.0292739868164063 0.0429153442382813 -0.0163726806640625
0.088623046875 0.0554656982421875 0.109817504882813 0.0346221923828125
0.0255813598632812 0.0401763916015625 0.128059387207031 -0.026702880859375
0.0410919189453125 0.0322113037109375 0.122848510742188 -0.0323638916015625
0.052978515625 0.00872802734375 0.07257080078125 -0.0203933715820312
0.0402603149414062 -0.0173454284667969 0.0529556274414063 -0.00836181640625
0.0316448211669922 -0.0241794586181641 0.0335960388183594 0.0143489837646484
0.0140533447265625 -0.0394210815429688 0.0361137390136719 0.0329780578613281
0.0012054443359375 -0.0462799072265625 0.0537071228027344 0.0496749877929688
0.00299072265625 -0.0478096008300781 0.0522041320800781 0.0625152587890625
0.000831604003906254 -0.0550460815429687 0.0398941040039063 0.0790252685546875
0.0143089294433594 -0.0479469299316406 0.0021209716796875 0.0887985229492188
0.0370559692382813 -0.0438156127929687 -0.0196418762207031 0.0684280395507812
0.0516700744628906 -0.0276718139648438 -0.024932861328125 0.0363731384277344
0.0714569091796875 0.0180282592773438 -0.00630378723144531 0.0111455917358398
0.0587539672851563 0.0449333190917969 0.0545310974121094 0.00137710571289063
0.0373573303222656 0.0571632385253906 0.125625610351563 0.057830810546875
0.0238456726074219 -0.0417823791503906 -0.125083923339844 -0.0588760375976562
-0.0149593353271484 -0.0290870666503906 -0.0584220886230469 -0.0135078430175781
-0.0291156768798828 -0.0133380889892578 0.0167484283447266 -0.0181980133056641
-0.0270519256591797 0.00620651245117188 0.038665771484375 -0.0455207824707031
-0.0194187164306641 0.00899314880371094 0.0356674194335937 -0.0737228393554688
-0.0129814147949219 0.0185394287109375 0.00217437744140625 -0.0992584228515625
-0.0154819488525391 0.0183143615722656 -0.0452880859375 -0.0940780639648438
-0.0174884796142578 0.0127248764038086 -0.0532913208007813 -0.070892333984375
-0.0197544097900391 0.0129966735839844 -0.0544700622558594 -0.0521736145019531
-0.0207347869873047 0.00146865844726562 -0.0420761108398438 -0.0404777526855469
-0.0213375091552734 -0.00993728637695313 -0.0376625061035156 -0.0158500671386719
-0.0175495147705078 -0.0197658538818359 -0.0493125915527344 0.000946044921874997
-0.00402641296386719 -0.0330677032470703 -0.0704879760742188 0.01153564453125
0.00974273681640625 -0.0412559509277344 -0.109458923339844 0.0313034057617187
0.0300559997558594 -0.0421371459960938 -0.12738037109375 0.0136260986328125
0.0761871337890625 -0.0228118896484375 -0.107902526855469 -0.0735244750976562
0.03094482421875 -0.0181121826171875 -0.0463600158691406 -0.0263214111328125
0.0212612152099609 -0.0160789489746094 0.0279884338378906 -0.0243053436279297
0.00881671905517578 -0.0119123458862305 0.0461807250976563 -0.0524368286132813
0.00693130493164062 -0.018035888671875 0.0426406860351563 -0.0767745971679688
-0.00831413269042969 -0.0167980194091797 0.00688171386718749 -0.1025390625
-0.0268058776855469 -0.0160789489746094 -0.0390472412109375 -0.0949325561523437
-0.0295143127441406 -0.0210247039794922 -0.0439949035644531 -0.0680694580078125
-0.0397529602050781 -0.0206184387207031 -0.0468978881835938 -0.0494880676269531
-0.0327053070068359 -0.0328998565673828 -0.0366401672363281 -0.0340919494628906
-0.0191497802734375 -0.0491600036621094 -0.0323200225830078 -0.0103893280029297
1.52587890624962E-05 -0.0579681396484375 -0.044830322265625 0.000816345214843756
0.0390281677246094 -0.0539398193359375 -0.0598297119140625 0.00786590576171874
0.0571365356445313 -0.0509223937988281 -0.0936813354492187 0.0233383178710937
0.083740234375 -0.0356216430664062 -0.10565185546875 0.00846862792968748
0.119117736816406 -0.00032806396484375 -0.0747604370117187 -0.0773696899414063
0.0765228271484375 -0.0019378662109375 -0.0225334167480469 -0.0317497253417969
0.0747528076171875 -0.0174331665039063 0.043212890625 -0.0260887145996094
0.0478363037109375 -0.0327339172363281 0.0538215637207031 -0.0558967590332031
0.0344963073730469 -0.046844482421875 0.0458984375 -0.0742950439453125
-0.00163269042968749 -0.0529060363769531 0.00845336914062499 -0.0951995849609375
-0.0349884033203125 -0.0496711730957031 -0.0285186767578125 -0.0827255249023437
-0.0371131896972656 -0.0519866943359375 -0.028228759765625 -0.0548057556152344
-0.0545082092285156 -0.0510215759277344 -0.0304794311523438 -0.0388259887695313
-0.0405807495117188 -0.0607795715332031 -0.0251197814941406 -0.0199508666992188
-0.0172348022460937 -0.0812225341796875 -0.0235271453857422 0.000238418579101562
0.0123367309570312 -0.0886688232421875 -0.0393218994140625 0.00397109985351561
0.073516845703125 -0.070831298828125 -0.0490837097167969 0.00352096557617187
0.0950775146484375 -0.0562591552734375 -0.0702781677246094 0.0103874206542969
0.124267578125 -0.024627685546875 -0.0685310363769531 0.00330734252929688
0.14471435546875 0.019866943359375 -0.0285263061523438 -0.07183837890625
0.112777709960938 0.0110931396484375 0.0114250183105469 -0.0317878723144531
0.12017822265625 -0.02313232421875 0.0595893859863281 -0.0245094299316406
0.07965087890625 -0.054901123046875 0.0591964721679688 -0.0536422729492187
0.05517578125 -0.073089599609375 0.045867919921875 -0.0627326965332031
0.0019989013671875 -0.08197021484375 0.00993347167968751 -0.0747909545898438
-0.0393218994140625 -0.0751571655273438 -0.0139007568359375 -0.0590324401855469
-0.0394668579101563 -0.075164794921875 -0.00799179077148438 -0.0333805084228516
-0.05877685546875 -0.0736923217773438 -0.00984382629394531 -0.0212020874023438
-0.04046630859375 -0.0792694091796875 -0.00979042053222656 -0.000280380249023442
-0.0103683471679688 -0.100982666015625 -0.0131092071533203 0.0135879516601562
0.0240402221679687 -0.105522155761719 -0.031707763671875 0.00860786437988281
0.098052978515625 -0.0766372680664063 -0.0378379821777344 -0.001556396484375
0.120124816894531 -0.0514068603515625 -0.0430374145507812 -0.00569534301757812
0.146621704101563 -0.0082855224609375 -0.0215702056884765 0.001007080078125
0.147186279296875 0.0334625244140625 0.0230827331542969 -0.0605621337890625
0.129310607910156 0.0192489624023437 0.0499954223632813 -0.0300064086914063
0.141769409179688 -0.02716064453125 0.0730438232421875 -0.0226669311523438
0.0943145751953125 -0.0694732666015625 0.0619583129882813 -0.0444412231445313
0.0624160766601562 -0.0884246826171875 0.0436820983886719 -0.0428085327148438
0.00300598144531251 -0.097747802734375 0.0134849548339844 -0.0450553894042969
-0.0388259887695312 -0.0880355834960938 0.00467491149902343 -0.0281448364257813
-0.0354156494140625 -0.0870361328125 0.0137128829956055 -0.00707530975341798
-0.0531768798828125 -0.0862503051757813 0.0113258361816406 0.00245571136474609
-0.0302352905273438 -0.0876617431640625 0.00378227233886719 0.0225849151611328
0.00373077392578125 -0.105293273925781 -0.004669189453125 0.0284156799316406
0.040008544921875 -0.104461669921875 -0.02532958984375 0.0136184692382812
0.113311767578125 -0.0639572143554688 -0.0271778106689453 -0.00563430786132813
0.130226135253906 -0.0319366455078125 -0.0128822326660156 -0.0196666717529297
0.148330688476563 0.0133056640625 0.0279731750488281 0.00315284729003906
0.124610900878906 0.0396347045898438 0.071136474609375 -0.048004150390625
0.119132995605469 0.02325439453125 0.0850067138671875 -0.0303192138671875
0.1326904296875 -0.024658203125 0.0797805786132813 -0.0220413208007812
0.0880355834960938 -0.0686874389648438 0.0605697631835938 -0.0314216613769531
0.0572738647460938 -0.0843276977539063 0.0403366088867188 -0.0194549560546875
0.00252532958984374 -0.0941619873046875 0.0210685729980469 -0.0121097564697266
-0.0326995849609375 -0.0857620239257813 0.0247650146484375 0.00331687927246093
-0.0266799926757812 -0.0851364135742188 0.0329914093017578 0.0192050933837891
-0.0388031005859375 -0.0873565673828125 0.0283126831054688 0.0283145904541016
-0.0136871337890625 -0.0841445922851563 0.0111961364746094 0.0462532043457031
0.021697998046875 -0.0945510864257812 -0.00298309326171875 0.0434608459472656
0.0542373657226562 -0.0861358642578125 -0.0210685729980469 0.0199527740478516
0.11553955078125 -0.037506103515625 -0.0167369842529297 -0.00574779510498047
0.122650146484375 -0.0034332275390625 0.0162105560302734 -0.0251197814941406
0.1280517578125 0.0354385375976563 0.0731048583984375 0.01300048828125
0.0822982788085938 0.0400772094726562 0.107528686523438 -0.0379180908203125
0.0869522094726563 0.0259780883789063 0.109275817871094 -0.0328750610351563
0.0995941162109375 -0.0130538940429687 0.0786895751953125 -0.02191162109375
0.0666656494140625 -0.0497322082519531 0.0570068359375 -0.01922607421875
0.0440788269042969 -0.0613365173339844 0.036712646484375 0.000823974609374996
0.00476074218750001 -0.0720977783203125 0.0294551849365234 0.0151405334472656
-0.0200958251953125 -0.0698509216308594 0.0434036254882813 0.0297355651855469
-0.0141677856445312 -0.0707931518554688 0.0469741821289062 0.0425567626953125
-0.0202178955078125 -0.0755767822265625 0.0384902954101563 0.0544281005859375
0.0028076171875 -0.0695457458496094 0.0107383728027344 0.0691146850585938
0.0342636108398438 -0.07159423828125 -0.0084381103515625 0.0568885803222656
0.0592689514160156 -0.0576896667480469 -0.0205268859863281 0.0272064208984375
0.100822448730469 -0.006378173828125 -0.00862026214599609 -0.000739097595214845
0.0975341796875 0.0248870849609375 0.0396499633789063 -0.0175590515136719
0.0890731811523438 0.0501251220703125 0.106636047363281 0.0313034057617188
0.0269966125488281 0.0381546020507813 0.125679016113281 -0.02996826171875
0.042144775390625 0.02996826171875 0.118568420410156 -0.0347137451171875
0.0533065795898437 0.00626754760742188 0.0707931518554688 -0.0210723876953125
0.0385780334472656 -0.0185966491699219 0.0522956848144531 -0.00931167602539063
0.0293960571289063 -0.0253944396972656 0.0340042114257813 0.0137081146240234
0.0110321044921875 -0.0389900207519531 0.0366363525390625 0.0318412780761719
-0.00143814086914063 -0.0441780090332031 0.0550079345703125 0.0474014282226563
0.000560760498046879 -0.0459823608398438 0.0539627075195313 0.0593986511230469
-0.00213241577148437 -0.053131103515625 0.0409469604492188 0.0761489868164063
0.0117568969726563 -0.0461578369140625 0.00406646728515624 0.0871963500976563
0.0339546203613281 -0.0437431335449219 -0.0184593200683594 0.0672798156738281
0.0491256713867188 -0.0292739868164063 -0.0241279602050781 0.035430908203125
0.0706329345703125 0.0146865844726563 -0.00665283203125 0.00969600677490234
0.0586967468261719 0.0417747497558594 0.0521240234375 -0.000827789306640622
0.0388565063476562 0.0546913146972656 0.123077392578125 0.0526046752929688
0.0224609375 -0.0413627624511719 -0.124801635742188 -0.0566253662109375
-0.0156345367431641 -0.0287113189697266 -0.0575294494628906 -0.0114669799804688
-0.0294284820556641 -0.01251220703125 0.0167312622070312 -0.0173196792602539
-0.0263538360595703 0.00717926025390625 0.0385971069335938 -0.0446128845214844
-0.0186023712158203 0.0102043151855469 0.0358123779296875 -0.0736923217773438
-0.0120391845703125 0.0180568695068359 0.00173187255859376 -0.100059509277344
-0.013702392578125 0.0177402496337891 -0.046966552734375 -0.0933837890625
-0.0171680450439453 0.0127763748168945 -0.0550079345703125 -0.0699195861816406
-0.0192184448242188 0.0124835968017578 -0.0562324523925781 -0.051666259765625
-0.0198326110839844 0.000772476196289058 -0.0439834594726563 -0.0410881042480469
-0.0208530426025391 -0.00943565368652343 -0.03912353515625 -0.0162773132324219
-0.0177268981933594 -0.0190677642822266 -0.0498008728027344 0.000587463378906241
-0.00549697875976562 -0.0325260162353516 -0.0700492858886719 0.0115242004394531
0.00835037231445312 -0.0412025451660156 -0.108596801757813 0.0321197509765625
0.0292167663574219 -0.0426139831542969 -0.128684997558594 0.0155487060546875
0.0755538940429687 -0.02362060546875 -0.108528137207031 -0.071075439453125
0.0308208465576172 -0.0180587768554688 -0.0467033386230469 -0.0232276916503906
0.0209941864013672 -0.0164070129394531 0.0279903411865234 -0.0238361358642578
0.00899410247802734 -0.0116653442382813 0.0461082458496094 -0.0520477294921875
0.00714302062988281 -0.0177268981933594 0.0426177978515625 -0.0769195556640625
-0.00766944885253906 -0.0171680450439453 0.00577545166015625 -0.103096008300781
-0.0261383056640625 -0.0162162780761719 -0.0404281616210938 -0.0938873291015625
-0.029632568359375 -0.0207691192626953 -0.0457191467285156 -0.0675086975097656
-0.0399131774902344 -0.020538330078125 -0.0488319396972656 -0.0492286682128906
-0.0317306518554688 -0.0325870513916016 -0.0384521484375 -0.0342750549316406
-0.0190963745117187 -0.0485115051269531 -0.0337638854980469 -0.01104736328125
-0.00112533569335938 -0.0575523376464844 -0.0458602905273438 0.000564575195312494
0.0377388000488281 -0.0539360046386719 -0.0597114562988281 0.00806045532226563
0.0551643371582031 -0.0513191223144531 -0.09356689453125 0.024993896484375
0.0830535888671875 -0.0358428955078125 -0.107749938964844 0.0103302001953125
0.119285583496094 -0.00159454345703125 -0.0755996704101563 -0.0752182006835938
0.0769805908203125 -0.00223541259765625 -0.0229892730712891 -0.0291156768798828
0.0753936767578125 -0.0191879272460938 0.0435981750488281 -0.0251274108886719
0.0476531982421875 -0.0329360961914063 0.0537834167480469 -0.0553398132324219
0.0339813232421875 -0.0475502014160156 0.0457000732421875 -0.074127197265625
-0.00205612182617188 -0.052764892578125 0.00780487060546874 -0.0944747924804687
-0.03485107421875 -0.0490188598632813 -0.0294189453125 -0.0818023681640625
-0.0376243591308594 -0.0518913269042969 -0.0293617248535156 -0.0545005798339844
-0.0547103881835938 -0.0501632690429687 -0.0322990417480469 -0.0384178161621094
-0.0407943725585938 -0.0595283508300781 -0.0261993408203125 -0.0197372436523438
-0.0177078247070312 -0.0803070068359375 -0.0253219604492188 -0.000682830810546878
0.01055908203125 -0.0882644653320313 -0.0403671264648438 0.0033416748046875
0.0716629028320313 -0.0721969604492188 -0.0498313903808594 0.00384140014648438
0.0933303833007813 -0.0568771362304687 -0.0711135864257813 0.0121383666992188
0.124176025390625 -0.0259857177734375 -0.0701942443847656 0.00561523437499999
0.145538330078125 0.0180816650390625 -0.029632568359375 -0.070281982421875
0.113754272460937 0.0102920532226562 0.0104389190673828 -0.0292778015136719
0.120384216308594 -0.025146484375 0.0599327087402344 -0.0234718322753906
0.078857421875 -0.0557937622070312 0.0592727661132813 -0.052459716796875
0.0538101196289063 -0.0746994018554688 0.0461807250976563 -0.0622634887695313
0.00170135498046876 -0.0822982788085938 0.00957489013671875 -0.0740737915039063
-0.0396041870117188 -0.0743637084960938 -0.014312744140625 -0.0579147338867188
-0.040679931640625 -0.0754470825195313 -0.00806045532226563 -0.033203125
-0.0600433349609375 -0.07244873046875 -0.0111255645751953 -0.0200309753417969
-0.0411376953125 -0.078369140625 -0.0109386444091797 -0.000367164611816409
-0.0116806030273438 -0.0998687744140625 -0.0136556625366211 0.012537956237793
0.0228729248046875 -0.105636596679687 -0.0334701538085938 0.0081024169921875
0.0968475341796875 -0.0782012939453125 -0.0395545959472656 -0.00098800659179688
0.119003295898438 -0.0519866943359375 -0.0441055297851562 -0.00455093383789063
0.14794921875 -0.0102691650390625 -0.0237388610839844 0.00301551818847657
0.148635864257813 0.031341552734375 0.0222282409667969 -0.0597343444824219
0.129615783691406 0.0176544189453125 0.0490760803222656 -0.02801513671875
0.142135620117188 -0.030181884765625 0.0732879638671875 -0.0221405029296875
0.0934600830078125 -0.0710372924804688 0.0616455078125 -0.0432052612304688
0.0614242553710938 -0.0899658203125 0.0438270568847656 -0.0418014526367188
0.00179290771484376 -0.097259521484375 0.0137405395507812 -0.0440177917480469
-0.0398025512695313 -0.0872421264648438 0.00487518310546875 -0.0274314880371094
-0.0372314453125 -0.0867691040039063 0.0139875411987305 -0.0075225830078125
-0.054840087890625 -0.08538818359375 0.0105571746826172 0.00275039672851562
-0.0311965942382813 -0.086761474609375 0.00306129455566406 0.0224666595458984
0.002593994140625 -0.104988098144531 -0.00571250915527344 0.0278091430664062
0.0380325317382813 -0.1051025390625 -0.0267162322998047 0.0133056640625
0.112785339355469 -0.0661849975585938 -0.0286674499511719 -0.00530624389648438
0.129158020019531 -0.0336456298828125 -0.01446533203125 -0.0188446044921875
0.149398803710937 0.01092529296875 0.0261268615722656 0.00412559509277344
0.1263427734375 0.0378646850585938 0.0710830688476563 -0.0481491088867187
0.119789123535156 0.0222930908203125 0.083953857421875 -0.029144287109375
0.133087158203125 -0.0275650024414062 0.0804443359375 -0.02191162109375
0.0872955322265625 -0.0699615478515625 0.0606155395507813 -0.031158447265625
0.0562057495117188 -0.0862045288085938 0.04058837890625 -0.0185394287109375
0.001220703125 -0.09368896484375 0.0211086273193359 -0.0110874176025391
-0.0340499877929688 -0.0846023559570313 0.0255241394042969 0.00387382507324218
-0.0284423828125 -0.0846633911132812 0.0335350036621094 0.0183868408203125
-0.0403976440429687 -0.0855865478515625 0.0277442932128906 0.0285396575927734
-0.0145339965820312 -0.083282470703125 0.0109710693359375 0.046630859375
0.0196151733398438 -0.094635009765625 -0.0028076171875 0.0427742004394531
0.0532073974609375 -0.0873184204101563 -0.0218620300292969 0.0190715789794922
0.115089416503906 -0.039581298828125 -0.0183525085449219 -0.00641059875488281
0.122589111328125 -0.0050506591796875 0.0145988464355469 -0.0247573852539062
0.129653930664063 0.0329513549804688 0.0714950561523438 0.013031005859375
0.083343505859375 0.0389251708984375 0.107658386230469 -0.0384445190429687
0.0877456665039063 0.0250778198242187 0.107780456542969 -0.0328140258789063
0.1002197265625 -0.015625 0.078826904296875 -0.021759033203125
0.0658149719238281 -0.0512542724609375 0.0567131042480469 -0.018585205078125
0.0431442260742188 -0.0629997253417969 0.0376472473144531 0.001251220703125
0.00292968749999999 -0.0716705322265625 0.0302104949951172 0.0163135528564453
-0.0215911865234375 -0.068572998046875 0.0445365905761719 0.029815673828125
-0.0158920288085938 -0.0698928833007813 0.0482292175292969 0.0416908264160156
-0.0219039916992187 -0.0743484497070313 0.0387535095214844 0.0539932250976562
0.00186920166015626 -0.068756103515625 0.0107345581054687 0.0698089599609375
0.0322723388671875 -0.0720291137695313 -0.00833892822265625 0.0563926696777344
0.0584144592285156 -0.058807373046875 -0.0215435028076172 0.02667236328125
0.101112365722656 -0.00820159912109375 -0.00971603393554687 -0.00122165679931641
0.0980911254882813 0.0237197875976563 0.0383834838867188 -0.0180778503417969
0.0908126831054688 0.0489273071289063 0.105545043945313 0.030029296875
0.0282096862792969 0.0378150939941406 0.125816345214844 -0.0316390991210938
0.0426292419433594 0.0289268493652344 0.117424011230469 -0.035400390625
0.0536117553710937 0.00466537475585937 0.0709381103515625 -0.0209732055664063
0.0375442504882812 -0.0199546813964844 0.0524406433105469 -0.00906753540039063
0.0288887023925781 -0.0267200469970703 0.0348529815673828 0.0140457153320313
0.0104103088378906 -0.0386772155761719 0.0374794006347656 0.0324478149414063
-0.003143310546875 -0.0430183410644531 0.0562362670898438 0.0458259582519531
-0.00113296508789063 -0.0457839965820313 0.0548591613769531 0.0580520629882813
-0.00329971313476563 -0.0523262023925781 0.0421295166015625 0.0762252807617188
0.0103111267089844 -0.0457077026367187 0.00510406494140625 0.088043212890625
0.0324134826660156 -0.0439872741699219 -0.0184745788574219 0.0672721862792969
0.0482139587402344 -0.0300445556640625 -0.0247230529785156 0.0350894927978516
0.071868896484375 0.0128326416015625 -0.00724124908447265 0.00889110565185547
0.0593452453613281 0.0402946472167969 0.0509529113769531 -0.00238800048828125
0.0399742126464844 0.0536231994628906 0.122756958007813 0.0516128540039063
0.0221443176269531 -0.0427131652832031 -0.128761291503906 -0.0560379028320313
-0.0163059234619141 -0.0283279418945313 -0.0582695007324219 -0.00925064086914062
-0.0301837921142578 -0.0118961334228516 0.0169887542724609 -0.017094612121582
-0.0266780853271484 0.00903129577636718 0.0397415161132813 -0.0457077026367188
-0.0183792114257813 0.0113735198974609 0.0365753173828125 -0.076080322265625
-0.0106792449951172 0.0185070037841797 0.000930786132812489 -0.103187561035156
-0.0125436782836914 0.0174760818481445 -0.0499038696289063 -0.094482421875
-0.0165157318115234 0.0125570297241211 -0.0581893920898437 -0.0706787109375
-0.0195026397705078 0.0124034881591797 -0.0597877502441406 -0.0521278381347656
-0.0195026397705078 0.000253677368164064 -0.0466690063476563 -0.0423851013183594
-0.0202255249023438 -0.00833511352539063 -0.0418739318847656 -0.01715087890625
-0.0184898376464844 -0.0185756683349609 -0.051483154296875 0.00064468383789063
-0.00687217712402343 -0.0324783325195313 -0.0713043212890625 0.0116119384765625
0.00710678100585938 -0.0415763854980469 -0.111152648925781 0.0344924926757812
0.0280609130859375 -0.044097900390625 -0.133201599121094 0.0188064575195313
0.0772781372070313 -0.02545166015625 -0.111930847167969 -0.07012939453125
0.0317649841308594 -0.0185928344726563 -0.0473175048828125 -0.0214805603027344
0.0216751098632812 -0.0171966552734375 0.0287914276123047 -0.0238933563232422
0.00927925109863281 -0.0112314224243164 0.0470619201660156 -0.053192138671875
0.00736618041992188 -0.0184307098388672 0.0433273315429688 -0.0786361694335938
-0.00725364685058594 -0.0179443359375 0.00507354736328125 -0.105766296386719
-0.0258522033691406 -0.0168800354003906 -0.043243408203125 -0.0953598022460937
-0.0304908752441406 -0.0214881896972656 -0.0486412048339844 -0.0679893493652344
-0.0407752990722656 -0.0203285217285156 -0.0520172119140625 -0.0492210388183594
-0.0322647094726563 -0.0328769683837891 -0.0414009094238281 -0.0351943969726562
-0.01947021484375 -0.0487213134765625 -0.036346435546875 -0.0121879577636719
-0.00200653076171874 -0.0580596923828125 -0.0479469299316406 0.000408172607421875
0.0369415283203125 -0.0554313659667969 -0.0613899230957031 0.00835800170898438
0.0551528930664063 -0.0530586242675781 -0.0958480834960938 0.0275039672851562
0.0844497680664063 -0.0384750366210938 -0.111961364746094 0.014129638671875
0.122894287109375 -0.00362396240234375 -0.0788955688476562 -0.0749664306640625
0.0792770385742188 -0.00341796875 -0.0240974426269531 -0.0272560119628906
0.0770187377929688 -0.0215530395507813 0.0450057983398438 -0.0255851745605469
0.0484085083007813 -0.0339469909667969 0.0545883178710938 -0.0563926696777344
0.0345726013183594 -0.0496940612792969 0.0464248657226562 -0.0764694213867188
-0.0018463134765625 -0.0544509887695313 0.006805419921875 -0.0972061157226563
-0.035736083984375 -0.0498847961425781 -0.0319747924804688 -0.0830230712890625
-0.0396995544433594 -0.0528411865234375 -0.0313148498535156 -0.0552253723144531
-0.0568580627441406 -0.0498771667480469 -0.035430908203125 -0.0382499694824219
-0.0414619445800781 -0.0610313415527344 -0.0289402008056641 -0.0204887390136719
-0.0190963745117188 -0.0814361572265625 -0.0267963409423828 -0.000911712646484381
0.00939941406250001 -0.0904998779296875 -0.0425453186035156 0.00331497192382813
0.0723342895507813 -0.0745315551757812 -0.0513534545898438 0.00426101684570311
0.0937347412109375 -0.0591659545898438 -0.0732803344726563 0.01373291015625
0.127487182617188 -0.028778076171875 -0.0739059448242187 0.00782012939453127
0.150421142578125 0.015838623046875 -0.0317535400390625 -0.0704727172851563
0.11724853515625 0.00974273681640625 0.0102176666259766 -0.0274581909179687
0.123420715332031 -0.0291519165039063 0.0617179870605469 -0.0243797302246094
0.0804367065429688 -0.0585250854492188 0.0605812072753906 -0.0532379150390625
0.0539398193359375 -0.078704833984375 0.0469284057617188 -0.0640907287597656
0.000556945800781244 -0.084381103515625 0.00842285156250001 -0.075408935546875
-0.0414581298828125 -0.0753097534179688 -0.0152473449707031 -0.0591163635253906
-0.0433731079101562 -0.0766448974609375 -0.00935935974121094 -0.0337276458740234
-0.0632171630859375 -0.0728912353515625 -0.0127906799316406 -0.0201263427734375
-0.0426254272460938 -0.0796890258789062 -0.0126686096191406 -0.000252723693847659
-0.0139846801757813 -0.102218627929688 -0.0156192779541016 0.0127601623535156
0.021331787109375 -0.108757019042969 -0.0357704162597656 0.00832748413085937
0.09808349609375 -0.0821533203125 -0.0409889221191406 -0.000587463378906247
0.119857788085938 -0.0551376342773438 -0.0460777282714844 -0.00358581542968751
0.151809692382813 -0.013458251953125 -0.0258846282958984 0.00480461120605469
0.153793334960938 0.029632568359375 0.0217742919921875 -0.0604324340820313
0.133514404296875 0.016754150390625 0.0490188598632813 -0.0272598266601563
0.146255493164063 -0.0347442626953125 0.0757522583007813 -0.0236358642578125
0.0946044921875 -0.0742950439453125 0.0632400512695313 -0.0439567565917969
0.0609130859375 -0.094482421875 0.0451316833496094 -0.0432815551757813
-0.000251770019531242 -0.100334167480469 0.0140838623046875 -0.0438232421875
-0.0425262451171875 -0.0879287719726562 0.00517463684082031 -0.0282859802246094
-0.039825439453125 -0.0880889892578125 0.0144205093383789 -0.00813388824462891
-0.058135986328125 -0.085418701171875 0.00990772247314453 0.003326416015625
-0.0329132080078125 -0.0878372192382812 0.00277137756347656 0.0229949951171875
0.000152587890625012 -0.107719421386719 -0.00641441345214844 0.027740478515625
0.0370635986328125 -0.10894775390625 -0.0284843444824219 0.0134506225585937
0.114639282226562 -0.0704574584960938 -0.0302104949951172 -0.00541305541992188
0.131423950195312 -0.0366134643554688 -0.0164127349853516 -0.0188350677490234
0.154769897460938 0.0082244873046875 0.0256328582763672 0.00510406494140625
0.131118774414063 0.036651611328125 0.072479248046875 -0.0491485595703125
0.123764038085938 0.0209732055664063 0.0851364135742188 -0.0292129516601563
0.136566162109375 -0.0312118530273438 0.0828857421875 -0.02301025390625
0.0882644653320313 -0.0733871459960938 0.0622940063476563 -0.031463623046875
0.0555496215820312 -0.0907669067382813 0.0424728393554688 -0.0193099975585938
-0.000938415527343752 -0.09552001953125 0.0222930908203125 -0.0100765228271484
-0.0365829467773438 -0.085174560546875 0.0272560119628906 0.00382232666015624
-0.0315093994140625 -0.0860977172851563 0.0354080200195313 0.0181617736816406
-0.0432662963867188 -0.086395263671875 0.0289840698242187 0.0296535491943359
-0.0160293579101563 -0.0850677490234375 0.011810302734375 0.0477790832519531
0.0179061889648437 -0.0970077514648437 -0.00391769409179687 0.0433464050292969
0.0522079467773438 -0.0904769897460938 -0.0239543914794922 0.0198898315429687
0.117904663085938 -0.043212890625 -0.0196647644042969 -0.00617027282714844
0.125289916992188 -0.0071868896484375 0.0137577056884766 -0.0254249572753906
0.134750366210938 0.0317153930664063 0.0724105834960938 0.0135498046875
0.0870437622070313 0.0384368896484375 0.109901428222656 -0.0407791137695313
0.0910797119140625 0.0241012573242188 0.10992431640625 -0.033172607421875
0.103050231933594 -0.0188446044921875 0.0810699462890625 -0.0228271484375
0.0663604736328125 -0.0541191101074219 0.0583267211914063 -0.0188713073730469
0.042449951171875 -0.0658912658691406 0.039154052734375 0.00127410888671875
0.00150299072265626 -0.0728530883789062 0.0322074890136719 0.0169200897216797
-0.0236473083496094 -0.0685653686523438 0.0469284057617187 0.0299339294433594
-0.018280029296875 -0.0715179443359375 0.0505599975585937 0.0411911010742187
-0.024688720703125 -0.0751876831054688 0.040802001953125 0.0556564331054687
0.000312805175781257 -0.0699729919433594 0.01190185546875 0.071868896484375
0.030914306640625 -0.0742416381835938 -0.00920486450195312 0.0577278137207031
0.0582084655761719 -0.0609664916992188 -0.0228843688964844 0.0266647338867187
0.104034423828125 -0.0112762451171875 -0.0112295150756836 -0.00149726867675781
0.100997924804688 0.022125244140625 0.0376510620117188 -0.0196075439453125
0.0945205688476563 0.04815673828125 0.107757568359375 0.029998779296875
0.03009033203125 0.0383720397949219 0.129348754882813 -0.0343475341796875
0.04486083984375 0.0286483764648437 0.11968994140625 -0.03753662109375
0.0555801391601563 0.00313568115234375 0.072845458984375 -0.0212936401367188
0.0379371643066406 -0.0215835571289063 0.0540618896484375 -0.0091094970703125
0.0287284851074219 -0.0282974243164063 0.0369033813476563 0.0146522521972656
0.00910568237304688 -0.0397224426269531 0.0401153564453125 0.033782958984375
-0.00474929809570313 -0.04302978515625 0.0590400695800781 0.0460433959960938
-0.00246047973632812 -0.0455360412597656 0.0578117370605469 0.0576324462890625
-0.00557327270507813 -0.0524711608886719 0.044769287109375 0.0773696899414062
0.00948715209960938 -0.04638671875 0.00614166259765624 0.0905303955078125
0.0315322875976563 -0.0457801818847656 -0.0189895629882813 0.068817138671875
0.0488471984863281 -0.0320243835449219 -0.0261650085449219 0.0348873138427734
0.07415771484375 0.0118026733398438 -0.00839757919311523 0.00853967666625977
0.0619316101074219 0.0403289794921875 0.0511856079101563 -0.00403594970703125
0.0421562194824219 0.0533981323242188 0.125396728515625 0.051300048828125
0.0207672119140625 -0.0444297790527344 -0.134101867675781 -0.05230712890625
-0.0181007385253906 -0.0286140441894531 -0.0598487854003906 -0.0059661865234375
-0.0315608978271484 -0.010986328125 0.0174274444580078 -0.0171356201171875
-0.0262050628662109 0.0106410980224609 0.0403976440429688 -0.0478630065917969
-0.0178947448730469 0.013031005859375 0.0362548828125 -0.0802230834960937
-0.00977897644042969 0.0189151763916016 -0.00220489501953126 -0.107757568359375
-0.0117397308349609 0.0174236297607422 -0.0556869506835937 -0.0952911376953125
-0.0164566040039063 0.0128192901611328 -0.0642547607421875 -0.0703811645507813
-0.0188884735107422 0.0132961273193359 -0.0650444030761719 -0.0511932373046875
-0.0192203521728516 0.000476837158203127 -0.0517082214355469 -0.0425224304199219
-0.0199794769287109 -0.00802040100097657 -0.044708251953125 -0.0166549682617188
-0.0196914672851563 -0.0179328918457031 -0.0542984008789063 0.00143814086914062
-0.00885581970214844 -0.0326137542724609 -0.0733184814453125 0.0143585205078125
0.00485610961914063 -0.0427627563476562 -0.113868713378906 0.0396957397460938
0.0265579223632813 -0.046478271484375 -0.138763427734375 0.0256271362304688
0.0790557861328125 -0.0294418334960938 -0.118499755859375 -0.0672073364257813
0.0322856903076172 -0.0198822021484375 -0.0487327575683594 -0.0184364318847656
0.0223751068115234 -0.0190372467041016 0.0296821594238281 -0.0249271392822266
0.0100202560424805 -0.0117435455322266 0.047271728515625 -0.0553665161132812
0.00742721557617187 -0.0188922882080078 0.0425567626953125 -0.0834884643554687
-0.00737190246582031 -0.0185279846191406 0.00147247314453125 -0.109748840332031
-0.0268840789794922 -0.0173988342285156 -0.0493011474609375 -0.0963821411132813
-0.0322341918945312 -0.0214653015136719 -0.0537796020507812 -0.0676841735839844
-0.0430030822753906 -0.0194320678710938 -0.0572891235351563 -0.0485954284667969
-0.0339546203613281 -0.0334739685058594 -0.0455398559570313 -0.0354461669921875
-0.021240234375 -0.0490303039550781 -0.0392074584960938 -0.0114898681640625
-0.00454330444335937 -0.0589675903320313 -0.0504722595214844 0.00169372558593749
0.0360107421875 -0.058441162109375 -0.0634956359863281 0.01007080078125
0.053985595703125 -0.0561752319335937 -0.098297119140625 0.032318115234375
0.0858993530273438 -0.0434036254882813 -0.117462158203125 0.0196990966796875
0.127578735351563 -0.00867462158203125 -0.0844955444335937 -0.073577880859375
0.0827789306640625 -0.00640869140625 -0.0256290435791016 -0.0244293212890625
0.0796585083007813 -0.0264511108398438 0.0461807250976563 -0.0274887084960938
0.0492782592773438 -0.0370407104492188 0.0552520751953125 -0.0588645935058594
0.0339469909667969 -0.0534210205078125 0.0461807250976563 -0.0800018310546875
-0.0038909912109375 -0.0570106506347656 0.0039825439453125 -0.100738525390625
-0.0383224487304687 -0.0505523681640625 -0.0362930297851562 -0.0838470458984375
-0.0436859130859375 -0.0539093017578125 -0.0351295471191406 -0.0553855895996094
-0.0611305236816406 -0.0494918823242188 -0.0392265319824219 -0.0375785827636719
-0.0450286865234375 -0.0614662170410156 -0.0324916839599609 -0.0200614929199219
-0.02252197265625 -0.083526611328125 -0.0292091369628906 -0.000957489013671881
0.00604248046875 -0.0936813354492188 -0.0454216003417969 0.00479888916015625
0.0711898803710938 -0.080230712890625 -0.0534210205078125 0.00552749633789062
0.0941009521484375 -0.0644149780273438 -0.0757217407226562 0.0181884765625
0.1317138671875 -0.0358657836914063 -0.0782623291015625 0.0128860473632812
0.15728759765625 0.0103759765625 -0.0359878540039063 -0.07037353515625
0.122154235839844 0.00507354736328125 0.00926971435546876 -0.0259838104248047
0.127090454101563 -0.0359039306640625 0.0640602111816406 -0.0276107788085938
0.0810546875 -0.0641555786132813 0.0614891052246094 -0.0560798645019531
0.052764892578125 -0.08404541015625 0.0469551086425781 -0.0677413940429688
-0.00285339355468749 -0.0877304077148438 0.00658416748046876 -0.077667236328125
-0.04583740234375 -0.07647705078125 -0.0180282592773438 -0.0594825744628906
-0.0484695434570313 -0.0778884887695312 -0.0109920501708984 -0.0351066589355469
-0.0683746337890625 -0.0722122192382813 -0.0151729583740234 -0.0198078155517578
-0.0466842651367187 -0.0805816650390625 -0.0138072967529297 5.34057617187425E-05
-0.01837158203125 -0.104652404785156 -0.0175294876098633 0.0127172470092773
0.0173721313476563 -0.11346435546875 -0.0381278991699219 0.00978469848632813
0.0977706909179688 -0.0888748168945313 -0.04302978515625 0.000537872314453115
0.121734619140625 -0.0616683959960938 -0.0486717224121094 -0.00073623657226562
0.158935546875 -0.02032470703125 -0.0281562805175781 0.00742721557617187
0.161270141601563 0.02447509765625 0.0206451416015625 -0.0621185302734375
0.139945983886719 0.011871337890625 0.0496063232421875 -0.0272560119628906
0.1497802734375 -0.0429840087890625 0.0782089233398438 -0.02630615234375
0.0948028564453125 -0.0808181762695313 0.0644874572753906 -0.0469589233398438
0.0594635009765625 -0.101280212402344 0.046356201171875 -0.0459175109863281
-0.003570556640625 -0.103157043457031 0.0132369995117187 -0.045257568359375
-0.0472183227539062 -0.0888519287109375 0.00476837158203125 -0.0279998779296875
-0.046295166015625 -0.0897293090820312 0.0146589279174805 -0.00924777984619141
-0.0641555786132812 -0.0858306884765625 0.00957870483398437 0.00341320037841796
-0.037506103515625 -0.0898666381835938 0.00296592712402343 0.0238494873046875
-0.00475311279296875 -0.110618591308594 -0.00728797912597656 0.0281181335449219
0.0336074829101562 -0.114524841308594 -0.0308361053466797 0.0146503448486328
0.116432189941406 -0.0780029296875 -0.0321025848388672 -0.00426864624023439
0.134468078613281 -0.0425338745117188 -0.0183277130126953 -0.0177478790283203
0.162155151367188 0.0018310546875 0.0254993438720703 0.00576972961425781
0.138641357421875 0.03265380859375 0.073944091796875 -0.0528945922851563
0.129867553710938 0.0167694091796875 0.0867996215820313 -0.03094482421875
0.140571594238281 -0.0396575927734375 0.0847244262695313 -0.0263214111328125
0.088287353515625 -0.0793914794921875 0.0634498596191406 -0.0334968566894531
0.0528945922851562 -0.0965118408203125 0.0443840026855469 -0.0206451416015625
-0.00429534912109374 -0.098541259765625 0.0240802764892578 -0.0102519989013672
-0.0412521362304688 -0.085845947265625 0.0293121337890625 0.00329780578613281
-0.0366592407226562 -0.087554931640625 0.0381698608398438 0.016876220703125
-0.04937744140625 -0.0872573852539063 0.0310230255126953 0.0301513671875
-0.0201263427734375 -0.0865859985351563 0.0136604309082031 0.0499382019042969
0.0141372680664062 -0.100906372070313 -0.00391387939453125 0.0443572998046875
0.0502243041992188 -0.096466064453125 -0.0253486633300781 0.0209331512451172
0.120841979980469 -0.0500106811523438 -0.0208244323730469 -0.00537300109863282
0.129486083984375 -0.0123748779296875 0.0120067596435547 -0.0266342163085937
0.141937255859375 0.0263671875 0.074188232421875 0.0123672485351563
0.0928878784179688 0.0357666015625 0.112892150878906 -0.0457687377929688
0.0952911376953125 0.0215530395507813 0.112052917480469 -0.0373306274414063
0.106559753417969 -0.024261474609375 0.083343505859375 -0.0259857177734375
0.0662498474121094 -0.0583572387695313 0.0603294372558594 -0.0207023620605469
0.0407562255859375 -0.0707015991210938 0.0418434143066406 0.000804901123046871
-0.00163269042968749 -0.075469970703125 0.0345611572265625 0.0177898406982422
-0.0276031494140625 -0.0689353942871094 0.0503692626953125 0.0289726257324219
-0.022674560546875 -0.0723876953125 0.0544395446777344 0.0395355224609375
-0.029144287109375 -0.0761260986328125 0.0445823669433594 0.0565299987792969
-0.0027618408203125 -0.0720901489257813 0.0149459838867187 0.074493408203125
0.028228759765625 -0.0778427124023438 -0.00823211669921874 0.0597496032714844
0.0575942993164062 -0.0664863586425781 -0.0239219665527344 0.0281772613525391
0.107444763183594 -0.01617431640625 -0.0125160217285156 -0.00137424468994141
0.105232238769531 0.018829345703125 0.0373382568359375 -0.0217971801757813
0.101463317871094 0.0463027954101562 0.111747741699219 0.0278091430664063
0.0335273742675781 0.0380592346191406 0.133773803710938 -0.0402755737304688
0.0477981567382813 0.0282821655273438 0.122299194335938 -0.0423355102539062
0.0584297180175781 -9.918212890625E-05 0.0750274658203125 -0.024566650390625
0.038238525390625 -0.0245590209960937 0.0559921264648438 -0.0104217529296875
0.0278282165527344 -0.0314807891845703 0.0395050048828125 0.0146903991699219
0.00719833374023438 -0.0409011840820312 0.0436286926269531 0.0341110229492188
-0.00734329223632812 -0.0432167053222656 0.0644645690917969 0.0453453063964844
-0.00485610961914062 -0.0466194152832031 0.0631179809570313 0.0562171936035156
-0.00858688354492188 -0.0536384582519531 0.0500030517578125 0.0783233642578125
0.00746536254882812 -0.0475997924804688 0.00959014892578124 0.09405517578125
0.029754638671875 -0.0481796264648437 -0.0182418823242188 0.0722274780273438
0.0487174987792969 -0.0353507995605469 -0.0267219543457031 0.0367507934570313
0.077362060546875 0.00839996337890625 -0.00933074951171875 0.00871944427490234
0.0655632019042969 0.0388717651367188 0.0517539978027344 -0.00653076171875
0.0463523864746094 0.0535926818847656 0.131492614746094 0.0479888916015625
0.0179557800292969 -0.0465354919433594 -0.13995361328125 -0.0450515747070312
-0.0199928283691406 -0.0279464721679688 -0.0600852966308594 -0.00131988525390625
-0.0326557159423828 -0.00849723815917969 0.017120361328125 -0.0179367065429688
-0.0251598358154297 0.0128498077392578 0.0389823913574219 -0.0505752563476563
-0.0168848037719727 0.0150613784790039 0.03265380859375 -0.0836715698242188
-0.00791358947753906 0.0193500518798828 -0.00852203369140626 -0.110992431640625
-0.0103349685668945 0.0173835754394531 -0.0631866455078125 -0.0941925048828125
-0.0156688690185547 0.0138578414916992 -0.0706634521484375 -0.0672454833984375
-0.0183448791503906 0.014373779296875 -0.0712203979492187 -0.0481796264648438
-0.0190391540527344 0.00114250183105469 -0.0572853088378906 -0.040618896484375
-0.0203571319580078 -0.00707054138183594 -0.0482902526855469 -0.0154342651367188
-0.0210475921630859 -0.0165634155273437 -0.05609130859375 0.00478744506835936
-0.0114955902099609 -0.03228759765625 -0.074066162109375 0.017181396484375
0.00185394287109375 -0.0437355041503906 -0.114776611328125 0.0476226806640625
0.0244331359863281 -0.0489425659179688 -0.14263916015625 0.0359039306640625
0.0790557861328125 -0.034759521484375 -0.124778747558594 -0.0607070922851562
0.0323848724365234 -0.0221595764160156 -0.0504379272460938 -0.0144157409667969
0.0216102600097656 -0.0206947326660156 0.0292015075683594 -0.0259418487548828
0.00974178314208984 -0.0125102996826172 0.0459175109863281 -0.0582847595214844
0.00681686401367187 -0.0200214385986328 0.0396957397460938 -0.0876007080078125
-0.0081634521484375 -0.0194110870361328 -0.00495147705078125 -0.112922668457031
-0.0279788970947266 -0.0165729522705078 -0.0560302734375 -0.0950546264648437
-0.0343666076660156 -0.0208263397216797 -0.0598793029785156 -0.0655670166015625
-0.0450592041015625 -0.017242431640625 -0.0628929138183594 -0.0456314086914062
-0.0362129211425781 -0.0325584411621094 -0.0508766174316406 -0.0337867736816406
-0.0238227844238281 -0.0489921569824219 -0.0423507690429688 -0.0102958679199219
-0.00806427001953125 -0.0602684020996094 -0.0527839660644531 0.00411224365234374
0.0326042175292969 -0.0615272521972656 -0.0643806457519531 0.0132827758789063
0.0515785217285156 -0.0601577758789063 -0.0991363525390625 0.039215087890625
0.0858917236328125 -0.0493927001953125 -0.120262145996094 0.0290603637695312
0.13067626953125 -0.0170211791992188 -0.0906829833984375 -0.0688705444335937
0.0847320556640625 -0.0113449096679687 -0.0264911651611328 -0.0206432342529297
0.0799179077148438 -0.0325241088867188 0.0458335876464844 -0.0300788879394531
0.0487098693847656 -0.040924072265625 0.0535507202148438 -0.0625419616699219
0.0313186645507812 -0.0569801330566406 0.0430984497070313 -0.0846710205078125
-0.00735473632812501 -0.0582389831542969 -0.00164031982421876 -0.102729797363281
-0.0420608520507813 -0.0499954223632812 -0.0420455932617188 -0.0833053588867188
-0.0479240417480469 -0.0527153015136719 -0.0399360656738281 -0.0542945861816406
-0.0656585693359375 -0.0463981628417969 -0.0437583923339844 -0.0353240966796875
-0.0493927001953125 -0.060546875 -0.0356903076171875 -0.0189247131347656
-0.0277175903320313 -0.0837326049804688 -0.0316047668457031 0.00028228759765625
0.000297546386718747 -0.0961532592773438 -0.0473060607910156 0.007171630859375
0.0681686401367188 -0.08612060546875 -0.0541648864746094 0.00865936279296874
0.0920791625976563 -0.0716323852539063 -0.0768508911132813 0.0239105224609375
0.133438110351563 -0.044342041015625 -0.0806732177734375 0.0194091796875
0.162689208984375 0.00030517578125 -0.0407180786132813 -0.0684394836425781
0.1265869140625 -0.00189208984375 0.00812721252441407 -0.0245857238769531
0.1282958984375 -0.0460662841796875 0.0639114379882813 -0.0311164855957031
0.0790176391601563 -0.0704116821289063 0.06048583984375 -0.0596504211425781
0.0483856201171875 -0.0901565551757813 0.0450439453125 -0.071197509765625
-0.00775909423828126 -0.089996337890625 0.0025634765625 -0.0786972045898438
-0.0514755249023437 -0.0754241943359375 -0.0220108032226563 -0.0597190856933594
-0.054962158203125 -0.077178955078125 -0.0137138366699219 -0.0350322723388672
-0.0749359130859375 -0.0692367553710938 -0.0178890228271484 -0.0183200836181641
-0.0522003173828125 -0.0798263549804688 -0.0157546997070313 0.000870704650878899
-0.0248184204101563 -0.10565185546875 -0.0184040069580078 0.0130805969238281
0.0103988647460937 -0.1171875 -0.0398635864257813 0.011566162109375
0.0952911376953125 -0.0973968505859375 -0.044036865234375 0.00251388549804687
0.120780944824219 -0.0699462890625 -0.0506172180175781 0.00303268432617188
0.16278076171875 -0.032135009765625 -0.0297870635986328 0.0105533599853516
0.168533325195313 0.014434814453125 0.0177574157714844 -0.0636787414550781
0.145294189453125 0.004058837890625 0.0493125915527344 -0.0285568237304688
0.150985717773438 -0.0546417236328125 0.0786285400390625 -0.0311737060546875
0.0921859741210938 -0.0886459350585938 0.064178466796875 -0.0502891540527344
0.0537872314453125 -0.108604431152344 0.0453834533691406 -0.0492897033691406
-0.010345458984375 -0.105781555175781 0.01165771484375 -0.0458183288574219
-0.0535354614257812 -0.0874557495117188 0.00350379943847656 -0.0294322967529297
-0.05316162109375 -0.0893173217773437 0.0141973495483398 -0.0108280181884766
-0.0716934204101563 -0.0830917358398438 0.00972652435302734 0.00357818603515624
-0.043121337890625 -0.0894927978515625 0.00317573547363281 0.0246639251708984
-0.0116806030273437 -0.113227844238281 -0.00733566284179688 0.0288944244384766
0.0264739990234375 -0.119369506835938 -0.0320167541503906 0.0165786743164062
0.114486694335937 -0.0878372192382813 -0.03326416015625 -0.00263786315917969
0.135322570800781 -0.0515518188476563 -0.0205440521240234 -0.0165443420410156
0.1678466796875 -0.0090789794921875 0.0254077911376953 0.00584983825683594
0.145004272460938 0.023895263671875 0.0727081298828125 -0.0578079223632812
0.134361267089844 0.0101318359375 0.0870361328125 -0.0351028442382813
0.142105102539063 -0.0496673583984375 0.0855178833007813 -0.0315933227539063
0.0854415893554688 -0.08642578125 0.0639686584472656 -0.0372962951660156
0.0478134155273437 -0.103179931640625 0.0450248718261719 -0.0235061645507813
-0.0114059448242187 -0.100776672363281 0.0246143341064453 -0.0105361938476563
-0.0474472045898437 -0.0845184326171875 0.0305500030517578 0.00160789489746093
-0.0436325073242187 -0.087615966796875 0.0396308898925781 0.0139846801757812
-0.0565338134765625 -0.0854568481445313 0.0336093902587891 0.0287761688232422
-0.0258636474609375 -0.0874176025390625 0.0167961120605469 0.0502662658691406
0.00801086425781249 -0.103897094726563 -0.0026702880859375 0.0455551147460937
0.0448837280273437 -0.102577209472656 -0.0260944366455078 0.0224990844726562
0.121322631835938 -0.0595169067382813 -0.0225868225097656 -0.00469207763671875
0.131996154785156 -0.020263671875 0.0100822448730469 -0.0276679992675781
0.14862060546875 0.017730712890625 0.0760726928710938 0.00879669189453125
0.098114013671875 0.03076171875 0.114234924316406 -0.0535125732421875
0.0992584228515625 0.0159835815429688 0.112785339355469 -0.0431365966796875
0.107315063476563 -0.0319366455078125 0.0832901000976563 -0.0310745239257813
0.0639266967773438 -0.0641326904296875 0.0607452392578125 -0.0237159729003906
0.03692626953125 -0.0757064819335938 0.0438804626464844 -0.000968933105468755
-0.00653839111328125 -0.07672119140625 0.037872314453125 0.0174369812011719
-0.03271484375 -0.0681571960449219 0.0543251037597656 0.0264129638671875
-0.0281829833984375 -0.0723495483398438 0.0585746765136719 0.0368385314941406
-0.0351715087890625 -0.0755844116210938 0.0497703552246094 0.0549583435058594
-0.00711822509765626 -0.0732345581054688 0.0198516845703125 0.0757369995117187
0.0235748291015625 -0.0811843872070313 -0.00627899169921875 0.06182861328125
0.0543441772460938 -0.072021484375 -0.0240688323974609 0.0300235748291016
0.110122680664063 -0.024261474609375 -0.0134363174438476 -0.000942230224609379
0.109207153320312 0.01324462890625 0.0360107421875 -0.0247573852539063
0.107627868652344 0.0402603149414063 0.115852355957031 0.0212249755859375
0.0367393493652344 0.0364990234375 0.135490417480469 -0.0496902465820313
0.0507621765136719 0.02581787109375 0.122085571289063 -0.0497894287109375
0.0602912902832031 -0.004180908203125 0.0752334594726562 -0.0288925170898437
0.0372505187988281 -0.0277214050292969 0.0570793151855469 -0.0131187438964844
0.0256462097167969 -0.0342521667480469 0.0419921875 0.0135307312011719
0.00473403930664063 -0.0422821044921875 0.0481643676757812 0.033447265625
-0.0104408264160156 -0.0425071716308594 0.0697593688964844 0.0416717529296875
-0.00865936279296875 -0.0469932556152344 0.0685958862304687 0.0533103942871094
-0.0129623413085937 -0.054107666015625 0.0565567016601562 0.076507568359375
0.00461196899414063 -0.0489692687988281 0.0158233642578125 0.0961837768554688
0.0268630981445313 -0.0506744384765625 -0.0153045654296875 0.0750274658203125
0.0477371215820313 -0.0394401550292969 -0.0262374877929688 0.0387420654296875
0.0804672241210938 0.0030364990234375 -0.00985908508300781 0.00860404968261719
0.0700645446777344 0.0357513427734375 0.0515861511230469 -0.0105819702148437
0.0516929626464844 0.05157470703125 0.136817932128906 0.04156494140625
0.0146713256835937 -0.0472564697265625 -0.14178466796875 -0.035888671875
-0.0213813781738281 -0.0265693664550781 -0.0590133666992188 0.00269317626953126
-0.0325851440429688 -0.00654029846191406 0.0164070129394531 -0.0179500579833984
-0.0238914489746094 0.0147895812988281 0.0366859436035156 -0.0519485473632812
-0.0152778625488281 0.0156440734863281 0.028533935546875 -0.0854644775390625
-0.00568199157714844 0.0185794830322266 -0.0146560668945313 -0.110076904296875
-0.00888824462890625 0.0165205001831055 -0.0694122314453125 -0.0898513793945312
-0.014491081237793 0.0140829086303711 -0.0750274658203125 -0.0617141723632812
-0.0168981552124023 0.0151138305664062 -0.07550048828125 -0.04290771484375
-0.0185146331787109 0.00169754028320313 -0.0614280700683594 -0.0375900268554687
-0.0200481414794922 -0.0060882568359375 -0.0499267578125 -0.0127677917480469
-0.0217075347900391 -0.0140609741210938 -0.0559616088867187 0.00704574584960938
-0.0136394500732422 -0.0312595367431641 -0.0736465454101563 0.02069091796875
-0.000782012939453126 -0.04315185546875 -0.111587524414063 0.0542984008789063
0.0209732055664063 -0.0502090454101563 -0.14068603515625 0.0459747314453125
0.0766372680664063 -0.0398941040039063 -0.127616882324219 -0.0519485473632812
0.0312309265136719 -0.0241527557373047 -0.0495834350585937 -0.010009765625
0.0204448699951172 -0.0226707458496094 0.0280838012695313 -0.0272064208984375
0.00976753234863281 -0.0125799179077148 0.0431556701660156 -0.0598182678222656
0.00592041015625 -0.0202217102050781 0.0350875854492188 -0.0890960693359375
-0.00848007202148438 -0.0192470550537109 -0.0111312866210938 -0.1126708984375
-0.0288715362548828 -0.0156059265136719 -0.0625152587890625 -0.0910568237304688
-0.0354080200195313 -0.0189208984375 -0.0645103454589844 -0.0609779357910156
-0.0455398559570313 -0.0143165588378906 -0.0667724609375 -0.0404243469238281
-0.037750244140625 -0.030487060546875 -0.0540809631347656 -0.0301780700683594
-0.0262718200683594 -0.0471000671386719 -0.0438041687011719 -0.00809478759765626
-0.0119514465332031 -0.0586700439453125 -0.0531806945800781 0.00651931762695313
0.0286674499511719 -0.063232421875 -0.0633392333984375 0.0164222717285156
0.047210693359375 -0.0624198913574219 -0.096771240234375 0.045867919921875
0.0827560424804688 -0.0550003051757813 -0.119110107421875 0.038543701171875
0.129547119140625 -0.0261001586914063 -0.0940933227539063 -0.0607681274414062
0.084747314453125 -0.0163497924804688 -0.0271492004394531 -0.0170783996582031
0.077972412109375 -0.038116455078125 0.0441665649414063 -0.0321502685546875
0.0462913513183594 -0.0439109802246094 0.0504951477050781 -0.0644340515136719
0.0276679992675781 -0.0592689514160156 0.0388336181640625 -0.08624267578125
-0.0106697082519531 -0.0581817626953125 -0.00762176513671875 -0.10174560546875
-0.0453376770019531 -0.0473060607910156 -0.0475845336914063 -0.079833984375
-0.0519828796386719 -0.0499725341796875 -0.0436935424804687 -0.0511131286621094
-0.0687103271484375 -0.0419158935546875 -0.0468826293945313 -0.0316200256347656
-0.0524177551269531 -0.0576896667480469 -0.0380630493164063 -0.0165519714355469
-0.0327835083007812 -0.0813369750976563 -0.0330314636230469 0.00185775756835938
-0.00627899169921876 -0.0951385498046875 -0.0479583740234375 0.00951004028320313
0.062652587890625 -0.0908889770507813 -0.0537452697753906 0.0111236572265625
0.086944580078125 -0.0765151977539063 -0.07537841796875 0.0291748046875
0.130889892578125 -0.0540618896484375 -0.0803909301757812 0.0267181396484375
0.162796020507812 -0.0106964111328125 -0.0437889099121094 -0.0641555786132813
0.126724243164063 -0.010101318359375 0.00722312927246095 -0.0221576690673828
0.124763488769531 -0.0556564331054688 0.06219482421875 -0.0348854064941406
0.0748748779296875 -0.0753250122070313 0.0576171875 -0.0617523193359375
0.0424346923828125 -0.0934524536132813 0.0415115356445313 -0.0734100341796875
-0.013702392578125 -0.0894393920898438 -0.00124359130859376 -0.0780792236328125
-0.0557098388671875 -0.0716629028320313 -0.0258636474609375 -0.0577125549316406
-0.060272216796875 -0.0736465454101563 -0.0165805816650391 -0.0340690612792969
-0.0794296264648438 -0.0637359619140625 -0.019683837890625 -0.0165309906005859
-0.0566864013671875 -0.0766067504882812 -0.0168561935424805 0.0019388198852539
-0.0318145751953125 -0.103652954101563 -0.0191173553466797 0.0141525268554687
0.00222015380859376 -0.117721557617188 -0.0405044555664063 0.0136070251464844
0.0889816284179687 -0.103912353515625 -0.0438919067382812 0.00494003295898438
0.116363525390625 -0.0770950317382812 -0.0505332946777344 0.00671005249023436
0.1612548828125 -0.0426788330078125 -0.0299434661865234 0.0141334533691406
0.169540405273438 0.0028533935546875 0.0138740539550781 -0.0630912780761719
0.145309448242188 -0.0047454833984375 0.0481185913085938 -0.0288276672363281
0.147140502929688 -0.0653076171875 0.076080322265625 -0.0353012084960938
0.086456298828125 -0.09429931640625 0.0618171691894531 -0.0524520874023438
0.0463485717773437 -0.112007141113281 0.0433845520019531 -0.0510978698730469
-0.0170516967773438 -0.104644775390625 0.00983428955078125 -0.0450477600097656
-0.0591888427734375 -0.0835037231445313 0.00217628479003906 -0.0288486480712891
-0.0598373413085938 -0.08563232421875 0.0131721496582031 -0.0124902725219727
-0.0771408081054688 -0.0775527954101563 0.00970268249511718 0.00362586975097656
-0.0487594604492187 -0.0863189697265625 0.0044097900390625 0.0243206024169922
-0.0189895629882813 -0.111846923828125 -0.00709915161132813 0.0290355682373047
0.0181503295898437 -0.120758056640625 -0.0322055816650391 0.0181961059570312
0.109107971191406 -0.0962905883789062 -0.0332107543945312 -0.00125694274902344
0.132240295410156 -0.0602035522460937 -0.0219440460205078 -0.0150699615478516
0.167861938476563 -0.0205841064453125 0.024526596069336 0.00511741638183594
0.14678955078125 0.0137939453125 0.0697746276855469 -0.0613975524902344
0.134864807128906 0.0013427734375 0.0849456787109375 -0.03814697265625
0.138587951660156 -0.0595016479492188 0.0827865600585938 -0.0357589721679688
0.079071044921875 -0.0916976928710938 0.0621490478515625 -0.0393905639648438
0.0405197143554688 -0.106170654296875 0.0442657470703125 -0.0250091552734375
-0.0180511474609375 -0.0995941162109375 0.0255603790283203 -0.0109310150146484
-0.0528945922851563 -0.080810546875 0.0312900543212891 -0.000318527221679692
-0.0501480102539062 -0.0844268798828125 0.0400238037109375 0.0109672546386719
-0.0629196166992188 -0.080810546875 0.0353965759277344 0.0266075134277344
-0.0308914184570313 -0.0853195190429688 0.0192489624023437 0.0492973327636719
0.00115203857421874 -0.103736877441406 -0.00110626220703125 0.0451545715332031
0.0375900268554688 -0.104972839355469 -0.0257606506347656 0.0236263275146484
0.117568969726563 -0.0685043334960938 -0.0226211547851562 -0.00435829162597656
0.130805969238281 -0.0287246704101563 0.00738143920898438 -0.0277385711669922
0.150741577148438 0.0073394775390625 0.0759201049804688 0.004913330078125
0.100753784179687 0.0239486694335937 0.111167907714844 -0.0605316162109375
0.100364685058594 0.010101318359375 0.109474182128906 -0.0486221313476563
0.10504150390625 -0.0393753051757813 0.0809097290039063 -0.0351943969726562
0.0594215393066406 -0.0679473876953125 0.0595016479492188 -0.0265998840332031
0.0311508178710938 -0.0782928466796875 0.0445671081542969 -0.00292205810546876
-0.01171875 -0.0759201049804687 0.0404815673828125 0.0160293579101562
-0.037017822265625 -0.0650215148925781 0.0566291809082031 0.0225448608398437
-0.0334091186523437 -0.0704345703125 0.0607223510742188 0.031951904296875
-0.0407028198242188 -0.0720367431640625 0.0532073974609375 0.051239013671875
-0.01177978515625 -0.0721817016601563 0.0246658325195312 0.0743179321289062
0.0178680419921875 -0.0819778442382813 -0.00341415405273437 0.0618133544921875
0.0492935180664063 -0.0756988525390625 -0.0237483978271484 0.0308303833007812
0.108718872070313 -0.032196044921875 -0.0136737823486328 -0.000952720642089844
0.11016845703125 0.0056610107421875 0.0337295532226563 -0.0268535614013672
0.111053466796875 0.0326766967773437 0.115921020507813 0.0147705078125
0.0399665832519531 0.0336685180664063 0.132644653320313 -0.0587387084960938
0.0526275634765625 0.0227890014648438 0.118522644042969 -0.0561676025390625
0.05975341796875 -0.008209228515625 0.0726089477539063 -0.0325241088867188
0.0349559783935547 -0.0299396514892578 0.0565376281738281 -0.0160789489746094
0.0229263305664062 -0.0357513427734375 0.0438003540039062 0.0117034912109375
0.00112533569335938 -0.0421218872070312 0.0513801574707031 0.0312156677246094
-0.0129013061523438 -0.0411834716796875 0.0727767944335938 0.0369491577148438
-0.0120048522949219 -0.0456085205078125 0.07196044921875 0.0478591918945312
-0.0170631408691406 -0.0523262023925781 0.061767578125 0.0726699829101563
0.0014495849609375 -0.048370361328125 0.022216796875 0.0953750610351563
0.0230674743652344 -0.0519828796386719 -0.0117340087890625 0.0757675170898438
0.0441932678222656 -0.0424842834472656 -0.0249443054199219 0.0398826599121094
0.0806121826171875 -0.00274658203125 -0.00986766815185546 0.00836372375488281
0.0718917846679688 0.0311737060546875 0.0498199462890625 -0.0137405395507813
0.0550613403320313 0.0479545593261719 0.138038635253906 0.0328826904296875
0.0122413635253906 -0.0466270446777344 -0.139984130859375 -0.0294876098632813
-0.0215415954589844 -0.0249118804931641 -0.0567703247070313 0.00508499145507812
-0.0325870513916016 -0.00464057922363281 0.0160512924194336 -0.0169973373413086
-0.0222320556640625 0.0160350799560547 0.0348739624023438 -0.0513801574707031
-0.0135717391967773 0.0168046951293945 0.0257110595703125 -0.084686279296875
-0.00424957275390625 0.0177326202392578 -0.01910400390625 -0.108345031738281
-0.00832271575927734 0.0160160064697266 -0.0722885131835938 -0.0847320556640625
-0.0137958526611328 0.0140228271484375 -0.0764694213867188 -0.0568466186523438
-0.0159673690795898 0.0153989791870117 -0.0771560668945313 -0.0379791259765625
-0.0179939270019531 0.00164985656738282 -0.0633316040039063 -0.03424072265625
-0.0193347930908203 -0.00543975830078125 -0.0504417419433594 -0.0110054016113281
-0.0218353271484375 -0.0124950408935547 -0.0553245544433594 0.00856018066406251
-0.0146446228027344 -0.0291213989257813 -0.0715103149414063 0.0222930908203125
-0.0030364990234375 -0.0421257019042969 -0.107498168945313 0.0576019287109375
0.0182876586914063 -0.0503158569335937 -0.137702941894531 0.052642822265625
0.073577880859375 -0.04156494140625 -0.126747131347656 -0.0449066162109375
0.030609130859375 -0.0246810913085938 -0.0480804443359375 -0.00640869140625001
0.0191249847412109 -0.0232334136962891 0.0262985229492187 -0.0266799926757813
0.00945281982421875 -0.0128564834594727 0.0407752990722656 -0.0595741271972656
0.00532150268554688 -0.0200119018554688 0.0315780639648437 -0.0887374877929688
-0.00880622863769531 -0.0189895629882813 -0.0152053833007812 -0.11053466796875
-0.0293464660644531 -0.0154895782470703 -0.0652999877929688 -0.0865020751953125
-0.0361061096191406 -0.0173988342285156 -0.0663642883300781 -0.0565757751464844
-0.0450019836425781 -0.0122261047363281 -0.0681915283203125 -0.0358467102050781
-0.0380439758300781 -0.0290794372558594 -0.0563507080078125 -0.02777099609375
-0.0272407531738281 -0.0453987121582031 -0.0448799133300781 -0.00662231445312501
-0.0140190124511719 -0.05694580078125 -0.0530128479003906 0.00844573974609374
0.0254783630371094 -0.0631065368652344 -0.0619621276855469 0.0177650451660156
0.0440254211425781 -0.0624732971191406 -0.0935516357421875 0.0493316650390625
0.0794601440429688 -0.0580978393554687 -0.116912841796875 0.04412841796875
0.12603759765625 -0.0311126708984375 -0.0941314697265625 -0.054595947265625
0.0834197998046875 -0.0195999145507813 -0.0260791778564453 -0.0139446258544922
0.0745849609375 -0.0419769287109375 0.0421409606933594 -0.0325927734375
0.0440750122070313 -0.0449142456054688 0.0485305786132813 -0.0641365051269531
0.0246429443359375 -0.0593490600585938 0.0356597900390625 -0.0857009887695313
-0.0125083923339844 -0.0570755004882813 -0.0110626220703125 -0.099578857421875
-0.0463104248046875 -0.0452423095703125 -0.0503005981445313 -0.0755386352539063
-0.0541152954101563 -0.0473670959472656 -0.0458946228027344 -0.0486335754394531
-0.0688858032226563 -0.0380783081054688 -0.0482635498046875 -0.0280914306640625
-0.0536880493164063 -0.0550117492675781 -0.0401496887207031 -0.0141448974609375
-0.0350494384765625 -0.0786056518554688 -0.0339412689208984 0.00272178649902343
-0.009979248046875 -0.0929031372070313 -0.0479927062988281 0.011444091796875
0.0581130981445312 -0.0918655395507813 -0.05267333984375 0.012054443359375
0.0820388793945313 -0.0784759521484375 -0.0733566284179688 0.0321807861328125
0.127487182617188 -0.0590896606445313 -0.0785598754882813 0.0311737060546875
0.160293579101563 -0.0182647705078125 -0.0455093383789063 -0.0601043701171875
0.124832153320312 -0.01483154296875 0.00757217407226563 -0.0196304321289063
0.120567321777344 -0.0605926513671875 0.0589332580566406 -0.0350799560546875
0.0704193115234375 -0.077301025390625 0.055145263671875 -0.0616416931152344
0.0368423461914063 -0.0941085815429687 0.0386428833007813 -0.0732803344726563
-0.0175704956054687 -0.0872573852539063 -0.00341796875000001 -0.0758819580078125
-0.0580101013183594 -0.0684852600097656 -0.0274467468261719 -0.0551033020019531
-0.0635719299316406 -0.0695686340332031 -0.0180702209472656 -0.0326309204101563
-0.0815582275390625 -0.0587158203125 -0.0203132629394531 -0.0147647857666016
-0.058929443359375 -0.0730667114257813 -0.0179290771484375 0.00328254699707031
-0.0349502563476563 -0.100936889648438 -0.0198898315429688 0.0142040252685547
-0.00307464599609375 -0.115287780761719 -0.0405654907226563 0.0151214599609375
0.083953857421875 -0.106857299804688 -0.0431785583496094 0.00546646118164062
0.111282348632812 -0.0802688598632812 -0.0494117736816406 0.00926589965820312
0.157562255859375 -0.0492401123046875 -0.0296974182128906 0.0169773101806641
0.167129516601563 -0.0050201416015625 0.01214599609375 -0.0613670349121094
0.143447875976563 -0.0104522705078125 0.0464363098144531 -0.0277595520019531
0.142044067382813 -0.0710906982421875 0.0726699829101563 -0.0363235473632813
0.0813217163085938 -0.0965652465820313 0.0592422485351563 -0.052978515625
0.0393753051757813 -0.112846374511719 0.0410232543945313 -0.0513343811035156
-0.0217666625976563 -0.102005004882813 0.00946044921875 -0.0435295104980469
-0.0618743896484375 -0.0794906616210938 0.00107955932617187 -0.0283966064453125
-0.0633316040039063 -0.0817718505859375 0.0117769241333008 -0.0126571655273438
-0.0793075561523438 -0.0720901489257813 0.00927257537841796 0.00306129455566406
-0.050933837890625 -0.0831680297851563 0.00440216064453124 0.0240364074707031
-0.023773193359375 -0.108909606933594 -0.0069427490234375 0.0283737182617187
0.0121841430664063 -0.119064331054687 -0.0322933197021484 0.018869400024414
0.103446960449219 -0.100082397460938 -0.0329189300537109 -0.000812530517578136
0.127365112304688 -0.0647430419921875 -0.0227184295654297 -0.0133953094482422
0.165435791015625 -0.0282440185546875 0.0239410400390625 0.00539779663085937
0.14569091796875 0.0065765380859375 0.066558837890625 -0.0622062683105469
0.133712768554687 -0.0037994384765625 0.0827178955078125 -0.0391845703125
0.13385009765625 -0.0651702880859375 0.0793533325195313 -0.037445068359375
0.0744781494140625 -0.09326171875 0.0604248046875 -0.0402603149414063
0.0344161987304687 -0.106513977050781 0.0431594848632813 -0.025970458984375
-0.0221099853515625 -0.0965499877929688 0.0261917114257813 -0.0108470916748047
-0.0557479858398437 -0.0769119262695313 0.0313472747802734 -0.00174522399902344
-0.0538177490234375 -0.0802001953125 0.0397109985351563 0.00857162475585937
-0.0658721923828125 -0.0761260986328125 0.0358161926269531 0.0248985290527344
-0.0339889526367188 -0.0826339721679688 0.0204200744628906 0.0480232238769531
-0.00368499755859375 -0.101669311523438 -0.000492095947265627 0.044647216796875
0.0321273803710937 -0.104362487792969 -0.0257129669189453 0.0244483947753906
0.113304138183594 -0.073211669921875 -0.0223121643066406 -0.00386619567871094
0.127098083496094 -0.0338668823242188 0.00558662414550782 -0.0272102355957031
0.149642944335937 -0.000335693359375 0.0738143920898438 0.00238037109375
0.100395202636719 0.0183258056640625 0.107826232910156 -0.0630874633789063
0.0995025634765625 0.00611114501953125 0.106437683105469 -0.0508956909179688
0.101860046386719 -0.0433120727539063 0.0780563354492188 -0.0371856689453125
0.0551681518554688 -0.0690841674804688 0.0581893920898437 -0.027374267578125
0.0267333984375 -0.0781402587890625 0.044891357421875 -0.00401306152343751
-0.0149459838867188 -0.0739898681640625 0.0420150756835938 0.0152359008789062
-0.0390548706054688 -0.0616493225097656 0.0577812194824219 0.019287109375
-0.0360984802246094 -0.0671844482421875 0.0607147216796875 0.0283546447753906
-0.043701171875 -0.0682373046875 0.0548095703125 0.0475883483886719
-0.0146102905273438 -0.0702896118164063 0.027557373046875 0.0724639892578125
0.0142745971679687 -0.0806350708007813 -0.00236892700195312 0.0610923767089844
0.0447845458984375 -0.0762786865234375 -0.0228118896484375 0.0310401916503906
0.105850219726563 -0.0367431640625 -0.0137767791748047 -0.00115966796875
0.108505249023438 0.001617431640625 0.0311317443847656 -0.027618408203125
0.111000061035156 0.0271148681640625 0.113372802734375 0.010040283203125
0.0405464172363281 0.0307502746582031 0.128929138183594 -0.0628433227539063
0.0527229309082031 0.0203895568847656 0.114730834960938 -0.0594940185546875
0.0581588745117187 -0.0108528137207031 0.0705108642578125 -0.03350830078125
0.0328311920166016 -0.0304336547851563 0.0553436279296875 -0.0172080993652344
0.020721435546875 -0.0364990234375 0.0443038940429688 0.00998306274414063
-0.00101470947265625 -0.0410881042480469 0.0529823303222656 0.0296554565429687
-0.0145530700683594 -0.0387039184570313 0.074310302734375 0.0325851440429688
-0.0140724182128906 -0.0438079833984375 0.072601318359375 0.0427398681640625
-0.0192146301269531 -0.0495719909667969 0.0642623901367188 0.0683517456054688
-0.0008544921875 -0.0475387573242188 0.0260009765625 0.093048095703125
0.0200119018554687 -0.0517349243164063 -0.0098114013671875 0.0753860473632813
0.0414352416992188 -0.0439643859863281 -0.0239181518554687 0.0397262573242188
0.0791397094726563 -0.0062408447265625 -0.00936126708984374 0.0081644058227539
0.0723648071289062 0.0274505615234375 0.0471076965332031 -0.0156326293945313
0.0561294555664063 0.0445709228515625 0.135932922363281 0.0269393920898438
0.0106582641601562 -0.0458564758300781 -0.138252258300781 -0.026641845703125
-0.0219001770019531 -0.0245933532714844 -0.0558815002441406 0.00632476806640624
-0.0316581726074219 -0.00411224365234376 0.0160293579101562 -0.0163145065307617
-0.0209217071533203 0.0165462493896484 0.0343971252441406 -0.0499000549316406
-0.01275634765625 0.0165529251098633 0.025177001953125 -0.0839462280273438
-0.00394058227539063 0.017242431640625 -0.0206680297851562 -0.107559204101563
-0.00827407836914062 0.0152750015258789 -0.0735549926757812 -0.0820541381835938
-0.0136709213256836 0.0137643814086914 -0.0775833129882813 -0.0545196533203125
-0.0152378082275391 0.0153207778930664 -0.0775604248046875 -0.0347366333007812
-0.0178337097167969 0.00131416320800781 -0.0648918151855469 -0.0330924987792969
-0.0190181732177734 -0.00501060485839843 -0.0514144897460937 -0.0106620788574219
-0.0215206146240234 -0.0112953186035156 -0.0555152893066406 0.00916290283203124
-0.0150947570800781 -0.0283184051513672 -0.0706024169921875 0.0222320556640625
-0.00358200073242187 -0.0412330627441406 -0.105438232421875 0.0591049194335938
0.0168876647949219 -0.0499801635742188 -0.136314392089844 0.0554580688476562
0.0720596313476563 -0.0428314208984375 -0.125633239746094 -0.041656494140625
0.030120849609375 -0.0245647430419922 -0.046722412109375 -0.00431823730468749
0.0190048217773438 -0.02362060546875 0.0258655548095703 -0.0257854461669922
0.00953960418701172 -0.0126371383666992 0.0405235290527344 -0.0583229064941406
0.00508308410644531 -0.0198154449462891 0.0311660766601563 -0.0875167846679688
-0.00873947143554688 -0.0193233489990234 -0.0166244506835938 -0.108795166015625
-0.0292282104492188 -0.0146999359130859 -0.0663986206054687 -0.0841140747070313
-0.0367851257324219 -0.0170745849609375 -0.0668525695800781 -0.0539703369140625
-0.0446815490722656 -0.0116729736328125 -0.0692787170410156 -0.0331230163574219
-0.037628173828125 -0.0287857055664063 -0.0575218200683594 -0.0260124206542969
-0.027252197265625 -0.0450172424316406 -0.0456275939941406 -0.00660324096679688
-0.0148048400878906 -0.05517578125 -0.0531005859375 0.00860977172851561
0.0241165161132813 -0.062652587890625 -0.0616302490234375 0.0174674987792969
0.0426063537597656 -0.0624275207519531 -0.0915145874023438 0.0503616333007813
0.0776138305664063 -0.0593490600585938 -0.116004943847656 0.0477294921875
0.124107360839844 -0.0327224731445313 -0.0933456420898438 -0.052032470703125
0.082855224609375 -0.0206375122070313 -0.0252742767333984 -0.0116920471191406
0.0737380981445313 -0.0434951782226562 0.0407447814941406 -0.0317192077636719
0.0430564880371094 -0.0452194213867188 0.0481185913085938 -0.0629119873046875
0.0229530334472656 -0.0596275329589844 0.0349273681640625 -0.0851287841796875
-0.0134811401367188 -0.0565299987792969 -0.0114364624023437 -0.0979156494140625
-0.0473518371582031 -0.0440597534179687 -0.0514755249023438 -0.0738143920898438
-0.0548171997070313 -0.04608154296875 -0.0467491149902344 -0.0461158752441406
-0.0685081481933594 -0.0360527038574219 -0.0490150451660156 -0.0259323120117187
-0.0536651611328125 -0.0533256530761719 -0.0414352416992188 -0.0133209228515625
-0.0359573364257812 -0.0777206420898438 -0.0347747802734375 0.00262260437011718
-0.01171875 -0.0911636352539063 -0.0485076904296875 0.0115623474121094
0.0556869506835937 -0.092193603515625 -0.0521087646484375 0.0115585327148437
0.0800399780273438 -0.0785751342773438 -0.0721435546875 0.0339279174804687
0.12548828125 -0.061767578125 -0.0780868530273437 0.034332275390625
0.15838623046875 -0.0209503173828125 -0.0449142456054687 -0.057159423828125
0.124664306640625 -0.0163726806640625 0.0078725814819336 -0.0175418853759766
0.117843627929687 -0.0629501342773438 0.0569953918457031 -0.0343818664550781
0.06878662109375 -0.0777587890625 0.0546188354492188 -0.0604171752929688
0.0347900390625 -0.0943756103515625 0.0382614135742188 -0.0723419189453125
-0.018798828125 -0.0861663818359375 -0.00324249267578125 -0.07427978515625
-0.0586624145507813 -0.0668563842773438 -0.0278587341308594 -0.0535087585449219
-0.0651168823242188 -0.0681114196777344 -0.0193824768066406 -0.0315837860107422
-0.0817031860351563 -0.0559921264648438 -0.0213146209716797 -0.0135211944580078
-0.059417724609375 -0.071502685546875 -0.01885986328125 0.00339698791503906
-0.0372085571289062 -0.0988006591796875 -0.0213985443115234 0.0145015716552734
-0.00572204589843749 -0.113311767578125 -0.0410423278808594 0.0153312683105469
0.080657958984375 -0.108047485351563 -0.0430450439453125 0.00471115112304686
0.109001159667969 -0.081451416015625 -0.04937744140625 0.010284423828125
0.155838012695313 -0.0533447265625 -0.0295639038085937 0.0190658569335937
0.165740966796875 -0.0093231201171875 0.0118446350097656 -0.0598258972167969
0.142547607421875 -0.0126495361328125 0.0470046997070313 -0.0263900756835938
0.138916015625 -0.0739669799804687 0.0706787109375 -0.036163330078125
0.0780410766601562 -0.0966644287109375 0.0591049194335938 -0.0521278381347656
0.0363922119140625 -0.112480163574219 0.0411758422851563 -0.0512809753417969
-0.023223876953125 -0.100509643554688 0.0102958679199219 -0.0424079895019531
-0.0626296997070313 -0.0772781372070313 0.000915527343749999 -0.02789306640625
-0.065826416015625 -0.0796127319335938 0.0109806060791016 -0.01275634765625
-0.0806503295898438 -0.0691757202148437 0.00873708724975586 0.00342035293579101
-0.0524063110351562 -0.0814895629882813 0.00434684753417968 0.0240364074707031
-0.0255355834960937 -0.107444763183594 -0.00806427001953125 0.0276966094970703
0.00930023193359374 -0.118438720703125 -0.0328540802001953 0.0187206268310547
0.101455688476563 -0.102165222167969 -0.0329017639160156 -0.00150680541992188
0.125282287597656 -0.066558837890625 -0.0233325958251953 -0.0125198364257813
0.164718627929688 -0.03228759765625 0.0230026245117188 0.00625419616699219
0.144195556640625 0.0033416748046875 0.066131591796875 -0.0616989135742188
0.132575988769531 -0.0063629150390625 0.081329345703125 -0.037872314453125
0.130744934082031 -0.0673904418945313 0.0781326293945313 -0.0367355346679688
0.071441650390625 -0.0936203002929688 0.06024169921875 -0.03973388671875
0.03192138671875 -0.106925964355469 0.0437469482421875 -0.0262870788574219
-0.0234832763671875 -0.0953369140625 0.0272541046142578 -0.00998687744140625
-0.0564804077148437 -0.0747909545898438 0.0317192077636719 -0.00197601318359376
-0.0559158325195313 -0.0785980224609375 0.0391845703125 0.00742340087890625
-0.0669708251953125 -0.073089599609375 0.0354690551757812 0.0235939025878906
-0.03564453125 -0.0814743041992188 0.0208168029785156 0.0472908020019531
-0.00529479980468749 -0.100502014160156 -0.00137710571289062 0.0435028076171875
0.0292129516601562 -0.104156494140625 -0.0264225006103516 0.0237560272216797
0.111251831054687 -0.0758743286132812 -0.0224227905273437 -0.00457000732421875
0.125953674316406 -0.0354537963867188 0.00458526611328126 -0.0271244049072266
0.14874267578125 -0.003875732421875 0.0725021362304688 0.0021514892578125
0.099945068359375 0.0159149169921875 0.106422424316406 -0.0643463134765625
0.0993270874023438 0.00472259521484375 0.105087280273437 -0.0504150390625
0.100257873535156 -0.0452346801757813 0.0763397216796875 -0.0362167358398437
0.053314208984375 -0.0693473815917969 0.0575981140136719 -0.0272560119628906
0.024749755859375 -0.0785140991210937 0.0446319580078125 -0.00431060791015626
-0.0167083740234375 -0.0724868774414063 0.0433235168457031 0.0147933959960937
-0.0400886535644531 -0.0596427917480469 0.0585479736328125 0.0179061889648438
-0.0378150939941406 -0.0656356811523438 0.0601654052734375 0.0261344909667969
-0.0451736450195312 -0.0660591125488281 0.0550193786621094 0.0459175109863281
-0.0156021118164063 -0.0687446594238281 0.0282211303710938 0.0711746215820313
0.0124053955078125 -0.0799942016601562 -0.00200653076171874 0.0606307983398437
0.0420150756835938 -0.076080322265625 -0.0238323211669922 0.0302810668945313
0.104713439941406 -0.0395431518554688 -0.0137224197387695 -0.00167560577392578
0.107719421386719 -0.0002899169921875 0.0294952392578125 -0.0277633666992187
0.111183166503906 0.0235519409179687 0.111701965332031 0.0084075927734375
0.0408477783203125 0.029022216796875 0.12750244140625 -0.0645675659179688
0.0522079467773438 0.0192947387695313 0.112525939941406 -0.0594940185546875
0.05804443359375 -0.0124664306640625 0.0691032409667969 -0.0336151123046875
0.0317859649658203 -0.0308074951171875 0.0546226501464844 -0.01708984375
0.0194206237792969 -0.03643798828125 0.0449905395507812 0.00944900512695312
-0.00238418579101563 -0.0400924682617188 0.05487060546875 0.0288658142089844
-0.0151481628417969 -0.0375556945800781 0.0748214721679688 0.030242919921875
-0.0153999328613281 -0.0427131652832031 0.0724868774414063 0.0406265258789063
-0.0208854675292969 -0.048065185546875 0.0644493103027344 0.0655288696289063
-0.00152587890625 -0.0461578369140625 0.02740478515625 0.09173583984375
0.0186691284179688 -0.0509490966796875 -0.00948333740234376 0.07476806640625
0.0393218994140625 -0.0435409545898438 -0.02423095703125 0.0389060974121094
0.0786361694335938 -0.00824737548828125 -0.00990295410156249 0.00696945190429688
0.0720672607421875 0.0257568359375 0.0455398559570313 -0.0169868469238281
0.0567970275878906 0.04254150390625 0.134223937988281 0.0245590209960938
0.0103111267089844 -0.0459747314453125 -0.139213562011719 -0.0255889892578125
-0.0222301483154297 -0.0247650146484375 -0.05560302734375 0.007354736328125
-0.0323390960693359 -0.00403022766113282 0.0162849426269531 -0.0152797698974609
-0.0205898284912109 0.0170669555664063 0.03582763671875 -0.04949951171875
-0.0122165679931641 0.016871452331543 0.026580810546875 -0.0842208862304687
-0.00392341613769531 0.0166702270507813 -0.0210037231445313 -0.109413146972656
-0.00866603851318359 0.0149831771850586 -0.0754165649414062 -0.08172607421875
-0.0134906768798828 0.0140457153320312 -0.0789108276367187 -0.0532150268554688
-0.0152206420898437 0.0147762298583984 -0.0799560546875 -0.0342025756835938
-0.0177898406982422 0.00144195556640625 -0.0675582885742188 -0.03253173828125
-0.0185089111328125 -0.00559234619140625 -0.0530738830566406 -0.0112342834472656
-0.0217018127441406 -0.0117721557617188 -0.0567970275878906 0.00909042358398437
-0.0152549743652344 -0.0279006958007813 -0.072113037109375 0.022308349609375
-0.00387954711914063 -0.0413703918457031 -0.106452941894531 0.060577392578125
0.0165138244628906 -0.0510177612304688 -0.138435363769531 0.05828857421875
0.0725326538085937 -0.0430145263671875 -0.126068115234375 -0.04095458984375
0.0306529998779297 -0.0256080627441406 -0.0468635559082031 -0.00317382812500001
0.0188751220703125 -0.0246486663818359 0.0261096954345703 -0.0251693725585937
0.00986766815185547 -0.0126094818115234 0.0414085388183594 -0.0580635070800781
0.0051422119140625 -0.0203762054443359 0.0322647094726562 -0.0885848999023437
-0.00924301147460937 -0.0201797485351563 -0.017120361328125 -0.110443115234375
-0.0301189422607422 -0.0151805877685547 -0.0679702758789062 -0.0833816528320313
-0.0380325317382813 -0.0169219970703125 -0.0692176818847656 -0.0534439086914063
-0.0453948974609375 -0.0112838745117188 -0.07122802734375 -0.0321807861328125
-0.0382041931152344 -0.0290641784667969 -0.060272216796875 -0.0262374877929688
-0.0275611877441406 -0.0454864501953125 -0.0472908020019531 -0.00699234008789064
-0.0151405334472656 -0.0555000305175781 -0.0546798706054688 0.008819580078125
0.0240707397460938 -0.0638504028320313 -0.0625953674316406 0.0170249938964844
0.04248046875 -0.06298828125 -0.0923385620117188 0.052337646484375
0.077850341796875 -0.060546875 -0.11798095703125 0.050140380859375
0.1256103515625 -0.034271240234375 -0.0936813354492187 -0.0507888793945313
0.0845108032226563 -0.0213851928710938 -0.0248012542724609 -0.0100803375244141
0.0738983154296875 -0.045318603515625 0.0411376953125 -0.0303268432617188
0.0437965393066406 -0.0464859008789063 0.0493278503417969 -0.0626907348632813
0.0224609375 -0.0609054565429688 0.0367050170898437 -0.0859527587890625
-0.0139198303222656 -0.0572166442871094 -0.01104736328125 -0.09906005859375
-0.0480613708496094 -0.04461669921875 -0.052520751953125 -0.0730514526367188
-0.057037353515625 -0.0460243225097656 -0.0481185913085938 -0.0456733703613281
-0.0702476501464844 -0.035736083984375 -0.0506858825683594 -0.024932861328125
-0.0545539855957031 -0.0542564392089844 -0.0435256958007813 -0.0131607055664063
-0.0367202758789063 -0.078277587890625 -0.0369110107421875 0.00222778320312499
-0.01251220703125 -0.0920333862304688 -0.0505561828613281 0.011474609375
0.0558242797851563 -0.0947494506835938 -0.0532798767089844 0.0105972290039062
0.080657958984375 -0.0798721313476563 -0.0727157592773438 0.0351333618164062
0.126838684082031 -0.0640487670898438 -0.0798568725585938 0.0362396240234375
0.160369873046875 -0.022491455078125 -0.044952392578125 -0.0561866760253906
0.126663208007813 -0.01812744140625 0.00894355773925782 -0.0158843994140625
0.119071960449219 -0.0658187866210938 0.05743408203125 -0.0329208374023438
0.0689468383789063 -0.0793304443359375 0.0558357238769531 -0.0602874755859375
0.0335693359375 -0.0958786010742188 0.0395050048828125 -0.0731201171875
-0.01947021484375 -0.0873489379882813 -0.00233459472656251 -0.075164794921875
-0.0604705810546875 -0.0673255920410156 -0.0288543701171875 -0.0531272888183594
-0.06768798828125 -0.0680732727050781 -0.0198459625244141 -0.0316390991210938
-0.083526611328125 -0.0553741455078125 -0.0224552154541016 -0.0132789611816406
-0.0604782104492188 -0.0719375610351563 -0.0202388763427734 0.00342178344726562
-0.0374832153320313 -0.0992889404296875 -0.0229701995849609 0.0139369964599609
-0.00653076171875 -0.114814758300781 -0.04327392578125 0.0152511596679687
0.0811538696289063 -0.111083984375 -0.0444488525390625 0.00394821166992187
0.109245300292969 -0.0830230712890625 -0.050323486328125 0.0111770629882813
0.157806396484375 -0.05609130859375 -0.0305728912353516 0.0206241607666016
0.167648315429688 -0.0099945068359375 0.0126380920410156 -0.0596160888671875
0.145706176757812 -0.013885498046875 0.0478019714355469 -0.02471923828125
0.140045166015625 -0.0765533447265625 0.0706939697265625 -0.03485107421875
0.0789260864257813 -0.098724365234375 0.0600852966308594 -0.0516128540039063
0.035400390625 -0.114891052246094 0.0425224304199219 -0.0513572692871094
-0.02423095703125 -0.10150146484375 0.0112495422363281 -0.0428352355957031
-0.0642318725585938 -0.0774917602539063 0.00170135498046874 -0.0279178619384766
-0.0680999755859375 -0.0798110961914063 0.0108509063720703 -0.0129718780517578
-0.0826873779296875 -0.0686798095703125 0.00834894180297851 0.00338554382324218
-0.0533065795898438 -0.0821533203125 0.0032501220703125 0.02447509765625
-0.0267791748046875 -0.108314514160156 -0.00974273681640625 0.0281105041503906
0.0084686279296875 -0.119430541992187 -0.0353965759277344 0.0189666748046875
0.101821899414063 -0.105224609375 -0.0338516235351562 -0.00289916992187501
0.12591552734375 -0.0678253173828125 -0.0236701965332031 -0.0120906829833984
0.166961669921875 -0.0347747802734375 0.0226345062255859 0.00710296630859375
0.1463623046875 0.0020599365234375 0.0680007934570313 -0.0626144409179688
0.134933471679688 -0.0066375732421875 0.0833053588867188 -0.0372314453125
0.132225036621094 -0.069793701171875 0.0778656005859375 -0.0361862182617188
0.0718841552734375 -0.095367431640625 0.0612564086914063 -0.0393562316894531
0.0307388305664062 -0.108291625976563 0.0454330444335938 -0.0258636474609375
-0.0249481201171875 -0.0958099365234375 0.0293998718261719 -0.0101528167724609
-0.0575485229492188 -0.0745925903320313 0.0327224731445312 -0.00245094299316407
-0.0586090087890625 -0.0787353515625 0.0391921997070313 0.0070343017578125
-0.0691452026367188 -0.0723342895507812 0.0356101989746094 0.0237464904785156
-0.03631591796875 -0.0821075439453125 0.0210151672363281 0.0475425720214844
-0.00687408447265626 -0.101577758789063 -0.00221633911132813 0.0445938110351563
0.0279083251953125 -0.105583190917969 -0.0282821655273438 0.0237865447998047
0.111717224121094 -0.0790939331054688 -0.0237350463867187 -0.00630569458007813
0.126953125 -0.0367507934570313 0.00363731384277344 -0.0273609161376953
0.1513671875 -0.005828857421875 0.0725631713867188 0.0024261474609375
0.101242065429688 0.01513671875 0.108924865722656 -0.0654449462890625
0.100921630859375 0.0043792724609375 0.106918334960938 -0.0503082275390625
0.101493835449219 -0.0469207763671875 0.0771636962890625 -0.035797119140625
0.0535125732421875 -0.0704269409179688 0.0588760375976562 -0.0271492004394531
0.0235519409179688 -0.0797348022460938 0.0462226867675781 -0.00413894653320313
-0.0175704956054688 -0.0731048583984375 0.0458641052246094 0.0155181884765625
-0.0408897399902344 -0.0593757629394531 0.060089111328125 0.0174102783203125
-0.0404434204101563 -0.065673828125 0.0610847473144531 0.0256576538085937
-0.0470504760742188 -0.0656280517578125 0.0554656982421875 0.0452041625976562
-0.0164680480957031 -0.0698394775390625 0.0291900634765625 0.0719757080078125
0.0118484497070313 -0.0804367065429688 -0.00333023071289062 0.0613899230957031
0.0416336059570313 -0.0771255493164063 -0.0254535675048828 0.0307216644287109
0.105545043945312 -0.042327880859375 -0.0143270492553711 -0.00281715393066407
0.109428405761719 -0.00142669677734375 0.0285434722900391 -0.0286693572998047
0.113174438476562 0.0226058959960937 0.112083435058594 0.00905609130859375
0.0416908264160156 0.0291099548339844 0.129768371582031 -0.0666580200195313
0.0532379150390625 0.0197105407714844 0.114662170410156 -0.0600051879882812
0.0587196350097656 -0.0129318237304688 0.0700607299804687 -0.0326499938964844
0.0313282012939453 -0.0310020446777344 0.0556182861328125 -0.0166549682617188
0.0189208984375 -0.0372314453125 0.0463905334472656 0.01019287109375
-0.00266647338867188 -0.0403327941894531 0.0570030212402344 0.0293121337890625
-0.01580810546875 -0.0371818542480469 0.0770111083984375 0.0295791625976563
-0.0164680480957031 -0.0431671142578125 0.0738067626953125 0.0396041870117188
-0.0214920043945312 -0.0475425720214844 0.0657234191894531 0.0649681091308594
-0.00212478637695313 -0.046539306640625 0.0286788940429687 0.0926132202148438
0.0185127258300781 -0.0512847900390625 -0.00994110107421874 0.0760345458984375
0.0397453308105469 -0.0447883605957031 -0.0259170532226563 0.0390892028808594
0.0788040161132813 -0.0102691650390625 -0.0103302001953125 0.00626945495605469
0.073150634765625 0.0258712768554688 0.0448875427246094 -0.0179214477539063
0.0581741333007813 0.0420989990234375 0.134819030761719 0.0242080688476563
0.0096588134765625 -0.0471763610839844 -0.144943237304687 -0.0245513916015625
-0.0233325958251953 -0.0258159637451172 -0.0577316284179688 0.00929260253906249
-0.033416748046875 -0.00452804565429688 0.0167598724365234 -0.0148839950561523
-0.0206203460693359 0.0184268951416016 0.0374603271484375 -0.0512619018554687
-0.0119247436523437 0.0179328918457031 0.0275115966796875 -0.0879745483398438
-0.00373458862304687 0.0162744522094727 -0.0236053466796875 -0.113853454589844
-0.00922203063964843 0.0151586532592773 -0.0797653198242188 -0.0828399658203125
-0.0144309997558594 0.0144844055175781 -0.0839691162109375 -0.0529861450195313
-0.0151443481445313 0.0151405334472656 -0.0842132568359375 -0.0327682495117187
-0.0187301635742188 0.00139617919921875 -0.0724411010742188 -0.0330581665039063
-0.0193157196044922 -0.00530815124511718 -0.0563697814941406 -0.011474609375
-0.0222263336181641 -0.0111503601074219 -0.0594596862792969 0.00965118408203126
-0.0162010192871094 -0.0287990570068359 -0.074493408203125 0.0231781005859375
-0.00461959838867188 -0.0429573059082031 -0.109939575195312 0.0641937255859375
0.0158157348632813 -0.0528602600097656 -0.144363403320313 0.0639801025390625
0.074554443359375 -0.045562744140625 -0.131401062011719 -0.0394821166992187
0.0318698883056641 -0.0271797180175781 -0.0484619140625 -0.0016632080078125
0.0189208984375 -0.0264339447021484 0.0273513793945313 -0.0250453948974609
0.0105514526367188 -0.0136070251464844 0.0432548522949219 -0.0597305297851563
0.00519371032714844 -0.0212688446044922 0.0336074829101563 -0.0926895141601563
-0.00967025756835938 -0.0214595794677734 -0.0193557739257812 -0.114654541015625
-0.0318508148193359 -0.0155258178710938 -0.0721588134765625 -0.0844497680664062
-0.0401763916015625 -0.01678466796875 -0.07257080078125 -0.0529861450195313
-0.0470314025878906 -0.0114250183105469 -0.0753707885742187 -0.0311660766601562
-0.0401573181152344 -0.030059814453125 -0.0649528503417969 -0.0258865356445313
-0.0290451049804687 -0.0472946166992188 -0.0505218505859375 -0.00742721557617187
-0.0164260864257813 -0.0563430786132812 -0.0578079223632813 0.00952529907226562
0.0242271423339844 -0.0667266845703125 -0.0650215148925781 0.0175971984863281
0.0431594848632813 -0.0657615661621094 -0.0952987670898438 0.055633544921875
0.0797576904296875 -0.0650787353515625 -0.122474670410156 0.0556259155273437
0.130622863769531 -0.0373764038085938 -0.0975799560546875 -0.0499038696289063
0.087677001953125 -0.0236968994140625 -0.0252876281738281 -0.00848960876464844
0.0752487182617188 -0.0494003295898438 0.04205322265625 -0.0307388305664063
0.0447006225585938 -0.0488548278808594 0.051116943359375 -0.0642738342285156
0.0223922729492188 -0.0632476806640625 0.0379409790039062 -0.0899658203125
-0.0150489807128906 -0.0596961975097656 -0.0125045776367188 -0.102783203125
-0.0507965087890625 -0.0450477600097656 -0.0557022094726563 -0.073883056640625
-0.0612258911132813 -0.046142578125 -0.0515975952148438 -0.0457954406738281
-0.0732650756835938 -0.0356521606445312 -0.0540885925292969 -0.0240669250488281
-0.0575904846191406 -0.0554313659667969 -0.0468902587890625 -0.0124435424804688
-0.0393295288085937 -0.0809249877929688 -0.0398483276367188 0.00214767456054686
-0.0149307250976562 -0.0944976806640625 -0.0535011291503906 0.0122108459472656
0.0559310913085938 -0.0997467041015625 -0.0558738708496094 0.0105972290039062
0.0823745727539063 -0.0836334228515625 -0.07525634765625 0.0374984741210937
0.131248474121094 -0.0695419311523438 -0.082855224609375 0.040802001953125
0.166427612304688 -0.0262451171875 -0.0463638305664062 -0.0566368103027344
0.132339477539063 -0.0210494995117188 0.00973796844482423 -0.0151576995849609
0.121711730957031 -0.071380615234375 0.0587997436523438 -0.0329055786132813
0.0697555541992188 -0.0835189819335938 0.0578536987304687 -0.0619010925292969
0.0320816040039063 -0.100288391113281 0.0415191650390625 -0.0764236450195313
-0.0222625732421875 -0.0897750854492187 -0.00251007080078125 -0.0780029296875
-0.0640373229980469 -0.0679931640625 -0.0303688049316406 -0.0542488098144531
-0.073272705078125 -0.0689926147460937 -0.0221843719482422 -0.0318851470947266
-0.08819580078125 -0.0554962158203125 -0.0244808197021484 -0.012664794921875
-0.0641403198242188 -0.0739822387695313 -0.022308349609375 0.00463485717773437
-0.04119873046875 -0.102859497070313 -0.0251731872558594 0.0143089294433594
-0.00951385498046876 -0.118438720703125 -0.046234130859375 0.0161476135253906
0.0819320678710938 -0.117973327636719 -0.0463485717773438 0.00299835205078125
0.111793518066406 -0.0879898071289063 -0.0519752502441406 0.0129051208496094
0.163497924804688 -0.0621795654296875 -0.0322628021240234 0.0232830047607422
0.174224853515625 -0.014007568359375 0.0131683349609375 -0.0614547729492188
0.15167236328125 -0.0171051025390625 0.0502204895019531 -0.0246849060058594
0.143814086914062 -0.0832977294921875 0.0731582641601563 -0.0352630615234375
0.0800094604492188 -0.10382080078125 0.0617294311523438 -0.0534439086914063
0.0340652465820313 -0.119743347167969 0.0447273254394531 -0.0538520812988281
-0.0270538330078125 -0.105072021484375 0.0129165649414063 -0.0445976257324219
-0.0683135986328125 -0.0792999267578125 0.001312255859375 -0.0286579132080078
-0.0740280151367188 -0.0806961059570313 0.00997352600097656 -0.0133161544799805
-0.0874557495117188 -0.0691146850585938 0.00796222686767577 0.00370693206787109
-0.0570526123046875 -0.0842666625976563 0.00300598144531249 0.0252532958984375
-0.030181884765625 -0.111747741699219 -0.0115165710449219 0.0289688110351562
0.00572967529296876 -0.123573303222656 -0.0377769470214844 0.0202598571777344
0.103096008300781 -0.112251281738281 -0.0358734130859375 -0.00399780273437501
0.130126953125 -0.0724716186523438 -0.0252704620361328 -0.0121612548828125
0.17303466796875 -0.0407257080078125 0.0228900909423828 0.00786781311035156
0.15228271484375 -0.0004119873046875 0.0703277587890625 -0.0655288696289063
0.14056396484375 -0.00959014892578125 0.0869064331054688 -0.0386886596679688
0.136375427246094 -0.0754623413085938 0.0805587768554688 -0.036224365234375
0.0727615356445313 -0.0998764038085938 0.0631942749023437 -0.0411453247070313
0.02899169921875 -0.113105773925781 0.0470695495605469 -0.0276603698730469
-0.0271453857421875 -0.0991973876953125 0.0321865081787109 -0.0107021331787109
-0.0616989135742188 -0.0761260986328125 0.0346794128417969 -0.00358390808105469
-0.0631179809570312 -0.0801544189453125 0.0402946472167969 0.00580596923828124
-0.0737228393554688 -0.0735321044921875 0.0366744995117187 0.0236740112304687
-0.039306640625 -0.0843734741210938 0.0223541259765625 0.0490913391113281
-0.00933837890625001 -0.104896545410156 -0.00355148315429687 0.045654296875
0.026885986328125 -0.109619140625 -0.0309925079345703 0.0247592926025391
0.114631652832031 -0.0853652954101563 -0.0255317687988281 -0.00782012939453125
0.132057189941406 -0.0408096313476563 0.00276756286621095 -0.0283012390136719
0.157440185546875 -0.0103759765625 0.0747604370117188 0.00203704833984375
0.10528564453125 0.0134506225585938 0.112747192382813 -0.06988525390625
0.105361938476562 0.0027618408203125 0.1107177734375 -0.0531997680664063
0.104682922363281 -0.0507278442382813 0.0792083740234375 -0.0364990234375
0.05426025390625 -0.0734405517578125 0.061004638671875 -0.0278205871582031
0.0227127075195313 -0.0834579467773438 0.0486984252929688 -0.0046234130859375
-0.0196609497070312 -0.0754547119140625 0.0496902465820313 0.0151748657226562
-0.0437583923339844 -0.06085205078125 0.0629463195800781 0.0159721374511719
-0.0436134338378906 -0.0669898986816406 0.0633468627929688 0.0242881774902344
-0.0505332946777344 -0.06671142578125 0.0575027465820313 0.0458526611328125
-0.0181732177734375 -0.072265625 0.0313949584960938 0.0739517211914062
0.0104446411132812 -0.083709716796875 -0.00430679321289062 0.0636825561523437
0.0418777465820312 -0.0803070068359375 -0.0273761749267578 0.0311965942382812
0.108863830566406 -0.0468063354492188 -0.015955924987793 -0.00417518615722657
0.113449096679688 -0.00334930419921875 0.0284500122070313 -0.0303020477294922
0.118423461914063 0.0205612182617188 0.116058349609375 0.00736236572265625
0.04296875 0.0295600891113281 0.134483337402344 -0.0716934204101563
0.0560531616210938 0.0194511413574219 0.118156433105469 -0.0640029907226563
0.0612564086914063 -0.0146751403808594 0.0722579956054688 -0.03350830078125
0.0323200225830078 -0.0324134826660156 0.0583686828613281 -0.0174407958984375
0.0185775756835938 -0.0398063659667969 0.0490837097167969 0.0102157592773437
-0.0039825439453125 -0.0418319702148438 0.0613555908203125 0.0295867919921875
-0.0170936584472656 -0.037628173828125 0.0811538696289063 0.0283279418945312
-0.0180091857910156 -0.0436363220214844 0.0767898559570313 0.0392379760742188
-0.0240020751953125 -0.0482292175292969 0.06890869140625 0.0656166076660156
-0.00260543823242188 -0.0481948852539063 0.03106689453125 0.09521484375
0.0184097290039062 -0.0534858703613281 -0.0105667114257812 0.0792083740234375
0.0396652221679688 -0.0462570190429688 -0.0278396606445312 0.0402336120605469
0.0819473266601563 -0.012481689453125 -0.0115642547607422 0.00541591644287109
0.0763168334960938 0.0256195068359375 0.0456504821777344 -0.01983642578125
0.0612754821777344 0.0423507690429687 0.139419555664063 0.0230865478515625
0.00858688354492188 -0.0491447448730469 -0.151626586914063 -0.0191650390625
-0.0255641937255859 -0.0261497497558594 -0.0591011047363281 0.0126838684082031
-0.035797119140625 -0.00355148315429688 0.0180912017822266 -0.0151996612548828
-0.019744873046875 0.0195484161376953 0.0381507873535156 -0.0537452697753906
-0.010772705078125 0.0192680358886719 0.0261688232421875 -0.0936813354492188
-0.00341796875 0.0165691375732422 -0.029449462890625 -0.11810302734375
-0.00903987884521485 0.0160026550292969 -0.0868682861328125 -0.0821304321289062
-0.014195442199707 0.0159082412719727 -0.0897979736328125 -0.0508880615234375
-0.015167236328125 0.0162954330444336 -0.0899887084960938 -0.0297164916992188
-0.0197029113769531 0.00147438049316407 -0.0788040161132813 -0.0310592651367187
-0.0202827453613281 -0.0055694580078125 -0.0605430603027344 -0.0103378295898438
-0.0236549377441406 -0.0106658935546875 -0.0622978210449219 0.0121574401855469
-0.0184288024902344 -0.0290603637695313 -0.0770721435546875 0.0268783569335938
-0.0066986083984375 -0.0446319580078125 -0.112106323242188 0.0717086791992187
0.0138320922851562 -0.0558280944824219 -0.148681640625 0.074859619140625
0.076385498046875 -0.0504302978515625 -0.137847900390625 -0.035064697265625
0.0325508117675781 -0.0299968719482422 -0.0499954223632813 0.00136566162109375
0.0183486938476563 -0.0293006896972656 0.0276927947998047 -0.0255470275878906
0.0110082626342773 -0.0149621963500977 0.0439414978027344 -0.0629234313964844
0.00490760803222657 -0.0222129821777344 0.0326156616210937 -0.0983352661132813
-0.0113754272460938 -0.022369384765625 -0.0245742797851563 -0.119224548339844
-0.0342750549316406 -0.0152397155761719 -0.0790863037109375 -0.08367919921875
-0.0430679321289062 -0.0157432556152344 -0.0788726806640625 -0.0510177612304688
-0.0499610900878906 -0.00986099243164062 -0.0812301635742188 -0.0280685424804688
-0.0433120727539063 -0.0302963256835937 -0.070648193359375 -0.0242996215820313
-0.0321121215820313 -0.04803466796875 -0.0552749633789063 -0.00595474243164064
-0.0196113586425781 -0.0585556030273437 -0.0608558654785156 0.0120506286621094
0.0224075317382813 -0.0711669921875 -0.0676307678222656 0.0198631286621094
0.0419540405273437 -0.0705108642578125 -0.096771240234375 0.06207275390625
0.0801162719726563 -0.0721054077148437 -0.126228332519531 0.0649566650390625
0.135330200195313 -0.0443954467773438 -0.102836608886719 -0.0472183227539063
0.091400146484375 -0.0294036865234375 -0.0257816314697266 -0.0064239501953125
0.07611083984375 -0.0556488037109375 0.0429000854492188 -0.0314826965332031
0.044708251953125 -0.0533866882324219 0.0515403747558594 -0.0680580139160156
0.0203323364257813 -0.0672760009765625 0.0370941162109375 -0.095428466796875
-0.0181808471679687 -0.0620040893554688 -0.0170974731445313 -0.107078552246094
-0.0556869506835938 -0.0457725524902344 -0.061309814453125 -0.0737075805664062
-0.0669403076171875 -0.0449600219726563 -0.0562515258789063 -0.0446624755859375
-0.0782928466796875 -0.03411865234375 -0.058868408203125 -0.0220260620117188
-0.0622138977050781 -0.05596923828125 -0.0514030456542969 -0.0110549926757812
-0.0442886352539062 -0.0826034545898437 -0.0434494018554688 0.00363922119140624
-0.0195465087890625 -0.0979537963867188 -0.0564956665039063 0.0151824951171875
0.0541152954101563 -0.107421875 -0.0589103698730469 0.0120315551757812
0.0824661254882812 -0.09075927734375 -0.0769500732421875 0.042938232421875
0.133644104003906 -0.0793304443359375 -0.0856246948242187 0.0476455688476562
0.173492431640625 -0.0345306396484375 -0.0497970581054687 -0.0562171936035156
0.137672424316406 -0.0278396606445313 0.0105314254760742 -0.0142202377319336
0.123893737792969 -0.080810546875 0.060760498046875 -0.0351066589355469
0.0692138671875 -0.0902786254882813 0.0587501525878906 -0.0666351318359375
0.028778076171875 -0.106269836425781 0.0411148071289063 -0.081878662109375
-0.026519775390625 -0.0935134887695313 -0.005157470703125 -0.0815963745117188
-0.0701065063476563 -0.0683708190917969 -0.0334053039550781 -0.0545196533203125
-0.0804519653320313 -0.0676193237304687 -0.0250606536865234 -0.0317935943603516
-0.0946731567382813 -0.0535354614257813 -0.0273246765136719 -0.011505126953125
-0.0702056884765625 -0.0745849609375 -0.0244960784912109 0.00586891174316406
-0.0474929809570313 -0.105819702148438 -0.0279788970947266 0.0156917572021484
-0.0150985717773438 -0.122734069824219 -0.0494346618652344 0.0192222595214844
0.0796279907226563 -0.127784729003906 -0.050140380859375 0.00397109985351561
0.113395690917969 -0.096466064453125 -0.053741455078125 0.0156822204589844
0.168777465820313 -0.0738677978515625 -0.0334091186523437 0.0271224975585938
0.182113647460938 -0.0223388671875 0.0127601623535156 -0.0638160705566406
0.15850830078125 -0.02471923828125 0.0525283813476563 -0.0267181396484375
0.146255493164062 -0.093902587890625 0.0750885009765625 -0.0375747680664063
0.0785369873046875 -0.111915588378906 0.063507080078125 -0.0573921203613281
0.0293960571289062 -0.126518249511719 0.0457000732421875 -0.0579795837402344
-0.0326766967773438 -0.108612060546875 0.013458251953125 -0.047332763671875
-0.0752029418945312 -0.0790481567382813 0.00101280212402343 -0.0295333862304688
-0.082122802734375 -0.0801925659179688 0.00980567932128906 -0.0142126083374024
-0.0948867797851563 -0.0671463012695312 0.00725889205932617 0.00344562530517578
-0.0631484985351563 -0.08563232421875 0.00316810607910156 0.0262985229492187
-0.0368194580078125 -0.115409851074219 -0.0128459930419922 0.03094482421875
0.000434875488281243 -0.129280090332031 -0.0405464172363281 0.0227088928222656
0.1024169921875 -0.123809814453125 -0.0391693115234375 -0.00459671020507814
0.132270812988281 -0.081695556640625 -0.0271701812744141 -0.0115718841552734
0.179779052734375 -0.052001953125 0.0237789154052734 0.00838088989257812
0.159317016601563 -0.007904052734375 0.0712738037109375 -0.0708999633789063
0.1475830078125 -0.0162811279296875 0.0897903442382813 -0.0429458618164063
0.138511657714844 -0.0855865478515625 0.0827560424804688 -0.0396957397460938
0.0717315673828125 -0.107200622558594 0.0649452209472656 -0.0441398620605469
0.0243606567382813 -0.120048522949219 0.0493659973144531 -0.030059814453125
-0.033050537109375 -0.102325439453125 0.0346736907958984 -0.0129108428955078
-0.0677337646484375 -0.076873779296875 0.0369911193847656 -0.00506210327148438
-0.0708999633789063 -0.079925537109375 0.0424652099609375 0.00430679321289062
-0.0810470581054688 -0.072265625 0.03839111328125 0.0226669311523437
-0.0446624755859375 -0.0867233276367187 0.025299072265625 0.0497512817382813
-0.0143508911132812 -0.109352111816406 -0.00318145751953125 0.0481758117675781
0.023162841796875 -0.115333557128906 -0.0329456329345703 0.0270442962646484
0.115402221679687 -0.0959854125976562 -0.0281486511230469 -0.00847434997558595
0.136093139648438 -0.0484771728515625 0.000843048095703133 -0.0297374725341797
0.164718627929688 -0.019927978515625 0.0771942138671875 -0.000396728515625001
0.110794067382813 0.00876617431640625 0.115249633789062 -0.0776138305664062
0.110908508300781 -0.0018157958984375 0.113868713378906 -0.059478759765625
0.107284545898438 -0.0585784912109375 0.081634521484375 -0.03997802734375
0.0536575317382813 -0.0791549682617188 0.0632667541503906 -0.0307426452636719
0.0186691284179687 -0.08843994140625 0.0516242980957031 -0.00620269775390625
-0.0239486694335938 -0.0780258178710938 0.0545692443847656 0.0144577026367187
-0.04815673828125 -0.0619735717773438 0.0673332214355469 0.013275146484375
-0.0495223999023438 -0.0674018859863281 0.06689453125 0.0219383239746094
-0.0561332702636719 -0.0663108825683594 0.0619010925292969 0.044464111328125
-0.0226058959960938 -0.0748214721679688 0.0357742309570312 0.0755386352539062
0.0073699951171875 -0.087738037109375 -0.00275039672851562 0.0671195983886719
0.0398330688476563 -0.0860519409179687 -0.0288887023925781 0.0340175628662109
0.11126708984375 -0.05462646484375 -0.0176868438720703 -0.00531578063964844
0.118492126464844 -0.00856781005859375 0.0277328491210938 -0.0334014892578125
0.125038146972656 0.0146560668945313 0.120201110839844 0.00312042236328125
0.0460395812988281 0.0287628173828125 0.1378173828125 -0.0810775756835938
0.0596885681152344 0.0182228088378906 0.121101379394531 -0.0714797973632813
0.063934326171875 -0.0190887451171875 0.0750274658203125 -0.0373153686523438
0.0324211120605469 -0.0352249145507813 0.060272216796875 -0.0199050903320313
0.0169906616210937 -0.0420074462890625 0.0523147583007813 0.00945663452148437
-0.00631332397460938 -0.0430450439453125 0.0672645568847656 0.0285568237304687
-0.0189208984375 -0.0385322570800781 0.0863876342773438 0.0245437622070312
-0.0216827392578125 -0.0446052551269531 0.0812911987304688 0.0361480712890625
-0.0275917053222656 -0.0484428405761719 0.0747146606445313 0.0645523071289063
-0.00496292114257813 -0.049957275390625 0.0374603271484375 0.097564697265625
0.01678466796875 -0.0565147399902344 -0.00885772705078124 0.0830307006835937
0.0398445129394531 -0.0503730773925781 -0.0291366577148438 0.0429496765136719
0.0847702026367187 -0.0173187255859375 -0.012455940246582 0.00460910797119141
0.080902099609375 0.0229415893554688 0.0452880859375 -0.0229644775390625
0.0659637451171875 0.040618896484375 0.145553588867188 0.0180206298828125
0.00568389892578125 -0.0505218505859375 -0.156478881835938 -0.0094757080078125
-0.0283336639404297 -0.0252609252929688 -0.0599021911621094 0.0180511474609375
-0.0373649597167969 -0.00152206420898437 0.0184326171875 -0.0149860382080078
-0.0188617706298828 0.02069091796875 0.0373954772949219 -0.056396484375
-0.00930595397949219 0.0200614929199219 0.022491455078125 -0.0985260009765625
-0.00251197814941406 0.0165481567382813 -0.038116455078125 -0.120529174804688
-0.00909614562988281 0.0167417526245117 -0.0945663452148438 -0.0783615112304688
-0.0136547088623047 0.0171651840209961 -0.0959396362304688 -0.0446548461914062
-0.0143013000488281 0.0173101425170898 -0.0953598022460938 -0.0235671997070313
-0.0201530456542969 0.00254440307617188 -0.0850143432617188 -0.0260238647460938
-0.0208282470703125 -0.00452041625976563 -0.0644645690917969 -0.00761032104492188
-0.0250434875488281 -0.00865554809570313 -0.0637550354003906 0.0160369873046875
-0.0207118988037109 -0.0287876129150391 -0.0783157348632813 0.0315399169921875
-0.00985336303710937 -0.0452079772949219 -0.110481262207031 0.0807037353515625
0.0101242065429687 -0.0583457946777344 -0.148529052734375 0.0881805419921875
0.0759353637695313 -0.0563430786132813 -0.142791748046875 -0.0263671875
0.0318698883056641 -0.0334281921386719 -0.0498886108398438 0.00597381591796876
0.0162239074707031 -0.0320034027099609 0.0277786254882813 -0.0264301300048828
0.0106105804443359 -0.0165414810180664 0.0427322387695312 -0.0667800903320313
0.00364875793457031 -0.0236930847167969 0.0280532836914063 -0.103691101074219
-0.0129833221435547 -0.0230216979980469 -0.0328369140625 -0.121902465820313
-0.0363845825195313 -0.0137939453125 -0.086761474609375 -0.0803375244140625
-0.0457191467285156 -0.0127944946289063 -0.084716796875 -0.0458145141601562
-0.0518264770507812 -0.00734710693359374 -0.0860824584960937 -0.0220260620117188
-0.04644775390625 -0.0287208557128906 -0.0760574340820313 -0.0197525024414063
-0.0361595153808594 -0.0476493835449219 -0.0586128234863281 -0.00352478027343751
-0.0238418579101563 -0.05841064453125 -0.0624008178710938 0.0159149169921875
0.0179519653320313 -0.07525634765625 -0.0690422058105469 0.0241165161132812
0.0386962890625 -0.0752182006835938 -0.0956039428710938 0.0706024169921875
0.0775985717773438 -0.0796356201171875 -0.125869750976563 0.0773162841796875
0.136543273925781 -0.0545425415039062 -0.107666015625 -0.040924072265625
0.0926895141601562 -0.0365371704101562 -0.0260639190673828 -0.00343894958496094
0.0741653442382813 -0.0631561279296875 0.0432243347167969 -0.0331192016601563
0.0423316955566406 -0.0578231811523437 0.0498580932617188 -0.0720443725585938
0.0163726806640625 -0.0705337524414063 0.0331573486328125 -0.101264953613281
-0.0228767395019531 -0.0638580322265625 -0.024261474609375 -0.109596252441406
-0.0603294372558594 -0.0434379577636719 -0.0676956176757813 -0.0709228515625
-0.0722274780273438 -0.0412139892578125 -0.0609550476074219 -0.0412178039550781
-0.0832290649414063 -0.029327392578125 -0.0626564025878906 -0.0174789428710938
-0.0680046081542969 -0.0540847778320312 -0.0553207397460938 -0.00731277465820312
-0.0513916015625 -0.082489013671875 -0.0467414855957031 0.006072998046875
-0.0264968872070313 -0.0991287231445313 -0.0583953857421875 0.0191383361816406
0.047698974609375 -0.115463256835937 -0.0612564086914062 0.0150337219238281
0.0791091918945313 -0.0985641479492187 -0.0762557983398438 0.049163818359375
0.132255554199219 -0.091949462890625 -0.0849761962890625 0.0566940307617188
0.176788330078125 -0.0478668212890625 -0.0535545349121094 -0.0534439086914063
0.140480041503906 -0.0388412475585938 0.0109567642211914 -0.0137500762939453
0.121421813964844 -0.0925674438476563 0.0606117248535156 -0.0376396179199219
0.0652313232421875 -0.0980148315429688 0.0569381713867188 -0.0706024169921875
0.0221786499023438 -0.111526489257812 0.037841796875 -0.0866241455078125
-0.0338897705078125 -0.0950851440429688 -0.00965881347656251 -0.0838088989257813
-0.0766754150390625 -0.065948486328125 -0.037567138671875 -0.0533103942871094
-0.088104248046875 -0.0634841918945313 -0.0280971527099609 -0.0306625366210938
-0.101371765136719 -0.04779052734375 -0.0300540924072266 -0.00900459289550781
-0.077423095703125 -0.07244873046875 -0.0258979797363281 0.00770378112792968
-0.0562591552734375 -0.105598449707031 -0.029571533203125 0.0180759429931641
-0.0241317749023438 -0.125282287597656 -0.050811767578125 0.0231285095214844
0.0719146728515625 -0.138656616210938 -0.0522041320800781 0.00575256347656249
0.110237121582031 -0.106460571289062 -0.0544090270996094 0.0199394226074219
0.16839599609375 -0.088897705078125 -0.0324211120605469 0.0313968658447266
0.186431884765625 -0.0353851318359375 0.0103187561035156 -0.0659141540527344
0.162002563476563 -0.037017822265625 0.0530242919921875 -0.0295944213867188
0.143875122070313 -0.10760498046875 0.0751876831054688 -0.0409011840820313
0.0731124877929688 -0.120491027832031 0.0622787475585938 -0.0616645812988281
0.0211868286132813 -0.132431030273438 0.0440406799316406 -0.0624160766601563
-0.040924072265625 -0.11041259765625 0.0118446350097656 -0.0499763488769531
-0.0825729370117188 -0.0767135620117187 -0.000112533569335945 -0.0304508209228516
-0.0910568237304687 -0.0757904052734375 0.00822257995605468 -0.0155754089355469
-0.103034973144531 -0.0617828369140625 0.00644636154174804 0.00398206710815429
-0.0708389282226563 -0.0843353271484375 0.00409507751464843 0.0266819000244141
-0.0455245971679687 -0.116317749023438 -0.0129566192626953 0.0325469970703125
-0.00843048095703124 -0.132949829101563 -0.0423164367675781 0.0260429382324219
0.0960540771484375 -0.135986328125 -0.0425796508789062 -0.00342178344726563
0.131195068359375 -0.0932540893554687 -0.0290908813476562 -0.0100040435791016
0.180862426757813 -0.067291259765625 0.0242443084716797 0.00814628601074218
0.163742065429687 -0.018890380859375 0.0700912475585938 -0.07757568359375
0.151153564453125 -0.027069091796875 0.0903167724609375 -0.049102783203125
0.137252807617188 -0.0983428955078125 0.0830154418945313 -0.044097900390625
0.0664291381835938 -0.115158081054687 0.06463623046875 -0.0485343933105469
0.0164260864257812 -0.125144958496094 0.0499305725097656 -0.0345306396484375
-0.0406951904296875 -0.103797912597656 0.0365715026855469 -0.0158233642578125
-0.0741958618164063 -0.0743865966796875 0.038299560546875 -0.00863647460937501
-0.07952880859375 -0.076171875 0.0426483154296875 0.00109100341796875
-0.088531494140625 -0.0675201416015625 0.0398826599121094 0.02069091796875
-0.0522994995117188 -0.08612060546875 0.0281257629394531 0.0492477416992187
-0.0220947265625 -0.111518859863281 -0.00165176391601563 0.0500068664550781
0.015869140625 -0.12042236328125 -0.0336952209472656 0.02984619140625
0.111770629882813 -0.108024597167969 -0.0308303833007812 -0.00848388671875
0.136863708496094 -0.0588836669921875 -0.00124168395996093 -0.0312404632568359
0.168197631835938 -0.0325469970703125 0.0785369873046875 -0.005035400390625
0.115013122558594 0.00146484375 0.114753723144531 -0.0873794555664063
0.114479064941406 -0.0093536376953125 0.113548278808594 -0.0684967041015625
0.107109069824219 -0.0682830810546875 0.0823898315429688 -0.0448760986328125
0.0500640869140625 -0.0842742919921875 0.0634498596191406 -0.0350151062011719
0.0133285522460938 -0.0924224853515625 0.0527992248535156 -0.00919342041015625
-0.0302581787109375 -0.0790252685546875 0.0589218139648438 0.0106544494628906
-0.0533828735351562 -0.0596961975097656 0.0705642700195313 0.0081787109375
-0.0564956665039062 -0.0649566650390625 0.0695838928222656 0.0177230834960937
-0.0630569458007812 -0.0629997253417969 0.0654258728027344 0.040771484375
-0.027862548828125 -0.0753250122070313 0.0413970947265625 0.0746078491210938
0.00154876708984375 -0.0910568237304688 0.000312805175781247 0.0692329406738281
0.03533935546875 -0.0905227661132812 -0.0294113159179687 0.0366859436035156
0.110137939453125 -0.0650558471679688 -0.0200996398925781 -0.00603866577148438
0.121246337890625 -0.016754150390625 0.0254325866699219 -0.0364837646484375
0.129142761230469 0.00585174560546875 0.123008728027344 -0.00411224365234375
0.0495414733886719 0.026092529296875 0.137702941894531 -0.0927886962890625
0.0629005432128906 0.0146064758300781 0.120147705078125 -0.0813140869140625
0.0649032592773438 -0.0243263244628906 0.0753631591796875 -0.0414886474609375
0.0312385559082031 -0.0381088256835937 0.06085205078125 -0.0237884521484375
0.0144309997558594 -0.0451240539550781 0.0553436279296875 0.00659561157226562
-0.00940704345703125 -0.0437736511230469 0.0732955932617188 0.024627685546875
-0.0223007202148437 -0.0381546020507813 0.0909500122070313 0.0184707641601562
-0.0258331298828125 -0.0433769226074219 0.0857620239257813 0.0304412841796875
-0.0321083068847656 -0.0468292236328125 0.0803604125976563 0.0606155395507812
-0.0084991455078125 -0.0514144897460938 0.0444869995117188 0.0977096557617187
0.0133438110351562 -0.0591011047363281 -0.00463104248046875 0.086700439453125
0.0378150939941406 -0.054168701171875 -0.0287857055664062 0.0458183288574219
0.0855865478515625 -0.0241775512695312 -0.0142793655395508 0.0042562484741211
0.0845870971679687 0.0179824829101562 0.0438156127929688 -0.0272560119628906
0.0702323913574219 0.0367889404296875 0.1495361328125 0.0091094970703125
0.00314331054687501 -0.0502548217773438 -0.156661987304687 0.00128173828125002
-0.0294647216796875 -0.0240993499755859 -0.0579757690429688 0.0229339599609375
-0.0384254455566406 0.00122451782226562 0.0187149047851562 -0.0150165557861328
-0.0172996520996094 0.0215873718261719 0.0356025695800781 -0.0588645935058594
-0.00729560852050781 0.0207386016845703 0.0168609619140625 -0.100906372070312
-0.00168895721435547 0.0164861679077148 -0.0466232299804687 -0.118751525878906
-0.0081033706665039 0.0173969268798828 -0.0996780395507813 -0.0710983276367188
-0.0126667022705078 0.0181713104248047 -0.09912109375 -0.0369720458984375
-0.0136222839355469 0.0174369812011719 -0.0975418090820312 -0.0153656005859375
-0.0198554992675781 0.00335502624511719 -0.08856201171875 -0.0197525024414062
-0.0213470458984375 -0.00345230102539063 -0.0671882629394531 -0.00374603271484375
-0.0255813598632813 -0.00704383850097657 -0.0631828308105469 0.0196266174316406
-0.0228519439697266 -0.0274906158447266 -0.0764312744140625 0.03594970703125
-0.0129585266113281 -0.0447463989257812 -0.104911804199219 0.0882720947265625
0.00592041015625 -0.0589714050292969 -0.143280029296875 0.100112915039062
0.0729293823242187 -0.0618362426757813 -0.143585205078125 -0.016265869140625
0.0298385620117188 -0.0361557006835938 -0.0487022399902344 0.010467529296875
0.0133190155029297 -0.0334396362304687 0.0272274017333984 -0.0267448425292969
0.00947380065917969 -0.0179214477539063 0.0397682189941406 -0.06890869140625
0.00240516662597656 -0.0243206024169922 0.0224151611328125 -0.105621337890625
-0.0146198272705078 -0.0224552154541016 -0.040985107421875 -0.12017822265625
-0.0379219055175781 -0.0114479064941406 -0.091766357421875 -0.0736618041992188
-0.0475616455078125 -0.00976181030273439 -0.0877609252929688 -0.0391998291015625
-0.0531272888183594 -0.00382232666015626 -0.0883407592773438 -0.0151290893554688
-0.0485382080078125 -0.0262069702148437 -0.0794448852539063 -0.0134353637695313
-0.0398597717285156 -0.0460624694824219 -0.0609703063964844 0.00028228759765624
-0.0273551940917969 -0.05682373046875 -0.0623626708984375 0.0202217102050781
0.0126800537109375 -0.0767745971679688 -0.0685157775878906 0.0275421142578125
0.0339126586914063 -0.0779953002929688 -0.0906753540039063 0.0773391723632813
0.0720977783203125 -0.085540771484375 -0.120704650878906 0.087188720703125
0.134407043457031 -0.0645980834960938 -0.108924865722656 -0.0327911376953125
0.0905609130859375 -0.0435943603515625 -0.0250911712646484 -0.000471115112304692
0.0691680908203125 -0.0690231323242188 0.0422706604003906 -0.0348968505859375
0.0383186340332031 -0.0615577697753906 0.0465240478515625 -0.0748519897460938
0.0112533569335937 -0.072021484375 0.0275802612304688 -0.103431701660156
-0.0274467468261719 -0.0625572204589844 -0.0313568115234375 -0.108673095703125
-0.0640525817871094 -0.0394020080566406 -0.0717697143554688 -0.0660934448242188
-0.0759201049804688 -0.0360183715820312 -0.064178466796875 -0.0357513427734375
-0.08587646484375 -0.0234375 -0.0647621154785156 -0.0114898681640625
-0.0720291137695313 -0.0498275756835937 -0.0574493408203125 -0.00313186645507814
-0.0570068359375 -0.0795669555664063 -0.0484046936035156 0.00924301147460936
-0.0335464477539062 -0.0973892211914063 -0.058441162109375 0.0236244201660156
0.0394515991210938 -0.119514465332031 -0.0612945556640625 0.0177726745605469
0.0730438232421875 -0.104362487792969 -0.072998046875 0.0550537109375
0.126068115234375 -0.102272033691406 -0.08148193359375 0.0638046264648438
0.1746826171875 -0.0603485107421875 -0.0557594299316406 -0.0493011474609375
0.138809204101562 -0.0495834350585938 0.0111188888549805 -0.0131320953369141
0.11468505859375 -0.101676940917969 0.0595741271972656 -0.039581298828125
0.058258056640625 -0.102630615234375 0.0538787841796875 -0.0731201171875
0.0142898559570313 -0.11309814453125 0.0334854125976563 -0.0891342163085937
-0.0400924682617187 -0.09368896484375 -0.0141830444335938 -0.0838851928710938
-0.0824737548828125 -0.0610580444335937 -0.0405387878417969 -0.0508308410644531
-0.0932998657226563 -0.0566024780273437 -0.0305690765380859 -0.0276260375976563
-0.105072021484375 -0.0400466918945313 -0.0315418243408203 -0.00539398193359376
-0.0823745727539063 -0.0676345825195313 -0.0270366668701172 0.0103263854980469
-0.0641860961914062 -0.10223388671875 -0.0305004119873047 0.0200366973876953
-0.0323486328125 -0.123626708984375 -0.0511894226074219 0.0267753601074219
0.06231689453125 -0.144729614257813 -0.0538215637207031 0.00764846801757812
0.103530883789063 -0.1146240234375 -0.0531730651855469 0.023712158203125
0.162109375 -0.101943969726562 -0.0308284759521484 0.0350513458251953
0.185104370117188 -0.0494842529296875 0.00698089599609376 -0.0657577514648438
0.160720825195313 -0.049102783203125 0.0522537231445313 -0.0317840576171875
0.1363525390625 -0.119125366210938 0.0740127563476563 -0.0441207885742188
0.0657577514648437 -0.125251770019531 0.0596046447753906 -0.0647430419921875
0.0113143920898437 -0.134376525878906 0.0409965515136719 -0.065582275390625
-0.0491485595703125 -0.108245849609375 0.00991439819335937 -0.0513229370117188
-0.0883255004882812 -0.071319580078125 -0.00135040283203125 -0.0309829711914063
-0.096710205078125 -0.0689620971679688 0.00677776336669921 -0.015629768371582
-0.107429504394531 -0.0538330078125 0.00567483901977538 0.00372076034545898
-0.07745361328125 -0.0791168212890625 0.00493431091308593 0.0263919830322266
-0.054168701171875 -0.113616943359375 -0.0130405426025391 0.0335922241210937
-0.0177230834960938 -0.132926940917969 -0.0419464111328125 0.0291976928710938
0.085601806640625 -0.143646240234375 -0.0442390441894531 -0.00188064575195313
0.125823974609375 -0.101890563964844 -0.0301475524902344 -0.00820922851562501
0.17681884765625 -0.08203125 0.0242938995361328 0.00779914855957031
0.163726806640625 -0.03076171875 0.066162109375 -0.08209228515625
0.15008544921875 -0.037750244140625 0.0879364013671875 -0.05438232421875
0.130409240722656 -0.109100341796875 0.0810317993164063 -0.0482406616210938
0.05914306640625 -0.119316101074219 0.0623321533203125 -0.0515480041503906
0.00733184814453125 -0.126785278320313 0.0482749938964844 -0.0369682312011719
-0.048065185546875 -0.101547241210938 0.037384033203125 -0.0185470581054688
-0.0798492431640625 -0.06939697265625 0.0384025573730469 -0.0119171142578125
-0.0855178833007813 -0.0701675415039062 0.04241943359375 -0.00152206420898438
-0.093719482421875 -0.0605621337890625 0.0401763916015625 0.0183448791503906
-0.058685302734375 -0.0831375122070313 0.0309715270996094 0.046783447265625
-0.0301666259765625 -0.110466003417969 -0.000251770019531249 0.0502281188964844
0.00747680664062501 -0.12152099609375 -0.0336685180664063 0.0325813293457031
0.1031494140625 -0.116867065429688 -0.0331974029541016 -0.00758743286132813
0.133567810058594 -0.06793212890625 -0.00401687622070312 -0.0309581756591797
0.166183471679687 -0.0454254150390625 0.0775604248046875 -0.0093536376953125
0.115272521972656 -0.0060577392578125 0.110107421875 -0.0954818725585938
0.114448547363281 -0.017425537109375 0.110191345214844 -0.0759201049804688
0.10223388671875 -0.0763931274414063 0.08026123046875 -0.0490036010742188
0.0448532104492188 -0.0875473022460937 0.061859130859375 -0.038360595703125
0.00604248046874999 -0.093658447265625 0.0539817810058594 -0.0118522644042969
-0.03582763671875 -0.0768814086914063 0.0607948303222656 0.00592422485351562
-0.0577507019042969 -0.0561981201171875 0.0717239379882813 0.00262451171875
-0.0619850158691406 -0.0601959228515625 0.0705184936523437 0.0120849609375
-0.0677833557128906 -0.0576210021972656 0.066741943359375 0.0362396240234375
-0.0336380004882813 -0.0737838745117188 0.04632568359375 0.0713577270507813
-0.00455474853515624 -0.0913848876953125 0.00357437133789063 0.0698509216308594
0.0294723510742188 -0.0930709838867188 -0.0292205810546875 0.0384597778320312
0.10516357421875 -0.073455810546875 -0.0222434997558594 -0.00607872009277344
0.120811462402344 -0.0250015258789062 0.0222091674804688 -0.0386085510253906
0.130096435546875 -0.003875732421875 0.121894836425781 -0.0117568969726563
0.0515899658203125 0.0230636596679688 0.132438659667969 -0.103012084960938
0.0639533996582031 0.0104942321777344 0.115203857421875 -0.0895767211914062
0.0627670288085938 -0.0298728942871094 0.0734405517578125 -0.0459823608398438
0.0285377502441406 -0.0401878356933594 0.0599708557128906 -0.0269813537597656
0.0104141235351562 -0.0460166931152344 0.0570487976074219 0.00388336181640625
-0.0135841369628906 -0.043548583984375 0.0763397216796875 0.01898193359375
-0.0248603820800781 -0.0366744995117187 0.0931320190429688 0.0109710693359375
-0.0289382934570313 -0.0416030883789062 0.0874099731445313 0.0236892700195312
-0.0356101989746094 -0.0442543029785156 0.083648681640625 0.0543289184570313
-0.0123786926269531 -0.0512008666992188 0.0509872436523438 0.0941085815429688
0.00976181030273438 -0.0601959228515625 0.000328063964843759 0.0876388549804688
0.034423828125 -0.0561676025390625 -0.0276870727539063 0.0474624633789063
0.0838394165039063 -0.0301895141601563 -0.0151338577270508 0.00384235382080078
0.0860671997070313 0.0125350952148437 0.0410423278808594 -0.0304183959960938
0.0727081298828125 0.0312042236328125 0.149139404296875 -0.000198364257812498
0.00103759765625 -0.0500450134277344 -0.1539306640625 0.0086212158203125
-0.0307273864746094 -0.0219936370849609 -0.055572509765625 0.0256233215332031
-0.0381813049316406 0.00339508056640624 0.0192661285400391 -0.0147552490234375
-0.0158462524414062 0.0219211578369141 0.0342903137207031 -0.0590744018554687
-0.00609970092773438 0.0209236145019531 0.0133056640625 -0.100944519042969
-0.000555038452148438 0.0161514282226563 -0.0518722534179687 -0.115371704101563
-0.00758552551269531 0.0172662734985352 -0.101516723632812 -0.064117431640625
-0.0117626190185547 0.0184459686279297 -0.099273681640625 -0.03082275390625
-0.0128974914550781 0.0176563262939453 -0.09716796875 -0.00928497314453124
-0.0197944641113281 0.00364875793457031 -0.0904922485351563 -0.0143585205078125
-0.0211639404296875 -0.00276756286621093 -0.0680122375488281 -0.000480651855468762
-0.0251102447509766 -0.00561904907226562 -0.0621223449707031 0.0214385986328125
-0.0239124298095703 -0.0266227722167969 -0.0737075805664062 0.0379562377929688
-0.0147895812988281 -0.0438156127929688 -0.0994186401367187 0.0922775268554688
0.00288391113281251 -0.0583381652832031 -0.136337280273437 0.106971740722656
0.07037353515625 -0.0649642944335937 -0.1416015625 -0.00859069824218752
0.0281715393066406 -0.03717041015625 -0.0467529296875 0.0137786865234375
0.0109062194824219 -0.0339221954345703 0.0269641876220703 -0.0265941619873047
0.00837898254394531 -0.0179710388183594 0.0379714965820313 -0.0689620971679688
0.00117111206054687 -0.0243968963623047 0.0182266235351563 -0.106704711914063
-0.0156631469726562 -0.0228195190429688 -0.0466156005859375 -0.117027282714844
-0.0388298034667969 -0.0095977783203125 -0.0941543579101562 -0.0671615600585938
-0.0476226806640625 -0.00710296630859374 -0.0881881713867188 -0.0331649780273437
-0.0525779724121094 -0.00115966796874999 -0.0879058837890625 -0.00888061523437499
-0.0498046875 -0.02386474609375 -0.080718994140625 -0.00847625732421874
-0.0415611267089844 -0.0438613891601563 -0.0622100830078125 0.00317001342773438
-0.0296783447265625 -0.0545234680175781 -0.0608482360839844 0.0222625732421875
0.00832366943359375 -0.0769500732421875 -0.0670700073242188 0.0293197631835937
0.0300750732421875 -0.0784072875976563 -0.0854873657226563 0.080718994140625
0.0670700073242188 -0.0881805419921875 -0.115020751953125 0.0936279296875
0.130264282226562 -0.0709762573242187 -0.107452392578125 -0.026397705078125
0.0882110595703125 -0.0486602783203125 -0.0232734680175781 0.00247764587402343
0.064697265625 -0.07257080078125 0.0412063598632813 -0.0343780517578125
0.0348892211914063 -0.0623741149902344 0.0444793701171875 -0.0746917724609375
0.00765228271484375 -0.0717926025390625 0.023284912109375 -0.103805541992187
-0.0305519104003906 -0.0610885620117187 -0.0362777709960937 -0.106292724609375
-0.0658798217773438 -0.0355453491210937 -0.073150634765625 -0.0611953735351563
-0.0774383544921875 -0.0311203002929687 -0.0646858215332031 -0.0309257507324219
-0.0859146118164063 -0.0185089111328125 -0.0647201538085938 -0.00677108764648438
-0.0738372802734375 -0.0460739135742188 -0.0582618713378906 0.00109100341796874
-0.0607376098632813 -0.0758514404296875 -0.0494003295898438 0.0115890502929688
-0.0374298095703125 -0.0941925048828125 -0.0575485229492188 0.025970458984375
0.0320892333984375 -0.120315551757813 -0.0609092712402344 0.0198135375976562
0.0671310424804688 -0.106498718261719 -0.0691490173339844 0.0580825805664063
0.119087219238281 -0.107696533203125 -0.0766525268554687 0.0681304931640625
0.170623779296875 -0.0692138671875 -0.055084228515625 -0.0451850891113281
0.135505676269531 -0.0565338134765625 0.0113763809204102 -0.0117006301879883
0.108169555664063 -0.107368469238281 0.0579414367675781 -0.0399971008300781
0.052886962890625 -0.104507446289063 0.0513076782226562 -0.0735931396484375
0.00787353515625001 -0.113044738769531 0.030303955078125 -0.09039306640625
-0.0444869995117187 -0.091094970703125 -0.0178909301757812 -0.0825347900390625
-0.0846405029296875 -0.055877685546875 -0.0419731140136719 -0.0479393005371094
-0.0955963134765625 -0.0500411987304687 -0.0317783355712891 -0.0250148773193359
-0.105583190917969 -0.0332870483398438 -0.03204345703125 -0.00224876403808594
-0.0847854614257813 -0.0630340576171875 -0.0273113250732422 0.01153564453125
-0.068206787109375 -0.0980758666992188 -0.031463623046875 0.0217952728271484
-0.0382537841796875 -0.120384216308594 -0.0499420166015625 0.0294609069824219
0.0532684326171875 -0.14691162109375 -0.0540847778320313 0.00965881347656249
0.0971298217773438 -0.118362426757813 -0.0509414672851562 0.0262413024902344
0.15472412109375 -0.110061645507812 -0.0291938781738281 0.0372505187988281
0.181625366210938 -0.05810546875 0.00539398193359377 -0.0652732849121094
0.156890869140625 -0.0571746826171875 0.050933837890625 -0.0325927734375
0.127998352050781 -0.125480651855469 0.0720977783203125 -0.0452499389648438
0.0585479736328125 -0.126823425292969 0.0573921203613281 -0.0650863647460938
0.00417327880859376 -0.133308410644531 0.0387001037597656 -0.0663948059082031
-0.0538406372070313 -0.104774475097656 0.00854110717773437 -0.0513534545898438
-0.0915298461914063 -0.0663070678710938 -0.0025463104248047 -0.0309505462646484
-0.100234985351563 -0.061920166015625 0.00626277923583984 -0.0153703689575195
-0.109092712402344 -0.04656982421875 0.0053267478942871 0.00455713272094726
-0.080535888671875 -0.0748291015625 0.00489234924316406 0.0257244110107422
-0.0595474243164063 -0.109748840332031 -0.0132598876953125 0.034219741821289
-0.0236129760742187 -0.129966735839844 -0.0413551330566406 0.0312232971191406
0.0761260986328125 -0.147247314453125 -0.046051025390625 -0.000480651855468763
0.119468688964844 -0.107170104980469 -0.0303859710693359 -0.00617599487304689
0.170791625976563 -0.090301513671875 0.0244350433349609 0.00756072998046874
0.161056518554688 -0.0394287109375 0.062744140625 -0.0841903686523438
0.1473388671875 -0.04620361328125 0.0849533081054688 -0.0570526123046875
0.122734069824219 -0.115608215332031 0.0787200927734375 -0.049346923828125
0.052398681640625 -0.120735168457031 0.0598526000976563 -0.0530509948730469
-3.05175781250136E-05 -0.125556945800781 0.0472145080566406 -0.0383415222167969
-0.0529403686523438 -0.097930908203125 0.037109375 -0.020477294921875
-0.0832443237304688 -0.0641250610351563 0.0380134582519531 -0.0145835876464844
-0.0886611938476562 -0.0638351440429688 0.041473388671875 -0.00345611572265625
-0.0959625244140625 -0.0540237426757812 0.039825439453125 0.0169029235839844
-0.0618667602539063 -0.0792694091796875 0.0318794250488281 0.0447616577148437
-0.03515625 -0.107719421386719 0.000343322753906248 0.0498809814453125
0.00150299072265624 -0.120384216308594 -0.0333423614501953 0.03411865234375
0.0953521728515625 -0.121490478515625 -0.0351352691650391 -0.00713157653808595
0.128753662109375 -0.074188232421875 -0.00619316101074218 -0.0307064056396484
0.16180419921875 -0.054229736328125 0.0753326416015625 -0.0119094848632813
0.114181518554688 -0.0123214721679688 0.104827880859375 -0.100112915039063
0.112571716308594 -0.0231399536132813 0.105567932128906 -0.078857421875
0.0969467163085937 -0.0816497802734375 0.0777816772460938 -0.0508041381835938
0.0406036376953125 -0.0885391235351563 0.0599250793457031 -0.0397148132324219
0.000885009765624994 -0.0935745239257813 0.053741455078125 -0.0144119262695313
-0.0395584106445312 -0.0748672485351563 0.0623588562011719 0.00271224975585937
-0.0599441528320313 -0.0524635314941406 0.0710906982421875 -0.00179290771484375
-0.0645217895507813 -0.0558700561523438 0.0697441101074219 0.0082855224609375
-0.0696334838867188 -0.0528106689453125 0.067626953125 0.0330390930175781
-0.0371170043945312 -0.071319580078125 0.0482826232910156 0.0675010681152344
-0.00925445556640625 -0.0902175903320313 0.00567245483398438 0.0687980651855469
0.02447509765625 -0.0934982299804688 -0.0281906127929687 0.0398101806640625
0.0995559692382813 -0.0782318115234375 -0.0239143371582031 -0.00628280639648438
0.118324279785156 -0.031036376953125 0.0188827514648438 -0.0392341613769531
0.12799072265625 -0.011077880859375 0.118476867675781 -0.0168838500976562
0.0523300170898438 0.0202980041503906 0.126556396484375 -0.108253479003906
0.0644302368164063 0.0071258544921875 0.109642028808594 -0.0940933227539063
0.0612068176269531 -0.0332107543945313 0.0705490112304688 -0.0479583740234375
0.0268936157226562 -0.0413360595703125 0.0586395263671875 -0.0279579162597656
0.00766754150390625 -0.0463943481445313 0.0575942993164062 0.00166702270507812
-0.0155563354492188 -0.0425148010253906 0.078277587890625 0.014739990234375
-0.0260696411132812 -0.0346908569335938 0.0928268432617188 0.00472259521484375
-0.0312347412109375 -0.038787841796875 0.0866165161132813 0.018585205078125
-0.0371932983398438 -0.0411949157714844 0.08441162109375 0.0493316650390625
-0.0145187377929688 -0.0498886108398438 0.0547561645507813 0.08941650390625
0.00658035278320312 -0.0598030090332031 0.00330352783203124 0.0867538452148438
0.0311164855957031 -0.0574607849121094 -0.0264625549316406 0.0483283996582031
0.081390380859375 -0.0344314575195313 -0.0164337158203125 0.00382232666015625
0.0856094360351563 0.00783538818359375 0.0379867553710938 -0.0326576232910156
0.0729904174804688 0.0267868041992188 0.14630126953125 -0.006744384765625
0.000747680664062498 -0.0495986938476563 -0.151214599609375 0.0136566162109375
-0.0308437347412109 -0.0205020904541016 -0.0538825988769531 0.0281791687011719
-0.0381698608398438 0.00486373901367187 0.0195827484130859 -0.0146617889404297
-0.015167236328125 0.0219097137451172 0.0337677001953125 -0.059417724609375
-0.00461387634277344 0.0204696655273437 0.0110244750976563 -0.101768493652344
-0.00061321258544922 0.015594482421875 -0.0552902221679687 -0.113822937011719
-0.00719261169433594 0.0175876617431641 -0.1021728515625 -0.0595703125
-0.0112514495849609 0.0185031890869141 -0.098541259765625 -0.026397705078125
-0.0123996734619141 0.0179214477539063 -0.0967483520507813 -0.00570678710937499
-0.0200386047363281 0.00409889221191406 -0.09136962890625 -0.0106353759765625
-0.0215530395507813 -0.00228691101074219 -0.0689964294433594 0.00161361694335939
-0.0248394012451172 -0.00470542907714844 -0.0617828369140625 0.0221443176269531
-0.0245399475097656 -0.0258026123046875 -0.0726165771484375 0.0383224487304687
-0.0164451599121094 -0.0433273315429688 -0.09539794921875 0.0941238403320313
0.000923156738281254 -0.0574378967285156 -0.131935119628906 0.111427307128906
0.0683021545410156 -0.0667572021484375 -0.139602661132812 -0.00434875488281249
0.0268020629882813 -0.0387001037597656 -0.0447731018066406 0.0162124633789062
0.00953292846679687 -0.0344467163085938 0.0274124145507813 -0.0261764526367188
0.00809669494628906 -0.0185985565185547 0.0372085571289062 -0.069366455078125
0.000732421875000001 -0.0239086151123047 0.0158309936523438 -0.107009887695313
-0.0167217254638672 -0.0220603942871094 -0.0497817993164062 -0.115638732910156
-0.0392227172851563 -0.00805282592773437 -0.0944976806640625 -0.0631637573242188
-0.0475540161132813 -0.004913330078125 -0.0879440307617188 -0.02880859375
-0.0527915954589844 0.000724792480468741 -0.0876998901367188 -0.00473022460937501
-0.0501594543457031 -0.0227394104003906 -0.0816421508789062 -0.00464630126953124
-0.0428466796875 -0.0425376892089844 -0.0635719299316406 0.00513458251953126
-0.030975341796875 -0.053314208984375 -0.0609283447265625 0.0231552124023437
0.00534057617187499 -0.0769424438476563 -0.0664596557617188 0.0297927856445313
0.0277557373046875 -0.0794677734375 -0.0822372436523438 0.083221435546875
0.06390380859375 -0.0895843505859375 -0.111404418945313 0.0976943969726563
0.128150939941406 -0.075164794921875 -0.105621337890625 -0.0229415893554688
0.086029052734375 -0.0514068603515625 -0.0221824645996094 0.00415802001953125
0.0612945556640625 -0.0743331909179688 0.0414009094238281 -0.0339736938476563
0.0326385498046875 -0.0627517700195312 0.0439300537109375 -0.0750045776367187
0.0052337646484375 -0.0716552734375 0.0214309692382813 -0.104827880859375
-0.0322914123535156 -0.060089111328125 -0.0388870239257813 -0.104217529296875
-0.0671882629394531 -0.0334281921386719 -0.0743026733398438 -0.058258056640625
-0.0780487060546875 -0.0273818969726562 -0.0648384094238281 -0.0277519226074219
-0.0862045288085937 -0.0146026611328125 -0.0646095275878906 -0.00308990478515625
-0.0750350952148438 -0.04351806640625 -0.0590171813964844 0.00362014770507813
-0.0630874633789063 -0.07354736328125 -0.0507621765136719 0.0137367248535156
-0.0399398803710938 -0.09222412109375 -0.0566291809082031 0.0275154113769531
0.0270767211914062 -0.121185302734375 -0.0615921020507813 0.0204238891601562
0.0634918212890625 -0.107872009277344 -0.0661354064941406 0.0594863891601562
0.114364624023438 -0.111557006835938 -0.0741500854492187 0.0716323852539063
0.167816162109375 -0.0746002197265625 -0.0545806884765625 -0.0424308776855469
0.132858276367187 -0.0612106323242187 0.0121364593505859 -0.0109167098999023
0.102706909179687 -0.111396789550781 0.0577011108398438 -0.0395050048828125
0.0495071411132812 -0.105133056640625 0.0502166748046875 -0.0733413696289063
0.00406646728515626 -0.112579345703125 0.028411865234375 -0.0906600952148438
-0.0477676391601562 -0.089630126953125 -0.0194091796875 -0.0811920166015625
-0.0869827270507813 -0.0531997680664062 -0.0424003601074219 -0.0462074279785156
-0.0973968505859375 -0.0455169677734375 -0.0317287445068359 -0.0228004455566406
-0.106170654296875 -0.02923583984375 -0.0320968627929688 -0.000230789184570308
-0.086669921875 -0.0600128173828125 -0.0281944274902344 0.0134544372558594
-0.0712738037109375 -0.0952911376953125 -0.0328388214111328 0.0233745574951172
-0.0410690307617188 -0.1182861328125 -0.0500755310058594 0.03106689453125
0.04718017578125 -0.147567749023437 -0.0553131103515625 0.0104560852050781
0.0930328369140625 -0.120590209960938 -0.0498008728027344 0.0277023315429687
0.149978637695313 -0.114700317382813 -0.0272750854492187 0.0392990112304687
0.179092407226562 -0.064971923828125 0.00464630126953126 -0.0644187927246094
0.153976440429688 -0.0623931884765625 0.050506591796875 -0.0322761535644531
0.122543334960937 -0.129386901855469 0.0710372924804688 -0.0446624755859375
0.0546112060546875 -0.127311706542969 0.0563087463378906 -0.0648536682128906
-0.000823974609374993 -0.132942199707031 0.0377960205078125 -0.0668907165527344
-0.0576095581054687 -0.102516174316406 0.00775909423828124 -0.0514869689941406
-0.0938644409179688 -0.0626983642578125 -0.00286483764648438 -0.0310096740722656
-0.101837158203125 -0.0572357177734375 0.00530242919921874 -0.0150442123413086
-0.109580993652344 -0.0418853759765625 0.00462293624877929 0.00564432144165039
-0.0821304321289063 -0.0722427368164062 0.00427627563476562 0.0260906219482422
-0.062530517578125 -0.107322692871094 -0.0139808654785156 0.0349292755126953
-0.0276107788085938 -0.128265380859375 -0.0415382385253906 0.0330543518066406
0.069671630859375 -0.148666381835938 -0.0475349426269531 -4.95910644531261E-05
0.115989685058594 -0.1103515625 -0.0305118560791016 -0.00564575195312501
0.16595458984375 -0.096282958984375 0.0240612030029297 0.00792121887207031
0.159133911132813 -0.0450897216796875 0.0613250732421875 -0.0853271484375
0.14483642578125 -0.05072021484375 0.0832366943359375 -0.057708740234375
0.117668151855469 -0.1197509765625 0.0776901245117188 -0.0497665405273438
0.0488510131835938 -0.1212158203125 0.05908203125 -0.0527572631835938
-0.00415802001953124 -0.12469482421875 0.0471343994140625 -0.0393905639648438
-0.0564651489257812 -0.0955429077148438 0.0376815795898437 -0.0218353271484375
-0.0850982666015625 -0.0609130859375 0.0374298095703125 -0.0163078308105469
-0.0906219482421875 -0.0595626831054687 0.040802001953125 -0.00447463989257813
-0.0965423583984375 -0.0491790771484375 0.0394058227539062 0.0157508850097656
-0.0641021728515625 -0.0768356323242188 0.0316123962402344 0.0434837341308594
-0.0388031005859375 -0.105667114257813 0.000164031982421872 0.050567626953125
-0.00201416015625 -0.119209289550781 -0.0333328247070313 0.035614013671875
0.0896530151367188 -0.124122619628906 -0.0367546081542969 -0.00672912597656251
0.125732421875 -0.0781173706054688 -0.00774955749511718 -0.0301914215087891
0.1580810546875 -0.0595855712890625 0.0740585327148438 -0.01312255859375
0.113502502441406 -0.0162277221679688 0.102249145507813 -0.1026611328125
0.111396789550781 -0.0270309448242188 0.10205078125 -0.0810165405273438
0.093597412109375 -0.0847244262695313 0.0760498046875 -0.0511703491210938
0.0372848510742187 -0.089263916015625 0.0592613220214844 -0.0396537780761719
-0.00280761718750001 -0.0924530029296875 0.0542068481445313 -0.0149459838867188
-0.0419921875 -0.0725555419921875 0.0636520385742188 0.000488281249999996
-0.0614738464355469 -0.0500373840332031 0.0713272094726563 -0.00562286376953125
-0.0661735534667969 -0.0525665283203125 0.0685195922851563 0.00634002685546875
-0.0708236694335938 -0.0490188598632812 0.0669021606445313 0.0305938720703125
-0.0386772155761719 -0.0700416564941406 0.0490608215332031 0.0653533935546875
-0.0120315551757812 -0.0897293090820312 0.006256103515625 0.0688858032226563
0.022247314453125 -0.0934066772460937 -0.0283432006835938 0.04058837890625
0.0960617065429688 -0.08135986328125 -0.0255279541015625 -0.00623512268066407
0.117095947265625 -0.0347442626953125 0.0169792175292969 -0.0394554138183594
0.126335144042969 -0.0154800415039063 0.11676025390625 -0.0190277099609375
0.0528831481933594 0.0180168151855469 0.122795104980469 -0.112632751464844
0.0643196105957031 0.00444793701171875 0.106101989746094 -0.0958633422851562
0.0594024658203125 -0.0358505249023437 0.0697135925292969 -0.0486297607421875
0.0257186889648438 -0.0416755676269531 0.0584831237792969 -0.0288887023925781
0.00557708740234375 -0.046600341796875 0.0583457946777344 0.000988006591796872
-0.0169448852539062 -0.0412483215332031 0.0799636840820313 0.0121612548828125
-0.0269222259521484 -0.0334854125976562 0.0921707153320313 0.000778198242187498
-0.0323143005371094 -0.0372505187988281 0.0857925415039063 0.0149993896484375
-0.0381622314453125 -0.0383110046386719 0.0849990844726563 0.0463104248046875
-0.0157432556152344 -0.0488433837890625 0.0564422607421875 0.0868606567382813
0.00460433959960937 -0.0601310729980469 0.00506591796875 0.0865249633789062
0.029632568359375 -0.0578804016113281 -0.0264816284179688 0.0489349365234375
0.0790328979492188 -0.036773681640625 -0.0177059173583984 0.00331878662109375
0.0854949951171875 0.0050811767578125 0.0359230041503906 -0.0333709716796875
0.0728836059570313 0.024322509765625 0.144332885742188 -0.010498046875
-0.000240325927734375 -0.0499000549316406 -0.151397705078125 0.01690673828125
-0.0313339233398438 -0.0201835632324219 -0.0527801513671875 0.0309638977050781
-0.0382308959960938 0.0059356689453125 0.0211067199707031 -0.0141582489013672
-0.0149040222167969 0.0220699310302734 0.0350685119628906 -0.0601387023925781
-0.00372123718261719 0.0207538604736328 0.00953674316406251 -0.103439331054688
-0.000707626342773438 0.0153694152832031 -0.0592727661132813 -0.114021301269531
-0.00657272338867187 0.0180397033691406 -0.104148864746094 -0.0565414428710938
-0.0108833312988281 0.0191879272460938 -0.0993423461914062 -0.0230865478515625
-0.0125331878662109 0.018096923828125 -0.097808837890625 -0.00251007080078126
-0.0207748413085938 0.00397682189941406 -0.0942535400390625 -0.00759887695312499
-0.0215549468994141 -0.00207328796386719 -0.0714797973632813 0.00300598144531249
-0.0250568389892578 -0.00422096252441406 -0.0625076293945313 0.0226898193359375
-0.025665283203125 -0.0259246826171875 -0.072723388671875 0.0386810302734375
-0.0179595947265625 -0.0432090759277344 -0.0938568115234375 0.097320556640625
-0.000286102294921873 -0.0574111938476563 -0.130561828613281 0.116142272949219
0.0679893493652344 -0.0696754455566406 -0.139045715332031 -0.00107574462890623
0.0264434814453125 -0.0397148132324219 -0.0438499450683594 0.0184059143066406
0.00853157043457031 -0.0348644256591797 0.0282096862792969 -0.0256538391113281
0.00810623168945312 -0.0188198089599609 0.0380363464355469 -0.0699234008789062
0.000408172607421877 -0.0242786407470703 0.0142364501953125 -0.108901977539062
-0.0174331665039062 -0.022430419921875 -0.0532379150390625 -0.115142822265625
-0.0401954650878906 -0.00714111328125 -0.0964279174804687 -0.0604782104492188
-0.0486907958984375 -0.00313186645507813 -0.088623046875 -0.0258712768554687
-0.0539436340332031 0.00230407714843751 -0.08837890625 -0.00177764892578126
-0.0517730712890625 -0.0218505859375 -0.0840377807617188 -0.00216674804687499
-0.0443840026855469 -0.0415077209472656 -0.0658493041992188 0.00701141357421875
-0.0320854187011719 -0.0529861450195313 -0.0615348815917969 0.0242156982421875
0.0030517578125 -0.0780410766601563 -0.0671463012695313 0.0304908752441406
0.02630615234375 -0.0805740356445312 -0.0800399780273437 0.085418701171875
0.0621566772460938 -0.091796875 -0.110115051269531 0.101890563964844
0.128097534179688 -0.079803466796875 -0.105873107910156 -0.0205612182617187
0.0859603881835938 -0.0549163818359375 -0.0205516815185547 0.00647354125976562
0.059173583984375 -0.077239990234375 0.0426254272460938 -0.0335006713867188
0.0316963195800781 -0.0642623901367188 0.0440521240234375 -0.0757064819335938
0.00335693359375 -0.0725479125976563 0.02020263671875 -0.106414794921875
-0.0345649719238281 -0.0603561401367187 -0.041259765625 -0.104537963867187
-0.0686302185058594 -0.031646728515625 -0.0759201049804688 -0.056182861328125
-0.079986572265625 -0.0250091552734375 -0.0651817321777344 -0.0254135131835938
-0.0877761840820313 -0.0123367309570312 -0.0653648376464844 -0.000167846679687506
-0.0766830444335938 -0.0422821044921875 -0.0610008239746094 0.00624084472656251
-0.0656890869140625 -0.0726165771484375 -0.0532112121582031 0.0156898498535156
-0.0419540405273438 -0.09222412109375 -0.0576667785644531 0.0288429260253906
0.02386474609375 -0.122848510742187 -0.0626754760742188 0.0212287902832031
0.061920166015625 -0.110542297363281 -0.0651741027832031 0.061614990234375
0.112770080566406 -0.115234375 -0.0727996826171875 0.075042724609375
0.168258666992188 -0.080169677734375 -0.0542755126953125 -0.0415802001953125
0.13262939453125 -0.0656661987304687 0.013422966003418 -0.00945854187011719
0.09954833984375 -0.115341186523438 0.0588493347167969 -0.0393943786621094
0.0480575561523438 -0.107261657714844 0.0511016845703125 -0.0740203857421875
0.000602722167968748 -0.113693237304688 0.0277099609375 -0.0926513671875
-0.050750732421875 -0.0894927978515625 -0.0205307006835938 -0.0820465087890625
-0.0894622802734375 -0.0504074096679688 -0.043670654296875 -0.0454826354980469
-0.0998764038085938 -0.0423660278320313 -0.03240966796875 -0.0215988159179688
-0.107963562011719 -0.0258636474609375 -0.0322265625 0.00203132629394531
-0.0889434814453125 -0.0586395263671875 -0.0298042297363281 0.0150318145751953
-0.0747756958007813 -0.0940093994140625 -0.0345840454101563 0.0251045227050781
-0.0443267822265625 -0.118560791015625 -0.0506973266601562 0.0328521728515625
0.043243408203125 -0.150360107421875 -0.0573196411132812 0.0109176635742187
0.0917129516601563 -0.12408447265625 -0.0496292114257813 0.028717041015625
0.14837646484375 -0.119796752929688 -0.0265884399414062 0.0413894653320312
0.179214477539063 -0.0706939697265625 0.00503158569335939 -0.064727783203125
0.153915405273438 -0.067352294921875 0.0516090393066406 -0.0323715209960938
0.119499206542969 -0.134292602539063 0.0720138549804688 -0.0447235107421875
0.0524139404296875 -0.129997253417969 0.0572128295898438 -0.0655021667480469
-0.00450897216796874 -0.134071350097656 0.0378303527832031 -0.0685462951660156
-0.0612564086914062 -0.102287292480469 0.00763320922851562 -0.0524635314941406
-0.0969772338867188 -0.0603256225585937 -0.00366210937500001 -0.0318813323974609
-0.104354858398438 -0.0538787841796875 0.00503253936767577 -0.0145225524902344
-0.111724853515625 -0.03814697265625 0.00481605529785156 0.00685024261474609
-0.0850753784179688 -0.0710296630859375 0.00364875793457031 0.0264930725097656
-0.0660934448242187 -0.106285095214844 -0.0151329040527344 0.0366134643554687
-0.0307235717773437 -0.128829956054688 -0.0420951843261719 0.0346336364746094
0.0657196044921875 -0.152420043945313 -0.04986572265625 0.000404357910156236
0.114593505859375 -0.11468505859375 -0.0311660766601562 -0.00467300415039063
0.164047241210938 -0.10125732421875 0.0243721008300781 0.00905418395996093
0.159637451171875 -0.05023193359375 0.0611038208007813 -0.087615966796875
0.14459228515625 -0.0554046630859375 0.0834197998046875 -0.0588607788085938
0.114677429199219 -0.1236572265625 0.0785598754882813 -0.0495147705078125
0.0475006103515625 -0.123672485351562 0.0599517822265625 -0.0531120300292969
-0.00804138183593751 -0.126274108886719 0.0478706359863281 -0.0407371520996094
-0.0596542358398437 -0.0949325561523438 0.0388908386230469 -0.0235671997070313
-0.08807373046875 -0.0594100952148438 0.0375404357910156 -0.0184516906738281
-0.0932769775390625 -0.05694580078125 0.0406112670898437 -0.00548171997070313
-0.098541259765625 -0.0467910766601562 0.0400962829589844 0.0161018371582031
-0.066558837890625 -0.076324462890625 0.0314292907714844 0.0431137084960937
-0.0420074462890625 -0.106132507324219 -4.95910644531326E-05 0.0516510009765625
-0.00447845458984374 -0.120460510253906 -0.0344200134277344 0.0370826721191406
0.0866165161132813 -0.127418518066406 -0.0392608642578125 -0.00675201416015626
0.125694274902344 -0.0820465087890625 -0.00897026062011718 -0.0302238464355469
0.158248901367188 -0.0643310546875 0.0743942260742188 -0.0135269165039063
0.11431884765625 -0.0201187133789062 0.101722717285156 -0.106155395507813
0.111465454101563 -0.030517578125 0.101806640625 -0.0831375122070313
0.0920639038085938 -0.0884552001953125 0.0771255493164063 -0.0514678955078125
0.036468505859375 -0.09051513671875 0.0602073669433594 -0.0402107238769531
-0.00556945800781249 -0.093048095703125 0.0558700561523438 -0.0160713195800781
-0.0448150634765625 -0.071990966796875 0.0660018920898437 -0.001556396484375
-0.0639533996582031 -0.0491714477539062 0.0717239379882813 -0.0084228515625
-0.0681533813476563 -0.0504074096679688 0.0690269470214844 0.00455856323242187
-0.0723495483398437 -0.0467681884765625 0.0681686401367187 0.0298118591308594
-0.0409622192382812 -0.0697517395019531 0.05059814453125 0.0648002624511719
-0.0148544311523438 -0.0904464721679688 0.00644302368164063 0.0701713562011719
0.0205459594726563 -0.0946426391601563 -0.0292587280273438 0.0422096252441406
0.0940170288085938 -0.084564208984375 -0.0278892517089844 -0.00609207153320313
0.117378234863281 -0.0373764038085938 0.0152359008789063 -0.0402984619140625
0.126396179199219 -0.0191726684570313 0.116676330566406 -0.0206146240234375
0.0537109375 0.0166168212890625 0.12200927734375 -0.116401672363281
0.064910888671875 0.00302886962890625 0.104202270507813 -0.0986099243164063
0.0589065551757812 -0.0380325317382812 0.0697555541992188 -0.0492172241210938
0.0254974365234375 -0.0424919128417969 0.0590248107910156 -0.0290260314941406
0.00418853759765625 -0.0467414855957031 0.0606956481933594 0.000320434570312497
-0.0189857482910156 -0.0405921936035156 0.0824127197265625 0.0094146728515625
-0.0282669067382813 -0.0335559844970703 0.0928955078125 -0.00266265869140625
-0.0335426330566406 -0.0360221862792969 0.0864410400390625 0.0130691528320313
-0.0391311645507813 -0.0373992919921875 0.0860519409179687 0.0443496704101562
-0.0170364379882812 -0.0490798950195313 0.0581283569335938 0.085418701171875
0.00345993041992187 -0.0610847473144531 0.00598907470703124 0.0882568359375
0.0292778015136719 -0.0595893859863281 -0.0268974304199219 0.0503807067871094
0.0785064697265625 -0.0393524169921875 -0.0196418762207031 0.00268173217773437
0.0863876342773438 0.0035552978515625 0.0338535308837891 -0.0346946716308594
0.0738143920898438 0.0230026245117188 0.1446533203125 -0.0127716064453125
-0.00101470947265625 -0.051788330078125 -0.1533203125 0.0221405029296875
-0.0324897766113281 -0.0199184417724609 -0.0520782470703125 0.0338096618652344
-0.0389785766601563 0.00732803344726563 0.0223731994628906 -0.0140743255615234
-0.0146293640136719 0.0223369598388672 0.0352706909179688 -0.0627021789550781
-0.00260734558105468 0.0210342407226563 0.00679779052734376 -0.10736083984375
5.5313110351563E-05 0.0157489776611328 -0.0649490356445312 -0.114326477050781
-0.00671577453613281 0.0186805725097656 -0.10797119140625 -0.0538330078125
-0.0101490020751953 0.0204925537109375 -0.101547241210938 -0.0192184448242187
-0.0126152038574219 0.0191574096679688 -0.100372314453125 0.00189971923828125
-0.0215339660644531 0.00479888916015625 -0.0972976684570313 -0.00304412841796875
-0.0224895477294922 -0.00107765197753907 -0.0743331909179688 0.00567626953125
-0.0258388519287109 -0.00358200073242188 -0.0642433166503906 0.0248489379882813
-0.0271186828613281 -0.0261859893798828 -0.0735397338867188 0.0404205322265625
-0.0194740295410156 -0.0436859130859375 -0.0920181274414063 0.101959228515625
-0.00189208984375 -0.0585823059082031 -0.129966735839844 0.124176025390625
0.0677719116210938 -0.0740966796875 -0.140670776367188 0.00375366210937502
0.0258369445800781 -0.0417938232421875 -0.04296875 0.0212898254394531
0.00694656372070313 -0.0363960266113281 0.0293979644775391 -0.0260581970214844
0.00699424743652344 -0.0196762084960938 0.0382919311523438 -0.0721282958984375
-0.000162124633789062 -0.0251121520996094 0.0115814208984375 -0.113143920898437
-0.0187282562255859 -0.0223712921142578 -0.0587692260742188 -0.115951538085938
-0.0412940979003906 -0.00532913208007813 -0.100273132324219 -0.0581588745117187
-0.0501060485839844 -0.000667572021484365 -0.0909881591796875 -0.0220794677734375
-0.0554046630859375 0.00460052490234374 -0.0905914306640625 0.00218963623046873
-0.0539703369140625 -0.0207939147949219 -0.0871429443359375 0.00211334228515623
-0.046844482421875 -0.0411529541015625 -0.0691680908203125 0.00959777832031249
-0.0343399047851563 -0.0534629821777344 -0.0630950927734375 0.0264892578125
-0.000434875488281243 -0.0801773071289063 -0.0686225891113281 0.03265380859375
0.0242233276367188 -0.0832901000976563 -0.078216552734375 0.0898971557617188
0.0604248046875 -0.0961990356445313 -0.10870361328125 0.109092712402344
0.128814697265625 -0.0869522094726563 -0.106887817382812 -0.0172271728515625
0.0863037109375 -0.0591888427734375 -0.0194530487060547 0.00844192504882812
0.0569534301757813 -0.0814208984375 0.04388427734375 -0.0344696044921875
0.0306434631347656 -0.0674247741699219 0.0444107055664062 -0.0778274536132813
0.000839233398437496 -0.074676513671875 0.0179595947265625 -0.110694885253906
-0.0376014709472656 -0.0606651306152344 -0.0458755493164062 -0.105659484863281
-0.071929931640625 -0.029510498046875 -0.0788421630859375 -0.0547256469726563
-0.0829010009765625 -0.0215835571289062 -0.0670852661132813 -0.0228004455566406
-0.0899429321289063 -0.00869750976562502 -0.0663566589355469 0.00368118286132813
-0.080108642578125 -0.0407180786132813 -0.0638198852539063 0.00886535644531249
-0.0703353881835938 -0.0716400146484375 -0.0557174682617188 0.0186004638671875
-0.04595947265625 -0.0927505493164063 -0.0589866638183594 0.0309333801269531
0.0193557739257812 -0.126541137695312 -0.0648384094238281 0.0232772827148437
0.0597610473632813 -0.11517333984375 -0.0635566711425781 0.0652656555175781
0.111289978027344 -0.122329711914062 -0.0715866088867188 0.08026123046875
0.16949462890625 -0.0893096923828125 -0.0549163818359375 -0.0411567687988281
0.132713317871094 -0.0729522705078125 0.0151195526123047 -0.0087575912475586
0.0970916748046875 -0.122138977050781 0.0599822998046875 -0.0404434204101563
0.0456466674804688 -0.111625671386719 0.0516128540039063 -0.07598876953125
-0.00334930419921875 -0.116546630859375 0.0263824462890625 -0.0966033935546875
-0.0555496215820313 -0.0898590087890625 -0.0232696533203125 -0.0827789306640625
-0.0939254760742187 -0.04779052734375 -0.0457115173339844 -0.0449790954589844
-0.103706359863281 -0.03863525390625 -0.0334949493408203 -0.0201244354248047
-0.111534118652344 -0.0218276977539062 -0.0326709747314453 0.00459671020507812
-0.0931396484375 -0.0574264526367188 -0.0313453674316406 0.0170364379882812
-0.0804367065429688 -0.0935287475585937 -0.0365257263183594 0.0275802612304687
-0.0493927001953125 -0.119850158691406 -0.0515327453613281 0.0350685119628906
0.0377044677734375 -0.155654907226563 -0.0600242614746094 0.0128326416015625
0.0897903442382813 -0.130561828613281 -0.0492477416992187 0.0311203002929687
0.147567749023438 -0.1279296875 -0.0264472961425781 0.0443878173828125
0.18109130859375 -0.0795440673828125 0.00494003295898438 -0.0669593811035156
0.154205322265625 -0.0747222900390625 0.0528335571289063 -0.0333251953125
0.116439819335937 -0.142135620117187 0.07366943359375 -0.0459747314453125
0.0498580932617187 -0.134864807128906 0.0576095581054688 -0.0673255920410157
-0.01025390625 -0.137199401855469 0.037567138671875 -0.0720291137695313
-0.066650390625 -0.102729797363281 0.007598876953125 -0.0540885925292969
-0.102279663085938 -0.0575103759765625 -0.00466156005859376 -0.0324974060058594
-0.109039306640625 -0.05029296875 0.00448513031005859 -0.0145149230957031
-0.115371704101563 -0.0340423583984375 0.00522613525390624 0.00823783874511719
-0.089813232421875 -0.0699691772460938 0.00324440002441406 0.0275192260742187
-0.0720291137695312 -0.106170654296875 -0.0163764953613281 0.0389862060546875
-0.0359115600585937 -0.130752563476563 -0.0427742004394531 0.0370368957519531
0.0608367919921875 -0.158447265625 -0.0526237487792969 0.001800537109375
0.113632202148438 -0.121589660644531 -0.0322532653808594 -0.00380325317382814
0.164779663085938 -0.110061645507813 0.0257034301757813 0.0091724395751953
0.161758422851563 -0.057861328125 0.060821533203125 -0.092071533203125
0.145904541015625 -0.061920166015625 0.0843124389648438 -0.0615615844726563
0.111907958984375 -0.131378173828125 0.0798797607421875 -0.051544189453125
0.0450363159179688 -0.1275634765625 0.0612716674804687 -0.0547142028808594
-0.0131988525390625 -0.128074645996094 0.0496902465820313 -0.0434455871582031
-0.0648651123046875 -0.0954360961914063 0.041015625 -0.0258636474609375
-0.0929718017578125 -0.0566864013671875 0.0373191833496094 -0.0206756591796875
-0.09796142578125 -0.05328369140625 0.0410194396972656 -0.0068206787109375
-0.102287292480469 -0.0426406860351563 0.0413246154785156 0.0160331726074219
-0.0705413818359375 -0.0759429931640625 0.0328254699707031 0.0432929992675781
-0.047454833984375 -0.107208251953125 -1.52587890625046E-05 0.0536842346191406
-0.00806427001953125 -0.12353515625 -0.0348281860351563 0.0395393371582031
0.0832901000976563 -0.133575439453125 -0.0423355102539062 -0.00577926635742189
0.125679016113281 -0.0887527465820313 -0.0108375549316406 -0.0304126739501953
0.15899658203125 -0.0721282958984375 0.0755081176757813 -0.01513671875
0.116302490234375 -0.0250396728515625 0.101875305175781 -0.112091064453125
0.11236572265625 -0.0350189208984375 0.102203369140625 -0.087188720703125
0.0900726318359375 -0.093658447265625 0.0779953002929688 -0.0540924072265625
0.0348739624023438 -0.0937271118164063 0.0611610412597656 -0.0415878295898438
-0.0093841552734375 -0.0949630737304687 0.0583457946777344 -0.0179939270019531
-0.0490493774414063 -0.0716934204101563 0.0693283081054688 -0.00461959838867188
-0.0675849914550781 -0.0467872619628906 0.0730209350585937 -0.012359619140625
-0.0716400146484375 -0.04833984375 0.0699653625488281 0.0022430419921875
-0.0754013061523438 -0.0447311401367188 0.0700759887695313 0.0282783508300781
-0.0446243286132812 -0.0699577331542969 0.0522003173828125 0.0638389587402344
-0.018463134765625 -0.0921401977539063 0.00785064697265625 0.0726470947265625
0.0188064575195312 -0.0979537963867188 -0.0294609069824219 0.044097900390625
0.09271240234375 -0.0897903442382813 -0.0302734375 -0.00599288940429688
0.118988037109375 -0.0423202514648438 0.0133590698242188 -0.0417633056640625
0.12860107421875 -0.0243988037109375 0.118362426757813 -0.02398681640625
0.0554046630859375 0.015106201171875 0.121368408203125 -0.123908996582031
0.0662651062011719 0.000820159912109375 0.103797912597656 -0.103500366210937
0.0583839416503906 -0.0407180786132813 0.0708236694335938 -0.0512466430664063
0.0250473022460938 -0.0444450378417969 0.0599327087402344 -0.0308456420898438
0.00180816650390625 -0.0480613708496094 0.0641365051269531 -0.00122833251953125
-0.0208168029785156 -0.0403709411621094 0.0871124267578125 0.0063018798828125
-0.0303859710693359 -0.03289794921875 0.0956878662109375 -0.0071563720703125
-0.0355377197265625 -0.0353775024414063 0.08807373046875 0.01025390625
-0.0405693054199219 -0.0360832214355469 0.088775634765625 0.0423583984375
-0.0192222595214844 -0.0497665405273438 0.0614089965820313 0.0854110717773438
0.00129318237304687 -0.062835693359375 0.008148193359375 0.090606689453125
0.0284881591796875 -0.0616531372070313 -0.0274276733398437 0.0522994995117188
0.0789337158203125 -0.0424880981445313 -0.0213871002197266 0.00302314758300781
0.0888214111328125 0.00058746337890625 0.0322380065917969 -0.0365867614746094
0.0759048461914063 0.02081298828125 0.147048950195313 -0.0167694091796875
-0.0247207454748114 0.0235329753647459 -0.100710826098062 -0.113238484149229
0.00891910012882633 0.03487286449791 -0.0516924777707834 -0.0327524700666131
0.0283294862301135 0.0301182247161281 0.0285806600779022 0.00458986656281422
0.0279667379978001 0.00258018443386412 0.0716992818430162 -0.00557761946680277
0.0172298691169132 -0.002907520515554 0.10082722289799 -0.0571560096335789
0.0170625540389792 0.00301762147343659 0.0702241145155569 -0.112624853458661
0.0269817093503111 -0.0011507824855253 0.0103085828288064 -0.124183811589766
0.0284868024248612 -0.00551330220804232 -0.0332674529821279 -0.107942168706888
0.0309513403896977 0.0017342898383792 -0.0464013023215639 -0.0956611385808675
0.0239835984886312 0.012731191142235 -0.0445986911058375 -0.0882112898184007
0.0185042116043549 0.0175641639817328 -0.0413788146861177 -0.0695176028490341
0.0169956819613435 0.0229103016097646 -0.0517287242186761 -0.050524233172312
0.00863087322331935 0.0363004921041839 -0.0704072531845556 -0.0394849181701785
-0.0153747198391358 0.0362369344701366 -0.130431271830068 -0.0240058903255171
-0.0390944261303521 0.0238058132848374 -0.173712198071149 -0.017293773018902
-0.0817194907122604 -0.0173068394062373 -0.0801303213962057 -0.102218588676643
-0.0481123164458622 0.00343590064611427 -0.0389323774185735 -0.0182666737100905
-0.0360925370239478 0.020340941215343 0.0484004614083161 0.0207044724175382
-0.0250207558026242 0.0149146773421527 0.0905978307988889 0.0032606573686786
-0.0180369614633325 0.0306371886357208 0.116210433506123 -0.0538051120577134
-0.000606547996115027 0.04184648771884 0.0817026393217949 -0.10812384144798
0.0246016407607783 0.0439281131199944 0.0236888473459783 -0.119317669174234
0.0387754504737612 0.0366682045182818 -0.0214000048148578 -0.101708909273133
0.0436537493895947 0.0463300171007557 -0.0379859014294322 -0.0881287059654656
0.0246737843805812 0.0548696530367953 -0.0380455451984269 -0.0765111727479535
0.00626997855617262 0.0631938065196696 -0.0363773683205483 -0.0609388473733887
-0.0204690965185453 0.0621330655984705 -0.0467514027678563 -0.0433532707562725
-0.0474235984314368 0.0587072486220652 -0.0592492620742208 -0.0340356843337439
-0.0726720387230848 0.02773128530984 -0.115309850170042 -0.0118277942046507
-0.101153378772885 -0.00424804203849164 -0.155542997643684 -0.00577379660048148
-0.128308324805586 -0.05651092646901 -0.0458015804587238 -0.0755779785258784
-0.103760918064775 -0.0318967575188122 -0.0198988404654765 0.00937006220775121
-0.106000682208383 0.00772196693720281 0.0690734267689085 0.0467502256758789
-0.083056220475383 0.0296519959285702 0.108206197061988 0.0183948532877068
-0.05465195000004 0.0669983048823046 0.124894644110664 -0.0453190844652578
-0.0188147851338728 0.0801300490603782 0.0851303360911574 -0.0912482336057492
0.0185713082727695 0.0838980331293293 0.0347424880359298 -0.0982802655976693
0.0444717757643853 0.0748642214673944 -0.00577855421148896 -0.0819007033539938
0.0515735530451888 0.0839490727783726 -0.0241797617308851 -0.0667049360804638
0.0246698980906994 0.0887802840005453 -0.0279351928769829 -0.0528371123325041
-0.00119997973691942 0.100975666087513 -0.0323626930916417 -0.0432633056197034
-0.0474824565800536 0.0972793795152621 -0.0432149757947693 -0.0335408782383083
-0.0929433988565604 0.0805749824316045 -0.0471936100024766 -0.031375791122926
-0.11916822769098 0.0211296345446861 -0.0888558832416464 -0.00682434658274364
-0.148812318421039 -0.028697383878707 -0.11640080658057 0.0079997000325759
-0.158284998903528 -0.0844231191872273 0.00153670924740374 -0.0394175745790007
-0.147826707973765 -0.0589658110319963 0.00978026436732691 0.0428129266964116
-0.165409158180992 8.20788069849539E-05 0.0880573552487298 0.0730602137219727
-0.132961929007098 0.0489450739126988 0.120145114528686 0.035489903854256
-0.0824973476446313 0.100146089171624 0.123416862990599 -0.0282226630691365
-0.0312534805256923 0.110163388284692 0.0811449908893883 -0.0616491004680382
0.012260284169532 0.112949497660537 0.0428674119731607 -0.0632766876741136
0.0433201076347454 0.100866268147606 0.0106512310129104 -0.0490628502331634
0.0510863117410068 0.108845657267092 -0.0083569281479327 -0.0356987633807389
0.0185531399354767 0.109632195891265 -0.0156007470822187 -0.0208986015666906
-0.0101541276216745 0.122971249392146 -0.0288839426675462 -0.0189740886159052
-0.0683294813680663 0.116221025874751 -0.040115769422119 -0.021057774991017
-0.126066780734103 0.0904172014209387 -0.0356080212232185 -0.0300001954021528
-0.150163688291424 0.0101895419576829 -0.0544957431988564 -0.00894036797706337
-0.17354137594324 -0.0514248954793701 -0.0647106985399084 0.0215954839741718
-0.163427657482823 -0.0945248717213262 0.0559824346229204 -0.00283769182783417
-0.167361026655055 -0.0717692171584984 0.0494830057324755 0.0692342925337662
-0.19441876300251 -0.00283890298297421 0.103267581351038 0.0890773333412269
-0.156531279364458 0.061622420532602 0.12079061327091 0.0495124192600594
-0.0939329884123365 0.118197214050003 0.110708461491155 -0.00348345636478782
-0.0363816984780526 0.122975447535862 0.072072902628139 -0.0206084708030318
0.00584460114859337 0.124882184539762 0.048826310229235 -0.0194075571788754
0.0365147849030821 0.112080101699727 0.0253502002762612 -0.00981666753796953
0.0404332926728975 0.118270171345763 0.00665084540185368 0.00214761348610543
0.00368235346582146 0.11513110291404 -0.00673387311158274 0.0150982559285872
-0.0263687776104149 0.125342768677543 -0.0282094387987118 0.00769763562072894
-0.0872811659609064 0.111435427895147 -0.0381625820488323 -0.00899845163058335
-0.145771843022693 0.0773685654757238 -0.0241244205203752 -0.0286322490411902
-0.158947659271054 -0.011166774871066 -0.0185854000919129 -0.0118018442693398
-0.170361279694263 -0.0708645696631589 -0.00891675099908197 0.0377113039623397
-0.140563142980308 -0.0870960882498163 0.108545101371848 0.0259740012305949
-0.152923123793427 -0.0700877973602415 0.0909406935904884 0.0810636308233233
-0.183269604986385 -0.00624742125369077 0.109463057545793 0.0896497260046544
-0.147612459267742 0.0594265575163481 0.109401849438612 0.0571016234418126
-0.0863665324422939 0.111471933416545 0.0897319482474978 0.0231705182661602
-0.0343626781693924 0.113533012579173 0.0612254399935783 0.0221361879995321
-0.00105619915038259 0.115383062461024 0.0516434096399183 0.0256990095607582
0.0236852252942476 0.106017179792967 0.0356655631961551 0.0298959094067832
0.0223666962128787 0.111243799350117 0.0145411898917453 0.040285439758734
-0.0148346994978412 0.104387009338307 -0.00671841937987772 0.0506885170098208
-0.0450782410572299 0.106478383786635 -0.0363332484116892 0.0333625063271563
-0.0989592411139182 0.0828539083808816 -0.0406169908375441 0.00128686705560117
-0.146755365545232 0.0445033343596746 -0.015348224005534 -0.0244758570452901
-0.142664568082544 -0.0390295013918727 0.0123090118726787 -0.00981518508370792
-0.140297909043858 -0.084278105502984 0.0405577998030817 0.0565530644462642
-0.0934885743386798 -0.0655142192121118 0.149160932848768 0.0405558356693785
-0.109951131047577 -0.0579468805570645 0.124574863003197 0.0752088703485403
-0.138900209706753 -0.0102264972359489 0.105078812140113 0.0768216446633455
-0.111162811096744 0.0422985389871909 0.0895468208332065 0.0566019139077778
-0.0666933338970047 0.0811745559156401 0.0661317972750064 0.0464802315922424
-0.0301626043704131 0.0832695479152888 0.0508917784120863 0.0585648823188574
-0.00844096104471224 0.0872930731306567 0.0523440906252158 0.0634915540884729
0.00840917547245924 0.0836051254944646 0.0399604163416555 0.0641979138131443
0.00304837527097913 0.0877206151884715 0.0134572574794974 0.0749106233265894
-0.0296810322493861 0.0791149546816047 -0.0177544997439841 0.079562021225226
-0.0543889615402783 0.0738955857097835 -0.053650360587258 0.0513390604676937
-0.0943585086253476 0.0438538496087746 -0.0486324428749452 0.00851088125062883
-0.125157153421403 0.00571088693494745 -0.0122363206823011 -0.016478565420418
-0.105050584393901 -0.0609497721712622 0.0325415896259746 0.000196887641303558
-0.0899529792768132 -0.0847031546277121 0.0763279628816533 0.07943614877578
-0.0298738645168112 -0.0365208926836267 0.169826201432903 0.0388112045731041
-0.0493796795735914 -0.0421703236481265 0.140896907027398 0.05573977764003
-0.0745107292186316 -0.0166639867809702 0.0898911657982079 0.0582232167921451
-0.0613831378651502 0.0139698723329888 0.0676277156690523 0.0523744314516024
-0.0417813829123986 0.035978880548371 0.0464386571387968 0.0615705795401315
-0.0262003369555053 0.0401766421644508 0.0434584578006964 0.0817569150060252
-0.0172404955947323 0.0456726278700048 0.0499170254302721 0.0881028384643185
-0.00797211816803822 0.048640946513515 0.037767147075289 0.087783081356729
-0.0114264196711617 0.0517346139723876 0.0053267936221695 0.10006041900616
-0.0312243295277785 0.0445225548452033 -0.0359135762130416 0.0976049164801373
-0.0466910366491271 0.0382069596422875 -0.0750797223539342 0.0601651651038169
-0.0697483147686075 0.0110201063203601 -0.0606299048630848 0.0107303995447179
-0.0839163065189918 -0.0210933816308108 -0.0175773865498531 -0.0087759943181427
-0.0552934938339724 -0.0649518236564114 0.0384577493719644 0.0130979640385514
-0.0293638989454481 -0.066922597133664 0.0930461198768363 0.099957568870992
-0.0237853089952209 0.0255642964964631 -0.107373635180594 -0.106869002615149
0.0107737783973178 0.0345394562486836 -0.054672594882802 -0.0283347987749331
0.030404177055827 0.0290962958197431 0.0291173825919873 0.00440238687130866
0.027903470448039 0.00068504043009931 0.0725022569362267 -0.00859833831050675
0.0163599453786047 -0.00416958625865999 0.0980515974109784 -0.0633396996571164
0.017078554745158 0.00213086459127856 0.0631317379582932 -0.118156294656835
0.0271927540797024 -0.00280830031512297 0.0026149256327946 -0.124481511769755
0.0280195901483401 -0.00780061989525695 -0.0399710166752266 -0.104937893088168
0.0316063889762911 -0.000729585617044783 -0.0538143554874022 -0.0929085279242592
0.0254695297938943 0.0113683883869077 -0.0522328313364615 -0.0859906014998474
0.0200957854832456 0.0166852097646543 -0.046671252756925 -0.0686592776617709
0.0189675302976097 0.0221545920790474 -0.055221580656243 -0.0492383528179934
0.011348728471132 0.0363749408509743 -0.0726021740330345 -0.0367755097261151
-0.0129338538312689 0.0370092238608537 -0.131181571549203 -0.0160978439345455
-0.0379994270685063 0.026214162893416 -0.176406523223672 -0.00595260298427164
-0.0842966692012933 -0.0118379340251042 -0.0861917538586794 -0.0965608400041811
-0.0488759249836277 0.00687010721502426 -0.0404320909858203 -0.013725936119732
-0.0353896331378769 0.0230696430236385 0.0503372766348608 0.0193734035995265
-0.024168180537594 0.0165560203689758 0.091464690190169 -0.000458280476240157
-0.016511394451895 0.0322170394880361 0.113872291902286 -0.0615691118379404
0.00186575676548367 0.0427933796307804 0.0748929345020693 -0.113665803405538
0.0275739002161733 0.0424475723307149 0.0160308017551633 -0.120698365657282
0.0419279202527693 0.0339927086882867 -0.0280472770291291 -0.0997334331567459
0.0473313433205466 0.0433910121806488 -0.0451705072958554 -0.0854079700324576
0.0290956620988781 0.054081601665871 -0.04488417308715 -0.074840797987178
0.0107845937217693 0.0632688190340263 -0.0415414182653895 -0.0602466274423262
-0.0165118980822595 0.0638314890726859 -0.0493554344935223 -0.041985910221349
-0.0433996101734612 0.0622587595433039 -0.0614373561436487 -0.0321165222268678
-0.0715706871607748 0.0323975143449101 -0.115857689825381 -0.00456205154035693
-0.102483191413085 0.00218720850535652 -0.157295886538185 0.00425572718589182
-0.134196965292285 -0.0478046709138726 -0.0494849671260962 -0.0720840082983675
-0.106486012105057 -0.0255525243053333 -0.0194597729710526 0.0128831816688643
-0.105540417801816 0.0152497872735317 0.0720443170485079 0.0444723155252094
-0.0818532540863717 0.035470223697414 0.110356958119084 0.0134524141308138
-0.0505666816881916 0.0712705996540976 0.123392863831907 -0.0530470058073119
-0.0137447407333738 0.0826495493931397 0.0800435701596771 -0.0966715339261827
0.0252942512378272 0.082589224271656 0.0282802426742818 -0.100939082885228
0.0502080928273908 0.0713412545728139 -0.0114089580609489 -0.0801460100540645
0.0578980998749366 0.0803723054609518 -0.0299164463351376 -0.0650464381097148
0.03068445385781 0.0881268746877947 -0.0331086623251986 -0.0515514541767205
0.00598158127943941 0.101195822701034 -0.0373677876496912 -0.0425622151796529
-0.0415037973456744 0.10096578669327 -0.0460610252654632 -0.0316206224403767
-0.0872176911775645 0.0876558726043573 -0.0500944513127445 -0.0303949098671974
-0.11924221882529 0.029303354644469 -0.0885614392177705 -0.00115313330123409
-0.151626484596288 -0.0186230654261465 -0.116990058664848 0.0159363401442292
-0.165216225890063 -0.0736834907677421 0.000149751061464984 -0.038846374945958
-0.15264587706021 -0.0493668517024687 0.0121501459518411 0.0440872872457301
-0.166027802064707 0.0116422436240981 0.0932296645093997 0.0705180721042568
-0.130583555812836 0.0576435584549542 0.122929920121696 0.0303602643848197
-0.0757164225453303 0.106191912803428 0.122651898569075 -0.0361374512847756
-0.0243369606182675 0.113184138418081 0.0780992123647587 -0.0660891172301217
0.0207981885069984 0.112639493782135 0.0388287248036542 -0.0664098098756629
0.0515061722090417 0.0975988303086079 0.00689393679158903 -0.0492351060238787
0.0596243848151437 0.104887154060537 -0.0112211956259443 -0.0343805274113859
0.0261263736480507 0.10958273559458 -0.0187201238951411 -0.0202369254118023
-0.00138306982568422 0.124281424946845 -0.0320066366726424 -0.0185208949200911
-0.061651071511601 0.122079850504562 -0.0422775631711419 -0.0201152167756525
-0.119869924806924 0.0991162046728815 -0.0384368796467658 -0.0296017260614143
-0.150748059744785 0.019491601179042 -0.0549236306391752 -0.00549469125440464
-0.177999761639173 -0.0398441906408836 -0.0644060984927041 0.0267657115463902
-0.171110075582955 -0.0836845170935449 0.0572369807640447 -0.00508829729742788
-0.172185416893298 -0.0611516001893627 0.0534837703963288 0.068653141818415
-0.195375515932089 0.0106149891668842 0.109065800107234 0.0852316033710709
-0.154450366193093 0.0717982877179786 0.12478669010344 0.0446458253159318
-0.085987370751902 0.125343685403856 0.11193637977754 -0.0104022249581302
-0.0281637460428238 0.126087119989849 0.0721991599837833 -0.0248990268088176
0.0152016654511635 0.124435045552181 0.0472186523885362 -0.0228762902123448
0.0447946351002514 0.109344545356527 0.0242790094806359 -0.0110476403556852
0.0493669006416879 0.115444995388615 0.00624448479161295 0.00196642786718949
0.0114381517234428 0.115586458813954 -0.00674579610620558 0.0152795697750587
-0.0176067508779677 0.127265681819239 -0.0303172051566231 0.00886682166810393
-0.0805335124935879 0.118483736379694 -0.0396675760998796 -0.00825105457926231
-0.140430198957313 0.0881636033823546 -0.0271816912068139 -0.0290712262352443
-0.160793329942994 -0.0012662034834246 -0.0196844429217973 -0.0104766491259696
-0.176321621519498 -0.0601870548837366 -0.0070143295905592 0.0387720663535463
-0.148052396276197 -0.0775025321397735 0.112088976300137 0.0201853690971544
-0.157747581890969 -0.0605189227860713 0.0964592939853136 0.0771129809295041
-0.184838257684546 0.0066996123856544 0.115419775066435 0.0854037148153035
-0.145245586628099 0.0690799869634221 0.11381963736394 0.0528061119500476
-0.0788974391124941 0.117774442183849 0.0927323784502515 0.0185026419396669
-0.0276757791083145 0.116521640395951 0.0645985878507459 0.0192896418038504
0.00717575332194758 0.115971939401657 0.0539043382698631 0.022141909902259
0.0321120931531192 0.104412833195091 0.0374684386925306 0.0278541004936803
0.0307733052057578 0.109439193059869 0.0166352009719378 0.0397005878739656
-0.00834166615034171 0.106359231673585 -0.00428249983207233 0.0506467276048512
-0.0376284022071612 0.110228773777415 -0.0364278802122815 0.0347020767412448
-0.0948060444469427 0.0904080319261709 -0.0415052944804272 0.00273276896032926
-0.143787737897845 0.054771849953874 -0.0179437318202152 -0.0251815862075048
-0.146162320486467 -0.0298508920568326 0.0116082610764355 -0.0108572786477254
-0.146919888310904 -0.0755398096332861 0.043508111988618 0.0549946891796933
-0.0989375647433461 -0.059011175273967 0.153681997631231 0.0314378521642876
-0.113856087429236 -0.0512941430612973 0.129350210118597 0.0685156261142713
-0.139734297274275 -0.00154556518123785 0.109792074864461 0.0726873914103109
-0.109630247148533 0.0490787399916327 0.0937269091675583 0.0532325195823161
-0.0609742428807658 0.0854790874970192 0.0700963488090489 0.0435875674760556
-0.0248885183154463 0.0856961884263242 0.0567452519104157 0.0565877218429094
-0.00211881988526798 0.0881756122756388 0.0571666181146081 0.0593972192134984
0.0146651808557372 0.083031446070821 0.0438361278907935 0.0613795221655738
0.00974584610326515 0.0870689780566583 0.0180308409148073 0.0740349491428751
-0.0245097430490815 0.0822424529851426 -0.0135973649889867 0.0801143957299914
-0.0497246638003153 0.0781753742214891 -0.0519118017270483 0.0544981458822462
-0.0929164372217378 0.0502407700919443 -0.0494062591634078 0.0101664756044633
-0.124932848257007 0.0141832407301352 -0.0142258716800129 -0.0179417910544972
-0.109657097996127 -0.0545943948199005 0.0319098474536247 -0.00256778018267265
-0.0957891940153135 -0.0787239013355759 0.080622135897799 0.0753139016289029
-0.0329665909547364 -0.0346031289432508 0.174108516394932 0.0283412842443053
-0.0525370259529167 -0.0394732913536558 0.144599060056488 0.0478378703463748
-0.0763510661904974 -0.0118563823551971 0.093300902449611 0.0541789881476999
-0.0609736384706378 0.017409786071623 0.0706335552350641 0.0502209755811899
-0.0395028302265889 0.0385309459367566 0.0516644474584466 0.0604523315523493
-0.0230481906039081 0.0419971393630146 0.0506062356271548 0.0794399206047343
-0.0142368571084758 0.0470712728209589 0.0564206850464161 0.0843050805129255
-0.00427841070505883 0.0487850848112986 0.0441969676162537 0.0849793293076086
-0.00777008370333297 0.0525749036825866 0.0112154875616019 0.0992223919564098
-0.0280347091241276 0.0473242656240084 -0.0305424331640205 0.099549187041239
-0.0448990408905487 0.0414919613303146 -0.0725863234435866 0.0647407629597167
-0.0698882258106013 0.0156647917336406 -0.0610765404365888 0.0133410747390077
-0.0858095980102372 -0.0154428914765359 -0.0189498128502931 -0.00946291572776792
-0.0596187142064384 -0.0618264935057316 0.038719565880222 0.0100350670945536
-0.0337326874948502 -0.0651659061567505 0.0991563933622163 0.0952410747270236
-0.0226867943474582 0.0266715881299123 -0.110691277326136 -0.0982570344400848
0.0121956211716706 0.0335614127159378 -0.0556347194807378 -0.0236959222831975
0.0318188290249599 0.0271922869905384 0.0291336904969415 0.00395110567066774
0.0276231727981841 -0.000373411174803978 0.0719052472416692 -0.0110705478865116
0.0152801908891575 -0.00447830064099533 0.0935290569325578 -0.067540744793946
0.0172616614581174 0.0015582073487827 0.0549739117804487 -0.119513853114864
0.026673188664131 -0.00405897017022369 -0.0046544638062323 -0.121648491683698
0.0272585256311754 -0.00931600653334543 -0.0448332269281915 -0.0999111542420437
0.0312394204186862 -0.00275265826368303 -0.0588270150579604 -0.0880596923050312
0.0262258308564736 0.00997388507674876 -0.0572354637148011 -0.0820812974985611
0.0208976085708172 0.0153952829557175 -0.0506795639137454 -0.0658900829405904
0.0199190736603771 0.0208613448100877 -0.0570054006570362 -0.0462926713060882
0.0136779536753778 0.0362250683604986 -0.0728764060028761 -0.0340301305702999
-0.0114158434490512 0.0373878223405549 -0.128681120970909 -0.00892778675125451
-0.0360533392893471 0.0279661808952129 -0.174509476732125 0.00376029276387353
-0.0841999876144122 -0.00637166240694865 -0.0885886912613589 -0.0891086339030343
-0.047820732875801 0.0095035883672148 -0.0405931646176401 -0.00991901576759944
-0.0330762741532051 0.0253340311888269 0.0507790771923805 0.0181630980998646
-0.0231723667512056 0.0182287313501802 0.0911883317426202 -0.0039558123890214
-0.0152877556930782 0.0327447958691855 0.109128743765576 -0.0665593193992936
0.00440925529876569 0.0426899069340477 0.0668653970523652 -0.116033116680049
0.030449221818185 0.0399087491742995 0.00877885755298955 -0.118587261658465
0.0431679525670154 0.0308431569268353 -0.0328203625416355 -0.0947227019169364
0.0498448704678925 0.0397136317279442 -0.0496121341544974 -0.0809437424658572
0.031449102585312 0.0516254357462519 -0.0499150758842794 -0.0713812799210314
0.0145495452123558 0.0617650669148792 -0.045850172930945 -0.0580655521930565
-0.0127834629288916 0.0638186794846295 -0.0512208712482178 -0.0398053485646546
-0.0388618241173579 0.0645427819084769 -0.0621240676123145 -0.0299157890365107
-0.0692090536789867 0.0356154492738992 -0.112790394854382 0.00174768008159108
-0.101210272087107 0.00817421739019983 -0.155022089842621 0.0131347902485156
-0.135474565279182 -0.0387258751795333 -0.0511152376003277 -0.0673467029769048
-0.106292517766304 -0.0184011952447056 -0.0185749910841398 0.0157194614774463
-0.102275454376322 0.0219495916382545 0.0730505676591723 0.042091658592613
-0.0795177049817561 0.0399358000693489 0.110222798124199 0.00923285727940073
-0.0461280380267818 0.0734373045871164 0.119040946747164 -0.0589100929201347
-0.00879682970133409 0.0823972702808451 0.0728081823843636 -0.0994157205991025
0.0300245744739515 0.0801623540102629 0.021680546018423 -0.0998422560174043
0.0538760611402544 0.0669361688551763 -0.0156775473573696 -0.0768785376968693
0.0623364951721521 0.0750688233905733 -0.0335669847006833 -0.0609958663992602
0.0354140705031069 0.0853940047884233 -0.0373185322031415 -0.0490460231958742
0.0118790609488235 0.0998118106385288 -0.0405612232572834 -0.0406518936691116
-0.035320117150253 0.101599326820976 -0.0472749376778213 -0.03066420508164
-0.0799811634578724 0.0915194547669813 -0.0511219349439151 -0.0284826575700093
-0.11664610296297 0.0351983038377106 -0.0860774758092386 0.00347060567368636
-0.15090213620427 -0.00993297707669042 -0.115136390776831 0.0225561802457561
-0.167532718195458 -0.0618651207846558 -0.000473752142336959 -0.0372223385368638
-0.1532239303185 -0.0402536869794485 0.0144673495767093 0.0448125869802203
-0.161803739764709 0.0217396192793901 0.0950798580213283 0.0662533512995686
-0.126647280767377 0.0643049063410465 0.123473174147335 0.0257507733325166
-0.0684888205650891 0.10949980675743 0.119228551270203 -0.0421731351750762
-0.0175691230954902 0.113467971554742 0.0737835599079213 -0.0693386079843622
0.0279368315450496 0.109493237084584 0.0336751294913695 -0.0674191513892351
0.0569374934306028 0.0922334514786485 0.00412992006941853 -0.0477975858478758
0.0652327992171581 0.0991244421520087 -0.0138080381359777 -0.0323353189586583
0.0319468888174513 0.107039355918781 -0.0210348010488625 -0.0190117813714494
0.00570907599756306 0.122334878664868 -0.0346854590364188 -0.0177950065268198
-0.0532966594497553 0.123438695590556 -0.0430196368011063 -0.0189886661450144
-0.111632440854439 0.105087988450573 -0.0400703067855789 -0.0284407385777743
-0.147666935685784 0.0280545192674915 -0.0536370721701034 -0.00200392382749276
-0.177972689232488 -0.028653496666546 -0.0623217128218932 0.0304471974971102
-0.17428221232132 -0.0713888247250849 0.0576493621338868 -0.00781036752996749
-0.172966583558108 -0.0508979718400028 0.0564202211189732 0.0659506848455052
-0.191101914916402 0.022098702775584 0.111393984116744 0.0804599246725125
-0.148829991544528 0.0789927204057758 0.125321906387656 0.0400415375766364
-0.0768935231029946 0.128295687182688 0.110133587094817 -0.0157787481628819
-0.0207616588538704 0.126622981265673 0.0710483711238542 -0.027860626144387
0.0228676755839289 0.121494064815651 0.0445103057961804 -0.0255549612392893
0.0514957185539392 0.104102468295619 0.0231464486638959 -0.0115376969129086
0.0557342205685732 0.109527687885519 0.00519243510699104 0.00187299639688333
0.0181953774018633 0.114339585863465 -0.0070626209908962 0.0150610964981897
-0.00982124180763626 0.126300272939074 -0.0310822135552101 0.00931817840563722
-0.0730495586360709 0.121287796879017 -0.0399683404729201 -0.00753941487745145
-0.13265175370937 0.09544919595325 -0.0285626474332387 -0.0285056932296131
-0.158539829545924 0.00794931482396182 -0.0196158377639734 -0.00972034865632944
-0.177126633385196 -0.0488063943075157 -0.0054543305543102 0.0395824980288393
-0.150633803822351 -0.0670128981430829 0.11235468415798 0.014321155570924
-0.158710244631804 -0.0507401686943749 0.0989726971350513 0.0723380775565361
-0.180513720805059 0.0171305064889627 0.117216849023577 0.08031446664736
-0.139688995440691 0.0761166694725779 0.114695207663201 0.0479525891308494
-0.0710983681698572 0.120001083650969 0.0925508937512724 0.0136721073428797
-0.0198701495409762 0.116103688677906 0.0656692481668383 0.0160480651177342
0.0152737313618887 0.113024438752631 0.0537530289052399 0.0184027870712686
0.0388841483693172 0.100015681085164 0.037603436435331 0.0250880312449893
0.0373659023458352 0.104974975772754 0.0179812402087271 0.0380507105199826
-0.00206361508844058 0.105486163903485 -0.00240745107329048 0.0498033206619893
-0.0303112512453704 0.109938331117743 -0.0355552369966249 0.0359480228611292
-0.0884456228133894 0.0946645387403085 -0.0409496805053697 0.00355960229233443
-0.137837956720066 0.0622393461934546 -0.0201301685663342 -0.0254631138841905
-0.146029132808859 -0.0212329571662508 0.0106766513397409 -0.0114089726977583
-0.148981276650499 -0.0658169547141176 0.0455346066570252 0.0523496973652579
-0.101312366007266 -0.0523004007017928 0.153587869072198 0.0232806117477967
-0.114583773289681 -0.0440340885772551 0.130317922630162 0.0610194973134204
-0.137333072803813 0.0076010798099358 0.111627361018285 0.0676329679506898
-0.106291832291888 0.0543414424551206 0.0945099667330655 0.0496820873055189
-0.0546751608421197 0.0877607559303195 0.0719363733138336 0.0395384167468159
-0.0190701692209725 0.0857954026415623 0.0606179343315562 0.052657449625192
0.00349940902148189 0.0862164761683077 0.0593275112991646 0.054972306229375
0.0197754547187496 0.0803407474909717 0.0465202636111576 0.0573339542376025
0.0153269430642213 0.0847226649660343 0.0210040438113743 0.0711462444944213
-0.0189720658214851 0.0823163572451377 -0.00930540403576967 0.0788228529397677
-0.0443105100114477 0.0797312669609954 -0.0492601950775638 0.0557545606858429
-0.0892411801839434 0.0550020315245911 -0.0486567405695077 0.0117308698716113
-0.122080514987765 0.0212019643992062 -0.0159314975476885 -0.0180350491295935
-0.111211452507449 -0.0477327509949667 0.0309436108361486 -0.00445603622963585
-0.0989260400475031 -0.0721423527791388 0.0830493371590681 0.0696935706277103
-0.0341525054075128 -0.0318175405625114 0.173698978573596 0.0186625597722543
-0.0534042254186005 -0.0360571854412208 0.143684331599783 0.0395430363582254
-0.0753179589480437 -0.00721556878689123 0.0946167371160478 0.0502409888979266
-0.0598911694437494 0.0205230869626534 0.0718366317271864 0.0476235358933815
-0.036425350661624 0.0401738487371215 0.0550255752216283 0.0578168485813162
-0.0200992428772053 0.0421056727422957 0.0562811888872625 0.076059948067519
-0.0110410360459178 0.0469077297269795 0.0607895516614258 0.0793166251400544
-0.00105151396215396 0.0481800177907854 0.0475828303908768 0.0804687581181151
-0.00413363405182766 0.0517297341410535 0.0163557397441587 0.0966657178931986
-0.0248221537490856 0.0486432373308494 -0.0241564971811693 0.0987413510686959
-0.0412115461254006 0.0440401700247832 -0.068607378834234 0.0675761252220753
-0.0687912223569742 0.0194836099796785 -0.0600323401883244 0.0153556790719131
-0.0849962507948473 -0.0104930969456822 -0.0197962803723513 -0.0099087085137387
-0.0615926140499124 -0.0573004567557159 0.037912650817792 0.00692460765220387
-0.0363649412201244 -0.0622421619246728 0.102342983216049 0.0882061209118216
-0.0135340212125642 0.033988443331168 -0.134393206608155 -0.0556580082604304
0.0222195302616712 0.0278181399095414 -0.060302333692994 -0.00290376697403644
0.0391129929006618 0.0139653007452187 0.0267128505951569 -0.00317314560490861
0.0253340723343607 -0.0103257473715102 0.0642479825822857 -0.0313130660382417
0.0127705466525473 -0.00932694819039625 0.0646946787973386 -0.0921746007443055
0.0171123700894134 -0.00541953671566713 0.0092859965378791 -0.127662124108278
0.0232858233115809 -0.0141302195555384 -0.0463809201373004 -0.108485971495006
0.0208823447418574 -0.0178821289818286 -0.0739080987079227 -0.0741856163590366
0.0271235408572179 -0.0132643193311158 -0.0834600155390916 -0.0599862219159618
0.0272824837346038 0.00052870990455315 -0.0812388583976767 -0.056704459318358
0.0241724193324207 0.00729587192216188 -0.0697407947628742 -0.0442705487909783
0.0251171331549101 0.01257557749297 -0.0684667101475706 -0.0261410894890491
0.0249755945929655 0.0288741566494126 -0.0782397249794708 -0.0101637475377507
0.00261253338148351 0.0377986909004067 -0.119911536557228 0.0314360197760717
-0.0240846759632826 0.0372060374602333 -0.157480602822007 0.057827623269411
-0.0833529532376175 0.0252889020052965 -0.107739773828166 -0.0561828677598479
-0.0421976049358813 0.0268347556224103 -0.0390279381601431 0.00348092861264648
-0.0206672320404746 0.0353161156254672 0.0525276896161506 -0.000669809649450373
-0.0141057624288654 0.0251030074940742 0.0836338515214437 -0.0339684640631395
-0.00185075369497941 0.0348921795294465 0.0783666232507677 -0.0981148525971129
0.0190768374423106 0.0366614476166773 0.021256213378248 -0.129220392341506
0.0421185721878604 0.0258179190569171 -0.0335385923554698 -0.111940401783905
0.0486279714376835 0.0128527400362237 -0.0623589060004365 -0.0741247854213331
0.0582928042171944 0.0186515054410382 -0.0734885777366319 -0.0566586546917383
0.0459808106229895 0.037527678040243 -0.0716912230742499 -0.0494047989639891
0.0341115357908166 0.0515915457989585 -0.0636114731018367 -0.0394909680796699
0.00952131804997246 0.063118363333829 -0.0604694889455377 -0.0228211009947801
-0.0134834572402519 0.0721118695759828 -0.0659289215093755 -0.00986283910055382
-0.0515215674715999 0.0559103977199322 -0.100913173284218 0.0376455775319947
-0.0911606266927197 0.0396403807247653 -0.135948961291986 0.0626968338952785
-0.142646714285844 0.0130451616138883 -0.0630664601298944 -0.0484458746505691
-0.106744457541156 0.0211587608295605 -0.00734502558698375 0.0183089653955127
-0.0859179854681842 0.0562484109057651 0.0832150048849019 0.0107167376294323
-0.0580392174661567 0.0656868394336336 0.105998004828724 -0.0308157749606038
-0.0165750777476462 0.0822286624422883 0.0885505964684916 -0.0962797299123531
0.0204176644400571 0.0774359429408308 0.0312937920755345 -0.116716170239175
0.0557626370659711 0.0638945986246451 -0.0162087854402784 -0.100782366282324
0.0703697595979932 0.0412142545671423 -0.0415920280368356 -0.0633625608474876
0.0822936897580859 0.0469579863181474 -0.0522823900167727 -0.0436111289664976
0.0608365955252298 0.067016821596367 -0.0536352748990008 -0.0336052817519291
0.0441571975030005 0.0867691718930599 -0.0540069453660144 -0.0256157207307609
0.00135700445816682 0.105409222986143 -0.0537383829062692 -0.0164936710794246
-0.0430252290683267 0.110426839678822 -0.0548667876245969 -0.0120382997666144
-0.0954126779812163 0.0715530303852398 -0.076016549273504 0.0317757857679799
-0.143719971901981 0.038716610640158 -0.0958135517447201 0.060257862386005
-0.180914310313395 0.00266376790530375 -0.00465469201425094 -0.0378978648098471
-0.156745965790792 0.0179899755006874 0.0349567115139693 0.0327356323643885
-0.140410100360588 0.077407921563521 0.111877945843895 0.023156896412541
-0.0919321606933496 0.104955571615734 0.123344845117511 -0.0230017535754091
-0.0246314278945287 0.123007473792397 0.0933105659800846 -0.0820597634408383
0.0233212485736398 0.108659330805721 0.0411129146812322 -0.0903599680960256
0.0638574638728514 0.0917395501346998 0.00533041920185558 -0.0754726137012772
0.0819487413706215 0.0636474846062547 -0.0144821334778899 -0.0441818941844383
0.0924362073734071 0.0673605694518922 -0.0250868184709543 -0.0239031060394598
0.0649001273681293 0.0878707743915257 -0.0288170465281624 -0.0119767823794941
0.0461607928770049 0.109205300719892 -0.0414879728135889 -0.00666711922538765
-0.00855326338041431 0.131509639470763 -0.0465901713707773 -0.0073965976081766
-0.0673824284628481 0.13300884083453 -0.0440759103774238 -0.0157640967462868
-0.127006093090795 0.0754511254086098 -0.0474571163292071 0.0167340450000075
-0.175379280096632 0.0305172442801313 -0.0451807671325464 0.0523175516265691
-0.189312434901257 -0.00481516905435384 0.0590478485016703 -0.0297069139944139
-0.178383259746473 0.0149779523003597 0.0812982864290069 0.0381268472032737
-0.167119400124863 0.0877917149152209 0.13282791000464 0.0291832016974988
-0.106556218729376 0.127153159923036 0.128993495952112 -0.0119989051748655
-0.0256996559360103 0.142608893628169 0.0929793682849809 -0.0554655875254503
0.0244604940328941 0.122390907847883 0.0526930401073737 -0.051818980120071
0.0638327172410413 0.1051298140566 0.0298410912926614 -0.0414850907849034
0.0807935757941634 0.0765169683836733 0.0145784485607919 -0.0180159065895572
0.0875861515417015 0.0803479908252401 0.00354374443660179 0.00115474824975976
0.0548424224515182 0.0986531023537955 -0.00494778048518443 0.0141805126054824
0.0331939185059684 0.117912045479941 -0.0287207848631862 0.0163005319404315
-0.0271226479478077 0.136012063672651 -0.0397978852557275 0.00239301937332887
-0.0900704045135088 0.130436859995247 -0.0333435117355813 -0.0187455738857478
-0.143860537949499 0.0607683037387435 -0.0185727761653616 -0.000438968467078259
-0.181151372535397 0.0112384345647757 0.00913847747750347 0.0434691500385227
-0.165251600151097 -0.00957315878921119 0.115909565905249 -0.0264229127179909
-0.164377219300112 0.00868470514984967 0.121799624419345 0.0302992620494534
-0.159515720482412 0.0797476381812221 0.13867429431278 0.0273085548990548
-0.100195132218369 0.120614896469852 0.12198150513019 -0.000382431505058888
-0.0229363156439952 0.133028862106293 0.0864864356587923 -0.0215271038665997
0.0211569879496508 0.113433534390069 0.0635214081447947 -0.00980190072652368
0.0536164444028951 0.100212342342229 0.0532793598352738 -0.00515329580344062
0.0681686633636891 0.0769454888573643 0.0408416748636248 0.0103648172660608
0.0692944348122169 0.0821796769534315 0.0270912834936517 0.0295651081830304
0.0339716849220353 0.0976317154231464 0.0114469448790183 0.0441834923829792
0.00912443960733015 0.110811000866228 -0.022808229031007 0.0417586878269754
-0.0501642018769082 0.116745004345316 -0.0373216672046739 0.0127723248880712
-0.105244860351914 0.102388919365615 -0.0243554364234085 -0.0179196709603568
-0.14183127373215 0.0291973506440483 0.00730554913711064 -0.0112398730655944
-0.160251821624849 -0.0133102780740382 0.0585394603311479 0.0393391747748318
-0.112685179386884 -0.013651118211672 0.154755572799521 -0.0310572437694413
-0.120982789874224 -0.0011619379545767 0.14633644216547 0.0113598211738655
-0.123117456386092 0.0544211463568598 0.127886901495256 0.0201319186195114
-0.0770283397963649 0.0882084166984312 0.104190964778138 0.00995148390214316
-0.0195916750002718 0.0985780569489654 0.0776697737425296 0.00992122877630144
0.011886960120015 0.0851268611850719 0.0721039191794731 0.0261565329846154
0.033899017278697 0.0788319001202741 0.0723301368774422 0.0264485230194551
0.0450225190917522 0.065999702379388 0.0600611129211735 0.0364898996377591
0.0424255755101479 0.0710819328131232 0.0412757542547297 0.0578635961344957
0.0103554963966252 0.0822580855741692 0.0155831512730684 0.0735187657991879
-0.0139032977792726 0.0875516886463715 -0.0278723702466967 0.0646734017620978
-0.0639195195173205 0.0803773899496766 -0.0409385769391088 0.0232907988339746
-0.104117428765868 0.0593043947928761 -0.0190785443802974 -0.011687367371595
-0.119065032052075 -0.0067395292301681 0.027539761413853 -0.0118655207487701
-0.115559744225977 -0.0357780599768594 0.0970953295964003 0.0428393138507162
-0.0424759857418763 -0.0187958568651812 0.169230043235909 -0.040176174321377
-0.0611772464540524 -0.0155445067213792 0.14935434973307 -0.0106716350104618
-0.0713880406122327 0.0194681340977773 0.10637755147922 0.0125556091896892
-0.0473596257188525 0.0401596199793697 0.0833912652514405 0.0186612640015135
-0.019010685836585 0.0493577845104554 0.0694259304326686 0.0341527248087653
-0.00380454415635964 0.0457414495482478 0.0774881843839645 0.0496885436814633
0.00617937081221742 0.0477024001996703 0.0830312448139678 0.04927851844839
0.0152928392373623 0.0439889362251801 0.0692500118965186 0.0561682128549438
0.0135645597417083 0.0479260328432786 0.0458852439745853 0.0823555518473295
-0.00595906345692894 0.0528511677944431 0.00899917776580322 0.0967957968738023
-0.0232261204176058 0.0538376945020955 -0.0407986539025227 0.0822457621890085
-0.0573521806716306 0.0408425959179542 -0.0504561792916199 0.0316458547439294
-0.0809151356377816 0.0175789292689319 -0.0208917461472599 -0.00279446179323516
-0.0762566034196382 -0.0325655721039588 0.0362769655460385 -0.00442043511171004
-0.0542909337328789 -0.0466092223145141 0.119333407562976 0.0518639950022823
-0.0127756372072345 0.0344018943407174 -0.132420532657454 -0.0528722657027114
0.0220033885493136 0.0275695412201454 -0.0583309832006362 -0.000292005897000141
0.0391284623355988 0.0130065337897408 0.0270119079177662 -0.00224908388914474
0.024612047359024 -0.0101472836075511 0.0642990291133833 -0.0310995746830732
0.01202995798895 -0.00826707112920553 0.0629281776860515 -0.0921905849889494
0.0169082851040702 -0.00551214489842435 0.00651057409911602 -0.12564981497002
0.0230724130958676 -0.014654371255848 -0.0473279586867436 -0.105721965081531
0.020167058749316 -0.0178856126468052 -0.0737068229716395 -0.0719425447839157
0.0268022896438066 -0.0140906230367214 -0.084038006099782 -0.0571574844174159
0.0274521670805266 6.60544239474044E-05 -0.082503626804594 -0.0539037402457762
0.0242255937942744 0.00673116793598697 -0.0708806733934807 -0.0433365296210522
0.0248120205276533 0.0123624218287369 -0.0684587323161395 -0.0254772348697299
0.0258762012195176 0.0282623611560674 -0.0775676778437322 -0.0105746650350525
0.00274202745697379 0.0379394720803578 -0.116619717163585 0.0326610779207641
-0.0231796374149732 0.0376202777860753 -0.155462119052866 0.0603619785675152
-0.0822425213786079 0.0274970373367716 -0.105408713480839 -0.0525654590170409
-0.0413663662086418 0.0277976695510026 -0.0376475701816316 0.00541901607898459
-0.0193037561876212 0.0355621375587101 0.0526310686037007 0.000114351080892084
-0.0139244788500054 0.0256591016211658 0.0838632738124515 -0.0337430264073259
-0.00137752655787463 0.0353572229788396 0.0759447416528139 -0.0983792785702358
0.0200376983361409 0.0362438238956392 0.0182586111883725 -0.127290430895024
0.0425323666567338 0.0245530457510789 -0.0351506974202304 -0.108888343683454
0.0484388760656488 0.0111779547448361 -0.0622089185534189 -0.0714701841124627
0.0580350942082891 0.0167380540054571 -0.0739216789777577 -0.0531259731684539
0.0466690732090709 0.0363038738784762 -0.0729377116900258 -0.0470036516891934
0.0348896240504207 0.0503492286423629 -0.0654137830048882 -0.0382257374797926
0.0106136143120821 0.0622523872743792 -0.0608503871115643 -0.0227827664602848
-0.0113279773361338 0.0715280572986435 -0.0657233386529928 -0.0101458838905654
-0.050565318608044 0.0565492381437051 -0.0978593010391113 0.0381547093835755
-0.08998501163136 0.0415149180242145 -0.133625710621969 0.0654615543419064
-0.141057457930173 0.0165355807653964 -0.0614852684450479 -0.046320321294931
-0.104989279778965 0.0233431109914734 -0.00630988236725155 0.0195140211452251
-0.0830050741927819 0.0577989026423456 0.0829220387982391 0.0107396172778146
-0.0561249146875517 0.0663262062043632 0.105710920806375 -0.0306029788763893
-0.0146562689612142 0.0821858480812339 0.0857182377799036 -0.0962942387795039
0.0223258812232251 0.0766938159878941 0.0290037091026027 -0.115856126853663
0.0569174592786416 0.0610256241661054 -0.0177276927897775 -0.0976781692883421
0.0701983085500442 0.0385440298467569 -0.0412100841315451 -0.0608013453106082
0.0819650061722838 0.0434184772171875 -0.0530800920464236 -0.0409602941656459
0.0617305366410504 0.0653104814097203 -0.0542706703831476 -0.0318528305229764
0.0458104658997604 0.083998607393715 -0.0559337582695152 -0.0248570683207966
0.00376059677165766 0.104520138632476 -0.0543323108742363 -0.0164972214702775
-0.0398263867033201 0.109887319286965 -0.0552830699134413 -0.0120430778384366
-0.0936084602431664 0.0728960750919413 -0.0730054960745545 0.0326157880175101
-0.141992779201119 0.0418128653342089 -0.0939631403083738 0.0621015870018076
-0.178848362338232 0.00773457897621236 -0.00401504651231368 -0.0369132987972114
-0.154939715838794 0.0207205480095583 0.0361611089592792 0.0334626650116941
-0.136027108187939 0.0794078794946771 0.111978174208404 0.0231184962271372
-0.0892068404333009 0.106268036215254 0.122824133233711 -0.0227448337880207
-0.0217716829309337 0.122186063432444 0.0909529566009947 -0.082757277944777
0.0251625184191233 0.107399833844507 0.0399144489887765 -0.0893494948226185
0.0657923365696258 0.0885662166821019 0.00384530986688567 -0.0734251560386144
0.0824063000605454 0.0602442437673097 -0.014067037528455 -0.0423085610073021
0.092802479629568 0.0631672436948794 -0.025663442050494 -0.0223574249667514
0.0660031499363786 0.0856317029447106 -0.0299344747444269 -0.0107136280265197
0.0481394294209876 0.107014860100426 -0.0429030005392504 -0.00593536036135124
-0.00519146602204955 0.130339954792035 -0.0471196228010051 -0.00790868023328864
-0.0633503640101458 0.13312306804851 -0.0446163305348379 -0.0158023699493617
-0.124675364318935 0.077548950540735 -0.0457389234317954 0.0171708955527546
-0.173476939379139 0.0344289702567325 -0.0432680364935633 0.0535767861823681
-0.187383859248857 0.00079894995965524 0.0594856543928126 -0.0299849498283814
-0.176289105363081 0.0183556758429249 0.0813670145835819 0.0381903443303759
-0.162560314067636 0.0905465778954691 0.132175997704296 0.0287162132599156
-0.103502465782567 0.12848933428747 0.128933557626805 -0.0119870023984397
-0.0223238026289008 0.14141882938044 0.0908660419093332 -0.0556711931134844
0.0270124407540367 0.120622896844898 0.0519330796074189 -0.0520148935203367
0.0660943953981901 0.101668499927159 0.0284507269964091 -0.0410121147399973
0.0818531112639963 0.0720383836269249 0.0146668135206114 -0.0175875045981236
0.0887402454062358 0.076193985706907 0.00326366455533071 0.0013123811661494
0.0564818465881559 0.0973173915636174 -0.00521153073334339 0.0143533873971069
0.0355884208699118 0.115748953597192 -0.0297033257515348 0.0169459469657895
-0.0234328991197191 0.135598507946406 -0.0408428086727088 0.00130591797766244
-0.0853501250374747 0.130807684185207 -0.034262072287397 -0.0190842093882606
-0.14104466192825 0.0634836860685488 -0.0178973250794349 -0.000317990290629417
-0.179482677153504 0.0157985082882172 0.00997923462409023 0.0434529619513606
-0.163181991956192 -0.00495400424492914 0.115486280103818 -0.0281648137648117
-0.162650235455901 0.0119874305790401 0.121230488587036 0.029115140198779
-0.155244223066827 0.0817807314299301 0.137932521247805 0.0266270057596386
-0.0972872839199398 0.120865366070883 0.121788613962964 -0.000296703033832783
-0.0199061731962479 0.132114730511778 0.0857104873757526 -0.0227472074389429
0.0236731927607815 0.11155099102234 0.0637287036922427 -0.0106891129161011
0.0559556060213453 0.0973333494776008 0.0523769714691068 -0.00582978599674685
0.0693133961423222 0.0733400680044913 0.0403043870018691 0.00954150187966908
0.070222841558815 0.0782657163996841 0.0272314747082682 0.0287052295343637
0.0359977855769678 0.0961757502167093 0.0114147201770049 0.04318457110605
0.0115619400942696 0.108922985741746 -0.0233139175651764 0.0415676972951078
-0.0471871253753833 0.117164093055155 -0.0375817852794366 0.0124086157301341
-0.101240080654002 0.103349820546475 -0.025536873025096 -0.0186153282082366
-0.140032732096106 0.0317911455259066 0.00741667966161513 -0.0119568193773605
-0.159047896363366 -0.00954598012089073 0.0586183466790399 0.0382590780908992
-0.111521291357039 -0.00987030013113245 0.153382305656239 -0.0334625089363887
-0.119992296111301 0.00104580133997201 0.144511349311621 0.00989464018894353
-0.120463401749268 0.0565670678438554 0.127398694265167 0.0190367435005082
-0.0750533996602123 0.0884008024413199 0.104314353441649 0.00984180238784397
-0.017127495607555 0.0971334868416601 0.0777914290436105 0.00928577349977114
0.0136905127773462 0.0838135839409841 0.0729643024659409 0.0245368672561346
0.0353753699002561 0.0771473133113526 0.072220961118315 0.0252177887260951
0.0460007468722424 0.0628065434435083 0.0597627971663898 0.0345919277008491
0.0439376460640373 0.0685461710259797 0.0411927206331981 0.0561377682563146
0.0126683924990297 0.0813447810028637 0.016391842463542 0.071420795694181
-0.0115584958101379 0.0867318696135145 -0.0272236897231596 0.0644798130436044
-0.0620199355050568 0.0816186498008463 -0.0417097864415049 0.0226395745948359
-0.10141303195952 0.0606802546810915 -0.0199830121617202 -0.0127068573665834
-0.117349701143134 -0.00448860453635526 0.0266353772524848 -0.0124112084305351
-0.114970608670599 -0.0325799304138763 0.0964468758724708 0.0406339304693764
-0.042138890366318 -0.0172248081610786 0.166854186474505 -0.0423005173547824
-0.0606095944081822 -0.0148490144547727 0.146740332024505 -0.0127753396644098
-0.069850414953835 0.0202934654884341 0.105820642702219 0.0124424538784756
-0.0464665592784625 0.040625376225231 0.0833427082588483 0.0185044812152973
-0.0176412636966498 0.0485642224448001 0.0703216855837275 0.0331617213655975
-0.002512948747887 0.0453859768725551 0.0787095956557588 0.0475863052062015
0.00756560870549077 0.0469849129064892 0.0829712071400779 0.0462765143493353
0.0163361224870517 0.0422105726350748 0.0687536286407647 0.0537444668890139
0.0144576674895705 0.046143121468404 0.0459075021445741 0.0798667868048235
-0.00458025663648397 0.0524009450669878 0.010446432547022 0.0947949524908482
-0.0217410231816187 0.0544444365417314 -0.0394151261291771 0.0815878887924742
-0.0566010361953456 0.0425362765542023 -0.0509082801980046 0.0314359894123976
-0.0792250208414148 0.0190163978818683 -0.0216285797229515 -0.00369526583549752
-0.0757442797847399 -0.0306082484557566 0.0350714939718004 -0.00543727107364381
-0.0548707180956261 -0.0451341095303595 0.118145222725074 0.0497813977744285
-0.0126578854238971 0.0349543806556271 -0.132748038185054 -0.0503640263714496
0.0218677151719406 0.0276916579066258 -0.0578673916319322 0.00227254771143439
0.0392819479270336 0.0129863630589844 0.0279813797838128 -0.00103415641766582
0.0243036756908057 -0.0107490983465687 0.0647385041960044 -0.0312119339435097
0.0117309718513791 -0.00764543322034195 0.0624167601115795 -0.0934653235734328
0.0167019482547786 -0.00560289930431192 0.00461671931225926 -0.126256325372449
0.0227156954293493 -0.0155663547833432 -0.0486006819050689 -0.104865592209132
0.0193934650875032 -0.0184640525584616 -0.0743350905020862 -0.0705217595273365
0.0261358238382957 -0.0144788930939656 -0.0862405513569149 -0.0554953150761428
0.0278588742629743 -0.000730769975901742 -0.0850626822904059 -0.0523437216295741
0.024839819556767 0.00684717034745689 -0.0731634057088341 -0.0428807001212295
0.0258412308722602 0.0122554364070673 -0.0698823477581374 -0.0256154030661346
0.0271869088976154 0.0280954515960617 -0.0787019336119286 -0.0113376952698449
0.0027606359111556 0.0385895652028682 -0.116324511317473 0.034087210939814
-0.0229016005200023 0.0383581310608225 -0.156029143646665 0.0639118215716052
-0.0824773703581778 0.0297477903739514 -0.105472998403174 -0.0515799113762794
-0.0422655209416837 0.0292536140021668 -0.0360497269764345 0.00754049447429043
-0.0186164093695746 0.036274302769013 0.0535763689716805 0.000998466171960774
-0.0135501821062435 0.0265238492169038 0.0856300092157243 -0.033905063822603
-0.000966138455314389 0.0364065240442368 0.0751842027695399 -0.099768711906079
0.0213005356408013 0.0362598997040749 0.0159683500239674 -0.128310850517111
0.0432967373277743 0.0233984155761534 -0.0369608382566996 -0.107922948118639
0.0486209161755497 0.00978065981236072 -0.0627680469599227 -0.0699442935478807
0.0584364948828608 0.0149547898347055 -0.0757965668458014 -0.0515406016956491
0.0481491223104554 0.0357980060076476 -0.0755237638821511 -0.0450137252388942
0.0360162416025933 0.0499717564697851 -0.0677524951977969 -0.0375773603265758
0.0118531283284315 0.0632120996763688 -0.0620161644421316 -0.0230160208695251
-0.00966712713961318 0.0728028503319901 -0.066499883553508 -0.0104756796896623
-0.0511691183111307 0.0584501658386587 -0.0966105985614369 0.0395638348739886
-0.0901710162062678 0.0438786170802218 -0.134184299560556 0.0684410068808401
-0.141692453274325 0.0207655413195349 -0.0606217989299895 -0.0456098137941033
-0.10655289088679 0.0257938364245551 -0.00466114267031977 0.0214061594564387
-0.0822549097646581 0.0597898547596463 0.0845278874095052 0.0117261122074851
-0.0557370926112982 0.0684515421170356 0.10778250848947 -0.0304068435235168
-0.0132580596201617 0.0831543790896391 0.0851671874298918 -0.0977116532274146
0.023862297835634 0.0770967749079688 0.027748439746473 -0.116393070079832
0.0587973174536671 0.0598074990211042 -0.0191031470001858 -0.0971078338282201
0.0709345431913536 0.0369356640588885 -0.0413247296290364 -0.0601618894138344
0.0828531488209259 0.0407766968456278 -0.0542988398041931 -0.0396481404246081
0.0638121432592674 0.0647919797357311 -0.0568515416402579 -0.0301092716897011
0.0475360013300894 0.084162222414461 -0.0581614603387725 -0.0239055354067426
0.00534836547033719 0.104984567465762 -0.0561522031163855 -0.0169009468466755
-0.037185836255112 0.111334922168711 -0.0563668249099736 -0.0126136238321874
-0.0938456279351702 0.0756771553204874 -0.0716427319194958 0.0331828009346875
-0.142551103475405 0.0457285971150493 -0.093560781412528 0.0646543665163496
-0.179544461898497 0.0119968708511444 -0.00277401906087746 -0.0369256717880046
-0.156248169665239 0.023325633101632 0.0371545215869866 0.0353173807595655
-0.134853123014087 0.0824153990810362 0.113995992790169 0.0237587627418011
-0.0881060007754546 0.109032681988576 0.124867418317292 -0.0230602263146098
-0.0194395847844478 0.123825771966429 0.0903274026148596 -0.0833100632594887
0.0282813266748134 0.108149043787776 0.0394224166622558 -0.0905950844429364
0.068360300842897 0.0872451908338074 0.00310214360612112 -0.0734576959716717
0.0835082926561345 0.0576319134795958 -0.0143093361198267 -0.0415820951110871
0.094458534932596 0.0606270527186404 -0.0264876849975824 -0.0208642417783525
0.0684614905397642 0.0854331751009997 -0.0314505836802528 -0.00988750268573104
0.050406418756038 0.10581024278464 -0.0454977229849815 -0.00504064898441833
-0.00321115142833767 0.131981802964534 -0.0493004159566574 -0.00828727697919371
-0.0603484772983032 0.135160645368671 -0.046411243346701 -0.0164425325780647
-0.125106178501411 0.0805294164562894 -0.044332872562198 0.0176832299093181
-0.174860863722015 0.038433197651701 -0.0432230260130462 0.055479941211352
-0.188294771781847 0.00517750156245673 0.0607675198460187 -0.030730563764661
-0.177463121487801 0.021391371398289 0.0835253122628835 0.0389571271717531
-0.161191738436215 0.0938477055304405 0.134615249555359 0.0297228102199474
-0.103010504670391 0.130832712827816 0.131682637253525 -0.0112404655851114
-0.0195379604094768 0.142733822590242 0.091091344613964 -0.0571340963280467
0.0303513074334026 0.121246469354104 0.0528010676573547 -0.0531578549845234
0.0687556229337313 0.100055913954891 0.0283252441531308 -0.0408284898551144
0.0837121362510565 0.069419314401539 0.015133937176951 -0.0173688076496764
0.0904864093980433 0.0733746331504647 0.00310526322488458 0.00195571908739414
0.0594703101373836 0.0970744714520655 -0.00648640663521022 0.0152589022702317
0.0378239724290838 0.115416382328886 -0.0314077580433343 0.0178234112006369
-0.0212246159635893 0.137290991328043 -0.0422254870548882 0.00122136107773748
-0.0830545106537358 0.133040022259409 -0.0363443210087173 -0.0194028359996319
-0.141584094136701 0.0663615040935995 -0.0174299247309464 -0.000388460816042546
-0.180621057833963 0.0197207781567014 0.0106183183711204 0.0441535408883007
-0.164940838744561 -0.000705077541484089 0.117089487010952 -0.0300352704566717
-0.163756613524565 0.0140616350945714 0.122621477316126 0.0287707035105969
-0.153718249721943 0.0852871042484997 0.139814163507485 0.0267831116514088
-0.0967106796896724 0.123739180024706 0.124214928926256 0.00013270865569103
-0.0177106148195098 0.13340397939633 0.0871427280019508 -0.0231520014313124
0.026601645216772 0.111815998388996 0.0651402039294475 -0.0115139907265418
0.058165002958393 0.0955045564959763 0.0531517194677802 -0.00593056413835983
0.0706802816489708 0.07131242838874 0.0407056791138141 0.00934138902743194
0.0720404567712525 0.0762396078399422 0.0273407074319682 0.0285732564563081
0.0386492937429465 0.0967097718655192 0.0115269536506536 0.0433788804031606
0.013653255636541 0.10908278394304 -0.0243400941943178 0.0425333425064261
-0.0455068968116225 0.119227159935061 -0.0395437873193941 0.0120923754470704
-0.0998455851709746 0.106393006759491 -0.0267706278015388 -0.0189989894583418
-0.140711179322398 0.0340702140012266 0.00767342594636318 -0.0123069885689759
-0.16062429724098 -0.00583546680888485 0.059595708471541 0.0379234174400278
-0.112031261777813 -0.00679948743852997 0.155316407300965 -0.0363353391379487
-0.120827155975219 0.00249682870185565 0.145599062016181 0.00895570825694899
-0.119725684221671 0.0585255162002218 0.129420197412812 0.0190905205574528
-0.0748549865368796 0.08986730697063 0.106096755222877 0.0102658882323658
-0.0154856198863308 0.0980500659038355 0.0793349626975854 0.00844228325677998
0.0158494129448731 0.0839016738959155 0.0752122985425789 0.0229688692296978
0.0375349337949695 0.0763838895876769 0.0725478306940012 0.0242151013346688
0.0476481342384708 0.0611627524397224 0.0601575148353526 0.0337124927508528
0.0453363506927413 0.0671412877739174 0.0425140537994951 0.0559041449413942
0.0146019381198907 0.0816330964670744 0.0164994574052089 0.0716111282374743
-0.0100723271586951 0.0873127245551967 -0.0276803066699004 0.0654861666313215
-0.0615230478205318 0.0832827539960946 -0.0426370473586401 0.0225903270246108
-0.100873810778078 0.0627501153089817 -0.0218425137400039 -0.0133273575608063
-0.118537551528059 -0.00239520296580922 0.0264427159436243 -0.0128651347645365
-0.116523708148384 -0.0302899926251053 0.0978903889650689 0.039967399604967
-0.0425486237797068 -0.0158134644043246 0.168721643478345 -0.0456349911856052
-0.0613565098160319 -0.0142182186701884 0.147416367140264 -0.0143952708267096
-0.0699062341898383 0.0220427759229739 0.106909780569986 0.0119502536095713
-0.0464334248975055 0.0416533007056402 0.0856760874509612 0.0187912867530724
-0.0171190852617129 0.0490890559182359 0.0722246768706926 0.0328162163764098
-0.00160163447899847 0.0455633500950469 0.0815592952436237 0.0462924863864384
0.00853321017589131 0.0465457383195101 0.0843730325592882 0.0449580579033841
0.017615075786587 0.0418747002610636 0.0699858836529803 0.0523668054704082
0.0155698202921621 0.0457947667903632 0.0469957068707612 0.0787130548970601
-0.00326165899423298 0.0530326668211797 0.0115868102068629 0.0945133106879783
-0.0208638231808734 0.0549583160561821 -0.0387651576616204 0.0824991450497194
-0.0570435138588424 0.0440357009136432 -0.0519093756883644 0.0318281412140424
-0.0795306435426862 0.0200532308629522 -0.0229163763780538 -0.00431771205815923
-0.0764953475082014 -0.0304119302076113 0.0346602365148043 -0.00630590410094016
-0.0557470337773106 -0.0446257707548557 0.119270496069197 0.0476050932083886
-0.0119632863685035 0.0365352758822119 -0.135337144579593 -0.0470648073679511
0.0223488169466661 0.0279261665821544 -0.0578890281305616 0.00572696169297542
0.0405951726040551 0.0118359662149581 0.0292275982180968 -0.000522508984754931
0.0250847658579291 -0.0111997945822815 0.066582224006393 -0.0324657519972263
0.011877727599446 -0.00734814424668678 0.0615444045999187 -0.0963973576100336
0.0171023011795584 -0.00582921725840659 0.000299573804648538 -0.128155723201828
0.0223779406522766 -0.0165759629410255 -0.0516691027737869 -0.104683655023895
0.0184514662522934 -0.0198752562925036 -0.0764663685886241 -0.0690009931679429
0.0256674182000897 -0.0157827737072474 -0.0898242738957307 -0.0522933462475683
0.0283026782236435 -0.00188824207519147 -0.0893499421051715 -0.0492883705167009
0.0256678913424961 0.00600935669336291 -0.0767788600698031 -0.0415116266069068
0.0262409570373338 0.0119451959587824 -0.0722158584484865 -0.0247982007259605
0.0288852718352682 0.0282410088108004 -0.0802059025662615 -0.0103022738497808
0.00384663164273506 0.0399161893290972 -0.116256727751169 0.0365692269865957
-0.0218883349621844 0.0401706704218422 -0.157099490346974 0.0706659933220651
-0.0830525797724062 0.0339186113554606 -0.107145981885939 -0.0484860976052561
-0.0425518551179375 0.0312573440363849 -0.036022468494828 0.00997242539819411
-0.0177015046617715 0.037599457019386 0.0553605488794234 0.000893855266921007
-0.013173689986225 0.0280393772193921 0.0870444885970898 -0.035487543341005
0.000301731374674 0.0379097591407801 0.0738031000403785 -0.103303638661205
0.0231995860212167 0.0366906374847929 0.0125916619024096 -0.130296090463346
0.0449511162000583 0.0219176811590452 -0.0401695915123169 -0.107810534224343
0.0492661071298517 0.00793877488212823 -0.0643580078017522 -0.0687732839620622
0.0598085756064129 0.0128382160038734 -0.0792770879622991 -0.0487356158664083
0.0501516280576349 0.0345838783012735 -0.079391839641014 -0.0424635602280084
0.0385942049349324 0.0495290213721173 -0.0715348451946681 -0.0361834091677867
0.0142539388165383 0.063470369703208 -0.0650782949778503 -0.0226074469049694
-0.00673066529530604 0.0740269888821836 -0.0684462334763769 -0.00986910537078509
-0.050136160250033 0.0618146059013961 -0.0956479192792859 0.0420708870102025
-0.090182908337903 0.0482269470764855 -0.134516372804222 0.0744944858107157
-0.143736642159294 0.0266312099114805 -0.0611016768669184 -0.0440354973951275
-0.107826558365773 0.0300288527675179 -0.00283648118434233 0.0237017016992622
-0.0811251748003647 0.0636250790052483 0.086985196952005 0.0116331584910009
-0.0547866323137935 0.0719039438645639 0.110142276336948 -0.0323983245026907
-0.0105404758124559 0.0855259731368639 0.0837185622909567 -0.1014896763536
0.0275268027578785 0.0781372801662775 0.0253086768757637 -0.118978017623785
0.0625349968395839 0.0583091223923396 -0.0220590558013174 -0.0970824781393448
0.0735729764928536 0.0340135879019618 -0.0426785434781707 -0.0595163042743886
0.0851303650940211 0.0372895236376305 -0.0565837233542906 -0.0370905259029212
0.067832140872682 0.0637380825140744 -0.0597788268163559 -0.0279714220442051
0.051392803218585 0.083355966284761 -0.0615404203480971 -0.0219852803777099
0.00933673227509516 0.10684147341401 -0.0587941063802206 -0.016217021519421
-0.0335332545437841 0.114777382469089 -0.0585019522098257 -0.0121832259566368
-0.0933172438741715 0.0802099300037495 -0.0704204180216411 0.0352219589908469
-0.143965641844378 0.0519252027726372 -0.0936824467575468 0.0698835220400072
-0.18228328603476 0.0192327948740626 -0.0018490022120139 -0.0376192888505798
-0.158499843206174 0.029944274072238 0.0400999140131026 0.0360018015888759
-0.133373402141183 0.0886742579541442 0.117588624169573 0.022918078064212
-0.086736579185027 0.114350121472911 0.128647576304799 -0.0249522135598406
-0.0155378390329852 0.125933958399615 0.0897980952885489 -0.0867435892800724
0.032602310831343 0.109367430426851 0.0381468193786593 -0.0930639011962867
0.0731360421036883 0.0853158911823944 0.00123273898296809 -0.0735277961292012
0.086620291855828 0.0548369384352495 -0.0148759172554079 -0.0414452381166796
0.0976194488174216 0.0569301123409449 -0.0271818739626703 -0.0199857696646844
0.0729977082065559 0.0848444184324524 -0.0333048736352097 -0.00825507798228276
0.0549108330929304 0.105860850621987 -0.0473071231235482 -0.00324599138105868
0.00142384419301125 0.134448085458782 -0.0518845762432416 -0.00809552540140057
-0.0559417597554435 0.139440767631844 -0.0484371551875097 -0.0161421366057356
-0.124818828989641 0.0867923143181656 -0.0435701533777332 0.018594921720471
-0.176325556033124 0.0462598345897341 -0.0421067716424544 0.0582821666132251
-0.190859723344974 0.0125934962904594 0.0622399637252473 -0.0330070726215544
-0.180211300520203 0.0276587106031745 0.0865724783569755 0.0384612011736287
-0.159674695106977 0.100402332439304 0.13870093495627 0.0278907442308746
-0.10072211885416 0.136626375675551 0.135445638381394 -0.0137412512550581
-0.0146823061162968 0.145305951024458 0.0913280532454397 -0.0598491507823626
0.0350900871145862 0.12229157641417 0.0530794388070997 -0.0552423878037342
0.0742494652101013 0.0982582946211163 0.0277662429747533 -0.0416317030682605
0.0868814060888002 0.0666661395657059 0.0154863795918505 -0.0176597834699116
0.0941882411855303 0.0696716328238185 0.00274188171360047 0.00227007571352913
0.0644839137029692 0.0969478056959123 -0.00684889136391984 0.0158872086788027
0.0423683024665387 0.1155191449457 -0.0331967154631115 0.0195815865329137
-0.0170213903569254 0.140736038031759 -0.0450948180267667 0.00179894631319449
-0.0790630891228204 0.138524159508312 -0.0383153741786817 -0.0197457012821827
-0.142469527026342 0.0724877007424162 -0.0167091210037392 -0.000267523697765548
-0.183647900238291 0.0274051434958034 0.0120410912474809 0.0450264718411779
-0.166913980105585 0.00619318600972345 0.119501378461879 -0.0338368806866736
-0.166103171986188 0.0196837314127549 0.126056873624809 0.0271370433595597
-0.153014719497081 0.0906207447117708 0.143237996345302 0.0257348290009549
-0.095408861261978 0.128732488166295 0.128144056714922 -0.00133873883464955
-0.0134486942275608 0.135200389991502 0.0878817986642168 -0.0254836978091614
0.0309040840820565 0.112355226407662 0.0674193751875867 -0.0140237994640225
0.0633726358329059 0.0948609013267127 0.0537723040196838 -0.00730874369450827
0.073987804277411 0.068456033941133 0.0422134737626231 0.00854868600007723
0.0754557597062234 0.0736864580617711 0.0281985035522195 0.0282669649193865
0.0428270936072036 0.0970581096650091 0.0120105260767565 0.0436707996375486
0.0177305793447677 0.1101611689465 -0.0251990553759201 0.043572079823629
-0.042355915117085 0.123194801546707 -0.0416320797931583 0.0125861233630243
-0.0969104633149768 0.111139194598019 -0.0290567924696189 -0.0197534267186142
-0.142209462857373 0.0404138428983392 0.00801877169150797 -0.0128467534555193
-0.163450524264952 0.000415077341682261 0.0619653336982963 0.0371859315034101
-0.114012241214826 -0.00269046646947545 0.157942711099787 -0.0413593258261614
-0.122206512258749 0.00613783647787207 0.14887817397326 0.00565510444889374
-0.119226984029199 0.0624815183824341 0.132432741615488 0.0173508464126851
-0.0740987209999318 0.0939096993538138 0.109875269945629 0.00869108774376277
-0.0127721594220698 0.0993023855143833 0.0817216461156119 0.00727004799754935
0.0190778189604046 0.0842820638836634 0.0789010561077899 0.0216259262049678
0.0413955191119978 0.075658605513243 0.0746579717757027 0.0223891850636809
0.0506261702077176 0.0596883405290859 0.062218943332627 0.0324159991544829
0.0478124644555786 0.0657275348772716 0.0441206410347884 0.055247683015765
0.0181129293015549 0.0827764059990577 0.0185627980320581 0.0720355007333313
-0.00707882006691763 0.0892064385706294 -0.0272377277025969 0.0666659662879847
-0.0598518858055859 0.0877180812417132 -0.0447681791329458 0.0234278917500636
-0.100043885827263 0.0668885604490582 -0.0232954183955026 -0.0134294580429237
-0.120863699117068 0.00124718319456124 0.0265836283619451 -0.0141070698840993
-0.119750613409882 -0.0263707391026611 0.100432544566678 0.037898553901292
-0.0433624431468662 -0.0146672918308364 0.170426316208844 -0.0517179000656241
-0.0628761374347938 -0.013332659944059 0.149586429197646 -0.0179241993555642
-0.0700115632490989 0.0237693273241064 0.109399269065946 0.0103084918814691
-0.0468827494578287 0.0435820681462021 0.0882455780315859 0.0178415745615259
-0.0158206819023917 0.0495793147605794 0.0761052797567816 0.032088515733306
-1.89321196141321E-05 0.0457582766913048 0.085618891875012 0.0446154331706558
0.0104309977511197 0.046828957425958 0.0869443861020495 0.0429625925942837
0.019527647125336 0.0413760026310386 0.072149839888475 0.0510426999020456
0.0173452003255003 0.0456442778510247 0.0498303799706794 0.0783367569981049
-0.00092834458790981 0.0544518104307892 0.0143186045287337 0.0948496228949639
-0.0192321744882319 0.0567901227883646 -0.0379001287797824 0.0849446772632245
-0.0565335670683097 0.047262514172586 -0.0533197349017032 0.0332010433867118
-0.0803162613640271 0.0230853559460652 -0.024669062675211 -0.00491024269124858
-0.0792255351224602 -0.028138686875872 0.0351644333524453 -0.0079006925593177
-0.0579839764891349 -0.0430699706590188 0.122622016519495 0.0451826672595866
-0.0103253802716783 0.0380176789187523 -0.136729805480462 -0.0411698183460382
0.0234097379691919 0.0284905599414345 -0.0564862354477835 0.0091765923157268
0.0409257404564403 0.00997851999839126 0.029997707054909 0.000150646814257951
0.0245739090510991 -0.0119138917897141 0.0669495057304915 -0.0345664254391163
0.011684337182607 -0.00751389251703115 0.057956767342086 -0.099676495720053
0.0167097929729079 -0.00671113807995175 -0.00554656961453882 -0.128171820898723
0.0213778519929641 -0.0184759817659685 -0.0563053052141451 -0.10229688955558
0.0175542577068829 -0.0206120231101512 -0.0791239392118091 -0.0660447080662756
0.0249239077158314 -0.0177170863365473 -0.0933919952531118 -0.0474108136644903
0.0287508867278285 -0.00331893590999374 -0.0932788671796374 -0.0447646682571499
0.0266329184625024 0.00466371161138568 -0.0811068139997286 -0.0386652230832446
0.0271846845852114 0.0104599340568884 -0.0745656742165131 -0.0229202844354716
0.0309932874526648 0.0267198716983134 -0.0822483632369696 -0.00814352217867353
0.00587062028078038 0.0407516197093807 -0.114826995962844 0.0410354519797526
-0.0201963575256088 0.0412415668938651 -0.15594510175073 0.0794114976058264
-0.082234491401471 0.0393112374984453 -0.108220017129058 -0.0443032802185785
-0.0421950606124881 0.0346842965835407 -0.0340937573706398 0.013020580066074
-0.0156637128541361 0.0391963063345923 0.0573503554107952 0.000294649389480847
-0.0124051888535703 0.0293937069588844 0.0880233402285618 -0.0378779378871818
0.00224651953190669 0.0384373450571924 0.0702678711390679 -0.106545306513574
0.0251076602248703 0.0363673907844686 0.00666859067152036 -0.131341932894688
0.0467211230238348 0.0190643158256391 -0.0456002588199467 -0.106133314496271
0.0493749851407412 0.00541684923812898 -0.0669449988566402 -0.0657996497576264
0.0603653029536271 0.00917139593583078 -0.0812760488565516 -0.0441119625655107
0.0527144127631106 0.0321379169485289 -0.082736663952099 -0.038076117420195
0.04152249465915 0.0477058383407716 -0.0751899886036807 -0.032921493768479
0.0177370081672816 0.0638575630091698 -0.0670416736169268 -0.0205064757331874
-0.00276334327996587 0.0746158664978467 -0.0698760153508542 -0.0079312287931985
-0.0478049422629247 0.065483166689483 -0.0937429412479159 0.0456708988458934
-0.0885076677471517 0.0539460011550531 -0.132056573878744 0.0828585684706055
-0.143582793401016 0.0348691607043726 -0.0617835325696513 -0.0419946307671046
-0.107517562388705 0.035922840789815 -0.000752863658681725 0.0253721437295995
-0.0776590718571353 0.0681617365761272 0.089284360938347 0.00965960715526328
-0.0520769796717311 0.0756616363414259 0.111912078088957 -0.0362188614866579
-0.0063095527383896 0.0868111986629439 0.0805676443932867 -0.105468568208778
0.0321863427322895 0.0777264076230813 0.0200212796516145 -0.120731672806632
0.0661291774427715 0.055001559875085 -0.0262488138511751 -0.0960072166759525
0.0746610163737661 0.0302245615450196 -0.0441690095385921 -0.0573834657535762
0.0875199913348111 0.0325641778001078 -0.0586126672618339 -0.033729238231596
0.071141648166077 0.0608292533979356 -0.0622151551237721 -0.0240682710015288
0.0557271311006768 0.080937352253293 -0.0651469602058266 -0.0192851305828699
0.0146795458998385 0.107927754762824 -0.0611283705031933 -0.014639832956469
-0.0272336902598269 0.116902724951884 -0.0596475844648467 -0.0103729269727363
-0.0907182467028506 0.0863034055334407 -0.0680523119374293 0.0378044810553381
-0.142169851572196 0.0604013984320522 -0.0908663963260706 0.0760988135176958
-0.182431464963975 0.0294077377103124 -0.00181020197255688 -0.0378663006962875
-0.158964546809501 0.0374101198976336 0.0428986790620185 0.0361098819849656
-0.130092113969565 0.0951739080653143 0.120650527503985 0.0199006720787489
-0.0828365463051696 0.120235400085728 0.130935691888361 -0.0288213625571558
-0.00928984114592692 0.127577098862463 0.0868804460905227 -0.0906581590136463
0.0388914891426944 0.108463223790571 0.0349832353527042 -0.0950120080989468
0.0784877079483209 0.081519056954451 -0.00191070354575134 -0.0732056708986793
0.0893495173854626 0.04965873561426 -0.0158007852060806 -0.040624712919928
0.100436876994635 0.0509604263178464 -0.0284035198969451 -0.0178382710505756
0.0785779068813033 0.0819592725441568 -0.0352237285402584 -0.00615093750208191
0.0604986312397436 0.103503721597409 -0.0501628253145844 -0.000195648759796368
0.00792257543186237 0.136178918619636 -0.0541206386723663 -0.00619388906584085
-0.0487801153675811 0.143169071799405 -0.0503803078777021 -0.014815174397321
-0.122425429856706 0.0939934101925685 -0.0417632129334585 0.0195253086145162
-0.1754869983051 0.0565115871339773 -0.039747164638628 0.0618625247003762
-0.191440468194537 0.0234247823112581 0.0630698662765005 -0.0363544477308067
-0.180574970315659 0.0361424826655858 0.0896820827402721 0.0365554113678155
-0.156112321366727 0.108713593507046 0.142109650437659 0.0249566807871347
-0.0963217726530673 0.142850290445289 0.138013504956441 -0.0175281160368037
-0.00803243388297035 0.146966483839182 0.0905146606011477 -0.0633095416042256
0.0417482893754571 0.121303747882554 0.0520606961775888 -0.0580310275700191
0.0800913673557491 0.0942305453057569 0.0260914254070246 -0.0424129629581849
0.0907729507202834 0.0615664965823247 0.0156891213969258 -0.0180668873844431
0.0977122887956298 0.0641098381481345 0.00287261397566112 0.00280107022038161
0.0699183406883362 0.0940347583239426 -0.00743597094651296 0.0167527692203677
0.0486644624168124 0.113911054036091 -0.033719998189342 0.0211834567238668
-0.0104251356613464 0.143040364942728 -0.0472810664021382 0.00338698686521038
-0.0719214461000478 0.143675051076946 -0.0404270796817761 -0.0189604728967552
-0.14035524016213 0.0809233620527093 -0.0159690948277238 -0.00016215678344444
-0.183570390807824 0.0377180800645101 0.0142821634623176 0.0454141405618804
-0.167092090947152 0.0155701247347395 0.120813640013484 -0.0397453175358563
-0.166476683664852 0.0271533950854039 0.128868065696887 0.0232529195759167
-0.149722760771138 0.0980193695518356 0.146359902634035 0.0209657439670762
-0.0912559385937941 0.134982345509254 0.130975543174238 -0.00554090275538227
-0.00730722517452731 0.136640163704082 0.088381961276855 -0.029159568051427
0.0373003933913267 0.111868812332731 0.0684048172213211 -0.0174444798089768
0.0692154863924539 0.0911808234961413 0.0543904441549176 -0.00945555575545752
0.0779456889966483 0.0639902125392299 0.0433114777316677 0.0068610147820266
0.0797439919608108 0.0687811262138836 0.029534607944306 0.027113879469952
0.0490573718360766 0.0953318386102658 0.0132043064213755 0.0432656482442262
0.0229436104658585 0.109928136089672 -0.0247434348416666 0.0454103942343663
-0.0367618048908422 0.126864694787538 -0.043535223561884 0.0141729653007626
-0.0917890589774765 0.117384767462049 -0.0315163704220918 -0.0189360735338066
-0.141849765521325 0.0476273598850513 0.00812155590200905 -0.0139148432349389
-0.165514900959491 0.0096231601676114 0.0642597258697023 0.0349942648386099
-0.114218282234063 0.00401547191213491 0.158802569854011 -0.0493397937208402
-0.12297746177981 0.0113856599573201 0.150053195108084 -3.75005856139275E-05
-0.117162056119753 0.0684873278242309 0.134705488816092 0.0133882149548508
-0.0717366859897773 0.0984103125400999 0.112606860016235 0.00526945825451253
-0.00824332131910224 0.100342570055193 0.0837033076718111 0.00454276733665036
0.0232251916083399 0.0837920875397043 0.0824917198559726 0.0173816522822305
0.0457049408800916 0.0734370948844912 0.0764742937894343 0.0190974605289296
0.0536604246385004 0.0565105910083565 0.0642171265286014 0.0303103073127873
0.0514468761860139 0.0628355593611852 0.046472381505319 0.0535495060852503
0.0230197905352568 0.082459625696884 0.0217182407026584 0.0713214785378352
-0.00246737806914335 0.0898153370584029 -0.025313826603375 0.068645789659712
-0.056078149451147 0.0924148242399185 -0.045831744851315 0.0256503086052173
-0.0975215392330436 0.0718704454083666 -0.0255340387518828 -0.0134699345924175
-0.122224348647188 0.00723449409091112 0.0264499529722052 -0.0159463288652424
-0.121713234146995 -0.0204282248265838 0.103114155270159 0.0339055239764238
-0.0438949172019937 -0.0120405994424363 0.170172444066569 -0.059721871416182
-0.0635970090344567 -0.0112306630640933 0.149378702045347 -0.0243443254731337
-0.0694322354170834 0.0264439050252681 0.110803006651641 0.00700693265325067
-0.0460348007842229 0.0456691727820907 0.0913007450184991 0.0158090886137965
-0.0139172669839079 0.050295565944568 0.0793776556769915 0.0294034241294055
0.00202351422784673 0.0454062127537016 0.0902287862895531 0.0407678001494872
0.0130301606886183 0.0459525919495129 0.0903843755464687 0.0387393142372327
0.0213099405986966 0.0397724607042359 0.0741098317081672 0.0478227079043798
0.0198101668110553 0.0443970049232248 0.0535916542239532 0.075972227914218
0.00171737908756286 0.0544823322458102 0.018433862449242 0.094081319025101
-0.0163963121508702 0.0582014483904807 -0.0353376629619603 0.0869315293910096
-0.0549296650935361 0.0505837448470327 -0.0539271032157053 0.0353924983890525
-0.0801522834039302 0.0269812575404701 -0.0260110598225083 -0.00380680603685178
-0.0811125015413105 -0.0248501486420281 0.0345777812592925 -0.00993713425097202
-0.06014477691793 -0.0405665338637087 0.125353088436307 0.0398460467139649
-0.00643376530907369 0.0401931479346996 -0.13922938861851 -0.0213018515856615
0.0265390537508783 0.0254996438004286 -0.0541081123647293 0.0185801314657107
0.0417531147140792 0.00274197053735188 0.0293433353430124 -0.001320222453228
0.0232037071737691 -0.0172496990676869 0.0620849450475476 -0.0407054697287823
0.011105697892372 -0.0110652710621803 0.0429473550506974 -0.105508461153375
0.0134676846181065 -0.0114901611157491 -0.0245622477230975 -0.121928496194338
0.0158582766648071 -0.023032369969378 -0.070829273019312 -0.0897133625974191
0.011615257875824 -0.0218499838705361 -0.0854363560271311 -0.0519632362936933
0.0205676707745287 -0.0202545237974825 -0.0976465856363431 -0.0328269821095942
0.0271917104884048 -0.0071004217547356 -0.0990691389890511 -0.03101110288079
0.0262035470498455 0.00133451382219428 -0.0856581730068577 -0.0279062531198066
0.0286282427045011 0.00720120745614931 -0.07679310573864 -0.0143088508023067
0.0348079949702313 0.0226713933563024 -0.0830408906922742 -0.000298974705406121
0.0134515421867982 0.0404094547825391 -0.106785376493686 0.053043359263011
-0.0123564169541091 0.0447483136048759 -0.141846791377188 0.0970621191897149
-0.0758124367831922 0.0536981283742484 -0.109617794964441 -0.0311876144551179
-0.0357072030772008 0.042530954584155 -0.0306962923517243 0.0159703058045234
-0.00740212895308763 0.0406807340839478 0.0556717636362371 -0.0081197869306456
-0.00519840062627486 0.0293404167561498 0.0812964660916305 -0.0508570712859446
0.00909170290666134 0.0343659498732509 0.0516253284988032 -0.114623986831808
0.0283965898976187 0.028464439234383 -0.0146184330262571 -0.126778999566821
0.047727319133016 0.0092948536336882 -0.061753717429776 -0.0956358602348476
0.0467046480226322 -0.00217148068362581 -0.0731598790259529 -0.0538633333757009
0.059040757712758 -0.0003402244698233 -0.0860829014058153 -0.0309320013268237
0.0565412739759939 0.0246374547689799 -0.0882352630227477 -0.0263939450154584
0.0473073888992732 0.0405130302075583 -0.080135940504137 -0.0230057855985288
0.0275302448596589 0.0612666118109929 -0.0703567102797999 -0.0145495315984046
0.00927326499409676 0.074316619614917 -0.0696907721417821 -0.00239459960688286
-0.0361172298779627 0.0723550561708103 -0.083853922967297 0.056619564946775
-0.0787664470554085 0.0664983269368207 -0.116850144571363 0.0989345709593318
-0.134942104375017 0.0604629167511636 -0.062202344501745 -0.0380111617640592
-0.0983551102650581 0.0551730066584147 0.0049268445887274 0.0202015742048151
-0.0624768948952147 0.0795240475184146 0.088380178207386 -0.00777040911787061
-0.0359262851899524 0.0822819627328759 0.104283472811092 -0.0553481563951908
0.0089158066576353 0.0828347847000523 0.060000522235504 -0.11563952714078
0.0421462300318755 0.0675924257402405 -0.00130961207628112 -0.118967516677161
0.0735955172924177 0.0409866840755628 -0.0427372145593684 -0.0894098173614848
0.0750630828165686 0.0176241982816528 -0.0513705600168104 -0.0481901538443881
0.0900659464891346 0.0176632548069983 -0.0623708201997571 -0.0237388435375417
0.0804810957740925 0.0494995502188134 -0.0670752582558088 -0.015280198762037
0.0666212697164543 0.0708195329304935 -0.0684301924648949 -0.0107816208313235
0.0318750849152386 0.105281366592234 -0.0640361381029385 -0.010284112146804
-0.00833473856700084 0.119240731506278 -0.058988210481288 -0.0069346487391023
-0.0758832159829626 0.0991640642514348 -0.0592289846221818 0.0462373759874065
-0.131069056185934 0.0806258941400912 -0.0762477380456726 0.0882601968326125
-0.172704648086674 0.0614989114153567 -0.00178479947747884 -0.0442271137370792
-0.146667073077625 0.064885672126618 0.0493908240001449 0.0224267680571106
-0.107903945993939 0.114112201737669 0.120337783330402 -0.00500377742204959
-0.0573204419170949 0.13064827444546 0.122784325357452 -0.0542764680231727
0.0124877411922686 0.122954024573987 0.0671102370294375 -0.103021536346804
0.0544713141198705 0.0965778739572314 0.016350099165705 -0.0968733257944233
0.0908557180337428 0.0656266003258555 -0.0163148253063905 -0.072109702896321
0.0922813254630505 0.0343325341685411 -0.0208839702718423 -0.035867594384237
0.106122727546869 0.0334919665119948 -0.0304565823323496 -0.0123012001047567
0.0909532696247652 0.0684513679795768 -0.0377298345826217 -0.00135598340442561
0.0743773860440664 0.0918031426736426 -0.0523827914133075 0.00529060138108687
0.0304031918477474 0.134058197080409 -0.0561503252569857 -0.00335472860975053
-0.0253179641814204 0.148146998253933 -0.0495621257257378 -0.0128607790196775
-0.105415343012962 0.111472962373859 -0.0342851879722452 0.0256647202821594
-0.164822632111311 0.0811678370817223 -0.0272234609301392 0.0692932181829723
-0.180725158030243 0.0562719407776654 0.0615282147962338 -0.0529434419555322
-0.167246769416308 0.0670950293270368 0.0957194143078611 0.0145039752529181
-0.130886844115432 0.131156097213373 0.141165787287108 -0.005829016678335
-0.0665035636358303 0.156052107760681 0.130570926591455 -0.0454888879554729
0.0170176311825799 0.141794012192156 0.0732548320937808 -0.076579520189828
0.0601475426368812 0.10873910724042 0.0381050862558015 -0.0641062444767173
0.0957276136559939 0.0781158808206108 0.0155021172537818 -0.0470049785973442
0.0956510167178992 0.045200630363692 0.0119536839397687 -0.0185409664019512
0.105687303500271 0.0461777116090352 0.00265531854353997 0.00329712605576236
0.0848356737725729 0.0813584834865115 -0.00755225021670573 0.017026195970031
0.0648347521067214 0.103281554852884 -0.0338151082669838 0.0247513736662588
0.0129571344788863 0.144039719125903 -0.0479616851908652 0.0048982157975842
-0.0483953631842387 0.151410099423969 -0.0403195093171638 -0.0174400129269858
-0.126083011425748 0.10069158492247 -0.0118388146916016 0.00368980506693219
-0.175400882308492 0.0638965384528524 0.023067166737711 0.0473973565302608
-0.157517511811865 0.0427727384452607 0.11566769662303 -0.063913408088212
-0.155035878323152 0.0540167985680227 0.131299507461695 -0.00312225656165287
-0.126471133631209 0.119849754746036 0.145396432571585 -0.00977128739544401
-0.06313767365337 0.146556360531606 0.125669292520235 -0.0324162986043237
0.0157979939530467 0.131792379428356 0.0780301851595688 -0.0422780334659188
0.0543885535109245 0.101263928320704 0.0611485097852818 -0.0273190232565854
0.0850835649930399 0.0767033142455364 0.0483968797615788 -0.0195631789174
0.0842736250193498 0.0491453309621871 0.0423131834708376 0.00137366849805331
0.0895174764364995 0.0538861057426254 0.031648167793908 0.0239494028866596
0.0646429490906915 0.0859348034843829 0.0163301001222897 0.0399123781339024
0.0398497889722658 0.103694803224141 -0.0209430094969213 0.0468979520797629
-0.0153166859989351 0.132084405024134 -0.042134218471771 0.0156851803903775
-0.0718521831194443 0.128205453587 -0.030988030091127 -0.0174701245688258
-0.13242884934534 0.0678453554704524 0.00895471787176735 -0.0124421077636248
-0.161171535923672 0.0327504633774153 0.0696466340599568 0.0310554107476016
-0.107493623564881 0.0213960639678801 0.149552361257051 -0.0761846243107917
-0.115212428100285 0.0299078951309151 0.148332368760798 -0.0269006204172336
-0.100093256145198 0.0849982881621708 0.133075572836386 -0.0129037915815654
-0.0510432332124092 0.108049366652782 0.109689968837178 -0.0169352798636642
0.0089452036432095 0.0980767669448027 0.0801158545589743 -0.00914852996226074
0.0374472924782507 0.0759221618468203 0.0804979275827596 0.00401869069596146
0.0592780617764718 0.0630394095790114 0.0752009452302361 0.00441981307811536
0.060456369144267 0.0457660745484535 0.0655433615690514 0.0207264754108593
0.0613321742857992 0.0520275833983195 0.0514263133863797 0.0463729245449023
0.0373010155365423 0.0773150451176898 0.0282382050911043 0.0659774947565347
0.0121264853942786 0.0885057642079848 -0.018705416047883 0.0694746582303109
-0.0404585486704682 0.101015503608908 -0.0422026173021455 0.0278475242839454
-0.0845334358882698 0.0852002698578551 -0.0244786299276319 -0.0119294907083565
-0.118756427067501 0.0248146910076948 0.0250519846516023 -0.0165105714855478
-0.12248978904759 -0.00331017827362792 0.106040685748572 0.0243082310961069
-0.041396410728195 -0.00725982387421887 0.158003071130874 -0.0853028902231646
-0.0612926013737043 -0.00287691883109917 0.14329771421972 -0.0482625721108925
-0.0617348648828503 0.0360310289576932 0.110075132503228 -0.0129572382390715
-0.0354834536993768 0.0525584420862702 0.0915158451722284 -0.00125970148738059
-0.00371540033284189 0.0507772764789388 0.0812103843329361 0.0160278529675935
0.0111027811278554 0.042901734515687 0.093365191935778 0.0250949863024854
0.0223701602843197 0.0425146011775388 0.092805849565822 0.0220211119669764
0.0277569644993531 0.0344882708483154 0.0782176965226 0.0362528478679076
0.0280293946451274 0.0396810965247131 0.0611396709284274 0.0675358962001482
0.011772738623724 0.0532809714921238 0.0290431125643634 0.0892270630082403
-0.00539783931826585 0.0595269151750216 -0.0250986834435816 0.0882515245460226
-0.0460311905674299 0.0601048700409012 -0.0490895525879519 0.0397236554834468
-0.0741546498915425 0.0380146217578382 -0.0248757342057189 -0.00109993735933004
-0.0838226632989318 -0.0127924497292146 0.0324503571752328 -0.0119125336596906
-0.0648932530502646 -0.0324407675912172 0.126589962620624 0.0263321148304971
-0.00499841139499144 0.0391075024091022 -0.134958450821142 -0.0167787525445693
0.0266401691760046 0.02500152883746 -0.0511180903114517 0.0200772385825722
0.0415237294566701 0.00179699154300723 0.030291809267144 -0.000833747726999145
0.0223135755757379 -0.01765965207815 0.0615148389893693 -0.0409066614091042
0.0107520669885776 -0.0108942079641139 0.0395949851532767 -0.102917059228921
0.0131324665867916 -0.0113881905881321 -0.0275839081194837 -0.117104520993
0.0145109420800354 -0.0230862242049028 -0.0711417039154692 -0.0844097642496471
0.010705319009431 -0.0218416930663992 -0.084046796307914 -0.049011672831725
0.0188085666997574 -0.0203404964630866 -0.0957904935808475 -0.0282843515357537
0.0261261812427638 -0.00803212200311134 -0.0980953425542839 -0.0267041580099483
0.0259145826749649 6.56577667039623E-05 -0.085576892296518 -0.0241668254953469
0.0287436094993627 0.00569703508981336 -0.0760520010217654 -0.0128035510220408
0.034992204093466 0.0212612579144047 -0.0816797057642655 0.000329180947267204
0.0147287782815635 0.0392984093592646 -0.101968058541551 0.0536657638921713
-0.0103885817940206 0.0436562801122451 -0.135079515410891 0.0995427912173214
-0.0712628306717757 0.0555536601840554 -0.106685568190202 -0.0278958433708394
-0.0327543186517698 0.0440499155275989 -0.0284180069687347 0.0170429085112769
-0.00554729565437089 0.0400450196334426 0.0552306455015365 -0.00821246644794595
-0.00396865839926703 0.0295597065291073 0.0800607668038754 -0.0507790172445767
0.010790400201457 0.0338754210553752 0.047916476153628 -0.112886779904422
0.0293408972557785 0.0271327617096785 -0.0180968453140333 -0.122419953510897
0.0459899904501605 0.00634348362610681 -0.0622701093382397 -0.0903626843322746
0.0452946926388978 -0.00384398425706645 -0.0722845195912475 -0.0506643675897263
0.0571886534899851 -0.00243260120237416 -0.0844371741960183 -0.0268874058209318
0.0565027876042805 0.0214681969436199 -0.0872845378580972 -0.022329487909004
0.0472720127060988 0.0378806115859962 -0.0797958504995427 -0.0200401017511083
0.0292034765993848 0.0590125728437328 -0.069433546551307 -0.0129485570504622
0.0117481923361948 0.0717260939449213 -0.0684567993365902 -0.00172591400852044
-0.032560583120388 0.0722507334388695 -0.080128096559736 0.0558781688268154
-0.0741400371745905 0.0674061312834575 -0.110749593880199 0.100857986769001
-0.128322003475196 0.0643234514396486 -0.0605916870719984 -0.0362312070440017
-0.0940742603599373 0.0576449424712796 0.0064568447691985 0.0203638879748265
-0.0579838598623218 0.0794429776138668 0.0880320585516347 -0.0082688073248911
-0.0320356526666316 0.0818695046928714 0.102635652844788 -0.0562185121438746
0.0116470245732508 0.0805731158395009 0.0560998754992372 -0.113524751191536
0.0439033439367311 0.0645477865647441 -0.00439201057256468 -0.115340987662049
0.0731211687550205 0.0361469383443225 -0.0438920206585615 -0.0852513338530297
0.0730366510976532 0.0145340729542287 -0.0503365834868048 -0.0462567202760656
0.0874058157084048 0.0139175786300964 -0.0607614368456801 -0.020754428903274
0.0803901033016275 0.0451942223096123 -0.0665138461670695 -0.0123985266444481
0.0669998426972215 0.0663832640639352 -0.0690060966287438 -0.00787513431931836
0.0345474020040293 0.101609043757437 -0.0637707851257041 -0.00877778036968408
-0.00408570114316318 0.115926625260722 -0.0584364298612866 -0.00593857203893429
-0.0705147099781727 0.0995748997932257 -0.0555316952574681 0.0452496047867765
-0.124574795605975 0.0836618556132264 -0.0709085429915956 0.0892668913241129
-0.165170781932999 0.0664371939341808 -0.00159134903170523 -0.0438466452547078
-0.141238011572464 0.0685458572979166 0.0502034998156887 0.0216061522842773
-0.101718076774194 0.114439494206006 0.119063464777635 -0.0059344156637737
-0.0523756234080495 0.130332763606368 0.121308810585409 -0.0551330778018292
0.0161738503795631 0.119577890602777 0.0634412247604494 -0.101218527640729
0.0567232732785252 0.0922711740545405 0.0134034716850431 -0.0948431583751694
0.0908903851176911 0.0592033800589424 -0.0177038577812557 -0.0685951804545494
0.0906584069785916 0.0296109548865205 -0.0203105215294658 -0.0349598503292939
0.103371166229504 0.0280396838351156 -0.0296243886706573 -0.0106429826726316
0.0913587371753792 0.0634243143806298 -0.0375804683788717 0.000513468602094642
0.0754404053853711 0.0863865991772179 -0.0523051951960246 0.00741158057877815
0.0340010907845145 0.130149627345703 -0.0559226778513115 -0.00220625133969499
-0.0199272746541053 0.144034955136548 -0.0500008661595081 -0.0114925581781225
-0.0992047662942715 0.112616716799095 -0.0328388184433161 0.0247923978440364
-0.156796440879772 0.0850597416026263 -0.0240507895012708 0.0690068852540803
-0.172762351420949 0.0613582704465612 0.0597332029802986 -0.0543678967979397
-0.161320312390905 0.0701459721989469 0.0943663633691776 0.012788293415143
-0.123499760572419 0.131106124393665 0.139171512575112 -0.00715116167989409
-0.061014048549131 0.155322739156013 0.129011742592556 -0.0471470022336195
0.0204819799286814 0.137807905781194 0.0711011359593298 -0.0759359602531908
0.0621226653615308 0.103909556016163 0.0363072593500412 -0.0640346196935624
0.0956911962353799 0.0709170530097796 0.0144468405669645 -0.0452735805575805
0.0939829440174832 0.0404073616731161 0.0121212152234965 -0.0188100733614694
0.103420720686578 0.0402455699454252 0.00251264042048304 0.00363668492198914
0.0862066829877618 0.0762949737569668 -0.00764905357600364 0.0170825336160125
0.0662264095567504 0.098448658076745 -0.0338673668274807 0.0257440075489304
0.0180643067951339 0.140362521619667 -0.0487543745927659 0.00607813753056487
-0.0417032266526729 0.148410848105609 -0.0406187434662574 -0.0165873401438941
-0.119220840076761 0.102642523788446 -0.0111232571321104 0.0026497947407898
-0.167562073036259 0.0683861816715085 0.0239923504797758 0.0462198025602532
-0.151329866793485 0.0477221592025793 0.112190978463041 -0.0666122402503869
-0.149283922149476 0.0574787161243258 0.128799080852945 -0.00638554896345716
-0.120366402788659 0.120112909993828 0.143178073166215 -0.0107193981873875
-0.05810222978143 0.14641248356028 0.124024208169553 -0.0337270027683002
0.0191141050120178 0.128262912244226 0.0761537016768761 -0.0427025718317707
0.0563177847929929 0.096273008954586 0.0600522639756828 -0.0287803641621792
0.0855837581890179 0.0704507795959247 0.0467035994646272 -0.0200873483972158
0.0829820633767629 0.0447821350150327 0.042212628990221 -0.00020159603850435
0.088149261025491 0.0477621079456772 0.031138925594328 0.0222408248882916
0.066729960458598 0.0808572008348027 0.0160186648788891 0.0383912540334197
0.0421005285361254 0.0994058162546974 -0.0203084332970955 0.0465444969041823
-0.0101353761615931 0.129547867490605 -0.0426646593686184 0.0164257056516842
-0.0657359346861744 0.126433800678685 -0.0317870067467151 -0.0172018974632825
-0.126740105315738 0.071256435211216 0.00873456314057708 -0.0135386758654803
-0.15486421609309 0.0374514046182643 0.0685557508065837 0.0285765208191284
-0.102764251327121 0.0245814517832076 0.144948189819463 -0.0791677980283846
-0.11194268227192 0.0324046251071553 0.144187276721525 -0.0297029950890452
-0.0961127639825676 0.0851430862689214 0.130732650896051 -0.0144755132881318
-0.0479103036056525 0.10835989403753 0.108678696066702 -0.0183847794384443
0.0115817818747505 0.0953498813766172 0.0788431835393768 -0.0102784064403598
0.038606054868219 0.0727482255161565 0.0800449473773347 0.0015700361975744
0.0598713883547436 0.058951255071335 0.0737636422862779 0.00258988085452926
0.0600875310267301 0.0423033843935672 0.0643856163305881 0.018011756534024
0.0607861146505127 0.0475435238846278 0.0509616739168415 0.0439357034648599
0.0392647821877552 0.0733786404281558 0.028723434003908 0.0634450713164999
0.014732356253751 0.0853930051871835 -0.0174525061400614 0.0682776949636955
-0.0355465197126477 0.100516351643329 -0.0419097982180774 0.0279796947960928
-0.0792487865821271 0.0849164862196055 -0.0250269032543624 -0.0110566205366105
-0.1148900957948 0.0281071454827896 0.0241950063815348 -0.0177358894792591
-0.118724201964166 0.00105828300117677 0.103318134175438 0.0209271034876927
-0.0397058659821066 -0.00557515269096141 0.152490745298099 -0.0883649430219309
-0.0605146679965423 -0.00151171672939313 0.138639800554544 -0.0502265871326121
-0.0596917110133018 0.03619168602258 0.107375051413375 -0.0137160519240392
-0.033988238039184 0.0528795924065336 0.0907461464131572 -0.00250126139966688
-0.0024401831041178 0.0501488315142198 0.0812211216243593 0.0138960699144365
0.0119594378681136 0.0409134816909677 0.0930870527130149 0.020778975125934
0.0230241495677204 0.0402543756597542 0.0909808150678867 0.0181318022548983
0.0274652114640989 0.0323878853528979 0.077195367156391 0.0332655445968707
0.0280916710138368 0.0366686499109646 0.0606160386993881 0.0637940300593101
0.0139548073390954 0.0511942694183909 0.0298964606332767 0.0853146286848555
-0.00320307126649691 0.0579428693453388 -0.023311625634689 0.0872366661128192
-0.0423722912238265 0.0607030650625621 -0.0487127533328712 0.0399074003409737
-0.0714233230909439 0.0387959124131979 -0.0252012177724082 -0.00095460247564829
-0.0814721444522133 -0.00961288323566645 0.0309486701303215 -0.013318317806875
-0.0634742066904749 -0.029791473871552 0.123629231106312 0.0221653941538401
-0.00446721285416985 0.0387366701327082 -0.131823189198402 -0.0156078243251441
0.0265919513139049 0.0249037808913309 -0.0496735114991439 0.0204618733649637
0.0414492531713865 0.00193511343474379 0.0310395820194484 0.000579766661402637
0.0223446254143422 -0.01739198526626 0.0627285630318711 -0.0399393100262672
0.0113397843847062 -0.0102947065356055 0.0393216714038104 -0.101300485201601
0.0132530145142132 -0.0110383616105653 -0.0275027754315322 -0.113712576809534
0.013336266129748 -0.0230205066384041 -0.0698943201634208 -0.0819100768442513
0.0103610255200814 -0.0210927172793229 -0.0827600367069556 -0.0477763128541856
0.018086426246284 -0.0197668783340378 -0.0936512106865958 -0.026464982038487
0.0254536256155832 -0.00848278963906083 -0.096774116476276 -0.0249652505098172
0.0253257151927581 -0.000331076124258918 -0.0848939221578657 -0.0238799798098134
0.0280665849211567 0.00529031687762819 -0.0751169510508699 -0.013269651636801
0.0349937346603218 0.0203009585969724 -0.0809172043464331 -0.000819861849616658
0.014863817998679 0.0388991621711851 -0.0998492242785374 0.052220593774025
-0.0101091011848827 0.0426099554834836 -0.13149256616909 0.0993380816079139
-0.0688049829214194 0.055384133429171 -0.10372332675003 -0.027486324493439
-0.0320967364057189 0.0442906537067681 -0.0272245492229919 0.0174364814958855
-0.00486905577788411 0.0399799619237881 0.056126516764696 -0.00691254588649921
-0.00358751268424369 0.0294214562761568 0.0812763251546048 -0.0498612640751414
0.0113849351500294 0.0334100136133685 0.0475980122012716 -0.110354784838208
0.0297494614636952 0.0266759128705433 -0.0182110573694163 -0.119206466825726
0.0449909556086846 0.00513448997704088 -0.0608995047873949 -0.0873503961392837
0.0442464218379883 -0.00440234110828771 -0.0709039034688199 -0.0504061990695679
0.0555359535297061 -0.00295258837527347 -0.0823985111778732 -0.0253030286916439
0.0557690195014324 0.0206042676249745 -0.0867551531509849 -0.0203930108019225
0.0466729649912371 0.036585128221503 -0.080116880313626 -0.018963009606098
0.0296008471937229 0.057632338957587 -0.0693015643824101 -0.0133884494207438
0.0124189449958077 0.0705296341056035 -0.0681042512561886 -0.00281079419400988
-0.0309009403193146 0.0711672143976463 -0.0777459196434928 0.0542503090663968
-0.072086235592498 0.0667639344086137 -0.10754298057594 0.100122041948676
-0.124441288161782 0.0647963772782624 -0.0580538495452367 -0.0361960348576709
-0.0917498459133841 0.0586328554886935 0.00731055355819347 0.0201417635802312
-0.0559579177721419 0.078278463789719 0.0882189283463916 -0.0068732286274456
-0.0307409106739744 0.0819369675232755 0.103332097161258 -0.0555121539975745
0.0124028322285305 0.0794840650826079 0.0557916667786514 -0.111361519279846
0.0444239979832883 0.063316506966911 -0.00441723115120506 -0.112556885518802
0.0714781171780303 0.0338660361856831 -0.0428947967010032 -0.0818821867664931
0.0717220473018159 0.0132117016821335 -0.0488798139358663 -0.0455320902982595
0.0849706990229425 0.0120001311915225 -0.0589792777357627 -0.0191060702476551
0.0793278993456519 0.0431909303351932 -0.0660288015452728 -0.0110295562879378
0.0660474148565631 0.0648648950437682 -0.0686313782875732 -0.00720126941435181
0.0353027096124087 0.0996410779653045 -0.063802922668473 -0.00902797734284855
-0.00275887327750989 0.113725134825953 -0.058255105342048 -0.0071994154336928
-0.0675063451592907 0.0989634102241225 -0.0536589737306735 0.043140562248546
-0.120717514855936 0.0831881290097208 -0.0686917609332858 0.0885085026814608
-0.159955259030428 0.0676640164631677 -0.00104338435828013 -0.0445122702971422
-0.138118176061845 0.0691585635666365 0.0500158771044471 0.0214571983388469
-0.0985037736267177 0.113008127142047 0.118895442399808 -0.0045511281803609
-0.0501937829096196 0.129344924777576 0.121690272637275 -0.0544784123219874
0.0171730776521868 0.117711900857207 0.0638385737880394 -0.0991941237832043
0.0570722453309302 0.0902634872780051 0.0131296296358195 -0.0926896961601094
0.0894004483410186 0.0558575263998573 -0.0170533045229049 -0.0660645346575798
0.0889125446872541 0.0277384822804019 -0.0196030737849136 -0.0346071039486572
0.100884167173418 0.0257608027331055 -0.0288445191941462 -0.00967375416572184
0.0905385890360267 0.0609469182695321 -0.0378757187569614 0.00140609344250458
0.0743936360790717 0.0843440526169745 -0.052291915402548 0.00835679016926954
0.035302328592293 0.127463647725812 -0.0568086485450243 -0.00217356039506281
-0.0178967362948922 0.141563698272015 -0.0499567438856049 -0.012361419671088
-0.0958934202377782 0.112264318286451 -0.0311932561953884 0.0225268182423017
-0.152412982005864 0.0856554312807283 -0.0226937770366537 0.0686088894010414
-0.167481283659202 0.0623734709752645 0.0591345171592545 -0.0549329943098474
-0.157803555179323 0.0705908970144779 0.0937695984759997 0.0127435741066483
-0.120346902937023 0.129636447925527 0.139101258288668 -0.00538894835869291
-0.0585488329673147 0.154703053435636 0.129299338984727 -0.0463333982120579
0.0212177669571333 0.135580927968279 0.0708847216324346 -0.0741624633867405
0.0616369977141283 0.101664943350405 0.0362917761880196 -0.0628401107918682
0.0945265058538604 0.0675333020398948 0.0138966473241493 -0.0435792495507655
0.0920837151624563 0.038057209901191 0.0122287079274587 -0.0190058529442962
0.10119993896055 0.0376539600247968 0.00259064055394908 0.0038566012363639
0.0861269804619365 0.0732364083427527 -0.00872729426954841 0.016689145689648
0.0660454611796561 0.0964353102647905 -0.0344586569801234 0.0264807175561663
0.0198903583196788 0.13805887707404 -0.0493345439493906 0.00595770590265392
-0.0390706307578193 0.145293933901 -0.0408108431592284 -0.0175570770242391
-0.115818509916726 0.102426794425154 -0.0105993313958119 0.00108990270919017
-0.162788267239375 0.0689133255852511 0.0247534279083155 0.0454915662876739
-0.14594076710739 0.0480406658207124 0.110684875535098 -0.0672560150457275
-0.14641033111566 0.0572460241005969 0.127043838470389 -0.00586726007648753
-0.117450269391084 0.117732338937698 0.142139368171677 -0.00909730520359238
-0.0561921085164217 0.145453483683139 0.124117793120951 -0.0330971849441669
0.0199225947594549 0.126059449393017 0.0754376940277481 -0.0414386933739174
0.0560089171017704 0.0940262388994388 0.0598964484647446 -0.0292889209267701
0.084437180635785 0.0671853745844842 0.045874948554455 -0.0189447716531569
0.0816834530636746 0.0426158357074067 0.041839293755325 -0.00111565181310015
0.085747790512615 0.0451023466992199 0.0305835439161698 0.0219594180870264
0.0666713580233015 0.0781411859649833 0.0152532581125309 0.0374786851967629
0.0423668320210967 0.0967797553199895 -0.0213279914759875 0.0466503512241932
-0.00850343133026973 0.127775459672394 -0.0438194714749262 0.0164846292294751
-0.0633147714108567 0.124595890871257 -0.0313703031286532 -0.0178069862413438
-0.123271547195962 0.071097919061823 0.00872429245069522 -0.0144270107630554
-0.150790654190621 0.037851171386563 0.0674345631089045 0.027809230798775
-0.0997028283164929 0.0250487378054946 0.142512495376107 -0.0797581180411817
-0.109928474651431 0.0325273700209893 0.141700002441711 -0.0291067994034755
-0.0938925215960387 0.0827056416574443 0.129451609513536 -0.0128057632720167
-0.0464799627717465 0.107568507778915 0.108835673028834 -0.0177032723192391
0.0117571681876703 0.0937380971403327 0.0789279140657033 -0.00962140102180477
0.0380670548444393 0.0710543113085831 0.07989055050788 -0.000328434458616809
0.0596105323174201 0.0563063137937135 0.0726179669536226 0.00185574277651387
0.0589829295108352 0.040281727354162 0.0640224775007424 0.0171151959743192
0.0596001417659939 0.0452508303564377 0.0500808103846624 0.0431493788411658
0.0401865222045314 0.0713767090963752 0.0278793131477094 0.0610178412788676
0.0153454894676435 0.0835477942858069 -0.0179038917178262 0.0677487316867233
-0.0336820189047801 0.0996128543607806 -0.0435024420166314 0.0281674200568511
-0.0769801958900706 0.0832153820727811 -0.0255358419873553 -0.0122681437604006
-0.112311936550953 0.0287350389020329 0.0235801069018176 -0.0182060085460853
-0.115523844636143 0.00232011433691982 0.101469781869435 0.0202015696621361
-0.0382595068917741 -0.00533521530591295 0.149537068759083 -0.0882808990348728
-0.0600267049994596 -0.00168586287508506 0.135696776277304 -0.0495595057989396
-0.0590377236876295 0.0351645887730942 0.1062562574447 -0.0119924756718868
-0.0338068984490763 0.0530075023459439 0.090843468472078 -0.00214005834681572
-0.0025354249776516 0.0489226058502404 0.0807778993993771 0.0138564559414462
0.0109115797793969 0.0399802505104224 0.0930799539489438 0.0191539993473057
0.0234329487817371 0.0389440616792259 0.0891101231170729 0.0170194608678611
0.0270552133380457 0.0316172765911527 0.0764710212448641 0.0323046712273198
0.0272168515644953 0.0354939549053834 0.0595680571406706 0.0622362035402109
0.0142879030112583 0.0498977357799314 0.0285536323387079 0.082794652571956
-0.00225466375083672 0.0567927755419095 -0.0235719796612998 0.0851434651702483
-0.040847252356612 0.0602607819443029 -0.0491949958324388 0.0395200089461754
-0.0696748731048968 0.0383674617835789 -0.0257586057898184 -0.00142836426921631
-0.0796939665449843 -0.00932289890788629 0.0296517766405153 -0.0138782675329858
-0.0619041369922807 -0.0288516335534313 0.121361830166508 0.0210626578736459
-0.00461619700006444 0.0390228184600163 -0.1309917013397 -0.0167965918662085
0.0271033067388772 0.0258689529567067 -0.0499411967257619 0.0208301007718814
0.0416819702827956 0.00314041409647449 0.0324870890005147 0.00171368814827444
0.0225317649268484 -0.0171306578685453 0.0657518499371922 -0.0396026095859384
0.0115135757881683 -0.0103569162573379 0.0414015343039905 -0.101352025207718
0.0134398315573383 -0.0106671999457076 -0.0265694431853918 -0.113273860700271
0.012672841535042 -0.0232512345862241 -0.068903544387439 -0.0818564600759729
0.0101348584978341 -0.0212900856711224 -0.0824854230220903 -0.0491558889226151
0.0183191041793942 -0.0196696661775022 -0.0937330574769134 -0.0265668689771531
0.0254555165382207 -0.00833177860921464 -0.0978300573016338 -0.0247412427682689
0.0256132844915441 -0.000677510563511004 -0.0864715061767035 -0.0249939228700446
0.028527826010757 0.00578055924672379 -0.0762722316593065 -0.0155823623818753
0.0355803050794061 0.0206766391858477 -0.0829254225432812 -0.00285980737427989
0.0150050515960174 0.0387798062057911 -0.100860743850472 0.0508799122454928
-0.0105994303168745 0.0424974028348101 -0.132329042138827 0.099353137787096
-0.068800938971116 0.0558061226949972 -0.102778144901218 -0.0286766978914851
-0.0319265535394698 0.0450748249239432 -0.0269652675547546 0.0181027494630623
-0.00457791892859454 0.0407299868402666 0.0583945309843577 -0.00565178968055596
-0.00359341130258852 0.0299682798639302 0.0846603703126873 -0.0495597354243818
0.0115662683008783 0.0337989666123958 0.0497459746727531 -0.11043068547975
0.0306383096436226 0.0272961366874303 -0.0166813243199224 -0.119110531349233
0.0443221878279236 0.00509535668201086 -0.0596756723603194 -0.0868116419406896
0.0442836592678491 -0.00436286146105573 -0.0705729708475959 -0.0513794547025363
0.0555283463225129 -0.0028834176760294 -0.0821087958160007 -0.0250692656012343
0.0560699112848344 0.0203869127169736 -0.0874183648273602 -0.0204125154291527
0.0470839000829337 0.0368069499859693 -0.0814374685093733 -0.0194895499356422
0.0294566322352107 0.057871529899539 -0.0701690757517161 -0.0152290597555229
0.0128129689381904 0.0706294529682521 -0.0695102609139504 -0.00475999412643054
-0.031613566618089 0.0717692325981928 -0.0782573900768325 0.0525322004777962
-0.0722962980955225 0.0671200267120332 -0.108080794253267 0.100685375286844
-0.123320492147405 0.0647486861805844 -0.0576274048252781 -0.0376684073643772
-0.0921516467907814 0.0590599315663246 0.00763646142909251 0.0214740945205743
-0.0561671942098037 0.0791851091053202 0.0907441031333529 -0.00487369348211711
-0.0309957303784448 0.0829066611279087 0.107089614394227 -0.0548653155482869
0.0122244374931072 0.0802526883081581 0.0582419396553465 -0.110937724654682
0.0453404461230423 0.0641880772107269 -0.00375420837129489 -0.1130098700467
0.0711278980764939 0.0338994616029391 -0.0416235799666726 -0.0810254357416171
0.0715523938738305 0.0131238191227175 -0.0482866992593762 -0.0467954454762793
0.0850850025043651 0.01217712938585 -0.059209731710613 -0.0193671900064284
0.0804686064276263 0.0433300603400993 -0.06689047256163 -0.0110554747571941
0.0660472477862609 0.0649940112385985 -0.0708326164861611 -0.00695243599019138
0.035527069509853 0.0998080897574089 -0.0654285363587217 -0.0100035089693112
-0.00260903167194428 0.113726460505904 -0.0597476390741088 -0.00904870466435466
-0.0683753681492818 0.0993767817432579 -0.0540232582758383 0.0416671737978429
-0.1209308502882 0.0836988635249358 -0.0688128226238486 0.0890238993386116
-0.159284046732072 0.0672708232227546 0.000396175621463678 -0.046185615991938
-0.1387669184023 0.069505894985756 0.0507057804798762 0.0227597991527176
-0.0991797966827393 0.113489947077135 0.121957116261437 -0.00207036585373199
-0.0502579232586916 0.13131462587853 0.125731405101731 -0.0540499466006694
0.0175083500094179 0.119157536048535 0.0660758516900671 -0.0984642996816844
0.058074460152247 0.0911404233353466 0.0149956761873717 -0.0932346378070381
0.0890859459947159 0.0549557539459763 -0.0159912236284328 -0.0649725575578848
0.0884275738569226 0.0276845001765473 -0.018923268575235 -0.0359638898643317
0.10000430400968 0.0259086335818165 -0.0289083619184961 -0.00941439748247022
0.0914816491228401 0.0606461603253883 -0.0385901797883655 0.00155762404144193
0.0743192742279708 0.0850457107798583 -0.0535064422908643 0.00870864849025025
0.0352448762847485 0.128076812540407 -0.0587966339913761 -0.00264446913755643
-0.0181596515546157 0.141857507567509 -0.0509226391115462 -0.0146838097059082
-0.0968390387715622 0.112431053278591 -0.0316341981881095 0.0213199164404758
-0.152778217638525 0.0854148425169894 -0.023162266813795 0.0690280969364417
-0.166570328487059 0.062332965191284 0.0601071424242688 -0.0567704227951474
-0.158676935965689 0.0702687778692199 0.0941717720883163 0.0138926298724684
-0.121270676041301 0.129555290169404 0.141783179063214 -0.00243584227320302
-0.0591149958825471 0.155808528890577 0.133058593576467 -0.0458634626417575
0.0215401862441236 0.136513202584158 0.0731108947952569 -0.0731593916539849
0.0628602457494847 0.102597328034425 0.0380725025302693 -0.0634470916676206
0.0943633182273481 0.0668649200388285 0.0150472013650403 -0.0423684931357005
0.0917728511493659 0.0378732813339607 0.0128926412538756 -0.0199229578305627
0.100354880281695 0.0373196687790361 0.00325151262034578 0.00380236679524272
0.0867265639101349 0.0731799244133844 -0.00935142151584647 0.017206962349878
0.065828171840291 0.0965816639168845 -0.0361331861706722 0.0266697058109522
0.0195780342193586 0.138587562433806 -0.0512174457727644 0.00577449484568805
-0.0401204434672602 0.145739525152465 -0.0419729031548621 -0.0193083478094449
-0.116276321098158 0.103022769253134 -0.0103093241653393 -0.000886567916746056
-0.163402520914806 0.0692226819596889 0.0249536200736868 0.0461898964654335
-0.144884787007217 0.0479719436078834 0.111681909711794 -0.0679040751573248
-0.147155682935061 0.0572973347729082 0.127995009278962 -0.00504651997646859
-0.118965422736497 0.117398237100033 0.145190556467845 -0.00654906982059685
-0.0573390652470564 0.146970646382668 0.127380805267174 -0.032236393539821
0.0200256065742293 0.127022571951463 0.0779105421825311 -0.0405623221386144
0.056231659593743 0.0944435992920845 0.061406380857545 -0.0296408447199485
0.0845086591824841 0.0659190415576169 0.0465283390851178 -0.0179776690764538
0.0811946872775093 0.0423235266660935 0.0421156320263418 -0.001361013032473
0.0847112201658878 0.0451429886169666 0.0301041881256808 0.0224531087495685
0.0676051824746462 0.0782125665121639 0.0139851933534708 0.0371905152793991
0.0425565715546158 0.0972855082867625 -0.0230694012923576 0.0473978552810812
-0.00820595882551223 0.128632506442196 -0.0459679611488368 0.0163510292384122
-0.063619290842704 0.124483613729384 -0.032658252487398 -0.0198630240488491
-0.123784560579858 0.0714117763074507 0.0088798444330686 -0.0156883733906356
-0.150394710035293 0.0379852031733261 0.0681469292859926 0.0289291526779183
-0.0982904157434077 0.0245780673641481 0.143807798989851 -0.0799405734940628
-0.110788079994196 0.0320134715267807 0.143042329943129 -0.0277941368988576
-0.0958120968758245 0.0829412802551963 0.131536334061926 -0.00987062107608739
-0.0474863796510626 0.108468717976762 0.111379697202779 -0.0167588551501146
0.01147342370758 0.0940808729272129 0.0807393723766306 -0.00860009987603667
0.0379095428078235 0.0715787094359542 0.0816689264792462 -0.000127456533704421
0.0591766033286672 0.0555312051648749 0.0729448832602597 0.0030561329652114
0.0586062778688797 0.0400712264835573 0.0641253079716736 0.0171809876805466
0.0587506928363857 0.0447210118187154 0.0491358363653668 0.0434546111840122
0.0402714696711865 0.0712722848495996 0.0260132148661052 0.0609081489553114
0.0155199274791626 0.0840051743200583 -0.0195624187193011 0.068009476756907
-0.0336460071330147 0.099728304517376 -0.0452925272088403 0.0279902571387359
-0.0779437390080296 0.0832914400730755 -0.0262415740305761 -0.0135594080881702
-0.112445992994106 0.0280956983575533 0.0236262737989391 -0.0195043026336447
-0.114892841822922 0.00167556771455876 0.10166645512105 0.0208396353717655
-0.0374104110255804 -0.00594408565608104 0.151106267375975 -0.0879984556459881
-0.0604312273198225 -0.00222511100197687 0.136632776743485 -0.0482138251904817
-0.0601767664856606 0.034759050866064 0.107812121855319 -0.0096817621016945
-0.0343269669110623 0.0534750811561637 0.092746086781496 -0.000991225410803732
-0.00243709875403885 0.0490121164561249 0.0827532728397915 0.0146359741247798
0.0105518135384911 0.0403445970962272 0.0945028603317914 0.0190101721961644
0.0229483033162561 0.0385890571303919 0.0896007190824328 0.0174339077261267
0.0272456913016446 0.0311360252692432 0.0762182900581009 0.0324028598686178
0.0272749204246281 0.0350360335669677 0.0586834763662683 0.0625182908540239
0.0147843941961443 0.0496815086879337 0.0267833023188479 0.0825865778329225
-0.00285036581043772 0.0567956897666901 -0.0256913230584828 0.0858959270253712
-0.0413318475066863 0.061189762640492 -0.0512200805216788 0.0393746399165449
-0.0709722721297372 0.0379513012303534 -0.0265891035899995 -0.0028880596686515
-0.0795506655899467 -0.0100364900946974 0.0296690765854415 -0.0147612945045063
-0.0612993849138213 -0.0294016255803282 0.121177299248852 0.0223937118254521
-0.0048209836478889 0.0403580562959586 -0.134062980693171 -0.0171829322696205
0.0288767709036372 0.0269736949039684 -0.0509996197624091 0.0224424586442936
0.0441957003257845 0.00325086305492744 0.0351296142039192 0.002103652729685
0.0237993093642986 -0.0170282366789762 0.0695904547305031 -0.0411361937762019
0.0127337629626327 -0.00990792157566861 0.0436179000985365 -0.103669793889639
0.0146854792836549 -0.010941415932499 -0.0270163188431996 -0.115080378220303
0.0126771251935058 -0.0231406189360325 -0.0699327912166424 -0.083619268090051
0.0104597370850303 -0.0216165029394417 -0.0850881325136706 -0.0505798610791267
0.0188293780858099 -0.0200467828163354 -0.0966553068359914 -0.026963594266854
0.0262912027879453 -0.0090278256057691 -0.101579467119306 -0.0246823927716807
0.0269942287081328 -0.00120971629999986 -0.0905447107054105 -0.0256240469500477
0.0297159536976001 0.00586656151303556 -0.0791105949426548 -0.0176529026499049
0.0374016332421971 0.0212476263287688 -0.0869729062109453 -0.00412923380295769
0.0155090183396231 0.0400720630062985 -0.102734280070058 0.0517530326648773
-0.0110339461504297 0.0436521456406352 -0.136274961722102 0.103824987157533
-0.0701787268004324 0.0580127875608261 -0.105026709715664 -0.0302433596506667
-0.0324511846499249 0.0474773420815155 -0.0273027673689197 0.0192385763993131
-0.00369080594572041 0.0422310602296675 0.0620435660816223 -0.00502573684459697
-0.00245505710403595 0.0318560871651901 0.0893471940122 -0.0519385011560261
0.0126834667295618 0.0353476679171825 0.052561049589235 -0.113328279333494
0.0326687623452609 0.0278346153365692 -0.0173942652198134 -0.121564555977695
0.0452443405545857 0.00475660708444142 -0.0607290761786247 -0.0880674938791789
0.0448862304958889 -0.00507864394723312 -0.073041973471361 -0.0531960314943407
0.0566864896238596 -0.00326352984216071 -0.0844614914284248 -0.0255283558649926
0.0578473266304944 0.0206937964835403 -0.0907154628764567 -0.0200115229534144
0.0485793415002122 0.0371954676675167 -0.0851562219520801 -0.0201870309433116
0.0309259782295651 0.0591952707695799 -0.0734104289931144 -0.0167360599684554
0.0139701465499595 0.072179815362955 -0.0733788982615309 -0.00647301717077658
-0.0323552796731772 0.0742981297515111 -0.0797115211142662 0.0530969416461678
-0.0737745674714995 0.0691724908470574 -0.110332322022237 0.1049071290244
-0.126072424072036 0.0677537679574518 -0.0584905711744177 -0.0401237276511976
-0.0941225152177895 0.061833276008237 0.00845265952633707 0.0231499323960772
-0.0572540834727873 0.0820260341017709 0.0957924536077394 -0.00373874046255395
-0.0307515406220182 0.0866897443139821 0.112913101689489 -0.0571440409384087
0.0139601431769704 0.0830372805864873 0.0610060179041206 -0.113597312809595
0.0481222900526498 0.0655657764818695 -0.00314134307077127 -0.115582080400886
0.0727339715651013 0.033216874995963 -0.0419868093426856 -0.0816932159901927
0.0731151581372438 0.0126872431232416 -0.0500877787926634 -0.0486586877192852
0.0865196540496333 0.0117012874763196 -0.0605794624001881 -0.0196832474243164
0.0829600640126552 0.0439364784095296 -0.0695340580407828 -0.0100739652845959
0.068312651202404 0.0664787480814396 -0.074029789427704 -0.00661084307180082
0.0373186183045008 0.102866066443536 -0.0685224805988799 -0.0116907661283003
-0.00198581554798738 0.116995237682508 -0.0628600234504503 -0.010913163382826
-0.0696636427986985 0.103197344338055 -0.0552885031552285 0.0412747008982372
-0.123880144650215 0.086826062310654 -0.070171614320368 0.0922813141842309
-0.161987353424353 0.0705703591014487 0.00137651084389604 -0.0488177193504314
-0.142821017871019 0.0724326984613849 0.0526219620571518 0.0246226927774316
-0.101902838729736 0.117827954379871 0.128113116798992 -0.000463958975816891
-0.0508773650973913 0.137137559683287 0.132275972729007 -0.0564374533825719
0.0187972432532632 0.12246108283601 0.0696363066128696 -0.1010274047854
0.0610670900105998 0.0939721518907906 0.0156053055126017 -0.0960723574927421
0.0915987456378294 0.0555123046245182 -0.0151003051090761 -0.0651120407860149
0.0908455204031573 0.0273542654592134 -0.0195243489574933 -0.0380782568474991
0.102483063343671 0.025273150050943 -0.0294989392770515 -0.00970383966959805
0.095114202007154 0.0619742303208468 -0.0410745856117608 0.00199785639266479
0.0768535045537862 0.0870366338585052 -0.057022745757799 0.00952047449510961
0.0375686343959957 0.131926222554429 -0.0621352752888051 -0.00345854812705675
-0.0176534636490671 0.145843673029291 -0.0540615741252098 -0.0171901142460824
-0.0985038992340171 0.116950503232323 -0.0322417022949963 0.0205187865575778
-0.156410879978246 0.088732401085758 -0.022609391755261 0.0715099876796929
-0.169583642977276 0.064867612414873 0.0631141774868549 -0.0595506235845217
-0.163210038896191 0.0733201506638376 0.0975770787114297 0.0155351749446604
-0.125109783563127 0.134023324692495 0.148897555828002 -0.000957659504977664
-0.0595724122862261 0.162491596719969 0.140091391182658 -0.0470543278448695
0.0228704434073716 0.140964237316477 0.077155591974414 -0.0754611246063938
0.0658706234385532 0.105183368312739 0.0398931593531214 -0.0655931943098997
0.0969008960885959 0.066506171028458 0.0166528802951793 -0.0422448392221196
0.0943725980268289 0.0375200442361273 0.0132416035945795 -0.0210488209973462
0.102367772617333 0.037739220323629 0.00296614829390598 0.00407570959971911
0.090280980609307 0.0743688714316256 -0.0111867729932814 0.0179607334414983
0.0684287186399948 0.0990288920880822 -0.0381183518146302 0.0283891352250612
0.0218219114915778 0.143069063581216 -0.0543596643397132 0.00571625998184869
-0.0400529534606015 0.150074675872241 -0.0445840062956681 -0.0213408281425494
-0.118737617560676 0.106720365576332 -0.0107808520324243 -0.00234006212005049
-0.167145833697994 0.0721586754452753 0.0260588230069786 0.0477956894164399
-0.14731028545061 0.049640760782496 0.115165781888684 -0.0717074856567135
-0.151427839517229 0.0598999694156789 0.131918195398863 -0.00435634059137662
-0.12267067302196 0.121749663563469 0.151656554951215 -0.0048902818181807
-0.0577255687605544 0.152737724294171 0.133397445483114 -0.0334344536457529
0.0207421942387602 0.131096243430791 0.0826075699344416 -0.0414642336070752
0.0584273882601104 0.097107832906985 0.0645415903791434 -0.0307966581949378
0.0864777693271888 0.0667754826228517 0.0491696784463066 -0.017835599362681
0.0837246688540504 0.0424403417742891 0.0438299045188368 -0.0023147913752586
0.0869909253582454 0.0456585862793871 0.0309449598150155 0.0227362158879323
0.070339119334075 0.0800725377941757 0.0130249706691068 0.0384294033846805
0.0439891980710953 0.100228244840038 -0.0247723846851337 0.0494417368666543
-0.00740307849617584 0.132941997210552 -0.0487225374857455 0.0170051266647354
-0.0652855653584613 0.128134369460738 -0.0351984756796926 -0.0219384642616458
-0.126432720047195 0.0741751559336001 0.00899168231450752 -0.017937497520588
-0.154033304327896 0.0400181765030979 0.0701662939049269 0.0293755806272339
-0.0999961654303078 0.0256444563001748 0.147865334363501 -0.0837651210439301
-0.114333034092505 0.0323383697567975 0.146987126771335 -0.0283223586035124
-0.0990582765537449 0.0857216072847422 0.137633193750015 -0.00926454149113374
-0.0486444793810818 0.112474999571619 0.116869555889065 -0.0169237726954724
0.0119503396341875 0.0969143234373367 0.0848130831926656 -0.00893823086472283
0.0392709900631677 0.0733705079621012 0.0853771648796496 -0.00124778149058066
0.0611222496621099 0.0557464158027916 0.0759471894608448 0.00341816791019735
0.0607321023757975 0.0401573202858331 0.0668085520157052 0.0168806568752644
0.0601360872960787 0.0457452145056679 0.0502997904829147 0.0445961782733463
0.0425714211920561 0.0723151099286644 0.0256143522441744 0.0626489809522253
0.0162145502256196 0.0862510526769352 -0.0214429337168523 0.0707115950224103
-0.0345854682471047 0.103718989279016 -0.0482116472318995 0.0292570959878311
-0.0801380780936482 0.0861218073523311 -0.0284751527687147 -0.0152918669343914
-0.114966170262335 0.0295106457783917 0.024345752382116 -0.0218077914373102
-0.118101493366711 0.00197319088269837 0.105176771539187 0.0215107554740251
-0.0371997796147075 -0.00681738816845983 0.154996226613288 -0.0919220464859525
-0.0627757099565854 -0.00260010786175653 0.140362924138183 -0.0495498175269213
-0.0628521385238091 0.0356508338823626 0.111955336791245 -0.00845475318489726
-0.0360214904976601 0.0558064320455041 0.0970236469768453 -0.000540291702211944
-0.00252282806909933 0.0507040380317483 0.0863164125730375 0.015039564384467
0.0103835656782183 0.0412326105434202 0.0983861872447297 0.0183503270421858
0.0246412255950671 0.0388223243481342 0.0919871973890993 0.0174090084128856
0.0279823542000652 0.0320203544739304 0.0789263468090938 0.0331517256743347
0.0275965852629493 0.0356645770654216 0.0594880876066715 0.0645681476887883
0.0163040920048418 0.0508321677300057 0.0265910611193879 0.0839785936878047
-0.0022854989401722 0.058496133237507 -0.0274640952342672 0.0883600844170178
-0.042006811100017 0.0639924291199155 -0.0541114493146547 0.0407429083951169
-0.0732313150596483 0.0394224930793244 -0.0283871952246248 -0.0045013800381443
-0.0814200973048279 -0.0105431255766109 0.0299223566818929 -0.0163043094994691
-0.0625824890257247 -0.0305110927815574 0.124035183623811 0.0224834956514226
-0.000964228541279146 0.0432388519197315 -0.141589765914784 -0.0104910551580434
0.0324136127776189 0.0261505157549774 -0.0520137767315894 0.0301140834970817
0.0462469602750402 -0.00241792388460433 0.0371975817901354 0.00435275847774609
0.0232407681585762 -0.0218990463785673 0.0710598915692607 -0.0458823854091376
0.0119163765540379 -0.0135163459965643 0.0382068573489754 -0.110583906963709
0.0127338549810948 -0.0138313101225851 -0.0355698455751962 -0.115005387313847
0.00805067289728115 -0.0255019174056979 -0.0784445431663645 -0.0780497638601269
0.00777054444621874 -0.0227096490237672 -0.0930650175001536 -0.044735570594406
0.0172121839283236 -0.0229403282404917 -0.104339887647253 -0.0196119495958273
0.0270307728470451 -0.0128881611361166 -0.111356207403212 -0.0166129240102309
0.027884285323054 -0.00531847127103312 -0.0996999798651128 -0.0195282739337734
0.032262728746817 0.00199897993284443 -0.0884393594915842 -0.0134196975049301
0.0426026020626264 0.0166481449455472 -0.0966166576327351 0.00112116824273836
0.0197500802497163 0.0386321419171995 -0.105217191750564 0.0599590938322259
-0.00963103821142182 0.0456168538442746 -0.134270182673945 0.116877539435426
-0.064287649074347 0.068438500228893 -0.113504825065863 -0.0306951708494745
-0.026291221070901 0.0534502180558893 -0.0291010615171674 0.0214053373100807
0.00257370944607479 0.0427795456874322 0.0618975717180449 -0.00947684090499629
0.00291645415390941 0.0321097764563152 0.0876793088538992 -0.0622657988685401
0.0165840046736464 0.032792931679268 0.0436937103148213 -0.120415862273783
0.0347453898164186 0.0242719244771216 -0.028264795153505 -0.121993378721746
0.0457880039292965 -0.0010253942487294 -0.0717087837008433 -0.0827156188952697
0.0446449479220657 -0.00859184662881169 -0.0797786357715256 -0.0484697601432814
0.0578594806616405 -0.0103702440278867 -0.0916210873424862 -0.0196135308771435
0.0629430592246626 0.0143235795689001 -0.100590274567653 -0.0124173134711324
0.0539132682125732 0.0318460749627302 -0.0950706255779433 -0.0138358649516765
0.0398054687465707 0.0568072316266941 -0.083632896169308 -0.01517449905721
0.022775129939766 0.0720798346937938 -0.0812133561259884 -0.00506658269949785
-0.0274222823580597 0.0800933269850199 -0.0761804863945529 0.0592962671355652
-0.0740202785431267 0.078531180111039 -0.102353595525345 0.117349105004245
-0.119078919566187 0.0844959215416443 -0.0661462857525502 -0.0481984709222173
-0.0876234222652921 0.0744743597264347 0.00783874737815247 0.0186639188965888
-0.0472021894409679 0.0898480374642825 0.0948034255686575 -0.0163374683241332
-0.0182065053234566 0.0911080228780826 0.107665428307892 -0.0728627271992971
0.0237396441794002 0.0810385341467029 0.0500949882575127 -0.12188619960078
0.0551720202247975 0.0614867027475782 -0.0150858118269962 -0.116484602992417
0.0782963287161254 0.02443104700734 -0.0544789864818693 -0.0771871634744647
0.0751824957639384 0.00579992209610143 -0.0554167005903833 -0.0458297760321563
0.0899023620498198 0.00195439726704593 -0.0657950044640033 -0.0152025864393441
0.0909721219244162 0.0353866565874188 -0.0776725317587623 -0.00431790280031682
0.0770655619175771 0.0598214723087588 -0.0829916965215733 -0.000535462976654364
0.0513832079924768 0.101307936754423 -0.0791094533454882 -0.0101589749658771
0.0115450301586787 0.11981443257713 -0.071016561415665 -0.0132553173506602
-0.0637155702178091 0.114482252441903 -0.0482455055145594 0.0443415149819406
-0.125736268084582 0.102344327252609 -0.0570875892059809 0.102839851372047
-0.154697740045498 0.0908707349049423 -0.00550882656985778 -0.0640144595316954
-0.135333931648729 0.0902193791136806 0.0528381154801387 0.0142001283421053
-0.0879230160122879 0.131824852842224 0.125300849627525 -0.0201116955496834
-0.0318743006642339 0.145706982874034 0.12415331460891 -0.0764009667787995
0.0327950171818685 0.12084531471844 0.0569315465135445 -0.109479568915375
0.0713505396222135 0.0884208053567401 0.00454216508921158 -0.097582987422942
0.100309700325315 0.0445630636641249 -0.0273829098564425 -0.0629548111292513
0.094790409310369 0.0191163376859476 -0.0233699939694547 -0.0370899728737467
0.1070647773884 0.0141588172765394 -0.0319805095981011 -0.0078648920799072
0.104971307287542 0.0523875087496201 -0.0468564295713629 0.00590231613120628
0.087959907363008 0.0799708781612681 -0.0642653770055467 0.015582354746915
0.0548305056378527 0.130959001344217 -0.0723223715300021 -0.00250778997627873
-0.00238526448060639 0.152054076599531 -0.0616335552479598 -0.0217749970269194
-0.0923445587573048 0.132363225115129 -0.0236594742081283 0.0199382606474253
-0.158773644095303 0.107639948684727 -0.00642663869708867 0.0778855036142677
-0.162680378471691 0.0841819514335695 0.0575740377799692 -0.0793106480178705
-0.155822120294912 0.0926524383028831 0.0983237138280075 -3.58429807094207E-05
-0.109237162861343 0.151276983719224 0.145480400980894 -0.0240430129648593
-0.0371011490986006 0.172380365835176 0.131053844238087 -0.0686872621072257
0.0395395315637447 0.139069152726828 0.0655136372746118 -0.0826280457608152
0.0781434642515725 0.0999078158504223 0.030804273223517 -0.0683795715660887
0.107714644727374 0.0552409838323655 0.00666661211835904 -0.0427206974046758
0.0995024164452081 0.0292757395784221 0.0123355016013515 -0.0227163756585051
0.108491997569009 0.0268340665909475 0.00312315079700524 0.00412637918772561
0.101096315291743 0.0657057441893811 -0.0140520440594521 0.0200359082680491
0.0801535729444096 0.09327285284709 -0.0423413890823839 0.0337743948300651
0.0398578784632029 0.144106403744968 -0.06301052428831 0.00635279395365509
-0.0245135552287353 0.159296525738226 -0.0512998592220965 -0.0282446043248717
-0.114582911205716 0.124010686875228 -0.00176160787503568 -0.00551225378994053
-0.1714433061706 0.0918645329261624 0.0432084122494388 0.050881087430836
-0.14249448031314 0.066273824476756 0.112187482890434 -0.0935145302222449
-0.146342185531211 0.0761419055574126 0.133778900640928 -0.022941891864603
-0.109260575575562 0.138144956628992 0.14893880550745 -0.0280583477428558
-0.037805813247208 0.161997360006871 0.126276672625424 -0.0532690741065207
0.0365488095053719 0.129956238552213 0.0749379539754021 -0.0482698321023771
0.0702446436868966 0.0927242680067051 0.0599868686315133 -0.0357455492215043
0.0979662491466246 0.0566493585172062 0.0425579632713818 -0.0210034366776834
0.0891781859873902 0.0348729218206335 0.0453416629793687 -0.0056029058359037
0.0933590096984424 0.0362994446826447 0.0344901132187693 0.0216324972730466
0.0813022784188406 0.0734591062140982 0.0130679055311231 0.0392561682342741
0.0557724179508242 0.0971719919168731 -0.0260154276799298 0.0541069389727295
0.00757116100124514 0.137314177046938 -0.0545926236895627 0.0178290349103883
-0.0535777506714446 0.139039210119195 -0.0396470791286656 -0.0280770204777579
-0.12514939066593 0.0905375032384689 0.0170430081396828 -0.0216768047362446
-0.160123319335758 0.0566279393866811 0.0866476736332477 0.0299257020731468
-0.0973932701805603 0.0348570736229125 0.146963464360879 -0.104132777489918
-0.11170140358552 0.0434213112669118 0.14835404070128 -0.0465562520238872
-0.0902657060926296 0.098306692930294 0.136128746629012 -0.0283852345281479
-0.03325454110612 0.120531787857777 0.112768268024275 -0.0330896918678772
0.0244592094513955 0.0965338677044437 0.0821601733041577 -0.0154088960592878
0.0477537600163112 0.0704885848720076 0.0850440024047494 -0.0078117592130345
0.0707148326239972 0.0485218376463453 0.073170571482215 -0.00280401673857013
0.0657146136372317 0.035285946563875 0.0705716956923275 0.0125787252956617
0.0663340730254148 0.0398040651936018 0.0569829462138939 0.0424940977932229
0.0516156774403105 0.0694863772052126 0.0296416590875967 0.0634560704768736
0.0253856630653664 0.0858130966339053 -0.0197265684493456 0.0768473087175699
-0.0236128753021651 0.110362259786008 -0.0521600741337715 0.030861540727466
-0.0739464086343278 0.097505695804422 -0.0302525336917978 -0.0204510140326127
-0.117478568971662 0.0421679257199757 0.0302989962081265 -0.0247073374910815
-0.125010908448269 0.0132755253983304 0.118946832733524 0.020389759883659
-0.0383326104043792 -0.00557182571193825 0.155051872629776 -0.108309848005528
-0.0639035403107277 0.0010089094452931 0.141769548308974 -0.0646729438762239
-0.0595181544400117 0.0429569954369093 0.113699039402266 -0.022374396572623
-0.0282806348092794 0.0608550054631416 0.097700651133192 -0.011762593361201
0.00399525493361282 0.051142695892926 0.0894152131421661 0.00826648313373549
0.0156175872028149 0.0405577813993077 0.102106879891928 0.0101476850937641
0.0311527035735582 0.0363538655367458 0.0934715380654287 0.00896524732838868
0.0318417865205954 0.02927700668228 0.0848417676059879 0.0276654232014531
0.0315199041817491 0.0329644995103007 0.0684682831033645 0.063019991622379
0.0211894985125206 0.0498039330422631 0.0328952790863603 0.0868400067551722
0.00352850462297909 0.0591312015676125 -0.0239423321004467 0.0962227604052334
-0.036447617897851 0.0698214294349187 -0.0562671070635094 0.0453233720204439
-0.0721094837319503 0.0477544137252026 -0.0292716433076191 -0.00620350206540555
-0.0864073552757648 -0.00367994524845248 0.0342786682312395 -0.0173798561801076
-0.0689161841626005 -0.0260275702938932 0.134448568904209 0.0198157205101339
0.000625528978621268 0.045084679793416 -0.144993989783138 -0.00301755125692392
0.0353605010919455 0.0254070094625906 -0.0506072285906075 0.0350299678077214
0.0482989442974958 -0.00499086533769077 0.0404435645799016 0.00265807090449523
0.0232101792944498 -0.0240907601677854 0.0727348001256807 -0.0516335700879688
0.012195891530123 -0.0142307785029489 0.0342481999515434 -0.115901917632332
0.0129038164966885 -0.0145658978427578 -0.0422533710434383 -0.115318689688034
0.00676854545720439 -0.0265369707207884 -0.0837504798721428 -0.0755988781150275
0.00621454713931286 -0.0232239662673571 -0.0976921385020362 -0.0406579435467927
0.0165515344206192 -0.0246183351774561 -0.108845297723173 -0.013159017389454
0.0270744584367799 -0.0144076053747546 -0.115443392189146 -0.0100578456151219
0.0286093023743226 -0.00696462474446087 -0.105359125894039 -0.0146866695958154
0.0341083592681362 4.61627746904912E-05 -0.0937941731576432 -0.0101572027546846
0.0448973598506955 0.013949715017284 -0.100816955549803 0.00623816744924643
0.022522162133437 0.0393931235961558 -0.103647483983801 0.0663746589960177
-0.00711796086318095 0.0472880031718668 -0.130739144543258 0.128510277043765
-0.0621903599306379 0.0747445839942904 -0.11722065892368 -0.0260498798401592
-0.0237899511760268 0.0566558594300892 -0.0274504764408359 0.0253661673008988
0.00565226878784375 0.0441882531277473 0.0652842151402769 -0.0131903281973659
0.00627722378842527 0.032434368851287 0.0883235368259302 -0.0695362976638066
0.0200976405496889 0.0324188831382826 0.0392645049931706 -0.126392651595904
0.0380663584702704 0.0222483857900461 -0.0351668837069796 -0.122856175539864
0.0464202052927204 -0.00378681781116465 -0.0770424049038323 -0.0806110528788788
0.0448108287165381 -0.0119574206684503 -0.0852355187318573 -0.0452951326701323
0.0586332585746457 -0.0142234093609253 -0.0949227539496823 -0.0141778678279627
0.065642838609654 0.0103214126934142 -0.104369564378945 -0.0061243769050021
0.0573542835817603 0.029211311615125 -0.09982788858716 -0.00936266712230038
0.0452771181967005 0.0562060025835771 -0.0888693580508435 -0.01151730822869
0.0285783341396406 0.0722111656418681 -0.085943440360001 -0.00165788410252868
-0.0233131826172351 0.0846772986789787 -0.074281605538549 0.0636359271204379
-0.071156750013117 0.0855912879016599 -0.0973591172762026 0.126652886097407
-0.116492676027439 0.0944673289114027 -0.0698475397281591 -0.0463679691312776
-0.0850464522947393 0.0829250798257278 0.0100958189980351 0.0201143266893251
-0.0421800450135393 0.0958350205099205 0.0986889249736943 -0.0219766674712666
-0.0114115599173598 0.0951254049144506 0.108180840800279 -0.0817512194853867
0.0302006103227597 0.0817156374175313 0.0455677588277393 -0.128033119747552
0.0615895406746933 0.0589100841918897 -0.0213057090423183 -0.118209354207309
0.0812255044759765 0.0196927500475788 -0.0581256529694957 -0.0759650880348364
0.0768776091966804 0.00104781127638279 -0.0604694396535275 -0.0441288662749042
0.0920809539037003 -0.003915459824758 -0.068686310146906 -0.0117518236592962
0.0958298611017437 0.0300190167420524 -0.0807914226198127 0.00129108511169801
0.0826593306237317 0.0567401289905929 -0.0865088761600152 0.00416501515990589
0.0597244718889624 0.100577317989483 -0.0838155906623189 -0.00636974990246364
0.0194465512316036 0.122307542600274 -0.0754761127297154 -0.010517879638808
-0.0586648661786605 0.12223646404308 -0.0469773152393226 0.046617721917371
-0.122098133101411 0.112808316788156 -0.0514740167108 0.109187710063636
-0.152221125085734 0.101828296350629 -0.00916138280567103 -0.0664463451443661
-0.133339263127076 0.10165867341075 0.0562147609485828 0.0124009180588259
-0.082221004650707 0.141215630042929 0.130965092991975 -0.0266548756555632
-0.0221570184113399 0.152165972586789 0.125456010737605 -0.0856436805050144
0.0420092767280871 0.122387074792927 0.0542009112357643 -0.11530246982719
0.0802221272226985 0.0857173385944367 -7.4662867961614E-05 -0.100845709794753
0.10490809874108 0.0383506283756953 -0.0292362062609686 -0.0625119289868704
0.0974822612817255 0.0131811846422167 -0.0266812453241417 -0.0369461612128879
0.110175251882812 0.00738092529661072 -0.0339950519077777 -0.00622366583608754
0.111902426880086 0.0460645846605963 -0.0485855833350794 0.0103641139263674
0.0956890204643087 0.0763831692356471 -0.0659480098578242 0.019871024061503
0.0655222642972398 0.130952509180208 -0.0765435921838391 0.000893330273629021
0.00760226708467631 0.155611658968143 -0.0669906877839384 -0.0197645623377536
-0.0864585713357503 0.141492344270851 -0.0231101691759797 0.0198278935279163
-0.156456267533085 0.121501016392622 -0.00116026023156471 0.080738877063456
-0.160674756164148 0.0958868658069093 0.0545095115227167 -0.0856099594816162
-0.154407978181896 0.104860855407938 0.101530817387441 -0.00445135989122787
-0.103556148563457 0.162555424355027 0.151256221932157 -0.0320381118270793
-0.0272481000649303 0.180463599151188 0.13301319471806 -0.078565015530152
0.0493906595958213 0.140843508749643 0.0648890012568006 -0.0891241493619691
0.0871465119238599 0.0974376110034875 0.0285643790301048 -0.0728927566863057
0.113127072317143 0.0489267691293533 0.00658411291535848 -0.0436390289939775
0.103053451625882 0.0228651497915967 0.0109246477488252 -0.0246229541819363
0.112355864938718 0.0197538408489886 0.00326814433026975 0.00397986883008915
0.108733011609736 0.0604085239487108 -0.0140299667500769 0.0224884247418422
0.0883780746982061 0.0908801688627897 -0.0430130928266543 0.0376369910633178
0.0502129137262759 0.145828225221899 -0.0667010069190588 0.00996057385969149
-0.0153924246890796 0.165055869253946 -0.0569888777353653 -0.027296406354852
-0.109207012701211 0.134455327056755 -0.00279965955965212 -0.00751889189991837
-0.169930857070078 0.105078438261221 0.048072084817539 0.0496760795946606
-0.140313847886875 0.0754745884110946 0.109581950780937 -0.102971113411432
-0.14617705237128 0.0866610091032098 0.135970529125738 -0.0297406806856489
-0.104345618953238 0.149074409497787 0.15433376244565 -0.0363507655970109
-0.0281254100536014 0.170060569896768 0.128704260823273 -0.062723398772066
0.045413813669259 0.131205745926827 0.0759585712119191 -0.0546154001790404
0.0780343593479385 0.0908318663880732 0.0603433459348163 -0.0411015256291909
0.102877921691383 0.0508503198901622 0.0447221582443998 -0.0235164256685659
0.093412312182306 0.0289941621957943 0.0458820499007645 -0.00928804590554813
0.0976865838485405 0.0311294810731236 0.0362944299185607 0.0198162498156353
0.0887409068630401 0.0700505977434864 0.0145886333468934 0.0401953359452265
0.0632138881567103 0.0964815964685206 -0.0245476501859294 0.057787238173948
0.0170631256461725 0.141040543262242 -0.0575553554109867 0.0210009486489936
-0.0460345338392901 0.146302666626902 -0.0450143648462131 -0.0283217888271103
-0.12297367858018 0.100475202152438 0.0161470293570745 -0.0246037432655063
-0.160636499878094 0.0679102693259753 0.0909828827764803 0.0254578793846678
-0.0970106744750247 0.0404553060156005 0.144935665551255 -0.116280863536558
-0.112549503743109 0.0502826920423941 0.149499935361287 -0.0556966610263272
-0.0871320209117649 0.106736871859574 0.140915669979434 -0.0359583229816583
-0.0276664229461285 0.126329126964806 0.115454693168316 -0.0408549049682536
0.0305300371897733 0.0978226290773989 0.0854594081609514 -0.020908643849954
0.0536364096930215 0.0694992232087577 0.0876521602885206 -0.0137752974746979
0.0745651581319527 0.0446272723471964 0.076593460376931 -0.00685335627288186
0.0694208418053382 0.0308662138307757 0.0728228035061664 0.0075558920786609
0.0703802268515045 0.0364820448185284 0.0604075605133518 0.0400431400031199
0.058027284228249 0.0670765616775241 0.0320861828007524 0.0641651973564059
0.0313899098575026 0.0861872624109411 -0.0170459941362696 0.0806711061745334
-0.016867171573964 0.115356607851619 -0.0537621689323033 0.0349222806641823
-0.0700874827151801 0.10447437787454 -0.034645909695267 -0.0212565497947638
-0.118543038776421 0.0501831288281266 0.0297190681382661 -0.0280835112288289
-0.126689475474117 0.0213008055548436 0.122990680514432 0.0129852818983521
-0.0394933088979481 -0.00427398474986761 0.153033702847013 -0.119378352031876
-0.065992173733984 0.00456278436894026 0.141484442123944 -0.0739269176847525
-0.0593318878646257 0.0482100749488597 0.116727143839441 -0.0282291218310165
-0.0261444516194291 0.0650749590631605 0.100707613631723 -0.0177354566011497
0.00711329454617812 0.0518607212146328 0.093722559518323 0.00358990040304929
0.0180176257660893 0.0408897242921365 0.106514976909396 0.00345726819162543
0.03320127000322 0.0345004169377101 0.0969657835118444 0.00368177832874462
0.0347050685526194 0.0276709356504354 0.0886216695317373 0.0227457334408503
0.0346462437500834 0.0318482045510829 0.0734781708674141 0.0603091518723154
0.0255366365295722 0.0492778184985106 0.0372239439807733 0.0873321247226443
0.00773584544410087 0.0604571110252753 -0.0202202708856415 0.100427180606717
-0.0333171321486993 0.0746577585662516 -0.0560556343705525 0.0499745966026684
-0.0711491941634951 0.0539306591401791 -0.03225244531546 -0.00604587530697514
-0.0889541823552105 0.00108548639709056 0.0332441056801626 -0.0212631674585766
-0.0724283025888641 -0.022706161157119 0.139290859152155 0.0118180078635783
0.0036302089733889 0.0455121742845356 -0.143497178924533 0.00529111279262912
0.0372562704204046 0.0240432518149659 -0.0464842932872527 0.0391445039606109
0.0485665968684343 -0.0079192603936272 0.0426688792156927 0.000381894656414432
0.0225088152187589 -0.0258501688490328 0.070811696710853 -0.0569785533366957
0.0121689931707168 -0.0155926842027727 0.0278438298987054 -0.117971652165301
0.0120497617456286 -0.0159715820516949 -0.0483826809931741 -0.111463534315791
0.00427766078851476 -0.026582771673938 -0.0876509581769538 -0.0696386822533162
0.00444008285586771 -0.0235551293779925 -0.100440360884789 -0.0337311399024168
0.0143124451221942 -0.0255517694119896 -0.108997819782259 -0.00540302367041024
0.0259988665664474 -0.0164520584429459 -0.116657520216358 -0.00189484211023221
0.0279170548651916 -0.00965095742251008 -0.107935810397783 -0.00809380774478621
0.0346455837845739 -0.00260923311819164 -0.0961396453200097 -0.0049798225701963
0.0464915813263335 0.010520444908418 -0.101743014045957 0.0123751838501092
0.0249485397826477 0.0384519828485096 -0.0983103000028738 0.0719241691929303
-0.00414574003525707 0.0478019037543742 -0.120845073194569 0.137712647102364
-0.0564309120227192 0.0791885861251646 -0.117680137914018 -0.0196688640731444
-0.019528053553133 0.0593121755506616 -0.0239645333207359 0.0276375911707226
0.00965965433310319 0.0443239232404885 0.0664805607057107 -0.0168656898050434
0.00923324794582547 0.0318392978317557 0.0857117658599461 -0.0753777011973793
0.023072924860743 0.031011020070234 0.0326047704065197 -0.128632900510138
0.0403115042114111 0.0188824427137453 -0.0419812364338231 -0.119764549576404
0.0451370285552917 -0.006886511397469 -0.0797224077341128 -0.0754921518483085
0.0429555689994461 -0.0147949226548117 -0.0879621106523217 -0.0398978706168641
0.0566773075783543 -0.018534203981104 -0.095472959565572 -0.00731522042589774
0.0659818037906193 0.00574304095135118 -0.104748374573586 0.00162160602334441
0.0590365975338426 0.0254327115738772 -0.101994459566372 -0.00225846145501848
0.0496790871219173 0.0528396636973929 -0.0910856404247603 -0.00688120643839881
0.033732023356642 0.0693258647799988 -0.0874067288155426 0.00402401020431013
-0.0175966659908831 0.0865493916839989 -0.0695523664453788 0.0671879672643518
-0.0654213561821579 0.0904573287542758 -0.0878811530957632 0.133059361066647
-0.108960980246382 0.101164316179919 -0.0724511391985934 -0.0428328157999658
-0.0787625227809715 0.0885129354786926 0.0129821408550203 0.0210232077667057
-0.0348056220497338 0.0990265092714885 0.0996439700816282 -0.0278917619957069
-0.00366235845788188 0.0958864406782275 0.104997053903289 -0.0899600402502736
0.0360057272396114 0.0794401006799849 0.0388587289615755 -0.130842523805077
0.0661587577902933 0.0533761664547818 -0.0277631816527288 -0.115998472013339
0.0811502658266395 0.0138711008699338 -0.0606614698861803 -0.0721592581935187
0.0756896547229392 -0.00475869553851615 -0.0630542471511473 -0.0404197053383247
0.0903253621422782 -0.0107093452744226 -0.0692565580851452 -0.00660928357080876
0.0979840403153391 0.022612176737563 -0.0810297174261126 0.00766519861002232
0.0862806784709468 0.0509225656101042 -0.0878253074205047 0.0101692802280553
0.0674221450426599 0.0960652102952954 -0.0864176184057981 -0.00188364633054155
0.0277924896756476 0.119960947037971 -0.0782830447870828 -0.00640527096237438
-0.0496875240562269 0.126499715182222 -0.0435708033422383 0.0477709702355605
-0.113800916659528 0.121353971954999 -0.0433082379799312 0.112061609119278
-0.143367959607084 0.111197270913614 -0.0135473734281508 -0.0662163235000987
-0.125726626968315 0.11023522811822 0.0580387520263069 0.010647020359231
-0.0716368092497143 0.147085821733106 0.131545148802336 -0.0349273966156609
-0.0104764794604044 0.153247006556115 0.121839849350847 -0.0944459815434689
0.0509865530778003 0.118858728759427 0.0482291543262107 -0.119143849381848
0.0863553548955241 0.0793155754608513 -0.00604409953979525 -0.101008214741709
0.10626515161325 0.0301251097356853 -0.0304054553781848 -0.0608708305885487
0.0967097552428061 0.00539738065288474 -0.0293305203450496 -0.0357497872359583
0.109961753660305 -0.0010527325943223 -0.0344954952265208 -0.00378261070215367
0.114651048492304 0.0374227199242109 -0.0485787386429355 0.0145318178803171
0.100570858791115 0.069628396733922 -0.0659831887195466 0.0252078152896517
0.0751994280280189 0.126164707837218 -0.0788589834058204 0.00567965017670423
0.018135699312721 0.154402593361837 -0.0701817643995759 -0.0158640502567505
-0.0759559249908742 0.147541792086128 -0.0219674577337544 0.0197525069634118
-0.146833361443912 0.131673552822951 0.00501999061022168 0.0799884749066215
-0.152316061725495 0.105649866328426 0.0487496705005686 -0.0902573259304032
-0.146930969096014 0.114069832088034 0.10173819394417 -0.00939161011285987
-0.0923235502242706 0.169892916120233 0.151614441688109 -0.0411040690397996
-0.013169309116356 0.182208254945547 0.129835546113607 -0.0880887067160284
0.0589763830048075 0.136965326399389 0.0615018335265565 -0.0930991686741683
0.094225975092514 0.0906635898493152 0.0246487759037659 -0.0748021340277828
0.114748005376577 0.0401664694379926 0.00668119328027059 -0.0438712569620703
0.103048788176608 0.0144311917192836 0.00895854989746927 -0.0262803215244541
0.112683693885142 0.0112009322460858 0.00328979818016262 0.00383960548138314
0.112493772464967 0.0518881393868458 -0.0138190810355399 0.0242190205208762
0.0943083184768706 0.0846428705617379 -0.0415958207416882 0.0414422202397328
0.06121251331721 0.142307231102768 -0.0680640211943587 0.0140639857267959
-0.00375341822054557 0.164958779135822 -0.0609366498848288 -0.0240262448264617
-0.0995797634168227 0.141475096872209 -0.00402348691370952 -0.00871273276254302
-0.16161503442975 0.117123088085592 0.05178601610776 0.045955321953405
-0.133774024564945 0.0828820748128876 0.102167731856796 -0.110419077939914
-0.140058739533711 0.0955577601052215 0.134172775037782 -0.0370910155398329
-0.093926282035188 0.155456001939336 0.154394511647625 -0.0451685558726073
-0.0162284791208538 0.172220789520976 0.125988985101542 -0.0717904833324633
0.0542975981915465 0.127876780402169 0.0744036336387228 -0.0599180215356745
0.0844651610744713 0.084914983795107 0.0580609946550672 -0.0460761772390854
0.104353366316325 0.0426147453831212 0.0453345943511568 -0.0262785263768047
0.0937805130122735 0.0218582232055534 0.0441980499756629 -0.0121700852485676
0.0989912424093117 0.0232722173342439 0.0369535835830071 0.0168532238915813
0.093387309884115 0.0621571885322092 0.0160958032133335 0.040095700314834
0.0698626995068232 0.0914505733300507 -0.0217868201852189 0.0603391835274696
0.0277764664308216 0.139790369659629 -0.0578999998668445 0.0247202358955342
-0.0357828209757641 0.148670862789798 -0.0490439880225711 -0.026838127545951
-0.115766581059383 0.10804119149646 0.0133732944503682 -0.0275682629299164
-0.154790709412035 0.0791910435597544 0.0926642611505034 0.0186331535431644
-0.0931674258017879 0.0454434337360148 0.136401661014568 -0.125307021371398
-0.109078520597992 0.0576644068829038 0.145895622761276 -0.0639730055427403
-0.0802287543857298 0.112457849007291 0.140151105208781 -0.0438000792708959
-0.0185571219760464 0.128890668979667 0.114479108996432 -0.0484334458821604
0.0359093493287529 0.0957330358272529 0.0855897932126252 -0.026926898218477
0.0582294060149757 0.0659426276748303 0.0873953817528715 -0.0205685958151493
0.0765515687284646 0.0387569978669188 0.0776195360013282 -0.0120457734127348
0.0704624374771926 0.0253275916691754 0.0733236636760818 0.00217489152420724
0.0722891360627634 0.0306811737224205 0.0622844899047377 0.0360016757926403
0.0621717195073709 0.0619191793805691 0.0350911733462596 0.0620016891044361
0.0373616293104288 0.0840508454320034 -0.0123637741643223 0.0818991455114755
-0.00844771554817756 0.116988229494043 -0.0527013034935189 0.0381255585170899
-0.0624130380327473 0.109338997374157 -0.0382136278495502 -0.019530454941584
-0.114547229025873 0.0572776484164075 0.026584674172602 -0.0310035029349123
-0.124579049017508 0.030000646608159 0.123402826217488 0.00469298400878788
-0.0389702016864843 -0.0029972311193724 0.14471726318296 -0.130026482261465
-0.066169986769904 0.00801581247609637 0.135811371918201 -0.0809123534120216
-0.0565959932480117 0.0519727285354892 0.116346047354057 -0.0339949691917069
-0.0218867545337437 0.0673801444624654 0.100833409822786 -0.0239076517538117
0.00974198813114802 0.05149050935902 0.0947445820515471 -0.00310434831327987
0.0209086094236724 0.0398589773520586 0.107094986764934 -0.00479391520826503
0.034888996303633 0.0317046499076852 0.0979319804268444 -0.0025590564784846
0.0364066935131581 0.0248823285541139 0.0896503055517635 0.0162378434620384
0.03637849635078 0.0288952959432691 0.0766616953738519 0.0552162083326416
0.0292537662380403 0.0468441274850821 0.0412631554199841 0.0848315514094337
0.0113902322389903 0.0598262552318734 -0.0142598265312534 0.102611264116903
-0.0272774959185611 0.0774239276509246 -0.0546101473859387 0.0533290847803381
-0.0677497911422006 0.0585271742910734 -0.0346120171927616 -0.0051122439759609
-0.0886324032972814 0.00618201289671343 0.0304932614335189 -0.0237698954521558
-0.0734637020588319 -0.0180545943020866 0.138930642347768 0.0027192641689791
0.00476219311111927 0.0450181484326938 -0.138592159270934 0.0107066482734133
0.0376175375034586 0.0221905940658286 -0.042301920372244 0.0411188511309505
0.0476221912159886 -0.0103778093008593 0.0429900182657802 -0.000969187847691591
0.020965967674826 -0.0266403983919791 0.0682337048860733 -0.0593747467899788
0.0117496444237412 -0.0157802050458096 0.0233138362112198 -0.117164199532879
0.011151178608002 -0.0166904836456401 -0.0507258270051996 -0.106010608831017
0.00256295781979196 -0.0256522901169036 -0.0877543516833889 -0.0640617494248781
0.00300168957946666 -0.0227756908629236 -0.0993128008667719 -0.0284123174896464
0.0128646342978367 -0.0258496018499904 -0.106430644249075 0.000160062122116792
0.0242727150011383 -0.0175513601920455 -0.114302836340005 0.00424701914759669
0.0269185084613621 -0.0113894641833416 -0.10798678999184 -0.00235174320335416
0.0343765938599342 -0.0047864465742428 -0.0961934867659497 -0.00162846948346896
0.0460212741483196 0.00723039060004619 -0.0997231285300467 0.0163947687178902
0.0259564048023133 0.0369710556398157 -0.0922056653892069 0.0727823113881856
-0.00207960097435067 0.0466548016239242 -0.110920910312562 0.139911691298866
-0.0512041052539464 0.080136187012147 -0.114613305945169 -0.0149018724372269
-0.01589782832719 0.0591050684747508 -0.0204270386810562 0.0291607510173624
0.0128448841708876 0.0426060028513472 0.0655404736091812 -0.0197919635998654
0.0120131808793119 0.0303596779373056 0.0815788337504487 -0.0783069314462923
0.0247659206356603 0.0290252178323652 0.0273954323737967 -0.127575428956222
0.04078896739903 0.0155577260003228 -0.0449036767670098 -0.114383818008754
0.0430192982016587 -0.00900694796165044 -0.0802059049925796 -0.0700968237511817
0.0407501897303772 -0.0168702423600818 -0.0876481064007242 -0.0344737462582804
0.0542030211625955 -0.0211204479732193 -0.0929278912698662 -0.00181218590724957
0.0645024560083864 0.00164452291163795 -0.102705604064925 0.00715813999704243
0.0590094347902817 0.0215392057257589 -0.101507096364808 0.00263467066196694
0.0516829990578588 0.0487495590150803 -0.0918891831807672 -0.00318527850994844
0.0365866162543342 0.0655586187638496 -0.0862962808612441 0.00749352838818953
-0.012709713101247 0.0856461697166481 -0.0643367068999534 0.0669546133508002
-0.0594413477795188 0.0911432061985059 -0.0785479098539305 0.133682686908645
-0.100635736042306 0.10407222390004 -0.0721694889448927 -0.0399152980673333
-0.0724343402002143 0.0906292567389095 0.0148907296363351 0.0208871997668589
-0.027957914233075 0.0990354879831885 0.0983036528247544 -0.031781077615002
0.00260140690012043 0.0937842658765675 0.100479559560217 -0.0933238480526005
0.0395570581775462 0.0756005969305434 0.0340444143134908 -0.130425061394711
0.0680429090264259 0.0479529141007686 -0.0313622563545213 -0.112095747090053
0.0789498530570501 0.00910301646429246 -0.0602276567603627 -0.0681836191905368
0.0726274027742932 -0.00880555629755309 -0.0636111536999648 -0.0363335877173634
0.0871521250452236 -0.0156175061624696 -0.0674988417840703 -0.0026392179830929
0.0962407944396219 0.0172348069788131 -0.078769114515463 0.0123486664895673
0.086835663289799 0.0452881168329535 -0.0866375148432762 0.0144642784016448
0.0707162217289323 0.0902443377513514 -0.0870108479806533 0.00210920923540864
0.0332260209348539 0.115297679616224 -0.0779190783100782 -0.00301115118874548
-0.0420577622741055 0.126128227472299 -0.0397978926442126 0.0468617172013511
-0.10471138617489 0.124064406177561 -0.0355616374386579 0.110604125437705
-0.133436073521931 0.114679836374891 -0.015755390860441 -0.0652655667391669
-0.117405405598299 0.113461281769834 0.0584388693551961 0.00956477846265547
-0.0616658324877832 0.147332065459207 0.129651085156473 -0.0399379281896382
-0.00127338460762779 0.149889804962133 0.116525129162398 -0.098692314598862
0.0556118529094514 0.113194999648208 0.044020010055131 -0.119543145905193
0.0888988183819614 0.0715883243763161 -0.00926412370286308 -0.0980179221586178
0.103565141576647 0.023904256493495 -0.0297283492150856 -0.0584890391161671
0.0935996909897998 0.000373485997537953 -0.0307111614920751 -0.0337838587693586
0.106131757047617 -0.00710105824444707 -0.0337636350670373 -0.00178891720338808
0.113232874150422 0.0302929209004358 -0.0473268413389876 0.0171665084621793
0.10136648791906 0.0628182387343589 -0.0644819780456621 0.0283402541375597
0.0799613345929163 0.119182504342697 -0.0789617220345844 0.00892389741196498
0.0256860105191335 0.149122050587076 -0.0713708980579041 -0.0129699927497559
-0.0668879473908462 0.147816478615926 -0.0207474177649012 0.0183313424076488
-0.136068409625017 0.135858471661819 0.00934169447404941 0.077168707263725
-0.142120168729901 0.108797103199154 0.0441187365295366 -0.0899052382807559
-0.137881925497566 0.11843027414497 0.099938440416951 -0.0119411595426159
-0.0810327183508386 0.17041122357587 0.149128321753244 -0.0467369128096583
-0.00295707796794569 0.178616545765422 0.124366634712233 -0.0931908641003806
0.0646330107311285 0.130384078865395 0.0571289697719263 -0.0953104304307424
0.0968974712450537 0.0826649416703872 0.0212229919804146 -0.0754883726910471
0.112534323039694 0.0328689074514148 0.00701327588105096 -0.0442954341973364
0.0997293495743458 0.00847316592523282 0.00694552795758192 -0.0259272077600645
0.109360514593169 0.00519774415917252 0.00269969482941142 0.00380495592823404
0.112351301295321 0.0435698516995225 -0.0133863661159901 0.0255307808136492
0.0960925362554228 0.0778754069190733 -0.0404597345513652 0.0427007974418341
0.0675367849072486 0.135591779958945 -0.0682930403845428 0.0161486717790474
0.00498189248897543 0.160746744430685 -0.0630875461483084 -0.0212245531432506
-0.0899910360868727 0.142772274409646 -0.00513750257525203 -0.00989092368997526
-0.150553754804453 0.12187341182745 0.0528469228268618 0.0416656674919709
-0.125690247452014 0.0856814024936983 0.0949751182980844 -0.112644215759488
-0.131906979945599 0.0994790838598159 0.129385744785533 -0.0405747025906817
-0.0840074706684953 0.157071965989229 0.151079914884778 -0.0511105681473037
-0.00689402930762438 0.16916207947188 0.121765121087214 -0.0764206256874302
0.0585510078616614 0.12225768909186 0.0713549609325445 -0.0621948835888401
0.0864562512212315 0.0781647489009955 0.0553755520718035 -0.0486829303544827
0.102783609222926 0.0360973739859827 0.0452652949394186 -0.0287828122306717
0.0910937779701981 0.0155917542328464 0.042295610538101 -0.0146318497765265
0.0963935893604764 0.0172214350769987 0.0361764299249198 0.0152732334705925
0.0937006454691855 0.0546357027521855 0.0165684229022571 0.038984097553782
0.0726009654380874 0.0860367851064262 -0.0195739751755119 0.0605190662003479
0.034856683930384 0.134897856146183 -0.0578666402334305 0.0267266130001885
-0.0276294354213395 0.146679355897107 -0.0515273411377582 -0.0241904384506682
-0.10742786439968 0.11048235414963 0.0102434721351347 -0.02854238387039
-0.146048045080129 0.0849620557719718 0.0912578561817869 0.0136848288984192
-0.0877054688613898 0.0474649034068128 0.127238852583147 -0.127990496415232
-0.104518481972553 0.0605150116838315 0.139296834123958 -0.0669946596720989
-0.0733697061389275 0.113783770589462 0.136941206490544 -0.0484466848502344
-0.0124878371131507 0.127182229648463 0.111075642974669 -0.0530646958233703
0.0395487714120944 0.0919130308257902 0.0838758559496623 -0.0306285016666133
0.0597763018135924 0.0610334128752324 0.0849094808128188 -0.0249595794080274
0.0753346460696068 0.0334480580234824 0.0764944411361976 -0.015788305134163
0.0688692754886614 0.0202523210562027 0.0709733593705761 -0.00139688244580338
0.0710274257905942 0.025741054919196 0.0617299634384864 0.0320469838107178
0.0636804868018891 0.0562569432597574 0.035824000023829 0.0595948688226605
0.0403388019591527 0.0799886171954413 -0.00985083688137004 0.0814692071147062
-0.00102227239438989 0.114664054564836 -0.0518681888718442 0.0396231875104058
-0.0557326088772358 0.108709097511508 -0.0406446750747275 -0.0184355463012705
-0.108731149338084 0.0608895319717006 0.0228347361751542 -0.0328122021997332
-0.119297083353193 0.0352680108274503 0.12048112790132 -0.00170739090957285
-0.0378301540915256 -0.00263890760540637 0.135323801437665 -0.132706987173284
-0.064853005500898 0.0100080311982649 0.128551510962346 -0.0842897231384847
-0.0535108900554028 0.0534664057205584 0.114331271921429 -0.0377997558670193
-0.0190145791957906 0.067043073299825 0.0989036638383619 -0.0277855231344763
0.0115824414104731 0.0501917544879665 0.0939379301621723 -0.00774039632470549
0.0221352727566657 0.0380216082524153 0.104556911514385 -0.0105829477057435
0.0352986574109208 0.0283216224008549 0.0961856187702966 -0.00703551071117527
0.0364271207522565 0.0219859277032413 0.0874744116667435 0.0113103471590934
0.0363954957221034 0.0258802411169618 0.0766892228580414 0.0499399216225691
0.0304093356255933 0.0428238027303498 0.0426751609378033 0.0813909636736765
0.0143039635842516 0.0574031480165888 -0.0100971820353339 0.101372079630695
-0.0220066672752688 0.0777389093679023 -0.0526160021317749 0.0547262244946774
-0.0631924395835607 0.0602540187208282 -0.0361199852558823 -0.00418341412882721
-0.0863791321801778 0.00930515147272081 0.0274908407572628 -0.0256851404861612
-0.0722351939329047 -0.0144642308415529 0.134630581619709 -0.0036019670656017
0.00571433503071387 0.0445081653228937 -0.135183421002479 0.0116440690861498
0.037850496180739 0.0220184248642885 -0.0384419959407489 0.0411569664339951
0.0475872432887128 -0.0110045859119567 0.0433061397839958 -0.0015875426355582
0.0204674474108757 -0.0272555869081674 0.0673664619667385 -0.0599259234164011
0.0119960436783789 -0.0164050161447195 0.0222653600149695 -0.11485298212147
0.0109602842618228 -0.0165201807955789 -0.0499116300169846 -0.102372733673363
0.00210977813271968 -0.0242498641843279 -0.0866695570484256 -0.0618023733289105
0.00235015376646805 -0.0219863790508779 -0.0973460208426441 -0.0259673715195132
0.0117391851167241 -0.0256590865475841 -0.103451352701433 0.00259818289624506
0.0232860897158689 -0.0176873166509068 -0.111781213502098 0.0075183283703096
0.0255887197478488 -0.0119517714930451 -0.107250801008243 0.00019880636760474
0.0340529947732914 -0.00587589836001076 -0.0959733469555698 -0.00019420206001079
0.0453621584126689 0.00560100514192946 -0.0982309535832568 0.0174580546273248
0.0260556059684735 0.0363992015727771 -0.0879601368188621 0.0714003698120202
-0.00133348428916351 0.0454036340842329 -0.105213895586364 0.138136879364189
-0.047568629368882 0.0800230164836823 -0.111556451217911 -0.0138987972486408
-0.0140826934820106 0.0591042582300306 -0.0173428827574849 0.0292057021683813
0.0142818948978305 0.0415409746070789 0.0655464078474793 -0.0203633856145852
0.0131596692763497 0.0290494068373604 0.0800962268657062 -0.0790539088206726
0.0255380571749646 0.0270892716469188 0.0260165047659385 -0.126024150023907
0.0402911321903418 0.0136701540756518 -0.0454153254354319 -0.110473180293277
0.0413208485311044 -0.00941326223534629 -0.0783051056778091 -0.067746190214159
0.0388502549128144 -0.0170708364759425 -0.0864994997677803 -0.0325095802297704
0.0520782743651746 -0.0222103134012657 -0.090668241253697 8.52425026414212E-05
0.0631491993273434 0.000174644386170117 -0.10039840957699 0.00980926898046277
0.0578528197333572 0.0197775962221388 -0.100523464078376 0.00488156738229918
0.0518270395478676 0.045653289727619 -0.092166264404183 -0.00160519662095493
0.0364596332352325 0.0624294725326869 -0.0852223666795036 0.0086745718239017
-0.0103677490382372 0.0844482880810077 -0.06100558139718 0.0646045606733178
-0.0560621503672693 0.0908315383292521 -0.0725073288004024 0.131980703214362
-0.0956998839295458 0.103640454602279 -0.0703627152277185 -0.0390063430073805
-0.0682796546979546 0.0903524801983548 0.0173017809133835 0.0213227774765761
-0.0238891046268524 0.0974759594017789 0.0975142355881223 -0.0336970732000479
0.00548898815249189 0.091060353260705 0.0975574953846151 -0.0942304508572045
0.0413378623907766 0.0728492032403229 0.0320121268009323 -0.128789169165726
0.0677784304162122 0.0443890539970642 -0.0320895282157721 -0.108929529265506
0.0761324349916289 0.00735347788454174 -0.058519102759664 -0.066439047364174
0.0694638665309654 -0.010362603732756 -0.0632114143016913 -0.0342816032311522
0.0839073687580926 -0.0176748615969372 -0.0659019535964427 -0.00121611648713918
0.0941714045791517 0.0132024947921929 -0.0772284190025723 0.0148720197006945
0.0855954488693013 0.0424512502420152 -0.08559420748037 0.0169405859693385
0.0723314584784414 0.0856614183474683 -0.0880192917439566 0.00287423421226926
0.0347270813131754 0.111122992148416 -0.0783427410224123 -0.00141824269517201
-0.0379475727634211 0.124639944275619 -0.0380814568735586 0.0444698843289963
-0.0989530250967753 0.123635868452567 -0.0320530836972343 0.108412657189174
-0.126645683703913 0.114045217787397 -0.01658732215918 -0.0642076353916026
-0.111604915696386 0.11364267706231 0.0589502511407928 0.00942483740598204
-0.056066911262074 0.145103901065349 0.128166390491509 -0.0415743918494004
0.00325669367890686 0.146556693703816 0.113752053854605 -0.100242195391688
0.0576186635949704 0.109483212652997 0.04204094047785 -0.118636564609774
0.0886866607766754 0.0673673901966386 -0.0107810894893519 -0.0952357858869119
0.100547125118691 0.0207888279652083 -0.0286638931070414 -0.05776016851058
0.0899444252688239 -0.00233162267115376 -0.0305881137913092 -0.031912977491188
0.102452165849517 -0.00982995673985804 -0.0329833695477645 -0.000734148058722389
0.111185093549034 0.0256284606509405 -0.046495582283205 0.0192253258200888
0.100973691052943 0.0588680764304904 -0.064078623454823 0.0296794812825553
0.0819386682557863 0.113724444176661 -0.080126263086679 0.0105973487663246
0.0286232669445879 0.144272707370759 -0.0720982992536522 -0.0112838690002275
-0.0616376882107432 0.14575641315857 -0.0206754224798596 0.0168781072310856
-0.12896066365597 0.136061232572323 0.0110891205047646 0.0743132771197251
-0.135518650058218 0.107978442660579 0.0416221354409816 -0.0892322317839554
-0.132489858403008 0.118807397109523 0.0993374411702857 -0.012321439858472
-0.0746960139699228 0.168340507933026 0.147207849590298 -0.0487104753748094
0.00188425059838248 0.174204808663077 0.121788122644824 -0.0944551353550337
0.0667598139652436 0.126576175186151 0.0556666360704788 -0.0948479478126808
0.0962575454476832 0.0773529868202463 0.0197962447176796 -0.0744515929349885
0.109081964753637 0.0293504982991991 0.00810662570463143 -0.0445403777737501
0.0965491191757787 0.00575937942009799 0.005688793091965 -0.0256146971110406
0.105408340115936 0.00140616461720886 0.00246256663893777 0.00413038575073689
0.110211962317278 0.0392315240062504 -0.0132133935053063 0.0258127235400434
0.095886273688791 0.0735444930643127 -0.0397474379395586 0.0430863023958642
0.0701234960892767 0.129925506702346 -0.0694245088536102 0.0177502408591923
0.00826808346503824 0.156641061841714 -0.0645008167796154 -0.0200021982645635
-0.0843393974611462 0.141000411904084 -0.00613377940726212 -0.0108810910130407
-0.143360180241794 0.122187152264426 0.0529458232433219 0.0391309722178164
-0.120061045349428 0.0848059769333819 0.0908725002411534 -0.111955135548952
-0.127737189305653 0.0994597146699679 0.12710995890754 -0.0406997942095909
-0.0786439000089984 0.155431392395906 0.149558605908754 -0.0525876587537511
-0.00281071595949408 0.165446240861722 0.119148777953576 -0.0776458352750527
0.0598659141252321 0.118590813238728 0.0698923804490657 -0.0636824683011233
0.0865030047502581 0.0733565723055737 0.0535041616156573 -0.0493495935970995
0.100012188581079 0.0321336459102333 0.04563683470258 -0.0302329246630074
0.0885947943382934 0.0127727026493648 0.0409151377666632 -0.0152985251702739
0.0937841184211714 0.0136436089616689 0.0348798311105645 0.0142299000851737
0.092776038660136 0.0503203249327807 0.015638340147873 0.038669531354432
0.0727049159190035 0.082144778585927 -0.0190434919351571 0.0598329780600781
0.0384059662637359 0.130887876636698 -0.0590719508296667 0.0276497525390976
-0.0234398487197708 0.143636669143131 -0.0533930357084388 -0.0235117032980089
-0.102283497216269 0.110020833991211 0.00853065481535285 -0.0300184409015539
-0.139462163204578 0.0857145581913809 0.0887515389490828 0.0112237508341998
-0.0846365568519082 0.0462107743792787 0.122222615725495 -0.127503953466459
-0.101719099188075 0.0612205410310072 0.135383101404091 -0.0668358680694294
-0.0696700078003486 0.112550678246621 0.135430145192683 -0.0495629262027306
-0.00937576509152135 0.125187268345224 0.108434256928305 -0.0540622491714758
0.0403229644812601 0.089691998232555 0.0821943836570177 -0.0318666606787434
0.059630828212917 0.0582135851317328 0.0826946063504245 -0.0273091310369149
0.0733473565189282 0.0304717027810149 0.0761946262629336 -0.0178852867787901
0.06685384052423 0.0177693546784132 0.0689415756513148 -0.0027990680131406
0.0689060950401875 0.022854946456208 0.0608836963123532 0.0302864424414967
0.0632013771661577 0.0526575430551989 0.0348641704298371 0.0584807775253145
0.0418668197642757 0.0771442243704517 -0.00896566703895607 0.0800933214385261
0.00233946726531461 0.112267971490013 -0.0518924913246469 0.0405553075076989
-0.05196641058807 0.107274144360116 -0.042601001869605 -0.0173814453730177
-0.10525558895304 0.0611653114566646 0.0206528712446117 -0.0336924455586548
-0.115010269843449 0.0367981137533821 0.117027234170791 -0.00381909924012284
-0.037551493397891 -0.00253749868389487 0.129891047173239 -0.131978315012032
-0.0645506878965376 0.0106364531411753 0.124316383560966 -0.0834211261301308
-0.0521630043167947 0.0533603050496375 0.113059092409718 -0.0382646732865885
-0.0176168786643288 0.066864241663424 0.0973637976764243 -0.0293035616849059
0.0117684110571586 0.0493625540176472 0.0928995230445315 -0.00989148742122737
0.0220621348481988 0.0372127074416804 0.10280064181437 -0.0133720405875467
0.0342308838732382 0.0266504897300102 0.0950028888791226 -0.00914913823749629
0.0352957083297762 0.0199487385295984 0.085565916050422 0.00911564246988325
0.0356808430434385 0.0240804772015382 0.0750072561305956 0.0476014075353919
0.030692278205924 0.0409395388489182 0.0419813170602691 0.0792870779342333
0.0148525262300464 0.0555345760806039 -0.00883159515503265 0.0995151793957128
-0.019286413655614 0.0766784820503368 -0.0522502288178223 0.0545407401508223
-0.0603682067529947 0.0604999415883148 -0.0376839996601182 -0.00378840636683888
-0.0843053759313782 0.0108934516474113 0.0251204653414209 -0.026473016942899
-0.0702542997504849 -0.0133743860468467 0.130859039642587 -0.00585334544308786
0.0135216270306749 0.042016244406204 -0.136346203200137 0.0395218088720891
0.0417765783830033 0.014547963931863 -0.0292840102811718 0.0512128889877974
0.0437820808673264 -0.0204571341423489 0.0474542942069217 -0.00754513034967721
0.0137885185514188 -0.0324830991286181 0.059754310708851 -0.0728737501257207
0.00719938496200727 -0.0200859452265979 0.00234185750785255 -0.119911778504504
0.00592665537294534 -0.0181338372855032 -0.0661465053122097 -0.0921019031358072
-0.00433321118506561 -0.0225913966796722 -0.0937914452535567 -0.0451231476278761
-0.00234917957077242 -0.0207492387512371 -0.100773360780744 -0.00732547016210612
0.00526046519733716 -0.026537886196328 -0.102779528418963 0.0236141575573388
0.0178458970855409 -0.0215910039708863 -0.111602975413724 0.0320745915585333
0.0211152988419449 -0.0162254668501826 -0.108705130225667 0.0233051896905054
0.0306068668131912 -0.0137251042066354 -0.0982398822328678 0.0203642543306046
0.0429622043859485 -0.00441435187967883 -0.0967612500433015 0.0396783515209197
0.0318269022576344 0.0304119738086265 -0.0754842596345089 0.0874089112160812
0.00499712093402952 0.0463983759645107 -0.0785509425207053 0.15603955582322
-0.0300603072254566 0.0845104257850263 -0.121884138753839 0.0084822565073616
-0.000135306113268272 0.059508781640621 -0.0129948172560594 0.0344634167907189
0.0236505014276598 0.0355888488256637 0.0607903689863716 -0.030062934816805
0.0188564054207817 0.0220325742829526 0.0644558276384674 -0.0932098000685018
0.0284945782898438 0.0187048729827315 0.00212151354228401 -0.128890971360096
0.039877088200261 0.00507634654408954 -0.0632505184336173 -0.0991129173346332
0.0361872797454192 -0.0173847853834091 -0.0873048867483276 -0.0498736873375623
0.033137074810088 -0.0228595960880378 -0.0908469859130689 -0.0150751406050664
0.0443452045149287 -0.0311443001516522 -0.0912226704039524 0.0184226993298745
0.0598516806737966 -0.0121640143679205 -0.10047774600758 0.0322277555072007
0.0569403115467013 0.00799469409637858 -0.101617965212819 0.0280461856165283
0.0572700289812806 0.0324958404676739 -0.0968482498703733 0.0181313452117014
0.0459752801859667 0.0512384969256474 -0.0881283226248706 0.0266601300427408
0.00606945365067405 0.0849072543067638 -0.0497477615974432 0.0716238752973057
-0.0382846918353055 0.101170815297425 -0.0470959346651331 0.13877622298805
-0.070491407512363 0.114135507069943 -0.088145095069785 -0.0263162866641307
-0.0461477478120352 0.10009143546458 0.0176006770190197 0.0188538286584118
-0.0013290182965146 0.0959011486877434 0.0852316935629229 -0.0487282856358233
0.0256714115753142 0.0815387995074766 0.0743883012074367 -0.110233946827747
0.0530201244220916 0.0592750095843151 0.00641948515152858 -0.129974605974267
0.0719556021648785 0.0286804166266598 -0.0508104682561344 -0.0971701697408477
0.0725864622714916 -0.00932778557243281 -0.0678431361448966 -0.0498463671679621
0.0640014406464561 -0.0215610444044028 -0.0686323026474188 -0.0213636827471765
0.0753655844264247 -0.0327458567990537 -0.0671128329473486 0.0121271448892121
0.0922572726292774 -0.00564661589501023 -0.0770025944645477 0.0330258430208689
0.0878118885080436 0.0238320991040776 -0.0851529539787922 0.0370789443124711
0.0844333907708417 0.0667033293570671 -0.0922081124097326 0.0230099431501337
0.0533556595827091 0.0977435911959613 -0.0852135741766862 0.0149608576317375
-0.0118730006404452 0.128663890296097 -0.0314169815005269 0.0441716933518078
-0.0730812733122236 0.141852964594634 -0.00952598231207591 0.104507789735564
-0.0981277516654068 0.129148714797229 -0.0397071999442609 -0.0630478660189077
-0.0830332479385937 0.129862982479187 0.0555007967717326 -0.00189024286627037
-0.0219811853844292 0.147500833388701 0.109772613046605 -0.0631999875642216
0.0351778691153015 0.134813567331379 0.085487243392463 -0.117280421069999
0.0761593675987195 0.0911037523741241 0.0167946796793134 -0.119375367213668
0.096890518327559 0.0462578211675009 -0.0277824750106259 -0.0868613810258947
0.0986139892702524 -0.00150808132374517 -0.0371360749914309 -0.0448713877087597
0.0847119491495657 -0.0180354174007017 -0.0363316661704983 -0.0253656226813823
0.094278119812211 -0.0287460478889159 -0.0353948880299415 0.00609879189401998
0.110531558135617 0.00348670035174088 -0.0458770025877514 0.0317761253715754
0.105195211654644 0.0374332905009108 -0.0613090829912717 0.04562766842088
0.0991567776581193 0.0917517310201433 -0.0839836907766422 0.0286479480517369
0.0540792362826029 0.130427279650361 -0.0835913693044185 0.00343120736644029
-0.0299944692687591 0.154064178632691 -0.019789640708235 0.0108120121347364
-0.0984505507590363 0.15999144611556 0.0282492972691581 0.0607757319135411
-0.107302445058157 0.124763788318762 0.0135843527386542 -0.100804455153819
-0.102432447354935 0.137860698463524 0.0906798073180417 -0.0328506601492639
-0.0351834817584348 0.172655042650308 0.124963437107185 -0.0739650910264507
0.0395091326540023 0.161739472162755 0.0919403120516342 -0.112351968161589
0.0878105311438593 0.105734184087791 0.0343667359140252 -0.0972862124283628
0.10624681487081 0.0543740867962077 0.00603455886255833 -0.0708456532574587
0.108416570018949 0.00420358100170824 0.000828684721669232 -0.038231232602097
0.0923333282832622 -0.011684330016783 0.00104101394923073 -0.0258313358244966
0.100144664934285 -0.0182639702917703 0.00102260968264629 0.00369478694100766
0.112426637748265 0.0169687916085577 -0.0114575764176494 0.0312471853862496
0.103112977182694 0.052539181979875 -0.033971806073248 0.0541797694703649
0.0908508271476944 0.110011580063171 -0.0720636847672292 0.0338942445646123
0.0374317721732392 0.145560923189395 -0.0779660512134066 -0.00790589438964004
-0.0527690297507841 0.153694813388114 -0.0102960390356181 -0.0207427976768161
-0.114287025369359 0.148780684521569 0.0632115042150051 0.0175626319884122
-0.0969461431478494 0.100370149700177 0.0611774792315912 -0.133849331889919
-0.102314066971287 0.118816786677968 0.114377764482268 -0.0666839666403329
-0.0427358450634897 0.161361341112411 0.126541389194326 -0.0790824366656484
0.0331379805781688 0.155030002490522 0.0932386971726994 -0.0957971422739366
0.0813050898917827 0.100522435640147 0.0549667738299497 -0.0691148010281848
0.0964555046152926 0.0530713674896208 0.0437668147712761 -0.0528696443310148
0.0999193316118214 0.008818061480347 0.0398591719686523 -0.031276638328265
0.0861667335908368 -0.00335910754418543 0.0371749580576223 -0.0228979451882535
0.0914126138343385 -0.00441853288949941 0.0354580006427438 0.00714510065317922
0.0978325831201564 0.0306449042915953 0.0198541471873329 0.0377402340600152
0.0833545467373355 0.0647065838417685 -0.00990846620098655 0.0658922042516943
0.0611870026108053 0.116687097836108 -0.0591847517388319 0.0408839530550473
0.00517543616871696 0.139802234028616 -0.0671778779597485 -0.0149050197214612
-0.0764582405472866 0.127327402192186 0.00186790793532331 -0.0413068167586889
-0.117636603244625 0.111928272480785 0.0948914812103831 -0.0151280687843256
-0.0704713043590699 0.0578420280409777 0.0930574337573079 -0.155555302510608
-0.0859212966734618 0.0764994470992835 0.119977163373922 -0.0955004214248997
-0.043037040956821 0.119974895426432 0.116638948606185 -0.0752212161256437
0.017987114637898 0.118827032308726 0.0894920376343638 -0.0716772314587265
0.0563660844066028 0.0766759515933883 0.0738968107935977 -0.0419663737709946
0.068229667138055 0.0434419808779932 0.0765754251856654 -0.0385179408220592
0.0750638790418962 0.0133106929322971 0.0720136125835391 -0.0265107916774062
0.0668002345923127 0.00475497684214324 0.066867561013095 -0.0156489009559666
0.069730627989931 0.00852075938478739 0.0643677901468525 0.0185203365285572
0.0703642895599543 0.0390575280761914 0.0439390831345237 0.0528091421581615
0.0529638369629078 0.0664423153640156 0.00532967185612923 0.0829226513439779
0.0232767060069178 0.10633357610128 -0.0490880244069454 0.0510132673550294
-0.028715134127695 0.111301231379903 -0.0530597838007293 -0.0122798212533688
-0.0888790096579094 0.0800139450313426 0.0139804247062073 -0.0453134848371847
-0.103075671214122 0.0584491093404925 0.119972645896576 -0.0320903436267997
-0.0356591639265836 0.00289835685390611 0.104739039848653 -0.161512674235566
-0.0611199896243084 0.0219607843787148 0.107999851513209 -0.109415356865793
-0.0386414406550037 0.0600980650267061 0.101006163863854 -0.060499821593888
-0.00224493749783045 0.0660077499812096 0.0875615774739476 -0.0464270622626321
0.021540094319175 0.0440531574566944 0.0898240732588848 -0.0244413426714907
0.0280435237139781 0.0301388085326883 0.0988515471505921 -0.0311588037983486
0.0379455864554224 0.0180715600606639 0.0916101001129149 -0.0240575885962767
0.0376907986991944 0.0122008583346322 0.0857290604699649 -0.00719219994254578
0.0385241845781153 0.0164719064145839 0.0832817187529142 0.0324840350408669
0.0366138833860305 0.0334712978826429 0.0559249006673714 0.0721563474808409
0.0234698004611782 0.0506605432551805 0.0094076283163543 0.102386746551668
-0.00412622959717052 0.0769912771611502 -0.0446393009597362 0.0648957048427739
-0.0462715628409559 0.0686387932671607 -0.0429388645285445 0.000462735190167381
-0.0793335119556999 0.0269737298391265 0.0207989924728798 -0.0357901970906112
-0.0694229021956181 0.00100580550385626 0.132467640499835 -0.0322501855305338
0.0151289452063807 0.0435786553862948 -0.138293364003929 0.0412733562028374
0.0439552092268828 0.0140844608286908 -0.0275246312883413 0.0523844010034668
0.0451259075136292 -0.0223391245326248 0.0495374804397239 -0.00805310240109072
0.0137166500018835 -0.0338984841558482 0.0606988127112855 -0.0755441549353056
0.00669880147830869 -0.0218128924520769 0.00147032397665845 -0.122636987561083
0.00606305552398055 -0.0192410766008939 -0.0671279960952558 -0.0930523992522514
-0.00435044529360478 -0.0226421002170232 -0.095941837641528 -0.044568767705025
-0.00242395609596132 -0.0206100488340841 -0.102725085858014 -0.00529085903985934
0.00468703508419001 -0.0268682412942769 -0.104384427217506 0.0255790626176267
0.0184934773985912 -0.0230230882746147 -0.113347166963459 0.0346892749955469
0.0202960930927662 -0.0171348753727306 -0.111795947910443 0.0264094093326509
0.0310451705704645 -0.0154980791189536 -0.102350111000963 0.0227819951146599
0.0436826800173975 -0.00567814187146853 -0.0986324606609823 0.041242039141478
0.0333981070012427 0.0313213025344911 -0.0757002384710527 0.0880990553505222
0.00570619057819103 0.0473184586448345 -0.0776189215266713 0.15949520132682
-0.0277715628916257 0.0860182400891012 -0.124035476057015 0.00940931194617236
0.00229557005655735 0.0604758579135446 -0.0113959354980947 0.0351242951527363
0.0258546986064218 0.0352776687053222 0.0626119935976627 -0.0317005315319997
0.0202317625633672 0.0209170352273081 0.0650671006972963 -0.0967431552052946
0.0302351916946755 0.0175085883525591 0.00142401500040357 -0.131918497798907
0.0410127984010807 0.00346211774441348 -0.0642724941822922 -0.0997664308100317
0.036073148064533 -0.0178612115046469 -0.0887166773019594 -0.0501236328778092
0.0328917720759431 -0.0234788762114326 -0.0930513561604136 -0.0139442508535406
0.0438395006561596 -0.0326101036263898 -0.0922940280405459 0.0200778669538439
0.0604290795083365 -0.0140139239951318 -0.10193747875457 0.0355320730158198
0.0579170310525862 0.00623924495485416 -0.1047788603646 0.0313326536755988
0.059153265765472 0.0306604607143728 -0.100384827452537 0.0207548621182448
0.0476356308593767 0.0510761582234071 -0.0903392636631743 0.027867675042473
0.00854901028222825 0.086645982645189 -0.0501229255911337 0.0714982402789292
-0.0369542088149629 0.103695722226385 -0.0451165728613612 0.14125893979067
-0.0685505651944563 0.116652922580648 -0.0901757177569683 -0.0264402663797843
-0.0438740037619944 0.102457902615463 0.0199285414141431 0.0191018588435497
0.00172905145677395 0.0969941127787407 0.0872444591611724 -0.0517722517711102
0.0284266080345187 0.0819582703367247 0.0751136956482649 -0.114011311576859
0.0559038505249753 0.058211007687446 0.00528582831888432 -0.133519809389978
0.0734018900429647 0.0268341021981663 -0.0525403369063156 -0.0985283635933396
0.0728774067982606 -0.0101982549697223 -0.0693456321516475 -0.0507003123955816
0.0639371995574819 -0.0227315421752341 -0.0703461500351606 -0.0209968881385346
0.0747957951083398 -0.0346534138480619 -0.0685978667999886 0.0133739032021644
0.093911401285799 -0.00769017347303104 -0.078111035795337 0.0354695884282186
0.0894800688229407 0.0229382541968622 -0.0875547982567395 0.0404072254497497
0.0872448874258202 0.0652215627362184 -0.0968424270114696 0.0257222536131382
0.0559631275397276 0.0977445544391502 -0.0881722242960311 0.015759434789802
-0.00962619720350828 0.131298733983441 -0.0324476825225357 0.0435335091778894
-0.0708164589012013 0.14580242464144 -0.00787447065988993 0.105176633376863
-0.0966958342610868 0.131242879598233 -0.0418790868297853 -0.0646358613035596
-0.0815108324350125 0.133678434097084 0.0582806807633267 -0.00303352005765854
-0.0183296325444814 0.15038555727308 0.112277940403563 -0.0664969880742265
0.0394996832752424 0.135302028447995 0.0856460880972683 -0.122466172395255
0.079993774214386 0.0905906141020982 0.0159209475555813 -0.122355577586956
0.0989090764352631 0.0441962528670239 -0.0291139869381565 -0.0882422446592661
0.0987562468349897 -0.00312242366832307 -0.0376429118390841 -0.0469039023979663
0.0845971101907064 -0.019463357755313 -0.0376576509221524 -0.025285392452614
0.0938842370097007 -0.0306907112842525 -0.036186762839417 0.00707992990063121
0.11246657569287 0.000750620522716869 -0.0464017829571509 0.0336550316433497
0.107444154742972 0.0362520337368582 -0.0630906665536441 0.0487766277316966
0.103156701701477 0.0905043102884568 -0.088169107038373 0.0321825192230233
0.0572939056211176 0.130994545081278 -0.0870922948799133 0.00446850583334199
-0.0275715486259603 0.157221445381263 -0.0216609200343383 0.00924505487397845
-0.0959344485957686 0.164243436729684 0.0293993712113197 0.0598505403570228
-0.10674850988049 0.126949246986735 0.0118951679559566 -0.10392567471538
-0.100843437491629 0.14243335436231 0.0937755545989322 -0.0342204530121856
-0.0313463641723497 0.17612708429142 0.128320521447993 -0.077943443995718
0.0442510060938872 0.163406166910279 0.093097875902113 -0.116478121773301
0.0917571155885038 0.105456972470117 0.0342243392185147 -0.100822461011846
0.109059322316545 0.052759100629657 0.00533755809212851 -0.0722436630933969
0.109104736600221 0.00248732179150716 0.00113387980194232 -0.0408834912537459
0.092252609003394 -0.0133529877388459 0.000611009856240271 -0.0264000766974371
0.0999250863075013 -0.0211909771169902 0.000308790339547189 0.00425503990625122
0.114075901691856 0.0140923394251659 -0.011383742192138 0.0334810635834632
0.106073548074565 0.0508769483007879 -0.0350422403224049 0.0571648449708172
0.0952191542872483 0.108777817455813 -0.0758791284878023 0.0374015540375618
0.0411777120539565 0.146932198463217 -0.0820179056150285 -0.00644533864352031
-0.0501675633290862 0.157584323058165 -0.0123465662268919 -0.0225774845379636
-0.112256161410078 0.152856963276982 0.0645345721906354 0.0160216572156018
-0.0969816548441445 0.102195119201185 0.0605346809292944 -0.138003107752331
-0.102352338956673 0.122709731840273 0.116753704425189 -0.069294202290206
-0.0400400931407923 0.164983687539021 0.129979467129471 -0.0834040269609748
0.0370336892999387 0.156652319978534 0.0943234782161216 -0.0994221227286491
0.0845686651919221 0.100238452776248 0.0555000004450174 -0.0717399219604244
0.0990874093025196 0.0514605325476816 0.0434531517015674 -0.054808236541028
0.100988624229919 0.00734136793420777 0.0409853249319466 -0.0348267699123262
0.0861257608412726 -0.00529770537940719 0.0369259241264488 -0.0237918646884315
0.091431209788067 -0.00679415145966931 0.0356145990852529 0.00736365094441984
0.0995029050728167 0.0287911756155151 0.0202188040683169 0.0392563325439406
0.0861755077227762 0.063977403684994 -0.0105113590603384 0.0687629132389982
0.065162468397728 0.117178410139201 -0.0630795739797222 0.0437586718732901
0.00805704838212629 0.141836960578575 -0.0711547361397356 -0.0137517894072641
-0.0751179578672808 0.13018208616361 -0.00110805146129365 -0.0430639001027526
-0.116361045334949 0.115592361794534 0.0958506602666036 -0.0177499926093821
-0.0716297928155905 0.0586238007547239 0.0928152540239843 -0.15997679571658
-0.0867429428822991 0.07907099009746 0.121341087482519 -0.0982599479444772
-0.0423170357648133 0.122997574373757 0.119032660782019 -0.0786057295220656
0.0204459126103089 0.121092885501751 0.0911417234862794 -0.0743924397415925
0.0590947451381209 0.0774414313392711 0.0756734935616099 -0.044560065986698
0.069744441684989 0.0429116619268298 0.0771877922242035 -0.04069008939295
0.0753362614751249 0.0122513807066946 0.0737177204394994 -0.0298937303266325
0.066945370623401 0.00384144111683842 0.0677949382080799 -0.0174856823355055
0.0700291209864987 0.0074310806179179 0.0653704322111342 0.0178121780967494
0.0717462337384455 0.037147102320719 0.0441765673064335 0.0545209529606074
0.0547364625653091 0.0662192363424559 0.00481448743817255 0.0853763499109099
0.0265923622567168 0.107307670438874 -0.0516487637085834 0.053896146262133
-0.0272406478618353 0.113331918439295 -0.0568648616970156 -0.0117314180839646
-0.0891974351315284 0.082502746053828 0.012012643568113 -0.0468854588352867
-0.103130648439052 0.0605389418507719 0.120586561762779 -0.0340274100749193
-0.0368243037904744 0.00243033718317618 0.104504420603574 -0.16637485882197
-0.0624663751721782 0.0232543521157601 0.108464915695048 -0.112836036904724
-0.0392830184443442 0.0623939903173173 0.103417880283004 -0.0630261512887978
-0.00107651452850286 0.068129545535249 0.0894218249320787 -0.0483053848664609
0.0223996449448496 0.0449872496525635 0.0922761131683698 -0.0264102987050581
0.0289521836467461 0.0303973840251425 0.100162043503962 -0.0341605023982557
0.0381976956965616 0.0178756392183697 0.0931404512633951 -0.0263469359329785
0.0378098427200627 0.0114656362337972 0.0867172994155929 -0.00886153281999976
0.0390354284521368 0.0157378591834201 0.0843057080112408 0.0316241700985135
0.0379654767369866 0.032873729391765 0.0572641609767698 0.0737621168795356
0.025088590022105 0.0513298853509057 0.0104984331020342 0.104344755398768
-0.00228035398390215 0.0781660731501593 -0.0465470355121813 0.0678388314706656
-0.0459124570028504 0.0705562743471534 -0.0459881039898785 0.00126925553455597
-0.0811638100893435 0.0278814796826506 0.0188648418058158 -0.0362084113580014
-0.0706339676179983 0.0015092152243586 0.134006893378773 -0.0345227948211875
0.0181302799160261 0.0445142607794808 -0.139768430956911 0.0464810686630487
0.0462828893005055 0.0125270711708351 -0.0249557109819587 0.0547773946466185
0.0463460089371776 -0.0255507416512118 0.0510089092863545 -0.00992020599801128
0.0119447323921467 -0.0360916918656807 0.0603810718983201 -0.0794214376209847
0.00625005308090919 -0.0233611764424476 -0.00228162569464451 -0.126120851372442
0.00550745761914695 -0.0202608969635869 -0.0708575017643461 -0.0928690553450816
-0.00487192906708682 -0.0220871698334134 -0.0993197090811593 -0.0409437906966674
-0.00345991672465677 -0.0205209527505754 -0.105321315281419 -0.000662911960781447
0.00362893422116368 -0.0279294695899673 -0.105127563547111 0.0313287699315803
0.017627114574058 -0.0245400000764076 -0.114797826784944 0.0412838997056242
0.0201930969329376 -0.0186669090514258 -0.114181219343501 0.0335814333672052
0.0311991116715079 -0.0182890223354694 -0.105314364446256 0.0285355977895747
0.0442882792879525 -0.00832508280730308 -0.100294883937402 0.0460520686610261
0.0361767446690514 0.0309854331736866 -0.0741892035757046 0.0909301234582914
0.0079346264140148 0.0489210974185685 -0.0719554785648369 0.165406427783539
-0.0243526693176362 0.0890008136877113 -0.126807383262364 0.0138507326739526
0.00609796805228223 0.0617078418781349 -0.00843419037349801 0.0362071175892398
0.0296627124210857 0.033662651135091 0.0637187550877775 -0.0349491996443344
0.0217620414081486 0.0194501692996942 0.0635152967913702 -0.101460272442443
0.0316461774789723 0.0157219166715605 -0.00327921429093644 -0.135153518805694
0.0416705725164867 0.000770626166339904 -0.0689396044173146 -0.0992809236619883
0.0357179730915864 -0.0191773783250273 -0.0928244486837952 -0.047888919612482
0.032471121144983 -0.0247364406004496 -0.0957386650719793 -0.0101773217213163
0.0422045141509514 -0.034892235325567 -0.093599399472698 0.024487079011014
0.0613908997572595 -0.0174102734159619 -0.102880345348862 0.041112133941682
0.0589837177555441 0.00369553568689653 -0.107414274914602 0.0379581994306315
0.0615955236460991 0.0273239276394127 -0.104160010103573 0.0265255032753372
0.0506031143244438 0.0492704892352973 -0.0928456028078961 0.0319887445685656
0.0135255374571201 0.0883688739636068 -0.0490435925999768 0.0723349331550687
-0.0323808485925076 0.108175025377483 -0.0402259923707369 0.144861558756067
-0.0639656887322656 0.121354863283614 -0.0942399317625852 -0.0243987765712309
-0.039597489381372 0.106359328949079 0.0230165348283521 0.0181476255810614
0.00799645112415313 0.0975583400354954 0.0883035069651739 -0.0561321594066713
0.0334777428613816 0.0812342548703897 0.0726839841927531 -0.120387136685119
0.0598115396626563 0.0558336032951643 2.84325158209626E-06 -0.137216357760105
0.0760726641129459 0.023036789734497 -0.0569087179327528 -0.0979225452827137
0.0729340059255894 -0.0136014718373812 -0.0720857558770872 -0.0497488623081443
0.0633480871799086 -0.0256886254802437 -0.0729886190093858 -0.0182273326597727
0.0734464316975121 -0.0388991920698724 -0.0700277489092479 0.0172865642403938
0.0949749885957945 -0.0126882656044489 -0.0783169981114562 0.0407018853028384
0.0923222258991751 0.0187461162041648 -0.0896659230912689 0.0461519332493977
0.0918944957678378 0.0612647088993581 -0.100280780587846 0.0321687998311958
0.0614571457837156 0.0967642054256354 -0.091500992561127 0.0202036722717789
-0.00304191025381632 0.134727749133655 -0.0323776490866686 0.0433291487864387
-0.0643281848058354 0.152004753905639 -0.00370439836974461 0.10667742913476
-0.0927386699320455 0.137203821767973 -0.0456718693774411 -0.0656863848906439
-0.0770659405470388 0.139865328738405 0.0610934263487705 -0.00573118568297637
-0.0103426974206386 0.153280975181748 0.113884623521605 -0.0731642347953029
0.0470925445244398 0.135293166321016 0.0834277818548357 -0.129512437512264
0.0862674161094569 0.0879090473506468 0.0113164099355369 -0.126726035924014
0.102239423749878 0.039614679223647 -0.0327693779356575 -0.0887707554370784
0.0994725178637511 -0.00759744646766758 -0.039937455048552 -0.0479286006608697
0.0845332039703633 -0.0231699737819279 -0.0396411639477864 -0.0248102807334595
0.0927992133911019 -0.0361482403851462 -0.036902859347806 0.00931401713249402
0.114297030150823 -0.00485432773660781 -0.0460667992080348 0.0372626126244054
0.111457459574028 0.0317167435938633 -0.064323406769589 0.0539530260853759
0.109270424011737 0.0861733421501556 -0.0917587259856326 0.0390447898353038
0.0649072624966721 0.13083181775372 -0.0908754896478605 0.00835498085042805
-0.0196230823358851 0.160862904069383 -0.0233883097475641 0.00854852564435893
-0.0895025875326188 0.171647104254604 0.0323351014740905 0.0592732743778098
-0.103216428414226 0.132733496401685 0.00716562073893747 -0.107264892123848
-0.0966822358739004 0.149749310278871 0.0955279741417608 -0.0387025947017519
-0.022851796756116 0.180677070804099 0.12915499086266 -0.0856853153722606
0.0530440557796403 0.163880857492817 0.0906448063915946 -0.123884103093084
0.0999452604449877 0.103298333047271 0.0312003694239861 -0.104725700480848
0.113096591144951 0.0485433194975059 0.00269935388464773 -0.0741267808563085
0.110480347740936 -0.00210352821091348 5.83008978912048E-06 -0.0438486919731882
0.0923651893633523 -0.0174708351357588 -0.00129390290327359 -0.0275085463284299
0.0990620921201049 -0.0257339827940351 -7.57337492695792E-05 0.00446483884847729
0.116511706964818 0.00810235271056113 -0.0110610062200345 0.0354796263180487
0.110645568257682 0.0466802217238864 -0.0354549879920816 0.0610327007866047
0.102460088035057 0.105754515432804 -0.0789659104291467 0.0438317033225939
0.0488178783982779 0.147832097857508 -0.0866501058269149 -0.00305800085880687
-0.0435776710646524 0.162043729917629 -0.0159449774955691 -0.0238947310124061
-0.106463030322176 0.161148317453191 0.066399190939156 0.0125645945557621
-0.0949684000612872 0.106815321541434 0.0552837608635597 -0.143836596900468
-0.0986218887142432 0.128982829149061 0.117040258163312 -0.0756323696532345
-0.0324064665741347 0.16971136857705 0.13018443461082 -0.0909921666503868
0.0453552258375767 0.158489655067611 0.0927931487915936 -0.10653096034117
0.0914457405299393 0.0988336520372964 0.0546195001233186 -0.0761240874417692
0.10276584433881 0.0477784088016057 0.0423425877490705 -0.0582303665974583
0.1017099631406 0.00327490814445974 0.0404122183727714 -0.0388784274749949
0.0866055286020403 -0.00885223819231935 0.0364248341559376 -0.0260755413543328
0.0912643557807528 -0.0110860301745944 0.0362919668155833 0.00635227906714188
0.102128628385028 0.023800017348264 0.0216345083039277 0.0403146486999467
0.0906366343225102 0.0610831719863045 -0.00977487700858122 0.0714741870414198
0.0725349333160553 0.114896758054796 -0.0646859586737148 0.0496404355160934
0.0146009944602574 0.143828071475585 -0.0760905345323066 -0.0102604276110533
-0.0703789739368582 0.135613308244896 -0.00526526290256917 -0.0450782045693272
-0.112494093288359 0.122315986744116 0.0967018164726832 -0.0224798912731595
-0.0708488958082049 0.061791450536607 0.0881448351037618 -0.167847912300938
-0.0857044454769634 0.0850362523141911 0.120537057901606 -0.105291434891783
-0.037492897356544 0.127564665935582 0.119968788102673 -0.0857365278634745
0.0258925160350442 0.123354619371193 0.0911032266042211 -0.080264959709173
0.0641701238322079 0.0770642097175358 0.076541754834415 -0.0493104230460557
0.0730087059491496 0.0409278790650401 0.0779442079502579 -0.0455131685783931
0.0769697060552234 0.00961939437401937 0.0739020334933647 -0.0350197887812593
0.0677786584530444 0.000459111406669307 0.0675337080343804 -0.0210247825084748
0.0709939928679903 0.00414895339231091 0.0669592500700655 0.0155714710252784
0.0740666134895279 0.0337909190784798 0.0464319273035463 0.0547678062928808
0.0594378162957086 0.0648760142462228 0.0072833174766202 0.0880014172514502
0.0322170477202943 0.107689864025325 -0.0532431934470446 0.0590094444110153
-0.0226058921851568 0.11730797108778 -0.0609163918938734 -0.00894840766015448
-0.0872698310891192 0.0876031933302616 0.0078673190820127 -0.0485593895164012
-0.101564769209474 0.0659434183342319 0.122078560947686 -0.0401309990587054
-0.0382949857457981 0.00346729475403264 0.0999547925060128 -0.174192404701166
-0.0635235638895001 0.0268355627603992 0.106468750337914 -0.119025582217937
-0.0378755892318513 0.0667733521016823 0.104712504070727 -0.0690302801842421
0.00181265560093759 0.0707728177754883 0.0904132506822636 -0.0535425136761633
0.0252206092895623 0.0453651175726361 0.0940086217248607 -0.0317060162936517
0.0307198953640144 0.0304263305053324 0.101474833463602 -0.0395071410635022
0.0391837160597712 0.0161179696306561 0.0945853325304905 -0.0321674803774182
0.0384529272511312 0.00987893347051752 0.087865415650285 -0.0130843082774584
0.0399421881905117 0.0142177661232799 0.0863012941521284 0.0290013408239353
0.0398925117294332 0.0314809654449462 0.0600688992915234 0.0733725169273299
0.0280188533388238 0.0511582728285904 0.0136172351165837 0.107143320396075
0.00203876251836186 0.0795467749304226 -0.0470702379726615 0.0727811385393401
-0.0438551244541085 0.0741684391597311 -0.049526109410252 0.00342614215991695
-0.0819562802049951 0.0314296387882043 0.01558023110934 -0.0378177824954036
-0.0716871142786093 0.00400800874193253 0.134974727761319 -0.0401910682272473
0.0219062646084508 0.0433539814271435 -0.136174055303237 0.0543018284842554
0.0480798042350839 0.0100049000364571 -0.020555859658603 0.0560893505693947
0.0451993487880725 -0.030032418974057 0.051778959879293 -0.0120985092061239
0.00965591438109399 -0.0373034187154055 0.0569077859739713 -0.083666067426479
0.00388031865456894 -0.0247091187444513 -0.00835920405806295 -0.126414990523321
0.00417384370821846 -0.0215591015038628 -0.0746490801170861 -0.0890588033569738
-0.00570285866269654 -0.020997904699001 -0.101270997012258 -0.0351740897180321
-0.00427091274830061 -0.0196439654831302 -0.105113865463276 0.00561050495170952
0.00134495188429472 -0.0276840751542453 -0.102982658901041 0.0377928994020401
0.0157207302778512 -0.0256584827471457 -0.111870525122491 0.0487823617077259
0.0185981513118961 -0.0203191351366354 -0.112596808256431 0.0414985613237288
0.0297089291819037 -0.0209961379876009 -0.104865703128531 0.035355379378972
0.0437508398227741 -0.0111276154152645 -0.097625901707995 0.0515131252078343
0.0392751961648662 0.0290162142193566 -0.0690725355481432 0.0918006959427108
0.0115149266236239 0.0482741543795651 -0.0616930768856792 0.168125142840089
-0.0177284358034001 0.0894536316881769 -0.12572244860095 0.020296388077091
0.0105777246511348 0.0607069591712351 -0.0050268279439526 0.0361500879014895
0.0329495861294772 0.0296348620619213 0.062515319050466 -0.0381867109284963
0.0231936635470502 0.0166670033069608 0.0578734671329818 -0.105605481113707
0.032314265713625 0.0124346893478706 -0.0107245368147044 -0.135340294778393
0.0411299335375659 -0.00249798731035357 -0.0731896571398401 -0.0947699733909433
0.0348988178202895 -0.0212197044614893 -0.0945390809509965 -0.0424400108357792
0.0305716574232494 -0.026199659513534 -0.0964993052811729 -0.00447571437789
0.0389353949555007 -0.0374747399089669 -0.0917334442331835 0.0307250619149767
0.0593128775871047 -0.0214775420641824 -0.0998556618411299 0.0479320376831102
0.0587982018625517 -0.000151790575265686 -0.105759976243865 0.0452535943540832
0.0627937701604837 0.0221876794040212 -0.104101223769813 0.0345251291435897
0.0536735541696764 0.0457600737031162 -0.0918886483480113 0.0369336290503003
0.0200783965995411 0.0871247052403483 -0.0455971272873892 0.0727998780841994
-0.024253953236519 0.109247907759532 -0.0315270830032239 0.145583247128324
-0.0559884464517992 0.123383413018776 -0.0955933850667807 -0.0196711825443675
-0.0317684297177473 0.108191653131524 0.025390395166624 0.0165455737293101
0.0156614852324024 0.0951192836069848 0.0859377781360637 -0.0614546354408538
0.0387103840880499 0.07715216236005 0.0658468225071296 -0.124996069478924
0.0635888742301419 0.0507092165714131 -0.00762779526423639 -0.137216502559344
0.0771247219575243 0.0168895637491507 -0.0614061098589006 -0.0947615435296301
0.0713596029367134 -0.0174140379341328 -0.0745801478369348 -0.0462914959525783
0.0607527883465147 -0.0289426040685204 -0.0739400781822922 -0.0138743787867471
0.0692263855424884 -0.0429683920497708 -0.0683880889632921 0.0214011892804495
0.0932869589697853 -0.0188871015392532 -0.0759670619906574 0.0458552671888575
0.0928250874036201 0.0124089352146469 -0.0881699946564842 0.0534017753441619
0.0949427727552746 0.0541965219690811 -0.0998119167494982 0.0403805998366148
0.0678294502750463 0.0923450958215274 -0.0915907355247945 0.0248619730900912
0.007162139773951 0.133739398221546 -0.0317138651819669 0.0428014413570573
-0.0530377533442435 0.154998031244013 0.00260029549136848 0.104832264127421
-0.0835403396842611 0.140944674559865 -0.0503152005826664 -0.0631038826190252
-0.0663538486609155 0.143375293902752 0.0618710575896818 -0.00941518368485801
0.00133135359900902 0.151950867845379 0.109868356165447 -0.0797792885301099
0.0560552802240116 0.13013822538887 0.076203265871054 -0.134556889172518
0.0919024964208734 0.0810168496167174 0.00445155021861851 -0.127435127915518
0.104349036831421 0.0320876082508936 -0.036937130105856 -0.0861284646198402
0.0980266971892577 -0.0136028995068993 -0.0430387042282082 -0.0463930144657031
0.0814616192530251 -0.0274821938152222 -0.0412522467607807 -0.0218469147431186
0.0881879766703444 -0.0417850720307279 -0.0365885166014716 0.0118449893587532
0.112552593093802 -0.0128784867236297 -0.0442200027871626 0.0409634449112616
0.112681431105276 0.0240259066722876 -0.0621988024323031 0.0596173458653137
0.114085791127434 0.0771202797674452 -0.0913129442480914 0.0469640747440557
0.0732944645862506 0.125645469619744 -0.0921796101088245 0.0136909313599379
-0.00855070821298444 0.161462527268611 -0.02487320243611 0.0083740498297685
-0.0758883364428586 0.175634387570023 0.0352501789311188 0.0555895867039106
-0.0949226517806135 0.13729979431763 0.000278118255945696 -0.108376195597503
-0.0860804900099181 0.154284644623732 0.0935401500485744 -0.044805336865668
-0.0106485280806825 0.180156956162057 0.124073315279672 -0.0935570085776319
0.0638367267733652 0.15883040154732 0.083796844390374 -0.130132766744114
0.105962079676466 0.0952725118908467 0.0251898902722245 -0.107241130860804
0.115669848884805 0.0402281268601562 -0.00118854670047472 -0.0736639836305606
0.108581984157563 -0.00897155502617726 -0.00271534382855267 -0.0451314593765705
0.0898091081475887 -0.0220855152915564 -0.00351474866898136 -0.0274664759738069
0.0955236282662759 -0.0324678264816194 -0.000435077147433602 0.0049579315682604
0.115750718696261 0.000280034250815742 -0.00944297810878132 0.0365207738937992
0.113072463611285 0.0391126938519108 -0.0330318077027737 0.0644854631722515
0.108873169738631 0.0970541451158037 -0.0782774191897422 0.0511855774089714
0.058278235452497 0.143318017449343 -0.0894617780298564 0.00271017718632584
-0.0320941671884663 0.16352615614245 -0.0196707745521405 -0.023628927066365
-0.0936899335500212 0.165686888292879 0.0663282097812144 0.00760445113969597
-0.0887642910989114 0.111251302367839 0.0459664012804255 -0.147207226744128
-0.0904737551469007 0.134557670038745 0.112374828967937 -0.0825463066707122
-0.021488198027588 0.170974110945965 0.125346093443374 -0.0986852478106926
0.0557647645487988 0.154405935533857 0.0868146460917825 -0.112310288434236
0.0974529609984497 0.091738466972322 0.0502262362778545 -0.0797163724399881
0.105192749462371 0.0406222427121675 0.0393887278544269 -0.0606119586502458
0.100469764644941 -0.00279796774675003 0.0381198966188939 -0.0431497433238284
0.0844083985081841 -0.0138453155632214 0.0339898464499591 -0.0284441580477947
0.0888900400263201 -0.0170317439424941 0.0358592295929125 0.00476228695909589
0.102663806331347 0.0163079441839138 0.0230916221210551 0.0395947199788786
0.0940430501873505 0.0544471169114868 -0.00662718366525775 0.0733831416500885
0.0792936164197033 0.10892754413181 -0.0640338701622424 0.055829691064464
0.0241749050863575 0.141386478793744 -0.0793844328806371 -0.00538296915227324
-0.0610861483294305 0.138306492250638 -0.00987765302056658 -0.0449193316840084
-0.102651368520765 0.127978297737862 0.0944640906533457 -0.0288632958785587
-0.0673234515658148 0.0649917086083142 0.0769211495689277 -0.173001632712429
-0.0799756150179219 0.0893225335530582 0.112972505418316 -0.111541579373512
-0.0291312835883509 0.129215048934075 0.115182869550351 -0.0929809365457075
0.0342961849923551 0.121680271628338 0.08622346657415 -0.0863582938927814
0.0689538923348617 0.0730645948649102 0.073656503679281 -0.0539077528792733
0.0754816277707726 0.0359753790688072 0.0751292665831233 -0.0507480299457768
0.0759680755238495 0.00512118532087947 0.0716648686846014 -0.0416432252792471
0.0664377814901033 -0.00340696919787492 0.0657278539297845 -0.0254463137647089
0.0695099091134733 -0.000396657263062519 0.0663793326948752 0.0119743995005726
0.0751893279268147 0.0284210244114225 0.04870641501264 0.052709397877734
0.0629699606275541 0.05972128625649 0.0112401898286675 0.0882323534716869
0.0399706595030839 0.103928728642234 -0.0517020756071564 0.0638928837005085
-0.0147672918311017 0.117658366329567 -0.0639218814593547 -0.00501211765001092
-0.0815293338139486 0.0919383303956476 0.00330883879390719 -0.0491772290813354
-0.096664065956347 0.0711418306080602 0.118387411380478 -0.0473538247449447
-0.038550645180285 0.00533271332953386 0.0887546098972224 -0.179657519874357
-0.0623413354416282 0.0307583997866094 0.0985079901493622 -0.124079750965486
-0.0336691345261425 0.069064884207165 0.100930392367232 -0.0751917591041217
0.00590557972548876 0.0712978726727699 0.0880856176897602 -0.0591428193386513
0.0281854123331867 0.0443601249893401 0.0930641376045679 -0.0376582815882501
0.0324573219858553 0.0286120467128387 0.0989307599247207 -0.046548706331615
0.0400241516016048 0.0139089303962623 0.0923790078452158 -0.0390642551890346
0.0383234144188655 0.00713375857238459 0.0860167706729487 -0.0187329578660549
0.0401357939187185 0.01159843611492 0.0866531844384099 0.0237638012475105
0.0409416002219998 0.0283156898409586 0.0631642319857898 0.070459292418054
0.0308680707947704 0.0484697457617548 0.0191933063689157 0.106808377470393
0.00754496921980083 0.0784808165245958 -0.0445414151085035 0.0767117816115928
-0.0388577093298353 0.076564981816361 -0.0514336309877167 0.00661637834543407
-0.0801941979429927 0.0360706678849353 0.0119032513681815 -0.0381912871725871
-0.0715928322480676 0.00788668653614003 0.131856696528784 -0.0477084445418958
0.024150657845845 0.0412313687946506 -0.128516866106741 0.0575341674935669
0.0474972121192814 0.00684527510320889 -0.0158392102481761 0.054648953857447
0.0426835571710131 -0.0323859170085048 0.0503218158675789 -0.0139072030278325
0.00738405983372835 -0.0371579132622437 0.051479906767946 -0.0837150932534851
0.00236740331749104 -0.0241393990107869 -0.0132130143643008 -0.122494598899741
0.00286324160563385 -0.021166674854859 -0.0744381636878326 -0.0827324992338248
-0.00585016392099858 -0.0195773344566798 -0.0976585253243583 -0.028744886717287
-0.00473793006233427 -0.0185370447658712 -0.100785432650797 0.0107047718151888
-0.000472505205173307 -0.0263626490734232 -0.0969592499756682 0.0412866045505821
0.0134744408629963 -0.0255942388357995 -0.105543857794205 0.0525490817693405
0.0164591818277422 -0.0207258370808023 -0.107671082868623 0.0466497547460632
0.0271475591038562 -0.0221043540453394 -0.0997816556784167 0.0397941985837284
0.0415618351305377 -0.013225525315733 -0.0924982451032812 0.0537586285299863
0.039605092471598 0.0265975710917102 -0.0632030878871745 0.0896520860434802
0.0140484150091517 0.0456999184301988 -0.0510846038974482 0.163489189816586
-0.0114893853167673 0.0863589095229994 -0.120586144604662 0.0244660146413898
0.0142048415869067 0.0572443856085091 -0.00200803088280416 0.0345345466893348
0.0338773117807774 0.0254971751791703 0.0597879229239468 -0.0391351942414359
0.0233641126798917 0.0139428237152563 0.0513292329707949 -0.104819245243587
0.031530807981605 0.00962539467862758 -0.0163973974512614 -0.130023823407713
0.0391282059979488 -0.00543115091560277 -0.0734046749072208 -0.0882831684520496
0.0319288486672963 -0.0220092695664003 -0.0922737677252997 -0.0361939295355487
0.0276781454672344 -0.0261921528762721 -0.0930167752027936 0.000595928575015138
0.0344235233764311 -0.0373124526569529 -0.0872055586211038 0.0343593089883374
0.0554005972178243 -0.023962417633447 -0.0943368278471493 0.0513553076829746
0.0563652052294739 -0.00334097026814317 -0.100677761282232 0.0501897774859516
0.0609950832251392 0.0174703867958709 -0.0996279561756086 0.0389171312918721
0.0536512508458396 0.0408246972463741 -0.087451308102223 0.0394204228779208
0.0247343898544777 0.0823622061779587 -0.0422818293339966 0.0698224893311138
-0.0167637162464218 0.105501576968359 -0.0235722252422288 0.139553037751636
-0.0471282668968693 0.120371885595467 -0.0932756825470497 -0.0151363150612094
-0.0243791921747878 0.104189263208096 0.0264316790361247 0.0138660028464998
0.0207354311891558 0.0886176787216605 0.0802835800026824 -0.0630522666854029
0.0418408102713391 0.0706136835175492 0.0579988093208541 -0.12406826326696
0.0636073175374653 0.04450890334446 -0.0133243282693992 -0.131973983263483
0.0742273299881571 0.0115460283962713 -0.0621224759000264 -0.0874337212824644
0.0674912656834207 -0.0202702176909715 -0.073665875619073 -0.0411941162294183
0.056342745559992 -0.0299479912434311 -0.072332056735484 -0.00967799912619115
0.062812868249711 -0.0441241136075484 -0.0647899346363194 0.0243894840746729
0.08779597690173 -0.0233525632614265 -0.0711695029595408 0.0482859664774345
0.0897589550539123 0.0073018326217229 -0.0833639483425615 0.057374277717746
0.0934285756670852 0.0458103760632453 -0.0959270313806617 0.0452771805810799
0.0697179198155411 0.084317334995859 -0.0888776091990255 0.0284190493474642
0.014697690079899 0.127940720950447 -0.030132863940986 0.0407565852561586
-0.0408651522990917 0.150980498164424 0.00659525562654161 0.0990619081482346
-0.0726926529237019 0.138061187693125 -0.0525807962605366 -0.0591492531328332
-0.0559742902786352 0.140127712604819 0.0598992929403548 -0.0128704776469014
0.0102060123028968 0.143833922929009 0.102661334036978 -0.0822927069997783
0.0607984256447894 0.120712384914154 0.0671307646361613 -0.134205036363913
0.0929753620383606 0.07202573058896 -0.00143383977618571 -0.123649209064339
0.101301697884061 0.0245992792694748 -0.0389193100056394 -0.0806926996259273
0.0928530150603435 -0.0175848668170427 -0.0430983448171309 -0.0437376669838372
0.0759366877661412 -0.0298668380175291 -0.0415822514974944 -0.0190595477032431
0.0810542857705077 -0.043482927634475 -0.0351101288705714 0.0134680454656108
0.106534552742177 -0.0182237968810368 -0.0408916200565408 0.0423399571924945
0.108759184609734 0.0166558961725327 -0.0583554750522515 0.0623233223594455
0.112568182041246 0.0671872063530774 -0.0869796325926364 0.0520796284449251
0.0766397170570183 0.115837579830954 -0.0908260807742487 0.0183140693632699
0.00088184108850536 0.154770342969332 -0.0254023806989612 0.0074114736994828
-0.0622929075531132 0.170922607302504 0.0356895864035666 0.050532323852328
-0.0842570499234556 0.135455730156147 -0.00596629867144826 -0.104739181089912
-0.0743494810090836 0.151839064925496 0.0881420723811832 -0.0475581141154697
0.000117258851287989 0.172176178241995 0.11591619625172 -0.0961506850031812
0.0700844296164137 0.147781599822792 0.0750354347372202 -0.129933449100074
0.106910066730282 0.0853681770576435 0.019588137432211 -0.104596146995475
0.112738304378848 0.0315998035174937 -0.00385899631232785 -0.0709415226491801
0.103234145031759 -0.0132869135809402 -0.00494960057591382 -0.0453371760969974
0.0841668510299342 -0.0255825590704172 -0.00478686946111377 -0.0267289006645148
0.0879736609363164 -0.0352765213982194 -0.000312000572105994 0.0053222357291069
0.109672828590346 -0.00597360819408609 -0.00793659332577082 0.0368242145708839
0.110045625805394 0.031407127812295 -0.0298297896623197 0.0660741800065889
0.108934688374487 0.0859735108617456 -0.0744051436697248 0.0557279035631266
0.06359943903599 0.13405937446982 -0.0883000586767645 0.00716387964905514
-0.0219592275870874 0.15756117983358 -0.0221525134511873 -0.0229316132223903
-0.0799510781473642 0.162600566693658 0.0629649405097102 0.0030247577518467
-0.080101438341543 0.110605060963123 0.0359349814086543 -0.144181961547067
-0.0793641642848204 0.133347674989047 0.103681808283863 -0.0846595160496195
-0.0109248906241027 0.164237289098009 0.116209887484696 -0.101462722890534
0.0613765441068735 0.145510346771879 0.0789459241385446 -0.113350918275551
0.0989412307448451 0.0828681821265596 0.0450158684739133 -0.0802514511876781
0.102945656009076 0.0333698656500826 0.0355297519484705 -0.0606502465082947
0.0956609726585052 -0.00743671230049312 0.0342048774317944 -0.0454341956438074
0.0790591604098238 -0.01707250006684 0.0309264790383268 -0.0301154853668094
0.0824845115277539 -0.0199912051472799 0.0338820640111064 0.0035161516544563
0.0980925483396595 0.0102408895705562 0.0233134927920124 0.0379149092162465
0.0929344574670654 0.0470610249113518 -0.0043086133410719 0.0725421527589535
0.0820970080913797 0.0992101148803233 -0.0601445330019283 0.0594039278654657
0.0303643161797688 0.13368528527706 -0.0793240127558306 -0.000771745670650726
-0.0512027119070372 0.135129617177526 -0.0142048591185998 -0.0431685918227748
-0.0902598648074867 0.12609498988821 0.0885276993770645 -0.0328723655361385
-0.0620234360198366 0.065081586707454 0.0648714804737442 -0.170217559843549
-0.0730066477871562 0.0902718528365706 0.102552469372449 -0.112237035669257
-0.0210561542396479 0.125578143549135 0.106528424964308 -0.0948681502244435
0.0394190917657749 0.115132911037347 0.0794865309436135 -0.0875692645010141
0.0703659026632421 0.0662295098473668 0.0695941928391916 -0.0564781603378663
0.0741500986847685 0.0307864605592813 0.0704502721588674 -0.0525805104314385
0.0725522905777636 0.0012746475633394 0.0665607330476851 -0.0449900982985537
0.0626371575003524 -0.00675936427596813 0.0613879539239303 -0.0283849922381779
0.0657104364384494 -0.00377119233861797 0.0634363019750903 0.00838211136144735
0.0729162947540067 0.0230932998096657 0.0484701046620664 0.0487694266691898
0.0634398678092243 0.0539342167812077 0.0137650061292311 0.0854049601407831
0.0438618438719716 0.0972990912617134 -0.0483972443634153 0.0658424344212334
-0.00818896955570157 0.11344676781524 -0.0644621032948035 -0.0010479006315186
-0.073733140125618 0.0919383870727409 -0.00121813889495187 -0.0471058335175877
-0.0883333533973343 0.0722327185573851 0.110841355726182 -0.0514041083190061
-0.0372650292375301 0.00700014970384676 0.0761448928324122 -0.176456115915329
-0.0589062159618092 0.0331348126369959 0.087640922521508 -0.123051895345555
-0.0288150786257723 0.0688771979409367 0.0941713461499051 -0.0772687343182019
0.0100106920364106 0.0690539097069401 0.0825132126285954 -0.0612842740041395
0.0297087595142273 0.0417593584091438 0.0888221884489247 -0.0416110849763968
0.0331129181045446 0.0262135533942411 0.0928041423078692 -0.0501606741854601
0.0385652084639462 0.0116136830007865 0.0864429840826075 -0.0437804371648607
0.0363512923834068 0.00485976789951657 0.081504978652843 -0.0226888429401986
0.038397275494608 0.00894050888504007 0.0836109118732297 0.0184947485469934
0.0402265591258046 0.0244896385365638 0.0629115882685247 0.0649392742938999
0.0322112275560507 0.0448596190358019 0.0225326511813914 0.10249881145664
0.0118136771020344 0.0746319558625844 -0.0406066729028196 0.0773240898542703
-0.0337186232569343 0.0755942978647464 -0.0517028535192546 0.00946694160943871
-0.0753699430099883 0.0381216223759667 0.00782817738508506 -0.0369347156561763
-0.0680243734779842 0.0108774722529284 0.123940802062243 -0.0518589297162286
0.0267913670547646 0.0380318689650432 -0.110880885433756 0.0745849232323164
0.0461824520088452 0.0010567343557901 -0.00409810125988745 0.0542050025938076
0.0348799773500042 -0.0371799338823595 0.0510102837383945 -0.0218068480102518
-0.000174957386616023 -0.0369626193475559 0.0400903728248195 -0.0895623873490956
-0.0036607126225271 -0.0232114265152394 -0.0296159971300999 -0.116251526177185
-0.00150622616038333 -0.0196536314657525 -0.0812867696340514 -0.0700018807304614
-0.00777523589247981 -0.0166432449644573 -0.0966107757165922 -0.0152303852600163
-0.00651721063910869 -0.0153106372988636 -0.0934739312528093 0.0244506590182235
-0.00327474676019843 -0.0233796355491664 -0.086280093617734 0.0537883860936985
0.00929667634653536 -0.0250899388035787 -0.0921607128169768 0.0674309588903742
0.0127852511622268 -0.0202695822252442 -0.094992834297495 0.0612668387073663
0.020851225605226 -0.0240112709070327 -0.0892156095698675 0.0531621491752561
0.0361600554790392 -0.0160796731934119 -0.0795690117281896 0.0645055280737004
0.0399727541145433 0.0201979467779537 -0.0481868117573862 0.0920649497612334
0.0184921727724332 0.0440187267450102 -0.0272636148882817 0.158920419361183
-0.00189818650573839 0.0830552953160047 -0.110357629820589 0.0446052277942018
0.020967836471145 0.0508885250119893 0.00472959647632509 0.0348181744790035
0.0341895714164177 0.0165844725197764 0.0536436341955317 -0.0437118548696509
0.0214938012139524 0.00666587569081778 0.0356873644044092 -0.105588911395819
0.0270981754382278 0.00405081813077814 -0.0316071247206755 -0.120892661675811
0.0344279187157577 -0.00945814912067654 -0.0791988716605712 -0.0745288003384452
0.0266557510886286 -0.0231354188601972 -0.0908647197255903 -0.0236371382858444
0.0229587697184505 -0.0262964318326313 -0.0874036422868324 0.0134657750233167
0.0273526726346435 -0.0374925956087517 -0.0778427310371088 0.0465478536056356
0.0482500470496708 -0.0288850888054928 -0.0817922394923605 0.0654013297570578
0.0515864319997429 -0.00803398886778909 -0.0883855095655402 0.064287458147066
0.0575542118776439 0.00881658019286205 -0.0902848342238538 0.052491285910267
0.0533963462578128 0.0320742393470741 -0.0782167383030096 0.0514650120666153
0.0336090251725385 0.0737630659350148 -0.0322451526546765 0.0692180004225019
-0.00311851521282608 0.102940475035981 -0.00515736948944402 0.132696572290166
-0.0315538190416462 0.117410338126954 -0.0933208576249015 0.00483988254701941
-0.00852929052120419 0.0980416026625208 0.0260889908665078 0.0124145335501023
0.0301761421926459 0.075350963726686 0.0681890305215125 -0.0655418927991371
0.0456684321833824 0.0559990303219992 0.0380299332620064 -0.121119592941143
0.0611130096089026 0.0317526667350361 -0.0278955359625665 -0.120236502792664
0.0687293098074447 0.00200078350039025 -0.0667310160275956 -0.0744170622625974
0.0591454758024842 -0.0267175411558222 -0.0726101940701743 -0.0303550245782724
0.0489451517865191 -0.032847606050512 -0.0692366204616936 0.000648396968640553
0.0529561789072482 -0.0476815116475093 -0.0590511951924029 0.0346728052308373
0.0788671960383635 -0.032397689794553 -0.0608422514175784 0.0595017395615081
0.0836134241979205 -0.00182388899170021 -0.0709401273185634 0.0683139852692123
0.0913792049790723 0.0317739291752824 -0.0862808350723464 0.0584161422981948
0.0727158077261318 0.0707780282542535 -0.0818367059570665 0.0415318652374314
0.0298708487215825 0.116680974258271 -0.0263834511090923 0.0399819601348202
-0.0205830128735156 0.146871287476253 0.0172741824048039 0.0901076611089141
-0.0535610190366508 0.134862304517278 -0.0631751984295476 -0.0413300286192979
-0.0338431307465217 0.13420192103953 0.0518127457728271 -0.016197805029369
0.0266553369247084 0.126607164160879 0.0842741304273546 -0.0835634766252215
0.0699776861145393 0.0984348294990639 0.0443618327174752 -0.127661470515224
0.0918339069090645 0.0529674454357228 -0.0134601590785776 -0.111633886038163
0.0958257858019319 0.0107845759339384 -0.0423779365579962 -0.0705073774575769
0.0826493298721303 -0.0272941276462485 -0.0428266634680262 -0.0359389990549286
0.0674081376828923 -0.0353041246961503 -0.041786748841694 -0.0123875672953477
0.0697372317126225 -0.0491920794133747 -0.0319532938566493 0.0202040918602959
0.0968444154902147 -0.0301290437336206 -0.0334536542437993 0.0495773991012212
0.10301681435977 0.00576828395485551 -0.0469225038264088 0.0697692609446697
0.112539573949631 0.0494732550384229 -0.0774578230700292 0.0631151373291132
0.0823244924995616 0.0987368956723712 -0.0855431327718507 0.0333706912812763
0.020087377399355 0.142252920494051 -0.028389895449128 0.00884844520615005
-0.0379690496321356 0.167210579444999 0.0380678912157468 0.0402787024675016
-0.0649728442924588 0.13249498429413 -0.0276177324667695 -0.0909436104286742
-0.0500029784792047 0.146581857919086 0.0721500743807894 -0.0535676698068207
0.0214602884937963 0.153788305951982 0.092691550687791 -0.0969553182252348
0.0820853931918276 0.122543812090199 0.0513475888766891 -0.123628817310261
0.106881551948777 0.0633723068615606 0.00938509509670202 -0.0963453439573202
0.107561620353249 0.0157999184879433 -0.00782392133535897 -0.0660651472296002
0.0928608122170493 -0.0251289572744454 -0.00627017170098266 -0.0419220917046246
0.0752335509523422 -0.0319495509679781 -0.00817455445270259 -0.0237628987222783
0.0770414868646145 -0.0422894082801319 -0.000666464175911562 0.00740080871469931
0.101738508524366 -0.0195627559119281 -0.0033980170914545 0.0400383661771396
0.105747924247479 0.0185022454640141 -0.0200708329906983 0.0690553149316221
0.111342268705529 0.0677665128909372 -0.064907599713499 0.0651576533377486
0.0721564266975 0.116347565148503 -0.0856453220957786 0.0232771900049287
-0.000852852115214747 0.14775109565576 -0.029045457156571 -0.0200303276394694
-0.0559535388113732 0.159937315240229 0.057056741513675 -0.0071232575606147
-0.0635564991230266 0.107281073456363 0.00624065645795833 -0.135377929781308
-0.0578681649965663 0.129769747068152 0.0811304200440457 -0.0909860167733916
0.00934426047254689 0.148118689813134 0.0916625407953295 -0.102611458792171
0.0745510124190185 0.121661176480276 0.0570932098124036 -0.10777101400172
0.0998219703342435 0.0623099235696618 0.0370624212285471 -0.0767472427636978
0.0991278347232266 0.0185094664832593 0.0304061219939327 -0.0617556230333508
0.0864327724885134 -0.0190644248336907 0.0305989801786425 -0.0475218452543994
0.0717441153501297 -0.0239798823588973 0.0250336873966121 -0.0321247724249172
0.0737581514907554 -0.0280921098550957 0.031508061799407 0.000332050549719453
0.0926039929676855 -0.00270999641818232 0.0261711998526348 0.0361932398029951
0.0919438835583481 0.0350053133910746 0.00533993888676664 0.0711122444902259
0.0876593677293496 0.0834436728415975 -0.0508129889015433 0.0661716094946678
0.0421376560789288 0.11972381369025 -0.0790602291976946 0.0141044799222051
-0.0309323070231542 0.13068771229414 -0.0235813570369274 -0.0403580364600276
-0.0694594206655702 0.127306484521611 0.0766368740098206 -0.0445023581228193
-0.052092886520923 0.063551888346283 0.0303532815910494 -0.166050674550375
-0.0572957194332894 0.0897306929783175 0.0764081442328054 -0.11840157072682
-0.00460729041304666 0.115076169836155 0.0831790204414607 -0.0974501780210861
0.0506042630979219 0.0983735171801451 0.061697715609533 -0.0864776866348071
0.0724389296244089 0.050889502860567 0.0618559101714254 -0.0596142640690898
0.0718508638788421 0.0193106497517835 0.0626888390713423 -0.0592791289000949
0.0664005907507881 -0.00804769678862111 0.0608356278712633 -0.0516061801927544
0.057410720862532 -0.0126924246967533 0.0543294460224353 -0.0349634422855554
0.060200155752376 -0.0111735008252566 0.0604371201694845 0.000257180463569218
0.071180477331469 0.0127527195698139 0.0510988107714644 0.0418273792323611
0.0652094063911842 0.0446365498560142 0.024760789729542 0.0801170867054657
0.0521774360393633 0.0860309134141068 -0.0381764822568231 0.0699491607826474
0.00381992455879521 0.105368155264464 -0.0651158572060841 0.0107703336661451
-0.0572506546450801 0.0933314026764369 -0.0106170156091427 -0.0460162092515781
-0.0738498658156849 0.0758755490020838 0.0962969140209924 -0.0636280953014439
-0.0353262706174798 0.00670198635037767 0.0416611661907001 -0.176236592425231
-0.0517811553052961 0.0364701375784571 0.0618726293449016 -0.127477055774921
-0.0183892335600388 0.0650995716267409 0.0751679072607502 -0.0823886049748402
0.0184214304228441 0.0605906078610031 0.0683305204625505 -0.0655940567238048
0.0326640493160976 0.0325811187611555 0.080867678699141 -0.0505090966958498
0.0336494716247227 0.0194768223102831 0.0829924693441385 -0.0605877769530995
0.0366003002266461 0.00561065512131316 0.0785293629852866 -0.0529184514879888
0.034184357265125 0.00034860647059005 0.0739729898969835 -0.0324387342742709
0.0367882581718954 0.00310566758695763 0.0812792566379621 0.00678444256498466
0.0407269479318909 0.018447925347308 0.0685428562330349 0.0541457545076044
0.0356396520750931 0.0395945181256162 0.0357446336137307 0.0938725120106317
0.0200837618779239 0.0694708854870287 -0.0285861226831926 0.0786984963925095
-0.023583419492901 0.0733299377118582 -0.0507713069528441 0.0180600592787048
-0.0659153037939895 0.0440117970360014 0.000832938667716153 -0.0366779547930125
-0.0615414447616469 0.0164134275332157 0.108905620731748 -0.065503359350989
0.0258850612608163 0.0370847265585073 -0.109633527149979 0.0679308605543344
0.0453947223585875 0.00178647090693059 -0.00486911768833219 0.0515996751637828
0.0348097458904386 -0.0353579974718029 0.0512633186322755 -0.019234076882981
0.000476347661684205 -0.0357187996415098 0.0427996451274621 -0.0860615469865102
-0.00380481823808834 -0.0229671714388796 -0.024050499172472 -0.114202103360682
-0.000865305564277527 -0.0195960368139057 -0.0747076617314621 -0.0708982359431422
-0.0066479242794882 -0.0165095732937918 -0.0915572107252363 -0.018236979085297
-0.00557123936576155 -0.0149837870860374 -0.090482056271654 0.0206175557850197
-0.00280049089160279 -0.0217680785994999 -0.0849398374210016 0.0493692273160144
0.00950205317144488 -0.0238812573484071 -0.0912140808431703 0.0632086725880663
0.0123183781134094 -0.0191745329319582 -0.0931136729028494 0.0575350770440138
0.0206966950269055 -0.0231692613335418 -0.0887795011528483 0.0485002428481527
0.0357559643256504 -0.0143750569076099 -0.079544906683456 0.0593142762745223
0.0386939771775387 0.0204081017085437 -0.0505382998292112 0.0854156457626164
0.0165757975504602 0.0429743345701595 -0.0312235459979424 0.151130025786184
-0.0033177914548752 0.0794359752429568 -0.108647458735561 0.0389421193090756
0.0201392081445672 0.0493723214506539 0.00402919719717725 0.0327764956334093
0.0323540126027164 0.0157610953987572 0.0544653978139634 -0.0405750540537898
0.0198562542912269 0.00603790552564099 0.0387140918373403 -0.102075260733517
0.0261044715989452 0.00441673970912317 -0.0263048526984355 -0.118315101576156
0.0327579255763995 -0.00882148187587222 -0.0725838069324423 -0.0748852965873104
0.0266947802165091 -0.021554623804341 -0.0862183487019877 -0.0255753668648492
0.0229507840208934 -0.02405257056421 -0.0848779969645133 0.0107098130607086
0.0267438311327982 -0.0343254856425828 -0.0762750096463712 0.0425412375287518
0.0466664399787118 -0.0265276916300357 -0.0807699441467447 0.0612766696507465
0.0495170366005612 -0.00656829958236924 -0.0878049689763133 0.0607175165140681
0.0541901602480097 0.00998452146583498 -0.0888772405240519 0.0487967861548693
0.0506454012848699 0.032000077066723 -0.078703021171728 0.0466170477532783
0.0309187619734147 0.0715194582808729 -0.034675655651647 0.0643030750871778
-0.00538401368214562 0.0982519945210142 -0.00947840065081469 0.126297960599614
-0.032422586444228 0.111384528756812 -0.0911507554954543 0.00130600182643209
-0.0101987265441945 0.0942271790014747 0.0256499806610503 0.01212361906345
0.0273238857175569 0.0715510433546936 0.068724428454342 -0.0612023415012349
0.0422794053157848 0.053589971052909 0.0408910052576289 -0.116566088422368
0.0579253431709978 0.031605062060514 -0.0226690043111507 -0.117432056661638
0.0656956503979892 0.0031452388589611 -0.060951356820745 -0.073887182638647
0.0569346901625752 -0.0236614150693557 -0.0682751956168508 -0.0321071340369676
0.0477939935479123 -0.0297403367959962 -0.0671268755840176 -0.00152235400594934
0.0512028485776918 -0.0429813368935348 -0.057674730466878 0.0315747635097945
0.0763318151789728 -0.0286694387247965 -0.060590653673062 0.0565833748040554
0.0802154003351389 0.000799315846581268 -0.070575697345354 0.0652968049407909
0.0861679283553344 0.032525273010944 -0.0856493301914777 0.0550834949234127
0.0680350000480853 0.0695304060480848 -0.0816434540108986 0.0382038382655441
0.0263463954379372 0.112018550519659 -0.0285709592734329 0.0365008325912081
-0.0231280773555827 0.139515105175574 0.0134053004164398 0.0863021271097847
-0.0550347426511842 0.127624817713315 -0.0611936418408591 -0.0420905270701835
-0.0359773074536254 0.128115487644531 0.051278996821256 -0.0139518815550217
0.0228240665307223 0.12081366914753 0.0840472195357868 -0.0782533414568352
0.0651593407279281 0.095308601595818 0.0470788375998242 -0.123165861494981
0.0867725938621633 0.0528321995395204 -0.00909369406521912 -0.108728420446326
0.0914119066605788 0.0121332889267768 -0.0375714475977214 -0.0698481043647901
0.0796092886759286 -0.0238697475328856 -0.0403687277522694 -0.0371770443235307
0.0649646733683732 -0.0308757088319477 -0.0401046141921156 -0.0131994040732503
0.0672807519230681 -0.0441181654558275 -0.031296578082791 0.018803360642826
0.093199241518988 -0.026360910086942 -0.0342586400684805 0.0479237012181827
0.098659985348223 0.00779674942435565 -0.047542485514807 0.0678694560423454
0.106020935598678 0.0499984475448494 -0.0773428470119101 0.0606107349712386
0.0768571122386039 0.0967302606002928 -0.0856198166371707 0.0300890819578944
0.0160364988282962 0.136691756643426 -0.0291841983145602 0.00676363604655252
-0.0402448738948063 0.158109849905697 0.0342904973028725 0.0390187563356629
-0.0661173300774878 0.12479726476146 -0.0253276518305397 -0.087867783171753
-0.0523433072857986 0.139317230791995 0.0714343055642816 -0.0491565764680739
0.0166808577952753 0.147115661950401 0.0933886250484424 -0.0908291672176562
0.0761115237378652 0.119297069456801 0.0535690962526765 -0.11818942455823
0.101491646322255 0.0632773657783815 0.0125726006993064 -0.0936523392272172
0.102716906987596 0.0177724207929276 -0.00424442666464423 -0.0645241256765231
0.0889397083736421 -0.0209993795957208 -0.00494431858101143 -0.041816878455801
0.0727245187993368 -0.0279962763433704 -0.00845107582685579 -0.0237871544367569
0.0738179532739832 -0.0369648953821274 -0.000748410453222583 0.00738146450588541
0.0973760928280224 -0.0157043114095029 -0.00495095682436624 0.0391977290333894
0.10128542088341 0.0205016787418273 -0.0219208907277213 0.0681008571989652
0.104480790175665 0.0679076913215025 -0.0648846573839054 0.0628875797390787
0.0664876780552154 0.11281715763201 -0.0858272491644214 0.02139091997069
-0.00476686474809739 0.141395358258355 -0.0296022552320019 -0.0205328280283305
-0.0570026105060598 0.150546568060747 0.0539986698706294 -0.00626767130579269
-0.0641968489599893 0.10153546215871 0.00859047839057143 -0.129709381129643
-0.0594103531764084 0.123335451192206 0.0809333135086639 -0.0843318186547678
0.00529679768907015 0.141883856061837 0.0924215199562573 -0.0960734568774057
0.0686570465083767 0.118564535093647 0.0587085666488183 -0.103208907555218
0.0945383056969214 0.0624896456605123 0.0390756008952784 -0.0742300841730843
0.0943994797479809 0.0205171309526742 0.0319801370156029 -0.0592290454757593
0.0832545467377596 -0.0150707077484469 0.0302599591153088 -0.0461123993826723
0.0687606421364595 -0.02086014552907 0.0243121412665497 -0.0308927618062085
0.070657160370201 -0.0244014085735518 0.0297323773563457 0.00135435358698201
0.0883322441686142 0.000270309362991971 0.0234711618707783 0.0366647209343988
0.0872938800986089 0.0357630540091499 0.00260706128676129 0.070567509647904
0.0817752398876682 0.0818709458836649 -0.0514733219824942 0.0643682221979918
0.0373984327552063 0.116104536600468 -0.0789675799880652 0.0127312318723822
-0.0335354524955457 0.123787461578118 -0.0235541786283711 -0.0390100375658972
-0.0697311379784334 0.118723444681944 0.0742331044617789 -0.0408369031125799
-0.0523526977193219 0.0595712473428381 0.0330901092000141 -0.158625092221804
-0.057971920050564 0.0847691455153546 0.0765675529608756 -0.110702570338373
-0.00717359081975193 0.110187115710453 0.0839166716903335 -0.0915670345621057
0.0464938792204274 0.0964788976827217 0.0616946377573146 -0.0822034068620692
0.0688024269613111 0.050577955883063 0.0625276017866858 -0.056544388369726
0.0691064914952967 0.0203504642874598 0.062953448510038 -0.0561009079790142
0.0637879810817957 -0.00593744909675006 0.0592534693410241 -0.0492938649136746
0.0548077041726473 -0.0105080425479802 0.052627042479564 -0.0325440359179419
0.0572591273158556 -0.0088523807412981 0.0578457545657388 0.00240747234631118
0.0674545971937278 0.0140762110332611 0.047599342699715 0.0426267302033783
0.0614860642087641 0.0444977213545013 0.020473906762076 0.0793686519280156
0.047475026014025 0.0838758828804526 -0.0397173552202228 0.0676469866720363
0.000846540082978366 0.101248611306042 -0.0657314198100034 0.00980907651322494
-0.0583385023269187 0.0876776451102129 -0.0105151495905017 -0.0440350587845571
-0.0728238606487187 0.0697198447061314 0.0939501656105648 -0.0588381488142242
-0.0346263440723739 0.0060398569879662 0.0451432826442904 -0.168286587613573
-0.0515086331676614 0.0339471364829553 0.0625899252739212 -0.119561790277746
-0.0191563960080576 0.0622013631594952 0.0755112121079256 -0.0770311573274246
0.0164456514795764 0.0596330799058612 0.0684045669951799 -0.0620152087661533
0.0306409288561018 0.0325809049785462 0.0795196683954976 -0.0469279293464968
0.032151978586164 0.020481296214375 0.0819540624778156 -0.0569444156143849
0.0350336469497581 0.00691097744406016 0.0770515751090405 -0.0501627081493547
0.032623201057111 0.00112849077256693 0.0716187442112933 -0.0294236463233691
0.0351373747565511 0.00461986196226952 0.0773905502958513 0.00855350362095335
0.0381859854866495 0.0182675329565415 0.0630853548747459 0.0550525404714661
0.0334678260395852 0.0388965266888179 0.030786776766455 0.0925437273308694
0.0170475721758844 0.066925998617599 -0.03076008734883 0.0769501741194504
-0.0251038071934785 0.0703233807185174 -0.0514188897409485 0.0169003844880004
-0.0651353215029501 0.0407064737748911 0.000936376852522685 -0.0352928821415666
-0.0595502804937518 0.0138107323918482 0.106429444665176 -0.0595344143966001
0.0254718812298562 0.0381527081892615 -0.113438211416967 0.0618367918796239
0.0460859698185743 0.00419646964892542 -0.00617976594363484 0.0511695592473081
0.0363285814920868 -0.0347611404401462 0.0549727452790488 -0.0169405746584077
0.00150069795457409 -0.0364735048709563 0.0487438834110981 -0.0852076453954524
-0.00273928507490809 -0.0229802253349401 -0.0179438573407522 -0.116886638718969
-0.000768925187494648 -0.0196914064356978 -0.0703560666941462 -0.0762493454173297
-0.00551727366255475 -0.0158779022847165 -0.0898281238976853 -0.0226798466414381
-0.00433998471659527 -0.0150476969772052 -0.0915854003594185 0.016448148764893
-0.00134736953252968 -0.021199931831804 -0.0871424160323059 0.045714902944336
0.0107627208613409 -0.0233946800908809 -0.0942681119822335 0.0592767721153522
0.0129321428980684 -0.0187438591608092 -0.0968585312837328 0.0534895176199613
0.0211802800729016 -0.0225579084162376 -0.0916569955056805 0.0443014840307065
0.0367356996609417 -0.012867619913699 -0.0839350184394552 0.0547334900383965
0.0385312286858499 0.0224223356124869 -0.0564069379901917 0.0811356491220095
0.0143446521621669 0.0439284808333927 -0.0388898982392013 0.149124446697948
-0.00601864648157441 0.0789705099699212 -0.11165338402642 0.033244426015174
0.0179226253910419 0.0502903182320576 0.00333727420247957 0.0323002482999076
0.0316106242782468 0.0158547853966119 0.0582146423151743 -0.0384173365850168
0.0193711332556502 0.00643690706766186 0.0449583772360726 -0.101127680077944
0.0255269159541136 0.00508110583031985 -0.0196174601683623 -0.120837968699077
0.0324900527475585 -0.00751712564532796 -0.067657610866282 -0.0795139012082316
0.0272356794731166 -0.0201075357201013 -0.0843382320444259 -0.0304574185363061
0.0240933964718366 -0.0224947729829514 -0.0852468946882066 0.00672460340484234
0.0284046122471811 -0.0320440083272127 -0.0786334495608696 0.0392405480281727
0.0478355553110113 -0.0238438570796022 -0.0842380959023547 0.0580086141748485
0.0494528677369187 -0.0041867682204995 -0.0908503794039466 0.0579732467478747
0.0532416950805431 0.01211422045021 -0.0927218370573268 0.0449367423393113
0.0493331738649512 0.0342151267001826 -0.0827029858025834 0.0425047144059793
0.0278689761594084 0.0725187094697348 -0.0395903080000658 0.0612751737226682
-0.00985769906195931 0.0977177967893275 -0.0156949968335233 0.124701639498288
-0.0376272595183482 0.109186508850924 -0.0924723873486804 -0.00315639796250253
-0.0144414737563315 0.093348297817809 0.0254915600723442 0.013433925373735
0.0244109241578685 0.0717118602368018 0.0728807952444583 -0.0585347693071245
0.0395175131678715 0.0547325621575234 0.0475330511082449 -0.115449330711016
0.0563415606387311 0.0335512497895475 -0.0161795046168243 -0.119979825160421
0.0648568508606257 0.00545203000672525 -0.0563460285237714 -0.0779446905099612
0.0578024776185239 -0.0206889427445044 -0.0664333170378218 -0.0361031027637669
0.0493940166594325 -0.0266587276048769 -0.0673677782669781 -0.00455221753815701
0.0526577058332048 -0.0392868396602265 -0.059748318950305 0.0286347263383096
0.0768337964100145 -0.0251985340605651 -0.0638882493539515 0.0546776162848653
0.079720305306053 0.00421560168656241 -0.0747698422030226 0.0641311187335646
0.0836523096458506 0.0360720895544803 -0.0892269097912198 0.0522516727108395
0.0648763200999478 0.0720532651016823 -0.0862169547958608 0.0343979711531766
0.0209232462874263 0.112095098140352 -0.0321657014321632 0.0343132223864946
-0.0301765171982212 0.137121222426882 0.00845294267855235 0.0860866499379186
-0.0606547669457755 0.124414088271724 -0.0602341158778879 -0.0452125966983968
-0.0418331064031731 0.125918772375772 0.0524128842463248 -0.0115896530404658
0.0179983317942682 0.120404012077119 0.089947943389875 -0.0744726400215488
0.0606615618869341 0.0970611215767659 0.0536733886937658 -0.12189678125208
0.0842421976805896 0.0556722742578463 -0.00325545093119642 -0.110793872176985
0.0902704816909912 0.0158847105833094 -0.0330743373656643 -0.072445590834843
0.0800374080833131 -0.0195027866785329 -0.0381867321331056 -0.0403501490781748
0.0661238131324379 -0.027416519787001 -0.0398687098809316 -0.0156172843157645
0.0685987478818988 -0.0402526067647673 -0.0325230187234736 0.0173593863522766
0.0939368700177361 -0.0221429651014185 -0.037052038015866 0.0470852637684018
0.0979876758472773 0.0119477955878829 -0.0518624270907947 0.0675087589791339
0.102511106462145 0.0547461618711563 -0.0806910389061613 0.0585227967135248
0.0722615519877795 0.0998441492170885 -0.0898877185793193 0.0270075789180416
0.00967786638824992 0.136157707524506 -0.0318485729651376 0.00501456072366657
-0.0474977186739098 0.154909916406256 0.0312067794951734 0.0396583933775232
-0.0718857782347573 0.12165813984771 -0.0222418051474145 -0.0888231663710253
-0.0583918369285369 0.136940063777571 0.0736684780499774 -0.0446672253681013
0.0101408778836021 0.146483487891625 0.0987078603291202 -0.0866061104868629
0.0707123124356923 0.121598232885621 0.0602000776551877 -0.116886864045271
0.0983683790691933 0.0671636330797885 0.0181930977338257 -0.0938960270102222
0.101066374217452 0.0221028326293422 -2.16191937509141E-05 -0.0656329568599544
0.0888651483756855 -0.0165660167026367 -0.00325179072711451 -0.0433509867885702
0.0732203197053194 -0.0239095804546421 -0.0072869596441617 -0.024515456395567
0.0747169531777724 -0.032671461849679 -0.00159326244662178 0.00717934958196601
0.097504386598491 -0.0109384283047534 -0.00739906148198551 0.0406617155143209
0.0997178808934781 0.0247379161211799 -0.0257192976535143 0.0688565642818785
0.100359159217749 0.0720514159677684 -0.0688668090148419 0.0620680047390803
0.0611569150207438 0.115402368274754 -0.0896733160199877 0.018430604362585
-0.0111208121891963 0.140077592987073 -0.0309232163302708 -0.0218780928170938
-0.0637627073088078 0.14695168876937 0.0535378291706574 -0.00418284017437002
-0.0693224498107775 0.0982848526255099 0.01412344294148 -0.128756756856017
-0.0654973792887308 0.120294126154533 0.0845823539195408 -0.0794927530959814
-0.000803748437334154 0.141559285085742 0.0975084977999469 -0.0916456084577503
0.0634174054140095 0.122071104514294 0.0640774084650736 -0.101444158795389
0.0921659463145016 0.0666203509912432 0.0433887267091097 -0.0732003182635817
0.0937671725977135 0.0241566533006694 0.0357069107280835 -0.058597280329363
0.0828287004682022 -0.0106810742018371 0.0321648560929596 -0.046461759879106
0.0694728661365645 -0.0169913934473656 0.0258101699602135 -0.0296830187326484
0.0712181964765863 -0.0198338500799339 0.0294547403282634 0.00285002500570206
0.0874148273743718 0.00403421072427796 0.021113033269344 0.038768298045738
0.0855895297740445 0.0395247019988045 -0.00199532235134988 0.0723739547847761
0.0777406097906153 0.0850541413023286 -0.0557408387791133 0.0636986741575121
0.031743920165207 0.117170993979259 -0.0824233985195107 0.0104663087529823
-0.0397118209967159 0.121407277363952 -0.0236369748551147 -0.039910658944014
-0.0753605392258411 0.114476527653126 0.0757710831161734 -0.0372630369231503
-0.0554656801198679 0.0569321315096416 0.0400249287234142 -0.156894166369289
-0.0625891932922086 0.0822742658796461 0.0820299897355539 -0.104698558161562
-0.0122506277932165 0.109988982208105 0.0891851483275121 -0.0870587361695668
0.0425377939034117 0.0988141556794105 0.0671796968924142 -0.0798482181642997
0.0668171672469717 0.0539637518673771 0.0663410595701028 -0.0540835744093162
0.0682345503688972 0.0234904854194379 0.0667072524792136 -0.0545422142363274
0.0635480938221891 -0.00222812296510001 0.0614388890942928 -0.0481172228453336
0.0550094383461769 -0.00734746876935693 0.0537936910489663 -0.0306054840505828
0.0570217448690755 -0.00524596196968913 0.0569359566494958 0.00542274783068828
0.0658334616118189 0.0171345598914789 0.0449364486823431 0.0461808863739202
0.0599137000341026 0.0469276138703531 0.0157102355773786 0.0822114885001949
0.043880431328116 0.0860280404002934 -0.0437082218076789 0.0683068459094228
-0.00390210050972985 0.101094642288841 -0.0688429214937215 0.00791574322270689
-0.0634005816883577 0.0845820765990242 -0.00979350584516563 -0.0442142684491267
-0.0756020621447174 0.0656502951917651 0.0956761635970178 -0.0544576103742715
-0.0350504808117806 0.00423417325116902 0.0533668423064835 -0.16602270178538
-0.0535221682151862 0.0316566383639232 0.0683334922033829 -0.114845298242986
-0.0222356834640859 0.0620533801720992 0.0796607010842776 -0.0731741281126549
0.0146498848418088 0.0618438173026512 0.0721839815683811 -0.0588834388771392
0.0297322961847013 0.0343106600374278 0.0836692637813178 -0.0440175660267328
0.0315611691957111 0.0215559442029908 0.0853243885081053 -0.0543189430611796
0.0340294795239574 0.00862246186210637 0.0793364823328608 -0.0476929071037841
0.0316702712157842 0.00296866171533867 0.0729641860692156 -0.0270783511426398
0.0337818047908304 0.00674870068296254 0.0763180149847575 0.0126705971530591
0.0366276481610526 0.0202918895399456 0.0596940685025757 0.0595626948236046
0.0318850696926394 0.0400458112290734 0.0255278762118229 0.0954721754881712
0.0142383426711217 0.0684273394736736 -0.0354286602509914 0.0768955914908406
-0.0284731058568877 0.0690788962812476 -0.0546576424106677 0.0154260121727197
-0.0682953987516172 0.0376321909853469 0.00145279959500422 -0.0343144667274632
-0.060429384186752 0.0105746617524682 0.109053036184662 -0.0547545362471095
0.0261483351778945 0.0405158760581223 -0.121838357747459 0.0601473130230709
0.0491941525423956 0.00580628552922998 -0.00780451720685099 0.0527843640822081
0.0388838624881981 -0.0360783966841725 0.0600543670992578 -0.0156222407729909
0.00269742070688496 -0.0380980917304588 0.0556749108819247 -0.0881742811881694
-0.00245735675000998 -0.023958885702111 -0.0136191867701961 -0.124448811250486
-0.000390671869739753 -0.0204275570322276 -0.0690276698823951 -0.0838778173673792
-0.00470404232804874 -0.0168965449104398 -0.0921269074022364 -0.0274567456156207
-0.00377544837594724 -0.0150822463246965 -0.0961536345372599 0.0140720433533658
-0.000404057365636985 -0.0215425795404166 -0.0934230952786519 0.044815286809403
0.0117342005841031 -0.0239487493836566 -0.101457700506174 0.0590972778999905
0.0136399843435647 -0.0185607851462726 -0.103291751682323 0.0529224426022705
0.0225419948653926 -0.023234730040116 -0.0993874579062595 0.0430463916898013
0.0393371359299559 -0.0126559526881758 -0.0909714432264954 0.0533023894884181
0.0397357646018435 0.0247539102677474 -0.0631292285697948 0.0814265845266771
0.0134389411600931 0.0466772523949403 -0.0466644427184887 0.153558680299548
-0.0083729937791507 0.0819387608036366 -0.119054846209699 0.0304663343713903
0.0177821418605707 0.0528633764731509 0.00300106447789131 0.0335054874359769
0.032881376581925 0.0165895395841702 0.0645893082468126 -0.0380705723595377
0.01947573482932 0.00669613774365176 0.0520354931273444 -0.104619169248165
0.0260487150731403 0.00597473107872526 -0.0150980984300168 -0.12848418105489
0.0336674037303943 -0.00693154538289966 -0.0662115295354364 -0.0870494627132987
0.0292477995105424 -0.0197030592435285 -0.0863240343012012 -0.0355244236346139
0.0261536479915213 -0.0218835315726256 -0.0897020725038198 0.00366823131490303
0.0308111687899755 -0.0315685515497202 -0.0842168113426626 0.0379007312309134
0.0504558616950476 -0.0233596433628881 -0.0912391168650194 0.0585344689013573
0.0509941943783111 -0.00236582765402204 -0.0978826363568757 0.0572886082981611
0.0546313456123294 0.0145186905373324 -0.100043541586761 0.0438472000973844
0.0506510943742106 0.036946761707626 -0.0896505667654318 0.0412322103161114
0.0262538293244388 0.0763510157135314 -0.0452658433852482 0.0615638487109018
-0.0140650994748545 0.101470679721536 -0.022468962686741 0.129058907196356
-0.0420695660867178 0.111707882044097 -0.0978739771158393 -0.00684988510211017
-0.0179008300744009 0.0966426699336195 0.0265989194558986 0.0146723133107661
0.0228124152925463 0.0742970611248118 0.0806522293592724 -0.0585571280489176
0.0392216623963319 0.057411643703523 0.0551933312903095 -0.119915555958973
0.0571144817808004 0.0363165706833035 -0.0110096301044121 -0.127073562572416
0.0667610854554043 0.00754931287421705 -0.0536884794295506 -0.0848423685417992
0.060905157353981 -0.0190152156939814 -0.0681486887318225 -0.0414324558166339
0.0522067237361959 -0.0256620700123646 -0.0706144894567829 -0.00706675524346774
0.0560633498911603 -0.0378803038280796 -0.0634078778340961 0.028180578753583
0.0810846805919683 -0.0233846449818994 -0.0697230380251802 0.0555146934680242
0.0826618346660382 0.00758293068137736 -0.0813278506473682 0.0653578621241334
0.0850387141757147 0.0410871200005862 -0.095939870319444 0.052118921068523
0.065300103398483 0.077353390729729 -0.0932305737350971 0.033066290857353
0.0173135740136978 0.116658247567599 -0.0369708981901224 0.033984006585551
-0.0360902749406977 0.141240775079533 0.00473463930212071 0.0889465221427199
-0.0674915141512328 0.127237865931253 -0.0625929789945464 -0.0486060441987693
-0.0477829770315321 0.130124817325033 0.0558765491145634 -0.0102139794702134
0.0140170749834362 0.125233260394792 0.098390248574559 -0.0749785042145101
0.0597935537374936 0.102699723895855 0.0618870540106102 -0.126008706696952
0.0858315691139621 0.0603576743031433 0.00183359430301972 -0.117226278383239
0.0926942390900752 0.0191915912824596 -0.0300783254519469 -0.0786376383121775
0.0833651806977337 -0.0170373687515168 -0.0383606233988758 -0.0448860908651754
0.0698928133706467 -0.0253418048918915 -0.0415059767917732 -0.0177841830632834
0.0723531327642589 -0.0371593082384222 -0.0352466600805901 0.016691292818349
0.098197416472591 -0.0191829425434235 -0.0412846328303703 0.0493994061344394
0.101104471644699 0.016101684339827 -0.0572666921981428 0.0708551453543053
0.104123877052099 0.0605471032123746 -0.08724337614841 0.0602399692915313
0.0718304040420483 0.106023654645882 -0.0971349752297442 0.0259690923658659
0.00462537247638341 0.141433048105213 -0.0348914221899166 0.00339645036567947
-0.0551871511732891 0.15860262243075 0.0302411698251073 0.041546745697587
-0.079622350039842 0.123398236904217 -0.0207968751606048 -0.0931940818884183
-0.0663090534756339 0.140261975356616 0.0793162638185817 -0.0429390136156665
0.00564442779035285 0.151887855500527 0.107605218311672 -0.0864487383251222
0.0691913307534686 0.128533769312981 0.0678858651215904 -0.12059354207914
0.100540703404718 0.0728746220602189 0.0235762715178159 -0.0990451328140124
0.104252535421578 0.0261530223546127 0.00444015923193572 -0.0701702888069146
0.0929520392306285 -0.0134375727705986 -0.00214200361352457 -0.0472643285126816
0.0772286091168261 -0.0215564362082735 -0.00762103262027673 -0.0266938366191322
0.0780261902940269 -0.0296952876690333 -0.00247647197160262 0.00777792067755648
0.101065666554728 -0.00770415498374654 -0.0100703230771111 0.0436086324131993
0.102798022550435 0.0292256029389538 -0.0301063664765874 0.0733805773607927
0.101924015738516 0.0781584936581757 -0.0753031395228648 0.0640590101551888
0.0597529358353726 0.122400198621097 -0.0968388889951255 0.0173301337724723
-0.017484604942116 0.14477197555571 -0.0332509314721062 -0.024413535547328
-0.0723131763696189 0.149412075360779 0.0554709136375298 -0.00310325546644727
-0.0758718670723741 0.0992163642539087 0.0189372845514136 -0.13328514511187
-0.0732598246121121 0.123198277151069 0.0916708218061862 -0.0778139828309644
-0.0063136447109377 0.146873578669372 0.106437862962203 -0.0922189628509459
0.0618835563055108 0.128800571401814 0.0714844920018479 -0.104024874140027
0.0939763814941919 0.0719183426047904 0.0486732287931496 -0.0754640356410992
0.0965905148059973 0.0285185301017892 0.0408813833022467 -0.0614393222981893
0.0859561077032998 -0.00692188071242331 0.0348600099324625 -0.0487793903893782
0.0723071509153431 -0.0145502272057061 0.026536584584604 -0.0309262655970972
0.0738686097400024 -0.0166252171301684 0.0302474364419219 0.00443975425530961
0.0901511265222978 0.00817207248328253 0.0195490269369331 0.0431561018487875
0.0873332214404703 0.0439502493938225 -0.00509294661579568 0.0776778992032099
0.0774345603421753 0.092083408157547 -0.0611239818131537 0.0667114795935555
0.0289645027322361 0.123117752977148 -0.0892913991576538 0.00930901137300217
-0.0465074457896915 0.124672713488402 -0.0250261785966495 -0.0427438345603461
-0.0828189574113881 0.115458475551596 0.0797816290827014 -0.0367858544381738
-0.0601557737434457 0.0571167128235485 0.0480287821620224 -0.161091265940968
-0.0687600221528948 0.0841069512634516 0.0898048286929732 -0.104626329225615
-0.0172914746450509 0.113983783802436 0.097598763266256 -0.0872361967848676
0.0418786487860639 0.105505312804417 0.073262461727811 -0.0813667473143737
0.0680013976527273 0.0587090585632966 0.0724114573746168 -0.0552332402877943
0.0703869540126346 0.0271218738315902 0.0726422170656872 -0.0555695298590562
0.0657206422116731 0.000889166389216181 0.0654893515046728 -0.0493985815238302
0.0565344136118515 -0.00556437689456977 0.0563328037597634 -0.0308400239823979
0.0589344148641601 -0.00259573856007025 0.0586945826580899 0.00784790552174533
0.0673692247307753 0.0202573190635857 0.0440278082027915 0.052049059916276
0.0606108267501273 0.0508828546714555 0.0125667068644918 0.0877296691617794
0.0423994640202045 0.0909532131939284 -0.0495713598322803 0.0716064024322827
-0.00772025044453656 0.104977947678172 -0.0744941821441222 0.00766127713688944
-0.0695121036765671 0.0852054482795432 -0.0100351717996599 -0.0459825589662046
-0.0817451005146424 0.0648699373355997 0.101770342664646 -0.0534725704542132
-0.0376414279872837 0.00305584030656542 0.0621379194031544 -0.170239645135757
-0.0571214600767315 0.0317835676398324 0.076303677691733 -0.114206255125152
-0.0257287876332648 0.0637223984850438 0.0876646372992285 -0.0728344600991216
0.0140246063279106 0.0654665801266761 0.0791618786558812 -0.059001044388403
0.0301669026723753 0.0373628214349909 0.0899109765799983 -0.0432618234648646
0.0324341593670162 0.0239935191974471 0.0920180157521446 -0.0542396766524538
0.034924163875594 0.0109846467637038 0.0842593079686366 -0.0485694219949936
0.0324004944382743 0.00457587699439109 0.0767313493071271 -0.0262284530885024
0.0350891666220275 0.00835389477294593 0.0779469868070304 0.0166403102884098
0.0370423095618938 0.0226297905235692 0.0597146077157454 0.0653640197730499
0.0320714635231348 0.0424966443632971 0.0216221613758794 0.101676131975526
0.0125544716935906 0.0714569978166058 -0.0408472456904533 0.0802000061916857
-0.0319787405636525 0.0713659834525695 -0.0601735026907554 0.0152715246256253
-0.073194513721937 0.0365132030378381 0.00178796542992571 -0.0349975386345834
-0.0636472770772296 0.00826104206000632 0.115902191771256 -0.0527333816151624
0.0289646966931645 0.0425445647234054 -0.131503046282337 0.0639619083877612
0.0534243102591074 0.00629428509940593 -0.00716626849108492 0.0566131630770844
0.0413919438634927 -0.0394356335523641 0.0673290331970462 -0.0173816678915357
0.00266200459525625 -0.0407330640659718 0.0609733225946671 -0.0954233070491661
-0.00285968742245805 -0.0259050527696442 -0.0138825829059001 -0.134953342509409
-0.000554072868633845 -0.0220547656611504 -0.0732482773193508 -0.0915933953498513
-0.00491492719785424 -0.0181946115405386 -0.0973875517863576 -0.0301731104074383
-0.00347930943921997 -0.015890061823294 -0.102761859110686 0.0155061180746053
0.0002245851689503 -0.0229215515810423 -0.100456184258383 0.0482566952662718
0.0124833454696503 -0.0256161234492437 -0.10944678618708 0.0642986244878201
0.0140021751419365 -0.0198665689466436 -0.111895898051223 0.057421404560133
0.0241688450157613 -0.0249761584366843 -0.108047678357658 0.0458118368300346
0.0425894154961535 -0.0134282532565735 -0.0988041199269312 0.0567743134878826
0.0430826332329618 0.0263165701446154 -0.0689128396101042 0.0850618436094827
0.0138787887771576 0.0505299535600365 -0.050415471535098 0.163310153718501
-0.00796068427837286 0.0862794668955362 -0.128446147162366 0.032536228200316
0.0203870990800016 0.0565912913434183 0.0044231004443675 0.0358549938243603
0.0349321607351167 0.0165630893905382 0.0717112246468244 -0.0412830995369386
0.0207339112279022 0.00613958641349025 0.0567222935719975 -0.113461680315841
0.0278809537324484 0.00587671414405648 -0.0160721671244675 -0.139101970558764
0.0352490929967057 -0.00784349676334748 -0.0697747506507521 -0.0950781727586004
0.0313880333012694 -0.0205164645368748 -0.0915229054760377 -0.0392221610479563
0.0280884089028699 -0.0229946044608525 -0.0961195391945171 0.00434889860634664
0.033314239267448 -0.0328473663992964 -0.0906958464489992 0.0408485421843001
0.0533519464923413 -0.0249145275472522 -0.0978662413234482 0.0643583656787095
0.0541001995601533 -0.00269233009223236 -0.106045285402321 0.0631838633008512
0.0573972404694593 0.0149689306739023 -0.108468907718402 0.0474148729374794
0.0546166786851161 0.0387196490005735 -0.0983309981687329 0.0437185507854621
0.0284583930796822 0.0809231718999891 -0.0498030108145642 0.0641915718249761
-0.0145034720112651 0.108549601253796 -0.02439235522184 0.136754048210015
-0.0445007594227458 0.118524990865473 -0.106003312529898 -0.00696454799842737
-0.0185665241479363 0.103520785829171 0.0303508781600834 0.0160720116629814
0.0245735433570606 0.0779467734434503 0.0887735212573082 -0.0629491581589631
0.0417894453856566 0.0601933894198264 0.0600684205654489 -0.129501323015992
0.0611846342098554 0.0382246956044829 -0.0114499682482436 -0.13764481769842
0.070403077542647 0.00771125599429184 -0.0558972224850942 -0.092533044365353
0.0643934399097468 -0.0204348197146323 -0.0722580616379254 -0.0452749885884282
0.0555753878729695 -0.0266148237481049 -0.0761255626103534 -0.00780297009577542
0.0595739433722532 -0.0394704681846731 -0.0687099818503507 0.0305951531902329
0.0856640552811427 -0.0251099543895395 -0.0750292836249361 0.061043260795755
0.0877537777893207 0.00771304067983593 -0.0875592892130439 0.0719676344856359
0.0906736406733086 0.0437789055693151 -0.104435117531041 0.0566882269563707
0.070159590781367 0.0819490906665323 -0.102459979350157 0.0358814543175311
0.018425044713971 0.124241226024425 -0.0415824231901654 0.035473957354082
-0.0384246781277616 0.150604606939305 0.00415972260477603 0.0941162373544137
-0.0717986673845827 0.134755559724848 -0.0674292563735215 -0.0514003100379288
-0.0502041660827063 0.13888641063789 0.0606777967881776 -0.0105655007765667
0.0156491790790159 0.132024781770956 0.107221290768063 -0.0801086806128896
0.0640069269121696 0.108387730297325 0.0669189927550355 -0.136559444279059
0.0920805518138522 0.0634765096641567 0.00248477548801723 -0.126957424269101
0.0986026368409854 0.0198602265285506 -0.0305472596913678 -0.0859291636291823
0.0888809966144996 -0.0175124896644349 -0.0411383487441042 -0.0495531013552848
0.0742654476169824 -0.0263115873910369 -0.045456922679154 -0.0195987748003453
0.0766246318642039 -0.0386371335654991 -0.0383813005498866 0.0181872474430961
0.104287750888135 -0.0204778800418876 -0.0445221383989759 0.0549589692796416
0.107627321076165 0.0170310631861635 -0.0617136381685083 0.078228740711924
0.110690228595528 0.0650059939958539 -0.0944082286497914 0.0659262595168225
0.0772134100809149 0.112225517974742 -0.107027129223516 0.0290696932397143
0.00455014224534177 0.150487105223088 -0.0397236018427015 0.00345257455993642
-0.0583622148114572 0.168942879208603 0.032052034413413 0.0437319788928814
-0.0847172684171031 0.131376686453055 -0.0223864244582552 -0.0985324442607565
-0.0707479125766564 0.150370012304628 0.0858878839026355 -0.0444785753289483
0.00553310030509564 0.161142028365206 0.117100337252758 -0.0930699219267112
0.0743936965280336 0.136574868864132 0.0738057816025128 -0.130349698181769
0.108180963526438 0.0769202390837016 0.0260150090488845 -0.107410711336867
0.111130985621809 0.0271229284932715 0.00554480751419562 -0.0762321712445759
0.0986318306635438 -0.0130661434222875 -0.00263033898216387 -0.0523238026608907
0.0816475838236266 -0.0221460203060867 -0.00939813015627467 -0.028683510242391
0.082974636363819 -0.0302050913331493 -0.00353995845160898 0.00841148980357562
0.107365020124238 -0.00815460282048202 -0.0114282650701912 0.0487274761481521
0.109374481376047 0.0310286866773084 -0.0324004978332251 0.0807746730447352
0.108389441898474 0.0839832207490768 -0.0805370730507992 0.0704088214807167
0.0645634669324022 0.129814763669355 -0.106370920339589 0.0206731874347282
-0.019538154453339 0.153731475833855 -0.0373123633533403 -0.0255302574111078
-0.0772795016868635 0.15865893929488 0.0585681651584348 -0.00386552173571883
-0.0812467882561238 0.105940001804959 0.020211011731314 -0.141682781896818
-0.0781148273251546 0.131875884100027 0.0991257717088026 -0.0813718821643516
-0.00626389391479067 0.156374816404433 0.116279534078037 -0.0981830539959074
0.0669314745129675 0.137952838634668 0.0772577980959282 -0.112560397809408
0.101116049365784 0.0762946793230787 0.0532018709188885 -0.0831808804238807
0.102914676623441 0.0297406778142694 0.0447543876918322 -0.0673344732473917
0.0919710407367434 -0.00652152279024175 0.0364646418125471 -0.0538326492739252
0.0768190041913527 -0.0146494603825196 0.0274673164616087 -0.0340073833991648
0.0781976535843569 -0.0169221413918177 0.0315284329957252 0.00481491494883917
0.0959056609710001 0.0085085302274578 0.0201949786590304 0.0481821044888209
0.0928242212763907 0.0463840973104322 -0.00656695331929783 0.0856165753225918
0.0825961855492608 0.0984037054164632 -0.0664182063673354 0.0734418571389846
0.0311498083561946 0.130639326548707 -0.0979268004465641 0.0120805167359436
-0.0508477614409065 0.132654855165381 -0.0284253825609385 -0.0449619781044913
-0.0887482482156087 0.122736593662238 0.0846403369426539 -0.039687812965519
-0.064196068228267 0.0606113815948724 0.0513706481784076 -0.171749923699107
-0.0739423127505488 0.0899023911635012 0.0970232684863502 -0.109475872919045
-0.0184971318350861 0.12145006930738 0.10594938965515 -0.0928696120069859
0.0450381300140148 0.113162492612311 0.0790218254047977 -0.0882289141205896
0.0734940765474703 0.0624889620382851 0.0786635867455124 -0.0606399155859986
0.0753479181767332 0.0287213797837883 0.0787215137511856 -0.0610435267679575
0.070260587716516 0.00133074054743877 0.0692534680473 -0.0543921351445286
0.0600313882999854 -0.00523453197731559 0.0594628427844564 -0.033648633729545
0.0624118461611104 -0.00202199411942985 0.061806123627755 0.0087858031217826
0.0710177737653834 0.0218073464136744 0.0466126183502028 0.0573641648758577
0.0646329171681939 0.0542238829494426 0.012312939911486 0.0955033212658088
0.0456641626204637 0.0973873181464742 -0.0535830646710108 0.0778758154189904
-0.00812378852182219 0.112436598805757 -0.0821300499534091 0.0100830747700669
-0.0753992545471007 0.0909141928837504 -0.0122603417120019 -0.0487957251688601
-0.087205332789327 0.0686149865309726 0.108467233209859 -0.0574671159804291
-0.0398135652995781 0.00296883972157475 0.0667288359008299 -0.182697926290088
-0.0614153587229709 0.0341298999580293 0.0819119906641793 -0.120078206557861
-0.0273772848128822 0.0686183819815272 0.0952648192347884 -0.0771979433009122
0.0162972285092702 0.0705183241054865 0.0855288157394681 -0.0640691623768426
0.032794084625957 0.0400560762616005 0.0981743451839768 -0.0480892434696479
0.0349175824270905 0.0256313732030355 0.0992610069527208 -0.0596273642155228
0.0375837891404697 0.011958885587693 0.0893905052434181 -0.0531689036560132
0.0341475881333383 0.00517679526617375 0.080774393033164 -0.0294324869287921
0.0368752032947033 0.00961602579481259 0.0834272212561472 0.0178155721213995
0.0390245743294345 0.0241003433292254 0.0631729335381111 0.0717538172611098
0.0342195342908764 0.0454288459421661 0.0222697514445811 0.110410835560247
0.0141343708730264 0.0766748093983801 -0.0447151991258135 0.0875636736988203
-0.0343669260337098 0.0764724560485179 -0.066605589510549 0.0179631222801872
-0.0787196256775811 0.0391690234237563 0.000303346793542456 -0.0374242965014874
-0.0679012903375352 0.00910550607826866 0.123433447452044 -0.056686784546678
0.021146744441457 0.0522896730070253 -0.14772005597841 0.0437324424491533
0.0553044579707861 0.0166276151919225 -0.0146434596060529 0.0582149752294827
0.0501078224770614 -0.0339257390851495 0.0787902162550775 -0.00898316322888603
0.00783457304203748 -0.0434479457440095 0.0849651996683527 -0.0936527333407828
-0.00141342363539133 -0.0276213096565451 0.00951850579223642 -0.147302008622005
0.00122287745874915 -0.0236274593877541 -0.0594559954669798 -0.112578197993937
-0.00137671244872927 -0.0199241433574083 -0.0963637105438448 -0.0510115179019871
-0.000181314927242747 -0.0163407138331561 -0.110702822878593 -0.00231234105081687
0.00501685425074937 -0.0234479555377267 -0.115526554602342 0.0345781931919406
0.0172575370465074 -0.0241889508223536 -0.126345882532806 0.0511956070535555
0.0175586475260148 -0.0174820481103194 -0.12870093631422 0.0424839658221443
0.0279703752577992 -0.0228020730079635 -0.124405019027296 0.0305814906466278
0.0469844456595234 -0.00550071442559952 -0.115992638287679 0.0415507276306848
0.0384332548961498 0.0377388753244078 -0.0905448062450917 0.0722081700537797
0.00462793128278271 0.060719405865782 -0.0852235565655096 0.156935642238762
-0.0261670720168228 0.0888334998665787 -0.140664044409325 0.012939348722966
0.0112038235527786 0.0617261818687198 -0.000386543154244741 0.0393428462001591
0.0326882642214085 0.0211734981840679 0.0868536709381776 -0.0293160636832157
0.0181214491117442 0.00801736193378416 0.0834695915805104 -0.109713012412985
0.0243055089393087 0.010738085377928 0.0102041394326791 -0.150492284475257
0.0359108251522559 -0.00144592918640187 -0.0539242162172731 -0.114591165890825
0.0357172474244973 -0.0153797744518628 -0.0879932923622864 -0.0586789911706908
0.0338088516783714 -0.0164924821698721 -0.102452015733034 -0.0125808883726576
0.0410501288081798 -0.0268660856698439 -0.104102492540576 0.0288616330768956
0.060169385882429 -0.0146606498621302 -0.115641134552049 0.0531502913594229
0.0557956516566923 0.0101914601926022 -0.124505669662532 0.0487882700728566
0.0553928131144951 0.0264598360521496 -0.127863935013209 0.0311328555859644
0.0471819910003234 0.0515778329141511 -0.11355840201396 0.0274477692366511
0.0117557344978787 0.0910093271811917 -0.0664884830213914 0.0517166116990454
-0.0389968742573569 0.115847803604469 -0.0500279561192419 0.132424369424271
-0.070416042958601 0.11369465587924 -0.111687779963371 -0.0223287324423161
-0.0372657684507959 0.101949336288235 0.0288278254506942 0.0246396069356402
0.00992681921120122 0.081184975089996 0.107242173704694 -0.0453460665263871
0.0296046971189709 0.0656701264792231 0.0895864619979657 -0.122129750554064
0.0524871995122191 0.0497099022402587 0.0164101840454518 -0.147314920099686
0.0696162791971593 0.020945035695459 -0.039376955031465 -0.108912100360815
0.0695486253451326 -0.0084179655660319 -0.0659346449763525 -0.0607816844450216
0.0631883003933606 -0.0145198145439528 -0.0790458754000556 -0.021667664624694
0.0697526807075967 -0.0276586012279016 -0.0794174262170526 0.0224713406880681
0.093834388343002 -0.00811258355303199 -0.0911727640047844 0.0546872154272606
0.0890451541891923 0.0285494887880428 -0.108321981150218 0.0616951003911729
0.0844177807370152 0.0637474055482655 -0.127001855640488 0.0409396412346141
0.0539200551766535 0.1004009386778 -0.117421791587376 0.0176275569908196
-0.00809828280619344 0.13403381143675 -0.0515658711618298 0.0221941204017876
-0.0739271387722949 0.154953305565111 -0.00974180774886169 0.0914400329650118
-0.102165832828018 0.123317550033792 -0.0643380050635757 -0.0602642029416595
-0.0775372225375511 0.130844009816269 0.0643339351536076 0.00444683957656232
-0.0105435663985383 0.133987598455722 0.129336020676723 -0.056726088412502
0.043201903968019 0.118440579868629 0.0978629844017384 -0.124887566572082
0.0792663860586073 0.0809605663011787 0.0315869962242052 -0.131871739258361
0.0965348141825254 0.039335176152379 -0.0128896900114738 -0.0964955904814594
0.0942756200278133 -0.00116987796956889 -0.032207924964378 -0.0594812971961161
0.082865091219956 -0.0103220306187294 -0.0450704144447135 -0.0291049706968926
0.0875900661442266 -0.0236628061553013 -0.0455880651846685 0.0149131517304103
0.112072475689181 0.000278608781811552 -0.0584946049414012 0.0538990688161824
0.108092004421621 0.0426072519853767 -0.0825687271311881 0.0724011823026879
0.101823013372271 0.0897230227195856 -0.119898800005963 0.0519205242205641
0.0549448335677343 0.133647313259702 -0.121261799354538 0.00935947220456199
-0.0275467665964543 0.158053364603102 -0.043395940545546 -0.0115002889002779
-0.0998884111251966 0.168737238408474 0.030635417805507 0.0440348615242935
-0.115064151927857 0.1154807535858 -0.00986762144862497 -0.100822374629519
-0.101097396943388 0.138422698171766 0.0966589260845737 -0.0257081412255729
-0.026214421287863 0.162309428966109 0.141402989515965 -0.0657715717794546
0.0491339974680683 0.149584501769524 0.103122629794137 -0.114461198580256
0.0935470899706727 0.098110046036021 0.0544307336480372 -0.106480008336091
0.108330381742544 0.0488279619984056 0.0235034018483794 -0.0802786135356577
0.103553602792341 0.00504717509363773 0.00882629793284795 -0.0551944794551314
0.0894349913771314 -0.00448744904811139 -0.00520803592523558 -0.0320375613706256
0.0920905344889491 -0.0134700049632317 -0.00738876830389601 0.0105571256944109
0.113440671486602 0.013605691064166 -0.0231588670839979 0.0532496691369044
0.106992303940162 0.05729869550649 -0.0530060052516769 0.0804686880759371
0.0962374915965553 0.109152383052931 -0.107164002819281 0.0579060598503334
0.0370949043147915 0.148425229481495 -0.118672370900453 0.00111460226834096
-0.0539541674136426 0.155662563600063 -0.0352538366421571 -0.0405732917155739
-0.116775145839944 0.153368633771431 0.0689721827872612 0.000471635551533666
-0.106003391236472 0.0891796629881627 0.0427662766345081 -0.138407480817218
-0.106043618177736 0.117737841317731 0.116282379330189 -0.0616606158467512
-0.038034944894813 0.15505400278267 0.139314331774112 -0.0715620937057941
0.0415840123471866 0.149683369951606 0.103315045732479 -0.094541911747796
0.0872976509405187 0.0961779077376263 0.0779636036479024 -0.0757519176461907
0.100155690739277 0.0501358307961478 0.0630838388360119 -0.0639678285793696
0.0959788918276664 0.0105556270980916 0.0503946592080366 -0.0496739207055927
0.0823360569853496 0.0017878317141379 0.0342427670275753 -0.0308836675705622
0.0843585812689985 -0.00022500171279118 0.0306542073850848 0.0123516924850341
0.0977070916000309 0.0284012703834247 0.0105712212501337 0.0581292104463271
0.0870796307888503 0.0702291009544087 -0.0262075745440328 0.0892088260473451
0.0660553185761865 0.119965999385495 -0.0907079522115227 0.0627138501242242
0.00183171110415809 0.142512604516584 -0.10812753960072 -0.00576160943706627
-0.0819786770090633 0.12746595335472 -0.0201962926026084 -0.0578705879995664
-0.121102925363649 0.111277483867221 0.103350334389772 -0.0292019848333912
-0.080246191615811 0.0454593490913268 0.0822063428466311 -0.164732232539621
-0.0937311247600136 0.0757766434855339 0.119683246788693 -0.0919097708337933
-0.0436888135656982 0.118165215061303 0.127234860680589 -0.0696940141129831
0.0250534972488402 0.121829873878642 0.1004319348498 -0.0700356159545012
0.0624503311616817 0.0767000913216334 0.0995690794309515 -0.0481259726223412
0.0723277122069543 0.0433603629297613 0.0965450318062379 -0.0512118380723673
0.0718292503708892 0.0150895516802712 0.084345867410789 -0.0446146412391898
0.0634872708241236 0.00816395012588039 0.0672392562843388 -0.0258064335212591
0.064387698175864 0.011317577458895 0.0620284461614422 0.0217886091957768
0.0697352983606708 0.037296445027696 0.0366694515288831 0.0712336975370695
0.0556365042943968 0.071920999258719 -0.00703444358654321 0.102215674705386
0.0283693666883141 0.111872365048652 -0.0767535973189447 0.0689826756917574
-0.0346686573787908 0.114695987336337 -0.0898524428638134 -0.00528126095899004
-0.0992180744248315 0.0787196233601168 -0.00155395000765162 -0.0564038080558166
-0.10797606716424 0.0535684536987153 0.130936791493008 -0.0403221168086768
-0.0440087174635774 -0.00889153031671173 0.101593816774866 -0.174639246167796
-0.071026983543809 0.0214134154672467 0.106647821403841 -0.107088841413468
-0.0423860591878256 0.0633084240467894 0.112914829645256 -0.0585155507033527
0.00420521056445477 0.0737808357190166 0.102031357706636 -0.0472557194888414
0.0258852358281686 0.0454213901398925 0.115398256954143 -0.0320396732571994
0.0317119264472818 0.0324316376267279 0.117014702082259 -0.0462932569245658
0.0366844789521996 0.0196882677362332 0.104885039131079 -0.0399543711350322
0.0342054457224307 0.0123279904898012 0.0889751276753341 -0.0163288024810572
0.036312504006783 0.0174005745518944 0.0830388464582152 0.0342034838097533
0.0357552174890469 0.0332336430987332 0.0522462708085625 0.0888989504328957
0.0258802098030795 0.0562103609711101 0.00187324018162548 0.11929356807254
-0.00079714701277975 0.0839470618190012 -0.0673744975402253 0.0812678455428624
-0.0539061207621394 0.0716041201917525 -0.0737294931408313 0.00748397464546531
-0.0924691942375669 0.0242681003243621 0.0095202782618208 -0.0392680542249106
-0.0739001974972619 -0.00642386057423411 0.144225531840341 -0.0337749158322061
0.0259469325284903 0.0504716478470359 -0.148302775961052 0.0542929464531077
0.0584535054022166 0.0129450054660539 -0.0098260025230743 0.0597852277029239
0.0486361330047081 -0.0392141031446871 0.0832958325579781 -0.0152867671579336
0.00469073883722719 -0.0454376907000305 0.0824551339345223 -0.102432384095986
-0.00360701684276039 -0.0283097873131735 0.000306806626227043 -0.152825773926107
-0.00115233061352687 -0.023798012478613 -0.0676237032834786 -0.112774007386868
-0.00275521072843213 -0.019820336237056 -0.100879143236352 -0.0461587513986209
-0.000665809631386412 -0.0163517157784599 -0.113602550977871 0.00574958224379113
0.00405999707604759 -0.0241010118224086 -0.116025670936085 0.0447037486806202
0.0159336755270228 -0.0257999955136256 -0.126045884460676 0.062363090141902
0.0164395551941098 -0.0186321286243771 -0.129520681839663 0.0526092110194421
0.0266582920622546 -0.0254467496227681 -0.127056307156641 0.039320600337988
0.0479680512005068 -0.0100332469916504 -0.117018952272334 0.0504267945813861
0.0427275004849066 0.036514549667943 -0.0887819816890132 0.0778665654317398
0.00969980057650977 0.0617803939269742 -0.0773644613349166 0.165084738754033
-0.0194467917918024 0.0909710659876128 -0.143173057317858 0.0228238473064245
0.0165626687242608 0.0619052587506159 0.00317964311209951 0.0401232083007794
0.0347545810509321 0.018163543473068 0.0891914915607266 -0.0370152629984426
0.0185547262690416 0.00565476760775696 0.0793604784011383 -0.119093815512635
0.0250949990258677 0.00822988562877849 0.000756582562045739 -0.155810020107072
0.0354120668099793 -0.00426648485308401 -0.0620585102231866 -0.115411089228113
0.0351161300988888 -0.0178707444129664 -0.0929450225163768 -0.0545980627042295
0.0339393860953704 -0.0186731831444662 -0.105614251462549 -0.00525299442751573
0.0405328032898222 -0.0297402200788634 -0.105032021686304 0.0377934212410031
0.0601308463342494 -0.0189616289274378 -0.114622547094993 0.0639483974881651
0.0568617430390493 0.00688624630465803 -0.125353153814429 0.0600170513220366
0.0577087815813833 0.0230680580196722 -0.130472941649294 0.0407318004972134
0.0519669106805189 0.0487536301387468 -0.11609418519869 0.0354630957518976
0.018515592842494 0.0925246081790811 -0.0659581433704993 0.0556931167341373
-0.0309888026725709 0.120290950037004 -0.042908981528894 0.136777147888898
-0.0634975784482667 0.118779076316274 -0.115750604835299 -0.0143927227957606
-0.0300627039957455 0.106085339476799 0.0324751786572524 0.0232940192729291
0.0158163238897014 0.0805431026550715 0.108929046896263 -0.0547005725845861
0.0345990850539998 0.0637147266188146 0.0842486068769152 -0.132123957774288
0.0564256561164992 0.0457059547552458 0.00728917313852443 -0.15284594230656
0.0712591925288952 0.0164831730746522 -0.0467689119111579 -0.110794237065415
0.0699424214250358 -0.0128038172156735 -0.0714609781786461 -0.0590720160890251
0.0631136950327636 -0.0185695910371681 -0.0827055620867454 -0.0164180938695819
0.0692879509620397 -0.0319209485122302 -0.080339698774834 0.0288050602562009
0.0948252198830941 -0.0149507897268904 -0.0899381069586897 0.0641688723864234
0.0916990296600047 0.0236588289025342 -0.108212623687747 0.0725638881565017
0.0895598002026366 0.0583457163223716 -0.128888702739434 0.0514030777177977
0.0621201335618564 0.0970558113909666 -0.12113927265953 0.0265212680489484
0.00112355473840668 0.136814647009891 -0.0527033925139113 0.0244931893964052
-0.0640569880796898 0.162124860586662 -0.00463991628108242 0.0924989289165033
-0.0954086949436499 0.131272382950461 -0.0711313855588858 -0.056249261986085
-0.0690486255468678 0.13849113624851 0.0675334113527594 0.0012658167864128
-0.000588995099687755 0.136307232835823 0.130157019778618 -0.0666978522597966
0.0521132280338825 0.116559685914301 0.0920094022014413 -0.134844750044518
0.0861354211146074 0.0760244181513793 0.0237197224451169 -0.138743226328237
0.100007763973562 0.0325223134532132 -0.0187923785577246 -0.0999393630185252
0.0954676979456523 -0.00724566500914428 -0.0373124704519066 -0.0596114476354739
0.0830961019692838 -0.0154412267249285 -0.04898569141107 -0.026016154308871
0.0867773790938201 -0.0288301763073474 -0.0466517220120392 0.0193581205193447
0.113728836727307 -0.0072945527212962 -0.0566137551290943 0.0610908616631619
0.112278115593395 0.0362988907064528 -0.0809016516194103 0.0823395417018504
0.109209829859684 0.0843937643368431 -0.120478337315396 0.0626983811014668
0.0651129346651502 0.131351798670658 -0.125930750039625 0.0193671747767231
-0.0183956879637329 0.162119503159675 -0.0466680875812504 -0.00903010104554552
-0.0888666655495786 0.178137833722243 0.0332846875171848 0.0415075075687047
-0.109161518039544 0.124001243043953 -0.0173800066896587 -0.101256941811967
-0.0927445618125692 0.14725685936787 0.0982011603028358 -0.0311019217706874
-0.0153924084370102 0.165571862856143 0.141762976102951 -0.0765690566087278
0.0604732112491462 0.147933552614789 0.0979506116261823 -0.124840126428682
0.101975035150728 0.0922131392712544 0.0486177895132494 -0.11448905871333
0.113016250664499 0.041796088496952 0.0195120980031111 -0.0859136996476923
0.105537093984774 -0.000963460464941816 0.00453222948938162 -0.0581264269309257
0.0902422109060062 -0.0103059363896556 -0.0087711478670015 -0.0324467243049995
0.092395679608464 -0.0193196177922487 -0.00828569477692802 0.0121232097182712
0.115771419015599 0.00606893264705455 -0.0200263358817256 0.0585556809441835
0.112358272264296 0.0513775097325542 -0.0496959381865401 0.0883994819936024
0.105493817410882 0.104890242338302 -0.107174231939252 0.068840979429736
0.0478246964972411 0.147939989531213 -0.124107687812351 0.0113368550269383
-0.0448854332272692 0.162057657147464 -0.0400547711643836 -0.0391109003741769
-0.107616758001932 0.162853565596683 0.0691551645546733 -0.00495263913941242
-0.102559581501414 0.0973497272267932 0.0337586456449886 -0.142983956646206
-0.0996469103176001 0.126998238838379 0.116239268521291 -0.0687409170946269
-0.0285280807209625 0.159684704541446 0.139592368081663 -0.0820743547962186
0.0533207561358812 0.149430442808746 0.0998055365932474 -0.104357587968182
0.09563420056732 0.091180194105001 0.0752536548840392 -0.0844709987297091
0.104961041443077 0.0435750939289639 0.0611353563555131 -0.0714436295849526
0.0982922275919257 0.00513953977969448 0.0468767950148145 -0.0553939796689649
0.0833044428146299 -0.00315543232700154 0.030950982296788 -0.0339898333054043
0.0854250899980236 -0.00580642348076209 0.0300316274312819 0.0112438897319488
0.101116589325832 0.0222095947994338 0.0143678584081996 0.0608241989884262
0.093153438326624 0.0657234379226239 -0.0212724322393887 0.0955470607392667
0.0765864777815809 0.117631160004527 -0.0901207749500373 0.071968469154642
0.0122838804139462 0.144285210017156 -0.113148360492423 0.00369892899684248
-0.0758755713756618 0.13521999133404 -0.026042259787995 -0.0573748643423396
-0.115114118243838 0.120723736844177 0.102402447929799 -0.0380180947225043
-0.0786747547948671 0.0511525158332051 0.0725643063368498 -0.173309784003115
-0.0912478417137878 0.0836394892879691 0.117366262252744 -0.099619923070714
-0.0369984418706234 0.123548035349851 0.127315937801209 -0.0795577263847766
0.0347913689562188 0.122454277308613 0.0981725818186849 -0.0785791568960311
0.0695317950926538 0.0734497794754547 0.0995983967420584 -0.0573993466960096
0.0768444245547841 0.0391592910463489 0.0961937259859872 -0.0606783857839034
0.0743494749677125 0.0109514094046437 0.0821981208720656 -0.0527247854219731
0.064488342560192 0.00413388144188486 0.0648671957726703 -0.0306634205643166
0.0665665477723576 0.00709196707946105 0.0627827088504185 0.0186974249744738
0.0729178104079362 0.0335129225046069 0.042223555443669 0.0725255005809196
0.0613929391646034 0.0692297884821114 -0.00135021706415687 0.107470975995777
0.0367877569240499 0.111914304904605 -0.0753252569190151 0.0778294995663305
-0.0271638891075163 0.118713674739802 -0.0948464931026901 0.00328296711422297
-0.0967129962143517 0.08707981685979 -0.00653208124949674 -0.057155584108284
-0.105790553673013 0.0613585454516284 0.13019772564392 -0.050190598474144
-0.0459998434540297 -0.00673413549350568 0.0921769974985802 -0.184906892835412
-0.0715506618823372 0.0268540302448972 0.103151608985097 -0.113745872421205
-0.0390318856791792 0.0680387973229596 0.113205570747392 -0.0664770254787392
0.0101935905580319 0.0755462066443093 0.101519073219922 -0.054890540678973
0.0301108377815122 0.0445165746190083 0.117422532033544 -0.0424266197770633
0.0349169126899904 0.0307694590459591 0.117125615075568 -0.0568270172303109
0.0392463424208616 0.0178038552508262 0.103478910104009 -0.0494140014515577
0.0353695544434765 0.0105081885990744 0.0881866248222096 -0.0237384147976111
0.037715423122043 0.0151353180033139 0.0852868095880762 0.0301320064085545
0.0384345507791779 0.0315718878309699 0.0592133082727763 0.0884630280229321
0.0303684996843953 0.0555832713246426 0.00902414459441661 0.12314988124155
0.00605933113875901 0.0854585106157092 -0.0650545579429384 0.089114967404442
-0.0506038260268312 0.0768413952218353 -0.0773368188724856 0.0144028146526205
-0.0932584260820891 0.0312119682240129 0.00629006583068288 -0.0404988691680369
-0.0754160496423946 -0.00195670248998273 0.14416687266007 -0.0439814086613075
0.0284208257516332 0.0477371999668649 -0.14389212595758 0.0611893717548737
0.0592356326183111 0.00995010151074899 -0.00573609078209068 0.0589635989041168
0.0451951405911159 -0.0417784516468739 0.0835313545564495 -0.0203582952071336
0.00167443508663375 -0.045111226770172 0.0782693838396553 -0.107277832961079
-0.0053304605604261 -0.027878118043203 -0.00674132235943325 -0.152201262731339
-0.00281716502810964 -0.023039912431081 -0.0722092947300265 -0.110330841168039
-0.00355448197521104 -0.0198086222990246 -0.100117358699157 -0.0418023398422445
-0.00102425928249846 -0.0158530249258891 -0.110939718861436 0.0111271137206385
0.00324024896490385 -0.0237963043869785 -0.112311033510405 0.0509391841946936
0.0140538136527032 -0.0259863498025792 -0.121140438212973 0.0687630793100867
0.0147485700331656 -0.0188634150062905 -0.126354012550774 0.0586664343442833
0.0245295336503776 -0.0271603169441617 -0.125571499068015 0.0457100317005312
0.0471406221707495 -0.0133037392365683 -0.114470646297826 0.0548774521751779
0.0447883652099022 0.0343981885109632 -0.085488482932782 0.0786888378383624
0.0134993443802073 0.060925960604817 -0.0687153231447826 0.164990188985521
-0.0146657099638934 0.0896175978329849 -0.140712600394232 0.0297488748515115
0.0204176495336267 0.0594436282697693 0.00621408317886196 0.0390310863275674
0.0350575693879267 0.0148295530399794 0.0887151042979052 -0.0419706963035982
0.0176579158488169 0.00360715672679674 0.0734718910374747 -0.122256623970436
0.0243116535171051 0.00675326662241059 -0.00684342716319104 -0.155088882862078
0.0335375027423128 -0.00589345641693339 -0.0667701170916025 -0.11268489327476
0.0334809622021963 -0.0193841329378152 -0.0938205799082981 -0.050309811118739
0.0326273545872862 -0.0196698767277219 -0.103663882396078 7.73811227139761E-05
0.0386583480225908 -0.0310269622018689 -0.102034196555972 0.0439345295246085
0.0578670926223429 -0.0216041381026444 -0.109905105962933 0.0696286321559271
0.0558907584100617 0.00422416376871839 -0.12186909917171 0.0669132494431224
0.0569533208826415 0.0194379286304676 -0.128666202018635 0.047328429907599
0.0536982469934192 0.0444669981449526 -0.114366789409544 0.040785107220653
0.0230503302929541 0.0898640777895092 -0.0639463043725514 0.0558327125473274
-0.0238451243882306 0.119295269840242 -0.0369074283822186 0.135263343172142
-0.0568693430723818 0.119173352216565 -0.115741330701942 -0.00819628530459564
-0.0235244580448854 0.105178169108812 0.0339967331237552 0.02115410465222
0.0197493615231375 0.076800790580144 0.1069902794758 -0.0601515956107606
0.0363720648606005 0.0596158811780535 0.0768927464662478 -0.134981119627925
0.0571969423177896 0.0415255442003055 -0.000169918448697637 -0.152237302108966
0.0696049927131339 0.012357304982378 -0.0502457226547191 -0.108874191992498
0.0676180643993907 -0.015920824075502 -0.0731978529098062 -0.0555037950514173
0.0614754282280367 -0.02053075798091 -0.0826158397357387 -0.0116235863253942
0.0667107009336445 -0.0341650127426313 -0.0791583358315754 0.0340781319951517
0.091812191290732 -0.018761551361468 -0.0856946094384643 0.0689733438914948
0.0911656661034532 0.0190581024489504 -0.103635598451977 0.0788971295498545
0.0906091283258988 0.0528419072699816 -0.12678981077457 0.0588109689136209
0.0658149792879451 0.0913450634958088 -0.120241839531685 0.0328973157759224
0.00760743917452806 0.134315017542242 -0.0525824441125974 0.0254899453615849
-0.0535757471893044 0.161726520601072 -0.00173103156623649 0.0900336712941828
-0.0877606439199584 0.132750013176929 -0.0729746631808401 -0.0514170437378747
-0.0605466864339348 0.139050672519391 0.0677184781903898 -0.00181692769843258
0.00570385423922561 0.132541772591742 0.127663748972728 -0.0732416691394187
0.056650316366458 0.11106289951566 0.0849498357383189 -0.13850848802095
0.0880705643723704 0.0689836537621847 0.0163196181705406 -0.139381238431901
0.0987158973734619 0.0267730692021581 -0.0223651212593012 -0.0994886999107876
0.0930198781008315 -0.0112934497173335 -0.0402817937672024 -0.0575687919351948
0.0809212222952699 -0.0187630612211883 -0.0500549273919159 -0.0221486729165519
0.0838506788998549 -0.031968210226502 -0.0457823363840067 0.0231509868134699
0.110963170785336 -0.0124645428984544 -0.052558202446027 0.0652465907939313
0.111966854797208 0.0306964727188061 -0.0763080307323297 0.088172228336482
0.111243937175278 0.0772871892186117 -0.117037684793259 0.0696918067109515
0.0701484809118639 0.124122378825179 -0.125108274005898 0.0270588430895614
-0.0100226483619783 0.160260076268825 -0.0484453134525876 -0.00768080825496749
-0.078302332007366 0.178074313257479 0.03362604399569 0.0384248262948115
-0.101737750144667 0.126817680680434 -0.0222534379176076 -0.0983205525032302
-0.0835941342336454 0.148807993224955 0.0963922323063846 -0.0347532487751634
-0.00724804559198384 0.16252904055395 0.138454817692388 -0.0827174236282949
0.0668339705008321 0.14150162186529 0.0913499309239729 -0.128303694184775
0.104233163426282 0.0844482523753792 0.0417435307464933 -0.11710508919164
0.112383557198906 0.0351121974276847 0.0157141779002089 -0.0880028598272164
0.103457735660097 -0.00612492138673313 0.000936738171729334 -0.0584282833961993
0.0878532791364696 -0.0137528059811689 -0.0117048675354064 -0.0303612024120091
0.089649375664074 -0.0225373425900425 -0.00840972056005688 0.0141235544221387
0.113285223528777 0.00101708217075668 -0.0166982431421761 0.0608203755627016
0.112805742068938 0.0449398880916153 -0.0445736375081479 0.0922327160794681
0.10813250705614 0.0977721492029907 -0.102847605698073 0.0750184254626765
0.0545233047596696 0.141590440405754 -0.123749145801823 0.0196305854505711
-0.0372989446991579 0.161290953440498 -0.043159316002431 -0.0369380590635319
-0.0973293689668824 0.164373005329338 0.0667070454510573 -0.00927376291370339
-0.0964607896487725 0.0996372678895255 0.0266563858073472 -0.141893472121752
-0.092265476170472 0.129610439781385 0.113242271275076 -0.0720274192004578
-0.0201161217858551 0.157661420281303 0.135651566439133 -0.0876428007257955
0.0597609796657683 0.143732373222329 0.0930362894627287 -0.108000427278166
0.0983028106996879 0.0843026654682433 0.0701047181896605 -0.0885436311382539
0.105003818759659 0.0374532637382948 0.0569791676972251 -0.0751740538651212
0.0970440861425953 0.000577789511918706 0.0429382737520715 -0.0583171584427747
0.0814009175902613 -0.00640032548824987 0.0273256586638587 -0.0341830990560863
0.0833132436627212 -0.0093854063847687 0.029001464031028 0.0113602892658038
0.0995820379026399 0.0174566163948249 0.0173549102384443 0.0615320268674455
0.0942558513049538 0.0599700971658601 -0.0169495067075441 0.0980281000094664
0.081287134144009 0.11126757265632 -0.0871427994003238 0.0778197896566482
0.0186805217079654 0.14006361841823 -0.113523483526954 0.0116096599737664
-0.0684335174774414 0.135925086570855 -0.0301732945657669 -0.0553671277854216
-0.106170059050715 0.123139261732674 0.098228297504685 -0.0430383455434197
-0.0756989006823397 0.0535896907032453 0.0632543948330411 -0.173482750375556
-0.0863203010466474 0.0863469165755849 0.112553867009755 -0.101932771678512
-0.0303685089967277 0.122975482661031 0.122923140023108 -0.0840906294903916
0.0411505267085298 0.118548947991955 0.0930624001920401 -0.0823803019237507
0.0719275135945969 0.0682828093063603 0.0955810731224938 -0.0635557373494765
0.0773068239000699 0.0349391808635511 0.0918654152559034 -0.0669059274895363
0.0741099116207576 0.00765694486224459 0.0775333403384666 -0.0568476485691567
0.0629240124147626 0.00125067096721226 0.0610128601528811 -0.0329386187896861
0.0653724058783482 0.00437127197605516 0.0615397946641591 0.0159677735446603
0.0723534230194878 0.0296355203215595 0.0449075549623604 0.0714809008901033
0.0641408009578662 0.0649965203729522 0.00291447652288693 0.107962741865263
0.0426211810328136 0.108196961767028 -0.0716987087838224 0.0828074177694081
-0.0213969456327321 0.117903289959136 -0.0953827265388541 0.00997420116143192
-0.0919011546312873 0.0900291299826978 -0.0109109163855069 -0.0552564381977573
-0.100196465829134 0.0648342258614551 0.124943775161764 -0.0563279825658347
-0.0460754800865336 -0.00478025598264417 0.0818748690759057 -0.186194608447569
-0.0696137429324975 0.0301341513551768 0.0982382712534864 -0.115005001302912
-0.0353143205097602 0.0691701439549982 0.110001213972587 -0.0698089997084808
0.0152838192254465 0.0737214282674738 0.0983829864055817 -0.0593297719627986
0.0321878531710645 0.0423634181974161 0.114326151305797 -0.0492882113235985
0.0357327414656477 0.0284397197191701 0.112488673120649 -0.0636409494721182
0.0394937810152238 0.0152256827192529 0.098966099783825 -0.0548400746910222
0.0347313415274886 0.00891421157718116 0.0845384766245863 -0.0275675079324907
0.0377385939066583 0.0133340338489381 0.0846904625957509 0.0263388799502931
0.038648158883051 0.0294352586785609 0.0620775838422136 0.0862739017295968
0.0332116799013462 0.0522660246236133 0.0133176476124893 0.122747296244786
0.010964655567292 0.0841069370550972 -0.0607445428633544 0.0928971936532092
-0.0464358981663732 0.078180057180198 -0.0774877092226135 0.019924573427138
-0.0905306650944721 0.0355839586847532 0.00334417005255755 -0.0395797742917142
-0.0735081390105522 0.00152326420438283 0.139763893481394 -0.0504049883726801
0.0286530232244229 0.0462555646525303 -0.140293002333865 0.0621488611208001
0.0590874232943934 0.00856684713008012 -0.00381553026505653 0.0579146011480664
0.0434211767689961 -0.0420902395272193 0.0841755078781742 -0.0226876558954672
0.000380844183235456 -0.044761037547422 0.0766165280449655 -0.107937214720853
-0.00651385690347241 -0.0268821524047854 -0.00851991084588733 -0.150486630187568
-0.00357732788808609 -0.0218519609220339 -0.0722638458544285 -0.109308638640438
-0.00367397465155834 -0.0190320869808548 -0.0980856019389192 -0.0406454154624067
-0.000141024105292011 -0.0153183057243339 -0.107726824457237 0.012741900985152
0.00298416472365086 -0.0237449216583608 -0.109418474049135 0.0531120534302579
0.0136113106269064 -0.0255644306734815 -0.117711810560537 0.0702622409822974
0.0137786594553236 -0.0184327203112233 -0.123432088596347 0.0608910162617314
0.0227737686093448 -0.0276571408637463 -0.124143307678647 0.0477014900864223
0.0460756727513075 -0.0146463925151007 -0.112929827462111 0.0549434124471162
0.0454484408991421 0.0330095260146358 -0.0842904385512806 0.0763568380427245
0.0146640101076769 0.0591644828198768 -0.0661349762445732 0.161776626365828
-0.013343612972063 0.0871488184333195 -0.137679510567034 0.0317201727268067
0.0217911371068041 0.0578939096430129 0.00711672965632067 0.0377181365244529
0.0341592506038559 0.0130680720560916 0.0882485253129296 -0.044145778251354
0.0165002211832561 0.00228185105294179 0.0720443303608167 -0.122369785799068
0.0233795108840666 0.00556693726538544 -0.00810405363145835 -0.153568880102908
0.0323456994300715 -0.00571392459128537 -0.0666091356008488 -0.111364849740669
0.0324328477612083 -0.0191547545261779 -0.0920266539295179 -0.0488962443647099
0.0319554925496421 -0.0191566327751574 -0.10140823648501 0.0027539294441401
0.0372295108249622 -0.0301865114373221 -0.0995423068425532 0.0457119981046332
0.0558373096794394 -0.021721048644453 -0.106633265826277 0.0716676512489271
0.054666115625797 0.00373546997168249 -0.119652237552738 0.0691060677587016
0.055189162812284 0.0180317469549957 -0.127287611140992 0.0499327903644337
0.0532324090619945 0.0414004825201368 -0.113697199400772 0.0416068335718519
0.0244276515468391 0.0877966191842957 -0.0634761783623446 0.0537095477432082
-0.0207734511331759 0.116833902034006 -0.0354084454819661 0.131755924052838
-0.0539234754919418 0.116514207790938 -0.112997498487699 -0.00583379544687369
-0.0205834868852021 0.10285688919166 0.0346253452630423 0.0196380817264552
0.0200314887940382 0.073266466613401 0.106185979888184 -0.0618725561357551
0.036094970135036 0.0568963952557323 0.0748439472868208 -0.134592890432941
0.056059072544894 0.0388754574514853 -0.00216118552079168 -0.150618089308967
0.0673450454338912 0.0109599721091037 -0.0508314214965605 -0.107582135730158
0.066005447161478 -0.0161757205766451 -0.0723443482062231 -0.0539982356297576
0.0602138759115986 -0.0201673777177861 -0.0809191590063327 -0.00936821524813757
0.0647453732387566 -0.0337941872798473 -0.0768441352452059 0.036321480860849
0.0891140750295035 -0.0191874035031771 -0.0825003976569331 0.0709567272296438
0.0891058494033978 0.0176870024148229 -0.101104717333146 0.0814531332471541
0.0885427153909589 0.0505276425399182 -0.125097279167311 0.0610632373024885
0.0655046876388588 0.0867566631440938 -0.119265120159542 0.0353250636684813
0.00896521570219026 0.130934298210763 -0.0528819899050771 0.0244710246017323
-0.0496810592004404 0.157899602371135 -0.00134573416357032 0.0872163746209485
-0.0840592279671852 0.130345400565551 -0.0722140546527642 -0.0484558168285762
-0.0567812765992184 0.136878500106959 0.0676452112053992 -0.00229739048511316
0.00765193867713719 0.127702189671919 0.126221365687724 -0.0742388181092478
0.056632433815929 0.106106167198929 0.0818757224271814 -0.1370919652044
0.086351409064583 0.0649578938114926 0.0141660925370028 -0.13864991512466
0.0957200091576774 0.0244675450669699 -0.0236360348468514 -0.0992524631434686
0.0905962937745657 -0.0123696574437313 -0.0404675120835555 -0.0568306537116806
0.078903333032583 -0.0184255883685845 -0.0496607145597713 -0.0202200616681377
0.0811588458601008 -0.031732114353499 -0.0450500285007792 0.0249923293066615
0.107841046937419 -0.0133951150829925 -0.0503563203911949 0.0673151306984826
0.109263848377788 0.0287018236904008 -0.073801360949489 0.0900456813848834
0.109584918725242 0.0742547153439915 -0.115607159493112 0.0726380185187202
0.0697513935782017 0.119180810788035 -0.124162811641069 0.0304483349392372
-0.00822246351713049 0.156253269955578 -0.0492212278174915 -0.00764214788630078
-0.0733808584034856 0.173985193485768 0.0318782714176034 0.0358453080069235
-0.0979341183464412 0.124469584929005 -0.0233395878638312 -0.0951475461133599
-0.0800521237213008 0.1463714683847 0.0955056325709805 -0.0342677799761906
-0.00455868698575888 0.157562118107398 0.136616981826967 -0.0839256598798787
0.0674291921865165 0.136110652235365 0.0885190943536908 -0.128024503672279
0.102933725718392 0.0804550929861666 0.0391951877821701 -0.116546821001912
0.109694221843066 0.0327715964869804 0.0143307779756984 -0.0886383963851215
0.100802525490592 -0.00720943371634294 -0.000689182136222211 -0.0578989976007678
0.0854777076373689 -0.0139593860870536 -0.0124184920143617 -0.0287753534810078
0.0868226994166182 -0.022921136490359 -0.00897340682260991 0.0163559923108145
0.11015809069313 -0.000681320267579964 -0.0150966705953927 0.0621841238336591
0.110770854553509 0.0425383551401042 -0.0432380211845265 0.0945583219689257
0.107258929631627 0.0933915796390587 -0.101551990215793 0.0776658770452991
0.0545371577301286 0.136429323919432 -0.12333744966345 0.0235478852798022
-0.035093504561668 0.158233655192049 -0.0443368622728057 -0.0356113908034754
-0.0920579022173055 0.160258231190515 0.0641019554766576 -0.0110904096370272
-0.0937871261693726 0.0986252655292885 0.0238751558493771 -0.138264361146589
-0.0890902741433074 0.127637775805052 0.111361516431912 -0.070530237724732
-0.0177893225595283 0.153571283997084 0.133774196153232 -0.0884976942771875
0.061168707476347 0.139143065273892 0.0904821447143802 -0.107424682377881
0.0972314502848045 0.0802018187506622 0.0676771804432768 -0.090077072800606
0.102708809775142 0.0348059603447231 0.0543002145403402 -0.0770343068886236
0.0951491808317875 -0.000679488369255688 0.040393086812499 -0.0583021611466179
0.0790062439557666 -0.0069563130455331 0.0249119984152286 -0.0329577562440867
0.0811715382924367 -0.00962629241613015 0.0276497428064442 0.0126782774375801
0.0968085873918481 0.0160115157062245 0.018499305010322 0.0628357394307351
0.0933723741991225 0.0569464090787745 -0.016038820614985 0.098791414395762
0.0810165488081703 0.107237289130159 -0.085462727395985 0.0806708493756343
0.0197326227753274 0.135853140337526 -0.112991439656915 0.0157133771959962
-0.0664989182916492 0.134387525388154 -0.0312116533449148 -0.0531241721738639
-0.101999096380366 0.120492672863191 0.0948729644383468 -0.0440591016152102
-0.073760824498615 0.0530241806533996 0.0595592908251681 -0.170481222122215
-0.0838741762987043 0.0857589140159044 0.111041499443503 -0.10046610691116
-0.0281902706592319 0.120769752294848 0.121333727705441 -0.0845652589314401
0.0425620165905149 0.115199733643849 0.0911137838159224 -0.0823486394053958
0.0714711455119804 0.0654771148730177 0.0927212920520743 -0.0651244306956724
0.076158369160242 0.0325966565916662 0.0891626414238205 -0.0691354301678641
0.0728596673933766 0.00621017184281293 0.0744122821159529 -0.0576250808962641
0.0608731931238467 0.00069580706748119 0.0579799160743104 -0.0327144805880946
0.0636694147624718 0.00329398098330731 0.0593249790141349 0.0168530941781835
0.0711286112427588 0.0282080333892789 0.0451916679944114 0.0712521469225067
0.0638897611755652 0.0620983938450319 0.00344026131695125 0.10891785474969
0.043623830887359 0.104792895005864 -0.0707067660930118 0.0847928753332915
-0.0198320406387594 0.115477317241761 -0.0950326811923385 0.0135649345769089
-0.0895173164137069 0.0899287541802849 -0.0125651083227603 -0.0535202338688723
-0.0969171477478726 0.0634306794000007 0.120951150362954 -0.0574126876854503
-0.045940779482174 -0.00407503231283576 0.0779241393640589 -0.183158150035652
-0.0687667712504052 0.0309402943641937 0.0966978578987607 -0.112261263238678
-0.0338644459255405 0.0685452512024896 0.108794181959413 -0.0703088012768097
0.0172067514514014 0.0721144201484455 0.0966812809765705 -0.0592025955181884
0.0323928508690471 0.0410079832057044 0.112063401096156 -0.051784088331978
0.0357862999242931 0.0275330416929042 0.109547560899799 -0.0665292361313395
0.0393911195522128 0.0144081161283657 0.0952237270714055 -0.0560368215455602
0.0336239774518662 0.0085836221339529 0.0805328324004885 -0.0274566997878168
0.0367531727122041 0.0121709900750333 0.0817498646732341 0.0263379561048048
0.0375712363283693 0.0289119583614901 0.0621050162754021 0.085271485948665
0.033421796993307 0.0506775166821637 0.0138860399809748 0.122237532292744
0.0128006485053349 0.0815080014786322 -0.0600821468874032 0.0938729916827144
-0.0445085551931664 0.0772948110391352 -0.0774575178497082 0.0226464486455642
-0.0889323073772253 0.036592070125159 0.00203100192695965 -0.0386276780837758
-0.0715883004471344 0.00170394906905356 0.135610643818275 -0.0511129625576198
0.028498181777852 0.0457866703008643 -0.141139308375121 0.0614581698662985
0.0600169351771726 0.00845085008639528 -0.0033661894633667 0.0572142123958635
0.0431075385226035 -0.0427606731320296 0.0867755522050283 -0.024308761428613
1.44617611122387E-05 -0.0449470976767656 0.0796890878761896 -0.109079092977704
-0.00685218729749132 -0.0266790261049522 -0.0070767853937606 -0.152317349821388
-0.00405932142813714 -0.0215004652203037 -0.0719635688027965 -0.111479339130894
-0.00355558277351431 -0.0193807756286798 -0.0968360328240871 -0.0424695326495264
0.000308294613306086 -0.0155547041961007 -0.107636644981954 0.0120251145109188
0.00360302981354806 -0.0233565488672894 -0.109220462458951 0.0539504796742081
0.0131612792442442 -0.0254412025800961 -0.118593610929799 0.071069977984941
0.0135304860844019 -0.0185673540695027 -0.125363623807136 0.0615940052175658
0.0222597433762396 -0.027755902197361 -0.12655658811409 0.0482339072622671
0.0462017806254669 -0.0153439910317408 -0.114523408302413 0.0538048944837061
0.0461984138467831 0.0335776611042849 -0.0871747455769295 0.0738295526114148
0.0150706893588469 0.059077072102114 -0.0683922660674835 0.16044824946206
-0.013888123797513 0.086580270723717 -0.138488208776799 0.0305551911636634
0.0226231376780596 0.0575420041200549 0.00811062752237757 0.0375502966423054
0.0336791126929513 0.0120547363531833 0.0907517505018854 -0.0451080281145637
0.0157807459036852 0.00178818722710393 0.0743668027021671 -0.123017128279935
0.022707928392648 0.00554192108399526 -0.00739612942877067 -0.155151522150742
0.0313526835407584 -0.00508237781989063 -0.0655996689369478 -0.11385119673249
0.0324095915557116 -0.018950420831848 -0.0913083533233237 -0.0502219227312252
0.032506373191179 -0.0186165858502784 -0.101147162179289 0.00248947467727481
0.0376319247839315 -0.0296175953202782 -0.0992488421411158 0.0468008847575014
0.0563131992686535 -0.021171800316454 -0.107176940620299 0.0723078969988178
0.0542553140889031 0.00479919918656246 -0.121041038793038 0.0707484598855796
0.0542124298732968 0.0185660337071893 -0.129703070525386 0.0507737359615587
0.0521816968947709 0.040387595738113 -0.115446327219922 0.0416878755352425
0.0241719947591625 0.0875408728955878 -0.0662401446709893 0.0517425901749648
-0.0209774314569459 0.115869562843708 -0.0379726555942516 0.13102291783388
-0.0553281122025123 0.115113865246805 -0.113391832556828 -0.00604646295617646
-0.0207251770869333 0.10267420905767 0.0354646387139687 0.0203170019490119
0.0199904743471864 0.0723604847219873 0.108424589550205 -0.0623620608022191
0.0350032207386746 0.0559122945871673 0.0772969277606635 -0.135301361031189
0.0547235183641212 0.0385534316015172 -0.00093028648303521 -0.151759565784084
0.0661266033298297 0.0119173344445236 -0.0496571490193892 -0.109895277308065
0.0654363131051754 -0.0158521211190609 -0.0717548786425688 -0.0555011983326821
0.0604109002061716 -0.0192755886058738 -0.0810310951992879 -0.00937185398534205
0.0645523326062385 -0.0327731717158311 -0.0769176661919948 0.037189252493291
0.0888778065426263 -0.0180993385529689 -0.0829004810958885 0.0723790735623402
0.0889932001646776 0.0189575113929178 -0.102003190306943 0.083629256039115
0.0874072497592658 0.0516628398767243 -0.127018264294732 0.0622406910133253
0.0637351568818831 0.0865293481656357 -0.121424273336329 0.0354157115430145
0.00778825945969495 0.131019116889213 -0.0553776929735967 0.022660476030125
-0.0505717401905249 0.156285693398555 -0.00324893099035779 0.0865957588974973
-0.0859372375869228 0.128797107687474 -0.0714411154865844 -0.0485072239597301
-0.0570994157779005 0.135510081619275 0.0688560677320747 -0.00152974139467751
0.00640977867798459 0.1264084327023 0.129286130359217 -0.075264385778965
0.0553986409726451 0.105191828592631 0.0843492309435669 -0.138309939798791
0.0851908892126072 0.0653358152424482 0.0143053607783782 -0.14026565179525
0.0947334858834291 0.0254191483212154 -0.0226699467200329 -0.101370631998069
0.0901452626897649 -0.0111415946722988 -0.0401784209359188 -0.0578951865936482
0.0790382883479748 -0.017014591798361 -0.0499846217411039 -0.0200145925182699
0.0811491416247173 -0.0299379664102349 -0.04545458640728 0.0268187522351566
0.107669165981382 -0.0120973229114542 -0.0503081214789217 0.0689270994301231
0.108741191713711 0.0299203496437568 -0.0745091942645895 0.0931196712728235
0.108843152578398 0.0751614404798755 -0.117407407610417 0.0740225976569993
0.0678635242423983 0.118536938712691 -0.126483991250225 0.0319465383264984
-0.00999384739838038 0.156295807093577 -0.0514507611547428 -0.00871514925709977
-0.0745426228398474 0.17159472851343 0.0304132436798796 0.0353179844060308
-0.0997422832444003 0.123425471771823 -0.022059716562796 -0.0943208389540336
-0.0813316623756219 0.145791336567259 0.0970599841440311 -0.033159604794817
-0.00599429503084812 0.156601509089511 0.13940593477667 -0.0837110777248573
0.0656645874568814 0.135972846641031 0.0901788914434983 -0.127963717879237
0.101219843557684 0.0801417379491166 0.0397093081242922 -0.118473283576417
0.108825519487902 0.0333377967496697 0.0150447107850949 -0.0904199757216414
0.100673399539251 -0.00598992673234212 -0.000568566903369599 -0.058914712749475
0.0854256007388907 -0.0122405787341709 -0.012629181833763 -0.0279170151457337
0.0866724582296546 -0.0211961913135168 -0.00939293778829994 0.0178663099594218
0.109880970928398 0.000733565450799928 -0.0146764703170027 0.0644156301527217
0.110311501591193 0.0435119770217188 -0.0439412720144075 0.0974049353489178
0.106958208434086 0.0942728290746186 -0.103433733896939 0.0801162672050328
0.0528322186507759 0.135877362630834 -0.12541262477949 0.0254353899159672
-0.0370066714572139 0.157540478439575 -0.0456675151235221 -0.0360317118833296
-0.0927299456454786 0.158149079631142 0.0629703628043084 -0.011413745873787
-0.0948996241449962 0.0970844033519045 0.0251758326213712 -0.137805510228774
-0.0904143405204269 0.126680315826523 0.113842495852555 -0.0695195870380043
-0.0191380296176527 0.152966632178088 0.136936453332547 -0.0879624431885761
0.0595597384873911 0.139332440884729 0.092289504458921 -0.107302693559244
0.0961787162730676 0.0805158208269609 0.0678828212563359 -0.0909299238469468
0.102195891293955 0.0355187615067302 0.0552021389211512 -0.0787154947009828
0.0947869216621363 -5.83486217132695E-05 0.0402349736596367 -0.05891082154599
0.0789345006013961 -0.00536289615612311 0.0247323206120567 -0.0320342182449355
0.0801754151154968 -0.00883826950088575 0.0268239406045623 0.0149878396689508
0.0965489158061104 0.0174523729694605 0.0183350290571963 0.06489631272078
0.0925308516688537 0.0577365334412291 -0.0163137858449242 0.102576099761357
0.0809560891343516 0.107534036331077 -0.0873636778805042 0.0829882960038034
0.0183176357795168 0.135439397527408 -0.11517886015037 0.0178269204704566
-0.0686775790003326 0.133954137492344 -0.0324489259211855 -0.0531417582969
-0.102658070346387 0.117918566551004 0.0940606094700179 -0.043839308369879
-0.074903533703156 0.0527116743945647 0.0611314587878108 -0.16990390648087
-0.0852721343224553 0.0855424962145952 0.113770191143445 -0.0986650371785603
-0.0296472863959409 0.120533144108083 0.124108416100497 -0.0839355927598446
0.042420981524901 0.115328434896637 0.0931503142061692 -0.081275110381021
0.0707863121993665 0.0659185813582748 0.0937462613527448 -0.0662605946856662
0.0756310418799632 0.0334927824825596 0.089500992667132 -0.0701205180917705
0.0727611612867241 0.00703083583316475 0.0744185320864287 -0.0582017115017569
0.0606719357884221 0.00215029490675766 0.0573254162862303 -0.0316017077462243
0.0632861476448127 0.00382339391561156 0.0591205513894421 0.0189609717725044
0.0708793319041629 0.0293533828778719 0.0454503624292617 0.0735110282614797
0.063528412780505 0.0621732771935354 0.00230878447692419 0.11192609341885
0.0438138765279098 0.10466315259434 -0.0723341048108748 0.0867854603131329
-0.0210010130064915 0.115342506188863 -0.0968842579714145 0.0156075270801473
-0.090998559306639 0.089178640931785 -0.0132702157387423 -0.0536770260800924
-0.0972252754690165 0.0615186230442914 0.120797959920542 -0.0568730255143552
-0.0462213705022114 -0.00426410320487721 0.0797944977084689 -0.182738201038083
-0.0697360650104907 0.0304298424136893 0.100109351289079 -0.110845949812389
-0.034045801455206 0.068938751999514 0.11117196140034 -0.0693242092734252
0.0178772504203664 0.0718606522704485 0.0985486638028262 -0.0588296452057374
0.0324722377959429 0.0414301404152529 0.113023489365753 -0.0527026545820234
0.0362136663314854 0.0276215601176678 0.109960370536269 -0.0678927116499244
0.0393262612928814 0.0144701237276799 0.0950991979790407 -0.0567123798581842
0.0329435765965747 0.0087643447783492 0.0802218979957081 -0.0266564676141513
0.036121522915105 0.0123612904634196 0.080746580645298 0.0285700559164004
0.0375396547550422 0.0292828087418587 0.0611170079983331 0.0873784019088611
0.0330848883232344 0.0501224455309589 0.0121464606800029 0.125051796912979
0.0126184096527157 0.0811666091126397 -0.0621750124681167 0.0961579174465179
-0.0452936718344397 0.0777957185771981 -0.0792236890761022 0.0236160711212236
-0.0900155429547476 0.0361569575250225 0.00164589140453096 -0.0382181416910994
-0.0715721657810814 0.000310202626438169 0.135547653448979 -0.0503966154105677
0.0478616687654774 0.0323815665106125 -0.104853634708726 0.117445925993539
0.0606624432769652 -0.018136441742655 0.0227307994538721 0.0524435278395705
0.0215143115348291 -0.0584812571045993 0.0699097909591005 -0.0652482368772279
-0.0218811605644375 -0.0410398917042498 0.0253954655616834 -0.141248759589091
-0.0193194646440106 -0.0197340643131192 -0.0761088012771706 -0.140251039686025
-0.0128787753401659 -0.0167841465410892 -0.117288818099643 -0.0747589119237147
-0.0117184852691201 -0.0166476660063601 -0.109821821180935 0.000794674725348086
-0.00487690800169005 -0.0148474838379012 -0.0941880440132213 0.0587662014926709
-0.00680702138565451 -0.0234237251349898 -0.0766521671749945 0.0990026059114617
0.00164720970607857 -0.0290762850950337 -0.0781501099045603 0.119314879498216
0.00477220523233651 -0.0217574866389293 -0.0887302341222568 0.113472297796297
0.00572977944995102 -0.0345653159424988 -0.0955118633288153 0.101602059377194
0.0355236494402881 -0.0349302837258215 -0.0832914687810467 0.100818897589207
0.0582000673802861 0.0116776326891369 -0.0549188941364118 0.107367030570801
0.041895507827705 0.0506386958961308 -0.00176423608233561 0.179970583027833
0.0232249360587247 0.0877811307571757 -0.114501936764228 0.0910921899964826
0.0448688920159591 0.0429987937846293 0.0262562323270839 0.0303373079748254
0.0341632874265666 -0.00370920330115429 0.0668142679173506 -0.0848137670238035
0.0114767471164754 -0.00456788234334288 0.0164064640944841 -0.15029840612399
0.0208677075119288 -0.00212598497482121 -0.0753941342902662 -0.142844593647276
0.0265204749670571 -0.0163768746221456 -0.111067278871949 -0.0797023706144808
0.0220554826449026 -0.0305508660428655 -0.107025030791923 -0.0096907646629285
0.0247131526546922 -0.0310596461644356 -0.0923759712827174 0.0467791361861667
0.0232457514791007 -0.043590264640555 -0.0705030648889498 0.0894510265037002
0.044277942265735 -0.0428478986265938 -0.066240509331672 0.117064578424311
0.0537292292743304 -0.016972353931468 -0.0811924214610651 0.122616452537211
0.0558445734681021 -0.0049916393411565 -0.0990158852909388 0.109740935403874
0.0646906712954812 0.0155942238579119 -0.091783643097483 0.0917995295259382
0.0602334292329525 0.0732200658184309 -0.0471073171285773 0.0769157100053543
0.0333216928672546 0.121242845030557 0.0116865617538168 0.136179144392606
-0.00488146767751651 0.131831353548161 -0.106608035704098 0.0470401499236781
0.0219857054326134 0.101646643816244 0.0453504600598278 0.00374885650989916
0.0446751448207921 0.0581479834584338 0.0787761588824335 -0.106815423295053
0.0507390158935519 0.0370392275290812 0.0165956361954265 -0.161632657005268
0.0639716024916014 0.0148602508690449 -0.0666110490458868 -0.143343585310113
0.0660466574289827 -0.0149743743559842 -0.0939923600733846 -0.0838671312117588
0.0541995074114175 -0.0415475514999095 -0.0897976631938939 -0.02298003439475
0.0510572039501623 -0.0426252279072979 -0.0782881182489579 0.02727203721635
0.0472809083462099 -0.0573965625069399 -0.0530898356452809 0.0710132011983597
0.0766444919135456 -0.0543036270704089 -0.0422315399428159 0.107764970026102
0.0926626733186461 -0.0183144830311289 -0.0580507386951724 0.128810523035192
0.100908793764027 0.0117828666471814 -0.092330613566651 0.123257997620074
0.0947878503989779 0.0547396052279945 -0.10126086676898 0.0904616796042589
0.0631350587792907 0.120920763976092 -0.050983061198561 0.0451362636256753
0.0236454616571539 0.172424056188763 0.0229731003990479 0.0776418076759584
-0.0297960277074122 0.156334573939068 -0.0854413373068824 -0.00881329819769106
0.000537075893958858 0.14778236813518 0.0683647893481797 -0.0295624637775956
0.0535357127732474 0.113062387930957 0.0950340542693566 -0.125662525359589
0.0898605670124684 0.0735241532928611 0.0244096852917941 -0.165507353334812
0.102374388307004 0.0267112566721065 -0.0452024457992407 -0.139659196542384
0.0980233519635316 -0.0151491967003024 -0.063728592990811 -0.0878149702727993
0.0788376971571023 -0.0476119966544017 -0.0604503555760751 -0.0392143802462643
0.0692698476019538 -0.0480894686157808 -0.0541992150276627 0.0044516485341639
0.0643659316837246 -0.0615133634123265 -0.0284449321084763 0.0478304128968001
0.0968799453298234 -0.0561437025766806 -0.0130688880604098 0.0903370257794529
0.11701402413569 -0.0169185678895847 -0.0278290114626296 0.126781112861329
0.131506927346658 0.0242425264227314 -0.0790807908448769 0.132609880626994
0.112305036491176 0.0834938274328249 -0.108196816827131 0.0906111910647148
0.056514007284255 0.151885317150762 -0.0620020590812431 0.0136816493427332
0.00808327691436748 0.197744224636181 0.0325548840133034 0.013718235345357
-0.0462097687068324 0.156520099868327 -0.0583899944551785 -0.0726704021613433
-0.0186889631742675 0.166549499522249 0.0819729489885967 -0.0703594434242387
0.0535225660001329 0.146521744309039 0.102208130812826 -0.137355977594354
0.112756885332253 0.0969654318120253 0.0367051141333313 -0.158205948279062
0.123687637667119 0.0332342983963895 -0.0111943153282653 -0.130691627878781
0.113863695415655 -0.0136995815072012 -0.0242473325025169 -0.0938411919489217
0.0911476500890413 -0.0474150929756765 -0.023377995198102 -0.0571590861184807
0.0773822949580672 -0.0458953948623538 -0.0234344109254733 -0.0191529599730416
0.0733740888804468 -0.0554928768635107 0.00109264063114788 0.0239481638025392
0.104962644042606 -0.045138307750658 0.0175111807814266 0.0710905426077924
0.124045407552001 -0.00440718528547229 0.00253905098997369 0.117860856376587
0.138408446984244 0.0434296329638128 -0.0637870877348017 0.132648016237746
0.1050240576819 0.106755216323547 -0.110646353467238 0.0840947612308758
0.0321450696958717 0.164480905831115 -0.0683652408901426 -0.015544320642738
-0.0166700233806317 0.192620865930707 0.0452229540062622 -0.0446270574662244
-0.0534269212674003 0.130320790977855 -0.0324734186264784 -0.134229870572346
-0.0359452236927778 0.153914408416022 0.0811655443437538 -0.110567830542367
0.0400026055573845 0.149648709431533 0.0975276928896564 -0.138948530948627
0.109182470189637 0.102001449533899 0.0472158061422995 -0.139513786857269
0.119830234997785 0.0355678212302475 0.0269160075357629 -0.117920838484427
0.109225161854094 -0.00888927450813323 0.0182371623704739 -0.100611569150117
0.0879558335087465 -0.0390724647389629 0.014565859930781 -0.0748524986810338
0.0731464457882405 -0.0364750349368582 0.00924822213777566 -0.0393430080508563
0.072736534869337 -0.0410526041407894 0.033552927085009 0.00459286861752706
0.0989163068114713 -0.0236156750871254 0.0487840446382284 0.056882419998094
0.113062101714331 0.0159083446769669 0.0287907536142737 0.110347391820302
0.120664387232112 0.0658319006713679 -0.0496349274795424 0.126974873088126
0.0723316269596287 0.121137018187365 -0.104920680550634 0.071684656802622
-0.00711528608067324 0.155898683652166 -0.0616109433139975 -0.0387875084364993
-0.0438977002887127 0.158479790826102 0.0631398090025094 -0.0886845022988525
-0.0531565570827773 0.080284754200215 -0.0132735752778884 -0.180731391035264
-0.0477495559457018 0.114076112292331 0.0677996166323891 -0.138697518964568
0.0183812821357808 0.123994415469609 0.0866130667151258 -0.129143349966948
0.084474788745443 0.0877923275942237 0.0584237179162865 -0.115488770687968
0.0909892727357912 0.0318832743379185 0.0607838314956825 -0.105568558337312
0.0838413711906181 -0.00112758203189797 0.0531723621444632 -0.106981765689994
0.0708452208599979 -0.0241617646352613 0.0460860988526275 -0.0886225613381346
0.0583540705522075 -0.0220915732717759 0.0397097094222387 -0.0536312219568514
0.0609294450544486 -0.0219671341246258 0.0642401247232699 -0.00503018493908448
0.0795585996834142 -0.00162110322214771 0.0763386001378021 0.0524878385322462
0.0871419908939623 0.0326205383679617 0.0494805111466605 0.109607497611017
0.0853397291027391 0.0790509141227106 -0.0357707071671815 0.121862940967587
0.0271368210048941 0.118723807847539 -0.0884753120387448 0.059434213259005
-0.0476018659171164 0.124174476983972 -0.0408865315069477 -0.0483099403796332
-0.0643812800202657 0.101416107464668 0.086313031482614 -0.111081787683913
-0.0491697999361315 0.015723430876033 -0.00235281258050081 -0.203549439747138
-0.0552067468614325 0.0575016598136673 0.0484768206594021 -0.144944647526401
-0.00585324995237784 0.0781248717549212 0.0782645131290564 -0.111102554694557
0.0451838475417853 0.0576263438844787 0.0706967239561433 -0.0973354770546901
0.0456139806223278 0.0241894322274338 0.0838568996161893 -0.101033044094561
0.04444477738915 0.00994556738576432 0.072797876024276 -0.112563790726156
0.042705084219422 -0.00339314991928172 0.0654709309869321 -0.0959889812449885
0.0348374772848373 -0.00465081781960799 0.0624766165175511 -0.0592797489771862
0.0394638765186003 -0.00293975385491402 0.0886554923843589 -0.00656031113794382
0.0485673755349141 0.0125436447255409 0.0963047388070127 0.0569465552635011
0.0532474397200769 0.033581110766874 0.0646891702892056 0.115350183224689
0.0467782047369265 0.0711709248800843 -0.0213219033943871 0.122869343828568
-0.0115867152631332 0.0943246226343971 -0.0671502273507279 0.0575925660359899
-0.0697029418492813 0.0736104545819396 -0.0178428796413565 -0.0405931253592334
-0.0681414851119247 0.0314774393648008 0.107282161004925 -0.109027589066862
0.0509328833593798 0.0322779604114142 -0.106921786536727 0.125779995227296
0.0637357544572256 -0.0215986459782719 0.0259479628496896 0.0535008523532054
0.0203806558119474 -0.061940909066511 0.0719559761547122 -0.0720216700647596
-0.0245984510206193 -0.0420308045885456 0.0235172558369072 -0.151007718140832
-0.0205992960759205 -0.0200382016416071 -0.082563028174165 -0.145872253974799
-0.0140273167472083 -0.0168310220239769 -0.125401933697321 -0.076710785984469
-0.0124041618274305 -0.0167429683878617 -0.115034419015734 0.00130206458866837
-0.00510467063640118 -0.0158897022409167 -0.0965008313823023 0.0630570819608184
-0.00730482871546305 -0.0245693343587454 -0.0768498086470117 0.106218986966724
0.0013489080909341 -0.0304465225048824 -0.0784913119238451 0.127560799902708
0.00426791788546469 -0.0227402691382147 -0.0902140421516639 0.122220649174336
0.00390797493795735 -0.036023088758857 -0.0982540471427518 0.11041986974142
0.0355161449251468 -0.0381540578774624 -0.0862154598664488 0.10797151341916
0.0621569495896698 0.010143817496209 -0.0577936299783114 0.112875701196429
0.0452285301040781 0.0515333104708555 0.00088908365413418 0.188018068662431
0.0263586212860425 0.0904659925379409 -0.117271600621754 0.0975121857543518
0.0483109853559683 0.0426090069113594 0.0284700890638626 0.0304000320932483
0.0350206204709022 -0.00569069719207756 0.0680341078306369 -0.0923076300631904
0.010620220216202 -0.00498768300489195 0.0144971633389431 -0.159851649475016
0.0209472545293084 -0.0024914743334357 -0.0821044438616168 -0.148732724255
0.0274706559899163 -0.0169767545870854 -0.119163270937251 -0.0826412430581386
0.0217610348387973 -0.0322411005539257 -0.112050478165121 -0.00896000970778266
0.0256563919596349 -0.0327774631562571 -0.0948575530317512 0.0506846168587253
0.0235349883881347 -0.0453924705969456 -0.0703388261445947 0.0962745600777784
0.0454247299479587 -0.045540675869052 -0.0654224760562903 0.125384203851332
0.0554362620312119 -0.0182774104239126 -0.0816715650044872 0.132302075028958
0.0570208147153492 -0.00569316990599241 -0.101536061297556 0.119158433126858
0.0663150729433186 0.0142933617429018 -0.0949319992764242 0.0991489272129915
0.0646381887633881 0.0744588811293162 -0.0506632024333051 0.0811186330448152
0.0373004603206787 0.124756687076375 0.0134932292371005 0.142585384963207
-0.00245816431312116 0.137006731969514 -0.110123649856308 0.0524033966456368
0.0258819635032375 0.104900639576314 0.0482369564722742 0.00279921924261935
0.0472620742064949 0.0582254729254011 0.0805347002751301 -0.115786263879054
0.052468195509832 0.0369422745399357 0.0139186541531957 -0.17117204867391
0.0658885958269246 0.0138404452900984 -0.073064938106439 -0.148637918071001
0.0682806034082922 -0.0170783202658027 -0.100806535804885 -0.0868351268984233
0.0553440999991855 -0.0438662558327843 -0.0948716850148205 -0.0231059239440356
0.0526983739178294 -0.0453308362568089 -0.0806686238342294 0.0307234480330592
0.0483177047793701 -0.0604991099469775 -0.0527327722357121 0.0771191846794508
0.0788503558786233 -0.0580587896519301 -0.0406296514182892 0.114459707886548
0.0964381404518503 -0.0202472483712414 -0.0565048154418558 0.138822342127495
0.104862732394783 0.0105109150667886 -0.0936601223102833 0.133603452988426
0.0987398318588385 0.0545698651218989 -0.104753403081076 0.0989819457999287
0.0678003828226292 0.124310056306815 -0.0557045750894634 0.0483098452701822
0.0278171681892723 0.178396971297069 0.0235430639535543 0.080661622436817
-0.0277600915462997 0.163295213143437 -0.0891674364872803 -0.00673831628933659
0.00352164853783277 0.15326803034259 0.072228374450686 -0.0329613686652422
0.0580649041852793 0.11576699122631 0.0973970753878989 -0.135808846956598
0.094064197311358 0.0744991792651884 0.02271171310703 -0.175334721377236
0.106487072578836 0.0255087595017919 -0.0512393601774856 -0.145578876863293
0.101166276291996 -0.0172619833237237 -0.0696938744488872 -0.0917420108591365
0.0811287527723788 -0.0508621851857507 -0.0648570834744473 -0.0403207385912067
0.0719854438570414 -0.0510632041537971 -0.0560979046096638 0.00609283078609773
0.0656535826543192 -0.0647640386816828 -0.0270402862849172 0.0524144263288954
0.100145645627413 -0.0605238735053481 -0.0103619952920949 0.0962060121082108
0.121468695237033 -0.0193549989863024 -0.0244897474014401 0.136007601717344
0.136952346515472 0.0226834141743582 -0.0789828004365958 0.143298163867881
0.117452712882435 0.084435048150083 -0.111854979162942 0.0997836458341131
0.0621276600674536 0.157522315900517 -0.0666640832143949 0.0161434645469123
0.0121612973363939 0.204422248313536 0.0325022892962094 0.013468923721062
-0.0446549813594484 0.164000287996292 -0.062437206599521 -0.0737649245714887
-0.0165275281044538 0.173961198394906 0.0856788492645886 -0.0759297372693623
0.058674405968453 0.150890613010648 0.105156371377131 -0.147768680537083
0.118593737269939 0.0982475992640029 0.0351465912979329 -0.167555197062777
0.129253149397161 0.0324649336717675 -0.0157953654921346 -0.137424931873765
0.118212745203194 -0.0166963078470166 -0.0283093037898487 -0.0992336615541084
0.0941338006340277 -0.0509312762115369 -0.0267449933066822 -0.0599404715806571
0.0798645482947339 -0.0492460969838703 -0.0244876587143198 -0.0191128862218473
0.0748854903171201 -0.0586816444025272 0.00309672931349485 0.0270000188863403
0.108240909186015 -0.0491495876027531 0.0218436859638082 0.0753554972855181
0.129148586309922 -0.0071802956722315 0.00703549897678561 0.126075769190491
0.145330234104531 0.0420444963227132 -0.0633273925327666 0.143406533091674
0.110597778764106 0.109006417283791 -0.113501176912379 0.0934904444513967
0.0363216528519595 0.171534466140018 -0.0735142774898624 -0.0138644378931649
-0.0140039348652611 0.20006611310948 0.0443154384190254 -0.0477530783797874
-0.0530601648178206 0.136552092004077 -0.0366584555751697 -0.138733262932417
-0.0346552388706563 0.160824577743773 0.0840228816420762 -0.117945784760516
0.0448823599622004 0.154861935846858 0.100058966274943 -0.149333368093287
0.116467204199093 0.103745426099289 0.0473206599709318 -0.147552845591245
0.12540422676182 0.0345135503211262 0.0246612264861373 -0.124975763386177
0.113723089253152 -0.0117665964379249 0.0157655196914497 -0.106339356135261
0.0913392830351038 -0.0427584424629903 0.0125130460833164 -0.0791374357354179
0.0759105531549404 -0.0392208171045434 0.0088827199240467 -0.0403451805388309
0.0747129402130216 -0.0437371319058076 0.0363880566394063 0.00676955359575999
0.102813813251702 -0.0267205493598702 0.0533920876893861 0.05974802582199
0.117968235260347 0.0142654928696006 0.0343329759124246 0.117738429857601
0.127093722236007 0.0656010937992214 -0.0483320260309062 0.137143838409551
0.0774107774518823 0.125312983935385 -0.107328037013663 0.080654172807796
-0.00525683624439501 0.163651138343475 -0.0669429066256547 -0.0382521416417598
-0.0434932267254517 0.165082484542329 0.0626688872266502 -0.0941406231195749
-0.0540107247292366 0.0849758092949882 -0.0170940486354115 -0.188230948142284
-0.0478245210341201 0.1206420682465 0.0696959310292665 -0.146871145513685
0.0214197260643847 0.12914561264614 0.0885921141480058 -0.137632623699684
0.090113248488081 0.088999077293174 0.0590728010473592 -0.122974214489614
0.0959013818057795 0.0314493447832411 0.0611214344695481 -0.113573380589923
0.0874083541323751 -0.00301641894482954 0.0520199693314312 -0.113759832514289
0.0731616826134899 -0.0262226786702029 0.045086157509479 -0.0941396367527653
0.0605102915785197 -0.0238333116905279 0.0398504554851244 -0.0556651309669759
0.0629581744462941 -0.0236791464407961 0.0678909948144611 -0.00511041670549487
0.0833424640419366 -0.00313335414806198 0.0819424250321613 0.0542789935857851
0.0910145345219465 0.0318405764161395 0.0555047949340028 0.116331562130635
0.0908899112835195 0.0801468713838475 -0.0340145780359467 0.13145072702135
0.0309146304601619 0.123968694127816 -0.0910998380097044 0.0674988807580803
-0.0481382900471304 0.131279635451834 -0.0450347929234108 -0.0491561888131831
-0.0663371692030116 0.106359173697645 0.0870982193461634 -0.118393679501828
-0.0511863236032032 0.0173047921132148 -0.00634210841224922 -0.21230768042541
-0.0561752243722572 0.0621156912430083 0.0497468637495079 -0.152052415935879
-0.00413552838511868 0.0821248519879571 0.0812242698862221 -0.118599153281072
0.0490926861008727 0.058357685874255 0.0726110147274394 -0.104367966916228
0.048779577234896 0.0239548122372452 0.0851277371503148 -0.109153431223075
0.0471381192664809 0.00915836491742512 0.0722341167596919 -0.120459726005264
0.0447709440178504 -0.00456313062074105 0.065270074613097 -0.102407955911946
0.0360504153466245 -0.00476149928374858 0.0634612554263736 -0.0622459826567583
0.0406651325885058 -0.003758420793429 0.0930311546420474 -0.0075641065728387
0.0514562389117414 0.0120517211437387 0.102461703639164 0.0588380300823548
0.0557922531015486 0.0331939973657967 0.0707352951977984 0.122539353408696
0.0511627165484568 0.0727843590936655 -0.0195313353020264 0.131795871358971
-0.00985051590207439 0.0992474867780568 -0.0694599749540932 0.0645045926154375
-0.0716667592697566 0.0789961085512269 -0.0202266583128617 -0.0413406689684536
-0.0714909824802737 0.0339423216388716 0.109017350001182 -0.116610795463231
0.0540427810503319 0.029741835037561 -0.10321326242038 0.135209930128122
0.0654295050918092 -0.0266623101242804 0.029987931714948 0.0534585057236809
0.01697924014783 -0.0654851264192176 0.0708869824590887 -0.079828840518072
-0.0286473642631998 -0.0415067572315455 0.0168483469934071 -0.159640901018929
-0.0229125403093001 -0.0192373887881291 -0.0932320349454712 -0.147360570223233
-0.0149093597608771 -0.0162129729094251 -0.134247681519543 -0.0738985969589873
-0.0142502899692377 -0.0167653397072535 -0.118626634954475 0.00525938619198472
-0.00600075757955207 -0.0165231535657472 -0.0958006183507467 0.0696354277711368
-0.00903939285148153 -0.0249457609660461 -0.0718195040799524 0.114033955749395
-0.00081541959461312 -0.0314158259640687 -0.0734414416107945 0.136433180187694
0.00294670155098617 -0.0228788605805136 -0.0867282994326127 0.131972989575117
0.00111943640618202 -0.036908539391189 -0.0958928940672264 0.120386683638859
0.0333192990279243 -0.0418762694613672 -0.0845678995845553 0.115774263313156
0.0652830003727867 0.00637701388981396 -0.057470168266835 0.118765123675051
0.0494028124106744 0.0499635329461619 0.00911583566717818 0.194439188565315
0.0317578713859854 0.0914096646322631 -0.11580086898068 0.107087829737686
0.0525737658752838 0.0398979442894534 0.0314426660477308 0.0293498626845623
0.0351966000393986 -0.00873196089851865 0.0663197097916714 -0.100539434572637
0.00918365046186057 -0.00526772215540217 0.00727526892467897 -0.167479705353482
0.0206917209592255 -0.00368562215521696 -0.0926456507518396 -0.149584699775832
0.0270044631761322 -0.0186399121130124 -0.12749996024389 -0.0804311322107829
0.0208054623879748 -0.0337151905478364 -0.116014746038626 -0.00477275529260222
0.0251221739488358 -0.034963852017084 -0.0945485685005353 0.057077453937106
0.0219494953931939 -0.0472128915905859 -0.0658049196265311 0.103414138408778
0.0444871851833836 -0.0489939932904605 -0.0599205328006625 0.133898668503678
0.0561725212948077 -0.0210175975087189 -0.076020201187446 0.142310012321784
0.0572904071773832 -0.00798761483790412 -0.0985662954950993 0.130140248639596
0.0673929675012635 0.0113825768147029 -0.0932770340420777 0.107854473375242
0.0705429865556048 0.0723396542486932 -0.051046762508665 0.0862049997103186
0.0444880723711277 0.125617486893951 0.0192836486553815 0.146746469259902
0.00451889182109699 0.139801206390767 -0.110019560545131 0.0603825396715056
0.032077447923269 0.105729996279226 0.051116657261148 -0.000455899210567048
0.0507209586075507 0.0564983814316314 0.0778987921885441 -0.125554922254909
0.0541979858255794 0.0353698038856247 0.00661204072577961 -0.178782438419264
0.0674353561026677 0.0108042367905379 -0.0835786551830338 -0.150522783133692
0.0689944529245836 -0.0204137129618215 -0.109001659208227 -0.0859426573500162
0.0546416387526427 -0.0475821117617539 -0.0989341932293338 -0.0198045951512938
0.0528256591643524 -0.0493032097145915 -0.0811889161379086 0.036034641035731
0.0469624463379344 -0.0634354697861335 -0.048315768259027 0.0830190985094533
0.0786461500918547 -0.06370472177701 -0.034365008166186 0.121767554470209
0.0984304040107879 -0.0250583677017278 -0.0495232496860402 0.148275971282353
0.108022136553543 0.0064546936481155 -0.0895638947104349 0.145116646798625
0.102550485519524 0.0512709885130187 -0.103196241722111 0.109570919428356
0.0762151660401093 0.124439547702629 -0.0575249063708007 0.0528621483441423
0.0374142799190652 0.180823066154469 0.0266973116484666 0.0820922290687421
-0.0205591534529912 0.168495333974195 -0.0915344833038867 -0.00130657303191445
0.0113933508020419 0.156435549214492 0.0733929380325325 -0.0378327534189575
0.0644666575310616 0.114602973780212 0.094019266209092 -0.146695328237946
0.0988673883339537 0.0710812411525814 0.0150047248320342 -0.183608286903876
0.109510773566633 0.0208047730851532 -0.0604320768387317 -0.148035593537112
0.103310647584695 -0.0226085219064572 -0.0770693004071778 -0.0923842887102425
0.0802964898684441 -0.0559150627826619 -0.0691038667375206 -0.0386956138645504
0.0716895914707612 -0.0560147072566992 -0.0570635925112558 0.00936478641767558
0.0649472893158376 -0.0694177651101282 -0.0234930372243078 0.0565103622654847
0.100312827542931 -0.0673446116872715 -0.00383184921947685 0.101409676498741
0.124051181883703 -0.0253124469100674 -0.0155848900973457 0.143849181700963
0.141645000996281 0.0170613209871069 -0.0737897432722254 0.154546489100471
0.123188013295186 0.0813437890194471 -0.109873220706294 0.111065741045992
0.0705880428385693 0.15906388335669 -0.0703684124728982 0.0212619274848302
0.0211211827307028 0.208339293213316 0.0320920980281376 0.0127944151648812
-0.0381224266297773 0.170068918191628 -0.0671833888354596 -0.0721442430383398
-0.00880003740524942 0.179321346597566 0.0857508307366347 -0.0828512524249277
0.0671182154844073 0.150801340339804 0.102023203233918 -0.160127718135014
0.125726784399704 0.0946676758732074 0.0284412147015845 -0.175924118255696
0.133912355165072 0.0267062055401972 -0.0242248491280767 -0.141198169269879
0.120903518097201 -0.0224753450499109 -0.035442690851144 -0.101623682156476
0.0939922901417586 -0.0569230476013736 -0.0309399615440867 -0.0608652333709016
0.0802807649345129 -0.053916880231384 -0.0260111239256524 -0.017788549708426
0.0743060884969476 -0.0628537705221434 0.00706960505780022 0.0290078206269302
0.109161333140616 -0.055736531447062 0.0280321845748166 0.0786904675038565
0.132238545262159 -0.0133322504411243 0.0162258305080903 0.133249688922202
0.150765612084047 0.035667362149647 -0.0568784430842533 0.153976682893589
0.117772414639671 0.106948575065603 -0.111213920251176 0.105447906698067
0.0450924173988959 0.175204248354722 -0.0787963737665356 -0.00904136645302952
-0.00541160897773659 0.204995990884443 0.0411971791966339 -0.051368731922377
-0.0480948915382818 0.143353943367724 -0.0439804033507399 -0.14031014340456
-0.0284618948225325 0.168387165455714 0.0833543715209123 -0.126525542439807
0.0524245282719175 0.156468853408331 0.0966928864354052 -0.160634719314599
0.124161967729879 0.100581864399718 0.0419590584386931 -0.155591649507893
0.130450001937679 0.0296075210534886 0.0179720753974652 -0.130586543419526
0.116176450444854 -0.0171011357733796 0.00943834528250101 -0.111795783672368
0.0914941360650283 -0.0483411963991055 0.00817407996320728 -0.0825977723601506
0.0765816673593665 -0.0434605137308411 0.00743576917130332 -0.041015908186647
0.0743108253005159 -0.0477585778325528 0.0395810607364224 0.00679500746947881
0.104675561001876 -0.0328048510671333 0.05959804363421 0.0605698426256387
0.121805832210437 0.00880534924202602 0.0439060794020758 0.122279775334323
0.133821725401197 0.0611452126399852 -0.0421206761165134 0.146766455154511
0.0851095784721439 0.125226157393684 -0.105711278497201 0.0920404251134858
0.0018082158747256 0.169056707445939 -0.0718154911740991 -0.0345397598189303
-0.0376352170155732 0.170695748691998 0.0584384594334567 -0.0996005390114762
-0.051467362095465 0.0901896340829674 -0.0264379341539942 -0.192772996362655
-0.0440810273543391 0.127667620812838 0.066299671613839 -0.155219480205403
0.0284596356323163 0.131940379297006 0.085803824583948 -0.148351806311552
0.0977273665809394 0.0865926028961021 0.0549733025607149 -0.13037137167196
0.100549997214434 0.027373545141764 0.0562707819761897 -0.120450960597692
0.0905733012317678 -0.00737775326994482 0.0472824731263576 -0.121207687248596
0.0741556322597328 -0.0311955171585785 0.0410152189252211 -0.0999200116080131
0.0615562996737875 -0.0268258170311042 0.0380385466977639 -0.0583832205435977
0.0632762588443536 -0.0270825109979189 0.0711983877640345 -0.00725576904699381
0.0856529683377927 -0.00721381398661349 0.0885204457450545 0.053759792157816
0.0954403538876293 0.0277000251630641 0.0653249343988725 0.119830150982847
0.0978232404606883 0.0772113966439626 -0.0277226182086631 0.140360913284069
0.0372155844364154 0.126262007640056 -0.0904639542363402 0.0771517307324159
-0.043092422464057 0.13833764672036 -0.0500746173820855 -0.047261298989406
-0.0640230019716718 0.111786114342275 0.0823939227608566 -0.125758116994925
-0.051839740475617 0.0204056868892764 -0.0167062245964121 -0.218348031735571
-0.0548718344549049 0.0681100642028498 0.046020983547701 -0.159958080451477
0.000400948629012497 0.0853029614376319 0.0795552173699647 -0.127356491114129
0.0539134488454199 0.0567628575602234 0.0705872672590066 -0.112298023954743
0.0520758655903435 0.0219744575776163 0.081943497213206 -0.118177066006433
0.0490309617315914 0.00701724738301656 0.0676644055689113 -0.128464757711981
0.0452454122273269 -0.00703668160087254 0.0610373686292835 -0.109496483282242
0.0366968679814857 -0.00628000785107601 0.0615702930061666 -0.066348080742459
0.0410715412256563 -0.00529150588093568 0.0962119425582315 -0.0106159300513089
0.0533405902960384 0.00975451227562927 0.109870517024483 0.0569895483820826
0.0587386766979699 0.031039465940236 0.0802728419478178 0.124933496630635
0.0564313208684439 0.0716297598520774 -0.0128078646780259 0.139509522884978
-0.00468075152204323 0.103514551716558 -0.0681064990506941 0.0727754735147693
-0.0704519382723607 0.0855565614309245 -0.0235106194520822 -0.0405068078601443
-0.072893306068894 0.037621238925664 0.105884778162069 -0.125818107591302
0.0557472490618848 0.0261748150665867 -0.0948184933933157 0.141133925134995
0.0638969606160503 -0.0318226585278597 0.0333651248525327 0.0501887541764353
0.0129795263991932 -0.0671463591618311 0.0672997705409508 -0.085764295963651
-0.0321783830209411 -0.0392426478559522 0.00841436903191241 -0.16307555235044
-0.0244047828605396 -0.0177558562504374 -0.101781392905826 -0.143741220254175
-0.0161477096753392 -0.0153331805496883 -0.139679160036717 -0.0679247578609899
-0.0151294082571155 -0.0157557403797715 -0.11927543785411 0.0103046249057677
-0.00671282379852381 -0.0169315289730998 -0.0912459947112319 0.0744553562663179
-0.00997684749555296 -0.0241433383137848 -0.0645314757853634 0.117779753127318
-0.00249587782997803 -0.0315004467740923 -0.0649003926048808 0.141516623287947
0.00145059584685213 -0.0222958750138309 -0.0790450190431826 0.138052734648356
-0.00255657955366779 -0.036380524627909 -0.089010752708915 0.127028203634599
0.0295398275126984 -0.0439333279473338 -0.0793471907548706 0.120662878848556
0.0661228412019219 0.00175449546927288 -0.0535914460826884 0.121850956503663
0.0517355326730037 0.0464707933452547 0.0184248732309284 0.194269510361363
0.0365634739558062 0.0883574775363639 -0.108844825671126 0.113542061641234
0.05469762033592 0.0355571297017159 0.0334839295932396 0.0265909575187178
0.0338239656157324 -0.0117829361062793 0.0613408147492911 -0.106335789497219
0.0073600956303468 -0.005320483011112 -0.00209988695987359 -0.169989256535957
0.0196620686620929 -0.00443344715461192 -0.100910815797472 -0.145001910537807
0.0257924251943088 -0.0197048640137373 -0.133539499551035 -0.0744009131722081
0.0189814311117724 -0.0345598703786736 -0.116793982868659 3.36977403641686E-06
0.0234267037741119 -0.0368012822527395 -0.0909632930926596 0.061959978154413
0.0192288972757714 -0.0484284228630684 -0.0579972884670793 0.107276573807058
0.0415235299588763 -0.0515740827635789 -0.0512081278986145 0.138103528982345
0.0552846268892005 -0.023013796789648 -0.0672565346978458 0.148635422509772
0.0560383115419072 -0.0102501976499161 -0.0913698112986372 0.137185769170755
0.0666190105822827 0.00710851317673584 -0.0890195042251938 0.113823490157371
0.0743994018991814 0.0679742959474859 -0.0491445554777299 0.0894476843487276
0.0504533860639124 0.121583316748177 0.0258705685343516 0.146279330632385
0.0120390889720694 0.138455940652239 -0.105938812179727 0.0671528393340239
0.0377075234015943 0.102203288799347 0.0514101029127453 -0.003946531014061
0.0532135110482206 0.0515946220851097 0.0717182791221513 -0.131624929163787
0.0542358933500757 0.0322906544551742 -0.0032369121854678 -0.180944471734664
0.0667969785067383 0.00728841972390775 -0.0917044727966083 -0.146182975026463
0.0677222155576799 -0.0240581045945048 -0.114432466085386 -0.0810172720639255
0.0519022956329296 -0.0495716872185993 -0.10011144744335 -0.0154655788097881
0.0503463905354717 -0.0518971502808801 -0.0789246783242387 0.0402994957679271
0.0435636326007037 -0.0654951200250022 -0.0416512910803732 0.0863460406932592
0.0752446486664794 -0.0682338254506213 -0.025963547659302 0.124902778454578
0.0972522812579202 -0.0297262428648193 -0.0391054081255769 0.152686599167138
0.10731468012828 0.00131743502873333 -0.0809375118097041 0.15202849771853
0.103253298637661 0.0461483682681181 -0.0973184350073495 0.116489430439163
0.0823811714814625 0.119963324841987 -0.0571674789685563 0.0568967172324414
0.0453642477158831 0.177418970207902 0.0294522261156321 0.0816561460445001
-0.0112763085702324 0.168862339292353 -0.0912036436086318 0.0044209969543992
0.0196834180945947 0.154591685297323 0.0721013521230169 -0.042419269762441
0.0694200153483869 0.109639249274033 0.0864323790872869 -0.153969797815981
0.100992513573335 0.0654538937498004 0.00529787196506107 -0.18554795680649
0.109450870850547 0.0149455663692446 -0.0688083047364734 -0.1448786645285
0.101352099046803 -0.0277220646707596 -0.0832509858193013 -0.0891459204920265
0.0772643566739697 -0.0596468654526975 -0.0715043984659629 -0.0356283290203086
0.0697116659383085 -0.0596916703104745 -0.0565062274312821 0.0127241960657371
0.061316786857224 -0.0720705120994121 -0.0183528263996468 0.0588847827261341
0.0964607678330846 -0.0727904355117918 0.00377771189689911 0.103270539451141
0.122606952484401 -0.0315368644268681 -0.00508487413282083 0.147138874057228
0.141770717509661 0.00937728526260225 -0.063996549974367 0.161481617727951
0.125966739936362 0.0755165908091711 -0.102740034046676 0.11936264848907
0.0789562034929847 0.15529242838857 -0.0713791724334585 0.0262021914215707
0.0314430615745481 0.205529318757595 0.0306820737063013 0.0115257954565535
-0.0284352769559223 0.1717241295038 -0.0706878872898854 -0.0673196828985863
0.000421958518161126 0.17929030534256 0.0825634875944118 -0.0876199534318406
0.0738011231680699 0.146010012197933 0.093531303154697 -0.167660634694717
0.129481634033291 0.0877906394280723 0.019103417686827 -0.178631342921515
0.134115324837281 0.0192110207611582 -0.0329752517751279 -0.140140814110356
0.119365218293106 -0.0286000374216013 -0.0417397074942649 -0.100563542909882
0.0902330669300443 -0.0615130504606132 -0.0346416557068594 -0.0593099487164652
0.0783145451823378 -0.0581663922342533 -0.0270385170467518 -0.0156983084407083
0.0707753984113891 -0.0664131089294771 0.0106469173166421 0.0296021292439149
0.105784023077902 -0.0617290460447623 0.0346461183678201 0.078323757168163
0.131289249350964 -0.0197139098848496 0.0269594914734155 0.134555770996085
0.152341467480993 0.0271680157594368 -0.0474098145507132 0.160450358356752
0.122015059906572 0.100476465935339 -0.104604428679417 0.114032888817362
0.0535650224374285 0.172561916654476 -0.0807716951022104 -0.00345101649882241
0.00439876284658757 0.203301315385412 0.0365117589423153 -0.0530937438905587
-0.0401543158463082 0.145071808267924 -0.0512338771091094 -0.137130562446198
-0.0198104461724639 0.169515541586891 0.076984105796328 -0.131164270489628
0.0603940355070092 0.152760799749032 0.0882782810540398 -0.16809544166102
0.128644340538943 0.093556340356108 0.033537548861789 -0.159441452652638
0.131454943214169 0.0221482074304612 0.0098739649602651 -0.132343839440278
0.115416599832053 -0.0238912771510163 0.00267478936746784 -0.113166465561276
0.0885634981336307 -0.0532258583814964 0.00273738981653021 -0.0829291473897539
0.075086617877402 -0.0470602460745588 0.00500479693539442 -0.0409429698992997
0.0717186542202853 -0.0506292437914872 0.0418746269096032 0.00575056747127642
0.103017301184222 -0.0385995553695348 0.0650192680767353 0.0584967193425653
0.121752198929618 0.0025088602874471 0.0531719968055108 0.122621155903239
0.13681226161839 0.0528092118919554 -0.0328402233275685 0.152160066123832
0.0912270319532538 0.120435248172622 -0.0995595113736463 0.100410190042671
0.0108367065971966 0.169002633666714 -0.0753982356584675 -0.0293577291261407
-0.0301048718817659 0.171282412158297 0.0509446258203126 -0.102276878890752
-0.046422542587916 0.0925571969609036 -0.0364520922435123 -0.190345744376926
-0.0374470182099608 0.130268559022514 0.0593573579588081 -0.159043079629784
0.0352042066100801 0.13067536326292 0.0785900603678359 -0.154567039764741
0.102273492455694 0.0810857864648452 0.0483283317153233 -0.134728736526563
0.1024003003625 0.0215988923255615 0.0488170191007502 -0.124263232256683
0.0901380915474287 -0.0123844902053543 0.0395147826963117 -0.124142859964272
0.0723824912556967 -0.0349356789352779 0.034404484194554 -0.101998895811833
0.0604267686261733 -0.0294329717376792 0.0345976728916916 -0.0594138169671633
0.061316108198854 -0.0293795116757476 0.0723881201173388 -0.00958153895964742
0.0850613623954664 -0.0121558847982133 0.0926732071438741 0.0504448088859455
0.0958626500741895 0.0224145564274819 0.074571186388438 0.119095632305533
0.101758514099243 0.0710624175053472 -0.0191577265817975 0.144613055868445
0.0442671836846217 0.124758009842507 -0.0851985779211123 0.0849234052639365
-0.0357548280527635 0.14127351917802 -0.0533654995877288 -0.0433572476525181
-0.0594501286346946 0.114160677768796 0.074252120897918 -0.130032336708374
-0.0506279820553017 0.0234220735656866 -0.0275977940793014 -0.216736970818547
-0.0515254130797085 0.0715038696163291 0.0389429127003509 -0.162350089479007
0.00503919553032752 0.0854260788212906 0.073543473215236 -0.133334482398521
0.0577141248046164 0.0528368651105851 0.0651072405185096 -0.116891382712523
0.0538337924504818 0.0185740174958504 0.0746132775967149 -0.124047418878723
0.0497777739037126 0.0036540787949199 0.0595718071788563 -0.133162590856793
0.0448959635073949 -0.00974641286866226 0.0544578139824785 -0.113451576126903
0.0365636716992324 -0.00759586900281897 0.05770098992212 -0.0684230098120298
0.0402704360657172 -0.00719674916644812 0.0968890199638665 -0.0145309309811125
0.0535901627101222 0.00657622419871455 0.11394943475967 0.0528187801126363
0.0600142085965974 0.0270677548509659 0.089082961010514 0.122712900567139
0.0607725721869842 0.0672958479970727 -0.00500040676606602 0.142778506321319
0.00168694653831575 0.104613629796838 -0.0642250029629294 0.0793373774566887
-0.0656166070373147 0.0898260162944822 -0.0269438972801614 -0.0383936643545854
-0.071486035138183 0.0414358478634185 0.0978370767229971 -0.131336022377325
0.0551240771843829 0.0225135530421607 -0.0882480344986074 0.140570894910044
0.0613808397814993 -0.0345633647696721 0.0344193505411758 0.0474661646099112
0.00953685563275164 -0.0663397255882189 0.0631916880211102 -0.0881093901854466
-0.0338613425253788 -0.036357364565364 0.00229011364914944 -0.162401407511054
-0.0252077882149179 -0.0161799004545483 -0.103808462662476 -0.138221416848321
-0.0164297944973252 -0.0146825177463438 -0.14037778547557 -0.0629363306968373
-0.0154343374285826 -0.0144329693073156 -0.116893149024889 0.0128099943173794
-0.00756528164412708 -0.016655119862221 -0.0861997785743052 0.0750835692805459
-0.0108128922041126 -0.0234350245660219 -0.0578117094474324 0.117683038032569
-0.00368261543235721 -0.0304715175094418 -0.057741203010326 0.141344348513771
0.000990233082746677 -0.0213431666418393 -0.0724028107832384 0.139350077489201
-0.00465261737424716 -0.0343672475175565 -0.0827438519680194 0.128699068897763
0.0263047175108946 -0.0442150327859561 -0.0745028066367659 0.121040455738385
0.0654386936915389 -0.000933606306171191 -0.0511357001021797 0.12136617342073
0.0513504566144406 0.0430703622013499 0.0234336817485586 0.189199346108555
0.0386270241190499 0.084185050370953 -0.102242951963421 0.114823949090268
0.0547223510108739 0.0313819180772236 0.0337863095440971 0.0246037947958808
0.0311248509119654 -0.0133957531532291 0.0561012275352817 -0.107316670618416
0.00574553887781386 -0.00486047923671195 -0.0075760314960738 -0.168051254915112
0.0177122806349043 -0.00461708611906047 -0.103631992228239 -0.139334870169665
0.0243332366842938 -0.0200388671935488 -0.133481432287278 -0.0696611125634233
0.0175708387059967 -0.033672823849333 -0.114761197203634 0.00288373712977089
0.0221298143288025 -0.0367811121451142 -0.0861767771865041 0.063572527301814
0.017659599860293 -0.0479426595071769 -0.0520158863168315 0.107086173991721
0.038743733969099 -0.0520108954452202 -0.044547689681642 0.137768770284176
0.0534679787092263 -0.0235091442566056 -0.059708768534807 0.149362066116615
0.0532886745685705 -0.011057661875576 -0.0842653705137172 0.139205004914758
0.0638161656306063 0.00541938294830611 -0.0833196778553268 0.114870336623992
0.0748804177436097 0.0634387029503325 -0.0479019792868321 0.0891101606977786
0.0521199336133281 0.116044060680736 0.0282989253673439 0.142606187383495
0.0160884283273354 0.134150153208787 -0.101013602964926 0.0692776169760987
0.0395926303878127 0.097038786825483 0.0505953772139541 -0.0060522867383983
0.0522659212011144 0.0473039469767866 0.065815527806521 -0.13300253379575
0.0526065723538792 0.0301409084131339 -0.00876075333833878 -0.177983049958402
0.0640239873178761 0.00519693229481291 -0.0947659055687428 -0.140206448711956
0.0649655735593734 -0.0254966653458169 -0.115675633428276 -0.0765636009950242
0.0488047880782848 -0.0496416930093491 -0.0988471964297217 -0.0124507250799342
0.048000859678372 -0.0527292319442556 -0.0753514761917756 0.0422815816304536
0.0406842356040796 -0.0645545015342823 -0.0361535095470636 0.086073658046364
0.0712376621649682 -0.0689438807896152 -0.0197459666104233 0.124101215385989
0.0939804721700823 -0.0312721607154221 -0.0311182471035948 0.152821719259154
0.104411197296809 -0.00152665196103657 -0.0732969857072637 0.15436862501721
0.100921170345683 0.0420711991731797 -0.0910233303657959 0.118278367762625
0.0841335631869539 0.114569120432828 -0.0564744715820242 0.0581989195285351
0.0488350409400494 0.170420840584358 0.0297369589536314 0.0797292809885916
-0.00509003649896077 0.164430068089636 -0.0880784698673634 0.00770495934925312
0.023151644749854 0.148853930118648 0.0703506680821895 -0.0445286320969713
0.0701256374125523 0.1030655701861 0.0796345545360901 -0.15552296608508
0.0990991732402585 0.0609349522510891 -0.00114729451706434 -0.183004057431842
0.105764586436201 0.0111296434996317 -0.072710966721953 -0.139530352513044
0.0977130813982768 -0.0304444555548401 -0.0851120837981274 -0.085445229965921
0.0733273953878662 -0.0602607605299436 -0.0714553104849847 -0.0331913875827105
0.0666478144417796 -0.0602028379195892 -0.0545931221301366 0.0146448167550823
0.058339716953662 -0.0716570931317578 -0.0139344802597764 0.0583731363678738
0.0913395934900495 -0.074199873418326 0.00932754548812278 0.101737897919031
0.119241486577164 -0.03371589419288 0.00268747170082633 0.146030458512086
0.138348321290627 0.00497730493637451 -0.0557244926418766 0.162153033054752
0.12403751673019 0.0701471432480039 -0.0959106954933116 0.121881199320492
0.0806432832915024 0.149045670675653 -0.070862861051654 0.028916858067036
0.0356984803484083 0.198859721378614 0.028877624292152 0.0114570849519109
-0.0226360035023109 0.167662352936722 -0.0702982552824158 -0.062461127749884
0.00505464316072444 0.174477666310635 0.0785369055454909 -0.0894886508229092
0.0753790940978415 0.139342783575841 0.0857012764443223 -0.168411631891215
0.127550970354697 0.0814646804259432 0.0123769045979038 -0.17640369740148
0.130719317582442 0.0147696988960135 -0.0373893364010193 -0.136297512879503
0.115188340860935 -0.0321659529679633 -0.0451771843149173 -0.0979372051505314
0.0860426335018898 -0.0627204535073358 -0.0363177887342648 -0.0574153510088874
0.0750170179522146 -0.0586099972041756 -0.0270083516956196 -0.013784374802588
0.0676699140133559 -0.0658889677177403 0.0132080913169932 0.0294416343125363
0.100988753949136 -0.0633125733763622 0.0384033126856466 0.0762728256054616
0.127637711545305 -0.0233049286157678 0.0334408310817477 0.132572540956842
0.149455582018743 0.021214276722171 -0.0396580043329238 0.160978010558832
0.121622874933344 0.095333687244953 -0.0971154214973448 0.117223275372206
0.0570014294044842 0.167232689914757 -0.080414506733331 0.000774097766152486
0.00850214426045681 0.196831300361898 0.0325311505491163 -0.051493485977384
-0.0347319201467564 0.142561356352592 -0.0537878527158772 -0.131293931373465
-0.0147236906936559 0.166515315187184 0.0721693715675971 -0.131343403281511
0.0628875432073352 0.146891734447684 0.0811373454859966 -0.16876309001062
0.127876781802933 0.0869714384032988 0.0275495136393185 -0.157914243054809
0.128813422896727 0.0173052274203806 0.00422576728401384 -0.129442257510412
0.111529634700009 -0.0272032339359767 -0.00220108857645285 -0.111413818583995
0.0846489986211015 -0.0545470721236197 -0.000664934967778277 -0.0821128601911555
0.071927410615778 -0.0480927614317144 0.0031918337082358 -0.0388388342008254
0.0683685599145222 -0.0508552779190995 0.0430534358816644 0.00521582588631666
0.0986521606101721 -0.040938343291869 0.0671380460478318 0.0563027408591771
0.118965998695402 -0.000982728402994694 0.0594790175056179 0.120243725921865
0.134898585122016 0.0465054478066231 -0.0256660543020575 0.153006251678294
0.092370387538011 0.115601658269023 -0.092787993608666 0.103836558154908
0.0149434565648158 0.165441277357996 -0.0758451112476836 -0.0245190443842956
-0.0247562624730017 0.167293198681216 0.0449136904737495 -0.101138260032824
-0.0426038737967273 0.0912254995098271 -0.0411476033685211 -0.184461310106202
-0.0329509139321468 0.129029806320404 0.0538773896450235 -0.157444607986169
0.0383420315381549 0.126484270037972 0.0722222839475312 -0.155062996093081
0.10259312582625 0.0755630822511757 0.0430427550086124 -0.133921571728853
0.100812850678484 0.0177749496273636 0.0425645455208533 -0.123900679289294
0.0876212766156775 -0.0157624501046246 0.0336008748517149 -0.123723028358364
0.0690497249465531 -0.0363207015660398 0.0296307527481982 -0.101671328425188
0.0584455032149896 -0.030268555845621 0.0315667981428289 -0.0579514865190243
0.0587136576345315 -0.0295784174653003 0.0720907609077721 -0.0109458697064605
0.0823467482573895 -0.0147041196284708 0.0936668092163504 0.0474339707867903
0.0940057924331244 0.0190588845607733 0.0792706384863972 0.115723062180577
0.101696545049603 0.0648906060475741 -0.0128228952942814 0.145079069313517
0.0472606196422532 0.120847771154158 -0.0793936156061255 0.0879649454765914
-0.0308137129277898 0.139379698264856 -0.0548139683945242 -0.0396267787996721
-0.0554837455568048 0.112978294501165 0.0672566216008783 -0.128671865571921
-0.0489664565175308 0.0246481785242457 -0.0335629985917616 -0.210922816406512
-0.0477922755508421 0.0723077736307992 0.0339691327063909 -0.161035015751265
0.0077968392852306 0.0841313893120264 0.0686419560045701 -0.134005456657424
0.0579321620866687 0.049162262739475 0.0599619109491791 -0.117373793239732
0.0537165463753452 0.0157725520947461 0.0677236281992296 -0.1242918019064
0.0484808882552012 0.00166436252565992 0.0533889138576917 -0.132893118692867
0.0428523446042714 -0.0108369550842186 0.0482213113306349 -0.113038488333107
0.0361846453676761 -0.0082174400550535 0.0537902662179016 -0.0678087302025346
0.0387796312452676 -0.00768675478491602 0.095246620764882 -0.0164310803276848
0.0528502356210211 0.00445309288304252 0.113990772582278 0.0490454208387398
0.0589517996467332 0.0243253014656722 0.0929763678890303 0.119578511236786
0.0618250995820603 0.0629901533694646 -1.95005915064342E-05 0.142440018258837
0.00540079537406791 0.10213468460955 -0.0590711555810321 0.081839392446649
-0.0617922046687985 0.0908932344183198 -0.0278645550486 -0.0355552032939972
-0.0696308398628224 0.0422475889855797 0.0905515954201406 -0.131226103529534
0.054646312911123 0.0258360393428903 -0.0917891272628258 0.130160652998107
0.062425520416456 -0.0324724852096534 0.0298693138533433 0.0456421263298293
0.0113852915013289 -0.0663879147816134 0.0637344743838363 -0.0842522972115078
-0.0331047429165318 -0.0358605091133638 0.00771244449327784 -0.160559428179778
-0.0252688372756478 -0.0144775516955342 -0.0960262003073693 -0.138785597573285
-0.0160052855265856 -0.013957293839894 -0.134332244116767 -0.0675559179669787
-0.0153206959396424 -0.0147342472540066 -0.116181044225528 0.00659316461333086
-0.00643427362763022 -0.016723136000319 -0.0863289742798559 0.0699864509783537
-0.0103357970616159 -0.0228953565177546 -0.0592625830956627 0.112853338514169
-0.00296586321903899 -0.0291748632266297 -0.0593171179136099 0.13713225788462
0.00158887084812928 -0.0193197944601805 -0.074441442629401 0.133999618097879
-0.00481264502147727 -0.0302228548152452 -0.0855070903770013 0.1215096732854
0.0256100850241976 -0.0410409690527152 -0.0776404361558681 0.113429760121848
0.0633478058789179 0.00176756219027616 -0.0582613475596241 0.117371546011138
0.050305740422779 0.0453053765169966 0.00947429884641857 0.186841808177455
0.0338209732340125 0.086033060627347 -0.102445310404958 0.106094819244445
0.0512125751515035 0.0327168701617162 0.0328145629882804 0.02312473313809
0.0293248783651812 -0.0128805913356795 0.0599663918287325 -0.104065307193465
0.00308017415155057 -0.00312779595115131 0.000311415092337158 -0.166883065544462
0.0156959628163108 -0.000523573534580948 -0.0937065313254542 -0.141201361590432
0.0241370128956855 -0.0171768986233501 -0.127221196988866 -0.0752887385955449
0.0178335609981502 -0.0314865357033391 -0.112983322119604 -0.00367401671265644
0.0237336953266634 -0.0356363227525795 -0.0857568325298277 0.0585121427291854
0.0189510865237681 -0.0451649869233515 -0.0520449517959567 0.103062625357807
0.040242218186659 -0.0488383563116466 -0.0454842307193475 0.133778067676099
0.05445837052929 -0.0192309575832961 -0.0608708958536412 0.146213826555206
0.0509960082094034 -0.00458647382945374 -0.0859252489388398 0.134749721473876
0.0591770921011576 0.00996634800142573 -0.0863400008341669 0.110025071746372
0.0697914596859203 0.0661077098626541 -0.0552410769699967 0.0875300216785742
0.0483995480916293 0.116197025807436 0.0150242528774561 0.142432832253144
0.00739939681893532 0.134300172309607 -0.0966497405699476 0.0630812721591458
0.0315674336813195 0.0965457690449356 0.0526844203796745 -0.00552320893668443
0.0450968145194361 0.0483210023114153 0.0730136632655805 -0.129170027418125
0.046773498379589 0.0335575569170476 0.00217256984633216 -0.176903413766077
0.0597335825658651 0.011899684349242 -0.0836668475234665 -0.142766658582196
0.06369236225614 -0.0202769279491085 -0.108680045628381 -0.0819600586222531
0.0499923436445212 -0.0457915295904688 -0.0968308072861605 -0.0190098057432873
0.0509855123394654 -0.0499299095896688 -0.0740233784541837 0.0376854780329132
0.0433081255966632 -0.0612222659853908 -0.0354806645878417 0.0837686449161519
0.0732320640826961 -0.0648921986501635 -0.0199390043208985 0.121791956994991
0.0957270562318461 -0.0250578722685361 -0.0316986290847028 0.151500097298077
0.101279437630412 0.0068132909112055 -0.0739485596995765 0.152143167542461
0.0942286613823227 0.0485609891705546 -0.0940269885535687 0.115128635322136
0.0760550744981156 0.116452865792597 -0.0630614003040241 0.0572670835842098
0.0429159343121043 0.168544933135264 0.0179912356263058 0.0816758943833373
-0.0167813924157496 0.162666051366613 -0.079936591263201 0.00593450367641316
0.0110851027692792 0.1466901285612 0.0753476177207779 -0.0417035019406494
0.0583551605723609 0.104174512133496 0.09022634819118 -0.15058389124249
0.0893432260580682 0.0654634421868727 0.0125446112363532 -0.181333375459363
0.100149046976816 0.0191863140655277 -0.061403387719518 -0.142287664663047
0.0961102465514673 -0.023740701945562 -0.0786279997980172 -0.0903156279230462
0.0747690427137876 -0.0548614662487503 -0.0685259145166821 -0.0384829036083183
0.0699567183694147 -0.0564616126529147 -0.0524267604251234 0.0120758981697507
0.0609105151980999 -0.0668074559202116 -0.0126864819714383 0.057458886825446
0.0940960187411557 -0.0693306842445069 0.0098447400884012 0.101645789038064
0.120590294354858 -0.0272761143991682 0.00256588692978854 0.147253272697665
0.134192863385734 0.0146893792701555 -0.056134069252545 0.163024782182174
0.116009300791266 0.07695347920218 -0.0980284929069183 0.119665549297895
0.0714358806048787 0.150444762514175 -0.0760669628505743 0.0285054787723466
0.0283575184738284 0.194899406344144 0.0204390710332658 0.01590035681426
-0.0350845693148407 0.165150788393376 -0.0585034606833049 -0.0614259658259238
-0.00847256766523489 0.171208824976749 0.0873410368147147 -0.08374622230558
0.0609926213467274 0.140297669050808 0.0986445460317153 -0.162929453307687
0.116421291491991 0.0868285159707887 0.0264048698729947 -0.17466538069562
0.123759174043307 0.0240517423897162 -0.0274271702422892 -0.138287363470472
0.11315223111288 -0.0248592468682489 -0.0390371859620966 -0.100868496640648
0.0874224702379331 -0.0569083713679608 -0.0332018749276614 -0.0611470224950467
0.0784584419071806 -0.0541429050385663 -0.0249034817348752 -0.0141597088465414
0.0706486856452179 -0.0608727965159446 0.014967722323776 0.0305354582338831
0.103354795887235 -0.0588197111067919 0.0394545383600422 0.0780510132922044
0.128574186818241 -0.0162404270464444 0.0331461987137214 0.135705924333378
0.14433532225193 0.0302021190909728 -0.0401327014200906 0.163675849585946
0.112714674723622 0.10166680610188 -0.09945679724058 0.115733403175064
0.047687195470843 0.167147405118876 -0.0840348390011139 -0.000280221435967124
0.00192787698607162 0.192180409489972 0.0275695006968113 -0.0456926011033504
-0.0458275144141101 0.139370067637283 -0.039070093141409 -0.127615703709557
-0.0279871863945074 0.162823249093083 0.0828315927423377 -0.124789164402018
0.0484803934838113 0.148124370597964 0.0945029430769963 -0.162093541317551
0.116919151280761 0.0924228204296886 0.0406498366674343 -0.154877302672565
0.12230755185285 0.0258883654469431 0.0123285942100095 -0.129848832468828
0.109918314846773 -0.0205299377672718 0.00301305494582814 -0.112060027393816
0.0859770240765239 -0.0494233984341293 0.00271028461972091 -0.0831413088887605
0.0754400576573968 -0.0436344573749669 0.00508591133671257 -0.0378362356486955
0.0706347322240937 -0.0463082106343761 0.0439932847608606 0.00791604133860664
0.100161630383326 -0.0363803534282523 0.067202646514276 0.060213494641603
0.119415045874348 0.00496261365363832 0.0576181442668138 0.124787626207763
0.129738410964947 0.0534349234915577 -0.0275169220919342 0.157049770673535
0.083724378404646 0.119855736152066 -0.095899967847202 0.102414785937256
0.0064782453438154 0.162931220965991 -0.0782942252623301 -0.0254914731813061
-0.0310048265684932 0.161828690516177 0.043620088498037 -0.0939273266300635
-0.0506473692836324 0.0888104507929885 -0.0263166482740438 -0.178938174483381
-0.0431569496485298 0.125793338404191 0.0660281523149751 -0.150921167242047
0.0268696179744567 0.126884502342157 0.0841958060218145 -0.148390573275062
0.0935212145559078 0.0789963364843571 0.0535322942716879 -0.130301351446987
0.0954959196763279 0.0232915196234298 0.048815082550948 -0.122043029717533
0.0855715191049066 -0.0110331239326785 0.0378689444757906 -0.12169813900988
0.0699227548453347 -0.0326359478351888 0.0321483327615349 -0.101166111158861
0.0607712823412817 -0.02678073530895 0.0331550398338658 -0.0549294813829791
0.0602497251308371 -0.0261453476041431 0.0723339008067501 -0.00660729792590724
0.0831249141428736 -0.0113478097032702 0.0929763704687017 0.0517601785986354
0.0938051353863259 0.023470483125089 0.0754628381114964 0.121120906824771
0.0967565092076055 0.0692517461351982 -0.0168088605860942 0.149010585013397
0.0394358593307109 0.122073928242334 -0.0829662780794507 0.0868666875555756
-0.0373622675062843 0.13567532707803 -0.0563211577980012 -0.0402321072689286
-0.0587213778921925 0.107615695894203 0.0686684152807605 -0.121008181271662
-0.0528324558055845 0.0223775276994278 -0.0200696775083175 -0.205809356343025
-0.053866929666158 0.0694003190705095 0.0447254568537618 -0.154035820242544
0.000497615884481821 0.0833738383398895 0.0782757506381039 -0.127413244744656
0.0525348024095977 0.0498009685306695 0.0673033039354971 -0.112625269865399
0.049270465935182 0.0180004668666905 0.0718829462361171 -0.120888889939372
0.0467912348710829 0.00350793498094009 0.0576756009302165 -0.128969073182911
0.0429635203656007 -0.00917669526490311 0.0509172690687723 -0.109887599098236
0.0365799245990901 -0.00554553949334881 0.0548418806847291 -0.0630418976131217
0.0393984153257389 -0.00528708604960029 0.0946790736656061 -0.0113219071461764
0.0533748150684872 0.00610070675282189 0.11145670108338 0.0537472575016035
0.0583355407265831 0.0271218334438827 0.087538994603913 0.123611545283028
0.058230229085893 0.0655839091260045 -0.00532844054297739 0.145517761484434
0.000519575057532755 0.102170595444744 -0.063560246993778 0.0801485113460061
-0.064724665580998 0.0866340367271016 -0.0287828845526535 -0.0368128872747799
-0.0696233242554822 0.0384540352425099 0.0938465158373647 -0.123158726215941
0.0537264231490532 0.026194796742333 -0.0945345917323576 0.129096559744831
0.0626815069924667 -0.0324759734177833 0.0291667127702346 0.0460000790131511
0.0112319848686663 -0.0671696187432132 0.0656920399214712 -0.0851790634850162
-0.033478090029521 -0.0353382398902808 0.0101380283326606 -0.163488898835473
-0.0256239883215574 -0.0138729050259535 -0.0939910192059009 -0.142499005555788
-0.0163286777550933 -0.0137598706072224 -0.134985213353245 -0.0710184337386238
-0.0149702068397123 -0.0146869687704689 -0.117635825334266 0.00368953307690335
-0.00608036806023727 -0.0170814591701055 -0.0871852775421501 0.0682730684941918
-0.0102298606537634 -0.0229734187270335 -0.060041495025316 0.112080530201555
-0.00321032185903677 -0.0294287611560563 -0.0608588274126362 0.137479691754514
0.00223618122812069 -0.0186968449215616 -0.0765053477524841 0.134021854138643
-0.00509927226562627 -0.0293030915605833 -0.0878857292996391 0.121441505445074
0.0250934601494205 -0.0407565817891659 -0.0808911486452111 0.112493658814663
0.0639382956110209 0.00183644098409879 -0.0637630577848247 0.116745388776511
0.0497567722408416 0.0461128203170732 0.00530959859186274 0.187968659738146
0.0318135266943839 0.0858151758613138 -0.103671548420254 0.104280620270655
0.0499571050504973 0.0325162149718076 0.0322441822166298 0.0232752176419194
0.0281776470706117 -0.0138978324286093 0.0624396853554227 -0.105125116464678
0.00236371621910768 -0.00240938109187592 0.00352041528099098 -0.168942322295526
0.014723922570494 0.00063127538512967 -0.0911094901787046 -0.143975979425846
0.0239040169744772 -0.0161724671944439 -0.127544659090529 -0.0786254780420627
0.0186452445785119 -0.0311228669012737 -0.114207365307259 -0.00621900251548588
0.024863621107347 -0.0353613853331742 -0.0863949967217819 0.0568804124852672
0.020074096490881 -0.0444565897545924 -0.0530388325101093 0.102553306319877
0.0410257966545862 -0.0481428222604716 -0.0466417739943124 0.135194709215148
0.0553787372264316 -0.0177605218271146 -0.0624937213902994 0.146594940498808
0.0506183422835953 -0.00217393406402816 -0.0890318443697827 0.135923486649306
0.0582236611499795 0.0116212199178406 -0.0895156328843278 0.10894251474942
0.0686416016602488 0.0668163874059456 -0.0596830111383708 0.086926690145709
0.0455628726192559 0.117045928663959 0.0113768354928217 0.14393587343088
0.00449529325185372 0.133145538116943 -0.0978758792781054 0.0619140412484352
0.0291441516767929 0.0963167060435122 0.0529194285135435 -0.00508451711624463
0.0423490535356083 0.0471943065730085 0.0750886429147228 -0.129580921235027
0.0448940005957168 0.0346630230833515 0.00554312730395542 -0.178817917789106
0.0584488358042907 0.0137743721236616 -0.0811578893617449 -0.145417770408936
0.0631848598134611 -0.0188167464896538 -0.108537693348807 -0.0853385090922206
0.0509865257618216 -0.0444458880794739 -0.096974460127069 -0.021303673985413
0.0526425211656034 -0.0491141580858733 -0.0745769674976088 0.0369170205219419
0.0454549645047992 -0.0597584912827621 -0.0353124947194823 0.0835380766604743
0.0743077398619722 -0.063571080130567 -0.0203843009231626 0.123274782770396
0.0972323894062908 -0.0229897763629063 -0.0321503178002253 0.152726973175006
0.100986233554355 0.00999911528376501 -0.0762386562973984 0.153847222458781
0.0924796964622635 0.050746070606482 -0.0964872034269163 0.114640517312916
0.0732368818844695 0.118136656140465 -0.0664609555020149 0.0573124291126205
0.0389625383660127 0.168854213276928 0.0153966031686643 0.0832644995055795
-0.0202497731445355 0.161246910442576 -0.0799788885299757 0.0046969742213379
0.00798904821787306 0.146819441523717 0.0764766912269822 -0.0408003022744538
0.0547382917050997 0.104051849988332 0.0926967729678645 -0.15086244887079
0.08757491392276 0.0676484078463802 0.0159893664029988 -0.182902259140367
0.0986095485824824 0.0222573047875421 -0.0598540203344455 -0.144141183112808
0.0960242769702302 -0.0218404697165072 -0.0784125317416589 -0.0932307070943034
0.0760376421126963 -0.0529514435405177 -0.0687410944893191 -0.0409609355293762
0.072249503222891 -0.0551987691565294 -0.0531230278941034 0.0121904816213995
0.0631281996618534 -0.0648074582359471 -0.0118851284533714 0.0577910468448342
0.0954098575925968 -0.0676087778430688 0.0102453381345951 0.103154804854945
0.122157580823206 -0.0240107366933212 0.00241002830765633 0.149152337293218
0.134076317047101 0.0176769897479766 -0.0583694964064915 0.164887428211115
0.113853905397686 0.0802624612231934 -0.100320716711926 0.119391866664275
0.0681313198700753 0.152384859302375 -0.0784748684290822 0.0285150142100207
0.0237749496576018 0.195321976428811 0.0186837171120465 0.0171036906098177
-0.0385530555591557 0.163549784873421 -0.0570984977925902 -0.062314391302702
-0.0128753885921345 0.171159507941842 0.0894419429706773 -0.0828798419678123
0.0567435197498725 0.141052916113655 0.101415288377781 -0.163344541237922
0.114238005750437 0.0893861638767698 0.0296736608728831 -0.175793786106405
0.123092750757237 0.0271123659023787 -0.0255923743243334 -0.138987548860264
0.113799256398088 -0.0226346950548803 -0.0386363956108665 -0.103426796267432
0.0889852439533901 -0.054510913305106 -0.0334512744725991 -0.0627485360755818
0.0805755906274712 -0.0527505230621706 -0.0246446229273679 -0.0137314871672814
0.0723419032641165 -0.0590847778537532 0.0158894796339552 0.0310621109333995
0.104697975407752 -0.0569383311248465 0.0402802408972401 0.0805196651328131
0.12990867214752 -0.0132078286845404 0.0339629534058198 0.137737701881621
0.143940622912439 0.03313821971171 -0.0422670401098216 0.166486628504413
0.110518229493619 0.104601328432946 -0.101549720418089 0.115492702200579
0.0434700671159166 0.168960563002723 -0.0859431074379029 -0.000435956317092756
-0.00297821462222351 0.192199973974095 0.0271855345408115 -0.0445540826754212
-0.0484318019814716 0.137530675318019 -0.0364108421621867 -0.127769834365924
-0.032101183582774 0.163370464628103 0.0860048701414903 -0.123635225989227
0.0444077158698343 0.149452293716051 0.0971393842401439 -0.162363876368181
0.114990121303515 0.0952506467644575 0.0434241056424175 -0.155282930079867
0.122110113179004 0.0282337746761477 0.0138892549309359 -0.129705330855012
0.110224407608982 -0.0188018046108308 0.00373216928603262 -0.113376145864624
0.0872913678100943 -0.0476364516245673 0.00304971910114666 -0.0846064885899509
0.0773228445567739 -0.0421842275389276 0.00573410734388831 -0.0367774090870232
0.0719293632753867 -0.0441892510225585 0.0459826318490056 0.00940530593186419
0.100482105320238 -0.0349456277215901 0.0685179320492184 0.0628515635619513
0.119566045993812 0.0074040353385927 0.0583911295265654 0.127896534675833
0.128789192890384 0.0553763816360564 -0.0288522105860359 0.159900830530618
0.0813819366966284 0.121824457921815 -0.0970696982805071 0.10283181125061
0.00270955806671085 0.16441199210221 -0.0792367082097092 -0.0257940737111809
-0.035010015759557 0.160792399560165 0.0443810878049075 -0.0928710708025245
-0.0528493233952042 0.0872729258001058 -0.0231779580001549 -0.179441442620114
-0.046530553134157 0.125887585710975 0.0691906092736043 -0.150131216840919
0.0240294810989323 0.127870705823982 0.0878083896662532 -0.148565555658094
0.0922292708716986 0.0807408069792673 0.0564015503262532 -0.13033641759553
0.0955141270726458 0.0247900068200625 0.0499268092253296 -0.121189174152686
0.0859691808084012 -0.0100263455324399 0.0390445718169115 -0.122379600717579
0.0706688075484604 -0.0315736285072488 0.033136581945098 -0.101863932874316
0.0618635627180876 -0.0254702493429873 0.0343447278127089 -0.0529445051802686
0.061189882118669 -0.0243561396478647 0.0739869865451425 -0.0043418386847668
0.083645588746337 -0.0100964708930501 0.0936904613681929 0.0548915369921818
0.0934289661568991 0.0257624180766637 0.0756343804019658 0.124499556266876
0.096098623665845 0.0711239843448888 -0.0189399740951199 0.152103774606637
0.0378099306293238 0.12379840151468 -0.0840731525964703 0.0876858314153665
-0.0397798819807625 0.136304090410169 -0.0565517161329131 -0.040872680573262
-0.0615062035848802 0.10630976058344 0.0697772254981866 -0.120332821541132
-0.0536939440387237 0.0214266917757694 -0.0162579429355262 -0.206117505068853
-0.0553330066077703 0.069244052454423 0.04854575788105 -0.153845140474268
-0.000539358924429136 0.0841573583494166 0.0818732607511208 -0.12666022239496
0.0520751785471898 0.0502892117694566 0.0702376075321341 -0.112988507282313
0.0496867171935998 0.0178358926715443 0.0728822980501276 -0.120307210057964
0.0467199081606424 0.00372851877482627 0.0587292656378991 -0.1288829088566
0.0428662725963365 -0.0083092508976261 0.0515475735571523 -0.110764447809285
0.037445732116826 -0.00463069641670304 0.055727994871737 -0.0610882175178126
0.0395178931495352 -0.00392535451721287 0.0963121619329435 -0.00885047149236633
0.0527736928280584 0.00729482767385911 0.112163540134093 0.0577668405429147
0.0577885223106051 0.02842653377472 0.0872275771365552 0.127474921575773
0.0577175811157602 0.066029303449836 -0.00743345318891898 0.148626256503544
-0.000811761016662849 0.102873171796274 -0.0649238511261735 0.0812857136946971
-0.0666610783327546 0.0865104410825549 -0.0290878778446122 -0.0368030754290509
-0.0712966275570718 0.0370824916630984 0.095823768576921 -0.122337542561731
0.0541754462918873 0.0275221354338496 -0.0995227384212706 0.130853863021885
0.064841498563664 -0.033523045592398 0.0298844084099542 0.0477114889178933
0.0112988552080826 -0.0695845580258299 0.0698640216078149 -0.0893884394879037
-0.0345239754954088 -0.0358488768128543 0.0122449250345047 -0.171498197467188
-0.0265868446967629 -0.0135155264013398 -0.0945857710226309 -0.150247011392427
-0.0168669467805605 -0.0136971419773915 -0.139525694287698 -0.0759154165262541
-0.0147958189349783 -0.0152381281386297 -0.122849684549526 0.00115547121261349
-0.00603952115768801 -0.0178694337116463 -0.090710958863803 0.0687184920053045
-0.0102244828167482 -0.0237286775612031 -0.0629688229389513 0.114614744015437
-0.00318852742936532 -0.0297370016426602 -0.0646476601788914 0.14135226658167
0.00281767181740369 -0.0184351249490292 -0.0807601467306262 0.138462196496258
-0.00596217886256123 -0.0293254943581869 -0.0929922200899578 0.125242355779843
0.0250894796958746 -0.0417508250319423 -0.0871835727743569 0.115395395183443
0.0658762026436151 0.00188662065825539 -0.0698848674799776 0.119959461511065
0.0499675374416451 0.0486778556470139 0.00178516738833016 0.194137881433721
0.0308037349045547 0.0879235906715878 -0.109346352064283 0.105865544554127
0.050521738645182 0.0333769721496479 0.0329635707562234 0.0246167380125459
0.0272024511424124 -0.0148995752740557 0.0659031403815284 -0.109388749519998
0.00151393422443545 -0.0014510006108797 0.00599184457294495 -0.176614727214607
0.0144020762444235 0.00197938875404756 -0.0915699092538906 -0.151581338680762
0.024465962585301 -0.0153445491930083 -0.131301287651353 -0.0838917416411266
0.0196458991729812 -0.0314540340822288 -0.119002635675162 -0.009876094852841
0.0271085681266221 -0.0360831551741569 -0.0900628708695727 0.0569043595423951
0.0217454324408406 -0.0453155826546484 -0.0552269228325184 0.104757856621514
0.0432046832242196 -0.0488043215711285 -0.0493523362079954 0.139846831004856
0.0583208853235912 -0.0164696231163015 -0.0658779329714848 0.15171254615864
0.051618906983876 0.000123568901534914 -0.0940126271348478 0.140135409240915
0.0584254564400029 0.0136913696067944 -0.095365493506784 0.111475149713367
0.0693282372080004 0.0699266915914856 -0.065620315934149 0.089384173370587
0.0442494788473821 0.12148384182898 0.00825140734416329 0.149190993591539
0.00200071585267383 0.136255581920046 -0.101767389748997 0.0623584251103652
0.0276896988334829 0.0991714924329865 0.0545087089483229 -0.00436815610260522
0.0406842783007575 0.0479893839629042 0.0794661345699299 -0.134355064412075
0.0448561839686627 0.0371812905115626 0.00850434877722993 -0.186375826811106
0.0594720788834494 0.0165743099355221 -0.0819674598076612 -0.152057699347827
0.0652571621383725 -0.0178814322050784 -0.11224599406145 -0.0912263353553452
0.0534069791620892 -0.0445407697604241 -0.100613506029083 -0.0246892567980901
0.0557310194907442 -0.0499734059102561 -0.0771745016814404 0.0374417276503305
0.0483574506594973 -0.0606728651309369 -0.036397166059522 0.0854295593518523
0.0781209603264753 -0.0640230292840307 -0.021746139015634 0.127734991280665
0.101789870986371 -0.021106606243486 -0.0342600214258705 0.158339951141152
0.103609540960981 0.0130559117513419 -0.0818448104499323 0.160198735568723
0.093167149631737 0.0549296699607777 -0.102096611397752 0.117791552303925
0.0732833960863185 0.123344846617552 -0.0720528854978567 0.0583896831649563
0.036416696595341 0.174854842579403 0.0129081873178773 0.0869488819798883
-0.0242232616396038 0.16401540317999 -0.0821877319736202 0.00366762553602116
0.00461795355270958 0.151472396081273 0.0794650592654878 -0.0407826807512495
0.0525780271618095 0.107144066155692 0.0976728245837357 -0.155627475055961
0.0879824543331962 0.0718604229933172 0.0190769304201893 -0.190286743354868
0.100658741162287 0.026089039997646 -0.059752763950655 -0.150008381494586
0.0989932905732844 -0.0204265114362008 -0.0809066964622228 -0.0984768516383379
0.079242173618459 -0.0528574309022663 -0.0711447143394631 -0.0441384498296779
0.0760418966192223 -0.055771777696695 -0.0547464346331038 0.0121027447358894
0.0670027820698977 -0.0650349444468857 -0.011484918014838 0.0597813718584709
0.0997261130976662 -0.067792147321187 0.0106759421818594 0.107786284199435
0.127574500554353 -0.0220409955160768 0.00231061520163783 0.155134048542667
0.137940925934461 0.0212512218098341 -0.0624521114371978 0.172219074082461
0.115121922339781 0.0851851919632215 -0.10533685638535 0.122928061407612
0.0667295756943612 0.159048712134411 -0.0837135407902257 0.0287414377343588
0.0193920788815909 0.201434805087455 0.0175229728472662 0.0188537796315646
-0.0429874612958381 0.16578851561253 -0.0569301604778728 -0.0640358854669089
-0.0178060045206552 0.176782330534527 0.0937008194962729 -0.0839778629908735
0.0540635141908926 0.145717331922635 0.106671274587756 -0.167940786509063
0.115751528879244 0.0946391939409534 0.0339181666016474 -0.181717422942757
0.126068607826843 0.0312115411144507 -0.0247400522623591 -0.143368729925884
0.117214944702784 -0.0210481923198848 -0.0399816494383846 -0.107874043332882
0.09261142059527 -0.0542266131260963 -0.03411396533704 -0.0663751591734585
0.0845288199427363 -0.0531392802033236 -0.0248872856400678 -0.0134318593186663
0.0766296849310267 -0.0582598004864713 0.0180163853001412 0.0329906748962124
0.108778904752725 -0.0565295415556543 0.0422659757090047 0.0846340274344106
0.134987583606899 -0.010731739333869 0.035273797172472 0.144404942147559
0.147848807707568 0.0365211509072323 -0.0452752159385054 0.174421376978566
0.111472878578964 0.110363835330824 -0.105839029682584 0.11934205044698
0.0413798325942003 0.175619074752792 -0.0902811304924449 -0.000560372194495364
-0.00827759824709009 0.197737767621991 0.0274239653049505 -0.0449796563204736
-0.053712585690411 0.13959939820244 -0.0347542070070672 -0.13145951838951
-0.0372008580460807 0.168507099348937 0.091345966131392 -0.125584943250407
0.0416067773504326 0.154855081468306 0.102972952660765 -0.167089977185633
0.116929669790078 0.100529498345049 0.0473804380374903 -0.160452196126098
0.125295494720998 0.031977571961328 0.0153734816518047 -0.133036214558778
0.113718673227546 -0.0175118509857966 0.00446456500219531 -0.117856629504337
0.0909114971762106 -0.0475383555290919 0.00299673255546351 -0.0881252980712613
0.0807762160800232 -0.0424062330190032 0.00685138901656026 -0.0363390525337764
0.0758673599685461 -0.0434516447850214 0.0488198640826761 0.011055508412699
0.104843957357449 -0.0341083878097242 0.0714916080389331 0.0669394295826919
0.123415543819134 0.0101727986083675 0.0609042776745743 0.134781862713871
0.131728792341211 0.0591694444139835 -0.0316672783211516 0.168416159284089
0.0814278640377997 0.127918089957053 -0.10143922340169 0.10603370142624
-0.000524858465136423 0.170232606017777 -0.0824819725027027 -0.0269422508496807
-0.0403450070026133 0.165348433500838 0.0463584594600135 -0.0948827780560651
-0.0567062656049458 0.0880181227891714 -0.0200153770287215 -0.184260898765452
-0.0512807219261552 0.130867073290021 0.0748791625288149 -0.153624791451362
0.0220171383773144 0.132593125132825 0.0927811534221601 -0.152814652776318
0.0941580092157782 0.0848861853284915 0.0601100810474788 -0.133729609499673
0.0984917871249976 0.0272931137932905 0.0525898885406186 -0.123623716932248
0.0886466271016846 -0.00911967812192088 0.0406576273257943 -0.126864592602081
0.0731989823273868 -0.0313589379291676 0.0342604626956284 -0.105393237169749
0.0647772553918845 -0.0250238371118948 0.0362277146394561 -0.0531146302511135
0.06378009292582 -0.0231686418530392 0.0779674453921481 -0.00250174607536771
0.0857933833153791 -0.00884079443271995 0.0977368646615988 0.0598111271566048
0.0958412427528916 0.0280827666804177 0.0784037630827584 0.13143242199087
0.0978065931529911 0.073662797322269 -0.0210143482011573 0.16032739881404
0.0364602007202598 0.128452777958105 -0.0877854708734412 0.0911436126927736
-0.0442748370797409 0.140925332057927 -0.0588545695669979 -0.0421613394876707
-0.0662027627605803 0.108080881286866 0.0727859006480493 -0.12275794124606
-0.0558447132884579 0.0206758632290752 -0.013200649833999 -0.211797538154957
-0.0586096469583896 0.0714723700784559 0.0534262648443983 -0.157802481398441
-0.00178613854644436 0.0868913100316202 0.0873844071167859 -0.130516937816634
0.0533831204936833 0.0521887744242975 0.074348052356148 -0.115805676303222
0.0516115767306389 0.0186382359259733 0.0762590331457341 -0.123182938657822
0.0478804952660568 0.00407844864527198 0.0613458408516646 -0.134002391535519
0.0448974299329597 -0.00800463805587621 0.0536814554136177 -0.11410101948903
0.0389439636879993 -0.00400687982894746 0.0586168081887463 -0.0609663855693723
0.0405839194916129 -0.0025859560660228 0.100476945418445 -0.00655200776302775
0.0544198591036615 0.00824055859628412 0.115991873519743 0.0629265842930292
0.0588595982352942 0.0300889897426537 0.0898443756850235 0.134981066631456
0.0586840301509951 0.0680738208922479 -0.00951561832937912 0.156605845964483
-0.00192103477584735 0.106639769727236 -0.0682717800524202 0.0843607642091619
-0.0703712395706912 0.0894141487018624 -0.029836393039973 -0.0376188534294978
-0.0748594426341354 0.037155853137169 0.100322845848549 -0.124707289365437
0.0569254813889236 0.0287844448542846 -0.103900169260983 0.137929588015988
0.067595201461199 -0.0362145178567969 0.0311289924753141 0.0501223578166553
0.00952575769253491 -0.0735912908386444 0.0731009658242014 -0.0970000261543468
-0.0370994910942232 -0.036693222703657 0.0112965003866335 -0.183560901941117
-0.0283372291039483 -0.0128313063610776 -0.10063680542839 -0.160251591078628
-0.0179150433758642 -0.0134042119317332 -0.14802826281754 -0.0803167567144007
-0.0154401152592073 -0.0157156767382678 -0.130556746546897 0.00146486906099344
-0.00654758386455056 -0.0189044596976844 -0.0950430165367292 0.0717749800078757
-0.010502279063909 -0.0247862934814909 -0.0642371340605584 0.120645920744422
-0.00363955920898737 -0.0313634428652213 -0.0667083331464571 0.15003346783909
0.00323114038184591 -0.0188088174673724 -0.0843884171555107 0.14688004071892
-0.00721971193087893 -0.0298632363548859 -0.0968156889300971 0.133358703724989
0.025284604073892 -0.0440986430894788 -0.093263792165579 0.121396553779707
0.0697042163692148 0.000651500242958672 -0.0761057046899138 0.127267469963239
0.0536003401749028 0.0513081018532128 0.00193444574907098 0.204605626411
0.0321634785606083 0.0915790574468313 -0.114613029406405 0.111233042314104
0.0531281508935302 0.0341921368982124 0.0345954314560832 0.025742912292773
0.0265190359146764 -0.0166079409560056 0.068838589867705 -0.117538734830318
0.000957315795775005 -0.000481559860051467 0.00533472820734612 -0.188359800945356
0.0151885208305862 0.00381132346968627 -0.0971748736395543 -0.160965533942005
0.025248706817079 -0.0157249313185078 -0.140008091784604 -0.088885653329604
0.0211383911736518 -0.0325604859530548 -0.126097270974653 -0.00987959529004327
0.0286027696605385 -0.0380134760839806 -0.0936322890786763 0.0594564439775321
0.0233097988615744 -0.047111107417559 -0.0560679066604512 0.110634029898305
0.044839229311188 -0.051309560828533 -0.0500771874883677 0.148272255879277
0.0619062169886767 -0.016725565098202 -0.0677073877822612 0.161022189710206
0.0545396951162384 0.00100826003449805 -0.0981734296137081 0.150025209920241
0.0601830550355349 0.0143908994371686 -0.101307921681826 0.118209163701399
0.0729672478972208 0.07290998636257 -0.0716328102682652 0.0947128271378888
0.0467498068555081 0.127529894391341 0.00798914501503308 0.157416714797995
0.00197338226268921 0.141472161561765 -0.106648283794282 0.0657066129381009
0.0290993187250563 0.103525761185926 0.056562399903697 -0.00475688887693846
0.040930643299098 0.049579207085979 0.0825926953897524 -0.143512692423897
0.0463601158169076 0.0396672800394656 0.00768611433425615 -0.197801332415746
0.062247204949322 0.0184963411332974 -0.0868223022260214 -0.160644353916708
0.0683488344326557 -0.0178607666732493 -0.119837261420808 -0.0962037649924131
0.0562528382834343 -0.0464274896784748 -0.106755167109213 -0.0268613352546992
0.0591606175125018 -0.0529890690122175 -0.0805766513141945 0.0391908506404895
0.0516709865595849 -0.0631589010760701 -0.0365855718172207 0.0897673826594154
0.0813979759530277 -0.067447114575391 -0.0208588672562433 0.136181207159938
0.107962528907623 -0.0217390381582528 -0.0331448261890244 0.168306838967785
0.109348502341767 0.0146578613740629 -0.0846731763933505 0.171210834888011
0.097034801783751 0.0588424458178825 -0.10792573222596 0.1246823438591
0.0768357901879709 0.129445047296359 -0.0780845979056063 0.0631421259321584
0.0377665844718174 0.183711430154718 0.0126813536972978 0.0919789061735961
-0.0254898483221738 0.17096578890489 -0.0855930425400508 0.00458983130288515
0.00429579991215447 0.158901341414831 0.0834492810744044 -0.0429695611476929
0.0528758092648445 0.111344533270413 0.101897367244661 -0.165813114683068
0.0918611410878097 0.0753121085945426 0.0188643068196332 -0.202218023729498
0.105903871395658 0.0280493448306289 -0.0634434900702757 -0.157932299675457
0.103450899286185 -0.0210548662155318 -0.087082311461258 -0.104227243345058
0.0834356456492338 -0.0555462346502487 -0.0758689216683029 -0.04732222444243
0.0806229237958205 -0.0591735901232222 -0.0567584929773103 0.0134073821208211
0.0715476986956184 -0.0678665510391586 -0.00981244802018866 0.0630457743613028
0.104684756029484 -0.0715733734099391 0.0135773414241762 0.114328859338937
0.135167320092118 -0.0229816319462391 0.00522226952554003 0.164629563171725
0.14562365115728 0.0225534140204892 -0.064214851743975 0.185559603763995
0.120259505454812 0.0907649392618605 -0.110509830886453 0.130791826132089
0.0703661059091039 0.167319061682854 -0.0898992425249117 0.031969991143729
0.019942233894826 0.211296516539194 0.0174150622136416 0.0201107055164092
-0.0454418647752539 0.173063034057007 -0.0600161259873038 -0.0667784450904593
-0.018873331231196 0.186824949982638 0.0982781085387982 -0.0879401333774769
0.055034088053465 0.152627638441913 0.11129539002218 -0.178406228617106
0.121391852992016 0.0998238887566739 0.0346652498641032 -0.193123166089691
0.132608560974224 0.0331514422199446 -0.0271493518341794 -0.150780500397238
0.122705062596878 -0.0223131195555885 -0.044348994137037 -0.113998523162794
0.097553701375525 -0.0573682118474105 -0.0378479464325243 -0.0708961872054313
0.0897330681561924 -0.0563243384176775 -0.0258132035228017 -0.0134699463147248
0.0815746595815035 -0.0609180578196077 0.0209885580102568 0.0348028789947179
0.11435099538367 -0.0597997646534347 0.0466976854937555 0.0901778453335991
0.143004641485678 -0.0109870862054069 0.0407591577367924 0.153046392014371
0.155525252113486 0.0379270073605047 -0.0452103290812143 0.187677167133551
0.116872526927257 0.116799667193064 -0.110936081669793 0.127264998776383
0.0438401545487636 0.185407315032451 -0.0968352597188868 0.0010530349141519
-0.00934770955794295 0.207635456536555 0.027167806200637 -0.046934544873131
-0.0563508915342376 0.145858958651351 -0.0362370132309575 -0.137540802833281
-0.0393586940429578 0.178663293527703 0.0956436206343018 -0.131941703123738
0.0429852662882928 0.162818941535089 0.107154020583072 -0.177077589948533
0.122836370307458 0.105858007277552 0.0495447919248559 -0.170003227709456
0.132569584332521 0.0336361076127103 0.0153148570845275 -0.139120936799867
0.119266470239669 -0.0186137944430592 0.00210205584912503 -0.12414384949007
0.0951642225292655 -0.0497485754057847 0.00118452302991643 -0.0935493113619398
0.0855803695503532 -0.0448143540225098 0.00744751406061196 -0.0374516803353891
0.0806716272557463 -0.0451791004326789 0.0531915874287535 0.0118740436649353
0.109654453497209 -0.0359192318843424 0.0784361679053349 0.0717164274685439
0.130950884803882 0.0106889261054789 0.0675645765348927 0.142468071694028
0.138938014586436 0.061214917464704 -0.0309881329202858 0.181165849635762
0.0852559565347192 0.134776084874658 -0.105774556353679 0.114297928740143
6.3894412862398E-05 0.180243074685036 -0.0882449728992128 -0.0269319081400872
-0.0429418830714076 0.173738106198221 0.0467769623687082 -0.0996427419761264
-0.0595773551438987 0.0921389296739852 -0.0205801268037966 -0.193191322138947
-0.0531595874982174 0.138653838774326 0.0788576773223165 -0.161108867778258
0.0227336002515447 0.140383923365662 0.0972564934833713 -0.162139749585076
0.0997125525391948 0.0887517663385279 0.06297311417189 -0.141814782020847
0.104221461190327 0.0280363807584827 0.0548678896477761 -0.129522143550118
0.093150723211424 -0.0100129822894172 0.0407847014141001 -0.13406660030038
0.0770228050355447 -0.033391932229786 0.0333353646893364 -0.111750074092914
0.0688038563287566 -0.0264012998518191 0.0380513644986643 -0.0545214150054193
0.0677127186852153 -0.0240425209394808 0.0838608722138981 -0.00230887502270286
0.090282351375679 -0.00920605403963845 0.105307639115405 0.0639636074452756
0.101381255203691 0.0290591652434042 0.0858586975400245 0.13988125836317
0.103331003982419 0.0767092567416723 -0.0199653097279811 0.172721234045339
0.0392963835018073 0.135584059190457 -0.0912080629758903 0.0985387152064382
-0.0458906561559313 0.149425806124765 -0.0630195470849968 -0.0431248386399098
-0.0705199382208669 0.11408225177487 0.075014035010078 -0.129570419204886
-0.0590055438917308 0.0213955554861578 -0.0135901163728062 -0.22224310825399
-0.0612162043046849 0.0766527687837937 0.0564378379210492 -0.165632535952243
-0.000703448216309435 0.0922637203359903 0.0921836914784973 -0.138718625236466
0.0566418729465759 0.0538778234219965 0.0782119176503518 -0.122857554385371
0.0543373782078003 0.018610596201921 0.0796727643858925 -0.129657035864123
0.050213621420592 0.00352726244835951 0.0620598033123616 -0.141804059568856
0.0466889678516058 -0.00892379802454661 0.0536834229656737 -0.120966614711922
0.0415419966063425 -0.00433648428309419 0.0617188864078483 -0.0632074083574338
0.043382407567917 -0.00233951904914189 0.106642684234954 -0.00690441794810468
0.0568381941096725 0.00857601572774347 0.124069775742291 0.0669835080646387
0.0621792068536045 0.0310136447994196 0.0972311890230409 0.144033828071705
0.0622496108550994 0.0703699761201733 -0.00754612646281581 0.168149550432699
-0.00113599128237119 0.112428937955095 -0.0711015552814532 0.0917903792526267
-0.073664864993104 0.0952320221291754 -0.0323042459676069 -0.0387917101825465
-0.0790993834643727 0.0390708558376184 0.10391794152273 -0.131886133281697
0.0597992888164798 0.0278113529582589 -0.105385432880225 0.148096584834967
0.0694111340762245 -0.0410121409757883 0.0344096968049446 0.0511856946915363
0.00529040013733241 -0.0773230284024751 0.0724852392829917 -0.106883934756463
-0.0404174141290772 -0.0359935519167447 0.00416779830206936 -0.195918517934177
-0.0294941064622587 -0.0109881268861687 -0.111770151217232 -0.166873220703855
-0.0195634279394109 -0.0125239370241418 -0.160323526750693 -0.079812381292695
-0.0168417832055576 -0.0154746572279084 -0.138857657021715 0.00540275637618828
-0.00695846906967431 -0.019760707907288 -0.097447123526066 0.0774641285748886
-0.0122001198569124 -0.0249818090794483 -0.0624017264102619 0.12907275442198
-0.00506484203700719 -0.0322010076257182 -0.0638598345196074 0.161267118638903
0.00310672232859315 -0.0192018681518906 -0.0831462883398876 0.158670820616485
-0.00914234335682037 -0.02951906492251 -0.0976322951338164 0.144707704503594
0.0236209114426897 -0.0466964449664749 -0.095398601902848 0.131201753496205
0.0734688392453016 -0.00253336241088637 -0.0789951624912901 0.136448741151587
0.0583210666330595 0.0519639972366739 0.00884817763330693 0.215200797780389
0.0360022550349547 0.0943390546771117 -0.116491061259048 0.120641448953438
0.0563378635688116 0.0332448482701103 0.0367366473268469 0.0259826722286456
0.024730991191302 -0.0188589568515555 0.067502364494034 -0.128001470976262
0.000412985254436091 0.000386069376202573 -0.00251578165086455 -0.200078651785444
0.0165385042503785 0.00480869115128795 -0.108131137802052 -0.167031204224424
0.0259080874165234 -0.0161324563192779 -0.151904625161072 -0.0892005491873196
0.021466846837008 -0.0343831844262186 -0.133830846974667 -0.00671967074351292
0.0291825043901134 -0.0412866798740975 -0.0961457380189865 0.0654454844858793
0.0233670862552006 -0.0502020068470599 -0.0536248449805504 0.117595154262822
0.0454159536869816 -0.0545694479298375 -0.0462293771266606 0.158704799944946
0.065694317073244 -0.0187907006676493 -0.064523245893202 0.172637944209868
0.0566968515314389 0.000631046942351677 -0.0974545914966816 0.163115682422066
0.0622641728218164 0.0145255877590887 -0.103121300317867 0.12796464767935
0.0788717761337016 0.0734817318067726 -0.0751318920253418 0.102998352840575
0.05345131981503 0.132522983937526 0.0135196157451096 0.165382467575696
0.00599526155451822 0.147477114703993 -0.109788919328798 0.0729227364438746
0.0339092240825321 0.107712714421973 0.0596769135526425 -0.00687448256804904
0.0418945594463891 0.0498296368033577 0.0810860998901697 -0.155590689589702
0.0493532437517566 0.0407546571869312 0.000222178930719342 -0.210662872688482
0.0659274774203864 0.0184757601146216 -0.0967156991110241 -0.167043703335102
0.0705575978342492 -0.0200275319317405 -0.130726112861213 -0.0979322104298755
0.0574963016884342 -0.0502687324094208 -0.114560733520903 -0.0249149079879304
0.0609464410096971 -0.057235608650129 -0.0825273391149808 0.0437737147152843
0.053164864204438 -0.0677825767331628 -0.0338559111068969 0.0953974730985777
0.0833295175886288 -0.0730740656387349 -0.0148391032006269 0.144768676573146
0.11388788908501 -0.0257499678433665 -0.0276143191183727 0.179426246819407
0.115496794961671 0.0132768531985061 -0.0817465634762423 0.185848459687523
0.102699954185575 0.0596206687206323 -0.109723357089296 0.135649740645369
0.0850199492952178 0.133862164964032 -0.0827501391822111 0.069593603392447
0.0451799808406432 0.191417323552455 0.0155738632187004 0.0974704688713088
-0.0223595239369263 0.179163134514568 -0.0896132179278483 0.00802250548772725
0.00927379713369937 0.167150454803457 0.0864580122583901 -0.0474134037290812
0.0565134208302277 0.114912273101144 0.100418304809504 -0.179574803025497
0.0983221810482804 0.0768160616545251 0.0126731009914449 -0.214947344545715
0.112233435707414 0.0269356755510206 -0.0724369631629785 -0.163953183330877
0.107042520968536 -0.0245746238577355 -0.0968519909680315 -0.106680850716756
0.0856480954308462 -0.0607032171237831 -0.0829758637515445 -0.0477904956742882
0.0833230202825913 -0.0649981247675114 -0.0586386765199296 0.0162668107855426
0.0740497274168378 -0.0730534964365321 -0.00633532472049502 0.0662226903912174
0.107784055670389 -0.0781545532397278 0.0209295000592111 0.120379594410087
0.14282947653303 -0.0276514759477859 0.0142733366779122 0.174191350790616
0.154025128146983 0.0194545002166837 -0.0592397435593761 0.199969952431229
0.128353380293421 0.092633136214647 -0.111841205404877 0.142750864193295
0.0787116154675758 0.174548474055057 -0.0952633321002932 0.0380249215832582
0.026761809748503 0.220758375412367 0.0172310712353458 0.0212797779234049
-0.0430785732724319 0.182377198139434 -0.0641914636020854 -0.0672081740452442
-0.0140503692845214 0.197486503280425 0.100532390020152 -0.0950988383132072
0.0606118128613887 0.15838905709911 0.110411455889308 -0.192386770688131
0.130188181531422 0.101221592711475 0.0286990818132438 -0.205127908695992
0.140773020242711 0.0312129634267398 -0.0339563242362629 -0.156867773563678
0.127487291996985 -0.0273337901675283 -0.0521416409575552 -0.118233316900456
0.100549949526473 -0.0633177589203231 -0.0440923394720918 -0.0739399143961516
0.0929621028162096 -0.0622484329825169 -0.026854635876514 -0.0127708585204092
0.0848328246191951 -0.0661769196657963 0.025213682151462 0.0353570962220218
0.118285849088511 -0.0661315573127641 0.0554570632349635 0.0940047611357565
0.151423351895725 -0.0160953055959054 0.0511140898690114 0.160891632701696
0.164556148520503 0.0353460072351897 -0.0387729038243874 0.202469790994192
0.125960174654806 0.12001562421372 -0.111680864184619 0.139476835975012
0.0520064889509838 0.194636004785273 -0.102718333023307 0.00571429385747716
-0.00373101641108716 0.217932825270957 0.0252426792500065 -0.0498793020185678
-0.0554630918460862 0.153784561293419 -0.0419559415617435 -0.142278667169167
-0.0355070151073773 0.19038151219744 0.0966490689820685 -0.140727635812247
0.0491249547473585 0.169942161088858 0.106734071517038 -0.190765032416714
0.132788736698004 0.106841246337849 0.0456164368747913 -0.18156332410281
0.14057453012934 0.0311231218823109 0.0108349758708775 -0.14614880453206
0.124118504978561 -0.0235743983585015 -0.00413388326927437 -0.13067096272081
0.0983056278615435 -0.056191772023811 -0.00449545228180171 -0.0994115345371308
0.0889283842697434 -0.0500721748034465 0.00695647615407779 -0.0384158044623392
0.0837892270055767 -0.0493004839118399 0.058795656549996 0.0105044928099868
0.114184574846337 -0.0410833530957129 0.0874671546961841 0.0733686293986102
0.138621342425005 0.00723212897769686 0.0792195629890084 0.148875839114316
0.147667733929855 0.0594361716448867 -0.0234486463191992 0.195457600450844
0.0942659710506806 0.139232412132573 -0.106459648601672 0.125914930653244
0.00522915495053198 0.190972381838016 -0.0945720406894485 -0.0241421756159162
-0.0407317359540618 0.183101760461949 0.0438614100982613 -0.105619992908568
-0.0605687102145872 0.0980292152489815 -0.0272794225168158 -0.201424415732021
-0.0515051509295726 0.148526138502959 0.0777647712085708 -0.171178435265576
0.0279164450580637 0.147664697170233 0.0969305931645359 -0.17400312368965
0.108193365405741 0.0896711684199449 0.0617039757802335 -0.152322163712612
0.110771986509678 0.0253392069073977 0.0525360856581258 -0.137712226121474
0.0969236564678401 -0.0139688803821925 0.0368011886877273 -0.142874936737368
0.0794589520887269 -0.0376130848586038 0.0286951343978668 -0.119032387291171
0.071579512950946 -0.0304877936611103 0.0388182266222318 -0.0574964945017303
0.0707543481288838 -0.0266783186150738 0.0896305032742533 -0.00475801408104147
0.0941984584130183 -0.0129536728595476 0.115075849981742 0.065020934892585
0.107711259893168 0.0270671280632814 0.0977849275844484 0.144981381932742
0.110778871575413 0.0758550450274643 -0.0127125064659894 0.186229658847973
0.0461315423459434 0.141570430087998 -0.0918430115694491 0.108418373700527
-0.0434294530217967 0.159954319386967 -0.068776498358888 -0.0422190821167584
-0.070180424889077 0.122316273680784 0.07267568632636 -0.138849104185589
-0.061922410434901 0.0240955453565141 -0.0204186534690784 -0.231796256655905
-0.0612365355677306 0.0838479391105926 0.0544180589111663 -0.174603002863218
0.00238348051864877 0.0978134530053772 0.0928626305560124 -0.149866814457929
0.0614461574583684 0.0540906105141021 0.0781324370712114 -0.132691724952867
0.0573737871423974 0.0169639384361799 0.0787697775758872 -0.138779069901541
0.0520173109415921 0.0018391407904363 0.0586059422676318 -0.15178269524873
0.0486370958052674 -0.0111150672944452 0.0499981959132301 -0.129466846263402
0.0437195522276326 -0.00608665024947077 0.0629619176673619 -0.0672952388918347
0.0456973922812319 -0.00362678565564824 0.113072606594311 -0.00966359837463752
0.0599916236425529 0.0066808131344386 0.134614056089464 0.0669353097168078
0.0660554078646289 0.0300862987408955 0.109832655558138 0.149302195809898
0.0681677887926088 0.0703571940761394 -0.000783458610445828 0.180074711625869
0.00368427212430952 0.118657209294272 -0.0710945134769721 0.10075859240871
-0.0737998535831413 0.103601330709799 -0.0363798783486224 -0.0395241431796265
-0.0823265973695696 0.0442386622746323 0.103147896697494 -0.142266480426674
0.0446142236802637 0.0534984113324598 -0.16561550997293 0.0868958266905383
0.0841613830101878 -0.00811725144667826 0.00499204326886754 0.063554042144809
0.03696965521556 -0.0695321711823861 0.114050123428797 -0.0656380222526566
-0.0229877218225863 -0.0486164961572083 0.0917761163983751 -0.181956781817383
-0.0235027248089688 -0.0202364135573631 -0.0271944642450347 -0.207116880852887
-0.0131838662543403 -0.0176622491370979 -0.111756861514976 -0.148816437713937
-0.00976356074319538 -0.0211716341564503 -0.130934477138285 -0.0597091202746322
0.00262098541124757 -0.0209203501901022 -0.123773037617507 0.0266497399151276
0.000924345774032497 -0.0271603766900522 -0.114495932955172 0.090251528807909
0.0098123464290581 -0.0300304859823456 -0.128767408852466 0.119977778400789
0.0119111263665859 -0.0142764358825816 -0.14737586899723 0.108492003753671
0.00317327662861462 -0.0270722289397191 -0.156333364825694 0.0881465085863366
0.0407485416884149 -0.0312881878629966 -0.150027278578268 0.0757446485514732
0.068449225591144 0.0324837912917195 -0.142658073504591 0.0899342225308403
0.0310929593830117 0.0742058818953794 -0.100650040546318 0.202033054874098
-0.00853407512189239 0.104195718229911 -0.162034201943652 0.0566896506352004
0.037311474955119 0.0553330559779666 0.0202114020813 0.039347712595848
0.0277734223066084 -0.0061234135887951 0.119807767030867 -0.089121463563673
-0.00269296845312024 0.00301696913886631 0.0892721760766028 -0.189609185051494
0.0114387173654772 0.0161038895699167 -0.0219524374840122 -0.206670627799696
0.0305767744975685 -0.00059680134103787 -0.0995829003683893 -0.154436814498135
0.0340104755528811 -0.0212058093762746 -0.121150713995711 -0.0700315036296126
0.0467380189886656 -0.0245525814341775 -0.117232301048572 0.0161715929914654
0.04486821094784 -0.0340352679457788 -0.100566458472042 0.0846208188515024
0.0672806128840086 -0.0288787397803447 -0.11069577203222 0.126133744547431
0.0709239008104416 0.014130370168007 -0.135676323956623 0.132272461278949
0.0500991477729965 0.0308025996120838 -0.163882694679239 0.107614531432665
0.0480085287569066 0.0442421490991544 -0.158251243571983 0.0707286094893445
0.0374246576310362 0.104835552194842 -0.125193562772933 0.0603276549389521
-0.00988669015602051 0.146661997065701 -0.0730389129995075 0.157950918463101
-0.0619917744754808 0.138791251142401 -0.132009683431195 0.0176037740911781
-0.0194159547505727 0.11443555930687 0.0586724630270866 0.0182115864117048
0.0110355700680153 0.0655537149823233 0.146542195960437 -0.109777868287209
0.0231740108962257 0.0614322824257179 0.097230237314417 -0.198655170651441
0.0500419946284309 0.0510711882080229 -0.01068048948952 -0.203303700549616
0.0731583274215592 0.0160168501650276 -0.0766575213478106 -0.153708580502487
0.0757624367149793 -0.0191002116978119 -0.0949965460731159 -0.0777949235521588
0.0838665330889834 -0.024912570730303 -0.0945848132906909 0.00221821369486397
0.080812974069568 -0.0370273844489492 -0.0717775451976706 0.0734247232789491
0.110865952693994 -0.029268549468074 -0.075199405582213 0.128223698420658
0.119536051066927 0.0297080094893888 -0.102705953468008 0.157605673327394
0.0992271894768348 0.0690062632914924 -0.15806923096277 0.138361913156925
0.0639887274161037 0.104959708403314 -0.166936368639214 0.0768765548702783
0.014949590896503 0.163594197440494 -0.11718876540184 0.0257001963438976
-0.0455656661525109 0.196863318395313 -0.0384568214833718 0.0952797514285587
-0.103746554816352 0.154865262351998 -0.0819854323042678 -0.0323906693029468
-0.0706014279176155 0.159061405689931 0.104987253344761 -0.00747288676774834
-0.00601478612911276 0.132760318574048 0.177011539015879 -0.12496388131792
0.0519509901154785 0.117252819089844 0.112138178421045 -0.198321151565166
0.0878454145404167 0.0796393886304177 0.0104751964827267 -0.190270815679215
0.109018965451101 0.0276728836525931 -0.0417890268535223 -0.147216745695576
0.106167877300506 -0.016695957460558 -0.0557786493324211 -0.084919581948929
0.108657307475531 -0.0213985437944217 -0.0604788875083709 -0.011847348197687
0.102779713819235 -0.0328811065452941 -0.0336055869102713 0.0587169579980213
0.135474602285314 -0.0235439235274303 -0.0308971697310919 0.122257920116247
0.147613773155214 0.0403226270791836 -0.0609205614600212 0.172105267872263
0.131292243517671 0.0911534484473189 -0.143629498295399 0.163693478888256
0.0725147822998459 0.147144256134778 -0.172488199969227 0.0834935994305212
-0.00964246999067644 0.198025216917195 -0.114592649918085 -0.0109560876369625
-0.0765591608703785 0.215678635006445 0.000469776361122122 0.0257497722093825
-0.126033571169483 0.148235837189398 -0.0229531939077102 -0.0906817491933134
-0.106797271759367 0.17703542445089 0.140868801299055 -0.0452276004911422
-0.0225569781564588 0.175970760336356 0.193726108666197 -0.132891639935491
0.0695684818249352 0.15392118793043 0.124305563171916 -0.182509502882957
0.112167712259231 0.0965168687122464 0.0430163142668738 -0.166568164757763
0.128676183607033 0.0346053416183392 0.00448344139371298 -0.13707106916593
0.121633530680499 -0.0130838763814814 -0.00777809495308115 -0.0909140253783642
0.116821488578887 -0.0147394569888635 -0.0186361955844694 -0.0242538540362913
0.109385821358091 -0.0223325178381651 0.00914614161350577 0.0451285281198209
0.13969673693079 -0.00826903299005013 0.0120104780411617 0.113759450947909
0.149820710855782 0.0545305756697376 -0.0209697873433167 0.176870485606249
0.134725230936254 0.109650249491421 -0.125844955777481 0.176212401862288
0.0577268740002842 0.171941097357004 -0.170626851106415 0.0821720161842103
-0.0436875245410268 0.204256932888418 -0.105485867132136 -0.0448861215522071
-0.103932221190244 0.199452867119357 0.0437471266532441 -0.0356066330269749
-0.125499223563612 0.117020131373716 0.0323856237537174 -0.148879018508874
-0.123504269942107 0.161470223264425 0.159346132139097 -0.0889917858550237
-0.0378507685238122 0.182206603140971 0.190282648606774 -0.131656271214509
0.0701908376691183 0.159589730749774 0.12881070855376 -0.152226721210294
0.112615313919688 0.0946043097663896 0.0796859545712871 -0.135978981671292
0.124073701060804 0.0355733023035175 0.0552414016531739 -0.125879218048633
0.116179775703812 -0.0077686579366774 0.0402921804570247 -0.0954588603370284
0.106877231439116 -0.0051621419468446 0.0238280278780642 -0.0317276396761186
0.100765110692395 -0.00740531710419386 0.0512090980535335 0.037676917978795
0.125051276260217 0.013160139147896 0.050386632396603 0.109669232872351
0.127397372996585 0.0697270712421768 0.00949142973213647 0.179252518551496
0.108892120548604 0.123419821311487 -0.110126068238803 0.176713992034296
0.0209260774654924 0.173953358627478 -0.160154599943145 0.0709047363515365
-0.0840865156658959 0.179166158128234 -0.08277925180993 -0.0692020092441693
-0.121423638609005 0.150161208450762 0.0893829080121175 -0.0783399678195063
-0.104828898533869 0.0634686933658319 0.0717315893510841 -0.197106126375603
-0.11912616855517 0.117698601958346 0.154878840578721 -0.124509602336564
-0.0464416056468405 0.151761504950879 0.174148647885568 -0.119651528080343
0.0562950911266208 0.131895974642358 0.130014109961969 -0.116443659952001
0.0885995229833848 0.0747832734368537 0.113756554176971 -0.107647348785229
0.0945260389300533 0.0315819781594974 0.0980408665857737 -0.116709700185274
0.0903314695899539 0.000144994556814524 0.0793493290636101 -0.0976531951902731
0.0812867908992322 0.00480142337187744 0.0609431530992346 -0.0346337129769052
0.0780459390083351 0.00764131935059921 0.085606873525705 0.0372008142491355
0.0939369750405678 0.0300848404482936 0.0783319719192725 0.113923182390764
0.0888550963749728 0.0738905301583865 0.0271392913080573 0.183398607066586
0.0680041269667856 0.121604103476461 -0.0959551246671688 0.172706139675286
-0.0240294457296085 0.153191870494981 -0.138517870201724 0.0617095909526927
-0.11401546488967 0.127379381000014 -0.0478333789459045 -0.0748559944954067
-0.121502717128959 0.0799765602040586 0.133513612190372 -0.0946362676443249
-0.0718308215899586 -0.00512219588880723 0.0901186536788509 -0.222309706138681
-0.0976687227179419 0.0522047100455157 0.135179142777068 -0.136441682078741
-0.0454864139341253 0.0935622202204053 0.158468219833015 -0.0974445874087668
0.0299071797569774 0.0770676414870069 0.135729959110777 -0.0902263043676443
0.0427009018155492 0.0410445664932875 0.137453289917275 -0.0952055890925683
0.0456938672441067 0.0244649163364464 0.123451648635911 -0.114834324037051
0.0500494801649754 0.0105185364772117 0.103603302486723 -0.0964129533620315
0.0436155202961268 0.0145291014713531 0.0875661764369988 -0.0327749262455912
0.0448713208028378 0.0166925153523866 0.109083278598967 0.0428812479255485
0.0534065712707192 0.0327151600756034 0.094091203278302 0.124037604561598
0.048951220050434 0.0578570857024484 0.0344057579029134 0.191078701245364
0.0322898400519323 0.0965272341623206 -0.084250564561648 0.171181494568763
-0.0520189584799878 0.112346221620185 -0.1161494453987 0.0627632889969775
-0.116036862475062 0.0622747429967625 -0.0174543059772724 -0.0570379524198081
-0.0963627483668135 0.00238937044829039 0.16450262357764 -0.0827725653422198
0.0471476371166006 0.0521313776039164 -0.164014736721778 0.0950416025122876
0.0847091908181862 -0.0128799233452145 0.0075455915790598 0.0647012669153069
0.032372166389189 -0.0715693300518901 0.111527434461896 -0.0729656564082545
-0.0260945428112457 -0.0472384425267944 0.0835897248681729 -0.19035306065992
-0.0243375224435652 -0.0178377767112472 -0.0364061327409789 -0.210076184759269
-0.0138754239132292 -0.0161593930711556 -0.120551719693355 -0.146015255768034
-0.0101162920184972 -0.0200247559182066 -0.136133302562782 -0.0552470714373787
0.00215845068817856 -0.0212651489079121 -0.123762565179495 0.0307238387160893
-0.000424437815637085 -0.0268142880934429 -0.110338612524146 0.0960218426943481
0.00820934684756391 -0.030285125984634 -0.124398501405005 0.127715574726272
0.0113981172912901 -0.0143404433543239 -0.144115584689496 0.117425443243413
0.000752956659161457 -0.0258607371362521 -0.154278215531451 0.0961469161370378
0.0387390862454626 -0.0330240666450154 -0.150146456495273 0.0823778677457638
0.0712804759270979 0.0282329457095073 -0.142883591855078 0.0969463811891748
0.0355663964456962 0.0739347098034358 -0.0927524833743548 0.207816336380479
-0.00478437232143878 0.104333265611256 -0.161866203944011 0.06458885373222
0.0400674321696966 0.0539191244555281 0.0224082674739788 0.0397155887699751
0.0253059660675072 -0.00826164986802529 0.116013617464115 -0.0968168209999452
-0.00312122001963112 0.00366930853389529 0.0809548347489219 -0.197539580842513
0.011920018867712 0.016912572786669 -0.0314169018646592 -0.210226396305384
0.0302409440757766 -0.00107021171813965 -0.10826270431884 -0.152464611648269
0.0340065432565337 -0.0221721990417408 -0.126572558298127 -0.0658620923858525
0.0469799753267225 -0.0270043299844183 -0.117045318666949 0.0201927183580623
0.0443350750186311 -0.0353646740196834 -0.0968003781902 0.0895632191546135
0.0662365934468222 -0.0315999225140897 -0.105344695357718 0.133595659193577
0.0733617673582321 0.0126298019111345 -0.13051653098323 0.141568871612352
0.051748162275177 0.0310160861457574 -0.160927262798625 0.117740869042972
0.0489367286361874 0.0430300047396765 -0.157983988685612 0.0778483907921994
0.0427202711088876 0.103902535634749 -0.126101245273855 0.0654025631197381
-0.00388995189611899 0.148314517809342 -0.0674326390061055 0.162063322358671
-0.0573097238403973 0.141387502648515 -0.132567485113065 0.0232415567218208
-0.0142896453120721 0.11569515138838 0.0598253548095572 0.0169575252220149
0.0113219534934985 0.0644449267248497 0.142422713314632 -0.118326843612608
0.0251205900438718 0.060961233265448 0.0894802527530501 -0.206764313171903
0.052506531384416 0.0507403026641464 -0.0202977308093624 -0.205573313363192
0.0741284229204363 0.0140028415578785 -0.0851558661771327 -0.152996593250025
0.0750427750653917 -0.0218560069653789 -0.10038890362926 -0.0756350950148169
0.0845940887692675 -0.0290603667934165 -0.0955624444919893 0.00584272589668479
0.0806325864241401 -0.0400980024574109 -0.067441178299766 0.0767419393645487
0.110757644231458 -0.0335104376436123 -0.0684936703989192 0.134138575495608
0.123527465455616 0.0255972876643807 -0.0953396685122253 0.165018116971612
0.102551512792848 0.0665763673600223 -0.153267038017841 0.150358248320433
0.0679400305126658 0.104277797066613 -0.1670983483083 0.0853885686655161
0.0215110164284586 0.164185415310521 -0.11963300931069 0.0311332568078004
-0.0380933493105586 0.200517923326852 -0.0356704221400463 0.0972909946261797
-0.0988642289059843 0.158258603997038 -0.0840909717353836 -0.0289471409886511
-0.0641415330714796 0.163359725058974 0.105187514492225 -0.0114342203662052
-0.00321499605760071 0.133352668830827 0.172574366542594 -0.134711477470393
0.0562255926751758 0.115991892780457 0.104172053716323 -0.206528473833874
0.0922886610521006 0.0779912832571351 0.0023428807775564 -0.192894698668642
0.110468443664554 0.0244737149790033 -0.0495266174767836 -0.147304808405734
0.106060274452555 -0.0207653015065029 -0.0612124173192187 -0.0845584953397467
0.109192354002221 -0.0265511263452264 -0.0607368486218624 -0.00920427033345558
0.102989601590323 -0.0369340278001612 -0.0289941205866948 0.0607829883642531
0.135568726322345 -0.0290022908399468 -0.0236260959872405 0.126547286591757
0.152213058540485 0.0351086670558512 -0.0520534626020601 0.178402493485687
0.136945081286599 0.0876518234388029 -0.136450901985077 0.1761879059457
0.0785991252242752 0.147210955972428 -0.171201925885369 0.09315652718246
-0.00183592153326509 0.201389417945689 -0.1179469729326 -0.00527330333260296
-0.0687028851170769 0.22080041428749 0.000431769206456322 0.0262218124375712
-0.121916334337853 0.152762530252541 -0.0268890443743809 -0.0897444203851593
-0.100585069556044 0.183883007395687 0.140742434973566 -0.0508400528681334
-0.0184344821040445 0.17833036403372 0.189109433975533 -0.142795648841846
0.0765100638998329 0.151944109281425 0.117291531861883 -0.191064748882217
0.117684380946369 0.0930575798356401 0.0359389631346868 -0.169940221959318
0.130565720617268 0.0301546356317556 -0.00265331592833867 -0.139276047448744
0.121268736103925 -0.0178280386264466 -0.0138567906157347 -0.0920164091714204
0.117407078426437 -0.0199101079476541 -0.019713763119907 -0.0226748321449113
0.110177046619712 -0.026229256956181 0.013599336191329 0.0453883196903513
0.140574193849072 -0.0137888197495055 0.0200563322961415 0.11612665675065
0.154471181016213 0.0493323769946956 -0.0102085710990799 0.182184513862639
0.140955192050803 0.10539227324481 -0.117454611819765 0.187871167190261
0.0648913347857899 0.171672453869353 -0.168297796921013 0.0916140604908123
-0.0361717250764748 0.209305865353623 -0.110579682563359 -0.0400655680593684
-0.0968655225773195 0.205037993939981 0.0405986570122944 -0.0380206490867164
-0.12307685311334 0.121739576149579 0.0264292708939307 -0.150773468217308
-0.118701279707766 0.169313985031851 0.156962581043128 -0.0955943333926469
-0.0324997144726817 0.185963695941209 0.185784226392007 -0.14200494119075
0.0775496568792717 0.158671757293933 0.123586411964001 -0.159766745900722
0.118504815534182 0.0914305563355046 0.0742364735794679 -0.139616287808009
0.12626632593649 0.0309235178790486 0.0492098922664534 -0.129452368580558
0.116466643919747 -0.0123481301830979 0.0340410797400368 -0.0988237939578539
0.108346518826655 -0.0101213845510038 0.023025464161504 -0.0318714038047422
0.10181694433624 -0.0111682982667016 0.0547588276294615 0.0358008831273614
0.126354204773691 0.00805229787351504 0.0579754896336039 0.110096846040922
0.132281775347226 0.0656232893037925 0.0200565471743733 0.183059365675476
0.114884044144558 0.119522879416556 -0.101193109715679 0.188107524310806
0.027542005427657 0.175547044025477 -0.157510037655324 0.0808419942416739
-0.0776815936846299 0.185531391689478 -0.0883149974011268 -0.065630658998893
-0.117009080070089 0.156619470375784 0.0847722432502548 -0.0832727711564524
-0.104348886490761 0.0673059873378389 0.0642849246994241 -0.200949837723545
-0.115556527814496 0.124382700554149 0.152014493533542 -0.13009416987968
-0.0409296015414632 0.156510879607622 0.170640556762019 -0.12847561477906
0.062550822733125 0.131024214357049 0.126175816234728 -0.124214938536552
0.0925332860052476 0.0713729490038167 0.1097338152838 -0.113032097919607
0.0960411872646636 0.02751410764853 0.0930574302525946 -0.123078289865439
0.0908759342302318 -0.00387719142291061 0.0736106825066523 -0.101877316006354
0.0827987872192203 0.00179498677577616 0.060621904093803 -0.0364090734903997
0.0794763547068745 0.00453518394441355 0.0896295741693028 0.0343810925797971
0.0955294778549182 0.026630140642053 0.0864793236416384 0.113058650949075
0.0937431372546234 0.0707482986322829 0.0380572821048718 0.186539888526474
0.0740248446886421 0.118413752863949 -0.0886363361351075 0.183164083924527
-0.0171061795765684 0.156296454613579 -0.137540023842055 0.0702202628544103
-0.109661786543196 0.135296287676881 -0.0538947263657647 -0.0729482596563356
-0.119217900848736 0.0853121721270658 0.127830181960142 -0.101027157855962
-0.0739543582431204 -0.00225276723130483 0.0816462786868304 -0.227179406672903
-0.0964614273807208 0.0582081652749588 0.13153285763036 -0.14189481272566
-0.041701314482457 0.0971507240429526 0.156520898161799 -0.10554025196286
0.0344054317270998 0.0761642905584419 0.133918355441478 -0.0972082102552676
0.0448909765250779 0.0390951419484727 0.135423867281054 -0.101330971076362
0.0462972397034307 0.0225343729384886 0.118648289726112 -0.121366757298445
0.0500115245864217 0.00844104082389104 0.0984653960345365 -0.101784685097008
0.0449991013760494 0.0132509792558201 0.0872065652914474 -0.035317227298686
0.0453625995470274 0.0151443019116664 0.113055416687584 0.0399627142293425
0.0549577071942284 0.030778313563719 0.1025939019196 0.123249257724756
0.0518214297724868 0.055444047112365 0.0453803322885344 0.194085510541584
0.0373680051672234 0.0945342377899438 -0.0761404199090696 0.18094116263329
-0.0466544047535022 0.115962036797403 -0.114281800628418 0.0708621591092976
-0.114387819299568 0.0691092667703233 -0.0217138896876905 -0.056590667611796
-0.0975304839780695 0.00673575444081334 0.160555088960067 -0.090770563889741
0.0485105281985645 0.0509846291438825 -0.162563925044725 0.0997443850118136
0.085195691777922 -0.015880807319787 0.00943484905018437 0.0662124924545411
0.0290811078322368 -0.0724346838431759 0.109120774596422 -0.0775188076057585
-0.0280397886765734 -0.0456662325957337 0.077277304286897 -0.195788867650407
-0.0241699621130202 -0.0161845094897311 -0.0432479961250174 -0.212738117547044
-0.0137355058869892 -0.0145118630801777 -0.12645736022189 -0.143932393545062
-0.010689433569914 -0.0188681848713841 -0.139530100415582 -0.0517774984901089
0.00181287842985573 -0.0211620820285925 -0.123524620491389 0.0334778361773654
-0.00113274382094243 -0.0264753199759222 -0.107010761555184 0.0996652948322783
0.00760776873011331 -0.0303602102102101 -0.119952469467905 0.133286922930002
0.0118868307039555 -0.014509254662608 -0.141006272713523 0.123055154873163
-0.000502802126084431 -0.0239650640027309 -0.151861667026573 0.101964773087325
0.0367938474199366 -0.0339746825756641 -0.15020867786522 0.0863576183339291
0.0726597341588964 0.0252681466958835 -0.142913947420008 0.10100238039561
0.0388477053819778 0.0729308360777706 -0.0875654101336507 0.210724491563529
-0.00245168262284891 0.103999197297791 -0.160480899904626 0.0690219514372254
0.0420616047979709 0.0520539097843314 0.0232708184216639 0.0406750281544198
0.0230581557695396 -0.00884244429941724 0.112782046711546 -0.101244806802812
-0.00365087933172502 0.00428152395877736 0.0745453032010973 -0.202100038094412
0.0126928929134613 0.0177861124702145 -0.0372201501341621 -0.211936534721719
0.0305709963841063 -0.000343733979436746 -0.114099276403538 -0.150808517795882
0.0338635196219672 -0.0224243412198772 -0.129620205746383 -0.06284020727413
0.0469322130914519 -0.0282561619159999 -0.116768312960655 0.0229220724761072
0.0441108366555937 -0.0361808964194615 -0.0932589113177009 0.0925820401852985
0.0657456153308574 -0.0329815755883252 -0.100493428679946 0.138514741344303
0.0749142131674636 0.010913130814512 -0.126305864250908 0.147454954666407
0.0522847043278816 0.031608552342302 -0.157713337102799 0.125381432707281
0.0489517556858964 0.0426936345262799 -0.158175075471834 0.0826139526728935
0.0456890487567003 0.102518892011182 -0.12791788422494 0.0696983488484157
0.000454839085327242 0.148387931973641 -0.0643912386853025 0.164059143829035
-0.0542491736524909 0.141474152293266 -0.132304389456545 0.026517936794146
-0.0111522934546152 0.1154345481451 0.0604219572418417 0.0168442788960198
0.0111158146444956 0.0639372363091276 0.137913983388836 -0.124254130571195
0.0258326794231395 0.060948839326018 0.0827692299006838 -0.211604363911437
0.0540792717648829 0.0504975257624516 -0.0259938995827094 -0.20678340479691
0.0746519823349485 0.0132129926416613 -0.0907308087260642 -0.151123234168962
0.0745590935941492 -0.02332767564345 -0.103774712339601 -0.0736310300147199
0.084752015102856 -0.0313766943296985 -0.0951831522841118 0.0084388145898125
0.0807665694282945 -0.0418521550985359 -0.0643626449854271 0.0789233739893614
0.110097665379267 -0.0367474409959507 -0.0626293851601575 0.137995719887184
0.126092095474529 0.0232755577833154 -0.0896461355384632 0.170290582451356
0.104839867462131 0.065870454018933 -0.14887592681132 0.157861843757363
0.0699110399103399 0.104393574589417 -0.166833964890219 0.0907226969853981
0.0253951485893959 0.164787246031659 -0.121993932331375 0.035019167103711
-0.0325337308570783 0.201663963242283 -0.0347456370453618 0.0986544672848335
-0.0962703446295407 0.160064379272163 -0.0846609952008019 -0.0260807966533413
-0.0600142635059447 0.164993469208574 0.104898670571326 -0.0123058361152266
-0.0019017162108499 0.133372784331542 0.167920039653035 -0.140915566146841
0.0585237107019901 0.114877910108187 0.0977281336229336 -0.211647335817583
0.0944527365942581 0.076652285495774 -0.00309804935727743 -0.194045689493941
0.111396586445659 0.0226219748074654 -0.0547344510457543 -0.146373134053442
0.105881939337468 -0.0231735124057115 -0.0653144531972529 -0.0835651869929269
0.109032920870127 -0.0294085475534974 -0.0608284408425012 -0.00739212335090022
0.102984169898678 -0.0390206487996539 -0.0257948906192035 0.0614782285791356
0.135518719717229 -0.0324897774391793 -0.0175046859607488 0.129277259243594
0.154859012989489 0.0313092749771431 -0.0446175235330644 0.182597646764753
0.139302973539502 0.0858712766913091 -0.130113472959824 0.184034625594494
0.0822144295105358 0.146939265402963 -0.169753401106436 0.0992330288694083
0.00270064539314103 0.20280149004295 -0.120352321301252 -0.00128761001338244
-0.0631020084252587 0.223126338739804 -0.000722601613807783 0.0261444053687764
-0.119556529948944 0.154613947673294 -0.0290581225773146 -0.0884598827704402
-0.0961297255794896 0.187021613065447 0.140021125157158 -0.0528341702550271
-0.0154236357027077 0.179544892999432 0.184742583872019 -0.149670805291725
0.0805419156905703 0.15097333986233 0.111426630334883 -0.195906813938536
0.12104917911156 0.090856130674449 0.0312787972577201 -0.171158393654861
0.131130624395196 0.0272198272061593 -0.0069902743264142 -0.139102464353458
0.120908392565073 -0.0204608771462116 -0.0182854058754561 -0.0927411353196062
0.117735171295486 -0.0229508658740131 -0.0196373656276581 -0.0212871749049286
0.110653026172327 -0.0289565810286551 0.0168670433678131 0.0451084199720715
0.140685056856015 -0.0173552765789177 0.0261274773960129 0.117172282416948
0.157852091984196 0.045017481479966 -0.00202442974654239 0.185213034766629
0.144181185698909 0.102413321378978 -0.110657611626681 0.196195875144046
0.0698157507132981 0.171625865652622 -0.166448923440925 0.0978362142700677
-0.0314138165524057 0.211821810650581 -0.113433261210769 -0.0356600920229199
-0.0918800281292398 0.207841410237775 0.0375594814557347 -0.0396054376261829
-0.121547559730678 0.123974533352102 0.0229513991942193 -0.15114439838512
-0.115184433745839 0.17350805527956 0.154911059524237 -0.0978455629225632
-0.0293828964451563 0.188340138805268 0.181537212950626 -0.14830182728796
0.0821776750627478 0.157672784492134 0.118147220358596 -0.165037553940843
0.121560114191172 0.0891620377502825 0.0709615075151755 -0.141728982479286
0.126958299781536 0.0277322712707759 0.0449866234049919 -0.131127989295647
0.11517806038655 -0.015320311762569 0.0293714341514485 -0.10046830649983
0.108390537816545 -0.0129204163615788 0.0228034009233598 -0.0314762478839052
0.102238147077905 -0.0135069549441664 0.0579223321066665 0.035133983304013
0.126675780936816 0.00527177607626075 0.0644528396230812 0.110105766094443
0.135748711971903 0.0614262093231211 0.0286343824644926 0.185323282205075
0.118497999633756 0.115944013614686 -0.0935006497573346 0.196232824885817
0.0322064016334989 0.176218990502466 -0.155427028116653 0.0869074947845731
-0.0730838547972701 0.189722429129578 -0.0921793321349679 -0.0622656641897029
-0.113301489418447 0.159761245003291 0.0805223350284766 -0.0858616486584258
-0.104365489633985 0.0699367580361213 0.0594315256077659 -0.202045563300127
-0.112810593097689 0.129003145027345 0.149220804085926 -0.132486802099687
-0.0372742871690534 0.159230754025032 0.16767324740105 -0.134412012063381
0.0667086394784639 0.129468433202966 0.123016267707308 -0.128377047665407
0.0949732257374949 0.0690945141221534 0.108044160550353 -0.115471081890657
0.0966259145175722 0.0249358712631876 0.08946178410931 -0.125809254191567
0.0902380609021125 -0.00563136376075004 0.0689839474343576 -0.104347437617252
0.0831065530223421 -0.000566635499806543 0.0602976319301793 -0.0364840190684893
0.0797636360967547 0.0023442789324632 0.0926376947476005 0.0330827002393846
0.0965189289539138 0.0242751818937122 0.0927133459049489 0.112474376274698
0.0961217443480434 0.067774242518203 0.0461349060165738 0.188081578731275
0.0779065027884338 0.114977142411081 -0.0816053199627194 0.190352454683791
-0.0125371898735597 0.157882005137674 -0.135587300570919 0.0762400897750996
-0.106268272091172 0.140139703353395 -0.0574964240794129 -0.071045305597021
-0.117640145211127 0.0884036622862146 0.123696052076004 -0.104807240067019
-0.075250949202068 -0.000671351670321547 0.0765850401886273 -0.229503565378779
-0.0945800792375709 0.0619025582980223 0.128802119081545 -0.143300680555105
-0.0386427600289838 0.0994828598480658 0.155540804081052 -0.110830248690408
0.0368561325699924 0.075036840609314 0.131361785580938 -0.101920991060136
0.0463047472033967 0.0371912238232839 0.133096998120281 -0.105501410710669
0.0462902179985136 0.0218488499602162 0.115070241447156 -0.125428920200145
0.0496333403817128 0.00703842414488488 0.0935506998098941 -0.104622672158261
0.0453694790631676 0.0122458739871397 0.0862131273807499 -0.0359012996344794
0.045993346317814 0.0145368063597336 0.115695477977605 0.0381385256610036
0.0558283910168724 0.0295121511731667 0.108701909103232 0.122369330205274
0.0531225709839486 0.0533894231178901 0.0530158104115423 0.195147721153571
0.040409710438136 0.0924661565184819 -0.0697622362676441 0.186863171054763
-0.0424736258605932 0.1180250797462 -0.111807813327031 0.0762357960337318
-0.112188185249484 0.0739425477364065 -0.0251038003830121 -0.0562286491714849
-0.0978937616819263 0.00941496017104507 0.156720230515874 -0.0951976799590014
0.0501398670428739 0.0505145564049905 -0.162648191177943 0.103135288103111
0.0865468191374652 -0.0188305023331636 0.0112728963218985 0.0684466817900649
0.0266921523220231 -0.072933784285596 0.107955311900392 -0.0813765507291753
-0.0297382815207033 -0.0444680232334572 0.0729119165351172 -0.201331067516349
-0.0243074988991786 -0.0147215894192304 -0.0481416637699368 -0.216690394743123
-0.0138683347427533 -0.0132585482125299 -0.131338397327639 -0.14373057386146
-0.0103063518076598 -0.0183236131300717 -0.143546158251574 -0.0496136304991805
0.00211677592000485 -0.0215269067374391 -0.12502912470505 0.0353017363683949
-0.00121669699291671 -0.0256943310737008 -0.105967284247388 0.102633405944771
0.00689506747251998 -0.0301791639523691 -0.11795050679702 0.137679287074942
0.0120281611282319 -0.0141552654219608 -0.13985820478795 0.128148032364691
-0.00145407257536936 -0.0227974799782442 -0.151998575318812 0.106013958934625
0.0352726424250252 -0.0351966931017803 -0.152124153268832 0.0892202948629913
0.0746934451387097 0.0228633759261662 -0.145195348613067 0.1042216704491
0.0416112817177213 0.0722952135124683 -0.0857005520488463 0.214038808673012
-0.000821948332190593 0.104746634759342 -0.161377319382546 0.0728437971080817
0.0439832833657486 0.0507023056872205 0.0238466820535833 0.0427839624081844
0.0215834926408252 -0.00935197507786211 0.110417908199216 -0.105021020874056
-0.00463870409719032 0.00476508989764518 0.0706256042736139 -0.207366428622461
0.0138105638430672 0.018976958258684 -0.0415100609586561 -0.215736232577872
0.0314436402787928 0.000430504272082098 -0.119062785333773 -0.150959647020402
0.0337649378625489 -0.0220312504290214 -0.133360846169919 -0.0618658600608552
0.0473670746371463 -0.0290824277687072 -0.117746015996118 0.0244333701224724
0.0448559449356231 -0.0369090996068961 -0.0919966849139257 0.0950658114546075
0.0659629723483025 -0.0338369451494287 -0.0972927334948052 0.143573044211509
0.0770897487744644 0.0104576751438315 -0.123456604189478 0.152895302573623
0.0537196371843386 0.0327695628253244 -0.157055641918893 0.130921646925802
0.048972650845085 0.0428898885637452 -0.16037626580999 0.0861452900907436
0.0478742561987571 0.10226206248009 -0.130113198006978 0.0726632181946032
0.00389121533320928 0.149210005018042 -0.0633421725033181 0.166757731561797
-0.0530898930820192 0.142750978597996 -0.133496740472964 0.0294997474603163
-0.00885917314481619 0.1158452497768 0.061566985391448 0.017922541694739
0.00978352473371376 0.0640511882075077 0.135818429216132 -0.128282729825332
0.0262108408748517 0.0613473463193918 0.0786338019618526 -0.216357897784531
0.0556395779093727 0.051249479617377 -0.0297254873434143 -0.209328070752825
0.075466663394066 0.0134464771617757 -0.0949568880342851 -0.151310063016448
0.0749672895144478 -0.0239321215941811 -0.107740574159197 -0.0732413323594136
0.0853555500631842 -0.032946589501205 -0.0961255600239392 0.00958946958650538
0.0815593434086992 -0.0432369667159077 -0.0622755553540453 0.0809809644576598
0.111158924314629 -0.038504920650906 -0.0589129081075053 0.142013988086882
0.12936599951652 0.0215591703716021 -0.085377728043407 0.175514864514713
0.107499728521566 0.0661492666944332 -0.146754996139797 0.164532976890505
0.0717987410014839 0.105439792940574 -0.168368335718748 0.0949734851312855
0.0282301646087349 0.166386660880846 -0.12477247519097 0.0376628336305997
-0.029118440388132 0.203599157062486 -0.034729017318437 0.100541919899983
-0.0959770133101142 0.16179695402932 -0.0862020679514581 -0.0246068040117843
-0.0585686998697646 0.167632395316893 0.106635588298904 -0.0123589553726527
-0.00236306765737168 0.135130388711395 0.166050404891593 -0.145623077671212
0.0599794690242972 0.114990175868212 0.094044919306634 -0.217209034056835
0.097485211004117 0.0766732556255785 -0.00657748496852657 -0.196608717544718
0.11282413796053 0.0223988546100808 -0.058488048884512 -0.147204606284667
0.106342745067193 -0.0237000754433312 -0.0687021766402128 -0.0838997901976625
0.11073395624912 -0.0315674859216433 -0.0614535472205425 -0.00631448982141491
0.104544213717871 -0.0407704804589628 -0.0232724209765219 0.0623492264072414
0.137206471935392 -0.0347862626436581 -0.0127608129242017 0.132009274619956
0.159140866005829 0.0293133251130965 -0.0387102489309057 0.187137183362533
0.142656415954624 0.0854230657563991 -0.126451065867203 0.1914484260712
0.084724606211217 0.1484622216655 -0.17113458086078 0.103927724761664
0.0054578577770442 0.206236431977966 -0.123872868954457 0.00184967145731842
-0.0605244133664634 0.22583352337724 -0.0022254434405852 0.0266413535925578
-0.119990334882025 0.156604417072141 -0.030426554838871 -0.0882069487529134
-0.0951217217129088 0.191266473783479 0.140991821515274 -0.0536861468659557
-0.0149043704189054 0.18238380361505 0.183568232097855 -0.155064301722721
0.0829912628438673 0.151295411583852 0.108033718128212 -0.201042668773868
0.124013321244125 0.0902566813711799 0.0293422966549788 -0.173368032472249
0.133077736036627 0.0268842862093343 -0.00964651189674136 -0.140460096826822
0.121217214208996 -0.0221481781931941 -0.021799748151325 -0.0939334807115442
0.119168656391272 -0.0249814429461618 -0.0196476020251637 -0.0203988034500886
0.111852557972239 -0.0305189554476199 0.0192690795045047 0.0450184870707007
0.142041403998173 -0.0194008795156059 0.0317648338231846 0.119471949491358
0.161755821905868 0.0426489756340396 0.00396865040690062 0.188692753992548
0.147162286006898 0.10167497029807 -0.1050939313809 0.204030071016326
0.0730483556560704 0.173190195598779 -0.166939626590893 0.102686371628249
-0.0289498992681059 0.216011055855919 -0.117087152636582 -0.0331089932100595
-0.0898759836223691 0.21083270852963 0.0357339531926043 -0.0399484614420243
-0.122381984564945 0.126397615573832 0.0210711193396832 -0.151787639117375
-0.114307598669047 0.178772201115509 0.156448117414237 -0.0990541756672944
-0.0278722528666594 0.191751966739058 0.180120257909496 -0.152874494736863
0.0859966590338192 0.158287693535001 0.116076408136168 -0.1693138750629
0.124944825994931 0.0877357935677204 0.0699470469021505 -0.143798126334522
0.128495815531788 0.026914174834552 0.0432510095066139 -0.13375491744883
0.116276672496089 -0.0164403215794083 0.0263679888990578 -0.101774997114812
0.109868985395049 -0.014346775492553 0.023270817618793 -0.0306560999226846
0.103625054729625 -0.0146613211275161 0.0606396403029257 0.0345698617252452
0.128462138718364 0.00371088655018971 0.0699595250569563 0.111264146555514
0.138860242506598 0.0594954363352299 0.0349475892237723 0.188389740305628
0.121463953255594 0.115475014835592 -0.0879824166454223 0.203960768311868
0.0358968400014338 0.178650689966827 -0.155727826766206 0.0916925418759402
-0.0707904836833491 0.194019827799794 -0.0958956963630016 -0.0604404817231869
-0.112475480351383 0.162628717329004 0.0782363946242644 -0.08719857076047
-0.105628336482452 0.0716526119738657 0.0574903806728292 -0.203635708674064
-0.112189611226748 0.133364609082819 0.150107203842842 -0.134082612969692
-0.0356001642048595 0.162715714381395 0.16702446140477 -0.138819189335752
0.0699805807677011 0.13009208871166 0.121137192965389 -0.132401867584631
0.0977517065239347 0.0680524130319925 0.107693775771389 -0.118645290268756
0.0980164326295373 0.0243846052460076 0.0881196138931697 -0.129040520408805
0.0911266334859234 -0.00716539214540757 0.0666018078728226 -0.106692783115616
0.0844713996027691 -0.00177703023236638 0.0608451605908562 -0.0366169331067593
0.0806250643285266 0.00133941294839464 0.0959092837700535 0.0324585385264847
0.0980243251645583 0.0230329782061776 0.0979842468288138 0.112736790398798
0.098840487603968 0.0660311499615554 0.0526857639329259 0.191196784553297
0.0805867854537065 0.114423454006931 -0.0766756991214426 0.198013728755912
-0.00925214178804355 0.16024820473146 -0.135196427708921 0.0806872612094441
-0.104681798226583 0.144243957046945 -0.0613637828804223 -0.0695854747378916
-0.117616067856332 0.0905146453857742 0.121273382713716 -0.107771513839341
-0.0773120360525519 0.000716566539852866 0.0740015408140493 -0.231748193254353
-0.0943497598128081 0.0651863591889795 0.129214048183026 -0.145014182401319
-0.0364762200117961 0.101706177089535 0.156256096552436 -0.114886214968556
0.0386810804312525 0.0746465083033624 0.131134476890591 -0.105753214119157
0.0473203537142179 0.0362205132295576 0.132839791559657 -0.109256144268404
0.0466864236262707 0.0217231460639111 0.114003206478337 -0.129510054776667
0.0496972380455539 0.00658234562277263 0.0917095055343287 -0.107290177238994
0.0467209563570218 0.0115963764372552 0.086918372113729 -0.0362562703408488
0.0460350478209289 0.0137377593979861 0.119063044112453 0.0377076357892153
0.056493259318091 0.0283708374712679 0.113177754827974 0.122928781999278
0.0546666893495695 0.0522735225676184 0.0596350533031727 0.197924238263595
0.0426999382128899 0.0914514802983712 -0.0655417972946336 0.193743834035715
-0.0401803537256284 0.120380999706191 -0.111044026443379 0.0806783938901176
-0.112355158280336 0.077410158051175 -0.0278632142344041 -0.0555933521926939
-0.0990840276724874 0.0104580590079827 0.155225657707363 -0.0986945469566453
0.052371307907941 0.0511429511425876 -0.164961899972197 0.108079228587246
0.0888021456175029 -0.0225576568652651 0.0137191094937886 0.0712845803314595
0.025405396554459 -0.0743986727745851 0.108682379951433 -0.0846009833418159
-0.0319697489001276 -0.0439440329624153 0.0688518609342863 -0.208349832674633
-0.0243850281363828 -0.0139124768608924 -0.0548905653984293 -0.223305111757461
-0.0131265632229985 -0.0122769202055647 -0.138467675972669 -0.145068437560634
-0.0102955497856197 -0.0178518875928178 -0.14863023998096 -0.0476546626299798
0.00265045092651837 -0.0221240022548964 -0.127473821070682 0.0370163494641871
-0.000813804539929459 -0.02598849456417 -0.105766646688774 0.107221709803991
0.00636921926805298 -0.0308254224797347 -0.116299125404251 0.144206977935911
0.0126455482636575 -0.0140872626881114 -0.140208252495509 0.13411195307422
-0.00205302735615672 -0.0220052576406276 -0.15281719809774 0.112093733902602
0.0340167473278012 -0.0362554942980229 -0.156041491240649 0.093347938183493
0.0772266007924812 0.020536801262449 -0.149178647927574 0.108640500359923
0.044755801273307 0.0726314731765222 -0.0836851305914693 0.218979054696779
0.000818742206139524 0.106113993181358 -0.163982325021343 0.0766027248300334
0.046311264297041 0.049486728490375 0.026429501421386 0.0446168058318078
0.0203419882434716 -0.0100349587200964 0.110494743053941 -0.108544652054081
-0.00555550913881205 0.00568653431761658 0.0660723015887301 -0.213897440015548
0.0151497256402841 0.0201442900011864 -0.0477415985769141 -0.221148872869977
0.0328123594162092 0.00117126829153003 -0.12514417953665 -0.152181928778673
0.0351920504517864 -0.0226572213041535 -0.13870047392528 -0.0606307909124442
0.0489929664189529 -0.0306514358087471 -0.120331068448029 0.0262223552957545
0.0460388378057447 -0.0376674732071042 -0.0912656910210958 0.0989189490862277
0.0671879632705991 -0.0357843006471955 -0.0949424929884037 0.14980791081755
0.0801257820494883 0.00935202622840373 -0.123128334735187 0.160031991066936
0.0561031402335381 0.0341052053735517 -0.157118224495196 0.138453586127577
0.0494134858339493 0.0439428608043341 -0.164619927434755 0.0908091628289748
0.0509058548277623 0.103140775989256 -0.134340858560013 0.0759436666987275
0.00719305519299255 0.151702509757535 -0.0626712545629535 0.170757412144146
-0.0527547902875276 0.145947797990832 -0.135595042670295 0.0328398040699248
-0.00718756130959874 0.117396501760076 0.0639278603021343 0.0191739293327186
0.00921554501505629 0.065297494436963 0.135133974084514 -0.133043795124248
0.0270276164640483 0.0626075055882466 0.0751627228927835 -0.223165906607775
0.0584572249049932 0.0523980236536984 -0.0349347164148442 -0.214575116313224
0.0777472220193996 0.0135514326659361 -0.101022300662883 -0.152699495084566
0.0766646436085647 -0.0244774363563962 -0.112908033396775 -0.0725696270437294
0.087528409819144 -0.0349510937077358 -0.0979994319635341 0.0114716283684505
0.0838165303737174 -0.044817184759858 -0.0611033096412769 0.083616499723819
0.112842850427574 -0.0407399959843242 -0.0551705527128217 0.147351835747882
0.134202575035408 0.019868461370801 -0.0819676489122106 0.182181362495739
0.111697880762226 0.0674844398163276 -0.145118040340266 0.17352439446493
0.0736967414941334 0.107901414937743 -0.17225422378092 0.100814473782768
0.031184240876984 0.169674832066882 -0.129285072032665 0.0406786427801174
-0.0261648699156377 0.207566145771951 -0.0352133400981736 0.103437506675416
-0.09693123687416 0.164966776476229 -0.0880487395275611 -0.0234035776666559
-0.0568547149806748 0.17155251223914 0.108990030163904 -0.0126225776475401
-0.00210190423390993 0.13798900232407 0.165386361614195 -0.151133556016796
0.0615603674810039 0.116968041518453 0.0904439235998783 -0.223340094213496
0.100898730962573 0.0772061491006536 -0.00996211708274203 -0.201048725766149
0.115847583757338 0.0218477517576069 -0.0622296041954885 -0.149334033017473
0.108079412329927 -0.0255632336738684 -0.0738417070532127 -0.0845824549952716
0.113524373342193 -0.0345170561512485 -0.0625494383639933 -0.00484588526663653
0.106981103644173 -0.0434174562371839 -0.0214180762492947 0.0643877529214109
0.13956204521297 -0.0375697774049972 -0.00786362044191463 0.13601259392985
0.164677271555763 0.0268111666080763 -0.0331088002838213 0.193032692049547
0.147938071421648 0.0859122556262862 -0.123155103078837 0.201269324794691
0.0890861533249116 0.151342354563725 -0.173597616236326 0.110215607590304
0.00866140530949457 0.211462997463939 -0.128605883223403 0.0046180308535371
-0.0579287494116638 0.231006222650832 -0.00339050251255027 0.0280061580718663
-0.121232489979358 0.160583621844034 -0.0320950269648012 -0.0886088226494772
-0.094328291223256 0.197317575462877 0.144306810240439 -0.0550193214125169
-0.0143459433302192 0.187254496893832 0.183288511794158 -0.160993997663879
0.0862123241050675 0.153567871784436 0.105610255970372 -0.207678889383581
0.128611248463395 0.0903929340563894 0.0268318716398983 -0.17667825918118
0.136487291150692 0.0254321204037717 -0.0123255427329563 -0.142893364913164
0.123222382552289 -0.0237921386792234 -0.0253979655602533 -0.0953809693606331
0.121937633868254 -0.0276417747749454 -0.0197349424520526 -0.0196642146970169
0.114313580066448 -0.0327944331547777 0.0225948491111012 0.0461859127603814
0.145219062675386 -0.0217338250829548 0.0377500661348512 0.121523824711854
0.166611923618347 0.0404304541774956 0.0115470916946635 0.19400741156821
0.152273431111207 0.101285382078902 -0.101090101136859 0.213948810799863
0.0775861850784889 0.176377093493733 -0.169087778843619 0.109595561036868
-0.0257513300622684 0.222239345696997 -0.121648487487902 -0.0309566964832573
-0.0886098832545004 0.21604166403089 0.0336907638294988 -0.0406443900121329
-0.124715359737567 0.129877595376174 0.0192552768933348 -0.153986820789484
-0.113924806472211 0.185316211098365 0.159313450045279 -0.100984319202341
-0.0264291956065273 0.197414346653258 0.18109802842261 -0.159566449094801
0.0896234524753066 0.160681714121137 0.113662775071043 -0.175102423856976
0.129541600500051 0.0877393734017759 0.070071893374653 -0.147524216255165
0.131489028139803 0.0260951029963153 0.041499995726708 -0.137182743446749
0.117962841062857 -0.0183083921931949 0.0231386471629235 -0.104760835225087
0.112817261777774 -0.0169691372924027 0.0240522870829691 -0.0305674748383507
0.105472868923746 -0.01586934116083 0.0644666805718084 0.0345110878830891
0.131285180279014 0.00161842550282392 0.0767332905252864 0.11351791133586
0.143776274145723 0.0577561411646022 0.0429659561971114 0.192556676630224
0.126462645549926 0.115001130422912 -0.0836444305752687 0.21296442684604
0.040384063993428 0.181789220887565 -0.157274894361949 0.0984930202731751
-0.0685959123774813 0.200411983324878 -0.100577193335945 -0.0592313114315431
-0.112057730253967 0.166988142378466 0.0763122410883428 -0.0903275565599171
-0.108232151346819 0.0746908765617642 0.0556815314090403 -0.207510556681312
-0.112507802489554 0.13946286581132 0.152200906290877 -0.137207909521303
-0.0334873120713435 0.167776134834214 0.167915384802562 -0.144756060846587
0.0740581583855238 0.131552156473006 0.120281189014355 -0.137241869377765
0.10127826412896 0.0670968357452494 0.108618697408876 -0.122168910931046
0.0998592167619151 0.0235542405082457 0.0874766317752523 -0.133450890824514
0.0918554793841675 -0.00840760742491406 0.0647126627121624 -0.11007141212049
0.0867182039832497 -0.00319245615349213 0.0625740924609189 -0.0364935608249846
0.0823156252565995 0.00093219920139245 0.100099267678907 0.0320373824239013
0.100112365840354 0.0217149450867997 0.104727498495182 0.114701172883398
0.101801079466575 0.0650255246221074 0.0609737152986433 0.195853440597178
0.0841522062247679 0.114274979016824 -0.0713734394525442 0.207528734992976
-0.00622437014000934 0.163697575867456 -0.136420597227153 0.0867309449401429
-0.104325212771592 0.15043426123858 -0.0654091447688726 -0.0689910734013404
-0.118513250119053 0.0932014089936756 0.120566231029627 -0.111057598306727
-0.0796362975648528 0.00256772706820568 0.0722737610179406 -0.235908346932358
-0.095284802444324 0.069519338989837 0.131805921927684 -0.147826741352728
-0.0351423542439116 0.105475714946384 0.158098070726946 -0.120456673744881
0.0413760583267335 0.074752634570646 0.131750086956479 -0.110808953428165
0.0486466911386626 0.0358651571657564 0.134728662929623 -0.114344992529611
0.0477753512198455 0.0216508178125886 0.113740465359791 -0.134777736880889
0.0502377778129326 0.00605364972406216 0.0897961782032854 -0.110549523670778
0.0478759068473084 0.0110751424277745 0.0886951520732508 -0.0367629432401002
0.0472265221736663 0.013826219701534 0.124269633613321 0.0377320302766726
0.0580136347912789 0.0279529826707807 0.120494005896798 0.124261425074553
0.0559281497354472 0.051889183896793 0.0669949742587291 0.201920375898095
0.045468029814905 0.0906506415766278 -0.0603219277812022 0.201614526477884
-0.0375418616479117 0.123311192869749 -0.111071898750526 0.0856122510694509
-0.112729221813137 0.0815800445988853 -0.0309623875377853 -0.0551839606937156
-0.100832100649747 0.0117726652753285 0.15519629465528 -0.103354153239861
0.0424993819461034 0.0575328132661556 -0.186631369888138 0.0796078232500437
0.0910119025668387 -0.00846191818109426 0.00224616412196652 0.0795556971459272
0.0380796059904626 -0.0670544496705959 0.127232776835482 -0.0625055023943333
-0.0220259259498631 -0.0446864266296636 0.108215106725783 -0.19776976403447
-0.0183063146050572 -0.0147221449818352 -0.0136807564848225 -0.236588247618578
-0.00838544144857908 -0.012514735627332 -0.110996610360911 -0.174303777827466
-0.00600101764666839 -0.0181710085932847 -0.141361649139398 -0.078733763824613
0.00855096699554586 -0.0222244906958721 -0.135874472606788 0.0111945326741376
0.00574273191979007 -0.0256111655177686 -0.126548779196964 0.0857167017503165
0.0128224387258281 -0.0286157744670234 -0.143981469437718 0.120094324365182
0.0164884282776274 -0.0111278329854932 -0.167171850995904 0.106505013789078
0.00327422077534702 -0.0188621477085676 -0.177751001307489 0.0804938574022928
0.0406951979399917 -0.0275091572674728 -0.178826287014709 0.0618565182895773
0.073512919152585 0.0377278170036018 -0.177106622726118 0.0810919927195385
0.0309573401081528 0.08133676027009 -0.135116788484325 0.206894164889749
-0.0194531348755647 0.101305889860766 -0.181368906441021 0.0484199659743263
0.0365065302683793 0.0552069723032811 0.0173264264028155 0.0531879859411748
0.0209728713003658 -0.00384241802394233 0.130393043037176 -0.0861705190802698
-0.00601086137078164 0.00841366454161799 0.10586678382954 -0.202636355840382
0.0136962411155718 0.0264686155312317 -0.00765974399337307 -0.233342262919147
0.0344690172121775 0.00979025285923387 -0.0970162256782997 -0.17819112668409
0.0389578959632211 -0.0139203195043894 -0.128584330568943 -0.0892382601745163
0.0573106684723051 -0.021397448875163 -0.126452320403018 0.00126196744746636
0.055153527326783 -0.0275135944688309 -0.109354108028041 0.0809859751595506
0.0750494674344603 -0.0215320774866728 -0.122232900878773 0.130059904790719
0.0793639935139949 0.0269319243282364 -0.151362581109368 0.136584640056401
0.0486890889014199 0.0493023496317769 -0.184891903912308 0.108544019007058
0.038234115068166 0.0571309892684018 -0.186252069431343 0.0606329569390724
0.0289294185788535 0.115091766171528 -0.156809532986167 0.0522794453161211
-0.0243048011692427 0.152558124473786 -0.103343996929999 0.162215666391003
-0.0805260703535723 0.129726455040329 -0.145286420554367 0.00928706833100423
-0.0287062278224068 0.113434023671307 0.0575058750258342 0.0319724650771198
-0.00484357725488402 0.0686616855289985 0.15770242305264 -0.105871723388061
0.0146726175618701 0.0692280320613923 0.115460967689644 -0.209664788171846
0.0499938240035768 0.0666265680950702 0.00434552341236724 -0.223559749704863
0.076331908220742 0.0313308377848872 -0.0730598439731365 -0.173573218245545
0.080855524053045 -0.00797376235795356 -0.0994582490664061 -0.0963492194217049
0.0972154090747532 -0.0177790395152219 -0.100207173633319 -0.00879096907762371
0.0938429096083108 -0.0263754575104612 -0.076233574554119 0.071957207875934
0.121168122483338 -0.0168071904455687 -0.0803456191883529 0.136263549616635
0.131815520681494 0.0485387395664721 -0.112467928258007 0.168868637019375
0.0970876862305732 0.0944368129399384 -0.177422271094251 0.148610870860722
0.0482880285922089 0.127931078265114 -0.194231334522373 0.0719052034467217
-0.00585195435499201 0.178016067726153 -0.145850314513463 0.0179692218691202
-0.0699744247038362 0.20246756088406 -0.0604606737055945 0.0992939227237227
-0.12800250371003 0.141512341226157 -0.087549306636895 -0.0375084272496028
-0.0882489712673858 0.159457145540691 0.107572021658369 0.0062531824089834
-0.0301059925171622 0.138838534466379 0.189287096692102 -0.119461124852864
0.0380249125576307 0.128832126286028 0.130242643512558 -0.205403508443768
0.086407126087879 0.0990012077747893 0.0259327093131718 -0.204845639294709
0.111322714331596 0.047208040985306 -0.035683011640465 -0.161999923651168
0.112594068291084 -0.00320391492906293 -0.0574180010482002 -0.099877400497749
0.122728123516013 -0.011547611215952 -0.0615072725940514 -0.0172608198141073
0.116847099331678 -0.0201372781731453 -0.0323419279557301 0.0608385765417105
0.146985707912724 -0.0086886035927604 -0.0301208011201226 0.135493721902501
0.16017169493711 0.0613735728071533 -0.0637045107547356 0.189639840612411
0.129257214335328 0.119180407584908 -0.159097492323132 0.181978777315502
0.0541863633733067 0.175419353908066 -0.196708281391056 0.0830380194968441
-0.0377317506754704 0.215702156753052 -0.137421208066575 -0.0181821900897867
-0.107571571724312 0.218459018008606 -0.0110655702888973 0.0291819588856347
-0.151708511010721 0.133806099466284 -0.0186176988985757 -0.0927100924616473
-0.129417792750607 0.179336117767127 0.149894613794718 -0.0309378844630568
-0.0514081437773572 0.185915530233766 0.207183030682562 -0.126197725611792
0.0548629049645722 0.169293092995326 0.140315501019808 -0.186444139648295
0.110601411584582 0.117458457427002 0.0582959161798062 -0.173692058446025
0.130891347897348 0.0547233949107262 0.0131047790891639 -0.145099325930186
0.12677591698966 0.00116348054088907 -0.00669608284665468 -0.10062716182835
0.130269563848771 -0.00326094543682309 -0.015268825807213 -0.0226499252663513
0.121630385509911 -0.00757434509300393 0.0153666979336582 0.0519006253698003
0.149525741109227 0.007881590243125 0.0182960046950364 0.131515199370137
0.15979639126003 0.0751999506845996 -0.0192612543964471 0.199559791262206
0.129968689063684 0.135145137027158 -0.13810625298426 0.200679835359169
0.0371050054324572 0.19729067407139 -0.191504354888386 0.0841149075239267
-0.0743510722818021 0.218987474355156 -0.123403142758383 -0.0543149211441561
-0.134955850264091 0.196892533856189 0.0420720663825576 -0.0332727069760237
-0.14806776956749 0.104662440048057 0.046263797560064 -0.149718026556585
-0.146059934436751 0.165649085230806 0.17420404714493 -0.0748870889334633
-0.0645896687050034 0.194875270200866 0.204580156224478 -0.125520831552905
0.0575646656747605 0.176373977426811 0.142879437560865 -0.151898115069929
0.111146118458609 0.114418654741814 0.0959872995499853 -0.136057486473612
0.125598315599164 0.0540888349877734 0.0673973124806896 -0.128884380227258
0.120013147553917 0.00450345719345368 0.0441416905170483 -0.0998626850737599
0.118338667526629 0.00558604626022414 0.0309383143555469 -0.0245365479766874
0.108634496274057 0.00681427094137369 0.0602537314658887 0.0494947209523121
0.129951433960458 0.0282450541646152 0.0581213765599867 0.130743708335824
0.131416328737141 0.0871402854862628 0.0120048916325313 0.20550555310451
0.101615687476269 0.140930060269893 -0.121424409675817 0.204878460748888
-0.00138448700579397 0.193943669726894 -0.177559243260517 0.0756540504798035
-0.112722460341093 0.187549249135077 -0.0965938908881718 -0.0790251266851515
-0.148485607371401 0.142564644107027 0.0973904925090643 -0.0750688550307743
-0.120837979245203 0.0540792773854568 0.0927046772044016 -0.197298498070229
-0.13613093318716 0.120871437816584 0.175933145414888 -0.112027918679552
-0.0650359894621842 0.164357284934305 0.190712452348877 -0.113140893090195
0.0476358745357865 0.144804014518312 0.143511194364224 -0.112974096249044
0.086455045061962 0.0883352051074532 0.131056015069971 -0.103749077626207
0.0941315109706158 0.0451380223666507 0.113105786361026 -0.117115556167387
0.0922004077293386 0.00916193458181163 0.0870776018155042 -0.0971509049753195
0.0890938519467645 0.0142956033839985 0.0702604083245168 -0.0225005285078414
0.081870755643717 0.0180726290096628 0.0955163902483318 0.0543364995257507
0.0955800926950435 0.0412994467040576 0.0843686834702223 0.138252473654863
0.0880996643643455 0.0854117461531433 0.0278027533368373 0.212070686105308
0.059585636569269 0.130868594733524 -0.109908441846694 0.200967499795932
-0.0432603331805868 0.16457409995223 -0.154707857007813 0.0672224954995143
-0.137529091162277 0.129388519206706 -0.0580654980065943 -0.083573107000619
-0.140433910697548 0.0671762940261388 0.147194516028238 -0.0874276630806063
-0.0776894952915352 -0.0106369474501086 0.116402638131482 -0.223769905873018
-0.105231366463791 0.0546557782789163 0.160083359818244 -0.126120267318204
-0.0539162957025511 0.102045094073512 0.178852562955056 -0.0908789806839345
0.026283048410947 0.0824062294426927 0.150654898786265 -0.0850979297919744
0.0397010452212002 0.0464638872868552 0.156581262045224 -0.0898357572323603
0.0428016856356229 0.0327997788894255 0.140275639086907 -0.114764822513219
0.0477867684118496 0.0153796792922605 0.112426000476034 -0.092682743179001
0.0467207888435259 0.0211973299882697 0.097321787046835 -0.016792640683797
0.0437940272726047 0.0239069457064833 0.117887867068213 0.0640283572610874
0.0519093338200563 0.0388158472895215 0.0970446119008368 0.150551796253427
0.0447769888647334 0.0623583593870703 0.0307455800566436 0.218739777589744
0.0267221399789833 0.0987545245462567 -0.0994304473724455 0.197138916475106
-0.0649310372792918 0.116869415962935 -0.130784119553729 0.0706594531956459
-0.130616669146478 0.0580293307504782 -0.024405903605424 -0.0636002109887733
-0.104553871615099 -0.0107175426815589 0.182128966882053 -0.0723907386660846
0.0445670326610777 0.0567807724312077 -0.188968369035413 0.0854366549783151
0.0931364949320646 -0.0130172121172336 0.00580828277073753 0.0822316520567884
0.036369607210058 -0.0687102059671061 0.127634264122713 -0.0665508821902098
-0.0239787470947831 -0.0433298739193375 0.103017676201608 -0.203977045120256
-0.0183364440868782 -0.0134086710881426 -0.0211625684957173 -0.242427788854073
-0.00720559408390921 -0.0118197509745729 -0.117826482749033 -0.175562590102604
-0.00581711225897809 -0.0174275325208242 -0.145785127346739 -0.0756684009660528
0.00862682315755704 -0.022620941308428 -0.138047910438087 0.0139414343647218
0.00618105539222347 -0.0255974242629308 -0.125120239089698 0.090226210597066
0.0123719252842305 -0.0285641496605999 -0.141722295325423 0.126038221197255
0.0167814050802976 -0.0110180451385453 -0.167058975057775 0.112799793655068
0.00241460347255286 -0.0175822240191195 -0.179037414143415 0.0862268696981703
0.0389421023085833 -0.0286927201341843 -0.181195595045902 0.0666121539658081
0.0762117119811745 0.0349388299674796 -0.180758511587963 0.085195392008824
0.0346268361978034 0.0800014482306849 -0.132694130144453 0.212128703148791
-0.0170371225771345 0.102718241459706 -0.182895306710524 0.0539393267182662
0.0390272384259046 0.0531215224599921 0.0200580597020939 0.0553965384296479
0.0196192843433195 -0.00494712825182805 0.129844775488514 -0.0901070563162429
-0.00674082432533097 0.00940003016374134 0.100961671452082 -0.208897430775045
0.0149726465892813 0.0271689327143023 -0.014506508063524 -0.238149810035499
0.0364281650604099 0.0102350074319094 -0.103833303740296 -0.179687286572134
0.0406247252032194 -0.0140801100217547 -0.133443823588032 -0.0871819870932488
0.0584047671724601 -0.0235548277626334 -0.129037291162876 0.00458588213183783
0.0568858088159778 -0.028755245157681 -0.107701740511042 0.0854093530231502
0.0748536846569097 -0.0228033371599875 -0.118896377488397 0.13626637734597
0.082393465007273 0.0256806068459375 -0.149144485032542 0.144226278909948
0.0512878586398411 0.0506667734274108 -0.184437076923589 0.116388927892529
0.0384729862877071 0.0584381203138304 -0.189837278043909 0.0666710739956208
0.0316107505545402 0.115667984841549 -0.160871388513566 0.0564366569008814
-0.0198159110233214 0.153875748798265 -0.101613045779416 0.166852244053217
-0.0793799113869765 0.13224067773966 -0.148091165389856 0.0136653226307984
-0.0260968031100303 0.114467676727157 0.0601618365694305 0.033341193796775
-0.00467756670920685 0.0692238151076889 0.156166270847853 -0.111531821740631
0.0151431539645081 0.0704513651725673 0.110548856272451 -0.215475849745679
0.0523220192249041 0.0665706228955057 -0.00165774645261426 -0.227599525875227
0.0792643152601543 0.0310902092096234 -0.0785815384572632 -0.175196944616925
0.0824252747915901 -0.00906881625252877 -0.104507579600903 -0.0952151843327065
0.0996758510927763 -0.0212610059031127 -0.101923343821672 -0.00589403283628276
0.0963073926223256 -0.0291901106693829 -0.0742172709364662 0.0751679625280797
0.123055096768736 -0.019787513460714 -0.0756736312421384 0.141708790497376
0.136095296221282 0.0461453357718822 -0.107443390163397 0.175019877712833
0.101727957143973 0.0949205680384603 -0.174598305875634 0.158181487716969
0.0508669409656547 0.129993754467201 -0.196816728538509 0.078578558830242
-0.00245239827825632 0.181526591176506 -0.149423452536961 0.021304796500021
-0.0655559257825168 0.204989682355229 -0.0603187156814637 0.101929179597474
-0.127684093181143 0.145234963099199 -0.0896899229651051 -0.0351975770862887
-0.085806684907255 0.162817318485348 0.110911423482739 0.0063930618908103
-0.0287737120734264 0.141781320061243 0.18774332318291 -0.125346982861514
0.0407915892818301 0.130352694018865 0.125893760513201 -0.211887198601853
0.0901430808465703 0.0990758862884605 0.0217393840959971 -0.208593252511039
0.114880012562358 0.0461086671060788 -0.0401624915167994 -0.163754645387919
0.114005944737057 -0.00479164224134265 -0.0621066830680984 -0.100327266493942
0.12552867691725 -0.0153653574488651 -0.0622642391792594 -0.0155676490889064
0.119148653074267 -0.0233179071842656 -0.0290399542824515 0.0628835177573002
0.148930641479917 -0.0120120927485173 -0.0238970066738865 0.138718525522784
0.165731237788595 0.0587471428095823 -0.0562961007971108 0.195817069800308
0.134607661087603 0.119128523399579 -0.154187782859661 0.192184661361474
0.0582081590321241 0.177803238736284 -0.198984040014581 0.0903353047055948
-0.0333773623815564 0.22080102173154 -0.14247662389568 -0.0149541276912648
-0.103697075352339 0.222467196838496 -0.012265142334108 0.0302304932753762
-0.152009046675648 0.138058015861437 -0.0211352108242018 -0.0926833729111898
-0.127632091122389 0.185474385647436 0.153121328869888 -0.0327733324650061
-0.049231466474046 0.191390832415434 0.206208935392069 -0.132687024244276
0.0589485558740474 0.170831028486795 0.136882436589318 -0.191594597569489
0.11569451136393 0.11682611026761 0.0552358480154762 -0.177086827414175
0.134671484708335 0.0537966179342235 0.0107935954930693 -0.148747224860696
0.128402068270856 -0.000330020074826591 -0.0108511366126459 -0.101799792114624
0.13352638016325 -0.00714497545315772 -0.0145857912524038 -0.0218430336912409
0.123940099245236 -0.0103910492437213 0.0190440783226928 0.0528705451494351
0.151907458464634 0.00440188590134622 0.025619428923928 0.133810025566392
0.164963327200162 0.0721869608942127 -0.0111091060854044 0.20442947664351
0.135670517886325 0.134020263856306 -0.13181672067986 0.210883319650466
0.0427767273430617 0.201077520310504 -0.19258827890515 0.0916270955070402
-0.0707604293944152 0.225452734843686 -0.128343364831375 -0.0507297787006515
-0.132272917748005 0.201296601387323 0.0402183263646632 -0.0342497578880879
-0.149452585487581 0.108800296232768 0.0433205329053561 -0.151785233765648
-0.144448855794643 0.171957579181023 0.176993179528473 -0.0782194507876353
-0.0614666543262599 0.201313869125767 0.203989967984387 -0.132038927206124
0.0628327519989418 0.178311624150034 0.139547837138716 -0.15711745038952
0.116472095534079 0.113004013452885 0.0949190452302172 -0.140164372874436
0.129741705018076 0.0527586613347484 0.0652732681861374 -0.133700542629327
0.121511410751518 0.00266856140235319 0.0411421490385108 -0.102055239943065
0.120791523408507 0.00271551282136435 0.0318290687697374 -0.0242997148858596
0.111039731685243 0.00472816677891537 0.0639265580122416 0.0492451257279889
0.133248193126875 0.0256590168228781 0.0656657121385373 0.131800230533137
0.136428047233689 0.0847105953057721 0.0208971406203961 0.209226544042109
0.106496904063129 0.140164500084663 -0.115212787222771 0.21442814812021
0.00388511592768713 0.19737730505163 -0.178280476094146 0.0827111199120968
-0.109900871431086 0.194134327332504 -0.101136429230512 -0.0765876789687793
-0.148058265955137 0.146147359613363 0.0952503199453687 -0.0779922845026599
-0.12229755485212 0.0575131794839637 0.0897411487856155 -0.200249290171324
-0.135364767949023 0.126811370875766 0.177653219744655 -0.115694143405575
-0.06162442257495 0.170031627605191 0.189803057724354 -0.119359258061541
0.0524699546124551 0.1454614023738 0.141034501841811 -0.11752600814849
0.0904793440420376 0.0867618486031703 0.131501656553323 -0.107857768294764
0.0971704990747194 0.044546421467299 0.112436903373801 -0.123394584868322
0.0937542649746537 0.00763574796533019 0.0848523997375889 -0.100365328441759
0.0912589429921984 0.0118622346974944 0.0722164451601733 -0.0230135752658938
0.0833621154185674 0.017571954666459 0.100035740861665 0.0534072130984114
0.0976911357882347 0.0399296514878648 0.0917689941464816 0.138923935170119
0.0916422983341373 0.0837014718576732 0.0369299383914709 0.215901614707785
0.0636874362215045 0.130017831402401 -0.102767133510237 0.210599195037913
-0.0390411762507292 0.168272989568817 -0.155156177159321 0.0742516662283899
-0.135754241738721 0.135234653331096 -0.0625816889130773 -0.0820515120765096
-0.14140528040957 0.0703283227472998 0.145666929839932 -0.0919768741544644
-0.0797924306691823 -0.00855847163361328 0.11315226618898 -0.228044945304523
-0.105080390873691 0.0590727675040431 0.161787967166869 -0.129412261010171
-0.0517544905029834 0.106210768788593 0.179482657321706 -0.0968168941441012
0.0293238556294074 0.0828621547639236 0.150092914734719 -0.0894182392151873
0.0416679083701805 0.0456799587442597 0.157361744516909 -0.0952930009217263
0.0436590649941482 0.0325649448213241 0.138867405507463 -0.121779772248327
0.0488713400068662 0.015099520559551 0.110498612279731 -0.0967490157931855
0.0487869760501934 0.0198649527600165 0.0992817015106123 -0.0174795363429426
0.0451212309471844 0.0236636718210915 0.122957894062555 0.0631941909273191
0.0537295834815908 0.0376812199398206 0.104252437451708 0.151601179521443
0.0461061605331506 0.0613297711334212 0.0388588597106014 0.222261986276558
0.0297546790892902 0.0978204654628523 -0.0935019134566354 0.20511065119276
-0.0618108590902738 0.120412398057057 -0.13055633480233 0.0756741536323232
-0.130060519212756 0.0636272183275326 -0.0283886607961348 -0.0633455820212998
-0.107140618984615 -0.00922723084371934 0.181672940695463 -0.078332982204154
0.0467430467875502 0.0564823295331963 -0.191017239197989 0.0899981279793581
0.0936241636273212 -0.0171194725094618 0.00914138683102788 0.0842038770957875
0.0343482478701177 -0.0701209821738745 0.129351189668952 -0.0701469549789754
-0.025254249175782 -0.0423782510292357 0.100440376306918 -0.208793593622734
-0.0178762438113273 -0.0130601599782972 -0.0272612658943763 -0.247471176789004
-0.00622398694055809 -0.0115603137397908 -0.124194065074638 -0.177078207471728
-0.0044756598612349 -0.0168572913890229 -0.148956700365436 -0.07372375521962
0.00933929211300341 -0.0233299113081419 -0.140720883547674 0.0167038558398139
0.00682652698198693 -0.0258720803850522 -0.123787159160834 0.0937974331244287
0.0120411130975103 -0.0279973310825592 -0.140873150737904 0.131044190498861
0.0168761877149626 -0.0106446533869562 -0.167764078864518 0.118170281062188
0.00201745176650339 -0.0166163864765379 -0.179694002363314 0.0906616601165459
0.0374182571470438 -0.0290068466358587 -0.184973738430585 0.0703185997314277
0.0782901060119606 0.0327369801670758 -0.184729587876432 0.0880431679899784
0.0373126252595043 0.0790684608539669 -0.131721010540524 0.215537366676041
-0.0160574193765356 0.103183551946519 -0.185527129979079 0.0575849776728622
0.0402890280755133 0.0511154311686708 0.023180599821762 0.0572825183084532
0.018292818293095 -0.00578384313004722 0.130474057604187 -0.0932314187873971
-0.00742754351712374 0.0102774905252703 0.0986181383995414 -0.21301168763641
0.0165398263628741 0.0275883296674052 -0.0191333207552395 -0.242370293854953
0.0384452300353114 0.0106451415202054 -0.109276009301738 -0.180896247272723
0.0420892533575085 -0.0138434477070282 -0.136631792935217 -0.0854842988775259
0.0596583216598987 -0.0254908686155116 -0.130822533323535 0.0065106892191271
0.0583569241125276 -0.0301633680581329 -0.106431408335137 0.0879989028800993
0.0762760762908013 -0.023768781927388 -0.116822429375301 0.14084462058199
0.0847604442755817 0.024689117197886 -0.14797639262236 0.149784621933671
0.0528154705799634 0.052161242519139 -0.184518056244992 0.122392305052051
0.038668922115656 0.0599245583915522 -0.193090102459996 0.0704333618915494
0.034329366251972 0.116626608649422 -0.165252981720051 0.0587953026545936
-0.0173815663862408 0.153795424266358 -0.101491924695333 0.170314172054804
-0.0787675050195755 0.134380258890582 -0.150395461798122 0.0164003452853777
-0.0251310365014185 0.114731239926963 0.0635289912600297 0.0342340325307434
-0.00534474826926674 0.0697882161915812 0.155978386142089 -0.114573961344896
0.0151755084386514 0.0715771185626545 0.107654097287123 -0.21968272236149
0.0548263240293239 0.0673797014358916 -0.00522035136294545 -0.23187026729554
0.0822448995440044 0.0309455241749315 -0.0833037190345261 -0.176929400702523
0.0846326762679622 -0.00966590024370237 -0.108120568931641 -0.0946961025904016
0.10177968781475 -0.02325719709945 -0.103342002972838 -0.00439314803272312
0.0983446677226594 -0.0304339298446174 -0.0720674666889437 0.0775206408789209
0.124873299566169 -0.0215926043607387 -0.0719244253896782 0.145652808069392
0.1402663215282 0.0445184871250064 -0.104250097846198 0.180731266183586
0.105127024779354 0.0954972750262876 -0.172552901693946 0.165302038815666
0.0530670007055822 0.132677244531373 -0.199778199458845 0.0839140222835827
0.000796514755514205 0.184360809061034 -0.154203395820618 0.0239552158010291
-0.063164844574571 0.206524990025982 -0.0603963514634806 0.105144283986589
-0.128524133055381 0.147951489188816 -0.0919031708990878 -0.0338141138421553
-0.0849599704526746 0.166275332350598 0.114078264518151 0.00666766805297298
-0.0290816560894886 0.144464515483556 0.187387042530171 -0.129078364193289
0.0425478894888231 0.131592389379875 0.123565359167239 -0.21669423711815
0.0934378797821986 0.0995691586400993 0.0187433989905639 -0.212116465545647
0.118814251603431 0.0458561908018981 -0.0435949170760688 -0.166228886979316
0.115723436293341 -0.00544881116598245 -0.0654562215173147 -0.100272684780304
0.128305797033696 -0.0184773509572516 -0.0625377630449727 -0.0140897513315528
0.121944963348761 -0.0243760954322218 -0.0266855364387374 0.06464373564726
0.151031477864509 -0.0145300592621362 -0.0186571480821009 0.142423116754665
0.170351305310648 0.0560163994724232 -0.0507988404994747 0.200451353946475
0.139433385400267 0.118793661225427 -0.149659995920846 0.200297000736619
0.0614084632352506 0.181115794510175 -0.200779154488355 0.0961000867555595
-0.0306822648000398 0.225445644144982 -0.146618446559502 -0.0126179972345393
-0.101571218842025 0.225187165173706 -0.0133788443215528 0.0310831884959019
-0.153734919869197 0.141074895937499 -0.0227038348122886 -0.0922608497723955
-0.126957482072275 0.189945249163111 0.156714314104143 -0.0329406211358781
-0.0482929321884178 0.195349343999614 0.205045126015614 -0.136837888952516
0.0622931896103966 0.172792447547882 0.134814559428648 -0.195939470543056
0.118971340831335 0.116993451740647 0.0543251689561069 -0.180893140349044
0.138378201139111 0.0529931469903507 0.00780478967120567 -0.152075976870331
0.130627032812873 -0.00156757867909916 -0.0139623259056243 -0.103220999857897
0.135310336189184 -0.00980363659236918 -0.0143699044535882 -0.020968422209577
0.126546605671642 -0.0120914646214257 0.0221275555360378 0.0534627795965985
0.153907232550093 0.00266333416417977 0.0318820775347913 0.135418027163887
0.169826145583157 0.0702795078922745 -0.00405921799549429 0.208388659849576
0.139885893252664 0.133217537896069 -0.127018144581671 0.219231406482297
0.046231001566754 0.203786790062946 -0.194415967145503 0.0973480783447483
-0.0677145725475281 0.230677158049195 -0.132751151562599 -0.0492746748155896
-0.131726150769721 0.204132017272223 0.0389380838800098 -0.0350257795701429
-0.150604627047537 0.111334822884129 0.0418243968701369 -0.152284209126673
-0.14461873837045 0.178305790302005 0.180555017634823 -0.0797584249533805
-0.060186046655094 0.206307672992779 0.203350474381974 -0.135907004568463
0.0665680959609863 0.180276094315205 0.138809877592304 -0.159685265970926
0.120434377318967 0.113414221335224 0.0947143941872775 -0.142829224769067
0.132540718478899 0.0522735349560871 0.0637257809375066 -0.138261656323545
0.123259435418526 0.00198509270672345 0.0385794220857903 -0.104153761133706
0.123203555760186 -0.000192943700307941 0.033621895295693 -0.0243487303821838
0.113577851283923 0.00373638940810728 0.0681095872023709 0.0490150202648577
0.134842387930576 0.0241630720316049 0.0721342084126904 0.133236544344351
0.140199281674418 0.0831374283889113 0.0286540970027967 0.212815987364381
0.109596562736004 0.139897002105556 -0.108846311063726 0.222398458870064
0.00721108722874481 0.200277372033048 -0.17911565125914 0.0882067157970134
-0.108370936510205 0.198971268298947 -0.105540270772633 -0.0755762043458309
-0.148128815755932 0.148593784246788 0.0935181155677109 -0.0797719735205692
-0.124102439477879 0.0596804852043902 0.0886364473714647 -0.202165093055626
-0.135289174660597 0.132261839063434 0.180921644173422 -0.11733705393588
-0.0598791517027875 0.175075088448627 0.190130309689863 -0.12353872451462
0.0567402000477536 0.146440627370211 0.141431555923588 -0.120152596331217
0.093417946549494 0.0864028448075296 0.13213491217822 -0.111553285865994
0.0996505548384889 0.0432429616545612 0.111278121757325 -0.127928111934005
0.0950697575369324 0.00716568302233306 0.0823745313097488 -0.102674281655064
0.092793719404859 0.00993777937734878 0.074629678904755 -0.0233705522897991
0.0848963455192183 0.0173550141826385 0.10438183636164 0.0533377249133775
0.0994105116733559 0.0388133353501425 0.0985339198225466 0.139546545523464
0.093845594858962 0.0829412805730124 0.0435119527910489 0.219472861866153
0.0663131832401332 0.128814891789272 -0.09776562635926 0.218162699831944
-0.0362206990154749 0.17122160154519 -0.155461490045811 0.0786614965524391
-0.13479903813146 0.13964465274063 -0.0659662828108135 -0.0813397987431698
-0.143140934649667 0.0718430176271236 0.144675309404803 -0.0952338224584011
-0.0816531324378054 -0.00736242134777393 0.111981515192127 -0.230101474510111
-0.105671881298523 0.0622266852465094 0.164495610506059 -0.131419373042307
-0.0498774225170846 0.109342208831375 0.180876304768879 -0.101197502465383
0.0313833487723558 0.0828749710616894 0.150326103789004 -0.0918561210984159
0.0426263191900117 0.0448762738960488 0.158234707408798 -0.0996724587718956
0.0452834652938721 0.0329162450051037 0.138091822504856 -0.126914017945019
0.0492874734811987 0.0152601939966431 0.109483650057973 -0.100051505366691
0.0500993082197665 0.0188241495380071 0.101698342663488 -0.0182861238046422
0.0458973234703417 0.0238071493763552 0.127479206623111 0.0632321600299946
0.0545112404047571 0.0375378272077932 0.110219592434408 0.153028984658767
0.0470102030506708 0.0609109486417807 0.0455031563362627 0.225590486834047
0.0310645144725189 0.096409449646137 -0.0888465496958809 0.212462001372823
-0.0593941630845478 0.122730625213714 -0.130103954824568 0.0795755940531443
-0.13058350991126 0.0672218993084361 -0.0306514367247094 -0.0624904947375923
-0.110196450858673 -0.00785364714280438 0.181802337868393 -0.0825339818296619
0.048132886944261 0.0567947278771369 -0.195860644576975 0.09399272686212
0.0951078929785943 -0.0204009501249683 0.0116445218147225 0.086774807096098
0.033178942787163 -0.0721277902193094 0.132519817459664 -0.0733275466679634
-0.0263572809198553 -0.0420438526131466 0.100474396560551 -0.214702235300563
-0.0177196855936123 -0.0122830577098071 -0.0319957010352425 -0.255042615980207
-0.00445205452797066 -0.0120382782247072 -0.129533643435457 -0.181347415791119
-0.00315705211767524 -0.0169018916603971 -0.152673565892731 -0.0746818722497247
0.0102112954727385 -0.024487082576792 -0.144562588694869 0.0175520847648198
0.00850348354887788 -0.0263556255924566 -0.12522459314671 0.0958466723588608
0.0121320447245653 -0.0283689129333018 -0.141545475178192 0.135119914895552
0.0171452409147373 -0.0103312226602001 -0.170359182552688 0.12296452192948
0.00186561062578057 -0.0151008262648471 -0.182454119777347 0.0935403054759552
0.03709080547789 -0.0287339123720392 -0.190452616691361 0.0723671924219906
0.08051239712852 0.031729788735021 -0.191709391613199 0.0900958386300871
0.0381806046158694 0.0782681625865377 -0.133647284869482 0.219782750069127
-0.0160054847459083 0.104335679553419 -0.190098229651611 0.0607929173157951
0.041143248023817 0.0496477361320027 0.0254629986995553 0.0592669512101916
0.0169758978694488 -0.00694926491492547 0.132992701507459 -0.0956339627224281
-0.00832951016714466 0.0113969517082648 0.098909716588581 -0.218582579107626
0.0175839897919613 0.0291514616349142 -0.0222783218359178 -0.248830828792207
0.0407879845517584 0.0104438164273863 -0.11412086173677 -0.185049982194449
0.0446630300980814 -0.0138782697685546 -0.140200396201628 -0.0871414923363555
0.0622258697598786 -0.0264649137024318 -0.133996681148965 0.00749455063929188
0.0612361279206245 -0.0313328258117628 -0.106827412046925 0.0900031670555662
0.0781671115220873 -0.0239167397616715 -0.116245478324419 0.144947404945724
0.0873608298295784 0.0255328325621921 -0.149714729043745 0.154894390296491
0.0552751818013738 0.0542820419311455 -0.186712824065925 0.127116659011801
0.0387881552522103 0.0624158611437852 -0.198473358571635 0.073503330102622
0.0356028098631243 0.118048772175431 -0.171350327904264 0.0602271101887962
-0.0167640465485651 0.154781706453365 -0.104108277618738 0.174364212223536
-0.0810394284579432 0.135898429620902 -0.154597317473048 0.0186207614695013
-0.024710920269956 0.115601937294502 0.0664635901081651 0.0360374050779424
-0.00720235945412648 0.0712729627582108 0.158233095452105 -0.116956643790753
0.015323483095544 0.0736400265167172 0.108783690372071 -0.224921167620335
0.0569309775183556 0.0689911339154694 -0.00718746389434043 -0.237639355004937
0.08513607907889 0.0313353379727291 -0.0866870745313824 -0.181360849976138
0.0873008574479219 -0.00943883260963734 -0.111104949475897 -0.0961476000804447
0.104491859226489 -0.02509115338825 -0.105253289962277 -0.00350994234847298
0.102037247067628 -0.0317439640092883 -0.0712360640151161 0.0794769981335413
0.127634155831618 -0.0224837555796833 -0.0699072866608609 0.149672662481047
0.14468565563366 0.0445900255349736 -0.103785828613092 0.186062398081173
0.109226317336747 0.0983614897764512 -0.172986811813405 0.171969253083338
0.0544824192136727 0.136697954248573 -0.204905722668283 0.0871509851966452
0.00140380966411273 0.188705384718991 -0.16035385593531 0.025414841124709
-0.0635381314627733 0.208807297327136 -0.0622638498186986 0.107322360074113
-0.131880859086642 0.149998293445297 -0.0941656499600142 -0.0326254625303092
-0.0859976257325423 0.169291144903844 0.119057883005425 0.00817026812764615
-0.0305916293797809 0.148048948958676 0.189524946957191 -0.131624194953724
0.0431212522568434 0.134792834418503 0.124617005105529 -0.22142104549279
0.0966251648081218 0.101710436161226 0.01808436114262 -0.217767942974522
0.12243059185546 0.0472939498314482 -0.0459190069913982 -0.171341862836827
0.118977054265493 -0.00509133293687 -0.0681904543390147 -0.101987423796878
0.131600024789237 -0.0202794572978558 -0.0634156779997197 -0.0135800176908812
0.125495175850064 -0.0255230360772404 -0.0246527252906007 0.0657901980772787
0.155475767725441 -0.0148049950682851 -0.0146342796555859 0.145347365363698
0.175935063643893 0.056383523694917 -0.0484145707938032 0.205649573493313
0.14359286365958 0.12174682084441 -0.148426906885151 0.208183622909436
0.0634247616304371 0.18620929170642 -0.205457792402589 0.100033236631891
-0.0295610585518369 0.230903405063367 -0.152188353568852 -0.0120328421151222
-0.103076708712153 0.227753585494189 -0.0146774833340817 0.0323597188173584
-0.157442885498384 0.143131819204954 -0.0234483042376879 -0.0925154816359947
-0.129141883534828 0.195372897897525 0.162476161217175 -0.0325474542356003
-0.0495328308266324 0.200467717361105 0.207790935435844 -0.139160766307029
0.0637605869966709 0.17700988912296 0.136117304610478 -0.20023112595777
0.123106523021595 0.119336902949183 0.0546597412501786 -0.185060116749109
0.142815389531768 0.0539665163406159 0.00667816184449479 -0.156480409464356
0.13369821599575 -0.00119300149896541 -0.0163984567913058 -0.105276049911267
0.139107811657383 -0.0116486257065224 -0.0135001228954182 -0.0212895472898239
0.129636679235881 -0.0123084404364527 0.0255163058935233 0.054633664742497
0.157840598116587 0.00232693182316227 0.036990689992837 0.138158295527526
0.174390069951858 0.0698029726609649 0.000366129407757281 0.213714312139998
0.144502020787009 0.13538152473583 -0.124378077008959 0.227498438051377
0.0487836641687042 0.209005463365823 -0.197860799909376 0.101250349314851
-0.068004493387186 0.237204027615565 -0.137904521754884 -0.0487693668907651
-0.133786427119207 0.207118307606815 0.0381178741169346 -0.0355777189577841
-0.155100768540194 0.113025453967985 0.0421737998680132 -0.153391954262182
-0.146545020237919 0.183449586422751 0.187602583029997 -0.0800489644077018
-0.0606104060211909 0.212320282850245 0.206121490436456 -0.138552261510534
0.0693761880363779 0.183736557674958 0.140498786595763 -0.163048294862296
0.124047110286615 0.115044921065241 0.0962845505761513 -0.146832427464642
0.136840403027447 0.0532907934278446 0.0635436707663116 -0.142835306397117
0.1267943526295 0.00263397884966077 0.0369935722844164 -0.106244404243058
0.126426472902234 -0.00116930279387368 0.0359536391643088 -0.0244992339184194
0.116387943495296 0.00379314451988881 0.0719051069422008 0.0500249418349803
0.138269673334951 0.0248577972437785 0.077858640759784 0.1361511055128
0.143799244432745 0.083630177793022 0.0335629335981546 0.217881984082914
0.112507251072482 0.141336700572649 -0.106242387709504 0.230714636372746
0.00856473092566534 0.205746183129173 -0.182234348310849 0.0913998814776412
-0.108960675792676 0.205135656332833 -0.109422642697778 -0.0756038431531577
-0.151368117405968 0.150962268217858 0.0932799440882098 -0.0817982966482013
-0.12786242696335 0.0609595569427311 0.0900146431751502 -0.204417456048301
-0.137408143900419 0.137434507328464 0.187619240865388 -0.118576484069003
-0.059396932309931 0.180266571194154 0.193209327777342 -0.126162098216962
0.0585443839681092 0.14942060281051 0.142673852024385 -0.121647238087615
0.0965783747777922 0.0879663426757716 0.135100991130238 -0.114825290890526
0.102922604664783 0.0446648833808094 0.112187946795292 -0.133276716017092
0.0974902065814501 0.00797285120800931 0.0821517870373369 -0.105874481245286
0.0954582030590343 0.00891259348090703 0.0776416475816967 -0.0232781265094836
0.0872580678937867 0.0175340657467947 0.109450966148851 0.0544316697249335
0.101579698652931 0.0392572160306037 0.10448945298394 0.14234312590376
0.096139050355987 0.0830971678962768 0.0488102758138842 0.22411686576673
0.0675568169926592 0.130155940853586 -0.0944357390581877 0.225295657618057
-0.0344319872662688 0.17548370474 -0.158083053375893 0.0818629399720443
-0.136139645523518 0.143992399144755 -0.0693289256800016 -0.0811215523968115
-0.146498630809588 0.0735123059845795 0.145747123632702 -0.0978827463396117
-0.0846333657794889 -0.00728957582635964 0.113412403287483 -0.233118241262129
-0.107301933873102 0.0656671644181147 0.170626441565494 -0.13331713879602
-0.0489945351778672 0.113126741630551 0.184308571446536 -0.104384990737335
0.0334465136874864 0.0837902612888285 0.152849224839008 -0.0936434385373186
0.0439877485917435 0.0458700620267523 0.161401253441463 -0.102927333122752
0.0469295489977475 0.0333834456818125 0.139014346706011 -0.132628528353781
0.050478639824983 0.0160254545576581 0.110168517634255 -0.10264046399756
0.0510236804114346 0.0183476900591123 0.105496847848643 -0.0179854041973439
0.0473063065101961 0.0241679038121944 0.133027393508633 0.0641592572338956
0.0555608953914194 0.0379142921016802 0.11599061482506 0.155904040823522
0.0472372569690608 0.060764659032133 0.0500903106382487 0.230599120616665
0.0320338869829513 0.0961693191737933 -0.086552307305332 0.219169888820955
-0.0592433708608552 0.126276538597677 -0.132068722334749 0.083107296123109
-0.132123435973419 0.0694901528039149 -0.0335863045922081 -0.0627645671097992
-0.113021132064638 -0.00810495688719176 0.183715226025461 -0.0850185647730218
0.0504734508645016 0.0584656445277987 -0.203849527963491 0.0995526656593474
0.0977559313019646 -0.0241511511502165 0.0150764519583385 0.0911610684051229
0.0326569196486748 -0.0750210032078276 0.138020003797506 -0.0773480090297758
-0.0277545291932812 -0.0423582680478014 0.102934226457385 -0.224715353831446
-0.0175770270509123 -0.0124816941633217 -0.0364940679895385 -0.265909003510205
-0.00420784257252978 -0.0126013736542512 -0.137296485534733 -0.188118238932413
-0.00221225732993903 -0.0173887502969205 -0.159114332265404 -0.0766455223946377
0.0111750987824284 -0.0262358138946915 -0.15085722129923 0.0188032608963057
0.00929777329480541 -0.0284278995288661 -0.128307233084453 0.100222445058738
0.0129235059862116 -0.0280713579106027 -0.145551012190054 0.141577947808792
0.0179180204133674 -0.00969786856003305 -0.176349120909849 0.129470137519457
0.00183490322787351 -0.0145453814019131 -0.189175082478276 0.0982855081017821
0.0371133706492757 -0.0294237870005837 -0.199765169728042 0.0745049972431789
0.0845179285255321 0.0305578477920605 -0.20294038050939 0.094452602548656
0.0400700079359435 0.0790780481527278 -0.138794622386436 0.228293680495908
-0.0166904441710181 0.107667790241882 -0.19822613664009 0.0658505506820777
0.0421146834304976 0.0494446374496198 0.028945741167835 0.0625821454085624
0.0155614917092874 -0.00678572075830524 0.137711492880324 -0.100149974231408
-0.00936782393472842 0.0129644959640213 0.101920838314359 -0.228230182427489
0.0190894640225589 0.0302428690420627 -0.0259413382533209 -0.259747167630867
0.0438002538418571 0.0103497206863855 -0.119891947045532 -0.1925452978127
0.0477844168607124 -0.0140840364609908 -0.146298055355451 -0.0892081104629228
0.0649639832325058 -0.0287789814157833 -0.139180151628582 0.00895165044967238
0.0644283018656021 -0.0330292163722718 -0.109238075699993 0.0935824515018028
0.0819075734188926 -0.0246017916500272 -0.1176987926818 0.151859294570879
0.0923581366038544 0.026557249358016 -0.15362159603451 0.163188560303329
0.0581779032074845 0.0576543420830036 -0.191672138723997 0.134716929979972
0.0402128715122888 0.0666676602084841 -0.208049631934663 0.0767993849179
0.0379256677245434 0.12153682516534 -0.181719913334731 0.0631981776356531
-0.0172814553225046 0.158775037005958 -0.107235187665184 0.180872107878398
-0.0844258926860728 0.140345319541917 -0.160355806732909 0.0211490710692019
-0.025824888699999 0.119270648679828 0.071826958963792 0.0383984554781491
-0.00947802011803469 0.0732598188120056 0.163381318350526 -0.121166984494499
0.01505776880885 0.0768023484662781 0.111515587649023 -0.234171400361412
0.0601504563122576 0.0719253333684598 -0.00932695375971504 -0.248327397062254
0.090395015080425 0.0328753104827788 -0.0916787517618679 -0.189110788260712
0.0921847872829986 -0.00912612659837272 -0.11667795681293 -0.0994646739831283
0.109270285281203 -0.0273993991757378 -0.109546362743775 -0.00296468035969119
0.107004558259515 -0.0335047213316325 -0.0718906429253024 0.0827927847918973
0.133704573726942 -0.0229374348491759 -0.0687553980102918 0.155852986274231
0.152410218541427 0.0460585359076887 -0.104566821778176 0.19558831397545
0.114840439714829 0.102156087982793 -0.176547665589747 0.181639366865649
0.0570346779228388 0.144140736630601 -0.214506654304919 0.0917966773172132
0.00293578144187869 0.196772689074433 -0.169713589255748 0.0265988940527548
-0.0656896006098782 0.214536987256204 -0.0651937183043351 0.112548827931445
-0.138199944033206 0.154839899545679 -0.0982431236219186 -0.0316387264895917
-0.0889610879872836 0.176040352708349 0.125761545990672 0.00863871655520253
-0.0332578587404344 0.154229393170862 0.195884845350586 -0.13666988116063
0.0444653839027331 0.140640951817524 0.127884523414746 -0.23078915598611
0.101306862413279 0.106097717584133 0.0184133765724015 -0.227149296999849
0.129302439019316 0.0488740727900106 -0.0494021499091017 -0.178544047118444
0.125176677597359 -0.00455761478120275 -0.0724224742509266 -0.105703658018427
0.137325699168718 -0.02174214960556 -0.0650081191795721 -0.0141833317226883
0.131338688089801 -0.0274885322533737 -0.0231385497413572 0.0682626134713359
0.161977523428278 -0.0151375102816289 -0.0108804475990573 0.150663394324358
0.184455917090048 0.0572186333431559 -0.0463967826067767 0.21533764099508
0.15108853474505 0.125324401989843 -0.149701363828118 0.219056514492892
0.0674101309708944 0.195287112947999 -0.214341021527536 0.105393329940123
-0.0305722526057339 0.24162040171105 -0.160363691372674 -0.0117804380833318
-0.106718363364708 0.234542026979978 -0.0169903775671792 0.0336363245216164
-0.165361193109583 0.148057897429714 -0.0247933942941591 -0.0941833024223815
-0.133348780167123 0.203988824433185 0.171744841299486 -0.0332509962475783
-0.0516517622258426 0.209182613449514 0.214314405690448 -0.143747770063471
0.0665713082326348 0.183583721088557 0.140210120832949 -0.207691140723353
0.129403223169188 0.123785005078317 0.0563105274221774 -0.192796463641219
0.150030092912355 0.0560864309999662 0.00563492305999418 -0.16387533705996
0.140336091888694 -0.000712013643698727 -0.0188927531464024 -0.10941779650438
0.144373653945157 -0.0132669690683213 -0.0127410430166894 -0.0221377417854276
0.136104915665289 -0.0134238774667928 0.0291232766676491 0.0565943639252229
0.164987592584499 0.00255228147733232 0.0430745697734308 0.142827080579505
0.182775365991169 0.0711735751726791 0.00452081983285869 0.2228382951569
0.151049217638537 0.139431443921313 -0.123969079601212 0.239119837129991
0.0516978150375169 0.218385324706074 -0.205462094153685 0.107207160011048
-0.0690566500507914 0.24769624903397 -0.144988170728545 -0.0494338684187225
-0.139367471830926 0.213527693117871 0.0378564345440964 -0.0369849137714539
-0.162818717501149 0.117492426907878 0.0440451270075643 -0.157296240192487
-0.152004421294743 0.19264513961805 0.197560143726201 -0.0823393378254097
-0.0627314210509083 0.222379412662884 0.213345219127139 -0.143123351365916
0.0728239995416348 0.191263373853936 0.144437027884416 -0.169486738432265
0.130966807486491 0.118886247916681 0.100406214878211 -0.153093093109157
0.144303247907367 0.0552304823050419 0.0641227104511348 -0.149631529199086
0.131978872605896 0.00300947303733269 0.0360441301238793 -0.110778974158101
0.131592321661437 -0.00172122903213277 0.0389309335694049 -0.0254822185164852
0.121483437453408 0.00366567907372297 0.0778972827172398 0.0518816661880262
0.144312954621337 0.0248389103104703 0.0855109083137126 0.140454358510974
0.149892177904306 0.0856266114022547 0.0393365431097666 0.227010867174063
0.117741139107417 0.145697750698927 -0.104813743550177 0.242939494238626
0.0114580379746076 0.213882709262429 -0.188789651694231 0.0971906498495659
-0.111660419556387 0.214956257129851 -0.115224839288392 -0.0772028465711763
-0.15813413480828 0.156156369342511 0.095533485650504 -0.084939334039258
-0.134303313187216 0.0633533096578574 0.094011223531501 -0.210287763471068
-0.141921459792757 0.144690937988562 0.198289568740474 -0.122297045784972
-0.0600067693434972 0.189098612377509 0.200381656441188 -0.129982131919391
0.0628700964039246 0.155173815869631 0.147926930045165 -0.125199324483041
0.10138291425711 0.0903431862177208 0.140384137680239 -0.119145357900387
0.108577240576723 0.0462672932090806 0.114654620277965 -0.140859461404249
0.101212201374304 0.00845325087079473 0.0833266615519309 -0.109602397032718
0.0993810287264131 0.00910983559832542 0.0824600153740383 -0.0240108601752943
0.091065010302069 0.0183805867722866 0.117126144505257 0.056375898148229
0.105960046637617 0.0405152165072376 0.112216879257005 0.148017542411346
0.0993368644101257 0.0856060323562946 0.054950433356397 0.233318538706496
0.0705855555024755 0.133238467447323 -0.0938566559880332 0.236856913137608
-0.0345273192282783 0.181913083178133 -0.163588102744626 0.0866586794405121
-0.140341363507658 0.151563549426856 -0.07317127744036 -0.0833021383022993
-0.153680355562093 0.075921115193025 0.150030927869009 -0.1021786637712
-0.0890589851706029 -0.00752217417885515 0.118541657752142 -0.239405751186032
-0.11049414723356 0.0698287598502748 0.180200050257343 -0.138441670087406
-0.0489003781196075 0.118940724059693 0.191391118165004 -0.108974241528608
0.0360755911001407 0.0863461553791419 0.158449453427686 -0.096831261128214
0.04613832872005 0.046625591477327 0.167997386709251 -0.108943892263666
0.0497226951069002 0.0350721155633655 0.141754998226554 -0.139993704946553
0.0527694506373663 0.0172024281200752 0.112927845215562 -0.106798475662932
0.0530554903448306 0.0186291732318685 0.111459697811571 -0.0188911719012825
0.0493826293458227 0.0253961578619595 0.140862479028166 0.0669420498144337
0.0573044652853997 0.0388100964877989 0.123414473801099 0.161616945423034
0.0486534275094016 0.0626593431029512 0.0552744319454125 0.240309224912763
0.0333861738942585 0.0986743114936255 -0.0852601541168869 0.230321299913438
-0.0593738473980649 0.131577242931193 -0.136265496896087 0.0872965994464585
-0.136519545590622 0.073982414381217 -0.0359913574820412 -0.06427539716009
-0.119429983810024 -0.00815607877838027 0.189085868559919 -0.0897051692027166
0.0774061212976044 0.020336172769589 -0.101282222730517 0.209440567744387
0.0643994652933074 -0.079079839177567 0.0746923246903388 0.0614035288573223
-0.0197678486648102 -0.082330058342925 0.0642983817296334 -0.157047367213801
-0.0489872530079331 -0.0180413457904368 -0.0616568481216165 -0.254978365799544
-0.0223748408607484 0.00134567127338395 -0.203397107679177 -0.196206745102293
-0.0109308049660518 -0.00811931447031147 -0.237117330612058 -0.067428376634211
-0.0106784326476026 -0.0134518795486619 -0.183554833542866 0.0390370148801249
-0.00755618210785614 -0.0299389450345523 -0.114082971298085 0.112892288682083
-0.00993266837116646 -0.02933878582908 -0.0412353679672445 0.165032675072335
-0.00620741014592023 -0.0311194368936898 -0.02964792061331 0.212547109376806
0.00955227504201196 -0.0174689883688807 -0.0613812499040047 0.22261225555748
-0.00627844841559539 -0.00986990057780452 -0.0944848418843506 0.205380696397382
0.0116071549481791 -0.0456050265722542 -0.118169580640537 0.195139409356518
0.090398113110678 -0.029530204834762 -0.108977740283525 0.220221218972995
0.0844287107176757 0.0427853241285156 0.0311152923489299 0.284101115879512
0.0482607987462524 0.102487630710663 -0.113745239853206 0.182612467602632
0.0624244186531472 0.0142293856593478 0.0694186471381848 0.0325520000988242
0.00719228625933797 -0.0154771480533593 0.0528097845811354 -0.172035316358659
-0.0010697648918232 0.0170129428532067 -0.0624717364314318 -0.256332988619477
0.0345184910919999 0.0141132422803964 -0.188472527396888 -0.198536193085278
0.0436477348642849 -0.0186473619948298 -0.223420595349967 -0.082440406476602
0.0316997987874386 -0.0416944792365938 -0.181121118378247 0.0194897245201556
0.0360203671586746 -0.0665375978951563 -0.110783621162425 0.0968018109232434
0.0336925545438168 -0.0691512628513148 -0.0288800150876215 0.148187547862848
0.054176040346992 -0.0732404912840353 0.00041642279597216 0.203312767426169
0.0975590177129323 -0.0367450955490104 -0.020758887497485 0.233768037961106
0.0890326210933634 0.0153091605613602 -0.0726532345749285 0.236751310300701
0.0788833214892138 0.0359602868310078 -0.124105204013355 0.202094548839191
0.112326865097517 0.080562494134948 -0.114701859077157 0.179414275753903
0.0885753968316561 0.149590039085719 0.0228962568205422 0.219678229727707
0.00897380042045582 0.171222809819548 -0.108415923635029 0.126037842618888
0.0488475291369683 0.112829146741007 0.0895308435852907 -0.0105289716948511
0.0357065807510426 0.0669419821598552 0.0637387048291932 -0.20167528624641
0.0569618871251086 0.0547883659088991 -0.0537762557269246 -0.267325400011128
0.0936217352618548 0.0237523237907098 -0.165282065659965 -0.199690304990559
0.0954924611594123 -0.0287742503295116 -0.195944600500275 -0.0982967407779842
0.0720949362560507 -0.0647670156328418 -0.162230084295213 -0.00824901580790256
0.0740580817413816 -0.0943488641675556 -0.0932512434011541 0.0675527466355777
0.0691874579566165 -0.0977740096286696 -0.00500663942218864 0.11462038517863
0.0993104852606397 -0.106142569470182 0.0450383892258749 0.173656021483885
0.162375035083916 -0.0606373813039753 0.0413725046320549 0.227241614854511
0.167862395344262 0.0157034848066037 -0.0284497288688745 0.264953307608188
0.145851183170613 0.0927308566570075 -0.118939813532331 0.217883759149919
0.132059610808457 0.167978513506907 -0.130657915249294 0.140029343297166
0.0851244765513847 0.229827465230386 0.0111675772847802 0.130464335164334
-0.0282893423708644 0.21484889720605 -0.0883603484455226 0.0454421335503594
0.0318332326539224 0.197125756351857 0.115901731582118 -0.0661083176337478
0.0653605707046261 0.148568594712053 0.0840953358383261 -0.231036654181378
0.119277180274648 0.0895200695065569 -0.0340793921474829 -0.273683994092642
0.148262151402692 0.0261552084122274 -0.12719788196359 -0.200593149345827
0.138297174657094 -0.0399813722713211 -0.153216375963035 -0.116894726627416
0.10121305757803 -0.0821418061182212 -0.129540743505583 -0.0426776362652268
0.100577419092985 -0.107680127966056 -0.06265360110117 0.0295037469287356
0.0945844557060293 -0.109116254231394 0.0266414352841935 0.0716152545365901
0.128134556276115 -0.118731572480696 0.0897231125226092 0.132144570012919
0.196727341640781 -0.0724921236839038 0.103146757083721 0.204218810101817
0.214170342334436 0.0116979595577636 0.0189904872444337 0.278904069193776
0.189151956909453 0.129288164010824 -0.108847597683959 0.228332466932785
0.135012345888428 0.228584072364719 -0.150309309751763 0.100395301651737
0.0638475613473419 0.273463494201837 -0.000124192308154686 0.0302956988799972
-0.0562263921214042 0.22506027780983 -0.0667512097872891 -0.0509455665387053
0.0124218704598581 0.247240430381798 0.127142789911662 -0.128289898882282
0.0850186079592432 0.206260614652932 0.0971233013662825 -0.247525553638748
0.164466332459218 0.111543863406817 -0.00634792977270483 -0.262068330975168
0.182386358243991 0.0233218299914934 -0.073251810092276 -0.197287310166241
0.160351321429003 -0.0474542159138368 -0.0974174034353696 -0.139447071745278
0.11604887286622 -0.0883065006808244 -0.0868354534729888 -0.0802978717614303
0.113327843668686 -0.104457724373664 -0.0238366208845806 -0.0106148186716929
0.107857722292413 -0.100017337667576 0.0628926574249747 0.0273402951618981
0.142155398513962 -0.105640816358154 0.130225037500442 0.0899777624205774
0.204160189893196 -0.0592994973732013 0.15035238811133 0.177159443088561
0.221489258689443 0.0238457249879858 0.0553121019777375 0.277507398051935
0.191498486829812 0.159016534164563 -0.100820698953166 0.22316826970784
0.105818188299347 0.259455959778563 -0.163550413892005 0.0571541072057801
0.0224803998193559 0.276685774485905 -0.000113353739610958 -0.0668871291175337
-0.0720917044725262 0.196492738326199 -0.0520697587789919 -0.147580345204931
-0.00896319980069473 0.249641483123854 0.116469761187295 -0.185670159984961
0.0848584264700731 0.223287265386704 0.0965864617718124 -0.245110216189634
0.17467243614868 0.1129337477081 0.0233121953922027 -0.232042367354345
0.180875437606734 0.018283767533057 -0.0108374025516629 -0.192198498640156
0.153988941982185 -0.0448286403687404 -0.0397750453846936 -0.165780995390709
0.111279767115918 -0.0799870747581824 -0.0407768912960316 -0.116836617463542
0.108812489286257 -0.0867274631017341 0.0170962958104839 -0.0463463362176659
0.106746227016718 -0.0761079793467993 0.100229030258234 -0.00761552166688923
0.139609535629909 -0.0731549370435121 0.164031614638757 0.0610937339449298
0.18536235092955 -0.0250533046878841 0.181754408365178 0.159281532071738
0.196067902359608 0.0498340996956919 0.073435275646874 0.268665402097575
0.152963474893965 0.182148203804982 -0.0924765988770348 0.203422065090952
0.0473134546718464 0.258460194127576 -0.155881230643525 0.0125813065328437
-0.0317622709801034 0.239046267209388 0.019291042009618 -0.145735928639252
-0.0795167622841071 0.133143844643219 -0.0478401355676528 -0.224579979897794
-0.029572333393498 0.203807438461154 0.089803069252587 -0.221092121214667
0.0678522824099936 0.19351183269793 0.092773872372447 -0.227802450400265
0.144844511926486 0.0887544878131422 0.0526082407054526 -0.19767251630694
0.139016173572007 0.0117722868775996 0.0431748186854663 -0.190129805971544
0.118829163913058 -0.0299025354535456 0.00614161872386774 -0.189751738437515
0.088941118702182 -0.0563650455598225 -0.00166694726062584 -0.146342344304802
0.0888344957960676 -0.0567194746795053 0.0547950550757342 -0.0737107897466724
0.0903142794457015 -0.0439928986362662 0.135503577200875 -0.0289184706772061
0.116520842648353 -0.035442788588784 0.191664192037154 0.0501303927416124
0.142169173207562 0.00853811478977549 0.198737637837846 0.154798662628749
0.146881032043132 0.0691622139885262 0.0803434414689778 0.256924908705081
0.0926085732117889 0.183692325872894 -0.077904891517341 0.178060686089408
-0.0200363792254194 0.222571236354139 -0.123010093084238 -0.0221727458998832
-0.0808252767393653 0.167632303896775 0.0566381805212193 -0.194016369257268
-0.0819544056420915 0.0458134858848107 -0.0519397601984414 -0.266187298901406
-0.0484614229473889 0.123158625005271 0.0636740578751252 -0.225068921195654
0.0346507510493128 0.127091446845407 0.0965214127405065 -0.207956620213454
0.0809611225502569 0.0475582737123415 0.0757645630475559 -0.181046760384878
0.0655472665699647 0.00943565805710941 0.0713822156077018 -0.19805419275101
0.0625144273764959 -0.00199661097733537 0.0272496664994154 -0.206045003590399
0.0535224411144427 -0.0188746861777935 0.0246997918612503 -0.162775183077161
0.0561702708927093 -0.0192795355768709 0.0824911545974687 -0.0880233591540434
0.058882797528091 -0.0108424647523047 0.162724978187382 -0.0366333875314751
0.0744315269239395 -0.00492622591924144 0.209864976453122 0.0543881474433992
0.0833653640458195 0.0230297228668211 0.203424157171977 0.16138148794651
0.0924254977715539 0.0638067322926746 0.0816920345117355 0.24560347866597
0.037370894642987 0.155357169435451 -0.0543837509048623 0.160434887246393
-0.0671086592194701 0.153654433600147 -0.0763806589611395 -0.0318999283437552
-0.106538205478177 0.0732801580843312 0.101963813884955 -0.20685159544437
0.08267901576576 0.0181172924650715 -0.0968472401778311 0.228914320317252
0.0621555198305519 -0.0872704553647232 0.0852169266503422 0.0603263147788404
-0.025904176822812 -0.0840414828490671 0.0601948380995582 -0.170051866873171
-0.0516016931926932 -0.0156133259652626 -0.0785033562457672 -0.267265295961255
-0.0229894180329259 0.00231166000869693 -0.227126090306046 -0.19745374558265
-0.0117428011979728 -0.00884540386408758 -0.256194762427483 -0.060027371968862
-0.0113887669611522 -0.0147906604593574 -0.192913603875306 0.0494302657212181
-0.00968633700146096 -0.0321382338934364 -0.115758560132358 0.124700724389554
-0.0113558903396748 -0.0314948801076946 -0.0357103572605808 0.175402869383448
-0.00703376937878664 -0.0319488984955797 -0.0199859639640003 0.226455069420375
0.010806891587927 -0.018931089976159 -0.054205847536962 0.238929779670442
-0.00613049280409827 -0.0092361524231065 -0.0904821646390465 0.222011649117294
0.0101270167848137 -0.047288637451185 -0.120162979485539 0.213974258331653
0.0926178881947051 -0.0378044653250315 -0.108158758925165 0.241166669579089
0.0895110076203295 0.0411024339579576 0.0452930224204921 0.298083267500501
0.0542152151764127 0.106077413663633 -0.111922704749816 0.200164131256829
0.0651804756193591 0.0120363809047253 0.0778048767624358 0.0304675613025388
0.00512536587608966 -0.0144056597253099 0.0480744642149942 -0.184004562272739
-0.000425065094189959 0.0190137206604088 -0.0781462605139214 -0.267965418251168
0.037600669861087 0.0135186948731702 -0.210525992348681 -0.201575556556311
0.0458900433598551 -0.0224589417952561 -0.242404375066928 -0.0762452413975531
0.0332041809614642 -0.0463113007057303 -0.191355069491787 0.028848152250589
0.0353026774949051 -0.0737687259421574 -0.113367879193148 0.107466388766023
0.0330280675106136 -0.0759294510164592 -0.0235329454477413 0.15636153970037
0.0549928055811759 -0.0799218318385439 0.0120180061392958 0.21429752330176
0.103508893501832 -0.043553287635056 -0.00885282328311026 0.248880729511437
0.0969772698354552 0.0123869460025649 -0.0647581651677923 0.253444263680604
0.0857191132164442 0.0367192935458101 -0.124360200523509 0.221246850818186
0.12150787523453 0.0785524509498013 -0.115910154055142 0.198582162398054
0.0982088186130348 0.153711258391116 0.0347912335454765 0.231098415748602
0.014949001542165 0.180762493260202 -0.107815787209718 0.140149647679283
0.0555023052064936 0.116811884409263 0.0973385345107397 -0.0165412037296521
0.0390367060447931 0.071328476727936 0.0586017433543937 -0.215762855773402
0.0625632710989672 0.0568879932746345 -0.0695624974695987 -0.280812348915768
0.101003204903306 0.0208411872362048 -0.185863102066401 -0.204335324272533
0.100832782288009 -0.0355830643906715 -0.213643052535567 -0.0955034490385729
0.0746605755305106 -0.0729531581164537 -0.173439058728463 -0.00145938162838477
0.0742238397114419 -0.104044163759599 -0.095476430207463 0.0749634282459126
0.0699076084816781 -0.107682123738897 0.00151550465177141 0.119665334220277
0.101686924648923 -0.117182136390514 0.0573493468442251 0.18007648654461
0.170295679432875 -0.0725356467617534 0.056396239069015 0.238153991921193
0.179648756718855 0.00866944482758378 -0.0150160755254852 0.281206047995718
0.160044732516651 0.0925035816447437 -0.117610087006952 0.237991581284667
0.148295637158472 0.172418023015029 -0.134417990608224 0.157113458546054
0.0975484034623195 0.238838426918504 0.0175759493577622 0.138356004469372
-0.0227622532774205 0.229004672640226 -0.0900496783524901 0.0535553918462153
0.0415887302472395 0.207633792433734 0.122137421221063 -0.0765351825872893
0.0745692427549482 0.156321364278608 0.0793904813429778 -0.247193898415401
0.130123203963072 0.0905741399803838 -0.0494892883150239 -0.288303340609717
0.159244090865687 0.0211119485314046 -0.145178372005819 -0.20662929768859
0.145580685998959 -0.0496933126868587 -0.168898963516532 -0.116969670500238
0.105035518458838 -0.0918832489595022 -0.139815229866315 -0.0381436613439752
0.102225887579774 -0.120155894385884 -0.064837898496215 0.0333169361506995
0.0961145831736797 -0.119935632666066 0.0331421041120718 0.0724110026561537
0.131676482030083 -0.132125009717252 0.103530917432697 0.132619081366581
0.2063041757228 -0.0862435933543869 0.120675568219669 0.210334839510956
0.227107961385427 0.00278158872693264 0.0374693219570234 0.292362720889358
0.208373290028546 0.129336246483662 -0.106185666337333 0.248109778148836
0.154219797781986 0.23646450275408 -0.157101068381485 0.115613827444745
0.0768078292912441 0.28667181251588 0.000704265652434254 0.032753434670417
-0.0522678343486117 0.241896027400319 -0.0707851064799482 -0.0499508220121388
0.0246505205304614 0.261874817799279 0.131009482334035 -0.143785316132479
0.098768811726456 0.216220112984091 0.0921428647340221 -0.26412514813096
0.179509926376608 0.110649436935737 -0.0191114591388169 -0.276051429667064
0.195346342962324 0.0156254204423612 -0.0868309071588571 -0.205674194581977
0.16886529354434 -0.0586324112070109 -0.111189960363797 -0.144081819944714
0.120093775615648 -0.098614238547434 -0.0963359716268574 -0.0795159220300664
0.115437442738247 -0.116973596465333 -0.0251230360160634 -0.0112053977554307
0.110462382637526 -0.111124868644027 0.0699457596364605 0.0236673834034313
0.146931986499129 -0.118607703731064 0.144258888501834 0.0862067442787051
0.214286278960627 -0.072799070666758 0.169908345678698 0.178972224745933
0.235905735404572 0.01492285379435 0.0754693263636962 0.289689806037146
0.21129524914701 0.160512786099061 -0.0961767829263586 0.242428558860319
0.12457800385292 0.271251324685228 -0.17151795226601 0.0696014275860243
0.0338993120148709 0.291456065574409 -0.00428784948936551 -0.0698671626041893
-0.0705734217438658 0.213080165568185 -0.0586628181866925 -0.152709597076267
0.00229960581362291 0.266020150319865 0.117494014252739 -0.204598246658849
0.101231319628186 0.233596242874048 0.0932612494076374 -0.262431957621429
0.190949625483079 0.111309967429158 0.0140069576594142 -0.245211191974465
0.192877000435333 0.010203077133132 -0.0198648162223897 -0.202908471310028
0.162707657010667 -0.0560301307109697 -0.050943030630284 -0.173535910904554
0.115308006477815 -0.0902034252254072 -0.0497539083957979 -0.120145386193532
0.111526412597042 -0.0978806226516744 0.017527775957575 -0.0512846580762633
0.110567070077498 -0.0852176770339396 0.108147368618226 -0.0155197240271023
0.145354022759019 -0.0838994916533576 0.179002972009278 0.0536777748378882
0.19578369858477 -0.0351706827726617 0.20243269021018 0.157873143315979
0.209231205591017 0.0439611174513036 0.0949227374487537 0.279160086959117
0.171484824847625 0.18559168177727 -0.0879547279281958 0.220824910476503
0.062111317286709 0.272651438057978 -0.164950878653929 0.0223920866842844
-0.0251478834771602 0.255200903386681 0.0125751643622285 -0.153495269070605
-0.0797698062631042 0.14595792082926 -0.0571108964700508 -0.234753668257932
-0.0205016401005037 0.218073564718252 0.0879074544842189 -0.241027513083216
0.0822663852512104 0.202337131044277 0.0894056391092218 -0.244389615175942
0.158722100625855 0.0860826723148077 0.0478343484096058 -0.210651051814254
0.147731412703366 0.00500306158332964 0.0365970804503759 -0.203331792408193
0.125540374359738 -0.0383859550605827 -0.003903848264359 -0.201240156155542
0.0920852207973664 -0.0639519627727559 -0.00907154925926621 -0.153429152413689
0.091701800328173 -0.0644033116076487 0.0558922622218636 -0.081483179153902
0.0944232790528219 -0.0502153743324313 0.144532054755847 -0.0396951389713436
0.12242603242346 -0.0424061151869839 0.207367263805536 0.0412717093347845
0.150884024253303 0.00287429998217684 0.220781564105039 0.153970294661118
0.15704206837809 0.0664270508624447 0.100711904783422 0.266533189012843
0.106956992656166 0.189415233927023 -0.0735024403577271 0.192320783096762
-0.00950950782643873 0.236650535165629 -0.132189468144518 -0.0156723033082061
-0.0797120407068862 0.181568698545779 0.049771476007156 -0.207183419266972
-0.0858049602173235 0.0535285038995434 -0.0630023905902136 -0.279504563308816
-0.044725494016115 0.132917385556284 0.0598957217053039 -0.243986512070552
0.0445498584839231 0.132261483643195 0.0931817516037444 -0.224323136233493
0.0883065195334124 0.0452149367188943 0.072888118558112 -0.194153287844298
0.0692897783341138 0.00638764013806469 0.0666011073337617 -0.212950778770333
0.0665686802741168 -0.00564854959518647 0.0184408862577647 -0.219155908878285
0.0557912891658194 -0.0223694868694764 0.0185308786454972 -0.172169240765576
0.0582967397368313 -0.0226168939622224 0.085171904420052 -0.0981457896506343
0.0624059850144762 -0.0135504160687963 0.172660110995158 -0.0476897281037161
0.0781748816434209 -0.00866778874199908 0.226575639864435 0.0465000746150487
0.089143748266257 0.0216696597969299 0.225188106232868 0.160649072624736
0.0990968236933879 0.0628387260253127 0.100987569513601 0.255125699952847
0.0475164430341164 0.160897483170616 -0.0493598917338195 0.17277587478063
-0.064009200377971 0.165738906379171 -0.0834865719850024 -0.0288706831223131
-0.110430023563935 0.0836853779789945 0.0964741224157648 -0.223471399355892
0.0871074737263063 0.0120612273504484 -0.083564229224585 0.24595421184725
0.0563440738662651 -0.0952485805055351 0.0949671973955121 0.0546532916940966
-0.0323609898904598 -0.0833248965994333 0.0499827271760484 -0.18120921415655
-0.0537535148705114 -0.0111974343867053 -0.101836453509338 -0.27179193110935
-0.0227207710137483 0.00405368233835521 -0.251939861982627 -0.188819201800303
-0.0127035756340394 -0.00901181046859013 -0.271776344685715 -0.0436957568000504
-0.0124492418342031 -0.0163933804632438 -0.197666291054884 0.0635335104787697
-0.0126478777348751 -0.0340714486223611 -0.112591225989046 0.138678050565006
-0.0136666920499774 -0.0327662465457001 -0.0252030121788761 0.183338368587581
-0.00885147690394703 -0.0326302686070553 -0.00478530143012672 0.236189784289135
0.0119519036452819 -0.0202237514608398 -0.039618087563926 0.252892153310016
-0.00610506956423753 -0.00835063871266365 -0.079686161303156 0.235694908094563
0.0074946651660264 -0.0483293602647689 -0.113224234809294 0.232585706709652
0.0909848700778737 -0.0469401309702924 -0.097301930783629 0.261309894541051
0.0935979622667458 0.036312302454318 0.0659582172907542 0.305131544835749
0.0622815592054088 0.106421824714389 -0.101429513475368 0.21772874048408
0.066321837674488 0.00744983384649003 0.0851994420333332 0.0240237748886229
0.00307644050361268 -0.0134849640272538 0.0377467284032752 -0.194524391184779
0.00123227784590069 0.0216343349257356 -0.100534428379961 -0.272598071102195
0.0410359740663909 0.0116490257074123 -0.235225750110168 -0.193980213370563
0.0458913442074176 -0.0271504433788736 -0.258815560052622 -0.0628064312166854
0.0320153833881321 -0.0519805423412191 -0.197561388014365 0.042747098881452
0.0310933532531491 -0.0801629773181878 -0.110945765321095 0.119343553305211
0.0295093849682759 -0.0823533163744748 -0.0135587073031195 0.162058385677365
0.0528968126035471 -0.0873073932904197 0.0278709354022431 0.220414003606591
0.105904657281906 -0.0532213130489689 0.00929829644007111 0.25977003323319
0.103243044615238 0.00636189222293719 -0.049825254046252 0.266928812027437
0.0921579484015599 0.0336984935649014 -0.116917873184397 0.24133013467001
0.130470824815321 0.0732691809838074 -0.108481967290945 0.217555928396584
0.109135018361357 0.152219386691343 0.0503222397736143 0.237014202290848
0.0262111289982135 0.187920454658616 -0.101433439599307 0.154262341723495
0.0640369314593957 0.117361525050907 0.101995096215228 -0.0258528349964073
0.0438583878403937 0.0735312935801257 0.0475112647063069 -0.226933238086123
0.0694022236572084 0.0565151101399136 -0.0926640205336717 -0.286378111559643
0.107332940201467 0.0146726748641763 -0.208460598313271 -0.199574679543287
0.102897900601943 -0.0450687514815046 -0.229899378546759 -0.0836235913332057
0.0735195860993669 -0.0821004008912389 -0.180376539326423 0.0110751572404887
0.0700789869448737 -0.115175257640804 -0.094588641055138 0.0837749455695166
0.0657646021160493 -0.117394752239142 0.010189147657457 0.121465903117773
0.0988451101069486 -0.129398247114268 0.072943822108201 0.181183384629096
0.173178004417621 -0.0879421886863785 0.0774727789500811 0.242783603703355
0.189145293848245 -0.00298340365049475 0.00569244394013747 0.291356715770206
0.173399588683698 0.0870834938396741 -0.107971273215608 0.258003537330813
0.165668668248285 0.169077836586482 -0.130396671179994 0.175815190853125
0.114041130654778 0.241079792856887 0.0262340299821922 0.142349328529197
-0.0113855256162373 0.241985217048103 -0.0888856507350354 0.0625322566381873
0.0567543187795344 0.213244613786702 0.123776704881756 -0.0898086459805916
0.0873671197170748 0.159927910658258 0.0672861251176841 -0.260195308812112
0.14148878966543 0.0864547099000101 -0.0705965795447429 -0.294872678356494
0.168148767810897 0.0103329127984755 -0.166188990500419 -0.204819050402931
0.149064693850334 -0.0626108681889714 -0.184732118331164 -0.109967306105328
0.105180569392678 -0.103325793552067 -0.14879966964581 -0.029085484105978
0.0979888268899373 -0.13257221075051 -0.0654377690929381 0.0382166072805955
0.0921917002314225 -0.13159864440381 0.0403136152403995 0.069511540363989
0.129098652465213 -0.146651956897922 0.118197939098767 0.12812267450662
0.209362920186346 -0.104993736723842 0.142829075288891 0.209210564636526
0.237122855380369 -0.0129567811443186 0.0613188393019835 0.299310636862558
0.226407212520783 0.121368457955144 -0.0935768140495 0.267343058913088
0.177117610406185 0.23574457749499 -0.156376721546344 0.133873259647487
0.0958495941147809 0.292715169088624 0.00219359176291466 0.0342932590842482
-0.0411247182788915 0.256722928467338 -0.0751308872672296 -0.0467640651299745
0.0430425555540526 0.271804127637223 0.128402766769453 -0.160941228823036
0.117923940305422 0.220180181933179 0.0807846248635975 -0.278956050220045
0.194587903323902 0.10405148445674 -0.0388615094554944 -0.283884925624786
0.205332667665311 0.00249157757822382 -0.104120101363855 -0.206436796877895
0.172253413427377 -0.0740835993999573 -0.126595571609747 -0.141953765391002
0.119895603501879 -0.110794635394134 -0.106010608090659 -0.0737814315223328
0.112113959375338 -0.130319530823751 -0.0270229365496868 -0.0111068650537169
0.10824705727531 -0.122633591920825 0.0752386140312461 0.0168047800307199
0.145549434890071 -0.133704628157434 0.156862814534863 0.0768053912022794
0.218410153447152 -0.0907869655290088 0.192077824089307 0.172884671419844
0.245936343167356 -0.000583456763688806 0.102751941884428 0.292980501201417
0.231992288945832 0.152609537069241 -0.0843428144092839 0.25928309988848
0.149079451609355 0.273320234166173 -0.174112678231588 0.0861806565782625
0.0515674121782735 0.301182743586546 -0.00955739492540838 -0.071090782557668
-0.0611107523855795 0.2284778362796 -0.0684503545354408 -0.155513374569616
0.0216185759244199 0.276499206915403 0.109510744378225 -0.222811620700429
0.122367698261179 0.236886513311971 0.0810396037387476 -0.277272820542544
0.206620535395695 0.10230335325721 -0.00100947269409649 -0.254075035088289
0.20182003609548 -0.00377942130694226 -0.0347107215559396 -0.208657275126941
0.166325819642126 -0.0703837220992341 -0.0667259127807392 -0.176840410672515
0.114822265599866 -0.101498739596817 -0.0604956713439797 -0.11930368384755
0.109443920807377 -0.109587178711812 0.015385745511145 -0.0557489123732801
0.109992758072519 -0.0958430496253841 0.113374596699012 -0.0266849879008016
0.145903587253597 -0.0977769685958478 0.190795325229119 0.0406293382636236
0.201253100813771 -0.0499341697737039 0.223967797261333 0.148461228362269
0.219740079625173 0.0314797214581682 0.121878096748727 0.280949164575524
0.19132979178902 0.180597884813363 -0.0763158079523282 0.236625332297985
0.0841943509488878 0.278789728247974 -0.170545753087362 0.0363648587702418
-0.0115694094745019 0.26694692525241 0.00183214106604399 -0.159104071763023
-0.0752294483597958 0.159047464480422 -0.0720143308418203 -0.240582136724435
-0.00526475872483849 0.228470770622919 0.076845865618436 -0.258842278509358
0.100469944310408 0.204128589165587 0.0785944108771545 -0.259273525699334
0.170419871958154 0.0771089652123733 0.036620577851431 -0.220219018649679
0.1536590939337 -0.00633235557998548 0.0259243485803148 -0.213172611072424
0.128440340510868 -0.0491211912300603 -0.0185439736265827 -0.207772577157325
0.092056027726586 -0.0725364739718932 -0.019972488852799 -0.156706416336846
0.0906800297115159 -0.0739111541726382 0.0544617149126617 -0.0900088252292398
0.0949602316799373 -0.0586893289871675 0.149572702859654 -0.0540475654433461
0.124376410810448 -0.0525055197789863 0.219813859970587 0.0265130441527177
0.156695180304912 -0.00700113321386667 0.242169568874466 0.143614371717188
0.166262991615556 0.0582832290124559 0.125546976857302 0.268801777225571
0.125340108115456 0.187925170867749 -0.0628914098440347 0.205545275845172
0.00644755976774785 0.246983357538847 -0.138985068290364 -0.0069156339329853
-0.071761147418553 0.195217983231721 0.0371617165284221 -0.217912653453339
-0.0868355305905876 0.0626623349104368 -0.080343962041032 -0.286400914487942
-0.0359221722998389 0.141195583740646 0.0472491472887067 -0.259937619967809
0.0571074162130382 0.132973614043273 0.0831227597259675 -0.239505634298867
0.0945708803254342 0.0392164333410737 0.0652596904944348 -0.205094023003546
0.0721981087317397 0.00101224781755298 0.0551038525121781 -0.225745926010206
0.0696552969493803 -0.0110909872913782 0.00267235357746562 -0.227998486339352
0.0570141986976297 -0.0267961269900199 0.00687078756872455 -0.178469956262909
0.0583963298957855 -0.0278265635325047 0.0836158748703823 -0.108914772176853
0.0641336189070364 -0.0181414175556169 0.17834450445796 -0.0640934502772833
0.0804862211494534 -0.0138808632228053 0.240508363950157 0.0310241970496264
0.0933738621537815 0.0167131351060144 0.247060265840411 0.150793067793273
0.104816414258028 0.057905201964527 0.124802309606858 0.257628941577658
0.0610560013869198 0.162325039614212 -0.0401694991156164 0.183277809249752
-0.0544311021448032 0.176059999564703 -0.0891735928873029 -0.023344582758039
-0.10958879275808 0.0957081168841032 0.084050697243573 -0.238130944312056
0.0878660635878374 0.00589850314263137 -0.0665193322938074 0.256521893423342
0.0479250232913922 -0.100038953176027 0.102173438351906 0.045819779252676
-0.0386015841634772 -0.0804672153004558 0.0381609236832269 -0.187736585206364
-0.0539449524267945 -0.00667291322876299 -0.121887214635877 -0.2670497841384
-0.02232504945687 0.00601694604727637 -0.270781685441447 -0.172628691198441
-0.0135851360975919 -0.00883539629656244 -0.28086952501497 -0.0243765035640915
-0.0136263693565245 -0.0171897865009205 -0.196003503054732 0.0774142490900445
-0.0159702616945376 -0.0344796380771355 -0.105631123539859 0.148847391949347
-0.0160536136109059 -0.0328924537293929 -0.0136063179874241 0.18616102831869
-0.00987584213701664 -0.0322790331898589 0.0124700282618762 0.239587012556551
0.012359943639985 -0.0213407480197385 -0.0216520055363574 0.259657240250015
-0.00515323037941125 -0.00717477655913317 -0.0659643325311947 0.244451321266551
0.00445716990067014 -0.0484063952775387 -0.100919945556526 0.246773047339945
0.0865136046046481 -0.0555515405445399 -0.081978378974052 0.274600071075916
0.0945143467398739 0.0305852127343981 0.0849525253700233 0.302451074813242
0.069072478303819 0.103491610666454 -0.0865535515841193 0.228272849258699
0.0655192590723556 0.00281220811617174 0.0894549483662761 0.0164602924061623
0.0018795183565574 -0.0110442500116337 0.0258226583202859 -0.199088225061271
0.00360710900171914 0.0230207762299513 -0.121202033787722 -0.268636056390011
0.042869594302023 0.00863066226874349 -0.252907684804029 -0.179969881452498
0.0450637661471429 -0.0314404171094086 -0.268479362433542 -0.0461635507468739
0.0300036502978988 -0.0561870732093741 -0.19768798498662 0.0564493560007417
0.0253315177916874 -0.0846165560854962 -0.104459861667826 0.128388194693781
0.0247701500368417 -0.0854231189434654 -0.00310271608352056 0.163279237286415
0.0489889754207914 -0.0922449268869301 0.0448230217183672 0.220326232967604
0.106218366004375 -0.0622431712161859 0.0287658461573271 0.26158928125114
0.106823798584399 0.000210098908408896 -0.032473109422893 0.272604220496695
0.0967946154067076 0.0294179431946589 -0.104404743932888 0.256337675084063
0.135719878361294 0.0646997056453875 -0.0956476931977086 0.231137028353345
0.118392827507709 0.147478121680642 0.0650714136753687 0.235444183968625
0.0366330471988975 0.190065483424991 -0.0908579966790724 0.163958082155891
0.0715133670023038 0.114507561944657 0.10287877017797 -0.0353804151244888
0.0491125942959989 0.0744439038579342 0.0341402234851413 -0.232439872928335
0.0743213664632635 0.0539909149927029 -0.11389163989617 -0.282242622188357
0.110353755516827 0.00746507541162045 -0.225637152230594 -0.186777006210951
0.102105852376275 -0.0535527169652205 -0.240704911671827 -0.0698411850444362
0.0705525390431386 -0.0891729272471011 -0.182777481099966 0.02378726249807
0.0629167603136891 -0.122499590209738 -0.0903091170933986 0.0913747766088972
0.0596145902651829 -0.124481877093282 0.0179941776940763 0.11988514408965
0.0926646225650315 -0.13873573582186 0.0876997797788034 0.175596032735832
0.171710807883384 -0.102530976991736 0.097241444482758 0.239757199247189
0.192709017112366 -0.0156018219817921 0.0264019636421428 0.293132923678907
0.183766249292426 0.0775242413574144 -0.0928323616063712 0.272128000575241
0.178794923980795 0.160558557606727 -0.120833550637181 0.189966001256328
0.128732458364686 0.23700826926982 0.0349425105981437 0.141469938030658
0.00267163519626362 0.247285553717361 -0.0843536302888654 0.0701633248238542
0.0712056541478644 0.213056717356631 0.120867961285648 -0.101799182265051
0.0992408063106937 0.158375996041661 0.0532596092122903 -0.26703965308374
0.149807753231643 0.0793798368502001 -0.0922421388087665 -0.292882081481849
0.171706059915092 -0.000903169174040592 -0.182353329876801 -0.194515020280386
0.147469326483405 -0.0748974323965798 -0.196308128417966 -0.0988887260653153
0.101068889947531 -0.112902973510741 -0.152455944254401 -0.018059866627843
0.0903981399883386 -0.14264970886189 -0.0637202590110225 0.0423429350271088
0.0859098038950618 -0.140713506165318 0.0454333465254736 0.064574751474932
0.121667231689855 -0.158804267092391 0.129147938217767 0.118400290595735
0.206914433630178 -0.12307178677914 0.161777450119702 0.19987096341739
0.240492132392005 -0.0285254352348424 0.0848971844515825 0.295972058310159
0.239836085564086 0.10840230236821 -0.0777459676013137 0.2801844780052
0.196576648645226 0.226932681448239 -0.149870454991245 0.148512219225402
0.113908024351778 0.29000355660036 0.00319202200299907 0.0353239304550895
-0.0267410016781684 0.266246274547583 -0.0775005095597891 -0.0420220544713634
0.0628698473407125 0.272568767592791 0.120719894279874 -0.173749646873407
0.134524121734486 0.217076996983819 0.0657039398482544 -0.287074841950938
0.20445966944315 0.0930419426420888 -0.058287467216168 -0.283847146614233
0.208414165878031 -0.0116629213915516 -0.11948252426486 -0.201436694097585
0.170693534303836 -0.0880757585754062 -0.139837465485083 -0.134787487260276
0.116033822483427 -0.121675480120299 -0.112664641503822 -0.0660869706918362
0.105070366815665 -0.141118232445151 -0.0274079469778326 -0.0103613713941908
0.10349220403783 -0.132120583137256 0.0785439462303533 0.00809650135140493
0.139192508393043 -0.146996299502775 0.165001995429882 0.0628991935575544
0.216439366820782 -0.108325131876629 0.209050175508552 0.159875408247328
0.249199981040045 -0.0168434463798519 0.12652057531051 0.287332748692356
0.246246250771723 0.13901586568164 -0.0672970835030675 0.270335457938029
0.171048110733599 0.267064204092501 -0.171871598143 0.101258749979243
0.0695504488563607 0.302122802702596 -0.0157738715960174 -0.0702292224640142
-0.0487364409635142 0.238182029103379 -0.0778057604978517 -0.152704295685001
0.0418767307906846 0.278919778093353 0.0969350900748969 -0.235001821352131
0.140551532615468 0.233026497413192 0.0667342244084354 -0.285143422449641
0.216573134036786 0.0897721249585059 -0.0166900692846385 -0.255822828136241
0.204429674476379 -0.0184202831330478 -0.0479847123798196 -0.208363260533535
0.163556337941117 -0.0846015340533885 -0.0807725659644425 -0.17441921266286
0.110984323334232 -0.111148146523571 -0.0695617232046862 -0.114478695323379
0.103419063595523 -0.119423277194898 0.0121426735511778 -0.0588840817884321
0.106381248068678 -0.104842405584142 0.114293920589589 -0.0385348334018988
0.141728280771871 -0.109668773923952 0.197637141394734 0.0250011494221795
0.20169457035052 -0.0652200457036721 0.239422588972994 0.133032416878048
0.223467094773346 0.0171477231367806 0.145831524031437 0.273815248454517
0.20690771769681 0.16951005072852 -0.0611642359479548 0.246103636006668
0.104230268803905 0.277061426336513 -0.171205406463899 0.0504268927072587
0.00398080555969306 0.272402696770176 -0.00945940845681681 -0.159670834603327
-0.0672560802658597 0.169029028932533 -0.0862351044123778 -0.239395594337299
0.0115107995500318 0.23172318133266 0.0611209740599757 -0.269747988318498
0.117665189537759 0.200103953345963 0.0643284678598558 -0.26707932720096
0.178410916801625 0.0658036638466549 0.0242847809093026 -0.223709186254624
0.155160676801328 -0.0180282409514335 0.0134653939631553 -0.218062576701708
0.126909562596732 -0.060528490309149 -0.0338246084903938 -0.20916908076784
0.0902382833884773 -0.0800973820469464 -0.0303046758192007 -0.15477700830817
0.0867105838466244 -0.0817951309950664 0.0500911041226142 -0.0965006463194308
0.0933607230549816 -0.06507013806262 0.149737205436069 -0.0682726115541318
0.122902338033808 -0.0619635676783244 0.225727628917793 0.00966460111776806
0.158550925635621 -0.0178041147683823 0.257933991155731 0.127447924757664
0.170886446579464 0.0481936172830236 0.149890964520589 0.261120717345898
0.13951514861042 0.180913585590191 -0.0499049861562288 0.21345548767199
0.0236083770892415 0.249236672108128 -0.141809953576481 0.00446225878731129
-0.0617712314233912 0.203407518057043 0.0219394460680313 -0.221126224767307
-0.0849489570638639 0.0714347970864455 -0.0969763385547989 -0.286214618821111
-0.0254164164292807 0.145562485828189 0.0315845971627586 -0.269035077411794
0.0692021429327557 0.129135332407763 0.0699814000561213 -0.248455669356462
0.0978384549277639 0.0316118713319132 0.0547113273655214 -0.211893101076958
0.0718619180512623 -0.0047672146740493 0.0412572967738896 -0.232755918339765
0.0701270865440335 -0.0170088501911825 -0.0140868351168778 -0.229722870773763
0.0568307721801731 -0.0312557578220283 -0.00515541294736226 -0.17899983819494
0.0574121793508915 -0.0321182050062598 0.0787648189781168 -0.117866440029784
0.0640584981085125 -0.0222867136531044 0.178571530774804 -0.0800463579610892
0.0802153538067015 -0.0196546423045944 0.24699794582656 0.0139300244863364
0.0954912607605968 0.0108558881545147 0.262696275553365 0.135341439716671
0.108346589545297 0.05192979847708 0.146330115361791 0.249945866524123
0.073410182979444 0.158598562864339 -0.0272761967269007 0.188340693085176
-0.0429401620749844 0.181889628633473 -0.0923286490441598 -0.0160642603526384
-0.104993467376424 0.105167849234719 0.0674555069624749 -0.245450218941919
0.0872446702166532 0.000879795858436696 -0.050968257614777 0.259388353474801
0.0408644538919819 -0.101988643958056 0.104810990415586 0.0375132710903781
-0.0415520918234981 -0.0762248907533621 0.0278138811161006 -0.189007681686853
-0.0526177838664641 -0.00306120679012026 -0.134951957299178 -0.258939719954354
-0.0211352951836207 0.00686784889957802 -0.279710334638234 -0.156871006408717
-0.0140078992339689 -0.00865954495915413 -0.283130485594785 -0.00862846377629127
-0.0146332189248628 -0.0178990559295713 -0.192688378890874 0.0864890205810588
-0.0182143504660379 -0.0341799083397472 -0.0984713313131792 0.153586809987646
-0.0171767534869872 -0.0328771227145773 -0.00531188715733509 0.185580176917877
-0.0103035597390335 -0.0317426059852541 0.0255282207179956 0.238119182048052
0.0125408383218698 -0.0232258826658703 -0.00755045450971688 0.260598837606858
-0.00390100282253707 -0.00555102224945372 -0.0550033744475917 0.246973200494899
0.00251176901907386 -0.0471204738196667 -0.089506901401324 0.254722647263754
0.08035915683541 -0.0600406554535708 -0.0684537189867144 0.280796108352176
0.094196117649152 0.0265015291903186 0.0970327865831076 0.29627317416406
0.0725462674600504 0.100586143226921 -0.0732498728410607 0.232652096884849
0.0633941129841962 0.000181179271132979 0.0913207873035856 0.00947180030225021
0.00148583361868594 -0.00903456306305171 0.0168030857111116 -0.200243573054513
0.00613471089469781 0.02390511802931 -0.133717206052425 -0.260512412236867
0.0442693001460321 0.00636271457147652 -0.262034739584058 -0.165666770325545
0.0438741790889191 -0.0342951733104735 -0.272023656481721 -0.0308232209279714
0.0278663996780817 -0.0595813588367682 -0.195065636829201 0.065715013767118
0.020920726736918 -0.0868929311905448 -0.098964957278501 0.134089749701771
0.0209289903243658 -0.088120791283295 0.00363282764533797 0.161406490739166
0.0459520086690036 -0.0951150749008698 0.0565384453893254 0.215716198429979
0.103898972779299 -0.0685019460225543 0.0440786889887208 0.259740123053911
0.108495520990495 -0.00431377952595718 -0.0185133215294361 0.27226099086964
0.0994500567043798 0.0258340061069557 -0.091925111719895 0.264450640640542
0.136441622454686 0.0575560617419051 -0.0847914938725335 0.23768753909035
0.122083398005694 0.141633088442434 0.0742559022014072 0.230202609744138
0.0448793363160615 0.18862723352789 -0.080844183227529 0.168883238772254
0.0754258097271915 0.111170162130478 0.101495340299669 -0.0428735204400783
0.0526718484684375 0.0743922653703933 0.0246180993564752 -0.232694697377481
0.0774695993682008 0.0516412756583663 -0.126678996275363 -0.274457276766123
0.111367456385631 0.00185615387294702 -0.235163965704691 -0.174420351228255
0.0997020925831612 -0.0598436418897379 -0.246054572387481 -0.0566715712263824
0.0672057558189872 -0.0941648573216798 -0.181192428760702 0.0332122740307138
0.0562147096436717 -0.126143633043762 -0.0865546044706517 0.0949955145556779
0.0544679232136495 -0.127636213999947 0.0230764439835852 0.115969786657732
0.0868834067042511 -0.143302890478872 0.0970984386243433 0.168522240824523
0.167280949054979 -0.113305402083 0.111263974839813 0.232440269649623
0.193155185787705 -0.0248232647277347 0.0425383305555937 0.288863248122727
0.189136148394596 0.0693520077704898 -0.0795134660660267 0.278295747856722
0.185385779462743 0.150949390533234 -0.112049508282163 0.197756673652272
0.136544077946382 0.231460960990956 0.0400896669264794 0.13867775775457
0.0131412278357371 0.249370295902036 -0.0796459008201866 0.0746653766730158
0.0812923856269336 0.208777072101013 0.115741500129121 -0.109637521302029
0.106883024623454 0.155735405576886 0.0418596786697136 -0.268188826619837
0.153769253622586 0.0734588206505352 -0.106005163755513 -0.285197299165209
0.172127709918518 -0.0103054957186682 -0.190674769974916 -0.183913034289384
0.144017199945692 -0.0830690021400996 -0.202781481375357 -0.0886385820957007
0.0960629310197045 -0.118924950194881 -0.154050362726002 -0.00936709404795273
0.083213526430498 -0.147353990435229 -0.0620449567170337 0.0450000817666886
0.0801774830433149 -0.145325786226 0.0480209300999858 0.0584466408388286
0.114607574274203 -0.16501110711172 0.135240220014062 0.108274144818834
0.201660826858555 -0.135105541264913 0.172952905750297 0.189198553394679
0.23991050584111 -0.0402797872281101 0.101263351782714 0.288228039977489
0.24589542167895 0.0961435506740292 -0.0643482244816754 0.285590653670334
0.207025273293967 0.21690797158806 -0.142663979329036 0.157870069759864
0.12403116332472 0.28443713134295 0.00373547597408802 0.0349801256770128
-0.01464989300202 0.269453014071729 -0.077609193253117 -0.0379017749584193
0.0764150796087539 0.26911467780255 0.111585786096134 -0.18110507420217
0.146432893954349 0.21176009094322 0.0538781814611606 -0.28920399915704
0.209422510761969 0.0833793403445147 -0.0710026967129249 -0.278300414582783
0.208335076411332 -0.0228952472591209 -0.127873171403015 -0.194041044567378
0.166747905844932 -0.0976931045367666 -0.147426026945514 -0.127515460148142
0.111130548094335 -0.128120380701646 -0.115456774901915 -0.0586553260731695
0.0977358423381369 -0.146741881811017 -0.0284829446983423 -0.0101350306342203
0.0978516226406269 -0.137322685067501 0.0779202469498805 -3.11716131305114E-05
0.132829735411158 -0.153570780990551 0.167861565907067 0.0511980004555123
0.211561672329091 -0.120801731115821 0.218890887167494 0.145635304573783
0.24850218660096 -0.0281427654617643 0.143501906861008 0.276444869469151
0.254150522158589 0.126574810829787 -0.0542725222009174 0.275373033861429
0.183644167586333 0.258074342783602 -0.167249449944434 0.111817447051535
0.0803390568658235 0.298789987577029 -0.0199007759651524 -0.0684268427074627
-0.0381508543910603 0.243353128498758 -0.082644689187218 -0.148653392211732
0.0567008952656134 0.276406539927392 0.0861554619399708 -0.241409928683432
0.153611500371768 0.225625501814443 0.0550070460186736 -0.287250727538265
0.220962195385786 0.0779098122022361 -0.0272897302117597 -0.25208983578863
0.203503716003951 -0.0294874513677446 -0.055924509362242 -0.204665644258852
0.160018249024429 -0.0943432370531046 -0.0898517806910072 -0.169059658415237
0.106987265091401 -0.11768509816691 -0.0735674112219074 -0.108955123458901
0.0975686483892046 -0.125126231205279 0.0100149252689499 -0.0608428467857144
0.103211950608177 -0.109857834808517 0.112053289749603 -0.0481878781715641
0.136706706678711 -0.116500373222219 0.198666407371408 0.0120517908920051
0.197793088712517 -0.0758897045373298 0.248674342591978 0.118273870734799
0.223866207478107 0.00715219469095023 0.162278867162312 0.261978993573586
0.215324197491616 0.158267044151236 -0.0491631507916787 0.249808696186805
0.118849509634849 0.271161567226567 -0.169033507417652 0.0597952935399056
0.0150791607798858 0.271849449974798 -0.0178483207924 -0.157645711071205
-0.0596739883804074 0.174157696238888 -0.0951153377232821 -0.234898276414723
0.0244790409633565 0.230727003313412 0.0486133660501296 -0.273560047401183
0.129221065730264 0.192533375368959 0.0533308188159367 -0.269526469834993
0.18048733061448 0.0557099451162508 0.0156870888284613 -0.222964642066898
0.152695910388869 -0.0264482210082656 0.00418875177700381 -0.217549132904059
0.123883854040226 -0.0680493094703374 -0.0451498017613903 -0.205811523848031
0.0871231200528941 -0.0850582960014972 -0.0366869060883862 -0.151836468816952
0.0825307165152166 -0.0852281236735447 0.0465073629051809 -0.10035848084187
0.0910562671795585 -0.0698695627246033 0.146262708792047 -0.0799708553511956
0.119573226812355 -0.0681399965098407 0.226254467893286 -0.00393303407450602
0.157214893114574 -0.0258477584819184 0.266091082640509 0.112783255128143
0.171547115584962 0.0408318834135987 0.164584764174085 0.250010969714559
0.148250823895248 0.172017486320166 -0.0391290480957053 0.215610217432286
0.0361183951106589 0.247183291502932 -0.141918022054663 0.0132151104022321
-0.0525015490312152 0.207113872006592 0.0102999923532504 -0.220113678009182
-0.0812297059829224 0.0775827028031851 -0.10741237004915 -0.281731965771966
-0.0169356701916962 0.145782204809631 0.0196894783126204 -0.271018778125307
0.0763035377659544 0.12310055361674 0.0591133106590032 -0.252421966444855
0.0979789663415246 0.0254017883315428 0.0470125694400351 -0.21294589592305
0.0703836096426943 -0.00890035714495324 0.0313478686423272 -0.234681876994577
0.0689573818506406 -0.0211796603453176 -0.0260296966201767 -0.227444296376039
0.0557337306683267 -0.0338797853597944 -0.0124660718733642 -0.17720060605302
0.0547259144045619 -0.0348602096085895 0.0739411582528388 -0.12291316707637
0.0632200180878929 -0.025365978105912 0.17510121152518 -0.092263769247927
0.0787661862741064 -0.0235986872407378 0.248368554256328 -0.000665437193593994
0.0953356540426857 0.00653642386082048 0.272102206589386 0.120363612472309
0.108523614363548 0.0469315185880445 0.160463778903292 0.239781296438963
0.0813717487227173 0.153231596692879 -0.0181669231331755 0.189758182581212
-0.0335184402920799 0.183439565259361 -0.0933551874875058 -0.0098025664183156
-0.0998932701917612 0.111221571328842 0.0539143012993857 -0.246302800376344
0.0806664716856775 0.039488777322973 -0.152852311723293 0.209810728196567
0.078272112479573 -0.0747969708366753 0.0773974324070829 0.071804457175083
-0.0064857516344405 -0.0866750615450841 0.0990680046962821 -0.161920597747747
-0.0457589803229877 -0.0229015564799073 -0.0223626894317725 -0.292326396922085
-0.0189330407265128 -0.000306845378124489 -0.194579141761321 -0.256524834778864
-0.00800008239490133 -0.0135320557371695 -0.25867357382303 -0.121777031530792
-0.00547498303788549 -0.0239703808790613 -0.214490969253725 -0.000629499568095297
-0.00383611728462361 -0.040089311420211 -0.153126711481949 0.102605213036968
-0.00186310547080842 -0.0372508205301187 -0.0800764192220953 0.166496779091142
0.00603925386519012 -0.0327381622415602 -0.0720794222480092 0.229110475894871
0.0247987758575748 -0.0151434017256503 -0.111246925928275 0.233987042104808
0.0024805448387549 -0.0032653647703556 -0.152966918963304 0.2031673426806
0.0222333070865445 -0.0387191424389036 -0.186232767106409 0.198249829964629
0.0957086743329936 -0.0235867615519152 -0.170823022575959 0.236799549502913
0.0792119217886165 0.0625557454909006 -0.0351243236586946 0.313921185376295
0.0214034170151953 0.127434249625436 -0.150942571640029 0.174751932290205
0.0555930353504561 0.0271360388090413 0.0823040227306635 0.0396608438974841
0.00447833910000307 -0.00631524829069829 0.0987085814825225 -0.178144452086438
-0.00480945516610945 0.0263154293977325 -0.0164525128610805 -0.296984047092122
0.0402095742998026 0.0268496423833147 -0.173126515608393 -0.260724722300798
0.0551516368754529 -0.0131700741148405 -0.238971288694672 -0.141087778283016
0.0499943466401102 -0.0445436845691472 -0.207500501965483 -0.0209716139881117
0.0531705926840197 -0.0726913428349953 -0.145461924125985 0.0827984941492473
0.0558583235746842 -0.0727323192864554 -0.0603104513133342 0.147538529086391
0.0820097097840355 -0.0698281654851963 -0.0321602927237279 0.221171832201212
0.127661070396114 -0.0235437559099874 -0.0624749506106321 0.253314444271764
0.106995253265821 0.0405018010522478 -0.12803556530449 0.242753367825079
0.0867433863091474 0.0677712828518082 -0.192267862678316 0.208329219347091
0.104581476233628 0.106693052075758 -0.173474721157216 0.195252948424907
0.0626241555515869 0.180426355123476 -0.0352809439326919 0.244186363423404
-0.044626251616867 0.198168025079754 -0.122076567125309 0.11450093813917
0.0184259850766973 0.132405388975156 0.119128123907696 -0.00360182149293235
0.0162276671241289 0.0915337144349624 0.125883156747383 -0.206981009235933
0.0467118507741241 0.0818387626226243 -0.0019109043063467 -0.309411220615492
0.102756403548385 0.0508335820864401 -0.142922958933843 -0.261459092231354
0.116648645847009 -0.0132976445564239 -0.203162514191231 -0.156604986128738
0.100864123737657 -0.0593035266926912 -0.180872050660502 -0.0465223664812164
0.102826205548158 -0.0952610803747968 -0.118940815276926 0.0522087396492295
0.102782300422628 -0.0966706242628148 -0.0236469136687919 0.113179964397846
0.138139318289195 -0.0995563437519494 0.0256631235205125 0.19368734136707
0.203892376707644 -0.0421122881720131 0.0113787281778875 0.255575840253335
0.194050725503811 0.0541052840512095 -0.0762349139848724 0.283405613857115
0.156262083279965 0.141781581304876 -0.186187343908182 0.228922069909598
0.117017428921602 0.211793829622163 -0.187100890604824 0.150588268552633
0.0423785078394663 0.268503667383817 -0.0351876398601368 0.145610373541586
-0.101661572635189 0.241030547377924 -0.0744870657764823 0.0302149539806839
-0.0176699558619222 0.223317528216578 0.164738824169418 -0.0590502234131365
0.0318658743906785 0.189182578555285 0.163764286895645 -0.235481256204403
0.106443299601554 0.133593753286923 0.0251911002891589 -0.315440168848043
0.161996144620065 0.0653804452629709 -0.0985042518316485 -0.255895620665167
0.165897446513769 -0.0167098706739815 -0.149846155052783 -0.170492852820766
0.137985002232191 -0.069160139847393 -0.137516880314026 -0.0740860732754301
0.135971025104881 -0.104163357051951 -0.075976707052677 0.015251878668407
0.13454850078642 -0.101887597318188 0.0229805045354851 0.0707555457314661
0.171898522008931 -0.109234233203376 0.0859148267161511 0.153359633822426
0.242581578595908 -0.049759908881821 0.0859116698153267 0.240641546097524
0.242264695804432 0.0569304419360505 -0.0196657708029897 0.307576872610361
0.200133765618293 0.187912362363744 -0.173832839306258 0.241475188978236
0.112188418249999 0.280765891901288 -0.202180961296974 0.103205383760255
0.0102169877326262 0.313532480530804 -0.0285040194902818 0.0340867884686453
-0.137201260855825 0.247888019519329 -0.0241365704315758 -0.0702874265613792
-0.0471886917344095 0.276600459269767 0.193429359692064 -0.125727047021148
0.0445030815046376 0.256401438960485 0.187046977246034 -0.251716767999889
0.152413539881249 0.165432744322159 0.0571163639880747 -0.297440209778725
0.199027996395482 0.0682057485530651 -0.0346494546135749 -0.241631268033451
0.19241592871432 -0.0204791596571449 -0.0835419865765104 -0.184801596635941
0.155002512323663 -0.0718228782958079 -0.0813328020429779 -0.103137015592659
0.149822809340974 -0.097441062093877 -0.0225538842727513 -0.0215983220426914
0.147045126952093 -0.0885253768520735 0.0739099581494896 0.0291759607532806
0.183320547016048 -0.092312360193094 0.139007034728546 0.114491809966039
0.246450602861295 -0.0330191167410556 0.145643965383743 0.219956852738686
0.245377163308993 0.0707112820339978 0.023542494624724 0.31350497479559
0.196857509240714 0.218518854492712 -0.160845803448261 0.236381442900064
0.0756307091771011 0.309758495454835 -0.209460150445039 0.0506850480163694
-0.0360901282977575 0.309440698196532 -0.00811315150439501 -0.0722371977695623
-0.147223759887758 0.21294174095879 0.0146310657824286 -0.17112251648652
-0.0681750625438166 0.274771395671589 0.194386983007115 -0.19054460064372
0.0463190412667948 0.271946166835288 0.188083268467894 -0.251210152924472
0.165160131496568 0.164253558559045 0.0874891967601124 -0.255816511818087
0.196068288626366 0.0597514329980507 0.0356410100910619 -0.221618798515309
0.184340174457584 -0.0201274988331807 -0.0132215427703554 -0.199581454110997
0.146958992815233 -0.0637442254277344 -0.0224245520238777 -0.131787009540217
0.140535086202895 -0.0773215726079939 0.0342307426517544 -0.0529280871250397
0.140467694598866 -0.0613477340528017 0.124935908671109 -0.00164719399611307
0.171820301339602 -0.0563557150099079 0.182495085311453 0.0909627726816998
0.21535450192556 0.00338927614625814 0.18345976267223 0.207193736414857
0.206728227641588 0.0937509303442397 0.0466526946444977 0.308041571327389
0.146847015253861 0.232459169726946 -0.147253898311953 0.214155293699778
0.0103220836495994 0.297126042476139 -0.192551297678969 -0.00054344261719413
-0.0890002636931702 0.259292878531719 0.0323698177061898 -0.156026755478725
-0.136199996362999 0.138667924772957 0.0324729811659587 -0.25241839939722
-0.0771738099202784 0.219468583788505 0.170954605139737 -0.233288266551229
0.0384132698752205 0.229424167066799 0.176973595167031 -0.23348130759051
0.137883509931929 0.125971686520163 0.114778384470233 -0.209256344188328
0.148366098537407 0.0413042618707031 0.0960460155717069 -0.206623103102905
0.140301991016877 -0.0113327848791016 0.0433848916005519 -0.21280785887332
0.114612960648265 -0.0417858990616628 0.0298750062599985 -0.155072525657124
0.110116267307046 -0.0467254388057578 0.0837089577541409 -0.0749818440152679
0.113712578214717 -0.0290883497975566 0.168558638100837 -0.0162267746467618
0.137015340090895 -0.0184542317960185 0.214258755880158 0.0885886551987467
0.157844441526074 0.033955191743471 0.201535516387168 0.209139296652495
0.145078006783652 0.104003776318023 0.0530741517138422 0.297804237880536
0.0786292078132 0.219595751539833 -0.125517391519029 0.186308930578795
-0.058404143804005 0.244149098400755 -0.149334027253289 -0.0366983068927823
-0.127401957861196 0.172809626014561 0.0883750871535625 -0.204430578725378
-0.112217987005276 0.0378463780266623 0.0298868475919695 -0.295202895388217
-0.0780412035785173 0.125014741424476 0.13837424596945 -0.241275619919127
0.0194936946117798 0.142602693017586 0.169699447557515 -0.212947538297086
0.0758975134420979 0.0630120877676929 0.135857403901362 -0.18343667024728
0.0652026758640522 0.0229174026978229 0.127212980234413 -0.207720171815036
0.0715883478081803 0.00914880367624594 0.0699504857948986 -0.220521764408125
0.0658535386195388 -0.00792249650050002 0.0616798052416735 -0.168108751603369
0.0635869157512797 -0.0101885950722929 0.119304598561574 -0.0844553989131145
0.0691983639297152 0.000791276981887537 0.199632877576486 -0.0160031263505669
0.0821686548076044 0.00666649120925587 0.231766880802426 0.10034893383203
0.0881718819512543 0.0404927888604908 0.20155066311456 0.219049128958484
0.0842953411489235 0.0845748015797903 0.0515275839577429 0.28604979288314
0.0221531570985799 0.174400711022705 -0.0956787662398781 0.169181028984891
-0.0994489186883094 0.158754973862115 -0.0928229753999573 -0.0433948292610789
-0.135454880501824 0.0652679672951691 0.144232517004776 -0.211874197727644
0.0829447242817786 0.0380987214819107 -0.148516948195054 0.21796939235168
0.0756887999468384 -0.0782892720834394 0.0819481794324338 0.0690216688333802
-0.00847097551573882 -0.0868352801673972 0.096989627432698 -0.167647453219936
-0.0459736999546486 -0.0214273093739712 -0.0285949333941214 -0.29805138098091
-0.0181417997660214 0.000493401227202354 -0.207300628726544 -0.256367776405695
-0.00797967739008721 -0.014153500622688 -0.269329153696799 -0.115740647382871
-0.00633074582958623 -0.0261861281855831 -0.220663001840001 0.00437910063575446
-0.00580521235776365 -0.0411945866310921 -0.154744386045534 0.109165962240798
-0.00246820365099434 -0.0393988223153625 -0.0783287301749354 0.171350190867176
0.00676561748999568 -0.0338498133804733 -0.0656833802937248 0.235381700390744
0.0261965055058741 -0.0164569675836056 -0.107030790929357 0.242417106528619
0.0038049921387833 -0.0019589994476825 -0.153343805931067 0.21107580441255
0.0216385676225008 -0.0389151058818883 -0.186748235264013 0.209787129743477
0.0937148946702872 -0.0268735463050707 -0.169347842899979 0.247807127432206
0.079844505132014 0.0628073975406256 -0.0316729320156749 0.319050266389686
0.0242632550846023 0.129462361903399 -0.148265195751666 0.182755212850151
0.0551964882376163 0.0258477158522723 0.0852820436290944 0.036037674346676
0.00409980914887425 -0.00487528854246258 0.0970616550272442 -0.184048037583878
-0.00398279353893527 0.0285122153996057 -0.0239587905967475 -0.301583011409966
0.0435009116897149 0.0264951594086677 -0.185049327124634 -0.261687576034688
0.0567306051223566 -0.0155504978620844 -0.24915090785286 -0.13625650111997
0.0504047054019208 -0.0485187913599775 -0.213543218550014 -0.0166085223683902
0.052417338710869 -0.076348131965893 -0.147467914312276 0.0883676120591502
0.056171260494331 -0.0766856211933892 -0.058596769260706 0.15071108292417
0.083379906878972 -0.0740116905578831 -0.0256331675289933 0.225547631895366
0.131525078345498 -0.0293371964574073 -0.0548597888071174 0.259578952534788
0.112322730570612 0.0395556396606841 -0.125268947950485 0.250356436084879
0.0915249249833528 0.0677251868912057 -0.192178539446233 0.220656590149488
0.107862022833717 0.106656595254315 -0.173633552793985 0.205048659868534
0.0654042830796353 0.183665587294437 -0.03303812729669 0.248158033927843
-0.0425974009448321 0.204218689772275 -0.120201879222853 0.120205938758694
0.0216424079372561 0.134510937209562 0.121389682233993 -0.00895747661572845
0.0185875562261315 0.0950988750885292 0.125334286174893 -0.213597320968305
0.0497953028550252 0.0841158737261399 -0.00900122470454257 -0.315721362033269
0.10744055300045 0.04902208154114 -0.153313376117014 -0.262132313866244
0.119117176947091 -0.0174592506018561 -0.213192758443105 -0.154214029460053
0.102517078565025 -0.0648882344993898 -0.1866981832156 -0.0426399520527957
0.102343974174827 -0.101135297243275 -0.120888846339226 0.0560092879022469
0.104393661042014 -0.102262292504443 -0.0220696783122731 0.114296983053462
0.140123564016084 -0.106030101553547 0.0324548401904205 0.194772970567891
0.208357504293482 -0.0499893183617714 0.0204492596380719 0.260050854010474
0.20156374814002 0.0507385255243658 -0.0700882075984142 0.289079761515951
0.16481648404178 0.14159489940246 -0.185574700230777 0.241426636080378
0.124105250466301 0.213157033385586 -0.188206580988332 0.159846990640683
0.0466531077974332 0.274262331743893 -0.0344650489653291 0.147682166224713
-0.0987870918521241 0.250780693138227 -0.0738142992240205 0.0335140388614543
-0.0127096566863594 0.228505041564283 0.166977318681326 -0.066243758346602
0.0374224257692187 0.193975594118871 0.163189884649202 -0.243663298077905
0.11230977482583 0.135011697190678 0.0183350995794802 -0.320893160718546
0.168104460540013 0.0617122815596998 -0.106345872420315 -0.257910722561802
0.170180131019435 -0.0226139537602613 -0.159287565390833 -0.170536394410218
0.141356409125004 -0.075729628522531 -0.142919941936686 -0.0717008519390891
0.136231983542724 -0.110979894776496 -0.07772902265596 0.0170585836236505
0.136741962086228 -0.108559636878377 0.0246349095498922 0.0686087009532572
0.173901128049391 -0.116990823836939 0.0925945156897012 0.151620628670528
0.248694981426038 -0.0596510558511043 0.0968431798331439 0.241491959380728
0.250701418847885 0.0525547025010926 -0.0112032102073172 0.312131930970126
0.211830007050382 0.187991710173549 -0.1723043857602 0.253152516503475
0.122559120795884 0.284207052415532 -0.205980065252837 0.112282506521835
0.0147698880939599 0.320247281055802 -0.0309956644102595 0.0351120569783406
-0.135176991536095 0.259467650487393 -0.0247020170065525 -0.0704252331023792
-0.0409634736061128 0.283482114290452 0.194822147545475 -0.134635827386221
0.0529201783964196 0.262638137774519 0.187654357212191 -0.261307590211082
0.160120981701889 0.166061340242823 0.0515423591950262 -0.303095409570928
0.205816250501957 0.0634463807550255 -0.0404822690328089 -0.244989755162921
0.196952895083678 -0.0275669014440643 -0.0908328320889505 -0.186447898900427
0.158866704478765 -0.0787102722851698 -0.08530796661721 -0.102414284374365
0.150792303048848 -0.104265057142054 -0.0233452242468616 -0.0221416237953927
0.151195802931691 -0.0947271511583434 0.076433239971944 0.0241088605150573
0.186552489260423 -0.099271170174073 0.146288433601022 0.110213024728399
0.251980151763635 -0.0418832297177325 0.157300907238322 0.218225717836905
0.252737976087748 0.0666385154737379 0.0349961326738362 0.317386033141857
0.208391758792852 0.217936476685524 -0.158887273855206 0.24700839993207
0.0854300322910453 0.31471447021454 -0.214294526162576 0.058895488186782
-0.0334527091037815 0.31772504670015 -0.0119722905508005 -0.0734217461782612
-0.146096332298294 0.223957089203574 0.0129037916826335 -0.174468943824221
-0.0611339090266128 0.282737227120008 0.193747473093131 -0.201123415761561
0.0555513393606604 0.277641228243868 0.188324711494739 -0.26081630997184
0.173214697723717 0.164239192271861 0.0849546531110235 -0.26187521061867
0.202057810212245 0.05508854664619 0.033056309568319 -0.227487880577848
0.18852432964383 -0.0266071769273983 -0.0193660088369042 -0.203625381917052
0.150442108631892 -0.0698802307961026 -0.0250387640290797 -0.133191957549941
0.141538161284734 -0.0829264029963227 0.0344286741781434 -0.0559836886649778
0.144491692438057 -0.0671307589080649 0.127311489384317 -0.0088653789155108
0.175459352689964 -0.0630542690520565 0.190492063371969 0.0861040487284953
0.221301407718374 -0.00339763550892855 0.196227727961973 0.204667708274344
0.213703137184995 0.0913410772063774 0.0579663415655053 0.311008317757172
0.157243634504331 0.23275544192975 -0.144690468497511 0.223960066484829
0.0183152378488821 0.30333482565512 -0.198182151788431 0.00599553886064213
-0.0869801951536751 0.267775232935681 0.0275348610479828 -0.159731770677997
-0.135875980287334 0.147937189786888 0.0301474923324039 -0.258023030109737
-0.0715896450468041 0.226513307815545 0.169180129031912 -0.243851184983507
0.046522409073534 0.233143830066968 0.177053455695214 -0.243496712815623
0.143946312124661 0.124500474593038 0.114818158980945 -0.215436844522891
0.151909718582725 0.0379493281752514 0.094777308098989 -0.213811500290066
0.143996485702208 -0.016541627181956 0.0377254014036993 -0.217959331178745
0.118348728693586 -0.0469580537821015 0.0268212541179621 -0.158294272077168
0.110951920509777 -0.0504723377924671 0.0853405920398199 -0.0801404633578497
0.11678743040983 -0.0324753240626873 0.172510022364869 -0.0242573896466604
0.139850465089142 -0.0226416446376753 0.222565650213938 0.0831739810040037
0.16239669605028 0.0300428717833233 0.214736414313167 0.206617003494195
0.150376833228898 0.102668636133328 0.0639656243146907 0.301386551177424
0.0853678188148784 0.220720686301483 -0.123483563471205 0.193585376267746
-0.0529880602315773 0.250691924756434 -0.154136299654306 -0.0321095503088075
-0.127513640048682 0.180844031177605 0.0839538031562762 -0.210519439139096
-0.11350614859754 0.044130793301465 0.0277096220725794 -0.302566873937801
-0.0749677570848849 0.129192036949362 0.136293094464088 -0.250033614073209
0.0245939003873089 0.143612865967079 0.168884120392243 -0.221732905414774
0.0777211602629305 0.0609571034348406 0.137290945694167 -0.189710879623439
0.065900616518023 0.0215483573896762 0.126370304386845 -0.215520188154993
0.0735287008111031 0.00655171533012178 0.0651435380924222 -0.227048924977193
0.0680585151084989 -0.010572956916974 0.0597095742233097 -0.17246857739556
0.0641652606863974 -0.0118567792645069 0.121140454691659 -0.0910284419816613
0.07124694214094 -0.000850262877125894 0.204331704380829 -0.0244151538597946
0.0834089558081539 0.00483835934644192 0.241792842243877 0.0954187014487763
0.0906198791541585 0.0393811768427239 0.214517311279826 0.217875349780314
0.0873233996428369 0.0844769615246824 0.0611140240593076 0.289827149444896
0.0282338878834104 0.175840094426359 -0.0938840996821721 0.175279019825092
-0.097437087543781 0.164635637509928 -0.0971439742963827 -0.0407425975788175
-0.137194837483181 0.0717644960428321 0.140420973460365 -0.219833050898403
0.0863074071225498 0.0353035808442419 -0.14392035912005 0.230796883111009
0.0730518888617673 -0.0832460070580419 0.0863424322256362 0.0660684663299695
-0.0120604101528292 -0.0882745316709984 0.0937702701240581 -0.176825613350666
-0.0477733301919345 -0.0193672684525658 -0.0405663876745672 -0.307357443561576
-0.0173509273110424 0.0011547761394761 -0.225835926147437 -0.255408864434983
-0.00858334527021728 -0.0148258574313623 -0.284757016359683 -0.106266481645271
-0.00765942030003939 -0.0282291991941294 -0.230189000808563 0.0125857919681139
-0.00798655082119581 -0.0430904547099674 -0.156630887009876 0.119629757697678
-0.00398860708215041 -0.0407666089677913 -0.0746465184460272 0.179556175979133
0.00707207083487601 -0.0354829377900295 -0.057145224203607 0.245322833061691
0.0273026768118339 -0.0191197803150028 -0.100362911591011 0.254393564545202
0.00550253405395192 -0.00109098310088647 -0.151705632874029 0.224213296711289
0.0210578351101616 -0.0403155799241479 -0.185764711148349 0.226819433518452
0.0922208006543382 -0.0314838374955535 -0.165519270960897 0.263467500485009
0.0832704738701165 0.0626091221165299 -0.0241968405056695 0.329243079537506
0.0287697202732214 0.132924950898042 -0.144370022211031 0.194821061531475
0.0568116178979312 0.0247185418854408 0.0894071710863087 0.0316196163918428
0.00464318490677896 -0.00335941150759405 0.0938945147641765 -0.193871840538629
-0.00227776016340193 0.0309997593951257 -0.0354861018429788 -0.310123782036701
0.0466182726047544 0.0254924678151214 -0.201162960191005 -0.262068827339517
0.0586611330567668 -0.0192223019035575 -0.263876740869792 -0.128765818103321
0.0506613623645138 -0.0538910179519903 -0.22281173068383 -0.00928447432410451
0.0505578751006046 -0.0821179303461104 -0.14958482243295 0.0976251595025778
0.0555604160020873 -0.0828191457938312 -0.055477846134197 0.156590008549139
0.0843457427112046 -0.0808387229615157 -0.0158949670136105 0.232230600173052
0.135761498940435 -0.0369232569285184 -0.0456475046605227 0.270115418185284
0.119931771960578 0.0375907739988751 -0.119645445322685 0.263506083288686
0.0983309637078524 0.067700280136365 -0.191067660567508 0.239246914789654
0.113132690751581 0.105721375330998 -0.171699519139563 0.220266277706545
0.0716484457460694 0.188314486101944 -0.0279197080015611 0.255808956637049
-0.0358296599437157 0.213844298564155 -0.118720719465378 0.129067907644042
0.0265706140671368 0.138103111474332 0.124908342272237 -0.0157360941117824
0.0239378031213041 0.0992344453695266 0.122730813867169 -0.225633755105418
0.05528842479362 0.0863870444445731 -0.020043979841156 -0.324626959645593
0.114458511364829 0.0460998723352546 -0.168820077698127 -0.264232605341286
0.123497893509559 -0.0240382740514325 -0.227978350698414 -0.149604243181258
0.104221897782266 -0.0736163358963252 -0.196118647437807 -0.0368255268613552
0.101628724512348 -0.109545906253798 -0.123490121327797 0.0628950496549361
0.105232904061057 -0.111522335991303 -0.0194712472687975 0.116720600585822
0.142692415756357 -0.116540968973597 0.0426585010146421 0.197514495659216
0.215095760106841 -0.0625676759473781 0.0335836545100314 0.266469021909781
0.212594786974912 0.0446658035065616 -0.0606543938518051 0.300309136336329
0.178184450532776 0.14075099569893 -0.182813420993723 0.259813852948459
0.135962669873559 0.216098870875851 -0.189859117385648 0.174824393764769
0.055177923145241 0.282798156166176 -0.032349159329801 0.153605375724504
-0.0937965693560105 0.264484046751851 -0.0745440760374711 0.0376406835119401
-0.0040608971092062 0.236431459739779 0.168767678023892 -0.0768293050987772
0.0474499773926202 0.2009285655255 0.161435231693022 -0.258456409272174
0.121507584567173 0.1366051131852 0.00866085694285442 -0.330603396065632
0.176993352715692 0.0568653102781632 -0.119436176750569 -0.262106472071958
0.176190301487647 -0.0320235667652721 -0.172701334295822 -0.168445511396415
0.144141719285018 -0.0862969676611688 -0.150512583231862 -0.068376857667272
0.136654950584457 -0.121095111982734 -0.0801962590454547 0.0206470100057743
0.138584427784659 -0.119118808105603 0.0267550686122597 0.0666457874516356
0.176871588178786 -0.128737637127913 0.103104343521292 0.150093735609559
0.255774907080415 -0.0744588101207874 0.112441613453495 0.243342133646621
0.2641159333352 0.0444182398228712 0.0030567889934369 0.320174555980113
0.22806297671722 0.185143931125581 -0.168327423145044 0.271569270344105
0.137505540805137 0.288937170068244 -0.210771969370894 0.125419299581634
0.0236750636446723 0.332037095508575 -0.0330103333368369 0.0374685083311688
-0.130110953959101 0.275540915359356 -0.0270133603605496 -0.0715500907816745
-0.0305322288440432 0.294999336142118 0.195155054445342 -0.148631963941933
0.0667329775709023 0.270330041347175 0.185426013278243 -0.277239830575945
0.172710892679915 0.166465066891523 0.0437940858197869 -0.312806388779605
0.216570230648752 0.0562700108768885 -0.050175043844749 -0.251192536052923
0.203414414879812 -0.0382191332046732 -0.103219312660607 -0.188398855115838
0.162881032070668 -0.0904608232027809 -0.0921063267233222 -0.102496542285484
0.151792200784136 -0.114893879373153 -0.0251959939029925 -0.0225222674356337
0.154363697273031 -0.105877688398163 0.078783249321541 0.0183867714758024
0.190428150189934 -0.111641736669555 0.156707662125511 0.105099727708112
0.260192224986826 -0.0556234371769913 0.174232522523347 0.216900337340275
0.265925240457971 0.0591814026863949 0.0503909530497344 0.322829128865469
0.22466020659363 0.216174279930962 -0.155012920210139 0.264288189895682
0.101316137913755 0.322018506010079 -0.220860398626283 0.0710500708141571
-0.0254318306499489 0.331559540596897 -0.0170570041992001 -0.0757967799183415
-0.142172000573796 0.240335222105796 0.00819906322767205 -0.181148011403357
-0.0515022716178862 0.294727097533036 0.192161196423418 -0.215865376842979
0.070479566196521 0.284919561991575 0.187092742032402 -0.27691562777437
0.186187254033797 0.162641203424038 0.0798078254433094 -0.271713611179378
0.212016190303298 0.047998316181089 0.0273101740284078 -0.236575977015738
0.194528095179173 -0.036941974987467 -0.0296207972589744 -0.209022716087589
0.15410219861481 -0.0809018358736764 -0.0309143032974584 -0.136692296065938
0.14275557845444 -0.0918100588692501 0.033412625223122 -0.060639118130926
0.149021388906002 -0.0752880091023445 0.131052147109641 -0.0172495156219145
0.179532019845756 -0.0726934420419633 0.20187540560825 0.0779800271126721
0.229818554674174 -0.0141693241021218 0.214243992035895 0.200774358051791
0.225165628090651 0.0859104084037982 0.0752340463133436 0.316130466232617
0.172699987795785 0.233101614653106 -0.141234577901062 0.238167177333426
0.0312796538947067 0.313788449960799 -0.206411786595105 0.0163547896611593
-0.0822819453214554 0.281855610880593 0.0212640226162514 -0.165810206231129
-0.135386903189043 0.160885880226927 0.0236329220863021 -0.267834513071301
-0.0636235810640033 0.236990479527197 0.165223165222085 -0.258923775336862
0.0595574273985796 0.238531156210209 0.175728446023659 -0.259318054564216
0.153652205506011 0.121927449665072 0.112268586762218 -0.225501406809233
0.158341079893151 0.0323816718007315 0.0916303823595616 -0.226316986337067
0.14830055404812 -0.0242397416753936 0.0281743904821035 -0.226296103357958
0.121264550869937 -0.0548709119847652 0.0230829385588784 -0.164036609996708
0.112621847325126 -0.0566814925631466 0.0860598329509738 -0.0881727495058914
0.120585156961642 -0.0389245200156857 0.177538027708019 -0.0352814399744893
0.143940289892049 -0.0298305347482074 0.234970635216459 0.0746602876732759
0.169081932992398 0.0242997410078675 0.233412704790364 0.20299076265809
0.159062588297712 0.100428024018523 0.080121212256415 0.305792750616975
0.0983008039700901 0.222656665246029 -0.12003966615928 0.206343331175393
-0.0444278858090936 0.261777332028535 -0.162548106531091 -0.0249709352003132
-0.126775313687724 0.193618301674196 0.0771900548908641 -0.220010449645278
-0.115535896769978 0.0523999073682805 0.0194807170038803 -0.31325721510183
-0.0712857719762167 0.135921540605293 0.132803116344279 -0.264449799987825
0.0320997562968725 0.14540623822198 0.167371145995308 -0.236239155865821
0.0819447189936663 0.0588288686110801 0.137381637750336 -0.201014823532961
0.0680534306597206 0.0195790055861205 0.123446969264027 -0.229399167786735
0.0761900106834162 0.00276839932007021 0.0565603905124241 -0.236390975569814
0.0706170818896552 -0.0148565200836089 0.0559698746227234 -0.180560932609175
0.0651680952437819 -0.0141214371797532 0.122635867943071 -0.10069370503074
0.0739321191461561 -0.00364465904141915 0.210677205297067 -0.0365955824559617
0.085791989576719 0.00163224704586337 0.255157798407232 0.0878163785278364
0.0946167142071707 0.0373088941155128 0.23315717282817 0.214755716521423
0.0922626044113488 0.0840421999282794 0.0767395978000158 0.295092430124481
0.0363161030281223 0.178140849728246 -0.0904247357128089 0.185272839762765
-0.0932813423939986 0.174440808168948 -0.104415667000762 -0.0360304656807306
-0.139696239874897 0.0807988349986397 0.135076917790281 -0.23118160708965
0.0892849466678093 0.0304792664512018 -0.132225532347488 0.245120236980001
0.0676363432648381 -0.0895187817884813 0.0917041798910049 0.0607405706087946
-0.0176396256701675 -0.0886781517462777 0.0852994857897221 -0.18678474116919
-0.04859195665576 -0.0159311261832716 -0.0596855143835952 -0.312278154831922
-0.0164200354592008 0.00227468485918848 -0.24855610382976 -0.245628735867664
-0.00949600323918766 -0.0147519545420689 -0.298634866472305 -0.0882838534552935
-0.0111801582217777 -0.0302255864627616 -0.236521444839092 0.0276326627494531
-0.0116913645401399 -0.0442307578155748 -0.153638638392667 0.133535300048854
-0.00680293780040061 -0.0427335205224792 -0.0659093053472393 0.188187998070169
0.00623064110525294 -0.0375683767415357 -0.0419229413832291 0.25421021587025
0.0278352826181283 -0.0221033900607891 -0.0866862804638097 0.26757501278508
0.00725219412619635 -0.00100358122437161 -0.143647775862476 0.23927086543543
0.0191059802884641 -0.0408139311822304 -0.176519401380965 0.247148715240739
0.0890131786005364 -0.0368922352087807 -0.153986365788596 0.280718524636207
0.0877953328663052 0.0599710966799116 -0.00813789248163355 0.336387759316839
0.0372577875955942 0.135052781532436 -0.135984951161671 0.207961049485741
0.0579009515553271 0.0216410474133042 0.0916088122158726 0.025873623222236
0.00497964181233392 -0.00245170403634942 0.085833021048484 -0.203224713794904
-9.49089269043362E-05 0.0333596118402333 -0.0541115983118956 -0.315802628702591
0.0506812926753563 0.0223492137186734 -0.223441495823893 -0.254200088399402
0.0594048304282362 -0.024645561579506 -0.279146839074107 -0.113400779833431
0.0476820299653519 -0.0601567392734584 -0.231581670691259 0.00439803775141059
0.0460905772668205 -0.0886521522696366 -0.147823749849164 0.10994812170345
0.0526124778543586 -0.0899122647975647 -0.048602937618858 0.16340074560729
0.0827262474010615 -0.0893157949336141 -0.00016413986574548 0.237084842936317
0.138024534416276 -0.0485173290545627 -0.0282417172652359 0.279369692869448
0.127735653371766 0.0307242525299563 -0.10788952718962 0.276904695294218
0.105752589882703 0.0637023995179951 -0.181006566379748 0.260024236030933
0.120409631421055 0.10265991114383 -0.163378952795726 0.236866052073735
0.0829919019507741 0.189966109312467 -0.0160912494781823 0.262101934451313
-0.0245190533111824 0.222237136231378 -0.113471373306226 0.139854387119273
0.0347794676331713 0.138740196056538 0.124951472674293 -0.0246769165454345
0.0310291035511023 0.101472862435595 0.113536180926574 -0.238140593355129
0.0631137324986667 0.0863181693385739 -0.0388480178098361 -0.330403325654714
0.120523853381659 0.0389049978510822 -0.188971539017658 -0.2591675477083
0.125991030580192 -0.0340869818208158 -0.243221189836641 -0.136714506824859
0.102615273921305 -0.0840875784457481 -0.204365407879218 -0.0255441190876237
0.0973201794104635 -0.119952455073422 -0.12357399196346 0.0727570782295657
0.101725511278421 -0.121779265096652 -0.0144550722606381 0.1190889530224
0.139799443908997 -0.129935449727413 0.0570582410626835 0.197134526564186
0.217349064597709 -0.0803175769061212 0.0522504013016647 0.268511427897732
0.223469178245483 0.0320210877680089 -0.0445176691274048 0.310821582010531
0.192956612639599 0.133411135389074 -0.171079090957667 0.280477780160016
0.152179848181332 0.213520216359076 -0.185344313004528 0.191464787240571
0.0712872072358387 0.287729872603052 -0.0265510395480196 0.158635677123817
-0.079615070931712 0.278583026924996 -0.0737346875464029 0.0434408246366985
0.00957617647058634 0.241992591944079 0.166705651618143 -0.0895757316285117
0.0626098148921723 0.203753416906199 0.150939891216176 -0.274258715578093
0.134303397514964 0.133549389174191 -0.0112755794642462 -0.337755334336775
0.185921042223797 0.0460441741892748 -0.137517641483401 -0.260471813453573
0.178764762477239 -0.0452993078549549 -0.187936322062838 -0.161005605732926
0.143247500435292 -0.100223434811107 -0.159431255908542 -0.0607016849115522
0.133082167814177 -0.133993201470445 -0.0818763835491579 0.0259152847345939
0.13729562244885 -0.13281214075619 0.0301069046805725 0.0641780491245288
0.174430660806021 -0.144912690660678 0.115626935387605 0.143962719261722
0.258435028403254 -0.0949870156659586 0.132460589679459 0.239650191488861
0.275179122295328 0.0285839141810783 0.0227047291601285 0.326225793767265
0.246645663516525 0.175497494136105 -0.155619115891629 0.290778030131579
0.15891506341756 0.288371919276531 -0.209172074634718 0.144273354341858
0.0414688601645277 0.340485717288664 -0.0339471378707993 0.0403459701945614
-0.116376276636372 0.292999067761899 -0.0310158986450251 -0.0717703765605716
-0.0128208381824068 0.30272445065406 0.189812092749273 -0.164538995867636
0.0865173667324792 0.274060535411541 0.175072607210664 -0.295441100552318
0.187973559457898 0.160371623638151 0.0281044315988277 -0.321220508362629
0.22547504121301 0.0438774532431043 -0.0649562478829326 -0.254196193427869
0.206336968353354 -0.0539245204590762 -0.118212639491558 -0.18591702974132
0.161580109583705 -0.105418315333838 -0.101572032252577 -0.0987950544718667
0.14825809718613 -0.128019732239274 -0.0272307779285695 -0.0223431153445945
0.153935803394025 -0.119455277727032 0.0804160708052039 0.0110785014893639
0.189074150101188 -0.127559183927617 0.168054875219114 0.0947620615533261
0.264086315627236 -0.075651571437993 0.194658615200191 0.208093869497437
0.277367648750006 0.0439085571550991 0.0732135298880441 0.325015075017307
0.245168031252084 0.206998540226829 -0.142370938845643 0.282116360759197
0.124645407553408 0.324498410056072 -0.223713330002697 0.0889672980143128
-0.00864142226314533 0.342911878298011 -0.0240536786285845 -0.075722511693759
-0.130695487854631 0.256889351197565 -0.000728100954808167 -0.18704617207398
-0.0334625662859016 0.30459761800126 0.182763892149632 -0.233763314322167
0.092406505552464 0.287366154572811 0.175524423719073 -0.295352609590781
0.200780124260091 0.155061844537544 0.0675180074679567 -0.281727194886744
0.220393143583073 0.0346651879829238 0.0156276508604371 -0.245055634030286
0.196883472164993 -0.0522219465557725 -0.0444521467627406 -0.211755469242948
0.154015190306884 -0.0944214216139857 -0.0392755120120964 -0.137703760428392
0.140714112000186 -0.103375224309684 0.0306335237567775 -0.065455264601667
0.149626293757279 -0.0881183663822134 0.13246303016672 -0.0293069214991823
0.180632977672213 -0.0860718779680705 0.212516696839935 0.0642841708890571
0.234105554259268 -0.0300592442488473 0.234684185539395 0.189630530348125
0.237069675795159 0.0743125495432637 0.0975923240242977 0.315809759550511
0.192208511638699 0.22688475724408 -0.130099270845722 0.25488030342508
0.0521589327652832 0.319300483614119 -0.211583390407653 0.03157541889684
-0.069751562290357 0.296181975330405 0.00980668252102236 -0.17072612069252
-0.127430593396343 0.17582493751337 0.0104083819984697 -0.276432043735467
-0.0500168078773278 0.24657898358424 0.154332978310732 -0.275707965061499
0.0772006413772725 0.239147042709178 0.164964718817512 -0.276480415083648
0.164733587551537 0.114362682816107 0.105254720813195 -0.236817136790297
0.163927641981917 0.0229444488997027 0.0822344957151474 -0.238449463910742
0.150335525814518 -0.0354933058082131 0.0148431794649855 -0.232854560057776
0.121071977397082 -0.0659193481318143 0.0136592565312647 -0.169561115797597
0.111448301282146 -0.0645594045931285 0.0831105513587162 -0.0976766476860006
0.122810637289247 -0.0480530464995508 0.179019849697455 -0.0509886455820066
0.145259172492779 -0.0396490214275055 0.24720580703713 0.0584592105166066
0.174490831214497 0.0140555674366195 0.254441073558984 0.190966578136787
0.168251309359937 0.0935915199082286 0.102287311977518 0.306604309370807
0.11429026198475 0.21996414171132 -0.110952920477244 0.219431944129827
-0.029046735189925 0.271172171830178 -0.168886977650553 -0.0128798771770875
-0.11893630357501 0.207942755051696 0.064168718629806 -0.229189676523369
-0.113857938761818 0.0626796224932483 0.00495615936503035 -0.323118636329079
-0.0637490172130571 0.143161327793151 0.120635089589662 -0.2790308139944
0.0428976003555951 0.144577828800106 0.157710842242343 -0.253394141526478
0.0863038803374654 0.0537609717828412 0.131728267595605 -0.213879196015255
0.0701670532365445 0.0161698380363394 0.113188480617881 -0.244348063343978
0.0780612311452883 -0.00277875406485802 0.0434178706436721 -0.245012515706334
0.0713582679438233 -0.0212803043941124 0.0470621504818048 -0.18808322329665
0.065288890237438 -0.0180799358561068 0.12046753699848 -0.113237932249525
0.0763559415626803 -0.00853614316061779 0.213597912777178 -0.0541877688411735
0.08685791267108 -0.00413326732027531 0.268902483556387 0.0717376515652189
0.0984658460795081 0.0329247968912332 0.255372713155461 0.203380261648389
0.0990685189557291 0.0800555348564893 0.0984523231938245 0.296439308846406
0.0484667412356423 0.177509906252906 -0.0811252277888174 0.195523377111129
-0.0844617973223327 0.185082686751048 -0.109477812412859 -0.0281475909986032
-0.137706446474585 0.0936157323745787 0.122947524696546 -0.244257715518636
0.0900225710312879 0.0247167239756268 -0.115191773935945 0.252965568380566
0.0596501469611511 -0.0934170864285393 0.0939712414237727 0.0548109045968591
-0.0231627759964579 -0.0862794616038678 0.0733253047861857 -0.191621980359187
-0.0483526510697251 -0.0116767183563527 -0.0795440817831665 -0.307954863625088
-0.0156716284622401 0.00246777575344443 -0.264907401830269 -0.227588048815686
-0.0103936016017562 -0.0145302453301621 -0.302900544945102 -0.0667695434465019
-0.0142764801809757 -0.0302212768847561 -0.236135952955716 0.0437880094189282
-0.015439932456996 -0.0437246614979605 -0.14539969761524 0.143565243630888
-0.00965524186646781 -0.0434465438146769 -0.0542145867896165 0.191558836932409
0.00481283271356445 -0.0386108478368447 -0.0237263985646326 0.254720949427404
0.0270926170391573 -0.0245140295694183 -0.0681990517008357 0.272739802413018
0.00904050906647461 -0.00107224356334212 -0.129598284645245 0.248984890542354
0.0162082979031875 -0.0414021206007029 -0.159376113625053 0.26033785635224
0.0836855281584854 -0.0412209197625346 -0.136116857542507 0.290304739014701
0.0902147242629811 0.0554013141261419 0.0104552606736502 0.334746989632802
0.0447904059813825 0.132286383450184 -0.121886828189472 0.216523603674003
0.0574255813084378 0.0171762675581756 0.0917714555049245 0.0192430690094535
0.00513376931199357 -0.00220555008974242 0.0729136059350341 -0.208848853519055
0.00365678826177489 0.0343120349652534 -0.0734211166111694 -0.310585344214722
0.0525627145793685 0.018081538494408 -0.240037184049394 -0.238462739802988
0.0578611944112381 -0.0295463040981032 -0.285544744862756 -0.0936981429150913
0.0429180105343498 -0.0649399871108091 -0.231612830217315 0.0202734727161324
0.0395825272454061 -0.0919414558289978 -0.141389512928226 0.120338651414995
0.0472260901246258 -0.0939868278804001 -0.0388742565213468 0.164670117335982
0.0782428388295789 -0.0956503444837204 0.0166146833562632 0.235017639035428
0.134917101071753 -0.0591193026313972 -0.0090438954407718 0.280007088947153
0.131529414795687 0.0225289111587195 -0.0911454309927646 0.283262699908035
0.11035929437826 0.0576750365417895 -0.163338888137995 0.27353597310699
0.12472906293004 0.095531745339597 -0.149358184680235 0.24747043204566
0.0931562999373249 0.185802803290884 -0.0034314083439223 0.262262851481993
-0.0107678044046697 0.223584526433396 -0.104272229867542 0.147922774540258
0.0421356707249938 0.135054609943649 0.121675992422402 -0.0330377013817257
0.0385736287972843 0.0993892311129782 0.0985130207351852 -0.245073035569018
0.0694225630572244 0.0834597079248312 -0.0585807692572204 -0.325973662747735
0.123751005423904 0.0301723080552098 -0.205534130399562 -0.245850572172284
0.123207546498809 -0.0434748218976507 -0.252021986343097 -0.119985658609403
0.0964887114756532 -0.0922022674703242 -0.20703804608698 -0.0114439577332552
0.088642752212469 -0.127284311429801 -0.119712831354388 0.0814311122637925
0.0947317552679096 -0.130243045979948 -0.00829037934034682 0.117876868542152
0.131810551292893 -0.140731924636787 0.070042329192247 0.19047266661934
0.211730368549403 -0.0975971228862901 0.0716409908409558 0.262913324901984
0.227224129766281 0.0162086864318422 -0.0244067231719724 0.311536047867871
0.201920276321754 0.119829169729199 -0.151357846305082 0.292896728186094
0.163933311382201 0.204387923623702 -0.173700879846617 0.204166288667733
0.0866137010335415 0.283816492499767 -0.0201309973736613 0.160320631355355
-0.0614487644055395 0.283733820675244 -0.0705245955129108 0.0488650751645712
0.0248140224205554 0.2393295406096 0.158438420175186 -0.100226491342318
0.0769266053759247 0.199343144977687 0.134418577481347 -0.282909535816354
0.143292594962614 0.12542321917751 -0.0292925957301997 -0.33481022130465
0.18915608076184 0.0333216558727564 -0.153225725824143 -0.250662310344613
0.175348757500651 -0.0584818693042289 -0.199319234714396 -0.147257038982126
0.136028525507562 -0.111399787568967 -0.164451769468484 -0.0494070856220229
0.123107189387938 -0.143291804206273 -0.0801169506181014 0.0317825154665191
0.129559875349432 -0.143850118332777 0.032031836546255 0.0600501039843599
0.165883533917794 -0.157602412769806 0.124841541098057 0.133103256115896
0.251799757226552 -0.114213928496513 0.149846288584863 0.227695895622172
0.278613325108246 0.00956646411186126 0.043980761190556 0.321508256151326
0.25817498814934 0.158502601215707 -0.13565113040828 0.302400570214212
0.177325496585339 0.278041285718164 -0.200701818888575 0.158470026708793
0.0602229607388408 0.339555566602408 -0.0342616468999986 0.042727795961937
-0.0970637012662774 0.301449418120788 -0.035430099611624 -0.0689213780071138
0.00649997442115081 0.302624268609577 0.176573484905905 -0.176136573224216
0.106097438972444 0.267076303198655 0.156971635387972 -0.305790938987301
0.199201822394389 0.148130779194838 0.0101773305091276 -0.321272633909359
0.228165202283972 0.0281721349596102 -0.0793913083859395 -0.250698715968202
0.201485127081344 -0.0686265071971293 -0.130816195683691 -0.177288239914801
0.154460464940086 -0.117420202857112 -0.108058902462267 -0.0910807404842662
0.139838030018753 -0.13829621381308 -0.0287731955889381 -0.0209562199116054
0.147675665977552 -0.131628723058103 0.0789321200569229 0.00332619033492297
0.181086970482541 -0.141293486209432 0.174003583121492 0.0798842523338581
0.258685771533199 -0.094614165051921 0.20996674494622 0.191572524810411
0.281453839350392 0.0247426524942609 0.0950024117739502 0.316850090787071
0.258376190262725 0.189038592057393 -0.123415665309671 0.29234474254552
0.144699471651805 0.316047794667088 -0.21798803653747 0.104312777665443
0.0106728998460615 0.344984509767108 -0.0307023697182705 -0.0727334945039466
-0.113929434067445 0.26671500849684 -0.0118569037122919 -0.185299774767709
-0.0134626418370586 0.304763529426128 0.165758022156647 -0.244275678659848
0.112012628125775 0.279797448779279 0.158352305249678 -0.306500752253249
0.211120430988002 0.14115569865441 0.0527715553517131 -0.283956647673771
0.221612529321876 0.0200293185270526 0.00144164778601745 -0.246590898427344
0.192396353762513 -0.0665194796560118 -0.058542563614909 -0.207469640083878
0.147585067165618 -0.106492541091156 -0.0480345188106019 -0.134740227342105
0.134077422857947 -0.112425444481116 0.026524157855201 -0.0685429891783543
0.145339633344462 -0.099344759756539 0.128673728131602 -0.0406966461213335
0.175061127345576 -0.0994273836334482 0.216568358561386 0.0473922084957313
0.232248932798625 -0.0469193281298838 0.248999265411027 0.171401105734291
0.241890700885545 0.0584773138908366 0.119061119077258 0.306805354053084
0.206150311813736 0.211606383584404 -0.113447638397792 0.263733671475589
0.0725218014495376 0.315369283954578 -0.20958162896865 0.0477354499260971
-0.052209939062032 0.301914763199113 -0.00288274027485038 -0.169660587718475
-0.115093541477845 0.185259627347767 -0.00500236573040291 -0.276558787276216
-0.0333341583915556 0.247931958557746 0.134734438682415 -0.284777231143092
0.0941792453396515 0.231441785975681 0.147547147346801 -0.287147482976752
0.17181584080933 0.102228452652029 0.0929813760341469 -0.241595030854038
0.164484821537648 0.0117459856534009 0.0681476874665297 -0.245489777976485
0.147219941022151 -0.0466089994369406 -0.00109282166505028 -0.232934270698809
0.116294498982963 -0.0756057348201975 0.00306778494769098 -0.169934571195967
0.106749127062664 -0.0711680370299396 0.0768645364495496 -0.104076760165178
0.120634000068781 -0.0562780746659859 0.174194404575027 -0.0654043863779828
0.142261963576293 -0.0494379849728236 0.251758997731115 0.039694354587515
0.175065588382994 0.00226337596809907 0.268395927070264 0.17065946988585
0.17421465986192 0.0825865560133795 0.123373329880942 0.296517024851602
0.127621073478569 0.209402459563706 -0.0963745839055216 0.227261185087828
-0.010315640840761 0.272559333169458 -0.169351160220203 0.00026333549185151
-0.106270614775808 0.21682555703925 0.047584235390731 -0.231628553568179
-0.108634176372415 0.07166406721275 -0.0122559710681232 -0.323065629930537
-0.0531714673945507 0.146688004764615 0.10337406528674 -0.285346484516618
0.0528450684245725 0.13892131017103 0.14177783714506 -0.263440316291749
0.0885964818204558 0.0472135451323357 0.120460089423489 -0.221693499055476
0.0699663806237529 0.0115631331247242 0.0977363513521574 -0.252185901722666
0.0775031181170529 -0.0086966846571887 0.0265545080903932 -0.246302066851611
0.0692101540892428 -0.0268738578599453 0.0356974996898947 -0.191075278374553
0.0644297815659207 -0.0212037922897525 0.113605968011946 -0.122554292637058
0.0758947659274843 -0.0136075528777503 0.208414775100968 -0.0707647822673337
0.0858648388415082 -0.00897941522169492 0.274225546969314 0.0519525851344415
0.100171020940353 0.0267123697156224 0.268994047508964 0.183756004013994
0.102874666156343 0.0734528031169285 0.117643943164698 0.287960658665784
0.0595073812540694 0.17153943009176 -0.0684341378314052 0.200881482503539
-0.0703057856011564 0.190475872433035 -0.111343729651059 -0.0190346155340514
-0.130873446951126 0.104347403648691 0.10528092806887 -0.249872500761499
0.0927655978312387 0.0130827697124925 -0.0842904535493563 0.261691358263499
0.0447315979333156 -0.097376947116642 0.0969756128918036 0.0436806247029532
-0.033945013800295 -0.0809994467493186 0.0456343723760629 -0.192927133296128
-0.0468742095017976 -0.00534638643810424 -0.122879019647172 -0.286210304177956
-0.0136687326580732 0.00230141748829371 -0.290899345952994 -0.179969003385529
-0.0117327971496707 -0.0129466551934965 -0.304364644455346 -0.0214081542596243
-0.0194545462043493 -0.0267841615326297 -0.229766375904166 0.0769138418468168
-0.0217013030793605 -0.0403775546293274 -0.121751801339557 0.159758863809303
-0.0146557678234825 -0.0410513551503853 -0.0287036817420138 0.191600653854646
0.000947808771341748 -0.0395597760017725 0.0129432954410644 0.247143708236546
0.0248717648779423 -0.0301581208697674 -0.0306479751694814 0.272202366253631
0.0132531506159675 -0.00259325284504856 -0.0937491119029557 0.26202048425151
0.0124141505148793 -0.04069314940159 -0.120160821741692 0.275234857290591
0.0760352047023316 -0.049110696849617 -0.0896326526851505 0.29659940189695
0.0966443695213167 0.0404399224367676 0.0543407155040321 0.326638280670509
0.0638035083223211 0.127032508519539 -0.0946718996982162 0.217140263376142
0.0565920549661592 0.0100057378799801 0.0887865945328397 0.00661478371288616
0.00415618370547846 -0.00329003590345477 0.0428778680836609 -0.213345712304674
0.00864328323606095 0.0327781218534411 -0.118080468260138 -0.292211317191417
0.0545086990750821 0.00873268236026628 -0.270193376163705 -0.196658766592714
0.05136488273486 -0.0359008946843139 -0.293899210155603 -0.0525700055709725
0.0314190931708605 -0.0673837555539189 -0.228895239446934 0.0507817303204899
0.025137734833955 -0.0950413232879858 -0.120952315779762 0.136514598401213
0.0330220263234137 -0.0997149460218001 -0.0176644693977445 0.162187267718113
0.0627395734772051 -0.105023850924882 0.0482389317817649 0.219860941760097
0.12296053667765 -0.0796987821026826 0.0273942864207131 0.268074573809964
0.133392144998899 0.00145509568031917 -0.0489439824432583 0.286556547898962
0.118079516943487 0.038928193525793 -0.116329749753875 0.288429835667587
0.133769643415744 0.0754091472018812 -0.103068692766186 0.261744396960759
0.117036574631276 0.163686880561465 0.0316283872264688 0.261965404440898
0.0220662962154239 0.226463482658729 -0.0840607628245335 0.138392696915935
0.0568357806373004 0.124844296997973 0.109868525980799 -0.0520231742305815
0.0501575030129415 0.090097202636304 0.0628405282803936 -0.25654678364919
0.0778517345547746 0.0723897934084268 -0.106509348024517 -0.311319344134176
0.12437638741619 0.0116319893475719 -0.239889801627741 -0.212889035300068
0.112592020801545 -0.0583243366774146 -0.266543185763569 -0.0846910203843772
0.0787038331238594 -0.101584458372281 -0.209314946089676 0.0152016794181524
0.0681232344243762 -0.136184411377064 -0.104372775445823 0.0943217488758757
0.0743819104433448 -0.141673233998992 0.00507190755423061 0.111360865458967
0.107761097279723 -0.154952773712615 0.094039843017451 0.166367622285245
0.19072106441977 -0.127734530425414 0.103967466614104 0.238076874649141
0.224749188898552 -0.0172407383652452 0.021519697183471 0.301533601161239
0.215729283176199 0.0851085581096706 -0.10031080690349 0.304961607546886
0.185456018910811 0.173245094508051 -0.128174812608746 0.227956412541286
0.124220645663554 0.258427528413724 0.00128492047317247 0.168420049683367
-0.0187848791809526 0.294032578137197 -0.0612925937371892 0.0317789407721155
0.053197977100121 0.227779338707479 0.13707144936039 -0.12639862184582
0.100431423828084 0.180971294518743 0.0902188176882166 -0.303866825857851
0.154387513265259 0.103604264324804 -0.0807836402658134 -0.327224993721362
0.187458472438714 0.0058944461249041 -0.191369025925538 -0.227101196806007
0.161016847631627 -0.0802359078800731 -0.220856942877025 -0.118840712892133
0.115624278996134 -0.125872470144502 -0.172089626719815 -0.0298538544222876
0.0997096181263818 -0.155990946041193 -0.073183109632028 0.0409255761780207
0.106437262368125 -0.159620581847784 0.036462121555321 0.0491765303588762
0.137551867878874 -0.175742425765174 0.138632252033784 0.102465912854539
0.225198252880643 -0.149160767399278 0.174856598971596 0.191970583663118
0.271928121109176 -0.0319022562285867 0.0904629623036842 0.299151182059184
0.274817041761122 0.11269006554174 -0.0808110483384944 0.310904700470591
0.207845088593702 0.241504579025155 -0.158823964318971 0.190606858844556
0.104999892168161 0.314602016821622 -0.0289630720400816 0.0585705143766179
-0.051913932988842 0.314746971037996 -0.0397185880026438 -0.089069469652405
0.0438351704002525 0.290639179816433 0.144603883602051 -0.204891009509042
0.138132058493114 0.242808406710499 0.108147626904095 -0.332679270054049
0.210859894559597 0.118177943419027 -0.0412908213287198 -0.321813466686638
0.225031796315006 -0.00357716719086833 -0.120888570850848 -0.239684213680178
0.184691561511478 -0.0942155917334211 -0.159244292319443 -0.158208567616396
0.132857109325916 -0.135005874923022 -0.122043374145478 -0.0805947810701532
0.11687369231072 -0.153355531645475 -0.0306227156139958 -0.0176296849044539
0.125447703306271 -0.15034928153239 0.0749310986000309 -0.0126400536279588
0.154391513964915 -0.162339990916546 0.179255898734109 0.0436974113040621
0.234258417302125 -0.131729759890992 0.229211544507437 0.148013268118011
0.275984376877708 -0.0171195760326487 0.139719424133729 0.287281837267856
0.278718259595774 0.141192265504099 -0.0693996757126992 0.299158117901845
0.18226962787892 0.281967822258455 -0.182513774373702 0.144060485650332
0.0577486043639148 0.327873868421291 -0.0429678236122342 -0.055190215757082
-0.0736925423306277 0.282608526539944 -0.0300518320446572 -0.203596834292611
0.0256700890424541 0.295217230052497 0.125644743147267 -0.269970873439126
0.146212433905236 0.25325111734513 0.108773067924277 -0.3337801044896
0.221196398630184 0.109193582414485 0.00630977762577013 -0.292126223177038
0.217549134218072 -0.0100428528200709 -0.0410504045026521 -0.247365611717557
0.176689348826009 -0.0903195998914816 -0.0932072278939942 -0.197432016099104
0.126914454611083 -0.123521354659957 -0.0683473025693713 -0.131308901360098
0.114794625999448 -0.12723668236304 0.0164065384861451 -0.0718069869876105
0.127264467198336 -0.118765008634226 0.117583963267047 -0.0624511713464205
0.153159194283269 -0.120758271242917 0.217886319981951 0.00679716798393605
0.21526547457716 -0.0809163363551365 0.265259941010782 0.122789442727434
0.241110624564893 0.0205596534206542 0.163364931408327 0.275607047666042
0.23074645359182 0.170495356901591 -0.0642278419079279 0.271541100262851
0.114227029565692 0.291028219093097 -0.184646489949798 0.0890715015621241
-0.00778124353942383 0.295677068893642 -0.0299615874847703 -0.15517972062941
-0.086581451805158 0.20108163904252 -0.0338386209108689 -0.286923585821327
-0.000454359058605735 0.242146453585518 0.0919803713675363 -0.303489274173172
0.121854644534793 0.208754001850141 0.101570717464937 -0.311366600465773
0.17806244165359 0.0762788130656457 0.052682052014168 -0.256869707386479
0.161336706415771 -0.00996037341567742 0.0256265143852015 -0.254886816999826
0.13537650268301 -0.0649514349030996 -0.0381099235022757 -0.229270516012435
0.101331888431349 -0.0895572873882453 -0.0217964244858217 -0.17235587912246
0.0941906881606427 -0.0836123266370496 0.0598186714309742 -0.114039246544111
0.109041052671632 -0.0729560649143355 0.159005626421971 -0.0923491457850257
0.128647575335118 -0.0677801612497993 0.251370324683871 -0.00364883394247355
0.166664290054021 -0.025312675130562 0.285235698710348 0.122666600442949
0.178743939838105 0.0530575067610613 0.165479424387592 0.26714308833024
0.154482087924321 0.179797386704597 -0.0545764126932913 0.235687568382782
0.0288657217280362 0.260623489596612 -0.156980218500007 0.0375471614595606
-0.0717787941184543 0.222484507761644 0.0102033070591881 -0.225835365812458
-0.097001389351836 0.0868821253518401 -0.0452628167599275 -0.321634239461577
-0.0333219138071834 0.146720886741688 0.0634573006146319 -0.297155185789779
0.0687766298157596 0.124192928432026 0.0998185792660145 -0.2836412883562
0.0896575798524517 0.0334837011432353 0.083601950643284 -0.238051993364332
0.0696970118079064 0.00278049636749196 0.0562850964461827 -0.26428795348897
0.0730530632302152 -0.0195894745375469 -0.0098710298165861 -0.245094952208629
0.0621029149953117 -0.0364157282974148 0.00857734588876728 -0.195688949700947
0.0594209124296135 -0.0276447090534382 0.0924678874651893 -0.13653062456682
0.0709468725788872 -0.0244185101729988 0.192559321895422 -0.100905148260974
0.0793316102475963 -0.020592221383616 0.275357412960127 0.00656850341242456
0.0984882251419086 0.00982407058128816 0.288038950715235 0.137622789283547
0.108451491293595 0.0537856826331134 0.157340398794487 0.262212766912591
0.0826974037046448 0.153137880004297 -0.0342220198676062 0.20696769951577
-0.0391792107481838 0.190883488511802 -0.108307214104339 0.00952977361895921
-0.110780987994302 0.117908698924835 0.0621646265602621 -0.254684761548374
0.0904084888521619 0.012722665357497 -0.0798445544626776 0.257354252521829
0.0405821051397539 -0.0943943102119139 0.095452748465278 0.0427873072597907
-0.0341390616544251 -0.0785821962717375 0.0434696376012706 -0.189347580931481
-0.0445879689862178 -0.0042359324890518 -0.122331814885792 -0.279757893062757
-0.0125282836156694 0.00206927271738077 -0.287345398525643 -0.171914220013497
-0.0118283886838097 -0.0130483388469288 -0.298594582834038 -0.0167693751608281
-0.0203290096736364 -0.02600835107886 -0.226034307177263 0.079101217217023
-0.0226550132121289 -0.0395116401557337 -0.117811730830371 0.159224106526007
-0.0152888474458188 -0.0414233524868799 -0.028258788031216 0.188331171982245
0.00130341844262421 -0.0400602221733821 0.0151903091798375 0.240980470709251
0.0245687813982532 -0.0308969644346189 -0.0275909917474232 0.26742685503476
0.0144510770463909 -0.00229332035871354 -0.0915594424416967 0.258922509092671
0.0121191844749722 -0.0392922077791184 -0.114794120393361 0.272185774199334
0.0720213079803267 -0.0474346000277343 -0.0869330297493477 0.292489633814595
0.0945308239014411 0.0399424002210619 0.051138157763401 0.320270619784249
0.0626446903977866 0.1245727695391 -0.0902953852393247 0.214944560768421
0.0530953873644085 0.00898095476435985 0.0873319754177316 0.00761754086448459
0.00407621478113663 -0.00344373715516419 0.0415652456745544 -0.209226580537347
0.010228638175103 0.0327274960807862 -0.116630452082572 -0.285695859869659
0.0538153824538233 0.00798774465683642 -0.266788882853789 -0.189115422867161
0.0503696730918793 -0.0370264419245447 -0.289224805848247 -0.0474027759571514
0.0289369075731895 -0.0674780036976636 -0.22557124390182 0.0534678706328107
0.0233350155042614 -0.0944643966825603 -0.118085985524365 0.135987125223188
0.0317650485964049 -0.0998576337662624 -0.0181466957507888 0.159546381726116
0.0616437992009089 -0.104973876795373 0.0491001692699032 0.212799397924349
0.120049694682431 -0.0813175395323624 0.0307979103868861 0.262140060405111
0.132538769659949 -0.000545995979142202 -0.0463999197712646 0.28198383008779
0.117024300078911 0.0376754537676437 -0.110644940056045 0.286113161937047
0.130938508614658 0.0742254739260403 -0.10076150038486 0.258933590334428
0.114995106827723 0.161523706992654 0.029123278119998 0.257030895423797
0.0233258450211243 0.222538830402484 -0.0811034946433792 0.13840593600787
0.0543782969331398 0.121994855632792 0.106629363949579 -0.0503862053475003
0.049961770073753 0.0873216301160308 0.0597780411294478 -0.252182342585858
0.0783611975493256 0.0704464892234226 -0.104557047182863 -0.30494611431556
0.122222572891033 0.00946573893510328 -0.236030380267278 -0.205305442282385
0.109470553093423 -0.0599893797852603 -0.263425392283371 -0.0790884680855741
0.0757665261168359 -0.101997961966546 -0.206187384584798 0.0179945619963522
0.0649135699390156 -0.135328450000947 -0.101639973535272 0.0946177308483153
0.0720975437924407 -0.142111913055477 0.00398156555131779 0.10943330390898
0.10502357768232 -0.155099339482854 0.0933344737944286 0.16026037879942
0.185433209720032 -0.129256875880338 0.105126690811268 0.230900846274219
0.221483221905647 -0.0210989873782992 0.0234765765891421 0.294925099518316
0.213038815384232 0.0809861111732573 -0.0942932658804637 0.301623822426668
0.183437129340796 0.169409561128541 -0.126141163227791 0.225604257674554
0.121578227329172 0.254328637268142 -0.00159346996093279 0.165909662439991
-0.0167864330140229 0.289619876811748 -0.0590920259200807 0.0340537489432581
0.0528259965146388 0.222462601725843 0.13132715974426 -0.122672993270882
0.10070256660352 0.175512907608621 0.0873033263065877 -0.298156057613883
0.152994830541351 0.100484702298346 -0.0793603865808061 -0.320056698931813
0.184099873063018 0.00356960787068683 -0.188703714946003 -0.2206341554539
0.156684083811633 -0.0817058429517948 -0.218744777953698 -0.113873373777176
0.111424662837201 -0.126156971356876 -0.169980497456079 -0.0262600175462475
0.0964326530542 -0.156156783046122 -0.0713946851429057 0.0410765246757856
0.103886098930312 -0.160169346788485 0.0339892233907926 0.0473916702556539
0.133953683339533 -0.176035242508779 0.136604265880653 0.0961659009609068
0.219222921678841 -0.151647752833905 0.175039011197802 0.183916578453165
0.267417212122205 -0.0348461365981553 0.091219962640197 0.291713750828772
0.271003419504008 0.106883280300067 -0.0761500078205608 0.307747503296104
0.205972694725672 0.235334246980314 -0.155392272813905 0.190278819313638
0.104321669823082 0.310812460486045 -0.0305723300295099 0.0588735785745514
-0.0474961753197108 0.31026215977061 -0.0390042316256601 -0.0855188543322483
0.0452021747627689 0.284144885130552 0.138208618067599 -0.20005243935683
0.138239067956808 0.234807447795583 0.104061267346067 -0.327879814578627
0.208379038254194 0.11356539923611 -0.0397844220964249 -0.314381052910961
0.220627183733234 -0.0064901704557695 -0.119712917509628 -0.233817838247707
0.180504598548886 -0.0956209557398702 -0.159305903057562 -0.152565595969186
0.128033990606308 -0.135586687811588 -0.120783299602049 -0.0768204127155608
0.11291394052097 -0.153085229421427 -0.0297316404919125 -0.0179617685646566
0.122608300220732 -0.151712970497366 0.071016412295587 -0.0143027033831905
0.150505801997357 -0.162539734040264 0.175829726337326 0.0382345297525894
0.227720331489006 -0.133631526129502 0.227450806978579 0.139596020220468
0.271241634803149 -0.0208359081450572 0.140218164124493 0.27881292088839
0.274714942700053 0.134462877698551 -0.0655410249199666 0.295996808439923
0.18198311766939 0.274886137911793 -0.179114545719067 0.14469672282132
0.0576223242934347 0.323516686375425 -0.0440051419526729 -0.0522847329320685
-0.0687639168733343 0.279063721471358 -0.0295370268519864 -0.198158390863728
0.0268051109599772 0.289087048160789 0.120063694084894 -0.264411481012285
0.145772072289408 0.245538263897306 0.10479295604701 -0.328432723203482
0.218246942226559 0.104437774283653 0.00664486351533276 -0.28718347480991
0.21285369685603 -0.0127540732310291 -0.0413897698807972 -0.24384436692554
0.171834862838388 -0.091559240894675 -0.0945023909787393 -0.192071415468507
0.122348433096687 -0.123762541345388 -0.0685340254848407 -0.1279052582148
0.111947986572642 -0.12685536705406 0.0164491892915539 -0.0720313803700146
0.123943636423353 -0.12024223961989 0.112825188125584 -0.0636367111250069
0.149506237603701 -0.121095402880552 0.213597026602861 0.0016065376736974
0.209980369541267 -0.0830037415908439 0.262780291613486 0.114669436707377
0.236955883418704 0.0171109648506178 0.163289338571228 0.266619632147448
0.227758102663299 0.163626503192152 -0.0606242547802421 0.268548987378318
0.115216007093547 0.283920500957075 -0.18113131837012 0.0918960664027064
-0.00621052374301938 0.292478509090511 -0.0319620693566779 -0.150666880470299
-0.082535061533473 0.199465175541026 -0.0327096589666244 -0.28087076573444
0.001696073998973 0.237409618871579 0.0876161389096077 -0.297197096274152
0.121622757671037 0.201594189584639 0.0986171485230146 -0.306599889403047
0.174734134602944 0.0722342884560013 0.0531824708433123 -0.253445586863726
0.157772991944097 -0.0112917012468399 0.0231439208476984 -0.252772947970965
0.131243655076045 -0.0662103961071511 -0.0405281415820919 -0.22408152911135
0.0970956116837101 -0.0900751374380794 -0.0224267779826816 -0.169565502089939
0.0926788383682229 -0.0825972549585598 0.0582556727472761 -0.114425042100708
0.106467230545488 -0.0740722474469319 0.153883248620875 -0.0930581770238028
0.125543612140571 -0.0680311995862177 0.246235617396516 -0.00926335886725185
0.163538525473424 -0.026640463673348 0.282575418267293 0.114063687491721
0.175242328499341 0.0501693775254581 0.165703567775151 0.258792070869716
0.152399228168803 0.173633113101593 -0.0512468584014378 0.232819427145916
0.0313028717943827 0.255177690457682 -0.153729755935946 0.0411302077033112
-0.0680631259987273 0.220255825332312 0.00688134739515147 -0.21974060102482
-0.0932087778405296 0.0871026071503893 -0.0443697598008706 -0.316277533888118
-0.0305659293679855 0.143936580778888 0.0598463219629316 -0.291923496272093
0.0688010377009955 0.118867396129798 0.0960469331442226 -0.279386498390757
0.0871897386211353 0.0316136106045806 0.0840626773472314 -0.236016117572749
0.0681564183880563 0.00237545518632603 0.0527781952601012 -0.261563370107594
0.0711881502462472 -0.0200305222584602 -0.0124881597622921 -0.240045516398364
0.0598823903423093 -0.0369419886646619 0.00701513208140847 -0.192733209487195
0.0588278598363051 -0.0274133107925966 0.0899950201176474 -0.137108904190276
0.0696224231182586 -0.0245621537484079 0.186784328118607 -0.102370136105714
0.0774055176377913 -0.0206255240548876 0.270244199253803 0.000764413793979459
0.0967513053565 0.00867729296256187 0.284686127502587 0.129597510945664
0.10594208786945 0.0522613307454904 0.157576651877608 0.254063711375517
0.0817700785525794 0.146685321199652 -0.0322169956631101 0.203484771257109
-0.0357059910387011 0.187067641931763 -0.106095472480458 0.0120728937106346
-0.106337047920491 0.117415802087473 0.0580198731373299 -0.249501188939813
0.090774560773012 0.0141467507699088 -0.0833087421959528 0.259205165834989
0.0405229649635826 -0.0928686745259713 0.097354023161456 0.0456030223437732
-0.0334627719099517 -0.0792846784665792 0.0481210271721406 -0.189754926329831
-0.0430030065706096 -0.00460874097428005 -0.119163626215171 -0.286087517234843
-0.0118029539971202 0.00194205102323452 -0.287399669883808 -0.174527202577966
-0.0117856199357212 -0.0141290130674691 -0.301535903417054 -0.0186137356143363
-0.0208172309366959 -0.0265679272540301 -0.230029533928271 0.0787045937881761
-0.0224676362206239 -0.0406024063619751 -0.121746825727813 0.160065680710822
-0.015254863565791 -0.0429742294339014 -0.0327585200728819 0.190149423614392
0.00262341820380493 -0.041724223390693 0.0120875716182412 0.241762083404715
0.0253920285163522 -0.0313762118573715 -0.0294393215948528 0.269640332991739
0.0158855827413911 -0.00215374012880961 -0.0967351920324384 0.261264384366804
0.0128424894118348 -0.0386609708803896 -0.11861837022454 0.274485314703488
0.0723038498548309 -0.0453099521970072 -0.0933222903191001 0.294822774923901
0.0953045868048706 0.0432698832070269 0.0433039241138643 0.323362087184159
0.0615312805095373 0.127533605534558 -0.0929435686962028 0.216412223446869
0.0513942600462309 0.0109248399998803 0.0878293760047362 0.0102760559921147
0.00362572992934977 -0.00343925947760709 0.0456625116485111 -0.210413554367597
0.0112669868133402 0.0333643428435786 -0.112512214074516 -0.290911020500106
0.0549165852925873 0.00808620369140965 -0.266572452964708 -0.192473882447601
0.0508999722720095 -0.0375427904968398 -0.291429017631543 -0.0498640554564387
0.0294048791746694 -0.0679544997153274 -0.229238187217694 0.0530290158683978
0.0237373009865494 -0.0953945248997367 -0.120923059887853 0.137403724393364
0.0333309522453314 -0.101596583350232 -0.022603247159331 0.161179810140349
0.0644356791072555 -0.106969744443389 0.0464468480766401 0.21325113132168
0.121612099007743 -0.0822120676099676 0.0288223572606003 0.263240205964019
0.135570206305441 0.000150824501036383 -0.0507731514702086 0.284104318104559
0.118262692704318 0.0405022888793313 -0.115504062189268 0.288241229609581
0.130036073819439 0.0779752109297861 -0.107161917980268 0.260720337878482
0.113166278132675 0.166005002791705 0.0213482424741976 0.260901850482886
0.0204875922220427 0.225572412470696 -0.0832408442090613 0.140159042294803
0.0515994850667401 0.124293821516244 0.107590739391008 -0.0468772848518807
0.0482558347860889 0.0881343125278202 0.0657044651450155 -0.252936997681999
0.079121510769953 0.07239869572591 -0.0994710031197102 -0.308336127049176
0.123501307700185 0.0106310730077314 -0.235143354658731 -0.208734436870557
0.110736260279262 -0.0601120300022538 -0.265445667213475 -0.0817932171179157
0.0772510208200194 -0.10308075488363 -0.209066142095157 0.0168193076169147
0.0664581399237831 -0.136546331189151 -0.103723493255227 0.0950929128337595
0.0747258060888633 -0.144822774790321 0.000390025756773087 0.110434864738408
0.108667886098514 -0.157109956240093 0.0912132709767373 0.160413111188764
0.188112227567392 -0.131163941500752 0.104900536150915 0.232038598756491
0.224672857528952 -0.0197185620524347 0.0197923651766104 0.297241411937687
0.21433387949133 0.0849220304195256 -0.0985756274998694 0.304844732412584
0.182596679477807 0.17436489224875 -0.130987530384052 0.228746243288693
0.117702048097483 0.261061642102081 -0.00708408922947995 0.169561033630683
-0.0198949425025172 0.292254985119773 -0.0598091043122846 0.035550635443363
0.0484430984490683 0.224658552918055 0.133248704485439 -0.119558358231732
0.0988859867044967 0.177621938048933 0.0932420223522698 -0.299451653711094
0.154225558118127 0.103517228781035 -0.0728510374800285 -0.323386180977184
0.185949137278699 0.00532746634481135 -0.186652231337725 -0.224025854102234
0.158550095677769 -0.0821756649420907 -0.22052619893439 -0.116008845125998
0.11258446340431 -0.127639694076797 -0.17189683446403 -0.0274814719351457
0.0989872988998767 -0.156956128293052 -0.072289452027479 0.04068462094226
0.106232246489211 -0.163496133416291 0.0317266077041577 0.047762657708299
0.138065738166669 -0.178234732021963 0.13524675279544 0.0963554555023348
0.223005813881305 -0.153326726010935 0.175212550442035 0.184587367444719
0.272017174706435 -0.0339844532575089 0.0883029619853562 0.294092176515266
0.272488641173772 0.110643428545778 -0.0803721897975447 0.311512696570349
0.20555446604652 0.240718982547222 -0.160280478031998 0.19273693816489
0.099176540303792 0.317673045764832 -0.0345299259888816 0.0607371111649255
-0.0515592079443597 0.313661960781529 -0.0369065939936057 -0.0850787790514264
0.0401890570948003 0.287026345531291 0.14092095668916 -0.19721968604622
0.136547653387924 0.237277720922529 0.111308393747112 -0.328801983721938
0.209620794918968 0.116440551869724 -0.0327392639816668 -0.317447950752843
0.222879842319154 -0.00417547276244394 -0.117262340532837 -0.23745345243734
0.18230878811968 -0.0951753349031235 -0.159180630173639 -0.154643382915394
0.129955524922027 -0.1368509867011 -0.121647672316969 -0.0783120930453016
0.116001363845959 -0.153920117016897 -0.0297753218372622 -0.0194692431026327
0.12600612575317 -0.153982885255328 0.0701518170355569 -0.0139790019089356
0.154398121990458 -0.164567734644457 0.176265287096111 0.0373775633121975
0.231494936838419 -0.134589781406539 0.228611754766832 0.139990172919112
0.274573789985915 -0.019121619844376 0.137780105840183 0.280888026505037
0.274743277804278 0.138637023322955 -0.069016600405454 0.299338551313511
0.181067011696102 0.280232450282613 -0.182905532346193 0.146999849109036
0.0532395812219341 0.330199479155805 -0.0464078026065752 -0.0513614641762202
-0.0723006885069066 0.281498292267428 -0.0256416217626531 -0.199138778590507
0.0233352960013155 0.292148443584877 0.123661765353138 -0.262466816956069
0.144560119823096 0.247980500804765 0.110811165002398 -0.329861284730192
0.218912121759934 0.107640850743232 0.0151783485274484 -0.290502687868473
0.215334278632282 -0.0106168697697072 -0.0383359354436863 -0.247925854646632
0.173914362132868 -0.0913818244756336 -0.0937221471812447 -0.193688030869186
0.124608245523464 -0.124697421109169 -0.067922933988659 -0.128688130137082
0.114826305417924 -0.127270424855761 0.0174462719365793 -0.0743549027881514
0.127331866353727 -0.121399705648476 0.113115726090942 -0.0642015178385903
0.152997862249205 -0.121504444879035 0.21440145855579 0.000786954063774747
0.212639360290798 -0.0830062061743112 0.265162106068654 0.11495138720886
0.238693341769928 0.019662976014784 0.161144402795481 0.268760724610645
0.226265553179659 0.167204267409571 -0.0644973582265688 0.271158599205773
0.112835923340412 0.288117372434528 -0.184317630288058 0.0922636340993703
-0.0108773634667096 0.297296470756132 -0.0319833452361423 -0.150520821355839
-0.0848997655770895 0.200424519876598 -0.0276207825290023 -0.283695532366152
-0.00138487031096206 0.239170785825468 0.0919420975627555 -0.296613521482555
0.120661911279625 0.202758599862833 0.103793544396383 -0.308315681369926
0.173901475460464 0.0742741518381804 0.0600320311057461 -0.255079915993221
0.158795126596263 -0.0100139358791603 0.0264275387896368 -0.25536557918528
0.133477355002133 -0.0658609199490659 -0.0387104002856909 -0.224884850341327
0.0981682861702948 -0.0903658788804257 -0.0209046851694699 -0.171168846680017
0.0949269736401753 -0.0823301803097357 0.0601378833067449 -0.117412231428333
0.108978430501875 -0.0748575765626487 0.155174078808364 -0.0946588653063507
0.12731832114753 -0.0676124317273389 0.248437882304937 -0.00955001393360626
0.165063754608634 -0.0257937487503693 0.284778048809855 0.11550829663795
0.175436605094742 0.0523755350641259 0.164554146996674 0.261299363026048
0.149586890083297 0.175149281675482 -0.0555119497280072 0.234976033499021
0.0293888361014917 0.257387830931773 -0.155223288708101 0.0417457331820966
-0.0708307012329036 0.223090837403089 0.00869545758645626 -0.220217767872694
-0.0941055562576311 0.0875432060815051 -0.0370322449783026 -0.320673642268178
-0.0320918658532219 0.144024465571665 0.0651234408579856 -0.293071018804489
0.0675283588188063 0.118630576029453 0.101824832914911 -0.281353284338883
0.0862545347521211 0.0325536092158571 0.090786461171685 -0.23824456978437
0.0679711315289037 0.00395792105300797 0.0559593829761504 -0.264772741093786
0.0719422680570187 -0.0203298712695392 -0.0100469910919914 -0.240643038933132
0.0595864264554176 -0.0363909607165949 0.00931955986389362 -0.194539791016637
0.0608854164690975 -0.0261702831467206 0.0919734719437342 -0.13974586896835
0.0709158014879667 -0.0241720738486367 0.188464660432445 -0.103257448453697
0.0774590096157764 -0.0188051241969384 0.273269947933601 0.00179519128028131
0.0978011072191278 0.00991678668000646 0.286293419335663 0.131943318160415
0.105326160322778 0.0535866845538053 0.155941374055217 0.256699187203967
0.0790737292240104 0.147802674667833 -0.0354834696062198 0.205587417439674
-0.0368988758344344 0.187591767960936 -0.106805547066948 0.0129583007707374
-0.107032120181954 0.117691450702964 0.061043207146105 -0.249404911802316
0.093885673235625 0.0167144386066645 -0.0882909631601295 0.270641935478447
0.0419328339342914 -0.0949350913318686 0.102964051204555 0.0496693790151327
-0.034691839691056 -0.081894896233627 0.0524839845902123 -0.199121391871289
-0.0436362470614096 -0.00533606180074697 -0.120819845878494 -0.301845907576101
-0.0110679219530548 0.00182850911678538 -0.298161236188889 -0.184409330394401
-0.0114558534566965 -0.0157360205644572 -0.31543851519633 -0.0204608326620557
-0.0221014419544784 -0.0279358378542441 -0.242414987135401 0.0818947239786975
-0.0243058808936202 -0.0420641192418173 -0.129033874666096 0.167845528664577
-0.0157851851771378 -0.0458198454146806 -0.0378984698886242 0.199579618418525
0.00381864400824425 -0.0453322527598793 0.00986508182978676 0.252005560277111
0.0271839905606829 -0.0334405544887272 -0.0333359718636203 0.281574626004505
0.0182802658243746 -0.00175858795671424 -0.10436257261382 0.27414368008674
0.0142585083634609 -0.0385146771640931 -0.127080268358586 0.286545570234457
0.074811917990001 -0.0451240912614658 -0.10241704855997 0.307496517085164
0.0994519128131809 0.0473796397654561 0.0372471244056372 0.339545163106767
0.0628710037109319 0.134198320418951 -0.100371513235144 0.226905065332503
0.0519096604713329 0.0129602734144286 0.0929848280863636 0.013589186635882
0.00340929655213928 -0.00290643349075099 0.0514909946011133 -0.218973332470972
0.012897479475492 0.035168290027523 -0.113281470417436 -0.307083965439938
0.0587356669238832 0.00874111615789742 -0.274754430283914 -0.202548524179487
0.0535756148703192 -0.0400589230993383 -0.305755382681893 -0.0530011432892366
0.0308158986202233 -0.0715460924646172 -0.241261685340488 0.0545312039686869
0.0249782143428363 -0.100153463926816 -0.128635210139462 0.143040362186237
0.0354171013532922 -0.107810339820938 -0.0266058840136431 0.169542039153824
0.0687064855833703 -0.113740469315322 0.0458952690720198 0.222218925821232
0.128327017926159 -0.0867226860250788 0.0288955736974079 0.274622555011393
0.143201920496773 0.00087729133158336 -0.0567206635766334 0.29790658627855
0.123652367769168 0.0443254438511968 -0.12321423451876 0.301513462515602
0.134682297415885 0.084608182451699 -0.116654872695707 0.273759856111966
0.115321806427483 0.176941615173795 0.0153501969893663 0.274620458793067
0.0189464330355565 0.236811891666028 -0.0877070058785564 0.148378071083979
0.0504811459336316 0.130591487751982 0.113187556824032 -0.0445718699202941
0.0491521784657815 0.0921466132218071 0.0733166050932199 -0.264136135041644
0.0833595650189456 0.0765077657121374 -0.0984635517072424 -0.325263354056429
0.129747539447122 0.0121607172130789 -0.242655438717404 -0.219415040651889
0.11589180053395 -0.0635176961033624 -0.277691202155988 -0.0855541615283468
0.0811808444152833 -0.107760895474579 -0.219801552322162 0.0171430893141399
0.0700259430351435 -0.143385987398607 -0.109918537736157 0.0987304594122504
0.0797031358272744 -0.153059332499957 -0.00249191424699357 0.11593340882179
0.115686614479213 -0.165854611663083 0.0921404036852233 0.166412789978588
0.197423590032346 -0.137768732241758 0.10869016340948 0.241790150979455
0.23706679928192 -0.020181561496658 0.0164859833584482 0.311492055133303
0.224231756002752 0.0905840989002463 -0.106268146523054 0.320233149131823
0.188927830273058 0.18545554888463 -0.141380370269585 0.24014000574422
0.11967053822589 0.276686412544906 -0.0129404919402924 0.179440756221355
-0.0246894018210446 0.306624451154902 -0.0619089697476102 0.0389691396059964
0.0463572550602282 0.23589867478189 0.14031127547972 -0.120010457095501
0.100707338355478 0.185452957859526 0.102542243882835 -0.311803005786301
0.161295006825199 0.109616029808052 -0.0702693888996473 -0.340976704185858
0.194959822528222 0.00675720364362223 -0.191559715385859 -0.236547202100655
0.16627618249754 -0.08555818542084 -0.230397664515049 -0.121204353025326
0.118324433560886 -0.134225126484405 -0.179808362230478 -0.0285203293334558
0.104484439640731 -0.16510770426769 -0.0764234609442968 0.0415153155265654
0.11317390864443 -0.173471947748454 0.0309090934464151 0.0499176882868724
0.146354309434632 -0.187699385967553 0.139137418807151 0.0994957101764914
0.233536014391364 -0.161027244909059 0.182440494093511 0.191571624268474
0.284761586759362 -0.0346891404183263 0.0893514311065872 0.307712276679153
0.28419982035497 0.117945356057587 -0.0870677193850878 0.327470782951373
0.21335030118782 0.254431700049521 -0.170642198340565 0.202867746670092
0.0994577860124982 0.336350236742194 -0.0395205328954914 0.0659893728398148
-0.0572601179458972 0.328763429988251 -0.0363711936596441 -0.0872700653660616
0.0384868781598768 0.300883384819506 0.148318367489829 -0.200880205543903
0.139607530125057 0.248642487463409 0.120676817875777 -0.343001207790089
0.218817335518237 0.123850887367657 -0.0270899081001763 -0.33390828237798
0.233738030494427 -0.00260547012687766 -0.119291530314473 -0.250379745192072
0.191075769787155 -0.0995305354225822 -0.166569069735297 -0.160745259717051
0.136254617016851 -0.143127768991828 -0.126346073652298 -0.0815412313029445
0.122653661531285 -0.161674120485981 -0.0309861342570872 -0.0211711688721021
0.133393784215235 -0.162868619529361 0.0719254993819444 -0.0148481900940763
0.163480837791904 -0.172802674156742 0.182178928488853 0.0386339747854749
0.242154241034471 -0.141131022761832 0.23897354758931 0.14475818697075
0.28759918019684 -0.0188499154220529 0.141727394447559 0.294075501017744
0.28615200742818 0.147478855918714 -0.0751296413333324 0.314863845246127
0.186928177797686 0.295267115717426 -0.193409611583881 0.154716684758372
0.0518636639588443 0.348338740556895 -0.0501270015734988 -0.0521577528658099
-0.0784205941084578 0.295723151320796 -0.0224152406533831 -0.207668544313714
0.021157411627496 0.306143278507312 0.131403542403364 -0.270258502182822
0.14838846204927 0.258395693901766 0.121025346362812 -0.343610772792754
0.228167668759486 0.113301156422173 0.0222785010021715 -0.304781324300276
0.224835362496772 -0.00963960401573845 -0.0371132405380779 -0.260107800279868
0.182498540841695 -0.0959543728031704 -0.0959469238407341 -0.201210697441079
0.129724497899731 -0.130682336190613 -0.0696354529137417 -0.135178712760902
0.121871445434779 -0.133304206895685 0.0183470468929161 -0.0799421649016317
0.13496839589186 -0.128401729280122 0.117500343916102 -0.067693855251726
0.161564547906517 -0.127348564790043 0.223124605472745 -9.3637121868757E-05
0.22279875906008 -0.0873450931001614 0.277102271820298 0.119138077261435
0.24917006953235 0.0215877014497293 0.167040934244536 0.280831362249531
0.234218215862872 0.176663002663358 -0.0708073436926178 0.286056446392594
0.116254051111191 0.303262173393331 -0.193768969324428 0.0974204973779804
-0.0142327409038698 0.313210469706755 -0.0333802843817243 -0.155815147004829
-0.0907289985232348 0.210256566395668 -0.0225821730364909 -0.297053401888339
-0.00358888551493692 0.250053703890394 0.0995597814632606 -0.307334311121527
0.123267981568694 0.210377411484327 0.112585681328175 -0.321060713750295
0.181230481645303 0.0790686813778056 0.0690781068479966 -0.268613766654962
0.166130919799343 -0.00929422640159437 0.0307328831735353 -0.269869824537713
0.139728780588134 -0.068811300214784 -0.0379626583582087 -0.234528295287567
0.102823507117562 -0.0940313391462899 -0.0199070701010397 -0.178825056189716
0.101002144234147 -0.0859287070393141 0.063880862970712 -0.124238812334121
0.114806455953879 -0.0786409617689881 0.162122537210502 -0.0995749015577057
0.133917006719768 -0.0699850039124944 0.259405389302485 -0.0105834789462677
0.172994617411242 -0.0265606437633135 0.29727360556854 0.119355004871353
0.182158233589875 0.0556800609904258 0.169639225792116 0.273760433911892
0.154069467251788 0.182815326689661 -0.0608492901580906 0.246941215810127
0.02919466729089 0.269551004142572 -0.163069944304366 0.0439252530089651
-0.0754653796550892 0.233969056258386 0.00966834409837595 -0.229320925134348
-0.0981458647120221 0.090881945840609 -0.0318081086920569 -0.337315650454608
-0.0349086185245714 0.150493739018368 0.0724761840063933 -0.305445616704602
0.0691642798334063 0.122037437701566 0.109703680218227 -0.293653903532701
0.0883909417559732 0.0347192220962607 0.100082403927125 -0.251209710889887
0.0707330108387791 0.00481585006686644 0.0603707053653465 -0.277560232778632
0.0752447088353192 -0.0212649140493855 -0.00737344009362145 -0.250698704755248
0.0621981504914714 -0.0368285685802956 0.0121978315564901 -0.203712864397209
0.0645548582005871 -0.0261936872391633 0.0979947053360599 -0.147906788340117
0.0744806085457142 -0.025177228911853 0.196861177126505 -0.108297045048546
0.0813780754900708 -0.0189913302302754 0.284760369865821 0.00105037418157131
0.102224820933897 0.0112231010984572 0.298450457115955 0.137979446101067
0.108300765976398 0.0573846758017568 0.160630478335866 0.268963143719316
0.0800129417650592 0.154021574249021 -0.0408852771041137 0.215175990161212
-0.0390528552295802 0.195210254407937 -0.111475150289377 0.0136254069642271
-0.111913879662947 0.122825694596892 0.0652600419770896 -0.259557831518941
0.101657798708814 0.0168464945896956 -0.0904578699651385 0.294118849542551
0.0421317351386945 -0.101285374638629 0.114162972434639 0.0517326831920823
-0.0387007143796313 -0.0868608335205867 0.0543111126683303 -0.215704757127542
-0.0453558668503876 -0.00476448129950795 -0.136156597898912 -0.325010609222107
-0.0100692180146747 0.00127221045542166 -0.323738311308226 -0.191052269753433
-0.0130389025967972 -0.0171146926160979 -0.339767116963491 -0.0135242940266955
-0.0249505823414256 -0.0289331940317293 -0.261940501794466 0.0951736365324196
-0.0277005680174208 -0.0446806336005819 -0.136602450070572 0.185508543277996
-0.0187768526016259 -0.0500145171970587 -0.0385109569205948 0.217111500128396
0.00359842862552937 -0.0505623056316435 0.0145409709189645 0.270027766475706
0.0291950384939165 -0.0373475258099218 -0.0307231891669979 0.302179886838019
0.0215701651261539 -0.00245547223275047 -0.108317699334989 0.298459438866788
0.0147408625712521 -0.0404944205596538 -0.130198092816591 0.311638350221295
0.0786114400029495 -0.0487841595257864 -0.106617832719749 0.334097983584834
0.107775788139343 0.050159227103377 0.0410418230714869 0.366820059636268
0.0700001650181504 0.144613014856486 -0.102594140772304 0.247958318352337
0.0540167248565181 0.0145761322750779 0.102080296805086 0.0142678896717095
0.00259707147830294 -0.00241712633721691 0.052753693998925 -0.237300545085858
0.0159486548108523 0.0377682458455548 -0.126975163269243 -0.330299378133893
0.0649372188715116 0.00682087819514313 -0.299199367283092 -0.211686744970778
0.0564326104511759 -0.045082725576615 -0.32939847371293 -0.0487114024296623
0.031089661890057 -0.0779420782548807 -0.260638365302168 0.0663039799814531
0.0243076259999168 -0.109015232461796 -0.136331732085661 0.158206509207462
0.0358030920804643 -0.119201340820913 -0.0277466504331273 0.184010000499837
0.0718878640010556 -0.126200793846361 0.0523551662967344 0.236634952166998
0.136016273538244 -0.0976593126627087 0.0372460405707066 0.293432654170041
0.155913177935854 -0.00299693598066572 -0.056467192368847 0.323084561852624
0.13526964825267 0.0455166912305972 -0.126329219918698 0.329292515223159
0.146594348640661 0.0899427391980199 -0.122410957289664 0.298894196446089
0.127296702581296 0.189696600875904 0.0177609950952086 0.297689992310707
0.0242924202896714 0.255335721604561 -0.0911362949142339 0.164207703865264
0.0554410901356049 0.14074234451599 0.121574819067427 -0.0476420067683761
0.0527567632645825 0.0982460073078951 0.0749193379114191 -0.284954479104223
0.0917701900607507 0.0810619481933538 -0.110831932755447 -0.349896502650061
0.14074431873274 0.00943410007500354 -0.263848552005686 -0.231364246994299
0.123359107595217 -0.0716522492479967 -0.301363244589518 -0.0847605540460125
0.0842394336446103 -0.118822305538253 -0.237501883311244 0.0254096665559032
0.0721179114933126 -0.156599675546919 -0.117242575592409 0.109299149118759
0.0824668543198613 -0.16937484156991 -0.00252929629597634 0.125647110255404
0.121656882149596 -0.184198118965441 0.100928840035048 0.175636212969453
0.209235281038552 -0.15431199960002 0.122049824939926 0.255176923497404
0.25577265833082 -0.0280279310022224 0.0236785399841457 0.33490868931518
0.243967268038356 0.0934687290387887 -0.107583979099125 0.349423402431478
0.20805585848992 0.197145328833834 -0.149803010524003 0.263667561289754
0.133206683799898 0.298345889643292 -0.0147121649437678 0.196265310913858
-0.0201027681981203 0.33200117005051 -0.06449123435403 0.0457141586149147
0.0529994797712212 0.253339475882855 0.149055432227741 -0.127952769985877
0.110250228266453 0.197767306509722 0.106832253138916 -0.33722238760329
0.176237993854637 0.114848837784358 -0.0803782691251295 -0.366780003487985
0.21106609251595 0.00247826795003526 -0.20971425610781 -0.251072332815535
0.176710823992308 -0.0973836153205698 -0.25060028358619 -0.123992481660669
0.123959289167753 -0.148225563944648 -0.194385934866245 -0.0253946110841699
0.108549897618977 -0.181297352488141 -0.0823271033228525 0.0458573641951443
0.118269499334743 -0.191789367902402 0.0322908169645997 0.0533626066865568
0.15473223664611 -0.208493527539634 0.149882096113791 0.101569205801434
0.24739104774759 -0.180611834185395 0.200880401155717 0.198395232878442
0.306694430871114 -0.0450178343736174 0.101457156996791 0.327829560046437
0.309232286720076 0.12173282466077 -0.08634576098393 0.356327401384282
0.235530116164834 0.271660165078054 -0.181134141590868 0.224930833162342
0.112556730632048 0.363130127409344 -0.0439683733020921 0.0744445399475701
-0.0554522273836102 0.356669215551925 -0.0390889830168354 -0.0913377510655579
0.0462321727049174 0.32419110244752 0.155716879781189 -0.214161425159655
0.154358132513999 0.263823039663276 0.12479531233745 -0.370378490842011
0.238322269325151 0.128590628708259 -0.0337035490921468 -0.360754495273124
0.251883267477881 -0.00879491864276116 -0.131565991147777 -0.268445300166507
0.203859280388906 -0.11293589488221 -0.182765504516105 -0.16792755289972
0.143173725765775 -0.158126573321821 -0.138088385145633 -0.0838956371601411
0.12894695936318 -0.178310024477249 -0.0349058826284332 -0.0235649590880159
0.140318612787828 -0.181553304664041 0.0754236174841064 -0.0187372358021981
0.17285935710813 -0.191826410959486 0.195443177220153 0.0350483039846882
0.257007983298847 -0.159767343878547 0.261227141215938 0.146616061617641
0.309446413377131 -0.0275169080764993 0.15741651301347 0.312000741611092
0.310662876458791 0.15213497208678 -0.0752792818073471 0.342957678279675
0.20838379560812 0.315070984343441 -0.205981049140493 0.17332270501513
0.0613798753294255 0.377470896790224 -0.0571102251132849 -0.05273872316568
-0.0778311482885437 0.321063991498933 -0.0257375963172234 -0.222674240142179
0.028288017397632 0.329566588491803 0.136410777660361 -0.288546550092892
0.164128584589189 0.27422724368059 0.124468129699309 -0.372056816417134
0.247564644738418 0.117057617475003 0.0210112782473281 -0.330461677463248
0.242943918972012 -0.0156951156683164 -0.0449520619074003 -0.281413248434343
0.19419728683529 -0.108828281618095 -0.107899021029192 -0.213594291058921
0.136520691436352 -0.14378081761155 -0.0765185206426209 -0.142851123881929
0.128588141827508 -0.147328911831303 0.0171625948698728 -0.0882849404075812
0.142581477055918 -0.143133565228217 0.123251030826067 -0.0774193137229385
0.170980862236772 -0.142214134363367 0.238553200469551 -0.00774335720584398
0.237418465755764 -0.099888175113515 0.301100652961795 0.117647181927028
0.268911376151117 0.0173707839444807 0.184276894745469 0.296895488914861
0.25495236497056 0.18471824588741 -0.0703722109436871 0.310959773461922
0.131971676356917 0.324529128774936 -0.20680995236615 0.112079325970836
-0.00859644571509266 0.33899141081168 -0.0406662430003922 -0.165371027781032
-0.0924155620925564 0.229202581962741 -0.0277200005880805 -0.321359102053206
0.00150222272294827 0.269297527630458 0.101899610367593 -0.330243821430569
0.136176551431041 0.222571737650015 0.115882601737063 -0.348170108261985
0.195278640639705 0.0806740777316665 0.0722778683283735 -0.2932685204426
0.178754468667286 -0.0132757684865519 0.0271253872562881 -0.292065422587418
0.1486278487385 -0.0790892263485599 -0.0451048141910517 -0.250164747036977
0.10819798437627 -0.103527922843629 -0.0239394289030512 -0.192419819602895
0.108457281398223 -0.0951957637868646 0.0652306145388623 -0.137924217178883
0.122208155580253 -0.0881715473443418 0.17081017369207 -0.112914638262157
0.143049858571091 -0.0781477635414825 0.27832143629355 -0.0197168370114644
0.18475520514349 -0.0334245355465792 0.32273266601221 0.119545117944106
0.196374732293467 0.0570201374537011 0.187998404490766 0.289076322065886
0.167145286863221 0.193677032218446 -0.06156104689157 0.268873278316354
0.0376037098518043 0.289920264783341 -0.17394153218208 0.0532577487225124
-0.0761185269692809 0.254947988313174 0.00453876622755097 -0.245429405772224
-0.10260606399116 0.100310871559749 -0.037784797031513 -0.365225561065811
-0.0336373739285157 0.162727554369629 0.0738450000472026 -0.328815089590218
0.0757572879321747 0.128248626475493 0.112856514056055 -0.318776338834174
0.0945439588884665 0.035160540321879 0.105630927749065 -0.275821341588234
0.0761309250508335 0.00430040165921945 0.0585511133687698 -0.301472337372195
0.0802067097592136 -0.0259732412414899 -0.0120962476317887 -0.269883521284729
0.0662049464647683 -0.0406704242086241 0.00830147000428561 -0.220069908528228
0.069908407187244 -0.0293020675859901 0.101671637016053 -0.164199043644863
0.0798961305812245 -0.0286130708480737 0.209250330551157 -0.122496551283363
0.0873191814669516 -0.0208439818677937 0.306271244038605 -0.00710222530785135
0.110346030960618 0.00976527818394871 0.32475072308546 0.139745054825694
0.116579009357877 0.0597926892713836 0.17722109137754 0.286471912310722
0.0878165137760524 0.162829093506822 -0.0409008537516941 0.233796222928737
-0.036803074798072 0.210000693249184 -0.119943024531851 0.0192584343120306
-0.11612770835923 0.135234403254973 0.0634830933811749 -0.280021614762665
0.111761572084801 -0.00463320796404856 -0.0448401035092753 0.342048170715828
0.0260094705323141 -0.112802136846764 0.135936577384379 0.0381823546092235
-0.0566137384424549 -0.0825041853905187 0.0215779839573325 -0.239237581801146
-0.0431387453126573 0.00240937518288709 -0.212906133500584 -0.318669038192498
-0.00588884518309273 -0.00307650027635579 -0.383586554582408 -0.136182839391001
-0.0151584801410295 -0.0182138960042462 -0.364652652916066 0.0551720510708446
-0.0312110365476609 -0.0273773456929387 -0.264109404566329 0.160977426144117
-0.0393664824500213 -0.0437408588404688 -0.111032364510995 0.224992610702923
-0.0314845820088782 -0.0502294734365506 -0.00211044365014793 0.24150815275727
-0.00801833275579748 -0.0561660092603886 0.0645107369999947 0.284525439346217
0.0212594963868372 -0.0471349076425838 0.0213957201145453 0.329483367048323
0.0257407451077369 -0.00927553757604004 -0.0625129532841507 0.341712823389984
0.00866828660332583 -0.0444322268832929 -0.0813118121618646 0.358831848110105
0.0739989499407154 -0.0661617008435636 -0.0549860432513326 0.375793544105113
0.123881870957802 0.0312313542456137 0.106587246634201 0.388431392364633
0.104409236621457 0.140607337418985 -0.0734296076471302 0.285744207515362
0.059290815184225 0.00892593867580486 0.111660124168475 -0.00285215431832229
0.00259099791879268 5.19246312010151E-05 0.012109539384545 -0.26624632269364
0.0288538386249567 0.037533257801046 -0.205921053111469 -0.328148617919072
0.0743893660506066 -0.0096083966139276 -0.364649508802421 -0.164062132829822
0.0536968498054088 -0.060917970248362 -0.36434013024219 0.017100514660628
0.0200001988833419 -0.0891307661524407 -0.270983772118936 0.129413536657605
0.00446747189753438 -0.121997109663837 -0.115663618834138 0.1959135769663
0.0130939134268668 -0.134850423006142 0.00253073481334708 0.204009485837033
0.0504495858512885 -0.148924700847556 0.0970194541123913 0.241218848503357
0.121662139143835 -0.130503315758093 0.0913085573904414 0.306264823069874
0.166725071791257 -0.0343813288613937 -0.00354370981414305 0.356595593560721
0.151901231098402 0.0224903546457397 -0.0734995696011087 0.37502271622989
0.170855633708298 0.0670275241697913 -0.0744679880042834 0.340181409711805
0.169191817908235 0.175944975138663 0.0685743216765666 0.319852459740387
0.078387437586747 0.2710349300079 -0.0818622804261855 0.182912713626808
0.08257042865325 0.144748647678422 0.117901161438136 -0.0765767491728691
0.0750596667974988 0.0997996252138906 0.020556352122478 -0.325609522449105
0.117272118225354 0.0713325384052515 -0.195651662764926 -0.354464929531226
0.156074150323391 -0.0196325204850833 -0.335447855983965 -0.192240768873351
0.120266463537328 -0.10116402450616 -0.343336795906611 -0.0254438384369707
0.069085581346382 -0.142538917930055 -0.256233165421214 0.0803616502848352
0.0465537911047027 -0.18251710347519 -0.105179307979124 0.140247347564045
0.053354956460312 -0.197999642905049 0.0179893547877383 0.137058212086094
0.0926312471736436 -0.218899292191498 0.136745408244438 0.16583047923378
0.187290573265419 -0.203878103044847 0.17377356031788 0.248915339897896
0.266216277769952 -0.0787989254853746 0.0828044446516503 0.352904155834083
0.275375455380515 0.050976604415965 -0.0497938530372464 0.390567121305118
0.255380614159618 0.169383508683432 -0.106711634439623 0.307486803774109
0.195017278666683 0.289551111514148 0.0175234245823092 0.217806968177299
0.0466089247424182 0.364133124466329 -0.0784534268904772 0.0419816071519169
0.10142089657521 0.266635192466096 0.127297315880706 -0.171089117366979
0.154956384036059 0.195820234753584 0.0378641245232643 -0.390991290703816
0.21281630200625 0.0935064026717431 -0.169677935081813 -0.379195824515784
0.228391833471362 -0.0380168762718224 -0.284536521671691 -0.224283621082603
0.171920178923697 -0.136958814353681 -0.300000385221842 -0.0751784043826879
0.106124193075193 -0.180500161606379 -0.220914419091232 0.0169519278612376
0.0821634041637213 -0.214785440900706 -0.0798552269868815 0.065717842623301
0.0872983487835275 -0.227686397828948 0.0416767961647326 0.0518794715086513
0.123233657879683 -0.250405803157972 0.174496986430347 0.0769257122465567
0.223140693812485 -0.237132405845839 0.246666175096846 0.173692268621658
0.31614632180371 -0.10538902813608 0.162987297575463 0.330420341494761
0.348845469461251 0.0685099673932861 -0.0252404848229819 0.39349403654443
0.298192626647792 0.241466488121848 -0.145659185349377 0.270483527641799
0.185023606667403 0.362671763081438 -0.035346915579103 0.0932263818535256
0.0151006027113233 0.399985002468081 -0.0781152085353616 -0.115431274444836
0.108079165739245 0.344416521907608 0.11648673227712 -0.268639989910532
0.214266450651671 0.25933962528827 0.0463180844645129 -0.432184848762081
0.280715212653088 0.0980544004665151 -0.120634089682689 -0.38412267770342
0.270076498587454 -0.0557390703145393 -0.207841872295616 -0.257443220548105
0.196761996596523 -0.158797711403741 -0.235552537215297 -0.135262067753949
0.124595282143567 -0.194778511382441 -0.171550137503615 -0.0587524751326592
0.10510750155514 -0.215142577812112 -0.0430893809270058 -0.0178864848917484
0.113471103954778 -0.220448550813412 0.0736322306357874 -0.0344384692168827
0.14579559109788 -0.236179575926831 0.210052817603394 -0.00291148518957462
0.237994342543312 -0.216521590453464 0.300975892901259 0.10508808673491
0.32097326182602 -0.0866102934030649 0.221171501424632 0.301214979276719
0.355368595890828 0.099721948046769 -0.0151181103802022 0.376785909402503
0.277936835481902 0.292742000711226 -0.17931012341945 0.221031207963896
0.134422807438917 0.386792200592152 -0.0708653974742316 -0.0411960150840632
-0.0154892487876743 0.367050698685091 -0.0859848535549742 -0.260019164500138
0.0915651895316707 0.353944187668163 0.082465991070163 -0.345424538923303
0.226799773391243 0.267664492295567 0.0439375298992554 -0.433718434466617
0.287291707928936 0.0839679765536437 -0.0580705326343135 -0.363121413488925
0.259100996226158 -0.059644378522532 -0.117720199197742 -0.289855756382959
0.188044544090929 -0.151744335434562 -0.16434809819161 -0.199754835990385
0.120698254150344 -0.178256527011249 -0.118434225707939 -0.136830231143882
0.111367607706667 -0.181600478556196 7.56152281360562E-05 -0.0970450462264475
0.123379566279197 -0.179881396660761 0.114419597741887 -0.107083834879729
0.153609403341132 -0.181315936878165 0.249434524476355 -0.0570834654721615
0.228172204913182 -0.148095617569876 0.339260816034797 0.0665281010172489
0.285413814002614 -0.0306021905217433 0.248739143123461 0.28091520545119
0.302185477208856 0.145155099194317 -0.0159551291392211 0.342545261953526
0.199260438283547 0.315552265053548 -0.191395924612717 0.157101818103483
0.0529035715065689 0.36059375331293 -0.0740456255010003 -0.166570656577377
-0.0481908107475415 0.270785010434276 -0.1006814917926 -0.361917198771219
0.0531478695271099 0.293465610613564 0.0407289223633645 -0.382304837482833
0.187585906392234 0.216336244761863 0.0426565622907248 -0.405652894463013
0.224515805398784 0.0549512790141394 0.00727024269834547 -0.333167011853026
0.191316026512157 -0.0445721786908429 -0.0402278443229429 -0.316918456579358
0.144921340593396 -0.110846192609716 -0.101924840850835 -0.25355017522999
0.097871715563413 -0.129079876429403 -0.0711834019832268 -0.202516838739934
0.0994818568907381 -0.120630321354263 0.0417121112216817 -0.159689474354579
0.11326044741764 -0.117077660716158 0.158640108519177 -0.154492227835445
0.135918604568425 -0.107226531259337 0.290146190061479 -0.0773549276033287
0.185189254901505 -0.067669489662208 0.363850357633768 0.0638570070658812
0.216090264722472 0.0246815701092128 0.252684555935142 0.270956573048372
0.210933488306493 0.170543230948148 -0.0143370206731205 0.296110272699707
0.0936055402481992 0.296528641259975 -0.167723067482125 0.0901188517890837
-0.0319694778769373 0.282739494092482 -0.0406817435321484 -0.261571073908977
-0.0844949030558728 0.133163320418483 -0.111635482617819 -0.402164581541503
-0.00376184118074645 0.183421524308542 0.014656901023094 -0.373975163838106
0.10451357133206 0.125376083159359 0.0497720928337776 -0.369121562898351
0.10800288400588 0.0248229533689872 0.0504026968503025 -0.319533307651872
0.0856870823288574 -0.00667918968396062 -0.00433371458068998 -0.334431695305906
0.0815158511569515 -0.0414319354457578 -0.0682917878565547 -0.284332236295299
0.0639781149611663 -0.054580532612685 -0.0383418208095143 -0.240441651832084
0.0718009800466169 -0.0431855794431877 0.0752352779847833 -0.19520431782367
0.0794995512645059 -0.043504685555923 0.19818211966234 -0.173452302963839
0.0873547605874616 -0.0348563914851078 0.323813198949016 -0.0686282726929931
0.114411429492423 -0.00752180166349315 0.371324308172863 0.0858381763001627
0.131520679679732 0.0421193052489275 0.241401646592582 0.270950857965528
0.121091002679124 0.153597980075155 0.00164998237769967 0.255575312204404
0.000456757186403822 0.226344497751353 -0.117871971142606 0.044932362250461
-0.0959789082034161 0.163573679355242 0.0161143108827872 -0.309577086160169
0.116381627339718 -0.0169178687386775 -0.00641368725900836 0.36085799178892
0.0135224356010348 -0.117441562148554 0.147067104494728 0.0223818949231368
-0.0677237912026284 -0.0770062727457711 -0.00353293535531725 -0.25202144179876
-0.0427019095827493 0.00670837588921972 -0.258505519335894 -0.307026368421407
-0.00582120373438192 -0.00427778737158149 -0.410829763753065 -0.0968884619689251
-0.0181544891370243 -0.0175260135458494 -0.370696754738666 0.100291215033716
-0.035259227174484 -0.0244706375547961 -0.254996392715537 0.200113303302071
-0.046332735024611 -0.0400940264470552 -0.0892228235451402 0.248111695285637
-0.0394640861969599 -0.0492430516764522 0.0235480939085279 0.252762126464742
-0.0153582935013957 -0.0592942551400735 0.0969249344309439 0.286527316013522
0.0175291507028796 -0.0520475140012355 0.0578606438046651 0.338535620314596
0.0273887877206895 -0.0135085572035444 -0.0276727238423645 0.362878621523192
0.00562994002362299 -0.0463446740854458 -0.0428523604507615 0.380954973129778
0.0677929580967297 -0.0750237196012803 -0.0170149722374164 0.396775607113061
0.132395823829386 0.0190802977384187 0.149255384966027 0.392331213528623
0.124633773215974 0.134282903603849 -0.0418767632977868 0.306441807076115
0.061532076768658 0.00475968090831597 0.118006606301729 -0.0149678105780289
0.00231279696276305 0.0015854374813352 -0.0156273399629114 -0.277809473439547
0.0357942009147225 0.0356971097148675 -0.250317833368338 -0.319012171331459
0.0766147891065052 -0.0196408490237286 -0.395216959772068 -0.128551663753038
0.0483192217705895 -0.0698252317741448 -0.375401994435336 0.0602439945122345
0.00981989959379622 -0.0948299311197768 -0.265500492240413 0.167227600586546
-0.00984576181285265 -0.12699335265882 -0.0980242458529897 0.217995759759815
-0.00304515518247529 -0.142229036349881 0.0243292126619524 0.21361816752709
0.0345969586283782 -0.162255804655577 0.125166297672009 0.23772553196549
0.110822707286374 -0.15024671648803 0.126978739852403 0.305444090715423
0.169976291674268 -0.0557655002308976 0.0347109561646578 0.370773487838523
0.161407006096969 0.00739824650470926 -0.0332631794493996 0.397396534613822
0.184214172636004 0.0520251557185589 -0.0407425473079102 0.363487791718806
0.194382767248472 0.164953993530162 0.103177059503988 0.327118775137116
0.113115824221235 0.272893732684206 -0.0616202818210816 0.200677994034409
0.10080154947065 0.141861460917507 0.115684682217613 -0.0896088350245259
0.0871754723153972 0.096550115293227 -0.0124201303530758 -0.339942561765079
0.130364292934893 0.0610743295231866 -0.241648585569355 -0.346891676144906
0.159639786059796 -0.0389500451050125 -0.367022988788018 -0.162445338736297
0.111710602921467 -0.119372930349241 -0.357979690373606 0.0145439734609989
0.0548660088328003 -0.15563117530256 -0.255582758708055 0.114603815171944
0.0271088730812709 -0.195290112437234 -0.0939153383946235 0.158785106688017
0.0314655063752575 -0.213270736869951 0.032193343256197 0.141925787963717
0.0694765019079699 -0.240208351555 0.157428217664523 0.155733043221761
0.170509218441413 -0.233754852778386 0.206109415120352 0.235160217706963
0.267733724062475 -0.112990205148513 0.124217781404114 0.355970292657286
0.292185000147584 0.0222969834941194 -0.00539255818625949 0.412231618094469
0.284207452199428 0.146765547451863 -0.077198837672444 0.333570510831537
0.233499067293731 0.281119376364394 0.0403271117447738 0.227551175892645
0.0908106449250383 0.37257780598048 -0.0742041378185709 0.055201153437986
0.134209427538597 0.266279032703694 0.116225172739236 -0.187645592344635
0.179767671648246 0.186714155320308 -0.00234665511696149 -0.408974039618463
0.231462927395409 0.0726689921013551 -0.217090722538637 -0.376460567081985
0.233025028994418 -0.0665323811971415 -0.319716343066839 -0.201106674178138
0.161190488989227 -0.16294598120271 -0.317668544322107 -0.0426656437653461
0.0884573311395651 -0.199338589657443 -0.226355898073929 0.0441022995469235
0.060159335507612 -0.233300105376551 -0.0758871555360663 0.077726397360326
0.0634980773698343 -0.249339898202969 0.0465922653713594 0.0507606653901595
0.0980808230456941 -0.276394050753781 0.185970971479884 0.0596798806917061
0.202466250698921 -0.272634781862374 0.272811041402769 0.147345085853465
0.315662810448674 -0.145947882906771 0.205444997300024 0.323181970308682
0.369485899490659 0.0313003533075915 0.0193535834088513 0.412637384614578
0.337014600034403 0.217535141078742 -0.12025258310446 0.300460784193313
0.232159746418949 0.356444324126931 -0.0273304796811516 0.104229064964155
0.0619047421438373 0.413560828746166 -0.0902511656610175 -0.10900398375695
0.14981592445662 0.345745055845715 0.0948879174954706 -0.28609101546765
0.248695345900669 0.244813029412092 0.0017184144141401 -0.452978573826801
0.301763730724631 0.0697595099642084 -0.167555203438426 -0.38681518264619
0.273968854833996 -0.088490625427004 -0.244530847899267 -0.244583326007534
0.18452239972088 -0.188109879581962 -0.258690655340844 -0.112534853650703
0.106279112762327 -0.21745899668691 -0.184015133746749 -0.0406183628631286
0.0838069562324192 -0.236181068796892 -0.0476363222851411 -0.0137122660437998
0.0906658201810066 -0.244648269909082 0.0697770975457119 -0.0435561085409342
0.123244105477288 -0.26339063215744 0.214018915862631 -0.0279781416786676
0.219468839392345 -0.25293210312743 0.321177917397296 0.070200444355185
0.322709548083746 -0.126688308296071 0.261630818318951 0.286057254896023
0.379288816907749 0.0632167318220547 0.0281015592867521 0.394422184077703
0.321988051158419 0.270893370716341 -0.16036357211612 0.252032285831002
0.183454021099848 0.388108874769472 -0.0790394451060038 -0.0314301387293088
0.027550468643392 0.382617765630669 -0.115496565019685 -0.258757695552032
0.134447860054235 0.356269610935955 0.0498982810458515 -0.362430727848796
0.263027141105431 0.251338015021192 -0.000882213994942654 -0.454433057429498
0.307434955971827 0.0554406547701256 -0.100609118982154 -0.372568104947787
0.262101239028752 -0.0918810311520657 -0.155093020737626 -0.288421692097245
0.175715770597391 -0.180193991845986 -0.191437703298313 -0.187505726587328
0.104445863755411 -0.198841305420444 -0.13758560471122 -0.128508774074597
0.0952517588693677 -0.202248712502416 -0.0128141421126332 -0.101893284395632
0.106619564318714 -0.20312569984602 0.102949024814755 -0.124880981378407
0.138249389990528 -0.207693474585134 0.248502093656701 -0.0897581099908148
0.217263435243796 -0.181621813463826 0.357278312401087 0.0255029163817937
0.292427518067502 -0.0640909535041638 0.287739174455736 0.260648613267886
0.327683472802638 0.115305122195377 0.0227243424326239 0.35843428119078
0.243300216248409 0.303573946650551 -0.179015723407038 0.186460995042178
0.0970591906871866 0.36831681866215 -0.0963714772367012 -0.161117856440534
-0.0168726657213147 0.286597558415601 -0.141543175040311 -0.365604465382348
0.0885720512705928 0.298491185390177 0.00352475999406409 -0.39823701801724
0.217018823577088 0.202568367138395 -3.06169286146083E-05 -0.423834409345404
0.237513383898481 0.031880196895023 -0.0292091978299385 -0.348621423912524
0.193252893526174 -0.0675359796988668 -0.0791728760603516 -0.324840377313682
0.136129554709564 -0.132893377767317 -0.133792956786037 -0.251288036040783
0.0871126305076457 -0.1454583908724 -0.0962975651714956 -0.202502874978123
0.0900503926709517 -0.137535908358857 0.0231443412025953 -0.172118541897354
0.104270331491166 -0.134713062597212 0.143815364519661 -0.180005406132758
0.128381179270384 -0.126719728578668 0.289259031620546 -0.1153214616011
0.183166062018702 -0.0910597184467117 0.382803737203067 0.0209534017499696
0.225822335577487 0.00193229389821297 0.290734190070841 0.251935604968252
0.23609064991863 0.15283200779766 0.019821305507956 0.310072640205336
0.131587750352258 0.294796932537698 -0.16229469647631 0.114421771079154
-0.00043371077439561 0.296868948553209 -0.0717756897161386 -0.263959149722151
-0.0707389906401243 0.146968761370692 -0.157651309405842 -0.406122812954179
0.017964624983111 0.189674308713388 -0.0223726567581909 -0.389817782089954
0.120143115970277 0.116877327719346 0.011536342360346 -0.387968703466045
0.113332675917245 0.0145027858520916 0.0160208367370535 -0.34006420372993
0.0881749102951729 -0.015402182139979 -0.0435256289798599 -0.347062164621457
0.0781125044189114 -0.0533581962958946 -0.101550522457867 -0.287057322681287
0.0602134052717753 -0.06386875288495 -0.0668476721241657 -0.246143648222046
0.070882466883005 -0.052875801039699 0.0542107145999861 -0.212808314037846
0.0779891697262049 -0.0541368650120086 0.182323897031906 -0.20353720093335
0.087427240793317 -0.0452638479387892 0.325534777988895 -0.110532860459081
0.11726174812205 -0.0203039439960756 0.393050583082353 0.0439063582583216
0.140876416318303 0.0295272371903285 0.279866534379518 0.251818154095961
0.140784753411791 0.144039085363851 0.0294964104364018 0.265841531457379
0.0266625505075762 0.232184327603062 -0.116199077156741 0.0618508967493312
-0.0790115450910214 0.179205557694032 -0.0188221915964875 -0.32041134630104
0.113188876829927 -0.0281948696489458 0.0329317694039871 0.356282111386393
0.0024112353520381 -0.114664673400693 0.148274338889357 0.00503294013620836
-0.0733608446693958 -0.0666932104506073 -0.0282697987672157 -0.248374045603347
-0.0394467445953858 0.0103285906389399 -0.286832709676088 -0.275471469493971
-0.00564567398689308 -0.00513922743804349 -0.412740800883782 -0.0527353813906301
-0.0197418501727519 -0.0155270352117636 -0.352609790421467 0.139049334303933
-0.037515010247215 -0.0197460311222129 -0.229689945825157 0.226102918339784
-0.0495516384950535 -0.0341673097517212 -0.0617705240473646 0.255151576754107
-0.0450197245798095 -0.0441771086869357 0.048972985665254 0.248198503676998
-0.0224299536727146 -0.0577151080669162 0.121999549439652 0.271496533662239
0.0118053005696725 -0.0533975961740537 0.0911554199643972 0.3264891140296
0.0271057620693664 -0.0168648865973147 0.00916150972770149 0.360143581976475
0.00253904136991002 -0.0451239334393677 -0.00410424981441565 0.378278106966101
0.0585224115286066 -0.0780785294488485 0.022823523732355 0.392641417522783
0.132092790909565 0.00598687680230663 0.181939527594436 0.374001761768241
0.136463785429552 0.119319264954801 -0.00725295348268447 0.307321257624343
0.0605207659139294 0.000822427584163475 0.116799015640133 -0.0265860226841306
0.00222712675706003 0.00381044285111726 -0.0427676594897496 -0.272476512353873
0.040608037409551 0.0311380990143591 -0.279288425146703 -0.286727369744522
0.0732162458131464 -0.0288319294016554 -0.400417832666647 -0.0856414108266709
0.0399882625948442 -0.0740472723812154 -0.361299860080066 0.0998890147817762
-0.000451826654420961 -0.0943752678157074 -0.243349435193629 0.195194634410355
-0.0234168843106667 -0.124441292252889 -0.0734880033198894 0.226488138121512
-0.0194712339111226 -0.140710294206609 0.0452400635640226 0.209710141092431
0.0161249376426225 -0.165090601929565 0.144425378548467 0.220548548480398
0.0932516714894835 -0.159946461343751 0.154356809296626 0.285818040982906
0.162201391123727 -0.0736934103092747 0.0714660482705449 0.361981452254377
0.161051710565931 -0.00948880501034914 0.00937249143965453 0.3942371015225
0.185579388373523 0.0338297597514907 -0.00375450659944044 0.363928019506824
0.207783599461018 0.144123310026453 0.131320167775921 0.315180255802239
0.139579316475407 0.256503447533558 -0.0370809077932774 0.206191891300154
0.112732936864487 0.131206660702914 0.107735095058314 -0.0982787051443131
0.0946640554789201 0.0880351746713624 -0.045520475289333 -0.333377237962429
0.136137838473087 0.0468937477722293 -0.273630327900433 -0.317708890116711
0.152786047676332 -0.0563619560635102 -0.376708211278814 -0.121882856511759
0.0965354746908421 -0.129326245975538 -0.349801087417032 0.0526051634317515
0.0372287569920805 -0.159161259084154 -0.239551223002375 0.141381706785357
0.00562797697346339 -0.195714799695972 -0.0761806186294833 0.167076466844326
0.0068768333214447 -0.213949031576019 0.0446595525939717 0.137519992652021
0.0425294292214571 -0.245200194351961 0.167843465684511 0.136429267631913
0.141929199499103 -0.249024656345488 0.223380692459893 0.206889573118669
0.251163997529533 -0.140761782733969 0.156871607839222 0.337849076351475
0.290878360592025 -0.00780015926417484 0.0373890676882204 0.405820740902886
0.294044311591785 0.116156605929307 -0.0417789917388506 0.339151352129917
0.258105301869721 0.254229054655585 0.0613479791589523 0.224342441158146
0.127900664811766 0.356442773021758 -0.0636553683130468 0.0645521035932851
0.158432863023678 0.24928225327726 0.0988544258364578 -0.192383468996314
0.194900953115049 0.167020318195111 -0.042248034536236 -0.402529044025082
0.236217633061029 0.0479452220632662 -0.251612644191973 -0.350295721450311
0.222258515105838 -0.0903620838941815 -0.333715639911852 -0.165629412097796
0.139860533950436 -0.177629737237046 -0.316342521879085 -0.00755869835071287
0.0658493667398739 -0.206201505255663 -0.217622643971006 0.0679920315951036
0.0340604386131373 -0.23648767433976 -0.0675753944002363 0.0852723909151416
0.0341091224768097 -0.253321164786501 0.0491015887838581 0.0461601132400311
0.0667319452178957 -0.283950435028018 0.185221290272872 0.038578222623105
0.169099793628092 -0.29026601026496 0.280141068103451 0.113035599792803
0.295924121882561 -0.177708501358953 0.233678825887047 0.296420563794005
0.36668159777059 -0.00770089584052816 0.0629231322163139 0.403962875223934
0.353170818382715 0.178256406940254 -0.0859893042478322 0.310858638663155
0.264474135611456 0.329224498327027 -0.0163834542341745 0.109356736151539
0.105520134300986 0.400802279710426 -0.0961933968570204 -0.0966672922506173
0.183079904581655 0.324471150106491 0.0690624362852409 -0.28780978590244
0.268006483692412 0.216296457872459 -0.0425505884459406 -0.444428613712392
0.304485146978419 0.0379453674845993 -0.204531208441989 -0.364892233019063
0.260387623790989 -0.11681560009598 -0.265253820896174 -0.216425973563132
0.15997306321663 -0.204602791841231 -0.264783721406916 -0.083329777841948
0.080632301983315 -0.225113786234466 -0.1852434842668 -0.0202517494210452
0.0577240811179918 -0.242401509170776 -0.0491095963076795 -0.00851707224005014
0.0619636569401822 -0.25139213684032 0.0615315837342878 -0.0497068214868375
0.0928063471503286 -0.27379346371862 0.203797184816663 -0.0505627246216794
0.187839741804422 -0.272112093047234 0.319521057543042 0.0318909938812077
0.303989087989428 -0.15855374930591 0.284548833886766 0.253426540098831
0.378622866567098 0.0237360784807694 0.0696120804777498 0.386222445166583
0.34471054930242 0.232156140346206 -0.130622430630663 0.267814545565914
0.219975420662834 0.364601480143179 -0.0810574569156742 -0.0191078252005893
0.0677512131282012 0.373457062597754 -0.135728380422622 -0.242411016118968
0.169291735293097 0.336583144152084 0.017380154969017 -0.358882278855088
0.282548215481624 0.220766912262529 -0.0456882960965376 -0.445509806048963
0.307540107624415 0.0228480794952913 -0.136128939303196 -0.35728064035807
0.248293526905018 -0.118101416923051 -0.182871647630023 -0.267342147102491
0.151774120411217 -0.196143369871037 -0.206703424630311 -0.164215542614257
0.0808335159508874 -0.207595142568066 -0.148897864191161 -0.112161447551172
0.0720171061615198 -0.210001645855275 -0.0242404308687215 -0.0996439233343601
0.0823425307634148 -0.211507065563629 0.085466963037722 -0.132989083191263
0.113422789529677 -0.219324677545222 0.231421728914367 -0.114870460913807
0.193093197818736 -0.201732023639351 0.349894947749358 -0.0156736826656654
0.280404057041019 -0.0929847053312415 0.307989216646277 0.225599330295983
0.331778186574323 0.0802167362135272 0.0608109692951738 0.350829905606857
0.269979178124903 0.27224736359302 -0.154427452388037 0.203914055283924
0.133550785446941 0.353153829364308 -0.111029766054044 -0.145883945391247
0.0145200074816124 0.283178582749367 -0.173384216177664 -0.345874080455086
0.118113462568816 0.28274700452324 -0.0324173534288265 -0.390870241251996
0.231644447022051 0.175873412849426 -0.0414305394977505 -0.416437159862813
0.236281060682706 0.00807747590381122 -0.065447056693545 -0.341903703334015
0.183433878300961 -0.0868953541490009 -0.112330087396538 -0.311042746544612
0.117649685156203 -0.145600437517932 -0.157396558714157 -0.233158801824337
0.0696761769258355 -0.152701506708656 -0.115806533282704 -0.189655111774433
0.0751835368535944 -0.145675402356332 0.00348857092841665 -0.1726863348961
0.0873515000546494 -0.143561785359089 0.11903681895585 -0.192718330154726
0.112625149018154 -0.138459371825079 0.27000032184495 -0.14519111473183
0.16957270052194 -0.109242929339279 0.375457683317812 -0.0230705409012099
0.221552718961759 -0.0213013685099308 0.31005111513523 0.215696170624682
0.245289971471803 0.126128874242831 0.0512058520282942 0.304140260107115
0.159064007587822 0.274063016882877 -0.146629118993156 0.130516559681887
0.0303722248941001 0.290967416310729 -0.0983708443779852 -0.250124563219684
-0.0525432138591223 0.151735532648338 -0.194271923302459 -0.385881541689625
0.0376633297278749 0.183383430313712 -0.058303172139313 -0.381303445232431
0.12754505714542 0.101684028014585 -0.0275317930958234 -0.382073249688035
0.112030906696827 0.00331646268623012 -0.0194955386065458 -0.337908928752478
0.0851707700112494 -0.0241323353496872 -0.0802605506309179 -0.334985951880443
0.0701727489807858 -0.0607108446871682 -0.128963095132146 -0.272799748254503
0.0528559942091573 -0.0695002189464908 -0.0918944225722204 -0.23641852159161
0.0657515495314003 -0.0595787142735843 0.0289067328320745 -0.216715719079328
0.071211864748782 -0.0608144846485854 0.154936641879184 -0.220190798409426
0.0818032836890005 -0.0527645848015858 0.306179532096911 -0.143678994314178
0.112511451949911 -0.0324633195794962 0.38877888501162 -3.49802205963418E-05
0.140799003222635 0.0151008640425125 0.299863542905569 0.218348020832294
0.15023229346817 0.127187225297648 0.0553780841595119 0.259397936593919
0.0498734500768021 0.223517021328346 -0.107077838612008 0.0737632933071154
-0.0583737019922748 0.182074052647155 -0.0514341075549037 -0.311501079255277
0.107061069989706 -0.0340723944159141 0.0566392514784063 0.340228828572205
-0.00421011215929174 -0.10709726631442 0.143973162553265 -0.00588238527382258
-0.0720669445255035 -0.0577431867747761 -0.0419570457784088 -0.237445525263211
-0.0356309628187691 0.0109054834530195 -0.292852509389858 -0.246628457757673
-0.0056951804608673 -0.00645794476017867 -0.396146343108998 -0.0257065396257825
-0.0201046949605127 -0.0138546411150131 -0.327012327484915 0.156050315485636
-0.0365098452664273 -0.016475210867545 -0.204164224585422 0.2337991241462
-0.0489762812200725 -0.0290372517418377 -0.0432744777334339 0.250950217513067
-0.0469272204630786 -0.0390660398246485 0.062062428903706 0.237732535836427
-0.0259982543011091 -0.054719016097293 0.132455905483348 0.252815766209965
0.00887447977887938 -0.0524224458566774 0.105209494900574 0.307512745438226
0.0260828741319838 -0.0191028942798574 0.0294262328434982 0.346551545084943
0.00102281386018832 -0.0425600969838583 0.0187492631488198 0.361943877811543
0.0505460084805034 -0.0761501500067189 0.0436672104276801 0.37698879582715
0.12743978786341 -0.00163186980234625 0.19323944856173 0.35125122258766
0.138038487402809 0.10552181521718 0.0151712564449148 0.296340428996767
0.0582662283583822 -0.00123615638510141 0.112162126514089 -0.0327388890900439
0.00340261521269289 0.00545443865243102 -0.0569036686378618 -0.259350109263888
0.041994144846074 0.0265727506458792 -0.285551096497459 -0.259688713265092
0.068690286619284 -0.0341221493670952 -0.386653174409147 -0.0582629700492498
0.033098293855667 -0.07333301444128 -0.338414587147894 0.119968444395865
-0.00607956603115242 -0.0900480947355673 -0.22033420487021 0.20413130922936
-0.0300875153764154 -0.117544228926473 -0.0570187706658344 0.223828404939072
-0.0287136168553463 -0.134513797523187 0.0554577466829491 0.200577590031762
0.00398230342954485 -0.160525444316456 0.149496547369461 0.2029786855352
0.0792544459676084 -0.160109765480112 0.16356893333789 0.262980409619061
0.151931018684787 -0.081907467840047 0.0890445990387948 0.342719635853247
0.15504834875762 -0.0180342260062074 0.0327931785870125 0.377054718441934
0.179793254534562 0.0227561205825555 0.0168905609674178 0.35160418559318
0.206938783109936 0.127095188139529 0.142660015289784 0.298194219943667
0.149420149928778 0.236469957276647 -0.0183773429801142 0.201935793032753
0.115517212931726 0.12049199434681 0.100473151251433 -0.0989482194753286
0.0961751139939819 0.080715836764642 -0.0619126155174721 -0.318011105006431
0.133829551130455 0.0359322805689567 -0.280789834075309 -0.288992847593466
0.143286083872163 -0.0652117345143448 -0.366636777982282 -0.09461731054008
0.0835125539576878 -0.129978576278158 -0.329568303687499 0.0737473147146017
0.0254656789023889 -0.155027093405697 -0.219449259656346 0.152055920051046
-0.00674016708392242 -0.187983004859095 -0.0627423652913188 0.166917830857332
-0.00883258936048917 -0.206959437841642 0.0502966027891014 0.131516138652086
0.024182391985823 -0.239665336062141 0.16525457955034 0.120844461876925
0.119555645997074 -0.248375745066463 0.224061724589556 0.182812080703371
0.232828441317436 -0.151329297237709 0.170035459718921 0.314794957711281
0.278880676068255 -0.0254279896451657 0.0614581224787642 0.387651994238727
0.288429471336196 0.0946567929673531 -0.0193027644387694 0.330516782366085
0.262563735682874 0.231492582738248 0.0708900667197869 0.214995947892473
0.145563278274157 0.33313793768964 -0.0523615033222855 0.0668886013641666
0.166118883770854 0.230643519263271 0.0874568539361698 -0.187897047293106
0.19609789926559 0.150305160230543 -0.0624841691042687 -0.382908554372794
0.229790734162121 0.0317938867156924 -0.261972278654 -0.321178657715793
0.20730003982201 -0.101502474863848 -0.328794402888757 -0.13907254833158
0.121235904086551 -0.179209719855456 -0.301958179612124 0.0132689167456206
0.049875440164307 -0.20182603559011 -0.203120256461877 0.0800049669011723
0.0176115696012144 -0.230256902676361 -0.0600797824606607 0.087169425195272
0.0156667315361764 -0.245691318475241 0.048239154218563 0.0426398433778151
0.0450642050316675 -0.278876391542745 0.176121706692743 0.0264351570804011
0.142463280822392 -0.29040141268194 0.271770584183221 0.0881953549870868
0.27172745688483 -0.189441142810196 0.239752922563516 0.270123226447595
0.350844047298869 -0.0294427961335635 0.0864721364383502 0.384595032894261
0.349185913406728 0.150158426007286 -0.0628561858315493 0.306527817522686
0.272111139824946 0.302709259903861 -0.00870139744109138 0.10927933422304
0.126187110466973 0.375813845213164 -0.0935942608599285 -0.0850793367869141
0.194573749564818 0.30065227084639 0.0532614468065634 -0.276566932984827
0.268759080465308 0.192688489681881 -0.0653859990846344 -0.423316559184765
0.293786018024539 0.0179309252513834 -0.217432881475822 -0.338168808049273
0.242350395527487 -0.128959346558851 -0.267300187131109 -0.190787862547946
0.138663211408371 -0.2061515538707 -0.258029924233115 -0.0621716276181754
0.0629497858963738 -0.221422989903764 -0.177830262224897 -0.00725329947246191
0.0401135852657982 -0.236466616268723 -0.0486742530191184 -0.00509060587363788
0.0415947885556483 -0.245378137744481 0.0536083687973542 -0.0503437386437191
0.0704668368456896 -0.269945893373231 0.188822369123375 -0.0608147315848956
0.161550960258623 -0.273976157438484 0.303500476170545 0.00792325868439504
0.281966055436343 -0.171226805135974 0.286049254770921 0.225460302578614
0.363097647888831 -0.00101642013034475 0.0911998718877689 0.366798707619877
0.343093028442457 0.201678030336341 -0.106822208295965 0.266433221547533
0.23247866393739 0.338510050239488 -0.0776327379232371 -0.010733095466069
0.0884302596002126 0.353054710374622 -0.141318368460186 -0.224051946404149
0.18258115999032 0.312486148228297 0.000531797459058525 -0.342750397603547
0.282532394389079 0.195077679065001 -0.0682087613023187 -0.424075136218682
0.296099588455943 0.00298282544485419 -0.151221507380084 -0.335900790011288
0.231049488885623 -0.129147192051638 -0.1911129309901 -0.24498502054152
0.131392234366294 -0.197063838034187 -0.207616138522078 -0.144583883082497
0.0633818928761214 -0.204164524415091 -0.1498547118041 -0.098445064311678
0.0562541545104813 -0.207195428026636 -0.0309473888907915 -0.0945261532348627
0.0647169849186667 -0.20844220964962 0.070880490727639 -0.132220925420492
0.0935081095648765 -0.219080524981812 0.211635753601866 -0.124522911063937
0.170987492200717 -0.205710605208574 0.330323482345289 -0.038999616918207
0.262103732223657 -0.105938474031063 0.307157686089054 0.195653625513372
0.321497523450865 0.0577705643120433 0.0796464624420441 0.333533968561953
0.275070672858073 0.243178930088626 -0.133258104713072 0.206900755311331
0.148257729537925 0.330822772645733 -0.114585748199926 -0.130732009494366
0.0327651975298929 0.270325703415064 -0.183144221094039 -0.322395509072055
0.130090213792229 0.26303384608681 -0.0504904413743027 -0.372363473028042
0.230524518969885 0.154809249604224 -0.0637613870674829 -0.39648369322256
0.226660317778331 -0.00647403943719882 -0.0826687579218258 -0.324733300055729
0.170608284974408 -0.0949380292183164 -0.126503706620171 -0.289750581576096
0.101913867326941 -0.146131988664294 -0.164061831064569 -0.214368495289323
0.0566230490499867 -0.150868156093166 -0.123059343094732 -0.175247332085925
0.0640881238928629 -0.145161360342222 -0.00956968825292489 -0.166932547220897
0.0749589308913532 -0.143171153932566 0.0993645915119671 -0.191932902335793
0.0992546687803495 -0.140096664642815 0.246477212230244 -0.155442064964295
0.154505927495457 -0.115492336028231 0.354766012238445 -0.0474805735502436
0.210827984414355 -0.0335104977061831 0.308688129945756 0.187288139443689
0.239764855579644 0.10696874825991 0.0678790838631782 0.289281842554857
0.16835083513977 0.25159078662599 -0.130181563245307 0.13585346012677
0.0466941876056184 0.276226371520502 -0.109352526818746 -0.232046205491742
-0.0397705741553901 0.147283010375973 -0.206778487752254 -0.361856760589996
0.0472791241118909 0.172146184623947 -0.0755904181880328 -0.36379580666768
0.125975022447422 0.0895399404043679 -0.0482298543229876 -0.364571059023922
0.107071122264157 -0.00251764397342011 -0.0393419371271885 -0.32401186576536
0.0806039516278783 -0.0277629239837981 -0.0966762198431429 -0.31557455153891
0.0612134284744325 -0.062517875730998 -0.1404163755782 -0.253930183287532
0.0460193487552106 -0.0703547638021745 -0.103160123803026 -0.221357095067221
0.0609919411791096 -0.0618826002415794 0.0131806556946765 -0.210501957126149
0.0646046692773242 -0.0621096813201586 0.13191439720435 -0.220649004002962
0.0759588352269012 -0.0554931636014263 0.282327086203893 -0.15799357915236
0.105853345265304 -0.0375269239360332 0.370351908295905 -0.0264902178211586
0.135433608210741 0.00678813985231419 0.299091946306552 0.189803850380914
0.149077821352948 0.112417892080143 0.0689237653097271 0.24647312662772
0.0607575114133827 0.208704466795092 -0.0960065736753027 0.0778555446433595
-0.0448300561286738 0.176632748943624 -0.0690171640632782 -0.294179655460912
0.103357084803538 -0.0355057232545988 0.0646069753888526 0.329837608232017
-0.00508293091641461 -0.102376523150497 0.140525964823831 -0.0101840807934968
-0.0688928664408259 -0.0532990850165965 -0.0445026020794797 -0.230404708450306
-0.0336749195613463 0.00977570877191982 -0.289806531107081 -0.235080090509105
-0.00572802947178122 -0.00779821707433697 -0.384637396661774 -0.0171903549281553
-0.019416143963657 -0.0131639411938864 -0.311890030238135 0.160069146100448
-0.0361036877001496 -0.015364560796961 -0.192346666715193 0.234418448361099
-0.0480312108906118 -0.0268529940695593 -0.0357292795251596 0.247584327318875
-0.0475975963093047 -0.036552737098174 0.0646740584856051 0.232599486450548
-0.0276012707960039 -0.0531957819352841 0.131316900585076 0.244299254770707
0.00786527169618263 -0.0522215056827861 0.106929793241923 0.297738664879251
0.0262709161932987 -0.020362916944364 0.0347874993965872 0.337941185049547
0.00201269004637814 -0.0408475951859665 0.0231829067775888 0.351059520593746
0.0480265846622282 -0.0723442773525021 0.0481987454584667 0.36647051974875
0.123548351714222 -0.00293327639453487 0.191073930269852 0.341280332571129
0.136473542648704 0.0993023324796724 0.0239968138209384 0.288970932158068
0.0568824813965543 -0.000220370454041198 0.110640939489272 -0.0338948437364997
0.00462059359204559 0.00678873211801664 -0.0589971625500953 -0.251760556587046
0.0425848394102151 0.0239832706911377 -0.28290115352905 -0.247822021819874
0.0657074155290856 -0.0361007936136436 -0.375212431860704 -0.0495815504315626
0.0303498470857529 -0.072291460844493 -0.323912945699535 0.124622222432166
-0.00749721798725464 -0.0879671387377401 -0.208040848546197 0.20540716634654
-0.0318072279261867 -0.113798906224037 -0.0510363954240051 0.221304650336236
-0.0317577194705661 -0.13038981712497 0.0575736313141966 0.196126398398061
-0.000807702268105795 -0.157273161699645 0.146852492447815 0.195173015611753
0.0740003093577276 -0.15794134545927 0.161049398124503 0.251860444557211
0.146367093439957 -0.0841780123569727 0.0927774033759617 0.333376851779028
0.151559383129958 -0.0207451736915272 0.0384996396792469 0.366613600599527
0.174994598152169 0.0205939916344676 0.022746565494996 0.342866991506082
0.204266982568005 0.122463387201984 0.142619504897613 0.291789716667663
0.150058893180511 0.226010012844845 -0.00990117297922557 0.197592284213762
0.114436439361055 0.116592756494688 0.0989824869249324 -0.0968922848758313
0.095127496188938 0.0787356453588599 -0.0639354879331581 -0.309418049614203
0.131544211186288 0.0323789997026904 -0.278318496858924 -0.276173783037735
0.137303517627024 -0.0677014377488859 -0.35708228428158 -0.0858950964018292
0.0773558700430298 -0.12827784455137 -0.317466247488996 0.0798559929237678
0.0215291789242544 -0.151671720043815 -0.20918208813268 0.154319117675594
-0.0105370138137223 -0.18340537932369 -0.0580655662730483 0.16580044175449
-0.0144081936732949 -0.201924678331025 0.0507987836681285 0.129576935413183
0.0168809866639255 -0.235767286997187 0.16048965799423 0.115267677870432
0.110889714881872 -0.244680483163395 0.219082667367658 0.171392206591501
0.22400334937742 -0.152878746427422 0.169892181204408 0.303464968583695
0.271390912076926 -0.0299994018106207 0.068053423603148 0.376635769970415
0.282057460814198 0.0884913760748269 -0.0116255349204408 0.32424167351779
0.259683801221127 0.223020417799669 0.0731855335420399 0.212093061213585
0.14776697483925 0.321032166563457 -0.0451480092525036 0.0665320356471529
0.165785756147709 0.222798871076755 0.0862259999218201 -0.181970610835226
0.192601268642549 0.145089649101014 -0.0653643217217987 -0.37198011964438
0.224215267928201 0.0261505045152646 -0.259755972465402 -0.308466279175631
0.199363141807278 -0.104803809228326 -0.321358621412399 -0.129504202525669
0.112821188806501 -0.176362233627636 -0.29143659856108 0.0202832850115787
0.0432308999631809 -0.197615625258347 -0.194913465910173 0.0836519131367754
0.0119183701435373 -0.225281907733801 -0.0575999563491047 0.0871089870009041
0.00841782962627422 -0.241007424360579 0.0464402200248192 0.0425074547093914
0.035621592021584 -0.273931732816234 0.169380682536982 0.0236029664708639
0.131079015261391 -0.28613443465286 0.261588163342411 0.0792572522899175
0.260603860854307 -0.190604370764581 0.237765519586247 0.257682419783602
0.340829747716196 -0.0350001322888439 0.0915459966430577 0.37360674959775
0.341967870107762 0.139784509062154 -0.0534179393007114 0.301602333721403
0.270783171712724 0.292904110536844 -0.00618454730690693 0.109831204781241
0.130460253929525 0.362641365480554 -0.0881703860251506 -0.0809276649044187
0.194607099640569 0.289855423998236 0.0512587677089463 -0.267583002665731
0.264075717446049 0.183850614152667 -0.0684437585180317 -0.410591512491308
0.287114038722609 0.011844633615189 -0.216606016100741 -0.326296323189961
0.233044564790049 -0.132147537378566 -0.26201563427906 -0.180944497277448
0.128721375589062 -0.20319131046141 -0.250181255211437 -0.0542162472575436
0.0556231954476125 -0.217248804831218 -0.172562054980643 -0.00287534952105825
0.0336654493160206 -0.233199272418438 -0.0492253439504923 -0.00337811174034382
0.0346320390148237 -0.241443216075044 0.0492882244827828 -0.0488866431817727
0.0615908316367881 -0.266795107452162 0.179041386162323 -0.061706583806398
0.149712531616489 -0.270688012079981 0.291440011604451 0.000125513247710486
0.269910595330332 -0.173101202398968 0.281204203440211 0.213571945985136
0.352811998546856 -0.00578212055967114 0.0966369426853059 0.356224911439834
0.337352718241231 0.189966460223157 -0.0959007678511648 0.264201422565055
0.232102937592389 0.327826246819611 -0.0748614251081487 -0.00679294363081504
0.0940750991520618 0.340580263307902 -0.137344310837251 -0.216359352342762
0.183523405555989 0.300126112607743 -0.00111887157056955 -0.332342758501015
0.276899879088465 0.185049173827095 -0.0719845122633377 -0.411039655931491
0.288022879964311 -0.00248370855515747 -0.15259969858454 -0.324176929484016
0.222050631956271 -0.131171012750492 -0.190916849993197 -0.234956247143456
0.121490851129386 -0.194142138990539 -0.203890151050077 -0.135434955762873
0.0568176707674777 -0.200515085668105 -0.147136051279055 -0.0923125535962267
0.0506321323977318 -0.204184975900875 -0.0335526715310154 -0.09212214759166
0.0581334215463596 -0.204796670039706 0.0642263764681221 -0.129546529204185
0.0852425748771878 -0.215939682621363 0.200106180956094 -0.125307834847385
0.160681839686879 -0.203793944606705 0.31620029377976 -0.0469966302758949
0.252467793627687 -0.108451824366977 0.300370333686137 0.184992100808959
0.312317743729855 0.0508092288807031 0.0848392926806837 0.324429393075883
0.2710688748622 0.23035132356326 -0.123624272503054 0.205158789872714
0.15002951479742 0.320616868599083 -0.114014518342094 -0.122944909842247
0.0383528106805797 0.260772773579446 -0.181253565208222 -0.312289650459101
0.132238336439406 0.25304408178501 -0.0515060026894941 -0.361094725421541
0.225571571381973 0.146246027009237 -0.0668681817571832 -0.384060866145169
0.219889200426453 -0.0105264215216621 -0.0854071140267742 -0.315146758493781
0.16461629786353 -0.0964235677647429 -0.12874355765774 -0.278693863111278
0.0937972889902035 -0.143779360013811 -0.163256784443836 -0.205795026547857
0.0511557464003355 -0.14886318366742 -0.123943856215615 -0.168325727631344
0.0596147818682703 -0.144393703656363 -0.0144839654340075 -0.164390548728634
0.069434340882411 -0.140926019516064 0.0906752286599552 -0.188367121575471
0.0931147937378584 -0.139233334395244 0.23330351590702 -0.156944764300464
0.146637618080456 -0.115797381334464 0.340607264375499 -0.0548921867864153
0.203841881547259 -0.0363858380880846 0.302790536252399 0.175991381921907
0.233378355254364 0.100669360860108 0.0717116873053558 0.281675816128226
0.167363073197609 0.239978962383616 -0.121552517858155 0.135592163473575
0.0503172200594711 0.268036162389931 -0.110744863715472 -0.222419836722105
-0.0339586159990956 0.143103108733901 -0.206027773094365 -0.350999112754836
0.0495601089610261 0.166059016054706 -0.0776212232702126 -0.354338219992625
0.12292251814052 0.0845029002146517 -0.0519752671009086 -0.353336274943104
0.103792472055918 -0.00384695948964533 -0.0442767758446354 -0.315288218131801
0.078980690300641 -0.0285461111786543 -0.100272501288531 -0.303805518930829
0.0563257331866665 -0.0613844930712984 -0.14068967022774 -0.244733050307315
0.042061509628476 -0.0700224152665894 -0.105509200426336 -0.214508747422619
0.0590568044274063 -0.062621865572188 0.00662794735954388 -0.207649395693097
0.0620553578881784 -0.061048376531664 0.121051495964014 -0.21796935529492
0.0728957659724825 -0.0551516904437967 0.269094847687858 -0.159116532233028
0.101406485925336 -0.0383457703764779 0.356669576933564 -0.0352183299633634
0.131318014395921 0.00405889569521566 0.29429837392632 0.179390029377293
0.14472451073113 0.107074768152195 0.0703324730243107 0.239765214089629
0.0624041081811458 0.200491117386112 -0.090478962343754 0.0781994898962914
-0.040782322618673 0.170872983968286 -0.0739526653489674 -0.28382508748559
0.106847114927848 -0.0245286696193172 0.0282027818890485 0.347294466699063
0.0100576659324216 -0.100216313068358 0.148319318803677 0.00910496235637233
-0.0580127201362443 -0.0604732779422303 -0.0112061416645321 -0.239199837061705
-0.03236420953578 0.00331587409241291 -0.259260667886845 -0.268214156378924
-0.00452130682609618 -0.0119567356337508 -0.378359038359114 -0.0639976852333933
-0.0148669433478047 -0.0158374252112235 -0.329452682813346 0.120812429758569
-0.0334221906824337 -0.0182391326483481 -0.218143315907464 0.216115604693525
-0.0430731623639109 -0.0323075645168426 -0.0697861332530799 0.244903710640805
-0.0402162024953696 -0.0411865906365919 0.0319494628208072 0.24408693680198
-0.0186930185692294 -0.0560041508211727 0.0938045875306889 0.264034457649728
0.0195312262471277 -0.050190985669439 0.0622874784955867 0.313660533975538
0.0353249461794354 -0.0166815706377514 -0.0149000623862593 0.345567583237223
0.0151834067466245 -0.0364386153326771 -0.0296225889306151 0.353360591656154
0.0624936684996936 -0.0614397622421782 -0.0101852238869539 0.374317911896601
0.128353020561622 0.0149770450509153 0.136466381661803 0.377542904439322
0.124131068058128 0.113886996355285 -0.0174007812956761 0.298084022235702
0.0569206676232424 0.00941116852726012 0.116219803045089 -0.0171396361696364
0.0057242667192863 0.0100754482058775 -0.0269606866438909 -0.260221919199682
0.0403326155904943 0.0287417806828276 -0.253408333190447 -0.279500002653495
0.0694678687974616 -0.0292819152241832 -0.368499359986302 -0.093805054568967
0.0418483768289873 -0.0670437793781853 -0.337394106613809 0.0876324789586908
0.00556255740337329 -0.087595427334609 -0.231633409566723 0.186858607644188
-0.0151837936355803 -0.117340409685444 -0.0805331966320837 0.215727380708468
-0.0118863827852874 -0.132177568473158 0.028747415703833 0.206943781494317
0.0219173139724727 -0.155777711527176 0.114096274431745 0.217308965281167
0.0989646428306546 -0.146137115376711 0.120094985076731 0.274842821910259
0.163978886609231 -0.0630118737976187 0.0423215903375629 0.348702350582104
0.160412934613203 0.00494318875763845 -0.0167762966540514 0.369714455234988
0.17422236866822 0.0496331663511388 -0.0296735565507564 0.343991212225401
0.187865312090277 0.152780383786849 0.0958740897696007 0.318413007994337
0.121597164517559 0.241213973221755 -0.0489232133570893 0.198991571370224
0.0977216050680851 0.132998925422592 0.107143506986667 -0.0820376636775525
0.0849434225890238 0.0936781693746325 -0.0322674052678175 -0.315705111152287
0.127371999717302 0.050708998671324 -0.249273833450116 -0.305663682405743
0.144849203243819 -0.049218931830806 -0.348060700417536 -0.124437856248822
0.0958110898589359 -0.116140601418325 -0.325090304749602 0.0469381116329967
0.0431510970437554 -0.147787245584147 -0.227313487535752 0.135617465928383
0.0153305579715019 -0.185011548988892 -0.0803330927806442 0.158223796530601
0.0147562041794328 -0.201639226601353 0.030386536134785 0.138445538394628
0.0500406754669679 -0.231655006534963 0.136765527577029 0.139857286207712
0.146847173340086 -0.226919693445141 0.185984314434224 0.202121570273768
0.249996472535094 -0.121206462529097 0.122398222870714 0.330864318716218
0.280551559786027 0.0120142066448228 0.01102326551978 0.38156178800763
0.269799850878818 0.1316165278481 -0.0594526693331062 0.316064832130576
0.226943277672084 0.262815569244302 0.0404963475602335 0.225413126293375
0.109210148335203 0.335625296841783 -0.0752607061254344 0.059445214004881
0.134383511062728 0.244914121185235 0.0994098430670826 -0.169763007454335
0.172464715062697 0.172277915439717 -0.0318512402054451 -0.375788416693193
0.219920256279896 0.0583837498413268 -0.230501370845567 -0.332191012060473
0.211489207541211 -0.0749338260243336 -0.310074946956791 -0.160968765870063
0.136946973154212 -0.157811735163833 -0.291714249408273 -0.00705432660172655
0.0709092828846924 -0.191399267077985 -0.206747906597432 0.0662889160461473
0.0433529950429095 -0.224374852625055 -0.0689582582066959 0.0793294319234059
0.0413867262813097 -0.237628740790528 0.0373320381397177 0.0506466033702716
0.0731802044036838 -0.268214160411391 0.157842557058141 0.0479580692364905
0.171915366163645 -0.266258404409536 0.24103134556546 0.114833823512783
0.291959390910259 -0.153718330618151 0.194662890514312 0.294329339412279
0.348925899795993 0.0158446308401733 0.0350584142401782 0.381733784380332
0.321235991904946 0.191037960052126 -0.0963096266460392 0.285585382255019
0.226417261701979 0.334261296413175 -0.0228779012172797 0.108772862164266
0.0872424844689897 0.375587348694474 -0.102912805251728 -0.0972509207378805
0.153987559375947 0.315961784548894 0.0724177735353174 -0.26180758671853
0.237375952089114 0.22153135595498 -0.0341527969217993 -0.412643743599087
0.283553665878537 0.0539326599363014 -0.187874489637909 -0.342794081960488
0.248919099791958 -0.0968731556507469 -0.245696806001378 -0.202412048639874
0.155016002321762 -0.182131302950024 -0.241462018338106 -0.0750966592899458
0.0854884363971698 -0.209114752233212 -0.175293700432405 -0.0174122437698215
0.0655759062365869 -0.22931466514857 -0.0483256735743651 -0.0105344460939553
0.0674966013621669 -0.234381534553354 0.052748856024336 -0.0411472000502661
0.0961184459574353 -0.257504310802347 0.179958305853713 -0.0372632456737168
0.18642022012963 -0.248766322819775 0.282291921067241 0.0386142133507387
0.297529167021655 -0.13457605766083 0.245075787128155 0.254678162081904
0.355712424732368 0.0463712988157985 0.0440962894941253 0.36469186843717
0.308189954044982 0.239760993653607 -0.131190908462808 0.240191266075521
0.180662695257701 0.363014163237784 -0.073498523392228 -0.0203093963177065
0.0539978997043822 0.350639950881819 -0.133467509163355 -0.241419079295279
0.142303933542683 0.324683991503641 0.0268028073507779 -0.334671367426098
0.249970986037902 0.223716595419299 -0.0385167170385199 -0.41405733748358
0.285767461595374 0.0397033321179232 -0.12445459686407 -0.332228084833375
0.238568981752656 -0.0979071005962317 -0.167646609663452 -0.246153954819734
0.145557200665102 -0.173648800109033 -0.183939158659013 -0.151455208075117
0.0836901377001296 -0.192865820059784 -0.139609670885009 -0.105656573861637
0.0792878219668725 -0.198325077900398 -0.0212133867919175 -0.0976106551883306
0.085442700572672 -0.196179770521427 0.0785812078674647 -0.121271212916688
0.113668208125571 -0.204105574795513 0.211105746156843 -0.0983320978918497
0.186977677228938 -0.181347994055684 0.31529701901575 -0.0058543228625356
0.270160103034745 -0.0737500740860077 0.270460311917287 0.228497184754276
0.306802755203838 0.0971343745088268 0.036743298225337 0.331857932257387
0.234798967579305 0.269473688612713 -0.148594701478022 0.179380998069351
0.0983840071819847 0.342381585127199 -0.0950159848804156 -0.143668177971269
0.00826359635253378 0.264268634530232 -0.15922458374115 -0.34455546516001
0.0981584616878509 0.269575049036251 -0.0180728517745044 -0.372575069040805
0.203320720534927 0.176668003690434 -0.0332537041041849 -0.387028358838652
0.219645091838064 0.0222076398326172 -0.0557662978331081 -0.317673530691537
0.177758185412113 -0.07155930951181 -0.099249103400119 -0.285742227369632
0.110777480248874 -0.12729318226581 -0.135513007286748 -0.219015615954384
0.0701054715831891 -0.142148310607794 -0.106771123425498 -0.181083988394
0.0805442663639127 -0.137999828615415 0.00722982362388493 -0.166612419426583
0.0878367205700593 -0.131695526894782 0.113536165115429 -0.17656978257774
0.111078031903656 -0.127171811193003 0.25020536876606 -0.126250136945664
0.161463027011681 -0.0963189142100174 0.342757651255179 -0.0103515728962297
0.210798027907211 -0.00898732681221838 0.274795841059064 0.218881535942466
0.220014898229843 0.134492187509472 0.0302843784815527 0.288585790394635
0.130209319914405 0.262156740885614 -0.135234873114421 0.110827463323998
0.00546382603981419 0.273838040393736 -0.0771962018960789 -0.242915947176337
-0.0489531590733819 0.138311734807209 -0.169724730674655 -0.388550941736072
0.0284492912855369 0.171729486860157 -0.0398088695322045 -0.371561244964762
0.109118596571397 0.101657896806691 -0.0159559230286654 -0.357975591343388
0.103792576330349 0.012112642989775 -0.0102090928658349 -0.316397233025778
0.0838614388595331 -0.017509382468931 -0.0654416865355815 -0.31147373308542
0.0618808651101619 -0.050196856923575 -0.108564705088711 -0.260751636695257
0.0502883335347805 -0.0643828874466701 -0.0828092023020716 -0.227284797664777
0.0688410162562666 -0.0562113586517344 0.034419230690314 -0.207408694346016
0.0695874362794688 -0.0540462219059562 0.149419496121874 -0.201948911708208
0.0801162394051471 -0.0466795757757169 0.288343182318821 -0.123639088056395
0.106900429161513 -0.0265558030764853 0.358035346353632 0.0137302685456728
0.132497187979671 0.0202966457686777 0.267077410697249 0.221642150905582
0.130828705283108 0.128342429070127 0.0353205572364812 0.24805129799662
0.0316826119316811 0.207174505732129 -0.0959572124167244 0.0617836489480229
-0.0708499659576586 0.16276226891025 -0.0313418471956777 -0.298295171586019
0.110553387991715 -0.0278718409878035 0.0394228057001924 0.35861619000871
0.00976093954293257 -0.10296626333538 0.155162682992444 0.00547529159386579
-0.0598093210580295 -0.061459977257574 -0.0144511547269759 -0.247415776949528
-0.0328555852777124 0.00299164618034059 -0.273676870113432 -0.272224556765593
-0.00556635176636722 -0.0144250863984759 -0.392752477134113 -0.0603430767654522
-0.0154819909777585 -0.0168983073833743 -0.334304970732094 0.133305186602717
-0.0349787383607741 -0.0183417664727128 -0.21798985468109 0.230661958394159
-0.0451035111140923 -0.0325948711504891 -0.06571604724222 0.258874249131374
-0.0430274516733265 -0.0416742549102945 0.0388429170680324 0.255544980318698
-0.0212776934892477 -0.0579117469228532 0.101319906542637 0.272829516739258
0.019888838245385 -0.0539198333534483 0.0701062417410769 0.324834351405038
0.0374761035883144 -0.0191162784252452 -0.00949653297475271 0.360132803443471
0.0166334720483439 -0.037675387828177 -0.0248302237727055 0.367757532819209
0.0638982821178402 -0.0629713047108979 -0.00483975967683276 0.38988996565745
0.133522492062253 0.0142372844844134 0.145761901160582 0.392629011650604
0.129772699590827 0.114411991280799 -0.00757264228324314 0.309858567207922
0.059581519790603 0.00969582702355607 0.123092760063558 -0.0198073713011733
0.00689854603689597 0.0110509736687561 -0.0309255767548945 -0.269897560385934
0.0428389298994849 0.0284409525358686 -0.268037947794083 -0.284987995337581
0.0702969369336058 -0.0336418427485211 -0.382476646712328 -0.0909886391423182
0.0418388754862143 -0.0710993725440349 -0.343471256482751 0.0984983061740862
0.00358796209549511 -0.0912044457107012 -0.233703819514248 0.200289930923969
-0.0184537839490786 -0.122533029636113 -0.078295507578375 0.228965695057108
-0.0163632281672309 -0.136863693774945 0.0347163204934844 0.217297508224346
0.0171470451908491 -0.163260161817108 0.120760785670842 0.225169428533717
0.0992955956394021 -0.155376364484082 0.128170038077659 0.282343937991491
0.169307272525441 -0.0697932068583848 0.0498033348464378 0.362224725170316
0.167829185307617 0.0026920758272408 -0.00878613772439476 0.384269227216271
0.181694772533024 0.0502816673944231 -0.0249844401333602 0.358840413395297
0.198825140235207 0.157809460266506 0.105166679293613 0.332333257328345
0.130772386884083 0.247070692220151 -0.0421167353995419 0.207343112433364
0.103839208531553 0.136548284185927 0.113941321924139 -0.0856375798278174
0.0898911731743112 0.0976008837674327 -0.036477260369967 -0.327452069672648
0.133066340809903 0.0495534785265171 -0.262692570564273 -0.312474723379527
0.148371688458185 -0.0550853664944367 -0.361905324294488 -0.123330276558157
0.0959483727828996 -0.121835649056992 -0.332600237048721 0.0555785447298976
0.0407545907258843 -0.15468617700975 -0.230709332945545 0.147824353637004
0.0113038752620607 -0.193413469269657 -0.0790805755583369 0.168833174259145
0.00972341275980858 -0.210220674476701 0.0347987515745582 0.145668292379699
0.0446420347509948 -0.243562981474113 0.143354263317176 0.144005516933693
0.146126600373502 -0.240372356625254 0.193510099307222 0.205075475498369
0.257314416918098 -0.132594680847793 0.132544299466823 0.341233457823615
0.291758008379498 0.00775312880641232 0.0205084336718614 0.397360280557674
0.28237190694784 0.132721468473412 -0.0542204811585442 0.331749833400702
0.241158203458081 0.271445971494175 0.0462557964621588 0.236435090281193
0.118885668990075 0.345101665914501 -0.0718104619888474 0.0630670808696489
0.14415445510295 0.252450355575598 0.10571848387775 -0.175595615794316
0.181977400840913 0.177036805707074 -0.0374074371893632 -0.390427299794585
0.229066493704836 0.0565945681751375 -0.244128047462098 -0.340307014927793
0.216509703023062 -0.0839108644887679 -0.322635213301683 -0.161228182007294
0.136563312118114 -0.166513900573448 -0.299656596175774 6.05578793919355E-05
0.0687819478300613 -0.200646065557918 -0.211102424823047 0.0749785841866808
0.0397748290744911 -0.235038561182575 -0.0698732039729338 0.0854884196160065
0.0363983428785585 -0.248468631814236 0.0394860048433977 0.0540564673591347
0.0671407600745253 -0.281823015722611 0.162452421331553 0.0483571837419002
0.171271474607614 -0.281090452075455 0.247998564256311 0.113227207305033
0.299501669486902 -0.166357836724303 0.206641487537489 0.302105196867968
0.363243657771986 0.0109449764381279 0.0463155705210732 0.397612609273976
0.336252573836 0.194282714413609 -0.0915640769303411 0.299474765218508
0.24242043680117 0.345948637349751 -0.0195195462437747 0.115555990333073
0.0972498863271659 0.386950413829018 -0.103763032091002 -0.0995145559083805
0.16633538556466 0.324717825755466 0.0752028130542277 -0.270427718528063
0.250160289462523 0.226541992693355 -0.0408105332532637 -0.428135444717743
0.295174255976901 0.0491200649617897 -0.199880609131727 -0.351907687796726
0.255912133147033 -0.107520222214435 -0.257341281735657 -0.204778814869434
0.155194770873995 -0.191511921893579 -0.248884296715169 -0.07233397529387
0.0824406396964023 -0.218967814032534 -0.180311447992477 -0.0131881129750383
0.0634400029574472 -0.24116243127872 -0.0514439850573719 -0.00908714937036144
0.0634520517473652 -0.247043548613094 0.0528975919276869 -0.0424507296408085
0.0924444065676687 -0.270893832863146 0.183667563498697 -0.0414418103638013
0.186415183467616 -0.262783826169015 0.288554434770088 0.0331193467401892
0.305821841952058 -0.147193375729772 0.258426028021791 0.260243390715681
0.370096445772384 0.0424154644409244 0.0542221041342315 0.379486607226344
0.323487140227872 0.242766877547812 -0.128645604749987 0.253075713494121
0.195335206624188 0.375566191906029 -0.075787511828782 -0.0178264555091857
0.0628834407102786 0.36124199608266 -0.139029112676815 -0.249942620211569
0.154171782661249 0.333629167683097 0.0260651418833215 -0.346708371955365
0.262623650571281 0.228564306778463 -0.0450946827953026 -0.428089704634841
0.297110868061849 0.0352915535563691 -0.133331280815523 -0.342877375355861
0.245111023005167 -0.107844997069816 -0.177135110630786 -0.251654365733361
0.145874801133515 -0.181710764600377 -0.191881601249439 -0.152830492579426
0.0804519886659724 -0.201921729802121 -0.146215714168622 -0.105215991834505
0.0775589391276511 -0.210376270819301 -0.0256810515060523 -0.100834117787186
0.0842443795805321 -0.206584511961309 0.0770283552540368 -0.127082909705906
0.111744140936767 -0.216123316606258 0.214852149337357 -0.10560824473456
0.188590265991637 -0.193334612670854 0.322241872152538 -0.0131570424434935
0.278174968571526 -0.0825701677949313 0.283520471444746 0.231154193447904
0.319130501420666 0.0963738888583261 0.0462123197855733 0.346428525877728
0.248737860037813 0.274810819939675 -0.147656125197322 0.189663712946831
0.108973965684708 0.355555424372672 -0.100851921624244 -0.145982376977911
0.0152445628952573 0.27317214199814 -0.16971729080518 -0.356654237986729
0.108333815050618 0.277050461202025 -0.0221449995849295 -0.386650303496177
0.213369523256762 0.180292536603638 -0.0408600067764146 -0.401204673843013
0.227914290238956 0.018239684613066 -0.0631103272895211 -0.328365185476815
0.182722705979236 -0.0794340888698928 -0.106389118711133 -0.292816332692234
0.110353027663321 -0.133569951622212 -0.14354179093838 -0.224554679685626
0.0679122859946547 -0.148688812168684 -0.114780271145717 -0.185083719405638
0.0803161879533898 -0.146814241060559 0.00214201852205076 -0.17451887307589
0.0888490822546441 -0.139084139351518 0.111372118615637 -0.185023194555329
0.111554982216628 -0.134772047660597 0.255386859307308 -0.136180562371661
0.1637720672228 -0.102774890264625 0.350995886076792 -0.0185744609373451
0.21785309445734 -0.0137923890043556 0.288487477443847 0.221689044257457
0.230378977391663 0.137070824359237 0.0370939409471907 0.301615942948594
0.139196195095851 0.269681554797322 -0.134829562411934 0.118492113012546
0.0116013433483439 0.285883570033965 -0.0854757999674284 -0.248692005817382
-0.0467469972135141 0.143415127665816 -0.181717678793605 -0.403927524914171
0.0337850197343458 0.176214973130893 -0.0473649290510259 -0.387000355183956
0.113527450390626 0.104004903626493 -0.0218274792099488 -0.371290679770097
0.107486634177485 0.010833123299175 -0.0159693542239168 -0.327781231174933
0.086970598434759 -0.0208454548006197 -0.0731030891368357 -0.320290518917645
0.0617981615138387 -0.0524542563446651 -0.116584261284155 -0.268877696546675
0.0494667390353656 -0.0672183876780406 -0.0913018355595355 -0.234438781538447
0.0710327765242461 -0.0613585615299151 0.0288055430774792 -0.217677716971012
0.0718845571618578 -0.0570013638675273 0.148063888855664 -0.212859309968823
0.0826548175545213 -0.050085905875812 0.293994905100908 -0.13537022803837
0.109543307170279 -0.0297406924443173 0.368007874963499 0.00543574383199152
0.137176217838047 0.0186683928140538 0.281128922563644 0.225019611744003
0.136282591113679 0.131524125453983 0.0410996618986684 0.258754224575756
0.0360317916984763 0.213152692845409 -0.0968380761115146 0.0661935982143518
-0.0703336451011676 0.169901875008195 -0.0402277796336662 -0.306723404994983
0.112626808759096 -0.0357449640453185 0.0665930107751702 0.369378684219004
0.00503406040787282 -0.107407434981527 0.163965900837496 -0.00318946716345276
-0.0639539925350358 -0.0612587392004888 -0.0272959143696821 -0.257562982106277
-0.0337802078965682 0.00410910726642049 -0.301829141315821 -0.267727726624093
-0.00789742296678206 -0.0165438978811069 -0.412047063500871 -0.0413386699361906
-0.0175466556349739 -0.0177538495863613 -0.33644826860185 0.156289554266888
-0.0368453116452467 -0.0168611085012612 -0.210242032690649 0.254723029582982
-0.0487933133447613 -0.0314101087256262 -0.0501595943204112 0.276852919703999
-0.0480199392174345 -0.0398114888780754 0.0568108503926467 0.267461992336457
-0.0271566931295265 -0.0586550165967612 0.12045240969066 0.280522564448067
0.0178440860662117 -0.0586066188422519 0.090116087861748 0.33592175722506
0.0387114826179782 -0.0233819045261989 0.0114993690969597 0.377952562482912
0.0159496337538787 -0.039997115784138 -0.00584834581820086 0.384185858594375
0.0632220597463659 -0.0668206623981569 0.0140305669164918 0.408238771737176
0.140044268784406 0.00747595184095328 0.171527544513413 0.406183253092957
0.141464596842687 0.110931948001261 0.0149820852317086 0.322113058264708
0.0628267054578959 0.00735637402756937 0.130390977157578 -0.0270790281866466
0.00894129752912769 0.0117186141478103 -0.0458473223634213 -0.280694320517965
0.0467509455487614 0.0264699624255457 -0.295379242083454 -0.282388509597963
0.0700165559935128 -0.0404651916085446 -0.402845994773391 -0.0743270674500951
0.0386730488467716 -0.0775757381397167 -0.348373007390206 0.122308567583705
-0.00199681216034468 -0.095269283160736 -0.228618747494184 0.224445099618314
-0.0266987078456719 -0.12747995363392 -0.0658755143853947 0.247115033001631
-0.0261856505320239 -0.142467729669609 0.0492826080690871 0.228434952518661
0.00695723538965064 -0.172271965370106 0.138319518157976 0.230013287440145
0.0938517704429682 -0.169261141505782 0.147358064291629 0.287585931096161
0.172908570812374 -0.0843190442469696 0.0728618403344362 0.376139258409549
0.176337742094683 -0.00742054734422199 0.01338773005946 0.401890846493993
0.192719656517246 0.044185397443331 -0.00494548112610804 0.378022220000209
0.216952563864818 0.155555142227749 0.128270906682629 0.345062235828746
0.149243736972935 0.249759665501507 -0.0269125320585359 0.217635251215182
0.115930691471299 0.137307483931015 0.118666922280091 -0.094191492249228
0.0997178380331135 0.097356952259511 -0.0543114041960045 -0.339555110066075
0.142320341984439 0.0438679083891304 -0.291673489085787 -0.311833433295471
0.150378361034595 -0.0674952764508143 -0.382360531773873 -0.109259781097842
0.0922009829193384 -0.132802285493497 -0.339365069898781 0.0768587619681297
0.0325462079724671 -0.16404672832656 -0.228563461829573 0.168366075685944
-0.000390581887802231 -0.203791930885041 -0.0713578513846727 0.183902596356174
-0.00317832814227908 -0.220298204577149 0.0452185211613589 0.15276578120263
0.029361143681832 -0.257462858876903 0.156766091825757 0.143872107944754
0.137360080266849 -0.261213217485695 0.209941068591073 0.203428102293037
0.260345313180313 -0.154582971257422 0.15682270391477 0.349532194859107
0.305787666521995 -0.00858148685234831 0.0460873186951785 0.413721984583921
0.302058225903743 0.124474641034042 -0.0369319943587357 0.349756572673407
0.269234064493328 0.273009052759539 0.0626388792579253 0.247168040685025
0.142785902811671 0.35143034219425 -0.0659962249133518 0.0693401844570882
0.164287972416004 0.255323732672541 0.105854109869485 -0.187506055999422
0.200274488019266 0.176808629819748 -0.0582868558386133 -0.405944836962047
0.242563712747906 0.0447500571610472 -0.273166101628001 -0.34214044303924
0.219887546832189 -0.101582689395891 -0.343520124034157 -0.150149991067509
0.131937119003053 -0.180877338402212 -0.308898548262913 0.0168521812718599
0.059231409180035 -0.213345727545813 -0.212925517052839 0.0908598367065255
0.0258104449719338 -0.250339923082032 -0.0674015857200437 0.0953362169522702
0.0216061956403094 -0.263144361581098 0.0439985914209763 0.0560243217730039
0.0499757178677205 -0.299598336263193 0.171205646617136 0.0435273998016707
0.159760598130126 -0.305357867138496 0.260702997818328 0.10450248090542
0.30227503225802 -0.193104153603033 0.232703523363045 0.303288331905003
0.379547891379442 -0.00866635142941783 0.073161606333906 0.412676112782487
0.362927554183522 0.184092048722207 -0.076362929218229 0.318662287916248
0.275157304080248 0.350601325359672 -0.012617107261675 0.1238957941035
0.123019937825371 0.396061098368586 -0.109137956980333 -0.0985196914140652
0.191958383182825 0.329121667893014 0.0694668325072257 -0.284325603265199
0.273362778862676 0.223807450487834 -0.0647882798495573 -0.444625773661162
0.311047329222623 0.0342047944011433 -0.226354385544108 -0.355835131975709
0.259130149357643 -0.128987211902055 -0.277910747985549 -0.199606589571189
0.149312674205384 -0.207444387720378 -0.261603520427449 -0.0617317275751758
0.0720172361551754 -0.232809231574743 -0.186450606578772 -0.00240008339938564
0.0505095846000208 -0.257542709356042 -0.0547268550193635 -0.00539901671303851
0.0503465296846601 -0.262142725974137 0.0512545997764174 -0.0461827141930796
0.0763253697753849 -0.29029845651805 0.187786714387968 -0.0519020235317999
0.176626794501046 -0.28663516524799 0.298106064705033 0.0179919389187199
0.309568969167049 -0.172326917798529 0.284018923835513 0.256895819167833
0.38959367132771 0.023691001729458 0.0809795801940678 0.395585864846257
0.351805530883966 0.235322278896423 -0.116449392757734 0.272198982028824
0.226794037475184 0.38349650931269 -0.079144267732133 -0.0126530160135119
0.086052462358685 0.37162892054465 -0.15548038210158 -0.254353409579414
0.181118908032272 0.338331746531903 0.0123898967273664 -0.362548846858813
0.286986114857375 0.224228342927472 -0.0694890774791468 -0.444925122102677
0.311922793499129 0.0186014668504266 -0.156460757687115 -0.350415796986666
0.248951925178771 -0.128277035520632 -0.195999729441081 -0.253003733740841
0.139890298274734 -0.19728342271806 -0.206878788657198 -0.148954301662354
0.0712026482571592 -0.215200243365691 -0.15758073927403 -0.10121961275333
0.0682010189878988 -0.226252941767912 -0.0342887589827706 -0.103547222539831
0.0744096089979989 -0.221640295848561 0.0710623709975822 -0.135456985376529
0.100808140018366 -0.23347662021162 0.216294916136052 -0.122429246496413
0.183319663859674 -0.213243209391793 0.330638120692171 -0.0327352833470074
0.284934042099762 -0.103617708283675 0.308079915814469 0.224766107628677
0.337788483313315 0.083794640817244 0.0711829166276381 0.36149392216797
0.274306543909491 0.27247878676078 -0.139989746312302 0.206258996982377
0.134916990544293 0.366627034269146 -0.112919779883145 -0.145272764505364
0.0316339837665344 0.282694828606436 -0.194907752624837 -0.365383699338872
0.129708834021963 0.282109439429083 -0.0414030521605823 -0.402061842747356
0.231789032081551 0.177238921057203 -0.0633941770709546 -0.416409893504599
0.238073881774981 0.00571691660853959 -0.0822458591509321 -0.339325397994924
0.185660770541927 -0.0945827187507243 -0.125326430123182 -0.299034843432774
0.106087733465287 -0.14381783046686 -0.161286510690639 -0.226560764621181
0.0608139549435307 -0.159037619607686 -0.130525953051234 -0.18608527366331
0.0754284014117089 -0.160228708487013 -0.010417688789192 -0.182617492269536
0.0841603741642007 -0.150658854089726 0.1031011789527 -0.199983096133625
0.106896368715478 -0.14775488012879 0.256552736016972 -0.157384978011361
0.163876664749309 -0.117676187667614 0.361589867112707 -0.0407579770661191
0.225685831224533 -0.0272754833440743 0.313033202186519 0.213773889615735
0.246386869564943 0.131448633327019 0.0580217275878865 0.314494300941556
0.15929880265945 0.272677683728168 -0.131593089922445 0.131807812606392
0.0283162591304613 0.297430863725624 -0.103896069349203 -0.252494869320611
-0.0399773714525962 0.151099918396522 -0.212129353815054 -0.414363714631886
0.0464162698946979 0.180401154138846 -0.0700454564251835 -0.401771209614411
0.122817469274711 0.102521291498268 -0.043259479097827 -0.386645566599371
0.111745910180321 0.00500521654734553 -0.0342425810495144 -0.341699828864197
0.0894660004845662 -0.027282280785116 -0.0919619967690297 -0.329483682205245
0.0596987269043353 -0.0563192304396476 -0.136829255114349 -0.274230583225135
0.0465078250362483 -0.0724597499645578 -0.110155317562314 -0.239284756850676
0.0709634131775102 -0.0706534445396144 0.0149181237832018 -0.230886164078448
0.0726543888536005 -0.063486058297098 0.139028132315056 -0.230560593809267
0.0827808712251661 -0.0571499873802543 0.296574533520903 -0.158652579752089
0.11210920237812 -0.037757172977472 0.381243515272971 -0.0171575925727341
0.142365393540468 0.0117811169962945 0.305863716414156 0.217628740237524
0.148427989562432 0.130466282532619 0.057743023271391 0.270542551455497
0.0486954296899673 0.219004048697848 -0.0959998317840341 0.074586005223761
-0.0639979141545297 0.181006017824372 -0.0610212591742405 -0.315348191972755
0.110936976384994 -0.0468669666964714 0.101244756726584 0.367098621486942
-0.00326397558231991 -0.108741790381169 0.168231227165277 -0.0185603278722203
-0.0693110171624817 -0.0573123927078767 -0.0463678319793375 -0.260224974795149
-0.0340057453206693 0.00632181015259067 -0.327300134005801 -0.246707260281165
-0.0106929689480401 -0.0167745395097389 -0.420290057644168 -0.00800393680459309
-0.0197286843575879 -0.0180013232286567 -0.324524166240388 0.184329334618287
-0.0382931191624521 -0.0142229904587231 -0.187464079187933 0.276421291028364
-0.0524714016529214 -0.02855140578803 -0.023379992456939 0.287910732641322
-0.0526167117984922 -0.0362574637615299 0.0825384347272906 0.268686886076177
-0.032806656476651 -0.0569218760719199 0.145455901705257 0.276271054366375
0.0127740055870203 -0.0622650490874763 0.118722470709363 0.334137569597763
0.0375445508665396 -0.0281606346524271 0.0423879764370434 0.383144386311014
0.0141390907498891 -0.0416109052637562 0.024092073678211 0.389410061490321
0.0586501649563279 -0.0703682946715014 0.0457376032048396 0.413202679324125
0.143248207176783 -0.002856384631025 0.205960693135251 0.40275501785474
0.151210146407194 0.100960731334806 0.0465251084134759 0.322988994272117
0.063578463197819 0.00318150779510462 0.134254847450187 -0.0389685479625094
0.0105806154177842 0.0114572429214772 -0.0666631186168957 -0.282345723731103
0.049925671612657 0.0227438111000515 -0.321346744763944 -0.26283309253671
0.0661786922978724 -0.0473881020439481 -0.413036206061289 -0.0433337360363509
0.0318291959695446 -0.0827473697931553 -0.339906980365028 0.151167881961629
-0.00926257109402469 -0.0966476336743645 -0.209450621677429 0.246722934803273
-0.0386647526891538 -0.127287576287608 -0.0425162620686333 0.258960300006477
-0.0400952089436301 -0.141995143618475 0.0713932205975873 0.229163171558242
-0.00951503352777416 -0.174705874854497 0.159155994522135 0.223893581484841
0.0799327493357372 -0.181746315940565 0.171064485920301 0.280812301161621
0.167987148265473 -0.101847570570276 0.104686485257623 0.375495874977017
0.179435089118038 -0.0212780033299871 0.0474453927092317 0.406028520879185
0.199587780158774 0.0316507594281328 0.0245810408635454 0.384861365299802
0.234413979445729 0.141019302311702 0.158299096831569 0.343626641905693
0.170139581492067 0.240112478943907 -0.00443472514957471 0.221541433153093
0.127450825443609 0.130369288247874 0.118446716147899 -0.105067916130874
0.109500672548152 0.0924564615279649 -0.0807141455804215 -0.342036058988527
0.14805895971661 0.0325863347088681 -0.321273210596801 -0.292672717667817
0.14489131163896 -0.0815728503794083 -0.395940152570871 -0.0803610525208362
0.0813320117766447 -0.142920676651863 -0.335134772388984 0.105318535061094
0.0194910082737119 -0.168799219122916 -0.214299241497682 0.191096062813113
-0.0190265071317434 -0.207857871088229 -0.0545468191933221 0.194650346809593
-0.0242877674445393 -0.224365896677085 0.059904182420266 0.153657333900354
0.00530624482691774 -0.264400234501046 0.170957264095512 0.135685659651439
0.115196251253716 -0.279135220728264 0.226823184708614 0.190353775825945
0.251383674737432 -0.179009472325749 0.188048386966771 0.341245281031053
0.310841763795896 -0.0328365572969949 0.0836125137273769 0.416484013888766
0.317556049502758 0.103665671109406 -0.00762489060426901 0.359084401332214
0.297617083640734 0.25665882661164 0.0852598781179866 0.247454483922939
0.171954357729766 0.344012966592449 -0.0559187234409544 0.074254485201388
0.186532200935712 0.245681822009329 0.0985798857480348 -0.198369238254085
0.217404015755431 0.164332958495852 -0.0899552416371204 -0.407595609651642
0.250163003642068 0.0254797251576931 -0.303194450162785 -0.32516828838232
0.212935595511855 -0.122690124107806 -0.359031229708351 -0.125319545054252
0.117668534306114 -0.194194298218827 -0.309662919087122 0.0414708941419589
0.0408871114813982 -0.221107441764041 -0.206328121202379 0.110788839749537
0.00385942746108923 -0.25705615547643 -0.0587309005249421 0.104746074017988
-0.00163290060506671 -0.269692476891377 0.0493727438868576 0.0547261455434648
0.0219399409372256 -0.308383883299587 0.176894336666659 0.0315702027974869
0.133909531178364 -0.325137706268905 0.269044500023434 0.0849821102963389
0.290091117901417 -0.222659373383454 0.260740018626579 0.288256050739064
0.386317139107877 -0.0397583341385385 0.111794727400929 0.413002248230749
0.383451393892586 0.157589400618065 -0.0491656481529162 0.329262763632892
0.310167263206107 0.334832395583202 -0.00110258738143554 0.127506468330145
0.156109013107116 0.392659674429532 -0.11486021685729 -0.0928001064928933
0.221699571460112 0.31777295447536 0.0534199674998512 -0.293743451793007
0.296973434394915 0.206556431902882 -0.10026709997137 -0.447109369813007
0.317431414028224 0.0074165711324889 -0.25705507170523 -0.342438475992076
0.251160199208583 -0.1533935349938 -0.295425251667241 -0.180341885792182
0.133094366969532 -0.222368803311787 -0.267406516061321 -0.0409120184040416
0.0520138709409171 -0.241954432977011 -0.187318158471562 0.0136976483507115
0.0272648208091124 -0.267946107524673 -0.0556014583546202 2.72220661669673E-05
0.0273086891977227 -0.271810835440225 0.0470698106723561 -0.0499206037187333
0.0488100681937783 -0.30133796330404 0.185134791692865 -0.0671777417365718
0.152562264479745 -0.306900451705097 0.299015962722792 -0.00543510067819663
0.298431099089551 -0.2019714643045 0.30829153356009 0.237152630050123
0.397734765896235 -0.00662318502631065 0.119321183945624 0.39373668533784
0.376635929777251 0.211068468074648 -0.0933093796371447 0.284340025548069
0.264010713995762 0.371127257514668 -0.0798257231545752 -0.00532045946611566
0.117455853262987 0.36921015794772 -0.175588736771653 -0.24670939211999
0.211655188478787 0.327588501670084 -0.0114657346752023 -0.368493861774619
0.309687377885337 0.205148773845633 -0.105252281232406 -0.44555408194179
0.317635552453269 -0.00735514727889502 -0.185406216793365 -0.342092050096246
0.239917315452599 -0.152659605291185 -0.216744863381284 -0.240278985649339
0.124790591056452 -0.210145774320468 -0.220844804754647 -0.134271393402023
0.0528593863443959 -0.223421118278413 -0.167255855154601 -0.0888483470631052
0.0482688190015626 -0.237920451831122 -0.0450805075704076 -0.101844496483614
0.0558964425366793 -0.231994954547451 0.0585712468660363 -0.142541904964869
0.0789006976184942 -0.245340644739986 0.207471176147202 -0.140810842974316
0.165826974559109 -0.232612642485467 0.328264238024598 -0.0592323200035108
0.279434210497763 -0.128918202396773 0.330471019784408 0.20234690564338
0.350338268566626 0.0584202619396016 0.105289972294072 0.361433264931532
0.299921339511405 0.254773420328002 -0.121880656280396 0.219539845504348
0.169696841110396 0.36190618067797 -0.125836721557036 -0.135940837299777
0.0560430970656392 0.28297983586649 -0.225482050053492 -0.35677939957333
0.154479168527843 0.273973373007371 -0.0717516184301592 -0.404747366846534
0.248891130125544 0.160764731071971 -0.0967940576253027 -0.417500171256789
0.241115320237022 -0.0144692116425589 -0.108899273083858 -0.337673543311959
0.17914460602328 -0.112909039875075 -0.149180902483 -0.292150869613921
0.0950077430646959 -0.153254920740424 -0.181329356083591 -0.217206747426038
0.0470528658946184 -0.165516426048698 -0.14811736673805 -0.177712138247391
0.0619427897829975 -0.172045499901683 -0.0279060349579117 -0.184834558802562
0.0728339632438099 -0.161645419988689 0.0844616769804308 -0.21017064270926
0.0943055715044454 -0.159280342815654 0.244232516242185 -0.180240612823441
0.154754409054803 -0.133613488827537 0.359031209387844 -0.0712133023340676
0.225396641873856 -0.0465447036967988 0.334304048126561 0.190897835421328
0.261247899897251 0.114867831183781 0.0878652783702345 0.315985545946814
0.183490160030249 0.263929128517624 -0.120362664013108 0.14314869158986
0.0544533590403513 0.299395056298133 -0.127264002825205 -0.245408783616978
-0.0269745799522538 0.154493327575359 -0.248744385115551 -0.406458953904128
0.0614943941044316 0.176521571165085 -0.101743827876928 -0.402435071755657
0.131454602226996 0.094203227266154 -0.0737292834392065 -0.388386863171565
0.112637661669693 -0.00436759745921771 -0.0611288427566664 -0.343638753426503
0.0883172266672477 -0.0362066221754896 -0.11802774723203 -0.325582102383554
0.0557937517706241 -0.0602017535006466 -0.161111297513626 -0.268176932739373
0.0401551662796034 -0.0764421423327603 -0.132137819812631 -0.233929062925177
0.0664712122898039 -0.0799573729685385 -0.00723937540615543 -0.236642787281838
0.0695484812469341 -0.0711251378132501 0.118229327562693 -0.244831007889432
0.0790770598196271 -0.065063798288934 0.284592376378485 -0.186284715600482
0.109607364960649 -0.0474744201695078 0.38164705746466 -0.0491403120088436
0.144201608276586 -8.68742102660622E-06 0.326276204660957 0.195508432071446
0.160545331458527 0.122004536843157 0.0816987687549412 0.272195284254301
0.066467412990149 0.217227606446516 -0.0896844918428465 0.0827989821115642
-0.0494540272805422 0.188828674721441 -0.0890562565263896 -0.312291676857753
0.103879468391729 -0.0541027994249935 0.128882052358088 0.346904417114142
-0.0121734831455295 -0.105212094951888 0.165413716212623 -0.0316574872476209
-0.0712444213345186 -0.0512000233628703 -0.0636478841307899 -0.251493257842469
-0.0325180893564271 0.00836700550300313 -0.337682671325799 -0.217063566189276
-0.0131082686496705 -0.0158717993435166 -0.409893132983347 0.0231377846225483
-0.0216419004040569 -0.0173061608069318 -0.300716088083047 0.202406715273452
-0.0374547247551987 -0.0116156654801245 -0.15933227142817 0.283522217333802
-0.0537035172252983 -0.0242543214632481 0.00306369388406548 0.284516223505078
-0.0545375708269317 -0.0304105485642277 0.102953615095264 0.258067086454312
-0.0368527826291205 -0.0526718660467709 0.162736910157422 0.25996203391212
0.00690821669789988 -0.0632502764255585 0.140362914894248 0.318350236224477
0.0344322756832658 -0.0311895835635112 0.0689392849848717 0.371976789959052
0.0117949653851956 -0.0416275123176843 0.0511982182821081 0.378697788783037
0.0530089179003431 -0.0711419863005786 0.07359754013378 0.402673485531676
0.14043742791546 -0.0129353514922883 0.23027256992345 0.383291899102124
0.153460100345022 0.0872089116804203 0.0738085481824685 0.309117038756942
0.0619071794149535 -0.000444775752360724 0.132192613525972 -0.0491025207271113
0.0114193913668061 0.0112956505884701 -0.0843882727648833 -0.271714149295367
0.0509052281215577 0.018199931117243 -0.333263714661123 -0.233098366791652
0.0594635644702871 -0.0516271266124769 -0.405717824125755 -0.0124424805128323
0.0236215931754407 -0.0836118333453319 -0.317623184483045 0.170049595419532
-0.0158288277169292 -0.0940717030890234 -0.182167048988595 0.256830614142773
-0.0485687899331675 -0.122397917466562 -0.0180194523252725 0.258530372714503
-0.0511776504975991 -0.136169406615944 0.0893724816892024 0.220868343218194
-0.0234636968628466 -0.16973097958153 0.172972040420657 0.207812471631359
0.06284319709353 -0.184898950762319 0.186309029533836 0.262932648033234
0.15584649258117 -0.11260955925635 0.129803341987554 0.360155121483308
0.175704442569752 -0.0335178369627271 0.0777742228129561 0.392227152562404
0.198265828628949 0.0187609972455879 0.0522310034739486 0.375140264348218
0.240828891258285 0.121911869265251 0.180457152091533 0.326446077226974
0.18271797584979 0.221991232302042 0.0163023728089809 0.214116278865183
0.133473839103842 0.11890217083876 0.113212200211949 -0.112103910441875
0.114271158873462 0.0837776838342946 -0.101880039292586 -0.329039827656944
0.147550740308424 0.0208473477007648 -0.333192218179843 -0.263449060371974
0.133849248942551 -0.0911438954808816 -0.391475043901437 -0.0512269416002322
0.0678358048172554 -0.145838296137548 -0.316638849625279 0.126105443225957
0.00689483167517403 -0.166792648595445 -0.192303309848272 0.202295976612273
-0.0362512057735783 -0.202415285023649 -0.0352664676132823 0.196229883664078
-0.0417491757054843 -0.218257628918595 0.0717594208297879 0.147581583666069
-0.017236587464961 -0.258325058803139 0.177795158498721 0.121853146221075
0.0893979340612484 -0.282324652238642 0.232928945955779 0.171001770991516
0.230645224115387 -0.195428185932124 0.208360983816223 0.320163516424083
0.303338847782275 -0.0556516003349192 0.113854524535174 0.398213583353328
0.318928290517876 0.0792635745848354 0.0197967801585512 0.351061584718755
0.311529957826984 0.22981242597574 0.102806613615127 0.23743081796766
0.192491867244387 0.324297978414745 -0.0451163694989113 0.0744847239595488
0.199487773134925 0.22613913737648 0.088168830764566 -0.200950969906476
0.224854631037364 0.147082944380284 -0.116769776895906 -0.392200794673682
0.246204606481721 0.00646149566607253 -0.318350273886327 -0.295775633647678
0.197601234671296 -0.136194431230721 -0.35721305081107 -0.096931318615907
0.100096818708526 -0.197917896326545 -0.296549827445448 0.062447899242633
0.0232398889430659 -0.219110157893786 -0.190085110480721 0.123726615258928
-0.017823039750909 -0.253219770846662 -0.0475216642616964 0.107917138077242
-0.0236110088026767 -0.264798630370832 0.053476747346885 0.0515691906987509
-0.00552970517973657 -0.302695765255823 0.17533910405018 0.0192735919084987
0.103108251019347 -0.32901828794992 0.265615293824379 0.065219503780469
0.26469720585042 -0.240175565611523 0.274642194965393 0.26342145666757
0.376243868149885 -0.0672822120226187 0.142694363794989 0.39322593203982
0.387946378579625 0.128167321813103 -0.0222786663857393 0.323713717980571
0.329990501884467 0.304443373860704 0.0088827708418707 0.126017856984845
0.180247216361135 0.371260316937841 -0.114770063465234 -0.0841494428223252
0.239099002955311 0.293774131919843 0.0358772047792762 -0.291347514563746
0.30499805621149 0.182092315762766 -0.129941809305011 -0.429273867607625
0.310848385175669 -0.0168107968957207 -0.27384837987169 -0.316430672413502
0.232488221323574 -0.169856072814928 -0.299538683136144 -0.155972794074559
0.112918454878407 -0.225723290472305 -0.262558433944806 -0.0219168121637574
0.0321313328219636 -0.240175924747213 -0.180278411553945 0.0268278188327794
0.00471414507651088 -0.266271551052198 -0.0543618723449803 0.00517456154740985
0.0051925398167022 -0.268635564879945 0.0422395634399177 -0.0506454946534827
0.0220317252982362 -0.296968983489339 0.17552909139749 -0.077907960658367
0.122650591103822 -0.312248448450363 0.287645255738903 -0.0259155689972344
0.274986350264425 -0.219791579845394 0.317728956227674 0.208757139183894
0.389470561777054 -0.0351386330083268 0.148099222716373 0.375023224007564
0.383779104437791 0.178854328476916 -0.0681491085561745 0.283226436628793
0.28742283240464 0.344534349487545 -0.0779097813607255 0.000968720073997461
0.141173486370122 0.351485076738415 -0.18620451903394 -0.229415178848141
0.230306427116436 0.303124289860563 -0.0335714300431775 -0.358967078825466
0.318057480466351 0.179436035360671 -0.133865442290823 -0.428137810968095
0.308170738111816 -0.0311495685337048 -0.20296973189464 -0.321690774048829
0.222136689607454 -0.168724901568908 -0.225913823707365 -0.219818998660723
0.10572347546167 -0.213266974479027 -0.224266115022579 -0.115225882239425
0.0338801113290447 -0.222094560496716 -0.16899800458045 -0.0741646791485431
0.0272403124151536 -0.238175429495532 -0.0528544311574693 -0.0960144897392509
0.0365101449639829 -0.232522193432372 0.0452224464595365 -0.142493431182758
0.0566974366553382 -0.245173153898211 0.191056709953678 -0.151900571973246
0.141302689705118 -0.240231828344635 0.312426113211118 -0.0817151140448515
0.261447766479759 -0.146931193398746 0.337631027367844 0.173136610036856
0.347759719040762 0.0326466768407979 0.133297802267171 0.344588201727319
0.312720800298393 0.22736561347421 -0.100728894377614 0.221470354484013
0.193589531228844 0.340541647827982 -0.133431454077027 -0.122446565252079
0.0746363460823575 0.271080802368237 -0.244772120374099 -0.335047560541598
0.170704316415324 0.254172585336365 -0.0977677001902549 -0.39097466185689
0.254672710871403 0.14041523561158 -0.124617522685538 -0.400247720133842
0.233219511383657 -0.032084660471108 -0.128814347214289 -0.322619017735221
0.165769495146872 -0.124984811459499 -0.163567650067591 -0.276637308635874
0.0809303652330326 -0.155483765351145 -0.192778238484612 -0.198535289440659
0.0325972092071459 -0.164606328430506 -0.158308007965826 -0.162618840081061
0.0464700200897969 -0.175057441580502 -0.0441105784855782 -0.178750632691377
0.0592910498379474 -0.163666580065494 0.0647698463168907 -0.211058741739007
0.0783711575353742 -0.162303978053897 0.223117986967351 -0.193918431498255
0.13925008057636 -0.142065836897674 0.341374775169664 -0.0951443928682023
0.214893132485698 -0.0620580700548975 0.340241867449821 0.162111601272728
0.263682520388206 0.0940995148401282 0.111920391531214 0.303051369481587
0.197738898177193 0.243854283935066 -0.105932991234341 0.146617622687917
0.0757212062352937 0.288745832092987 -0.142052270294552 -0.228640089008741
-0.0146539007264907 0.151055920719627 -0.272651347381518 -0.380809304235478
0.0726797267190461 0.16584169828859 -0.12817644016505 -0.386715491122607
0.134663869935829 0.0834157892252805 -0.0999684730100867 -0.37365609285517
0.10860420180058 -0.0121628802176584 -0.0832033130099744 -0.331516727322527
0.0827316558176423 -0.042934672219488 -0.137380492745276 -0.309878074264771
0.0499674306408022 -0.0618407477250784 -0.177497338105018 -0.250151424262402
0.0325784625157992 -0.076802828805007 -0.147976021162257 -0.218733090960864
0.0578482474874889 -0.0855330465393873 -0.0286186795717589 -0.231504332311927
0.0636593725889936 -0.0752029189786498 0.0949426048970169 -0.247089389097912
0.0714372182105164 -0.0693173400192543 0.261723166312581 -0.202572277478515
0.102342165983712 -0.0544623386130102 0.365380943875493 -0.0759138818745194
0.139500143713363 -0.0101923472587153 0.332876033920189 0.16691968905433
0.165365082292721 0.108546577232763 0.101179286677775 0.261024764963104
0.079987092753776 0.207407494103954 -0.0810116719869559 0.0859097886464082
-0.0342030620590885 0.187798984572692 -0.11062703392117 -0.29631151633041
0.10122112981784 -0.0409852135199049 0.101385865894723 0.340100010502135
0.000529182516946131 -0.0980819963747711 0.16655911056801 -0.021781502698726
-0.060306005836233 -0.0552728849411744 -0.0339005845528174 -0.248838264893466
-0.0301429632762612 0.00213177229171829 -0.294741046191646 -0.234740254558359
-0.0109380051175051 -0.018886862269137 -0.385949323343803 -0.0163278905516828
-0.0180162085780881 -0.0223419513648325 -0.300454105670437 0.162093783188748
-0.0326987631240119 -0.01540340564612 -0.172802484613624 0.256949801890744
-0.0489081035560651 -0.0287065596581246 -0.0211474733098144 0.275231051081794
-0.0485411232224137 -0.0354940323692857 0.0780370365907522 0.262667101390389
-0.0300332762466759 -0.0553532582088453 0.133091493781885 0.26987388664282
0.0129195224301307 -0.0639736569846711 0.104078726388202 0.326846521230647
0.0380699015034505 -0.0327679250069538 0.0313779656141506 0.372222418280571
0.0201812224116608 -0.0436283270596857 0.010390181866478 0.374166290137587
0.0600311967023955 -0.0639399146284154 0.0309402952117951 0.40549826128151
0.138108479988462 -0.00278930263575382 0.186088657860834 0.40689807646653
0.133497071441103 0.0966067203519445 0.0450944519093108 0.306613312835507
0.0571660927082369 0.00767443267230585 0.136289625779433 -0.0341515029106987
0.0106581001050421 0.0134523044149646 -0.0531632998503219 -0.264094660393737
0.0471637920350113 0.021996168734159 -0.289536845811368 -0.246663856260457
0.0623734121026848 -0.0431052600218634 -0.37831046586236 -0.0464227815274595
0.0325027023031068 -0.079459975554232 -0.310988840007751 0.131346830558106
-0.00450918029518184 -0.0926532996152444 -0.192054947197819 0.230349492235314
-0.03534757153616 -0.123692067169608 -0.0387641929271393 0.247544934023306
-0.0351709615684382 -0.137478944293343 0.0669062595055004 0.226410414773876
-0.00688004921328157 -0.166783870660929 0.145844435075415 0.223368201363087
0.0781662308489302 -0.175896233966143 0.150379697394785 0.281176108515146
0.163221870472338 -0.0998001245518592 0.0880940851636947 0.369000903213761
0.17788637986845 -0.0217621266025961 0.0298716447672813 0.388959939197589
0.192468598989614 0.0357681609975317 0.00692496301518653 0.372467167580472
0.225205541605073 0.138651286394466 0.136251941201339 0.344126214780771
0.147023009918572 0.226147878869794 -0.00745645186821447 0.218194015549532
0.11091519007807 0.12712487198997 0.121338940413384 -0.0886962983719232
0.0990365579403005 0.0941074865876136 -0.0663441239368059 -0.312715075297253
0.138189219466765 0.0361202195080785 -0.286755660134474 -0.271212431719883
0.138273680234298 -0.0710211458154639 -0.359990068692986 -0.0780116463680224
0.0814550713327297 -0.13315584257084 -0.303364793966458 0.0911377317543037
0.0238468692062314 -0.160193571641614 -0.197069238871687 0.178461680552525
-0.0164433294665388 -0.201385759903686 -0.0515917916549428 0.186010701902785
-0.0193811125215182 -0.21589155136232 0.0549215684203065 0.154322038203609
0.00741052272144431 -0.250963435770972 0.157339488738392 0.142805445192265
0.112614421037044 -0.267052800597386 0.201450928201343 0.199654267449037
0.242483344746156 -0.172882036896102 0.167215601293606 0.339362195867204
0.303009831130274 -0.0317966329403632 0.0618107620601901 0.397546763847192
0.304563631929515 0.105647540736195 -0.0269152629335561 0.343125312910047
0.285515737889818 0.251226809112363 0.0627251997686746 0.245409204449113
0.146103648985829 0.322489937657066 -0.0592526033286714 0.0856066535744354
0.160730769199881 0.233935779818777 0.103279427865565 -0.169441711734786
0.196732816913946 0.165362489314192 -0.0754837936295777 -0.36584304073509
0.233312622400272 0.034739421772319 -0.268961862723254 -0.296575090265531
0.204460614611834 -0.105887442143969 -0.323380914945493 -0.115048701199721
0.117648546931693 -0.178595871203959 -0.276680337672771 0.0339996527699678
0.0443228436474753 -0.20837348787131 -0.188659112219488 0.104170180719964
0.0052499852914436 -0.24914682866124 -0.0562884333360267 0.0992483250597502
0.00236044874249335 -0.258869765355506 0.0446666504934573 0.0603204377668291
0.022160773413439 -0.291806874007152 0.163553244300252 0.0441968185848008
0.129615892982575 -0.30956962261418 0.241691435471619 0.101963000576319
0.279233702047009 -0.211916011197938 0.236012356134032 0.291395886935624
0.374299130297868 -0.036860856672001 0.0903174133958959 0.395238210709296
0.366275089149582 0.158598923855252 -0.0682711377473651 0.310816842192164
0.295632536152013 0.326850353978641 -0.0212596642832542 0.122482630163969
0.13117011100719 0.365574817745177 -0.115263979391205 -0.0689697658722379
0.191387339756388 0.300867399211377 0.0600642347528382 -0.255354473573579
0.26887017484336 0.206811654755697 -0.0848687259777897 -0.396116666826718
0.296344732552943 0.0215441768255435 -0.223852792457404 -0.30856488933628
0.241621916301622 -0.133547826179944 -0.26231825669997 -0.163019867299761
0.133459665320176 -0.202268282371594 -0.236150116894529 -0.0421092932557449
0.0544242210830342 -0.227372866060371 -0.172103070180591 0.0133676025634052
0.0284255227142192 -0.259209731087466 -0.0539006692553319 -0.000999929336976725
0.0303867081606572 -0.26019404346607 0.0418182163818768 -0.0399702085669564
0.0478662905970314 -0.2829830133655 0.171676842332891 -0.0504880967055371
0.145123081359886 -0.290553057056033 0.27006075329839 0.0151583920821196
0.28515793503105 -0.190866468770793 0.283348769479179 0.241160382355968
0.383658633425256 -0.00463599289013994 0.0970757817252813 0.376746706065713
0.357458906393359 0.207806181689148 -0.108956008811474 0.262635987987837
0.251791575767032 0.361973772259137 -0.0953166919094509 -0.0112732246586175
0.0965817691432451 0.342190424710057 -0.171192752790538 -0.214999744285237
0.182499377359102 0.307914934636728 -0.00338942800354091 -0.326712583692052
0.280485196007327 0.205807891956399 -0.0900356050299599 -0.394337043219235
0.295980612577856 0.00748570348778623 -0.156960195306995 -0.307192703847866
0.232027618678873 -0.133475330329332 -0.187161403530317 -0.21725533373724
0.126003644390667 -0.19011624679555 -0.192077519088656 -0.127590551378011
0.053629014303139 -0.209119148191871 -0.153479748662178 -0.0824989663121289
0.0475192407586248 -0.2305921825055 -0.0447026525258834 -0.0979974673365899
0.0565439697357769 -0.222460336331082 0.0522364330185549 -0.129905628436511
0.0751846220679838 -0.229081107905643 0.19268167411578 -0.122959431481171
0.156504261113115 -0.217594527511244 0.299072355323433 -0.0401320753628325
0.263907703769205 -0.12075265387526 0.306184977955909 0.205749379476902
0.337563098212218 0.058523915144605 0.0869222347987383 0.343950355246058
0.283177794297768 0.247674293503133 -0.132578237475896 0.196954578166359
0.158537088055851 0.351111277949028 -0.134594038032764 -0.14074011065086
0.0426806734098153 0.260655330023996 -0.215420605492328 -0.325446480530056
0.132113768829134 0.255320754892581 -0.0618800248091952 -0.365912269487174
0.224525946330837 0.161499376424596 -0.0825437307232353 -0.371750691543688
0.224519612573969 -0.00247391068521493 -0.086696072373456 -0.304359505943086
0.172669133550641 -0.0991735057881944 -0.123811276981062 -0.266939694059291
0.0969804061790671 -0.136685213441601 -0.158752252206861 -0.205110430250454
0.0468014267058725 -0.153576562612437 -0.13660878140723 -0.166297435328846
0.0599901165273877 -0.167824515728969 -0.0288787968861603 -0.177493732747241
0.0724870220422073 -0.153506209918252 0.0779494829868671 -0.196316431498457
0.0883996416062649 -0.147037133106487 0.22777064076677 -0.162995778781515
0.144938749805456 -0.123144081960901 0.330381521116922 -0.0545208603737275
0.210295690816536 -0.0424064803819513 0.310840603456736 0.193294913914188
0.249490509857221 0.112220662138909 0.073568493826119 0.30176541694827
0.170022071286769 0.25387595748794 -0.125677121210731 0.122647425012935
0.0481732186420674 0.289941915349429 -0.129160452408752 -0.246660882873907
-0.0292511263836067 0.138548524836272 -0.23338921393611 -0.381733659525966
0.0500179278478271 0.162022276335058 -0.0931295576380904 -0.371148328165825
0.117539553574551 0.0941980854195658 -0.062585316072098 -0.352095875282979
0.104357302706371 0.0019627177561009 -0.0432339238149907 -0.314023940555377
0.0844290734047294 -0.0314780595139495 -0.0978218102193158 -0.301384066968133
0.0563690486075711 -0.0503070297428213 -0.144010857840892 -0.252981847589038
0.0382576312293652 -0.0689271119508849 -0.124026702320398 -0.220750534370844
0.0629712451739327 -0.0796406033467878 -0.00945013016883203 -0.226782084358409
0.068642867415919 -0.0670778508547603 0.11132369155915 -0.229562779963436
0.0739498875973251 -0.0583381764596193 0.265846672993551 -0.170790349485637
0.100709955854844 -0.0428959553870226 0.354556045917482 -0.036834006648595
0.131837876528414 0.000764991451804189 0.304719423915999 0.195108845383008
0.152475071034385 0.116599173697887 0.0697724507548249 0.260508850380551
0.0579663859456849 0.206917607958181 -0.0906979407484824 0.0670694571975566
-0.0501917486659771 0.181635364803725 -0.0858301776659584 -0.308122738854464
0.0979404870013287 -0.0408315253281049 0.103891990369278 0.330921988697409
-5.73311033271297E-06 -0.0945734560625422 0.165090163787461 -0.0247350131772624
-0.0591058122384254 -0.0530080930620943 -0.0328976260971607 -0.244915583141186
-0.0287308021772906 0.00203815199358695 -0.290001515267897 -0.229585683947175
-0.011874162034084 -0.0186907226018287 -0.378477104360968 -0.0144318071617648
-0.019461561711584 -0.0217039681288982 -0.292216851818878 0.157858057355886
-0.0315661099357269 -0.016589272265922 -0.164697960110415 0.25310903484385
-0.0483835652057698 -0.0281709780267444 -0.0143564994452799 0.27153511681871
-0.0488094601509071 -0.0337988926606789 0.0806799247153933 0.25863377271356
-0.0304440084375636 -0.0542123305385895 0.132100943528436 0.265048110386683
0.0112492286991454 -0.0640364269344545 0.103543724058602 0.320743555439585
0.0382341540849629 -0.0330284733141963 0.0320438883179243 0.366691013021111
0.0208301108343376 -0.0426736765156704 0.011038960085463 0.367838627020404
0.059613076064468 -0.061240760424381 0.0309192435026869 0.400469901093577
0.136447866327003 -0.00349857137079585 0.185097552620139 0.403172750053368
0.129822282846608 0.0939403389108833 0.0489981082759372 0.298209026823821
0.0558674174767163 0.00869190472398836 0.136198376279338 -0.0358154751726708
0.0113171485799789 0.0148156290865181 -0.0516130770448581 -0.259831342481895
0.0468238342213069 0.0213342769571216 -0.284553831298902 -0.241492328576244
0.0604826602608832 -0.0433015063506666 -0.37074637264289 -0.0442489515156238
0.0298698996960793 -0.0787953447849682 -0.302766930606347 0.128714850278521
-0.0044477966002845 -0.0926307561279338 -0.184377547812932 0.227195964439189
-0.0367633324534832 -0.122587472344666 -0.0317867337470964 0.244460782892735
-0.0364789334440311 -0.134205535627158 0.0687062516474805 0.223095870953867
-0.00894494184628372 -0.163513697601633 0.145675650849745 0.219437763926158
0.0734288347277968 -0.173820081088828 0.14892509870184 0.27648106272365
0.160174059632615 -0.100170107660268 0.0877474677627085 0.361944089094204
0.176243632246743 -0.022796391253063 0.0315378733792845 0.380761286971139
0.191191197566637 0.0358919705130337 0.00744472049967291 0.367340822790366
0.222870372063029 0.134943347087408 0.136495675449013 0.339573987202551
0.144523687934397 0.220252822324432 -0.00216917494616001 0.211601000373397
0.109037904259196 0.125202040088953 0.123595227345964 -0.0890877993350854
0.0992265361028165 0.0935052320116016 -0.0645333916620113 -0.306812506217847
0.135776483357487 0.0346857245986143 -0.282167794508314 -0.26567523609831
0.134418528876246 -0.0709425392672463 -0.353075134064384 -0.0760580449806476
0.0775147814586866 -0.13119490934071 -0.294632622568443 0.0891365817161364
0.022740215722584 -0.159057325517676 -0.189694301578815 0.17661669193107
-0.019774804441394 -0.198477879076823 -0.0456664383881508 0.184129889174819
-0.0221736261733328 -0.212584641479693 0.0569028205520453 0.152623910755485
0.00304700091766529 -0.246752212984746 0.156252858098304 0.140303989618759
0.105697256651871 -0.264393470946891 0.197348804047023 0.196934050725649
0.23684311456842 -0.172410190408668 0.165460040357022 0.332391074944023
0.29884155395153 -0.0339410031667832 0.0635090910155115 0.389077764893117
0.301740421727547 0.103514409895539 -0.0251788600798141 0.337634506765424
0.282496325615889 0.244287241893096 0.0640532791119229 0.241263934237395
0.144800363056596 0.315325714497835 -0.0536692837276267 0.082517770734211
0.158050040164132 0.229652232088805 0.105155366211518 -0.167331308866839
0.195663685435013 0.163445198939844 -0.0734651066738222 -0.359044424222323
0.228918607052592 0.0327713831809476 -0.264361869275313 -0.290449751690311
0.198921510613699 -0.106019641085415 -0.316803947788746 -0.112808563361713
0.113747421224597 -0.175679304302462 -0.269180946533548 0.0338171700182388
0.0418074354986203 -0.206406445817259 -0.182797779871598 0.103657522907552
0.00134012915334744 -0.246280067676935 -0.0522473853914297 0.0989868418419278
-0.00162665190727205 -0.255717695394331 0.0451246567265894 0.0604591447919316
0.0168820908058535 -0.285857152314904 0.161602135045152 0.0434024276263967
0.121307656583157 -0.306531216185409 0.235601549250109 0.101511595162926
0.272134610766226 -0.210230721653507 0.232251290739273 0.284701885848109
0.369390992964454 -0.0387336727252718 0.0923953041467452 0.385733051710985
0.362913745007961 0.154733171221255 -0.0650493077702247 0.304273338536184
0.294676138727552 0.318992555645764 -0.0196696273406083 0.120700320673966
0.129653877834544 0.357733766781626 -0.110442727229982 -0.068988468466371
0.188441727114072 0.29437761886848 0.0625255556746645 -0.251339109275006
0.266173428639449 0.20339440425422 -0.0832665913299023 -0.38801234569825
0.290699039118885 0.0204151115086948 -0.21929322589465 -0.303299381719776
0.23544299072011 -0.133888088080367 -0.256317023857776 -0.160723436111335
0.129191467350799 -0.199645067476983 -0.230042991057482 -0.0405501448656737
0.0514152234574903 -0.224849964251902 -0.167227607883475 0.0138718950953916
0.0235198293787619 -0.257030079293835 -0.0529766163666928 0.000779938056115924
0.0260525764963253 -0.257040087216958 0.0399784887003668 -0.0386605913156618
0.0413072802572378 -0.277213795145258 0.168325784269776 -0.050016830886885
0.13701792174538 -0.286778611450217 0.263523319953067 0.0154555726611891
0.277121121032323 -0.190226247433226 0.277690698115271 0.235177506864815
0.378996671940052 -0.00695829993971926 0.0994590443686955 0.3670943722494
0.354235482454952 0.202480594997038 -0.105703297294558 0.257651089124497
0.250478685163268 0.354217860925129 -0.0938810193450206 -0.010411838023831
0.0958210202636553 0.335135343723504 -0.166023146649908 -0.212332332503009
0.180494934480851 0.300890016022553 -0.000871489086041527 -0.32026122938672
0.27770467925785 0.201768151629219 -0.0880400400125698 -0.384894858465808
0.289907892784766 0.00605596902314718 -0.152724451504638 -0.302295454295477
0.225305505751915 -0.133489349523116 -0.181979891620634 -0.214736523614486
0.122095956606652 -0.187226952677487 -0.188282612116477 -0.125312674730949
0.050793431747708 -0.205575543179224 -0.150278924405865 -0.0793816873729183
0.0432142822001298 -0.229111371289093 -0.0462210366438703 -0.0954170454388347
0.0531196117696798 -0.220367708082303 0.0492398714958612 -0.127162580624591
0.0703031673201555 -0.224157124700883 0.188030801945618 -0.121363949864042
0.148705242017047 -0.215289152732529 0.291082787821827 -0.0388863324973645
0.257218567121723 -0.120915838813092 0.300008009784857 0.201023266847528
0.332451651165736 0.0549574587803932 0.0898120060668989 0.336263290337298
0.279512739297375 0.241275199390538 -0.128482498394265 0.191793361215395
0.158952512775911 0.344597209734839 -0.133928182610485 -0.136874436810175
0.0422934857930054 0.254708841215033 -0.211280971799279 -0.320364780677173
0.130352951829955 0.249164066238972 -0.0605481730391702 -0.358852493643072
0.222337725844111 0.158689668612044 -0.0816340685711229 -0.363071658354362
0.219128794674718 -0.00305299096394807 -0.0846673107217003 -0.300552329057692
0.167320074671189 -0.0992602957049775 -0.120467178055099 -0.263818578415377
0.0943334073693789 -0.134329451298559 -0.156419510765912 -0.200684060176588
0.0447791178196104 -0.150485996815895 -0.135453524623482 -0.161922288209847
0.0557272059571027 -0.166892424244458 -0.0328271461839176 -0.174313391008578
0.0695528741427794 -0.153126934680944 0.0729214001102647 -0.192473742733766
0.084875045261062 -0.143984014961335 0.2207728286847 -0.16166128527797
0.139084977893439 -0.12203048660826 0.321323432151239 -0.0543113714380762
0.204618830755573 -0.0425762199526006 0.304941068516869 0.187020976402066
0.247337393553295 0.108026015522363 0.0755560613050628 0.295110615719899
0.168041316188923 0.248131670732343 -0.122933560926633 0.118877406665106
0.0493678506588506 0.284239126093866 -0.129131315816768 -0.239552280408083
-0.0282249892747304 0.134482094677545 -0.231322828285593 -0.375212511712094
0.0495041943120866 0.157500266354425 -0.0926830093022233 -0.364494384310355
0.115802078226214 0.0929921005263995 -0.0612921338439406 -0.343731033690576
0.101458084374322 0.0014848126355673 -0.0426376129025634 -0.309711665971587
0.0808006466400188 -0.0319376306169174 -0.0948843661222104 -0.296723134762546
0.0554688580426517 -0.0485461464318086 -0.142603549774298 -0.247327820630971
0.0370451558610858 -0.06726090616617 -0.124588499350219 -0.215784565997245
0.0599353558891435 -0.0807337893108949 -0.0141618305224057 -0.223294845685775
0.067827740850149 -0.067710025305357 0.104848239288474 -0.225616043742822
0.0719029682030799 -0.057277829064064 0.258090160663391 -0.168884894985308
0.0975950623727778 -0.0425480925476923 0.34493065637645 -0.0365977241155854
0.128133314467833 0.000716935517220195 0.299396706076796 0.189724940760711
0.15044636212087 0.113677429176169 0.0710428784064208 0.256188252194222
0.057846818463116 0.202542461009952 -0.0891432462256534 0.0647114958960262
-0.0480793805370882 0.177900941095737 -0.0876676681491458 -0.299722213745214
0.0980798350573996 -0.0413586445463177 0.106145046313154 0.333771177792282
0.00091349022429259 -0.0946486706498056 0.170262630720058 -0.0265906214978525
-0.0589869066845996 -0.0538547180358587 -0.0295469146206249 -0.251428270209856
-0.0289698029189966 0.00184503774448675 -0.294781045843735 -0.234307146853831
-0.0122775193787761 -0.0194577461710053 -0.383874517536582 -0.0158729596996319
-0.0206301731175375 -0.0225161701240164 -0.296357016378328 0.157289597861583
-0.0315748885674102 -0.0182267240543159 -0.165237641527788 0.256460394946373
-0.0498612807774222 -0.0292023114071037 -0.00954724491998521 0.277015629164333
-0.0492935798062292 -0.0334567371375088 0.0838912445331161 0.264642150339299
-0.0311179111970773 -0.0555283329358016 0.134456742040217 0.270860999693703
0.0107983853362181 -0.0657479075619864 0.104092171452611 0.328500802092473
0.0397670056385843 -0.0340810074361743 0.0310007322881133 0.373610185766709
0.0217549342256141 -0.0437849837614969 0.00777667388484988 0.374642606214254
0.0621989376255597 -0.06049914359719 0.0280831695206527 0.409654371608554
0.138445534625983 -0.00283551709426273 0.187227518066539 0.412310564366141
0.130603252481613 0.0960992095566966 0.0524508954728507 0.301171575892007
0.056945923921308 0.0109040500102319 0.142268995265249 -0.0385678208095469
0.0124084546418493 0.0157791198540429 -0.0494519354290361 -0.265740708772685
0.0480354160070813 0.0215216110014459 -0.288251521310386 -0.246697521362492
0.0610363169363497 -0.0443917317637623 -0.376105715145132 -0.0474247740844182
0.0296107558986805 -0.0796781270741316 -0.306367497705345 0.128186208011101
-0.00447151544065358 -0.0963167950917846 -0.184762236734423 0.230968717963675
-0.0383185675334486 -0.125006260870365 -0.0281648238287431 0.249487940181391
-0.0379103251521137 -0.136732569232936 0.0715147350646739 0.228641161982556
-0.0106424298520064 -0.166358302785303 0.147616927731869 0.22418359617396
0.0723561824440438 -0.178277026326538 0.150445428101923 0.283803209437863
0.163362575868288 -0.102469990393003 0.0880010123627705 0.369242574325535
0.181181512764981 -0.0232081854110702 0.0302611336518856 0.386308714716612
0.196740622732383 0.0387783256170838 0.00488685427359286 0.375554203269374
0.226937710830248 0.138335147133318 0.139098735817059 0.348342095776036
0.144777235361336 0.225453795611389 0.000525207230917412 0.213220025663192
0.109947683834614 0.129147226992882 0.130633778610105 -0.0912044786741384
0.101596375791142 0.0968556090482706 -0.0623660747436013 -0.312394967278224
0.13881772033419 0.0362751366994827 -0.285134662393123 -0.271761930907509
0.136311278404044 -0.0728367758216903 -0.358262698688585 -0.0798677805709354
0.0785291719098468 -0.133401073540598 -0.298110534773627 0.088047884755409
0.0233384147136833 -0.163510025418074 -0.190892308505614 0.179457639899051
-0.0215486398420547 -0.20357207355304 -0.0424252196549174 0.189128608093653
-0.0239237659179888 -0.21692226231405 0.0585113642593362 0.157317979163195
0.00140759622092774 -0.250821707338707 0.15971776945901 0.143086308704107
0.104167746819963 -0.26966885830503 0.200086652542997 0.203394433273121
0.240790434615678 -0.175155550104104 0.166214000092965 0.340203586446492
0.306563466071518 -0.0347525186775447 0.0642677189373481 0.394057615319014
0.30926498245493 0.107902624856748 -0.027664970520496 0.344646111051301
0.288046073078321 0.24993707969805 0.0650593232807833 0.247534273166168
0.144697212068331 0.321473675143098 -0.0514398501007617 0.0814095942486386
0.159770149899558 0.235745982232259 0.113029119112404 -0.170559814566274
0.199718747880349 0.168517322593811 -0.0719740451302975 -0.36406677691582
0.232896520273444 0.0343968916388466 -0.266053330378182 -0.298110118134629
0.202228461791089 -0.108478444697935 -0.320900486998187 -0.118978534601733
0.115148367842121 -0.179218052182053 -0.271857395191465 0.032400160582672
0.0425016136169737 -0.211948804270669 -0.183905471713602 0.105934742108168
-0.000562495647859905 -0.252223665104988 -0.0511746064234071 0.101803694230643
-0.00399523532157457 -0.261426330038364 0.0460157506656707 0.0629205008086497
0.0150689945567756 -0.290786346963435 0.165181556886532 0.0441606405423311
0.119398753288257 -0.312382887184836 0.238822444666279 0.106931597039141
0.275820824146607 -0.214480467466654 0.235239770660908 0.290892241002435
0.377746772131781 -0.04004694838936 0.0920821923024787 0.390101052461384
0.371240247274791 0.158130250516869 -0.0684246631583595 0.309792462091427
0.300540618124442 0.324775053986586 -0.0212473808761975 0.123239286645072
0.129045454703531 0.364282486184521 -0.107911638537284 -0.0722853946204493
0.189734656426625 0.300706264264401 0.0692455464736701 -0.255567401192991
0.272042992799855 0.209362313825583 -0.0806800610691363 -0.392800413707944
0.295918692290267 0.021693377855939 -0.22061915457876 -0.31108395540023
0.237988690213396 -0.136323901471407 -0.258036514752468 -0.167361048285078
0.131129745200163 -0.202847160273965 -0.231782876146964 -0.0433019911219218
0.0521841078757986 -0.229464741051266 -0.168725593042219 0.0151059339554084
0.0209720539308186 -0.263793427390285 -0.0534280628991717 0.00197803839725305
0.0251669390884798 -0.263691838463084 0.0398813306327944 -0.0378292588829058
0.0402758687553596 -0.281712726137756 0.17139419690174 -0.0508828069795205
0.135459904508106 -0.291952506359138 0.266484083564038 0.019349609012936
0.280667220333151 -0.192923528691621 0.281508053906868 0.240006929632799
0.387251818236247 -0.00753308375635626 0.101246786250735 0.372094249908292
0.36195337567465 0.207094554410262 -0.110067471125679 0.260704319444327
0.255066030497225 0.35992724966807 -0.0968747871358981 -0.00980967508906722
0.0956609910570767 0.341463628766658 -0.166457847828201 -0.218510794084517
0.18142626598805 0.306970173622091 0.00479812329867836 -0.325611554040479
0.283424892036417 0.206966432478675 -0.0867471195634686 -0.389408328810247
0.294357253900946 0.00709841321070078 -0.152632413260062 -0.310306180436488
0.228122430704174 -0.136658908202977 -0.182853307480917 -0.22208678599614
0.124380405296474 -0.190417479879917 -0.189145371071197 -0.127817960298525
0.0521151299589575 -0.209923019015199 -0.152707895631033 -0.0804908369485878
0.0403652851138998 -0.236072252960436 -0.0483956601281562 -0.0959547027496608
0.0528559127110145 -0.226584109292554 0.0483514940287086 -0.128236513817398
0.0694435670679893 -0.227570118362723 0.190137168040522 -0.12286407315193
0.148777297665354 -0.218450527032011 0.294259946551676 -0.0357624752064616
0.260240723760115 -0.121731913901543 0.305097704989518 0.204419750640653
0.339545593118312 0.0562759854052967 0.0913706472733513 0.340639080332435
0.285196520000539 0.246409021231605 -0.1329463829532 0.193602019045308
0.161339532141745 0.349286667133694 -0.137014514592071 -0.13783829127962
0.0417014198245886 0.258926760851669 -0.212872882552556 -0.329854194402484
0.131465714094652 0.253309142012735 -0.0577525967101639 -0.365019439828725
0.22678340258627 0.163175387567382 -0.079517301799074 -0.367614672216764
0.222346358509438 -0.00233871806427094 -0.0824573582711927 -0.307560131054257
0.16912781758502 -0.101630433635103 -0.121026816296127 -0.271620964458169
0.0959337476985226 -0.136015652078695 -0.157368591280812 -0.205046023529149
0.0453883438988573 -0.153441201721979 -0.138729570316562 -0.163828819594417
0.0545332603001061 -0.172616339183644 -0.0359413196346016 -0.177069528753779
0.0703609634121409 -0.157953675647986 0.0715342055326545 -0.194551254368343
0.0854786662118375 -0.145467000979143 0.223594604006376 -0.16320832067354
0.139580746684987 -0.123570103860708 0.324893848920465 -0.0524220974437819
0.206760385227126 -0.0418471172914007 0.308780645667904 0.191197390161743
0.252130985614011 0.11019279121072 0.0772604364655423 0.300035337030453
0.171359310744108 0.253151807325821 -0.126149678751759 0.118785694589304
0.0500443907095269 0.289483238676125 -0.132174352316247 -0.242112389721853
-0.0302451413784422 0.136699394802015 -0.232766258145958 -0.384786221645779
0.0490416061714771 0.159152241480674 -0.092178781715905 -0.36990637540984
0.117623578729815 0.0958436300240479 -0.059848471521768 -0.349111780275282
0.102576336353784 0.0028471419381329 -0.0407988273671766 -0.3183565655007
0.0815851897881743 -0.0323365212463782 -0.0944645116288586 -0.305310696408257
0.0569120330623181 -0.0484212766591235 -0.144802531010751 -0.252200561109082
0.0380159263205901 -0.0675865348749141 -0.127652610122201 -0.218448301371805
0.0598662435825741 -0.0838798781778428 -0.0185506113847051 -0.226781307983359
0.0686188885744044 -0.0703079738121368 0.103523603323508 -0.228617165326165
0.0729269001421413 -0.0574877550464007 0.260248985889976 -0.170451805796468
0.0984516673306764 -0.0429378718329685 0.348705808099062 -0.034927382830411
0.129117613450069 0.0020402017449228 0.302959741026564 0.194405753519406
0.153020218222281 0.11534410860323 0.0730504755380996 0.260927009995092
0.0579887501723001 0.205920448886866 -0.0914451603296606 0.0648473747855947
-0.0495231573865776 0.181025597339116 -0.0897468605210412 -0.30251969774402
