TRXV5
3
4
4
9
string Extension=J
integer IsArchMeasurement=1
integer IsSpherical=1
string Generator=SPM
string GeneratorVersion=1.3.1 Dev
double ArchRadius=0.449999988079071
integer FrequencyAxisIndex=0
integer AzimuthAxisIndex=1
integer ElevationAxisIndex=2
Frequency
5 136 690000000 960000000 LIN
Azimuth
7 8 0 2.74889357189107 LIN
Elevation
7 15 -2.74889357189107 2.74889357189107 LIN
Polar H Real Part
13
Polar H Imaginary Part
14
Polar V Real Part
13
Polar V Imaginary Part
14
Polar H Magnitude (dB)
12 0xC0000002 0 1
Polar H Phase
7 0xC0000003 0 1
Polar V Magnitude (dB)
12 0xC0000002 2 3
Polar V Phase
7 0xC0000003 2 3
0.00295114517211914 0.0030665397644043 -0.0482635498046875 -0.0762786865234375
-0.00230073928833008 -0.00731325149536133 -0.0181407928466797 -0.0303726196289063
-0.0107669830322266 -0.000976562499999999 0.0240211486816406 -0.00193214416503906
-0.00578022003173828 0.0076899528503418 0.0558013916015625 -0.0188865661621094
0.00189018249511719 0.00582695007324219 0.0568161010742188 -0.0432319641113281
0.00266671180725098 0.00158190727233887 0.0406837463378906 -0.0697898864746094
0.00206422805786133 -0.00548982620239258 0.0143890380859375 -0.0771255493164063
0.000340938568115234 -0.00432443618774414 -0.00589370727539063 -0.0636940002441406
0.000134944915771484 -0.0041961669921875 -0.0148963928222656 -0.0457229614257813
0.00362348556518555 -0.0030524730682373 -0.0177268981933594 -0.0320987701416016
0.0032041072845459 0.00173115730285645 -0.0315933227539063 -0.0191822052001953
-0.00500202178955078 0.00423526763916016 -0.0359840393066406 -0.0115318298339844
-0.0107603073120117 -0.0058450698852539 -0.0489349365234375 -0.0119590759277344
-0.000132560729980468 -0.0124416351318359 -0.0744247436523437 -0.00768280029296876
0.000582695007324218 -0.00654458999633789 -0.0795440673828125 -0.0053558349609375
0.0294227600097656 0.0256881713867188 -0.0379791259765625 -0.0718917846679688
0.0260372161865234 0.0122909545898438 -0.0066986083984375 -0.0248813629150391
0.0161828994750977 0.00908756256103516 0.0302696228027344 -0.00140762329101562
0.0202445983886719 0.00911712646484375 0.060302734375 -0.0185394287109375
0.0237388610839844 -0.00149917602539063 0.0584373474121094 -0.0411605834960938
0.0192031860351563 -0.0176124572753906 0.0411415100097656 -0.0688209533691406
0.00962638854980469 -0.0281848907470703 0.0131912231445313 -0.0712051391601563
0.00728988647460937 -0.0261917114257813 -0.00794982910156251 -0.0554656982421875
0.00618934631347656 -0.0289573669433594 -0.0174713134765625 -0.0380058288574219
0.0145397186279297 -0.0271053314208984 -0.0216770172119141 -0.0269680023193359
0.0208473205566406 -0.0164718627929688 -0.0340728759765625 -0.0151023864746094
0.0182476043701172 -0.00823211669921875 -0.0359420776367188 -0.00975418090820313
0.0157432556152344 -0.00495243072509766 -0.0476226806640625 -0.00915908813476563
0.0275955200195312 -0.00283432006835937 -0.0668716430664063 -0.00219726562499999
0.0292911529541016 0.00786209106445313 -0.0714340209960938 0.00123596191406251
0.0508880615234375 0.0456199645996094 -0.01995849609375 -0.0588569641113281
0.0512733459472656 0.0315017700195312 0.00885772705078125 -0.0129098892211914
0.042633056640625 0.0190658569335938 0.0378875732421875 0.00256729125976563
0.0464286804199219 0.00931167602539062 0.0631523132324219 -0.0155296325683594
0.0436668395996094 -0.00930404663085938 0.0566482543945313 -0.0372428894042969
0.0336723327636719 -0.0356330871582031 0.0372810363769531 -0.0616340637207031
0.015625 -0.0475997924804688 0.0103645324707031 -0.0574226379394531
0.0123863220214844 -0.0434532165527344 -0.00930023193359375 -0.0392532348632813
0.0105171203613281 -0.0491981506347656 -0.0181465148925781 -0.0217514038085938
0.0209846496582031 -0.0481758117675781 -0.0243740081787109 -0.0145835876464844
0.0333538055419922 -0.0336170196533203 -0.0363197326660156 -0.00548553466796875
0.0370101928710937 -0.0211067199707031 -0.0370597839355469 -0.00570297241210937
0.0402565002441406 -0.00674819946289063 -0.0451850891113281 -0.00727844238281251
0.0526924133300781 0.005859375 -0.0530014038085938 0.00185012817382812
0.0530662536621094 0.0202102661132813 -0.0544815063476563 0.0109481811523437
0.0653915405273438 0.0576324462890625 0.00289535522460938 -0.0419921875
0.071502685546875 0.0442733764648438 0.0271949768066406 0.00202751159667969
0.0649032592773438 0.0242080688476563 0.0454444885253906 0.0073089599609375
0.0669631958007812 0.00533294677734375 0.0619850158691406 -0.0111770629882812
0.0576667785644531 -0.0183677673339844 0.0503120422363281 -0.0291709899902344
0.04132080078125 -0.0494117736816406 0.02972412109375 -0.0485954284667969
0.0189132690429688 -0.0594215393066406 0.00613021850585938 -0.0362167358398438
0.0151329040527344 -0.05401611328125 -0.00941371917724609 -0.0174493789672852
0.0132789611816406 -0.0610275268554688 -0.0166778564453125 -0.00105762481689453
0.0249595642089844 -0.0616188049316406 -0.0253887176513672 0.00281143188476562
0.0415153503417969 -0.0453948974609375 -0.0368156433105469 0.00739669799804688
0.0509185791015625 -0.0305099487304688 -0.0365943908691406 0.000144958496093741
0.0590057373046875 -0.00769805908203125 -0.0404891967773438 -0.00628662109375
0.0707855224609375 0.0130462646484375 -0.0342216491699219 0.00506973266601563
0.0686607360839844 0.0316963195800781 -0.0307788848876953 0.0235347747802734
0.0688018798828125 0.0601577758789063 0.0277748107910156 -0.0241775512695312
0.0807876586914063 0.0490264892578125 0.0459747314453125 0.0139656066894531
0.0758056640625 0.0233383178710938 0.0499496459960938 0.0112953186035156
0.0759201049804688 -0.00067901611328125 0.0572509765625 -0.004302978515625
0.061859130859375 -0.0261688232421875 0.0417709350585938 -0.0183296203613281
0.041168212890625 -0.0577583312988281 0.0211849212646484 -0.0294647216796875
0.0171890258789062 -0.0626068115234375 0.00336742401123047 -0.011439323425293
0.0148963928222656 -0.0563926696777344 -0.0079050064086914 0.00710916519165039
0.0142135620117188 -0.064422607421875 -0.0150909423828125 0.0213241577148437
0.0266914367675781 -0.0652618408203125 -0.0260868072509766 0.0220355987548828
0.0455169677734375 -0.0480079650878906 -0.0374526977539063 0.020782470703125
0.0584564208984375 -0.0333251953125 -0.0359230041503906 0.00634765625
0.0695686340332031 -0.00392913818359375 -0.0334796905517578 -0.00504112243652344
0.0785293579101563 0.022064208984375 -0.0134572982788086 0.00817203521728516
0.0718231201171875 0.0400924682617188 -0.005096435546875 0.0381546020507813
0.0609893798828125 0.0534324645996094 0.0517196655273438 -0.0102043151855469
0.077178955078125 0.0448074340820313 0.0628242492675781 0.0199928283691406
0.0731124877929688 0.0181808471679688 0.0519828796386719 0.011322021484375
0.0708694458007813 -0.0062103271484375 0.0489692687988281 0.00143051147460937
0.0549774169921875 -0.0301513671875 0.0318050384521484 -0.00546073913574219
0.0324440002441406 -0.0560874938964844 0.0139713287353516 -0.00819587707519532
0.0119094848632813 -0.0564460754394531 0.0019216537475586 0.013789176940918
0.0120010375976562 -0.0499000549316406 -0.00578689575195312 0.0308055877685547
0.0127029418945313 -0.0578346252441406 -0.0134201049804688 0.0432701110839844
0.0254135131835938 -0.0577850341796875 -0.0285148620605469 0.0396804809570312
0.0451469421386719 -0.0415878295898438 -0.0388450622558594 0.0327568054199219
0.0590019226074219 -0.0273361206054688 -0.0359535217285156 0.011962890625
0.0679550170898438 0.00405502319335937 -0.0260181427001953 -0.00372123718261719
0.0728683471679688 0.0301361083984375 0.0076131820678711 0.014216423034668
0.0625114440917969 0.0448112487792969 0.0186805725097656 0.0551185607910156
0.0432395935058594 0.0397911071777344 0.069610595703125 -0.00259017944335937
0.0614967346191406 0.0346183776855469 0.073699951171875 0.0192947387695313
0.0572509765625 0.0105781555175781 0.0508041381835938 0.00852203369140625
0.0535812377929688 -0.00982284545898438 0.0404930114746094 0.0066986083984375
0.0382041931152344 -0.028045654296875 0.0243320465087891 0.00634574890136718
0.0187339782714844 -0.0456352233886719 0.0103321075439453 0.0114908218383789
0.0050201416015625 -0.0410957336425781 0.00411605834960937 0.0342731475830078
0.00649452209472657 -0.0351123809814453 -0.002593994140625 0.0496101379394531
0.0085296630859375 -0.042388916015625 -0.0139656066894531 0.0602455139160156
0.0202827453613281 -0.0429534912109375 -0.03289794921875 0.0542182922363281
0.0377616882324219 -0.0298385620117188 -0.0431861877441406 0.0405540466308594
0.0500755310058594 -0.0168800354003906 -0.0373382568359375 0.0163955688476562
0.0562782287597656 0.0117454528808594 -0.0210418701171875 0.000473022460937497
0.0559654235839844 0.0336532592773438 0.0217876434326172 0.023468017578125
0.0431709289550781 0.0425796508789063 0.0357131958007812 0.0727615356445313
0.0176105499267578 0.0217571258544922 0.0799942016601563 3.05175781250013E-05
0.035919189453125 0.0216522216796875 0.077423095703125 0.0137557983398438
0.0334892272949219 0.00373268127441406 0.0477142333984375 0.0052032470703125
0.0287132263183594 -0.00918769836425781 0.0341987609863281 0.0108470916748047
0.0177726745605469 -0.0188045501708984 0.0218906402587891 0.0147552490234375
0.00376319885253906 -0.0260829925537109 0.0106754302978516 0.0254440307617188
-0.00190925598144531 -0.0181102752685547 0.0076446533203125 0.0476303100585938
8.01086425781265E-05 -0.0153751373291016 0.001007080078125 0.0612335205078125
0.0016632080078125 -0.0215549468994141 -0.0156021118164062 0.0702476501464844
0.00949478149414063 -0.0236988067626953 -0.0385398864746094 0.0627403259277344
0.0228233337402344 -0.0170612335205078 -0.0481986999511719 0.0453453063964844
0.0317821502685547 -0.00885963439941406 -0.0417938232421875 0.0202598571777344
0.0351905822753906 0.0125160217285156 -0.0199604034423828 0.00494956970214844
0.031829833984375 0.0266914367675781 0.0269660949707031 0.0327720642089844
0.0175323486328125 0.0311450958251953 0.0437698364257812 0.0861434936523437
0.00409531593322754 0.0035245418548584 -0.0530166625976563 -0.0730743408203125
-0.00215721130371094 -0.00742530822753906 -0.0200958251953125 -0.0289840698242187
-0.0103530883789062 -8.67843627929673E-05 0.0246086120605469 -0.00372886657714844
-0.00405454635620117 0.00826311111450195 0.055389404296875 -0.0237579345703125
0.00290298461914063 0.00582122802734375 0.0547370910644531 -0.0482673645019531
0.00345039367675781 0.000781536102294922 0.0361709594726563 -0.0744094848632813
0.00204706192016602 -0.00622129440307617 0.00773620605468749 -0.0788497924804688
0.000520229339599609 -0.0051727294921875 -0.0122528076171875 -0.0627403259277344
0.000515460968017578 -0.00478601455688477 -0.0187644958496094 -0.0452461242675781
0.00456857681274414 -0.00347471237182617 -0.0213737487792969 -0.0315189361572266
0.00460958480834961 0.00138425827026367 -0.0339717864990234 -0.0173130035400391
-0.00472593307495117 0.00504398345947266 -0.0379066467285156 -0.00983810424804688
-0.0113821029663086 -0.00487613677978516 -0.0503921508789063 -0.00989151000976561
-0.00184535980224609 -0.0126733779907227 -0.0764007568359375 -0.00240325927734374
-0.000360965728759765 -0.00605487823486328 -0.08251953125 0.00151824951171876
0.0326118469238281 0.0245304107666016 -0.0420265197753906 -0.0692481994628906
0.028106689453125 0.010589599609375 -0.00819969177246093 -0.0237197875976563
0.0172433853149414 0.00811290740966797 0.0310001373291016 -0.0030059814453125
0.0222911834716797 0.00692367553710937 0.0600051879882813 -0.02301025390625
0.0240707397460937 -0.00400924682617187 0.0567970275878906 -0.0462493896484375
0.0179023742675781 -0.019775390625 0.0359954833984375 -0.0724411010742188
0.00789642333984375 -0.0300197601318359 0.00714111328125 -0.0734024047851563
0.00558662414550781 -0.0272960662841797 -0.0132904052734375 -0.05438232421875
0.00467872619628906 -0.0298328399658203 -0.0215187072753906 -0.0367355346679688
0.0132522583007813 -0.0291290283203125 -0.0254688262939453 -0.0259819030761719
0.0200672149658203 -0.0181922912597656 -0.0363807678222656 -0.0125656127929688
0.0181236267089844 -0.00876998901367188 -0.0378456115722656 -0.00794982910156249
0.0153093338012695 -0.00611114501953125 -0.0488166809082031 -0.00654220581054687
0.0274925231933594 -0.00463294982910156 -0.0686454772949219 0.00292205810546875
0.0303707122802734 0.00568008422851563 -0.0739364624023438 0.00762939453125
0.0556831359863281 0.0421371459960937 -0.0237312316894531 -0.058013916015625
0.055206298828125 0.0272178649902344 0.00863742828369141 -0.0120973587036133
0.045257568359375 0.0158843994140625 0.0390281677246094 0.0011138916015625
0.0484580993652344 0.00495147705078125 0.0636215209960938 -0.0202560424804687
0.0435333251953125 -0.0136756896972656 0.0548210144042969 -0.0418014526367188
0.0307044982910156 -0.0384979248046875 0.032073974609375 -0.0650100708007813
0.011932373046875 -0.0492744445800781 0.00511550903320313 -0.0576553344726563
0.00923538208007812 -0.0447006225585938 -0.0133895874023437 -0.0379753112792969
0.00693130493164063 -0.0507659912109375 -0.0210971832275391 -0.019927978515625
0.0175323486328125 -0.0507049560546875 -0.0275917053222656 -0.0131511688232422
0.0319290161132813 -0.0369415283203125 -0.0387687683105469 -0.00254058837890625
0.0364570617675781 -0.0243339538574219 -0.038360595703125 -0.00352859497070313
0.0399894714355469 -0.00959396362304688 -0.0466156005859375 -0.00455093383789062
0.05303955078125 0.00185012817382813 -0.0543594360351562 0.00618362426757812
0.0558853149414062 0.0164146423339844 -0.0559921264648438 0.0160675048828125
0.0716705322265625 0.0529022216796875 0.000751495361328132 -0.0420646667480469
0.0757827758789063 0.0392532348632813 0.0280208587646484 0.00134468078613281
0.0673599243164063 0.0190200805664063 0.0471267700195313 0.0060577392578125
0.0687522888183594 -0.0005035400390625 0.0628204345703125 -0.0147247314453125
0.0566177368164063 -0.0237579345703125 0.0493698120117188 -0.0327072143554688
0.0367088317871094 -0.052947998046875 0.0258827209472656 -0.0508346557617188
0.0136833190917969 -0.061370849609375 0.003143310546875 -0.0365524291992188
0.0111312866210938 -0.0558929443359375 -0.0113563537597656 -0.0155019760131836
0.0076751708984375 -0.0634727478027344 -0.0181522369384766 0.000923156738281244
0.0194358825683594 -0.0649375915527344 -0.0274314880371094 0.00466537475585937
0.0381507873535156 -0.0490150451660156 -0.03863525390625 0.0106468200683594
0.0490074157714844 -0.0359840393066406 -0.0381546020507813 0.00243377685546875
0.0589981079101563 -0.0121536254882813 -0.0422744750976562 -0.00304412841796876
0.072113037109375 0.0074310302734375 -0.0355415344238281 0.00780868530273438
0.072265625 0.0262069702148438 -0.0308895111083984 0.0272731781005859
0.0749435424804688 0.0552825927734375 0.0277194976806641 -0.0263729095458984
0.085418701171875 0.0424957275390625 0.0481376647949219 0.0121116638183594
0.078338623046875 0.0185394287109375 0.0519905090332031 0.00925064086914063
0.0769195556640625 -0.006591796875 0.0585746765136719 -0.00704574584960938
0.0601768493652344 -0.0323600769042969 0.0408058166503906 -0.0211982727050781
0.0358123779296875 -0.0605926513671875 0.0184688568115234 -0.0312271118164063
0.0112838745117188 -0.0640029907226563 0.00271129608154297 -0.0115280151367188
0.00983428955078126 -0.0582122802734375 -0.00792789459228516 0.00909328460693359
0.00812149047851563 -0.0662460327148438 -0.0138931274414063 0.0239448547363281
0.0206565856933594 -0.0677566528320313 -0.0265941619873047 0.0245227813720703
0.0428657531738281 -0.0524330139160156 -0.0378761291503906 0.0241661071777344
0.05596923828125 -0.0390586853027344 -0.0368614196777344 0.00918960571289063
0.069793701171875 -0.00915908813476563 -0.0352554321289062 -0.00260543823242188
0.0803985595703125 0.0162811279296875 -0.0134496688842773 0.00978851318359375
0.0764236450195313 0.034912109375 -0.00335693359375 0.0401954650878906
0.0665664672851563 0.048614501953125 0.0526275634765625 -0.0139503479003906
0.08135986328125 0.0383834838867188 0.0653953552246094 0.0168952941894531
0.0750350952148438 0.012298583984375 0.0543479919433594 0.00968551635742188
0.0712661743164063 -0.0123748779296875 0.0505142211914063 -0.000282287597656251
0.0523147583007812 -0.0354347229003906 0.0325126647949219 -0.00701713562011719
0.027435302734375 -0.059417724609375 0.0134439468383789 -0.00881671905517578
0.00662994384765626 -0.0572052001953125 0.00370502471923828 0.0138406753540039
0.00774765014648438 -0.0510406494140625 -0.00333213806152344 0.0318717956542969
0.00730133056640625 -0.059234619140625 -0.0109672546386719 0.04541015625
0.0203781127929687 -0.0601310729980469 -0.0266990661621094 0.0429420471191406
0.0418472290039062 -0.0464248657226562 -0.0381889343261719 0.0361213684082031
0.0572967529296875 -0.0333938598632813 -0.0357704162597656 0.0150527954101563
0.0692024230957031 -0.001251220703125 -0.0279941558837891 -0.00137901306152344
0.0761260986328125 0.0242538452148438 0.00749588012695313 0.0134305953979492
0.0680046081542969 0.0400733947753906 0.0216598510742188 0.0554313659667969
0.0473823547363281 0.0359878540039063 0.0715255737304687 -0.0071563720703125
0.0645065307617188 0.02899169921875 0.076812744140625 0.0150680541992188
0.059417724609375 0.00582122802734375 0.0527992248535156 0.00664901733398437
0.0535964965820313 -0.0150833129882813 0.0426864624023438 0.00525283813476562
0.0360984802246094 -0.0320396423339844 0.0261363983154297 0.00567626953125
0.0143775939941406 -0.0465812683105469 0.0115890502929688 0.0109739303588867
0.00146484375 -0.041168212890625 0.00720787048339844 0.034332275390625
0.00332260131835937 -0.0354881286621094 0.00140762329101563 0.0507736206054687
0.00452423095703125 -0.0431976318359375 -0.00874710083007812 0.0624351501464844
0.0162391662597656 -0.0444374084472656 -0.0300750732421875 0.0576210021972656
0.0357017517089844 -0.0330276489257812 -0.0409736633300781 0.0446052551269531
0.0489654541015625 -0.0222091674804688 -0.0375518798828125 0.0193634033203125
0.0569877624511719 0.00720596313476563 -0.0218887329101562 0.00229835510253906
0.0590553283691406 0.0292129516601563 0.0230655670166016 0.0214519500732422
0.0472984313964844 0.0393333435058594 0.040435791015625 0.0707550048828125
0.0192356109619141 0.0200557708740234 0.0824127197265625 -0.00655364990234375
0.0387458801269531 0.0186767578125 0.0799789428710938 0.00917816162109375
0.0347309112548828 0.00136947631835938 0.0490913391113281 0.00337982177734375
0.0283088684082031 -0.0120525360107422 0.0360908508300781 0.00982666015625
0.0160427093505859 -0.0206623077392578 0.0234432220458984 0.014312744140625
0.000490188598632811 -0.0259819030761719 0.0131740570068359 0.0248374938964844
-0.00412559509277344 -0.0177650451660156 0.0127220153808594 0.0472984313964844
-0.00144672393798828 -0.014927864074707 0.0062713623046875 0.0613136291503906
-0.000429153442382812 -0.0209541320800781 -0.00951385498046875 0.0720367431640625
0.00688552856445313 -0.0244522094726563 -0.0345382690429687 0.0664176940917969
0.0212459564208984 -0.0190906524658203 -0.0459632873535156 0.0490951538085938
0.0310859680175781 -0.0112018585205078 -0.0408172607421875 0.0235099792480469
0.0365982055664063 0.00930023193359375 -0.0206127166748047 0.00636863708496094
0.0344638824462891 0.0243396759033203 0.0292892456054688 0.0302562713623047
0.0205230712890625 0.0295524597167969 0.04913330078125 0.0837631225585938
0.0047760009765625 0.00344371795654297 -0.0553550720214844 -0.0681877136230469
-0.00217437744140625 -0.0068359375 -0.0210704803466797 -0.026580810546875
-0.00965023040771485 0.000569343566894533 0.0245571136474609 -0.00504112243652344
-0.00308990478515625 0.00822925567626953 0.0531158447265625 -0.0269088745117188
0.00352764129638672 0.00471639633178711 0.0512199401855469 -0.0509834289550781
0.00382852554321289 0.000262975692749023 0.0304794311523438 -0.0751113891601563
0.00234556198120117 -0.00686264038085937 0.001373291015625 -0.0777206420898437
0.00177907943725586 -0.00523948669433594 -0.0166282653808594 -0.0596656799316406
0.0011754035949707 -0.004730224609375 -0.0230331420898437 -0.0424728393554688
0.00463485717773438 -0.00394964218139648 -0.0236301422119141 -0.0302276611328125
0.00497817993164063 0.00123786926269531 -0.03466796875 -0.0152225494384766
-0.00397968292236328 0.0062098503112793 -0.0380096435546875 -0.00780868530273438
-0.0117006301879883 -0.00338268280029297 -0.0502090454101562 -0.00780868530273437
-0.00291538238525391 -0.0123138427734375 -0.0756683349609375 0.00203704833984373
-0.00095987319946289 -0.00534677505493164 -0.0817108154296875 0.00768280029296874
0.0344486236572266 0.0212783813476563 -0.0440597534179687 -0.0643997192382813
0.0283737182617188 0.00758552551269531 -0.0086822509765625 -0.0218868255615234
0.0176773071289062 0.00674247741699219 0.0312309265136719 -0.00438308715820313
0.0226860046386719 0.00514984130859375 0.0577468872070312 -0.0258712768554687
0.0235843658447266 -0.00586128234863281 0.0528564453125 -0.0489349365234375
0.0163688659667969 -0.02105712890625 0.0304031372070313 -0.0731201171875
0.00605010986328125 -0.0302391052246094 0.0010833740234375 -0.070831298828125
0.00410652160644531 -0.0269927978515625 -0.0174636840820313 -0.0513839721679687
0.00272369384765625 -0.0300064086914063 -0.0247364044189453 -0.0335311889648438
0.0107173919677734 -0.0291595458984375 -0.0276660919189453 -0.0242366790771484
0.0192852020263672 -0.0189704895019531 -0.0376663208007812 -0.0100479125976562
0.01727294921875 -0.00948524475097656 -0.0382423400878906 -0.00595474243164063
0.0144557952880859 -0.00595569610595703 -0.0488395690917969 -0.00393295288085937
0.0260086059570313 -0.00595855712890625 -0.0678329467773437 0.00722885131835937
0.0303802490234375 0.00397300720214844 -0.0730514526367188 0.0134506225585937
0.0590705871582031 0.0373802185058594 -0.0249557495117187 -0.0541954040527344
0.0559196472167969 0.0221977233886719 0.00829219818115235 -0.0116262435913086
0.0449714660644531 0.0121421813964844 0.0394134521484375 -0.000385284423828124
0.0479545593261719 0.0014495849609375 0.0612373352050781 -0.0226097106933594
0.0417060852050781 -0.0168991088867188 0.0513458251953125 -0.0443305969238281
0.0268821716308594 -0.0394821166992188 0.0271568298339844 -0.0655364990234375
0.00830459594726563 -0.0489730834960938 0.00056838989257813 -0.0565834045410156
0.00593185424804688 -0.0454216003417969 -0.016357421875 -0.0350112915039063
0.00288009643554687 -0.0501976013183594 -0.0229473114013672 -0.0169029235839844
0.0135993957519531 -0.0507736206054688 -0.0291500091552734 -0.0108203887939453
0.0280838012695313 -0.0383186340332031 -0.0388908386230469 -0.000297546386718753
0.0338840484619141 -0.0261554718017578 -0.0388221740722656 -0.0012664794921875
0.0378494262695313 -0.0118293762207031 -0.0463752746582031 -0.00121307373046874
0.0519447326660156 -0.0018463134765625 -0.0537185668945313 0.00988388061523437
0.0555458068847656 0.0127983093261719 -0.0545616149902344 0.0214500427246094
0.0742340087890625 0.0469970703125 -0.000312805175781249 -0.0409927368164063
0.0773162841796875 0.0319137573242187 0.0281028747558594 0.000852584838867189
0.0670089721679688 0.0146293640136719 0.0471611022949219 0.00487136840820313
0.0672683715820313 -0.005584716796875 0.0610389709472656 -0.0172233581542969
0.0536689758300781 -0.0276985168457031 0.0458526611328125 -0.0348587036132813
0.0321922302246094 -0.0541572570800781 0.0217971801757813 -0.0505180358886719
0.00887680053710937 -0.059967041015625 0.000442504882812503 -0.0351829528808594
0.00648117065429687 -0.0554428100585938 -0.0128965377807617 -0.0134029388427734
0.00295257568359375 -0.062774658203125 -0.0185127258300781 0.00299835205078125
0.0142936706542969 -0.0642051696777344 -0.0276699066162109 0.00658226013183594
0.0341300964355469 -0.0510025024414063 -0.0384635925292969 0.0129318237304687
0.0448074340820313 -0.0386810302734375 -0.0380516052246094 0.00492858886718749
0.0563278198242188 -0.0149383544921875 -0.0418548583984375 -0.000278472900390631
0.0707931518554687 0.003143310546875 -0.0349082946777344 0.0102062225341797
0.072784423828125 0.02044677734375 -0.0296382904052734 0.0296115875244141
0.07733154296875 0.0484085083007813 0.0269260406494141 -0.0271377563476563
0.0861434936523438 0.0355148315429688 0.0489273071289063 0.0100822448730469
0.0778045654296875 0.0126113891601563 0.0525779724121094 0.00778961181640625
0.07550048828125 -0.0129013061523438 0.0575027465820313 -0.00944137573242188
0.0566253662109375 -0.0358161926269531 0.0391807556152344 -0.0224456787109375
0.0301666259765625 -0.0610198974609375 0.0162105560302734 -0.0315036773681641
0.00627136230468749 -0.0625495910644531 0.00165081024169922 -0.0108547210693359
0.00534439086914062 -0.0570945739746094 -0.00764369964599609 0.0106039047241211
0.00260543823242188 -0.0648841857910156 -0.0130710601806641 0.0252513885498047
0.0147056579589844 -0.0674285888671875 -0.0255889892578125 0.0261039733886719
0.0371665954589844 -0.0545463562011719 -0.0363006591796875 0.0263824462890625
0.051971435546875 -0.0427284240722656 -0.0365028381347656 0.0109825134277344
0.0669097900390625 -0.01348876953125 -0.0357398986816406 0.000293731689453119
0.0797271728515625 0.0101547241210938 -0.0134906768798828 0.0104961395263672
0.0777664184570313 0.0281753540039062 -0.00221252441406249 0.0406875610351563
0.0690269470214844 0.0427970886230469 0.0521774291992188 -0.0168952941894531
0.0821914672851563 0.0310745239257813 0.0657234191894531 0.0131454467773438
0.0743026733398438 0.0075225830078125 0.0545539855957031 0.00726699829101563
0.0687408447265625 -0.0176849365234375 0.0503311157226563 -0.0022430419921875
0.0483818054199219 -0.0388031005859375 0.0311851501464844 -0.00790596008300782
0.0220565795898437 -0.0588607788085938 0.0123004913330078 -0.00907039642333985
0.00177764892578125 -0.0554733276367188 0.0048065185546875 0.0132055282592773
0.00312042236328125 -0.0496444702148438 -0.000816345214843752 0.0324192047119141
0.00196456909179687 -0.0577163696289063 -0.007598876953125 0.0456275939941406
0.0144081115722656 -0.060333251953125 -0.024566650390625 0.0440025329589844
0.0375709533691406 -0.048736572265625 -0.0359268188476563 0.0381355285644531
0.0531539916992188 -0.0369682312011719 -0.03564453125 0.016571044921875
0.0670089721679688 -0.00606536865234375 -0.0277748107910156 0.0010986328125
0.0760726928710938 0.018646240234375 0.00737762451171875 0.0131120681762695
0.0693092346191406 0.0338172912597656 0.0232925415039062 0.0534744262695313
0.0490074157714844 0.0307960510253906 0.0709915161132813 -0.0122299194335938
0.0654754638671875 0.0240707397460938 0.0763168334960938 0.0105743408203125
0.0584030151367187 0.0019683837890625 0.0527725219726563 0.00481414794921875
0.0512733459472656 -0.0187187194824219 0.0421066284179688 0.00394439697265625
0.0327739715576172 -0.0335044860839844 0.0261726379394531 0.00391387939453125
0.00993347167968749 -0.0458908081054688 0.0119390487670898 0.00997352600097656
-0.00278091430664063 -0.0390625 0.0101051330566406 0.0329456329345703
0.000438690185546874 -0.0344161987304688 0.00578689575195313 0.0493240356445313
0.000484466552734378 -0.0412559509277344 -0.00482177734375 0.0621910095214844
0.0111160278320312 -0.0439262390136719 -0.025909423828125 0.0585479736328125
0.0318107604980469 -0.0353469848632812 -0.0389022827148438 0.0465965270996094
0.0459136962890625 -0.0254783630371094 -0.0359840393066406 0.02154541015625
0.0558090209960937 0.00305938720703125 -0.0215225219726562 0.00395965576171875
0.0602340698242188 0.0238533020019531 0.0232868194580078 0.0193386077880859
0.0502052307128906 0.0344467163085938 0.0424156188964844 0.0671844482421875
0.0209846496582031 0.0178146362304688 0.0814437866210938 -0.0123062133789062
0.0390892028808594 0.0150146484375 0.0797805786132813 0.0040740966796875
0.0341148376464844 -0.00107192993164063 0.0489921569824219 0.00131988525390625
0.0267505645751953 -0.0144367218017578 0.0364837646484375 0.00829696655273437
0.0136585235595703 -0.0215835571289063 0.0241127014160156 0.0128421783447266
-0.00196075439453125 -0.0248279571533203 0.0154666900634766 0.0238208770751953
-0.00531673431396484 -0.0158329010009766 0.0158309936523438 0.0451622009277344
-0.00260639190673828 -0.0136213302612305 0.0108184814453125 0.0584907531738281
-0.00289344787597656 -0.0195140838623047 -0.00404357910156249 0.0709686279296875
0.00392532348632812 -0.0234451293945312 -0.0297050476074219 0.0670394897460938
0.0187473297119141 -0.0204029083251953 -0.0421829223632812 0.0517616271972656
0.0293712615966797 -0.0140323638916016 -0.0387191772460937 0.0255813598632813
0.0360298156738281 0.00711441040039063 -0.0200920104980469 0.00827407836914063
0.035003662109375 0.0213680267333984 0.0298271179199219 0.0273113250732422
0.0223636627197266 0.0267124176025391 0.052093505859375 0.0790786743164063
0.00548696517944336 0.00379085540771484 -0.0544662475585937 -0.0641860961914063
-0.00201797485351562 -0.00656652450561523 -0.0203266143798828 -0.0240097045898437
-0.00941181182861328 0.00109291076660156 0.0237197875976563 -0.00567626953125
-0.00238275527954102 0.00787544250488281 0.0507316589355469 -0.0276145935058594
0.00392532348632813 0.00478076934814453 0.0476799011230469 -0.0510406494140625
0.00394868850708008 -0.000810384750366211 0.0265884399414063 -0.0740737915039063
0.00225257873535156 -0.00798225402832031 -0.00185394287109376 -0.0742263793945313
0.00173854827880859 -0.00555324554443359 -0.0187187194824219 -0.0557899475097656
0.00199747085571289 -0.00524139404296875 -0.0242767333984375 -0.0398597717285156
0.00535917282104492 -0.00395727157592773 -0.0250492095947266 -0.0287036895751953
0.00539684295654297 0.000897884368896484 -0.0346488952636719 -0.0136623382568359
-0.00319337844848633 0.00677490234375 -0.0373725891113281 -0.00727462768554688
-0.0114688873291016 -0.00245285034179687 -0.04931640625 -0.00710296630859374
-0.00357341766357422 -0.0108757019042969 -0.073333740234375 0.00438690185546874
-0.000772237777709961 -0.00438904762268066 -0.0793914794921875 0.0117568969726562
0.0345573425292969 0.0193405151367188 -0.0434532165527344 -0.0605430603027344
0.0279598236083984 0.00588798522949219 -0.00896453857421874 -0.019256591796875
0.0176925659179687 0.00551986694335937 0.0304527282714844 -0.00444412231445313
0.0225143432617188 0.00371360778808594 0.055328369140625 -0.0267715454101563
0.0226287841796875 -0.00676727294921875 0.049224853515625 -0.0489349365234375
0.0151462554931641 -0.0207843780517578 0.0264205932617188 -0.0715560913085938
0.0044097900390625 -0.0296974182128906 -0.00185775756835938 -0.0679550170898438
0.0033721923828125 -0.0271282196044922 -0.0195236206054687 -0.0473365783691406
0.00234603881835938 -0.0291366577148438 -0.0257740020751953 -0.0308341979980469
0.0100746154785156 -0.0290851593017578 -0.0286808013916016 -0.0223503112792969
0.0184669494628906 -0.0194683074951172 -0.0378990173339844 -0.00878524780273438
0.0169553756713867 -0.00931644439697266 -0.0377693176269531 -0.00517654418945313
0.0135898590087891 -0.0059356689453125 -0.0478477478027344 -0.00301361083984375
0.0243129730224609 -0.00664710998535156 -0.0653076171875 0.00926971435546874
0.028900146484375 0.00314521789550781 -0.0707244873046875 0.0166244506835938
0.0585708618164063 0.03369140625 -0.0243415832519531 -0.0513343811035156
0.0548324584960937 0.0190963745117187 0.00828838348388672 -0.00979042053222656
0.0440864562988281 0.010589599609375 0.0391044616699219 -0.000465393066406249
0.0465164184570313 -0.0009918212890625 0.0587615966796875 -0.0228691101074219
0.0395660400390625 -0.0180931091308594 0.0482139587402344 -0.0438270568847656
0.0242042541503906 -0.0388259887695313 0.0236473083496094 -0.0635299682617188
0.00618362426757812 -0.0476303100585938 -0.00180435180664062 -0.0537338256835938
0.00401687622070313 -0.0438804626464844 -0.0175304412841797 -0.0311450958251953
0.00115966796875 -0.0488090515136719 -0.0234832763671875 -0.0147686004638672
0.0110130310058594 -0.0495948791503906 -0.0304660797119141 -0.00928497314453125
0.0265922546386719 -0.0384407043457031 -0.0389862060546875 0.001434326171875
0.0317974090576172 -0.0259952545166016 -0.0380935668945313 -0.000675201416015624
0.0361709594726563 -0.0115699768066406 -0.0453147888183594 0.000125885009765615
0.0493888854980469 -0.00310516357421875 -0.0522727966308594 0.011688232421875
0.0544776916503906 0.00986862182617188 -0.0531425476074219 0.0237197875976563
0.0737686157226563 0.0419692993164063 -0.00017166137695312 -0.0386581420898438
0.0757598876953125 0.0278701782226562 0.0283298492431641 0.00124359130859375
0.0654830932617188 0.011505126953125 0.0467376708984375 0.00476837158203125
0.064910888671875 -0.00832748413085938 0.0597114562988281 -0.0172348022460938
0.0504074096679688 -0.0290565490722656 0.0437393188476563 -0.0352096557617188
0.0284500122070313 -0.0530967712402344 0.0190200805664063 -0.0491676330566406
0.00591659545898437 -0.0580825805664063 -0.00121688842773438 -0.0333347320556641
0.00428009033203125 -0.053314208984375 -0.0127716064453125 -0.0109672546386719
0.000591278076171876 -0.0598030090332031 -0.0185222625732422 0.00502204895019531
0.0110702514648438 -0.0623817443847656 -0.0284481048583984 0.00776290893554687
0.0311965942382813 -0.0504531860351563 -0.0377464294433594 0.0139617919921875
0.0423660278320313 -0.0385055541992188 -0.0377006530761719 0.00541305541992187
0.0539360046386719 -0.0161972045898438 -0.0411491394042969 0.00131988525390624
0.0679435729980469 0.000545501708984375 -0.0336284637451172 0.0119972229003906
0.07098388671875 0.0168228149414063 -0.028900146484375 0.0314559936523438
0.077850341796875 0.043212890625 0.0263271331787109 -0.0267086029052734
0.0844497680664062 0.0301055908203125 0.0482940673828125 0.009490966796875
0.0754623413085938 0.0094146728515625 0.0519866943359375 0.00795364379882813
0.0716705322265625 -0.01470947265625 0.0560264587402344 -0.00947189331054688
0.0522956848144531 -0.0366020202636719 0.0372505187988281 -0.0223617553710938
0.02630615234375 -0.0594100952148437 0.0141754150390625 -0.0296669006347656
0.00332260131835937 -0.0601806640625 0.000983238220214844 -0.00980567932128907
0.00283050537109375 -0.0547714233398438 -0.0064697265625 0.0112228393554687
-0.000720977783203118 -0.0622596740722656 -0.0118350982666016 0.0254955291748047
0.0109024047851563 -0.0656890869140625 -0.0253486633300781 0.0265064239501953
0.0339889526367188 -0.0540313720703125 -0.0359039306640625 0.0273780822753906
0.0483741760253906 -0.0431480407714844 -0.0358505249023438 0.0114326477050781
0.0636253356933594 -0.0149269104003906 -0.0353775024414062 0.00171661376953125
0.0772476196289063 0.007415771484375 -0.0135955810546875 0.0114068984985352
0.0759811401367188 0.023834228515625 -0.00217437744140625 0.04034423828125
0.0685615539550781 0.0375404357910156 0.0506629943847656 -0.0175704956054687
0.0798263549804688 0.0268020629882812 0.0653419494628906 0.0114059448242188
0.0719223022460937 0.0051422119140625 0.0534782409667969 0.00711441040039063
0.0657615661621094 -0.0198020935058594 0.0496139526367188 -0.00243377685546875
0.0450286865234375 -0.0385894775390625 0.0304393768310547 -0.0080108642578125
0.0181350708007813 -0.05657958984375 0.0116453170776367 -0.00821113586425782
-0.000488281250000003 -0.0522918701171875 0.0054473876953125 0.0128021240234375
0.001312255859375 -0.0473175048828125 0.000963211059570313 0.0319385528564453
-0.000705718994140619 -0.0550384521484375 -0.00575637817382812 0.0446662902832031
0.0106658935546875 -0.0583038330078125 -0.023162841796875 0.0439338684082031
0.0336189270019531 -0.0485763549804688 -0.0342941284179688 0.038330078125
0.0495872497558594 -0.03839111328125 -0.0344104766845703 0.0174598693847656
0.0645408630371094 -0.00765228271484375 -0.0272636413574219 0.00265693664550781
0.07415771484375 0.0149917602539063 0.00717735290527344 0.0126724243164063
0.068389892578125 0.0291824340820313 0.0230178833007813 0.0523490905761719
0.0491104125976563 0.0272560119628906 0.0690345764160156 -0.0137367248535156
0.0639190673828125 0.0196151733398438 0.07501220703125 0.00836181640625
0.0564079284667969 -0.000274658203125 0.0516395568847656 0.00487518310546875
0.0487060546875 -0.0203399658203125 0.0423088073730469 0.00391387939453125
0.0301151275634766 -0.0338363647460938 0.0257606506347656 0.00421524047851562
0.00716400146484375 -0.0438499450683594 0.0123815536499023 0.0107021331787109
-0.00413894653320313 -0.0358238220214844 0.0115756988525391 0.0318279266357422
-0.001220703125 -0.0322284698486328 0.0074615478515625 0.0475578308105469
-0.00169754028320313 -0.0389060974121094 -0.001922607421875 0.0597610473632812
0.00829315185546875 -0.0430717468261719 -0.0242462158203125 0.0576705932617188
0.0286636352539063 -0.0358123779296875 -0.0364112854003906 0.046905517578125
0.0424537658691406 -0.0274276733398438 -0.034271240234375 0.0218009948730469
0.0544357299804688 0.00116729736328125 -0.0217456817626953 0.00487709045410156
0.0587882995605469 0.0206451416015625 0.0221271514892578 0.0180511474609375
0.0494728088378906 0.0303802490234375 0.0422210693359375 0.0648612976074219
0.0207290649414063 0.0153083801269531 0.0790634155273438 -0.0151519775390625
0.0379867553710938 0.01263427734375 0.07757568359375 0.00167083740234375
0.0328083038330078 -0.00214004516601563 0.0473213195800781 0.001251220703125
0.0252876281738281 -0.0152816772460938 0.0365943908691406 0.00817108154296875
0.0116195678710938 -0.0208530426025391 0.0242805480957031 0.0122165679931641
-0.00362396240234375 -0.0231094360351563 0.015960693359375 0.0231037139892578
-0.00621986389160156 -0.0141696929931641 0.0180206298828125 0.0421524047851563
-0.00362396240234375 -0.0123720169067383 0.0139312744140625 0.05633544921875
-0.003692626953125 -0.0181369781494141 -0.000835418701171868 0.0684547424316406
0.00207710266113281 -0.0222988128662109 -0.0267295837402344 0.0659332275390625
0.0165290832519531 -0.0209522247314453 -0.0399551391601563 0.0513038635253906
0.0273303985595703 -0.0152244567871094 -0.0369606018066406 0.0261154174804687
0.0350532531738281 0.00544357299804688 -0.0192604064941406 0.00828742980957031
0.0347728729248047 0.0184612274169922 0.0291557312011719 0.0245876312255859
0.0229110717773438 0.0239238739013672 0.0516891479492188 0.0749130249023438
0.00481367111206055 0.00388574600219727 -0.0518112182617187 -0.0628318786621094
-0.0017390251159668 -0.00582218170166016 -0.0192184448242187 -0.0230464935302734
-0.00845670700073242 0.00107717514038086 0.0239791870117188 -0.0051116943359375
-0.00174331665039063 0.00760126113891602 0.0498695373535156 -0.0266685485839844
0.00369477272033691 0.00425100326538086 0.0468406677246094 -0.0502433776855469
0.00460958480834961 -0.00128746032714844 0.0259246826171875 -0.0724411010742188
0.00260686874389648 -0.00843238830566406 -0.001861572265625 -0.0715789794921875
0.00236368179321289 -0.00619983673095703 -0.0189590454101562 -0.0528335571289063
0.00259160995483398 -0.00538873672485351 -0.0248641967773437 -0.0383033752441406
0.00600433349609375 -0.00437307357788086 -0.0260028839111328 -0.0275783538818359
0.00600910186767578 0.000749111175537109 -0.0350666046142578 -0.0136928558349609
-0.00207376480102539 0.00710630416870117 -0.0373268127441406 -0.00796890258789063
-0.0112447738647461 -0.00134658813476563 -0.0483436584472656 -0.00783538818359375
-0.00403308868408203 -0.0105276107788086 -0.0716171264648437 0.00403594970703126
-0.001220703125 -0.00330328941345215 -0.0778121948242188 0.0123367309570312
0.0344715118408203 0.0197277069091797 -0.0406112670898438 -0.058868408203125
0.0271091461181641 0.00555419921875 -0.00742530822753906 -0.0181484222412109
0.0172481536865234 0.00572681427001953 0.0310916900634766 -0.00324058532714844
0.0221424102783203 0.00305557250976562 0.0547256469726563 -0.02587890625
0.0217304229736328 -0.00677299499511719 0.0484085083007812 -0.0477523803710938
0.0144443511962891 -0.0205936431884766 0.0261154174804688 -0.0695075988769531
0.00449752807617188 -0.0297145843505859 -0.00210189819335938 -0.0653648376464844
0.0031280517578125 -0.0269622802734375 -0.0192832946777344 -0.0441207885742188
0.00266075134277344 -0.0289802551269531 -0.0265960693359375 -0.0292282104492188
0.0101490020751953 -0.0282115936279297 -0.0297946929931641 -0.0217628479003906
0.0183563232421875 -0.0190391540527344 -0.0375709533691406 -0.00857162475585937
0.0171003341674805 -0.00844097137451172 -0.0374069213867188 -0.005706787109375
0.0133790969848633 -0.00421047210693359 -0.0470771789550781 -0.00403213500976563
0.0229969024658203 -0.00580978393554688 -0.0644950866699219 0.00923919677734375
0.0279197692871094 0.00358390808105469 -0.0703887939453125 0.01788330078125
0.0577621459960937 0.0322189331054687 -0.0224723815917969 -0.0498313903808594
0.0537605285644531 0.0186233520507813 0.00889682769775391 -0.00841903686523437
0.0431060791015625 0.0101127624511719 0.0385589599609375 0.000633239746093751
0.0455093383789063 -0.00174331665039063 0.0582008361816406 -0.0216903686523437
0.0385398864746094 -0.0183372497558594 0.0475692749023438 -0.0429000854492187
0.0234603881835937 -0.0383758544921875 0.0232124328613281 -0.061553955078125
0.00579071044921875 -0.0459442138671875 -0.00201034545898437 -0.0511474609375
0.00449371337890625 -0.0433425903320313 -0.0172328948974609 -0.0291690826416016
0.0010528564453125 -0.0477027893066406 -0.0240573883056641 -0.0134658813476563
0.0108261108398437 -0.0488090515136719 -0.0308341979980469 -0.00875091552734375
0.026153564453125 -0.0372962951660156 -0.0391654968261719 0.00159072875976563
0.0314903259277344 -0.0249710083007813 -0.0384063720703125 -0.000770568847656255
0.0350551605224609 -0.0104351043701172 -0.0453338623046875 2.28881835937466E-05
0.0479278564453125 -0.002716064453125 -0.0519180297851563 0.0123558044433594
0.0525970458984375 0.0096588134765625 -0.0531387329101563 0.0251731872558594
0.072845458984375 0.0403366088867188 0.00178527832031251 -0.0374984741210938
0.073577880859375 0.0264739990234375 0.0288257598876953 0.00272178649902344
0.0641403198242188 0.0111579895019531 0.0472564697265625 0.00558853149414063
0.0628433227539062 -0.0085601806640625 0.0592994689941406 -0.0152320861816406
0.0491142272949219 -0.0288429260253906 0.0437736511230469 -0.0333938598632813
0.0276832580566406 -0.0507659912109375 0.0188369750976563 -0.0474128723144531
0.00531005859374999 -0.0559921264648438 -0.000719070434570312 -0.0316486358642578
0.00396347045898438 -0.052734375 -0.0124368667602539 -0.00843620300292969
-0.001007080078125 -0.0583076477050781 -0.0183200836181641 0.0061187744140625
0.00918960571289063 -0.0611228942871094 -0.0293388366699219 0.00868797302246093
0.0305290222167969 -0.0495796203613281 -0.0390052795410156 0.0140800476074219
0.0409393310546875 -0.0376052856445313 -0.0382728576660156 0.0051727294921875
0.051788330078125 -0.0152359008789063 -0.0410537719726563 0.00191116333007812
0.0669403076171875 0.000530242919921875 -0.0342445373535156 0.0121822357177734
0.0693511962890625 0.01593017578125 -0.0295448303222656 0.0322780609130859
0.0765457153320312 0.0417709350585937 0.0274906158447266 -0.0255794525146484
0.0820541381835937 0.0286788940429687 0.0483360290527344 0.0101432800292969
0.07342529296875 0.00919342041015625 0.0517768859863281 0.00960540771484375
0.0700645446777344 -0.015838623046875 0.0553932189941406 -0.0081634521484375
0.050384521484375 -0.0365180969238281 0.0368156433105469 -0.0209197998046875
0.025390625 -0.0577125549316406 0.0133934020996094 -0.0278301239013672
0.00262069702148438 -0.0582351684570313 0.000961303710937501 -0.00870323181152344
0.0025634765625 -0.0532493591308594 -0.00650882720947265 0.0124835968017578
-0.00165176391601563 -0.059173583984375 -0.0117378234863281 0.0256576538085937
0.00983428955078125 -0.0638923645019531 -0.0260429382324219 0.0271186828613281
0.032440185546875 -0.0534896850585938 -0.0358848571777344 0.0273704528808594
0.046844482421875 -0.0426139831542969 -0.0361785888671875 0.011016845703125
0.0619926452636719 -0.0150222778320313 -0.0341339111328125 0.00202369689941406
0.0757293701171875 0.0068511962890625 -0.0137290954589844 0.0118074417114258
0.0752410888671875 0.0225296020507813 -0.00353622436523437 0.0413780212402344
0.0667533874511719 0.035980224609375 0.0502548217773438 -0.0175361633300781
0.0775985717773438 0.0250015258789063 0.06396484375 0.0123825073242188
0.07061767578125 0.00506591796875 0.0530166625976563 0.0087890625
0.0642433166503906 -0.019622802734375 0.0495262145996094 -0.00102996826171875
0.0432701110839844 -0.0384941101074219 0.0307445526123047 -0.00652503967285157
0.0172576904296875 -0.0548934936523438 0.0112743377685547 -0.00711441040039063
-0.000850677490234377 -0.049835205078125 0.00614547729492187 0.0131797790527344
0.000572204589843747 -0.0457000732421875 0.00139808654785156 0.0315589904785156
-0.00179672241210938 -0.0522804260253906 -0.00498580932617187 0.0438728332519531
0.00872802734374999 -0.0567398071289062 -0.0239486694335938 0.0438232421875
0.032012939453125 -0.048126220703125 -0.0346107482910156 0.0382804870605469
0.0476226806640625 -0.0384254455566406 -0.034454345703125 0.0169105529785156
0.062591552734375 -0.00817489624023438 -0.0273609161376953 0.00317764282226563
0.0728530883789063 0.0142974853515625 0.00622558593750001 0.0132579803466797
0.0671615600585938 0.027252197265625 0.0216331481933594 0.0521278381347656
0.0482215881347656 0.0251693725585938 0.0681648254394531 -0.0144271850585937
0.0619926452636719 0.0176582336425781 0.0741119384765625 0.008392333984375
0.0547866821289062 -0.000286102294921875 0.0506629943847656 0.00561904907226563
0.0475120544433594 -0.02032470703125 0.0419349670410156 0.00434494018554687
0.0280418395996094 -0.0326919555664062 0.0253257751464844 0.0050811767578125
0.00564193725585938 -0.0420341491699219 0.0118303298950195 0.0104608535766602
-0.00422096252441406 -0.0346908569335938 0.0120391845703125 0.0306472778320312
-0.00129508972167969 -0.0305805206298828 0.00805282592773437 0.0462532043457031
-0.00268173217773438 -0.0373878479003906 -0.00150299072265626 0.0587654113769531
0.00679779052734375 -0.0408134460449219 -0.0236244201660156 0.0572891235351563
0.0267753601074219 -0.0351982116699219 -0.036376953125 0.0468826293945313
0.0400276184082031 -0.0266227722167969 -0.0345039367675781 0.0218582153320313
0.0525703430175781 0.001190185546875 -0.02130126953125 0.00509643554687501
0.0576400756835938 0.0197486877441406 0.0209026336669922 0.0177116394042969
0.0487136840820313 0.0284500122070313 0.0398101806640625 0.063751220703125
0.0212421417236328 0.0141010284423828 0.0783233642578125 -0.0158309936523438
0.037384033203125 0.0107269287109375 0.076263427734375 0.0012664794921875
0.0315761566162109 -0.00279617309570312 0.0474166870117188 0.00243759155273437
0.0241222381591797 -0.0156364440917969 0.0364913940429688 0.0091094970703125
0.0107612609863281 -0.0213832855224609 0.0251102447509766 0.0124988555908203
-0.00420951843261719 -0.0213737487792969 0.0163097381591797 0.0224056243896484
-0.00613212585449219 -0.0130243301391602 0.0188026428222656 0.0408592224121094
-0.00334739685058594 -0.0108251571655273 0.0142326354980469 0.0542945861816406
-0.00424766540527344 -0.0162639617919922 1.90734863281273E-05 0.0666275024414063
0.00138664245605469 -0.0209751129150391 -0.0255355834960938 0.0648307800292969
0.0154914855957031 -0.0202980041503906 -0.0389595031738281 0.0509185791015625
0.0265712738037109 -0.0149173736572266 -0.0369110107421875 0.0257759094238281
0.0340023040771484 0.00520706176757813 -0.0187129974365234 0.00787734985351562
0.0340576171875 0.0180740356445313 0.0277938842773438 0.0238819122314453
0.0230827331542969 0.0222415924072266 0.0495986938476563 0.0737152099609375
0.00574684143066406 0.00534248352050781 -0.0504188537597656 -0.0636444091796875
-0.00125932693481445 -0.00570249557495117 -0.0185909271240234 -0.0223102569580078
-0.00800180435180664 0.001220703125 0.0241680145263672 -0.00481033325195313
-0.00116395950317383 0.00750255584716797 0.0502090454101562 -0.0265655517578125
0.00441074371337891 0.0037994384765625 0.0477714538574219 -0.0500717163085937
0.00510597229003906 -0.00119352340698242 0.0267105102539063 -0.0720367431640625
0.00288772583007812 -0.00944232940673828 -0.00200653076171875 -0.072113037109375
0.00328588485717773 -0.00734663009643555 -0.0187263488769531 -0.0529289245605469
0.00308084487915039 -0.00626277923583984 -0.025390625 -0.0382461547851563
0.00703954696655274 -0.00484752655029297 -0.0268917083740234 -0.0284709930419922
0.00662851333618164 0.00172853469848633 -0.0355567932128906 -0.0144615173339844
-0.0017237663269043 0.00790929794311523 -0.037994384765625 -0.0090484619140625
-0.0113544464111328 -0.000850677490234376 -0.0494575500488281 -0.009918212890625
-0.00423717498779297 -0.0104513168334961 -0.0729598999023438 0.00323486328124999
-0.00164175033569336 -0.0020519495010376 -0.0805435180664062 0.0130462646484375
0.0343246459960938 0.0199661254882813 -0.0390739440917969 -0.0601921081542969
0.0281162261962891 0.00611305236816406 -0.00659275054931641 -0.0170078277587891
0.0179653167724609 0.0059051513671875 0.0318527221679688 -0.00235366821289062
0.0225257873535156 0.00319862365722656 0.0555419921875 -0.0248069763183594
0.0222396850585938 -0.00692367553710937 0.0491752624511719 -0.0477371215820313
0.0148830413818359 -0.0207099914550781 0.026580810546875 -0.0694198608398438
0.00472831726074218 -0.0302753448486328 -0.00167083740234376 -0.0645065307617188
0.00422286987304687 -0.0282630920410156 -0.0193901062011719 -0.0432052612304688
0.00309181213378906 -0.0290603637695313 -0.0277519226074219 -0.0281848907470703
0.0110435485839844 -0.0291614532470703 -0.0314292907714844 -0.0218353271484375
0.0196113586425781 -0.0190296173095703 -0.0388641357421875 -0.00878143310546875
0.0176105499267578 -0.00738334655761719 -0.0389022827148438 -0.0068817138671875
0.0132017135620117 -0.00380516052246094 -0.0483779907226563 -0.00494384765625
0.0226154327392578 -0.00520133972167969 -0.06524658203125 0.00976562500000001
0.0283222198486328 0.0047149658203125 -0.0719757080078125 0.0187835693359375
0.0589370727539063 0.0338935852050781 -0.0205650329589844 -0.0509147644042969
0.0548744201660156 0.0186424255371094 0.0100994110107422 -0.00690269470214844
0.0437583923339844 0.010284423828125 0.0400276184082031 0.00277328491210938
0.0460281372070313 -0.00133895874023437 0.0598602294921875 -0.0203399658203125
0.0387649536132812 -0.0182952880859375 0.048004150390625 -0.0420379638671875
0.024322509765625 -0.0382347106933594 0.0227813720703125 -0.0611114501953125
0.00656509399414063 -0.0466461181640625 -0.00215911865234375 -0.0508575439453125
0.00472259521484375 -0.0445060729980469 -0.0168590545654297 -0.0277786254882813
0.00104141235351563 -0.0478668212890625 -0.0246524810791016 -0.0126419067382813
0.0115852355957031 -0.0485763549804688 -0.0334968566894531 -0.00816917419433594
0.0267868041992187 -0.037322998046875 -0.0411834716796875 0.001251220703125
0.0325984954833984 -0.024261474609375 -0.0400047302246094 -0.00202178955078124
0.0356101989746094 -0.009002685546875 -0.0460624694824219 -0.000629425048828126
0.047943115234375 -0.00143814086914063 -0.0525741577148438 0.0124435424804687
0.052642822265625 0.0113372802734375 -0.0547828674316406 0.0262451171875
0.072540283203125 0.04058837890625 0.00391387939453125 -0.0375099182128906
0.073516845703125 0.0261764526367188 0.029815673828125 0.00467681884765625
0.0644760131835938 0.0121841430664063 0.0481643676757813 0.00824737548828125
0.0638618469238281 -0.0082550048828125 0.060394287109375 -0.0143852233886719
0.0499343872070313 -0.028350830078125 0.0440635681152344 -0.0318489074707031
0.0273361206054688 -0.0512619018554687 0.0182151794433594 -0.0468177795410156
0.0054168701171875 -0.0565338134765625 -0.000707626342773437 -0.0309581756591797
0.00408554077148438 -0.0527534484863281 -0.0124282836914062 -0.00792884826660157
-0.000141143798828126 -0.0582160949707031 -0.01995849609375 0.00710105895996094
0.0101814270019531 -0.0607223510742187 -0.0312023162841797 0.00903892517089844
0.0305938720703125 -0.0505180358886719 -0.0401535034179687 0.0146293640136719
0.0411224365234375 -0.0382881164550781 -0.03961181640625 0.00453186035156249
0.0523910522460938 -0.0145301818847656 -0.0416755676269531 0.00141525268554687
0.0673751831054688 0.00150680541992188 -0.0353240966796875 0.0128211975097656
0.0693168640136719 0.01666259765625 -0.0317916870117187 0.0343189239501953
0.07611083984375 0.040863037109375 0.0289783477783203 -0.0256423950195312
0.0831069946289063 0.0285720825195313 0.049224853515625 0.0119094848632813
0.074462890625 0.0103683471679687 0.0533981323242188 0.0118446350097656
0.070556640625 -0.0148468017578125 0.0577964782714844 -0.00630950927734375
0.0513687133789063 -0.0363693237304688 0.0377159118652344 -0.0191497802734375
0.0247573852539063 -0.0573081970214844 0.0140781402587891 -0.0268688201904297
0.00270843505859374 -0.0577888488769531 0.00208806991577148 -0.00817108154296875
0.00242233276367187 -0.0537071228027344 -0.00584030151367188 0.0132570266723633
-0.00161361694335937 -0.0602455139160156 -0.0122604370117187 0.0269622802734375
0.00891876220703125 -0.0641021728515625 -0.0281772613525391 0.0284271240234375
0.0326194763183594 -0.0543174743652344 -0.0380325317382812 0.0277481079101563
0.0472030639648438 -0.0433006286621094 -0.0380172729492188 0.0107574462890625
0.0626869201660156 -0.0147247314453125 -0.0353813171386719 0.00273895263671874
0.0756988525390625 0.0067596435546875 -0.014897346496582 0.0120468139648438
0.0749588012695313 0.0227432250976562 -0.00502395629882812 0.0438308715820312
0.0672531127929688 0.035430908203125 0.0520706176757813 -0.017822265625
0.0780792236328125 0.0248947143554687 0.0648040771484375 0.01409912109375
0.070831298828125 0.0059051513671875 0.0545158386230469 0.0108413696289063
0.0647964477539062 -0.0203933715820312 0.0508804321289063 0.000904083251953124
0.043792724609375 -0.0381660461425781 0.0319442749023438 -0.00550460815429688
0.0175094604492187 -0.0541343688964844 0.011500358581543 -0.00645828247070313
-0.00112533569335937 -0.0496025085449219 0.00588035583496094 0.0139341354370117
0.000919342041015627 -0.0454826354980469 0.00114250183105469 0.0329875946044922
-0.00224685668945312 -0.0526924133300781 -0.0059967041015625 0.0443267822265625
0.00830841064453125 -0.0561027526855469 -0.0252418518066406 0.044677734375
0.0313377380371094 -0.0484046936035156 -0.0374794006347656 0.0391311645507812
0.0473480224609375 -0.0384788513183594 -0.0361328125 0.0174636840820312
0.0630912780761719 -0.00756072998046875 -0.0273609161376953 0.00341224670410156
0.0733413696289063 0.0141754150390625 0.00531291961669922 0.0134983062744141
0.0676498413085938 0.0273857116699219 0.0199203491210938 0.054656982421875
0.0478591918945313 0.0244178771972656 0.069854736328125 -0.0144615173339844
0.06182861328125 0.0179557800292969 0.075042724609375 0.00981903076171875
0.055755615234375 0.00118255615234375 0.0523490905761719 0.0079193115234375
0.0469741821289063 -0.0204658508300781 0.0438117980957031 0.0065460205078125
0.0277519226074219 -0.0331192016601563 0.0271949768066406 0.00658035278320312
0.00535202026367188 -0.0413665771484375 0.0121879577636719 0.0119314193725586
-0.00425910949707032 -0.0335903167724609 0.0123367309570313 0.0309371948242187
-0.00140762329101562 -0.0297088623046875 0.00802230834960937 0.0469017028808594
-0.00351715087890625 -0.0361480712890625 -0.00268936157226562 0.0587654113769531
0.00588607788085938 -0.0409202575683594 -0.025299072265625 0.0577850341796875
0.0256538391113281 -0.0358848571777344 -0.0376739501953125 0.0467491149902344
0.040802001953125 -0.0275497436523437 -0.0360145568847656 0.0212631225585937
0.0528411865234375 0.000637054443359375 -0.0214748382568359 0.00476264953613282
0.0582084655761719 0.0187568664550781 0.0204448699951172 0.0177154541015625
0.0490913391113281 0.0277557373046875 0.0386390686035156 0.06561279296875
0.0202293395996094 0.0144577026367188 0.0800704956054688 -0.01611328125
0.0376510620117188 0.0106468200683594 0.0775680541992188 0.00289154052734375
0.0323200225830078 -0.00333786010742188 0.0481185913085938 0.00408935546875
0.0249404907226563 -0.0165271759033203 0.0382957458496094 0.01080322265625
0.0105876922607422 -0.0214595794677734 0.0263328552246094 0.0139369964599609
-0.00512886047363281 -0.0210762023925781 0.0174522399902344 0.0230922698974609
-0.0057220458984375 -0.0116701126098633 0.0198593139648437 0.0401229858398438
-0.00378704071044922 -0.0101900100708008 0.0139846801757813 0.0539741516113281
-0.00513172149658203 -0.0149326324462891 0.000465393066406244 0.0662117004394531
0.000436782836914061 -0.0208473205566406 -0.0268287658691406 0.0650405883789063
0.0153713226318359 -0.0203857421875 -0.0401268005371094 0.0506439208984375
0.0255756378173828 -0.0154285430908203 -0.0372581481933594 0.0257225036621094
0.0343647003173828 0.00502395629882813 -0.0202541351318359 0.00799560546875
0.0340042114257813 0.0177192687988281 0.0272235870361328 0.0233955383300781
0.0222797393798828 0.0212669372558594 0.0481796264648438 0.0754241943359375
0.00547647476196289 0.00631856918334961 -0.0507850646972656 -0.066192626953125
-0.00155115127563477 -0.00601434707641602 -0.0184040069580078 -0.0225582122802734
-0.00835084915161133 0.00136756896972656 0.0257930755615234 -0.00381851196289063
-0.000715255737304688 0.00783586502075195 0.0529632568359375 -0.0273475646972656
0.00554990768432617 0.00395536422729492 0.0496330261230469 -0.0519065856933594
0.00578165054321289 -0.0023198127746582 0.0275421142578125 -0.07537841796875
0.00327014923095703 -0.0108880996704102 -0.0027008056640625 -0.0741424560546875
0.00359630584716797 -0.00868988037109375 -0.020050048828125 -0.0534744262695312
0.00446653366088867 -0.00747489929199219 -0.0280876159667969 -0.0378570556640625
0.00800418853759766 -0.00567817687988281 -0.0297107696533203 -0.0290565490722656
0.00732612609863281 0.00133514404296875 -0.0376739501953125 -0.0153427124023437
-0.00129604339599609 0.00867271423339844 -0.0402297973632813 -0.0102958679199219
-0.0117607116699219 0.000194549560546877 -0.0521659851074219 -0.0115509033203125
-0.00628948211669922 -0.00959873199462891 -0.07550048828125 0.00366210937500001
-0.00139260292053223 -0.00126361846923828 -0.0833740234375 0.0147171020507813
0.0356636047363281 0.0213966369628906 -0.0389404296875 -0.0621070861816406
0.0287990570068359 0.00581169128417969 -0.00642108917236328 -0.0170392990112305
0.0190544128417969 0.00632095336914063 0.0338211059570313 -0.00145912170410156
0.0236682891845703 0.00221633911132813 0.0583724975585938 -0.0256805419921875
0.0234451293945312 -0.00787734985351562 0.0511970520019531 -0.0489959716796875
0.0160503387451172 -0.0218429565429688 0.0266952514648438 -0.0715179443359375
0.0048675537109375 -0.0325164794921875 -0.00231552124023438 -0.0657539367675781
0.00450325012207031 -0.0300521850585938 -0.0200080871582031 -0.0435523986816406
0.00374984741210937 -0.0307636260986328 -0.0293426513671875 -0.0281391143798828
0.0120563507080078 -0.0302505493164063 -0.0344448089599609 -0.0215396881103516
0.0204315185546875 -0.0195808410644531 -0.0418548583984375 -0.00916671752929689
0.0185279846191406 -0.00754165649414062 -0.0414237976074219 -0.00741958618164062
0.0130720138549805 -0.00279426574707031 -0.050689697265625 -0.00561523437500001
0.0226612091064453 -0.00464630126953125 -0.0677413940429687 0.0102005004882813
0.0288486480712891 0.00577926635742188 -0.0752334594726563 0.021484375
0.0606193542480469 0.0347557067871094 -0.0197486877441406 -0.0524864196777344
0.05609130859375 0.0183296203613281 0.0114631652832031 -0.00597190856933594
0.0457572937011719 0.0115242004394531 0.0427284240722656 0.0040130615234375
0.0477485656738281 -0.00282669067382813 0.0630874633789063 -0.0208892822265625
0.0398025512695313 -0.0189781188964844 0.0509567260742188 -0.0430030822753906
0.024444580078125 -0.0394401550292969 0.023651123046875 -0.0623016357421875
0.00654220581054688 -0.049163818359375 -0.00197982788085937 -0.0512199401855469
0.00409317016601562 -0.0460472106933594 -0.0176162719726563 -0.027008056640625
0.00146484375 -0.0496902465820313 -0.0269622802734375 -0.0111770629882813
0.011383056640625 -0.0508384704589844 -0.0362205505371094 -0.00722885131835937
0.02789306640625 -0.0388107299804688 -0.0441131591796875 0.00158691406250001
0.0331268310546875 -0.0253086090087891 -0.0426292419433594 -0.00218963623046876
0.0363883972167969 -0.00823211669921875 -0.0480690002441406 -0.000404357910156244
0.0486259460449219 -0.00226211547851563 -0.0547294616699219 0.0142745971679687
0.0548439025878906 0.0118522644042969 -0.0574913024902344 0.0293922424316406
0.0754928588867188 0.0417022705078125 0.00458145141601563 -0.0388717651367188
0.0765228271484375 0.0266036987304688 0.0312309265136719 0.00556182861328125
0.0670928955078125 0.0129585266113281 0.0508499145507813 0.010498046875
0.0660133361816406 -0.0101470947265625 0.0639495849609375 -0.0135421752929687
0.0514755249023438 -0.0302505493164062 0.0465164184570313 -0.0322532653808594
0.0281410217285156 -0.0527534484863281 0.0186767578125 -0.0460968017578125
0.00541305541992187 -0.0584716796875 -0.000785827636718748 -0.0306415557861328
0.00371932983398437 -0.0550117492675781 -0.0123462677001953 -0.00635337829589844
-0.000888824462890629 -0.0605201721191406 -0.0207710266113281 0.00816154479980468
0.00941085815429688 -0.0629348754882812 -0.0341682434082031 0.0104579925537109
0.0308990478515625 -0.0525703430175781 -0.0435104370117188 0.0157508850097656
0.0431632995605469 -0.0389556884765625 -0.0422286987304688 0.00514984130859374
0.0546302795410156 -0.0141944885253906 -0.0441627502441406 0.00226211547851563
0.0691108703613281 0.000690460205078125 -0.0366134643554687 0.0142021179199219
0.071502685546875 0.0168838500976563 -0.0334968566894531 0.037933349609375
0.0790786743164062 0.0415267944335937 0.0307998657226562 -0.027313232421875
0.0847015380859375 0.028167724609375 0.0514411926269531 0.0140037536621094
0.0771255493164063 0.0111236572265625 0.0560226440429688 0.013519287109375
0.0727767944335938 -0.0167694091796875 0.0607528686523438 -0.00519180297851563
0.0526008605957031 -0.03802490234375 0.0399703979492188 -0.0188102722167969
0.0253715515136719 -0.058502197265625 0.013916015625 -0.0262279510498047
0.00322723388671874 -0.0593223571777344 0.00182008743286133 -0.0075068473815918
0.00178146362304687 -0.054840087890625 -0.00568199157714844 0.0150585174560547
-0.00251007080078124 -0.0612831115722656 -0.0134716033935547 0.0290908813476562
0.00840759277343749 -0.0650901794433594 -0.0304164886474609 0.0302066802978516
0.0325508117675781 -0.0566368103027344 -0.0405921936035156 0.029693603515625
0.0480804443359375 -0.0454368591308594 -0.0407295227050781 0.0119705200195312
0.0652542114257813 -0.0142440795898437 -0.0373764038085938 0.00297927856445312
0.0795669555664062 0.00605010986328125 -0.0154228210449219 0.0138349533081055
0.0775222778320313 0.0225143432617188 -0.00622177124023437 0.0477714538574219
0.0698699951171875 0.035491943359375 0.055145263671875 -0.0182533264160156
0.0807952880859375 0.0249252319335937 0.0679740905761719 0.0150108337402344
0.0730514526367188 0.00617218017578125 0.0575485229492188 0.0135879516601562
0.0668601989746094 -0.021148681640625 0.0547676086425781 0.00218963623046875
0.0443038940429688 -0.0393753051757813 0.0336856842041016 -0.00462532043457032
0.0166816711425781 -0.0550041198730469 0.0118541717529297 -0.00502967834472657
-0.0011749267578125 -0.0509834289550781 0.00640773773193359 0.0150041580200195
1.14440917968746E-05 -0.0465011596679688 0.00191688537597656 0.0341053009033203
-0.00304412841796875 -0.0526199340820313 -0.00704574584960937 0.0472488403320312
0.00672149658203125 -0.0575637817382812 -0.0271797180175781 0.0473594665527344
0.0314178466796875 -0.0504837036132812 -0.0391693115234375 0.0406990051269531
0.0482826232910156 -0.04058837890625 -0.0384712219238281 0.0179367065429688
0.0655136108398438 -0.00802993774414063 -0.0291461944580078 0.00400352478027344
0.075958251953125 0.0131149291992188 0.00455093383789063 0.0143547058105469
0.0698432922363281 0.0268630981445313 0.01959228515625 0.0583686828613281
0.0496482849121094 0.0252265930175781 0.0733566284179688 -0.0155029296875
0.0640907287597656 0.0176162719726563 0.0778427124023438 0.010986328125
0.0575103759765625 0.00037384033203125 0.0552482604980469 0.0106887817382812
0.0496444702148438 -0.0220909118652344 0.047119140625 0.00771331787109375
0.0286159515380859 -0.0347824096679688 0.02911376953125 0.0074920654296875
0.00417327880859375 -0.0417442321777344 0.0147085189819336 0.013371467590332
-0.00515556335449219 -0.0333137512207031 0.0137863159179688 0.0320796966552734
-0.00237655639648438 -0.0310115814208984 0.009185791015625 0.0477142333984375
-0.00391387939453125 -0.0362777709960938 -0.00259017944335938 0.0606002807617188
0.00482940673828125 -0.0411491394042969 -0.02655029296875 0.060455322265625
0.0261650085449219 -0.0373954772949219 -0.03955078125 0.0493278503417969
0.0405960083007813 -0.0292549133300781 -0.0383186340332031 0.0226821899414062
0.0551948547363281 -0.000148773193359375 -0.0231361389160156 0.00460433959960937
0.0603446960449219 0.0182113647460937 0.0204982757568359 0.0188045501708984
0.0508766174316406 0.0267410278320313 0.0388031005859375 0.0699348449707031
0.0211296081542969 0.0134124755859375 0.0829925537109375 -0.017547607421875
0.0387954711914062 0.00952529907226563 0.0802383422851563 0.00308990478515625
0.0341835021972656 -0.00297355651855469 0.050567626953125 0.00629806518554688
0.0253829956054688 -0.0173549652099609 0.0411529541015625 0.0124397277832031
0.0093841552734375 -0.0226306915283203 0.0287971496582031 0.0147438049316406
-0.00644493103027344 -0.0209236145019531 0.0186290740966797 0.0245265960693359
-0.006622314453125 -0.0112371444702148 0.0212478637695313 0.0413246154785156
-0.00365257263183594 -0.00982284545898438 0.0154838562011719 0.0549201965332031
-0.00521087646484375 -0.0138607025146484 -0.000205993652343757 0.0685501098632812
-0.000646591186523436 -0.0206394195556641 -0.0282821655273437 0.0674705505371094
0.0137805938720703 -0.0215377807617187 -0.0420722961425781 0.0536842346191406
0.0253887176513672 -0.0162334442138672 -0.0405044555664063 0.0264205932617188
0.0348472595214844 0.00450325012207031 -0.0215530395507812 0.00772857666015624
0.0352935791015625 0.0164642333984375 0.0272808074951172 0.0240459442138672
0.0230789184570313 0.0206680297851563 0.048309326171875 0.078765869140625
0.0062708854675293 0.00749969482421875 -0.0540733337402344 -0.0687294006347656
-0.00185585021972656 -0.00549840927124023 -0.0198936462402344 -0.0215263366699219
-0.00891399383544922 0.00285816192626953 0.0279216766357422 -0.00522041320800781
0.000173091888427735 0.00840187072753906 0.0552101135253906 -0.0297012329101563
0.00663948059082031 0.00376987457275391 0.0503921508789063 -0.0558242797851563
0.00706863403320312 -0.00252294540405273 0.025360107421875 -0.0801315307617188
0.0035552978515625 -0.0133886337280273 -0.0049896240234375 -0.0764999389648438
0.00378799438476563 -0.010981559753418 -0.0218353271484375 -0.0538368225097656
0.005462646484375 -0.00880241394042969 -0.0312042236328125 -0.0376663208007813
0.00963592529296875 -0.00660419464111328 -0.0336170196533203 -0.0299358367919922
0.00927066802978516 0.00200843811035156 -0.04150390625 -0.0141448974609375
-1.62124633789068E-05 0.0105466842651367 -0.0432624816894531 -0.0116653442382812
-0.0121269226074219 0.00212764739990235 -0.0557746887207031 -0.0105667114257813
-0.00763893127441406 -0.00865554809570312 -0.0788803100585938 0.00636291503906248
-0.00165784358978271 0.000393509864807129 -0.0874557495117188 0.020233154296875
0.0386199951171875 0.0212478637695313 -0.0422401428222656 -0.0648765563964844
0.0307807922363281 0.00559043884277344 -0.00569438934326172 -0.0163583755493164
0.0205535888671875 0.00571060180664063 0.0357475280761719 -0.00175094604492187
0.0250263214111328 0.00147628784179688 0.0612106323242187 -0.027679443359375
0.0251884460449219 -0.00924873352050781 0.0524024963378906 -0.0534515380859375
0.0168323516845703 -0.0240802764892578 0.0255889892578125 -0.075714111328125
0.00464820861816406 -0.0348358154296875 -0.00533294677734376 -0.0677757263183594
0.00335311889648437 -0.0323047637939453 -0.022247314453125 -0.0427169799804688
0.0030059814453125 -0.0342903137207031 -0.0320148468017578 -0.0267848968505859
0.0115318298339844 -0.0322856903076172 -0.0381889343261719 -0.0203437805175781
0.0223312377929688 -0.0212841033935547 -0.0457916259765625 -0.00815200805664063
0.0201377868652344 -0.00716400146484375 -0.0445594787597656 -0.00761413574218749
0.0132884979248047 -0.00255203247070313 -0.0535049438476563 -0.00543212890624999
0.022735595703125 -0.00439453125 -0.070404052734375 0.0132675170898437
0.0296993255615234 0.00585174560546875 -0.0787353515625 0.0279159545898437
0.064239501953125 0.0338020324707031 -0.0207138061523437 -0.0539779663085938
0.0590934753417969 0.0170707702636719 0.0125236511230469 -0.00559902191162109
0.048095703125 0.0099029541015625 0.0469017028808594 0.004150390625
0.050537109375 -0.00541305541992188 0.0654106140136719 -0.0220909118652344
0.0414657592773438 -0.0220870971679688 0.0517005920410156 -0.0453910827636719
0.0237388610839844 -0.0426788330078125 0.0218429565429688 -0.0642509460449219
0.00528335571289062 -0.0528526306152344 -0.00495147705078125 -0.0523033142089844
0.00249862670898437 -0.0490684509277344 -0.0188503265380859 -0.0260677337646484
0.00046920776367188 -0.0526924133300781 -0.0285701751708984 -0.00847244262695313
0.00966262817382813 -0.0529747009277344 -0.0396957397460938 -0.00470352172851563
0.0274772644042969 -0.0414047241210938 -0.0468177795410156 0.0042877197265625
0.0342292785644531 -0.0270977020263672 -0.0453338623046875 -0.000442504882812506
0.0376205444335938 -0.00965499877929688 -0.0515213012695313 0.00106048583984375
0.0496177673339844 -0.0025482177734375 -0.0564956665039063 0.017059326171875
0.0572471618652344 0.0101547241210938 -0.060211181640625 0.0349159240722656
0.0807876586914062 0.0406646728515625 0.00513839721679688 -0.0408096313476563
0.0796356201171875 0.0243377685546875 0.0341358184814453 0.00706100463867188
0.0702171325683594 0.0116233825683594 0.0546112060546875 0.0109939575195313
0.0684013366699219 -0.0135726928710937 0.0677261352539063 -0.0153160095214844
0.0521392822265625 -0.0336112976074219 0.0486984252929688 -0.0334968566894531
0.0272293090820312 -0.0565452575683594 0.0169410705566406 -0.0475349426269531
0.0041961669921875 -0.0608940124511719 -0.00143241882324219 -0.0304851531982422
0.00134658813476562 -0.0578269958496094 -0.0127334594726563 -0.00436687469482422
-0.00319290161132812 -0.0630950927734375 -0.0223426818847656 0.0107288360595703
0.0073089599609375 -0.0664138793945313 -0.0373687744140625 0.0139350891113281
0.0307273864746094 -0.0558586120605469 -0.0471038818359375 0.0178794860839844
0.0436935424804688 -0.0427436828613281 -0.0459175109863281 0.00700759887695313
0.056304931640625 -0.0152702331542969 -0.0461997985839844 0.00363922119140625
0.071075439453125 -0.0015716552734375 -0.0384902954101562 0.0170822143554687
0.0762405395507813 0.0148696899414063 -0.034271240234375 0.0424766540527344
0.084503173828125 0.0410308837890625 0.0321979522705078 -0.0302448272705078
0.0892257690429688 0.0264053344726563 0.0549507141113281 0.01373291015625
0.080657958984375 0.00907135009765625 0.0607414245605469 0.0154342651367187
0.075225830078125 -0.0201339721679688 0.0659904479980469 -0.00592041015625
0.05364990234375 -0.0414314270019531 0.0412673950195313 -0.0203704833984375
0.0239715576171875 -0.0623207092285156 0.0134906768798828 -0.0262050628662109
0.000144958496093755 -0.0616950988769531 0.00245857238769531 -0.00609254837036133
0.0003509521484375 -0.0579719543457031 -0.00442790985107422 0.0166606903076172
-0.00487136840820312 -0.0625038146972656 -0.0136394500732422 0.0315361022949219
0.00606155395507813 -0.0676918029785156 -0.0322151184082031 0.0344944000244141
0.031494140625 -0.0613441467285156 -0.0443382263183594 0.0337333679199219
0.0479202270507813 -0.0491065979003906 -0.0433311462402344 0.0140151977539063
0.0666542053222656 -0.0177383422851562 -0.0398979187011719 0.00484085083007813
0.0831069946289063 0.00313568115234375 -0.0161590576171875 0.015803337097168
0.0811920166015625 0.0200958251953125 -0.006622314453125 0.0532569885253906
0.07379150390625 0.0338134765625 0.0566520690917969 -0.0210533142089844
0.0837860107421875 0.0217361450195312 0.0715866088867188 0.0155029296875
0.0764846801757813 0.0045318603515625 0.0612564086914063 0.0145759582519531
0.0677413940429688 -0.0251007080078125 0.059356689453125 0.00186920166015625
0.0431480407714844 -0.0425796508789063 0.0353507995605469 -0.00510025024414063
0.0141487121582031 -0.0571861267089844 0.0122613906860352 -0.00428009033203125
-0.00281143188476562 -0.0525436401367187 0.00773239135742188 0.0165910720825195
-0.00167465209960938 -0.0474357604980469 0.00418472290039063 0.0354843139648438
-0.005859375 -0.054046630859375 -0.00583267211914063 0.0506629943847656
0.00450134277343751 -0.0592498779296875 -0.0288162231445313 0.0512466430664062
0.0296554565429688 -0.0537300109863281 -0.040924072265625 0.0448646545410156
0.0486640930175781 -0.0448837280273438 -0.0401458740234375 0.0197334289550781
0.0676155090332031 -0.01165771484375 -0.0296669006347656 0.00645446777343749
0.0792160034179688 0.0101242065429688 0.00586128234863282 0.0163145065307617
0.073822021484375 0.024627685546875 0.0207710266113281 0.062835693359375
0.0504226684570313 0.0222663879394531 0.0776138305664063 -0.0195846557617188
0.0662460327148438 0.014495849609375 0.0822067260742188 0.0099945068359375
0.0610885620117188 -0.00177764892578125 0.0587196350097656 0.0095977783203125
0.0496559143066406 -0.0237464904785156 0.0506019592285156 0.00768280029296875
0.0271072387695312 -0.0375480651855469 0.0322322845458984 0.00783538818359375
0.00226974487304688 -0.0424690246582031 0.0150537490844727 0.0146579742431641
-0.00732231140136719 -0.0333805084228516 0.0149002075195313 0.0326271057128906
-0.00391387939453125 -0.0297660827636719 0.0130653381347656 0.0496444702148438
-0.00541305541992187 -0.0354347229003906 -0.000446319580078121 0.0631256103515625
0.002197265625 -0.0411872863769531 -0.0265274047851563 0.0644264221191406
0.0233879089355469 -0.0396881103515625 -0.0404281616210938 0.05291748046875
0.0403671264648438 -0.0326614379882813 -0.0395088195800781 0.0254135131835938
0.0568733215332031 -0.00105667114257813 -0.0248584747314453 0.00695419311523437
0.0649261474609375 0.0152587890625 0.0208053588867188 0.0196094512939453
0.0526084899902344 0.0243911743164063 0.0414276123046875 0.0747909545898438
0.0226726531982422 0.0118293762207031 0.0868301391601563 -0.0229339599609375
0.0402641296386719 0.00751113891601563 0.0833358764648438 -0.000274658203125
0.0359420776367188 -0.00606155395507813 0.0535697937011719 0.00619888305664063
0.0249710083007813 -0.0197257995605469 0.0451469421386719 0.0142402648925781
0.00818634033203125 -0.0246810913085938 0.0319461822509766 0.0145797729492187
-0.00884056091308594 -0.0199241638183594 0.0220165252685547 0.0263557434082031
-0.00907039642333984 -0.010838508605957 0.0232620239257813 0.0411567687988281
-0.00468063354492188 -0.00872993469238281 0.018463134765625 0.0565528869628906
-0.006317138671875 -0.013615608215332 0.0029754638671875 0.0703277587890625
-0.00325965881347656 -0.0197868347167969 -0.0274887084960938 0.0718154907226563
0.0122909545898438 -0.0219955444335938 -0.0437965393066406 0.0567092895507813
0.02557373046875 -0.0180282592773438 -0.0415802001953125 0.0289955139160156
0.036102294921875 0.00262069702148437 -0.0231990814208984 0.00803756713867187
0.0369300842285156 0.0144805908203125 0.0274696350097656 0.0228080749511719
0.0241985321044922 0.0190505981445313 0.0514144897460938 0.0811233520507813
0.00807523727416992 0.00877141952514648 -0.0568733215332031 -0.0669021606445313
-0.000771284103393554 -0.00436282157897949 -0.0196552276611328 -0.0204429626464844
-0.00813102722167969 0.00415563583374023 0.0305957794189453 -0.00522041320800781
0.001190185546875 0.00616264343261719 0.0547142028808594 -0.0323486328125
0.00727701187133789 0.00225257873535156 0.049346923828125 -0.0609397888183594
0.0074315071105957 -0.00554561614990234 0.0215225219726563 -0.0828628540039062
0.00184249877929688 -0.0147666931152344 -0.0095062255859375 -0.0775527954101563
0.00270462036132813 -0.0138788223266602 -0.0256538391113281 -0.0532073974609375
0.00522422790527344 -0.00966739654541016 -0.03485107421875 -0.0353126525878906
0.0107145309448242 -0.00939464569091797 -0.0388870239257813 -0.0275726318359375
0.0104866027832031 -0.000193595886230469 -0.0445747375488281 -0.0144729614257813
0.00264930725097656 0.0106105804443359 -0.0473976135253906 -0.00873947143554686
-0.0133981704711914 0.0030202865600586 -0.0572738647460938 -0.00954818725585937
-0.00909709930419922 -0.00600433349609375 -0.079559326171875 0.0111083984375
-0.00191032886505127 0.00218617916107178 -0.087066650390625 0.0285797119140625
0.0397224426269531 0.0200920104980469 -0.0438499450683594 -0.0631103515625
0.03204345703125 0.00371360778808594 -0.00649738311767578 -0.0146293640136719
0.0219249725341797 0.00655174255371094 0.0390968322753906 -0.00450515747070313
0.0258445739746094 -0.00103950500488281 0.0616912841796875 -0.0332489013671875
0.0246257781982422 -0.0116024017333984 0.051300048828125 -0.0568008422851563
0.0164566040039062 -0.0261306762695313 0.0213546752929687 -0.0776519775390625
0.00299453735351562 -0.0359535217285156 -0.00884628295898438 -0.0657119750976563
0.00102615356445313 -0.0351791381835937 -0.0245933532714844 -0.0416946411132813
0.0014801025390625 -0.0356826782226562 -0.0350551605224609 -0.0247344970703125
0.0126056671142578 -0.033782958984375 -0.0423126220703125 -0.0155868530273437
0.0221710205078125 -0.0232028961181641 -0.0498123168945313 -0.005340576171875
0.0224456787109375 -0.00781059265136719 -0.0486106872558594 -0.00464248657226563
0.0132369995117188 -0.00250625610351563 -0.0558738708496094 -0.00202178955078125
0.0215263366699219 -0.00548553466796875 -0.0719451904296875 0.0189132690429688
0.0310955047607422 0.00536346435546875 -0.07965087890625 0.0352935791015625
0.0688323974609375 0.0308647155761719 -0.02349853515625 -0.0553398132324219
0.0613975524902344 0.0141029357910156 0.0139226913452148 -0.00356006622314453
0.0515022277832031 0.00855255126953125 0.0488014221191406 0.00429534912109375
0.05108642578125 -0.0106544494628906 0.0674591064453125 -0.0266914367675781
0.0413017272949219 -0.0242424011230469 0.0513267517089844 -0.0493392944335937
0.0229530334472656 -0.0440635681152344 0.01959228515625 -0.0659065246582031
0.00194549560546875 -0.0541267395019531 -0.00749969482421875 -0.0518150329589844
-0.00139999389648437 -0.0539016723632813 -0.0191783905029297 -0.0238265991210938
-0.00335311889648438 -0.0545501708984375 -0.0331840515136719 -0.00571632385253907
0.007476806640625 -0.0554161071777344 -0.0421371459960938 -0.000843048095703122
0.0281982421875 -0.0434913635253906 -0.0510292053222656 0.00985717773437501
0.0341701507568359 -0.0293827056884766 -0.0483512878417969 0.00184249877929687
0.0384941101074219 -0.00974273681640625 -0.0531845092773437 0.00362014770507812
0.0497360229492188 -0.00395584106445313 -0.0556411743164063 0.0204658508300781
0.0588912963867187 0.00698089599609375 -0.0613021850585937 0.0437202453613281
0.08514404296875 0.0374221801757813 0.00421524047851563 -0.0412826538085938
0.0837249755859375 0.0184707641601563 0.0350456237792969 0.00717544555664063
0.0724334716796875 0.008148193359375 0.0592842102050781 0.00867462158203125
0.06890869140625 -0.0191383361816406 0.068695068359375 -0.0180931091308594
0.0515594482421875 -0.0381126403808594 0.0481643676757813 -0.0377349853515625
0.0250091552734375 -0.0569877624511719 0.015106201171875 -0.0482635498046875
0.000457763671875002 -0.0629005432128906 -0.00346565246582031 -0.0305690765380859
-0.0027618408203125 -0.0597038269042969 -0.0134859085083008 -0.0031728744506836
-0.0082855224609375 -0.063720703125 -0.0218906402587891 0.0155029296875
0.00220108032226563 -0.0668182373046875 -0.0374259948730469 0.0176734924316406
0.0270614624023437 -0.0612144470214844 -0.0481185913085937 0.0217399597167969
0.042327880859375 -0.0455360412597656 -0.0501060485839844 0.0100326538085937
0.0583953857421875 -0.0181388854980469 -0.0490646362304687 0.00573348999023437
0.0738906860351563 -0.00457763671875 -0.0386772155761719 0.022979736328125
0.0779495239257813 0.0108489990234375 -0.0328254699707031 0.0493545532226563
0.0866165161132813 0.0361862182617188 0.0326519012451172 -0.0317401885986328
0.0907135009765625 0.020294189453125 0.058624267578125 0.0149993896484375
0.0829849243164063 0.00460052490234375 0.0635032653808594 0.0123214721679688
0.07403564453125 -0.0260391235351563 0.0669364929199219 -0.00738143920898438
0.0504570007324219 -0.0458984375 0.0444831848144531 -0.0218467712402344
0.0190887451171875 -0.0642127990722656 0.0130558013916016 -0.0248374938964844
-0.00349807739257813 -0.0615081787109375 0.00332546234130859 -0.00590753555297852
-0.0029754638671875 -0.0566482543945313 -0.00510978698730469 0.0189704895019531
-0.0102043151855469 -0.0651321411132813 -0.014190673828125 0.0351486206054687
0.00045013427734375 -0.0699729919433594 -0.0313072204589844 0.0386772155761719
0.0275611877441406 -0.06243896484375 -0.040557861328125 0.0361099243164063
0.0469017028808594 -0.0534858703613281 -0.0434837341308594 0.0168571472167969
0.067901611328125 -0.0209922790527344 -0.04168701171875 0.00774765014648437
0.0839080810546875 -0.00103759765625 -0.0166912078857422 0.0189838409423828
0.0830459594726562 0.0160140991210937 -0.00495529174804687 0.0576057434082031
0.0772247314453125 0.0288314819335938 0.060272216796875 -0.0256690979003906
0.08416748046875 0.0145034790039063 0.0748519897460938 0.0128250122070313
0.0777816772460937 -0.00102996826171875 0.0642242431640625 0.0109100341796875
0.0686759948730469 -0.030426025390625 0.0619087219238281 0.000202178955078123
0.0415115356445313 -0.0478515625 0.037933349609375 -0.0081634521484375
0.0105247497558594 -0.0564193725585938 0.0127048492431641 -0.0050048828125
-0.00611114501953126 -0.0539131164550781 0.0108737945556641 0.0159463882446289
-0.00420761108398438 -0.0484275817871094 0.00753021240234375 0.0356979370117188
-0.00920104980468749 -0.0530433654785156 -0.00230026245117187 0.0520820617675781
-0.00253677368164062 -0.0591697692871094 -0.025909423828125 0.0544242858886719
0.0262908935546875 -0.056854248046875 -0.038970947265625 0.0494880676269531
0.0442047119140625 -0.0488471984863281 -0.0429153442382813 0.0240325927734375
0.0673294067382813 -0.0174446105957031 -0.0319461822509765 0.00828742980957032
0.0820999145507813 0.0052490234375 0.00506591796875 0.0157175064086914
0.0751266479492188 0.0191497802734375 0.0234222412109375 0.0651206970214844
0.0571098327636719 0.0213394165039063 0.0778656005859375 -0.0239791870117188
0.0687522888183594 0.0085601806640625 0.08392333984375 0.00572967529296875
0.0620002746582031 -0.0061492919921875 0.0607376098632813 0.00928115844726563
0.0497245788574219 -0.03009033203125 0.0543708801269531 0.00543594360351562
0.0247001647949219 -0.0391120910644531 0.0354042053222656 0.00886917114257812
-0.00148773193359375 -0.0427284240722656 0.0192604064941406 0.0169963836669922
-0.0100269317626953 -0.0323696136474609 0.0179672241210937 0.0332107543945313
-0.00656318664550781 -0.0308284759521484 0.0157127380371094 0.0505905151367188
-0.00758552551269531 -0.0337467193603516 0.00232696533203125 0.0655632019042969
-0.0019683837890625 -0.0395011901855469 -0.024627685546875 0.0684814453125
0.0207557678222656 -0.0424690246582031 -0.037567138671875 0.0580062866210938
0.0374717712402344 -0.0344734191894531 -0.0414543151855469 0.0273704528808594
0.0572090148925781 -0.00726699829101563 -0.0276203155517578 0.00813102722167969
0.0634078979492188 0.00904083251953125 0.0213623046875 0.0179309844970703
0.0552177429199219 0.0209770202636719 0.0454940795898438 0.0733413696289063
0.0253677368164063 0.0100154876708984 0.087005615234375 -0.0320281982421875
0.0427894592285156 0.00328826904296875 0.0859527587890625 -0.00411224365234375
0.0377464294433594 -0.010009765625 0.0564155578613281 0.00254058837890625
0.0244350433349609 -0.0221748352050781 0.0479774475097656 0.0110282897949219
0.00542449951171875 -0.0257701873779297 0.0342121124267578 0.0152244567871094
-0.0091705322265625 -0.0188980102539063 0.0256118774414063 0.0246009826660156
-0.00826263427734375 -0.00799369812011719 0.0273666381835937 0.0410385131835938
-0.00763559341430664 -0.00873088836669922 0.020965576171875 0.0552864074707031
-0.00755500793457031 -0.0120353698730469 0.00379180908203125 0.068023681640625
-0.00381183624267578 -0.0165910720825195 -0.0251235961914063 0.0739669799804688
0.00906753540039063 -0.0234394073486328 -0.0399246215820312 0.0632247924804688
0.0239696502685547 -0.0218276977539063 -0.0424308776855469 0.0335197448730469
0.036041259765625 -0.000835418701171875 -0.0225868225097656 0.00790786743164063
0.037933349609375 0.0095062255859375 0.0294437408447266 0.0216045379638672
0.026885986328125 0.0159873962402344 0.0562362670898438 0.0838851928710938
0.00886154174804688 0.0104360580444336 -0.0598068237304687 -0.0663299560546875
-0.000866174697875977 -0.0040585994720459 -0.0192832946777344 -0.0181026458740234
-0.00637102127075195 0.00436115264892578 0.0304317474365234 -0.0063323974609375
0.00204801559448242 0.00697660446166992 0.0543479919433594 -0.0361175537109375
0.00760030746459961 0.000983238220214844 0.0454139709472656 -0.0631027221679688
0.0076141357421875 -0.00758123397827148 0.0163192749023437 -0.082611083984375
0.00197410583496094 -0.0160942077636719 -0.0136489868164062 -0.0758438110351563
0.00254344940185547 -0.0154809951782227 -0.0291328430175781 -0.0486793518066406
0.00565814971923828 -0.0139894485473633 -0.0380668640136719 -0.0311126708984375
0.0111408233642578 -0.00969982147216797 -0.0403900146484375 -0.023162841796875
0.0120058059692383 -0.000355720520019531 -0.0468864440917969 -0.00995635986328126
0.00411605834960937 0.0108623504638672 -0.0481452941894531 -0.00703048706054688
-0.0120563507080078 0.00624942779541016 -0.0602493286132813 -0.00791168212890625
-0.00947284698486328 -0.00431442260742187 -0.0791015625 0.0155715942382812
-0.000765323638916016 0.00391435623168945 -0.0849151611328125 0.034149169921875
0.0436439514160156 0.0211105346679688 -0.0469245910644531 -0.0601272583007813
0.0318012237548828 0.00300025939941406 -0.00574207305908203 -0.0131893157958984
0.0230712890625 0.00443267822265625 0.0396003723144531 -0.00365066528320312
0.0263195037841797 -0.00249862670898437 0.0608100891113281 -0.0341110229492188
0.0244903564453125 -0.0138835906982422 0.0471534729003906 -0.0583152770996094
0.0149269104003906 -0.0290317535400391 0.0164718627929688 -0.0772018432617188
-0.000606536865234376 -0.0384178161621094 -0.0123023986816406 -0.066009521484375
-0.000679016113281247 -0.0368194580078125 -0.0264015197753906 -0.0382347106933594
0.000209808349609376 -0.0373039245605469 -0.0372390747070313 -0.0194892883300781
0.00996017456054688 -0.0357551574707031 -0.0447731018066406 -0.0132102966308594
0.0218257904052734 -0.0246295928955078 -0.0512504577636719 -0.00177383422851563
0.0219058990478516 -0.00928115844726562 -0.0496177673339844 -0.00281143188476562
0.0135507583618164 -0.000716209411621094 -0.0565376281738281 -0.000267028808593742
0.021026611328125 -0.00406646728515625 -0.0697746276855469 0.0228500366210938
0.030609130859375 0.00547599792480469 -0.07525634765625 0.0410308837890625
0.0697402954101563 0.0286903381347656 -0.0239982604980469 -0.0526199340820312
0.0615425109863281 0.00955581665039063 0.0154953002929688 -0.00415992736816406
0.0515670776367188 0.00445938110351563 0.0508308410644531 0.00227737426757813
0.0503082275390625 -0.0119247436523438 0.0665283203125 -0.0283355712890625
0.0402336120605469 -0.0291748046875 0.0488052368164063 -0.0514144897460938
0.018768310546875 -0.0464591979980469 0.0154991149902344 -0.0646286010742187
-0.0016632080078125 -0.0548324584960938 -0.00960540771484375 -0.049285888671875
-0.00400161743164063 -0.0524826049804688 -0.0208702087402344 -0.0205326080322266
-0.00564956665039063 -0.0546226501464844 -0.0319728851318359 -0.00124740600585937
0.00495147705078126 -0.0561752319335937 -0.0449104309082031 0.00440979003906249
0.0251502990722656 -0.0452156066894531 -0.0523300170898438 0.0118331909179687
0.0336704254150391 -0.0300331115722656 -0.0506591796875 0.00529098510742187
0.0373344421386719 -0.0106430053710938 -0.0542488098144531 0.00553131103515626
0.049102783203125 -0.00653076171875 -0.0556297302246094 0.0267295837402344
0.0581703186035156 0.00555419921875 -0.0563125610351562 0.0479316711425781
0.0861358642578125 0.0313568115234375 0.00288009643554688 -0.0427398681640625
0.0831298828125 0.0141830444335938 0.0384674072265625 0.00470352172851563
0.0726394653320313 0.00397491455078125 0.0605697631835938 0.00884246826171875
0.0669708251953125 -0.0229225158691406 0.0706787109375 -0.0208663940429687
0.0480842590332031 -0.0406913757324219 0.0465240478515625 -0.0378074645996094
0.0207633972167969 -0.0591506958007813 0.0130462646484375 -0.0456466674804688
-0.0035400390625 -0.0628890991210937 -0.00448417663574219 -0.0276451110839844
-0.00664520263671875 -0.0586700439453125 -0.0126800537109375 0.000393867492675777
-0.0105934143066406 -0.0626754760742188 -0.0226688385009766 0.0183219909667969
-0.00120925903320312 -0.0673446655273438 -0.0391960144042969 0.0234794616699219
0.0239486694335938 -0.0600395202636719 -0.0482711791992188 0.0276947021484375
0.038970947265625 -0.0471839904785156 -0.0496559143066406 0.0134086608886719
0.0551490783691406 -0.0213737487792969 -0.0482292175292969 0.00891876220703126
0.0708541870117188 -0.00917816162109375 -0.0360145568847656 0.0247917175292969
0.0770797729492188 0.00605010986328125 -0.030731201171875 0.0537223815917969
0.088653564453125 0.0294189453125 0.0314712524414063 -0.0341777801513672
0.0909347534179688 0.013885498046875 0.0594902038574219 0.0119743347167969
0.0831527709960938 -0.00087738037109375 0.0671615600585937 0.012115478515625
0.0730972290039063 -0.0301666259765625 0.0692977905273438 -0.0114097595214844
0.0476722717285156 -0.0492057800292969 0.0425376892089844 -0.0217857360839844
0.0153007507324219 -0.0635566711425781 0.0134372711181641 -0.024566650390625
-0.00777435302734376 -0.061279296875 0.00297832489013672 -0.00388598442077637
-0.00665283203125 -0.057403564453125 -0.00224113464355469 0.0194110870361328
-0.0131683349609375 -0.0615119934082031 -0.011505126953125 0.0379714965820312
-0.00477600097656249 -0.0668296813964844 -0.030487060546875 0.0435676574707031
0.0223121643066406 -0.0640640258789063 -0.0426712036132813 0.042083740234375
0.0410499572753906 -0.0552177429199219 -0.0451622009277344 0.0220298767089844
0.0651130676269531 -0.0260543823242187 -0.0403060913085937 0.00998306274414063
0.08172607421875 -0.00707244873046875 -0.0149364471435547 0.0206413269042969
0.0835952758789062 0.00939178466796875 -0.000762939453124999 0.05999755859375
0.0774993896484375 0.0232696533203125 0.0572700500488281 -0.0292816162109375
0.0852737426757812 0.00945281982421875 0.0762939453125 0.0097808837890625
0.078460693359375 -0.0054779052734375 0.0656661987304688 0.0123634338378906
0.064697265625 -0.0343093872070313 0.0632400512695312 -0.00292587280273438
0.0373344421386719 -0.0488548278808594 0.0387153625488281 -0.00718307495117188
0.00571441650390625 -0.0561408996582031 0.0153627395629883 -0.0021820068359375
-0.00939178466796875 -0.049957275390625 0.0119171142578125 0.0162839889526367
-0.009185791015625 -0.0471000671386719 0.00865554809570313 0.0376625061035156
-0.0131378173828125 -0.0502471923828125 -0.000644683837890622 0.0549430847167969
-0.005645751953125 -0.0572624206542969 -0.0240592956542969 0.05938720703125
0.0206756591796875 -0.057647705078125 -0.03790283203125 0.0534019470214844
0.0403213500976563 -0.050262451171875 -0.0413970947265625 0.0271377563476563
0.0665321350097656 -0.0207405090332031 -0.0324230194091797 0.0104598999023438
0.0789337158203125 -0.00183868408203125 0.00620269775390626 0.0174932479858398
0.0759658813476563 0.013702392578125 0.0272903442382813 0.0669822692871094
0.0550079345703125 0.0143203735351563 0.0753936767578125 -0.0309295654296875
0.0679435729980469 0.00394058227539063 0.0843048095703125 0.0019073486328125
0.0611686706542969 -0.00955963134765625 0.0630226135253906 0.00760269165039062
0.0458450317382813 -0.0333786010742188 0.0553207397460938 0.00586318969726562
0.0207099914550781 -0.0407752990722656 0.0368423461914063 0.00593185424804687
-0.00432586669921875 -0.0410308837890625 0.0204925537109375 0.0154037475585937
-0.0113849639892578 -0.0297584533691406 0.0212478637695313 0.0312862396240234
-0.008880615234375 -0.0285797119140625 0.017364501953125 0.0486640930175781
-0.0111293792724609 -0.031951904296875 0.00608444213867188 0.0653305053710938
-0.00584793090820312 -0.0385398864746094 -0.0207443237304688 0.0705032348632813
0.0165901184082031 -0.0421981811523438 -0.0370674133300781 0.0605087280273438
0.0340118408203125 -0.0375251770019531 -0.0407142639160156 0.03155517578125
0.0552253723144531 -0.010833740234375 -0.0263423919677734 0.0107250213623047
0.0638046264648438 0.00481796264648438 0.0214939117431641 0.0172557830810547
0.0559043884277344 0.0148773193359375 0.0492935180664063 0.0735015869140625
0.0225868225097656 0.00683403015136719 0.08465576171875 -0.0363311767578125
0.0402717590332031 0.000217437744140625 0.0849609375 -0.00783538818359375
0.0355262756347656 -0.0120429992675781 0.0568161010742188 0.00311660766601562
0.0207157135009766 -0.0252456665039063 0.049285888671875 0.00994110107421875
0.00225067138671875 -0.0257835388183594 0.0373725891113281 0.0118865966796875
-0.0150022506713867 -0.0164022445678711 0.0276317596435547 0.0232334136962891
-0.0108242034912109 -0.00692653656005859 0.0295181274414062 0.0375480651855469
-0.00600624084472656 -0.00541496276855469 0.0251235961914062 0.0526847839355469
-0.00820636749267578 -0.00896358489990234 0.00867462158203126 0.0708847045898438
-0.00780296325683594 -0.0161142349243164 -0.0208358764648437 0.0762710571289063
0.00602340698242187 -0.02386474609375 -0.0379104614257812 0.0638427734375
0.0199184417724609 -0.0219841003417969 -0.0401420593261719 0.0339431762695312
0.0355796813964844 -0.0021514892578125 -0.0245113372802734 0.0107479095458984
0.036773681640625 0.0063934326171875 0.0290203094482422 0.0202465057373047
0.0256214141845703 0.0130844116210938 0.05999755859375 0.080291748046875
0.0104885101318359 0.0118865966796875 -0.0593070983886719 -0.063140869140625
0.000260829925537109 -0.0024106502532959 -0.0181217193603516 -0.0168476104736328
-0.00494718551635742 0.00462055206298828 0.0310935974121094 -0.00740814208984375
0.00396156311035156 0.00656414031982422 0.0519905090332031 -0.0369796752929688
0.00894355773925781 -0.000338554382324219 0.0423316955566406 -0.0634193420410156
0.00812149047851563 -0.00902557373046875 0.013427734375 -0.0824050903320313
0.000558853149414064 -0.0185661315917969 -0.0163726806640625 -0.0728836059570313
0.00193119049072266 -0.0167732238769531 -0.0292167663574219 -0.0463829040527344
0.00574874877929687 -0.0164651870727539 -0.0380821228027344 -0.0275802612304687
0.0114727020263672 -0.0122261047363281 -0.0419158935546875 -0.0208892822265625
0.0131769180297852 -0.00137042999267578 -0.0486526489257812 -0.00830841064453125
0.00623893737792969 0.011505126953125 -0.0490226745605469 -0.00654602050781249
-0.0113096237182617 0.00784206390380859 -0.0604362487792969 -0.00697708129882812
-0.0101966857910156 -0.00166606903076172 -0.0765762329101562 0.016754150390625
-0.000440120697021484 0.00570917129516601 -0.0813674926757813 0.0372238159179687
0.0433616638183594 0.02001953125 -0.0457572937011719 -0.0589599609375
0.0324859619140625 0.00168991088867188 -0.00325202941894531 -0.0123929977416992
0.0237369537353516 0.00362205505371094 0.04046630859375 -0.00441360473632813
0.0268211364746094 -0.00347328186035156 0.058837890625 -0.0352363586425781
0.0239238739013672 -0.0155048370361328 0.0453338623046875 -0.0583953857421875
0.0136699676513672 -0.0301055908203125 0.0140380859375 -0.0750350952148438
-0.00164031982421875 -0.0387153625488281 -0.0134506225585938 -0.0624847412109375
-0.00231170654296875 -0.0373115539550781 -0.0268096923828125 -0.0345268249511719
-0.000205993652343749 -0.0383720397949219 -0.0371513366699219 -0.0153732299804687
0.00965499877929687 -0.0361709594726563 -0.0458717346191406 -0.00930023193359376
0.0216121673583984 -0.0247325897216797 -0.0519065856933594 0.00129699707031249
0.0233306884765625 -0.00931739807128906 -0.0506935119628906 -0.00118255615234376
0.0139894485473633 0.000885009765625 -0.0577011108398437 0.00124359130859376
0.0198898315429688 -0.00226974487304687 -0.0674057006835938 0.0248985290527344
0.0301055908203125 0.00621414184570313 -0.0721817016601562 0.0452423095703125
0.0692405700683594 0.026214599609375 -0.0242080688476562 -0.0506820678710938
0.0608139038085938 0.00749588012695313 0.0166330337524414 -0.00334835052490234
0.0511054992675781 0.00310897827148438 0.0524482727050781 0.00168991088867188
0.0484199523925781 -0.0135688781738281 0.065948486328125 -0.0297279357910156
0.0374755859375 -0.0296592712402344 0.0469245910644531 -0.0499458312988281
0.0181083679199219 -0.0478591918945313 0.0137481689453125 -0.0622138977050781
-0.003662109375 -0.0537223815917969 -0.0101814270019531 -0.0462646484375
-0.00587844848632813 -0.0513877868652344 -0.0200653076171875 -0.0184516906738281
-0.00754928588867188 -0.0544967651367188 -0.0316848754882813 0.00275993347167968
0.00371170043945312 -0.05517578125 -0.0444183349609375 0.00754165649414062
0.0235176086425781 -0.0452804565429688 -0.0521049499511719 0.0153732299804687
0.0328330993652344 -0.0303573608398438 -0.0513153076171875 0.00698089599609374
0.0366325378417969 -0.0104751586914063 -0.0535812377929688 0.00767898559570312
0.04705810546875 -0.00634384155273438 -0.0528678894042969 0.02850341796875
0.0561866760253906 0.00453948974609375 -0.0533180236816406 0.0525970458984375
0.0851821899414063 0.0281600952148438 0.00262832641601563 -0.04144287109375
0.0808639526367187 0.0102310180664062 0.0394744873046875 0.00615692138671875
0.0726699829101563 0.00099945068359375 0.0619125366210938 0.0081329345703125
0.0648078918457031 -0.024017333984375 0.0697517395019531 -0.0210189819335938
0.0453720092773438 -0.0418968200683594 0.04595947265625 -0.0376472473144531
0.0182876586914063 -0.0589637756347656 0.0130653381347656 -0.0433616638183594
-0.005950927734375 -0.0607833862304688 -0.00414276123046875 -0.0251655578613281
-0.00827407836914062 -0.0576515197753906 -0.0109977722167969 0.00146389007568359
-0.0127372741699219 -0.0611724853515625 -0.0216617584228516 0.0216655731201172
-0.00286865234374999 -0.0654335021972656 -0.0381546020507813 0.026763916015625
0.0218544006347656 -0.0591926574707031 -0.0484199523925781 0.0308723449707031
0.0373497009277344 -0.0472602844238281 -0.0491447448730469 0.0164909362792969
0.0531692504882813 -0.0213508605957031 -0.0481681823730469 0.011383056640625
0.0678901672363281 -0.0105247497558594 -0.0347423553466797 0.0265560150146484
0.0744552612304688 0.00441741943359375 -0.0276679992675781 0.0567398071289063
0.08660888671875 0.0257415771484375 0.0304298400878906 -0.0340347290039063
0.0875701904296875 0.0099945068359375 0.0601234436035156 0.0101737976074219
0.0812149047851563 -0.00292205810546875 0.0674362182617188 0.0126914978027344
0.0691375732421875 -0.0321388244628906 0.0690498352050781 -0.0120162963867188
0.0443038940429688 -0.0489616394042969 0.0434455871582031 -0.0227813720703125
0.0131149291992188 -0.0621376037597656 0.01348876953125 -0.0221881866455078
-0.00880813598632812 -0.0594520568847656 0.00374341011047363 -0.00232267379760742
-0.0104217529296875 -0.0549774169921875 -0.000406265258789064 0.0207443237304688
-0.0150222778320312 -0.0584564208984375 -0.00968170166015626 0.0401115417480469
-0.00736618041992187 -0.0648841857910156 -0.029571533203125 0.0458335876464844
0.0192451477050781 -0.0628089904785156 -0.0422630310058594 0.0444717407226562
0.0390892028808594 -0.0554237365722656 -0.0458259582519531 0.0233383178710937
0.0626945495605469 -0.0265769958496094 -0.0400390625 0.01171875
0.0785293579101563 -0.0100250244140625 -0.0140590667724609 0.021942138671875
0.0801467895507813 0.00638580322265625 0.00136566162109375 0.061553955078125
0.0754623413085938 0.0194320678710937 0.0543899536132813 -0.0302581787109375
0.0812759399414062 0.0059356689453125 0.0751190185546875 0.00862884521484375
0.07611083984375 -0.00756072998046875 0.0680580139160156 0.0113754272460938
0.0615997314453125 -0.0360221862792969 0.0632743835449219 -0.00183868408203125
0.0336494445800781 -0.0496444702148438 0.0391387939453125 -0.00704574584960938
0.00313949584960938 -0.0545501708984375 0.0159664154052734 -0.0012359619140625
-0.0116043090820312 -0.0472068786621094 0.0120315551757813 0.0170145034790039
-0.0105361938476562 -0.0440483093261719 0.0106315612792969 0.0364952087402344
-0.0147819519042969 -0.0470161437988281 0.000885009765624995 0.0555038452148437
-0.00731277465820313 -0.0541229248046875 -0.0220909118652344 0.0604286193847656
0.0166091918945313 -0.0561447143554687 -0.0365753173828125 0.054840087890625
0.036712646484375 -0.0509262084960938 -0.0411911010742188 0.0292015075683594
0.0623741149902344 -0.0218162536621094 -0.032012939453125 0.0108165740966797
0.07659912109375 -0.00604248046875 0.00620651245117188 0.0177402496337891
0.0731887817382813 0.0102005004882813 0.0287628173828125 0.0667953491210938
0.0532379150390625 0.0104408264160156 0.0714492797851562 -0.0325088500976562
0.0645561218261719 0.00038909912109375 0.0829620361328125 0.00066375732421875
0.0593833923339844 -0.0123138427734375 0.0638084411621094 0.00812149047851563
0.042633056640625 -0.034637451171875 0.0564918518066406 0.00419998168945312
0.0165481567382813 -0.0404129028320313 0.037322998046875 0.00438308715820312
-0.00791168212890625 -0.0371551513671875 0.0220966339111328 0.0142822265625
-0.0137977600097656 -0.0278453826904297 0.0222454071044922 0.0297985076904297
-0.00985145568847656 -0.02630615234375 0.0195121765136719 0.0465507507324219
-0.0118160247802734 -0.0284442901611328 0.00724411010742187 0.06573486328125
-0.00739669799804688 -0.0359611511230469 -0.0183944702148438 0.0703506469726563
0.0127143859863281 -0.0401268005371094 -0.0345306396484375 0.0616569519042969
0.0303268432617188 -0.0386772155761719 -0.0390586853027344 0.0326271057128906
0.052459716796875 -0.0130615234375 -0.0256996154785156 0.0107154846191406
0.0607833862304687 0.00150680541992187 0.0213775634765625 0.0174522399902344
0.053253173828125 0.0117149353027344 0.0498275756835938 0.0725479125976563
0.022735595703125 0.00336647033691406 0.0799026489257813 -0.0389480590820313
0.0382499694824219 -0.00346755981445313 0.0824661254882812 -0.009735107421875
0.0341472625732422 -0.0140895843505859 0.0575599670410156 0.00329208374023437
0.0180759429931641 -0.0258064270019531 0.0509147644042969 0.008819580078125
-0.00116157531738281 -0.0252132415771484 0.0393180847167969 0.0104331970214844
-0.0157890319824219 -0.0129928588867188 0.0302028656005859 0.0220909118652344
-0.0107936859130859 -0.00362110137939453 0.0310840606689453 0.0337696075439453
-0.00642728805541992 -0.0038905143737793 0.0258102416992188 0.0492630004882813
-0.00851917266845703 -0.0060267448425293 0.0103721618652344 0.0700836181640625
-0.00822544097900391 -0.0128679275512695 -0.0184173583984375 0.07525634765625
0.00386428833007812 -0.0213451385498047 -0.0356025695800781 0.0642585754394531
0.0177822113037109 -0.0219249725341797 -0.0395660400390625 0.0353431701660156
0.0331287384033203 -0.00467872619628906 -0.0246067047119141 0.0115737915039063
0.0346260070800781 0.00394058227539063 0.0268783569335938 0.0187664031982422
0.0244560241699219 0.00957870483398438 0.0601425170898437 0.0777130126953125
0.0122928619384766 0.0138950347900391 -0.0571060180664062 -0.0630912780761719
0.00146138668060303 -0.00186324119567871 -0.015864372253418 -0.0165624618530273
-0.00260496139526367 0.0047755241394043 0.0321617126464844 -0.00690841674804688
0.00550365447998047 0.00584125518798828 0.052032470703125 -0.0367660522460937
0.00953197479248047 -0.00202274322509766 0.0417251586914063 -0.0625953674316406
0.00810527801513672 -0.0116109848022461 0.0123291015625 -0.0808334350585938
-0.000631332397460937 -0.0207042694091797 -0.0160598754882813 -0.0711441040039063
0.00110626220703125 -0.0196475982666016 -0.0286216735839844 -0.0448074340820313
0.00559425354003907 -0.019073486328125 -0.0375862121582031 -0.0253181457519531
0.0128383636474609 -0.0137872695922852 -0.0429115295410156 -0.0193557739257813
0.0151481628417969 -0.00160121917724609 -0.0496749877929688 -0.00730133056640624
0.00843048095703125 0.0111513137817383 -0.0499000549316406 -0.00624465942382811
-0.0101966857910156 0.00954437255859375 -0.0614547729492188 -0.00716400146484374
-0.00972175598144531 0.000455856323242188 -0.0755538940429688 0.0161666870117188
0.000281333923339845 0.00772380828857422 -0.0790023803710938 0.0387420654296875
0.0440025329589844 0.0206794738769531 -0.044189453125 -0.0585212707519531
0.0326976776123047 0.00220108032226563 -0.000961303710937498 -0.0112743377685547
0.0248928070068359 0.00338363647460937 0.0426063537597656 -0.00403213500976563
0.0269927978515625 -0.00439262390136719 0.0594749450683594 -0.0347480773925781
0.0237693786621094 -0.0163631439208984 0.0447731018066406 -0.0571632385253906
0.0134372711181641 -0.0317573547363281 0.0144805908203125 -0.0728378295898437
-0.00271987915039063 -0.0400772094726563 -0.013946533203125 -0.06036376953125
-0.0029296875 -0.0384559631347656 -0.0258998870849609 -0.0327777862548828
-0.000308990478515627 -0.0402946472167969 -0.036773681640625 -0.0119590759277344
0.0103302001953125 -0.0376930236816406 -0.0462570190429688 -0.00715255737304689
0.0231094360351563 -0.0249710083007813 -0.0530166625976563 0.00298690795898437
0.0247268676757813 -0.00882720947265625 -0.0517768859863281 -0.000202178955078129
0.0147304534912109 0.00333118438720703 -0.05780029296875 0.00136947631835939
0.0189151763916016 3.0517578125E-05 -0.0652961730957031 0.0243682861328125
0.0298233032226562 0.00794029235839844 -0.0697708129882813 0.0474014282226562
0.0695266723632813 0.0266609191894531 -0.0225257873535156 -0.050079345703125
0.0602340698242188 0.00673675537109375 0.0192127227783203 -0.00190544128417969
0.0518989562988281 0.00250244140625 0.0538215637207031 0.00282669067382813
0.0485458374023438 -0.0144386291503906 0.0672111511230469 -0.0289459228515625
0.03704833984375 -0.0306549072265625 0.0468597412109375 -0.0489997863769531
0.0180206298828125 -0.0481185913085937 0.0141677856445312 -0.0604171752929688
-0.00458145141601562 -0.0540504455566406 -0.00908660888671875 -0.0432968139648437
-0.00626373291015625 -0.0516891479492187 -0.0192794799804688 -0.0158863067626953
-0.00741577148437499 -0.0553207397460938 -0.0299034118652344 0.00526809692382812
0.00410079956054688 -0.055755615234375 -0.0449600219726563 0.0108642578125
0.0241584777832031 -0.0452079772949219 -0.0531806945800781 0.0179710388183594
0.0334262847900391 -0.0300178527832031 -0.0525245666503906 0.00814437866210936
0.0368843078613281 -0.0087127685546875 -0.0537567138671875 0.007781982421875
0.0457649230957031 -0.00503158569335937 -0.0513572692871094 0.029296875
0.0546493530273438 0.00653457641601563 -0.0511016845703125 0.0548515319824219
0.083953857421875 0.0275192260742188 0.00341796875 -0.0406455993652344
0.0785140991210937 0.00958251953125 0.0409660339355469 0.00742721557617188
0.0721511840820313 0.00052642822265625 0.0639991760253906 0.0100631713867188
0.06341552734375 -0.0250396728515625 0.0714263916015625 -0.0201492309570313
0.0439109802246094 -0.0421676635742188 0.046600341796875 -0.0364570617675781
0.0172576904296875 -0.0585861206054688 0.0139884948730469 -0.0409507751464844
-0.00665283203125 -0.0601005554199219 -0.00254058837890625 -0.0231685638427734
-0.0093994140625 -0.0566635131835938 -0.00991630554199219 0.00305843353271484
-0.0130958557128906 -0.0601768493652344 -0.0204429626464844 0.0246772766113281
-0.00316238403320312 -0.0642814636230469 -0.0385856628417969 0.0306015014648437
0.0208358764648437 -0.0582504272460937 -0.0491600036621094 0.0331993103027344
0.0367813110351563 -0.0476150512695313 -0.0507354736328125 0.017059326171875
0.0529060363769531 -0.0202903747558594 -0.0481796264648438 0.0122871398925781
0.0660743713378906 -0.00962448120117187 -0.0331802368164063 0.0280094146728516
0.0721893310546875 0.00479888916015625 -0.0257797241210938 0.0601921081542969
0.0846939086914063 0.02447509765625 0.0307140350341797 -0.0332489013671875
0.0850143432617188 0.008514404296875 0.0607032775878906 0.0122795104980469
0.080780029296875 -0.00316619873046875 0.07012939453125 0.0143165588378906
0.0679206848144531 -0.0320358276367188 0.07012939453125 -0.0104789733886719
0.0423965454101563 -0.0486259460449219 0.0440864562988281 -0.0212059020996094
0.0121917724609375 -0.0608749389648438 0.0151462554931641 -0.0201206207275391
-0.00974655151367187 -0.0569877624511719 0.0042719841003418 -0.00141382217407227
-0.0107765197753906 -0.0534820556640625 9.15527343750017E-05 0.02203369140625
-0.0154190063476563 -0.05657958984375 -0.00861358642578125 0.0429573059082031
-0.00789260864257813 -0.0620689392089844 -0.0300407409667969 0.0483322143554688
0.0177803039550781 -0.0615386962890625 -0.0430946350097656 0.0471572875976562
0.0366439819335938 -0.0546379089355469 -0.0466079711914063 0.0251998901367188
0.0610885620117187 -0.0258560180664062 -0.0406646728515625 0.0128250122070312
0.0762405395507813 -0.0105438232421875 -0.0133342742919922 0.0237274169921875
0.0785598754882813 0.00553131103515625 0.00211715698242188 0.064483642578125
0.0732650756835937 0.0167999267578125 0.0538253784179688 -0.0296134948730469
0.0780868530273437 0.00460052490234375 0.0749740600585938 0.0105819702148437
0.0750045776367188 -0.00872802734375 0.0703048706054688 0.0136032104492188
0.0593338012695313 -0.0355224609375 0.0652580261230469 -0.00150680541992188
0.0318946838378906 -0.0479049682617188 0.0409088134765625 -0.0070343017578125
0.002685546875 -0.052154541015625 0.0186195373535156 -9.15527343750032E-05
-0.0124359130859375 -0.0447731018066406 0.0131912231445313 0.0166797637939453
-0.0108909606933594 -0.0416984558105469 0.0110244750976563 0.0373497009277344
-0.0141792297363281 -0.0445976257324219 0.0013275146484375 0.057159423828125
-0.00883102416992188 -0.0506248474121094 -0.0217857360839844 0.0621566772460938
0.0148696899414063 -0.0539779663085938 -0.0367393493652344 0.0561752319335937
0.03466796875 -0.0504341125488281 -0.0423049926757813 0.0301055908203125
0.060516357421875 -0.0226821899414063 -0.0322780609130859 0.0118045806884766
0.0736846923828125 -0.00669097900390625 0.00687408447265625 0.0193214416503906
0.070770263671875 0.008331298828125 0.0281600952148438 0.0691070556640625
0.0512123107910156 0.00820541381835937 0.0698661804199219 -0.0319137573242188
0.0612678527832031 -0.00130844116210938 0.081787109375 0.00212860107421875
0.058380126953125 -0.0133399963378906 0.0652809143066406 0.00961685180664063
0.0399627685546875 -0.0340309143066406 0.0580825805664063 0.0053863525390625
0.0150718688964844 -0.0398292541503906 0.0390357971191406 0.00490188598632812
-0.00844192504882813 -0.0346317291259766 0.0241031646728516 0.0142593383789063
-0.0130290985107422 -0.0249080657958984 0.0229015350341797 0.0286083221435547
-0.00988578796386719 -0.0231647491455078 0.0195426940917969 0.0462379455566406
-0.0117855072021484 -0.0259227752685547 0.00801467895507813 0.0668487548828125
-0.00841522216796875 -0.0326175689697266 -0.0182418823242188 0.0716629028320313
0.010223388671875 -0.0384635925292969 -0.0346031188964844 0.0628890991210938
0.0278244018554688 -0.0375022888183594 -0.0397758483886719 0.0338058471679688
0.0499496459960938 -0.0143966674804688 -0.0262165069580078 0.0109844207763672
0.0579719543457031 -0.0009002685546875 0.0206260681152344 0.0178604125976563
0.0512733459472656 0.00922012329101562 0.0486068725585937 0.07391357421875
0.0212669372558594 0.000486373901367187 0.0777511596679688 -0.0390853881835938
0.0357284545898437 -0.00579071044921875 0.0811920166015625 -0.00897979736328125
0.0326709747314453 -0.0157852172851563 0.0583152770996094 0.00441741943359375
0.0162029266357422 -0.0269260406494141 0.0530319213867188 0.00941848754882812
-0.00338554382324219 -0.0238456726074219 0.0405197143554688 0.01019287109375
-0.0166254043579102 -0.0101070404052734 0.0314731597900391 0.020294189453125
-0.0110559463500977 -0.00111293792724609 0.0311431884765625 0.0323505401611328
-0.00624608993530274 -0.00197982788085937 0.0253982543945312 0.0473823547363281
-0.00814533233642578 -0.00313425064086914 0.0101242065429687 0.06927490234375
-0.00962066650390625 -0.0103073120117187 -0.0182342529296875 0.0755233764648438
0.00189590454101563 -0.0194759368896484 -0.0356178283691406 0.0645217895507813
0.0158042907714844 -0.0214099884033203 -0.0396347045898438 0.0356788635253906
0.0309276580810547 -0.00497627258300781 -0.0257511138916016 0.0113925933837891
0.0318737030029297 0.0026397705078125 0.0259571075439453 0.0187873840332031
0.0227031707763672 0.00747299194335938 0.0582809448242187 0.0778656005859375
0.0145282745361328 0.0163955688476563 -0.0556297302246094 -0.0657920837402344
0.00353908538818359 -0.00127506256103516 -0.0133600234985352 -0.0166034698486328
-0.000844478607177734 0.00494861602783203 0.0344791412353516 -0.006683349609375
0.0073246955871582 0.00481605529785156 0.0550117492675781 -0.0372886657714844
0.0106277465820313 -0.00309848785400391 0.0426712036132813 -0.062591552734375
0.00873279571533203 -0.0138864517211914 0.0130462646484375 -0.081390380859375
-0.00133705139160156 -0.0231227874755859 -0.0159149169921875 -0.0715103149414063
0.000383377075195314 -0.0217170715332031 -0.0277252197265625 -0.0443611145019531
0.00553131103515625 -0.0228939056396484 -0.0379562377929688 -0.0238456726074219
0.0142278671264648 -0.0165596008300781 -0.0444068908691406 -0.0178756713867188
0.0174045562744141 -0.00286865234375 -0.0515975952148437 -0.00653839111328126
0.0111808776855469 0.0115270614624023 -0.0526275634765625 -0.00676345825195312
-0.00935554504394531 0.0125694274902344 -0.0640068054199219 -0.00817108154296875
-0.00920486450195313 0.00436019897460937 -0.0765380859375 0.0153121948242188
0.00087451934814453 0.0106296539306641 -0.0785598754882813 0.0402679443359375
0.0461769104003906 0.0230979919433594 -0.0418014526367188 -0.0599746704101562
0.034423828125 0.00242805480957031 0.00179767608642578 -0.0103960037231445
0.0266952514648438 0.00358009338378906 0.0456199645996094 -0.00310516357421875
0.0291213989257812 -0.0056915283203125 0.0622634887695313 -0.0343589782714844
0.0248184204101563 -0.0180854797363281 0.0463829040527344 -0.056884765625
0.0135421752929688 -0.03436279296875 0.015289306640625 -0.072113037109375
-0.00345230102539063 -0.0420570373535156 -0.0119400024414063 -0.0601577758789063
-0.00325393676757812 -0.0404777526855469 -0.0248489379882813 -0.0312824249267578
-0.000514984130859373 -0.0434494018554688 -0.0363616943359375 -0.00999069213867187
0.0119819641113281 -0.0406150817871094 -0.0477256774902344 -0.00476074218750001
0.0255069732666016 -0.0260791778564453 -0.0554428100585938 0.00440216064453126
0.0276985168457031 -0.00846290588378906 -0.0538978576660156 -5.72204589843745E-05
0.0162649154663086 0.00614452362060547 -0.059661865234375 0.000644683837890636
0.0198497772216797 0.00333786010742188 -0.0660820007324219 0.0251083374023438
0.0304222106933594 0.0106792449951172 -0.0690650939941406 0.0498847961425781
0.0709915161132813 0.0283126831054688 -0.0204505920410156 -0.0503425598144531
0.0612983703613281 0.00730514526367188 0.0228805541992188 -0.00070953369140625
0.0538825988769531 0.00329971313476563 0.0584259033203125 0.004974365234375
0.0498123168945313 -0.0151023864746094 0.07025146484375 -0.0283966064453125
0.0370292663574219 -0.0317611694335938 0.0493888854980469 -0.0479354858398438
0.0179100036621094 -0.0499458312988281 0.016204833984375 -0.0583343505859375
-0.00442123413085937 -0.0560874938964844 -0.0074615478515625 -0.0429039001464844
-0.0071868896484375 -0.0534744262695312 -0.0181007385253906 -0.0140838623046875
-0.00749588012695312 -0.0568122863769531 -0.0295772552490234 0.00872230529785155
0.00448608398437501 -0.0571823120117188 -0.0459823608398438 0.0140724182128906
0.0260238647460938 -0.0459861755371094 -0.0557861328125 0.0205459594726562
0.0359039306640625 -0.0300750732421875 -0.0547065734863281 0.00946807861328124
0.0378036499023438 -0.00637435913085938 -0.0554695129394531 0.00812149047851561
0.0462799072265625 -0.001556396484375 -0.0511093139648438 0.0295028686523437
0.0554275512695313 0.008575439453125 -0.0504493713378906 0.0591316223144531
0.0844497680664063 0.0288925170898438 0.00527572631835938 -0.04052734375
0.0790634155273437 0.0096435546875 0.0447158813476563 0.00939559936523438
0.0736846923828125 0.00031280517578125 0.0689010620117188 0.0117263793945313
0.0639419555664063 -0.0252151489257812 0.0750961303710938 -0.0194244384765625
0.0439643859863281 -0.0426063537597656 0.0488967895507813 -0.0347366333007813
0.0175514221191406 -0.0589790344238281 0.0166168212890625 -0.0394744873046875
-0.00733184814453126 -0.0609169006347656 -0.00102043151855469 -0.0212535858154297
-0.00986099243164063 -0.0578269958496094 -0.00836753845214844 0.00590133666992187
-0.0130615234375 -0.0615692138671875 -0.0195484161376953 0.0295009613037109
-0.00311660766601562 -0.0647392272949219 -0.0392570495605469 0.0338249206542969
0.0219001770019531 -0.0584449768066406 -0.0514183044433594 0.0367240905761719
0.037933349609375 -0.0473175048828125 -0.0527153015136719 0.0194740295410156
0.0534400939941406 -0.019195556640625 -0.0497322082519531 0.0129814147949219
0.0665054321289063 -0.00825881958007813 -0.0326499938964844 0.0295963287353516
0.0724563598632813 0.00637054443359375 -0.0255775451660156 0.065032958984375
0.0845184326171875 0.02459716796875 0.0323829650878906 -0.0328464508056641
0.083770751953125 0.00902557373046875 0.0641822814941406 0.0150032043457031
0.081390380859375 -0.00293731689453125 0.0743484497070313 0.0168914794921875
0.0677070617675781 -0.0323448181152344 0.0745010375976562 -0.009002685546875
0.0419464111328125 -0.0484733581542969 0.0472564697265625 -0.0204010009765625
0.0122718811035156 -0.0602302551269531 0.0178565979003906 -0.0187129974365234
-0.00968551635742188 -0.0569496154785156 0.00636577606201172 0.000246047973632809
-0.0112838745117187 -0.0527801513671875 0.00209999084472656 0.0245132446289062
-0.0145149230957031 -0.0565261840820312 -0.00780105590820313 0.0469322204589844
-0.00808334350585938 -0.0610923767089844 -0.0304222106933594 0.0524139404296875
0.0175132751464844 -0.0611305236816406 -0.0441436767578125 0.0507164001464844
0.0363349914550781 -0.0541534423828125 -0.0482711791992187 0.0273780822753906
0.0610160827636719 -0.0252304077148438 -0.0416030883789062 0.0140914916992187
0.075927734375 -0.00997161865234375 -0.0122966766357422 0.0257015228271484
0.0782852172851563 0.00568389892578125 0.00324630737304687 0.0693092346191406
0.0724945068359375 0.016448974609375 0.0550270080566406 -0.0290870666503906
0.0774154663085938 0.00397491455078125 0.0782318115234375 0.01287841796875
0.07574462890625 -0.00830841064453125 0.074005126953125 0.0161666870117188
0.0587158203125 -0.0359840393066406 0.0688743591308594 -0.000953674316406252
0.0306930541992188 -0.0476646423339844 0.0439872741699219 -0.0055389404296875
0.00274276733398438 -0.0503158569335937 0.0210800170898438 0.00107002258300781
-0.0116767883300781 -0.0426368713378906 0.0148372650146484 0.0183734893798828
-0.0114021301269531 -0.0405654907226562 0.0118522644042969 0.0388221740722656
-0.0140953063964844 -0.0430946350097656 0.00199508666992188 0.0602836608886719
-0.00976943969726562 -0.0486030578613281 -0.0228385925292969 0.0661849975585938
0.0131568908691406 -0.053009033203125 -0.0378875732421875 0.0601348876953125
0.0329360961914063 -0.0503005981445313 -0.0434150695800781 0.0321197509765625
0.0601005554199219 -0.0224380493164063 -0.0332164764404297 0.0127735137939453
0.0727691650390625 -0.00717926025390625 0.00718498229980469 0.0209560394287109
0.0696945190429688 0.00734710693359375 0.0291824340820312 0.0737762451171875
0.0502853393554688 0.00675582885742188 0.0700149536132813 -0.031768798828125
0.0590782165527344 -0.00225448608398437 0.0832595825195313 0.00466156005859375
0.0585289001464844 -0.0150680541992188 0.0689773559570313 0.0123519897460937
0.0391464233398438 -0.0341377258300781 0.061431884765625 0.00580215454101562
0.0130805969238281 -0.0387001037597656 0.0421600341796875 0.00468826293945312
-0.00909233093261719 -0.031951904296875 0.0263423919677734 0.0147743225097656
-0.0128040313720703 -0.0221824645996094 0.0236358642578125 0.0294189453125
-0.0094451904296875 -0.0208740234375 0.0202522277832031 0.0472488403320313
-0.0111980438232422 -0.0230827331542969 0.008941650390625 0.0690536499023437
-0.00832366943359375 -0.0295467376708984 -0.0189971923828125 0.074462890625
0.00870513916015625 -0.0366058349609375 -0.0358772277832031 0.0647544860839844
0.0262985229492188 -0.03680419921875 -0.0415115356445313 0.0349540710449219
0.0485763549804688 -0.0142059326171875 -0.0276317596435547 0.0117607116699219
0.0566024780273438 -0.00187301635742188 0.0207672119140625 0.0193099975585938
0.0501213073730469 0.0078887939453125 0.0484848022460938 0.0783538818359375
0.0206050872802734 -0.000959396362304687 0.077484130859375 -0.0394515991210938
0.0346965789794922 -0.00764846801757812 0.0818939208984375 -0.0069732666015625
0.0321998596191406 -0.0178432464599609 0.0614585876464844 0.006317138671875
0.0138397216796875 -0.0273952484130859 0.0558433532714844 0.00954437255859375
-0.00670051574707031 -0.0235309600830078 0.0429763793945312 0.00957107543945312
-0.0176200866699219 -0.00747489929199219 0.0336189270019531 0.0199069976806641
-0.0105352401733398 0.00212669372558594 0.0317173004150391 0.0312976837158203
-0.00636577606201172 0.000799179077148438 0.0252151489257813 0.0482711791992188
-0.00741958618164063 -0.000653743743896484 0.0106430053710938 0.07171630859375
-0.00938320159912109 -0.00654983520507812 -0.0194015502929687 0.0768280029296875
0.00104331970214844 -0.0177631378173828 -0.0368461608886719 0.0662918090820313
0.0136203765869141 -0.0205478668212891 -0.0417556762695313 0.0369949340820312
0.0298748016357422 -0.00585365295410156 -0.0272502899169922 0.0116977691650391
0.0295276641845703 0.00123214721679687 0.0254192352294922 0.0193634033203125
0.0212039947509766 0.00504684448242188 0.0580596923828125 0.081695556640625
0.0179100036621094 0.0196895599365234 -0.0566825866699219 -0.0687828063964844
0.00584840774536133 -0.000419139862060547 -0.0118331909179687 -0.017186164855957
0.00161933898925781 0.0048065185546875 0.0384750366210938 -0.00790786743164063
0.00965118408203125 0.00364494323730469 0.0573692321777344 -0.0395126342773438
0.0120868682861328 -0.00566482543945313 0.0439071655273438 -0.0650749206542969
0.00842857360839844 -0.0181636810302734 0.0131149291992187 -0.083099365234375
-0.00301551818847656 -0.0267753601074219 -0.016265869140625 -0.0726165771484375
-0.0014495849609375 -0.0255031585693359 -0.0284233093261719 -0.0440788269042969
0.00488090515136719 -0.0270786285400391 -0.03857421875 -0.0220756530761719
0.0154018402099609 -0.0208148956298828 -0.047119140625 -0.0157546997070313
0.0203571319580078 -0.00489044189453125 -0.0548477172851563 -0.00407028198242188
0.0147266387939453 0.0117988586425781 -0.0562896728515625 -0.00631332397460938
-0.00700569152832031 0.0158567428588867 -0.0677146911621094 -0.00816726684570311
-0.00836801528930664 0.0081934928894043 -0.07818603515625 0.0156326293945313
0.00263404846191406 0.0140380859375 -0.0782928466796875 0.0431442260742187
0.0498237609863281 0.025634765625 -0.0419502258300781 -0.0622634887695313
0.0370445251464844 0.00246429443359375 0.00551319122314453 -0.0104961395263672
0.0295906066894531 0.00252151489257813 0.0499610900878906 -0.00335311889648438
0.0310688018798828 -0.007415771484375 0.0662498474121094 -0.0361557006835937
0.0258769989013672 -0.020477294921875 0.0484504699707031 -0.0584335327148438
0.01348876953125 -0.0375328063964844 0.015716552734375 -0.07293701171875
-0.00543975830078125 -0.0456008911132813 -0.0118522644042969 -0.059814453125
-0.0056304931640625 -0.0439033508300781 -0.0241508483886719 -0.0301647186279297
-0.00157546997070313 -0.0479164123535156 -0.0363578796386719 -0.00621795654296876
0.0121726989746094 -0.0444183349609375 -0.0499000549316406 -0.000854492187500007
0.0284976959228516 -0.0280818939208984 -0.0586204528808594 0.00800323486328125
0.0312099456787109 -0.00911140441894531 -0.0577583312988281 0.00140380859375
0.0194187164306641 0.00897979736328125 -0.0631446838378906 0.00131988525390626
0.0214004516601563 0.00683403015136719 -0.0672225952148438 0.0264244079589844
0.0324897766113281 0.0142478942871094 -0.0684738159179688 0.0548019409179687
0.0742340087890625 0.0294265747070313 -0.0194778442382812 -0.0520095825195313
0.0633964538574219 0.00715255737304688 0.0268402099609375 0.000133514404296875
0.0566024780273438 0.0020294189453125 0.0636711120605469 0.0044097900390625
0.0513572692871094 -0.0170211791992188 0.0748367309570313 -0.0290374755859375
0.038421630859375 -0.0339813232421875 0.0518646240234375 -0.0488662719726563
0.0175857543945312 -0.0529136657714844 0.0182647705078125 -0.0584373474121094
-0.00684356689453125 -0.0587005615234375 -0.0059814453125 -0.0416717529296875
-0.00831985473632813 -0.0560417175292969 -0.0165739059448242 -0.0116596221923828
-0.00870132446289062 -0.0601081848144531 -0.0288848876953125 0.0136833190917969
0.00505828857421874 -0.0602989196777344 -0.0476875305175781 0.0195541381835938
0.0278129577636719 -0.0486640930175781 -0.0582389831542969 0.0251922607421875
0.0387802124023438 -0.0315933227539063 -0.0587539672851563 0.0129470825195313
0.0407562255859375 -0.00450515747070313 -0.0586891174316406 0.00990295410156249
0.0479469299316406 0.000457763671875 -0.0511398315429688 0.0322990417480469
0.0574874877929687 0.0107765197753906 -0.0488319396972656 0.0649147033691406
0.08685302734375 0.02947998046875 0.00730133056640625 -0.0410118103027344
0.0802383422851563 0.00905609130859375 0.0493583679199219 0.011199951171875
0.0765609741210937 -0.00095367431640625 0.0755691528320312 0.0128555297851562
0.0656661987304688 -0.0269508361816406 0.0804443359375 -0.0192718505859375
0.0443191528320313 -0.0447998046875 0.052764892578125 -0.0354118347167969
0.0174522399902344 -0.0612716674804688 0.0193023681640625 -0.0389823913574219
-0.00809860229492188 -0.0623741149902344 0.000654220581054689 -0.0202293395996094
-0.0111656188964844 -0.0589714050292969 -0.00662994384765625 0.00827789306640624
-0.0138778686523438 -0.0636749267578125 -0.0173091888427734 0.0338840484619141
-0.00339508056640624 -0.0661849975585938 -0.0403861999511719 0.0403709411621094
0.0226974487304687 -0.0611038208007812 -0.0533447265625 0.0423927307128906
0.0394554138183594 -0.0489959716796875 -0.0562057495117188 0.0232887268066406
0.0557174682617188 -0.0187568664550781 -0.0523033142089844 0.015106201171875
0.0681228637695313 -0.00716781616210938 -0.0322990417480469 0.0324974060058594
0.0742721557617188 0.007598876953125 -0.0227279663085938 0.0717697143554688
0.08599853515625 0.0243606567382813 0.0340137481689453 -0.0329475402832031
0.0845718383789063 0.00872039794921875 0.0686454772949219 0.0169715881347656
0.0838088989257813 -0.004486083984375 0.0813140869140625 0.0180892944335938
0.0685195922851563 -0.0336799621582031 0.079864501953125 -0.00899505615234375
0.0416984558105469 -0.0499763488769531 0.0506668090820313 -0.0205612182617188
0.0119552612304687 -0.0604743957519531 0.0218639373779297 -0.01763916015625
-0.0102882385253906 -0.0564613342285156 0.00895977020263672 0.00179195404052734
-0.0118064880371094 -0.0531845092773438 0.00408363342285156 0.0273017883300781
-0.0153732299804688 -0.0567245483398438 -0.0048828125 0.0524673461914062
-0.0087738037109375 -0.0620307922363281 -0.0307731628417969 0.0590667724609375
0.0169029235839844 -0.0619163513183594 -0.0452804565429688 0.0569877624511719
0.0370063781738281 -0.0556068420410156 -0.0510292053222656 0.0318679809570313
0.062225341796875 -0.0264205932617188 -0.0437812805175781 0.0167350769042969
0.07708740234375 -0.0109939575195312 -0.0112724304199219 0.0284862518310547
0.0786819458007813 0.0054473876953125 0.00614166259765625 0.075592041015625
0.0732269287109375 0.0149688720703125 0.0561256408691406 -0.0291633605957031
0.0769729614257813 0.00289154052734375 0.082061767578125 0.0148391723632813
0.0771560668945312 -0.00984954833984375 0.0801620483398438 0.017822265625
0.0581207275390625 -0.0373725891113281 0.0741500854492188 -0.000228881835937502
0.0292129516601563 -0.047698974609375 0.0474395751953125 -0.00603103637695313
0.00214004516601562 -0.0499458312988281 0.0242805480957031 0.00156593322753906
-0.0121536254882813 -0.0416412353515625 0.0171680450439453 0.0195407867431641
-0.0112266540527344 -0.0390090942382812 0.014495849609375 0.0419883728027344
-0.0140113830566406 -0.0417861938476563 0.00487899780273437 0.0656929016113281
-0.0101203918457031 -0.0474967956542969 -0.0228347778320313 0.071929931640625
0.0120887756347656 -0.0528335571289063 -0.038787841796875 0.0657768249511719
0.0322990417480469 -0.0508995056152344 -0.0459098815917969 0.0369338989257813
0.0599899291992188 -0.0240097045898438 -0.0351753234863281 0.01556396484375
0.0723953247070313 -0.00909423828125 0.00771522521972657 0.0231838226318359
0.0702743530273438 0.00584793090820312 0.0318222045898438 0.0804290771484375
0.0496635437011719 0.00457763671875 0.071563720703125 -0.0320663452148438
0.0590171813964844 -0.00442123413085938 0.0873031616210937 0.00597381591796875
0.0579605102539063 -0.0168647766113281 0.0737686157226562 0.01336669921875
0.0373039245605469 -0.0358924865722656 0.0661163330078125 0.00609588623046875
0.0102348327636719 -0.0382957458496094 0.0455284118652344 0.00437164306640625
-0.00914382934570313 -0.0295753479003906 0.0299472808837891 0.0149478912353516
-0.0124702453613281 -0.0190696716308594 0.0259284973144531 0.0298576354980469
-0.00890159606933594 -0.0182075500488281 0.0218086242675781 0.0494003295898438
-0.0102424621582031 -0.0205783843994141 0.0109329223632813 0.0733871459960937
-0.00951766967773438 -0.0270061492919922 -0.0183792114257812 0.0797576904296875
0.0064544677734375 -0.0355567932128906 -0.0363006591796875 0.0703811645507813
0.0242881774902344 -0.0376129150390625 -0.0425453186035156 0.0391502380371094
0.0480155944824219 -0.0154037475585937 -0.0294151306152344 0.0139598846435547
0.0552597045898438 -0.00320816040039063 0.021575927734375 0.0208721160888672
0.0493850708007813 0.00543975830078125 0.0511627197265625 0.0837631225585938
0.0194149017333984 -0.00357627868652344 0.0784149169921875 -0.0405426025390625
0.0333213806152344 -0.0102481842041016 0.0850143432617188 -0.0061187744140625
0.0313606262207031 -0.0206661224365234 0.0656700134277344 0.00741958618164062
0.0109596252441406 -0.0286159515380859 0.0607490539550781 0.00988006591796875
-0.00959205627441406 -0.0221767425537109 0.0466270446777344 0.00820159912109375
-0.0175619125366211 -0.00340747833251953 0.0371627807617188 0.0183525085449219
-0.00983810424804688 0.00640106201171875 0.0328102111816406 0.0310707092285156
-0.00542640686035156 0.00408315658569336 0.026214599609375 0.0491065979003906
-0.00567007064819336 0.00361251831054688 0.012054443359375 0.0739059448242188
-0.00935745239257812 -0.00282859802246094 -0.0195465087890625 0.0815353393554688
-0.0017547607421875 -0.0152568817138672 -0.0373878479003906 0.0697708129882813
0.0116462707519531 -0.0202465057373047 -0.0435523986816406 0.0397262573242188
0.0277309417724609 -0.00641632080078125 -0.0296974182128906 0.0131626129150391
0.0274810791015625 -0.000635147094726563 0.0248279571533203 0.0206108093261719
0.0195369720458984 0.00274276733398438 0.0601730346679688 0.0861892700195313
0.0224742889404297 0.0219993591308594 -0.0595779418945313 -0.0714874267578125
0.00932407379150391 -0.000276565551757812 -0.0101070404052734 -0.0181293487548828
0.00497913360595703 0.00403833389282227 0.0418586730957031 -0.0105209350585938
0.0118656158447266 0.00100326538085938 0.0591545104980469 -0.0438423156738281
0.012913703918457 -0.00917243957519531 0.0434150695800781 -0.0683441162109375
0.00702857971191406 -0.022735595703125 0.010894775390625 -0.0861587524414062
-0.00610733032226563 -0.0304355621337891 -0.0190505981445313 -0.0735015869140625
-0.00455474853515625 -0.0292568206787109 -0.0302009582519531 -0.0428504943847656
0.00232696533203125 -0.0319061279296875 -0.0396957397460938 -0.0191879272460938
0.0158100128173828 -0.0260581970214844 -0.0503005981445313 -0.0118141174316406
0.0241966247558594 -0.00826644897460938 -0.0589447021484375 -0.000217437744140637
0.019287109375 0.0112018585205078 -0.0607986450195312 -0.00370788574218749
-0.00325584411621094 0.0195293426513672 -0.0719833374023438 -0.00681304931640625
-0.0057973861694336 0.012598991394043 -0.079986572265625 0.017425537109375
0.00569343566894531 0.0183944702148438 -0.0770111083984375 0.04815673828125
0.0550956726074219 0.0267829895019531 -0.0431938171386719 -0.0636100769042969
0.0406646728515625 0.0018768310546875 0.00804042816162109 -0.0116033554077148
0.0332260131835938 0.000629425048828125 0.0553474426269531 -0.00592041015625
0.0329952239990234 -0.0101299285888672 0.0690040588378906 -0.0408248901367188
0.0264759063720703 -0.0242385864257813 0.0493698120117187 -0.0613670349121094
0.0118064880371094 -0.0422859191894531 0.0153579711914063 -0.0745849609375
-0.00902938842773438 -0.0494270324707031 -0.0126304626464844 -0.0596923828125
-0.00898361206054688 -0.04742431640625 -0.0239734649658203 -0.0280418395996094
-0.00448989868164063 -0.0525474548339844 -0.0353622436523437 -0.00202560424804688
0.0121345520019531 -0.0493507385253906 -0.0516471862792969 0.00470352172851562
0.0309009552001953 -0.0321540832519531 -0.0612869262695313 0.0141258239746094
0.0350093841552734 -0.0106906890869141 -0.0616378784179688 0.00572586059570311
0.0229244232177734 0.0118255615234375 -0.0667037963867188 0.00439453125000001
0.0246315002441406 0.0106906890869141 -0.0673866271972656 0.0295295715332031
0.0354232788085938 0.0173835754394531 -0.0656471252441406 0.061126708984375
0.0784454345703125 0.0296859741210938 -0.0195655822753906 -0.0529670715332031
0.0660972595214844 0.005645751953125 0.0317935943603516 -0.000257492065429687
0.0598526000976563 -0.00119781494140625 0.0706710815429688 0.00243377685546875
0.0529823303222656 -0.0208587646484375 0.0795745849609375 -0.032928466796875
0.0379371643066406 -0.0376396179199219 0.05401611328125 -0.0512619018554688
0.0158157348632812 -0.0565643310546875 0.0192375183105469 -0.0590591430664063
-0.0104255676269531 -0.0614051818847656 -0.00487899780273438 -0.0408554077148438
-0.0121383666992187 -0.0578880310058594 -0.0148677825927734 -0.00891780853271485
-0.0118370056152344 -0.0641708374023437 -0.0262069702148438 0.0186271667480469
0.00308609008789063 -0.0643043518066406 -0.0479927062988281 0.0266380310058594
0.0286865234375 -0.0523033142089844 -0.0599937438964844 0.0331230163574219
0.041015625 -0.0340003967285156 -0.0615463256835938 0.0181617736816406
0.0443992614746094 -0.003326416015625 -0.0609550476074219 0.0136871337890625
0.05078125 0.00234222412109375 -0.0502891540527344 0.0366287231445313
0.0600624084472656 0.0123252868652344 -0.04522705078125 0.07177734375
0.0904083251953125 0.02850341796875 0.00902938842773438 -0.0416946411132813
0.0821762084960938 0.00725555419921875 0.0554962158203125 0.0107536315917969
0.0799789428710938 -0.0036468505859375 0.0827713012695313 0.010833740234375
0.066497802734375 -0.03009033203125 0.0855789184570313 -0.02288818359375
0.0437393188476563 -0.0479164123535156 0.0561599731445313 -0.0376739501953125
0.0155601501464844 -0.0638656616210938 0.0220451354980469 -0.0391197204589844
-0.0109710693359375 -0.0637130737304688 0.00354766845703125 -0.0190906524658203
-0.0137901306152344 -0.0603218078613281 -0.00326347351074219 0.0121183395385742
-0.0167350769042969 -0.0658340454101563 -0.01318359375 0.0402641296386719
-0.00551986694335938 -0.0683212280273437 -0.0385856628417969 0.0483131408691406
0.0224113464355469 -0.0629806518554688 -0.0532798767089844 0.0507392883300781
0.0397987365722656 -0.0509605407714844 -0.0584678649902344 0.0299873352050781
0.0575752258300781 -0.0194053649902344 -0.0536537170410156 0.0195999145507813
0.0697135925292969 -0.00748443603515625 -0.0308609008789063 0.0362319946289062
0.0762481689453125 0.0069580078125 -0.0179443359375 0.0785064697265625
0.0879974365234375 0.0219879150390625 0.0352249145507813 -0.03302001953125
0.0851669311523438 0.0057830810546875 0.0749893188476563 0.0168228149414063
0.0857315063476563 -0.00771331787109375 0.0890655517578125 0.0167388916015625
0.0685768127441406 -0.0364837646484375 0.0859298706054688 -0.011383056640625
0.04022216796875 -0.051849365234375 0.0546417236328125 -0.0216293334960938
0.0101776123046875 -0.0613670349121094 0.0251674652099609 -0.0174579620361328
-0.0120277404785156 -0.0564651489257812 0.0120792388916016 0.00287055969238281
-0.0139198303222656 -0.0525932312011719 0.00829124450683594 0.0309028625488281
-0.0173072814941406 -0.0571212768554688 -0.000354766845703121 0.0581169128417969
-0.0107574462890625 -0.0617408752441406 -0.0281181335449219 0.0674057006835938
0.0152206420898437 -0.0630607604980469 -0.0441780090332031 0.0654182434082031
0.0350418090820313 -0.0582962036132813 -0.0522994995117188 0.038543701171875
0.0625495910644531 -0.0280914306640625 -0.0448570251464844 0.0209465026855469
0.0773696899414063 -0.0131759643554687 -0.00907135009765625 0.0312995910644531
0.0799636840820313 0.00402069091796875 0.0111541748046875 0.0831069946289063
0.0727691650390625 0.0125198364257813 0.0576858520507813 -0.0299835205078125
0.076141357421875 0.00017547607421875 0.0881195068359375 0.014739990234375
0.0775909423828125 -0.0133056640625 0.0876693725585938 0.0169296264648438
0.05743408203125 -0.0390205383300781 0.080230712890625 -0.00177764892578125
0.0271987915039062 -0.0483360290527344 0.0512313842773438 -0.007537841796875
0.001434326171875 -0.0479774475097656 0.0287437438964844 0.00124359130859375
-0.0123443603515625 -0.0398674011230469 0.0213241577148438 0.0205917358398437
-0.0117683410644531 -0.0373878479003906 0.0182418823242188 0.0442581176757813
-0.0147132873535156 -0.0398521423339844 0.0105667114257812 0.07049560546875
-0.0117263793945313 -0.0448112487792969 -0.0192718505859375 0.0795745849609375
0.009857177734375 -0.05206298828125 -0.0371856689453125 0.073699951171875
0.029144287109375 -0.0514297485351563 -0.0461158752441406 0.0427818298339844
0.0592918395996094 -0.0262947082519531 -0.0361061096191406 0.0191764831542969
0.0719223022460938 -0.0117568969726563 0.0103073120117188 0.0250873565673828
0.0699424743652344 0.0029754638671875 0.0376968383789063 0.0863876342773438
0.0486221313476563 0.00136947631835938 0.0717849731445313 -0.0342025756835938
0.0565681457519531 -0.00754547119140625 0.091644287109375 0.00605010986328125
0.057281494140625 -0.0203018188476563 0.0806121826171875 0.012847900390625
0.0348625183105469 -0.0373420715332031 0.072021484375 0.0050506591796875
0.00713729858398437 -0.0371475219726563 0.049163818359375 0.00240325927734375
-0.00994491577148438 -0.0259323120117188 0.0334968566894531 0.0135021209716797
-0.0114078521728516 -0.0159263610839844 0.0290470123291016 0.0299472808837891
-0.00852012634277344 -0.0155925750732422 0.0258560180664063 0.0505142211914063
-0.00889778137207031 -0.0178108215332031 0.0158233642578125 0.077178955078125
-0.00949287414550781 -0.0230312347412109 -0.0151214599609375 0.0863876342773437
0.00461387634277344 -0.0325031280517578 -0.034698486328125 0.07684326171875
0.0212135314941406 -0.0370407104492188 -0.0430717468261719 0.044342041015625
0.0457038879394531 -0.0169105529785156 -0.030426025390625 0.0174140930175781
0.0532112121582031 -0.0064849853515625 0.0232982635498047 0.0219058990478516
0.0479354858398438 0.00292205810546875 0.0572128295898438 0.0889205932617188
0.0173807144165039 -0.00732326507568359 0.0774993896484375 -0.0443649291992188
0.0307426452636719 -0.0135498046875 0.087921142578125 -0.0070648193359375
0.0287609100341797 -0.0240707397460938 0.0709686279296875 0.006378173828125
0.00677871704101562 -0.0291614532470703 0.0658378601074219 0.0084686279296875
-0.0139713287353516 -0.0195064544677734 0.0502243041992188 0.00547409057617187
-0.0179729461669922 0.00152397155761719 0.0400047302246094 0.0155258178710938
-0.00721073150634765 0.0111169815063477 0.0351829528808594 0.0295524597167969
-0.00342416763305664 0.00809288024902344 0.0288162231445313 0.0492668151855469
-0.00303888320922851 0.00780344009399414 0.0156478881835938 0.0763015747070313
-0.0086359977722168 0.00104808807373047 -0.0166549682617187 0.0870590209960938
-0.00316143035888672 -0.0115699768066406 -0.0360946655273437 0.0760498046875
0.00872230529785156 -0.0192127227783203 -0.0440254211425781 0.0444107055664063
0.0254306793212891 -0.00780677795410156 -0.0316581726074219 0.015869140625
0.0243930816650391 -0.00295639038085938 0.0251216888427734 0.0211391448974609
0.0165882110595703 5.62667846679688E-05 0.064697265625 0.0899810791015625
0.0289535522460938 0.0238533020019531 -0.0618057250976563 -0.0714569091796875
0.0134992599487305 -0.000485420227050781 -0.00812530517578125 -0.0195293426513672
0.00819015502929688 0.00199794769287109 0.0439224243164063 -0.0142173767089844
0.0137605667114258 -0.00238990783691406 0.0580825805664063 -0.0483589172363281
0.0130882263183594 -0.0130529403686523 0.0409317016601563 -0.0713272094726563
0.00391197204589844 -0.0267238616943359 0.00742340087890624 -0.0863723754882813
-0.0113658905029297 -0.0332450866699219 -0.0218658447265625 -0.0726394653320313
-0.00856590270996094 -0.0317630767822266 -0.0306243896484375 -0.040618896484375
-0.00255584716796875 -0.0371513366699219 -0.0395431518554688 -0.0148391723632813
0.0141563415527344 -0.0315704345703125 -0.0512771606445313 -0.00610733032226563
0.0262660980224609 -0.0130710601806641 -0.0603485107421875 0.00590896606445311
0.0239295959472656 0.00771331787109375 -0.0633659362792969 0.000782012939453133
0.00219535827636719 0.0224151611328125 -0.0747604370117188 -0.00317382812499999
-0.00111961364746094 0.0171194076538086 -0.0800247192382813 0.0198822021484375
0.0101203918457031 0.0218982696533203 -0.0725021362304688 0.052459716796875
0.0600509643554688 0.0266075134277344 -0.0440597534179688 -0.0631332397460938
0.0434150695800781 -0.000396728515625 0.0116844177246094 -0.0130414962768555
0.0354461669921875 -0.0023651123046875 0.0586585998535156 -0.0100440979003906
0.0343036651611328 -0.0143871307373047 0.0690536499023438 -0.0447845458984375
0.0249843597412109 -0.0279388427734375 0.0482254028320312 -0.0638542175292969
0.00779342651367188 -0.04620361328125 0.0137557983398437 -0.0748672485351563
-0.0139007568359375 -0.0508918762207031 -0.0135917663574219 -0.0582237243652344
-0.0137825012207031 -0.0491485595703125 -0.0226364135742188 -0.0247535705566406
-0.0101661682128906 -0.0555000305175781 -0.0327739715576172 0.003082275390625
0.00880813598632812 -0.0543136596679688 -0.0507774353027344 0.0120429992675781
0.0317420959472656 -0.037078857421875 -0.0617866516113281 0.0215911865234375
0.0390129089355469 -0.0141448974609375 -0.0636100769042969 0.0112838745117188
0.0278568267822266 0.0134506225585937 -0.0679855346679688 0.00860977172851563
0.0285472869873047 0.0138416290283203 -0.0652275085449219 0.0319480895996094
0.0389595031738281 0.0194740295410156 -0.0587921142578125 0.0661697387695313
0.0825271606445313 0.0280075073242188 -0.0182647705078125 -0.0523757934570313
0.067840576171875 0.00220489501953125 0.0365104675292969 -0.00223159790039063
0.0616416931152344 -0.00529861450195313 0.0755615234375 -0.002044677734375
0.0530357360839844 -0.0247535705566406 0.0815048217773438 -0.03759765625
0.0356979370117188 -0.0409088134765625 0.054443359375 -0.0543479919433594
0.0117225646972656 -0.0596694946289062 0.0195579528808594 -0.0591239929199219
-0.0147895812988281 -0.0621719360351563 -0.00374221801757812 -0.0395622253417969
-0.0167732238769531 -0.0583763122558594 -0.0115041732788086 -0.00563335418701172
-0.0169906616210937 -0.0661354064941406 -0.0211944580078125 0.0241184234619141
-0.000339508056640631 -0.0670204162597656 -0.0447463989257813 0.0350532531738281
0.0283393859863281 -0.0559806823730469 -0.0578956604003906 0.0413856506347656
0.0430335998535156 -0.0363578796386719 -0.0615997314453125 0.0250473022460938
0.0473251342773438 -0.00277328491210938 -0.06170654296875 0.0185508728027344
0.0532188415527344 0.00331497192382813 -0.0470695495605469 0.0395393371582031
0.0621490478515625 0.0131492614746094 -0.0371551513671875 0.077362060546875
0.091949462890625 0.025238037109375 0.00939941406250001 -0.0414619445800781
0.0820465087890625 0.00322723388671875 0.0613441467285156 0.0089569091796875
0.0799026489257813 -0.00812530517578125 0.0889129638671875 0.006622314453125
0.0653533935546875 -0.0338706970214844 0.0886764526367188 -0.0273208618164063
0.0404396057128906 -0.0497360229492188 0.0579948425292969 -0.0400924682617188
0.0123825073242187 -0.0653572082519531 0.0247535705566406 -0.0394706726074219
-0.0141716003417969 -0.0635414123535156 0.0061187744140625 -0.0176563262939453
-0.0171165466308594 -0.05914306640625 0.00143909454345703 0.0143260955810547
-0.0206146240234375 -0.0653495788574219 -0.00700759887695312 0.0446815490722656
-0.00823593139648437 -0.0686836242675781 -0.0338020324707031 0.0566749572753906
0.0200843811035156 -0.0652313232421875 -0.0497283935546875 0.0596771240234375
0.0389976501464844 -0.0532722473144531 -0.05712890625 0.0372505187988281
0.0586128234863281 -0.0197944641113281 -0.0537986755371094 0.0250587463378906
0.0699272155761719 -0.0088653564453125 -0.0263938903808594 0.039154052734375
0.0767974853515625 0.00594329833984375 -0.00946044921874999 0.0845794677734375
0.0874481201171875 0.0186843872070313 0.0365867614746094 -0.0332527160644531
0.0835494995117188 0.0022735595703125 0.0812454223632812 0.0149307250976562
0.08514404296875 -0.0123214721679688 0.0952682495117188 0.0127487182617187
0.0663871765136719 -0.0391082763671875 0.0899505615234375 -0.0154953002929688
0.0371360778808594 -0.0522308349609375 0.0570487976074219 -0.0249557495117188
0.00788116455078126 -0.0610580444335938 0.0277633666992187 -0.0184326171875
-0.0137100219726562 -0.0544319152832031 0.0154943466186523 0.00333976745605468
-0.0154953002929687 -0.05023193359375 0.0136375427246094 0.0320777893066406
-0.01910400390625 -0.05474853515625 0.00761795043945312 0.0616950988769531
-0.0129661560058594 -0.0593376159667969 -0.0221710205078125 0.07464599609375
0.0118064880371094 -0.0625343322753906 -0.0392990112304688 0.0729522705078125
0.0321044921875 -0.0579376220703125 -0.0500564575195313 0.0457916259765625
0.0611839294433594 -0.02935791015625 -0.0439910888671875 0.026092529296875
0.0754623413085938 -0.0158233642578125 -0.00548171997070312 0.0342006683349609
0.0786056518554688 0.0009307861328125 0.0196914672851563 0.0874557495117188
0.0710678100585937 0.0084228515625 0.0578460693359375 -0.0312957763671875
0.0729751586914063 -0.00305938720703125 0.0922393798828125 0.0134429931640625
0.075408935546875 -0.0175704956054687 0.0936355590820313 0.01312255859375
0.0540275573730469 -0.0405235290527344 0.0845794677734375 -0.00551605224609375
0.0231285095214844 -0.0464591979980469 0.0548858642578125 -0.00965118408203126
0.000350952148437499 -0.0458641052246094 0.0321388244628906 -8.58306884765653E-05
-0.01177978515625 -0.0364189147949219 0.0245304107666016 0.0200958251953125
-0.0117664337158203 -0.0335865020751953 0.02362060546875 0.0448532104492188
-0.0140228271484375 -0.0366401672363281 0.017852783203125 0.073486328125
-0.0124397277832031 -0.04132080078125 -0.0123748779296875 0.0861358642578125
0.006561279296875 -0.0493659973144531 -0.0322113037109375 0.0800399780273438
0.0253181457519531 -0.0513992309570313 -0.0444755554199219 0.0489768981933594
0.0558395385742188 -0.0277633666992188 -0.0350360870361328 0.0237884521484375
0.0682601928710938 -0.0148887634277344 0.0129528045654297 0.0265884399414063
0.0675315856933594 -0.000972747802734375 0.04547119140625 0.0896377563476563
0.0456161499023438 -0.00267791748046875 0.0705184936523438 -0.0358963012695313
0.0526580810546875 -0.0108222961425781 0.094696044921875 0.00414276123046875
0.0530433654785156 -0.0241622924804688 0.08489990234375 0.0101318359375
0.0298347473144531 -0.0369300842285156 0.0764846801757813 0.00127410888671875
0.00373458862304688 -0.0338573455810547 0.0522422790527344 -0.00115966796875
-0.00993156433105469 -0.0214633941650391 0.0368385314941406 0.0108795166015625
-0.00902938842773438 -0.0118036270141602 0.0311622619628906 0.0280132293701172
-0.0062551498413086 -0.0114278793334961 0.0299530029296875 0.0510444641113281
-0.00672340393066406 -0.0136518478393555 0.0228805541992188 0.0780715942382813
-0.00884628295898438 -0.018096923828125 -0.0094146728515625 0.0911865234375
0.00241470336914062 -0.0287151336669922 -0.0295181274414063 0.0823898315429687
0.0171184539794922 -0.0350627899169922 -0.0408821105957031 0.0492401123046875
0.0419464111328125 -0.0184822082519531 -0.0306930541992188 0.0207576751708984
0.0490036010742187 -0.00983810424804687 0.0242080688476563 0.0224895477294922
0.0436630249023437 -0.000988006591796875 0.0635223388671875 0.090606689453125
0.0139789581298828 -0.0102291107177734 0.0740127563476563 -0.0469207763671875
0.0259990692138672 -0.0161724090576172 0.08892822265625 -0.00885772705078125
0.0236778259277344 -0.0277595520019531 0.0741119384765625 0.003662109375
0.00203514099121094 -0.0273494720458984 0.0696487426757812 0.0042266845703125
-0.0174560546875 -0.0141515731811523 0.0528450012207031 0.000904083251953124
-0.0166902542114258 0.00685596466064453 0.0419654846191406 0.0112800598144531
-0.00364398956298828 0.0155658721923828 0.0358543395996094 0.0270042419433594
0.00011730194091797 0.0121231079101563 0.031341552734375 0.0480384826660156
0.000746726989746095 0.0115852355957031 0.0210418701171875 0.0769729614257813
-0.00569343566894531 0.0063176155090332 -0.0117263793945313 0.0905380249023438
-0.00512218475341797 -0.00685214996337891 -0.031982421875 0.0806045532226563
0.00509166717529297 -0.0158281326293945 -0.042327880859375 0.0492935180664062
0.0214157104492188 -0.0077056884765625 -0.0320491790771484 0.0190906524658203
0.0192337036132813 -0.00458908081054688 0.0249137878417969 0.021270751953125
0.0119218826293945 -0.00308418273925781 0.0703125 0.0905914306640625
0.0353965759277344 0.0240020751953125 -0.0623931884765625 -0.0701255798339844
0.0169887542724609 -0.00227165222167969 -0.00688934326171875 -0.0211067199707031
0.0111675262451172 -0.00102138519287109 0.0437164306640625 -0.0178298950195313
0.0151071548461914 -0.00692272186279297 0.0560951232910156 -0.0511932373046875
0.0114459991455078 -0.0171976089477539 0.0376358032226563 -0.07159423828125
-0.00014495849609375 -0.0308361053466797 0.00420379638671875 -0.08477783203125
-0.015899658203125 -0.0339679718017578 -0.0232696533203125 -0.0696792602539063
-0.0134716033935547 -0.0333175659179688 -0.0291786193847656 -0.0373878479003906
-0.00778961181640625 -0.0400466918945313 -0.0365676879882813 -0.0109405517578125
0.0107994079589844 -0.0362434387207031 -0.0491981506347656 -0.000305175781250006
0.0268802642822266 -0.01861572265625 -0.0595855712890625 0.0109939575195313
0.0276813507080078 0.00448799133300781 -0.0637664794921875 0.00569915771484375
0.00855636596679687 0.0233325958251953 -0.0757369995117188 0.000221252441406252
0.00471687316894532 0.020294189453125 -0.0780258178710938 0.0208511352539063
0.0152015686035156 0.0254726409912109 -0.0666351318359375 0.0530815124511719
0.0637664794921875 0.0255775451660156 -0.0429916381835937 -0.061370849609375
0.0452003479003906 -0.00251388549804688 0.015223503112793 -0.0148029327392578
0.0369300842285156 -0.00591659545898438 0.0596275329589844 -0.0142288208007812
0.0332660675048828 -0.0185203552246094 0.0682907104492188 -0.0478248596191406
0.0223503112792969 -0.0311412811279297 0.04620361328125 -0.0646553039550781
0.00304031372070312 -0.0485572814941406 0.0132827758789063 -0.0733642578125
-0.0192070007324219 -0.0513916015625 -0.0126686096191406 -0.0559234619140625
-0.0181465148925781 -0.0492897033691406 -0.0194816589355469 -0.0221138000488281
-0.0152091979980469 -0.0577392578125 -0.0281181335449219 0.00686073303222656
0.00554656982421874 -0.0570449829101563 -0.0471649169921875 0.0180854797363281
0.0313186645507813 -0.0414924621582031 -0.058685302734375 0.0278816223144531
0.0408859252929688 -0.0176658630371094 -0.0629119873046875 0.0164985656738281
0.0331840515136719 0.0142059326171875 -0.0679702758789063 0.0124435424804688
0.0323925018310547 0.0160255432128906 -0.0622138977050781 0.0335311889648438
0.0420646667480469 0.0222320556640625 -0.0514678955078125 0.0679244995117188
0.0838394165039063 0.02587890625 -0.0167961120605469 -0.0514602661132813
0.06756591796875 -0.000476837158203125 0.04058837890625 -0.00460052490234375
0.0613288879394531 -0.00826644897460938 0.0778350830078125 -0.006805419921875
0.0509223937988281 -0.0280265808105469 0.0812454223632813 -0.0407943725585938
0.0323944091796875 -0.0430374145507813 0.0539398193359375 -0.0550880432128906
0.00677108764648438 -0.0604782104492188 0.0206794738769531 -0.0580596923828125
-0.0188980102539062 -0.0610237121582031 -0.00149154663085938 -0.0374488830566406
-0.020172119140625 -0.0576171875 -0.00715970993041992 -0.00325345993041993
-0.0208702087402344 -0.0659599304199219 -0.0149726867675781 0.0274772644042969
-0.00321578979492187 -0.0683059692382813 -0.0386962890625 0.0412483215332031
0.0269546508789062 -0.0584526062011719 -0.0537643432617188 0.0480461120605469
0.0433311462402344 -0.0384597778320313 -0.0595893859863281 0.0305023193359375
0.0503768920898438 -0.00259780883789063 -0.059967041015625 0.0232505798339844
0.0551643371582031 0.005096435546875 -0.04248046875 0.0406265258789063
0.0629348754882813 0.0147476196289063 -0.0281448364257812 0.0795669555664062
0.09112548828125 0.0232391357421875 0.0113525390625 -0.0404777526855469
0.0801239013671875 0.00151824951171875 0.0657310485839844 0.00618743896484375
0.078399658203125 -0.0110931396484375 0.092376708984375 0.0016326904296875
0.0625190734863281 -0.0353317260742187 0.0903778076171875 -0.0311126708984375
0.0375251770019531 -0.0500602722167969 0.0583114624023438 -0.041595458984375
0.009033203125 -0.0644416809082031 0.0268745422363281 -0.0390853881835938
-0.0168380737304688 -0.0614662170410156 0.009552001953125 -0.0169124603271484
-0.0190467834472656 -0.0569305419921875 0.00678253173828125 0.0155353546142578
-0.0227813720703125 -0.0639801025390625 0.00105667114257813 0.0473670959472656
-0.0101509094238281 -0.0676612854003906 -0.0267906188964844 0.0620574951171875
0.0180091857910156 -0.0648002624511719 -0.0432548522949219 0.0657730102539063
0.0374870300292969 -0.0536079406738281 -0.0535011291503906 0.043548583984375
0.0586433410644531 -0.0189743041992188 -0.0508537292480469 0.0293655395507812
0.0693321228027344 -0.00826644897460938 -0.0221824645996094 0.0405960083007813
0.0755996704101563 0.00603485107421875 -0.000679016113281254 0.086090087890625
0.085174560546875 0.0165252685546875 0.0382118225097656 -0.0331382751464844
0.0792922973632813 0.0003662109375 0.0844497680664063 0.01239013671875
0.0821304321289063 -0.0143203735351563 0.099029541015625 0.00867462158203125
0.0632400512695313 -0.03961181640625 0.0918502807617188 -0.0189971923828125
0.0339698791503906 -0.0504608154296875 0.0589942932128906 -0.0265541076660156
0.006256103515625 -0.0588607788085937 0.0311317443847656 -0.0187892913818359
-0.0136528015136719 -0.0514030456542969 0.0197296142578125 0.00350189208984375
-0.0158805847167969 -0.0470542907714844 0.019134521484375 0.0322322845458984
-0.0201225280761719 -0.0524024963378906 0.01556396484375 0.0625
-0.0137863159179688 -0.0562400817871094 -0.013885498046875 0.0789031982421875
0.0106353759765625 -0.0596961975097656 -0.032867431640625 0.0778274536132812
0.0290794372558594 -0.0571365356445313 -0.045867919921875 0.0511932373046875
0.0585289001464844 -0.0289535522460938 -0.0415687561035156 0.0303306579589844
0.0716400146484375 -0.0159072875976563 -0.00164031982421875 0.0352783203125
0.0746841430664063 0 0.027679443359375 0.0891036987304688
0.0665321350097656 0.00609207153320313 0.0572242736816406 -0.03045654296875
0.0676612854003906 -0.00436782836914063 0.0950546264648437 0.0116348266601562
0.0708389282226563 -0.01873779296875 0.0965652465820313 0.0100479125976562
0.0499267578125 -0.0393142700195313 0.0866165161132813 -0.00887298583984375
0.0206413269042969 -0.0433120727539062 0.0557823181152344 -0.0127983093261719
0.000354766845703128 -0.0419273376464844 0.0346622467041016 -0.00221824645996094
-0.0100193023681641 -0.0330238342285156 0.0272884368896484 0.0192317962646484
-0.00958251953125 -0.0297622680664062 0.0280113220214844 0.0438194274902344
-0.0125865936279297 -0.0331878662109375 0.0251846313476563 0.07244873046875
-0.0109176635742187 -0.03662109375 -0.00467681884765625 0.0885162353515625
0.005218505859375 -0.0446853637695313 -0.02520751953125 0.0841445922851562
0.0215339660644531 -0.0478248596191406 -0.0403366088867188 0.0535392761230469
0.0506820678710937 -0.0274162292480469 -0.0327949523925781 0.0270442962646484
0.0620346069335938 -0.0159797668457031 0.0152359008789063 0.0275859832763672
0.0620040893554688 -0.00279998779296875 0.0516586303710938 0.0907516479492188
0.0399360656738281 -0.0044708251953125 0.0676460266113281 -0.0354385375976563
0.0463752746582031 -0.0119781494140625 0.0958251953125 0.0029296875
0.0473518371582031 -0.0248222351074219 0.088165283203125 0.0070343017578125
0.0255546569824219 -0.0346431732177734 0.0787506103515625 -0.001678466796875
0.00147438049316406 -0.0291824340820312 0.0531845092773438 -0.00430679321289063
-0.00799655914306641 -0.0169153213500977 0.0377273559570313 0.00804901123046875
-0.00494146347045899 -0.00774431228637695 0.033111572265625 0.0270538330078125
-0.00300073623657227 -0.00794172286987305 0.0332260131835938 0.0487861633300781
-0.00281238555908203 -0.00921630859375 0.028076171875 0.0766067504882813
-0.00570583343505859 -0.012974739074707 -0.00232696533203126 0.0923919677734375
0.00113677978515625 -0.0228805541992187 -0.0230636596679688 0.0850296020507813
0.0129737854003906 -0.0307731628417969 -0.0376663208007812 0.0533447265625
0.0365562438964844 -0.0176887512207031 -0.0290641784667969 0.0239238739013672
0.0419998168945313 -0.0105552673339844 0.0253868103027344 0.0235385894775391
0.0370941162109375 -0.003326416015625 0.0683746337890625 0.09033203125
0.00827789306640625 -0.0128679275512695 0.0690765380859375 -0.0461997985839844
0.0195693969726563 -0.0181636810302734 0.0877456665039062 -0.010528564453125
0.0171375274658203 -0.0283660888671875 0.0762939453125 0.00183868408203125
-0.00272750854492188 -0.0249118804931641 0.0721588134765625 0.000724792480468748
-0.0189170837402344 -0.00828742980957031 0.0527191162109375 -0.00338363647460938
-0.0135765075683594 0.0120010375976562 0.0413322448730469 0.007293701171875
0.00192451477050781 0.0186309814453125 0.0351219177246094 0.0236396789550781
0.00464057922363281 0.0150480270385742 0.0316619873046875 0.0453414916992187
0.00555133819580078 0.014988899230957 0.0245513916015625 0.0745925903320313
-0.00207233428955078 0.011256217956543 -0.00639343261718751 0.0913238525390625
-0.00411748886108399 -0.000958681106567382 -0.027008056640625 0.08209228515625
0.00259113311767578 -0.0118865966796875 -0.0392990112304687 0.0518226623535156
0.017146110534668 -0.00619029998779297 -0.0313663482666016 0.0215950012207031
0.0128087997436523 -0.00445175170898438 0.0239524841308594 0.0222053527832031
0.00559091567993164 -0.00404024124145508 0.0729751586914063 0.0892410278320313
0.0411109924316406 0.0242385864257813 -0.0599517822265625 -0.07098388671875
0.0209999084472656 -0.00439262390136719 -0.00407600402832031 -0.023651123046875
0.0138339996337891 -0.00396347045898438 0.0438880920410156 -0.0199241638183594
0.015711784362793 -0.0112829208374023 0.0545539855957031 -0.0518951416015625
0.00965118408203125 -0.0213184356689453 0.0366973876953125 -0.0698814392089844
-0.00515365600585937 -0.0337791442871094 0.0047607421875 -0.0822372436523438
-0.02105712890625 -0.0348682403564453 -0.022125244140625 -0.0668296813964844
-0.0182228088378906 -0.0344562530517578 -0.0266990661621094 -0.0359420776367188
-0.0134315490722656 -0.0419654846191406 -0.0328083038330078 -0.00911903381347656
0.00757217407226562 -0.0404167175292969 -0.0461845397949219 0.00267791748046875
0.0269947052001953 -0.0230751037597656 -0.0573883056640625 0.014617919921875
0.0304851531982422 3.62396240234375E-05 -0.0635871887207031 0.00750732421874999
0.0142383575439453 0.0229167938232422 -0.0757217407226562 0.00121307373046876
0.0108203887939453 0.0225410461425781 -0.0770950317382813 0.0190200805664062
0.0206527709960938 0.0274562835693359 -0.0619544982910156 0.0503921508789062
0.0675621032714844 0.0260505676269531 -0.0390548706054687 -0.062744140625
0.0469169616699219 -0.0037994384765625 0.018157958984375 -0.0169353485107422
0.0384254455566406 -0.00859832763671875 0.0606117248535156 -0.0163993835449219
0.03271484375 -0.0216941833496094 0.0675125122070313 -0.047943115234375
0.0202407836914063 -0.0341434478759766 0.0462226867675781 -0.0629310607910156
-0.000705718994140621 -0.0498161315917969 0.0150070190429688 -0.0708999633789063
-0.0228729248046875 -0.0510101318359375 -0.00987625122070313 -0.0539703369140625
-0.021575927734375 -0.0491065979003906 -0.0149784088134766 -0.0206718444824219
-0.019500732421875 -0.0583686828613281 -0.0226058959960938 0.00852584838867187
0.0029144287109375 -0.0598297119140625 -0.0423240661621094 0.0220260620117188
0.0318565368652344 -0.0450096130371094 -0.0554046630859375 0.031768798828125
0.0437278747558594 -0.0202102661132813 -0.0612030029296875 0.0195579528808594
0.0381927490234375 0.0148086547851563 -0.0669822692871094 0.0136451721191406
0.0372505187988281 0.0189247131347656 -0.0591888427734375 0.0322418212890625
0.0460395812988281 0.0255241394042969 -0.0458145141601562 0.0663719177246094
0.0847854614257813 0.0265426635742188 -0.0122146606445312 -0.0513191223144531
0.0671348571777344 -0.000873565673828125 0.04443359375 -0.0067596435546875
0.0605888366699219 -0.0103874206542969 0.0788421630859375 -0.00908660888671875
0.0495033264160156 -0.0293769836425781 0.0816497802734375 -0.0417633056640625
0.030487060546875 -0.0430335998535156 0.0549736022949219 -0.0538444519042969
0.00428771972656251 -0.0603294372558594 0.0239753723144531 -0.0566291809082031
-0.0203742980957031 -0.059600830078125 0.00242233276367188 -0.0365180969238281
-0.0214080810546875 -0.0564002990722656 -0.00171756744384766 -0.00289392471313477
-0.023040771484375 -0.0654296875 -0.00772285461425782 0.0286846160888672
-0.00448989868164063 -0.0691490173339844 -0.0329780578613281 0.0443687438964844
0.0276107788085938 -0.059783935546875 -0.0487747192382813 0.0518531799316406
0.0448570251464844 -0.0395851135253906 -0.0569229125976562 0.0340347290039063
0.0540847778320312 -0.0008544921875 -0.0576667785644531 0.0250167846679688
0.0578575134277344 0.00839996337890625 -0.0392570495605469 0.0401802062988281
0.0647850036621094 0.0180244445800781 -0.0219039916992188 0.0788803100585938
0.089385986328125 0.0241470336914063 0.0157966613769531 -0.039794921875
0.076934814453125 0.00206756591796875 0.069366455078125 0.004425048828125
0.0761947631835937 -0.0111846923828125 0.0937271118164063 -0.000457763671875001
0.0605430603027344 -0.0350837707519531 0.0915298461914063 -0.0318603515625
0.0356216430664062 -0.0486259460449219 0.0601043701171875 -0.0413551330566406
0.0074005126953125 -0.0632553100585938 0.0307159423828125 -0.0382423400878906
-0.0168228149414063 -0.0591850280761719 0.0140504837036133 -0.0163078308105469
-0.0189094543457031 -0.0550804138183594 0.0118885040283203 0.0154972076416016
-0.0230865478515625 -0.0621528625488281 0.00789260864257813 0.0471305847167969
-0.01025390625 -0.0663299560546875 -0.0197982788085938 0.0654525756835938
0.01861572265625 -0.0635414123535156 -0.0380134582519531 0.0692939758300781
0.0381927490234375 -0.0521430969238281 -0.0501747131347656 0.0467033386230469
0.05938720703125 -0.0167083740234375 -0.0486297607421875 0.0312042236328125
0.0686721801757813 -0.00497817993164063 -0.0185279846191406 0.0406112670898438
0.0730438232421875 0.009246826171875 0.00589752197265626 0.0867919921875
0.0811080932617187 0.0167465209960937 0.0404891967773438 -0.030731201171875
0.0746536254882813 0.00215911865234375 0.0879592895507813 0.0118637084960938
0.0783004760742188 -0.0132980346679688 0.100685119628906 0.00676727294921875
0.0608940124511719 -0.0372085571289063 0.0934982299804688 -0.0201873779296875
0.03277587890625 -0.0469131469726562 0.0606575012207031 -0.0268707275390625
0.0070648193359375 -0.0558433532714844 0.0346755981445313 -0.0191421508789063
-0.0116958618164063 -0.0492477416992188 0.0227508544921875 0.00354957580566406
-0.0138359069824219 -0.0448379516601563 0.0232105255126953 0.0318069458007813
-0.0177078247070312 -0.0498237609863281 0.0214424133300781 0.062469482421875
-0.0113029479980469 -0.0535507202148437 -0.0069427490234375 0.0809707641601563
0.0110626220703125 -0.0565528869628906 -0.0272598266601562 0.0802459716796875
0.0292510986328125 -0.0536651611328125 -0.0419349670410156 0.05413818359375
0.0565834045410156 -0.0263404846191406 -0.0385665893554687 0.0322685241699219
0.0684051513671875 -0.0134544372558594 0.00185394287109376 0.03570556640625
0.070556640625 0.00215911865234375 0.0326461791992188 0.09039306640625
0.061065673828125 0.006256103515625 0.058685302734375 -0.0274391174316406
0.0610618591308594 -0.0035552978515625 0.097076416015625 0.0117034912109375
0.0660591125488281 -0.0168991088867188 0.0982818603515625 0.00920867919921875
0.047515869140625 -0.0353775024414063 0.08856201171875 -0.0101165771484375
0.0207977294921875 -0.0383110046386719 0.0575065612792969 -0.0138053894042969
0.00242233276367187 -0.0386772155761719 0.0364990234375 -0.00259017944335938
-0.0060272216796875 -0.0298671722412109 0.0293178558349609 0.0188579559326172
-0.00609970092773438 -0.0267715454101563 0.031524658203125 0.042938232421875
-0.00823211669921875 -0.0304470062255859 0.0300979614257813 0.0714645385742187
-0.00764656066894531 -0.0323467254638672 0.00074005126953124 0.0899581909179688
0.00621795654296875 -0.03961181640625 -0.0203170776367188 0.0854415893554688
0.0204391479492188 -0.0428695678710938 -0.0362548828125 0.0562515258789062
0.0472030639648438 -0.0240364074707031 -0.03076171875 0.0292186737060547
0.0568199157714844 -0.0133056640625 0.0174636840820313 0.0283927917480469
0.0553970336914063 -0.00152587890625 0.0561370849609375 0.092193603515625
0.0340347290039063 -0.00451469421386719 0.0668563842773438 -0.0312232971191406
0.0399398803710938 -0.0108375549316406 0.0962066650390625 0.0041961669921875
0.0413742065429688 -0.0226974487304688 0.0896530151367188 0.0068511962890625
0.0229930877685547 -0.0299873352050781 0.0806198120117188 -0.00283050537109375
0.00102424621582031 -0.0229759216308594 0.0537872314453125 -0.00666046142578125
-0.00462818145751953 -0.0127639770507813 0.0387229919433594 0.00563430786132812
0.000278949737548828 -0.00534534454345703 0.0335521697998047 0.0254421234130859
0.00176811218261719 -0.00547456741333008 0.0341300964355469 0.0470504760742188
0.00177288055419922 -0.0074620246887207 0.0309295654296875 0.0746841430664063
-0.00149297714233398 -0.00844526290893555 0.00179290771484375 0.0929946899414063
0.00240802764892578 -0.0172309875488281 -0.0192794799804687 0.085357666015625
0.0118751525878906 -0.0254859924316406 -0.0341911315917969 0.0550537109375
0.0318717956542969 -0.0138587951660156 -0.0274238586425781 0.0262260437011719
0.0350818634033203 -0.00868797302246094 0.0256595611572266 0.0247879028320313
0.0306320190429688 -0.0023193359375 0.0692214965820313 0.0916824340820313
0.00302028656005859 -0.0138778686523438 0.0662689208984375 -0.0424346923828125
0.0131034851074219 -0.0173940658569336 0.0870742797851563 -0.00789642333984375
0.0108699798583984 -0.0264854431152344 0.077728271484375 0.00139617919921875
-0.0065765380859375 -0.0201568603515625 0.0731658935546875 -0.001495361328125
-0.0184326171875 -0.00292015075683594 0.0519638061523438 -0.00564956665039063
-0.0101280212402344 0.0163345336914062 0.0402069091796875 0.00432968139648438
0.0076141357421875 0.0208454132080078 0.0332012176513672 0.0224399566650391
0.00993156433105469 0.0169973373413086 0.03143310546875 0.0435791015625
0.010920524597168 0.0166654586791992 0.0249252319335937 0.07208251953125
0.00272274017333984 0.0154323577880859 -0.00374603271484376 0.0900497436523438
-0.00237846374511719 0.00501632690429688 -0.0241241455078125 0.08160400390625
0.001220703125 -0.00630903244018555 -0.0372543334960938 0.0526084899902344
0.0122890472412109 -0.00282192230224609 -0.0312232971191406 0.0236606597900391
0.00676918029785156 -0.00292301177978516 0.0221099853515625 0.0232524871826172
-0.000686168670654297 -0.00442028045654297 0.071685791015625 0.0902023315429688
0.0478897094726563 0.0248985290527344 -0.0565338134765625 -0.0753707885742187
0.025665283203125 -0.00657844543457031 -0.00224876403808593 -0.0270538330078125
0.0169191360473633 -0.00894832611083984 0.0447044372558594 -0.0215530395507813
0.0156955718994141 -0.016566276550293 0.0553016662597656 -0.052093505859375
0.00753402709960937 -0.0249805450439453 0.0383567810058594 -0.0685272216796875
-0.00965499877929688 -0.0366287231445313 0.00726318359375 -0.0813522338867188
-0.026397705078125 -0.0363731384277344 -0.0189056396484375 -0.06707763671875
-0.022552490234375 -0.0354804992675781 -0.0232048034667969 -0.0359077453613281
-0.0190048217773438 -0.0443763732910156 -0.0294628143310547 -0.00871658325195312
0.0040130615234375 -0.0445327758789063 -0.0442047119140625 0.00494003295898436
0.0272407531738281 -0.0289096832275391 -0.0562057495117188 0.0168685913085938
0.0332965850830078 -0.00428390502929688 -0.0641822814941406 0.00812911987304687
0.0204143524169922 0.0224571228027344 -0.0769119262695313 -0.000358581542968763
0.0176506042480469 0.0243663787841797 -0.0783309936523438 0.0151824951171875
0.0265369415283203 0.0310783386230469 -0.0610275268554687 0.0461463928222656
0.0720138549804688 0.0279388427734375 -0.0344505310058594 -0.0653190612792969
0.0501022338867188 -0.00495529174804688 0.0216712951660156 -0.0201454162597656
0.0402565002441406 -0.0112419128417969 0.0626640319824219 -0.0176658630371094
0.0328731536865234 -0.0253162384033203 0.0695724487304688 -0.0481643676757813
0.0186119079589844 -0.0359954833984375 0.0494041442871094 -0.0618362426757812
-0.0047760009765625 -0.0521392822265625 0.0191879272460938 -0.0703201293945313
-0.0263137817382812 -0.0521926879882813 -0.005096435546875 -0.05364990234375
-0.0246543884277344 -0.0499610900878906 -0.0101718902587891 -0.0206947326660156
-0.0230979919433594 -0.0605392456054688 -0.0170803070068359 0.00869274139404297
0.001251220703125 -0.0635223388671875 -0.0379829406738281 0.024322509765625
0.0328559875488281 -0.0488090515136719 -0.0527687072753906 0.0345802307128906
0.0470428466796875 -0.0235710144042969 -0.0599822998046875 0.02105712890625
0.0443305969238281 0.0159454345703125 -0.0672378540039063 0.0134811401367187
0.0430793762207031 0.0219917297363281 -0.0593299865722656 0.0297355651855469
0.0502357482910156 0.0300025939941406 -0.04254150390625 0.0637283325195313
0.086761474609375 0.0297927856445313 -0.00634002685546874 -0.0526885986328125
0.068267822265625 0.000370025634765625 0.0489997863769531 -0.00860214233398438
0.0612144470214844 -0.0108184814453125 0.0820999145507812 -0.010040283203125
0.0494422912597656 -0.0305213928222656 0.08465576171875 -0.0411148071289063
0.0299034118652344 -0.043609619140625 0.0591392517089844 -0.0528831481933594
0.00302505493164062 -0.0617103576660156 0.0294036865234375 -0.0561141967773438
-0.0217018127441406 -0.060333251953125 0.00802230834960938 -0.036163330078125
-0.0224075317382812 -0.0569229125976562 0.00407218933105469 -0.00312399864196778
-0.0248069763183594 -0.0667762756347656 -0.00189208984375 0.028564453125
-0.0042572021484375 -0.0718307495117188 -0.0275611877441406 0.0476646423339844
0.0296134948730469 -0.0625877380371094 -0.04547119140625 0.0551643371582031
0.0483894348144531 -0.040802001953125 -0.0556526184082031 0.0368232727050781
0.058502197265625 0.00154495239257813 -0.0574607849121094 0.025909423828125
0.0619277954101563 0.0121421813964844 -0.0375595092773437 0.0389595031738281
0.0669403076171875 0.0232429504394531 -0.0174484252929687 0.0782012939453125
0.0881500244140625 0.0281982421875 0.0216102600097656 -0.0396041870117187
0.076385498046875 0.00528717041015625 0.0738754272460938 0.004119873046875
0.0757369995117188 -0.0097198486328125 0.0974960327148438 -0.000411987304687501
0.0609893798828125 -0.0339431762695313 0.0952072143554688 -0.0313034057617188
0.0363273620605469 -0.0471038818359375 0.0639305114746094 -0.0405616760253906
0.00848388671875 -0.0629043579101563 0.0360603332519531 -0.0378608703613281
-0.0157470703125 -0.0592269897460938 0.0195388793945313 -0.0161323547363281
-0.0177688598632812 -0.0552558898925781 0.0171432495117188 0.0153417587280273
-0.0219612121582031 -0.0628166198730469 0.0139999389648437 0.0480232238769531
-0.00836944580078124 -0.0667076110839844 -0.0142288208007813 0.0680809020996094
0.0214157104492188 -0.0638275146484375 -0.033966064453125 0.0725479125976563
0.0413703918457031 -0.0514068603515625 -0.047576904296875 0.0495338439941406
0.0624885559082031 -0.0137062072753906 -0.0468788146972656 0.0332717895507812
0.0704803466796875 -0.00034332275390625 -0.0159950256347656 0.0402679443359375
0.073089599609375 0.014404296875 0.0102996826171875 0.0879669189453125
0.0770645141601563 0.0207061767578125 0.0459442138671875 -0.0284461975097656
0.0716552734375 0.00641632080078125 0.0923233032226563 0.013153076171875
0.0766525268554688 -0.0093841552734375 0.104705810546875 0.0082855224609375
0.0611686706542969 -0.0334510803222656 0.0980300903320312 -0.0189208984375
0.0344963073730469 -0.0438423156738281 0.0640449523925781 -0.0263252258300781
0.00960540771484376 -0.0542373657226563 0.0392189025878906 -0.0200080871582031
-0.00757217407226563 -0.0486717224121094 0.0276699066162109 0.0029754638671875
-0.0102119445800781 -0.04388427734375 0.0280952453613281 0.0314598083496094
-0.0144538879394531 -0.0493431091308594 0.0269851684570312 0.0621757507324219
-0.00820541381835937 -0.0518875122070313 -0.00212860107421875 0.0834426879882813
0.0138053894042969 -0.0538330078125 -0.0231475830078125 0.0834426879882813
0.0309982299804688 -0.0502586364746094 -0.03948974609375 0.0561981201171875
0.0576744079589844 -0.0218734741210938 -0.0371284484863281 0.0342788696289063
0.0673713684082031 -0.00933456420898438 0.00431060791015625 0.036224365234375
0.0683059692382813 0.00708389282226563 0.0373382568359375 0.0936813354492187
0.0563392639160156 0.0095977783203125 0.0621147155761719 -0.0232810974121094
0.0566864013671875 0.00139999389648438 0.100692749023438 0.0149459838867188
0.0625 -0.0123939514160156 0.10211181640625 0.0110702514648437
0.0470199584960937 -0.0305747985839844 0.0925445556640625 -0.01007080078125
0.0226421356201172 -0.0333805084228516 0.0606727600097656 -0.0145339965820313
0.00655746459960938 -0.0353355407714844 0.0401725769042969 -0.00368118286132813
-0.000854492187500003 -0.0291080474853516 0.0322074890136719 0.0182228088378906
-0.00101661682128906 -0.0258197784423828 0.0345039367675781 0.0423316955566406
-0.00333976745605469 -0.0288124084472656 0.0337448120117188 0.0711288452148438
-0.00259971618652344 -0.030303955078125 0.00527191162109374 0.0915756225585938
0.00933456420898438 -0.0350246429443359 -0.0168304443359375 0.0876922607421875
0.0215187072753906 -0.0377082824707031 -0.0337791442871094 0.0579757690429687
0.0455322265625 -0.0188255310058594 -0.0293312072753906 0.0313854217529297
0.05224609375 -0.00921249389648437 0.0197734832763672 0.0304317474365234
0.0506668090820312 0.00228500366210937 0.0585708618164062 0.0961685180664063
0.0282917022705078 -0.00349998474121094 0.0686378479003906 -0.0260047912597656
0.0338134765625 -0.00751113891601562 0.0989532470703125 0.00940704345703125
0.0364646911621094 -0.01898193359375 0.09271240234375 0.00867462158203125
0.0213489532470703 -0.024993896484375 0.0837860107421875 -0.00292205810546875
0.00286865234375 -0.0170259475708008 0.0550384521484375 -0.007171630859375
-0.00028228759765625 -0.00812482833862305 0.0390739440917969 0.004913330078125
0.00613260269165039 -0.00379848480224609 0.0339145660400391 0.0254592895507813
0.00752115249633789 -0.00360250473022461 0.0347862243652344 0.0465431213378906
0.00809383392333984 -0.00539588928222656 0.0330123901367188 0.074737548828125
0.00427675247192383 -0.00493717193603516 0.00447845458984374 0.0937042236328125
0.00567245483398437 -0.0114002227783203 -0.0172653198242188 0.0863494873046875
0.0123615264892578 -0.0186061859130859 -0.0336418151855469 0.0563392639160156
0.0283336639404297 -0.00927352905273437 -0.027008056640625 0.0280399322509766
0.0287227630615234 -0.00428009033203125 0.0261192321777344 0.0271968841552734
0.0241851806640625 -0.000356674194335937 0.0708465576171875 0.096893310546875
-0.00258064270019531 -0.0143232345581055 0.0656089782714844 -0.0373916625976563
0.00679302215576172 -0.0161247253417969 0.0887069702148438 -0.0030517578125
0.00482940673828125 -0.0234260559082031 0.0805282592773438 0.0032501220703125
-0.0090169906616211 -0.0158987045288086 0.0756378173828125 -0.00194549560546875
-0.0179939270019531 0.00328636169433594 0.0521621704101563 -0.00765609741210938
-0.00601768493652344 0.0205421447753906 0.0388984680175781 0.00278091430664063
0.0131740570068359 0.0224342346191406 0.0314960479736328 0.0228061676025391
0.0151786804199219 0.0193672180175781 0.0298309326171875 0.0434722900390625
0.0174446105957031 0.0191078186035156 0.0239334106445312 0.072174072265625
0.00844764709472656 0.0185394287109375 -0.00322723388671875 0.0904006958007813
0.000809669494628907 0.0104885101318359 -0.0236968994140625 0.0813674926757813
0.00105959177017212 2.9444694519043E-05 -0.03753662109375 0.053619384765625
0.00797224044799805 0.00148153305053711 -0.0321178436279297 0.0255222320556641
0.000145614147186279 0.000685989856719971 0.0209712982177734 0.0259113311767578
-0.0076146125793457 -0.00347137451171875 0.0709304809570313 0.0947952270507813
0.0562019348144531 0.02520751953125 -0.0548248291015625 -0.0835723876953125
0.0310916900634766 -0.0100994110107422 -0.000162124633789063 -0.0323505401611328
0.0197811126708984 -0.0137767791748047 0.04730224609375 -0.0240974426269531
0.0152778625488281 -0.0225620269775391 0.0579071044921875 -0.0530815124511719
0.00463485717773438 -0.0302886962890625 0.0413284301757812 -0.0698089599609375
-0.0164947509765625 -0.0405921936035156 0.01116943359375 -0.082916259765625
-0.0323143005371094 -0.038116455078125 -0.0161895751953125 -0.0695114135742188
-0.0285263061523438 -0.0380477905273438 -0.0197067260742188 -0.0383415222167969
-0.02545166015625 -0.0478363037109375 -0.0264339447021484 -0.00994682312011719
-7.62939453124991E-05 -0.0509147644042969 -0.0415611267089844 0.00594711303710937
0.0275001525878906 -0.0355262756347656 -0.0562019348144531 0.0191307067871094
0.0373497009277344 -0.00963211059570313 -0.0671157836914063 0.00870513916015624
0.0279483795166016 0.0215358734130859 -0.0816497802734375 -0.00186920166015624
0.0256557464599609 0.0256385803222656 -0.0821685791015625 0.0116729736328125
0.0347919464111328 0.0343742370605469 -0.0622749328613281 0.0427017211914063
0.0799713134765625 0.0307388305664063 -0.0290451049804687 -0.072540283203125
0.0548210144042969 -0.00591659545898438 0.0260982513427734 -0.0240688323974609
0.0431289672851563 -0.0151748657226562 0.0666770935058594 -0.019134521484375
0.0328254699707031 -0.0297966003417969 0.0738525390625 -0.0488739013671875
0.0173873901367188 -0.039642333984375 0.0543060302734375 -0.0629119873046875
-0.00815200805664063 -0.0552825927734375 0.0247268676757813 -0.072357177734375
-0.0305595397949219 -0.0542182922363281 0.000389099121093754 -0.0558090209960938
-0.0285263061523437 -0.0526084899902344 -0.00472640991210938 -0.0228748321533203
-0.0276451110839844 -0.0642127990722656 -0.0120668411254883 0.00821685791015625
-0.0013885498046875 -0.06982421875 -0.0346870422363281 0.0263786315917969
0.0345191955566406 -0.0550918579101563 -0.0511016845703125 0.0374336242675781
0.052093505859375 -0.0273017883300781 -0.0614814758300781 0.0224800109863281
0.0524482727050781 0.0166168212890625 -0.0696563720703125 0.0135154724121094
0.0517387390136719 0.0253982543945312 -0.0610809326171875 0.0269813537597656
0.0579986572265625 0.0352706909179688 -0.0412254333496094 0.062408447265625
0.0918045043945313 0.0347442626953125 0.00030517578125 -0.0574569702148438
0.0717697143554688 0.00188446044921875 0.0550994873046875 -0.0113754272460938
0.0638198852539063 -0.0116119384765625 0.0879364013671875 -0.0110397338867188
0.05096435546875 -0.0328102111816406 0.0915069580078125 -0.0422134399414063
0.0292816162109375 -0.0458526611328125 0.0650482177734375 -0.0536422729492187
0.00136947631835938 -0.0641059875488281 0.0367240905761719 -0.0578231811523438
-0.0242729187011719 -0.0629348754882813 0.0143585205078125 -0.0382194519042969
-0.0242576599121094 -0.058868408203125 0.0106525421142578 -0.00449752807617188
-0.0266571044921875 -0.070556640625 0.00483322143554687 0.0292682647705078
-0.004730224609375 -0.0763626098632813 -0.0224952697753906 0.050445556640625
0.0329399108886719 -0.0669822692871094 -0.0424919128417969 0.0591278076171875
0.0543937683105469 -0.0438575744628906 -0.0547294616699219 0.0393295288085938
0.0669479370117188 0.00319671630859375 -0.0585708618164062 0.0270500183105469
0.0693473815917969 0.0165786743164063 -0.03729248046875 0.0378570556640625
0.0725784301757813 0.029754638671875 -0.0138778686523437 0.0797119140625
0.0905532836914063 0.033172607421875 0.0302467346191406 -0.0419197082519531
0.077484130859375 0.0088043212890625 0.0817031860351563 0.00310516357421875
0.0774917602539063 -0.0068359375 0.104286193847656 -0.000579833984375
0.0631980895996094 -0.0328712463378906 0.103134155273438 -0.0317153930664063
0.0385360717773438 -0.0462188720703125 0.0710830688476563 -0.0410919189453125
0.00931167602539063 -0.064117431640625 0.0426101684570313 -0.0397109985351563
-0.0142440795898437 -0.0606536865234375 0.0261878967285156 -0.0178260803222656
-0.016021728515625 -0.0568466186523438 0.0237026214599609 0.0143070220947266
-0.0211448669433594 -0.0660057067871094 0.0215530395507813 0.0477066040039062
-0.00656127929687501 -0.07037353515625 -0.00824737548828126 0.071929931640625
0.0259552001953125 -0.066650390625 -0.0300445556640625 0.0767364501953125
0.0459747314453125 -0.0524063110351563 -0.0460319519042969 0.0526275634765625
0.0683975219726563 -0.0106544494628906 -0.0464057922363281 0.0359153747558594
0.0750045776367188 0.005035400390625 -0.0143241882324219 0.0412406921386719
0.0769729614257813 0.0208663940429688 0.0156402587890625 0.09246826171875
0.0766830444335938 0.027069091796875 0.0536918640136719 -0.0275955200195313
0.0714492797851563 0.012176513671875 0.100242614746094 0.0149612426757812
0.0777435302734375 -0.00431060791015625 0.112159729003906 0.009063720703125
0.0641326904296875 -0.0305137634277344 0.106216430664063 -0.0192184448242188
0.0378799438476563 -0.041473388671875 0.0708999633789062 -0.0268020629882813
0.0129623413085938 -0.053741455078125 0.0457191467285156 -0.0208358764648438
-0.00440216064453124 -0.0500984191894531 0.0326347351074219 0.00229454040527343
-0.00612640380859375 -0.0456161499023438 0.0335960388183594 0.0314388275146484
-0.0105094909667969 -0.0515518188476563 0.0331382751464844 0.0636787414550781
-0.00412368774414063 -0.0530929565429688 0.00415039062500001 0.0870361328125
0.0178146362304687 -0.0536613464355469 -0.0193252563476563 0.0874557495117188
0.0354957580566406 -0.0485038757324219 -0.0374679565429687 0.0595893859863281
0.0608444213867188 -0.0173988342285156 -0.0354499816894531 0.0370254516601563
0.0690269470214844 -0.00299453735351563 0.00794219970703126 0.0384025573730469
0.0679931640625 0.0129890441894531 0.043212890625 0.0992965698242188
0.0515632629394531 0.0144462585449219 0.0692176818847656 -0.0200729370117188
0.0540771484375 0.007171630859375 0.108871459960938 0.0193862915039063
0.0618820190429688 -0.0074005126953125 0.110038757324219 0.0126419067382813
0.0495338439941406 -0.0255775451660156 0.100006103515625 -0.0088653564453125
0.0262432098388672 -0.0295982360839844 0.06488037109375 -0.0149459838867188
0.0120887756347656 -0.0336093902587891 0.0442619323730469 -0.00487136840820313
0.00517463684082031 -0.0301570892333984 0.0366287231445313 0.0189056396484375
0.00452995300292969 -0.0263881683349609 0.0381584167480469 0.0431861877441406
0.00269699096679688 -0.0298042297363281 0.03839111328125 0.0727081298828125
0.0034637451171875 -0.0285320281982422 0.00992584228515626 0.0947418212890625
0.0145626068115234 -0.0314102172851563 -0.0134353637695313 0.091094970703125
0.0245704650878906 -0.033233642578125 -0.032623291015625 0.0610542297363281
0.04559326171875 -0.0131874084472656 -0.0281352996826172 0.0344486236572266
0.0503959655761719 -0.00366973876953125 0.0229682922363281 0.0330047607421875
0.0475883483886719 0.00780105590820313 0.0641250610351563 0.103889465332031
0.0221366882324219 -0.00091552734375 0.0741729736328125 -0.0213775634765625
0.0292015075683594 -0.00288772583007813 0.105415344238281 0.0141525268554688
0.0338191986083984 -0.0136356353759766 0.0998001098632813 0.0114364624023438
0.0211849212646484 -0.0194320678710938 0.0896224975585938 -0.00272369384765625
0.00590038299560547 -0.0117521286010742 0.0583000183105469 -0.00839996337890625
0.00544548034667969 -0.0055232048034668 0.0408248901367188 0.00429153442382813
0.0128316879272461 -0.00319290161132812 0.0354080200195313 0.0265884399414063
0.0146427154541016 -0.00268363952636719 0.0360069274902344 0.04791259765625
0.0161809921264648 -0.00427913665771484 0.0340499877929688 0.0765380859375
0.0108633041381836 -0.00296401977539062 0.00659942626953124 0.0962066650390625
0.0102109909057617 -0.00625705718994141 -0.0155410766601562 0.0889968872070313
0.0141630172729492 -0.0129976272583008 -0.032958984375 0.0586662292480469
0.0258731842041016 -0.00295829772949219 -0.0267848968505859 0.0302486419677734
0.0233745574951172 0.00135993957519531 0.0281028747558594 0.0301742553710938
0.0167531967163086 0.00342655181884766 0.074310302734375 0.105300903320312
-0.010258674621582 -0.0145626068115234 0.0688705444335938 -0.0319137573242188
0.000184059143066406 -0.0143194198608398 0.09417724609375 0.00211334228515625
-0.000192642211914061 -0.019561767578125 0.0862503051757813 0.0057830810546875
-0.0114383697509766 -0.0098876953125 0.0802536010742188 -0.00252532958984375
-0.0166568756103516 0.00911140441894531 0.0531578063964844 -0.00889205932617188
-0.00107955932617187 0.0255413055419922 0.0375862121582031 0.00231552124023438
0.0196571350097656 0.0241928100585938 0.0298938751220703 0.0240077972412109
0.0221633911132812 0.0208969116210938 0.0282173156738281 0.0451812744140625
0.0252838134765625 0.0205764770507813 0.0240325927734375 0.0745391845703125
0.0150184631347656 0.0223712921142578 -0.00289154052734375 0.0932998657226563
0.00444984436035156 0.0168352127075195 -0.0240554809570313 0.0831680297851563
0.00240373611450195 0.0067286491394043 -0.0386428833007812 0.0555496215820313
0.00429439544677734 0.0069732666015625 -0.0337581634521484 0.0280513763427734
-0.00750017166137695 0.00507879257202148 0.0206661224365234 0.0305938720703125
-0.0157499313354492 -0.00122737884521484 0.071502685546875 0.103866577148438
0.0694007873535156 0.0244674682617188 -0.0560531616210938 -0.0944366455078125
0.0382080078125 -0.0160598754882812 0.000740051269531253 -0.0385780334472656
0.0228862762451172 -0.0215625762939453 0.0500564575195313 -0.0274734497070313
0.0136394500732422 -0.0306873321533203 0.0606613159179688 -0.057220458984375
0.000362396240234371 -0.0364227294921875 0.0457534790039062 -0.0737228393554687
-0.0250244140625 -0.0447235107421875 0.0138168334960937 -0.0879440307617188
-0.0417709350585937 -0.0398139953613281 -0.0144805908203125 -0.0738983154296875
-0.0365676879882813 -0.0394020080566406 -0.0178337097167969 -0.0418281555175781
-0.0348663330078125 -0.0507278442382813 -0.0229434967041016 -0.0116043090820313
-0.00653457641601563 -0.0571937561035156 -0.0405845642089844 0.00764846801757812
0.0263404846191406 -0.0446205139160156 -0.0566215515136719 0.0225982666015625
0.0407447814941406 -0.0174217224121094 -0.0702590942382813 0.0107421875
0.0370445251464844 0.0184402465820312 -0.0877685546875 -0.00178527832031251
0.0374641418457031 0.0255813598632813 -0.0896682739257813 0.00864410400390625
0.0466194152832031 0.0378227233886719 -0.0647735595703125 0.0407333374023437
0.0909652709960938 0.0325851440429687 -0.0262069702148437 -0.0823440551757812
0.0616493225097656 -0.00926589965820312 0.0312862396240234 -0.0307540893554688
0.0468940734863281 -0.0201873779296875 0.0714569091796875 -0.0235519409179687
0.0331687927246094 -0.0369720458984375 0.0792770385742188 -0.0533523559570313
0.0143089294433594 -0.0452537536621094 0.06048583984375 -0.0663871765136719
-0.0157432556152344 -0.0590782165527344 0.0303268432617188 -0.077362060546875
-0.0381546020507812 -0.0571136474609375 0.005157470703125 -0.06072998046875
-0.03460693359375 -0.055938720703125 0.000122070312499998 -0.0268917083740234
-0.0358505249023437 -0.0689773559570313 -0.00611782073974609 0.00681781768798828
-0.00659942626953126 -0.07696533203125 -0.0302352905273437 0.0288295745849609
0.0360183715820313 -0.0648117065429688 -0.0491981506347656 0.0422439575195312
0.0580863952636719 -0.0349159240722656 -0.0626945495605469 0.0263862609863281
0.0631256103515625 0.0150489807128906 -0.0734939575195313 0.0152511596679687
0.0639495849609375 0.0274276733398437 -0.0641326904296875 0.0261116027832031
0.0697250366210938 0.0405998229980469 -0.0396842956542969 0.0626029968261719
0.101287841796875 0.03875732421875 0.00754165649414064 -0.064910888671875
0.0777053833007813 0.001190185546875 0.06304931640625 -0.0164756774902344
0.0688018798828125 -0.0139923095703125 0.0945053100585938 -0.0144882202148438
0.0532417297363281 -0.0374870300292969 0.0989303588867188 -0.0450897216796875
0.02947998046875 -0.0491561889648438 0.0740585327148438 -0.0580062866210938
-0.00244903564453126 -0.0680770874023438 0.043853759765625 -0.0628395080566406
-0.0274162292480469 -0.0666923522949219 0.021881103515625 -0.0432014465332031
-0.0273513793945313 -0.0626945495605469 0.0173196792602539 -0.00778961181640625
-0.031463623046875 -0.0758895874023438 0.0120410919189453 0.0287342071533203
-0.00739288330078124 -0.084014892578125 -0.015838623046875 0.0538101196289062
0.0350265502929687 -0.0753555297851563 -0.0383262634277344 0.0646133422851563
0.0606155395507812 -0.0499610900878906 -0.0538139343261719 0.0438423156738281
0.07733154296875 0.00287628173828125 -0.0595817565917969 0.0303001403808594
0.0803604125976563 0.02044677734375 -0.036468505859375 0.0383720397949219
0.0829925537109375 0.036468505859375 -0.00899505615234374 0.0821914672851563
0.0970840454101563 0.0398712158203125 0.0393180847167969 -0.0463905334472656
0.082000732421875 0.0118942260742187 0.0918121337890625 0.000839233398437501
0.0818634033203125 -0.00684356689453125 0.114524841308594 -0.00298309326171875
0.0679206848144531 -0.0347404479980469 0.113365173339844 -0.0348434448242188
0.0404243469238281 -0.0489921569824219 0.0799484252929688 -0.0452041625976563
0.00976562500000001 -0.0669975280761719 0.0518074035644531 -0.0450325012207031
-0.0145111083984375 -0.0658378601074219 0.0344676971435547 -0.0216197967529297
-0.0159873962402344 -0.0605964660644531 0.0320873260498047 0.0118656158447266
-0.0219802856445312 -0.0700454711914063 0.0302352905273438 0.0481224060058594
-0.00647735595703124 -0.0757904052734375 0.00042724609375 0.0754318237304688
0.0297622680664063 -0.07196044921875 -0.0242691040039063 0.082733154296875
0.0528335571289063 -0.0561637878417969 -0.0439033508300781 0.0583686828613281
0.077423095703125 -0.0097503662109375 -0.0455818176269531 0.039520263671875
0.083892822265625 0.00885772705078125 -0.00968933105468749 0.0428085327148437
0.0837326049804687 0.0281829833984375 0.0237274169921875 0.0968780517578125
0.0788345336914063 0.0343551635742188 0.0650672912597656 -0.0283050537109375
0.0736846923828125 0.0177993774414063 0.112701416015625 0.0150833129882813
0.081756591796875 -0.00042724609375 0.122886657714844 0.00807952880859375
0.0693626403808594 -0.0293006896972656 0.117233276367188 -0.0223464965820313
0.0425682067871094 -0.04083251953125 0.0793838500976563 -0.0301971435546875
0.0172653198242187 -0.0558738708496094 0.0534629821777344 -0.024749755859375
-0.000713348388671877 -0.0533905029296875 0.0410919189453125 0.000534057617187497
-0.00239944458007813 -0.048095703125 0.0415763854980469 0.0308036804199219
-0.00777816772460937 -0.0546951293945313 0.0424652099609375 0.0646286010742188
-0.00069427490234375 -0.0565261840820312 0.012939453125 0.091583251953125
0.0234642028808594 -0.0555839538574219 -0.0129623413085937 0.0936660766601563
0.0409202575683594 -0.0483665466308594 -0.0344429016113281 0.0651283264160156
0.0652732849121094 -0.0136299133300781 -0.0341072082519531 0.0409126281738281
0.0723114013671875 0.00232696533203125 0.0134696960449219 0.0403900146484375
0.0699882507324219 0.020660400390625 0.0532760620117188 0.106903076171875
0.0511283874511719 0.020538330078125 0.0811538696289063 -0.0178909301757813
0.0530509948730469 0.0141525268554687 0.120895385742188 0.0221481323242187
0.0629081726074219 -0.00060272216796875 0.120895385742187 0.0126571655273438
0.0529670715332031 -0.0213737487792969 0.110343933105469 -0.0117568969726563
0.0311298370361328 -0.0266532897949219 0.071258544921875 -0.0175704956054688
0.0176258087158203 -0.0335044860839844 0.0494766235351563 -0.00771331787109375
0.0114345550537109 -0.0319366455078125 0.0420265197753906 0.0181694030761719
0.0112514495849609 -0.0284843444824219 0.0435791015625 0.0432586669921875
0.00950431823730468 -0.0324821472167969 0.0458297729492188 0.0745925903320313
0.00911331176757813 -0.0296802520751953 0.0174407958984375 0.0997772216796875
0.0204849243164063 -0.0297088623046875 -0.00795745849609375 0.0968093872070312
0.02923583984375 -0.0294437408447266 -0.0296859741210937 0.0662956237792969
0.0478172302246094 -0.00748443603515625 -0.0259895324707031 0.0378456115722656
0.0492668151855469 0.00316619873046875 0.028076171875 0.0366973876953125
0.0450019836425781 0.0145950317382813 0.0742874145507813 0.113136291503906
0.0159530639648438 0.00275611877441406 0.0831985473632813 -0.0174407958984375
0.0240859985351563 0.00286483764648438 0.116653442382813 0.0181198120117188
0.0318260192871094 -0.00681304931640625 0.110610961914063 0.0119552612304688
0.0228824615478516 -0.0133514404296875 0.0989761352539063 -0.00493621826171875
0.00998687744140625 -0.00728034973144531 0.0630111694335938 -0.0111808776855469
0.0126914978027344 -0.00322055816650391 0.0440826416015625 0.00186538696289062
0.0213031768798828 -0.00359153747558594 0.0389518737792969 0.0270729064941406
0.0225372314453125 -0.00376129150390625 0.0399131774902344 0.0495719909667969
0.025604248046875 -0.00625801086425781 0.0396270751953125 0.079437255859375
0.0194606781005859 -0.000967025756835938 0.0125808715820313 0.100433349609375
0.0176677703857422 -0.00162124633789063 -0.0124588012695312 0.0938949584960938
0.0171670913696289 -0.00690937042236328 -0.0309219360351562 0.0637626647949219
0.0253620147705078 0.00425338745117188 -0.0253467559814453 0.0341281890869141
0.019317626953125 0.00801467895507813 0.0315017700195313 0.0353317260742188
0.0110263824462891 0.00850391387939453 0.0831527709960938 0.117118835449219
-0.0197906494140625 -0.0130825042724609 0.0746383666992188 -0.0277481079101563
-0.00670909881591797 -0.0107908248901367 0.102836608886719 0.00563812255859375
-0.00656700134277343 -0.0142736434936523 0.0955810546875 0.00513458251953125
-0.0137901306152344 -0.00274085998535156 0.087249755859375 -0.005035400390625
-0.0144710540771484 0.0163173675537109 0.0547637939453125 -0.0121116638183594
0.00644683837890625 0.0304069519042969 0.0381050109863281 0.00121688842773438
0.0286388397216797 0.0253791809082031 0.0307102203369141 0.0263214111328125
0.0313816070556641 0.0219764709472656 0.0283126831054688 0.0481224060058594
0.0361404418945313 0.0211906433105469 0.025177001953125 0.0779037475585938
0.0250911712646484 0.0252418518066406 -0.00141906738281251 0.0971221923828125
0.0114002227783203 0.0230369567871094 -0.0238876342773438 0.0876998901367188
0.00459766387939453 0.0139608383178711 -0.0390472412109375 0.0602149963378906
0.000795364379882813 0.0153732299804688 -0.0347137451171875 0.0317649841308594
-0.0149850845336914 0.0130424499511719 0.0222320556640625 0.0367393493652344
-0.0253944396972656 0.00192070007324218 0.077362060546875 0.115692138671875
0.084014892578125 0.01849365234375 -0.0622482299804688 -0.106010437011719
0.0444068908691406 -0.0272102355957031 -0.000469207763671873 -0.0471382141113281
0.0234184265136719 -0.0322227478027344 0.0512199401855469 -0.0336036682128906
0.00876235961914063 -0.0407218933105469 0.0624122619628906 -0.0631484985351563
-0.00744247436523438 -0.0420265197753906 0.0471420288085937 -0.0794677734375
-0.0372047424316406 -0.0455207824707031 0.013641357421875 -0.0937957763671875
-0.053619384765625 -0.0382499694824219 -0.014007568359375 -0.0789566040039063
-0.0473098754882813 -0.03955078125 -0.0162239074707031 -0.0460014343261719
-0.0476455688476563 -0.051605224609375 -0.0202693939208984 -0.0141353607177734
-0.0175895690917969 -0.0635337829589844 -0.0385589599609375 0.00896835327148438
0.0217399597167969 -0.054840087890625 -0.0555992126464844 0.0267257690429687
0.0430984497070312 -0.0284461975097656 -0.07391357421875 0.0154266357421875
0.0472373962402344 0.0121726989746094 -0.0949935913085937 0.00242614746093751
0.05078125 0.0222320556640625 -0.0975189208984375 0.00916290283203127
0.0619850158691406 0.0369949340820313 -0.0677490234375 0.0399551391601563
0.106529235839844 0.029571533203125 -0.0259628295898437 -0.0948104858398438
0.0687751770019531 -0.0177001953125 0.0343589782714844 -0.0403671264648438
0.0490837097167969 -0.0295143127441406 0.0761947631835938 -0.0306930541992188
0.0303306579589844 -0.045074462890625 0.0842514038085938 -0.0602569580078125
0.00879669189453125 -0.0509414672851563 0.0654220581054688 -0.0730667114257813
-0.0255088806152344 -0.0625 0.0340805053710938 -0.0849456787109375
-0.04779052734375 -0.0568199157714844 0.009002685546875 -0.0670928955078125
-0.0434913635253906 -0.0575790405273437 0.00493812561035156 -0.0318984985351563
-0.0467300415039063 -0.0712127685546875 0.000123023986816403 0.00349950790405273
-0.0151443481445313 -0.0839691162109375 -0.0240459442138672 0.0308399200439453
0.0331878662109375 -0.076507568359375 -0.0445976257324219 0.0478057861328125
0.0626678466796875 -0.046478271484375 -0.06280517578125 0.0315017700195313
0.07568359375 0.009613037109375 -0.0770034790039062 0.0195159912109375
0.0788040161132813 0.0262451171875 -0.0673751831054688 0.0273399353027344
0.085662841796875 0.042938232421875 -0.0367240905761719 0.0628433227539063
0.114738464355469 0.0389404296875 0.013336181640625 -0.0768814086914063
0.08489990234375 -0.0016937255859375 0.0712966918945312 -0.0258712768554687
0.0725631713867188 -0.0195770263671875 0.103195190429688 -0.0215682983398438
0.0536079406738281 -0.0434989929199219 0.107879638671875 -0.05426025390625
0.0271797180175781 -0.0540313720703125 0.080413818359375 -0.0655899047851563
-0.009063720703125 -0.0716476440429688 0.0507354736328125 -0.0716400146484375
-0.0343055725097656 -0.0682258605957031 0.0285186767578125 -0.0498619079589844
-0.0335350036621094 -0.0660858154296875 0.0255794525146484 -0.0133895874023438
-0.0390548706054688 -0.0803451538085937 0.0228195190429687 0.0252170562744141
-0.013519287109375 -0.09136962890625 -0.00641632080078125 0.0559730529785156
0.0341949462890625 -0.0863189697265625 -0.0304412841796875 0.0706253051757812
0.0657463073730469 -0.0604400634765625 -0.0509452819824219 0.0495071411132812
0.0894088745117188 -0.0013885498046875 -0.0594100952148437 0.0354156494140625
0.0944976806640625 0.0200042724609375 -0.0353736877441406 0.03936767578125
0.0967483520507813 0.040435791015625 0.00070953369140626 0.08441162109375
0.106475830078125 0.0434112548828125 0.0494651794433594 -0.0551223754882812
0.0887985229492188 0.012969970703125 0.104545593261719 -0.00716400146484375
0.0879135131835938 -0.0072479248046875 0.125740051269531 -0.00963592529296875
0.0708465576171875 -0.0382537841796875 0.123374938964844 -0.0442276000976563
0.0424842834472656 -0.0516395568847656 0.0882186889648438 -0.0535049438476563
0.00836181640624999 -0.071441650390625 0.0595703125 -0.0533981323242188
-0.0166549682617188 -0.06890869140625 0.0422782897949219 -0.0284042358398438
-0.0183906555175781 -0.0640754699707031 0.0416336059570313 0.00727081298828125
-0.0249786376953125 -0.0758132934570313 0.0425643920898438 0.0456504821777344
-0.00875091552734376 -0.0827560424804688 0.0122222900390625 0.0782318115234375
0.0307464599609375 -0.08013916015625 -0.0146636962890625 0.0887680053710937
0.0582160949707031 -0.062835693359375 -0.0378379821777344 0.0634765625
0.0876922607421875 -0.0113525390625 -0.0426521301269531 0.0441322326660156
0.0941696166992188 0.0102462768554688 -0.00408935546875 0.0433578491210938
0.0933685302734375 0.0331649780273438 0.037689208984375 0.100837707519531
0.0834274291992188 0.0399856567382813 0.07720947265625 -0.0344085693359375
0.0777206420898438 0.0224685668945313 0.12750244140625 0.009429931640625
0.086883544921875 0.002197265625 0.136665344238281 0.00251007080078125
0.0750579833984375 -0.0294647216796875 0.129051208496094 -0.0308609008789063
0.0466461181640625 -0.0424003601074219 0.0873565673828125 -0.037750244140625
0.0206947326660156 -0.0598602294921875 0.0608749389648438 -0.0321998596191406
0.00136184692382812 -0.0583953857421875 0.0496101379394531 -0.00487899780273438
-0.000522613525390624 -0.0528450012207031 0.0506706237792969 0.0264129638671875
-0.00527572631835938 -0.0605430603027344 0.0551834106445313 0.0630226135253906
0.001617431640625 -0.0611343383789063 0.0253143310546875 0.0943450927734375
0.0282363891601563 -0.05999755859375 -0.00238037109374999 0.0990829467773438
0.0467338562011719 -0.0512466430664063 -0.0277328491210938 0.0706405639648438
0.0729827880859375 -0.0122756958007813 -0.0288810729980469 0.0454025268554688
0.0786895751953125 0.0065155029296875 0.0214614868164063 0.0411376953125
0.0758438110351563 0.0268707275390625 0.0696334838867188 0.112068176269531
0.0499916076660156 0.0273780822753906 0.0931549072265625 -0.0205612182617187
0.0535850524902344 0.0214691162109375 0.13641357421875 0.0192337036132813
0.0665512084960937 0.00498580932617187 0.135307312011719 0.00844573974609375
0.059539794921875 -0.0178451538085938 0.121871948242188 -0.0189666748046875
0.03790283203125 -0.0251350402832031 0.0786056518554688 -0.0234222412109375
0.0251998901367188 -0.0356178283691406 0.0558586120605469 -0.0128326416015625
0.0183181762695312 -0.0368232727050781 0.0497703552246094 0.0150070190429687
0.0173702239990234 -0.0324420928955078 0.0519752502441406 0.0412330627441406
0.0161323547363281 -0.0371665954589844 0.0568084716796875 0.0744781494140625
0.0162906646728516 -0.0329093933105469 0.02923583984375 0.102500915527344
0.0277576446533203 -0.0296840667724609 0.000999450683593745 0.101005554199219
0.0351276397705078 -0.0278358459472656 -0.0235519409179687 0.0707244873046875
0.0510711669921875 -0.00225830078125 -0.0214729309082031 0.0424957275390625
0.0504493713378906 0.00998687744140625 0.0362701416015625 0.0379867553710938
0.0444297790527344 0.0217971801757813 0.09124755859375 0.120719909667969
0.00992393493652344 0.00890254974365234 0.0946731567382813 -0.0172576904296875
0.0210285186767578 0.009735107421875 0.132102966308594 0.0181121826171875
0.0308589935302734 0.000881195068359375 0.122825622558594 0.00800323486328125
0.0269031524658203 -0.00617599487304688 0.108413696289063 -0.0120925903320313
0.0156345367431641 -0.00142669677734375 0.0676803588867188 -0.0162124633789063
0.0223331451416016 -0.00211715698242188 0.0474510192871094 -0.000667572021484375
0.0315170288085937 -0.00745391845703125 0.0427703857421875 0.0265655517578125
0.0332221984863281 -0.00685310363769531 0.045562744140625 0.0503082275390625
0.036590576171875 -0.00974655151367188 0.0466766357421875 0.08062744140625
0.0300197601318359 -0.00254631042480469 0.0206756591796875 0.104209899902344
0.0267086029052734 0.00164031982421875 -0.00531768798828124 0.0980911254882813
0.0240077972412109 -0.000127792358398438 -0.026702880859375 0.0690231323242187
0.0255355834960938 0.0137119293212891 -0.0233917236328125 0.0390548706054688
0.0153064727783203 0.0184535980224609 0.0389289855957031 0.0382003784179688
0.00537204742431641 0.0165977478027344 0.0975189208984375 0.125236511230469
-0.0302639007568359 -0.00983428955078126 0.0831375122070313 -0.0260391235351563
-0.0153951644897461 -0.00496292114257813 0.114425659179688 0.00689697265625
-0.0120162963867187 -0.00651359558105469 0.105613708496094 0.00162506103515625
-0.0136852264404297 0.00632095336914063 0.094146728515625 -0.0116119384765625
-0.00976181030273438 0.0237693786621094 0.0567855834960937 -0.0168838500976563
0.0169105529785156 0.0349311828613281 0.037872314453125 -0.000438690185546873
0.0407524108886719 0.0243301391601563 0.0308799743652344 0.0274295806884766
0.042633056640625 0.0193328857421875 0.0309371948242188 0.0505218505859375
0.0481948852539063 0.0179901123046875 0.0289077758789062 0.0816497802734375
0.0367813110351563 0.0251235961914063 0.00370025634765624 0.10101318359375
0.0217380523681641 0.0290546417236328 -0.0201187133789063 0.0925979614257813
0.0113887786865234 0.0227394104003906 -0.0373191833496094 0.0657386779785156
-0.000141143798828123 0.0258140563964844 -0.0346221923828125 0.0377273559570312
-0.0218315124511719 0.0236186981201172 0.0261764526367188 0.0417671203613281
-0.0355453491210938 0.00991439819335938 0.088348388671875 0.126380920410156
0.098175048828125 0.00682830810546875 -0.0716629028320312 -0.116531372070312
0.0476264953613281 -0.0393714904785156 -0.00490570068359375 -0.0561408996582031
0.0210685729980469 -0.0442276000976563 0.0505943298339844 -0.0404930114746094
0.000225067138671871 -0.0500144958496094 0.0614356994628906 -0.0693588256835938
-0.0192108154296875 -0.0461463928222656 0.046630859375 -0.0843582153320313
-0.0512008666992188 -0.0422744750976563 0.011505126953125 -0.0989532470703125
-0.0666313171386719 -0.0324058532714844 -0.0153732299804687 -0.0835037231445312
-0.0595474243164062 -0.034576416015625 -0.0164642333984375 -0.0504531860351563
-0.0620307922363281 -0.0479278564453125 -0.0178127288818359 -0.0172595977783203
-0.03045654296875 -0.0649642944335938 -0.0346965789794922 0.0107345581054688
0.0129508972167969 -0.0651931762695313 -0.051177978515625 0.0310020446777344
0.04180908203125 -0.0409393310546875 -0.07470703125 0.0208587646484375
0.0572738647460938 0.00064849853515625 -0.101295471191406 0.00790405273437501
0.0636329650878906 0.0133705139160156 -0.105148315429688 0.0127716064453125
0.0784072875976562 0.0308685302734375 -0.0694427490234375 0.0401954650878906
0.121536254882813 0.0208892822265625 -0.0288009643554687 -0.107307434082031
0.0731124877929688 -0.0291519165039063 0.0338973999023438 -0.0523834228515625
0.0472183227539063 -0.0393867492675781 0.0786361694335938 -0.0388717651367188
0.024383544921875 -0.0529289245605469 0.0870513916015625 -0.0695114135742188
-0.000564575195312499 -0.0557518005371094 0.0674819946289063 -0.0818710327148438
-0.0373344421386719 -0.0612716674804687 0.0348052978515625 -0.0935440063476563
-0.0583076477050781 -0.0535430908203125 0.0106124877929688 -0.0747146606445313
-0.0542144775390625 -0.0550765991210938 0.00899505615234375 -0.0387496948242188
-0.0602607727050781 -0.069488525390625 0.00737237930297851 -0.00195550918579102
-0.027374267578125 -0.0892868041992188 -0.0166034698486328 0.0311489105224609
0.025970458984375 -0.0882797241210938 -0.0369338989257813 0.0514106750488281
0.0632705688476563 -0.0601768493652344 -0.0601463317871094 0.0365409851074219
0.0873870849609375 -0.0012664794921875 -0.0775604248046875 0.026214599609375
0.09417724609375 0.0186614990234375 -0.0697174072265625 0.0280189514160156
0.103759765625 0.0396652221679688 -0.0317611694335938 0.0615272521972656
0.1280517578125 0.03509521484375 0.0158920288085937 -0.0914459228515625
0.0913314819335938 -0.00914764404296875 0.0772781372070313 -0.0389938354492188
0.0744094848632813 -0.0279006958007813 0.109024047851563 -0.0323104858398438
0.0511932373046875 -0.051727294921875 0.11309814453125 -0.064910888671875
0.0221405029296875 -0.0581130981445313 0.0842437744140625 -0.0761871337890625
-0.01641845703125 -0.0719985961914063 0.0540695190429688 -0.0825347900390625
-0.0422859191894531 -0.0680580139160156 0.0333099365234375 -0.0596046447753906
-0.0410614013671875 -0.0662345886230469 0.0318546295166016 -0.0218162536621094
-0.050201416015625 -0.0804901123046875 0.0328311920166016 0.0169906616210937
-0.0235366821289062 -0.09588623046875 0.00485992431640625 0.0549201965332031
0.0295486450195312 -0.0967330932617188 -0.0199127197265625 0.0731048583984375
0.0679092407226563 -0.0733184814453125 -0.0438461303710938 0.05419921875
0.101821899414063 -0.010406494140625 -0.0561065673828125 0.0412559509277344
0.110603332519531 0.0143356323242188 -0.0315742492675781 0.0401611328125
0.113868713378906 0.0386810302734375 0.0110015869140625 0.08306884765625
0.118156433105469 0.0447311401367188 0.0574226379394531 -0.0685768127441406
0.0952606201171875 0.0105361938476563 0.114936828613281 -0.0210647583007813
0.0923538208007813 -0.0106658935546875 0.134468078613281 -0.0214157104492188
0.0725860595703125 -0.04412841796875 0.131538391113281 -0.0570602416992188
0.0412864685058594 -0.0563583374023437 0.094451904296875 -0.0643844604492188
0.00432586669921876 -0.0750274658203125 0.0648345947265625 -0.06500244140625
-0.0201339721679687 -0.0725936889648438 0.0500373840332031 -0.0389556884765625
-0.0218963623046875 -0.0672073364257813 0.049468994140625 -0.00215530395507813
-0.0300979614257813 -0.07916259765625 0.0550498962402344 0.0371475219726563
-0.0142288208007812 -0.0882720947265625 0.0263519287109375 0.0759429931640625
0.0299530029296875 -0.0887527465820313 -0.00114440917968749 0.0899200439453125
0.0611343383789063 -0.072479248046875 -0.0295448303222656 0.067413330078125
0.0974197387695313 -0.0164947509765625 -0.0369758605957031 0.0486564636230469
0.106208801269531 0.00867462158203125 0.00302124023437501 0.0420150756835938
0.104866027832031 0.03558349609375 0.0537109375 0.0996551513671875
0.0891342163085938 0.0446701049804688 0.08935546875 -0.0458297729492188
0.083099365234375 0.0258865356445312 0.141632080078125 -0.001312255859375
0.0927581787109375 0.0035858154296875 0.148147583007813 -0.008453369140625
0.08013916015625 -0.0309906005859375 0.137763977050781 -0.0446701049804687
0.0515899658203125 -0.044525146484375 0.0926055908203125 -0.0479583740234375
0.0222663879394531 -0.0642356872558594 0.06610107421875 -0.0421257019042969
0.00281143188476562 -0.0647010803222656 0.0563430786132812 -0.0126113891601563
0.000652313232421873 -0.0582504272460938 0.0594558715820313 0.0187110900878906
-0.00573730468750001 -0.0668258666992188 0.0671615600585938 0.0557022094726562
0.00291061401367188 -0.0663261413574219 0.040283203125 0.09149169921875
0.0320167541503906 -0.0654335021972656 0.0101470947265625 0.0997467041015625
0.0517807006835938 -0.0549278259277344 -0.0171279907226562 0.0728836059570313
0.0808944702148438 -0.0126113891601563 -0.0205001831054687 0.04864501953125
0.08526611328125 0.008514404296875 0.0304641723632813 0.0391769409179688
0.0816497802734375 0.03179931640625 0.0892105102539063 0.1107177734375
0.0496635437011719 0.0340919494628906 0.106590270996094 -0.0281524658203125
0.0567131042480469 0.0289573669433594 0.152603149414063 0.010284423828125
0.0707168579101563 0.010589599609375 0.14678955078125 -0.000671386718749999
0.0669174194335938 -0.0159111022949219 0.131584167480469 -0.0312728881835938
0.0447273254394531 -0.025848388671875 0.08270263671875 -0.0325469970703125
0.032623291015625 -0.0401268005371094 0.0607070922851562 -0.0195159912109375
0.0238571166992188 -0.0432510375976563 0.0567359924316406 0.010498046875
0.02288818359375 -0.0395927429199219 0.0605812072753906 0.0360069274902344
0.0210685729980469 -0.0445823669433594 0.0686874389648438 0.0694961547851562
0.0232620239257813 -0.0377426147460938 0.0424880981445312 0.0995941162109375
0.0357475280761719 -0.0317649841308594 0.0137176513671875 0.101264953613281
0.0422706604003906 -0.0264701843261719 -0.0143814086914062 0.0747604370117188
0.0565719604492188 0.0035400390625 -0.0132942199707031 0.0446586608886719
0.0539932250976563 0.0177154541015625 0.0476875305175781 0.0356979370117187
0.0451316833496094 0.029266357421875 0.113395690917969 0.122039794921875
0.00405502319335938 0.0179233551025391 0.107368469238281 -0.0203094482421875
0.0188636779785156 0.0188255310058594 0.146942138671875 0.011993408203125
0.0311927795410156 0.0112018585205078 0.135292053222656 -5.34057617187493E-05
0.0331840515136719 1.52587890625E-05 0.115348815917969 -0.0236053466796875
0.0242118835449219 0.0022125244140625 0.07000732421875 -0.023101806640625
0.0331573486328125 -0.00458717346191406 0.0507125854492187 -0.0062103271484375
0.0402565002441406 -0.0140228271484375 0.0470504760742188 0.0227928161621094
0.0426750183105469 -0.0143966674804688 0.0503997802734375 0.0483665466308594
0.0455207824707031 -0.0178146362304688 0.0556411743164063 0.0788040161132813
0.041412353515625 -0.00741958618164063 0.0316696166992188 0.10345458984375
0.0387077331542969 0.0025177001953125 0.00415039062499999 0.0997238159179687
0.0343189239501953 0.005615234375 -0.0186080932617187 0.0717544555664062
0.0295200347900391 0.0237007141113281 -0.0155258178710937 0.0424308776855469
0.0136795043945313 0.0312843322753906 0.0477790832519531 0.0392608642578125
0.00115013122558594 0.0278472900390625 0.117362976074219 0.128997802734375
-0.0417137145996094 -0.000114440917968754 0.0917129516601563 -0.0265960693359375
-0.0229377746582031 0.00399398803710938 0.12542724609375 0.0045013427734375
-0.0158329010009766 0.00408363342285157 0.114738464355469 -0.00548553466796875
-0.0101108551025391 0.0170259475708008 0.0984115600585938 -0.0204696655273438
-0.00168228149414062 0.0306682586669922 0.0557746887207031 -0.02154541015625
0.0303058624267578 0.0348720550537109 0.037078857421875 -0.00300979614257812
0.0521697998046875 0.0187339782714844 0.0321712493896484 0.0287437438964844
0.0560646057128906 0.0132560729980469 0.0339202880859375 0.0528717041015625
0.0613250732421875 0.00946044921875 0.03399658203125 0.083343505859375
0.0504188537597656 0.02020263671875 0.010986328125 0.102561950683594
0.0344619750976563 0.0312328338623047 -0.0146484375 0.09503173828125
0.019439697265625 0.0304775238037109 -0.03253173828125 0.070404052734375
0.00210189819335938 0.0368118286132813 -0.0310020446777344 0.0439949035644531
-0.0254859924316406 0.0387115478515625 0.0327911376953125 0.0465621948242188
-0.0451431274414063 0.0208892822265625 0.104415893554688 0.132637023925781
0.109588623046875 -0.00894927978515625 -0.0834808349609375 -0.124923706054688
0.0475578308105469 -0.0562095642089844 -0.0126724243164062 -0.0633049011230469
0.0139389038085938 -0.0569343566894531 0.0468673706054688 -0.0449943542480469
-0.0110816955566406 -0.0548248291015625 0.0578994750976563 -0.0735092163085938
-0.0305023193359375 -0.0447959899902344 0.04583740234375 -0.0910186767578125
-0.0640716552734375 -0.0357551574707031 0.00854492187499999 -0.103584289550781
-0.0772552490234375 -0.0196533203125 -0.0186538696289063 -0.0865020751953125
-0.069000244140625 -0.0256385803222656 -0.0164985656738281 -0.0537567138671875
-0.0744857788085938 -0.0372314453125 -0.0167083740234375 -0.0232830047607422
-0.0457916259765625 -0.0628128051757813 -0.0303497314453125 0.00983047485351562
0.000198364257812495 -0.0724029541015625 -0.0450057983398437 0.0345535278320312
0.0343360900878906 -0.0530471801757813 -0.0732498168945313 0.025726318359375
0.0612602233886719 -0.01416015625 -0.103919982910156 0.016387939453125
0.0744857788085938 -0.0007781982421875 -0.112312316894531 0.0166702270507812
0.0934906005859375 0.017852783203125 -0.07275390625 0.0398406982421875
0.133277893066406 0.0088958740234375 -0.0365524291992188 -0.120704650878906
0.0762405395507813 -0.0416717529296875 0.0314903259277344 -0.064605712890625
0.0431060791015625 -0.0510139465332031 0.0779953002929688 -0.048004150390625
0.0138816833496094 -0.0592117309570313 0.0854949951171875 -0.0771026611328125
-0.0104598999023437 -0.0547294616699219 0.0667495727539063 -0.0893783569335938
-0.0499000549316406 -0.0566978454589844 0.0346908569335937 -0.0998077392578125
-0.0673904418945312 -0.04547119140625 0.0120010375976563 -0.0837249755859375
-0.0639457702636719 -0.0494956970214844 0.0104560852050781 -0.0481452941894531
-0.070892333984375 -0.063629150390625 0.0121192932128906 -0.0101556777954102
-0.0410690307617188 -0.0899276733398438 -0.00803565979003906 0.0270309448242187
0.0150985717773437 -0.0968475341796875 -0.0270156860351562 0.0515098571777344
0.0584182739257812 -0.0745162963867188 -0.0557060241699219 0.0392074584960937
0.0959243774414063 -0.015899658203125 -0.0760116577148438 0.0306472778320312
0.108299255371094 0.00705718994140625 -0.0711441040039063 0.0294418334960938
0.120742797851563 0.030731201171875 -0.0279693603515625 0.0591239929199219
0.140205383300781 0.0269927978515625 0.01593017578125 -0.106422424316406
0.0927352905273438 -0.0183334350585938 0.0771942138671875 -0.0537185668945313
0.0723724365234375 -0.0348281860351563 0.111900329589844 -0.0420379638671875
0.0465736389160156 -0.0557174682617188 0.113906860351563 -0.0759124755859375
0.0145492553710938 -0.06103515625 0.0860366821289062 -0.0849990844726562
-0.0256843566894531 -0.0697555541992188 0.0548858642578125 -0.0929183959960938
-0.0487480163574219 -0.0626106262207031 0.0368385314941406 -0.0701332092285156
-0.047760009765625 -0.0636863708496094 0.0364532470703125 -0.0347213745117188
-0.0595016479492188 -0.078125 0.0386734008789063 0.0079803466796875
-0.0351409912109375 -0.0975494384765625 0.0160980224609375 0.0483131408691406
0.02093505859375 -0.105400085449219 -0.00710296630859375 0.0722274780273438
0.0655670166015625 -0.0861129760742188 -0.036224365234375 0.0532379150390625
0.109542846679688 -0.0221099853515625 -0.0501136779785156 0.0441818237304687
0.123497009277344 0.0043487548828125 -0.0271148681640625 0.037078857421875
0.129753112792969 0.034881591796875 0.020355224609375 0.0771026611328125
0.127281188964844 0.0427627563476562 0.0627517700195313 -0.0848846435546875
0.0998687744140625 0.0095977783203125 0.120384216308594 -0.0363311767578125
0.0939102172851563 -0.0157852172851563 0.140235900878906 -0.03411865234375
0.0739212036132813 -0.048431396484375 0.1343994140625 -0.0703125
0.0397453308105469 -0.0594520568847656 0.0949020385742188 -0.0748367309570313
0.00119781494140626 -0.0768051147460938 0.0670623779296875 -0.075653076171875
-0.0223464965820312 -0.07147216796875 0.0531692504882812 -0.0514144897460938
-0.0267715454101563 -0.0701637268066406 0.0541343688964844 -0.0147666931152344
-0.03558349609375 -0.0804519653320313 0.0617256164550781 0.0260353088378906
-0.0206146240234375 -0.0920639038085938 0.041748046875 0.0669517517089844
0.0263214111328125 -0.0958633422851563 0.0119552612304687 0.086761474609375
0.0620651245117188 -0.0814361572265625 -0.0182037353515625 0.0677108764648438
0.104751586914063 -0.0270156860351563 -0.0273094177246094 0.0482444763183594
0.117530822753906 0.00287628173828125 0.0101890563964844 0.0383529663085938
0.11932373046875 0.0352630615234375 0.070465087890625 0.0922927856445313
0.0962677001953125 0.0486297607421875 0.0991134643554688 -0.0610198974609375
0.0876541137695313 0.0295791625976563 0.15045166015625 -0.0160980224609375
0.0984573364257813 0.00252532958984375 0.154327392578125 -0.0217437744140625
0.0846176147460938 -0.0338973999023438 0.14410400390625 -0.0580596923828125
0.0547294616699219 -0.0472526550292969 0.0946044921875 -0.0601654052734375
0.0230178833007813 -0.0698738098144531 0.0679206848144531 -0.0524673461914063
0.002655029296875 -0.067474365234375 0.0621986389160156 -0.0265884399414063
0.000316619873046878 -0.0653839111328125 0.0660743713378906 0.00902938842773437
-0.006256103515625 -0.0714187622070312 0.0786056518554688 0.0452499389648437
0.00306701660156251 -0.0715713500976563 0.0538406372070313 0.0840301513671875
0.0338592529296875 -0.0702667236328125 0.0236740112304688 0.0941162109375
0.0560684204101563 -0.060150146484375 -0.00670623779296875 0.0708389282226563
0.0884323120117188 -0.015655517578125 -0.0111351013183594 0.0481605529785156
0.092987060546875 0.0114822387695312 0.0415458679199219 0.0355072021484375
0.0889358520507812 0.036834716796875 0.107177734375 0.105491638183594
0.0504646301269531 0.0455131530761719 0.117271423339844 -0.0395965576171875
0.0577011108398438 0.0375900268554688 0.164138793945313 -0.0010986328125
0.0791549682617188 0.0170516967773437 0.156768798828125 -0.0128173828125
0.0754928588867187 -0.016937255859375 0.136260986328125 -0.0437088012695312
0.0517730712890625 -0.0270538330078125 0.0838470458984375 -0.0410690307617188
0.0377273559570313 -0.0466423034667969 0.0648880004882813 -0.0277481079101563
0.0275535583496094 -0.0513038635253906 0.0618782043457031 -0.000133514404296878
0.0288581848144531 -0.0472068786621094 0.0664634704589844 0.0275154113769531
0.0276336669921875 -0.0536651611328125 0.0781097412109375 0.0585174560546875
0.028533935546875 -0.0456008911132813 0.0551376342773437 0.0938949584960938
0.0430107116699219 -0.0363197326660156 0.024810791015625 0.0957717895507813
0.0512657165527344 -0.0254898071289063 -0.00375366210937499 0.0730819702148438
0.0644454956054688 0.00970458984375 -0.00622940063476562 0.0453338623046875
0.0568275451660156 0.024139404296875 0.0565338134765625 0.0328330993652344
0.0462684631347656 0.0409278869628906 0.130912780761719 0.119117736816406
0.00253105163574219 0.0274639129638672 0.117103576660156 -0.0256576538085938
0.0198974609375 0.0319843292236328 0.161285400390625 0.0037384033203125
0.0381507873535156 0.0217666625976562 0.143341064453125 -0.010772705078125
0.041534423828125 0.00496673583984375 0.12017822265625 -0.0353012084960938
0.0347366333007813 0.00426864624023438 0.0685272216796875 -0.0292396545410156
0.0462837219238281 -0.0103416442871094 0.0510749816894531 -0.0104255676269531
0.0468368530273438 -0.0240859985351563 0.0501556396484375 0.02215576171875
0.0504608154296875 -0.0243072509765625 0.0556907653808594 0.0438117980957031
0.0520401000976562 -0.0299835205078125 0.0634918212890625 0.0746078491210938
0.0521774291992188 -0.01513671875 0.04180908203125 0.098968505859375
0.0513191223144531 0.00101470947265625 0.0126190185546875 0.098419189453125
0.0469741821289063 0.00625991821289063 -0.0098419189453125 0.0725631713867188
0.0371208190917969 0.033966064453125 -0.0104522705078125 0.0437431335449219
0.0170021057128906 0.0435905456542969 0.0563583374023438 0.0401802062988281
-0.00127410888671875 0.0394630432128906 0.135261535644531 0.127197265625
-0.0501060485839844 0.010101318359375 0.100700378417969 -0.029205322265625
-0.0267887115478516 0.0148487091064453 0.136085510253906 -0.002593994140625
-0.0151882171630859 0.0174694061279297 0.12158203125 -0.015289306640625
-0.00115394592285156 0.0268421173095703 0.100700378417969 -0.0307998657226563
0.00846481323242188 0.0358200073242187 0.0532150268554688 -0.0265922546386719
0.0440330505371094 0.031036376953125 0.0347766876220703 -0.00277328491210937
0.063140869140625 0.00934982299804688 0.0332088470458984 0.0306663513183594
0.0648269653320313 0.00274276733398438 0.0365219116210938 0.05145263671875
0.0723419189453125 -0.00182342529296875 0.038299560546875 0.0823516845703125
0.0627212524414063 0.0116043090820313 0.016204833984375 0.100822448730469
0.049224853515625 0.0299224853515625 -0.00897216796875 0.0915298461914063
0.0347309112548828 0.0350303649902344 -0.0250244140625 0.0735092163085938
0.0094757080078125 0.0519676208496094 -0.0225906372070313 0.04766845703125
-0.0234756469726563 0.0540199279785156 0.0398521423339844 0.0494117736816406
-0.0496940612792969 0.0356712341308594 0.117843627929687 0.134956359863281
0.116851806640625 -0.0278091430664063 -0.0939407348632812 -0.133110046386719
0.0419235229492188 -0.0696868896484375 -0.0207290649414062 -0.0707015991210937
0.00365829467773437 -0.066497802734375 0.0435714721679688 -0.0498771667480469
-0.0263442993164063 -0.0586509704589844 0.054840087890625 -0.0770721435546875
-0.0435981750488281 -0.0425338745117188 0.0439300537109375 -0.0930252075195313
-0.0748367309570312 -0.0236434936523438 0.00721740722656251 -0.106842041015625
-0.0833587646484375 -0.00984191894531249 -0.0179061889648438 -0.0914688110351562
-0.0765914916992188 -0.0153427124023438 -0.0177078247070313 -0.0604591369628906
-0.0840072631835938 -0.0270538330078125 -0.0159626007080078 -0.0275630950927734
-0.0579490661621094 -0.0568199157714844 -0.026123046875 0.00794029235839844
-0.012847900390625 -0.0756378173828125 -0.0412178039550781 0.0335159301757812
0.0261726379394531 -0.0634384155273438 -0.0717086791992187 0.0283889770507813
0.0624618530273437 -0.0294189453125 -0.105659484863281 0.020660400390625
0.0820846557617188 -0.0168304443359375 -0.116439819335938 0.0203781127929688
0.106483459472656 0.0048980712890625 -0.0761566162109375 0.0384979248046875
0.141616821289063 -0.0061492919921875 -0.0421371459960938 -0.134239196777344
0.0724639892578125 -0.0544586181640625 0.02581787109375 -0.0745086669921875
0.0356864929199219 -0.05865478515625 0.0767669677734375 -0.0552902221679688
0.00309753417968749 -0.0627593994140625 0.0848770141601562 -0.08404541015625
-0.0196685791015625 -0.0528717041015625 0.06787109375 -0.0961074829101563
-0.0581512451171875 -0.0458145141601562 0.03466796875 -0.108619689941406
-0.0739364624023437 -0.0364456176757813 0.0124359130859375 -0.0921249389648437
-0.0706863403320313 -0.0415725708007812 0.0118484497070312 -0.0572090148925781
-0.0812149047851563 -0.0547637939453125 0.0144596099853516 -0.0195045471191406
-0.0533905029296875 -0.0850067138671875 -0.00165176391601563 0.0217170715332031
0.00405883789062501 -0.102035522460937 -0.0198097229003906 0.0477638244628906
0.05181884765625 -0.084686279296875 -0.0505180358886719 0.0390892028808594
0.099761962890625 -0.0305938720703125 -0.0742340087890625 0.0336456298828125
0.117599487304688 -0.00936126708984375 -0.0716400146484375 0.0294418334960938
0.134429931640625 0.0193328857421875 -0.0262603759765625 0.0529861450195313
0.149642944335938 0.0179290771484375 0.0127792358398437 -0.123527526855469
0.0949859619140625 -0.0268325805664063 0.0753402709960938 -0.0679702758789063
0.0705642700195313 -0.0405426025390625 0.111770629882812 -0.0535888671875
0.038909912109375 -0.059417724609375 0.115325927734375 -0.0865707397460938
0.0097808837890625 -0.0591545104980469 0.0870437622070313 -0.09539794921875
-0.0316581726074219 -0.0647201538085938 0.05560302734375 -0.103286743164063
-0.054718017578125 -0.0596504211425781 0.03717041015625 -0.0828781127929688
-0.0534515380859375 -0.0614356994628906 0.0372848510742188 -0.0432052612304688
-0.066619873046875 -0.0753326416015625 0.0447616577148437 -0.00532913208007813
-0.0419540405273438 -0.0974273681640625 0.0254936218261719 0.0400772094726563
0.0141525268554688 -0.111663818359375 0.00193023681640626 0.0663986206054687
0.0620880126953125 -0.0964126586914062 -0.0289039611816406 0.0513763427734375
0.1158447265625 -0.0342788696289063 -0.0446929931640625 0.0423660278320313
0.133560180664063 -0.005523681640625 -0.0248508453369141 0.0339736938476563
0.143508911132813 0.028045654296875 0.0281982421875 0.0685195922851563
0.136795043945313 0.0402984619140625 0.06512451171875 -0.103996276855469
0.104927062988281 0.0066375732421875 0.122238159179688 -0.052581787109375
0.0987396240234375 -0.0176925659179688 0.142181396484375 -0.044219970703125
0.0722579956054688 -0.0517654418945313 0.137451171875 -0.0828704833984375
0.0395431518554688 -0.0604438781738281 0.096923828125 -0.086395263671875
-0.0010833740234375 -0.0765457153320313 0.0675277709960938 -0.0881271362304688
-0.0270843505859375 -0.0734634399414063 0.055267333984375 -0.0635337829589844
-0.0285186767578125 -0.0705795288085938 0.0572357177734375 -0.0259819030761719
-0.0404129028320312 -0.0823135375976563 0.0693550109863281 0.0123481750488281
-0.0243301391601562 -0.094268798828125 0.0484390258789063 0.0578193664550781
0.0232009887695313 -0.103668212890625 0.0217666625976563 0.0781402587890625
0.0626907348632813 -0.0904388427734375 -0.0109367370605469 0.0616416931152344
0.113227844238281 -0.0320358276367188 -0.0192108154296875 0.0460853576660156
0.126441955566406 -0.00159454345703125 0.0170402526855469 0.0316886901855469
0.129524230957031 0.03369140625 0.0801239013671875 0.0818328857421875
0.104476928710938 0.054168701171875 0.106056213378906 -0.0774459838867187
0.0949478149414063 0.031829833984375 0.157272338867188 -0.032562255859375
0.10540771484375 0.006439208984375 0.160720825195313 -0.033294677734375
0.0912933349609375 -0.0354843139648438 0.1458740234375 -0.0710906982421875
0.058990478515625 -0.0508766174316406 0.0966720581054687 -0.0700454711914063
0.0253067016601563 -0.0731430053710938 0.0707168579101563 -0.0645217895507813
0.00247955322265625 -0.075775146484375 0.0639991760253906 -0.0373764038085938
0.00130844116210937 -0.069244384765625 0.0691795349121094 -0.00382232666015625
-0.00693511962890625 -0.0788497924804688 0.0830230712890625 0.030609130859375
0.00295257568359375 -0.0786972045898438 0.0624618530273438 0.0710830688476563
0.03668212890625 -0.0781173706054688 0.0341567993164063 0.0858230590820313
0.0610771179199219 -0.0660133361816406 0.00252532958984375 0.0655174255371094
0.0969467163085938 -0.015411376953125 -0.00276184082031249 0.0440139770507813
0.102706909179687 0.0115280151367187 0.0484886169433594 0.0266075134277344
0.0987014770507813 0.04290771484375 0.122772216796875 0.0949249267578125
0.056243896484375 0.0536346435546875 0.128921508789063 -0.0529327392578125
0.0640983581542969 0.0441856384277344 0.174484252929688 -0.0143585205078125
0.0863113403320313 0.0234146118164063 0.163482666015625 -0.0249176025390625
0.0839996337890625 -0.0146331787109375 0.139083862304688 -0.0561981201171875
0.0616111755371094 -0.0290794372558594 0.0852127075195313 -0.0493698120117188
0.0447845458984375 -0.0541763305664062 0.0640487670898438 -0.0361709594726563
0.031158447265625 -0.0625686645507813 0.0635643005371094 -0.0070953369140625
0.0304107666015625 -0.0582199096679688 0.068939208984375 0.0190391540527344
0.0284233093261719 -0.0643043518066406 0.082305908203125 0.0487442016601562
0.0328636169433594 -0.0541725158691406 0.0622940063476562 0.0817947387695313
0.0531005859375 -0.0421791076660156 0.0317459106445313 0.089630126953125
0.0610427856445313 -0.0297203063964844 0.00584030151367188 0.0662193298339844
0.0737533569335938 0.0135040283203125 0.00461959838867188 0.0408973693847656
0.0655517578125 0.0343360900878906 0.0659446716308594 0.0262031555175781
0.0519218444824219 0.0501556396484375 0.149185180664063 0.10870361328125
0.000129699707031246 0.0426483154296875 0.130615234375 -0.0361328125
0.0208663940429688 0.0431327819824219 0.170379638671875 -0.0065460205078125
0.0439453125 0.0307083129882813 0.149688720703125 -0.0217437744140625
0.0531082153320313 0.00890350341796875 0.12078857421875 -0.0447616577148438
0.0463600158691406 0.00283050537109375 0.0679054260253906 -0.0338668823242188
0.0530548095703125 -0.0192642211914063 0.0504226684570313 -0.0145606994628906
0.0561676025390625 -0.0359306335449219 0.0531997680664063 0.0162010192871094
0.0566749572753906 -0.0365715026855469 0.0583076477050781 0.0392723083496094
0.059967041015625 -0.0435714721679688 0.0674667358398438 0.0685615539550781
0.0598602294921875 -0.027313232421875 0.0465469360351563 0.0895233154296875
0.062744140625 -0.00471115112304688 0.01806640625 0.0916595458984375
0.0584182739257813 0.0088348388671875 -0.00332641601562499 0.069122314453125
0.0458641052246094 0.0437469482421875 -0.00237274169921874 0.0435791015625
0.0225639343261719 0.0575294494628906 0.0667228698730469 0.0354270935058594
-0.000431060791015623 0.056060791015625 0.15301513671875 0.124893188476563
-0.0556526184082031 0.0262298583984375 0.110054016113281 -0.0309371948242188
-0.0295486450195312 0.0311279296875 0.147216796875 -0.0071563720703125
-0.0107803344726562 0.0319480895996094 0.124969482421875 -0.0239715576171875
0.00833511352539063 0.0352325439453125 0.0994491577148438 -0.0380325317382813
0.0215606689453125 0.0380668640136719 0.0500259399414063 -0.0292549133300781
0.0569801330566406 0.0243072509765625 0.0333518981933594 -0.00296783447265625
0.073516845703125 -0.00388336181640625 0.0351524353027344 0.0311203002929688
0.0724639892578125 -0.00986480712890625 0.0389060974121094 0.0528221130371094
0.0805435180664062 -0.0174331665039062 0.0411605834960938 0.0810012817382813
0.0743865966796875 0.00025177001953125 0.018951416015625 0.0980224609375
0.0636672973632813 0.0238990783691406 -0.0054473876953125 0.0931549072265625
0.0476036071777344 0.0377311706542969 -0.0198822021484375 0.07318115234375
0.0178756713867188 0.0628738403320313 -0.0195732116699219 0.0487632751464844
-0.0216827392578125 0.0716476440429688 0.0494346618652344 0.05084228515625
-0.0534782409667969 0.0521354675292969 0.133689880371094 0.137504577636719
0.121185302734375 -0.0462875366210937 -0.107879638671875 -0.142120361328125
0.0346298217773437 -0.085052490234375 -0.0305023193359375 -0.0747528076171875
-0.00771331787109376 -0.074981689453125 0.0399856567382813 -0.0521392822265625
-0.0412063598632813 -0.058746337890625 0.0548019409179688 -0.079620361328125
-0.0545692443847656 -0.0362968444824219 0.0440521240234375 -0.0968475341796875
-0.08306884765625 -0.00982666015625001 0.00710296630859374 -0.111068725585937
-0.0885238647460938 0.00457763671875 -0.0188446044921875 -0.0976104736328125
-0.0834884643554688 -0.00328063964843751 -0.0180778503417969 -0.0663070678710938
-0.0921096801757813 -0.0139694213867188 -0.0161056518554688 -0.0339736938476563
-0.0693588256835938 -0.0488166809082031 -0.0233802795410156 0.0037078857421875
-0.0268325805664063 -0.0762100219726563 -0.03753662109375 0.0306053161621094
0.0145797729492188 -0.0716552734375 -0.072509765625 0.0307235717773438
0.0615348815917969 -0.0444869995117187 -0.107093811035156 0.0252304077148437
0.087005615234375 -0.0348129272460938 -0.124282836914062 0.0237274169921875
0.116355895996094 -0.01220703125 -0.0823516845703125 0.0380783081054687
0.14996337890625 -0.0208740234375 -0.052764892578125 -0.149627685546875
0.0681533813476563 -0.0664329528808594 0.0176315307617188 -0.0853652954101563
0.0282554626464844 -0.0657958984375 0.0746841430664062 -0.0612716674804688
-0.0085601806640625 -0.0633811950683594 0.0847625732421875 -0.0906143188476563
-0.0285568237304688 -0.0483779907226562 0.0689926147460938 -0.103080749511719
-0.0649299621582031 -0.0357627868652344 0.03448486328125 -0.116691589355469
-0.0796432495117188 -0.0271148681640625 0.0116043090820312 -0.102882385253906
-0.0764617919921875 -0.0332412719726562 0.0107231140136719 -0.0666656494140625
-0.0886306762695313 -0.0467758178710938 0.0144615173339844 -0.0298938751220703
-0.0635986328125 -0.0803375244140625 0.00283432006835937 0.0139694213867187
-0.00875854492187501 -0.106010437011719 -0.0151863098144531 0.0426597595214844
0.0439453125 -0.0957260131835938 -0.0477714538574219 0.0380363464355469
0.102371215820313 -0.04498291015625 -0.0717926025390625 0.034423828125
0.125831604003906 -0.0254364013671875 -0.0744705200195312 0.02862548828125
0.148773193359375 0.0054473876953125 -0.0272445678710937 0.0479927062988281
0.160171508789063 0.009796142578125 0.00712585449218753 -0.143600463867188
0.0956497192382813 -0.0337677001953125 0.071990966796875 -0.0830154418945312
0.067779541015625 -0.0456581115722656 0.112106323242187 -0.0622100830078125
0.0332756042480469 -0.06201171875 0.116523742675781 -0.0968246459960938
0.00536727905273437 -0.0576133728027344 0.0879745483398437 -0.104995727539063
-0.03656005859375 -0.0600929260253906 0.0552825927734375 -0.114608764648438
-0.0585784912109375 -0.0555915832519531 0.0368881225585937 -0.0963897705078125
-0.058746337890625 -0.0575180053710938 0.036956787109375 -0.0568351745605469
-0.073028564453125 -0.0715866088867187 0.0462074279785156 -0.0187416076660156
-0.0517196655273438 -0.0967788696289063 0.0306568145751953 0.0303058624267578
0.00524139404296874 -0.118919372558594 0.00877380371093749 0.057647705078125
0.0580368041992188 -0.10772705078125 -0.0248336791992188 0.0468940734863281
0.121414184570312 -0.0475692749023438 -0.0396041870117187 0.0410575866699219
0.143768310546875 -0.0189208984375 -0.0235328674316406 0.0289287567138672
0.1583251953125 0.01953125 0.0335540771484375 0.05950927734375
0.148834228515625 0.039581298828125 0.064788818359375 -0.124000549316406
0.109771728515625 0.00356292724609375 0.122108459472656 -0.0684814453125
0.102256774902344 -0.0194244384765625 0.14544677734375 -0.05706787109375
0.0732192993164062 -0.0552597045898437 0.139625549316406 -0.0952682495117188
0.0397224426269531 -0.0613288879394531 0.0984420776367188 -0.0976409912109375
-0.00315093994140625 -0.0764617919921875 0.068603515625 -0.100807189941406
-0.02972412109375 -0.0762405395507813 0.0552215576171875 -0.0775070190429688
-0.0315093994140625 -0.0732803344726563 0.0577278137207031 -0.0391006469726563
-0.0452728271484375 -0.0846939086914063 0.0711288452148438 -0.00220489501953126
-0.029144287109375 -0.0975418090820313 0.05474853515625 0.045806884765625
0.019287109375 -0.111351013183594 0.0290641784667969 0.0694313049316406
0.0626907348632812 -0.100471496582031 -0.00460433959960938 0.0541000366210938
0.12066650390625 -0.0408706665039063 -0.0128364562988281 0.0413970947265625
0.138671875 -0.008819580078125 0.0211906433105469 0.0238418579101562
0.145187377929688 0.03192138671875 0.0904541015625 0.0711669921875
0.1151123046875 0.059539794921875 0.110443115234375 -0.0967025756835938
0.102882385253906 0.0361862182617188 0.162002563476563 -0.0483245849609375
0.115463256835938 0.00750732421875 0.165740966796875 -0.0456085205078125
0.0984344482421875 -0.0399856567382813 0.148574829101563 -0.0839385986328125
0.0642204284667969 -0.0543670654296875 0.097015380859375 -0.0801010131835938
0.0269088745117187 -0.0794830322265625 0.0705337524414063 -0.0758590698242188
0.00209808349609376 -0.08270263671875 0.0649185180664063 -0.0496978759765625
0.000709533691406246 -0.0775299072265625 0.0691375732421875 -0.0150527954101563
-0.00907135009765626 -0.087188720703125 0.0855941772460937 0.0182952880859375
0.00200653076171876 -0.085479736328125 0.0681114196777344 0.05938720703125
0.0393218994140625 -0.08612060546875 0.0403594970703125 0.0768585205078125
0.067108154296875 -0.074127197265625 0.00799942016601563 0.0572662353515625
0.106658935546875 -0.0186767578125 0.00447845458984376 0.0377159118652344
0.113456726074219 0.0121994018554688 0.05572509765625 0.0172462463378906
0.110984802246094 0.0470733642578125 0.137443542480469 0.0842056274414063
0.0635757446289063 0.0655746459960938 0.137794494628906 -0.0688095092773438
0.072845458984375 0.0541839599609375 0.184417724609375 -0.0294342041015625
0.0991592407226562 0.0287933349609375 0.169265747070313 -0.0375213623046875
0.0969467163085937 -0.017059326171875 0.141708374023438 -0.0688629150390625
0.0708084106445313 -0.03424072265625 0.0847549438476563 -0.0579452514648438
0.0495948791503906 -0.0631179809570313 0.0642929077148438 -0.0448036193847656
0.033111572265625 -0.0744781494140625 0.0648918151855469 -0.0170211791992188
0.0329132080078125 -0.0694503784179688 0.0701255798339844 0.0108184814453125
0.0300674438476562 -0.0782012939453125 0.0845870971679688 0.0403289794921875
0.0370254516601563 -0.0647964477539063 0.0657958984375 0.07244873046875
0.0605392456054688 -0.0507431030273438 0.03765869140625 0.0818939208984375
0.072174072265625 -0.0344696044921875 0.01068115234375 0.0596275329589844
0.0853500366210938 0.0166397094726563 0.0111942291259766 0.0344429016113281
0.076080322265625 0.042633056640625 0.074951171875 0.0177154541015625
0.0605812072753906 0.0617942810058594 0.16534423828125 0.100677490234375
0.00301361083984375 0.0592079162597656 0.14117431640625 -0.0472412109375
0.0264511108398438 0.0570831298828125 0.182357788085937 -0.0176849365234375
0.0548820495605469 0.0405998229980469 0.155975341796875 -0.03240966796875
0.0669784545898438 0.0104293823242188 0.122390747070313 -0.0535812377929688
0.0589256286621094 -0.00101089477539063 0.0667495727539063 -0.0391387939453125
0.0632133483886719 -0.0299148559570313 0.050872802734375 -0.01727294921875
0.0604820251464844 -0.0510139465332031 0.0560951232910156 0.0128440856933594
0.0597419738769531 -0.0510940551757812 0.0599212646484375 0.0356292724609375
0.0638008117675781 -0.059417724609375 0.069183349609375 0.062652587890625
0.0658760070800781 -0.0397872924804688 0.0485153198242188 0.0848388671875
0.0755538940429688 -0.0143203735351562 0.0202865600585937 0.0858230590820312
0.0728302001953125 0.004974365234375 0.00162124633789064 0.0631217956542969
0.0597496032714844 0.0510177612304687 0.00507354736328126 0.0386924743652344
0.0316085815429688 0.0719223022460938 0.0762710571289063 0.030120849609375
0.00328063964843749 0.072113037109375 0.170135498046875 0.119964599609375
-0.057830810546875 0.043853759765625 0.120689392089844 -0.0368576049804688
-0.0272789001464844 0.0476150512695313 0.159042358398438 -0.0142364501953125
-0.003265380859375 0.0453758239746094 0.129928588867188 -0.0312118530273437
0.0214157104492187 0.0403518676757813 0.0979995727539063 -0.0447463989257813
0.0347557067871094 0.0367431640625 0.0463027954101562 -0.0296859741210937
0.068267822265625 0.0139999389648437 0.0323867797851563 -0.00128936767578125
0.0794525146484375 -0.0179519653320313 0.0369987487792969 0.0326423645019531
0.0775299072265625 -0.0252227783203125 0.0401115417480469 0.0544471740722656
0.0860671997070313 -0.0335540771484375 0.0433731079101563 0.0822525024414063
0.0819473266601563 -0.0135116577148438 0.0201263427734375 0.0962982177734375
0.0772018432617188 0.0166168212890625 -0.0044708251953125 0.0922164916992188
0.0640335083007813 0.0352249145507813 -0.0165557861328125 0.0709152221679687
0.0317459106445312 0.0732192993164063 -0.0124626159667969 0.0493316650390625
-0.0132522583007813 0.0888900756835938 0.0587272644042969 0.0511436462402344
-0.0528335571289062 0.072357177734375 0.150131225585938 0.140167236328125
0.122795104980469 -0.0684127807617188 -0.12823486328125 -0.150909423828125
0.0227890014648437 -0.0993270874023438 -0.0438156127929688 -0.0787429809570313
-0.0236053466796875 -0.0814895629882813 0.0371856689453125 -0.05517578125
-0.0583114624023437 -0.055084228515625 0.0538558959960937 -0.082916259765625
-0.0660820007324219 -0.0272407531738281 0.0446701049804687 -0.102737426757813
-0.0889663696289063 0.00630950927734374 0.00591278076171874 -0.118087768554687
-0.0909652709960938 0.0202789306640625 -0.0225296020507813 -0.105766296386719
-0.08697509765625 0.0101776123046875 -0.0215301513671875 -0.0737457275390625
-0.09844970703125 0.00167846679687498 -0.0191459655761719 -0.0412750244140625
-0.0797271728515625 -0.0382537841796875 -0.0216464996337891 -0.00121688842773438
-0.0419464111328125 -0.0739898681640625 -0.0356483459472656 0.0279006958007812
0.00141143798828126 -0.077972412109375 -0.0723495483398438 0.0334243774414063
0.0567169189453125 -0.060516357421875 -0.109138488769531 0.0314483642578125
0.0875930786132813 -0.055633544921875 -0.133163452148438 0.02984619140625
0.124969482421875 -0.0328521728515625 -0.0907821655273437 0.0401535034179688
0.156661987304688 -0.0390777587890625 -0.06982421875 -0.1658935546875
0.0616836547851562 -0.0791168212890625 0.00713348388671875 -0.0958786010742188
0.0172653198242188 -0.0720748901367187 0.0729522705078125 -0.0680999755859375
-0.0214691162109375 -0.0612258911132813 0.0846176147460938 -0.0991973876953125
-0.0371856689453125 -0.0422630310058594 0.0695953369140625 -0.112472534179688
-0.0705947875976563 -0.0243148803710938 0.0329132080078125 -0.128379821777344
-0.0827255249023438 -0.0157546997070312 0.00811767578125001 -0.115966796875
-0.0814590454101563 -0.0230865478515625 0.00716400146484375 -0.0784454345703125
-0.0964813232421875 -0.035980224609375 0.0125694274902344 -0.0421295166015625
-0.074676513671875 -0.07403564453125 0.00508737564086914 0.00564336776733398
-0.0225448608398438 -0.1083984375 -0.0118560791015625 0.0364265441894531
0.0332183837890625 -0.106185913085937 -0.0472373962402344 0.0364456176757813
0.10186767578125 -0.0628738403320312 -0.070831298828125 0.0361099243164062
0.132232666015625 -0.0446624755859375 -0.0790939331054687 0.0285263061523437
0.162139892578125 -0.0125579833984375 -0.0305976867675781 0.0429878234863281
0.171295166015625 -0.0018768310546875 -0.005096435546875 -0.165481567382813
0.095550537109375 -0.042572021484375 0.0647048950195313 -0.0980682373046875
0.0650444030761719 -0.0507583618164063 0.112823486328125 -0.0735244750976563
0.0265121459960938 -0.0631103515625 0.116981506347656 -0.109428405761719
0.000865936279296869 -0.0554428100585938 0.088897705078125 -0.1177978515625
-0.0393524169921875 -0.053680419921875 0.0536651611328125 -0.129074096679688
-0.0618515014648437 -0.0505294799804688 0.0332412719726562 -0.112396240234375
-0.0637779235839844 -0.0534515380859375 0.0342636108398437 -0.0710830688476562
-0.080169677734375 -0.0670852661132813 0.0450706481933594 -0.0329399108886719
-0.0607147216796875 -0.09588623046875 0.0333709716796875 0.0183887481689453
-0.00462341308593751 -0.125518798828125 0.0127601623535156 0.0484657287597656
0.0514068603515625 -0.119850158691406 -0.0223655700683594 0.0420379638671875
0.1263427734375 -0.0629730224609375 -0.0357551574707031 0.0376243591308594
0.153701782226563 -0.035400390625 -0.0236129760742187 0.0239906311035156
0.175094604492188 0.0067291259765625 0.0366096496582031 0.0501785278320313
0.162643432617188 0.0348358154296875 0.0588226318359375 -0.149002075195313
0.115966796875 -7.62939453125E-05 0.119956970214844 -0.0865936279296875
0.107818603515625 -0.023040771484375 0.148117065429688 -0.0704498291015625
0.0745620727539063 -0.0597610473632812 0.141220092773437 -0.110977172851562
0.0398712158203125 -0.064361572265625 0.0985260009765625 -0.111190795898438
-0.00508117675781251 -0.0781478881835938 0.0665435791015625 -0.115753173828125
-0.0333786010742188 -0.0788116455078125 0.0523529052734375 -0.0940628051757812
-0.0359649658203125 -0.0755462646484375 0.0550193786621094 -0.0535240173339844
-0.0522994995117188 -0.0879745483398438 0.0721893310546875 -0.0172882080078125
-0.0364456176757813 -0.101531982421875 0.0585784912109375 0.0326805114746094
0.0139007568359375 -0.120292663574219 0.0338287353515625 0.0590667724609375
0.0615997314453125 -0.112747192382813 -0.00122833251953125 0.046661376953125
0.129226684570313 -0.052093505859375 -0.00762748718261718 0.0345001220703125
0.150848388671875 -0.0195465087890625 0.0246143341064453 0.0135555267333984
0.162704467773438 0.0268707275390625 0.100006103515625 0.0591583251953125
0.129447937011719 0.06439208984375 0.111648559570313 -0.121749877929688
0.114311218261719 0.0389022827148438 0.166458129882813 -0.067840576171875
0.128196716308594 0.00708770751953125 0.170989990234375 -0.0608062744140625
0.107276916503906 -0.0464630126953125 0.150665283203125 -0.100143432617188
0.0690841674804687 -0.0616531372070312 0.0979537963867187 -0.0929031372070313
0.028228759765625 -0.0878219604492188 0.0694732666015625 -0.0891647338867188
-0.000122070312500001 -0.0927886962890625 0.0636177062988281 -0.0639991760253906
-0.00255584716796874 -0.0858917236328125 0.0678825378417969 -0.0272941589355469
-0.0139846801757812 -0.09674072265625 0.0868301391601563 0.00406646728515624
-0.00075531005859376 -0.0947418212890625 0.0708160400390625 0.0473098754882812
0.039886474609375 -0.097991943359375 0.0443115234375 0.06689453125
0.0720672607421875 -0.0853195190429688 0.0121498107910156 0.0486640930175781
0.118949890136719 -0.0242691040039062 0.0106296539306641 0.0291061401367188
0.12811279296875 0.0105819702148438 0.0616683959960938 0.00568008422851563
0.127037048339844 0.0497970581054688 0.15203857421875 0.0703887939453125
0.0758056640625 0.0772552490234375 0.144851684570313 -0.089813232421875
0.085906982421875 0.0633163452148438 0.193771362304688 -0.047119140625
0.1156005859375 0.0324020385742187 0.175933837890625 -0.0519561767578125
0.110389709472656 -0.02288818359375 0.143753051757813 -0.08355712890625
0.0802383422851563 -0.0425949096679688 0.085205078125 -0.0666351318359375
0.0532989501953125 -0.0762710571289063 0.063873291015625 -0.0535087585449219
0.0332565307617188 -0.089080810546875 0.0655746459960938 -0.0260543823242188
0.0309600830078125 -0.0832595825195313 0.0699081420898438 0.00281143188476562
0.0273284912109375 -0.0935287475585938 0.0862579345703125 0.0300979614257812
0.0379867553710938 -0.0781707763671875 0.0683441162109375 0.0625572204589844
0.0674285888671875 -0.0637092590332031 0.0396652221679688 0.0738296508789063
0.0835037231445313 -0.0444259643554688 0.0138587951660156 0.0513343811035156
0.100982666015625 0.0166473388671875 0.0168323516845703 0.0271453857421875
0.090911865234375 0.0494537353515625 0.0837631225585938 0.0066986083984375
0.0748672485351563 0.0734786987304688 0.18365478515625 0.0897674560546875
0.00946807861328125 0.0753631591796875 0.151763916015625 -0.0631561279296875
0.0366668701171875 0.0708999633789063 0.195053100585938 -0.0325469970703125
0.0715713500976562 0.0488204956054688 0.163009643554688 -0.0464935302734375
0.0832595825195313 0.00795745849609375 0.123641967773438 -0.0661239624023438
0.0714187622070313 -0.00868988037109375 0.0660400390625 -0.0443992614746094
0.070098876953125 -0.0443916320800781 0.051483154296875 -0.0213737487792969
0.0612106323242188 -0.0687141418457031 0.0569038391113281 0.00957107543945312
0.0599441528320313 -0.0679244995117188 0.0618019104003906 0.0320549011230469
0.0640716552734375 -0.07794189453125 0.0718612670898438 0.057952880859375
0.0703125 -0.0559463500976563 0.0492324829101563 0.0798263549804688
0.0873870849609375 -0.0268402099609375 0.0219497680664063 0.081817626953125
0.0882568359375 -0.00225830078125 0.00401306152343751 0.0577011108398438
0.0770111083984375 0.056915283203125 0.0109844207763672 0.0337409973144531
0.04681396484375 0.085723876953125 0.087249755859375 0.0225372314453125
0.0130233764648438 0.0900421142578125 0.19036865234375 0.114151000976563
-0.0574378967285156 0.0636367797851563 0.132316589355469 -0.046356201171875
-0.0222511291503906 0.0651321411132813 0.1708984375 -0.0250244140625
0.0086212158203125 0.0579071044921875 0.135337829589844 -0.0421295166015625
0.0369682312011719 0.0420875549316406 0.0973663330078125 -0.0528335571289063
0.0483856201171875 0.0331954956054688 0.0443305969238281 -0.0306777954101562
0.0780868530273438 0.00054168701171875 0.0328407287597656 0.0001983642578125
0.0839614868164062 -0.0355682373046875 0.0401229858398438 0.0352096557617188
0.0803909301757813 -0.0418548583984375 0.0430145263671875 0.0554389953613281
0.0883102416992188 -0.0530776977539063 0.0464553833007813 0.0839614868164063
0.087188720703125 -0.0302810668945313 0.0199432373046875 0.0962600708007813
0.0906524658203125 0.00324249267578125 -0.003997802734375 0.0919265747070312
0.0809783935546875 0.0292434692382813 -0.0137596130371094 0.0688095092773437
0.0486984252929687 0.0822677612304688 -0.00711441040039062 0.0484161376953125
3.81469726562537E-05 0.107177734375 0.06976318359375 0.0498695373535156
-0.0482864379882813 0.0929107666015625 0.17144775390625 0.1412353515625
0.118568420410156 -0.0947723388671875 -0.155014038085938 -0.15447998046875
0.00484466552734375 -0.112403869628906 -0.0591964721679688 -0.0790557861328125
-0.0430221557617188 -0.0847396850585937 0.0335693359375 -0.0570106506347656
-0.0755157470703125 -0.0461502075195313 0.0516128540039062 -0.0876312255859375
-0.0758132934570313 -0.0142364501953125 0.0439071655273437 -0.110595703125
-0.0903701782226563 0.0256805419921875 0.00214385986328124 -0.125503540039063
-0.089447021484375 0.0383987426757813 -0.029388427734375 -0.114898681640625
-0.0872421264648438 0.0272445678710937 -0.028472900390625 -0.0819473266601562
-0.100563049316406 0.020538330078125 -0.0253028869628906 -0.0482101440429688
-0.0881195068359375 -0.023773193359375 -0.0223369598388672 -0.00668525695800781
-0.0577011108398437 -0.0673027038574219 -0.0346145629882813 0.0258350372314453
-0.0152130126953125 -0.0810699462890625 -0.0730667114257812 0.037322998046875
0.0462875366210937 -0.0776901245117188 -0.111839294433594 0.03887939453125
0.081756591796875 -0.0787734985351563 -0.142547607421875 0.039886474609375
0.128433227539063 -0.0582733154296875 -0.0983657836914062 0.0460433959960938
0.159881591796875 -0.0620880126953125 -0.0958709716796875 -0.179824829101562
0.0504074096679688 -0.0913543701171875 -0.00803375244140626 -0.105224609375
0.00411224365234374 -0.0758514404296875 0.069305419921875 -0.0769424438476563
-0.0346107482910156 -0.0563621520996094 0.0828857421875 -0.109832763671875
-0.04449462890625 -0.032257080078125 0.0670623779296875 -0.125587463378906
-0.0722122192382812 -0.00959014892578125 0.027557373046875 -0.141143798828125
-0.084075927734375 -0.00318145751953124 -0.000541687011718766 -0.130561828613281
-0.0845184326171875 -0.0113449096679688 -0.000236511230468757 -0.0906448364257813
-0.101814270019531 -0.0225448608398437 0.00647354125976562 -0.0539588928222656
-0.0851669311523438 -0.0646133422851563 0.00516939163208007 -0.00382757186889649
-0.0377044677734375 -0.107887268066406 -0.0107936859130859 0.0295009613037109
0.01898193359375 -0.115333557128906 -0.0462875366210938 0.0349922180175781
0.0982208251953125 -0.082000732421875 -0.0700950622558594 0.0370979309082031
0.133827209472656 -0.0689468383789063 -0.0849761962890625 0.031158447265625
0.172882080078125 -0.0363311767578125 -0.03466796875 0.0402641296386719
0.181549072265625 -0.0190582275390625 -0.02593994140625 -0.187164306640625
0.093292236328125 -0.0527420043945312 0.0523681640625 -0.113594055175781
0.0607986450195313 -0.05584716796875 0.110969543457031 -0.087158203125
0.0195083618164062 -0.0633277893066406 0.114837646484375 -0.125534057617188
-0.0021209716796875 -0.0512962341308594 0.0850372314453125 -0.133308410644531
-0.0423469543457031 -0.0473289489746094 0.0473785400390625 -0.146011352539063
-0.0655899047851563 -0.0457725524902344 0.0237197875976562 -0.130470275878906
-0.0686836242675781 -0.048004150390625 0.026641845703125 -0.0863494873046875
-0.088653564453125 -0.06048583984375 0.0393486022949219 -0.0488357543945313
-0.07183837890625 -0.0925674438476563 0.0339717864990234 0.00572776794433593
-0.0188674926757813 -0.129768371582031 0.0151214599609375 0.0392417907714844
0.04083251953125 -0.132171630859375 -0.0213165283203125 0.0367202758789062
0.126472473144531 -0.0820846557617188 -0.0332717895507813 0.0335979461669922
0.160690307617188 -0.05657958984375 -0.0260181427001953 0.0177650451660156
0.191024780273437 -0.0123748779296875 0.0374908447265625 0.0392112731933594
0.178131103515625 0.026031494140625 0.0435943603515625 -0.175857543945313
0.122550964355469 -0.00634002685546875 0.113044738769531 -0.107322692871094
0.113540649414063 -0.0293731689453125 0.148101806640625 -0.087188720703125
0.0747299194335937 -0.06610107421875 0.139244079589844 -0.130264282226562
0.04083251953125 -0.0669784545898438 0.09576416015625 -0.128211975097656
-0.00797271728515625 -0.080230712890625 0.0599212646484375 -0.133903503417969
-0.0384292602539062 -0.0810394287109375 0.04302978515625 -0.112640380859375
-0.0421218872070313 -0.078033447265625 0.0487518310546875 -0.0684356689453125
-0.0608673095703125 -0.089324951171875 0.0677680969238281 -0.0337753295898438
-0.04547119140625 -0.104522705078125 0.0582771301269531 0.0187568664550781
0.0049591064453125 -0.129768371582031 0.0359764099121094 0.0473861694335937
0.0560073852539063 -0.127967834472656 0.000118255615234382 0.0376167297363281
0.134872436523438 -0.068634033203125 -0.0041217803955078 0.0259151458740234
0.162094116210938 -0.034881591796875 0.0257377624511719 0.00194931030273437
0.181411743164063 0.0150299072265625 0.107330322265625 0.0421218872070313
0.147964477539063 0.064117431640625 0.1043701171875 -0.149703979492188
0.128410339355469 0.0383377075195313 0.165023803710937 -0.090087890625
0.14324951171875 0.000823974609375 0.173553466796875 -0.079986572265625
0.114456176757812 -0.0577468872070312 0.148605346679688 -0.120529174804688
0.0736541748046875 -0.070526123046875 0.0948104858398438 -0.107963562011719
0.0254974365234375 -0.0972366333007812 0.0646820068359375 -0.104408264160156
-0.00699615478515625 -0.10321044921875 0.0571823120117188 -0.0793533325195313
-0.00855255126953126 -0.095428466796875 0.0631027221679688 -0.0401115417480469
-0.0220947265625 -0.106452941894531 0.08465576171875 -0.0104446411132813
-0.0077972412109375 -0.10498046875 0.07177734375 0.0340118408203125
0.0367813110351563 -0.111083984375 0.0459365844726563 0.0562896728515625
0.0736923217773438 -0.100410461425781 0.0124702453613281 0.0385475158691406
0.1312255859375 -0.0352401733398438 0.0140590667724609 0.0178108215332031
0.14337158203125 0.002777099609375 0.0661048889160156 -0.0105056762695312
0.147506713867188 0.04779052734375 0.165771484375 0.0513458251953125
0.0939407348632813 0.08648681640625 0.146148681640625 -0.117752075195313
0.104156494140625 0.0692214965820313 0.199050903320313 -0.071044921875
0.135627746582031 0.030242919921875 0.180343627929688 -0.0720672607421875
0.1241455078125 -0.03533935546875 0.142623901367188 -0.101943969726562
0.08837890625 -0.0550308227539063 0.08306884765625 -0.0785369873046875
0.0532760620117188 -0.0923385620117187 0.0611801147460938 -0.0656547546386719
0.0266876220703125 -0.1058349609375 0.0628547668457031 -0.037933349609375
0.0251846313476563 -0.0984115600585938 0.0680503845214844 -0.00580215454101563
0.019500732421875 -0.11041259765625 0.0869293212890625 0.0191879272460937
0.034454345703125 -0.0935592651367188 0.0685195922851563 0.053497314453125
0.0703125 -0.0802154541015625 0.0406761169433594 0.0655860900878906
0.0921249389648438 -0.0595932006835938 0.0147705078125 0.0420417785644531
0.118148803710938 0.0127182006835938 0.0206298828125 0.0163402557373047
0.11029052734375 0.051483154296875 0.0909347534179688 -0.0089263916015625
0.0933914184570313 0.0812606811523438 0.202560424804688 0.0719146728515625
0.0234527587890625 0.091888427734375 0.159149169921875 -0.0859527587890625
0.0539627075195313 0.082855224609375 0.20526123046875 -0.0538177490234375
0.09259033203125 0.0524826049804688 0.16680908203125 -0.0639801025390625
0.0996627807617188 -0.001220703125 0.122932434082031 -0.080108642578125
0.0825958251953125 -0.020721435546875 0.0642433166503906 -0.0500717163085937
0.0732269287109375 -0.063323974609375 0.0514411926269531 -0.0261688232421875
0.0582809448242188 -0.0887832641601563 0.0593338012695313 0.00349807739257812
0.0559616088867187 -0.086395263671875 0.0630111694335938 0.0286140441894531
0.0582733154296875 -0.0994949340820313 0.07452392578125 0.0529327392578125
0.0692977905273438 -0.0759429931640625 0.0490341186523438 0.0750808715820313
0.0953292846679688 -0.045440673828125 0.0230331420898438 0.0778121948242188
0.10308837890625 -0.0163040161132813 0.00537109375000001 0.0506668090820313
0.0985336303710937 0.0575332641601562 0.0157279968261719 0.0251197814941406
0.0678024291992188 0.096282958984375 0.0977325439453125 0.0109710693359375
0.029541015625 0.106903076171875 0.213211059570313 0.100814819335938
-0.0494308471679688 0.0850753784179687 0.142303466796875 -0.06182861328125
-0.0098876953125 0.0821304321289062 0.183212280273438 -0.041168212890625
0.0266838073730469 0.068145751953125 0.138351440429688 -0.0565872192382813
0.0542831420898437 0.0392303466796875 0.0952529907226563 -0.0610885620117188
0.0616340637207031 0.0251197814941406 0.0430374145507813 -0.0307350158691406
0.0847091674804688 -0.0176849365234375 0.0342540740966797 0.00151824951171875
0.0829696655273438 -0.0564727783203125 0.045135498046875 0.0363960266113281
0.0783843994140625 -0.0618438720703125 0.0467453002929688 0.0578536987304687
0.084259033203125 -0.0755386352539063 0.05133056640625 0.085357666015625
0.0883102416992188 -0.050933837890625 0.0211563110351563 0.097900390625
0.101455688476563 -0.0145416259765625 -0.00274658203124999 0.093597412109375
0.0978927612304688 0.0167083740234375 -0.0115203857421875 0.0659980773925781
0.07086181640625 0.0864639282226563 -0.00224304199218749 0.0460128784179688
0.0197982788085938 0.122787475585938 0.0831298828125 0.0447463989257813
-0.0366058349609375 0.115425109863281 0.196502685546875 0.136444091796875
0.105453491210938 -0.11981201171875 -0.184890747070312 -0.14739990234375
-0.0185470581054688 -0.118438720703125 -0.0761642456054688 -0.0733489990234375
-0.0638351440429688 -0.0801773071289063 0.028900146484375 -0.0592727661132813
-0.08978271484375 -0.029998779296875 0.0476150512695312 -0.0923385620117188
-0.0803756713867188 0.00320434570312502 0.03826904296875 -0.118522644042969
-0.0847930908203125 0.04571533203125 -0.00531768798828126 -0.13189697265625
-0.0811080932617188 0.0564117431640625 -0.04046630859375 -0.121284484863281
-0.0820770263671875 0.0444488525390625 -0.0380172729492188 -0.0870437622070313
-0.095947265625 0.0416793823242188 -0.0337295532226563 -0.0531005859375
-0.0918807983398438 -0.00617980957031251 -0.0249099731445313 -0.0115528106689453
-0.0718841552734375 -0.0544204711914062 -0.0349750518798828 0.0227127075195312
-0.033294677734375 -0.0781173706054687 -0.071380615234375 0.0409164428710937
0.0295028686523437 -0.0909576416015625 -0.110519409179687 0.0476608276367188
0.0673065185546875 -0.100364685058594 -0.146240234375 0.054962158203125
0.121749877929688 -0.0864028930664063 -0.104087829589844 0.056060791015625
0.154449462890625 -0.08746337890625 -0.128738403320313 -0.182891845703125
0.0337753295898437 -0.100120544433594 -0.0276260375976562 -0.107315063476563
-0.0110855102539062 -0.0756378173828125 0.0621719360351563 -0.0846176147460938
-0.0463104248046875 -0.0454864501953125 0.0750885009765625 -0.120109558105469
-0.0480117797851563 -0.0198822021484375 0.0588150024414063 -0.137351989746094
-0.0688056945800781 0.00563430786132814 0.0169677734375 -0.152267456054688
-0.0803375244140625 0.0108642578125 -0.0149383544921875 -0.141525268554688
-0.08282470703125 0.00254058837890625 -0.0127105712890625 -0.100296020507813
-0.102523803710937 -0.00637054443359375 -0.00448989868164062 -0.0642814636230469
-0.0925369262695312 -0.0513153076171875 0.000942230224609371 -0.0140800476074219
-0.0533981323242187 -0.101005554199219 -0.0107898712158203 0.0226459503173828
0.00138854980468751 -0.119094848632813 -0.0459938049316406 0.0335235595703125
0.086456298828125 -0.100509643554688 -0.0679740905761719 0.0384483337402344
0.126312255859375 -0.0942230224609375 -0.0892486572265625 0.0359268188476563
0.174758911132813 -0.0658416748046875 -0.0395317077636719 0.0393104553222656
0.185531616210938 -0.0410919189453125 -0.0573272705078125 -0.201156616210938
0.0861587524414063 -0.0625991821289063 0.0333251953125 -0.124740600585938
0.0540695190429688 -0.0603981018066406 0.102989196777344 -0.100212097167969
0.0116996765136719 -0.0604743957519531 0.104827880859375 -0.141983032226563
-0.00496673583984375 -0.0460853576660156 0.07550048828125 -0.148651123046875
-0.0426979064941406 -0.0391998291015625 0.0339202880859375 -0.160171508789063
-0.0674552917480469 -0.0382919311523437 0.0072784423828125 -0.144363403320313
-0.0717544555664062 -0.0407791137695313 0.0132217407226563 -0.0982284545898437
-0.0946578979492188 -0.050994873046875 0.02862548828125 -0.0624046325683594
-0.0819549560546875 -0.0844802856445312 0.0296878814697266 -0.00767517089843751
-0.034820556640625 -0.129219055175781 0.0135498046875 0.0285816192626953
0.0245819091796875 -0.141677856445313 -0.0225372314453125 0.0306491851806641
0.120620727539062 -0.102325439453125 -0.0316276550292969 0.02801513671875
0.159515380859375 -0.081634521484375 -0.0296077728271484 0.0130691528320313
0.199478149414062 -0.03936767578125 0.0355415344238281 0.0281410217285156
0.19134521484375 0.0099334716796875 0.017730712890625 -0.19757080078125
0.127479553222656 -0.0158538818359375 0.0971450805664062 -0.126312255859375
0.117012023925781 -0.03857421875 0.141326904296875 -0.105560302734375
0.0715560913085938 -0.0728302001953125 0.128616333007813 -0.150039672851563
0.0390892028808594 -0.0702857971191406 0.08526611328125 -0.144363403320313
-0.0114059448242187 -0.0805282592773438 0.0462646484375 -0.149337768554688
-0.0459442138671875 -0.0819091796875 0.0277481079101562 -0.127273559570313
-0.0491485595703125 -0.0774765014648438 0.0361480712890625 -0.0812149047851563
-0.0717391967773437 -0.0872268676757813 0.0571403503417969 -0.0495414733886719
-0.0569229125976562 -0.104286193847656 0.05389404296875 0.00432205200195312
-0.00855255126953124 -0.135604858398438 0.0339775085449219 0.0361289978027344
0.0444259643554687 -0.140144348144531 -0.00269699096679687 0.02886962890625
0.135231018066406 -0.0879898071289063 -0.00371265411376952 0.0152988433837891
0.167709350585938 -0.0550689697265625 0.0226383209228516 -0.0112934112548828
0.196563720703125 -0.004791259765625 0.109794616699219 0.021942138671875
0.167617797851563 0.056121826171875 0.0858917236328125 -0.176620483398437
0.142669677734375 0.0312957763671875 0.155410766601563 -0.115219116210938
0.156661987304687 -0.010711669921875 0.168701171875 -0.101608276367188
0.117401123046875 -0.0718307495117188 0.139511108398438 -0.141006469726563
0.0742568969726563 -0.0817718505859375 0.08538818359375 -0.122367858886719
0.0193023681640625 -0.10711669921875 0.0527801513671875 -0.119529724121094
-0.0173110961914063 -0.111068725585938 0.04400634765625 -0.0931930541992188
-0.0194931030273438 -0.102462768554688 0.0540847778320312 -0.0519294738769531
-0.036224365234375 -0.112770080566406 0.077392578125 -0.0259170532226563
-0.0189208984375 -0.111892700195313 0.0679664611816406 0.0200958251953125
0.0279769897460937 -0.123764038085938 0.043792724609375 0.0445976257324219
0.0687255859375 -0.1170654296875 0.00938224792480469 0.0286617279052734
0.138916015625 -0.0507888793945313 0.0137872695922852 0.00482082366943359
0.156829833984375 -0.0110626220703125 0.064300537109375 -0.0284996032714844
0.166473388671875 0.0373077392578125 0.172149658203125 0.0261383056640625
0.1162109375 0.0876312255859375 0.136749267578125 -0.145278930664063
0.12445068359375 0.06768798828125 0.195388793945313 -0.0980377197265625
0.156280517578125 0.0199737548828125 0.176361083984375 -0.0946807861328125
0.132789611816406 -0.052520751953125 0.133995056152344 -0.120590209960938
0.0921554565429688 -0.0712051391601562 0.0759124755859375 -0.0896759033203125
0.0467529296875 -0.108512878417969 0.0537567138671875 -0.0763702392578125
0.0138320922851562 -0.120826721191406 0.0556106567382813 -0.0488090515136719
0.0132904052734375 -0.111679077148438 0.0636062622070313 -0.014801025390625
0.00469970703125 -0.123741149902344 0.0827789306640625 0.00693511962890624
0.0248870849609375 -0.108512878417969 0.0656661987304688 0.0425834655761719
0.0672683715820313 -0.0990447998046875 0.0393295288085938 0.0565414428710937
0.0954208374023438 -0.0783767700195313 0.0116558074951172 0.0324611663818359
0.135002136230469 0.00066375732421875 0.0204334259033203 0.00354576110839844
0.130950927734375 0.0459976196289063 0.092010498046875 -0.0283355712890625
0.115913391113281 0.0817947387695312 0.215911865234375 0.0452423095703125
0.044464111328125 0.103073120117188 0.156906127929688 -0.112106323242188
0.0751876831054688 0.08837890625 0.207382202148438 -0.0805816650390625
0.115447998046875 0.047576904296875 0.163650512695313 -0.084259033203125
0.113388061523437 -0.0165328979492188 0.114906311035156 -0.0941619873046875
0.0899581909179688 -0.0372772216796875 0.0592765808105469 -0.05645751953125
0.0689544677734375 -0.083282470703125 0.0479393005371094 -0.0319480895996094
0.0459136962890625 -0.108177185058594 0.0584640502929688 -0.00289916992187501
0.0442276000976563 -0.103897094726563 0.0629692077636719 0.0236129760742187
0.0436553955078125 -0.118400573730469 0.0756607055664063 0.0459747314453125
0.0610198974609375 -0.0948562622070313 0.0485877990722656 0.0699653625488281
0.0974197387695313 -0.0678024291992188 0.022705078125 0.0738067626953125
0.111648559570313 -0.03656005859375 0.00477600097656251 0.0433540344238281
0.121223449707031 0.0500717163085938 0.0173988342285156 0.016087532043457
0.0936050415039063 0.0987701416015625 0.103759765625 -0.00646972656249999
0.052215576171875 0.117195129394531 0.233749389648437 0.0776824951171875
-0.0338821411132812 0.104713439941406 0.1448974609375 -0.0820159912109375
0.00856781005859375 0.0954742431640625 0.188674926757813 -0.063232421875
0.048065185546875 0.0713577270507813 0.135978698730469 -0.0724334716796875
0.070892333984375 0.0292434692382813 0.0900344848632813 -0.0700912475585938
0.07269287109375 0.0121688842773438 0.0402679443359375 -0.031036376953125
0.0846328735351563 -0.0391006469726563 0.0369491577148438 0.00188446044921875
0.0746078491210938 -0.0777740478515625 0.0499000549316406 0.0354995727539062
0.0684661865234375 -0.0811996459960938 0.0521621704101563 0.0582695007324219
0.0723724365234375 -0.0972671508789063 0.0567474365234375 0.0847549438476563
0.0817337036132813 -0.0725631713867188 0.0230255126953125 0.0990524291992188
0.105758666992188 -0.0372772216796875 -0.000747680664062488 0.0939178466796875
0.109298706054688 -0.0030059814453125 -0.0102157592773438 0.063385009765625
0.0953521728515625 0.0819244384765625 0.00268554687500001 0.0412139892578125
0.0466766357421875 0.130424499511719 0.0946273803710938 0.0334548950195313
-0.01544189453125 0.133628845214844 0.2225341796875 0.121047973632813
0.0833587646484375 -0.138313293457031 -0.209243774414063 -0.12994384765625
-0.0423507690429688 -0.115219116210937 -0.0889663696289063 -0.0615692138671875
-0.0822067260742188 -0.0685958862304687 0.0228347778320313 -0.0585174560546875
-0.0963516235351563 -0.0104293823242187 0.0425796508789062 -0.0942001342773438
-0.078125 0.020538330078125 0.0306854248046875 -0.12286376953125
-0.0722427368164063 0.0616607666015625 -0.0141983032226563 -0.134651184082031
-0.0672225952148438 0.0692253112792969 -0.0520553588867188 -0.122116088867188
-0.069854736328125 0.0576133728027344 -0.0487060546875 -0.088287353515625
-0.083038330078125 0.0577545166015625 -0.0429115295410156 -0.0538101196289063
-0.0882492065429687 0.0113143920898438 -0.0286617279052734 -0.0153541564941406
-0.0783157348632813 -0.0375137329101562 -0.0352897644042969 0.0205268859863281
-0.0486068725585938 -0.06890869140625 -0.0677413940429687 0.0438194274902344
0.00902557373046875 -0.096954345703125 -0.105857849121094 0.0542984008789063
0.0459213256835938 -0.114341735839844 -0.144638061523438 0.06927490234375
0.106399536132813 -0.109367370605469 -0.1048583984375 0.0659866333007812
0.139625549316406 -0.108551025390625 -0.158660888671875 -0.174240112304688
0.01458740234375 -0.101425170898438 -0.0463485717773438 -0.103134155273438
-0.0250358581542969 -0.0687713623046875 0.0528945922851563 -0.0885696411132812
-0.0526809692382812 -0.0308265686035156 0.0651168823242188 -0.126930236816406
-0.0464515686035156 -0.00677108764648438 0.0464630126953125 -0.144454956054688
-0.0601463317871094 0.0182609558105469 0.003265380859375 -0.15777587890625
-0.0716629028320313 0.0219039916992188 -0.0323944091796875 -0.14569091796875
-0.0761032104492188 0.013885498046875 -0.0278778076171875 -0.104583740234375
-0.096343994140625 0.00978088378906251 -0.0180702209472656 -0.069305419921875
-0.0938873291015625 -0.0361328125 -0.00605773925781251 -0.0216941833496094
-0.0655517578125 -0.0888137817382812 -0.0141887664794922 0.016575813293457
-0.0167465209960937 -0.115707397460938 -0.0459785461425781 0.031982421875
0.068328857421875 -0.113410949707031 -0.0662117004394531 0.0377159118652344
0.1092529296875 -0.113853454589844 -0.0911636352539062 0.0410385131835937
0.165206909179688 -0.093170166015625 -0.0439720153808594 0.0392379760742187
0.180145263671875 -0.0626678466796875 -0.0908966064453125 -0.201141357421875
0.075958251953125 -0.0689773559570313 0.0110855102539063 -0.128517150878906
0.0458869934082031 -0.0618209838867187 0.0910263061523437 -0.109481811523437
0.0059051513671875 -0.0538864135742188 0.0905609130859375 -0.15228271484375
-0.00573348999023437 -0.0398330688476563 0.060760498046875 -0.158447265625
-0.039276123046875 -0.0320968627929688 0.0168914794921875 -0.16815185546875
-0.066650390625 -0.0308074951171875 -0.0127105712890625 -0.150543212890625
-0.0715408325195312 -0.032562255859375 -0.0036773681640625 -0.104652404785156
-0.0956954956054688 -0.0392684936523437 0.0126800537109375 -0.0708999633789063
-0.0881118774414063 -0.0735855102539063 0.0209674835205078 -0.0178031921386719
-0.048736572265625 -0.122543334960938 0.00824928283691406 0.0195941925048828
0.00671386718749999 -0.143875122070313 -0.0249786376953125 0.0251903533935547
0.107040405273438 -0.118476867675781 -0.0316410064697266 0.0213356018066406
0.149368286132813 -0.103286743164063 -0.0346393585205078 0.00831413269042969
0.197906494140625 -0.0667877197265625 0.0296401977539063 0.0176944732666016
0.196578979492188 -0.0091400146484375 -0.0147705078125 -0.206863403320313
0.126968383789063 -0.0259246826171875 0.0758209228515625 -0.136970520019531
0.116493225097656 -0.0482559204101563 0.1280517578125 -0.119071960449219
0.0670013427734375 -0.07696533203125 0.112030029296875 -0.162704467773438
0.0368194580078125 -0.072418212890625 0.06964111328125 -0.154739379882813
-0.014801025390625 -0.0798873901367188 0.0276336669921875 -0.158172607421875
-0.052032470703125 -0.0797500610351563 0.00786590576171876 -0.135345458984375
-0.0550613403320313 -0.0744094848632813 0.0203628540039062 -0.0887680053710938
-0.0797119140625 -0.081146240234375 0.0418510437011719 -0.0599403381347656
-0.0666732788085938 -0.0992660522460937 0.0448722839355469 -0.00783920288085938
-0.0226821899414062 -0.135948181152344 0.0275974273681641 0.0254993438720703
0.02923583984375 -0.147415161132813 -0.00781059265136718 0.0208835601806641
0.128059387207031 -0.104377746582031 -0.0070514678955078 0.00481081008911132
0.165328979492188 -0.076324462890625 0.0148239135742188 -0.0228614807128906
0.2017822265625 -0.0279388427734375 0.104248046875 0.0024871826171875
0.181991577148438 0.0422210693359375 0.05841064453125 -0.193572998046875
0.15203857421875 0.019927978515625 0.13665771484375 -0.133468627929688
0.163909912109375 -0.0260467529296875 0.15533447265625 -0.11865234375
0.114707946777344 -0.0851593017578125 0.122756958007813 -0.155548095703125
0.0718612670898437 -0.0916824340820312 0.0716629028320313 -0.132308959960938
0.01068115234375 -0.113059997558594 0.0368804931640625 -0.127540588378906
-0.030242919921875 -0.115425109863281 0.0273971557617187 -0.101020812988281
-0.0306854248046875 -0.1048583984375 0.0414466857910156 -0.0591583251953125
-0.05023193359375 -0.113037109375 0.0645942687988281 -0.0369110107421875
-0.0311737060546875 -0.11395263671875 0.0593414306640625 0.00905990600585937
0.0156707763671875 -0.131629943847656 0.03717041015625 0.0345649719238281
0.0587005615234375 -0.129165649414063 0.00284004211425782 0.0194511413574219
0.140548706054688 -0.0679931640625 0.00862503051757814 -0.00731468200683594
0.163528442382813 -0.0278167724609375 0.0559768676757813 -0.0450973510742187
0.17938232421875 0.021331787109375 0.168975830078125 -1.52587890624987E-05
0.136466979980469 0.0820388793945313 0.116104125976563 -0.16705322265625
0.141830444335937 0.05902099609375 0.181671142578125 -0.12188720703125
0.170989990234375 0.003173828125 0.164581298828125 -0.11248779296875
0.134269714355469 -0.0716934204101563 0.118888854980469 -0.133819580078125
0.0903472900390625 -0.0871353149414063 0.0654067993164063 -0.0968246459960938
0.0355148315429688 -0.120773315429687 0.0428237915039063 -0.0829391479492188
-0.00321960449218751 -0.129188537597656 0.04498291015625 -0.0562400817871094
-0.00203704833984375 -0.119132995605469 0.0562591552734375 -0.0210380554199219
-0.0133895874023438 -0.130569458007813 0.0742568969726563 -0.00258636474609376
0.0107498168945312 -0.117218017578125 0.0586776733398438 0.0339088439941406
0.0576324462890625 -0.114677429199219 0.0344085693359375 0.0490493774414062
0.091033935546875 -0.09613037109375 0.00536346435546876 0.0244159698486328
0.145645141601563 -0.0158233642578125 0.0158462524414063 -0.0084676742553711
0.147720336914063 0.0330963134765625 0.0861740112304688 -0.0470352172851563
0.136116027832031 0.0739517211914063 0.217559814453125 0.0154571533203125
0.067230224609375 0.106163024902344 0.144638061523438 -0.134170532226563
0.0966949462890625 0.0857391357421875 0.198257446289063 -0.105148315429687
0.135002136230469 0.0344696044921875 0.153106689453125 -0.101104736328125
0.120140075683594 -0.0360260009765625 0.103378295898438 -0.1044921875
0.0907211303710938 -0.054840087890625 0.0533943176269531 -0.0592384338378906
0.057830810546875 -0.100090026855469 0.0438575744628906 -0.0361824035644531
0.0283432006835938 -0.121429443359375 0.055389404296875 -0.00828552246093751
0.02728271484375 -0.115928649902344 0.061370849609375 0.019195556640625
0.023223876953125 -0.130821228027344 0.0728607177734375 0.0390243530273437
0.0466461181640625 -0.108871459960938 0.0457649230957031 0.0652503967285156
0.0888595581054688 -0.0882720947265625 0.0203704833984375 0.0688934326171875
0.112129211425781 -0.0578842163085938 0.000389099121093753 0.037506103515625
0.138473510742187 0.0351104736328125 0.0160455703735352 0.00614452362060547
0.117698669433594 0.0913009643554688 0.102691650390625 -0.0248947143554687
0.0769195556640625 0.118034362792969 0.24224853515625 0.0491943359375
-0.01226806640625 0.116233825683594 0.140579223632813 -0.100112915039062
0.0303497314453125 0.100379943847656 0.184478759765625 -0.08465576171875
0.06939697265625 0.0665550231933594 0.126800537109375 -0.0852508544921875
0.0822601318359375 0.0146102905273438 0.0816192626953125 -0.0748672485351563
0.0775299072265625 -0.00424957275390625 0.0375709533691406 -0.0303573608398438
0.0772781372070313 -0.057708740234375 0.0380744934082031 0.00119781494140625
0.058746337890625 -0.0939102172851562 0.0542373657226563 0.0327568054199219
0.0529327392578125 -0.0950241088867188 0.0568351745605469 0.0565147399902344
0.0527725219726562 -0.112464904785156 0.0612869262695313 0.0813064575195313
0.0674362182617188 -0.0892486572265625 0.0248947143554688 0.0994186401367188
0.100013732910156 -0.0596160888671875 0.000572204589843751 0.0934677124023438
0.113197326660156 -0.024932861328125 -0.0102500915527344 0.0598716735839844
0.115730285644531 0.068756103515625 0.00582313537597657 0.0351047515869141
0.0737457275390625 0.128135681152344 0.100852966308594 0.0179214477539063
0.00971984863281249 0.142669677734375 0.23846435546875 0.0962677001953125
0.0602264404296875 -0.146820068359375 -0.22259521484375 -0.109100341796875
-0.060394287109375 -0.105522155761719 -0.0957794189453125 -0.0479278564453125
-0.0935897827148438 -0.0535354614257812 0.0196266174316406 -0.0558128356933594
-0.0955657958984375 0.0078277587890625 0.0393295288085938 -0.093658447265625
-0.0707626342773438 0.0340805053710938 0.024658203125 -0.124221801757813
-0.057159423828125 0.071075439453125 -0.0201568603515625 -0.13446044921875
-0.0519256591796875 0.0758819580078125 -0.0609359741210938 -0.120246887207031
-0.0556907653808594 0.0645866394042969 -0.0567550659179687 -0.0869369506835938
-0.067230224609375 0.0670547485351562 -0.0496711730957031 -0.0523185729980469
-0.0787506103515625 0.0240020751953125 -0.032867431640625 -0.0186138153076172
-0.078643798828125 -0.0215682983398438 -0.0366592407226563 0.017852783203125
-0.05767822265625 -0.0566482543945313 -0.06463623046875 0.043304443359375
-0.0092926025390625 -0.0955810546875 -0.100143432617188 0.0569915771484375
0.0247268676757813 -0.11883544921875 -0.139862060546875 0.0786056518554688
0.0861282348632813 -0.123245239257813 -0.102851867675781 0.072845458984375
0.121932983398438 -0.120956420898438 -0.179718017578125 -0.15887451171875
-0.000991821289062493 -0.0960311889648438 -0.0601577758789063 -0.0935440063476562
-0.0347480773925781 -0.0590553283691406 0.04437255859375 -0.0884552001953125
-0.0535011291503906 -0.0166893005371094 0.05609130859375 -0.12750244140625
-0.0409584045410156 0.00338363647460938 0.03704833984375 -0.146194458007812
-0.0487136840820313 0.0257072448730469 -0.00778198242187499 -0.158721923828125
-0.0612602233886719 0.02789306640625 -0.047210693359375 -0.144699096679688
-0.0662918090820313 0.0208969116210938 -0.0400924682617188 -0.10400390625
-0.0862503051757812 0.0193099975585937 -0.0299072265625 -0.0696182250976563
-0.0895233154296875 -0.0235977172851563 -0.0137348175048828 -0.026611328125
-0.07012939453125 -0.075103759765625 -0.0190925598144531 0.0117378234863281
-0.02886962890625 -0.107734680175781 -0.0474739074707031 0.0289497375488281
0.0510177612304687 -0.117111206054688 -0.0649032592773437 0.0351295471191406
0.0900650024414063 -0.124313354492188 -0.0914154052734375 0.044189453125
0.149810791015625 -0.111526489257812 -0.0473709106445312 0.0398445129394531
0.170425415039063 -0.077239990234375 -0.117156982421875 -0.191986083984375
0.0657958984375 -0.0697288513183594 -0.00719451904296873 -0.124076843261719
0.039642333984375 -0.0596275329589844 0.0788040161132813 -0.112113952636719
0.00286865234375 -0.0469932556152344 0.0771331787109375 -0.154800415039063
-0.0025634765625 -0.0345840454101563 0.0472412109375 -0.160400390625
-0.0336780548095703 -0.0272674560546875 0.0023651123046875 -0.169586181640625
-0.0627822875976563 -0.0262451171875 -0.0307464599609375 -0.150436401367188
-0.0673484802246094 -0.0269775390625 -0.0184402465820313 -0.104576110839844
-0.0924148559570312 -0.03045654296875 -0.00185394287109376 -0.0731430053710938
-0.0887832641601563 -0.0633773803710937 0.0102100372314453 -0.0237941741943359
-0.056915283203125 -0.113250732421875 0.00079250335693359 0.013519287109375
-0.00724792480468751 -0.140159606933594 -0.0300807952880859 0.0208244323730469
0.09246826171875 -0.126060485839844 -0.0349864959716797 0.01434326171875
0.134185791015625 -0.117218017578125 -0.0409202575683594 0.00564575195312499
0.188201904296875 -0.0867919921875 0.0219497680664063 0.00996971130371093
0.195648193359375 -0.024505615234375 -0.042938232421875 -0.205032348632812
0.123947143554687 -0.0325927734375 0.0547332763671875 -0.139144897460937
0.113861083984375 -0.0541915893554687 0.113739013671875 -0.12542724609375
0.062652587890625 -0.0779647827148438 0.0955657958984375 -0.168106079101563
0.035858154296875 -0.073638916015625 0.05523681640625 -0.156997680664063
-0.0160598754882813 -0.0786514282226563 0.01116943359375 -0.159637451171875
-0.0560531616210937 -0.0769577026367188 -0.0104904174804688 -0.135780334472656
-0.0583038330078125 -0.0704498291015625 0.00547027587890625 -0.08935546875
-0.0834884643554688 -0.0746536254882812 0.0261802673339844 -0.0640296936035156
-0.07177734375 -0.0924148559570312 0.0331897735595703 -0.0143890380859375
-0.0327682495117188 -0.131988525390625 0.0182647705078125 0.0192031860351562
0.0167083740234375 -0.148101806640625 -0.015376091003418 0.0163106918334961
0.118812561035156 -0.115364074707031 -0.0131921768188477 -0.00427436828613282
0.157485961914063 -0.09136962890625 0.00509071350097657 -0.0307750701904297
0.199676513671875 -0.0476226806640625 0.0936737060546875 -0.0109405517578125
0.189483642578125 0.0281219482421875 0.0317230224609375 -0.198822021484375
0.156631469726563 0.0093994140625 0.116073608398438 -0.14166259765625
0.166122436523437 -0.0389862060546875 0.140594482421875 -0.127609252929688
0.110061645507813 -0.09417724609375 0.1058349609375 -0.161285400390625
0.0674362182617188 -0.0984725952148437 0.0583572387695313 -0.134597778320313
0.00303649902343751 -0.115852355957031 0.0219802856445313 -0.129707336425781
-0.041259765625 -0.1141357421875 0.0118026733398438 -0.102310180664063
-0.0401077270507813 -0.104202270507812 0.0289955139160156 -0.0604820251464844
-0.0609970092773438 -0.109992980957031 0.0499382019042969 -0.0412101745605469
-0.040283203125 -0.112144470214844 0.0472793579101563 0.00315856933593749
0.0039215087890625 -0.134689331054688 0.028106689453125 0.0288829803466797
0.0474777221679688 -0.135955810546875 -0.00593376159667969 0.0144424438476562
0.138092041015625 -0.08074951171875 -0.000199317932128896 -0.0173273086547852
0.164566040039063 -0.0424957275390625 0.0436019897460938 -0.0568885803222656
0.186203002929688 0.005523681640625 0.158950805664063 -0.0189666748046875
0.1510009765625 0.072021484375 0.09393310546875 -0.17840576171875
0.1531982421875 0.0474700927734375 0.163177490234375 -0.135757446289063
0.178268432617188 -0.012847900390625 0.149154663085938 -0.122406005859375
0.130653381347656 -0.0865020751953125 0.103347778320313 -0.13897705078125
0.085174560546875 -0.0982208251953125 0.0556564331054688 -0.0985107421875
0.0236663818359375 -0.127449035644531 0.032318115234375 -0.0851211547851563
-0.0189132690429687 -0.131355285644531 0.0345687866210937 -0.0579910278320313
-0.0155563354492188 -0.121391296386719 0.0474700927734375 -0.0232772827148438
-0.0294113159179687 -0.131172180175781 0.0645103454589844 -0.00717926025390626
-0.00285339355468751 -0.120796203613281 0.0498275756835937 0.0297279357910156
0.0456466674804687 -0.123390197753906 0.0265846252441406 0.0444412231445313
0.0823287963867188 -0.109161376953125 -0.00316810607910156 0.0194206237792969
0.150177001953125 -0.03094482421875 0.00833320617675782 -0.0182723999023438
0.157577514648437 0.0196380615234375 0.0753021240234375 -0.0615768432617188
0.15057373046875 0.0633697509765625 0.210311889648438 -0.0077362060546875
0.0869979858398437 0.102943420410156 0.128768920898438 -0.14715576171875
0.113639831542969 0.077728271484375 0.1842041015625 -0.120941162109375
0.14794921875 0.0201873779296875 0.1397705078125 -0.110031127929688
0.120368957519531 -0.0528640747070313 0.09088134765625 -0.106903076171875
0.087310791015625 -0.069488525390625 0.0478782653808594 -0.0592231750488281
0.0444564819335938 -0.110504150390625 0.0387344360351563 -0.0377578735351563
0.00981140136718749 -0.1270751953125 0.0508956909179687 -0.0111808776855469
0.0113983154296875 -0.120468139648438 0.0588455200195313 0.017120361328125
0.00407409667968751 -0.134529113769531 0.067779541015625 0.0346450805664062
0.0310821533203125 -0.116157531738281 0.0410270690917969 0.0633888244628906
0.078094482421875 -0.101951599121094 0.015655517578125 0.0663108825683594
0.106620788574219 -0.0745773315429688 -0.00599288940429687 0.0328960418701172
0.148712158203125 0.018707275390625 0.0112094879150391 -0.00230026245117187
0.134902954101562 0.079010009765625 0.096099853515625 -0.0398941040039062
0.0972671508789063 0.1131591796875 0.23968505859375 0.024932861328125
0.00880432128906249 0.119552612304688 0.131538391113281 -0.112327575683594
0.049468994140625 0.0980377197265625 0.176010131835938 -0.09869384765625
0.0859298706054687 0.0560531616210938 0.116287231445313 -0.0913162231445313
0.087310791015625 -0.0011444091796875 0.073822021484375 -0.0754318237304688
0.0774993896484375 -0.01849365234375 0.0367584228515625 -0.0273818969726563
0.0653076171875 -0.07049560546875 0.0390472412109375 0.000587463378906246
0.0410842895507813 -0.102737426757813 0.0566024780273437 0.0300979614257812
0.0359039306640625 -0.102005004882813 0.0592994689941406 0.0547828674316406
0.0323486328125 -0.118927001953125 0.0626144409179688 0.0782928466796875
0.0512008666992187 -0.0983123779296875 0.0254974365234375 0.0990524291992188
0.0892410278320313 -0.0754928588867188 0.000511169433593747 0.0922164916992188
0.109352111816406 -0.0435409545898438 -0.0127639770507812 0.0564422607421875
0.129112243652344 0.0523834228515625 0.00538063049316407 0.0283546447753906
0.0959396362304688 0.119255065917969 0.101318359375 0.00376892089843751
0.03326416015625 0.1424560546875 0.244216918945313 0.07366943359375
0.041259765625 -0.148757934570313 -0.229461669921875 -0.0936737060546875
-0.0718460083007813 -0.0943069458007812 -0.0984268188476563 -0.0373764038085937
-0.099578857421875 -0.0397796630859375 0.0182876586914062 -0.0526885986328125
-0.091552734375 0.02191162109375 0.0384750366210938 -0.0926971435546875
-0.0623321533203125 0.0429801940917969 0.022064208984375 -0.124053955078125
-0.04315185546875 0.0741348266601563 -0.022918701171875 -0.134529113769531
-0.0381698608398438 0.0768203735351563 -0.0658187866210938 -0.119155883789062
-0.0439186096191406 0.0662727355957031 -0.0627212524414062 -0.0855560302734375
-0.0536270141601562 0.0703659057617188 -0.0555648803710937 -0.0511245727539063
-0.0698699951171875 0.0313796997070313 -0.0368995666503906 -0.020751953125
-0.0752029418945313 -0.00987243652343751 -0.0387916564941406 0.0150680541992188
-0.0626907348632813 -0.0456504821777344 -0.0640830993652344 0.0410537719726563
-0.02301025390625 -0.0908126831054688 -0.096832275390625 0.0558929443359375
0.00757598876953124 -0.118598937988281 -0.136260986328125 0.0822372436523437
0.0696029663085938 -0.130516052246094 -0.101043701171875 0.0768356323242187
0.106483459472656 -0.126419067382813 -0.193527221679688 -0.145172119140625
-0.0109100341796875 -0.0888290405273438 -0.0686111450195313 -0.0845870971679688
-0.0401039123535156 -0.04913330078125 0.0397796630859375 -0.0862808227539063
-0.0504875183105469 -0.00553131103515625 0.051300048828125 -0.126945495605469
-0.0337924957275391 0.0098114013671875 0.03106689453125 -0.145904541015625
-0.0380134582519531 0.028289794921875 -0.014556884765625 -0.158477783203125
-0.0515899658203125 0.0295562744140625 -0.05609130859375 -0.142715454101563
-0.0580291748046875 0.0229454040527344 -0.04913330078125 -0.102287292480469
-0.0764694213867188 0.0229034423828125 -0.0396194458007813 -0.0680770874023438
-0.0834884643554688 -0.015533447265625 -0.0215740203857422 -0.0288848876953125
-0.0697860717773437 -0.0651931762695313 -0.0250816345214844 0.00915336608886718
-0.036376953125 -0.0988235473632813 -0.0500640869140625 0.0256385803222656
0.03790283203125 -0.116432189941406 -0.0661163330078125 0.0310935974121094
0.0741119384765625 -0.128143310546875 -0.093231201171875 0.045013427734375
0.135368347167969 -0.121971130371094 -0.0513992309570312 0.0401115417480469
0.160888671875 -0.0854644775390625 -0.136001586914063 -0.18194580078125
0.0589447021484375 -0.0670509338378906 -0.0201339721679687 -0.117767333984375
0.0354232788085938 -0.0548629760742188 0.0710983276367187 -0.111106872558594
0.00341796875 -0.0407943725585938 0.0684661865234375 -0.15484619140625
0.00129508972167969 -0.0312690734863281 0.0388031005859375 -0.160018920898438
-0.0273895263671875 -0.0255565643310547 -0.00802612304687499 -0.168502807617188
-0.0584678649902344 -0.0243606567382813 -0.0425262451171875 -0.147903442382813
-0.0630912780761719 -0.0250282287597656 -0.0291061401367187 -0.102981567382812
-0.0879364013671875 -0.0260009765625 -0.0144729614257813 -0.0722503662109375
-0.0866928100585937 -0.0567245483398438 0.000560760498046867 -0.0263996124267578
-0.059814453125 -0.105430603027344 -0.00733184814453125 0.0102634429931641
-0.0154037475585937 -0.134750366210938 -0.0363121032714844 0.017181396484375
0.081329345703125 -0.129096984863281 -0.0399971008300781 0.00823593139648436
0.121719360351563 -0.124221801757813 -0.0473556518554687 0.00312805175781249
0.178497314453125 -0.0986785888671875 0.0132942199707031 0.00630855560302734
0.192855834960938 -0.0348052978515625 -0.0635528564453125 -0.199676513671875
0.121139526367187 -0.0352783203125 0.0391998291015625 -0.136466979980469
0.112037658691406 -0.0571517944335937 0.103507995605469 -0.125999450683594
0.0603179931640625 -0.0768661499023437 0.084228515625 -0.167327880859375
0.0365219116210937 -0.0739593505859375 0.04522705078125 -0.156753540039063
-0.0154495239257812 -0.0783920288085937 -0.000183105468749997 -0.158615112304687
-0.0576171875 -0.0746231079101563 -0.0237960815429688 -0.132965087890625
-0.0589447021484375 -0.0692710876464844 -0.00547027587890625 -0.0876693725585937
-0.0849380493164063 -0.0709686279296875 0.0130233764648437 -0.0630035400390625
-0.0738296508789063 -0.0880050659179688 0.0217208862304688 -0.016632080078125
-0.038055419921875 -0.127891540527344 0.00905799865722656 0.0162143707275391
0.00801086425781248 -0.147079467773437 -0.0240535736083984 0.0129375457763672
0.111953735351563 -0.120903015136719 -0.0217685699462891 -0.0114803314208984
0.150619506835938 -0.100234985351562 -0.00559616088867187 -0.0362586975097656
0.196517944335937 -0.0592193603515625 0.0821075439453125 -0.0190277099609375
0.19482421875 0.017578125 0.0111236572265625 -0.197982788085938
0.159347534179688 0.002838134765625 0.100112915039063 -0.143539428710938
0.167037963867187 -0.0481414794921875 0.129074096679688 -0.129425048828125
0.106536865234375 -0.100021362304687 0.09454345703125 -0.161468505859375
0.064971923828125 -0.103523254394531 0.049713134765625 -0.134208679199219
-0.00212860107421876 -0.117164611816406 0.0108642578125 -0.128341674804688
-0.0486373901367188 -0.112678527832031 0.00012969970703125 -0.100059509277344
-0.0457305908203125 -0.102973937988281 0.0196647644042969 -0.0590934753417969
-0.067779541015625 -0.106666564941406 0.0379447937011719 -0.0411911010742188
-0.0468521118164063 -0.1104736328125 0.0366783142089844 0.00202178955078124
-0.00360870361328125 -0.135162353515625 0.0184192657470703 0.0270271301269531
0.0400238037109375 -0.1397705078125 -0.0157814025878906 0.0115680694580078
0.13555908203125 -0.090240478515625 -0.00945663452148437 -0.0240821838378906
0.164642333984375 -0.0529937744140625 0.0316658020019531 -0.0643043518066406
0.189224243164063 -0.005096435546875 0.1470947265625 -0.0310211181640625
0.161911010742188 0.0634918212890625 0.07513427734375 -0.181106567382812
0.16094970703125 0.038970947265625 0.14813232421875 -0.141036987304687
0.183151245117188 -0.0263214111328125 0.138359069824219 -0.125625610351563
0.126983642578125 -0.096893310546875 0.0929794311523438 -0.1390380859375
0.0810623168945313 -0.106651306152344 0.049163818359375 -0.0973281860351562
0.0142364501953125 -0.130851745605469 0.0243759155273437 -0.084808349609375
-0.0309600830078125 -0.131607055664063 0.0253868103027344 -0.0572853088378906
-0.0254898071289063 -0.121452331542969 0.0410423278808594 -0.0221633911132813
-0.0411148071289062 -0.12921142578125 0.0548934936523438 -0.00726699829101563
-0.01251220703125 -0.120819091796875 0.0411453247070313 0.029144287109375
0.0363082885742188 -0.128494262695313 0.0182991027832031 0.0436553955078125
0.0756149291992188 -0.116744995117188 -0.0123729705810547 0.0172557830810547
0.152725219726563 -0.0428619384765625 -0.000196456909179679 -0.0243053436279297
0.16448974609375 0.0078582763671875 0.0635910034179688 -0.0706863403320313
0.16033935546875 0.0545654296875 0.20013427734375 -0.0220489501953125
0.101913452148438 0.0977249145507813 0.11456298828125 -0.153289794921875
0.126121520996094 0.0699005126953125 0.1727294921875 -0.129074096679688
0.155853271484375 0.0063323974609375 0.130012512207031 -0.113105773925781
0.118522644042969 -0.0664443969726563 0.0829391479492188 -0.106521606445313
0.082794189453125 -0.0797882080078125 0.0451469421386719 -0.0573921203613281
0.032806396484375 -0.116806030273438 0.0355033874511719 -0.0376663208007813
-0.00518035888671874 -0.128341674804688 0.0472221374511719 -0.0119781494140625
-0.00188446044921875 -0.121566772460938 0.05596923828125 0.0164680480957031
-0.0111846923828125 -0.134407043457031 0.0630607604980469 0.0342864990234375
0.01800537109375 -0.11883544921875 0.0353240966796875 0.0640449523925781
0.0671768188476563 -0.110450744628906 0.01007080078125 0.0664100646972656
0.100105285644531 -0.08673095703125 -0.0132980346679687 0.0317153930664062
0.154922485351563 0.0041656494140625 0.00490236282348634 -0.00868701934814453
0.147491455078125 0.0670928955078125 0.0886077880859375 -0.0500640869140625
0.112060546875 0.106857299804688 0.234710693359375 0.00926208496093751
0.0263442993164062 0.118377685546875 0.124473571777344 -0.119491577148437
0.0648117065429688 0.0935287475585938 0.168853759765625 -0.107452392578125
0.0977401733398438 0.0449981689453125 0.108985900878906 -0.0930633544921875
0.088958740234375 -0.0139999389648438 0.0695419311523437 -0.07269287109375
0.0753555297851563 -0.0301284790039063 0.037567138671875 -0.0251274108886719
0.0538711547851563 -0.0787277221679688 0.0401763916015625 0.000946044921874995
0.0257186889648438 -0.105293273925781 0.0577278137207031 0.0287132263183594
0.02264404296875 -0.103446960449219 0.0611000061035156 0.0542182922363281
0.0162277221679688 -0.119712829589844 0.0625076293945313 0.0776443481445312
0.0373077392578125 -0.102073669433594 0.0240325927734375 0.100257873535156
0.0784835815429688 -0.0859146118164063 -0.00170898437499999 0.0921173095703125
0.103118896484375 -0.0571136474609375 -0.0166244506835938 0.0547676086425781
0.136856079101563 0.0379791259765625 0.00375556945800782 0.0226688385009766
0.111015319824219 0.108100891113281 0.0989913940429688 -0.00698852539062499
0.0506515502929688 0.139381408691406 0.244476318359375 0.05853271484375
0.02606201171875 -0.15032958984375 -0.236526489257813 -0.0834197998046875
-0.080596923828125 -0.0853424072265625 -0.100364685058594 -0.029022216796875
-0.104598999023437 -0.028656005859375 0.0190963745117187 -0.0507850646972656
-0.0875778198242188 0.0329132080078125 0.0404129028320312 -0.093505859375
-0.0556488037109375 0.0489234924316406 0.0225906372070313 -0.125465393066406
-0.0324172973632813 0.0757369995117188 -0.0235748291015625 -0.137489318847656
-0.0281753540039063 0.0765914916992188 -0.069854736328125 -0.120849609375
-0.0352783203125 0.0669517517089844 -0.0675430297851563 -0.0862808227539062
-0.042877197265625 0.0712661743164063 -0.0604095458984375 -0.0506973266601562
-0.0611724853515625 0.0357170104980469 -0.0415763854980469 -0.0227508544921875
-0.0713119506835938 -0.00209045410156249 -0.0428123474121094 0.0127067565917969
-0.0646858215332031 -0.0367088317871094 -0.0662345886230469 0.0395698547363281
-0.0341262817382812 -0.0858230590820313 -0.0978164672851563 0.0545730590820312
-0.0064544677734375 -0.11749267578125 -0.136024475097656 0.0860748291015625
0.0560379028320313 -0.136238098144531 -0.102455139160156 0.079193115234375
0.0956268310546875 -0.129447937011719 -0.205841064453125 -0.136032104492187
-0.0168914794921875 -0.0817489624023438 -0.0746688842773438 -0.0772247314453125
-0.0429573059082031 -0.0406761169433594 0.037017822265625 -0.0843582153320313
-0.0469093322753906 0.00376129150390626 0.049530029296875 -0.127281188964844
-0.027099609375 0.0141334533691406 0.028289794921875 -0.147216796875
-0.0294399261474609 0.0291271209716797 -0.0189208984375 -0.160659790039063
-0.0449447631835938 0.0295639038085938 -0.0640716552734375 -0.143630981445313
-0.0517959594726562 0.02264404296875 -0.0572128295898438 -0.102035522460937
-0.0693511962890625 0.0242233276367187 -0.0467529296875 -0.06707763671875
-0.0784683227539063 -0.0121307373046875 -0.0286598205566406 -0.0308609008789062
-0.0682220458984375 -0.0589370727539062 -0.0317478179931641 0.00699615478515624
-0.0397872924804687 -0.0934906005859375 -0.0553703308105469 0.0238075256347656
0.029052734375 -0.115501403808594 -0.0701370239257813 0.0273017883300781
0.0625991821289062 -0.130783081054688 -0.097564697265625 0.0457839965820313
0.125404357910156 -0.129707336425781 -0.0569610595703125 0.0404319763183594
0.155364990234375 -0.0903472900390625 -0.151687622070313 -0.175308227539062
0.0559806823730469 -0.0639877319335938 -0.0294265747070313 -0.11248779296875
0.0344505310058594 -0.0516395568847656 0.06707763671875 -0.110527038574219
0.00610733032226562 -0.0355072021484375 0.0642852783203125 -0.155181884765625
0.00666236877441407 -0.0299396514892578 0.03363037109375 -0.160614013671875
-0.0223484039306641 -0.0264625549316406 -0.0146636962890625 -0.169769287109375
-0.0553169250488281 -0.0244178771972656 -0.052001953125 -0.147003173828125
-0.0602951049804688 -0.0255279541015625 -0.0379257202148437 -0.101715087890625
-0.0848846435546875 -0.0253753662109375 -0.0237960815429687 -0.0709228515625
-0.0845260620117188 -0.05413818359375 -0.00919532775878907 -0.0273895263671875
-0.0608062744140625 -0.101234436035156 -0.0150547027587891 0.00987052917480468
-0.0204925537109375 -0.131889343261719 -0.0434913635253906 0.0159263610839844
0.0751266479492188 -0.131370544433594 -0.0472793579101563 0.00268173217773436
0.113960266113281 -0.12945556640625 -0.0555305480957031 0.00164794921874999
0.173492431640625 -0.107574462890625 0.00547122955322267 0.00398588180541991
0.193740844726563 -0.0411529541015625 -0.080810546875 -0.195831298828125
0.121940612792969 -0.0359115600585938 0.0284423828125 -0.133193969726563
0.112884521484375 -0.0591049194335937 0.0986785888671875 -0.125839233398438
0.0613632202148438 -0.0769882202148437 0.0785675048828125 -0.168167114257813
0.0393829345703125 -0.0762252807617188 0.0400848388671875 -0.157394409179688
-0.0142974853515625 -0.08062744140625 -0.00811767578125 -0.159164428710937
-0.0595932006835938 -0.074798583984375 -0.0335769653320313 -0.131752014160156
-0.0595626831054688 -0.0703353881835938 -0.01318359375 -0.0858230590820313
-0.0858917236328125 -0.070068359375 0.00331878662109375 -0.0611457824707031
-0.0751800537109375 -0.086669921875 0.0124549865722656 -0.0162448883056641
-0.0415420532226563 -0.127311706542969 0.000104904174804687 0.016606330871582
0.00297546386718752 -0.14764404296875 -0.0330047607421875 0.0114326477050781
0.108810424804688 -0.126625061035156 -0.0315399169921875 -0.0165977478027344
0.1475830078125 -0.107086181640625 -0.0157966613769531 -0.0399856567382813
0.1968994140625 -0.0679931640625 0.0738296508789063 -0.0241165161132813
0.20037841796875 0.010955810546875 -0.0046539306640625 -0.19818115234375
0.164688110351563 -0.0014190673828125 0.089263916015625 -0.143798828125
0.170913696289063 -0.055419921875 0.123466491699219 -0.13006591796875
0.105918884277344 -0.105209350585938 0.0881500244140625 -0.1617431640625
0.0651473999023438 -0.1085205078125 0.0451126098632813 -0.1343994140625
-0.00552368164062501 -0.120346069335937 0.00368499755859376 -0.129241943359375
-0.0548629760742187 -0.113121032714844 -0.00801086425781251 -0.0984649658203125
-0.0505752563476563 -0.104354858398438 0.0127906799316406 -0.057373046875
-0.0735931396484375 -0.106819152832031 0.0293006896972656 -0.0390281677246094
-0.0515823364257813 -0.110557556152344 0.0277805328369141 0.00378417968749999
-0.00875091552734375 -0.1378173828125 0.0099639892578125 0.0282554626464844
0.0351409912109375 -0.144256591796875 -0.0250873565673828 0.0115509033203125
0.137161254882813 -0.0981903076171875 -0.0193367004394531 -0.0294895172119141
0.166702270507812 -0.0617523193359375 0.0202560424804688 -0.0698699951171875
0.194869995117188 -0.0128326416015625 0.138671875 -0.0381927490234375
0.1727294921875 0.05731201171875 0.0626220703125 -0.18408203125
0.169708251953125 0.03216552734375 0.138580322265625 -0.144775390625
0.1898193359375 -0.036865234375 0.132499694824219 -0.126991271972656
0.125999450683594 -0.106285095214844 0.0878524780273438 -0.138534545898438
0.0785369873046875 -0.115150451660156 0.04669189453125 -0.0969161987304688
0.00691223144531249 -0.135482788085938 0.0186309814453125 -0.08447265625
-0.040313720703125 -0.132675170898438 0.0196151733398437 -0.0555267333984375
-0.0333786010742187 -0.12286376953125 0.037200927734375 -0.0207328796386719
-0.05078125 -0.129112243652344 0.0482826232910156 -0.00441741943359376
-0.0200958251953125 -0.122726440429688 0.0337314605712891 0.0323925018310547
0.029449462890625 -0.133773803710938 0.0108299255371094 0.0457725524902344
0.071197509765625 -0.124656677246094 -0.021697998046875 0.0171089172363281
0.157424926757813 -0.0534210205078125 -0.0100193023681641 -0.0291728973388672
0.172134399414063 -0.001007080078125 0.0540084838867188 -0.0771942138671875
0.171112060546875 0.04803466796875 0.194320678710937 -0.030975341796875
0.115242004394531 0.0932388305664063 0.1063232421875 -0.1583251953125
0.137062072753906 0.0639801025390625 0.166397094726563 -0.135360717773438
0.164474487304688 -0.005401611328125 0.12506103515625 -0.114585876464844
0.118156433105469 -0.0774078369140625 0.08026123046875 -0.105178833007813
0.0801620483398438 -0.0898513793945313 0.0449562072753906 -0.0558242797851563
0.023834228515625 -0.122505187988281 0.033050537109375 -0.0372047424316406
-0.0171966552734375 -0.129692077636719 0.0450515747070313 -0.0109329223632813
-0.0123367309570313 -0.123481750488281 0.055084228515625 0.0188560485839844
-0.0228118896484375 -0.134849548339844 0.060028076171875 0.0370979309082031
0.00875854492187501 -0.12115478515625 0.030517578125 0.0680122375488281
0.0594100952148438 -0.117523193359375 0.004302978515625 0.0690269470214843
0.0960159301757813 -0.09637451171875 -0.0204429626464844 0.0319137573242187
0.16156005859375 -0.00732421875 -0.0020771026611328 -0.0132379531860352
0.158767700195313 0.0579071044921875 0.0823898315429688 -0.0577011108398437
0.126167297363281 0.102302551269531 0.232742309570313 -6.10351562499937E-05
0.0402374267578125 0.117080688476563 0.120384216308594 -0.124961853027344
0.0778961181640625 0.0893936157226563 0.165725708007813 -0.1142578125
0.107200622558594 0.0350799560546875 0.105339050292969 -0.0928955078125
0.0899658203125 -0.0250244140625 0.0692825317382813 -0.0707931518554688
0.0728607177734375 -0.0394439697265625 0.0405311584472656 -0.0225601196289063
0.0449447631835938 -0.0846176147460938 0.0426025390625 0.00097274780273437
0.013580322265625 -0.107200622558594 0.060394287109375 0.0288276672363281
0.011749267578125 -0.105339050292969 0.0637092590332031 0.0552406311035156
0.00334930419921876 -0.119873046875 0.0627059936523438 0.0798263549804687
0.0266265869140625 -0.105201721191406 0.02252197265625 0.104774475097656
0.0698013305664062 -0.094146728515625 -0.0050506591796875 0.094940185546875
0.0982818603515625 -0.0675506591796875 -0.0214424133300781 0.0551033020019531
0.144302368164063 0.026275634765625 0.000476837158203135 0.0184116363525391
0.124671936035156 0.0990219116210938 0.09710693359375 -0.014923095703125
0.0656967163085938 0.136680603027344 0.247268676757813 0.0490875244140625
0.0129547119140625 -0.152862548828125 -0.2489013671875 -0.07354736328125
-0.0882339477539062 -0.0774993896484375 -0.103446960449219 -0.02117919921875
-0.109405517578125 -0.0167770385742187 0.020751953125 -0.0503158569335938
-0.084136962890625 0.04351806640625 0.0425796508789063 -0.0970230102539063
-0.0494728088378906 0.0552940368652344 0.0218276977539063 -0.130363464355469
-0.0226516723632813 0.0777435302734375 -0.0254974365234375 -0.14398193359375
-0.0192031860351563 0.0772857666015625 -0.0773239135742188 -0.124839782714844
-0.027862548828125 0.0677871704101563 -0.0750198364257813 -0.088104248046875
-0.034027099609375 0.0719680786132813 -0.0664787292480469 -0.0507545471191406
-0.0547561645507812 0.0398330688476562 -0.0477752685546875 -0.0245704650878906
-0.0678024291992188 0.00451660156250001 -0.0479278564453125 0.0125770568847656
-0.0669975280761719 -0.0285682678222656 -0.07073974609375 0.0391464233398437
-0.0440444946289063 -0.0814437866210938 -0.101348876953125 0.0547637939453125
-0.0193862915039063 -0.116645812988281 -0.138511657714844 0.0921630859375
0.0433349609375 -0.142532348632813 -0.105873107910156 0.0845870971679687
0.0871429443359375 -0.134086608886719 -0.222396850585937 -0.128921508789063
-0.0224380493164063 -0.0766143798828125 -0.0823135375976563 -0.0707778930664063
-0.0456123352050781 -0.0330085754394531 0.0365371704101562 -0.0851364135742188
-0.0430488586425781 0.0112991333007813 0.0491256713867187 -0.13116455078125
-0.0209178924560547 0.0169391632080078 0.0265960693359375 -0.152206420898438
-0.0214595794677734 0.0291404724121094 -0.0235748291015625 -0.166412353515625
-0.038970947265625 0.0292243957519531 -0.073211669921875 -0.146453857421875
-0.0471992492675781 0.02239990234375 -0.0659103393554688 -0.103401184082031
-0.0638847351074219 0.0244140625 -0.055633544921875 -0.0666999816894531
-0.07470703125 -0.00923156738281251 -0.0364456176757813 -0.0313606262207031
-0.0684127807617188 -0.05487060546875 -0.0383110046386719 0.00672531127929687
-0.04412841796875 -0.0888214111328125 -0.062652587890625 0.0237159729003906
0.02081298828125 -0.115486145019531 -0.0769424438476563 0.0255813598632812
0.0521774291992188 -0.134719848632813 -0.103912353515625 0.048919677734375
0.117637634277344 -0.139640808105469 -0.0627708435058594 0.0426368713378906
0.15338134765625 -0.0974578857421875 -0.1700439453125 -0.1702880859375
0.0541343688964844 -0.0621337890625 -0.0390090942382812 -0.10791015625
0.0344352722167969 -0.04876708984375 0.0647964477539063 -0.112236022949219
0.00977516174316406 -0.0318775177001953 0.0615234375 -0.159515380859375
0.0117683410644531 -0.0305614471435547 0.0303955078125 -0.164932250976563
-0.0179824829101563 -0.0281410217285156 -0.021881103515625 -0.174102783203125
-0.0536613464355469 -0.0255050659179688 -0.0630340576171875 -0.148681640625
-0.0597305297851562 -0.0268020629882813 -0.0470046997070313 -0.102272033691406
-0.0839385986328125 -0.0251617431640625 -0.0330963134765625 -0.0699882507324219
-0.0848770141601562 -0.0526504516601562 -0.0170154571533203 -0.0274524688720703
-0.0637054443359375 -0.100715637207031 -0.0232257843017578 0.0105800628662109
-0.0256881713867187 -0.131828308105469 -0.0522422790527344 0.0160751342773437
0.0703506469726563 -0.136749267578125 -0.0569801330566406 -0.000167846679687503
0.108169555664063 -0.136367797851563 -0.0645637512207031 0.0014991760253906
0.170669555664063 -0.11871337890625 -0.00210118293762206 0.00278544425964355
0.197662353515625 -0.049041748046875 -0.098785400390625 -0.19415283203125
0.125244140625 -0.0382080078125 0.018402099609375 -0.132209777832031
0.116470336914062 -0.0624542236328125 0.0955963134765625 -0.128608703613281
0.063873291015625 -0.0787506103515625 0.074981689453125 -0.172470092773438
0.0424270629882813 -0.0803909301757813 0.035919189453125 -0.161285400390625
-0.0145797729492188 -0.0841598510742188 -0.0163726806640625 -0.162322998046875
-0.0629196166992188 -0.0766448974609375 -0.0438232421875 -0.131118774414062
-0.0632781982421875 -0.072418212890625 -0.0212936401367187 -0.0851898193359375
-0.0900344848632813 -0.0711822509765625 -0.00511932373046876 -0.0600090026855469
-0.078643798828125 -0.0873336791992187 0.00416183471679687 -0.0148906707763672
-0.0461502075195312 -0.129547119140625 -0.00797653198242188 0.0186233520507812
-0.00253295898437502 -0.152175903320313 -0.0429420471191406 0.0128898620605469
0.107742309570313 -0.135887145996094 -0.0426368713378906 -0.0214462280273438
0.14691162109375 -0.116668701171875 -0.0270309448242187 -0.0431175231933594
0.200302124023438 -0.079010009765625 0.0668563842773438 -0.0291862487792969
0.209686279296875 0.002716064453125 -0.0210418701171875 -0.199417114257813
0.17236328125 -0.0070037841796875 0.0804901123046875 -0.146255493164063
0.177459716796875 -0.0649261474609375 0.120895385742188 -0.134201049804688
0.107040405273437 -0.113304138183594 0.0844268798828125 -0.16607666015625
0.065643310546875 -0.117721557617187 0.0420684814453125 -0.13775634765625
-0.0102462768554687 -0.125968933105469 -0.00359344482421875 -0.130546569824219
-0.0622634887695313 -0.115486145019531 -0.0170669555664063 -0.097412109375
-0.0577468872070313 -0.107322692871094 0.00743103027343749 -0.0554428100585938
-0.08099365234375 -0.107460021972656 0.0220870971679687 -0.0363197326660156
-0.0572433471679687 -0.112724304199219 0.0212306976318359 0.00646209716796874
-0.01446533203125 -0.1424560546875 0.00257301330566406 0.0316791534423828
0.0301666259765625 -0.151473999023437 -0.0350799560546875 0.0132617950439453
0.139640808105469 -0.109542846679687 -0.0307102203369141 -0.0337543487548828
0.171646118164062 -0.071929931640625 0.00899505615234377 -0.075347900390625
0.204849243164063 -0.02215576171875 0.134300231933594 -0.0459976196289063
0.186386108398437 0.05047607421875 0.0501708984375 -0.188644409179688
0.181289672851563 0.0261383056640625 0.132049560546875 -0.150100708007813
0.198593139648438 -0.0504150390625 0.129806518554688 -0.130722045898438
0.12640380859375 -0.118522644042969 0.0850372314453125 -0.142181396484375
0.077606201171875 -0.126296997070313 0.0453948974609375 -0.09906005859375
-0.00181579589843749 -0.142547607421875 0.013580322265625 -0.08514404296875
-0.05181884765625 -0.134857177734375 0.0148391723632812 -0.0541534423828125
-0.043182373046875 -0.126014709472656 0.0347251892089844 -0.0188026428222656
-0.0613174438476562 -0.130683898925781 0.0439720153808594 -0.00160598754882813
-0.0280990600585938 -0.126060485839844 0.0292587280273438 0.0371818542480469
0.022705078125 -0.141387939453125 0.00538253784179688 0.0511016845703125
0.0671310424804688 -0.135017395019531 -0.0305690765380859 0.0201396942138672
0.163864135742187 -0.066497802734375 -0.0197181701660156 -0.0337409973144531
0.18231201171875 -0.0118865966796875 0.0449981689453125 -0.0848007202148438
0.184646606445313 0.04132080078125 0.193084716796875 -0.0398406982421875
0.130340576171875 0.0894241333007813 0.0996551513671875 -0.16510009765625
0.150619506835938 0.057464599609375 0.161895751953125 -0.142974853515625
0.174652099609375 -0.0186920166015625 0.1229248046875 -0.117660522460938
0.118499755859375 -0.090423583984375 0.0793228149414063 -0.106681823730469
0.078369140625 -0.101509094238281 0.0465660095214844 -0.05706787109375
0.01397705078125 -0.128562927246094 0.0320777893066406 -0.03729248046875
-0.0293197631835938 -0.13238525390625 0.0444793701171875 -0.00962829589843751
-0.022247314453125 -0.125732421875 0.0561790466308594 0.0207252502441406
-0.0350265502929687 -0.135543823242188 0.0589866638183594 0.0411376953125
-0.00111389160156251 -0.124557495117187 0.0283203125 0.074432373046875
0.0517044067382812 -0.126144409179687 -0.000297546386718744 0.0747146606445312
0.09210205078125 -0.107650756835938 -0.0275154113769531 0.0339851379394531
0.16998291015625 -0.020050048828125 -0.00883293151855468 -0.0172882080078125
0.171493530273438 0.0482330322265625 0.07708740234375 -0.0656509399414063
0.142135620117188 0.0989532470703125 0.235519409179688 -0.010833740234375
0.0541610717773437 0.116371154785156 0.118217468261719 -0.132469177246094
0.0913772583007813 0.0849990844726562 0.165924072265625 -0.122894287109375
0.117507934570313 0.0241775512695312 0.104888916015625 -0.0953292846679688
0.0904769897460937 -0.0369873046875 0.07098388671875 -0.0712356567382813
0.07171630859375 -0.0493698120117188 0.0446701049804688 -0.0222091674804688
0.03631591796875 -0.0908355712890625 0.04534912109375 0.00134277343749999
0.001983642578125 -0.109519958496094 0.06427001953125 0.0289649963378906
0.00172424316406251 -0.107162475585937 0.0680160522460938 0.0568656921386719
-0.00835418701171876 -0.120986938476563 0.0653762817382813 0.0835113525390625
0.0166397094726563 -0.107925415039063 0.0228805541992188 0.111900329589844
0.0615005493164062 -0.101547241210937 -0.00781249999999999 0.100486755371094
0.094482421875 -0.0787200927734375 -0.0267524719238281 0.0572929382324219
0.152297973632813 0.013336181640625 -0.00312042236328124 0.0148811340332031
0.138313293457031 0.0903472900390625 0.0967788696289063 -0.0231094360351562
0.0813140869140625 0.135513305664063 0.256149291992187 0.039398193359375
-0.0035247802734375 -0.1549072265625 -0.263519287109375 -0.0593719482421875
-0.0978240966796875 -0.0680389404296875 -0.107109069824219 -0.0117340087890625
-0.114128112792969 -0.00325775146484374 0.0214004516601562 -0.0515975952148437
-0.0790176391601563 0.0551910400390625 0.0432815551757812 -0.102943420410156
-0.0419235229492187 0.0614814758300781 0.0193557739257813 -0.137519836425781
-0.0119171142578125 0.078643798828125 -0.0319366455078125 -0.151611328125
-0.00990295410156249 0.0770797729492188 -0.0873031616210938 -0.127906799316406
-0.0196456909179688 0.0691261291503906 -0.0845870971679688 -0.0884170532226563
-0.0245590209960938 0.0725631713867188 -0.074798583984375 -0.0494232177734375
-0.0479621887207031 0.0433578491210938 -0.054901123046875 -0.0246772766113281
-0.0644912719726563 0.0115432739257812 -0.0534286499023438 0.0136528015136719
-0.0687522888183594 -0.0193214416503906 -0.0750274658203125 0.0419082641601563
-0.0549850463867187 -0.0753097534179688 -0.105850219726563 0.05859375
-0.033721923828125 -0.1142578125 -0.140716552734375 0.101242065429688
0.0283203125 -0.148880004882813 -0.107635498046875 0.0921478271484375
0.0772705078125 -0.140396118164063 -0.24114990234375 -0.116439819335937
-0.0284194946289062 -0.0710067749023438 -0.0901565551757813 -0.0627822875976563
-0.04803466796875 -0.0237998962402344 0.0348052978515625 -0.0873947143554688
-0.0378265380859375 0.0192604064941406 0.046234130859375 -0.137313842773438
-0.0145301818847656 0.0202217102050781 0.0207061767578125 -0.158477783203125
-0.0140171051025391 0.0283737182617188 -0.0324554443359375 -0.172775268554688
-0.0337619781494141 0.0290184020996094 -0.0865631103515625 -0.148300170898437
-0.0429344177246094 0.0226516723632813 -0.0775146484375 -0.103309631347656
-0.059783935546875 0.0253410339355469 -0.065948486328125 -0.0654296875
-0.0726776123046875 -0.00635528564453125 -0.0449714660644531 -0.0310440063476562
-0.06884765625 -0.05096435546875 -0.0454177856445313 0.00914001464843749
-0.0493240356445313 -0.0851058959960938 -0.0694541931152344 0.0265960693359375
0.0112228393554687 -0.116935729980469 -0.08538818359375 0.0268402099609375
0.040802001953125 -0.13824462890625 -0.110519409179688 0.05535888671875
0.107345581054688 -0.150711059570313 -0.068359375 0.0470390319824218
0.150375366210938 -0.106903076171875 -0.192138671875 -0.161544799804688
0.0528984069824219 -0.0619354248046875 -0.0498733520507812 -0.102592468261719
0.0354576110839844 -0.0468978881835938 0.06158447265625 -0.116165161132813
0.0136566162109375 -0.0300636291503906 0.0560150146484375 -0.166366577148438
0.0163288116455078 -0.0324211120605469 0.02362060546875 -0.171417236328125
-0.0146026611328125 -0.0310440063476563 -0.032745361328125 -0.179092407226563
-0.0541648864746094 -0.0260124206542969 -0.076751708984375 -0.149139404296875
-0.0605506896972656 -0.0279998779296875 -0.0582199096679688 -0.1016845703125
-0.0857391357421875 -0.0242156982421875 -0.0434303283691406 -0.0682220458984375
-0.0868682861328125 -0.0510787963867188 -0.0258884429931641 -0.0261116027832031
-0.0682830810546875 -0.100082397460938 -0.0305557250976563 0.0135364532470703
-0.0326614379882813 -0.132583618164062 -0.0616493225097656 0.0193138122558594
0.0633697509765625 -0.143783569335938 -0.0685272216796875 -0.000663757324218748
0.100189208984375 -0.14599609375 -0.0753555297851563 0.00458526611328126
0.166961669921875 -0.1331787109375 -0.00955867767333983 0.00225830078124999
0.202560424804688 -0.0611724853515625 -0.121292114257813 -0.190261840820313
0.12969970703125 -0.0430984497070312 0.00724029541015625 -0.130752563476562
0.120445251464844 -0.0691909790039062 0.0924224853515625 -0.13372802734375
0.0655059814453125 -0.0836029052734375 0.06842041015625 -0.180252075195313
0.0438079833984375 -0.0879058837890625 0.0289459228515625 -0.167556762695313
-0.0164642333984375 -0.0891799926757813 -0.0280609130859375 -0.165420532226562
-0.0683746337890625 -0.0774765014648438 -0.056243896484375 -0.129753112792969
-0.06890869140625 -0.074188232421875 -0.03021240234375 -0.084228515625
-0.096710205078125 -0.0698699951171875 -0.0142936706542969 -0.0575103759765625
-0.0847015380859375 -0.0868988037109375 -0.00298118591308594 -0.0120468139648438
-0.0535430908203125 -0.131805419921875 -0.0144767761230469 0.0235080718994141
-0.0106201171875 -0.1571044921875 -0.0521240234375 0.0168342590332031
0.104522705078125 -0.147552490234375 -0.055877685546875 -0.02197265625
0.144027709960938 -0.12939453125 -0.0400733947753906 -0.0440902709960938
0.203659057617188 -0.093780517578125 0.0594902038574219 -0.0345001220703125
0.221298217773438 -0.009979248046875 -0.040435791015625 -0.1998291015625
0.181427001953125 -0.0164031982421875 0.0692901611328125 -0.149200439453125
0.183929443359375 -0.07904052734375 0.117424011230469 -0.140380859375
0.106475830078125 -0.123634338378906 0.0780029296875 -0.173538208007812
0.0634231567382813 -0.129364013671875 0.0360870361328125 -0.143600463867188
-0.0174331665039062 -0.132102966308594 -0.0144729614257813 -0.13238525390625
-0.0736160278320313 -0.115989685058594 -0.0260238647460938 -0.0959243774414063
-0.0672760009765625 -0.109642028808594 0.00203704833984375 -0.0550308227539063
-0.091949462890625 -0.107086181640625 0.0160064697265625 -0.0336589813232422
-0.0668258666992187 -0.113945007324219 0.0157022476196289 0.0108251571655273
-0.02398681640625 -0.148391723632813 -0.00315093994140625 0.0377998352050781
0.0230865478515625 -0.160736083984375 -0.0447044372558594 0.0181236267089844
0.1407470703125 -0.12506103515625 -0.0444869995117187 -0.035125732421875
0.17584228515625 -0.0870361328125 -0.00393676757812499 -0.079925537109375
0.214736938476563 -0.0369873046875 0.128562927246094 -0.0558624267578125
0.201248168945313 0.0395355224609375 0.0348358154296875 -0.193878173828125
0.194122314453125 0.014801025390625 0.12347412109375 -0.157882690429688
0.207275390625 -0.0683441162109375 0.127334594726563 -0.137351989746094
0.12469482421875 -0.133811950683594 0.08087158203125 -0.14801025390625
0.0730056762695312 -0.1402587890625 0.0430068969726563 -0.103523254394531
-0.0125732421875 -0.149124145507813 0.00769805908203125 -0.0861053466796875
-0.0653228759765625 -0.13568115234375 0.00976562499999999 -0.0529251098632813
-0.0553970336914062 -0.128395080566406 0.0329551696777344 -0.0174636840820313
-0.074737548828125 -0.131233215332031 0.0418472290039062 0.00148010253906249
-0.0390853881835937 -0.128562927246094 0.027008056640625 0.043121337890625
0.0128936767578125 -0.149551391601562 0.000648498535156248 0.0575599670410156
0.0602569580078125 -0.146347045898438 -0.0390090942382812 0.0251426696777344
0.168746948242187 -0.0831146240234375 -0.0318946838378906 -0.0356216430664063
0.191635131835938 -0.0272979736328125 0.0336380004882813 -0.0919723510742187
0.199798583984375 0.029571533203125 0.191558837890625 -0.0531768798828125
0.147354125976563 0.0819854736328125 0.089111328125 -0.174026489257812
0.165451049804688 0.0474090576171875 0.156494140625 -0.154205322265625
0.184783935546875 -0.0370635986328125 0.121177673339844 -0.123886108398437
0.116523742675781 -0.106285095214844 0.0776290893554688 -0.111717224121094
0.0725936889648438 -0.115325927734375 0.0471687316894531 -0.059234619140625
0.00181579589843751 -0.135467529296875 0.0305442810058594 -0.0379829406738281
-0.0440750122070312 -0.133079528808594 0.0445556640625 -0.00963211059570313
-0.0364151000976563 -0.128349304199219 0.059051513671875 0.0214347839355469
-0.0497512817382813 -0.136215209960938 0.0608024597167969 0.0443382263183594
-0.012237548828125 -0.127799987792969 0.0290069580078125 0.0820693969726562
0.0422439575195313 -0.135696411132813 -0.00238800048828124 0.0825653076171875
0.0862960815429688 -0.120536804199219 -0.0341606140136719 0.0392684936523437
0.177459716796875 -0.0375518798828125 -0.0174713134765625 -0.0197811126708984
0.185638427734375 0.033721923828125 0.0700149536132813 -0.0757598876953125
0.160629272460938 0.09088134765625 0.240570068359375 -0.0251922607421875
0.07080078125 0.1138916015625 0.114303588867187 -0.14276123046875
0.106117248535156 0.0781707763671875 0.163726806640625 -0.1358642578125
0.127914428710937 0.0101470947265625 0.104820251464844 -0.100090026855469
0.0902328491210938 -0.0495681762695313 0.0730438232421875 -0.0735321044921875
0.0686378479003906 -0.0609970092773438 0.0489311218261719 -0.0243568420410156
0.0256881713867188 -0.0970001220703125 0.0479354858398438 0.000144958496093744
-0.0114212036132813 -0.110809326171875 0.0692405700683594 0.0279731750488281
-0.0110015869140625 -0.109024047851563 0.0747604370117188 0.0574569702148437
-0.0223846435546875 -0.120979309082031 0.071533203125 0.0878448486328125
0.00530242919921874 -0.110504150390625 0.0264968872070313 0.120361328125
0.0520477294921875 -0.110511779785156 -0.00754547119140625 0.108680725097656
0.0888900756835938 -0.090362548828125 -0.0305900573730469 0.0619277954101562
0.160614013671875 -0.0022125244140625 -0.0077381134033203 0.0128469467163086
0.153305053710938 0.0791015625 0.0955352783203125 -0.03350830078125
0.099609375 0.132225036621094 0.26702880859375 0.0249481201171875
-0.02252197265625 -0.152740478515625 -0.275619506835938 -0.0369873046875
-0.105621337890625 -0.0562820434570312 -0.108322143554688 -5.34057617187418E-05
-0.114631652832031 0.0135345458984375 0.0204238891601562 -0.0527992248535156
-0.0705795288085938 0.0664215087890625 0.0398101806640625 -0.109268188476562
-0.0328865051269531 0.0672073364257813 0.01263427734375 -0.143539428710938
-0.000923156738281252 0.0773544311523438 -0.0419769287109375 -0.15692138671875
0.000732421874999997 0.0749435424804688 -0.100418090820313 -0.126556396484375
-0.0103530883789062 0.0683059692382813 -0.0958938598632812 -0.085418701171875
-0.015106201171875 0.071136474609375 -0.0824203491210938 -0.0452423095703125
-0.0402183532714844 0.0459632873535156 -0.0615692138671875 -0.0225830078125
-0.0595970153808594 0.0184555053710938 -0.0578460693359375 0.0170440673828125
-0.0690231323242188 -0.0102424621582031 -0.07830810546875 0.04754638671875
-0.0650367736816406 -0.0659217834472656 -0.108261108398437 0.0652999877929688
-0.0489349365234375 -0.107688903808594 -0.139167785644531 0.11328125
0.00975036621093749 -0.152023315429688 -0.106391906738281 0.102188110351562
0.06329345703125 -0.145706176757812 -0.260040283203125 -0.0951690673828125
-0.0344734191894531 -0.064117431640625 -0.0972137451171875 -0.0508193969726563
-0.0479660034179688 -0.01336669921875 0.030670166015625 -0.0895614624023438
-0.0313472747802734 0.0261154174804688 0.039154052734375 -0.143218994140625
-0.00720787048339844 0.0215663909912109 0.0124053955078125 -0.163864135742188
-0.00638198852539063 0.0255031585693359 -0.045379638671875 -0.176467895507813
-0.0283107757568359 0.0282192230224609 -0.101577758789063 -0.14520263671875
-0.0391426086425781 0.0223846435546875 -0.0900039672851562 -0.0988388061523438
-0.0553779602050781 0.0256576538085937 -0.0761871337890625 -0.0601806640625
-0.0697441101074219 -0.00320816040039061 -0.0539703369140625 -0.0280990600585938
-0.06988525390625 -0.045654296875 -0.0511589050292969 0.0134162902832031
-0.05438232421875 -0.0798187255859375 -0.075225830078125 0.03204345703125
0.000900268554687491 -0.115531921386719 -0.0924530029296875 0.03167724609375
0.0265960693359375 -0.139350891113281 -0.114265441894531 0.0643997192382813
0.0922088623046875 -0.160842895507813 -0.0723800659179687 0.053680419921875
0.143341064453125 -0.118057250976563 -0.213943481445313 -0.143844604492188
0.0503730773925781 -0.0619621276855469 -0.0608978271484375 -0.0941925048828125
0.0357704162597656 -0.0460166931152344 0.0550689697265625 -0.119438171386719
0.0171546936035156 -0.0287456512451172 0.04644775390625 -0.172195434570313
0.0200958251953125 -0.0360832214355469 0.01287841796875 -0.176284790039063
-0.0127601623535156 -0.0348911285400391 -0.047271728515625 -0.180557250976563
-0.0547447204589844 -0.0254096984863281 -0.092315673828125 -0.1444091796875
-0.0623588562011719 -0.0270423889160156 -0.070343017578125 -0.0976409912109375
-0.08746337890625 -0.0217056274414063 -0.053924560546875 -0.0628662109375
-0.0892715454101563 -0.0475616455078125 -0.0341949462890625 -0.0223350524902344
-0.0740127563476562 -0.0969314575195313 -0.0366172790527344 0.018402099609375
-0.0417709350585937 -0.131622314453125 -0.0693931579589844 0.0258407592773437
0.0527191162109375 -0.149917602539063 -0.0792312622070313 0.00318145751953125
0.088043212890625 -0.153945922851563 -0.0843582153320312 0.0108489990234375
0.157379150390625 -0.148330688476563 -0.0165796279907226 0.00390434265136718
0.202499389648437 -0.0764617919921875 -0.1455078125 -0.177810668945313
0.13092041015625 -0.0508499145507812 -0.00590515136718748 -0.1265869140625
0.120651245117188 -0.0782241821289063 0.0851364135742188 -0.139358520507813
0.065093994140625 -0.0892105102539063 0.057586669921875 -0.186859130859375
0.0419998168945312 -0.0949020385742187 0.017730712890625 -0.171981811523437
-0.0214767456054688 -0.0929336547851563 -0.0422210693359375 -0.165878295898438
-0.0751800537109375 -0.0756683349609375 -0.0705108642578125 -0.125457763671875
-0.076019287109375 -0.0730056762695313 -0.0404281616210938 -0.080535888671875
-0.104393005371094 -0.06597900390625 -0.0231094360351563 -0.0533866882324219
-0.0915603637695313 -0.0837936401367187 -0.00980091094970703 -0.00809669494628907
-0.0632171630859375 -0.131309509277344 -0.0191669464111328 0.0292339324951172
-0.022003173828125 -0.159576416015625 -0.0609016418457031 0.0237922668457031
0.095947265625 -0.159088134765625 -0.0689010620117188 -0.0189628601074219
0.136154174804688 -0.1429443359375 -0.0533828735351562 -0.0415573120117188
0.201202392578125 -0.112548828125 0.0500373840332031 -0.039337158203125
0.228424072265625 -0.027099609375 -0.0625152587890625 -0.194168090820313
0.187484741210938 -0.03021240234375 0.0558319091796875 -0.150405883789062
0.185287475585937 -0.096832275390625 0.110702514648438 -0.148147583007813
0.101425170898438 -0.1357421875 0.06793212890625 -0.180191040039063
0.0564651489257813 -0.14019775390625 0.02667236328125 -0.147598266601563
-0.0279541015625 -0.135391235351563 -0.0260162353515625 -0.131523132324219
-0.0852813720703125 -0.113235473632813 -0.0367202758789063 -0.0922775268554688
-0.0785598754882812 -0.108238220214844 -0.00423049926757813 -0.0521621704101563
-0.1044921875 -0.103012084960937 0.0103130340576172 -0.0305976867675781
-0.0770187377929688 -0.111892700195312 0.0121555328369141 0.0159120559692383
-0.035888671875 -0.151443481445313 -0.00622940063476563 0.04437255859375
0.0106048583984375 -0.16693115234375 -0.0525436401367188 0.0255317687988281
0.135498046875 -0.141387939453125 -0.0584297180175781 -0.0327682495117188
0.173904418945313 -0.104324340820313 -0.0201187133789062 -0.0805587768554688
0.219879150390625 -0.0556488037109375 0.119918823242188 -0.0661392211914063
0.2139892578125 0.0228118896484375 0.0158538818359375 -0.19488525390625
0.20367431640625 -0.0018157958984375 0.110443115234375 -0.1649169921875
0.209701538085938 -0.090789794921875 0.120864868164063 -0.145767211914063
0.116668701171875 -0.149063110351563 0.0729827880859375 -0.154541015625
0.06298828125 -0.1536865234375 0.036651611328125 -0.107406616210938
-0.026947021484375 -0.15203857421875 -0.000343322753906245 -0.0851364135742188
-0.0815277099609375 -0.131546020507813 0.0042877197265625 -0.0507240295410156
-0.0691909790039063 -0.126739501953125 0.0315074920654297 -0.0168266296386719
-0.0895462036132812 -0.126564025878906 0.0399703979492187 0.00405502319335937
-0.0513839721679688 -0.127830505371094 0.0269279479980469 0.0489349365234375
-0.000167846679687498 -0.155105590820313 -4.95910644531269E-05 0.0651512145996094
0.0486907958984375 -0.15618896484375 -0.045379638671875 0.032470703125
0.16778564453125 -0.103118896484375 -0.0444793701171875 -0.0344085693359375
0.196426391601563 -0.0467987060546875 0.0189895629882813 -0.097015380859375
0.212631225585938 0.0124664306640625 0.1861572265625 -0.069488525390625
0.163467407226563 0.0687103271484375 0.0748138427734375 -0.180465698242188
0.177932739257813 0.0315093994140625 0.145492553710938 -0.165725708007813
0.188446044921875 -0.0595703125 0.116432189941406 -0.131477355957031
0.108612060546875 -0.122222900390625 0.073699951171875 -0.116729736328125
0.0626144409179688 -0.12774658203125 0.045318603515625 -0.0629196166992188
-0.01373291015625 -0.137908935546875 0.0280113220214844 -0.0384559631347656
-0.0609588623046875 -0.129631042480469 0.0445213317871094 -0.00942611694335938
-0.0508499145507813 -0.126426696777344 0.0622329711914063 0.0208549499511719
-0.065338134765625 -0.132087707519531 0.0641441345214844 0.0458145141601562
-0.026214599609375 -0.127586364746094 0.0333786010742187 0.0887527465820312
0.0284423828125 -0.142684936523438 -0.000465393066406255 0.0902175903320312
0.07574462890625 -0.132270812988281 -0.0383644104003906 0.0462570190429688
0.179855346679688 -0.0586395263671875 -0.0264816284179687 -0.0202102661132812
0.195907592773438 0.0141754150390625 0.0593643188476563 -0.0840225219726563
0.177963256835938 0.0762786865234375 0.23980712890625 -0.0450286865234375
0.0874099731445312 0.106582641601563 0.104888916015625 -0.15155029296875
0.119178771972656 0.0663299560546875 0.155593872070313 -0.150039672851563
0.134429931640625 -0.00704193115234375 0.102035522460938 -0.105903625488281
0.08538818359375 -0.0632858276367188 0.072998046875 -0.0785598754882813
0.0614471435546875 -0.0720901489257812 0.0517311096191406 -0.0274467468261719
0.0126800537109375 -0.100341796875 0.0502777099609375 -0.00212478637695313
-0.0266265869140625 -0.108001708984375 0.0740966796875 0.0249481201171875
-0.0249176025390625 -0.107818603515625 0.0821609497070313 0.0559310913085937
-0.0370635986328125 -0.117774963378906 0.079833984375 0.0879898071289062
-0.00832366943359376 -0.109710693359375 0.0346832275390625 0.12738037109375
0.0384063720703125 -0.116790771484375 -0.00317382812500001 0.1163330078125
0.0786895751953125 -0.102188110351562 -0.0315818786621094 0.0679550170898438
0.163543701171875 -0.0222930908203125 -0.0118865966796875 0.0116243362426758
0.166107177734375 0.0619049072265625 0.09100341796875 -0.0446395874023437
0.118820190429688 0.12237548828125 0.273818969726563 0.00332641601562501
-0.039886474609375 -0.145172119140625 -0.276992797851562 -0.0126953125
-0.108795166015625 -0.0418777465820312 -0.105369567871094 0.0124053955078125
-0.109542846679687 0.0287322998046875 0.0186843872070312 -0.0526885986328125
-0.0589523315429688 0.0741806030273437 0.0350875854492187 -0.112586975097656
-0.0217857360839844 0.0686874389648438 0.00552368164062499 -0.14532470703125
0.00975799560546876 0.0721893310546875 -0.051971435546875 -0.157516479492188
0.00984954833984375 0.0699195861816406 -0.111068725585937 -0.12030029296875
-0.00315093994140625 0.064666748046875 -0.103706359863281 -0.0781631469726562
-0.0063629150390625 0.0665931701660156 -0.0874176025390625 -0.03900146484375
-0.0316810607910156 0.0456314086914063 -0.0666694641113281 -0.0186119079589844
-0.0526504516601563 0.0234336853027344 -0.0606460571289062 0.0201454162597656
-0.0667495727539063 -0.000648498535156246 -0.0781784057617188 0.0524063110351562
-0.0707321166992188 -0.0539016723632813 -0.106292724609375 0.0717926025390625
-0.05975341796875 -0.0962600708007813 -0.132575988769531 0.121673583984375
-0.00877380371093749 -0.14862060546875 -0.1014404296875 0.10882568359375
0.047882080078125 -0.14447021484375 -0.267303466796875 -0.0689544677734375
-0.0378189086914062 -0.0558052062988281 -0.0996017456054688 -0.0379409790039062
-0.0443382263183594 -0.00396728515625 0.02569580078125 -0.0888671875
-0.0226497650146484 0.0307273864746094 0.030731201171875 -0.144287109375
6.10351562500021E-05 0.0204067230224609 0.00253295898437502 -0.164321899414063
0.000461578369140625 0.0211524963378906 -0.057952880859375 -0.174774169921875
-0.0225448608398438 0.0255546569824219 -0.113899230957031 -0.136512756347656
-0.0350341796875 0.0211772918701172 -0.099609375 -0.0909423828125
-0.0508575439453125 0.02496337890625 -0.0833206176757813 -0.0525588989257813
-0.0656013488769531 -0.000820159912109379 -0.0604057312011719 -0.0231590270996094
-0.0689430236816406 -0.040435791015625 -0.05462646484375 0.0174140930175781
-0.0575103759765625 -0.0723724365234375 -0.0784149169921875 0.0384750366210937
-0.00873565673828125 -0.109664916992188 -0.0963668823242187 0.037841796875
0.0127716064453125 -0.1353759765625 -0.113960266113281 0.0735397338867188
0.074493408203125 -0.164749145507813 -0.0729904174804688 0.0589675903320312
0.131683349609375 -0.125503540039063 -0.227920532226562 -0.119857788085938
0.047210693359375 -0.0606956481933594 -0.0677871704101563 -0.0815353393554687
0.0364341735839844 -0.0441398620605469 0.047698974609375 -0.119583129882813
0.0205860137939453 -0.0278244018554688 0.0349884033203125 -0.173233032226563
0.0218696594238281 -0.0391006469726563 0.00154113769531248 -0.17523193359375
-0.0116424560546875 -0.0380401611328125 -0.0609893798828125 -0.176620483398438
-0.05401611328125 -0.0247726440429687 -0.104904174804688 -0.135177612304687
-0.0624961853027344 -0.025909423828125 -0.0800933837890625 -0.0893325805664062
-0.087860107421875 -0.0182876586914063 -0.06170654296875 -0.0555267333984375
-0.089263916015625 -0.0429916381835937 -0.0402984619140625 -0.0173759460449219
-0.0781173706054688 -0.0913848876953125 -0.0396728515625 0.0238227844238281
-0.049652099609375 -0.125907897949219 -0.0737533569335938 0.0329742431640625
0.040802001953125 -0.150848388671875 -0.0875930786132813 0.00926208496093749
0.0736236572265625 -0.156600952148438 -0.0904541015625 0.0181198120117188
0.142959594726563 -0.158599853515625 -0.0233230590820312 0.0059986114501953
0.195907592773438 -0.090484619140625 -0.162155151367188 -0.157913208007813
0.12890625 -0.057769775390625 -0.017303466796875 -0.116943359375
0.118415832519531 -0.0855484008789063 0.0762481689453125 -0.141189575195313
0.0616683959960938 -0.0927658081054688 0.0445556640625 -0.187789916992187
0.0375823974609375 -0.100425720214844 0.005889892578125 -0.170989990234375
-0.0264663696289062 -0.0934677124023438 -0.05511474609375 -0.15985107421875
-0.0795974731445313 -0.071136474609375 -0.0811309814453125 -0.115371704101563
-0.0812149047851563 -0.0692672729492187 -0.0478973388671875 -0.0746002197265625
-0.108833312988281 -0.0597000122070313 -0.0303916931152344 -0.0469741821289063
-0.0957412719726563 -0.0779190063476563 -0.0145206451416016 -0.00282669067382813
-0.071441650390625 -0.126731872558594 -0.0219497680664063 0.0351715087890625
-0.0334625244140625 -0.157684326171875 -0.0656661987304688 0.0312995910644531
0.083099365234375 -0.165939331054688 -0.0797042846679687 -0.0117568969726563
0.124526977539062 -0.15142822265625 -0.0644378662109375 -0.0352935791015625
0.191802978515625 -0.12823486328125 0.039154052734375 -0.0419425964355469
0.227706909179688 -0.0446319580078125 -0.0817108154296875 -0.180938720703125
0.186813354492187 -0.0425262451171875 0.041229248046875 -0.1456298828125
0.179290771484375 -0.111358642578125 0.10028076171875 -0.151565551757813
0.092254638671875 -0.143646240234375 0.055328369140625 -0.181716918945313
0.04620361328125 -0.147018432617188 0.0160064697265625 -0.147171020507812
-0.0385665893554687 -0.134681701660156 -0.0369415283203125 -0.1256103515625
-0.0941009521484375 -0.105430603027344 -0.0444717407226563 -0.0841140747070313
-0.0878372192382813 -0.102645874023438 -0.00945281982421876 -0.0482177734375
-0.112472534179688 -0.0945358276367187 0.00549125671386718 -0.0261421203613281
-0.0848007202148437 -0.106201171875 0.0101985931396484 0.0206165313720703
-0.047882080078125 -0.148345947265625 -0.0065460205078125 0.0501251220703125
-0.00262451171875 -0.167495727539063 -0.0568122863769531 0.0335769653320312
0.124298095703125 -0.15374755859375 -0.0705795288085937 -0.026580810546875
0.1658935546875 -0.117630004882813 -0.0332870483398437 -0.0770645141601563
0.216888427734375 -0.0747528076171875 0.107513427734375 -0.0739822387695313
0.219558715820312 0.00390625 -0.00306701660156247 -0.188003540039062
0.206405639648438 -0.0188446044921875 0.0943603515625 -0.165603637695313
0.20355224609375 -0.111419677734375 0.111175537109375 -0.150253295898438
0.104476928710938 -0.158859252929688 0.06207275390625 -0.156661987304687
0.0490264892578125 -0.160507202148437 0.0293426513671875 -0.107765197753906
-0.04058837890625 -0.149520874023438 -0.00752258300781249 -0.0808563232421875
-0.0931015014648438 -0.122810363769531 0.000125885009765624 -0.0465278625488281
-0.081817626953125 -0.120269775390625 0.0297145843505859 -0.0155811309814453
-0.100685119628906 -0.116722106933594 0.0388565063476562 0.00618362426757812
-0.0621795654296875 -0.122764587402344 0.0282974243164062 0.0537223815917969
-0.0142822265625 -0.154891967773438 0.0013580322265625 0.0714874267578125
0.0342559814453125 -0.161178588867188 -0.04888916015625 0.0400505065917969
0.159271240234375 -0.120361328125 -0.0555152893066406 -0.0289649963378906
0.192733764648438 -0.065216064453125 0.00383758544921876 -0.096588134765625
0.216522216796875 -0.007659912109375 0.17437744140625 -0.0817413330078125
0.173171997070313 0.0522003173828125 0.058197021484375 -0.179702758789063
0.182830810546875 0.013916015625 0.129852294921875 -0.171676635742188
0.185028076171875 -0.080169677734375 0.107711791992188 -0.135223388671875
0.09661865234375 -0.133644104003906 0.0664825439453125 -0.1192626953125
0.048980712890625 -0.136009216308594 0.0424995422363281 -0.0649375915527344
-0.0284652709960938 -0.135162353515625 0.0250320434570312 -0.0371208190917969
-0.073822021484375 -0.120040893554687 0.0435104370117187 -0.00971603393554688
-0.0639114379882813 -0.119941711425781 0.0641708374023438 0.0184555053710937
-0.078033447265625 -0.122894287109375 0.0669631958007813 0.0458869934082031
-0.038330078125 -0.122230529785156 0.038330078125 0.0927810668945313
0.0135498046875 -0.1436767578125 0.0030670166015625 0.0957870483398437
0.0622940063476562 -0.139328002929688 -0.0400772094726563 0.052520751953125
0.173812866210938 -0.0783233642578125 -0.0352020263671875 -0.0172500610351563
0.1971435546875 -0.00677490234375 0.046173095703125 -0.0884323120117188
0.18743896484375 0.0573577880859375 0.231948852539063 -0.0628204345703125
0.099884033203125 0.09490966796875 0.092376708984375 -0.1556396484375
0.127937316894531 0.0519638061523438 0.142913818359375 -0.158248901367188
0.1339111328125 -0.024566650390625 0.09661865234375 -0.109405517578125
0.0765838623046875 -0.0738677978515625 0.0706253051757813 -0.0815200805664063
0.0511322021484375 -0.0797271728515625 0.0527267456054688 -0.0306434631347656
-0.000534057617187496 -0.098846435546875 0.0515518188476563 -0.00485229492187501
-0.0391616821289062 -0.100715637207031 0.0770263671875 0.02056884765625
-0.0366134643554688 -0.101524353027344 0.0877227783203125 0.0504379272460937
-0.04949951171875 -0.108917236328125 0.0864028930664062 0.0848922729492187
-0.0198898315429688 -0.104499816894531 0.0432052612304688 0.129615783691406
0.0251007080078125 -0.117942810058594 0.00266265869140626 0.120697021484375
0.0658111572265625 -0.108650207519531 -0.0314712524414062 0.0729598999023438
0.159957885742187 -0.040435791015625 -0.0166873931884766 0.0113649368286133
0.171035766601563 0.0421142578125 0.0825347900390625 -0.0523452758789063
0.131851196289063 0.107261657714844 0.2711181640625 -0.0190277099609375
-0.0509262084960937 -0.133926391601563 -0.271713256835938 0.0046234130859375
-0.107749938964844 -0.0303726196289062 -0.0999526977539062 0.0197525024414062
-0.101089477539063 0.038665771484375 0.0180625915527344 -0.0517158508300781
-0.0482025146484375 0.0770263671875 0.0319442749023438 -0.11285400390625
-0.0137557983398438 0.0670661926269531 0.00103759765625 -0.144790649414063
0.0159416198730469 0.0650100708007813 -0.0585479736328125 -0.156219482421875
0.0158042907714844 0.0632820129394531 -0.116600036621094 -0.114265441894531
0.00198364257812499 0.0592727661132813 -0.107940673828125 -0.0721664428710938
-0.00135803222656251 0.060302734375 -0.0902023315429688 -0.0340957641601562
-0.02496337890625 0.0429496765136719 -0.0702018737792969 -0.0156745910644531
-0.0461997985839844 0.0249671936035156 -0.062408447265625 0.0224533081054687
-0.0617637634277344 0.00550460815429687 -0.077880859375 0.0552825927734375
-0.0713729858398438 -0.0430908203125 -0.104591369628906 0.0738601684570313
-0.0651092529296875 -0.0849533081054688 -0.126686096191406 0.124794006347656
-0.02215576171875 -0.140220642089844 -0.097503662109375 0.110748291015625
0.0363540649414062 -0.138504028320313 -0.266387939453125 -0.0492553710937499
-0.0377311706542969 -0.0476150512695312 -0.097808837890625 -0.02740478515625
-0.03875732421875 0.0026397705078125 0.0222244262695312 -0.0861663818359375
-0.0141773223876953 0.0324001312255859 0.025543212890625 -0.1427001953125
0.00598907470703125 0.0178966522216797 -0.00254821777343751 -0.161331176757813
0.00402450561523437 0.0158796310424805 -0.0650177001953125 -0.170608520507812
-0.0189781188964844 0.0217666625976563 -0.120231628417969 -0.127975463867187
-0.0321407318115234 0.018829345703125 -0.104232788085938 -0.0830535888671875
-0.0478744506835938 0.0230140686035156 -0.0869598388671875 -0.0457611083984375
-0.0614814758300781 -0.00102996826171874 -0.0642852783203125 -0.0182838439941406
-0.0654830932617188 -0.0366134643554688 -0.0570564270019531 0.0215988159179687
-0.0569305419921875 -0.0659294128417969 -0.079803466796875 0.0429153442382812
-0.0138626098632812 -0.103317260742188 -0.0981674194335937 0.0419235229492188
0.00453948974609375 -0.127769470214844 -0.112571716308594 0.0786972045898438
0.0608367919921875 -0.16143798828125 -0.0740890502929688 0.0621337890625
0.121650695800781 -0.125152587890625 -0.231246948242188 -0.0991668701171875
0.0455818176269531 -0.0573043823242188 -0.0703811645507813 -0.0698471069335937
0.0378227233886719 -0.0422325134277344 0.0428009033203125 -0.117202758789063
0.0242042541503906 -0.0276737213134766 0.027374267578125 -0.169906616210937
0.0240211486816406 -0.042022705078125 -0.00491333007812501 -0.1712646484375
-0.0108833312988281 -0.04071044921875 -0.0682525634765625 -0.170120239257812
-0.0528411865234375 -0.0251884460449219 -0.110458374023438 -0.124946594238281
-0.0622787475585937 -0.0258216857910156 -0.08428955078125 -0.0818862915039063
-0.0863265991210938 -0.0170974731445312 -0.0657157897949219 -0.0488662719726563
-0.0873184204101562 -0.03973388671875 -0.0440521240234375 -0.0119132995605469
-0.0785140991210938 -0.0868377685546875 -0.0416183471679688 0.0285682678222656
-0.0528182983398438 -0.120223999023438 -0.0755691528320313 0.0384368896484375
0.0332794189453125 -0.147369384765625 -0.0926895141601563 0.0150985717773437
0.0639801025390625 -0.153076171875 -0.0940628051757813 0.0242843627929687
0.130264282226562 -0.16058349609375 -0.0287685394287109 0.00849151611328124
0.188705444335938 -0.096282958984375 -0.169601440429688 -0.138595581054687
0.125762939453125 -0.0592880249023438 -0.0230865478515625 -0.106048583984375
0.1153564453125 -0.0890731811523438 0.0695037841796875 -0.13897705078125
0.0596694946289063 -0.0938568115234375 0.0356292724609375 -0.183670043945313
0.0349273681640625 -0.103294372558594 -0.00169372558593751 -0.166091918945313
-0.028594970703125 -0.093505859375 -0.061767578125 -0.15203857421875
-0.0810546875 -0.0674514770507813 -0.0860671997070313 -0.1063232421875
-0.0834197998046875 -0.0663681030273438 -0.0517692565917969 -0.0675125122070313
-0.110427856445313 -0.0547714233398437 -0.0347099304199219 -0.0405311584472656
-0.09649658203125 -0.0736465454101563 -0.0173711776733399 0.00199508666992187
-0.0755462646484375 -0.121978759765625 -0.0227546691894531 0.0389556884765625
-0.0393829345703125 -0.15283203125 -0.0684814453125 0.0384712219238281
0.0740814208984375 -0.167037963867188 -0.0877609252929688 -0.00519561767578128
0.114105224609375 -0.152786254882813 -0.0722885131835937 -0.0285186767578125
0.181915283203125 -0.134613037109375 0.029815673828125 -0.0404701232910156
0.224044799804688 -0.05596923828125 -0.092498779296875 -0.16522216796875
0.183944702148438 -0.050933837890625 0.0324249267578125 -0.136985778808594
0.17401123046875 -0.120529174804688 0.0930938720703125 -0.149734497070313
0.0850982666015625 -0.145858764648438 0.046295166015625 -0.17822265625
0.0391082763671875 -0.149444580078125 0.01007080078125 -0.142852783203125
-0.044281005859375 -0.130744934082031 -0.042388916015625 -0.118034362792969
-0.098052978515625 -0.098297119140625 -0.048065185546875 -0.0760650634765625
-0.092193603515625 -0.09698486328125 -0.0115814208984375 -0.0436859130859375
-0.116485595703125 -0.0871353149414062 0.0029163360595703 -0.0208702087402344
-0.08807373046875 -0.0999221801757813 0.00877571105957031 0.0255165100097656
-0.054351806640625 -0.144317626953125 -0.0067138671875 0.0548286437988281
-0.0109710693359375 -0.165542602539063 -0.05975341796875 0.0406379699707031
0.114776611328125 -0.15924072265625 -0.0784988403320312 -0.0191650390625
0.15692138671875 -0.124359130859375 -0.0445480346679687 -0.0707321166992188
0.21124267578125 -0.085205078125 0.0955886840820313 -0.0756454467773438
0.218826293945313 -0.00970458984375 -0.0142364501953125 -0.17657470703125
0.203720092773437 -0.0308380126953125 0.0829315185546875 -0.159576416015625
0.195724487304688 -0.123443603515625 0.10382080078125 -0.149368286132813
0.09393310546875 -0.163009643554687 0.054412841796875 -0.15447998046875
0.038848876953125 -0.162979125976563 0.0246353149414062 -0.10498046875
-0.0488739013671875 -0.143814086914063 -0.0110855102539063 -0.07537841796875
-0.0992202758789062 -0.112754821777344 -0.00157546997070313 -0.0416831970214844
-0.087982177734375 -0.112953186035156 0.0289516448974609 -0.0142898559570313
-0.106636047363281 -0.107696533203125 0.0374069213867187 0.00895309448242187
-0.067413330078125 -0.115692138671875 0.029327392578125 0.0572052001953125
-0.0234832763671875 -0.151138305664063 0.00257110595703125 0.0754241943359375
0.0248260498046875 -0.16119384765625 -0.0506362915039062 0.0463790893554688
0.150238037109375 -0.129302978515625 -0.0638771057128906 -0.02337646484375
0.18646240234375 -0.07623291015625 -0.00740051269531248 -0.093017578125
0.214767456054688 -0.0213775634765625 0.161285400390625 -0.08770751953125
0.176712036132813 0.0384979248046875 0.0473175048828125 -0.172698974609375
0.183212280273438 0.0005035400390625 0.117584228515625 -0.168487548828125
0.177825927734375 -0.0935516357421875 0.101570129394531 -0.134788513183594
0.0850830078125 -0.138465881347656 0.0613327026367188 -0.118698120117188
0.0382614135742188 -0.138191223144531 0.0400466918945313 -0.0646209716796875
-0.0379486083984375 -0.129417419433594 0.0232048034667969 -0.0351066589355469
-0.0815353393554688 -0.109748840332031 0.0436935424804687 -0.00902938842773438
-0.0706405639648438 -0.111106872558594 0.0649528503417969 0.017822265625
-0.0849075317382813 -0.112686157226562 0.0681343078613281 0.0460319519042969
-0.045074462890625 -0.115562438964844 0.04217529296875 0.0942764282226562
0.003631591796875 -0.14080810546875 0.00568389892578125 0.0986175537109375
0.05096435546875 -0.139732360839844 -0.0415878295898437 0.0577163696289062
0.165634155273438 -0.0893707275390625 -0.0423736572265625 -0.0132408142089844
0.193344116210938 -0.02032470703125 0.0352630615234375 -0.087738037109375
0.189956665039062 0.04278564453125 0.220413208007813 -0.07220458984375
0.106849670410156 0.0835037231445313 0.0840606689453125 -0.152984619140625
0.130912780761719 0.0395965576171875 0.131607055664063 -0.159133911132813
0.129814147949219 -0.0367279052734375 0.0926361083984375 -0.108993530273438
0.06781005859375 -0.0788497924804688 0.0684661865234375 -0.082794189453125
0.041778564453125 -0.08258056640625 0.0522499084472656 -0.0320510864257813
-0.00965118408203125 -0.093658447265625 0.0517349243164063 -0.00545883178710938
-0.0466232299804688 -0.0913925170898438 0.0776138305664062 0.0177993774414062
-0.0438766479492188 -0.0934524536132813 0.09063720703125 0.046478271484375
-0.056549072265625 -0.0993194580078125 0.0899124145507813 0.082763671875
-0.0271759033203125 -0.0974349975585938 0.0492324829101563 0.130294799804688
0.0145111083984375 -0.114601135253906 0.00652313232421876 0.1224365234375
0.055145263671875 -0.109474182128906 -0.0310592651367188 0.07550048828125
0.152053833007813 -0.0529327392578125 -0.0210418701171875 0.0120010375976563
0.169586181640625 0.0266571044921875 0.0735855102539063 -0.0569839477539062
0.138572692871094 0.09246826171875 0.262588500976563 -0.032867431640625
-0.0563812255859375 -0.1246337890625 -0.2667236328125 0.0136260986328124
-0.10498046875 -0.0233917236328125 -0.0951919555664063 0.0241241455078125
-0.09466552734375 0.0445327758789063 0.0190277099609375 -0.0502510070800781
-0.0406723022460937 0.0781631469726563 0.0316543579101563 -0.113296508789062
-0.00804519653320313 0.0650749206542969 0.000778198242187501 -0.145538330078125
0.0194244384765625 0.0594062805175781 -0.060638427734375 -0.157135009765625
0.0182723999023438 0.0564956665039063 -0.118927001953125 -0.112266540527344
0.00472259521484375 0.054962158203125 -0.110031127929688 -0.0691986083984375
0.000297546386718755 0.0555152893066406 -0.0921249389648438 -0.0319900512695312
-0.0212364196777344 0.0392837524414063 -0.0731201171875 -0.014190673828125
-0.040557861328125 0.0249137878417969 -0.0649833679199219 0.0236625671386719
-0.05731201171875 0.0092620849609375 -0.0791854858398438 0.0562362670898437
-0.070556640625 -0.0358505249023438 -0.104766845703125 0.0741043090820312
-0.0668563842773438 -0.0769805908203125 -0.124740600585938 0.125038146972656
-0.0293197631835938 -0.133338928222656 -0.0978240966796875 0.109771728515625
0.031036376953125 -0.132797241210937 -0.26409912109375 -0.0380706787109376
-0.036651611328125 -0.0413894653320313 -0.0949630737304687 -0.0200119018554688
-0.0330085754394531 0.00716018676757813 0.0225601196289062 -0.0835342407226563
-0.00777435302734375 0.0333442687988281 0.024200439453125 -0.140869140625
0.0102434158325195 0.0150251388549805 -0.00346374511718751 -0.160369873046875
0.00660800933837891 0.0104608535766602 -0.0673370361328125 -0.169189453125
-0.0163469314575195 0.0166597366333008 -0.122970581054688 -0.123558044433594
-0.0306472778320313 0.0155544281005859 -0.106613159179688 -0.0789642333984375
-0.0460281372070313 0.019989013671875 -0.0891494750976562 -0.0424041748046875
-0.0582466125488281 -0.00318908691406249 -0.0677642822265625 -0.0161094665527344
-0.0623397827148437 -0.03570556640625 -0.0597724914550781 0.0239753723144531
-0.0550994873046875 -0.0623626708984375 -0.0824356079101563 0.0455245971679687
-0.014739990234375 -0.0979156494140625 -0.101127624511719 0.0441055297851562
0.00101470947265626 -0.121223449707031 -0.113792419433594 0.0809478759765625
0.0532989501953125 -0.156707763671875 -0.07684326171875 0.063720703125
0.116500854492188 -0.122268676757813 -0.231414794921875 -0.0857696533203126
0.0462493896484375 -0.0538177490234375 -0.0692520141601563 -0.0610313415527344
0.0414009094238281 -0.040283203125 0.0419464111328125 -0.114151000976562
0.0290470123291016 -0.0269889831542969 0.0252532958984375 -0.16693115234375
0.0262832641601563 -0.0444374084472656 -0.00656127929687501 -0.168777465820313
-0.00968551635742188 -0.0443763732910156 -0.0707244873046875 -0.166427612304688
-0.051605224609375 -0.0273818969726562 -0.112716674804687 -0.119560241699219
-0.0618896484375 -0.0272750854492188 -0.0868072509765625 -0.076812744140625
-0.0854339599609375 -0.0179290771484375 -0.068572998046875 -0.044189453125
-0.0855560302734375 -0.040985107421875 -0.0471649169921875 -0.00858688354492188
-0.0769729614257813 -0.084869384765625 -0.044158935546875 0.0317420959472656
-0.0526962280273438 -0.117385864257813 -0.0794677734375 0.04327392578125
0.0301055908203125 -0.144821166992188 -0.0980300903320313 0.0193023681640625
0.0590057373046875 -0.1488037109375 -0.0980300903320312 0.0286712646484375
0.123870849609375 -0.159515380859375 -0.0344676971435547 0.010772705078125
0.18475341796875 -0.0970306396484375 -0.171615600585938 -0.12518310546875
0.125892639160156 -0.059051513671875 -0.0246200561523437 -0.0965957641601563
0.115699768066406 -0.0895462036132812 0.0683364868164063 -0.135459899902344
0.0613937377929688 -0.094207763671875 0.0323333740234375 -0.180160522460937
0.03424072265625 -0.105499267578125 -0.00311279296874998 -0.1634521484375
-0.0289993286132812 -0.0944747924804688 -0.064453125 -0.146591186523438
-0.0803909301757812 -0.06671142578125 -0.0876922607421875 -0.100151062011719
-0.0837326049804688 -0.0659103393554687 -0.0533828735351563 -0.0631752014160156
-0.110130310058594 -0.05340576171875 -0.0365829467773438 -0.035675048828125
-0.0959243774414063 -0.0723342895507813 -0.0191764831542969 0.00655937194824218
-0.0761871337890625 -0.120552062988281 -0.0246429443359375 0.0434608459472656
-0.0408935546875 -0.1507568359375 -0.0714569091796875 0.0430679321289062
0.070159912109375 -0.166305541992188 -0.0937118530273438 0.000465393066406259
0.109420776367188 -0.151763916015625 -0.0782318115234375 -0.0233154296875
0.1773681640625 -0.136154174804687 0.02294921875 -0.0388679504394531
0.222198486328125 -0.060821533203125 -0.0952911376953125 -0.152587890625
0.183242797851562 -0.053619384765625 0.0293045043945313 -0.127700805664063
0.1710205078125 -0.124603271484375 0.091064453125 -0.147247314453125
0.08258056640625 -0.146316528320313 0.0428009033203125 -0.174652099609375
0.0352935791015625 -0.151382446289062 0.00783538818359375 -0.139694213867188
-0.046966552734375 -0.12957763671875 -0.04412841796875 -0.112663269042969
-0.0995559692382812 -0.0945663452148438 -0.0483474731445313 -0.070587158203125
-0.0945510864257813 -0.09503173828125 -0.0127639770507813 -0.0398139953613281
-0.117568969726562 -0.0830459594726563 0.00069999694824218 -0.0165042877197266
-0.0888214111328125 -0.0974044799804687 0.00824737548828124 0.0296821594238281
-0.0570220947265625 -0.142196655273437 -0.00754928588867188 0.0587196350097656
-0.014129638671875 -0.164459228515625 -0.0630226135253906 0.0459480285644531
0.110809326171875 -0.161468505859375 -0.0850677490234375 -0.0134201049804688
0.15283203125 -0.127120971679688 -0.0518836975097656 -0.0657196044921875
0.208847045898437 -0.088958740234375 0.0870208740234375 -0.0737533569335938
0.219100952148438 -0.017120361328125 -0.01849365234375 -0.166290283203125
0.20361328125 -0.0361480712890625 0.078369140625 -0.151840209960938
0.192428588867188 -0.130096435546875 0.102035522460938 -0.146575927734375
0.0884246826171875 -0.164535522460938 0.0523529052734375 -0.150665283203125
0.03240966796875 -0.164230346679688 0.0234832763671875 -0.103050231933594
-0.0525588989257812 -0.140373229980469 -0.0117263793945312 -0.0707778930664063
-0.101348876953125 -0.107101440429687 -0.00158309936523438 -0.0378074645996094
-0.0904388427734375 -0.10845947265625 0.0290870666503906 -0.0114707946777344
-0.108474731445313 -0.102607727050781 0.0372161865234375 0.0125389099121094
-0.0693511962890625 -0.111930847167969 0.0301971435546875 0.0612869262695313
-0.0279388427734375 -0.148956298828125 0.00289154052734375 0.0791778564453125
0.0195159912109375 -0.160049438476563 -0.0534820556640625 0.0515975952148437
0.14569091796875 -0.133834838867188 -0.07049560546875 -0.0178909301757813
0.183074951171875 -0.0814361572265625 -0.0154495239257812 -0.08843994140625
0.2144775390625 -0.0282135009765625 0.153121948242188 -0.0878143310546875
0.178207397460938 0.02972412109375 0.0438690185546875 -0.165313720703125
0.183074951171875 -0.0067901611328125 0.112106323242188 -0.163375854492188
0.1737060546875 -0.101608276367188 0.100700378417969 -0.132919311523438
0.079254150390625 -0.140869140625 0.0601882934570312 -0.116691589355469
0.03118896484375 -0.139129638671875 0.0399017333984375 -0.0638236999511719
-0.0426559448242187 -0.12493896484375 0.0233516693115234 -0.0318851470947266
-0.0845718383789062 -0.102592468261719 0.0441703796386719 -0.00682830810546876
-0.074798583984375 -0.105606079101563 0.065643310546875 0.0177574157714844
-0.0876617431640625 -0.105949401855469 0.0687522888183594 0.0481300354003906
-0.0473556518554688 -0.110771179199219 0.044219970703125 0.0978927612304687
-0.00297546386718751 -0.138427734375 0.00698089599609376 0.102691650390625
0.0446701049804687 -0.139801025390625 -0.0436820983886719 0.0623664855957031
0.160675048828125 -0.095550537109375 -0.048126220703125 -0.0102424621582031
0.1904296875 -0.028533935546875 0.0274810791015625 -0.0858535766601563
0.191925048828125 0.033966064453125 0.212432861328125 -0.0748748779296875
0.110893249511719 0.0752716064453125 0.08160400390625 -0.14874267578125
0.131546020507813 0.0309524536132812 0.127029418945313 -0.156036376953125
0.12646484375 -0.0450286865234375 0.09271240234375 -0.10772705078125
0.0622482299804688 -0.081451416015625 0.0687484741210938 -0.08197021484375
0.0352706909179688 -0.083587646484375 0.0535316467285156 -0.0326919555664063
-0.0151214599609375 -0.0895309448242187 0.0525856018066406 -0.00495147705078125
-0.0502700805664062 -0.08404541015625 0.079315185546875 0.01708984375
-0.0473556518554688 -0.0871810913085937 0.0920257568359375 0.0447921752929687
-0.0592193603515625 -0.0920867919921875 0.0915985107421875 0.0830841064453125
-0.0301666259765625 -0.0917129516601563 0.0517959594726563 0.131675720214844
0.00812530517578125 -0.111190795898438 0.00788116455078125 0.124977111816406
0.0483856201171875 -0.10882568359375 -0.0326309204101563 0.0784530639648438
0.146652221679687 -0.0595703125 -0.0258407592773437 0.0124435424804687
0.167739868164062 0.0181121826171875 0.0667343139648438 -0.0580024719238281
0.141143798828125 0.0837860107421875 0.256484985351563 -0.03857421875
-0.0604324340820312 -0.119659423828125 -0.268692016601563 0.0177154541015624
-0.105072021484375 -0.0182571411132812 -0.093292236328125 0.0270004272460938
-0.0915069580078125 0.0488128662109375 0.0214042663574219 -0.0499954223632813
-0.0350494384765625 0.0794219970703125 0.034149169921875 -0.115852355957031
-0.00432205200195312 0.0641212463378906 0.00241088867187501 -0.14971923828125
0.0214920043945312 0.0553054809570313 -0.0625 -0.162628173828125
0.01995849609375 0.0523490905761719 -0.122962951660156 -0.114471435546875
0.0057220458984375 0.0525703430175781 -0.114578247070313 -0.069488525390625
0.000930786132812495 0.0525932312011719 -0.0955581665039063 -0.0324554443359375
-0.0196914672851562 0.0356979370117188 -0.0777435302734375 -0.0140151977539063
-0.0376014709472656 0.0239791870117188 -0.0698394775390625 0.0247383117675781
-0.05426025390625 0.0113945007324219 -0.0832290649414062 0.0578384399414063
-0.06964111328125 -0.0312957763671875 -0.108619689941406 0.0743560791015625
-0.0676040649414063 -0.0725479125976562 -0.12841796875 0.126213073730469
-0.0341339111328125 -0.129608154296875 -0.10260009765625 0.110633850097656
0.030029296875 -0.128349304199219 -0.2674560546875 -0.032257080078125
-0.0343666076660156 -0.0371246337890625 -0.0941543579101563 -0.0159454345703125
-0.0282840728759766 0.00946426391601562 0.0247955322265625 -0.0829391479492188
-0.00159454345703125 0.0337181091308594 0.026397705078125 -0.142501831054688
0.014373779296875 0.012934684753418 -0.00170898437499999 -0.164352416992188
0.00855779647827148 0.00582218170166016 -0.0692596435546875 -0.173065185546875
-0.0158758163452148 0.0125637054443359 -0.126106262207031 -0.124603271484375
-0.0303401947021484 0.0119037628173828 -0.110572814941406 -0.0781402587890625
-0.0469017028808594 0.0169906616210937 -0.0931015014648438 -0.04132080078125
-0.0572967529296875 -0.00680923461914063 -0.0719070434570313 -0.014007568359375
-0.0600013732910156 -0.0378379821777344 -0.0638961791992188 0.0265045166015625
-0.0527763366699219 -0.0623512268066406 -0.0873184204101563 0.0483551025390625
-0.013885498046875 -0.0958251953125 -0.106834411621094 0.0455474853515625
0.000762939453125 -0.118408203125 -0.118400573730469 0.0833892822265625
0.0506591796875 -0.154998779296875 -0.0824737548828125 0.0653457641601562
0.117874145507813 -0.120956420898437 -0.235198974609375 -0.0800323486328125
0.048919677734375 -0.0508308410644531 -0.06866455078125 -0.0551605224609375
0.0466957092285156 -0.0392951965332031 0.0439224243164062 -0.113304138183594
0.0343475341796875 -0.0279216766357422 0.0266876220703125 -0.16815185546875
0.0295372009277344 -0.04833984375 -0.00566101074218752 -0.170944213867188
-0.00826263427734375 -0.0491561889648438 -0.0723114013671875 -0.168502807617188
-0.0515251159667969 -0.0313682556152344 -0.1156005859375 -0.118698120117188
-0.0628280639648438 -0.0302772521972656 -0.0897064208984375 -0.0756072998046875
-0.0870513916015625 -0.0201492309570312 -0.072540283203125 -0.0418167114257812
-0.085723876953125 -0.0438385009765625 -0.0508041381835938 -0.00542831420898438
-0.076751708984375 -0.0874862670898438 -0.0478019714355469 0.0353202819824219
-0.0523757934570312 -0.118446350097656 -0.08416748046875 0.0473556518554687
0.031036376953125 -0.14508056640625 -0.104354858398438 0.0229263305664062
0.0601348876953125 -0.147689819335937 -0.104019165039062 0.03167724609375
0.1241455078125 -0.159393310546875 -0.0402908325195312 0.0128860473632812
0.18804931640625 -0.097991943359375 -0.175506591796875 -0.117935180664063
0.129867553710938 -0.057769775390625 -0.02325439453125 -0.090789794921875
0.121315002441406 -0.091583251953125 0.0707855224609375 -0.1356201171875
0.06475830078125 -0.0964431762695313 0.0338287353515625 -0.180633544921875
0.0361557006835938 -0.109886169433594 -0.00224304199218751 -0.16400146484375
-0.0294647216796875 -0.0988845825195313 -0.0655364990234375 -0.146560668945313
-0.0820388793945313 -0.0696487426757812 -0.0894241333007813 -0.09832763671875
-0.0866317749023438 -0.0688247680664062 -0.054931640625 -0.0611381530761719
-0.112884521484375 -0.054931640625 -0.0392990112304688 -0.0323829650878906
-0.0965347290039062 -0.075164794921875 -0.0215930938720703 0.0102481842041016
-0.0769195556640625 -0.122283935546875 -0.02703857421875 0.0477981567382812
-0.041290283203125 -0.152938842773437 -0.076873779296875 0.048797607421875
0.0716400146484375 -0.169097900390625 -0.100975036621094 0.00423431396484372
0.111251831054688 -0.152542114257813 -0.085052490234375 -0.0201568603515625
0.1798095703125 -0.138351440429688 0.0170783996582031 -0.03643798828125
0.22711181640625 -0.0628509521484375 -0.0976715087890625 -0.146331787109375
0.188323974609375 -0.0542144775390625 0.0296173095703125 -0.122200012207031
0.175399780273438 -0.129608154296875 0.094390869140625 -0.147552490234375
0.084716796875 -0.149566650390625 0.04461669921875 -0.174530029296875
0.035186767578125 -0.156661987304688 0.00885009765625002 -0.140106201171875
-0.0478057861328125 -0.132186889648437 -0.0443191528320313 -0.110939025878906
-0.100936889648438 -0.0958786010742188 -0.0489921569824219 -0.068359375
-0.09722900390625 -0.0964813232421875 -0.0129776000976563 -0.0385017395019531
-0.120323181152344 -0.0838699340820313 9.72747802734291E-05 -0.012629508972168
-0.089935302734375 -0.0994110107421875 0.00769424438476562 0.0342979431152344
-0.0589599609375 -0.144851684570313 -0.00885391235351562 0.0633277893066406
-0.0146942138671875 -0.167617797851563 -0.0673675537109375 0.0519943237304688
0.111892700195313 -0.165939331054687 -0.0923919677734375 -0.00901794433593751
0.155776977539063 -0.13006591796875 -0.0583839416503906 -0.06219482421875
0.213470458984375 -0.0925140380859375 0.0826873779296875 -0.0733108520507813
0.22467041015625 -0.020751953125 -0.01959228515625 -0.160781860351563
0.208526611328125 -0.0390167236328125 0.079193115234375 -0.147201538085938
0.194671630859375 -0.1370849609375 0.104965209960938 -0.147186279296875
0.0881195068359375 -0.169052124023438 0.0535888671875 -0.151138305664063
0.0306396484375 -0.169021606445312 0.0241775512695313 -0.103080749511719
-0.055816650390625 -0.141586303710938 -0.0117912292480469 -0.0682563781738282
-0.1038818359375 -0.105537414550781 -0.000492095947265634 -0.0352745056152344
-0.0943450927734375 -0.108718872070313 0.0303306579589844 -0.0103206634521484
-0.111625671386719 -0.101676940917969 0.0378646850585937 0.0164070129394531
-0.0706100463867188 -0.112739562988281 0.0311088562011719 0.0663719177246094
-0.0303802490234375 -0.150588989257813 0.002777099609375 0.0850601196289062
0.018341064453125 -0.162887573242188 -0.0579376220703125 0.0580291748046875
0.146621704101563 -0.139450073242188 -0.0770797729492187 -0.014129638671875
0.185745239257812 -0.0859527587890625 -0.0216140747070312 -0.0870742797851563
0.219818115234375 -0.0322113037109375 0.150848388671875 -0.0875244140625
0.18402099609375 0.0255584716796875 0.0455474853515625 -0.161666870117187
0.187530517578125 -0.01153564453125 0.114089965820313 -0.160049438476563
0.1744384765625 -0.109375 0.1043701171875 -0.133270263671875
0.076904296875 -0.144500732421875 0.0615005493164063 -0.1165771484375
0.0274810791015625 -0.142547607421875 0.0416526794433594 -0.0633964538574219
-0.0456695556640625 -0.124305725097656 0.0256271362304687 -0.0293006896972656
-0.0870819091796875 -0.0994338989257813 0.0465927124023437 -0.00555419921875001
-0.0772552490234375 -0.104293823242187 0.0684661865234375 0.0190811157226562
-0.0901260375976563 -0.103965759277344 0.0704193115234375 0.0518264770507812
-0.04888916015625 -0.109977722167969 0.0457534790039063 0.103431701660156
-0.00525665283203125 -0.138206481933594 0.00699615478515626 0.108390808105469
0.0426025390625 -0.141921997070313 -0.0473289489746094 0.0670089721679687
0.160842895507813 -0.1009521484375 -0.0541725158691406 -0.00708007812500001
0.192764282226563 -0.0337982177734375 0.0233154296875 -0.0854339599609375
0.197494506835938 0.029876708984375 0.212112426757813 -0.076202392578125
0.114944458007813 0.0712127685546875 0.084747314453125 -0.146942138671875
0.134803771972656 0.0264892578125 0.129196166992188 -0.154342651367188
0.127059936523438 -0.052032470703125 0.097198486328125 -0.107650756835937
0.0592193603515625 -0.084625244140625 0.072509765625 -0.0827102661132812
0.0316085815429688 -0.0853652954101563 0.0565071105957031 -0.0330886840820313
-0.0178604125976563 -0.0879745483398438 0.0547561645507813 -0.00337982177734376
-0.05267333984375 -0.0800704956054688 0.0820465087890625 0.017669677734375
-0.0502548217773437 -0.0843048095703125 0.0951080322265625 0.0455703735351563
-0.06146240234375 -0.0885543823242187 0.0949249267578125 0.0864028930664063
-0.0313339233398438 -0.0896987915039063 0.0539932250976563 0.137184143066406
0.00407409667968751 -0.110511779785156 0.00753021240234374 0.13018798828125
0.0450820922851562 -0.109916687011719 -0.0358963012695312 0.082275390625
0.145965576171875 -0.064605712890625 -0.0309886932373047 0.0142555236816406
0.169113159179688 0.0122833251953125 0.0634117126464844 -0.0588150024414063
0.144866943359375 0.07958984375 0.257217407226563 -0.0410003662109375
-0.0657424926757813 -0.117927551269531 -0.278610229492187 0.0245208740234375
-0.107551574707031 -0.0139846801757813 -0.0934295654296875 0.0307540893554688
-0.0898056030273438 0.0542221069335937 0.0242271423339844 -0.0513038635253906
-0.0302963256835937 0.0827713012695312 0.0367355346679688 -0.122978210449219
-2.67028808593717E-05 0.0645980834960938 0.002532958984375 -0.15948486328125
0.0235481262207031 0.0532798767089844 -0.067596435546875 -0.171875
0.0212669372558594 0.0493698120117188 -0.131523132324219 -0.118331909179688
0.00745010375976563 0.0511856079101562 -0.122154235839844 -0.0704193115234375
0.00181198120117187 0.0513648986816406 -0.102081298828125 -0.0327987670898437
-0.0191841125488281 0.0339622497558594 -0.0847702026367188 -0.0140457153320312
-0.0358467102050781 0.0236396789550781 -0.0753936767578125 0.0274734497070312
-0.0529937744140625 0.0134124755859375 -0.0887603759765625 0.061492919921875
-0.07147216796875 -0.0280990600585938 -0.115257263183594 0.0772628784179688
-0.0708465576171875 -0.0702285766601563 -0.135673522949219 0.132667541503906
-0.0398406982421875 -0.130264282226562 -0.109237670898437 0.115646362304688
0.029052734375 -0.129158020019531 -0.277999877929687 -0.02587890625
-0.0333843231201172 -0.0341529846191406 -0.0947494506835938 -0.0117950439453125
-0.0248775482177734 0.0125179290771484 0.0280380249023437 -0.0855636596679688
0.00456619262695313 0.03399658203125 0.027587890625 -0.14892578125
0.0188922882080078 0.0105171203613281 -0.00245666503906249 -0.172225952148438
0.00996112823486328 0.00157260894775391 -0.0745086669921875 -0.181243896484375
-0.016387939453125 0.00852584838867187 -0.134368896484375 -0.127792358398438
-0.0315837860107422 0.00917434692382813 -0.118179321289063 -0.0795211791992188
-0.0490074157714844 0.0150489807128906 -0.099945068359375 -0.0411300659179688
-0.0589332580566406 -0.00970077514648437 -0.0785675048828125 -0.0129470825195313
-0.0602455139160156 -0.0405540466308594 -0.0696945190429688 0.0300521850585937
-0.0535659790039063 -0.0637550354003906 -0.0937957763671875 0.0534286499023438
-0.0141372680664063 -0.0967559814453125 -0.114898681640625 0.0494537353515625
0.000335693359374999 -0.119148254394531 -0.126686096191406 0.0890655517578125
0.0497589111328125 -0.158187866210938 -0.090789794921875 0.069671630859375
0.12139892578125 -0.123458862304688 -0.2457275390625 -0.0734100341796876
0.0540428161621094 -0.0494384765625 -0.069366455078125 -0.0517311096191406
0.0527381896972656 -0.0406455993652344 0.047821044921875 -0.117233276367188
0.0407600402832031 -0.0303688049316406 0.0274810791015625 -0.173934936523438
0.0332565307617188 -0.0537796020507813 -0.00567626953125001 -0.178512573242187
-0.0083160400390625 -0.0552444458007813 -0.077789306640625 -0.174362182617188
-0.0539054870605469 -0.0355072021484375 -0.122062683105469 -0.121185302734375
-0.0659904479980469 -0.0342750549316406 -0.0961151123046875 -0.0761871337890625
-0.0921096801757813 -0.02252197265625 -0.07781982421875 -0.040283203125
-0.0890350341796875 -0.0478363037109375 -0.0555953979492188 -0.00268173217773438
-0.07891845703125 -0.0920562744140625 -0.0519218444824219 0.0398635864257812
-0.0537872314453125 -0.123283386230469 -0.09149169921875 0.0537490844726563
0.03265380859375 -0.150802612304688 -0.113868713378906 0.0271377563476562
0.0615234375 -0.151870727539063 -0.112457275390625 0.0369796752929687
0.127700805664063 -0.1654052734375 -0.0478286743164062 0.0158920288085937
0.196914672851562 -0.102386474609375 -0.183441162109375 -0.112991333007812
0.13848876953125 -0.0594329833984375 -0.0236587524414062 -0.0877227783203125
0.129005432128906 -0.0979232788085938 0.0754852294921875 -0.140625
0.0710220336914063 -0.102043151855469 0.0346527099609375 -0.18658447265625
0.0384368896484375 -0.118431091308594 -0.00289916992187499 -0.170501708984375
-0.0313568115234375 -0.105720520019531 -0.0696563720703125 -0.150115966796875
-0.0860824584960938 -0.0736160278320312 -0.0936965942382813 -0.099517822265625
-0.0914764404296875 -0.072662353515625 -0.059112548828125 -0.0614204406738281
-0.119674682617187 -0.0571975708007813 -0.0427627563476563 -0.0299224853515625
-0.101142883300781 -0.0792694091796875 -0.0241146087646484 0.0144081115722656
-0.0807571411132813 -0.128692626953125 -0.0297164916992188 0.053070068359375
-0.0439910888671875 -0.160369873046875 -0.08392333984375 0.0562591552734375
0.07415771484375 -0.1776123046875 -0.110183715820313 0.00917053222656248
0.115493774414063 -0.159332275390625 -0.0937423706054688 -0.0162124633789062
0.187240600585938 -0.145355224609375 0.0118331909179688 -0.0358543395996094
0.237945556640625 -0.0686798095703125 -0.102920532226563 -0.143295288085938
0.198837280273437 -0.058807373046875 0.0318984985351563 -0.12060546875
0.183425903320312 -0.140151977539063 0.0985870361328125 -0.153366088867188
0.08892822265625 -0.158523559570313 0.045562744140625 -0.180160522460938
0.034759521484375 -0.166213989257813 0.00869750976562501 -0.144760131835938
-0.0514373779296875 -0.139129638671875 -0.046478271484375 -0.111846923828125
-0.106521606445313 -0.0990829467773437 -0.0507965087890625 -0.0677452087402344
-0.103302001953125 -0.0999832153320313 -0.01373291015625 -0.0378303527832031
-0.127525329589844 -0.085968017578125 -0.000505447387695321 -0.00940799713134766
-0.0944671630859375 -0.103958129882812 0.0083465576171875 0.0398025512695313
-0.063629150390625 -0.15093994140625 -0.00997924804687501 0.07098388671875
-0.017547607421875 -0.175888061523438 -0.07354736328125 0.059967041015625
0.116226196289063 -0.175827026367188 -0.101882934570312 -0.00397491455078124
0.161651611328125 -0.136993408203125 -0.066253662109375 -0.0606269836425781
0.223785400390625 -0.0997772216796875 0.08074951171875 -0.0745086669921875
0.2364501953125 -0.0267181396484375 -0.020538330078125 -0.16058349609375
0.219329833984375 -0.0451507568359375 0.08331298828125 -0.147384643554688
0.2017822265625 -0.149139404296875 0.109786987304688 -0.15374755859375
0.089263916015625 -0.178115844726563 0.055694580078125 -0.1558837890625
0.028076171875 -0.17877197265625 0.025604248046875 -0.106315612792969
-0.060302734375 -0.146682739257813 -0.0116424560546875 -0.0675239562988281
-0.10968017578125 -0.106910705566406 0.000549316406249995 -0.033843994140625
-0.100509643554687 -0.111061096191406 0.0326271057128906 -0.00939559936523438
-0.118972778320313 -0.103538513183594 0.0405654907226562 0.0213699340820312
-0.0750503540039063 -0.116470336914062 0.0335311889648437 0.0734481811523437
-0.0348968505859375 -0.156982421875 0.00258636474609374 0.0926742553710937
0.0162506103515625 -0.171463012695312 -0.0627555847167969 0.0657882690429687
0.151351928710937 -0.14923095703125 -0.0851593017578125 -0.00974273681640627
0.193557739257813 -0.0929107666015625 -0.0276641845703125 -0.0868148803710938
0.231948852539063 -0.0386962890625 0.151824951171875 -0.0911712646484375
0.194992065429687 0.0207061767578125 0.0473175048828125 -0.163818359375
0.197402954101562 -0.017181396484375 0.118301391601563 -0.163009643554688
0.179733276367188 -0.12139892578125 0.109893798828125 -0.139129638671875
0.0764007568359375 -0.152679443359375 0.0659332275390625 -0.120765686035156
0.023712158203125 -0.150238037109375 0.0449790954589844 -0.0654525756835938
-0.0508270263671875 -0.126808166503906 0.0274276733398437 -0.0285911560058594
-0.0922775268554687 -0.0985946655273437 0.05010986328125 -0.00413894653320313
-0.0833358764648438 -0.105499267578125 0.0725479125976563 0.0201034545898437
-0.0961074829101562 -0.104118347167969 0.07635498046875 0.0569915771484375
-0.0522003173828125 -0.112098693847656 0.0504989624023437 0.111770629882813
-0.00904846191406251 -0.1431884765625 0.00728607177734374 0.116973876953125
0.0413818359375 -0.149017333984375 -0.0516204833984375 0.0747222900390625
0.165191650390625 -0.110031127929688 -0.060882568359375 -0.00380325317382814
0.200241088867187 -0.039947509765625 0.018707275390625 -0.0875320434570312
0.20843505859375 0.0249176025390625 0.217086791992188 -0.0805206298828125
0.122787475585937 0.068572998046875 0.0900421142578125 -0.14959716796875
0.141754150390625 0.0220489501953125 0.134902954101563 -0.158843994140625
0.130050659179688 -0.0610198974609375 0.103797912597656 -0.112823486328125
0.05657958984375 -0.0893402099609375 0.0769882202148438 -0.0873947143554688
0.0279312133789063 -0.0899505615234375 0.0601692199707031 -0.0353546142578125
-0.0216293334960937 -0.0886611938476563 0.0593032836914063 -0.00242233276367188
-0.0559921264648438 -0.0780563354492187 0.0879974365234375 0.0183334350585937
-0.05413818359375 -0.0836257934570313 0.101615905761719 0.0457305908203125
-0.0656814575195313 -0.0877151489257813 0.101852416992187 0.0914154052734375
-0.034332275390625 -0.08953857421875 0.059295654296875 0.146194458007813
0.000564575195312494 -0.112556457519531 0.00817871093750001 0.138702392578125
0.04315185546875 -0.114547729492188 -0.03948974609375 0.0895462036132812
0.148712158203125 -0.07220458984375 -0.0359840393066406 0.0165901184082031
0.175048828125 0.0067901611328125 0.0615386962890625 -0.0621604919433594
0.153839111328125 0.077667236328125 0.26593017578125 -0.0460968017578125
-0.07513427734375 -0.115432739257812 -0.290435791015625 0.039276123046875
-0.111000061035156 -0.00662994384765627 -0.0938949584960938 0.0377044677734375
-0.0876541137695313 0.0626373291015625 0.0266876220703125 -0.0546531677246094
-0.0231094360351563 0.0865478515625 0.0357742309570313 -0.132270812988281
0.00619125366210938 0.0662612915039063 -0.00218200683593749 -0.171142578125
0.0273857116699219 0.0503425598144531 -0.0792236328125 -0.182159423828125
0.0235252380371094 0.0465774536132812 -0.146011352539063 -0.120635986328125
0.0102348327636719 0.0507926940917969 -0.133453369140625 -0.0694046020507813
0.003387451171875 0.0510215759277344 -0.112480163574219 -0.0303268432617187
-0.0182380676269531 0.0331611633300781 -0.0933990478515625 -0.0109710693359375
-0.0341949462890625 0.0236568450927734 -0.0819473266601562 0.0334243774414063
-0.0520515441894531 0.016754150390625 -0.0945281982421875 0.0685577392578125
-0.07403564453125 -0.0230560302734375 -0.121673583984375 0.0837326049804688
-0.0761871337890625 -0.0668411254882813 -0.1407470703125 0.14471435546875
-0.0493087768554687 -0.130035400390625 -0.11590576171875 0.126579284667969
0.0255661010742187 -0.132575988769531 -0.29290771484375 -0.01239013671875
-0.0333099365234375 -0.0306720733642578 -0.0970230102539063 -0.00558471679687501
-0.0205097198486328 0.0155200958251953 0.0288009643554687 -0.0899429321289063
0.0116405487060547 0.0341110229492188 0.02545166015625 -0.158111572265625
0.0238513946533203 0.00698089599609375 -0.00712585449218751 -0.183181762695313
0.0109128952026367 -0.00383853912353516 -0.0861053466796875 -0.18988037109375
-0.0170373916625977 0.00491523742675782 -0.148284912109375 -0.12945556640625
-0.0328426361083984 0.00741958618164063 -0.129493713378906 -0.0778656005859375
-0.0517349243164062 0.0147819519042969 -0.110458374023437 -0.0376663208007812
-0.0621757507324219 -0.0115089416503906 -0.0864105224609375 -0.00904083251953126
-0.0629806518554688 -0.0425834655761719 -0.0755844116210938 0.0366973876953125
-0.0558547973632813 -0.0654106140136719 -0.100456237792969 0.0619430541992187
-0.016448974609375 -0.0994491577148438 -0.123359680175781 0.0572280883789063
-0.00328063964843749 -0.122093200683594 -0.134078979492188 0.100418090820313
0.0452728271484375 -0.165328979492188 -0.0982437133789063 0.0786819458007812
0.124435424804688 -0.131568908691406 -0.260086059570313 -0.0616455078125
0.0589332580566406 -0.0510940551757813 -0.0719146728515625 -0.0467681884765625
0.0591697692871094 -0.0441703796386719 0.0482101440429688 -0.124107360839844
0.0473060607910156 -0.0347633361816406 0.0248565673828125 -0.183624267578125
0.0354652404785156 -0.062225341796875 -0.0108489990234375 -0.188095092773437
-0.0104255676269531 -0.0622291564941406 -0.087982177734375 -0.180831909179687
-0.0587234497070313 -0.0397682189941406 -0.134391784667969 -0.1209716796875
-0.071807861328125 -0.036956787109375 -0.10504150390625 -0.0750732421875
-0.0992813110351562 -0.022064208984375 -0.0860061645507812 -0.0364608764648438
-0.0957260131835937 -0.049774169921875 -0.0612373352050781 0.00122833251953124
-0.0855865478515625 -0.0961990356445313 -0.0557212829589844 0.0475997924804688
-0.0600204467773438 -0.129539489746094 -0.0978240966796875 0.064208984375
0.0305938720703125 -0.159439086914063 -0.123626708984375 0.0355682373046875
0.0617218017578125 -0.159835815429688 -0.121986389160156 0.04693603515625
0.128997802734375 -0.177200317382813 -0.0550384521484375 0.0217247009277344
0.205474853515625 -0.1143798828125 -0.196258544921875 -0.104812622070312
0.14764404296875 -0.0661163330078125 -0.0255966186523437 -0.0850067138671875
0.135848999023438 -0.10943603515625 0.0756988525390625 -0.150787353515625
0.0747451782226563 -0.111404418945313 0.0315093994140625 -0.196502685546875
0.0373077392578125 -0.130416870117188 -0.00807189941406248 -0.179244995117188
-0.0364837646484375 -0.113380432128906 -0.0783233642578125 -0.154571533203125
-0.0939712524414063 -0.0766754150390625 -0.102775573730469 -0.098907470703125
-0.101234436035156 -0.0755157470703125 -0.0650558471679688 -0.0608024597167969
-0.129302978515625 -0.056884765625 -0.0470123291015625 -0.0263023376464844
-0.109962463378906 -0.08251953125 -0.0262699127197266 0.0193958282470703
-0.0895233154296875 -0.134468078613281 -0.0308723449707031 0.061676025390625
-0.0521392822265625 -0.16888427734375 -0.0893936157226562 0.0675735473632813
0.073150634765625 -0.19134521484375 -0.120697021484375 0.0181884765625
0.11822509765625 -0.171676635742188 -0.103889465332031 -0.00950622558593752
0.194290161132813 -0.1610107421875 0.00588035583496095 -0.0348873138427734
0.25128173828125 -0.082855224609375 -0.112800598144531 -0.138786315917969
0.211654663085937 -0.0699920654296875 0.03167724609375 -0.120948791503906
0.190017700195313 -0.157440185546875 0.0999298095703125 -0.165542602539062
0.088897705078125 -0.172164916992188 0.0421905517578125 -0.18963623046875
0.030120849609375 -0.180007934570312 0.00531005859374999 -0.152023315429688
-0.0594635009765625 -0.146148681640625 -0.0521392822265625 -0.113517761230469
-0.116455078125 -0.10076904296875 -0.0553779602050781 -0.0672683715820313
-0.11517333984375 -0.102798461914063 -0.0159645080566406 -0.0377845764160156
-0.139686584472656 -0.0852890014648438 -0.00102186203002931 -0.00581645965576172
-0.10394287109375 -0.107528686523437 0.00984954833984374 0.0453605651855469
-0.072784423828125 -0.157958984375 -0.00851440429687501 0.0790863037109375
-0.0266571044921875 -0.186752319335938 -0.0779495239257813 0.0717391967773437
0.11724853515625 -0.192520141601562 -0.112106323242187 0.00493621826171874
0.167343139648438 -0.15185546875 -0.0770111083984375 -0.0577316284179688
0.23565673828125 -0.116180419921875 0.0780792236328125 -0.0789108276367188
0.25164794921875 -0.040435791015625 -0.0253753662109375 -0.160980224609375
0.23321533203125 -0.057861328125 0.084503173828125 -0.152328491210938
0.207122802734375 -0.170166015625 0.112213134765625 -0.165740966796875
0.08636474609375 -0.192550659179688 0.0543365478515625 -0.164627075195313
0.02032470703125 -0.191116333007812 0.024505615234375 -0.111618041992188
-0.069793701171875 -0.152511596679687 -0.0127449035644531 -0.0681991577148438
-0.119461059570313 -0.107307434082031 0.00057792663574218 -0.03369140625
-0.112030029296875 -0.113037109375 0.0342884063720703 -0.00997161865234376
-0.130447387695313 -0.103485107421875 0.0449333190917969 0.0240287780761719
-0.0836257934570312 -0.119964599609375 0.0393905639648438 0.0808334350585937
-0.0436248779296875 -0.164627075195313 0.00540924072265625 0.101753234863281
0.00891113281250002 -0.18292236328125 -0.0663833618164063 0.0774307250976562
0.154510498046875 -0.165939331054688 -0.0940322875976562 -0.00254058837890625
0.202316284179688 -0.108200073242188 -0.03692626953125 -0.0872344970703125
0.246261596679688 -0.052459716796875 0.153762817382813 -0.1002197265625
0.208999633789062 0.0095672607421875 0.046783447265625 -0.169418334960938
0.2095947265625 -0.02935791015625 0.121017456054688 -0.171463012695312
0.183303833007813 -0.140213012695313 0.11279296875 -0.15106201171875
0.071868896484375 -0.164962768554688 0.066192626953125 -0.128509521484375
0.015167236328125 -0.159637451171875 0.0462379455566406 -0.0700912475585938
-0.0592193603515625 -0.130195617675781 0.0305213928222656 -0.0279941558837891
-0.100776672363281 -0.0978012084960938 0.0544776916503906 -0.00473785400390626
-0.0925750732421875 -0.105743408203125 0.0787506103515625 0.0189132690429687
-0.105789184570313 -0.103950500488281 0.0843429565429688 0.0605392456054687
-0.0597152709960937 -0.115104675292969 0.0597763061523437 0.120040893554687
-0.01678466796875 -0.149276733398438 0.011688232421875 0.127265930175781
0.0354766845703125 -0.158416748046875 -0.0541229248046875 0.0860061645507813
0.169052124023438 -0.125457763671875 -0.0676841735839844 0.00171661376953125
0.21026611328125 -0.0535430908203125 0.0126113891601563 -0.0908203125
0.22357177734375 0.0146026611328125 0.224472045898438 -0.092926025390625
0.134559631347656 0.0627212524414063 0.09326171875 -0.159072875976563
0.151351928710938 0.0130615234375 0.13861083984375 -0.170150756835938
0.13165283203125 -0.07373046875 0.107765197753906 -0.122489929199219
0.0527496337890625 -0.0975265502929687 0.0797882080078125 -0.0944671630859375
0.0225677490234375 -0.0957260131835937 0.0645103454589844 -0.0395584106445313
-0.0277481079101562 -0.0899734497070313 0.0649299621582031 -0.00314331054687501
-0.0616683959960938 -0.0754776000976562 0.0956039428710937 0.0164413452148437
-0.060791015625 -0.0822296142578125 0.110084533691406 0.0449371337890625
-0.0728225708007812 -0.0868988037109375 0.113731384277344 0.095123291015625
-0.0392990112304688 -0.090179443359375 0.0698699951171875 0.155532836914063
-0.00613403320312499 -0.116371154785156 0.012939453125 0.149993896484375
0.0384140014648438 -0.121833801269531 -0.0418548583984375 0.0993118286132812
0.151443481445313 -0.0839385986328125 -0.0409698486328125 0.0213623046875
0.183944702148438 -0.0033416748046875 0.0589256286621094 -0.0674057006835938
0.166152954101563 0.0717620849609375 0.277053833007813 -0.05987548828125
-0.0860519409179687 -0.110031127929688 -0.298828125 0.060516357421875
-0.113357543945313 0.00337219238281251 -0.0923919677734375 0.0453033447265625
-0.082611083984375 0.07275390625 0.0270957946777344 -0.058746337890625
-0.0140228271484375 0.0900421142578125 0.0308074951171875 -0.141632080078125
0.0133094787597656 0.0652656555175781 -0.0123443603515625 -0.1807861328125
0.0316009521484375 0.0474205017089844 -0.095458984375 -0.1890869140625
0.0267677307128906 0.0433731079101563 -0.162017822265625 -0.117019653320312
0.013702392578125 0.04931640625 -0.146041870117187 -0.063018798828125
0.00644683837890625 0.050140380859375 -0.122756958007813 -0.023468017578125
-0.0168991088867187 0.033172607421875 -0.101898193359375 -0.00487518310546874
-0.0315513610839844 0.0247287750244141 -0.0859451293945313 0.0415191650390625
-0.0504150390625 0.0207939147949219 -0.0968399047851563 0.078704833984375
-0.07647705078125 -0.0166244506835937 -0.126663208007813 0.0950469970703125
-0.0821380615234375 -0.0614166259765625 -0.14129638671875 0.1597900390625
-0.0611419677734375 -0.127944946289063 -0.118125915527344 0.139862060546875
0.0189666748046875 -0.135238647460938 -0.3046875 0.010528564453125
-0.0324325561523438 -0.0268726348876953 -0.0980072021484375 0.00292205810546875
-0.014404296875 0.0184249877929688 0.026336669921875 -0.0952529907226563
0.0198249816894531 0.0324954986572266 0.018707275390625 -0.166702270507813
0.0282325744628906 0.00180244445800781 -0.0178985595703125 -0.19183349609375
0.0108604431152344 -0.00934314727783203 -0.102951049804687 -0.194976806640625
-0.0191993713378906 0.00161933898925781 -0.164642333984375 -0.125198364257813
-0.0349750518798828 0.00655364990234375 -0.142135620117188 -0.0713043212890625
-0.0537223815917969 0.0166664123535156 -0.120491027832031 -0.0293426513671875
-0.0661506652832031 -0.0113525390625 -0.0939712524414062 -0.00170898437499999
-0.0671043395996094 -0.0435905456542969 -0.0788192749023437 0.045989990234375
-0.0605087280273437 -0.0652351379394531 -0.104034423828125 0.0743408203125
-0.0209732055664062 -0.101287841796875 -0.129287719726562 0.068756103515625
-0.00852966308593749 -0.124221801757813 -0.137039184570313 0.115669250488281
0.03692626953125 -0.17230224609375 -0.103080749511719 0.090484619140625
0.123443603515625 -0.142791748046875 -0.274429321289063 -0.041290283203125
0.0629310607910156 -0.0543251037597656 -0.0745162963867188 -0.0393524169921875
0.0637245178222656 -0.0505752563476563 0.0445404052734375 -0.132095336914063
0.0520858764648437 -0.0420341491699219 0.0160980224609375 -0.1917724609375
0.035675048828125 -0.0708694458007813 -0.0221405029296875 -0.196060180664063
-0.0146980285644531 -0.068634033203125 -0.103775024414063 -0.18414306640625
-0.0646400451660156 -0.0409088134765625 -0.14874267578125 -0.116851806640625
-0.0790176391601563 -0.036865234375 -0.116081237792969 -0.0691452026367187
-0.105934143066406 -0.0182876586914063 -0.0944061279296875 -0.0295639038085938
-0.103477478027344 -0.0489349365234375 -0.066131591796875 0.00845718383789062
-0.0952682495117188 -0.0975799560546875 -0.0568695068359375 0.0561180114746094
-0.0698318481445313 -0.132232666015625 -0.101600646972656 0.0773391723632812
0.0237579345703125 -0.168701171875 -0.131134033203125 0.0479202270507813
0.0565185546875 -0.169204711914063 -0.127716064453125 0.0597000122070312
0.124313354492188 -0.192153930664063 -0.0610542297363281 0.029327392578125
0.20953369140625 -0.1326904296875 -0.21026611328125 -0.089080810546875
0.154800415039063 -0.077362060546875 -0.0280990600585937 -0.0810089111328125
0.138420104980469 -0.124885559082031 0.071136474609375 -0.161300659179688
0.0749588012695312 -0.123573303222656 0.0218658447265625 -0.205856323242188
0.03106689453125 -0.142135620117188 -0.018096923828125 -0.185867309570313
-0.04547119140625 -0.119850158691406 -0.0906524658203125 -0.154373168945312
-0.103813171386719 -0.0763702392578125 -0.113624572753906 -0.09442138671875
-0.112525939941406 -0.0746383666992188 -0.0723876953125 -0.0574111938476562
-0.14068603515625 -0.0518951416015625 -0.0520248413085938 -0.0210762023925781
-0.12066650390625 -0.0818328857421875 -0.0269832611083984 0.0249252319335937
-0.102302551269531 -0.137031555175781 -0.0298576354980469 0.0695037841796875
-0.065093994140625 -0.174957275390625 -0.0915908813476563 0.0821304321289062
0.06597900390625 -0.207290649414063 -0.1295166015625 0.0306472778320312
0.114944458007813 -0.18621826171875 -0.11309814453125 0.0012664794921875
0.194808959960938 -0.1815185546875 -0.000753402709960924 -0.0336017608642578
0.259674072265625 -0.104385375976563 -0.124069213867187 -0.129951477050781
0.220672607421875 -0.087188720703125 0.0293731689453125 -0.1220703125
0.190521240234375 -0.17987060546875 0.0952301025390625 -0.1787109375
0.0840911865234375 -0.187393188476562 0.0340728759765625 -0.198928833007813
0.0187835693359375 -0.1925048828125 -0.00282287597656251 -0.158233642578125
-0.0723724365234375 -0.151138305664063 -0.059661865234375 -0.112541198730469
-0.128318786621094 -0.09893798828125 -0.0608177185058594 -0.0637435913085938
-0.12890625 -0.100837707519531 -0.0193519592285156 -0.0371208190917969
-0.152969360351563 -0.0804901123046875 -0.000421762466430673 -0.00273180007934571
-0.115898132324219 -0.107307434082031 0.013702392578125 0.0504989624023437
-0.0870819091796875 -0.161697387695313 -0.00480651855468751 0.087554931640625
-0.0401763916015625 -0.195281982421875 -0.0793533325195313 0.0863037109375
0.111160278320313 -0.211181640625 -0.12017822265625 0.0166397094726562
0.167098999023438 -0.170440673828125 -0.0881195068359375 -0.0510025024414063
0.241485595703125 -0.139114379882813 0.0727081298828125 -0.0845718383789063
0.262420654296875 -0.062225341796875 -0.03375244140625 -0.16015625
0.242462158203125 -0.078338623046875 0.08258056640625 -0.158950805664062
0.204803466796875 -0.19512939453125 0.107559204101563 -0.179672241210938
0.078277587890625 -0.208511352539063 0.0474395751953125 -0.173431396484375
0.00663757324218751 -0.202850341796875 0.0204238891601563 -0.117340087890625
-0.08306884765625 -0.154830932617188 -0.0146598815917969 -0.0665931701660157
-0.132041931152344 -0.103553771972656 0.000501632690429679 -0.0327663421630859
-0.126487731933594 -0.110649108886719 0.0359382629394531 -0.0115966796875
-0.144317626953125 -0.0977783203125 0.0502243041992187 0.0255317687988281
-0.0947265625 -0.120498657226563 0.0480194091796875 0.0857467651367187
-0.056884765625 -0.168487548828125 0.0122909545898438 0.110671997070312
-0.00331115722656249 -0.192474365234375 -0.0662918090820313 0.0905532836914062
0.151092529296875 -0.186614990234375 -0.101982116699219 0.00840759277343747
0.204635620117188 -0.127883911132813 -0.0478439331054687 -0.0852127075195313
0.257247924804688 -0.0748138427734375 0.151382446289063 -0.112091064453125
0.22137451171875 -0.008209228515625 0.042236328125 -0.1744384765625
0.218368530273438 -0.0482177734375 0.118988037109375 -0.1820068359375
0.179656982421875 -0.162841796875 0.110061645507813 -0.164520263671875
0.06158447265625 -0.1776123046875 0.06329345703125 -0.137825012207031
0.00282287597656251 -0.168426513671875 0.0456161499023438 -0.0754776000976563
-0.0713272094726563 -0.131385803222656 0.0326805114746094 -0.0286178588867188
-0.110733032226563 -0.0934982299804687 0.0590400695800781 -0.00677108764648438
-0.105461120605469 -0.102920532226562 0.0838699340820313 0.0150680541992187
-0.118095397949219 -0.0992507934570313 0.0944061279296875 0.059844970703125
-0.0687713623046875 -0.115348815917969 0.0721054077148438 0.125450134277344
-0.0282440185546875 -0.152725219726563 0.019775390625 0.136825561523438
0.0253143310546875 -0.167648315429687 -0.0532684326171875 0.0982437133789063
0.167449951171875 -0.144744873046875 -0.0740280151367187 0.00974273681640625
0.21600341796875 -0.0723724365234375 0.00327301025390626 -0.0934524536132812
0.237258911132812 -0.0034332275390625 0.225753784179688 -0.110855102539063
0.145584106445313 0.0515899658203125 0.09161376953125 -0.169357299804688
0.158935546875 -0.0003814697265625 0.1373291015625 -0.183456420898438
0.129058837890625 -0.0902023315429688 0.107673645019531 -0.135330200195313
0.045501708984375 -0.1048583984375 0.0800399780273438 -0.103721618652344
0.0135726928710937 -0.10003662109375 0.067352294921875 -0.0453948974609375
-0.0355911254882813 -0.0893478393554688 0.0700607299804688 -0.00577163696289063
-0.0682373046875 -0.0714340209960938 0.102691650390625 0.0112533569335937
-0.0693511962890625 -0.0792236328125 0.119377136230469 0.0391693115234375
-0.0810089111328125 -0.081817626953125 0.127540588378906 0.0932693481445313
-0.046295166015625 -0.089141845703125 0.08624267578125 0.1617431640625
-0.0146713256835937 -0.117530822753906 0.0223846435546875 0.159561157226563
0.0294723510742187 -0.128486633300781 -0.0384445190429688 0.109970092773437
0.15057373046875 -0.100006103515625 -0.0446434020996094 0.0268363952636719
0.190704345703125 -0.01934814453125 0.0536727905273438 -0.0734710693359375
0.179473876953125 0.0598297119140625 0.284759521484375 -0.08087158203125
-0.0953216552734375 -0.100341796875 -0.2977294921875 0.0849609375
-0.111457824707031 0.0137557983398438 -0.0882492065429688 0.0526199340820312
-0.0741653442382812 0.0803985595703125 0.0261611938476563 -0.0613288879394531
-0.0036163330078125 0.089874267578125 0.0231475830078125 -0.14776611328125
0.0201683044433594 0.0620994567871094 -0.0244293212890625 -0.1856689453125
0.0344963073730469 0.0417060852050781 -0.112503051757812 -0.188125610351563
0.027740478515625 0.0386772155761719 -0.175399780273437 -0.107620239257813
0.0165138244628906 0.0462493896484375 -0.154830932617188 -0.0525665283203125
0.00913238525390625 0.0476531982421875 -0.129524230957031 -0.0133056640625
-0.0161418914794922 0.0319442749023438 -0.107353210449219 0.00335693359375001
-0.0289134979248047 0.0248661041259766 -0.08673095703125 0.0501327514648438
-0.046173095703125 0.0248527526855469 -0.095733642578125 0.0884475708007812
-0.0758819580078125 -0.0088043212890625 -0.126625061035156 0.105072021484375
-0.08587646484375 -0.0533294677734375 -0.135589599609375 0.173629760742188
-0.0715408325195313 -0.12066650390625 -0.115234375 0.151626586914063
0.0106277465820312 -0.134269714355469 -0.30731201171875 0.03582763671875
-0.0300846099853516 -0.0223789215087891 -0.0958786010742188 0.0113067626953125
-0.00785636901855469 0.0188159942626953 0.0229263305664063 -0.0986099243164062
0.0272560119628906 0.0290489196777344 0.00900268554687502 -0.171524047851563
0.030548095703125 -0.00412178039550781 -0.0303802490234375 -0.1953125
0.009124755859375 -0.0146055221557617 -0.118988037109375 -0.19268798828125
-0.0216140747070313 -0.000379562377929689 -0.177810668945313 -0.115249633789062
-0.0366592407226563 0.00620651245117187 -0.150802612304688 -0.06085205078125
-0.0546722412109375 0.0182838439941406 -0.126701354980469 -0.0185089111328125
-0.0684242248535156 -0.00941848754882812 -0.0987167358398438 0.0064544677734375
-0.07073974609375 -0.0421905517578125 -0.0789108276367187 0.0548553466796875
-0.0636444091796875 -0.063079833984375 -0.103195190429688 0.0855941772460937
-0.0258255004882813 -0.100250244140625 -0.1314697265625 0.080413818359375
-0.0152435302734375 -0.123062133789063 -0.134552001953125 0.129707336425781
0.02581787109375 -0.174606323242188 -0.103118896484375 0.102310180664063
0.1170654296875 -0.15093994140625 -0.279327392578125 -0.016845703125
0.0652923583984375 -0.0578384399414062 -0.0746231079101563 -0.0316238403320313
0.0668754577636719 -0.05712890625 0.0377655029296875 -0.13690185546875
0.0546112060546875 -0.049163818359375 0.00480651855468751 -0.19610595703125
0.032379150390625 -0.0790863037109375 -0.034393310546875 -0.197799682617187
-0.02142333984375 -0.072967529296875 -0.117813110351562 -0.179840087890625
-0.0706939697265625 -0.0403823852539062 -0.160263061523438 -0.107284545898437
-0.085479736328125 -0.0345077514648438 -0.123626708984375 -0.0606460571289062
-0.110916137695312 -0.0127182006835938 -0.099151611328125 -0.019439697265625
-0.10968017578125 -0.0453567504882813 -0.06890869140625 0.0159568786621094
-0.103469848632813 -0.09539794921875 -0.0557403564453125 0.0645370483398438
-0.079620361328125 -0.130241394042969 -0.100151062011719 0.0903854370117187
0.014404296875 -0.173812866210938 -0.134521484375 0.0603866577148437
0.0476531982421875 -0.175048828125 -0.129486083984375 0.0735855102539062
0.115020751953125 -0.20367431640625 -0.06488037109375 0.0378646850585937
0.205764770507813 -0.148956298828125 -0.216812133789063 -0.068206787109375
0.15643310546875 -0.088653564453125 -0.02996826171875 -0.0758056640625
0.135452270507813 -0.139419555664063 0.0615997314453125 -0.168075561523438
0.0709381103515625 -0.133613586425781 0.00987243652343749 -0.208984375
0.022003173828125 -0.15069580078125 -0.02960205078125 -0.187255859375
-0.0560531616210938 -0.122039794921875 -0.101654052734375 -0.149551391601563
-0.112052917480469 -0.0731277465820312 -0.121978759765625 -0.0859146118164063
-0.12200927734375 -0.0701828002929688 -0.07843017578125 -0.0508804321289063
-0.148300170898438 -0.0433349609375 -0.0542030334472656 -0.0139427185058594
-0.129493713378906 -0.0765380859375 -0.0262451171875 0.0309219360351562
-0.114227294921875 -0.134567260742188 -0.0262527465820313 0.0771942138671875
-0.078460693359375 -0.17449951171875 -0.089752197265625 0.09521484375
0.0547027587890625 -0.216339111328125 -0.132583618164062 0.0442047119140625
0.106414794921875 -0.197845458984375 -0.118499755859375 0.0131301879882813
0.187728881835938 -0.19952392578125 -0.00727462768554686 -0.0304050445556641
0.259414672851563 -0.126052856445313 -0.131515502929687 -0.116081237792969
0.221893310546875 -0.105026245117188 0.0257797241210938 -0.120765686035156
0.181915283203125 -0.199371337890625 0.0850067138671875 -0.187362670898438
0.073516845703125 -0.19854736328125 0.0222625732421875 -0.202865600585938
0.0042877197265625 -0.199676513671875 -0.011932373046875 -0.15911865234375
-0.0850830078125 -0.150619506835938 -0.0662384033203125 -0.108085632324219
-0.138214111328125 -0.0922927856445313 -0.0655479431152344 -0.0582809448242187
-0.140380859375 -0.0942840576171875 -0.0223369598388672 -0.034048080444336
-0.162460327148438 -0.07073974609375 7.07507133483787E-05 0.000694155693054195
-0.125755310058594 -0.10260009765625 0.0187263488769531 0.0542869567871094
-0.100967407226563 -0.159744262695313 0.00167846679687499 0.0937957763671875
-0.0550994873046875 -0.19677734375 -0.07568359375 0.0987930297851562
0.0988616943359375 -0.226242065429688 -0.124244689941406 0.0299301147460937
0.1600341796875 -0.186370849609375 -0.0964126586914063 -0.0415802001953125
0.238525390625 -0.160919189453125 0.0645294189453125 -0.08819580078125
0.264617919921875 -0.0858001708984375 -0.041259765625 -0.154205322265625
0.244155883789063 -0.099334716796875 0.076995849609375 -0.161666870117188
0.193130493164063 -0.217132568359375 0.0973663330078125 -0.189712524414063
0.064239501953125 -0.219039916992188 0.03851318359375 -0.17822265625
-0.01019287109375 -0.207901000976563 0.014617919921875 -0.119575500488281
-0.0962371826171875 -0.151992797851563 -0.0164833068847656 -0.0644111633300782
-0.1414794921875 -0.095550537109375 0.00011444091796874 -0.0311813354492188
-0.137733459472656 -0.103248596191406 0.0359916687011719 -0.0127182006835938
-0.154617309570313 -0.0878753662109375 0.0551681518554688 0.0249824523925781
-0.105506896972656 -0.116752624511719 0.0568313598632812 0.0869979858398438
-0.0709075927734375 -0.167892456054688 0.0206069946289062 0.116233825683594
-0.018218994140625 -0.1961669921875 -0.0619430541992188 0.102737426757812
0.140869140625 -0.204360961914063 -0.105384826660156 0.0191116333007813
0.20050048828125 -0.146713256835938 -0.0579757690429687 -0.0796737670898438
0.259246826171875 -0.0980224609375 0.14300537109375 -0.122787475585937
0.226150512695313 -0.029022216796875 0.0355987548828125 -0.176223754882813
0.219696044921875 -0.0679168701171875 0.112747192382813 -0.189697265625
0.16864013671875 -0.181991577148438 0.1005859375 -0.174224853515625
0.048309326171875 -0.1856689453125 0.0569610595703125 -0.143035888671875
-0.01177978515625 -0.17144775390625 0.04290771484375 -0.0792694091796875
-0.0828933715820312 -0.127250671386719 0.0352020263671875 -0.0293388366699219
-0.118186950683594 -0.0847244262695312 0.0620155334472656 -0.00972747802734375
-0.11492919921875 -0.0954132080078125 0.0873260498046875 0.00984191894531249
-0.127548217773438 -0.0899505615234375 0.103271484375 0.0557479858398437
-0.0776443481445313 -0.11212158203125 0.0850296020507813 0.125656127929688
-0.0401153564453125 -0.152267456054688 0.03045654296875 0.142059326171875
0.01190185546875 -0.172073364257813 -0.0485458374023437 0.108261108398437
0.159561157226563 -0.162155151367188 -0.077484130859375 0.0181503295898438
0.214630126953125 -0.091339111328125 -0.00644683837890624 -0.0929641723632812
0.242584228515625 -0.024078369140625 0.219589233398438 -0.127975463867188
0.152313232421875 0.037384033203125 0.085968017578125 -0.176651000976563
0.160995483398438 -0.0153045654296875 0.130340576171875 -0.194000244140625
0.121467590332031 -0.103462219238281 0.101913452148438 -0.14501953125
0.0356521606445313 -0.109390258789063 0.076385498046875 -0.11126708984375
0.00414276123046875 -0.101325988769531 0.0667877197265625 -0.0512886047363281
-0.0431060791015625 -0.0865020751953125 0.0745315551757813 -0.00965118408203126
-0.0732955932617187 -0.064239501953125 0.107864379882813 0.00455474853515625
-0.0755691528320312 -0.0729904174804688 0.12451171875 0.031036376953125
-0.0880584716796875 -0.0742416381835937 0.138633728027344 0.0866241455078125
-0.0530548095703125 -0.0851058959960938 0.1021728515625 0.1611328125
-0.0239715576171875 -0.1156005859375 0.0344696044921875 0.165298461914063
0.0189895629882813 -0.130599975585938 -0.0327224731445313 0.118865966796875
0.143081665039063 -0.114349365234375 -0.046051025390625 0.0326728820800781
0.190628051757813 -0.035919189453125 0.045745849609375 -0.07659912109375
0.187744140625 0.043975830078125 0.281112670898438 -0.102828979492187
-0.0997467041015625 -0.0899887084960937 -0.292510986328125 0.1015625
-0.107589721679688 0.0210418701171875 -0.0830459594726562 0.0571517944335938
-0.0653839111328125 0.0838775634765625 0.026031494140625 -0.0629081726074219
0.00434875488281251 0.0882415771484375 0.0167388916015625 -0.150833129882813
0.0254135131835937 0.0576667785644531 -0.0332794189453125 -0.186630249023438
0.03497314453125 0.0364112854003906 -0.124114990234375 -0.185287475585938
0.0274753570556641 0.0346183776855469 -0.18353271484375 -0.0993194580078125
0.0177993774414062 0.0431251525878906 -0.159500122070313 -0.0438232421875
0.0111427307128906 0.0454635620117188 -0.13299560546875 -0.00476837158203127
-0.0151309967041016 0.0306034088134766 -0.110626220703125 0.0104522705078125
-0.027435302734375 0.0233097076416016 -0.085968017578125 0.056304931640625
-0.0421409606933594 0.0261764526367188 -0.0943832397460938 0.0944595336914063
-0.0737991333007813 -0.00290679931640625 -0.126205444335937 0.11199951171875
-0.0862655639648438 -0.0462265014648438 -0.12994384765625 0.182403564453125
-0.0783538818359375 -0.113502502441406 -0.112442016601563 0.15966796875
0.0052490234375 -0.130615234375 -0.303375244140625 0.0553283691406249
-0.0269393920898437 -0.01910400390625 -0.0926132202148438 0.0175704956054688
-0.00200462341308594 0.0184421539306641 0.0201797485351563 -0.0996017456054688
0.0330543518066406 0.0242710113525391 0.00277709960937502 -0.172134399414063
0.0315322875976563 -0.0100803375244141 -0.03857421875 -0.195327758789063
0.0071563720703125 -0.0191497802734375 -0.13031005859375 -0.1884765625
-0.0240650177001953 -0.00233840942382813 -0.186019897460937 -0.105239868164063
-0.0384368896484375 0.00583267211914063 -0.155654907226563 -0.0513153076171875
-0.0554122924804688 0.0192718505859375 -0.129684448242188 -0.00906372070312498
-0.0704345703125 -0.00844573974609374 -0.101280212402344 0.0142364501953125
-0.0726165771484375 -0.0415420532226562 -0.0775146484375 0.060791015625
-0.0654754638671875 -0.0609893798828125 -0.10150146484375 0.09375
-0.0279083251953125 -0.0990447998046875 -0.132354736328125 0.0890045166015625
-0.0192184448242188 -0.120803833007813 -0.131103515625 0.139205932617188
0.0174102783203125 -0.173965454101563 -0.102989196777344 0.110824584960937
0.111343383789063 -0.15460205078125 -0.277313232421875 0.00282287597656249
0.0672988891601563 -0.0600967407226563 -0.0725250244140625 -0.0248031616210938
0.0684051513671875 -0.0624732971191406 0.0320205688476563 -0.138389587402344
0.0564804077148437 -0.0553665161132812 -0.002838134765625 -0.196640014648438
0.0296783447265625 -0.0845108032226562 -0.0424652099609375 -0.197463989257813
-0.0265579223632812 -0.0759353637695313 -0.126922607421875 -0.17413330078125
-0.07550048828125 -0.0390777587890625 -0.167327880859375 -0.0966339111328125
-0.0900115966796875 -0.0321273803710938 -0.127830505371094 -0.0520095825195313
-0.113121032714844 -0.00836181640624998 -0.10125732421875 -0.0109100341796875
-0.113670349121094 -0.0418014526367188 -0.0696678161621094 0.0225028991699219
-0.108993530273438 -0.0930862426757813 -0.053497314453125 0.070892333984375
-0.0853729248046875 -0.128120422363281 -0.0973281860351563 0.0997085571289062
0.00807189941406251 -0.17626953125 -0.135574340820313 0.070953369140625
0.0414276123046875 -0.177383422851563 -0.128944396972656 0.0842361450195312
0.105987548828125 -0.209243774414063 -0.0672607421875 0.0449104309082031
0.200729370117187 -0.158859252929687 -0.216644287109375 -0.0510101318359375
0.157333374023438 -0.0966033935546875 -0.0295448303222656 -0.0699920654296875
0.131973266601563 -0.148971557617188 0.0544586181640625 -0.170944213867188
0.0667266845703125 -0.140640258789063 0.00123596191406253 -0.20892333984375
0.01422119140625 -0.155563354492188 -0.0370635986328125 -0.185989379882813
-0.0632095336914063 -0.122421264648437 -0.10736083984375 -0.143630981445313
-0.118415832519531 -0.0691680908203125 -0.126487731933594 -0.0782012939453125
-0.129219055175781 -0.0653610229492187 -0.0820693969726563 -0.0449676513671875
-0.15264892578125 -0.035919189453125 -0.0552940368652344 -0.00780487060546876
-0.135154724121094 -0.0723953247070313 -0.0251693725585938 0.0355987548828125
-0.122352600097656 -0.1312255859375 -0.0227279663085938 0.0820465087890625
-0.0877685546875 -0.172439575195313 -0.08563232421875 0.1051025390625
0.0449981689453125 -0.222564697265625 -0.134033203125 0.0547561645507813
0.0983123779296875 -0.204666137695313 -0.121177673339844 0.0240478515625
0.180419921875 -0.2109375 -0.0121879577636719 -0.0265598297119141
0.255111694335938 -0.14202880859375 -0.133132934570312 -0.103050231933594
0.2213134765625 -0.117813110351563 0.0247955322265625 -0.117568969726563
0.172821044921875 -0.212493896484375 0.075775146484375 -0.190261840820313
0.065277099609375 -0.205337524414063 0.014068603515625 -0.203659057617188
-0.00741577148437499 -0.202896118164062 -0.018096923828125 -0.158432006835938
-0.0942230224609375 -0.148162841796875 -0.0691757202148437 -0.103057861328125
-0.144744873046875 -0.0857391357421875 -0.066864013671875 -0.0530509948730469
-0.148269653320313 -0.0878753662109375 -0.0240421295166016 -0.0313472747802735
-0.168136596679687 -0.06170654296875 0.00142908096313476 0.00331640243530273
-0.1326904296875 -0.09808349609375 0.022552490234375 0.0564117431640625
-0.110214233398438 -0.156936645507813 0.00689697265624998 0.0974960327148437
-0.066314697265625 -0.195831298828125 -0.071563720703125 0.108528137207031
0.0881500244140625 -0.236083984375 -0.125770568847656 0.0399398803710938
0.152664184570313 -0.1968994140625 -0.101661682128906 -0.0320663452148438
0.2333984375 -0.176773071289063 0.0566024780273438 -0.088104248046875
0.2626953125 -0.102996826171875 -0.042877197265625 -0.146255493164063
0.241439819335938 -0.114547729492188 0.0739288330078125 -0.16204833984375
0.1815185546875 -0.230575561523437 0.0879669189453125 -0.193161010742188
0.052825927734375 -0.2239990234375 0.0309600830078125 -0.179428100585938
-0.0231781005859375 -0.208770751953125 0.0102615356445313 -0.119132995605469
-0.105514526367188 -0.14801025390625 -0.0163726806640625 -0.0615653991699219
-0.146728515625 -0.0880279541015625 0.000606536865234364 -0.0292987823486328
-0.145675659179688 -0.0954437255859375 0.0353507995605469 -0.0130043029785156
-0.160537719726563 -0.078338623046875 0.0581932067871094 0.0240898132324219
-0.112014770507812 -0.112525939941406 0.0640106201171875 0.0870132446289062
-0.080108642578125 -0.165115356445313 0.0278778076171875 0.119834899902344
-0.0297698974609375 -0.196853637695312 -0.0577621459960937 0.111122131347656
0.130630493164063 -0.215606689453125 -0.107673645019531 0.0284423828125
0.194595336914063 -0.159713745117188 -0.0656204223632812 -0.0730209350585938
0.256668090820313 -0.115280151367188 0.134185791015625 -0.128433227539063
0.225540161132813 -0.045501708984375 0.0320892333984375 -0.174240112304688
0.217697143554688 -0.0836944580078125 0.108016967773438 -0.192779541015625
0.156936645507813 -0.194290161132813 0.093414306640625 -0.178558349609375
0.0367431640625 -0.188629150390625 0.0513916015625 -0.145843505859375
-0.023284912109375 -0.1708984375 0.0413970947265625 -0.081146240234375
-0.0899810791015625 -0.121978759765625 0.0375328063964844 -0.0296974182128906
-0.123176574707031 -0.0774459838867188 0.064483642578125 -0.0118064880371094
-0.121437072753906 -0.0877914428710938 0.0890045166015625 0.006439208984375
-0.132377624511719 -0.08123779296875 0.108428955078125 0.0517044067382813
-0.0833053588867188 -0.107322692871094 0.094635009765625 0.124481201171875
-0.0485382080078125 -0.149368286132813 0.0390167236328125 0.144851684570313
0.001800537109375 -0.172088623046875 -0.0439453125 0.1163330078125
0.149993896484375 -0.173263549804688 -0.0789871215820313 0.0248184204101562
0.20965576171875 -0.104583740234375 -0.01422119140625 -0.089996337890625
0.243667602539062 -0.0412750244140625 0.2109375 -0.137741088867188
0.154251098632813 0.0248260498046875 0.0825958251953125 -0.180023193359375
0.159866333007813 -0.027191162109375 0.1246337890625 -0.19976806640625
0.112678527832031 -0.112831115722656 0.096038818359375 -0.150390625
0.0278167724609375 -0.110588073730469 0.072998046875 -0.115715026855469
-0.0030517578125 -0.1004638671875 0.0665817260742188 -0.0550117492675781
-0.04827880859375 -0.0822219848632813 0.0772933959960938 -0.012939453125
-0.075469970703125 -0.0583648681640625 0.111015319824219 -0.000907897949218753
-0.0793228149414063 -0.0663833618164063 0.12713623046875 0.0244598388671875
-0.09149169921875 -0.0665664672851563 0.146087646484375 0.07958984375
-0.0562896728515625 -0.0804519653320313 0.11279296875 0.158370971679688
-0.0305404663085938 -0.111778259277344 0.0431365966796875 0.1678466796875
0.0101318359375 -0.129920959472656 -0.028656005859375 0.124641418457031
0.134346008300781 -0.124382019042969 -0.0471763610839844 0.0372276306152344
0.188034057617188 -0.0479888916015625 0.0386276245117188 -0.0785446166992188
0.191009521484375 0.0304412841796875 0.27398681640625 -0.11798095703125
-0.101951599121094 -0.0816574096679687 -0.290557861328125 0.1126708984375
-0.104461669921875 0.0260772705078125 -0.0807418823242188 0.0596084594726562
-0.0589218139648438 0.0854873657226563 0.0274009704589844 -0.0648956298828125
0.011138916015625 0.0855941772460938 0.0146636962890625 -0.15283203125
0.0278205871582031 0.0545806884765625 -0.0379180908203125 -0.189712524414063
0.0347862243652344 0.0329647064208984 -0.133529663085938 -0.185928344726562
0.0263404846191406 0.0323028564453125 -0.190475463867187 -0.09344482421875
0.0180282592773438 0.0417289733886719 -0.163421630859375 -0.0383453369140625
0.0114517211914063 0.043701171875 -0.135986328125 0.00153350830078128
-0.0153465270996094 0.0290718078613281 -0.114036560058594 0.01495361328125
-0.0262508392333984 0.0222663879394531 -0.0867996215820312 0.0609359741210938
-0.0390052795410156 0.0261497497558594 -0.0946426391601562 0.100395202636719
-0.0716323852539063 0.000488281250000013 -0.127479553222656 0.118217468261719
-0.0862274169921875 -0.04205322265625 -0.127761840820313 0.188690185546875
-0.0828628540039063 -0.108428955078125 -0.113143920898437 0.165847778320313
0.00334930419921874 -0.127388000488281 -0.301788330078125 0.067962646484375
-0.0237293243408203 -0.0172481536865234 -0.09051513671875 0.0215911865234375
0.00344753265380859 0.0166587829589844 0.019378662109375 -0.100624084472656
0.037872314453125 0.0196189880371094 -0.000396728515625009 -0.174331665039062
0.0322551727294922 -0.0147876739501953 -0.0427703857421875 -0.197586059570313
0.00461959838867188 -0.0225105285644531 -0.137924194335938 -0.187637329101562
-0.0271625518798828 -0.00379753112792968 -0.192306518554688 -0.098541259765625
-0.0407371520996094 0.00551223754882813 -0.159683227539063 -0.04486083984375
-0.0566940307617187 0.0200653076171875 -0.132369995117188 -0.00235748291015625
-0.0726318359375 -0.00832366943359374 -0.104110717773438 0.0196762084960937
-0.0751113891601563 -0.0423355102539062 -0.0779571533203125 0.0662460327148438
-0.0660552978515625 -0.0612297058105469 -0.101959228515625 0.101402282714844
-0.0288009643554687 -0.0997314453125 -0.134780883789063 0.096282958984375
-0.0198745727539063 -0.119865417480469 -0.13043212890625 0.147796630859375
0.01275634765625 -0.173721313476563 -0.104461669921875 0.118034362792969
0.110153198242188 -0.157089233398438 -0.275924682617187 0.0161895751953125
0.071502685546875 -0.0621185302734375 -0.0699615478515625 -0.0199928283691406
0.0710220336914063 -0.0673828125 0.0297164916992188 -0.139068603515625
0.058380126953125 -0.0618553161621094 -0.00617980957031251 -0.196929931640625
0.0274887084960937 -0.0906524658203125 -0.0460662841796875 -0.198471069335938
-0.0303955078125 -0.0789794921875 -0.132369995117188 -0.172271728515625
-0.0793609619140625 -0.0393905639648438 -0.171951293945313 -0.0907135009765625
-0.0946273803710937 -0.0312881469726562 -0.13165283203125 -0.0460052490234375
-0.116134643554687 -0.0061187744140625 -0.103431701660156 -0.00504302978515624
-0.117233276367188 -0.0414276123046875 -0.070953369140625 0.0275344848632812
-0.113906860351563 -0.0928955078125 -0.0524673461914063 0.075592041015625
-0.0895233154296875 -0.128143310546875 -0.0967330932617187 0.108123779296875
0.00402832031249999 -0.1796875 -0.138458251953125 0.0784149169921875
0.0390167236328125 -0.180252075195312 -0.130119323730469 0.0931930541992187
0.1019287109375 -0.214401245117188 -0.0699081420898438 0.0512962341308594
0.200088500976563 -0.166168212890625 -0.21588134765625 -0.0395355224609375
0.16009521484375 -0.103195190429688 -0.0271682739257812 -0.0657958984375
0.131439208984375 -0.15692138671875 0.050445556640625 -0.17169189453125
0.0658416748046875 -0.147674560546875 -0.00271606445312497 -0.21051025390625
0.00851440429687499 -0.161407470703125 -0.04010009765625 -0.186309814453125
-0.0690155029296875 -0.123939514160156 -0.110824584960937 -0.141494750976563
-0.123313903808594 -0.0679702758789062 -0.1292724609375 -0.0723342895507813
-0.1351318359375 -0.0631256103515625 -0.0842819213867188 -0.0401229858398438
-0.157028198242188 -0.032073974609375 -0.0561981201171875 -0.00348281860351563
-0.139572143554688 -0.0704803466796875 -0.0245361328125 0.0392494201660156
-0.128608703613281 -0.130416870117188 -0.0205535888671875 0.0866546630859375
-0.09454345703125 -0.172836303710938 -0.0849761962890625 0.113571166992187
0.038909912109375 -0.229476928710938 -0.1373291015625 0.0631637573242188
0.0951080322265625 -0.210418701171875 -0.124290466308594 0.0329666137695312
0.1773681640625 -0.220138549804687 -0.01702880859375 -0.0219554901123047
0.255020141601563 -0.152786254882813 -0.1317138671875 -0.0939102172851562
0.223297119140625 -0.128524780273438 0.0261764526367188 -0.115638732910156
0.16864013671875 -0.223526000976563 0.0706634521484375 -0.191986083984375
0.06011962890625 -0.2113037109375 0.00903320312500002 -0.204513549804688
-0.0152435302734375 -0.2069091796875 -0.0207061767578125 -0.159027099609375
-0.100189208984375 -0.148391723632812 -0.0689697265625 -0.100639343261719
-0.150131225585938 -0.0830230712890625 -0.0677146911621094 -0.0488243103027344
-0.155487060546875 -0.0841064453125 -0.0250225067138672 -0.0283260345458984
-0.173507690429688 -0.05621337890625 0.0023517608642578 0.00583887100219726
-0.138710021972656 -0.0958404541015625 0.0257377624511719 0.05859375
-0.117401123046875 -0.156097412109375 0.0100555419921875 0.101943969726562
-0.0738677978515625 -0.196334838867188 -0.0698013305664062 0.117057800292969
0.0827178955078125 -0.244674682617188 -0.128959655761719 0.0479202270507812
0.14935302734375 -0.204910278320313 -0.105827331542969 -0.024444580078125
0.232818603515625 -0.189041137695313 0.05133056640625 -0.0879058837890625
0.262420654296875 -0.115081787109375 -0.0420989990234375 -0.141647338867187
0.243301391601563 -0.126220703125 0.0750579833984375 -0.162612915039062
0.17523193359375 -0.242080688476563 0.0828399658203125 -0.1956787109375
0.04541015625 -0.228759765625 0.027496337890625 -0.180755615234375
-0.0319976806640625 -0.210845947265625 0.00898742675781249 -0.120559692382813
-0.112258911132812 -0.145706176757813 -0.0139656066894531 -0.0603561401367188
-0.151275634765625 -0.083892822265625 0.00232696533203124 -0.0281505584716797
-0.152740478515625 -0.0908050537109375 0.0364913940429687 -0.0126953125
-0.164764404296875 -0.0725860595703125 0.0611381530761719 0.0238533020019531
-0.117530822753906 -0.110748291015625 0.0697402954101562 0.0881271362304687
-0.086517333984375 -0.16448974609375 0.0328521728515625 0.123321533203125
-0.036956787109375 -0.197647094726563 -0.0556106567382813 0.119087219238281
0.123809814453125 -0.225311279296875 -0.110183715820312 0.0350112915039062
0.191421508789062 -0.16912841796875 -0.0702896118164063 -0.0682945251464844
0.257705688476563 -0.128341674804688 0.128593444824219 -0.131523132324219
0.225692749023438 -0.0568389892578125 0.0326690673828125 -0.173873901367188
0.21746826171875 -0.09417724609375 0.107772827148438 -0.195449829101563
0.149185180664063 -0.203872680664063 0.0894317626953125 -0.180923461914063
0.0293731689453125 -0.191207885742188 0.049041748046875 -0.148300170898438
-0.0314788818359375 -0.171173095703125 0.0405426025390625 -0.0824966430664063
-0.0952377319335937 -0.1195068359375 0.0408058166503906 -0.0301742553710938
-0.125679016113281 -0.0728530883789062 0.0676231384277344 -0.0137138366699219
-0.125808715820313 -0.0834579467773438 0.0903549194335937 0.00456237792968749
-0.136260986328125 -0.0758056640625 0.112556457519531 0.05010986328125
-0.0875320434570313 -0.105911254882812 0.101837158203125 0.124565124511719
-0.053802490234375 -0.148147583007812 0.0449676513671875 0.148666381835938
-0.004974365234375 -0.1732177734375 -0.0415802001953125 0.122474670410156
0.144073486328125 -0.182388305664063 -0.0815658569335937 0.0306549072265625
0.207733154296875 -0.11517333984375 -0.0203933715820312 -0.0879669189453125
0.246078491210938 -0.0533599853515625 0.205947875976563 -0.145111083984375
0.154754638671875 0.016204833984375 0.083160400390625 -0.18280029296875
0.15924072265625 -0.03619384765625 0.123580932617188 -0.204193115234375
0.106643676757813 -0.118484497070313 0.0942230224609375 -0.154281616210938
0.0224685668945313 -0.110786437988281 0.0719528198242188 -0.119293212890625
-0.00838470458984375 -0.100456237792969 0.0669517517089844 -0.0578231811523438
-0.0519027709960938 -0.0793609619140625 0.0813980102539063 -0.0154876708984375
-0.0765838623046875 -0.0544052124023438 0.114479064941406 -0.00513458251953125
-0.0819473266601563 -0.0626449584960937 0.130165100097656 0.0204849243164062
-0.0935287475585937 -0.061798095703125 0.15130615234375 0.0760040283203125
-0.057891845703125 -0.07861328125 0.121612548828125 0.158096313476563
-0.0337677001953125 -0.109504699707031 0.04931640625 0.170974731445313
0.00462341308593749 -0.129203796386719 -0.0264434814453125 0.130508422851563
0.128738403320313 -0.130516052246094 -0.0495567321777344 0.04083251953125
0.185516357421875 -0.0569915771484375 0.0332412719726563 -0.0787353515625
0.19305419921875 0.020660400390625 0.27093505859375 -0.127700805664063
-0.104606628417969 -0.0763397216796875 -0.294677734375 0.124481201171875
-0.103736877441406 0.0302200317382812 -0.0804290771484375 0.0631332397460938
-0.0550765991210938 0.0879745483398437 0.028900146484375 -0.0679092407226563
0.0159835815429688 0.0843276977539063 0.0135650634765625 -0.1591796875
0.030609130859375 0.0521507263183594 -0.0418701171875 -0.197097778320313
0.0339221954345703 0.0303382873535156 -0.143844604492187 -0.190093994140625
0.0255203247070313 0.0313014984130859 -0.200225830078125 -0.0906982421875
0.0184364318847656 0.0406532287597656 -0.1708984375 -0.0338134765625
0.0117416381835937 0.0435714721679688 -0.142074584960937 0.00631713867187501
-0.0161914825439453 0.0287952423095703 -0.12060546875 0.0196380615234375
-0.0267524719238281 0.0213871002197266 -0.0902862548828125 0.066070556640625
-0.0371322631835937 0.0261726379394531 -0.097503662109375 0.107429504394531
-0.07073974609375 0.00328826904296875 -0.132675170898438 0.126327514648438
-0.0874710083007812 -0.03948974609375 -0.130096435546875 0.19915771484375
-0.0875701904296875 -0.105758666992188 -0.117782592773437 0.175872802734375
0.00310516357421874 -0.126960754394531 -0.30694580078125 0.079681396484375
-0.0202159881591797 -0.0167713165283203 -0.0903396606445313 0.0255813598632813
0.00815391540527344 0.0148506164550781 0.0199127197265625 -0.104110717773438
0.0426750183105469 0.0149726867675781 -0.00225830078125 -0.179885864257813
0.0332965850830078 -0.0197429656982422 -0.046295166015625 -0.205047607421875
0.00208091735839844 -0.0264358520507813 -0.147430419921875 -0.191787719726563
-0.0304584503173828 -0.00509071350097656 -0.2017822265625 -0.095855712890625
-0.0439300537109375 0.00491333007812501 -0.1668701171875 -0.0409088134765625
-0.0595321655273438 0.020111083984375 -0.137504577636719 0.00344085693359378
-0.076171875 -0.00911712646484374 -0.109413146972656 0.0250930786132813
-0.0788497924804688 -0.0443878173828125 -0.0796737670898438 0.0720138549804687
-0.0684165954589844 -0.0630607604980469 -0.104484558105469 0.1104736328125
-0.0294570922851563 -0.101974487304688 -0.1407470703125 0.104568481445312
-0.0209274291992188 -0.122276306152344 -0.133514404296875 0.15753173828125
0.0102386474609375 -0.1771240234375 -0.109161376953125 0.127861022949219
0.112396240234375 -0.161544799804688 -0.279693603515625 0.0271453857421875
0.0771255493164062 -0.065338134765625 -0.0696601867675781 -0.0168952941894531
0.0757904052734375 -0.0736846923828125 0.0294189453125 -0.142898559570313
0.0624542236328125 -0.0690765380859375 -0.00946044921875001 -0.203338623046875
0.025787353515625 -0.097686767578125 -0.0493316650390625 -0.205352783203125
-0.0348129272460938 -0.0837478637695313 -0.139984130859375 -0.175506591796875
-0.0850372314453125 -0.0401077270507812 -0.179336547851563 -0.087158203125
-0.101570129394531 -0.0310592651367187 -0.137603759765625 -0.0419692993164062
-0.121917724609375 -0.004058837890625 -0.107009887695313 0.000701904296875018
-0.123710632324219 -0.0417022705078125 -0.0739212036132813 0.0327529907226563
-0.120513916015625 -0.09539794921875 -0.0535049438476562 0.0817642211914063
-0.0952301025390625 -0.131744384765625 -0.0990219116210937 0.118263244628906
0.0017852783203125 -0.187515258789063 -0.14453125 0.0874481201171875
0.0384979248046875 -0.186508178710938 -0.133674621582031 0.102554321289062
0.101882934570313 -0.223114013671875 -0.0751266479492188 0.0585708618164062
0.20489501953125 -0.175064086914062 -0.217300415039063 -0.030426025390625
0.167953491210938 -0.110733032226563 -0.0250167846679687 -0.0645561218261719
0.133697509765625 -0.167587280273438 0.04876708984375 -0.176467895507813
0.06634521484375 -0.1568603515625 -0.00538635253906248 -0.215225219726562
0.00466918945312501 -0.16961669921875 -0.042816162109375 -0.19244384765625
-0.0751724243164062 -0.129081726074219 -0.115097045898438 -0.142486572265625
-0.130561828613281 -0.067840576171875 -0.133468627929687 -0.0688400268554688
-0.144287109375 -0.06146240234375 -0.0877227783203125 -0.0369110107421875
-0.164642333984375 -0.0288848876953125 -0.0572509765625 0.000659942626953128
-0.147430419921875 -0.07122802734375 -0.0243797302246094 0.0437202453613281
-0.137405395507813 -0.133232116699219 -0.01873779296875 0.0929107666015625
-0.10150146484375 -0.177764892578125 -0.0853118896484375 0.124893188476563
0.03582763671875 -0.2410888671875 -0.143722534179688 0.07183837890625
0.095428466796875 -0.219924926757813 -0.129486083984375 0.0410003662109375
0.179412841796875 -0.233444213867188 -0.0215663909912109 -0.0189800262451172
0.260269165039062 -0.1641845703125 -0.131813049316406 -0.0891799926757812
0.230575561523438 -0.13958740234375 0.0294189453125 -0.116569519042969
0.169708251953125 -0.237213134765625 0.0697479248046875 -0.19708251953125
0.057464599609375 -0.221572875976563 0.00727844238281249 -0.209609985351563
-0.0216064453125 -0.215118408203125 -0.0226593017578125 -0.163467407226562
-0.107925415039063 -0.152069091796875 -0.0708465576171875 -0.101898193359375
-0.157302856445313 -0.0828399658203125 -0.0687332153320313 -0.0469856262207031
-0.165817260742187 -0.08197021484375 -0.0258159637451172 -0.0270805358886719
-0.181808471679688 -0.0529327392578125 0.00314664840698241 0.00811290740966797
-0.146438598632813 -0.09735107421875 0.0293655395507812 0.0627174377441406
-0.125991821289062 -0.159423828125 0.013916015625 0.107933044433594
-0.0816192626953125 -0.201980590820312 -0.0700302124023437 0.127044677734375
0.07867431640625 -0.257095336914062 -0.134635925292969 0.05615234375
0.150497436523438 -0.2174072265625 -0.111885070800781 -0.0188369750976563
0.237518310546875 -0.2044677734375 0.0475616455078125 -0.0886688232421875
0.268356323242188 -0.1278076171875 -0.040740966796875 -0.141464233398438
0.249099731445312 -0.139602661132813 0.07781982421875 -0.1666259765625
0.173446655273438 -0.256393432617188 0.0821685791015625 -0.200531005859375
0.0405731201171875 -0.238174438476563 0.0259246826171875 -0.186187744140625
-0.0403594970703125 -0.218276977539063 0.00826263427734376 -0.12396240234375
-0.119842529296875 -0.1484375 -0.0123939514160156 -0.0612754821777344
-0.158370971679688 -0.082611083984375 0.00456047058105468 -0.0283145904541016
-0.161285400390625 -0.0889434814453125 0.0375213623046875 -0.0126152038574219
-0.172210693359375 -0.0695037841796875 0.0646820068359375 0.0249214172363281
-0.124275207519531 -0.112258911132813 0.076507568359375 0.091339111328125
-0.0942230224609375 -0.16766357421875 0.0377655029296875 0.12969970703125
-0.0435333251953125 -0.202789306640625 -0.0545196533203125 0.128807067871094
0.121673583984375 -0.238723754882813 -0.115402221679687 0.0420455932617188
0.1943359375 -0.18145751953125 -0.0769882202148438 -0.0650711059570313
0.263900756835938 -0.142807006835938 0.126953125 -0.136276245117188
0.23004150390625 -0.067169189453125 0.0357208251953125 -0.177902221679688
0.222152709960938 -0.10552978515625 0.111312866210938 -0.202255249023438
0.146621704101563 -0.215377807617188 0.0893096923828125 -0.186416625976562
0.02435302734375 -0.197036743164063 0.0482635498046875 -0.152603149414063
-0.0386810302734375 -0.175613403320313 0.0423355102539062 -0.086822509765625
-0.102180480957031 -0.119972229003906 0.0449409484863281 -0.0316848754882813
-0.131088256835938 -0.0711517333984375 0.071807861328125 -0.01544189453125
-0.13311767578125 -0.0809173583984375 0.09423828125 0.00333404541015624
-0.142257690429688 -0.0725555419921875 0.118621826171875 0.0492935180664062
-0.09234619140625 -0.10723876953125 0.110755920410156 0.127685546875
-0.05853271484375 -0.150787353515625 0.0512237548828125 0.155731201171875
-0.00988769531249999 -0.177200317382813 -0.0407791137695313 0.13177490234375
0.14190673828125 -0.193222045898437 -0.0864791870117187 0.0358428955078125
0.210479736328125 -0.125411987304688 -0.0249404907226562 -0.0871047973632813
0.25164794921875 -0.06512451171875 0.2059326171875 -0.152862548828125
0.157806396484375 0.0102691650390625 0.0873260498046875 -0.190414428710937
0.1617431640625 -0.0439605712890625 0.126846313476563 -0.213088989257813
0.103988647460937 -0.126075744628906 0.0958099365234375 -0.15948486328125
0.0183486938476563 -0.114173889160156 0.072845458984375 -0.124969482421875
-0.012939453125 -0.102134704589844 0.0699310302734375 -0.0616111755371094
-0.055694580078125 -0.0793533325195312 0.0874404907226563 -0.0175094604492188
-0.0791168212890625 -0.0526199340820312 0.120262145996094 -0.00896453857421875
-0.0858612060546875 -0.0604934692382813 0.135116577148438 0.018218994140625
-0.0969924926757813 -0.0592041015625 0.158294677734375 0.074798583984375
-0.0606307983398437 -0.0782699584960938 0.13238525390625 0.161514282226563
-0.0367813110351563 -0.109756469726562 0.055389404296875 0.178665161132813
0.00112152099609374 -0.130661010742188 -0.025177001953125 0.138191223144531
0.126380920410156 -0.138153076171875 -0.0528221130371094 0.0448074340820313
0.187576293945312 -0.0652618408203125 0.029510498046875 -0.080047607421875
0.1988525390625 0.0127410888671875 0.273330688476563 -0.137451171875
-0.109786987304688 -0.0720062255859375 -0.304901123046875 0.143646240234375
-0.105415344238281 0.0362930297851562 -0.0814590454101563 0.0702896118164063
-0.0519561767578125 0.092529296875 0.031097412109375 -0.07379150390625
0.0225143432617188 0.083740234375 0.0106048583984375 -0.169113159179688
0.0342559814453125 0.0500106811523438 -0.050140380859375 -0.20928955078125
0.0342655181884766 0.0289421081542969 -0.160781860351562 -0.197463989257813
0.0256366729736328 0.0308456420898438 -0.215957641601563 -0.0867462158203125
0.0201339721679688 0.0410881042480469 -0.182647705078125 -0.027252197265625
0.0123138427734375 0.0437393188476563 -0.151199340820313 0.0144805908203125
-0.0170440673828125 0.0290184020996094 -0.129615783691406 0.0268096923828125
-0.0272941589355469 0.0211410522460937 -0.0943527221679688 0.0740509033203125
-0.0363845825195313 0.0274314880371094 -0.100227355957031 0.118293762207031
-0.0708999633789063 0.00605010986328126 -0.139350891113281 0.140113830566406
-0.0909271240234375 -0.0370254516601562 -0.132492065429687 0.215789794921875
-0.0958786010742188 -0.1033935546875 -0.122116088867187 0.192184448242188
0.002410888671875 -0.1298828125 -0.317596435546875 0.0979309082031251
-0.01806640625 -0.01678466796875 -0.0919036865234375 0.0314407348632812
0.0121021270751953 0.0122804641723633 0.0195388793945312 -0.109504699707031
0.0482978820800781 0.00946426391601563 -0.00674438476562498 -0.190032958984375
0.0343456268310547 -0.0261669158935547 -0.054534912109375 -0.21697998046875
-0.000827789306640625 -0.0303325653076172 -0.162628173828125 -0.1986083984375
-0.0345363616943359 -0.00503158569335938 -0.216278076171875 -0.091461181640625
-0.0483322143554688 0.00550842285156249 -0.178054809570313 -0.0345306396484375
-0.06341552734375 0.0221748352050781 -0.146224975585938 0.0116424560546875
-0.0823135375976563 -0.00844573974609375 -0.117080688476563 0.0326919555664062
-0.08563232421875 -0.0461196899414063 -0.0834884643554687 0.080322265625
-0.072723388671875 -0.0660400390625 -0.107742309570313 0.123191833496094
-0.032440185546875 -0.107795715332031 -0.147796630859375 0.11865234375
-0.0237045288085938 -0.127326965332031 -0.136917114257813 0.173812866210937
0.00531005859375001 -0.184478759765625 -0.114517211914063 0.142105102539062
0.116226196289063 -0.171310424804688 -0.289886474609375 0.04302978515625
0.0832061767578125 -0.0721435546875 -0.0700302124023438 -0.0130844116210937
0.0807342529296875 -0.0838775634765625 0.027618408203125 -0.14984130859375
0.0657272338867188 -0.0796966552734375 -0.0145721435546875 -0.21282958984375
0.0240402221679687 -0.108001708984375 -0.0578765869140625 -0.216400146484375
-0.04144287109375 -0.089935302734375 -0.1539306640625 -0.18060302734375
-0.0930938720703125 -0.0406417846679687 -0.191436767578125 -0.0826568603515625
-0.110984802246094 -0.0290145874023438 -0.146560668945312 -0.0359649658203125
-0.130615234375 3.81469726562658E-05 -0.113311767578125 0.00769805908203126
-0.133445739746094 -0.0407333374023438 -0.0785675048828125 0.0401763916015625
-0.132415771484375 -0.0977706909179688 -0.0545501708984375 0.0901565551757812
-0.104225158691406 -0.13726806640625 -0.100830078125 0.132583618164063
-0.00384521484374999 -0.200515747070313 -0.1529541015625 0.101425170898437
0.0367889404296875 -0.198776245117187 -0.139320373535156 0.116661071777344
0.100616455078125 -0.2391357421875 -0.0804977416992188 0.0687637329101562
0.212387084960938 -0.190887451171875 -0.22412109375 -0.0194549560546875
0.176971435546875 -0.124832153320313 -0.0241165161132812 -0.0640945434570313
0.137588500976563 -0.18548583984375 0.046844482421875 -0.18511962890625
0.0657196044921875 -0.171401977539063 -0.0119476318359375 -0.226089477539063
-0.00219726562499999 -0.182052612304688 -0.05029296875 -0.202651977539062
-0.0852890014648438 -0.135917663574219 -0.125076293945313 -0.146499633789063
-0.14227294921875 -0.0675811767578125 -0.14178466796875 -0.0652923583984375
-0.15728759765625 -0.0594940185546875 -0.0940704345703125 -0.03289794921875
-0.176223754882813 -0.0240936279296875 -0.0605278015136719 0.00551223754882812
-0.16015625 -0.0709228515625 -0.0241470336914063 0.049163818359375
-0.151565551757813 -0.13763427734375 -0.0167083740234375 0.100959777832031
-0.113754272460937 -0.185638427734375 -0.0863723754882813 0.139549255371094
0.0284881591796875 -0.2593994140625 -0.152389526367188 0.08544921875
0.0941314697265625 -0.237213134765625 -0.136489868164063 0.051513671875
0.182510375976563 -0.25439453125 -0.0258235931396484 -0.0151252746582031
0.270736694335938 -0.183151245117188 -0.135643005371094 -0.0850601196289063
0.241958618164063 -0.15826416015625 0.0313873291015625 -0.122230529785156
0.170303344726563 -0.260223388671875 0.067474365234375 -0.207351684570313
0.0532684326171875 -0.239013671875 0.00144958496093748 -0.219100952148438
-0.03228759765625 -0.228103637695313 -0.028076171875 -0.172592163085938
-0.120941162109375 -0.158172607421875 -0.0750503540039063 -0.10528564453125
-0.1700439453125 -0.0811004638671875 -0.0716629028320313 -0.044952392578125
-0.1805419921875 -0.079559326171875 -0.0280742645263672 -0.0249729156494141
-0.194732666015625 -0.0480804443359375 0.00412750244140624 0.0103750228881836
-0.15966796875 -0.0983734130859375 0.0340118408203125 0.066375732421875
-0.14080810546875 -0.164718627929687 0.0185623168945313 0.116348266601563
-0.09423828125 -0.211074829101563 -0.06927490234375 0.142593383789063
0.0723724365234375 -0.278228759765625 -0.142669677734375 0.0685272216796875
0.151901245117188 -0.236236572265625 -0.120719909667969 -0.0119705200195313
0.24322509765625 -0.227325439453125 0.0446243286132813 -0.0920562744140625
0.278915405273438 -0.146957397460938 -0.0413055419921875 -0.144699096679688
0.259780883789063 -0.16015625 0.0813446044921875 -0.1761474609375
0.171920776367188 -0.279434204101563 0.0811309814453125 -0.21112060546875
0.032958984375 -0.252792358398438 0.0221710205078125 -0.195388793945313
-0.05242919921875 -0.229095458984375 0.00592803955078124 -0.131599426269531
-0.133026123046875 -0.15301513671875 -0.01104736328125 -0.0641860961914063
-0.170761108398438 -0.0805816650390625 0.00679969787597655 -0.0285282135009766
-0.175384521484375 -0.085906982421875 0.0403480529785156 -0.0130195617675781
-0.185989379882813 -0.065093994140625 0.0699920654296875 0.0245819091796875
-0.136238098144531 -0.114501953125 0.0857772827148437 0.094696044921875
-0.106292724609375 -0.1741943359375 0.0456695556640625 0.138954162597656
-0.0539703369140625 -0.213409423828125 -0.05328369140625 0.143630981445313
0.11676025390625 -0.259033203125 -0.12335205078125 0.0520858764648438
0.198501586914063 -0.20062255859375 -0.0852508544921875 -0.0622711181640625
0.27349853515625 -0.164474487304688 0.126205444335938 -0.146377563476563
0.240158081054688 -0.0820465087890625 0.0372161865234375 -0.187347412109375
0.229782104492188 -0.123779296875 0.114517211914063 -0.216415405273437
0.144546508789063 -0.234878540039063 0.0892486572265625 -0.197418212890625
0.017242431640625 -0.209030151367187 0.047088623046875 -0.16204833984375
-0.0496063232421875 -0.18316650390625 0.0436248779296875 -0.0927658081054688
-0.112518310546875 -0.122077941894531 0.0507431030273437 -0.0360870361328125
-0.140312194824219 -0.0690689086914062 0.0779495239257812 -0.0196456909179688
-0.144927978515625 -0.0787200927734375 0.0997238159179687 0.000709533691406245
-0.152694702148438 -0.06939697265625 0.127845764160156 0.0475082397460937
-0.101325988769531 -0.109580993652344 0.124588012695313 0.131134033203125
-0.0668182373046875 -0.15667724609375 0.060211181640625 0.165435791015625
-0.01678466796875 -0.185989379882813 -0.0381622314453125 0.144989013671875
0.139450073242188 -0.211441040039063 -0.0925064086914062 0.0437545776367188
0.216461181640625 -0.142257690429688 -0.0324172973632812 -0.0886993408203125
0.26385498046875 -0.08258056640625 0.20880126953125 -0.167694091796875
0.165252685546875 0.0025482177734375 0.0908050537109375 -0.204452514648438
0.167556762695313 -0.0553741455078125 0.129302978515625 -0.22991943359375
0.102272033691406 -0.138221740722656 0.09765625 -0.170974731445313
0.01409912109375 -0.119171142578125 0.0741958618164063 -0.135154724121094
-0.0193557739257813 -0.106346130371094 0.0726318359375 -0.06817626953125
-0.0622634887695312 -0.0802078247070312 0.0947341918945313 -0.0224380493164063
-0.0837020874023438 -0.0506362915039062 0.128936767578125 -0.015350341796875
-0.0924224853515625 -0.0586166381835937 0.14361572265625 0.0140533447265625
-0.103561401367188 -0.0565032958984375 0.1708984375 0.07183837890625
-0.0660018920898438 -0.0794448852539063 0.1478271484375 0.16558837890625
-0.0420074462890625 -0.113121032714844 0.0653076171875 0.189834594726563
-0.00383758544921875 -0.135276794433594 -0.022308349609375 0.150527954101563
0.124343872070313 -0.15069580078125 -0.0565872192382813 0.0510177612304687
0.19244384765625 -0.0780487060546875 0.0255889892578125 -0.0837936401367188
0.20916748046875 0.0018463134765625 0.280136108398438 -0.154098510742188
-0.117416381835938 -0.0645294189453125 -0.30950927734375 0.173797607421875
-0.105308532714844 0.0457229614257813 -0.0799331665039062 0.080108642578125
-0.0467681884765625 0.0986862182617188 0.0308990478515625 -0.080841064453125
0.03057861328125 0.0820159912109375 0.00245666503906249 -0.181381225585938
0.0390815734863281 0.0478897094726563 -0.06591796875 -0.222259521484375
0.035247802734375 0.0277023315429688 -0.185089111328125 -0.200149536132813
0.0273017883300781 0.030029296875 -0.235366821289063 -0.07672119140625
0.0230026245117188 0.0402107238769531 -0.195602416992187 -0.0157470703125
0.0154914855957031 0.0437545776367188 -0.160232543945312 0.02703857421875
-0.0178852081298828 0.0304069519042969 -0.138381958007813 0.039520263671875
-0.0286865234375 0.0221004486083984 -0.0970916748046875 0.0854110717773438
-0.0352516174316406 0.0287628173828125 -0.0998382568359375 0.133934020996094
-0.0713043212890625 0.0104904174804687 -0.14056396484375 0.158966064453125
-0.096282958984375 -0.032806396484375 -0.128250122070312 0.237930297851562
-0.106903076171875 -0.0990447998046875 -0.121200561523438 0.214645385742188
-0.00140380859375001 -0.133987426757813 -0.325164794921875 0.127685546875
-0.0153388977050781 -0.0167074203491211 -0.0923843383789063 0.0411834716796875
0.0164613723754883 0.0090799331665039 0.0164718627929687 -0.117301940917969
0.0536422729492188 0.00156784057617188 -0.0169219970703125 -0.20098876953125
0.0339374542236328 -0.0339336395263672 -0.070770263671875 -0.229232788085937
-0.00604820251464844 -0.0343647003173828 -0.18646240234375 -0.20050048828125
-0.0391082763671875 -0.00481033325195313 -0.23492431640625 -0.080780029296875
-0.0523033142089844 0.00820159912109375 -0.190277099609375 -0.021575927734375
-0.0678596496582031 0.0265655517578125 -0.154815673828125 0.024627685546875
-0.0898895263671875 -0.00551605224609374 -0.124046325683594 0.0452194213867187
-0.0952987670898438 -0.0454025268554688 -0.0846633911132813 0.0928421020507813
-0.0804061889648437 -0.0674514770507813 -0.106689453125 0.141067504882813
-0.0396194458007812 -0.114089965820313 -0.152450561523437 0.137664794921875
-0.0307846069335937 -0.133293151855469 -0.135467529296875 0.195037841796875
-0.0051422119140625 -0.193527221679688 -0.115432739257813 0.161956787109375
0.11676025390625 -0.186279296875 -0.297882080078125 0.0682373046875
0.088348388671875 -0.0831832885742188 -0.0712432861328125 -0.00716400146484376
0.0822830200195313 -0.0974655151367188 0.0215911865234375 -0.159469604492188
0.0654220581054688 -0.0936203002929688 -0.0266265869140625 -0.223983764648438
0.016937255859375 -0.120010375976563 -0.07293701171875 -0.228179931640625
-0.052337646484375 -0.0952224731445313 -0.173782348632813 -0.1829833984375
-0.103500366210938 -0.0384750366210938 -0.207183837890625 -0.0728759765625
-0.121971130371094 -0.0236282348632812 -0.156814575195312 -0.025726318359375
-0.140243530273438 0.00769805908203122 -0.120040893554688 0.0188674926757813
-0.146499633789063 -0.0357513427734375 -0.0816574096679688 0.0505218505859375
-0.148239135742188 -0.0971527099609375 -0.052581787109375 0.101387023925781
-0.119895935058594 -0.140403747558594 -0.0985565185546875 0.151260375976563
-0.01678466796875 -0.214767456054688 -0.1590576171875 0.121063232421875
0.0279693603515625 -0.212814331054688 -0.141632080078125 0.136337280273437
0.091400146484375 -0.259735107421875 -0.0837783813476563 0.0817947387695312
0.216323852539063 -0.21563720703125 -0.232925415039063 -0.00177001953125004
0.18377685546875 -0.14654541015625 -0.0250663757324219 -0.06353759765625
0.135055541992188 -0.209304809570313 0.03936767578125 -0.19647216796875
0.0595550537109375 -0.18988037109375 -0.025421142578125 -0.237625122070313
-0.0152587890625 -0.195938110351563 -0.0650787353515625 -0.212493896484375
-0.10150146484375 -0.140945434570313 -0.140533447265625 -0.148391723632812
-0.155853271484375 -0.0639190673828125 -0.15228271484375 -0.057952880859375
-0.173492431640625 -0.0518646240234375 -0.100379943847656 -0.0265426635742188
-0.19012451171875 -0.0139617919921875 -0.0637779235839844 0.0134124755859375
-0.175857543945312 -0.06585693359375 -0.0226707458496094 0.056549072265625
-0.171524047851563 -0.136672973632813 -0.0119400024414063 0.110755920410156
-0.133575439453125 -0.19049072265625 -0.0815277099609375 0.158721923828125
0.0128936767578125 -0.279876708984375 -0.158523559570313 0.105224609375
0.0864410400390625 -0.257797241210937 -0.142776489257813 0.067840576171875
0.1768798828125 -0.2838134765625 -0.0318374633789062 -0.010519027709961
0.277008056640625 -0.212921142578125 -0.141265869140625 -0.07745361328125
0.2486572265625 -0.187088012695312 0.0305023193359375 -0.128173828125
0.16265869140625 -0.290618896484375 0.0601806640625 -0.22021484375
0.0407867431640625 -0.258453369140625 -0.01104736328125 -0.230972290039063
-0.0511627197265625 -0.241317749023437 -0.0389862060546875 -0.180816650390625
-0.13946533203125 -0.161453247070312 -0.0837478637695313 -0.106529235839844
-0.186447143554688 -0.0761260986328125 -0.0754852294921875 -0.0420074462890625
-0.198776245117188 -0.0706787109375 -0.0305461883544922 -0.0222969055175781
-0.21063232421875 -0.0365753173828125 0.00505924224853514 0.0131216049194336
-0.176589965820313 -0.094818115234375 0.0412483215332031 0.0698738098144531
-0.161270141601562 -0.165985107421875 0.0278091430664062 0.12493896484375
-0.114715576171875 -0.219314575195312 -0.06317138671875 0.160842895507813
0.056488037109375 -0.302978515625 -0.149734497070313 0.0857086181640625
0.146316528320313 -0.262130737304688 -0.129898071289063 -0.000358581542968784
0.243576049804688 -0.2608642578125 0.0379104614257813 -0.0970993041992188
0.28662109375 -0.175811767578125 -0.0464935302734375 -0.147659301757813
0.26556396484375 -0.191238403320313 0.079559326171875 -0.19097900390625
0.161651611328125 -0.310546875 0.0743255615234375 -0.225311279296875
0.017852783203125 -0.270523071289063 0.01177978515625 -0.206573486328125
-0.072662353515625 -0.23931884765625 -0.000541687011718748 -0.139328002929688
-0.151519775390625 -0.153335571289062 -0.0123977661132813 -0.0680580139160156
-0.185928344726563 -0.07373046875 0.0084095001220703 -0.0309486389160156
-0.19287109375 -0.0774078369140625 0.0425758361816406 -0.0149955749511719
-0.201492309570313 -0.0549468994140625 0.0759658813476562 0.0230026245117187
-0.15203857421875 -0.113632202148438 0.0990447998046875 0.0954360961914062
-0.124298095703125 -0.177841186523437 0.05828857421875 0.146469116210938
-0.0714263916015625 -0.222274780273437 -0.0467376708984375 0.160324096679687
0.104736328125 -0.285614013671875 -0.129859924316406 0.06707763671875
0.196685791015625 -0.22796630859375 -0.0967025756835938 -0.0571136474609375
0.2784423828125 -0.197357177734375 0.12078857421875 -0.160842895507813
0.248062133789063 -0.105224609375 0.0339508056640625 -0.20013427734375
0.234588623046875 -0.149520874023437 0.111770629882813 -0.235458374023437
0.133468627929688 -0.260269165039062 0.0847015380859375 -0.2130126953125
0.0030670166015625 -0.220932006835938 0.0411376953125 -0.17376708984375
-0.0667572021484375 -0.189910888671875 0.0406341552734375 -0.101348876953125
-0.127761840820312 -0.12139892578125 0.0554389953613281 -0.0418663024902344
-0.151641845703125 -0.0631561279296875 0.0842437744140625 -0.0259857177734375
-0.158538818359375 -0.07086181640625 0.106521606445312 -0.005340576171875
-0.165817260742187 -0.0614013671875 0.139633178710937 0.042022705078125
-0.114311218261719 -0.109840393066406 0.142578125 0.130706787109375
-0.0807037353515625 -0.161224365234375 0.0758056640625 0.1741943359375
-0.0309295654296875 -0.194107055664063 -0.0312957763671875 0.160400390625
0.130508422851563 -0.234298706054688 -0.0974273681640625 0.055328369140625
0.218276977539062 -0.166580200195313 -0.0423126220703125 -0.08837890625
0.271636962890625 -0.10906982421875 0.206756591796875 -0.18951416015625
0.173553466796875 -0.0104217529296875 0.0877838134765625 -0.222366333007813
0.171295166015625 -0.072113037109375 0.126007080078125 -0.252029418945313
0.0954132080078125 -0.154083251953125 0.0955963134765625 -0.186691284179688
0.00614166259765626 -0.125419616699219 0.07086181640625 -0.147872924804688
-0.0287857055664062 -0.109642028808594 0.0737686157226562 -0.0773391723632812
-0.071197509765625 -0.0793380737304688 0.102607727050781 -0.031219482421875
-0.090118408203125 -0.0471038818359375 0.137413024902344 -0.0264816284179688
-0.101699829101562 -0.053436279296875 0.152435302734375 0.0048675537109375
-0.1116943359375 -0.0502395629882812 0.186874389648438 0.065032958984375
-0.0733642578125 -0.0793075561523438 0.169387817382813 0.165817260742187
-0.0512619018554687 -0.115196228027344 0.082763671875 0.199813842773438
-0.0131072998046875 -0.1409912109375 -0.01470947265625 0.165084838867187
0.118408203125 -0.167373657226563 -0.0595436096191406 0.0599899291992187
0.195892333984375 -0.0966796875 0.0185165405273438 -0.0881271362304688
0.21929931640625 -0.014923095703125 0.28338623046875 -0.181396484375
-0.122634887695313 -0.0526809692382812 -0.303924560546875 0.208740234375
-0.102676391601563 0.0572662353515625 -0.073944091796875 0.09136962890625
-0.0378875732421875 0.104545593261719 0.0274200439453125 -0.0878372192382813
0.0395584106445313 0.0769882202148438 -0.01104736328125 -0.19036865234375
0.0436553955078125 0.0427894592285156 -0.088287353515625 -0.228485107421875
0.0364723205566406 0.0249290466308594 -0.212783813476563 -0.193588256835938
0.0289497375488281 0.028564453125 -0.2518310546875 -0.0575408935546875
0.0261611938476563 0.0383491516113281 -0.205001831054688 0.00332641601562496
0.0180206298828125 0.0427818298339844 -0.165573120117188 0.0450592041015625
-0.0178165435791016 0.0319766998291016 -0.143585205078125 0.0563201904296875
-0.0286197662353516 0.0231971740722656 -0.0949630737304688 0.0992507934570313
-0.0327930450439453 0.0304222106933594 -0.09320068359375 0.149871826171875
-0.0701255798339844 0.016265869140625 -0.134628295898438 0.179718017578125
-0.10040283203125 -0.024566650390625 -0.114517211914063 0.260238647460938
-0.118080139160156 -0.0895156860351563 -0.110931396484375 0.236679077148437
-0.00786590576171874 -0.136573791503906 -0.32183837890625 0.1630859375
-0.0132637023925781 -0.0168533325195313 -0.0891342163085938 0.0518951416015625
0.0203285217285156 0.00452995300292969 0.00920867919921875 -0.123466491699219
0.0560264587402344 -0.00853347778320313 -0.0326690673828125 -0.208236694335938
0.0306205749511719 -0.0418014526367188 -0.093017578125 -0.234893798828125
-0.0116958618164063 -0.0373382568359375 -0.212738037109375 -0.193649291992187
-0.0436286926269531 -0.00229644775390624 -0.250930786132813 -0.0620574951171875
-0.0562248229980469 0.0125160217285156 -0.199432373046875 -0.00309753417968746
-0.069915771484375 0.0326347351074219 -0.158248901367188 0.0428314208984375
-0.09588623046875 0.000877380371093756 -0.127204895019531 0.0615386962890625
-0.104751586914063 -0.0402755737304688 -0.0813980102539063 0.105712890625
-0.089141845703125 -0.0648651123046875 -0.0985107421875 0.15887451171875
-0.049346923828125 -0.116683959960938 -0.1494140625 0.160186767578125
-0.0413055419921875 -0.136138916015625 -0.124542236328125 0.2177734375
-0.0207977294921875 -0.19879150390625 -0.1085205078125 0.182510375976563
0.109329223632812 -0.203201293945313 -0.29766845703125 0.10009765625
0.0893707275390625 -0.096160888671875 -0.0698051452636719 0.000621795654296873
0.0793533325195313 -0.113136291503906 0.0113983154296875 -0.166412353515625
0.0604934692382813 -0.107498168945313 -0.0455169677734375 -0.229904174804687
0.00551605224609374 -0.129676818847656 -0.0954437255859375 -0.232513427734375
-0.0653305053710937 -0.0963668823242188 -0.197006225585938 -0.175338745117187
-0.113716125488281 -0.032501220703125 -0.2197265625 -0.0563507080078125
-0.131065368652344 -0.0138473510742188 -0.164657592773437 -0.0094757080078125
-0.147018432617188 0.020538330078125 -0.122642517089844 0.0338058471679688
-0.157546997070313 -0.0255584716796875 -0.081207275390625 0.0628128051757812
-0.164749145507812 -0.08905029296875 -0.0468902587890625 0.113044738769531
-0.136940002441406 -0.137702941894531 -0.088531494140625 0.170654296875
-0.0368194580078125 -0.224624633789063 -0.1583251953125 0.144317626953125
0.0130462646484375 -0.224990844726563 -0.135452270507813 0.15802001953125
0.0738372802734375 -0.278396606445313 -0.0823822021484375 0.0970458984375
0.209320068359375 -0.243576049804688 -0.234573364257812 0.0213165283203124
0.181869506835938 -0.170791625976563 -0.0262451171875 -0.0623703002929688
0.122283935546875 -0.23394775390625 0.0262603759765625 -0.206008911132813
0.045562744140625 -0.206787109375 -0.045013427734375 -0.243087768554688
-0.035552978515625 -0.205490112304688 -0.0849609375 -0.216064453125
-0.120285034179688 -0.140121459960937 -0.157623291015625 -0.142105102539063
-0.169631958007812 -0.0535736083984375 -0.16070556640625 -0.045623779296875
-0.187179565429688 -0.0369873046875 -0.105728149414063 -0.0152816772460938
-0.2005615234375 0.00363159179687498 -0.0645980834960938 0.022674560546875
-0.191436767578125 -0.0539703369140625 -0.0183448791503906 0.0635032653808594
-0.193252563476563 -0.128631591796875 -0.0023040771484375 0.119346618652344
-0.15692138671875 -0.1878662109375 -0.070281982421875 0.177261352539062
-0.01318359375 -0.29498291015625 -0.158584594726562 0.128036499023438
0.069366455078125 -0.277984619140625 -0.143051147460937 0.0871124267578125
0.159393310546875 -0.312652587890625 -0.0366401672363281 -0.00386428833007815
0.271270751953125 -0.247650146484375 -0.146636962890625 -0.0648040771484375
0.243972778320313 -0.2205810546875 0.0259933471679688 -0.134498596191406
0.14227294921875 -0.31982421875 0.046234130859375 -0.230743408203125
0.019866943359375 -0.274398803710938 -0.0295867919921875 -0.237228393554688
-0.076751708984375 -0.248367309570313 -0.0552978515625 -0.1854248046875
-0.161819458007813 -0.157470703125 -0.0940170288085938 -0.10430908203125
-0.202468872070313 -0.0632781982421875 -0.078857421875 -0.036651611328125
-0.21435546875 -0.0539398193359375 -0.032918930053711 -0.0184307098388672
-0.223907470703125 -0.0176849365234375 0.00721168518066405 0.0155115127563477
-0.193939208984375 -0.0836334228515625 0.0499382019042969 0.0702095031738281
-0.184158325195313 -0.15997314453125 0.0413284301757812 0.129753112792969
-0.13995361328125 -0.218978881835938 -0.0502471923828125 0.177978515625
0.028717041015625 -0.3236083984375 -0.15093994140625 0.107513427734375
0.129791259765625 -0.287628173828125 -0.136444091796875 0.0149307250976562
0.22906494140625 -0.296234130859375 0.0278091430664063 -0.100181579589844
0.283843994140625 -0.210968017578125 -0.053375244140625 -0.148223876953125
0.258544921875 -0.225433349609375 0.0709228515625 -0.20355224609375
0.13751220703125 -0.340301513671875 0.060516357421875 -0.2379150390625
-0.00555419921875 -0.283966064453125 -0.00395202636718752 -0.214218139648438
-0.0992889404296875 -0.242950439453125 -0.0115203857421875 -0.145172119140625
-0.1729736328125 -0.146408081054688 -0.0158615112304688 -0.070556640625
-0.200576782226563 -0.0614013671875 0.00942039489746093 -0.0332965850830078
-0.208831787109375 -0.0610198974609375 0.0434112548828125 -0.0179672241210938
-0.214569091796875 -0.03778076171875 0.0817642211914062 0.0187454223632812
-0.168930053710938 -0.1051025390625 0.113166809082031 0.0907974243164063
-0.1463623046875 -0.174850463867188 0.075103759765625 0.150039672851563
-0.094696044921875 -0.225509643554688 -0.0328826904296875 0.176162719726563
0.08056640625 -0.30841064453125 -0.131721496582031 0.0851287841796875
0.184402465820313 -0.255996704101563 -0.106666564941406 -0.0469436645507813
0.271499633789063 -0.234039306640625 0.108001708984375 -0.1746826171875
0.248214721679688 -0.134597778320313 0.024871826171875 -0.210494995117188
0.229629516601563 -0.180770874023438 0.099365234375 -0.255447387695313
0.11212158203125 -0.284149169921875 0.0723419189453125 -0.226593017578125
-0.0174713134765625 -0.228744506835938 0.028961181640625 -0.183242797851563
-0.088623046875 -0.190643310546875 0.0352401733398438 -0.108856201171875
-0.144454956054688 -0.11444091796875 0.0571060180664062 -0.0496864318847656
-0.162750244140625 -0.0517425537109375 0.0879440307617187 -0.0363693237304688
-0.171340942382813 -0.0575714111328125 0.110969543457031 -0.0148468017578125
-0.176834106445312 -0.04736328125 0.1494140625 0.0326690673828125
-0.128204345703125 -0.105155944824219 0.161834716796875 0.1231689453125
-0.09814453125 -0.160110473632813 0.095977783203125 0.17724609375
-0.048980712890625 -0.198776245117188 -0.0173187255859375 0.174285888671875
0.112380981445313 -0.256134033203125 -0.0992355346679688 0.0689926147460938
0.21026611328125 -0.1944580078125 -0.05364990234375 -0.0855331420898438
0.271514892578125 -0.141510009765625 0.19525146484375 -0.213348388671875
0.178009033203125 -0.0285186767578125 0.0779571533203125 -0.240814208984375
0.169265747070313 -0.09320068359375 0.112319946289063 -0.274169921875
0.0822906494140625 -0.168838500976563 0.085479736328125 -0.202850341796875
-0.00581359863281249 -0.129554748535156 0.062347412109375 -0.160125732421875
-0.041595458984375 -0.110267639160156 0.07073974609375 -0.0871810913085938
-0.08111572265625 -0.0743637084960937 0.107376098632812 -0.043304443359375
-0.096405029296875 -0.0402450561523437 0.142440795898438 -0.042236328125
-0.108924865722656 -0.0442886352539062 0.159194946289063 -0.0091400146484375
-0.118888854980469 -0.0414276123046875 0.199874877929688 0.0506744384765625
-0.082061767578125 -0.0764007568359375 0.192611694335938 0.156402587890625
-0.06182861328125 -0.1143798828125 0.104324340820313 0.203414916992188
-0.0253753662109375 -0.143951416015625 -0.000808715820312509 0.176406860351563
0.104965209960937 -0.18389892578125 -0.0594367980957031 0.0696792602539062
0.1912841796875 -0.119186401367187 0.00837707519531251 -0.0911483764648438
0.224273681640625 -0.038726806640625 0.274810791015625 -0.212753295898438
-0.12359619140625 -0.040191650390625 -0.28460693359375 0.239044189453125
-0.0956802368164063 0.0661697387695313 -0.0643844604492187 0.0991439819335938
-0.02734375 0.106613159179688 0.0222625732421875 -0.0928726196289063
0.045623779296875 0.0700531005859375 -0.02606201171875 -0.19378662109375
0.0467147827148438 0.0371017456054688 -0.109695434570312 -0.226470947265625
0.0373382568359375 0.0215072631835938 -0.234695434570313 -0.178451538085938
0.02960205078125 0.0257110595703125 -0.259658813476563 -0.0346527099609375
0.0281257629394531 0.0351448059082031 -0.2064208984375 0.023468017578125
0.0203819274902344 0.0404739379882813 -0.16375732421875 0.062042236328125
-0.0170631408691406 0.0331954956054688 -0.142303466796875 0.0725860595703125
-0.0284271240234375 0.0247325897216797 -0.0893325805664063 0.110420227050781
-0.0293464660644531 0.0313224792480469 -0.081939697265625 0.16082763671875
-0.0669097900390625 0.0216217041015625 -0.122116088867188 0.195541381835937
-0.100906372070313 -0.0169219970703125 -0.0941314697265625 0.274078369140625
-0.124336242675781 -0.0759963989257812 -0.0937957763671875 0.252593994140625
-0.0149612426757812 -0.136268615722656 -0.3052978515625 0.194671630859375
-0.0107917785644531 -0.017399787902832 -0.08197021484375 0.0608673095703125
0.022979736328125 -0.00030517578125 0.000755310058593743 -0.126029968261719
0.0552215576171875 -0.0187759399414063 -0.0488128662109375 -0.208541870117188
0.0259590148925781 -0.0482406616210938 -0.114349365234375 -0.23260498046875
-0.0176773071289063 -0.0382537841796875 -0.234207153320313 -0.178207397460937
-0.0467453002929687 0.000965118408203123 -0.258270263671875 -0.039031982421875
-0.0581016540527344 0.017120361328125 -0.200698852539063 0.0164947509765625
-0.0698127746582031 0.0387535095214844 -0.1566162109375 0.0602264404296875
-0.0997314453125 0.00876617431640626 -0.124542236328125 0.0769119262695312
-0.111083984375 -0.03314208984375 -0.0739364624023438 0.116539001464844
-0.095916748046875 -0.06085205078125 -0.0854644775390625 0.17254638671875
-0.0600509643554687 -0.115989685058594 -0.138946533203125 0.17852783203125
-0.050872802734375 -0.134681701660156 -0.107376098632813 0.233428955078125
-0.03680419921875 -0.197494506835937 -0.0958709716796875 0.1982421875
0.097900390625 -0.214889526367188 -0.284637451171875 0.129608154296875
0.08551025390625 -0.107955932617188 -0.0664749145507813 0.00782012939453126
0.0709915161132813 -0.124595642089844 -0.000106811523437508 -0.16827392578125
0.0515213012695313 -0.118354797363281 -0.063629150390625 -0.228408813476563
-0.00783538818359374 -0.134933471679688 -0.11529541015625 -0.22894287109375
-0.07757568359375 -0.0940399169921875 -0.214981079101563 -0.16064453125
-0.120361328125 -0.0235977172851562 -0.225067138671875 -0.03607177734375
-0.136253356933594 -0.00202941894531252 -0.165313720703125 0.00703430175781252
-0.148818969726563 0.03387451171875 -0.120033264160156 0.0489120483398437
-0.164291381835938 -0.0131072998046875 -0.0772705078125 0.0739898681640625
-0.177032470703125 -0.076934814453125 -0.0380477905273438 0.121292114257812
-0.151519775390625 -0.128585815429688 -0.07354736328125 0.183990478515625
-0.0583648681640625 -0.226150512695313 -0.1492919921875 0.164840698242188
-0.00398254394531248 -0.229904174804688 -0.124114990234375 0.175506591796875
0.05029296875 -0.288238525390625 -0.0768814086914062 0.109458923339844
0.194168090820313 -0.266433715820312 -0.227157592773437 0.0445098876953124
0.171859741210937 -0.192657470703125 -0.0270881652832031 -0.05950927734375
0.103012084960937 -0.25103759765625 0.0123138427734375 -0.208389282226563
0.0286102294921875 -0.215728759765625 -0.063720703125 -0.240570068359375
-0.0564117431640625 -0.207321166992187 -0.103729248046875 -0.212249755859375
-0.137245178222656 -0.132698059082031 -0.171051025390625 -0.13079833984375
-0.179519653320313 -0.0404815673828125 -0.163284301757813 -0.0320587158203125
-0.194747924804688 -0.0195465087890625 -0.10675048828125 -0.00361633300781252
-0.204055786132813 0.022430419921875 -0.0616683959960938 0.0317230224609375
-0.2005615234375 -0.0384063720703125 -0.0127754211425781 0.0679397583007813
-0.209136962890625 -0.113357543945313 0.00806427001953124 0.123298645019531
-0.176361083984375 -0.176956176757813 -0.0528564453125 0.190231323242188
-0.042083740234375 -0.299774169921875 -0.15179443359375 0.149093627929688
0.046966552734375 -0.28924560546875 -0.137542724609375 0.1053466796875
0.132781982421875 -0.332763671875 -0.0394287109375 0.00397872924804685
0.254623413085938 -0.277908325195313 -0.145187377929687 -0.05181884765625
0.2283935546875 -0.248809814453125 0.0198516845703125 -0.136993408203125
0.114471435546875 -0.339508056640625 0.0294952392578125 -0.23583984375
-0.004638671875 -0.281341552734375 -0.047698974609375 -0.2354736328125
-0.102783203125 -0.245590209960938 -0.0708160400390625 -0.182769775390625
-0.17999267578125 -0.146194458007813 -0.102462768554688 -0.0976943969726563
-0.212158203125 -0.0466766357421875 -0.0802230834960938 -0.0306167602539063
-0.223114013671875 -0.033294677734375 -0.0324420928955078 -0.0138072967529297
-0.228836059570313 0.00308227539062503 0.00939178466796873 0.0182266235351563
-0.205810546875 -0.068084716796875 0.0574874877929687 0.0681266784667969
-0.202438354492187 -0.1458740234375 0.0538177490234375 0.13067626953125
-0.16107177734375 -0.210067749023437 -0.03277587890625 0.189193725585938
-0.00180053710937502 -0.332183837890625 -0.146072387695313 0.1279296875
0.107513427734375 -0.30523681640625 -0.137763977050781 0.0313339233398437
0.204620361328125 -0.323028564453125 0.0166854858398438 -0.0998153686523438
0.268936157226562 -0.2423095703125 -0.0587310791015625 -0.1444091796875
0.2408447265625 -0.255035400390625 0.05865478515625 -0.21258544921875
0.10601806640625 -0.358489990234375 0.0432586669921875 -0.244354248046875
-0.031158447265625 -0.286865234375 -0.0202178955078125 -0.214569091796875
-0.124740600585938 -0.236648559570312 -0.022918701171875 -0.145782470703125
-0.188751220703125 -0.134002685546875 -0.0193939208984375 -0.071441650390625
-0.20947265625 -0.044525146484375 0.00931930541992187 -0.0356407165527344
-0.21722412109375 -0.0410614013671875 0.044097900390625 -0.0208206176757813
-0.220550537109375 -0.0175323486328125 0.085418701171875 0.013824462890625
-0.181930541992188 -0.0923004150390625 0.12322998046875 0.0823440551757813
-0.164627075195313 -0.164169311523438 0.0906219482421875 0.148178100585937
-0.1165771484375 -0.219467163085938 -0.0157928466796875 0.185821533203125
0.051025390625 -0.32049560546875 -0.127723693847656 0.10321044921875
0.163314819335938 -0.277389526367188 -0.113182067871094 -0.0345382690429688
0.251373291015625 -0.263137817382812 0.0912628173828125 -0.182296752929688
0.238006591796875 -0.161575317382813 0.013153076171875 -0.216293334960937
0.213348388671875 -0.206329345703125 0.0819549560546875 -0.26678466796875
0.084075927734375 -0.29888916015625 0.056549072265625 -0.235031127929688
-0.0384521484375 -0.229888916015625 0.0156402587890625 -0.1868896484375
-0.1085205078125 -0.183578491210938 0.0269241333007812 -0.112464904785156
-0.15716552734375 -0.102325439453125 0.0559616088867187 -0.0568885803222656
-0.16888427734375 -0.0376739501953125 0.0873184204101562 -0.0465164184570312
-0.178634643554688 -0.040496826171875 0.111686706542969 -0.0239639282226563
-0.182342529296875 -0.0303192138671875 0.154495239257812 0.020660400390625
-0.139266967773438 -0.095184326171875 0.17633056640625 0.109359741210938
-0.113601684570312 -0.154190063476563 0.11444091796875 0.173477172851563
-0.0661468505859375 -0.196578979492187 -0.000549316406249984 0.182266235351562
0.087738037109375 -0.269500732421875 -0.096466064453125 0.0825347900390625
0.193740844726563 -0.21685791015625 -0.0642547607421875 -0.0785140991210938
0.259323120117188 -0.170394897460937 0.175582885742188 -0.230270385742187
0.175979614257813 -0.046661376953125 0.0626678466796875 -0.252197265625
0.159591674804688 -0.111770629882813 0.091827392578125 -0.288238525390625
0.063812255859375 -0.17803955078125 0.0718536376953125 -0.212753295898438
-0.0180892944335938 -0.129074096679687 0.050262451171875 -0.168075561523438
-0.0533065795898438 -0.105995178222656 0.0651016235351563 -0.0942535400390625
-0.0888214111328125 -0.0665664672851562 0.106925964355469 -0.0555419921875
-0.099395751953125 -0.032958984375 0.1409912109375 -0.0576171875
-0.112884521484375 -0.0337982177734375 0.160308837890625 -0.0228424072265625
-0.121955871582031 -0.0295181274414062 0.207229614257812 0.0333404541015625
-0.0891265869140625 -0.0697784423828125 0.20928955078125 0.140487670898438
-0.07122802734375 -0.109275817871094 0.125228881835938 0.198837280273438
-0.0369873046875 -0.140579223632813 0.015106201171875 0.1820068359375
0.0869293212890625 -0.1932373046875 -0.0566864013671875 0.0782928466796875
0.17999267578125 -0.137420654296875 -0.0026092529296875 -0.0906906127929688
0.220352172851563 -0.06146240234375 0.255279541015625 -0.237472534179688
-0.120468139648438 -0.02972412109375 -0.262954711914063 0.257110595703125
-0.087646484375 0.0724258422851563 -0.0550155639648438 0.103309631347656
-0.017822265625 0.106437683105469 0.017852783203125 -0.0954055786132813
0.0490837097167969 0.0628395080566406 -0.0371551513671875 -0.1939697265625
0.0479660034179688 0.0321388244628906 -0.125381469726562 -0.222015380859375
0.0366783142089844 0.0190773010253906 -0.248687744140625 -0.162643432617188
0.0297374725341797 0.0240440368652344 -0.261184692382813 -0.016021728515625
0.0288581848144531 0.0320243835449219 -0.20318603515625 0.0392608642578125
0.0208358764648438 0.0383682250976563 -0.158584594726562 0.0750732421875
-0.0166721343994141 0.0339431762695313 -0.13909912109375 0.0859298706054687
-0.0280189514160156 0.0255451202392578 -0.0822906494140625 0.117866516113281
-0.0274219512939453 0.0308589935302734 -0.071441650390625 0.166824340820313
-0.0627784729003906 0.024017333984375 -0.110214233398438 0.20489501953125
-0.0997161865234375 -0.00978851318359373 -0.076019287109375 0.281646728515625
-0.126083374023437 -0.0642242431640625 -0.0784149169921875 0.2608642578125
-0.0192184448242187 -0.1346435546875 -0.285369873046875 0.214874267578125
-0.00840187072753906 -0.0185546875 -0.073883056640625 0.0667266845703125
0.0245895385742188 -0.00528144836425781 -0.0054168701171875 -0.126182556152344
0.0528755187988281 -0.0267219543457031 -0.060333251953125 -0.205581665039063
0.0208778381347656 -0.0523300170898438 -0.129592895507813 -0.2269287109375
-0.0227203369140625 -0.037628173828125 -0.247055053710938 -0.162384033203125
-0.0493392944335938 0.00424575805664062 -0.25836181640625 -0.019989013671875
-0.0588569641113281 0.0208511352539063 -0.19677734375 0.0325927734375
-0.06903076171875 0.0437088012695313 -0.150772094726562 0.0738372802734375
-0.100715637207031 0.0150527954101563 -0.119468688964844 0.0885009765625
-0.115119934082031 -0.0261077880859375 -0.0662841796875 0.12371826171875
-0.099700927734375 -0.055938720703125 -0.0731048583984375 0.179763793945313
-0.0664825439453125 -0.112800598144531 -0.128387451171875 0.19085693359375
-0.0580596923828125 -0.13189697265625 -0.0917510986328125 0.242767333984375
-0.04791259765625 -0.192306518554688 -0.0840301513671875 0.207611083984375
0.0870513916015625 -0.222259521484375 -0.267822265625 0.147781372070312
0.0816268920898438 -0.115913391113281 -0.0610427856445312 0.0132942199707031
0.063690185546875 -0.132675170898438 -0.00878906249999999 -0.167388916015625
0.0428695678710938 -0.12579345703125 -0.0755462646484375 -0.223358154296875
-0.0193405151367187 -0.136451721191406 -0.129684448242188 -0.221969604492188
-0.0868606567382812 -0.0901260375976563 -0.225372314453125 -0.145828247070313
-0.124893188476563 -0.0150909423828125 -0.225204467773438 -0.0201873779296875
-0.13836669921875 0.00801086425781248 -0.162399291992188 0.0206146240234375
-0.147628784179687 0.045074462890625 -0.113998413085938 0.0597991943359375
-0.166427612304687 -0.00140380859375001 -0.0720062255859375 0.0820388793945313
-0.184326171875 -0.0648193359375 -0.0295028686523438 0.125839233398438
-0.160308837890625 -0.119674682617187 -0.0592193603515625 0.191940307617187
-0.074462890625 -0.223373413085938 -0.139175415039063 0.179183959960938
-0.0184173583984375 -0.230804443359375 -0.111221313476562 0.18634033203125
0.03167724609375 -0.290863037109375 -0.0707778930664063 0.118362426757813
0.17791748046875 -0.281585693359375 -0.214767456054688 0.0601348876953125
0.159744262695313 -0.207321166992188 -0.0257759094238281 -0.0560989379882813
0.085357666015625 -0.25946044921875 0.000823974609375004 -0.206573486328125
0.0127410888671875 -0.220748901367188 -0.0770416259765625 -0.23394775390625
-0.072723388671875 -0.20501708984375 -0.116470336914063 -0.20562744140625
-0.148284912109375 -0.124435424804688 -0.178359985351563 -0.119277954101562
-0.1849365234375 -0.0277557373046875 -0.162399291992188 -0.0203704833984375
-0.197128295898437 -0.00502014160156246 -0.104171752929688 0.00528717041015626
-0.202987670898437 0.0377044677734375 -0.0575752258300781 0.0394325256347656
-0.20428466796875 -0.0244598388671875 -0.00796508789062501 0.0708160400390625
-0.21875 -0.099517822265625 0.0170059204101562 0.125274658203125
-0.1883544921875 -0.166610717773438 -0.037689208984375 0.197311401367188
-0.064422607421875 -0.297607421875 -0.142135620117188 0.164718627929688
0.027679443359375 -0.2939453125 -0.129959106445313 0.117439270019531
0.109771728515625 -0.34124755859375 -0.0405921936035156 0.0111274719238281
0.235870361328125 -0.29766845703125 -0.140090942382812 -0.0417861938476563
0.210189819335938 -0.2677001953125 0.0149993896484375 -0.136863708496094
0.08905029296875 -0.349273681640625 0.0167388916015625 -0.234527587890625
-0.023345947265625 -0.28167724609375 -0.060638427734375 -0.22894287109375
-0.121368408203125 -0.238998413085937 -0.0812530517578125 -0.17730712890625
-0.191665649414063 -0.134613037109375 -0.106315612792969 -0.0912704467773438
-0.217422485351563 -0.03253173828125 -0.07916259765625 -0.0255966186523438
-0.226272583007812 -0.015838623046875 -0.0313034057617188 -0.0102100372314453
-0.227813720703125 0.0203704833984375 0.0131378173828125 0.0201301574707031
-0.210983276367188 -0.0545501708984375 0.0628509521484375 0.0653228759765625
-0.214080810546875 -0.132217407226563 0.0639419555664062 0.128829956054688
-0.176315307617187 -0.199081420898438 -0.0168609619140625 0.19512939453125
-0.028289794921875 -0.332275390625 -0.1373291015625 0.142730712890625
0.086273193359375 -0.3143310546875 -0.135284423828125 0.0445098876953125
0.180694580078125 -0.338043212890625 0.00827026367187502 -0.0970306396484375
0.251190185546875 -0.2633056640625 -0.061309814453125 -0.140670776367188
0.220596313476562 -0.274322509765625 0.04864501953125 -0.21478271484375
0.0765380859375 -0.366363525390625 0.0298919677734375 -0.244766235351563
-0.051544189453125 -0.28424072265625 -0.031768798828125 -0.21026611328125
-0.143325805664062 -0.226425170898438 -0.0303497314453125 -0.14361572265625
-0.199386596679688 -0.119903564453125 -0.02154541015625 -0.0704269409179688
-0.213333129882813 -0.0299072265625 0.00922012329101561 -0.0379791259765625
-0.219955444335938 -0.0237579345703125 0.0436248779296875 -0.0227584838867187
-0.2203369140625 -0.000183105468750031 0.087982177734375 0.00965118408203125
-0.188491821289063 -0.0803985595703125 0.129837036132813 0.07354736328125
-0.176345825195313 -0.1529541015625 0.102279663085937 0.142852783203125
-0.131057739257813 -0.211395263671875 -0.000106811523437525 0.190994262695312
0.02581787109375 -0.32415771484375 -0.121604919433594 0.115760803222656
0.142913818359375 -0.289703369140625 -0.116500854492187 -0.0231704711914063
0.230804443359375 -0.28271484375 0.076324462890625 -0.183990478515625
0.22509765625 -0.180068969726563 0.00469970703125004 -0.218154907226563
0.195404052734375 -0.222946166992188 0.0673828125 -0.271926879882813
0.058868408203125 -0.30364990234375 0.0421905517578125 -0.237091064453125
-0.0542755126953125 -0.22552490234375 0.0045166015625 -0.186080932617188
-0.122329711914062 -0.174270629882813 0.0214691162109375 -0.114151000976563
-0.164321899414063 -0.0901641845703125 0.0556755065917969 -0.0623664855957031
-0.171554565429688 -0.0263519287109375 0.0856170654296875 -0.0545425415039063
-0.179824829101563 -0.02618408203125 0.109970092773437 -0.0312423706054687
-0.182464599609375 -0.01641845703125 0.15643310546875 0.010467529296875
-0.145553588867187 -0.08612060546875 0.183364868164063 0.096923828125
-0.124496459960938 -0.14556884765625 0.128021240234375 0.167953491210938
-0.0790557861328125 -0.19134521484375 0.012969970703125 0.1859130859375
0.0663604736328125 -0.273834228515625 -0.0926895141601563 0.0933761596679687
0.17626953125 -0.230194091796875 -0.070892333984375 -0.0702743530273438
0.244903564453125 -0.190277099609375 0.156829833984375 -0.23797607421875
0.169723510742188 -0.061370849609375 0.050079345703125 -0.259078979492188
0.148056030273438 -0.123428344726563 0.074310302734375 -0.294281005859375
0.047576904296875 -0.181259155273437 0.0594635009765625 -0.217239379882812
-0.027130126953125 -0.125961303710938 0.03973388671875 -0.170486450195313
-0.0616226196289062 -0.100196838378906 0.0605239868164062 -0.0984115600585937
-0.0928497314453125 -0.0588226318359375 0.106155395507813 -0.0647430419921875
-0.100685119628906 -0.025482177734375 0.137466430664063 -0.0698699951171875
-0.113502502441406 -0.0239410400390625 0.157699584960938 -0.033966064453125
-0.120849609375 -0.0197906494140625 0.208969116210937 0.0188446044921875
-0.0926513671875 -0.0641937255859375 0.219146728515625 0.124862670898438
-0.0772476196289063 -0.104644775390625 0.140472412109375 0.192535400390625
-0.0453872680664063 -0.1368408203125 0.0279693603515625 0.18402099609375
0.071136474609375 -0.197479248046875 -0.05291748046875 0.0850982666015625
0.166641235351563 -0.149612426757813 -0.0116348266601562 -0.0865859985351563
0.21246337890625 -0.0777740478515625 0.235260009765625 -0.25091552734375
-0.117515563964844 -0.0234222412109375 -0.248291015625 0.268966674804687
-0.0809402465820313 0.0757064819335937 -0.0472183227539062 0.106231689453125
-0.0109405517578125 0.105110168457031 0.015594482421875 -0.0981903076171875
0.0501937866210938 0.0569915771484375 -0.045318603515625 -0.194442749023438
0.0481758117675781 0.0279541015625 -0.137786865234375 -0.219329833984375
0.0363578796386719 0.0176925659179688 -0.260726928710938 -0.1513671875
0.0298366546630859 0.0227622985839844 -0.261703491210938 -0.00184631347656255
0.0288753509521484 0.0307540893554688 -0.200119018554687 0.0507354736328125
0.0209693908691406 0.0362510681152344 -0.155380249023438 0.084716796875
-0.0170459747314453 0.0343761444091797 -0.13604736328125 0.0958480834960937
-0.02825927734375 0.0265045166015625 -0.0776138305664063 0.124191284179688
-0.0256614685058594 0.0296211242675781 -0.0650177001953125 0.1717529296875
-0.0604324340820313 0.024749755859375 -0.10260009765625 0.211944580078125
-0.0984115600585938 -0.00513458251953124 -0.062713623046875 0.285888671875
-0.125625610351562 -0.0556640625 -0.068267822265625 0.2679443359375
-0.0205001831054688 -0.134162902832031 -0.27032470703125 0.228485107421875
-0.00554847717285156 -0.0200386047363281 -0.0675582885742187 0.0712966918945313
0.0256710052490234 -0.00956344604492187 -0.00904083251953124 -0.126930236816406
0.0503654479980469 -0.0330734252929688 -0.067596435546875 -0.204940795898438
0.0164794921875 -0.0562324523925781 -0.140975952148438 -0.223800659179687
-0.0268745422363281 -0.0369606018066406 -0.257293701171875 -0.15130615234375
-0.0519294738769531 0.00659942626953124 -0.258865356445313 -0.00669860839843745
-0.059906005859375 0.0241050720214844 -0.193389892578125 0.043731689453125
-0.069061279296875 0.0471038818359375 -0.146194458007813 0.0839996337890625
-0.101905822753906 0.020111083984375 -0.115646362304687 0.098358154296875
-0.118980407714844 -0.0206451416015625 -0.060760498046875 0.129295349121094
-0.103401184082031 -0.05340576171875 -0.0642547607421875 0.185470581054687
-0.0720443725585938 -0.111991882324219 -0.120895385742188 0.200942993164062
-0.0621566772460938 -0.129905700683594 -0.0810699462890625 0.2493896484375
-0.0539398193359375 -0.18902587890625 -0.0759124755859375 0.2154541015625
0.079864501953125 -0.228561401367188 -0.254074096679688 0.161529541015625
0.07855224609375 -0.122764587402344 -0.0560684204101562 0.0166854858398437
0.0578689575195312 -0.140312194824219 -0.014404296875 -0.166946411132813
0.0362472534179688 -0.132270812988281 -0.0836639404296875 -0.220626831054688
-0.0280685424804687 -0.13922119140625 -0.140609741210937 -0.218765258789063
-0.0940170288085938 -0.087066650390625 -0.233169555664063 -0.135986328125
-0.128654479980469 -0.00870513916015627 -0.224838256835938 -0.00889587402343749
-0.140357971191406 0.0158843994140625 -0.158798217773438 0.0300445556640625
-0.147171020507813 0.0539398193359375 -0.109550476074219 0.06854248046875
-0.168869018554688 0.00637817382812498 -0.0679702758789063 0.0891952514648438
-0.189773559570313 -0.0554046630859375 -0.0234375 0.130027770996094
-0.167617797851563 -0.11376953125 -0.047943115234375 0.198226928710938
-0.086456298828125 -0.221923828125 -0.131256103515625 0.191436767578125
-0.0282135009765625 -0.232101440429688 -0.102188110351563 0.195175170898437
0.01910400390625 -0.292694091796875 -0.0666885375976562 0.126205444335937
0.166778564453125 -0.29388427734375 -0.20391845703125 0.0698394775390624
0.15167236328125 -0.218948364257813 -0.0238456726074219 -0.0547256469726563
0.0717926025390625 -0.268600463867188 -0.00567626953124999 -0.205841064453125
0.00273132324218749 -0.225112915039062 -0.0857086181640625 -0.22991943359375
-0.085052490234375 -0.204025268554688 -0.125686645507813 -0.201766967773437
-0.1578369140625 -0.119003295898437 -0.183517456054688 -0.110733032226563
-0.189682006835938 -0.0185699462890625 -0.1617431640625 -0.0128936767578125
-0.199630737304688 0.00677490234374998 -0.101150512695313 0.0124435424804687
-0.202560424804688 0.0487823486328125 -0.0530738830566406 0.0451393127441406
-0.208633422851563 -0.015228271484375 -0.00409698486328126 0.073699951171875
-0.226547241210937 -0.0882415771484375 0.0237808227539062 0.127960205078125
-0.198410034179688 -0.159408569335938 -0.0253143310546875 0.203231811523438
-0.0811767578125 -0.29644775390625 -0.135330200195313 0.177505493164063
0.01507568359375 -0.298187255859375 -0.124557495117187 0.127609252929688
0.093536376953125 -0.348480224609375 -0.0419502258300781 0.016876220703125
0.223388671875 -0.3135986328125 -0.133735656738281 -0.0365753173828125
0.197479248046875 -0.281951904296875 0.01385498046875 -0.137229919433594
0.069580078125 -0.35687255859375 0.0090179443359375 -0.234085083007813
-0.037628173828125 -0.28289794921875 -0.0687255859375 -0.225250244140625
-0.135589599609375 -0.233917236328125 -0.0880126953125 -0.17437744140625
-0.200973510742187 -0.125701904296875 -0.108856201171875 -0.08685302734375
-0.221786499023437 -0.020965576171875 -0.0784072875976563 -0.023284912109375
-0.228378295898438 -0.00306701660156255 -0.0295753479003906 -0.00697708129882812
-0.2274169921875 0.0336151123046875 0.0167388916015625 0.0218429565429688
-0.21661376953125 -0.044647216796875 0.0664024353027344 0.0635871887207031
-0.22369384765625 -0.121307373046875 0.071533203125 0.128761291503906
-0.187255859375 -0.192031860351562 -0.0036468505859375 0.2003173828125
-0.04669189453125 -0.332763671875 -0.1312255859375 0.154678344726563
0.071258544921875 -0.32135009765625 -0.133758544921875 0.0551223754882813
0.1639404296875 -0.349365234375 0.00198364257812501 -0.0931854248046875
0.238067626953125 -0.280258178710938 -0.0612716674804687 -0.139556884765625
0.205535888671875 -0.28924560546875 0.0423431396484375 -0.217254638671875
0.05517578125 -0.37152099609375 0.0215301513671875 -0.244766235351563
-0.064971923828125 -0.28338623046875 -0.0387420654296875 -0.207382202148438
-0.156982421875 -0.219772338867188 -0.035858154296875 -0.141632080078125
-0.207794189453125 -0.11004638671875 -0.0219802856445313 -0.0708999633789063
-0.217056274414063 -0.0190887451171875 0.00886535644531249 -0.0404281616210937
-0.22210693359375 -0.01104736328125 0.0447921752929687 -0.0239982604980469
-0.220504760742187 0.0121307373046875 0.0902557373046875 0.00713348388671875
-0.1944580078125 -0.071533203125 0.134162902832031 0.0685501098632812
-0.185867309570313 -0.144699096679687 0.111419677734375 0.140960693359375
-0.141708374023438 -0.206573486328125 0.0123138427734375 0.193954467773438
0.00741577148437501 -0.32611083984375 -0.116874694824219 0.127372741699219
0.12860107421875 -0.29949951171875 -0.118499755859375 -0.0129547119140625
0.21612548828125 -0.296600341796875 0.06512451171875 -0.18426513671875
0.21502685546875 -0.194961547851563 -9.15527343749625E-05 -0.221420288085938
0.1820068359375 -0.235076904296875 0.0568389892578125 -0.2762451171875
0.0404052734375 -0.30682373046875 0.034637451171875 -0.237640380859375
-0.06536865234375 -0.222366333007813 -0.0015106201171875 -0.185577392578125
-0.133132934570313 -0.16680908203125 0.0185546875 -0.114936828613281
-0.1695556640625 -0.08154296875 0.0555496215820313 -0.066802978515625
-0.17364501953125 -0.0182037353515625 0.0840606689453125 -0.061370849609375
-0.180160522460938 -0.0160675048828125 0.109779357910156 -0.036346435546875
-0.182296752929688 -0.0061187744140625 0.158599853515625 0.0037384033203125
-0.150115966796875 -0.079925537109375 0.189010620117187 0.0879669189453125
-0.131500244140625 -0.140457153320313 0.138809204101563 0.1639404296875
-0.087615966796875 -0.188003540039062 0.0250396728515625 0.189071655273438
0.0504913330078125 -0.27655029296875 -0.0900421142578125 0.101814270019531
0.163162231445313 -0.24029541015625 -0.075836181640625 -0.0634536743164063
0.233871459960938 -0.203903198242188 0.143264770507813 -0.242523193359375
0.164779663085938 -0.072265625 0.0420074462890625 -0.264511108398437
0.137939453125 -0.132209777832031 0.0621337890625 -0.29974365234375
0.0350494384765625 -0.18243408203125 0.051300048828125 -0.220413208007812
-0.03350830078125 -0.123191833496094 0.03338623046875 -0.172622680664063
-0.0677108764648437 -0.0950775146484375 0.057373046875 -0.101692199707031
-0.0957489013671875 -0.0530548095703125 0.105842590332031 -0.072540283203125
-0.101539611816406 -0.0212936401367187 0.134552001953125 -0.0792007446289063
-0.112838745117188 -0.017059326171875 0.156341552734375 -0.041229248046875
-0.12042236328125 -0.0129318237304688 0.210617065429688 0.0081939697265625
-0.095123291015625 -0.0603256225585938 0.226486206054687 0.114227294921875
-0.0819931030273438 -0.100257873535156 0.152313232421875 0.188980102539063
-0.0501327514648438 -0.133575439453125 0.038604736328125 0.186187744140625
0.0591888427734375 -0.198989868164063 -0.0522842407226562 0.0908660888671875
0.157379150390625 -0.157669067382813 -0.0181961059570312 -0.0833663940429688
0.206619262695312 -0.0906219482421875 0.220993041992187 -0.259597778320313
-0.115676879882813 -0.0194549560546875 -0.2381591796875 0.283172607421875
-0.07568359375 0.0792236328125 -0.04083251953125 0.110549926757813
-0.00463867187500001 0.104881286621094 0.0136489868164062 -0.102798461914063
0.0514373779296875 0.05279541015625 -0.0531158447265625 -0.1993408203125
0.049346923828125 0.0244178771972656 -0.151885986328125 -0.220993041992187
0.0367813110351563 0.0165138244628906 -0.274673461914062 -0.143600463867188
0.0300998687744141 0.0219764709472656 -0.26556396484375 0.00979614257812502
0.0293807983398438 0.0293922424316406 -0.20037841796875 0.05999755859375
0.021209716796875 0.03680419921875 -0.154708862304688 0.0947113037109375
-0.01751708984375 0.0362205505371094 -0.135360717773438 0.107353210449219
-0.0289783477783203 0.0276145935058594 -0.07470703125 0.131431579589844
-0.0255794525146484 0.0282878875732422 -0.06036376953125 0.17913818359375
-0.0592041015625 0.0258102416992188 -0.0977935791015625 0.222274780273438
-0.0988082885742188 -0.00141143798828127 -0.053924560546875 0.294708251953125
-0.126625061035156 -0.0498046875 -0.0620574951171875 0.278671264648438
-0.02294921875 -0.1373291015625 -0.26068115234375 0.242660522460938
-0.00299453735351562 -0.022735595703125 -0.0621566772460938 0.0756988525390625
0.0267658233642578 -0.0144023895263672 -0.0119552612304688 -0.129837036132813
0.0485153198242188 -0.0392723083496094 -0.075958251953125 -0.207687377929688
0.0125007629394531 -0.0604515075683594 -0.154434204101563 -0.225753784179688
-0.0310478210449219 -0.0369110107421875 -0.269790649414062 -0.14306640625
-0.05462646484375 0.00924301147460936 -0.263320922851563 0.0043792724609375
-0.0617256164550781 0.0279083251953125 -0.192855834960938 0.0539093017578125
-0.0699958801269531 0.0510292053222656 -0.144332885742188 0.093536376953125
-0.105094909667969 0.0252761840820313 -0.114242553710938 0.108314514160156
-0.123802185058594 -0.0159454345703125 -0.0569610595703125 0.137016296386719
-0.108474731445312 -0.0524826049804687 -0.0582275390625 0.194427490234375
-0.078125 -0.113143920898438 -0.1165771484375 0.213485717773438
-0.0670852661132813 -0.131195068359375 -0.07159423828125 0.259109497070313
-0.060333251953125 -0.189544677734375 -0.0707550048828125 0.225860595703125
0.075836181640625 -0.23895263671875 -0.24615478515625 0.173049926757812
0.0775222778320313 -0.130989074707031 -0.0520553588867188 0.0200080871582031
0.0531158447265625 -0.1488037109375 -0.01849365234375 -0.169036865234375
0.030975341796875 -0.14019775390625 -0.0914154052734375 -0.22210693359375
-0.036865234375 -0.142898559570312 -0.152587890625 -0.219512939453125
-0.102127075195312 -0.0858917236328125 -0.243392944335938 -0.128890991210938
-0.134193420410156 -0.00312805175781249 -0.228057861328125 0.000625610351562487
-0.14398193359375 0.023590087890625 -0.157638549804688 0.03863525390625
-0.1495361328125 0.0619659423828125 -0.106895446777344 0.0767822265625
-0.173797607421875 0.013885498046875 -0.065673828125 0.0971908569335938
-0.198410034179688 -0.04864501953125 -0.01806640625 0.136917114257813
-0.176864624023438 -0.11138916015625 -0.0383758544921875 0.2069091796875
-0.0985260009765625 -0.223968505859375 -0.126968383789062 0.205459594726563
-0.0365142822265625 -0.237014770507813 -0.0961456298828125 0.20550537109375
0.00930786132812499 -0.298736572265625 -0.0646514892578125 0.135017395019531
0.16021728515625 -0.309295654296875 -0.198440551757813 0.0778656005859374
0.146926879882813 -0.232833862304688 -0.0212821960449219 -0.053863525390625
0.060760498046875 -0.280517578125 -0.0107421875 -0.208023071289063
-0.00708007812499998 -0.232131958007812 -0.0931396484375 -0.230209350585938
-0.0979461669921875 -0.20611572265625 -0.135299682617188 -0.202804565429687
-0.168426513671875 -0.115371704101563 -0.189971923828125 -0.10614013671875
-0.19677734375 -0.01031494140625 -0.163681030273438 -0.00677490234375
-0.204986572265625 0.017181396484375 -0.0995254516601563 0.017852783203125
-0.205322265625 0.0602264404296875 -0.0492134094238281 0.0502243041992188
-0.214996337890625 -0.00639343261718754 -0.00092315673828126 0.0778961181640625
-0.237167358398438 -0.0798797607421875 0.0308837890625 0.131881713867188
-0.210113525390625 -0.154815673828125 -0.014129638671875 0.211029052734375
-0.096923828125 -0.29986572265625 -0.13116455078125 0.192489624023437
0.0037841796875 -0.306976318359375 -0.1214599609375 0.139228820800781
0.08209228515625 -0.360595703125 -0.0438156127929687 0.0226860046386719
0.215118408203125 -0.332305908203125 -0.130546569824219 -0.033538818359375
0.18792724609375 -0.29840087890625 0.0133514404296875 -0.140312194824219
0.05340576171875 -0.36810302734375 0.00357055664062502 -0.237075805664063
-0.04925537109375 -0.289276123046875 -0.07562255859375 -0.226318359375
-0.150604248046875 -0.233230590820313 -0.0954437255859375 -0.175247192382813
-0.212814331054688 -0.119888305664062 -0.111724853515625 -0.0851058959960938
-0.229843139648438 -0.0115203857421875 -0.0798263549804688 -0.0218582153320312
-0.234024047851563 0.00881958007812502 -0.0275440216064453 -0.0050506591796875
-0.230804443359375 0.04522705078125 0.02056884765625 0.0233592987060547
-0.224288940429688 -0.036529541015625 0.0708541870117187 0.0637969970703125
-0.235458374023438 -0.114486694335937 0.0806503295898437 0.130882263183594
-0.199569702148437 -0.18963623046875 0.00743103027343747 0.207199096679688
-0.064117431640625 -0.337982177734375 -0.127243041992188 0.169174194335937
0.059722900390625 -0.333160400390625 -0.133697509765625 0.0658035278320312
0.152984619140625 -0.364349365234375 -0.00328063964843749 -0.0912933349609375
0.229949951171875 -0.298675537109375 -0.0611419677734375 -0.142837524414063
0.19488525390625 -0.305999755859375 0.039031982421875 -0.22369384765625
0.0374755859375 -0.381805419921875 0.015655517578125 -0.248870849609375
-0.07781982421875 -0.286590576171875 -0.044464111328125 -0.208023071289063
-0.170944213867187 -0.216354370117188 -0.039703369140625 -0.14410400390625
-0.217819213867188 -0.1029052734375 -0.0219192504882813 -0.0730743408203125
-0.223876953125 -0.008941650390625 0.00792312622070311 -0.0432357788085938
-0.22674560546875 7.62939453125384E-05 0.0470771789550781 -0.0254974365234375
-0.223785400390625 0.023223876953125 0.09490966796875 0.0049591064453125
-0.202926635742188 -0.065338134765625 0.140449523925781 0.0649032592773438
-0.19805908203125 -0.139801025390625 0.122283935546875 0.142181396484375
-0.153594970703125 -0.2059326171875 0.0244598388671875 0.20050048828125
-0.00833129882812497 -0.332916259765625 -0.114753723144531 0.139854431152344
0.11773681640625 -0.312042236328125 -0.121482849121094 -0.00459289550781254
0.20635986328125 -0.313201904296875 0.057586669921875 -0.1865234375
0.208877563476562 -0.210800170898438 -0.00390624999999998 -0.228103637695312
0.171722412109375 -0.248428344726562 0.050628662109375 -0.283660888671875
0.02471923828125 -0.31292724609375 0.02947998046875 -0.243576049804688
-0.075836181640625 -0.223907470703125 -0.00634765625000002 -0.18804931640625
-0.143707275390625 -0.162460327148437 0.0166397094726562 -0.118759155273438
-0.1768798828125 -0.074310302734375 0.0572128295898437 -0.0727767944335938
-0.179153442382813 -0.010528564453125 0.0839004516601562 -0.06842041015625
-0.184371948242188 -0.00729370117187502 0.112167358398437 -0.040771484375
-0.184463500976563 0.00241088867187504 0.163314819335937 -0.002288818359375
-0.157073974609375 -0.0764007568359375 0.1976318359375 0.0823211669921875
-0.14111328125 -0.13787841796875 0.151046752929688 0.163604736328125
-0.0961761474609375 -0.18853759765625 0.0359039306640625 0.194488525390625
0.037689208984375 -0.28338623046875 -0.0891342163085938 0.111518859863281
0.155044555664062 -0.251785278320313 -0.081268310546875 -0.0576400756835937
0.22784423828125 -0.219879150390625 0.13433837890625 -0.24969482421875
0.163055419921875 -0.0819091796875 0.0352783203125 -0.274459838867188
0.13201904296875 -0.141143798828125 0.053497314453125 -0.30810546875
0.0251312255859375 -0.185760498046875 0.0460662841796875 -0.227630615234375
-0.0388870239257812 -0.123077392578125 0.0285491943359375 -0.177032470703125
-0.07379150390625 -0.0923919677734375 0.0566482543945313 -0.106468200683594
-0.0995712280273438 -0.0482406616210937 0.107376098632813 -0.0808334350585937
-0.104034423828125 -0.017303466796875 0.133514404296875 -0.089111328125
-0.113914489746094 -0.0124359130859375 0.158187866210937 -0.04901123046875
-0.120811462402344 -0.00817108154296877 0.215377807617188 0.000152587890625
-0.0995941162109375 -0.0577316284179687 0.235946655273437 0.107315063476562
-0.08673095703125 -0.0987472534179688 0.165756225585938 0.187652587890625
-0.0547256469726563 -0.134605407714844 0.0488128662109375 0.191421508789063
0.0503082275390625 -0.20306396484375 -0.0511627197265625 0.0981979370117188
0.150680541992188 -0.166427612304688 -0.023284912109375 -0.08056640625
0.204208374023438 -0.101058959960938 0.212326049804688 -0.270965576171875
-0.117149353027344 -0.0146026611328125 -0.227874755859375 0.3040771484375
-0.070770263671875 0.0842208862304687 -0.0338211059570313 0.116165161132812
0.00129699707031249 0.106010437011719 0.0101699829101563 -0.109062194824219
0.0533790588378906 0.0497360229492188 -0.0643310546875 -0.206512451171875
0.050811767578125 0.0201492309570313 -0.171432495117188 -0.22265625
0.0376815795898438 0.0148239135742187 -0.29547119140625 -0.133331298828125
0.0310516357421875 0.0210285186767578 -0.274154663085938 0.0246124267578125
0.0305709838867188 0.0284805297851563 -0.20245361328125 0.07318115234375
0.0227699279785156 0.0371131896972656 -0.155960083007813 0.108688354492188
-0.0175971984863281 0.0393905639648438 -0.134994506835937 0.121757507324219
-0.0296306610107422 0.0293827056884766 -0.0709686279296875 0.141311645507812
-0.0259475708007812 0.0287494659423828 -0.0543060302734375 0.189849853515625
-0.0591773986816406 0.0280609130859375 -0.0909576416015625 0.236541748046875
-0.0998687744140625 0.00337219238281251 -0.040740966796875 0.308624267578125
-0.130218505859375 -0.0429534912109375 -0.052734375 0.294708251953125
-0.0269012451171875 -0.143386840820313 -0.252120971679688 0.262863159179688
-0.00149154663085938 -0.0256862640380859 -0.0566177368164062 0.0812530517578125
0.0274429321289063 -0.0204811096191406 -0.0174484252929688 -0.134635925292969
0.0459213256835937 -0.0464401245117187 -0.0872344970703125 -0.212387084960937
0.00748825073242188 -0.0658416748046875 -0.173187255859375 -0.227981567382813
-0.0360374450683594 -0.0371665954589844 -0.288848876953125 -0.1337890625
-0.058013916015625 0.0132026672363281 -0.27093505859375 0.018646240234375
-0.0640640258789063 0.0326347351074219 -0.19427490234375 0.066131591796875
-0.07135009765625 0.0586929321289063 -0.14288330078125 0.106796264648438
-0.109176635742188 0.0323028564453125 -0.112548828125 0.122215270996094
-0.130607604980469 -0.0094146728515625 -0.0518951416015625 0.147048950195312
-0.1165771484375 -0.0510025024414062 -0.048736572265625 0.206710815429687
-0.08758544921875 -0.114646911621094 -0.110610961914063 0.230499267578125
-0.0744400024414063 -0.133102416992188 -0.0601654052734375 0.273086547851563
-0.069366455078125 -0.192672729492188 -0.0638427734375 0.241195678710937
0.068267822265625 -0.253799438476563 -0.23980712890625 0.190231323242187
0.0754241943359375 -0.143051147460938 -0.0480613708496094 0.0229606628417969
0.045989990234375 -0.160751342773438 -0.0253753662109375 -0.173675537109375
0.0236663818359375 -0.150054931640625 -0.103317260742187 -0.225357055664063
-0.0479888916015625 -0.148605346679688 -0.170379638671875 -0.221511840820312
-0.113479614257813 -0.083984375 -0.258804321289063 -0.120819091796875
-0.14154052734375 0.0046539306640625 -0.234176635742188 0.0126190185546875
-0.149307250976563 0.0336456298828125 -0.158172607421875 0.0484771728515625
-0.15264892578125 0.074005126953125 -0.104072570800781 0.087127685546875
-0.181854248046875 0.0241241455078125 -0.062164306640625 0.107566833496094
-0.209991455078125 -0.0386199951171875 -0.010833740234375 0.144607543945313
-0.190933227539063 -0.107376098632812 -0.0278167724609375 0.218902587890625
-0.115097045898437 -0.228530883789063 -0.12078857421875 0.224502563476562
-0.0495147705078125 -0.245513916015625 -0.0882568359375 0.220382690429687
-0.00421142578124998 -0.310272216796875 -0.06146240234375 0.14691162109375
0.1500244140625 -0.332000732421875 -0.1943359375 0.088775634765625
0.140182495117188 -0.251708984375 -0.0190963745117187 -0.0550727844238281
0.046600341796875 -0.295867919921875 -0.0184783935546875 -0.213912963867188
-0.019775390625 -0.243942260742188 -0.104812622070312 -0.233078002929688
-0.115463256835938 -0.209365844726563 -0.150527954101563 -0.203872680664063
-0.183517456054688 -0.11041259765625 -0.201217651367188 -0.100784301757812
-0.207138061523438 0.00135803222656248 -0.168380737304688 0.000411987304687522
-0.212509155273438 0.03057861328125 -0.0989761352539063 0.0241775512695312
-0.210159301757813 0.075775146484375 -0.045501708984375 0.056488037109375
-0.225143432617188 0.00476074218750001 0.00389099121093748 0.0835800170898437
-0.251983642578125 -0.0693511962890625 0.0406951904296875 0.138076782226563
-0.227371215820312 -0.151443481445313 -0.000885009765625033 0.221603393554688
-0.119171142578125 -0.3067626953125 -0.125015258789063 0.211334228515625
-0.01177978515625 -0.320709228515625 -0.1175537109375 0.152969360351562
0.066497802734375 -0.37872314453125 -0.0450782775878906 0.0301132202148437
0.20428466796875 -0.35906982421875 -0.130355834960937 -0.0303573608398438
0.177947998046875 -0.321319580078125 0.012237548828125 -0.146347045898438
0.03216552734375 -0.38519287109375 -0.00540161132812501 -0.244369506835938
-0.06732177734375 -0.29913330078125 -0.0862579345703125 -0.228927612304688
-0.170639038085938 -0.233642578125 -0.107177734375 -0.177871704101563
-0.22906494140625 -0.11248779296875 -0.117813110351563 -0.083526611328125
-0.2401123046875 0.00242614746093755 -0.0827865600585938 -0.0190200805664062
-0.24322509765625 0.0239410400390625 -0.0260372161865235 -0.00316429138183593
-0.2373046875 0.0606689453125 0.0256996154785156 0.0242404937744141
-0.236068725585938 -0.0261993408203125 0.0778350830078125 0.06463623046875
-0.251693725585938 -0.105026245117187 0.0926361083984375 0.133979797363281
-0.21783447265625 -0.187667846679688 0.0232391357421875 0.215789794921875
-0.08636474609375 -0.34759521484375 -0.123336791992188 0.187652587890625
0.04388427734375 -0.3499755859375 -0.134765625 0.0786056518554687
0.1385498046875 -0.3885498046875 -0.0101165771484375 -0.089874267578125
0.21990966796875 -0.324676513671875 -0.06463623046875 -0.146881103515625
0.182861328125 -0.3284912109375 0.03363037109375 -0.234390258789063
0.0147705078125 -0.3961181640625 0.00706481933593753 -0.257369995117188
-0.09600830078125 -0.2938232421875 -0.0526123046875 -0.212493896484375
-0.18988037109375 -0.213760375976563 -0.0462646484375 -0.148101806640625
-0.2318115234375 -0.0939636230468751 -0.0235748291015625 -0.0772171020507813
-0.233749389648438 0.00390625000000001 0.00705718994140623 -0.0470619201660156
-0.23480224609375 0.0140228271484375 0.0490074157714844 -0.02862548828125
-0.229721069335937 0.0364990234375 0.100723266601562 0.000938415527343752
-0.21502685546875 -0.0579376220703125 0.150177001953125 0.0608673095703125
-0.213516235351563 -0.133712768554687 0.136962890625 0.1422119140625
-0.169906616210938 -0.207046508789063 0.039215087890625 0.208358764648437
-0.0286865234375 -0.344635009765625 -0.1119384765625 0.155807495117187
0.103729248046875 -0.33087158203125 -0.126213073730469 0.00620269775390625
0.196197509765625 -0.33758544921875 0.048797607421875 -0.19268798828125
0.202850341796875 -0.2322998046875 -0.0113983154296875 -0.238449096679688
0.16064453125 -0.266204833984375 0.04150390625 -0.297088623046875
0.00497436523437503 -0.3245849609375 0.020843505859375 -0.252975463867188
-0.0892181396484375 -0.226730346679688 -0.013397216796875 -0.193832397460938
-0.158111572265625 -0.157882690429688 0.01324462890625 -0.124374389648438
-0.187103271484375 -0.06622314453125 0.0582275390625 -0.081329345703125
-0.186447143554687 9.15527343749985E-05 0.0830841064453125 -0.0763778686523438
-0.190536499023437 0.00381469726562503 0.115303039550781 -0.0484237670898438
-0.189712524414062 0.01287841796875 0.170425415039063 -0.010162353515625
-0.168060302734375 -0.07110595703125 0.209732055664063 0.0751953125
-0.154403686523437 -0.135528564453125 0.168106079101563 0.16278076171875
-0.108901977539062 -0.19085693359375 0.0503387451171875 0.201446533203125
0.022369384765625 -0.29461669921875 -0.08697509765625 0.125701904296875
0.145339965820313 -0.268814086914063 -0.0872879028320313 -0.0507278442382813
0.222442626953125 -0.241195678710938 0.1251220703125 -0.262222290039063
0.161468505859375 -0.0955657958984375 0.02642822265625 -0.28912353515625
0.125717163085938 -0.152099609375 0.04254150390625 -0.323211669921875
0.0137481689453125 -0.191192626953125 0.038970947265625 -0.238510131835938
-0.0462112426757812 -0.123893737792969 0.023162841796875 -0.185379028320313
-0.0812530517578125 -0.0886764526367188 0.0555953979492188 -0.113716125488281
-0.105148315429688 -0.0428848266601562 0.109115600585938 -0.092864990234375
-0.108413696289063 -0.0114898681640625 0.132537841796875 -0.101432800292969
-0.11737060546875 -0.00588989257812498 0.161376953125 -0.0587310791015625
-0.12384033203125 -0.00193786621093752 0.2237548828125 -0.009674072265625
-0.106025695800781 -0.0554351806640625 0.250732421875 0.097900390625
-0.094573974609375 -0.0978927612304688 0.184295654296875 0.186935424804688
-0.0618057250976563 -0.136421203613281 0.0622711181640625 0.19769287109375
0.0400390625 -0.210250854492188 -0.0496673583984375 0.108627319335937
0.144363403320313 -0.17919921875 -0.0297698974609375 -0.0781326293945313
0.203369140625 -0.117050170898438 0.203460693359375 -0.288604736328125
0.0712420372251219 0.0611258720964829 -0.383823794284027 -0.0234023798109338
0.112392606670431 -0.0127166621312457 -0.130862118181177 0.0118554745003811
0.0870936604125208 -0.0559899383791339 0.0865599915892112 -0.0639155018238723
0.0117757652530251 -0.0625473855300709 0.136105607339632 -0.163729147296542
-0.00296295147075184 -0.0300162625827924 0.0992381121262118 -0.289925519430453
0.0164053299207678 -0.0203608786166589 -0.0308641068637256 -0.329472381979477
0.01911566680631 -0.040802426473363 -0.136854356853786 -0.252275794209588
0.0135658489059366 -0.0480414355606506 -0.180321708103286 -0.156066717803009
0.0316196596914009 -0.0463421760085688 -0.179986656180358 -0.097630045387372
0.0496896624182345 -0.0223719023115363 -0.178011563920662 -0.058681418224144
0.0481704946019623 -0.00545115543252655 -0.171337816971491 0.00277949201728236
0.044393537663682 -0.0054759036773549 -0.207268273755861 0.0458058829624872
0.0725439768874131 0.00338536307622526 -0.249592317474566 0.0590972583382667
0.067041496267386 0.0547169001188125 -0.281005316703973 0.123588310390639
0.0343693610173041 0.105577965199984 -0.248129223540415 0.150103901407446
-0.0806282516981413 0.0658319727527841 -0.353107030863725 -0.0447440464872835
-0.0215466232866789 0.00940965333512679 -0.0997903923330718 -0.00166887923199758
-0.0312998766856199 0.00470911166354245 0.122114364178092 -0.0834194899083521
-0.064303139795123 0.0164955915584405 0.156307149055713 -0.176904129082748
-0.0311200944880719 0.0690577766756835 0.117730193448943 -0.298548884883424
0.0256198284570903 0.0725411238199979 -0.0136930576697809 -0.330612041724233
0.0634252813105357 0.0436095783427555 -0.117457757008082 -0.259436377404085
0.0810200701964091 0.0175465653860469 -0.165201373289675 -0.159880027111896
0.108333680187817 0.0208521830992156 -0.166130504171638 -0.0954049969635837
0.105686242199268 0.0546777660078002 -0.155563942589059 -0.0457088269046401
0.091811895497572 0.0965342692043194 -0.152149413262394 0.0181893672869868
0.0358950299592672 0.124354782962781 -0.199091412336753 0.0598235832754056
0.00185638847808879 0.131241588091693 -0.243539714580944 0.0485779365309026
-0.0515311975206671 0.124115887693488 -0.256864082141203 0.104769098720092
-0.112808721763607 0.14131306028237 -0.220085962258951 0.123882009228965
-0.224695326912397 0.0616397410789461 -0.274333579728899 -0.0554197291484068
-0.167715284609168 0.0337223319062896 -0.0304205566589195 0.00267100422792968
-0.157868519353626 0.0813688099107144 0.18495517851838 -0.0943356315998279
-0.135495151305231 0.114683472324919 0.189915892205528 -0.190975419589752
-0.0478810963564052 0.17252133369301 0.127768415438932 -0.298209487608043
0.0387992387310127 0.160949144779252 0.00245585868761108 -0.305452422574412
0.101852511037831 0.124045691378206 -0.0855402361228187 -0.234019954390634
0.137769881263596 0.0798737158542041 -0.125024325385385 -0.140920118179016
0.169097497196573 0.0817893672973504 -0.123260016994444 -0.0749465710696423
0.146747356975663 0.119427058524888 -0.107344320049086 -0.0160689113842649
0.125817514321649 0.174966413789444 -0.117363469472484 0.0516425244258288
0.0349238134961169 0.224627257593555 -0.182660516720717 0.0869509331182099
-0.0509030451901574 0.236388741087505 -0.234850238588147 0.0429992034322119
-0.149655129267146 0.180103057489882 -0.222005328699212 0.0659053152643242
-0.238806029709889 0.15859879232245 -0.153161794283178 0.0799862712959722
-0.337118492761597 0.053642565550709 -0.155587491540204 -0.0602209371088208
-0.299562356082214 0.063440468178413 0.0687868135746438 0.0127795572759633
-0.269301646112086 0.17111198337484 0.258542168164457 -0.0958146592935948
-0.183513518128104 0.22312340217935 0.22639821164627 -0.196323821504068
-0.0423458286708663 0.266552947693131 0.135428014781504 -0.27667589703119
0.0598050141878959 0.229409114506375 0.0217811872127308 -0.250659762356753
0.132188656303755 0.185455823901061 -0.0393961731544914 -0.182163611586156
0.174716785150809 0.129014168742373 -0.0673332658731933 -0.102053867483702
0.201709146569031 0.130882571431111 -0.0622757751170182 -0.0387421647648752
0.158074712228105 0.169778336388388 -0.0457477160575519 0.0267094928706055
0.131959240453779 0.22798939386028 -0.0751238613645961 0.0954966034177644
0.0206710763296828 0.285331916218393 -0.160334887813404 0.115556783684353
-0.0989572310245959 0.299627036067814 -0.220053742647195 0.0373743695112108
-0.227834970730116 0.204427826617979 -0.18040468704164 0.0144024156419125
-0.328636921231151 0.147906695707669 -0.0607250740131682 0.0259752085553696
-0.393459431020242 0.0415916248290342 -0.0155432439504703 -0.0686210889045306
-0.381257853211792 0.0911311014821539 0.178796479625009 0.0082991040006869
-0.333893789346671 0.241592228425218 0.317480107323661 -0.093580906650613
-0.196096404962784 0.304224439897317 0.252792180992624 -0.182833998644972
-0.0206175859285578 0.322067584276864 0.142546718585083 -0.227271203356153
0.0803438461929147 0.261883072545415 0.0521126806195747 -0.173388814417577
0.14721320647659 0.215343957510467 0.0176337886602283 -0.112239686013207
0.185327129490897 0.157779138287085 -0.000977022246593563 -0.0479254761307443
0.200417332677202 0.163550042790764 0.00398855661778648 0.0120201625874248
0.137645489520345 0.202336118260222 0.0136299974325581 0.0821752597198362
0.102505304787897 0.253193575480292 -0.0395951681514686 0.14649440060139
-0.0185738800991577 0.300920560344204 -0.139996572228534 0.140196765850681
-0.15073802743013 0.310936063268587 -0.198389810314126 0.0304858646558083
-0.283965969401594 0.185409107694801 -0.129135855143261 -0.0341217978859124
-0.374092515400726 0.103685132699845 0.0452028069319482 -0.0205716225332473
-0.379276098154394 0.0250942221675233 0.117843479979752 -0.0839439957175063
-0.389005029482691 0.101915517546831 0.274239832598678 -0.0172760027970215
-0.331078372330233 0.265129213801293 0.341880356173476 -0.0935102032765683
-0.171746901568599 0.322030690940473 0.25690325677173 -0.152065923431519
0.0030199319913898 0.317378757477587 0.148578705088359 -0.156309820323649
0.086259083173613 0.249115282984137 0.0896669152162674 -0.0863687560555211
0.138799230821943 0.210186020326342 0.0782570188517831 -0.0371041444071284
0.168061997720602 0.160806280744484 0.0632514779388362 0.0124737898413101
0.168492740245139 0.172447775829934 0.0628296067220413 0.074000696388277
0.0947127278471986 0.209294141308475 0.0551229940057403 0.146908181608037
0.0509185482360342 0.245309235274448 -0.0240821157318667 0.19981341960649
-0.069171924751428 0.272053785020492 -0.127872578908611 0.159089292823117
-0.192884576857665 0.271495674281762 -0.169658831097501 0.025666632555517
-0.307978344157564 0.132294312859465 -0.0684814196380798 -0.0646451419618451
-0.367874690299248 0.0386676070270425 0.154925750776089 -0.0466087615845497
-0.297432042626658 -0.000534662916593837 0.218342397148585 -0.104962234588781
-0.321375098576606 0.0832533531652827 0.329612916665343 -0.0573462069908297
-0.264027949768067 0.226413768123077 0.330452008421907 -0.0893143840478779
-0.122763053421684 0.264887089457137 0.243332848733554 -0.112817198441347
0.0110573027425301 0.248826318539638 0.154548824833856 -0.0826092483322048
0.068667396136745 0.194839321988381 0.127075821869673 -0.0100161754985622
0.102949925998642 0.171394170448692 0.132073153290836 0.0289400764281926
0.124820231420113 0.137844778895011 0.115285001192693 0.0699695413571269
0.117054778448061 0.152151995087571 0.102721196146122 0.139697269472437
0.0469812113668778 0.181390154676432 0.0694982671851853 0.211123334277377
0.00456896013113449 0.200874395203858 -0.0323428102030757 0.246238859119723
-0.096743034467125 0.20822119570063 -0.125402776014468 0.170276630917126
-0.201617019879111 0.200624186080074 -0.137330652566691 0.0276944790920013
-0.287981242737616 0.0653194627182396 -0.00635298449266745 -0.066193430550038
-0.308837000665864 -0.0282834339860224 0.252801409762672 -0.0430141375597147
-0.165619688767878 -0.0395873531762597 0.268042491479341 -0.121455299939679
-0.201783728166933 0.0361192295242317 0.340736753948392 -0.0914614921008177
-0.160963011269794 0.133148914976564 0.294140063757211 -0.0773022932119568
-0.0701816713853544 0.148653022359253 0.221744060747644 -0.0765384548011007
-0.00316411382810093 0.138878125423173 0.157756097633903 -0.0270005804302241
0.0251831588616235 0.11579893019267 0.153594855693892 0.040220096791969
0.0439686734707442 0.109183867038834 0.165989232580563 0.0763945108553249
0.0640681661894282 0.0935956560506463 0.147415395272525 0.116230485091127
0.058861206754988 0.103131463782013 0.122913465161785 0.195381596494433
0.0132298814836271 0.120588887090987 0.0620512845298429 0.261685040148757
-0.012551889384482 0.128550205919562 -0.0565919553167745 0.276404789257945
-0.0816894536340854 0.130669037371516 -0.128266304541197 0.176338282235257
-0.161649966353092 0.124578948947497 -0.109533469878485 0.0420590501394335
-0.22201456199896 0.00983941576936729 0.0435041178815184 -0.0412110961384736
-0.205281468667086 -0.077852069090071 0.324656208982888 -0.0135482082815449
0.0753374377492823 0.054966660122977 -0.389998240378913 0.0114843534125784
0.109503182911557 -0.0220823626486381 -0.129233725447604 0.0266287810561265
0.081728390846767 -0.0626500742034222 0.0862011157140846 -0.0723350244683782
0.00644276561316974 -0.0612329692132926 0.127457471663814 -0.179778440191502
-0.00515521879749303 -0.0271590286065801 0.0748839513825467 -0.30762655649115
0.0159931633721872 -0.02116250577525 -0.0628429628944864 -0.334552814683385
0.0165137192279481 -0.042836524981955 -0.161600039049202 -0.245206965549723
0.00962461079152304 -0.0488121101613965 -0.195483777357142 -0.142481190483653
0.0289183674378634 -0.0494664745010646 -0.193468584761489 -0.0830321266450607
0.0497075103476915 -0.027429416279222 -0.189500938870362 -0.0425370851724204
0.0492267299298021 -0.00852548370254348 -0.176002939239648 0.0173046920252493
0.0445495496808335 -0.00709212029513109 -0.209404673148853 0.0650324359024214
0.0733323151219625 -0.0016209104998748 -0.251906494239314 0.0813826485259437
0.0709778317140545 0.0486380686753525 -0.277060968314683 0.14954640987594
0.042801132539344 0.101745371579725 -0.245451769315139 0.174393584586937
-0.0796211077839231 0.0742235367882826 -0.358625459772193 -0.0127345455259884
-0.025255371198878 0.0117488257507107 -0.0988243554773048 0.0105604874686124
-0.0340465527021693 0.0101781082074414 0.119818737503434 -0.0943682482237335
-0.0654519606847272 0.0269624418638443 0.147414634850799 -0.193735184019523
-0.0250962949135055 0.0767166548544132 0.0940598786124954 -0.317679397885744
0.0341628169308888 0.0735338220097633 -0.0441759265460998 -0.336990390429389
0.0702528969091553 0.0404007211824791 -0.142526952707365 -0.253359905786625
0.0851262190280489 0.0113205141210529 -0.179979819568516 -0.146689927547905
0.113964441809442 0.0114934977973388 -0.178321910606455 -0.0802219682405948
0.114320024451146 0.0467913366587588 -0.164884799012183 -0.0309229316678883
0.10335732274115 0.0905163068267066 -0.155185519312141 0.0325378237947194
0.04796807599065 0.126111606882933 -0.199057625544744 0.0802560415342014
0.0132921559503968 0.134705417082038 -0.247324447263483 0.0723512754835112
-0.0444291124884888 0.130981442720605 -0.253352011088955 0.128636541631528
-0.104958000894621 0.15212401816481 -0.218487820801441 0.146649366638434
-0.227481102789925 0.0834297903860128 -0.278601877745409 -0.0293931068055386
-0.17199279031321 0.0491650890487587 -0.0267258815431942 0.0100852706888711
-0.15534573786136 0.0999848601733569 0.182049870673764 -0.109471838547001
-0.130219022609309 0.133370709565715 0.179571773977408 -0.20945785105186
-0.0328000515814961 0.183975872866393 0.105267644056377 -0.316930413651434
0.0554740089670417 0.163538942641183 -0.0237341175390404 -0.311614446087524
0.117742775283256 0.118673114496113 -0.107287585426118 -0.231226638559493
0.149012371073893 0.0688895933579635 -0.137407221061957 -0.130512741625591
0.181172359511931 0.067531292391354 -0.132513587813682 -0.0625357459788603
0.161445286372874 0.109422177464932 -0.11274352083184 -0.00466362562266805
0.146022629882734 0.167009149482962 -0.116385955853659 0.0646748092446889
0.0559467171438257 0.228836795550028 -0.178618959662241 0.106741122482084
-0.0309066836174743 0.247002819135541 -0.238042689323098 0.0675393129071393
-0.140072535973578 0.196846654848609 -0.221840877535473 0.0879965218533143
-0.231680350236817 0.182537582507131 -0.154025195642917 0.0966534173078898
-0.3420187594993 0.0856430303388627 -0.157240406391943 -0.0444860973346554
-0.302847626350334 0.0929463380852526 0.0756449622692369 0.011465008745187
-0.259994753925822 0.200468386295801 0.257217782227069 -0.116091544885492
-0.169897955506449 0.24762166007668 0.216637354574791 -0.216150342253078
-0.0181524008456899 0.277559013074077 0.113869642928583 -0.295570400615621
0.0832915911591255 0.231436458294641 0.00257709766717306 -0.257768960416815
0.154357600125436 0.178060235920898 -0.0557058985789063 -0.18141669682619
0.191420579812959 0.115482911967134 -0.0753354714067741 -0.0954570818905256
0.218871008211933 0.114079455436583 -0.0665731505723577 -0.031333688029164
0.177890003380536 0.160345350106788 -0.0453983879906943 0.0336451423851802
0.156199549314581 0.220627419575932 -0.0692369914760527 0.105951641985896
0.0465318527815865 0.292692230089682 -0.153095612220819 0.134829334637785
-0.0738485636477201 0.315749322845146 -0.224043464095916 0.0622140746411852
-0.21733143356162 0.22901157056573 -0.184134878919002 0.032922204488088
-0.323828362092228 0.181049973901019 -0.0641691610214398 0.0340916059884684
-0.400468420491897 0.0804962929629471 -0.0143673665745138 -0.065262083032381
-0.381913002183541 0.128986534701986 0.187512330693552 -0.00333202495182058
-0.318476611416767 0.27843944146093 0.317362148194209 -0.119044108412764
-0.175429335727387 0.330705749284014 0.244253723606003 -0.203796048066731
0.00914872871662939 0.332094777417158 0.126462883783757 -0.244469101071307
0.106613437464462 0.262223457466151 0.0403693343483478 -0.181404732731176
0.171779834819085 0.207282682579242 0.00854295718317692 -0.115387621366884
0.204785774292982 0.14305073712902 -0.00317182469771895 -0.0465216078431467
0.219988753391337 0.146982153491338 0.00605373850706057 0.0151519663405635
0.160173456348287 0.196057084418593 0.0208189275385824 0.0846170034037081
0.12871869780014 0.249225365602028 -0.0271509946906011 0.155445034753418
0.00826185494070507 0.311828886897924 -0.128953363351146 0.158652404877274
-0.124928856687527 0.331391254057379 -0.202184304649614 0.0533565273971782
-0.275519055364886 0.215970809589321 -0.136698199212212 -0.0206914736541321
-0.37397522918185 0.1404661503469 0.0410276463075154 -0.0229986484618356
-0.386351304808415 0.063197294386055 0.120296794978878 -0.0940986793202764
-0.387149326643812 0.140829368258336 0.282357858330368 -0.0388691613422482
-0.311700468331064 0.300733067081692 0.341651508610339 -0.121599929039596
-0.148300177908833 0.345101929359476 0.250896886967363 -0.173540668193159
0.0324592035857465 0.32257508551351 0.138897587286165 -0.171592470062022
0.110930240660415 0.247650446477879 0.0874632278760288 -0.096129480805553
0.16253115462058 0.201230275754729 0.077145188764245 -0.0448129448619989
0.186312089322068 0.147872279339762 0.0672767418268427 0.00899031214220541
0.188034151234885 0.159420579023941 0.0706271858685297 0.0723219482783656
0.116132840596021 0.206609992798152 0.0694072043441632 0.146372098300856
0.0743051239307706 0.246087342165046 -0.00605335300519374 0.209015058035929
-0.0462974833801651 0.285866442386915 -0.115509163794361 0.176760234678001
-0.171331364845615 0.294967049943972 -0.174655530485982 0.0447072129242112
-0.302741979519957 0.163481720158393 -0.0780895075297336 -0.0567063051377851
-0.372449784375691 0.0736751101903123 0.149988827052723 -0.0587484144119428
-0.303949617872162 0.0291801003578759 0.219451272166561 -0.124631739853898
-0.317876517633768 0.115960705984245 0.33517602519837 -0.0856997798672701
-0.246567138092354 0.254286504406902 0.330739403163278 -0.116919277476882
-0.101502620486357 0.280549788396333 0.239737173447179 -0.13300367661595
0.0349970477125165 0.251381116510246 0.151386326190226 -0.0966476871766718
0.0873755632053915 0.192323938117052 0.132631326371481 -0.0219412328150594
0.122136794940845 0.164530108950508 0.137474206505897 0.0168921352489134
0.139918091337574 0.128671048383377 0.124736339655654 0.062497743019943
0.132765517454794 0.144061284318787 0.117522785773738 0.134564785523287
0.0650776750184126 0.182934692126834 0.0907212958275422 0.210323795401936
0.0225434011782985 0.204753389295856 -0.0101617806778212 0.256480203663984
-0.0820370543835654 0.222419381805378 -0.112900900125703 0.187519720049293
-0.185813029919723 0.221891313145919 -0.141555033697178 0.0432233061748747
-0.286909009959762 0.0920894696694932 -0.0149847985450828 -0.064770509057849
-0.317377067011672 0.000940772325060795 0.250953738089517 -0.06391463726677
-0.171909921420013 -0.0222565160437156 0.268791141750883 -0.146729348276174
-0.199966347425205 0.056660102703205 0.342319254975302 -0.12308863278139
-0.148942402772518 0.150098023851882 0.29518412642221 -0.103410559871954
-0.0586561907795628 0.156525609277421 0.220782347571259 -0.0948588228713643
0.0100408178002002 0.139759135832335 0.160337071060656 -0.0403044335773585
0.0361296550613768 0.114350570789608 0.163270195344292 0.0269117936521853
0.0552165759182573 0.106855748629844 0.176959009015693 0.061706539475188
0.0727808889625262 0.0885701153196725 0.160493419251704 0.10597061537543
0.0682726037744201 0.0990752180321515 0.142699639935723 0.18888109480315
0.024050835248749 0.121898559967772 0.0866894783120904 0.262279001022687
-0.00180974634614627 0.132577203037104 -0.0318026567667111 0.289745467309749
-0.0730577580725754 0.140580998759551 -0.116524162439021 0.19377479039391
-0.152170574910938 0.139334932661295 -0.111774706384596 0.0548446241726644
-0.222639397655968 0.0304929491819393 0.0377979289115625 -0.0443072115085006
-0.215726744548541 -0.0587230252644085 0.326623989067456 -0.0410471740892666
0.077412695098108 0.0477496104181841 -0.383935980820702 0.0442499122902034
0.103870695777245 -0.0299654769995581 -0.123365734977338 0.040333497709551
0.0741615968406275 -0.0671875351286085 0.083061104815281 -0.0795989848016706
0.00232188987844446 -0.0591192101854368 0.115487636525274 -0.191925560140194
-0.00634882560367869 -0.0234707963634496 0.0486325222679415 -0.31559144022193
0.0155167947495221 -0.0218921701805794 -0.0932738946173652 -0.329232643188284
0.0140319176497448 -0.0431664333998031 -0.181098742294669 -0.231237353128445
0.00613569395939005 -0.0487282940299802 -0.206154236385731 -0.126076109089102
0.0255047334831815 -0.0520324801041947 -0.20289115768828 -0.0653324958183615
0.048739709836961 -0.0318858823270447 -0.195595845604415 -0.025140449052155
0.0492863819197346 -0.0120377895208131 -0.176035196806819 0.0314816963358585
0.0439702698575938 -0.00815986962729836 -0.205229664927195 0.0828287533840633
0.0719133368465939 -0.00668498674972652 -0.247240716775469 0.102534082669848
0.0724262599967266 0.0425987362689064 -0.264208091650465 0.170264770118682
0.0494112599125929 0.0956228395350099 -0.235069890036849 0.194825192421257
-0.0767443925371917 0.0806503330059835 -0.353815527646164 0.0184866624644287
-0.0284789972623459 0.0153261910477754 -0.0939489282400164 0.0221874395092822
-0.0346998779417901 0.0160117872022613 0.114432317026663 -0.103104123559955
-0.0635379508420448 0.0362714102081073 0.134236226282134 -0.205310829946708
-0.0175908611445717 0.0826470011242172 0.0671753049337744 -0.327552252584705
0.0418296581392011 0.0727508200299141 -0.0728780886801583 -0.333412004530867
0.0749880119493549 0.0349145510822538 -0.162577577455339 -0.239940134539494
0.0870289695068343 0.0042550491747983 -0.189370259177816 -0.131229460616748
0.115238944797197 0.00146088814037681 -0.185985355584457 -0.0630996495928792
0.119112790427672 0.0373566284618907 -0.169033233146638 -0.0143851307504844
0.111963154749545 0.0820012626545367 -0.153651557191397 0.046245874513864
0.0591007064944315 0.124662356325005 -0.192707021802606 0.0979277835279904
0.0242530555657812 0.134525393110817 -0.24343403709832 0.0945095083369545
-0.0361799177550853 0.134557879430656 -0.243664597771292 0.149443251050562
-0.0939587690473936 0.159047114164324 -0.210437670386792 0.165371077812564
-0.223028362638394 0.103249492409136 -0.274466556620322 -0.00538754606771718
-0.171568776902289 0.065028325284443 -0.0218899445337871 0.0153899776569799
-0.148567519817941 0.115021283084064 0.175911549120154 -0.1212778669358
-0.120684727893682 0.148505175272925 0.166338946691725 -0.221776399175831
-0.0157293493269092 0.189530841304878 0.0785219169363518 -0.325986548169961
0.0711350413689692 0.161370099449809 -0.0500571503068161 -0.309420259443662
0.129703374723445 0.109243178040005 -0.125801547539811 -0.220039461655227
0.155845841258193 0.0558600121795164 -0.145507815269706 -0.117730748119045
0.187981805658017 0.050700035659393 -0.137491005448834 -0.0489401165982201
0.172295846741318 0.0964475795761255 -0.114808537002782 0.00767391032714648
0.161480258543925 0.15459817830447 -0.112147128822151 0.0762112124270542
0.0763060609372206 0.226927436235225 -0.16968806994414 0.123941286341058
-0.0095373908120659 0.250209517815277 -0.235253851689152 0.0907218221125086
-0.126197280747574 0.209813834315919 -0.215556270098551 0.107270398187544
-0.218176845863029 0.201856529477742 -0.149986755493666 0.111264394157658
-0.337374631957691 0.117185450066661 -0.153596115885611 -0.0293574425519013
-0.297192666558706 0.118941847844858 0.0807670848772099 0.0088392665848868
-0.243215559812097 0.224134312729423 0.249831848366135 -0.133818096706371
-0.151325624924474 0.265334521056193 0.202220282895869 -0.230002183403119
0.00678637391232136 0.281449917233433 0.089644622207326 -0.304783643150085
0.104280537469349 0.226728799051113 -0.0177727193097915 -0.256722299938567
0.171063883482589 0.164848852883837 -0.0704624623288941 -0.175662304091362
0.201923165781318 0.0973503525938016 -0.0808865778290688 -0.0875049375387524
0.229503423848266 0.0936928259116506 -0.068019449378071 -0.0226409586689645
0.193219226184574 0.14623170539062 -0.0435515411777391 0.0396900018432899
0.176614237767651 0.207276593404238 -0.0607625580225669 0.114613797628986
0.0720864815241986 0.290690822031852 -0.14105562224214 0.148967913303773
-0.0464086294210954 0.323255973203551 -0.220725342097884 0.0848957117353426
-0.200730285209432 0.248709288858991 -0.182518577228246 0.0506016155702683
-0.31087203748221 0.20829094788618 -0.065214352012439 0.0420837251272547
-0.394632238315595 0.118197947099045 -0.012885554485274 -0.0622514926139796
-0.371561561002493 0.161686311991934 0.191157500969158 -0.0161573522949648
-0.293529625007203 0.305958757861534 0.309474490069547 -0.14145179974696
-0.149285309109438 0.348125148865365 0.230539548235667 -0.220229491816964
0.0387448240094252 0.330940515386525 0.106046893079317 -0.253884609375226
0.130018646378392 0.254759719450063 0.027710522272045 -0.184048874443994
0.191776102090945 0.191914368673324 -0.000925570327352089 -0.114834198036135
0.21772504738083 0.124124613116051 -0.00486376392548191 -0.0446334065125552
0.233159048255078 0.126655453246896 0.00863192923066034 0.0170239329514535
0.178679719990946 0.183794333807434 0.027744450483628 0.0848998914690311
0.151123718180283 0.238098076219747 -0.0135616609255333 0.160724080365399
0.0344765504666394 0.313746557579724 -0.114312330615751 0.171575965570385
-0.0957999287893729 0.342715326759038 -0.200319784531942 0.0748085031044479
-0.258022157084249 0.240531128679563 -0.13969681995893 -0.00586413252279969
-0.363511489260284 0.173763971640765 0.0355530032788998 -0.0235263187549287
-0.381958590103809 0.100092611526761 0.11900149757781 -0.10210254345273
-0.374191717519716 0.173906568127797 0.281864188836078 -0.0602899758585053
-0.283746372948736 0.326956083637582 0.333915963705682 -0.146106480698635
-0.120571105189519 0.359135763030493 0.239883177166001 -0.189710769408044
0.0604631446696916 0.319418076860731 0.125612300816576 -0.182067776228265
0.132535672289939 0.238823960250269 0.0824753133330548 -0.103469737793647
0.181647110626558 0.187067339711965 0.073572879949593 -0.0509247395249897
0.199001088898809 0.129985047994247 0.069192166437723 0.00486690648772743
0.201191759092323 0.14191277715747 0.0783743170947702 0.0684608845390082
0.134779209874985 0.198382165448483 0.0820506445870673 0.141869214982919
0.0959975084670774 0.239465503422983 0.0124008695568094 0.211505954179032
-0.02262814782797 0.292509732487921 -0.0996916116508822 0.188251730876041
-0.145713490341257 0.309320271108149 -0.172864130956956 0.0637705730887188
-0.288925946462096 0.189754123999818 -0.0845554727786662 -0.0471791297423796
-0.367070981932601 0.107897466457242 0.142427096235258 -0.0685734865751034
-0.300937536751218 0.0587559618226297 0.214821140088996 -0.14168477374742
-0.305922825425867 0.143235163654737 0.331239851637959 -0.112032402188514
-0.221995367560785 0.274786014893948 0.322937765840619 -0.141895147947311
-0.0787907130026546 0.289417545527264 0.231202687266934 -0.149095658410551
0.0568049591571449 0.246161721879768 0.144823613877245 -0.107944727846258
0.103869235123055 0.184560130212783 0.133810648564894 -0.0332469516703015
0.136547525592636 0.15315200110769 0.139024848588744 0.00509528491749511
0.150625759520954 0.115048681337286 0.130377813448587 0.0533062760344055
0.14434380224671 0.131303223394138 0.1293920246459 0.126301465065793
0.0809157121539835 0.17778090265865 0.108628601624221 0.203098059141653
0.0393531963661067 0.203186057601424 0.0128233849832648 0.259853762627211
-0.0645594224641184 0.230996921075588 -0.0965408990734193 0.198710245716527
-0.165976971203416 0.236031884987809 -0.140683663863253 0.0589336273522859
-0.277921792349047 0.116815219297484 -0.0227639375489844 -0.060205785309052
-0.31744325290074 0.0297160530934909 0.242592100155958 -0.0829046972078377
-0.172731138797774 -0.00415368268064797 0.261077539912147 -0.16877790620493
-0.192499472528044 0.0736913655243087 0.334352269050437 -0.150160207420591
-0.13356829551085 0.161280111783968 0.288875217528408 -0.125685923054121
-0.0456446428267341 0.160901352243799 0.214687775994568 -0.111364372358073
0.021763277395218 0.137193657300423 0.158950908201273 -0.0524908603388416
0.0451522766745482 0.110406563981445 0.169232809724574 0.0125738404745598
0.0643433045837961 0.10166096352892 0.181834670173661 0.04537885658501
0.0799279443138754 0.0812715884256342 0.169074278544977 0.0923780332816837
0.0756733231350621 0.0923065235607754 0.158377716675865 0.177726158798237
0.0343228561357173 0.120392222014052 0.109502971793077 0.255660956053444
0.00878594003365957 0.131992364750026 -0.00726734645342325 0.294002738909213
-0.0634649516366786 0.147307971300503 -0.100501911908145 0.204719761916369
-0.138703915904813 0.149587406205242 -0.110480841218919 0.0667897501140524
-0.217507901345833 0.048422083843543 0.0310783066102724 -0.0453748101825821
-0.219458996724349 -0.0388977756721696 0.320675300160125 -0.0666128069084937
0.0877990577838575 0.0181405966511859 -0.339882860495757 0.18192216666573
0.0818443672066579 -0.0643431823884834 -0.0967382371460734 0.088296628710768
0.0414028497331853 -0.0889242614839842 0.0538993615795381 -0.0998481618150374
-0.0193199051053312 -0.0532621486844595 0.0432910474400424 -0.222928608728743
-0.0123346500241276 -0.0200926779538615 -0.0687178763052007 -0.31242071501858
0.00606603227889306 -0.0297625252875972 -0.209900121518742 -0.268244924570459
-0.00397175441891403 -0.0478971618186811 -0.253835195937382 -0.143867104317478
-0.0117159501508053 -0.0463619888919467 -0.234454712770688 -0.0393909123648194
0.00447411910592336 -0.0562415135089797 -0.210454764778412 0.015978854213582
0.0337888244015332 -0.047185437298566 -0.191585337271976 0.050035302325904
0.0419376953076054 -0.0289827512285781 -0.151879648429305 0.0935739243162001
0.0384386791847092 -0.0220437076314048 -0.161735104958281 0.150105920285409
0.0640107373930623 -0.0300881303684084 -0.19539465756986 0.18342900439707
0.0824887171407698 0.0121840313897809 -0.187434922908882 0.248513386912379
0.0780427120511482 0.0695055151044484 -0.153427337598379 0.257610814157185
-0.0445290989620849 0.110271511277513 -0.31805846079536 0.140282281992884
-0.0239261476793907 0.0292049311052822 -0.0741507844358646 0.0534575406190241
-0.0272785218323834 0.0298470921035066 0.0715529592287295 -0.138904560275955
-0.0421247904593468 0.0604612920027618 0.0529181092321948 -0.245865597608393
0.0170740430374872 0.0821769132256843 -0.0600167886205496 -0.330870110034577
0.0658822645869856 0.0478355156249475 -0.19547421129922 -0.279778249895905
0.0835667985091215 0.00273929006368764 -0.243298820462759 -0.160191132655988
0.0807141229958884 -0.0272613026450309 -0.221345332262327 -0.0485910737134696
0.106614515227758 -0.0412809708608338 -0.193652140072055 0.0130546984095029
0.124839137884499 -0.00801705239496158 -0.165043936561485 0.0506275384958776
0.134041095183792 0.034245153384295 -0.128905513628191 0.099906556799717
0.101261326029763 0.095290164914418 -0.144775739586276 0.157894494573209
0.070951289373147 0.1165903199672 -0.191851182933745 0.174290013914657
0.0160269615844622 0.138272861785886 -0.171409471886611 0.223751303795308
-0.0333603220480103 0.180737738215412 -0.135280470649499 0.225747392787005
-0.173699405680791 0.189180272000841 -0.249244829776429 0.0843555047371632
-0.137884959510077 0.130726451485893 -0.00740220893565327 0.0140534109762001
-0.0938757682110433 0.165390135392041 0.118744574360659 -0.186133094179455
-0.0506271473186586 0.186458332908066 0.0719231379457918 -0.276345735935186
0.0585266368614887 0.179620122898556 -0.0531965458288569 -0.33538680456998
0.125834739647165 0.119315232163158 -0.167348027755321 -0.266826764099962
0.163285778906268 0.0522314281771931 -0.204180280714348 -0.156662866857814
0.161952128222172 -0.00560313180929324 -0.177733706887237 -0.0510775764001248
0.1913030323415 -0.0230264725734521 -0.144243563405654 0.00940693036617408
0.195675875318281 0.027058662960028 -0.107679898458699 0.0514582778359892
0.205456804887247 0.0823200710445359 -0.0814148615438113 0.112777964750739
0.154885081788998 0.183497081633681 -0.11532603939405 0.171611260280159
0.0820518453212422 0.235437431485651 -0.18318157451991 0.167251248988728
-0.0392573884637031 0.242051582297503 -0.157840230315243 0.17563591399082
-0.134552732128479 0.265466002951266 -0.0938542372256246 0.157378110982654
-0.274673430794912 0.24716580584634 -0.142982106675608 0.0134135358173884
-0.232454069234354 0.229800794270186 0.0866449869753089 -0.036765050667917
-0.138856396642751 0.301777429742448 0.178263117119732 -0.231081523378813
-0.032237693848561 0.305540368087319 0.096834185145546 -0.300794483294109
0.112543543898387 0.254567771379857 -0.0380015503310419 -0.319219590140097
0.180546862209505 0.168205975893024 -0.119903978510828 -0.230449812226997
0.224016957195793 0.088790848481186 -0.137810765810796 -0.137106854433448
0.218659580133813 0.0155082544176485 -0.107600521968489 -0.0461431088924327
0.244742996366018 0.000603476562513999 -0.0712442897829525 0.0084486024602607
0.233404911684585 0.0653616283081965 -0.0309872582622819 0.0546768136754488
0.238421043825244 0.124469494704231 -0.0202827002457969 0.128651312513379
0.174120173605629 0.244372419166701 -0.0789973248984229 0.184023544021804
0.0738712872013943 0.315376185388038 -0.170676117847986 0.155857254564391
-0.0938014361781192 0.305867649288823 -0.144848873362794 0.113062300088998
-0.220006846707514 0.306117051289171 -0.0370896931235864 0.0682616153241421
-0.327759870041624 0.268393284262294 -0.0229716304074884 -0.0696304269303206
-0.283096505294206 0.297834774671178 0.180514165931753 -0.104382064607426
-0.15170943522424 0.395308276715267 0.227308310235985 -0.26412055756481
0.00213671617894434 0.379580560583724 0.122165532904539 -0.301611271935997
0.160397886257108 0.288373850815352 -0.00730704480978015 -0.276373966691545
0.214664842313649 0.184030202740738 -0.0516812840073079 -0.179412730118447
0.253226110129325 0.106604717466622 -0.0515512460739798 -0.108275011335041
0.242929369730459 0.0332825356900903 -0.0231886776816528 -0.0347215786141673
0.260021821527052 0.0295949395390804 0.0134769333315508 0.0167309954147001
0.234364758147294 0.105015257019947 0.0509981242736754 0.0690467294569556
0.226457300772795 0.163856559356119 0.0403093880008872 0.152088255897664
0.147211843345187 0.27920602220347 -0.0464123528903729 0.194437169505487
0.0365819357065637 0.351049643279152 -0.153974676374672 0.139401909696313
-0.149588040589532 0.31994938212116 -0.124889411481435 0.0471970355829701
-0.280448640687112 0.293363046116422 0.0340909650603018 -0.024379455224292
-0.319651351544647 0.24479303818743 0.0851406946044159 -0.154420698510978
-0.279422889443058 0.307847939374673 0.247474760417354 -0.179434662468845
-0.134910513951184 0.409817365949794 0.246378945457812 -0.277785106095802
0.0327332782173923 0.37725833385516 0.140528821505402 -0.275444398454014
0.175476681661751 0.268244480558362 0.0374716862930354 -0.215495400980734
0.210938622740755 0.168502077248813 0.0294462169002248 -0.124946705090712
0.24229933437714 0.105302461751388 0.0414121240527142 -0.0776005059281776
0.228344043742277 0.0452846400928038 0.0627838255661406 -0.0177569342185248
0.236882632297405 0.0547619449559495 0.095653444071049 0.0384010304543481
0.198870510031059 0.134164269247631 0.121894387764217 0.101266784483928
0.176063813953626 0.185049937204493 0.0843634813976862 0.187989892691663
0.0861470544023192 0.281226611089547 -0.0254546870782765 0.204775061246206
-0.022459603762531 0.337713937751233 -0.131407942918306 0.120766221545311
-0.196404145573744 0.283567001088831 -0.0891227112080224 -0.00895782317103433
-0.306750502945901 0.233263750959286 0.115508275243375 -0.10121742593109
-0.259937426027786 0.173941392612861 0.159656593451444 -0.223035424567407
-0.227200149600082 0.251297908946339 0.272903046265529 -0.241719310568306
-0.0971712281906173 0.336502766947593 0.239218675189303 -0.265390344106467
0.0428837559997498 0.295114786633597 0.149767187365584 -0.231072475635602
0.145100715466567 0.202681587017148 0.086301816143825 -0.152982648443149
0.164440808563937 0.1305687989766 0.106092546171763 -0.0803390572691436
0.186988914467439 0.0910057739444741 0.123947690127991 -0.050925526538155
0.178646208365164 0.0498806130135551 0.137100676107077 0.00306117448983399
0.179786482847697 0.0669218884222499 0.163577271816466 0.071155757915418
0.140768525324426 0.134313153262825 0.169708745644209 0.14767769919252
0.110142496073795 0.171966950352535 0.104061036079866 0.23109200914322
0.024378312469673 0.238190047633645 -0.01870204783458 0.214201604234849
-0.0674322529704635 0.276100316853061 -0.104686824295117 0.105564406247837
-0.212973507614472 0.210340770077001 -0.0383560654602026 -0.0423802183516933
-0.287070239991142 0.143204843685965 0.199952095460582 -0.148537119254077
-0.163377113008791 0.0624109711386439 0.190841820344972 -0.259170761863038
-0.14755239368166 0.140486100374791 0.261748196105081 -0.273114335454493
-0.059590711443922 0.196609558057806 0.21847586037602 -0.232803838403605
0.0223991190075923 0.163261658668066 0.154099173999989 -0.186714466241719
0.0722413577440643 0.115255814297895 0.12450944351234 -0.107394295612845
0.0833281525065956 0.0840023786063255 0.158370320478186 -0.0524775283594623
0.0998791527691266 0.0701203267458205 0.181006729270149 -0.0307771079310386
0.101532608100961 0.0451830448687676 0.187315288963565 0.0227725677400734
0.101555492054244 0.056979945316515 0.209122166079683 0.107838719229842
0.0757683950466473 0.0981308813937173 0.190523973620361 0.195752601420701
0.0543614131967697 0.118509772377401 0.100412403356604 0.270149111787509
-0.00553843573886114 0.159517601129782 -0.0200525223951237 0.223005591588247
-0.073344896004171 0.185289612880961 -0.0763667486045013 0.102640270136372
-0.181764570209495 0.124157606498835 0.0144870591650332 -0.0481634788511765
-0.219336863575573 0.0436607173143627 0.27349687389459 -0.162238467655388
0.0865382848858748 0.0137710990342674 -0.325905028072733 0.198735634238023
0.0757390803071842 -0.0659110397882749 -0.0875010369125279 0.0935338833764548
0.0358252870543962 -0.0887923326504406 0.0505005261999534 -0.103889237724286
-0.0201228174832537 -0.0499359431830693 0.0324462372563904 -0.227019286289357
-0.0104101178059346 -0.0175753847589445 -0.0874784506468875 -0.310207883372925
0.00566387276580885 -0.0298448611617049 -0.225320719820807 -0.256167951174759
-0.00595399445428145 -0.047424111283782 -0.261669638051601 -0.130148832128689
-0.0139115693105589 -0.0446366149519415 -0.235427539369332 -0.0277375122677777
0.00144906332731361 -0.0560225302614951 -0.209730354155572 0.0296858101461979
0.031652968466328 -0.0494828533910098 -0.189985875338048 0.0628555943912823
0.0414188903512691 -0.0311420569068778 -0.148637887930064 0.102827456826179
0.0393235788569488 -0.0222904554429059 -0.153428202634654 0.159894650664515
0.0619067841683725 -0.0328903456833105 -0.186904755689979 0.195021577922073
0.081383777325846 0.00965208759703757 -0.175327696191718 0.258394195588172
0.0804821898709127 0.064215523980485 -0.143595552883959 0.26881669525056
-0.0408467840559541 0.114072406721442 -0.30558564797479 0.155747762000867
-0.0254122220655058 0.0340271186115366 -0.0664577493021044 0.0580051596756596
-0.0264123699208606 0.0348289134538032 0.0671613858167389 -0.14307308558709
-0.037090446536401 0.066622089234501 0.0415396001389825 -0.249539834743559
0.0251175263059366 0.0826436680018394 -0.079065791114904 -0.329119015006734
0.0708317088515456 0.0450980991375272 -0.211324235952581 -0.269001647876817
0.0849209454435129 -0.00200090640512537 -0.250520745098975 -0.145985986235795
0.0797986891803239 -0.0318284292899083 -0.222410889154064 -0.0368299892590437
0.104578126582028 -0.0480037265227692 -0.192580820101791 0.0258110286502358
0.12550617647521 -0.015244526445072 -0.162313003479934 0.0625873736431143
0.136743266948619 0.0264612838723247 -0.124664940066718 0.107909960394479
0.108248051040779 0.091513280129119 -0.136496756072563 0.166826422026466
0.0772954605718068 0.113578067607264 -0.183030398987323 0.187544118981202
0.0215702917843693 0.13960189232851 -0.160066832375448 0.233113247566377
-0.0255362582654449 0.182644598241881 -0.126673523501947 0.237659924473307
-0.164971639806797 0.200799986556518 -0.23809307222119 0.0965293240271089
-0.133185097527018 0.141419789442371 -0.00167121746134644 0.0152626039814419
-0.085050341163608 0.17290080682458 0.111994595978135 -0.191167956176728
-0.0392518003469834 0.194299115855119 0.0604648485318766 -0.280995837693456
0.0717376787296733 0.177889108717286 -0.0716195732382273 -0.332825558976425
0.13535227684589 0.113316188467924 -0.181334327987762 -0.257480713819485
0.167832837298222 0.0429728745657464 -0.211063538737329 -0.144207298825349
0.16228071500181 -0.0153137641702279 -0.177514860179426 -0.0417252964833847
0.189984651837341 -0.0350714391738836 -0.141828474624895 0.0191555050199554
0.198828871667974 0.0160051570302132 -0.104205785707442 0.0600305831229676
0.211001246826557 0.0702138512517586 -0.0747741786258917 0.118775177785234
0.167049295188311 0.177026443137673 -0.105021247381902 0.179529585681852
0.0953251274043461 0.231666618861931 -0.174701310403165 0.18097895624119
-0.0283984870957162 0.246643468452303 -0.148838630583494 0.186296732492499
-0.12198483738607 0.274368435581127 -0.0880969535650491 0.166813657271134
-0.261964224445315 0.264170437354126 -0.135549363454632 0.0196362777282544
-0.222064191710425 0.244931689755246 0.089472491933602 -0.0405834630649089
-0.12097172034188 0.311064091885869 0.169634806076379 -0.23930620976769
-0.0146296648159754 0.311638707378099 0.0850186639458536 -0.304898556544831
0.129336083597102 0.250149820127092 -0.0554168309500987 -0.316072900018694
0.192932520294695 0.159229397825279 -0.131179956911743 -0.224236006699889
0.2310243028977 0.0750778820467681 -0.14345821769258 -0.128244437405129
0.220113039442112 0.00177223590548138 -0.10783832908491 -0.0407567541265663
0.244490578285218 -0.014971607799342 -0.0688849019929657 0.0140373957477856
0.239790844228049 0.0526533761838931 -0.0267862025516003 0.0585596749733155
0.245945747023511 0.110727758695254 -0.0122902542062751 0.131660134494735
0.190404409220913 0.236180430114227 -0.0682018652955786 0.190100126938661
0.0928642975510104 0.311795189007544 -0.161852893523278 0.169819407725148
-0.0777776113863661 0.313614564548449 -0.139628866828192 0.12361275699992
-0.203632152197977 0.320286090619996 -0.0352801534815715 0.0737049737832876
-0.311645906999181 0.290151743243411 -0.0196367667654626 -0.0703798136698794
-0.268109058342174 0.314387115535575 0.17905149057647 -0.113690014567265
-0.12945094643781 0.404363623448731 0.217016163613027 -0.274942482828454
0.0231228554468623 0.382745127428217 0.111289582441056 -0.307089361458775
0.17810261714929 0.279655425290768 -0.0220359064604672 -0.274401096009298
0.227577914575449 0.173162587152561 -0.0593910817802584 -0.177101378767688
0.261236168828328 0.0909250779819095 -0.0551865336580274 -0.103887393101949
0.244461992838674 0.0178865351142617 -0.0221818492168309 -0.0333728999656179
0.261108366694734 0.0127542210937373 0.0167795568694701 0.0175366687897183
0.242257641850397 0.0928375108259142 0.0555712899290978 0.0676633261749559
0.236209760640115 0.150527259732626 0.0506211824602756 0.151680281650539
0.164712833900392 0.273646031653265 -0.0348774399307475 0.199213373782372
0.0563076298456116 0.349525188639176 -0.145335108904022 0.152863837218918
-0.132798247910804 0.329930515339464 -0.122081330729135 0.0568256857804051
-0.265484607045062 0.31200948459001 0.0313649902865215 -0.0228009013792233
-0.304723938894933 0.266251197539927 0.0837166547260393 -0.160508892825942
-0.26188412668569 0.324554805667113 0.241480077105384 -0.192447030031734
-0.110728460056941 0.416299497010305 0.235193505658258 -0.289272459279523
0.0532106861305938 0.376802291770783 0.130533770341285 -0.281608081804519
0.191228732893875 0.25765119531287 0.0273461726487094 -0.215933755511008
0.222197572710869 0.157208664065178 0.0253093925192326 -0.127538351344496
0.249008123945929 0.0899173545706845 0.038770570917384 -0.0786912904874388
0.230794302860101 0.0309836859781592 0.0642198252233571 -0.0204295666272807
0.239081572642312 0.0399705670721136 0.0997314506803942 0.0334597151593702
0.208568423072308 0.123611624873492 0.128923107939497 0.0951753914096548
0.18706189229152 0.175291343381509 0.0972381670074424 0.183503776396338
0.102865253917873 0.278583848855951 -0.0135569122844134 0.208130338071904
-0.00236086961816612 0.338523607245037 -0.125105111594009 0.13284348803594
-0.181212515263801 0.295659727753787 -0.0894200112564321 -0.00101486398153811
-0.293705064297328 0.253121755823552 0.109130214888776 -0.10458447896506
-0.247648274252107 0.191233595468092 0.152635559655247 -0.233374217299274
-0.210839431432243 0.264051099625731 0.263181656635358 -0.25719206089509
-0.0772533300884506 0.340075318578835 0.228591644426021 -0.277680926613848
0.0589902218106472 0.29302733763324 0.141873320813308 -0.238814297126443
0.156345834646294 0.192775196907337 0.0793680222719114 -0.156488139626795
0.172272760184417 0.120694032117098 0.104047202439702 -0.0872304487579269
0.192838859680557 0.0793665277600254 0.122138932637211 -0.0574123050038438
0.180366892208475 0.0382188158226733 0.138452722948626 -0.00416111850528623
0.182798410802434 0.0560312606687012 0.169361756606258 0.0634210738940937
0.15001672742045 0.127122056204917 0.178814835792313 0.138507373053809
0.119632497146385 0.165594877749319 0.119462108338635 0.22520876617929
0.0376644480024711 0.239591848704981 -0.00626796950679099 0.217419104052641
-0.0517529477614835 0.278899808840738 -0.0996077737098614 0.11549443257109
-0.201204237258546 0.222532080813388 -0.0412110333770826 -0.0373659028162678
-0.278789855896058 0.161050840957101 0.191356237599594 -0.156669189150732
-0.156830075746731 0.0737126042910813 0.182102358526803 -0.272618818275376
-0.1371120070084 0.148104221559276 0.249030864694674 -0.288455673152221
-0.0470042976135585 0.197533248285519 0.207905577731614 -0.244335482144031
0.0304844342169827 0.161582263152689 0.147085548375447 -0.194853069120494
0.0781943289019542 0.109472455185245 0.120286848141073 -0.114019313829102
0.0874860704918276 0.0785528851616139 0.157932713820172 -0.0628022563233859
0.103542565879247 0.0637881338593396 0.179358507852998 -0.0412474569078022
0.103325032790022 0.0390776109179659 0.188854793288854 0.0136412713090498
0.103667955772682 0.0514479092652414 0.215932345888913 0.0966903395467836
0.0819038341832935 0.0945800588179142 0.202121305903578 0.184576512714942
0.0608818862895687 0.11550088344955 0.116199897986716 0.265368408618629
0.00288899337370157 0.161372553739787 -0.00878680430385578 0.225578817189378
-0.0630729403199809 0.187349573690207 -0.0715546590007083 0.110542726711659
-0.173834077066918 0.13310402555123 0.0105239120318259 -0.0467176817188384
-0.215584634916049 0.0569779927279699 0.263281626793605 -0.175352639411158
0.0858738866290611 0.00827554637180784 -0.316699354639556 0.219277881941155
0.0710250474145323 -0.0684682845566634 -0.0787685510316308 0.0989933681770772
0.0302044812456092 -0.088953101806913 0.0478540760741275 -0.109252872375774
-0.0210567643189375 -0.0478595819753093 0.02077168820107 -0.233537153100874
-0.00834769122765602 -0.015716050789335 -0.107092218626731 -0.311108064938785
0.00458851033137181 -0.0305611240186338 -0.245179203404355 -0.247038984117848
-0.00839227189008579 -0.0476817040736962 -0.272298336789164 -0.117743984072112
-0.0158458988745166 -0.0440092032454656 -0.240254410356606 -0.0166381618056913
-0.00105688450274317 -0.0567331030925891 -0.211546685137619 0.0442157465182842
0.028879662408897 -0.0522599035041501 -0.189654016276264 0.0777227987761676
0.0415878791415483 -0.0339816733778425 -0.147667081137156 0.113100069133518
0.0398743911338486 -0.0236766899580522 -0.147423439826446 0.171870078757141
0.0606177584082029 -0.0354377319573222 -0.180435163410675 0.210187294858148
0.0821274327631398 0.00645824137829912 -0.16538249081014 0.270843850844235
0.0834988775827631 0.0595228095652162 -0.134675766554155 0.285100570557168
-0.0370697827635349 0.119007963670748 -0.296578355139836 0.174237069937154
-0.0263189077936662 0.0390906680321688 -0.0594897094486129 0.061901315091603
-0.0253183092832909 0.0396192392677531 0.0633525116429536 -0.148979090880074
-0.0320211712215573 0.0731359703288636 0.0309804612179899 -0.257013561142027
0.0338082860897583 0.0845682249392522 -0.0985261004001982 -0.330586348465269
0.0764418057696245 0.0425729029603786 -0.230171958963501 -0.260895384056006
0.0873074528681718 -0.00732088049684827 -0.261806725068725 -0.134432317206312
0.0798627803440508 -0.0369331321728038 -0.226903528321724 -0.0268195633893112
0.103828471643424 -0.0549929026290101 -0.193170779091663 0.0391756257238631
0.127757477611661 -0.0228532361808126 -0.161091584576759 0.0756073797675135
0.141338985109169 0.0184640786107104 -0.120831518621824 0.118977287529354
0.117197558019055 0.0882603546741287 -0.129201834117481 0.179011192665958
0.0847445180634605 0.11190292750356 -0.175724783094002 0.203396165050489
0.0279681290898583 0.142445803365619 -0.150411602090613 0.246361613583051
-0.0171753529340585 0.186994546446275 -0.118498157819071 0.252206491771913
-0.157138098395278 0.21539152959641 -0.231321329843784 0.109245764997956
-0.129346965132535 0.154110759528657 0.00397697175643036 0.0150791499627251
-0.0764193860288967 0.183079665047887 0.106248941173952 -0.199321595737987
-0.0271930734054268 0.202947293795152 0.0494542954743291 -0.28816033575348
0.0863641351532417 0.178899832981197 -0.0911488158488343 -0.333235826865019
0.146857362109778 0.10813930983445 -0.198332352085472 -0.251052595317728
0.174649745823774 0.0327541871084911 -0.220167103264891 -0.134343040906347
0.164411263226503 -0.0257956948633949 -0.180665306882897 -0.0332076181182003
0.190570493385265 -0.0476559278813332 -0.141065148641052 0.0295085763533153
0.204375053195879 0.00488696431713709 -0.101584084401592 0.070521569159757
0.218967047478719 0.0579787947076494 -0.0694438401109403 0.126772824738984
0.181925498458685 0.170495470206576 -0.0958742563970179 0.190425587038887
0.111124550476269 0.231279505814921 -0.166458352832343 0.197185707552739
-0.0160575139676282 0.255063626039037 -0.140464712864892 0.1982576031367
-0.109272146607555 0.287086440253991 -0.0826958208997356 0.179047712361342
-0.250377800001606 0.286693549442131 -0.129964312040826 0.0249555364020922
-0.213344460280116 0.26404324830105 0.0931458907836279 -0.0463135235581561
-0.105445428737296 0.323459077145163 0.162474428888981 -0.250309307321802
0.00346246464314753 0.320479959553182 0.0741798916115279 -0.314002577099853
0.147711301828174 0.248018554132531 -0.0731663033351189 -0.31631448839857
0.208141522300917 0.150605411267888 -0.14464107284695 -0.220777764198624
0.240890134736581 0.0616382704744212 -0.150401462767598 -0.120979897501018
0.223390559495032 -0.0121408007375351 -0.10840322821372 -0.0359221711468027
0.247218332766309 -0.0312725244533078 -0.0661094671461585 0.0199259664102724
0.249178706055654 0.0396399719554892 -0.0228669177145173 0.0634700902898231
0.25681320642662 0.0974910859725158 -0.00355094786717029 0.13627764062952
0.209384777814976 0.230199204832089 -0.0576654783190855 0.199125380433153
0.113374053225004 0.312635884975682 -0.154135511644913 0.186336886226439
-0.0615658007983452 0.326365797421799 -0.133906523647294 0.135374906357235
-0.188953668299858 0.33939096828754 -0.0337173927701711 0.0812523352271362
-0.29878634806646 0.316194932168753 -0.0171576277681834 -0.0726974457576701
-0.254744889943469 0.336679503788012 0.179836476585548 -0.125261281237089
-0.107359423302722 0.41734723931039 0.207875397885954 -0.289444312640846
0.0448078786693752 0.389964594942197 0.101315123468027 -0.316645501772232
0.197868594666384 0.274138862974112 -0.0360220492850661 -0.276144800438515
0.243096212099769 0.162517020118577 -0.0680413492769573 -0.177774017548472
0.272639591367197 0.0747467500041817 -0.0599703351837102 -0.100907642721746
0.248498190156851 0.00258756131028142 -0.0216148490482639 -0.0324604737262794
0.264896918669035 -0.00367928346791274 0.0199627208029293 0.0177496314307555
0.254653955482449 0.0796833461608705 0.0618756915321793 0.0669548793124214
0.249036711030829 0.138230729053916 0.061190640076698 0.151903774363043
0.18569852826211 0.270010338363818 -0.0227892246769741 0.205994766664611
0.0793515247047849 0.353509054040783 -0.137763180555589 0.167716724438719
-0.116074331925782 0.345542684754584 -0.119421219669102 0.0668991761523199
-0.252398854025851 0.334868550391839 0.0288290998643998 -0.0213051958729776
-0.291399788331503 0.291215738969658 0.0819449896419642 -0.170449386563672
-0.24641437438654 0.34562746558084 0.238507908127166 -0.208941924033386
-0.0866814541110955 0.427659329966983 0.225630028657228 -0.305553617824722
0.0753366157211777 0.380900495867363 0.121468466345403 -0.292189836330921
0.209259482793772 0.249796991903454 0.0171697455319266 -0.219159036872882
0.236160601077517 0.146842269864646 0.0211186974136908 -0.132155374194072
0.259092159653205 0.0749573839416348 0.0367115473326832 -0.0813643957821436
0.234861524886326 0.0167874405864828 0.0664395244579556 -0.024466260771203
0.243831272127976 0.0249657447846126 0.104997488877558 0.0296538495733128
0.221582830334486 0.11346790929163 0.138014132274247 0.0897822183662865
0.2002521357629 0.166642422875633 0.110325350823251 0.182010359346456
0.122102986907657 0.278609542974786 -0.00090587094410971 0.214716494732507
0.0178580985766262 0.344733525565601 -0.11790595728599 0.146432955065895
-0.167161293483785 0.311740809960414 -0.0902453898408722 0.00635474118889322
-0.283144073234215 0.277319763420952 0.103878600873365 -0.109913487064608
-0.237744317087593 0.211028252152456 0.147814342469132 -0.248588485411835
-0.1978850291826 0.279987297798009 0.25584316236326 -0.277399439905535
-0.0575093103993275 0.346855924399448 0.218428210595377 -0.294087888620986
0.0757292567917789 0.294753747892329 0.134079569820199 -0.249542186570678
0.169335429369576 0.185306491223954 0.0741095564424133 -0.162011360798329
0.181937183079161 0.112155371972584 0.103772830557913 -0.0962172190688887
0.200824126424565 0.0674983934035372 0.121347081088293 -0.0649380303690609
0.185025601322498 0.0268754810753507 0.14159191283739 -0.0111094737959911
0.187530940086164 0.0452000608054316 0.177107098983099 0.0557985011526619
0.162115828915697 0.120836895028968 0.19111894951773 0.130554803676288
0.131536337511284 0.161683079186849 0.135215805719966 0.223170517573339
0.0520666839303245 0.242867264081486 0.00650405047042549 0.223571501791142
-0.0361293295497858 0.284999889204771 -0.094003054746112 0.127318041196291
-0.191002883382951 0.23826760573317 -0.0434740783451178 -0.0329664632207087
-0.272473346794879 0.182255835973911 0.184648562785725 -0.168086563446704
-0.152196584530674 0.0857042570904391 0.173852276038378 -0.289259165450783
-0.129318752011825 0.157616753432171 0.238746747927578 -0.308723501136957
-0.0358524426310716 0.200213840141753 0.199778669117085 -0.260565877689564
0.0391402256147572 0.161563589551414 0.141607336999153 -0.205930390972745
0.0844924656442245 0.104845471461092 0.117815521955904 -0.122316634180684
0.0924785956330861 0.0741733353731363 0.159488312263686 -0.0743616932970814
0.108269477963488 0.0580924862242302 0.180179403868508 -0.0525918141339108
0.106323791560429 0.0327993607584475 0.193296187352347 0.00425364173487479
0.107003510346532 0.0452281523276291 0.225509517779527 0.0866800732070226
0.0892015684842911 0.0913721890289805 0.216614184113487 0.176342455144761
0.0681746972192709 0.114094779556923 0.134829029596847 0.263046160191963
0.0114012124575118 0.164697456921019 0.00401379735631884 0.231700581443445
-0.0540513731654848 0.192045784989148 -0.0670231122480141 0.119931435373571
-0.167583176988276 0.143971466131725 0.00716289958816577 -0.0452046494324281
-0.214064187281766 0.0719196215610904 0.255892312165789 -0.191772659674613
0.0857334880652786 0.00223830371265479 -0.303364845449519 0.245059321908155
0.0655578680435378 -0.0718317891245495 -0.0690211922107307 0.105686151464649
0.0236681169025624 -0.0902936887571716 0.0428029065352629 -0.115822951847713
-0.023707713478468 -0.0452078964779543 0.00574523087471185 -0.240876464235686
-0.00683572518497282 -0.0148613016776126 -0.134006292752527 -0.309725908241634
0.00325373900232907 -0.0311661049735883 -0.269692690816586 -0.23235377039137
-0.011851431488306 -0.0478470822329927 -0.286731926192109 -0.100900259215485
-0.0183834561683233 -0.0427635948420779 -0.245567082441725 0.000208219618248373
-0.00502340082866897 -0.0578209556296808 -0.212202677710301 0.0626608151060801
0.0256920680082079 -0.0559076992903679 -0.188003425851922 0.0960391643033491
0.0407168074532758 -0.0384068974679015 -0.143074783736745 0.127475599490151
0.0408428338534406 -0.0264334051297854 -0.136870950368003 0.187706582888045
0.0581791337708603 -0.0395566284772921 -0.168679375435009 0.228572279188542
0.0833830360118557 0.00207492895588215 -0.150543522946948 0.288083523302227
0.0881767075200389 0.052760721869717 -0.118888809635271 0.306012833222461
-0.0308951067629601 0.12618934723344 -0.284252112683399 0.196939492624706
-0.0262101602429533 0.04590442535015 -0.0511681189359106 0.0664355793304534
-0.0227543491658793 0.0456445205264744 0.0562766465096237 -0.156837803969469
-0.0250805704173252 0.0796598009171698 0.015823831903824 -0.264449756181792
0.0442348211722818 0.0846187622981731 -0.12623881861367 -0.329009908210053
0.083122244913033 0.0381392731782515 -0.254759980341011 -0.248254539756447
0.0895828997962013 -0.0148028286148601 -0.277021339953034 -0.117761835201718
0.0791485495238384 -0.0435312073035201 -0.231838841647066 -0.0115683757834659
0.101359650012217 -0.0645129224332733 -0.192200567218027 0.0566180925902919
0.129300592754814 -0.0336669372792004 -0.158068666928625 0.0920861322089288
0.145801573503554 0.00726672970040982 -0.115075764634233 0.131716410825476
0.128877542254635 0.081517343347005 -0.117239587440462 0.193594427837611
0.0950599541886727 0.108968828899501 -0.163231160473766 0.223151537876217
0.0392092759799244 0.146223138442659 -0.135888907115566 0.261616610716637
-0.00413603226668583 0.191953619795482 -0.104033223691799 0.27072753615714
-0.144310637420742 0.233979893049625 -0.221369467287724 0.125647011783144
-0.122463004493068 0.171000807599122 0.0097353230105856 0.0145879316944453
-0.0643856223279175 0.195322393655635 0.0973860204543161 -0.210198786810785
-0.0109420529053197 0.212698594654956 0.034215427628684 -0.2973518141581
0.104108936342915 0.176571975047907 -0.117955590220018 -0.332637298774649
0.160612754121735 0.100138067057658 -0.2202928102291 -0.242091067893172
0.18256103388336 0.0186305450862345 -0.233278418816171 -0.120254076751854
0.165774065351618 -0.0394669528133108 -0.184550732648494 -0.0222402596962627
0.190414676513699 -0.0649815572653363 -0.139726100256091 0.0421512638060335
0.210995768669107 -0.011082876950917 -0.0968016544248404 0.0815894861069193
0.22821008951585 0.042045393704404 -0.0606476305153129 0.137134060993773
0.201113314232974 0.161075399693377 -0.0822482745441474 0.202781186521595
0.131086352845394 0.227584400259495 -0.153128116284119 0.217162506320917
0.00293005648109287 0.264238959918074 -0.127578987363019 0.213113089941549
-0.0898555707861045 0.302331989289229 -0.0724872728265243 0.193221649360937
-0.231946222084625 0.314042747702266 -0.124898760939892 0.0320136162468897
-0.199236464262061 0.28802244998658 0.0955044039596679 -0.0544688333157389
-0.0829353090923166 0.338971774958856 0.151130508088556 -0.265477169901686
0.0282692189579813 0.330610973232701 0.0583872920921353 -0.324672877160712
0.172073308746497 0.241516225634523 -0.0972207607053176 -0.315379269595188
0.226344826641601 0.137514055786207 -0.162727274230334 -0.214791702347492
0.252463226388189 0.0421746061864343 -0.160703703956008 -0.111513195687343
0.226621477132363 -0.0308010222267822 -0.110663911802624 -0.0294999137321702
0.248147125073194 -0.0521875474086275 -0.063850760793324 0.0262513562376277
0.259554545169105 0.0202688870565921 -0.0165779912893003 0.0681562058283818
0.269094694600908 0.078441134840177 0.00774793609275862 0.141044439906547
0.233372660104356 0.220585024248828 -0.0419273061073527 0.209440971230323
0.140626322296139 0.311115917751273 -0.140752407032777 0.205682084664111
-0.0379837062208068 0.340670408890698 -0.125218126645062 0.148769335227835
-0.166379197123791 0.363230894015541 -0.029463433357051 0.0899476790108922
-0.278052208859654 0.347033063747319 -0.0171485376154834 -0.075977117311961
-0.234962126792738 0.365076214255057 0.177923460821408 -0.14105025967582
-0.0773402074587467 0.433584564554288 0.194248160647537 -0.308227445063578
0.0751230978913908 0.397117947151744 0.0852908159284341 -0.329780234395903
0.223695125493078 0.263546772997589 -0.0548989152846094 -0.276309214728683
0.26278709268723 0.146748341753255 -0.0804641032433201 -0.177079234325978
0.284546912609613 0.0530798458934633 -0.0666343733748175 -0.0979373390726505
0.25240118792552 -0.0179782492969157 -0.0218546450281123 -0.0327799413099582
0.268082342971496 -0.026003788990539 0.02391584253071 0.017626025004965
0.268482691636857 0.0608999522544709 0.0702929824994209 0.0648428923319777
0.264560419932469 0.121277228667091 0.0757960740281824 0.151908187233549
0.211355741213043 0.262912290172069 -0.00554781456566812 0.214022792699368
0.10899225311664 0.354089478267582 -0.125802570032019 0.186120315637677
-0.092478536356315 0.363983206890592 -0.115654941846026 0.0793602342812075
-0.229814757442261 0.363816302977335 0.0265372925984973 -0.020016080590981
-0.272791906575819 0.321653662229741 0.0763873225410718 -0.183312353124789
-0.224715475445053 0.371949276810056 0.230727902545804 -0.231659135146847
-0.0560558132627697 0.440257061771941 0.209763630683323 -0.32646924198628
0.104874521574626 0.384614634954916 0.10702783923513 -0.306726304278715
0.231735607200084 0.237939602895169 0.00355497870728532 -0.222814534320197
0.252526713611597 0.130422413095339 0.0147035641068299 -0.138145895155119
0.270489620866381 0.0546763021231531 0.0331724576594503 -0.0852391536060182
0.239153976815173 -0.0029494115820441 0.0675265170742309 -0.0301673790328212
0.248329811680807 0.00553947658879834 0.110979913546093 0.0231827035445379
0.237195570662842 0.0985225845442874 0.148871020407541 0.0812379516344595
0.217192511841704 0.154959871777577 0.128453245232418 0.178310010842939
0.147713922709407 0.276606108749105 0.0169046960181935 0.221052400895179
0.0446765061654092 0.350186767036279 -0.107125508193196 0.16215482089
-0.146325905490526 0.333226374935047 -0.089695462144391 0.0154871928781865
-0.266482304197963 0.306911798843352 0.0963807535529804 -0.116554062768558
-0.223121592571488 0.235363141153639 0.137625794673667 -0.26773483871008
-0.179343245286761 0.300567828960433 0.242432480222361 -0.302109638071117
-0.032358415501814 0.354922892150886 0.20237651452756 -0.314933336657504
0.0975302214806298 0.295148823927527 0.122582932206876 -0.26443317319188
0.18519838676867 0.174896666162416 0.0659716477838256 -0.169165835021738
0.194268597579537 0.0991576303684302 0.101356478838484 -0.107973298877577
0.210232578303373 0.0512706764615002 0.119667263302242 -0.0749644460693293
0.188944888350409 0.0123149352864188 0.145587425068051 -0.0219136750305469
0.193023655776489 0.0302962335948205 0.185724105544479 0.0435383708850482
0.176039063095502 0.11083491697409 0.205802602515777 0.118735761265154
0.145859322605713 0.155341483322255 0.156076631393704 0.218226157643884
0.0730003247368518 0.245175434254847 0.0248417086376935 0.229226380230651
-0.0153370574504279 0.293543566153801 -0.0853469958828036 0.141074829071051
-0.175694374470663 0.257395708132274 -0.0459161071540268 -0.0284227094533689
-0.26266801787141 0.20942562981037 0.174667309491755 -0.18320816242949
-0.145625191860029 0.100681713821356 0.160007341927322 -0.311520758481321
-0.118378168500796 0.169514158877572 0.222198759247736 -0.333861780956233
-0.0210823995894113 0.204092899064137 0.184940264056871 -0.280271538999719
0.0501204855099975 0.161304194928424 0.131820302408743 -0.221063208050425
0.0925552279434929 0.0990645906202596 0.113539846531957 -0.133136325982052
0.0989716143795473 0.0680645872754114 0.159559798133262 -0.0903986789452768
0.114444271940131 0.049676331022884 0.179548189014981 -0.0662573381606637
0.109448771446519 0.0245560731096053 0.198609185234537 -0.00927268347247547
0.111603692830479 0.0377208654097617 0.236839494184339 0.0715631557779831
0.0986513668666976 0.0871035839556472 0.234925818253823 0.162269636372864
0.0772944632202824 0.111410757885063 0.157991940501973 0.257927766190328
0.0247123217909585 0.168600211177468 0.0219291504078841 0.238522238723514
-0.0413942991975932 0.198308294166993 -0.0595273636871545 0.131074671840879
-0.158605713701423 0.1583038932936 0.00359113029217648 -0.0446550010594274
-0.211339356635489 0.0912927465953094 0.245665969649147 -0.212600242862687
0.0838658872586959 -0.00436259216461339 -0.278279539781428 0.270849748488485
0.0588299361947885 -0.0741922827202874 -0.056541738434099 0.110326826286579
0.0157056440813808 -0.0894819918326586 0.0350988961762205 -0.121086290743044
-0.0246758225556119 -0.0420857775094989 -0.0138419942192755 -0.24469472867703
-0.00516227160704039 -0.0139971919670985 -0.163014424822355 -0.299245749567489
0.001430078956189 -0.0317201554720876 -0.293962710682096 -0.207354729666097
-0.0163130343583294 -0.0472743977505146 -0.298413659516471 -0.0758322044181741
-0.0213967394837712 -0.0401525271214992 -0.247666580423573 0.0205404016815338
-0.0098766243091622 -0.0565973434996783 -0.206429191597333 0.0844273046801657
0.0204562110753826 -0.058758112678664 -0.179717801784842 0.116447324064814
0.038051335287881 -0.0430737118129676 -0.132633779785844 0.142687425685671
0.0402576736302256 -0.0299359916708593 -0.120066978166625 0.200598123918897
0.0544022044662913 -0.0441539626724339 -0.149053635477004 0.245864385685986
0.0841103415618216 -0.00412788778772923 -0.126768801877754 0.302684248585051
0.0915674050787502 0.0432477530260976 -0.093948701822575 0.322230125124433
-0.0207871699997431 0.131230409032022 -0.264258744890893 0.221367618664571
-0.0231170344739418 0.052657511227373 -0.0420146890923556 0.0698436055067416
-0.018320123105503 0.0509211238646194 0.0458777953932836 -0.162445887892931
-0.0159972683451804 0.0847832722976134 -0.003735107961738 -0.267963496073848
0.055206143821108 0.0812627717843334 -0.15585071750486 -0.319089091031
0.0891697909511464 0.0302736791120031 -0.279335734017444 -0.22540811668578
0.0898925817715789 -0.0242559516055351 -0.288596577549699 -0.0933418212377243
0.0766054561903438 -0.0507704390254275 -0.23317587524197 0.0071587054204087
0.0957826188540479 -0.0743840445812337 -0.185883944691274 0.0757171251748201
0.127510837664882 -0.0466327664958625 -0.148730470222402 0.109022634198963
0.147635582807967 -0.00678013824210877 -0.103705098080165 0.143978933206178
0.138398445219413 0.0703641632051754 -0.099002183580183 0.206201460003721
0.105500372353954 0.101470087758081 -0.143318232760409 0.24145138960137
0.0530085379005921 0.145074522942771 -0.113767534109527 0.275764473703262
0.0122218468443674 0.193203990192999 -0.081326583125224 0.286435887330425
-0.123659105266539 0.25128302588533 -0.206313642645903 0.143008666074796
-0.108636973306455 0.18649942426247 0.0147548278953919 0.0129305782170932
-0.0463765524852434 0.204119736086516 0.0830193530545527 -0.219546823241077
0.00992055845846365 0.218693953070467 0.0132474414823225 -0.302705136456362
0.123660206907135 0.168079324610369 -0.146700209567224 -0.322228789476975
0.173396085808873 0.0851177251985209 -0.242757633577493 -0.223055575990998
0.186048466919786 -2.37515628487284E-06 -0.244039838438341 -0.0991941500427106
0.16273368322059 -0.0548810789816442 -0.185530006265363 -0.0076393350840989
0.184771231337742 -0.0834197834678889 -0.133395631301108 0.0561217645913227
0.213115783371383 -0.0315943789102833 -0.0882887472566761 0.0918964954355261
0.232760549766089 0.0205555561106004 -0.0474348164203446 0.144050629748103
0.219716243616156 0.143682815925476 -0.0626371120771536 0.213013699962365
0.153324675122341 0.217935962754324 -0.132013639094886 0.234103558462976
0.0278122529487152 0.267850059109411 -0.10988264658335 0.226099428212791
-0.0621776504312881 0.31354054341823 -0.0564699589847749 0.205629053548979
-0.203591613617977 0.339090136194899 -0.116894066118559 0.0402937345046952
-0.17422812632363 0.311182972391579 0.0947633385505365 -0.0639337460099923
-0.0529079416174962 0.349434367350214 0.131848967908683 -0.278613250913362
0.059911350789427 0.333562542985917 0.0357121978696809 -0.331962809751868
0.196814073097002 0.227281714916885 -0.123478715701092 -0.307044208769895
0.24286231143328 0.116881214636534 -0.181948800562259 -0.201220446371977
0.258521596304571 0.0170961569846948 -0.169444950221619 -0.0973483112074737
0.224305151463133 -0.0525569353505738 -0.112069134899041 -0.0212204067544974
0.243652774253172 -0.0770482952622385 -0.0590390356116803 0.0329865895396531
0.26525830747846 -0.00455660135366701 -0.00890569669992772 0.0714886026143826
0.27814239211719 0.0537852673973403 0.0218654726345639 0.142280435191729
0.257883596015571 0.201045734396825 -0.02073261288815 0.215507413786445
0.170889056422964 0.300043049556832 -0.119309488224794 0.222308472926808
-0.00671459584310231 0.348111779483927 -0.111452908631408 0.161994847390944
-0.132943546985265 0.382492084763444 -0.0221410717654842 0.0974598637583449
-0.244858332862787 0.376915737748411 -0.0183864896485414 -0.0793341569526257
-0.202343124158285 0.389347731968932 0.169810924488748 -0.158348464705482
-0.0382092690109781 0.442371375273959 0.171175676244378 -0.325220355469729
0.112471871206345 0.39628894034688 0.0612098400792787 -0.339352515871065
0.249721334659883 0.244577670648507 -0.076657323936516 -0.270509773062546
0.278539397268686 0.122946695240587 -0.0945390827105098 -0.171951246189437
0.29114951199411 0.0242109359967175 -0.0740109436193838 -0.0918054836389763
0.25137646125928 -0.0420787031289695 -0.0224875796541656 -0.0324226467699003
0.265887106171118 -0.0523896868175612 0.0282449937366864 0.0155776098298297
0.278207720276967 0.0350306456284319 0.078271356632947 0.0593257644066048
0.27701930650251 0.0966699168827877 0.0922330844013711 0.146418478047068
0.240402595282037 0.245530072981026 0.0161672098854529 0.217181089938904
0.143513426606698 0.345964908068115 -0.106155815025316 0.201128147744087
-0.0580324975105043 0.376756284806458 -0.107842289712937 0.0907854737778814
-0.195485667497703 0.389563057198812 0.0246407773845752 -0.018969016382969
-0.241083252651166 0.35050470753751 0.0654921765516157 -0.195141475775554
-0.191054751784097 0.395063304430632 0.213724905178151 -0.2538675187386
-0.0164488449241057 0.446635321654614 0.184895163194308 -0.344862678322835
0.139525336996225 0.379789435403765 0.0846635530863208 -0.318165106543831
0.254264689137373 0.216928078861565 -0.0126552108742678 -0.222687050649451
0.266483470945257 0.107461534967146 0.00441170716373984 -0.142155937204362
0.27710224644717 0.0267138788087708 0.0272446317846519 -0.0877779790674169
0.238755903515479 -0.0264058100036524 0.0678076731147571 -0.0369510200488097
0.248611641955561 -0.0189558886531486 0.116026733420718 0.0136201128095464
0.250207213324546 0.0759709371785781 0.158354050842539 0.068470484170368
0.232450213422619 0.135273028806094 0.14723010127767 0.168076863827993
0.176316665219985 0.266045733942546 0.0387744724077329 0.222199429040365
0.0788328966633816 0.348069468127892 -0.0907034297831923 0.176390335556425
-0.115690301618799 0.349988881260712 -0.0878867232073403 0.0256648094023139
-0.237450756338581 0.33603213990769 0.0862357066578433 -0.122162023497456
-0.198582286506203 0.258146606464354 0.11857470216241 -0.285123563305044
-0.151489404319726 0.317904640625775 0.21804905715767 -0.326088555991872
-0.000630791234080282 0.357706652663882 0.178226227423036 -0.332880803129915
0.123851022492107 0.289654053799106 0.102743079143136 -0.27708794595052
0.200081035897203 0.1573541191623 0.0537852283812549 -0.175324794510186
0.203522601851795 0.081238280784668 0.094795162930328 -0.119857081553395
0.215144533578344 0.0307211061249658 0.115678740588002 -0.0858106548687524
0.189280393002924 -0.00545754742190782 0.146107337692065 -0.0354826337546162
0.195270809651036 0.0114871693394199 0.191722041103384 0.0268380516220996
0.189224958614423 0.0944592345755421 0.218761660857031 0.09973614407669
0.160589790401977 0.143110614571578 0.178484243689541 0.20522589398409
0.0982222324421411 0.240849432002796 0.0470849888204209 0.230332788028009
0.0114328342938707 0.294792298554295 -0.0713401547789598 0.152816361129166
-0.152058361763828 0.275859932239598 -0.0476785564918693 -0.0229081264117182
-0.242082567980515 0.236600498811197 0.157418519325991 -0.198180508815593
-0.134028532246291 0.114603473651226 0.135751436369201 -0.331106616136785
-0.102034828376468 0.179184629910896 0.19370199885916 -0.35666506337854
-0.00332549990268661 0.203861304489615 0.162205002285811 -0.2978113161985
0.0635603622750762 0.158444440169 0.114910005445868 -0.235688554508848
0.100608497235295 0.0900883246846845 0.105032045773876 -0.144290408067544
0.104827157979944 0.0583053320869289 0.153924362023252 -0.107467536370346
0.11892826775736 0.0383435643370005 0.174606217518107 -0.0834796345690416
0.110792052200428 0.0146712088624864 0.19927723359538 -0.0272235221444579
0.114036569416553 0.0272023294112261 0.245619441768281 0.0507810614552812
0.107805720556361 0.077922269824958 0.251274017722596 0.141937979005176
0.0875698678792545 0.104704034151397 0.182701953875941 0.246312568378138
0.0408014034721688 0.167516860117907 0.0442617144045835 0.239392266500722
-0.0241218662701638 0.201468432829424 -0.0473097634054947 0.140163037169029
-0.143760226148073 0.172615579907855 -0.000390020868043727 -0.0433080248022334
-0.201414152237273 0.111654059514243 0.225549190093506 -0.234547647144289
0.0766201026684039 -0.0135982906944095 -0.213823436100679 0.31219283148476
0.0411208243679573 -0.0774651524706865 -0.0288593582239745 0.117797718602861
-0.00302328431119972 -0.088099820888223 0.0166254548177276 -0.122012266990146
-0.0327153582444429 -0.039531780372233 -0.0568293492837674 -0.234129202544019
-0.0112204047432657 -0.018560357850877 -0.216026221362234 -0.257733448641419
-0.0132934051125789 -0.0306037471977564 -0.31971476970062 -0.13930144876404
-0.0301518455188954 -0.0396864592756879 -0.301258773381696 -0.0137329592060777
-0.0292204342549655 -0.0314958828035187 -0.234129621308337 0.0643054386184879
-0.0209641035242456 -0.0499190937108173 -0.184251685111806 0.118333251970314
0.00963747071151614 -0.0593022293141297 -0.155121810610329 0.146288582344044
0.0301550024703675 -0.0483704688882858 -0.105446980193415 0.162344602191983
0.0383114990337301 -0.0369518674490885 -0.08483840781621 0.215836369299675
0.0485707881589184 -0.0506205717624303 -0.105990189055653 0.264278884002633
0.0840944212785063 -0.0203906124798311 -0.0760357032998643 0.314881025872501
0.0978271384944484 0.0244955677087002 -0.0411574277247547 0.327083143266904
0.00604994019880073 0.138955465470325 -0.211890071543533 0.254284980433861
-0.00983908344415971 0.0610901044389378 -0.0266998312083706 0.0708656484271848
-0.00685409131402526 0.0532563552386 0.0132133127144712 -0.167970308803608
0.0040474646874972 0.0821272712743144 -0.0561477743638347 -0.263161081609068
0.065533137931346 0.0609089302147261 -0.215977614886044 -0.275596246576922
0.0841168907575602 0.0106436175604766 -0.311853032150627 -0.158086125499892
0.0783129544440148 -0.0415604050433218 -0.297868718718282 -0.0311691513235329
0.0624213803033998 -0.0596905799759431 -0.221776896264816 0.0491844383334006
0.077708226198742 -0.0890143334726479 -0.164936994179537 0.106600258688867
0.116421760769318 -0.0693183900187638 -0.127803747733243 0.135193481947357
0.142181306925763 -0.0350454573854429 -0.0774054487231379 0.160148482813003
0.154600426261194 0.0407608223124953 -0.0652937363044562 0.215325015922805
0.12599285972022 0.0794032115222809 -0.0999800558529119 0.25558365745238
0.0816863538963851 0.130492284932751 -0.0629371403270713 0.285016513430096
0.0484179387265926 0.185641495267371 -0.0287851419112345 0.290319506944359
-0.0657682223457885 0.273769541705707 -0.173771081281998 0.1614409932752
-0.0624342606558586 0.205210754686471 0.0131492379774739 -0.000223581410084414
-0.00201178257264632 0.204453982177786 0.0313461111750927 -0.233353310120573
0.0574723023909748 0.204613020076388 -0.0523422585476618 -0.30182922716816
0.148132000305978 0.131525857414944 -0.211227778138435 -0.279070754645041
0.176117732559494 0.045794777752395 -0.279013662477407 -0.161051542776656
0.178741459398911 -0.0394444890597292 -0.259509803890072 -0.0458628121307821
0.14401850275244 -0.0804518732364871 -0.178064750266554 0.0280120663284163
0.161260856905615 -0.116750963021649 -0.116925741398477 0.0790426653879216
0.202778183493053 -0.0731437277766113 -0.0723359537567322 0.10825368505211
0.229453669620393 -0.0256687919904602 -0.0235759284167102 0.150587319998811
0.247903385771202 0.0958852845659261 -0.0303663015491887 0.214977566738612
0.194274148263909 0.182038973528909 -0.089217560743865 0.244859382351623
0.0805118008665219 0.254765375756651 -0.0628064438340352 0.236579217315688
-0.00292932174681309 0.317289935745829 -0.0128865468104009 0.208337463241287
-0.121865222436494 0.373634329695896 -0.10960793842345 0.0400077157313515
-0.0983419294822302 0.334591572347079 0.0709927390884432 -0.0939651955445943
0.0222763716331092 0.343898792381777 0.0593297637301246 -0.302733526010174
0.130593349408291 0.304513211535424 -0.0438334745670456 -0.334827798493192
0.2295972356651 0.174249971018368 -0.187716545711295 -0.265195642736321
0.249995969877237 0.0625427524548474 -0.217048489235477 -0.15149287693238
0.253409498641272 -0.0400434757200614 -0.189550246825733 -0.057536835152708
0.203065439843351 -0.0904665375140096 -0.109821681777692 0.00164564356327744
0.219533286462471 -0.122560736600578 -0.0490309246739105 0.0432715242291863
0.259242105631172 -0.058651127560702 0.00026738722621387 0.0739056546470477
0.279251047249611 -0.00293739737310102 0.0427862383083935 0.136281602195538
0.296283756588469 0.142674086763132 0.00959892909128515 0.209243115997806
0.22665495688031 0.256954749383173 -0.0784231464886464 0.229078376138759
0.0627788055801918 0.339584130093863 -0.0721603904525475 0.174257318260486
-0.05882726769512 0.397953995002244 0.00572697629234714 0.0992124077823351
-0.152025555031156 0.414880340110026 -0.0382074108727049 -0.0945300198420326
-0.108229339542276 0.412900786270223 0.120686259151084 -0.201385875970463
0.0552462189554562 0.427247743876076 0.0831454520517899 -0.35560377539592
0.194031627980373 0.352112123275349 -0.0238578606432994 -0.345485862532912
0.283667335860642 0.179870671476008 -0.136433439224061 -0.237498748634653
0.287505368106411 0.0610530568233561 -0.128820313291814 -0.139271753924048
0.288028567787441 -0.0409105484262807 -0.0977105876125704 -0.070797062848841
0.230796225680691 -0.0865275822896179 -0.025735967731437 -0.0243962897821023
0.246318971879637 -0.104739121309429 0.0318332900528199 0.0119698486363779
0.280240168614135 -0.0239103966458629 0.082179074235253 0.0459469585674736
0.286797894574607 0.0381059025667417 0.110806137265363 0.127246744117426
0.288925978701934 0.189075694614747 0.0453504179775843 0.203929893379541
0.208456341401005 0.306471864141216 -0.0672237026755417 0.205865011413218
0.0174908486025528 0.377302444167317 -0.0788563132209273 0.105734534318868
-0.118765005882831 0.415949062697902 0.0334237276557671 -0.0196033195954331
-0.152407081632708 0.384185995388554 0.0200341810613106 -0.220626073482569
-0.0961525012057714 0.411981322265702 0.143650831312295 -0.301435378889237
0.0772702302833638 0.425483517399304 0.0910521652414394 -0.375765978207447
0.216460470082553 0.330539192672168 0.00165697047306244 -0.327587412045814
0.283664018191623 0.152557927981266 -0.0633579701977912 -0.203586108392716
0.273751942590779 0.0472558802930901 -0.0268192567057721 -0.130540311702671
0.275035039994253 -0.0363134597589206 0.000516715193377568 -0.087051544616434
0.222965909972624 -0.0698623646505548 0.0596880888364442 -0.0461290753187353
0.237569944297261 -0.069840642952234 0.116192183312126 -0.00602767412403845
0.2604820257781 0.0196867393671734 0.161930133623378 0.0402546449245018
0.251497109220297 0.0834457436653593 0.168252020677049 0.137480661416091
0.231124348559868 0.222414780458131 0.0708980456171139 0.204330397861952
0.145863186563075 0.319130691519459 -0.0543989873542431 0.179294058885046
-0.0434795126222249 0.360902818125792 -0.0704849485260692 0.0393905254226531
-0.168799858738453 0.371504674262285 0.0754823672228673 -0.128154597643018
-0.132390279464584 0.28486223123135 0.0554647056538115 -0.313054197763753
-0.0761592878437748 0.327348970725499 0.135876505981504 -0.368741563384923
0.0731122054580733 0.335999753942584 0.0906956202092597 -0.361635024064684
0.180514382553442 0.246761721960685 0.0314206249269679 -0.28995612470364
0.221074055914972 0.106667641723248 0.0129350332524509 -0.173471758225635
0.209633889023332 0.033903004832706 0.0644120676952122 -0.128836508354451
0.217086722075372 -0.0199056616503745 0.0875261765746751 -0.102807949096841
0.179762677254955 -0.0422149547953945 0.134922004929116 -0.0582324213749751
0.191880339801223 -0.0301759648143428 0.192169240104764 -0.0054024038847626
0.20451490914279 0.0499004571379706 0.226467177259116 0.05948341976375
0.18441837411835 0.104079544186685 0.204724715593806 0.168274296118898
0.148519494440266 0.213962813510126 0.0813224763511348 0.211155318973337
0.0700761860635502 0.280865208000548 -0.039252777627221 0.154890146720932
-0.0943018362855447 0.29432538784497 -0.0411775988999781 -0.0118539797180156
-0.192673886244776 0.27395313922198 0.129712779058203 -0.211004081621872
-0.102684466712033 0.131442333875544 0.0670210014844122 -0.353981572467833
-0.0602560842625379 0.182650617456158 0.110725013258711 -0.389018726746838
0.0378148988294501 0.18932556109661 0.0893647415740605 -0.321911684702278
0.0943000609698032 0.133634556846465 0.0570715669831602 -0.250936572226111
0.113289149640283 0.0617850762080933 0.0701540343482457 -0.156967241304011
0.110704315517019 0.0306340516258964 0.125045981553647 -0.132343139825213
0.124611686397872 0.00877714420748953 0.147184810465615 -0.113207331705583
0.109052244771031 -0.00895051308455253 0.186894249841481 -0.0605787047707692
0.117597370323295 0.00122101457196117 0.246685956936859 0.00757607168898641
0.121980050800486 0.050028782391676 0.265836508358645 0.0954583958650152
0.106771116562782 0.0815024834201889 0.218021409902614 0.206338621968589
0.0773450368201802 0.15352425748783 0.0813838164406935 0.222982993628892
0.0161300139301444 0.197027673643686 -0.0184983463223016 0.141533191870449
-0.106425987584311 0.192455476085553 -0.00193075736251303 -0.0386268743104053
-0.175781268868099 0.14432517126415 0.185572168695146 -0.257613605754006
0.0707371916854871 -0.0177092543128277 -0.182487680509533 0.312665145302974
0.0355580146854794 -0.0742454801150194 -0.0183356755079275 0.112879588540062
-0.0074040627906568 -0.0820870791871895 0.00910301520028226 -0.121058224104307
-0.0323363302601119 -0.0356955861806439 -0.0694855759369066 -0.224200334719923
-0.0097055593759858 -0.018403197829372 -0.224892666349158 -0.232578025016021
-0.013263328921782 -0.0284773229320985 -0.317355550226586 -0.109432881242483
-0.031639050469919 -0.0356208985750744 -0.290471526696161 0.00880003969209887
-0.0280888887067128 -0.028188513092576 -0.222179327554429 0.0774049832697097
-0.022638501200465 -0.046177120479972 -0.167086003990136 0.127306861360433
0.00496372293348132 -0.0580504116026499 -0.13845656669523 0.153586259496814
0.0252010378676499 -0.0492371432167203 -0.0910339969053834 0.164709387581541
0.0346946346301564 -0.0386567400622022 -0.0660396447214191 0.212061189624782
0.043790244488325 -0.0503288308631966 -0.0851100003557471 0.262323843735721
0.0793812595385787 -0.0252207452564211 -0.0528032323009629 0.308752777075949
0.0930192913670986 0.0161610341699936 -0.0164496615678228 0.321124144095185
0.0149414958413457 0.133582246319631 -0.184460336969588 0.255204878419626
-0.00412720384608198 0.0626100954842454 -0.0189211702048958 0.068254424799397
-0.000967868173269682 0.0540117888582877 0.00388361117255248 -0.163194593698578
0.0124453243324746 0.0802307204262187 -0.0699632222054288 -0.252620526990225
0.0701703285041499 0.0532548198969692 -0.225857914545987 -0.250885488494686
0.0837639007794447 0.00375676888013633 -0.310291756523219 -0.12842827493803
0.0724279712672903 -0.0460226799833144 -0.287673591238688 -0.0084837722524243
0.0570020933991587 -0.0624008166002263 -0.210997375134078 0.0616508853682668
0.0685879112550886 -0.0907724730130581 -0.149192032473118 0.113521952899987
0.108212636461182 -0.0758423319493835 -0.112255117240779 0.139840191957916
0.133994739945329 -0.0439587637095876 -0.0631085144083356 0.159930951458604
0.152564922164991 0.0274042992404853 -0.0469638709980955 0.211173235415418
0.127241782416009 0.0688407669956959 -0.078207010297946 0.253136124587695
0.0884354429398587 0.12033770685755 -0.0422621362950996 0.279377616808203
0.0579560094254996 0.174918761524747 -0.00697998734593932 0.284339540957661
-0.0427005550181163 0.268861519720051 -0.15374258427479 0.162630385595001
-0.0450213055434915 0.204834864316122 0.0140281425175603 -0.00317595222843362
0.0135410558947918 0.199395190916081 0.0179424782278804 -0.227261618759095
0.0729418894445439 0.195751303852884 -0.0677719037240629 -0.29011281687366
0.154366180667457 0.115390146210699 -0.22017111965148 -0.252925503587356
0.174891893838704 0.0313483932864033 -0.278275121392336 -0.134710480771627
0.168720650932355 -0.0518985799718977 -0.250854153017916 -0.0249427758534313
0.133402019980715 -0.0878662029312433 -0.169425123607028 0.0366486670229415
0.145733667409386 -0.1235440472158 -0.105128508947391 0.0831758509152509
0.19071731107236 -0.0860339905379582 -0.0599720545004579 0.109555039199191
0.218764760642487 -0.0406984642032824 -0.0111503177274583 0.146862372229647
0.247466425727097 0.0735153225352224 -0.0131188577372059 0.208656181005121
0.200232858077997 0.161170464895763 -0.0676981151155442 0.242986923565159
0.0961271284160893 0.239949810799886 -0.0444612667342359 0.23297635564803
0.0199169609315805 0.305337496160649 0.00260530178790396 0.205203821238935
-0.0880603963402037 0.366819586409965 -0.100080792122366 0.0417468792483181
-0.0696931285161061 0.330874690909157 0.0636905053664795 -0.0964979139602919
0.0462171483202933 0.33016050414641 0.0408193756594048 -0.295136959775566
0.150199219637554 0.287056098652293 -0.0609728178124368 -0.322437007096264
0.235168422326606 0.151151903983771 -0.19547850050694 -0.24204956877631
0.246780389566614 0.0420577897398677 -0.218308195534172 -0.130841790786867
0.239591716649978 -0.058338222043592 -0.184062615000374 -0.0413175551777232
0.188952916526935 -0.101415438957251 -0.104781910668989 0.00647499401144462
0.200421182978237 -0.133786816537975 -0.0419669171335777 0.0443347370998292
0.246023976481266 -0.0770569038307139 0.00706954169209679 0.0711050684303449
0.268088740319637 -0.022909118025573 0.0520748060376496 0.128260528702925
0.297916147308191 0.115174842605244 0.0258628967558783 0.201490757721707
0.237354968654444 0.231140476400822 -0.0567338390020994 0.226771152190769
0.0855116658342483 0.323344730948669 -0.0578121964735152 0.173000355699748
-0.0267028760566759 0.387108188291976 0.0128377770633606 0.0980160402958648
-0.113292098377469 0.408487219836091 -0.0418537642850374 -0.0933906935518106
-0.0730244777955583 0.406841262152131 0.103906740358972 -0.203305207757279
0.0836412284832993 0.408142641890498 0.0599354484939573 -0.347498269426885
0.214340739582527 0.328536212256922 -0.0426048865008042 -0.333752650499585
0.286454463428735 0.15351902441947 -0.143598195705313 -0.219049976315408
0.281028407533821 0.037162611888383 -0.131586761372302 -0.12643740401734
0.272861819657944 -0.0621532104429862 -0.0961911298484793 -0.0604615408125381
0.215508450557432 -0.100451892021498 -0.0260309653231698 -0.0240291843434452
0.226713713850634 -0.118546740528516 0.0333188217494681 0.00852675981434869
0.268386185636912 -0.0456457853134544 0.082937219187008 0.0383357323344781
0.278681046777237 0.0169386630205614 0.116974491360309 0.114760765773891
0.293480177881353 0.160488392217315 0.0602227249678034 0.193642170320673
0.222821280106873 0.279177307670311 -0.0474619811124792 0.203924266145707
0.0451468445563756 0.362185283503982 -0.0685072052027062 0.107606045514484
-0.0813954597425535 0.409124271956106 0.0313262041318089 -0.0184547260546457
-0.115448973685963 0.379379433502827 0.00580048684497576 -0.218511469858078
-0.0628445913000772 0.402789238547988 0.118697504106928 -0.30103349189333
0.103269658820746 0.403554599195532 0.0662478684427843 -0.367560183535807
0.233514869150322 0.305159334180677 -0.0166196724870902 -0.317453489387965
0.283492812282174 0.127679647802456 -0.070843960489597 -0.191434830159066
0.266704426385976 0.0261812852420146 -0.0337848073402321 -0.126385194012492
0.260373210457412 -0.0573469362573124 -0.00315117087022145 -0.0826406291215006
0.207839115267501 -0.0831998025778022 0.055514644147474 -0.0500673394132824
0.220709149370922 -0.0845257011120582 0.112483682734056 -0.0139176996935062
0.252876517864207 -0.00234459487491457 0.158594539318109 0.0263002952919102
0.247643428472494 0.0627510459991125 0.172906142012257 0.120785250206024
0.239974042670328 0.19729311914557 0.0841106971520595 0.192442461764355
0.163022274176042 0.295658129990622 -0.0370667575973162 0.176929401398435
-0.014854059903587 0.349999473529777 -0.0643567940320518 0.0434997155325612
-0.132761248565849 0.368628017184528 0.0635596384002587 -0.126262701216158
-0.103254942947128 0.28209283517803 0.0327170855991341 -0.309313523682743
-0.0490555344932828 0.319333286483117 0.106162516467803 -0.364461601505497
0.092683321277402 0.316523525397349 0.0655642490914469 -0.353122004617725
0.192405917885027 0.22656273744159 0.0121146247072284 -0.283475379071911
0.21910358870982 0.08768901690685 0.00387338429436643 -0.168412492777983
0.203590229638362 0.0185224789424433 0.0539008854953308 -0.131300186683497
0.206015185025459 -0.0363122653495555 0.0781693977541258 -0.105039029140818
0.168530365117179 -0.0533909176399484 0.127036445762695 -0.0663843764524831
0.180279461415174 -0.0426863840686767 0.185182058140429 -0.0190663259451259
0.201432368133204 0.0313920293605231 0.221480822677177 0.0406579817400971
0.185113694192317 0.0872635272911079 0.209970455110373 0.147125104180884
0.159848843156574 0.194905012452858 0.0942892418759519 0.199196578260626
0.0860696773002189 0.264592931444082 -0.0240782016240377 0.153025158229227
-0.0685869103353124 0.289905946697091 -0.0397717836343945 -0.00758389754784861
-0.162598146039441 0.277189567071258 0.10976573221989 -0.209808161348805
-0.0871147091211532 0.132416942789334 0.0408804336510265 -0.348901423540732
-0.044232971468839 0.178517694678918 0.0794522560490502 -0.382663888973375
0.0474267685345634 0.177919480051756 0.0659446778108124 -0.315591947372862
0.100322548381601 0.123444341050119 0.0390439144337152 -0.247101418191601
0.111727166099288 0.0519121101567413 0.0593932935646736 -0.157035116447521
0.10709546242018 0.0221731637013559 0.111641099689848 -0.138720136832608
0.119989626387259 -0.00157007872993284 0.133548426510998 -0.119418456335413
0.103342242817216 -0.015430995304309 0.176609586204571 -0.0717389177481298
0.111498252470627 -0.0074391522771371 0.238551955163057 -0.00932209620468016
0.122108505289891 0.0386293157857401 0.26088675232985 0.0714512050883745
0.108078210459271 0.0714165783353909 0.224406633007453 0.183843377181853
0.0861592795500883 0.141551689940343 0.0939609173412466 0.210679861178784
0.0285261882539777 0.187292361645486 -0.00607036554109259 0.13863090437372
-0.0878268551562692 0.19060606001241 -0.00429426372806357 -0.0359648363344082
-0.15662491344055 0.150604319415228 0.159289900898111 -0.258539889767695
0.0646937838988991 -0.0197472415537592 -0.160618984903907 0.307751602735407
0.0324156878151464 -0.0720600999447596 -0.0120341867366822 0.108722526273869
-0.00794388201573708 -0.0769725352107435 0.00501984187785954 -0.119388836478384
-0.030709697314052 -0.0324618280245172 -0.0756563069733068 -0.217351343964779
-0.00836269195830203 -0.0191134870454329 -0.227883832707595 -0.215673778058631
-0.0124732548116243 -0.0270179282187459 -0.30979335036544 -0.0905449292693374
-0.0319125559392186 -0.0319137249190422 -0.279810585294772 0.0219620292205433
-0.0273050836494147 -0.0261267807756477 -0.212505031481625 0.0834108856719375
-0.0229435216957187 -0.0432603949723354 -0.155581011569986 0.130276229896405
0.00196970285692085 -0.0563677571070083 -0.126531396979092 0.155633896914751
0.022998899876234 -0.0494617953000524 -0.0813994110453898 0.163093690464371
0.0328652692889637 -0.0384440181751981 -0.0557389305062159 0.206992319675691
0.0407886314973282 -0.0496398123975359 -0.0722996534034741 0.257922445328197
0.0748074184202946 -0.0278834586113204 -0.0397349469457701 0.301249631595853
0.0876797643846326 0.0110615494367191 -0.00347796171717734 0.313335850483407
0.0201639781069538 0.128851348331544 -0.165888549755362 0.251128828504498
0.000577688623913139 0.0626439215045074 -0.0143276573616026 0.0653755769465495
0.00368236057312159 0.0546314409597914 -0.000585607240735806 -0.160241595461784
0.0184133035977499 0.0780382589639422 -0.0766483548400463 -0.245102841936051
0.0724810779722977 0.047304116860813 -0.228244372651377 -0.233020317735371
0.0835129339066372 -0.00094318716137648 -0.304780760971753 -0.110135046906525
0.0681110680579404 -0.0473588634096811 -0.276520137692582 0.00489055291606801
0.0534407805170144 -0.0631249224129481 -0.202192345921033 0.0673228860011562
0.062302730086733 -0.0910775862122575 -0.137657515066525 0.115724910013351
0.100821372728732 -0.0787443941870361 -0.101196362538575 0.141385046154576
0.127351857601056 -0.0489329208357999 -0.0535845635464458 0.157843442226424
0.149669282673402 0.0190161031995719 -0.0356761352888667 0.204828764851167
0.126795533269827 0.0611742198565079 -0.0647351286015845 0.248225623248581
0.0909752184511373 0.113181754819089 -0.0300189254098986 0.272376735892021
0.0621592984170653 0.166274606179723 0.00518449066305069 0.277758900947807
-0.0286946970312248 0.260768491734694 -0.140249717032388 0.159893656255002
-0.0335011081633992 0.202216086827021 0.0148807129731431 -0.0041720661423892
0.0230797876932898 0.193873003752424 0.0109924561262227 -0.221193928273
0.0829754319810343 0.188371683906382 -0.0751942299714476 -0.281700089720772
0.157529207444083 0.104546065913126 -0.221737645223404 -0.236596928130094
0.173382565594997 0.0212169064310479 -0.273778714285379 -0.118126707202524
0.16028495345046 -0.0587895148887842 -0.241196965149792 -0.0125371296430236
0.126387017849541 -0.091412717967438 -0.163055372651062 0.0408632112650761
0.134713611322066 -0.125801062498578 -0.0962416285068896 0.0836485055618938
0.180539445844303 -0.0936821967711626 -0.0523900140305928 0.10990201080706
0.209150514939055 -0.0498112392095638 -0.00405292690323059 0.142806710563604
0.243645844378333 0.0592252612466617 -0.00250493778992099 0.201343185357654
0.201422832681942 0.147934349630683 -0.053745217325301 0.237981254113049
0.10470294134044 0.228655766202894 -0.0340804268216151 0.2270083129447
0.0329721417468742 0.293732365692549 0.0125707158978407 0.200137530085295
-0.0668345434181964 0.357267750864321 -0.0940411609101903 0.0400956504036412
-0.0516882721387603 0.324967335676645 0.0593505268507929 -0.0967231608404378
0.0596100304583938 0.318913569051951 0.0315401733178225 -0.28771992406233
0.160930792958722 0.273187623244239 -0.0692097297900051 -0.313009296380083
0.235908476283971 0.135984062922743 -0.195624061619044 -0.226654737656631
0.242597292293338 0.0289717870274186 -0.215173461806206 -0.118497254123051
0.227885830940771 -0.0690628548322649 -0.176369769769075 -0.031349724698861
0.178586600111577 -0.107220293568326 -0.101474252768353 0.00843165086966391
0.185936531764663 -0.137743910573316 -0.0371886487556609 0.0430226295129581
0.234543236758713 -0.0875675486525894 0.0106985521358031 0.068375036008041
0.258308271524715 -0.0338050261328281 0.0572315706269315 0.121843983971092
0.293876238778569 0.0966357420618896 0.0350720036940407 0.193663149051869
0.239993587656376 0.213162342841977 -0.0433000658054324 0.221328687766838
0.0984220972449368 0.309599231402075 -0.049332831220887 0.170176020152607
-0.00808453668430884 0.374403409886631 0.0176788466623653 0.0969019065492721
-0.0878536265766912 0.398040920618222 -0.0436488344766587 -0.0924354527558846
-0.052903630162464 0.396626299433809 0.0936281330998321 -0.200992516734668
0.0972722553244824 0.391906161526314 0.0478388734882832 -0.33792443014721
0.2247538885591 0.310314376635399 -0.0519036221928093 -0.324090313132135
0.284683133772104 0.135808959206651 -0.14415905317442 -0.207013727135951
0.274861004629312 0.0231189350555026 -0.131395854823979 -0.118094045907318
0.259170460145986 -0.0741661239006415 -0.0918953094021977 -0.0535175251652271
0.203454900546748 -0.106614772725247 -0.0254683881271931 -0.0249546841233604
0.211782861435674 -0.124107088221409 0.0342639620764893 0.00573426257277389
0.257714877005318 -0.0583139665684836 0.0818795893581134 0.0327577950484615
0.270545492031509 0.00359898543505361 0.119477093951234 0.105869691618988
0.29313925717684 0.140900399282356 0.0681207638732724 0.184463604912868
0.228534848017174 0.259477919107257 -0.03473958793267 0.198337596956692
0.0614290618765214 0.347622525281305 -0.0611242306177759 0.106849920050905
-0.0589060826768923 0.398330664551964 0.0303974966411422 -0.0165778834042619
-0.0911110169795878 0.369315038207683 -0.00363890847628916 -0.215172791923395
-0.0417784900379006 0.392674076170902 0.102672754744758 -0.296458727305897
0.116650990320577 0.385570921201959 0.0524079333910593 -0.357339475332352
0.24136033673531 0.286371535376 -0.0278315040433386 -0.309145383047338
0.279597405085894 0.111210014139328 -0.072807319658776 -0.183700548790658
0.259778443357985 0.0135394369216891 -0.0371134633094302 -0.122944404154138
0.2469872078311 -0.0688449160889927 -0.00386565054692649 -0.0793535493691089
0.196981954142042 -0.0896041358170703 0.0524091472373986 -0.0524678375660035
0.207390549710686 -0.0905571206721532 0.109416031779155 -0.0191289393524576
0.245057902430567 -0.015219671663586 0.153908291743083 0.0178977543814605
0.243186368430599 0.0502191861132081 0.173993218149225 0.10915723263703
0.242712793619758 0.177884832188681 0.0915925076765298 0.182852651746464
0.170032891393289 0.278146781151649 -0.0253539781609303 0.172676944553979
0.00208445516549394 0.338067903962977 -0.0600480065914876 0.0452204624487721
-0.109227657908343 0.361405875739908 0.0564175713204707 -0.122386713229461
-0.0844474508898191 0.274709565857453 0.0186531080348152 -0.303793201345391
-0.032991140423796 0.30944310384223 0.0872914689254127 -0.3564990028346
0.1017714707644 0.30206694378916 0.0511508581079682 -0.34423666985427
0.196855130313526 0.211543691412728 0.00166783162585971 -0.276258651187233
0.215511156711636 0.0755565620130123 -0.000409939166505929 -0.164664287290346
0.196740117931642 0.00897970644944629 0.0472316063003853 -0.132225964109437
0.194750848781105 -0.0461498344505343 0.0726148065053423 -0.103703674709033
0.160577961750379 -0.0588444254513564 0.120921096121374 -0.0707729863537891
0.170835355742639 -0.0488995788939378 0.178550985227904 -0.0263478501991781
0.196607821633891 0.0200300965653612 0.2152468456074 0.0288517619413227
0.183182136529435 0.0767027865628283 0.209979822251283 0.132348037964271
0.164641522857741 0.180320709191547 0.101021213655674 0.189152866681323
0.0936231827272257 0.250435527984123 -0.0142427746371033 0.149231402715136
-0.0519941981206483 0.281007138704346 -0.0385271034602262 -0.00562410967842684
-0.142100043017584 0.273981964252594 0.0969767201300455 -0.204740256651126
-0.0761886472064351 0.130202439301115 0.0246052736314699 -0.341929667687004
-0.0344981438338721 0.172742521335167 0.0609254826822757 -0.372840631933068
0.0521421066351798 0.170127377279774 0.0522132270830495 -0.308517546364627
0.102959655596507 0.115477811375444 0.0277197527141439 -0.242625334812295
0.109550726143275 0.0453967812208087 0.0526486342409907 -0.155667025124326
0.103794271135595 0.0175804119207995 0.102159067914294 -0.141602050481951
0.114585907190325 -0.00764807192080339 0.125001050885251 -0.121014005955449
0.0989827479669825 -0.0191478008732293 0.168710011759001 -0.0766024514854139
0.105889570568506 -0.0115671641458627 0.230310069537194 -0.0186830238150934
0.11928935583802 0.0308504438101063 0.254542129410978 0.0577878378256687
0.107745873651874 0.0638773489047231 0.225202744713835 0.167534723029754
0.0899872839559055 0.132792934980487 0.100865897449341 0.200396934294302
0.0342525492305548 0.178748530887871 0.00151079165520453 0.134695858550449
-0.0753417679709282 0.185972859577289 -0.00609546312180444 -0.0342243039788519
-0.141985629916695 0.151297389480138 0.141116556474315 -0.254287759202071
0.0611658768808739 -0.0203737250497577 -0.147542370735334 0.30436584137213
0.0309907194606583 -0.0700544958155851 -0.00777457009258167 0.106551729542326
-0.00793340973649138 -0.0744881694952139 0.00254431839996708 -0.119858409203801
-0.0290785720433707 -0.0313102193745758 -0.0815638109842669 -0.215186750082421
-0.00726625697665075 -0.0198772792409721 -0.230695389098262 -0.206409532953857
-0.011589783344941 -0.0270409669361458 -0.307421142720762 -0.0784880056054592
-0.031456256502459 -0.0297819769977128 -0.274304305524097 0.0298510500436142
-0.0263074678918579 -0.0255207507623312 -0.209177638301755 0.0880890921163737
-0.0224227605958774 -0.0420140794647564 -0.148828983507564 0.132261480973722
0.000530877059856285 -0.0550331645356685 -0.119364227337307 0.158784505588947
0.0210801287272518 -0.0495411276689701 -0.0762475197224169 0.163420027539217
0.032690130713012 -0.0390191018475628 -0.0504543563768756 0.204453475941395
0.0407227368765877 -0.0490974393363361 -0.0656065674766769 0.256692141909304
0.0718549870563917 -0.0290188484321987 -0.032340529173795 0.297723734176499
0.0835739786205248 0.00905228842797932 0.00568566497420086 0.311227080241672
0.02238249665507 0.12707741027558 -0.154412191774859 0.248881824601617
0.00302531372956156 0.0628504992371687 -0.0111184750037403 0.0642650313003695
0.00728685303920471 0.0550131901491186 -0.00289173039713142 -0.160157068121498
0.0242026322253527 0.0778546871988124 -0.081136812969575 -0.242577960302865
0.0753470375618885 0.0431322667100588 -0.231242938392374 -0.223806688654204
0.0849799421523784 -0.00446096022675414 -0.302045615068348 -0.0991999291310704
0.0657100046302208 -0.0487555429725056 -0.270545730225183 0.0126094249320031
0.0518173085067862 -0.0643825465636617 -0.199140079063065 0.0702998102325831
0.059279273088424 -0.0911016972798571 -0.131685279263167 0.116673499158044
0.0969110667117614 -0.0810947879358145 -0.0944738092802973 0.143092511791929
0.1241802630454 -0.051813077892604 -0.0485428978174392 0.157460523852541
0.149219577465435 0.0143875152291773 -0.0296994765337886 0.20249571046273
0.127555234278612 0.0575445225209381 -0.0576948577548849 0.247157305051855
0.0922464992160135 0.109791538755793 -0.0226671034171163 0.270152744872064
0.0646653056904808 0.162040452024183 0.0132795700371441 0.275819796714136
-0.020028808918938 0.257400023881715 -0.132723381032709 0.157276334894326
-0.0262763657421578 0.200991342812747 0.0158175517399404 -0.00486913367766529
0.0296912700274432 0.192611447888995 0.00776576639609368 -0.220292908489824
0.0912808849284341 0.184596270264956 -0.0809479903768014 -0.279065643316982
0.160406007257762 0.0985583236392641 -0.222969186364704 -0.228079388857689
0.174223452770618 0.0140455468739789 -0.271531572467281 -0.108549307070047
0.155429353021779 -0.0634934248920148 -0.234527127630272 -0.00569070787079465
0.121668119862275 -0.0946556735779897 -0.161312247132319 0.0432132456898963
0.129371450686241 -0.127419901146909 -0.0918488368146321 0.0836981736507876
0.175430360845237 -0.0987593269422075 -0.0479246573185096 0.109740618827683
0.204585054021729 -0.0550105413895078 0.00070534804542707 0.140883983784366
0.24280708011029 0.0500449412204866 0.00383884596664238 0.198311439087326
0.203204827819116 0.140088136400059 -0.0459157862824553 0.236499574716585
0.109749862862459 0.22237004212482 -0.0282751526961828 0.225549503671037
0.0400011717491671 0.287795346679583 0.0180452950576586 0.199666866950441
-0.0546407307356194 0.352560155964519 -0.0909277396471106 0.0382837869223684
-0.0410391576055159 0.32260750012333 0.0568283436274943 -0.0972806868140475
0.0687579920041905 0.314728400799244 0.0271986712241882 -0.286125338423769
0.171346411139516 0.26614067707497 -0.0751989047487518 -0.310244073423215
0.239061478539808 0.126682624741478 -0.196693027889 -0.219558782735208
0.242179585818671 0.0204379621706876 -0.213787761762378 -0.11155575323346
0.221593834374933 -0.0757654790467811 -0.170563041467111 -0.025275297196521
0.172713455158275 -0.11172693886169 -0.100469401826062 0.00935189875644738
0.178510124637839 -0.140946490289503 -0.0344298796222076 0.0429329543825837
0.228952250259695 -0.0950501689541039 0.0132823017507584 0.0671825585842516
0.253898339955307 -0.0407162512634059 0.0608305683709664 0.117528261459713
0.294694002952821 0.0860646901020623 0.0411815051203631 0.189073886695585
0.243411318164636 0.202441498228318 -0.0356795972758419 0.219620432395073
0.106797059016769 0.30189054217834 -0.0438753674435275 0.16985935434911
0.00424193970985269 0.368971530099183 0.021058866008753 0.0970223868517179
-0.0730718162370834 0.392165474677863 -0.0454403096938901 -0.093866740934208
-0.0388472292882861 0.392998970668541 0.0878726317864936 -0.201019693260396
0.107828958794766 0.385314773203108 0.0423008390575102 -0.335801479087365
0.234730583309452 0.300784377629842 -0.058791992219183 -0.321558912990487
0.28632359830959 0.125594348951742 -0.144843157297016 -0.202010521453485
0.273970474480951 0.014705208788267 -0.131582847039197 -0.114361165172699
0.250982703519852 -0.0825498919904036 -0.0881142352176541 -0.0496915612372205
0.197705387127059 -0.111522699869091 -0.0263675425821261 -0.0261678687626365
0.204144491353692 -0.127371069628959 0.0349620227318045 0.00337873290684084
0.252460647149591 -0.067383547632458 0.0816247616160478 0.0298810768205136
0.267066294251292 -0.00421097627560322 0.122163512385947 0.100430011436852
0.29468777580526 0.129344779179753 0.074600957485818 0.180050724388361
0.232962913175486 0.248361241819384 -0.0273422569642929 0.196691372067461
0.071925055992931 0.340658878723192 -0.0577902297343402 0.107446091715578
-0.0454220745571133 0.39373688210076 0.0295882045491912 -0.0147440753209673
-0.0770161778428148 0.364386221508645 -0.00919510167927467 -0.215178803395601
-0.0275216051869003 0.386999797290207 0.0935609303893956 -0.294438609099246
0.125855592174459 0.377631786227479 0.0456760967254831 -0.355376351641956
0.249077693901692 0.276054823914591 -0.0341965553929061 -0.306962576867083
0.27913612398739 0.101351588949655 -0.0737433673787943 -0.180627064932392
0.257635483144741 0.00591585440244589 -0.0392267440455215 -0.122743500078361
0.238786322247426 -0.0759833626062655 -0.00177633995823931 -0.0781114094922247
0.19081717920998 -0.094784357015624 0.0504681229212423 -0.0556392734610421
0.200933044354561 -0.0943086713325105 0.108681253136407 -0.0228207325021908
0.240785061859689 -0.0251027418474296 0.151698592825669 0.0140175763976704
0.24142625507368 0.0423480759352625 0.175160447574737 0.101871944818122
0.246232617648844 0.168054475758539 0.0975268934569284 0.178151531949433
0.175583307297567 0.268211799812274 -0.0186748185317337 0.170562748310069
0.0139145220675125 0.332669539604357 -0.058093479609227 0.0456953031002722
-0.0949345727393989 0.358730004610995 0.0521579444818858 -0.120441338677707
-0.0737526497178978 0.270832503848587 0.0101185901899101 -0.302498369258213
-0.0214764260142649 0.304896423262721 0.0756404450155243 -0.354506838085406
0.108639211031913 0.294708673044313 0.044374197767678 -0.341489762205355
0.202052067970997 0.202980528136989 -0.00486804850976357 -0.274623138834492
0.213915137835694 0.0676518570335347 -0.00211721812053067 -0.164099541578928
0.194538121358283 0.00383846143694462 0.0430831253226754 -0.134092481501145
0.188774108480816 -0.0522743736434104 0.0715250524214002 -0.104623745333048
0.156152855062207 -0.0628669100912923 0.117901931540471 -0.0748327032546512
0.165358712672754 -0.0523596328610261 0.176548275330038 -0.0315535389291286
0.193604422498961 0.012335385600398 0.211210839486679 0.0224358447422336
0.182252325122697 0.0700231982031695 0.211785317059521 0.124101171827222
0.168429342950481 0.172101443532854 0.106447660849223 0.184911550228357
0.0997703376970105 0.243536226143363 -0.00860996127792868 0.147059579519211
-0.0425411209253271 0.27664212008417 -0.038859478118357 -0.0044264013800165
-0.129456359345562 0.273049778211882 0.0892190414526285 -0.202718254607447
-0.0692279343677776 0.12898899224063 0.0147072236494415 -0.340042595396605
-0.0286862026857165 0.169925615518173 0.0485377342958657 -0.369034107532725
0.0546948691083191 0.165636205731743 0.0447976407604594 -0.306060927496113
0.104922258277807 0.110701704437744 0.0208687507671116 -0.241322162539039
0.107536184298751 0.0411382816153491 0.0492633839266885 -0.156460847652099
0.102248123931542 0.0158113300187766 0.0967084718433776 -0.145637225863417
0.111502522307084 -0.0119822030454145 0.120691955422558 -0.122454073429087
0.0966632056455415 -0.0221460330790372 0.165176468974069 -0.081128538547222
0.102872279796967 -0.0134345160757315 0.227207940964826 -0.0254579618079608
0.118498817286419 0.0253781002097708 0.251187916732292 0.049518600068467
0.107866957033258 0.0606594977671652 0.227094533019321 0.158724895496608
0.0933668548616745 0.127606964246931 0.105829986095862 0.196115700619949
0.0377069089099722 0.174720697257119 0.00625581224775517 0.132964437734815
-0.0681641699281129 0.182732921943491 -0.00779721998546265 -0.0328161474043287
-0.133434069374966 0.15261214372177 0.131189219637628 -0.253038801645484
0.0592586024735939 -0.0208132879920985 -0.137048119962183 0.309271819860388
0.0294981353881177 -0.0707844690576307 -0.00289577761075788 0.107338015196121
-0.00815424669478615 -0.0744276701320322 -0.000649038784233509 -0.123649125704603
-0.0278463332505406 -0.0304635794517691 -0.0901934077159436 -0.217492684516279
-0.00648276119316659 -0.0210028901180391 -0.240092343316983 -0.201083402014701
-0.0112073792523381 -0.0279033945867213 -0.310920773588306 -0.068024944667904
-0.0321786313800646 -0.0283853706974834 -0.275192577190211 0.0388590803430447
-0.027017377652225 -0.0254354317717641 -0.209404704312142 0.0961738173887464
-0.0233932521459695 -0.0416868437295888 -0.145986299277116 0.138336844360104
-0.00163908673766386 -0.0553714385277386 -0.114606818585184 0.165390467434743
0.0191547648883746 -0.0509721999270568 -0.0724201741512233 0.168242090229642
0.0328335966607879 -0.0405965360545347 -0.0454882867743943 0.206933672832819
0.0400742127781655 -0.0504833796483665 -0.0588681981949382 0.262616130718965
0.0704127919059908 -0.0301931284540356 -0.0237321552435083 0.302578238475422
0.0826434681732214 0.0069455251684996 0.0150003938591725 0.316312867523299
0.0255088676075551 0.128019771120155 -0.146363194515312 0.252504647245458
0.00558452215452524 0.0650332152151975 -0.00714378057826201 0.0654034537029964
0.011164884333206 0.0568355455189324 -0.00648035896496696 -0.163674205789999
0.031001839462916 0.0780143308643531 -0.0907977694470677 -0.245986740604292
0.0795350686625718 0.0401855733159948 -0.239730871827757 -0.220089851123955
0.0878154599088127 -0.00925733398173342 -0.306975899617177 -0.089952558986952
0.0649662582535227 -0.0515605406194376 -0.270895101683092 0.0214736753325345
0.0506238719137085 -0.0671794629296514 -0.20095887801366 0.0774790806655853
0.0576238089409554 -0.0942437446394578 -0.129310399997939 0.121387782460814
0.0957247791899191 -0.0852985765088639 -0.0895872248596932 0.148010771633186
0.123505697678791 -0.0564677256882526 -0.04364551958266 0.160115352644357
0.152752513076373 0.00919261541835953 -0.0243375373181209 0.204428979240837
0.131395413335161 0.0541929572989029 -0.0499935906625664 0.253268033506308
0.096388867306786 0.108637370614634 -0.015340700786911 0.273199497300058
0.0691697284219887 0.161976403671991 0.0223730426483466 0.280756891918332
-0.0119231838449926 0.25998212569105 -0.127268042883452 0.1591867214456
-0.0194024502585125 0.205091322804671 0.018400584424867 -0.00498993424862476
0.0378976190847754 0.195629711346 0.00406454070266743 -0.22499168824013
0.102569746958735 0.184676226749915 -0.0899574375502656 -0.283153989818526
0.167624588159157 0.0925374045916705 -0.230689849869188 -0.225126835118558
0.178630387355 0.00725655787055388 -0.275924102346881 -0.101968755038015
0.154462695670006 -0.0701792163985047 -0.233306531377414 0.00173345802271432
0.120283080838302 -0.100601638636443 -0.163184625587191 0.0473682538231289
0.125528441787446 -0.132645529603615 -0.0894879889685853 0.0864552229138773
0.17415540958688 -0.106589664423769 -0.0434010114775299 0.113034629866634
0.204586175392788 -0.0619904990661422 0.00589107453882217 0.141887725848987
0.248594344454215 0.0416067533720071 0.0106483247354098 0.199525821959324
0.21043406276012 0.134134172750501 -0.0388138351777165 0.241292717059829
0.118482480884436 0.221700625469082 -0.0219865811782729 0.229099394266726
0.0494586184933563 0.289890054220876 0.0250787872453466 0.203519296442366
-0.0420033533978458 0.356778007482619 -0.0899782342525706 0.038389506306263
-0.0298682321342559 0.327658311423096 0.055776103548098 -0.099542144513214
0.0801830853739339 0.317463539067442 0.0222661423602 -0.291513658951948
0.185999805273973 0.264484816139808 -0.0849522024964115 -0.31443811065021
0.247411776703771 0.119294078813125 -0.203501981066716 -0.217292223520797
0.248541402358734 0.0108307700787258 -0.218611100834487 -0.106880803669745
0.219507801996963 -0.0848332833399142 -0.168558498820003 -0.0208666781826171
0.17102200150222 -0.119661339782099 -0.102971714284188 0.0106645620226118
0.175017538800722 -0.147127068790189 -0.0330038873667679 0.0426122520541439
0.227914749200971 -0.105615517996622 0.0155985489061698 0.0679749048707022
0.255165566082931 -0.0496252330182528 0.0659053308254599 0.116241472848803
0.301936676800055 0.0755243476628038 0.0492379004559988 0.189124120711528
0.252759349854803 0.196419132515079 -0.0280031617373444 0.223774587270747
0.118616460877267 0.301789994004216 -0.0394640807096195 0.173332415430821
0.0161233605393371 0.372343205029781 0.025023533697214 0.0992446500024908
-0.0600378610394023 0.396855560982362 -0.0485337515569036 -0.095775910644556
-0.0260839866568811 0.397940898022377 0.083743199029784 -0.205153449774495
0.121314311577575 0.386878782729394 0.036308844666004 -0.341902895294217
0.250653320973447 0.297157201743131 -0.0686496799238783 -0.32591793864126
0.294313710712253 0.117872348806025 -0.149877612087648 -0.201462957961725
0.279166427371991 0.00438304415473113 -0.136216921116866 -0.113581706097132
0.248979109971791 -0.0926147578058598 -0.0856130116966046 -0.0490301379011397
0.195060412038239 -0.121164612336439 -0.0284263119634021 -0.0272222008547054
0.201236474667582 -0.134669294835075 0.0360870454870268 0.00119963095560947
0.25310683028732 -0.0784120676190927 0.0836443570417925 0.0284265212710258
0.270322819304837 -0.0130447173413924 0.127353224419383 0.0967480818436614
0.303428595549899 0.120034748124818 0.0826132253496144 0.179004330936816
0.243650812092714 0.243857225196604 -0.0200618924521091 0.199385638946643
0.0847785254162978 0.341380923694695 -0.0553779675248654 0.110853825922707
-0.0312320605996874 0.39811585606481 0.030111996259164 -0.0140173987417996
-0.0638700059588748 0.368061405504332 -0.0162466343650489 -0.219038627505183
-0.0154901826824726 0.391884014977939 0.0863061556105882 -0.299545132626764
0.139156072061031 0.378378848229153 0.0383863759200273 -0.361373794434311
0.263578768060575 0.271224794685313 -0.0434656328831012 -0.311237685250772
0.285404667850517 0.0934293078999823 -0.0776795264195384 -0.182827130335558
0.26159159996119 -0.00311917368791175 -0.0430718513755856 -0.124904002688666
0.236467853459125 -0.0861731920878568 -0.000447579814880132 -0.0797281513227779
0.190014809916397 -0.103037416559706 0.0492667662787099 -0.0592481508460461
0.198695059491267 -0.101262214752701 0.109617238505768 -0.0275734302732027
0.242587287262476 -0.0345093759602786 0.153227019890429 0.0091122033144007
0.2458790663586 0.0347006878047307 0.181192872158832 0.0963533484960434
0.255551377168555 0.160604993205322 0.105788868201941 0.17644358265219
0.18629050289003 0.265157722202568 -0.0129487226853533 0.172792767454487
0.0259489373223693 0.334422874155831 -0.0578964179533414 0.0486710999860867
-0.0827643622715434 0.364205893022959 0.0489307755548946 -0.120918663959182
-0.0630608135942165 0.273691115463043 0.000317341031137081 -0.30788500023327
-0.0114589019405685 0.307753816499354 0.0656175273113477 -0.360006165212611
0.118969467727467 0.294922851610112 0.0363501024617602 -0.34743571298605
0.212297972464851 0.198492811790611 -0.0137692139809329 -0.278755973444136
0.217401417442056 0.0616204129214165 -0.00556880291275886 -0.167760474366153
0.197426930195376 -0.00254031803056584 0.0388774266477499 -0.139710967417519
0.186773367220233 -0.0598275477609653 0.0719290996489062 -0.108257333346362
0.154443499358114 -0.069562839656033 0.116746008972998 -0.0809715432576807
0.164340771063847 -0.056964942053901 0.178130796665342 -0.0374473455051392
0.195970573668578 0.00367241245343842 0.212831409220928 0.0167794913804869
0.186925263318096 0.0654055179086535 0.218526534156343 0.119053855993777
0.177308480223349 0.168303650079665 0.115244004410432 0.183238523534501
0.108058954484251 0.242601404691829 -0.00326276365669577 0.148592784195783
-0.0330882008984244 0.27890511407339 -0.0403745078829831 -0.00308074079384665
-0.119875016422068 0.279126427952719 0.0829117627229089 -0.206091605477685
-0.0641676151927646 0.131427943195423 0.00422585932465838 -0.345148057149215
-0.0229712778104416 0.171581335749552 0.0376343930335775 -0.374420058152608
0.0604894797452442 0.166109569756379 0.0371004093989619 -0.311205118425272
0.109545862280447 0.108589396851619 0.012265192518874 -0.245070094627981
0.109191054120475 0.0379745104949423 0.0459350289107002 -0.161729257586804
0.103321008705989 0.0132250099146345 0.0921707782845447 -0.152379467082407
0.110490572430479 -0.0168620266231337 0.119593170732222 -0.12733089004368
0.0965490469176453 -0.0259701084501122 0.165374469798743 -0.0878015106597541
0.102789379128045 -0.0163343825598283 0.230157709171752 -0.0330042428164135
0.11985607476162 0.0204923501872156 0.253707507096764 0.0435356347831637
0.110073550183467 0.0576553676931644 0.235121026948633 0.153081817678288
0.0991556165461343 0.125611129420204 0.113907382742673 0.195480291223522
0.0429760987608937 0.174761732795871 0.0109640906287472 0.134435721624102
-0.0630908217513677 0.184491562114544 -0.00992625494878421 -0.0326869470828814
-0.128091072030556 0.157575716953628 0.1234643804357 -0.257899310553186
0.057075359659023 -0.0227491641330108 -0.10855872439664 0.326063577106101
0.0219635634293596 -0.0714482464599873 0.0143311965668168 0.109488136473343
-0.0189085176887775 -0.0730390576732971 -0.00692319419563292 -0.126551314362178
-0.0338621054841941 -0.0289015799252993 -0.111679322289354 -0.213163175165304
-0.0139971916345376 -0.0214392931524361 -0.263510934921217 -0.178334932479038
-0.0176658311075259 -0.0240718010343385 -0.318170938803265 -0.0367176118462655
-0.0379540416859072 -0.0214970953980989 -0.270476842056946 0.0701537402378871
-0.0290030535570137 -0.0212101649783908 -0.202995121191313 0.121948410290908
-0.0285244962246257 -0.0394170223643463 -0.135044348442565 0.159539609389623
-0.00973053111886128 -0.0572300703457704 -0.0996673886828163 0.186702032942746
0.0100542392190617 -0.0545700578138314 -0.0578462668967048 0.184340423433393
0.0256050915507963 -0.0481063120850671 -0.0273346493283477 0.222509750737192
0.0306446370040886 -0.0579789701999235 -0.034867881672874 0.284028060338149
0.0619366047052736 -0.0405605474784063 0.0026115057459478 0.318787856475023
0.0803531593849523 -0.00111076986424648 0.0393153209690738 0.324497168063031
0.0466873666078951 0.127626430378239 -0.134629117716045 0.26639775786088
0.0162779787660362 0.0666182539105988 -0.00259850909393521 0.0661996028871816
0.0192375977985191 0.0551327250162838 -0.0268710183739149 -0.165856221657982
0.0422469700381494 0.070276336675735 -0.124401366396017 -0.240124161564865
0.0809256071092536 0.0283671124232403 -0.268473178504577 -0.191736620958822
0.0837995642986656 -0.0184449252298457 -0.317542823798015 -0.0550136641797444
0.0567221451858015 -0.0601811571296718 -0.269553027658664 0.0569222673721551
0.0428849333433058 -0.0721819939658181 -0.194796268562076 0.101907368318072
0.0450255878965536 -0.102434134832536 -0.119402552640912 0.139751168314814
0.0847664767688034 -0.10075697757514 -0.0764552696291265 0.167158528419133
0.114198030484268 -0.0731888829843505 -0.0296402731245589 0.174594966452744
0.15316414401048 -0.0144497751783964 -0.00925972189890453 0.218785416158269
0.136670126509646 0.036243913343074 -0.0304388198590941 0.270204651130055
0.106729107098937 0.0992915892831013 0.0113220001415957 0.279419300196821
0.0842922888087367 0.161628773560695 0.0508107764855536 0.279430357341509
0.027508127386767 0.261397505994095 -0.133826272272062 0.167952921575383
0.0103308186896934 0.208115065311616 0.007527425040527 -0.00909624324405841
0.0656413089860152 0.189481612586913 -0.0343581424120597 -0.22814646099944
0.130175222490754 0.165552729411988 -0.136417292266506 -0.273915676074628
0.175645555107062 0.0692071418043162 -0.262328265933898 -0.192260933586372
0.177822038467031 -0.0142216557285789 -0.289597181876341 -0.065800754919119
0.14426179032606 -0.0926599843786956 -0.236556618621217 0.0380777604422223
0.10875679881026 -0.114127998551981 -0.159448258146631 0.0674105989822497
0.108093444041086 -0.150177691313719 -0.0829972328690276 0.0987701178771753
0.160708100285701 -0.13275706220962 -0.0338785344208034 0.126486655738291
0.195140270272563 -0.0884723345677718 0.0199024025639304 0.151143969548038
0.254873927544941 0.00645641501247619 0.0244468179656829 0.209977421728575
0.227404920466862 0.107650940591612 -0.0241979570418379 0.253376472352381
0.145190483149913 0.213493060893584 0.00155397007136099 0.226693954899314
0.0792045292610794 0.296698856153654 0.0533452168183275 0.192598864042657
0.0103088030871263 0.357973729984265 -0.112547330905804 0.0397403015867047
0.0146234345816907 0.329890479312863 0.0297621549734441 -0.108450710449104
0.124820481626535 0.304906964177274 -0.0338696256665769 -0.293760954784907
0.225319351038041 0.23228106409149 -0.142699380653417 -0.300830921217621
0.258930800851159 0.086045139348513 -0.234387451747278 -0.182993510965072
0.248356114660069 -0.0190850692365222 -0.231988070926869 -0.0742051631808033
0.207018621535458 -0.117574056211051 -0.174746486489107 0.0113899601915495
0.156882149027769 -0.139067156616783 -0.100936065297828 0.023717035534956
0.156276890269822 -0.170951081021748 -0.0293955937006623 0.0465167667243151
0.21522553419425 -0.138055689583959 0.0218318112923241 0.074343146055887
0.247525878252848 -0.0815334525223673 0.0792116738084729 0.117701924222107
0.312977237399289 0.0338171873734032 0.0619549069900976 0.195654593850436
0.278567837292039 0.165600801067638 -0.017201186937162 0.231029417176974
0.155876051063449 0.295053653201541 -0.019979401310483 0.166540629474474
0.0565232769932341 0.385588944206324 0.04774061828352 0.0819651469927561
-0.00186030298216088 0.398759309429062 -0.0861146369053995 -0.101190608020063
0.0271955393136656 0.396392926343597 0.0426461319950931 -0.218153487143087
0.175589212413234 0.367268991085361 -0.0305879406896773 -0.342953642938449
0.294475026403908 0.254339457800058 -0.130705683997036 -0.309476045846161
0.306089374416079 0.0773777937470381 -0.178774425068858 -0.170288136922401
0.278319592449693 -0.0298831312655739 -0.149220384897076 -0.0881988263739569
0.234980722065501 -0.13097378517377 -0.0950317831731116 -0.0244106483559803
0.180719669616208 -0.143294168036251 -0.029769075532511 -0.0234322028363888
0.183236654394001 -0.162337910211506 0.0375121699557047 -0.00408447041762959
0.243589221942931 -0.113869041983271 0.0870124272529406 0.0251478121109708
0.267580954172915 -0.0465594145193024 0.139225261621836 0.0898328379130943
0.32024607557068 0.0788823957860565 0.095429921163833 0.179860916483358
0.275508111423899 0.214760877541976 -0.0121902808389982 0.202342457581033
0.127264329661869 0.339826353070925 -0.0404590932779366 0.101582674204214
0.0123815909531715 0.417797942948876 0.0462497717608727 -0.0359397527475701
-0.0118895234020194 0.370669237613356 -0.0619188854826957 -0.228329090885215
0.0348959362893479 0.386792109482503 0.0359752720886579 -0.312946416947047
0.191111343170928 0.356052190511548 -0.0293968351659724 -0.361226923299474
0.301921156501496 0.226775595749982 -0.10225721243804 -0.295082949956557
0.293887478510323 0.0538533443510111 -0.101940985021637 -0.15868155477185
0.26018510523183 -0.0358356862012222 -0.0572472277653123 -0.110758524648441
0.2243702651113 -0.123000040981456 -0.0122091787028631 -0.066054403143398
0.176923838255592 -0.12478071382335 0.0453109120805519 -0.0652563947431414
0.185442209617077 -0.128216254240397 0.110594837172737 -0.0415039538428649
0.238578899517101 -0.0678763422453543 0.156565597424192 -0.00242105670192208
0.24866469378847 0.00481578229314162 0.195219823811398 0.0823978303433275
0.277434016262135 0.12667993006886 0.120285399485702 0.172350624174882
0.220198934363941 0.244180100183064 -0.00501795760295507 0.171706039076553
0.0657946418531314 0.338534646771111 -0.046971170298529 0.0390583432097605
-0.0427809237361556 0.388933038749846 0.0572469042687285 -0.144751851661048
-0.0257626564755816 0.276500190687143 -0.0457602031880016 -0.319415550963637
0.0261390300576342 0.302921050549914 0.0135921688344013 -0.371250172811461
0.157734012465785 0.274720346898496 -0.0233733123533753 -0.347471372224084
0.238680573544346 0.162939862766525 -0.0624889811015441 -0.266756507203848
0.221655193302916 0.0306025122704633 -0.0254412227213379 -0.156485164277327
0.196377596973477 -0.0276420335725603 0.0242126474197403 -0.137513778726364
0.177513238328694 -0.0896479214669618 0.0580684227299099 -0.105938501530681
0.145496280504342 -0.0881091533057183 0.111599045517238 -0.0955687465301875
0.157646575526943 -0.0789660943585716 0.180349074531054 -0.0600054112543385
0.196431221470899 -0.0219367769527453 0.219779756398478 -0.0023933679179585
0.193431239196153 0.0440195210728865 0.237595743964882 0.10045711349421
0.198500917472822 0.14543872429156 0.13289976634624 0.176766946492943
0.1370566883954 0.231724090615006 0.00587162594030396 0.145340027848873
-0.000615281646493191 0.289540883898822 -0.032714904645835 -0.0122356334070084
-0.0907721809675508 0.304721132331931 0.0833933309437669 -0.229270251147493
-0.0482077952223982 0.136076442155968 -0.0344643021374362 -0.356566698764223
-0.00579392615812839 0.168683116581091 -0.00919108953993837 -0.383026243966461
0.0803605051210691 0.154349021010202 -0.00865217901907743 -0.315204025793599
0.123154010102446 0.0887175305867465 -0.0231096801341511 -0.241701855359427
0.111042847750336 0.0212327599472751 0.0276717328642754 -0.162438283437074
0.104125294536326 -0.00114267026497464 0.0761304727478455 -0.160742366473959
0.107405685619878 -0.0350584434847423 0.103875757111253 -0.135500891124137
0.0930703380855058 -0.0382743246524479 0.159434200811931 -0.108692488322783
0.100917491707526 -0.0295804790959644 0.234508201053629 -0.0602096076875911
0.121723534880063 0.00593450732879406 0.266438913696724 0.0196572974729235
0.115036135184449 0.0461672656716664 0.258762316408694 0.133971906634329
0.112738207604327 0.112983672406216 0.136279250629656 0.189918281533942
0.0628254901820474 0.171130449222492 0.0213106034201026 0.131544043551636
-0.0425366259216433 0.19571153973882 -0.00553023056721919 -0.0400406283767513
-0.111221583905402 0.179154173142196 0.115077531877552 -0.280117801640001
0.0543194068047094 -0.0247978478471135 -0.0829641520776172 0.332938307050622
0.01703344294606 -0.0717373932927578 0.0253658885618278 0.107413732559115
-0.0231075957540466 -0.0719188561602582 -0.0170343095510555 -0.129432092081586
-0.0344590310047592 -0.0279009456427587 -0.131032690034649 -0.207295649009564
-0.0147023518734419 -0.0224052184221035 -0.279571404445592 -0.157603001207779
-0.0193581355508891 -0.0237540121447303 -0.321587079178913 -0.011616407489543
-0.0385159315066549 -0.0184042453437137 -0.266924821205057 0.0912021401645676
-0.0306030230549881 -0.0190124597974213 -0.195891389149661 0.139995696529668
-0.0317967671543081 -0.0374849909612235 -0.123899889340883 0.171901549542115
-0.0142526044737947 -0.056281589476589 -0.0843361280478482 0.196811824169795
0.00570686669951741 -0.0558449403347656 -0.0451459214364974 0.191362153483917
0.0229254197407911 -0.0517834625681374 -0.0111942851272559 0.227132459284189
0.0265677255156524 -0.0606523379959512 -0.0117446303219463 0.290601659044975
0.0591926605827268 -0.0441163936959505 0.0276114813147445 0.320539425399237
0.0790381152683363 -0.00661682873089975 0.0657908609193693 0.326857899534984
0.056060778983518 0.126690508853222 -0.113979432587221 0.275413486505025
0.022588805882338 0.067879748249604 0.00619103278466634 0.0654295308662343
0.0265702337666552 0.0552139140213618 -0.0402688572642715 -0.168238274511653
0.0514334173168245 0.0664507716495671 -0.14517057171336 -0.234206376275099
0.0851181919732484 0.0200275804844117 -0.285081460104282 -0.173258363267111
0.0839819466726165 -0.0268797978273838 -0.322673585148926 -0.0304965224539455
0.0533698540368792 -0.0648937458124742 -0.266385765886095 0.076058479668389
0.0374050835745652 -0.0767138746304856 -0.189414773588717 0.119173147149403
0.0369031207691408 -0.107003360527748 -0.109569905425599 0.150277105671553
0.0765137717477163 -0.108230224433218 -0.0624076781632637 0.175206353800212
0.109452065629775 -0.0824034779470318 -0.0166449196411664 0.178225732307154
0.154371257367584 -0.028184891819515 0.00760056932151656 0.221614764827184
0.141154150825311 0.0256433053946012 -0.00852733154150328 0.275888096989907
0.115649586793364 0.0933671649181435 0.0331460559512524 0.281142490605842
0.0967955769899368 0.157236892741738 0.0741509120609147 0.27965659225093
0.0483227683754419 0.261234891312675 -0.120524756844364 0.176865851842514
0.0270636833061819 0.210136648659061 0.0101645468744742 -0.0106374124497546
0.0836947984096196 0.187490569062242 -0.0513273882796783 -0.229654968830603
0.14869060924931 0.155207930498453 -0.160452179319561 -0.267462343738821
0.184156228966841 0.0539239538897303 -0.278177198147055 -0.175723121759929
0.179327952779137 -0.0309869924739109 -0.296155486611624 -0.0444152275101071
0.137584569571477 -0.104447699589181 -0.232817684593403 0.053449571406762
0.0998601475595719 -0.124125337642608 -0.156660860616826 0.0810751952608663
0.0965357327747563 -0.160935867155326 -0.0759994436955413 0.105857775494791
0.150709052943274 -0.147368640853633 -0.0221785761518894 0.130913031995972
0.190260591569738 -0.104816433670038 0.0319047216248756 0.149522643292101
0.25832028521033 -0.0155702841146179 0.0414131103018767 0.209847691637894
0.238207804714016 0.0904682128602187 -0.00232744123637731 0.259137398309371
0.16358086522797 0.204948520072696 0.0198336888410528 0.229900614188563
0.103574220810631 0.294055320335026 0.0700627747757483 0.191819958036159
0.0389487757783824 0.358811855007801 -0.110353766826817 0.0464404799310777
0.0407655379649515 0.331343089041148 0.0239726931561063 -0.111723733484
0.152600346376345 0.299442844140663 -0.0551147674239975 -0.296098322144165
0.25041900334732 0.216377418805221 -0.167515189981227 -0.293917224991096
0.269618926886622 0.065104314786985 -0.249560721830876 -0.168981154493932
0.250235399699666 -0.0422869877354968 -0.239397130548526 -0.0582232275951281
0.19776270756684 -0.13553268369699 -0.171716946788113 0.021348732658784
0.145428023238441 -0.153824119915535 -0.101437844936765 0.0317233435021576
0.142399111097289 -0.185750664439838 -0.0260405464761211 0.0485253548132956
0.205282152152467 -0.158474208642521 0.0293688157766134 0.0733733661457783
0.244567857931592 -0.101972433156064 0.0896295955031508 0.111423478146926
0.320081023386727 0.00653437997765524 0.0787182272910438 0.191503009141718
0.295125399694065 0.144339595119391 0.00245410178865105 0.23566989689077
0.1816976959428 0.285789618868148 -0.00750875487254051 0.170677991768914
0.0889657312024061 0.385028931633664 0.0552282389034761 0.080477774593451
0.0304373378202007 0.399692882453914 -0.0939403543735335 -0.0964830195076307
0.0590051030366298 0.39852012644793 0.0279253047336797 -0.222318877143977
0.208438806325435 0.358002661867479 -0.0558950355086026 -0.346050119412871
0.320726284870146 0.232337351931104 -0.155868041535087 -0.302630366107568
0.315977710986718 0.0536179332592564 -0.191576663617557 -0.160393086579041
0.279924428905048 -0.0551091742346417 -0.157748303330276 -0.0791442969813417
0.223983768702897 -0.150173492512505 -0.0935056721532831 -0.021648978464884
0.168756924343565 -0.159886479192432 -0.0324999404729036 -0.0219032985717365
0.171465821145395 -0.178439941233724 0.0374502795662027 -0.00833315413493189
0.235482190407483 -0.135930324302465 0.0910668632797357 0.0190183563988523
0.267012411520117 -0.0686772098965593 0.149236147676993 0.0774814861167036
0.332145800861583 0.0512618834041116 0.111650539661302 0.172369031236433
0.295328793160606 0.19410003860685 0.00543995746553507 0.205904444264426
0.156006264207552 0.332126751598056 -0.0332009088684183 0.107089620508732
0.0466105330899733 0.42058267294381 0.043984884734905 -0.0381647141073016
0.018296866606302 0.370731488528432 -0.0796837544594272 -0.22679917591314
0.0665418068774576 0.387044077894817 0.0127993087299907 -0.317351061105563
0.222412322779519 0.343653411788406 -0.0564596342586489 -0.363868204504927
0.32580236012303 0.204400763441939 -0.125501453953435 -0.290133850562277
0.300329695082266 0.0314125690578676 -0.114041185903185 -0.155503365905588
0.260119753772027 -0.058666012367208 -0.0667575114261316 -0.1093601742284
0.213502938724065 -0.140756116044392 -0.0136639614186611 -0.0694208422805857
0.165987164807111 -0.141221077300004 0.0396332305546436 -0.0704204798599401
0.175934977816297 -0.144424660496551 0.108382803896165 -0.0522472267972845
0.234006207264981 -0.0892791361813283 0.158965597174332 -0.0140261473040011
0.251906586720512 -0.0144916316571799 0.204996396024463 0.0664434520950559
0.291254064969358 0.104254052514667 0.135849455867704 0.163323020239117
0.24133880397585 0.228333253484663 0.00954301256604038 0.174149205035222
0.0938665822113539 0.336058976697616 -0.0454955125082543 0.0443091334118483
-0.0102681487638668 0.395914838411682 0.0462530581535506 -0.149344542589742
-0.00316172727660005 0.278501629360668 -0.0704295334328615 -0.319306265533729
0.0496972403561962 0.302472188606351 -0.0145235381049564 -0.374454283484564
0.181721309037268 0.263829025025669 -0.0491512115616653 -0.349709469393351
0.255095069302922 0.144368602818571 -0.083491731686129 -0.265109132885787
0.225413344705272 0.0150034795671977 -0.0370377778726293 -0.158720976373883
0.196025917029092 -0.0444042723301437 0.0127699764265898 -0.142781807907343
0.168718963610077 -0.103988815189824 0.0533767759492841 -0.114260423384053
0.138085548757298 -0.100916929623679 0.105148621256099 -0.105794772188856
0.151703712160512 -0.0928776469024791 0.178079041070156 -0.0762506126289942
0.195586953002052 -0.0391576274887535 0.222297669172863 -0.0191082781079761
0.199332611027057 0.028507248076905 0.248526451944047 0.0814050629416563
0.213294819977256 0.129428051678242 0.149594434559668 0.167294988827352
0.156892690749411 0.222021062825348 0.0171661817306451 0.146824496685372
0.0214547759463854 0.290363142414056 -0.0351438029086268 -0.00804699371837213
-0.0646019707998895 0.313873028006183 0.0646985580677178 -0.236719015120897
-0.0368322040620896 0.139625591090064 -0.0629173053168263 -0.358236330312491
0.00779707698134666 0.169591364379718 -0.0391021354890417 -0.385013836019511
0.0933429844519593 0.148661758711746 -0.0317725336129233 -0.317304570967459
0.13097452048429 0.0791055268935044 -0.0428619064534857 -0.242180477504622
0.112157010261407 0.0133948286282063 0.0154358586914411 -0.167935178438572
0.105467157451663 -0.00904421373022069 0.062434469398504 -0.16995762168535
0.103745253629951 -0.043207727121457 0.0955512381748989 -0.146449447824571
0.0899206049031983 -0.046797310329275 0.152522764033554 -0.12273683381891
0.0988691156428153 -0.0378008493580674 0.232355318138369 -0.0804710683418189
0.122321709862329 -0.00452777906347812 0.270124570625816 0.000566628060389588
0.119417697011802 0.0372958162919935 0.273121616840554 0.114314806874954
0.123114872969642 0.104402388009875 0.153732164716406 0.181425464656947
0.0766939138023227 0.167146104514679 0.0316729131099923 0.131598223483638
-0.0290570043093497 0.199178939264951 -0.0105892854467315 -0.0382916679228943
-0.0957012508019677 0.188866953989885 0.0925737038882659 -0.289499316828047
0.0510318640398225 -0.0258712054683682 -0.0541821013843772 0.329447901751048
0.0118818181667466 -0.0696410922211559 0.0358716748712865 0.100593674756271
-0.0269328080633576 -0.068164298524895 -0.0281623120441101 -0.126877715920827
-0.0346626448522432 -0.0261282650683864 -0.146585701363085 -0.193902887358513
-0.0163951366533248 -0.023056740969433 -0.286862836792044 -0.131953912559274
-0.020283482743485 -0.0226796149939254 -0.315580560486773 0.0153285556269627
-0.0379488129739683 -0.0137647007805175 -0.254034181371178 0.111515641419434
-0.0310553401959131 -0.0166351465121584 -0.181170542234462 0.154239227077725
-0.0340140001929149 -0.0342914114309612 -0.106364520205143 0.179574844726966
-0.018468589226884 -0.053536778723265 -0.0649291864353341 0.200502287543397
0.000909555422888608 -0.055196042782061 -0.0291471293445341 0.19251885965131
0.0187270357295609 -0.0540214976236435 0.00652080991159684 0.224800398993684
0.0210584442667487 -0.0617324904634362 0.0131621833205201 0.287233502189676
0.0545837669431065 -0.0463254617690529 0.0526812535871884 0.312131518316424
0.0742858160901924 -0.0118415822839888 0.0919774222316112 0.317766313026981
0.0656722656727181 0.120736533482657 -0.0884091128501947 0.275219641664568
0.0286464538129232 0.0663869505137912 0.0137293553915746 0.0614586070877031
0.0331871584629157 0.0527555496068328 -0.0533979291574476 -0.163613147791495
0.0586475449888703 0.0593087157848553 -0.162394649797395 -0.218897632320292
0.0863626674306998 0.0105441562143643 -0.293219310261381 -0.14690269308385
0.08004594852411 -0.0362098770268072 -0.318400099543672 -0.00365731235849314
0.046617894011922 -0.0672112282547922 -0.253293598063824 0.0952517448640549
0.0302387458590537 -0.0787969918463473 -0.17712443622237 0.133436218981595
0.0269822440402424 -0.108940346817978 -0.0945522436635109 0.155969311315808
0.0660876749110881 -0.1131575460216 -0.0452071674597965 0.176541487676597
0.100279490632798 -0.0901883204497273 -0.00208481119651466 0.177248901419683
0.149818031069057 -0.042396484573893 0.0255709496241406 0.217003569029946
0.14011167819565 0.0135895083726734 0.0168015398252757 0.272563786319626
0.121431580978729 0.0839077164515604 0.0557649547476201 0.27352125612481
0.106458137263333 0.147111735877477 0.0969824318477506 0.269381365164699
0.0690629873717513 0.252667294624555 -0.104119358401079 0.179565000178109
0.0449186762694566 0.206089637809612 0.0120803545092141 -0.0123611178139897
0.101192107056383 0.178507185290683 -0.0687612763886857 -0.223750051259856
0.162005465865414 0.138351035886721 -0.179148211321856 -0.250614713289326
0.187358939030891 0.0360057410698832 -0.286924553372153 -0.151048135321646
0.173653389369272 -0.048144158165431 -0.292695786110611 -0.0206738534608841
0.125263099402838 -0.113425347333732 -0.221794211923432 0.0682963760404859
0.0862432574299195 -0.130609692734191 -0.147650278890804 0.0932104760444353
0.0804796294182868 -0.166071674293382 -0.0650805495107234 0.109348718737297
0.134631783427425 -0.158583263745525 -0.00928728015932695 0.129781961241184
0.178678023125797 -0.118845071141529 0.0432908273032313 0.144095113043996
0.253261330664988 -0.0395131698582072 0.0581107865461857 0.202002981020092
0.241822085175799 0.0689647220110216 0.0218766950940177 0.254721305610117
0.17764666566432 0.188031407174285 0.0387879421974699 0.224780631380133
0.126474815178796 0.279739553368341 0.0851037219440211 0.184038114980435
0.0685451868486893 0.347513739865333 -0.104300163960601 0.0516918258984076
0.0684592713869548 0.323493473906001 0.0175320324670384 -0.112035961362624
0.17780749027969 0.281536446968531 -0.0771882969501602 -0.28866102293815
0.267555503229004 0.189083302245996 -0.188273255498895 -0.275909664952866
0.271512704593267 0.0400340055354689 -0.257399504155679 -0.1473731957256
0.242224375341977 -0.065313580653423 -0.239291192989137 -0.0384147106700707
0.181280949269119 -0.149749000809145 -0.164050113583563 0.0300243795445285
0.127699854121322 -0.163110202568926 -0.0979582207165135 0.0400941237823618
0.123217096496264 -0.194946152471937 -0.0216940828520291 0.0493270934917229
0.1871709720639 -0.174169182418507 0.0367686550279591 0.0692660746386552
0.231742489179126 -0.120209662003452 0.0968807751884089 0.100301054573648
0.315547123365336 -0.0230886015092274 0.0935843261826218 0.18073804795348
0.301877177501331 0.116888284162167 0.02432693119122 0.231425443027916
0.20284794649749 0.265640572238368 0.00767390780611355 0.169090887700812
0.120172276965867 0.370650506515532 0.0623699740556893 0.0759330335797574
0.0629577545109426 0.387441346280051 -0.0992981613748124 -0.0886579962641999
0.0912927603890181 0.385309297547564 0.0121307365369092 -0.220310759197355
0.237357344863451 0.333978886775445 -0.0821282916310733 -0.337482223159824
0.33723879553314 0.199482430917454 -0.177249827241836 -0.285613882263274
0.315113081324949 0.0258994076229585 -0.200198845788663 -0.14408509374593
0.270405978327199 -0.0803941602651588 -0.161719779389459 -0.0660982024829368
0.205537527343249 -0.165035892477926 -0.0904060745283304 -0.0188665042658919
0.150327806183724 -0.171321346360524 -0.0350059758472896 -0.0182454461243762
0.151761479311431 -0.190735047981263 0.0355154275727975 -0.0113665460394544
0.218182101153432 -0.15536687944215 0.0925423735161638 0.0112143934755018
0.256975574387391 -0.0889672638100135 0.152611205199009 0.0622552249803162
0.330702471160529 0.0201757296996571 0.12487728872023 0.159129336177813
0.306833577480835 0.165116677163658 0.0242770587840117 0.201576725708189
0.180904964173345 0.312653692814128 -0.0238626937979726 0.108968815567065
0.0836327640828287 0.408145474996801 0.0404934281583094 -0.0395659325796076
0.0494278308480906 0.360357467655146 -0.0958266946396411 -0.217727230235018
0.0971410462809157 0.373731586332587 -0.0116508116851819 -0.311679730153307
0.248631318680448 0.318850119639905 -0.083254565798959 -0.354215633393877
0.337922428342452 0.171983846563141 -0.146354552014189 -0.274880676501758
0.298051275119599 0.00632630561112848 -0.123916845367256 -0.146234578017812
0.250755514436988 -0.0814220310779253 -0.0752964246452349 -0.102834351095588
0.194875819826411 -0.154923002934777 -0.0159597964590164 -0.0721998395154847
0.148354849694705 -0.153315800021782 0.0328927409747712 -0.0720708061229519
0.15945396348379 -0.157270713455924 0.102034761997272 -0.0614745063240409
0.22124237725901 -0.109208595580597 0.15578567836723 -0.027412040702602
0.24758134166607 -0.0358366145065047 0.206604916621102 0.0458960550851355
0.29607073658761 0.0752818024256728 0.147960703796034 0.148119197927775
0.256277655907316 0.203316768751423 0.0248070460868364 0.170690311990948
0.119970333799596 0.321414020182084 -0.0410952755513941 0.048600145868502
0.0253165725864341 0.38823587792368 0.0323316419043745 -0.147713413684105
0.0211893610980247 0.271211564720856 -0.0943187108125468 -0.308268185253396
0.0742396643931127 0.291601605998862 -0.0443687456645434 -0.364893905301222
0.201184614584117 0.244498623909422 -0.0762931565410512 -0.341293711925671
0.262976023002392 0.119832188110014 -0.103737125215042 -0.253041646068049
0.221692004023563 -0.003359195913023 -0.0492614413128001 -0.154093050306464
0.188811260468773 -0.0607401546421899 -0.000573744182842952 -0.142273347957588
0.155232217417161 -0.115494174599203 0.0455011113648049 -0.120552614002858
0.125184910821095 -0.11135357393569 0.0942953129471749 -0.113097448247
0.140574487102799 -0.104283712918677 0.16828602538638 -0.0906814893503432
0.187551931056242 -0.0562478554120114 0.217512813626865 -0.0368179316449324
0.198399375025072 0.0116983411372373 0.251185404092132 0.0574918401309378
0.22122240187484 0.107597360255304 0.161709309610237 0.151581718167413
0.173092778926746 0.20434887833355 0.0303647504213044 0.143245315301326
0.0445055848579435 0.282720806339395 -0.0356846520110805 -0.00332952730017554
-0.0343466917055759 0.312447802190295 0.0425603494968008 -0.234885120728239
-0.0230370903947253 0.138535465681378 -0.0895765681993842 -0.347393781595262
0.0210285425564779 0.165060955970145 -0.0694565865832946 -0.372949980109188
0.103658700686675 0.137989366050819 -0.0566837523609391 -0.310336674419837
0.135387345768321 0.0670015984828827 -0.062014534460203 -0.233214477678654
0.109653132568268 0.00538568641812234 0.00180323696851169 -0.167736917886452
0.102518403245593 -0.0169679238566114 0.0461679617749503 -0.173335046226457
0.095938388507616 -0.0509034602674583 0.0840697348302797 -0.153105783397587
0.0821155470773688 -0.0535522978027776 0.139645165177238 -0.134044089560432
0.0931162871105012 -0.0456227458304291 0.221238846046623 -0.0998755785007303
0.118327902320369 -0.0156503902066597 0.26599357763453 -0.0218420749015222
0.12034855624799 0.0272843216203318 0.278717165618873 0.0891885748721916
0.130125543786753 0.0911986214973058 0.166171974534718 0.165216669147038
0.0882916493406029 0.157320677479015 0.0426704674981336 0.127128886699596
-0.0125561414113447 0.196875955697631 -0.0146078295773047 -0.0351593257833402
-0.0755637383078501 0.192173516463866 0.0655678281423457 -0.289034625810861
0.047625884845217 -0.0249604647259178 -0.0321326446226611 0.315374577459147
0.00861618305603121 -0.0663708006414352 0.0416942278572887 0.0914940449880853
-0.0280554952814954 -0.0635508977461591 -0.0361056112701885 -0.121706694998257
-0.0342849335009692 -0.0243458122004064 -0.153610728336177 -0.177176173342019
-0.0173431724012236 -0.0230302913766307 -0.284131757500186 -0.109230705123355
-0.0206773731963091 -0.021717666516191 -0.301079768354986 0.033891577386336
-0.0355573586758072 -0.0106547203184335 -0.237710244163558 0.123291825068113
-0.0302373287465419 -0.0139303147715539 -0.165561865205477 0.161121771235221
-0.0340721722914255 -0.030969030442361 -0.0909541138531668 0.179404379932325
-0.0206104767295413 -0.0497560509580826 -0.0490479647814068 0.197756401747941
-0.00304245064422705 -0.0526599543335967 -0.0165549043434033 0.188466239244959
0.0148061981903312 -0.0548110031171455 0.0195355362543113 0.216572459706348
0.0164634489191002 -0.0601148010502373 0.0324015754416154 0.275976396286336
0.0498029128454033 -0.0459781810119703 0.0695501214042017 0.29632735737295
0.0684584874585014 -0.0147915967196769 0.109278631635564 0.301171731665148
0.0706775803847875 0.113582305260177 -0.0695187020955992 0.266525007700676
0.0334248004186909 0.0635602077025534 0.0189176635545401 0.0557929416191386
0.0375401776576182 0.0487251460484248 -0.0619237903541856 -0.154974275192201
0.0620758001012091 0.0508436637662719 -0.170147208952877 -0.201739827074449
0.0841965893442955 0.00254220470220853 -0.291135095480851 -0.124816597194826
0.0754060747391301 -0.0419560692012578 -0.305453134199917 0.015797927267418
0.0418090067131688 -0.0679695983320081 -0.238315561578072 0.105970060871444
0.0238658711431936 -0.0778976464945639 -0.162623635436055 0.140689435221531
0.0184596299652337 -0.106489255043066 -0.0808479487812991 0.156028635537745
0.0563934973737555 -0.112975414603678 -0.0308075991020345 0.172702656655848
0.0912759858683142 -0.0928247815633201 0.00892494689552475 0.170828416483587
0.141408751765607 -0.0521998808275235 0.037630980177762 0.207585351062773
0.135956479646845 0.00479112434839051 0.0350222042149065 0.260990363143888
0.122549527837492 0.0739228213385332 0.0706143468258083 0.259846358421343
0.110756999038802 0.135496286652082 0.111309785141693 0.254430706679874
0.0824747023319935 0.237733417541119 -0.0895761430280193 0.176387107345948
0.05717771524244 0.196637808894102 0.0136615071709358 -0.0144835009369645
0.111403083528578 0.165235353605154 -0.0801677535329657 -0.212387950663129
0.167573525830181 0.120264847988169 -0.188598278328595 -0.231266565041005
0.183489953056179 0.0214131089550834 -0.28542422605006 -0.12941872711143
0.163856887574958 -0.0607627117348504 -0.283291711025153 -0.0019965777717055
0.113608923288629 -0.117778152742232 -0.208929741776421 0.0752667624376184
0.073830219222019 -0.131346628583554 -0.136531021613205 0.0997867856801891
0.0654090172050461 -0.165399665719735 -0.0563052797920333 0.108935986134947
0.119105738735598 -0.161419717406496 0.000832903176608474 0.124708202947795
0.164823312951241 -0.125608034588297 0.0502961048311506 0.135533903134808
0.241065993675477 -0.0569101486745886 0.0685853685911461 0.191070158471671
0.237247972058198 0.051037886918683 0.0390831017566056 0.243447064866734
0.184375661392535 0.170803784125624 0.0517785365963378 0.213598842425588
0.139779890426848 0.261535853577528 0.0946507959964854 0.17255134478035
0.0873048938457601 0.328998776850691 -0.0969185846196988 0.053842651258614
0.0869858464393024 0.307847306767371 0.0127057704926052 -0.109653193329441
0.192035914410929 0.260052504079607 -0.0923632438404917 -0.275103977185174
0.271429737550723 0.161734365191772 -0.197804171938318 -0.254548694840497
0.266240820455677 0.0199877796894175 -0.256923043771305 -0.128898134542107
0.228138730396443 -0.0809129973207682 -0.233191493704794 -0.0229503687258756
0.164513849169926 -0.154926761426568 -0.155031403250853 0.0336347426239794
0.111228463605434 -0.165031305044574 -0.092381321046441 0.0450269349870553
0.104252583865784 -0.195903908715885 -0.0178284462636479 0.0484025315372261
0.167320264281849 -0.180179382403244 0.0405369709540345 0.0632755365959423
0.215988436778761 -0.131441240386281 0.0983513602535773 0.089782125798105
0.302983485189736 -0.0444031104292074 0.101521023104207 0.167278722916627
0.298695636298576 0.0935057445388332 0.0400903899468677 0.220883762253878
0.212016737065731 0.242895857504482 0.017845737298207 0.1631095955596
0.140761700083646 0.348580030471784 0.0654507998140052 0.0700889746152078
0.0846931727220659 0.366612448214924 -0.1003250817767 -0.0814791304887698
0.113457917040391 0.366201488318737 0.00138980150986949 -0.213012178180883
0.252262862637147 0.30621048702902 -0.100005315438013 -0.321277156819805
0.339664097324917 0.168839660672017 -0.1883805018395 -0.265586906811887
0.306782407276904 0.00443678983345277 -0.201342922809789 -0.129398293663078
0.255697171545487 -0.0970561708898282 -0.160715433680056 -0.0549046283554404
0.185800954127847 -0.171997061236632 -0.0871143100087065 -0.0182958198211602
0.131595604140359 -0.173970287722057 -0.0343052990649038 -0.0150158101004461
0.131890032723461 -0.193611693560025 0.0333995084037239 -0.0136361084876515
0.198858242555489 -0.16488241170764 0.0900515297417987 0.00437314143216541
0.242749341304172 -0.103135941782832 0.149928164020618 0.0489401130255788
0.320466154737474 -0.00432969493027954 0.130229840215986 0.14466691756036
0.306478707333399 0.139051939942046 0.0377337369652765 0.192912306823874
0.194786826585539 0.289318566826305 -0.0156460089840432 0.107592779047873
0.108231100231307 0.38660947805888 0.0372992112512077 -0.0390321697642351
0.0696307616163932 0.340887185049611 -0.104410409987553 -0.204704422421492
0.117423936527649 0.353297785344378 -0.0276560024029887 -0.297983105514846
0.261270950249484 0.290453012995852 -0.102087536772878 -0.337842677648122
0.338253028958042 0.142885090959332 -0.158583609540675 -0.256217245924752
0.28857822285142 -0.0117528458343172 -0.128205688218866 -0.135351790951733
0.235882606947188 -0.0959050683142803 -0.079984569836047 -0.0956639452575527
0.1756783444072 -0.160939369875584 -0.0182323385295088 -0.0738746704041996
0.131316379790706 -0.156324081406982 0.0272046452729965 -0.0715546621124479
0.14209722226878 -0.162299053073056 0.0937657668854898 -0.0661291813063414
0.203966180962101 -0.120780285609025 0.14894474124869 -0.0365361544184313
0.23719857556867 -0.0506075758083599 0.200857769361629 0.0295111563980629
0.290855732370678 0.0506466683910552 0.151464150448525 0.132095522476546
0.260897094883699 0.178649810543342 0.0360907074684003 0.162633511859392
0.135930536453049 0.301178100194204 -0.0370793314935888 0.0508634517523346
0.051629234561224 0.370233415264519 0.0220113512996845 -0.14256101782895
0.0383977630949462 0.257127613159885 -0.108813401150914 -0.29246559994059
0.0892166703081176 0.275506454217451 -0.0635248176744509 -0.34746097582647
0.20894027965395 0.221177985305953 -0.0938380465382134 -0.324456921256844
0.261793833467744 0.0981204086383499 -0.115302005850946 -0.237142877007207
0.21366065746379 -0.0153975257714568 -0.0568516073288081 -0.147175342784868
0.177924018912447 -0.0715539801095044 -0.0105098739268002 -0.138625059830837
0.14034030900184 -0.119883976841956 0.037455415625586 -0.12307431702828
0.1111157811478 -0.114538142157171 0.0840161014140683 -0.114715313256593
0.127106523033481 -0.109800357015589 0.155925819120835 -0.0991360937885692
0.175406778673515 -0.0673601286895373 0.208038301728967 -0.0491820941867938
0.192924498498443 -0.00124243485440667 0.245317678139147 0.0373744291975408
0.220522401464529 0.0875322597207322 0.165675259093386 0.135380358893308
0.179814181329401 0.185034995306827 0.0385729239069087 0.135746057520679
0.0607806335977303 0.268523957743812 -0.035790507974234 0.000439509316822589
-0.0109067558956605 0.301570438598292 0.0262328236417184 -0.226315258775463
-0.0125444556038857 0.132983537920739 -0.106411854855575 -0.329582417746445
0.0298002540539389 0.157255215626333 -0.0885522013764849 -0.353176266215746
0.108101985318661 0.126016372495185 -0.0729125759610169 -0.295669664549285
0.133591921239498 0.0555250293911668 -0.0742875028129711 -0.220495787930431
0.105412225797543 -0.000238961464210845 -0.00857858866489161 -0.162870143277562
0.0975068265927887 -0.0230347204799431 0.0324339866724996 -0.171060060830076
0.0879760862269488 -0.0536389748455902 0.0733079584267486 -0.154587703454652
0.0746399026564838 -0.0564109062860964 0.126129845655044 -0.137685367013013
0.0860118544609067 -0.0497677396386494 0.205945533837869 -0.110681887128026
0.111743102252261 -0.0233302835656074 0.255558865557492 -0.0364286316026881
0.117755548981026 0.018747923158979 0.273869864845318 0.066534610368671
0.131315701527302 0.0782159195210383 0.171008208692859 0.1488519700407
0.0949169790740296 0.144853772253306 0.0490504461226551 0.120170159063545
-0.000557712468122279 0.189318167945285 -0.0177667164648667 -0.03150923771216
-0.0586875280771085 0.188633574749916 0.0436748697420988 -0.279244536862714
0.0459967009408828 -0.0237339535023588 -0.0204932907564676 0.302799207755736
0.00752611139303622 -0.0636721189228071 0.0443785329271718 0.0843144305008643
-0.0282787146880606 -0.0606139748659837 -0.0404260963424679 -0.116076655243704
-0.0340069519582835 -0.0240579659001493 -0.156103587784794 -0.165113603239841
-0.018319535246745 -0.0234113006502188 -0.278426897310766 -0.0948605687237152
-0.0208790255274998 -0.0211524496861587 -0.288941561056455 0.0434522130674824
-0.0331308661844527 -0.00911913698420433 -0.226086906291135 0.128549728142434
-0.0293008487567926 -0.0124698288957792 -0.154675280287187 0.163479785872648
-0.0340341105049822 -0.0285284651659566 -0.0811311479172027 0.17654882194308
-0.0218827776891005 -0.0471344416505494 -0.0392751287578337 0.193192821592741
-0.00500542680071329 -0.0514404324714663 -0.0092863909932945 0.184769143878208
0.0121425728005577 -0.0547722376962269 0.0264651702281969 0.209333434940969
0.0139515470556228 -0.058213136854813 0.0429211536609943 0.264577574068227
0.0468860280253353 -0.0450170443053635 0.077752500897181 0.283700610403254
0.0642236826872481 -0.0154384268356962 0.116912612148637 0.288309762584755
0.0735513564644672 0.107188386321153 -0.0583940456589926 0.258087577461321
0.036249664735178 0.061565481443887 0.0211571377308459 0.0511317366728612
0.0408568020196088 0.0455424844682617 -0.0664331090161411 -0.148516818362782
0.0634565502638679 0.0444108816849158 -0.172975396280277 -0.18930751930269
0.081857825472628 -0.00227904140656474 -0.286390735508557 -0.110461614534585
0.0708313919926566 -0.0457533353923358 -0.29443631837561 0.0263233121593303
0.0385613904998712 -0.0675055186655046 -0.22659796917787 0.109730056794025
0.0202261941917995 -0.0762525449986178 -0.152200735718716 0.143020857278477
0.0135666276989919 -0.103916113464478 -0.0729032546471965 0.153352197366569
0.0495777033551267 -0.111785024020817 -0.0229881674394697 0.16798718379397
0.0847427021162881 -0.093818567929514 0.0141559903269973 0.166208084857363
0.134364504106458 -0.0574617688975945 0.0441234677275863 0.200289384893516
0.132195229180915 -0.000193228589667966 0.0452308714941308 0.250819087078839
0.122521494629714 0.0678789327528077 0.0776120188983085 0.248686883331306
0.111298396115113 0.127887358998794 0.117445172438195 0.242986719133435
0.0888533705572055 0.22638867072289 -0.0812147790096762 0.171469985203785
0.0638165791065719 0.189536208219095 0.0144613684075009 -0.0159803950423776
0.117241889538668 0.155101800918212 -0.0866778892774509 -0.203114109375365
0.169198518099124 0.10759305009741 -0.191975298472753 -0.217998255335834
0.179577259902519 0.0109849766391122 -0.281460959250173 -0.116319950338263
0.155250676386601 -0.067327130067667 -0.274085326740215 0.00835167915107935
0.10558202664963 -0.118365354945072 -0.20002729241045 0.0781162267204946
0.0654157106430945 -0.129771047234671 -0.129156293134268 0.102186320913709
0.0560118957494555 -0.163098788323106 -0.0500701783393917 0.107766574768595
0.108301517605126 -0.161180047472641 0.00610420807217161 0.120334526730123
0.155361834900149 -0.12808122035032 0.0533152345370219 0.129476640104241
0.230230242856681 -0.0662837866418528 0.0737507381060436 0.182532941891728
0.232163410719332 0.0406438058408813 0.0485058574587289 0.23384274479352
0.185544937134079 0.158581424324183 0.0579939752691867 0.205609712852491
0.144931216776007 0.248711270438492 0.098426990601348 0.163897024675496
0.0964708527722253 0.312821479107036 -0.0918711816434964 0.0541865682968524
0.0971249238636187 0.295623573317516 0.0110253849929503 -0.107590364646563
0.198774498408216 0.243821375170996 -0.0999167467527456 -0.263138527567957
0.271788464838469 0.14475401770895 -0.201794292883959 -0.240556359596831
0.259242403567717 0.00806878485863902 -0.253856347101875 -0.117058259063078
0.21769058912567 -0.0905666461441852 -0.22669434122077 -0.0138420492425787
0.153150271191044 -0.155827325544537 -0.149954058657615 0.0337132843114283
0.100314429641634 -0.163514432077246 -0.0870555183992206 0.0477500662388505
0.091866445933217 -0.193732321778495 -0.0156708513016875 0.0473938375090757
0.153957643020657 -0.181836812056659 0.0424738025409041 0.0594516745343102
0.205023791552152 -0.136222371164271 0.0976177476516955 0.082341168718228
0.29064716049671 -0.0575454925547218 0.104504741210828 0.158385800930098
0.293782118279235 0.078440363222106 0.04947664133233 0.211625307197583
0.216361724995051 0.227204046956117 0.0236693860575235 0.157895651289501
0.150575205892365 0.331768894040613 0.066618147794449 0.0664577528825069
0.0956666680248267 0.349218945412681 -0.0994402253245872 -0.0768528634717231
0.124292107625545 0.350501911679478 -0.00440667053986753 -0.2066515947776
0.258124506888922 0.286130842787667 -0.108827510106694 -0.308566167597365
0.337075475685184 0.148816624737208 -0.192108225784831 -0.249458436481838
0.298199228198386 -0.00831911720577045 -0.200367209954423 -0.119175009820002
0.242345516274188 -0.10615756699319 -0.157738014988283 -0.0469840447994853
0.172378712199943 -0.172596915738058 -0.0858260308157396 -0.0199724999834748
0.118684160879458 -0.172356957139981 -0.0335981398716649 -0.0133019145664578
0.118760920443115 -0.192678729717388 0.0312339580797489 -0.014490033757679
0.183801776360042 -0.168477591714311 0.0886195329958808 0.000262773542932599
0.232302553494614 -0.110260880830428 0.145681203747457 0.0405318854639023
0.309730594896625 -0.0197796821928042 0.131666759423715 0.134903751547245
0.30346812581101 0.122378003279123 0.0459478536010678 0.185185407129025
0.20045521564143 0.273047669617575 -0.0112452443688263 0.106042117673395
0.121969685372383 0.368949534878307 0.0348288871870864 -0.0375124737774808
0.0808606694527126 0.324952009427178 -0.107846927830159 -0.196116850692584
0.128124521003699 0.337332447874034 -0.0356375128530883 -0.288083575910609
0.265564570502815 0.27039439332056 -0.111847382096847 -0.323673837531806
0.334294819443419 0.122794018541649 -0.16263903321615 -0.242287891313691
0.279574660002862 -0.0229910314739807 -0.129668272516385 -0.127500635462025
0.224368123315668 -0.103813451764438 -0.0814206787673244 -0.0901644712992209
0.163246906828838 -0.161542430101425 -0.0213974577073374 -0.0765552105104926
0.119026325494261 -0.155296452792872 0.024578909958403 -0.0701957912191047
0.129282395080503 -0.162142948821174 0.087815233468728 -0.0673344441093994
0.191462686797557 -0.126236162598383 0.143396580216067 -0.0406912319338404
0.228303928300968 -0.0592069344952504 0.195282956523181 0.0195667171110791
0.283457534565758 0.0359122343228567 0.152417163685907 0.122269504911347
0.259436514310616 0.162681055446874 0.0423182836697188 0.156162494614312
0.143563201781499 0.28569470438942 -0.0341830033209234 0.0525761923506601
0.0668819815079537 0.355187546593869 0.0165634807890388 -0.136647772031675
0.0460002543539543 0.245549628432839 -0.114910001071924 -0.279849743399742
0.0969628809393515 0.263481746737352 -0.0715446653449338 -0.333996816351626
0.211657142330961 0.206094709449407 -0.103051301294655 -0.311698302504413
0.257590342152885 0.0843745056137648 -0.119710842468741 -0.224852177855964
0.206383487189387 -0.0223653986120199 -0.0609259301954172 -0.141779681818527
0.168683525718807 -0.0766405603477122 -0.0161753768006785 -0.134211094315686
0.129530232649757 -0.120187688643134 0.0323687704604861 -0.125045210069979
0.10150232322997 -0.114745663396842 0.0774556313416462 -0.114706127107422
0.117221561604744 -0.110706775513108 0.146292210903796 -0.101706374666857
0.165439820360286 -0.0729747181619808 0.200049820408338 -0.0556974130797699
0.187361099486726 -0.00962339951230712 0.238267128854813 0.0262083101146558
0.216995447393047 0.0743588961680108 0.165581382696662 0.124794570695272
0.180497742572351 0.171905962748818 0.0433112207298415 0.13039817355074
0.0692610701230188 0.257090431184463 -0.035311042557071 0.00367205449191831
0.00368157903731482 0.289604670449505 0.0172745404314461 -0.217277587118534
-0.00690289290467878 0.127236334897067 -0.114473946436531 -0.316600099419946
0.034695077568939 0.150576469545283 -0.0978557041251552 -0.337565018184052
0.108724394474343 0.117621932324535 -0.0817325667854371 -0.283756942284865
0.131829944581056 0.0497200621633209 -0.0798249549746128 -0.208734181331766
0.101932825098418 -0.00276191843478528 -0.0145316364380288 -0.15737414147157
0.0934779673208878 -0.0257090670332731 0.0238858366545698 -0.167769910465176
0.0819072495174324 -0.0541852027255199 0.0660731201586922 -0.155527495086379
0.0678571624213461 -0.0565005554430729 0.118002122437115 -0.138580966231772
0.0801947330447924 -0.0515288436066239 0.194950180135361 -0.114868789570473
0.105833608355537 -0.0273105899570495 0.246441072609707 -0.0453070430111591
0.114627823489555 0.0135984216649203 0.266819964247628 0.0536675890308118
0.129687228759596 0.0693826991740333 0.171292060819591 0.138561518684575
0.0966767351786531 0.136051331602206 0.0522254831608511 0.115468047929179
0.00609341585939147 0.181589800904564 -0.0199426332206697 -0.027380349640885
-0.0477954639643856 0.182524222284418 0.0316654253734307 -0.267937623146287
0.0395363264589369 -0.0296896666112775 0.0458598079860252 0.307267041390823
-0.00374184973193142 -0.0619192731876282 0.064250768522461 0.0717929362818518
-0.0386721198339643 -0.0519441521886704 -0.063376921186471 -0.110081207658753
-0.0405224016034306 -0.0154918088607915 -0.188022332520393 -0.133628426953259
-0.0264177667015796 -0.0164738943503453 -0.293608549247342 -0.0368854671040072
-0.024632287604987 -0.0129933386238666 -0.273355855573787 0.0993459154002586
-0.0325477800009579 0.000677275886118342 -0.193770004565044 0.168688463137147
-0.029651044221883 -0.00563060743350117 -0.116136252202451 0.192518872116733
-0.0384291313878628 -0.0189498226461951 -0.0418104250244132 0.192973920357408
-0.031092906770712 -0.039119081393401 0.00582135251533394 0.201062581806541
-0.0155536767100534 -0.0446985876267645 0.0333800662543948 0.186578516280875
-0.00300521111727222 -0.0516033550805727 0.075026489672713 0.203334839518778
-0.000381716780095603 -0.0538821646299071 0.104878932925176 0.253796276531517
0.0335458243821561 -0.0487508214328559 0.141268257642268 0.266349951106853
0.0578399202930538 -0.0218743002592216 0.175290457371834 0.263554348659605
0.0901596269023178 0.0865643852743926 -0.0050992993702245 0.277312684075296
0.0496207132858082 0.0496028298682472 0.0319739951864737 0.0480097668229254
0.048897974442663 0.0322735615611145 -0.0986924505486723 -0.126863613248215
0.0664352135966758 0.0253013527407742 -0.212022695791786 -0.144529804289809
0.0726610875315954 -0.0190939882964414 -0.301685271853809 -0.0445672373115668
0.0569434573890593 -0.0554733758140294 -0.278200778941782 0.0873149869753111
0.0208891142313711 -0.0708718166479018 -0.193436310951569 0.153588926103441
0.00404964183606936 -0.0757808727044226 -0.117263855853397 0.172168932542811
-0.00922282599543922 -0.0996810311667186 -0.0394537319079397 0.168800239684037
0.0236207700375758 -0.115374554494801 0.0160781023575529 0.174930498095163
0.0607381106893234 -0.102524446435726 0.0525870224422175 0.163476849121458
0.111952481630098 -0.0801797564068555 0.0893892284891173 0.192188245107735
0.122859730969781 -0.0247270426449953 0.101644204766876 0.243369426913213
0.131031362277089 0.0424631548581147 0.127953286331916 0.229429554354731
0.134867772815804 0.105083789240162 0.159130886256337 0.213213365168464
0.127410871701867 0.192408458855886 -0.0502597972173234 0.201667029650346
0.102606063031533 0.164552342621818 0.00695568374393169 -0.0124740803742233
0.143773172170349 0.117648134264361 -0.131991773148984 -0.166656756787784
0.179063838470002 0.0593161320093829 -0.236695582048471 -0.158853223174493
0.168687591976422 -0.0269779613682223 -0.293867769643102 -0.0460980984010484
0.132602992303406 -0.0943415578190589 -0.258301868079051 0.068651017881026
0.0719197216139698 -0.133612462127483 -0.169384391793164 0.119399219397393
0.037023994612772 -0.134404166842397 -0.102929335661364 0.127059038467962
0.019027189333027 -0.163879705341128 -0.028405259193821 0.119860180238201
0.068284900087986 -0.174985788775053 0.0339818447616689 0.122733918645802
0.120134272781718 -0.149000004904468 0.0826813659896925 0.119341042984418
0.202148180273379 -0.108235159342946 0.11423051642307 0.170279533506556
0.225452596909245 -0.00759784395913755 0.098747835273928 0.229213327888267
0.212220518799076 0.114774025080059 0.0924541079283685 0.189526808356779
0.194610566441239 0.211555300890002 0.117314102001684 0.135397118219075
0.151023982324007 0.270688270993122 -0.0898555157299325 0.0903196520714237
0.155591756861662 0.257105600825291 -0.019288394415057 -0.0984091220807557
0.238685621579519 0.182101675164737 -0.159945354334812 -0.213360267744137
0.283826539525493 0.0704178969456865 -0.250354492802799 -0.171148419971554
0.244147829698369 -0.0477698205485961 -0.263045360163984 -0.0479361244002462
0.186411613889413 -0.129394075226265 -0.21327397814074 0.0394352990143452
0.107429043773776 -0.179616712997293 -0.125924819929117 0.068361653921647
0.0625014961211683 -0.173733929765379 -0.0734284524074853 0.0653685754133456
0.0468055931088118 -0.200810480982828 -0.00736320448685415 0.0538329985819457
0.108017033527833 -0.203747553284425 0.0565249825598204 0.0552158953427489
0.166370170522247 -0.167791004824502 0.115740920894211 0.0642712860172008
0.261083791990522 -0.112928250274887 0.138236432281568 0.140793349212765
0.291045508490199 0.0149875283952642 0.0922797260742332 0.20942042442771
0.255974816539637 0.17236913616488 0.044550974645313 0.149212356982437
0.21895144014733 0.288684020784519 0.0625400407417177 0.0421718655374167
0.157428618788535 0.304053783516475 -0.127451660676363 -0.0371303138070816
0.191564620099975 0.302863151921615 -0.0569150769280382 -0.191039717754061
0.302828915812323 0.208276253606927 -0.17753226262009 -0.250200288325457
0.345576252079958 0.0586931515603721 -0.239934060011628 -0.176602258058554
0.278141893654501 -0.0715599629626906 -0.207689901723873 -0.0612924811223741
0.206174875601588 -0.150270390886105 -0.151240592007613 -0.0068620926295532
0.121343384162361 -0.199840624716089 -0.0730477912946666 0.00343846457855169
0.0783015925726372 -0.186393657478186 -0.0340019676929633 -0.00548972139429038
0.0715428711610228 -0.205450471851952 0.0260425375681634 -0.0179064256527082
0.140798172085333 -0.197852493295507 0.0878814646256438 -0.0131824639094019
0.197412986444792 -0.148839004847433 0.15320901488191 0.0116208842173633
0.287519808446851 -0.0809521891129177 0.158490144757319 0.111183490015197
0.30907219618905 0.0531085434342585 0.0802113180620882 0.184157891854533
0.250979118192367 0.217335560378632 -0.00381567642383615 0.103449434549782
0.199966830749442 0.328860797544097 0.00908104239570261 -0.0564192346132098
0.13878852359964 0.283143350442085 -0.160514859856364 -0.156841388981687
0.190795176704806 0.289364080708459 -0.104772079128921 -0.265736013155262
0.305568992338898 0.19273248697901 -0.182469042364216 -0.265042216089945
0.335808812554125 0.0364646515600758 -0.207102819502417 -0.17596317803926
0.257712564604751 -0.0815911040370426 -0.140170487449396 -0.0855785219181383
0.189802168186299 -0.145101191972611 -0.0860139890810556 -0.0654314974237178
0.115116729025063 -0.187916541125447 -0.0224133933046287 -0.065472229888127
0.0817061595409351 -0.170194178188638 0.0100874476804689 -0.0733484099566127
0.0887645150807569 -0.179398591732097 0.0700780521922917 -0.0827506706327339
0.156387259673913 -0.158876610060049 0.132217999420984 -0.0671976648602536
0.204764724019245 -0.100169233256158 0.195982162047201 -0.0211523319260385
0.275252511168745 -0.0232428146221853 0.175359501799487 0.0924144979501787
0.276927889520437 0.0992664854020984 0.0683892922944041 0.154374909365892
0.199685453650544 0.241256064923817 -0.0375190043248397 0.0537971505329899
0.143231693392812 0.324577000941549 -0.0272316383744514 -0.15057368699373
0.0919022847175168 0.21679058393199 -0.183531212774809 -0.244755626062342
0.144829617793665 0.226390669755664 -0.149545332229257 -0.30573850000976
0.240453085778209 0.144496185036378 -0.169955929625497 -0.260965971636389
0.256759120636388 0.0185226321679953 -0.161387771728317 -0.174475768995403
0.18848455494008 -0.0654440313769026 -0.0784585966182566 -0.117872032303343
0.142304026981468 -0.108239300264898 -0.0348615477618477 -0.123609316694781
0.0930945887567516 -0.142183980603835 0.016952078907768 -0.124664287624908
0.0727945547204788 -0.128121877814586 0.0523247972859534 -0.127887621279134
0.0880431983481187 -0.12872800682056 0.121440875760564 -0.130531819889024
0.143004371915157 -0.103565319663064 0.184930586368849 -0.095087919792115
0.176303320440217 -0.0450349906809323 0.239897155757141 -0.0252538902168657
0.219842809100682 0.0276928906103263 0.188678689400465 0.0900440045628807
0.204270256540554 0.124534377018084 0.0636977590361569 0.126282975311863
0.122139404183349 0.229576727191874 -0.0454541148916775 0.00546955457999983
0.0693244410392986 0.274496010747036 -0.0385137947352058 -0.229683756350285
0.0190455883995226 0.117016958937164 -0.188180307553025 -0.288724045121156
0.062092894431257 0.134233831525715 -0.173888164176496 -0.310344000197475
0.125005681703118 0.0857983587554248 -0.143430570185736 -0.250000592165766
0.131341428946459 0.0157864681209688 -0.120027827804471 -0.177594065664746
0.0936089339362549 -0.0240372685309074 -0.0417073806089454 -0.147310756399607
0.0808265211515524 -0.0443610471388977 -0.00764223298806556 -0.166236282345422
0.0632927796535005 -0.0699937678538793 0.0386925896008586 -0.162606281636541
0.0527955600965243 -0.0672975179251217 0.0860652879174664 -0.159558003260254
0.0661456068131116 -0.0654348077663305 0.165580624976841 -0.154469636066749
0.0962770156304995 -0.0471454313126462 0.233961978276114 -0.0969810533736253
0.112896991601784 -0.00826909575704143 0.275535500785586 -0.00587315907678605
0.136504321238139 0.0415289241139864 0.198438996641778 0.100510129867007
0.117971569413265 0.108876433559653 0.0710218663489303 0.105425883239119
0.0447529251520373 0.171572588359533 -0.031498985715836 -0.0273726098857127
-0.00366611487625688 0.181687789530059 -0.0289047181035126 -0.278937937758458
0.0397934293213295 -0.0305079762282468 0.0564604022883597 0.307143824639209
-0.00505620518808316 -0.0624437404408126 0.067372163412096 0.0681291971683805
-0.0400314038221831 -0.0526714842444422 -0.0675728395139965 -0.107478841472749
-0.0412357797761929 -0.0155354537085432 -0.195190078827597 -0.127196709739711
-0.02897080425402 -0.0162824886425937 -0.297400253436867 -0.0265032943407284
-0.0252503444374024 -0.0132526114584076 -0.271188948251158 0.110627071962818
-0.0313621770462751 0.00126380568133052 -0.188921598690465 0.17827790526173
-0.029231930759645 -0.00491045070223316 -0.110019131479919 0.200407395434889
-0.03909978113036 -0.0173885231655962 -0.0349552213837989 0.19687313928747
-0.0327498010062851 -0.0380111628726121 0.013812233347852 0.202775392429694
-0.0176627010639781 -0.0441196962995785 0.0417208928192886 0.188199818996801
-0.00591752099457851 -0.0528108919999258 0.083812144814159 0.202551735177399
-0.00207188377035335 -0.0535570630927165 0.116106501167454 0.250857551272981
0.0322952408865192 -0.0496527029871392 0.152210525623111 0.262754527182936
0.0569315635856522 -0.0226734241922833 0.186442227223639 0.260334340826632
0.094487501304139 0.0828983262695231 0.00381206123854223 0.278462513516799
0.0531695284581327 0.0481725436418703 0.0341688266281633 0.0454459617964491
0.0524489993973464 0.0279068385750026 -0.103897164972182 -0.122508734576351
0.0684573779292968 0.0206781467875912 -0.218983183657554 -0.13696538176441
0.0724953512967976 -0.0234356974460906 -0.306717987140167 -0.0337351140962831
0.0544276514664959 -0.0598267312022793 -0.277642430368479 0.0991510890125987
0.0192568042147538 -0.072850686792013 -0.189834536643812 0.16191239853784
0.00161798481771536 -0.0767042784622181 -0.112302155160724 0.179902235926495
-0.0137635613079759 -0.0997047793606805 -0.0337341106320893 0.172940659407719
0.018746538297677 -0.11773289281035 0.0235330320845873 0.175613063113814
0.0574672653678586 -0.106545337749982 0.0590176417942271 0.164678297337894
0.109255289426847 -0.0866797718090362 0.0981490842001453 0.191373388632382
0.123845791761034 -0.0293523495846072 0.112638915577841 0.2405159265284
0.135004399399897 0.0382266576491342 0.136196630793097 0.226404472311809
0.140927022987293 0.101675479402909 0.168108547997946 0.210783494319378
0.135018475204014 0.18826004422248 -0.044435523107817 0.204328907300247
0.111587059604984 0.161510203656764 0.00724309872017197 -0.0147224253868095
0.151913495081437 0.110828962470995 -0.13897611161458 -0.161702404461846
0.18428635438966 0.0496764051217272 -0.244893623861415 -0.150859945582472
0.169578761665037 -0.0359743689850915 -0.299962476509497 -0.0351006706799174
0.128652389506501 -0.102954329238478 -0.257638196472649 0.0798583486819815
0.0675118465744909 -0.137891270281789 -0.168543034853957 0.126551351132282
0.0323523454498386 -0.1374586262535 -0.0991672755665593 0.133377914428023
0.0114044043892558 -0.165354486615936 -0.0239368776876299 0.122465825837358
0.0615950875521965 -0.17973527066368 0.0391934388612565 0.122177190970153
0.115924524645144 -0.156838922029155 0.0873411425121123 0.118197459722177
0.198017265880111 -0.118946026359116 0.122382027358117 0.168265610364896
0.228059683654219 -0.0169562587824304 0.109794912880036 0.226482962220802
0.219013385718809 0.107531740282068 0.100691742379047 0.188494034233053
0.205805729647452 0.20559099795758 0.123938090022702 0.133140434662114
0.161607273434136 0.265993659946205 -0.0878001271915246 0.0935289556038268
0.168519028007406 0.253322484440069 -0.0217208767070311 -0.100603693620088
0.250387632414349 0.171961339552773 -0.168848399439367 -0.208196047472184
0.2899157709483 0.0566210434338736 -0.258592304397237 -0.162099586415386
0.245336018746795 -0.0601272889091822 -0.268422578784272 -0.0390364716439873
0.181993184177893 -0.140136544813238 -0.213331433991536 0.0484348206393961
0.100960091866075 -0.186051210955015 -0.127193262557296 0.0717106845851451
0.0559452926139074 -0.177518281429493 -0.071477854475477 0.0696526954694285
0.0376017986293743 -0.203490795619592 -0.00497924538941956 0.0551349160705565
0.0999402860003994 -0.211382278727753 0.0591408723333612 0.0530526461194661
0.161219009620716 -0.176513569262914 0.118388655133448 0.0604592817350975
0.257966347861124 -0.126291711227351 0.145898862130454 0.136907241985255
0.295767859857816 0.00236247949739379 0.102348846995139 0.207419479819447
0.266508507333907 0.163720785102209 0.0510293871262901 0.149498504520903
0.233718899376246 0.281649650773239 0.0647149453115301 0.0415699200592147
0.16874659629491 0.298766308278747 -0.130273449519914 -0.034597008838518
0.206111286194142 0.297603109341618 -0.0633677179138053 -0.191674401262917
0.316124174887249 0.196544421705424 -0.188467654306315 -0.244471115392793
0.352449742325694 0.0430786262094591 -0.248406809083596 -0.168711937359654
0.279490008819308 -0.0857738691711404 -0.213177729473804 -0.0542558379774945
0.201424073900526 -0.161506174598765 -0.152732955579943 -0.000417251259312634
0.114143221775399 -0.206313796454372 -0.0764017563560735 0.00369418737985532
0.0705049812054773 -0.190065551090592 -0.0344514580889738 -0.00442947246611225
0.0627080621481147 -0.209178435608108 0.0258932231120118 -0.0184675573601177
0.132176936195478 -0.205763054769768 0.0886878657817452 -0.017037452878741
0.193626441902872 -0.160059581711204 0.153176023912299 0.00597511640530361
0.286232665724216 -0.0955478123545207 0.165127000956834 0.10612818522111
0.315877083669636 0.0398054651990734 0.0885351678095608 0.182385168024688
0.262940593587084 0.208858463586221 0.000552103468134663 0.106465412018638
0.216940280766101 0.32171981986132 0.007525549436872 -0.0556795557310758
0.149834498470858 0.27842719919661 -0.168471725591168 -0.154660937457938
0.204944930870923 0.284093678337149 -0.114989452217657 -0.264698525876066
0.316908280249998 0.180205916372773 -0.194285612569218 -0.25902340327877
0.342205630699838 0.0217301881443462 -0.214785496792245 -0.169647913553218
0.25799221430344 -0.0935607818903969 -0.144487453096208 -0.0814277450815862
0.185390836883944 -0.154575371252977 -0.089507483188644 -0.0623922850905002
0.108237241167175 -0.193466760620848 -0.0278024383503542 -0.0686279907600973
0.0749116613603178 -0.173434063307296 0.00753310844546084 -0.0759544887915114
0.0803606551226582 -0.183548764110468 0.0678607456575798 -0.0861162275331983
0.149708076621434 -0.166940219289996 0.130803348749829 -0.0736338699674831
0.203228954624634 -0.111116271820355 0.195403003316444 -0.0284800066384422
0.276046671654785 -0.0367848468121153 0.181010954871436 0.0870243197842444
0.283971290427896 0.0885586901750817 0.0762074042187725 0.153066314620033
0.211644479674291 0.235430813194461 -0.0349617757057749 0.0578312847012164
0.160352053090107 0.319647849195819 -0.0326393129687997 -0.149812291270913
0.100078889283122 0.212452668976689 -0.194296709720454 -0.242169005322083
0.155704233808047 0.221722794147622 -0.161528732423307 -0.302844689651684
0.248683584805681 0.135656667242262 -0.18199490131605 -0.256086659574633
0.259767400835637 0.00807343777694373 -0.168630347055436 -0.169370436495719
0.189113583768533 -0.0732823653267778 -0.083541750650223 -0.116209157291221
0.139143190091708 -0.115170201690639 -0.040120791960397 -0.123528573814577
0.0877989380412537 -0.146192129319869 0.00992247387253937 -0.129883265378503
0.0675012506612015 -0.131301053262671 0.0482726823736606 -0.131837658896664
0.0824006206086004 -0.133010467126326 0.117149874690138 -0.136303793177761
0.139000673037727 -0.110715934241075 0.183338053860362 -0.103737325815364
0.176803843036888 -0.0538908175077443 0.239510162995653 -0.0353312368397604
0.222499372435777 0.0171532100673175 0.194755475450436 0.0837389937586678
0.211791451747337 0.11689636148929 0.0697115289044591 0.125211651981913
0.1317995271881 0.226202050800677 -0.045056565468494 0.00989359533803606
0.0819108127263666 0.271811502942541 -0.0471772412851898 -0.228103318316853
0.0231597892359068 0.116473439506812 -0.200268877387881 -0.286261271438278
0.068303125319106 0.133039312895186 -0.186942880579177 -0.305780665451417
0.129206699494125 0.0821886446779414 -0.154578535049322 -0.246557791182014
0.133200691031844 0.0107940418498789 -0.126450515020167 -0.174398755259376
0.0946300026115614 -0.0273185883137356 -0.0472620423352184 -0.147634916025513
0.0803106741825053 -0.0478112210979234 -0.014675287546547 -0.168140550754409
0.0610321949768048 -0.0725855778125273 0.0317280200218205 -0.169233827098496
0.0495714949218525 -0.0689434595275581 0.081118510384447 -0.166399687487052
0.0629068256661081 -0.0682233958042307 0.161630272832351 -0.162692387211924
0.0940371292638592 -0.0516001842665522 0.232519381526068 -0.107394330673342
0.114069720498181 -0.013202005550611 0.276809792990418 -0.0174227914702799
0.138250419750979 0.0349957646422358 0.20540142121567 0.0946398139436138
0.122833108944909 0.105122164884128 0.0761115316905059 0.104530375446541
0.0516037341917582 0.170207006655545 -0.0328522723421505 -0.023668454003332
0.00472324411569191 0.181701061114241 -0.0387237982919679 -0.27858371558167
0.0395533396023105 -0.0330056719847178 0.0771235874844201 0.30512967319403
-0.00797142909714762 -0.0629190202796721 0.0730094084410234 0.0634666659515606
-0.0436621900698817 -0.0522973439335378 -0.0751725057179639 -0.102887689410183
-0.042965507348094 -0.0136657887126105 -0.204475226652734 -0.114433901107026
-0.0317165414630819 -0.014324489550276 -0.30297511484013 -0.00692551587651908
-0.0273397147762121 -0.0126614417615713 -0.266488993961249 0.128850803506095
-0.0306313851749689 0.00239417852069265 -0.177739308238959 0.194225881947884
-0.0294014618463293 -0.00387089084278295 -0.0969739084507612 0.212104599074008
-0.0405924888964275 -0.015466495378569 -0.0221554364106177 0.202889130252743
-0.0355640601856637 -0.0360389130449852 0.0285696731314417 0.204444859947823
-0.0209159377460355 -0.0432748666649036 0.0554515478610754 0.188468386580611
-0.0110162171062762 -0.0527297739857258 0.0991009235775775 0.19945990510336
-0.00513573191726934 -0.053647435066068 0.134825150242619 0.244726821384899
0.0309443928338463 -0.0520051252561017 0.170053471573261 0.255361753899581
0.0559296216575097 -0.0253056936628689 0.206174978821859 0.252131151106111
0.101049825456368 0.0775070978179117 0.0213081427481638 0.280244648607822
0.0584363595967996 0.044056439716952 0.0382475000707252 0.0424965900567824
0.0554768676876384 0.0220657832691789 -0.11220233554023 -0.115853512554713
0.0706265460986903 0.0136895904800864 -0.230516735339924 -0.123718168324114
0.0706587309305047 -0.0299681107567413 -0.312692917115627 -0.0135922520052399
0.0496343281082044 -0.0656103921476705 -0.272906602520378 0.118396022951558
0.0150795887087374 -0.0762376058735499 -0.181704432952155 0.177534619972631
-0.00335532743448182 -0.0775943698350885 -0.100880643998716 0.191078342492247
-0.0209621974637592 -0.0992893560893179 -0.0227892821248622 0.178091835989365
0.0105515946181092 -0.120625100592558 0.0357964105121965 0.175850636467323
0.050872060575912 -0.111760884147613 0.0709635321624668 0.162708969541956
0.10266852337012 -0.0955176159872383 0.11300461584501 0.187227903723908
0.123893763707924 -0.0379283503241116 0.131175532141408 0.234850520834487
0.140928837533833 0.029606798397108 0.152440979657735 0.219191012994859
0.150538217529836 0.0932839035970185 0.184070776190541 0.202889191897488
0.147958121386503 0.1808252749737 -0.0317620534250403 0.208287436308139
0.124047790693382 0.155332345685955 0.00755596274998783 -0.0168939609731103
0.162136471169274 0.0983624347857509 -0.150591733707225 -0.152148144532297
0.189860308030705 0.0341999021749954 -0.256493693960844 -0.135377349487419
0.168746180030927 -0.0503978975947365 -0.306005277164082 -0.0148724935982211
0.122144416847927 -0.114088528306936 -0.254650666119444 0.0980408086997804
0.0586362000901522 -0.145076587066731 -0.1633461280553 0.138698843822992
0.0231786207408845 -0.140658297934654 -0.0911427247935196 0.142996910044941
-0.000882897375450319 -0.167692431310182 -0.0158026882290755 0.126421096331778
0.0493609279012626 -0.186347392792622 0.0478108494180753 0.120251009398753
0.106394113012273 -0.167337564541237 0.0959649346530399 0.115020722890972
0.189975909166977 -0.13490307804224 0.136623033449821 0.162101040613304
0.230696751580947 -0.0332709525368707 0.127409771183538 0.220566389489039
0.231160961092456 0.0929600865323412 0.114303078147396 0.183754799896991
0.223471577924519 0.192741538777912 0.134429011869543 0.128047027089106
0.179954763416871 0.25709279498975 -0.0830009413453089 0.0987153512434611
0.188194806871654 0.243820875478183 -0.0274105080720996 -0.101896816894598
0.266511445131288 0.153514752128979 -0.18364950431499 -0.197344092315725
0.297843415920494 0.0342620594021224 -0.271392143353333 -0.146155864340508
0.24440434032237 -0.0805403696925244 -0.274575275084898 -0.021581142434681
0.172832961583426 -0.155911039826041 -0.211862242642991 0.0639889626832898
0.0887027115980137 -0.195229413739373 -0.126518862920129 0.0803630041412803
0.0443234229584952 -0.182405564297108 -0.0675665663602103 0.0750482002452111
0.0224068741235183 -0.207512165223598 -0.00130144102564364 0.0565172239763155
0.0849677042769741 -0.220963536394242 0.0631726703927631 0.0493719109203633
0.150686524131292 -0.191712073357289 0.122393077222651 0.0548870716923381
0.250450565364028 -0.147124991456328 0.157977716866602 0.129226463121961
0.300274897478125 -0.018700432580503 0.11848147924721 0.201248952101765
0.281977619715631 0.145905191671884 0.061847811704881 0.148824403339073
0.257504405382432 0.26644746154399 0.0681022719165293 0.0390127760598318
0.188833659794734 0.289907563807626 -0.134409388411063 -0.0274000005879336
0.230182819315637 0.285613511420996 -0.0760430125642937 -0.190218204216839
0.334477239300616 0.173216246979625 -0.205873418034795 -0.23278599177665
0.35959663679124 0.0161626811336188 -0.261736659559043 -0.153966624956855
0.277029819630889 -0.107850968056164 -0.219105517253119 -0.0401506389597472
0.191267007840737 -0.178848177184017 -0.153559184327364 0.0101940855707596
0.100561590124197 -0.216876208789577 -0.0806956531367956 0.00648944932972028
0.0586204891743396 -0.196531886637702 -0.0357086616783243 -0.0027526932601405
0.0472017223348926 -0.215060158262545 0.0248783233350504 -0.020315897331516
0.118461400162389 -0.218035582354403 0.0877511863645104 -0.024180118101794
0.185015305704556 -0.177403806437099 0.153545049767408 -0.00326811423544624
0.28131663901746 -0.117798906794542 0.176446423124183 0.0966135292465636
0.322515097768526 0.0173123833250005 0.103086964755139 0.177087890072418
0.281245745440329 0.191841617441449 0.00847924584148673 0.108839881375827
0.243074888915788 0.30700589234138 0.00436929562255053 -0.0553234074787534
0.168924672997295 0.271250550372804 -0.180552648186827 -0.145967667773002
0.227050111293522 0.272418745666279 -0.133674895902433 -0.259824248877453
0.334022526004059 0.157385735037602 -0.212708114818941 -0.247506027624386
0.347877859636069 -0.00355131704358075 -0.227197807498178 -0.156783490820289
0.255935701495615 -0.114345621587188 -0.151516210099219 -0.0726069493344531
0.175415988048077 -0.170395062989135 -0.0946689678213207 -0.0569542509392828
0.0951072307507821 -0.2022833016021 -0.036136124552864 -0.070015572526471
0.0630482621320341 -0.179562608019811 0.0022497449181861 -0.0782690185745385
0.0669337744493113 -0.190502803036242 0.0626183616431498 -0.0917719282192644
0.138053431853829 -0.179959448466623 0.126872581819252 -0.083383496140418
0.197949270564969 -0.128294807175023 0.193556144341315 -0.041748382255626
0.275432116291758 -0.0584384189895741 0.189949701183381 0.0766823795141263
0.294269217492444 0.0677334256265068 0.0873869058646479 0.149304795963995
0.230398392127532 0.222320071710914 -0.0300221707365632 0.062784062819126
0.185784943718598 0.308692921142705 -0.0427838189919017 -0.147747239739787
0.114688669473622 0.207261203202255 -0.212763269818415 -0.233540056261738
0.173010153261627 0.212290906871112 -0.183605037795389 -0.294705889750487
0.261996919600858 0.118650751349041 -0.200980209917475 -0.245507861208536
0.264375987029246 -0.011096691753779 -0.179759751596204 -0.159800645992335
0.187208934837379 -0.0883809540264416 -0.0915969339796094 -0.112024234086863
0.132333523508896 -0.126952197359045 -0.0487155387119139 -0.122772600227821
0.0783923978685878 -0.153324901135227 -0.00170236567922365 -0.135247108238155
0.0588505770764963 -0.13539980873987 0.0394408632691173 -0.139399366408364
0.0727056102291866 -0.139188243640006 0.108429149575988 -0.146396093884734
0.131324634700806 -0.121409273180558 0.177722352767636 -0.117814398010861
0.174988831429034 -0.0676258555169985 0.238065900371824 -0.0521692364102307
0.224995213836104 0.000569306159461705 0.20376803322246 0.0719338005505398
0.222682725295728 0.102344641426138 0.0787125081759153 0.121406736032468
0.148477578411881 0.218884862637286 -0.0442930453212515 0.0157136021064864
0.102910803503973 0.26616505289183 -0.0622963321129512 -0.225815737693909
0.0313187220432356 0.114538732738378 -0.221710780771805 -0.277775702835198
0.078249770313485 0.128527292026522 -0.208739383024887 -0.295553140197908
0.136625472700637 0.0733181970900142 -0.172426894759739 -0.23741197993473
0.13644952405133 0.00169882693152122 -0.138140083727519 -0.167466979708655
0.0948344015062748 -0.0334988953925085 -0.0564012937205812 -0.147037937445348
0.0782768787279534 -0.0542637274756222 -0.026471140689833 -0.169103011539166
0.0563040761199455 -0.0770209385714247 0.0191074039314533 -0.176052053480676
0.0449869959636428 -0.0723481310343845 0.0712632928349474 -0.175795574858094
0.0579855065602351 -0.0720345098560704 0.152108728323327 -0.176375325971783
0.090406927170156 -0.0577424253375811 0.227896750836632 -0.125536420191781
0.114356178008107 -0.0220291955328606 0.277504432733384 -0.0369026143543427
0.141502740475152 0.0252639065348791 0.214701819419662 0.081086387543132
0.131382747557867 0.0977352260498826 0.0839231657961388 0.100558374377385
0.0626531830447725 0.168116355552609 -0.0340240679694261 -0.0184204585511903
0.0181575626697101 0.18110277261485 -0.05742412717182 -0.277102215916268
0.036648193993663 -0.0361415362429742 0.101416583320149 0.291873694664992
-0.012817085894401 -0.0616927236185028 0.0771455112677275 0.0546209959428481
-0.0483427938429083 -0.0490834567056892 -0.0810095561147002 -0.0935451439216475
-0.0438734421934926 -0.0106041158138175 -0.210202531335396 -0.0945892529459975
-0.0329472960705022 -0.0115969906101429 -0.299007806309405 0.0192743875311802
-0.0289067655511149 -0.0106163558429405 -0.250652240559905 0.149753056826517
-0.0289704942541796 0.00270438613679597 -0.156741670204445 0.208001683935889
-0.0286112088839225 -0.00165207749742107 -0.0754530172895589 0.219112792164895
-0.0409095533420405 -0.0112911268335348 -0.0036995476740198 0.202385719571638
-0.0382108081187409 -0.0323889722081545 0.0462800899827367 0.198931182412598
-0.0243584943767093 -0.0404569229606901 0.0718852887645414 0.181193673149203
-0.0165180919067799 -0.0503975664327249 0.115208777387541 0.186767988360971
-0.00922512932533847 -0.0516005343245318 0.153694396970231 0.227643593804378
0.0266911091944748 -0.0534293948945982 0.187912993568787 0.235611615909119
0.0525102527444901 -0.0289899773215014 0.224845520771642 0.231659506995771
0.106007172994342 0.0669936795870626 0.0444249268821657 0.272753056082671
0.0619717217045917 0.0379663751136308 0.0419807776485318 0.0366180508886026
0.0565738679902415 0.0142627343122349 -0.118434237562198 -0.103174753275951
0.0706624448936765 0.00497133405090201 -0.236351800312604 -0.10135837818221
0.0661547064225238 -0.0370475103972935 -0.308748274158746 0.0144014803646693
0.0415339845257667 -0.0698040598905671 -0.257669073913548 0.14023469147805
0.00833995298970484 -0.0776522687346973 -0.163506193756415 0.190765923322583
-0.00953325691067214 -0.0765073895462817 -0.0827330353544169 0.198379280111706
-0.0300688974302684 -0.0951093372672001 -0.00551719620338991 0.178452956975648
-0.00085991239315184 -0.119276002412251 0.0507492239268737 0.169759537651866
0.0399197299084458 -0.114870735751955 0.0842421061143386 0.155463857079341
0.091298238148244 -0.102881934250174 0.128808041264407 0.173526741230098
0.119750037153368 -0.048416461079279 0.149545935482368 0.217299313943242
0.141863446836589 0.0163135553963455 0.168626102875667 0.202702495860353
0.156403746203756 0.0771484918762421 0.198667428057554 0.184690629663656
0.160091151596436 0.164737397649737 -0.0144746329481465 0.206484968698333
0.136472162081725 0.141322258751706 0.00638722467115878 -0.0189259840214998
0.168945188103101 0.0790174366310189 -0.159404652894903 -0.13547367126205
0.190198274262804 0.0141384717644973 -0.263133268759145 -0.110653868401272
0.161178325425761 -0.0667241594658038 -0.301679192570536 0.0117623250839281
0.107948494241861 -0.124882112053406 -0.240745677488977 0.119447219866968
0.0447478126058922 -0.149335476289659 -0.14961699389432 0.150848353188392
0.010414592695348 -0.140899840912576 -0.0766149205726744 0.149584469323516
-0.0160644613954305 -0.163329577881517 -0.00381532553118406 0.126834750783437
0.0306761100030453 -0.187721478054377 0.0575843956524903 0.113932073216841
0.088670584906452 -0.174864827243497 0.103614808733922 0.106103854921419
0.173237378325786 -0.150384237205398 0.150195352364745 0.146453731401961
0.224596721374691 -0.0542604346998474 0.144663256230673 0.203868107526319
0.23631730044532 0.0697096047060365 0.128625290059397 0.171450965284842
0.237907319870073 0.167400331863718 0.143263974562736 0.115710084970096
0.197506419303263 0.236120122509823 -0.0738107456976463 0.103866978137485
0.20693142424802 0.221710013520617 -0.0356013656796757 -0.0980816356694869
0.276749369245274 0.123366869683333 -0.195808927257756 -0.176022487938526
0.295955625457783 0.00384215355511103 -0.278445351037806 -0.119870317048221
0.233287598349168 -0.10364184954517 -0.271881693157152 0.00396626709302831
0.154603528199583 -0.170523063783115 -0.201590190738402 0.0817960473577553
0.0699647683263216 -0.200850779712962 -0.119574436499217 0.0897453364193473
0.0272145435398484 -0.183014249443005 -0.0601892666088352 0.0796602756362681
0.00196838453657314 -0.204696321382635 0.00449364598652501 0.0567431322484631
0.062412915885642 -0.225163074843736 0.0658990516553893 0.0428341233541398
0.13046230552751 -0.203537683878911 0.124446975029143 0.0444307081330287
0.231103196256482 -0.167890822352621 0.168372455861589 0.112408045007627
0.294801627638447 -0.0470414081714186 0.133960257919489 0.186510348943814
0.291501237236979 0.116664567813033 0.074283535364346 0.141978083633058
0.278492226289248 0.235389043093041 0.0706229919474668 0.0343669949696098
0.209483411865259 0.267968765765163 -0.135495513527249 -0.0160611060333211
0.252008048829362 0.259421484256953 -0.0911689764847873 -0.180284278573321
0.345003556230697 0.1370830674015 -0.221148586832601 -0.209317877179841
0.35477149107146 -0.0196255682024338 -0.269013875019748 -0.127777254319301
0.262908495186258 -0.133705799552401 -0.218659378532653 -0.020739232690653
0.170926741594279 -0.194592103923092 -0.149517528795985 0.0233303434351086
0.0792204310633834 -0.22197377390898 -0.0815737485984396 0.012512858282954
0.0398603266657076 -0.197354158966883 -0.035783407689521 -0.000306667957684931
0.0260375123860848 -0.213676281700918 0.022939379920227 -0.0223277243912253
0.0947301685122463 -0.225436472016102 0.0833023931795554 -0.0315221226254328
0.165383344575633 -0.192653341637178 0.149708953751504 -0.0153265674533542
0.264171271620358 -0.143475885183454 0.182700859161491 0.0797629738849166
0.319645840800157 -0.0138522432823324 0.117223710390776 0.164238251015636
0.294463583977806 0.162133164835172 0.0190961346317458 0.107174144545521
0.26831202483144 0.276555782133001 -0.00051177056316424 -0.0534000728453831
0.188337182401515 0.251361884270159 -0.191233560887025 -0.128923417643711
0.248051573358121 0.244922840981053 -0.15344974917891 -0.241989586334922
0.342739082999903 0.122639894306643 -0.229708204107356 -0.222827919164588
0.342346559231984 -0.0362391676805084 -0.23592265852391 -0.133914585066746
0.241717326341282 -0.136959265540536 -0.154734911034116 -0.0588655186393043
0.156718097591769 -0.184799804516939 -0.0971846343167188 -0.0487630424093671
0.0752914547631861 -0.20743403158918 -0.0447050707007561 -0.0672043593544064
0.0461660080089049 -0.180842452978171 -0.00516416428061748 -0.0785091539606068
0.047482961757726 -0.191533429726398 0.05369086772911 -0.0963076358215993
0.118524795024552 -0.190141835503762 0.116452283801115 -0.0940477256405725
0.183064929366226 -0.145986579611178 0.185328515014361 -0.0576042849645926
0.263783910416653 -0.0834032630490094 0.194803809328464 0.0582304264536519
0.295556407750319 0.0383697482530166 0.0989780674639594 0.138783393249052
0.246510044867433 0.196636464838225 -0.0230880909749995 0.0660869416260531
0.211261111084487 0.283075950635562 -0.0544588212083869 -0.139814362620244
0.129701012293618 0.192967338174544 -0.230508782736902 -0.212029542101118
0.189390627753559 0.192922360585564 -0.205334394977531 -0.272129280564034
0.268321502741332 0.0909607655044949 -0.217088763989245 -0.222597453628319
0.259503862487032 -0.0353633892621108 -0.189328091653764 -0.141351871819961
0.177380177772887 -0.104253355941653 -0.0996255758497284 -0.102916423263973
0.118919214887654 -0.136833501293763 -0.0586067988527714 -0.117173237382402
0.0630594315920599 -0.157249725163636 -0.0168640606704291 -0.135338813988627
0.0454865224472703 -0.13759879619752 0.026177143038404 -0.141757349174291
0.057851578741036 -0.142385079299851 0.093312568538516 -0.15441520951427
0.117206081773307 -0.130973102279212 0.163412707141167 -0.132029055034314
0.165815619206516 -0.0833855890368604 0.228165365568695 -0.0718756662757798
0.21962678695619 -0.0204093794082575 0.207372809954016 0.0528971116112229
0.227626613791718 0.0794432911993384 0.0885335941623755 0.112895792906037
0.164681421587787 0.200804556800193 -0.0406782788133848 0.021873024469801
0.126359431586921 0.248855086920957 -0.0809205077961202 -0.21494623045607
0.0405810708690906 0.109143495976549 -0.242608007874606 -0.255656167371297
0.0882641728799271 0.119244510771263 -0.230495496655786 -0.269742850682937
0.14198348682064 0.0594395381363292 -0.189732801326208 -0.217569641220513
0.135115432520386 -0.010889855173708 -0.149060805257258 -0.15214009792531
0.0920762011053642 -0.0409430181499973 -0.0680875686568955 -0.140304099107842
0.0725105445664185 -0.0604631115605048 -0.0412020499483107 -0.164502703126846
0.0480601720931111 -0.0801773355370521 0.000784076120160194 -0.17716106456255
0.0375326397215986 -0.0740628020269161 0.0539726226011376 -0.180819115147939
0.050425496831402 -0.0756159848806899 0.133281008609482 -0.187223462341373
0.0833226042358469 -0.064572181636344 0.212712252351499 -0.14401973657985
0.110681376558236 -0.0320718277619095 0.268497497134938 -0.0612275098278519
0.139954795146994 0.0117993924499015 0.218802639498083 0.0611731903185524
0.13696262201017 0.0830343889325877 0.0910178135424966 0.0921806008152653
0.0757277748646315 0.159243789059433 -0.0336938293125225 -0.0128444164651997
0.0351917499926686 0.173681643087042 -0.0798431745585702 -0.265320798850687
0.0326957573290904 -0.0372116615656314 0.116954077319407 0.267200225933312
-0.0162045318903855 -0.0580618136080975 0.0782263052970659 0.0448119672839362
-0.0503271803694191 -0.0430729761309612 -0.0815623164492993 -0.0818960987434167
-0.04279080770556 -0.00715768230243779 -0.205152976900533 -0.0736017886187641
-0.0330433125686109 -0.00789898807178186 -0.281194956834326 0.0412438811796555
-0.0291461554723907 -0.00830936864806987 -0.225264565972319 0.160382936648623
-0.026745106901294 0.00313276683127533 -0.131216421110493 0.209163559132536
-0.0270081016434048 -0.000189135305668627 -0.054056202370145 0.214543344661556
-0.0387659514224364 -0.00745776717148172 0.0125985664463384 0.193018827387714
-0.0381154945907711 -0.0273353184482822 0.0590893460114222 0.185146790353492
-0.026073169568376 -0.0366220361427664 0.0823577439835385 0.166255510878625
-0.0196169238891216 -0.0459197179633759 0.122832253402642 0.16703286580068
-0.011674932880927 -0.0478760306113082 0.162628438392689 0.202975069714471
0.0216320908927507 -0.0525078413704407 0.193908263106321 0.208341181342118
0.0471756678957541 -0.0306733934181326 0.229835477396494 0.203112652450317
0.105111376009898 0.0552147309111336 0.0614820350585371 0.253396299708989
0.0620747215434872 0.031262066527557 0.0427068390700874 0.0302828845068968
0.0539337617540309 0.00780298726452985 -0.117547335340625 -0.0882596383937939
0.0666833054881942 -0.0017533038685944 -0.229812186634842 -0.0776692105982713
0.059104398809247 -0.041214349520456 -0.291227046255116 0.0374970653972326
0.0329657076305664 -0.070546656326538 -0.232584824733139 0.151998498624097
0.00172297968999829 -0.0755240751613655 -0.139556380273803 0.194542700450219
-0.0144109835991155 -0.0723896063296118 -0.0620259035892164 0.1955484728682
-0.0350497561465706 -0.0872530147174402 0.00858720835710933 0.17038906777534
-0.0102943839123751 -0.113096648935057 0.0606371790327994 0.156747497362955
0.0285045348830595 -0.112391971019491 0.0918093154923638 0.141429153240922
0.0769553854582446 -0.104052679822538 0.135927694765558 0.153180637329369
0.110391587279956 -0.0561938668425061 0.157739910698834 0.193589056514505
0.135995623307798 0.00304085595021503 0.17369212836582 0.178966226275851
0.153058711573981 0.0604611889242 0.20215947722868 0.16121853476254
0.163805627329799 0.143508619399968 0.00105524063876334 0.195957585304407
0.140194315300655 0.122703465726204 0.00509632928473671 -0.0193828458905798
0.165577418220953 0.059470497590166 -0.158601572444567 -0.115578903960893
0.179967467437792 -0.00380638499596303 -0.25647597059991 -0.0850696448554973
0.147173271802297 -0.0776952720754754 -0.284330369572424 0.034610215478877
0.0908900434562254 -0.127631148932352 -0.21728079633255 0.131210911311927
0.0304222957076507 -0.145666208375261 -0.130633139381872 0.155147369334273
-0.000375714728265334 -0.134289364110744 -0.0609243041598349 0.148288162667763
-0.0281151650189221 -0.152190454985878 0.00651043536246428 0.120860273215388
0.0143094661189889 -0.179775861298312 0.0620688935025012 0.103315598518497
0.0699724453349331 -0.173343679708074 0.106304437055979 0.0939492311049272
0.15079869808642 -0.15553448576472 0.153797865327261 0.126647981669607
0.209052127309592 -0.0705026339351306 0.151936196024263 0.18111605349418
0.229393535994149 0.0461935840607777 0.134499219707855 0.153207784408226
0.23768568736251 0.137278798094366 0.144431444884098 0.0995765947778514
0.204859715822061 0.209122949047371 -0.0634705139240212 0.104302225769732
0.213302433876702 0.193302949326651 -0.0408544784017371 -0.0907445802892033
0.270377518216047 0.092709835692038 -0.196163072323252 -0.150717274071219
0.279794061741611 -0.0225042943068439 -0.271519462803088 -0.0925051575930435
0.212000329951463 -0.118867048542512 -0.256597279151395 0.0243819117844698
0.131786892955553 -0.174575387158687 -0.182812211490733 0.0927689725832277
0.050407840349092 -0.196096167064497 -0.108471853439861 0.0942786610619262
0.0121320759495924 -0.17543626863145 -0.0511645387557391 0.0810305870491729
-0.0140400573082493 -0.192109329074029 0.00936430618144485 0.0532955056759993
0.0402482985839831 -0.217833065342489 0.0647190838507521 0.0355311113641315
0.106782999721966 -0.203793375676563 0.120769607020474 0.0342983814429752
0.203895549062755 -0.177210407243704 0.169602052244871 0.0920637194275054
0.274488408951385 -0.0698932009970184 0.1410888980833 0.165440700628693
0.284994620979843 0.0860022613513045 0.0814935860771569 0.129773486592744
0.281446968977297 0.196718964375614 0.0694523312325873 0.0285363636820422
0.218497919221581 0.237373395779156 -0.130481033634714 -0.00510778305507311
0.257589074935544 0.224456567081562 -0.099079197280837 -0.162985450087852
0.336530655416056 0.0996531221851309 -0.222718813106428 -0.179423517408178
0.334362049189505 -0.0484867695433657 -0.263063089042533 -0.100755744563728
0.238498156150188 -0.150273765366712 -0.207654505543686 -0.00215043136255441
0.14542622605152 -0.199201970612701 -0.137660087135532 0.0330822220012978
0.0570947404815054 -0.216230483382046 -0.0790395081403416 0.018130332142
0.0229307042824413 -0.189398310112667 -0.0342048950044823 0.00225142016951582
0.00769039421854297 -0.202715758435863 0.020353023354926 -0.023038932006344
0.0711177047872769 -0.22104038075416 0.0756992449342758 -0.0362228677484827
0.14125368938536 -0.196686502954376 0.139151825793229 -0.0250400305984756
0.237494305804422 -0.156830207393555 0.180023413703875 0.0597519715068101
0.301462868563034 -0.0407152208633597 0.122850782404813 0.146555284750358
0.291447318898897 0.128500815494316 0.027096401193262 0.101307799017305
0.274893138753497 0.236061314838976 -0.00451977860391808 -0.0487598379322784
0.196790121348779 0.222708180958723 -0.191424849629597 -0.107832768296508
0.253064077326219 0.212069279236232 -0.163119280585955 -0.216859069387437
0.333695362841732 0.0864714859595531 -0.232121424908514 -0.191844816530947
0.320933449288327 -0.0630047046816481 -0.231854185861549 -0.109379444811456
0.218797904616 -0.150120627941615 -0.150685171100748 -0.044047108062587
0.133084918268821 -0.187648619635935 -0.0950599120259268 -0.0387132638429587
0.0545651996541123 -0.201263191336838 -0.0503340099939778 -0.0609437399624978
0.030138751345267 -0.173949664706603 -0.0120703512214756 -0.074601744821519
0.0295989294528086 -0.183206692020212 0.0433773667580708 -0.095766425859561
0.0958066260799844 -0.188557859223938 0.102213298401455 -0.0977794131652406
0.161093841535714 -0.153763424005184 0.169574730343506 -0.0669095544597953
0.241605723204721 -0.0999343309088664 0.190134015704909 0.0394760293911183
0.282309933560665 0.0111674819222654 0.104063321042031 0.123363902293
0.24792784502489 0.164939766861305 -0.0156404515321208 0.0660779535497897
0.221995053745237 0.246668142570932 -0.0617905165877067 -0.126289890753003
0.137149602550375 0.171753132189041 -0.234310249619095 -0.183596202468458
0.193397452503444 0.166809936075353 -0.214147039396071 -0.240205827627936
0.260468112935716 0.0634261896353657 -0.220963657884906 -0.192761637724928
0.243576095682958 -0.0550885482627191 -0.189353337175054 -0.119276244081289
0.160166783560162 -0.113864636598691 -0.100940028508321 -0.0905241247521774
0.101537032875356 -0.139734013779241 -0.064162859972855 -0.106386180787261
0.0472449262596238 -0.152484073643485 -0.0289445284339844 -0.127709404455043
0.0325310699943722 -0.132848905718476 0.0127591772440028 -0.138046495324769
0.0444360162014973 -0.138144178931048 0.076212338738071 -0.153587312853946
0.0998011788597613 -0.132820310343169 0.143643990711633 -0.137648047310205
0.150823995632343 -0.0935560389550814 0.20885985693969 -0.0848905829981679
0.205212422292352 -0.0376592829992816 0.200767046539981 0.0334350197988342
0.221044763359253 0.0558827216611877 0.0919377009355332 0.100205680521755
0.17075810329241 0.176202887751629 -0.0349954464018307 0.0251923543879436
0.138958166080019 0.222401342564772 -0.0925260537484299 -0.195215663148832
0.046354080321315 0.0993085686592147 -0.249086820640816 -0.224624269338155
0.0929182591220259 0.105017534339479 -0.236775578099239 -0.235678856975606
0.139241487275274 0.0446655248415659 -0.194970920173953 -0.190178119298189
0.128275174837754 -0.0214650878532583 -0.151532031557361 -0.132468956074687
0.0848122450907592 -0.0461670542143559 -0.0747933386777941 -0.128452884782159
0.0639378665742102 -0.0628859917955362 -0.0520758751046414 -0.153637199325945
0.038887474627579 -0.0791263525098003 -0.015379158672085 -0.169770457064417
0.029563752338818 -0.0719986615618344 0.0362024265199965 -0.177132297906388
0.0412629030658083 -0.0743536805995558 0.111148548847123 -0.187805703996994
0.0730258620703517 -0.06665959471049 0.190078959276806 -0.152781236309195
0.101923754752394 -0.0392378435823254 0.248397264574205 -0.0775963791856261
0.132451961294632 3.42045544608743E-05 0.211535606025721 0.0403935037069881
0.135760043863734 0.0667582816908786 0.0924780064733433 0.0810597504697806
0.0831781421780443 0.144909318081476 -0.03139568995831 -0.00829283768726725
0.0474403450501843 0.158987289035166 -0.0957999793095063 -0.243055339694791
0.0307296299433367 -0.0364706343405819 0.154832255685248 0.220119941396836
-0.0217537440423926 -0.0509618378923799 0.0798933318433764 0.023491146250407
-0.0538571202792254 -0.0306272214728139 -0.0898437778419325 -0.0660941636900893
-0.0427825155454557 0.00356720310986889 -0.2041580913034 -0.0363027707329942
-0.0312394515227684 0.0037841329536787 -0.255273017396373 0.0861518744820402
-0.0265335052583916 -0.000847833973886601 -0.18425817948161 0.185891837750384
-0.0223035655784335 0.00679859641406363 -0.0902031405273863 0.21715191718783
-0.0234662696663935 0.00356028613513553 -0.0143972014680518 0.208827423910049
-0.034384775047269 -0.00135913889961083 0.0463152329365757 0.178923815528782
-0.0378440948065741 -0.0188167966237071 0.0894721854841528 0.161260014170997
-0.0273145874905736 -0.0288933471457204 0.106408402506618 0.139703660566468
-0.0235508825371048 -0.0365144343457913 0.141680728298097 0.132053729071053
-0.0148332766757438 -0.0397904090899343 0.185305331734675 0.156429627564475
0.0142946309272865 -0.0478048759938613 0.213440508135256 0.156903824267485
0.0433406959098076 -0.0320000991214849 0.242510232221168 0.152419452967074
0.10736831737933 0.0383337434855429 0.105603090308268 0.22289434240772
0.0613886630633771 0.018129685366125 0.0472204917739941 0.0204124994173735
0.0467743950159232 -0.000454650609747524 -0.117995129185046 -0.0600628493282563
0.0557983678071833 -0.00932042442778204 -0.221497463194412 -0.0308612529107975
0.0457690068158679 -0.0407878081889022 -0.258756905048339 0.0826396307405264
0.0205785218266761 -0.0664237673411404 -0.188840631217325 0.176440533156765
-0.00833520616904485 -0.0686721806640615 -0.0979342580046359 0.201600522079961
-0.0214479287769027 -0.0641099621813348 -0.0245141023885389 0.191710665235801
-0.0432922676434614 -0.0743983302600012 0.0390456320826181 0.159034117415791
-0.0250014711368689 -0.101716076914697 0.0873806978614406 0.136081886661277
0.0127039898968187 -0.105526575948354 0.110699594661072 0.115470243511483
0.0571087961284227 -0.104674090502095 0.150039285676357 0.118655834578037
0.0943543698930505 -0.0641434375231623 0.180138851576225 0.149787966303492
0.126494264312531 -0.0146282497307077 0.188394065352892 0.13585198983368
0.15325641482624 0.0355123056485117 0.209185464077259 0.118903476394863
0.17016712040018 0.110927043676205 0.0427987163665406 0.185663806025747
0.144724133934194 0.0892392584405354 0.00650070608821425 -0.014264736836238
0.153354545217224 0.0295555233100344 -0.153538374513867 -0.073153086993154
0.156153047463164 -0.0295178562484145 -0.240133498235531 -0.0293773567024734
0.119434334496845 -0.0877428918612912 -0.246957929218545 0.0775010717740149
0.0652386075859961 -0.128107629300138 -0.175660713465057 0.15259545869699
0.00660096834656187 -0.13648645054463 -0.0940066074683943 0.16128206730066
-0.0174452568030626 -0.122644777989257 -0.0306186461251713 0.147413513018223
-0.0467089435024291 -0.134448922034272 0.0296863534105203 0.114391802964082
-0.0137607932969323 -0.167560849044938 0.0800185524454179 0.0875538020709714
0.0427824219205583 -0.167814542386456 0.115231747312881 0.0697461476940372
0.116993610579585 -0.163564804230994 0.161900576985451 0.0921493523616845
0.181869567744144 -0.0905347284095596 0.175339728522159 0.1399976457285
0.217016974823477 0.00962627916340096 0.147233408149084 0.120078252143394
0.23969099001839 0.0935006490147085 0.146441442607601 0.0722189609290312
0.213389383777486 0.164340672064667 -0.0309418605648638 0.116648023531957
0.218989606520573 0.142228879615416 -0.0463735239619571 -0.0681196825701324
0.251729765773081 0.0428571596356562 -0.18837144362715 -0.094984691841317
0.242272685404967 -0.0624475115419612 -0.248369565245772 -0.0310913158977076
0.172419441448822 -0.135804212101967 -0.218795580332357 0.0603210949281311
0.0947381990982932 -0.177494308522437 -0.148337050741973 0.107951155039907
0.0155231742416021 -0.184697026862895 -0.0813820638331664 0.0986631693508865
-0.0115322891535253 -0.161934782939933 -0.0326675201046615 0.0826488468267958
-0.0403343072606549 -0.173003522821752 0.0207954169270117 0.0509176753230106
0.00476903206070967 -0.206894672409332 0.0708989292373139 0.0246898402105111
0.0722825979349181 -0.201777948921133 0.117710523271441 0.0129539861639008
0.162891662825879 -0.191761063918939 0.169756544052511 0.058868570925422
0.2415203830523 -0.0997729826337779 0.162193307721619 0.129616130842474
0.273017759529688 0.0363982985927914 0.0937060506901347 0.108311184721167
0.286977884032031 0.140468650158858 0.0663382770889348 0.0186093828083438
0.226862231506757 0.187009198035483 -0.110621315456426 0.0312665611136764
0.262702875051113 0.164124031787748 -0.111378050862399 -0.122656506573436
0.310776886270938 0.0395614358939401 -0.21330761898867 -0.114273851993835
0.286208934094205 -0.0950977480643557 -0.238330909118649 -0.0399976228506674
0.190722373432603 -0.168112681718503 -0.176146236559508 0.0245849368501061
0.103412968466614 -0.202402791854628 -0.115954968069822 0.0436387782599872
0.0184900223656891 -0.204428476676294 -0.066385501721313 0.0217250451744562
-0.00394215008525321 -0.175676048250112 -0.0301889071950162 0.00659242915210427
-0.022879493571732 -0.186046759327069 0.0178510547788092 -0.0217002888791088
0.031943498749612 -0.213974499700556 0.0679295409750052 -0.0428025605128889
0.104048737075711 -0.199594506597771 0.123968621739122 -0.0445878689148362
0.196573119933294 -0.178475760201339 0.173053462099201 0.0273200619491535
0.268743778645421 -0.0770957432606093 0.141878010705583 0.116536921142831
0.283947741931329 0.0739755077663136 0.0386607505584015 0.0922810298722169
0.285151615625054 0.176082208445859 -0.0137029489905261 -0.0407950187831344
0.20346111918821 0.176028569077924 -0.185799197519773 -0.0520739999219407
0.255416190634789 0.15401913072176 -0.179038672941579 -0.160534360628767
0.306783930410959 0.028592626340738 -0.224192603994181 -0.125128974744787
0.272719361544301 -0.105510373209148 -0.210946651225511 -0.0543097068921443
0.172141060087675 -0.167194076864971 -0.131618726506336 -0.0240768199830434
0.0930938690835076 -0.190682133797133 -0.0884400882687222 -0.0294957568314495
0.0177569979498757 -0.190409773881009 -0.0534791682737618 -0.05644704125781
0.00402869323333318 -0.162894829816811 -0.0227783950151447 -0.0689452920563363
3.74434631655505E-05 -0.171841349255683 0.0257830865864524 -0.0936118597501599
0.0596694459231224 -0.188614829028191 0.0808259311272906 -0.104337689598731
0.128508982357321 -0.163554349155664 0.143789746222495 -0.0891743309795232
0.209382781919668 -0.127664385943689 0.177899459282959 0.00575517694269634
0.257709145311711 -0.0269204715524471 0.120328566697592 0.0996322346319308
0.249855900262607 0.113783505032216 -0.00626013802695992 0.0657724776064201
0.236693925467807 0.193036634412229 -0.0789424336240643 -0.103466473978459
0.140956988328499 0.137276124778209 -0.241191062332942 -0.11757245659969
0.194086269819587 0.121761801772454 -0.232379982368986 -0.174256146743145
0.237822688658181 0.0197509859561666 -0.219392786042716 -0.130710501147495
0.205525361115358 -0.0865929093886776 -0.178261297411785 -0.0734734924533423
0.12580190285052 -0.126127088588711 -0.0982199057740384 -0.0735304697791037
0.071384783644108 -0.141706762883888 -0.0730770512214488 -0.0963266683291813
0.0179299439560525 -0.145086186742865 -0.0449570416047546 -0.121379320142234
0.011305386111644 -0.125796018181312 -0.0108993001594295 -0.13172277877165
0.0192240007684187 -0.133141632548082 0.045562407993525 -0.154036314247615
0.0715814532851524 -0.138327565818836 0.111312592508975 -0.149776302857325
0.126208127887036 -0.106826777103292 0.177042734251026 -0.113479314338001
0.185540350752554 -0.0643606411617348 0.18653703300507 -0.00221773742831309
0.207839882993404 0.0217070782753561 0.103557587203591 0.0802899261676045
0.180123894774125 0.135083567297698 -0.031004273047926 0.0310346608130318
0.155792547193798 0.181108304159373 -0.11717127985253 -0.162618954180445
0.0494661987730042 0.0832516992385874 -0.266335914883906 -0.15645295480446
0.094513450622512 0.082335872932271 -0.257016475347278 -0.169661788929457
0.126793948103428 0.0201129032580399 -0.20334663055047 -0.13617325576871
0.108128756738451 -0.0381656070990841 -0.153493618289915 -0.0943885476104952
0.0674905272292048 -0.0544203079773238 -0.0853761323407254 -0.109311141205961
0.0479468487919145 -0.0662631437686704 -0.0714104732389372 -0.137704431031466
0.0216100180637639 -0.0769365367190268 -0.0402113215979037 -0.160829496866271
0.0165946655984568 -0.0700899937106141 0.00418453306846134 -0.17199127655641
0.0259906848599551 -0.0749095042013576 0.0709641963353178 -0.193496622751296
0.0569623640710201 -0.0733095604002467 0.150249589754695 -0.172767246864052
0.0896377864818327 -0.0512988806274186 0.213915025836566 -0.115376082112048
0.124097345314305 -0.0191184977138168 0.199212723717929 0.00187677491569929
0.131703524521109 0.0433788412151508 0.0997694934968492 0.0614845832458708
0.0965553586137738 0.119413756761728 -0.0318151780889529 -0.00144914205326509
0.0635612579933305 0.135713003586118 -0.126804485937012 -0.206232307131106
0.0289242051088347 -0.0354211081227053 0.144539945797376 0.20755176042806
-0.0199918636635283 -0.0481158663145079 0.0750398516506233 0.0210548994924403
-0.0509305579053302 -0.028811607153943 -0.0827219204503251 -0.0634182945994098
-0.0403859227784772 0.00342862147474817 -0.191930259501929 -0.0349420462057477
-0.0298356800518056 0.00349646355457315 -0.240398167762621 0.081976099203872
-0.0258530302598234 -0.000674917632480489 -0.173465701752243 0.175091342476404
-0.0213349798514796 0.00541582592360177 -0.0834086242970895 0.205187060138319
-0.0218400992200478 0.00255690457799796 -0.0113974012133994 0.198673352346475
-0.0318695055826219 -0.00213956280343853 0.0443712166222747 0.16932942924135
-0.0348452839318501 -0.0180613716674263 0.0849477393635117 0.152290012328141
-0.0262188411441574 -0.0272495137710695 0.100382634298524 0.132142538174543
-0.0219389246999095 -0.0342731333500248 0.132403180871247 0.124489029199
-0.0129673850959844 -0.0380093471340127 0.173775931978823 0.146633790563059
0.0134745045323744 -0.0450809360416263 0.200601440911855 0.149111023762674
0.0405842707326781 -0.0286493061349333 0.229978791415152 0.144657400353882
0.101122653743986 0.0356721105047631 0.0985864415827652 0.210215526413046
0.0588792263618988 0.0168435158239815 0.0445406287407955 0.0179928565106719
0.0441394775447908 -0.000975359250556379 -0.108965542686858 -0.0578119864203495
0.0514776854347026 -0.0106339143090742 -0.207723759869917 -0.0302164979541036
0.0431187044922855 -0.0396966753555929 -0.244553295896193 0.0784263610338054
0.0181445442081402 -0.0631171830761115 -0.177989591137003 0.166025379598166
-0.00842634641463248 -0.0657488673407861 -0.0914440148373761 0.191108362748804
-0.0200715647823204 -0.0613219156339676 -0.0219848906885573 0.182271198515585
-0.0401596511672579 -0.070474104180091 0.0375283435855857 0.151141479512933
-0.023755596407432 -0.0963980838883389 0.0821188212888082 0.129380731518295
0.0114996890539754 -0.0999229280790357 0.104708121090933 0.109655428181143
0.0533418422234319 -0.0986291902152464 0.140871759121447 0.111163587447341
0.0896390264540901 -0.0613312936776565 0.170242533844145 0.140511704413045
0.118510269967562 -0.0143866775892204 0.1781215192297 0.128846286295822
0.143177402445155 0.0340181073095263 0.19825942348023 0.113247547498981
0.160118858878632 0.103825771085847 0.0395634133410376 0.175998616086873
0.137141447699908 0.0845340660234674 0.00638430553175921 -0.0146819705463157
0.144400668870926 0.0260435345505848 -0.142709968319166 -0.0695092718829429
0.146744462879609 -0.0299417894395661 -0.2253039055999 -0.0279604484124352
0.111999891617365 -0.0848772092335616 -0.233507120051362 0.0726632606258728
0.0598544061591255 -0.121331425597331 -0.165147844960032 0.14226482613408
0.00482273110283691 -0.129145796614496 -0.0887795330751733 0.152797066385029
-0.0165826679880086 -0.116676036930253 -0.0285368690853011 0.14034655840976
-0.0437048213929036 -0.12593713947368 0.028423952089882 0.108088747140883
-0.0135348735574575 -0.158432636634467 0.0754169417711829 0.0835844492235125
0.0391921067822898 -0.158586632227842 0.109174614872363 0.0670423111126831
0.109689670094322 -0.154257564387366 0.15239953701163 0.0855838358352565
0.17182965873895 -0.0870515427137386 0.164142445644732 0.132016470042571
0.204248889803932 0.007879022030728 0.139060460801803 0.11370496190852
0.225009681875551 0.0874321597192871 0.138921629012667 0.0692329756985604
0.201465327786111 0.153994089750358 -0.0289539219682517 0.111414891668202
0.207899545309409 0.134100137274142 -0.0425347557942377 -0.0647671112003492
0.237110051563839 0.0380126020909619 -0.175450653386634 -0.0898224462392021
0.227944266925805 -0.0608905450108263 -0.233366302414631 -0.0303422181916309
0.161838549172583 -0.13104798559326 -0.205997794383071 0.0562857122822559
0.0880520529464423 -0.168370933065872 -0.138844657173606 0.100543182460514
0.0133476466118142 -0.174808694709834 -0.0784104397880987 0.0935908498247228
-0.0112100149376899 -0.153222925576349 -0.0309502483220134 0.0785671282003625
-0.0378488492437816 -0.162207645776413 0.0196053015174698 0.0482286508192776
0.00304116468687843 -0.195224142179496 0.0663026005905876 0.0244907178849121
0.0670095131100876 -0.191384682094208 0.11093872250734 0.0134704046400958
0.153037495804114 -0.181384611793696 0.159528366072979 0.0541378765803641
0.22703137511182 -0.0963092695702095 0.152884286919944 0.12164973060124
0.256739485868294 0.0333750797018966 0.0894992992383319 0.102495902966493
0.269074392409622 0.13050948383588 0.0630475770214303 0.0190727358423379
0.214906119007466 0.176417365810985 -0.103677402838726 0.0301217531024882
0.247922606963898 0.153965717766192 -0.103444225315316 -0.115206404015334
0.292146885498624 0.034838602943923 -0.199108595835592 -0.107988481509918
0.269660098398046 -0.0919347635595595 -0.223564724390135 -0.0378201920883781
0.179288352840525 -0.161890188957266 -0.165655295875748 0.0224915650028282
0.0957888915766915 -0.192157201387582 -0.10866708132142 0.0397507441501519
0.016727980086135 -0.192834700256894 -0.0651015708133273 0.0207806443280369
-0.00429296748190869 -0.166540984197585 -0.0295380063955078 0.00620149559457027
-0.0212425428520039 -0.17388749915835 0.0162427447919229 -0.0206212238977889
0.0290650474976993 -0.202137940548992 0.0634350891817354 -0.0397967176473769
0.0968610160347193 -0.189952092103313 0.116512220028163 -0.0403620364504115
0.184496852765228 -0.168749702478256 0.163128149336534 0.024580007160455
0.253090753553563 -0.0745528047976469 0.135023470276761 0.109790699246413
0.266536020152017 0.0685235577556393 0.0383895960711866 0.0881227294187185
0.266637944609368 0.163510063982601 -0.0131329629816844 -0.0367809559774572
0.191985496321462 0.165642880961529 -0.174528737132461 -0.0496307012421956
0.241043994935931 0.143990359945827 -0.16678839056633 -0.150071129928441
0.288312544053064 0.0246902955333349 -0.209766499689987 -0.117957188822812
0.25654540527882 -0.102423478960862 -0.197424215899866 -0.0511914819191976
0.161396936725913 -0.160523743307366 -0.123657737150241 -0.023607694750466
0.0865776677761482 -0.180516826680411 -0.0835682718259769 -0.0298892711399519
0.0165519387722589 -0.179325630046855 -0.0528505521044075 -0.0536059938816652
0.00361989627526785 -0.15427023460491 -0.023329613201541 -0.0655176316884783
-0.000183683461030596 -0.161116727344 0.023419936457022 -0.0891564124688748
0.0550438497288747 -0.178216950556059 0.075808624748951 -0.0984911756073746
0.12004939531587 -0.155351487128872 0.135624373589115 -0.0828547630516339
0.196813851671586 -0.121518735756786 0.167843893007409 0.00446150085299524
0.242206658573832 -0.0279352808145487 0.113631382388196 0.0943911639280908
0.234703775786705 0.105819117182969 -0.00483470726709327 0.0633126451636847
0.221406810194993 0.178429309826574 -0.0740597993840971 -0.0960123013543161
0.133258398225884 0.129256011911028 -0.227247207032129 -0.111457356743748
0.182924260477557 0.114502212276823 -0.216376139103542 -0.16390070645337
0.224012810970619 0.0163363949931604 -0.204630085845957 -0.123063167789086
0.193972454299517 -0.0835589855320213 -0.166595302500355 -0.0692677569318979
0.118434184720022 -0.120640048888216 -0.0919510783211424 -0.0706444501930694
0.0665767845395651 -0.134743236661149 -0.0696249265478414 -0.092277726558139
0.0169825735022906 -0.136098886748495 -0.0451865925574362 -0.115556609938483
0.0105434425738901 -0.118050628005922 -0.012166076287748 -0.12497360462613
0.01784842802978 -0.124413708906316 0.0419774106543317 -0.146590092246315
0.0669466022479596 -0.1298613366385 0.103737459625289 -0.141585783326128
0.118796991817737 -0.102385586964221 0.165747284086694 -0.106005495736286
0.173842454067457 -0.0610635005776408 0.176318280106531 -0.00308041914914585
0.195209449581698 0.018652734203662 0.0980599350962836 0.0764400636188282
0.170124017132776 0.126322301193089 -0.027693188893364 0.0298283300025057
0.146303764846815 0.168710577393927 -0.109769450528765 -0.151969359063938
0.0465658641149905 0.0781405892565888 -0.251550853179177 -0.14836782791206
0.0892289731287839 0.0767469706570685 -0.239911408577717 -0.159088931074148
0.119846094383315 0.017680985684019 -0.19050855263665 -0.128414311518688
0.102672676944213 -0.0373532385884001 -0.144010679481187 -0.0889567470401326
0.0643417463759221 -0.0524980481782455 -0.0800127701676401 -0.105004712332211
0.0451258611716436 -0.0635720928158022 -0.0682881110838146 -0.130754912979574
0.0202680687927854 -0.0721007740856325 -0.0407519237664249 -0.152209255409642
0.0156389853196875 -0.0653149979567889 0.00153161134595744 -0.16388527871838
0.0240368192910702 -0.0700296051150619 0.0661402384013295 -0.18306261196722
0.0535626551298845 -0.0688547251652294 0.140965106308489 -0.163184617249903
0.0843177292720991 -0.0490537735747779 0.200996504378178 -0.108471774075974
0.1166804090485 -0.0175374840212034 0.187663493794843 0.00102871122310888
0.123749775873457 0.0397476082980198 0.0942732792924173 0.0591318734414871
0.0913751308931904 0.112435899811132 -0.0288829411961234 -0.00109701061005444
0.0593937334526555 0.125417121170431 -0.119065480800076 -0.193803981138906
0.0291603442414985 -0.035132761638821 0.136556254441328 0.20551873851166
-0.0180750363306303 -0.0476423442147297 0.0733749666788583 0.0199671325070786
-0.0490555610508645 -0.0289425197655617 -0.078335094469001 -0.0647749687134584
-0.0396969584496786 0.00244629128067687 -0.185837100397727 -0.0387567282114848
-0.0293128510399746 0.00297766651290814 -0.237387111018272 0.0751717981468151
-0.0260034590899195 -0.000971768623882853 -0.173225943993552 0.167471600154131
-0.0208538217083278 0.0042215948563905 -0.0844975149135783 0.19886984695336
-0.0212252297455805 0.00136264383441624 -0.0140896880780297 0.195010414070551
-0.0301759700810329 -0.00313953508553138 0.0408408872202075 0.168030831928537
-0.0336439619066874 -0.0187369146437424 0.0806367433038497 0.151778433400241
-0.0247852461774145 -0.0265911634693944 0.0962494590447476 0.130669753450634
-0.0205083948049621 -0.0335367818644903 0.125744468653213 0.123986445821294
-0.0108622248606627 -0.0381015678805535 0.16668470654711 0.145617554112586
0.0142338629897117 -0.0433269795579362 0.192817056446325 0.14955684413207
0.0405319639267496 -0.0260317015816762 0.222610823791117 0.147357940001311
0.0979916955533278 0.0361025184974543 0.0920429269364686 0.207978444592062
0.0581583913017794 0.0177689193192476 0.0430570909696942 0.0172415027845658
0.0424816995299224 -0.00131451252422845 -0.104276941125048 -0.0598921206081649
0.0503191554572343 -0.010283223446309 -0.202111823370429 -0.0343664346763129
0.0422068516771643 -0.0387654042723865 -0.241090282403698 0.071979802751917
0.0177269385002907 -0.0616759931222303 -0.177126049641379 0.158229567296335
-0.00769202703890118 -0.065670020286032 -0.093006869805755 0.185166675034201
-0.018091192703714 -0.061398781434965 -0.0234485846807704 0.179318665247055
-0.0371344733222621 -0.0694000823204424 0.0346084613650853 0.149146325823892
-0.021551394589177 -0.0951560082972844 0.0780669115668402 0.129099412531983
0.0124421156960671 -0.09754316827207 0.100712501994788 0.109779738801857
0.0535100225951193 -0.0949970723717905 0.13485080789241 0.110706407441451
0.0892966060123833 -0.0595649026882511 0.162908538016232 0.139483319447607
0.116178234722115 -0.0117595345912741 0.171432477463881 0.128897144892003
0.138985492926301 0.0361678882899401 0.192386424423676 0.116222502010146
0.154684693697469 0.104089161087982 0.0361100181944068 0.173808591842499
0.133348604867134 0.0850978280435974 0.00721189439881843 -0.0152519480500713
0.140666084612647 0.0264622415313735 -0.136210145906581 -0.0717675792147573
0.143361438771136 -0.0285848283569605 -0.218937854644967 -0.0334065577248902
0.110467819284229 -0.0828129777231547 -0.229845272880856 0.0663343850787431
0.0592978291069239 -0.118844936669927 -0.164013204886603 0.135395284969003
0.006409171164623 -0.126942234857587 -0.0904145751022012 0.14763867868519
-0.0139454521539182 -0.11518045868753 -0.0301844614936978 0.137836537710511
-0.0396206416078665 -0.12431076434795 0.0259265191268981 0.107152179844667
-0.010759528202164 -0.155369059638524 0.0721233067787622 0.0842430856337193
0.0406652128424926 -0.155353778173713 0.105972814081373 0.0689155676540372
0.110155530507458 -0.148177419546982 0.146696029548639 0.085219376243849
0.169743514604202 -0.0837240176067125 0.159033096348076 0.131456347780684
0.198652336979339 0.0108321338050392 0.134862875708611 0.113955417547386
0.216961140672558 0.0889834000752474 0.135228379354474 0.0722142039988616
0.193737326721225 0.15415295648286 -0.0294152991046708 0.109092772982181
0.201060065715437 0.134674909239828 -0.0389554155079528 -0.0643943567806363
0.230738362542597 0.0396928691009538 -0.167457010470409 -0.0918740560034956
0.222523315579477 -0.058448237637916 -0.226737096752661 -0.0349372164744405
0.160210387350177 -0.12711752735194 -0.202217984374854 0.0511385921238804
0.087386995571779 -0.164372894023055 -0.137494105151229 0.0943585341576974
0.0157668142127085 -0.170384167922733 -0.079809523192098 0.0904650454113628
-0.00812320302848382 -0.151194078921552 -0.0325408014196172 0.0768887311051878
-0.0331633521692042 -0.158954613704104 0.018549057308291 0.0478348590779313
0.00583058874091278 -0.191002981230541 0.0644112784835223 0.0261496732697792
0.0679079296277585 -0.187310035739677 0.108895940268603 0.0164766586502268
0.152309841528379 -0.174670181287705 0.154820383780663 0.0545251670359849
0.224256462687038 -0.0920521765817812 0.147536988453417 0.121763133312885
0.249050002128561 0.0365638004381614 0.086771299940536 0.102467670775734
0.258943497162407 0.131670598669357 0.0620943274724638 0.0212393409636621
0.206538697779915 0.174998779793436 -0.100915452461305 0.0277367800754913
0.24014875482751 0.155100789237508 -0.0968953806511377 -0.114343625076457
0.284625211371191 0.0369773745997938 -0.189529506170287 -0.109450689361949
0.264388800545959 -0.0876073680038551 -0.216694951462115 -0.0419177659779481
0.17678413899137 -0.157578039291072 -0.162726457302493 0.0179306064096476
0.0958869206200356 -0.187018380263218 -0.107137927364943 0.0349275748525557
0.0189928824319063 -0.187481608426175 -0.0664775764922286 0.0190903040411891
-0.00113301127964379 -0.163338707159002 -0.0302544599760753 0.00596373680445497
-0.0174764932275755 -0.169562419601379 0.0159245829103982 -0.0201214544355128
0.0310622375693524 -0.1970548051994 0.0627677444280134 -0.0364546168850656
0.0969766964171773 -0.185381637854493 0.115288539383483 -0.036085420528228
0.183435700852366 -0.161904497875061 0.158542596706073 0.0252960220385628
0.247605633011602 -0.0704096440977929 0.130131874447566 0.110317999771848
0.259236661394312 0.0708823235954087 0.036781574152522 0.0866852301463645
0.2560243282953 0.162676693604105 -0.0110069448222533 -0.0347993186371544
0.184944759820097 0.164826568058426 -0.168265941332669 -0.0514089292306748
0.233016497609316 0.144935775835296 -0.157411220335297 -0.149515956671631
0.280305367031001 0.0268572613916685 -0.200306433104931 -0.119121826700057
0.252258039739342 -0.0979564979211098 -0.191421949835419 -0.054449345627524
0.160552688170755 -0.155826820261002 -0.119898833237353 -0.0266098943904143
0.0865940765962147 -0.176436426346028 -0.0813572884938475 -0.0322361480442126
0.0189977560635483 -0.173938257843322 -0.0537889318810523 -0.0535689770755789
0.00646406507265475 -0.150800424333182 -0.0232586422496062 -0.0643125960256587
0.00306404542574185 -0.156906167558628 0.0241993957062739 -0.0868557934326851
0.0562302907592312 -0.172742175664245 0.0757678797730747 -0.0940260350879849
0.11918424386777 -0.151381796836634 0.133984279968897 -0.0778543428772502
0.193835965473142 -0.115624135925339 0.163580524180482 0.00657232263515839
0.236896056951421 -0.0248753467794512 0.110330682384414 0.0950379610784557
0.226959056012943 0.107224597081831 -0.00416009436443484 0.0625718553103039
0.21198830239369 0.176179588703731 -0.0704302606126589 -0.0937477295336294
0.128460348577892 0.127552469391106 -0.218664085661666 -0.114143116756666
0.176978146381038 0.114732422389982 -0.2052747244363 -0.163323162226092
0.217802970587316 0.0187409884738354 -0.196286520022725 -0.123373351900712
0.189937335756095 -0.0806513602762444 -0.160446584934132 -0.0714874137050933
0.117365255391121 -0.11795405902308 -0.0884529164176819 -0.0719185256157969
0.0667984590672253 -0.13173750431931 -0.0667315920959053 -0.0925465926824404
0.0189066899369926 -0.132386289545733 -0.0452354619298281 -0.11364902627621
0.0127686768192981 -0.115485424254631 -0.0117926640358258 -0.123327499843925
0.0198870466631684 -0.120433838887534 0.0427508474909537 -0.142326331041973
0.066988940522277 -0.125647673159656 0.104407396171127 -0.135639485530176
0.117066582960427 -0.098768480086501 0.163822469762372 -0.0999399236637388
0.171291045466938 -0.0571080724101512 0.172359135374053 -0.000646465299444716
0.190355620526533 0.0211578366378149 0.0948835704802294 0.0777920930424617
0.163918716999975 0.126861074635538 -0.0263706481960683 0.0292947711480183
0.139258359098504 0.164746108748487 -0.104661710909158 -0.14967035569593
0.0445323589888768 0.0764115267228972 -0.242256214826377 -0.151793075287951
0.0856718710112298 0.0761061609200471 -0.228380900410359 -0.159245086218804
0.116104818115445 0.0187939499423805 -0.182500302362671 -0.127777790650781
0.101164349709841 -0.036237895458612 -0.138105517032065 -0.0897042624473984
0.0638285619172967 -0.0508422761892529 -0.0763708072086241 -0.105134471425998
0.045215530964266 -0.0617331688192708 -0.0652071429942874 -0.130578616751798
0.0209734062543402 -0.0693481955854895 -0.0393067760229479 -0.15056935249615
0.0164767480866221 -0.0629457795130537 0.00246795963071843 -0.161738273088924
0.0249790051423425 -0.0671794256561837 0.0671706992194591 -0.178570139157021
0.0527779957630755 -0.066170694796623 0.140385440029218 -0.157638676975715
0.0830118667611441 -0.0468127819914543 0.198070540867682 -0.101584915775245
0.114050217018625 -0.0153474000529386 0.184111332036733 0.00430606691543198
0.118966431648187 0.0410476964616661 0.0913734121132373 0.0609141235830249
0.0870444557616639 0.110818614937074 -0.0275846093210571 -0.000259571422952704
0.0558822829832814 0.121185138171468 -0.112750503012884 -0.190339441020867
0.0291255120552181 -0.0358665905265738 0.136172862179582 0.21027013194594
-0.0177504289192706 -0.0489769792459594 0.0738391025757953 0.0194978911823393
-0.0499400087748852 -0.0294612725412787 -0.0778254604420395 -0.0689285348410725
-0.0406971597281287 0.00195145671858509 -0.188211025773871 -0.042295008294714
-0.0297626567517077 0.00271956697144482 -0.242425954885073 0.0743108507480623
-0.0268470353779259 -0.000523475393261637 -0.178314744501296 0.168369495689907
-0.0218155111848207 0.00269079648945365 -0.0869815761651153 0.201293590831485
-0.0211616312940359 0.000501029930340437 -0.0143729280112124 0.199919460281623
-0.0305408971004014 -0.00455067058891923 0.0407598019681422 0.173316151888352
-0.0337491481945584 -0.0194915041441095 0.0817629898874367 0.155542056166594
-0.0247705675937267 -0.0267897436470043 0.0960127965607135 0.134149122930898
-0.0202782886924256 -0.0345358357305542 0.124877374722307 0.127710551394196
-0.0104416980619597 -0.0392884728688102 0.166646651652493 0.149260054507636
0.0151628886130344 -0.0431088103150326 0.193183865516415 0.153852639359413
0.0417396191051299 -0.0248901578648138 0.225257105593156 0.153431113684332
0.0983044153407234 0.0368349082812813 0.0917429251811473 0.213086821816616
0.0594333549960647 0.0188831927539854 0.0437537310374528 0.016226668864689
0.0437436285277172 -0.00136390001398479 -0.103251090282844 -0.0639690078555177
0.0507022869166478 -0.0111138568003382 -0.20456230549969 -0.0380537437123607
0.0433591042251893 -0.0404400436537615 -0.246560050317994 0.0710436038650649
0.0177292273525716 -0.0629164818989111 -0.181524193424135 0.158235109307005
-0.00774082826573092 -0.067787372653685 -0.0961819277968919 0.187525412631773
-0.0179724048248078 -0.0636439952274227 -0.0241307713642186 0.184000322157964
-0.0366257237522703 -0.0719300674720343 0.0341974472635559 0.153825321581119
-0.0211551764393362 -0.0971988960535893 0.0790366010523118 0.133178715966168
0.01352500989832 -0.0989633531646135 0.101014681220166 0.113528517818486
0.0559626452981129 -0.0960415715361656 0.134225917310793 0.113529211625989
0.0915640879591911 -0.0610013599456085 0.164045892803877 0.142953076400312
0.117980248032183 -0.0106197775112231 0.173119789452655 0.132918421902895
0.140887287156327 0.038437189231862 0.194463808482783 0.121928723445943
0.155473204512982 0.106547865380681 0.035324078204496 0.177857426635535
0.136497299189415 0.0878998657610113 0.00800607021293211 -0.016273460865836
0.142456489821707 0.0266684093629259 -0.135694644502983 -0.0753347211489691
0.144946371714019 -0.0299284117345382 -0.220972923921645 -0.0369387490385347
0.112866605471576 -0.0850626614907379 -0.234985955795875 0.0647611680238535
0.0598309737366691 -0.120568066240801 -0.168075261537746 0.134941315985163
0.00721556273116777 -0.129523081745283 -0.09437861184484 0.149710805732825
-0.0132366122441811 -0.118241804159114 -0.0309425886262869 0.141494726490143
-0.0382148573117317 -0.126677096442526 0.0258893827433989 0.110348338897254
-0.00981255092246784 -0.158496969432442 0.0730077503266424 0.0877555255326119
0.0425608007646806 -0.157694143833057 0.106497837300606 0.071961081802508
0.113068510436612 -0.149504045550269 0.147430875518528 0.0872558307693127
0.173106794272838 -0.0857567026083025 0.159579273692585 0.135074057811896
0.201936468614859 0.0132839174731923 0.136513018937386 0.11638811713332
0.219468389087028 0.0922503621791781 0.137442786698117 0.0761748273640325
0.195078203470857 0.158189777332176 -0.0301629589020638 0.11064375736403
0.204621544055261 0.138770241446272 -0.0374295208354515 -0.0663735706626634
0.232893367444812 0.0408185503622195 -0.165860963292174 -0.0958222093936643
0.225848151161317 -0.0601164039025769 -0.22888798160601 -0.0382822877520115
0.16218399780179 -0.130706079410827 -0.206591471540226 0.0484983071787705
0.0885717594183516 -0.167426834085318 -0.141663044640989 0.0928016543707706
0.0170117677265007 -0.173862639570199 -0.0833063362014029 0.0911297235040967
-0.00760393041591202 -0.15444137485709 -0.0339544456588739 0.0792619782989149
-0.0316448757725312 -0.161726839668554 0.0178093381680335 0.0495011167277475
0.00746812139168032 -0.194450455666026 0.0656149352248945 0.0284250713660922
0.0700029763158694 -0.189768353419348 0.110880046528342 0.0192344569962406
0.156670173936373 -0.176356885188315 0.155292726342807 0.0556606945338302
0.227786441684051 -0.093744219766995 0.149618431212004 0.12531137919663
0.252503742417884 0.0392550519260223 0.0883536244907067 0.104869814716537
0.260541161174423 0.135414582551467 0.063358258274221 0.0237870446036018
0.208536705835706 0.179705782403158 -0.101209504227661 0.0269119218921792
0.243123866163764 0.159762580055916 -0.0946136983224481 -0.117741711302701
0.288167844150396 0.0383439280624507 -0.189008477077321 -0.113787850507083
0.267888226276072 -0.089736672043513 -0.218251227165968 -0.0459849816492921
0.180239675607378 -0.161301748083922 -0.166095053337347 0.0154134783295919
0.0973843051692914 -0.190551456609274 -0.10975159317955 0.0326448676398881
0.0211849115937933 -0.190269517911246 -0.0696999439367388 0.0192896109460792
0.000472734838939587 -0.167112216430571 -0.0316030004775741 0.00682986800467476
-0.0152369154238329 -0.172388007564016 0.0157670692098634 -0.0202680545528858
0.0326631598472069 -0.19969721569905 0.0643473602851136 -0.0353913374464528
0.0995448067840529 -0.188129931836804 0.117822456724208 -0.0346169723110833
0.188069799899581 -0.163940726691342 0.160303202097508 0.0261531527708786
0.252097088796863 -0.0710877358891938 0.131697188279902 0.113791891578927
0.262097920989273 0.0744834678363081 0.0378975424837266 0.0888633906614209
0.25777248900438 0.166286945281175 -0.0105535728139752 -0.0337312032251575
0.186754849574637 0.168316943211864 -0.169172067683536 -0.0548591899290566
0.23578537352811 0.149413424371734 -0.155775670582596 -0.154336956077271
0.283557224864998 0.0283366028547775 -0.199451024070645 -0.123597382010653
0.25647767165878 -0.0997861294747343 -0.192796685488659 -0.0579431299412007
0.163972094510996 -0.159538170921645 -0.122103400480908 -0.0299689270690766
0.0885938954879736 -0.179797634641459 -0.0831506443536961 -0.0356601339818067
0.0213925465726183 -0.177059432209727 -0.0569802276721412 -0.0544925783424651
0.00729191410272856 -0.153414711185282 -0.0249071443469671 -0.0653392685261236
0.00494146540519931 -0.158992328695319 0.0242195086251607 -0.0880566746654162
0.0578861067512539 -0.175376582150834 0.0777780248478364 -0.0937965592812485
0.121241640762446 -0.154090016538036 0.136800678882083 -0.0757449833996954
0.197960671493683 -0.116063213769566 0.166082889031719 0.00694117143189648
0.240614039675028 -0.0244363183112938 0.111547262856171 0.0981853636705742
0.229590745891593 0.111076515854932 -0.0031923103895687 0.0637981453241107
0.212734467283124 0.179694101896191 -0.0700418566388645 -0.0948410249512446
0.129630922298625 0.130586147358788 -0.220504028651247 -0.119618805410834
0.178323634583661 0.117527756617638 -0.204078298418921 -0.168375554501251
0.220585179151579 0.0196815046282902 -0.195803518480572 -0.127301702392927
0.194186398025432 -0.081582903250574 -0.161432957316905 -0.0746755137339439
0.12081515775376 -0.120076786164082 -0.089806411968072 -0.076281141605727
0.0679928877160347 -0.134076470139159 -0.0676472410264346 -0.0965178136043565
0.0204571096771636 -0.13337268021185 -0.0475324056010323 -0.116196247739982
0.0134654820237153 -0.117193875855135 -0.0134983953704048 -0.12594579507922
0.0218367506831354 -0.121969537209165 0.0439461440340938 -0.145065852462807
0.0690954447470857 -0.127176884761764 0.107312394129132 -0.136902033716967
0.119421611659539 -0.10037799654476 0.166983220520362 -0.0984428083358452
0.173829301462151 -0.0571095245106549 0.174352220380882 0.00109169361894887
0.192179767008609 0.021602108492438 0.0965033165447971 0.0809103534800407
0.165228656362532 0.130083985919805 -0.0259679015173494 0.030266079840345
0.139144112613774 0.166163943999112 -0.104555429945726 -0.151988653985134
0.0444085297258975 0.0774440997417319 -0.243811876397229 -0.159143033416442
0.0855048845806744 0.077347696403326 -0.227391864638659 -0.163773427614266
0.117250232066096 0.0192058120143583 -0.182208870991164 -0.13190900145856
0.10312720265858 -0.0372487217071289 -0.13877844249739 -0.0934652449081123
0.065677514145459 -0.0519767353555704 -0.0761316914341307 -0.110118384914291
0.0461864780156532 -0.0628463341487573 -0.0656701249638877 -0.134596319932671
0.0222907049585675 -0.0695436812996835 -0.041358427257612 -0.154504993349732
0.0170149678349258 -0.063484878580827 0.00144410663602355 -0.165727927324428
0.0260951375084965 -0.0678736981496977 0.0686361154822858 -0.180940599391422
0.0544992793198427 -0.0657987334149956 0.144809222418429 -0.159104913398369
0.0845238978324778 -0.0477299762711121 0.202316692883346 -0.100516618986091
0.115291819308423 -0.0148993667744901 0.186518747929448 0.00643060405769597
0.119705044031117 0.0425221641662105 0.0927181618275384 0.0635406804824971
0.087347818636569 0.113360868706986 -0.0264321772168247 0.000307807947851527
0.0550983851993984 0.121858547750796 -0.112430356851005 -0.193238927525488
0.0283584856417348 -0.038451673021901 0.146106612230359 0.215817613425524
-0.0192190071429789 -0.0504146344175262 0.0767835163885866 0.0171747806421164
-0.0525376645414672 -0.029306380732593 -0.0810450982345232 -0.0723834301025929
-0.042099858142501 0.00293156604924198 -0.196065118538028 -0.0406069178987639
-0.0309427633837267 0.00353358247628958 -0.251668274124764 0.0844457541074647
-0.0279414020152051 0.000235654598245288 -0.182181404507331 0.179555014275674
-0.0230461252161972 0.00213772167697663 -0.084541610813359 0.210901079766316
-0.0217757635512769 -0.000346414535966455 -0.00703036506290525 0.209800976056631
-0.0316981215570721 -0.00500082535490436 0.0487619039469931 0.181107501046948
-0.0355466921412449 -0.0201324544189274 0.089472823114619 0.161060577013934
-0.0263377636415829 -0.0267613186120132 0.102604114467637 0.138014149578391
-0.0220922923510229 -0.035617816860879 0.13147678134266 0.130540028322453
-0.0114765153203276 -0.0413511234302681 0.176175513285465 0.150684483861786
0.015469346671174 -0.0446768263705663 0.20267729446684 0.154720630048683
0.0434464001605907 -0.0262935362300226 0.238331120979931 0.155978970383528
0.102160116749121 0.0356527178296445 0.100573152546938 0.219362308769734
0.0629828092527638 0.0180776978176067 0.0455143267297038 0.0143207302257664
0.0450189082588962 -0.00346175349502564 -0.107484993739529 -0.0662043161949527
0.0517638281109124 -0.0139184848371387 -0.212807857030681 -0.03597825946385
0.0437162068684261 -0.0443592459875958 -0.25522549127372 0.0800364136246721
0.0157050772253955 -0.0659354365229152 -0.185074164571252 0.169133629378284
-0.0103706571075798 -0.0708589995290919 -0.095472026551731 0.197490385827259
-0.0205126761430605 -0.0670111946212335 -0.0189763694526204 0.193452520740236
-0.0390484861132605 -0.0742733542028435 0.0408312623745108 0.160794367268209
-0.0243720602284506 -0.100991429756478 0.0867422465182145 0.137046901371364
0.0117415009876916 -0.103439572399644 0.107744745922914 0.116392573783256
0.0553295958387897 -0.101363549083833 0.141413825223484 0.115247702128727
0.0935541638251351 -0.0669801639980529 0.173074840493149 0.143900305436175
0.122927367597173 -0.0132628540012213 0.182210125332858 0.132562839207801
0.147439244549328 0.0370844479661314 0.206375661263337 0.123106968237716
0.163360233838916 0.107140471595268 0.0419414898590591 0.183726353410074
0.145018216724945 0.0873750276419837 0.00840214428702413 -0.0181640486832011
0.147938410540034 0.0228704928424441 -0.140711210174351 -0.0771860472240767
0.149101046000086 -0.0362496963356566 -0.230060969470014 -0.0343351611307473
0.113928369026567 -0.0938710873250552 -0.24336752238387 0.0736373063025072
0.05841849934246 -0.127226134718315 -0.172162470753337 0.143406074075587
0.00340060093341673 -0.135751736303257 -0.0949780938852513 0.158529110565346
-0.0170037510580083 -0.123794960252174 -0.0273089881663857 0.149758888903656
-0.0423354044723242 -0.130844814721891 0.0306690903373152 0.115383505386839
-0.0144097120947038 -0.16550200226327 0.079177911753453 0.0905189725568307
0.0391380423525491 -0.165371273742803 0.113085345975864 0.0734007456826065
0.113684995330984 -0.158817248776228 0.153853705908926 0.0864620679708228
0.177669037868384 -0.0949661077236768 0.169270093479071 0.135941350188594
0.209618591075232 0.00950620500176919 0.144844582116717 0.117484367834054
0.229805891392663 0.0900984724542449 0.145119831504114 0.0779862365666531
0.206127570966064 0.159370914025986 -0.0267039793103617 0.11564979060707
0.217218564773959 0.138570206544518 -0.0388887255086246 -0.0692904759620516
0.242503873026668 0.0348418237586703 -0.172848276461452 -0.0969053787923482
0.232292336153386 -0.0697572121669201 -0.238241535313737 -0.0354739337966394
0.164018585464921 -0.1429566986589 -0.214673051572929 0.055320989234361
0.0864291656378307 -0.176828289472954 -0.145406999278153 0.0984193165008638
0.0125034808329221 -0.181247533742541 -0.0857463454048312 0.0978505729816185
-0.011252891999778 -0.161073481878531 -0.0333110972447058 0.0846482911561705
-0.0362001228710142 -0.167365580979664 0.0200842703550587 0.0518529158548408
0.00184167500993191 -0.202649702482125 0.0700687084060252 0.0293965160755674
0.0666361710273708 -0.19934477736126 0.116488352952979 0.0186092686156001
0.158203490387415 -0.187973862906284 0.161627088024563 0.0529865251630737
0.23370634088627 -0.10518039198418 0.158744858112712 0.125921957919969
0.263377139380152 0.0341466915495586 0.0949127833943301 0.106105832813742
0.273101793098401 0.133032422109103 0.0675262079968193 0.024459199752347
0.219665500613303 0.180886104246612 -0.102627860940108 0.0293714880098279
0.258052165037342 0.159422756837196 -0.0986522062239207 -0.120883977049376
0.299101813922751 0.0310830983189508 -0.196530442887692 -0.115288054602584
0.27460385909513 -0.101857304633444 -0.226929900333489 -0.0433434361038316
0.181794323080232 -0.174384619839402 -0.173041678640494 0.0195699567215479
0.0944288455392169 -0.201201537935537 -0.113990050448247 0.0352367043487321
0.0167142938106626 -0.198953605837112 -0.074050365040294 0.0224998731148972
-0.00416317201105226 -0.173283837182845 -0.0340671922536707 0.00865382926005028
-0.0196946454069568 -0.17896154685828 0.0151446106649211 -0.0204386754667895
0.0283679277038324 -0.209165333224219 0.0664824496631839 -0.0375502979239541
0.0971238701886342 -0.199094032189055 0.121725271386477 -0.0367782687607886
0.191126753078438 -0.175168291840413 0.166209095259522 0.0222951229574111
0.258893167715686 -0.0829222751414925 0.141012397677833 0.114693207252412
0.273688023151101 0.0717505103051929 0.0432021291283979 0.0911746072691857
0.270871803973413 0.164757059906326 -0.0106350411581505 -0.0338859023285138
0.197622690180144 0.169999660984558 -0.175587412464181 -0.0547889946802382
0.249518522404967 0.148333116632298 -0.162814511219789 -0.157670824641088
0.294155029395906 0.0204593033942682 -0.207382175582543 -0.12433693258307
0.262388868578887 -0.11281840960476 -0.200944084438431 -0.0561076256951504
0.16507863162562 -0.171904412388004 -0.128583338033966 -0.0293417460461994
0.0859685111927176 -0.190364072170332 -0.0881101323588806 -0.0365272343829823
0.0171113339956928 -0.18451086020971 -0.0637756137961086 -0.0545822155110899
0.00329885950084597 -0.159830866917935 -0.0297750633444567 -0.0664192226176905
0.00175346441604121 -0.16416258039872 0.0224602060118596 -0.0919545102857591
0.0557899449393319 -0.183705416573064 0.0794619778986898 -0.098668361534537
0.121007720470389 -0.164188778788396 0.140113741618267 -0.0807837566588955
0.202347465905678 -0.126973855732127 0.172274233036053 0.00260835868062867
0.247781065640033 -0.033522442332821 0.120001552690503 0.0996524840359955
0.240101863007124 0.109748672494413 -0.000457196864818751 0.0662028218738436
0.224159701052946 0.179812737868808 -0.0739870880775097 -0.0954815606342024
0.137629402565322 0.131865490213838 -0.230893027961743 -0.121605893800999
0.188730197678518 0.116749954013157 -0.213141619083799 -0.170398050072661
0.228737673289363 0.0136999368114513 -0.20417205335463 -0.128607927903388
0.198607616265763 -0.0912567351517699 -0.168696058605095 -0.0739012052174838
0.121129749256848 -0.129523515839898 -0.0953501161733708 -0.0785216039393345
0.0658846723432487 -0.142123540058023 -0.0734094060871495 -0.10044886496187
0.0183771382669288 -0.13922895707727 -0.0556753970514448 -0.119551291948434
0.0112883751324389 -0.121672572030171 -0.0194627621846622 -0.129980846127708
0.019581469167115 -0.12690376954266 0.0406761148511885 -0.151715398612735
0.068279549056546 -0.133705769351739 0.10830687897586 -0.144849045383026
0.120642784846974 -0.108107688444443 0.171470127861734 -0.104832297592915
0.179029628501719 -0.0650835701511316 0.181281793205148 -0.00357423412276041
0.198954443479511 0.0170909885727421 0.103602517110684 0.0814579647075691
0.17430440570188 0.13067928178122 -0.0248849378839941 0.0326956897732986
0.148344038277407 0.166903267410889 -0.112299828518308 -0.154181920771748
0.0483159727349338 0.0788180197085646 -0.257546223498255 -0.161830741351532
0.0911649485496463 0.0776030836085128 -0.236884205502562 -0.166008997573224
0.121972129026439 0.0158593516193492 -0.190592937224377 -0.132220966821448
0.105915476857861 -0.0432941664773758 -0.144502758990833 -0.093917155772664
0.0664038356051283 -0.0568408513350254 -0.0821571653968333 -0.114267520461844
0.0460310007358323 -0.0674116609717125 -0.0724261404438664 -0.139728369374511
0.0217292524314164 -0.0726077740856783 -0.0490464575922348 -0.159437660949109
0.0162225860120612 -0.0656689432241572 -0.0054558908478715 -0.171379328609833
0.0253135357043624 -0.0711324918474418 0.065779036622009 -0.189886096043148
0.0548192740322395 -0.0694772030810967 0.146677189964438 -0.169602764744731
0.086005157738079 -0.0520837917135733 0.207633968367412 -0.108266539742394
0.11906078531926 -0.0183385346268626 0.19403721984197 0.00266238635621387
0.124558883720468 0.0407981813386084 0.0989727308622984 0.0644274647102197
0.093428237540158 0.115575263908437 -0.026161664271156 0.0017457642416332
0.059660082775524 0.123184597430034 -0.121542765642824 -0.197774918025089
0.0392048782627653 -0.0329749981073668 0.113114002657173 0.239213137712319
-0.00982896659904314 -0.0543624158949299 0.0744645226864786 0.0260989601325354
-0.0484463405925746 -0.0372369638577928 -0.0744544678955566 -0.0895465237888984
-0.0441775734497005 -0.00104087355164977 -0.19690294880402 -0.0743311432683917
-0.0311957038214103 0.00330415239064078 -0.271331271310379 0.0494679974670965
-0.0283246891803788 -0.00113883143751882 -0.215816366556285 0.157200817179154
-0.0242509348399435 -0.00158109188746856 -0.119150738474916 0.204789313801735
-0.0211262486566534 -0.00425160667042478 -0.0380678339625623 0.215214494903198
-0.0309369799059275 -0.0116050370760302 0.0254930862086351 0.1957615913212
-0.0315571273278536 -0.0258942698659447 0.0697147344276804 0.178777907382619
-0.0207484021094145 -0.0309166280999463 0.0845280086103308 0.15745818833509
-0.0159382055934536 -0.0373740103334246 0.114332748477902 0.155983357078582
-0.00281301888117273 -0.0420952722927931 0.156139389120316 0.179730668748109
0.0266824807790475 -0.0384678552852698 0.178688918650476 0.189880103357712
0.0543389441374632 -0.0175125256215929 0.21280345294055 0.202384647962755
0.0999013904426614 0.0543376667021036 0.0696479263371295 0.23896967232993
0.0609320593235182 0.0272554341067371 0.0459565734330855 0.0209776214219256
0.0439383024853779 0.00463462877614245 -0.0957050740272987 -0.0853193628349401
0.0515936891915244 -0.00284120138702742 -0.208204220599092 -0.0714244541999557
0.0506559136167632 -0.0325861693550392 -0.271417315101851 0.0417928456139666
0.02713469478874 -0.0613015505094432 -0.216061594977256 0.143987997051827
0.000195782526290387 -0.0730171362091886 -0.127257333934714 0.188020424062091
-0.0071625462465039 -0.0719813532667371 -0.0477183828036436 0.197134809800173
-0.0264489368245957 -0.0832414572284361 0.0211669174948597 0.174760345163986
-0.00667267440314536 -0.107035101344946 0.0711865827748925 0.155842335780693
0.0332241159649009 -0.102304989185117 0.0919253533061653 0.139528767525473
0.074544649468623 -0.0923229319266819 0.123748739856949 0.145954605937547
0.109706011828713 -0.0482463628133596 0.151552602519359 0.17298476674163
0.129991011214922 0.0125069410764697 0.157585222528935 0.162262090186644
0.151020006441673 0.0679617330257219 0.182589498756645 0.157806084618215
0.147291773030664 0.136979324035689 0.0200257688915554 0.196321951899493
0.130578733211267 0.110740962450613 0.0161742563859774 -0.0156785693143847
0.141265798808898 0.0484349331752126 -0.120243052919972 -0.100237451054128
0.150724053572657 -0.0103888004146519 -0.219919206809556 -0.0713258850392883
0.128855047252301 -0.0717364035090814 -0.254930751849493 0.0330660751095127
0.0798353126676241 -0.11690819544834 -0.197422086726809 0.117471352244081
0.0245402299719936 -0.135887029457034 -0.119496671873211 0.146567524555012
0.00711466528145075 -0.128710994221267 -0.0500012509763049 0.150513430061278
-0.0198115879562783 -0.141288769724569 0.0173683278160947 0.126787178234139
0.0139432030276285 -0.170596087667823 0.071307967016045 0.108327414919105
0.0736575205617766 -0.160984036914326 0.102931295602424 0.0985897891827756
0.144312780777174 -0.142030777529432 0.138662626154166 0.123365054586178
0.200578185848353 -0.0608759250418913 0.147571167162028 0.164991535604946
0.214539971699883 0.0511518344388471 0.118902910623723 0.140091647670519
0.225963890272383 0.13902732827034 0.125993213373885 0.0961966763183181
0.179282342852981 0.196579103918288 -0.036919749586259 0.11896509610532
0.193067264339967 0.173774840908778 -0.0210741978106223 -0.0728598020119369
0.232746430224291 0.0761067118267948 -0.143106395087701 -0.124241113359609
0.237455246863603 -0.0315982175593014 -0.221337836394587 -0.0735253076374039
0.186749734805883 -0.112975535036447 -0.220497399661144 0.0153684309271841
0.116169556414693 -0.163608777621774 -0.161427762641387 0.0737015625369122
0.0417340575370051 -0.180450156089148 -0.100032293470214 0.0843140119631461
0.0190414069517369 -0.165510298856662 -0.0466036005360609 0.083233894420054
-0.00705397378475814 -0.176092117535722 0.016503366750476 0.0600440319280813
0.0375682352860885 -0.206651604065888 0.0711963438255093 0.0451704611973559
0.10850881342588 -0.191720131295058 0.112578748439504 0.0440891311146807
0.195506384137346 -0.164993048687624 0.149863808573619 0.0922639713759153
0.258810077805597 -0.0602929102655681 0.137286961252079 0.153562514978255
0.263128541765633 0.0865324070739596 0.0691328372172246 0.119373519912699
0.262632766519206 0.190619506661972 0.0542316249861365 0.0252917283295389
0.187450310347131 0.221322454585596 -0.0992378840136443 0.0204717405126134
0.228948696289471 0.200470791919944 -0.0725181988415601 -0.134230044588442
0.288790055961943 0.0821746254527895 -0.160844269171386 -0.145905270870779
0.285402918680141 -0.0562234657092741 -0.206093107006699 -0.0798643582822266
0.209116512884573 -0.143292385812029 -0.172385545328671 -0.0180868441190092
0.128610678969087 -0.187157113554717 -0.120594831967831 0.0123152015232768
0.0492997757679425 -0.19779824834433 -0.0762926903770985 0.00843410512730493
0.0290005483944109 -0.177413433133897 -0.0364104549130477 0.00499892797833382
0.0119438596013843 -0.184549593613068 0.0210763587284942 -0.0153294253434642
0.0652833210769078 -0.208814945638035 0.0778981929568511 -0.0237993736447568
0.139614376998286 -0.185487539791987 0.126312766760697 -0.0112216410571464
0.226946391663962 -0.147804226247979 0.158354971061086 0.0611105849430795
0.279923294079039 -0.0327029617094503 0.120371648849739 0.138102467996403
0.267043062048624 0.124369749923198 0.0181472612838783 0.0949025368522479
0.252291015377548 0.223845692712436 -0.0140937326590459 -0.0493325290180161
0.165030177572785 0.205646913602883 -0.160027770957949 -0.076442780784053
0.221300633463323 0.189416857476407 -0.13136040349309 -0.181182076447365
0.285805840536085 0.0717200884681355 -0.171375886273117 -0.156928894714319
0.274092510931298 -0.0696122158275897 -0.177001226247957 -0.0902596257614379
0.191629605000075 -0.143571526325716 -0.119920382042824 -0.0612360720951028
0.1169759317442 -0.178134372199851 -0.0830584199317404 -0.0570135471726418
0.0471969433513919 -0.183467516071916 -0.0544778627974867 -0.0696330951640951
0.033990891124516 -0.161413777502541 -0.0213588269081075 -0.0718968081639461
0.030983100955888 -0.167110540315365 0.0380324853936838 -0.0882973976358516
0.0886140801219936 -0.178884694476016 0.0983237980157013 -0.0851905158682875
0.157737012205039 -0.14550408251328 0.150167208101757 -0.055101359715214
0.231484024281767 -0.0962502098393835 0.165068441095052 0.0403812201790438
0.258669271711657 0.0156611766598803 0.101802028650492 0.11938405459024
0.225804977592489 0.157116759541806 -0.0199052406965378 0.0620510608603989
0.199632750397481 0.229034376962935 -0.0657546633396063 -0.123086270927154
0.109864549581171 0.156938458421842 -0.207515825303441 -0.154652247278058
0.1650311721659 0.148872333125422 -0.181408904549832 -0.204365393827841
0.221434188510919 0.0527782851212158 -0.170977497487062 -0.160231655174825
0.207987330160048 -0.0592494177876974 -0.145289914654188 -0.103280485694866
0.140858637771167 -0.109085535527691 -0.080678311270707 -0.104075218084804
0.0887691064767879 -0.133609916682637 -0.059135163455431 -0.118864439864042
0.0408145147484658 -0.137633860055133 -0.0379524086643055 -0.135130821330067
0.0344168879741077 -0.121614758656148 -0.00153657086004138 -0.135702759722809
0.042225249190269 -0.125109501437535 0.0649352124897721 -0.14823868322575
0.0932830197415565 -0.125895203682188 0.133955996892098 -0.129655332093432
0.14629385821103 -0.0889334080052554 0.18579592946776 -0.0774899766915796
0.196569025489821 -0.0355736866935016 0.176623624923506 0.0317915469349005
0.199117485641952 0.057065757236633 0.0890426387772991 0.0981966368089274
0.153349376809448 0.166069444031958 -0.0359273217546428 0.0235611563037274
0.121563842643595 0.200526745915253 -0.0910460654602717 -0.187553062722908
0.0281138364527711 0.0881970711251309 -0.231372701222837 -0.20315082738087
0.0737005208050527 0.0944107175646284 -0.209356516002999 -0.203039432345381
0.114832873185329 0.0377682246011861 -0.164467460964918 -0.162144313103522
0.108890852964539 -0.0256705066159138 -0.125306206967608 -0.119019246021182
0.0737220131999045 -0.0456103807240145 -0.0642613619205672 -0.135602317701235
0.0559520650064262 -0.0611516680012442 -0.0528549218415502 -0.157191315657941
0.0334301013274807 -0.0707871795976984 -0.0273497349948238 -0.173746442806905
0.0281831392302981 -0.0642342293349201 0.0186879644095047 -0.177091796932518
0.0380612200671166 -0.0665341190966938 0.0956669047602645 -0.185068205581151
0.0690992211188363 -0.0622194840094469 0.175387439743595 -0.15044808917797
0.10007901143488 -0.0374152299843507 0.223664433629671 -0.0774159996255752
0.127135943582266 0.00159944241130667 0.190902559912981 0.036902141784799
0.118022232955202 0.0675375067173319 0.0891214889993783 0.0795925528621871
0.0737153074538505 0.134355218078773 -0.0294530736682109 -0.00674866474075619
0.0374178256512214 0.136332625911824 -0.0903560906954829 -0.228763970665263
0.0350884932557027 -0.0360018285506626 0.131932343226508 0.226254952606418
-0.0135835764034061 -0.0528178637751897 0.0748104797775215 0.0180317567537508
-0.0510970512161947 -0.0330003131455955 -0.0807011597873614 -0.0843576335564298
-0.0435687123264877 0.00294016085124134 -0.200975099204432 -0.0581248845674375
-0.0301077337264793 0.00565022198899435 -0.2641838661814 0.0725632503003117
-0.0280433583679259 0.00175274878555534 -0.20009947373247 0.17399785009634
-0.0247189009116771 -0.000104957929399692 -0.100319813421622 0.211887398710457
-0.0212650007360527 -0.00374487386080214 -0.0168409418658892 0.216501499538315
-0.0317814736969178 -0.00958579820186221 0.0439056266477532 0.192533938697532
-0.0328327493453034 -0.023229002779278 0.0847196657785876 0.171295902258702
-0.0223230921741817 -0.0282330401582655 0.0959767740560304 0.149335717049682
-0.0194569017889931 -0.0355584558557821 0.12520077592524 0.146023125565914
-0.00601063361995372 -0.0418181044724186 0.167235519616042 0.163490357663912
0.0243528737535623 -0.039700579716101 0.19043395287535 0.171727173129615
0.0520546171969036 -0.0211341360247144 0.228059750181578 0.184163804884717
0.102418030271702 0.0457651510569524 0.0898762448651283 0.230151585671236
0.0636698741045978 0.022077699563099 0.0465682536543448 0.0156472706532806
0.044014073745307 0.000413907942199759 -0.10099947167027 -0.0786955196401133
0.0496411175401838 -0.00840596012645879 -0.2119198594253 -0.0539809108000679
0.0472301992606321 -0.0378275735249234 -0.264466183810389 0.0652390810382124
0.0209121734893972 -0.062436724333788 -0.201861999734595 0.160525406254112
-0.00639250559069771 -0.0726252051595346 -0.10951520289853 0.196372506442223
-0.0130924583158689 -0.071259028545463 -0.0280858986260723 0.199408266768971
-0.0333510785231264 -0.080794881460686 0.0377242959594766 0.171776827523133
-0.0155279793311625 -0.105622353529091 0.0837904853042482 0.149522323610305
0.0245203419609259 -0.103834183365902 0.101628465807477 0.131538117833613
0.0662303084183282 -0.0973519632084422 0.133099362207283 0.134208565257676
0.103746310354856 -0.0580040888093776 0.163452266155407 0.157525259243034
0.130329011375726 0.00215310327499622 0.167699909919385 0.146460684850477
0.154067409614856 0.054199002351109 0.194366862070807 0.142811578059027
0.156247588353576 0.123169686172682 0.0376004920066252 0.191816307476855
0.139150611500711 0.0984058485090865 0.0146731170528257 -0.0174794724568752
0.143565761428701 0.0343518743778688 -0.125498098555442 -0.0908483590012912
0.147129115723979 -0.024336144426154 -0.22305662296829 -0.0530671575956365
0.120199844769408 -0.0830865559953063 -0.250155915465975 0.0549888615196921
0.0678012738385449 -0.122565580638969 -0.185612623732912 0.132087079198968
0.0121749805027148 -0.136913934129105 -0.105916157767225 0.155505878409283
-0.0044579463194184 -0.128828769614817 -0.0352131260822891 0.153860308240841
-0.0313906437095194 -0.137933800250704 0.0297388708140833 0.125029885811498
-0.00117762251781665 -0.170303218731223 0.0808863668682022 0.101666559193437
0.0592377784289602 -0.165366311179071 0.110418318459507 0.0900699216688348
0.13104341589533 -0.152761720525805 0.145949426320757 0.109581853707493
0.191436264613551 -0.0779158441602537 0.158835067919403 0.149251611359246
0.216474231945504 0.0331464107969472 0.128844013224981 0.126938484520842
0.234421861716597 0.116982248831527 0.133116903753637 0.0857663609802389
0.192539662341352 0.179211616919258 -0.0248978643075717 0.118884432890041
0.205878867351456 0.155054043159432 -0.0257865771970042 -0.0711750744460025
0.235540734662207 0.053934069760601 -0.149575965988573 -0.112809296646997
0.231117930453085 -0.052805788938137 -0.223648455367161 -0.0551748353722532
0.173514433534331 -0.129277174493303 -0.217587351108489 0.0340711400936261
0.0993204288263912 -0.171375524794898 -0.154599839599987 0.085577838945394
0.0251772238163827 -0.182409653431306 -0.0927701206800727 0.0931377857814001
0.00455566620625873 -0.166363128764911 -0.0379443651410652 0.0869428245816649
-0.021459624714916 -0.173842731793867 0.0220017441701825 0.059471335507562
0.0191921028057158 -0.208199549309625 0.0753232757156289 0.0394301969503696
0.0911381168041805 -0.1986602459671 0.116097358815278 0.0359873380700502
0.179246009958879 -0.180331950416917 0.154722441324964 0.0781186251046637
0.249266880984706 -0.0830151122655158 0.148912170072155 0.139579962097861
0.266744127834684 0.0636589226911996 0.0787284288870736 0.111824320155421
0.274423989849912 0.165362738686438 0.0564004504099419 0.0218366451741619
0.202938655753924 0.20180166442775 -0.0945858744982954 0.0272491609974529
0.243262106899169 0.178272501450446 -0.0810576119076484 -0.127510393169737
0.291034094104609 0.055697513307571 -0.168344419524008 -0.132180798471952
0.275444708117934 -0.082100729134519 -0.208328848682165 -0.0629650949430983
0.193408923890046 -0.160382870034477 -0.172345131548068 -0.00313404685603118
0.109544004194881 -0.196712857373547 -0.118962900764878 0.020850488822574
0.0307272950248305 -0.20008989047865 -0.0761532527054621 0.0157758726788946
0.0127403694496625 -0.178052413349371 -0.0358067879030645 0.00908422344967558
-0.00333321984565499 -0.183553746628934 0.020075670590885 -0.015587934447343
0.0456703269417025 -0.212257170016218 0.0756501007351274 -0.0290579431899584
0.121541561221897 -0.195933723062969 0.124308966780653 -0.0198994906849858
0.211653491056002 -0.166659176781708 0.15941895635026 0.0475796248901696
0.27263663308865 -0.0574143592970835 0.131325889811164 0.126294166841256
0.273732386381251 0.101489576258928 0.0275290589791725 0.0913378301865965
0.266224961045464 0.197244600165004 -0.0179131519877612 -0.0466191001577955
0.179496843972161 0.188846542589676 -0.163807898475151 -0.064895844652761
0.233416040694132 0.16751982905375 -0.142285469806795 -0.169587215167837
0.28694612149406 0.0447551204577415 -0.179560256865255 -0.141576453753025
0.263962736113379 -0.0937671831302981 -0.180893544914659 -0.0746008281059411
0.175673726940127 -0.1592583438409 -0.124804515589126 -0.0503930736870571
0.0992187611991174 -0.186563093436759 -0.088692275143175 -0.05082477499921
0.0307287549773519 -0.186152632681863 -0.0618406791363699 -0.062977459541402
0.0199586962410769 -0.162520181755336 -0.027727123810886 -0.0679698432158722
0.0164432960297078 -0.167639567451863 0.0300058995546867 -0.0900624964515692
0.0718473171231594 -0.184164589560148 0.0907798368893204 -0.092332333290108
0.142577548180649 -0.158169440504472 0.14481491017544 -0.0650339354030517
0.220287723252672 -0.115834509313125 0.165771783017945 0.0255830565891896
0.255303303716921 -0.00763863932911841 0.111515348255393 0.108927165875085
0.236170281825705 0.136836968100226 -0.0130630518905178 0.0621466639474135
0.215448455418691 0.20618694502929 -0.0756150198783338 -0.11514218036072
0.121704640143843 0.145522581805047 -0.218001073535621 -0.138224485812624
0.175179171817827 0.132415772562685 -0.193808030419375 -0.188088963356681
0.222666208998419 0.0326133494395102 -0.180147016471954 -0.145297698818193
0.198970949610967 -0.0779815819151729 -0.150975504599651 -0.090091001249978
0.128718821225318 -0.120753677898462 -0.0895468546347713 -0.0975304180994601
0.0761461397725685 -0.139916659606726 -0.0702097610932471 -0.114253565507347
0.0284463054153933 -0.140453382174293 -0.0508921248709671 -0.129225009391473
0.0232593196894532 -0.123377735540251 -0.0138718456192743 -0.132938572113975
0.0315222081563445 -0.127364202020053 0.0506758510294459 -0.151703608177731
0.0807950436770973 -0.132113677429438 0.121712112888506 -0.139001942973613
0.136751304854005 -0.101106721208082 0.176942436354523 -0.0901349169928849
0.190534971237537 -0.0529989070642853 0.176753091376981 0.0172900732285272
0.199680597452135 0.0391524803889754 0.096929708162148 0.0895064498273253
0.165665955519951 0.15069236862901 -0.0322859508041678 0.0263014943035512
0.135432587633376 0.184716779691245 -0.105320525321551 -0.176315045622023
0.0356111095760161 0.0841344028811218 -0.246447156951153 -0.183689333344098
0.0806827932706609 0.0861301368959645 -0.221821165389663 -0.18554448473073
0.116696848057879 0.0268989434051899 -0.173189680993449 -0.146821841206004
0.104165322520093 -0.035885896152659 -0.132003747045758 -0.107326763492888
0.0685423025054215 -0.0519190821249471 -0.0756176456577395 -0.129785638239216
0.049543294428256 -0.0659581166464076 -0.0671169059743255 -0.152257610878221
0.0267091584602299 -0.0727378691874596 -0.043339368843299 -0.169585207884189
0.022445695110762 -0.0646295822051133 0.00176709276465294 -0.175266033089479
0.0318906707960622 -0.0688647281827833 0.0781487201903982 -0.190300718139328
0.0626257280995581 -0.0668174441433585 0.160984445255809 -0.164310126531439
0.0953115810899001 -0.0463767140038421 0.2153531232301 -0.0935935531715057
0.125415442566943 -0.00928756849287155 0.19211781631705 0.0201271468598046
0.121289212136465 0.0572641263208815 0.0947213451554259 0.0721333787633282
0.0840771149094979 0.125605112913853 -0.0289856381833902 -0.00386783582675008
0.0474323778718661 0.129300539558808 -0.107934563884693 -0.21699296371912
0.0304808425149597 -0.0356259834559582 0.139672722796711 0.207857022109259
-0.0153008488263111 -0.0492171889718911 0.071150018336123 0.012039275645266
-0.0500158318904051 -0.0280990643534932 -0.0823898110879314 -0.0776980638230768
-0.0416442487286754 0.00480691133639179 -0.195060247792294 -0.0456197702849694
-0.0284454440477788 0.00718969633741609 -0.246849239716852 0.0858326709579656
-0.0262174067347924 0.0035899366881571 -0.180669466591343 0.179095737445339
-0.0242694820153979 0.000687216795837837 -0.0818825447318653 0.208110246186984
-0.0205254302490085 -0.00271796663586241 -0.00063301990480022 0.207665453108363
-0.030864441709131 -0.00807017465003791 0.0563464106668275 0.181948470176807
-0.0326846141009688 -0.0206606542977092 0.0919623000549548 0.158827906683289
-0.0227698855203177 -0.0261162136914076 0.1004182863122 0.138241020553851
-0.0201848472002304 -0.0325003703176593 0.126974347755885 0.132475726421919
-0.00820420793492075 -0.0398836751084722 0.168087772681982 0.145205385832347
0.0224966496551506 -0.0392929948127819 0.189244826658259 0.151906133180921
0.0483260125414196 -0.0232757600056474 0.228899125655967 0.164321430468434
0.099500139584066 0.0386081420898769 0.100236306470208 0.21316094815127
0.0631540050153942 0.0165143394905612 0.0450552243498806 0.0113153045064795
0.0421562902733219 -0.00280743810474434 -0.100386223574307 -0.0708155586770898
0.0464434744528794 -0.0122863355503604 -0.20476316849231 -0.0404393377029022
0.0417048805155153 -0.039812129974852 -0.247993096820631 0.0791540455792747
0.0160701071037728 -0.0607134719487259 -0.183177321389837 0.166377493366908
-0.0114849454157691 -0.0689878860029998 -0.0918034898557641 0.194448445055613
-0.0175093529643658 -0.0684441780373899 -0.0121766059771061 0.192379575625099
-0.0366308002173839 -0.0756578338734612 0.0492789736128431 0.162631401726827
-0.0212354831025165 -0.100445982926467 0.0903349454163319 0.137820117212787
0.017538436326356 -0.100521230697156 0.105573356820966 0.120576190515193
0.0570609568999116 -0.0969799126537007 0.133768403647342 0.120798826835607
0.094421257893671 -0.0622866272652256 0.164531736991158 0.138741311772059
0.125648103158757 -0.00562256960233104 0.1670279768074 0.129168709842933
0.149869166733809 0.0420298204166014 0.194993105202124 0.126373840724554
0.156026668772301 0.108872371380123 0.0479836210298642 0.18005931662392
0.140048504934668 0.0849295289046862 0.0134510980076381 -0.018513505321303
0.138604935218425 0.02309536047913 -0.124214361726402 -0.0812708194294881
0.137834484040462 -0.0335403664913292 -0.215090728429885 -0.0378552307447763
0.107989262403003 -0.0877349773948392 -0.234891125406949 0.0678394290916257
0.0560434549197861 -0.121131025362085 -0.169186908008207 0.137115167867994
0.00224646910640318 -0.131753848785102 -0.0913377474869042 0.155977376186511
-0.0124628309982287 -0.123942990605164 -0.0220256505976921 0.149647951252827
-0.0385360200323517 -0.130389193596785 0.0380137583132695 0.118249629758589
-0.0117146775992847 -0.163291524984828 0.0844104798590549 0.0932963930718332
0.0465540024220267 -0.162428966079654 0.111656569380639 0.0815648200897447
0.115314773925655 -0.1542291470297 0.144665528177335 0.0961509140980301
0.176942431216421 -0.0876004121034231 0.160432158972571 0.131858109836988
0.209060262714681 0.018856311270631 0.13011309854876 0.112362921119835
0.229473603326994 0.0959242462414817 0.132642468667666 0.0752297216428351
0.194420155543834 0.15901071143752 -0.0152901697077438 0.11344517503794
0.206314956077662 0.134514966670113 -0.0282770968377313 -0.0675743907954946
0.227017550795384 0.0355213167619042 -0.147345789187946 -0.100870135515421
0.215379497796473 -0.0662502823584908 -0.215678648978985 -0.0400277095830619
0.15524247787489 -0.135203838705377 -0.206240923005757 0.046065273319417
0.0828149721421151 -0.170287799686731 -0.143667563733752 0.0906777780624307
0.011652236574699 -0.176011310905866 -0.0827246350854361 0.0951103484351693
-0.00649030202121154 -0.159627874930338 -0.0293778975659004 0.086133716330782
-0.0315589015110341 -0.164600357621642 0.0263816872540554 0.0551012498395344
0.00455042720743642 -0.199578715746076 0.0756436955255746 0.0331883069252668
0.0736342907496165 -0.196158567588494 0.114160557305079 0.0286767290145158
0.159586037699146 -0.184596365338735 0.150962344488281 0.0657032854227671
0.23148125809155 -0.0955744488748909 0.150507323128713 0.122922710353902
0.259442373113944 0.0451969334427982 0.0816634029542205 0.0999700676413239
0.270581723632417 0.13914469066779 0.055861811188397 0.018526063305619
0.205852177198792 0.180247370679373 -0.0875253089283867 0.0299601439733758
0.242955880362307 0.154742333630393 -0.083286827069243 -0.118287511860911
0.27992115032612 0.0332055347882503 -0.16621138705348 -0.11778773072158
0.255652117666179 -0.0965685900214808 -0.201778328905464 -0.0481334834652654
0.172248145810804 -0.166800333080835 -0.164718293538855 0.00817607387013886
0.0909324094984751 -0.194732057658848 -0.113451055231063 0.0272472083931344
0.0165334433191644 -0.192862759518141 -0.0728220180345422 0.0203527599992245
0.00112369321229105 -0.170633984060808 -0.0323942461611918 0.011599927520476
-0.0152938109425803 -0.1751716189182 0.0194676494095233 -0.0154070978580372
0.0295505259087629 -0.205866454498074 0.0717091664789221 -0.0323105798376556
0.103812001649126 -0.195517123633311 0.118822890797407 -0.024741770769592
0.191713199616575 -0.172924270656506 0.153981748863061 0.0352641731184569
0.254571502891748 -0.0728656743643587 0.133224661598464 0.111631679757229
0.26745055355717 0.0800375400217344 0.0322624820172881 0.0846918151469109
0.264374316238605 0.169618557170174 -0.019813913681128 -0.0417529000587319
0.183208223865689 0.168438783992165 -0.15920656679669 -0.0532963405224693
0.233809490178577 0.144951478705284 -0.143946319654103 -0.155023906364839
0.275430558145708 0.0234754009782265 -0.177552393886353 -0.125734494672272
0.243877960279006 -0.106707187868301 -0.175114449804144 -0.060601710432296
0.156150420152643 -0.164182144492658 -0.123225534413376 -0.0403327273937344
0.082100069201998 -0.185101887452745 -0.089444830130539 -0.0440447694208623
0.0172952756879156 -0.179421544475246 -0.0639312771951358 -0.055406082945113
0.00830848979581148 -0.156429889349912 -0.0303845774725918 -0.061922015555429
0.00547758078943899 -0.161022440869257 0.0232264983981994 -0.0869192632581742
0.0563357307105979 -0.180738272179764 0.0814930379674235 -0.0933937614768806
0.125713546796162 -0.160822865415674 0.135287056770733 -0.069208198328668
0.202097135362152 -0.125494954722757 0.158793338778936 0.0138821192667889
0.24188388529413 -0.0236843749470316 0.113780544481014 0.0965255153237374
0.233799831574114 0.115817528796552 -0.00823208837121894 0.0594769285807351
0.216290723557175 0.181626496734738 -0.0787844667868459 -0.104398581131114
0.125058383695105 0.130805151191049 -0.217240566900423 -0.120956171338735
0.174810642847394 0.115128247561554 -0.195273024481454 -0.170008302127249
0.213221767359316 0.0155444402226145 -0.178053198417649 -0.128110109029433
0.183451671222672 -0.0882289052032074 -0.147618532296431 -0.0774350798070995
0.114547721699758 -0.124544746227633 -0.0925444823010398 -0.0877857523583763
0.0628183040243554 -0.138707438750322 -0.0758355791996839 -0.105681067881488
0.0180799295837286 -0.13615399698259 -0.058211095506758 -0.119620547887187
0.0145320242166412 -0.11834751583821 -0.0227379814312644 -0.125107766784952
0.0212644389014782 -0.123356709854543 0.0392307119131342 -0.146657137076519
0.068496992877628 -0.130501718744143 0.107526544647345 -0.140788068929139
0.123435938959285 -0.106135469875013 0.164617311725079 -0.0961179275518289
0.177968178374238 -0.0630852771359518 0.169169454700042 0.00513896855282818
0.191763567596284 0.0250175284278455 0.098935920682724 0.0792145708602785
0.166923786870703 0.13318543350281 -0.0282534723124452 0.0268031339208536
0.13923255242652 0.165814140580829 -0.111656159661432 -0.160754608445526
0.0395051889663036 0.0771840945529732 -0.247784962617678 -0.162744343484326
0.0814469611614141 0.0770032544368691 -0.221319063228779 -0.165089605227541
0.111701070647349 0.0171221719531606 -0.172214762911835 -0.130322154848442
0.0960101634288599 -0.0417236877802515 -0.130981568627854 -0.0949279510161666
0.0615176236050573 -0.0542884073465904 -0.0808824875709565 -0.119884914341301
0.0427331076782305 -0.0663043640182709 -0.0752205624023361 -0.142204921886083
0.021234767550964 -0.0706501311985599 -0.0539018761444715 -0.1594617891967
0.0176572779649674 -0.062927114475406 -0.0105851237093379 -0.166681186673712
0.0255855653391496 -0.0672944059268731 0.0615719232674639 -0.186215248342203
0.0557506094121845 -0.0672278268880096 0.142939976533734 -0.167291846968827
0.0873817335266602 -0.0504639295464883 0.20017874630104 -0.102244414041249
0.118064835030772 -0.0169742003186635 0.184737530064928 0.00785397744131874
0.118360652164867 0.0472596276046499 0.095043478525076 0.0626289521773876
0.0877029491921359 0.114030457267241 -0.0266624350822519 -0.0015918814579773
0.0522595823228989 0.118001575618901 -0.116303773675378 -0.199386718638309
0.0277058311729375 -0.0334887306007903 0.138052522320069 0.193703075878785
-0.014966852638612 -0.0468029120941993 0.0675623545912945 0.00966535095412287
-0.0477080713418678 -0.0253635868497248 -0.0811462362818385 -0.0733993434584687
-0.0392162866694037 0.00558149574118798 -0.186966279398279 -0.0398287760965452
-0.0264898341871158 0.0074645583622328 -0.232163639594061 0.089199955043593
-0.0239708611081744 0.00444399768694715 -0.166721348946371 0.176254704331684
-0.0235848238561792 0.00153020073677632 -0.0721469668939554 0.199827284601637
-0.0197460225744384 -0.00320979699855474 0.00640179455688716 0.197474671274559
-0.0301074283009079 -0.00761319062090758 0.0605961139646187 0.171146670466675
-0.0312399022196472 -0.019092694233844 0.0924057423229509 0.149315310439791
-0.0213542770385902 -0.0236299664527293 0.0989490554882195 0.129543143359683
-0.0202941051254601 -0.0300230645450981 0.123462989207218 0.123904192219293
-0.00866031687683843 -0.0382105851706237 0.162120725480649 0.132545896411017
0.0216203492443034 -0.0381451520746939 0.181179677861226 0.140072880533866
0.0456748249785976 -0.0229864035477908 0.222299173738564 0.151871758517149
0.0948753364550199 0.0346566298108683 0.101308645829527 0.199890916226485
0.0614658232668949 0.0139459020217903 0.0429221256733626 0.00963682185915195
0.0398217294767138 -0.00422956404945021 -0.0973403937319227 -0.0671349238641711
0.0432690593221904 -0.0127050627267893 -0.195865045853625 -0.0349192470473428
0.0380197202224215 -0.039660743669433 -0.233682828209903 0.0822334541082489
0.0136214422042151 -0.0583852659842537 -0.169901053828278 0.162953485548346
-0.0135010645280085 -0.065839591982975 -0.0823029122319365 0.187412568991218
-0.0187850539013225 -0.0653906626078651 -0.00441418982342217 0.183021973406726
-0.0374460425450681 -0.0711798193998138 0.0534607312876986 0.153801287767819
-0.022812221563685 -0.0957123516550961 0.0904334710479265 0.129415777879433
0.0145844330833648 -0.0960552436706535 0.104074004850401 0.113134932516091
0.0521755081671751 -0.0937853955573442 0.130119606927243 0.11189686807735
0.0877529687588242 -0.0621080554280449 0.158971844234801 0.127227939197515
0.12007601630202 -0.00792120123208572 0.159828664757011 0.118223072677119
0.142769939522176 0.0368904550362152 0.188707146038127 0.116480994012955
0.150443857529723 0.100105723135257 0.0514221311051784 0.168697211720391
0.135577361692776 0.0768809844016153 0.0128500468467605 -0.0186450118605768
0.131921783366879 0.0176257630901035 -0.119547654256471 -0.0763577723973705
0.128961902822676 -0.0360449562829721 -0.204535315901998 -0.0327818349669251
0.0987405385729771 -0.0877606171777197 -0.221663151599087 0.0713197032425341
0.0499461629579625 -0.117125445242743 -0.157789325890386 0.135753168604014
-0.00225870254252539 -0.126043418030174 -0.0825919943282293 0.151168040402877
-0.0158237340537757 -0.118352812543947 -0.0152066066767314 0.142685176904395
-0.040679131451874 -0.123045242181249 0.041766746595278 0.112034612894188
-0.0159321547003186 -0.155322615961218 0.0842510528344425 0.0870758189215309
0.0400940590347162 -0.15589758075632 0.109286755241281 0.0757310441292169
0.105772445766608 -0.150021920181177 0.13875618788385 0.0885999449140626
0.164483151612822 -0.0885344892674615 0.155548877707023 0.120207914560704
0.199806301554564 0.0133125340902976 0.125665656899628 0.103096409136784
0.219380553865453 0.0858825401895668 0.128915621153968 0.0697537890908483
0.1880903715593 0.146933500296112 -0.0107736869065187 0.107373183071926
0.200073009695134 0.122668241408701 -0.0274397825974352 -0.064303625685387
0.216035118992157 0.0267592803097578 -0.141601244362381 -0.0939263804537629
0.201591826171068 -0.0693567779239515 -0.204853201632925 -0.0345069181231746
0.142687011428691 -0.133779662885099 -0.194880742458758 0.0497246683412347
0.0728681860497769 -0.16352561844871 -0.134419613437304 0.0902792938876865
0.0061288204201328 -0.167769768641045 -0.0767622088613607 0.0935374679281491
-0.0106278569829607 -0.152246964549621 -0.0244600059986316 0.0826028490513557
-0.0345858370435589 -0.155800439327038 0.0284120925235119 0.0529290590495384
-0.00106872862093043 -0.190771069554074 0.0736292689555455 0.0300407768167099
0.06509731851868 -0.188841071364481 0.110622391689652 0.0255505565324451
0.146467112196832 -0.179536427966048 0.144737815848758 0.0583244261039865
0.215917980169833 -0.0970252962936701 0.146831204542189 0.112122987176684
0.248314659615162 0.037121542176008 0.0798078235515018 0.0920708975957517
0.258752588663729 0.124395428724388 0.0539061465370324 0.0170463940820725
0.200081325062224 0.166785510867563 -0.0820814191738897 0.0287720383590129
0.235407108568924 0.140339585368549 -0.0808360089412884 -0.111019171920784
0.265696158022916 0.0231921139271423 -0.159815322710586 -0.110371557095009
0.23868426285304 -0.0994148941937777 -0.191425175926604 -0.0417545687553507
0.157422937529509 -0.163854078986234 -0.156878084027612 0.0123545888582584
0.0800174408082157 -0.188197207515306 -0.108048773685607 0.0281606204647954
0.00975038828421894 -0.184283552823871 -0.0693504828196586 0.0225608252175339
-0.00385162882115762 -0.162903812949913 -0.0297136089445448 0.0124175129508368
-0.0189758965509822 -0.166474763828354 0.0193340599231534 -0.0151909546343615
0.0232371874246253 -0.197075844096284 0.067953614184956 -0.0327889529986872
0.0930101757198436 -0.189081897779611 0.113552276162451 -0.0258590016899316
0.177273823434999 -0.170856182289659 0.146281060531881 0.0298900537318501
0.238690709436809 -0.0760078069286266 0.129980654224914 0.101866865929333
0.256775693246884 0.06957792536622 0.032701891023462 0.0790509011974805
0.253855478621005 0.153174560203467 -0.0195748772675837 -0.0383385031148867
0.178821015839942 0.155783054774411 -0.152892502392917 -0.0490566025206928
0.225589577705286 0.131612767325477 -0.139726858768992 -0.144993990110441
0.260914740086209 0.0140711861214083 -0.170299750741557 -0.118341796932301
0.227225744087115 -0.10903409497892 -0.16623075434471 -0.054597267126938
0.14281929285791 -0.161226877313466 -0.118480839841532 -0.0350204142397873
0.0719742897335424 -0.178265409557583 -0.0869431118582715 -0.040009432086515
0.0114608746875393 -0.171343887095481 -0.0635707029179942 -0.0502363638618046
0.0035861074938575 -0.148718445856885 -0.0302210534532393 -0.0578359209329729
0.000395043448808066 -0.152876133457277 0.0206432763708066 -0.0830485162935119
0.0491645547608053 -0.173789908483072 0.0752569346938782 -0.0914624157200415
0.114609152538248 -0.157423480986346 0.128230951528637 -0.0682554078945854
0.188106554322954 -0.125730459239218 0.150861418920742 0.0093240977570125
0.227617655806739 -0.0285757044705694 0.111940945683849 0.0885872017327805
0.224297492077733 0.10439330692668 -0.00544771636222075 0.0561038675285565
0.208150926529727 0.164868639382421 -0.0777439567855507 -0.0958866634569991
0.122515633361195 0.120197693319771 -0.210459596674558 -0.111171544410421
0.168841424657183 0.104433018651907 -0.187892813829641 -0.158155879757209
0.201918430562151 0.00883791414564875 -0.170606910897801 -0.119342522166668
0.170348793426348 -0.0897034804956651 -0.140893458960394 -0.0702716342365959
0.104140150121244 -0.121422493677531 -0.0900921842366407 -0.0812897795796396
0.054812539011491 -0.13402884637481 -0.0761521325761747 -0.0989910599056042
0.0135183570226966 -0.129676087610612 -0.0599858850224569 -0.111936387369477
0.0106309718107098 -0.112587643721016 -0.0251674910452253 -0.117880314184408
0.0169637206043878 -0.117430466486504 0.0333937627349346 -0.140428334104942
0.0623171085410184 -0.12602642174672 0.099082408475819 -0.136885820944233
0.113452618232093 -0.104873645929797 0.155431185841158 -0.0946245474377369
0.166659079388463 -0.0662236184112219 0.16135241396746 0.000963415580005684
0.181963268680178 0.0194464149624728 0.0972455000600875 0.0729596451624683
0.162005298272054 0.12216036654492 -0.0254490398324692 0.0260024888104386
0.135055582402878 0.152649082469077 -0.110066500260972 -0.148967108411459
0.0397009627385132 0.0716613679359596 -0.240945985041164 -0.150595940671684
0.0796511830398252 0.0702636088419848 -0.213026283929271 -0.153652744885442
0.106338504583024 0.0129538779462173 -0.164962005173061 -0.120247228235324
0.089044135916577 -0.0430179752136105 -0.124918973392556 -0.0872179428308968
0.0568349944613162 -0.0538193418319766 -0.0804091721917428 -0.112540920401726
0.0382363316036344 -0.0645559121954214 -0.0764121084940034 -0.134284123804062
0.0177822208275949 -0.0677219437173301 -0.057263114889728 -0.150015834846491
0.0154017308274931 -0.0593045944576937 -0.0155269370006982 -0.158704701313213
0.0223612970714487 -0.0639972906101496 0.0538352785003281 -0.179091804285376
0.0514047259618938 -0.0653227467359376 0.131306562192381 -0.163526535090858
0.0811778014527374 -0.0510195759076864 0.188892560319737 -0.101775442423476
0.111346783527484 -0.0195827415962856 0.175370719001527 0.00304286492560481
0.113253842142606 0.0420121782920139 0.0920258353108244 0.0580341044509331
0.0853364291189288 0.105651958356516 -0.0245419641591184 -0.00092662314264929
0.0513994667814307 0.108710975314262 -0.115983369772545 -0.185459163688984
0.0265751561216691 -0.0320839099438676 0.135158766840915 0.187893374504746
-0.0142328422298695 -0.0459006431594074 0.0652686061876503 0.00895591205864983
-0.0459746031443865 -0.0241692343686985 -0.0794640435982511 -0.0721276562820799
-0.0385871537024097 0.00562021769155033 -0.18262411278196 -0.0396786473433738
-0.0256487517411 0.00674424078192804 -0.225042586372424 0.0866691157675784
-0.0227498683274531 0.00463950251415856 -0.162008297026062 0.17274018446585
-0.023428193939971 0.00180454500859181 -0.0697309518483377 0.194754892818584
-0.0196457004321122 -0.00393286739609511 0.0085318740689502 0.192160925126141
-0.0291934872874634 -0.00757193473129053 0.061817398470047 0.166543354648875
-0.0307366332083911 -0.0194664467642196 0.0906833076745036 0.145982665250381
-0.0201561071045618 -0.0230536226905472 0.09657448614851 0.127143996578696
-0.0198140064818848 -0.0288846290040374 0.120607388689282 0.120824694773798
-0.0089098694950187 -0.0371431078001779 0.156056553256304 0.128042594305783
0.0220641632655439 -0.0373255748320841 0.174355848505403 0.136668377367365
0.0443892106082013 -0.0220617261319207 0.217760257871397 0.149383691100831
0.0923245833328494 0.0346996549181316 0.0997117255745124 0.193455701457838
0.060698477975009 0.0131324815644626 0.0419776242171245 0.00935939577956298
0.0391141764161764 -0.00465991695431594 -0.095021957983108 -0.0663824200393847
0.041748187283961 -0.0130062940610079 -0.189956772227939 -0.0351493203421475
0.0362144686930738 -0.0394269012938386 -0.226823282708502 0.0804137097568008
0.0131551840477221 -0.0566223694419941 -0.164915815192032 0.160132757395572
-0.0138618509156728 -0.0637942601307962 -0.0791270095403428 0.183230250409033
-0.0189609600030565 -0.0644014309010682 -0.00219795794661139 0.178035139507136
-0.0368946767185576 -0.0696019709295452 0.0543509080130781 0.149390323653073
-0.0227182269798867 -0.0934274253419127 0.0892740568054768 0.1260953161311
0.0140964028389095 -0.0940130976421917 0.102219785213692 0.11094237950198
0.0505477571528844 -0.0911495482033429 0.126251376611627 0.109181575316926
0.084528851421716 -0.0605501170451366 0.153857929956365 0.122810396956224
0.117741471026915 -0.0075402719256104 0.154422258349561 0.114675253627757
0.138650601209315 0.0355368913588854 0.184861701643375 0.11480602483554
0.14661164846486 0.0980805469140628 0.0512134072374684 0.162504074076889
0.132967655570299 0.0739842539066593 0.0127599879779053 -0.0188525247474431
0.128185827958936 0.0151010269260191 -0.115849150772349 -0.0759930867040093
0.124035927837208 -0.0354547020484466 -0.198808722652342 -0.0330215191238428
0.0946620081804765 -0.0868952925161084 -0.215329161599577 0.0706266191923182
0.04750769273414 -0.113801986909887 -0.153382970529066 0.132414958983966
-0.00344867626673392 -0.122575343201542 -0.0796886380621167 0.147785926519121
-0.0163876114961594 -0.115846325340975 -0.0129329779231543 0.138417784810369
-0.039810101964778 -0.11989236964853 0.0430578043752693 0.108879844974507
-0.016025368895167 -0.152098954325392 0.0829814078684384 0.0846023097998015
0.038460466085301 -0.151875018054624 0.108061139220032 0.0746157171351515
0.102642489277636 -0.146719842433313 0.134967775732713 0.0855926915998935
0.158922652807094 -0.086345675386116 0.151096640668925 0.116075212455396
0.195020666337048 0.0128078419553534 0.120490617997292 0.0996948154774653
0.212203342217363 0.0831060506333882 0.126306365299743 0.0687401703706697
0.183513140227054 0.143115633123623 -0.00931957323508841 0.102720458136501
0.195359075674989 0.118508454841893 -0.0258047531092177 -0.0634622306039395
0.209459164806788 0.0241751218563028 -0.136977057525588 -0.0934671952865401
0.194480566116814 -0.0682101895638451 -0.198614020732786 -0.0346351514816355
0.136602495064806 -0.13111136390642 -0.188751129205119 0.0496633585447445
0.0699911442583467 -0.160051694377022 -0.130956603700349 0.0877717911310584
0.00439835578848494 -0.164092698389175 -0.0747105858940771 0.0924845064959969
-0.0117664928968885 -0.148291522235601 -0.0223089665327645 0.0802866460591689
-0.0347158773307212 -0.151206844262347 0.0300260186050054 0.051026318044243
-0.00199131468970578 -0.186575667029014 0.0727953421129827 0.0292488595420132
0.0626305621208755 -0.184442677856565 0.109835008624811 0.0258750389604986
0.14214738178724 -0.176662996122744 0.139827830206321 0.0566710811971569
0.208870966909775 -0.0956422941599941 0.143255946670892 0.107686147734587
0.242336204657173 0.0360266425920364 0.0771963957502303 0.089534674268771
0.250340667607231 0.120227163317127 0.0528882448270629 0.018247407523026
0.195267987428794 0.161557971495166 -0.0793576695921826 0.0265781929942977
0.229341161679602 0.135395502319316 -0.0772386137456093 -0.109107869062803
0.257162777449996 0.0208913441183813 -0.154073070099552 -0.108854422275542
0.23072420826146 -0.0981057714288301 -0.184862270741306 -0.0418598647921998
0.151812289242829 -0.160587592860567 -0.152641064643565 0.0130835151101359
0.0761949621788134 -0.184025745299044 -0.105960895704821 0.0276173955260436
0.00830944719349085 -0.179685693958627 -0.0675749588965429 0.0229499846622586
-0.00466812118526831 -0.158302032663606 -0.0282370486915631 0.0118962819414756
-0.0200449449026665 -0.161407636186641 0.0202477989135572 -0.0147296219109088
0.021310184615663 -0.192419663463753 0.0670786163710107 -0.0320488508893546
0.0892539133402993 -0.185255233261051 0.112908785275361 -0.0243983256937529
0.171449501876418 -0.167748111301528 0.142153235200706 0.0295497895544593
0.230361077666726 -0.0746290604358701 0.127658383425554 0.0978864489627042
0.250103551138335 0.0679365975811365 0.0319023324541106 0.0758987838595966
0.245849188722707 0.147428203394057 -0.0192801333617313 -0.0363727494931847
0.174465058130928 0.150474919580608 -0.149109876144261 -0.049012678823264
0.22014325887052 0.127189704919661 -0.134518682686593 -0.142159911961465
0.252623114200382 0.0121756384108895 -0.163607346226529 -0.116207181080471
0.219928940740537 -0.10686415010102 -0.160481904597509 -0.0533985815224767
0.136972376281765 -0.157953947504225 -0.115007601175218 -0.034027514379899
0.0682046354837691 -0.174271869244924 -0.0856178463549937 -0.0390811096931869
0.00999749701441281 -0.166877127615956 -0.0629463793956829 -0.0483274129069592
0.00316969651062782 -0.144819124166161 -0.0296998909937136 -0.0562585786704112
-0.000871710010189342 -0.148842861467808 0.0203068376629554 -0.0805458283302931
0.0468678380577806 -0.169905249063996 0.073582417177163 -0.0897823892461737
0.110469914056102 -0.154221935253007 0.126409407326898 -0.0661560153061899
0.182477335760592 -0.124277726067824 0.146221687133281 0.00887659734093265
0.220581775606901 -0.0284219512405434 0.109441496350377 0.085920591240535
0.219242328198207 0.101665282074673 -0.00476235684880173 0.0545109767173931
0.200786612532557 0.159485753371147 -0.0762655925024422 -0.0923692899418352
0.120444375170758 0.116096523661397 -0.205169594536879 -0.109380707640038
0.164711587792295 0.10123311923927 -0.182125010257038 -0.154700742719734
0.195303409390353 0.00737777515527913 -0.164924661925466 -0.117773152473039
0.164273167637371 -0.0885782107024415 -0.135595862004943 -0.0695432708227973
0.100420569446595 -0.119097612708734 -0.0878738181153228 -0.079311138852966
0.0520891959118542 -0.131000699122627 -0.0752055985932481 -0.0966065769080198
0.0120420872641111 -0.126839562381069 -0.0605903875326203 -0.108467248925063
0.0106904144836813 -0.109304724560706 -0.0252440635441732 -0.114245953581126
0.015430852854638 -0.113954322275259 0.0324344380159303 -0.137132717210318
0.0598762271667119 -0.123568081868598 0.0960133117546695 -0.134247885338973
0.108857804972745 -0.103226066969237 0.152951746605297 -0.0914590605543993
0.161621609507455 -0.0653693127341202 0.156621061381457 0.000825245761920858
0.176328379358423 0.0183817842990199 0.0946347309038122 0.0708505556275641
0.157566929678386 0.118742086827713 -0.0241577598079774 0.0251079015000725
0.129796309994098 0.146623557177659 -0.108472957779191 -0.14432270923015
0.0392601607102051 0.0689336927317562 -0.236471178914868 -0.147192533039686
0.0768776969572787 0.0676963201502386 -0.207447900526107 -0.150668844444186
0.102717852783816 0.0119400502601594 -0.159527882863554 -0.118248356877941
0.0853195453418871 -0.0423277072030542 -0.120791976944376 -0.0855225311896961
0.0546984169183194 -0.0530650736989342 -0.0785397231052203 -0.110283886551412
0.0364368594610427 -0.0634810848867303 -0.0756939294424868 -0.130643318682665
0.0168890463497712 -0.0660721365698194 -0.0579696400664881 -0.145721976428438
0.0151263654607698 -0.0573624838439371 -0.0163836120644695 -0.1539051410687
0.0219089298799722 -0.0619196705040036 0.0516593745145437 -0.174773447929616
0.0502497781794102 -0.0641827758712278 0.126793431728926 -0.160093774229939
0.0776892289660553 -0.0501082321190159 0.184057195402738 -0.0985705306985109
0.107749824649192 -0.0198582098286179 0.171110190365342 0.00252419081471184
0.11008474572706 0.0411164906912406 0.0901362635251733 0.0566756251372407
0.0827175767917774 0.102214078698568 -0.0238164461958063 -0.000396825081259652
0.0486981010361724 0.103792535955817 -0.113195565432012 -0.179586927947714
0.0127755044334739 -0.0432092136993139 0.202433404925707 0.113547675085616
-0.0313865781549312 -0.0370234037329569 0.0616518844202696 -0.0202815269931131
-0.0506662339316147 -0.00223067878243338 -0.105604930292817 -0.0301297590179391
-0.0297412162848895 0.0234118803706698 -0.185551642388173 0.0432889416408476
-0.0165654978649771 0.0176434197792771 -0.164841662301338 0.178328733686737
-0.0163230584511167 0.0136038517747997 -0.0708502979096406 0.227575025256561
-0.0208575589161113 0.011743854517068 0.0211549869388343 0.20795248334327
-0.0203347440327992 0.00300022269929604 0.092694773139757 0.16908727712899
-0.0303243861819812 0.00597770870235041 0.130815796830676 0.122509952479067
-0.0353976784013535 -0.00539706085154676 0.146394290178009 0.0914513862582654
-0.0270961778613058 -0.0129756641760457 0.142560251825584 0.0732996770970943
-0.0279121630205158 -0.0160415012144155 0.161558011990652 0.0562872197111557
-0.0228600485537811 -0.0289092299232245 0.194490790625397 0.0481135216188112
0.00597671608832149 -0.0424132536911565 0.215781096640995 0.0533981347946794
0.0336262924046009 -0.0394032905774409 0.263752750583232 0.0485423537194893
0.0995360641053605 -0.00755423500380132 0.175804464411448 0.13166413708106
0.0597427439664131 -0.0134905278271241 0.0426410549495211 -0.0124463972725389
0.0331305476314034 -0.0189821297531635 -0.114502147827764 -0.0224449185747294
0.0327029969023543 -0.0254772476602818 -0.188126070069152 0.0472330020911752
0.0188937237478244 -0.0486319917005409 -0.170028342811203 0.170335822371576
-0.00980337077925449 -0.0570488783650478 -0.0800039750830305 0.215384617694233
-0.0397008947080771 -0.0515023708592027 0.00677553441718267 0.199078780848227
-0.0445111422874911 -0.0538017890004772 0.0773159491739533 0.160869209904526
-0.0629711774564143 -0.0483522315278368 0.117674145990116 0.109261829732948
-0.0600404384556837 -0.0769773903321991 0.138676093566213 0.0733376029361786
-0.0258717556334931 -0.0939320322536174 0.145063725318478 0.0568228897473419
0.00874872976619922 -0.103115295172354 0.167718764435955 0.0458176702042665
0.0535528228401929 -0.0897168797433111 0.192286948716361 0.0472719496226334
0.107141375919842 -0.0565204360729286 0.187424183466251 0.0460102729462693
0.146457764352012 -0.029267741919765 0.215040532116151 0.0356671309564772
0.17416994816108 0.029558374819736 0.121864156788636 0.122861189015885
0.1494245229186 0.0126213159032511 0.00702439265034714 -0.0264291903028184
0.121777130523803 -0.0354740127483069 -0.134925729032227 -0.0263120511986974
0.0964942244373983 -0.0797601350738014 -0.19234326439027 0.0489537996053763
0.052112114638064 -0.114853267480475 -0.164051584745858 0.153132873897594
-0.00318411223126866 -0.122911709056725 -0.0827724042496914 0.183634646178823
-0.0543970053306957 -0.108624703047818 -0.0093965353551313 0.165548723442868
-0.062851470607791 -0.102493847078952 0.0504561329396867 0.129346729716606
-0.0868459662423074 -0.0934046470456847 0.0896268898203941 0.0769379087794972
-0.0787833117935176 -0.133658064998898 0.116623247447769 0.0373092374950039
-0.0276903815349999 -0.158133982130297 0.13806719387486 0.0214586616220711
0.0321074486822172 -0.176388377531423 0.171117464665524 0.0219404100966656
0.111395861194402 -0.144934660345499 0.189692001844784 0.0437712797909118
0.18714059575952 -0.0706770070312689 0.149984621454139 0.0493676971438357
0.235635847904938 -0.0188318586193935 0.138568719611979 0.0215003024378385
0.225548650932141 0.0576147131417531 0.0431797962052559 0.0926383370522013
0.223221417972549 0.0287199404387267 -0.0457698030428686 -0.0522973025522249
0.198302196355452 -0.0596588267853671 -0.159146179584381 -0.0375772132271301
0.145125254441124 -0.136909039772847 -0.191648622994368 0.0433794074017253
0.0709636487477874 -0.172310527682507 -0.151016362526828 0.12027143144256
-0.00301041401399114 -0.174245238380532 -0.0830348392976372 0.132108144228307
-0.0645180275050189 -0.149168268654596 -0.0298176960403312 0.110932488792753
-0.0718892658361488 -0.134610562809744 0.016278079230429 0.0802330230600137
-0.0947470555510051 -0.124598335416807 0.0527663870921593 0.0302315118345378
-0.080771468945255 -0.170751320041362 0.083916151759744 -0.00903426404338588
-0.0201128588809055 -0.198695095079294 0.120062501871308 -0.0227621168646461
0.0539063342748857 -0.220936208345311 0.166949035918797 -0.00480572394682761
0.153870329224616 -0.17415806341022 0.179825806146347 0.0422333861571165
0.23967830500014 -0.0697741426220707 0.105742398239967 0.0604330687301688
0.28708684293774 -0.00222362349607441 0.0466945919030338 0.00741930890235996
0.24310938950765 0.0710619638223178 -0.0518794660958943 0.0522832326118808
0.260754185095501 0.0322205108434593 -0.111539354018235 -0.0726255977051455
0.240011082812944 -0.082182410576339 -0.180285712834028 -0.0464647521239906
0.165336237618988 -0.178101611026316 -0.181410615502909 0.0277861225346296
0.0711274561970632 -0.204031103299901 -0.134880079616555 0.0698689296442478
-0.0079972151385784 -0.198023921010316 -0.0869815747318924 0.0661756338397141
-0.0677196018891519 -0.165681246766818 -0.0549864009214471 0.0445664957176339
-0.0692806284218331 -0.146494115485286 -0.0191816854061904 0.0212671250867671
-0.0853264344991523 -0.140164097276167 0.014750484815425 -0.0249267256870408
-0.0624444557235088 -0.186899619862604 0.0519756525959914 -0.0610822210809242
0.00336566887911145 -0.210517853382596 0.102207840986746 -0.068383854312257
0.0837435028388911 -0.225839297339635 0.157508103373357 -0.0289440082332134
0.182439341938577 -0.165076715560286 0.161371705735345 0.0410583015971135
0.259828975725554 -0.0437646904857256 0.0582410311452719 0.0679244904331663
0.294415877637532 0.0252933592316739 -0.0436991069357991 -0.012464873345183
0.21965017294096 0.0704167957001807 -0.148195361846016 0.0134879338973885
0.249352572680297 0.0292374468332474 -0.179114345642014 -0.0777767599834479
0.233174579187082 -0.0882164141820624 -0.19261678847262 -0.048002021301976
0.150933497228668 -0.181830401093827 -0.165627794280202 0.00734218856016132
0.0581996745518736 -0.196248848168352 -0.12120099661165 0.0112965293056737
-0.0116779853666607 -0.185534270986092 -0.0981323734467778 -0.0024851587440308
-0.0612090268049026 -0.155356270879428 -0.0814930187984856 -0.0215199487388191
-0.0559630395221007 -0.136159867789524 -0.0506158669007075 -0.0390721435837954
-0.0620223653267983 -0.136656661861388 -0.0146509764612451 -0.0836925274581611
-0.0295207052844532 -0.176809143985171 0.0322163185683033 -0.115552791067794
0.0362845796466565 -0.191329775312086 0.0946564873576145 -0.110523737972876
0.112411276345426 -0.191363643113444 0.150425101957459 -0.0467584629932864
0.192667923422522 -0.117441433969969 0.138508398418056 0.0382727500868325
0.244936914429803 8.37822112771591E-05 0.0138707788339966 0.0622675309725761
0.257480379205899 0.0556904588466469 -0.119217602958941 -0.0422913472519788
0.156420372518891 0.0619206360254326 -0.228538132357961 -0.0172984982124569
0.189304755467906 0.0282525567932795 -0.229284699230109 -0.0678282778243069
0.178954986678792 -0.0685331191274422 -0.194694369546219 -0.0461630626785676
0.109598328363242 -0.14288098265132 -0.150000115449426 -0.0144150477384805
0.0412819084730549 -0.146997553117857 -0.11673238699241 -0.0394228692299908
-0.00829609522627943 -0.139681934992556 -0.113136106275829 -0.0579610892030767
-0.042130589330176 -0.119281171677759 -0.104213420545661 -0.0761056220021821
-0.0348408266174277 -0.105490730363095 -0.0733035355941652 -0.0934312128566112
-0.0328113023212121 -0.111210661322146 -0.0290517226356834 -0.139020334505231
0.00236869824618893 -0.140236023591776 0.0310912287775673 -0.164376809654924
0.0569560621407505 -0.143154862380671 0.104746650969501 -0.145237081862713
0.119180774851406 -0.128777900579948 0.15190428655476 -0.0580078407120769
0.172079376549008 -0.0564877947298971 0.117195890051248 0.0301205260690823
0.19534872625621 0.0421295383234364 -0.0167022657885325 0.0405466998089093
0.184998298505311 0.0758806729000189 -0.168954088165162 -0.0798116784732863
0.0635401811250739 0.0507812260095429 -0.275754961896044 -0.036291357078106
0.0978872755168518 0.0340898680092655 -0.251925779982833 -0.0512316973942808
0.0971102754203409 -0.027463409978562 -0.191101479119458 -0.0440053921589794
0.0578456702023933 -0.070533854106775 -0.145060510848602 -0.0309062708791728
0.0267087499786262 -0.068299806576738 -0.120957993226619 -0.0685938596516324
0.00542056545015368 -0.0711898254905069 -0.127337164942051 -0.0867714450213659
-0.0125752781372353 -0.0667891824868799 -0.118677527011993 -0.10944530335455
-0.0089921134236117 -0.058851819089888 -0.0825737479347158 -0.131820230360608
-0.00540059796455786 -0.0660466059553083 -0.0298492803314033 -0.181235519849326
0.01899527740785 -0.0807689965531275 0.0461787101303654 -0.199684264262998
0.0504133992289333 -0.0802052009630568 0.127102359136579 -0.166285672492875
0.0904980354829631 -0.0643146099695606 0.160802642191419 -0.0638892752745901
0.120321072782677 -0.00697419718118081 0.10495986470878 0.0175344310612978
0.118797605323441 0.0584864667755197 -0.0262228933183784 0.0135534818199391
0.0896898617990396 0.0732141651678613 -0.18593142289768 -0.114255507594838
0.0118853161567904 -0.0432988527549733 0.209609848074012 0.108578934520028
-0.0329582191310684 -0.0374253095032429 0.0620568001329464 -0.0228599860067576
-0.0516593344892016 -0.00134862814636995 -0.109686485125055 -0.0285016777650512
-0.0302212596107754 0.0246802123682183 -0.188847707435342 0.0485923823741253
-0.0165448053482807 0.0183902711677114 -0.162527764880412 0.186493313305101
-0.0162420770906813 0.0139101143271224 -0.0649029524506482 0.234708619414569
-0.0208405447214347 0.013263561844514 0.0282982217140099 0.211591806951619
-0.0217216257562968 0.00388221044200034 0.101212806050473 0.168837329785434
-0.0309026375338635 0.00674677820480686 0.138634516536883 0.119903386940347
-0.036882245223177 -0.00456916931191419 0.15361520527603 0.0895417991335719
-0.0274828439099708 -0.0123937244031421 0.148284148840132 0.0711576323884341
-0.0286406469075818 -0.0150176168162424 0.166752844128237 0.0532447921539767
-0.0236999794506149 -0.0284171985526479 0.198013455499805 0.0439528542300203
0.00584882158668478 -0.0440449402015853 0.219925446938786 0.0510080956908913
0.0331439412971782 -0.0402421556932319 0.272889096515939 0.04233214159698
0.102033103543786 -0.00988037840575481 0.183920203091637 0.127508210061768
0.0607837816705359 -0.0164201626438502 0.0436476755780903 -0.0142883397898718
0.0333339730230468 -0.0208406991025726 -0.118086196129872 -0.0201152748422203
0.0320741311597232 -0.0268673562668872 -0.190897119871204 0.051974014098296
0.017199526951922 -0.0507781176408702 -0.167026472803857 0.178076149779945
-0.0121872912423162 -0.0582632597895224 -0.0744859607395645 0.222143457323789
-0.0423645764465221 -0.0508432662167503 0.0133182671750155 0.203053711665979
-0.0481064607114284 -0.0539794410718677 0.0846394915404831 0.160258398978053
-0.0660607972698782 -0.0476348348139075 0.1249515725988 0.106964588755707
-0.0643554477264074 -0.076886175346484 0.14531666722995 0.0703910143045993
-0.0287091181137222 -0.0950938723898897 0.150751290192267 0.0537537776722423
0.00642281154648855 -0.105441414994273 0.172277194277104 0.0417323073124827
0.0516764054427706 -0.0926073319165811 0.196981069877753 0.0416105034330561
0.108435989783428 -0.0606995048790518 0.19151129071027 0.0430124149961617
0.148103872541038 -0.0329229905511766 0.222343590682856 0.0308610940549855
0.178682754012879 0.0252286771407722 0.128440424454252 0.120285179443809
0.15267162489236 0.00821320781536442 0.00712548331621023 -0.0284383029635027
0.122357061617487 -0.0406608391470973 -0.139024146254244 -0.0250376708262232
0.0951078959666323 -0.0838619446120537 -0.194961123923344 0.053866634093074
0.0480894167551306 -0.11903083986826 -0.161871440636723 0.160831678830745
-0.00760310640535091 -0.125543951361624 -0.0785050532504629 0.189939031727521
-0.0592748075286343 -0.109177643852027 -0.00415799713345013 0.169049092338613
-0.0680747933643116 -0.102976159722365 0.0561788596348413 0.12860026364466
-0.0915828749579759 -0.0926515977645909 0.0954903950515539 0.0739374369427675
-0.08610675058478 -0.134243289350294 0.121049891182748 0.0349080427042645
-0.03335909695065 -0.160869432873867 0.142614178288489 0.0178045092218444
0.0270127968505834 -0.181187735256422 0.175528289335157 0.0179159042208316
0.109091328887577 -0.150603074703114 0.193663757321964 0.0382896664500217
0.189644780291503 -0.0777796188878 0.153385643628567 0.0465922689279844
0.239795199417344 -0.0257106752986755 0.142909372370697 0.0187625383613348
0.231978723768393 0.0515221268302638 0.047407325183707 0.0918216032799687
0.228577181071222 0.0225377860171436 -0.046927287608254 -0.0533496521738613
0.199375733636716 -0.0667080769144913 -0.163449542393401 -0.0357225373600399
0.143034082246569 -0.1437505009631 -0.19394514383698 0.047689705843284
0.0650798015953341 -0.178188192104502 -0.149074303887773 0.127188957763625
-0.00959016906565608 -0.177466989802446 -0.0801838234533606 0.137442989159736
-0.0713482688064369 -0.150424740042762 -0.0263388144385908 0.114531605286049
-0.078671915487866 -0.135371483583664 0.0196413471862319 0.0803680369016547
-0.100743532924282 -0.124405442053726 0.0554704795906932 0.0276185158627891
-0.0894008893107379 -0.172579020536547 0.0864563601725349 -0.0120089889166368
-0.0270202957392984 -0.202515664114037 0.124204707128506 -0.0273629262236968
0.047718256590572 -0.227538871973486 0.169973314431938 -0.00916476099331965
0.151167425963079 -0.181944010772771 0.184591014010632 0.0367550357793157
0.243575432557461 -0.0784273949788278 0.108766422742454 0.0590913674155951
0.291512954824278 -0.00991258080541417 0.0493857912559752 0.00714905628870719
0.250257150841373 0.0642854378255405 -0.0513389645609527 0.0532794640202142
0.267257178230722 0.0247780526786554 -0.115434704462456 -0.0723417953134943
0.240532158505971 -0.0906103665831436 -0.185177945740652 -0.0440206540790735
0.162091242063076 -0.18603236453866 -0.18436359778952 0.0318234924163204
0.0647963394791592 -0.210610543213041 -0.133761357357639 0.0752872102883842
-0.0154914590701403 -0.201444568946648 -0.0863163226024122 0.0699990768171333
-0.0748457674091472 -0.166891854260395 -0.0544816670708702 0.0475808958409736
-0.0758639309827446 -0.147506133741471 -0.0188715002933597 0.0220245116470895
-0.0913151776056192 -0.139743009204388 0.0152504653979978 -0.0273625022350817
-0.0712288960492465 -0.18897665644901 0.0517972637488052 -0.0644860687061769
-0.00389547510587914 -0.216016819097006 0.103701384255264 -0.0736150477599289
0.0771247007785729 -0.23436952149146 0.15962577843535 -0.0330028619108599
0.180583350226593 -0.172949662423064 0.166418344854888 0.035976722137067
0.264573100732642 -0.0526399216119441 0.0616399268542832 0.067772482633653
0.299598813726257 0.0176614046262578 -0.0439812929797353 -0.0100961379371742
0.225854872061842 0.0642352055816065 -0.152190297284028 0.0165489442432234
0.255623740866192 0.0224656285846127 -0.184456305753235 -0.0760206598597485
0.232460372518072 -0.0962823619485038 -0.197391373789073 -0.0458801763077108
0.146591783310672 -0.189982266127722 -0.167814134916671 0.0106978674299347
0.0528757524821752 -0.20280830380525 -0.123610703212402 0.0149905839506215
-0.0187665797721917 -0.188651853466473 -0.100526914747086 0.000163654989005402
-0.0682252364539031 -0.156040621091373 -0.0841385691012469 -0.018915946247496
-0.061610407023167 -0.137242714934371 -0.0527937589479666 -0.0383772273821304
-0.0677636951032268 -0.13682774152242 -0.0165596825502464 -0.0860761007722665
-0.0368876874093618 -0.180130706173156 0.029279175530949 -0.119140119524586
0.0299505931926557 -0.195765531295015 0.0950062592513268 -0.116895805805485
0.107507074093289 -0.199572005491332 0.151951764775358 -0.0515134621775313
0.192884053181352 -0.12579068874357 0.14293595796267 0.0333048025971282
0.25067020301037 -0.00716208142827865 0.0167027733740998 0.0626757334128742
0.262539755867365 0.049890790993467 -0.123073234027931 -0.0380378333613319
0.161461706740748 0.0571038933664547 -0.234685809243441 -0.0116612020780671
0.193920542299957 0.023071498263169 -0.235422541263489 -0.0639065161121549
0.179050601173085 -0.076064583265313 -0.199831656173493 -0.0431182386902285
0.105809130230718 -0.148980253856059 -0.153016127719393 -0.0123030341115812
0.0364188676775773 -0.151475607223112 -0.120154723704279 -0.0373943662846909
-0.0140276595313017 -0.142126454833684 -0.117797134910159 -0.0563854212216052
-0.0469850320785878 -0.120706021215369 -0.110273835235971 -0.0734994956639462
-0.0384241908915072 -0.106671710531514 -0.0778369278775674 -0.0924081475880702
-0.0364473234951566 -0.112214371675546 -0.0347423715929731 -0.141524705019116
-0.00295780344523057 -0.142848312571143 0.0265389907004069 -0.16914738089069
0.0526427936694213 -0.147723347497503 0.103812140925778 -0.151742861155326
0.116841333129627 -0.136027539454407 0.152679205639112 -0.0635075859563256
0.173399842383998 -0.0620470310602821 0.120810083475911 0.0264485812103655
0.20014350081262 0.0372062047123662 -0.0151617746786803 0.0420257104197561
0.188822028660621 0.0725392924304368 -0.175125057810991 -0.0746130027125056
0.0657949528375707 0.0488469414247277 -0.2844749851896 -0.0302411520162916
0.100615830527018 0.0311941611131502 -0.258127411916579 -0.0456170923876792
0.0974266934018798 -0.0313932180701232 -0.195856302552712 -0.0408331627809568
0.055284513477831 -0.0734294427493073 -0.148142185712199 -0.0285312037159745
0.0246788877915324 -0.0710148490181922 -0.126249531790561 -0.0671937787448976
0.00232753835964956 -0.0731596571558229 -0.133740161084791 -0.085165879964961
-0.0151993756059453 -0.067266508318707 -0.125908498932662 -0.106829411079429
-0.0102462494914455 -0.0596486516140988 -0.089067530441605 -0.131714773517122
-0.00674541597486323 -0.0666186151783112 -0.0362573428791504 -0.184440053670224
0.0164262343769231 -0.0834049805525371 0.0402590040166497 -0.205759225365863
0.0480482501631092 -0.0831279373978182 0.125380675853673 -0.174199329431095
0.0902323885018487 -0.0683222566868933 0.16198311899184 -0.0699835399957972
0.122378211410873 -0.0107448044311057 0.108301973820289 0.0148921955086628
0.121844997187186 0.0561638513403361 -0.0259093485623172 0.0148434878591859
0.0924436920296798 0.0718981017638491 -0.193354692015895 -0.109474438402989
0.00960478487394627 -0.0436487834171932 0.218418847536667 0.0952652667159505
-0.0357490605113361 -0.0366944804648987 0.0617189648431659 -0.0273906716018582
-0.0514156973206083 0.00136243234489469 -0.112485034996441 -0.0230853994449679
-0.0285010464916863 0.0270597701538496 -0.189139972639695 0.0594451067339104
-0.0162964676663466 0.0194793588066741 -0.151791180227438 0.196752574622477
-0.0157359844268648 0.0145812024526122 -0.0508496569129233 0.240685869231336
-0.0201418098317615 0.0149854597312477 0.0410202846396858 0.211872216227704
-0.0224962134447211 0.00491435037997204 0.112663543787299 0.16313794950635
-0.031201448830862 0.00877240823121395 0.147901777007201 0.111509449007535
-0.0374684847548082 -0.00277152091118245 0.160917131679309 0.0815558239120535
-0.0278967860853852 -0.0116406892323545 0.154049197073228 0.0641291528396426
-0.0291033373475974 -0.0133129410102354 0.170225692549005 0.0444431219532619
-0.0253882966246342 -0.0268887657463072 0.200046216581365 0.0331740559370713
0.00414256494599143 -0.0450178039968973 0.223549946376988 0.0401643442430128
0.0310055623726555 -0.0414300176364933 0.279734743014533 0.0271428073453275
0.102494482579364 -0.0160802760159245 0.193315414384969 0.116236766775163
0.0603994814219212 -0.0208045578103608 0.0433488630753985 -0.0177042843046785
0.0318737486700363 -0.0237726137535393 -0.121003102354438 -0.0151240144948992
0.0307634247189243 -0.0287213267689649 -0.19045501122531 0.0624806964254074
0.013129136397122 -0.0521646365725628 -0.156704943551868 0.189565578913059
-0.0162558452226095 -0.0583787462444735 -0.0619898294474982 0.2292995887261
-0.0460528181651237 -0.0486896756384618 0.0265710353549866 0.204708166165032
-0.0528107991400345 -0.0516207995987035 0.0955659354972499 0.155560804828051
-0.0700296411142167 -0.0439784072790289 0.133575342314061 0.0981687434629595
-0.0704518214388171 -0.0741568233837209 0.151887338355509 0.0624190683158335
-0.0342334762477867 -0.0945050600808719 0.156706738158543 0.046050186458614
0.000372571236750909 -0.106827963267847 0.175693898342663 0.0327913305985795
0.0466428836686385 -0.0956207918225488 0.198672199779884 0.030564043360361
0.106725172428968 -0.0678263390229121 0.194718668342865 0.0335145375393604
0.147555051986034 -0.0410464119634889 0.228184332652709 0.0184342592324206
0.182057475504689 0.0150302436143033 0.137278619379223 0.111646555924411
0.154418102153265 -0.0014238329696415 0.00617219963683253 -0.0299420987826925
0.119932027573774 -0.0485648482841848 -0.14178549049018 -0.018664445925038
0.0904357187135439 -0.0899989143310096 -0.194118334135228 0.0632071727065278
0.0396730106423299 -0.122266816043999 -0.152422595682893 0.171215092161403
-0.0161592467594814 -0.126497009926527 -0.0673435142795743 0.195893210002997
-0.0670022742858132 -0.106129269086493 0.00660632371498814 0.171200018248268
-0.0760122918361684 -0.100307291035374 0.0649108221701143 0.125863963857164
-0.0982454410538468 -0.0881850117024366 0.101635277198073 0.0671393572438813
-0.0960699109787127 -0.1307148479663 0.125864060733016 0.027299946501259
-0.0432979838032988 -0.161028294802269 0.146799701173303 0.00875193501997629
0.0164189124522991 -0.185002349783555 0.177291312679176 0.00822650468918086
0.10076162460895 -0.157422457332193 0.19626777937663 0.026129550555729
0.187622648224593 -0.0899702846449897 0.157366795112238 0.0393079197751811
0.239198852592754 -0.0387282962581939 0.147208173983993 0.0117494078916189
0.237362042306217 0.037943950942675 0.0532899088585848 0.0880875820277059
0.231890741990337 0.00891657950959899 -0.0498774548970118 -0.052083879379774
0.195055218243755 -0.0793356833682231 -0.167132701957057 -0.0280529286934626
0.134888869000436 -0.152606347249267 -0.192920723440359 0.057202738322662
0.0531604269083156 -0.183270611861368 -0.141540280521031 0.136300506408068
-0.0212979274867388 -0.178790671043664 -0.0726637569789534 0.143250831186037
-0.0815226759961542 -0.146831887548606 -0.0193314196438524 0.116805143913071
-0.0883756310917567 -0.132525139239754 0.0250481809858496 0.0794885445939541
-0.109890720828048 -0.119248438575421 0.0585095312883354 0.0230314512022029
-0.101912493228806 -0.168389799457913 0.0875521700398297 -0.0180119233512081
-0.0397345047616194 -0.202981397585854 0.125341200708619 -0.0357328300832387
0.033872058126333 -0.232679289328212 0.170217880163605 -0.0185972095807249
0.141538383963707 -0.191562304663815 0.187240593559714 0.0241047428166023
0.241694079969779 -0.0930720918831637 0.113326008007518 0.0529231625162215
0.292100685178981 -0.0256925912316437 0.0518491789021918 0.00531783608894166
0.256372521738758 0.0490730619077134 -0.0489845065260166 0.0549341329430086
0.270291307783041 0.00969089758220897 -0.119929858034148 -0.0678102463492972
0.235546613106942 -0.106269967647141 -0.189150730874722 -0.0357508964926417
0.150763196457324 -0.196384846795026 -0.183982303951152 0.0401486728272687
0.0513558957363598 -0.216344026790702 -0.130190482452176 0.0831102950572076
-0.0287900281678065 -0.201999354448268 -0.0833465514610813 0.075321414315609
-0.086574409667245 -0.163279144498627 -0.0515077518274171 0.0514278954716536
-0.0860098701905268 -0.145059920325417 -0.0176262334272602 0.0228962867508019
-0.100730954116537 -0.135452817437401 0.0145056758864401 -0.0298202899050068
-0.0848181750676848 -0.186598977892081 0.0491877739834426 -0.0684766337135196
-0.0174532570980612 -0.217627568361384 0.102427400222246 -0.0818718800013738
0.0628596300694371 -0.241704168239717 0.158312438871098 -0.0419923021472158
0.17212661332914 -0.184580141867713 0.169167088905124 0.0242655324721365
0.264470529041742 -0.0681671443870088 0.0657123814865749 0.0640450449382839
0.301155963035548 0.000994244196745043 -0.0437952584831273 -0.00653672072783484
0.231531942851939 0.0502817901675521 -0.153042430560817 0.0246232471093832
0.258211246240245 0.00776751967886106 -0.189420804400998 -0.0672817508640953
0.227212042039043 -0.110498742333589 -0.201877160647487 -0.0365941180801747
0.13531436408255 -0.199811937635295 -0.168285423425745 0.0180095263450873
0.0396886177551455 -0.206906961884584 -0.122881556153119 0.0220459160454069
-0.0314961661136469 -0.188874919321851 -0.101533847900532 0.00549675008777284
-0.0792402713752518 -0.153024219886203 -0.0864143132433568 -0.0139405957503126
-0.070950970477083 -0.135930296426247 -0.0561340142838381 -0.0359526433678089
-0.0765301750165573 -0.13329026390575 -0.0216708733134481 -0.0871402898179681
-0.0495890272864159 -0.179051286251942 0.023302189064271 -0.12172909431937
0.0173719708531967 -0.19951668801224 0.0907622438988578 -0.124492663699239
0.0955613686581345 -0.208090214614258 0.150226867428771 -0.0598306266790015
0.18646903409498 -0.138012696063863 0.145989755049294 0.0236688126642858
0.252508110966121 -0.0218966129527653 0.0205187985449338 0.0620922644200819
0.265581723931476 0.0344614276677406 -0.126012386935105 -0.029544869289239
0.165663750922769 0.0465686515743056 -0.23847542025265 0.00112225824322117
0.196390563044811 0.0118983031104006 -0.240797123498648 -0.0519697302063379
0.17402322836071 -0.0869466783586557 -0.204060553534048 -0.033726514540392
0.0969415168988219 -0.155513287163864 -0.154756652943531 -0.00506671440367595
0.0267860115671188 -0.154544819664424 -0.123486234099977 -0.0312678152306234
-0.0235369388621081 -0.142263126603692 -0.123272389963001 -0.0500403904338714
-0.05513274703362 -0.118143928130882 -0.116558695177926 -0.0673020608303053
-0.0453255822215498 -0.106398084007624 -0.0847101519647929 -0.0882054222457317
-0.0437544813406506 -0.110469515403716 -0.0431113849014506 -0.141564076883994
-0.012858487956272 -0.144634470370311 0.0167691174716798 -0.172001890941026
0.0431274263072157 -0.151677792400714 0.0973688528188367 -0.160184971680059
0.108750353485363 -0.144187581748136 0.151393531774019 -0.0722366659502968
0.171453257826859 -0.0731342305780594 0.123796205100809 0.01901068737517
0.204325022048551 0.0255690509930108 -0.0124795195937039 0.0426957415584028
0.193646139446707 0.0619847008923496 -0.181195938484954 -0.0633108929767226
0.0689440938284056 0.0442639401817697 -0.290684910287359 -0.0138878306859812
0.102922642561988 0.0255409662765389 -0.262769251003637 -0.0315396326772095
0.0950222299818482 -0.0373441287029568 -0.198909477333805 -0.0321417926217875
0.0507213185917424 -0.0766340327330769 -0.150824139257917 -0.0213089296074963
0.0203584445535825 -0.0730683496483522 -0.132235143354361 -0.0607157465239326
-0.00305521198881289 -0.0729133720185195 -0.141042425675435 -0.079088593462981
-0.0194709567346063 -0.0666789591985889 -0.135200530365764 -0.0996239066523579
-0.0135111453795544 -0.0598034511400106 -0.0986727605739431 -0.126845753074577
-0.0105259167843281 -0.0661840405905385 -0.0481270194467509 -0.183802621381859
0.0111459344004789 -0.0853239360318195 0.0280268548090835 -0.209410971861742
0.0428179433452251 -0.0859753567482688 0.11704743440565 -0.184000191382302
0.0859530081607099 -0.0741039764673035 0.159875469854126 -0.0790995046594614
0.122590777950674 -0.018082218382644 0.111084776416257 0.00910536584918461
0.125699781896846 0.0497669131888574 -0.0242813254303734 0.016502395029034
0.0959661457659228 0.0675017576548466 -0.201469704127994 -0.097319980403842
0.00659579692015292 -0.0426723684205282 0.219165893592042 0.0779481373601508
-0.0374212562690236 -0.033654910508997 0.0584537595563205 -0.030936544173842
-0.050724482010344 0.00444791854632969 -0.111624432712304 -0.0163006545159625
-0.0255772090453536 0.028927186329498 -0.182592981228098 0.0695212328232945
-0.0155391340930675 0.0204053775828129 -0.135280546149405 0.201594074168854
-0.0150853196335648 0.0153483691485867 -0.0335686814023941 0.239271098884458
-0.0184269104173998 0.0160566102780703 0.0543779040661115 0.204664969426773
-0.0221632382305547 0.0066881266406324 0.122530239317907 0.150980722555932
-0.0305831665330809 0.0102033849104825 0.152921143483567 0.0978340788063758
-0.0372780303448279 -0.00057854069779277 0.164301409174546 0.0694673998624148
-0.0274427202723192 -0.00988306555539512 0.156215542909003 0.0542372177269056
-0.029439281133512 -0.0107862066857077 0.169150507030784 0.0332159049775693
-0.0267593757052581 -0.0243366986097139 0.196169033583514 0.0206825733963103
0.00107774521002493 -0.0449077136662629 0.220803644138084 0.0269282183251026
0.0281468713445475 -0.0414485829396458 0.277865789608215 0.00925103336399401
0.0993084685379544 -0.0216742114463391 0.196225653909224 0.0996830281872198
0.0571554028043672 -0.0243175723320756 0.0414971947365457 -0.0207106344355888
0.0286143524643501 -0.0256049833946328 -0.119540493819993 -0.00826908434182123
0.0283278720211436 -0.0299316415532257 -0.183547904617374 0.0722388358620399
0.0082160244916036 -0.0509236990925868 -0.140320979728255 0.193942736206996
-0.0208829099198233 -0.0560340792157872 -0.0448987365061226 0.22773083131445
-0.0483496857259458 -0.0448457276265839 0.0404601028013984 0.19817616659386
-0.0563422897410792 -0.0467503937588939 0.105049558507622 0.144972985615408
-0.0716342665448714 -0.038760846080565 0.137794714663027 0.086182754839398
-0.0750997707205564 -0.0678988718156348 0.154182513272226 0.0515469492563776
-0.0395770264132291 -0.0913174124973197 0.1577662516608 0.0350718334704642
-0.0067919827132163 -0.104350688105595 0.173626608984977 0.0209461147114335
0.0398291131722791 -0.0961510713991716 0.194453109642214 0.0169236669597825
0.100979873317965 -0.0738591697811196 0.191855651668961 0.0213725861886666
0.141706083339946 -0.0487269604942771 0.226370773900345 0.00382998989545759
0.179297891260797 0.00267016788716106 0.141427471479809 0.0991265771319977
0.151238322282098 -0.0113449084108277 0.00466697113919842 -0.0307149406974363
0.112404225906018 -0.0554496965379157 -0.140576553526632 -0.010661443174374
0.0824189782172225 -0.0936348723601729 -0.186624943658033 0.0727697627801811
0.0296121418699055 -0.121810107304313 -0.136711110657987 0.176045248058756
-0.0256578278345403 -0.122496473331075 -0.0527356836097971 0.195917035785921
-0.073163270800995 -0.0993633788051692 0.0186241095456629 0.166635106274745
-0.0824947154211631 -0.0933833850254329 0.0719992679554983 0.118198880620861
-0.102105401841917 -0.0797732131855953 0.10465023822873 0.0572174985131392
-0.103767994864873 -0.12122600956628 0.126249570841128 0.0180763779329649
-0.0529590198108949 -0.155506630831182 0.145542449171911 -0.00102162237323572
0.00320378805984549 -0.182362238013428 0.173738472186556 -0.00168234576461651
0.0886077889683697 -0.159800948817417 0.19197053816041 0.0122278196831032
0.178858131913079 -0.100356832994028 0.156279019996761 0.0287916724840413
0.23063463476411 -0.0521478343680945 0.147265129202965 0.0021683609556181
0.23399184376596 0.0208767225454285 0.0576831961296307 0.0805545116241674
0.227345597927339 -0.00645261382462311 -0.0520411507231606 -0.049473625911636
0.183930629353385 -0.0907801860954305 -0.165966729942173 -0.0186481964129344
0.121349946708006 -0.15837812714841 -0.186028857892404 0.0666649917809714
0.0391062913995057 -0.181635829025191 -0.128713308143371 0.141427086318352
-0.0335671932645819 -0.173519517870212 -0.0616814479876701 0.143734801929534
-0.0908683268361756 -0.137983159416301 -0.0106606526747171 0.115625055757445
-0.0966704583641247 -0.124004567028901 0.0299077412554411 0.0756672300724511
-0.115032854479002 -0.108911204884591 0.0591699299481601 0.0171156471322413
-0.112889054604972 -0.157976044526626 0.0858992078365421 -0.023579787596766
-0.0530571281080169 -0.196844533607791 0.122030750912884 -0.0441364707563891
0.0169609702868146 -0.230811621475973 0.165686373571514 -0.0276114489608455
0.126440803675033 -0.196269524789361 0.183091436898632 0.00999048476660098
0.2311876379065 -0.107059103732656 0.114267703404458 0.0450576129370901
0.283178835670915 -0.0434881360987521 0.0524726604110176 0.00311123630936588
0.253145889901145 0.03090699326115 -0.0446410532897958 0.0555924124976247
0.265762776495289 -0.00803693879710202 -0.121142186286214 -0.060442153508204
0.221607091544031 -0.118879376977564 -0.188259100528129 -0.0254228865777904
0.134001821639307 -0.201134325842508 -0.177547862917124 0.0498236302191134
0.0345413283031878 -0.213988343128135 -0.121413741835625 0.0889260465744451
-0.0427840973601778 -0.195732507709203 -0.0768360505610578 0.0779677294843057
-0.0968721650197362 -0.15368832659663 -0.0470408108963105 0.0537032660275773
-0.0951676807387324 -0.136605793174336 -0.016039911156405 0.0234291543562978
-0.107643339252768 -0.125472961685361 0.0119427829604695 -0.0318907238405819
-0.0967543018481315 -0.176570203120002 0.0446373296830851 -0.0711881561356587
-0.0321486726864837 -0.211813739612388 0.0961249936813878 -0.0878852891511253
0.0441062765730929 -0.241057242196181 0.153027883730962 -0.0503813045246348
0.156030808230136 -0.191584865522248 0.166347149941795 0.0118571442356125
0.254812657388697 -0.0845082221214082 0.0688433775573873 0.0585043436721267
0.293055976038613 -0.0178566697755574 -0.0425490610166022 -0.00171067402948604
0.228819641509271 0.0330336081773986 -0.148160419313624 0.0327516227651152
0.253208803981402 -0.00917739423592893 -0.189146062110199 -0.0544075444108091
0.213318787519025 -0.122649704853668 -0.199860647910009 -0.0247702084976141
0.118930863479707 -0.20389209820958 -0.163714370721886 0.0264095880316673
0.0242535417206109 -0.204942125464868 -0.118046053624288 0.0285245934984533
-0.0444244220812807 -0.182860110295928 -0.0994812560083026 0.010728563749772
-0.0881961373122225 -0.144650827090413 -0.0853875139731643 -0.00768609226831224
-0.079243593079933 -0.128871716337896 -0.0575231527598825 -0.0308351071151306
-0.0836952910106389 -0.125260205161391 -0.0273876011357352 -0.0844587880920928
-0.0616840383212714 -0.17191885566637 0.0151961430126299 -0.12120370117466
0.00309296746777853 -0.196813007516108 0.0815052028616469 -0.12852461598829
0.0781607733616846 -0.210339382211759 0.14327873579652 -0.0674398278821219
0.172966965398721 -0.147311861664726 0.143918189446036 0.0124384852461142
0.245930393257341 -0.0375761033005353 0.0241654231382726 0.0590014108896003
0.260247424001272 0.0176469175796016 -0.123555792162263 -0.019170978839759
0.163827090290728 0.0336497540561449 -0.234805234525337 0.0162665158917494
0.193138042843863 -0.00164342866953732 -0.238563585231612 -0.0359594587803244
0.163107147841163 -0.0955859786964695 -0.201745513976568 -0.0215818048198922
0.0838526583665975 -0.158408038050445 -0.150979854081877 0.00372267504457728
0.0152570310780365 -0.15309213566538 -0.122784474476447 -0.0230317278282157
-0.0336619059046497 -0.137285152235223 -0.124769292355937 -0.0425675214733746
-0.0629396199067838 -0.111474998072897 -0.119338416918514 -0.0573989743477649
-0.0517246116100354 -0.101682514192669 -0.089111293421104 -0.0799439240607926
-0.0498324073220135 -0.104322721274842 -0.0523661836306128 -0.135902816190931
-0.0232156228971495 -0.140666173117658 0.0052122772088532 -0.169292135093059
0.0315512973611302 -0.151834858225513 0.0858522223168908 -0.164200812555193
0.0950652075099192 -0.148330631742693 0.143149617044109 -0.0791636833849241
0.162114816312196 -0.082837076864256 0.122798714646432 0.00979058895385652
0.201272400654588 0.0118615173648856 -0.00891381134397795 0.0424958406228361
0.191922914846732 0.0481765326107306 -0.180415631244781 -0.0484383742862766
0.0694564124759805 0.0377074942275064 -0.286726477362966 0.00580583583095545
0.102077922830053 0.0180695850659677 -0.258825692667028 -0.0150735975947154
0.0898445680999865 -0.0421909362702717 -0.197221833387861 -0.0200878326737135
0.043627597230304 -0.0779901123436402 -0.148190618107821 -0.0124944725061877
0.0138589101901122 -0.0732832168928196 -0.133445453449765 -0.0516470430680003
-0.0081520583696823 -0.0714475691625855 -0.144467618867786 -0.0683603528289187
-0.0234546455719536 -0.0631920989739151 -0.140199151094526 -0.088037846046005
-0.0169424127460301 -0.058333115489376 -0.105516713968463 -0.116091521371589
-0.0142374444098136 -0.0638674289452181 -0.0605841892044558 -0.176075736304837
0.00435300786128953 -0.0842047247433843 0.0138015977572665 -0.206819132677756
0.035965166293494 -0.0864676302469067 0.103579192209745 -0.188567616326249
0.0788460963470693 -0.0778168102076272 0.151954183205211 -0.0868513359489445
0.119084480617709 -0.0260931179432482 0.109910230137671 0.00143426083610694
0.125969633506482 0.0411712564700606 -0.0221514700031734 0.0172542256435344
0.0971761355250635 0.0596102713306935 -0.203201004441696 -0.080394672763099
0.00470492184338731 -0.0403090503360619 0.212753180060285 0.0630858478744247
-0.0376982652903914 -0.0304667146398361 0.0549435203968004 -0.0327832432324834
-0.0484636663686426 0.00620167197018483 -0.108176535373302 -0.0109372885606896
-0.022869736148093 0.0285826180809022 -0.172190839928109 0.0737923455795134
-0.0138392373593125 0.0211686803427197 -0.119645713462151 0.198366827459451
-0.0138181414809996 0.0153821975779342 -0.0201303126854767 0.231015264638517
-0.0168300396607806 0.0162169151178389 0.0627611938720585 0.193797094340408
-0.0213077327878884 0.00775104745884093 0.124838496898295 0.138252559100664
-0.0293843744890366 0.0113387321070144 0.152103930889846 0.0851237577134343
-0.0361723911979491 0.00158901329780487 0.161495592242283 0.0589066263053476
-0.0261778421354087 -0.00864115997939021 0.152375886257059 0.0452679838118173
-0.0278768265924882 -0.00868236177703913 0.162965745294333 0.0242088313666627
-0.02611207707481 -0.0217006503095319 0.187122310296821 0.0119126303013822
-0.00062198669041071 -0.043701392943093 0.211805598105022 0.0181996552744814
0.0255537580372061 -0.039979619773172 0.268342451146358 -0.00392057532023421
0.0940984030770656 -0.0250664760122097 0.191996224288568 0.0846542354517436
0.0537339667271871 -0.0256473373531405 0.0393130791077235 -0.0225385136473393
0.025215178461748 -0.0261754675602221 -0.115330817868305 -0.00336316095427215
0.0258548906642258 -0.0298492474592596 -0.17333749185949 0.0764703838177179
0.00524154800756108 -0.0488622003828695 -0.124542445217281 0.191266763974542
-0.0229175569973606 -0.0526568313758619 -0.0309970459833935 0.219468884152573
-0.0488619793616628 -0.0403318587693766 0.0487254842047046 0.187445260499437
-0.056943945849471 -0.0422577553277553 0.107737782513402 0.132605099226142
-0.0711250681335888 -0.0334592218423094 0.136569238129654 0.0741039477780929
-0.0758016916249712 -0.0616557680228517 0.151761130414223 0.0419127856340838
-0.0418086702989649 -0.0859194176218968 0.153219787759165 0.0266538634401517
-0.0112731985928783 -0.0995370427509005 0.166782724526002 0.0131063473488168
0.0342525623257592 -0.0935779682753323 0.185146402956205 0.00753907830465359
0.0933066667179895 -0.0761566378485089 0.184083421281578 0.0131376046117996
0.133338325876008 -0.0514471120563326 0.218570733840047 -0.00699966397205948
0.171015469599801 -0.0061179481952357 0.139216529733061 0.0862150970971037
0.144062432183676 -0.0177563841693453 0.00333404307283706 -0.030678853769817
0.103269623217377 -0.0585859064107801 -0.135474649632835 -0.00503422553237766
0.0743080843715976 -0.0929760940994147 -0.175954298078262 0.0769819792739762
0.0218824055416847 -0.116930910609432 -0.121957309149498 0.173927296188495
-0.0311533788100505 -0.116204359630778 -0.041193508176716 0.189534020641991
-0.0750962818938417 -0.0913550431971085 0.0262711001320631 0.158003755483141
-0.0843868305340396 -0.0853235374908244 0.0751720919362718 0.109109819249187
-0.101988027343147 -0.0712924666353113 0.103110933641503 0.0483365769035753
-0.106083787890866 -0.11046273339312 0.123136835407348 0.0106391762536114
-0.0581275594848717 -0.146842544630845 0.140776565194718 -0.0084640139829949
-0.00542174277012454 -0.175190659752073 0.165992109116338 -0.00840463534539575
0.077923115442355 -0.15686141504288 0.182162261345434 0.00257233421098707
0.167712602204152 -0.104940035769485 0.15024651561749 0.0210396069169663
0.217778169704328 -0.0592933821156266 0.142807227869614 -0.00417784185348604
0.223601580245731 0.00850923900666813 0.0587079162342279 0.0730705780301723
0.217234171772413 -0.0166651560424154 -0.0509574129775958 -0.0457157051285246
0.169570795213453 -0.0948847699763938 -0.159972091898434 -0.0114504604759931
0.108545074138065 -0.155710710304405 -0.175480236818509 0.0704316967302591
0.028222475780572 -0.175387175908348 -0.115550248656636 0.140186284904872
-0.0419073523934969 -0.163881395315799 -0.052537024159822 0.1395901456423
-0.0940494780135604 -0.127680049650617 -0.00431421432907437 0.110405061266009
-0.0993223718387157 -0.114660172308502 0.0322340465001836 0.0709441430595777
-0.115124872558147 -0.099465673053488 0.0576380856740461 0.0118579240149653
-0.116878525573251 -0.145353637581505 0.08257403211853 -0.0272424357017387
-0.0601333332803032 -0.186501973078721 0.115521801052763 -0.0490737777110825
0.00384262057859501 -0.222685007249729 0.157172716077029 -0.0327533289291093
0.112429235800649 -0.193668510633562 0.173584222625301 0.00066620581215378
0.217003837294181 -0.113315195650123 0.111416322285741 0.0377007711177055
0.268144487123902 -0.0529201700074888 0.0522960551942232 0.00118549918698031
0.242693758290775 0.0172650391634105 -0.0399347066069407 0.0540264138727482
0.253665679221155 -0.0193579660420524 -0.118085554570348 -0.052783380899655
0.204889238211139 -0.1233937789471 -0.181027854801751 -0.0167559330961835
0.11863708307492 -0.199103543491313 -0.167385998286838 0.0539493192816614
0.0221617136176388 -0.206193094195339 -0.111153925384949 0.090075337659395
-0.0518161001558968 -0.185351210663498 -0.0706698616518571 0.0774510081067804
-0.100444361662843 -0.142088052858332 -0.0427455358510331 0.0532700363166004
-0.0984699752620635 -0.127150224946045 -0.0142475482828134 0.0235158058059978
-0.108721866612478 -0.115614181743437 0.00979123161124911 -0.0320180207347718
-0.102686194042502 -0.163705310181065 0.0403540055571101 -0.0707941863431549
-0.0415539625751747 -0.201802085522267 0.0894203322351318 -0.0899009047608217
0.0297676901411678 -0.233246975851726 0.144489651238659 -0.0537221216136927
0.140718337909909 -0.190117463200025 0.157839583114576 0.0019554954336781
0.240438690523925 -0.0924070877323446 0.0680075898913101 0.0524789466579821
0.277885525057799 -0.0289441069660171 -0.0388447132506666 0.00110310782428286
0.21971872659913 0.0196648852099957 -0.140712753660467 0.0374187496992612
0.241682585899914 -0.0208897000815746 -0.183339808117058 -0.0444653708258286
0.19647881529302 -0.126809298068029 -0.192335430731952 -0.0156966763382781
0.103721424740047 -0.199961066442407 -0.155091753221852 0.0319159098256682
0.0128643623990818 -0.196914897701046 -0.111195647005976 0.0315701376824281
-0.0523836797018096 -0.172775249550897 -0.096174255201989 0.0144410896306028
-0.0916836817718942 -0.133386396488108 -0.0829255727294628 -0.00327682433039964
-0.0833624926646088 -0.120261263351507 -0.0563599753481421 -0.0262060686015699
-0.0855415317497934 -0.115932547437791 -0.0301939262116987 -0.0804092973325402
-0.0686824561909996 -0.161180575911237 0.0095568240376417 -0.116853827860736
-0.00712263947242964 -0.18894331338734 0.0730831523665713 -0.128410203047378
0.0635044000543893 -0.205285755316427 0.135103462302045 -0.0698669570527027
0.158663757870487 -0.148279406444965 0.13710979685238 0.0041457697197026
0.234018775031899 -0.0471673349444034 0.0260972039692627 0.0543759493332319
0.248343373400796 0.00532688218398145 -0.117758032602522 -0.0107011004153801
0.157193647379427 0.0235267648807561 -0.223904914102375 0.0264705392387735
0.184458008043873 -0.0102648671912285 -0.230123803843861 -0.0243106944614017
0.1500106996963 -0.0984127074834286 -0.193891480932682 -0.012145196711786
0.0723090555092578 -0.154255666773702 -0.144117323016384 0.00919208174961821
0.00652058727200197 -0.147745904670896 -0.118184772002839 -0.0170477374730418
-0.039847955155641 -0.129330658041025 -0.123433082506497 -0.0354440259668655
-0.0657440998772734 -0.10366556301384 -0.118045696997001 -0.0491922613604469
-0.0544447683919912 -0.0951431582701613 -0.0897400835683164 -0.0716967133535371
-0.0518180240145818 -0.0977673590944523 -0.056959741076666 -0.128060008669246
-0.0303485044427572 -0.132707358525496 -0.00282475255070685 -0.162030190392429
0.0224708426298737 -0.14630180137651 0.0749626807975205 -0.162148366450318
0.0834967547012974 -0.146519619917559 0.134309118789807 -0.0814936731324239
0.150653418401785 -0.0869047848313208 0.117749166413584 0.00297757501263323
0.192938102226216 0.00259632658778015 -0.00654856300084092 0.0405782809787335
0.184246926993366 0.0374723705551393 -0.17395747465943 -0.036079203502888
0.0671279372222291 0.0318143082024986 -0.275251813180897 0.0190383654795209
0.0977860958054673 0.0121990477845139 -0.248910263178649 -0.00261468553431763
0.0828153346138634 -0.0438271659632031 -0.189276685558111 -0.0112530824992391
0.0376976210862186 -0.075555254582549 -0.141671074675318 -0.00625173994107329
0.00945836921653003 -0.0713126397042462 -0.130531407923836 -0.0438335790317558
-0.0117160385567989 -0.0673935633274062 -0.143046484508084 -0.0594546771819055
-0.0254957581459681 -0.058912775174006 -0.140137618247901 -0.0768244123289422
-0.0186876741208559 -0.0557032280364133 -0.107018714226535 -0.105495426498771
-0.0159277651046401 -0.0606379642600219 -0.066989372112319 -0.165544013920334
-0.000102443691706866 -0.0800619430657104 0.00334117559460153 -0.198087593749307
0.029932772970443 -0.0840040585632397 0.0897808564950409 -0.185196166883313
0.0708824756485215 -0.0782652310104164 0.141852675779324 -0.088546705891198
0.112219171998869 -0.0302440461082146 0.105753159020456 -0.00380227876540339
0.121712139567904 0.0339886459521543 -0.0203639411952988 0.017131965908982
0.0945045498029725 0.0525572905671548 -0.197557551724951 -0.0663775869154463
0.00631008979022152 -0.0405862418763527 0.199517611199519 0.0675848854772407
-0.035322672570232 -0.0307455885624603 0.0529069026815514 -0.0288506493483364
-0.0470482442476335 0.00434372375918454 -0.101808098251399 -0.0135681511064215
-0.0210521283982008 0.0273857241044515 -0.167407041935813 0.0658899934663437
-0.011117081197444 0.0198573649894418 -0.118330523239166 0.184898759500776
-0.0123176304898583 0.0142005562595916 -0.0237726908021616 0.218295739191292
-0.0161226774053617 0.0163832688026348 0.0564809095255147 0.187341252732748
-0.02071280500965 0.00751104009593409 0.11751815745504 0.132600314604674
-0.0276409997180157 0.0112398929612592 0.144380082878117 0.0827785431674687
-0.034211421392517 0.000788285442109243 0.154375541253961 0.0581008520567365
-0.023755448586714 -0.00987185405852008 0.144775490453003 0.0466506896115312
-0.022752683213358 -0.00928718915942876 0.15358102790587 0.027446502575238
-0.0211893758397444 -0.021063190151458 0.175201691716348 0.017568332634372
0.00368431061460501 -0.0416678986135413 0.201803712384135 0.0265184849392689
0.0281476624634232 -0.0391260205112542 0.257141840995599 0.00866067683857634
0.0925524912446474 -0.0214508756276797 0.180414081843332 0.0840186582868845
0.0528815143856259 -0.0223004915989581 0.0376570715141904 -0.0222341793742434
0.0249242242304502 -0.0225537472668589 -0.110488108724679 -0.00968621113342433
0.0268567543255368 -0.0262093250273002 -0.168864869614669 0.0650191023976157
0.00897667871426963 -0.0452667978864729 -0.124336275577228 0.17564986570714
-0.0195065563037035 -0.051160880731571 -0.0369449131142279 0.206526676482246
-0.0448915082316306 -0.0390458468538979 0.0416224188704849 0.179686422094068
-0.0545365571833898 -0.0430747138726482 0.101093223495846 0.126998108789905
-0.0670422055870111 -0.0336778367769057 0.130505545847267 0.0709109568144498
-0.0717653266879108 -0.0614097882141295 0.145522558784975 0.0399049103714258
-0.0377951245821962 -0.0860667474458839 0.14869394831464 0.0263613744477295
-0.00485378003394231 -0.0964410143786654 0.160441547257232 0.0143117838242322
0.0391024595659119 -0.0884673017651072 0.176299814768139 0.0131059754516202
0.094865036943985 -0.0703830289678209 0.177254416151432 0.0228693720289648
0.130808218105709 -0.0486974932727037 0.211571729545827 0.00616224059655021
0.166871948474614 0.00158239742205008 0.131167960706187 0.0800527219703293
0.13949298112163 -0.00954616543627981 0.00366633237370028 -0.0345112884078598
0.101617092450812 -0.0496428364061516 -0.130156841615559 -0.0151337978759678
0.0753558999745446 -0.0839324521645503 -0.172267856308886 0.0612229154577861
0.0275821751659647 -0.109713512372989 -0.123692196643002 0.157042554508624
-0.0256357484673664 -0.112297706047371 -0.0470596726295516 0.176399352250956
-0.0692831191966544 -0.0893340723472895 0.0193136246453452 0.150800592887358
-0.0805553027976542 -0.0864724865564237 0.0696738354750074 0.103390095805728
-0.0962124018862919 -0.0717826263253984 0.0981843197651221 0.0450256731828455
-0.101534646048282 -0.109759483765774 0.119499317681111 0.00891266447368454
-0.0529574832934356 -0.146196868084179 0.139020795649095 -0.00876211995398353
0.00106633003684595 -0.168633441592755 0.163296181838893 -0.0089549747457904
0.082808837217454 -0.148652952168954 0.176164993617676 0.00812734309092579
0.1662496335212 -0.0962417876396611 0.145489256457445 0.030625536008423
0.211269149162439 -0.0543085926003248 0.140249137801492 0.00772761082416271
0.217181606392438 0.0188216351290593 0.0564266509790023 0.0627836774679368
0.210537374735348 -0.00382288228264803 -0.0478769846559173 -0.0530774600453059
0.167116366601296 -0.0807079095213107 -0.15470014255611 -0.0250300324271175
0.109479769004761 -0.142194462617658 -0.171917449311609 0.0525490348670592
0.0354444504906116 -0.164782106774784 -0.118408328044148 0.123830110971266
-0.034869389829854 -0.158473277080261 -0.0582564167374162 0.12882820897441
-0.0860848264521269 -0.124733356592567 -0.0102831077031718 0.104231357608058
-0.0938733208416968 -0.115528598185658 0.0290957686303197 0.0664224495528298
-0.109031733079926 -0.0994630732716114 0.0557321363378513 0.00937683337164291
-0.111692830579531 -0.143987819271153 0.0815118166217166 -0.0287400970399917
-0.0542783679914001 -0.185113978493667 0.117369655019856 -0.0490245941541501
0.0106900823748115 -0.214003104490302 0.157732143510476 -0.0336239430997545
0.115478286523515 -0.182682543015106 0.169898305825567 0.00579541657810996
0.213766080543839 -0.103856704558148 0.107936486961429 0.0455580827538909
0.257951489609055 -0.0477354789982399 0.0538693196017533 0.0109350026074754
0.234559727978872 0.0287445987054975 -0.0372734272608261 0.0398807097579202
0.24570484557178 -0.00502301631192117 -0.111753070090501 -0.0633603002455103
0.201851089071847 -0.105583032857457 -0.175762224846595 -0.0326575348795642
0.121130440002805 -0.181978543935723 -0.164781799842273 0.0356471851681267
0.0311451529376302 -0.194635272842644 -0.113738139807105 0.0752220628087073
-0.0437951116382053 -0.178836739890621 -0.075117615001177 0.0694789978181273
-0.0925397560709597 -0.139762409331228 -0.0461956127198894 0.0488691676567499
-0.0928690381913262 -0.127958872898608 -0.0148479500404695 0.0207567155082512
-0.10229563822328 -0.1148986782998 0.0106154660670602 -0.0333329578025382
-0.0973317317076565 -0.161703341243051 0.0421754058377254 -0.0708187359701577
-0.0361152393087363 -0.199414535762624 0.0934203686218577 -0.0888472348771061
0.034385168926076 -0.223776271874464 0.148017434217286 -0.0532617553393763
0.14336717416604 -0.179617215444925 0.155943572646768 0.00756114809672976
0.235645256501603 -0.0833317996426878 0.0660280460635812 0.0584619739938756
0.26674419465232 -0.0241844870760474 -0.033134410280125 0.00739210588464619
0.212585424444897 0.0315263683361619 -0.132518866122478 0.0208516065829419
0.234713976559515 -0.00584095057166814 -0.174336090226273 -0.0568620686209927
0.195189689036979 -0.109488804727016 -0.186663771111686 -0.0316535594388947
0.106287811836052 -0.183379130659497 -0.151970644018844 0.015012560478008
0.0205766878187067 -0.186262976622269 -0.113011784388596 0.02199480329523
-0.0453803328712473 -0.166575885067038 -0.0979656242323974 0.00910862299535727
-0.0846959228995921 -0.131465396775888 -0.0841746384319778 -0.00571567249623337
-0.0776534493510269 -0.121331979983704 -0.0546113351847891 -0.0270626437988798
-0.0801838046216554 -0.115302890795105 -0.0269175419345955 -0.0796079828018561
-0.0647555171318316 -0.158460069877548 0.0129857687329607 -0.114767950630232
-0.00317783686658262 -0.185483754725276 0.0790781062791232 -0.124703249188515
0.0658693376615955 -0.195894444314651 0.139559189880322 -0.0670300397819633
0.158951940351156 -0.138862274961169 0.135749842628156 0.00982240612024178
0.227708649381943 -0.0394621102607552 0.0250316355359037 0.0587907346243001
0.237002416077891 0.00911127376504986 -0.10889410139947 -0.00776181172660916
0.152784965309963 0.0324647382994957 -0.213284330645781 0.00961490200163092
0.179294677856891 0.000915269618063016 -0.219411332270014 -0.0375054754199373
0.149591193445728 -0.0849162226380518 -0.186499351685156 -0.0270522664538121
0.074812016230726 -0.141947759636822 -0.140059292789319 -0.00362752997751365
0.0122967265390568 -0.138825070190366 -0.116777553718332 -0.023973528229809
-0.0348574950556326 -0.124105790143118 -0.120978765750455 -0.0378192086697589
-0.0606490324113597 -0.102415620229188 -0.116218444303486 -0.0500747113034996
-0.0501492160261163 -0.096045857709334 -0.0852540784878082 -0.0697650674814514
-0.0478893542154285 -0.0971816424919715 -0.0524275461893464 -0.124313969274237
-0.027604451724379 -0.130478545403017 0.00197450942606375 -0.157029571681607
0.0247447026612767 -0.143471516341877 0.0800174999309094 -0.154626163140888
0.0835075917473568 -0.140235445013357 0.138061517601763 -0.0757217618208993
0.149107320410682 -0.0793793667159193 0.115876391067225 0.00883184955336091
0.186009556800894 0.00749109448389662 -0.00709497818604431 0.0434872148222309
0.173797835177559 0.0389730680309485 -0.162007335417266 -0.0351878845089978
0.0648393310729714 0.0366984696912087 -0.262614668158111 0.00515741845236819
0.0946937816997547 0.0189385218799881 -0.237350398235485 -0.0137165281194298
0.0824569737592703 -0.035659334195717 -0.18040947722552 -0.022195774092034
0.0383856783722714 -0.0687786809067719 -0.135244052926171 -0.0147337770040999
0.012107645492344 -0.0658640551767351 -0.125613521649828 -0.0469296362987975
-0.00981250741253313 -0.0634367482460519 -0.137538073365856 -0.060900826105486
-0.023434267947433 -0.0583138423401184 -0.135303072211293 -0.0762411927866018
-0.0163473038442135 -0.0560062182909454 -0.101172111302564 -0.102478729964935
-0.0139555946348105 -0.0602150660644686 -0.0619455036006142 -0.159848408627156
0.000809663184512783 -0.0791401190703536 0.0067056710941923 -0.190388771343533
0.0312805893328219 -0.0825221632229649 0.0926466412453283 -0.175332080673978
0.0709107237307549 -0.0749023054719875 0.143798708831194 -0.0805905638034434
0.109667405282685 -0.0258118880734084 0.103640491838097 0.0025703159746173
0.116326389840367 0.0358645219465702 -0.020632584811016 0.0190850283025304
0.0872989946501246 0.0512252291197409 -0.184846293970424 -0.0668561755857566
0.00673292493622692 -0.0390275717669587 0.19449543625761 0.0651622223161431
-0.0342753015253676 -0.0298551835985043 0.05252112167112 -0.0284717845799984
-0.0459778617191028 0.00482973121942875 -0.100626717344678 -0.0140815897039322
-0.0198055400880922 0.0262809810801655 -0.165217421048514 0.0640446222769422
-0.0102834070029548 0.0196651067947663 -0.115640564016176 0.179181949550496
-0.0117691289305733 0.0142612495979573 -0.0216462055207054 0.213444574057022
-0.0153716458464333 0.0161159072618415 0.0565338574168673 0.183500905104613
-0.0205057877612301 0.00725479886026648 0.116414352075692 0.12867153771093
-0.0268571996861784 0.0109897122993744 0.142172423113271 0.0801385859413589
-0.0337207021393565 0.00118260060198981 0.152431559197689 0.0569653279550829
-0.023507738100253 -0.010084597734028 0.14248409181147 0.0465338213482911
-0.0213694527844532 -0.00926709235323765 0.149570122681802 0.0278011973042529
-0.0202904465953191 -0.0204212113945067 0.1697712188439 0.0185868271085293
0.0035573118002054 -0.0411618342012407 0.197115139948003 0.0276918412952795
0.0284681368026614 -0.0376404942218468 0.253336520856369 0.0081990571724512
0.0902228230159044 -0.0208195510120162 0.176236142984045 0.0806503601805809
0.0521484641129733 -0.0215337946579188 0.0373642179027285 -0.0229468048706878
0.0231195010777113 -0.0221468454301393 -0.108434613519818 -0.0103285051509232
0.0266361597281269 -0.0259462393415067 -0.16672698364907 0.0624069388683598
0.00926722355345624 -0.0438772487453776 -0.121880475642968 0.169938604201377
-0.0195373975577536 -0.0495565836716973 -0.0355761712128279 0.202221692358925
-0.044286357655196 -0.0382607177828024 0.0421645372371664 0.175834398949067
-0.0544334877443273 -0.0420796692160485 0.0995351993383152 0.123112998330739
-0.0656754150000044 -0.0329588386800982 0.1281880593468 0.0681546423591475
-0.0710988001026621 -0.0595415216428973 0.14350075403608 0.0387508430273973
-0.0368008631512569 -0.0850425720310633 0.146479682794981 0.0264827748231695
-0.00477418472057379 -0.0952362572697083 0.157095149014731 0.0151347950332715
0.038633571184083 -0.0867148491756532 0.170178357150948 0.0140194931959212
0.0935274863087686 -0.0690032576508041 0.172871511555912 0.0237876576317305
0.128853512989907 -0.0468039020404674 0.208541650122088 0.00612748494461024
0.16242640056974 0.00118175340949283 0.12824933285577 0.0771505701155809
0.137037273898971 -0.00928379139653722 0.00464371203154687 -0.0342972969635807
0.0976297320139043 -0.0481019445852062 -0.128037940493654 -0.0157540316859639
0.0734317461244172 -0.0824431493891562 -0.16936123423416 0.0584626517644817
0.0270794610372212 -0.107004084825949 -0.120879924501363 0.151808823301466
-0.0260473747976733 -0.109436879787352 -0.045838748276195 0.172725988901551
-0.0683949955190004 -0.0874659629601051 0.0196151245221521 0.147083550225467
-0.0796256108257601 -0.0845194875223337 0.0691377395663941 0.100756325481339
-0.0944085705069918 -0.0700044979145074 0.0962939885797071 0.0425624867099132
-0.100308810065709 -0.107114372519564 0.118438530948504 0.00836975545271615
-0.0521396615277778 -0.144202960269943 0.136971980880205 -0.00889575108950629
0.000722869578533155 -0.166136204600511 0.160371663831972 -0.00707578637909993
0.0817612079313541 -0.145348124875507 0.170143656221539 0.00834584947102403
0.163855587787546 -0.0944974441959456 0.14189306768911 0.030789578086884
0.206820097648879 -0.0530109152786924 0.138364957975472 0.00742866924304218
0.211469217481946 0.0183170130252465 0.0549180451952508 0.0598246218714295
0.206289208694778 -0.0038189468908042 -0.0457165959893542 -0.0528913740909424
0.161908027806816 -0.0781462671470659 -0.150893413563429 -0.0257287422113062
0.107144299565032 -0.139469210022118 -0.168950172122432 0.0496755862712574
0.0341541361695052 -0.160536961587008 -0.115496416999404 0.120115236196535
-0.0355573679815963 -0.154484271774034 -0.0572798543275153 0.126476491562066
-0.0857713949308375 -0.12236620633231 -0.0100518040381117 0.102045184287466
-0.0934350437874148 -0.113589528889472 0.0294296752107173 0.0646609733582856
-0.106466330602473 -0.0973277975097996 0.0542384730773148 0.00790971439647255
-0.109472708645951 -0.14026196308938 0.0802779110008908 -0.0289996543566139
-0.0537650850588559 -0.181800439123734 0.115660929278023 -0.0493185631741662
0.00995115382177653 -0.209963096094311 0.155111757230993 -0.0312581719683512
0.11363016490229 -0.1796138652773 0.164424288479683 0.00600728652146951
0.210731779312694 -0.101300205319251 0.105724047740227 0.0445964293295773
0.252012194639739 -0.0456160923088207 0.0542116199199694 0.010705859070536
0.228087783005505 0.0277615041653876 -0.0361978468350422 0.0376059333332868
0.240519583071992 -0.00495544647605728 -0.10857981889013 -0.0630735258900593
0.196187807765421 -0.102403085802734 -0.171413164850506 -0.0328207953934585
0.11764843110326 -0.178011835685714 -0.161191850258981 0.0332876525020321
0.0294349391956855 -0.190291027410939 -0.110971187220877 0.0723883821437176
-0.0439509047422288 -0.174293359967957 -0.0743525055777769 0.0680143312858948
-0.091778729850685 -0.13644791820627 -0.0466906552767856 0.0475799776602438
-0.0925239083993018 -0.125189234604287 -0.0141054194666014 0.020661950707623
-0.100309195344351 -0.113022323790881 0.0100328453639485 -0.0334646550950603
-0.0970013518279594 -0.157543862611897 0.0417550062079019 -0.0696075116157772
-0.0358179133178515 -0.19558283070035 0.0917620037365588 -0.0877686207657028
0.0322620481902522 -0.219513200611821 0.145537476636605 -0.0508386537581919
0.139780830729661 -0.175826625030491 0.15079864122836 0.00695040593595016
0.231324627643461 -0.0812965347753782 0.0651094415232315 0.0573009083209954
0.259938050342957 -0.0232711189190068 -0.0306408443791096 0.00820530583758645
0.206307493026172 0.029958366112434 -0.130350309732151 0.0197111582327375
0.230155726745808 -0.00599364436377835 -0.169862635506866 -0.0562899126120697
0.189894794436823 -0.105928562462624 -0.181777471397683 -0.0316681431852341
0.103988383384336 -0.179493520269235 -0.148442688878056 0.0133306949769724
0.0196036297610212 -0.182376242266317 -0.10967072073918 0.0201185073367339
-0.0455117698189197 -0.162406433797927 -0.0965833317338724 0.00912647336261924
-0.0841494781476871 -0.128126767244745 -0.0838599391341605 -0.00528087909114136
-0.0770627903678071 -0.11909372327374 -0.0531597292448583 -0.0260918686320924
-0.0786247319562257 -0.113359629425906 -0.0272529429958663 -0.0781217751874719
-0.0650072343462332 -0.154261376383153 0.013053450441089 -0.112710557870634
-0.0041865961035511 -0.18219180461638 0.077575410910119 -0.122978652152684
0.0627521436496892 -0.192359749187297 0.137827744171905 -0.0645675292782626
0.154611748659936 -0.135781247865179 0.132293165158 0.00901932573691563
0.222358661007345 -0.039133029368812 0.0240729961207245 0.0576814029603269
0.231402707472294 0.00899416337804642 -0.105837890823931 -0.00665589509868683
0.147821260018205 0.0304336508744618 -0.208709193367982 0.00897964664609781
0.175555949226104 0.000805829125930078 -0.213904210347465 -0.0367376174943778
0.145473142035685 -0.0821211716935764 -0.182228537301703 -0.0270552114300122
0.0731080597895483 -0.138605596707076 -0.135885185982878 -0.00490364394345532
0.0107764329049505 -0.13624941630469 -0.114029759206281 -0.0232108599427122
-0.0347183627111739 -0.121538387362449 -0.120563442443284 -0.0369055167637638
-0.0604260607480159 -0.0996023167049585 -0.115588762884344 -0.0476671816437526
-0.0505265586527639 -0.0949645452344934 -0.0832215579923542 -0.0679729473576773
-0.0465525196570435 -0.0960688710566663 -0.0519494887181478 -0.121667504492648
-0.0277446337859537 -0.127627821742296 0.0014103757648123 -0.153512636585122
0.0234338115687427 -0.140267384986301 0.0782789298588969 -0.152412920891531
0.080568980659036 -0.137141715221141 0.136707641094421 -0.0727689115141863
0.145676126535344 -0.0779161858235034 0.112753655405629 0.0083329575954252
0.18233997484825 0.00739533541119663 -0.00686320423391905 0.0423552687884338
0.169583194010733 0.0378656366731413 -0.158225278228851 -0.0329700191037049
0.0623499750840519 0.0348791114881275 -0.257423606445349 0.00555852233901929
0.0921822996976964 0.0178596963363774 -0.231813589144374 -0.013866854141523
0.0805096043218664 -0.0345517667471829 -0.17584999613279 -0.0227643537430847
0.0374246062610625 -0.0668172234360628 -0.131873241475413 -0.0154659101988243
0.0105636639592377 -0.0647972304492279 -0.122767080506591 -0.0461885480521077
-0.0104930868003551 -0.0618680394328751 -0.137426990309259 -0.059212043907284
-0.0232629477598292 -0.0566031321208675 -0.134450997125106 -0.0729150042413295
-0.0162815086942501 -0.0555541195704609 -0.0993533255084534 -0.0984283627202881
-0.0130146522397409 -0.0598367382091439 -0.0612844055710785 -0.155907821199533
0.000252300766854712 -0.0770505449770379 0.0063267775922138 -0.186117643815852
0.0305303289585088 -0.080942055475295 0.0911197584520233 -0.171937530551295
0.0685830193207795 -0.0735200410505488 0.141473235394566 -0.078289732127877
0.107385666502293 -0.0252803286860608 0.100842201573718 0.00276009080361175
0.113745135309834 0.0352817912967958 -0.0202619176446592 0.0187617585533216
0.0846186358787423 0.0500541735552196 -0.180814442419476 -0.0632531295068367
0.0069289044058857 -0.0384703473157595 0.193988557184378 0.0644552863560648
-0.0337034213983505 -0.0298088437493293 0.0533563427351961 -0.0293464200576195
-0.0465057600272465 0.00514219056015425 -0.101704256915644 -0.0149416881355927
-0.0198784300233526 0.0263058396564134 -0.167082998037366 0.0639559184360428
-0.00975000382788206 0.0197738923516721 -0.116216251970396 0.178186486894623
-0.0112313372887927 0.0145470634084699 -0.0203908284345177 0.213903953730874
-0.0152847737951171 0.0154813262532471 0.0583989753477829 0.183406798290281
-0.0205514327691061 0.00758279178772673 0.117786166832896 0.127930096688517
-0.0275172378134757 0.0117291447362233 0.143767988223886 0.0790756309796886
-0.0341455246992391 0.00118356618485803 0.154626625107666 0.0566331282728114
-0.0232606423815695 -0.0108027580136637 0.143818292166436 0.047803338345377
-0.0209866714560233 -0.00919758003467347 0.149829169290779 0.0287506984727337
-0.0198173485651239 -0.0202731949076428 0.168267427275804 0.0199566251710865
0.00391652820523692 -0.0418333247975718 0.197528666331736 0.0295414547411805
0.0295522858625152 -0.0375868330456724 0.255583687715873 0.00652023863196181
0.0908802591605626 -0.0201411016898378 0.176178448876123 0.0794604306899678
0.0528959683514445 -0.0220166425866802 0.0380805136824961 -0.0236646871203774
0.0228761525995357 -0.0215452179138109 -0.109126212267223 -0.011071521577655
0.0268750005392213 -0.0264435209359396 -0.168576299455332 0.0623248364245584
0.00930493548380576 -0.0437422645240637 -0.122018197300824 0.16982266882342
-0.0196425091932336 -0.0497353818083257 -0.0345160824243747 0.202953057883907
-0.0451188711480632 -0.038515738566404 0.0438298461942336 0.176602887634728
-0.0552455935828972 -0.0419249437937019 0.100851178173382 0.122434181486805
-0.0663319778987625 -0.0330538417116132 0.129141193375701 0.067058103660016
-0.0725420158607525 -0.0596924157477619 0.146269554417378 0.0385229497065612
-0.0371443034891551 -0.0867839035285766 0.147882413432371 0.0262139575928911
-0.0045696144726573 -0.0955894767019861 0.157153422706419 0.0161147793342912
0.0391961618804124 -0.0867722338446714 0.168975050706152 0.0148738042699422
0.0940544242258211 -0.0699420253381429 0.17343314635524 0.0251095631340758
0.129656703536156 -0.0462362579395536 0.211282028817988 0.00578697494584154
0.162649811325698 0.000830819092557128 0.128646788880181 0.0759947946741106
0.138494992228545 -0.00974203693491288 0.00558352012247277 -0.0351633164147474
0.0971323854734426 -0.0479467293662104 -0.128265454121566 -0.0162661882112363
0.0731274584319162 -0.0834213289498755 -0.171316474333234 0.058365189832601
0.0269014994048636 -0.107332427302915 -0.120877217033885 0.152246076233995
-0.0269821076481551 -0.109681615454021 -0.0454281026519978 0.173366972635606
-0.0699761176488483 -0.0874490279941066 0.0206630070659615 0.146870345005854
-0.081642133332734 -0.0850815672773749 0.0702445983607614 0.100347354142564
-0.0949926563664903 -0.0705472209659758 0.097037604057647 0.0419684312747421
-0.101756948049964 -0.107286294630847 0.119831030279035 0.00729328124707453
-0.0532430924067901 -0.145395319593929 0.138642449379263 -0.00946518872176332
-2.43582626073928E-05 -0.167166434739514 0.161330178913308 -0.0062925705525403
0.0821986433555797 -0.14664887651605 0.168162938240095 0.00883621469507792
0.165138513257839 -0.0955102870020832 0.14187897414389 0.0308707897168545
0.207395107433232 -0.0525050669832215 0.140517711706324 0.0072861820485801
0.211082930248181 0.0181696191155184 0.0551654941393782 0.0583621294479398
0.207535008607092 -0.00428307461006854 -0.0446220042581029 -0.0537449135222089
0.161026529794114 -0.0774060670229376 -0.151372714544271 -0.0266055569715413
0.10719955019294 -0.140554822700097 -0.169954937824601 0.0483558983344576
0.0338874681762048 -0.161664003415729 -0.115148414577814 0.119288860098829
-0.0371248599064115 -0.1543837203877 -0.0575729821302115 0.127066050880724
-0.0874292357135637 -0.122148153686117 -0.0103963822744845 0.102347518188558
-0.0955303470998545 -0.113623170880218 0.0295928394257672 0.0645176369465063
-0.107483129647465 -0.0978715036475418 0.0548946706904843 0.00716933736231734
-0.112133626679175 -0.139655774871109 0.0823621632987988 -0.0300106261791144
-0.0553281050624258 -0.183733058297004 0.116660797262415 -0.0500019438483076
0.00850440111884722 -0.211396105972915 0.156424388160448 -0.03046475296591
0.11385701492664 -0.180412235795398 0.162434507809529 0.00623412153053161
0.212145390908117 -0.102757718377143 0.105278330546156 0.0452335828525305
0.25259117535205 -0.0453575783221963 0.055967261623367 0.011294275672528
0.227142344351313 0.0268245668005034 -0.0363769165867389 0.036784928799995
0.24240181822944 -0.00532563979291586 -0.107510752165031 -0.0634162190640954
0.19585601774238 -0.102323406275214 -0.171601472670486 -0.0331773606687607
0.117478477733071 -0.179457155110329 -0.161905884974198 0.0317672962843719
0.0287225006331501 -0.191637192808587 -0.109977799433758 0.0721899189704142
-0.0464514492588482 -0.174197209953957 -0.0747452548692016 0.0685492203508092
-0.0937810006455546 -0.136494418898678 -0.0476857795884814 0.0484399544237881
-0.095110914148593 -0.125918893008289 -0.013610147849378 0.0207238333187488
-0.100688140751407 -0.113461713994323 0.00980779420710853 -0.0346674948970678
-0.0983144964415816 -0.157329817036635 0.042753774519484 -0.0709479933670968
-0.0375759611922669 -0.197689105471663 0.0929007016594149 -0.0892720964559436
0.0309881941828649 -0.220329008081654 0.147534231453705 -0.0504809227767914
0.140572314597381 -0.177229970458267 0.149374163159446 0.00703852009835545
0.233348238427783 -0.0820638217625834 0.0644833502843949 0.0569301686599471
0.260064926121759 -0.0231257708273521 -0.0302417742363827 0.00929009218454933
0.205366389459394 0.029376935052227 -0.130583056373976 0.0187348476404553
0.230733665927494 -0.00656642283858035 -0.168476187236601 -0.0567211388637179
0.18881850323536 -0.105816601979535 -0.181808992341422 -0.0326148504151624
0.103190629829324 -0.180545804658831 -0.148843001134781 0.01183373326701
0.0189509718218624 -0.183445029361582 -0.108854576807167 0.0200030989867108
-0.0474257210896815 -0.162447780006637 -0.0981463251713564 0.0099324974802921
-0.085779836327578 -0.128441239681725 -0.0857572351154467 -0.00434715726321247
-0.0789819005099569 -0.119735508857526 -0.0532425861308951 -0.0256576767850171
-0.0786369710583367 -0.114408547025779 -0.0283100537830575 -0.0788808118064111
-0.0663709116459325 -0.154719646261349 0.0132830314841234 -0.113671371151877
-0.00537593484031827 -0.183613562820748 0.078310198429784 -0.124335097368298
0.0610825719715346 -0.192972824167205 0.140070493311096 -0.0638893263446842
0.155164599842944 -0.137337257386649 0.130826217117552 0.00901298587855564
0.224591747955682 -0.0394154604387526 0.02427029480498 0.0576713621174293
0.23093808284247 0.00934767277405352 -0.105346974372145 -0.00484422630974243
0.146779418930978 0.0304570299839496 -0.209703780320276 0.00899675066571234
0.176243402277668 0.000130630073009148 -0.213671691855865 -0.0367250781402078
0.14498509143254 -0.0823742970329145 -0.182306884222611 -0.02756486163305
0.0721381560708547 -0.139150611139206 -0.136233359187956 -0.00643714684638733
0.00984506351237742 -0.136909921707124 -0.113934134575166 -0.0239569795310864
-0.0366871394556898 -0.121163761138916 -0.122348000439989 -0.0362548906238041
-0.0616491436350039 -0.0991553330278173 -0.118460597089865 -0.0460640108900923
-0.0516363349062591 -0.0953716063781631 -0.0840281887753764 -0.0670772025418883
-0.0472726285702098 -0.0965939273290439 -0.0528624974813306 -0.121797007797074
-0.0290079970403445 -0.127468368822909 0.00103962760709029 -0.154618663646768
0.022433962898183 -0.14148626859434 0.0785061173954861 -0.153253391358636
0.0791527441425046 -0.137596804116721 0.138107724846717 -0.0730373360191698
0.145624431074145 -0.0783748284934424 0.112538669868517 0.00832029795451597
0.183222670190956 0.00671521894013261 -0.0067574841473964 0.0424446699342358
0.169074548777463 0.0380708321193503 -0.158410625452345 -0.0311871534665508
0.0611411022345074 0.0343760698269712 -0.258551632870374 0.0058035090833246
0.0927388693719232 0.0177499954749984 -0.231260393230945 -0.0135094355044638
0.0799042109721883 -0.0345063822796917 -0.176045798262097 -0.0230316383402933
0.0368178853523378 -0.0668675919380471 -0.131572650208257 -0.0169804042218387
0.00991823444798847 -0.0653325226748664 -0.123258111055876 -0.0468866113234031
-0.0109090139777793 -0.0615547922140913 -0.139607128076166 -0.0586062943112591
-0.0242081067684113 -0.0567143018784346 -0.136862606789825 -0.0715776345209202
-0.0169866956960081 -0.0562783465129944 -0.100387016907552 -0.098188292581912
-0.0129649759016844 -0.0604869545816637 -0.0626550654342696 -0.155744576843302
9.51720518942781E-05 -0.0770279953354924 0.00582523164029519 -0.186546539410404
0.0296379749047688 -0.0806974461933116 0.0906651701208546 -0.173382852902471
0.068376815501376 -0.0732793147530364 0.143197935788726 -0.0788841212720002
0.10675527144685 -0.0257950314688114 0.101771752526239 0.00305869543536865
0.113942312445989 0.0352041070763058 -0.020671243900999 0.0186701088569504
0.0840705747396965 0.0495106936000764 -0.181975509982961 -0.0618268399616505
0.00717384744749891 -0.0384554635893894 0.198696151998082 0.0607485914627902
-0.0345263998708484 -0.0298739524198761 0.0538921711150327 -0.0319133784953314
-0.0472014963077325 0.00646969808429123 -0.104477633988262 -0.0130421129836147
-0.0191647336629124 0.0266165610051275 -0.1707766826415 0.0690336597030751
-0.00882870691396718 0.0201909958627164 -0.115458998266679 0.183572136703884
-0.0109874335758284 0.0148628518607141 -0.0152824404489763 0.217899487947143
-0.0147979404620978 0.0158663986438199 0.0658283499987854 0.185688881032299
-0.0211256012134424 0.0082706520216297 0.123503280999224 0.126161374854469
-0.0275748368671444 0.0127411008501244 0.149066137347229 0.0763764577863
-0.0351066372281053 0.00238152177395489 0.16082419898928 0.0546103057595039
-0.023685641314615 -0.0112458178061493 0.148499222318599 0.0463690163576864
-0.0210917734564792 -0.00910817307632132 0.152862036354988 0.0271329350599539
-0.0201896142834924 -0.0204272230832745 0.170513985546181 0.0184151359244863
0.00332043227255084 -0.0428288346256355 0.202601557026807 0.0277092603311126
0.0303467232969158 -0.0384257401525803 0.262377236296081 0.000736764026219212
0.0919875263477768 -0.0224211608232981 0.180799110765803 0.0760815368310503
0.0542146504434982 -0.0238294691630413 0.0389020913195048 -0.0255448640862466
0.0219134244626364 -0.0218542554242253 -0.112048652794498 -0.00924947099147904
0.0260782440582423 -0.0284647179544722 -0.171578161349719 0.066437051955259
0.00883856622725235 -0.0455094978418822 -0.121401306594425 0.174253352249558
-0.0212245465264919 -0.0502124016743087 -0.0297183264224008 0.207268716250737
-0.0472331984545095 -0.0383785090761617 0.049629710305006 0.177764778520391
-0.0585059899222024 -0.0413865640852502 0.106688533873291 0.121797430908042
-0.0686033681861675 -0.0323235122333284 0.133568497723485 0.0642363787110114
-0.075569469172243 -0.0585657827885661 0.151853363191861 0.0356919232843067
-0.0402928314204224 -0.0881890763684102 0.152172189425294 0.024032595197873
-0.00688427880813469 -0.0981424843571012 0.160957218503663 0.0144614722450872
0.0388378524929716 -0.0898762670289499 0.170208778359325 0.0126625988111236
0.0955079575527797 -0.0740679557778539 0.176903196160383 0.0232402153366785
0.131953240960242 -0.0496137877601748 0.216911102730467 0.000571476517299819
0.16493006722173 -0.00170944013525244 0.132067976485265 0.0734718546698744
0.141619670419028 -0.0132678697662371 0.00559965150420058 -0.0370550093524651
0.0964646616834162 -0.0500404461208262 -0.130887893461283 -0.0143479775158778
0.0724823261802979 -0.0872138304947554 -0.17431862159217 0.0618557611783427
0.0245528504650759 -0.110475838885361 -0.119332927751142 0.156133221607174
-0.0306822283293272 -0.110807128877108 -0.0421266983767214 0.177618795609991
-0.074277072364573 -0.087281999262452 0.0245168536840616 0.149219901664829
-0.0867323635257087 -0.0846362394025926 0.0745553826082606 0.0995261160385545
-0.0990132023201112 -0.070111098415379 0.100036077934145 0.039043968121856
-0.107541339591969 -0.106050057633835 0.124151972705135 0.00424000564836813
-0.0574280014580803 -0.148533951810085 0.141727665695043 -0.0132565639723243
-0.00455188792346762 -0.171368914149099 0.164666421832206 -0.00868549949150298
0.0811567552097719 -0.151313662889318 0.169768366461371 0.00687537622768054
0.167500360829185 -0.101429579973228 0.145241159417151 0.0297265443085783
0.211488709013752 -0.0572328859485519 0.144766744229227 0.00383398397067753
0.214171299361726 0.0144523986046582 0.0572242046951677 0.0564286010697507
0.212791884386663 -0.00876519595264449 -0.0457386104848463 -0.0546734792551257
0.161552359697087 -0.0813681081340118 -0.154481148879435 -0.0243139019571272
0.105227917409355 -0.146480858706593 -0.173217001615227 0.0520890588660088
0.0304874595936733 -0.166310728672063 -0.114011532233813 0.122645584956831
-0.0418921911179319 -0.156357477100694 -0.0557086420507778 0.130833441282092
-0.0929823163761299 -0.121775445691394 -0.00905870246649563 0.104087857101216
-0.101869808262944 -0.113818156717785 0.032571216980617 0.0646458939560777
-0.111995395443698 -0.0980044865627284 0.0555198547473263 0.00461197161437113
-0.118461835883598 -0.140017811752142 0.0837746566609139 -0.0332461020375681
-0.0612601944820331 -0.187349541888001 0.118682959278044 -0.0542208778168007
0.00237020789570232 -0.216513133210134 0.160659792560289 -0.0335864493509908
0.112643777182996 -0.18740729516677 0.164002522122993 0.00341566528854692
0.215367510379499 -0.109746421638663 0.107784563505132 0.0442179667157681
0.256093255145967 -0.0516825214503462 0.0584507085148526 0.0107664186466632
0.230824445970137 0.0230555650220098 -0.0366580618292473 0.0364471432136022
0.248441840330711 -0.0107033927221172 -0.109526721433867 -0.0632484012417302
0.196252005420322 -0.106695670949856 -0.174740017372103 -0.0313566074786449
0.115407365738292 -0.186272210044884 -0.165227195711164 0.0345892539033609
0.0241763085211797 -0.196623014600202 -0.1096320478451 0.0750866744608643
-0.05213861583808 -0.176337274329746 -0.0751025826016021 0.0717404940474009
-0.0998958527750802 -0.136245146565196 -0.0485101195388112 0.0505764665460688
-0.101287217344445 -0.126309108082447 -0.0129638566528413 0.0211742516252115
-0.105919770946769 -0.114273510068394 0.00838415207298087 -0.0356786819388972
-0.10496706513165 -0.158229534898508 0.0425431045433303 -0.0740760975934919
-0.0431970839688119 -0.202262215880761 0.0927398149218786 -0.0932138977536455
0.0251027894810248 -0.226300746947333 0.150752176194146 -0.053431032204056
0.139721747893079 -0.184324562620413 0.150913254323519 0.00451182233342104
0.236889533496442 -0.0896020623167327 0.0662891490256592 0.0572126417353117
0.264972443687441 -0.0284115397884024 -0.0292400343713192 0.0107393163089835
0.2083262574954 0.025632796311422 -0.132588968119442 0.0205357524945367
0.236694484988889 -0.0120806570771162 -0.172487362468362 -0.0547264304179554
0.189508738545321 -0.111096076588079 -0.185032111364642 -0.0302776782698183
0.100810698322751 -0.186560770382015 -0.151658135763742 0.0135886733245465
0.0141173715583328 -0.188124844828975 -0.109325839524086 0.0212835911634956
-0.0534949292254331 -0.16369451833478 -0.100828921023588 0.0127496619147086
-0.091881529235177 -0.127860329899117 -0.0889762138214716 -0.00127849776477595
-0.085639504796038 -0.120092894147803 -0.0547591372687737 -0.0244065465165133
-0.0835767907869181 -0.115366456798867 -0.0313725690701362 -0.0802363979953965
-0.0720384998661001 -0.156083701415575 0.0114749491674732 -0.116713110942082
-0.0112319722966373 -0.187980810050171 0.0769912286462273 -0.129638818022354
0.0563534859451215 -0.198878786248017 0.142673939404784 -0.0680354104394599
0.155229110247469 -0.144002756016673 0.132101633427174 0.00668914438963796
0.228720376703143 -0.0460450101105496 0.025398402282963 0.0582401194486599
0.235295389176941 0.00421098937799291 -0.106785102070878 -0.00126062695522484
0.148599337943932 0.0269242452603402 -0.213485987012369 0.0128392288523786
0.179732026534188 -0.00393603915671615 -0.217356301121194 -0.0330992450392111
0.145281180626968 -0.0867099305737464 -0.185484935737262 -0.0252924300782202
0.0696363348772091 -0.143554980983798 -0.138858473246027 -0.00493125315360062
0.00619050135424212 -0.140544690288891 -0.115814708680238 -0.023543667227189
-0.0412967746990493 -0.122166664147791 -0.126698358197531 -0.0333021679825668
-0.066483011615732 -0.0997236151211107 -0.123145952320197 -0.0419251434171559
-0.0562983523600049 -0.0960513311954441 -0.0876277318745265 -0.0660433968147012
-0.051043348891111 -0.0979100081047648 -0.0573827392747006 -0.123234206131835
-0.033531667983438 -0.12936156770923 -0.00241700509812305 -0.158108949278354
0.0190014662913624 -0.145110797239404 0.076773882684086 -0.159347336362307
0.0761844784782148 -0.141718945027797 0.141675421896094 -0.077369901290279
0.146357615967368 -0.0835431307769391 0.11486056066691 0.00619453816100288
0.187808642593775 0.00259535397486233 -0.00729212029497418 0.0432648439010601
0.172192878686909 0.0348841133903422 -0.162231799589783 -0.0263848908843134
0.0614120088425875 0.0334525191276605 -0.263961814673301 0.011106065483219
0.0947364531009504 0.0157525911758703 -0.23445743976228 -0.00896435405830772
0.080609816917244 -0.0366453712425373 -0.179259207827906 -0.0212724859601514
0.0350111378351502 -0.068732714297578 -0.133635511709451 -0.0158978388193149
0.00728911433695928 -0.0665913202101266 -0.126079776493787 -0.0461620726815145
-0.013202192027851 -0.061870358789653 -0.144984145793682 -0.0557988755257066
-0.0262499582898205 -0.0567778013130793 -0.142862480342248 -0.0679323757225429
-0.0195363446894538 -0.0571364007873867 -0.105213577311923 -0.096885303421112
-0.0148537626460195 -0.0618379801691362 -0.0682171288752989 -0.157301112272439
-0.00237943075645029 -0.0785120037722998 0.00114648241854716 -0.190154079045432
0.0279344583058737 -0.0832041633998408 0.0884555600719306 -0.179059539986352
0.0668866207595623 -0.0758455885116684 0.145883215158157 -0.0826990252642035
0.108381430156102 -0.0279600148891186 0.103908836381407 0.00100375190514707
0.117339608434836 0.0332074467416713 -0.021200755021112 0.0198970997010116
0.0851606634858134 0.0487405670005737 -0.186302386549447 -0.0565202795617642
0.00649937320772973 -0.0385024766877392 0.204007769897601 0.0509818162914572
-0.0355485412793693 -0.0290460513922112 0.0535916616294678 -0.0354636958424912
-0.0471301469824716 0.00943327333955119 -0.107584284578586 -0.0081164339043039
-0.0176737225838599 0.026883412690793 -0.17065858687886 0.0790320910425902
-0.00758310087906319 0.0204808570236175 -0.109542893398741 0.19093096208283
-0.00994000097505762 0.0153938922502005 -0.00383182832722126 0.221432068245366
-0.0139551461731807 0.016570473715739 0.0779385633763777 0.183996662611811
-0.02101140987921 0.0090964024283819 0.131717868053117 0.120578410523984
-0.027160158578244 0.0142727817870927 0.155705870653871 0.0690361442867587
-0.034913835847238 0.00444525871660285 0.167394021075755 0.0463085845761362
-0.024591360150405 -0.0107334521004575 0.154141534639897 0.0406976273585882
-0.0211781986840784 -0.00835085435766589 0.155658215436273 0.0203060095355697
-0.0204962518409667 -0.0198092024020084 0.172412709420698 0.0123249084155947
0.00124091684255562 -0.0446675337364788 0.206773151254246 0.0202163329378768
0.0300260588070181 -0.0403212682379679 0.267202655183824 -0.0137442908486161
0.0928382770602084 -0.0263441720175991 0.186266701022069 0.0672742373222912
0.0548125404678382 -0.0274018143268604 0.0391700514774158 -0.0288413817540451
0.0208636685882617 -0.0230991650023964 -0.114731479301778 -0.0037404528139385
0.0251748208710964 -0.0309440631565573 -0.171899459557566 0.0759539162772348
0.00647586692379259 -0.047065467342236 -0.114689908871602 0.182288376001528
-0.024198546618394 -0.0499769211641236 -0.0191830991246085 0.21142294525522
-0.0501187907964427 -0.0364230086165295 0.0605004027368475 0.176370930451371
-0.0620732099463546 -0.0392122065762641 0.11402077822425 0.116564799421812
-0.0711544697389628 -0.0292742886685371 0.139133222943648 0.0573455461652434
-0.0799109369059726 -0.0555422999834237 0.15711936141531 0.0276821013982649
-0.0458576265033005 -0.0888295948990228 0.156707717082592 0.0175610374079006
-0.0118945475666889 -0.0993525993183121 0.164161215756945 0.00778579783728798
0.0360775282353116 -0.0933944180258114 0.171177157275163 0.00673091815680361
0.0936737331213779 -0.0807760201075943 0.180233275027399 0.0159158906728388
0.132524265726077 -0.0565679666139095 0.221375166280538 -0.0119503853547124
0.166787455622561 -0.00910683175353335 0.137035456851022 0.0664698015721638
0.143910653955178 -0.021249409403147 0.00521422933781625 -0.0388452619058183
0.0951403829659361 -0.0540646371293349 -0.13366629397924 -0.00891199803581962
0.0685980216020826 -0.0924770682692284 -0.174737947568027 0.0709046500299035
0.0191980285466926 -0.114072519467138 -0.113685669784775 0.162994539990457
-0.0373263578758585 -0.110748958786405 -0.0330673341697977 0.181960365325153
-0.0803281296467166 -0.084372416037913 0.0322460140330396 0.14904918840514
-0.0938322908656711 -0.0808993414672254 0.0808288752986369 0.0966875310102601
-0.10454191204701 -0.0661393563294217 0.103597596492226 0.0334476780445799
-0.1150040871751 -0.101855882042573 0.127368469433636 -0.00302072388113547
-0.0667105135963191 -0.149118319430772 0.143930747139553 -0.0204004182896213
-0.0137091912302044 -0.173890953932747 0.16759577488316 -0.0162758580098169
0.0752746264368934 -0.15879531870743 0.170406038931898 -9.70815881114154E-05
0.166126533798982 -0.112154303884539 0.148105410620698 0.0232962936485408
0.211772567399695 -0.0679608897235628 0.148126300017627 -0.0039360094476449
0.216486523584906 0.00453589918905617 0.0598623472341607 0.0533145368319116
0.216439341120848 -0.0201227483132001 -0.0474797192789832 -0.0546126013013226
0.158836294559817 -0.0894191363644816 -0.157363868612347 -0.0182691004121102
0.0985501336714933 -0.154394445603444 -0.173797289464269 0.0598515415798886
0.0219117570990457 -0.170603997057461 -0.109026114989289 0.129324733022364
-0.0516333625980181 -0.156382885080482 -0.0499463860394414 0.13508887535178
-0.101307815910038 -0.118164426058404 -0.00458230247361679 0.106397959035556
-0.110851214345377 -0.109853337847703 0.0360496313376373 0.0632443648778791
-0.119386952773317 -0.0940563733711908 0.0562188316274066 0.000781201048475413
-0.128453710365897 -0.135140194354039 0.084653558030904 -0.0389080341783188
-0.0729781537187035 -0.188780736125593 0.118128796050276 -0.0612753256932761
-0.00964539804938744 -0.220045325379064 0.162523530162553 -0.0411063354909992
0.104706209458594 -0.196476213690111 0.164543640905866 -0.0033711022749037
0.213838655910334 -0.122980638106741 0.111390289207172 0.0398811611968264
0.257907976399309 -0.0646245815114841 0.0607022047671738 0.00844979106399314
0.23331896208212 0.0124921288352045 -0.0357852900884455 0.0370416136034018
0.252589802002746 -0.0237385338579628 -0.112589056273433 -0.0601833111211577
0.192648444556687 -0.117113709104101 -0.177796033776291 -0.0242883267345214
0.107297174654706 -0.194747338244753 -0.166724158163211 0.0416983668492804
0.0142776903425394 -0.201050222791626 -0.10661076825997 0.0801181716629524
-0.0632133137921322 -0.175599390305742 -0.0727983059889488 0.0762868745040212
-0.109549510538016 -0.132036800159028 -0.0473555836709755 0.0548204748278512
-0.110536547104373 -0.12206190774562 -0.0116877804269494 0.0217284493978924
-0.113752387730652 -0.111226708223407 0.00622046086951237 -0.037710743757819
-0.115831597027906 -0.154522350670472 0.0402541413184404 -0.0783968794496591
-0.0560432075048388 -0.203906366045381 0.0898097080980564 -0.100708366514099
0.012020192149519 -0.230756046962244 0.152014202243124 -0.0617389176137936
0.13192420544735 -0.193886490901664 0.151438333679223 -0.00223165313015898
0.236920516508959 -0.103476877174889 0.0694150460067253 0.0545501630953751
0.266733321285258 -0.0421259649521702 -0.0282812839961152 0.0133415751354701
0.210858365248728 0.0155208456181874 -0.134096855667098 0.0259883054940192
0.239679611405346 -0.0249069675573425 -0.175705184350907 -0.0481415249992534
0.185903561263166 -0.121350103528413 -0.188531531271219 -0.0228806317673787
0.0922083850693731 -0.194404185783848 -0.152687925655656 0.0200299997380564
0.003894074791907 -0.192397119824662 -0.109002326340659 0.0252924749226103
-0.0636340304943346 -0.163041631035112 -0.102353616478627 0.0182406069497854
-0.100697244655693 -0.123879153697264 -0.0911985838208794 0.0054645706856354
-0.0942770543309825 -0.117099976926965 -0.056366136673305 -0.0218960041665557
-0.0915615768675465 -0.113384613028341 -0.0364454818956397 -0.0801781589034612
-0.0823833352998338 -0.153990902431832 0.00640642683371556 -0.119758358521068
-0.0215083178656756 -0.191336938805081 0.0722496724247409 -0.136279083682089
0.0457730380137506 -0.20463978332514 0.143639374365878 -0.0761061933149486
0.150194833569595 -0.153848399425864 0.133433246503266 0.000433369198221665
0.230550252592363 -0.0581388528135551 0.0281663774617974 0.0577932523182984
0.237799717122899 -0.00675765226710857 -0.107084988164027 0.00582742150116842
0.150084630576674 0.0201638651313468 -0.216469029315984 0.022724142315507
0.18213829261511 -0.0136429501912357 -0.22039927419716 -0.024032611859791
0.142491122532029 -0.0943293777491242 -0.188610878184308 -0.0182627032347365
0.0633120817402495 -0.149324535294963 -0.140207310166882 7.25469741173609E-05
-0.00203458846401888 -0.142920872735886 -0.11777096178202 -0.0188900650634019
-0.0488545955692624 -0.12072803485301 -0.13081697074459 -0.0269405450684065
-0.0732516038249868 -0.0968333865386818 -0.128298323711778 -0.0346312070882885
-0.063551800485374 -0.0947002054359938 -0.0919529351944253 -0.0621179388020083
-0.0574857006567256 -0.0975435540766896 -0.0650481646829007 -0.12200994743268
-0.0413494487412945 -0.129264072797921 -0.0100775298396435 -0.160906971821887
0.0106305835428932 -0.148274343044276 0.0703036755099977 -0.166096106860893
0.0692875230301438 -0.147965672510254 0.140354408437107 -0.0853472666454645
0.144281440886117 -0.0921724367969661 0.115991644919858 0.000762882403045103
0.191030780506968 -0.00678346164835082 -0.00545274575154818 0.0441319340682271
0.175362783363422 0.0260868664803124 -0.164464708584661 -0.016494556179986
0.0630165072756522 0.0303916556225363 -0.267332850708152 0.0245406547409902
0.0958205095709995 0.0102519052924537 -0.236867775424683 0.00262480245471485
0.0792427566620616 -0.0410124092480125 -0.182085955879258 -0.0134817199249441
0.0320200882773149 -0.0706739790330039 -0.135441473614166 -0.0111243377596895
0.0034619789411993 -0.0675381285974101 -0.130372645593281 -0.0415729375527378
-0.0170716117085683 -0.061015872071559 -0.151419989117558 -0.0484059664610713
-0.0299231614618398 -0.055630325112534 -0.149772712055573 -0.0585040765906516
-0.0230815827069518 -0.0569774701043805 -0.111294283645516 -0.0918581789441018
-0.0187830952251374 -0.0622651562683649 -0.0777470571707329 -0.155360860380087
-0.00656854408636444 -0.0789380869780492 -0.00871629549769278 -0.193035834848137
0.0234318796218034 -0.0854784216615428 0.0809930787888862 -0.186882736728127
0.0636878462984928 -0.0802464914794352 0.145137938210078 -0.0915750732742311
0.108444091044109 -0.0340584575303251 0.105431737606937 -0.00411092083845642
0.120760285892223 0.0283459623358977 -0.021223978931462 0.0214168565042863
0.0877219001296527 0.0454178491995135 -0.190953117771266 -0.0455103752009267
0.0216420948680336 -0.0334345860787292 0.160559327172347 0.134253222238974
-0.0197461427127923 -0.0414836858065718 0.0655511092525344 -0.00752676362574292
-0.0450854762416123 -0.0113617202183871 -0.0911037651409533 -0.0525537509646067
-0.0248487181016994 0.0167020190862126 -0.187355366630196 -0.00242712994559972
-0.0122400135061959 0.0149292895257373 -0.18016165713154 0.124008338692725
-0.0128611241350368 0.00972431822886734 -0.0988696022333124 0.195393554490276
-0.0184401605893579 0.0100683476130837 -0.0088290087891505 0.197307713570812
-0.0221548252467435 -0.000701058677905527 0.0675081387394344 0.162166031608902
-0.0288649049123738 0.000641476878846678 0.111664592397253 0.126011660547286
-0.032175967326494 -0.0110801246463025 0.130233027906495 0.111384545436893
-0.0168501395012835 -0.0209701999954281 0.120926323389507 0.102064143193906
-0.0119580511876932 -0.0172096949953579 0.127861097404118 0.0854827412776422
-0.00738195052576321 -0.0261171706661741 0.14606824409283 0.0879646437914709
0.0231378385570506 -0.0393712650839318 0.176924594306469 0.113195972514131
0.0447555176960419 -0.0237008407442617 0.246332615025046 0.112262101070534
0.094650503634742 0.0147576325206351 0.138076496264272 0.138581466187088
0.0615349599877312 -0.00138275927214476 0.0469610405010547 -0.00994574895507311
0.0298104652501488 -0.00935859820089863 -0.101181418862978 -0.0529845046671115
0.0378514137513526 -0.0161684668064242 -0.189181500695178 -0.00671890556879193
0.0292122566321523 -0.0390456832511943 -0.183342121347288 0.112305114717179
0.000982980950224454 -0.0554456357813422 -0.109673047384814 0.180601914010787
-0.0295882026500542 -0.0527925359008881 -0.0224712817491308 0.183481243448828
-0.0389420971677893 -0.0625276423727452 0.0532734125108195 0.15061980522249
-0.0504835355950371 -0.0569616876930302 0.100862082410527 0.108116714072382
-0.0485302412161977 -0.0840520061982428 0.129866348655948 0.0890289620987512
-0.00275836179954438 -0.101079503502486 0.134700350137857 0.0803360978213324
0.0340870636052201 -0.0947432917253282 0.143858294323777 0.07660190994886
0.0753347030156236 -0.0674985796186974 0.150043434225324 0.0825211638702054
0.121524870095237 -0.0322904240344092 0.155058820816494 0.0993153044340527
0.14339200140724 0.00555304766161573 0.203515140093107 0.0944988898285866
0.153035543735141 0.0627774169327854 0.0947746867937914 0.114012455850269
0.139726680507413 0.0436690914397222 0.0190437983400054 -0.0350857058426698
0.110168407447603 -0.00475770156629369 -0.118210111037557 -0.0674706815729975
0.101917810000373 -0.0530105865344158 -0.191178765424963 -0.0139034524933216
0.0686975478449398 -0.0933127130980804 -0.176818538135899 0.094883890089938
0.0144392511604606 -0.115354015805822 -0.111631923068001 0.148718938528308
-0.0355828048150891 -0.108717860344707 -0.0367666614141005 0.147436507212018
-0.0505554627598029 -0.114256071320018 0.0304175231435885 0.118986608447937
-0.0654072259563583 -0.104597837154356 0.0789168621331923 0.0717037529905684
-0.0611363491235233 -0.140133955311947 0.117098215840784 0.0478762665972342
0.00313241135374426 -0.165145464857864 0.140477027899744 0.039950025716735
0.062746604632632 -0.161683610708557 0.159617269408435 0.0545890307794189
0.137944562622452 -0.109198080245399 0.154107324156392 0.0759254172272263
0.199594738204249 -0.0289443934867439 0.122993509533952 0.0933896150759451
0.218411736796427 0.0295401896827489 0.133164847118777 0.0693156445141203
0.192056298697018 0.0977129843455229 0.0307900311211154 0.0668463265231499
0.204991950941631 0.0754407288021534 -0.0231580788165225 -0.0730585202325957
0.182885820764263 -0.00888074670079945 -0.137268735506571 -0.0871276295332495
0.15463154404735 -0.0947343414259148 -0.186700291586376 -0.0254051962836604
0.0952148455840348 -0.14316212335328 -0.160520858243036 0.0649770947309763
0.0207277921858011 -0.161598258918684 -0.107303797277195 0.0999371361050968
-0.0419877184571137 -0.148742922367451 -0.0518361208972435 0.0942413829688302
-0.0540820510177302 -0.148224346367341 0.00528417678476712 0.070881398573397
-0.0667597805175038 -0.135467920260718 0.0504922734041361 0.0226546072929325
-0.0600775889456278 -0.17559399016651 0.0939898863204875 -0.00209476916981583
0.0134886379198745 -0.203719938974386 0.136735579323449 -0.00836871311442513
0.0858731198476773 -0.20065181135066 0.168302695140766 0.0293062283109955
0.181587222779304 -0.130317761072667 0.151573885895593 0.0707495258676276
0.247018158420298 -0.0191569885596983 0.0816651808807537 0.0925349377806355
0.258531613284615 0.0517296506476134 0.0493675203087338 0.0396601794762063
0.203432134397155 0.113488587360507 -0.0484134164112868 0.00972901496339011
0.239481314066272 0.088505622228387 -0.0795582447895607 -0.107057211628103
0.225686914585064 -0.0188851022667138 -0.153707735967466 -0.102439758336528
0.179006092256465 -0.127457661308981 -0.172714087312688 -0.0391025460572678
0.100992776491444 -0.173322914353893 -0.138226722140932 0.0221148187693697
0.0176752179864945 -0.183341602351897 -0.102690999119086 0.0390641485268551
-0.0431295466119076 -0.164602244641701 -0.0688893670790284 0.0303600180232522
-0.0483683451724541 -0.159826693802096 -0.0212982340622994 0.0144303029318284
-0.0560966176183388 -0.148526498973138 0.02135940988554 -0.0324216956079487
-0.0416958313240375 -0.187416192017425 0.0703428409703697 -0.0553824760466702
0.0346960196733462 -0.209834700501297 0.128060304130214 -0.0556573562032644
0.10956820328846 -0.201842030189018 0.168948290962249 0.00654142298702143
0.204847557478965 -0.11622437511651 0.14042065795668 0.0662926132655836
0.258412433983756 0.00828887753255015 0.0375849616695815 0.086664467896118
0.25624184481059 0.0763657820081784 -0.0329362106403912 0.00390593770341656
0.182892881317301 0.106941996681566 -0.131653291628388 -0.0419070737943523
0.228606739256631 0.0824730419659261 -0.141423999879001 -0.123208498453788
0.221880015903733 -0.025227967417552 -0.163229510112767 -0.105955980003513
0.165788327130939 -0.132273632842407 -0.151628913899173 -0.0522252053724992
0.0868086000332029 -0.168621549953762 -0.116423406043519 -0.0264469244417666
0.0126410800165923 -0.172387704898118 -0.103093727217881 -0.0261737338317399
-0.0392246513109998 -0.154467768121444 -0.0860360483507442 -0.0325163483914462
-0.035963090960535 -0.147945543814257 -0.0421558330177229 -0.0428436176855194
-0.0351250480842756 -0.140877068543932 0.00161093107941551 -0.0877347393102067
-0.0123273113337133 -0.173937558522071 0.0574007895792434 -0.105829486318799
0.0597078296251071 -0.184060255996132 0.127326175494983 -0.0938831596947013
0.127035971905996 -0.164328104243066 0.167375320713854 -0.00873944334338058
0.202622321625217 -0.072327158750067 0.122348857866929 0.0610921621147607
0.23260029134445 0.0464673735691852 -0.00285816322059427 0.0703410231985155
0.215269499127594 0.0943704482642169 -0.100141826892639 -0.0399147734597836
0.127269936727177 0.0858884659910888 -0.204852919259769 -0.0787325224718035
0.172262288588376 0.0675240931386767 -0.190677333645578 -0.119430078374245
0.170702515977411 -0.0202858430647508 -0.165028071735084 -0.100216796694033
0.120593994940274 -0.103977712497693 -0.129996416315577 -0.0634797020423824
0.0599532769112714 -0.12711199226078 -0.102201426357093 -0.0708273432013107
0.00659090604688904 -0.12763522084984 -0.108376538382501 -0.0802514203097983
-0.0269132506731643 -0.117471181217178 -0.101895033759709 -0.0837219912748399
-0.017844668628455 -0.113982262482611 -0.0563401833171261 -0.0936364176128375
-0.0123200263510844 -0.112462640661169 -0.00766864505413187 -0.135978265061257
0.0149717016407467 -0.133860481676815 0.0594812291793606 -0.147942172148539
0.0706251581632542 -0.13171144675503 0.137539712487745 -0.120448998273256
0.124381766756312 -0.104165586378363 0.16865731571318 -0.0166696669125769
0.168959123308924 -0.019439251032077 0.105848561980117 0.0543843259277004
0.174902004349898 0.0751717839339753 -0.0280128745561491 0.0417739212400772
0.144098951131141 0.09803888745201 -0.140980784598653 -0.08709236634527
0.0445055773174115 0.0578609495230402 -0.251267527664012 -0.0960179386200088
0.0844382082104157 0.0525706760125351 -0.214059774960965 -0.102156496899066
0.0911677712839374 -0.000172170771822889 -0.15724671100854 -0.0935959778029017
0.059284588676836 -0.0469485921903011 -0.117564656697779 -0.070733620911204
0.0312144752901069 -0.0567787233801847 -0.10077799107715 -0.0951910274187527
0.0102104289924648 -0.0603006914185485 -0.116722784994531 -0.108091846308226
-0.00478706663642703 -0.0620814643065654 -0.10988797335235 -0.114929661571635
0.0028888525019546 -0.0623313335600251 -0.0611211096585982 -0.127696221216751
0.00830119401314296 -0.0637956128456269 -0.00427443529128261 -0.170931884019465
0.0255591333162708 -0.0747586688071599 0.0737097885969703 -0.175457648254393
0.0562975089154746 -0.0678185649743029 0.1535235245776 -0.132717899150243
0.0910978483924766 -0.0465102336515691 0.1725967488603 -0.0185788146308239
0.111761225495879 0.0163895320465366 0.0979061492958086 0.0451125501935757
0.0956375763860282 0.0765047644251269 -0.0317838276723453 0.0126860181101358
0.0574011637077009 0.07703077268739 -0.151137665634478 -0.12568851483099
0.0210240105276618 -0.0327499031022567 0.162451302135966 0.121093219965913
-0.0206193634574785 -0.0402417046691326 0.063924611233041 -0.0117600454193477
-0.0438582424314886 -0.00822840379842792 -0.0910515489081541 -0.0461045797888614
-0.023627724053508 0.0172086203237758 -0.182387691291646 0.00820345915108206
-0.0108039168727757 0.0146276481662072 -0.168691219406598 0.128909744684455
-0.011548033330381 0.00920936108400142 -0.0847403771448089 0.19463211632264
-0.0166038524079052 0.010279694280182 0.00353807446649632 0.191325388108492
-0.0218588508368187 0.000307159282644339 0.0740690176306651 0.152984398632561
-0.0274832735263221 0.00284727420221595 0.115572317346797 0.116137168159897
-0.0316570520193492 -0.0095628753635641 0.133831569908123 0.101037398580103
-0.0171449836357952 -0.0204120825780154 0.123021413412217 0.0940134065947776
-0.0115281010147925 -0.0160045964339591 0.12776107328294 0.0777400266186912
-0.00745740600704333 -0.0256295952631766 0.144461048553705 0.0788002198316665
0.0209706931779899 -0.0397589060970626 0.17709601516901 0.101787974026686
0.0433385296274319 -0.0251952835085534 0.245765627135636 0.094908272854786
0.0927520613406169 0.00976601909663929 0.140768981132622 0.126216663146899
0.0604770563180943 -0.00541487221531232 0.0467573586745038 -0.0124030892766288
0.0283879686728275 -0.0102921242011506 -0.100337928344276 -0.0464085414472952
0.0348643375150509 -0.0186431809636119 -0.184216158892696 0.00324606992328394
0.0260801262639747 -0.0405661143232966 -0.172909960613439 0.117863577447207
-0.00185513026580499 -0.0541495587152471 -0.0959627494259927 0.180816015873635
-0.0313045807032026 -0.0500891042558392 -0.010907639364646 0.178934501078481
-0.0420042061728258 -0.0584417116327788 0.0596694939887929 0.142490909190867
-0.0518996640627926 -0.0527317109239456 0.104403908775623 0.0985586872987742
-0.0520261924163078 -0.0784546735715873 0.132401219150507 0.0788702093976204
-0.00848944581074605 -0.0988511791362071 0.136287431800999 0.0716516875492616
0.0283507717816242 -0.0935568571033887 0.143048773420087 0.0676174118182075
0.0700504697290272 -0.0701077079303628 0.147473843387859 0.0736359350198204
0.116737633912503 -0.0382014512596384 0.155065747269984 0.0893263479634499
0.140400549729274 -0.00208581199002382 0.202874928237633 0.0798270191039152
0.151189628552582 0.0528356718276219 0.0970382619940597 0.104235800938721
0.138510251429151 0.033461914586885 0.0184936476700097 -0.0361350455824307
0.106012201084377 -0.0102106949539145 -0.117059635139884 -0.0594663639641026
0.0951780001791657 -0.0574423399536236 -0.186553157365942 -0.00427423282547192
0.0613757502448945 -0.094800043956198 -0.167238939522422 0.099770881143869
0.00773549814011424 -0.112676384643124 -0.0995777690344352 0.149944233620703
-0.0417802661324603 -0.103833030744726 -0.0272390488650668 0.144378768908265
-0.0561107525002942 -0.108176784529316 0.0366753999778437 0.112571707509142
-0.0688291938637065 -0.0977740412168326 0.0801485755411075 0.0637566427417709
-0.0673985691347433 -0.132389207092883 0.117077672191411 0.040096539203091
-0.0068425482608957 -0.161581140999279 0.139904177635981 0.0314049777856923
0.0526785464442223 -0.160429743363457 0.158338905926953 0.0459939812310126
0.129267924793287 -0.113247428777124 0.150938345185949 0.0671854663926234
0.193106381136539 -0.0396201917125115 0.122906169978511 0.0845615310965184
0.214212586349898 0.0173395196572549 0.134267616036556 0.0599375111162722
0.190149404275674 0.0850081544666921 0.0330310001324547 0.0616995430261684
0.203276001416984 0.0616862153418055 -0.0240042832139278 -0.0710087617517009
0.176102329457577 -0.0164659894967535 -0.13659163444133 -0.0783810415621829
0.144529627363239 -0.100456375710104 -0.182663251672879 -0.0156207419746477
0.0844626174881581 -0.144475928873547 -0.151804509644493 0.070523762526679
0.0103482626498135 -0.158083116424487 -0.0979550157728528 0.102759876663719
-0.0488807902420985 -0.141224409975268 -0.0455843989689379 0.0934406933970203
-0.0619805596592544 -0.140345975606267 0.00888442166602772 0.0683077573835492
-0.0728211452213902 -0.128177762534972 0.0493729984028113 0.0183881046984393
-0.0684106640353678 -0.166520473538883 0.0923241800993476 -0.00830485990164859
0.00102662121380209 -0.200118626000222 0.132867092541271 -0.0159225741870217
0.0713007816922291 -0.200487727678051 0.165497431567273 0.0199892956196042
0.170135368276497 -0.136382126166847 0.148231655130414 0.0611223508294157
0.239794520690381 -0.0316827696427182 0.0830842963685565 0.085424663969162
0.253195182946949 0.0372635207514692 0.0510127262313944 0.0366177776554533
0.202238733812965 0.0991103112967034 -0.0469002655399184 0.0105375034326294
0.237271643850973 0.0723211344026645 -0.0807994109893859 -0.100434913297246
0.217341747400577 -0.0284048199555278 -0.153541539781279 -0.0924198520093414
0.166537050668079 -0.133087488032751 -0.169455823176202 -0.0297386569331032
0.0875886038786229 -0.174286738770047 -0.131611166516253 0.0275298594774186
0.00728403246589537 -0.178358919830527 -0.0971262695717379 0.0418356265007805
-0.0517243349144533 -0.156624683805309 -0.0653164433655069 0.033637800960706
-0.0576676089847241 -0.152214385363435 -0.0188851871511992 0.0151871874381222
-0.0629986330964934 -0.141736204635637 0.0185445063740388 -0.033427430588321
-0.0512423408431554 -0.179013496987469 0.0666819166183906 -0.0586707941916576
0.0209075274612787 -0.207099884036084 0.122554406786112 -0.0614334718227357
0.0935861287602033 -0.201801834918807 0.16522236565342 -0.00223837454113566
0.192411966353862 -0.12512925111577 0.136876061352321 0.0570436227425952
0.252680612910416 -0.00544759091006776 0.0400702060624033 0.0824713023159869
0.252210719171873 0.0603958039481303 -0.0311535666645739 0.00626807800292166
0.180929227476452 0.0943331986226133 -0.130575091656277 -0.0353526356791068
0.226279386211027 0.0675890516399142 -0.14137724116247 -0.11313882028317
0.212572217371366 -0.0353802221619511 -0.163171448684377 -0.0945245329435551
0.15302205895171 -0.137793624944627 -0.149364368800712 -0.0440511882777105
0.074297713741709 -0.169243629236287 -0.112638726293247 -0.0221228026587258
0.00122695839116544 -0.167129831827521 -0.101846105488464 -0.0209100609514325
-0.0471690738510182 -0.146181827781528 -0.0860298951523655 -0.0260515773615158
-0.0440634829398161 -0.140994745444075 -0.0428389162441145 -0.0397508876760172
-0.0429320716461608 -0.135038485852852 -0.00407415423523982 -0.0855472945192441
-0.0215601820674212 -0.167373163419494 0.0508413843882355 -0.106753406485724
0.0460667605112264 -0.182245441840573 0.11912330134792 -0.0987317417430502
0.112860511055403 -0.166058188932992 0.163316254191248 -0.0173667273159592
0.19249054173568 -0.0815258662556798 0.120551776428509 0.0527308704651337
0.2292228533722 0.0318443744649183 0.000323350639640688 0.0687720271672214
0.212777530256362 0.0799275047396374 -0.0982569578306376 -0.0314514960640385
0.126040863464104 0.0763273009395325 -0.203251797381803 -0.0663613919159738
0.170561830416187 0.056124789620241 -0.189228662602657 -0.106595764585155
0.164067376991992 -0.0282858329941574 -0.163655467858695 -0.0901047778633223
0.110374756611095 -0.107601911272127 -0.128672284996907 -0.0562616974814315
0.049946304616962 -0.126874477592334 -0.102087714527661 -0.0648789665510182
-0.000809575782501718 -0.123396065682235 -0.110605305538574 -0.0721102423345246
-0.0330578446792458 -0.111139918526125 -0.104350975810705 -0.0746265039864217
-0.0248813731581985 -0.109208533424485 -0.0598372764492857 -0.0871881101372075
-0.0186089726143278 -0.108396637738542 -0.0153188146084765 -0.131611096074339
0.00588149150369404 -0.130549100300907 0.0493980895497357 -0.14733147199197
0.0598407016564928 -0.131956409796731 0.127088464212872 -0.124456872752926
0.113264566522359 -0.107601401497766 0.163660154011395 -0.0252635380840951
0.163407777501043 -0.0286355997367137 0.104962289898074 0.0465711270969551
0.173415161010766 0.0630686445037461 -0.0256803441407879 0.0426989706379563
0.144330409262992 0.0869047823582015 -0.141063246910677 -0.0737037583747683
0.0448961915820126 0.0526861148998617 -0.249330851636357 -0.081014143897837
0.0836380771523304 0.0457899727437976 -0.211461020877766 -0.0882042561414146
0.0873483161709274 -0.00520381895265591 -0.156743681553643 -0.0831730534233396
0.0545868360390488 -0.0486166943156358 -0.117106768076479 -0.0633752629295326
0.0266471485667169 -0.0564505090025694 -0.102161964616981 -0.0886720335117618
0.00647933547284061 -0.0578955052400119 -0.119727784431813 -0.0994261467770519
-0.0086725906954998 -0.0594178864646311 -0.113791824487218 -0.103860867701256
-0.000987468655836077 -0.0605873205738112 -0.0661413375339113 -0.119924500516822
0.00366146300329052 -0.0631060757526935 -0.0144927160063966 -0.164542948656541
0.0202717042925733 -0.0738194081016647 0.0609304897123658 -0.173876956707128
0.0503212691818693 -0.0690987368970572 0.141792834525272 -0.137614224627723
0.0851442999230815 -0.0498946816711834 0.167820312497422 -0.0271271387286287
0.109282392261004 0.0100511418072981 0.0973635565255026 0.0381906904576467
0.096543605808823 0.0688005914314279 -0.0303869609639129 0.0146774812116607
0.0590684755302897 0.0714621471456653 -0.152229577964537 -0.111379423258137
0.0197417534847384 -0.032497078017618 0.160098122980722 0.110371423472009
-0.0205105379983755 -0.0386472285273612 0.0625420104743382 -0.0141887779669415
-0.0418106390873349 -0.00639380002507604 -0.0882434634926293 -0.040915177742143
-0.0221169422356823 0.0169512926373211 -0.175858558773693 0.0143478591379239
-0.00962335463329487 0.0139002566274938 -0.158825625783891 0.129618679549896
-0.0100369603036783 0.00873671464749429 -0.0735396618052444 0.190122722812435
-0.0159428788726872 0.00993912538981882 0.0115966832951559 0.183265483670755
-0.0214689737752514 0.000521886125622322 0.0770005098873504 0.143367303356253
-0.0258179140813355 0.0032287238307949 0.116191418516718 0.106402386144938
-0.03080609743969 -0.00776357856978091 0.133993739474522 0.0930488759422134
-0.0172210082011624 -0.0193051347175951 0.122905436131904 0.0872061515003166
-0.0111844020014704 -0.0155410896712876 0.124725747437181 0.0716687707341441
-0.00776251536059714 -0.0247373629882729 0.139985562955165 0.0728580271519869
0.018887072795806 -0.0399232508613198 0.172966207069843 0.0929800938570186
0.0416924815154992 -0.0262713023679785 0.240355024462786 0.0826269623546543
0.0899252378580802 0.00634817868631383 0.139182546608295 0.115527840888491
0.0586139722398584 -0.00861267063031929 0.0464283614065841 -0.0149718254579448
0.0271391515739047 -0.0107299580004097 -0.0974463584732167 -0.0415137196088605
0.032162335423503 -0.0197342607873435 -0.177547850629024 0.00911092968763642
0.0235692158827943 -0.0404127897239438 -0.162732230791086 0.11879220279914
-0.00399627861630705 -0.0523228200008093 -0.0849642531461861 0.176946393715161
-0.0319353779586136 -0.0469505142643822 -0.00315972133096482 0.171712990688539
-0.043098356775839 -0.0550248113893236 0.0628877474690574 0.134566414465926
-0.0517168608122699 -0.0491314415054056 0.104118799237025 0.0904305162163952
-0.0534792175038482 -0.0734687929693493 0.131938074774459 0.0710369040106806
-0.0123218355130539 -0.096239846524394 0.13484450394099 0.0649212049537763
0.0243703348492116 -0.0915398084522393 0.14003270436959 0.0604143129678182
0.0655628180151379 -0.070008588153604 0.142201998024571 0.0673996946247405
0.112119185457003 -0.0410427664601311 0.150987751391604 0.08127446640351
0.135434199251558 -0.00673637719914221 0.198712618725784 0.0696508073103594
0.146460993064761 0.0465131465882402 0.096501725790454 0.0954029650387271
0.135348060624643 0.0267417575337649 0.0187829190952978 -0.0366868570218677
0.101662306777214 -0.0124107960003574 -0.113651452254276 -0.0538319362419588
0.0891507219125796 -0.0588968540860013 -0.180251006414117 0.00186188505930558
0.0557116162984542 -0.0942031833362834 -0.156532813570773 0.100903476715605
0.00232750931026117 -0.108566343469763 -0.0895668602232937 0.147439042860176
-0.043963910701742 -0.0978617899738387 -0.0208753246136266 0.140012260087347
-0.0589788016095307 -0.102008770586206 0.0393762726841984 0.106326000448444
-0.0706914341338175 -0.0923031400278938 0.0795031609309879 0.0582601535499711
-0.070523095837073 -0.124728005496991 0.115760410569297 0.0331138196330133
-0.0134703305956166 -0.156930814497981 0.137144377262064 0.0256225997769219
0.0444259439575099 -0.157182762600542 0.154593144516529 0.0388646135817449
0.121548583619372 -0.114306529829501 0.14474027642607 0.0611660603160849
0.185303417720859 -0.0452147764271173 0.120431539163791 0.0775854328772152
0.207411026979165 0.00919283940228767 0.131285360111318 0.0533688236800085
0.184343368693031 0.0762411594241742 0.0336319063222419 0.057038429000925
0.198516206590814 0.0520985199036001 -0.0233820268649852 -0.06867585848398
0.169138074932379 -0.020512020872974 -0.132794421721684 -0.0710594645477589
0.135222544478615 -0.101556007435612 -0.176618027571264 -0.00954976221914572
0.0752399574223348 -0.142688658784054 -0.143254632221642 0.0715341741612768
0.00391270231781368 -0.152007046758862 -0.0903625287440029 0.10136205536083
-0.052690142197036 -0.133359316075727 -0.0404571404093542 0.0920624894262179
-0.0654805542319228 -0.13271916302766 0.0113948888060058 0.0645254335868926
-0.0756378100408843 -0.121151009809432 0.0476869885664568 0.0154424129926147
-0.0727246549482309 -0.157261685642177 0.0896062806215085 -0.0123991190241537
-0.0075130756746254 -0.194251391386768 0.12836694937917 -0.0204666865222462
0.0609327467702877 -0.195658040720926 0.160911723709411 0.0136790525192711
0.15911237278815 -0.13738937069906 0.142507795096346 0.0552838763812854
0.231201875700286 -0.0389487431632133 0.0822550171509818 0.0795857233876358
0.244989469221388 0.0278150116305182 0.0511686151835891 0.0338393255984674
0.196402114326572 0.0896254259100393 -0.0443538745203536 0.010179536034964
0.231846429594091 0.0611878012321171 -0.0789424733207468 -0.0957019499281416
0.208296065482567 -0.0336035706230459 -0.149289948694873 -0.0844104630673229
0.155146072444695 -0.134104241895997 -0.164322078796514 -0.024019707418159
0.0779328691244141 -0.171815995849419 -0.124579432692683 0.0285444765526207
-0.000492465650137965 -0.171769921070956 -0.0917846758659972 0.0429231111219525
-0.0561773431976189 -0.147828608165336 -0.0623047257855841 0.0352410425610955
-0.0620817883373338 -0.143635180863425 -0.017410489782956 0.0140850764581438
-0.0662438482037449 -0.134172172934241 0.0160043978868225 -0.0335099563124191
-0.056402993492197 -0.170791310574948 0.0624225865198257 -0.0600241139876654
0.0111846892436174 -0.201781852752722 0.116731998526067 -0.0641602670784393
0.0825761071194668 -0.198545777665709 0.160366581442442 -0.00830706574924533
0.181172231924779 -0.127625478338651 0.131882635066418 0.0512606172741484
0.243741791192267 -0.0144854672678188 0.0406508796373995 0.0783652736769766
0.244488083593251 0.0497046548144826 -0.0285196600690423 0.00854008761994531
0.175934807283685 0.0851183313890658 -0.126938782879636 -0.0307325697871323
0.220850674165448 0.0567499726309037 -0.137741946758402 -0.104983086993589
0.203584831642432 -0.0399947779342972 -0.159186459591401 -0.086742303946812
0.142245270860178 -0.138179555058114 -0.144418658287746 -0.0385836744096246
0.0642267632658563 -0.166172037465663 -0.107913105235155 -0.0190970852998719
-0.00557315404752085 -0.160156358875448 -0.098329234294641 -0.018036069848024
-0.0513595098683226 -0.137999048474712 -0.0842485648107139 -0.0210556802003901
-0.0492084089032926 -0.133674007060348 -0.0422837515422102 -0.0365287479510391
-0.0467920895080436 -0.128443594753001 -0.00776334894810168 -0.0828693481093597
-0.0277150428509969 -0.160093390838291 0.0455577483643102 -0.105560495379588
0.0362197977604753 -0.177975907206676 0.111710133715801 -0.100511960431426
0.101653834899868 -0.16402408283837 0.158034594466886 -0.0226281972831456
0.18155257463952 -0.0857427644107572 0.116065559632639 0.0473585794306238
0.22228835470366 0.0223550210415338 0.00173796725819628 0.0661672668668696
0.206324546279252 0.0693167280474697 -0.0945727283523855 -0.0250718519692274
0.122637341965326 0.0690579107069395 -0.198045341351745 -0.058228257152426
0.165781020282196 0.0477150756835672 -0.182833634400516 -0.0970906780469526
0.156049531647234 -0.032281806988605 -0.159125679568002 -0.0822004553366593
0.102256569874257 -0.107152689733657 -0.12478601575073 -0.0507341664871815
0.0428993557124477 -0.124016449785943 -0.0993487531664323 -0.0608813317105606
-0.00552357467712646 -0.117463798746355 -0.109661424891602 -0.0663695891411253
-0.0359646586104394 -0.104974594601888 -0.103461970881123 -0.0668630909998201
-0.0291302672759495 -0.103967296256195 -0.0595674791242305 -0.081485036918489
-0.0226040591509502 -0.103518231988917 -0.0200829683209593 -0.126623243364968
0.000493299451353702 -0.125774403620515 0.0424533378491578 -0.143528706428841
0.0520509751622266 -0.129228392822929 0.118408468905361 -0.125170993993054
0.103611414701684 -0.10749708065978 0.158322251734793 -0.030133968124571
0.155452934509626 -0.0335754060907305 0.101509118071344 0.041546127622941
0.169364171363351 0.0545720812992293 -0.0234162180278903 0.0429551998078267
0.140157597233261 0.0779841295920608 -0.136465444487424 -0.0640867979657888
0.044058602597192 0.0490563304021594 -0.242797323301718 -0.0698407041609126
0.0814233008200014 0.0410099623829759 -0.203724349642635 -0.0792453134432004
0.0829929552609482 -0.00756224069803769 -0.152654624644577 -0.0761316771031337
0.0507966330208367 -0.0483097651306512 -0.114153536537467 -0.0585218603411533
0.022775460004357 -0.0551347992687473 -0.101115797768391 -0.0833232119611307
0.00382798410064592 -0.0555404936077189 -0.119925698989275 -0.0914888727532443
-0.0104169348825772 -0.0560440124881961 -0.113421519626915 -0.0945526665530799
-0.00438405529042734 -0.0578614994564207 -0.067832174396318 -0.112575297399527
0.000746555783456849 -0.0608034542615095 -0.0199130640830935 -0.157687658587342
0.0160928139726325 -0.0719897267324652 0.0524608366205317 -0.169840865853396
0.0448914524742829 -0.0678150108663659 0.131562884823157 -0.13797573352819
0.0790840893934869 -0.0506347639885949 0.161572569985628 -0.0325128356907837
0.105100173065024 0.00560546470270163 0.0949448081790132 0.0334039866486477
0.0951099574750597 0.0628755027993209 -0.0297715680787236 0.0159387462570797
0.0574364710706714 0.0661274830084886 -0.149268538050465 -0.0993618159928371
0.0196665732797328 -0.0318264782828523 0.156769930456825 0.103372346945902
-0.0204078880231155 -0.0385686719836316 0.0619319006264267 -0.0163427421709015
-0.0400892702279163 -0.00582652133493184 -0.085590129522868 -0.0386484761583403
-0.0213804295479836 0.0163716883185605 -0.170301980985033 0.017681843427246
-0.00881891131432716 0.0133415795279922 -0.152351926748329 0.128578370320196
-0.00943044473866294 0.00803422309378651 -0.0669420163345506 0.185057796681238
-0.0145964851585846 0.00924523481802496 0.0165990930555702 0.176506499895045
-0.0203105434030244 0.00040424530675016 0.0778048051048401 0.137700553135637
-0.0244732410488241 0.00318452418523299 0.115527394100104 0.100762108857637
-0.0303927269825624 -0.00688320015212668 0.133731383428329 0.0865670085826699
-0.0170800680281093 -0.0194341684698311 0.121334484303867 0.0831162792969415
-0.0103818320556573 -0.0156524957111291 0.121069235685952 0.0677610238720399
-0.00769470230235319 -0.0238703279765968 0.135233450325487 0.0699327139852144
0.0175957345985517 -0.0393540618558154 0.168687534782564 0.0875456282896824
0.0402498433958656 -0.0259234024135542 0.23454350042511 0.0746203106951957
0.0875232123627455 0.00480945514864469 0.136587523343466 0.108315989000899
0.0573897833791702 -0.010606844871325 0.0464867424145897 -0.0169106038441747
0.0259868600992178 -0.0111082610837109 -0.0937736532034532 -0.0382595305127194
0.0302828170039281 -0.0201049465486484 -0.17205059314722 0.0123266210647735
0.0216822096195193 -0.0404336941168181 -0.156027277607893 0.117724540891659
-0.00561276368531085 -0.0510704549211992 -0.0783510521339014 0.172595627298663
-0.0320636197952016 -0.0450695123658294 0.0013340530789997 0.165761704974094
-0.0437319806275151 -0.0526394572057539 0.0643809355113538 0.128582743099997
-0.0513049030268959 -0.047220628377072 0.10305585864482 0.0849424642676248
-0.0535484899775401 -0.0705130867930116 0.130931193339883 0.0656496516567927
-0.0144576251880198 -0.0940784925974196 0.132869410396407 0.0607841792964976
0.0219276159259392 -0.0903533558430634 0.136054168735733 0.0567477358872827
0.0629634579726231 -0.0697078587737869 0.137026665352738 0.0646229830599388
0.108303574994881 -0.0426797829928706 0.147390941258975 0.0768848750729241
0.1315600061 -0.00914086014595597 0.194329005172071 0.0634403075867871
0.142979397778137 0.0430399727196129 0.0949563253469852 0.0898383811946821
0.13178278787473 0.022129103100445 0.0190145403340355 -0.0373568161424928
0.0982300140650428 -0.0136937119569909 -0.109995874147293 -0.0508423601590088
0.0844091940936759 -0.0591117155400512 -0.174462839251242 0.00448211576207502
0.0510579630105697 -0.0935930240133465 -0.150048283526035 0.100372570422207
-0.000126732849481526 -0.105857613145884 -0.0833366415602579 0.143393351041513
-0.0451262232789982 -0.0933201162009353 -0.0170134978374167 0.135855893308533
-0.0603208437516266 -0.0974828944536109 0.0403768480738536 0.101950586221393
-0.0707367986118828 -0.0885043363022986 0.0781924500727129 0.0542617030564887
-0.0720329466658061 -0.119229752787367 0.114463756807216 0.0290977767035516
-0.0169512922993411 -0.153334357214767 0.134452647763178 0.0220225549943185
0.0398583893139028 -0.153752785313164 0.150799964548837 0.0348136937188766
0.115618577178865 -0.114060724348492 0.140117288204018 0.0580703877604576
0.179953395258325 -0.0480537481050713 0.117416984195659 0.0733935921283422
0.201505645069144 0.00437490366265669 0.129281804735622 0.0495676514955334
0.179620913776512 0.0717325197916675 0.0336878097981532 0.0531156543948402
0.193983711078892 0.0458584993232696 -0.0217847810836574 -0.0680618320532272
0.163829606311999 -0.0224919352576979 -0.128770712109269 -0.0674662773103676
0.128056825098836 -0.101447397736632 -0.171902046256456 -0.00673211643630221
0.0693111258992247 -0.141359755262274 -0.13616507752374 0.0708510656543826
-3.18752171262686E-05 -0.147181561320312 -0.0849469211397305 0.0988497515066763
-0.054081275974952 -0.127537276079478 -0.0372763259434737 0.0900399495519798
-0.067908838368556 -0.126989225978952 0.0126945797280709 0.0619265317416373
-0.0762019306409579 -0.116515180525496 0.0460753574367576 0.0133719465043838
-0.0748598053179347 -0.151303348340798 0.0878461169057765 -0.0148442654459275
-0.0127998140976458 -0.188767251259253 0.125075285839462 -0.0230688533948556
0.0544356519803788 -0.191396650307003 0.157067003697176 0.00958850041931272
0.152280854854048 -0.137477896463324 0.137197918456375 0.0524942779982132
0.22456132292758 -0.0437263548098925 0.0805314191555198 0.0757768818405386
0.238416594295043 0.0217701281658883 0.0512919495939821 0.0330902762448147
0.191281351490541 0.0838854539210527 -0.0432276081413178 0.0097884213127372
0.226317504778306 0.0542300997567357 -0.0761423182311794 -0.0925584925573163
0.20106341643313 -0.0359243287567927 -0.145249739232018 -0.0793295582733434
0.146993938476268 -0.133263240837519 -0.15967836539284 -0.0211720927470723
0.0706148327351822 -0.169022228850029 -0.119053149792712 0.0286397610178168
-0.00479430975701132 -0.166622099416781 -0.0880694745682123 0.0421520428788642
-0.0577649517186274 -0.141003598812017 -0.0602591439559531 0.0361035487223142
-0.0647382216992449 -0.137665699280588 -0.0160905789230443 0.0142451667462116
-0.0682865268710428 -0.128953864815749 0.0147744848129639 -0.032973127716278
-0.0591975919282422 -0.164022438055847 0.0604144475862523 -0.0606698189674657
0.00467370296737667 -0.19645656292666 0.112226708299762 -0.0652637004399223
0.0745223582510378 -0.193763078797643 0.156311702224087 -0.0119915134235088
0.172870865888638 -0.12822321003191 0.127186092486407 0.0485270845462834
0.237690860111757 -0.0196909560431504 0.0399604525100567 0.0746170277138741
0.237199798381268 0.0430813447159416 -0.0262894923419673 0.00967396387008436
0.170288402225197 0.0798470301309289 -0.123658053564565 -0.0280930867446629
0.21551384236355 0.0501835870798196 -0.133321629531251 -0.100858781226368
0.195887654451055 -0.0420887566798292 -0.154565528471357 -0.0817386311598873
0.134373416134713 -0.137019610026375 -0.140573318673794 -0.0352654402579599
0.0576366904073715 -0.163298201913072 -0.104008157345344 -0.0187554577424642
-0.00880118918035461 -0.154544293298469 -0.0970756804380542 -0.016509487198299
-0.0530360099184008 -0.131602177565668 -0.0830353139742272 -0.0180306248905948
-0.0518638356193019 -0.128015848942513 -0.0407478094061188 -0.0351612291594495
-0.0490196860713674 -0.123491579355543 -0.00999038637723487 -0.080041555468548
-0.0309404731886 -0.154455409768337 0.0417083340752892 -0.103984433956086
0.0297062651471425 -0.173857820385755 0.106897711617754 -0.10021221368097
0.0938673115566854 -0.161260854041274 0.154248167688015 -0.0259944357185643
0.174552718344454 -0.0875102239782684 0.111821426461139 0.044129951555133
0.216864243967883 0.0162057484296307 0.00267242842593797 0.0643664597005279
0.200642354393304 0.0629957240628853 -0.0908217052743644 -0.0209265571697882
0.118961678492867 0.0646981348714609 -0.193311457296497 -0.0529057064875806
0.161662015824999 0.042907589590519 -0.17756895854588 -0.0915678558049389
0.150345909635992 -0.0337572585203471 -0.15492648940869 -0.0768318510951903
0.0963623148899733 -0.106051530642775 -0.121081431626505 -0.0474285281859391
0.0379443232635791 -0.121346743664049 -0.0965788451804275 -0.0593759187596089
-0.00834376611878569 -0.113279453531692 -0.108696238307669 -0.0631504142259261
-0.0373106990099276 -0.0999757448448444 -0.102057941705258 -0.0612989681388198
-0.0308660989941454 -0.0998204012124689 -0.0595470170951354 -0.0777516890780677
-0.0250878379516526 -0.0995252645518826 -0.0221441193749657 -0.121960958209326
-0.00346471332739124 -0.121090364262752 0.0375693901371356 -0.140938788120206
0.0462140247972821 -0.12597308575727 0.111849311915919 -0.124557701226557
0.0975254653187056 -0.106054189823888 0.154021837754808 -0.0331257957939458
0.149610941043858 -0.03628698457347 0.0983894399577319 0.038109302204298
0.165514401386043 0.0481817950063314 -0.0221426869894522 0.042277488151622
0.136052589315261 0.0724464412697395 -0.13274293890922 -0.0574673594229891
0.0427406120702281 0.046837722698874 -0.236143016931478 -0.063298789757214
0.0789605560890966 0.038451721432471 -0.197123203719981 -0.0732635467803926
0.0801032137789125 -0.00844151946526511 -0.148376970802039 -0.0718229675787972
0.0479592188239128 -0.0476412300865973 -0.110856903526284 -0.0552370902206818
0.0205581286353282 -0.0535356592157354 -0.100058989801691 -0.0803167986377924
0.00233694143318264 -0.053120784953757 -0.119377456797236 -0.0869019820271107
-0.011127012285955 -0.053601592662037 -0.112762536259592 -0.0879461303808614
-0.00551353589075756 -0.0562449230908224 -0.0669575995273311 -0.107697417270012
-0.00130479287269373 -0.0588340499281502 -0.0233489738936184 -0.151825336135944
0.0138212939148153 -0.0697105524894438 0.0466674173746768 -0.165926840514448
0.0414951575045528 -0.0664542736533624 0.124680512623946 -0.136932109039865
0.0748087970388378 -0.0503460982781887 0.157009236262524 -0.0354658959411076
0.10149905974976 0.00335533358279187 0.0921399647785702 0.0308945728045144
0.0929917308903687 0.0586610023695433 -0.0282708899207665 0.0170527496888073
0.0558417332884289 0.0630131286553646 -0.145124444165281 -0.0914095821308074
0.0193957973397009 -0.0316664250412177 0.155050824767333 0.0977291121749547
-0.0207609838107622 -0.0384031366479081 0.0622716912633272 -0.0187062128728606
-0.0392638737135902 -0.00569577351298802 -0.0827366490678092 -0.0372468566519814
-0.0205869984983913 0.0159303147202784 -0.166516002444007 0.0202213362802776
-0.00829013201215863 0.0124257007764501 -0.148435108169216 0.129103179753256
-0.00882299076755855 0.0063668464714611 -0.0619026405977677 0.182416001141574
-0.0143343557662659 0.00856621142042505 0.0211268702182365 0.171390386875013
-0.0201522451354664 8.86084409892985E-05 0.0791647225343834 0.132670974102384
-0.0237029767456375 0.00325951628758369 0.115926697028052 0.0957055179621896
-0.0296117605624068 -0.00623172472178118 0.134025876618937 0.0821040152139351
-0.0168118284326854 -0.0194431295136855 0.121436199193707 0.0803680598439278
-0.0102444493952716 -0.0156074438434432 0.11877697934272 0.0652513410756172
-0.007684793850485 -0.0234923943728645 0.132396729590426 0.0682457922319879
0.0169591333365211 -0.0394338918523328 0.165860492794439 0.0844322316848561
0.0392903947868002 -0.0267250549868861 0.231640276544746 0.0687915024320524
0.0859512092543681 0.00353702465848884 0.135113118971956 0.103381454437356
0.0551617439904563 -0.0126958499248517 0.0465194224284188 -0.0190038572823846
0.025378080408492 -0.0111840236423949 -0.0916402244504544 -0.0366341821160843
0.0287054594020764 -0.0201700257175591 -0.168421986186079 0.0141097440975619
0.0202139635582744 -0.0406506118451153 -0.151295722656675 0.118064983092719
-0.00609711218594533 -0.050830642071242 -0.0730040641786877 0.169186380445361
-0.0324256540935842 -0.0435083384673073 0.00501653175667616 0.161938756882121
-0.0440944806632358 -0.0507235775711657 0.0647660553889906 0.124861690435312
-0.0513040371534656 -0.045991171134605 0.103159274849759 0.0805077473959902
-0.0541442619676009 -0.0675076343431832 0.130776764138495 0.0610020227507558
-0.016921625442544 -0.0930195773096067 0.132060516074901 0.0581223334583357
0.0202104634330286 -0.0898316298971543 0.134579998127597 0.0546324657713152
0.0605066299621467 -0.0699515244943132 0.133446378760631 0.0632687759713872
0.106225628851243 -0.044302283940675 0.14444227264745 0.0738871677655485
0.129381555401936 -0.0122101052656699 0.191267437612624 0.0587975581759049
0.139949384264437 0.0402614447942669 0.0944262585685469 0.0855335987087605
0.130305775215227 0.0185729340660778 0.0197021625484963 -0.0388584112640658
0.0960743369756847 -0.0144293923810892 -0.10693914844832 -0.0483965302677976
0.0809670514615792 -0.0596092505625512 -0.170753240116197 0.00707662382113395
0.0476439831006754 -0.0926487621360511 -0.145004574811408 0.099312179594643
-0.00240862263402976 -0.103963768409777 -0.0791560530151337 0.141161455179862
-0.0465726980455827 -0.0904935085237186 -0.013924200959217 0.133247920975953
-0.0625556880794102 -0.0938861085326962 0.0419136620708936 0.0991358970029019
-0.0707858356033409 -0.0854485771793875 0.07810205294465 0.0512505855709
-0.072598264872804 -0.11537726973954 0.113515384199515 0.024550882367117
-0.0206654981575203 -0.150489743850285 0.132979769100542 0.019252876765118
0.0363750770828559 -0.15274053382003 0.148451083641552 0.0323096450124018
0.111681262884288 -0.114172332820502 0.136582953249792 0.0568908092170568
0.176671720123 -0.0505315837527132 0.115856581371507 0.0708469786153634
0.196850781227633 0.000499876776968645 0.128244329796669 0.046720095282192
0.176525417177401 0.0682807581672401 0.0329792240955528 0.0505542632996033
0.191698985846904 0.0416762068786235 -0.0203710789511651 -0.0684219685260851
0.159809374750388 -0.0241192464830397 -0.12541061991358 -0.0648317900220158
0.122921634556738 -0.102079543853107 -0.167409115262029 -0.00448132865013919
0.0642259395530339 -0.140042564938699 -0.131914045603239 0.0704746959527614
-0.00348485134696622 -0.144421207674266 -0.081664619373287 0.0973516777381507
-0.0558718379959643 -0.124066910398682 -0.0351656316140336 0.0895944732442665
-0.0700791849578958 -0.122747245526291 0.0137319591314039 0.0597757023324443
-0.0774552667656849 -0.112410734170204 0.0450850554400176 0.0124321873071045
-0.0767817651728062 -0.146554461357182 0.0861368654850055 -0.0174751306617062
-0.0175890339584385 -0.186084729492984 0.123202477440268 -0.0253316860727759
0.0496175422871913 -0.18942106515224 0.154437419487301 0.00684283970929004
0.146905828026669 -0.138594926348623 0.133478241379987 0.0508579264482985
0.220839549740134 -0.0472536693449117 0.0786678813445302 0.0726292860448311
0.232849911337342 0.0168171827549954 0.0517691485685853 0.0320019718493879
0.187493536801424 0.0799301424522065 -0.0421116643909825 0.00898042503946793
0.223176180580654 0.0487725399685701 -0.0741342589767779 -0.0915098095074677
0.196668341446142 -0.0371193338645333 -0.142437447229187 -0.0762499142907089
0.140998020544874 -0.133245652887156 -0.155540925441681 -0.0187512633775386
0.0648408558256146 -0.166766804354124 -0.115556178342769 0.0283305368971811
-0.00747512205820604 -0.162804851296706 -0.0866106723173413 0.0416186084076922
-0.0594655191228662 -0.136826000678034 -0.0584775738840062 0.0368829173610273
-0.0665021299436598 -0.133111172231265 -0.0147804963819984 0.0130806077669847
-0.069779465915196 -0.124854649245122 0.0134615286106875 -0.0328065778732849
-0.061763628658893 -0.159088351372693 0.0582084412775458 -0.0618634193344328
-0.000395044141761475 -0.193345096466819 0.109379466137232 -0.0669748987038212
0.0680959081570527 -0.191962428903327 0.153626085084463 -0.014675946010451
0.16729702201724 -0.128991326548414 0.124251613181822 0.0470963870630337
0.233366166949891 -0.0244654317636229 0.0394779241271993 0.0731057865213127
0.232097094416898 0.0373536567719046 -0.0242325836413595 0.0110751020835739
0.167560060088438 0.0760949791607124 -0.121364200859693 -0.0264688941796529
0.212082195751337 0.0460012006592641 -0.130094392569604 -0.0984848116494635
0.191589430069872 -0.0433949190377811 -0.1510939546083 -0.0780370485560239
0.128219106748825 -0.136768655066746 -0.137112118421977 -0.0327285330078598
0.0526275816240454 -0.16129789515643 -0.101984078916997 -0.0186461669906958
-0.0118360030576406 -0.151039651521199 -0.0960487464026167 -0.01560858452791
-0.0546934086745654 -0.127422064242742 -0.08164410504097 -0.015047894397494
-0.0543100341773767 -0.12415591023196 -0.0400027954700974 -0.0339035148738887
-0.0508944636167926 -0.119733356548145 -0.0112181836895585 -0.0784195235818489
-0.0344733986091058 -0.150655513242533 0.0392429073167764 -0.103158904536615
0.0236648181291033 -0.171418949781983 0.103010477429624 -0.100958496241612
0.0882486569588676 -0.159557574059223 0.151729985519447 -0.0287515372162387
0.168489730066629 -0.0899005932610128 0.109073133618055 0.0425459156259128
0.213806182063379 0.0117028722231283 0.00310425013177765 0.063530314458419
0.195967849521597 0.0582529781543519 -0.0877781076015943 -0.0178729197649506
0.116143850086862 0.0615402796455206 -0.190050916494028 -0.049753880222411
0.159282708202032 0.0390312421092035 -0.173734221564185 -0.0886346454544667
0.146592494118355 -0.0348386132826871 -0.151853389846026 -0.0741790807258008
0.0923120042164952 -0.105018076772939 -0.118763383887597 -0.0455343857699265
0.0338790759562484 -0.119747526894449 -0.0956266965577311 -0.0585907222934991
-0.0101633257353961 -0.110365567364738 -0.1092991602639 -0.0607271835312281
-0.0386724041549366 -0.0964008994633475 -0.101825124131092 -0.0577027155223812
-0.0333829824899883 -0.0969113926087413 -0.0588253767804704 -0.0754093657859488
-0.0265744519129783 -0.0968138453521711 -0.0242819446110725 -0.11896119331471
-0.00599542365057811 -0.118613602923504 0.0338765348272907 -0.138748451594012
0.0417879570748904 -0.124280074196196 0.107227242241982 -0.124822908881677
0.092520260448036 -0.10495508677771 0.15152729684699 -0.0357211723933215
0.145503123420671 -0.0387105073743676 0.0965487063813461 0.0367636592230073
0.162494982059223 0.0447075545901217 -0.0211787560867633 0.0426408466065299
0.132586341395859 0.0690025765220948 -0.12881490336347 -0.0527177150381462
0.041817286432462 0.0455794326606351 -0.232178794268302 -0.0583047413705433
0.0777922087008023 0.0363704014650118 -0.192802681699051 -0.069505868136946
0.0782825466712301 -0.00902505688314815 -0.145683908425421 -0.0688839314311667
0.0458351647678568 -0.0472140165734153 -0.108458221536975 -0.0535718001720153
0.0183656824853499 -0.052117221364378 -0.0995319925467323 -0.0791161457835748
0.00179150571087824 -0.051187141157241 -0.120034919599415 -0.0831454950160614
-0.0118274241504829 -0.0513607063550819 -0.112721770130869 -0.0831735149983269
-0.00743432318495799 -0.0549433263915439 -0.0679443057955617 -0.104777056938657
-0.00296036730200744 -0.0575435634033083 -0.0260893599067593 -0.14822928718238
0.0122040507451236 -0.0685845809703869 0.0423211274560534 -0.163144938528476
0.0394275431400872 -0.0647352622063499 0.119041408059972 -0.136355087477804
0.07135607724585 -0.0502226639604845 0.153959294697623 -0.0372698071255821
0.0986932374276149 0.00134719733975316 0.0906780084529072 0.0286386948067515
0.0919241583133564 0.0555374305707475 -0.0279852177647835 0.0180766275899833
0.0542808187636186 0.060864344893514 -0.142625163709844 -0.0852251023660916
0.022084227564944 -0.0253981500321385 0.132875167073535 0.1226461321302
-0.0135313255818614 -0.0401121689628965 0.0659911847437943 -0.00879415057212754
-0.0349616337853818 -0.0139159274129176 -0.0708307365170873 -0.0532174453494843
-0.0206553156495672 0.00929342502937296 -0.163854131662931 -0.0119189819622408
-0.0094099695645218 0.00699037651012154 -0.166925064052007 0.0965182641721123
-0.00967428362611337 0.00221998794984919 -0.0944662363268636 0.163141718410254
-0.0140933653612939 0.00474626390979771 -0.0135546461119511 0.169791954350698
-0.019829637329423 -0.00471349578701247 0.0497253912219071 0.143348626416431
-0.023165768716679 -0.00305945144912769 0.0933020936512338 0.11404595352581
-0.0272965999723798 -0.0119945791564387 0.112420794110355 0.105017076374822
-0.0125574569328412 -0.022506633119536 0.100718567288847 0.10199183368389
-0.00495994463168658 -0.0184625914947423 0.0999500547441967 0.0884962270069703
-0.000529504078366992 -0.0246461526208495 0.113040336432436 0.0939855233016381
0.0255955279280425 -0.035805021114952 0.146468302158512 0.117342999055861
0.0435770496346409 -0.0184150376445673 0.215367476546831 0.117652366688279
0.0781357290001102 0.0205713745155266 0.112861933484302 0.124594807419557
0.0545269961664091 -0.00225619540622158 0.0502918979497079 -0.00973293742446626
0.0275005065377722 -0.00712295836156703 -0.0787266484026278 -0.0527870779928429
0.0318205089140499 -0.0160250610656368 -0.16372832873358 -0.0171704310625024
0.0272676501731133 -0.0378520979501668 -0.167379479240352 0.0864311490353289
0.00381722508186866 -0.0516491650074717 -0.101995387085937 0.149818834400827
-0.0216689314264503 -0.0484763853974013 -0.0261386389684816 0.157356932260439
-0.0341844457045424 -0.0593301096477338 0.0385307898789591 0.132400953324663
-0.039692613140524 -0.0547530541828154 0.084218677961079 0.0969504161658951
-0.0387613484406473 -0.0754910052763986 0.113589463031324 0.0823765860177404
0.00234098498208016 -0.0935805446813618 0.11586397120814 0.0787902029536903
0.0389536802427082 -0.0822428164909854 0.118570045614505 0.0784212956029477
0.0757823480577097 -0.0546470948495827 0.117579087189188 0.0878277585368174
0.113329664325087 -0.0214188411230617 0.12776055096367 0.104136058552964
0.127298307262369 0.0149453530415495 0.178685952362888 0.0990368807514089
0.122635111532746 0.0659394832637799 0.0770495745565133 0.10088506688828
0.120107096725433 0.0408533739234529 0.0267482238330928 -0.0311961651417754
0.0950587767839758 0.00366743236404163 -0.0913911569598082 -0.0647707232756394
0.0876507100085416 -0.0426287610396681 -0.163933156819292 -0.0241887826061607
0.0630850171292372 -0.0818961495734747 -0.158155715551334 0.070180237489914
0.0175685968241597 -0.101172025471213 -0.10112101755572 0.121806321419297
-0.0273204988758369 -0.095467030549697 -0.0390097825474086 0.125441933008468
-0.0428856410381598 -0.104391180982974 0.0207259990661847 0.102564452316031
-0.0511740962036073 -0.0973294601620489 0.0655468003024396 0.0631744816641466
-0.0474277866938573 -0.124832866854158 0.104431583153452 0.043274133670094
0.00968382013378765 -0.149921679296558 0.124542136093462 0.0392555661440578
0.0667785650190775 -0.138627857191093 0.137129161864121 0.0564923447271474
0.134915672846274 -0.0866478025188024 0.123205188520395 0.0805759931577462
0.182693008269339 -0.0134244304209788 0.100271900349179 0.0946925751697128
0.190261287251874 0.0411346754512182 0.118668516860093 0.0739666064835749
0.152423576705615 0.0991597248982345 0.0248979804830945 0.055799818522796
0.174915695144183 0.072592126009317 -0.0080617170586879 -0.0649348784503078
0.158264346862642 0.00624811764690465 -0.105910208445696 -0.0819240345382994
0.135280672979278 -0.0739515001217785 -0.158144321147926 -0.0341995149245484
0.0878528494470915 -0.123094516810182 -0.140314060503198 0.0443404564395123
0.0247503694928127 -0.13963157987863 -0.0953765855699581 0.0786969802915641
-0.0305075780556001 -0.128005642565776 -0.0505293832219854 0.0785326399412123
-0.0454483484270518 -0.133476596854766 0.00155116340886276 0.0601170326877178
-0.0518405594407618 -0.12408487088475 0.041568017596658 0.0185809391116957
-0.044616010299404 -0.155757735468524 0.0868089218903094 -0.00356559339579172
0.0195553162546829 -0.183492241131955 0.124015658524064 -0.00657435325370386
0.0869614578049227 -0.171016175582233 0.148802533957734 0.0319423184049754
0.173631953651376 -0.102433247574861 0.122995832559786 0.0730378389252647
0.223956115838278 0.000611660564129079 0.0649078284816938 0.0903679215060277
0.221230902947128 0.0643913515092856 0.0464783572419474 0.0427622953097707
0.161370322284781 0.112097727169899 -0.0407024838429533 0.00266264238933199
0.204635416821579 0.0854059000896132 -0.056492280389168 -0.0961944306324703
0.196218391465776 0.00107759410504174 -0.119031493467051 -0.0947387587701409
0.15722421137157 -0.0998626137824029 -0.143005975521696 -0.0451553916586472
0.0938267313822081 -0.148084518369688 -0.116498767471718 0.0072494441924876
0.0238036598660254 -0.156566520667724 -0.0892757720799288 0.0240783402171431
-0.0316449187525216 -0.140921738869618 -0.0632754598278021 0.0231108643909992
-0.0403816655185344 -0.142634565544654 -0.0166896593071569 0.00905345575114946
-0.0420520360655575 -0.13391537526731 0.019437856622421 -0.0306201078560211
-0.0286344182677106 -0.164159882269792 0.0688590700332323 -0.0510284930784546
0.0368835947677576 -0.186673030823435 0.119368490553441 -0.0502270256296292
0.104362722319719 -0.168593301189039 0.153967934483476 0.0106862500383573
0.191383921110341 -0.0894237784413457 0.114951003577471 0.066524538478201
0.231199102388174 0.0248992814916617 0.0263302655459833 0.0827564350575753
0.214961043452447 0.0842962310058976 -0.024079401555275 0.00658475938054679
0.144450193971274 0.103919126102328 -0.111037144239773 -0.0471072070607241
0.194877483120579 0.0796452421352293 -0.10897066108717 -0.113041379966537
0.191673110990412 -0.00659933488692957 -0.127953584221007 -0.0982013176951796
0.146295839113639 -0.105266866616935 -0.121803735935697 -0.0556203028485415
0.081042169715456 -0.143513632918138 -0.0941956577787352 -0.0356538495110464
0.0176273561214107 -0.146039292902845 -0.0884893649457667 -0.0326349790939328
-0.0295422633231657 -0.130783886516138 -0.0762528717289699 -0.0313274550822487
-0.0293473979234227 -0.131385162685365 -0.0316204277204446 -0.0410146435244186
-0.0252803794302036 -0.124999426857371 0.00517662731249303 -0.0788458434291995
-0.00475266859177833 -0.149855800495143 0.0588737672804188 -0.0943420847375363
0.0566381528151917 -0.159888891727843 0.11970905287159 -0.0830812849649866
0.116117009341633 -0.134008922079092 0.155308255780951 -0.00237594560249808
0.183410507678666 -0.0502299852926744 0.101264225545249 0.0607914500472191
0.203530913053691 0.0550671772592004 -0.00788164910767022 0.0666376060651934
0.17539757428704 0.0972094077715692 -0.0805002720977452 -0.0350881531407313
0.0997013732066191 0.0794745283264806 -0.173504919469887 -0.0821114241392993
0.145660572279386 0.0637694984196098 -0.152312461699504 -0.113108332762521
0.147348853445472 -0.0062720822688046 -0.130095649145509 -0.0958762031691527
0.106748686748249 -0.082128703592525 -0.101759352965126 -0.0652156187113963
0.0560217298845318 -0.106272189501325 -0.0816975941281295 -0.0736429130825255
0.0119930852166758 -0.106526763932865 -0.093647603873629 -0.0791564168339334
-0.0196938372503812 -0.0981893347723928 -0.0872259110548408 -0.076422423303227
-0.0144455984176021 -0.100027275687542 -0.0414846875784698 -0.0846959309068283
-0.00604069068364269 -0.0977955320660068 0.000449574033428567 -0.120051199625732
0.0162954971890772 -0.114162075799529 0.0612432251819405 -0.127901708505044
0.063969905971699 -0.110462713512757 0.128528543664941 -0.102770210964883
0.108433885687964 -0.0810612015909626 0.156820391699607 -0.00774540401763816
0.149020767584745 -0.00541359699618745 0.0905563313669033 0.0533360354168374
0.147474047868663 0.0763174290336191 -0.0285127077924195 0.0407578423547805
0.112446031233639 0.0938605438600635 -0.114940697993138 -0.078088510896898
0.032618001685561 0.0491102035285796 -0.213537406637608 -0.0979833582300191
0.0690618850357269 0.0470035657525244 -0.173719493294493 -0.100728808801801
0.07761675050147 0.00496212016834225 -0.125514855327048 -0.0925554253779422
0.0531314214454385 -0.0363531893622779 -0.0918587997815016 -0.0713003906379099
0.0287746403614055 -0.0452933845209024 -0.0813720967705417 -0.0955168352036042
0.0130372432008021 -0.0472574765267992 -0.101246035527991 -0.10349539646173
-0.0019582091978421 -0.050202710682993 -0.0932657500933584 -0.103362076473032
0.00319953626074813 -0.0546179866065952 -0.0445813321154148 -0.113807089586648
0.00870749941608136 -0.0548170489827496 0.00505483526296974 -0.147350038998165
0.0236259078602881 -0.0625093437183328 0.0735131675252455 -0.147819707001841
0.0501516643566451 -0.0540137509867638 0.142058852445485 -0.109996849913451
0.0777681580004597 -0.0331620776724193 0.158994796593497 -0.00702259620996733
0.0951977012775862 0.0227842939182666 0.0852039844528498 0.0459617304339067
0.0761544080110636 0.072127558749227 -0.0314464936625428 0.015281480694519
0.0379855818207531 0.0709858958624762 -0.122396008548629 -0.113689161867162
0.0218887143112896 -0.0254091564604624 0.131283718937383 0.11736298690445
-0.0149940757193248 -0.039672268249881 0.065404872396798 -0.0121081305185292
-0.0350293834659006 -0.0134176745003527 -0.0688741385006727 -0.0519591500883047
-0.0204266028449703 0.00906866407202279 -0.160538222120718 -0.00923424195602237
-0.00949977237646532 0.00653074528407119 -0.161952575443099 0.0978443188395878
-0.00919222796528462 0.00124784072870024 -0.0892063002564819 0.161215646678028
-0.0137081766992855 0.00389502419631603 -0.00845098052286136 0.164962242627349
-0.0197879451634842 -0.0046469961413 0.0519212716966305 0.138766035165313
-0.0223058845501641 -0.00291204877962431 0.094473880298647 0.108915406498984
-0.0265602767067222 -0.0113816513770867 0.112971062483826 0.100262855548072
-0.0130638521928673 -0.0220907950773702 0.101294143693594 0.0993762904810578
-0.00498462374436791 -0.0176545978476445 0.0982441777705738 0.086031051482531
-0.000231212412126913 -0.0244658758625734 0.11056258761526 0.0916823017907174
0.0247651733880348 -0.0358372776014314 0.143541435204869 0.113792687364333
0.0426316006714499 -0.0189317841307343 0.212510014988236 0.110746267333838
0.0766602699097819 0.0191885460881162 0.112482716283238 0.118854570792039
0.053011176020982 -0.0039078235575564 0.0495983221069962 -0.0123110993273518
0.0262019897168286 -0.00744373264553589 -0.0758686711012954 -0.0511395832045404
0.0304638892757378 -0.0162672463704988 -0.159875598965381 -0.0149951342394558
0.0257255666105384 -0.0376803019801366 -0.161896220509544 0.0862763279959573
0.00232478950815683 -0.0513126508615662 -0.0969139857337432 0.147184982103074
-0.022357336552817 -0.0468971226041134 -0.0217581339419271 0.153081448505411
-0.0353719364214312 -0.0574865234484924 0.0402699033803898 0.128425914249382
-0.0404199739265681 -0.0537251914459111 0.0851545540357341 0.0924993249039548
-0.0391316245031458 -0.0730250037271912 0.113434281122775 0.0774484625228497
-0.000295348231497948 -0.0921322540023092 0.1158130479107 0.0756583172453462
0.03638018730279 -0.0818019547302055 0.116894438951887 0.0749957631093418
0.0737441577089335 -0.0554706832663759 0.11464567714464 0.0853273572476774
0.110659950943134 -0.0239582203833414 0.125352765737709 0.100126752727509
0.124617691017076 0.0120520925667642 0.177121741384052 0.0938219030742313
0.120838018978892 0.0626639885172234 0.07621831121442 0.0959718860277806
0.118371882034498 0.0367313667491578 0.0270356955832563 -0.0337005051831122
0.0928527466762041 0.00206191992387352 -0.0885422848923257 -0.0621351675599204
0.084356949894304 -0.0430704342297787 -0.159692084698232 -0.0223768430244676
0.0593296813460453 -0.0818987964892897 -0.153249264732673 0.0700433843279878
0.0144809789357913 -0.0999573555153208 -0.0971247285656252 0.119359832377481
-0.0285136366262455 -0.0929403486427499 -0.0350608537277713 0.123128223789607
-0.0449991066406942 -0.1012876890742 0.0229477356765573 0.0999800225660632
-0.0520482558028141 -0.0947814620654506 0.0654334965052715 0.0604007974815031
-0.0489090888678301 -0.121156167940539 0.103507035648568 0.0392487946508245
0.00571581337323017 -0.148082508341836 0.12294090661462 0.0363237646051721
0.0623554753829961 -0.137884617291391 0.135111480478657 0.0532149010936087
0.131062049316524 -0.0881486415492494 0.119970666000836 0.0787177637298773
0.179213779234631 -0.0164945714482173 0.0987819792249583 0.0916639129915214
0.185876948774673 0.0367503803471893 0.118344068671864 0.0695271904394034
0.149939418577019 0.0952630063430834 0.024812777442063 0.0528746853625432
0.173066436407428 0.0673739407143281 -0.00747453155120903 -0.0657912499061531
0.155166365257807 0.00356063350414061 -0.103143233508019 -0.0782016958028437
0.129750575211594 -0.0750265612074169 -0.153616528046735 -0.0321127180222546
0.0827554538666916 -0.122205813727603 -0.135010784048936 0.0432033960354189
0.0207640203671966 -0.137343175513339 -0.091848354668526 0.0779904758929583
-0.0318797988040923 -0.124331279666636 -0.0479641062409618 0.0778818834594067
-0.0481457907206571 -0.129466846200941 0.00306142427121843 0.0579115186075402
-0.0540069685297537 -0.120971205833408 0.0414899175278876 0.017195400409983
-0.0478523977328899 -0.151153189890557 0.0858009664515983 -0.0066287929985334
0.0144093755620531 -0.180200717822976 0.1216304318225 -0.00942368043113948
0.0804675304260995 -0.168839013523146 0.146625571529944 0.0281954052594114
0.168468701860504 -0.103937531850827 0.12018944156538 0.0707621525631795
0.220477901977442 -0.00395402277503874 0.064233333240861 0.0868234076945411
0.216090433672294 0.0590812098345822 0.0474803249563804 0.0414544965803181
0.158453850241774 0.107854361578006 -0.0396908721551335 0.00144583496518333
0.202276521349549 0.0794278543708114 -0.0547833884458923 -0.0952173746878218
0.191970330461418 -0.00248521818631072 -0.116357389595784 -0.0910288284246041
0.151817344589284 -0.100594665120295 -0.139278795034951 -0.0429069791477887
0.0880620943873265 -0.147047704746288 -0.113059882627543 0.00626226511988709
0.0194629071267898 -0.154272474788842 -0.0875399880359647 0.0240326492580821
-0.0335382365411273 -0.137068576954365 -0.0614732850254296 0.0242644717337251
-0.0436835698304977 -0.138402559613384 -0.0156152882724451 0.00851861035860262
-0.0445391841179985 -0.130349394613698 0.0189097542809462 -0.0302457565968988
-0.0322547455351416 -0.159849838808614 0.0668989647431807 -0.053340483308436
0.0313173667055742 -0.184111554750826 0.116058111992206 -0.0513909490518648
0.0976346756997814 -0.166967958681187 0.151719546073975 0.00690824660993155
0.184742963526152 -0.0918401242356756 0.111906654229386 0.0644212622638228
0.2272608874918 0.0191376830606431 0.0261588687572482 0.0807843498598487
0.210206958980947 0.0788621253451409 -0.0222481398076922 0.00757247522576832
0.141625993306796 0.0995777883693374 -0.109166859608395 -0.0452432362470011
0.192534129945505 0.074428447675275 -0.106771769191766 -0.111092844764224
0.188303044712372 -0.00889872983574343 -0.124796099581685 -0.0946098302475648
0.141145550519419 -0.105703240206187 -0.118719742057985 -0.0532091772309165
0.075293975994916 -0.14262598393432 -0.0927980109607036 -0.0360809320595775
0.0138116953325662 -0.142562858884412 -0.087949328305706 -0.0314908349845995
-0.0306148348972463 -0.126221346702223 -0.0754442885173031 -0.0284438831199803
-0.0326860328684356 -0.12710459141065 -0.0316364775263277 -0.0406304327185886
-0.0275319256396275 -0.121235311023904 0.00318698967704906 -0.0774877994760872
-0.00756713223544197 -0.146293727320595 0.0558127481647719 -0.0947145449289672
0.0509624692763835 -0.157585541471353 0.115921133794513 -0.0841765818567226
0.109831088129302 -0.132963774592562 0.152828660442738 -0.00624883991512474
0.177659701686225 -0.0531057809620215 0.0990108864602224 0.058256199698123
0.200665576780648 0.0494740987141924 -0.00742334225428218 0.0658153892648069
0.17209129136844 0.0919210309569807 -0.0789341173393078 -0.0322882398164267
0.0971493844942715 0.0764224664287429 -0.170666336615859 -0.0779047847663389
0.143454429210381 0.0597204677595968 -0.148693266315613 -0.110211672219719
0.144211407749916 -0.00851474580194346 -0.12709462270925 -0.0920589911143139
0.10213279838861 -0.0828220512179164 -0.0995535068210466 -0.062320730032824
0.0512336082072813 -0.105454483489748 -0.0804203701549632 -0.0736936544020629
0.0100347883843924 -0.104077846755803 -0.0939224997038305 -0.0764126766007974
-0.0210903096027154 -0.0945710930797652 -0.0880223678338776 -0.071481496362032
-0.0174025482138283 -0.0975558483955191 -0.0421200806830391 -0.0824429483486951
-0.00841147057246834 -0.0945718580140824 -0.00234385083321558 -0.117309441407595
0.0130716315847369 -0.111484571755916 0.0572869288925506 -0.126500721638718
0.0598357072092605 -0.109189111035044 0.123876020057341 -0.104176096611671
0.103701483649397 -0.0811086258931253 0.15409081611102 -0.0110487824561314
0.145009921957056 -0.00804396792396647 0.087546288256925 0.051151620877135
0.145706835238989 0.0716835234049143 -0.0275190853116567 0.0411560568168867
0.110043054490524 0.0899982326722621 -0.112570175409525 -0.0729263557465627
0.0315685512235888 0.047181126182408 -0.209715588251036 -0.0929299192103921
0.0682912858834994 0.044848656333912 -0.170008538104503 -0.0965693310236965
0.0761000362809972 0.00447681282446966 -0.123309350930924 -0.0889800033322418
0.0513561675818001 -0.0360645585300291 -0.0889071275267587 -0.0693267311004672
0.0273581476406719 -0.0444886749783472 -0.0816868882504755 -0.0937005678238707
0.0123506688491112 -0.0463171514470891 -0.102091807826273 -0.0995069500271028
-0.00262210218182963 -0.0487540784381562 -0.093810189017668 -0.0981742292194456
0.00148545498511936 -0.0531554577902256 -0.045502468346305 -0.111630310505513
0.00721661199918104 -0.0534880051310162 0.00183813118675348 -0.144508768728797
0.0216214057402805 -0.0610473037963281 0.0683779365965328 -0.146219478052147
0.047282688812127 -0.0532512209697826 0.136042775220019 -0.110460565859017
0.0745714152391549 -0.0333378175353082 0.156089719965026 -0.00988511603342289
0.0928470125273728 0.0217048428900725 0.0831236074317686 0.0429342335921627
0.075590554713946 0.0693795999612557 -0.0302431790324643 0.0160413816465845
0.037471838519076 0.0684788412064981 -0.120206931035039 -0.10756556274485
0.02149592153213 -0.0248696806920893 0.129377827896936 0.113493555050918
-0.0153833872260099 -0.0393417625089827 0.0645354815082739 -0.0140540925268432
-0.0343272193207093 -0.012778844062456 -0.0668479985276318 -0.0519038941773872
-0.0198910417501869 0.00875464241534111 -0.156446144503301 -0.00909558795842598
-0.00934895077218792 0.00585615711219854 -0.157555695020905 0.096594258932847
-0.009774068940441 0.000477166469835227 -0.0853713753839279 0.15764445613401
-0.0128865020730163 0.0032600747320802 -0.00598358605076188 0.160315589917283
-0.0200099967599473 -0.00488409441280412 0.052755154683625 0.13578744452945
-0.022077349007478 -0.00385654291863447 0.0936442516439362 0.105613299929663
-0.0256700357306032 -0.0104008120154888 0.112666285135418 0.0964806870471719
-0.0128103590973509 -0.021776340455861 0.100533052137915 0.0978742013923428
-0.00521630050272643 -0.0180930198760271 0.0952445096265225 0.0843356245856648
0.00017905425932035 -0.0243526293342565 0.107133387702119 0.0907015573210158
0.0239641148545847 -0.0359518809013628 0.140059646379217 0.112071100886765
0.0408474958710423 -0.0190196499134739 0.208584633957268 0.106629758446659
0.074720528973667 0.0184422360583205 0.110409040024284 0.115638129509496
0.0516532066211697 -0.00477857278098258 0.0501156522866119 -0.0139989155000479
0.0251925465038166 -0.00720486250858595 -0.073400412915483 -0.0510007221809115
0.0289036841664101 -0.0159533027996031 -0.155740405630793 -0.0144547269404588
0.0243946740498301 -0.0376061298911287 -0.157935937816875 0.0857994504400212
0.000893449194599124 -0.0507968663706353 -0.0933895482005004 0.144076338808307
-0.0225792191324595 -0.0465843281480179 -0.0192919948600651 0.149091909273645
-0.0353455415891208 -0.0560986082792849 0.0411849676386425 0.124838182276976
-0.0402518029024467 -0.0530936881400174 0.0842774495025344 0.0890367376924151
-0.03884800146299 -0.0712534143280358 0.11269724744884 0.0737962106202111
-0.00110771361255976 -0.0908405691911276 0.114441754164036 0.073771603968472
0.0354067095632007 -0.0812287943761286 0.113758944924437 0.0733933148326994
0.0723072818779271 -0.0552410023284686 0.111249739132216 0.0849084300133607
0.108759261630493 -0.024286901415895 0.122207673275029 0.0980875820212873
0.120509906293494 0.0105890243926687 0.174160356224539 0.0906815420496932
0.117705129650961 0.0610659411368234 0.074942955387157 0.0927862624596612
0.11639576293739 0.0346294498801499 0.0278063465752918 -0.0344913920726802
0.0906536466103129 0.00134974060757916 -0.085488395280287 -0.0617558335594674
0.0814734724928908 -0.0429301326368813 -0.155927320465754 -0.0223957953572927
0.0566667788220047 -0.0806173006653217 -0.148754385162562 0.0682954259508155
0.0127247950442976 -0.0985350571559829 -0.0939530826478828 0.116603378493208
-0.0283792563370184 -0.0906278887769889 -0.0329814022836249 0.120040982821722
-0.0460802203599543 -0.0989634747999964 0.0236090833487103 0.0967047691134222
-0.0527323869962322 -0.0923720324004857 0.0649308085573329 0.0575475276391214
-0.0490449931218319 -0.117545133025073 0.102790172769777 0.0358696717749039
0.00343590973220678 -0.14592046818685 0.121734929184958 0.0346829075310982
0.0599743365992342 -0.136145700469516 0.132054775618927 0.0513862945040883
0.127867010267933 -0.0874912997253716 0.116656025092422 0.0774164023096856
0.176166981792014 -0.0180250474663854 0.0956935211779346 0.0896725957798251
0.181380716571232 0.0349457228040894 0.117557572631362 0.0678091926268945
0.14652250780215 0.0928451178145104 0.0245914256289304 0.0506857975217475
0.170593593103435 0.0642047398130149 -0.00595652808351541 -0.0660927549179655
0.151544509906532 0.00339698423143694 -0.0989011549602538 -0.0773781031312685
0.125913813329493 -0.0743184445004052 -0.149455618197555 -0.0315842172603656
0.079306248541831 -0.120703953838568 -0.131888084119033 0.0423089597439112
0.0187957973696071 -0.135460964864378 -0.0896286449646076 0.0753745238464342
-0.0326154652725251 -0.12168848836136 -0.0465060449904247 0.0764006130055206
-0.0492520552815153 -0.126037527544576 0.00402163876550299 0.0557748688526862
-0.0540653434769715 -0.118260179033346 0.0406004286108745 0.0158524614695103
-0.0485593137559415 -0.146986255308109 0.0839154596113521 -0.00848994078633786
0.0110342003583702 -0.178340408342395 0.119718939045968 -0.0105259755470829
0.0771084975173048 -0.16721735456311 0.143832216942601 0.02693601771685
0.164445895684694 -0.10398954620407 0.116147677610681 0.0700110013811745
0.216493145459524 -0.00746833906935947 0.0623765486772636 0.0854649337123391
0.210256306310997 0.0564400459947985 0.0480781130401911 0.0405821095460147
0.154482634843225 0.105105519363112 -0.0389426434164576 0.000424582539296831
0.198285377382166 0.0757974361134454 -0.0525590831411561 -0.095136241047745
0.188049330170949 -0.00282039510547856 -0.11179592964653 -0.0891833000362645
0.147016137222438 -0.0994848204895448 -0.135360477048472 -0.0428806592766685
0.0843145150041247 -0.145108195172585 -0.109715377270953 0.00455878051237119
0.017952478008181 -0.151686837791724 -0.0866310562710313 0.0224240126650236
-0.0340124311577538 -0.132896853825365 -0.0603185958473846 0.0248744545823667
-0.0449313327406462 -0.13481905468872 -0.0154690656516196 0.00771017022891893
-0.0447454412765761 -0.126918610385868 0.0181610965521728 -0.0303977013559292
-0.0333977565474397 -0.155656685537575 0.0649806654513545 -0.0535551831120742
0.0269810372764996 -0.180243967320559 0.113543148179863 -0.0525659876508521
0.0935322508821143 -0.164782129791804 0.14853848776692 0.00452822069368768
0.180190915767477 -0.091741365525609 0.108597600549456 0.0633276598240155
0.223772579722283 0.0166171710359253 0.0251162255380654 0.0791115879356227
0.20442175148305 0.0759351923943281 -0.0207100144045829 0.00801222132842939
0.137858622788954 0.0967233654793178 -0.107344271648163 -0.0448968042157241
0.189334345250386 0.0708693850294378 -0.103809066846273 -0.110176336644701
0.184024134007613 -0.0100262683431457 -0.120589143950991 -0.0923763134088046
0.13677725192658 -0.103799070267839 -0.114724589801119 -0.0529905390469041
0.0718121875233269 -0.139951063342159 -0.0898079105934961 -0.0371789445584746
0.01225567614322 -0.140207532992589 -0.0871980768920961 -0.030900872286878
-0.0316051362577873 -0.122277058995674 -0.0739846157842784 -0.0261840490550607
-0.0344183357897026 -0.123706135117867 -0.0311457172024116 -0.0402876173328506
-0.0284237193600622 -0.118195041425083 0.00260582404018883 -0.0768691893134253
-0.00995305191439599 -0.142518588519982 0.0534657989273661 -0.0940023044866343
0.0472344215513355 -0.154334524909592 0.112666103816169 -0.0839995855715716
0.104803939031483 -0.130597966789588 0.149697627301177 -0.00790538099108232
0.172992164463974 -0.0534911531186145 0.0963936454511099 0.0569981663183833
0.197251738578259 0.0463170648768096 -0.00807733232748632 0.0641677989089186
0.167525696314165 0.089143388831235 -0.0758812283800194 -0.0303531835224431
0.0945533000159866 0.0743709327051786 -0.166420032966343 -0.0761650991368846
0.141265319588652 0.0572629321508079 -0.144709582280745 -0.108019154562685
0.141208243268964 -0.00905435729618155 -0.122770494996716 -0.0899706029780945
0.0996265790268275 -0.0810563079397674 -0.0956867869619479 -0.0619986791478109
0.0489733953045747 -0.103219934471147 -0.0787055738776585 -0.0738114510372963
0.00893272388938595 -0.101839823042137 -0.0943261309709055 -0.074517388217949
-0.0209081241492684 -0.0921870158167041 -0.0863557136176041 -0.0685966271745293
-0.0185112050558397 -0.0942356941067722 -0.0416343013230839 -0.0813328850473246
-0.00926344534368317 -0.0925358221342868 -0.00325064514657487 -0.115572701157176
0.0113006528279379 -0.108347480313849 0.0549346200118082 -0.124795943252683
0.0560111295437313 -0.106803518103845 0.120175015005285 -0.102977673766406
0.100010621459185 -0.079329509398444 0.150883189206018 -0.0128882718791378
0.140855963757666 -0.00893756526986031 0.0853533538167057 0.0492826371469275
0.142991537097004 0.0684973671984748 -0.0270742646499488 0.0404749774158412
0.106619100612951 0.0879734655987302 -0.109198579370633 -0.0699385109191051
0.0297290575979424 0.0460336728808957 -0.205385709893392 -0.0900350555275921
0.0669004247308166 0.0431009615758406 -0.165186513242194 -0.0949792097220558
0.0747050832730442 0.00360652467218268 -0.120429721814189 -0.0867726663673516
0.0497712817854665 -0.0351910468134832 -0.0864026109644364 -0.068622587185323
0.0257980737147884 -0.0436808301307716 -0.0798856419334795 -0.0933057974972328
0.0117926993873066 -0.0455398891398089 -0.102732141507291 -0.0961699539346671
-0.00259349033636197 -0.0471556295981203 -0.0937653031913498 -0.0946254683741198
-0.000219635461551075 -0.0509729611245911 -0.0455958452697207 -0.109297322596464
0.00643223821520909 -0.0517791600464986 0.00015012057648307 -0.141676810894389
0.0201843043103314 -0.0595416328800218 0.0651927949266229 -0.142941070727771
0.0449984047710682 -0.0516502783440994 0.132002379767579 -0.108480984089185
0.0718265533735671 -0.0328763771364211 0.152633444157575 -0.0116020526280279
0.0907490528132189 0.0197375862654555 0.0801861114971364 0.0412626159007711
0.0743572669536898 0.0679555603350566 -0.0299450648197503 0.0163057397861584
0.0361079564927992 0.0676904337806007 -0.117219568267961 -0.102708036473762
0.0217190423872109 -0.0247431736319862 0.127376741101148 0.112771364700554
-0.0157536338280585 -0.0389298115199681 0.0646955700174452 -0.0152635692361896
-0.0343219689503014 -0.0123724954563496 -0.065801585999045 -0.0535433628787347
-0.0201703162616372 0.00876842482401025 -0.155106883698882 -0.0106756752566609
-0.00948022817046007 0.00592366318413972 -0.156640982884204 0.0950796390616625
-0.0103924616248492 0.000153811151363445 -0.0845172544744677 0.15522921557886
-0.0130874818347687 0.00190349070020781 -0.00532736883931187 0.156791404861147
-0.0197701644977646 -0.00516666058952414 0.0526400180731628 0.133922049868602
-0.022023526517021 -0.00450447364657825 0.0928726905915387 0.104124175285986
-0.0251301322831383 -0.0107841708243394 0.111521684000037 0.0954531857238732
-0.0125413804927327 -0.0222299993617173 0.100105055227554 0.097755995733325
-0.00467174381679312 -0.0181633136652228 0.0937980023204756 0.0848872437217586
0.000868598986966711 -0.0239654734081486 0.103671737519213 0.0925463016910557
0.0236951870246579 -0.0364063752116857 0.136238853376587 0.113247703426718
0.0397465512426138 -0.0182240650713 0.206003982056526 0.106205221177177
0.0745051002901213 0.0189815340664323 0.10868085573637 0.114453452575493
0.0506819705717827 -0.0053454891435543 0.0501878558552657 -0.0161381503977215
0.0243838326821464 -0.00691421135666977 -0.0710108340326602 -0.0520402945304269
0.0279731020731501 -0.0157420239432557 -0.154625593233269 -0.0165443371331155
0.0236337095082296 -0.0374598177982371 -0.156121796940073 0.0831511973528669
0.00075346106558843 -0.0508087377189171 -0.0926903389221631 0.141557010085754
-0.0221926969043499 -0.0469079242561501 -0.0187800398792381 0.146306674532751
-0.0357235065258957 -0.0553717178100211 0.0411566140404324 0.123044369578071
-0.0398526654900176 -0.0530832598211218 0.0830774506890036 0.0875564779350719
-0.0383234032669042 -0.0703955697120354 0.11199014852726 0.0726540626803043
-0.00196504144124379 -0.0905281200688302 0.114724304525225 0.0739812303733993
0.0350399156102644 -0.0806600607324981 0.112168927673546 0.0734345876016832
0.0717565911170415 -0.0545622906456989 0.108424919123562 0.0863797342169285
0.108634196433889 -0.0246754867743577 0.119590108109871 0.0994168261870428
0.118712716777905 0.0109106871333729 0.172274599107925 0.0902166240124656
0.116509462895514 0.0617728327093527 0.0739017585262178 0.0917910960738432
0.11475499057054 0.0340909227180609 0.0280841940397772 -0.0368185655174302
0.0889303362156065 0.00240219963473688 -0.0822384242357489 -0.0627670227705232
0.0802306824189032 -0.0418988324452834 -0.153791640543228 -0.0241805216367173
0.0556210111656523 -0.0800458412253768 -0.147743788631794 0.0654923228269917
0.0120683525131189 -0.0982268267202741 -0.0930775008837868 0.114588845767588
-0.0284314975054207 -0.0897606339868164 -0.0323429376772322 0.118133363081166
-0.0463938454895937 -0.0973757839055734 0.0239461118910548 0.0951795862058805
-0.0524283539320038 -0.0916897291398658 0.0645343195646099 0.0564347470110842
-0.0481381103917124 -0.116967907230619 0.102384637158186 0.0347097879097908
0.00324657138444309 -0.145239570388 0.121247389304916 0.0345718114177416
0.0590026508413967 -0.135010430405679 0.130282223524942 0.0507423058521902
0.126740975302471 -0.0874101614356912 0.113745001053981 0.0789109984964769
0.175198986292854 -0.0183745994077658 0.0933645951264437 0.0902448871887475
0.177886790784415 0.0349847570448764 0.1163365748599 0.0677347220949022
0.143645773396909 0.0933666876355704 0.0234989550649146 0.0490311989431872
0.168662299215973 0.0636985948749011 -0.00507616237424858 -0.0680110961139075
0.149797506595915 0.00366037515660592 -0.0951419245522332 -0.0783842399913976
0.124272378570207 -0.0730132304202164 -0.147586399764913 -0.0338262433309702
0.0775836561144922 -0.119765530968118 -0.13043493940169 0.0391309095510041
0.0184253117548699 -0.134158538881869 -0.0897933887703009 0.0729102727007502
-0.0319981136629136 -0.119937200305384 -0.0458742579371431 0.0760076899423189
-0.0500725020275661 -0.123867070699839 0.00410863627014571 0.0546942685396482
-0.0537498270683401 -0.11709456440251 0.0401486513935249 0.0148922721148271
-0.0476643711665428 -0.145590452971375 0.083068248273762 -0.00976899687811203
0.00977554150725367 -0.176459958799331 0.118931983460515 -0.0101718235052904
0.075440543463851 -0.165530583120579 0.142467603957873 0.0261851263022283
0.162433329033263 -0.103835900240786 0.113200320809587 0.0713553012323363
0.215495141027115 -0.00710960133139632 0.0605131352797526 0.0851806856372249
0.206478955882787 0.0565461955525522 0.0480593452436549 0.0406088320231401
0.152081294650179 0.106096841326583 -0.0384549477733941 -0.000910901776715375
0.197233619939455 0.075225682520945 -0.0500816629802599 -0.0965371563168515
0.185750151156636 -0.00158529934724714 -0.10768162671418 -0.0894036240118157
0.145718519139215 -0.0978013303171026 -0.132994476832784 -0.0446693661816449
0.0828451868368815 -0.143659626070514 -0.108529443495995 0.00179001359988988
0.0171636822114224 -0.150094005992136 -0.0863351694166027 0.0212476988118876
-0.0334789931062604 -0.13155439464012 -0.0595810254141973 0.0252123640404087
-0.0455428506203621 -0.132204988398725 -0.0150823627924962 0.0063092255046355
-0.0446535809986561 -0.125598431107286 0.0179741588445016 -0.0312056400477662
-0.0334616680735495 -0.154114249935093 0.0638047399598293 -0.054399247296445
0.0258626347535579 -0.178824847620724 0.112764587108912 -0.0521191073810089
0.0914824682458548 -0.163130612067567 0.146922366321698 0.00506214335762569
0.178059321392199 -0.0906350630265396 0.105804565521866 0.0641748579088558
0.221394570406175 0.0161112904334317 0.0241865052793884 0.0783696374531254
0.200590155119021 0.0759965939449728 -0.0195911168219046 0.00801927587858026
0.135011664228622 0.0977249197472605 -0.105121749342606 -0.0460818160796535
0.187488830146982 0.0705328424430417 -0.100937757884683 -0.111704910840768
0.182472781162409 -0.00872805079998281 -0.11650338771085 -0.0928684469905747
0.135453805182391 -0.102878746999387 -0.111771422135893 -0.0545629263385461
0.0707410749779777 -0.138744961441671 -0.0891960287112499 -0.0395526656389215
0.0122337401863091 -0.139392433061739 -0.0875371795119026 -0.0314579883137293
-0.0306234797494353 -0.121158001238228 -0.0732225026168073 -0.0253808828993942
-0.0350965985225411 -0.121606438473416 -0.0309941395125235 -0.041084648543942
-0.0285657549517546 -0.116406364901855 0.00257621873367968 -0.0760083642426404
-0.0103778196248761 -0.140785575633772 0.0528614164044896 -0.0937246047074062
0.0458816312302732 -0.152295371621809 0.111614699335166 -0.0833315618857621
0.103186239847149 -0.128431343907894 0.148227254666023 -0.00807342864784207
0.171054948396873 -0.0527196937561089 0.093734073537599 0.0575661800384133
0.195228429229866 0.0461270807147466 -0.00827868392666883 0.0638445752392827
0.164006467582384 0.0897324198384295 -0.0735533378482775 -0.0292868530532185
0.091972514752278 0.0747056398477293 -0.163782581597561 -0.077702807288244
0.139542925150402 0.0564534534847134 -0.141712097767038 -0.109685479796259
0.140179599327716 -0.00834888984876722 -0.119082589809387 -0.0909563155914789
0.0982612312790573 -0.0802666159741211 -0.093107730918514 -0.0627705621692315
0.0485475653487963 -0.10234291783577 -0.0774160505381895 -0.0745190467640348
0.00880604019152947 -0.101132228822322 -0.0943203934811561 -0.0738823004293284
-0.0203817530097743 -0.0908882573276411 -0.0853859267695465 -0.0664734915337023
-0.0191411776207016 -0.0931237053278911 -0.0421112106958027 -0.0818199163698411
-0.00958006047349774 -0.0911402180455196 -0.00315710615948577 -0.114592196661261
0.0103774355263745 -0.106925903683785 0.0538895247176783 -0.123262035722796
0.0548292363281778 -0.104899250824161 0.118732716569142 -0.101486069850881
0.0981704209984625 -0.0780386921791346 0.149557484464269 -0.0127806262992798
0.13912522447304 -0.00889136521958942 0.0825952088148529 0.0496744987381368
0.141022624515553 0.0679445097896915 -0.0271268226878212 0.0399498416214121
0.103892208999872 0.0879375909188886 -0.105967614978983 -0.0680934908585315
0.0285517480795426 0.0459561277165234 -0.201626523794322 -0.0912568435626519
0.0663634435410044 0.0430412319238819 -0.161866015740939 -0.096743324367601
0.074121677258665 0.00371117379725984 -0.117219104845349 -0.0872195202951236
0.0490917816027735 -0.034870941420672 -0.0831486023404203 -0.0699470536112788
0.0255151670328455 -0.0427757765922635 -0.078897380241022 -0.0941201379540946
0.0119464161543188 -0.0447240300655254 -0.102840196092009 -0.0953000402033448
-0.00204308150766351 -0.0460434144047644 -0.0924191488760298 -0.0919466951473575
-0.000669850758126353 -0.0503035928296576 -0.0452829178054461 -0.108376165741063
0.00601960319134477 -0.0504405048111359 0.000237098019344138 -0.140289654782623
0.0193029492627276 -0.0583702084647623 0.0645676132935672 -0.141239737531178
0.0447916517930251 -0.0503227155781135 0.130118143281372 -0.106952513441702
0.0711898508628811 -0.0312361037828601 0.151572244852379 -0.011330152391903
0.0894894701946808 0.0198064557092696 0.0785129282019993 0.0419240766243672
0.0721511823020378 0.0673927346589488 -0.0292561536455608 0.0167739601489772
0.0344024383067077 0.0679411029980109 -0.114481446296263 -0.100480725962559
0.0227651840169226 -0.0243978477954322 0.127971025589701 0.114264511863825
-0.0164611209870729 -0.0392665937703123 0.0651290954043545 -0.0168474614669945
-0.0349562192105874 -0.0126528971674126 -0.0653107938081467 -0.0556314710169988
-0.0205116425973942 0.00867364054406854 -0.15646894421939 -0.0121173774753809
-0.00985971571756282 0.00565759732613654 -0.158673485405682 0.0954672680568025
-0.0115006803181524 -0.000460689908840929 -0.085846179934874 0.156088378418463
-0.0134599104535458 0.0010065375759169 -0.00555914693831994 0.156979117360952
-0.0203194791441157 -0.00573853423861371 0.0533166614481195 0.135098015868059
-0.022161581580364 -0.00533521266855772 0.094200266100402 0.104603300987354
-0.0246286932225778 -0.0112165158685628 0.112743336675852 0.0967702780166308
-0.0126806343582716 -0.0226933368420273 0.101612903944794 0.0998598976546184
-0.00473780721177667 -0.019078567096689 0.0924938774552525 0.0875265703948306
0.00168932326697161 -0.0251692437534685 0.102966685962129 0.0956867312815593
0.0238305176686444 -0.0369197731258953 0.136387554197294 0.116966994330826
0.039969698308782 -0.0184715033245806 0.207300834887919 0.107896954778398
0.0747353155978049 0.0200162300708565 0.109396587689919 0.115328282636132
0.0506423281927248 -0.00487083669942066 0.0514391701398663 -0.0181474605468347
0.0240388382807567 -0.00650004347265142 -0.0709128975430625 -0.0543514832661844
0.0280191187937944 -0.0156500458143274 -0.155774130646231 -0.0189940879499003
0.0232210836815643 -0.0379483850522699 -0.1586301639209 0.0823658261257513
-0.000154224330398904 -0.0519222954320158 -0.0941258804404193 0.141904304911187
-0.0227872673526306 -0.0474168096529944 -0.019019054491898 0.146821146818201
-0.0368119042401028 -0.056447256120369 0.0414678756481224 0.124635092589039
-0.0411603570973402 -0.0542562639023398 0.0847159951093456 0.0878839480294919
-0.0382360675616878 -0.0715080293889525 0.11375186864157 0.0727144844868673
-0.00201054682635266 -0.0921149798793459 0.116130673239372 0.0758905301254335
0.0352538087698277 -0.0819312175946221 0.111804827334195 0.0753157423470557
0.0733267283662953 -0.0557749997893768 0.107696141733762 0.0902497757685909
0.109800569730582 -0.0252463230129929 0.119782564749827 0.102020502654586
0.118499424180329 0.0116594962114091 0.173812723592009 0.0915379227553317
0.116822804891561 0.0638040088468133 0.0741302711593669 0.0922131854222867
0.115656393581326 0.0345734241624841 0.0292875696246989 -0.0394750938667308
0.0898836227706771 0.00333619204510344 -0.0808185476666313 -0.0653007671358631
0.0804454748379028 -0.0417353287369082 -0.155334279192209 -0.0267300846026649
0.0557563505720934 -0.0812411927061682 -0.149391737484053 0.0641612970229459
0.0110925003916465 -0.098916870518113 -0.0947570030637531 0.114242054210826
-0.028426299337794 -0.0910770347409618 -0.0333494768603605 0.119005334347274
-0.0477456812975706 -0.0984003235423056 0.0239038568411436 0.0960228616925929
-0.0531190603178117 -0.0929969023345385 0.0653090710146891 0.0562058227684138
-0.0487324194512987 -0.11784716957111 0.103454045803445 0.0344150800909867
0.00188421541980141 -0.146799854278261 0.123313357019433 0.035668020355868
0.0592385916963291 -0.136250453700089 0.131601780860165 0.0526822590453247
0.129285753342567 -0.0882819766525026 0.112873119460812 0.082560025999282
0.177409434284276 -0.0185297133798781 0.0926538318700747 0.0925936169967231
0.178055273689785 0.0369786600417318 0.117706318027488 0.0687227256142053
0.143904375080604 0.0966570862357495 0.0238159318074073 0.049056358788419
0.170344510191355 0.0641215342460699 -0.00362032725673771 -0.0710419234495499
0.151736600752534 0.00509594781576841 -0.0932480961762287 -0.0809090842369245
0.125583966095568 -0.0734374622406472 -0.14882176238906 -0.0368297354914937
0.077943565378621 -0.121042967319161 -0.131653609651676 0.0372371136106023
0.0173548432644025 -0.136191783484211 -0.0914577153747977 0.0730645525848612
-0.0322547077759446 -0.122214859241236 -0.0463165155634397 0.0766348756770624
-0.0511612867413554 -0.125387441635342 0.00349519009163344 0.0547249182739645
-0.0549360339420939 -0.118321423324475 0.0406634169323804 0.0144261753487643
-0.0483890696945613 -0.147530432387192 0.0840448009606818 -0.0106832522342891
0.00901598618481949 -0.178882020785904 0.12086408220986 -0.0101766969802772
0.0759186673095394 -0.16739639993368 0.14357929948067 0.0269950412425418
0.164695063417176 -0.104724328801848 0.113092987681616 0.0740350503329231
0.218830953581722 -0.00699676799750141 0.0593090505399818 0.0870326885433917
0.207236913765776 0.0591179044569621 0.0488457392571448 0.0408215815972522
0.151494369412078 0.109208247246158 -0.0390491727295293 -0.00206125054141889
0.199130551491819 0.076816852545725 -0.0494012547310877 -0.100446029561254
0.187886812982733 -0.000209272066931622 -0.106050278263076 -0.0922601991828616
0.146634405438404 -0.0980763659900742 -0.133202598403623 -0.0473739785457114
0.083121948162719 -0.145022140823195 -0.10946616336727 -0.000803602850972201
0.0172347110164547 -0.152601642419234 -0.088148689062331 0.0204403444375249
-0.0336400141004389 -0.133297589899926 -0.0605236435650472 0.0256427291367295
-0.046485126322606 -0.133568893463608 -0.0159045034782141 0.00601257680377911
-0.0450656288505619 -0.126601600595901 0.0180342660040318 -0.0320071470124678
-0.0337335427867973 -0.155661807526316 0.0650704460607473 -0.0560224573992616
0.0250338477619973 -0.180903422944785 0.114584991572574 -0.05278329978844
0.0919568000235468 -0.163831922876792 0.14850020052803 0.00498479189251358
0.180153262714827 -0.0918417809952688 0.105474573317171 0.0671514791565621
0.224963266727331 0.0165103245965926 0.0225439849980238 0.0791555096000325
0.200988052174314 0.0785734869123923 -0.0182896643560462 0.00842518397780855
0.133669928627035 0.101001690436714 -0.106059601639335 -0.0484940480683368
0.188982861597264 0.0710910541087683 -0.100177865614999 -0.115323792710569
0.183925516904401 -0.00770442779412333 -0.114540619605551 -0.0958155074688122
0.136548473334201 -0.103323097040569 -0.111857360086335 -0.0574896885653404
0.0710722301055924 -0.140769867827079 -0.0898846916086743 -0.0426733258803697
0.0121338280301394 -0.140978710731152 -0.0898023313779444 -0.0328854193110366
-0.0302906016938709 -0.122220894296738 -0.0742713594939129 -0.0244664435565988
-0.0355752382435092 -0.122045500826416 -0.0315337684495487 -0.042161054074473
-0.0289410071208646 -0.117583350124347 0.00274977172298783 -0.0777337216023543
-0.0101958898254323 -0.142035747850043 0.0539376065765763 -0.094997573844021
0.0446181126555924 -0.153711600028217 0.113239230127224 -0.0832929555224761
0.103703627991441 -0.129061072597892 0.149864091003178 -0.00831725687178551
0.171727927475921 -0.0531361732075063 0.092940783861228 0.0598547987401639
0.196469466275486 0.0464880885234855 -0.00991802562137296 0.0643059384392488
0.163266691937066 0.0915766694458134 -0.0729989071912639 -0.0292992124808185
0.0911940502709769 0.0768465001071763 -0.165379436777533 -0.0806493287293505
0.141094983543499 0.057123616206779 -0.141656031366343 -0.113288650381977
0.141741548584872 -0.00761283142120013 -0.118214398244821 -0.0924955009852066
0.0990949116662416 -0.0808466153546072 -0.0920049363759024 -0.0659806867686811
0.0485175667342659 -0.103420921116381 -0.0786614288531986 -0.0786074010200978
0.0087406119229517 -0.102355978148971 -0.095851194676398 -0.0745157042730288
-0.0197569789413064 -0.0911981401281468 -0.0862143934579556 -0.0664040094438166
-0.0197680514532037 -0.0929595420240594 -0.042350916926936 -0.0825808594948164
-0.00965954892651334 -0.0915238993911707 -0.00306576926438633 -0.116465979213087
0.0104889756997501 -0.10773675080662 0.054829036817758 -0.125005361678845
0.0552434507824842 -0.105340501008505 0.120319208539925 -0.101842397622921
0.0985119902647048 -0.0777358311862257 0.151212752190881 -0.012821769265132
0.139575424840669 -0.00861132835341067 0.0814541967927108 0.051375873357473
0.141996724276583 0.0686944766848844 -0.0281426378840907 0.0404271796129492
0.103370378624732 0.089806437282287 -0.105530432832488 -0.0681597998818953
0.0276661934249083 0.0468658307475047 -0.202762570437627 -0.0945607487903692
0.0662613419036108 0.043610057521658 -0.162012247068239 -0.100021482121321
0.0752029394993229 0.00402890760116128 -0.116343386617625 -0.0893496127865718
0.0498057523656743 -0.0356376888623943 -0.0823061639018138 -0.0721132112387726
0.0256764687203559 -0.0433606373980259 -0.0800137539478536 -0.0974480390163054
0.0126692415411229 -0.0454525928047983 -0.104460770081339 -0.0962509029599547
-0.00185558638520942 -0.0465082363058397 -0.0938245406168365 -0.0925527522927488
-0.000982327505600338 -0.0501808923587061 -0.0457523562778192 -0.110698316365151
0.00612639170353967 -0.0504505486337912 0.000517057819169331 -0.141663372639224
0.0193756991243555 -0.0584948185755801 0.0654051545454401 -0.142143816352353
0.045272262733766 -0.049971932696915 0.131400438731134 -0.107558630140809
0.0709228361614919 -0.0309801152063116 0.152715033060862 -0.0108765409322053
0.0899454482516172 0.0203478289485008 0.0777333170941633 0.043472100203931
0.0723808730816124 0.0681278263491624 -0.0296587321170219 0.0171092591447752
0.034132373068568 0.0688548068558496 -0.114582901529839 -0.100319838284405
0.00609649304284556 -0.033953206248923 0.172942380274118 0.011717017461676
-0.036152446085926 -0.0225774044636016 0.0401589072147676 -0.0568880521834383
-0.0360778443216279 0.0104677099941165 -0.0894042132334841 -0.00575524987939761
-0.0117395017081829 0.0199891325471137 -0.137472315078202 0.0872102167657006
-0.0042342476446084 0.010665194128186 -0.0700149490034581 0.175410675867055
-0.00929003134749311 0.00638205384858005 0.026555332530695 0.179392069544972
-0.010416621054152 0.00845001135082 0.09319254502168 0.130867594351973
-0.0203925639068922 0.00790932079817043 0.127509401236685 0.0767495281328685
-0.021022898916249 0.00966572750521816 0.142211801029209 0.025351588193769
-0.0264529248678328 0.00576118554032944 0.15435858092199 0.00782289846857088
-0.0242382289821636 -0.0112530504116386 0.146189450660953 0.0181122981285576
-0.0147008107723792 -0.0139269848276943 0.13080811089893 0.0149108541697778
-0.0128909760617687 -0.0233534549398433 0.144936716198302 0.0152586224688424
-0.00197278983643406 -0.0468297047511356 0.189068362418365 0.00840786267454443
0.0245750631855302 -0.0396014058109177 0.240309872304237 -0.0436511659767692
0.0755582596961793 -0.0260616314486176 0.160244900392298 0.0201479362054959
0.0378311205019272 -0.033606894665867 0.0305797593205254 -0.0499336826997086
0.016087899979499 -0.0187176965557965 -0.0912207198572591 -0.00428692672321627
0.0128362008471946 -0.0274984318843049 -0.140657701930069 0.0792680045911071
-0.00357476996314527 -0.0436603915640076 -0.0786983463033638 0.163081699088622
-0.031661251242954 -0.0411491140579405 0.0106700594699587 0.171510007368391
-0.047425584986434 -0.0256005880279321 0.0751391557178695 0.13108724244913
-0.0661066902253263 -0.0226053445926208 0.111124741169179 0.0747693650892624
-0.0672438468716547 -0.0192574353860455 0.12450196707438 0.0178429192102875
-0.0763107272140898 -0.0354821950921315 0.139396252764829 -0.0122181852343028
-0.0593174680673331 -0.0758534651138566 0.142044785306027 -0.0107574918711098
-0.0206670918279872 -0.0917564410890854 0.138770282373862 -0.00655206352821844
0.028458027635313 -0.0965011272920322 0.143886315614809 0.00799068171422693
0.0772559953565596 -0.0928303469957489 0.165392821888269 0.010892032446516
0.109876012819967 -0.065393099995586 0.199216629877975 -0.0332408885152881
0.135870593543305 -0.0122799125132624 0.119214802097264 0.0198408578259284
0.113059018862981 -0.0393654822999521 0.00332355819938155 -0.0548224597349435
0.075027857313962 -0.0495228437079628 -0.103439809032372 -0.00981865069610509
0.0405416101579872 -0.0789402779745053 -0.1450971347827 0.0690837223686701
-0.00272264070302169 -0.0980855920385421 -0.0835779275617066 0.141400270217338
-0.0508310763415161 -0.0866401251356567 -0.00760348733867977 0.148408460758687
-0.0783789073613908 -0.0566446937822752 0.0462322747055574 0.11714042565515
-0.100330969019159 -0.0500167379854408 0.0786259389584283 0.0627331825847254
-0.102599765230832 -0.0439355275745085 0.0892456502696111 0.00374361229935668
-0.114936677971676 -0.0671697251085249 0.106460318343388 -0.036883154532124
-0.0924491013921566 -0.124636895113144 0.121624116235467 -0.0472466719786973
-0.0351667497989983 -0.152580197087581 0.13993111122069 -0.0371048279455622
0.0546336786362078 -0.160008517513563 0.142920409946445 -0.000904750413368952
0.138004318525419 -0.131455769429998 0.137743996632753 0.0225864422343327
0.175640405817267 -0.0835909424537354 0.136645810240665 -0.013458068571483
0.17661691915961 -0.000107892348666636 0.0536277589343902 0.0135798203380686
0.174395330543609 -0.0469668860049327 -0.040712356004036 -0.061457709993693
0.126638325677393 -0.0845485660484813 -0.121575938723459 -0.0180622812534139
0.0583023457895342 -0.130504842284785 -0.145849366635223 0.0544039413850258
-0.00910583883135674 -0.144076712652802 -0.0867123147875173 0.107370302961165
-0.0684271043037698 -0.120849404831067 -0.031466791342335 0.111565999592544
-0.100002962528278 -0.0785680463059554 0.00798463760473332 0.0912856679606217
-0.120220095706162 -0.070025987606624 0.0364929254543435 0.0421233943911709
-0.119718594729285 -0.0635300295328826 0.0432411753977251 -0.0151176220517623
-0.133259460944985 -0.0914144244153199 0.0623580061389771 -0.0620073785914816
-0.106359709449058 -0.155260284622231 0.0902794226921109 -0.0827813626150429
-0.0408659019735908 -0.188933168435722 0.133416526957943 -0.0663929670151922
0.0739847039057722 -0.197190928799168 0.137719936239622 -0.00751247598770895
0.179855564166924 -0.147863370988589 0.105546608622203 0.0406663910472036
0.21292540861514 -0.0834121558475489 0.0609205976981741 0.00899376632336242
0.18947168342535 0.0065481530727412 -0.0282291328493713 0.00982865747209054
0.204210281804538 -0.0543366365957383 -0.0949499844050344 -0.0574923882492853
0.153001320946279 -0.111149701146197 -0.137648536466577 -0.0221943029601456
0.0609655583184846 -0.163355386146326 -0.140082974681918 0.0333197903723832
-0.019265475770507 -0.166006445031766 -0.0927386528111856 0.0620301503121498
-0.0789815063861995 -0.133523816859364 -0.061438927363058 0.0671488468299125
-0.107350262841336 -0.0867185164056431 -0.034860235355776 0.0586323776372553
-0.121254453976283 -0.0798682285153969 -0.00968176914813589 0.0144377501261066
-0.117670406382262 -0.0767984997457631 -0.00449402334271515 -0.0385411356290331
-0.126842297258497 -0.107254938079618 0.018345403704067 -0.0865226594610182
-0.0947192455242642 -0.166855080401802 0.057872461516895 -0.112979513373565
-0.0252599005764842 -0.195686017543534 0.123664208497557 -0.0877637689825806
0.0954679079958731 -0.195528155953768 0.126832545612049 -0.00822419254827238
0.19966419601972 -0.131719856436073 0.069520939435376 0.0582753981401207
0.219578795949978 -0.0631627002016761 -0.0172373333228682 0.0256098726139462
0.169675809679093 0.0090312238786452 -0.111876010099061 0.0148890030419173
0.193249666898398 -0.0517300637706371 -0.145994810742227 -0.0378095006013811
0.14554221585139 -0.114820747926449 -0.147518995779 -0.0188244099043246
0.0497455968770753 -0.161562050474614 -0.128484798542592 0.0121293753874649
-0.0263144975349832 -0.154774712756088 -0.102412695469774 0.0159110003371083
-0.0759219800625939 -0.121544023802995 -0.0953710695812172 0.0253896863270238
-0.0984358186836568 -0.079340577878548 -0.0776991072559805 0.0259317475227107
-0.10557170110083 -0.0771768659580257 -0.0524380068876795 -0.014709411847956
-0.0978587247913338 -0.0791957574841361 -0.0457933424408273 -0.0657434543932449
-0.0986466379272805 -0.110186618517069 -0.0151480010112875 -0.1119309803732
-0.0604782704082212 -0.157242406089693 0.037886354719942 -0.137556049042251
0.00660126198060033 -0.173141116137357 0.115870073198451 -0.0999084466124738
0.113482593237006 -0.157224009710588 0.111667363849521 -0.0073244490803382
0.194789534198668 -0.0872240076683808 0.0331361382924198 0.065802254567466
0.195780396908677 -0.0282954203971609 -0.086004320507688 0.027664597102599
0.118901226292756 0.0142135490738234 -0.179581132320847 0.0280562972823937
0.145838075988926 -0.0348354988102208 -0.179886133924295 -0.00954456330117267
0.110558071945153 -0.0897795457646584 -0.149381090115037 -0.0125254966397992
0.0325057188913585 -0.12215870218585 -0.117396432316043 -0.00552530010093647
-0.022945261658976 -0.111614268886604 -0.114526061359556 -0.0187058878638024
-0.0547349112947203 -0.0877264797267015 -0.126206409659718 -0.00329350546792726
-0.071474007368584 -0.0608901990372671 -0.113763485957827 -0.000143458773732316
-0.0741092806770371 -0.0632645892426605 -0.0862101118287314 -0.041711459023884
-0.0662646271627104 -0.0692451806538221 -0.0743799029712711 -0.0929469844074011
-0.0599735051576107 -0.095209619573986 -0.0328269788744141 -0.136457050889863
-0.0212761688521704 -0.123667170275412 0.032615332603561 -0.157241668104461
0.0341139452229042 -0.127227721151147 0.114299226186053 -0.104937973478838
0.114517684681051 -0.0975967820299302 0.0977255216220083 -0.0078209268354704
0.162469804071637 -0.0334250353671679 0.0016761904231431 0.0571393690059035
0.14368781631328 0.00851076502207993 -0.136302790372135 0.0147972087841352
0.0491204638695332 0.0253253956512584 -0.219326375932384 0.0444752888954695
0.0777721557314432 -0.00290913203532646 -0.190280160388377 0.0161182507314471
0.0624137244464144 -0.0413530449104584 -0.147339612984771 -0.00701682824059507
0.0183212276830531 -0.0568591931008328 -0.112204140378239 -0.0137941910686159
-0.00549007765936155 -0.0496381577657402 -0.126410004904355 -0.0321375968348094
-0.0173897939218689 -0.0439865021655781 -0.145197677452278 -0.0133935486933153
-0.0296092876311364 -0.0352437035147339 -0.13527229098689 -0.0160874379402284
-0.0323010760602367 -0.0400005178073593 -0.106510029744591 -0.0614306423954791
-0.0272079676529597 -0.0463396218505797 -0.0891900376742799 -0.115671956403429
-0.0210227143243328 -0.0605196926541743 -0.0341209395458748 -0.156729589127001
0.00613246425320607 -0.0713147468300489 0.0390322646057888 -0.168395330292382
0.0404617639905196 -0.071273433995229 0.117114408223788 -0.105254723309758
0.0908765796346018 -0.040336666331758 0.0892565361769282 -0.0129162704982431
0.103776208613683 0.0109516370685537 -0.0151041207094467 0.0373890082201345
0.0715810812382915 0.0352455535011795 -0.161712762450429 -0.00835350112657082
0.0050598540487632 -0.0352721641111104 0.179144426739987 0.00475652398903634
-0.0381278594826279 -0.0216747341063303 0.0382156350957734 -0.0620454368754792
-0.0364230184024613 0.0120659935895353 -0.0934783057835198 -0.00387123113753123
-0.0108737495234056 0.0211244582586347 -0.138856340010893 0.0951829904031476
-0.00397160438568436 0.011369233364919 -0.066129391298317 0.184526730340431
-0.00965807862555858 0.00752334175798031 0.0344172632127928 0.18362124571055
-0.0113543436525017 0.00898842673871828 0.100629003269806 0.130606185289938
-0.021765939303769 0.00920944308360874 0.13533214167735 0.0729113259132467
-0.0214404309384902 0.0106940694681743 0.147459180594912 0.0195457747918551
-0.0270756682797646 0.0068086222630618 0.159501317553511 0.00148008357801631
-0.0255414322479709 -0.0112097205962669 0.152813792810967 0.0130254440224487
-0.0155232898454825 -0.0138304514155609 0.135846002889023 0.0121495580943892
-0.0143265266975968 -0.0243474420273698 0.151016413401845 0.0133691005377701
-0.0047475671877991 -0.0477528835931783 0.197239793011295 0.00328913374238866
0.0240776395994503 -0.0409119762614179 0.245749731390814 -0.0551186882983899
0.077255777341064 -0.0292906973448753 0.1658614410806 0.0140777277773313
0.0372983299221926 -0.0365133733719737 0.0286004217795854 -0.0542676662805364
0.0161814800950241 -0.0197018666766673 -0.0940216950849593 -0.00279608098002421
0.0123402764116615 -0.0281011648504515 -0.143311631084816 0.0866771800666159
-0.00552341103040449 -0.0449252914422061 -0.074898424402541 0.171729836888613
-0.0348248891637234 -0.0412728382174739 0.017530225967292 0.175857820138509
-0.0508096034176165 -0.0242202444680048 0.0823227705864419 0.131332115822056
-0.0694292010280609 -0.0201457461504811 0.117802409146909 0.0723111296642642
-0.0709442786803563 -0.0173479168614069 0.12828052938815 0.0121912168341201
-0.0803526562111796 -0.0334288069254061 0.143886436463967 -0.0189032125524955
-0.0652237457369499 -0.0762313898510745 0.147500087131069 -0.0172521980931977
-0.0252530290901029 -0.0939411477817848 0.142601348165291 -0.0112290223447023
0.0255200862843959 -0.101177813856938 0.150283977058171 0.00590421603944637
0.0757154353824473 -0.10001517756577 0.171861964370414 0.00619192277368536
0.110778987505713 -0.070803397288812 0.203984727954686 -0.0423961973301387
0.140974625463858 -0.0166249564033003 0.123681654003117 0.0153414129993099
0.114805388423739 -0.0459356363109097 0.000330591908352044 -0.0590611005426561
0.0764407040738782 -0.0539528295458888 -0.106970013576584 -0.00851679891775672
0.0385172472048478 -0.0825719107616625 -0.14786497026371 0.0768799298198607
-0.00783427074223807 -0.100706045599109 -0.0811608851788468 0.149579835692173
-0.0574856326734898 -0.0869900239706114 -0.00302757432959341 0.153177624951315
-0.0839301724359644 -0.055552144286754 0.0516358763064349 0.118427448938524
-0.106665170382513 -0.0469845773314226 0.0832853348516962 0.0615629236743228
-0.108172420178933 -0.0407370634416772 0.091679966400467 0.000259859697240817
-0.121783532796909 -0.0651251408742664 0.108170314285548 -0.0437047143248725
-0.101852075580448 -0.124391352574736 0.124552919395156 -0.0542139015363745
-0.0438381954612131 -0.15598951236941 0.142674008671649 -0.0432920572568245
0.0493697469377151 -0.16816862235414 0.149229705421652 -0.00372717194910187
0.137185829063886 -0.142941142910269 0.142641873439672 0.0193427348177623
0.177604926112313 -0.0916906327933887 0.140376533742296 -0.0201115246445589
0.183812023997788 -0.00574499812760523 0.0554890968173218 0.0113343632120867
0.178176837050074 -0.056296158985516 -0.045605256187475 -0.063501392874573
0.128373589975682 -0.0917752662180363 -0.126138027887581 -0.0169999331291369
0.0549704370113492 -0.136986251829843 -0.149384678641429 0.0606998189238625
-0.0162655732281309 -0.147845513622245 -0.0867324899890921 0.113610185736459
-0.0772816695231125 -0.121565518086412 -0.0288334766222521 0.116319618493107
-0.106573940714098 -0.0773402906306858 0.0125123139446853 0.0942539405997981
-0.127555491896879 -0.066446183295036 0.0385405543450821 0.0412808368754281
-0.127170103967252 -0.060397422895049 0.0431637193487211 -0.0176595316627227
-0.142134636976728 -0.0888424740458256 0.0609176215175399 -0.0673401254740759
-0.118250456097923 -0.155006566021343 0.0907305600457667 -0.0899235349781319
-0.050397497345834 -0.192824311726641 0.134919453002993 -0.0737597975234618
0.0676937947375793 -0.207263742735392 0.142761464812908 -0.0102479458679793
0.179839456713329 -0.161969040536056 0.110381586893686 0.0399569214850019
0.216561327111619 -0.0929247648764695 0.0635386767474894 0.00651820562175943
0.197158248992161 0.000907416745060481 -0.0299996731127061 0.0107984809424422
0.20852803943954 -0.0648711891897711 -0.101592961352147 -0.0572370399175076
0.154505806081285 -0.120713003809744 -0.142298054034575 -0.0208462037664541
0.0563429408805051 -0.171062538432049 -0.143834057929513 0.0387025190402727
-0.0278265789780576 -0.170734048198775 -0.0947763328767074 0.0666037145548054
-0.0885799200081457 -0.134248358498368 -0.0620775932477082 0.0717142701836725
-0.114977899342178 -0.0852247629653577 -0.0326245932673378 0.0620991342163203
-0.128785320683263 -0.0762645756768776 -0.00951711194010435 0.0154794912773969
-0.125127211706466 -0.0732673944484963 -0.00705054154822484 -0.0398951441022794
-0.136242229616171 -0.104804058344343 0.014100352048521 -0.09079213985123
-0.105899885657491 -0.168111391598938 0.0559558742138041 -0.120176337106252
-0.0347001879306335 -0.200799835203864 0.123110395818458 -0.0955400999177138
0.089821730749765 -0.206313913030402 0.131015824796397 -0.0109029990207375
0.200913659758658 -0.145173988193737 0.0740077262131266 0.0592994745580758
0.223725902774297 -0.0723020343558785 -0.0152958507110206 0.0261432462691859
0.176044265788404 0.00551537438793044 -0.116049922020525 0.0182986455207265
0.197551813497187 -0.0618909919767245 -0.15365168449194 -0.034473056122069
0.145856014318912 -0.124520149297007 -0.152389302203838 -0.017229264956343
0.0445536726063041 -0.168418115357122 -0.132993590544295 0.0160340111905663
-0.0344680138961435 -0.15910729451546 -0.106376893102436 0.0190913059442525
-0.0844932748138512 -0.122294374239635 -0.098493404575731 0.0303377642343223
-0.104909430309722 -0.0781749371704327 -0.0780761100901741 0.0308571190260287
-0.111794380096023 -0.0748828299650304 -0.0554488599008391 -0.0134644139766167
-0.104183194622825 -0.0773077536432455 -0.0513263668998163 -0.0664266708694616
-0.10774755549787 -0.109067148881279 -0.0214357746829206 -0.115001198413865
-0.0694630679597084 -0.158720152248213 0.0336594743236511 -0.144520725963783
-0.00127791327136538 -0.178585089604293 0.115282074833652 -0.107934158255684
0.109549032238039 -0.166126026472133 0.115700736344905 -0.00993444836798605
0.197552723356886 -0.0991316048370356 0.0356247482952722 0.0677022479445824
0.200510582026488 -0.0351174920598479 -0.0864245425046331 0.0318271411209931
0.123876765262905 0.0114992103055956 -0.186463538172489 0.0351683102285114
0.149108587936013 -0.0423493748088505 -0.186897112377364 -0.00424231563983877
0.110269641769567 -0.0972369001298513 -0.15339165919515 -0.0103143722957199
0.0281011574183464 -0.127433339234911 -0.121103862815081 -0.00318655058064687
-0.0289476394317706 -0.114006967512579 -0.120104069939183 -0.0165373086571747
-0.0607653969596261 -0.0884332574794103 -0.13127556318134 0.00223822588667036
-0.0763850519837098 -0.0597936337588606 -0.116009169597726 0.00491510535710689
-0.079079229824904 -0.0613322253706279 -0.0917506645723005 -0.0395303881703155
-0.0706324224989507 -0.068499688277269 -0.0820838990113254 -0.0938588273168209
-0.0659181913046484 -0.0952477246656839 -0.03979469536921 -0.140118890792666
-0.0270960152581196 -0.125425215130132 0.0279953304024397 -0.16396211256714
0.0296367470421052 -0.131947933685711 0.114223065241021 -0.113509158926272
0.113968638740054 -0.10493582733831 0.100243747341778 -0.0106670394447786
0.166704166373403 -0.0406245443208682 0.00360342962175388 0.0594673980701207
0.148682929156075 0.00497689275432745 -0.138333702086361 0.0196082513092621
0.0514239300902805 0.0253026193821093 -0.225891921982455 0.0531177299860738
0.0802067518361237 -0.00588061666602693 -0.196409772920394 0.0232295461090827
0.0624270076090133 -0.0451939358674199 -0.151982382139787 -0.00310033397479304
0.016311161599673 -0.0595542451869144 -0.116530024882552 -0.0117803402758685
-0.00837754782883799 -0.0505525071464864 -0.133609131585364 -0.0290838604502018
-0.0200611419986228 -0.044779586370913 -0.151039493930487 -0.00676130611471736
-0.0316680044183732 -0.0356552082640304 -0.139416011109299 -0.0102046071111583
-0.0343872213357108 -0.0395268256181247 -0.113279443427268 -0.0593881073661802
-0.0300175965471491 -0.0457626507816923 -0.0963260987144533 -0.115807177233808
-0.0243781206901761 -0.0613188546931911 -0.0414345839488735 -0.160001728688483
0.00413887685604383 -0.0736900805517994 0.0340560528287701 -0.17526162130977
0.039006047594668 -0.0744483011218059 0.116014166968985 -0.113020408617665
0.0918690615335074 -0.0450407646566369 0.0912872874130243 -0.0155881022297054
0.107570338929994 0.00793328204556058 -0.0138459848557729 0.0394054590252347
0.0751079047711119 0.0340475096562655 -0.165782103882361 -0.00205815960980273
0.00323838590033247 -0.0365011645793175 0.182208773801194 -0.00746117972249801
-0.0402834629236217 -0.0191814189245207 0.0338247311978986 -0.0664870312972926
-0.0357224962128229 0.0144464788347376 -0.0951876633106435 0.000950795390832214
-0.00953411099786476 0.0220394092406625 -0.13457844308558 0.104890450104399
-0.00325952637879402 0.0120752515774298 -0.0547229292187575 0.190924592194886
-0.0095480530658642 0.00836672752459372 0.0464462870976073 0.18382910144316
-0.0117049083903313 0.0100070312330567 0.109367787752214 0.124778118136958
-0.0216036837847481 0.0110249737947805 0.141989153267715 0.0649022901577016
-0.0215883107014089 0.0120179549949172 0.151005340945947 0.00976357928118022
-0.0275914966202811 0.00796130359980621 0.162811972669479 -0.0100615122761422
-0.0268304286453061 -0.01022232962385 0.157678448676598 0.00298135529167808
-0.0167818521433574 -0.0131742349730052 0.139011166841345 0.00587793539274136
-0.016100215464727 -0.0239252064138162 0.155164393017272 0.00678392861862198
-0.00900239510228895 -0.0480183895170703 0.200822878748 -0.00792457381008255
0.022630239034062 -0.0419854689038346 0.244138294874847 -0.0715331019221963
0.0769110940536902 -0.0343402387132363 0.169094078255271 0.00356942523113627
0.0352861321736028 -0.0393075084324567 0.0241323645707961 -0.0590607916211133
0.0156088064973243 -0.0208319953174057 -0.0961787055165319 0.000842387268714162
0.011032745026401 -0.0291927865059973 -0.140104623238193 0.0967284930808797
-0.00936189914275302 -0.0451743726608617 -0.0656200182062879 0.178736756475992
-0.0389872139008324 -0.03848831456071 0.0283811653346169 0.177297739978628
-0.0539825831715143 -0.0213956758367717 0.0918330046652326 0.127712889736639
-0.0722020517503524 -0.0152772561290151 0.123652854912074 0.0655521299940615
-0.0730114414550795 -0.0125031994135498 0.131019370146033 0.00380333811639761
-0.0835604511433232 -0.0288444349235739 0.144609108522885 -0.0296534597213873
-0.0717818236026902 -0.0732177042833018 0.149075570213725 -0.0271191544874552
-0.0318276359376911 -0.0940699449808219 0.143456226904934 -0.0183457308571045
0.0187408125614858 -0.104745451777798 0.153557753604301 -0.000556539198710331
0.0698766867953355 -0.10587710052974 0.175433157759798 -0.00367988280900595
0.108351009440267 -0.0771322172443682 0.203177471480152 -0.0566741106479129
0.142650553992672 -0.0250959315043869 0.125732513876081 0.00757199199791214
0.113179093905903 -0.0547748957998203 -0.00512166642792649 -0.0608331062021881
0.0751673814624811 -0.0592903829276423 -0.108991534850181 -0.00439312672150343
0.0334428486638315 -0.0857760845543476 -0.145771916675273 0.0864737729388183
-0.0156158861785638 -0.101440680163519 -0.0738632083020062 0.155836940103882
-0.0644986284399887 -0.0838004907473455 0.00571759779689228 0.155277217082392
-0.0890621163488962 -0.0509695153703007 0.060170241672203 0.116430616965914
-0.111638167275417 -0.0394011027943854 0.088195771595883 0.0566693659988876
-0.112362816903034 -0.0340959316677786 0.0920185172022868 -0.00682427734805
-0.128418672367976 -0.0574733477377576 0.106150561155617 -0.0518966611255882
-0.112516680238784 -0.119616028137666 0.123383437285524 -0.0643810644602207
-0.0546995314032632 -0.155472592636425 0.141751081157447 -0.0515430198836358
0.0390653796117743 -0.173899301716173 0.151972672959601 -0.0108432100707865
0.130035950513859 -0.154547401496085 0.145987230554562 0.0112513746931867
0.17377193497853 -0.102659695439916 0.14040719357195 -0.0299399956955789
0.187510935857216 -0.0163279933280297 0.0562403131578663 0.00763728439361441
0.176991109960657 -0.0696689238112099 -0.0517761509118526 -0.0626751863504132
0.125094527740766 -0.101358587048807 -0.127989263761498 -0.0125456512158549
0.04693259648488 -0.141899787982395 -0.148844892330762 0.0705085494459385
-0.0264336777025601 -0.148493720403165 -0.0816167153649213 0.120016325034054
-0.0867520053405818 -0.117498731845693 -0.0230389098863839 0.120088519891414
-0.113791864339619 -0.0715427614547516 0.0193922413653896 0.0939110824976695
-0.133837397079697 -0.0585671120580988 0.0422460841828714 0.0401350371242529
-0.132724642538617 -0.0526894721436328 0.0416234856386548 -0.0210245316604146
-0.150443027387871 -0.0801756759668518 0.0563745372177268 -0.0725154845309207
-0.130602480944436 -0.149251291626976 0.0860637669421479 -0.0975318628844011
-0.0640546262670523 -0.192325288336378 0.132040007358773 -0.0824058565096145
0.054634197870245 -0.21505864216959 0.14504796953592 -0.0168009690491298
0.171075134137944 -0.17697135708147 0.114084207186087 0.0348854058376577
0.213815965162806 -0.106105933411589 0.0649871642197837 0.00152731853982421
0.201956025551882 -0.0101308546827098 -0.0307136959425269 0.012739132310943
0.207314357134096 -0.0800159756408761 -0.108155239409076 -0.0520706119496038
0.149591063105507 -0.131919261194783 -0.145356049765682 -0.0156093477287194
0.0455634180461111 -0.176805302432469 -0.144420502147157 0.0472122634075455
-0.0403568621119555 -0.171047061387199 -0.0930258444751899 0.0724693669567225
-0.0991945090950783 -0.130288528811383 -0.0597989077851346 0.077284495542193
-0.122601733005724 -0.0795072635776895 -0.0281699116404164 0.0649078398920421
-0.136282163478781 -0.0687582724740006 -0.00979026875383807 0.0166813613438644
-0.130817278024236 -0.066617476497898 -0.011200993315278 -0.0404949985746183
-0.14527313291736 -0.0968042339462545 0.00781338705784942 -0.0929269836297947
-0.119385371591257 -0.162841744875277 0.0489674559066884 -0.125946254172814
-0.0483089651477516 -0.200336510259621 0.119153708674271 -0.104299292029243
0.0770457834633485 -0.214836649217833 0.132947264739954 -0.0175889671911993
0.194159760653123 -0.161513407293064 0.0788351361974875 0.056768341122566
0.222034604446152 -0.0852662735665621 -0.0131449803066752 0.0272082068547732
0.180275224299165 -0.00400753971510731 -0.117669362920848 0.025483303839315
0.196075392293809 -0.0754995911123073 -0.159112293248406 -0.0262443576920404
0.140735780639959 -0.135433888747105 -0.154963746384025 -0.0108772112932706
0.0332830033362857 -0.173629392749261 -0.133833651146392 0.0227508580366003
-0.0467840733563275 -0.158298360785332 -0.108097567268978 0.0250695785302368
-0.0942893618379718 -0.118038019154326 -0.0996345097096072 0.0378376257942371
-0.111882403612709 -0.0725376211164007 -0.0760578490172891 0.036101728339812
-0.118430608420841 -0.0674023572200457 -0.0581413196660178 -0.00968706285294185
-0.110591012691133 -0.0715684129485293 -0.0575706818527351 -0.0638036230912604
-0.116170486850843 -0.103416980641921 -0.0301836763488936 -0.115226171164941
-0.0817032675145598 -0.155588616666637 0.0249604902867254 -0.14909257647724
-0.0125217300539031 -0.179731214937303 0.109589385050709 -0.116786387976631
0.0999858185760963 -0.175509356741635 0.116464213145834 -0.0152720312945164
0.193996125281964 -0.113800931043739 0.0401809500594834 0.0674968651108751
0.200303554595582 -0.0465169995882273 -0.0841094472259435 0.0369370169527176
0.127358856313994 0.00562568773949433 -0.187693419113557 0.045988150947664
0.147787433875409 -0.0527463928707604 -0.190380936043749 0.00762034101983031
0.105599332663621 -0.105431448991003 -0.156577562023186 -0.00359401549095583
0.0194073085369578 -0.130221371033746 -0.123230771689845 0.0018776897709336
-0.0377415014919002 -0.112894777174591 -0.124895770459567 -0.0102552328226315
-0.0684218208298649 -0.0857452178930606 -0.13372942020478 0.0113446261804112
-0.0810477426703504 -0.0558499161207632 -0.116377417127836 0.0126098143041383
-0.084498286426408 -0.0561839024389321 -0.0966781343054154 -0.0341506978379156
-0.0751936316954376 -0.0641564929834021 -0.0903613125893918 -0.0892124344174282
-0.0734567056426223 -0.0906562162283261 -0.0493026220799414 -0.138832980687121
-0.0357114551392816 -0.1245965540883 0.0178896763884186 -0.168201715933813
0.0219218913357938 -0.133978875760637 0.107626041563103 -0.121736457336231
0.107824334030721 -0.113361443066171 0.101510152262456 -0.0153664321109936
0.165855035173454 -0.0523318973236624 0.0072995074410415 0.0615796343519957
0.150313336056518 -0.00348738285336739 -0.137295474046093 0.0289409029936013
0.054166908455724 0.0239379854632812 -0.226785013317467 0.0671854897529962
0.0804268342061942 -0.0112046112182187 -0.197428648610928 0.0352859586668644
0.0599512137665791 -0.0503790277334282 -0.154467959720681 0.00371640102804688
0.0121824202118581 -0.0608400371799551 -0.119238194249174 -0.00752789478616081
-0.0122132334630159 -0.049960588879915 -0.138816042323295 -0.0222871665074326
-0.0236487171068735 -0.0445369091574766 -0.15329837311798 0.00338600245107853
-0.0343296738529713 -0.0344446771013625 -0.140795496211396 -0.0017447279138322
-0.0374112228798457 -0.0371055945642731 -0.119541271126032 -0.0522796712157824
-0.0330472988520151 -0.0447560242632984 -0.106632288192931 -0.110546003782839
-0.0287558552692888 -0.0597488073897421 -0.0530300710071261 -0.158989993084182
-0.000597569668166556 -0.0747894011721306 0.0239175415044714 -0.179071226091987
0.0356029816285841 -0.0770153899290628 0.110401291113073 -0.121805819061966
0.0897117492830692 -0.0509561456873194 0.0918425362360426 -0.0199644445075312
0.109701827675442 0.00146282955527488 -0.011626255367907 0.041943562078136
0.0782898110117277 0.0307952862926612 -0.165710060641689 0.00848849866178123
0.000927457679453124 -0.0364524085646854 0.178341632141158 -0.0200032968234707
-0.0410055935189805 -0.0160153770054106 0.0262754921503138 -0.069514159222122
-0.0337669018363714 0.0163174247786946 -0.0942909053856691 0.00613848507068258
-0.00828335820980764 0.0219737734169155 -0.126209278523797 0.111033929568411
-0.0023774931637975 0.0113861305163415 -0.0416743262094344 0.191692298566243
-0.00888309530889123 0.0101081839142489 0.0575887744215586 0.177683267126064
-0.0115703828787322 0.0108408659500461 0.114674694155323 0.114947313684485
-0.0211685175639375 0.0130090221777616 0.144193600820145 0.0538206956684632
-0.0212215922440436 0.0131093018978636 0.149064163328964 -0.000241911797003429
-0.0261114602755605 0.00901299219380158 0.159956285392337 -0.0213653542944828
-0.0270128140837648 -0.00867091833394577 0.156429232543631 -0.00753289493337529
-0.017187061629125 -0.0123119408284766 0.137492536414055 -0.000789986231643688
-0.0175838575547242 -0.0231461245414575 0.15542775371428 -0.000894970998108171
-0.0125715260772349 -0.0464674244550343 0.198469023405133 -0.0206151514992258
0.0195870094713459 -0.0424841911180854 0.234192556672657 -0.0859500625980359
0.0743531569319885 -0.038770558835444 0.166163770261131 -0.0079044302851722
0.0315291422319168 -0.0414272811531721 0.0176771741183575 -0.0601644412300659
0.0147958962513151 -0.0219409250327856 -0.0954208375981528 0.00511649852985104
0.0086832037693475 -0.0293749262200713 -0.131761113351113 0.104064164703484
-0.0121317090279705 -0.0437346854580586 -0.052979308635679 0.180221235443411
-0.0412485956450427 -0.034624422678893 0.0390165863724829 0.172374576510023
-0.0550319286548733 -0.0171576667916945 0.0976432323319396 0.118644038570923
-0.0725213524906237 -0.0100428590683703 0.126394219199932 0.0554792754616834
-0.0739505151947417 -0.00758800148432389 0.128993617949087 -0.00490324800332213
-0.0850182942520695 -0.0231738778998463 0.139810123390029 -0.0394090893085509
-0.0766983952813013 -0.0673911514106483 0.146243665759153 -0.0373997808625828
-0.037754332370369 -0.0899686599951418 0.141188077779202 -0.0257635581629102
0.0112326695382809 -0.104978235741415 0.153574911692236 -0.00803202306032482
0.0610635809708159 -0.109780261010216 0.173095905657205 -0.0134832613656855
0.102471932184984 -0.0820908857491578 0.194979542263806 -0.069009743066308
0.140385968245559 -0.0337135404071765 0.124074324414845 -0.00106914245415691
0.107723711873355 -0.061905566011924 -0.0109274197540455 -0.0606364378644419
0.0703434798321855 -0.0638580934132327 -0.1077489771983 -0.000472770303052508
0.0274532041656244 -0.0868471491355798 -0.139036861635149 0.0942141475233991
-0.0223817040822814 -0.0986739042203334 -0.0630653096417402 0.158410859638826
-0.07049826957929 -0.0775797958129444 0.0149668995816788 0.153460877275155
-0.0917469193395071 -0.0437205647657788 0.0670129137259592 0.109929276194813
-0.113169649432747 -0.031148692199794 0.0907135710262 0.0502788067095751
-0.113349001603348 -0.0264874561695072 0.089406557361181 -0.0121534010940557
-0.130836783931279 -0.048065777508017 0.100247838082352 -0.058336304436208
-0.119740889174632 -0.11033791421756 0.118376139415673 -0.0722259611210035
-0.0645226154201715 -0.149945071125817 0.136161747759607 -0.0593358070129685
0.0261843015925184 -0.174879120768618 0.150503282291537 -0.0177175344615426
0.116746752631703 -0.161962291535202 0.14495213550751 0.00306484727512235
0.165633713084263 -0.110714456042736 0.136013103922328 -0.0383340763951054
0.185575823037304 -0.0274977251739151 0.0549383863042229 0.00422099614517832
0.16888557315646 -0.0810182821343922 -0.0567515242602769 -0.0594046855152854
0.117665255459174 -0.107937641198232 -0.127262052543043 -0.00780889274681851
0.0361119643756258 -0.142730357378769 -0.142430433491191 0.0780173043205017
-0.0371769798751988 -0.144410661258383 -0.0738714085183715 0.122697474325888
-0.0950181656709571 -0.109459188274803 -0.0155812065518423 0.120141665689167
-0.117229608710733 -0.0628063051664585 0.0256619905268001 0.0905993292189972
-0.136130406503964 -0.0476784955584618 0.0435205433217089 0.0372157546076858
-0.134267286201914 -0.0431833776644272 0.0386343860222349 -0.0235027946104464
-0.153804202262179 -0.068825531514421 0.0496821800286769 -0.0748342157431297
-0.140321481164415 -0.138237133718614 0.0788153352919516 -0.102747449810948
-0.076606826901376 -0.184942498064433 0.123645877913072 -0.0886849681347261
0.0390567336906106 -0.215820560492341 0.143729780961838 -0.0233674179634454
0.156525378048318 -0.187188116124653 0.114824714929965 0.0284888281623872
0.20368163714604 -0.116772901588606 0.0642350809019267 -0.00352790231194962
0.200135311273067 -0.0217948786813795 -0.0308010475131499 0.0141378271607219
0.19888728106385 -0.0935492550987601 -0.111117132646579 -0.0449169813456282
0.139563532944841 -0.140395686028057 -0.144134578888647 -0.00913216978527929
0.0327729868553761 -0.177646228080123 -0.139296963706839 0.0553831308363712
-0.0524495351741712 -0.165624214712802 -0.0879162753163668 0.0767417504181388
-0.10796265944391 -0.121126168514465 -0.055106105224275 0.0801155206165468
-0.126741942508528 -0.0695661968825148 -0.0224819652936292 0.0655094725694674
-0.138854788715634 -0.0578050216788454 -0.00841480173853344 0.016983103826569
-0.133704970968623 -0.0570832975297409 -0.0146473657528759 -0.0385731046336952
-0.150641300150337 -0.0852417008358512 4.56734013484205E-05 -0.091987047121825
-0.129490478723305 -0.152605852627177 0.0403068635848295 -0.128238306274229
-0.0615132533086257 -0.193661458570351 0.109782167151374 -0.110516748370589
0.0610271936279161 -0.217018795894045 0.130760231471366 -0.0233411635701717
0.179858093760574 -0.173341247574991 0.0807017125064614 0.0531201367435544
0.213951785249723 -0.0972995917910243 -0.0107361409185963 0.0270481654105784
0.179567576239141 -0.0148712341096675 -0.115470754471021 0.0325145553377133
0.187202676644856 -0.0884058748181131 -0.158421403758424 -0.0155306150799917
0.13009483243833 -0.143132036475502 -0.154058155543013 -0.00394704328238901
0.0215511642152212 -0.173180033664276 -0.130978866519205 0.0296581179927671
-0.0574415065151825 -0.15240575101597 -0.106506329096322 0.0297613231048344
-0.102441743629096 -0.109213362459301 -0.0964787294989136 0.0442353176447757
-0.115254107542857 -0.0644471370515116 -0.0716201883999588 0.0398960764401717
-0.121036863727856 -0.0583648642861854 -0.0588571966467069 -0.00572464400811271
-0.113540342507753 -0.062948267763134 -0.0623579070606379 -0.0591163049991418
-0.121922986314782 -0.0931344535110111 -0.0377596259627719 -0.110571870909366
-0.0915572667548591 -0.147697128888063 0.0156941581375877 -0.149468968543656
-0.0243384009908072 -0.175909630234477 0.100065860803423 -0.122957570217152
0.0866155156031687 -0.179526119759822 0.115251191632314 -0.0198948327524393
0.182901213980521 -0.125188562885102 0.0439631817070754 0.0660235056310936
0.194699923947704 -0.0567689323556118 -0.0791185442278511 0.0402602432061334
0.127224052761125 -0.00180490530249943 -0.183192611149444 0.0576933444528116
0.141686088829548 -0.062530460835409 -0.186904904655208 0.019149273053986
0.0971740523241512 -0.110867375405264 -0.154769554005784 0.00404406919243014
0.00975822585656225 -0.129290130476004 -0.121634974883427 0.00781564247576911
-0.04545980718347 -0.10807216396265 -0.125079066785603 -0.0032940627700394
-0.0735871817060177 -0.0798336200234921 -0.131816370801551 0.0208362488093884
-0.083969234645739 -0.0501183452038335 -0.112990411811959 0.0199654931762489
-0.0867368286470883 -0.0495622697337915 -0.0983992157307929 -0.0268137996809345
-0.0787214090554247 -0.0585161549379126 -0.0959293734053274 -0.0815914499734383
-0.0786172833786831 -0.0839068581076766 -0.0584311653294372 -0.13324688495693
-0.0434448776588794 -0.120272988109349 0.00734283717884434 -0.167530161985542
0.0136327955252258 -0.13287439448259 0.0972887927626482 -0.12760720067703
0.0985097686934815 -0.118069729141952 0.099516044646523 -0.0198032544457481
0.159486123604244 -0.0618639398191623 0.0108939620323021 0.0612722192120108
0.147797909854888 -0.0118392407736643 -0.131872845213379 0.0362447544873516
0.0554138945773151 0.0204705772451466 -0.220571144127178 0.0799561895129174
0.0785247371988671 -0.0165069715856076 -0.192377003403692 0.0466045211368953
0.0555676377042301 -0.0535046070299805 -0.152639089253592 0.0119064199456539
0.00714412519437607 -0.0602592391201876 -0.118720036501542 -0.00217353577282209
-0.0155357504131586 -0.0479217144436839 -0.139895039514399 -0.0139624735599862
-0.0269691190629074 -0.0421995794075625 -0.151281280134194 0.0136612038361151
-0.0356450796021317 -0.0313038705632748 -0.138027037555758 0.00811939872374077
-0.0394632262668073 -0.0335119780890948 -0.122331558419508 -0.0434196219645274
-0.0349919326797582 -0.0414646637333318 -0.113471456669812 -0.101876376851543
-0.0321914979565785 -0.0562730408216931 -0.0624281065504042 -0.15268946259875
-0.00559943357759856 -0.0733300813481007 0.0125512176512031 -0.178544654260357
0.0301796488981967 -0.0778599640681859 0.100724576696483 -0.126597142698688
0.0850534111959298 -0.0560443680996582 0.0891457696487214 -0.0242393560282433
0.107695127075671 -0.00456363486116911 -0.00851077641622172 0.0430975684734403
0.0787032121326473 0.0256724345071108 -0.160876742219077 0.0192464478969046
-0.00078574035384606 -0.0355795367879694 0.171183890098548 -0.0286086666840462
-0.0402590610054974 -0.0132559070619275 0.0201466550937233 -0.0686890839689273
-0.0316244113326509 0.0167351591834403 -0.0914615197884103 0.00937873545833178
-0.00680552720500911 0.021526552863507 -0.117181237070235 0.112761665324205
-0.00130103642140138 0.0110457819320626 -0.0310059056742603 0.187432342659525
-0.00828662544698549 0.0102221332329508 0.0649779033268807 0.169111756203149
-0.0112040592338781 0.010899805280207 0.114840518391025 0.105276448208043
-0.0201246523130895 0.0137702100274014 0.142143090607441 0.0445631956061572
-0.0205509809323622 0.0133736329567942 0.143480343985046 -0.00873184942748429
-0.0252482633997533 0.00942582465396999 0.15407952603831 -0.029419296582137
-0.0275274329141196 -0.0078103499689162 0.152419767158118 -0.0158628328531813
-0.0172685170411619 -0.0116791817729204 0.133815190636072 -0.0050658590783186
-0.0185678464052259 -0.0217238257255126 0.152262490347584 -0.00722152434820541
-0.0144925030361731 -0.0433142925113217 0.191671189610781 -0.028643797605134
0.0184186472125633 -0.0413221287047776 0.221516882558517 -0.0933247498019473
0.0710757818277198 -0.0407931282786178 0.159229175023442 -0.0168787516330646
0.0282983310075033 -0.0416262224938085 0.0123036533935028 -0.0601514748103343
0.0137055197793865 -0.0223600275212815 -0.0918060219349473 0.00800518986136465
0.00734268407326757 -0.0285655652754646 -0.123158142216445 0.106516194679785
-0.0140103287308033 -0.0411916357491222 -0.0425132869201201 0.176334579208647
-0.0417273851589399 -0.0311279367006704 0.0455321536282773 0.165037129845424
-0.0547220952940579 -0.0137485504188035 0.0992530593910696 0.109517995663662
-0.0711307773886474 -0.00550284235531921 0.125503894751719 0.0474842142078695
-0.0714349150121841 -0.00413191371471737 0.123628033465585 -0.0111547858168916
-0.083760265980058 -0.0182376773153342 0.133574540862773 -0.0453967245422295
-0.0784625527497858 -0.0618043953311545 0.140339965739559 -0.0438398340839841
-0.0412953332050939 -0.0854421674639579 0.135093815492028 -0.0298385283712132
0.0059134941034702 -0.102735445744751 0.149809703531684 -0.0138725034904711
0.0530916475758805 -0.108659766637923 0.167321563346319 -0.0206331534311397
0.0961143730140689 -0.0832383448556251 0.184358173208343 -0.0752286240577687
0.135028057205338 -0.0393895451930121 0.118827177776127 -0.00756345669059588
0.100567058404284 -0.0656217337943064 -0.0151567063935185 -0.0586942815085273
0.0657378355372102 -0.0658214458970696 -0.105972978983665 0.00187681076405401
0.0220871379682443 -0.0854664610544691 -0.130155980707174 0.0973280127773597
-0.0269275114211625 -0.0942110432294414 -0.0538956690662889 0.155179546656904
-0.0723142726392406 -0.0709653060452544 0.0210610570930015 0.1477676378588
-0.0916887580818182 -0.0377864921174724 0.0700050082436823 0.102512043637389
-0.110992504651747 -0.0239913190258722 0.0902425071407584 0.0441204732189988
-0.111255507241538 -0.0202776603270469 0.0847290124985312 -0.0166176725957715
-0.129405898187646 -0.0401935883991455 0.0935461778622834 -0.0616907619368246
-0.122387754315149 -0.10054790893539 0.110664788994058 -0.0762404458811322
-0.0699922794956926 -0.141450935457022 0.128436081866619 -0.0620349099803617
0.0162244124233752 -0.171161979080906 0.146457847654622 -0.0223393591497699
0.104903337819143 -0.162729486975857 0.140028818849289 -0.0022942221943109
0.155682823234457 -0.113646852453255 0.128541277860649 -0.0435398237126838
0.179778245919854 -0.0354711922192558 0.0528963669075867 0.00174343631055717
0.159291380741784 -0.0875247313239031 -0.0587392417998037 -0.0551190109668306
0.109597146182926 -0.111417959373551 -0.124635950186446 -0.00421899628531439
0.0281415438319871 -0.139861714256233 -0.134577137102781 0.0818651774978266
-0.0439607744895251 -0.137286475027319 -0.0654490445790319 0.121827845559672
-0.0978082605070116 -0.100227914527652 -0.0109683889708341 0.118325943348632
-0.117154886463543 -0.0552722702026324 0.0294217629440874 0.0856907669325653
-0.134816064552105 -0.0384366917910368 0.0438199166384891 0.0339233808005552
-0.13216569086875 -0.0356309843578644 0.0348816569135572 -0.0242135532492996
-0.153409066836872 -0.0586319405360702 0.0434539911220488 -0.0754526476533397
-0.14390553284222 -0.126224945617614 0.0712434700581313 -0.104102754862966
-0.0832939507244956 -0.174808592499884 0.115568920052261 -0.0918679879434166
0.0263033797473396 -0.211622320186292 0.138627527272371 -0.0274944354059842
0.141497137189824 -0.189620263685915 0.11205103441243 0.0235358860836942
0.191954969446009 -0.121009993172872 0.0617852187176158 -0.00615181676158568
0.194614167510914 -0.0307496817336702 -0.0294243187207435 0.0157291166851267
0.18675698590069 -0.100792611838335 -0.110130759770582 -0.038093563612478
0.129242491945779 -0.142922923423843 -0.141150920522474 -0.00626627160753511
0.0228080089795565 -0.173010441126724 -0.132417198564747 0.0583571044203162
-0.0600879106104332 -0.156646319131458 -0.0824820571289818 0.0770280242845087
-0.111612979019586 -0.111052223008304 -0.05005029871737 0.0813683693969711
-0.12627897849562 -0.0618197255583665 -0.0184221385699723 0.0637082234895485
-0.137793466201036 -0.0479690494895794 -0.00810190725115351 0.0170879673534246
-0.132483237975213 -0.0487999302516932 -0.0179284361849726 -0.0358056857690962
-0.149905260314152 -0.07460559382191 -0.00513745536280726 -0.0884643968412689
-0.134199380340914 -0.140287750441103 0.0327040981591718 -0.126828848875056
-0.0689945765493236 -0.184186651908498 0.100037923495104 -0.112110418915837
0.0479639518901176 -0.213505211454184 0.126365762850606 -0.0265683161229479
0.164437085802732 -0.176927870910519 0.0806237759844934 0.0485403400790636
0.20269763277506 -0.102332134505327 -0.00916730953020553 0.0261228989903757
0.174790447404261 -0.022950243495009 -0.111264658618087 0.0373966406887472
0.176410523465004 -0.0951986829195994 -0.154367249260122 -0.00775743241171339
0.119220258538359 -0.144996608241272 -0.149922463437975 4.62191223040427E-05
0.0117119627001697 -0.168165193289205 -0.125815204338404 0.0330352342997571
-0.0639791993857961 -0.143863247661352 -0.102852323437249 0.0324172214781324
-0.105247595884119 -0.0997462851477315 -0.0924964026112855 0.0481576776161824
-0.115271069245374 -0.0570625556216954 -0.0669882561876597 0.0408437807192793
-0.121199471156988 -0.0496953207520243 -0.0577728763310048 -0.00198716830568552
-0.112769693546753 -0.0562721878274732 -0.06475823537582 -0.0529825098846553
-0.12248811394477 -0.0836472529334682 -0.0427347019158491 -0.105359077933656
-0.0964210620538716 -0.138034422603542 0.0074384160257341 -0.146244344458198
-0.0320340687349416 -0.16815422309034 0.0896034345809094 -0.123338116464855
0.0743016471015583 -0.177267655464502 0.110989768315053 -0.0227662565707165
0.170168887336343 -0.130631783245969 0.0460044574261105 0.063456154613974
0.185471227568732 -0.063051780486181 -0.0735665146465871 0.0424259723615805
0.124290305010174 -0.00779627704209877 -0.175337012864148 0.064005255685003
0.134033116843893 -0.0674265491139538 -0.179945009441467 0.027439971123462
0.0885306394619048 -0.112191527760028 -0.150057382581992 0.00843504689896033
0.0026708130986624 -0.124980231139549 -0.11807158344739 0.0113877966075528
-0.0501310835299815 -0.1014275554982 -0.122836114059843 0.00120445545270537
-0.0762039049155011 -0.0730291602190072 -0.127073356973007 0.027257609307986
-0.083890065692733 -0.0445662386969508 -0.108011225626292 0.024321773973028
-0.0862863288438726 -0.0430654237665905 -0.0972511313246825 -0.0206878497479607
-0.0786795946957145 -0.0525289959549044 -0.098370754719209 -0.0736468985743911
-0.0799076903000482 -0.0768267594999931 -0.0637448336918101 -0.125604421644079
-0.0483999176884622 -0.113627264830298 -0.00140250956684533 -0.162930605772429
0.00650419790295371 -0.128690213669336 0.0878443030987339 -0.127959716576673
0.0889673977774448 -0.118402478881596 0.0959102787511361 -0.0218978978484796
0.150542334333821 -0.0677885784250494 0.0140159711619414 0.0603283750401198
0.142093189604858 -0.0171949823653828 -0.124640426397124 0.0408479241268549
0.0553910776605991 0.017709885125015 -0.210270749911553 0.0881966503840241
0.074479599102891 -0.0196853660834056 -0.182535733921846 0.0533446501264155
0.0503049538851273 -0.0543657111322628 -0.1470716090119 0.0161720240472906
0.00356185609600355 -0.0580864516355646 -0.114978924899789 0.00139625709481676
-0.0179351935389249 -0.0449237722524382 -0.137802426171112 -0.00805194374228421
-0.0287153764622024 -0.0395265713191161 -0.146036629631588 0.0209588601756361
-0.0364181684971527 -0.0294757930868546 -0.132220836768527 0.0147495894504751
-0.0396158824387833 -0.0302235634031117 -0.121554690912436 -0.0354684124441718
-0.0359879590635893 -0.0382163413230048 -0.115533084782593 -0.092193829628247
-0.0336525055044801 -0.0523932174186084 -0.0677091149575704 -0.144497456540394
-0.00883917672560967 -0.0706156231870562 0.00334534180827304 -0.173631253580903
0.0256756400256116 -0.0763309252048095 0.0908881595053167 -0.127386615397367
0.0791584593661625 -0.0576882747469286 0.0854945713223398 -0.0264502042243134
0.103552979752561 -0.00948927704612445 -0.00569111666793811 0.043155147886258
0.0769177711006644 0.0220783579962808 -0.15301965044384 0.025933497306926
0.0149454249037541 -0.0324850724153634 0.15931987596652 0.0421018930139531
-0.0297763516905966 -0.0277750173413039 0.0427346879517743 -0.0522360081406672
-0.0347669665271323 0.00163813291037316 -0.0850056017498976 -0.0275068320739493
-0.0138889176460452 0.01591852213029 -0.149200104755663 0.055146007391352
-0.00488055211532373 0.00740559013726849 -0.101153528643871 0.154014066173497
-0.0113255399168119 0.00511837226899591 -0.00951147433928449 0.175278353578039
-0.0154337293726793 0.00540157349334259 0.0597197681916155 0.139528770710483
-0.0232812693987569 0.00452710824514713 0.10900886308 0.0945937220754034
-0.0225868806165068 0.00318086841921989 0.130036563168215 0.0483943210492442
-0.026073221486421 -0.00298213152144447 0.148890578629409 0.0331541472446072
-0.0213440830733164 -0.0189085889387905 0.140739921199063 0.0460643061497886
-0.00988537026238812 -0.0182606756076645 0.119898852689632 0.0502140197571434
-0.00765187260125891 -0.0291503371064271 0.137618180413076 0.055053207801478
0.00381375851575478 -0.0455285391565251 0.182887647200049 0.0470368499348558
0.0346696252684618 -0.0323650942184355 0.234380565200462 0.00553834256671884
0.0826601830739149 -0.00630989619635489 0.141700980107693 0.0407397511440585
0.0417986818187542 -0.0243834828779078 0.0311926345691506 -0.0512958723142572
0.0211838602266072 -0.0145058171365944 -0.0875657632393452 -0.0329254694818375
0.0185840419971674 -0.0218980817156278 -0.154856786419337 0.04523676363897
0.00484821618605247 -0.0434030064217411 -0.110219954883416 0.139810403327448
-0.0249795497035867 -0.0440106259337018 -0.0270062178227166 0.164704168979355
-0.0432910588524218 -0.033424496657887 0.0436994942725904 0.135925004624051
-0.0612492807232124 -0.031741604596771 0.0924659033965049 0.0909704887773573
-0.06227904499422 -0.0321939629066394 0.113232735658642 0.0363704469465905
-0.0677854557459878 -0.0490327051159559 0.136135436659387 0.00935876730653025
-0.0477242266598195 -0.0864075072662726 0.140569781943036 0.0149523434670378
-0.00397836595033173 -0.0936768058702632 0.131936219892313 0.0272011023860138
0.0438875302907446 -0.0939219180208074 0.139547808287902 0.0475733464156777
0.088020444818866 -0.0807573740804798 0.161797072342991 0.046767255400211
0.119269660584807 -0.0424340999755534 0.194927293495749 0.0111717209113135
0.140855170409649 0.0233591589117962 0.101060541550203 0.026089635275083
0.114692994389421 -0.0157222945075207 0.00554436325133777 -0.0647165773726381
0.085487531455052 -0.0313546805750567 -0.0989279929538524 -0.0479326994037281
0.0549866227906362 -0.0645943134542619 -0.160359343305077 0.0328584261605766
0.0146272486516043 -0.093891516272545 -0.114783727224213 0.115848656389963
-0.0359326554537589 -0.0910240126361613 -0.0439913133140209 0.139260235199926
-0.0664004447608222 -0.0694829013551711 0.0193565688502877 0.1186500867219
-0.0904461248718482 -0.0635468652055324 0.0630963022364668 0.0744461118825605
-0.0914217316501695 -0.0610368990639849 0.0809046068813549 0.0167851043034761
-0.100758599423159 -0.0840820475102134 0.106853601136121 -0.0216447089412331
-0.073958068001375 -0.136870582871868 0.127143475591955 -0.0255347591159848
-0.00952187217329524 -0.154659944024863 0.1398180888202 -0.00486212554838347
0.0781050058467822 -0.152955337789706 0.141599056846768 0.0381301776084623
0.152329702640699 -0.111233426104104 0.134138323660936 0.0554915405583713
0.183162111575678 -0.0484788873153 0.133445702968146 0.020887927726052
0.179113471413045 0.0466878130300071 0.0378050734655235 0.00347659152404109
0.175301818871651 -0.0109762238152042 -0.0358132120923944 -0.082258753592333
0.14260662259984 -0.0543738880812279 -0.115947612163247 -0.0647671567334002
0.0829757281296143 -0.109734647629253 -0.16065254874105 0.0149868455319575
0.0168168331678216 -0.138490488672677 -0.114921328374844 0.0804918386512638
-0.047363015438834 -0.126444113459339 -0.0627318732842063 0.101264637762867
-0.0818126098154985 -0.0949278715869342 -0.0101417225395265 0.08774236992152
-0.105404829455456 -0.0860287210042228 0.0254246002188901 0.0477319447314523
-0.104222566538678 -0.0830519776364972 0.0388152788839992 -0.00965683958457424
-0.115316025394951 -0.109656918983784 0.0672818128209728 -0.0527197987638122
-0.0835479512951185 -0.167849902315424 0.103478595419947 -0.0654494862779504
-0.00937844034595401 -0.188701636380505 0.139178301661166 -0.0375752821380829
0.101668085738086 -0.185422928069977 0.138143733183608 0.0310288179845843
0.194861154983677 -0.12162041363847 0.100311833792179 0.0694029811105578
0.218783445588098 -0.0413075666000521 0.0589284124684548 0.0299132226409535
0.190884670252781 0.057443181989912 -0.0405441055360649 -0.0183310090463617
0.205349914636556 -0.0110344336334962 -0.0883848681938607 -0.0886156483038345
0.173382015329218 -0.0740791332482919 -0.132401848728512 -0.0743474506618526
0.091703603149653 -0.140536290461612 -0.152173030814653 -0.00518079614895503
0.0116086895511299 -0.161655726351955 -0.113885680561857 0.0350955443361918
-0.0547755304459379 -0.141454322914552 -0.0843044187665969 0.0532610110615301
-0.0874152448624702 -0.103520278081423 -0.0442337142999678 0.0490375303944922
-0.104507743081609 -0.0958264567562714 -0.0143076225901166 0.0129139816366198
-0.10042122110465 -0.0947595342113931 -0.00315534853410952 -0.0403935601039615
-0.107216170816623 -0.122343750508832 0.029742673564863 -0.0838988555176479
-0.0705321098477948 -0.175923329497018 0.0775483004253941 -0.101018079069951
0.00650096884482547 -0.191951583162781 0.134074364957707 -0.0612582343827728
0.120576374457615 -0.179677036880203 0.126820250312364 0.0272424220637379
0.211830236581141 -0.101736343167409 0.0630305287880622 0.0812391208056019
0.220026083013664 -0.0196423731998467 -0.0163942313860417 0.0308903641492686
0.169004671807161 0.0563076016590492 -0.120330593384533 -0.0294846093246467
0.193616502556875 -0.00989432513101513 -0.138759235852686 -0.0786806306121373
0.165265447932222 -0.0795972089341752 -0.14247013243146 -0.071749552586542
0.079509727497303 -0.140655443232313 -0.135162901686184 -0.0253673763469548
0.00230476399882166 -0.151439628812268 -0.114277035551863 -0.0125302251468063
-0.0534615668458813 -0.129151057083614 -0.107641431881829 0.007483906721101
-0.0790863890429373 -0.0952356766791543 -0.0781982767862867 0.0106666607186829
-0.0890009294972007 -0.0901870432457381 -0.0510020648712973 -0.0237294065734109
-0.0797528522458029 -0.0933913977878049 -0.0372279601745625 -0.0735265142519915
-0.0792946150983442 -0.118986807088773 0.00335105307545356 -0.112802366257439
-0.037942147593943 -0.15939823880493 0.063485834453744 -0.128039912190448
0.0339951828685519 -0.16387641855437 0.130237039557466 -0.0751931918582709
0.132092128811992 -0.136884507167521 0.110868232128707 0.0255449674951687
0.199747510530594 -0.0569020791733006 0.0244912469602211 0.0815373623622421
0.189832490890504 0.0100744983709921 -0.0821668413701134 0.0188977497968586
0.116356041645321 0.0482484113262376 -0.185433481939516 -0.0262239119064923
0.144973129780596 -0.00285132717216613 -0.173274553929522 -0.0558210386042272
0.123800388890898 -0.0633433562961081 -0.144791555470519 -0.0614422794520121
0.0539559697760122 -0.106925622566677 -0.118360177918464 -0.0411965903561444
-0.00233448054430551 -0.107757911612393 -0.116945017292724 -0.0484484530141695
-0.0384031580869842 -0.0940252485661202 -0.128825006641003 -0.0255493793001631
-0.0563722983369136 -0.071691453646183 -0.106720390726455 -0.0212217790582593
-0.0609271653206805 -0.0705817664065582 -0.0784998199686427 -0.0560003803472421
-0.0506534775824379 -0.0770164491409834 -0.0594655970614999 -0.103903732323614
-0.0436024861936191 -0.097021140938246 -0.00664218748668041 -0.13833384726001
-0.00330564474669102 -0.120424982904707 0.0621787910888622 -0.144912943071536
0.0530745927464948 -0.113576035280384 0.129743755051679 -0.0794874023649001
0.124445222502029 -0.0766631066492629 0.0955500895837445 0.0208876455937498
0.159879271557382 -0.00683621371750131 -0.00551949565661455 0.0668637069433105
0.133703011784923 0.0365918848896532 -0.127460244778808 -0.00600099170374907
0.0429171030262023 0.0408476486013823 -0.221345989403705 -0.0122765140117689
0.073323459392245 0.0143435414000843 -0.183932614013503 -0.029727191518186
0.0661218004698224 -0.0273463791337103 -0.140921448309597 -0.049919505748947
0.0268811666528942 -0.048227881642382 -0.107423352064621 -0.0480047557354586
0.00372505887677198 -0.0452224095119855 -0.123026016126331 -0.0623114161032194
-0.00907944505856873 -0.0457670255913121 -0.140143484560339 -0.0390261238394153
-0.0210443271522052 -0.0402641951432478 -0.124732929516068 -0.0397448690387434
-0.023823244221523 -0.0408738737043384 -0.0945175882593731 -0.0788969323147199
-0.0178713061391187 -0.0471304419345397 -0.0672484083596651 -0.126620565337889
-0.0120650548979502 -0.0581661773101774 -0.00324283722633623 -0.155521142249403
0.0164355651792485 -0.0672767322512557 0.0714139985219872 -0.151899323443991
0.0507185176062513 -0.0600465535113252 0.132031734159103 -0.0762636010913566
0.0934596190097899 -0.0248298041464527 0.0873175974103653 0.0134467677219057
0.0974037864267776 0.0287500134790579 -0.0198815104791147 0.0429224274515902
0.0598074372999944 0.0485274417266891 -0.147128468799161 -0.0337551907878597
0.0141018290629161 -0.0323407911172863 0.156668898745009 0.0365068396496568
-0.029989311525462 -0.0264795166513784 0.0391090278475615 -0.052391934464879
-0.0339714574360211 0.00227320054830273 -0.0842755989870378 -0.0267669105804058
-0.0132940669240472 0.0155073222687237 -0.145975038336995 0.0564931362831316
-0.00470764798034789 0.00713040885875934 -0.0955879873108401 0.15374115157455
-0.0109773902909096 0.00539743346147962 -0.00505588450564459 0.172671424770101
-0.0154488671914687 0.00612328463968032 0.0615133310601722 0.13530258461833
-0.0233663018913082 0.00556001380256232 0.109804930546421 0.0901469898432776
-0.0229356456709155 0.00383974125569657 0.129554055115319 0.0439090204998506
-0.0254997996099698 -0.00256483970374877 0.148321867551474 0.0281171846980292
-0.0219315500105324 -0.0183220129747795 0.139697822907926 0.0419591615041597
-0.00981705723432814 -0.0180452492031522 0.119207615809708 0.0487808042452418
-0.00821280376599861 -0.028489986881355 0.137941694164543 0.0524284885996164
0.00298114011843916 -0.0444795942430252 0.180391057239813 0.0424721740192539
0.0344133005406648 -0.0321552281618389 0.228569803424043 0.00152017193505256
0.0819996489176789 -0.00780698138144759 0.139816649909518 0.0364149643289015
0.0404511592642803 -0.0254471124030273 0.0283552581917128 -0.0515629238459016
0.0214277902226845 -0.0156097457874201 -0.0868388380128973 -0.0328162927564509
0.0183195573801412 -0.022227205758339 -0.151337613636687 0.046627343654254
0.00344126227891197 -0.0427157325337538 -0.105681994643044 0.138712460945043
-0.0259794072831413 -0.0422686861817391 -0.0226604086369399 0.162330997418284
-0.0440271603960614 -0.031526986571152 0.0452519279215267 0.13274161366986
-0.0613871525687012 -0.0296163321290032 0.0936896749484557 0.0869381741812796
-0.0624574336093122 -0.0302306812869546 0.112024072696192 0.0337211120869624
-0.0679398690492681 -0.046935625119235 0.134099819728932 0.00545433341520315
-0.0499259402125908 -0.0838555761665022 0.13911000093279 0.0117946985537957
-0.00609774858147032 -0.0928211828195111 0.130651273737852 0.0259297784249295
0.0407377156241336 -0.0940641852463077 0.139949253168113 0.0457826752439443
0.0842198824207532 -0.0808960312182574 0.1593287809679 0.0434619617467002
0.117244236326181 -0.0435391134465151 0.190517159006472 0.00728680614985345
0.139864405431275 0.0198739229324174 0.0992126457969401 0.0235824254557763
0.112024874616556 -0.018755561211848 0.00335943032669037 -0.0640002521962594
0.0839687004118262 -0.033599084252459 -0.0988871207137884 -0.0481585621920865
0.0529827202190191 -0.0647994616694194 -0.157419792780454 0.0344308273351786
0.0112853179617627 -0.0934142169922174 -0.110968854842994 0.115703481735873
-0.0381586473951905 -0.0884878961330701 -0.0407856363129612 0.138403039114868
-0.0679962190101054 -0.0666637960531399 0.0210409156920232 0.115796723029191
-0.0911901674493814 -0.0598049201454417 0.0639539875687923 0.0717832659390519
-0.0921301027092512 -0.0589388072370858 0.0794253087492716 0.0151585477665604
-0.101661428677789 -0.0813967378450724 0.103926422816881 -0.0236632000544058
-0.0768893218175258 -0.133222246147403 0.124386784435934 -0.0284170992327358
-0.0128977919593964 -0.152067654312905 0.137433756794282 -0.00649636496524762
0.0724014761587505 -0.152848008720374 0.141481623748584 0.0369064428037182
0.147033189924014 -0.113173618963709 0.132233504796588 0.0522523811614562
0.180585116912649 -0.0499454546782136 0.131346279607433 0.0177445797066393
0.178851779157892 0.0418528298338609 0.0361660157180619 0.00220920224737409
0.171801191319293 -0.0155565192707665 -0.0374460117585773 -0.0802492225412823
0.140088834221355 -0.057473583638333 -0.115455764852538 -0.0646107378716087
0.0792295616500267 -0.109599328906732 -0.15778547885471 0.0170358101772237
0.0125969807920385 -0.136877011981285 -0.112141410475843 0.0805745487152928
-0.0503174953232713 -0.123308826470492 -0.0596011519317793 0.100755792427768
-0.0839386391907355 -0.0917595614115602 -0.00841192308368114 0.0859940250145148
-0.106510108890725 -0.081982631512197 0.0258389006103647 0.0465408955895864
-0.105295652415617 -0.0798265883052849 0.0372515175446401 -0.0098469336686167
-0.116719503341472 -0.10543703496816 0.064406533982637 -0.0534990934985281
-0.0883706938935366 -0.163525387054368 0.0998625710619796 -0.0684523016900991
-0.0137928671519974 -0.185598480272685 0.135466494045828 -0.0387810925828843
0.0944979855863136 -0.186099639665809 0.137802845875368 0.0296671886708755
0.188850640535516 -0.125089797995313 0.099897520871473 0.0675647016984704
0.21445720407129 -0.0437602860601724 0.0587748527111589 0.0282787444492285
0.190636984201715 0.0522124450471197 -0.0411699319821999 -0.0168763302740631
0.200852570654115 -0.0159558136499364 -0.088958108047465 -0.0856185599569708
0.168863002833659 -0.0782090462722412 -0.132806642017866 -0.0736767346126007
0.0870348875018323 -0.140678479944031 -0.149781423595997 -0.00312927835867516
0.00621463751506253 -0.159364891908341 -0.112331394508809 0.0344425572537714
-0.0586797933411205 -0.136946168786175 -0.0828344161955221 0.0548117716257148
-0.0896245227560904 -0.100576325026581 -0.0426284373242217 0.0486550599365222
-0.105724205814419 -0.0907470944191123 -0.0142870382611348 0.0135258643635504
-0.100723183580004 -0.0915625078707662 -0.00519093420210325 -0.0389792227732563
-0.109169463564485 -0.117518022960593 0.0261289028336919 -0.083216789693601
-0.075616934627573 -0.171523971881265 0.0736304279704693 -0.102384200542552
0.00213466425137884 -0.189125233665352 0.130067718104479 -0.0629796904159107
0.114856708632587 -0.180168840555563 0.125869296841186 0.0267725413594835
0.205618090171256 -0.106068157852259 0.0628094157366466 0.0806322352945999
0.216920315035035 -0.0222152519236569 -0.0157529013578642 0.0302848939595643
0.169230681745958 0.0517168050307374 -0.12031432365782 -0.0261764141754325
0.190017366461264 -0.0148074561974213 -0.138391065964677 -0.0749945422037984
0.160819872155293 -0.0830355357744482 -0.142330741840029 -0.0704170832685043
0.0747022005968328 -0.140351224256071 -0.133668303569174 -0.0240262051109773
-0.00161821913739591 -0.148358780846829 -0.113895414330088 -0.0116675998877211
-0.0567946287456097 -0.125217057233952 -0.10718786520496 0.0105277627352824
-0.0810803350972049 -0.0920029915278347 -0.0762778215800651 0.0110170506403462
-0.0896836777626846 -0.0862988203669439 -0.051373790492955 -0.0221396589612296
-0.0811378529480805 -0.0902636098562219 -0.0402922191048034 -0.0707438823501873
-0.0813919151916412 -0.114876467480497 0.000259100364229464 -0.111022414608154
-0.041853542115143 -0.155481453353208 0.0591094297801562 -0.128106694050153
0.0298352129281495 -0.161489058416071 0.12556887358343 -0.0763892003132661
0.126116098442856 -0.137786772581248 0.110044802515418 0.0244747830060101
0.194948990456948 -0.0612366021662646 0.0255187340536159 0.0819246867216907
0.18712288006473 0.00785023208695796 -0.079985227304284 0.0197607944260549
0.116720272117481 0.0448771071518784 -0.183519367946101 -0.0222286148836686
0.141651725884657 -0.00677970304214148 -0.170813259726554 -0.0516851856036179
0.119815243835291 -0.0653898558374063 -0.143772239733111 -0.0592192629736311
0.0505091100599065 -0.105820228276064 -0.116329948853494 -0.0398270505141279
-0.00537902611859864 -0.105622145488103 -0.117598359695075 -0.0466654617296492
-0.0405297254309142 -0.0912159850033864 -0.127811933570263 -0.0213908938178628
-0.0579104070244133 -0.0702487160433768 -0.105556495548093 -0.0187516388104511
-0.061594886708966 -0.0679613244390081 -0.0804313223216252 -0.0529706171105176
-0.0517529388161388 -0.0748888664715045 -0.0615404764645185 -0.10014346761284
-0.0462677714386926 -0.0940171459552785 -0.0101380145033456 -0.135429104984681
-0.0067505873040593 -0.118213780316737 0.0582339460217221 -0.144514251034547
0.0499669454830811 -0.112797207708435 0.125564197404386 -0.0803125075529831
0.120347397984236 -0.0786542601581002 0.0942504408609991 0.020583748229332
0.156825043081492 -0.0105799190752819 -0.00405142803621006 0.0676693427367176
0.13201821257113 0.03459745212323 -0.12467852649224 -0.0029085710686863
0.0439381681219488 0.0394365586253188 -0.218361163702741 -0.00840505708388506
0.0719645292978194 0.0122741359192612 -0.180220176914255 -0.0265881065964742
0.0634807486023551 -0.0283988892145751 -0.140012880947543 -0.0472560640370639
0.0249919950751634 -0.0473203490076495 -0.106916092921601 -0.0478946142954098
0.00215969507625846 -0.0439900160219781 -0.124048479166342 -0.0601103867220976
-0.0105242815989154 -0.0444458846282969 -0.139821214511873 -0.0341364744688985
-0.0214143884603137 -0.0394499873856277 -0.122465950649592 -0.0366844062980618
-0.0239680575865631 -0.0397868865185484 -0.0960183978818703 -0.0751065504123502
-0.0186179937312002 -0.0455040253070541 -0.0699063758643918 -0.12218447134626
-0.012939118041278 -0.0564591263830346 -0.00650558969754347 -0.152885308032723
0.0149701571051182 -0.0663727748456433 0.0668068348553583 -0.150880341733771
0.0488512021518436 -0.0595733174371154 0.128059381794468 -0.0774030319948568
0.0904357123606209 -0.0266257711625624 0.0856603903638452 0.0130751522875314
0.0962258604257994 0.0261453847094289 -0.0178945832404564 0.0440139044757252
0.0601129253123469 0.047086388047026 -0.143780395580221 -0.0307893177051678
0.0130520980177869 -0.0323434763046617 0.155706670673214 0.0315478163003087
-0.030328589903313 -0.0252421332411659 0.036223998225237 -0.0532602207526443
-0.0338138022139253 0.00252185830902017 -0.085046430434578 -0.0250235455701212
-0.0124885583505053 0.0162639208071326 -0.143746413905573 0.0594859696196589
-0.00437292023185924 0.00651747565097838 -0.0900669359050987 0.155158587633781
-0.0105271277625539 0.00567851036566918 0.00159245164412115 0.17077374280753
-0.0153339742823329 0.00681376484536424 0.0642825905748523 0.132150999590622
-0.0231497754634054 0.0065073534710718 0.112150503447668 0.0856226652708726
-0.0228410370615195 0.00376717323508009 0.129992997738408 0.0389316088216834
-0.0254936468180203 -0.00192981933508581 0.147468645287795 0.0224422606857125
-0.0227418525387865 -0.0170160132076867 0.141482314142847 0.0372938802969402
-0.0105135999482144 -0.0184236611033327 0.121080254461128 0.0468695574302088
-0.00944044346579086 -0.0284578648048067 0.140113490335223 0.0493470155144688
0.00135553389975609 -0.0433708174748879 0.179953226039613 0.0366685201888902
0.0343810256305397 -0.0324239330248992 0.226310365199572 -0.0044244160448961
0.0817959531495604 -0.0104671969093533 0.139021990464371 0.0324267516388942
0.0390561601385566 -0.0267953338223847 0.0254061645044243 -0.0514891235120734
0.020742188882728 -0.0163760758479391 -0.0881038708613317 -0.0319182377241715
0.0177639355551827 -0.0223635715089155 -0.149569731670707 0.0496963712267792
0.00179884700577096 -0.0428580843054562 -0.100512540026819 0.140916915158821
-0.0274491687480972 -0.0410976882652309 -0.0171488603682285 0.161576967935033
-0.0456511555137317 -0.0296450218386784 0.0487554508153561 0.130067625313501
-0.0629018784742656 -0.0266987388297878 0.095804837661954 0.0829434996675458
-0.063526446619953 -0.0284894954763659 0.112256313799431 0.0291711541924062
-0.0694101248260783 -0.0443407400374635 0.133317884831133 0.000301835716900263
-0.0535737422106807 -0.0813866415818161 0.139794162123366 0.0066199601329663
-0.00902525086434958 -0.0923492394866068 0.130745687007613 0.0239973565897734
0.036657000797255 -0.0955594565186531 0.141356920040331 0.0426223258676111
0.0811454044449981 -0.0834335188828428 0.158839060016696 0.039357994404873
0.116555271673625 -0.0460221599346986 0.188826927166694 0.00227164821608575
0.140318878213292 0.0149605906468704 0.0982193820746157 0.0207145194825704
0.11022861659393 -0.0224209312933369 8.22210495759616E-05 -0.0631345042777297
0.0826143957822958 -0.0372909668787816 -0.100624996256565 -0.0464210432983864
0.050713763866621 -0.0660865259797654 -0.155689760977049 0.0374878769262829
0.0074455402408954 -0.0932095190662968 -0.106921331945047 0.117193260160849
-0.0417612245205947 -0.0860131748869271 -0.035646696653648 0.138530423022291
-0.0705259252959869 -0.0636374922987234 0.0244209920424474 0.114275849967705
-0.0932143670498975 -0.0558759653684308 0.0661401446366057 0.0695557001241631
-0.0943399803444345 -0.0556855424252192 0.0788690591702525 0.0127204376337989
-0.104609322258767 -0.0774137914849756 0.101971815099851 -0.0276567010892721
-0.0824772663994756 -0.12971378812775 0.122957646634563 -0.0329311553422514
-0.0179064351347055 -0.151286363937333 0.135459234196875 -0.00901507363096015
0.0664224761078873 -0.155127500247716 0.142948639057835 0.0341759591504999
0.142573497997866 -0.117537192169668 0.132690361960625 0.049881871061619
0.178531124814576 -0.0544970150818294 0.129750336306178 0.0144796263840178
0.180928895032169 0.035847402083309 0.0352284529592688 0.00157798560685781
0.169371178938909 -0.0215443200898708 -0.0403033074960287 -0.0782366738253029
0.137293561394875 -0.0627304789915731 -0.118233096483206 -0.0629589091238808
0.0750476981504158 -0.111803259099557 -0.156802450206398 0.0202191415378265
0.00705873884916374 -0.136208804827689 -0.109700581527444 0.08147075476142
-0.0551661717956813 -0.120148556465084 -0.0565486169235796 0.102691471667303
-0.0877441321766159 -0.087750700127514 -0.0058268180475912 0.0856710117161056
-0.109540973795145 -0.0769642685142346 0.0277254744636532 0.0452729401186854
-0.108053331301667 -0.0768788209940763 0.0358406603054598 -0.00993972425587368
-0.120072488446983 -0.100463991336131 0.0618624741408396 -0.0559403086194293
-0.0951668414224403 -0.158717099717334 0.0964379651141626 -0.0710337092891855
-0.0206667846465532 -0.185012677185461 0.133465835837601 -0.041936091910904
0.0872443136682664 -0.189112518690863 0.138641083629186 0.0274435475407923
0.182980534173193 -0.13147995365413 0.101409809377391 0.0661006142572637
0.21286805405913 -0.0485321129862399 0.058455996065289 0.0264143442744638
0.192375405846061 0.0453747757647569 -0.0428037581077162 -0.0152048888394257
0.198830409438187 -0.0227745707704713 -0.091395624661703 -0.0826000671454235
0.166538065679841 -0.0842028428392404 -0.13488256248268 -0.0711772496313043
0.0818370996884221 -0.142782650932823 -0.148621776129596 -0.000125100835139468
-0.000101466682900734 -0.158187671235851 -0.111313831583527 0.0364714022633487
-0.0640409113016271 -0.134144354572537 -0.0816028508784551 0.057088524054564
-0.0935620242628963 -0.0967474273215527 -0.0407217706484886 0.049490357565445
-0.108643358988863 -0.0862810003903468 -0.0137628051283065 0.013474891719857
-0.104080890045011 -0.0880714531808988 -0.00715624940076676 -0.0375353731076542
-0.112723610289401 -0.112844333857089 0.0226620320936774 -0.0835208101287082
-0.0822182846941782 -0.167668037857874 0.0699476895333002 -0.104430537305401
-0.00457941947153618 -0.18836476580858 0.126120924932877 -0.0661142046605502
0.106495008271483 -0.183355041386296 0.127188492172108 0.0247147783189563
0.199882359766727 -0.112559161785194 0.0649490056157587 0.0798755277638558
0.215824568485694 -0.0276126266421722 -0.0145026312930254 0.030380500722997
0.171446542181171 0.04590338367901 -0.120920910508572 -0.022366052517556
0.187471649659238 -0.0216290231951751 -0.139560088145802 -0.070453272466078
0.157280713182308 -0.0886012709978144 -0.144755952137144 -0.0675910719395672
0.0696010841067302 -0.141880134132327 -0.133388084230938 -0.0216859074964524
-0.00774797381756609 -0.146915299003564 -0.114818524351696 -0.0102770739016649
-0.0612384987230801 -0.122121771330985 -0.106761084949921 0.0144758911513877
-0.0845650224736291 -0.0892824943090051 -0.075907303962638 0.0130640235328461
-0.0922291387231218 -0.0818290633032895 -0.0528147357971911 -0.0199719769333124
-0.084187623818795 -0.0873258914409911 -0.0428473375178678 -0.0679540880341903
-0.0853515658416435 -0.111537159343078 -0.00452280079273423 -0.109958412151401
-0.0484134904505782 -0.15316049802755 0.0534625217234965 -0.129538981614119
0.0234960947356902 -0.161871226958445 0.121404343772825 -0.0793098281061336
0.120678092250147 -0.141103455777381 0.110510962261396 0.0233856613019567
0.191055552570257 -0.0672599272359501 0.0284004883829593 0.0822569803261493
0.186548618115907 0.00343992964934444 -0.0787314814822124 0.0213207960839132
0.118279146748771 0.0406180981481937 -0.183510446246805 -0.0167853727955052
0.139928027749288 -0.0108441704082002 -0.170845882140517 -0.0458550854650924
0.117392002645225 -0.0690659486407774 -0.145238087935032 -0.0565670753533441
0.0462370210531278 -0.106672612419664 -0.116849610823871 -0.038083506274508
-0.00892311481369556 -0.104177155612728 -0.120838812367388 -0.0440501384027081
-0.0443038386047524 -0.0884417490570283 -0.128564488255345 -0.016648024622591
-0.0608268697595271 -0.0681998785367937 -0.106046006863227 -0.0156622863159835
-0.0629402434857354 -0.0645941675495737 -0.0821501794002594 -0.0498450813542695
-0.0543711992855037 -0.0726361896799668 -0.0661626744906541 -0.0964438966930451
-0.0486735416998504 -0.0910511750536172 -0.0148584439562685 -0.134627676931236
-0.0115874369996248 -0.116517150776166 0.0528851356452987 -0.146383233070502
0.0457920610974807 -0.113850939783783 0.121534601197347 -0.0829092259234121
0.115966225943141 -0.0819896466166154 0.0948675996216034 0.0192378704939966
0.155114991545121 -0.0158826873787618 -0.00131852049879942 0.0684119204782764
0.132357526532342 0.0309472674446464 -0.123305608359006 0.00013209441305552
0.045843257972691 0.0378715207949864 -0.217287783120066 -0.0028142551414414
0.0714173935119725 0.00988696447129608 -0.179073269965567 -0.0215734512595122
0.0617789944606354 -0.0301517854521559 -0.140680336233408 -0.0443841528153113
0.0233710585985921 -0.0472916828895265 -0.107660019504293 -0.0462916881954051
0.000620694967414893 -0.0427606493297156 -0.126481513924784 -0.0568437229035647
-0.0126790442831675 -0.0434946003342329 -0.140406429133718 -0.0295189794548108
-0.0231299357759305 -0.0384725806264636 -0.12369326600382 -0.0332193508994946
-0.024891834542649 -0.0380595644602609 -0.0990005993617293 -0.0712806350758892
-0.0201082621336496 -0.0451282857737894 -0.0745062890658233 -0.118848008516972
-0.0144693195272069 -0.0546913786877722 -0.0115669462102608 -0.151281923214148
0.0122144476074817 -0.065590419051282 0.0619981802911569 -0.152416955366366
0.0463111599861268 -0.0605619203463651 0.124538764034483 -0.0809397685198261
0.0890416752577876 -0.0296949759484682 0.0854035217902155 0.012574703045872
0.096449920342965 0.0235657240344881 -0.0150170218611401 0.0456238404390581
0.0612311086826263 0.0453295473780425 -0.142859032844798 -0.0264970852392373
0.0119428323566538 -0.0323228676572878 0.153680132180238 0.022962580165309
-0.0310795413122847 -0.0231969496965367 0.0323936805866019 -0.0535857513624901
-0.0329015524500386 0.00378718495350784 -0.0853564361326144 -0.0223309953275005
-0.0112067425241088 0.0165780252810524 -0.139386732162707 0.0643100939144985
-0.00410476950113829 0.00629537643500177 -0.0809387319160906 0.156586193599694
-0.0104107952247831 0.00616868224628527 0.0102281083466224 0.167195449043244
-0.0153476995300056 0.00813850850512905 0.0694802969412825 0.127190805872047
-0.0224979112551839 0.0077236047497412 0.115128039370093 0.0777351542896485
-0.022899881097544 0.00484678200672352 0.129863053180989 0.0313180444178882
-0.0254683420231697 -0.00107032985778133 0.147003503906198 0.0135444746173294
-0.023497156546609 -0.0162993281975505 0.141408177586403 0.0295133462668981
-0.0111967807741386 -0.0178717763152595 0.122085242480555 0.0424305377542668
-0.0108928698154851 -0.0278356439183964 0.140930462917023 0.0423644101122265
-0.000334957578543542 -0.0421785449993057 0.177723129512839 0.0287332532732562
0.0332035266013809 -0.0331338630220858 0.221301184205098 -0.0140797768311649
0.080203736164094 -0.0145623471203577 0.137316351694661 0.0244858703408737
0.0367250045989955 -0.028395003347525 0.0216486817524381 -0.0518315436101424
0.0192511409996607 -0.018153566250573 -0.0883804145252611 -0.0283609973870544
0.0160474407625335 -0.0227972417440044 -0.145194718881837 0.0556266480597295
-0.00142566738124985 -0.0422256162843115 -0.0926109245302156 0.142831634904467
-0.0296996385579675 -0.0386062904352147 -0.00844562552715992 0.158759893851165
-0.0472146859250798 -0.026170612076789 0.0538997124797947 0.125238440298623
-0.0637819983658355 -0.0230147160043226 0.0990605549533027 0.0770048958803056
-0.0648663174348298 -0.0246190085143957 0.111612606402488 0.0232669038390596
-0.0713522411191605 -0.0409175540091249 0.130370585909282 -0.00687029810923222
-0.0579120831152305 -0.077586866518168 0.137667856804592 -0.000599323065095605
-0.014189731883359 -0.0908561121638696 0.130070020690287 0.0185987735280753
0.0309093765743809 -0.0959287242254152 0.142691945863307 0.0363491672558329
0.0761102408832772 -0.0855796876292817 0.157460768608194 0.0314751788134776
0.113456239920546 -0.0502974413931207 0.184693827469777 -0.00578408819706964
0.139305929829995 0.00771380115720909 0.0967601256593436 0.0156160871295479
0.105943040991412 -0.0283768793613096 -0.00346601370644671 -0.0618557837545035
0.0791876930858347 -0.0414590857592219 -0.102142976675255 -0.0430994085750799
0.0464692491653417 -0.0674819263868162 -0.151498556838431 0.0429495858475703
0.0015012115567115 -0.0917014649360191 -0.0999104560648794 0.119819149348364
-0.0463678806372818 -0.0817844331542605 -0.0287758285543897 0.138262301391872
-0.0736733922805884 -0.0584601170649772 0.028984776838487 0.110892742571537
-0.0951595192591852 -0.0496980910673251 0.0689359594726746 0.0648851902098782
-0.0967512935438837 -0.0506384250174087 0.0776193663094428 0.00919413876489083
-0.107130318281818 -0.0711492086448208 0.0980273117876711 -0.0326393924283363
-0.089417715466405 -0.123313492323267 0.119338930864172 -0.0388833184590995
-0.0259276981600397 -0.148413321936328 0.132918935045057 -0.0136468267828812
0.0565786667583355 -0.156107726938839 0.143130522997814 0.0276598525282308
0.133939833618559 -0.123078634875011 0.132090839646737 0.0438654843736158
0.174087514031836 -0.0611059183762631 0.127590089302343 0.00851332472904146
0.179882223103291 0.0260477215261836 0.0344448050183185 0.000415029968609948
0.164622560444696 -0.0300330574983002 -0.0434992253092248 -0.0748919293399075
0.131685974165179 -0.0702209277150996 -0.121047509705146 -0.058744385648829
0.0680186113249366 -0.11395159313645 -0.153046857369012 0.0265677006701147
-0.00103923282012578 -0.13463344970909 -0.104955199055997 0.0852443212807815
-0.0614231073288203 -0.114698835167539 -0.0515193189052096 0.103676619871209
-0.0920187412364668 -0.0819370942871936 -0.00187634100599978 0.0845845963755606
-0.11166672830247 -0.0694703688908729 0.0301275162438471 0.0429800761881835
-0.111919457013571 -0.0702552720088978 0.0347658898417662 -0.0113090264582733
-0.124287968988196 -0.0925417793833647 0.0571241173360707 -0.0576064625988868
-0.10362832535866 -0.150819680868203 0.0912361626485738 -0.0754365619625388
-0.0299670895136434 -0.181278132116314 0.12834673128899 -0.0459105818447397
0.0748711516667805 -0.190279385575168 0.138607487272981 0.0218985969692706
0.172602410818351 -0.138572661009048 0.10225269999544 0.0615951741204947
0.208148262169242 -0.0571133662391347 0.058521096073759 0.0229624082165688
0.192408858402528 0.0350373102788281 -0.0431723911293853 -0.0124884787064102
0.19321043741482 -0.033044618704835 -0.0934094862837065 -0.0765522426615534
0.159014701864782 -0.0924144511929394 -0.137238808348057 -0.0664429373484189
0.0734921368054589 -0.14471638119668 -0.146867185664642 0.00492144878043488
-0.00909565021199742 -0.154912964875088 -0.109756680807102 0.0404210173535075
-0.0712453037261839 -0.12753191850942 -0.0776452701949922 0.0614734904637782
-0.0986330536551906 -0.0902406034782463 -0.0378133599382924 0.0500357685790675
-0.111425177540209 -0.0785533710838615 -0.0131804456176377 0.0145089300950078
-0.107896116169943 -0.08189345856044 -0.00974134074933319 -0.0360022954897671
-0.1175318711953 -0.105155363893509 0.0174022211734252 -0.0826675356102625
-0.0908078847049312 -0.159917761075958 0.0633146110196107 -0.106558147490305
-0.014971235125413 -0.184972202444057 0.120022610207168 -0.0696361470762045
0.0943192953604698 -0.185324410321574 0.12700213310767 0.0202222558730691
0.190559011046525 -0.121400694426026 0.068328412055831 0.0774033062564138
0.211616721893372 -0.0365354727008279 -0.0131572650913792 0.0308927591959863
0.171452023888111 0.0361039689916526 -0.120054857799532 -0.0160620517500555
0.182402818717217 -0.0305846718067488 -0.140579215620529 -0.062052144194587
0.150050251492835 -0.0954789727548027 -0.146291694917675 -0.061571076406591
0.0612022051704211 -0.143528604998454 -0.13168827814474 -0.0170327123999707
-0.0160022955708608 -0.143511022249712 -0.115688972020614 -0.00567077814801189
-0.0677602461858393 -0.116204382310795 -0.105635231487806 0.0204086504553166
-0.0893125754409805 -0.0828384099677227 -0.07444417481562 0.0164991192375792
-0.0953625904333451 -0.0750292139875313 -0.0532416858440569 -0.0166340660158017
-0.0880033342906798 -0.0824494946029111 -0.046816055847861 -0.0634920148886246
-0.0903266703695763 -0.10418764883915 -0.0104837526559866 -0.107589600861607
-0.0564102730210038 -0.147578638621035 0.0461093278990369 -0.130516271415766
0.0148804952052035 -0.160273666266906 0.115179253189972 -0.0830784374790034
0.110502227370437 -0.144759180760466 0.110663407353706 0.0195321463111973
0.184401324939596 -0.0763656026708232 0.0319855778887588 0.0809236189190405
0.184838186714783 -0.00479401378816995 -0.0767078499878684 0.0248695275626442
0.119109564810236 0.0334307667813706 -0.182255967913424 -0.00762982572586453
0.136166100946406 -0.0182332023630557 -0.169752585926011 -0.0382870583919676
0.111094690989443 -0.0746548986771193 -0.146064733130654 -0.0503078834000293
0.040030274349618 -0.106641544028024 -0.116631633333404 -0.0339562830721729
-0.0142898592661767 -0.101347089751167 -0.122815775954702 -0.0384017468889671
-0.0487783074929224 -0.0844006807209424 -0.127909141372372 -0.00928576252821727
-0.0638313984118904 -0.0631448510111937 -0.105274912206247 -0.0104051310177803
-0.0652207329789033 -0.0597199021074406 -0.0840799191253185 -0.0441614799661622
-0.0570675317674492 -0.069106872383736 -0.0710446876216287 -0.090818429847795
-0.0523342828446038 -0.086332786366407 -0.0217663098752197 -0.130622470297493
-0.0177738525708874 -0.113632824309878 0.0443619382432594 -0.146756600331887
0.0399073285992446 -0.11400610407883 0.115133897462084 -0.0868376616407509
0.109158612224667 -0.0857651396542843 0.095488370354191 0.016630955687864
0.151130263188605 -0.0233316460785418 0.00293175071085476 0.0682239664922631
0.132973982515415 0.0249183682650321 -0.120451642983523 0.00599267857558233
0.0473698131971955 0.0347600126702612 -0.214251117516491 0.00721230166314167
0.0701917916624177 0.00630494390682304 -0.176267428998751 -0.0143026142989739
0.0587510129601023 -0.0324604492226285 -0.140502601472126 -0.038231925898671
0.0199535503352293 -0.0474564404542186 -0.10829917854169 -0.04217403282067
-0.00146421066789301 -0.0419987842167161 -0.129257812041836 -0.0502735203540939
-0.0148970147033056 -0.0420836455370869 -0.139784125786094 -0.0210827286002964
-0.0257147886686706 -0.0359677598677515 -0.123829588556114 -0.0257434938405924
-0.0259531002450711 -0.0351656594237523 -0.102214844495333 -0.0639345537053718
-0.0218253514292191 -0.0431352890796108 -0.0801420873358798 -0.111946897815807
-0.0171296673642741 -0.0521762372166776 -0.0184368533918313 -0.147937924213996
0.0088539821555871 -0.0651799968849481 0.052436743028589 -0.153193274745015
0.0424174256555983 -0.0616441949912643 0.118695992627939 -0.0850496746879206
0.0854917878171024 -0.0329772056326123 0.0850583154279243 0.00948394020255801
0.0959464479917105 0.0185160022647134 -0.0117800621842003 0.0465215899989568
0.0628110670386622 0.0423420160176238 -0.141699048193132 -0.0184178410909806
0.010146659767831 -0.031341248403173 0.147968223856741 0.0152359270823231
-0.0307689065647712 -0.020236445213513 0.0287499052632365 -0.0526105012203418
-0.0316555512252166 0.00470748686253294 -0.0829051376528451 -0.0183177886673233
-0.00943102246251966 0.0164576279363392 -0.131171421234962 0.0673114890486292
-0.00389078439193892 0.00640137530782106 -0.0701369362688195 0.153541829682301
-0.00971882163303462 0.00660080260501854 0.0177266192166725 0.157784536964879
-0.0145030021118256 0.00866966040914231 0.0722236095924914 0.118465540488564
-0.0215123272845873 0.00868359493118564 0.114360512424656 0.0682061375720016
-0.0224481763086586 0.00603490515509424 0.125627035828832 0.0232887598337251
-0.024618583173594 -0.000503030243621299 0.140494461458164 0.0051173300864343
-0.0239309486839959 -0.0142569214352062 0.137717869310276 0.0219733986895611
-0.0111783090879514 -0.0166941004777243 0.119095963193375 0.0367900504333924
-0.0122273583054212 -0.0261062524661231 0.137532106451178 0.0347849752833746
-0.00195392542644202 -0.0398917124240249 0.171225394604378 0.0199508341858844
0.0311416277030177 -0.0339952327251459 0.210188063873954 -0.0234540274947533
0.0763720955429704 -0.0180290361056652 0.132672920561801 0.0177832517730664
0.0327754151879798 -0.0290224313737881 0.0183545427961591 -0.0496575052020879
0.0169467751711925 -0.0186646903773612 -0.0867759318742275 -0.024762779743199
0.0145710063503911 -0.0226458870569671 -0.136396104603876 0.0585073883735751
-0.00398748453109674 -0.0396480430204169 -0.0814223179146807 0.140710706068647
-0.0305437998341587 -0.0346968060192996 -0.000823928255671992 0.152009927710324
-0.0469033995067672 -0.0226378864715419 0.0576385328430842 0.117617611821974
-0.0626317756252331 -0.0181128773602755 0.0994691787944766 0.0684808690008404
-0.0642155033440443 -0.0207394097329568 0.108224461147065 0.0172506275150097
-0.0706907353890469 -0.0356600089104108 0.123880913874705 -0.0134089644165871
-0.0594771837775132 -0.0708022496750112 0.132258322526971 -0.00775882153155116
-0.0183488974517735 -0.0866479978326346 0.126352993103366 0.0136338652437819
0.0241284238022069 -0.093672563448392 0.138915178572695 0.0285852258393317
0.0683113523063243 -0.0856202803142504 0.151424818989112 0.0244139067002202
0.107067164102893 -0.0534641791865288 0.17552984738183 -0.0129656475134224
0.134470732352209 0.00012603094137279 0.093051439256581 0.0115507549578612
0.0996753593763252 -0.0325485904364574 -0.00593660341674117 -0.0586366220585195
0.0730718239498942 -0.0445725931173826 -0.100527374598978 -0.0381130733735978
0.0409864531110681 -0.0670772569411446 -0.143025652827916 0.0481675522875402
-0.00349883526728916 -0.0874194060262278 -0.0902400489721634 0.118611541353373
-0.0491777195054063 -0.0754001374965275 -0.0211735078132473 0.13273135712633
-0.0744015839707857 -0.051352410542681 0.0333435044708004 0.104538440314516
-0.0937936252666195 -0.0421400140457504 0.0695908455021671 0.0590128091491436
-0.0956208361675523 -0.0432029775718217 0.0749493115567822 0.00516935235092766
-0.106917932832483 -0.0627941456026561 0.0921227744746535 -0.0358730897333404
-0.0928136054170507 -0.112516099361122 0.112612647084079 -0.0437956115639485
-0.0325303333766106 -0.141181095885218 0.127171115353959 -0.0181219432308455
0.0457138266711466 -0.152389038178527 0.140158099156015 0.0211749616530614
0.121689859659262 -0.124641662429688 0.128520821683731 0.0377097937300548
0.164572793691561 -0.0660028470679856 0.121808224640737 0.00248715440066435
0.174318834766457 0.0153825605204075 0.0330234350601323 -0.000133119587421556
0.154863033724563 -0.0364573998454792 -0.0449833480570954 -0.0686289449734485
0.121939809738543 -0.074214852417929 -0.119377394981005 -0.051550897811239
0.0596529404049501 -0.112591451664367 -0.14566329365451 0.031083624169178
-0.00869660649447084 -0.127538302440828 -0.0973415376084678 0.08606997892228
-0.0654445291698516 -0.105847261244097 -0.0448292016553011 0.101997757493174
-0.0925282407288835 -0.0726317360878741 0.00186753882067279 0.0808137151515971
-0.111238705003219 -0.0605955950421782 0.0309505761564475 0.0392912286845247
-0.11176394911814 -0.0616826930331627 0.0323083743306981 -0.0114062009230176
-0.124709726572706 -0.0822273341516113 0.051474077604761 -0.0580514284170092
-0.107783852314378 -0.138415131764395 0.083913869594327 -0.0775619017407926
-0.038528605618431 -0.172425276852112 0.12089954185714 -0.0486435331849764
0.0615264028354146 -0.185828074254715 0.135297541981949 0.0156022752037499
0.158307534135907 -0.141801574247449 0.100657867630184 0.0557825717462265
0.197201927536367 -0.0638849454116604 0.0568287228811013 0.0201292565761182
0.186402981403571 0.0235883056751234 -0.0420634278145781 -0.00868281759003417
0.182150430095893 -0.0410759843857171 -0.0927284046117258 -0.0681583394181966
0.146979417483268 -0.097272988163861 -0.135591791870299 -0.0581654741257328
0.0629672108124203 -0.142609193952905 -0.140158960140531 0.00971339756311719
-0.0174358734688773 -0.147276389088751 -0.10497571401242 0.0424560525460517
-0.0754147489001711 -0.116986154402184 -0.0723495302439234 0.0630636285161457
-0.0992956309329406 -0.0809813660272889 -0.0343579022539816 0.0499314332236321
-0.111138033022832 -0.0689972742031623 -0.0119101923777797 0.0143477626466181
-0.108436201005319 -0.073247561140367 -0.0119330593525704 -0.0319124833929208
-0.118214015845944 -0.0941679099869534 0.0120452592799965 -0.0802190289176243
-0.096490841489061 -0.147779848450269 0.054636778976062 -0.105739732083296
-0.0243379342761603 -0.177234648251667 0.111970297546734 -0.0710431936903714
0.0801879487407509 -0.182058224851181 0.124228874249735 0.0146311877314994
0.175915605617223 -0.125700346517222 0.0686421206625796 0.0723574981584554
0.20189699532487 -0.0432551529270084 -0.0108980091019662 0.0304352932522068
0.165821330435904 0.0265020528489087 -0.115822426682625 -0.00883975479738173
0.171918956879271 -0.0380590874044476 -0.136376305904791 -0.0530336411150621
0.138082527925031 -0.0993543384921995 -0.14401925676496 -0.0539504145781771
0.0514578198469154 -0.139853205409863 -0.127460825530224 -0.0119807495622074
-0.022844222177744 -0.13629707740178 -0.113127587988072 -0.000614534017380742
-0.0716437952264763 -0.107004948942286 -0.100565223673953 0.0250446044529702
-0.0909826731838078 -0.0747976902393756 -0.0710249452207471 0.0195404354570468
-0.0951838722408544 -0.0666982516169852 -0.0522338447901691 -0.0133502446954573
-0.0891789150623067 -0.0744525435688211 -0.0483488362231858 -0.0574128263038515
-0.0913753781600885 -0.0946157858237077 -0.0157435225196571 -0.102093898746718
-0.061845073616883 -0.137494415546241 0.0370337653041918 -0.127942843479201
0.00588206721278928 -0.154350586721943 0.106476832921173 -0.0839322178449895
0.0975515265123591 -0.143458743303739 0.108204371405022 0.0150824208309886
0.171874532564912 -0.0827707919308352 0.0352722511477137 0.0776809794682059
0.177037125371492 -0.0122912996595062 -0.0715286688538204 0.027491304505838
0.115760008917738 0.0268147417263713 -0.174206201437171 0.0014346806841704
0.12845463350244 -0.0236622541151926 -0.163599220803225 -0.0287388407108271
0.101985410895681 -0.0770541649587435 -0.142780992620528 -0.0430801121950034
0.0325332405213919 -0.104299379119233 -0.113863143457342 -0.0293725946934923
-0.0190455935505858 -0.0957119396716593 -0.121468876967179 -0.0321909427467204
-0.0514362388097125 -0.077609018667355 -0.123553815400921 -0.00191234283232734
-0.0652550221552107 -0.0568241681061049 -0.101782850532595 -0.00498481286947416
-0.0649945887036933 -0.0533742739256607 -0.0832423194399395 -0.038219963659094
-0.0585218120681995 -0.0628856822547977 -0.0725955806100055 -0.0822483228624622
-0.0545141896516593 -0.0793224071596862 -0.02737637741147 -0.124155540033663
-0.0227397435950733 -0.107145378988738 0.0346676020784723 -0.14282580141633
0.0316706187375743 -0.110732550813831 0.105874309570568 -0.0886366456107654
0.0994084584559173 -0.0864556827892511 0.0924414022721779 0.0124981676192713
0.14368320620078 -0.0296665714469712 0.00671344356075519 0.0664797215832676
0.128169673027568 0.0183813814869131 -0.114472453790363 0.0111491839976471
0.0468796486245587 0.0309342736973096 -0.204917165883821 0.0162054553719818
0.0671665330946873 0.00324605201736122 -0.16885798094387 -0.00656451442567592
0.0540992096917811 -0.0340901440226735 -0.136457989371573 -0.0311263096802459
0.0165236628267822 -0.0461137228798219 -0.105856733092607 -0.0377005340513108
-0.00378533251290645 -0.0393505936078188 -0.128237255238863 -0.0423498837776901
-0.0164908060966159 -0.0388894272905529 -0.135144540701386 -0.0130934109045657
-0.0267340990378307 -0.0333749138773855 -0.120156049523767 -0.0182580236465565
-0.0259108893385429 -0.0322790580470215 -0.101583575306361 -0.0559550263070756
-0.023347793960164 -0.0401310858496193 -0.0830814395998617 -0.102305693351931
-0.0188906873243218 -0.0488330694151472 -0.0251012441676442 -0.14073762795515
0.00500880516642282 -0.0623734584835323 0.0429945498887043 -0.148535953595726
0.0373752019333003 -0.0611615913835722 0.109095202088812 -0.0864832861033596
0.0791628085588612 -0.0353785247466499 0.0827628599256367 0.00671464004827199
0.0930001786103735 0.0131415088498304 -0.00892658214514531 0.0461588515695484
0.0617770978629925 0.0376647291701645 -0.135055915066018 -0.0117235507529314
0.00690847665254912 -0.0319949834301104 0.139588374669523 0.000402277983994604
-0.0307850388542127 -0.0157572236985422 0.0218019741698734 -0.0518490299742704
-0.0296736199465907 0.0083761790964834 -0.0790632555215125 -0.00875509121627868
-0.00715477595097966 0.0159492187730888 -0.1140852094219 0.0787783308893056
-0.00365620024171351 0.00643455181334572 -0.0460501755429787 0.152124512388181
-0.00776545993976098 0.00727833581702881 0.0345093582840338 0.146050368685058
-0.0117342145969309 0.01042156523391 0.0821418648156063 0.104679690320977
-0.019592336528754 0.0105096801885192 0.114330733781722 0.0505257611567048
-0.0209871786075559 0.00786358996500212 0.119512509854502 0.00817879356110686
-0.0235407619929081 0.00161390281657206 0.130630459116051 -0.0119379987818376
-0.0245670338082764 -0.0113485355472264 0.131207088906571 0.00586667876634609
-0.0125995125275483 -0.0154016887183412 0.117414278010353 0.0221883520965509
-0.0150621099117688 -0.0239863929702425 0.132951938237042 0.0170285794035008
-0.00628684578270631 -0.0381256840689184 0.159472311610277 -0.00186568128878942
0.0250982554665238 -0.0372484028086396 0.195400146616684 -0.0448382106083462
0.0720177025685761 -0.0270439085975611 0.119628700851339 0.00495779272430848
0.0277208345497239 -0.0301181238864552 0.0104311198293514 -0.0477075784428921
0.0131638933289799 -0.0194883897446818 -0.0860878737264889 -0.0139020512882387
0.0114077443569736 -0.0222543449178199 -0.121642476652012 0.0727933466705967
-0.00884837710167629 -0.0363124484704326 -0.0600131835054102 0.142119823464233
-0.0322234041278174 -0.0284323324445036 0.0159217462556253 0.143840972832864
-0.0452457254640555 -0.0148135051144988 0.066387550342731 0.106522405798496
-0.0607051983416545 -0.00946909797454227 0.0997556123600388 0.0513833805224129
-0.0632546282419175 -0.0122473607178065 0.101456552293281 0.00449511631088682
-0.0703689462751545 -0.0250532538570032 0.11209410032507 -0.0269949764220508
-0.0650780289690268 -0.0584170488156524 0.121422707495177 -0.0206254361518845
-0.0270122578103226 -0.0790507028651487 0.119141384994694 -0.00071490267147521
0.00989403004258748 -0.0903568612852748 0.132612998419627 0.00961229683869614
0.0522553438008287 -0.0871951902559458 0.144078068480551 0.000861400972573553
0.0918305035744231 -0.0632750749741793 0.166081032145523 -0.0327365154116882
0.129619423962494 -0.0172909184280244 0.0779798243014107 0.00310777436079223
0.0888576946226475 -0.0403869959222018 -0.0154050039371364 -0.0525071143662815
0.0614092992158816 -0.0496595491862705 -0.102863881433642 -0.0243387281430208
0.0309786983687352 -0.0660813790344004 -0.130585532816992 0.0635282148229878
-0.0136356531374366 -0.0801355964903268 -0.0725504982470859 0.124407646936844
-0.0538771266196095 -0.0636545736184115 -0.00629992939623915 0.130173344360479
-0.0743553016151402 -0.0393688316016843 0.0413845610126985 0.097718958580924
-0.092291182365839 -0.0285442876406949 0.0709798026769953 0.0463914666866742
-0.0952245542825681 -0.0291650813945978 0.0689143899539361 -0.00222891467799827
-0.106520793195752 -0.0452117083104048 0.0782969936907005 -0.043362009572533
-0.100460044907638 -0.0928811211464477 0.0974534435153496 -0.0513815262143616
-0.0472487385815138 -0.127368698448969 0.114190272444627 -0.0311300782103279
0.0220676704255884 -0.147277519884583 0.131545341676733 0.00123148802347797
0.0962709071087855 -0.129039927856327 0.125631167457752 0.0136064896236227
0.143156873169302 -0.0812792830979478 0.120282664510144 -0.0119923509551948
0.169557863531708 -0.00714797171714362 0.0164938625219614 -0.00189965372435998
0.139345776826918 -0.0505816270732273 -0.0541025402748975 -0.0573142147248563
0.103807414683531 -0.0827034355687132 -0.124498841790016 -0.0341358220233124
0.0431982161707245 -0.110662120811318 -0.136661157882265 0.0487303247134114
-0.0228270877004415 -0.117215907167612 -0.0843565896820453 0.0961334092383489
-0.072476602350628 -0.0898813278312964 -0.0324845088668139 0.105544399882628
-0.0937832052240436 -0.0565114933883287 0.00837065513560283 0.0788074274553535
-0.110674755537328 -0.0433020876647644 0.0330846287817872 0.033314222194864
-0.111957721566692 -0.0445347182042125 0.0266806385016703 -0.0128673470147443
-0.124639435976949 -0.0615777431557835 0.0365938525416292 -0.0589960489817779
-0.118001420115219 -0.114260708529158 0.0660589432792703 -0.0802932810908433
-0.0562821030355853 -0.155406441701663 0.103915446447441 -0.0597122800202647
0.0324186300995612 -0.179816279361512 0.126205384432195 -0.00483108649767123
0.12756597257765 -0.148552082475505 0.10376222680493 0.0323749033924113
0.173468670119982 -0.0823258029116077 0.0619261720748853 0.0118598951983466
0.181907272073732 -0.000796430385285799 -0.0556266623304273 -0.00240374716032403
0.164534265228622 -0.0570582259836525 -0.0999583066546935 -0.051060496679282
0.124939063068623 -0.106673526414092 -0.141495679973087 -0.037227736616382
0.0436254593486555 -0.138768442198172 -0.135131524521716 0.0289721829117459
-0.0327516674050733 -0.134909050519924 -0.0972775060982196 0.0578135006127475
-0.0830162418150525 -0.0997122952310657 -0.0628727576858896 0.0733940081895012
-0.101763851845338 -0.0636104284630409 -0.030246061569043 0.0538964838719582
-0.111833069716465 -0.051979057547437 -0.0102501974963825 0.0150119217001026
-0.110373605400157 -0.0550490080903984 -0.0167007106173728 -0.0276184865635462
-0.120727865840418 -0.0726546835548156 -0.00260129336303831 -0.0751497837823897
-0.108305446713494 -0.124418488345419 0.0348113379672006 -0.103392880551165
-0.043374301031515 -0.160482877274288 0.0929471658170661 -0.0804969896518567
0.0500911477533374 -0.178432818342283 0.116482925727225 -0.0045176341884313
0.145787427792342 -0.13555653665936 0.0772343389152488 0.0514798347609867
0.17936940973979 -0.0635765464249655 -0.000240570124057305 0.0290432741054856
0.162189265401158 0.00457959016143614 -0.12335560454113 0.00502886636395142
0.155274321128038 -0.0529726181231376 -0.138220071533233 -0.0329917633076912
0.116774657617854 -0.107666425481602 -0.148971282631574 -0.0313162907280119
0.0329009088445533 -0.135239435956004 -0.125473677086545 0.00665906049427872
-0.0358315664370252 -0.12359756690504 -0.110009030813694 0.0176773307209666
-0.0783072288975956 -0.0909366334411326 -0.0936725677865586 0.0405236070808125
-0.0925518232456357 -0.058500283229208 -0.0683082082514032 0.0290851712142742
-0.0958086391252099 -0.0509790443895948 -0.0510317543335759 -0.00606794130731608
-0.0919962145171459 -0.0588597170259656 -0.0541837463198118 -0.0473242817553777
-0.0955160601690321 -0.0758558539763317 -0.0302273428299037 -0.0932183493529106
-0.0750233073990116 -0.118382530130071 0.0168728183655307 -0.122916322368153
-0.0128596552219329 -0.143081677912002 0.0864390958838448 -0.0926855801371466
0.0710126067086817 -0.144788435351903 0.102792922128643 -0.00198091725090476
0.147993555490915 -0.0951137725507994 0.0471710642381024 0.0616237294314109
0.161483469397628 -0.0313617611770835 -0.0588525981642887 0.033516761943621
0.113693782401903 0.0115808183114663 -0.173821749601978 0.0196160923492629
0.116548191220088 -0.034516047865795 -0.159781428762672 -0.00783657534545948
0.085733529715263 -0.082562947204305 -0.144209086365994 -0.0217741667109808
0.0192660016588191 -0.0996709149539419 -0.113945245574667 -0.0121818773923784
-0.0281094502920765 -0.0873091384887775 -0.12115483088998 -0.0113091198599307
-0.0565176647680796 -0.0660929185469532 -0.117250259932993 0.0161585817246642
-0.0671401533693536 -0.0452251652759735 -0.0994859192792777 0.00860338023640742
-0.0664500647795041 -0.0421884983028243 -0.083005791596791 -0.0250118516680298
-0.0622866967134413 -0.0519002313784652 -0.0789641885554753 -0.0674421671637032
-0.059453546807729 -0.0660914114592638 -0.0426775835493763 -0.112335703361277
-0.0344788174382785 -0.0946626770302647 0.0141335906022199 -0.137371593865052
0.0154183838335518 -0.106194801661902 0.0871057368808791 -0.0966947052833113
0.0803283443229558 -0.0923328443932144 0.0892520177482198 -0.00116896462239994
0.127638676093528 -0.0432480701801332 0.019658131830183 0.0573171118671358
0.119607489873672 0.00306616734564978 -0.102831764005728 0.0237086526933972
0.0479284785574325 0.0241579383131102 -0.195055959701993 0.0356282998137106
0.0614536645507703 -0.00336779408529346 -0.160211751701177 0.0122576113669589
0.0455864681193114 -0.0373057938909848 -0.134714162571094 -0.0137254838467266
0.0103299424942971 -0.0437856448065479 -0.10616258204677 -0.0222391866783387
-0.00755914582383556 -0.0362377857955574 -0.127719269399164 -0.0231693109744268
-0.020295629252845 -0.0339852821149438 -0.129457566946027 0.00499783011951596
-0.0291700723777628 -0.027113307450973 -0.117483349131127 -0.00321807946456602
-0.0274250625899196 -0.0272670544501455 -0.101685076360415 -0.0394433062155792
-0.02584514765065 -0.03388219041006 -0.0893355679194898 -0.0849817559654307
-0.0223021793512532 -0.0411658302270617 -0.0413945003618209 -0.128704482219111
-0.00323208407788434 -0.0571378575899956 0.0225556935729842 -0.144192888442061
0.0263998785276894 -0.0602726435760728 0.092608867560845 -0.0951525290010816
0.068137208574782 -0.0422951798827339 0.0797195944645725 -0.00451725577460246
0.086498196176378 0.000990143605002588 0.00180934654962937 0.0422942150343142
0.0611902479440746 0.0283261054463045 -0.126348840902721 0.00529000482690392
0.00714883694456928 -0.0304717971405539 0.131893984403526 0.00277980588097011
-0.028750602644608 -0.0147757706421172 0.0220047560025226 -0.0488578815562688
-0.0285354120822299 0.00707453520321249 -0.0746969391458697 -0.0101205003392736
-0.00688840130473255 0.014686514478897 -0.109919218592193 0.072090160793253
-0.00382715623332179 0.00590364543810437 -0.0454342309955971 0.142000919903637
-0.00790117494793025 0.00651826035646938 0.0301830956883315 0.137434526859758
-0.0114049271636408 0.0095416466124557 0.0759238071760717 0.0994617178904371
-0.0185341431209334 0.0100745063744742 0.107450005339796 0.0487162874851383
-0.0201427178838783 0.0068440409181408 0.112780697239472 0.0097342656767902
-0.0233627762310975 0.000488662550856696 0.123662699847848 -0.00993240189205834
-0.0236856672688367 -0.0107381989521891 0.124207814787957 0.00704564059423889
-0.0117456593470606 -0.0150120064408381 0.111085415573915 0.024952105777527
-0.0138779539975661 -0.0223163491543632 0.125434821676414 0.0192304177274723
-0.00539608613113948 -0.0361690482142262 0.150847655105899 0.0022419635545563
0.0241641353085148 -0.0349522318956752 0.184885257566619 -0.0378826485820621
0.0687475408670582 -0.0246876899962851 0.112888764362182 0.00667185344708142
0.0261175626313989 -0.0278544749681715 0.0111062189449137 -0.045105695783411
0.0112993789596968 -0.0179369781575366 -0.0812764147328119 -0.0153462620854721
0.010434872285522 -0.0210133501276597 -0.116241433622634 0.0651736838540334
-0.008048245155861 -0.0342759072409105 -0.059086755797201 0.13329022359099
-0.0301252895591007 -0.0271613489539655 0.0126225907830704 0.135464036301399
-0.0429212520145173 -0.0141782288234014 0.061828728463864 0.101422733504199
-0.0569661769844752 -0.00920256797631005 0.0939668837285831 0.0496716733861472
-0.06023239258041 -0.0123983966942609 0.0961193806644649 0.00630953465040074
-0.0666280595758415 -0.024923706365922 0.105645769692462 -0.023627353983929
-0.0613356274719129 -0.0559173404760357 0.115361030941707 -0.0183436305304888
-0.0244653557913129 -0.0750829636350723 0.113168986178139 0.00243535868164749
0.0107088123976034 -0.0846946420001133 0.125806824416588 0.011782898714191
0.0504651298607498 -0.0811654913331826 0.136001055895525 0.00542791148625297
0.0880458485280149 -0.058207910699067 0.157075762221138 -0.0269019448323878
0.12290857439287 -0.0148652678772456 0.0736652669562513 0.00432438328138563
0.0834308620808136 -0.0365786680126775 -0.0125784291444819 -0.0497924067683406
0.0575046922486037 -0.0463111455207971 -0.0976643329102933 -0.0252625251916515
0.0296262757659779 -0.0620270907380011 -0.124836664373704 0.0564422669219857
-0.0125045006595894 -0.0753728464895601 -0.0705028755164084 0.116457186955228
-0.0506998737911612 -0.0599049687746774 -0.00802058872701841 0.123357895385498
-0.0696155642899161 -0.0369457111708583 0.0381708114277178 0.0926592007604037
-0.0876117439495099 -0.0270273512661614 0.0670881496660705 0.0437762028850253
-0.090953238823367 -0.0290319235771118 0.0651334925684452 -0.000977831262152678
-0.100860949770837 -0.0438522559261573 0.0739774041362892 -0.0402019292159416
-0.094927377379845 -0.0880655820049405 0.092999238251718 -0.0478934209094278
-0.0433988444225781 -0.12063587844815 0.109254085959633 -0.0264628999930358
0.0217113724544899 -0.138441271286525 0.125248958736027 0.00374097201975158
0.092662393798599 -0.120302755767086 0.118714820540201 0.0162627914286918
0.137021154168211 -0.073823811560265 0.11369821979776 -0.00804111131937048
0.160426205710776 -0.00499808300125403 0.0158672156776399 -0.00125372203443665
0.13144295972403 -0.0458370385452992 -0.049075112125336 -0.0546061950837654
0.0979013874956889 -0.0771793509899917 -0.117529224526654 -0.0356479451953583
0.0413758487305877 -0.104257461064173 -0.129947063568834 0.0428054639365506
-0.0202468052417067 -0.110499057569518 -0.0815101061567053 0.0893790740690619
-0.0679772163884745 -0.0844826428918469 -0.0316417460555638 0.100036869801309
-0.0888624063580599 -0.0536349865333733 0.00678717477192949 0.0746040904306617
-0.104008821305356 -0.0411325847903868 0.0306312904116977 0.0316251981089894
-0.106867350001498 -0.0433305986144326 0.0256923670781941 -0.0111404860960206
-0.117776833327265 -0.0594071048667595 0.0351665002306471 -0.0548469279067518
-0.110944321787805 -0.108222403399495 0.06306132626239 -0.0751932373388812
-0.0521534329108392 -0.147186122363521 0.0997675810098049 -0.0541141308834199
0.0318916520075512 -0.168753544825135 0.120448745836005 -0.00153833840801363
0.122165402529059 -0.138190070269406 0.0981745807060759 0.0335961474127253
0.165912585892552 -0.0743932207588765 0.0584419548768406 0.0124897161203131
0.171672011680939 0.00124351068886059 -0.0519431761445519 -0.00287815816317997
0.155571624450646 -0.0512276403000278 -0.0920137529966484 -0.0491105375640601
0.118090735418853 -0.0993667248570053 -0.134112184496836 -0.038481052914587
0.0422119341080096 -0.130223939684537 -0.128161706833948 0.0237979606227345
-0.0297047288902628 -0.127322043467924 -0.0939559640377749 0.0527440708180865
-0.0782250629788568 -0.0943315895836238 -0.0602184504941624 0.0688445164767774
-0.0954880226433128 -0.059589320197895 -0.0290820848548215 0.0503450759238087
-0.10516475914771 -0.0496359057598327 -0.0102162539286023 0.0132534685286881
-0.10518764194349 -0.0535090758924494 -0.0153821971810477 -0.0254755898344028
-0.113593225741573 -0.069731871932112 -0.00166377740181711 -0.0701708442464822
-0.101647567560846 -0.116982947150641 0.0341640111831216 -0.0978661327624642
-0.0403101457061183 -0.1518808267617 0.0889909657415307 -0.0738002581682401
0.0484790436392838 -0.167848193217117 0.111141412344919 -0.00155331805482514
0.138924924882533 -0.126362336473331 0.0728398198404644 0.0510866731765644
0.171508789356579 -0.0568061119074474 -0.00093376305791865 0.0277706491715365
0.152990872247077 0.00578027101816381 -0.116536033884633 0.00293353199104507
0.146695775575838 -0.0478230851657836 -0.129266770011877 -0.0325905423239922
0.110966043597357 -0.100232693292993 -0.140721869461332 -0.0334713765221056
0.0324833889425608 -0.127160780381011 -0.119624596484106 0.00223919896498814
-0.0331882220739696 -0.11687653216726 -0.105758781680094 0.0149196905053175
-0.0730927629163407 -0.0859799230261335 -0.0888669022096578 0.0374926162374034
-0.0870102478853849 -0.0552691477938753 -0.0648327186072031 0.0265234991911866
-0.0905618123359322 -0.0493952792478307 -0.04841215890618 -0.00644600427775276
-0.0872311010448057 -0.0562683029266801 -0.0503199529835432 -0.0438498261661465
-0.0892814606369817 -0.0726874030092808 -0.0278228163998989 -0.0880261143684991
-0.0703151041056071 -0.11226188678417 0.0168709291330226 -0.116061281985721
-0.0114163709344176 -0.134678919555411 0.0830772645084022 -0.0853400616422968
0.0683585200364115 -0.134952400031248 0.0985363864875238 0.00186147582046176
0.140220941179248 -0.0877812894166363 0.0453060028593232 0.0600762701684333
0.153910022715045 -0.0274051276562171 -0.0557966227540718 0.0308414716270739
0.106955510417833 0.0121614070038806 -0.16416074465908 0.0155308955723543
0.109914469873337 -0.0304866566047493 -0.149368072072637 -0.0102253745600314
0.0814883662795112 -0.076259269516213 -0.136285504110761 -0.0232308649846548
0.0192061788106954 -0.0933352296022355 -0.10814856276259 -0.0151688947670009
-0.0249249475127215 -0.0818450082581416 -0.116057097168894 -0.0129306144669993
-0.0527690586232913 -0.0623640598224934 -0.111208795620279 0.0137361114951164
-0.0630520548164803 -0.0424504506795268 -0.0945361001507966 0.00740663029980181
-0.0620605855203182 -0.0408042578769891 -0.0785569104402301 -0.0244184351549454
-0.0580090538299919 -0.0491256166997684 -0.0741474527376321 -0.0640619608798946
-0.0553085400759106 -0.0620566403531494 -0.0393629332333107 -0.106914906783273
-0.0319996414456367 -0.0895995095075939 0.0146495310323459 -0.128916631568274
0.01544952009666 -0.0991398519967713 0.0841026892001067 -0.0892755273718074
0.0762120256985598 -0.085722316299153 0.0851705510866585 0.00192462170621829
0.12114352985008 -0.0392270362921289 0.019183865793332 0.0550994984289919
0.11328400221396 0.00513325166064865 -0.0968376240096508 0.0208508587476874
0.045006796571684 0.0231551118558188 -0.185009439784534 0.0296751463106842
0.0578973376759363 -0.0016918371302174 -0.15101763300913 0.00842323148842311
0.0430099345113228 -0.0340796463632265 -0.126566283720582 -0.0154810790621516
0.010194805868432 -0.040993052854445 -0.10177720197578 -0.0250131709726003
-0.00590161260456564 -0.0341491491232712 -0.1218507956194 -0.0236095325896709
-0.0186051855658245 -0.032168039542498 -0.122391693559975 0.0037738030423345
-0.027379544899095 -0.0255124222375679 -0.111448697718635 -0.0045910844127937
-0.0247214466327212 -0.0260803205265747 -0.0960483108265388 -0.03854925672497
-0.0236408518796126 -0.0322018065578598 -0.0836375004336835 -0.0808463296441449
-0.0199436664770875 -0.0393410936959055 -0.0376515064267942 -0.121592242488199
-0.00240778010941403 -0.0538376700539291 0.0232169093069048 -0.135209183017489
0.02559339295126 -0.0564529638254901 0.0888812048935877 -0.0875066381032956
0.0642035912555457 -0.0384771242350132 0.076122518516987 -0.0016725000137563
0.0815494567719462 0.00226791663178055 0.00222999557249308 0.0406837344608718
0.0578904968023195 0.0279913428253248 -0.118631091032483 0.00305552432229343
0.00879567987856252 -0.0289923237287907 0.12814723718304 0.00758700962882116
-0.0269261846449693 -0.0155833120647027 0.0237874888106369 -0.0473368021808027
-0.0284276957745421 0.00633337827381745 -0.0729041923649376 -0.0143375498004597
-0.00764189673093872 0.0136082740328675 -0.110608946963797 0.0652469132099552
-0.00350719444634392 0.00538334956221071 -0.0498144110077879 0.134982858945972
-0.00799242868018682 0.00593661227645003 0.0236306716237507 0.134828698450733
-0.0112532608177778 0.00893438778631969 0.0704014873095715 0.100587937366005
-0.0186928050933942 0.00940113998286872 0.102758290925065 0.0510704888975665
-0.0199328810454035 0.00612981712999861 0.10985264559197 0.0140177537472786
-0.0230890220167911 -0.000540540551996713 0.120189670066077 -0.00470967194375612
-0.0226206670708883 -0.0115081951408905 0.120901402351015 0.0120776581527253
-0.0111365120634633 -0.0152493887649023 0.108564176857782 0.029984415944661
-0.0127944257003728 -0.0225409260495429 0.121447791331949 0.0241894834104418
-0.00341716083100366 -0.0353237607138434 0.146053462090923 0.0105484225001277
0.0261224305546838 -0.0336760302117756 0.181227641554524 -0.027932247428957
0.0681565255067856 -0.0218169797515403 0.110173144332789 0.0113573545933716
0.0262142860854634 -0.0260073819527174 0.0137239523714716 -0.0440143222208278
0.0108477780493281 -0.0169868122614769 -0.0787522621772198 -0.0192191006135054
0.0113176888608197 -0.0205880037555938 -0.11706205539962 0.0580574538321087
-0.00672152659064471 -0.0336869833506346 -0.0629092754514199 0.126340237929235
-0.0285242698085018 -0.0272036345347064 0.00692022975643178 0.132146269945581
-0.0412174219206249 -0.0155262388019761 0.0558252614352013 0.100769013048724
-0.0554722081786884 -0.0107005498440583 0.0895894312401357 0.0514659312708192
-0.0584810326320231 -0.0141022521164858 0.0933046323890386 0.0104227886325933
-0.064247627621992 -0.027050575643677 0.102979278328315 -0.0190344036007241
-0.0574072978454606 -0.056126861295385 0.112560114799039 -0.0136241282949967
-0.0211928782336443 -0.0743301217868358 0.111146748070622 0.00757855033467292
0.0134749331419365 -0.0821453488360336 0.122539229265297 0.0174739118232685
0.0524895218780507 -0.077999073225953 0.132110837456394 0.0123927735222909
0.0891513037422131 -0.0528199457441826 0.154406359887308 -0.0182213891501398
0.12027540120587 -0.00967243709733642 0.072616901949311 0.00757893673304898
0.082232100406513 -0.0317979601173929 -0.00942894803051577 -0.0489804209307941
0.0571862409991739 -0.0423459695983147 -0.0944315503829894 -0.0301089089946845
0.0309894936520951 -0.0593404245632797 -0.124169118831931 0.0487988183249969
-0.00948324602044066 -0.0728274583672331 -0.0734444001634757 0.109912733882706
-0.0473713282928678 -0.0596229077962889 -0.0127307698488023 0.119790971564642
-0.0668825696080547 -0.0380332255520214 0.0339171717665561 0.0916382502126578
-0.0840803471622207 -0.0292900319287714 0.0639813471624527 0.0446131305667343
-0.0884536351417472 -0.0317511267820801 0.0636210952778957 0.00230719270037475
-0.0967433581429853 -0.0466324187809637 0.0731706602845262 -0.0358743077068809
-0.090288760193244 -0.0883673192113737 0.0923242190356796 -0.0434925017982016
-0.038240539427946 -0.11876163004339 0.107881789743147 -0.01989833816678
0.0267043641131008 -0.133555674330904 0.122433227492478 0.00976663214713431
0.0947285261533808 -0.113545609938083 0.115009955883026 0.0220538312256224
0.137747482989459 -0.0658144418009423 0.111183607842727 -0.0027493634682471
0.156294081135895 0.00110909327511937 0.0166984381317195 -3.21591577175199E-05
0.129362449832212 -0.0387104913214402 -0.0439394394691183 -0.054829201637264
0.0971471552471018 -0.0703437115623961 -0.113441684197912 -0.0404084383690997
0.0443377070771822 -0.0997182694666388 -0.129185722145358 0.0347899083498949
-0.0161223760808288 -0.107590528703721 -0.0843631675684467 0.0827833318906769
-0.0634587371175606 -0.0840731940626106 -0.0347513544637398 0.0967636828425904
-0.0850524375900787 -0.0546547710349727 0.00444050219282595 0.0728643774562482
-0.10045492864042 -0.043437689282251 0.0286394856142683 0.0316421150269571
-0.102722821749055 -0.0461934266864677 0.025321306732217 -0.00980622895705185
-0.113229841582917 -0.0620704875172921 0.0356695633821067 -0.0514998883677813
-0.104727878768021 -0.108527971701008 0.0633065404475836 -0.0711237259489537
-0.0459925980989537 -0.145130344300136 0.0998526679964413 -0.0466932622332382
0.0372618765141365 -0.162622749421777 0.118761303667371 0.00451349829664598
0.123968795666622 -0.129451154542209 0.0947661168938947 0.0385453364281641
0.165424321261311 -0.0653603820595857 0.0571533985209633 0.0152573050766313
0.167504499102613 0.00830850477970255 -0.0488564707651014 -0.00475044486115499
0.152403263969096 -0.0431525356729829 -0.0857975401407944 -0.0515319830721511
0.11727464371172 -0.0919155859114085 -0.129797920465499 -0.043923063607656
0.0455226712915745 -0.124993983799779 -0.126321270598915 0.0153484695376729
-0.0244539773564402 -0.124017679543008 -0.0946881317789977 0.0472068344609632
-0.0725102126406981 -0.09419589393291 -0.0612844286878845 0.065395837189388
-0.091249305348753 -0.061287494195232 -0.0298894304898319 0.0483250304784521
-0.100924089821612 -0.0517974029459456 -0.0108280079230591 0.0126689766803359
-0.101165429234361 -0.0557668369972962 -0.0137464412615663 -0.0249998685454648
-0.109149165704399 -0.0715775680203251 0.000801574965763627 -0.0682869566608281
-0.0957936337782936 -0.11744294777268 0.036188351667938 -0.0941336240340893
-0.0341993406827102 -0.14934455448331 0.0899563620942092 -0.0675920552002368
0.0534747548284264 -0.160369366245389 0.109757833317977 0.00411042467023547
0.139594218952702 -0.117553869163466 0.0693930013530276 0.0541043066592706
0.170433469388344 -0.0480822981558181 -0.0012896125310923 0.027478029795046
0.148805392641943 0.0118796640346097 -0.112525582219819 -0.00163777848490774
0.144067891179488 -0.0399658835068592 -0.123356401434555 -0.0364328817974281
0.110696395596989 -0.0925143340786891 -0.135622673889305 -0.0386853519514336
0.0358415157663189 -0.122563685825684 -0.11701980360761 -0.00415291204870135
-0.0279607714610246 -0.114220924432754 -0.105236409905776 0.00990960440200227
-0.0686100356274843 -0.08567771136287 -0.0876807254135426 0.0335984489639321
-0.083112246747607 -0.0560713491362226 -0.0642590989406642 0.0236403791556117
-0.0861897596411036 -0.0510296757131521 -0.0477769114634383 -0.00787953409115981
-0.0837979839620341 -0.0577580082145676 -0.047649509400605 -0.0444387685712462
-0.0851144959513752 -0.0732003720305525 -0.0245385604364936 -0.0865172203760725
-0.0651636911401647 -0.110960318611333 0.0205645124412444 -0.112636076836522
-0.00669499483878744 -0.130921847704194 0.0845093646944136 -0.0786895282114169
0.0714233707304804 -0.127934757144504 0.097430599245405 0.00613271986685369
0.140181582904968 -0.0799310136978328 0.0421034590313035 0.061268421388992
0.151734381741613 -0.019014838673477 -0.0553274240598296 0.0283408351329698
0.103608420393005 0.0165108986680377 -0.159854247909079 0.00803357050949534
0.108342276222169 -0.0251978585047362 -0.144786149781225 -0.0159945390744415
0.0813900296377969 -0.0707709337271727 -0.131750287815526 -0.0299248030261304
0.022067223918486 -0.0898416584947634 -0.105222951905123 -0.0214940571540827
-0.0218204661213007 -0.0804521130463049 -0.113976355843983 -0.0169834337979895
-0.0493541658930524 -0.0618955878708103 -0.108320325942858 0.0097511215145448
-0.0601266632299123 -0.042974998121636 -0.0931828214399295 0.00344638384542107
-0.058674106063662 -0.0422785752456583 -0.0764890217378499 -0.0270718617641649
-0.0549218923229612 -0.0499633841617708 -0.0698059983789965 -0.0646663209530957
-0.0511943348570493 -0.0625443427538236 -0.0346919378880296 -0.105087092111388
-0.0284120945881165 -0.0882229102385434 0.0190767966818012 -0.125159610287916
0.0185143529353351 -0.0950148366288756 0.085200184074971 -0.0831116246238153
0.0775764268635712 -0.0794391288176422 0.0844455029975348 0.00653200195087641
0.118928654928279 -0.0335456836522336 0.0167123363900892 0.0549737139327048
0.11096515642999 0.00974414242145365 -0.0950384756570967 0.0161726232741035
0.0428160871710741 0.0245570587478096 -0.181471974617332 0.0209400935904844
0.056352272828614 0.000561185633130155 -0.146693588779626 0.00120882458785849
0.0420237329739273 -0.0314240947342671 -0.123112836270875 -0.0214862366262158
0.0117927055322276 -0.0386828609306051 -0.0986519664567984 -0.0300556837346313
-0.00475579545598826 -0.0331787650746829 -0.119193551191259 -0.0270748906064777
-0.0173970861363094 -0.0316709970738649 -0.11911162237004 -0.00129156175325105
-0.0254908423441918 -0.0252835813762364 -0.108885590797939 -0.00804296317931823
-0.0228305892851588 -0.0266942426173655 -0.0928108834910063 -0.0404244395260219
-0.0223752362766908 -0.0320874746286855 -0.0786753753720824 -0.0810696856458472
-0.0176022475851996 -0.0388489800766605 -0.0324308286601798 -0.119472606869259
-0.000734834786862309 -0.05272489025042 0.0275776194285065 -0.131110390700471
0.0266294828903024 -0.0539219292338454 0.0901241744141133 -0.0810381639402077
0.0637799385823059 -0.0344592724767506 0.07559927252125 0.00316674789918827
0.0789078393622062 0.005559196451962 0.00144489311647895 0.0397793055295067
0.0552229442043284 0.0290824517899454 -0.114618342465413 -0.00197006373270164
0.0103661226789671 -0.0295002603420783 0.130063604536955 0.0134238074024646
-0.0266390848811979 -0.0164723609060316 0.0261446096144529 -0.0479123425954818
-0.0291749021924985 0.00528092743178594 -0.0734867556857897 -0.018132009252386
-0.00809940330685363 0.0130708650887171 -0.116096079699006 0.0604159103803774
-0.00401695108302676 0.005053838049983 -0.0561004904529423 0.134280864862577
-0.00866663210267289 0.00575930495899937 0.0189198798255348 0.137894463229387
-0.0114784278031761 0.00882939332521894 0.0665854361147157 0.104620310834413
-0.0192714720613663 0.00870717636182979 0.102661341100055 0.0552032747406253
-0.0215885307138469 0.00502640910544954 0.110461547975888 0.01902058670447
-0.0241991681862071 -0.00178023833828893 0.121518248883448 0.000201463707072789
-0.0225591513185121 -0.0125061084081218 0.122761066253183 0.0168538007949609
-0.0101327924640445 -0.0167085392081057 0.109661066464563 0.0353542392255099
-0.0117843923176884 -0.0232102437876477 0.122193332314332 0.030317807146967
-0.001949037478853 -0.0352642064140313 0.147357004768126 0.0178534214175053
0.0286475726674653 -0.033363397610321 0.184732619383989 -0.0182865881422722
0.0701408623373588 -0.0194455823111415 0.111456970940233 0.0166695639906695
0.0272236020178405 -0.0246305576463381 0.0165388771045297 -0.0441096148827501
0.0117193753440138 -0.0163424612601335 -0.0796347879895805 -0.0242758716470261
0.0116582742557429 -0.0205098407592231 -0.121862588166343 0.0530621259475864
-0.00577439550244686 -0.0341274781075728 -0.0686536314038653 0.124415742491156
-0.0284235235222327 -0.0282664131949376 0.00155610855357275 0.134583621097108
-0.0414587205412064 -0.0164606269549175 0.0528381189834537 0.104578797255142
-0.0561688754497638 -0.0128547637051346 0.0895807291527285 0.0557923119022408
-0.0599086049550237 -0.0166948978465419 0.0944825226287158 0.0142235655901322
-0.0651398128094212 -0.0301500364729195 0.105470043579349 -0.0148919355291738
-0.0571973394201282 -0.0588062363219977 0.115249433169918 -0.00931639953902091
-0.0187732072803789 -0.0764009329189614 0.113123699829673 0.0138910472216163
0.0165392842020125 -0.0825407833433074 0.123884216392307 0.0237460573171152
0.0562283948426993 -0.0763770565952135 0.13344812273578 0.020151221211674
0.0933700513739209 -0.0503167831163639 0.157491283639154 -0.010131656424676
0.122799566123199 -0.0049492943553482 0.0743352010577671 0.0108481073618973
0.0841768398233354 -0.0281230258102208 -0.00594848708011926 -0.0501533245141641
0.0582790638406724 -0.0397745498895594 -0.0952445606096318 -0.0356859512540782
0.0336042559312771 -0.0589439658221331 -0.129027541591941 0.043192006816886
-0.00688913837409286 -0.074275972388886 -0.0792353366337048 0.107640079719041
-0.0458169559815009 -0.061648192500232 -0.0167749874146679 0.120661845610556
-0.0666474140547832 -0.0407580370602876 0.0308450945120364 0.0941946876988529
-0.0840647756423216 -0.0322788927106105 0.0626462830840097 0.0477427229586364
-0.0893478975804552 -0.0353309132725698 0.064957171361032 0.00493951894559889
-0.0972657129972484 -0.0515179621369524 0.0754733824211239 -0.032690177587078
-0.0882917861017296 -0.0924861883100655 0.0949121663774855 -0.0408475916599001
-0.0350953780074386 -0.122283509719885 0.111314774647351 -0.0148481562148241
0.0317788092767257 -0.133810221688025 0.124606972579034 0.0158804298478693
0.100382893395496 -0.111175152003803 0.116082123405199 0.0293237392364198
0.142572358212789 -0.0615940572092512 0.113352102648367 0.00318231808372798
0.159209675671567 0.00762489731846556 0.0177390598034068 0.00056479492654005
0.132199421303159 -0.0332488751510051 -0.0404144498205371 -0.0578611521559886
0.100683941094735 -0.0672067768659349 -0.114319296136352 -0.0472104417576305
0.0484849879559836 -0.0991796320674208 -0.132942183306044 0.0286678068864543
-0.0126528973115036 -0.109237116359159 -0.0890712637078913 0.0799827861388419
-0.0615389568716923 -0.0866500513079872 -0.038614887518826 0.0962437379885363
-0.0847771684560992 -0.0576849666399016 0.0014688785006732 0.0741389171958711
-0.100533821893711 -0.0477683328821573 0.0274488723112384 0.0323857154443964
-0.103896638515452 -0.0503793757342735 0.0267697838524615 -0.0081013815539838
-0.113363157906016 -0.0670928515310061 0.038472301369123 -0.0500809014682935
-0.103412061778848 -0.113387149921528 0.066912772123308 -0.0697364357276686
-0.0421406759518768 -0.148453181624975 0.103730275960055 -0.0422964139823325
0.0435265194055763 -0.162946048452008 0.121702810725365 0.0104149534154976
0.130787093224609 -0.127228943534715 0.0952907358336188 0.0445463267855244
0.172012677868739 -0.0588789214522376 0.0577205503660783 0.0186896824058986
0.169978571468737 0.0148197404946718 -0.0488729180380817 -0.00677064777080731
0.156040832891196 -0.0374963889792991 -0.0831590016105554 -0.056239732309752
0.121778202255384 -0.0880545311618473 -0.130580325275635 -0.0513349484485389
0.0503588202972134 -0.12516485288988 -0.129780276180599 0.00897171406614049
-0.0204670855046633 -0.126415362138715 -0.0990701101093434 0.0437405310032565
-0.0707829698330632 -0.097282979224864 -0.0641635048617582 0.0641194050498725
-0.0906814380813921 -0.0646686986732394 -0.0322686198952786 0.0477157388389708
-0.101034120285282 -0.055955493688576 -0.0119648768749348 0.0124685151251991
-0.101517211440891 -0.0599691091102993 -0.0129716042158266 -0.0254721228982541
-0.108476653014083 -0.0765023305220422 0.00327849887777452 -0.0678580773009301
-0.0936490745180618 -0.121287751446245 0.0400952294591294 -0.0941183572377736
-0.0293388184921922 -0.151827760611925 0.0944557206499384 -0.0638223511148455
0.0599765078267006 -0.159996877380541 0.112949898386619 0.0105262645410506
0.146683415224609 -0.114155301874157 0.0693080865847884 0.0591962890344874
0.175599860602663 -0.0413113378234681 -0.00238874404547502 0.0285989809991621
0.150948945589725 0.0184590825803833 -0.1141053252795 -0.0069421990510255
0.147489542973542 -0.0346194969134293 -0.121103039917515 -0.0421276576258114
0.114630949755289 -0.0899955829943317 -0.136607272204703 -0.0461520188692297
0.0411964993511856 -0.122356357029254 -0.119285867971892 -0.0117439476455424
-0.0242767746702988 -0.116281825849722 -0.107721519546312 0.00650124353431908
-0.0671771500885593 -0.0887855935508135 -0.09034912538991 0.0312816374827995
-0.0827632842843787 -0.0594874577740236 -0.06680384967043 0.0214577214817463
-0.0860792486882565 -0.0551683803635609 -0.0490979256160095 -0.00970674954278244
-0.0831959664416587 -0.0615712494851863 -0.0464832674874005 -0.0459842599860617
-0.0838543681692227 -0.0769384721048825 -0.0211458732573994 -0.0880651154526976
-0.0623009069450269 -0.114651153976 0.0243284306501676 -0.113528842471165
-0.00227571492049906 -0.132533468306451 0.0892310376178908 -0.0761451655427143
0.076931177229959 -0.126164947272926 0.10023966553973 0.0118153734397118
0.14507210308593 -0.0758589340696973 0.0402518423874842 0.0643802717088293
0.15534760601697 -0.0129287458039676 -0.0566701764605156 0.0264274990127647
0.104929320155257 0.0208206274201422 -0.162826544231803 0.00103239417629463
0.110105224972779 -0.0211595428175189 -0.144100561175912 -0.0230956421027077
0.0848428535134854 -0.0682015553771344 -0.132406142381659 -0.0360574793408895
0.0260985463283928 -0.0897458428014144 -0.106930022402082 -0.027856338725092
-0.0191752539684229 -0.0818223106753617 -0.116232192046611 -0.022010344266822
-0.0481389520308574 -0.0644531303617665 -0.110920609072458 0.00555995475661644
-0.0595496204300813 -0.0451493480968469 -0.0946993373122721 0.00037351578809266
-0.0582538363253476 -0.0446781757961371 -0.0775698304621467 -0.0292660343753975
-0.0543295894897665 -0.0526617012077501 -0.0684313227162902 -0.0678431716113051
-0.0496035462867935 -0.0648701676786391 -0.0313237839286358 -0.107339847974421
-0.0256978575628532 -0.0898567871332052 0.0233078028735247 -0.125904774206014
0.022352505349318 -0.0950267896190488 0.0900206681237088 -0.0801739256310225
0.081557908557332 -0.0765644064977972 0.0860792598555403 0.0117668838257263
0.121533433449702 -0.029451926141346 0.0152566705813089 0.0574480345530558
0.112159880254885 0.0145288516503153 -0.0962787479987044 0.0129008158643254
0.0422951158160747 0.0266562098135227 -0.185601783264647 0.0124347902169773
0.0568850889673363 0.00341994215535681 -0.147743991370129 -0.00601643456107978
0.0435860618941371 -0.0295684491662755 -0.124261167562802 -0.0275976333430037
0.0132514769775425 -0.0386748476339131 -0.0998585146008496 -0.0360734208388197
-0.0035326711797379 -0.0333292776935836 -0.120723232506798 -0.0323751931948115
-0.0169294222994846 -0.0328648042938228 -0.12112931957346 -0.00586002583041368
-0.0248245746274936 -0.0263670519540313 -0.110268976936781 -0.0127838137298209
-0.0218154654814675 -0.0276449825205248 -0.093604296838447 -0.0438074759726791
-0.020906986307266 -0.0334565288066373 -0.0769259777714695 -0.0842671994029364
-0.0154549111724073 -0.0398335058763503 -0.0276978936610018 -0.121431238945734
0.0012917594458699 -0.0534961216625342 0.0328969768561525 -0.130818986586786
0.0292652962982236 -0.0530870416247393 0.0948886535160728 -0.0778440176180724
0.0656129372374632 -0.031990209255527 0.0774293959359369 0.00728282532333337
0.0795982441306029 0.00909370755199982 0.00014850590338465 0.0411089615815769
0.0544244589049478 0.0320260502186046 -0.116420359816237 -0.00736901963082425
0.0120656423991183 -0.031152916682966 0.136272844995832 0.0164767938909851
-0.0272811235154152 -0.0178953792815596 0.0286094276399965 -0.0511313388059219
-0.0307914095366936 0.00518199456759943 -0.0773536760950984 -0.0212491128293128
-0.00854069338186579 0.0133206833843545 -0.124446602459542 0.0616823335501224
-0.00442504859543605 0.00421183098701828 -0.0615689278168531 0.138919204726969
-0.00908073558380331 0.00582338662480943 0.0175217646673078 0.144259962301014
-0.0124769577585471 0.00894834710433891 0.0690929052149024 0.111447956379146
-0.0203616665560824 0.00882385091946668 0.107459689280215 0.059711950102949
-0.0233573862419941 0.00487170600352358 0.116420525119243 0.0220646966078278
-0.0259821032478601 -0.00251573408895056 0.128002637853845 0.00208040368260836
-0.0236804234420805 -0.0137073796478844 0.129200788430917 0.019307602854089
-0.010085513772015 -0.0178851805982484 0.116448442559301 0.0402996773676646
-0.0119354277197791 -0.0248533619040018 0.128279500612839 0.034119669798014
-0.00163974141736243 -0.0375436665298663 0.153889980501682 0.02244120667664
0.0306571702732751 -0.0348760860127176 0.194503740231705 -0.0150129599022781
0.0744263860909891 -0.0198274043292582 0.117870600944187 0.0197623393260366
0.0294248809043318 -0.0251221956627436 0.0188929824180917 -0.0469888126433508
0.0115378510924673 -0.016341433363349 -0.0836134716131701 -0.0280016300946018
0.0127630576712495 -0.0211660081018572 -0.129983670497809 0.0532665847662752
-0.0055338658668101 -0.0360275620390623 -0.0748342920297592 0.128437835272687
-0.0294393314189501 -0.0295548181473712 -0.000222929449926013 0.141120392817677
-0.0435416146315886 -0.0176231841399121 0.0542751056605307 0.110492310408249
-0.0591530809723724 -0.0134514857188287 0.0929068597613812 0.0591965165598377
-0.0635990665270836 -0.0184916041379389 0.0997134776871995 0.0165444180989882
-0.0690616613789727 -0.0327151255378042 0.110375764475618 -0.0136059291816337
-0.0591012305191721 -0.0621503039860643 0.120904495215409 -0.00861645523201629
-0.0190117848605477 -0.0805471698331235 0.119571567041826 0.0181204886573657
0.0189714882948186 -0.0862240896609955 0.130942858253311 0.0281355076526545
0.0604000362110657 -0.079366646098247 0.140045865207768 0.0249741013354188
0.0998348542787064 -0.0508038723344775 0.165755761831114 -0.00662038400544907
0.129067822389104 -0.00362488663314314 0.0787344787186836 0.0127373660693183
0.0882352013895132 -0.0281065700234163 -0.00392211151711995 -0.053941478850045
0.0613652559577134 -0.0404224523545443 -0.100288302250987 -0.0402140773414472
0.0358493520911355 -0.0612234852123412 -0.137411179288179 0.042017353050473
-0.00654648582006383 -0.0780981410167406 -0.0853454330987918 0.110391650072406
-0.0477184987837373 -0.0640873597242198 -0.0195099640656707 0.126933008361994
-0.0699017638202532 -0.0429228324683259 0.0314278126324838 0.0985872501997832
-0.0891100365282138 -0.0347646651620637 0.0655822957563598 0.0506881780902738
-0.0940281328273394 -0.0380706664530473 0.0681372796041246 0.00634905447166493
-0.102791568431868 -0.0552303092836158 0.0793747817514075 -0.0326522561605189
-0.0920359007089706 -0.0973645074568296 0.0997460539370735 -0.0421794310304244
-0.0353718058173525 -0.128603198012111 0.118134566069609 -0.013133246568208
0.0353429761384212 -0.139625359143777 0.132261388425638 0.0197857168094718
0.107358643681485 -0.11562144302054 0.121972906966112 0.0344140394124731
0.152069044039351 -0.0617806841495961 0.11957411107889 0.00669396238940348
0.167221936746577 0.0101452413467062 0.0200668084836611 0.00142264660905338
0.138721178739957 -0.0328132552379291 -0.0397755577679252 -0.0618402090577091
0.105653190384019 -0.0685237646872398 -0.119668879672297 -0.0525376637347025
0.0515402211812702 -0.102966078633832 -0.141556941934923 0.0261574843767871
-0.0125117755623779 -0.114087926459907 -0.0956443777025244 0.0822324820556556
-0.0637466875558861 -0.0910197333512122 -0.0420431936864376 0.100819836783844
-0.0887316106842374 -0.0618217331796485 0.000798934058770208 0.0773430621539278
-0.105305889507055 -0.05065183570277 0.0279116703137697 0.0345027323356689
-0.109773670166225 -0.0537321476211964 0.0285916655769544 -0.00761607831615728
-0.119437132009292 -0.0710563302175576 0.0407818841145469 -0.0520436700691877
-0.108213989887461 -0.119481300880074 0.0704348324788287 -0.0728550874604204
-0.0425263481387574 -0.156240834398478 0.110344013922085 -0.042370428868511
0.0471192217953142 -0.170182230960023 0.128960832476006 0.0146744295066102
0.139476012828612 -0.132100012071676 0.0997832862027019 0.0501873378826001
0.181952779253242 -0.059173442034735 0.0611593584699188 0.0214956848415427
0.178427758792557 0.0175517844786578 -0.0502476085244905 -0.00789098485227039
0.164040130397561 -0.0362290515429981 -0.0835912714560094 -0.0605624463016437
0.128779820674663 -0.0899554392835704 -0.136228148063714 -0.0568495762662983
0.0543264089827437 -0.130195314250969 -0.137878157293722 0.00561933942158363
-0.0202859774311541 -0.132769526242337 -0.105660412726964 0.0439804451679813
-0.0737758453476585 -0.101806516949984 -0.0678038069327929 0.0665820288213887
-0.095116826994955 -0.0681181440055906 -0.0349232945735389 0.0490882249873573
-0.105843019930411 -0.0591955743274985 -0.0130258697324383 0.0131814374135702
-0.106543619299083 -0.0636699529851234 -0.0134640840809087 -0.0262456602799573
-0.113177654384059 -0.0814825843798296 0.00376377889975438 -0.0712558056657198
-0.0978064336285504 -0.127358150120951 0.0424457342465768 -0.0984777175009634
-0.029435816092035 -0.159161098583306 0.10073627835986 -0.0638804051155527
0.0649499061304911 -0.166553183453596 0.120037238184558 0.0138520794488887
0.155549454239128 -0.117888881596655 0.0733190910671878 0.0641916752007389
0.18610473679965 -0.0402964110255637 -0.00256823066015365 0.030274466344044
0.158244408325155 0.0214145662434992 -0.118675243152452 -0.00894040815788888
0.155216126073673 -0.0331231932994424 -0.124377849801233 -0.047083609516349
0.121431876686283 -0.0917745234226195 -0.142868624792504 -0.0513389939540932
0.0445613204268137 -0.127553635983009 -0.126112864579362 -0.0155448865900831
-0.0245584548853052 -0.122373224603805 -0.115255845165992 0.00517319129756718
-0.069809656856576 -0.0931861344184265 -0.094992413752155 0.031397394654079
-0.0859654841771338 -0.0627502623906009 -0.0701656379820334 0.0210028200472073
-0.0899935342247051 -0.0581287139496146 -0.052102947455638 -0.0101318491693346
-0.0875692655141114 -0.0652880644164581 -0.0489589184523047 -0.048850528360124
-0.0875325274130956 -0.081643395942945 -0.0221462710053205 -0.0926740629799268
-0.0648616891830274 -0.119716226992281 0.0267462429216269 -0.118613677648713
-0.000668814169539862 -0.138736792975503 0.0953518256370786 -0.0773432280272993
0.0822859690876155 -0.130152932192714 0.106202518772253 0.0156849584794776
0.153224669968159 -0.0779048358836303 0.042830659255809 0.069737017105167
0.164416021363604 -0.0111415689831604 -0.0596611991018769 0.0272443313192118
0.109967166998907 0.0234379605614844 -0.17116127647915 -0.00221933945652139
0.116020707044963 -0.019971902266166 -0.149592755534105 -0.0274899119460236
0.0895188957658603 -0.0696624835114869 -0.139025580944251 -0.0410952919621201
0.0280532176886854 -0.0936980390917129 -0.113324869334017 -0.0329604588987763
-0.0192997801239703 -0.0858945690338537 -0.12257971240098 -0.0241707456348077
-0.0500554520847447 -0.0679245591136387 -0.116387743946853 0.00504639538840812
-0.0619211263002 -0.0478452388662488 -0.0994496494310146 -0.000996468564150744
-0.0609128897580601 -0.0475399155470057 -0.0817274167572237 -0.0310240432189334
-0.0567679549785521 -0.0557190111654663 -0.0718554964128203 -0.0713872561032492
-0.0508170278352109 -0.0686490301147154 -0.0316914738171787 -0.112861573034054
-0.0259473528917382 -0.0942964435177785 0.0261772836925486 -0.132434780169465
0.0251001561638808 -0.0994313505207148 0.0959686240561427 -0.0818110152199164
0.0863817918017301 -0.0786491749470631 0.0924376011852547 0.0144933641036207
0.12806390475386 -0.0285349525037014 0.0162272681385292 0.0608979791094887
0.117806593054998 0.0168026602394773 -0.101401111234923 0.0123452695456816
0.0435371407118666 0.0278906503270545 -0.195793890995731 0.00958611066787479
0.0602609002316245 0.00450134417635549 -0.154502239303083 -0.00991375955331643
0.0459946617973705 -0.0299559075421749 -0.129863387673178 -0.0319537363959338
0.0140471751404127 -0.0399488648184703 -0.106182101070129 -0.0416386599088418
-0.00297639503804837 -0.0352595408026908 -0.127481764748255 -0.0351002695059312
-0.0174360920027907 -0.0344342324704707 -0.127693462901863 -0.00778634641615004
-0.0254614081580375 -0.0275897444385258 -0.116323795116605 -0.0148360052000182
-0.0227447436360442 -0.0297497098983146 -0.098568589662026 -0.0467029523895342
-0.0217211986134348 -0.0353546770020542 -0.0806201008854378 -0.0894619394164483
-0.0158485881964432 -0.0419304373427226 -0.0278772372392037 -0.127877441951252
0.00198580448332023 -0.0558502824252875 0.0361867438623598 -0.137143042206994
0.0317108752234723 -0.0547138053191035 0.100790196880843 -0.0794752523523015
0.0690007492051547 -0.0319249257429423 0.0820557601150181 0.0107099002604774
0.0831558738928369 0.0105370091402671 0.000570731735866425 0.0436988928276024
0.057067157215411 0.0343897289461644 -0.121929746560884 -0.00963420824930239
0.00664694440789627 -0.0345508587030532 0.149297014658681 -0.00226253536299254
-0.030567490972343 -0.0149906319096546 0.0235374541482594 -0.0598543898821306
-0.0307702832768815 0.0101662916771003 -0.0847826889038412 -0.0130869541714487
-0.00741874253991693 0.0131779406901847 -0.120641632321454 0.085148015738129
-0.0063543045009163 0.00388939760016701 -0.0424192180047353 0.155682631780657
-0.00973738751406177 0.00667142488448895 0.041445260622185 0.148922812843416
-0.0120762408166694 0.0111530677084834 0.0931147311070587 0.106386071947169
-0.0207628090381572 0.0134687744468047 0.122124364650627 0.0465162422678349
-0.0237350678625208 0.0102806175711315 0.126589772341239 0.00569291886362843
-0.0281898535609126 0.0027494993592283 0.134600335903081 -0.0162475568582748
-0.0270311914152149 -0.00935939356064077 0.139574657770871 0.0018364775118284
-0.0140751796868596 -0.0178248554403169 0.129476498444612 0.0271109206399465
-0.0164027382309687 -0.023411274033486 0.140421137018402 0.0183611884483326
-0.00799453462488765 -0.0387759234726295 0.164331136382483 0.00283218111573731
0.0253691279763085 -0.0418900623041542 0.203417223943954 -0.0417345981918871
0.0754088580120087 -0.0331150065586992 0.12523061730206 0.00721316499673992
0.0277121242906677 -0.0298823945953364 0.0123908914712044 -0.0516536011786332
0.0109130916871198 -0.0187844900970505 -0.0946565110913359 -0.0166002058009448
0.0104101048752256 -0.025671724965474 -0.128855217951468 0.078587045559868
-0.0132268104843701 -0.038283189934216 -0.0571772268537509 0.148609726068766
-0.0355922391115917 -0.0275471369024836 0.0231559543913999 0.149501866120335
-0.0487237373989685 -0.0124965874120268 0.0769073964501815 0.109688226925791
-0.0645037584916954 -0.00474184534894229 0.106966622835286 0.0478970614881336
-0.0694407845080562 -0.00827097126209603 0.108185454338936 0.00314178840704425
-0.0768839576419912 -0.0224670847005896 0.113499569231156 -0.0302118386682826
-0.0714360743156225 -0.0540861576083509 0.126652037760071 -0.0253262513025577
-0.0319935436109338 -0.0815072217799565 0.129545848712431 0.00325893986688601
0.00600364775063847 -0.0922702588271019 0.14091082848665 0.0115052417283989
0.0501465629957306 -0.0910638504905236 0.149047129788419 0.00563497224818901
0.0945341963863766 -0.0683265290845705 0.175365449926857 -0.0298329099949713
0.136940939809857 -0.0253273729151928 0.0785642417530475 0.00895069481568792
0.090132265473693 -0.0418551338951569 -0.0144970391780757 -0.0543299662891621
0.0594274033230522 -0.0510614231757213 -0.115303609360773 -0.0243228395825984
0.0292024459779002 -0.0704269867875919 -0.139346144215275 0.0701243640606505
-0.0197652198258713 -0.0815801600605876 -0.0712550260217297 0.133461351308539
-0.0598254608570009 -0.0609460179101949 0.00222572262659892 0.139076103739303
-0.0797030122779096 -0.0350976414146806 0.0512715244310844 0.102392213182804
-0.0988530899227465 -0.0225335117640725 0.0767613929767152 0.042836784387418
-0.105026639859217 -0.0241656859049772 0.0737823566306128 -0.00253843583671498
-0.115971442666908 -0.0413608299756246 0.0776602465168613 -0.0447843306802709
-0.111246340456383 -0.0855130170234783 0.099238622451794 -0.0568048536368831
-0.0560759671859386 -0.12899585096161 0.123074375067052 -0.0273715814084958
0.0139481998653375 -0.150071664063423 0.140961910814267 0.00264975310199261
0.093290127513459 -0.13529167603389 0.1312257669704 0.0168751612016874
0.148296271567004 -0.0861513757574965 0.128898101152501 -0.00966360632974381
0.180256088126934 -0.017516667780704 0.0109238229371254 0.00761357498211516
0.143003046134531 -0.0538061919898535 -0.0546880866101033 -0.0551081909392081
0.102652863367079 -0.0876727318338494 -0.14010874780258 -0.0312096477774317
0.0407549457092005 -0.117085632354005 -0.146799687139192 0.056119582990676
-0.0301108299707564 -0.11859732466198 -0.086685747362441 0.106983182839933
-0.0811374309028722 -0.0859478259449103 -0.0241098806585343 0.117050651293294
-0.101744060879846 -0.051679490541082 0.0158321259618705 0.0845355768832486
-0.118814049910163 -0.0372391866784924 0.0356050706285016 0.0319397541882481
-0.123575876559359 -0.0383842532292644 0.02908770799351 -0.0122072022774557
-0.13503962183556 -0.0554006747304148 0.0341749993947782 -0.0587916730169737
-0.129706234611543 -0.105533092046495 0.0637852186052308 -0.0845371559767168
-0.0670890468143092 -0.155767142480958 0.11001534377108 -0.0570921358212246
0.0224034500790399 -0.182958892278252 0.136645117235241 -0.00267222062715622
0.123513012170439 -0.157264868816674 0.110007538135641 0.0357850879966937
0.180238533279842 -0.0879593940700935 0.0695545950361493 0.0134215293467727
0.19430234056543 -0.0117953396789157 -0.0665585194977106 0.00933855483609771
0.170030539897134 -0.0617877618743283 -0.10194655309797 -0.0463033076615578
0.123985070770841 -0.113266121963643 -0.157866117031251 -0.0309373340007456
0.0395136343315967 -0.145815596478734 -0.146446910594768 0.0343453028031078
-0.0406521255836565 -0.13685786751797 -0.103297869216319 0.0700270682092802
-0.0920084989557696 -0.0958144277189676 -0.0564363078159212 0.0852345896470809
-0.109294818608688 -0.0584475345488552 -0.0265209438990667 0.0621015591337723
-0.119769798886118 -0.0459490196077199 -0.0111007705138995 0.016075190255657
-0.121917256031416 -0.0497729884692007 -0.0184900513026241 -0.0247647377408752
-0.130146092904372 -0.066532651909342 -0.00764489472573897 -0.0736621278126064
-0.120199097796842 -0.115465118663887 0.0301034524242098 -0.107829663822277
-0.054190959186631 -0.160985167652638 0.0963588594418641 -0.0793573687828539
0.0406762868466963 -0.181684665411396 0.127031285350819 -0.00230634565120203
0.142910768664399 -0.144907844486128 0.0839682638847959 0.0538145766956618
0.186972175785823 -0.068905145859189 0.00327131642865119 0.0321577039894245
0.174003841241855 -0.00465468733841383 -0.138967132638464 0.017403941302362
0.161000781907413 -0.0581494108278266 -0.142560496590866 -0.0261438689361472
0.115781073447508 -0.114400067264487 -0.164355306209723 -0.0241186297140389
0.0300263971151096 -0.14090288863043 -0.138176684647543 0.0105561121025317
-0.0423616696933692 -0.125587857310358 -0.119695697789251 0.0308297109807374
-0.0868987063735696 -0.0873944513827289 -0.0912749342499642 0.052639845808053
-0.0992594770970202 -0.0534782314750603 -0.0705873779060595 0.0379103975628852
-0.103028591600639 -0.0479876714386814 -0.0561799172311582 -0.00209478045300389
-0.101784061421789 -0.0541343665671274 -0.0586980227360806 -0.042670949479128
-0.102437626206811 -0.0712459779159597 -0.0375217060181634 -0.0917176608030604
-0.0848064523725764 -0.112083399970179 0.0101458977443326 -0.126528265091667
-0.0212472691301334 -0.143135226024102 0.0878157856738023 -0.0928540599049987
0.0643855510104917 -0.147169456865445 0.113770463431929 0.000952170443726399
0.146212114990626 -0.103372743667332 0.0544717572841263 0.0641097055256907
0.167887153820208 -0.0353649996461305 -0.058083239758783 0.0367566391813494
0.123139160106933 0.00515912354271843 -0.190728012891171 0.0306452148244072
0.121431187888149 -0.0381629024305481 -0.165368415182048 -0.0029248167013693
0.0850468036413684 -0.0865878362203516 -0.15699531115571 -0.0159892769477042
0.0180608770667536 -0.10280630466459 -0.127593225739674 -0.0114524757978267
-0.0308116705721816 -0.0883714385866666 -0.133274412519097 -0.00016109000839657
-0.0622557371552343 -0.0638497144088773 -0.119554513899554 0.0261554225586033
-0.0711945397939713 -0.0411799366024887 -0.10599482015747 0.0178358091136096
-0.0700918531567972 -0.0415206562882803 -0.0904524046641163 -0.0194642951317062
-0.0676049409995994 -0.0491384719970601 -0.0865120141354659 -0.0624401817709312
-0.0617041140938282 -0.0637927701564657 -0.0510901963540267 -0.112219846238518
-0.0401443068779129 -0.0920575732359156 0.00691809993282534 -0.141541547615011
0.0113560633487698 -0.10579427010255 0.0878967522351153 -0.0988047153191396
0.0773680401816511 -0.0936109920440461 0.0985240485048177 0.00193562024429448
0.128157368389954 -0.0488471303088661 0.0262628485558081 0.0590266454247173
0.125344038464869 0.000267310075804415 -0.104605966212885 0.0273552424822468
0.0527774364994051 0.0211283263247452 -0.21112315415217 0.0420641118556402
0.0654251689384603 -0.00453319825064902 -0.166208705667215 0.0129789229457338
0.0455158137164417 -0.0378640707384161 -0.144689829529246 -0.0107710612149133
0.01092117673511 -0.0442262589964372 -0.12030705488378 -0.0249033351018877
-0.0066354005214434 -0.0371894084052764 -0.140077718940721 -0.0135407890515334
-0.0234411976845843 -0.0335269858047014 -0.134513535270862 0.0126110240281442
-0.0302765680376804 -0.0256874303004271 -0.126306153636155 0.00562985252029315
-0.0270240881146656 -0.0285327077927149 -0.110620289597267 -0.0329976328582193
-0.0267637464119492 -0.0339050568912137 -0.0985580967320024 -0.0805311969332125
-0.0207516026843808 -0.0411870977513544 -0.0492114095948164 -0.129555976336296
-0.00519464291241893 -0.0566970743645711 0.0181942257509229 -0.148568777356935
0.0249502792858982 -0.0602553165965942 0.0943316411103227 -0.0976419890102137
0.0664692601155699 -0.0431289020753108 0.087767734747622 -0.000600094167074255
0.0873100982839123 -0.00179256090977282 0.00770207442401478 0.044293023673008
0.06376579996011 0.027308380249983 -0.129422522292759 0.00805890706638246
0.00439645534085753 -0.0370295429095978 0.153341009955512 -0.0136091727843518
-0.0320936255196893 -0.0128841817621187 0.0186903712682504 -0.0633070344452952
-0.030183422257692 0.0123647653273518 -0.088862651379814 -0.00765151325807003
-0.00663818809308544 0.0139458312412859 -0.117921979513424 0.0965489166480205
-0.00675166965891313 0.00427475139223926 -0.0308664049718618 0.161869354215401
-0.00968871618119093 0.00801561646919171 0.0547659612555567 0.148253235821185
-0.0114125227347399 0.0122960289643832 0.104148882259166 0.10167837389473
-0.0200727674651116 0.0152434673623063 0.128863770857084 0.0368323311172339
-0.0238645209368289 0.0123576055043477 0.131144065778551 -0.00456082815207642
-0.029251455284384 0.00510749270517459 0.136399559991465 -0.0268572385946657
-0.0288010731615435 -0.00749772157867705 0.143450457897829 -0.00811394362730618
-0.0157260516326875 -0.0176983866947878 0.1358364577346 0.0182743604007921
-0.0180854746391412 -0.022773922275044 0.145199647248965 0.00863191576602974
-0.0108005847740457 -0.0388328870282145 0.168838986018552 -0.00827940800072281
0.0236600970525909 -0.0455214907335462 0.205500003192992 -0.0569549922025195
0.0744219818512983 -0.0405328611939031 0.130098459254056 -0.00274427612508432
0.0260251569398362 -0.0333259030490319 0.00895743282743455 -0.0544139520907169
0.0100011081335681 -0.0193459899756334 -0.0990010936743152 -0.0101464485935944
0.0084443302228905 -0.0267326637368429 -0.1268289730811 0.0901680216947369
-0.0166281086564886 -0.0380663737141531 -0.0477163247238495 0.155456429237524
-0.0388044921438071 -0.0248037389195218 0.0360944328972107 0.150573643520335
-0.0505544835472054 -0.00848825525013777 0.0881871598983268 0.105618052939229
-0.0660071568655059 0.000444923695698155 0.113601941595554 0.0404650334698313
-0.0730510969062404 -0.00216983500427294 0.112114820892401 -0.00549085467953276
-0.0815781411360854 -0.0162642366830838 0.113775872071062 -0.0390508459170362
-0.0777747599322937 -0.049189537920461 0.127716232271416 -0.0357747708591533
-0.0394821303660772 -0.080641301798182 0.13373630221086 -0.00544553421266121
-0.00120735946199463 -0.0946912551643135 0.145948014749296 0.00125677871507899
0.0438615096810503 -0.0967636042784643 0.153432832366308 -0.00410406477358498
0.0921644487340343 -0.0767619179362039 0.177858210065135 -0.0426654860789661
0.138273005752237 -0.0378010135909176 0.0822436781366363 0.00264582757082934
0.0889016792047567 -0.0492429253864344 -0.0174835719100137 -0.055432535076298
0.0569786884613914 -0.055892885373139 -0.120921745420938 -0.0168208354277175
0.0242555265500858 -0.0740703587547902 -0.137851635741706 0.0816851963519977
-0.0269736904320462 -0.0813449892776515 -0.0634004260826143 0.141205799099029
-0.0657000474770374 -0.0560592127380874 0.0137470195011775 0.141805912199691
-0.0840927934216486 -0.0293906234320457 0.0606953327876166 0.100097691393367
-0.103005178774498 -0.0144453554846002 0.0822455473968781 0.038072839672781
-0.109717316621249 -0.0154300662384747 0.0759087228620525 -0.00870956210806461
-0.122481448242508 -0.0321366540014385 0.0762347734404757 -0.051448224020018
-0.120151713406497 -0.0773482866825147 0.0960836819704578 -0.065649992009741
-0.0677162138666459 -0.126701426020588 0.124615116912504 -0.0368711136104273
0.00246977703418146 -0.154571260041572 0.145662712089966 -0.00805322975866232
0.0841134510157392 -0.145823577200078 0.136343420747512 0.00857838464187371
0.145141547379578 -0.100008986861135 0.13167596349444 -0.0191998310601677
0.182955866551448 -0.0328183134687607 0.0134990002476921 0.00591017140903897
0.141744291467884 -0.0662678732274156 -0.0581347072663874 -0.053804662253736
0.0973988776931705 -0.096267001396104 -0.145845810435079 -0.0217663615650767
0.0322736300169454 -0.122182203000394 -0.146952964375393 0.0680320033210743
-0.0407407410037127 -0.11809569119961 -0.0806561272713292 0.116120843999245
-0.0897346632071193 -0.0802888194968347 -0.0158108051741521 0.121087402251751
-0.107910464201233 -0.043695741409647 0.02313981041873 0.0851506848192747
-0.124223288971306 -0.0274517877588926 0.0389430432843961 0.0302648003029456
-0.130755966617445 -0.0282854899001037 0.0288863882226459 -0.0138254792253261
-0.143635298549607 -0.0451865430780697 0.0302062004144611 -0.0616617964630901
-0.142430415713475 -0.0954081127274929 0.057789731264129 -0.0914937561067432
-0.0811835023741433 -0.153330176365929 0.108942644849796 -0.066157227300539
0.00829460189499231 -0.188245835035928 0.141618518349254 -0.0135748128963318
0.113271638832527 -0.170536537699756 0.117425375622387 0.0288665516254077
0.178465201099786 -0.103850345669834 0.0726137874779637 0.00867211354098753
0.198215530093904 -0.0277692811069572 -0.0656855727950276 0.0137203112591119
0.168549071946939 -0.0763199315943868 -0.105592951311055 -0.0413003537384229
0.117105180342704 -0.124687202815178 -0.164485128456215 -0.020387722026771
0.0288956224147535 -0.151745227228162 -0.148660837441176 0.0464268757513213
-0.0523710918964663 -0.135823564257397 -0.101173539949825 0.0799530973746639
-0.10213121155049 -0.0891329447446337 -0.0512667883312957 0.091647159883342
-0.116641311843303 -0.0492984668549427 -0.0228300949237213 0.0651441193337005
-0.126548363630495 -0.0365427578799615 -0.0103756485126005 0.0180503029045196
-0.129177623769055 -0.039755530629956 -0.0203434408868411 -0.0224708032935743
-0.138968915367022 -0.0563703418089355 -0.0131167122183747 -0.0735508960687021
-0.132815198086638 -0.106468946683364 0.0210842383480467 -0.111603790403653
-0.0687990716408252 -0.159394496571898 0.0933667380399384 -0.0880419610679595
0.0271677229809656 -0.188211153974162 0.131377562913818 -0.0123564287287373
0.133681097772301 -0.159964440881681 0.0922763243603006 0.0496035649116806
0.186948081255215 -0.0854650013727688 0.007079562373297 0.0321796274097799
0.177547477495754 -0.0195471973296732 -0.140221378938811 0.0279681565896098
0.16017878922282 -0.0712012346232637 -0.145709219810361 -0.0175562004011645
0.109165404551643 -0.124954184325514 -0.16943629242863 -0.012369343971125
0.0195428578447177 -0.14568515079014 -0.142305397048147 0.0203798958731731
-0.053743109051841 -0.124515473545157 -0.121078889692357 0.0413434463543056
-0.0959282178997957 -0.081390974203098 -0.0895625968414566 0.0608178694401467
-0.10611152637682 -0.0459115514101196 -0.0690238892773681 0.0442162955879061
-0.109338937069259 -0.0400105264114115 -0.0572792150530018 0.00313558643329889
-0.109072430380418 -0.0464137982877121 -0.0634902331626883 -0.0376063155659778
-0.111125299344407 -0.0636875298916999 -0.0460944840962439 -0.0899452342874604
-0.0963787495256251 -0.106917500831587 -0.00142815328767411 -0.130228862759355
-0.0329667224204536 -0.143992637558712 0.0832421767992755 -0.101402710333587
0.0539395337504626 -0.154520645819725 0.11789300492991 -0.00748322399856677
0.140513056917129 -0.117117342422136 0.0617546578430396 0.0620288980753527
0.169955203261011 -0.0492909225951376 -0.0559943557233045 0.0429835042877231
0.12647154330048 -0.00508420195544635 -0.192880494714245 0.044972133766141
0.121612878391268 -0.0486466828110319 -0.16767544326241 0.00758145415959204
0.0801167766159567 -0.094546136228866 -0.162080274418526 -0.00528792490264418
0.0103199335922814 -0.105989256433006 -0.132393398974339 -0.00336444813521882
-0.0385997901954883 -0.0875249520128436 -0.136827638533174 0.0105828948390965
-0.0692589433529995 -0.0592572336996131 -0.120493023503178 0.0369111921180724
-0.0763248306712771 -0.0361895293836199 -0.107522178958074 0.0275100278229439
-0.0753153328755911 -0.0365766100222443 -0.0947060430222458 -0.0115275278825094
-0.0729269204254661 -0.044520201923802 -0.0936335999026974 -0.0554932931216659
-0.0685538354477312 -0.0592181568133253 -0.0615002838680484 -0.109869519207255
-0.0489276334813726 -0.0896852689732418 -0.00477397152719533 -0.144177043600334
0.0035094940930889 -0.108861560658221 0.0826965779447824 -0.107079203071098
0.0715664076469471 -0.10111542521935 0.102825713991566 -0.00504808787710371
0.126552361250065 -0.0603210272991223 0.0326620990362953 0.0590092459841194
0.128032774465639 -0.00943565681995514 -0.103721833564197 0.0366191883820512
0.0560149554120195 0.0170196535096112 -0.213564424147588 0.0586408567560307
0.0660180472529707 -0.00999018047053251 -0.169431659110829 0.0247474875771141
0.0430493955704054 -0.0417664626551241 -0.148581688204428 -0.00081844071788015
0.00784935065012949 -0.0459547402024503 -0.126921787565563 -0.0163720986071394
-0.0094966333845259 -0.0376511291377361 -0.144964718627975 -0.00245995337162397
-0.0265695633305251 -0.0320898306495632 -0.137101374964911 0.0242182274161433
-0.0331106090731504 -0.0233821423243015 -0.129373898276501 0.0166826435727312
-0.0301209297103527 -0.0269926450715737 -0.116047789040396 -0.0239824287229583
-0.0294632709294283 -0.0319292123609254 -0.107814880197823 -0.072895846424989
-0.024128998097636 -0.0400888534552694 -0.0606358233182456 -0.127548969527005
-0.0100103705450145 -0.0574448343870499 0.00576560987996638 -0.152150765120814
0.0208282671820848 -0.0634663573797874 0.0893102457056515 -0.106154788271551
0.064671158955813 -0.0486067604935808 0.0910263238813618 -0.00713212140770833
0.0888257333432139 -0.00879004156838609 0.0120944274992776 0.0444182188498689
0.0671895917670403 0.0227722047388184 -0.131432016742794 0.0179190346329081
0.00181188961903313 -0.0368212354273921 0.148866826091909 -0.0248790111335315
-0.0312731815068703 -0.0105051639169951 0.0135911295076659 -0.0640404546812043
-0.0281211196535077 0.0145933346600408 -0.087955683733548 -0.00142439820095316
-0.00562934987589891 0.0133988589567152 -0.108423345618072 0.102548621459733
-0.00689396421673301 0.0044857983363423 -0.0193308679541622 0.158972188590617
-0.00848600623118347 0.00823487136014788 0.0636959210846261 0.139583594925314
-0.0101328100741979 0.0128042642594957 0.109236999100304 0.0906766533937572
-0.0180161215372397 0.0165451979311814 0.129173023029893 0.0262168462630877
-0.0222148569124392 0.0147005307006652 0.127677943608161 -0.0144565104300759
-0.0282658270394708 0.00740985813728457 0.13045059306817 -0.03664460862197
-0.0285256139960643 -0.00535033974203849 0.139241028401902 -0.0182666196836084
-0.0168348049704869 -0.0168211450837483 0.135043859043014 0.00906995870547994
-0.0192639503496888 -0.0213895187908636 0.142192908239186 -0.0014105554796193
-0.0128935633603412 -0.0365294404058367 0.163805984276225 -0.0188013199389082
0.0193149927042054 -0.0461662019578835 0.196032315802242 -0.0690546784757333
0.0695108544515392 -0.0451829200249455 0.12746958716715 -0.0125024208746856
0.0232725033346022 -0.0336727700798613 0.00495793064988351 -0.0553803177589411
0.00818585508080169 -0.0190675390752436 -0.0985693308506776 -0.00370213191222799
0.00620612755145922 -0.026877349586238 -0.117473760504105 0.097469916553952
-0.0195770407504666 -0.0358263542747637 -0.0356273367370197 0.154320916651319
-0.0393690112636417 -0.0207495846714473 0.0465345494420858 0.143477171705435
-0.0495667463560879 -0.00443235362487389 0.0944552770659222 0.0959960477338806
-0.0641162179763942 0.00611187092741847 0.113909660786603 0.0302882817744452
-0.0715009410253424 0.00433193307356624 0.108891789309902 -0.0133248634170026
-0.0809397240320333 -0.009114031787539 0.107906412905013 -0.0462471215765098
-0.0799022069057691 -0.0412360335849312 0.121567849390714 -0.0432712968078379
-0.0445273335874802 -0.0755516202709674 0.131081638859528 -0.0145685117233787
-0.00822226286125264 -0.0917411419449197 0.1428244914075 -0.00947853285669653
0.0356344630728972 -0.0969323162285426 0.149884165407802 -0.0141401949223166
0.0845950045587818 -0.0821122158315376 0.171447853803988 -0.0535891643852823
0.13178857724076 -0.0471357374980152 0.0815707243981035 -0.00412238787863267
0.0824506739327206 -0.0547841220778016 -0.0203386659295738 -0.0538124075699599
0.0513221145751192 -0.0575893768226705 -0.119388287639901 -0.00911640861414276
0.0183733595321603 -0.0735535177769287 -0.129520394715275 0.0896919241327301
-0.0327911285052929 -0.0766012929258446 -0.0522747472172232 0.141772710257229
-0.0682045295124028 -0.0488771502266135 0.0234888571713052 0.136486753934998
-0.0839961505916767 -0.0216461635453312 0.067060746126439 0.0923191829300178
-0.101253814608358 -0.00614095229808594 0.0828530757828819 0.0308284558243864
-0.109124231750537 -0.00564287682003506 0.0736584453605809 -0.0137867845782831
-0.122651417023966 -0.0211761713179721 0.0704408281073994 -0.0553738469463701
-0.123233333806993 -0.0655709697428301 0.0883162351529009 -0.0699825490206126
-0.0758103159952756 -0.118152677639358 0.119804922413711 -0.0445684828984849
-0.00852721853049667 -0.150146342559825 0.142552103633809 -0.0183722163220957
0.0706845789067897 -0.147630364568715 0.135245016782469 -0.000166220596118563
0.134993214288204 -0.10763721240813 0.127722341507401 -0.0281062466636863
0.175194664059918 -0.0466302590943759 0.0149329218346895 0.00365090624926758
0.132856421038021 -0.0743813817108885 -0.0584789937927108 -0.0498776133131641
0.0882707630760962 -0.1001052558724 -0.144558574601368 -0.0120737233877721
0.0215479697084485 -0.120946404595512 -0.139376010298993 0.076597424942775
-0.0490792183822154 -0.11145051564584 -0.071180215369404 0.118562663181107
-0.0934925347100116 -0.069994525830655 -0.00623004089533182 0.118495626318788
-0.108096389102662 -0.0333671205339443 0.0287816325416206 0.0803972504395026
-0.123135953660831 -0.0169320102948165 0.0406444920436205 0.0261731999168676
-0.129486320613051 -0.0163242299211574 0.0279236301568511 -0.0154273603284749
-0.143587557836719 -0.0323497547864598 0.0253338158242401 -0.0614138243068293
-0.144940035130049 -0.0821490876953772 0.048483704979864 -0.0925094975554428
-0.0909946029257777 -0.142256005003332 0.102866569664895 -0.0707624733104391
-0.00580684976443476 -0.183093054407921 0.138483397058601 -0.0227377577685882
0.0968959362360406 -0.174024153286323 0.117400894038965 0.0200320269355392
0.166766700993895 -0.114229738338266 0.0724217881694353 0.00309672358691684
0.190371278250089 -0.0425857623029225 -0.0620207308668962 0.017390496653767
0.157627852375494 -0.0869039003550193 -0.10334031986631 -0.0346842109699052
0.105048568999583 -0.129154163257608 -0.162286653984284 -0.00927912243976615
0.0164496105860675 -0.149060913608865 -0.142172719754135 0.0560215175443116
-0.062058475079152 -0.127868491763987 -0.0926685163803914 0.0854660074992144
-0.106135817761799 -0.0781942772449708 -0.0435580525019347 0.0930785349635118
-0.11733426684375 -0.0383481242102622 -0.0172007699518846 0.0650085419167434
-0.12627444194898 -0.0252042229189014 -0.00900572461131978 0.0182181631066825
-0.129564200109444 -0.0273560816154514 -0.0212170049834775 -0.0206723248616204
-0.140287270928474 -0.0440815246029364 -0.0185416150574765 -0.0698296210957276
-0.137293798919941 -0.092182133331796 0.0110267374219059 -0.109661549379194
-0.0789585656497429 -0.149107175906681 0.0848167883059383 -0.0917859075893062
0.0123000382518857 -0.184021749214623 0.129111174424062 -0.0211677615427855
0.117636076616715 -0.165604072839035 0.094873873189992 0.0417030339533269
0.175738342332592 -0.0964099337281518 0.0100268377125625 0.0307779361151765
0.17125180609209 -0.0322543967447385 -0.13385040382935 0.0369897076084039
0.150362476696471 -0.0810841413208817 -0.141509952188808 -0.00915643960040171
0.0970466458132599 -0.128403231479561 -0.166133820473879 -0.00120015649516262
0.00789401894977738 -0.143258085312667 -0.137882415972685 0.0299764331061296
-0.0616480915389439 -0.117097544055326 -0.115242309310231 0.0495692370762967
-0.0996967370860753 -0.070361879940607 -0.0828645181265649 0.0661859861023797
-0.106395030871178 -0.0359005492435891 -0.0637268853832401 0.0488397022930842
-0.109423987685469 -0.03017088335898 -0.0559703723384582 0.00826831663379763
-0.109372275964727 -0.0357906470706881 -0.0645327779032181 -0.030935253260737
-0.11276509235751 -0.0528398995634257 -0.0511810544741108 -0.0833019197045402
-0.101992455346467 -0.0954408314615014 -0.0114979819151107 -0.12535831856047
-0.0435258781852352 -0.137432494079588 0.0739432969770157 -0.103904312872831
0.0411812782852842 -0.153868787087911 0.115896512265731 -0.0159848605495348
0.127212175490849 -0.124745000838169 0.0662584973942124 0.0557145737529165
0.162425368032137 -0.0609765513199638 -0.0509533335524102 0.0453520496218819
0.122668006150656 -0.0148436131524811 -0.183989576485858 0.0577154964260503
0.114381908746143 -0.0559502941735798 -0.161336385818543 0.0175298510554664
0.0713617407888208 -0.0968980223375571 -0.158141238192231 0.00612689717509854
0.00225246310528933 -0.103402370159056 -0.13030087792007 0.00645734778054821
-0.0443216075587956 -0.0825326034582171 -0.133031941148741 0.0213065759381917
-0.0721852193946439 -0.0514190344863616 -0.114371844986156 0.045111809071493
-0.0769723780319927 -0.0288683020777999 -0.103220700351109 0.035487432479604
-0.0760062818937091 -0.029738751605893 -0.0933174036411506 -0.00338821260636296
-0.0740605318010606 -0.0370003007337518 -0.095086651830328 -0.045725857472465
-0.0711242542258234 -0.052104229575844 -0.0677618294130649 -0.101538877525085
-0.0544120664455995 -0.0828043472104599 -0.0155043120987653 -0.139136800906593
-0.0047948778277367 -0.105768208560334 0.0734061406703669 -0.109605113966238
0.0621671523233402 -0.102723883368169 0.101383202745029 -0.0120539028908767
0.117866605699053 -0.0674234558500162 0.0367234561781039 0.0547622764747631
0.123470212276594 -0.0185745892659682 -0.0986936528074543 0.0425547020404034
0.0562730320179041 0.0121497275025284 -0.204650165243535 0.072194487879483
0.0633658964898235 -0.0145842711543804 -0.162713403991745 0.0346156662410348
0.0386539326838213 -0.0429323494681351 -0.144613594803165 0.00920627199448502
0.00450475586824981 -0.0447823432216903 -0.1258701882316 -0.0069951841811886
-0.0120646062281304 -0.0356949910959484 -0.142407682083156 0.00891716752278717
-0.0285743737774172 -0.0278714938840178 -0.132698277621145 0.0336956791130704
-0.0335770052052846 -0.0205751510794961 -0.124957943261052 0.0267548116351385
-0.0311689202653766 -0.0247736287027346 -0.115510156826962 -0.0137833679854537
-0.0311852689213439 -0.0286621282761666 -0.109919625647128 -0.0617893195961427
-0.0259930084868136 -0.0376087182056555 -0.0684187929718104 -0.118616199881769
-0.0146897134587015 -0.0544080253911648 -0.0059240982049969 -0.148078553868112
0.0153362190113129 -0.063036756649341 0.0790616727420849 -0.109686585077166
0.0599835441115304 -0.0512318415210969 0.0893064348539693 -0.0127829889396201
0.084994072140003 -0.0147653975797542 0.0160654135431482 0.0422805998622074
0.0661973743095683 0.0172523185033608 -0.126653851541731 0.0267704028383149
-0.000147554558931442 -0.0352651951377375 0.141168065008028 -0.0299644447339222
-0.0301057893150457 -0.0088457050200008 0.00979900001057351 -0.0621852526676103
-0.0254644075068171 0.014282494994875 -0.0851272847600615 0.000817995995105961
-0.00491052392385849 0.0123438693380705 -0.100074337777502 0.101665751403475
-0.00680851190488153 0.00424910288031696 -0.0131683806278745 0.150704021903282
-0.00764391183324089 0.00792373649607304 0.0657846263054619 0.129513396930301
-0.0090066005646495 0.0122079874718813 0.108313121575991 0.0815965213193949
-0.0163489475668876 0.0165216956425289 0.124070654945194 0.0195693760396932
-0.0208488912629846 0.0148793488582593 0.12139972084414 -0.0191724111857552
-0.027548927999916 0.00840899126875992 0.122538867499848 -0.0387322906073957
-0.0270851828042734 -0.00414443703495369 0.13197696069 -0.0225612219432203
-0.0170330057785812 -0.0150840763032939 0.129716475760494 0.00432939501740626
-0.0193803660985159 -0.0193361415332854 0.134694550521331 -0.00586769722603182
-0.0130391253753959 -0.0341056799688122 0.155611718914914 -0.0220407098682677
0.0169822440874383 -0.0447108867049196 0.185280660554928 -0.0710109157306859
0.0641612115929957 -0.0460037203552476 0.121343406889731 -0.0170225028890969
0.0208097137321382 -0.033107711044232 0.00260422998142089 -0.0533840297753989
0.00784963420040028 -0.0182082020801143 -0.0941153394081058 -0.000634353992063835
0.00487289991308454 -0.0261878939580112 -0.109358891196187 0.0965890449544356
-0.0201064139694019 -0.0330268789722993 -0.0290394333949125 0.146828705471292
-0.0381847255503734 -0.0180046628474251 0.049386637297415 0.134089951643518
-0.0472966405088088 -0.00252658368641966 0.0932178213405631 0.087131722449758
-0.0613560623925863 0.0082338742467242 0.109948416744903 0.0245423341822901
-0.0674751888781773 0.00735925219839645 0.103592704938311 -0.0169543977122826
-0.0775953129728093 -0.00523598023298329 0.100690093201318 -0.0472333846010627
-0.0768604857779185 -0.0367593547298871 0.113444828797173 -0.0454984568524579
-0.0450430634504317 -0.0704353336773658 0.125114690368509 -0.0176170458277543
-0.0109905195090855 -0.0867918767192446 0.135545903102039 -0.0128864766821199
0.030361932638031 -0.0928579599363839 0.142718295164835 -0.0171500556746923
0.0784437630052176 -0.080775845271143 0.161456265972761 -0.0553826295904051
0.122452961041157 -0.0503605078225081 0.0786834115657403 -0.00839206447999892
0.0764369495443725 -0.0544195279341327 -0.0199947951573531 -0.0519243070056217
0.0471735933230095 -0.0561270662801957 -0.114580157484778 -0.00505676000839176
0.0147196466090052 -0.0704946578003352 -0.120229476711652 0.0891431052300797
-0.0341061902359529 -0.071310815022981 -0.0457076992039279 0.135960178402608
-0.0669225390569774 -0.0431006581034989 0.0275832174063515 0.12868859396706
-0.0806035492322586 -0.0165887093810338 0.0672660272075348 0.0851089968935793
-0.0964934700419711 -0.00144883529096602 0.0802392264702918 0.0255736106374128
-0.104180040020158 -0.000647472902962327 0.0702067630658824 -0.0157336480234119
-0.118016270180198 -0.0151359869713834 0.0652723194378611 -0.0542442123497022
-0.118944807543848 -0.0572776416897092 0.080985634497385 -0.0694844710110755
-0.076075928952925 -0.10934303498038 0.113348369022644 -0.0459100214581506
-0.0137915495781127 -0.14155715038361 0.135909110611116 -0.0218862438020877
0.0620552259115006 -0.142187670251613 0.129466938421176 -0.00460676852371961
0.12557268434617 -0.10684164267977 0.12142029384624 -0.0310748280257166
0.163812166436149 -0.0506906157463199 0.0156657947782112 0.00169361048901906
0.12300577239548 -0.0750958712667609 -0.0558835483233415 -0.0470243638349676
0.0800952546931932 -0.0974023938171567 -0.138276537584841 -0.00779606100340191
0.0159914311336749 -0.114988533020073 -0.130213243641127 0.0773575713156831
-0.0509228816194974 -0.103420463576273 -0.0636294519438347 0.114831846131381
-0.0910678015737316 -0.0616988920380314 -0.000956657109546344 0.112606709217208
-0.103698297885997 -0.0266329528058604 0.0308266738389075 0.0753610710888296
-0.117637355773336 -0.0110995258177453 0.0390634920698004 0.0236189972277941
-0.123329672168367 -0.00982346057259661 0.0265275822852151 -0.0153391981667907
-0.138463035857567 -0.0241681231575934 0.0223273312962042 -0.0588688316779279
-0.141565037127018 -0.0709487444618618 0.0417014786600181 -0.0890511962270227
-0.0913864033046903 -0.131218315391801 0.0958586361774938 -0.0705316654801992
-0.0122851590426288 -0.172930928267055 0.131241725015153 -0.026404736614913
0.0851954341362352 -0.168282392474149 0.113759342160868 0.0154693038366721
0.155165502534264 -0.113844333919011 0.0695193848213905 7.41691184582109E-05
0.178895033171078 -0.0477673803818222 -0.0580239365655975 0.0174909889029833
0.146554992356848 -0.0877784301759826 -0.0982930307641767 -0.0311630449929794
0.0953024316802999 -0.125125890422714 -0.154882273937202 -0.00407595813836096
0.0104339769438808 -0.142029613553004 -0.134406132230462 0.0572425297898959
-0.0642732081086905 -0.118475653699867 -0.0860875722580743 0.0845877450085804
-0.103593163011169 -0.0686507198031041 -0.0374751355071933 0.0898224748321941
-0.112528897386194 -0.0313623122154848 -0.0137685244735951 0.0619525999947825
-0.120917983711591 -0.0188478104386616 -0.00778924769589172 0.0182865844607463
-0.124259075931483 -0.0203061910696535 -0.0205305642267301 -0.017829083053984
-0.135134245261189 -0.0351738534002427 -0.0199492289582287 -0.0643748011047827
-0.134297332083445 -0.0807682967991311 0.00620452095056943 -0.103397377506611
-0.0807734981857648 -0.138136627239768 0.0785273259041654 -0.0890947889849183
0.00499774010739759 -0.174632265499908 0.123246887118377 -0.0250899097406384
0.104275038584295 -0.160481722970007 0.0930681193741215 0.036477284033483
0.164320234923971 -0.0980077094483821 0.0111001350708336 0.0283269569920935
0.160820493909068 -0.037132371045081 -0.125152355491003 0.038368475044904
0.139598489966493 -0.0821398593719909 -0.132946408501391 -0.00566986453720915
0.0879978591876684 -0.124503068613531 -0.1580490898935 0.00365436446821942
0.00233404027807439 -0.136063124480012 -0.131951324542712 0.0326409214197369
-0.0633605105005998 -0.107831293943593 -0.108677082744926 0.0510745926810205
-0.0971735116855563 -0.0614311721588919 -0.0755801506959315 0.0661871719726426
-0.102361310228262 -0.0291861348129029 -0.0589795151492582 0.0489296624720989
-0.105681756965156 -0.0241377980940633 -0.0533814560410937 0.0109451675400536
-0.105220084307441 -0.0290731515760586 -0.0623482025331976 -0.0255977655140363
-0.109633226691189 -0.0454530381711693 -0.0511813439388663 -0.0760875267819081
-0.100612919947273 -0.0848575155582629 -0.0161614676914655 -0.11729822900299
-0.0461657625441896 -0.127952664826464 0.0678744004801345 -0.100031338285305
0.0336816953198315 -0.146128908517725 0.111155367600237 -0.0190062470945448
0.11552743638827 -0.121933082894519 0.0658794341388844 0.050425960597742
0.15186083318146 -0.0631697789755055 -0.0457394325466678 0.0442265698980917
0.115142865466662 -0.0182845161286319 -0.172678568105755 0.0604851790652921
0.106377399088428 -0.0566551366583241 -0.152517680672793 0.0200686157944669
0.0643811938076259 -0.0936705612750915 -0.149860839711584 0.00936842185082739
-0.00178589538828586 -0.0984306434504454 -0.124208818027734 0.0100133125892614
-0.0454059912985173 -0.075762738282118 -0.126042692579194 0.0253890014976438
-0.0705366300137946 -0.0448563282803402 -0.107533965152038 0.0467679424294835
-0.0737163564188383 -0.0236113045994218 -0.096725260486126 0.0382427308487636
-0.073397467646707 -0.0251294029130617 -0.0896752510170944 0.00139132175602832
-0.0716279851036349 -0.0322321949501205 -0.0917947138924078 -0.0382485541080668
-0.0695808038084133 -0.0465893029934452 -0.0675761961799741 -0.093214799967506
-0.0547639851441404 -0.075376152547968 -0.0204345976898007 -0.130401549304759
-0.00858388920576234 -0.0999498571347811 0.0663260936247573 -0.10628860749508
0.0555622956262498 -0.0989403429328469 0.0972326258726849 -0.0148277765692817
0.108590342944964 -0.0677422800200298 0.0378940004732257 0.0502939246905476
0.116493575494063 -0.0217373894158735 -0.0921484348347067 0.0445488179300301
0.0528222569354829 0.00958016982364461 -0.191658798377883 0.0752652954369653
0.0600501379186632 -0.0160390716214667 -0.153786884351424 0.0358289574087856
0.0350552959225186 -0.0416542752369754 -0.137039124816816 0.012501708189882
0.00303429895826209 -0.0425998054983858 -0.120572766201058 -0.00259282870488435
-0.0125240848368275 -0.0335582292925575 -0.134663702214014 0.0140308740202561
-0.0282202269169557 -0.0251466017361237 -0.125122222953646 0.0374105793590391
-0.0330340574713003 -0.0174463075100153 -0.118548183444199 0.0303543837534159
-0.0304495488982953 -0.0223255950441986 -0.110074091789397 -0.00776334005357337
-0.0304401158964186 -0.0258933002905848 -0.106601487551266 -0.0531045137034513
-0.0265400231672007 -0.0346338011720517 -0.0687684868252506 -0.109343074958276
-0.0156551509945423 -0.0501971536349247 -0.0111409187568113 -0.139958360755183
0.0125741796332815 -0.0603048799517419 0.0721389807506105 -0.106221725065294
0.0553284835231802 -0.0499394854229139 0.0856974984643376 -0.0150813679155664
0.0794697047382862 -0.0170389441776251 0.0173221008960603 0.0399688042018908
0.0631797185614094 0.0149992414716417 -0.118887123518279 0.0302599883795047
0.00014864259223913 -0.0348046327564711 0.136576639654803 -0.0292720149773378
-0.0287231649691372 -0.00931778552361118 0.00947213422575255 -0.0599994115961635
-0.0242066171918675 0.0135525055769642 -0.0824430722344635 3.28695062871183E-05
-0.00517491143768008 0.0119464115747476 -0.0970388194921695 0.0980709628774332
-0.00680692835108304 0.00404231954088999 -0.013873323015778 0.145019584615162
-0.00773934204142444 0.00767920938889485 0.0637142054417465 0.124093297473957
-0.00898886015478684 0.0115723042504064 0.104660973868711 0.0782654903197105
-0.0159052779716154 0.0156710133282508 0.120345310800788 0.018783683971263
-0.0204441394742365 0.0149268832762429 0.117377835413267 -0.0181108820077965
-0.0264215629459084 0.00839950025898197 0.118451692946576 -0.0367986935648633
-0.0260344449730888 -0.0039924517712609 0.127244757016294 -0.0213424572426885
-0.0161814653395785 -0.015518292517851 0.125925620838708 0.00525755942547058
-0.0185063383980422 -0.0192664478767179 0.129791825623917 -0.00403604220554285
-0.0122318737562134 -0.0329354226145333 0.149751445417451 -0.0192704767223778
0.0166229869460397 -0.0434819135154277 0.179705340220664 -0.0665138349463657
0.061114090669841 -0.0446840627005737 0.117396821376531 -0.0178645946496045
0.0202935544117894 -0.0318592826530767 0.0034371062003682 -0.0522457363614064
0.00791393830931108 -0.0177955050403189 -0.0912361729149559 -0.00125864626369951
0.00454785077706016 -0.024976070063782 -0.105639622328306 0.0918804592538439
-0.0198875955141011 -0.0316767698199549 -0.0290565348312927 0.140485309184359
-0.0366120090368139 -0.0171512685228799 0.0473344175565512 0.128053542726585
-0.0454022675477308 -0.00221901251020544 0.0906797387476228 0.0832506187860801
-0.0587408929373973 0.00791884166777216 0.106202777032035 0.0229547042905955
-0.0657372410147891 0.00800996978838346 0.101006243611169 -0.0166301331082918
-0.0757189841528943 -0.00410198462083284 0.0976371541887128 -0.0449511254773645
-0.0746528184504434 -0.0352120426887359 0.109274837689749 -0.0428668361573375
-0.0437373295353295 -0.0680027890638501 0.122115282560515 -0.0161407804953722
-0.0104639998627036 -0.0837280131491471 0.131186077089248 -0.0116283343356604
0.0300819514527607 -0.0895940292901386 0.138039504868905 -0.0151621435882282
0.076585515317067 -0.077890134998621 0.156923989831786 -0.0528855201996427
0.117474676139339 -0.0488434913773727 0.0768179129897968 -0.0092293147259376
0.0732983447738469 -0.0519798219741837 -0.0179214473102298 -0.0516755886332
0.04574089319801 -0.0537380234163291 -0.111587103952046 -0.00577049763403651
0.013893712812502 -0.0678887317696329 -0.117101909705096 0.0856810111408666
-0.0334134001407734 -0.0682641810678113 -0.0448182198332049 0.130115168776806
-0.0640612101871592 -0.0409866341178648 0.0269852261995466 0.12286666534788
-0.0775404690842137 -0.0159654094719139 0.0649917075694315 0.0812304815944767
-0.0932545800018389 -0.000534689817684133 0.077817362732839 0.0247311435326362
-0.100675525777471 0.000324219797093983 0.0684186486850941 -0.0152868908551378
-0.114057920193199 -0.0127763184208715 0.0639043176720905 -0.0516170160202479
-0.115284876321104 -0.054447808044883 0.0776011067543478 -0.065741449172821
-0.0730254769315359 -0.104911867441774 0.110581427007372 -0.0428218035267455
-0.0132569478891861 -0.136177457363118 0.131585026746516 -0.0203723118280302
0.0601291334140231 -0.13691402547359 0.125832576906258 -0.00337813323004978
0.122075835951888 -0.102866246940436 0.118104947464688 -0.0295610176804091
0.157534287440435 -0.0487771506959282 0.0156413404350776 0.000273949528919994
0.118569541696275 -0.0718826185372701 -0.0528455153888535 -0.047982864136119
0.0777951679682635 -0.0929752999466839 -0.134631247582015 -0.00881311025425647
0.0156223664174932 -0.110490043514925 -0.126625277191773 0.0734431834344925
-0.0497445059549376 -0.0990096078722671 -0.0626505421990559 0.110361401203537
-0.0873782457261958 -0.0585998544391672 -0.000845237104302661 0.108073025957827
-0.10026365975247 -0.0253445917447482 0.0292110021325671 0.0724788751365983
-0.113618333097703 -0.00944845951085473 0.0382118613583791 0.0228635476449193
-0.119985047738983 -0.00896343158862598 0.0261947710408111 -0.0145428366945906
-0.133793241341329 -0.0215573159606822 0.0222503324989539 -0.0564035258955504
-0.136108807590565 -0.0675677053161914 0.0403621904984138 -0.0840686940742244
-0.0886387257566074 -0.125927063288045 0.0935119325232491 -0.0671722322545531
-0.0116709163893372 -0.166408447895638 0.128291948545657 -0.0254022932631726
0.0825005124649166 -0.161862067668811 0.110032750089086 0.0160391658042215
0.151195293791667 -0.109337428563429 0.0676620081545133 -0.000770108662228966
0.171589318857763 -0.0460289079544902 -0.054894622483574 0.0154815084128516
0.141365980499676 -0.083994941426553 -0.0930045796757689 -0.032992395835567
0.0925379545464295 -0.120286462756576 -0.149768380088089 -0.00521629166482748
0.00984260955278275 -0.136801856836664 -0.130663134324012 0.054259525257653
-0.0618275591977496 -0.113089304258926 -0.0832522187427729 0.0813085015085564
-0.099696808161517 -0.0643996489271412 -0.035562636214974 0.0867251704756828
-0.107985616349705 -0.0289891148497062 -0.0127535122079725 0.0596892120384625
-0.116830570949646 -0.0175245946967781 -0.00726807935769464 0.017917535862284
-0.119587788221618 -0.0184977827052926 -0.0189580068756686 -0.0170097169879966
-0.131190184754897 -0.0328554708974427 -0.0177507985217002 -0.0614935319244291
-0.129076959317499 -0.0766976210952852 0.00526280550443777 -0.0980971491459639
-0.078125205247898 -0.132114884264567 0.0769047937558244 -0.0854955311001434
0.00565548576902859 -0.167128338910663 0.120761930248116 -0.0232071387830256
0.100019721600637 -0.154578779910282 0.0904355942740063 0.0352833689863005
0.159251394985513 -0.093682072772189 0.0111065519220373 0.0269858835842556
0.154920574750551 -0.0360576797237467 -0.120029818156229 0.0354911980071594
0.134778698708359 -0.0789870776192768 -0.127350404271472 -0.00808023581789569
0.0852190130910188 -0.11898239804727 -0.152402105727461 0.00167835316940082
0.00224232125244817 -0.130674011747435 -0.126740168888453 0.0304617077923831
-0.0620755876271536 -0.103478487074133 -0.104730336146476 0.0495019521179207
-0.0938978639705503 -0.0577084614594531 -0.0725611222281955 0.0638630372163425
-0.0985616380555594 -0.0272752824321936 -0.0569952289120917 0.0481556831191662
-0.101819233662311 -0.0225222105742493 -0.0511788550690097 0.0105062691488599
-0.101227399745692 -0.0268855369922768 -0.0593417769346348 -0.0239642346152344
-0.105562220574983 -0.0426171347480802 -0.048509505044862 -0.0725032926640898
-0.0966147528525465 -0.0803005589861644 -0.015239750042121 -0.112064498266617
-0.0447474026080236 -0.122745420686521 0.0666646316208569 -0.0959007861142773
0.033141997073155 -0.14005685696595 0.108940575809567 -0.018271904553267
0.111087794670506 -0.116664333795609 0.0647377927820433 0.0487695557791438
0.146964311280274 -0.0602860101221794 -0.0439790906801072 0.0425218827309856
0.111105517460632 -0.0180525109594789 -0.166796738759754 0.0567265220514871
0.102479654470538 -0.0547690242194615 -0.146948941934507 0.0171341802075039
0.0620096943112899 -0.0892263670484731 -0.144347483621059 0.00783872328404692
-0.0012948562009164 -0.0945573544961089 -0.120993267679469 0.00917070780638947
-0.0438475575604419 -0.0728962180799099 -0.121453036414159 0.0244918110173076
-0.0676274907759249 -0.0420526521930497 -0.103887561167802 0.0461253922238448
-0.0711140513445183 -0.0219953118561286 -0.093471938574374 0.0370956310251134
-0.0712404187542378 -0.0242335250800396 -0.0863164767355401 0.00245850218577971
-0.0694594547299269 -0.030270681291979 -0.0881218668099243 -0.0358185692853995
-0.0673427087481323 -0.0443952500604868 -0.0652224886612183 -0.0890580554843908
-0.0530338760829255 -0.071422431282078 -0.0197202397274348 -0.124815032928475
-0.00794091383107457 -0.0957370824874174 0.0641957531805122 -0.10145422005457
0.0543498259942809 -0.0942842803972326 0.0952743945134644 -0.0137279312458429
0.104470903952973 -0.064962294181667 0.0367900972846479 0.048429124423116
0.112663656070468 -0.0198080507805982 -0.088366812874174 0.0422041313062385
0.0507278602620404 0.00896829611681518 -0.186321433726638 0.0715412975056837
0.0574765338072282 -0.0151255347425039 -0.148436886864026 0.0331089144349644
0.0345305432356368 -0.0394574861244736 -0.132477936627969 0.0107593404100064
0.00273929176502191 -0.041003087499955 -0.117125570141258 -0.00367305821539257
-0.0118023676298981 -0.0326722410363149 -0.130163494991978 0.0139275502034793
-0.0268907128312085 -0.0228091592674272 -0.120916448059726 0.0368125130249959
-0.0320791888869524 -0.0164211693345196 -0.114017636183243 0.0304117391537618
-0.0298260925525201 -0.0220595094467711 -0.106907874119815 -0.00633563565639434
-0.0292677178025787 -0.0250956129775973 -0.102316787783962 -0.0499525098044772
-0.0252379567444202 -0.0331117143836751 -0.0661219139859501 -0.104966520808058
-0.0149405398903823 -0.0479928824724453 -0.0106113330084012 -0.134403197127901
0.0117352286251163 -0.0574798687291818 0.0698211843111843 -0.101683429905845
0.053317604950741 -0.0473256898364577 0.083557359306237 -0.0136232186975112
0.0763885287062202 -0.0155332262261371 0.0170255830524662 0.0384085314880444
0.0606931361773638 0.0149515559690583 -0.114845754842336 0.0285181992247809
0.00386973434968765 -0.0343131406484013 0.142331688294275 -0.0103502404933187
-0.0262167553032255 -0.0135477903424357 0.0190548596947348 -0.060426276125708
-0.0257541727085354 0.00897471247788336 -0.0821746797559982 -0.0135116184956205
-0.00703030711882958 0.0101360094682448 -0.109057480604038 0.0818501191894938
-0.0086608526719604 0.00279396243562182 -0.0346482583453007 0.139358328733847
-0.00850032458762307 0.00532362462971423 0.0448452000383373 0.129879272767454
-0.0101324819027041 0.0097321049179684 0.0939970964008289 0.0902347611044756
-0.0172374220266441 0.0123374781623628 0.116020117927193 0.0361454970155782
-0.0216034338689321 0.0106345591373701 0.120594232752436 0.000461037124703572
-0.0272500789720893 0.00382537533598869 0.122812346666313 -0.0166815197128817
-0.0238835114225107 -0.0102340031684855 0.129710139082331 0.000384994923227011
-0.0129710408350424 -0.0199794188080362 0.125243794565461 0.0262544553756242
-0.013210456290196 -0.0235730123335616 0.128565115373691 0.0182645019409031
-0.00623164011450711 -0.0357579486590369 0.150895447316662 0.00753437097164217
0.0236033139492237 -0.0420055605518875 0.190877760693562 -0.0348887183015097
0.0654536374986882 -0.0356834945178051 0.120049416447377 0.0028084602540771
0.0248361207856365 -0.0280794583359333 0.0118826981005831 -0.0511251170574547
0.0106662053757575 -0.01630255287677 -0.090455532206845 -0.0142229073887164
0.00785857013384655 -0.0237967987805862 -0.11583278182073 0.0770043680301896
-0.0152314766347617 -0.033224722620443 -0.0473883607076863 0.134693927346057
-0.0329263046961081 -0.0229998747802057 0.0302033521679938 0.132195844235828
-0.0441368643457594 -0.00944634112991101 0.0799044981810721 0.0944271349968178
-0.0587352559158755 -0.00133872358397324 0.101363939958306 0.0387656526805139
-0.0645280260715138 -0.00320637910637367 0.103021143651613 -0.000283450353679021
-0.0730277548963199 -0.0162424812951423 0.103750003889165 -0.0265760215765044
-0.0663430712583007 -0.0470452587171093 0.114863896177716 -0.0229928408461623
-0.0308116222803131 -0.0757051234422185 0.125151230139783 0.00576247820071733
0.00439632515482942 -0.0852220341469864 0.1300490444664 0.0105458489073305
0.0441435485333251 -0.0832417571673052 0.137503630491303 0.00878362791558163
0.088420021228734 -0.0656810672989355 0.165397734882624 -0.0262390163474936
0.120734734384562 -0.0319040749138027 0.0763276998227314 0.00896496489264629
0.0798649582642861 -0.0396843655154456 -0.00982241840794926 -0.0514141122685065
0.0537592298305159 -0.0455037487255014 -0.108468619386915 -0.0181020737261817
0.024284489225679 -0.0641554068447738 -0.125536809824526 0.0702145164632139
-0.0221605122284685 -0.0709010555377254 -0.0600814657877252 0.123660510778561
-0.055653085062594 -0.0497489610195607 0.012402233393587 0.124510981719488
-0.0732850949555867 -0.0274858352483682 0.055617513021571 0.0897258393922164
-0.091632851383526 -0.0155420750604312 0.0728988575022766 0.03563058477772
-0.0980332459859804 -0.0155989590983714 0.071031253308891 -0.00320690764876844
-0.109093520458808 -0.0301930110570456 0.0714112714801392 -0.0378633358040071
-0.103836894500828 -0.0718291491714764 0.0872115262588514 -0.0491051685876015
-0.0549736649239028 -0.116612498134911 0.117776370302002 -0.0224827169698232
0.00975779031234105 -0.136982456853039 0.131804403070117 0.00267212299147221
0.0810390194746344 -0.124606491100909 0.121584568803617 0.0178177571253897
0.137602333930909 -0.082324860069142 0.121986109590021 -0.00948400022278417
0.160913295211865 -0.027792446216733 0.0130582057450151 0.0132548388646358
0.12693777296835 -0.052234875610458 -0.0451118362790452 -0.0501607882297427
0.0910273743858888 -0.0793748394723242 -0.129764457733542 -0.0208886347218571
0.0327122496186368 -0.105890668144138 -0.132235457363229 0.0594826629459301
-0.0329371577397483 -0.103538507460031 -0.074083263289223 0.103312782545622
-0.0758813997656768 -0.0704980977834131 -0.0117026443710237 0.106156487548985
-0.0946499053339687 -0.0402077661359438 0.0219089527886529 0.0762063056002201
-0.110368762661353 -0.0272695534051864 0.0335575814531824 0.0280671222615786
-0.114906114225348 -0.0267232611456747 0.0286737620262117 -0.0091835085977569
-0.127732988902779 -0.0418704570030004 0.0311643506290258 -0.0490084101946141
-0.122472707409445 -0.0867646763631067 0.0524089777608807 -0.0724855530840082
-0.0661071063387277 -0.139159695095034 0.104936074721676 -0.0489716866903226
0.0161770670124864 -0.165631534649228 0.128834243448776 -0.00272438730018984
0.106721753487482 -0.144658017608718 0.102532223421387 0.0326740654897694
0.167166729227764 -0.0829953339678212 0.0659055134723934 0.0108167903777409
0.17432643628777 -0.0222394745402822 -0.0595965964128849 0.0191171044455715
0.151591384039322 -0.0608464448162386 -0.0870804059636578 -0.0397858514303199
0.109544841878867 -0.10289090202684 -0.145129479006761 -0.0189074399239102
0.0311729693170299 -0.131429648982503 -0.132348518135215 0.0406270620568197
-0.0422986550794096 -0.119779727447076 -0.0893637324784171 0.0723469402056088
-0.0862231676134721 -0.0775768931938004 -0.042414261331883 0.0796788517087615
-0.102012174704679 -0.0449788130817716 -0.0193874913870539 0.0588789937101278
-0.112843717018284 -0.0347127979729591 -0.0103549161717149 0.0163236989267463
-0.113963860518382 -0.0360935876508327 -0.0160171231120435 -0.0180991316733696
-0.12316752400014 -0.0517966838921377 -0.00842765590449976 -0.0607308961940723
-0.114447493883568 -0.0946471621933666 0.02000234597052 -0.0921577150514202
-0.0552441546735152 -0.143360367520841 0.0900054745555124 -0.0686252878997868
0.0322125481710845 -0.163983686282026 0.121270860152316 -0.00230372253236194
0.123523677879335 -0.134107017862969 0.079662588028288 0.0488240014118529
0.173193726228996 -0.0658689857722962 0.00464611953056745 0.0280474579046201
0.157056892840798 -0.014825288330048 -0.126880653999484 0.0292018179665343
0.143886723120141 -0.0569941321377137 -0.125279876481284 -0.0199053591821115
0.102413242531571 -0.103818329057727 -0.14862088137642 -0.0122715582888385
0.023470159062849 -0.127351212168807 -0.126051863006667 0.0172666635309882
-0.0430269956690044 -0.110725944204731 -0.105398345760496 0.0377527305781572
-0.0817129016336023 -0.0698670768528875 -0.0762646682220807 0.0517094352547131
-0.0929704014744245 -0.0414876389070939 -0.0612098036501401 0.0413573716282865
-0.0970264281677516 -0.0374061888701295 -0.0520028872552365 0.00322721812142005
-0.0948200710268637 -0.041666292272067 -0.0545145400533269 -0.0319867072840518
-0.0976511088152681 -0.057375244771361 -0.0373245706814676 -0.076385280237962
-0.0822778642960814 -0.0928742045567529 0.00145505290870274 -0.109137274793051
-0.024525522172062 -0.128013688240412 0.0813636501095428 -0.0817133524199235
0.054972009873951 -0.13281891436636 0.109291103638992 0.000252206548045009
0.12745670787694 -0.0963376307416366 0.0519614939840949 0.0564295170286574
0.15497235682591 -0.0331576637040886 -0.0531559747842275 0.0340970031865424
0.111946609689168 -0.00304557837463595 -0.176561419346975 0.0401187344742757
0.109146049226513 -0.0380693906340734 -0.148912871571332 8.99133272722604E-05
0.0749647722798561 -0.0773831148010151 -0.141692616816637 -0.00713490213961879
0.0144110642003312 -0.0923676964385106 -0.117794900708475 -0.00440610405704293
-0.0307690228474017 -0.0783310324860545 -0.119858183277624 0.00947958816391177
-0.0589090832745806 -0.0500628047613342 -0.105871424940153 0.0297600558916481
-0.0673948316819737 -0.031572983363637 -0.0960674449010955 0.0264794318515151
-0.066474737224541 -0.0346003604174555 -0.0858917946697372 -0.0102129236804815
-0.0634311784735183 -0.0398220605162562 -0.0816755924724099 -0.0481806666344531
-0.0595097897503074 -0.0533576564652203 -0.0501606378533594 -0.0955856450023155
-0.0414052499950491 -0.0774913983113865 -0.000812735755484784 -0.123883180221616
0.00626507936388575 -0.0959036677837593 0.080259404647627 -0.0876107801982751
0.0686375433432467 -0.0847198606047926 0.0957309042293933 0.0019940560256534
0.112198742728662 -0.0460094424975351 0.0264928148175724 0.0515835251823108
0.113740051511239 0.000552157797785808 -0.0961695652168503 0.0269421787233057
0.0494945642469337 0.0150416818732784 -0.197215991703595 0.0478346642637623
0.059573176284272 -0.00628145762233351 -0.154241390165431 0.013461551387084
0.0396505217499148 -0.0328049829526587 -0.132133789659607 -0.00589724823363981
0.00967372715191051 -0.0393773123617341 -0.114284220155718 -0.0185742476315831
-0.00658960543141503 -0.034254096511483 -0.128759997726066 -0.0032953074181686
-0.0220828718286039 -0.0253049674322552 -0.123670853829291 0.0189160850281658
-0.0287562631103105 -0.0194426511500855 -0.117490720010309 0.0161876791165135
-0.0263525738915177 -0.0263617892754247 -0.105255165673527 -0.021916213146326
-0.0250050281983935 -0.0290434919252739 -0.0934201656890722 -0.0640132754065452
-0.0200045160186488 -0.0362540676999477 -0.0493710203010051 -0.112485493827649
-0.00844527661441956 -0.0491503568339032 0.0102963993605246 -0.132820113076079
0.0192665377031344 -0.0561491095665413 0.0856792490289783 -0.0885310162284796
0.060582898496392 -0.0388287406069356 0.0852963364574161 0.000884645963898043
0.0770812143206945 -0.00232178136466035 0.00951035484673747 0.0386729011809283
0.0565338428329795 0.0265976590803293 -0.119978711278895 0.00917341349775166
0.00357776019599441 -0.0353274167242246 0.146003799077762 -0.0125328940624144
-0.0268383330396684 -0.014346945624138 0.0196974104844519 -0.0629625800243654
-0.0258659068099486 0.00826203368381614 -0.0842937094607166 -0.0145339577450492
-0.00748671767175921 0.0101910064576599 -0.112046791595599 0.0842031789466341
-0.00942537342464536 0.00293740319889035 -0.0360812448423129 0.142262678072833
-0.00899401563346958 0.00500427892410435 0.0462502827884091 0.131455827673906
-0.0102672133466802 0.00990893278114508 0.0975784360625356 0.0907800416610921
-0.0179801101337161 0.012560150936613 0.120006962510353 0.0362758627047418
-0.0220774474838464 0.0114916628805638 0.124113306585794 -0.000218468403267442
-0.0275489473074757 0.00410632281679182 0.126713501792376 -0.0171058854737201
-0.0251306852668086 -0.0104113374002357 0.133856899956817 0.00100979486963991
-0.0136375767814421 -0.0201447398394014 0.129082207847506 0.0273913309271152
-0.01382319396787 -0.024585423023779 0.131599080278918 0.0193703598539115
-0.00569152291092051 -0.0364282006502322 0.154640495309153 0.00918994256978183
0.0243497999984465 -0.0436077910866405 0.196303395828614 -0.034992614830686
0.0663730262954438 -0.036684842274274 0.123946751402096 0.000215277642421904
0.025084641530804 -0.0289677174635556 0.0129852330527616 -0.0544489897684759
0.0113400517484856 -0.0171927520671387 -0.0931640091664719 -0.0151790219651145
0.00822541892618935 -0.0245723925608966 -0.119176958947679 0.0783424140365249
-0.0163940051526521 -0.0336233262450566 -0.0492609973942581 0.137286553679565
-0.033424220897421 -0.0229876849669846 0.0316384455239637 0.133853570449091
-0.0450729694820502 -0.00912100083699201 0.0824757744450595 0.0953608216498308
-0.0605350564236715 -0.000909860485752171 0.105250165704177 0.0385734554390903
-0.0661643741392954 -0.00252160984546615 0.106670589433396 -0.00116143806253343
-0.075068005454169 -0.0157556112731466 0.106969040403956 -0.0272890444014537
-0.0683273527480547 -0.048385917981239 0.117928257251362 -0.0228738010434446
-0.0327363035299494 -0.0777442096353155 0.129026081047256 0.00619120377373534
0.0040519901841765 -0.087354878204025 0.134109472916094 0.0120082742740206
0.0456490910242277 -0.0855526221490432 0.141084888245272 0.010204776575757
0.0909981366071302 -0.0681660728715007 0.169903709751011 -0.0268874800009147
0.123007637972691 -0.0327856664340115 0.0789986571641464 0.00714732649072146
0.0810624455359632 -0.0409959803383935 -0.00890824429876702 -0.0542649544141451
0.0546674605453042 -0.0468617458781885 -0.111712600645433 -0.0193778479015589
0.0244149069468434 -0.0656264923596817 -0.128925804859544 0.0720454711864913
-0.0231730309351902 -0.0715955373436517 -0.0619128144326429 0.125986576363621
-0.0567094039594822 -0.0504201511297068 0.0131535032096099 0.125751977006123
-0.0754682772292028 -0.0277383475901147 0.0576299884193169 0.0904895375487146
-0.0939193760001171 -0.0144056436740758 0.0757370714307465 0.0362879814602191
-0.10032322264342 -0.0147770741499206 0.0735887300788821 -0.00459631237862455
-0.112784296508992 -0.0297911602382907 0.0743173015493316 -0.0386470280334712
-0.10656228396136 -0.0728763101835498 0.0889366403148607 -0.0496204101787341
-0.0567899940119262 -0.119119733673484 0.121547067005017 -0.0225243268332037
0.0102868571451676 -0.140276108831454 0.136118938760314 0.0025465631620877
0.0826586376473782 -0.127870464778374 0.12552779051628 0.0187362101171957
0.1422265476134 -0.0843325187617706 0.125460556828368 -0.0108339657591725
0.163623042704874 -0.0279536113756259 0.0144149900829446 0.0112858076133831
0.129405915102854 -0.0543259204234814 -0.044330718584674 -0.0533007302705244
0.0934558125503696 -0.0809817666136841 -0.13370805739084 -0.0222558066696563
0.0328772589300103 -0.108252298713825 -0.135326083878098 0.0600779034201327
-0.0347291132280367 -0.105639028164061 -0.0753239033314873 0.105093971445774
-0.0772325066357337 -0.0709853325049043 -0.0114179778729714 0.10742361308882
-0.0971465321485986 -0.04011637539257 0.0231952351273849 0.0776153870428073
-0.114230592061693 -0.0262276116389485 0.0353404896212742 0.0283938001058904
-0.11846640218616 -0.026276366366656 0.0301802202529191 -0.0101617340108475
-0.131637036836049 -0.040753696083871 0.032796533215702 -0.0491428702561622
-0.126141425127277 -0.0875637873530057 0.0534970161767124 -0.0726013544163313
-0.0691153992293907 -0.141979280720758 0.10822982420166 -0.0494430191815179
0.0156654205675141 -0.169252338407609 0.133273505380469 -0.00334312802442141
0.1090742115263 -0.148296287964248 0.105860000655861 0.0338135914577291
0.172040316401682 -0.0866565784518033 0.0679422146717024 0.00988393498775552
0.177567332245225 -0.0238664459491864 -0.0605074588753671 0.0186776105080457
0.154423697567206 -0.0625569936129656 -0.0876345791722772 -0.0426080690452653
0.112571770253342 -0.105218125003992 -0.149160876066597 -0.0208738277418967
0.0315509034009198 -0.134551428751538 -0.135651942103579 0.0411685561760291
-0.0444896139627396 -0.121924778813719 -0.0906906815191911 0.0734623284374972
-0.0884537862852493 -0.0778217846895804 -0.0428504312175454 0.080670988437975
-0.104632328417346 -0.0448605561643774 -0.0190623106490919 0.0601953233577442
-0.115988681369269 -0.0344412005338867 -0.0101449111648008 0.0175293823669843
-0.117586091576017 -0.035773613251014 -0.0160629457005002 -0.0178245962335491
-0.127217831258055 -0.0512876306942303 -0.00788184655050781 -0.0616098213113697
-0.11820298978004 -0.0955516115928515 0.0205547373694981 -0.0922186727588861
-0.0576938733098666 -0.146259257843336 0.0933541102699636 -0.0702313282041143
0.0326259462552808 -0.167051948386599 0.125745076744326 -0.00312989674923508
0.125654705497158 -0.137545604501152 0.0826306238522523 0.0489701849014421
0.17767663617494 -0.067576732247891 0.00512070101071023 0.0275315039973432
0.160114633595877 -0.0159070876170217 -0.130274066595293 0.029136495191612
0.147369342143271 -0.0588590160232192 -0.127517011998489 -0.0229634139036959
0.104866566343983 -0.105837462393526 -0.152298507465407 -0.0135414362602259
0.0230431530633686 -0.130111544048721 -0.12978102132677 0.0168994318020591
-0.0451234960401181 -0.112666302885679 -0.107531164955625 0.0381301219007243
-0.0826641402827718 -0.0697023312853992 -0.0775487880913836 0.053127350569613
-0.0953768101817279 -0.0409146733351063 -0.0617721173915672 0.0431687805260628
-0.100144219824914 -0.0377976992920239 -0.0539500730724164 0.00453674765447281
-0.0978331489283884 -0.0419350440309406 -0.0561221624063292 -0.0314604988724819
-0.100278066140481 -0.0567231810820287 -0.0376959678906142 -0.0776922576974551
-0.085047595457501 -0.0936920725378362 0.00100836849318332 -0.110183266005584
-0.0259342765963538 -0.130610703985987 0.0838585977505688 -0.0838340985744243
0.0569031591259918 -0.135551190903188 0.113471534275348 9.19235684899897E-05
0.129584748960544 -0.0976589313910534 0.0543329994368202 0.0573129147016431
0.158560790853778 -0.0345364129401349 -0.0538011682327104 0.035043384807353
0.113928849722397 -0.00337703315965654 -0.181024034560188 0.0412526399445701
0.111202770500934 -0.0394945547814112 -0.152126898873448 -0.00160099736447124
0.0767559765430159 -0.0789919539689184 -0.146230727295419 -0.00797843753213696
0.0140412826867763 -0.0944917494227427 -0.121257446432533 -0.00510105230693232
-0.0321375047786325 -0.0800562869210922 -0.122250568639032 0.00970883169976307
-0.0594306246666811 -0.0498040987423137 -0.108445570856038 0.0314089919147819
-0.0690400183900438 -0.0318357576186523 -0.0985926952579005 0.0279243554189312
-0.0686296331695937 -0.0350577083113067 -0.0885699048077433 -0.00939234891136857
-0.064912447108879 -0.0404754650083958 -0.0839587290596477 -0.0472588142401998
-0.061281312221291 -0.0534401904382161 -0.0521836886331649 -0.0970520293995894
-0.0427597067553806 -0.0782192084624894 -0.00120145202278159 -0.125497820448869
0.00579971078140137 -0.0974683802448363 0.0826998399071686 -0.0902034301380362
0.0703023146964408 -0.08592181156237 0.0997058143496689 0.00178478028593417
0.114511647452686 -0.0468723271370258 0.0275830878402169 0.0525662293357051
0.116957896525102 0.000478559908229165 -0.0985546609047759 0.0282499837223927
0.0502734461697237 0.0154071879209936 -0.202929964603579 0.0488412918082703
0.0602706308948833 -0.00727950379021045 -0.157910598601725 0.0130481235006455
0.0406939747726015 -0.0329845687675407 -0.135040108170147 -0.00685127792481995
0.00967552409557812 -0.0405174517945294 -0.117733481628714 -0.0189802116193292
-0.00742926083407352 -0.0347992511875717 -0.131836977096947 -0.00340228229770649
-0.0219630106889268 -0.0248326351768169 -0.127264318534647 0.0200066360273508
-0.0293914427854466 -0.0196128715763985 -0.11961217547464 0.0181823837908088
-0.0274150594833022 -0.0271047137140734 -0.10790189260715 -0.0212697882537342
-0.0254278911599388 -0.0293321318065305 -0.0961736987903195 -0.0641045866760089
-0.0210722768120815 -0.0369332245424049 -0.0507430760431058 -0.114558962537814
-0.00888722583050334 -0.0498833332507151 0.00978082569065749 -0.134612238953232
0.0192743214868244 -0.0572741155955284 0.087771117979459 -0.0893188556740887
0.0619938579054565 -0.0393585794920382 0.0887097673920334 0.000650301275510466
0.0786592079721664 -0.00228381037413634 0.0104466196165225 0.0394531642084471
0.0578675760809709 0.027693764830088 -0.12216778224542 0.0103274505181538
0.00187352078688843 -0.0364219557006507 0.149546283964971 -0.0204595437335529
-0.0287031902105092 -0.0139155368304788 0.0180249137793799 -0.0666107313525117
-0.0268096031805584 0.00956461134309197 -0.0876669137715971 -0.0128372912339649
-0.00714909258277772 0.0107582806152678 -0.112415453164548 0.0904291006866986
-0.0100371619431113 0.00377478793458369 -0.0319202351087893 0.147350679637602
-0.00932790078192974 0.00541648715206667 0.0520543540766474 0.131348630425351
-0.0100702398959351 0.0101370930431409 0.103380188259834 0.087961710678256
-0.0180162594713134 0.0136230870433948 0.125699316097791 0.0304440999041553
-0.0223340489070475 0.0130012324285797 0.128710218459312 -0.0059685195574053
-0.0279898831571462 0.00604601867092891 0.130573362066951 -0.0225980679359039
-0.0264438818508336 -0.0099688092460316 0.137535528987895 -0.00440000325445148
-0.0147977703560048 -0.020728416089867 0.134910478094202 0.0233954171273476
-0.0153398138767126 -0.0242395444364873 0.136011953795698 0.0151898503792451
-0.00672020203112053 -0.037268803052378 0.159312627623077 0.00461789856535235
0.0241953548465613 -0.0462204004289965 0.201425939862945 -0.0431118262259011
0.0660342243632717 -0.0408359724514699 0.126932765450674 -0.00630266218738422
0.0247535888113 -0.0309345040473384 0.0115047917716491 -0.0577017896627474
0.0106124329748856 -0.0175427350880651 -0.0959503203922786 -0.0128717059331146
0.0073672046606215 -0.0252275448691032 -0.12008121650425 0.0856135705510472
-0.0183745358543222 -0.0330848889369208 -0.0460640561614154 0.14248194319496
-0.0357330460212637 -0.0220341909534525 0.0372371389314409 0.134466100037526
-0.0463586309101536 -0.00766096650282793 0.0893843686320113 0.0927279294540955
-0.062433987187795 0.00190048906053122 0.111104549499728 0.0342408819852983
-0.068700634403874 0.000898079293044573 0.11022557499122 -0.00638419065929107
-0.0780243404352523 -0.0121244509064099 0.110497291617891 -0.0323488417347252
-0.0726878388716613 -0.0466709295331927 0.120073831486545 -0.0277322045656482
-0.0370462302186928 -0.0782374401728115 0.133590826685812 0.00188648482663416
0.00147010354587815 -0.0900439233621776 0.138334492809056 0.00682944588115295
0.0442252065298825 -0.0894187281491767 0.145997337457806 0.00541059755785469
0.0921471153078621 -0.0737976362747099 0.174445141073743 -0.0342616068186925
0.124275387550707 -0.0386196433625819 0.0808936267292423 0.00298476997813208
0.0814100179434609 -0.0450898810340921 -0.0109202666444446 -0.05793549787163
0.0547490828099939 -0.0497534812155464 -0.116300808569387 -0.0173843207705979
0.0224553210747128 -0.067994583733428 -0.130667510344645 0.0786343241577171
-0.0274528771096246 -0.0719882114786272 -0.0594972169284313 0.131372399116661
-0.0607729006638482 -0.0485866437489823 0.0179645357966764 0.127491158523967
-0.0781944028298181 -0.0247164247210052 0.0631818978907178 0.0893522462904497
-0.0974904554809454 -0.0109940670038994 0.0804116901528514 0.033405918498031
-0.104262835219951 -0.00998861649550046 0.0760639040545525 -0.0078453632042726
-0.117772040053173 -0.0245009075221049 0.0756766560907553 -0.0431915266144917
-0.1132399422522 -0.0695996581746895 0.0903167266854783 -0.0534489923664983
-0.0635683012334728 -0.119926781359149 0.124969571790861 -0.0269673269866938
0.00488224360009039 -0.144004609744555 0.140854231404048 -0.00341686778321333
0.0807176716621599 -0.134259164449964 0.129828676028884 0.0144416011657764
0.144188222350122 -0.0939034895871749 0.128661728065659 -0.0168308511193834
0.165730259478725 -0.0356345381891813 0.0155287799818132 0.00960654942954748
0.130088918821022 -0.0605045708302817 -0.046678477661296 -0.055980934062444
0.093077006081992 -0.0866472117942312 -0.13904158879654 -0.0194167613560867
0.0291002021107184 -0.111901517965594 -0.137965738272508 0.0667505850431273
-0.0403691223176171 -0.105679480761856 -0.0738962393789603 0.10935019030059
-0.0818518682961601 -0.0682832412152873 -0.00680181041242582 0.110047283478459
-0.100598252786914 -0.0365833429498613 0.0271648490517748 0.077825398846952
-0.118938354609675 -0.020962091953618 0.0380551275411485 0.0276441309643896
-0.123962682581375 -0.0211119569041968 0.0309382855155819 -0.0110162351775475
-0.137331326446318 -0.03476072223053 0.0324298370549879 -0.0521097084250606
-0.133573072893154 -0.0831148250770677 0.0523194597833539 -0.075493883000346
-0.0773579879535551 -0.143041929245403 0.110217800502361 -0.0545327429795734
0.00992023197048855 -0.174154201938868 0.138141241730371 -0.00934341780791149
0.105952432801627 -0.156543702869874 0.110574445519904 0.0299091562101199
0.17462219944972 -0.0964480129705062 0.0698778003946004 0.00642797558750404
0.180546399066566 -0.031072118943214 -0.0604280140364509 0.0199285658094155
0.155521156050913 -0.0705868596999201 -0.0908704849386491 -0.0435613850335496
0.111446610279391 -0.112290900964913 -0.154071845959527 -0.0156586241178824
0.0264225925103054 -0.139319083640516 -0.138218182259482 0.0467085191843478
-0.0511172020224883 -0.122335409484027 -0.0913299451379778 0.0780929183364279
-0.0932619040424758 -0.0752607525466246 -0.0404780667124429 0.0842199189824473
-0.108807039440811 -0.0403663582064529 -0.0164337850435551 0.0623780414288757
-0.120828254541549 -0.0297342535007591 -0.00933258646958512 0.018636600308461
-0.122517772091537 -0.0307792857872852 -0.0164833510155191 -0.0172487230595741
-0.133158574183949 -0.0448596382194784 -0.00936633110507704 -0.0626518573075529
-0.125730672858614 -0.09137846318895 0.0173350876339664 -0.0941784041469674
-0.0657464034303555 -0.147014650898742 0.0938157699673365 -0.0756620518127487
0.0277538269950452 -0.172740500631929 0.130629423280367 -0.00919378454273318
0.123581978880893 -0.145799002338069 0.0868409059456776 0.0468383856430557
0.180758654461176 -0.0774042132662966 0.00597865814948629 0.0278939649726265
0.16322599070374 -0.0224654971064377 -0.132063587688234 0.0344487922182037
0.148370983386935 -0.06637415783511 -0.131190997363083 -0.0208544025947068
0.103781641265247 -0.112682155088499 -0.157404605258312 -0.00898111764188375
0.0180784411621098 -0.134097554965294 -0.132650043290697 0.0215815382338159
-0.0514969601273128 -0.112937847361706 -0.109279114459453 0.0427394723374208
-0.087283039645379 -0.0674511096244732 -0.0780279351028374 0.0573803044434937
-0.0989095527099184 -0.0367579659277391 -0.0613434234525853 0.0467788185594946
-0.10486279995497 -0.03379154291485 -0.055173526511638 0.00748494856106458
-0.102615364582556 -0.0383083081964295 -0.0587093150525707 -0.0281395943855176
-0.106038364745236 -0.0526927073559805 -0.0408049821148962 -0.0775848722797604
-0.0913250453061713 -0.0910676605586407 -0.00300581610237959 -0.111139282080941
-0.0329263858302562 -0.132117104605486 0.0837161289538251 -0.0887727694980764
0.0529797746324172 -0.140907140603401 0.118082796295545 -0.00571510825140247
0.129145916924556 -0.105902242812817 0.0586149328046578 0.0558921477007254
0.162254589757588 -0.0425945353579605 -0.0536595929790799 0.0374141859396843
0.116492563889102 -0.00804835926601336 -0.184633312144119 0.0492743909872179
0.112782935133709 -0.0454788264819249 -0.155674444540452 0.00347649572633076
0.0760693128636153 -0.0840696390904891 -0.150204950893923 -0.0032911626740072
0.00940721083418485 -0.0976363585862046 -0.125492550363148 -0.00223623228295772
-0.0366682781773636 -0.0803120777582817 -0.125367126414713 0.0135528803984381
-0.0624850290763602 -0.0477857681655475 -0.109955337880257 0.0365696629638707
-0.0718268057025731 -0.0287430220965443 -0.0997872691925012 0.0334101083111688
-0.0726972790777515 -0.0325923363032617 -0.0914400032809514 -0.00455423554525681
-0.0687882530240367 -0.0386363230360058 -0.0874424260020543 -0.0440851736628277
-0.0654666432036528 -0.0514332430642155 -0.0571182563425427 -0.0969305738203913
-0.0473256609220463 -0.078179644251295 -0.00589911309353434 -0.12687962257082
0.000791272145662531 -0.0996072418964202 0.0818183823324232 -0.0949677511032518
0.0696701977163348 -0.0913667727155931 0.103807657239549 -0.0023066291941554
0.115565573892706 -0.0524398514044056 0.03064029340904 0.0526034086222483
0.120537011200966 -0.00411325773845356 -0.0993287665102855 0.0329846933604113
0.0520023229376361 0.0131886926917651 -0.207712900703221 0.0586059054306659
0.061737699114675 -0.00987791721748432 -0.162553510531059 0.0186832477811018
0.040743678237008 -0.0353700998209163 -0.139501761113414 -0.00278774445552628
0.00841523291830894 -0.0417298882097508 -0.122459649521284 -0.0157745337888669
-0.00892129837362735 -0.0357308583339672 -0.135493020378133 0.00129513171267239
-0.023269504966994 -0.0236811996693796 -0.129582313538454 0.0264002716496213
-0.0308719687968544 -0.0184123935427715 -0.122306880302527 0.0245834854500343
-0.0297411334923793 -0.0267235131417274 -0.112584224361298 -0.0156638790892936
-0.0275049516371886 -0.0291596240244881 -0.100832428095037 -0.0604189081962695
-0.0226541305779544 -0.0370238417350972 -0.0568557469024145 -0.115199996538096
-0.0107103736294323 -0.0503343200810518 0.00540860636519216 -0.137528451977018
0.018039384456671 -0.0584417821834227 0.0874738490964827 -0.095322754399375
0.062375348741849 -0.0425169164882781 0.0924727849677387 -0.0024176634550801
0.0803927738670521 -0.0056455200153623 0.0120475304892792 0.040050279922368
0.060787403005949 0.0263249989629553 -0.125113772891572 0.0164974005652918
-0.00116942468875704 -0.0366410687991862 0.146443194642507 -0.0313740524679145
-0.0295087573982646 -0.0119437401071433 0.0128238760834269 -0.0686844005148817
-0.0265863021696894 0.0113747759999854 -0.0885572145544068 -0.00845432041756234
-0.00656961448396529 0.0119547227638281 -0.106216029810123 0.0969449211482002
-0.0100150768616922 0.00508418956646438 -0.0228309699834064 0.148259829637334
-0.00959222478105526 0.00606748018303514 0.0590604791739178 0.12546058795417
-0.00945007580325088 0.0106554570783541 0.10870869602536 0.0796694033912311
-0.0173514523738169 0.0145543315789819 0.128676753577907 0.0211382356912762
-0.0210896241975674 0.0146015551779252 0.128427004215962 -0.0158055151655041
-0.0279241096686591 0.00787788073383608 0.128987169114391 -0.0313249436371416
-0.0272900566995339 -0.00838819553324474 0.137784288098829 -0.0132129569516242
-0.0163542901493041 -0.0194707998375077 0.136556012193397 0.0146544269001967
-0.01645083299482 -0.0234183445229004 0.135962240830999 0.0077167575604657
-0.0085734008240741 -0.036286399932135 0.159720016211915 -0.00431375226827823
0.0210069702260664 -0.0485875547179244 0.198686777471224 -0.0558428271195789
0.0629176973520084 -0.0445336633494463 0.126245559658996 -0.0156117120978736
0.0222099215301761 -0.0316976235922852 0.00804694680048304 -0.0606506028119099
0.00973738268344359 -0.0183698553986877 -0.0981965322392878 -0.00785807381814573
0.00594213918001334 -0.025668181358775 -0.114475700049379 0.0918738897518254
-0.0206715671681238 -0.0309728062723509 -0.0375041271060326 0.144141053053314
-0.0373985769964319 -0.0194721917165847 0.0451000568680634 0.130275286456194
-0.0467438753724151 -0.00441635281430629 0.0945623315754856 0.0856156195189532
-0.062241251097779 0.0063258978631713 0.113825848964781 0.025599817125623
-0.0683300768562202 0.00581762990987354 0.109951563004076 -0.0144399155191609
-0.0783514151559033 -0.0060438585619056 0.108596280815438 -0.0398783961496573
-0.0760528724844856 -0.0409688640532503 0.119019901187757 -0.0341412271496886
-0.0419563605666547 -0.0758767606636001 0.134330928680009 -0.00640339877874138
-0.00434095197054568 -0.0898238081168402 0.138706385680374 -0.00184387494369921
0.0387305855195516 -0.0921184843001691 0.146228261304349 -0.00297159514384254
0.0869638008839571 -0.0804601285127271 0.172207382074255 -0.0458265911593725
0.120797566320118 -0.0463789300600562 0.0814808529613886 -0.00477039012374567
0.0782715204591361 -0.049826138278197 -0.0138607120157206 -0.0597298615191102
0.0515265738383291 -0.0529134643979055 -0.117837726248306 -0.0104803071355495
0.0177088273679114 -0.0688990384912142 -0.125596205672885 0.0860408136083414
-0.0321943853192315 -0.0694290965344592 -0.0520986269854102 0.134091880136646
-0.0631704594386969 -0.0441012435527702 0.0256860727424856 0.124410921840427
-0.0795324950918881 -0.0189699931399022 0.0687220690889513 0.0836311044879451
-0.0983960735310029 -0.00335299875580347 0.0829441795259526 0.0269505654524838
-0.104910998447487 -0.00204571046255685 0.0758275489247003 -0.0135003479447567
-0.118221550853903 -0.0155990151912844 0.073104783191639 -0.0481889628281217
-0.118007413537424 -0.0613643569506328 0.0869266638277145 -0.0577306209973399
-0.0715534062947156 -0.115004457087507 0.123830910085994 -0.0347754486520747
-0.00421098611497926 -0.143897921480741 0.14000882859721 -0.0120932203040758
0.0719499579302468 -0.139208922559453 0.130800166203892 0.0064954887864953
0.138010050187502 -0.103647779794465 0.126891711038653 -0.0258230424222513
0.161917871803549 -0.045595779291962 0.016275862899634 0.00675633334390037
0.125504622153047 -0.0686755391118226 -0.0497706920529024 -0.0560020750841007
0.0872068302591815 -0.0918117773483949 -0.139980500902277 -0.0108077549068928
0.021116466812538 -0.112744838440716 -0.133575353804998 0.0742947656364907
-0.0469610999397287 -0.101546196258969 -0.0674949306482668 0.113551929410269
-0.0855930461677615 -0.061915975975539 -7.46592179086785E-05 0.108339764610236
-0.102641948105716 -0.0289230967104644 0.0319000069311304 0.0743352246618246
-0.119528026169311 -0.0127948722202354 0.0406198210368926 0.0247151209297566
-0.124567333698006 -0.0113322712936351 0.0309138384281333 -0.0138806624486619
-0.139443289802029 -0.0237286079774497 0.0300572952963443 -0.0543737354674286
-0.139124975969046 -0.0726752164283427 0.0480966155541693 -0.077649966829265
-0.0864629403194848 -0.13604156678669 0.107306172680417 -0.0612686034463735
-0.00107692161402082 -0.174759009771294 0.13772439367992 -0.0189426507843615
0.095541306464696 -0.163139412660551 0.112569991779965 0.0223989672368133
0.168081628228535 -0.108538167283167 0.0696462471860225 0.00175818788918916
0.176960645980912 -0.0417618658866508 -0.0590456635169323 0.0225763816153523
0.149407569431826 -0.0802809340541325 -0.0929181106223809 -0.0399300901263371
0.104587752748658 -0.11864715119609 -0.155267593704808 -0.00727620023675424
0.0166539252011997 -0.140108957559884 -0.135364780929168 0.0543354214993773
-0.0592770718461995 -0.117416807797564 -0.0864048810768085 0.0827243056851357
-0.097041901143138 -0.0677346076960645 -0.0352117973364657 0.0857425596983511
-0.111022428181963 -0.0324169833297663 -0.0122546228528082 0.0626612986670107
-0.122922042485888 -0.020719002008784 -0.00800928364227768 0.0193181560371813
-0.123754577623214 -0.0221210043202503 -0.0179214263601784 -0.0159864011129857
-0.135900023664697 -0.0338418330042478 -0.0127232030675836 -0.0619784843814606
-0.131216701096385 -0.0809222912164809 0.0122185406021977 -0.0929943887960999
-0.0760210960001873 -0.141347490775686 0.0898481727171266 -0.0805359759146477
0.0161937174986267 -0.174128420950317 0.130292319951558 -0.0186592090771101
0.11316546878979 -0.153459204271475 0.0898110995833658 0.0406453534175849
0.175764311192183 -0.090041710437879 0.00717217669070675 0.0270361286998786
0.16095391033955 -0.0324231771426084 -0.129355467751405 0.0413960071132354
0.143002650872318 -0.0756013844311366 -0.131150808215535 -0.0144153901881385
0.096543620037287 -0.118380511517604 -0.157942765080793 0.000599928422570155
0.00848370803134452 -0.13398788540242 -0.131194856916151 0.0286984657662368
-0.0592591304419101 -0.108242138514992 -0.106350987556255 0.0482219289435922
-0.0908384506816493 -0.0608075587956105 -0.0739304022014421 0.0617327182687005
-0.100620446543504 -0.0292104344312319 -0.0579190779807405 0.050302536595026
-0.107085096393508 -0.0261662731797731 -0.0545240940053033 0.0122162783790742
-0.105081296131387 -0.0306358880683802 -0.0591602222996827 -0.0237836520247499
-0.109216986669029 -0.0440755195271589 -0.0455118238960691 -0.0743074872965764
-0.0971300561873095 -0.0834799492876754 -0.00945010766320279 -0.10918838894569
-0.0417135876925427 -0.128613438357218 0.0783659140713062 -0.0934488886282864
0.0445622264857565 -0.144025389943494 0.118698930674892 -0.0138225785140931
0.121214757633596 -0.113616101000105 0.0617195325103361 0.0508246083316867
0.158939710836255 -0.0535622378777858 -0.0511516756569134 0.0415246009737905
0.115276489658256 -0.0159162981886401 -0.180546690744448 0.0602704226016103
0.108948477023326 -0.0521230296535976 -0.154832348241719 0.0113085841133507
0.0714429933226074 -0.088070023654661 -0.150631824167317 0.00505692514730833
0.00319773335975293 -0.0975179213142826 -0.125546219035888 0.00551034264657681
-0.042347544763021 -0.0772227281909939 -0.124042613499189 0.0209961524601104
-0.0645453149599043 -0.0432318276159061 -0.107626744452491 0.0435499138028671
-0.0729027840186145 -0.0230765386262289 -0.0972844886613594 0.0409439621957564
-0.0756585164172311 -0.0275698962366079 -0.0916240953811971 0.00324217707268745
-0.0712490402045555 -0.0334040732322689 -0.0897241931969806 -0.0366463432221165
-0.0683357544960288 -0.0461309464283239 -0.0631193846202523 -0.0927214033917847
-0.0520135331615578 -0.0733201862814612 -0.0139124050685009 -0.125175089633923
-0.00561897264803852 -0.0985234973855621 0.0763312410070518 -0.0996109383842089
0.0640386482472445 -0.0951091749384246 0.105592795185853 -0.00919926566700589
0.111572802889566 -0.0589467092962827 0.0333689126762618 0.0499129513030389
0.119697500813337 -0.0118611533313494 -0.0969944143127437 0.0390723271130516
0.0522676788092198 0.0100744918582547 -0.203197691182114 0.0714548776737847
0.059958638946104 -0.0145709495407107 -0.160336569854218 0.0281942684189409
0.0394350551945206 -0.0377186573427692 -0.139208244405 0.00546993956596157
0.00508445730922587 -0.0416541423807002 -0.123378030216914 -0.00898259752500424
-0.0115998845896495 -0.0350664911210014 -0.135115925142238 0.00937610145725201
-0.0238059284859313 -0.0221061050515901 -0.127992469616504 0.0349907722562587
-0.0314857280960642 -0.0153293500395892 -0.120651657770905 0.0338780937732744
-0.0321787376145525 -0.0251405639392614 -0.113261140189677 -0.00650762375897367
-0.0291818362037006 -0.0277184196040161 -0.104056767672686 -0.0518564759855336
-0.0248817445541889 -0.0351130699208842 -0.0638789256705265 -0.109804306344914
-0.0143012235973094 -0.0487495803411236 -0.00328023208029417 -0.136295209990359
0.0131918474795767 -0.0591988002733524 0.0813541716589217 -0.100317938651355
0.0601947999135031 -0.0464841990902363 0.0934312531473945 -0.00828370628713027
0.079089279113558 -0.0105853235506204 0.0142848726910984 0.0387934249772042
0.0625470160680362 0.0223587507328014 -0.123006524698083 0.0253524633413478
-0.00307767833352548 -0.0347117733659972 0.137939877903516 -0.0395137212444393
-0.0288930246672015 -0.0103013743774485 0.00792691046081358 -0.0678208286510773
-0.0250585742353927 0.0119880055334253 -0.0860317115038876 -0.00417894569306922
-0.00552960504795397 0.0113084742020196 -0.097381695167841 0.0982728473210695
-0.00961291950930235 0.0053909062074494 -0.0151575508580052 0.143458046487487
-0.00892851353825776 0.00683722882009091 0.062223592460725 0.116569827885321
-0.00863830682127914 0.0100101976454822 0.107912306538784 0.0685240919333311
-0.0158228195011977 0.0150005415533462 0.124935218790222 0.0112263025907344
-0.0190550646488151 0.0155393413597503 0.12260429036397 -0.0229058311004401
-0.0253183799243253 0.00951341000632576 0.122579021817521 -0.0373370114697543
-0.0268744391802583 -0.00628667092981424 0.132052936918466 -0.0198471553128852
-0.0168959270411233 -0.018001426366297 0.132556560883019 0.00746086586848491
-0.0172910752536803 -0.0217035001736531 0.130827414042485 0.00107036307333201
-0.0097856964884481 -0.0341910647556563 0.153211270607965 -0.0107604367518601
0.0174328154978465 -0.0476626400480108 0.187505905272906 -0.0635906865196298
0.0573904515926908 -0.045261897021608 0.119458338835592 -0.0234286509572282
0.0193347672404871 -0.0312847140583665 0.00403519055917299 -0.0599638438924631
0.00839094787480271 -0.0173529242444465 -0.0951964702382733 -0.00358933044866358
0.00410989451909253 -0.0246928348116856 -0.105841760506441 0.0940702332136031
-0.0213493124326277 -0.0283043738637036 -0.0294480538186023 0.140294902916482
-0.0372461122287053 -0.0159548316021384 0.0490204117544851 0.121144915271345
-0.0451998389990848 -0.00175547689047621 0.0952958687216096 0.0756362630857979
-0.0594433057166908 0.00997674143683817 0.111031074064692 0.0167924911120999
-0.064949711390868 0.0101685279191836 0.105082376219565 -0.020605900486888
-0.0755567030904774 -0.00100764244644226 0.102193154166265 -0.0444277895841963
-0.0753911144970542 -0.0348930173308719 0.113365779965888 -0.0389736076492916
-0.0442692848239281 -0.0699830950252664 0.128301401303422 -0.0131117378802921
-0.00908081497041467 -0.0858810010485975 0.132825941233692 -0.00904485717869124
0.0326315950449081 -0.0902826761413723 0.139994059717347 -0.00973603810248934
0.0791610509921399 -0.0826712826633612 0.162964792283803 -0.0529154278503024
0.113442318167044 -0.0504666131880743 0.0770535623837864 -0.0106032899338635
0.0713593814614509 -0.0513241173037465 -0.0162425537902779 -0.0587229335993399
0.0470571216659158 -0.0533178919093939 -0.113806869434846 -0.00478901527980344
0.0128977163562573 -0.0662482948033733 -0.116471230824509 0.0879745789449879
-0.0347573503291176 -0.0633150903685408 -0.0435860351339904 0.130418874664654
-0.0629239177554729 -0.0382699408784233 0.0308890676169275 0.116664586807313
-0.0766672281037315 -0.0138208970916813 0.070143437320478 0.075104841109881
-0.0949912316880131 0.00295547896090958 0.0813769862817282 0.0198912958488581
-0.100512190258784 0.00480845498172808 0.0723803512007439 -0.0178057231371816
-0.114151716820841 -0.00706697342648387 0.0684599520090457 -0.050374365584376
-0.116901783038108 -0.0511906386622559 0.0812042186656074 -0.0592897783498572
-0.0749074707438618 -0.105367433273773 0.117488622723453 -0.0400242618441016
-0.0110056137028504 -0.137465133758523 0.13380353164444 -0.0200700806446624
0.0617103076580732 -0.137011084067129 0.125183617964964 -0.000570012623577318
0.127021280970533 -0.107715614020557 0.120361456414357 -0.0316414538480748
0.152663615953089 -0.0520241196270845 0.0157761257424065 0.00446600819156262
0.115967987829622 -0.0717958669620489 -0.0500329255278493 -0.0536886691322096
0.0790568419883931 -0.092537587652608 -0.135430887895411 -0.00411926575682915
0.0140761453773753 -0.108719108067246 -0.124552214650661 0.0779453342267269
-0.0509668877066291 -0.0939095911006758 -0.0590532581383234 0.11172409009942
-0.084983753218035 -0.0543306230120898 0.00478491114188605 0.102884726458857
-0.0992155478599959 -0.0218065062998495 0.0341110211021644 0.0686813747574399
-0.115887781984961 -0.00420828200837199 0.0410557762583259 0.0205675803164477
-0.120102259837835 -0.00333149796951345 0.0290559689221699 -0.0147274037329909
-0.134295432699535 -0.0136741601506404 0.0256951289478111 -0.0543381189808185
-0.137986123543791 -0.0611350810997063 0.0432540936451642 -0.0757812316681904
-0.0908370736846348 -0.124896180657202 0.100520410202315 -0.0643106005264698
-0.0102659724083557 -0.167453476449623 0.13103296580071 -0.026685121338864
0.0830554188779907 -0.16105596739704 0.108328412921471 0.0156028321416391
0.155164829827501 -0.113789787705287 0.0660009402338706 -0.00283217608747403
0.167203486836504 -0.0494633477830237 -0.0554059200223565 0.0234798475076156
0.138515146522031 -0.0845528595255537 -0.0910155558981723 -0.0362372621392327
0.0939610463361822 -0.119560451006169 -0.148677617763624 0.000429022756018516
0.00802605559933382 -0.134261596867588 -0.127530099326039 0.0587667678822897
-0.0633617505871581 -0.108564609786102 -0.0792846857828011 0.0828458826233723
-0.0958308862504464 -0.0594365957102721 -0.0291657366749159 0.083195352035942
-0.107408611380642 -0.0245125493306055 -0.00883367342697946 0.0600695377392385
-0.119395448923364 -0.0122359650439844 -0.00590659729213557 0.0192166655263244
-0.120580309668341 -0.0135695072303023 -0.0165665860238217 -0.0143983694897537
-0.131263799846983 -0.023441134256075 -0.0149827406187714 -0.0583406248288457
-0.130288979726606 -0.0687915995148465 0.00791528362437847 -0.089002170409996
-0.0802857731498015 -0.129690708268926 0.082660797847907 -0.0825854955494692
0.00643667027094377 -0.168054823732105 0.12383598316765 -0.0257406037900971
0.100946757706708 -0.152231012069878 0.0876158641161407 0.0338772617757741
0.162599963242182 -0.0961004482441313 0.00791076855975005 0.0250899366217985
0.151518794395717 -0.0392639292107002 -0.121449135072579 0.0456412135495683
0.132152419971502 -0.0798020168696462 -0.12675339426901 -0.00932032560888573
0.0862857145700433 -0.11826313858105 -0.150941761936977 0.00798736216584565
0.000299398576927801 -0.128557067186267 -0.124883893112578 0.0336362679639926
-0.0631496377686362 -0.100243081688763 -0.100179793406889 0.0512709036054508
-0.0899237662401309 -0.0526210258136141 -0.0676798812271427 0.0626365352774959
-0.0977074733539944 -0.0215988153983644 -0.0526614293662723 0.0516846523754797
-0.104276413165442 -0.0182747043119467 -0.05115669791579 0.0148481058204543
-0.101957135274188 -0.0227542233822597 -0.0580461799096467 -0.0191793106623798
-0.106300873651591 -0.0349763558641249 -0.0468059438907428 -0.0684640155596807
-0.09780958964813 -0.0732093873547209 -0.0141157439467416 -0.102541081522311
-0.0473052448620533 -0.11966827153616 0.0711375450188091 -0.0932372393777819
0.0352030961287472 -0.139864801504131 0.113834094901569 -0.0204353392771316
0.110260273725015 -0.114737950577702 0.0615746038694062 0.0454138470470096
0.149670191874265 -0.0600665702858777 -0.0475333057252301 0.0423843138820073
0.109188507422028 -0.0209260828149298 -0.170185898161256 0.0670385860519123
0.101127994477351 -0.0556732717835172 -0.147061274255539 0.0181726348349339
0.0638709846185261 -0.0880340607361187 -0.143752167072873 0.0126771722021416
-0.00252386112243481 -0.0924329496822371 -0.120415850876591 0.0107746974460985
-0.0454585990145276 -0.0707904184518189 -0.118332154886072 0.0259458484034095
-0.0632144928870973 -0.0374664581723071 -0.10029135777987 0.0474093760660129
-0.0706646491413355 -0.0176047974401999 -0.0903090133812795 0.044525175409815
-0.0744001287785552 -0.0216102414455321 -0.0875140142030049 0.00943696760534776
-0.0702093303743749 -0.0278181616675444 -0.087319077950398 -0.0295816256221713
-0.0675949404558061 -0.0391923846076191 -0.0645517255485117 -0.0843060550780213
-0.053411246712836 -0.0663733921277241 -0.0191415994062076 -0.117075293735596
-0.0105871989497208 -0.0938815385131725 0.0682159156468005 -0.0990438353458173
0.0566385968517118 -0.0945277668132604 0.101102723939966 -0.0150753548018621
0.103499021778789 -0.0625602900810407 0.0348656998083766 0.0461062044716013
0.113829537436949 -0.0179879262637988 -0.0905877141624145 0.04371100982
0.0501222696600016 0.00697631407545286 -0.191465006063986 0.0791505266140015
0.0565633659581418 -0.0171430277457292 -0.152215322850187 0.035117960862136
0.0360836347500794 -0.03772287621065 -0.132960618553012 0.012535866170204
0.00245674374157601 -0.0398581139642321 -0.119766324684445 -0.00277453445470841
-0.0137871764975793 -0.0325965927104873 -0.129564015504687 0.0158141061292134
-0.0233963381170123 -0.0195855029861728 -0.12070105421665 0.0401535103515137
-0.0300618592144814 -0.0127774615903596 -0.113418395670003 0.0401036506302452
-0.0324339443364419 -0.0216553981785976 -0.109188278795591 0.00150432590321449
-0.0291266802514075 -0.0255303847922095 -0.10224856626506 -0.0430982820333685
-0.025817782857245 -0.0314913951362915 -0.0670661145682207 -0.100839140506984
-0.0165416313611274 -0.0455082004672745 -0.0105021654214424 -0.129035323595744
0.00978020302944973 -0.056692347102261 0.073304506107882 -0.0998618838799634
0.0555871479351093 -0.0480094349145971 0.0898848800174148 -0.0135527886156695
0.0753585442050383 -0.0140273178549021 0.0159516572331461 0.0365882588369863
0.0614517516308482 0.0176737453149287 -0.115973617054123 0.0312711484977058
0.00129704077537458 -0.0318136367765294 0.131810600182638 -0.0243256385618367
-0.0251957665280494 -0.0122395875814807 0.0140780265321697 -0.0656214355714644
-0.024324951587742 0.00790679379323813 -0.0805978139236071 -0.0147717983206678
-0.00699036120548003 0.00899359103191064 -0.100246423000981 0.0782564161598249
-0.00996265757204019 0.00382362141980327 -0.0303147281570536 0.128882970841763
-0.0106142578501463 0.00414914337098752 0.0436658139315495 0.113303986866044
-0.00991060647094699 0.00775777713185491 0.093143223795247 0.0744171938515663
-0.0168896695260803 0.0123287181726389 0.116539086051071 0.023768935516612
-0.0202925312810182 0.0114256322603035 0.119005724592301 -0.00861582572549307
-0.0256301646232042 0.0055826752332546 0.121026714275904 -0.0211945575688209
-0.0259583559762406 -0.0100975924937845 0.128363477268375 -0.00231420551465362
-0.01581952618899 -0.0201616747230171 0.126644977091883 0.0235919835223469
-0.0145275010684601 -0.0237834234165544 0.124511963667141 0.0182226325744802
-0.00527410539943408 -0.0341624458777704 0.148203185954428 0.00910734900366002
0.0210214967669613 -0.0440207167874643 0.189426243191611 -0.0371723975184606
0.0576233008470559 -0.0341360052088118 0.115799694753177 -0.00830015347002266
0.0215917829922561 -0.0254394500674327 0.0119558644208307 -0.0571139067672877
0.0102670854775173 -0.015125518205875 -0.0867218292366067 -0.0143325481835123
0.00735556027859876 -0.0224151475892791 -0.106381361478343 0.0738534696751725
-0.0160206971983817 -0.0283841538447227 -0.0416417512993362 0.124440786044848
-0.0331687920497662 -0.0198166540341172 0.0316283357903311 0.114846739787449
-0.0422931625960522 -0.00782036650650617 0.0806925709731823 0.078839182240356
-0.0574084303777976 0.00227513411287113 0.10221492321089 0.0269872981257859
-0.0624937707112174 0.00160377846952141 0.103054681019896 -0.00831447802490441
-0.0709869680304457 -0.00987327325759672 0.10440475531064 -0.0294449867262068
-0.0679209427806524 -0.0419964994422735 0.114207141822217 -0.021286270802538
-0.0356188058684395 -0.0719268949748459 0.12664681756523 0.00464470604503223
-1.14130727298413E-05 -0.0835025003756308 0.127419581014183 0.0102047541080459
0.0406572046142469 -0.0824872770307541 0.133518141978339 0.0112063397020564
0.0842785853628127 -0.0704735598228518 0.161888614061949 -0.0279221315972083
0.109142200083609 -0.0325964998099414 0.0775571102259273 0.00291231269285544
0.0720769668158279 -0.0376718909115161 -0.00496746093079271 -0.0570602605661266
0.0507665240093128 -0.0426361969798291 -0.101828074017029 -0.0164124640384364
0.0210865721973475 -0.059893741929658 -0.113845707197253 0.0675781972773318
-0.0233137260228588 -0.0636288710629593 -0.0517829270690158 0.114220121954151
-0.0539187863655601 -0.0436735663204869 0.016043226952787 0.10735848431119
-0.0706017619570196 -0.0225593213159733 0.0581929358751119 0.0760902664490201
-0.0898981049319578 -0.00805276176591129 0.0739820299157616 0.0274470362046206
-0.0959079621414852 -0.00759387973979948 0.072345558680863 -0.00835035638585102
-0.106556605837466 -0.0189736132071152 0.0738250324259609 -0.038426940718422
-0.105013288218994 -0.0617601330520402 0.0886082374741397 -0.0425583457750357
-0.0602664919031621 -0.109141117165972 0.119893051476654 -0.0213267148437384
0.00325356526490293 -0.133017898228421 0.1285324213908 0.00107806393903378
0.073506499909745 -0.123150927886933 0.117329938165449 0.0200809809983931
0.131906548446196 -0.0897644509253867 0.117179280172566 -0.0106527989987779
0.145428937321746 -0.0288480633926532 0.0209696117972052 0.0119606901118461
0.114792263398733 -0.0496596074140544 -0.0346112004487002 -0.0549118951712803
0.0851727177924086 -0.0744735594924069 -0.118147730829712 -0.0174072259365441
0.0278829914272257 -0.0982140108096202 -0.118471235317963 0.0571824911595447
-0.0336018832346063 -0.0939322244920265 -0.0630507225353598 0.0949758020308354
-0.0715579303415242 -0.0608558693710874 -0.0056167538611625 0.0915193339513146
-0.0900875077347739 -0.0316951120381109 0.0259581338993554 0.0669414333403939
-0.109312589588205 -0.0171833202017775 0.0355858580014362 0.0238208429791381
-0.113164498339879 -0.0168824604516064 0.0314098933506432 -0.0098849181079319
-0.124069164205112 -0.0275715776873218 0.034674154170979 -0.0458605334364926
-0.123058645679758 -0.0723405471224392 0.054945041817957 -0.0619335528245579
-0.0729966939299235 -0.12809253146297 0.106771728164832 -0.0461725240856013
0.00716232059820084 -0.160425091419131 0.126635682810877 -0.0047289534382735
0.095950790444261 -0.143273565896783 0.0983097856751512 0.034985380273531
0.160247614499081 -0.0917226480648172 0.0600339899339888 0.0118453833555708
0.158495017500209 -0.0244967238504145 -0.045822730834503 0.0234868013566052
0.136974451453704 -0.0594358498290353 -0.0727020229429107 -0.0419297532178651
0.102207906077987 -0.097645980413568 -0.129404788882537 -0.0135537704175926
0.0255058127567064 -0.122037683443424 -0.117643283372331 0.0392706032696876
-0.043578459817336 -0.109171544835601 -0.0770216862004023 0.0664512396436658
-0.0808299552295738 -0.0673250351692645 -0.0349354293271788 0.0689860439857907
-0.0971656135013967 -0.0349831087976757 -0.0128445034351633 0.0544368762194352
-0.111920500632468 -0.0247786425426113 -0.00839146841214644 0.0181931100806721
-0.111996026047531 -0.0263482847053256 -0.0127788811310275 -0.0140083423605615
-0.119822870087686 -0.0356211336851582 -0.00349534409363697 -0.0545835031368583
-0.114044507673126 -0.0789941973774634 0.0223042021529267 -0.0781390378561947
-0.0622405654541132 -0.13162044266491 0.0914328526202809 -0.064856548949627
0.0233812587343725 -0.159143509732398 0.119772309663738 -0.00558528751532782
0.111669159345368 -0.133737185399431 0.0754993829125878 0.0493177733170226
0.165654462634602 -0.0744476543918671 9.79478879203526E-05 0.0323620896194945
0.142615581950612 -0.0175566836610324 -0.110026670693963 0.0368576906183243
0.130563902591234 -0.0560175736580827 -0.108656790359421 -0.0201385521285661
0.0953001484104543 -0.0982726346592058 -0.132003321731948 -0.00730364905751058
0.0185955773425483 -0.118027953905571 -0.11315245050848 0.0158971645682088
-0.0441034993536202 -0.101215235937904 -0.0934063829389586 0.0343440163067767
-0.0753370990186484 -0.061042544558469 -0.0682298205323762 0.0466728300856341
-0.08811350012704 -0.0316570334662561 -0.0535706558332026 0.0422302414287561
-0.0970001847502403 -0.0285391095614033 -0.0501696440086355 0.00946398261874867
-0.0934187098482716 -0.0326837410513428 -0.050982458298918 -0.0223402260397908
-0.0947961324795368 -0.0431793182873914 -0.0336361974408555 -0.0673979291045961
-0.0831161089427802 -0.0784727178749158 0.00212351193415402 -0.094002237593994
-0.0318543095992565 -0.117739020185869 0.0804084800894924 -0.0770387174501408
0.0472483253279402 -0.130298296993234 0.108579439330446 -0.00299993400748773
0.116454321748495 -0.0963496417259428 0.0481091792299336 0.0558490553614917
0.149690021699799 -0.0410797865787052 -0.05482794017997 0.0408684354220453
0.102047548153885 -0.00577340398269316 -0.159318308451216 0.0495087462036099
0.0989042467067868 -0.0381098518312728 -0.133554888093968 0.00275978496792593
0.0705880837447 -0.0730573509442069 -0.127270534031139 -0.00326112616252868
0.0107584046263009 -0.0856965696896236 -0.107838052929141 -0.00421166068569856
-0.0317854301192551 -0.0722507055790845 -0.108812289116863 0.00909226216175419
-0.0527101687976029 -0.0432657473534952 -0.0976141617901997 0.0303438416251712
-0.062828380225245 -0.0238551540867237 -0.0882259695366174 0.0328177959494761
-0.0684900488625115 -0.0281377566785761 -0.0836535328300711 0.00027176550254026
-0.0624194446685973 -0.0341483251411176 -0.0781462884882471 -0.0355846317532712
-0.058320395084415 -0.0434278551860449 -0.0499539381864922 -0.0841857996616938
-0.042718937770472 -0.0673897530710067 -0.00285958456702571 -0.109753837883961
-0.000434305228138123 -0.0884152560283808 0.0775516627830792 -0.0835281490166176
0.0629179290352562 -0.084750696066462 0.0957155683298381 -0.000181055576141322
0.104553335860335 -0.0474368609416368 0.0229803019062647 0.0499171829926251
0.111395001151864 -0.004278679222131 -0.0957779591583559 0.0352595296613813
0.0442307293447498 0.0120335252324435 -0.183023320661437 0.0566459924900273
0.0531657275965654 -0.00823542117601429 -0.142174366700115 0.0180759992105799
0.038421308093014 -0.0295941826095903 -0.121188404835059 -0.00312135277724579
0.00776963829284975 -0.0360959620984698 -0.10705701740518 -0.0169319091162316
-0.00786213593441168 -0.031957946879122 -0.119480563032373 -0.000679367355631987
-0.0173874738152537 -0.0218384369412441 -0.116161291969939 0.0238018920227607
-0.0263308663735745 -0.0148973136752016 -0.109457363742337 0.0259504778220654
-0.0287698723306141 -0.0234480962310424 -0.103239769109256 -0.0090337595986025
-0.0243666956120471 -0.0268303711989632 -0.0909663908724813 -0.0505210856443481
-0.0204085040668703 -0.0318928345780609 -0.0513202637326413 -0.100491831218374
-0.0100830837719855 -0.0435024672551218 0.0055465163309714 -0.120088331083632
0.0139827464832341 -0.0503859494665274 0.0814550499683085 -0.0848613739979081
0.056577183868573 -0.0402020791379002 0.0858003585248507 -0.000759476784283338
0.0734508255555905 -0.00430057099489419 0.00678872609300401 0.0377700065015225
0.0570135622058833 0.0243203189892612 -0.11741319787848 0.0186543209378619
0.00143042130105265 -0.0302465049150251 0.126955789551921 -0.0217727318007702
-0.0234496307236489 -0.0121124470991232 0.0139213458400033 -0.0637513432984036
-0.0232473658100735 0.00773895199548821 -0.0776641406760881 -0.0173879390290608
-0.00658928534587943 0.00838095934565771 -0.0981455970630864 0.0725733207867223
-0.00953498619215057 0.00344150246525819 -0.0323432430745381 0.123087056531603
-0.0103303515782661 0.00469093945710029 0.0379591097951328 0.108391756420047
-0.0096556558366709 0.00669601135047058 0.0877491215598419 0.071819032748772
-0.0168704204483805 0.011615462446346 0.111731846454742 0.0227461299671465
-0.0188376314018411 0.0114245578035709 0.115435446597157 -0.00772759653148343
-0.0249180677291895 0.00508795168266705 0.116788871542581 -0.0187551488563917
-0.0247778050808103 -0.0100637325150166 0.124440333760472 1.38131994307045E-05
-0.0143355878119433 -0.0198376449283551 0.121896014369154 0.0252014696769131
-0.0138653341676942 -0.0231715483065817 0.119209709283336 0.0211399118166267
-0.00398538271837543 -0.033160418737636 0.143102468322059 0.0134496146550288
0.0205977323324825 -0.0423646617767492 0.183170534684023 -0.0320181883948563
0.0556280530478747 -0.0318306309940608 0.110956844227189 -0.00703706241828676
0.0215509607903037 -0.0237444749863783 0.0123889547925242 -0.0568644555769788
0.0104727440213304 -0.0140072963151776 -0.0828784927254527 -0.0162712421361185
0.00712928863114502 -0.0212282686905264 -0.103663203790958 0.068098648598722
-0.0148086235800396 -0.0276352567256014 -0.0430926674261635 0.118682549623821
-0.0310564500280765 -0.0192494364337115 0.0267870772477254 0.110016017896058
-0.0409198064491797 -0.00824295804682527 0.0755295358998106 0.0763376863245463
-0.0557042317749417 0.00151300721935558 0.0982782742961492 0.0261523863959641
-0.0604245300668053 0.000838304007685984 0.100015059664196 -0.00692612634767427
-0.0682477760678415 -0.0104582812207484 0.101508624663544 -0.0268783593810904
-0.0649316948418703 -0.0406485499297673 0.111002602976699 -0.0180837455975039
-0.0331915052095344 -0.0697662130032099 0.121911929106435 0.0075428850765977
0.00226387994444425 -0.0800959619870387 0.120722388757058 0.0131790318321046
0.0415641287402151 -0.0784792662068179 0.128904487937175 0.0150775787576436
0.0820870010130858 -0.0665095313633624 0.156143116476079 -0.0242079406387874
0.104858096223987 -0.0286333287423699 0.074500783921495 0.00246716890463622
0.0695457831098549 -0.0338127238297582 -0.00395724811042558 -0.0574490653022892
0.0496106840622821 -0.0398265919550924 -0.0973503721117349 -0.0189864565360245
0.0213636971049404 -0.0564070241574034 -0.110923028866745 0.062349127796397
-0.021048319105375 -0.0610572616537566 -0.0531004670783282 0.108252261026587
-0.0509983620428395 -0.0422828943981541 0.0124973213829638 0.103053255707308
-0.0671939504207076 -0.022407502594642 0.0539645801469578 0.0729626356866686
-0.0867031592625034 -0.00890637100107641 0.071453280850205 0.0260855691418859
-0.0915168561471915 -0.00839336440100152 0.0702388717024564 -0.00739529999611302
-0.102076795852606 -0.0194135026243895 0.0724364415051902 -0.0361672213193136
-0.0997131168749101 -0.0593902256013707 0.0869068247152333 -0.0395178295387407
-0.0559277631348885 -0.105464612907546 0.116298529021885 -0.0176007747995729
0.00558153253699974 -0.128038781635689 0.122979938817141 0.00394906553629085
0.0733314241904668 -0.117147426381604 0.112242202208029 0.022429340780847
0.128910486143302 -0.083742331124289 0.111949352559291 -0.00796141589831863
0.139716732306451 -0.0241944623482753 0.0201152883878113 0.0105763715479581
0.11143393584874 -0.0458206048073286 -0.0322344387948704 -0.0558787616598893
0.0835572124582318 -0.0702265894846182 -0.113280192909972 -0.0198743280977816
0.0285960724281175 -0.0934784217742779 -0.11572671203948 0.0516081029023187
-0.0306736793690701 -0.0899406380618706 -0.0634219372098362 0.0891793269103271
-0.0674231873486033 -0.0593388354686892 -0.00823262757071308 0.0870765778039834
-0.0861768773131921 -0.0316820762820776 0.0232869203117602 0.0637020936528943
-0.10455204322179 -0.0172735969595157 0.0339397135802368 0.0231244333229383
-0.109056315732926 -0.0172025820047538 0.0305791526751425 -0.00913118362751194
-0.118408217138107 -0.0270665779922126 0.0347951385627039 -0.0445603250640557
-0.117415372491175 -0.0702137728450977 0.055210613823858 -0.0580654784265227
-0.0673126775772952 -0.123693505217377 0.104635205379448 -0.041982990013561
0.0101057924594949 -0.153718880736362 0.12127413057507 -0.00231611461436104
0.0949096993972335 -0.137016472557054 0.0929179135661022 0.0357269114349311
0.154994369850896 -0.0858697460008841 0.057107896120831 0.0137031709595828
0.15196609773505 -0.0202139350564874 -0.0444681391083948 0.0204877344715211
0.131945836650853 -0.0537574355777558 -0.068741140993781 -0.0443730827421261
0.100378420510197 -0.0918304395822934 -0.123615108745104 -0.0166219441400875
0.0267700975386482 -0.11658485124929 -0.114687019470332 0.0340176960776022
-0.0401633145819035 -0.104670952056718 -0.0763689124564855 0.0611028902647147
-0.076332567922765 -0.0656383846181663 -0.0354454223418771 0.0649124770352273
-0.0925718043466545 -0.0347218114094232 -0.0132973470630584 0.0516736469271107
-0.107592941751656 -0.0242494182655859 -0.00835301920179162 0.0170626137958217
-0.108002230026789 -0.0262727761494325 -0.0116479395957678 -0.0128278241975632
-0.114065066553025 -0.0354061688427454 -0.00269084418824819 -0.053104343133784
-0.109301105460549 -0.0760905682907768 0.0244234504724174 -0.0737974481384575
-0.0578744258607492 -0.126211966817245 0.0899439250010458 -0.060220427381419
0.0250739914674526 -0.152606735301716 0.114999067117575 -0.00373844618020372
0.110014520077259 -0.126133165555889 0.0707582119338398 0.049303928987158
0.160640990357184 -0.0684019082663902 -0.00101238240430974 0.0315552704044321
0.136978479795578 -0.0141976087497333 -0.106519595942875 0.0322873848971097
0.126321735755539 -0.0506204657059711 -0.103527595753818 -0.0234132784238126
0.0940802213222883 -0.0922489082062683 -0.126090009139612 -0.0106895576333444
0.0201004893778382 -0.112676888782816 -0.109293957194044 0.0122792160666648
-0.0409953198027644 -0.0972824340040663 -0.0916239097907722 0.0299767511387593
-0.0703254365250976 -0.0590483330101141 -0.0662601687441517 0.0434042749350708
-0.0836867661607838 -0.0313657457941587 -0.0515090344947954 0.039668163051656
-0.0931084752032229 -0.0280815175039865 -0.0480169277880481 0.00913590172361026
-0.0899555541889096 -0.0329893876420047 -0.0480464721792297 -0.0221343421116732
-0.0900658965043746 -0.0419352127388668 -0.0307237990192202 -0.0653944722673983
-0.0784520754648752 -0.075585881440059 0.00498753908428852 -0.089589899000725
-0.0284442137031877 -0.112769731619766 0.0797999268512729 -0.0726562302954388
0.0480392203306145 -0.125009373409725 0.104169996290029 -0.00125300934684539
0.114113598128923 -0.0904047729688953 0.0445461764599349 0.0551593545384476
0.14403747365487 -0.0367924159145105 -0.0537641043882979 0.0386861532070248
0.0972818094448258 -0.00350785873918703 -0.15320154192997 0.0434822316437695
0.0952736399628349 -0.0345954496980487 -0.127206652090666 -0.0015266952029025
0.069916128348998 -0.0686017529125085 -0.121713626508062 -0.00600559209703628
0.011772260031587 -0.081497665746549 -0.104339931198592 -0.00815081077476065
-0.0298452145330694 -0.0694270401472968 -0.105576011284859 0.00576606292057893
-0.049657980585635 -0.0424335139066151 -0.0942726693811113 0.0275435133896985
-0.059893864751125 -0.0236043251636954 -0.0846589906238117 0.0295754302308874
-0.0657260201933381 -0.0279088314771579 -0.0798270139977459 0.000465172101353813
-0.0602607491386428 -0.0337333548237658 -0.0738902700003706 -0.0346717525859365
-0.0545133754284579 -0.0422507199479518 -0.0457270052981751 -0.0811050109416484
-0.0396163774700093 -0.0641507012357514 0.000623602288576359 -0.104616606120317
0.00117448897521516 -0.083878188092013 0.076874542642007 -0.0781857427204577
0.0616223348719941 -0.0807729075741222 0.0925843507288761 0.00108715603047886
0.101581288591386 -0.0428919905877638 0.0203421020577796 0.0495580747250277
0.106776242959493 -0.00210425051099161 -0.0927385593612739 0.0320393308775199
0.0427523384686104 0.0127191512933701 -0.177392592975678 0.0506131003657538
0.0512714325010286 -0.00646587329013217 -0.136316166206763 0.0139536685172611
0.0380437432879006 -0.0282565271879245 -0.115737252741444 -0.00576343740300688
0.00829544482404948 -0.0345055970531058 -0.103852625501025 -0.0199490733571267
-0.00764368251253267 -0.0302802943098024 -0.115026680019861 -0.00382292084838294
-0.0157622741476386 -0.0213155703371406 -0.112313920376836 0.0207964841675788
-0.0242615710026162 -0.0145694550687426 -0.105428302124392 0.0237866943161228
-0.0277101520238734 -0.0233323079399996 -0.0990954674381407 -0.00900720106336626
-0.0232424734497646 -0.0261433998495823 -0.0862276660452035 -0.0487981893284796
-0.0184301915927785 -0.0307937230928933 -0.0473729976723531 -0.0968515404329652
-0.00916536265199001 -0.041281415468439 0.00905379635580421 -0.113791312243329
0.0146404629710049 -0.0479993565742826 0.0804002624822296 -0.0791128700412889
0.0556861530689978 -0.0378027077648797 0.0831109460601358 0.000558437816695247
0.0698422011559072 -0.00236369445276185 0.00585463219818379 0.0363775745454783
0.0538304091220957 0.0247705647061253 -0.112659383380064 0.0156335465844653
0.00217524766295719 -0.0303019940586941 0.126271950754414 -0.0180370525230045
-0.0225210962492935 -0.0130348026195223 0.0159746049195076 -0.0642452941773612
-0.0229530254048745 0.00668013836786926 -0.077332617156705 -0.0207995329820393
-0.00696544801135232 0.00823153244558433 -0.101096832326099 0.0687611023699929
-0.00951998460161457 0.00329654156519441 -0.0369064098530476 0.12134939443166
-0.0104961172144347 0.00467112765424361 0.0336183993253391 0.109074288166958
-0.0106876118092067 0.00657230805181504 0.0844619199513924 0.0739506287725092
-0.0168659466592448 0.010979282607163 0.110721382407807 0.023951756464545
-0.019351172301544 0.010605667860765 0.115407478107797 -0.00453468525347044
-0.0245957916661697 0.00426348233683142 0.117618771482165 -0.0150120708525666
-0.0245257534392859 -0.010458344284332 0.124299162768415 0.00416207991141179
-0.0132150989983212 -0.0205090875071322 0.121114825353919 0.0304535058947453
-0.0129597418227609 -0.0234349239011806 0.117662620843599 0.0263359234988534
-0.00224086556857892 -0.0330841797757931 0.142690864354293 0.0196006875774903
0.0221413678228667 -0.0418331602234688 0.18397570481514 -0.0259191005730026
0.0563403191115808 -0.0291929482220651 0.110108967997419 -0.00489353674435873
0.0228586744555236 -0.0228601606809498 0.0134145937537235 -0.0578396485650171
0.0114035543640328 -0.0138182682659938 -0.0828407134570426 -0.020396066284071
0.00817746268068473 -0.0208278844147661 -0.106174579990445 0.063870625971705
-0.0142580275596449 -0.0282285013485707 -0.0476538457871845 0.116792487079695
-0.0309036152086919 -0.01963237029111 0.0219958548365283 0.109929560066891
-0.0410849032575734 -0.0102811618256041 0.0725800830008009 0.0773532535585922
-0.0563428487518968 0.000482139657166104 0.0976446904377947 0.0274305651773154
-0.0599580480557852 -0.000475774827549803 0.0999637160737024 -0.00440544213454896
-0.0675546595604148 -0.0115823349401201 0.101539095912198 -0.0243696971280771
-0.0639900651849146 -0.0420671418979843 0.112848082054483 -0.0139814034453384
-0.0304092407582601 -0.0708432705837769 0.121968514196339 0.0121795283237712
0.00453805118778577 -0.0805698997388033 0.120250246095091 0.0180756929241405
0.044425701506846 -0.0772210301108458 0.128691975642263 0.0204238137999512
0.0839435595541065 -0.0642083747788754 0.156363366278613 -0.0186462382139459
0.105014406656955 -0.0243172293746163 0.0737165583568638 0.00366206812043866
0.070601955701456 -0.0314106933501409 -0.00195440096130406 -0.0591733417529863
0.0514812144292451 -0.037792896929953 -0.0963975336207492 -0.023031632197752
0.0234338344080625 -0.0557291737695697 -0.113735088632831 0.0577821010051287
-0.01936058758994 -0.0617309583665431 -0.0571865825367909 0.106053483185858
-0.0490381017509281 -0.0432904189185034 0.00833063634496328 0.101869608740245
-0.0668252400356044 -0.0246877217683276 0.0511370277355878 0.0737410174962825
-0.0870017373810553 -0.0104804755993391 0.0704329418178839 0.0268215941484718
-0.0913734342459641 -0.0106805803678038 0.0702420878770649 -0.00611539580243308
-0.100746060454711 -0.0215748350094143 0.0733309431884612 -0.0349140257824059
-0.0985218422274536 -0.0612132319449376 0.0893751075426465 -0.0358731016363388
-0.0520925956504837 -0.106224999778645 0.117534414455451 -0.0132882278736392
0.0098699546478937 -0.128234214002113 0.122155450757865 0.00833101668453979
0.0772625388295677 -0.114830285281104 0.11157575440945 0.0271394196212417
0.130322443267439 -0.079874482126716 0.111215129583888 -0.00424054478821468
0.139753686756354 -0.0198608489671608 0.0194195625478459 0.0103054954710094
0.112004733574017 -0.0410550993992839 -0.0301190402341777 -0.0587177362016748
0.0861464031944907 -0.0672780549111524 -0.111655161251998 -0.0243412114992525
0.0313830121083979 -0.0919859271423631 -0.117498858833736 0.046673562608872
-0.0280315177732497 -0.0904295597743613 -0.0673219820397383 0.0861330548723957
-0.0654950795490308 -0.0607775289402285 -0.0111371454483494 0.085708958388926
-0.0853915909431022 -0.034094094534055 0.0210271146026074 0.063616261414391
-0.104664614416954 -0.0195082612334108 0.0331178544030605 0.0232452911759648
-0.108038045150307 -0.0199389073964372 0.0314583857335101 -0.0082531248239138
-0.116702626576244 -0.0295303701653625 0.0361688494629032 -0.04408905940535
-0.114596746952921 -0.0723631459885483 0.0576161590259101 -0.0553194044336667
-0.0637326975710953 -0.125086159013948 0.106609609095598 -0.0379345514215662
0.0150511923565828 -0.153785496336057 0.120514812044895 0.0017452236133769
0.0991371086634376 -0.133136509444341 0.0916010399859454 0.0399218374284056
0.157256580775081 -0.0806961521474071 0.0556513324111142 0.0155485465680184
0.152067523096435 -0.0149287165770677 -0.0450504524332024 0.0179340868811356
0.133600679248045 -0.0486610935510919 -0.0666203009280843 -0.0482914089168554
0.103756519666952 -0.0887248459961778 -0.122197979737832 -0.0210124134588944
0.0310329138990981 -0.11490557223472 -0.116066852276534 0.0290050785064914
-0.0368387842295006 -0.105211419048387 -0.0795310075380321 0.0582097126831856
-0.073670061048649 -0.0673908545965401 -0.0376163988534786 0.0634842452216444
-0.0909426379149798 -0.0372609141588149 -0.014995275888498 0.0501685873747337
-0.106704330617357 -0.0272293038300957 -0.00827102311509567 0.0166796607473829
-0.106623765683568 -0.0286509646827138 -0.0102192717433528 -0.0133428372511573
-0.111462721196057 -0.0371392868873317 -0.00065017986513431 -0.0531837019055828
-0.106145584844257 -0.0774838874842617 0.0281295644683222 -0.0727723628582734
-0.0533246650859482 -0.126868561729536 0.0924199353981459 -0.0570835504144226
0.0305004203464201 -0.151847113900049 0.114648937238952 0.000587967745900134
0.113212626142653 -0.122792564379995 0.0679390384974894 0.0522957672244666
0.16199393554722 -0.0631390792815352 -0.0031376981657339 0.0314337779628522
0.136989555642043 -0.00871284833849347 -0.10738802407461 0.0273705788126009
0.126903269422923 -0.0460856076979726 -0.101831723997616 -0.0283493285579253
0.0971321868310323 -0.0891317631789175 -0.124362536790534 -0.0150864761527811
0.0230467959070367 -0.110987145648168 -0.109662698840034 0.00704780983717901
-0.0384397832212795 -0.0979008939345393 -0.0936194309071529 0.0265699444624336
-0.0684186563337718 -0.0607141665653604 -0.0677374344021328 0.0406577750175492
-0.0822954488616792 -0.0333275147299434 -0.0526147091566404 0.0377589777387704
-0.0927870308277448 -0.0306218369179105 -0.0480363143538413 0.00840825152408452
-0.0889683894984556 -0.034765138172014 -0.0467527426926879 -0.0224180626700022
-0.0878061284599702 -0.0441433378744858 -0.0285462391226235 -0.0660311117536047
-0.0753379934455089 -0.0766070228289091 0.00835034837921981 -0.0888455381113667
-0.0247690199628108 -0.11224737016953 0.0821844094878038 -0.0690737309010271
0.0516950418471613 -0.122878556803351 0.104046969020807 0.00199522581032169
0.116031474407619 -0.0863173026469401 0.0423932875988392 0.0574787328386897
0.144812306586687 -0.0314801679617914 -0.0552128957288964 0.0377796260259812
0.0971519925002898 8.1500219240983E-05 -0.154518029807152 0.0379181418371915
0.0959996445834724 -0.0308492004654955 -0.125960238982987 -0.00694817826478612
0.0722803578710171 -0.0664409154333356 -0.120184924453404 -0.0107403176219398
0.0146078428290637 -0.079861809631025 -0.104732650878711 -0.0127781464551056
-0.0279673611955899 -0.0698757388821731 -0.107304385581435 0.00225710955705166
-0.0476040482189229 -0.0437894014319142 -0.0952715398632418 0.0243343064274057
-0.0585811440043197 -0.0252737963443909 -0.0851659452681051 0.0277098555378521
-0.0648463439477673 -0.0289665228584529 -0.0794060307418704 -0.00115571294682998
-0.0588773064156796 -0.0353937465154331 -0.0720660711239355 -0.0352253437677595
-0.0521770123490538 -0.0431139779981309 -0.0425312356775841 -0.0823638887627658
-0.0375151734864918 -0.0640274276735674 0.00496689837043551 -0.103095279705875
0.00375083474677294 -0.0827627556987627 0.0797604947739017 -0.0751748734382959
0.0642943471677499 -0.0781472711248721 0.0925054752608117 0.00371085493849493
0.102518623953521 -0.0396332996557122 0.0181802393695501 0.0505429025154523
0.10668052883242 0.00139610320400109 -0.0933153651674625 0.0298633844977257
0.0416070630860462 0.0146249973189357 -0.178581060356307 0.0438801272906473
0.0506865935497293 -0.00441223485060689 -0.135385154482536 0.00859967737386763
0.0390606286162522 -0.0275493333786362 -0.114657908392704 -0.0107146311149332
0.00977135628952958 -0.0335412772582073 -0.103985659177665 -0.0241452196151869
-0.00669238976877403 -0.0304869713916385 -0.115868382211935 -0.00831432781741473
-0.0149676195848657 -0.0220509067865377 -0.112883439342306 0.0175093489968371
-0.0232237793034147 -0.0153886804851232 -0.105202289678115 0.0213950611159105
-0.0274980787532449 -0.0233618514447542 -0.0984639434459134 -0.0105741831246546
-0.0225480407720615 -0.027365783966321 -0.0835335530366501 -0.0504514290812474
-0.0170098707445513 -0.0307936362638709 -0.043650336267433 -0.0970310477543577
-0.00788971017115506 -0.0407395081791853 0.0134962347993022 -0.11284913352157
0.0163270070519471 -0.0468158136156605 0.0829143392877238 -0.0756328634683021
0.0566313782887759 -0.0361566206849634 0.0840060123603124 0.00349959136055316
0.0696102239732419 0.000160263063856103 0.00390194663178428 0.037331762168811
0.0530909667432997 0.0268021839368425 -0.111731483603308 0.013360956834394
