TRXV5
3
4
4
9
string Extension=J
integer IsArchMeasurement=1
integer IsSpherical=1
string Generator=SPM
string GeneratorVersion=1.3.1 Dev
double ArchRadius=0.449999988079071
integer FrequencyAxisIndex=0
integer AzimuthAxisIndex=1
integer ElevationAxisIndex=2
Frequency
5 201 700000000 800000000 LIN
Azimuth
7 8 0 2.74889357189107 LIN
Elevation
7 15 -2.74889357189107 2.74889357189107 LIN
Polar H Real Part
13
Polar H Imaginary Part
14
Polar V Real Part
13
Polar V Imaginary Part
14
Polar H Magnitude (dB)
12 0xC0000002 0 1
Polar H Phase
7 0xC0000003 0 1
Polar V Magnitude (dB)
12 0xC0000002 2 3
Polar V Phase
7 0xC0000003 2 3
0.0326366424560547 -0.00269889831542969 -0.26568603515625 -0.153427124023438
0.00951766967773438 0.00111198425292969 -0.06402587890625 -0.3670654296875
0.0132713317871094 0.0202159881591797 0.289093017578125 -0.394195556640625
-0.00868606567382813 0.0219287872314453 0.6373291015625 -0.0819091796875
-0.0295200347900391 -0.0109481811523438 0.483428955078125 0.541046142578125
0.00778961181640624 -0.0522041320800781 -0.0904541015625 0.8358154296875
0.0423622131347656 -0.0140609741210937 -0.409423828125 0.45648193359375
0.0559120178222656 0.00931930541992188 0.0299835205078125 0.0496444702148437
0.0393486022949219 -0.0246391296386719 0.536590576171875 -0.421295166015625
0.0239086151123047 -0.0231513977050781 0.1927490234375 -0.88250732421875
-0.0125141143798828 -0.00598716735839843 -0.55670166015625 -0.58343505859375
-0.0112857818603516 -0.00155448913574219 -0.639892578125 0.0899658203125001
0.0107536315917969 0.014007568359375 -0.312286376953125 0.3836669921875
0.00451850891113281 -0.00105428695678711 0.082794189453125 0.318450927734375
0.0240840911865234 -0.0161991119384766 0.269760131835938 0.123779296875
0.0304088592529297 0.00175094604492188 -0.262680053710938 -0.143463134765625
0.0107297897338867 0.00312995910644531 -0.063568115234375 -0.36077880859375
0.0135669708251953 0.0183277130126953 0.288970947265625 -0.395050048828125
-0.0101356506347656 0.0194988250732422 0.6326904296875 -0.09002685546875
-0.0308551788330078 -0.0118541717529297 0.478851318359375 0.53802490234375
0.00787734985351562 -0.0496788024902344 -0.0891113281249999 0.8397216796875
0.0402679443359375 -0.0108566284179688 -0.416351318359375 0.4656982421875
0.051910400390625 0.0119972229003906 0.02117919921875 0.057159423828125
0.0389060974121094 -0.0217819213867188 0.538848876953125 -0.414215087890625
0.0247917175292969 -0.0223674774169922 0.20465087890625 -0.88079833984375
-0.0126876831054687 -0.00895309448242188 -0.545654296875 -0.59295654296875
-0.0122718811035156 -0.00243854522705078 -0.6441650390625 0.0791625976562501
0.00853252410888672 0.0127735137939453 -0.3160400390625 0.37646484375
0.00403141975402832 -0.00129508972167969 0.0849609375 0.31707763671875
0.0237388610839844 -0.0105991363525391 0.268447875976563 0.127944946289063
0.0279521942138672 0.00203514099121094 -0.260971069335938 -0.14031982421875
0.0137310028076172 0.00490951538085938 -0.0611572265625 -0.357635498046875
0.0127811431884766 0.0169343948364258 0.28778076171875 -0.395416259765625
-0.0103759765625 0.0214366912841797 0.6295166015625 -0.0941162109375
-0.0308246612548828 -0.00986862182617188 0.480010986328125 0.5299072265625
0.00606155395507812 -0.0479049682617188 -0.0905151367187499 0.84088134765625
0.0363197326660156 -0.00783920288085937 -0.418548583984375 0.46929931640625
0.0477218627929688 0.0139656066894531 0.0143203735351563 0.0605239868164063
0.0342960357666016 -0.0176315307617188 0.535552978515625 -0.406646728515625
0.0239334106445312 -0.0196495056152344 0.20550537109375 -0.876953125
-0.0117864608764648 -0.00729656219482422 -0.54608154296875 -0.5941162109375
-0.0130167007446289 -0.00174903869628906 -0.642822265625 0.0762329101562501
0.0104436874389648 0.0120668411254883 -0.314605712890625 0.376800537109375
0.00647926330566406 0.00181436538696289 0.08367919921875 0.322296142578125
0.0224151611328125 -0.00679779052734375 0.270904541015625 0.133148193359375
0.0277652740478516 0.00608634948730469 -0.258041381835938 -0.13726806640625
0.0159816741943359 0.00535392761230469 -0.0606689453125 -0.353546142578125
0.0155344009399414 0.015110969543457 0.292266845703125 -0.39373779296875
-0.00897789001464844 0.0192642211914063 0.63177490234375 -0.0928955078125
-0.0300712585449219 -0.00858306884765625 0.477386474609375 0.53533935546875
0.00385665893554688 -0.0428504943847656 -0.0932006835937501 0.8455810546875
0.0296230316162109 -0.00163078308105469 -0.41943359375 0.473968505859375
0.0382308959960938 0.0182609558105469 0.0117340087890625 0.061859130859375
0.0276165008544922 -0.0127830505371094 0.53143310546875 -0.407135009765625
0.0204181671142578 -0.0141563415527344 0.202880859375 -0.87664794921875
-0.0112943649291992 -0.00555610656738281 -0.54833984375 -0.59698486328125
-0.0111827850341797 -0.00351810455322266 -0.6439208984375 0.07666015625
0.0122051239013672 0.0120153427124023 -0.3140869140625 0.377960205078125
0.00907611846923828 0.00208759307861328 0.085174560546875 0.3218994140625
0.0225009918212891 -0.00421333312988281 0.26971435546875 0.136093139648438
0.0271949768066406 0.00683021545410156 -0.258804321289063 -0.138687133789063
0.0195980072021484 0.00467491149902344 -0.058013916015625 -0.34991455078125
0.0174770355224609 0.0144109725952148 0.29779052734375 -0.389373779296875
-0.00719642639160156 0.0196056365966797 0.63226318359375 -0.0875244140625
-0.0285053253173828 -0.00653266906738281 0.4691162109375 0.53662109375
0.0012969970703125 -0.0383644104003906 -0.10369873046875 0.84271240234375
0.0230731964111328 0.00506401062011719 -0.4273681640625 0.469451904296875
0.0284080505371094 0.0213699340820313 0.0123634338378906 0.0626564025878906
0.0190792083740234 -0.00881004333496094 0.5303955078125 -0.4051513671875
0.0155830383300781 -0.00771331787109375 0.198486328125 -0.877197265625
-0.0111198425292969 -0.00322055816650391 -0.54901123046875 -0.58990478515625
-0.00705814361572266 -0.00323724746704102 -0.6407470703125 0.0777587890625
0.0168437957763672 0.010289192199707 -0.3101806640625 0.379547119140625
0.0140981674194336 0.00271701812744141 0.088226318359375 0.325653076171875
0.0212268829345703 -0.00451278686523438 0.270187377929688 0.137161254882812
0.0269737243652344 0.00535774230957031 -0.257232666015625 -0.14166259765625
0.0206737518310547 0.00234031677246094 -0.059051513671875 -0.352081298828125
0.0215530395507813 0.0114059448242188 0.3004150390625 -0.383819580078125
-0.00292110443115234 0.0174846649169922 0.6358642578125 -0.07562255859375
-0.0275611877441406 -0.00479888916015625 0.462799072265625 0.547637939453125
-0.00348281860351563 -0.032196044921875 -0.1187744140625 0.84674072265625
0.0146112442016602 0.0111141204833984 -0.429779052734375 0.467926025390625
0.0187549591064453 0.0247898101806641 0.0162315368652344 0.060394287109375
0.010401725769043 -0.00283908843994141 0.52740478515625 -0.41448974609375
0.0112590789794922 -0.00473880767822266 0.184326171875 -0.8785400390625
-0.00879192352294922 0.000711441040039064 -0.559814453125 -0.5806884765625
-0.0025029182434082 -0.00444984436035156 -0.6396484375 0.0895385742187499
0.0193042755126953 0.0100212097167969 -0.30621337890625 0.385009765625
0.0157470703125 0.00022125244140625 0.088836669921875 0.326385498046875
0.0210704803466797 -0.00417137145996094 0.272384643554688 0.134414672851563
0.0263099670410156 0.0041656494140625 -0.255203247070313 -0.146469116210937
0.0225486755371094 0.00151824951171875 -0.05792236328125 -0.351837158203125
0.0255985260009766 0.01153564453125 0.304107666015625 -0.37713623046875
0.00243377685546875 0.0173807144165039 0.63775634765625 -0.0633544921875
-0.0264739990234375 -0.00209236145019532 0.45526123046875 0.557098388671875
-0.00550460815429687 -0.0275363922119141 -0.1326904296875 0.8446044921875
0.00827217102050781 0.0154609680175781 -0.432403564453125 0.45721435546875
0.0123443603515625 0.0257492065429687 0.0217170715332031 0.0552940368652344
0.00384950637817383 0.000371932983398438 0.52557373046875 -0.42205810546875
0.00776433944702148 0.00121831893920898 0.17059326171875 -0.87835693359375
-0.00861263275146484 0.00247573852539063 -0.567138671875 -0.56829833984375
0.00121212005615234 -0.00542497634887695 -0.63470458984375 0.10101318359375
0.0235671997070312 0.00968551635742187 -0.30047607421875 0.390411376953125
0.0174274444580078 -0.00243091583251953 0.09014892578125 0.325103759765625
0.0219268798828125 -0.00593948364257813 0.275192260742188 0.131378173828125
0.0289669036865234 -0.000177383422851563 -0.25543212890625 -0.153045654296875
0.0242652893066406 0.000715255737304687 -0.055999755859375 -0.355499267578125
0.0303096771240234 0.0120315551757813 0.310455322265625 -0.371337890625
0.00511550903320312 0.0184478759765625 0.64141845703125 -0.0511474609375
-0.0258846282958984 -0.00235176086425781 0.44647216796875 0.56695556640625
-0.00879287719726562 -0.0242996215820313 -0.14483642578125 0.83880615234375
0.00465679168701172 0.016845703125 -0.43511962890625 0.44757080078125
0.00946998596191406 0.0272636413574219 0.0300788879394531 0.049957275390625
0.000225871801376343 0.000432729721069336 0.522186279296875 -0.43182373046875
0.00499248504638672 0.00250530242919922 0.1571044921875 -0.8818359375
-0.00734233856201172 0.00479793548583985 -0.57330322265625 -0.5523681640625
0.00558996200561523 -0.00781488418579102 -0.63177490234375 0.11322021484375
0.0261211395263672 0.0100727081298828 -0.292999267578125 0.3973388671875
0.0182952880859375 -0.00489234924316406 0.09326171875 0.323883056640625
0.0222339630126953 -0.00872421264648438 0.275222778320313 0.124618530273438
0.0318679809570313 -0.00313186645507813 -0.268417358398437 -0.153289794921875
0.0100831985473633 0.00204753875732422 -0.065399169921875 -0.36981201171875
0.0142707824707031 0.0182876586914063 0.289154052734375 -0.395477294921875
-0.00849151611328125 0.0216827392578125 0.63861083984375 -0.08087158203125
-0.0299777984619141 -0.0107555389404297 0.4810791015625 0.5462646484375
0.00889205932617187 -0.0524368286132812 -0.0947265625 0.84228515625
0.0423736572265625 -0.0132827758789063 -0.41510009765625 0.457122802734375
0.0557174682617188 0.0110359191894531 0.0279388427734375 0.0497970581054688
0.0405731201171875 -0.0237503051757813 0.541961669921875 -0.421966552734375
0.0254268646240234 -0.0224227905273438 0.197021484375 -0.88519287109375
-0.0107040405273438 -0.00664329528808594 -0.557861328125 -0.585693359375
-0.00995159149169922 -0.00268840789794922 -0.6446533203125 0.0890502929687501
0.0100040435791016 0.0125217437744141 -0.3145751953125 0.384185791015625
0.00341033935546875 -0.00115680694580078 0.083465576171875 0.319671630859375
0.0238876342773438 -0.0161628723144531 0.271469116210938 0.126388549804688
0.0302200317382813 0.00164222717285156 -0.264739990234375 -0.1434326171875
0.0129213333129883 0.00290107727050781 -0.06439208984375 -0.362640380859375
0.0126628875732422 0.0190505981445313 0.29058837890625 -0.395172119140625
-0.0104598999023438 0.0214881896972656 0.63421630859375 -0.08685302734375
-0.0298023223876953 -0.0122394561767578 0.480438232421875 0.54241943359375
0.00743865966796875 -0.0507087707519531 -0.09246826171875 0.84588623046875
0.0405502319335938 -0.0112571716308594 -0.417816162109375 0.4658203125
0.0534210205078125 0.0127029418945313 0.0194931030273438 0.0555458068847656
0.0384788513183594 -0.0214195251464844 0.542999267578125 -0.41339111328125
0.0244922637939453 -0.0205612182617188 0.20965576171875 -0.88580322265625
-0.0119247436523437 -0.00809955596923828 -0.5467529296875 -0.59552001953125
-0.0124320983886719 -0.00158023834228515 -0.64471435546875 0.0784912109375001
0.00942134857177735 0.014582633972168 -0.31658935546875 0.379547119140625
0.00463104248046875 2.09808349609375E-05 0.08447265625 0.319580078125
0.0230770111083984 -0.00948524475097656 0.271102905273438 0.129867553710937
0.0292568206787109 0.00167655944824219 -0.264633178710937 -0.14068603515625
0.0146322250366211 0.00513648986816406 -0.062591552734375 -0.35906982421875
0.0127420425415039 0.0162153244018555 0.28741455078125 -0.395233154296875
-0.0101451873779297 0.0215072631835938 0.63134765625 -0.0933837890625
-0.0298824310302734 -0.0100612640380859 0.47943115234375 0.535247802734375
0.00664520263671875 -0.0482749938964844 -0.0937500000000001 0.84320068359375
0.0361557006835938 -0.00677490234375 -0.420074462890625 0.4698486328125
0.045867919921875 0.0170822143554687 0.0133552551269531 0.0593185424804688
0.0342273712158203 -0.0174293518066406 0.538330078125 -0.404876708984375
0.0235633850097656 -0.0187244415283203 0.209228515625 -0.87933349609375
-0.0107450485229492 -0.00763988494873047 -0.54742431640625 -0.59918212890625
-0.0131082534790039 -0.00301933288574219 -0.64727783203125 0.0776367187499999
0.0103960037231445 0.0121736526489258 -0.316558837890625 0.3778076171875
0.0086512565612793 0.00213003158569336 0.084747314453125 0.325927734375
0.0224552154541016 -0.00708961486816406 0.272872924804687 0.133544921875
0.0274848937988281 0.00534439086914063 -0.260498046875 -0.13812255859375
0.016758918762207 0.00508213043212891 -0.061248779296875 -0.35565185546875
0.0152673721313477 0.015376091003418 0.292877197265625 -0.393218994140625
-0.00886726379394531 0.019378662109375 0.63226318359375 -0.0921630859375
-0.0289173126220703 -0.00814437866210937 0.4769287109375 0.539825439453125
0.00379562377929687 -0.0433158874511719 -0.09637451171875 0.84991455078125
0.0295543670654297 -0.000814437866210938 -0.424835205078125 0.475616455078125
0.0376205444335938 0.0181617736816406 0.0106964111328125 0.0629043579101563
0.0264739990234375 -0.0128726959228516 0.533416748046875 -0.406097412109375
0.0203971862792969 -0.0136013031005859 0.20654296875 -0.879638671875
-0.011530876159668 -0.00534534454345703 -0.54931640625 -0.60040283203125
-0.01123046875 -0.00415611267089844 -0.6483154296875 0.0755004882812501
0.0116033554077148 0.0125436782836914 -0.314208984375 0.3807373046875
0.0101604461669922 0.00207710266113281 0.084991455078125 0.3262939453125
0.0207881927490234 -0.004638671875 0.27264404296875 0.136962890625
0.0278511047363281 0.00378990173339844 -0.258514404296875 -0.139739990234375
0.01959228515625 0.00631904602050781 -0.060760498046875 -0.350799560546875
0.0194492340087891 0.0136680603027344 0.295318603515625 -0.387939453125
-0.00575447082519531 0.0195960998535156 0.6351318359375 -0.084716796875
-0.0286426544189453 -0.00666618347167968 0.467254638671875 0.54095458984375
0.000579833984374997 -0.0375823974609375 -0.10888671875 0.84771728515625
0.0211982727050781 0.00528526306152344 -0.430450439453125 0.470855712890625
0.0278491973876953 0.0217456817626953 0.0113105773925781 0.0616340637207031
0.0187454223632813 -0.00684165954589844 0.530242919921875 -0.405548095703125
0.0154504776000977 -0.00800037384033203 0.2010498046875 -0.87664794921875
-0.011073112487793 -0.00310039520263672 -0.5501708984375 -0.5933837890625
-0.00794029235839844 -0.00461673736572266 -0.6441650390625 0.078125
0.0157613754272461 0.0111761093139648 -0.311553955078125 0.381317138671875
0.0128679275512695 0.00289344787597656 0.0875244140625 0.326629638671875
0.019805908203125 -0.00226593017578125 0.274139404296875 0.137451171875
0.0273151397705078 0.00559806823730469 -0.25811767578125 -0.141754150390625
0.0220451354980469 0.00389480590820313 -0.060089111328125 -0.352020263671875
0.02276611328125 0.0120697021484375 0.3011474609375 -0.383575439453125
-0.00260543823242188 0.0186939239501953 0.63629150390625 -0.07501220703125
-0.0272922515869141 -0.00396537780761719 0.463348388671875 0.55242919921875
-0.00255393981933594 -0.0310745239257812 -0.11968994140625 0.85162353515625
0.015223503112793 0.0101995468139648 -0.434783935546875 0.46771240234375
0.0199546813964844 0.0248908996582031 0.0153007507324219 0.0597114562988281
0.00998878479003906 -0.00278472900390625 0.530364990234375 -0.4129638671875
0.0116033554077148 -0.00410652160644531 0.1868896484375 -0.8804931640625
-0.00939655303955078 -0.000640869140624998 -0.5599365234375 -0.58367919921875
-0.00363683700561524 -0.00545930862426758 -0.64337158203125 0.08843994140625
0.0196437835693359 0.00979804992675781 -0.30718994140625 0.388153076171875
0.015202522277832 0.000202178955078125 0.089202880859375 0.327545166015625
0.0200176239013672 -0.00362968444824219 0.27423095703125 0.1348876953125
0.0272388458251953 0.003753662109375 -0.257217407226563 -0.1461181640625
0.0237617492675781 0.00247001647949219 -0.058074951171875 -0.35406494140625
0.0261802673339844 0.0116729736328125 0.306121826171875 -0.3765869140625
0.00117683410644531 0.0182266235351563 0.6395263671875 -0.06298828125
-0.0272121429443359 -0.00262260437011718 0.45501708984375 0.56292724609375
-0.00612068176269531 -0.0278244018554688 -0.1353759765625 0.84735107421875
0.0086679458618164 0.0150203704833984 -0.43743896484375 0.458587646484375
0.0123615264892578 0.0274028778076172 0.0222740173339844 0.0550498962402344
0.00237703323364258 0.00165677070617676 0.527679443359375 -0.422637939453125
0.0074920654296875 0.00127983093261719 0.17449951171875 -0.8802490234375
-0.00787734985351563 0.00252294540405274 -0.5660400390625 -0.5716552734375
0.00136089324951172 -0.00620031356811523 -0.63897705078125 0.10113525390625
0.0230922698974609 0.0107860565185547 -0.2999267578125 0.39019775390625
0.0172491073608398 -0.000655174255371094 0.0924072265625 0.325408935546875
0.0215606689453125 -0.00511360168457031 0.27593994140625 0.131088256835938
0.0286407470703125 0.000667572021484375 -0.257247924804688 -0.153518676757812
0.0246734619140625 0.000530242919921875 -0.05975341796875 -0.35614013671875
0.0297679901123047 0.0109176635742187 0.3099365234375 -0.371124267578125
0.00566864013671875 0.0185642242431641 0.64404296875 -0.0504150390625
-0.0254306793212891 -0.00226783752441407 0.44488525390625 0.5709228515625
-0.00882339477539063 -0.0255489349365234 -0.1478271484375 0.84478759765625
0.00510883331298828 0.0167808532714844 -0.43914794921875 0.448883056640625
0.00925445556640625 0.028594970703125 0.0299949645996094 0.0494461059570313
-0.00134968757629395 0.00279021263122559 0.526214599609375 -0.4312744140625
0.0048975944519043 0.00381708145141602 0.15960693359375 -0.882568359375
-0.00685834884643555 0.0053858757019043 -0.5758056640625 -0.55731201171875
0.00412797927856445 -0.00563621520996094 -0.63427734375 0.11346435546875
0.0260429382324219 0.0105304718017578 -0.294769287109375 0.397247314453125
0.0172348022460938 -0.00388240814208984 0.092987060546875 0.324737548828125
0.0224132537841797 -0.00849533081054688 0.2781982421875 0.126266479492188
0.0315151214599609 -0.00273895263671875 -0.27093505859375 -0.153121948242187
0.0112714767456055 0.00117778778076172 -0.069305419921875 -0.37103271484375
0.0144424438476562 0.0186634063720703 0.2894287109375 -0.396484375
-0.00882339477539063 0.0227413177490234 0.641845703125 -0.080322265625
-0.0306949615478516 -0.0110836029052734 0.483245849609375 0.55303955078125
0.00833892822265625 -0.0529861450195313 -0.0973510742187501 0.84716796875
0.0423240661621094 -0.0141372680664063 -0.4180908203125 0.45855712890625
0.0557746887207031 0.010955810546875 0.0280075073242188 0.0513267517089844
0.0393791198730469 -0.0223731994628906 0.5440673828125 -0.424072265625
0.0256996154785156 -0.0225925445556641 0.1993408203125 -0.88909912109375
-0.0118637084960938 -0.00654411315917969 -0.5592041015625 -0.58868408203125
-0.0120849609375 -0.0019683837890625 -0.6461181640625 0.0903320312499999
0.0112409591674805 0.0137786865234375 -0.315032958984375 0.3858642578125
0.00312614440917969 -0.00063014030456543 0.08428955078125 0.3204345703125
0.0231494903564453 -0.0158424377441406 0.274459838867188 0.127120971679688
0.0312213897705078 0.00109672546386719 -0.266067504882813 -0.144866943359375
0.0124168395996094 0.00366878509521484 -0.06585693359375 -0.36566162109375
0.0124263763427734 0.0180778503417969 0.2894287109375 -0.396453857421875
-0.0106067657470703 0.0222187042236328 0.636474609375 -0.08599853515625
-0.0303134918212891 -0.0116310119628906 0.480072021484375 0.547821044921875
0.0087432861328125 -0.0508804321289062 -0.0953979492187499 0.84918212890625
0.0402107238769531 -0.0112495422363281 -0.423248291015625 0.468414306640625
0.0528945922851563 0.0131378173828125 0.0176124572753906 0.0560531616210938
0.038604736328125 -0.0204353332519531 0.54736328125 -0.416412353515625
0.0261745452880859 -0.0210762023925781 0.21282958984375 -0.8883056640625
-0.0107326507568359 -0.00777721405029297 -0.54876708984375 -0.6026611328125
-0.0128288269042969 -0.00263023376464844 -0.64898681640625 0.0787353515625
0.00928115844726563 0.0128030776977539 -0.319915771484375 0.380645751953125
0.00491046905517578 0.000543594360351563 0.085296630859375 0.321136474609375
0.0223064422607422 -0.010528564453125 0.274826049804688 0.131851196289063
0.0284481048583984 0.00201606750488281 -0.266754150390625 -0.141998291015625
0.0152482986450195 0.00566768646240234 -0.06591796875 -0.359161376953125
0.0136089324951172 0.0158653259277344 0.29052734375 -0.39788818359375
-0.00983810424804688 0.0214996337890625 0.6358642578125 -0.09246826171875
-0.0302848815917969 -0.00927352905273437 0.48211669921875 0.54107666015625
0.00527191162109375 -0.0487480163574219 -0.0942993164062499 0.85015869140625
0.036834716796875 -0.00688552856445313 -0.426116943359375 0.469879150390625
0.0462989807128906 0.0165176391601563 0.0131149291992188 0.0606765747070313
0.0340957641601563 -0.0160045623779297 0.54296875 -0.407623291015625
0.0245780944824219 -0.0181255340576172 0.21478271484375 -0.88275146484375
-0.0103759765625 -0.00498580932617187 -0.54901123046875 -0.60406494140625
-0.0137414932250977 -0.0035715103149414 -0.65081787109375 0.0767822265624999
0.00959110260009766 0.0135974884033203 -0.318084716796875 0.380462646484375
0.00766181945800781 0.00197935104370117 0.085723876953125 0.3272705078125
0.0220165252685547 -0.00689125061035156 0.275390625 0.136093139648438
0.0271892547607422 0.00466728210449219 -0.262863159179687 -0.139434814453125
0.0172748565673828 0.00524616241455078 -0.06268310546875 -0.357757568359375
0.0158958435058594 0.0157194137573242 0.2921142578125 -0.394439697265625
-0.00835227966308594 0.0211715698242188 0.6357421875 -0.09124755859375
-0.0295028686523438 -0.00870704650878906 0.478607177734375 0.545440673828125
0.00391006469726562 -0.0430488586425781 -0.09765625 0.8568115234375
0.0297946929931641 -0.00190544128417969 -0.42901611328125 0.4775390625
0.0374908447265625 0.0203132629394531 0.00955963134765626 0.0620231628417969
0.0260219573974609 -0.0117149353027344 0.5386962890625 -0.40753173828125
0.0214023590087891 -0.0134124755859375 0.21026611328125 -0.8828125
-0.010930061340332 -0.00525093078613281 -0.5504150390625 -0.60552978515625
-0.0118494033813477 -0.00379753112792969 -0.651123046875 0.0762939453125
0.0120019912719727 0.0113563537597656 -0.317626953125 0.381622314453125
0.00895977020263672 0.00196552276611328 0.08612060546875 0.32904052734375
0.0210494995117188 -0.00532150268554688 0.275009155273438 0.137298583984375
0.0270519256591797 0.00462532043457031 -0.260406494140625 -0.139511108398437
0.0182380676269531 0.00568199157714844 -0.060546875 -0.3548583984375
0.0188846588134766 0.0134925842285156 0.2960205078125 -0.38909912109375
-0.004669189453125 0.0198326110839844 0.63720703125 -0.083251953125
-0.0286464691162109 -0.00626564025878907 0.469146728515625 0.548583984375
0.001861572265625 -0.0375328063964844 -0.110107421875 0.8521728515625
0.0223293304443359 0.00519180297851562 -0.43389892578125 0.4710693359375
0.02789306640625 0.0234508514404297 0.00980758666992187 0.0622177124023437
0.0181026458740234 -0.00570487976074219 0.534454345703125 -0.406646728515625
0.0170326232910156 -0.0087890625 0.2039794921875 -0.88104248046875
-0.00953865051269531 -0.00381183624267578 -0.55291748046875 -0.5968017578125
-0.00982666015625 -0.00526905059814453 -0.64727783203125 0.0788574218750001
0.0149259567260742 0.0117216110229492 -0.313201904296875 0.38250732421875
0.0127897262573242 0.002532958984375 0.08746337890625 0.328582763671875
0.0204830169677734 -0.00281906127929688 0.27691650390625 0.137832641601563
0.0272674560546875 0.00589561462402344 -0.260589599609375 -0.143463134765625
0.02197265625 0.00413703918457031 -0.0614013671875 -0.354461669921875
0.0225639343261719 0.0124530792236328 0.300689697265625 -0.385009765625
-0.00325965881347656 0.0179729461669922 0.63958740234375 -0.07318115234375
-0.0282649993896484 -0.00334548950195312 0.46514892578125 0.55731201171875
-0.00279045104980469 -0.0327987670898438 -0.12225341796875 0.85687255859375
0.0142803192138672 0.0116586685180664 -0.439056396484375 0.468048095703125
0.0203723907470703 0.0261001586914063 0.0139427185058594 0.0597343444824219
0.00946235656738281 -0.00146579742431641 0.534454345703125 -0.41259765625
0.0116519927978516 -0.00279903411865234 0.19195556640625 -0.88616943359375
-0.00892543792724609 0.000362396240234376 -0.56158447265625 -0.58831787109375
-0.00389909744262695 -0.00572872161865234 -0.64739990234375 0.0890502929687499
0.0196437835693359 0.0107612609863281 -0.3095703125 0.389312744140625
0.0146465301513672 0.00160408020019531 0.088775634765625 0.3297119140625
0.0207500457763672 -0.00476264953613281 0.277267456054688 0.136703491210938
0.0279827117919922 0.00400161743164063 -0.259490966796875 -0.145843505859375
0.0235729217529297 0.00163459777832031 -0.061065673828125 -0.355743408203125
0.0279808044433594 0.0116119384765625 0.30584716796875 -0.379241943359375
0.00196647644042969 0.0186328887939453 0.64324951171875 -0.0628662109375
-0.0276012420654297 -0.00300216674804687 0.45550537109375 0.56591796875
-0.00627326965332031 -0.0285129547119141 -0.13775634765625 0.85430908203125
0.0073394775390625 0.0147075653076172 -0.442108154296875 0.46044921875
0.0118541717529297 0.0291290283203125 0.0213813781738281 0.05572509765625
0.00364494323730469 0.00104451179504395 0.530242919921875 -0.423919677734375
0.00947093963623047 0.00138568878173828 0.17645263671875 -0.88519287109375
-0.00840044021606445 0.00334835052490234 -0.5684814453125 -0.57568359375
0.000614166259765624 -0.00632572174072266 -0.64117431640625 0.0997924804687501
0.0243721008300781 0.00960159301757813 -0.301788330078125 0.394073486328125
0.0160684585571289 -0.000946044921875 0.092620849609375 0.32952880859375
0.0209865570068359 -0.00479888916015625 0.279006958007813 0.130615234375
0.0293903350830078 0.000146865844726562 -0.259613037109375 -0.153915405273438
0.0264625549316406 0.000659942626953125 -0.059051513671875 -0.35675048828125
0.0302925109863281 0.0115795135498047 0.310028076171875 -0.37200927734375
0.00559425354003906 0.0189113616943359 0.64581298828125 -0.04876708984375
-0.0254344940185547 -0.00157356262207031 0.44732666015625 0.5765380859375
-0.00860977172851563 -0.02532958984375 -0.14990234375 0.8497314453125
0.00421047210693359 0.01751708984375 -0.445220947265625 0.449493408203125
0.00903511047363281 0.0286846160888672 0.0296287536621094 0.0485687255859375
-0.00168633460998535 0.00358057022094727 0.53082275390625 -0.433135986328125
0.00447988510131836 0.00378227233886719 0.163330078125 -0.88525390625
-0.00629854202270508 0.00497198104858398 -0.57684326171875 -0.56085205078125
0.00482702255249023 -0.00667285919189453 -0.63812255859375 0.11248779296875
0.0276203155517578 0.00934219360351563 -0.29644775390625 0.399688720703125
0.0176544189453125 -0.00356101989746094 0.09381103515625 0.325439453125
0.0213794708251953 -0.00860595703125 0.280471801757813 0.126998901367187
0.033203125 -0.00417327880859375 -0.273223876953125 -0.152999877929687
0.0117397308349609 0.002166748046875 -0.07025146484375 -0.373748779296875
0.0145645141601563 0.0193881988525391 0.289642333984375 -0.3980712890625
-0.00980758666992188 0.0213603973388672 0.644287109375 -0.08184814453125
-0.030975341796875 -0.0112552642822266 0.4859619140625 0.55645751953125
0.00963211059570313 -0.0532302856445313 -0.09710693359375 0.8546142578125
0.043243408203125 -0.0134773254394531 -0.424560546875 0.46087646484375
0.0567207336425781 0.0123023986816406 0.0267143249511719 0.0508689880371094
0.0391082763671875 -0.0220260620117188 0.54901123046875 -0.424041748046875
0.0262641906738281 -0.0211257934570313 0.20269775390625 -0.8948974609375
-0.0108699798583984 -0.0066680908203125 -0.563232421875 -0.59710693359375
-0.0138206481933594 -0.00101089477539063 -0.65087890625 0.0909423828125001
0.0109348297119141 0.0138816833496094 -0.317413330078125 0.389678955078125
0.00468111038208008 -0.000171184539794922 0.084381103515625 0.32244873046875
0.0229263305664062 -0.0169925689697266 0.27764892578125 0.126602172851563
0.0308437347412109 0.00201606750488281 -0.2698974609375 -0.143890380859375
0.0136013031005859 0.00366878509521484 -0.0694580078125 -0.366241455078125
0.0128231048583984 0.0177745819091797 0.290557861328125 -0.398468017578125
-0.0102462768554687 0.0215244293212891 0.64178466796875 -0.08721923828125
-0.031280517578125 -0.0117778778076172 0.484375 0.552001953125
0.009735107421875 -0.0515365600585938 -0.0968017578125001 0.8577880859375
0.0410919189453125 -0.0112686157226563 -0.428558349609375 0.471038818359375
0.052032470703125 0.0151710510253906 0.0189208984375 0.0563926696777344
0.0379905700683594 -0.0195426940917969 0.54974365234375 -0.41705322265625
0.027984619140625 -0.0209789276123047 0.215087890625 -0.89300537109375
-0.00992965698242188 -0.0065469741821289 -0.55438232421875 -0.60516357421875
-0.0141868591308594 -0.00226497650146485 -0.65325927734375 0.07958984375
0.00869464874267578 0.0125675201416016 -0.3209228515625 0.38360595703125
0.00390434265136719 0.000491619110107422 0.08636474609375 0.324066162109375
0.0219383239746094 -0.0118274688720703 0.2762451171875 0.130691528320313
0.0280933380126953 0.00237274169921875 -0.270111083984375 -0.140914916992188
0.0157814025878906 0.00483798980712891 -0.069000244140625 -0.361053466796875
0.0134477615356445 0.0164194107055664 0.28839111328125 -0.399261474609375
-0.00983047485351562 0.0216865539550781 0.638427734375 -0.0916748046875
-0.0302295684814453 -0.00977325439453125 0.48443603515625 0.545135498046875
0.00786590576171874 -0.0489425659179688 -0.0968017578125 0.85693359375
0.0360908508300781 -0.00718307495117188 -0.431549072265625 0.474639892578125
0.0460166931152344 0.0167579650878906 0.0120735168457031 0.0604133605957031
0.0342788696289063 -0.0150928497314453 0.54595947265625 -0.408294677734375
0.0247077941894531 -0.0178985595703125 0.21649169921875 -0.8890380859375
-0.0105657577514648 -0.00560665130615234 -0.55352783203125 -0.60687255859375
-0.0146827697753906 -0.00269126892089844 -0.6551513671875 0.07562255859375
0.0105981826782227 0.0120401382446289 -0.319091796875 0.3836669921875
0.00810718536376953 0.00213384628295898 0.087890625 0.32928466796875
0.0190982818603516 -0.00888252258300781 0.278457641601562 0.13580322265625
0.0277423858642578 0.00522613525390625 -0.266281127929688 -0.139785766601563
0.017730712890625 0.00555801391601563 -0.064544677734375 -0.3585205078125
0.0162773132324219 0.0152492523193359 0.29156494140625 -0.39556884765625
-0.0101375579833984 0.0210762023925781 0.63922119140625 -0.09185791015625
-0.0299854278564453 -0.00869941711425781 0.480224609375 0.549072265625
0.00484848022460938 -0.0438156127929688 -0.099609375 0.86370849609375
0.0295009613037109 -0.00135040283203125 -0.43328857421875 0.47833251953125
0.0368423461914063 0.0214385986328125 0.00772857666015626 0.0632247924804688
0.0264453887939453 -0.0103721618652344 0.541015625 -0.40826416015625
0.0219058990478516 -0.0130176544189453 0.211181640625 -0.89007568359375
-0.0110435485839844 -0.00514793395996094 -0.5533447265625 -0.60931396484375
-0.0124683380126953 -0.00488376617431641 -0.65423583984375 0.0759277343749998
0.0120439529418945 0.0114316940307617 -0.318328857421875 0.38525390625
0.00947952270507813 0.00136661529541016 0.08807373046875 0.33148193359375
0.0210094451904297 -0.00446128845214844 0.277923583984375 0.138946533203125
0.0273780822753906 0.0057525634765625 -0.263656616210938 -0.14013671875
0.0199966430664063 0.00556182861328125 -0.06494140625 -0.3570556640625
0.0193557739257813 0.0127983093261719 0.294769287109375 -0.391082763671875
-0.00688743591308594 0.0212135314941406 0.6396484375 -0.0833740234375
-0.0288238525390625 -0.00655174255371093 0.47283935546875 0.551300048828125
0.0016021728515625 -0.03729248046875 -0.10968017578125 0.860107421875
0.0224475860595703 0.00573348999023438 -0.437835693359375 0.47509765625
0.0279884338378906 0.0236759185791016 0.00872039794921875 0.0618743896484375
0.0167064666748047 -0.00648117065429688 0.5379638671875 -0.40899658203125
0.0155553817749023 -0.00727558135986328 0.2064208984375 -0.885986328125
-0.00980663299560547 -0.00233745574951172 -0.5579833984375 -0.6016845703125
-0.00911617279052735 -0.00516128540039062 -0.65142822265625 0.0794067382812501
0.0154438018798828 0.0108022689819336 -0.31427001953125 0.38714599609375
0.0134048461914063 0.00179100036621094 0.088043212890625 0.3328857421875
0.0203914642333984 -0.00232696533203125 0.278793334960937 0.1397705078125
0.0280914306640625 0.0055999755859375 -0.263092041015625 -0.142730712890625
0.0218105316162109 0.00563812255859375 -0.063262939453125 -0.3558349609375
0.0231838226318359 0.0108299255371094 0.301849365234375 -0.386962890625
-0.00332450866699219 0.0203704833984375 0.64300537109375 -0.07452392578125
-0.0282001495361328 -0.00278091430664062 0.46795654296875 0.56390380859375
-0.00279617309570312 -0.0330619812011719 -0.12225341796875 0.86346435546875
0.0140714645385742 0.0105934143066406 -0.44287109375 0.471221923828125
0.0191440582275391 0.0274887084960937 0.0137252807617187 0.0589599609375
0.00864458084106445 -0.00114059448242188 0.536834716796875 -0.416839599609375
0.0122661590576172 -0.00181388854980469 0.1917724609375 -0.88836669921875
-0.00759553909301758 0.00100326538085937 -0.56536865234375 -0.59136962890625
-0.0057830810546875 -0.00537919998168945 -0.6522216796875 0.0888671875000001
0.0191307067871094 0.0109119415283203 -0.309356689453125 0.39404296875
0.015284538269043 0.00156784057617188 0.091583251953125 0.332672119140625
0.0205154418945313 -0.00397109985351563 0.280303955078125 0.137481689453125
0.0278682708740234 0.00383758544921875 -0.262619018554687 -0.147598266601563
0.0253582000732422 0.00359344482421875 -0.0633544921875 -0.357269287109375
0.0289173126220703 0.0112056732177734 0.305816650390625 -0.380218505859375
0.000499725341796875 0.0203285217285156 0.64556884765625 -0.0621337890625
-0.02716064453125 -0.0029144287109375 0.45733642578125 0.5721435546875
-0.00597381591796875 -0.0281219482421875 -0.13873291015625 0.8614501953125
0.00929355621337891 0.0155115127563477 -0.44781494140625 0.463134765625
0.0115261077880859 0.0286426544189453 0.0204048156738281 0.0550346374511719
0.00258660316467285 0.00126767158508301 0.53363037109375 -0.424957275390625
0.00853824615478515 0.00206327438354492 0.17877197265625 -0.888427734375
-0.00730800628662109 0.00382757186889649 -0.57318115234375 -0.580810546875
-0.000162124633789062 -0.00493240356445313 -0.64678955078125 0.10052490234375
0.0239028930664063 0.0101242065429688 -0.303314208984375 0.39691162109375
0.0165882110595703 -0.000338554382324219 0.093353271484375 0.329681396484375
0.0197677612304688 -0.00519180297851563 0.28265380859375 0.1314697265625
0.0290641784667969 0.000446319580078125 -0.263748168945313 -0.1544189453125
0.0262546539306641 0.000637054443359375 -0.061737060546875 -0.359466552734375
0.0308799743652344 0.0128211975097656 0.309295654296875 -0.374786376953125
0.00560760498046875 0.0189971923828125 0.64898681640625 -0.04998779296875
-0.0266304016113281 -0.00171089172363282 0.448486328125 0.58349609375
-0.007843017578125 -0.0254859924316406 -0.1529541015625 0.85723876953125
0.0047607421875 0.0172548294067383 -0.449737548828125 0.453399658203125
0.00953292846679688 0.0301551818847656 0.0290794372558594 0.0499458312988281
-0.00230264663696289 0.00325202941894531 0.53277587890625 -0.435150146484375
0.00509500503540039 0.00383901596069336 0.166259765625 -0.89349365234375
-0.0060572624206543 0.00540924072265625 -0.58056640625 -0.5662841796875
0.00374698638916016 -0.00625896453857422 -0.642578125 0.1143798828125
0.0266952514648438 0.00966644287109375 -0.29876708984375 0.403717041015625
0.0190677642822266 -0.00305557250976563 0.09521484375 0.329132080078125
0.0211009979248047 -0.00869560241699219 0.28240966796875 0.1278076171875
0.0325832366943359 -0.00405693054199219 -0.276748657226563 -0.153854370117188
0.0117216110229492 0.00298500061035156 -0.0748291015625 -0.376007080078125
0.0157203674316406 0.0188465118408203 0.28955078125 -0.400848388671875
-0.00953102111816406 0.0235710144042969 0.64642333984375 -0.08331298828125
-0.0292797088623047 -0.0106182098388672 0.490814208984375 0.56121826171875
0.00976943969726562 -0.0543365478515625 -0.0974121093749999 0.8612060546875
0.0435523986816406 -0.0143814086914063 -0.42608642578125 0.46710205078125
0.0566596984863281 0.0118026733398438 0.0253028869628906 0.0509300231933594
0.0391044616699219 -0.0212516784667969 0.55126953125 -0.427032470703125
0.0267448425292969 -0.0212669372558594 0.20355224609375 -0.90264892578125
-0.0108671188354492 -0.00620174407958985 -0.569091796875 -0.598876953125
-0.0129251480102539 -0.00225448608398438 -0.65667724609375 0.0924072265625001
0.0106868743896484 0.0131797790527344 -0.31805419921875 0.393280029296875
0.00440645217895508 0.000336170196533203 0.087066650390625 0.3260498046875
0.0229568481445313 -0.0165653228759766 0.280197143554688 0.128555297851563
0.0319023132324219 0.000761032104492188 -0.273147583007813 -0.144378662109375
0.0142660140991211 0.00415325164794922 -0.072784423828125 -0.367401123046875
0.0138912200927734 0.0190277099609375 0.290557861328125 -0.401458740234375
-0.0104446411132812 0.0235061645507813 0.64532470703125 -0.087646484375
-0.0311851501464844 -0.0114669799804688 0.487091064453125 0.55718994140625
0.00980377197265625 -0.0529022216796875 -0.0943603515625 0.865234375
0.0410499572753906 -0.0114936828613281 -0.430328369140625 0.47576904296875
0.0529937744140625 0.0148124694824219 0.0175132751464844 0.0567970275878906
0.0377578735351563 -0.0188064575195313 0.55291748046875 -0.419708251953125
0.0277919769287109 -0.0206565856933594 0.2152099609375 -0.8990478515625
-0.00974845886230469 -0.00684738159179687 -0.55865478515625 -0.6090087890625
-0.0144796371459961 -0.00293827056884765 -0.6588134765625 0.0821533203124999
0.008331298828125 0.012669563293457 -0.32147216796875 0.388763427734375
0.00545072555541992 0.00153779983520508 0.088043212890625 0.326080322265625
0.0224876403808594 -0.0110549926757813 0.280288696289063 0.131454467773438
0.0305995941162109 0.00210189819335938 -0.273101806640625 -0.141677856445313
0.0156221389770508 0.00693130493164063 -0.071044921875 -0.363677978515625
0.0138330459594727 0.0163125991821289 0.28814697265625 -0.402130126953125
-0.0110416412353516 0.0220260620117188 0.64263916015625 -0.0926513671875
-0.0308113098144531 -0.00924110412597657 0.487152099609375 0.549285888671875
0.00740432739257812 -0.049591064453125 -0.0962524414062499 0.86566162109375
0.0367469787597656 -0.00735855102539062 -0.4337158203125 0.4794921875
0.0460739135742187 0.0193519592285156 0.0113029479980469 0.0595130920410156
0.0326251983642578 -0.0139961242675781 0.548553466796875 -0.411376953125
0.0257186889648438 -0.0174312591552734 0.21661376953125 -0.89605712890625
-0.0101957321166992 -0.00711536407470703 -0.558837890625 -0.60821533203125
-0.0161285400390625 -0.00141048431396484 -0.65997314453125 0.077392578125
0.00793743133544922 0.0127792358398437 -0.31951904296875 0.389190673828125
0.00796842575073242 0.00301694869995117 0.088134765625 0.333282470703125
0.0201129913330078 -0.00860977172851563 0.2822265625 0.1373291015625
0.0278053283691406 0.00431251525878906 -0.268966674804688 -0.139312744140625
0.0178585052490234 0.00638198852539062 -0.067535400390625 -0.3604736328125
0.0170812606811523 0.0159273147583008 0.291961669921875 -0.400482177734375
-0.0102367401123047 0.0218486785888672 0.6431884765625 -0.09234619140625
-0.0306663513183594 -0.00779914855957031 0.485443115234375 0.554107666015625
0.00482940673828125 -0.0437889099121094 -0.09771728515625 0.87042236328125
0.0306396484375 -0.00252342224121094 -0.436187744140625 0.482330322265625
0.0376091003417969 0.0214080810546875 0.00822067260742188 0.0625
0.0260219573974609 -0.0100612640380859 0.544921875 -0.41180419921875
0.0226497650146484 -0.0135707855224609 0.21295166015625 -0.894775390625
-0.00903797149658203 -0.00487613677978516 -0.560302734375 -0.61187744140625
-0.012324333190918 -0.00395774841308594 -0.6605224609375 0.0787963867187499
0.0121049880981445 0.0108957290649414 -0.32012939453125 0.390228271484375
0.00963211059570313 0.00327682495117188 0.09014892578125 0.33306884765625
0.0207576751708984 -0.0055389404296875 0.282073974609375 0.13946533203125
0.0283927917480469 0.0048675537109375 -0.26806640625 -0.13995361328125
0.0205593109130859 0.00533103942871094 -0.066192626953125 -0.357574462890625
0.0200958251953125 0.0127677917480469 0.296478271484375 -0.39508056640625
-0.00889778137207031 0.0204257965087891 0.64300537109375 -0.0841064453125
-0.0275402069091797 -0.0064239501953125 0.477325439453125 0.557037353515625
0.00181198120117187 -0.0381355285644531 -0.1092529296875 0.86761474609375
0.0219097137451172 0.00547409057617187 -0.4425048828125 0.479644775390625
0.0281982421875 0.0247402191162109 0.00934600830078125 0.0621490478515625
0.017181396484375 -0.004730224609375 0.541351318359375 -0.411529541015625
0.0183982849121094 -0.00689506530761719 0.2061767578125 -0.8931884765625
-0.00853490829467773 -0.00204181671142578 -0.5616455078125 -0.60711669921875
-0.00933170318603516 -0.00438976287841797 -0.6566162109375 0.0823974609375
0.0150060653686523 0.0114107131958008 -0.3165283203125 0.3912353515625
0.0141706466674805 0.00419425964355469 0.0911865234375 0.333953857421875
0.0207309722900391 -0.00342369079589844 0.282135009765625 0.139404296875
0.0280952453613281 0.00457382202148438 -0.266998291015625 -0.141189575195313
0.0225391387939453 0.00499916076660156 -0.066864013671875 -0.35845947265625
0.0234184265136719 0.0127849578857422 0.301727294921875 -0.38970947265625
-0.00363540649414063 0.0201015472412109 0.64788818359375 -0.0767822265625
-0.0270061492919922 -0.00390625 0.47174072265625 0.56707763671875
-0.00223159790039063 -0.0325145721435547 -0.123046875 0.8712158203125
0.0161523818969727 0.0108509063720703 -0.44732666015625 0.476165771484375
0.0182685852050781 0.0275344848632813 0.0121421813964844 0.0593795776367188
0.010711669921875 0.000668525695800781 0.539093017578125 -0.41925048828125
0.0136327743530273 -0.00269794464111328 0.193115234375 -0.8961181640625
-0.00832319259643555 0.00126314163208008 -0.57135009765625 -0.5953369140625
-0.0053868293762207 -0.00492715835571289 -0.6556396484375 0.0913696289062499
0.0197086334228516 0.00988006591796875 -0.31121826171875 0.396697998046875
0.0152006149291992 0.00171279907226563 0.0928955078125 0.3343505859375
0.0205764770507813 -0.00485992431640625 0.284149169921875 0.1363525390625
0.0286636352539063 0.00333786010742188 -0.267349243164063 -0.147552490234375
0.0245304107666016 0.00286102294921875 -0.06573486328125 -0.359130859375
0.0274009704589844 0.0114631652832031 0.3046875 -0.384185791015625
-5.14984130859372E-05 0.0209083557128906 0.65081787109375 -0.064453125
-0.0282745361328125 -0.00292396545410156 0.46148681640625 0.578857421875
-0.00526046752929688 -0.0286331176757812 -0.1375732421875 0.869140625
0.00747108459472656 0.0154085159301758 -0.450042724609375 0.4686279296875
0.0113868713378906 0.0296497344970703 0.0201873779296875 0.0554275512695313
0.0017096996307373 0.00357866287231445 0.5369873046875 -0.42919921875
0.00864219665527344 0.00194597244262695 0.17828369140625 -0.89642333984375
-0.00705718994140625 0.00407552719116211 -0.57965087890625 -0.58203125
0.000234127044677735 -0.00716829299926758 -0.650390625 0.10491943359375
0.0244712829589844 0.0109939575195313 -0.305023193359375 0.403045654296875
0.01715087890625 0.000467300415039062 0.09600830078125 0.332855224609375
0.020843505859375 -0.005615234375 0.285552978515625 0.1322021484375
0.0298671722412109 -0.0001068115234375 -0.267044067382813 -0.153854370117188
0.0272998809814453 0.001312255859375 -0.06524658203125 -0.363739013671875
0.0312919616699219 0.0114917755126953 0.31011962890625 -0.37799072265625
0.00507164001464844 0.02020263671875 0.653076171875 -0.05029296875
-0.0262985229492188 -0.0019378662109375 0.4537353515625 0.586181640625
-0.00848388671875 -0.0254592895507813 -0.15142822265625 0.86572265625
0.00371551513671875 0.0166654586791992 -0.4530029296875 0.4569091796875
0.0087738037109375 0.0312995910644531 0.0269508361816406 0.0491867065429687
-0.00410580635070801 0.00425553321838379 0.535919189453125 -0.438690185546875
0.00579261779785156 0.004852294921875 0.16571044921875 -0.89910888671875
-0.00411081314086914 0.00581836700439453 -0.58819580078125 -0.566162109375
0.00534200668334961 -0.00630331039428711 -0.64825439453125 0.11578369140625
0.0272979736328125 0.00944709777832031 -0.30078125 0.408599853515625
0.0178699493408203 -0.00317764282226562 0.096343994140625 0.3314208984375
0.0207309722900391 -0.00898551940917969 0.28680419921875 0.1279296875
0.0335292816162109 -0.00485038757324219 -0.281036376953125 -0.152511596679687
0.0126142501831055 0.00251579284667969 -0.076873779296875 -0.376068115234375
0.0161952972412109 0.0189247131347656 0.288604736328125 -0.406036376953125
-0.00953483581542969 0.0237102508544922 0.65374755859375 -0.08575439453125
-0.0316715240478516 -0.0118045806884766 0.49615478515625 0.5655517578125
0.0105743408203125 -0.0554237365722656 -0.09466552734375 0.8695068359375
0.0434226989746094 -0.0149955749511719 -0.430938720703125 0.472015380859375
0.0562515258789063 0.0139350891113281 0.0246467590332031 0.0511131286621094
0.0385398864746094 -0.0217018127441406 0.554962158203125 -0.433349609375
0.0268802642822266 -0.0213546752929688 0.20330810546875 -0.9085693359375
-0.0103263854980469 -0.00582218170166015 -0.57562255859375 -0.60064697265625
-0.0139455795288086 -0.00176334381103516 -0.6610107421875 0.0959472656250002
0.0115060806274414 0.0139856338500977 -0.318695068359375 0.39959716796875
0.00373578071594238 0.000162839889526367 0.09033203125 0.32806396484375
0.0222339630126953 -0.0175151824951172 0.28436279296875 0.127105712890625
0.0319728851318359 0.000242233276367188 -0.277725219726563 -0.144699096679688
0.0131893157958984 0.00410270690917969 -0.076202392578125 -0.369537353515625
0.0138378143310547 0.0183010101318359 0.286956787109375 -0.40570068359375
-0.0112571716308594 0.0231857299804687 0.6505126953125 -0.09130859375
-0.0315341949462891 -0.0110797882080078 0.494903564453125 0.560791015625
0.00926589965820312 -0.0534629821777344 -0.091796875 0.8760986328125
0.0400733947753906 -0.01220703125 -0.435760498046875 0.47906494140625
0.0535049438476563 0.0141716003417969 0.0163383483886719 0.0574722290039063
0.0380897521972656 -0.0183525085449219 0.556243896484375 -0.4241943359375
0.0272750854492188 -0.0196952819824219 0.21600341796875 -0.90771484375
-0.0100393295288086 -0.00748634338378906 -0.56414794921875 -0.61297607421875
-0.0159273147583008 -0.00155735015869141 -0.6640625 0.08551025390625
0.00884056091308594 0.0121784210205078 -0.32135009765625 0.393951416015625
0.005828857421875 0.00228977203369141 0.090728759765625 0.328887939453125
0.0220832824707031 -0.0106277465820313 0.28564453125 0.130157470703125
0.0286769866943359 0.001251220703125 -0.277359008789063 -0.1409912109375
0.0156145095825195 0.00638771057128906 -0.074798583984375 -0.36688232421875
0.0147991180419922 0.0176830291748047 0.287628173828125 -0.407562255859375
-0.0108394622802734 0.0236110687255859 0.64697265625 -0.09716796875
-0.0311241149902344 -0.00946617126464844 0.493865966796875 0.554290771484375
0.00693130493164062 -0.0506858825683594 -0.0919189453124999 0.87200927734375
0.0350093841552734 -0.00787734985351563 -0.438446044921875 0.484375
0.0480270385742188 0.0193099975585938 0.011383056640625 0.0622901916503906
0.0327243804931641 -0.0141735076904297 0.55157470703125 -0.417144775390625
0.0262565612792969 -0.01708984375 0.21783447265625 -0.9022216796875
-0.0101585388183594 -0.00757026672363281 -0.5653076171875 -0.6126708984375
-0.0172643661499023 -0.00204181671142578 -0.66571044921875 0.0820922851562499
0.0102367401123047 0.0121650695800781 -0.319793701171875 0.39324951171875
0.00774240493774414 0.00400876998901367 0.09002685546875 0.3349609375
0.0200176239013672 -0.00883293151855469 0.28729248046875 0.1370849609375
0.0286846160888672 0.00375747680664063 -0.273956298828125 -0.138702392578125
0.0185985565185547 0.00609588623046875 -0.07318115234375 -0.362884521484375
0.0173482894897461 0.0159549713134766 0.290985107421875 -0.40484619140625
-0.00993537902832031 0.0227622985839844 0.64910888671875 -0.09600830078125
-0.0300273895263672 -0.00751113891601563 0.49200439453125 0.558258056640625
0.00441360473632813 -0.0444831848144531 -0.09539794921875 0.87908935546875
0.0307159423828125 -0.00124359130859375 -0.440399169921875 0.4881591796875
0.0391807556152344 0.0213966369628906 0.00656890869140625 0.0630531311035156
0.0258274078369141 -0.00951957702636719 0.548004150390625 -0.415496826171875
0.0235767364501953 -0.0134029388427734 0.21142578125 -0.90533447265625
-0.00953483581542969 -0.00473308563232422 -0.56622314453125 -0.61566162109375
-0.0144338607788086 -0.0031747817993164 -0.66656494140625 0.0819091796875001
0.0118618011474609 0.0108766555786133 -0.32061767578125 0.39385986328125
0.00983619689941406 0.00365447998046875 0.09368896484375 0.336212158203125
0.0202751159667969 -0.00588226318359375 0.285186767578125 0.138427734375
0.0266017913818359 0.00513458251953125 -0.2716064453125 -0.138214111328125
0.0220966339111328 0.00623321533203125 -0.070587158203125 -0.359588623046875
0.0201835632324219 0.0150909423828125 0.2960205078125 -0.399505615234375
-0.00560760498046875 0.0219020843505859 0.648681640625 -0.0872802734375
-0.0305137634277344 -0.00592803955078125 0.4827880859375 0.5625
0.00193023681640625 -0.0406150817871094 -0.10858154296875 0.87786865234375
0.0202751159667969 0.00557708740234375 -0.4451904296875 0.485015869140625
0.0263633728027344 0.0264225006103516 0.00681304931640626 0.0620765686035156
0.0163812637329102 -0.00397872924804687 0.543670654296875 -0.41656494140625
0.0190811157226563 -0.00866508483886719 0.20672607421875 -0.90069580078125
-0.00960636138916016 -0.0026254653930664 -0.56927490234375 -0.60931396484375
-0.0082402229309082 -0.0029144287109375 -0.66265869140625 0.085693359375
0.0153264999389648 0.010004997253418 -0.316650390625 0.396820068359375
0.0125856399536133 0.00431442260742188 0.09405517578125 0.337738037109375
0.0196914672851563 -0.00476264953613281 0.287445068359375 0.139556884765625
0.0283527374267578 0.00306129455566406 -0.270416259765625 -0.142669677734375
0.0245552062988281 0.00498580932617188 -0.0699462890625 -0.360809326171875
0.0243339538574219 0.0118732452392578 0.299346923828125 -0.395050048828125
-0.00363540649414062 0.0213127136230469 0.65057373046875 -0.07696533203125
-0.0290336608886719 -0.00391769409179687 0.4794921875 0.5721435546875
-0.00162887573242187 -0.0333271026611328 -0.12060546875 0.88079833984375
0.0144176483154297 0.0110721588134766 -0.44970703125 0.483245849609375
0.0184764862060547 0.0290813446044922 0.0114364624023438 0.0604515075683594
0.00788640975952148 0.00204324722290039 0.5418701171875 -0.422821044921875
0.013646125793457 -0.00203895568847656 0.19305419921875 -0.9041748046875
-0.00736904144287109 0.000562191009521485 -0.57733154296875 -0.597412109375
-0.00615692138671875 -0.00545358657836914 -0.66180419921875 0.0971679687500001
0.0207920074462891 0.0101356506347656 -0.312164306640625 0.4033203125
0.0153694152832031 0.00214576721191406 0.09478759765625 0.3369140625
0.0215225219726563 -0.0035858154296875 0.288787841796875 0.136138916015625
0.0294876098632813 0.00253486633300781 -0.270217895507812 -0.146987915039063
0.0258235931396484 0.00368690490722656 -0.070159912109375 -0.3607177734375
0.0286521911621094 0.0113658905029297 0.30487060546875 -0.387786865234375
-2.47955322265618E-05 0.0208320617675781 0.655029296875 -0.06573486328125
-0.0282135009765625 -0.00297737121582031 0.4688720703125 0.58123779296875
-0.00514602661132813 -0.0284576416015625 -0.1353759765625 0.87933349609375
0.00708389282226562 0.0155868530273438 -0.4547119140625 0.473663330078125
0.0117855072021484 0.0311565399169922 0.0186271667480469 0.056060791015625
0.000369071960449219 0.00424003601074219 0.53948974609375 -0.432708740234375
0.00926780700683594 0.00288486480712891 0.18048095703125 -0.90411376953125
-0.00694894790649414 0.0036468505859375 -0.58392333984375 -0.58489990234375
-0.00182819366455078 -0.00543308258056641 -0.65692138671875 0.1065673828125
0.0243339538574219 0.00995063781738281 -0.30419921875 0.40966796875
0.0169696807861328 0.000963211059570312 0.098541259765625 0.335205078125
0.0200271606445313 -0.0059661865234375 0.291015625 0.13262939453125
0.0305557250976563 -0.0006256103515625 -0.270584106445312 -0.154586791992187
0.0270061492919922 0.00140571594238281 -0.07037353515625 -0.363983154296875
0.0320148468017578 0.0133018493652344 0.309722900390625 -0.382049560546875
0.00448417663574219 0.0206489562988281 0.6590576171875 -0.053955078125
-0.0272350311279297 -0.000965118408203127 0.45965576171875 0.5927734375
-0.00742530822753906 -0.0255317687988281 -0.1505126953125 0.87432861328125
0.00358772277832031 0.0174827575683594 -0.45562744140625 0.461822509765625
0.00738143920898437 0.0311546325683594 0.028045654296875 0.0501365661621094
-0.0037083625793457 0.00535058975219727 0.537811279296875 -0.4432373046875
0.00642490386962891 0.00547695159912109 0.1641845703125 -0.90826416015625
-0.00462198257446289 0.00493907928466797 -0.5919189453125 -0.569091796875
0.00302696228027344 -0.00667333602905273 -0.651611328125 0.11956787109375
0.0267333984375 0.00942230224609375 -0.2982177734375 0.4132080078125
0.0192813873291016 -0.00234603881835938 0.10028076171875 0.333221435546875
0.0197887420654297 -0.00916290283203125 0.290496826171875 0.12701416015625
0.0352516174316406 -0.00518035888671875 -0.285400390625 -0.1534423828125
0.0125017166137695 0.00290870666503906 -0.0816650390625 -0.379180908203125
0.0170383453369141 0.0189590454101563 0.287384033203125 -0.4107666015625
-0.00779151916503907 0.0248088836669922 0.65667724609375 -0.0885009765625
-0.0306816101074219 -0.0107822418212891 0.50128173828125 0.571044921875
0.0104141235351563 -0.0550346374511719 -0.0881347656249999 0.87969970703125
0.0446014404296875 -0.0177574157714844 -0.435150146484375 0.47723388671875
0.05584716796875 0.0119361877441406 0.0243148803710938 0.0513839721679688
0.0387687683105469 -0.0190238952636719 0.55712890625 -0.438262939453125
0.0288963317871094 -0.0201740264892578 0.20025634765625 -0.9168701171875
-0.00914096832275391 -0.00572872161865234 -0.5843505859375 -0.60369873046875
-0.0149259567260742 -0.00109767913818359 -0.6661376953125 0.10089111328125
0.0129594802856445 0.0118093490600586 -0.3162841796875 0.40948486328125
0.00431680679321289 0.00123262405395508 0.092987060546875 0.332000732421875
0.0215930938720703 -0.0171871185302734 0.289703369140625 0.125244140625
0.0299434661865234 0.000307083129882812 -0.283355712890625 -0.14337158203125
0.013275146484375 0.00489044189453125 -0.08233642578125 -0.373504638671875
0.0147151947021484 0.0171422958374023 0.28863525390625 -0.4095458984375
-0.01300048828125 0.0233898162841797 0.655029296875 -0.0965576171875
-0.0329303741455078 -0.00910377502441406 0.500732421875 0.5635986328125
0.0108451843261719 -0.0554771423339844 -0.088623046875 0.88433837890625
0.0417251586914063 -0.00959014892578125 -0.43701171875 0.485015869140625
0.0543937683105469 0.0150527954101563 0.0161323547363281 0.0566291809082031
0.0378761291503906 -0.016571044921875 0.558868408203125 -0.428924560546875
0.0308341979980469 -0.0198879241943359 0.21356201171875 -0.9151611328125
-0.0106601715087891 -0.00713253021240234 -0.57537841796875 -0.6131591796875
-0.0164737701416016 -0.00264739990234375 -0.671875 0.0917968750000001
0.00729846954345703 0.0138397216796875 -0.32318115234375 0.398895263671875
0.0043795108795166 0.00298523902893066 0.095458984375 0.331787109375
0.0229377746582031 -0.0121517181396484 0.287994384765625 0.12884521484375
0.0318336486816406 0.001251220703125 -0.27960205078125 -0.140640258789063
0.0163402557373047 0.00697612762451172 -0.0809326171875 -0.3701171875
0.0158462524414063 0.0160808563232422 0.285247802734375 -0.40869140625
-0.0147666931152344 0.0233631134033203 0.6507568359375 -0.09759521484375
-0.0306644439697266 -0.0116710662841797 0.504241943359375 0.559356689453125
0.00916671752929688 -0.0515823364257813 -0.088623046875 0.88262939453125
0.0354423522949219 -0.00761032104492188 -0.441680908203125 0.492645263671875
0.0469741821289063 0.0205116271972656 0.00814437866210938 0.0607681274414062
0.0313587188720703 -0.0121669769287109 0.55364990234375 -0.422149658203125
0.0273780822753906 -0.0162105560302734 0.2154541015625 -0.909423828125
-0.0102729797363281 -0.0073232650756836 -0.57647705078125 -0.6160888671875
-0.0166378021240234 -0.00194168090820312 -0.66937255859375 0.0882568359374999
0.0094451904296875 0.0118932723999023 -0.322235107421875 0.400543212890625
0.00864315032958984 0.00402450561523437 0.09576416015625 0.336669921875
0.0191516876220703 -0.00942230224609375 0.291229248046875 0.136505126953125
0.0291213989257813 0.00453567504882813 -0.276657104492188 -0.138015747070312
0.0193767547607422 0.00637435913085937 -0.07598876953125 -0.364593505859375
0.0195026397705078 0.0146579742431641 0.288970947265625 -0.409942626953125
-0.00871467590332031 0.0219841003417969 0.65252685546875 -0.09893798828125
-0.0294761657714844 -0.00809669494628907 0.50079345703125 0.56298828125
0.00382232666015625 -0.0461578369140625 -0.09112548828125 0.8865966796875
0.0303955078125 -0.00113105773925781 -0.441497802734375 0.494537353515625
0.0374717712402344 0.0216293334960938 0.00601196289062501 0.0647354125976563
0.0257663726806641 -0.00621223449707031 0.549407958984375 -0.4210205078125
0.0221443176269531 -0.0135955810546875 0.21002197265625 -0.91015625
-0.0105447769165039 -0.00472736358642578 -0.57440185546875 -0.6136474609375
-0.0150718688964844 -0.00411605834960938 -0.67010498046875 0.0855712890625
0.0128698348999023 0.0123186111450195 -0.3187255859375 0.399627685546875
0.0112018585205078 0.0019378662109375 0.095458984375 0.338104248046875
0.0212955474853516 -0.00698471069335938 0.289154052734375 0.137054443359375
0.0264320373535156 0.00564193725585937 -0.274185180664062 -0.13812255859375
0.0205135345458984 0.00672721862792969 -0.076568603515625 -0.3670654296875
0.0199165344238281 0.0117130279541016 0.29071044921875 -0.402008056640625
-0.00930213928222656 0.0215797424316406 0.6536865234375 -0.09283447265625
-0.0312061309814453 -0.00501632690429688 0.49273681640625 0.56549072265625
0.00341796875 -0.0397453308105469 -0.10400390625 0.88629150390625
0.0221519470214844 0.00509452819824219 -0.449127197265625 0.491424560546875
0.0271358489990234 0.0252857208251953 0.00756072998046875 0.0634689331054687
0.0195026397705078 -0.002532958984375 0.546417236328125 -0.420166015625
0.0229396820068359 -0.00848197937011719 0.20465087890625 -0.91033935546875
-0.0075993537902832 -0.00304412841796875 -0.5771484375 -0.61383056640625
-0.0109996795654297 -0.00568389892578125 -0.66937255859375 0.0906982421875001
0.0162143707275391 0.010645866394043 -0.313079833984375 0.404022216796875
0.0128755569458008 0.000863075256347656 0.096893310546875 0.341705322265625
0.0181961059570313 -0.001861572265625 0.2926025390625 0.137939453125
0.0275077819824219 0.00302314758300781 -0.271469116210938 -0.142333984375
0.0235519409179688 0.00513267517089844 -0.075531005859375 -0.36151123046875
0.0260295867919922 0.0129985809326172 0.297607421875 -0.4005126953125
-0.00380325317382812 0.0207748413085938 0.65509033203125 -0.08160400390625
-0.0292034149169922 -0.00508308410644531 0.485107421875 0.57684326171875
-0.00165939331054688 -0.0344676971435547 -0.11541748046875 0.88702392578125
0.0138092041015625 0.00980758666992188 -0.45233154296875 0.486541748046875
0.0178012847900391 0.0308952331542969 0.011016845703125 0.06207275390625
0.00843238830566406 0.00175237655639648 0.5450439453125 -0.430084228515625
0.0136423110961914 -0.000889778137207031 0.19097900390625 -0.9144287109375
-0.0058751106262207 -3.05175781249992E-05 -0.58624267578125 -0.6015625
-0.00608539581298828 -0.00380516052246094 -0.6636962890625 0.0979614257812499
0.0223960876464844 0.011505126953125 -0.31231689453125 0.40966796875
0.0164861679077148 0.00249385833740234 0.1002197265625 0.34149169921875
0.0216808319091797 -0.00458908081054688 0.292236328125 0.13446044921875
0.0287914276123047 0.00378799438476563 -0.27496337890625 -0.145294189453125
0.0242347717285156 0.0025634765625 -0.07568359375 -0.365509033203125
0.029449462890625 0.0091552734375 0.304351806640625 -0.392486572265625
0.00354576110839844 0.0215244293212891 0.6593017578125 -0.0694580078125
-0.0307769775390625 -0.00119781494140625 0.47479248046875 0.58587646484375
-0.00449752807617187 -0.0296211242675781 -0.13031005859375 0.8870849609375
0.00911331176757813 0.0133914947509766 -0.45703125 0.478973388671875
0.0121994018554687 0.0310497283935547 0.0183906555175781 0.0561141967773438
-0.000326156616210938 0.00552177429199219 0.54351806640625 -0.439727783203125
0.00851821899414063 0.00321435928344727 0.17816162109375 -0.91259765625
-0.00636482238769531 0.00416994094848633 -0.5946044921875 -0.58734130859375
-0.0029911994934082 -0.00632333755493164 -0.66143798828125 0.11395263671875
0.0260334014892578 0.00896263122558594 -0.303802490234375 0.41668701171875
0.0173320770263672 0.00114536285400391 0.100982666015625 0.337982177734375
0.0175647735595703 -0.00540351867675781 0.294891357421875 0.12933349609375
0.0293407440185547 -0.00174140930175781 -0.27630615234375 -0.15313720703125
0.0270671844482422 0.00200462341308594 -0.075042724609375 -0.3670654296875
0.0329113006591797 0.0104007720947266 0.308380126953125 -0.3868408203125
0.00348091125488281 0.0195426940917969 0.664794921875 -0.05609130859375
-0.0300750732421875 -0.00210189819335938 0.46685791015625 0.59344482421875
-0.00851821899414063 -0.0276393890380859 -0.1468505859375 0.8819580078125
0.00186538696289062 0.0167436599731445 -0.461273193359375 0.4686279296875
0.00801277160644532 0.0332660675048828 0.0275764465332031 0.0499649047851562
-0.00449752807617188 0.00620269775390625 0.543243408203125 -0.4482421875
0.00567245483398438 0.00581598281860352 0.1630859375 -0.914794921875
-0.00343203544616699 0.00345540046691894 -0.60186767578125 -0.572021484375
0.00124692916870117 -0.0063023567199707 -0.65924072265625 0.126953125
0.0265254974365234 0.0106468200683594 -0.297637939453125 0.4178466796875
0.0154781341552734 -0.00124168395996094 0.10302734375 0.33642578125
0.0225372314453125 -0.00877761840820313 0.295806884765625 0.126434326171875
0.0340499877929688 -0.00571632385253906 -0.290557861328125 -0.15045166015625
0.0122051239013672 0.002166748046875 -0.0889892578125 -0.379791259765625
0.0157794952392578 0.0172691345214844 0.284027099609375 -0.415802001953125
-0.00961112976074219 0.0263786315917969 0.66290283203125 -0.0950927734375
-0.0327854156494141 -0.0103244781494141 0.51214599609375 0.5701904296875
0.0101318359375 -0.0572662353515625 -0.0820312499999999 0.888671875
0.0437393188476563 -0.0154037475585938 -0.4354248046875 0.484466552734375
0.0552902221679687 0.0152664184570312 0.0251541137695312 0.05133056640625
0.0403480529785156 -0.0207710266113281 0.557708740234375 -0.447021484375
0.0286006927490234 -0.0215778350830078 0.1968994140625 -0.92510986328125
-0.00845670700073242 -0.00615215301513672 -0.59356689453125 -0.60357666015625
-0.0148134231567383 0.00127887725830078 -0.6719970703125 0.10833740234375
0.011845588684082 0.0121831893920898 -0.315277099609375 0.411468505859375
0.00491619110107422 -1.00135803222656E-05 0.0975341796875 0.3328857421875
0.0205211639404297 -0.0193443298339844 0.294281005859375 0.125030517578125
0.0337200164794922 0.000539779663085938 -0.288238525390625 -0.141204833984375
0.0164680480957031 0.00477027893066406 -0.0875244140625 -0.371826171875
0.0150089263916016 0.0188484191894531 0.28558349609375 -0.413299560546875
-0.01080322265625 0.0254039764404297 0.65966796875 -0.09967041015625
-0.0331268310546875 -0.0108451843261719 0.51123046875 0.56610107421875
0.00896072387695313 -0.0561256408691406 -0.08135986328125 0.89208984375
0.040740966796875 -0.0128326416015625 -0.43603515625 0.4942626953125
0.0537452697753906 0.0172500610351563 0.0157470703125 0.0587577819824219
0.0371932983398437 -0.0160446166992188 0.55859375 -0.436676025390625
0.0287570953369141 -0.0227298736572266 0.21026611328125 -0.924072265625
-0.00925445556640625 -0.00752830505371094 -0.584228515625 -0.61474609375
-0.017024040222168 -0.00213623046875 -0.6746826171875 0.0972290039062501
0.00845146179199219 0.0130252838134766 -0.320037841796875 0.403228759765625
0.00603961944580078 0.00278091430664063 0.097259521484375 0.33343505859375
0.0225257873535156 -0.0129222869873047 0.294830322265625 0.129425048828125
0.0293598175048828 8.20159912109375E-05 -0.285675048828125 -0.13702392578125
0.0170373916625977 0.00590991973876953 -0.08477783203125 -0.37139892578125
0.0152931213378906 0.0174713134765625 0.284423828125 -0.41436767578125
-0.0111942291259766 0.0254573822021484 0.654541015625 -0.10504150390625
-0.0331974029541016 -0.00976371765136719 0.510009765625 0.56005859375
0.00649261474609375 -0.0521163940429688 -0.0812988281250001 0.89337158203125
0.0351829528808594 -0.007171630859375 -0.4404296875 0.498504638671875
0.0468215942382812 0.0208816528320312 0.00857543945312501 0.0625343322753906
0.0309123992919922 -0.0135860443115234 0.5556640625 -0.4315185546875
0.0287628173828125 -0.0191307067871094 0.21112060546875 -0.91778564453125
-0.00948143005371094 -0.00889301300048828 -0.5838623046875 -0.61358642578125
-0.0185565948486328 -0.00028228759765625 -0.67657470703125 0.0942382812500001
0.0112066268920898 0.0131301879882813 -0.319183349609375 0.40728759765625
0.0084991455078125 0.005584716796875 0.098388671875 0.3392333984375
0.0207328796386719 -0.00897598266601562 0.295440673828125 0.13494873046875
0.0306644439697266 0.00292396545410156 -0.28204345703125 -0.135955810546875
0.0193042755126953 0.00692558288574219 -0.083343505859375 -0.364990234375
0.0180492401123047 0.0134868621826172 0.2889404296875 -0.41534423828125
-0.01055908203125 0.0233554840087891 0.657470703125 -0.10260009765625
-0.0316333770751953 -0.00710105895996094 0.509521484375 0.56439208984375
0.00495147705078125 -0.0479393005371094 -0.0865478515624999 0.8994140625
0.0299339294433594 -0.00237464904785156 -0.445037841796875 0.504913330078125
0.0387611389160156 0.0247688293457031 0.00608062744140626 0.0633049011230469
0.0234928131103516 -0.00873374938964844 0.55120849609375 -0.42864990234375
0.0251922607421875 -0.0135040283203125 0.2083740234375 -0.9212646484375
-0.00959396362304688 -0.00401973724365234 -0.5863037109375 -0.61700439453125
-0.0172948837280273 -0.00380420684814453 -0.67657470703125 0.09429931640625
0.0130834579467773 0.0114221572875977 -0.318084716796875 0.40740966796875
0.00884532928466797 0.00332736968994141 0.098114013671875 0.34033203125
0.0202884674072266 -0.00662422180175781 0.29486083984375 0.136627197265625
0.0303592681884766 0.00487327575683594 -0.28253173828125 -0.1351318359375
0.0225925445556641 0.00699234008789063 -0.080474853515625 -0.362762451171875
0.0196933746337891 0.0141181945800781 0.293365478515625 -0.409881591796875
-0.00678253173828125 0.0216255187988281 0.6571044921875 -0.09844970703125
-0.0313339233398438 -0.00421524047851562 0.4990234375 0.56964111328125
0.00116348266601563 -0.0397453308105469 -0.09686279296875 0.89154052734375
0.0216808319091797 0.00524520874023437 -0.45050048828125 0.4984130859375
0.0275039672851563 0.0283393859863281 0.00687408447265625 0.0620918273925781
0.0157098770141602 -0.00133228302001953 0.551666259765625 -0.4263916015625
0.0186882019042969 -0.00769233703613281 0.1993408203125 -0.9171142578125
-0.00754165649414063 4.76837158203258E-06 -0.58770751953125 -0.61175537109375
-0.0112028121948242 -0.00240898132324218 -0.6732177734375 0.09912109375
0.015254020690918 0.011199951171875 -0.311492919921875 0.409332275390625
0.0131254196166992 0.00315952301025391 0.101226806640625 0.339874267578125
0.0190238952636719 -0.00555038452148437 0.295379638671875 0.13592529296875
0.0307064056396484 0.00436973571777344 -0.27947998046875 -0.140716552734375
0.0241508483886719 0.00493240356445313 -0.081298828125 -0.36376953125
0.0239963531494141 0.0112171173095703 0.298126220703125 -0.4027099609375
-0.003326416015625 0.0212669372558594 0.6600341796875 -0.08660888671875
-0.0298881530761719 -0.00562667846679687 0.493896484375 0.57904052734375
-0.00314521789550782 -0.0346145629882813 -0.1094970703125 0.89862060546875
0.0134859085083008 0.00999641418457031 -0.45477294921875 0.49554443359375
0.0168781280517578 0.030609130859375 0.00974655151367188 0.061279296875
0.00776004791259766 0.00203371047973633 0.5447998046875 -0.437408447265625
0.0149688720703125 -0.00191688537597656 0.18621826171875 -0.92236328125
-0.00683403015136719 0.00108432769775391 -0.59552001953125 -0.6005859375
-0.00690889358520508 -0.00562715530395508 -0.672607421875 0.1070556640625
0.0209999084472656 0.00976371765136719 -0.309356689453125 0.414337158203125
0.0168724060058594 -0.00182533264160156 0.1031494140625 0.34161376953125
0.0217514038085937 -0.00663375854492187 0.299224853515625 0.13397216796875
0.0299072265625 0.00121498107910156 -0.279434204101562 -0.145675659179688
0.0271530151367188 0.00255012512207031 -0.079864501953125 -0.365142822265625
0.0282859802246094 0.0103931427001953 0.304412841796875 -0.397064208984375
0.00234603881835938 0.0211296081542969 0.66461181640625 -0.07562255859375
-0.0279903411865234 -0.00210762023925782 0.484130859375 0.5867919921875
-0.00272178649902343 -0.0309181213378906 -0.12701416015625 0.89617919921875
0.00677394866943359 0.0160064697265625 -0.45733642578125 0.487579345703125
0.0120334625244141 0.0336627960205078 0.0165939331054687 0.0557746887207031
0.000651359558105468 0.00713682174682617 0.543914794921875 -0.44525146484375
0.0102720260620117 0.00275611877441406 0.17315673828125 -0.91973876953125
-0.00654411315917969 0.00309991836547852 -0.60467529296875 -0.58807373046875
-0.00052642822265625 -0.00452184677124023 -0.665771484375 0.11944580078125
0.0249691009521484 0.0114574432373047 -0.299407958984375 0.41973876953125
0.0186443328857422 0.00141143798828125 0.106658935546875 0.341583251953125
0.0205860137939453 -0.00746536254882813 0.2999267578125 0.129791259765625
0.0304603576660156 -0.00102043151855469 -0.280532836914062 -0.152359008789063
0.0290317535400391 0.00152969360351563 -0.079986572265625 -0.3670654296875
0.0341014862060547 0.0109500885009766 0.306915283203125 -0.392059326171875
0.00488853454589844 0.0223255157470703 0.66815185546875 -0.06072998046875
-0.0281505584716797 5.34057617187558E-05 0.4757080078125 0.598876953125
-0.00822257995605469 -0.0267658233642578 -0.14031982421875 0.89288330078125
0.00380706787109375 0.0185127258300781 -0.459869384765625 0.4771728515625
0.00819969177246094 0.0340385437011719 0.0256690979003906 0.0497322082519531
-0.00559234619140625 0.00827217102050781 0.54266357421875 -0.45550537109375
0.00755453109741211 0.00676155090332031 0.1590576171875 -0.92425537109375
-0.00438618659973144 0.00372099876403809 -0.61090087890625 -0.57171630859375
0.00280189514160156 -0.00732851028442383 -0.66400146484375 0.13336181640625
0.0284175872802734 0.00769615173339844 -0.2974853515625 0.426788330078125
0.0205936431884766 -0.00361824035644531 0.108306884765625 0.339874267578125
0.0214786529541016 -0.0104160308837891 0.30023193359375 0.123321533203125
0.0352020263671875 -0.00661468505859375 -0.296539306640625 -0.147491455078125
0.0130891799926758 0.000962257385253906 -0.097564697265625 -0.382354736328125
0.0164146423339844 0.0186748504638672 0.28265380859375 -0.4202880859375
-0.00946807861328125 0.0255012512207031 0.667724609375 -0.10101318359375
-0.0330295562744141 -0.0103073120117187 0.52349853515625 0.5714111328125
0.00915145874023438 -0.0562591552734375 -0.0765380859375 0.8956298828125
0.0444221496582031 -0.0158157348632813 -0.434661865234375 0.493255615234375
0.0584983825683594 0.0157661437988281 0.0231971740722656 0.0521736145019531
0.0400657653808594 -0.0177764892578125 0.557861328125 -0.4556884765625
0.0293064117431641 -0.0219478607177734 0.192626953125 -0.93487548828125
-0.00905418395996094 -0.00530910491943359 -0.60443115234375 -0.60137939453125
-0.0142011642456055 -0.000200271606445311 -0.6756591796875 0.1170654296875
0.0105056762695312 0.0126552581787109 -0.31268310546875 0.420135498046875
0.00574874877929688 0.00165414810180664 0.101806640625 0.333770751953125
0.022796630859375 -0.01971435546875 0.300201416015625 0.121337890625
0.0323371887207031 -0.000867843627929688 -0.29266357421875 -0.137908935546875
0.0150899887084961 0.00382804870605469 -0.095916748046875 -0.375732421875
0.0160274505615234 0.01910400390625 0.283111572265625 -0.42095947265625
-0.0119056701660156 0.0274925231933594 0.66290283203125 -0.108154296875
-0.0323905944824219 -0.0108413696289062 0.5205078125 0.5667724609375
0.0094451904296875 -0.0574722290039062 -0.0740966796875001 0.90057373046875
0.0411796569824219 -0.0112838745117187 -0.438079833984375 0.503173828125
0.0538978576660156 0.0172042846679688 0.0161819458007813 0.0572700500488281
0.0379257202148438 -0.0155143737792969 0.55999755859375 -0.4454345703125
0.0289936065673828 -0.0202045440673828 0.20379638671875 -0.93292236328125
-0.00883293151855469 -0.00691032409667969 -0.59490966796875 -0.61474609375
-0.0159492492675781 -0.00109100341796875 -0.67877197265625 0.10516357421875
0.0101375579833984 0.0138349533081055 -0.318145751953125 0.414703369140625
0.00603008270263672 8.10623168945313E-05 0.10321044921875 0.33599853515625
0.0213565826416016 -0.0132904052734375 0.2987060546875 0.12689208984375
0.0306529998779297 -0.00150489807128906 -0.290130615234375 -0.1353759765625
0.0186672210693359 0.00583839416503906 -0.092254638671875 -0.372650146484375
0.0159378051757813 0.0167407989501953 0.28228759765625 -0.421905517578125
-0.0119094848632812 0.0251903533935547 0.6605224609375 -0.1119384765625
-0.0315380096435547 -0.00778388977050782 0.52020263671875 0.560272216796875
0.00777435302734374 -0.0537948608398438 -0.07073974609375 0.89703369140625
0.0358047485351562 -0.009552001953125 -0.439605712890625 0.505218505859375
0.0457763671875 0.0207099914550781 0.00665283203125001 0.0619659423828125
0.0349082946777344 -0.0103683471679688 0.556488037109375 -0.434967041015625
0.0276355743408203 -0.0186672210693359 0.20489501953125 -0.92816162109375
-0.0112075805664063 -0.00575542449951172 -0.5946044921875 -0.61529541015625
-0.0173959732055664 -0.000584602355957033 -0.678466796875 0.1004638671875
0.0102624893188477 0.0107698440551758 -0.317962646484375 0.41302490234375
0.00876998901367188 0.00178623199462891 0.10296630859375 0.3406982421875
0.020538330078125 -0.00907516479492187 0.299072265625 0.130218505859375
0.0292167663574219 0.00231552124023437 -0.28790283203125 -0.1318359375
0.0214290618896484 0.00722122192382812 -0.08856201171875 -0.3653564453125
0.0172080993652344 0.0152320861816406 0.28466796875 -0.42034912109375
-0.0102653503417969 0.0246620178222656 0.66058349609375 -0.11083984375
-0.0316028594970703 -0.00712776184082031 0.519287109375 0.56512451171875
0.00571823120117187 -0.0473861694335938 -0.0749511718750001 0.9049072265625
0.0272369384765625 -0.00154685974121094 -0.44354248046875 0.51214599609375
0.0386428833007813 0.0253715515136719 0.00723266601562501 0.065887451171875
0.0253143310546875 -0.0067291259765625 0.551788330078125 -0.4384765625
0.0238685607910156 -0.0153388977050781 0.2005615234375 -0.929931640625
-0.00787830352783203 -0.00462627410888672 -0.59564208984375 -0.6171875
-0.0156841278076172 -0.00263214111328125 -0.68133544921875 0.10235595703125
0.0128469467163086 0.0100317001342773 -0.31597900390625 0.41546630859375
0.0110197067260742 0.00395488739013672 0.10400390625 0.342742919921875
0.0199871063232422 -0.00620651245117188 0.2996826171875 0.13336181640625
0.0299186706542969 0.00464248657226563 -0.28533935546875 -0.132568359375
0.0228328704833984 0.00626945495605469 -0.08935546875 -0.365692138671875
0.0204296112060547 0.0138607025146484 0.289825439453125 -0.41436767578125
-0.00837135314941406 0.0248908996582031 0.66229248046875 -0.10382080078125
-0.0328960418701172 -0.00534057617187499 0.51019287109375 0.57037353515625
0.00145339965820312 -0.0421981811523438 -0.0900268554687499 0.90509033203125
0.0220317840576172 0.00382423400878906 -0.447723388671875 0.50799560546875
0.0273723602294922 0.0293636322021484 0.006134033203125 0.063507080078125
0.0158815383911133 -0.000326156616210938 0.550384521484375 -0.437286376953125
0.0207920074462891 -0.00749397277832031 0.197265625 -0.92755126953125
-0.00528526306152344 -0.00152349472045898 -0.59857177734375 -0.61114501953125
-0.0121393203735352 -0.00321769714355469 -0.67767333984375 0.10504150390625
0.0159826278686523 0.0114688873291016 -0.3116455078125 0.41717529296875
0.0132923126220703 0.00195980072021484 0.1065673828125 0.3421630859375
0.0205078125 -0.00353431701660156 0.300323486328125 0.134185791015625
0.0305385589599609 0.00474166870117188 -0.285369873046875 -0.138397216796875
0.0247249603271484 0.00505256652832031 -0.088653564453125 -0.36474609375
0.0245170593261719 0.0133190155029297 0.2943115234375 -0.408935546875
-0.00518417358398438 0.0219936370849609 0.66473388671875 -0.0953369140625
-0.0320262908935547 -0.00270271301269532 0.5052490234375 0.58050537109375
-0.00293350219726563 -0.0357666015625 -0.103515625 0.9085693359375
0.0146551132202148 0.0119009017944336 -0.45501708984375 0.502593994140625
0.0200023651123047 0.0316562652587891 0.0106887817382813 0.0618362426757813
0.0067133903503418 0.00332736968994141 0.547027587890625 -0.444427490234375
0.0149106979370117 0.000275611877441406 0.1810302734375 -0.9317626953125
-0.00632715225219727 0.00111913681030273 -0.60748291015625 -0.60003662109375
-0.00641965866088867 -0.00456809997558594 -0.67657470703125 0.115966796875
0.0211963653564453 0.0104732513427734 -0.3070068359375 0.423828125
0.0173501968383789 0.00105094909667969 0.1092529296875 0.3431396484375
0.0184307098388672 -0.00578880310058594 0.302520751953125 0.132537841796875
0.0314483642578125 0.000858306884765625 -0.28436279296875 -0.14080810546875
0.0283565521240234 0.003204345703125 -0.0863037109375 -0.367340087890625
0.0329132080078125 0.00986671447753906 0.298614501953125 -0.40252685546875
-0.000268936157226562 0.02215576171875 0.66827392578125 -0.0816650390625
-0.0279884338378906 -0.001678466796875 0.4932861328125 0.5885009765625
-0.00607490539550781 -0.0298576354980469 -0.11846923828125 0.90777587890625
0.00739192962646484 0.0152950286865234 -0.456695556640625 0.495025634765625
0.0127468109130859 0.0331497192382813 0.0185585021972656 0.0568733215332031
-0.00011587142944336 0.00762653350830078 0.544921875 -0.45465087890625
0.0127468109130859 0.00547313690185547 0.16693115234375 -0.93157958984375
-0.0051264762878418 0.00301313400268555 -0.6160888671875 -0.585693359375
-0.00311136245727539 -0.00512790679931641 -0.6717529296875 0.12762451171875
0.0247631072998047 0.00806808471679687 -0.299285888671875 0.428680419921875
0.0200748443603516 0.00142860412597656 0.111328125 0.34271240234375
0.0209503173828125 -0.0067138671875 0.30322265625 0.127777099609375
0.0292930603027344 -0.00264930725097656 -0.284820556640625 -0.150115966796875
0.0298423767089844 0.00128173828125 -0.087371826171875 -0.3707275390625
0.0335960388183594 0.0119609832763672 0.30462646484375 -0.396209716796875
0.00506210327148437 0.0221347808837891 0.671875 -0.06829833984375
-0.0291767120361328 -0.00136375427246094 0.48516845703125 0.601806640625
-0.00843048095703125 -0.0276813507080078 -0.134033203125 0.90301513671875
0.002044677734375 0.0184650421142578 -0.460693359375 0.486907958984375
0.00925636291503906 0.034271240234375 0.0283164978027344 0.0513496398925781
-0.00317192077636719 0.00894832611083985 0.5433349609375 -0.46197509765625
0.00707292556762695 0.0053863525390625 0.15155029296875 -0.9322509765625
-0.00400257110595703 0.00543975830078125 -0.62359619140625 -0.571044921875
0.00133180618286133 -0.00511264801025391 -0.66607666015625 0.14141845703125
0.0290889739990234 0.00881576538085938 -0.2943115234375 0.433990478515625
0.0207405090332031 -0.00377655029296875 0.111572265625 0.3394775390625
0.0208187103271484 -0.00963783264160156 0.3055419921875 0.1207275390625
0.0343017578125 -0.00623703002929687 -0.300933837890625 -0.143585205078125
0.0127811431884766 0.00169849395751953 -0.1009521484375 -0.382568359375
0.0177650451660156 0.0196189880371094 0.27734375 -0.426788330078125
-0.0106220245361328 0.0264911651611328 0.66998291015625 -0.10565185546875
-0.0334396362304687 -0.00912094116210937 0.53399658203125 0.5703125
0.0107078552246094 -0.0611915588378906 -0.0670166015624999 0.90313720703125
0.0426483154296875 -0.0159530639648438 -0.431976318359375 0.500152587890625
0.0562820434570313 0.0152702331542969 0.0247001647949219 0.0499496459960938
0.0404014587402344 -0.0193367004394531 0.55816650390625 -0.462982177734375
0.0299472808837891 -0.0214138031005859 0.184326171875 -0.94195556640625
-0.0100126266479492 -0.00541210174560547 -0.61297607421875 -0.59661865234375
-0.015416145324707 0.000519752502441407 -0.6805419921875 0.12261962890625
0.0122175216674805 0.0123090744018555 -0.308685302734375 0.423065185546875
0.00469064712524414 0.00251245498657227 0.1064453125 0.33807373046875
0.0221958160400391 -0.019317626953125 0.3052978515625 0.11712646484375
0.0321769714355469 -0.00367355346679688 -0.29693603515625 -0.135589599609375
0.0165090560913086 0.00348854064941406 -0.10211181640625 -0.37445068359375
0.0132331848144531 0.0186595916748047 0.27777099609375 -0.427154541015625
-0.0137062072753906 0.0281867980957031 0.66632080078125 -0.115478515625
-0.0331192016601563 -0.0105953216552734 0.53369140625 0.56390380859375
0.009735107421875 -0.05865478515625 -0.06451416015625 0.9090576171875
0.0404815673828125 -0.013824462890625 -0.437957763671875 0.51226806640625
0.0559272766113281 0.0177230834960938 0.0153884887695313 0.0593719482421875
0.036895751953125 -0.0149459838867187 0.560302734375 -0.455841064453125
0.0305385589599609 -0.0216102600097656 0.1951904296875 -0.94091796875
-0.0101461410522461 -0.00769329071044922 -0.60272216796875 -0.6104736328125
-0.0178489685058594 -0.000978469848632816 -0.68121337890625 0.1156005859375
0.00833988189697266 0.0126094818115234 -0.3145751953125 0.4202880859375
0.00675678253173828 -0.00127172470092773 0.108551025390625 0.336029052734375
0.0192890167236328 -0.0153465270996094 0.3040771484375 0.123138427734375
0.0315494537353516 -0.00141334533691406 -0.295257568359375 -0.13604736328125
0.0172128677368164 0.00742340087890625 -0.096588134765625 -0.370361328125
0.0167617797851563 0.014617919921875 0.2747802734375 -0.42803955078125
-0.0121135711669922 0.0254554748535156 0.66217041015625 -0.11865234375
-0.0315151214599609 -0.0102310180664063 0.533172607421875 0.556060791015625
0.00751495361328126 -0.051605224609375 -0.0616455078125001 0.90631103515625
0.03729248046875 -0.00920486450195313 -0.438201904296875 0.517364501953125
0.0483512878417969 0.0200309753417969 0.00780487060546875 0.0640525817871094
0.0341377258300781 -0.0112323760986328 0.55401611328125 -0.44537353515625
0.0305080413818359 -0.0158576965332031 0.19677734375 -0.9298095703125
-0.00826644897460938 -0.0064239501953125 -0.601806640625 -0.610107421875
-0.0165634155273438 -0.000715255737304686 -0.68511962890625 0.11199951171875
0.00952434539794922 0.0126953125 -0.31427001953125 0.421630859375
0.00758981704711914 0.00556325912475586 0.10894775390625 0.340667724609375
0.0195331573486328 -0.0107707977294922 0.30352783203125 0.12725830078125
0.0302543640136719 0.00230789184570313 -0.29144287109375 -0.13140869140625
0.0225200653076172 0.0088653564453125 -0.096099853515625 -0.367401123046875
0.0183620452880859 0.0152568817138672 0.27960205078125 -0.4239501953125
-0.009185791015625 0.0260276794433594 0.66448974609375 -0.12158203125
-0.0320777893066406 -0.00589370727539062 0.530548095703125 0.5621337890625
0.00348281860351563 -0.0470314025878906 -0.0657958984375 0.914306640625
0.0288810729980469 -0.00394248962402344 -0.442840576171875 0.521575927734375
0.0389671325683594 0.0247383117675781 0.0062408447265625 0.0648574829101563
0.0236377716064453 -0.00535011291503906 0.5489501953125 -0.44573974609375
0.0247764587402344 -0.00956916809082031 0.19122314453125 -0.93524169921875
-0.0086984634399414 -0.00388193130493164 -0.6068115234375 -0.61572265625
-0.0166282653808594 -0.00146198272705078 -0.685791015625 0.11248779296875
0.0121068954467773 0.0100069046020508 -0.308807373046875 0.42413330078125
0.0128679275512695 0.00677013397216797 0.108673095703125 0.345001220703125
0.0196094512939453 -0.00886344909667969 0.30548095703125 0.13153076171875
0.0332393646240234 0.00183868408203125 -0.2919921875 -0.131072998046875
0.0220451354980469 0.00337791442871094 -0.095062255859375 -0.366363525390625
0.0211410522460938 0.0118160247802734 0.28515625 -0.41766357421875
-0.00670623779296875 0.0256423950195313 0.6651611328125 -0.11297607421875
-0.0290412902832031 -0.00439643859863281 0.51837158203125 0.5684814453125
0.000213623046875001 -0.0375175476074219 -0.078125 0.912353515625
0.02001953125 0.0053558349609375 -0.449432373046875 0.51641845703125
0.0285320281982422 0.0299720764160156 0.0107078552246094 0.0670738220214844
0.0155906677246094 -0.00223541259765625 0.54736328125 -0.448150634765625
0.0211753845214844 -0.00941848754882812 0.18450927734375 -0.93585205078125
-0.00710773468017578 -0.0019378662109375 -0.6087646484375 -0.606201171875
-0.0145235061645508 -0.00383090972900391 -0.68084716796875 0.1141357421875
0.0157604217529297 0.0118589401245117 -0.309600830078125 0.423858642578125
0.0156240463256836 0.00228118896484375 0.1146240234375 0.341888427734375
0.0170927047729492 -0.00935173034667969 0.303863525390625 0.132110595703125
0.0304641723632813 0.00147628784179688 -0.28826904296875 -0.13525390625
0.0243892669677734 0.00313186645507813 -0.094512939453125 -0.36627197265625
0.0266227722167969 0.0124282836914063 0.2900390625 -0.414703369140625
-0.00201988220214844 0.0231742858886719 0.6678466796875 -0.102783203125
-0.0335597991943359 -0.00492095947265624 0.51263427734375 0.579345703125
-0.00390243530273438 -0.0358123779296875 -0.0921630859375 0.9124755859375
0.0133848190307617 0.0108718872070312 -0.45367431640625 0.513946533203125
0.0213184356689453 0.0321273803710938 0.0124015808105469 0.0616226196289063
0.00746679306030273 0.00528860092163086 0.54644775390625 -0.45477294921875
0.0164575576782227 0.000758171081542969 0.17242431640625 -0.93939208984375
-0.0055694580078125 0.00167465209960938 -0.6204833984375 -0.59661865234375
-0.00778913497924805 -0.00208854675292969 -0.67962646484375 0.127197265625
0.0218849182128906 0.00960540771484375 -0.3013916015625 0.430419921875
0.0184726715087891 0.00162506103515625 0.11468505859375 0.343536376953125
0.0213947296142578 -0.005859375 0.30767822265625 0.12811279296875
0.0304679870605469 0.00114250183105469 -0.288116455078125 -0.139312744140625
0.0269794464111328 0.00357437133789062 -0.0904541015625 -0.365966796875
0.0290470123291016 0.00852584838867188 0.295013427734375 -0.405731201171875
0.0011749267578125 0.0223979949951172 0.66937255859375 -0.0906982421875
-0.0268764495849609 -0.00285911560058594 0.50439453125 0.58721923828125
-0.00392723083496094 -0.0301971435546875 -0.10833740234375 0.91741943359375
0.00523662567138672 0.0167255401611328 -0.455474853515625 0.501800537109375
0.0136642456054688 0.03533935546875 0.0175285339355469 0.0574913024902344
0.00264072418212891 0.00708675384521484 0.54412841796875 -0.462493896484375
0.0126981735229492 0.00146389007568359 0.1591796875 -0.9368896484375
-0.003082275390625 0.00169777870178223 -0.62615966796875 -0.58349609375
0.000264644622802734 -0.00622940063476563 -0.67425537109375 0.13702392578125
0.0274887084960938 0.00824737548828125 -0.29583740234375 0.4332275390625
0.0197658538818359 -0.000240325927734375 0.115997314453125 0.342498779296875
0.0197963714599609 -0.00539779663085938 0.309295654296875 0.126190185546875
0.0320777893066406 -0.0030670166015625 -0.289825439453125 -0.14599609375
0.0313129425048828 0.00233268737792969 -0.096435546875 -0.370330810546875
0.0322132110595703 0.00913047790527344 0.298919677734375 -0.4014892578125
0.00507164001464844 0.0242195129394531 0.6756591796875 -0.075439453125
-0.0278778076171875 -0.00139999389648438 0.49700927734375 0.59930419921875
-0.00850105285644531 -0.0290985107421875 -0.1243896484375 0.91015625
0.000952720642089845 0.017338752746582 -0.459564208984375 0.492584228515625
0.00974273681640625 0.0362205505371094 0.027587890625 0.050537109375
-0.00282955169677734 0.0115261077880859 0.543243408203125 -0.474273681640625
0.00843429565429688 0.00641679763793945 0.14422607421875 -0.94061279296875
-0.00533103942871094 0.00469064712524414 -0.63287353515625 -0.566162109375
0.00408792495727539 -0.00663042068481445 -0.6688232421875 0.1488037109375
0.0291786193847656 0.00783729553222656 -0.28912353515625 0.4400634765625
0.0181808471679688 -0.00159072875976563 0.11773681640625 0.33990478515625
0.0212059020996094 -0.010040283203125 0.31024169921875 0.11846923828125
0.0354766845703125 -0.00745391845703125 -0.306549072265625 -0.139862060546875
0.0153789520263672 0.00455474853515625 -0.110687255859375 -0.3800048828125
0.0173492431640625 0.0171470642089844 0.27001953125 -0.42919921875
-0.01080322265625 0.0309600830078125 0.6688232421875 -0.11859130859375
-0.0337028503417969 -0.00828170776367188 0.54144287109375 0.5662841796875
0.0108451843261719 -0.0589027404785156 -0.0562744140625001 0.91229248046875
0.0437698364257812 -0.01580810546875 -0.4268798828125 0.50714111328125
0.0582962036132813 0.0180130004882813 0.0224990844726563 0.0503463745117188
0.0381355285644531 -0.0190620422363281 0.55621337890625 -0.47027587890625
0.0321502685546875 -0.0208454132080078 0.1719970703125 -0.9501953125
-0.00844240188598632 -0.00729227066040039 -0.6217041015625 -0.59490966796875
-0.0163516998291016 0.001007080078125 -0.6790771484375 0.13568115234375
0.0133724212646484 0.0149869918823242 -0.30523681640625 0.434600830078125
0.00727510452270508 0.00408697128295899 0.111663818359375 0.3372802734375
0.023590087890625 -0.0198040008544922 0.30670166015625 0.111724853515625
0.0319461822509766 -0.003021240234375 -0.29888916015625 -0.132537841796875
0.0159158706665039 0.00291538238525391 -0.10760498046875 -0.37744140625
0.0164337158203125 0.0187778472900391 0.270599365234375 -0.429107666015625
-0.0112247467041016 0.0273113250732422 0.66973876953125 -0.1243896484375
-0.0372848510742188 -0.00981903076171875 0.5433349609375 0.56072998046875
0.00761795043945313 -0.0576705932617187 -0.0513916015624999 0.91552734375
0.04229736328125 -0.0123023986816406 -0.43359375 0.518707275390625
0.0582542419433594 0.0186614990234375 0.01593017578125 0.057891845703125
0.0351238250732422 -0.0147666931152344 0.5570068359375 -0.463836669921875
0.0310630798339844 -0.0216293334960938 0.18756103515625 -0.9517822265625
-0.00722789764404297 -0.0104513168334961 -0.6158447265625 -0.6068115234375
-0.0194091796875 -0.00125312805175781 -0.683837890625 0.12603759765625
0.0101051330566406 0.0128803253173828 -0.3104248046875 0.42724609375
0.00876522064208984 0.00473356246948242 0.11517333984375 0.335205078125
0.0194454193115234 -0.015106201171875 0.30712890625 0.1163330078125
0.0293521881103516 -0.00178718566894531 -0.29937744140625 -0.129974365234375
0.0204181671142578 0.00759124755859375 -0.10760498046875 -0.37139892578125
0.0163555145263672 0.0166711807250977 0.26983642578125 -0.429229736328125
-0.0126018524169922 0.0261325836181641 0.6629638671875 -0.129638671875
-0.0326042175292969 -0.00891494750976562 0.54119873046875 0.5543212890625
0.00728225708007813 -0.0565872192382813 -0.05194091796875 0.91302490234375
0.0334091186523438 -0.00968551635742187 -0.436614990234375 0.523773193359375
0.0520515441894531 0.0222663879394531 0.0104866027832031 0.0639686584472656
0.0321006774902344 -0.0122013092041016 0.552642822265625 -0.4547119140625
0.0299072265625 -0.0181713104248047 0.18743896484375 -0.941162109375
-0.00845146179199219 -0.00928688049316406 -0.61334228515625 -0.6103515625
-0.0190448760986328 -0.000261306762695311 -0.6864013671875 0.11920166015625
0.0090951919555664 0.00939559936523438 -0.3096923828125 0.427398681640625
0.00881481170654297 0.00390052795410156 0.11663818359375 0.343475341796875
0.0178337097167969 -0.0123958587646484 0.30877685546875 0.126739501953125
0.0327014923095703 0.00397109985351563 -0.294677734375 -0.1260986328125
0.0207614898681641 0.00692367553710937 -0.10308837890625 -0.36614990234375
0.0204067230224609 0.0141277313232422 0.275665283203125 -0.426483154296875
-0.00953483581542969 0.0272502899169922 0.6649169921875 -0.12957763671875
-0.0334129333496094 -0.00598335266113281 0.53948974609375 0.56085205078125
0.00386810302734375 -0.04925537109375 -0.0529785156250001 0.92169189453125
0.0281829833984375 -0.00279426574707031 -0.438232421875 0.527252197265625
0.0403709411621094 0.0258560180664063 0.00439834594726562 0.0662956237792969
0.0254249572753906 -0.00677490234375 0.548583984375 -0.45654296875
0.0257835388183594 -0.0119152069091797 0.1822509765625 -0.9444580078125
-0.00711917877197266 -0.0046229362487793 -0.615966796875 -0.6102294921875
-0.0176200866699219 -0.00254249572753906 -0.68505859375 0.12176513671875
0.0121631622314453 0.00863361358642578 -0.30975341796875 0.42718505859375
0.0121393203735352 0.00458621978759766 0.113037109375 0.343719482421875
0.0180931091308594 -0.0100593566894531 0.3106689453125 0.12408447265625
0.0287818908691406 0.002166748046875 -0.293365478515625 -0.12396240234375
0.0222015380859375 0.00377273559570313 -0.0999755859375 -0.3660888671875
0.0215415954589844 0.0137290954589844 0.27911376953125 -0.422332763671875
-0.00722694396972656 0.0232143402099609 0.66748046875 -0.11798095703125
-0.0296592712402344 -0.00278663635253906 0.5283203125 0.56622314453125
0.00134658813476563 -0.0424880981445313 -0.0673828124999999 0.9197998046875
0.0213050842285156 0.00677680969238281 -0.445281982421875 0.525726318359375
0.03009033203125 0.0284156799316406 0.00678634643554687 0.0644760131835938
0.0146265029907227 0.000326156616210937 0.54718017578125 -0.455291748046875
0.0223751068115234 -0.00901412963867188 0.17718505859375 -0.94140625
-0.00485324859619141 -0.00265407562255859 -0.618408203125 -0.60491943359375
-0.0140066146850586 -0.00259113311767578 -0.681640625 0.12347412109375
0.0152730941772461 0.00957489013671875 -0.30523681640625 0.428192138671875
0.0172758102416992 0.00352382659912109 0.116851806640625 0.34698486328125
0.0170183181762695 -0.00433349609375 0.3072509765625 0.130889892578125
0.0291233062744141 0.00270271301269531 -0.294158935546875 -0.130340576171875
0.0269756317138672 0.00692367553710938 -0.09869384765625 -0.363677978515625
0.0243968963623047 0.0138397216796875 0.284210205078125 -0.418304443359375
-0.00491523742675781 0.0219631195068359 0.67034912109375 -0.1092529296875
-0.0312061309814453 -0.00591278076171875 0.5252685546875 0.57342529296875
-0.0012664794921875 -0.0359420776367188 -0.0807495117187501 0.92218017578125
0.0148277282714844 0.0101938247680664 -0.44970703125 0.5198974609375
0.0199699401855469 0.0328407287597656 0.00894165039062501 0.0613899230957031
0.00868558883666992 0.00763463973999023 0.5411376953125 -0.46246337890625
0.0149621963500977 -0.00328826904296875 0.16265869140625 -0.9442138671875
-0.00699901580810547 8.63075256347648E-05 -0.6279296875 -0.5899658203125
-0.00699329376220703 -0.00534725189208984 -0.67950439453125 0.13623046875
0.0194072723388672 0.00911712646484375 -0.297027587890625 0.4368896484375
0.0158252716064453 -0.000599861145019531 0.119110107421875 0.343597412109375
0.0187187194824219 -0.00849723815917969 0.312744140625 0.125732421875
0.0279293060302734 0.00319480895996094 -0.294342041015625 -0.1339111328125
0.0312385559082031 0.00109481811523438 -0.099639892578125 -0.36334228515625
0.032073974609375 0.00932121276855469 0.28778076171875 -0.412261962890625
0.00240325927734375 0.0228500366210937 0.67578125 -0.10003662109375
-0.0326137542724609 -0.000875473022460936 0.51580810546875 0.588134765625
-0.00855827331542969 -0.0310878753662109 -0.0969848632812499 0.921142578125
0.0104598999023438 0.0178432464599609 -0.45623779296875 0.509490966796875
0.0167484283447266 0.0348873138427734 0.0162849426269531 0.0572509765625
-0.000395774841308594 0.00747442245483398 0.536224365234375 -0.4703369140625
0.0130767822265625 0.00440502166748047 0.147705078125 -0.94384765625
-0.00206971168518066 0.00222563743591309 -0.63726806640625 -0.58074951171875
-0.0034480094909668 -0.00471401214599609 -0.67401123046875 0.14874267578125
0.0243415832519531 0.00908660888671875 -0.289825439453125 0.44268798828125
0.0223197937011719 -0.00201988220214844 0.123291015625 0.343841552734375
0.0195865631103516 -0.0089874267578125 0.313446044921875 0.117218017578125
0.0324020385742187 -0.00281143188476562 -0.294708251953125 -0.14239501953125
0.0282096862792969 0.00107192993164063 -0.10418701171875 -0.369842529296875
0.0328159332275391 0.0146484375 0.296600341796875 -0.408721923828125
0.00398063659667969 0.0225849151611328 0.67877197265625 -0.0863037109375
-0.0291595458984375 -0.00209617614746094 0.507568359375 0.598388671875
-0.0073699951171875 -0.0270462036132813 -0.1097412109375 0.91949462890625
0.00241470336914062 0.0185832977294922 -0.452880859375 0.50054931640625
0.00827407836914063 0.037200927734375 0.0266036987304688 0.050689697265625
-0.00395011901855469 0.0131425857543945 0.5390625 -0.48114013671875
0.0108232498168945 0.00551605224609375 0.135986328125 -0.94744873046875
-0.00436806678771973 0.00361061096191406 -0.64215087890625 -0.562744140625
0.00014495849609375 -0.00581979751586914 -0.66937255859375 0.15960693359375
0.0305767059326172 0.00642585754394531 -0.28692626953125 0.445587158203125
0.01959228515625 -0.00319671630859375 0.12359619140625 0.33978271484375
0.0217380523681641 -0.010498046875 0.313446044921875 0.1156005859375
0.0365524291992188 -0.00967788696289063 -0.308837890625 -0.1341552734375
0.014439582824707 0.00182723999023438 -0.118621826171875 -0.38037109375
0.0179939270019531 0.0156154632568359 0.26373291015625 -0.434783935546875
-0.00972175598144531 0.0285758972167969 0.67340087890625 -0.12969970703125
-0.0335483551025391 -0.00807952880859376 0.5540771484375 0.5635986328125
0.0072021484375 -0.061614990234375 -0.0408935546875 0.91229248046875
0.0435714721679688 -0.0181198120117188 -0.42633056640625 0.517852783203125
0.0591621398925781 0.0156631469726563 0.0230369567871094 0.0524139404296875
0.0376968383789063 -0.0171699523925781 0.550933837890625 -0.4805908203125
0.0302009582519531 -0.0236740112304688 0.1622314453125 -0.95355224609375
-0.00757503509521484 -0.00676107406616211 -0.63330078125 -0.5858154296875
-0.0167036056518555 0.000544548034667971 -0.681396484375 0.14666748046875
0.0130882263183594 0.0102930068969727 -0.297607421875 0.439208984375
0.00660037994384766 0.00225257873535156 0.118988037109375 0.335113525390625
0.0191078186035156 -0.0219573974609375 0.313690185546875 0.110565185546875
0.0321102142333984 -0.00436592102050781 -0.305328369140625 -0.126068115234375
0.016972541809082 0.00422191619873047 -0.11590576171875 -0.37261962890625
0.0142984390258789 0.0171527862548828 0.263153076171875 -0.4342041015625
-0.0116462707519531 0.0283336639404297 0.66741943359375 -0.13311767578125
-0.0346965789794922 -0.0112361907958984 0.5523681640625 0.557830810546875
0.00870513916015625 -0.0579147338867187 -0.0375366210937499 0.9166259765625
0.0411911010742188 -0.0142936706542969 -0.427947998046875 0.52655029296875
0.0560188293457031 0.01934814453125 0.0159797668457031 0.0582160949707031
0.0379142761230469 -0.0135307312011719 0.551422119140625 -0.4710693359375
0.0296001434326172 -0.022979736328125 0.174072265625 -0.9561767578125
-0.00838232040405273 -0.00716400146484375 -0.625244140625 -0.5980224609375
-0.0191764831542969 0.000804901123046876 -0.6844482421875 0.13525390625
0.0109262466430664 0.0134420394897461 -0.3016357421875 0.43292236328125
0.00904369354248047 0.00295448303222656 0.121734619140625 0.33648681640625
0.0183029174804688 -0.0159835815429688 0.310943603515625 0.1162109375
0.0330772399902344 -0.00189018249511719 -0.305328369140625 -0.1226806640625
0.0202655792236328 0.00451850891113281 -0.114990234375 -0.370086669921875
0.0166053771972656 0.0152482986450195 0.26446533203125 -0.434661865234375
-0.0117874145507813 0.0272006988525391 0.6654052734375 -0.138916015625
-0.0355033874511719 -0.00764846801757813 0.551666259765625 0.5513916015625
0.00510025024414062 -0.0543327331542969 -0.0383300781249999 0.9178466796875
0.0368995666503906 -0.0112495422363281 -0.4305419921875 0.530426025390625
0.0507164001464844 0.0239791870117188 0.00902938842773438 0.0630607604980469
0.0326213836669922 -0.0112075805664063 0.547576904296875 -0.463348388671875
0.0298042297363281 -0.0171432495117188 0.174560546875 -0.9493408203125
-0.00823020935058594 -0.00621843338012695 -0.6248779296875 -0.60150146484375
-0.0190944671630859 -0.00206756591796875 -0.68408203125 0.132080078125
0.00943374633789063 0.0111627578735352 -0.302001953125 0.4346923828125
0.0107812881469727 0.00166416168212891 0.119415283203125 0.342376708984375
0.0164051055908203 -0.0125694274902344 0.312255859375 0.120391845703125
0.0308952331542969 0.000272750854492188 -0.299224853515625 -0.11962890625
0.0224475860595703 0.00483512878417969 -0.10968017578125 -0.36773681640625
0.0202007293701172 0.0141086578369141 0.2672119140625 -0.43572998046875
-0.0103855133056641 0.0280208587646484 0.6658935546875 -0.13720703125
-0.0326347351074219 -0.00551223754882812 0.5484619140625 0.5545654296875
0.00403213500976562 -0.0496482849121094 -0.04150390625 0.9263916015625
0.0287590026855469 -0.00310516357421875 -0.433197021484375 0.535400390625
0.0412406921386719 0.025421142578125 0.00672912597656251 0.0660514831542969
0.024200439453125 -0.00541877746582031 0.542449951171875 -0.463897705078125
0.0258216857910156 -0.0144481658935547 0.171875 -0.94921875
-0.00824356079101563 -0.00585651397705078 -0.6278076171875 -0.6007080078125
-0.0166797637939453 -0.000618934631347653 -0.68560791015625 0.13079833984375
0.013676643371582 0.0118427276611328 -0.300018310546875 0.43707275390625
0.0129623413085938 0.00376605987548828 0.121826171875 0.3428955078125
0.0174751281738281 -0.00793075561523438 0.315032958984375 0.1220703125
0.0322303771972656 0.00203895568847656 -0.300750732421875 -0.1199951171875
0.0240154266357422 0.00670814514160156 -0.11083984375 -0.365203857421875
0.0225048065185547 0.0119132995605469 0.270782470703125 -0.427764892578125
-0.00715255737304688 0.0273838043212891 0.6646728515625 -0.1290283203125
-0.0309677124023437 -0.00422096252441407 0.539703369140625 0.5594482421875
-0.00131607055664063 -0.0419387817382813 -0.0567626953124999 0.92254638671875
0.0192642211914063 0.00452423095703125 -0.439605712890625 0.530426025390625
0.0311851501464844 0.0331535339355469 0.006683349609375 0.0656585693359375
0.014739990234375 0.00136280059814453 0.54193115234375 -0.46173095703125
0.0224456787109375 -0.00646591186523438 0.16497802734375 -0.9476318359375
-0.00541210174560547 -0.00218439102172852 -0.63037109375 -0.59637451171875
-0.0124635696411133 -0.0017547607421875 -0.67962646484375 0.13433837890625
0.016362190246582 0.0106468200683594 -0.29656982421875 0.435089111328125
0.0162820816040039 0.00489521026611328 0.123046875 0.343048095703125
0.0150814056396484 -0.00735950469970703 0.31488037109375 0.1221923828125
0.0275688171386719 0.00275611877441406 -0.29791259765625 -0.125885009765625
0.0282325744628906 0.00259208679199219 -0.107635498046875 -0.363616943359375
0.0291938781738281 0.00980567932128906 0.277099609375 -0.423980712890625
-0.00301742553710937 0.0246753692626953 0.66900634765625 -0.12005615234375
-0.0322151184082031 -0.00201416015625 0.53509521484375 0.569580078125
-0.00392532348632813 -0.0366592407226563 -0.0679931640624999 0.92449951171875
0.0158939361572266 0.0127496719360352 -0.442962646484375 0.52899169921875
0.0227832794189453 0.0338325500488281 0.0117073059082031 0.0621376037597656
0.00707864761352539 0.00628948211669922 0.537139892578125 -0.47088623046875
0.0185127258300781 -0.00238418579101562 0.15057373046875 -0.954345703125
-0.00596523284912109 0.00140762329101563 -0.6358642578125 -0.58392333984375
-0.00661373138427734 -0.0036168098449707 -0.6815185546875 0.1463623046875
0.0232582092285156 0.00965309143066406 -0.290283203125 0.445159912109375
0.017399787902832 0.00155258178710937 0.125762939453125 0.344512939453125
0.0184097290039063 -0.00740814208984375 0.315216064453125 0.1181640625
0.0297603607177734 0.000772476196289062 -0.297027587890625 -0.129150390625
0.030517578125 0.00126457214355469 -0.106536865234375 -0.366485595703125
0.0298919677734375 0.00931358337402344 0.284515380859375 -0.4166259765625
0.00285148620605469 0.0226688385009766 0.67401123046875 -0.1094970703125
-0.0313854217529297 0.00104141235351563 0.52557373046875 0.58270263671875
-0.00578498840332031 -0.031646728515625 -0.0830688476562499 0.92596435546875
0.00958442687988281 0.017247200012207 -0.44940185546875 0.51910400390625
0.0155525207519531 0.0377922058105469 0.0176658630371094 0.0573348999023437
0.00111198425292969 0.0112400054931641 0.53314208984375 -0.47967529296875
0.0129070281982422 0.00502586364746094 0.13702392578125 -0.95013427734375
-0.00195705890655518 0.00141322612762451 -0.6453857421875 -0.57061767578125
-0.0051875114440918 -0.00443553924560547 -0.674072265625 0.15875244140625
0.0274162292480469 0.00815010070800781 -0.285919189453125 0.447845458984375
0.0208835601806641 0.000478744506835937 0.128082275390625 0.342987060546875
0.0195713043212891 -0.00805854797363281 0.31781005859375 0.112823486328125
0.0304355621337891 -0.00494194030761719 -0.298980712890625 -0.13763427734375
0.0287513732910156 -0.000335693359375 -0.107818603515625 -0.36773681640625
0.0351486206054687 0.00973129272460938 0.28851318359375 -0.41082763671875
0.00529861450195312 0.0232963562011719 0.67962646484375 -0.09423828125
-0.0302619934082031 -3.43322753906238E-05 0.5162353515625 0.591064453125
-0.00855445861816406 -0.0283241271972656 -0.1015625 0.92218017578125
0.00186538696289063 0.0194358825683594 -0.451690673828125 0.50946044921875
0.0123748779296875 0.0374374389648438 0.0258636474609375 0.0493278503417969
-0.00336265563964844 0.0120859146118164 0.534332275390625 -0.488739013671875
0.00934314727783203 0.00620365142822266 0.12213134765625 -0.9508056640625
-0.00245237350463867 0.00481510162353516 -0.652099609375 -0.5537109375
0.00135469436645508 -0.00476741790771484 -0.66912841796875 0.1715087890625
0.029815673828125 0.00663185119628906 -0.277069091796875 0.453277587890625
0.0210971832275391 -0.00338172912597656 0.128997802734375 0.3414306640625
0.0189037322998047 -0.0116157531738281 0.318267822265625 0.10906982421875
0.0354804992675781 -0.00722885131835937 -0.31195068359375 -0.132537841796875
0.0163784027099609 0.000690460205078125 -0.12744140625 -0.379547119140625
0.0197925567626953 0.0166549682617187 0.257110595703125 -0.433685302734375
-0.00938034057617188 0.0287017822265625 0.67095947265625 -0.136474609375
-0.0340366363525391 -0.00924110412597656 0.56207275390625 0.55242919921875
0.00444793701171875 -0.0606155395507813 -0.02764892578125 0.91619873046875
0.0428237915039063 -0.0213737487792969 -0.421173095703125 0.52105712890625
0.0588874816894531 0.0155525207519531 0.0197944641113281 0.0526084899902344
0.03802490234375 -0.019012451171875 0.541259765625 -0.488616943359375
0.0331287384033203 -0.0271110534667969 0.15045166015625 -0.9595947265625
-0.0097341537475586 -0.00644874572753906 -0.646240234375 -0.57757568359375
-0.0147991180419922 -0.000868797302246094 -0.68072509765625 0.15765380859375
0.0141582489013672 0.0111236572265625 -0.2899169921875 0.446746826171875
0.0114479064941406 0.00253009796142578 0.123565673828125 0.33074951171875
0.0196552276611328 -0.0211505889892578 0.315032958984375 0.10308837890625
0.0354652404785156 -0.00391006469726563 -0.31109619140625 -0.11962890625
0.0153970718383789 0.00195026397705078 -0.1253662109375 -0.371185302734375
0.0148181915283203 0.0173358917236328 0.254974365234375 -0.437896728515625
-0.00960540771484375 0.0285243988037109 0.66375732421875 -0.14410400390625
-0.0337905883789063 -0.00959587097167968 0.561676025390625 0.5484619140625
0.00566864013671876 -0.0601654052734375 -0.02545166015625 0.920654296875
0.0400276184082031 -0.0171737670898438 -0.4232177734375 0.53118896484375
0.0571517944335937 0.0160636901855469 0.0175209045410156 0.0618553161621094
0.0386619567871094 -0.0153770446777344 0.54656982421875 -0.479095458984375
0.0302524566650391 -0.0215950012207031 0.16278076171875 -0.9583740234375
-0.00734329223632813 -0.00717830657958984 -0.636474609375 -0.5889892578125
-0.0219516754150391 0.000883102416992186 -0.68585205078125 0.147705078125
0.0125865936279297 0.013331413269043 -0.295745849609375 0.43951416015625
0.00742769241333008 0.00127220153808594 0.1221923828125 0.3349609375
0.0200901031494141 -0.0158233642578125 0.317474365234375 0.106536865234375
0.0328617095947266 -0.005859375 -0.308746337890625 -0.115814208984375
0.02154541015625 0.00510787963867188 -0.118438720703125 -0.368255615234375
0.0155448913574219 0.0192031860351563 0.25823974609375 -0.438934326171875
-0.0134773254394531 0.0287227630615234 0.66131591796875 -0.14593505859375
-0.0347480773925781 -0.0105438232421875 0.55938720703125 0.54461669921875
0.00252151489257813 -0.0560455322265625 -0.021728515625 0.9163818359375
0.0380134582519531 -0.00623703002929688 -0.4228515625 0.53839111328125
0.051513671875 0.0230331420898438 0.0112991333007813 0.0640983581542969
0.0331001281738281 -0.00680160522460938 0.541229248046875 -0.4703369140625
0.0269050598144531 -0.0191440582275391 0.16571044921875 -0.95428466796875
-0.00670051574707031 -0.00699663162231445 -0.63153076171875 -0.58880615234375
-0.0214691162109375 -0.00203514099121093 -0.68402099609375 0.1434326171875
0.0125494003295898 0.0114545822143555 -0.291107177734375 0.438751220703125
0.00771188735961914 0.00278997421264648 0.12738037109375 0.342193603515625
0.0168037414550781 -0.00713539123535156 0.313751220703125 0.11676025390625
0.0322456359863281 -0.00105857849121094 -0.300811767578125 -0.114471435546875
0.0217514038085938 0.0041656494140625 -0.1175537109375 -0.363616943359375
0.0157203674316406 0.0140199661254883 0.25927734375 -0.43536376953125
-0.00926399230957031 0.0257339477539062 0.66253662109375 -0.1468505859375
-0.0351352691650391 -0.00592803955078126 0.55743408203125 0.550445556640625
0.000862121582031247 -0.0500831604003906 -0.02801513671875 0.92462158203125
0.0292396545410156 -0.00179100036621094 -0.42572021484375 0.539642333984375
0.040374755859375 0.0266609191894531 0.00380706787109375 0.0658607482910156
0.0253734588623047 -0.0019378662109375 0.535736083984375 -0.4703369140625
0.0280361175537109 -0.0153293609619141 0.15997314453125 -0.95343017578125
-0.00828933715820312 -0.0017552375793457 -0.63580322265625 -0.59039306640625
-0.0168704986572266 -0.000574111938476563 -0.68505859375 0.141845703125
0.0135698318481445 0.00837421417236328 -0.294647216796875 0.44061279296875
0.0139265060424805 0.00172328948974609 0.12646484375 0.344024658203125
0.0149135589599609 -0.0098114013671875 0.31768798828125 0.116119384765625
0.0282115936279297 0.00149154663085937 -0.2982177734375 -0.117340087890625
0.0254859924316406 0.00228309631347656 -0.1163330078125 -0.359771728515625
0.0245532989501953 0.0119266510009766 0.264892578125 -0.431976318359375
-0.00359916687011718 0.0273780822753906 0.66387939453125 -0.1387939453125
-0.0336990356445313 -0.0010986328125 0.54974365234375 0.556854248046875
0.00165939331054687 -0.0438652038574219 -0.0429687500000001 0.9217529296875
0.0195274353027344 0.00301361083984375 -0.430633544921875 0.5341796875
0.0339775085449219 0.0330123901367188 0.00839996337890625 0.0635185241699219
0.0161457061767578 -0.000299453735351563 0.537200927734375 -0.469818115234375
0.02276611328125 -0.00922203063964844 0.149658203125 -0.94879150390625
-0.00723838806152344 -0.00241994857788086 -0.63970947265625 -0.58465576171875
-0.0148162841796875 -0.00154876708984375 -0.68505859375 0.147216796875
0.0135736465454102 0.00968170166015625 -0.28955078125 0.44110107421875
0.0159893035888672 0.00506114959716797 0.128662109375 0.340911865234375
0.014613151550293 -0.0111322402954102 0.32080078125 0.118927001953125
0.0292682647705078 0.0035858154296875 -0.3018798828125 -0.121063232421875
0.0312576293945313 0.00213623046875 -0.115997314453125 -0.35931396484375
0.0261039733886719 0.0102653503417969 0.269927978515625 -0.425567626953125
-0.00383567810058594 0.024078369140625 0.66522216796875 -0.12982177734375
-0.0311107635498047 0.000793457031250003 0.54779052734375 0.5654296875
-0.00503158569335937 -0.0384292602539063 -0.0572509765625 0.92889404296875
0.0157108306884766 0.00819683074951172 -0.438018798828125 0.537689208984375
0.0247955322265625 0.0336875915527344 0.009765625 0.062347412109375
0.00944232940673828 0.0059661865234375 0.53350830078125 -0.476531982421875
0.0199241638183594 -0.00337409973144531 0.13885498046875 -0.95526123046875
-0.0040743350982666 0.00221109390258789 -0.64825439453125 -0.57818603515625
-0.0106906890869141 -0.00435256958007813 -0.67657470703125 0.1553955078125
0.0210475921630859 0.00895500183105469 -0.287109375 0.44549560546875
0.0161523818969727 0.000850677490234375 0.13201904296875 0.343841552734375
0.0164575576782227 -0.00790214538574219 0.32000732421875 0.115325927734375
0.0323982238769531 -0.00238990783691406 -0.298675537109375 -0.12701416015625
0.0325145721435547 0.001190185546875 -0.11480712890625 -0.3671875
0.031463623046875 0.00968170166015625 0.27813720703125 -0.41925048828125
0.00128173828125 0.0234870910644531 0.67266845703125 -0.11566162109375
-0.0302867889404297 0.000171661376953125 0.537353515625 0.5726318359375
-0.00525283813476563 -0.0315494537353516 -0.0681152343750001 0.9263916015625
0.00742912292480469 0.0173454284667969 -0.441680908203125 0.523712158203125
0.0140495300292969 0.0367927551269531 0.0166893005371094 0.0559768676757812
0.00531005859375 0.0130090713500977 0.53082275390625 -0.49029541015625
0.013484001159668 -0.0004119873046875 0.126220703125 -0.94989013671875
-0.00124096870422363 0.000936746597290039 -0.65679931640625 -0.5616455078125
-0.00577211380004883 -0.00235462188720703 -0.66998291015625 0.16839599609375
0.0242290496826172 0.0103893280029297 -0.27630615234375 0.45013427734375
0.0208740234375 -0.00298118591308594 0.134521484375 0.339813232421875
0.0185203552246094 -0.0102882385253906 0.32269287109375 0.111419677734375
0.0329952239990234 -0.00284767150878906 -0.30377197265625 -0.131561279296875
0.0294246673583984 -0.00170135498046875 -0.114990234375 -0.365386962890625
0.0361404418945312 0.0111045837402344 0.28472900390625 -0.411895751953125
0.00408363342285156 0.0249423980712891 0.67999267578125 -0.104248046875
-0.0294666290283203 0.00220489501953125 0.5244140625 0.59033203125
-0.00750732421875 -0.0270614624023438 -0.08734130859375 0.92425537109375
0.000972747802734376 0.0195732116699219 -0.443389892578125 0.51519775390625
0.0111427307128906 0.0357093811035156 0.0290412902832031 0.0485801696777344
-0.00500202178955078 0.0122690200805664 0.526580810546875 -0.497161865234375
0.014225959777832 0.00559425354003906 0.10638427734375 -0.9527587890625
-0.000534534454345703 0.00478553771972656 -0.66363525390625 -0.543701171875
0.00210237503051758 -0.00553464889526367 -0.66949462890625 0.18109130859375
0.0312824249267578 0.00806236267089844 -0.26922607421875 0.456695556640625
0.0239944458007813 -0.00176811218261719 0.134552001953125 0.3345947265625
0.0171089172363281 -0.0103073120117188 0.3194580078125 0.102508544921875
0.0347805023193359 -0.00967025756835938 -0.31622314453125 -0.126373291015625
0.0161838531494141 0.000570297241210938 -0.13458251953125 -0.372772216796875
0.0151901245117187 0.0188426971435547 0.245452880859375 -0.436981201171875
-0.00977325439453125 0.0297813415527344 0.66534423828125 -0.1441650390625
-0.0321273803710938 -0.00504684448242187 0.5711669921875 0.55029296875
0.00489425659179688 -0.0637016296386719 -0.01568603515625 0.91827392578125
0.0442161560058594 -0.017425537109375 -0.411407470703125 0.52764892578125
0.0632247924804688 0.0177726745605469 0.0242233276367188 0.0538406372070313
0.0411453247070312 -0.0184402465820313 0.53619384765625 -0.49334716796875
0.0325698852539062 -0.0211238861083984 0.13433837890625 -0.96075439453125
-0.00832462310791016 -0.004608154296875 -0.65087890625 -0.567138671875
-0.0156011581420898 0.00297451019287109 -0.676025390625 0.16668701171875
0.0178260803222656 0.0119094848632813 -0.283416748046875 0.447967529296875
0.0038914680480957 -0.000113248825073242 0.1287841796875 0.331085205078125
0.0174045562744141 -0.0230751037597656 0.318023681640625 0.100433349609375
0.0337162017822266 -0.00707626342773438 -0.30938720703125 -0.115509033203125
0.0171318054199219 0.00354862213134766 -0.130706787109375 -0.3677978515625
0.0175571441650391 0.0166807174682617 0.2489013671875 -0.440673828125
-0.0129680633544922 0.0330886840820313 0.6595458984375 -0.15472412109375
-0.0329418182373047 -0.00619316101074218 0.5693359375 0.54400634765625
0.00784301757812499 -0.0623245239257812 -0.01361083984375 0.92144775390625
0.0400962829589844 -0.0161399841308594 -0.4140625 0.53900146484375
0.0607795715332031 0.0193939208984375 0.0131111145019531 0.0563430786132813
0.03631591796875 -0.0107002258300781 0.5362548828125 -0.482574462890625
0.0290069580078125 -0.0210971832275391 0.1484375 -0.9569091796875
-0.00841808319091797 -0.00577640533447266 -0.64276123046875 -0.58026123046875
-0.0148782730102539 0.00295257568359375 -0.67730712890625 0.15631103515625
0.00980949401855469 0.0110349655151367 -0.288909912109375 0.44677734375
0.0119104385375977 0.00208282470703125 0.130035400390625 0.333770751953125
0.0197772979736328 -0.0142726898193359 0.3177490234375 0.1004638671875
0.0301723480224609 -0.00252914428710938 -0.30914306640625 -0.115234375
0.0200786590576172 0.00598526000976563 -0.127349853515625 -0.360260009765625
0.0191497802734375 0.0190677642822266 0.248504638671875 -0.44287109375
-0.0116424560546875 0.0290260314941406 0.65802001953125 -0.16021728515625
-0.0362319946289063 -0.00327682495117187 0.5657958984375 0.5360107421875
0.00295639038085937 -0.0602989196777344 -0.0148925781250001 0.91888427734375
0.0333518981933594 -0.01153564453125 -0.41729736328125 0.544219970703125
0.0536994934082031 0.0221214294433594 0.00975418090820313 0.0641059875488281
0.0346488952636719 -0.00927162170410156 0.53564453125 -0.475128173828125
0.0269412994384766 -0.0207977294921875 0.15008544921875 -0.9476318359375
-0.00700616836547851 -0.00717973709106445 -0.64404296875 -0.58209228515625
-0.0203418731689453 0.00151252746582031 -0.6785888671875 0.15423583984375
0.00897121429443359 0.0100889205932617 -0.287353515625 0.440216064453125
0.00872659683227539 0.00203514099121094 0.13470458984375 0.337860107421875
0.0180206298828125 -0.0119991302490234 0.318023681640625 0.111083984375
0.0321598052978516 -0.000402450561523437 -0.307708740234375 -0.11199951171875
0.023834228515625 0.00210189819335938 -0.127166748046875 -0.362030029296875
0.0200939178466797 0.0136260986328125 0.253204345703125 -0.43914794921875
-0.00709152221679688 0.0290908813476562 0.66015625 -0.15728759765625
-0.0330429077148438 -0.00178146362304688 0.56494140625 0.53875732421875
0.00171279907226562 -0.0500831604003906 -0.01220703125 0.92376708984375
0.0292682647705078 -0.00332260131835938 -0.417877197265625 0.543853759765625
0.041595458984375 0.027679443359375 0.00326156616210938 0.0667648315429688
0.0244674682617187 -0.0019683837890625 0.53082275390625 -0.47564697265625
0.0261287689208984 -0.0136814117431641 0.14593505859375 -0.953369140625
-0.00821256637573242 -0.0058746337890625 -0.64501953125 -0.58251953125
-0.0206813812255859 -9.15527343750026E-05 -0.6810302734375 0.15423583984375
0.0143518447875977 0.0121393203735352 -0.281646728515625 0.44659423828125
0.0128641128540039 0.00253200531005859 0.13482666015625 0.339447021484375
0.0155763626098633 -0.00898933410644531 0.318206787109375 0.1131591796875
0.03125 0.000888824462890625 -0.3004150390625 -0.108184814453125
0.0253829956054688 0.0010986328125 -0.124176025390625 -0.354583740234375
0.0221099853515625 0.0127677917480469 0.256256103515625 -0.433563232421875
-0.00993919372558594 0.0253009796142578 0.66156005859375 -0.14556884765625
-0.0300579071044922 -0.00707817077636719 0.556427001953125 0.549896240234375
-0.00088882446289063 -0.0445518493652344 -0.0306396484374999 0.92523193359375
0.0240135192871094 0.00372695922851563 -0.420074462890625 0.543609619140625
0.0293731689453125 0.0338363647460938 0.00667953491210938 0.0679817199707031
0.0146942138671875 0.00190258026123047 0.529022216796875 -0.478302001953125
0.0213298797607422 -0.00739097595214844 0.138427734375 -0.9559326171875
-0.00899410247802735 0.00228214263916016 -0.64483642578125 -0.5767822265625
-0.0138835906982422 0.000879287719726561 -0.67889404296875 0.15679931640625
0.0220603942871094 0.00827407836914063 -0.27935791015625 0.4483642578125
0.0194320678710938 0.000995635986328125 0.136322021484375 0.335052490234375
0.0217399597167969 -0.007110595703125 0.319610595703125 0.115814208984375
0.0300445556640625 -0.0031280517578125 -0.30206298828125 -0.11273193359375
0.0293388366699219 0.00256538391113281 -0.120635986328125 -0.357421875
0.0270061492919922 0.00829887390136719 0.26495361328125 -0.4283447265625
-0.00273513793945313 0.0247440338134766 0.66680908203125 -0.13671875
-0.0287704467773438 -0.00151443481445312 0.545928955078125 0.558685302734375
-0.00350570678710938 -0.03948974609375 -0.0404052734375001 0.92999267578125
0.015864372253418 0.0126533508300781 -0.427947998046875 0.54327392578125
0.0280513763427734 0.0344142913818359 0.0074005126953125 0.0646018981933594
0.0100975036621094 0.00898265838623047 0.52740478515625 -0.485931396484375
0.0198955535888672 -0.000638961791992188 0.1268310546875 -0.9552001953125
-0.0064849853515625 -0.000452518463134767 -0.65411376953125 -0.56195068359375
-0.0100622177124023 -0.00104141235351562 -0.67803955078125 0.1705322265625
0.0233402252197266 0.00806808471679688 -0.277130126953125 0.454315185546875
0.0208625793457031 -0.00224113464355469 0.135345458984375 0.338104248046875
0.0194816589355469 -0.00567436218261719 0.31866455078125 0.106689453125
0.0291633605957031 -0.00207710266113281 -0.30596923828125 -0.118865966796875
0.0340480804443359 0.00457382202148437 -0.121124267578125 -0.35516357421875
0.0283546447753906 0.00424003601074219 0.269805908203125 -0.425384521484375
-0.000484466552734377 0.0257587432861328 0.6710205078125 -0.13006591796875
-0.0322723388671875 -0.00165176391601562 0.53924560546875 0.56622314453125
-0.00524711608886719 -0.0314979553222656 -0.0576171875 0.9263916015625
0.00901222229003906 0.0187206268310547 -0.435272216796875 0.53619384765625
0.0201835632324219 0.0413398742675781 0.01348876953125 0.0576972961425781
0.00319194793701172 0.0133438110351563 0.519989013671875 -0.490814208984375
0.0100784301757813 0.00519084930419922 0.112060546875 -0.94818115234375
-0.00529289245605469 0.00170183181762695 -0.66259765625 -0.552490234375
-0.00637006759643555 -0.00756406784057617 -0.66778564453125 0.18463134765625
0.0269317626953125 0.00557899475097656 -0.268951416015625 0.459564208984375
0.0219516754150391 -0.00493049621582031 0.14117431640625 0.339691162109375
0.0167751312255859 -0.00991630554199219 0.321533203125 0.10479736328125
0.0290298461914063 -0.0031890869140625 -0.30572509765625 -0.1285400390625
0.0264129638671875 -0.00293159484863281 -0.12274169921875 -0.364288330078125
0.0354461669921875 0.00526046752929687 0.274749755859375 -0.417755126953125
0.00747108459472656 0.0215950012207031 0.675048828125 -0.1116943359375
-0.0345706939697266 0.000738143920898432 0.53497314453125 0.57720947265625
-0.00579643249511719 -0.0295886993408203 -0.07281494140625 0.92535400390625
0.00375556945800781 0.0182323455810547 -0.440765380859375 0.521453857421875
0.0122871398925781 0.0385627746582031 0.02484130859375 0.04974365234375
-0.00250244140625 0.0166053771972656 0.521026611328125 -0.505706787109375
0.0092926025390625 0.00676822662353516 0.0987548828124999 -0.9525146484375
-0.00176668167114258 0.00657987594604492 -0.66876220703125 -0.537109375
0.000726222991943359 -0.00545263290405274 -0.66363525390625 0.19183349609375
0.0315780639648437 0.00468826293945312 -0.26580810546875 0.462677001953125
0.01678466796875 -0.00405597686767578 0.138519287109375 0.3370361328125
0.0181541442871094 -0.0144309997558594 0.32470703125 0.09783935546875
0.0339031219482422 -0.0125694274902344 -0.317230224609375 -0.117584228515625
0.0169544219970703 0.00151634216308594 -0.139373779296875 -0.368011474609375
0.0174160003662109 0.0160589218139648 0.239532470703125 -0.440093994140625
-0.00855064392089844 0.0287151336669922 0.66278076171875 -0.15692138671875
-0.0325412750244141 -0.005859375 0.57464599609375 0.5401611328125
0.00559616088867188 -0.0628204345703125 -0.00183105468750009 0.91064453125
0.040863037109375 -0.0187644958496094 -0.40423583984375 0.532073974609375
0.0594062805175781 0.0147438049316406 0.0221176147460938 0.0508918762207031
0.0390472412109375 -0.0162467956542969 0.52764892578125 -0.50140380859375
0.030548095703125 -0.0257778167724609 0.125 -0.95880126953125
-0.00693702697753906 -0.00822877883911133 -0.6561279296875 -0.55828857421875
-0.0166740417480469 0.0038299560546875 -0.671630859375 0.17724609375
0.0123119354248047 0.0111904144287109 -0.274261474609375 0.45123291015625
0.00696659088134766 0.00145912170410156 0.131927490234375 0.3302001953125
0.0179080963134766 -0.0223045349121094 0.317138671875 0.093780517578125
0.0316028594970703 -0.004608154296875 -0.311737060546875 -0.110443115234375
0.0189437866210938 0.00324440002441406 -0.13580322265625 -0.36163330078125
0.0175256729125977 0.0173616409301758 0.240264892578125 -0.4393310546875
-0.00914573669433594 0.032806396484375 0.6572265625 -0.16156005859375
-0.0360031127929688 -0.00737762451171876 0.5731201171875 0.53277587890625
0.004150390625 -0.0591087341308594 -0.00103759765624991 0.9151611328125
0.0400390625 -0.014739990234375 -0.408050537109375 0.542694091796875
0.0581207275390625 0.0171127319335938 0.0148773193359375 0.0560493469238281
0.0362701416015625 -0.0137672424316406 0.529144287109375 -0.4893798828125
0.0324020385742188 -0.0236625671386719 0.1376953125 -0.96038818359375
-0.0105962753295898 -0.00680351257324219 -0.6475830078125 -0.571044921875
-0.0208644866943359 0.000200271606445315 -0.67706298828125 0.1651611328125
0.00969886779785156 0.0119924545288086 -0.27740478515625 0.446685791015625
0.00779581069946289 0.00246238708496094 0.13397216796875 0.32757568359375
0.0149593353271484 -0.0167064666748047 0.3184814453125 0.09814453125
0.0296039581298828 -0.00417518615722656 -0.31121826171875 -0.10687255859375
0.0209808349609375 0.0030517578125 -0.13580322265625 -0.36077880859375
0.0172643661499023 0.0156564712524414 0.240081787109375 -0.44091796875
-0.00886344909667969 0.0317668914794922 0.65576171875 -0.16412353515625
-0.0351982116699219 -0.00555419921875001 0.571533203125 0.5257568359375
0.0032196044921875 -0.057373046875 -0.00219726562500009 0.912841796875
0.0354804992675781 -0.00937652587890625 -0.408905029296875 0.546051025390625
0.0514564514160156 0.0243606567382813 0.00904083251953126 0.0639991760253906
0.0308551788330078 -0.0098114013671875 0.5244140625 -0.482147216796875
0.0290870666503906 -0.0221614837646484 0.13995361328125 -0.95074462890625
-0.00729656219482422 -0.00812292098999023 -0.64520263671875 -0.57098388671875
-0.0201358795166016 0.00161552429199219 -0.6759033203125 0.16497802734375
0.0120067596435547 0.00773906707763672 -0.27667236328125 0.44580078125
0.0110368728637695 0.00149440765380859 0.13702392578125 0.33587646484375
0.014617919921875 -0.0146665573120117 0.319671630859375 0.103546142578125
0.0310039520263672 -0.00171089172363281 -0.307098388671875 -0.105316162109375
0.0229129791259766 0.00483131408691406 -0.130615234375 -0.356964111328125
0.0192432403564453 0.0129146575927734 0.2435302734375 -0.439422607421875
-0.00812911987304687 0.0299415588378906 0.65472412109375 -0.1649169921875
-0.0337486267089844 -0.00358390808105468 0.57122802734375 0.5313720703125
-0.000339508056640624 -0.0521049499511719 -0.000244140624999927 0.92144775390625
0.0297126770019531 -0.00331878662109375 -0.412445068359375 0.552825927734375
0.0434074401855469 0.0276908874511719 0.00674819946289063 0.0644035339355469
0.0266075134277344 -0.00392723083496094 0.5225830078125 -0.48028564453125
0.0272483825683594 -0.0156078338623047 0.13751220703125 -0.95416259765625
-0.00839853286743164 -0.00442361831665039 -0.65081787109375 -0.5732421875
-0.017578125 0.000608444213867188 -0.67791748046875 0.162109375
0.0139827728271484 0.0106210708618164 -0.277984619140625 0.44647216796875
0.0137138366699219 0.00174522399902344 0.137664794921875 0.33709716796875
0.0142040252685547 -0.00883960723876953 0.320587158203125 0.10369873046875
0.0291671752929688 0.000537872314453125 -0.30279541015625 -0.106414794921875
0.0268611907958984 0.00395584106445313 -0.1302490234375 -0.3531494140625
0.0229244232177734 0.0100250244140625 0.2481689453125 -0.43499755859375
-0.00432777404785156 0.0268936157226563 0.6573486328125 -0.15374755859375
-0.0327396392822266 -0.00149154663085938 0.56097412109375 0.53924560546875
2.28881835937548E-05 -0.0445594787597656 -0.0176391601562501 0.92095947265625
0.0198497772216797 0.00324249267578125 -0.42071533203125 0.55047607421875
0.031005859375 0.0308914184570313 0.00730514526367188 0.0631065368652344
0.0177936553955078 0.00492477416992188 0.519317626953125 -0.480377197265625
0.0219001770019531 -0.00876426696777344 0.12725830078125 -0.9498291015625
-0.0047450065612793 -0.00163412094116211 -0.65289306640625 -0.56573486328125
-0.0145101547241211 8.67843627929672E-05 -0.6717529296875 0.16766357421875
0.0181846618652344 0.00662040710449219 -0.271087646484375 0.4488525390625
0.016688346862793 0.00281715393066406 0.1376953125 0.335601806640625
0.0165557861328125 -0.00891876220703125 0.32177734375 0.105804443359375
0.0301456451416016 -0.00158309936523438 -0.303375244140625 -0.108978271484375
0.02935791015625 0.00226593017578125 -0.12933349609375 -0.35406494140625
0.0273094177246094 0.00749778747558594 0.253631591796875 -0.43084716796875
-0.00212860107421875 0.0269317626953125 0.66156005859375 -0.1468505859375
-0.0319976806640625 0.00200843811035156 0.558197021484375 0.549835205078125
-0.00403594970703125 -0.0374908447265625 -0.0288085937500001 0.92474365234375
0.0146274566650391 0.0102910995483398 -0.423065185546875 0.544708251953125
0.0242805480957031 0.0346031188964844 0.0100555419921875 0.0608482360839844
0.0107040405273438 0.0112199783325195 0.5164794921875 -0.48846435546875
0.0186100006103516 -0.00118637084960938 0.1146240234375 -0.95306396484375
-0.0042879581451416 0.000296592712402344 -0.657958984375 -0.55615234375
-0.0095367431640625 -0.00391101837158203 -0.67041015625 0.17828369140625
0.0211677551269531 0.00686836242675781 -0.268798828125 0.454437255859375
0.0195369720458984 0.00042724609375 0.140350341796875 0.336578369140625
0.0147371292114258 -0.00975799560546875 0.322967529296875 0.102874755859375
0.0310955047607422 -0.000410079956054687 -0.3045654296875 -0.1143798828125
0.0313434600830078 0.000234603881835938 -0.12884521484375 -0.35321044921875
0.0320243835449219 0.00751304626464844 0.260498046875 -0.42242431640625
0.002105712890625 0.0259571075439453 0.6671142578125 -0.13421630859375
-0.0318603515625 0.000619888305664061 0.546966552734375 0.55926513671875
-0.00930213928222656 -0.0328025817871094 -0.0445556640624999 0.925048828125
0.00847721099853516 0.0161600112915039 -0.427978515625 0.53607177734375
0.0168533325195313 0.0375404357910156 0.0185317993164063 0.0548820495605469
0.00190544128417969 0.0131206512451172 0.51348876953125 -0.495941162109375
0.0153474807739258 0.00293922424316406 0.09979248046875 -0.9532470703125
-0.00414061546325684 0.00390720367431641 -0.66900634765625 -0.53985595703125
-0.0045323371887207 -0.00136041641235352 -0.663330078125 0.1893310546875
0.0266971588134766 0.00724601745605469 -0.257537841796875 0.460693359375
0.0206413269042969 -0.00209617614746094 0.141571044921875 0.334381103515625
0.0147933959960938 -0.0119476318359375 0.323486328125 0.098297119140625
0.0295734405517578 -0.00494384765625 -0.306915283203125 -0.120697021484375
0.0315399169921875 -0.00121879577636719 -0.128082275390625 -0.356964111328125
0.0351238250732422 0.00751113891601563 0.267181396484375 -0.4197998046875
0.00721549987792969 0.0244655609130859 0.66961669921875 -0.12030029296875
-0.0303001403808594 0.00179481506347656 0.54168701171875 0.5706787109375
-0.0114688873291016 -0.0282039642333984 -0.0607299804687499 0.92559814453125
0.0053558349609375 0.0205078125 -0.43212890625 0.52557373046875
0.0137748718261719 0.0395698547363281 0.0251312255859375 0.048095703125
-0.00257110595703125 0.0167808532714844 0.509429931640625 -0.509429931640625
0.01025390625 0.00763034820556641 0.08648681640625 -0.9539794921875
-0.00267887115478516 0.00536203384399414 -0.67529296875 -0.52264404296875
0.000320911407470703 -0.00632619857788086 -0.65985107421875 0.20196533203125
0.0300655364990234 0.00676155090332031 -0.253509521484375 0.464263916015625
0.0212440490722656 -0.00421333312988281 0.146026611328125 0.333648681640625
0.0166893005371094 -0.0122776031494141 0.32379150390625 0.09130859375
0.0354156494140625 -0.0111656188964844 -0.316741943359375 -0.1119384765625
0.014866828918457 0.000979423522949219 -0.14434814453125 -0.365264892578125
0.0182743072509766 0.01654052734375 0.233001708984375 -0.438507080078125
-0.00792312622070313 0.0299053192138672 0.657958984375 -0.16143798828125
-0.0349159240722656 -0.0055389404296875 0.58026123046875 0.52703857421875
0.00666427612304688 -0.0636367797851563 0.0101928710937499 0.90716552734375
0.0405387878417969 -0.0190010070800781 -0.397491455078125 0.533447265625
0.0628242492675781 0.0161018371582031 0.0219917297363281 0.0501480102539063
0.0370750427246094 -0.0152015686035156 0.51983642578125 -0.503204345703125
0.0305442810058594 -0.0231857299804688 0.1123046875 -0.95452880859375
-0.00689840316772461 -0.00636720657348633 -0.6607666015625 -0.546142578125
-0.0176315307617188 0.00428009033203125 -0.66510009765625 0.18536376953125
0.0122442245483398 0.0105705261230469 -0.266326904296875 0.452728271484375
0.00738239288330078 0.000474929809570313 0.136627197265625 0.324432373046875
0.0166587829589844 -0.0232028961181641 0.31805419921875 0.08917236328125
0.0319633483886719 -0.00732040405273437 -0.311492919921875 -0.10577392578125
0.0159130096435547 0.00298786163330078 -0.141998291015625 -0.358184814453125
0.0165376663208008 0.0171613693237305 0.231964111328125 -0.44134521484375
-0.00909614562988281 0.0304298400878906 0.65313720703125 -0.168212890625
-0.0354499816894531 -0.00555801391601563 0.5758056640625 0.5250244140625
0.00529098510742187 -0.0608329772949219 0.01055908203125 0.91229248046875
0.0388031005859375 -0.0150871276855469 -0.39910888671875 0.543914794921875
0.0592727661132812 0.0183296203613281 0.0143585205078125 0.056365966796875
0.0375213623046875 -0.0129776000976563 0.52105712890625 -0.495819091796875
0.0306758880615234 -0.0238132476806641 0.12750244140625 -0.958251953125
-0.00711345672607422 -0.0090179443359375 -0.6505126953125 -0.55914306640625
-0.0200214385986328 0.0035552978515625 -0.668212890625 0.17431640625
0.0109739303588867 0.00933265686035156 -0.270416259765625 0.44708251953125
0.0100231170654297 0.000627517700195312 0.139923095703125 0.325775146484375
0.0143814086914062 -0.0170497894287109 0.318359375 0.094085693359375
0.0299453735351562 -0.00542449951171875 -0.310302734375 -0.10211181640625
0.0192604064941406 0.00435066223144531 -0.142486572265625 -0.35498046875
0.0178508758544922 0.0160121917724609 0.23394775390625 -0.439361572265625
-0.00973701477050782 0.0315952301025391 0.6492919921875 -0.1712646484375
-0.0340995788574219 -0.00476264953613282 0.57696533203125 0.5169677734375
0.00220489501953124 -0.0581550598144531 0.0104980468749999 0.910400390625
0.0352439880371094 -0.0121612548828125 -0.40325927734375 0.55120849609375
0.0528182983398438 0.0220565795898438 0.00907897949218751 0.06146240234375
0.0335407257080078 -0.00662422180175781 0.518463134765625 -0.486114501953125
0.0292949676513672 -0.0176029205322266 0.12823486328125 -0.947998046875
-0.0078725814819336 -0.00581836700439453 -0.65252685546875 -0.56060791015625
-0.019744873046875 -0.000902175903320314 -0.6705322265625 0.1710205078125
0.0105619430541992 0.00830078125 -0.2686767578125 0.44635009765625
0.0107212066650391 0.00467681884765625 0.13885498046875 0.332977294921875
0.0134010314941406 -0.0116157531738281 0.321533203125 0.0989990234375
0.0319042205810547 -0.00320243835449219 -0.307159423828125 -0.09918212890625
0.0226325988769531 0.00288963317871094 -0.13653564453125 -0.350311279296875
0.0197887420654297 0.0136280059814453 0.235931396484375 -0.440032958984375
-0.00764656066894531 0.0298480987548828 0.650634765625 -0.1710205078125
-0.0353927612304688 -0.00250625610351563 0.57574462890625 0.52276611328125
2.67028808593748E-05 -0.0519027709960938 0.00744628906250002 0.91595458984375
0.0299282073974609 -0.00412940979003906 -0.404815673828125 0.554901123046875
0.0429878234863281 0.0266609191894531 0.00592422485351563 0.0642471313476563
0.0240364074707031 -0.00157546997070313 0.5142822265625 -0.48529052734375
0.0256576538085938 -0.0136928558349609 0.122314453125 -0.95068359375
-0.00683689117431641 -0.00521469116210938 -0.65325927734375 -0.562744140625
-0.0200099945068359 0.000879287719726564 -0.6717529296875 0.169921875
0.015294075012207 0.00873756408691406 -0.268310546875 0.449981689453125
0.0144166946411133 0.00288581848144531 0.142425537109375 0.332275390625
0.0154781341552734 -0.011042594909668 0.32208251953125 0.10009765625
0.0288963317871094 -0.00124359130859375 -0.30755615234375 -0.0996398925781251
0.0267753601074219 0.00325584411621094 -0.1348876953125 -0.349273681640625
0.0226364135742187 0.00984764099121094 0.241119384765625 -0.433837890625
-0.00637245178222656 0.0286846160888672 0.65032958984375 -0.163330078125
-0.0344696044921875 -0.000402450561523432 0.5665283203125 0.52752685546875
-0.00302886962890625 -0.0456771850585938 -0.00280761718749998 0.9151611328125
0.0203838348388672 0.00243759155273438 -0.410736083984375 0.550628662109375
0.0348873138427734 0.0322551727294922 0.0048980712890625 0.06341552734375
0.0164070129394531 0.00166702270507813 0.51104736328125 -0.485107421875
0.0235462188720703 -0.0078125 0.115966796875 -0.9483642578125
-0.00588750839233399 -0.00331878662109375 -0.65789794921875 -0.5556640625
-0.0154600143432617 0.000908851623535159 -0.66558837890625 0.17340087890625
0.0170259475708008 0.0076141357421875 -0.263641357421875 0.45269775390625
0.0173549652099609 0.00157737731933594 0.142669677734375 0.33502197265625
0.0145483016967773 -0.00947761535644531 0.321533203125 0.099639892578125
0.0302982330322266 -0.00294876098632813 -0.305389404296875 -0.10400390625
0.0277500152587891 0.000820159912109375 -0.136077880859375 -0.348419189453125
0.0273094177246094 0.00800704956054688 0.246978759765625 -0.428985595703125
-0.00332069396972657 0.026702880859375 0.65582275390625 -0.15557861328125
-0.0312595367431641 -0.000822067260742192 0.561614990234375 0.53857421875
-0.00680923461914062 -0.0381813049316406 -0.01446533203125 0.92108154296875
0.0148725509643555 0.0099334716796875 -0.41387939453125 0.547607421875
0.0261497497558594 0.0360565185546875 0.0094146728515625 0.0591583251953125
0.00864601135253906 0.0109491348266602 0.508087158203125 -0.491790771484375
0.0189151763916016 -0.00120925903320313 0.10369873046875 -0.9493408203125
-0.0037386417388916 -0.0008697509765625 -0.6629638671875 -0.54290771484375
-0.0093231201171875 -0.00141716003417969 -0.66705322265625 0.1822509765625
0.0206623077392578 0.00546836853027344 -0.25787353515625 0.455841064453125
0.0210361480712891 0.000494003295898438 0.1463623046875 0.33477783203125
0.0158510208129883 -0.00890636444091797 0.323333740234375 0.09844970703125
0.0323429107666016 -0.00353240966796875 -0.3070068359375 -0.10943603515625
0.0290451049804688 -0.00153923034667969 -0.134002685546875 -0.35064697265625
0.0312423706054688 0.0080718994140625 0.25299072265625 -0.42510986328125
0.00425529479980468 0.02508544921875 0.6622314453125 -0.1431884765625
-0.0308456420898438 0.00368690490722656 0.55303955078125 0.55010986328125
-0.0086212158203125 -0.0323314666748047 -0.03485107421875 0.920654296875
0.00761127471923828 0.0162448883056641 -0.42138671875 0.53802490234375
0.0199775695800781 0.0380210876464844 0.015777587890625 0.0568695068359375
0.00207996368408203 0.0149459838867188 0.504425048828125 -0.50128173828125
0.0143356323242187 0.0052642822265625 0.0885009765625 -0.94921875
-0.00202608108520508 0.00293159484863281 -0.67041015625 -0.52813720703125
-0.00495433807373047 -0.00460720062255859 -0.6597900390625 0.1978759765625
0.0278129577636719 0.00532150268554687 -0.252716064453125 0.4610595703125
0.0192604064941406 -0.001983642578125 0.147064208984375 0.329986572265625
0.0154743194580078 -0.010462760925293 0.324615478515625 0.094818115234375
0.0312423706054688 -0.00736045837402344 -0.307952880859375 -0.115447998046875
0.0299243927001953 -0.00244140625 -0.1358642578125 -0.352447509765625
0.0359077453613281 0.00604629516601562 0.258819580078125 -0.414581298828125
0.00747299194335937 0.0265998840332031 0.6668701171875 -0.12945556640625
-0.0304241180419922 0.00409126281738281 0.546630859375 0.5623779296875
-0.0121555328369141 -0.0284175872802734 -0.048583984375 0.9197998046875
0.00380134582519531 0.0181465148925781 -0.423095703125 0.528900146484375
0.0148429870605469 0.0398216247558594 0.0241508483886719 0.0492172241210938
-0.00423049926757813 0.0176544189453125 0.502410888671875 -0.514404296875
0.0121307373046875 0.00562572479248047 0.0746459960937501 -0.95001220703125
-0.0020298957824707 0.00548458099365234 -0.67523193359375 -0.51483154296875
-0.00136065483093262 -0.00360918045043945 -0.65216064453125 0.20849609375
0.0290393829345703 0.00577926635742187 -0.24639892578125 0.46466064453125
0.0211181640625 -0.00500869750976563 0.149444580078125 0.3284912109375
0.0147161483764648 -0.01397705078125 0.3243408203125 0.087860107421875
0.0339279174804688 -0.0125408172607422 -0.31915283203125 -0.108001708984375
0.0132789611816406 -7.15255737304688E-05 -0.1474609375 -0.36102294921875
0.0182399749755859 0.0161914825439453 0.230255126953125 -0.437957763671875
-0.00781059265136718 0.0312595367431641 0.65118408203125 -0.1678466796875
-0.0362739562988281 -0.00423431396484375 0.584228515625 0.52099609375
0.00324249267578125 -0.0637359619140625 0.01702880859375 0.90216064453125
0.0395164489746094 -0.0184097290039063 -0.388458251953125 0.5347900390625
0.060943603515625 0.0154953002929688 0.0223426818847656 0.0498466491699219
0.0377655029296875 -0.0144996643066406 0.51019287109375 -0.50634765625
0.0302371978759766 -0.0252780914306641 0.1007080078125 -0.95196533203125
-0.00677776336669922 -0.00694656372070313 -0.66400146484375 -0.53521728515625
-0.0171537399291992 0.00431346893310547 -0.65802001953125 0.19287109375
0.0139808654785156 0.0106525421142578 -0.256591796875 0.45574951171875
0.00852823257446289 0.000407218933105469 0.139984130859375 0.321563720703125
0.0130615234375 -0.0232448577880859 0.31793212890625 0.084228515625
0.0324516296386719 -0.005645751953125 -0.312347412109375 -0.0986938476562501
0.0163888931274414 0.000817298889160156 -0.146148681640625 -0.35186767578125
0.01837158203125 0.0170822143554688 0.226226806640625 -0.439208984375
-0.00826644897460938 0.0319156646728516 0.6470947265625 -0.1751708984375
-0.0344963073730469 -0.00250816345214843 0.57958984375 0.5166015625
0.00354385375976563 -0.061981201171875 0.0190429687500001 0.90496826171875
0.0407600402832031 -0.0152359008789063 -0.390960693359375 0.545684814453125
0.0589179992675781 0.0179328918457031 0.0147514343261719 0.0554542541503906
0.0358161926269531 -0.010772705078125 0.5140380859375 -0.497772216796875
0.030517578125 -0.0246009826660156 0.115478515625 -0.951171875
-0.00975322723388672 -0.00884723663330078 -0.65484619140625 -0.5487060546875
-0.0205059051513672 0.00336456298828125 -0.66192626953125 0.1832275390625
0.011932373046875 0.0103626251220703 -0.2642822265625 0.448974609375
0.00804233551025391 0.00167655944824219 0.14141845703125 0.32293701171875
0.0136508941650391 -0.0184230804443359 0.3172607421875 0.089752197265625
0.03216552734375 -0.00658988952636719 -0.312652587890625 -0.09521484375
0.0201301574707031 0.0031585693359375 -0.143341064453125 -0.34820556640625
0.0154619216918945 0.0141735076904297 0.227691650390625 -0.44091796875
-0.00872611999511719 0.0313186645507813 0.64300537109375 -0.17840576171875
-0.0344715118408203 -0.00494956970214843 0.579833984375 0.50811767578125
0.00260543823242188 -0.05950927734375 0.0222778320312499 0.9083251953125
0.0351753234863281 -0.007965087890625 -0.39361572265625 0.551361083984375
0.0524864196777344 0.0227928161621094 0.00765228271484375 0.0638847351074219
0.0324649810791016 -0.00452613830566406 0.509002685546875 -0.48809814453125
0.0283603668212891 -0.0198574066162109 0.11907958984375 -0.94451904296875
-0.00725889205932617 -0.00432586669921875 -0.65606689453125 -0.54931640625
-0.0206451416015625 0.00270462036132812 -0.6630859375 0.17919921875
0.0116825103759766 0.0102100372314453 -0.26129150390625 0.4471435546875
0.0129146575927734 0.00239181518554688 0.142181396484375 0.32757568359375
0.0133895874023438 -0.0143527984619141 0.320068359375 0.09490966796875
0.0315666198730469 -0.00466156005859375 -0.306793212890625 -0.09307861328125
0.0225162506103516 0.0041351318359375 -0.141204833984375 -0.344635009765625
0.0200996398925781 0.0126819610595703 0.23004150390625 -0.438232421875
-0.00750732421875 0.0291862487792969 0.64239501953125 -0.178955078125
-0.0324115753173828 -0.00265693664550781 0.5765380859375 0.51458740234375
0.000350952148437496 -0.0519676208496094 0.0174560546874999 0.91314697265625
0.0304393768310547 -0.00367927551269531 -0.396575927734375 0.55560302734375
0.0448722839355469 0.0251388549804688 0.00743865966796875 0.0642509460449219
0.0269088745117187 -0.00116920471191406 0.504852294921875 -0.487762451171875
0.0258636474609375 -0.0150966644287109 0.11376953125 -0.94561767578125
-0.0085906982421875 -0.00675582885742188 -0.656494140625 -0.5489501953125
-0.018218994140625 0.00304222106933593 -0.665283203125 0.17926025390625
0.0126008987426758 0.00882339477539062 -0.2586669921875 0.451995849609375
0.0132513046264648 0.0028228759765625 0.14556884765625 0.328399658203125
0.0143375396728516 -0.0106945037841797 0.322998046875 0.0958251953125
0.0284614562988281 -0.00205802917480469 -0.305877685546875 -0.0948486328125
0.0264644622802734 0.00146865844726562 -0.139739990234375 -0.34564208984375
0.02044677734375 0.00833702087402344 0.234161376953125 -0.434326171875
-0.00452613830566406 0.0282707214355469 0.64520263671875 -0.16864013671875
-0.0341968536376953 -0.000635147094726558 0.5689697265625 0.52032470703125
-0.00267410278320313 -0.0463142395019531 0.00671386718749999 0.911865234375
0.0216617584228516 0.00506210327148438 -0.401031494140625 0.551422119140625
0.0335407257080078 0.0314121246337891 0.0053558349609375 0.0621070861816406
0.0152816772460938 0.0057525634765625 0.500640869140625 -0.485504150390625
0.023651123046875 -0.00940322875976563 0.1072998046875 -0.94122314453125
-0.00387096405029297 -0.00334811210632324 -0.65753173828125 -0.54534912109375
-0.0145235061645508 0.00177669525146484 -0.66241455078125 0.18109130859375
0.0174322128295898 0.00753688812255859 -0.25408935546875 0.452178955078125
0.0166893005371094 0.00102519989013672 0.144134521484375 0.3306884765625
0.0118312835693359 -0.0103130340576172 0.32159423828125 0.094970703125
0.0296249389648437 -0.00198745727539062 -0.30438232421875 -0.0968933105468749
0.0300216674804688 0.00181961059570313 -0.13800048828125 -0.343109130859375
0.0279178619384766 0.00769615173339844 0.23944091796875 -0.429656982421875
0.000326156616210938 0.0277118682861328 0.6475830078125 -0.159423828125
-0.0318565368652344 0.0027313232421875 0.56390380859375 0.53057861328125
-0.00696563720703125 -0.0384025573730469 -0.00604248046875008 0.9169921875
0.014923095703125 0.0111684799194336 -0.40875244140625 0.550079345703125
0.0267562866210938 0.0364875793457031 0.00914001464843749 0.0629844665527344
0.00880336761474609 0.0112705230712891 0.49749755859375 -0.49517822265625
0.0197906494140625 -0.00108528137207031 0.0922241210937501 -0.94598388671875
-0.00560092926025391 -7.15255737304688E-05 -0.66473388671875 -0.53228759765625
-0.0110454559326172 -0.00125408172607422 -0.65777587890625 0.1922607421875
0.0220432281494141 0.0056915283203125 -0.251251220703125 0.457122802734375
0.0212440490722656 -0.000555038452148438 0.147247314453125 0.33123779296875
0.0120859146118164 -0.00872802734375 0.322906494140625 0.094451904296875
0.0303516387939453 -0.00414276123046875 -0.301910400390625 -0.101470947265625
0.0290718078613281 -0.00182533264160156 -0.1361083984375 -0.34503173828125
0.0313701629638672 0.00830459594726563 0.246368408203125 -0.4222412109375
0.00333786010742188 0.0252361297607422 0.6571044921875 -0.1475830078125
-0.0316085815429688 0.00351333618164062 0.558563232421875 0.54144287109375
-0.00736618041992188 -0.0330085754394531 -0.02337646484375 0.91693115234375
0.0104217529296875 0.0158967971801758 -0.413818359375 0.54071044921875
0.0198135375976563 0.0383033752441406 0.0181732177734375 0.0557365417480469
0.00250911712646484 0.0155506134033203 0.495697021484375 -0.502777099609375
0.0138053894042969 0.00213432312011719 0.0784301757812501 -0.94378662109375
-0.00219058990478516 0.00336432456970215 -0.67181396484375 -0.519287109375
-0.00680112838745117 -0.00384807586669922 -0.65240478515625 0.2042236328125
0.0271739959716797 0.00552749633789063 -0.24395751953125 0.46240234375
0.0229625701904297 -0.00141716003417969 0.148162841796875 0.326416015625
0.013585090637207 -0.0109615325927734 0.32318115234375 0.08770751953125
0.0310039520263672 -0.00711631774902344 -0.30810546875 -0.109771728515625
0.0284805297851563 -0.00449562072753906 -0.13995361328125 -0.348236083984375
0.0352096557617188 0.0059356689453125 0.251983642578125 -0.41717529296875
0.00625228881835938 0.0258293151855469 0.662841796875 -0.1358642578125
-0.0295677185058594 0.00508880615234375 0.548065185546875 0.552581787109375
-0.0104846954345703 -0.0306568145751953 -0.0362548828125 0.91680908203125
0.00539016723632812 0.0200767517089844 -0.415771484375 0.53076171875
0.0174407958984375 0.0383186340332031 0.0264816284179688 0.0485992431640625
0.000284194946289064 0.0191822052001953 0.49383544921875 -0.514068603515625
0.0118036270141602 0.00556373596191406 0.0626831054687501 -0.94586181640625
-0.00143814086914062 0.00472831726074219 -0.67926025390625 -0.503173828125
-0.00101995468139648 -0.0046992301940918 -0.64666748046875 0.21685791015625
0.0286312103271484 0.00415229797363281 -0.23785400390625 0.464691162109375
0.0207138061523437 -0.00373458862304688 0.149444580078125 0.32574462890625
0.0138044357299805 -0.0153055191040039 0.326141357421875 0.0845947265625
0.0339641571044922 -0.0136375427246094 -0.317626953125 -0.102294921875
0.0137042999267578 0.0006866455078125 -0.152313232421875 -0.351409912109375
0.0200271606445313 0.0171337127685547 0.22039794921875 -0.43463134765625
-0.00623893737792969 0.0313205718994141 0.64306640625 -0.1712646484375
-0.0350971221923828 -0.00370597839355469 0.5831298828125 0.51220703125
0.00406265258789062 -0.061431884765625 0.0268554687500001 0.8939208984375
0.0401115417480469 -0.0177078247070313 -0.3814697265625 0.53643798828125
0.06134033203125 0.0146827697753906 0.0211563110351563 0.0506744384765625
0.0390968322753906 -0.0146293640136719 0.5006103515625 -0.506866455078125
0.0301914215087891 -0.0248775482177734 0.0941162109374999 -0.9447021484375
-0.00560712814331055 -0.0065608024597168 -0.66461181640625 -0.52593994140625
-0.01885986328125 0.00469779968261719 -0.6497802734375 0.19830322265625
0.0139551162719727 0.0103015899658203 -0.250946044921875 0.45379638671875
0.00613212585449219 0.0008392333984375 0.14263916015625 0.319122314453125
0.0114002227783203 -0.0240478515625 0.31732177734375 0.079071044921875
0.0320014953613281 -0.0106697082519531 -0.312103271484375 -0.09375
0.0176639556884766 0.000905990600585937 -0.150146484375 -0.34912109375
0.0180034637451172 0.0167980194091797 0.21893310546875 -0.436614990234375
-0.00772285461425781 0.0317325592041016 0.6409912109375 -0.17742919921875
-0.0351600646972656 -0.00439834594726562 0.58123779296875 0.50860595703125
0.0020904541015625 -0.0604248046875 0.0299072265625 0.89947509765625
0.0391349792480469 -0.0145034790039063 -0.38519287109375 0.547515869140625
0.0593795776367188 0.0184707641601563 0.0149383544921875 0.0566253662109375
0.0362091064453125 -0.0121040344238281 0.504180908203125 -0.49908447265625
0.0309219360351563 -0.02392578125 0.10638427734375 -0.9471435546875
-0.00756597518920898 -0.00686883926391602 -0.6553955078125 -0.54058837890625
-0.0201587677001953 0.00355720520019531 -0.65435791015625 0.18701171875
0.011652946472168 0.0111026763916016 -0.25518798828125 0.450439453125
0.010075569152832 0.000588417053222656 0.1446533203125 0.317352294921875
0.0121679306030273 -0.0172910690307617 0.31610107421875 0.083343505859375
0.0327816009521484 -0.00610160827636719 -0.311126708984375 -0.089813232421875
0.0192508697509766 0.00320625305175781 -0.146728515625 -0.344146728515625
0.0190582275390625 0.0146293640136719 0.2178955078125 -0.4381103515625
-0.00586891174316406 0.0323848724365234 0.63641357421875 -0.18280029296875
-0.036376953125 -0.00279998779296875 0.57904052734375 0.501220703125
0.00191497802734375 -0.0563240051269531 0.0325927734375 0.89984130859375
0.0340843200683594 -0.0106563568115234 -0.386993408203125 0.550048828125
0.0536308288574219 0.0204963684082031 0.00705718994140625 0.0611114501953125
0.0313816070556641 -0.006866455078125 0.498779296875 -0.48968505859375
0.0297088623046875 -0.0199260711669922 0.1092529296875 -0.93975830078125
-0.00714206695556641 -0.0075221061706543 -0.65252685546875 -0.53704833984375
-0.0211372375488281 0.00360298156738281 -0.6568603515625 0.1832275390625
0.010798454284668 0.00855541229248047 -0.255401611328125 0.4476318359375
0.0125885009765625 0.00395393371582031 0.146942138671875 0.32501220703125
0.0120105743408203 -0.0148887634277344 0.320831298828125 0.087310791015625
0.0285568237304687 -0.00355720520019531 -0.305877685546875 -0.0896301269531249
0.0240459442138672 0.00174140930175781 -0.145294189453125 -0.340057373046875
0.0200366973876953 0.0147418975830078 0.2220458984375 -0.436279296875
-0.00599098205566406 0.0320968627929688 0.636962890625 -0.18182373046875
-0.0330085754394531 -0.000892639160156255 0.5772705078125 0.50640869140625
-0.00234985351562501 -0.0517730712890625 0.0260620117187501 0.9053955078125
0.0285720825195313 -0.00539588928222656 -0.38934326171875 0.55474853515625
0.0457305908203125 0.0245475769042969 0.00542449951171876 0.0642013549804688
0.0251197814941406 0.000335693359375 0.499053955078125 -0.489105224609375
0.027191162109375 -0.0159835815429687 0.10406494140625 -0.93902587890625
-0.00748205184936523 -0.00547313690185547 -0.6544189453125 -0.5394287109375
-0.019195556640625 0.00266838073730469 -0.65673828125 0.1842041015625
0.0150671005249023 0.00849533081054688 -0.252166748046875 0.4503173828125
0.0138721466064453 0.00236320495605469 0.14788818359375 0.326080322265625
0.0123624801635742 -0.00993442535400391 0.320343017578125 0.0919189453125
0.0310783386230469 -0.00351715087890625 -0.305755615234375 -0.089996337890625
0.0273647308349609 0.00164031982421875 -0.14361572265625 -0.339569091796875
0.0226325988769531 0.0093841552734375 0.226531982421875 -0.428741455078125
-0.00168609619140625 0.0302448272705078 0.6383056640625 -0.17315673828125
-0.0354995727539063 -0.00175857543945312 0.56915283203125 0.51092529296875
-0.00337600708007813 -0.0472488403320312 0.0135498046875 0.90264892578125
0.0227146148681641 0.00308990478515625 -0.396697998046875 0.55133056640625
0.0350723266601563 0.0337276458740234 0.00672531127929688 0.0625877380371094
0.0176429748535156 0.00642204284667969 0.4945068359375 -0.48687744140625
0.0220508575439453 -0.00798606872558594 0.0989379882812499 -0.93695068359375
-0.0072026252746582 -0.00189399719238281 -0.65740966796875 -0.53009033203125
-0.0145845413208008 -0.00121879577636719 -0.65362548828125 0.188720703125
0.0182609558105469 0.00754928588867188 -0.246734619140625 0.449615478515625
0.0155448913574219 0.00104427337646484 0.148284912109375 0.32525634765625
0.0134439468383789 -0.00838375091552735 0.321044921875 0.09149169921875
0.0294055938720703 -0.00314903259277344 -0.3060302734375 -0.093597412109375
0.0296382904052734 0.000616073608398438 -0.1400146484375 -0.33740234375
0.0268211364746094 0.00730133056640625 0.23333740234375 -0.42572021484375
-0.000848770141601564 0.0280570983886719 0.64306640625 -0.165283203125
-0.0332717895507813 0.00224685668945312 0.56573486328125 0.52008056640625
-0.00656509399414062 -0.0382232666015625 0.0028076171875001 0.912353515625
0.0144491195678711 0.0114297866821289 -0.39837646484375 0.548583984375
0.0275688171386719 0.0346603393554688 0.010223388671875 0.0611419677734375
0.00932025909423828 0.0123090744018555 0.48944091796875 -0.494110107421875
0.0188846588134766 -0.00295639038085938 0.0838623046875 -0.9403076171875
-0.0050048828125 0.000518798828124999 -0.6640625 -0.5235595703125
-0.00917625427246094 -0.000446319580078125 -0.6507568359375 0.198486328125
0.0222225189208984 0.00625991821289063 -0.244659423828125 0.45660400390625
0.0186805725097656 -0.00206375122070313 0.1527099609375 0.32647705078125
0.0131826400756836 -0.00934123992919922 0.32220458984375 0.088226318359375
0.0294971466064453 -0.00542259216308594 -0.30560302734375 -0.099365234375
0.0322952270507813 -0.00178146362304688 -0.141387939453125 -0.33941650390625
0.0316905975341797 0.00661468505859375 0.23828125 -0.421295166015625
0.00566482543945312 0.0257167816162109 0.64837646484375 -0.15264892578125
-0.0301303863525391 0.00386238098144532 0.557952880859375 0.53289794921875
-0.008697509765625 -0.0334968566894531 -0.01470947265625 0.90838623046875
0.00783252716064453 0.0168743133544922 -0.40362548828125 0.54290771484375
0.0204010009765625 0.037841796875 0.0170326232910156 0.0538101196289063
0.00519084930419922 0.0168924331665039 0.488250732421875 -0.504180908203125
0.014704704284668 0.00265979766845703 0.0718994140625001 -0.93707275390625
-0.00202322006225586 0.00452899932861328 -0.67138671875 -0.50830078125
-0.00578498840332031 -0.00355339050292969 -0.64447021484375 0.21002197265625
0.0265941619873047 0.00574302673339844 -0.235443115234375 0.4591064453125
0.0212669372558594 -0.0024871826171875 0.153533935546875 0.323822021484375
0.0127029418945313 -0.0112342834472656 0.323760986328125 0.08319091796875
0.0293922424316406 -0.00764083862304687 -0.308685302734375 -0.107025146484375
0.0282802581787109 -0.00364875793457031 -0.142364501953125 -0.34027099609375
0.0371513366699219 0.00629425048828125 0.245635986328125 -0.415618896484375
0.00859832763671875 0.0266914367675781 0.6552734375 -0.1387939453125
-0.0285606384277344 0.00366020202636719 0.54974365234375 0.543914794921875
-0.0101699829101563 -0.0305976867675781 -0.0277709960937501 0.90960693359375
0.0052947998046875 0.0190544128417969 -0.4095458984375 0.5345458984375
0.0163383483886719 0.0387840270996094 0.02532958984375 0.047821044921875
-0.00172615051269531 0.0185527801513672 0.484893798828125 -0.515228271484375
0.0119848251342773 0.0067138671875 0.05670166015625 -0.9365234375
-0.00101113319396973 0.00360798835754395 -0.67547607421875 -0.491455078125
-0.00314116477966309 -0.0034024715423584 -0.63714599609375 0.22418212890625
0.0294284820556641 0.00263023376464844 -0.229766845703125 0.46478271484375
0.0203895568847656 -0.00509834289550781 0.1531982421875 0.319854736328125
0.012425422668457 -0.0150556564331055 0.323272705078125 0.078643798828125
0.0337162017822266 -0.0132770538330078 -0.3157958984375 -0.097808837890625
0.0149822235107422 0.00102329254150391 -0.156097412109375 -0.34716796875
0.0191402435302734 0.0160579681396484 0.213653564453125 -0.431671142578125
-0.00455284118652344 0.0323295593261719 0.638916015625 -0.17547607421875
-0.0354690551757813 -0.00387954711914063 0.58282470703125 0.502685546875
0.00148391723632812 -0.0631866455078125 0.03485107421875 0.88690185546875
0.0386848449707031 -0.0187149047851563 -0.375579833984375 0.534576416015625
0.0631446838378906 0.0143280029296875 0.0208892822265625 0.04962158203125
0.0385971069335937 -0.0136146545410156 0.4937744140625 -0.505767822265625
0.0298099517822266 -0.0253944396972656 0.08612060546875 -0.94012451171875
-0.00685596466064453 -0.00686120986938477 -0.66180419921875 -0.51519775390625
-0.0181732177734375 0.00487709045410156 -0.64422607421875 0.20428466796875
0.0133047103881836 0.00950717926025391 -0.243011474609375 0.452056884765625
0.00660276412963867 -1.38282775878906E-05 0.14471435546875 0.31463623046875
0.0121250152587891 -0.0227928161621094 0.3170166015625 0.075958251953125
0.0324974060058594 -0.00980758666992188 -0.311553955078125 -0.0905151367187501
0.0176315307617188 0.00165367126464844 -0.15350341796875 -0.341827392578125
0.0178489685058594 0.0158462524414063 0.212677001953125 -0.43487548828125
-0.0052947998046875 0.0323848724365234 0.63311767578125 -0.1800537109375
-0.0354843139648438 -0.00329971313476563 0.58062744140625 0.49908447265625
0.00177383422851563 -0.062042236328125 0.0358886718749999 0.89312744140625
0.0373382568359375 -0.0158958435058594 -0.380096435546875 0.546356201171875
0.059417724609375 0.0165252685546875 0.0133895874023437 0.0567359924316406
0.0374832153320313 -0.0109176635742188 0.49749755859375 -0.496337890625
0.0301189422607422 -0.0252704620361328 0.10052490234375 -0.9405517578125
-0.00820541381835938 -0.00835180282592774 -0.65386962890625 -0.52734375
-0.019989013671875 0.0048065185546875 -0.64892578125 0.19085693359375
0.0112667083740234 0.00893115997314453 -0.24798583984375 0.44903564453125
0.00897312164306641 0.000411033630371094 0.14691162109375 0.314697265625
0.0113792419433594 -0.0174665451049805 0.317413330078125 0.080047607421875
0.0304107666015625 -0.00791740417480469 -0.310394287109375 -0.087493896484375
0.0191860198974609 0.00329971313476563 -0.149078369140625 -0.3385009765625
0.0178604125976563 0.0157833099365234 0.2132568359375 -0.43463134765625
-0.0066986083984375 0.0315780639648437 0.631103515625 -0.1861572265625
-0.03515625 -0.00189590454101563 0.5777587890625 0.49365234375
0.000671386718750006 -0.0565872192382813 0.0378417968749999 0.8909912109375
0.0329341888427734 -0.0112800598144531 -0.379425048828125 0.549560546875
0.0537071228027344 0.0219001770019531 0.00716400146484375 0.0622787475585937
0.0320606231689453 -0.00519180297851562 0.49444580078125 -0.487884521484375
0.0286445617675781 -0.0205440521240234 0.10162353515625 -0.9342041015625
-0.00693750381469727 -0.00762510299682617 -0.654052734375 -0.52886962890625
-0.0214996337890625 0.00472068786621094 -0.64892578125 0.18927001953125
0.0119161605834961 0.00936317443847656 -0.24603271484375 0.44549560546875
0.0109834671020508 0.00193023681640625 0.149688720703125 0.321441650390625
0.010589599609375 -0.0141172409057617 0.31988525390625 0.086212158203125
0.0303020477294922 -0.004852294921875 -0.30609130859375 -0.086456298828125
0.0228862762451172 0.00243949890136719 -0.147674560546875 -0.33551025390625
0.0202045440673828 0.0128192901611328 0.216705322265625 -0.4320068359375
-0.00482749938964844 0.0313606262207031 0.6312255859375 -0.18499755859375
-0.0335941314697266 -0.000843048095703128 0.578369140625 0.49822998046875
-0.00117874145507812 -0.0525550842285156 0.03424072265625 0.8983154296875
0.0274143218994141 -0.00382423400878906 -0.38275146484375 0.5548095703125
0.0447769165039062 0.0259933471679688 0.00513839721679688 0.0639381408691406
0.025848388671875 -0.000200271606445313 0.49005126953125 -0.487060546875
0.0261039733886719 -0.0158824920654297 0.0959472656250001 -0.93524169921875
-0.00680255889892578 -0.00508260726928711 -0.65557861328125 -0.52899169921875
-0.0191135406494141 0.00294876098632812 -0.652587890625 0.18927001953125
0.0134744644165039 0.00766468048095703 -0.245880126953125 0.44921875
0.0141420364379883 0.000767707824707031 0.148345947265625 0.32049560546875
0.0121660232543945 -0.00996780395507812 0.320343017578125 0.087921142578125
0.0286769866943359 -0.0028839111328125 -0.302581787109375 -0.087646484375
0.0257511138916016 0.00322151184082031 -0.145599365234375 -0.333404541015625
0.0218582153320313 0.0106315612792969 0.221588134765625 -0.428192138671875
-0.00273323059082032 0.0290870666503906 0.6348876953125 -0.17608642578125
-0.0322589874267578 -1.52587890625038E-05 0.5687255859375 0.50347900390625
-0.0031585693359375 -0.0462722778320313 0.022216796875 0.8997802734375
0.0211734771728516 0.00457000732421875 -0.38714599609375 0.550689697265625
0.0356483459472656 0.0316123962402344 0.00564956665039062 0.0636825561523437
0.0166120529174805 0.00593662261962891 0.487518310546875 -0.487945556640625
0.0222911834716797 -0.00838088989257813 0.09185791015625 -0.9317626953125
-0.00613737106323242 -0.00344514846801758 -0.65704345703125 -0.5242919921875
-0.0147209167480469 0.00203800201416016 -0.6475830078125 0.191650390625
0.0169563293457031 0.00763130187988281 -0.241912841796875 0.44976806640625
0.0177803039550781 0.00164413452148437 0.150177001953125 0.32177734375
0.0114984512329102 -0.00859642028808594 0.320281982421875 0.087432861328125
0.0286808013916016 -0.00288772583007813 -0.303680419921875 -0.09039306640625
0.0276966094970703 0.000375747680664063 -0.143646240234375 -0.33251953125
0.0265617370605469 0.00853157043457031 0.227264404296875 -0.424591064453125
0.00098228454589844 0.0280170440673828 0.63641357421875 -0.168701171875
-0.03155517578125 0.0023956298828125 0.56365966796875 0.5120849609375
-0.00713729858398438 -0.038818359375 0.00964355468750009 0.90380859375
0.0143880844116211 0.011012077331543 -0.393890380859375 0.54888916015625
0.0271720886230469 0.0354156494140625 0.00969314575195313 0.0603179931640625
0.0107965469360352 0.0120849609375 0.4820556640625 -0.494476318359375
0.0193405151367188 -0.00234603881835938 0.0780029296875001 -0.93280029296875
-0.00524234771728516 0.000473976135253905 -0.6640625 -0.5130615234375
-0.0117740631103516 0.000168800354003906 -0.64447021484375 0.20245361328125
0.0227298736572266 0.0055999755859375 -0.23699951171875 0.45367431640625
0.0198230743408203 -0.000169754028320312 0.15338134765625 0.3226318359375
0.0120019912719727 -0.00844287872314453 0.321502685546875 0.0838623046875
0.029266357421875 -0.00520515441894531 -0.30474853515625 -0.093597412109375
0.0296726226806641 -0.0018310546875 -0.1435546875 -0.334503173828125
0.0315170288085937 0.00627899169921875 0.233795166015625 -0.41729736328125
0.005279541015625 0.0277748107910156 0.64288330078125 -0.15704345703125
-0.0310268402099609 0.00400543212890624 0.55792236328125 0.52520751953125
-0.00927352905273437 -0.0329742431640625 -0.00616455078124995 0.902587890625
0.00905799865722656 0.0173501968383789 -0.39990234375 0.540191650390625
0.0203132629394531 0.0370330810546875 0.016357421875 0.0541839599609375
0.0032510757446289 0.0174474716186523 0.48046875 -0.503143310546875
0.0148105621337891 0.00405597686767578 0.06256103515625 -0.93182373046875
-0.00306177139282227 0.00323486328125 -0.6702880859375 -0.4989013671875
-0.00627660751342774 -0.0020146369934082 -0.63720703125 0.21380615234375
0.0265636444091797 0.00370216369628906 -0.229583740234375 0.458526611328125
0.0212631225585938 -0.00310325622558594 0.154998779296875 0.32061767578125
0.0116033554077148 -0.0114097595214844 0.321685791015625 0.07965087890625
0.0291156768798828 -0.00754356384277344 -0.308258056640625 -0.101959228515625
0.030029296875 -0.00385856628417969 -0.146240234375 -0.33538818359375
0.0364799499511719 0.0064544677734375 0.2398681640625 -0.412872314453125
0.00969505310058594 0.0264930725097656 0.64990234375 -0.1435546875
-0.0293960571289063 0.00465011596679688 0.54833984375 0.53564453125
-0.0113105773925781 -0.0311069488525391 -0.0216064453124999 0.9041748046875
0.00474929809570313 0.0188159942626953 -0.402984619140625 0.53076171875
0.0177536010742188 0.0397148132324219 0.0244712829589844 0.0468482971191406
-0.00135612487792969 0.0199184417724609 0.4774169921875 -0.51324462890625
0.0127420425415039 0.00759506225585938 0.0488891601562499 -0.93292236328125
-0.00146722793579102 0.00443029403686523 -0.67547607421875 -0.4837646484375
-0.00192546844482422 -0.00439691543579102 -0.63128662109375 0.225341796875
0.0295696258544922 0.0037078857421875 -0.22210693359375 0.462432861328125
0.0206813812255859 -0.00578117370605469 0.156341552734375 0.3172607421875
0.0116262435913086 -0.014124870300293 0.321044921875 0.073760986328125
0.0326366424560547 -0.0151214599609375 -0.3154296875 -0.0939941406250001
0.014495849609375 -0.000184059143066406 -0.158538818359375 -0.3424072265625
0.0200176239013672 0.0155677795410156 0.21142578125 -0.429534912109375
-0.00373458862304688 0.0323753356933594 0.63226318359375 -0.17706298828125
-0.035308837890625 -0.00339889526367187 0.5804443359375 0.49658203125
0.000999450683593756 -0.062896728515625 0.0387573242187499 0.8807373046875
0.03900146484375 -0.0186614990234375 -0.37078857421875 0.533172607421875
0.06365966796875 0.0139083862304688 0.0198898315429688 0.0496292114257812
0.0382652282714844 -0.0127334594726563 0.486053466796875 -0.50164794921875
0.03033447265625 -0.02484130859375 0.0813598632812501 -0.93328857421875
-0.00760126113891602 -0.00552988052368164 -0.6583251953125 -0.50762939453125
-0.0188961029052734 0.00545310974121094 -0.6373291015625 0.20489501953125
0.0130739212036133 0.00946712493896484 -0.236663818359375 0.450225830078125
0.00717496871948242 0.000123023986816406 0.146026611328125 0.31072998046875
0.00897026062011719 -0.0229244232177734 0.31634521484375 0.07366943359375
0.0323200225830078 -0.00936698913574219 -0.3109130859375 -0.08782958984375
0.0172967910766602 0.00140190124511719 -0.15521240234375 -0.334930419921875
0.017822265625 0.0161628723144531 0.209503173828125 -0.43035888671875
-0.00536346435546875 0.0318489074707031 0.6280517578125 -0.1842041015625
-0.0354423522949219 -0.00359725952148438 0.57763671875 0.4932861328125
0.000835418701171873 -0.0619392395019531 0.0411376953125001 0.88446044921875
0.03753662109375 -0.014678955078125 -0.374298095703125 0.544219970703125
0.0604209899902344 0.0171585083007812 0.0125885009765625 0.0557136535644531
0.0368003845214844 -0.01055908203125 0.489501953125 -0.493743896484375
0.0298862457275391 -0.0246295928955078 0.0943603515624999 -0.93359375
-0.00743579864501953 -0.0073857307434082 -0.64971923828125 -0.52032470703125
-0.0203742980957031 0.00533294677734375 -0.64105224609375 0.19580078125
0.0106954574584961 0.0104179382324219 -0.2415771484375 0.44464111328125
0.00808858871459961 0.000252723693847656 0.147918701171875 0.3111572265625
0.0104169845581055 -0.017003059387207 0.316131591796875 0.076934814453125
0.0305805206298828 -0.00694847106933594 -0.30914306640625 -0.083251953125
0.0200958251953125 0.00219345092773438 -0.1534423828125 -0.332733154296875
0.0176525115966797 0.0136241912841797 0.20819091796875 -0.42987060546875
-0.005126953125 0.0317001342773437 0.62469482421875 -0.1888427734375
-0.0350360870361328 -0.00182533264160156 0.5753173828125 0.4866943359375
-0.00110626220703125 -0.0582160949707031 0.04058837890625 0.88458251953125
0.032928466796875 -0.00983428955078125 -0.37774658203125 0.5478515625
0.0530662536621094 0.0207290649414063 0.00719451904296875 0.06011962890625
0.0321750640869141 -0.00528144836425781 0.486114501953125 -0.4859619140625
0.0293235778808594 -0.0205535888671875 0.0973510742187499 -0.92620849609375
-0.00812959671020508 -0.00754451751708985 -0.64959716796875 -0.5203857421875
-0.0202312469482422 0.00506019592285156 -0.64166259765625 0.191162109375
0.0104465484619141 0.008331298828125 -0.240997314453125 0.4451904296875
0.0121097564697266 0.00307941436767578 0.150665283203125 0.31622314453125
0.0101613998413086 -0.0125694274902344 0.316314697265625 0.08251953125
0.0294857025146484 -0.00424575805664063 -0.30462646484375 -0.082275390625
0.0224933624267578 0.00256919860839844 -0.14959716796875 -0.3299560546875
0.0199794769287109 0.0128364562988281 0.21221923828125 -0.430450439453125
-0.00323104858398438 0.0316200256347656 0.6253662109375 -0.1871337890625
-0.0340080261230469 -9.34600830078199E-05 0.575439453125 0.49102783203125
-0.00210952758789063 -0.0522727966308594 0.0374755859375 0.89056396484375
0.0264911651611328 -0.00282478332519531 -0.378173828125 0.55255126953125
0.0454177856445312 0.0254631042480469 0.00449752807617188 0.0627479553222656
0.0257778167724609 0.00131988525390625 0.483428955078125 -0.484649658203125
0.0267295837402344 -0.0159034729003906 0.0914306640625001 -0.92877197265625
-0.0066685676574707 -0.00677061080932617 -0.6519775390625 -0.5228271484375
-0.0199871063232422 0.00409698486328125 -0.6444091796875 0.19036865234375
0.0142154693603516 0.00798797607421875 -0.240142822265625 0.446441650390625
0.0142536163330078 0.00238037109375 0.151519775390625 0.317474365234375
0.0108118057250977 -0.0108957290649414 0.319183349609375 0.0833740234375
0.0278873443603516 -0.00349235534667969 -0.302154541015625 -0.083740234375
0.0251674652099609 0.000448226928710937 -0.146148681640625 -0.32843017578125
0.0231552124023438 0.00930595397949219 0.217193603515625 -0.424407958984375
-0.00242042541503906 0.0296554565429687 0.628173828125 -0.17828369140625
-0.0322494506835938 4.95910644531191E-05 0.56597900390625 0.4981689453125
-0.00568389892578125 -0.0462646484375 0.0241699218750001 0.8912353515625
0.0204086303710938 0.00498771667480469 -0.38427734375 0.548614501953125
0.0362815856933594 0.0312385559082031 0.00468826293945313 0.0623855590820313
0.0173702239990234 0.00629997253417969 0.47784423828125 -0.484466552734375
0.0234336853027344 -0.00844573974609375 0.0857543945312501 -0.9239501953125
-0.00599765777587891 -0.00343227386474609 -0.6568603515625 -0.51702880859375
-0.0154104232788086 0.00176811218261719 -0.64007568359375 0.19488525390625
0.0158548355102539 0.00506019592285156 -0.23577880859375 0.4498291015625
0.0172739028930664 0.000558853149414063 0.152618408203125 0.31878662109375
0.0100793838500977 -0.00832271575927734 0.31915283203125 0.084625244140625
0.029296875 -0.00361442565917969 -0.3017578125 -0.0860595703125
0.02740478515625 0.000421524047851563 -0.147308349609375 -0.327667236328125
0.0270557403564453 0.00840377807617188 0.222808837890625 -0.420318603515625
0.00191116333007813 0.0276679992675781 0.63153076171875 -0.16900634765625
-0.0325965881347656 0.00248908996582032 0.5638427734375 0.5079345703125
-0.00696563720703125 -0.0417709350585937 0.0128173828125 0.89678955078125
0.0145597457885742 0.0120439529418945 -0.38751220703125 0.548248291015625
0.0268898010253906 0.0367851257324219 0.0091094970703125 0.0597991943359375
0.00940227508544922 0.0135002136230469 0.475860595703125 -0.492645263671875
0.0194873809814453 -0.00160026550292969 0.0725708007812499 -0.92620849609375
-0.00511407852172852 -0.000592231750488281 -0.661376953125 -0.503173828125
-0.0110301971435547 0.000155448913574221 -0.635986328125 0.2041015625
0.0217533111572266 0.00408172607421875 -0.229736328125 0.452423095703125
0.0195045471191406 -0.000154495239257813 0.154266357421875 0.3187255859375
0.0102834701538086 -0.00905513763427735 0.321197509765625 0.081573486328125
0.0290374755859375 -0.00626564025878906 -0.30328369140625 -0.0904541015625
0.0289192199707031 -0.00227546691894531 -0.14764404296875 -0.3280029296875
0.0300884246826172 0.0067138671875 0.229217529296875 -0.416015625
0.0063629150390625 0.0272579193115234 0.637451171875 -0.1580810546875
-0.0304412841796875 0.00505447387695313 0.55584716796875 0.51959228515625
-0.0105724334716797 -0.0339450836181641 -0.00201416015624997 0.89776611328125
0.00877094268798828 0.0170307159423828 -0.39263916015625 0.5380859375
0.0202484130859375 0.0381736755371094 0.0140266418457031 0.0539665222167969
0.0041656494140625 0.0188827514648438 0.471710205078125 -0.501373291015625
0.0157203674316406 0.00224781036376953 0.05657958984375 -0.92578125
-0.00281167030334473 0.00291895866394043 -0.667724609375 -0.4888916015625
-0.00619935989379883 -0.00211668014526367 -0.63128662109375 0.21710205078125
0.0258522033691406 0.00380897521972656 -0.22271728515625 0.457061767578125
0.0214462280273438 -0.00340080261230469 0.1561279296875 0.3167724609375
0.0104751586914063 -0.0101966857910156 0.3223876953125 0.075927734375
0.02850341796875 -0.0085601806640625 -0.307708740234375 -0.0979919433593749
0.0289421081542969 -0.00367355346679688 -0.14849853515625 -0.331085205078125
0.0359230041503906 0.00664138793945313 0.23541259765625 -0.409759521484375
0.0101299285888672 0.0260276794433594 0.6434326171875 -0.14581298828125
-0.0291194915771484 0.00523567199707031 0.549346923828125 0.529541015625
-0.0116634368896484 -0.0312080383300781 -0.0163574218750001 0.897216796875
0.00488853454589844 0.020538330078125 -0.39813232421875 0.527862548828125
0.0182533264160156 0.0388374328613281 0.022857666015625 0.0468597412109375
0.000488281249999998 0.0200252532958984 0.4720458984375 -0.5123291015625
0.0132913589477539 0.00647926330566406 0.0434570312500001 -0.9256591796875
-0.0015099048614502 0.00412154197692871 -0.6715087890625 -0.4747314453125
-0.00294351577758789 -0.00339531898498535 -0.62677001953125 0.22857666015625
0.0305099487304687 0.00261116027832031 -0.217254638671875 0.461669921875
0.0200977325439453 -0.0043487548828125 0.15765380859375 0.314483642578125
0.0107097625732422 -0.0148391723632813 0.3209228515625 0.06982421875
0.0321617126464844 -0.0158138275146484 -0.314971923828125 -0.090972900390625
0.0136184692382813 -0.000392913818359375 -0.1590576171875 -0.335906982421875
0.0191745758056641 0.0148086547851562 0.207733154296875 -0.42584228515625
-0.00307464599609375 0.0315380096435547 0.62933349609375 -0.17864990234375
-0.0342350006103516 -0.00251007080078125 0.57904052734375 0.4920654296875
0.000736236572265631 -0.0627555847167969 0.0401000976562499 0.872314453125
0.0381736755371094 -0.0184173583984375 -0.36761474609375 0.529815673828125
0.0631217956542969 0.0160636901855469 0.0195121765136719 0.0495986938476563
0.0364913940429688 -0.0124893188476563 0.482177734375 -0.50128173828125
0.0290565490722656 -0.0263519287109375 0.0771484374999999 -0.926513671875
-0.00646781921386719 -0.00709915161132813 -0.656005859375 -0.50067138671875
-0.0183887481689453 0.00509834289550782 -0.63067626953125 0.206787109375
0.0125894546508789 0.00972366333007813 -0.232086181640625 0.446868896484375
0.00766229629516601 -0.000731945037841797 0.146820068359375 0.3079833984375
0.00955963134765625 -0.0223484039306641 0.313568115234375 0.0699462890625
0.0317058563232422 -0.0114536285400391 -0.30889892578125 -0.0834350585937499
0.0161075592041016 0.00060272216796875 -0.157470703125 -0.331634521484375
0.0186843872070313 0.0164356231689453 0.204986572265625 -0.42626953125
-0.00441360473632813 0.0331668853759766 0.62225341796875 -0.18377685546875
-0.0348262786865234 -0.00263214111328124 0.57568359375 0.4881591796875
0.000358581542968746 -0.062042236328125 0.0438842773437501 0.880615234375
0.03680419921875 -0.0151481628417969 -0.37005615234375 0.54119873046875
0.0610427856445313 0.0163612365722656 0.0118560791015625 0.0556983947753906
0.037200927734375 -0.0104103088378906 0.48333740234375 -0.490966796875
0.0305576324462891 -0.0244808197021484 0.0903930664062501 -0.92791748046875
-0.0082855224609375 -0.00857686996459961 -0.64642333984375 -0.5120849609375
-0.0204257965087891 0.00478744506835937 -0.6348876953125 0.19671630859375
0.0118312835693359 0.00903701782226563 -0.236236572265625 0.44354248046875
0.00885200500488281 0.000714302062988281 0.14886474609375 0.30889892578125
0.00882339477539063 -0.0169811248779297 0.314544677734375 0.074371337890625
0.0304489135742188 -0.00813484191894531 -0.3077392578125 -0.08148193359375
0.0209865570068359 0.00350379943847656 -0.154754638671875 -0.329345703125
0.0184822082519531 0.0156116485595703 0.204193115234375 -0.427032470703125
-0.00476264953613281 0.0321502685546875 0.618896484375 -0.188232421875
-0.0332851409912109 -0.00184440612792968 0.5736083984375 0.48236083984375
-0.000526428222656244 -0.0580368041992187 0.04376220703125 0.8768310546875
0.0325698852539063 -0.0105037689208984 -0.372161865234375 0.54437255859375
0.0537948608398438 0.0209274291992188 0.00717926025390625 0.0605812072753906
0.0336475372314453 -0.00522994995117187 0.481353759765625 -0.482757568359375
0.0288429260253906 -0.0211563110351563 0.09234619140625 -0.9228515625
-0.00780057907104492 -0.00692081451416016 -0.64678955078125 -0.5140380859375
-0.0200538635253906 0.00317764282226562 -0.63555908203125 0.1922607421875
0.0120019912719727 0.00687694549560547 -0.23565673828125 0.4425048828125
0.0114212036132813 0.00195789337158203 0.15118408203125 0.311981201171875
0.00916385650634766 -0.0137491226196289 0.315887451171875 0.07891845703125
0.0279254913330078 -0.00628852844238281 -0.303314208984375 -0.07904052734375
0.0229663848876953 0.00175666809082031 -0.150787353515625 -0.323883056640625
0.0192852020263672 0.0128669738769531 0.208221435546875 -0.426116943359375
-0.00316619873046875 0.0314540863037109 0.62005615234375 -0.188232421875
-0.0328254699707031 -0.000312805175781256 0.5723876953125 0.48443603515625
-0.00396728515625 -0.0533218383789063 0.0425415039062499 0.8826904296875
0.0281944274902344 -0.00286865234375 -0.373748779296875 0.549102783203125
0.0453109741210937 0.0275039672851562 0.00356292724609375 0.0628662109375
0.0259628295898438 0.00102806091308594 0.47802734375 -0.4832763671875
0.0259437561035156 -0.0160636901855469 0.0881347656250001 -0.9228515625
-0.00685501098632813 -0.0049591064453125 -0.65087890625 -0.516357421875
-0.0201244354248047 0.00389289855957031 -0.63812255859375 0.19366455078125
0.0141363143920898 0.00716686248779297 -0.234619140625 0.44317626953125
0.0143423080444336 0.000725746154785156 0.151824951171875 0.3162841796875
0.0086822509765625 -0.00982093811035156 0.317901611328125 0.0810546875
0.0283527374267578 -0.00354957580566406 -0.30181884765625 -0.0801391601562501
0.0253314971923828 3.814697265625E-05 -0.147247314453125 -0.3218994140625
0.0229549407958984 0.01116943359375 0.2138671875 -0.4212646484375
-0.000213623046875001 0.0277519226074219 0.62127685546875 -0.17962646484375
-0.0321979522705078 0.00156211853027344 0.56439208984375 0.4898681640625
-0.0047454833984375 -0.0466766357421875 0.02874755859375 0.8843994140625
0.0209922790527344 0.005157470703125 -0.380584716796875 0.546783447265625
0.0363273620605469 0.0317039489746094 0.00382614135742188 0.0629043579101563
0.0183067321777344 0.00895500183105469 0.47491455078125 -0.4820556640625
0.0218353271484375 -0.00909233093261719 0.0833740234375 -0.91937255859375
-0.00546121597290039 -0.00247812271118164 -0.65142822265625 -0.50872802734375
-0.0160465240478516 0.00278854370117187 -0.63531494140625 0.19580078125
0.0178680419921875 0.00673103332519531 -0.23150634765625 0.4453125
0.0179805755615234 -0.000562667846679688 0.151214599609375 0.314544677734375
0.00930118560791016 -0.00753307342529297 0.318267822265625 0.082000732421875
0.0279598236083984 -0.00497817993164063 -0.301116943359375 -0.082977294921875
0.0276412963867188 -0.000274658203125 -0.147857666015625 -0.322418212890625
0.0274906158447266 0.00785064697265625 0.219268798828125 -0.41741943359375
0.00212860107421875 0.0285205841064453 0.62744140625 -0.17193603515625
-0.0299320220947266 0.00395393371582032 0.5616455078125 0.502899169921875
-0.0083160400390625 -0.0394744873046875 0.0184936523437499 0.89111328125
0.0142488479614258 0.0108938217163086 -0.383392333984375 0.544769287109375
0.0284538269042969 0.0351028442382813 0.00785064697265626 0.0600967407226563
0.0106773376464844 0.0139532089233398 0.471405029296875 -0.48992919921875
0.0188999176025391 -0.00275039672851563 0.0683593750000001 -0.92132568359375
-0.00554275512695313 0.000679969787597655 -0.6602783203125 -0.4981689453125
-0.0113410949707031 -0.000125885009765624 -0.631103515625 0.20599365234375
0.0219573974609375 0.00443077087402344 -0.2261962890625 0.451507568359375
0.0192089080810547 -0.000978469848632813 0.155517578125 0.31610107421875
0.0107965469360352 -0.00822734832763672 0.318267822265625 0.07965087890625
0.0284080505371094 -0.00560188293457031 -0.301910400390625 -0.08746337890625
0.0294227600097656 -0.002685546875 -0.148651123046875 -0.32476806640625
0.0300827026367188 0.00832557678222656 0.22674560546875 -0.412506103515625
0.0068359375 0.0278167724609375 0.632568359375 -0.16058349609375
-0.0305862426757813 0.00510597229003906 0.553680419921875 0.512359619140625
-0.00936508178710938 -0.0348339080810547 0.00128173828124993 0.89129638671875
0.00795364379882813 0.0156869888305664 -0.389129638671875 0.53533935546875
0.0212135314941406 0.0377464294433594 0.0137939453125 0.05401611328125
0.00481224060058594 0.0192337036132813 0.4681396484375 -0.4993896484375
0.0152292251586914 0.00198745727539063 0.0557861328125001 -0.9193115234375
-0.0034637451171875 0.00187063217163086 -0.6634521484375 -0.4833984375
-0.00741958618164063 0.000833988189697266 -0.625244140625 0.21954345703125
0.0264167785644531 0.00368499755859375 -0.2183837890625 0.454193115234375
0.0199432373046875 -0.00364303588867188 0.156036376953125 0.313385009765625
0.0101890563964844 -0.00925731658935547 0.318939208984375 0.07470703125
0.0292301177978516 -0.00988578796386719 -0.305511474609375 -0.095245361328125
0.0285148620605469 -0.00467491149902344 -0.14959716796875 -0.326416015625
0.0346775054931641 0.0051727294921875 0.231781005859375 -0.406890869140625
0.0100574493408203 0.0270862579345703 0.63818359375 -0.1475830078125
-0.0288791656494141 0.00613784790039062 0.546539306640625 0.52410888671875
-0.0125102996826172 -0.0305557250976562 -0.0133056640624999 0.89007568359375
0.005645751953125 0.0194492340087891 -0.39251708984375 0.525848388671875
0.0185623168945313 0.0381507873535156 0.0226211547851563 0.0462875366210938
0.00020599365234375 0.0210151672363281 0.466583251953125 -0.50927734375
0.0131855010986328 0.00573158264160156 0.0410766601562501 -0.92193603515625
-0.00217247009277344 0.00406217575073242 -0.67022705078125 -0.4713134765625
-0.00323653221130371 -0.0021660327911377 -0.618896484375 0.230224609375
0.028778076171875 0.00208282470703125 -0.213531494140625 0.458099365234375
0.0214939117431641 -0.00612258911132813 0.15802001953125 0.3109130859375
0.00925827026367188 -0.0135345458984375 0.31854248046875 0.067138671875
0.0334281921386719 -0.0157337188720703 -0.313446044921875 -0.0887451171875001
0.0148239135742188 -0.00054168701171875 -0.15985107421875 -0.332855224609375
0.0204372406005859 0.0157928466796875 0.20538330078125 -0.423736572265625
-0.00213813781738281 0.0313701629638672 0.6236572265625 -0.17852783203125
-0.0330162048339844 -0.00316238403320313 0.576416015625 0.48779296875
-0.000415802001953126 -0.0634384155273438 0.0405883789062501 0.86810302734375
0.038330078125 -0.0183219909667969 -0.364959716796875 0.52777099609375
0.0636520385742188 0.0145645141601563 0.0182533264160156 0.0485115051269531
0.0375595092773438 -0.0118484497070313 0.476531982421875 -0.49755859375
0.0304298400878906 -0.0262355804443359 0.0769653320312501 -0.92034912109375
-0.00678110122680664 -0.00684642791748047 -0.65185546875 -0.49835205078125
-0.0181713104248047 0.00637054443359375 -0.62384033203125 0.20635986328125
0.0129013061523438 0.0082244873046875 -0.22869873046875 0.44439697265625
0.00730705261230469 -0.000547885894775391 0.146026611328125 0.306243896484375
0.007598876953125 -0.0218276977539063 0.3128662109375 0.0679931640625
0.0305328369140625 -0.0115127563476563 -0.308685302734375 -0.0816040039062499
0.0167407989501953 0.000652313232421875 -0.1568603515625 -0.328521728515625
0.0179901123046875 0.0155506134033203 0.20355224609375 -0.423431396484375
-0.00408554077148438 0.0327835083007813 0.61865234375 -0.18304443359375
-0.0347785949707031 -0.00185012817382812 0.572021484375 0.4859619140625
-0.000164031982421878 -0.0617103576660156 0.04388427734375 0.87359619140625
0.0359611511230469 -0.0144767761230469 -0.367523193359375 0.5377197265625
0.0601158142089844 0.0171699523925781 0.0109214782714844 0.0550956726074219
0.0382766723632813 -0.008819580078125 0.480255126953125 -0.490753173828125
0.0299758911132813 -0.0252571105957031 0.0893554687500001 -0.92242431640625
-0.00779438018798828 -0.0076899528503418 -0.64349365234375 -0.50982666015625
-0.0205440521240234 0.00606346130371094 -0.63128662109375 0.197998046875
0.0111970901489258 0.00944042205810547 -0.233917236328125 0.43988037109375
0.00868368148803711 0.000712394714355469 0.1494140625 0.305572509765625
0.00866413116455078 -0.0163173675537109 0.31304931640625 0.07208251953125
0.028839111328125 -0.00811004638671875 -0.306854248046875 -0.0780029296875001
0.0199089050292969 0.00265312194824219 -0.155792236328125 -0.3243408203125
0.0183734893798828 0.0140800476074219 0.20269775390625 -0.423492431640625
-0.00376701354980468 0.0322132110595703 0.61492919921875 -0.1865234375
-0.0332393646240234 -0.00143623352050782 0.57196044921875 0.47894287109375
-0.0027008056640625 -0.0584220886230469 0.0442504882812499 0.87255859375
0.0321388244628906 -0.009979248046875 -0.369659423828125 0.542449951171875
0.0550079345703125 0.021331787109375 0.00549316406250001 0.0609588623046875
0.0326671600341797 -0.00427627563476563 0.477264404296875 -0.480926513671875
0.0289897918701172 -0.0220298767089844 0.0906982421875 -0.91705322265625
-0.00696372985839844 -0.00714397430419922 -0.64337158203125 -0.51068115234375
-0.0211124420166016 0.00557136535644532 -0.631591796875 0.1944580078125
0.0121612548828125 0.00768470764160156 -0.2330322265625 0.439666748046875
0.0117893218994141 0.000983238220214844 0.14984130859375 0.312469482421875
0.00746822357177734 -0.0127735137939453 0.3157958984375 0.076873779296875
0.028717041015625 -0.00565528869628906 -0.302276611328125 -0.0781555175781251
0.0227699279785156 0.00226211547851563 -0.152191162109375 -0.3211669921875
0.0197525024414063 0.0126209259033203 0.20660400390625 -0.421875
-0.00299263000488281 0.0307865142822266 0.61627197265625 -0.1864013671875
-0.0332832336425781 0.000219345092773438 0.57183837890625 0.483642578125
-0.0031280517578125 -0.0530509948730469 0.0422973632812499 0.87860107421875
0.0275058746337891 -0.00267982482910156 -0.371002197265625 0.546539306640625
0.046234130859375 0.0271186828613281 0.0034942626953125 0.0629234313964844
0.0264358520507813 0.00160026550292969 0.474151611328125 -0.481170654296875
0.0269374847412109 -0.0162601470947266 0.0866088867187501 -0.91705322265625
-0.00666666030883789 -0.00546121597290039 -0.64739990234375 -0.51141357421875
-0.0190849304199219 0.00441741943359375 -0.63427734375 0.19427490234375
0.0132989883422852 0.00670242309570313 -0.229766845703125 0.44073486328125
0.0140314102172852 0.0005340576171875 0.15008544921875 0.3123779296875
0.00831222534179688 -0.00920963287353516 0.315582275390625 0.07891845703125
0.0276508331298828 -0.00471687316894531 -0.30029296875 -0.0782470703125
0.0255699157714844 0.00218963623046875 -0.150146484375 -0.318817138671875
0.0227451324462891 0.0101795196533203 0.212005615234375 -0.41851806640625
-0.000400543212890622 0.0312671661376953 0.6173095703125 -0.17926025390625
-0.0318355560302734 0.00139808654785156 0.561492919921875 0.488250732421875
-0.00558853149414063 -0.0458030700683594 0.0305786132812499 0.8798828125
0.0205135345458984 0.00448989868164063 -0.377166748046875 0.544281005859375
0.0362358093261719 0.0301742553710937 0.003387451171875 0.0617790222167969
0.0186767578125 0.0085601806640625 0.471343994140625 -0.480804443359375
0.02264404296875 -0.00908088684082031 0.0800781250000001 -0.91363525390625
-0.00636148452758789 -0.00280904769897461 -0.6468505859375 -0.5040283203125
-0.0158510208129883 0.00266361236572265 -0.630126953125 0.197021484375
0.0172176361083984 0.00534248352050781 -0.226104736328125 0.4420166015625
0.0174579620361328 -0.000537872314453125 0.152740478515625 0.313201904296875
0.00757455825805664 -0.00775432586669922 0.3167724609375 0.0799560546875
0.0282707214355469 -0.00611305236816406 -0.30023193359375 -0.081573486328125
0.028228759765625 -0.0001068115234375 -0.149932861328125 -0.320037841796875
0.0264549255371094 0.00866127014160156 0.21734619140625 -0.414642333984375
0.0035400390625 0.0286445617675781 0.62158203125 -0.1724853515625
-0.03057861328125 0.00383949279785156 0.5599365234375 0.498931884765625
-0.008392333984375 -0.0394630432128906 0.0191650390625001 0.88458251953125
0.014195442199707 0.0115509033203125 -0.3812255859375 0.542510986328125
0.0286331176757813 0.0353240966796875 0.00751495361328125 0.0580253601074219
0.0115814208984375 0.0153226852416992 0.467041015625 -0.488006591796875
0.0192127227783203 -0.00329017639160156 0.0671386718749999 -0.91546630859375
-0.00505542755126953 -0.000272750854492187 -0.65496826171875 -0.49285888671875
-0.0119123458862305 0.00176811218261719 -0.62646484375 0.20684814453125
0.0211830139160156 0.0046539306640625 -0.2225341796875 0.446990966796875
0.0194816589355469 -0.00201797485351563 0.155364990234375 0.3125
0.00974369049072266 -0.00844192504882813 0.31756591796875 0.076568603515625
0.0286006927490234 -0.00757598876953125 -0.30145263671875 -0.0859985351562499
0.0289726257324219 -0.00215530395507813 -0.148681640625 -0.319122314453125
0.0307826995849609 0.00672721862792969 0.223297119140625 -0.408233642578125
0.00731849670410157 0.0274906158447266 0.62738037109375 -0.1585693359375
-0.0295810699462891 0.00568962097167968 0.551788330078125 0.510467529296875
-0.0103206634521484 -0.0342159271240234 0.00256347656249993 0.8865966796875
0.0087890625 0.0171794891357422 -0.386627197265625 0.53289794921875
0.0226669311523438 0.0376510620117188 0.0128517150878906 0.0538825988769531
0.00525283813476562 0.019683837890625 0.46502685546875 -0.49578857421875
0.0157508850097656 0.00205039978027344 0.0537109375 -0.9146728515625
-0.00310039520263672 0.00198841094970703 -0.66143798828125 -0.479248046875
-0.00723648071289062 -0.000327587127685548 -0.6195068359375 0.21905517578125
0.0254096984863281 0.00283241271972656 -0.2159423828125 0.452392578125
0.0205974578857422 -0.00422096252441406 0.157073974609375 0.3106689453125
0.0093994140625 -0.00954341888427735 0.3179931640625 0.07177734375
0.0283641815185547 -0.0106678009033203 -0.30462646484375 -0.091796875
0.0297870635986328 -0.0041046142578125 -0.14984130859375 -0.322906494140625
0.0351390838623047 0.00526046752929688 0.22979736328125 -0.403961181640625
0.0115528106689453 0.0258464813232422 0.63348388671875 -0.1475830078125
-0.0296478271484375 0.00639724731445312 0.544189453125 0.522979736328125
-0.0124988555908203 -0.0311374664306641 -0.0106811523437499 0.88568115234375
0.00477027893066406 0.0200634002685547 -0.39093017578125 0.5247802734375
0.0190963745117187 0.0384368896484375 0.0218086242675781 0.0465011596679688
0.00154685974121094 0.0218029022216797 0.4613037109375 -0.50677490234375
0.0134553909301758 0.00567150115966797 0.03955078125 -0.9150390625
-0.00132513046264648 0.00482463836669922 -0.66656494140625 -0.46539306640625
-0.0030663013458252 -0.00183272361755371 -0.61328125 0.23028564453125
0.0294780731201172 0.00189590454101563 -0.208221435546875 0.455963134765625
0.0213890075683594 -0.00745010375976563 0.15869140625 0.30810546875
0.00872039794921875 -0.0130319595336914 0.31756591796875 0.065765380859375
0.0328044891357422 -0.0162143707275391 -0.31195068359375 -0.08758544921875
0.0138769149780273 -0.000337600708007812 -0.15985107421875 -0.32843017578125
0.0203838348388672 0.014923095703125 0.203399658203125 -0.418426513671875
-0.00160980224609375 0.0315341949462891 0.61993408203125 -0.1776123046875
-0.0336875915527344 -0.00275993347167968 0.57269287109375 0.48675537109375
-0.00174713134765626 -0.0630912780761719 0.04144287109375 0.8629150390625
0.037689208984375 -0.0179481506347656 -0.364227294921875 0.52618408203125
0.0632896423339844 0.0149688720703125 0.0171890258789063 0.0488777160644531
0.0386009216308594 -0.0107803344726563 0.473602294921875 -0.49395751953125
0.0301666259765625 -0.0263290405273438 0.0760498046875 -0.9163818359375
-0.00669050216674805 -0.00722789764404297 -0.64971923828125 -0.4923095703125
-0.0190639495849609 0.00670051574707032 -0.62115478515625 0.207275390625
0.0129871368408203 0.00832462310791016 -0.22552490234375 0.441650390625
0.00800371170043945 -0.000788688659667969 0.146636962890625 0.303924560546875
0.00728225708007812 -0.0217914581298828 0.31097412109375 0.066558837890625
0.0300617218017578 -0.0111560821533203 -0.30706787109375 -0.080078125
0.0164756774902344 0.00143051147460938 -0.157135009765625 -0.323883056640625
0.018310546875 0.0162239074707031 0.2021484375 -0.4193115234375
-0.00341987609863281 0.0323219299316406 0.61590576171875 -0.1817626953125
-0.0338115692138672 -0.0023651123046875 0.5704345703125 0.482666015625
-0.000888824462890624 -0.0616264343261719 0.044921875 0.8692626953125
0.0359725952148438 -0.0144691467285156 -0.36541748046875 0.536407470703125
0.0597496032714844 0.0179252624511719 0.0106086730957031 0.0552749633789063
0.0375099182128906 -0.00780868530273438 0.476409912109375 -0.487640380859375
0.0308990478515625 -0.0246086120605469 0.0872192382812499 -0.91864013671875
-0.00755071640014649 -0.00852632522583008 -0.63995361328125 -0.50555419921875
-0.0209941864013672 0.00605964660644532 -0.6258544921875 0.1973876953125
0.0104875564575195 0.008392333984375 -0.2298583984375 0.4378662109375
0.00863790512084961 0.000163078308105469 0.148345947265625 0.3038330078125
0.00758266448974609 -0.0159797668457031 0.311676025390625 0.071258544921875
0.0291614532470703 -0.00922012329101563 -0.306549072265625 -0.0751953124999999
0.0201416015625 0.00220489501953125 -0.1556396484375 -0.31976318359375
0.0180034637451172 0.0135097503662109 0.20172119140625 -0.421112060546875
-0.0033416748046875 0.0321388244628906 0.61175537109375 -0.187744140625
-0.0349693298339844 -0.000638961791992195 0.56817626953125 0.4752197265625
-0.00160598754882812 -0.0586471557617188 0.044677734375 0.86883544921875
0.0327968597412109 -0.0102443695068359 -0.368438720703125 0.540313720703125
0.0546302795410156 0.02178955078125 0.00549697875976563 0.0600738525390625
0.0333232879638672 -0.003662109375 0.47332763671875 -0.477264404296875
0.0283756256103516 -0.0217056274414063 0.0907592773437501 -0.90997314453125
-0.0077357292175293 -0.0081629753112793 -0.64166259765625 -0.50830078125
-0.0208969116210938 0.00618362426757813 -0.62762451171875 0.1922607421875
0.011383056640625 0.00681400299072266 -0.229766845703125 0.436279296875
0.0126552581787109 0.00112438201904297 0.150726318359375 0.309539794921875
0.00652885437011719 -0.0116043090820313 0.314117431640625 0.074920654296875
0.0282573699951172 -0.00625228881835938 -0.301177978515625 -0.074981689453125
0.022857666015625 0.00173568725585937 -0.15167236328125 -0.31683349609375
0.0205287933349609 0.0121955871582031 0.206207275390625 -0.419281005859375
-0.00184822082519531 0.0307064056396484 0.61065673828125 -0.18731689453125
-0.0332279205322266 0.000684738159179692 0.568115234375 0.48089599609375
-0.00395202636718751 -0.0531806945800781 0.0434570312499999 0.873779296875
0.0265388488769531 -0.00279998779296875 -0.3692626953125 0.54290771484375
0.0459823608398437 0.0260772705078125 0.00255584716796875 0.0624580383300781
0.0263595581054688 0.00268936157226563 0.469451904296875 -0.47705078125
0.0265712738037109 -0.0166435241699219 0.086181640625 -0.9110107421875
-0.00674724578857422 -0.00569629669189453 -0.64263916015625 -0.50738525390625
-0.0192584991455078 0.00403213500976562 -0.62933349609375 0.193603515625
0.0139713287353516 0.00614547729492187 -0.227142333984375 0.43804931640625
0.0154619216918945 0.000287055969238281 0.15118408203125 0.310791015625
0.00745391845703125 -0.00893878936767578 0.314361572265625 0.077606201171875
0.0278072357177734 -0.00589752197265625 -0.2999267578125 -0.0760498046875
0.0248508453369141 0.000867843627929687 -0.150054931640625 -0.316314697265625
0.022796630859375 0.01123046875 0.209869384765625 -0.41448974609375
0.000478744506835941 0.0294418334960937 0.6142578125 -0.178466796875
-0.0308036804199219 0.00134468078613281 0.56085205078125 0.487823486328125
-0.00668716430664063 -0.0465583801269531 0.03179931640625 0.87445068359375
0.0206356048583984 0.005340576171875 -0.375885009765625 0.54071044921875
0.03759765625 0.0312271118164063 0.0025634765625 0.0615882873535156
0.0196094512939453 0.00945472717285156 0.468719482421875 -0.477325439453125
0.0240097045898438 -0.00932693481445313 0.0819091796875 -0.90899658203125
-0.0070338249206543 -0.00288677215576172 -0.64599609375 -0.50091552734375
-0.0162172317504883 0.0025482177734375 -0.6241455078125 0.196533203125
0.0178718566894531 0.00543403625488281 -0.22528076171875 0.44024658203125
0.0171432495117188 0.000108718872070313 0.1513671875 0.311370849609375
0.00727462768554687 -0.00674867630004883 0.315460205078125 0.077880859375
0.0271682739257812 -0.00614738464355469 -0.299652099609375 -0.0797119140625
0.0273551940917969 -0.000492095947265625 -0.149688720703125 -0.315673828125
0.0268287658691406 0.00776481628417969 0.214141845703125 -0.411468505859375
0.00360298156738282 0.0273933410644531 0.61773681640625 -0.1708984375
-0.0305805206298828 0.00356292724609375 0.556060791015625 0.4967041015625
-0.00883865356445312 -0.0400505065917969 0.0199584960937501 0.8795166015625
0.0143222808837891 0.0113391876220703 -0.37982177734375 0.539520263671875
0.0293998718261719 0.0351181030273438 0.00648880004882813 0.0590972900390625
0.0114278793334961 0.0149431228637695 0.463104248046875 -0.48431396484375
0.0195159912109375 -0.00310325622558594 0.0667114257812499 -0.9124755859375
-0.00487804412841797 -0.000450611114501952 -0.65118408203125 -0.49053955078125
-0.0121755599975586 0.00201511383056641 -0.62188720703125 0.20654296875
0.0215778350830078 0.00429916381835937 -0.218505859375 0.444732666015625
0.0194149017333984 -0.00209808349609375 0.1534423828125 0.311187744140625
0.00856637954711914 -0.007965087890625 0.316314697265625 0.075714111328125
0.0276546478271484 -0.00657844543457031 -0.299835205078125 -0.08416748046875
0.0279655456542969 -0.00260353088378906 -0.149017333984375 -0.31622314453125
0.0316143035888672 0.00585365295410156 0.22113037109375 -0.4061279296875
0.00829887390136719 0.0265102386474609 0.6240234375 -0.159423828125
-0.0294628143310547 0.00553512573242188 0.54852294921875 0.50762939453125
-0.0105457305908203 -0.0343093872070313 0.00476074218750005 0.88037109375
0.00818157196044922 0.0174942016601563 -0.384979248046875 0.531707763671875
0.0225715637207031 0.0391311645507813 0.0130157470703125 0.053375244140625
0.00623130798339844 0.0202770233154297 0.459808349609375 -0.492401123046875
0.015894889831543 0.00282573699951172 0.0526123046874999 -0.90924072265625
-0.00276708602905273 0.00231647491455078 -0.65869140625 -0.4764404296875
-0.0077815055847168 -0.00035381317138672 -0.6148681640625 0.2181396484375
0.0251884460449219 0.00223159790039063 -0.2120361328125 0.448516845703125
0.0210628509521484 -0.00533103942871094 0.157501220703125 0.308563232421875
0.00812625885009766 -0.00969028472900391 0.317047119140625 0.07000732421875
0.0280914306640625 -0.0105571746826172 -0.304443359375 -0.0906982421874999
0.0293083190917969 -0.00377273559570313 -0.14996337890625 -0.3179931640625
0.0357933044433594 0.00507354736328125 0.227935791015625 -0.401275634765625
0.0118770599365234 0.0263404846191406 0.6307373046875 -0.1466064453125
-0.0289688110351562 0.00637054443359376 0.541595458984375 0.518768310546875
-0.0126113891601562 -0.0308685302734375 -0.01220703125 0.88067626953125
0.00539970397949219 0.0197067260742188 -0.387939453125 0.5223388671875
0.0189094543457031 0.0383110046386719 0.0203170776367187 0.0456886291503906
0.00202751159667969 0.0227756500244141 0.458251953125 -0.504119873046875
0.0130910873413086 0.00626087188720703 0.0394287109375 -0.909912109375
-0.00134873390197754 0.00371026992797852 -0.66229248046875 -0.46124267578125
-0.00348901748657227 -0.0017085075378418 -0.6087646484375 0.2291259765625
0.0289974212646484 0.00168800354003906 -0.204925537109375 0.453155517578125
0.0209751129150391 -0.00715065002441406 0.158233642578125 0.3056640625
0.00832939147949219 -0.0132026672363281 0.316192626953125 0.064056396484375
0.0323581695556641 -0.016632080078125 -0.31085205078125 -0.086273193359375
0.0137910842895508 -0.000377655029296875 -0.16064453125 -0.326507568359375
0.0206527709960938 0.0154991149902344 0.201904296875 -0.415191650390625
-0.000928878784179685 0.0320224761962891 0.61663818359375 -0.17694091796875
-0.0334720611572266 -0.00205039978027343 0.57000732421875 0.48504638671875
-0.00173187255859375 -0.0634727478027344 0.04083251953125 0.8590087890625
0.0373954772949219 -0.0173301696777344 -0.361663818359375 0.522491455078125
0.0642738342285156 0.0150794982910156 0.0163764953613281 0.0484085083007813
0.0393028259277344 -0.0112495422363281 0.4725341796875 -0.4912109375
0.0305881500244141 -0.0269622802734375 0.07562255859375 -0.9127197265625
-0.00667572021484375 -0.0073094367980957 -0.6431884765625 -0.49151611328125
-0.0184459686279297 0.00704574584960937 -0.61767578125 0.20477294921875
0.0129404067993164 0.00865936279296875 -0.22332763671875 0.439544677734375
0.00779247283935547 0.000182151794433594 0.1463623046875 0.303131103515625
0.00664901733398438 -0.0212078094482422 0.310211181640625 0.06536865234375
0.0310192108154297 -0.0123252868652344 -0.30670166015625 -0.07720947265625
0.0172300338745117 0.000708580017089844 -0.15716552734375 -0.320953369140625
0.0189647674560547 0.0166702270507813 0.201507568359375 -0.417266845703125
-0.00327682495117188 0.0316123962402344 0.61334228515625 -0.1824951171875
-0.0342559814453125 -0.00215911865234374 0.5667724609375 0.48138427734375
-0.0020599365234375 -0.0620765686035156 0.04205322265625 0.865478515625
0.0364036560058594 -0.0151939392089844 -0.3651123046875 0.533477783203125
0.060760498046875 0.01824951171875 0.00926589965820313 0.0547904968261719
0.0378494262695312 -0.00816726684570312 0.47430419921875 -0.484619140625
0.0309257507324219 -0.0256099700927734 0.0897827148437499 -0.913330078125
-0.00826835632324219 -0.00745487213134766 -0.63714599609375 -0.50262451171875
-0.0205001831054687 0.00649070739746094 -0.62255859375 0.19635009765625
0.0111455917358398 0.00830268859863281 -0.228057861328125 0.43463134765625
0.00938892364501953 -0.000220298767089844 0.148101806640625 0.302276611328125
0.00666522979736328 -0.0142316818237305 0.310577392578125 0.069305419921875
0.0289974212646484 -0.00966262817382813 -0.30548095703125 -0.07550048828125
0.0208988189697266 0.00245857238769531 -0.155548095703125 -0.31903076171875
0.0191783905029297 0.0146636962890625 0.201507568359375 -0.41796875
-0.00283622741699218 0.0320072174072266 0.60943603515625 -0.1864013671875
-0.0349407196044922 -0.00264167785644531 0.56842041015625 0.47589111328125
-0.00340652465820312 -0.0581893920898438 0.0430908203124999 0.86529541015625
0.0325965881347656 -0.00948715209960938 -0.3677978515625 0.538665771484375
0.0543785095214844 0.0215530395507813 0.00480270385742188 0.0601310729980469
0.03472900390625 -0.00258064270019531 0.47222900390625 -0.475067138671875
0.0294170379638672 -0.0211067199707031 0.0926513671874999 -0.908203125
-0.0067896842956543 -0.00697851181030273 -0.637939453125 -0.5054931640625
-0.0209426879882813 0.00503921508789063 -0.625732421875 0.19195556640625
0.0107889175415039 0.00577735900878906 -0.22698974609375 0.4339599609375
0.0116672515869141 -0.000371932983398438 0.150604248046875 0.306671142578125
0.00634670257568359 -0.0117435455322266 0.31390380859375 0.074005126953125
0.0286579132080078 -0.00654029846191406 -0.30084228515625 -0.0740661621093751
0.0224952697753906 0.00146675109863281 -0.1527099609375 -0.315582275390625
0.0209617614746094 0.0131130218505859 0.20404052734375 -0.416473388671875
-0.00133895874023437 0.0303611755371094 0.60955810546875 -0.1842041015625
-0.0325660705566406 0.000427246093750002 0.56475830078125 0.47869873046875
-0.00440979003906249 -0.0533332824707031 0.0424194335937499 0.86920166015625
0.0265159606933594 -0.00235748291015625 -0.368682861328125 0.541046142578125
0.0469207763671875 0.0259437561035156 0.00163650512695313 0.0623703002929688
0.0264682769775391 0.00352859497070313 0.46929931640625 -0.4727783203125
0.0273933410644531 -0.0164146423339844 0.08831787109375 -0.90692138671875
-0.00640678405761719 -0.00605344772338867 -0.64056396484375 -0.50494384765625
-0.0197029113769531 0.00432586669921875 -0.62603759765625 0.19158935546875
0.0130071640014648 0.00579166412353516 -0.22509765625 0.43499755859375
0.0142736434936523 -0.000354766845703125 0.151092529296875 0.30914306640625
0.00669384002685547 -0.00807809829711914 0.314666748046875 0.076202392578125
0.0275554656982422 -0.00690650939941406 -0.299560546875 -0.0743408203125
0.0261478424072266 0.00049591064453125 -0.149078369140625 -0.313751220703125
0.0231246948242188 0.0100269317626953 0.210296630859375 -0.412109375
0.00151824951171875 0.0304088592529297 0.61346435546875 -0.17626953125
-0.0323734283447266 0.00168037414550782 0.557159423828125 0.48583984375
-0.00580596923828125 -0.0464286804199219 0.02880859375 0.87017822265625
0.0202770233154297 0.00521087646484375 -0.37493896484375 0.539794921875
0.0370750427246094 0.0313987731933594 0.00262069702148438 0.0613174438476563
0.0195522308349609 0.00974464416503906 0.466339111328125 -0.47344970703125
0.0224456787109375 -0.00850677490234375 0.0831298828125 -0.906982421875
-0.00585556030273438 -0.00299978256225586 -0.64251708984375 -0.4989013671875
-0.0153903961181641 0.00390625 -0.62261962890625 0.19598388671875
0.0153293609619141 0.00482082366943359 -0.222137451171875 0.4366455078125
0.0171728134155273 -0.000143051147460937 0.152496337890625 0.31024169921875
0.00658988952636719 -0.00651025772094726 0.314849853515625 0.077178955078125
0.0282993316650391 -0.0063934326171875 -0.298614501953125 -0.078704833984375
0.0276203155517578 0.000211715698242188 -0.14862060546875 -0.3121337890625
0.0269794464111328 0.00825691223144531 0.213531494140625 -0.408294677734375
0.00536537170410156 0.0287399291992188 0.61688232421875 -0.16949462890625
-0.0305385589599609 0.00517463684082031 0.5531005859375 0.495025634765625
-0.00881958007812501 -0.0405731201171875 0.0188598632812499 0.87530517578125
0.0145292282104492 0.0126705169677734 -0.378753662109375 0.537017822265625
0.0293846130371094 0.0355033874511719 0.00582504272460938 0.058502197265625
0.0127496719360352 0.0146303176879883 0.462554931640625 -0.481292724609375
0.0199642181396484 -0.00353050231933594 0.06707763671875 -0.90771484375
-0.00423192977905273 -0.00102353096008301 -0.647216796875 -0.48785400390625
-0.0114765167236328 0.00226116180419922 -0.61895751953125 0.20550537109375
0.0218963623046875 0.00354766845703125 -0.21734619140625 0.442962646484375
0.0197334289550781 -0.002655029296875 0.15472412109375 0.31036376953125
0.00710296630859375 -0.00711297988891602 0.3150634765625 0.073944091796875
0.0277366638183594 -0.00770378112792969 -0.29937744140625 -0.082977294921875
0.0289230346679688 -0.00224876403808594 -0.14794921875 -0.31182861328125
0.0315761566162109 0.00560951232910156 0.22125244140625 -0.402557373046875
0.00865364074707031 0.0275154113769531 0.6226806640625 -0.15692138671875
-0.0291271209716797 0.00580406188964844 0.547454833984375 0.505767822265625
-0.011627197265625 -0.0352554321289063 0.00335693359375009 0.87628173828125
0.009063720703125 0.0178565979003906 -0.3828125 0.528228759765625
0.0229263305664063 0.0382652282714844 0.0120201110839844 0.0531158447265625
0.00644111633300781 0.0213222503662109 0.458984375 -0.488494873046875
0.0158929824829102 0.00195598602294922 0.05328369140625 -0.90533447265625
-0.0038602352142334 0.00155019760131836 -0.65380859375 -0.47601318359375
-0.00677585601806641 0.000565052032470704 -0.61199951171875 0.2171630859375
0.0257987976074219 0.00330734252929688 -0.20965576171875 0.446746826171875
0.0203018188476563 -0.00404167175292969 0.155364990234375 0.3072509765625
0.00800132751464844 -0.00903034210205078 0.31671142578125 0.068878173828125
0.0281009674072266 -0.0110263824462891 -0.304443359375 -0.08837890625
0.0295772552490234 -0.00498580932617188 -0.149688720703125 -0.315093994140625
0.0352401733398438 0.00458145141601563 0.225860595703125 -0.3975830078125
0.012542724609375 0.0266952514648438 0.627197265625 -0.1458740234375
-0.0279827117919922 0.00584793090820312 0.53826904296875 0.518157958984375
-0.0131511688232422 -0.0306377410888672 -0.01068115234375 0.87493896484375
0.00578880310058594 0.0209503173828125 -0.38751220703125 0.52020263671875
0.0195655822753906 0.0386734008789063 0.0187492370605469 0.0460968017578125
0.00294113159179688 0.023712158203125 0.45709228515625 -0.500030517578125
0.0134544372558594 0.00547027587890625 0.040283203125 -0.9083251953125
-0.00176572799682617 0.00411510467529297 -0.65924072265625 -0.45916748046875
-0.00319361686706543 -0.000938653945922852 -0.60540771484375 0.22833251953125
0.0291423797607422 0.000978469848632813 -0.202545166015625 0.45013427734375
0.0213184356689453 -0.00622367858886719 0.157989501953125 0.304779052734375
0.00693130493164062 -0.0119638442993164 0.31561279296875 0.06396484375
0.0322704315185547 -0.0172805786132813 -0.311309814453125 -0.083587646484375
0.0143032073974609 -0.00030517578125 -0.159820556640625 -0.324188232421875
0.0201606750488281 0.0156726837158203 0.203094482421875 -0.413055419921875
-0.000106811523437498 0.0315704345703125 0.6165771484375 -0.17535400390625
-0.0334815979003906 -0.00151252746582031 0.5692138671875 0.48590087890625
-0.00226211547851563 -0.0635833740234375 0.0383300781250001 0.8560791015625
0.03759765625 -0.0180473327636719 -0.362884521484375 0.521636962890625
0.06439208984375 0.0145683288574219 0.015228271484375 0.0484161376953125
0.0396881103515625 -0.01043701171875 0.471527099609375 -0.488372802734375
0.0310993194580078 -0.025726318359375 0.077880859375 -0.9093017578125
-0.00663089752197265 -0.00725936889648438 -0.6417236328125 -0.4903564453125
-0.0182418823242188 0.00768852233886718 -0.6160888671875 0.20465087890625
0.0131607055664062 0.00704002380371094 -0.22174072265625 0.4373779296875
0.00734519958496094 -0.00132942199707031 0.146270751953125 0.302032470703125
0.00597381591796875 -0.0202217102050781 0.310577392578125 0.06500244140625
0.0299949645996094 -0.0119991302490234 -0.30633544921875 -0.07708740234375
0.0171642303466797 0.000621795654296875 -0.15655517578125 -0.31878662109375
0.0190505981445313 0.0152015686035156 0.200958251953125 -0.414794921875
-0.00196266174316406 0.0323867797851563 0.61065673828125 -0.17901611328125
-0.0335311889648438 -0.0020751953125 0.56634521484375 0.4822998046875
-0.00225067138671874 -0.0628089904785156 0.0406494140625 0.86358642578125
0.0360794067382813 -0.0145339965820313 -0.3673095703125 0.532318115234375
0.060760498046875 0.0178756713867187 0.00790405273437501 0.0558853149414062
0.0378875732421875 -0.00697708129882813 0.473663330078125 -0.480926513671875
0.0305900573730469 -0.0245990753173828 0.0903320312499999 -0.91082763671875
-0.00683355331420899 -0.00758886337280273 -0.6343994140625 -0.5013427734375
-0.019927978515625 0.00726509094238282 -0.62115478515625 0.19500732421875
0.0105037689208984 0.00835037231445313 -0.226898193359375 0.433807373046875
0.00880718231201172 0.000230789184570313 0.14752197265625 0.3023681640625
0.00572872161865234 -0.0146398544311523 0.310791015625 0.068084716796875
0.0286998748779297 -0.00963592529296875 -0.30413818359375 -0.07403564453125
0.0198154449462891 0.00169944763183594 -0.155731201171875 -0.315460205078125
0.0190639495849609 0.0145416259765625 0.200836181640625 -0.414825439453125
-0.00208663940429687 0.0318965911865234 0.60748291015625 -0.1859130859375
-0.0327377319335938 -0.00165557861328126 0.5648193359375 0.47503662109375
-0.00258636474609375 -0.0579757690429687 0.04132080078125 0.8614501953125
0.0321540832519531 -0.00894927978515625 -0.369781494140625 0.535369873046875
0.0552406311035156 0.0215873718261719 0.0029296875 0.0609130859375
0.0339107513427734 -0.00176239013671875 0.471405029296875 -0.472259521484375
0.0301475524902344 -0.0212974548339844 0.0943603515625001 -0.90655517578125
-0.00789403915405274 -0.00754833221435547 -0.63323974609375 -0.50335693359375
-0.0206394195556641 0.00852012634277343 -0.62298583984375 0.19073486328125
0.0116739273071289 0.006805419921875 -0.22613525390625 0.43206787109375
0.0121536254882813 0.000363349914550781 0.150360107421875 0.30859375
0.0052652359008789 -0.0112028121948242 0.31353759765625 0.07525634765625
0.0279369354248047 -0.00782203674316406 -0.300537109375 -0.0726928710937501
0.0236682891845703 0.000926971435546875 -0.15045166015625 -0.3128662109375
0.0201473236083984 0.0133285522460937 0.20440673828125 -0.41375732421875
-0.00117111206054688 0.0311183929443359 0.60845947265625 -0.18402099609375
-0.0322780609130859 0.000671386718749997 0.5635986328125 0.48052978515625
-0.00477218627929688 -0.0537185668945313 0.041259765625 0.86767578125
0.0266933441162109 -0.00284194946289063 -0.369415283203125 0.53955078125
0.04693603515625 0.02642822265625 0.000797271728515634 0.0635757446289063
0.0274505615234375 0.00318717956542969 0.467681884765625 -0.472137451171875
0.0268993377685547 -0.0160026550292969 0.0878906250000001 -0.90716552734375
-0.00643110275268555 -0.00605297088623047 -0.63604736328125 -0.5062255859375
-0.0192985534667969 0.00580406188964844 -0.6239013671875 0.1912841796875
0.013371467590332 0.00587081909179688 -0.223175048828125 0.43414306640625
0.0149049758911133 -0.000213623046875 0.149749755859375 0.30938720703125
0.00650167465209961 -0.00809049606323242 0.3140869140625 0.07550048828125
0.0258350372314453 -0.00553703308105469 -0.29833984375 -0.0741577148437501
0.0264301300048828 -0.000799179077148437 -0.149749755859375 -0.310577392578125
0.0243721008300781 0.0102710723876953 0.20965576171875 -0.410552978515625
0.00093650817871094 0.0293598175048828 0.61187744140625 -0.1751708984375
-0.0308647155761719 0.00163459777832032 0.5548095703125 0.486083984375
-0.00691986083984375 -0.0467491149902344 0.02813720703125 0.8695068359375
0.0208377838134766 0.00534820556640625 -0.37579345703125 0.537750244140625
0.0375900268554688 0.0316810607910156 0.00173568725585938 0.0628700256347656
0.0202503204345703 0.0101585388183594 0.46722412109375 -0.47039794921875
0.0229530334472656 -0.00961685180664063 0.0836791992187501 -0.90313720703125
-0.00577926635742188 -0.00237751007080078 -0.63897705078125 -0.4984130859375
-0.0164880752563477 0.0045318603515625 -0.61956787109375 0.1944580078125
0.0179004669189453 0.00463294982910156 -0.220306396484375 0.436920166015625
0.0168771743774414 -0.000993728637695313 0.153167724609375 0.310272216796875
0.00617885589599609 -0.00659751892089844 0.3134765625 0.076751708984375
0.0283012390136719 -0.00599098205566406 -0.298431396484375 -0.077301025390625
0.0280227661132812 -0.0016632080078125 -0.149322509765625 -0.3115234375
0.0272159576416016 0.00755119323730469 0.215850830078125 -0.406036376953125
0.00484085083007813 0.0270004272460937 0.61456298828125 -0.16717529296875
-0.0301494598388672 0.00343894958496093 0.551116943359375 0.495208740234375
-0.00978469848632813 -0.0407905578613281 0.01702880859375 0.87445068359375
0.0145664215087891 0.0113611221313477 -0.3778076171875 0.535430908203125
0.0300178527832031 0.0357170104980469 0.00432968139648438 0.0592918395996094
0.0125799179077148 0.016871452331543 0.461395263671875 -0.478851318359375
0.0196647644042969 -0.00297164916992187 0.0703125 -0.90625
-0.00410628318786621 -0.000736713409423828 -0.645751953125 -0.487060546875
-0.0111255645751953 0.00311088562011719 -0.61639404296875 0.2044677734375
0.0214118957519531 0.00335121154785156 -0.21563720703125 0.4404296875
0.0203037261962891 -0.00221061706542969 0.155181884765625 0.30963134765625
0.00597333908081055 -0.00687026977539062 0.3157958984375 0.0726318359375
0.0285491943359375 -0.00848388671875 -0.29888916015625 -0.0818786621093751
0.0292930603027344 -0.00253486633300781 -0.14697265625 -0.31085205078125
0.0319881439208984 0.00663185119628906 0.221405029296875 -0.400970458984375
0.00914764404296875 0.0274868011474609 0.6199951171875 -0.1553955078125
-0.0291233062744141 0.00555419921874999 0.54425048828125 0.505523681640625
-0.0122642517089844 -0.0361328125 0.00170898437500002 0.874755859375
0.00813674926757813 0.0182781219482422 -0.383819580078125 0.52520751953125
0.0236320495605469 0.0372200012207031 0.0109519958496094 0.0543136596679688
0.00609397888183594 0.0205745697021484 0.457489013671875 -0.488311767578125
0.0173110961914063 0.0021820068359375 0.0543212890625001 -0.906005859375
-0.0026702880859375 0.00198888778686523 -0.651611328125 -0.47528076171875
-0.0075678825378418 0.000773429870605469 -0.60821533203125 0.2156982421875
0.0258541107177734 0.00253486633300781 -0.20977783203125 0.444549560546875
0.0212726593017578 -0.00461196899414063 0.156494140625 0.306640625
0.00744533538818359 -0.00911140441894531 0.315277099609375 0.06878662109375
0.0278549194335938 -0.0109310150146484 -0.302734375 -0.0881347656250001
0.0299091339111328 -0.0052032470703125 -0.15032958984375 -0.312347412109375
0.0357475280761719 0.00523757934570312 0.227508544921875 -0.396453857421875
0.0128593444824219 0.0258121490478516 0.627197265625 -0.144287109375
-0.0290050506591797 0.00630187988281251 0.536529541015625 0.519439697265625
-0.0146255493164062 -0.0319938659667969 -0.0111694335937499 0.8746337890625
0.00562858581542969 0.0198078155517578 -0.38751220703125 0.518890380859375
0.0204734802246094 0.0378913879394531 0.0176887512207031 0.045318603515625
0.00348091125488281 0.0228366851806641 0.456207275390625 -0.498565673828125
0.013728141784668 0.00571155548095703 0.04193115234375 -0.90374755859375
-0.00189661979675293 0.0038607120513916 -0.6571044921875 -0.4586181640625
-0.00363063812255859 -0.000740289688110352 -0.602783203125 0.22613525390625
0.0295772552490234 0.000951766967773437 -0.202239990234375 0.44873046875
0.0205020904541016 -0.0076446533203125 0.1553955078125 0.303955078125
0.00740146636962891 -0.0119266510009766 0.315460205078125 0.061859130859375
0.0318775177001953 -0.01788330078125 -0.31121826171875 -0.084320068359375
0.0137567520141602 -0.000527381896972656 -0.158935546875 -0.322113037109375
0.0216274261474609 0.0152034759521484 0.202911376953125 -0.413116455078125
0.000873565673828123 0.0316600799560547 0.6162109375 -0.1728515625
-0.0332126617431641 -0.00298500061035157 0.56732177734375 0.4874267578125
-0.002044677734375 -0.0640373229980469 0.037353515625 0.85687255859375
0.0381851196289063 -0.0180778503417969 -0.364044189453125 0.52105712890625
0.0648231506347656 0.0145034790039062 0.0148353576660156 0.0494499206542969
0.0403366088867187 -0.0102386474609375 0.47119140625 -0.486083984375
0.0313148498535156 -0.0261611938476563 0.0802612304687499 -0.9093017578125
-0.00608348846435547 -0.00704765319824219 -0.63800048828125 -0.4925537109375
-0.020050048828125 0.00889396667480469 -0.6153564453125 0.20147705078125
0.0129566192626953 0.00704383850097656 -0.220855712890625 0.435394287109375
0.00785923004150391 -0.00117254257202148 0.145660400390625 0.301422119140625
0.00635337829589844 -0.0200576782226562 0.31085205078125 0.06475830078125
0.0298042297363281 -0.0126590728759766 -0.305877685546875 -0.07720947265625
0.0169887542724609 2.86102294921875E-06 -0.156890869140625 -0.317230224609375
0.0188827514648438 0.0157566070556641 0.201812744140625 -0.41400146484375
-0.00128364562988281 0.0327682495117187 0.61248779296875 -0.17926025390625
-0.0328464508056641 -0.00239753723144532 0.5653076171875 0.48297119140625
-0.00290298461914063 -0.0624809265136719 0.04010009765625 0.86260986328125
0.0369338989257813 -0.014617919921875 -0.3665771484375 0.53033447265625
0.0608940124511719 0.0180778503417969 0.00680923461914063 0.0551872253417969
0.0391387939453125 -0.00696182250976563 0.473297119140625 -0.47979736328125
0.0309371948242188 -0.0253219604492188 0.0942993164062501 -0.911376953125
-0.00745964050292969 -0.00831985473632813 -0.6328125 -0.50360107421875
-0.0204219818115234 0.00794219970703125 -0.6209716796875 0.19403076171875
0.0105428695678711 0.00872135162353516 -0.22442626953125 0.43267822265625
0.00966835021972656 -0.000828742980957031 0.148223876953125 0.301361083984375
0.0059967041015625 -0.0147190093994141 0.30999755859375 0.06890869140625
0.0285587310791016 -0.0102195739746094 -0.30413818359375 -0.07305908203125
0.0202465057373047 0.00156402587890625 -0.154571533203125 -0.314056396484375
0.0198135375976563 0.0139522552490234 0.201141357421875 -0.414886474609375
-0.00127220153808594 0.0314216613769531 0.60821533203125 -0.1824951171875
-0.0327949523925781 -0.00115013122558594 0.56298828125 0.47747802734375
-0.00307846069335937 -0.0591850280761719 0.0406494140625 0.86138916015625
0.0318756103515625 -0.00954055786132813 -0.3692626953125 0.533905029296875
0.0556449890136719 0.0221672058105469 0.00248336791992187 0.0615692138671875
0.0342426300048828 -0.00170707702636719 0.47100830078125 -0.470428466796875
0.0292472839355469 -0.0224990844726563 0.0963134765625 -0.90472412109375
-0.00776100158691406 -0.00759363174438476 -0.631103515625 -0.505126953125
-0.0211563110351563 0.00710678100585937 -0.621337890625 0.1885986328125
0.00996208190917969 0.00670528411865234 -0.225311279296875 0.430572509765625
0.0123128890991211 0.000359535217285156 0.149810791015625 0.307342529296875
0.00526809692382813 -0.0101823806762695 0.313140869140625 0.0738525390625
0.0276508331298828 -0.00794219970703125 -0.30108642578125 -0.0728149414062499
0.0238113403320312 0.00120925903320312 -0.151763916015625 -0.3106689453125
0.0216178894042969 0.01300048828125 0.20538330078125 -0.41326904296875
0.000431060791015622 0.0299644470214844 0.60760498046875 -0.18328857421875
-0.0326900482177734 -0.000144958496093744 0.56292724609375 0.48138427734375
-0.00587081909179688 -0.0538673400878906 0.0376586914062499 0.867919921875
0.0266571044921875 -0.00291633605957031 -0.371185302734375 0.5382080078125
0.0475502014160156 0.0271492004394531 -0.000240325927734373 0.0627098083496094
0.0282115936279297 0.00455856323242188 0.469451904296875 -0.46917724609375
0.0268630981445313 -0.0164260864257813 0.090576171875 -0.905517578125
-0.00635623931884766 -0.00551366806030273 -0.63470458984375 -0.5047607421875
-0.0185470581054688 0.00527000427246093 -0.622314453125 0.1888427734375
0.0141735076904297 0.00591564178466797 -0.2232666015625 0.432861328125
0.0143003463745117 -0.000815391540527344 0.150909423828125 0.30877685546875
0.00577354431152344 -0.00704860687255859 0.314300537109375 0.075958251953125
0.0271968841552734 -0.00655174255371094 -0.299591064453125 -0.07354736328125
0.0269107818603516 0.00064849853515625 -0.148956298828125 -0.309356689453125
0.0248622894287109 0.00992393493652344 0.208892822265625 -0.408233642578125
0.00131797790527344 0.0303096771240234 0.6112060546875 -0.17510986328125
-0.0302867889404297 0.00156974792480468 0.55426025390625 0.48785400390625
-0.00693511962890625 -0.0470199584960937 0.02813720703125 0.86871337890625
0.0203666687011719 0.00499725341796875 -0.376922607421875 0.53558349609375
0.038330078125 0.0312995910644531 0.000244140624999998 0.0620803833007813
0.0209636688232422 0.0104331970214844 0.46588134765625 -0.4688720703125
0.0247726440429687 -0.0102825164794922 0.085205078125 -0.9033203125
-0.00509357452392578 -0.00320291519165039 -0.63616943359375 -0.499755859375
-0.0153169631958008 0.00524139404296875 -0.617919921875 0.19219970703125
0.0170383453369141 0.00471019744873047 -0.22027587890625 0.433746337890625
0.0176467895507813 -0.00167274475097656 0.152740478515625 0.3094482421875
0.00567102432250977 -0.00525283813476563 0.314666748046875 0.076751708984375
0.0275096893310547 -0.00749969482421875 -0.29864501953125 -0.076171875
0.0282707214355469 -0.00258445739746094 -0.148468017578125 -0.310302734375
0.0285549163818359 0.00800514221191406 0.216033935546875 -0.405303955078125
0.00567054748535156 0.0283012390136719 0.614990234375 -0.16705322265625
-0.0308914184570312 0.00264358520507813 0.5509033203125 0.49774169921875
-0.00932693481445313 -0.0403480529785156 0.0159912109375 0.8741455078125
0.0146455764770508 0.0114164352416992 -0.3812255859375 0.5345458984375
0.0310173034667969 0.0358772277832031 0.00399017333984376 0.0584716796875
0.0142030715942383 0.0160655975341797 0.462799072265625 -0.4769287109375
0.0195350646972656 -0.00279808044433594 0.0720214843750001 -0.90423583984375
-0.00390553474426269 -0.000882387161254883 -0.64337158203125 -0.487548828125
-0.0117502212524414 0.00266265869140625 -0.61566162109375 0.201904296875
0.0205631256103516 0.00309181213378906 -0.21612548828125 0.438751220703125
0.0193901062011719 -0.00200843811035156 0.155303955078125 0.308868408203125
0.00600576400756836 -0.00580644607543945 0.315338134765625 0.0740966796875
0.0276336669921875 -0.00924491882324219 -0.298614501953125 -0.081451416015625
0.0288772583007813 -0.00392913818359375 -0.1475830078125 -0.30914306640625
0.0323371887207031 0.00694656372070312 0.22174072265625 -0.398773193359375
0.0104084014892578 0.0264968872070313 0.62109375 -0.15576171875
-0.0292129516601562 0.00522232055664063 0.5433349609375 0.50897216796875
-0.0121726989746094 -0.0355186462402344 0.000305175781250019 0.873779296875
0.00916862487792969 0.0184879302978516 -0.38568115234375 0.525604248046875
0.0242347717285156 0.03839111328125 0.008880615234375 0.0541419982910156
0.00699806213378906 0.0218276977539063 0.458099365234375 -0.485382080078125
0.0166740417480469 0.00251293182373047 0.0568847656249999 -0.90423583984375
-0.00353074073791504 0.00212860107421875 -0.6483154296875 -0.47625732421875
-0.00761222839355469 0.00135898590087891 -0.60797119140625 0.21490478515625
0.0255699157714844 0.00145721435546875 -0.208526611328125 0.443359375
0.021087646484375 -0.00453567504882813 0.15625 0.306427001953125
0.00748777389526367 -0.00738048553466797 0.31524658203125 0.06793212890625
0.0273399353027344 -0.0114040374755859 -0.3026123046875 -0.087554931640625
0.0287342071533203 -0.00529289245605469 -0.14892578125 -0.311309814453125
0.0364303588867188 0.00514602661132813 0.228179931640625 -0.3946533203125
0.0130062103271484 0.0268020629882813 0.62628173828125 -0.143310546875
-0.0278701782226563 0.00695610046386719 0.53607177734375 0.5206298828125
-0.0145969390869141 -0.0321998596191406 -0.01312255859375 0.87310791015625
0.00663185119628906 0.0204505920410156 -0.38946533203125 0.516876220703125
0.0208053588867187 0.0388565063476563 0.0167884826660156 0.0454826354980469
0.00389289855957031 0.0235099792480469 0.4569091796875 -0.495819091796875
0.0135765075683594 0.00585174560546875 0.0433959960937499 -0.9061279296875
-0.00162863731384277 0.00398707389831543 -0.65570068359375 -0.4595947265625
-0.00346660614013672 -0.000311851501464843 -0.60162353515625 0.2261962890625
0.0302410125732422 -0.000537872314453125 -0.2008056640625 0.446868896484375
0.0211296081542969 -0.007354736328125 0.157745361328125 0.305328369140625
0.00622272491455078 -0.0108728408813477 0.31500244140625 0.062286376953125
0.0310955047607422 -0.0174942016601563 -0.312530517578125 -0.0828857421875
0.0137624740600586 -0.000924110412597656 -0.1597900390625 -0.3216552734375
0.0212631225585938 0.0153255462646484 0.2041015625 -0.4124755859375
0.000722885131835939 0.0316982269287109 0.61627197265625 -0.1737060546875
-0.0334987640380859 -0.00327301025390626 0.56866455078125 0.48931884765625
-0.00279617309570313 -0.0644721984863281 0.0361328125 0.859619140625
0.0378532409667969 -0.0178451538085938 -0.36663818359375 0.521148681640625
0.0652503967285156 0.0157012939453125 0.0132102966308594 0.0492973327636719
0.041107177734375 -0.0100784301757812 0.4722900390625 -0.4847412109375
0.0308551788330078 -0.02630615234375 0.0826416015625 -0.9091796875
-0.0068817138671875 -0.00705099105834961 -0.637939453125 -0.491943359375
-0.0190162658691406 0.00873947143554687 -0.6162109375 0.20062255859375
0.0130462646484375 0.00644683837890625 -0.221343994140625 0.434600830078125
0.00707626342773438 -0.00172615051269531 0.14593505859375 0.302093505859375
0.00531578063964844 -0.0195159912109375 0.3115234375 0.065277099609375
0.0293502807617188 -0.0138359069824219 -0.305999755859375 -0.0763549804687499
0.0179042816162109 -0.00063323974609375 -0.156463623046875 -0.31658935546875
0.0202198028564453 0.0164299011230469 0.202667236328125 -0.41241455078125
-0.000621795654296877 0.0314655303955078 0.61260986328125 -0.17730712890625
-0.0339450836181641 -0.001800537109375 0.565673828125 0.48614501953125
-0.00275039672851562 -0.0620841979980469 0.0393066406249999 0.86370849609375
0.0365447998046875 -0.0141677856445313 -0.3675537109375 0.5311279296875
0.0624351501464844 0.0181465148925781 0.00586700439453126 0.0568695068359375
0.0393562316894531 -0.00751876831054688 0.477142333984375 -0.47906494140625
0.0313854217529297 -0.0244235992431641 0.0964355468750001 -0.9124755859375
-0.00708198547363281 -0.00887680053710938 -0.63018798828125 -0.50506591796875
-0.0205135345458984 0.00759506225585937 -0.6202392578125 0.1943359375
0.00991535186767578 0.00753307342529297 -0.22509765625 0.4307861328125
0.00891780853271484 -0.00131320953369141 0.147918701171875 0.30291748046875
0.00472259521484375 -0.0129318237304687 0.311492919921875 0.069305419921875
0.0272178649902344 -0.0115966796875 -0.305908203125 -0.07342529296875
0.0200271606445313 -4.76837158203125E-05 -0.153778076171875 -0.31353759765625
0.0201683044433594 0.0141105651855469 0.2030029296875 -0.412322998046875
-0.000888824462890623 0.0319156646728516 0.60858154296875 -0.18292236328125
-0.0319137573242188 -0.00227737426757812 0.56243896484375 0.47900390625
-0.00477218627929687 -0.0586166381835938 0.03790283203125 0.86322021484375
0.0315895080566406 -0.00913619995117188 -0.36962890625 0.535369873046875
0.0569572448730469 0.0229835510253906 0.00103759765625 0.0604476928710937
0.0352401733398438 -0.00117874145507812 0.473388671875 -0.468505859375
0.0303440093994141 -0.0221080780029297 0.0993041992187499 -0.90594482421875
-0.00628519058227539 -0.00760173797607422 -0.630615234375 -0.50714111328125
-0.0208377838134766 0.00730133056640625 -0.6229248046875 0.18853759765625
0.0108175277709961 0.00605869293212891 -0.22491455078125 0.43035888671875
0.010899543762207 -0.00101375579833984 0.15106201171875 0.307830810546875
0.00485515594482422 -0.00919532775878906 0.313140869140625 0.07440185546875
0.0274715423583984 -0.00896263122558594 -0.301361083984375 -0.0726318359375001
0.0234298706054688 0.00117683410644531 -0.152008056640625 -0.310577392578125
0.0213985443115234 0.0131950378417969 0.20623779296875 -0.412322998046875
-0.00049591064453125 0.0300865173339844 0.61016845703125 -0.18170166015625
-0.0322837829589844 -0.000495910644531246 0.5626220703125 0.48382568359375
-0.00618743896484374 -0.0549240112304687 0.0376586914062501 0.86944580078125
0.0272254943847656 -0.00176239013671875 -0.372100830078125 0.538604736328125
0.0482749938964844 0.0266456604003906 -0.00106430053710938 0.062744140625
0.0282535552978516 0.00431060791015625 0.467620849609375 -0.467498779296875
0.0280570983886719 -0.0170497894287109 0.093994140625 -0.90625
-0.00676631927490234 -0.005584716796875 -0.63409423828125 -0.5069580078125
-0.0191936492919922 0.00665283203125 -0.62255859375 0.1888427734375
0.0129718780517578 0.00536727905273438 -0.2235107421875 0.431793212890625
0.0146331787109375 0.000107765197753906 0.149993896484375 0.309356689453125
0.00487852096557617 -0.00643110275268555 0.314849853515625 0.075592041015625
0.0267925262451172 -0.00758171081542969 -0.298797607421875 -0.07293701171875
0.0269355773925781 0.000368118286132812 -0.148529052734375 -0.309326171875
0.0243320465087891 0.00995254516601563 0.211334228515625 -0.408599853515625
0.00179862976074219 0.0283927917480469 0.61187744140625 -0.173583984375
-0.0318450927734375 0.00167274475097657 0.5538330078125 0.48907470703125
-0.00874710083007813 -0.04693603515625 0.0253906249999999 0.86859130859375
0.0205936431884766 0.00487518310546875 -0.3782958984375 0.53515625
0.0391082763671875 0.031707763671875 -0.000480651855468752 0.0617828369140625
0.0202884674072266 0.0108985900878906 0.466644287109375 -0.46710205078125
0.0235443115234375 -0.0105724334716797 0.08758544921875 -0.90447998046875
-0.0054774284362793 -0.00398540496826172 -0.6343994140625 -0.49884033203125
-0.0165977478027344 0.00543689727783203 -0.61883544921875 0.1922607421875
0.0166158676147461 0.00351333618164062 -0.220428466796875 0.433197021484375
0.0174350738525391 -0.00135231018066406 0.152069091796875 0.310089111328125
0.00515842437744141 -0.00512504577636719 0.316009521484375 0.0760498046875
0.0276336669921875 -0.00719451904296875 -0.298553466796875 -0.07623291015625
0.0282936096191406 -0.00117683410644531 -0.14947509765625 -0.3096923828125
0.0285358428955078 0.00825119018554687 0.216766357421875 -0.404449462890625
0.00580024719238281 0.0283164978027344 0.61505126953125 -0.1658935546875
-0.0301570892333984 0.00387001037597657 0.551727294921875 0.49969482421875
-0.0105247497558594 -0.0409088134765625 0.014404296875 0.8748779296875
0.0156917572021484 0.0113353729248047 -0.383758544921875 0.534423828125
0.0309295654296875 0.0359725952148438 0.002532958984375 0.0587806701660156
0.0132408142089844 0.0177707672119141 0.462158203125 -0.475250244140625
0.0195713043212891 -0.00306129455566406 0.07318115234375 -0.90692138671875
-0.00436949729919434 -0.000543355941772461 -0.64263916015625 -0.490966796875
-0.012660026550293 0.0025177001953125 -0.6156005859375 0.20208740234375
0.0206089019775391 0.00303840637207031 -0.215789794921875 0.438140869140625
0.0201549530029297 -0.00297927856445313 0.153594970703125 0.31048583984375
0.00632238388061523 -0.00553607940673828 0.316070556640625 0.072723388671875
0.0277462005615234 -0.00936698913574219 -0.299652099609375 -0.0815429687500001
0.0299854278564453 -0.00406837463378906 -0.148681640625 -0.308135986328125
0.0331516265869141 0.00575828552246094 0.22369384765625 -0.3985595703125
0.0110950469970703 0.0268383026123047 0.6231689453125 -0.15460205078125
-0.0289535522460938 0.00564575195312499 0.544189453125 0.510772705078125
-0.01312255859375 -0.03570556640625 -0.00280761718750009 0.8756103515625
0.00937461853027344 0.0176219940185547 -0.386505126953125 0.526153564453125
0.024627685546875 0.0380630493164062 0.00876235961914063 0.0531082153320313
0.00909996032714844 0.0226993560791016 0.460723876953125 -0.485687255859375
0.0173501968383789 0.00182723999023438 0.0595703125000001 -0.9041748046875
-0.00246596336364746 0.00115752220153809 -0.64703369140625 -0.47601318359375
-0.00729799270629883 0.0014653205871582 -0.6090087890625 0.2138671875
0.0254383087158203 0.00107574462890625 -0.208709716796875 0.443023681640625
0.0198554992675781 -0.00514411926269531 0.1572265625 0.30706787109375
0.00642871856689453 -0.00719928741455078 0.31658935546875 0.06787109375
0.0266094207763672 -0.0122871398925781 -0.30316162109375 -0.086944580078125
0.0293331146240234 -0.00553131103515625 -0.1500244140625 -0.311370849609375
0.0373802185058594 0.00461196899414062 0.228912353515625 -0.393280029296875
0.0141353607177734 0.0267543792724609 0.6279296875 -0.14202880859375
-0.0284976959228516 0.007110595703125 0.53680419921875 0.521484375
-0.0143909454345703 -0.03271484375 -0.01654052734375 0.87579345703125
0.0057830810546875 0.0206699371337891 -0.390045166015625 0.515716552734375
0.0218887329101563 0.0400161743164063 0.0163955688476563 0.0468711853027344
0.00409317016601562 0.0249080657958984 0.45819091796875 -0.49383544921875
0.0135326385498047 0.00569248199462891 0.0457153320312499 -0.9068603515625
-0.00147008895874023 0.00385880470275879 -0.65423583984375 -0.46270751953125
-0.00289583206176758 0.000384807586669922 -0.60186767578125 0.22540283203125
0.0289268493652344 0.000219345092773438 -0.20086669921875 0.4454345703125
0.0215568542480469 -0.0074005126953125 0.1573486328125 0.304656982421875
0.00536918640136719 -0.0109109878540039 0.316162109375 0.061492919921875
0.0318069458007813 -0.0183982849121094 -0.3126220703125 -0.0828857421875
0.0149106979370117 -0.000935554504394531 -0.159942626953125 -0.320068359375
0.0219268798828125 0.0150146484375 0.2059326171875 -0.411956787109375
0.00324630737304688 0.0315780639648438 0.6199951171875 -0.17169189453125
-0.0337772369384766 -0.00232505798339844 0.56842041015625 0.4942626953125
-0.0023193359375 -0.0645523071289063 0.03448486328125 0.86053466796875
0.0371475219726563 -0.0162429809570313 -0.368804931640625 0.52166748046875
0.0657730102539063 0.0146598815917969 0.0133514404296875 0.0501823425292969
0.0421600341796875 -0.00870132446289063 0.473724365234375 -0.485015869140625
0.0313014984130859 -0.0259437561035156 0.0864868164062501 -0.91473388671875
-0.00633525848388672 -0.00686979293823242 -0.638916015625 -0.4947509765625
-0.0201282501220703 0.00925827026367187 -0.61614990234375 0.2021484375
0.0127372741699219 0.00714874267578125 -0.22149658203125 0.4354248046875
0.00631523132324219 -0.00177860260009766 0.147369384765625 0.302703857421875
0.00447845458984375 -0.0190238952636719 0.31256103515625 0.064605712890625
0.0300254821777344 -0.0143623352050781 -0.30889892578125 -0.07562255859375
0.0166501998901367 -0.00041961669921875 -0.15789794921875 -0.317352294921875
0.0202922821044922 0.0161552429199219 0.202972412109375 -0.413726806640625
-0.00119400024414062 0.0308990478515625 0.616455078125 -0.17742919921875
-0.0344181060791016 -0.00333595275878906 0.5670166015625 0.4896240234375
-0.00430679321289063 -0.0633583068847656 0.0374755859374999 0.86700439453125
0.0360603332519531 -0.013946533203125 -0.37249755859375 0.53057861328125
0.0646858215332031 0.0184593200683594 0.00611877441406251 0.0573883056640625
0.0399665832519531 -0.00678634643554688 0.477264404296875 -0.47772216796875
0.0323734283447266 -0.0257625579833984 0.0979003906250001 -0.915771484375
-0.0075979232788086 -0.00904464721679688 -0.63214111328125 -0.5076904296875
-0.0205326080322266 0.0079193115234375 -0.622314453125 0.19012451171875
0.0100603103637695 0.00628376007080078 -0.22576904296875 0.428863525390625
0.00895404815673828 -0.00143527984619141 0.148345947265625 0.301849365234375
0.00404167175292969 -0.0126399993896484 0.312835693359375 0.0687255859375
0.0274105072021484 -0.0124378204345703 -0.30712890625 -0.072723388671875
0.02056884765625 0.00197792053222656 -0.153167724609375 -0.312255859375
0.0214309692382813 0.0145359039306641 0.203857421875 -0.4127197265625
-0.000673294067382814 0.0307540893554687 0.61029052734375 -0.18243408203125
-0.0331172943115234 8.96453857421857E-05 0.5648193359375 0.481201171875
-0.00406265258789063 -0.0602912902832031 0.0377197265624999 0.86541748046875
0.0337486267089844 -0.00840950012207031 -0.37347412109375 0.534210205078125
0.0575027465820313 0.0217666625976563 0.000308990478515622 0.0624732971191406
0.0363578796386719 -0.00057220458984375 0.475494384765625 -0.4691162109375
0.0302867889404297 -0.0213642120361328 0.100830078125 -0.90673828125
-0.00595664978027344 -0.00761938095092774 -0.6312255859375 -0.510009765625
-0.0198783874511719 0.00748443603515625 -0.62335205078125 0.1876220703125
0.0103044509887695 0.0050201416015625 -0.22406005859375 0.430877685546875
0.0122966766357422 4.76837158203125E-06 0.150848388671875 0.309600830078125
0.00422382354736328 -0.00900936126708984 0.31494140625 0.07415771484375
0.0263862609863281 -0.00879859924316406 -0.302337646484375 -0.072113037109375
0.0243549346923828 -0.000219345092773438 -0.15216064453125 -0.310577392578125
0.0225963592529297 0.0130729675292969 0.207000732421875 -0.411865234375
0.0009918212890625 0.0314159393310547 0.61151123046875 -0.18048095703125
-0.0334243774414063 0.000160217285156245 0.56304931640625 0.48638916015625
-0.00762939453125 -0.0547904968261719 0.0347290039062499 0.87158203125
0.0274543762207031 -0.00232315063476563 -0.374267578125 0.53900146484375
0.0497245788574219 0.0269889831542969 -0.00267028808593749 0.0639686584472656
0.0280551910400391 0.00438499450683594 0.470855712890625 -0.46624755859375
0.0271263122558594 -0.0167713165283203 0.09576416015625 -0.9083251953125
-0.00698661804199219 -0.00668048858642578 -0.634521484375 -0.51092529296875
-0.0194206237792969 0.00763702392578125 -0.62542724609375 0.1875
0.0143890380859375 0.00397205352783203 -0.223419189453125 0.43243408203125
0.014124870300293 -0.00113487243652344 0.150299072265625 0.30987548828125
0.00522708892822266 -0.00688886642456055 0.315765380859375 0.076080322265625
0.0275516510009766 -0.00768470764160156 -0.300872802734375 -0.0720825195312501
0.0278949737548828 0.000316619873046875 -0.149932861328125 -0.31011962890625
0.0248985290527344 0.0107021331787109 0.211395263671875 -0.4078369140625
0.00447273254394531 0.0314311981201172 0.61334228515625 -0.17236328125
-0.0313205718994141 0.00153732299804687 0.555877685546875 0.49224853515625
-0.00931930541992188 -0.0485420227050781 0.02276611328125 0.87255859375
0.0212421417236328 0.00521087646484375 -0.37884521484375 0.535369873046875
0.0399818420410156 0.0327644348144531 -0.00231170654296875 0.0638465881347656
0.0214385986328125 0.0119667053222656 0.46807861328125 -0.46636962890625
0.0241298675537109 -0.00809288024902344 0.0909423828125001 -0.90643310546875
-0.00650930404663086 -0.00372791290283203 -0.63897705078125 -0.5028076171875
-0.0153646469116211 0.00393581390380859 -0.6220703125 0.19134521484375
0.0177116394042969 0.00403022766113281 -0.2197265625 0.43353271484375
0.0178794860839844 -0.00148773193359375 0.152099609375 0.310546875
0.00451135635375977 -0.00466680526733398 0.31646728515625 0.076568603515625
0.0265445709228516 -0.009185791015625 -0.301361083984375 -0.075469970703125
0.0288257598876953 -0.00188064575195313 -0.15020751953125 -0.307891845703125
0.0297412872314453 0.00648880004882813 0.21734619140625 -0.40362548828125
0.00665473937988281 0.0282402038574219 0.619384765625 -0.16363525390625
-0.0304164886474609 0.00361442565917969 0.551727294921875 0.504852294921875
-0.0112991333007813 -0.0418663024902344 0.01031494140625 0.87628173828125
0.0150423049926758 0.0131874084472656 -0.384918212890625 0.53375244140625
0.0321235656738281 0.0362930297851563 0.000877380371093746 0.059844970703125
0.0129146575927734 0.0172128677368164 0.465606689453125 -0.474365234375
0.0201301574707031 -0.00328445434570313 0.07684326171875 -0.90667724609375
-0.00369524955749512 0.000801563262939453 -0.64178466796875 -0.4923095703125
-0.0120372772216797 0.00381660461425781 -0.61669921875 0.20257568359375
0.0209197998046875 0.00194358825683594 -0.21502685546875 0.43829345703125
0.0196304321289063 -0.00359725952148438 0.154052734375 0.309295654296875
0.00639867782592773 -0.00399446487426758 0.3173828125 0.07391357421875
0.0267295837402344 -0.0103988647460938 -0.300048828125 -0.079986572265625
0.0288734436035156 -0.00288200378417969 -0.149383544921875 -0.308624267578125
0.0321159362792969 0.00612258911132812 0.225372314453125 -0.39794921875
0.0101146697998047 0.0278167724609375 0.6251220703125 -0.1539306640625
-0.0286827087402344 0.00418281555175781 0.545257568359375 0.51312255859375
-0.0125255584716797 -0.0350418090820313 -0.00286865234374998 0.87835693359375
0.00914955139160156 0.0171527862548828 -0.38995361328125 0.52825927734375
0.0243759155273437 0.0381813049316406 0.00757980346679688 0.0555267333984375
0.00847244262695313 0.0231704711914063 0.4615478515625 -0.483795166015625
0.0177993774414063 0.00163650512695313 0.06158447265625 -0.90692138671875
-0.00407791137695312 0.0024864673614502 -0.64794921875 -0.4801025390625
-0.00838565826416016 0.00214147567749023 -0.6103515625 0.21124267578125
0.0260391235351563 0.00172233581542969 -0.2083740234375 0.442169189453125
0.0199527740478516 -0.005157470703125 0.157257080078125 0.309661865234375
0.00524997711181641 -0.00695419311523437 0.317535400390625 0.06903076171875
0.0271854400634766 -0.0134105682373047 -0.30487060546875 -0.0867614746093751
0.0289039611816406 -0.00474739074707031 -0.151031494140625 -0.310943603515625
0.038055419921875 0.00527572631835938 0.230804443359375 -0.394775390625
0.0141849517822266 0.0254077911376953 0.62957763671875 -0.1424560546875
-0.027587890625 0.00660324096679688 0.536468505859375 0.523956298828125
-0.0151233673095703 -0.0331039428710938 -0.0177001953124999 0.878662109375
0.00604248046875 0.0206489562988281 -0.3934326171875 0.515838623046875
0.0219268798828125 0.0396919250488281 0.0141868591308594 0.0493087768554688
0.00465965270996094 0.0248146057128906 0.4608154296875 -0.4925537109375
0.0133571624755859 0.00497055053710937 0.0489501953124999 -0.90863037109375
-0.00125551223754883 0.00411105155944824 -0.65362548828125 -0.46478271484375
-0.00305318832397461 -0.000102996826171875 -0.603271484375 0.2235107421875
0.0300979614257813 0.00180625915527344 -0.200927734375 0.4462890625
0.0206127166748047 -0.00789070129394531 0.157470703125 0.30682373046875
0.00525665283203125 -0.00902080535888672 0.31781005859375 0.0616455078125
0.0301284790039063 -0.0195083618164063 -0.313995361328125 -0.083221435546875
0.0143537521362305 -0.00138568878173828 -0.160888671875 -0.3209228515625
0.0235691070556641 0.0143909454345703 0.207000732421875 -0.41339111328125
0.00160408020019531 0.0316963195800781 0.621826171875 -0.171142578125
-0.0332984924316406 -0.00313568115234376 0.5718994140625 0.49676513671875
-0.00383377075195313 -0.0647430419921875 0.0317993164062499 0.8653564453125
0.0386199951171875 -0.0172348022460938 -0.3726806640625 0.522735595703125
0.0677146911621094 0.0154457092285156 0.0110702514648438 0.0512962341308594
0.0421409606933594 -0.0086212158203125 0.4781494140625 -0.4854736328125
0.0313739776611328 -0.0263156890869141 0.08770751953125 -0.91796875
-0.00635385513305664 -0.00704336166381836 -0.6405029296875 -0.498779296875
-0.0191802978515625 0.00954627990722656 -0.619140625 0.2017822265625
0.0122451782226562 0.00643730163574219 -0.222442626953125 0.435577392578125
0.00770282745361328 -0.00180435180664063 0.147674560546875 0.303924560546875
0.004486083984375 -0.0180187225341797 0.314300537109375 0.065155029296875
0.0281791687011719 -0.0148258209228516 -0.309356689453125 -0.0760498046874999
0.0175094604492188 -0.000406265258789063 -0.158111572265625 -0.317291259765625
0.0204219818115234 0.0147609710693359 0.206024169921875 -0.4124755859375
0.000219345092773434 0.031585693359375 0.6192626953125 -0.1766357421875
-0.0339584350585938 -0.00273323059082031 0.570068359375 0.491455078125
-0.00414276123046875 -0.0645484924316406 0.0360107421874999 0.87103271484375
0.0371131896972656 -0.0135879516601562 -0.37469482421875 0.532989501953125
0.0638084411621094 0.0184440612792969 0.0043792724609375 0.0577621459960938
0.0408287048339844 -0.00563430786132812 0.480865478515625 -0.477752685546875
0.0318717956542969 -0.0261859893798828 0.10125732421875 -0.9193115234375
-0.00643110275268555 -0.00810623168945313 -0.633056640625 -0.51153564453125
-0.0208225250244141 0.00880813598632813 -0.62481689453125 0.19146728515625
0.0098114013671875 0.00638580322265625 -0.22601318359375 0.432891845703125
0.00771760940551758 -0.00153493881225586 0.149261474609375 0.305267333984375
0.00429058074951172 -0.0123653411865234 0.313568115234375 0.068939208984375
0.0281429290771484 -0.0120925903320313 -0.30889892578125 -0.0731506347656249
0.0202465057373047 0.00100898742675781 -0.154571533203125 -0.312652587890625
0.0214405059814453 0.0136051177978516 0.206817626953125 -0.414764404296875
-0.000482559204101564 0.0315418243408203 0.614990234375 -0.182861328125
-0.0337390899658203 -0.00258636474609374 0.56866455078125 0.487060546875
-0.00517654418945313 -0.060699462890625 0.0352783203125001 0.8699951171875
0.0327110290527344 -0.00967979431152344 -0.375274658203125 0.536773681640625
0.0574607849121094 0.0228271484375 -0.00116348266601562 0.0626220703125
0.035736083984375 -0.000896453857421875 0.47674560546875 -0.4677734375
0.0298023223876953 -0.0214672088623047 0.10418701171875 -0.9129638671875
-0.00651025772094727 -0.00758028030395508 -0.6329345703125 -0.5135498046875
-0.0208492279052734 0.00862503051757813 -0.62530517578125 0.18695068359375
0.00972557067871094 0.00557041168212891 -0.225341796875 0.431427001953125
0.0112991333007813 -0.000922203063964844 0.150238037109375 0.309051513671875
0.00348615646362305 -0.00851726531982422 0.317718505859375 0.073486328125
0.0266189575195312 -0.00960350036621094 -0.30438232421875 -0.0726623535156249
0.0231838226318359 0.000946044921875 -0.152069091796875 -0.31158447265625
0.0226879119873047 0.0111675262451172 0.208465576171875 -0.412689208984375
0.00140571594238281 0.0310249328613281 0.61639404296875 -0.18133544921875
-0.0325069427490234 -0.000450134277343753 0.566650390625 0.490478515625
-0.007843017578125 -0.0546722412109375 0.03350830078125 0.8760986328125
0.0274620056152344 -0.0017242431640625 -0.378173828125 0.539825439453125
0.0499763488769531 0.0279922485351563 -0.00275039672851562 0.0647964477539063
0.0300483703613281 0.00537872314453125 0.4744873046875 -0.467926025390625
0.0271320343017578 -0.0158710479736328 0.09820556640625 -0.91351318359375
-0.00582361221313477 -0.00611782073974609 -0.63409423828125 -0.51373291015625
-0.0195236206054688 0.00752067565917969 -0.627197265625 0.18896484375
0.0132980346679687 0.00485515594482422 -0.224517822265625 0.432861328125
0.0143842697143555 -0.001739501953125 0.151885986328125 0.3128662109375
0.00442409515380859 -0.00541543960571289 0.3179931640625 0.07574462890625
0.0265274047851563 -0.00933456420898438 -0.301727294921875 -0.0736389160156249
0.0269584655761719 0.000247955322265625 -0.150543212890625 -0.3095703125
0.025634765625 0.00994110107421875 0.21453857421875 -0.4100341796875
0.0038299560546875 0.0303173065185547 0.61749267578125 -0.1729736328125
-0.031982421875 0.00258445739746093 0.557586669921875 0.496063232421875
-0.00953292846679687 -0.0472068786621094 0.0208129882812501 0.8759765625
0.0209636688232422 0.00644683837890625 -0.384002685546875 0.538421630859375
0.0406875610351563 0.0322647094726562 -0.00280380249023437 0.0631752014160156
0.0217247009277344 0.0125274658203125 0.472869873046875 -0.46795654296875
0.0234088897705078 -0.00963783264160156 0.09332275390625 -0.9111328125
-0.00485372543334961 -0.00327968597412109 -0.640380859375 -0.50531005859375
-0.0155038833618164 0.00608444213867187 -0.624755859375 0.19195556640625
0.0166959762573242 0.00325107574462891 -0.221038818359375 0.434295654296875
0.0176429748535156 -0.00167655944824219 0.152252197265625 0.313262939453125
0.00431227684020996 -0.00342392921447754 0.318572998046875 0.076507568359375
0.0263195037841797 -0.00817298889160156 -0.30010986328125 -0.075775146484375
0.0277633666992188 -0.00211715698242188 -0.14959716796875 -0.309326171875
0.0291938781738281 0.00725173950195313 0.219512939453125 -0.405670166015625
0.00736427307128906 0.0276107788085938 0.6217041015625 -0.16571044921875
-0.0308303833007813 0.00315093994140625 0.55419921875 0.508209228515625
-0.0115013122558594 -0.0417633056640625 0.0108642578125 0.88031005859375
0.0149974822998047 0.0124788284301758 -0.38836669921875 0.535064697265625
0.0332374572753906 0.0362663269042969 0.00152206420898437 0.0608444213867187
0.0146579742431641 0.0188865661621094 0.468353271484375 -0.477264404296875
0.0211544036865234 -0.00254631042480469 0.0791625976562499 -0.912109375
-0.00396633148193359 0.000183105468749999 -0.6446533203125 -0.496337890625
-0.011561393737793 0.00448322296142578 -0.61968994140625 0.20147705078125
0.0207939147949219 0.00238418579101563 -0.21502685546875 0.4403076171875
0.0197048187255859 -0.00336456298828125 0.154937744140625 0.31201171875
0.00523567199707031 -0.0041346549987793 0.318939208984375 0.074432373046875
0.0272941589355469 -0.00873184204101563 -0.302001953125 -0.08056640625
0.0295276641845703 -0.00417900085449219 -0.150604248046875 -0.3095703125
0.0337467193603516 0.00617599487304688 0.22515869140625 -0.401092529296875
0.0118293762207031 0.0265178680419922 0.62799072265625 -0.15228271484375
-0.0292739868164063 0.0051422119140625 0.546783447265625 0.518646240234375
-0.0138359069824219 -0.0373077392578125 -0.00524902343749999 0.88323974609375
0.0102291107177734 0.0184040069580078 -0.391693115234375 0.52850341796875
0.0260696411132813 0.037933349609375 0.00658798217773437 0.055816650390625
0.008514404296875 0.0230197906494141 0.466400146484375 -0.483795166015625
0.0172977447509766 0.00279045104980469 0.06427001953125 -0.91021728515625
-0.0030522346496582 0.00162601470947266 -0.65142822265625 -0.48291015625
-0.00709962844848633 0.00380849838256836 -0.614990234375 0.21173095703125
0.0250129699707031 0.000484466552734375 -0.209075927734375 0.444122314453125
0.0204906463623047 -0.00666236877441406 0.156768798828125 0.31005859375
0.00527143478393555 -0.00619268417358399 0.319793701171875 0.067230224609375
0.0260658264160156 -0.01336669921875 -0.306304931640625 -0.086273193359375
0.0296173095703125 -0.00615501403808594 -0.1507568359375 -0.310455322265625
0.0378265380859375 0.00474929809570313 0.230682373046875 -0.395172119140625
0.0152473449707031 0.0259418487548828 0.633056640625 -0.14154052734375
-0.0284137725830078 0.00578117370605469 0.538299560546875 0.52960205078125
-0.0150337219238281 -0.0327816009521484 -0.01934814453125 0.8829345703125
0.006683349609375 0.0205669403076172 -0.3958740234375 0.5184326171875
0.0227088928222656 0.0390853881835938 0.013580322265625 0.0483169555664063
0.00576210021972657 0.0256805419921875 0.4630126953125 -0.495574951171875
0.0147371292114258 0.00570201873779297 0.05035400390625 -0.91363525390625
-0.00201177597045898 0.00417232513427734 -0.6556396484375 -0.4693603515625
-0.0028541088104248 0.000516653060913086 -0.60601806640625 0.22369384765625
0.0283260345458984 -3.4332275390625E-05 -0.202117919921875 0.448760986328125
0.0201511383056641 -0.00835418701171875 0.1591796875 0.306549072265625
0.00605201721191406 -0.0091400146484375 0.3189697265625 0.062286376953125
0.0298786163330078 -0.0200901031494141 -0.317413330078125 -0.0831909179687501
0.0138063430786133 -0.00170326232910156 -0.161834716796875 -0.322418212890625
0.0237960815429688 0.014312744140625 0.208038330078125 -0.415191650390625
0.00278282165527344 0.0309886932373047 0.62640380859375 -0.17388916015625
-0.0338382720947266 -0.00311088562011718 0.57403564453125 0.5009765625
-0.00528717041015625 -0.0665969848632813 0.03265380859375 0.8702392578125
0.0388832092285156 -0.0167274475097656 -0.37384033203125 0.525726318359375
0.0688209533691406 0.0152015686035156 0.010894775390625 0.0524559020996094
0.0422134399414063 -0.00813674926757813 0.4822998046875 -0.488067626953125
0.0315990447998047 -0.0268383026123047 0.0890502929687499 -0.92236328125
-0.00720834732055664 -0.00731372833251953 -0.64337158203125 -0.5037841796875
-0.0186367034912109 0.0101165771484375 -0.62298583984375 0.2020263671875
0.0125646591186523 0.00588035583496094 -0.223419189453125 0.43853759765625
0.00703048706054688 -0.00148963928222656 0.149200439453125 0.3057861328125
0.00368118286132813 -0.0176811218261719 0.316162109375 0.064483642578125
0.028656005859375 -0.0152072906494141 -0.31280517578125 -0.074920654296875
0.0176544189453125 -0.000551223754882812 -0.1590576171875 -0.317352294921875
0.0212783813476562 0.0158195495605469 0.20782470703125 -0.41448974609375
0.00109481811523438 0.0304641723632812 0.6224365234375 -0.1781005859375
-0.0340137481689453 -0.0027923583984375 0.5721435546875 0.49652099609375
-0.00557708740234375 -0.0636253356933594 0.0356445312499999 0.87744140625
0.0376014709472656 -0.0133781433105469 -0.37713623046875 0.53619384765625
0.0646171569824219 0.0188064575195313 0.004150390625 0.0583992004394531
0.041656494140625 -0.00487518310546875 0.48486328125 -0.479705810546875
0.0320854187011719 -0.0252780914306641 0.1044921875 -0.923828125
-0.00695705413818359 -0.00881481170654297 -0.63568115234375 -0.51495361328125
-0.0212249755859375 0.00981521606445313 -0.62921142578125 0.19287109375
0.0096902847290039 0.00739574432373047 -0.227630615234375 0.434539794921875
0.00843620300292969 -0.00171756744384766 0.150726318359375 0.306365966796875
0.00438499450683594 -0.0122060775756836 0.316497802734375 0.069671630859375
0.0258274078369141 -0.0129909515380859 -0.310791015625 -0.0720520019531251
0.0206871032714844 0.000667572021484375 -0.156463623046875 -0.314605712890625
0.0215797424316406 0.0139789581298828 0.205810546875 -0.416473388671875
0.000787734985351564 0.03131103515625 0.6173095703125 -0.1827392578125
-0.0337104797363281 -0.00194931030273437 0.5718994140625 0.4908447265625
-0.00728988647460937 -0.0618019104003906 0.0358886718749999 0.8758544921875
0.0336666107177734 -0.0085601806640625 -0.37872314453125 0.53924560546875
0.0586967468261719 0.0227584838867187 -0.00151824951171875 0.0633125305175781
0.0367355346679688 -0.0005035400390625 0.48187255859375 -0.4710693359375
0.0307350158691406 -0.0224666595458984 0.1072998046875 -0.91790771484375
-0.00640439987182617 -0.00791549682617188 -0.637939453125 -0.51593017578125
-0.0209674835205078 0.00824356079101562 -0.62945556640625 0.18939208984375
0.0104341506958008 0.00443649291992187 -0.226531982421875 0.4334716796875
0.0115938186645508 -0.00139904022216797 0.152374267578125 0.31146240234375
0.00375270843505859 -0.00774574279785156 0.319244384765625 0.074615478515625
0.0262584686279297 -0.00957298278808594 -0.30712890625 -0.070892333984375
0.0241794586181641 -0.000141143798828125 -0.154815673828125 -0.31097412109375
0.0231151580810547 0.0113945007324219 0.21136474609375 -0.415740966796875
0.00218582153320312 0.0309886932373047 0.6185302734375 -0.181884765625
-0.0324325561523438 -0.000444412231445309 0.57012939453125 0.4947509765625
-0.00851821899414063 -0.0551376342773438 0.0343017578125001 0.88250732421875
0.0284690856933594 -0.001953125 -0.3804931640625 0.544036865234375
0.0505828857421875 0.0275764465332031 -0.00332641601562499 0.0647201538085938
0.0303230285644531 0.00615119934082031 0.477020263671875 -0.47235107421875
0.0281410217285156 -0.0169925689697266 0.0993041992187501 -0.918212890625
-0.00666236877441406 -0.00588798522949219 -0.63897705078125 -0.51629638671875
-0.01983642578125 0.00723648071289062 -0.6307373046875 0.1883544921875
0.0136795043945313 0.00421524047851563 -0.224090576171875 0.43505859375
0.0150594711303711 -0.00142192840576172 0.152435302734375 0.313507080078125
0.00377464294433594 -0.00402331352233887 0.320709228515625 0.075714111328125
0.0266513824462891 -0.00971412658691406 -0.304443359375 -0.07305908203125
0.026885986328125 -0.000631332397460938 -0.1517333984375 -0.309478759765625
0.0254878997802734 0.00890731811523438 0.216278076171875 -0.4102783203125
0.00505828857421875 0.0297126770019531 0.62158203125 -0.17388916015625
-0.0325469970703125 0.00198173522949218 0.561309814453125 0.499420166015625
-0.0107612609863281 -0.0480613708496094 0.0213012695312501 0.883056640625
0.0217819213867188 0.00519180297851563 -0.387969970703125 0.54132080078125
0.0418510437011719 0.0324287414550781 -0.00380325317382812 0.0640449523925781
0.0229549407958984 0.0130634307861328 0.4749755859375 -0.469573974609375
0.0242938995361328 -0.0102348327636719 0.0941772460937501 -0.91650390625
-0.00558328628540039 -0.00394487380981445 -0.64190673828125 -0.509521484375
-0.0155391693115234 0.00722026824951172 -0.62725830078125 0.1922607421875
0.0168800354003906 0.00277233123779297 -0.221221923828125 0.4366455078125
0.0180950164794922 -0.00291824340820312 0.154083251953125 0.31451416015625
0.00391459465026855 -0.00333166122436523 0.32061767578125 0.076171875
0.0261039733886719 -0.00873947143554688 -0.3038330078125 -0.075531005859375
0.0285205841064453 -0.00229072570800781 -0.150543212890625 -0.309356689453125
0.0300540924072266 0.00712203979492188 0.22149658203125 -0.40826416015625
0.00812721252441406 0.0283126831054688 0.6263427734375 -0.16546630859375
-0.0308990478515625 0.00423431396484375 0.558807373046875 0.511688232421875
-0.0125694274902344 -0.04132080078125 0.00915527343749995 0.88671875
0.0150909423828125 0.0135736465454102 -0.390411376953125 0.53948974609375
0.0323486328125 0.0361175537109375 0.000106811523437503 0.0614356994628906
0.0153846740722656 0.0186138153076172 0.47076416015625 -0.479827880859375
0.0209083557128906 -0.00380897521972656 0.08074951171875 -0.9185791015625
-0.00357127189636231 -0.000350236892700196 -0.64776611328125 -0.4993896484375
-0.0121040344238281 0.00451278686523437 -0.62396240234375 0.20263671875
0.0211582183837891 0.00262641906738281 -0.21533203125 0.441925048828125
0.0191879272460938 -0.00380706787109375 0.15618896484375 0.313140869140625
0.00475549697875977 -0.00352382659912109 0.322052001953125 0.07318115234375
0.0264892578125 -0.0113544464111328 -0.30462646484375 -0.081085205078125
0.0300083160400391 -0.00484275817871094 -0.150177001953125 -0.3096923828125
0.0348129272460938 0.00520896911621094 0.22784423828125 -0.402313232421875
0.0126495361328125 0.0266227722167969 0.6317138671875 -0.15380859375
-0.0296916961669922 0.00429153442382813 0.5511474609375 0.521820068359375
-0.0150871276855469 -0.0365943908691406 -0.00427246093750001 0.888671875
0.00991439819335938 0.0183181762695313 -0.395599365234375 0.53167724609375
0.0264892578125 0.0383491516113281 0.00624847412109375 0.0566291809082031
0.0092315673828125 0.0239944458007813 0.469024658203125 -0.48736572265625
0.0174713134765625 0.00280380249023438 0.0656127929687499 -0.91607666015625
-0.00273585319519043 0.00287461280822754 -0.65447998046875 -0.48553466796875
-0.008209228515625 0.00313520431518555 -0.6173095703125 0.21502685546875
0.0257911682128906 0.00070953369140625 -0.209320068359375 0.4451904296875
0.0210380554199219 -0.00553131103515625 0.15814208984375 0.31109619140625
0.00490665435791016 -0.00511789321899414 0.321929931640625 0.06719970703125
0.0266017913818359 -0.0130577087402344 -0.30841064453125 -0.08514404296875
0.0301074981689453 -0.00607109069824219 -0.152099609375 -0.31060791015625
0.0386123657226563 0.00505447387695313 0.232666015625 -0.3978271484375
0.0156269073486328 0.0259208679199219 0.6365966796875 -0.142822265625
-0.0281009674072266 0.00593185424804687 0.542816162109375 0.53466796875
-0.01708984375 -0.0329799652099609 -0.0189819335937501 0.88787841796875
0.00621795654296875 0.0214385986328125 -0.398651123046875 0.521453857421875
0.0240631103515625 0.0393943786621094 0.0130386352539063 0.0487861633300781
0.00634765625 0.0261211395263672 0.464752197265625 -0.496673583984375
0.014744758605957 0.00543880462646484 0.0507812499999999 -0.919677734375
-0.00147676467895508 0.00447225570678711 -0.6588134765625 -0.469970703125
-0.0029299259185791 0.00113558769226074 -0.60986328125 0.22564697265625
0.0291652679443359 -5.14984130859375E-05 -0.202392578125 0.44952392578125
0.0213947296142578 -0.00836181640625 0.159210205078125 0.3089599609375
0.00550937652587891 -0.00914669036865235 0.3212890625 0.0623779296875
0.0294342041015625 -0.0205974578857422 -0.31982421875 -0.0818481445312499
0.0140323638916016 -0.000975608825683594 -0.163482666015625 -0.322662353515625
0.0232219696044922 0.0139598846435547 0.210113525390625 -0.418212890625
0.0026702880859375 0.0318088531494141 0.63165283203125 -0.174560546875
-0.0327949523925781 -0.0023651123046875 0.5799560546875 0.5020751953125
-0.00601577758789062 -0.06622314453125 0.03448486328125 0.877685546875
0.0392112731933594 -0.0170555114746094 -0.37725830078125 0.53082275390625
0.0703659057617188 0.0160293579101563 0.00985717773437501 0.0533561706542969
0.0441703796386719 -0.00816726684570313 0.485321044921875 -0.490966796875
0.0329532623291016 -0.0266551971435547 0.09088134765625 -0.9307861328125
-0.00680971145629883 -0.00794363021850586 -0.6495361328125 -0.50482177734375
-0.0187568664550781 0.00971221923828125 -0.6285400390625 0.20367431640625
0.0119428634643555 0.00676059722900391 -0.22320556640625 0.441070556640625
0.00654363632202149 -0.00210857391357422 0.15155029296875 0.3084716796875
0.00341033935546875 -0.0173912048339844 0.3192138671875 0.063751220703125
0.0273590087890625 -0.0158824920654297 -0.3145751953125 -0.07403564453125
0.0167579650878906 -0.000834465026855469 -0.161468505859375 -0.31829833984375
0.0218429565429687 0.0150814056396484 0.20843505859375 -0.41876220703125
0.0013275146484375 0.0319614410400391 0.626220703125 -0.1802978515625
-0.0344104766845703 -0.00275611877441406 0.5782470703125 0.50030517578125
-0.00579452514648438 -0.0660285949707031 0.03802490234375 0.88372802734375
0.0376091003417969 -0.0141525268554688 -0.3792724609375 0.54046630859375
0.0655708312988281 0.0181922912597656 0.00296783447265626 0.05926513671875
0.0418968200683594 -0.00591278076171875 0.48626708984375 -0.484344482421875
0.0321636199951172 -0.0262546539306641 0.10205078125 -0.93096923828125
-0.00692367553710938 -0.00856876373291016 -0.64013671875 -0.5198974609375
-0.0212001800537109 0.00995445251464844 -0.63262939453125 0.1949462890625
0.0098114013671875 0.00609111785888672 -0.227081298828125 0.4365234375
0.00871801376342773 -0.00205087661743164 0.152557373046875 0.308624267578125
0.00333309173583984 -0.0112009048461914 0.318756103515625 0.06829833984375
0.0268840789794922 -0.0136203765869141 -0.3126220703125 -0.07177734375
0.0202140808105469 0.000818252563476563 -0.15966796875 -0.31500244140625
0.0222854614257812 0.0120925903320312 0.207855224609375 -0.42059326171875
0.00172805786132813 0.0311050415039063 0.62298583984375 -0.18499755859375
-0.0335769653320313 -0.00223731994628907 0.5767822265625 0.49273681640625
-0.00619125366210937 -0.0614166259765625 0.0352783203125 0.88299560546875
0.0337390899658203 -0.009521484375 -0.3812255859375 0.54400634765625
0.0599746704101563 0.0227088928222656 -0.0017852783203125 0.0646476745605469
0.038177490234375 0.000743865966796875 0.48480224609375 -0.473907470703125
0.0304698944091797 -0.0222206115722656 0.10650634765625 -0.9256591796875
-0.0072479248046875 -0.0084691047668457 -0.64019775390625 -0.52032470703125
-0.0212783813476563 0.00972557067871094 -0.6341552734375 0.19158935546875
0.0105609893798828 0.00536251068115234 -0.227081298828125 0.436492919921875
0.0117101669311523 -0.00148963928222656 0.15362548828125 0.314300537109375
0.00352668762207031 -0.0071415901184082 0.322296142578125 0.073883056640625
0.0250148773193359 -0.0102615356445313 -0.308929443359375 -0.0698852539062499
0.0232563018798828 -0.000417709350585938 -0.155853271484375 -0.312896728515625
0.0237865447998047 0.0116100311279297 0.2122802734375 -0.4188232421875
0.00200653076171875 0.0309429168701172 0.625 -0.18377685546875
-0.0333156585693359 -0.000324249267578126 0.5758056640625 0.498046875
-0.00938796997070312 -0.0554313659667969 0.035400390625 0.88739013671875
0.0284843444824219 -0.00218963623046875 -0.3828125 0.54827880859375
0.052520751953125 0.0274810791015625 -0.003997802734375 0.0660476684570313
0.0314617156982422 0.00729179382324219 0.47979736328125 -0.47412109375
0.0287246704101563 -0.0175857543945313 0.10064697265625 -0.9249267578125
-0.00610065460205078 -0.0056605339050293 -0.64471435546875 -0.51934814453125
-0.0195407867431641 0.00821495056152344 -0.635009765625 0.19097900390625
0.0136022567749023 0.00402164459228516 -0.2239990234375 0.43829345703125
0.014552116394043 -0.00246715545654297 0.15509033203125 0.31573486328125
0.00424051284790039 -0.00448226928710938 0.322479248046875 0.074920654296875
0.025146484375 -0.00885009765625 -0.30670166015625 -0.072509765625
0.0270347595214844 -0.000925064086914063 -0.153778076171875 -0.309783935546875
0.0275917053222656 0.0091094970703125 0.215576171875 -0.41552734375
0.00538253784179687 0.0296249389648438 0.624755859375 -0.17626953125
-0.0314598083496094 0.00131034851074218 0.56671142578125 0.5052490234375
-0.0110321044921875 -0.0495567321777344 0.0226440429687501 0.88775634765625
0.0215930938720703 0.00478935241699219 -0.38800048828125 0.5447998046875
0.0424537658691406 0.0318336486816406 -0.00403213500976562 0.0657997131347656
0.0238208770751953 0.0143947601318359 0.479248046875 -0.472930908203125
0.0240135192871094 -0.0103645324707031 0.0924072265625 -0.92205810546875
-0.00441646575927734 -0.00347423553466797 -0.6461181640625 -0.51171875
-0.0150594711303711 0.00744342803955078 -0.63140869140625 0.19427490234375
0.0164499282836914 0.00396347045898438 -0.221160888671875 0.439300537109375
0.0176467895507813 -0.00232696533203125 0.155059814453125 0.316314697265625
0.00403618812561035 -0.0024712085723877 0.324066162109375 0.076019287109375
0.0253543853759766 -0.00971031188964844 -0.30584716796875 -0.0753173828125
0.0290393829345703 -0.00264930725097656 -0.1519775390625 -0.3106689453125
0.0316638946533203 0.00699806213378906 0.222930908203125 -0.410980224609375
0.00929832458496094 0.0278511047363281 0.63018798828125 -0.16656494140625
-0.0308341979980469 0.00382041931152344 0.56475830078125 0.51409912109375
-0.014434814453125 -0.041717529296875 0.01025390625 0.89532470703125
0.0156459808349609 0.0121345520019531 -0.392730712890625 0.54290771484375
0.0343856811523438 0.0366477966308594 0.0004425048828125 0.0620040893554688
0.0166740417480469 0.0196037292480469 0.472198486328125 -0.48211669921875
0.0225563049316406 -0.00343704223632813 0.0789794921875001 -0.9259033203125
-0.00421452522277832 -0.00101828575134277 -0.6527099609375 -0.501953125
-0.0124359130859375 0.00519371032714843 -0.62738037109375 0.2047119140625
0.0211162567138672 0.00142288208007813 -0.21484375 0.4439697265625
0.0192852020263672 -0.00451469421386719 0.159515380859375 0.316314697265625
0.00398063659667969 -0.00360727310180664 0.3253173828125 0.071258544921875
0.0256843566894531 -0.0105438232421875 -0.30621337890625 -0.079254150390625
0.0285453796386719 -0.00539016723632813 -0.1524658203125 -0.31060791015625
0.0353660583496094 0.00489044189453125 0.2296142578125 -0.4051513671875
0.013153076171875 0.0264511108398438 0.63653564453125 -0.15594482421875
-0.0304145812988281 0.00572586059570313 0.556304931640625 0.52734375
-0.015777587890625 -0.036834716796875 -0.00469970703125008 0.8939208984375
0.0101127624511719 0.0184383392333984 -0.3975830078125 0.535430908203125
0.0270462036132812 0.0391044616699219 0.005584716796875 0.0570220947265625
0.0111484527587891 0.024749755859375 0.471099853515625 -0.49017333984375
0.0178012847900391 0.00219154357910156 0.0653076171875 -0.92486572265625
-0.00250935554504395 0.00250363349914551 -0.65985107421875 -0.48895263671875
-0.00658226013183594 0.00342559814453125 -0.62017822265625 0.216064453125
0.0252246856689453 0.000368118286132813 -0.2099609375 0.44781494140625
0.0203781127929688 -0.00694084167480469 0.16156005859375 0.314483642578125
0.00513315200805664 -0.00562000274658203 0.3255615234375 0.067840576171875
0.0258750915527344 -0.0137729644775391 -0.31085205078125 -0.084259033203125
0.0306282043457031 -0.00662422180175781 -0.15338134765625 -0.311553955078125
0.0399360656738281 0.00384140014648438 0.23486328125 -0.39910888671875
0.0175666809082031 0.0255241394042969 0.6434326171875 -0.144287109375
-0.0295219421386719 0.00632667541503906 0.547393798828125 0.53826904296875
-0.0174312591552734 -0.033843994140625 -0.0177001953125 0.89349365234375
0.00640869140625 0.0212440490722656 -0.400482177734375 0.525360107421875
0.02410888671875 0.040069580078125 0.0128402709960938 0.0492362976074219
0.00689315795898438 0.0265522003173828 0.469390869140625 -0.500396728515625
0.0161428451538086 0.00527572631835938 0.05194091796875 -0.9256591796875
-0.000985860824584961 0.00332498550415039 -0.66387939453125 -0.47418212890625
-0.00274920463562012 0.00180435180664063 -0.61444091796875 0.22747802734375
0.0297069549560547 -0.00129890441894531 -0.201751708984375 0.45294189453125
0.0202999114990234 -0.0084228515625 0.1607666015625 0.31048583984375
0.00458526611328125 -0.00818252563476563 0.325042724609375 0.060791015625
0.0297126770019531 -0.0218677520751953 -0.32281494140625 -0.07952880859375
0.0150871276855469 -0.00283527374267578 -0.16656494140625 -0.3240966796875
0.0245208740234375 0.0149307250976563 0.210540771484375 -0.4224853515625
0.00274658203125 0.0311489105224609 0.63720703125 -0.176513671875
-0.0346794128417969 -0.00361251831054687 0.588623046875 0.50732421875
-0.00624847412109376 -0.0663185119628906 0.0369873046875 0.88397216796875
0.0396347045898438 -0.0176582336425781 -0.37969970703125 0.535675048828125
0.0704803466796875 0.0159454345703125 0.00905990600585938 0.0546226501464844
0.0450096130371094 -0.00774002075195312 0.4864501953125 -0.49566650390625
0.0322494506835938 -0.0274143218994141 0.0886840820312499 -0.93963623046875
-0.00601720809936523 -0.00667238235473633 -0.65338134765625 -0.50732421875
-0.01861572265625 0.010955810546875 -0.6312255859375 0.20819091796875
0.0122394561767578 0.00572872161865234 -0.22283935546875 0.444000244140625
0.006866455078125 -0.0027923583984375 0.154571533203125 0.309478759765625
0.00368785858154297 -0.0171909332275391 0.323577880859375 0.06353759765625
0.0272102355957031 -0.0168418884277344 -0.317657470703125 -0.073638916015625
0.0173273086547852 -0.00112628936767578 -0.16375732421875 -0.3211669921875
0.0222454071044922 0.0146522521972656 0.20806884765625 -0.42364501953125
0.002166748046875 0.0318336486816406 0.63189697265625 -0.18402099609375
-0.0350055694580078 -0.00252914428710938 0.585205078125 0.50299072265625
-0.00827407836914063 -0.0662460327148438 0.0401000976562501 0.89031982421875
0.0381507873535156 -0.0139350891113281 -0.381378173828125 0.545501708984375
0.0670967102050781 0.0179786682128906 0.00188064575195313 0.0606880187988281
0.0430526733398438 -0.00513839721679688 0.4886474609375 -0.48822021484375
0.0331764221191406 -0.0266532897949219 0.101318359375 -0.93902587890625
-0.0069589614868164 -0.00820589065551758 -0.6478271484375 -0.521484375
-0.0208492279052734 0.0105667114257812 -0.63775634765625 0.1995849609375
0.0102071762084961 0.00617885589599609 -0.2264404296875 0.440093994140625
0.00778007507324219 -0.00166893005371094 0.154541015625 0.310821533203125
0.00396156311035156 -0.0106029510498047 0.322296142578125 0.0665283203125
0.0264072418212891 -0.013885498046875 -0.316925048828125 -0.068878173828125
0.0210914611816406 -0.000486373901367188 -0.16168212890625 -0.316925048828125
0.0233058929443359 0.013214111328125 0.2086181640625 -0.42510986328125
0.00184822082519531 0.0311164855957031 0.6285400390625 -0.1893310546875
-0.0335674285888672 -0.00114059448242188 0.585205078125 0.4969482421875
-0.007720947265625 -0.062225341796875 0.0404052734374999 0.888427734375
0.0341148376464844 -0.00946998596191406 -0.381744384765625 0.54931640625
0.0611457824707031 0.0226402282714844 -0.003173828125 0.0644340515136719
0.0387496948242187 -1.9073486328125E-05 0.486114501953125 -0.477935791015625
0.0307540893554688 -0.0229530334472656 0.1041259765625 -0.93267822265625
-0.00667142868041992 -0.00756120681762695 -0.64666748046875 -0.521728515625
-0.0217742919921875 0.00947761535644531 -0.63629150390625 0.193603515625
0.00944042205810547 0.00556850433349609 -0.2271728515625 0.44049072265625
0.0112409591674805 -0.00224876403808594 0.157073974609375 0.31658935546875
0.00185012817382813 -0.00612545013427734 0.3267822265625 0.072540283203125
0.0245437622070313 -0.0107479095458984 -0.312896728515625 -0.0699157714843749
0.0242042541503906 0.000303268432617188 -0.15960693359375 -0.31390380859375
0.0242824554443359 0.0108699798583984 0.212249755859375 -0.42205810546875
0.00306510925292969 0.0306911468505859 0.6290283203125 -0.1864013671875
-0.0333919525146484 -0.000431060791015627 0.58221435546875 0.5018310546875
-0.010955810546875 -0.0556678771972656 0.0372314453125 0.894775390625
0.0290889739990234 -0.00279426574707031 -0.385040283203125 0.5538330078125
0.0525054931640625 0.0271110534667969 -0.00499343872070313 0.0671920776367188
0.0319747924804688 0.00621414184570313 0.481597900390625 -0.476531982421875
0.0286960601806641 -0.0167236328125 0.0994873046875001 -0.9344482421875
-0.00629901885986328 -0.00621843338012695 -0.6502685546875 -0.5224609375
-0.0188980102539063 0.00929641723632813 -0.64013671875 0.19598388671875
0.0122594833374023 0.00339412689208984 -0.22491455078125 0.440582275390625
0.0144052505493164 -0.00218391418457031 0.158416748046875 0.31732177734375
0.0034630298614502 -0.00356578826904297 0.3262939453125 0.07379150390625
0.0252113342285156 -0.0102405548095703 -0.31024169921875 -0.0718994140625
0.0276279449462891 -0.00144767761230469 -0.155975341796875 -0.312591552734375
0.02679443359375 0.00960159301757813 0.218170166015625 -0.41937255859375
0.00576019287109375 0.0287647247314453 0.63037109375 -0.18115234375
-0.0329666137695313 0.00101661682128907 0.5731201171875 0.50628662109375
-0.0117607116699219 -0.0499916076660156 0.025146484375 0.8956298828125
0.0223426818847656 0.00610733032226562 -0.391845703125 0.5506591796875
0.0428619384765625 0.0322074890136719 -0.00577163696289062 0.0669746398925781
0.0234642028808594 0.0136375427246094 0.48089599609375 -0.477386474609375
0.0237789154052734 -0.0111522674560547 0.09197998046875 -0.93048095703125
-0.00493431091308594 -0.00178432464599609 -0.652099609375 -0.5159912109375
-0.0165119171142578 0.00674819946289062 -0.63482666015625 0.19915771484375
0.015955924987793 0.00269317626953125 -0.22052001953125 0.44281005859375
0.0169534683227539 -0.00304603576660156 0.1595458984375 0.31829833984375
0.00341129302978516 -0.00175261497497559 0.326690673828125 0.074127197265625
0.0243377685546875 -0.0103492736816406 -0.309417724609375 -0.073760986328125
0.0292911529541016 -0.00322532653808594 -0.15582275390625 -0.31170654296875
0.0324287414550781 0.00621604919433594 0.223419189453125 -0.41552734375
0.00955581665039063 0.027374267578125 0.635986328125 -0.1710205078125
-0.0318374633789062 0.00391197204589844 0.57086181640625 0.51837158203125
-0.0143165588378906 -0.0426101684570313 0.0137939453125001 0.9007568359375
0.0155086517333984 0.0124273300170898 -0.3941650390625 0.54888916015625
0.0353126525878906 0.0362510681152344 -0.0019073486328125 0.0626678466796875
0.0167827606201172 0.0210113525390625 0.476287841796875 -0.486083984375
0.0213203430175781 -0.00420570373535156 0.0763549804687499 -0.9345703125
-0.00399136543273926 -0.000708341598510742 -0.66107177734375 -0.5062255859375
-0.0117225646972656 0.00467586517333984 -0.63165283203125 0.20770263671875
0.0211868286132813 0.00144004821777344 -0.21539306640625 0.447998046875
0.0194377899169922 -0.00501251220703125 0.162750244140625 0.318572998046875
0.00503730773925781 -0.00211429595947266 0.3282470703125 0.070526123046875
0.02545166015625 -0.0118732452392578 -0.310272216796875 -0.0777282714843749
0.0310173034667969 -0.00509071350097656 -0.154693603515625 -0.311004638671875
0.0362930297851563 0.00556182861328125 0.229156494140625 -0.408660888671875
0.0130558013916016 0.026275634765625 0.6400146484375 -0.15899658203125
-0.0300464630126953 0.00540733337402343 0.56243896484375 0.5302734375
-0.016876220703125 -0.0366706848144531 -0.000244140624999946 0.9046630859375
0.0111141204833984 0.0185089111328125 -0.3984375 0.5413818359375
0.0284233093261719 0.0385589599609375 0.0044403076171875 0.0582542419433594
0.0121631622314453 0.0254688262939453 0.472564697265625 -0.49481201171875
0.0180377960205078 0.00206565856933594 0.0648193359375 -0.9324951171875
-0.00330066680908203 0.00217366218566895 -0.66717529296875 -0.4912109375
-0.00785017013549805 0.00278282165527344 -0.6253662109375 0.2197265625
0.0264072418212891 -0.000585556030273437 -0.208587646484375 0.4522705078125
0.0198898315429688 -0.00684356689453125 0.162017822265625 0.314666748046875
0.00444889068603516 -0.00512599945068359 0.327056884765625 0.0653076171875
0.0245571136474609 -0.0153293609619141 -0.313934326171875 -0.083404541015625
0.029510498046875 -0.00844764709472656 -0.156768798828125 -0.3118896484375
0.0404891967773438 0.00313568115234375 0.2362060546875 -0.404144287109375
0.0177669525146484 0.0259304046630859 0.6473388671875 -0.14727783203125
-0.0297985076904297 0.00545120239257813 0.554290771484375 0.54119873046875
-0.0191650390625 -0.0335006713867188 -0.0167236328125 0.9034423828125
0.00683021545410156 0.0222568511962891 -0.404205322265625 0.5308837890625
0.0261268615722656 0.0403289794921875 0.0130043029785156 0.050445556640625
0.00712966918945312 0.0266017913818359 0.472930908203125 -0.5059814453125
0.0155715942382812 0.00626850128173828 0.0498046874999999 -0.93231201171875
-0.00112628936767578 0.00504446029663086 -0.6705322265625 -0.47637939453125
-0.00245451927185059 0.00208377838134766 -0.618896484375 0.23046875
0.0296859741210938 -0.000955581665039063 -0.20245361328125 0.4569091796875
0.0200004577636719 -0.00796127319335938 0.165069580078125 0.31280517578125
0.00485992431640625 -0.00691556930541992 0.327972412109375 0.05902099609375
0.0279254913330078 -0.0212955474853516 -0.3258056640625 -0.0777587890625
0.0145187377929687 -0.00236129760742187 -0.170013427734375 -0.326080322265625
0.0248260498046875 0.0126075744628906 0.21026611328125 -0.426025390625
0.00362205505371094 0.0313949584960938 0.641845703125 -0.18255615234375
-0.0339984893798828 -0.00278282165527343 0.59637451171875 0.50897216796875
-0.00774002075195312 -0.0670509338378906 0.0420532226562501 0.8927001953125
0.0406227111816406 -0.0176315307617188 -0.380096435546875 0.5416259765625
0.0719451904296875 0.0153045654296875 0.00828170776367189 0.0559616088867188
0.0460700988769531 -0.00841522216796875 0.48870849609375 -0.501953125
0.0327644348144531 -0.0282459259033203 0.0860595703124999 -0.94818115234375
-0.00626420974731445 -0.00794076919555664 -0.661865234375 -0.50885009765625
-0.0182018280029297 0.0124282836914062 -0.63397216796875 0.21307373046875
0.0124912261962891 0.00569534301757813 -0.22174072265625 0.448211669921875
0.0074915885925293 -0.00330305099487305 0.157135009765625 0.311676025390625
0.00293731689453125 -0.0161228179931641 0.326385498046875 0.061492919921875
0.0264759063720703 -0.0170726776123047 -0.322174072265625 -0.07159423828125
0.0173635482788086 -0.00142955780029297 -0.16693115234375 -0.321014404296875
0.0228137969970703 0.0140457153320313 0.20928955078125 -0.4271240234375
0.00314712524414062 0.0311546325683594 0.6365966796875 -0.188720703125
-0.0354843139648438 -0.002960205078125 0.59320068359375 0.50445556640625
-0.00916671752929687 -0.0657730102539063 0.04412841796875 0.89739990234375
0.0383987426757813 -0.0146293640136719 -0.38311767578125 0.55218505859375
0.0686073303222656 0.0177230834960938 0.00196456909179688 0.0618743896484375
0.0432472229003906 -0.004638671875 0.49090576171875 -0.4931640625
0.0323753356933594 -0.0262622833251953 0.09814453125 -0.95123291015625
-0.00666236877441406 -0.00887393951416016 -0.65625 -0.52325439453125
-0.0203800201416016 0.0113105773925781 -0.6417236328125 0.2041015625
0.00922679901123047 0.00616168975830078 -0.22467041015625 0.44525146484375
0.00850296020507813 -0.00252676010131836 0.159149169921875 0.31298828125
0.00428295135498047 -0.0096883773803711 0.326202392578125 0.06561279296875
0.0256900787353516 -0.0142097473144531 -0.3201904296875 -0.06829833984375
0.0203666687011719 0.000141143798828125 -0.166107177734375 -0.317901611328125
0.0236263275146484 0.0126895904541016 0.207855224609375 -0.42889404296875
0.00191307067871094 0.0309391021728516 0.63421630859375 -0.1929931640625
-0.0351028442382813 -0.00184822082519531 0.59185791015625 0.49835205078125
-0.00958251953125 -0.0627975463867188 0.0455932617187501 0.8985595703125
0.0351791381835938 -0.00976943969726563 -0.383880615234375 0.557281494140625
0.062225341796875 0.0225906372070312 -0.00295257568359374 0.06658935546875
0.0396156311035156 0.00116348266601563 0.488525390625 -0.482940673828125
0.0310611724853516 -0.0230140686035156 0.10015869140625 -0.94287109375
-0.00645303726196289 -0.00820302963256836 -0.6568603515625 -0.52410888671875
-0.0206508636474609 0.0108623504638672 -0.64385986328125 0.199462890625
0.010676383972168 0.00394248962402344 -0.22662353515625 0.4442138671875
0.0119991302490234 -0.00206661224365234 0.16131591796875 0.318817138671875
0.00252723693847656 -0.00591182708740234 0.329132080078125 0.07061767578125
0.0249576568603516 -0.0117263793945313 -0.315399169921875 -0.0670471191406251
0.023773193359375 -0.00200462341308594 -0.161712646484375 -0.313995361328125
0.0249214172363281 0.0109920501708984 0.212005615234375 -0.42706298828125
0.00396347045898438 0.0302715301513672 0.63409423828125 -0.1923828125
-0.0340366363525391 0.000671386718749997 0.59100341796875 0.50274658203125
-0.0119895935058594 -0.0564498901367188 0.0415039062499999 0.90435791015625
0.0290107727050781 -0.00184059143066406 -0.3861083984375 0.559814453125
0.0539741516113281 0.027008056640625 -0.00555419921874999 0.0687141418457031
0.0331707000732422 0.00675392150878906 0.484344482421875 -0.483978271484375
0.0288238525390625 -0.0182476043701172 0.09619140625 -0.942138671875
-0.00586605072021485 -0.00643301010131836 -0.6585693359375 -0.52398681640625
-0.0191268920898438 0.00947189331054688 -0.6434326171875 0.19879150390625
0.0121488571166992 0.00411701202392578 -0.22393798828125 0.44598388671875
0.0143718719482422 -0.00251865386962891 0.161468505859375 0.32012939453125
0.00372576713562012 -0.00256800651550293 0.331085205078125 0.07232666015625
0.0242710113525391 -0.0106773376464844 -0.314239501953125 -0.069091796875
0.0274848937988281 -0.00232315063476563 -0.1602783203125 -0.313079833984375
0.0282459259033203 0.00885200500488281 0.21771240234375 -0.422698974609375
0.006195068359375 0.0284767150878906 0.63714599609375 -0.18438720703125
-0.0328102111816406 0.00118827819824218 0.58135986328125 0.50933837890625
-0.0127983093261719 -0.0494346618652344 0.03057861328125 0.90460205078125
0.0236167907714844 0.00574493408203125 -0.392791748046875 0.55743408203125
0.0451164245605469 0.0320549011230469 -0.00513458251953125 0.0679588317871094
0.0249481201171875 0.0145778656005859 0.482269287109375 -0.48370361328125
0.0252361297607422 -0.0106430053710938 0.0910034179687499 -0.9403076171875
-0.00505733489990234 -0.00330448150634766 -0.66229248046875 -0.51806640625
-0.0162811279296875 0.00803756713867188 -0.63995361328125 0.20361328125
0.0168495178222656 0.00168418884277344 -0.2196044921875 0.448760986328125
0.0173673629760742 -0.00395298004150391 0.162841796875 0.320953369140625
0.00386190414428711 -0.000627994537353516 0.331329345703125 0.072357177734375
0.0247516632080078 -0.0103034973144531 -0.312713623046875 -0.072113037109375
0.0289497375488281 -0.00478935241699219 -0.158233642578125 -0.3118896484375
0.0325107574462891 0.00563240051269531 0.2232666015625 -0.41845703125
0.0105838775634766 0.0266590118408203 0.64166259765625 -0.1759033203125
-0.0320148468017578 0.00407600402832031 0.57891845703125 0.5203857421875
-0.0155982971191406 -0.0430679321289063 0.0197753906250001 0.90997314453125
0.0160150527954102 0.0130252838134766 -0.3956298828125 0.555023193359375
0.0365447998046875 0.0361289978027344 -0.00192642211914062 0.0640449523925781
0.0179367065429688 0.0202293395996094 0.477294921875 -0.49102783203125
0.0219745635986328 -0.00421714782714844 0.0759887695312501 -0.943603515625
-0.00350618362426758 -0.000191926956176758 -0.66827392578125 -0.5054931640625
-0.0115327835083008 0.00613594055175781 -0.635009765625 0.2138671875
0.0209503173828125 0.0006256103515625 -0.21429443359375 0.451904296875
0.0192642211914063 -0.00489616394042969 0.166107177734375 0.31976318359375
0.004547119140625 -0.000449180603027344 0.3316650390625 0.069000244140625
0.0243587493896484 -0.0125694274902344 -0.314117431640625 -0.0770874023437499
0.0294914245605469 -0.00697517395019531 -0.15838623046875 -0.3134765625
0.0367660522460938 0.00421524047851563 0.229827880859375 -0.4127197265625
0.0145969390869141 0.0267372131347656 0.646728515625 -0.166015625
-0.0310630798339844 0.00560951232910156 0.570068359375 0.53411865234375
-0.0178489685058594 -0.0374755859375 0.00177001953125009 0.911376953125
0.0108585357666016 0.0183601379394531 -0.40240478515625 0.547454833984375
0.030487060546875 0.0389175415039063 0.00411224365234375 0.05889892578125
0.0115833282470703 0.0245304107666016 0.474456787109375 -0.501373291015625
0.0185737609863281 0.00216102600097656 0.0589599609375001 -0.9415283203125
-0.00236368179321289 0.000907421112060546 -0.67431640625 -0.49285888671875
-0.00689029693603516 0.00420475006103516 -0.62939453125 0.22540283203125
0.0253562927246094 -0.000394821166992187 -0.207733154296875 0.45697021484375
0.0208988189697266 -0.00744056701660156 0.16583251953125 0.317596435546875
0.00489997863769531 -0.00360631942749023 0.33203125 0.064971923828125
0.0249824523925781 -0.0138835906982422 -0.317626953125 -0.082916259765625
0.029541015625 -0.00798988342285156 -0.159210205078125 -0.314117431640625
0.0410690307617188 0.00300979614257813 0.236968994140625 -0.40679931640625
0.0188083648681641 0.0252437591552734 0.6522216796875 -0.152099609375
-0.0303287506103516 0.00638008117675782 0.5640869140625 0.54534912109375
-0.0200653076171875 -0.0335063934326172 -0.0101318359375 0.9090576171875
0.0074615478515625 0.0217304229736328 -0.404571533203125 0.536651611328125
0.0271148681640625 0.0396041870117187 0.0116043090820313 0.0520668029785156
0.00862693786621094 0.0274562835693359 0.47161865234375 -0.511932373046875
0.0157976150512695 0.00530052185058594 0.0462036132812499 -0.944091796875
-0.000989198684692383 0.00367069244384766 -0.67852783203125 -0.476318359375
-0.00310301780700684 0.00253510475158691 -0.6231689453125 0.23675537109375
0.0293807983398438 -0.00204277038574219 -0.20025634765625 0.46002197265625
0.0207691192626953 -0.00966644287109375 0.16845703125 0.314971923828125
0.00482034683227539 -0.00725317001342773 0.3311767578125 0.058441162109375
0.0281963348388672 -0.0222949981689453 -0.3304443359375 -0.0759887695312501
0.0138063430786133 -0.00271034240722656 -0.174407958984375 -0.32708740234375
0.0263309478759766 0.0119056701660156 0.209747314453125 -0.432098388671875
0.00488662719726563 0.0310306549072266 0.646484375 -0.18902587890625
-0.0352745056152344 -0.00238800048828125 0.60479736328125 0.5096435546875
-0.0088043212890625 -0.0666847229003906 0.0469360351562499 0.8990478515625
0.0397834777832031 -0.0187339782714844 -0.378875732421875 0.5491943359375
0.0733795166015625 0.0138397216796875 0.00861358642578126 0.0570755004882813
0.0460472106933594 -0.00827789306640625 0.49053955078125 -0.508056640625
0.0327224731445313 -0.0285205841064453 0.0812377929687499 -0.956298828125
-0.00609874725341797 -0.00740671157836914 -0.67218017578125 -0.51007080078125
-0.0182552337646484 0.0115890502929688 -0.63958740234375 0.2191162109375
0.0114889144897461 0.00623130798339844 -0.219146728515625 0.45355224609375
0.00670528411865234 -0.00348472595214844 0.160919189453125 0.313690185546875
0.00263595581054687 -0.0154294967651367 0.33013916015625 0.059234619140625
0.0266609191894531 -0.0176029205322266 -0.325958251953125 -0.06988525390625
0.0165023803710937 -0.00245380401611328 -0.170440673828125 -0.321533203125
0.0232753753662109 0.0127162933349609 0.20855712890625 -0.432525634765625
0.00317955017089844 0.0315265655517578 0.64227294921875 -0.195556640625
-0.0357513427734375 -0.00270843505859375 0.60235595703125 0.5064697265625
-0.00973129272460938 -0.0665321350097656 0.0516967773437501 0.90576171875
0.0387840270996094 -0.0147628784179687 -0.383514404296875 0.559814453125
0.0699386596679688 0.0177841186523438 0.00156021118164063 0.0626678466796875
0.044891357421875 -0.00471878051757813 0.492889404296875 -0.5006103515625
0.0331153869628906 -0.0268287658691406 0.09478759765625 -0.9595947265625
-0.00667428970336914 -0.0082082748413086 -0.66583251953125 -0.52386474609375
-0.0209407806396484 0.0119056701660156 -0.6451416015625 0.2105712890625
0.00986766815185547 0.00621128082275391 -0.223175048828125 0.449066162109375
0.00836515426635742 -0.00275039672851563 0.16241455078125 0.31365966796875
0.00324058532714844 -0.00881481170654297 0.330291748046875 0.062957763671875
0.0239124298095703 -0.0149040222167969 -0.324005126953125 -0.0655517578125
0.0201168060302734 -0.00128555297851563 -0.169158935546875 -0.31854248046875
0.0229740142822266 0.0120658874511719 0.208221435546875 -0.432769775390625
0.00303840637207031 0.0309066772460938 0.6365966796875 -0.20013427734375
-0.0355567932128906 -0.000995635986328132 0.6033935546875 0.50054931640625
-0.0109901428222656 -0.0629196166992188 0.04998779296875 0.90545654296875
0.0347881317138672 -0.0104274749755859 -0.384765625 0.5635986328125
0.0640106201171875 0.0216217041015625 -0.0040130615234375 0.0682258605957031
0.0406875610351563 0.001220703125 0.490264892578125 -0.490142822265625
0.03155517578125 -0.0234832763671875 0.09515380859375 -0.9525146484375
-0.00624704360961914 -0.00805854797363281 -0.6663818359375 -0.5234375
-0.0209617614746094 0.0107364654541016 -0.64642333984375 0.20745849609375
0.0106115341186523 0.00460910797119141 -0.224456787109375 0.44744873046875
0.0112323760986328 -0.00183296203613281 0.16552734375 0.320831298828125
0.00299739837646484 -0.00570964813232422 0.332489013671875 0.068603515625
0.02447509765625 -0.0119838714599609 -0.3193359375 -0.064605712890625
0.0236568450927734 -0.00143241882324219 -0.16632080078125 -0.31536865234375
0.0262432098388672 0.0105953216552734 0.212066650390625 -0.433013916015625
0.00477981567382813 0.029754638671875 0.638427734375 -0.198974609375
-0.0340766906738281 0.000703811645507813 0.599365234375 0.50433349609375
-0.0120429992675781 -0.0566139221191406 0.0490722656250001 0.91217041015625
0.0298748016357422 -0.00281715393066406 -0.385986328125 0.568115234375
0.0550079345703125 0.0260086059570313 -0.005950927734375 0.0705184936523438
0.0336437225341797 0.00732803344726562 0.485687255859375 -0.491455078125
0.0290565490722656 -0.0181560516357422 0.0910644531249999 -0.9530029296875
-0.00607728958129883 -0.00660181045532226 -0.66729736328125 -0.52447509765625
-0.0196456909179688 0.0102596282958984 -0.64630126953125 0.20562744140625
0.0117654800415039 0.00311088562011719 -0.22021484375 0.4498291015625
0.0143089294433594 -0.00323486328125 0.166412353515625 0.322357177734375
0.00309967994689941 -0.00238466262817383 0.33428955078125 0.070465087890625
0.0236015319824219 -0.0109901428222656 -0.31732177734375 -0.066375732421875
0.02581787109375 -0.00290870666503906 -0.1632080078125 -0.312774658203125
0.0276165008544922 0.00703239440917969 0.216339111328125 -0.428192138671875
0.00777435302734375 0.0284633636474609 0.64117431640625 -0.18914794921875
-0.0335845947265625 0.00086402893066406 0.5908203125 0.51129150390625
-0.0151634216308594 -0.050537109375 0.03607177734375 0.9117431640625
0.0232124328613281 0.00539207458496094 -0.391845703125 0.56494140625
0.045318603515625 0.0319137573242188 -0.00551605224609375 0.069000244140625
0.0258121490478516 0.0141525268554688 0.483245849609375 -0.490325927734375
0.024810791015625 -0.0102634429931641 0.08538818359375 -0.94915771484375
-0.00516366958618164 -0.00366735458374023 -0.669921875 -0.51873779296875
-0.0156259536743164 0.00778770446777344 -0.6434326171875 0.2099609375
0.0164699554443359 0.000974655151367188 -0.21832275390625 0.453094482421875
0.0171947479248047 -0.00312519073486328 0.166961669921875 0.323486328125
0.00345039367675781 -0.000246763229370117 0.335357666015625 0.0703125
0.0237712860107422 -0.0114784240722656 -0.31622314453125 -0.069793701171875
0.0290737152099609 -0.00562667846679688 -0.1632080078125 -0.3134765625
0.0322856903076172 0.0048675537109375 0.22308349609375 -0.4229736328125
0.0115623474121094 0.0266208648681641 0.64398193359375 -0.18316650390625
-0.0324745178222656 0.00353431701660156 0.5872802734375 0.52203369140625
-0.0171432495117188 -0.0433807373046875 0.0251464843750001 0.9166259765625
0.0163173675537109 0.0127859115600586 -0.39617919921875 0.56365966796875
0.03704833984375 0.0358238220214844 -0.00180435180664063 0.0663337707519531
0.0190353393554688 0.0206928253173828 0.480194091796875 -0.497711181640625
0.0217475891113281 -0.00334548950195312 0.07110595703125 -0.95074462890625
-0.00386881828308105 0.000133991241455077 -0.67657470703125 -0.50714111328125
-0.0109586715698242 0.00661087036132813 -0.64019775390625 0.2197265625
0.0216026306152344 0.000354766845703125 -0.212127685546875 0.4569091796875
0.0196170806884766 -0.00563430786132813 0.168853759765625 0.321929931640625
0.0038912296295166 -0.00128698348999023 0.335968017578125 0.067352294921875
0.0241889953613281 -0.0129928588867188 -0.3175048828125 -0.073822021484375
0.0293369293212891 -0.00691413879394531 -0.162811279296875 -0.312957763671875
0.0372695922851563 0.00323104858398438 0.228790283203125 -0.41754150390625
0.0159492492675781 0.02569580078125 0.65191650390625 -0.17083740234375
-0.0307140350341797 0.00619888305664063 0.580810546875 0.53314208984375
-0.0195693969726563 -0.0372238159179688 0.00946044921875 0.9171142578125
0.0103588104248047 0.0178432464599609 -0.401123046875 0.554046630859375
0.031158447265625 0.0388679504394531 0.00428771972656251 0.0605392456054687
0.0128002166748047 0.0256156921386719 0.475250244140625 -0.507293701171875
0.0182952880859375 0.0021820068359375 0.0535888671875001 -0.95050048828125
-0.00193643569946289 0.00301122665405273 -0.6837158203125 -0.49359130859375
-0.00753355026245117 0.00436687469482422 -0.6326904296875 0.2308349609375
0.0258064270019531 -0.000974655151367187 -0.204559326171875 0.46051025390625
0.0205059051513672 -0.00804519653320313 0.171234130859375 0.319488525390625
0.0045008659362793 -0.00333976745605469 0.335906982421875 0.06158447265625
0.0247402191162109 -0.0153980255126953 -0.32196044921875 -0.0788269042968749
0.0303363800048828 -0.00849533081054688 -0.1640625 -0.314788818359375
0.0420989990234375 0.00200653076171875 0.235626220703125 -0.4127197265625
0.0187759399414063 0.0249595642089844 0.6580810546875 -0.15838623046875
-0.0303459167480469 0.00687408447265625 0.57269287109375 0.54620361328125
-0.0214576721191406 -0.0338115692138672 -0.00616455078124998 0.91668701171875
0.00813484191894531 0.0216579437255859 -0.405487060546875 0.545318603515625
0.028106689453125 0.0386924743652344 0.0117759704589844 0.0535202026367187
0.00872802734375 0.0283775329589844 0.4713134765625 -0.5185546875
0.0159387588500977 0.00601768493652344 0.0408935546875001 -0.952392578125
-0.00116539001464844 0.00445318222045898 -0.68841552734375 -0.4771728515625
-0.00223231315612793 0.00229310989379883 -0.62530517578125 0.244140625
0.0296573638916016 -0.00168228149414063 -0.197265625 0.465484619140625
0.0202293395996094 -0.00975227355957031 0.171661376953125 0.315948486328125
0.00398492813110352 -0.00571012496948242 0.335601806640625 0.055450439453125
0.0267581939697266 -0.0227565765380859 -0.33392333984375 -0.072479248046875
0.0135536193847656 -0.00312137603759766 -0.1793212890625 -0.32574462890625
0.0256061553955078 0.0120372772216797 0.20849609375 -0.437652587890625
0.00531768798828125 0.0305290222167969 0.649169921875 -0.19696044921875
-0.0356216430664063 -0.00191879272460938 0.61578369140625 0.5113525390625
-0.0106849670410156 -0.0679664611816406 0.0559082031249999 0.90545654296875
0.0407371520996094 -0.0189781188964844 -0.37933349609375 0.5577392578125
0.0741500854492187 0.0131149291992188 0.00774002075195313 0.0571327209472656
0.0469398498535156 -0.00799942016601562 0.49078369140625 -0.51458740234375
0.0325336456298828 -0.028106689453125 0.0750732421875 -0.96734619140625
-0.00578117370605469 -0.00753402709960938 -0.68194580078125 -0.51068115234375
-0.0175695419311523 0.0122432708740234 -0.64239501953125 0.22515869140625
0.0118474960327148 0.00543975830078125 -0.218109130859375 0.458221435546875
0.00581073760986328 -0.00386762619018555 0.16546630859375 0.315338134765625
0.00315761566162109 -0.0150814056396484 0.33428955078125 0.0562744140625
0.0258007049560547 -0.0185337066650391 -0.32916259765625 -0.065826416015625
0.0163698196411133 -0.00300502777099609 -0.17626953125 -0.322235107421875
0.0254001617431641 0.0118122100830078 0.205474853515625 -0.4393310546875
0.00290679931640625 0.0313205718994141 0.64501953125 -0.20281982421875
-0.03631591796875 -0.00229644775390624 0.61419677734375 0.50579833984375
-0.00964736938476562 -0.0671920776367188 0.0590820312500001 0.91229248046875
0.0395240783691406 -0.0155487060546875 -0.38165283203125 0.5679931640625
0.0714645385742188 0.0164794921875 0.00171661376953125 0.0646743774414063
0.0454597473144531 -0.0046539306640625 0.493743896484375 -0.50787353515625
0.0335216522216797 -0.027801513671875 0.0870361328124999 -0.96832275390625
-0.00639820098876953 -0.00888252258300781 -0.6771240234375 -0.522216796875
-0.0212059020996094 0.0131816864013672 -0.64862060546875 0.216796875
0.00990772247314453 0.00623798370361328 -0.22052001953125 0.454376220703125
0.00898265838623047 -0.00260162353515625 0.1673583984375 0.31524658203125
0.0034637451171875 -0.00966262817382812 0.3331298828125 0.06072998046875
0.0236358642578125 -0.0150489807128906 -0.327392578125 -0.063385009765625
0.0216236114501953 -0.000196456909179687 -0.174102783203125 -0.318389892578125
0.0240898132324219 0.0109100341796875 0.205322265625 -0.438934326171875
0.00278282165527344 0.0316543579101563 0.64154052734375 -0.2064208984375
-0.035736083984375 -0.000732421874999999 0.61309814453125 0.49871826171875
-0.0121078491210938 -0.0626983642578125 0.0595703125 0.91302490234375
0.03533935546875 -0.0113296508789063 -0.38330078125 0.5721435546875
0.065338134765625 0.0215377807617188 -0.00340270996093749 0.0690078735351563
0.0408821105957031 -0.0002593994140625 0.490936279296875 -0.49945068359375
0.0323104858398438 -0.0230236053466797 0.0889892578124999 -0.9620361328125
-0.00730419158935547 -0.00880050659179688 -0.67376708984375 -0.52520751953125
-0.0210742950439453 0.0118465423583984 -0.6507568359375 0.21490478515625
0.009613037109375 0.00416946411132813 -0.220947265625 0.453857421875
0.0105180740356445 -0.00339698791503906 0.168548583984375 0.320831298828125
0.00272464752197266 -0.00607490539550781 0.336944580078125 0.06488037109375
0.0241165161132813 -0.0114727020263672 -0.322784423828125 -0.061767578125
0.0227146148681641 -0.00271415710449219 -0.171661376953125 -0.31634521484375
0.0266761779785156 0.00907325744628906 0.20941162109375 -0.436553955078125
0.00487899780273437 0.0290031433105469 0.64306640625 -0.20458984375
-0.0341415405273437 -0.00017929077148438 0.60992431640625 0.5042724609375
-0.0143661499023438 -0.0574455261230469 0.05731201171875 0.91851806640625
0.0300979614257813 -0.00378227233886719 -0.38592529296875 0.57611083984375
0.0568351745605469 0.0257606506347656 -0.00536346435546875 0.07122802734375
0.0349273681640625 0.00659942626953125 0.4869384765625 -0.49859619140625
0.0296173095703125 -0.0184497833251953 0.0833740234375 -0.96234130859375
-0.00588083267211914 -0.00638484954833985 -0.6788330078125 -0.52496337890625
-0.0191745758056641 0.0109348297119141 -0.65106201171875 0.21490478515625
0.0120229721069336 0.00320339202880859 -0.218658447265625 0.454833984375
0.0140571594238281 -0.0035400390625 0.16998291015625 0.3231201171875
0.00371408462524414 -0.000557899475097656 0.338653564453125 0.06646728515625
0.0231113433837891 -0.0107460021972656 -0.32147216796875 -0.0625305175781249
0.0273170471191406 -0.00351524353027344 -0.167938232421875 -0.313995361328125
0.0296058654785156 0.00656318664550781 0.214080810546875 -0.434295654296875
0.00864028930664063 0.0277233123779297 0.644287109375 -0.1973876953125
-0.0353775024414063 0.0019378662109375 0.60284423828125 0.51123046875
-0.0145835876464844 -0.0498847961425781 0.0450439453125 0.91937255859375
0.0234394073486328 0.00456047058105469 -0.39080810546875 0.57171630859375
0.0467720031738281 0.0325202941894531 -0.00506591796875 0.0700645446777344
0.0276966094970703 0.015289306640625 0.485076904296875 -0.497528076171875
0.0252418518066406 -0.00972747802734375 0.0784912109375 -0.95849609375
-0.00545263290405273 -0.00466251373291016 -0.6805419921875 -0.5152587890625
-0.0145387649536133 0.00931358337402344 -0.64678955078125 0.2181396484375
0.0169925689697266 0.00201702117919922 -0.215087890625 0.45751953125
0.0173931121826172 -0.00370311737060547 0.171844482421875 0.324188232421875
0.00307607650756836 -0.000264644622802734 0.33917236328125 0.068206787109375
0.0234775543212891 -0.012420654296875 -0.321136474609375 -0.066558837890625
0.0278205871582031 -0.00469970703125 -0.168060302734375 -0.313079833984375
0.0337314605712891 0.00418281555175781 0.219818115234375 -0.4296875
0.0120353698730469 0.0268535614013672 0.64984130859375 -0.1910400390625
-0.0321769714355469 0.00418281555175781 0.59942626953125 0.5224609375
-0.0194854736328125 -0.0436286926269531 0.0333251953125001 0.9261474609375
0.0172805786132813 0.0119514465332031 -0.39483642578125 0.57000732421875
0.0392112731933594 0.035491943359375 -0.00226593017578125 0.0669403076171875
0.0196819305419922 0.0215415954589844 0.480194091796875 -0.506134033203125
0.0214252471923828 -0.00397872924804688 0.0647583007812499 -0.962158203125
-0.00446319580078125 -0.000250816345214844 -0.6875 -0.505126953125
-0.0113992691040039 0.00783348083496094 -0.64544677734375 0.22821044921875
0.0208683013916016 0 -0.209747314453125 0.46337890625
0.0195903778076172 -0.00598526000976563 0.1739501953125 0.322540283203125
0.00456857681274414 -8.96453857421875E-05 0.340789794921875 0.06488037109375
0.0240554809570312 -0.0124130249023437 -0.321807861328125 -0.0711669921875001
0.0292453765869141 -0.00746536254882812 -0.1676025390625 -0.313323974609375
0.037841796875 0.002685546875 0.22747802734375 -0.4228515625
0.0164718627929688 0.0258960723876953 0.65576171875 -0.17718505859375
-0.0327491760253906 0.00596046447753906 0.59002685546875 0.5350341796875
-0.0215873718261719 -0.0365753173828125 0.0164184570312501 0.92584228515625
0.0116710662841797 0.0184478759765625 -0.400390625 0.563232421875
0.0314445495605469 0.0385246276855469 0.00400543212890625 0.0606613159179688
0.0122241973876953 0.0255584716796875 0.474853515625 -0.515716552734375
0.0183601379394531 0.00188827514648437 0.048095703125 -0.959228515625
-0.00202155113220215 0.00270819664001465 -0.69415283203125 -0.4920654296875
-0.00694942474365234 0.00552940368652344 -0.63507080078125 0.24005126953125
0.0256423950195313 -0.000547409057617188 -0.203125 0.465484619140625
0.0203628540039063 -0.00839424133300781 0.17529296875 0.31964111328125
0.00343966484069824 -0.00238537788391113 0.33984375 0.057861328125
0.0225734710693359 -0.0164299011230469 -0.325408935546875 -0.0753173828125
0.0297622680664063 -0.00873947143554688 -0.167572021484375 -0.314849853515625
0.0413246154785156 -4.1961669921875E-05 0.234130859375 -0.419677734375
0.0207977294921875 0.0245742797851562 0.6617431640625 -0.16571044921875
-0.0305633544921875 0.00733184814453125 0.58251953125 0.5469970703125
-0.0226345062255859 -0.0333137512207031 0.00311279296874995 0.92645263671875
0.00820541381835937 0.0207099914550781 -0.4056396484375 0.553131103515625
0.02862548828125 0.0390434265136719 0.0111656188964844 0.0546302795410156
0.0104503631591797 0.0289268493652344 0.473419189453125 -0.5267333984375
0.017247200012207 0.00649547576904297 0.03143310546875 -0.96270751953125
-0.00108504295349121 0.00406551361083984 -0.6986083984375 -0.4752197265625
-0.00238966941833496 0.00382041931152344 -0.6290283203125 0.2503662109375
0.0297870635986328 -0.0024871826171875 -0.196044921875 0.471588134765625
0.0204868316650391 -0.010345458984375 0.1773681640625 0.3167724609375
0.00391340255737305 -0.00516843795776367 0.339111328125 0.05242919921875
0.0271453857421875 -0.0235500335693359 -0.338592529296875 -0.068634033203125
0.0143928527832031 -0.00327205657958984 -0.18426513671875 -0.326019287109375
0.0266742706298828 0.0102672576904297 0.20550537109375 -0.44317626953125
0.006439208984375 0.0288944244384766 0.65447998046875 -0.20599365234375
-0.0360641479492188 -0.0012969970703125 0.6279296875 0.509033203125
-0.0119285583496094 -0.067901611328125 0.0653076171874999 0.9156494140625
0.0413475036621094 -0.0201263427734375 -0.375732421875 0.564697265625
0.0760726928710937 0.0118942260742188 0.00825881958007813 0.0587654113769531
0.0478858947753906 -0.009246826171875 0.488494873046875 -0.522735595703125
0.0334873199462891 -0.0290393829345703 0.06353759765625 -0.97528076171875
-0.00557518005371094 -0.00840950012207031 -0.69354248046875 -0.507080078125
-0.0180530548095703 0.0140724182128906 -0.6456298828125 0.237060546875
0.0128345489501953 0.00492763519287109 -0.213348388671875 0.46295166015625
0.00627326965332031 -0.00345993041992187 0.1707763671875 0.314849853515625
0.00319671630859375 -0.0139570236206055 0.33740234375 0.052459716796875
0.0249614715576172 -0.0177497863769531 -0.332366943359375 -0.0626525878906249
0.0166711807250977 -0.00202465057373047 -0.181793212890625 -0.3211669921875
0.0245761871337891 0.0113067626953125 0.2030029296875 -0.444122314453125
0.00482749938964844 0.0306072235107422 0.64727783203125 -0.2108154296875
-0.0371818542480469 -0.001678466796875 0.62677001953125 0.50469970703125
-0.0127983093261719 -0.0668525695800781 0.0690307617187499 0.91986083984375
0.03924560546875 -0.0169906616210938 -0.379150390625 0.575439453125
0.0721893310546875 0.0155868530273438 0.001922607421875 0.0654487609863281
0.046630859375 -0.0050201416015625 0.490386962890625 -0.516265869140625
0.0340824127197266 -0.0280075073242188 0.0788574218749999 -0.97882080078125
-0.00629997253417969 -0.00833940505981445 -0.68701171875 -0.5191650390625
-0.0194778442382813 0.0138168334960937 -0.65203857421875 0.22515869140625
0.00927734375 0.00510120391845703 -0.218048095703125 0.460113525390625
0.00853347778320313 -0.00279140472412109 0.17376708984375 0.31634521484375
0.00283956527709961 -0.00866270065307617 0.33709716796875 0.05609130859375
0.0236968994140625 -0.0164775848388672 -0.3309326171875 -0.0582885742187499
0.0202579498291016 -0.00146675109863281 -0.1793212890625 -0.319549560546875
0.0250968933105469 0.0102291107177734 0.202362060546875 -0.44622802734375
0.00341987609863281 0.0302791595458984 0.6458740234375 -0.21734619140625
-0.0361709594726563 -0.000579833984374993 0.6240234375 0.4979248046875
-0.0139312744140625 -0.0625343322753906 0.0682983398437499 0.919921875
0.0352363586425781 -0.01104736328125 -0.3798828125 0.58050537109375
0.0666389465332031 0.0201683044433594 -0.00334548950195312 0.0697288513183594
0.0422554016113281 0.00022125244140625 0.488739013671875 -0.50714111328125
0.0321273803710938 -0.0250282287597656 0.0810546875 -0.97076416015625
-0.00682592391967773 -0.00821256637573242 -0.68603515625 -0.52032470703125
-0.0200996398925781 0.0131454467773438 -0.6527099609375 0.22210693359375
0.0102167129516602 0.00380897521972656 -0.2166748046875 0.459014892578125
0.0107746124267578 -0.00273323059082031 0.175018310546875 0.321868896484375
0.00255322456359863 -0.00375461578369141 0.34185791015625 0.062103271484375
0.0234775543212891 -0.0122280120849609 -0.3270263671875 -0.059112548828125
0.0232124328613281 -0.0029296875 -0.175811767578125 -0.316131591796875
0.0269203186035156 0.0092620849609375 0.206329345703125 -0.4447021484375
0.00614738464355468 0.0296344757080078 0.6466064453125 -0.21441650390625
-0.0348377227783203 0.00107002258300781 0.62310791015625 0.50408935546875
-0.0155563354492188 -0.0572967529296875 0.0675048828124999 0.92523193359375
0.0298061370849609 -0.00455665588378906 -0.3819580078125 0.58526611328125
0.0572395324707031 0.0251045227050781 -0.00544738769531249 0.0727005004882813
0.0359382629394531 0.00890350341796875 0.48590087890625 -0.505828857421875
0.0296611785888672 -0.0183620452880859 0.0747680664062499 -0.97076416015625
-0.00608396530151367 -0.00686454772949219 -0.68951416015625 -0.5233154296875
-0.0190258026123047 0.011962890625 -0.65380859375 0.2218017578125
0.012420654296875 0.00360298156738281 -0.213409423828125 0.461334228515625
0.0152921676635742 -0.00363922119140625 0.175933837890625 0.322418212890625
0.00401473045349121 -0.000890016555786133 0.342041015625 0.0634765625
0.0224361419677734 -0.0120105743408203 -0.32611083984375 -0.0608215332031249
0.0265598297119141 -0.00358390808105469 -0.173980712890625 -0.3143310546875
0.0286083221435547 0.00669097900390625 0.211700439453125 -0.4378662109375
0.00953102111816406 0.0273284912109375 0.64788818359375 -0.20599365234375
-0.0343856811523438 0.00193214416503906 0.61279296875 0.50970458984375
-0.0174102783203125 -0.0509834289550781 0.0538940429687499 0.9266357421875
0.0233249664306641 0.00438117980957031 -0.388671875 0.580810546875
0.0464973449707031 0.0299720764160156 -0.00439453125 0.0722503662109375
0.0281772613525391 0.0156192779541016 0.482818603515625 -0.505157470703125
0.024871826171875 -0.0108299255371094 0.0693969726562501 -0.96826171875
-0.00497674942016602 -0.00339365005493164 -0.6893310546875 -0.51324462890625
-0.0162200927734375 0.010014533996582 -0.649658203125 0.2266845703125
0.0159235000610352 0.00133037567138672 -0.211395263671875 0.4622802734375
0.0169649124145508 -0.00448703765869141 0.1767578125 0.323455810546875
0.00323820114135742 0.000893115997314453 0.34283447265625 0.06298828125
0.0222244262695313 -0.0115966796875 -0.324371337890625 -0.0632934570312501
0.0286750793457031 -0.00584793090820313 -0.17315673828125 -0.312774658203125
0.0342254638671875 0.00331687927246094 0.217529296875 -0.4344482421875
0.0122413635253906 0.0260791778564453 0.6531982421875 -0.1983642578125
-0.0328407287597656 0.00551795959472656 0.61016845703125 0.52142333984375
-0.0197830200195313 -0.0438156127929688 0.043701171875 0.93194580078125
0.0181541442871094 0.0132045745849609 -0.39288330078125 0.5792236328125
0.0394935607910156 0.0343360900878906 -0.00207901000976563 0.0686149597167969
0.0208015441894531 0.0219001770019531 0.4781494140625 -0.51239013671875
0.0226001739501953 -0.00343704223632813 0.0529785156250001 -0.97088623046875
-0.00304126739501953 -0.000761270523071289 -0.6973876953125 -0.501708984375
-0.0108880996704102 0.00770664215087891 -0.64581298828125 0.23583984375
0.020050048828125 -0.00017547607421875 -0.206329345703125 0.466705322265625
0.0186538696289062 -0.00591850280761719 0.1796875 0.32342529296875
0.00424647331237793 -0.000360488891601563 0.34307861328125 0.059844970703125
0.0229682922363281 -0.0135726928710938 -0.3253173828125 -0.0674743652343749
0.0296993255615234 -0.00831031799316406 -0.171630859375 -0.3134765625
0.0384254455566406 0.00104904174804688 0.224884033203125 -0.4307861328125
0.0158214569091797 0.0243663787841797 0.65972900390625 -0.1865234375
-0.0340118408203125 0.00632286071777344 0.6019287109375 0.532470703125
-0.0220718383789062 -0.03741455078125 0.0272827148437501 0.9317626953125
0.0116748809814453 0.0187225341796875 -0.39837646484375 0.57232666015625
0.0329666137695313 0.0380287170410156 0.00424575805664063 0.062042236328125
0.0158214569091797 0.0272903442382812 0.474700927734375 -0.523345947265625
0.0197906494140625 0.00165176391601562 0.03717041015625 -0.9705810546875
-0.00255823135375977 0.00175571441650391 -0.7032470703125 -0.4898681640625
-0.00633621215820313 0.0050654411315918 -0.63800048828125 0.24871826171875
0.0257835388183594 -0.000898361206054688 -0.198944091796875 0.47113037109375
0.0206413269042969 -0.00910186767578125 0.179779052734375 0.321014404296875
0.00523710250854492 -0.00229549407958984 0.3433837890625 0.056182861328125
0.0228977203369141 -0.0148468017578125 -0.3292236328125 -0.072967529296875
0.0290393829345703 -0.00967979431152344 -0.172210693359375 -0.31549072265625
0.0426902770996094 0.00020599365234375 0.232025146484375 -0.42425537109375
0.0205173492431641 0.0239410400390625 0.6671142578125 -0.175048828125
-0.0308094024658203 0.00745010375976563 0.59539794921875 0.5465087890625
-0.0243854522705078 -0.0334033966064453 0.0142211914062499 0.93231201171875
0.00739669799804688 0.0199451446533203 -0.40234375 0.561065673828125
0.0296745300292969 0.0385169982910156 0.0119285583496094 0.055572509765625
0.0112991333007812 0.0300045013427734 0.472198486328125 -0.533782958984375
0.0166244506835938 0.00568485260009766 0.023193359375 -0.96990966796875
-0.000589847564697265 0.00388550758361816 -0.7103271484375 -0.47198486328125
-0.00205373764038086 0.00297355651855469 -0.632080078125 0.2611083984375
0.0298194885253906 -0.00314712524414063 -0.190032958984375 0.476287841796875
0.0207595825195313 -0.00973129272460938 0.18157958984375 0.317413330078125
0.00417947769165039 -0.00519466400146484 0.3421630859375 0.047515869140625
0.0253143310546875 -0.0235691070556641 -0.341278076171875 -0.0639953613281249
0.0126304626464844 -0.00321578979492188 -0.190826416015625 -0.32562255859375
0.0270881652832031 0.0100288391113281 0.200286865234375 -0.44830322265625
0.00679397583007813 0.0297069549560547 0.65557861328125 -0.21453857421875
-0.0369377136230469 -0.0025787353515625 0.63714599609375 0.5037841796875
-0.0147018432617187 -0.0669784545898438 0.0771484375 0.91839599609375
0.0401763916015625 -0.0205574035644531 -0.37310791015625 0.57244873046875
0.0756072998046875 0.0112991333007813 0.00828170776367188 0.0594902038574219
0.0494918823242188 -0.00946426391601563 0.485137939453125 -0.532684326171875
0.0338382720947266 -0.0297775268554688 0.05352783203125 -0.98468017578125
-0.00617074966430664 -0.00797700881958008 -0.7034912109375 -0.50146484375
-0.0175704956054688 0.0139579772949219 -0.64605712890625 0.24578857421875
0.0115690231323242 0.00512790679931641 -0.206756591796875 0.46820068359375
0.00625038146972656 -0.00407075881958008 0.175933837890625 0.31591796875
0.00320243835449219 -0.0136051177978516 0.341552734375 0.04852294921875
0.0238151550292969 -0.0188446044921875 -0.336090087890625 -0.0570983886718751
0.0162801742553711 -0.00298786163330078 -0.186981201171875 -0.32080078125
0.0248565673828125 0.0111904144287109 0.19866943359375 -0.449798583984375
0.00525283813476562 0.0298671722412109 0.65020751953125 -0.22052001953125
-0.0372467041015625 -0.00165557861328125 0.6363525390625 0.50103759765625
-0.0146865844726562 -0.066192626953125 0.0814208984375 0.92559814453125
0.0393104553222656 -0.0174331665039063 -0.37396240234375 0.58416748046875
0.0730209350585938 0.0141754150390625 0.00206756591796876 0.0669364929199219
0.0471611022949219 -0.00655746459960938 0.4884033203125 -0.524993896484375
0.0330486297607422 -0.0289230346679688 0.0662231445312499 -0.984619140625
-0.00634384155273438 -0.00900840759277344 -0.69769287109375 -0.51422119140625
-0.02032470703125 0.0143833160400391 -0.65179443359375 0.23565673828125
0.00883007049560547 0.00469589233398438 -0.213775634765625 0.463104248046875
0.00836801528930664 -0.00323867797851563 0.17791748046875 0.3150634765625
0.00288963317871094 -0.00763368606567383 0.341552734375 0.052398681640625
0.0231494903564453 -0.0157127380371094 -0.33441162109375 -0.054779052734375
0.0193042755126953 -0.00258636474609375 -0.18536376953125 -0.317596435546875
0.0253105163574219 0.00905418395996094 0.1978759765625 -0.45123291015625
0.00525474548339844 0.0293941497802734 0.64727783203125 -0.2259521484375
-0.0366592407226563 1.52587890625026E-05 0.63458251953125 0.49462890625
-0.0154838562011719 -0.0629844665527344 0.0816650390625 0.923095703125
0.0348548889160156 -0.0118541717529297 -0.37652587890625 0.5888671875
0.0672149658203125 0.0190086364746094 -0.00345611572265625 0.0711898803710938
0.04315185546875 -0.000102996826171875 0.485565185546875 -0.514190673828125
0.0320301055908203 -0.0246105194091797 0.0693359374999999 -0.97821044921875
-0.00629186630249023 -0.00813198089599609 -0.6973876953125 -0.51531982421875
-0.0201835632324219 0.0134677886962891 -0.6544189453125 0.23297119140625
0.00909233093261719 0.00356769561767578 -0.212432861328125 0.462249755859375
0.0100011825561523 -0.00295925140380859 0.180084228515625 0.323211669921875
0.00260424613952637 -0.00357699394226074 0.345458984375 0.056610107421875
0.0227489471435547 -0.0134658813476563 -0.330413818359375 -0.05419921875
0.0230960845947266 -0.0035247802734375 -0.179901123046875 -0.314117431640625
0.0267562866210938 0.00750541687011719 0.2010498046875 -0.448577880859375
0.00581169128417969 0.0284786224365234 0.64715576171875 -0.2252197265625
-0.0359001159667969 0.000415802001953125 0.63311767578125 0.49871826171875
-0.0183753967285156 -0.0570030212402344 0.0806884765625 0.930908203125
0.0304679870605469 -0.00417709350585938 -0.37762451171875 0.5921630859375
0.0587120056152344 0.0243759155273438 -0.00592041015625 0.0737075805664062
0.0364952087402344 0.0072479248046875 0.482086181640625 -0.513916015625
0.029693603515625 -0.0186614990234375 0.0659790039062501 -0.97918701171875
-0.00560951232910156 -0.00580215454101563 -0.70159912109375 -0.5152587890625
-0.0183353424072266 0.0118885040283203 -0.65447998046875 0.23236083984375
0.0123558044433594 0.00323772430419922 -0.210235595703125 0.46466064453125
0.0139827728271484 -0.00345039367675781 0.1817626953125 0.323760986328125
0.00270557403564453 -0.000629901885986328 0.345794677734375 0.059356689453125
0.0213623046875 -0.0115852355957031 -0.328582763671875 -0.0555725097656249
0.0261554718017578 -0.0044097900390625 -0.17919921875 -0.311676025390625
0.0293045043945313 0.00579071044921875 0.207611083984375 -0.444793701171875
0.00974273681640625 0.0270729064941406 0.6500244140625 -0.2166748046875
-0.0356216430664063 0.00265884399414062 0.62384033203125 0.5059814453125
-0.0197181701660156 -0.0499839782714844 0.06585693359375 0.93048095703125
0.0237293243408203 0.00365447998046875 -0.384033203125 0.58917236328125
0.049407958984375 0.0297508239746094 -0.0048980712890625 0.0729446411132813
0.0290012359619141 0.0146923065185547 0.479156494140625 -0.513275146484375
0.0261573791503906 -0.0113792419433594 0.0579833984375 -0.97369384765625
-0.00510358810424805 -0.00316762924194336 -0.7041015625 -0.50933837890625
-0.0149297714233398 0.0110292434692383 -0.65045166015625 0.2359619140625
0.0144720077514648 0.000738143920898438 -0.206329345703125 0.467010498046875
0.0168743133544922 -0.00560855865478516 0.182373046875 0.324005126953125
0.00353789329528809 0.00146698951721191 0.346527099609375 0.0584716796875
0.0221195220947266 -0.0123195648193359 -0.32757568359375 -0.0589599609375
0.0282440185546875 -0.00645256042480469 -0.178955078125 -0.310791015625
0.0338134765625 0.00239372253417969 0.2139892578125 -0.4410400390625
0.0127086639404297 0.0255985260009766 0.65509033203125 -0.208251953125
-0.03369140625 0.00547409057617187 0.62188720703125 0.51690673828125
-0.0215644836425781 -0.0430831909179688 0.0541992187499999 0.9385986328125
0.0169239044189453 0.0116128921508789 -0.38775634765625 0.58685302734375
0.0411300659179688 0.034423828125 -0.0021209716796875 0.0698089599609375
0.021697998046875 0.0219078063964844 0.474456787109375 -0.52105712890625
0.0223312377929688 -0.00416183471679688 0.0416259765625 -0.97747802734375
-0.00273466110229492 -0.000186920166015625 -0.70904541015625 -0.49676513671875
-0.0107250213623047 0.00759124755859375 -0.64788818359375 0.244873046875
0.0203151702880859 -0.000116348266601563 -0.20123291015625 0.471923828125
0.0192985534667969 -0.00693130493164062 0.185791015625 0.3218994140625
0.00423479080200195 0.00100946426391602 0.346710205078125 0.05596923828125
0.0222911834716797 -0.0135841369628906 -0.328369140625 -0.06304931640625
0.0287532806396484 -0.00880050659179688 -0.177520751953125 -0.312530517578125
0.0388603210449219 -0.0005645751953125 0.222381591796875 -0.43585205078125
0.0174236297607422 0.0235004425048828 0.6641845703125 -0.1956787109375
-0.033203125 0.00655364990234375 0.6134033203125 0.53021240234375
-0.0232963562011719 -0.0369377136230469 0.0382080078125 0.93963623046875
0.0120525360107422 0.0175971984863281 -0.39349365234375 0.578125
0.0342559814453125 0.0365791320800781 0.00434494018554688 0.0630302429199219
0.0159187316894531 0.0271778106689453 0.4696044921875 -0.531494140625
0.0201148986816406 0.00154495239257812 0.02581787109375 -0.97613525390625
-0.00231814384460449 0.00238513946533203 -0.71380615234375 -0.483154296875
-0.00618982315063476 0.00547456741333008 -0.639404296875 0.25811767578125
0.0257930755615234 -0.00145912170410156 -0.19281005859375 0.4747314453125
0.0203456878662109 -0.00918769836425781 0.186279296875 0.320343017578125
0.00440597534179688 -0.00122308731079102 0.347076416015625 0.0501708984375
0.0220966339111328 -0.0156936645507813 -0.332183837890625 -0.067718505859375
0.02880859375 -0.0101661682128906 -0.1787109375 -0.31378173828125
0.0433845520019531 -0.00104904174804688 0.22894287109375 -0.42999267578125
0.0219917297363281 0.0230388641357422 0.6689453125 -0.18353271484375
-0.0323696136474609 0.00768089294433594 0.60693359375 0.54327392578125
-0.0257129669189453 -0.0328350067138672 0.0234375 0.93902587890625
0.00816726684570313 0.0207710266113281 -0.39886474609375 0.5689697265625
0.0310707092285156 0.0377540588378906 0.0114631652832031 0.0560340881347656
0.0130386352539062 0.0298938751220703 0.467529296875 -0.54315185546875
0.0169715881347656 0.00582599639892578 0.0133056640625 -0.97900390625
-0.000820636749267578 0.00421953201293945 -0.7196044921875 -0.46624755859375
-0.00196504592895508 0.00329279899597168 -0.6322021484375 0.26947021484375
0.0296916961669922 -0.00368690490722656 -0.18609619140625 0.479736328125
0.0203037261962891 -0.0109786987304688 0.187408447265625 0.31787109375
0.00465250015258789 -0.00407886505126953 0.34625244140625 0.0438232421875
0.0241184234619141 -0.0243873596191406 -0.343963623046875 -0.058746337890625
0.0116405487060547 -0.0035552978515625 -0.19561767578125 -0.323272705078125
0.0268898010253906 0.00909614562988281 0.1944580078125 -0.4539794921875
0.00665855407714844 0.0288276672363281 0.65655517578125 -0.225830078125
-0.037017822265625 -0.000434875488281251 0.65087890625 0.49871826171875
-0.0164566040039063 -0.0674858093261719 0.0889892578125001 0.923095703125
0.0397567749023438 -0.0209312438964844 -0.36834716796875 0.58062744140625
0.0768051147460938 0.00921630859375 0.00852584838867188 0.0608558654785156
0.0495452880859375 -0.0105857849121094 0.480010986328125 -0.540679931640625
0.0333442687988281 -0.03045654296875 0.0406494140625 -0.989501953125
-0.00596141815185547 -0.00736188888549805 -0.71307373046875 -0.49627685546875
-0.0169792175292969 0.0154495239257812 -0.64556884765625 0.25592041015625
0.0118513107299805 0.0039825439453125 -0.201934814453125 0.472900390625
0.0055084228515625 -0.00422286987304688 0.18255615234375 0.314361572265625
0.00242519378662109 -0.0133266448974609 0.344451904296875 0.043182373046875
0.0233802795410156 -0.0193576812744141 -0.338897705078125 -0.052642822265625
0.0159111022949219 -0.00429248809814453 -0.193206787109375 -0.31866455078125
0.02545166015625 0.0107402801513672 0.19293212890625 -0.454193115234375
0.00545120239257812 0.0296630859375 0.6519775390625 -0.23095703125
-0.037994384765625 -0.00103759765625 0.648681640625 0.494873046875
-0.0163841247558594 -0.0661888122558594 0.0936889648437501 0.92767333984375
0.0387344360351563 -0.0182685852050781 -0.3697509765625 0.5916748046875
0.0735321044921875 0.0128631591796875 0.00240325927734375 0.0675163269042969
0.0480079650878906 -0.00632858276367187 0.484283447265625 -0.53363037109375
0.0345458984375 -0.0293846130371094 0.0523681640625 -0.991455078125
-0.00700664520263672 -0.00882053375244141 -0.7073974609375 -0.50640869140625
-0.0198421478271484 0.0145549774169922 -0.65179443359375 0.245361328125
0.00983333587646484 0.00513839721679687 -0.206817626953125 0.46746826171875
0.0078120231628418 -0.00340509414672852 0.18389892578125 0.3150634765625
0.00300455093383789 -0.00689411163330078 0.34503173828125 0.04638671875
0.0221767425537109 -0.0167884826660156 -0.33746337890625 -0.0485534667968749
0.0198478698730469 -0.00277137756347656 -0.19085693359375 -0.31414794921875
0.0257358551025391 0.00841712951660156 0.19342041015625 -0.453857421875
0.00566291809082031 0.0298824310302734 0.6478271484375 -0.237060546875
-0.0373077392578125 3.8146972656293E-06 0.6446533203125 0.48870849609375
-0.0181922912597656 -0.0628776550292969 0.09442138671875 0.92877197265625
0.0349445343017578 -0.0118923187255859 -0.37060546875 0.5960693359375
0.0678176879882813 0.0181884765625 -0.0027008056640625 0.0730056762695313
0.0438423156738281 -0.000232696533203125 0.4808349609375 -0.52435302734375
0.0318508148193359 -0.0249366760253906 0.05810546875 -0.985595703125
-0.00651168823242188 -0.0085911750793457 -0.70562744140625 -0.5084228515625
-0.0189151763916016 0.0141391754150391 -0.65325927734375 0.24163818359375
0.00960254669189453 0.00197124481201172 -0.2044677734375 0.469696044921875
0.0109386444091797 -0.00365924835205078 0.1864013671875 0.3204345703125
0.00274062156677246 -0.00360298156738281 0.347564697265625 0.05255126953125
0.0215950012207031 -0.013336181640625 -0.333251953125 -0.0481567382812501
0.0228900909423828 -0.00434494018554688 -0.186859130859375 -0.312774658203125
0.0263652801513672 0.00578880310058594 0.196807861328125 -0.453399658203125
0.00722694396972656 0.0284957885742188 0.64727783203125 -0.235595703125
-0.0371208190917969 0.00172805786132813 0.64508056640625 0.492919921875
-0.0191001892089844 -0.056182861328125 0.0908813476562499 0.9339599609375
0.0297870635986328 -0.00503158569335938 -0.373779296875 0.60137939453125
0.0598182678222656 0.0228157043457031 -0.0050048828125 0.0747833251953125
0.0382423400878906 0.0065765380859375 0.477508544921875 -0.523712158203125
0.0292816162109375 -0.0197181701660156 0.05133056640625 -0.98388671875
-0.00652933120727539 -0.00588893890380859 -0.710693359375 -0.5093994140625
-0.0182914733886719 0.0131568908691406 -0.6561279296875 0.24212646484375
0.0118770599365234 0.00169754028320313 -0.204559326171875 0.46942138671875
0.0141239166259766 -0.00377750396728516 0.1878662109375 0.321319580078125
0.00338101387023926 0.000338554382324219 0.34893798828125 0.053619384765625
0.020355224609375 -0.0122165679931641 -0.3310546875 -0.05084228515625
0.0260162353515625 -0.00578498840332031 -0.185028076171875 -0.31024169921875
0.0298671722412109 0.00373268127441406 0.2030029296875 -0.449493408203125
0.00981903076171875 0.0266189575195313 0.65032958984375 -0.22686767578125
-0.0348911285400391 0.00314521789550781 0.635986328125 0.49908447265625
-0.0205039978027344 -0.0497970581054688 0.08001708984375 0.9339599609375
0.0238914489746094 0.00450325012207031 -0.3787841796875 0.59808349609375
0.0501594543457031 0.0286865234375 -0.00428771972656249 0.0743255615234375
0.0303268432617188 0.0149059295654297 0.474212646484375 -0.522796630859375
0.0273399353027344 -0.0118560791015625 0.04681396484375 -0.98052978515625
-0.00506401062011719 -0.0037841796875 -0.71173095703125 -0.501953125
-0.0139684677124023 0.0109939575195312 -0.651611328125 0.2454833984375
0.0153093338012695 0.00054168701171875 -0.200042724609375 0.471893310546875
0.0170564651489258 -0.00477409362792969 0.189697265625 0.32342529296875
0.00374889373779297 0.00214362144470215 0.350433349609375 0.053619384765625
0.0212898254394531 -0.0126914978027344 -0.330718994140625 -0.0540466308593749
0.0277633666992188 -0.00727653503417969 -0.183746337890625 -0.308746337890625
0.0351219177246094 0.00171661376953125 0.208526611328125 -0.445404052734375
0.0138683319091797 0.0248756408691406 0.655517578125 -0.217529296875
-0.0344390869140625 0.00566482543945312 0.63330078125 0.5115966796875
-0.0229072570800781 -0.0418701171875 0.0694580078124999 0.94085693359375
0.0175743103027344 0.011505126953125 -0.38311767578125 0.593994140625
0.0425186157226563 0.0334320068359375 -0.00104522705078125 0.0709152221679688
0.0226306915283203 0.0219497680664063 0.47003173828125 -0.531463623046875
0.0230693817138672 -0.00432586669921875 0.02764892578125 -0.98223876953125
-0.00318288803100586 -0.000418901443481445 -0.72003173828125 -0.49072265625
-0.0100946426391602 0.00878238677978516 -0.64703369140625 0.2562255859375
0.0206470489501953 -0.000926971435546875 -0.19500732421875 0.476165771484375
0.0191917419433594 -0.00746917724609375 0.191253662109375 0.3226318359375
0.00422501564025879 0.00142788887023926 0.350128173828125 0.05072021484375
0.0224037170410156 -0.0135879516601563 -0.33197021484375 -0.05859375
0.0291538238525391 -0.00922203063964844 -0.183929443359375 -0.310272216796875
0.0389633178710938 -0.00118637084960938 0.21746826171875 -0.440643310546875
0.0182971954345703 0.0228061676025391 0.66314697265625 -0.20611572265625
-0.0326328277587891 0.00726890563964844 0.62603759765625 0.5235595703125
-0.0250892639160156 -0.0365104675292969 0.05206298828125 0.944091796875
0.0115776062011719 0.0168237686157227 -0.38970947265625 0.58642578125
0.0353736877441406 0.0360450744628906 0.00453948974609375 0.0645980834960938
0.0171375274658203 0.0269927978515625 0.46746826171875 -0.540252685546875
0.0198993682861328 0.00177764892578125 0.0137939453125 -0.9818115234375
-0.00170135498046875 0.00199282169342041 -0.72552490234375 -0.47607421875
-0.00615739822387695 0.00725126266479492 -0.63824462890625 0.26751708984375
0.0256843566894531 -0.00219917297363281 -0.187774658203125 0.478424072265625
0.0192966461181641 -0.00974464416503906 0.192352294921875 0.319305419921875
0.00461959838867188 -0.0011591911315918 0.349151611328125 0.0447998046875
0.0217075347900391 -0.0156936645507813 -0.334686279296875 -0.0626525878906249
0.0283222198486328 -0.0110492706298828 -0.183685302734375 -0.311614990234375
0.0427742004394531 -0.00268936157226562 0.22381591796875 -0.435150146484375
0.0230255126953125 0.0220584869384766 0.67034912109375 -0.1934814453125
-0.0319156646728516 0.00813865661621093 0.6177978515625 0.5382080078125
-0.0266742706298828 -0.031982421875 0.0355224609374999 0.943603515625
0.00848579406738281 0.0208225250244141 -0.39306640625 0.57684326171875
0.0316429138183594 0.0372276306152344 0.0120162963867188 0.0576515197753906
0.0141696929931641 0.0295143127441406 0.46258544921875 -0.551605224609375
0.0169620513916016 0.00547409057617188 -0.00152587890625008 -0.98248291015625
0.000159502029418945 0.00369668006896973 -0.73016357421875 -0.45916748046875
-0.0018622875213623 0.00421428680419922 -0.630615234375 0.2783203125
0.0293216705322266 -0.00456047058105469 -0.17864990234375 0.483306884765625
0.0199089050292969 -0.011749267578125 0.193389892578125 0.31719970703125
0.00452899932861328 -0.00426530838012695 0.34881591796875 0.03802490234375
0.024017333984375 -0.0244159698486328 -0.348114013671875 -0.0528564453125
0.0131549835205078 -0.00367450714111328 -0.200836181640625 -0.3193359375
0.0269069671630859 0.00803184509277344 0.189208984375 -0.458221435546875
0.00727462768554687 0.0284500122070313 0.65484619140625 -0.2388916015625
-0.0371360778808594 -0.000713348388671875 0.662109375 0.49053955078125
-0.0178642272949219 -0.0669593811035156 0.1038818359375 0.924560546875
0.0399551391601563 -0.0215873718261719 -0.36175537109375 0.58740234375
0.0774612426757813 0.00804901123046875 0.00998306274414063 0.0616188049316406
0.050018310546875 -0.00986862182617187 0.475799560546875 -0.54888916015625
0.0327243804931641 -0.0310764312744141 0.02630615234375 -0.99371337890625
-0.00548505783081055 -0.00818777084350586 -0.72406005859375 -0.48736572265625
-0.0170211791992188 0.0157136917114258 -0.6451416015625 0.26690673828125
0.0115795135498047 0.00441932678222656 -0.1962890625 0.475738525390625
0.00568246841430664 -0.00426721572875976 0.18798828125 0.314117431640625
0.00256156921386719 -0.0127534866333008 0.34625244140625 0.037353515625
0.0221633911132813 -0.0187454223632813 -0.341461181640625 -0.045166015625
0.0157327651977539 -0.00353908538818359 -0.199005126953125 -0.315399169921875
0.0248641967773438 0.00936317443847656 0.187225341796875 -0.45965576171875
0.0064544677734375 0.0280666351318359 0.64990234375 -0.24249267578125
-0.03887939453125 4.76119535757357E-18 0.6568603515625 0.486083984375
-0.0189056396484375 -0.0660858154296875 0.1075439453125 0.92864990234375
0.0386123657226563 -0.0184097290039063 -0.362548828125 0.5982666015625
0.0749893188476563 0.011474609375 0.00328063964843751 0.068328857421875
0.0488395690917969 -0.00667190551757813 0.477783203125 -0.541473388671875
0.0324001312255859 -0.0296058654785156 0.0394897460937499 -0.9957275390625
-0.00680732727050781 -0.00954627990722656 -0.7177734375 -0.498046875
-0.0191211700439453 0.0155048370361328 -0.65069580078125 0.256103515625
0.00888156890869141 0.00521278381347656 -0.19921875 0.471099853515625
0.00698709487915039 -0.00389337539672852 0.18927001953125 0.313323974609375
0.00214004516601563 -0.00753974914550781 0.3463134765625 0.040496826171875
0.0213947296142578 -0.0157661437988281 -0.34027099609375 -0.0444030761718751
0.0197677612304688 -0.0019683837890625 -0.196868896484375 -0.312225341796875
0.0258998870849609 0.00787925720214844 0.18560791015625 -0.459442138671875
0.00565147399902344 0.0276985168457031 0.646484375 -0.24658203125
-0.0372734069824219 0.000770568847656244 0.65496826171875 0.48101806640625
-0.0198516845703125 -0.0615272521972656 0.10870361328125 0.9298095703125
0.0355987548828125 -0.0129318237304688 -0.36468505859375 0.6033935546875
0.068389892578125 0.0146598815917969 -0.001678466796875 0.0739974975585938
0.0444793701171875 -0.00133895874023437 0.4749755859375 -0.5296630859375
0.0320072174072266 -0.0264244079589844 0.0436401367187501 -0.989501953125
-0.00619316101074219 -0.0084986686706543 -0.71612548828125 -0.501220703125
-0.0188560485839844 0.0142822265625 -0.65252685546875 0.25213623046875
0.00902843475341797 0.00324535369873047 -0.2001953125 0.4722900390625
0.0109434127807617 -0.00363254547119141 0.192230224609375 0.320343017578125
0.00231504440307617 -0.00256252288818359 0.350433349609375 0.04486083984375
0.0207138061523437 -0.0137920379638672 -0.33453369140625 -0.042755126953125
0.0227184295654297 -0.004791259765625 -0.19317626953125 -0.308563232421875
0.0274200439453125 0.00634002685546875 0.1907958984375 -0.458770751953125
0.00771331787109375 0.0276088714599609 0.64569091796875 -0.2469482421875
-0.0371627807617188 0.00260543823242187 0.6544189453125 0.4864501953125
-0.0211868286132813 -0.0559120178222656 0.10552978515625 0.93316650390625
0.0298423767089844 -0.00521659851074219 -0.36627197265625 0.60601806640625
0.061431884765625 0.0220413208007812 -0.00339508056640625 0.0750961303710938
0.0386276245117188 0.00630950927734375 0.471099853515625 -0.530181884765625
0.0295295715332031 -0.0200386047363281 0.03857421875 -0.9871826171875
-0.00583934783935547 -0.00725221633911133 -0.71954345703125 -0.50018310546875
-0.0181484222412109 0.0132522583007812 -0.6527099609375 0.25225830078125
0.0118732452392578 0.0015411376953125 -0.197357177734375 0.472503662109375
0.0140829086303711 -0.00547122955322266 0.19305419921875 0.320465087890625
0.00376510620117188 0.00103902816772461 0.351470947265625 0.047882080078125
0.0196704864501953 -0.0117855072021484 -0.333160400390625 -0.043609619140625
0.0256671905517578 -0.00602531433105469 -0.19146728515625 -0.309051513671875
0.0297050476074219 0.00294685363769531 0.196075439453125 -0.4547119140625
0.01007080078125 0.0264492034912109 0.6497802734375 -0.23828125
-0.0362434387207031 0.00382232666015625 0.64752197265625 0.49346923828125
-0.0226821899414063 -0.0482368469238281 0.0928344726562501 0.9378662109375
0.0235748291015625 0.0031585693359375 -0.37213134765625 0.6029052734375
0.0511703491210938 0.0271644592285156 -0.00389862060546875 0.0748825073242188
0.0310497283935547 0.0150051116943359 0.4693603515625 -0.5301513671875
0.0268898010253906 -0.0120086669921875 0.0306396484374999 -0.98468017578125
-0.0053715705871582 -0.00388240814208984 -0.72332763671875 -0.4930419921875
-0.014094352722168 0.0118083953857422 -0.6494140625 0.2568359375
0.0150642395019531 0.000413894653320313 -0.19378662109375 0.473907470703125
0.0158538818359375 -0.00604057312011719 0.193939208984375 0.3212890625
0.00374078750610352 0.0024411678314209 0.3519287109375 0.049163818359375
0.0197372436523438 -0.0126552581787109 -0.332489013671875 -0.0482177734375
0.0282974243164063 -0.00694084167480469 -0.188751220703125 -0.308197021484375
0.0350093841552734 -3.814697265625E-05 0.20379638671875 -0.44952392578125
0.0142459869384766 0.0244255065917969 0.65301513671875 -0.22894287109375
-0.0346870422363281 0.00650978088378906 0.6434326171875 0.50469970703125
-0.0247230529785156 -0.0415878295898438 0.0842895507812501 0.94354248046875
0.0171480178833008 0.0106019973754883 -0.375244140625 0.6015625
0.0427780151367188 0.0320014953613281 -0.000846862792968745 0.0710296630859375
0.0239353179931641 0.0223541259765625 0.46435546875 -0.5382080078125
0.0238590240478516 -0.00492668151855469 0.0165405273437499 -0.98907470703125
-0.00397324562072754 -0.00147151947021484 -0.72711181640625 -0.4814453125
-0.0103254318237305 0.00926971435546875 -0.64422607421875 0.266357421875
0.0205802917480469 -0.00132942199707031 -0.187896728515625 0.48004150390625
0.0186595916748047 -0.00826454162597656 0.196441650390625 0.32086181640625
0.00525999069213867 0.00176525115966797 0.352569580078125 0.044158935546875
0.0216197967529297 -0.0143051147460937 -0.3333740234375 -0.052978515625
0.0285186767578125 -0.00992965698242187 -0.188690185546875 -0.308319091796875
0.0388374328613281 -0.00253677368164063 0.211273193359375 -0.44378662109375
0.018707275390625 0.0222110748291016 0.6632080078125 -0.21807861328125
-0.0332832336425781 0.00784301757812501 0.635498046875 0.51800537109375
-0.026519775390625 -0.0358772277832031 0.0648193359374999 0.94512939453125
0.0130424499511719 0.0175361633300781 -0.38201904296875 0.59283447265625
0.0362739562988281 0.0358963012695313 0.005157470703125 0.0648727416992188
0.0182247161865234 0.0270347595214844 0.459228515625 -0.546173095703125
0.0199508666992188 0.00213241577148438 -0.000183105468749921 -0.98541259765625
-0.0020756721496582 0.00245809555053711 -0.7357177734375 -0.4661865234375
-0.00504398345947266 0.0070948600769043 -0.63629150390625 0.277587890625
0.0246238708496094 -0.003570556640625 -0.180267333984375 0.48291015625
0.0196762084960938 -0.00986862182617188 0.197601318359375 0.3184814453125
0.0049128532409668 0.000486373901367188 0.351898193359375 0.038604736328125
0.0208091735839844 -0.0155868530273438 -0.337615966796875 -0.05780029296875
0.0274658203125 -0.0116748809814453 -0.1900634765625 -0.30859375
0.0437850952148437 -0.00343704223632812 0.217926025390625 -0.439483642578125
0.0231895446777344 0.021820068359375 0.670166015625 -0.20599365234375
-0.0326633453369141 0.00875282287597656 0.627197265625 0.530517578125
-0.0275230407714844 -0.0315113067626953 0.04962158203125 0.9451904296875
0.0088653564453125 0.0216217041015625 -0.3868408203125 0.582763671875
0.0331153869628906 0.0355949401855469 0.0120468139648438 0.0579757690429688
0.0147705078125 0.0294437408447266 0.456451416015625 -0.559814453125
0.01812744140625 0.00547027587890625 -0.0175170898437499 -0.98663330078125
-0.000213146209716797 0.00384330749511719 -0.73980712890625 -0.45062255859375
-0.00123167037963867 0.00472927093505859 -0.62994384765625 0.29083251953125
0.0291957855224609 -0.00498390197753906 -0.171783447265625 0.4886474609375
0.0190391540527344 -0.0132637023925781 0.19879150390625 0.31591796875
0.0048680305480957 -0.00434732437133789 0.350494384765625 0.031982421875
0.0235061645507813 -0.0248832702636719 -0.349151611328125 -0.04718017578125
0.0107936859130859 -0.00411224365234375 -0.20855712890625 -0.317047119140625
0.0275173187255859 0.00738716125488281 0.18243408203125 -0.46063232421875
0.00829124450683594 0.0275650024414063 0.65130615234375 -0.24835205078125
-0.0375099182128906 -6.10351562500042E-05 0.66998291015625 0.48089599609375
-0.0195465087890625 -0.06646728515625 0.1182861328125 0.92236328125
0.0399169921875 -0.0225028991699219 -0.3526611328125 0.59375
0.078460693359375 0.00574493408203125 0.0106887817382813 0.0616683959960938
0.0509796142578125 -0.011474609375 0.466522216796875 -0.557342529296875
0.0326061248779297 -0.0322170257568359 0.01214599609375 -0.996337890625
-0.00640678405761719 -0.00811529159545899 -0.7332763671875 -0.47650146484375
-0.0160789489746094 0.0156354904174805 -0.6395263671875 0.27838134765625
0.0114431381225586 0.00358772277832031 -0.1876220703125 0.4794921875
0.00563240051269531 -0.00427865982055664 0.194061279296875 0.310516357421875
0.00233554840087891 -0.0118474960327148 0.347076416015625 0.031280517578125
0.0214729309082031 -0.0198993682861328 -0.34222412109375 -0.0406494140624999
0.0152244567871094 -0.00403594970703125 -0.2049560546875 -0.311614990234375
0.0260467529296875 0.00835990905761719 0.180450439453125 -0.463043212890625
0.00637435913085937 0.0286178588867188 0.64715576171875 -0.25286865234375
-0.0388336181640625 0.000175476074218756 0.667236328125 0.47613525390625
-0.0202980041503906 -0.0657501220703125 0.1219482421875 0.9285888671875
0.0383033752441406 -0.0195732116699219 -0.35491943359375 0.6038818359375
0.0754776000976562 0.00997161865234375 0.00391387939453125 0.0695724487304688
0.0499496459960938 -0.00797653198242188 0.4691162109375 -0.547149658203125
0.0334129333496094 -0.0309848785400391 0.02301025390625 -0.99786376953125
-0.00692653656005859 -0.00959873199462891 -0.72711181640625 -0.4886474609375
-0.0183849334716797 0.0159378051757813 -0.64739990234375 0.26690673828125
0.00911521911621094 0.00505828857421875 -0.1920166015625 0.47467041015625
0.00696659088134766 -0.00371742248535156 0.195465087890625 0.310394287109375
0.00292253494262695 -0.00652122497558594 0.348388671875 0.03515625
0.0203399658203125 -0.0161705017089844 -0.34136962890625 -0.036590576171875
0.0181446075439453 -0.00345230102539062 -0.201263427734375 -0.30865478515625
0.0254497528076172 0.00695610046386719 0.179901123046875 -0.46246337890625
0.00591087341308594 0.0280208587646484 0.64208984375 -0.2574462890625
-0.0379905700683594 0.00122833251953125 0.66680908203125 0.47357177734375
-0.0210456848144531 -0.0622062683105469 0.1231689453125 0.92840576171875
0.0335464477539062 -0.0141849517822266 -0.35699462890625 0.60894775390625
0.0698509216308594 0.0153274536132813 -0.00051116943359374 0.073883056640625
0.0449752807617187 -0.00126266479492187 0.46759033203125 -0.537200927734375
0.0317249298095703 -0.0270652770996094 0.0278320312500001 -0.98992919921875
-0.00642204284667969 -0.00888538360595703 -0.72723388671875 -0.49066162109375
-0.0187187194824219 0.0157432556152344 -0.64849853515625 0.2626953125
0.00901889801025391 0.00283336639404297 -0.190460205078125 0.47369384765625
0.0102081298828125 -0.00454616546630859 0.199310302734375 0.316864013671875
0.00275397300720215 -0.00223016738891602 0.352020263671875 0.03973388671875
0.0194721221923828 -0.0132713317871094 -0.337310791015625 -0.036865234375
0.0217208862304688 -0.00441741943359375 -0.198455810546875 -0.305877685546875
0.0274887084960937 0.00501823425292969 0.183746337890625 -0.463226318359375
0.00761032104492188 0.0264244079589844 0.64349365234375 -0.25787353515625
-0.0376853942871094 0.00319290161132813 0.66534423828125 0.4754638671875
-0.0224838256835937 -0.0554771423339844 0.119873046875 0.93408203125
0.0287818908691406 -0.00547218322753906 -0.35797119140625 0.61334228515625
0.0613479614257813 0.0203437805175781 -0.00377655029296875 0.0769577026367188
0.0398330688476563 0.005950927734375 0.46429443359375 -0.53662109375
0.0286788940429688 -0.0203819274902344 0.0219116210937501 -0.99114990234375
-0.00584173202514648 -0.00648593902587891 -0.7291259765625 -0.4881591796875
-0.0175838470458984 0.0133476257324219 -0.64825439453125 0.263671875
0.0108270645141602 0.00203800201416016 -0.190093994140625 0.47607421875
0.0126552581787109 -0.00473976135253906 0.198974609375 0.31793212890625
0.00413870811462402 0.00018000602722168 0.35321044921875 0.04193115234375
0.0194721221923828 -0.0129737854003906 -0.334869384765625 -0.0386657714843751
0.0250167846679688 -0.00629043579101562 -0.19647216796875 -0.304473876953125
0.0302867889404297 0.00205230712890625 0.188507080078125 -0.45721435546875
0.0114650726318359 0.0255222320556641 0.6480712890625 -0.24884033203125
-0.0355377197265625 0.00452041625976563 0.6552734375 0.48394775390625
-0.02392578125 -0.0474052429199219 0.10784912109375 0.93634033203125
0.02301025390625 0.0027923583984375 -0.36260986328125 0.6099853515625
0.0512733459472656 0.0257682800292969 -0.00321960449218749 0.07598876953125
0.0313529968261719 0.0134792327880859 0.461822509765625 -0.537628173828125
0.0261821746826172 -0.0132274627685547 0.0147705078124999 -0.988037109375
-0.00555801391601563 -0.00420999526977539 -0.732421875 -0.48284912109375
-0.0135164260864258 0.0114421844482422 -0.64593505859375 0.267822265625
0.0152816772460938 -0.000153541564941406 -0.185028076171875 0.477783203125
0.0153274536132813 -0.00651168823242188 0.200439453125 0.31915283203125
0.00323152542114258 0.00253009796142578 0.352935791015625 0.041473388671875
0.0198020935058594 -0.0126323699951172 -0.33447265625 -0.043975830078125
0.0263423919677734 -0.00789070129394531 -0.19549560546875 -0.30389404296875
0.0353050231933594 -0.000698089599609375 0.196441650390625 -0.45458984375
0.0145263671875 0.02276611328125 0.65216064453125 -0.23956298828125
-0.0344810485839844 0.00657272338867188 0.65338134765625 0.49658203125
-0.0264244079589844 -0.0402297973632812 0.0972900390624999 0.942138671875
0.0177154541015625 0.0113639831542969 -0.36737060546875 0.60845947265625
0.0436210632324219 0.0318717956542969 -0.000175476074218741 0.0721359252929688
0.0246639251708984 0.0214996337890625 0.456390380859375 -0.545318603515625
0.0233001708984375 -0.00548362731933594 6.19693493881049E-17 -0.98876953125
-0.00350284576416016 -0.00107622146606445 -0.73822021484375 -0.4693603515625
-0.00989246368408203 0.00943756103515625 -0.64141845703125 0.2760009765625
0.0198192596435547 -0.0017852783203125 -0.179840087890625 0.4814453125
0.0182647705078125 -0.00808334350585938 0.2020263671875 0.318084716796875
0.00486516952514648 0.00250720977783203 0.353729248046875 0.037628173828125
0.0206413269042969 -0.0134506225585938 -0.334808349609375 -0.04705810546875
0.0274429321289062 -0.0100536346435547 -0.193756103515625 -0.304168701171875
0.0390586853027344 -0.00281906127929688 0.203826904296875 -0.449066162109375
0.0189609527587891 0.0215568542480469 0.6607666015625 -0.2288818359375
-0.0334434509277344 0.00868415832519532 0.6453857421875 0.5067138671875
-0.027740478515625 -0.0351066589355469 0.08087158203125 0.94622802734375
0.012425422668457 0.0171260833740234 -0.3748779296875 0.60009765625
0.0374832153320313 0.03460693359375 0.00595474243164063 0.0660438537597656
0.0191669464111328 0.0268058776855469 0.452484130859375 -0.555084228515625
0.0209331512451172 0.00248146057128906 -0.0147094726562499 -0.9874267578125
-0.00151574611663818 0.00185847282409668 -0.74365234375 -0.455078125
-0.00492191314697266 0.00646686553955078 -0.6336669921875 0.288818359375
0.0240268707275391 -0.00407600402832031 -0.17132568359375 0.485260009765625
0.0190658569335938 -0.0104389190673828 0.20416259765625 0.3153076171875
0.00446128845214844 -0.000410556793212891 0.35321044921875 0.03314208984375
0.0198650360107422 -0.0164985656738281 -0.340240478515625 -0.0515747070312499
0.0275325775146484 -0.0119781494140625 -0.195404052734375 -0.304718017578125
0.0440673828125 -0.00548553466796875 0.21075439453125 -0.44287109375
0.0240879058837891 0.0213260650634766 0.66790771484375 -0.21612548828125
-0.0326309204101563 0.00932693481445313 0.63934326171875 0.520751953125
-0.0298004150390625 -0.0298538208007813 0.06573486328125 0.94586181640625
0.00958251953125 0.0212230682373047 -0.37744140625 0.59014892578125
0.0345535278320313 0.0352363586425781 0.0138015747070313 0.0572586059570313
0.0155220031738281 0.0289821624755859 0.44818115234375 -0.565673828125
0.0181941986083984 0.00608634948730469 -0.0317993164062499 -0.9884033203125
-0.000104427337646484 0.00457620620727539 -0.747802734375 -0.4384765625
-0.00121164321899414 0.00450229644775391 -0.62506103515625 0.30010986328125
0.0292778015136719 -0.00559806823730469 -0.16448974609375 0.490631103515625
0.0188961029052734 -0.0120124816894531 0.2039794921875 0.31231689453125
0.00473308563232422 -0.00359153747558594 0.35211181640625 0.026824951171875
0.0216007232666016 -0.0242919921875 -0.3505859375 -0.04144287109375
0.0110130310058594 -0.00377655029296875 -0.21380615234375 -0.31109619140625
0.0275077819824219 0.00602149963378906 0.17413330078125 -0.46337890625
0.00872802734375 0.02703857421875 0.64886474609375 -0.25787353515625
-0.0384750366210938 0.0015106201171875 0.67718505859375 0.47021484375
-0.0208282470703125 -0.0657005310058594 0.1319580078125 0.9176025390625
0.0393600463867188 -0.0235824584960938 -0.34552001953125 0.59796142578125
0.078094482421875 0.00507354736328125 0.010894775390625 0.0626411437988281
0.0518569946289062 -0.0123786926269531 0.456939697265625 -0.5615234375
0.0321998596191406 -0.0321273803710938 -0.00323486328124996 -0.99365234375
-0.00587844848632813 -0.00840997695922852 -0.73797607421875 -0.46282958984375
-0.0152444839477539 0.0158519744873047 -0.63623046875 0.2864990234375
0.0116691589355469 0.00317001342773437 -0.17889404296875 0.47998046875
0.00534391403198242 -0.00412940979003906 0.198638916015625 0.306640625
0.0028076171875 -0.0118656158447266 0.3477783203125 0.02508544921875
0.0207023620605469 -0.0199642181396484 -0.3433837890625 -0.03375244140625
0.0143814086914063 -0.00340366363525391 -0.21002197265625 -0.307586669921875
0.0255279541015625 0.00761032104492188 0.173187255859375 -0.465606689453125
0.00687408447265625 0.0280170440673828 0.643798828125 -0.26336669921875
-0.0388526916503906 0.00124740600585937 0.6751708984375 0.46527099609375
-0.0216636657714844 -0.064117431640625 0.13677978515625 0.92572021484375
0.0378074645996094 -0.0194015502929688 -0.34539794921875 0.6090087890625
0.0751190185546875 0.0077362060546875 0.00525665283203125 0.0698432922363281
0.0504875183105469 -0.0080413818359375 0.461456298828125 -0.554473876953125
0.0326938629150391 -0.0312099456787109 0.00769042968749992 -0.997802734375
-0.00680160522460937 -0.00937271118164063 -0.73272705078125 -0.4765625
-0.01824951171875 0.0163345336914063 -0.6416015625 0.27777099609375
0.00878524780273438 0.00451040267944336 -0.183837890625 0.476226806640625
0.00742340087890625 -0.00412702560424805 0.20166015625 0.30755615234375
0.00283145904541016 -0.00642919540405274 0.347808837890625 0.02886962890625
0.0198249816894531 -0.0169029235839844 -0.3421630859375 -0.0307312011718751
0.0176944732666016 -0.00312042236328125 -0.207305908203125 -0.304229736328125
0.0253582000732422 0.00565528869628906 0.172576904296875 -0.464324951171875
0.00842094421386718 0.0282306671142578 0.64007568359375 -0.2679443359375
-0.03790283203125 0.00177001953124999 0.67205810546875 0.4619140625
-0.0223159790039063 -0.0592002868652344 0.137451171875 0.92779541015625
0.0349102020263672 -0.0137462615966797 -0.3489990234375 0.61279296875
0.0699310302734375 0.0136222839355469 -0.00104522705078124 0.074737548828125
0.0463104248046875 -0.00272369384765625 0.4599609375 -0.544219970703125
0.0310268402099609 -0.0278186798095703 0.01239013671875 -0.99029541015625
-0.00644826889038086 -0.0086522102355957 -0.7333984375 -0.478271484375
-0.0185565948486328 0.0156879425048828 -0.64422607421875 0.2742919921875
0.00813913345336914 0.00267601013183594 -0.183807373046875 0.476531982421875
0.00953483581542969 -0.0040130615234375 0.204498291015625 0.3125
0.00239086151123047 -0.00221633911132812 0.352935791015625 0.0335693359375
0.0191326141357422 -0.0139560699462891 -0.33740234375 -0.03131103515625
0.0210800170898437 -0.00428199768066406 -0.202362060546875 -0.301177978515625
0.0275707244873047 0.00354576110839844 0.176361083984375 -0.464630126953125
0.00894546508789063 0.0262012481689453 0.64013671875 -0.2669677734375
-0.0377426147460938 0.00326156616210937 0.67071533203125 0.46527099609375
-0.0239830017089844 -0.0539436340332031 0.1336669921875 0.9315185546875
0.0290908813476563 -0.00614356994628906 -0.3485107421875 0.61737060546875
0.0619316101074219 0.0183563232421875 -0.00276947021484374 0.0772018432617188
0.0401992797851563 0.00530242919921875 0.456390380859375 -0.542633056640625
0.0296897888183594 -0.020477294921875 0.00653076171874997 -0.99017333984375
-0.00647640228271484 -0.00689268112182617 -0.7362060546875 -0.47857666015625
-0.0171480178833008 0.0137758255004883 -0.64459228515625 0.27386474609375
0.0108070373535156 0.00134944915771484 -0.18170166015625 0.478118896484375
0.0131492614746094 -0.00499534606933594 0.20477294921875 0.314483642578125
0.0045170783996582 0.00145292282104492 0.3531494140625 0.03558349609375
0.0188560485839844 -0.0115089416503906 -0.335845947265625 -0.0323486328124999
0.0244483947753906 -0.00568389892578125 -0.202056884765625 -0.300750732421875
0.0301628112792969 0.000814437866210938 0.1810302734375 -0.46063232421875
0.0115070343017578 0.0244159698486328 0.6435546875 -0.259765625
-0.0365333557128906 0.005218505859375 0.66357421875 0.4730224609375
-0.02471923828125 -0.0470619201660156 0.12237548828125 0.93438720703125
0.0230007171630859 0.00264167785644531 -0.3544921875 0.6153564453125
0.0523452758789063 0.0250740051269531 -0.00250244140624999 0.0764083862304688
0.0327014923095703 0.0138721466064453 0.453582763671875 -0.541412353515625
0.0253410339355469 -0.0127353668212891 0.00195312500000008 -0.98736572265625
-0.00400948524475098 -0.00352048873901367 -0.7381591796875 -0.47088623046875
-0.0134763717651367 0.0116405487060547 -0.64007568359375 0.2783203125
0.0141696929931641 -0.00100421905517578 -0.17803955078125 0.47930908203125
0.0160665512084961 -0.00695419311523438 0.2056884765625 0.31561279296875
0.00418710708618164 0.00368499755859375 0.35498046875 0.035491943359375
0.0193023681640625 -0.0123653411865234 -0.334808349609375 -0.03643798828125
0.0261802673339844 -0.00804328918457031 -0.200103759765625 -0.29998779296875
0.0342731475830078 -0.00162887573242188 0.1885986328125 -0.456390380859375
0.0161800384521484 0.0227241516113281 0.6495361328125 -0.24951171875
-0.0348148345947266 0.00763893127441406 0.6612548828125 0.48553466796875
-0.0269622802734375 -0.0393180847167969 0.11126708984375 0.94097900390625
0.0173244476318359 0.00980472564697266 -0.3594970703125 0.61181640625
0.0446586608886719 0.0293006896972656 0.000747680664062502 0.0724639892578125
0.0259914398193359 0.0207424163818359 0.4476318359375 -0.552581787109375
0.0235157012939453 -0.00496292114257813 -0.0156860351562501 -0.98663330078125
-0.00285005569458008 -0.000889301300048828 -0.7447509765625 -0.4581298828125
-0.00919914245605469 0.00969886779785156 -0.63690185546875 0.286865234375
0.0193881988525391 -0.00196647644042969 -0.171356201171875 0.483154296875
0.0182609558105469 -0.00873756408691406 0.208709716796875 0.314056396484375
0.00590038299560547 0.00217103958129883 0.3544921875 0.031982421875
0.0199527740478516 -0.0131397247314453 -0.33642578125 -0.0411376953125001
0.0279998779296875 -0.0101966857910156 -0.200286865234375 -0.29888916015625
0.0391120910644531 -0.00397109985351563 0.196258544921875 -0.45184326171875
0.0202140808105469 0.0205631256103516 0.65570068359375 -0.2391357421875
-0.0333919525146484 0.0087890625 0.6552734375 0.4970703125
-0.0282325744628906 -0.0331859588623047 0.0934448242187499 0.94293212890625
0.0129222869873047 0.0160007476806641 -0.3656005859375 0.60455322265625
0.0378875732421875 0.0330352783203125 0.00648880004882812 0.0668563842773438
0.0203037261962891 0.0269870758056641 0.441436767578125 -0.559326171875
0.0204067230224609 0.00117301940917969 -0.0300903320312499 -0.98516845703125
-0.00144815444946289 0.0025026798248291 -0.75103759765625 -0.44384765625
-0.0034327507019043 0.00793027877807617 -0.62713623046875 0.298583984375
0.0246524810791016 -0.00359344482421875 -0.164306640625 0.487213134765625
0.0193309783935547 -0.0107021331787109 0.20855712890625 0.31182861328125
0.00509214401245117 -6.103515625E-05 0.353424072265625 0.026397705078125
0.0191669464111328 -0.0160541534423828 -0.340423583984375 -0.0448303222656251
0.0268058776855469 -0.0123882293701172 -0.199615478515625 -0.301239013671875
0.0434837341308594 -0.00651931762695312 0.2039794921875 -0.4473876953125
0.0240192413330078 0.0195789337158203 0.66461181640625 -0.22662353515625
-0.0330734252929688 0.00997734069824218 0.64715576171875 0.51202392578125
-0.0301647186279297 -0.0294818878173828 0.0803222656249999 0.94305419921875
0.00903129577636719 0.0202407836914063 -0.36993408203125 0.59466552734375
0.0350017547607422 0.0343685150146484 0.01324462890625 0.05841064453125
0.0172843933105469 0.0292816162109375 0.43951416015625 -0.57183837890625
0.0189952850341797 0.00514793395996094 -0.0462036132812499 -0.986328125
-0.000210762023925781 0.00449275970458984 -0.75439453125 -0.4281005859375
-0.000306129455566406 0.00450038909912109 -0.61834716796875 0.30987548828125
0.0277729034423828 -0.00588035583496094 -0.1549072265625 0.490692138671875
0.0187530517578125 -0.0126628875732422 0.21002197265625 0.30828857421875
0.00443124771118164 -0.0035243034362793 0.352142333984375 0.019073486328125
0.021453857421875 -0.0240879058837891 -0.350250244140625 -0.034637451171875
0.01068115234375 -0.00448322296142578 -0.218292236328125 -0.307769775390625
0.0279064178466797 0.00489997863769531 0.166473388671875 -0.46502685546875
0.00924491882324219 0.0258140563964844 0.64349365234375 -0.26898193359375
-0.0381355285644531 0.00193405151367187 0.68328857421875 0.46002197265625
-0.0221023559570313 -0.0643424987792969 0.14385986328125 0.9149169921875
0.0379753112792969 -0.0239639282226562 -0.3360595703125 0.60162353515625
0.078216552734375 0.00325775146484375 0.0120506286621094 0.06292724609375
0.0522308349609375 -0.0132942199707031 0.44915771484375 -0.565185546875
0.0322170257568359 -0.0322589874267578 -0.0175781250000001 -0.99151611328125
-0.00524806976318359 -0.00818061828613281 -0.7418212890625 -0.4510498046875
-0.0144071578979492 0.0157909393310547 -0.63043212890625 0.2947998046875
0.010406494140625 0.00343418121337891 -0.172576904296875 0.480804443359375
0.00427627563476563 -0.00347161293029785 0.203094482421875 0.303863525390625
0.00222682952880859 -0.011164665222168 0.347625732421875 0.01885986328125
0.0191593170166016 -0.0197277069091797 -0.34307861328125 -0.0283203125
0.0150136947631836 -0.00465297698974609 -0.214508056640625 -0.302978515625
0.0260906219482422 0.00637626647949219 0.165313720703125 -0.465179443359375
0.00740242004394531 0.0276355743408203 0.63909912109375 -0.27337646484375
-0.0390205383300781 0.00237655639648438 0.6806640625 0.45587158203125
-0.0235977172851563 -0.0633468627929688 0.14935302734375 0.92181396484375
0.0366134643554688 -0.0203399658203125 -0.33563232421875 0.613037109375
0.07537841796875 0.00644683837890625 0.00545501708984376 0.069061279296875
0.0506744384765625 -0.00971603393554688 0.450653076171875 -0.5595703125
0.0321636199951172 -0.0318870544433594 -0.00567626953124994 -0.995849609375
-0.00722789764404297 -0.0086512565612793 -0.740478515625 -0.46435546875
-0.0179538726806641 0.016387939453125 -0.6373291015625 0.286376953125
0.00762510299682617 0.00419998168945313 -0.17681884765625 0.47686767578125
0.00650262832641602 -0.00458145141601563 0.20477294921875 0.303924560546875
0.00302648544311523 -0.00530290603637695 0.348968505859375 0.02239990234375
0.0185775756835938 -0.0161991119384766 -0.341522216796875 -0.023956298828125
0.0172624588012695 -0.00306987762451172 -0.211517333984375 -0.29925537109375
0.0259895324707031 0.0055999755859375 0.16485595703125 -0.466827392578125
0.00807380676269531 0.0264892578125 0.634033203125 -0.27691650390625
-0.0386772155761719 0.00266265869140625 0.67889404296875 0.44805908203125
-0.0242691040039063 -0.0592689514160156 0.1490478515625 0.9215087890625
0.0332908630371094 -0.0143451690673828 -0.337646484375 0.615966796875
0.0692329406738281 0.0120849609375 0.000595092773437509 0.0753936767578125
0.0463905334472656 -0.00368118286132813 0.45068359375 -0.548492431640625
0.0314617156982422 -0.0279655456542969 -0.00140380859374993 -0.988525390625
-0.00597095489501953 -0.00827455520629883 -0.7384033203125 -0.46466064453125
-0.0167236328125 0.0154953002929687 -0.6385498046875 0.28375244140625
0.00824737548828125 0.00243806838989258 -0.175872802734375 0.4764404296875
0.00933074951171875 -0.00421142578125 0.208953857421875 0.3094482421875
0.00333380699157715 -0.00166416168212891 0.353607177734375 0.02777099609375
0.0183181762695313 -0.0133190155029297 -0.337371826171875 -0.024810791015625
0.0207767486572266 -0.00449752807617187 -0.207763671875 -0.29736328125
0.0271530151367188 0.00354957580566406 0.166900634765625 -0.46685791015625
0.00919151306152344 0.0261898040771484 0.63262939453125 -0.27508544921875
-0.0377922058105469 0.00498199462890626 0.67852783203125 0.45330810546875
-0.0262641906738281 -0.0526809692382813 0.149169921875 0.92572021484375
0.0284767150878906 -0.00611495971679688 -0.339599609375 0.61968994140625
0.0621604919433594 0.01739501953125 -0.00217437744140624 0.0780410766601563
0.0412521362304688 0.00408935546875 0.447845458984375 -0.547760009765625
0.0298614501953125 -0.0205116271972656 -0.00653076171874997 -0.98931884765625
-0.00571632385253906 -0.00658845901489258 -0.74139404296875 -0.4654541015625
-0.0158014297485352 0.0140094757080078 -0.6392822265625 0.28302001953125
0.0104990005493164 0.000935554504394531 -0.173248291015625 0.4781494140625
0.0123043060302734 -0.00544071197509766 0.207183837890625 0.3125
0.00424551963806152 0.00274062156677246 0.353759765625 0.029296875
0.0179443359375 -0.0123081207275391 -0.33642578125 -0.026641845703125
0.0242786407470703 -0.00624465942382812 -0.2061767578125 -0.295654296875
0.0294952392578125 4.9591064453125E-05 0.174530029296875 -0.46197509765625
0.0116291046142578 0.0241279602050781 0.636962890625 -0.26800537109375
-0.0369415283203125 0.00583648681640625 0.6700439453125 0.46295166015625
-0.0265960693359375 -0.04547119140625 0.1341552734375 0.92987060546875
0.0233745574951172 0.00214958190917969 -0.3468017578125 0.6195068359375
0.0537185668945312 0.0238456726074219 -0.0017852783203125 0.0764617919921875
0.0336093902587891 0.0128574371337891 0.444732666015625 -0.548919677734375
0.0260238647460937 -0.0135002136230469 -0.0133056640625 -0.9847412109375
-0.00428056716918945 -0.00371098518371582 -0.74249267578125 -0.4578857421875
-0.0131034851074219 0.0123796463012695 -0.63568115234375 0.287109375
0.0149383544921875 -0.00057220458984375 -0.17034912109375 0.479766845703125
0.015019416809082 -0.00766849517822266 0.2117919921875 0.31182861328125
0.00435948371887207 0.00293493270874023 0.354766845703125 0.029510498046875
0.0193996429443359 -0.0121746063232422 -0.335662841796875 -0.031005859375
0.0251693725585938 -0.008880615234375 -0.20562744140625 -0.29388427734375
0.0345687866210938 -0.00320053100585938 0.1817626953125 -0.457611083984375
0.0155353546142578 0.0220851898193359 0.64471435546875 -0.2598876953125
-0.0350570678710938 0.00809860229492188 0.66815185546875 0.47454833984375
-0.0278701782226562 -0.0381851196289063 0.1253662109375 0.9359130859375
0.0177478790283203 0.0104522705078125 -0.35028076171875 0.614501953125
0.0450096130371094 0.0280723571777344 0.00262451171875 0.0732345581054687
0.0272636413574219 0.0213527679443359 0.43890380859375 -0.55474853515625
0.0236663818359375 -0.00543785095214844 -0.0285034179687501 -0.986083984375
-0.00284886360168457 -0.000584840774536132 -0.74853515625 -0.44793701171875
-0.00805854797363281 0.0100107192993164 -0.6304931640625 0.297119140625
0.019989013671875 -0.00162124633789062 -0.162811279296875 0.4847412109375
0.0173969268798828 -0.00906562805175781 0.21295166015625 0.309844970703125
0.00574684143066406 0.00310039520263672 0.354827880859375 0.025665283203125
0.0182132720947266 -0.0138378143310547 -0.336273193359375 -0.0350646972656251
0.0261726379394531 -0.0105838775634766 -0.204315185546875 -0.294647216796875
0.0395317077636719 -0.006134033203125 0.18804931640625 -0.45306396484375
0.0199050903320313 0.0195293426513672 0.65057373046875 -0.24908447265625
-0.0339698791503906 0.00983238220214844 0.6610107421875 0.48779296875
-0.0304679870605469 -0.0315380096435547 0.10919189453125 0.937744140625
0.0122575759887695 0.0165472030639648 -0.355224609375 0.60894775390625
0.039306640625 0.0317230224609375 0.00735092163085937 0.0662918090820313
0.0219669342041016 0.0252475738525391 0.43408203125 -0.56475830078125
0.0215167999267578 0.00106239318847656 -0.04547119140625 -0.982421875
-0.00159049034118652 0.00242280960083008 -0.75537109375 -0.4298095703125
-0.0041656494140625 0.00785970687866211 -0.62139892578125 0.30682373046875
0.0236358642578125 -0.00446128845214844 -0.155517578125 0.487060546875
0.0177459716796875 -0.0118865966796875 0.212371826171875 0.308319091796875
0.00585222244262695 0.000358104705810547 0.353515625 0.01959228515625
0.0192546844482422 -0.0158653259277344 -0.339996337890625 -0.0386047363281249
0.0264720916748047 -0.0128135681152344 -0.205810546875 -0.295318603515625
0.0424728393554688 -0.00753402709960938 0.1966552734375 -0.448486328125
0.0247993469238281 0.01849365234375 0.6591796875 -0.237548828125
-0.0329837799072266 0.0106906890869141 0.6546630859375 0.5009765625
-0.0311946868896484 -0.0280227661132813 0.09368896484375 0.939208984375
0.0095672607421875 0.0199699401855469 -0.3603515625 0.59844970703125
0.0355644226074219 0.03265380859375 0.0146675109863281 0.0581779479980469
0.0183010101318359 0.0291061401367188 0.430419921875 -0.57562255859375
0.0192852020263672 0.00475883483886719 -0.0607910156250001 -0.98272705078125
0.000541210174560547 0.00393843650817871 -0.75775146484375 -0.41461181640625
-2.86102294921874E-05 0.00473594665527344 -0.6134033203125 0.318115234375
0.0276107788085938 -0.00560760498046875 -0.147613525390625 0.490997314453125
0.0179576873779297 -0.0132598876953125 0.214141845703125 0.30450439453125
0.00474023818969726 -0.00213813781738281 0.35235595703125 0.012939453125
0.0198440551757813 -0.0243988037109375 -0.34893798828125 -0.027374267578125
0.00980663299560547 -0.00402545928955078 -0.220977783203125 -0.299285888671875
0.0275058746337891 0.00434684753417969 0.159637451171875 -0.46551513671875
0.009307861328125 0.0253582000732422 0.63568115234375 -0.27532958984375
-0.0388450622558594 0.00292587280273437 0.68780517578125 0.4481201171875
-0.0241355895996094 -0.0624046325683594 0.15570068359375 0.9083251953125
0.0371437072753906 -0.0235748291015625 -0.327392578125 0.602294921875
0.0781097412109375 0.00081634521484375 0.0122489929199219 0.0627975463867188
0.0525856018066406 -0.0131721496582031 0.43804931640625 -0.56890869140625
0.0318641662597656 -0.0334491729736328 -0.0332641601562499 -0.98468017578125
-0.00488471984863281 -0.00816440582275391 -0.745849609375 -0.4383544921875
-0.0138626098632813 0.0167694091796875 -0.62103271484375 0.303466796875
0.0100517272949219 0.00324630737304688 -0.164398193359375 0.4794921875
0.00407028198242188 -0.00450849533081055 0.20684814453125 0.298492431640625
0.00189590454101562 -0.0107936859130859 0.347259521484375 0.012939453125
0.0190486907958984 -0.0196266174316406 -0.343658447265625 -0.022705078125
0.0135107040405273 -0.00490951538085938 -0.218048095703125 -0.2969970703125
0.0255241394042969 0.00649070739746094 0.157135009765625 -0.467071533203125
0.00819587707519531 0.0264701843261719 0.63134765625 -0.2811279296875
-0.0399055480957031 0.00291824340820312 0.6845703125 0.44415283203125
-0.0246391296386719 -0.0617141723632813 0.161376953125 0.91461181640625
0.0360946655273438 -0.0212745666503906 -0.32763671875 0.61492919921875
0.0754928588867188 0.00470733642578125 0.00575637817382813 0.0693321228027344
0.0503349304199219 -0.00992584228515625 0.44049072265625 -0.561431884765625
0.0314102172851563 -0.0320606231689453 -0.0208740234375001 -0.99151611328125
-0.006591796875 -0.00954151153564453 -0.7420654296875 -0.4498291015625
-0.016571044921875 0.0165529251098633 -0.629638671875 0.29315185546875
0.00788784027099609 0.00442981719970703 -0.16900634765625 0.475372314453125
0.00660896301269531 -0.00443792343139648 0.209503173828125 0.29901123046875
0.00360679626464844 -0.00525426864624023 0.347625732421875 0.01708984375
0.0178146362304688 -0.0159950256347656 -0.34185791015625 -0.01910400390625
0.0170173645019531 -0.00337314605712891 -0.21612548828125 -0.2940673828125
0.025360107421875 0.0037994384765625 0.156463623046875 -0.46746826171875
0.00742721557617188 0.0262126922607422 0.6263427734375 -0.2857666015625
-0.03802490234375 0.00318908691406249 0.6817626953125 0.437744140625
-0.0254096984863281 -0.0578765869140625 0.16168212890625 0.9154052734375
0.0330581665039063 -0.015625 -0.32769775390625 0.6187744140625
0.0697174072265625 0.0098876953125 0.00112915039062501 0.074554443359375
0.0467643737792969 -0.00383758544921875 0.440582275390625 -0.5528564453125
0.0300216674804688 -0.0280132293701172 -0.01416015625 -0.983154296875
-0.00643062591552735 -0.00931549072265625 -0.7413330078125 -0.45269775390625
-0.0165576934814453 0.0168485641479492 -0.62933349609375 0.2891845703125
0.00824785232543945 0.00256252288818359 -0.168304443359375 0.47607421875
0.00892066955566406 -0.00430393218994141 0.21307373046875 0.305633544921875
0.00380730628967285 -0.00152730941772461 0.3514404296875 0.02117919921875
0.016840934753418 -0.0131092071533203 -0.336456298828125 -0.0193481445312499
0.0206584930419922 -0.00535774230957031 -0.211761474609375 -0.2911376953125
0.0276412963867187 0.00173187255859375 0.1612548828125 -0.467437744140625
0.00931739807128906 0.0250606536865234 0.62750244140625 -0.283447265625
-0.0379447937011719 0.0045166015625 0.68243408203125 0.44256591796875
-0.0271072387695312 -0.0514640808105469 0.160888671875 0.9197998046875
0.0287628173828125 -0.00706100463867187 -0.3304443359375 0.621826171875
0.0625190734863281 0.0155296325683594 -0.00139617919921875 0.0774917602539063
0.0415687561035156 0.00512313842773438 0.43701171875 -0.549774169921875
0.0296077728271484 -0.0212345123291016 -0.0206298828124999 -0.98382568359375
-0.00557708740234375 -0.00686025619506836 -0.7447509765625 -0.4521484375
-0.0149374008178711 0.0154323577880859 -0.63189697265625 0.29156494140625
0.0109786987304688 0.00110721588134766 -0.166778564453125 0.4757080078125
0.0119485855102539 -0.00575733184814453 0.21282958984375 0.306396484375
0.0049443244934082 0.00266170501708984 0.35302734375 0.023284912109375
0.0176067352294922 -0.0115528106689453 -0.335723876953125 -0.02044677734375
0.0232734680175781 -0.00681114196777344 -0.20977783203125 -0.288848876953125
0.0301666259765625 -0.00119972229003906 0.1680908203125 -0.462249755859375
0.0125846862792969 0.023345947265625 0.6309814453125 -0.27447509765625
-0.0372161865234375 0.00649261474609375 0.67340087890625 0.45098876953125
-0.028350830078125 -0.0446243286132812 0.14886474609375 0.922607421875
0.0226631164550781 0.00162315368652344 -0.33721923828125 0.6202392578125
0.0525703430175781 0.0227241516113281 -0.000366210937500005 0.07684326171875
0.0339775085449219 0.0129375457763672 0.434722900390625 -0.55169677734375
0.0266609191894531 -0.0131492614746094 -0.02691650390625 -0.97943115234375
-0.004425048828125 -0.00430870056152344 -0.748291015625 -0.44525146484375
-0.0118265151977539 0.0128803253173828 -0.62664794921875 0.29595947265625
0.0142393112182617 -0.000967025756835937 -0.16168212890625 0.478271484375
0.0148944854736328 -0.00736522674560547 0.216217041015625 0.307098388671875
0.00550031661987305 0.00394010543823242 0.35296630859375 0.022674560546875
0.0174140930175781 -0.0128612518310547 -0.334747314453125 -0.025604248046875
0.0251407623291016 -0.00921249389648438 -0.208038330078125 -0.288726806640625
0.0343704223632813 -0.00431632995605469 0.17327880859375 -0.458770751953125
0.0157852172851563 0.0203762054443359 0.63726806640625 -0.267822265625
-0.035430908203125 0.00971221923828126 0.67401123046875 0.46295166015625
-0.0296745300292969 -0.0362014770507813 0.13623046875 0.9306640625
0.0179405212402344 0.0101318359375 -0.3402099609375 0.61883544921875
0.0457191467285156 0.0276565551757813 0.00215911865234374 0.0735321044921875
0.0282135009765625 0.0196056365966797 0.428802490234375 -0.558502197265625
0.0238265991210938 -0.00557327270507813 -0.0439453124999999 -0.97991943359375
-0.00278162956237793 -0.000900030136108398 -0.7520751953125 -0.431884765625
-0.00787067413330078 0.0103597640991211 -0.62176513671875 0.30322265625
0.0189971923828125 -0.00279998779296875 -0.155120849609375 0.48309326171875
0.0169668197631836 -0.00890350341796875 0.21710205078125 0.30560302734375
0.00516986846923828 0.00345563888549805 0.35333251953125 0.019317626953125
0.01806640625 -0.0134029388427734 -0.336029052734375 -0.0289306640625
0.0261917114257813 -0.0109920501708984 -0.2081298828125 -0.2896728515625
0.0382843017578125 -0.00667190551757813 0.18231201171875 -0.45440673828125
0.0203285217285156 0.0190010070800781 0.6455078125 -0.25689697265625
-0.0339622497558594 0.0102272033691406 0.66546630859375 0.4755859375
-0.0307826995849609 -0.0304813385009766 0.12158203125 0.93170166015625
0.0123109817504883 0.0159997940063477 -0.34576416015625 0.6116943359375
0.0392417907714844 0.0305747985839844 0.00759506225585938 0.0667037963867188
0.0228157043457031 0.0258693695068359 0.42413330078125 -0.5657958984375
0.0214424133300781 0.000499725341796875 -0.0585327148437501 -0.978515625
-0.00162243843078613 0.00277566909790039 -0.757080078125 -0.418701171875
-0.0037999153137207 0.00674962997436524 -0.61322021484375 0.315185546875
0.0234546661376953 -0.00427627563476563 -0.148284912109375 0.4852294921875
0.0173063278198242 -0.0120019912719727 0.21728515625 0.30377197265625
0.00552129745483398 0.000182151794433594 0.352752685546875 0.013885498046875
0.0185394287109375 -0.0156478881835938 -0.339691162109375 -0.03326416015625
0.0258140563964844 -0.0123996734619141 -0.20745849609375 -0.290557861328125
0.04229736328125 -0.00865554809570313 0.189117431640625 -0.4503173828125
0.0243034362792969 0.0171260833740234 0.65264892578125 -0.245849609375
-0.0328044891357422 0.0116500854492187 0.65960693359375 0.4881591796875
-0.0320243835449219 -0.0263462066650391 0.1060791015625 0.93316650390625
0.00974082946777344 0.0199050903320313 -0.351806640625 0.59912109375
0.0362739562988281 0.0318527221679688 0.0145645141601563 0.05889892578125
0.0195636749267578 0.0283069610595703 0.41986083984375 -0.5772705078125
0.0193061828613281 0.00397491455078125 -0.0749511718749999 -0.9798583984375
-0.000168800354003906 0.00440168380737305 -0.76220703125 -0.4017333984375
0.000221729278564453 0.00487804412841797 -0.60601806640625 0.326171875
0.0272731781005859 -0.00654220581054688 -0.140533447265625 0.490478515625
0.0173063278198242 -0.0139493942260742 0.21728515625 0.300079345703125
0.00518560409545898 -0.00229215621948242 0.3505859375 0.00799560546875
0.0187702178955078 -0.0241794586181641 -0.3489990234375 -0.0222473144531249
0.00976371765136719 -0.00398063659667969 -0.224639892578125 -0.2939453125
0.0268726348876953 0.00363349914550781 0.152587890625 -0.4644775390625
0.00992774963378906 0.0242137908935547 0.62744140625 -0.283203125
-0.0388259887695313 0.00330734252929687 0.69085693359375 0.43524169921875
-0.0249404907226563 -0.0612945556640625 0.1658935546875 0.90179443359375
0.0367164611816406 -0.0245323181152344 -0.31829833984375 0.60223388671875
0.0784378051757813 -0.00060272216796875 0.0126419067382813 0.0638008117675781
0.0526504516601563 -0.0143280029296875 0.428466796875 -0.56982421875
0.0317821502685547 -0.0330829620361328 -0.0452880859374999 -0.981689453125
-0.00536966323852539 -0.00841760635375977 -0.7467041015625 -0.42529296875
-0.0134992599487305 0.0169954299926758 -0.6138916015625 0.3096923828125
0.0100746154785156 0.00346088409423828 -0.155914306640625 0.477386474609375
0.00325226783752441 -0.00437736511230469 0.210723876953125 0.294189453125
0.00152111053466797 -0.010554313659668 0.344268798828125 0.00750732421875
0.0177326202392578 -0.0184497833251953 -0.342132568359375 -0.01666259765625
0.0136270523071289 -0.00394725799560547 -0.22119140625 -0.29034423828125
0.0248527526855469 0.0038604736328125 0.150421142578125 -0.464111328125
0.00770187377929687 0.0268592834472656 0.6226806640625 -0.28826904296875
-0.0395050048828125 0.00365447998046875 0.68829345703125 0.43243408203125
-0.0252418518066406 -0.0595130920410156 0.17218017578125 0.90643310546875
0.0354270935058594 -0.0216941833496094 -0.3184814453125 0.61468505859375
0.074462890625 0.00298309326171875 0.0064544677734375 0.0702972412109375
0.0506744384765625 -0.00994491577148438 0.43084716796875 -0.5628662109375
0.0322341918945313 -0.0312423706054688 -0.0335693359375 -0.98486328125
-0.00703620910644531 -0.00982475280761719 -0.74261474609375 -0.43682861328125
-0.0151634216308594 0.0177593231201172 -0.62103271484375 0.30035400390625
0.00739812850952148 0.00348424911499023 -0.16064453125 0.47442626953125
0.00541162490844727 -0.00484466552734375 0.212371826171875 0.294403076171875
0.00323677062988281 -0.00499773025512695 0.345733642578125 0.011566162109375
0.0167083740234375 -0.0155344009399414 -0.33929443359375 -0.013458251953125
0.0164785385131836 -0.00347900390625 -0.21807861328125 -0.2880859375
0.0245590209960938 0.00322723388671875 0.148773193359375 -0.46563720703125
0.00865364074707031 0.0251789093017578 0.61846923828125 -0.2908935546875
-0.0393600463867188 0.00403976440429687 0.684814453125 0.42608642578125
-0.0270576477050781 -0.0557861328125 0.17169189453125 0.90618896484375
0.0322036743164063 -0.0157947540283203 -0.3197021484375 0.61688232421875
0.069732666015625 0.00847625732421875 0.00152587890625 0.0757675170898437
0.0470237731933594 -0.00447463989257813 0.429351806640625 -0.552734375
0.0302543640136719 -0.0282497406005859 -0.0286254882812501 -0.97882080078125
-0.00680828094482422 -0.00826454162597656 -0.7427978515625 -0.4385986328125
-0.0154314041137695 0.0163402557373047 -0.62176513671875 0.2965087890625
0.00825786590576172 0.00189733505249023 -0.16119384765625 0.474151611328125
0.00806522369384765 -0.00487375259399414 0.21649169921875 0.29998779296875
0.00363612174987793 -0.000840663909912109 0.35015869140625 0.016265869140625
0.0170450210571289 -0.0127248764038086 -0.33477783203125 -0.0131530761718751
0.0196723937988281 -0.00537490844726563 -0.213531494140625 -0.285552978515625
0.0275497436523438 0.001556396484375 0.153472900390625 -0.466033935546875
0.00938796997070312 0.0231800079345703 0.618896484375 -0.2913818359375
-0.0377693176269531 0.0061187744140625 0.68475341796875 0.42901611328125
-0.0272254943847656 -0.0495147705078125 0.1702880859375 0.91326904296875
0.0279979705810547 -0.007476806640625 -0.320068359375 0.6214599609375
0.0617561340332031 0.0144996643066406 -0.000755310058593745 0.077117919921875
0.0416412353515625 0.00292587280273438 0.42633056640625 -0.552520751953125
0.0284252166748047 -0.0218486785888672 -0.03204345703125 -0.97674560546875
-0.00621509552001953 -0.00628089904785156 -0.74609375 -0.439453125
-0.0142049789428711 0.0155372619628906 -0.62286376953125 0.296142578125
0.00953388214111328 0.000676155090332031 -0.158172607421875 0.475830078125
0.0116186141967773 -0.00570964813232422 0.21636962890625 0.301910400390625
0.00482654571533203 0.00228023529052734 0.35064697265625 0.01751708984375
0.0168561935424805 -0.0112142562866211 -0.333251953125 -0.01531982421875
0.023193359375 -0.00719833374023437 -0.21136474609375 -0.2845458984375
0.0286579132080078 -0.00193023681640625 0.159637451171875 -0.461212158203125
0.0116176605224609 0.0223789215087891 0.6231689453125 -0.28289794921875
-0.0376739501953125 0.00731277465820312 0.67657470703125 0.43865966796875
-0.0288238525390625 -0.0425949096679687 0.1593017578125 0.91619873046875
0.0221424102783203 0.0010833740234375 -0.32763671875 0.61944580078125
0.0534439086914063 0.0203056335449219 -0.00043487548828124 0.0771713256835938
0.0352935791015625 0.0115814208984375 0.423828125 -0.55096435546875
0.0260257720947266 -0.0134544372558594 -0.03997802734375 -0.9744873046875
-0.00539636611938477 -0.00342178344726563 -0.74761962890625 -0.43365478515625
-0.0113439559936523 0.0133399963378906 -0.6175537109375 0.3011474609375
0.0134925842285156 -0.00111484527587891 -0.153167724609375 0.4764404296875
0.0159053802490234 -0.00798416137695313 0.21954345703125 0.301177978515625
0.00523185729980469 0.00382137298583984 0.352447509765625 0.01708984375
0.0168657302856445 -0.0114603042602539 -0.335052490234375 -0.019500732421875
0.0234813690185547 -0.00976181030273438 -0.211151123046875 -0.2838134765625
0.0333232879638672 -0.00427055358886719 0.16729736328125 -0.4578857421875
0.0161724090576172 0.0196418762207031 0.6285400390625 -0.27520751953125
-0.0350799560546875 0.0101394653320313 0.67535400390625 0.45172119140625
-0.0299949645996094 -0.03485107421875 0.148193359375 0.921875
0.0163488388061523 0.0102453231811523 -0.3306884765625 0.616943359375
0.0454940795898437 0.0259780883789062 0.00281524658203125 0.0730438232421875
0.0284423828125 0.0197696685791016 0.41851806640625 -0.55841064453125
0.0245552062988281 -0.00689697265625 -0.0550537109375001 -0.97381591796875
-0.00340938568115234 -0.00120449066162109 -0.7528076171875 -0.4193115234375
-0.00661659240722656 0.0105867385864258 -0.61376953125 0.3095703125
0.0177974700927734 -0.00348854064941406 -0.148345947265625 0.480438232421875
0.0159721374511719 -0.010157585144043 0.220367431640625 0.300628662109375
0.00614166259765625 0.00346565246582031 0.3516845703125 0.014739990234375
0.0168209075927734 -0.0133962631225586 -0.334014892578125 -0.023895263671875
0.0249271392822266 -0.0112628936767578 -0.210357666015625 -0.284454345703125
0.0378952026367187 -0.0070648193359375 0.175201416015625 -0.4544677734375
0.0206031799316406 0.0172386169433594 0.63677978515625 -0.26361083984375
-0.0340900421142578 0.0105628967285156 0.66680908203125 0.4625244140625
-0.0312862396240234 -0.0286083221435547 0.13043212890625 0.9251708984375
0.0115165710449219 0.0157337188720703 -0.33685302734375 0.61029052734375
0.0394058227539063 0.029266357421875 0.00807571411132812 0.0666236877441406
0.0230255126953125 0.0237922668457031 0.41461181640625 -0.56805419921875
0.0209312438964844 0.000579833984375 -0.0711669921874999 -0.970947265625
-0.00101208686828613 0.00185668468475342 -0.75836181640625 -0.4041748046875
-0.00371837615966797 0.00751495361328125 -0.6048583984375 0.32037353515625
0.0226802825927734 -0.00480461120605469 -0.14215087890625 0.48388671875
0.0178680419921875 -0.0117664337158203 0.22064208984375 0.29913330078125
0.00595855712890625 0.00230646133422852 0.35064697265625 0.00885009765625
0.0173559188842773 -0.0156784057617188 -0.337799072265625 -0.026824951171875
0.0247726440429688 -0.012451171875 -0.210662841796875 -0.284637451171875
0.0422782897949219 -0.0102043151855469 0.181671142578125 -0.448028564453125
0.02398681640625 0.0160140991210938 0.64471435546875 -0.25262451171875
-0.0332889556884766 0.0117073059082031 0.66217041015625 0.47576904296875
-0.0315837860107422 -0.0244274139404297 0.1181640625 0.92633056640625
0.0098724365234375 0.0192356109619141 -0.3426513671875 0.59979248046875
0.0362739562988281 0.0305938720703125 0.0147590637207031 0.0592575073242187
0.0207672119140625 0.0273151397705078 0.41058349609375 -0.57928466796875
0.0201129913330078 0.00394248962402344 -0.0869750976562501 -0.971435546875
0.000210285186767578 0.00448894500732422 -0.76123046875 -0.3897705078125
0.000670909881591797 0.00478982925415039 -0.59613037109375 0.3319091796875
0.0271110534667969 -0.00677871704101562 -0.1324462890625 0.487640380859375
0.017181396484375 -0.0129499435424805 0.22076416015625 0.294036865234375
0.00513553619384766 -0.00195455551147461 0.3482666015625 0.00091552734375
0.0183219909667969 -0.0236911773681641 -0.345703125 -0.01708984375
0.00893115997314453 -0.00380516052246094 -0.2271728515625 -0.289093017578125
0.0266056060791016 0.00319671630859375 0.1456298828125 -0.4609375
0.0101051330566406 0.0236911773681641 0.6207275390625 -0.28802490234375
-0.038482666015625 0.00392913818359375 0.68890380859375 0.4234619140625
-0.0256881713867188 -0.0594291687011719 0.1763916015625 0.89263916015625
0.0359344482421875 -0.0247917175292969 -0.31097412109375 0.60162353515625
0.0768508911132813 -0.00145721435546875 0.0125732421875 0.0628471374511719
0.0518951416015625 -0.0153121948242187 0.41888427734375 -0.5704345703125
0.0309791564941406 -0.0339202880859375 -0.0551757812499999 -0.97357177734375
-0.00570535659790039 -0.00823259353637695 -0.74493408203125 -0.41253662109375
-0.0126771926879883 0.0163125991821289 -0.6053466796875 0.314208984375
0.00955295562744141 0.00292587280273437 -0.149932861328125 0.47552490234375
0.00403690338134766 -0.00471735000610352 0.21295166015625 0.288665771484375
0.00265121459960938 -0.010371208190918 0.3427734375 0.00262451171875
0.0169639587402344 -0.0190677642822266 -0.339935302734375 -0.0116577148437501
0.0123691558837891 -0.00359153747558594 -0.222808837890625 -0.284698486328125
0.0245780944824219 0.00400733947753906 0.144195556640625 -0.463775634765625
0.00855636596679687 0.0241050720214844 0.61529541015625 -0.29254150390625
-0.0396194458007813 0.00373077392578124 0.68804931640625 0.419677734375
-0.0270614624023437 -0.058929443359375 0.1795654296875 0.89788818359375
0.0339565277099609 -0.0218715667724609 -0.3089599609375 0.612060546875
0.074432373046875 0.00138092041015625 0.00606536865234376 0.0703887939453125
0.0508537292480469 -0.011505126953125 0.422119140625 -0.5616455078125
0.0308380126953125 -0.0322437286376953 -0.0447998046875001 -0.97613525390625
-0.00691413879394531 -0.0101327896118164 -0.74139404296875 -0.4266357421875
-0.0155010223388672 0.0169076919555664 -0.61151123046875 0.3048095703125
0.00736522674560547 0.0035395622253418 -0.154205322265625 0.471893310546875
0.00563573837280273 -0.00459527969360352 0.21484375 0.289642333984375
0.00331282615661621 -0.00363945960998535 0.34332275390625 0.006591796875
0.0169496536254883 -0.0159492492675781 -0.337921142578125 -0.00762939453125006
0.0157814025878906 -0.00280380249023438 -0.220001220703125 -0.283477783203125
0.0253696441650391 0.00286483764648438 0.142791748046875 -0.46478271484375
0.007598876953125 0.0248126983642578 0.61126708984375 -0.29583740234375
-0.0392036437988281 0.0052032470703125 0.685546875 0.41400146484375
-0.0272636413574219 -0.0548439025878906 0.18109130859375 0.89654541015625
0.0314788818359375 -0.0162429809570313 -0.3101806640625 0.61663818359375
0.0699882507324219 0.00693130493164062 0.00252532958984376 0.0754241943359375
0.0468406677246094 -0.00516510009765625 0.420867919921875 -0.55279541015625
0.0305099487304688 -0.0282058715820313 -0.0390014648437501 -0.96966552734375
-0.00618362426757813 -0.00832366943359375 -0.7415771484375 -0.42706298828125
-0.0149784088134766 0.0176048278808594 -0.61474609375 0.30194091796875
0.00804281234741211 0.00228214263916016 -0.152740478515625 0.471923828125
0.00846290588378906 -0.00460720062255859 0.21881103515625 0.295135498046875
0.00322079658508301 0.000318288803100586 0.347991943359375 0.011566162109375
0.0160808563232422 -0.0127801895141602 -0.3343505859375 -0.00820922851562504
0.01983642578125 -0.00488471984863281 -0.215316772460937 -0.280303955078125
0.0266208648681641 0.000677108764648438 0.146026611328125 -0.463958740234375
0.00921630859375 0.0237560272216797 0.61102294921875 -0.29742431640625
-0.0380630493164063 0.00721359252929687 0.6839599609375 0.4190673828125
-0.0284652709960937 -0.0483245849609375 0.17926025390625 0.901123046875
0.0274982452392578 -0.00740623474121094 -0.3126220703125 0.620849609375
0.0624618530273438 0.01324462890625 0.00067901611328126 0.0777435302734375
0.0421485900878906 0.00313186645507813 0.41741943359375 -0.552490234375
0.0288829803466797 -0.0216217041015625 -0.0431518554687499 -0.97113037109375
-0.00598764419555664 -0.00705575942993164 -0.7454833984375 -0.42620849609375
-0.0140867233276367 0.015599250793457 -0.61419677734375 0.30224609375
0.00934410095214844 0.00104331970214844 -0.150848388671875 0.471466064453125
0.0113792419433594 -0.0059661865234375 0.21881103515625 0.29736328125
0.00500059127807617 0.003265380859375 0.34893798828125 0.012908935546875
0.0161056518554688 -0.0106916427612305 -0.331817626953125 -0.0113220214843749
0.0225143432617188 -0.00693130493164063 -0.214645385742187 -0.27716064453125
0.0285911560058594 -0.00208663940429688 0.152740478515625 -0.459503173828125
0.0127716064453125 0.0209407806396484 0.61376953125 -0.2879638671875
-0.0365333557128906 0.00820922851562501 0.676513671875 0.4273681640625
-0.0291404724121094 -0.0403213500976562 0.16650390625 0.90533447265625
0.0222072601318359 0.00102043151855469 -0.31890869140625 0.61962890625
0.0531196594238281 0.019927978515625 0.0013427734375 0.076263427734375
0.0358161926269531 0.0107498168945313 0.415435791015625 -0.550537109375
0.026824951171875 -0.0137195587158203 -0.0501098632812499 -0.96630859375
-0.00350093841552734 -0.00342416763305664 -0.7464599609375 -0.41900634765625
-0.0107574462890625 0.0132131576538086 -0.60980224609375 0.30560302734375
0.0137052536010742 -0.00174236297607422 -0.148895263671875 0.47406005859375
0.0135746002197266 -0.00756168365478516 0.22021484375 0.29736328125
0.00566339492797852 0.00413942337036133 0.349639892578125 0.0125732421875
0.0159826278686523 -0.0115261077880859 -0.3319091796875 -0.0148315429687499
0.0237998962402344 -0.00926399230957031 -0.2117919921875 -0.278213500976563
0.0330905914306641 -0.00629043579101563 0.159332275390625 -0.4576416015625
0.0155391693115234 0.0189647674560547 0.6202392578125 -0.28070068359375
-0.0360908508300781 0.0104942321777344 0.67529296875 0.438720703125
-0.0301380157470703 -0.0340690612792969 0.1575927734375 0.91302490234375
0.0162544250488281 0.00961780548095703 -0.32269287109375 0.6156005859375
0.0452194213867188 0.0248908996582031 0.00244903564453125 0.0731582641601563
0.0289249420166016 0.0188674926757813 0.409423828125 -0.55841064453125
0.0234222412109375 -0.00636482238769531 -0.06475830078125 -0.96673583984375
-0.00259208679199219 -0.000593662261962891 -0.75201416015625 -0.40643310546875
-0.00682640075683594 0.0102262496948242 -0.60552978515625 0.31463623046875
0.0176906585693359 -0.00366401672363281 -0.141448974609375 0.47772216796875
0.0154256820678711 -0.00947093963623047 0.222747802734375 0.295562744140625
0.00596046447753906 0.00420522689819336 0.349334716796875 0.009307861328125
0.0170173645019531 -0.0130720138549805 -0.33233642578125 -0.01812744140625
0.0238838195800781 -0.0111656188964844 -0.212234497070313 -0.278778076171875
0.0372543334960938 -0.00888824462890625 0.168609619140625 -0.452911376953125
0.0203170776367188 0.0164699554443359 0.63006591796875 -0.2706298828125
-0.0337123870849609 0.0115795135498047 0.668701171875 0.45245361328125
-0.0319461822509766 -0.0268459320068359 0.14215087890625 0.91461181640625
0.0120887756347656 0.0156545639038086 -0.32781982421875 0.608154296875
0.0388145446777344 0.0284690856933594 0.00864791870117188 0.0668144226074219
0.0247611999511719 0.0242862701416016 0.404541015625 -0.566650390625
0.0222434997558594 0.00046539306640625 -0.0827636718750001 -0.96246337890625
-0.000680685043334961 0.00212132930755615 -0.75909423828125 -0.39251708984375
-0.00269556045532227 0.00749111175537109 -0.59619140625 0.3248291015625
0.022216796875 -0.00542640686035156 -0.132843017578125 0.480499267578125
0.0165586471557617 -0.0123987197875977 0.2222900390625 0.29345703125
0.00645160675048828 0.00178337097167969 0.348419189453125 0.003448486328125
0.0172758102416992 -0.015355110168457 -0.33587646484375 -0.022308349609375
0.0241241455078125 -0.0128097534179688 -0.213287353515625 -0.28082275390625
0.0413627624511719 -0.0104179382324219 0.17523193359375 -0.4482421875
0.0247459411621094 0.0154705047607422 0.6373291015625 -0.2579345703125
-0.0325431823730469 0.0128459930419922 0.66302490234375 0.46746826171875
-0.0335235595703125 -0.0241355895996094 0.1256103515625 0.91766357421875
0.00987052917480469 0.0186595916748047 -0.335693359375 0.60009765625
0.03662109375 0.0286140441894531 0.01507568359375 0.058624267578125
0.021209716796875 0.0264396667480469 0.39862060546875 -0.5780029296875
0.0199546813964844 0.00442886352539063 -0.09625244140625 -0.96295166015625
9.84668731689451E-05 0.00395798683166504 -0.759765625 -0.3763427734375
0.000570297241210938 0.00455188751220703 -0.5887451171875 0.33636474609375
0.0261096954345703 -0.00754547119140625 -0.12701416015625 0.484222412109375
0.0156650543212891 -0.0139780044555664 0.223480224609375 0.290069580078125
0.00646400451660156 -0.00204944610595703 0.3450927734375 -0.00311279296875
0.0180873870849609 -0.0238246917724609 -0.34356689453125 -0.0125732421875001
0.00786256790161133 -0.0041656494140625 -0.22637939453125 -0.283294677734375
0.0261478424072266 0.00171852111816406 0.138946533203125 -0.458892822265625
0.0103988647460937 0.0222282409667969 0.6131591796875 -0.29052734375
-0.0384101867675781 0.00336837768554688 0.6900634765625 0.41424560546875
-0.0265541076660156 -0.0570869445800781 0.1824951171875 0.881103515625
0.0337467193603516 -0.0245075225830078 -0.3031005859375 0.5982666015625
0.0763931274414063 -0.0040130615234375 0.0135116577148438 0.0625076293945313
0.05120849609375 -0.0153923034667969 0.4110107421875 -0.5670166015625
0.0304908752441406 -0.0339221954345703 -0.06475830078125 -0.96502685546875
-0.00594472885131836 -0.00815725326538086 -0.7423095703125 -0.40185546875
-0.0123786926269531 0.0170888900756836 -0.5953369140625 0.31793212890625
0.00926685333251953 0.00306510925292969 -0.14349365234375 0.4698486328125
0.00310277938842773 -0.00481986999511719 0.214508056640625 0.284912109375
0.00243997573852539 -0.00827217102050781 0.3404541015625 -0.0015869140625
0.0170307159423828 -0.0180244445800781 -0.336578369140625 -0.00680541992187499
0.0118074417114258 -0.00502109527587891 -0.223724365234375 -0.278640747070313
0.024871826171875 0.00427818298339844 0.138275146484375 -0.45965576171875
0.00870513916015625 0.0236701965332031 0.608642578125 -0.2978515625
-0.0393905639648438 0.00516891479492187 0.686279296875 0.41046142578125
-0.0276222229003906 -0.0562553405761719 0.18634033203125 0.88604736328125
0.0333347320556641 -0.0219249725341797 -0.30145263671875 0.60931396484375
0.0737533569335938 0.001007080078125 0.00581741333007813 0.0683631896972656
0.0511512756347656 -0.0120925903320313 0.411590576171875 -0.561187744140625
0.0312595367431641 -0.0326805114746094 -0.0511474609375 -0.96649169921875
-0.00770378112792969 -0.00969696044921875 -0.73956298828125 -0.4158935546875
-0.0136041641235352 0.0166177749633789 -0.6041259765625 0.30889892578125
0.00706624984741211 0.00340843200683594 -0.148345947265625 0.468536376953125
0.00536441802978516 -0.00394916534423828 0.21636962890625 0.284698486328125
0.00328540802001953 -0.00457954406738281 0.340789794921875 0.003265380859375
0.015599250793457 -0.0139865875244141 -0.33489990234375 -0.00384521484375006
0.0150175094604492 -0.00369739532470703 -0.2213134765625 -0.278213500976563
0.0242710113525391 0.00284767150878906 0.138671875 -0.460601806640625
0.00835609436035156 0.0243015289306641 0.601318359375 -0.3018798828125
-0.0387535095214844 0.00579452514648437 0.685546875 0.40399169921875
-0.027374267578125 -0.0526313781738281 0.18707275390625 0.8885498046875
0.0304965972900391 -0.0148658752441406 -0.30474853515625 0.61419677734375
0.0672683715820313 0.00611495971679687 0.00318145751953125 0.0748138427734375
0.0467910766601563 -0.0072021484375 0.41265869140625 -0.55084228515625
0.0293846130371094 -0.0287227630615234 -0.0471191406250001 -0.9610595703125
-0.0068812370300293 -0.00867080688476562 -0.73944091796875 -0.41583251953125
-0.014653205871582 0.0162868499755859 -0.6055908203125 0.3052978515625
0.00676918029785156 0.00155067443847656 -0.148681640625 0.46734619140625
0.00724554061889648 -0.00517749786376953 0.21990966796875 0.289794921875
0.00381064414978027 0.000321626663208008 0.344940185546875 0.006927490234375
0.0153694152832031 -0.01214599609375 -0.331146240234375 -0.00585937499999994
0.0187664031982422 -0.00565338134765625 -0.217376708984375 -0.274795532226563
0.0257587432861328 0.00038909912109375 0.140380859375 -0.4608154296875
0.0101394653320312 0.0225486755371094 0.603271484375 -0.2991943359375
-0.0378608703613281 0.00708389282226562 0.68359375 0.40863037109375
-0.0282630920410156 -0.0467033386230469 0.1859130859375 0.89300537109375
0.0263080596923828 -0.00863838195800781 -0.3050537109375 0.61663818359375
0.0606880187988281 0.0121040344238281 0.00135040283203125 0.0780105590820313
0.0418701171875 0.00181961059570313 0.409210205078125 -0.54998779296875
0.0278282165527344 -0.0222625732421875 -0.0514526367187501 -0.9613037109375
-0.00591611862182617 -0.00581645965576172 -0.74163818359375 -0.41412353515625
-0.0142450332641602 0.0154132843017578 -0.60516357421875 0.30609130859375
0.00881767272949219 0.000774383544921875 -0.145599365234375 0.468475341796875
0.010716438293457 -0.00729274749755859 0.220855712890625 0.290924072265625
0.00485372543334961 0.00236177444458008 0.345947265625 0.0093994140625
0.0159025192260742 -0.0118722915649414 -0.33001708984375 -0.00598144531250001
0.0213260650634766 -0.00636672973632812 -0.215194702148438 -0.2734375
0.0292072296142578 -0.00334358215332031 0.1473388671875 -0.45654296875
0.0110759735107422 0.0195388793945313 0.6090087890625 -0.2926025390625
-0.0375442504882813 0.00906372070312499 0.67608642578125 0.41650390625
-0.0298233032226563 -0.0389595031738281 0.17413330078125 0.89599609375
0.0208988189697266 0.000654220581054688 -0.31219482421875 0.6163330078125
0.0539474487304688 0.018707275390625 0.00114440917968751 0.076263427734375
0.0358505249023437 0.0104942321777344 0.40679931640625 -0.548919677734375
0.0269889831542969 -0.0147552490234375 -0.0574951171875 -0.95770263671875
-0.00398612022399902 -0.00391006469726563 -0.7442626953125 -0.40802001953125
-0.010676383972168 0.0128145217895508 -0.60186767578125 0.30816650390625
0.0123767852783203 -0.00226688385009766 -0.14190673828125 0.469818115234375
0.014042854309082 -0.00834941864013672 0.2216796875 0.29412841796875
0.00614118576049805 0.0043492317199707 0.346649169921875 0.0081787109375
0.0153465270996094 -0.0117835998535156 -0.329345703125 -0.010772705078125
0.022796630859375 -0.00990867614746094 -0.213638305664063 -0.272933959960937
0.0324268341064453 -0.00762748718261719 0.154571533203125 -0.45379638671875
0.0162582397460938 0.0178585052490234 0.61236572265625 -0.2843017578125
-0.0350780487060547 0.0110301971435547 0.67510986328125 0.4285888671875
-0.0312900543212891 -0.0325241088867188 0.16448974609375 0.9049072265625
0.0170383453369141 0.00899124145507813 -0.314697265625 0.6136474609375
0.0455169677734375 0.0230903625488281 0.00400543212890625 0.0734329223632813
0.02996826171875 0.0170040130615234 0.40185546875 -0.55645751953125
0.0242805480957031 -0.00745010375976563 -0.0734863281250001 -0.95648193359375
-0.00317573547363281 -0.0021965503692627 -0.7493896484375 -0.39666748046875
-0.00697517395019531 0.0104560852050781 -0.59686279296875 0.31744384765625
0.0178680419921875 -0.00272560119628906 -0.135406494140625 0.474700927734375
0.0154056549072266 -0.0106697082519531 0.22528076171875 0.29193115234375
0.00521135330200195 0.00392293930053711 0.3460693359375 0.005035400390625
0.016972541809082 -0.0126132965087891 -0.330718994140625 -0.015960693359375
0.0243167877197266 -0.0113945007324219 -0.214828491210938 -0.271575927734375
0.03753662109375 -0.0101547241210938 0.16302490234375 -0.45147705078125
0.0210704803466797 0.0163936614990234 0.62158203125 -0.2745361328125
-0.0336894989013672 0.0123939514160156 0.66998291015625 0.44110107421875
-0.0323200225830078 -0.0262107849121094 0.1473388671875 0.9061279296875
0.0120477676391602 0.0154504776000977 -0.32177734375 0.6051025390625
0.0402488708496094 0.0267410278320313 0.00915908813476562 0.066741943359375
0.0250740051269531 0.0230121612548828 0.3961181640625 -0.56671142578125
0.0213737487792969 -0.000677108764648438 -0.0915527343750001 -0.95245361328125
-0.00164902210235596 0.00153887271881104 -0.7535400390625 -0.3818359375
-0.0023798942565918 0.00712680816650391 -0.58868408203125 0.3284912109375
0.0218029022216797 -0.00554847717285156 -0.12841796875 0.477264404296875
0.0158052444458008 -0.0119113922119141 0.224945068359375 0.28839111328125
0.00650215148925781 0.00196552276611328 0.3441162109375 0.00048828125
0.0153532028198242 -0.0142583847045898 -0.3336181640625 -0.0179443359374999
0.0245609283447266 -0.0121307373046875 -0.214431762695313 -0.275009155273438
0.0403938293457031 -0.01251220703125 0.169769287109375 -0.445343017578125
0.0233001708984375 0.0152168273925781 0.63037109375 -0.263427734375
-0.0324821472167969 0.0132484436035156 0.6619873046875 0.45672607421875
-0.0327987670898438 -0.0222721099853516 0.1319580078125 0.906982421875
0.00796890258789062 0.0192375183105469 -0.32659912109375 0.59600830078125
0.0363922119140625 0.0284385681152344 0.0142173767089844 0.0578384399414063
0.0220146179199219 0.0261249542236328 0.391357421875 -0.57623291015625
0.0205936431884766 0.00427436828613281 -0.10504150390625 -0.95355224609375
0.000913619995117188 0.00290298461914063 -0.75628662109375 -0.36474609375
0.000971317291259765 0.00581550598144531 -0.57977294921875 0.33740234375
0.0255966186523438 -0.00835418701171875 -0.12017822265625 0.47979736328125
0.0159807205200195 -0.0135393142700195 0.22442626953125 0.2867431640625
0.00561094284057617 -0.00196552276611328 0.34454345703125 -0.006744384765625
0.0172252655029297 -0.0219783782958984 -0.340850830078125 -0.010772705078125
0.00872421264648438 -0.00312042236328125 -0.22833251953125 -0.277618408203125
0.0248870849609375 0.00134849548339844 0.1358642578125 -0.4564208984375
0.00876045227050781 0.0222053527832031 0.6051025390625 -0.2945556640625
-0.0386276245117188 0.00526046752929687 0.68682861328125 0.4041748046875
-0.027313232421875 -0.0568161010742188 0.18463134765625 0.8734130859375
0.0349807739257813 -0.0247268676757813 -0.2965087890625 0.59527587890625
0.0756988525390625 -0.00457000732421875 0.0129432678222656 0.0625114440917969
0.0511627197265625 -0.0169181823730469 0.40093994140625 -0.56451416015625
0.0300807952880859 -0.0344829559326172 -0.0689697265625 -0.9560546875
-0.00533819198608398 -0.00842428207397461 -0.7386474609375 -0.39312744140625
-0.0119142532348633 0.0169248580932617 -0.58856201171875 0.31884765625
0.00934219360351563 0.00364208221435547 -0.140533447265625 0.46624755859375
0.00335884094238281 -0.00454330444335938 0.214813232421875 0.280136108398438
0.00334358215332031 -0.00920581817626953 0.337615966796875 -0.004730224609375
0.0159816741943359 -0.0182228088378906 -0.33447265625 -0.00402832031250002
0.0110263824462891 -0.00267124176025391 -0.22332763671875 -0.274185180664062
0.0229911804199219 0.00149154663085938 0.132843017578125 -0.457763671875
0.00888252258300781 0.0243549346923828 0.6005859375 -0.298095703125
-0.0398483276367188 0.00485992431640625 0.6842041015625 0.4013671875
-0.0276718139648437 -0.0553398132324219 0.19195556640625 0.87750244140625
0.0330371856689453 -0.0210475921630859 -0.2952880859375 0.6051025390625
0.0731887817382812 -0.00040435791015625 0.00738525390625001 0.0692062377929688
0.0506973266601563 -0.0126113891601563 0.404937744140625 -0.558807373046875
0.0307407379150391 -0.0324916839599609 -0.05633544921875 -0.95867919921875
-0.00613880157470703 -0.00914669036865234 -0.73468017578125 -0.4052734375
-0.0135183334350586 0.0169649124145508 -0.59625244140625 0.3095703125
0.0072941780090332 0.0036163330078125 -0.143829345703125 0.462890625
0.00449228286743164 -0.00496959686279297 0.216064453125 0.2808837890625
0.00367164611816406 -0.00485754013061523 0.3369140625 -0.000244140625
0.0155878067016602 -0.0154075622558594 -0.33148193359375 -0.000823974609375024
0.0151777267456055 -0.0027008056640625 -0.22296142578125 -0.271133422851562
0.0234870910644531 0.000766754150390625 0.13238525390625 -0.45819091796875
0.00783538818359375 0.0230293273925781 0.595703125 -0.3026123046875
-0.0392074584960938 0.00456619262695313 0.68170166015625 0.39617919921875
-0.028778076171875 -0.0516929626464844 0.1904296875 0.87713623046875
0.0302066802978516 -0.0151596069335937 -0.29791259765625 0.61065673828125
0.0683441162109375 0.00553131103515625 0.0028228759765625 0.073638916015625
0.0474205017089844 -0.00654983520507812 0.40582275390625 -0.548797607421875
0.0304489135742188 -0.0288505554199219 -0.0530395507812499 -0.95196533203125
-0.00558662414550781 -0.00867986679077148 -0.73614501953125 -0.40582275390625
-0.0137758255004883 0.0161037445068359 -0.59979248046875 0.30804443359375
0.0069732666015625 0.00237369537353516 -0.143829345703125 0.463287353515625
0.0071415901184082 -0.00502109527587891 0.22052001953125 0.28521728515625
0.00412750244140625 0.000414133071899414 0.342864990234375 0.003448486328125
0.0144977569580078 -0.011627197265625 -0.329071044921875 -0.00146484374999993
0.0181751251220703 -0.00554656982421875 -0.218948364257813 -0.268234252929688
0.0256729125976563 -0.00142097473144531 0.13427734375 -0.457763671875
0.00999641418457032 0.0223979949951172 0.595947265625 -0.3006591796875
-0.0375289916992188 0.00800704956054687 0.679931640625 0.399658203125
-0.0289421081542969 -0.0452156066894531 0.18927001953125 0.88397216796875
0.0261726379394531 -0.00763130187988281 -0.2994384765625 0.6136474609375
0.0601387023925781 0.0104942321777344 0.000823974609375008 0.0767974853515625
0.04254150390625 0.0017547607421875 0.402252197265625 -0.54656982421875
0.0278339385986328 -0.0219402313232422 -0.05914306640625 -0.9508056640625
-0.00604438781738281 -0.00643205642700195 -0.73883056640625 -0.4068603515625
-0.0128850936889648 0.0150213241577148 -0.59710693359375 0.30596923828125
0.00902652740478515 0.000467300415039062 -0.14227294921875 0.4644775390625
0.00907516479492187 -0.00609493255615234 0.220916748046875 0.286590576171875
0.00548696517944336 0.00330734252929688 0.343475341796875 0.004730224609375
0.0146780014038086 -0.0101699829101563 -0.328216552734375 -0.00378417968749999
0.0217838287353516 -0.00655937194824219 -0.216079711914063 -0.268951416015625
0.0287456512451172 -0.00395774841308594 0.1419677734375 -0.454132080078125
0.0126190185546875 0.0201759338378906 0.59942626953125 -0.29290771484375
-0.0353622436523438 0.0103034973144531 0.67352294921875 0.40771484375
-0.0299873352050781 -0.0385513305664063 0.1768798828125 0.88446044921875
0.0196475982666016 0.00171852111816406 -0.3055419921875 0.6116943359375
0.0524520874023437 0.0166053771972656 0.001312255859375 0.0759201049804688
0.0360832214355469 0.0097503662109375 0.399200439453125 -0.5462646484375
0.0261955261230469 -0.0147933959960938 -0.0635986328124999 -0.9503173828125
-0.00483226776123047 -0.0053715705871582 -0.73828125 -0.39862060546875
-0.0101261138916016 0.0129680633544922 -0.59381103515625 0.30841064453125
0.0118656158447266 -0.00210666656494141 -0.1376953125 0.466094970703125
0.0129756927490234 -0.00864315032958984 0.2247314453125 0.287445068359375
0.00493144989013672 0.00474739074707031 0.343475341796875 0.00439453125
0.014988899230957 -0.0103607177734375 -0.327301025390625 -0.00790405273437495
0.0231571197509766 -0.00966262817382813 -0.2138671875 -0.266677856445313
0.0306987762451172 -0.00790596008300781 0.149322509765625 -0.453125
0.0160369873046875 0.0167121887207031 0.60675048828125 -0.28594970703125
-0.0344486236572266 0.0119552612304688 0.67254638671875 0.4217529296875
-0.0314769744873047 -0.0309066772460938 0.16827392578125 0.894775390625
0.0155744552612305 0.00952053070068359 -0.3092041015625 0.60986328125
0.0447578430175781 0.0222129821777344 0.00360107421875 0.0716629028320313
0.029632568359375 0.0166683197021484 0.39227294921875 -0.5535888671875
0.0240459442138672 -0.00691795349121094 -0.0799560546875 -0.94830322265625
-0.00248908996582031 -0.00147008895874023 -0.7464599609375 -0.3865966796875
-0.00685787200927735 0.0101776123046875 -0.5882568359375 0.32086181640625
0.0171880722045898 -0.00459480285644531 -0.130523681640625 0.470062255859375
0.0147333145141602 -0.00981903076171875 0.224090576171875 0.287109375
0.00668764114379883 0.00420475006103516 0.343414306640625 0.002349853515625
0.0158891677856445 -0.0122566223144531 -0.328155517578125 -0.0116882324218749
0.0219326019287109 -0.0110130310058594 -0.2139892578125 -0.26763916015625
0.0363235473632813 -0.00990676879882813 0.157073974609375 -0.447998046875
0.0204219818115234 0.0152511596679688 0.6131591796875 -0.276611328125
-0.0335216522216797 0.0124225616455078 0.66802978515625 0.43304443359375
-0.0322780609130859 -0.0248985290527344 0.1529541015625 0.8958740234375
0.011540412902832 0.0149774551391602 -0.31610107421875 0.60235595703125
0.039093017578125 0.0252494812011719 0.00933456420898438 0.0662384033203125
0.0255584716796875 0.0236091613769531 0.386962890625 -0.561614990234375
0.0230121612548828 -0.000299453735351563 -0.0963134765625001 -0.9453125
-4.64320182800293E-05 0.000784218311309814 -0.75054931640625 -0.3729248046875
-0.000902175903320313 0.00736522674560547 -0.57989501953125 0.328125
0.0216636657714844 -0.00584602355957031 -0.124053955078125 0.47283935546875
0.0155839920043945 -0.0136547088623047 0.22552490234375 0.284820556640625
0.00714206695556641 0.0032200813293457 0.342681884765625 -0.003814697265625
0.0156707763671875 -0.0135269165039063 -0.332061767578125 -0.0155334472656251
0.0217990875244141 -0.0138950347900391 -0.213775634765625 -0.269607543945313
0.0404510498046875 -0.01251220703125 0.163848876953125 -0.443511962890625
0.0234909057617188 0.013702392578125 0.62225341796875 -0.26641845703125
-0.0328502655029297 0.0136432647705078 0.660888671875 0.44561767578125
-0.0329837799072266 -0.0206565856933594 0.13616943359375 0.897216796875
0.00893402099609375 0.0196723937988281 -0.32098388671875 0.59271240234375
0.0352668762207031 0.0266838073730469 0.0155181884765625 0.0583877563476563
0.0229816436767578 0.0252113342285156 0.385009765625 -0.5723876953125
0.0215778350830078 0.00339126586914063 -0.111572265625 -0.94390869140625
0.00147747993469238 0.00320053100585938 -0.75030517578125 -0.3565673828125
0.00261020660400391 0.00474166870117188 -0.57098388671875 0.33929443359375
0.0254249572753906 -0.00831031799316406 -0.114593505859375 0.47698974609375
0.0152091979980469 -0.0141878128051758 0.2257080078125 0.281982421875
0.00572490692138672 -0.00111722946166992 0.339691162109375 -0.01092529296875
0.0163974761962891 -0.0218906402587891 -0.338897705078125 -0.00625610351562501
0.00792789459228516 -0.00235795974731445 -0.227096557617187 -0.274887084960938
0.0251178741455078 0.000749588012695313 0.131561279296875 -0.45294189453125
0.00992393493652344 0.0220489501953125 0.59808349609375 -0.294677734375
-0.0384597778320313 0.00611495971679687 0.6832275390625 0.39752197265625
-0.0269660949707031 -0.0549278259277344 0.1868896484375 0.86309814453125
0.0339527130126953 -0.0246906280517578 -0.29156494140625 0.59161376953125
0.0754623413085938 -0.004852294921875 0.0136184692382813 0.0617141723632813
0.0513420104980469 -0.0180854797363281 0.396575927734375 -0.560760498046875
0.0297756195068359 -0.0341682434082031 -0.0759887695312499 -0.94696044921875
-0.00603628158569336 -0.00781440734863281 -0.7352294921875 -0.384033203125
-0.0114631652832031 0.0165519714355469 -0.5806884765625 0.31903076171875
0.00902557373046875 0.00227069854736328 -0.13580322265625 0.462799072265625
0.00231409072875977 -0.00442838668823242 0.215225219726563 0.276840209960938
0.00229215621948242 -0.00818109512329102 0.3336181640625 -0.007659912109375
0.0154666900634766 -0.0171575546264648 -0.33160400390625 -0.00149536132812497
0.0117015838623047 -0.00329113006591797 -0.2237548828125 -0.270584106445313
0.0232067108154297 0.000463485717773438 0.129241943359375 -0.45556640625
0.00835990905761719 0.0220565795898437 0.5938720703125 -0.30047607421875
-0.0392875671386719 0.00632476806640626 0.6805419921875 0.39337158203125
-0.0271110534667969 -0.0538291931152344 0.19342041015625 0.86846923828125
0.0322132110595703 -0.021881103515625 -0.29156494140625 0.6029052734375
0.0733184814453125 -0.00188446044921875 0.00712203979492188 0.0692100524902344
0.0505905151367188 -0.0130653381347656 0.39990234375 -0.554351806640625
0.0302982330322266 -0.0330600738525391 -0.06121826171875 -0.95068359375
-0.00679397583007813 -0.00898361206054688 -0.72991943359375 -0.3988037109375
-0.0123453140258789 0.0171918869018555 -0.5882568359375 0.3095703125
0.00725889205932617 0.00320196151733398 -0.139862060546875 0.458984375
0.00494050979614258 -0.00499486923217773 0.217086791992188 0.276901245117188
0.00350308418273926 -0.00339436531066894 0.334197998046875 -0.00299072265625
0.0152292251586914 -0.0141620635986328 -0.32958984375 0.00201416015625007
0.0140609741210938 -0.00408172607421875 -0.222488403320312 -0.268096923828125
0.0230979919433594 -0.000432968139648438 0.12884521484375 -0.453857421875
0.00782012939453125 0.0231075286865234 0.58795166015625 -0.3040771484375
-0.0382194519042969 0.00706863403320313 0.67803955078125 0.388671875
-0.0286712646484375 -0.0496902465820312 0.19439697265625 0.86920166015625
0.0289173126220703 -0.0168838500976562 -0.29278564453125 0.60638427734375
0.067474365234375 0.0023651123046875 0.002777099609375 0.0740127563476563
0.0478897094726563 -0.00695037841796875 0.398406982421875 -0.544830322265625
0.0298786163330078 -0.0285549163818359 -0.0561523437500001 -0.9439697265625
-0.00641918182373047 -0.00936698913574219 -0.7301025390625 -0.39727783203125
-0.0125484466552734 0.0158205032348633 -0.59027099609375 0.30718994140625
0.00534725189208984 0.00190591812133789 -0.14068603515625 0.458038330078125
0.00726938247680664 -0.00480365753173828 0.221160888671875 0.28228759765625
0.00426721572875977 0.00120162963867188 0.34002685546875 -0.000396728515625
0.0148591995239258 -0.0114908218383789 -0.3267822265625 0.00128173828124998
0.0182952880859375 -0.00582695007324219 -0.218307495117188 -0.264999389648438
0.0248317718505859 -0.00252342224121094 0.1312255859375 -0.454071044921875
0.010009765625 0.0208778381347656 0.587890625 -0.3031005859375
-0.0382575988769531 0.00864410400390624 0.67999267578125 0.39202880859375
-0.0292091369628906 -0.0436973571777344 0.19183349609375 0.87445068359375
0.0259513854980469 -0.00775146484375 -0.29412841796875 0.610107421875
0.06011962890625 0.00989532470703125 0.000984191894531259 0.0767898559570313
0.042572021484375 0.00160980224609375 0.39532470703125 -0.54461669921875
0.0283298492431641 -0.0227813720703125 -0.0630493164062499 -0.9442138671875
-0.00621795654296875 -0.00699043273925781 -0.73480224609375 -0.398681640625
-0.012394905090332 0.0147933959960938 -0.59051513671875 0.30718994140625
0.00881195068359375 0.000655174255371094 -0.13861083984375 0.46160888671875
0.0101261138916016 -0.00584602355957031 0.220672607421875 0.28411865234375
0.0061640739440918 0.00373268127441406 0.340606689453125 0.001312255859375
0.0148029327392578 -0.00971126556396484 -0.32550048828125 3.05175781249497E-05
0.0199794769287109 -0.00660324096679688 -0.21685791015625 -0.263320922851563
0.0275802612304687 -0.00532150268554688 0.138885498046875 -0.4508056640625
0.0118083953857422 0.0193309783935547 0.59320068359375 -0.29595947265625
-0.0364532470703125 0.00960159301757812 0.6700439453125 0.40057373046875
-0.0307846069335938 -0.0366744995117187 0.1807861328125 0.87823486328125
0.0194778442382812 0.00115585327148437 -0.30029296875 0.60858154296875
0.051544189453125 0.0153350830078125 0.00141143798828125 0.0768966674804687
0.03582763671875 0.0095367431640625 0.393829345703125 -0.54351806640625
0.0258235931396484 -0.0144805908203125 -0.06976318359375 -0.93878173828125
-0.00444698333740234 -0.00515651702880859 -0.7340087890625 -0.39117431640625
-0.00926685333251953 0.0123662948608398 -0.5869140625 0.310546875
0.0107583999633789 -0.00196647644042969 -0.13427734375 0.461029052734375
0.0109825134277344 -0.00871753692626953 0.223419189453125 0.2847900390625
0.00638151168823242 0.00508832931518555 0.3414306640625 0.001983642578125
0.014404296875 -0.00980663299560547 -0.324432373046875 -0.00466918945312505
0.0222663879394531 -0.00968742370605469 -0.215774536132813 -0.263046264648438
0.0311870574951172 -0.00855827331542969 0.14404296875 -0.4488525390625
0.0160121917724609 0.0165319442749023 0.5987548828125 -0.28790283203125
-0.0352935791015625 0.0122413635253906 0.66815185546875 0.41015625
-0.0311775207519531 -0.0299205780029297 0.169921875 0.88568115234375
0.0147008895874023 0.00872039794921875 -0.30487060546875 0.6055908203125
0.0448760986328125 0.0210075378417969 0.00421905517578126 0.0719528198242188
0.0309600830078125 0.0166893005371094 0.386932373046875 -0.55023193359375
0.0237998962402344 -0.007293701171875 -0.0835571289062499 -0.938720703125
-0.00289392471313477 -0.00236606597900391 -0.7401123046875 -0.37823486328125
-0.00558948516845703 0.00998115539550781 -0.5811767578125 0.31854248046875
0.016749382019043 -0.00444698333740234 -0.127899169921875 0.464996337890625
0.0142688751220703 -0.0104436874389648 0.224090576171875 0.282989501953125
0.00611639022827148 0.00387048721313477 0.3406982421875 -0.00091552734375
0.0154800415039063 -0.0112466812133789 -0.326141357421875 -0.00906372070312495
0.0229663848876953 -0.01171875 -0.213897705078125 -0.264755249023438
0.034698486328125 -0.0107860565185547 0.1544189453125 -0.4449462890625
0.0189094543457031 0.0153045654296875 0.6064453125 -0.27874755859375
-0.0333614349365234 0.0130939483642578 0.66455078125 0.4271240234375
-0.0319747924804688 -0.023834228515625 0.15606689453125 0.885986328125
0.0116701126098633 0.0147323608398437 -0.30853271484375 0.59967041015625
0.0384063720703125 0.0243682861328125 0.00870895385742188 0.0662193298339844
0.0260677337646484 0.0216503143310547 0.3819580078125 -0.5589599609375
0.0223503112792969 -0.000789642333984375 -0.10040283203125 -0.9364013671875
-0.00184571743011475 0.0010753870010376 -0.7445068359375 -0.36480712890625
-0.00120353698730469 0.00743770599365234 -0.5728759765625 0.32965087890625
0.0213737487792969 -0.00623893737792969 -0.119232177734375 0.468231201171875
0.013880729675293 -0.011993408203125 0.22491455078125 0.280715942382813
0.00698709487915039 0.002105712890625 0.339599609375 -0.006561279296875
0.0158185958862305 -0.0138998031616211 -0.329132080078125 -0.0126647949218749
0.0222835540771484 -0.0126495361328125 -0.214645385742188 -0.264663696289062
0.0384178161621094 -0.0136642456054688 0.16009521484375 -0.44036865234375
0.0240249633789062 0.0130348205566406 0.61627197265625 -0.26702880859375
-0.0327587127685547 0.0145587921142578 0.6580810546875 0.438720703125
-0.0333366394042969 -0.0190143585205078 0.14068603515625 0.888916015625
0.00873565673828125 0.0188865661621094 -0.31622314453125 0.58978271484375
0.0355949401855469 0.0259475708007812 0.0155754089355469 0.0587654113769531
0.0225601196289063 0.0244617462158203 0.377197265625 -0.57147216796875
0.0203723907470703 0.00323295593261719 -0.114501953125 -0.9365234375
0.000624179840087891 0.00258779525756836 -0.74822998046875 -0.349365234375
0.00222301483154297 0.00462007522583008 -0.5638427734375 0.3385009765625
0.0245800018310547 -0.00837135314941406 -0.111602783203125 0.4715576171875
0.0143413543701172 -0.0140714645385742 0.2257080078125 0.27783203125
0.00554418563842773 -0.00131797790527344 0.336700439453125 -0.01348876953125
0.0160369873046875 -0.0216884613037109 -0.33648681640625 -0.004150390625
0.00825929641723633 -0.00278234481811523 -0.22686767578125 -0.269622802734375
0.0238323211669922 -0.0006561279296875 0.128387451171875 -0.45098876953125
0.0100536346435547 0.020599365234375 0.59307861328125 -0.2952880859375
-0.0386505126953125 0.00690078735351563 0.67901611328125 0.39154052734375
-0.0267791748046875 -0.0536117553710938 0.1884765625 0.85552978515625
0.0329990386962891 -0.0239219665527344 -0.29132080078125 0.58807373046875
0.0736160278320312 -0.00524139404296875 0.011810302734375 0.0620994567871094
0.0527229309082031 -0.0176544189453125 0.39190673828125 -0.557586669921875
0.0292778015136719 -0.0336551666259766 -0.074951171875 -0.939453125
-0.00539779663085937 -0.00889301300048828 -0.72906494140625 -0.38067626953125
-0.0103597640991211 0.0162086486816406 -0.5751953125 0.31903076171875
0.00911808013916015 0.00238704681396484 -0.133941650390625 0.458587646484375
0.0016937255859375 -0.00505304336547851 0.21551513671875 0.273193359375
0.00272607803344727 -0.00751447677612305 0.331024169921875 -0.008575439453125
0.0145597457885742 -0.0173711776733398 -0.32916259765625 0.00143432617187497
0.00993537902832031 -0.00337886810302734 -0.224288940429688 -0.266098022460938
0.0231285095214844 0.00131416320800781 0.126556396484375 -0.45281982421875
0.0084228515625 0.0212440490722656 0.5880126953125 -0.29986572265625
-0.0396804809570312 0.00761795043945313 0.67694091796875 0.388427734375
-0.0285148620605469 -0.0529899597167969 0.19342041015625 0.86090087890625
0.0316028594970703 -0.0199451446533203 -0.28741455078125 0.59796142578125
0.0714492797851563 -0.00238800048828125 0.00775146484375001 0.0686988830566406
0.0504570007324219 -0.0138359069824219 0.395050048828125 -0.54998779296875
0.0303936004638672 -0.0328865051269531 -0.0633544921875 -0.9425048828125
-0.0065007209777832 -0.00830984115600586 -0.72601318359375 -0.39239501953125
-0.0125312805175781 0.0168733596801758 -0.58245849609375 0.3106689453125
0.00509071350097656 0.00342559814453125 -0.138275146484375 0.455535888671875
0.00409984588623047 -0.00436234474182129 0.216461181640625 0.273727416992188
0.00381135940551758 -0.00356316566467285 0.3319091796875 -0.0048828125
0.0153036117553711 -0.0136995315551758 -0.327117919921875 0.00296020507812503
0.0141057968139648 -0.00358676910400391 -0.22210693359375 -0.263168334960938
0.0231037139892578 -0.00107002258300781 0.12640380859375 -0.45172119140625
0.00775146484375 0.0223331451416016 0.58221435546875 -0.3035888671875
-0.0381736755371094 0.008148193359375 0.67486572265625 0.383056640625
-0.0291290283203125 -0.048370361328125 0.19482421875 0.86126708984375
0.0280895233154297 -0.0153217315673828 -0.29022216796875 0.60357666015625
0.0673561096191406 0.00267791748046875 0.002532958984375 0.0736312866210938
0.0474433898925781 -0.00754165649414063 0.393890380859375 -0.540802001953125
0.0294094085693359 -0.0287971496582031 -0.0620727539062499 -0.935302734375
-0.00647544860839844 -0.00930881500244141 -0.7269287109375 -0.392822265625
-0.0130519866943359 0.0180263519287109 -0.58306884765625 0.3057861328125
0.0065617561340332 0.00139045715332031 -0.13885498046875 0.45526123046875
0.00593757629394531 -0.00458955764770508 0.220077514648438 0.278900146484375
0.00439786911010742 0.000573635101318359 0.3367919921875 -0.001617431640625
0.0142364501953125 -0.0103559494018555 -0.32501220703125 0.00256347656249999
0.0175552368164063 -0.00489902496337891 -0.219924926757812 -0.260223388671875
0.0249843597412109 -0.00317764282226562 0.129486083984375 -0.45172119140625
0.00995445251464844 0.020751953125 0.58343505859375 -0.30194091796875
-0.0378036499023437 0.00986480712890625 0.67486572265625 0.387939453125
-0.0297317504882812 -0.0420417785644531 0.19219970703125 0.8653564453125
0.0248928070068359 -0.0076446533203125 -0.291015625 0.6048583984375
0.060089111328125 0.00858688354492188 0.000556945800781253 0.0763626098632813
0.041748046875 -0.000186920166015625 0.3900146484375 -0.538970947265625
0.0276718139648437 -0.0227546691894531 -0.0662841796875001 -0.9373779296875
-0.00601863861083984 -0.00635671615600586 -0.72906494140625 -0.39208984375
-0.0107765197753906 0.0155181884765625 -0.5850830078125 0.30670166015625
0.00811433792114258 0.000541210174560547 -0.135498046875 0.457366943359375
0.0100889205932617 -0.00671863555908203 0.2213134765625 0.281768798828125
0.00568675994873047 0.00427389144897461 0.33782958984375 0.00030517578125
0.0132064819335938 -0.00913619995117188 -0.32354736328125 0.00238037109374995
0.0198574066162109 -0.00724220275878906 -0.215179443359375 -0.260757446289063
0.0264720916748047 -0.00495147705078125 0.13531494140625 -0.44866943359375
0.0111579895019531 0.0193767547607422 0.58770751953125 -0.29595947265625
-0.0364341735839844 0.00970077514648438 0.66644287109375 0.395751953125
-0.0302314758300781 -0.0364799499511719 0.18206787109375 0.86920166015625
0.0206832885742188 0.00105476379394531 -0.29736328125 0.6046142578125
0.0514755249023438 0.0147972106933594 0.000793457031250005 0.0760116577148438
0.0370635986328125 0.00748443603515625 0.388519287109375 -0.5400390625
0.025970458984375 -0.0148696899414062 -0.0695800781250001 -0.93206787109375
-0.00412464141845703 -0.00474262237548828 -0.73040771484375 -0.38616943359375
-0.00782871246337891 0.0134105682373047 -0.581787109375 0.30859375
0.0126705169677734 -0.00166225433349609 -0.1319580078125 0.45672607421875
0.0108880996704102 -0.00784397125244141 0.223587036132813 0.27947998046875
0.00600004196166992 0.00525856018066406 0.33837890625 0.001220703125
0.0135135650634766 -0.0108509063720703 -0.322784423828125 -0.00286865234375001
0.0210361480712891 -0.00896072387695313 -0.21368408203125 -0.260269165039063
0.0300979614257812 -0.00876998901367188 0.142242431640625 -0.44537353515625
0.016118049621582 0.0163822174072266 0.59381103515625 -0.28875732421875
-0.0348396301269531 0.0126056671142578 0.66522216796875 0.40771484375
-0.0320873260498047 -0.0286846160888672 0.1702880859375 0.8780517578125
0.0147428512573242 0.00995922088623047 -0.3017578125 0.60125732421875
0.0433921813964844 0.0209808349609375 0.00347900390625 0.0721893310546875
0.0309181213378906 0.0150089263916016 0.382415771484375 -0.545074462890625
0.0232524871826172 -0.00759696960449219 -0.086669921875 -0.9320068359375
-0.00216901302337646 -0.00199377536773682 -0.73406982421875 -0.37274169921875
-0.00505352020263672 0.00896072387695313 -0.57574462890625 0.31915283203125
0.0158796310424805 -0.00377082824707031 -0.124847412109375 0.461517333984375
0.0137777328491211 -0.00913619995117188 0.223312377929688 0.279800415039063
0.00641202926635742 0.00410366058349609 0.337615966796875 -0.003814697265625
0.0153026580810547 -0.0118083953857422 -0.323516845703125 -0.00665283203124995
0.0219097137451172 -0.0112075805664063 -0.213470458984375 -0.259536743164063
0.0353889465332031 -0.0120353698730469 0.149200439453125 -0.441619873046875
0.0194625854492188 0.0140647888183594 0.60247802734375 -0.27825927734375
-0.0346183776855469 0.0138015747070313 0.65966796875 0.4195556640625
-0.0316848754882813 -0.0222644805908203 0.15667724609375 0.87890625
0.0102949142456055 0.0145044326782227 -0.30712890625 0.5933837890625
0.0382919311523438 0.0238494873046875 0.00864791870117188 0.0657997131347656
0.0265769958496094 0.0215606689453125 0.37774658203125 -0.555419921875
0.0217342376708984 -0.00130081176757813 -0.10150146484375 -0.92742919921875
-0.000905871391296387 0.000504374504089355 -0.739990234375 -0.3592529296875
-0.000513553619384765 0.00699663162231445 -0.56707763671875 0.328369140625
0.0189495086669922 -0.00661277770996094 -0.118865966796875 0.465118408203125
0.0139970779418945 -0.011998176574707 0.224044799804688 0.278060913085938
0.00632381439208984 0.00213193893432617 0.33770751953125 -0.009002685546875
0.0148477554321289 -0.0132484436035156 -0.3267822265625 -0.010467529296875
0.0219383239746094 -0.0121040344238281 -0.214492797851562 -0.262115478515625
0.0378952026367188 -0.0130043029785156 0.157867431640625 -0.437042236328125
0.02392578125 0.0117721557617188 0.6109619140625 -0.26776123046875
-0.0326862335205078 0.0146598815917969 0.65545654296875 0.43304443359375
-0.0330829620361328 -0.0177631378173828 0.14141845703125 0.8819580078125
0.0071258544921875 0.0191135406494141 -0.31304931640625 0.5863037109375
0.0347900390625 0.0255775451660156 0.0145645141601562 0.057830810546875
0.0235366821289063 0.0252189636230469 0.37371826171875 -0.56561279296875
0.0208511352539063 0.00275421142578125 -0.1165771484375 -0.92950439453125
0.000539302825927735 0.00305938720703125 -0.74200439453125 -0.3438720703125
0.00256133079528809 0.00428128242492676 -0.558013916015625 0.338165283203125
0.0242938995361328 -0.00864410400390625 -0.110260009765625 0.468048095703125
0.0142192840576172 -0.0139961242675781 0.225204467773438 0.274749755859375
0.00676250457763672 -0.000398159027099609 0.334320068359375 -0.013916015625
0.0158729553222656 -0.0215702056884766 -0.334259033203125 -0.00268554687500003
0.00798368453979492 -0.00266742706298828 -0.22637939453125 -0.267379760742187
0.0234966278076172 -0.000955581665039063 0.126556396484375 -0.4471435546875
0.00900459289550781 0.020416259765625 0.58642578125 -0.29345703125
-0.0389556884765625 0.00685119628906249 0.67498779296875 0.38885498046875
-0.0268592834472656 -0.0522651672363281 0.1888427734375 0.84832763671875
0.0315189361572266 -0.0228462219238281 -0.2874755859375 0.58306884765625
0.0730514526367188 -0.006256103515625 0.01275634765625 0.0625228881835937
0.0507774353027344 -0.0181846618652344 0.389923095703125 -0.553619384765625
0.0301055908203125 -0.0344867706298828 -0.078369140625 -0.93304443359375
-0.0052938461303711 -0.00792312622070313 -0.7236328125 -0.37530517578125
-0.0106048583984375 0.0168123245239258 -0.57147216796875 0.31634521484375
0.00768041610717773 0.00234651565551758 -0.132110595703125 0.454254150390625
0.00194931030273437 -0.00497865676879883 0.21429443359375 0.271575927734375
0.00361919403076172 -0.00916099548339844 0.329193115234375 -0.00958251953125
0.0137605667114258 -0.0167207717895508 -0.326568603515625 0.00256347656249999
0.0111064910888672 -0.00346660614013672 -0.222564697265625 -0.26318359375
0.0221652984619141 -0.000135421752929688 0.12353515625 -0.447784423828125
0.00754165649414062 0.0214939117431641 0.58197021484375 -0.300537109375
-0.0395660400390625 0.00717926025390625 0.67333984375 0.38421630859375
-0.0273361206054688 -0.0518455505371094 0.1932373046875 0.8541259765625
0.0305767059326172 -0.0208206176757813 -0.28729248046875 0.59490966796875
0.0710906982421875 -0.00362396240234375 0.0074310302734375 0.0688743591308594
0.0505943298339844 -0.0142440795898438 0.3917236328125 -0.546295166015625
0.0302371978759766 -0.0334148406982422 -0.0652465820312501 -0.93450927734375
-0.00664043426513672 -0.00992870330810547 -0.72161865234375 -0.38848876953125
-0.0127038955688477 0.0167083740234375 -0.57781982421875 0.30816650390625
0.00542736053466797 0.00231361389160156 -0.1363525390625 0.452392578125
0.00308775901794434 -0.00423622131347656 0.216934204101563 0.271697998046875
0.00418782234191895 -0.003143310546875 0.330108642578125 -0.006439208984375
0.0148000717163086 -0.0126361846923828 -0.32598876953125 0.00595092773437495
0.0127620697021484 -0.00298976898193359 -0.22174072265625 -0.261306762695313
0.0224323272705078 -0.00136566162109375 0.1240234375 -0.448699951171875
0.00739288330078125 0.0217704772949219 0.57733154296875 -0.302978515625
-0.0394020080566406 0.00739669799804688 0.67071533203125 0.3797607421875
-0.0281639099121094 -0.0479660034179688 0.19195556640625 0.85406494140625
0.0280818939208984 -0.0143947601318359 -0.28802490234375 0.597412109375
0.0644073486328125 0.00156784057617188 0.00231933593750001 0.0740585327148438
0.0481605529785156 -0.008575439453125 0.39093017578125 -0.537078857421875
0.0287113189697266 -0.0285243988037109 -0.06231689453125 -0.9281005859375
-0.00665283203125 -0.00908660888671875 -0.72027587890625 -0.387939453125
-0.0131950378417969 0.0165271759033203 -0.58001708984375 0.30499267578125
0.00519132614135742 0.00160980224609375 -0.135345458984375 0.4517822265625
0.00633382797241211 -0.00495624542236328 0.219497680664063 0.276153564453125
0.00410866737365723 0.00163960456848145 0.334197998046875 -0.002960205078125
0.0145835876464844 -0.0103387832641602 -0.322113037109375 0.00515747070312499
0.0166654586791992 -0.00521278381347656 -0.217010498046875 -0.257614135742187
0.0244712829589844 -0.00312042236328125 0.12744140625 -0.448089599609375
0.00938987731933594 0.0205154418945313 0.57794189453125 -0.30279541015625
-0.0375480651855469 0.00894927978515625 0.669189453125 0.38153076171875
-0.0296783447265625 -0.0411643981933594 0.1927490234375 0.85980224609375
0.0247516632080078 -0.00650215148925781 -0.2889404296875 0.60125732421875
0.0583953857421875 0.00843429565429688 0.000717163085937497 0.0761260986328125
0.0424156188964844 -0.00103759765625 0.3865966796875 -0.535980224609375
0.0283164978027344 -0.0224723815917969 -0.06591796875 -0.92877197265625
-0.00583934783935547 -0.00690031051635742 -0.724609375 -0.387939453125
-0.0114984512329102 0.0146026611328125 -0.58013916015625 0.3052978515625
0.00822019577026367 0.000246047973632813 -0.1343994140625 0.451568603515625
0.00925922393798828 -0.00685405731201172 0.220993041992188 0.278854370117188
0.00611114501953125 0.00440549850463867 0.336334228515625 -0.000335693359375
0.0128612518310547 -0.00850200653076172 -0.3201904296875 0.00262451171875
0.0197372436523438 -0.00547027587890625 -0.214508056640625 -0.257064819335938
0.0264682769775391 -0.00543975830078125 0.132659912109375 -0.4453125
0.0108966827392578 0.0176963806152344 0.5826416015625 -0.294921875
-0.036468505859375 0.0104789733886719 0.66558837890625 0.3914794921875
-0.0291652679443359 -0.0349006652832031 0.179443359375 0.86328125
0.0201148986816406 0.00169754028320313 -0.29559326171875 0.5999755859375
0.0501556396484375 0.014892578125 0.00136566162109375 0.0750808715820313
0.0374603271484375 0.0085601806640625 0.38580322265625 -0.533599853515625
0.0254249572753906 -0.014892578125 -0.07269287109375 -0.9249267578125
-0.00467157363891602 -0.00538873672485351 -0.7247314453125 -0.38165283203125
-0.00841808319091797 0.0108156204223633 -0.57562255859375 0.30841064453125
0.0115041732788086 -0.00189876556396484 -0.1302490234375 0.45391845703125
0.0117073059082031 -0.00864505767822266 0.222183227539063 0.278121948242188
0.0072932243347168 0.00616884231567383 0.3363037109375 -0.001983642578125
0.0141134262084961 -0.00943374633789063 -0.32000732421875 -0.00158691406250002
0.0204010009765625 -0.008697509765625 -0.21417236328125 -0.25653076171875
0.0296077728271484 -0.0097198486328125 0.1407470703125 -0.442535400390625
0.0159311294555664 0.015172004699707 0.58880615234375 -0.28741455078125
-0.0348663330078125 0.0124149322509766 0.66204833984375 0.4033203125
-0.0306320190429687 -0.0274982452392578 0.17108154296875 0.86968994140625
0.0151681900024414 0.00925350189208984 -0.2994384765625 0.59710693359375
0.0446052551269531 0.0196189880371094 0.00341796875000001 0.0723037719726563
0.0306987762451172 0.0153408050537109 0.379364013671875 -0.542144775390625
0.0238246917724609 -0.00809669494628906 -0.0855712890625 -0.92413330078125
-0.00257635116577148 -0.00151157379150391 -0.7294921875 -0.36676025390625
-0.0048675537109375 0.0100259780883789 -0.5706787109375 0.31768798828125
0.0154714584350586 -0.00454902648925781 -0.122283935546875 0.4569091796875
0.0132684707641602 -0.0103302001953125 0.224365234375 0.278488159179688
0.00690841674804688 0.00414943695068359 0.33612060546875 -0.004608154296875
0.016301155090332 -0.0109767913818359 -0.321533203125 -0.00515747070312497
0.0210208892822266 -0.0109310150146484 -0.21319580078125 -0.256820678710937
0.0340042114257813 -0.01251220703125 0.1480712890625 -0.438629150390625
0.0189266204833984 0.0134124755859375 0.5980224609375 -0.277099609375
-0.03411865234375 0.0144577026367188 0.6563720703125 0.4171142578125
-0.0322647094726563 -0.0212192535400391 0.15618896484375 0.8726806640625
0.0105915069580078 0.0160284042358398 -0.3065185546875 0.58953857421875
0.0383415222167969 0.0222129821777344 0.00883865356445313 0.0671195983886719
0.0257911682128906 0.0201778411865234 0.37481689453125 -0.5506591796875
0.02197265625 -0.00194740295410156 -0.10296630859375 -0.9219970703125
-0.000788271427154541 0.000972867012023926 -0.7344970703125 -0.35546875
-0.000391483306884766 0.00630998611450195 -0.562225341796875 0.327423095703125
0.0203361511230469 -0.00641441345214844 -0.1160888671875 0.46002197265625
0.0135936737060547 -0.0122365951538086 0.224365234375 0.275650024414063
0.00688648223876953 0.00278615951538086 0.3349609375 -0.009124755859375
0.014796257019043 -0.0133333206176758 -0.3250732421875 -0.00900268554687505
0.0207290649414063 -0.0122108459472656 -0.21221923828125 -0.258758544921875
0.037445068359375 -0.014678955078125 0.154632568359375 -0.433563232421875
0.0227909088134766 0.0118236541748047 0.6053466796875 -0.26788330078125
-0.0319595336914063 0.0152454376220703 0.65045166015625 0.42822265625
-0.0330467224121094 -0.0170021057128906 0.14111328125 0.87457275390625
0.00754928588867188 0.0188255310058594 -0.308837890625 0.58233642578125
0.0354232788085938 0.0239601135253906 0.0145149230957031 0.0586700439453125
0.0235881805419922 0.0231208801269531 0.368988037109375 -0.559814453125
0.0211448669433594 0.00269508361816406 -0.11859130859375 -0.92022705078125
0.000715017318725586 0.00292706489562988 -0.735595703125 -0.3392333984375
0.00381994247436523 0.00386333465576172 -0.552642822265625 0.33660888671875
0.0241050720214844 -0.00819206237792969 -0.108551025390625 0.464447021484375
0.0136585235595703 -0.0142574310302734 0.223037719726563 0.272705078125
0.00649452209472656 -8.44001770019531E-05 0.3321533203125 -0.015777587890625
0.0157222747802734 -0.0205478668212891 -0.332305908203125 -0.00213623046875001
0.00692844390869141 -0.00250148773193359 -0.225128173828125 -0.264373779296875
0.0228652954101563 -0.00123023986816406 0.126068115234375 -0.444244384765625
0.00856971740722656 0.0202579498291016 0.5841064453125 -0.29278564453125
-0.0379180908203125 0.00673675537109376 0.67254638671875 0.38433837890625
-0.0273780822753906 -0.0510749816894531 0.185791015625 0.844970703125
0.0314254760742188 -0.0221996307373047 -0.2867431640625 0.58013916015625
0.0725555419921875 -0.0066986083984375 0.0124549865722656 0.06231689453125
0.0512199401855469 -0.0178947448730469 0.385894775390625 -0.54876708984375
0.0297470092773437 -0.0353279113769531 -0.0765380859375001 -0.926025390625
-0.00515651702880859 -0.00860071182250977 -0.717529296875 -0.37420654296875
-0.00878810882568359 0.0148820877075195 -0.56683349609375 0.3135986328125
0.00800418853759766 0.00247764587402344 -0.12994384765625 0.450469970703125
0.00119972229003906 -0.00470781326293945 0.21337890625 0.269302368164062
0.00364303588867188 -0.00827360153198242 0.326995849609375 -0.01025390625
0.0150775909423828 -0.0158567428588867 -0.3265380859375 0.00387573242187503
0.0116434097290039 -0.00302314758300781 -0.22265625 -0.2611083984375
0.0211677551269531 -0.000226974487304688 0.123565673828125 -0.446014404296875
0.00782585144042969 0.0211124420166016 0.578125 -0.298583984375
-0.0383529663085938 0.00722885131835938 0.67010498046875 0.38104248046875
-0.0276832580566406 -0.0498085021972656 0.19091796875 0.84930419921875
0.0310420989990234 -0.0209827423095703 -0.28680419921875 0.5916748046875
0.0706253051757813 -0.0030975341796875 0.00721359252929688 0.0680694580078125
0.0504875183105469 -0.0151023864746094 0.388916015625 -0.543609619140625
0.029327392578125 -0.0331878662109375 -0.065673828125 -0.93023681640625
-0.00624275207519531 -0.00972652435302734 -0.71746826171875 -0.38458251953125
-0.0120124816894531 0.0166540145874023 -0.57373046875 0.3060302734375
0.00600671768188477 0.00404930114746094 -0.13629150390625 0.448211669921875
0.00264883041381836 -0.0044398307800293 0.215469360351562 0.269744873046875
0.00500679016113281 -0.0028691291809082 0.327606201171875 -0.00634765625
0.0139646530151367 -0.0123863220214844 -0.324310302734375 0.00628662109375006
0.0141983032226562 -0.00306987762451172 -0.220947265625 -0.258255004882813
0.02215576171875 -0.00184059143066406 0.12298583984375 -0.4456787109375
0.00783348083496094 0.0210437774658203 0.575439453125 -0.302978515625
-0.0373001098632813 0.00862503051757813 0.66827392578125 0.3756103515625
-0.0285301208496094 -0.0468063354492188 0.19049072265625 0.84991455078125
0.027801513671875 -0.0154228210449219 -0.2877197265625 0.59417724609375
0.0662841796875 0.000728607177734375 0.00172424316406251 0.0737075805664062
0.0481796264648437 -0.00844573974609375 0.38897705078125 -0.53265380859375
0.0291290283203125 -0.0288677215576172 -0.0607910156249999 -0.92449951171875
-0.0060272216796875 -0.00980281829833984 -0.7161865234375 -0.385986328125
-0.0117731094360352 0.0154256820678711 -0.5748291015625 0.3031005859375
0.00556802749633789 0.00138139724731445 -0.135772705078125 0.4483642578125
0.00604343414306641 -0.00477504730224609 0.219558715820313 0.27532958984375
0.00526332855224609 0.000601768493652344 0.331817626953125 -0.0042724609375
0.0134906768798828 -0.00938701629638672 -0.320587158203125 0.00570678710937502
0.0162439346313477 -0.00531959533691406 -0.215682983398437 -0.25616455078125
0.02386474609375 -0.00371360778808594 0.12603759765625 -0.446044921875
0.00928688049316406 0.0198745727539063 0.5745849609375 -0.30059814453125
-0.036346435546875 0.0097503662109375 0.66802978515625 0.3792724609375
-0.0295066833496094 -0.04058837890625 0.1903076171875 0.8536376953125
0.0240707397460937 -0.00744438171386719 -0.2894287109375 0.5982666015625
0.0581741333007813 0.00772857666015625 0.00025939941406251 0.0770263671875
0.0434494018554687 -0.000850677490234375 0.385528564453125 -0.531341552734375
0.0275249481201172 -0.0221805572509766 -0.06536865234375 -0.92291259765625
-0.00567626953125 -0.00750494003295898 -0.71917724609375 -0.3839111328125
-0.0103435516357422 0.0139656066894531 -0.57598876953125 0.30413818359375
0.00751256942749024 3.24249267578125E-05 -0.133575439453125 0.449798583984375
0.00825119018554688 -0.00639963150024414 0.219375610351563 0.276779174804688
0.00617504119873047 0.00361061096191406 0.33294677734375 -0.001251220703125
0.013035774230957 -0.00810623168945313 -0.319061279296875 0.00396728515625001
0.0191135406494141 -0.00599098205566406 -0.214523315429688 -0.25445556640625
0.0256557464599609 -0.00725936889648437 0.131103515625 -0.44256591796875
0.0120105743408203 0.0179901123046875 0.57958984375 -0.2939453125
-0.0356292724609375 0.0118446350097656 0.65936279296875 0.38885498046875
-0.0302410125732422 -0.0329456329345703 0.17962646484375 0.85662841796875
0.0178565979003906 0.00119781494140625 -0.294189453125 0.59576416015625
0.05096435546875 0.0128746032714844 0.00141143798828126 0.0755615234375
0.0372848510742187 0.00745391845703125 0.383819580078125 -0.53009033203125
0.0253143310546875 -0.0157260894775391 -0.071533203125 -0.9188232421875
-0.00399923324584961 -0.00467681884765625 -0.71978759765625 -0.37933349609375
-0.00824546813964844 0.0112791061401367 -0.572021484375 0.30706787109375
0.0108804702758789 -0.00109004974365234 -0.1295166015625 0.44976806640625
0.0119171142578125 -0.00862503051757813 0.221435546875 0.276168823242188
0.00660324096679688 0.00497770309448242 0.334197998046875 -0.00347900390625
0.0145244598388672 -0.00854969024658203 -0.319793701171875 -0.000396728515625041
0.0206069946289063 -0.00853919982910156 -0.212860107421875 -0.254623413085937
0.0300731658935547 -0.00933074951171875 0.13909912109375 -0.439422607421875
0.0152931213378906 0.0152883529663086 0.58563232421875 -0.2864990234375
-0.0338687896728516 0.0127754211425781 0.6591796875 0.39959716796875
-0.0311145782470703 -0.0261383056640625 0.16851806640625 0.8621826171875
0.0144929885864258 0.00930404663085938 -0.2996826171875 0.593505859375
0.0436477661132812 0.0187759399414062 0.00356292724609375 0.0713348388671875
0.0318222045898438 0.0141582489013672 0.376800537109375 -0.538665771484375
0.0244865417480469 -0.0079803466796875 -0.08831787109375 -0.9180908203125
-0.00303196907043457 -0.00200128555297852 -0.72515869140625 -0.366455078125
-0.00424480438232422 0.00838947296142578 -0.56640625 0.31536865234375
0.0158481597900391 -0.00391960144042969 -0.1226806640625 0.4532470703125
0.0129280090332031 -0.0100250244140625 0.223556518554688 0.276657104492188
0.00775480270385742 0.00438261032104492 0.334197998046875 -0.00604248046875
0.0147819519042969 -0.0106353759765625 -0.320465087890625 -0.00491333007812501
0.0203876495361328 -0.0105571746826172 -0.211013793945313 -0.253463745117188
0.0336971282958984 -0.0136566162109375 0.14599609375 -0.437347412109375
0.018157958984375 0.0128612518310547 0.5936279296875 -0.27764892578125
-0.0339641571044922 0.0148029327392578 0.6533203125 0.41229248046875
-0.0310535430908203 -0.0204715728759766 0.15399169921875 0.86822509765625
0.0103130340576172 0.0154457092285156 -0.3037109375 0.58636474609375
0.0390129089355469 0.0226020812988281 0.009063720703125 0.0660171508789063
0.0277576446533203 0.0194931030273438 0.37158203125 -0.54681396484375
0.0223217010498047 -0.0017852783203125 -0.1014404296875 -0.91497802734375
-0.00129067897796631 0.000794172286987305 -0.7301025390625 -0.35162353515625
-0.00114107131958008 0.00606584548950195 -0.559051513671875 0.323638916015625
0.0207996368408203 -0.00673103332519531 -0.115570068359375 0.45831298828125
0.012660026550293 -0.0124359130859375 0.223236083984375 0.272674560546875
0.00713920593261719 0.00309944152832031 0.331939697265625 -0.01025390625
0.015294075012207 -0.0127601623535156 -0.3228759765625 -0.00796508789062502
0.0210437774658203 -0.0109539031982422 -0.211471557617188 -0.25653076171875
0.0373344421386719 -0.0152130126953125 0.15447998046875 -0.43182373046875
0.0233612060546875 0.0103664398193359 0.60150146484375 -0.2664794921875
-0.0323619842529297 0.0163555145263672 0.64886474609375 0.4256591796875
-0.0324974060058594 -0.0164337158203125 0.14007568359375 0.8701171875
0.00753593444824219 0.0196685791015625 -0.309326171875 0.57818603515625
0.0346393585205078 0.0224742889404297 0.0143623352050781 0.0587615966796875
0.0244731903076172 0.0227813720703125 0.366607666015625 -0.556884765625
0.0208778381347656 0.00168418884277344 -0.11712646484375 -0.91595458984375
0.000455856323242187 0.00325942039489746 -0.72967529296875 -0.33673095703125
0.00303339958190918 0.00414419174194336 -0.54998779296875 0.33441162109375
0.0241489410400391 -0.00902366638183594 -0.108245849609375 0.46051025390625
0.0133953094482422 -0.0140562057495117 0.22320556640625 0.270645141601563
0.00691938400268555 -0.000306129455566406 0.32928466796875 -0.016845703125
0.0157680511474609 -0.0195064544677734 -0.332305908203125 -0.00119018554687499
0.00672101974487305 -0.00170278549194336 -0.2242431640625 -0.262557983398438
0.0229644775390625 -0.00195693969726563 0.124603271484375 -0.443206787109375
0.00837135314941406 0.0199337005615234 0.58203125 -0.2940673828125
-0.0375785827636719 0.00794219970703126 0.67041015625 0.383544921875
-0.0269279479980469 -0.0507659912109375 0.182861328125 0.84014892578125
0.0308074951171875 -0.0232067108154297 -0.2862548828125 0.5762939453125
0.0719146728515625 -0.00736236572265625 0.0116615295410156 0.0623664855957031
0.0517616271972656 -0.0183601379394531 0.385162353515625 -0.545379638671875
0.0295009613037109 -0.0342445373535156 -0.07366943359375 -0.92242431640625
-0.00584220886230469 -0.00934982299804687 -0.71319580078125 -0.3707275390625
-0.00954055786132812 0.0146245956420898 -0.56414794921875 0.31292724609375
0.00750732421875 0.00214242935180664 -0.130157470703125 0.448974609375
0.000441551208496093 -0.00466394424438477 0.21295166015625 0.267837524414063
0.00359201431274414 -0.00765371322631836 0.32550048828125 -0.010833740234375
0.0143537521362305 -0.0156269073486328 -0.324371337890625 0.00415039062500003
0.0110340118408203 -0.00267887115478516 -0.221176147460938 -0.25830078125
0.0212650299072266 -0.001220703125 0.12310791015625 -0.443634033203125
0.00725173950195313 0.0207786560058594 0.57720947265625 -0.2974853515625
-0.0383872985839844 0.00778961181640624 0.66668701171875 0.3802490234375
-0.0273017883300781 -0.0490951538085938 0.188232421875 0.84454345703125
0.0300693511962891 -0.020355224609375 -0.28656005859375 0.58746337890625
0.0688362121582031 -0.00403976440429688 0.00613784790039062 0.0689659118652344
0.0510406494140625 -0.0157279968261719 0.387237548828125 -0.537506103515625
0.0298137664794922 -0.0338726043701172 -0.0626220703125001 -0.9259033203125
-0.00594520568847656 -0.00904178619384766 -0.711669921875 -0.3834228515625
-0.0119009017944336 0.0163984298706055 -0.572265625 0.3035888671875
0.00533437728881836 0.00249147415161133 -0.136505126953125 0.4459228515625
0.00364089012145996 -0.00424003601074219 0.214797973632813 0.269287109375
0.00522518157958984 -0.00290298461914062 0.32684326171875 -0.0068359375
0.0134944915771484 -0.0125198364257813 -0.322845458984375 0.00665283203124999
0.0133476257324219 -0.00175094604492188 -0.21990966796875 -0.255355834960938
0.0211334228515625 -0.00201225280761719 0.1219482421875 -0.44366455078125
0.007049560546875 0.0202674865722656 0.5718994140625 -0.301513671875
-0.0377960205078125 0.00917434692382812 0.66558837890625 0.375244140625
-0.0281906127929688 -0.0462875366210937 0.18829345703125 0.8448486328125
0.0272636413574219 -0.0147247314453125 -0.28826904296875 0.59124755859375
0.064971923828125 0.00080108642578125 0.00251007080078125 0.0738754272460938
0.0476951599121094 -0.00984954833984375 0.3873291015625 -0.52899169921875
0.0293102264404297 -0.0288677215576172 -0.06085205078125 -0.919677734375
-0.00608253479003906 -0.00905895233154297 -0.710693359375 -0.38543701171875
-0.0114498138427734 0.015263557434082 -0.571533203125 0.30029296875
0.00482034683227539 0.00151300430297852 -0.136077880859375 0.444854736328125
0.00532817840576172 -0.00538396835327148 0.219436645507813 0.273040771484375
0.00524187088012695 0.000845432281494141 0.331298828125 -0.00335693359375
0.0132579803466797 -0.00869083404541016 -0.319976806640625 0.00622558593749997
0.0157108306884766 -0.00476932525634766 -0.21490478515625 -0.2530517578125
0.0231056213378906 -0.0045013427734375 0.12548828125 -0.44329833984375
0.00939178466796875 0.0193290710449219 0.57171630859375 -0.30072021484375
-0.03704833984375 0.00989532470703126 0.66357421875 0.3779296875
-0.0287361145019531 -0.0400924682617188 0.18792724609375 0.84918212890625
0.0239639282226563 -0.00644111633300781 -0.2904052734375 0.595947265625
0.0577125549316406 0.00668716430664063 -9.91821289062462E-05 0.0759201049804688
0.0429420471191406 -0.00151443481445313 0.384307861328125 -0.52801513671875
0.0282840728759766 -0.0234584808349609 -0.06329345703125 -0.918701171875
-0.0056300163269043 -0.00694179534912109 -0.7127685546875 -0.3837890625
-0.0103359222412109 0.0139732360839844 -0.5743408203125 0.3026123046875
0.00751399993896484 0.000590324401855469 -0.13421630859375 0.445465087890625
0.00779962539672852 -0.00674343109130859 0.219161987304687 0.275588989257812
0.0068364143371582 0.00404977798461914 0.33245849609375 -0.001617431640625
0.0128049850463867 -0.00744247436523437 -0.318756103515625 0.00347900390625003
0.0197696685791016 -0.0063934326171875 -0.212905883789063 -0.25250244140625
0.0260543823242188 -0.00668144226074219 0.1290283203125 -0.44073486328125
0.0115795135498047 0.0165958404541016 0.57720947265625 -0.29248046875
-0.0364189147949219 0.0109939575195313 0.6568603515625 0.38592529296875
-0.0293941497802734 -0.0329704284667969 0.17633056640625 0.854248046875
0.0184421539306641 0.0022430419921875 -0.29547119140625 0.59356689453125
0.0503158569335938 0.0126838684082031 7.67154142092555E-18 0.0749740600585938
0.0376014709472656 0.00672531127929688 0.381744384765625 -0.527984619140625
0.0257320404052734 -0.0152816772460938 -0.07049560546875 -0.91558837890625
-0.00480318069458008 -0.00483894348144531 -0.7158203125 -0.37677001953125
-0.00737094879150391 0.0116119384765625 -0.5704345703125 0.3046875
0.0102224349975586 -0.00243568420410156 -0.13128662109375 0.446990966796875
0.0111961364746094 -0.00805854797363281 0.221176147460938 0.274978637695313
0.00761222839355469 0.00609731674194336 0.33251953125 -0.003173828125
0.0137662887573242 -0.0080718994140625 -0.318115234375 -0.000183105468749951
0.0202064514160156 -0.0081787109375 -0.212615966796875 -0.25164794921875
0.0289993286132813 -0.0100631713867188 0.1387939453125 -0.43798828125
0.015263557434082 0.0146827697753906 0.58245849609375 -0.284912109375
-0.0345935821533203 0.0139961242675781 0.6566162109375 0.39813232421875
-0.0305728912353516 -0.0257549285888672 0.16650390625 0.8590087890625
0.0138635635375977 0.00896358489990234 -0.2987060546875 0.59033203125
0.0425071716308594 0.0175285339355469 0.00358581542968751 0.0716094970703125
0.0319328308105469 0.0136184692382813 0.374603271484375 -0.532806396484375
0.0232830047607422 -0.00865936279296875 -0.0852050781249999 -0.91485595703125
-0.00248837471008301 -0.00184893608093262 -0.71954345703125 -0.3663330078125
-0.00402545928955078 0.00895023345947266 -0.5625 0.314208984375
0.0155029296875 -0.00391292572021484 -0.123016357421875 0.45166015625
0.0126991271972656 -0.00960350036621094 0.223587036132813 0.27484130859375
0.00761222839355469 0.00551128387451172 0.3326416015625 -0.005218505859375
0.0154380798339844 -0.00961494445800781 -0.319580078125 -0.00286865234375007
0.0201072692871094 -0.0101108551025391 -0.210861206054687 -0.252700805664063
0.0330677032470703 -0.0134086608886719 0.144989013671875 -0.434173583984375
0.0187873840332031 0.0115547180175781 0.5899658203125 -0.27471923828125
-0.0334110260009766 0.0149154663085937 0.6507568359375 0.41131591796875
-0.0317497253417969 -0.0204620361328125 0.1527099609375 0.86199951171875
0.009857177734375 0.0154685974121094 -0.30401611328125 0.58349609375
0.0373344421386719 0.0212249755859375 0.00792694091796875 0.0656356811523438
0.0265331268310547 0.0191726684570312 0.3701171875 -0.543243408203125
0.02276611328125 -0.00267791748046875 -0.101806640625 -0.91180419921875
-0.00100433826446533 0.00133633613586426 -0.72509765625 -0.351318359375
0.000633716583251953 0.00589370727539063 -0.555908203125 0.322052001953125
0.0194797515869141 -0.0067291259765625 -0.1165771484375 0.453277587890625
0.0123291015625 -0.0117893218994141 0.223129272460938 0.272064208984375
0.00779056549072266 0.00316715240478516 0.33026123046875 -0.011077880859375
0.0157194137573242 -0.0119733810424805 -0.32147216796875 -0.00735473632812507
0.0198040008544922 -0.0115013122558594 -0.2113037109375 -0.25433349609375
0.0367965698242188 -0.0154380798339844 0.154266357421875 -0.4300537109375
0.0225391387939453 0.00957489013671875 0.59912109375 -0.26483154296875
-0.0319862365722656 0.0164356231689453 0.6458740234375 0.4249267578125
-0.0322704315185547 -0.015533447265625 0.1368408203125 0.864501953125
0.00757217407226563 0.0189952850341797 -0.3089599609375 0.57647705078125
0.0349693298339844 0.0223789215087891 0.0138511657714844 0.0581436157226563
0.0246810913085938 0.0216884613037109 0.365814208984375 -0.55218505859375
0.0208091735839844 0.00214004516601563 -0.11529541015625 -0.9093017578125
0.000176668167114258 0.00255417823791504 -0.725830078125 -0.3355712890625
0.00420331954956055 0.00328946113586426 -0.547393798828125 0.33294677734375
0.0237865447998047 -0.00874137878417969 -0.107330322265625 0.457122802734375
0.0117130279541016 -0.0134992599487305 0.222793579101562 0.267578125
0.00687170028686523 -0.000518321990966797 0.32861328125 -0.016082763671875
0.0154953002929687 -0.0192527770996094 -0.330902099609375 -0.00204467773437504
0.00644683837890625 -0.00184059143066406 -0.225067138671875 -0.261444091796875
0.0224761962890625 -0.00242996215820313 0.124267578125 -0.441192626953125
0.00839996337890625 0.0186080932617188 0.5809326171875 -0.28973388671875
-0.0377349853515625 0.00820541381835937 0.66693115234375 0.38165283203125
-0.0271644592285156 -0.0497970581054688 0.1798095703125 0.8369140625
0.0311927795410156 -0.0230789184570313 -0.28814697265625 0.57427978515625
0.0716400146484375 -0.008056640625 0.0114860534667969 0.0629234313964844
0.051055908203125 -0.0185813903808594 0.383758544921875 -0.54248046875
0.0289154052734375 -0.0354995727539063 -0.0745849609375001 -0.92047119140625
-0.00467395782470703 -0.00880146026611328 -0.71124267578125 -0.3726806640625
-0.008636474609375 0.0155544281005859 -0.5623779296875 0.3092041015625
0.00721931457519531 0.00253486633300781 -0.132171630859375 0.44598388671875
0.000102996826171875 -0.00451469421386719 0.213790893554688 0.267974853515625
0.00445556640625 -0.00736474990844727 0.324432373046875 -0.01068115234375
0.0132713317871094 -0.0146045684814453 -0.32379150390625 0.00485229492187496
0.0104274749755859 -0.0029296875 -0.221084594726563 -0.257492065429688
0.0205020904541016 -0.00207328796386719 0.123870849609375 -0.441619873046875
0.00705909729003906 0.0203857421875 0.57562255859375 -0.29583740234375
-0.0389900207519531 0.00849151611328125 0.66558837890625 0.37811279296875
-0.027618408203125 -0.0487861633300781 0.18505859375 0.84368896484375
0.0289669036865234 -0.020538330078125 -0.28631591796875 0.5867919921875
0.0685615539550781 -0.004119873046875 0.00617599487304688 0.0693397521972656
0.050811767578125 -0.0158119201660156 0.386138916015625 -0.535400390625
0.0302028656005859 -0.0334835052490234 -0.06292724609375 -0.92437744140625
-0.00609207153320313 -0.0104398727416992 -0.71051025390625 -0.38421630859375
-0.0109567642211914 0.0160408020019531 -0.5687255859375 0.30084228515625
0.00541591644287109 0.00263071060180664 -0.135986328125 0.443511962890625
0.00284194946289063 -0.00414037704467773 0.214828491210938 0.267333984375
0.00438070297241211 -0.00264668464660645 0.325775146484375 -0.007354736328125
0.0139064788818359 -0.0118570327758789 -0.32232666015625 0.00683593749999996
0.0129709243774414 -0.00315952301025391 -0.217971801757812 -0.253997802734375
0.0214214324951172 -0.00282669067382813 0.12152099609375 -0.442901611328125
0.00658607482910156 0.0189018249511719 0.57196044921875 -0.29949951171875
-0.0378913879394531 0.00847625732421876 0.66351318359375 0.375244140625
-0.0283775329589844 -0.0451431274414062 0.1851806640625 0.8433837890625
0.02716064453125 -0.0147590637207031 -0.28955078125 0.58880615234375
0.06402587890625 0.00038909912109375 0.00179290771484375 0.0743484497070313
0.0480766296386719 -0.00899887084960938 0.386871337890625 -0.525909423828125
0.0295658111572266 -0.0296001434326172 -0.05657958984375 -0.91571044921875
-0.0062408447265625 -0.00949001312255859 -0.70672607421875 -0.3856201171875
-0.0115604400634766 0.0148477554321289 -0.570556640625 0.29925537109375
0.00421643257141113 0.00191092491149902 -0.135833740234375 0.444610595703125
0.004302978515625 -0.00599813461303711 0.2178955078125 0.272674560546875
0.00661563873291016 0.000449180603027344 0.331146240234375 -0.003753662109375
0.0130720138549805 -0.00878143310546875 -0.318267822265625 0.00598144531250005
0.0152006149291992 -0.00372600555419922 -0.215530395507813 -0.252548217773437
0.0221633911132813 -0.0045166015625 0.1256103515625 -0.44207763671875
0.00890922546386719 0.0188694000244141 0.57098388671875 -0.2987060546875
-0.0374412536621094 0.0107269287109375 0.6632080078125 0.37835693359375
-0.0293121337890625 -0.0384559631347656 0.184814453125 0.848876953125
0.0220317840576172 -0.00632095336914063 -0.2886962890625 0.59228515625
0.0582962036132813 0.00701141357421875 -0.00108337402343749 0.0766143798828125
0.0433082580566406 -0.00245285034179688 0.384368896484375 -0.525909423828125
0.0287570953369141 -0.0224075317382813 -0.0621948242187501 -0.91668701171875
-0.00582027435302734 -0.00769519805908203 -0.70953369140625 -0.38275146484375
-0.0105457305908203 0.0137958526611328 -0.57159423828125 0.2999267578125
0.00746774673461914 0.000258922576904297 -0.134002685546875 0.444244384765625
0.0080723762512207 -0.00653266906738281 0.218215942382813 0.274002075195313
0.00780439376831055 0.00435686111450195 0.330352783203125 -0.00286865234375
0.0129508972167969 -0.00635719299316406 -0.31732177734375 0.00402832031250006
0.0184288024902344 -0.0067596435546875 -0.2117919921875 -0.2513427734375
0.0241756439208984 -0.00818824768066406 0.1302490234375 -0.439727783203125
0.0106353759765625 0.0166921615600586 0.57537841796875 -0.29010009765625
-0.0366783142089844 0.0124473571777344 0.65570068359375 0.38641357421875
-0.0298118591308594 -0.0329132080078125 0.17291259765625 0.85009765625
0.0184612274169922 0.00167083740234375 -0.29541015625 0.589599609375
0.0495185852050781 0.0118942260742188 0.000602722167968748 0.075469970703125
0.037078857421875 0.00566864013671875 0.3817138671875 -0.5244140625
0.026458740234375 -0.0157146453857422 -0.0689697265624999 -0.91058349609375
-0.00490236282348633 -0.00455284118652344 -0.71319580078125 -0.376220703125
-0.00715541839599609 0.0108785629272461 -0.5682373046875 0.302978515625
0.0105133056640625 -0.00177955627441406 -0.130828857421875 0.44598388671875
0.0101127624511719 -0.00784683227539063 0.221038818359375 0.274734497070313
0.00708484649658203 0.0057978630065918 0.331817626953125 -0.002105712890625
0.0142440795898437 -0.00838088989257813 -0.31805419921875 0.000549316406250015
0.0197372436523438 -0.00772476196289063 -0.2117919921875 -0.250045776367188
0.0283966064453125 -0.0107402801513672 0.13873291015625 -0.437286376953125
0.0143566131591797 0.0137157440185547 0.58197021484375 -0.2845458984375
-0.0341968536376953 0.0128593444824219 0.65338134765625 0.3974609375
-0.0302047729492187 -0.0246200561523438 0.16375732421875 0.857177734375
0.0138654708862305 0.00862026214599609 -0.30023193359375 0.58905029296875
0.0424880981445312 0.0178184509277344 0.00229644775390626 0.0723342895507813
0.0316543579101563 0.0127277374267578 0.37591552734375 -0.530609130859375
0.0237674713134766 -0.00800514221191406 -0.0849609375 -0.91009521484375
-0.00271821022033691 -0.0014197826385498 -0.7166748046875 -0.365234375
-0.00331783294677734 0.00862789154052734 -0.563232421875 0.31024169921875
0.0158071517944336 -0.00395584106445313 -0.12286376953125 0.450347900390625
0.0116872787475586 -0.00918865203857422 0.222763061523438 0.274826049804688
0.00800418853759766 0.00557184219360352 0.33123779296875 -0.006134033203125
0.0148639678955078 -0.00912570953369141 -0.318695068359375 -0.00354003906249993
0.0196914672851563 -0.00940132141113281 -0.210296630859375 -0.252059936523437
0.0320472717285156 -0.0133285522460937 0.145782470703125 -0.432769775390625
0.0189857482910156 0.0107479095458984 0.5904541015625 -0.27520751953125
-0.0323848724365234 0.0146694183349609 0.64837646484375 0.4100341796875
-0.0315341949462891 -0.0181865692138672 0.1507568359375 0.86065673828125
0.00953197479248047 0.0155210494995117 -0.30633544921875 0.58123779296875
0.03680419921875 0.0205802917480469 0.00790786743164062 0.0659637451171875
0.0270442962646484 0.0186862945556641 0.36932373046875 -0.539459228515625
0.0222320556640625 -0.00263404846191406 -0.0989990234375 -0.90887451171875
-0.00148522853851318 0.00086057186126709 -0.72174072265625 -0.3499755859375
9.0599060058594E-05 0.00577783584594727 -0.553375244140625 0.32000732421875
0.0191936492919922 -0.00629425048828125 -0.1171875 0.451263427734375
0.0116872787475586 -0.0116596221923828 0.222518920898438 0.271759033203125
0.00816726684570313 0.00221920013427734 0.330047607421875 -0.01025390625
0.0144805908203125 -0.0117006301879883 -0.320892333984375 -0.00756835937500006
0.0200042724609375 -0.0116901397705078 -0.210830688476562 -0.252288818359375
0.0363235473632813 -0.0158157348632813 0.153900146484375 -0.429443359375
0.0228652954101563 0.00890541076660156 0.59716796875 -0.26507568359375
-0.0322666168212891 0.0161399841308594 0.64178466796875 0.42401123046875
-0.0321865081787109 -0.0157051086425781 0.135009765625 0.86328125
0.007049560546875 0.0196189880371094 -0.3106689453125 0.57379150390625
0.0342960357666016 0.0214061737060547 0.0133018493652344 0.0584640502929688
0.0249347686767578 0.0217990875244141 0.36614990234375 -0.550628662109375
0.0213699340820313 0.00194931030273438 -0.11383056640625 -0.9073486328125
0.000677824020385742 0.00187695026397705 -0.72216796875 -0.3359375
0.00345158576965332 0.00369811058044434 -0.545501708984375 0.3306884765625
0.0236949920654297 -0.00891876220703125 -0.110565185546875 0.454437255859375
0.0122833251953125 -0.0143918991088867 0.22308349609375 0.269317626953125
0.00747966766357422 0.000202655792236328 0.32733154296875 -0.017120361328125
0.0154819488525391 -0.0189704895019531 -0.32989501953125 -0.000854492187500002
0.00596952438354492 -0.00173425674438477 -0.22344970703125 -0.260360717773438
0.0213375091552734 -0.00345039367675781 0.12506103515625 -0.44000244140625
0.00863456726074219 0.0181217193603516 0.58062744140625 -0.2901611328125
-0.0380973815917969 0.00821304321289062 0.66680908203125 0.38262939453125
-0.0265121459960937 -0.0492668151855469 0.1768798828125 0.8370361328125
0.0307846069335938 -0.0224838256835938 -0.29058837890625 0.57379150390625
0.0709457397460938 -0.00769805908203125 0.0102462768554688 0.0626182556152344
0.0513572692871094 -0.0194816589355469 0.38470458984375 -0.539642333984375
0.0293655395507813 -0.0353050231933594 -0.0703735351562501 -0.91668701171875
-0.00524806976318359 -0.00918960571289063 -0.70806884765625 -0.37213134765625
-0.00848197937011719 0.0146360397338867 -0.561492919921875 0.307464599609375
0.00663232803344727 0.00227594375610352 -0.133209228515625 0.4442138671875
7.34329223632817E-05 -0.00463676452636719 0.212677001953125 0.267120361328125
0.00401067733764649 -0.00743341445922852 0.324798583984375 -0.010040283203125
0.0133953094482422 -0.0146617889404297 -0.324951171875 0.00390625
0.00932598114013672 -0.00308990478515625 -0.21978759765625 -0.255950927734375
0.0202140808105469 -0.00193405151367187 0.12255859375 -0.44158935546875
0.00677680969238281 0.0196552276611328 0.57501220703125 -0.29522705078125
-0.0377998352050781 0.00802612304687499 0.66448974609375 0.38006591796875
-0.0275115966796875 -0.0476531982421875 0.18402099609375 0.84136962890625
0.0295524597167969 -0.0191650390625 -0.2896728515625 0.58367919921875
0.0679092407226563 -0.00443267822265625 0.006011962890625 0.0695915222167969
0.0506057739257813 -0.0164756774902344 0.388214111328125 -0.53240966796875
0.0296211242675781 -0.0340938568115234 -0.05914306640625 -0.9222412109375
-0.00678253173828125 -0.00967216491699219 -0.70574951171875 -0.384521484375
-0.0114307403564453 0.0149087905883789 -0.5689697265625 0.3001708984375
0.00429677963256836 0.00299334526062012 -0.1378173828125 0.441375732421875
0.00206351280212402 -0.0038609504699707 0.214797973632813 0.2677001953125
0.00522613525390625 -0.00231266021728516 0.325042724609375 -0.007232666015625
0.0142440795898438 -0.0110578536987305 -0.321807861328125 0.00662231445312498
0.0120611190795898 -0.00252532958984375 -0.218475341796875 -0.253494262695312
0.0201969146728516 -0.00313377380371094 0.122467041015625 -0.44140625
0.00685882568359375 0.0192966461181641 0.57196044921875 -0.29901123046875
-0.0386505126953125 0.00938796997070313 0.66131591796875 0.3746337890625
-0.0272674560546875 -0.044219970703125 0.18316650390625 0.8424072265625
0.0269870758056641 -0.0143547058105469 -0.290771484375 0.588623046875
0.0638084411621094 -0.000164031982421875 0.000854492187500011 0.0742950439453125
0.0479660034179688 -0.0107460021972656 0.387542724609375 -0.524200439453125
0.0292816162109375 -0.0295372009277344 -0.05633544921875 -0.9151611328125
-0.00615024566650391 -0.00995826721191406 -0.7042236328125 -0.38494873046875
-0.0108699798583984 0.015045166015625 -0.5716552734375 0.298095703125
0.00420379638671875 0.00234031677246094 -0.137176513671875 0.441741943359375
0.00469255447387695 -0.00479602813720703 0.218399047851562 0.2720947265625
0.00653171539306641 0.0015110969543457 0.330413818359375 -0.00335693359375
0.0139284133911133 -0.00830554962158203 -0.3189697265625 0.00744628906249998
0.0153474807739258 -0.00425529479980469 -0.214813232421875 -0.251113891601563
0.0218486785888672 -0.00544929504394531 0.125244140625 -0.441314697265625
0.00799179077148438 0.0182647705078125 0.57086181640625 -0.29595947265625
-0.0374755859375 0.0107307434082031 0.661376953125 0.376708984375
-0.0288925170898437 -0.0387229919433594 0.18280029296875 0.846923828125
0.0225830078125 -0.005645751953125 -0.29315185546875 0.5921630859375
0.0564460754394531 0.00617218017578125 -0.00134277343749999 0.0759506225585938
0.0432777404785156 -0.00200653076171875 0.38360595703125 -0.5220947265625
0.0279121398925781 -0.0234584808349609 -0.06048583984375 -0.91485595703125
-0.00605964660644531 -0.00794363021850586 -0.70751953125 -0.384521484375
-0.0102119445800781 0.0130033493041992 -0.57159423828125 0.298828125
0.00714302062988281 -0.000181198120117188 -0.134063720703125 0.441192626953125
0.00743436813354492 -0.0069432258605957 0.2186279296875 0.274551391601563
0.00713920593261719 0.00445222854614258 0.331024169921875 -0.00274658203125
0.0132255554199219 -0.00753593444824219 -0.317840576171875 0.00518798828125004
0.017608642578125 -0.00592803955078125 -0.212432861328125 -0.250289916992188
0.0242938995361328 -0.00824356079101563 0.131805419921875 -0.438140869140625
0.0111045837402344 0.0154829025268555 0.5750732421875 -0.29180908203125
-0.0359764099121094 0.0122528076171875 0.65301513671875 0.3873291015625
-0.0301227569580078 -0.0315170288085938 0.1717529296875 0.8499755859375
0.01812744140625 0.00300788879394531 -0.2979736328125 0.58966064453125
0.0494308471679688 0.0115242004394531 -0.00109100341796874 0.0758743286132813
0.0377540588378906 0.00524520874023438 0.382598876953125 -0.522857666015625
0.0256900787353516 -0.016204833984375 -0.0667114257812499 -0.90966796875
-0.00468301773071289 -0.00538349151611328 -0.70831298828125 -0.37786865234375
-0.00687408447265625 0.0114450454711914 -0.567626953125 0.3001708984375
0.0101299285888672 -0.00266265869140625 -0.131195068359375 0.44287109375
0.00946044921875 -0.00761032104492187 0.220489501953125 0.273956298828125
0.00710058212280274 0.00558376312255859 0.332244873046875 -0.00311279296875
0.013789176940918 -0.00821208953857422 -0.318084716796875 0.00134277343749997
0.0189456939697266 -0.00841140747070312 -0.211456298828125 -0.2498779296875
0.0276584625244141 -0.0117111206054688 0.13916015625 -0.436187744140625
0.0141162872314453 0.0139436721801758 0.581787109375 -0.28326416015625
-0.0353126525878906 0.0143928527832031 0.65252685546875 0.398193359375
-0.0302791595458984 -0.0238265991210938 0.16058349609375 0.8568115234375
0.0137004852294922 0.00969505310058594 -0.30242919921875 0.587158203125
0.0419731140136719 0.016876220703125 0.002044677734375 0.072265625
0.0326023101806641 0.0127906799316406 0.37567138671875 -0.52850341796875
0.0239887237548828 -0.00934028625488281 -0.08038330078125 -0.90997314453125
-0.0031743049621582 -0.00242781639099121 -0.7138671875 -0.36553955078125
-0.00352907180786133 0.00834846496582031 -0.56195068359375 0.30975341796875
0.0138788223266602 -0.00416374206542969 -0.123931884765625 0.44720458984375
0.0111427307128906 -0.0104837417602539 0.221725463867188 0.273345947265625
0.00885868072509765 0.00533866882324219 0.33087158203125 -0.0050048828125
0.0142269134521484 -0.00814628601074219 -0.318328857421875 -0.00335693359374996
0.0196762084960938 -0.00973320007324219 -0.209548950195313 -0.250808715820313
0.0320053100585938 -0.0148181915283203 0.147430419921875 -0.4322509765625
0.0185546875 0.0110359191894531 0.58990478515625 -0.2735595703125
-0.032867431640625 0.0155582427978516 0.64666748046875 0.41204833984375
-0.0309104919433594 -0.0192718505859375 0.14703369140625 0.85968017578125
0.00938129425048828 0.0162420272827148 -0.30853271484375 0.58013916015625
0.036773681640625 0.0202178955078125 0.00699615478515626 0.0656356811523438
0.0276069641113281 0.0179805755615234 0.371673583984375 -0.53704833984375
0.0229034423828125 -0.00280380249023438 -0.0972900390625001 -0.90826416015625
-0.000691592693328857 -0.000198781490325928 -0.718505859375 -0.35064697265625
0.000499248504638672 0.00523900985717773 -0.553680419921875 0.318145751953125
0.0187320709228516 -0.00622749328613281 -0.11737060546875 0.449920654296875
0.0122861862182617 -0.0118913650512695 0.222442626953125 0.2720947265625
0.00795412063598633 0.00305461883544922 0.329986572265625 -0.010162353515625
0.0162858963012695 -0.0106897354125977 -0.321197509765625 -0.00628662109374993
0.0195579528808594 -0.0109939575195312 -0.21002197265625 -0.252029418945312
0.0356559753417969 -0.0161094665527344 0.154449462890625 -0.427764892578125
0.0220394134521484 0.00944137573242188 0.59716796875 -0.26409912109375
-0.0328083038330078 0.0167293548583984 0.64117431640625 0.424560546875
-0.0334644317626953 -0.0142574310302734 0.1322021484375 0.8607177734375
0.00646781921386719 0.0202674865722656 -0.3126220703125 0.573486328125
0.0333786010742188 0.0216407775878906 0.0137176513671875 0.058837890625
0.0242805480957031 0.0205001831054688 0.367340087890625 -0.5474853515625
0.0215835571289063 0.00168418884277344 -0.11187744140625 -0.90826416015625
0.000672101974487305 0.00259780883789063 -0.72021484375 -0.3359375
0.00409436225891113 0.00354290008544922 -0.545745849609375 0.32733154296875
0.0221519470214844 -0.00863456726074219 -0.11041259765625 0.453857421875
0.0119447708129883 -0.0136880874633789 0.2225341796875 0.267974853515625
0.00813722610473633 2.43186950683594E-05 0.326507568359375 -0.016448974609375
0.0159473419189453 -0.0187873840332031 -0.330657958984375 -0.000213623046875024
0.0056300163269043 -0.00145101547241211 -0.222488403320313 -0.260589599609375
0.0204277038574219 -0.00382804870605469 0.12603759765625 -0.441131591796875
0.00796318054199219 0.0175895690917969 0.5819091796875 -0.28936767578125
-0.0371589660644531 0.00920867919921875 0.66546630859375 0.384765625
-0.0258712768554687 -0.0486526489257813 0.175048828125 0.8375244140625
0.0296154022216797 -0.0220088958740234 -0.29150390625 0.5740966796875
0.0707244873046875 -0.00862884521484375 0.00892639160156251 0.0630340576171875
0.0521354675292969 -0.0199508666992187 0.38580322265625 -0.537841796875
0.0302886962890625 -0.036285400390625 -0.0689697265625 -0.92083740234375
-0.00627994537353516 -0.00969219207763672 -0.7073974609375 -0.375732421875
-0.00868129730224609 0.0147199630737305 -0.5631103515625 0.3055419921875
0.00670814514160156 0.00197553634643555 -0.135284423828125 0.445526123046875
-5.79357147216799E-05 -0.00409412384033203 0.213424682617188 0.267791748046875
0.00505161285400391 -0.00768375396728516 0.32440185546875 -0.010498046875
0.0147209167480469 -0.0139245986938477 -0.3251953125 0.004852294921875
0.00946903228759766 -0.00210285186767578 -0.2213134765625 -0.256698608398438
0.0201377868652344 -0.00294113159179688 0.124176025390625 -0.44140625
0.00751495361328125 0.0196304321289063 0.576171875 -0.29547119140625
-0.038482666015625 0.00883102416992186 0.664794921875 0.380615234375
-0.0271492004394531 -0.0469818115234375 0.1807861328125 0.84332275390625
0.0296554565429688 -0.0192489624023438 -0.2928466796875 0.58489990234375
0.0684738159179688 -0.00527191162109375 0.00438308715820312 0.0697669982910156
0.0509529113769531 -0.0163154602050781 0.388916015625 -0.532257080078125
0.0297012329101563 -0.0339546203613281 -0.0596923828124999 -0.92230224609375
-0.00751399993896484 -0.0100908279418945 -0.70477294921875 -0.3865966796875
-0.0108671188354492 0.0151653289794922 -0.5694580078125 0.29766845703125
0.00389313697814941 0.00350666046142578 -0.1405029296875 0.440460205078125
0.00180411338806152 -0.00413227081298828 0.2154541015625 0.268508911132813
0.0064244270324707 -0.00240182876586914 0.32452392578125 -0.008056640625
0.0138006210327148 -0.0102481842041016 -0.323150634765625 0.00820922851562499
0.0126743316650391 -0.00123882293701172 -0.2176513671875 -0.253799438476562
0.0201988220214844 -0.00304031372070312 0.12274169921875 -0.44146728515625
0.00599861145019531 0.0190887451171875 0.57159423828125 -0.29644775390625
-0.0380020141601563 0.00965118408203125 0.662109375 0.37713623046875
-0.0276107788085938 -0.0439605712890625 0.180419921875 0.84283447265625
0.0262241363525391 -0.0134735107421875 -0.2940673828125 0.5885009765625
0.0628662109375 -0.000240325927734375 0.000343322753906258 0.0745925903320313
0.0471343994140625 -0.0109672546386719 0.38885498046875 -0.5223388671875
0.0300369262695313 -0.0298957824707031 -0.0520629882812499 -0.91461181640625
-0.00556087493896485 -0.0105133056640625 -0.70294189453125 -0.3890380859375
-0.0106563568115234 0.0141162872314453 -0.5714111328125 0.29534912109375
0.00363779067993164 0.00184750556945801 -0.13916015625 0.440673828125
0.00497341156005859 -0.00419473648071289 0.218338012695312 0.273757934570312
0.00625801086425781 0.00148200988769531 0.3294677734375 -0.00445556640625
0.0140419006347656 -0.00784492492675781 -0.32000732421875 0.00765991210937505
0.0153694152832031 -0.00425910949707031 -0.213775634765625 -0.251449584960938
0.0206279754638672 -0.00553703308105469 0.12646484375 -0.44091796875
0.00834465026855469 0.018096923828125 0.5716552734375 -0.29638671875
-0.0373764038085938 0.0113525390625 0.6619873046875 0.38140869140625
-0.0295028686523438 -0.0378532409667969 0.1798095703125 0.84967041015625
0.02337646484375 -0.00589179992675781 -0.29547119140625 0.59210205078125
0.0567092895507813 0.00516510009765625 -0.00164031982421875 0.0766067504882812
0.0422782897949219 -0.00294113159179688 0.38653564453125 -0.5211181640625
0.0273361206054687 -0.0242252349853516 -0.0563354492187499 -0.91583251953125
-0.00580978393554688 -0.00744295120239258 -0.70635986328125 -0.38775634765625
-0.00935935974121094 0.012446403503418 -0.57159423828125 0.2955322265625
0.00593996047973633 -0.000367641448974609 -0.13677978515625 0.44268798828125
0.00609445571899414 -0.00641822814941406 0.219497680664062 0.274932861328125
0.00794124603271484 0.00455188751220703 0.33148193359375 -0.002716064453125
0.0132513046264648 -0.00723457336425781 -0.31805419921875 0.0059814453125
0.0175857543945313 -0.00591850280761719 -0.212417602539063 -0.250686645507812
0.0242042541503906 -0.00869941711425781 0.131103515625 -0.43701171875
0.0106716156005859 0.0153932571411133 0.57574462890625 -0.28961181640625
-0.0364990234375 0.0123481750488281 0.65484619140625 0.38958740234375
-0.0291919708251953 -0.0308761596679687 0.1676025390625 0.85064697265625
0.0173778533935547 0.00184726715087891 -0.30120849609375 0.58941650390625
0.050079345703125 0.0121955871582031 -0.00107574462890625 0.0764389038085938
0.0380287170410156 0.00447463989257813 0.38525390625 -0.521087646484375
0.0272407531738281 -0.0153083801269531 -0.0643310546874999 -0.91265869140625
-0.00483512878417969 -0.00492334365844726 -0.70892333984375 -0.38043212890625
-0.00751876831054688 0.0105085372924805 -0.569091796875 0.3004150390625
0.00908565521240234 -0.00222969055175781 -0.133392333984375 0.44439697265625
0.0092782974243164 -0.00853824615478515 0.22198486328125 0.275924682617188
0.00882148742675781 0.00572109222412109 0.3323974609375 -0.003570556640625
0.0133829116821289 -0.00733470916748047 -0.319427490234375 0.00119018554687496
0.0191707611083984 -0.00779533386230469 -0.211395263671875 -0.248855590820313
0.0283432006835938 -0.0122222900390625 0.140045166015625 -0.43524169921875
0.0142192840576172 0.0127964019775391 0.58203125 -0.2822265625
-0.0352096557617188 0.0144004821777344 0.65264892578125 0.40045166015625
-0.0295639038085938 -0.0237789154052734 0.1593017578125 0.85662841796875
0.013300895690918 0.0107173919677734 -0.3048095703125 0.588134765625
0.0409736633300781 0.016326904296875 0.0012054443359375 0.0724258422851563
0.0324897766113281 0.0115451812744141 0.37786865234375 -0.528167724609375
0.0235118865966797 -0.0082855224609375 -0.08013916015625 -0.91180419921875
-0.0030360221862793 -0.00318002700805664 -0.71368408203125 -0.3695068359375
-0.00381183624267578 0.00814390182495117 -0.56353759765625 0.3079833984375
0.0139713287353516 -0.00399208068847656 -0.125946044921875 0.44677734375
0.0114812850952148 -0.00992965698242188 0.221450805664063 0.274765014648438
0.00917243957519531 0.00533676147460938 0.3323974609375 -0.005767822265625
0.014765739440918 -0.00870323181152344 -0.319366455078125 -0.00378417968749995
0.0193862915039063 -0.00993728637695313 -0.209274291992187 -0.249847412109375
0.0313224792480469 -0.0153598785400391 0.147491455078125 -0.431549072265625
0.0177421569824219 0.0105628967285156 0.58953857421875 -0.27252197265625
-0.0337886810302734 0.0158920288085937 0.64691162109375 0.41290283203125
-0.0318603515625 -0.0181884765625 0.145263671875 0.8609619140625
0.00938510894775391 0.0163602828979492 -0.31005859375 0.57977294921875
0.0357513427734375 0.0192832946777344 0.00606155395507813 0.066558837890625
0.0273189544677734 0.0174827575683594 0.37445068359375 -0.536407470703125
0.0225143432617187 -0.00387763977050781 -0.09405517578125 -0.91009521484375
-0.00104439258575439 0.000646054744720459 -0.7177734375 -0.35430908203125
0.00128984451293945 0.00568342208862305 -0.55548095703125 0.317657470703125
0.0188236236572266 -0.0056915283203125 -0.1192626953125 0.4498291015625
0.0121173858642578 -0.0112590789794922 0.223434448242188 0.271881103515625
0.00857019424438477 0.00278472900390625 0.3299560546875 -0.01177978515625
0.0157814025878906 -0.0108356475830078 -0.3214111328125 -0.00714111328125001
0.0188198089599609 -0.0113773345947266 -0.209243774414063 -0.25079345703125
0.0354156494140625 -0.0174293518066406 0.154998779296875 -0.428131103515625
0.0221443176269531 0.00868988037109375 0.59710693359375 -0.26318359375
-0.0324745178222656 0.0166645050048828 0.64166259765625 0.42529296875
-0.0314350128173828 -0.01416015625 0.12908935546875 0.862548828125
0.00676918029785156 0.0199146270751953 -0.31475830078125 0.5711669921875
0.0326709747314453 0.0212936401367188 0.0125160217285156 0.0588722229003906
0.0240840911865234 0.0202465057373047 0.36968994140625 -0.545440673828125
0.0215072631835937 0.00138282775878906 -0.10943603515625 -0.908935546875
0.000364780426025391 0.0019460916519165 -0.71820068359375 -0.33740234375
0.00302720069885254 0.00282835960388184 -0.547119140625 0.326751708984375
0.022796630859375 -0.00912666320800781 -0.111480712890625 0.453765869140625
0.0118217468261719 -0.0127935409545898 0.222732543945312 0.268630981445312
0.00793170928955078 0.000193119049072266 0.32659912109375 -0.016998291015625
0.0160713195800781 -0.0190029144287109 -0.330963134765625 0.000274658203125044
0.00594425201416016 -0.00126552581787109 -0.225021362304688 -0.25970458984375
0.0199069976806641 -0.00398063659667969 0.126800537109375 -0.439483642578125
0.00692081451416016 0.0174150466918945 0.584228515625 -0.28955078125
-0.0374603271484375 0.00848007202148438 0.66632080078125 0.38763427734375
-0.0259437561035156 -0.0488777160644531 0.1710205078125 0.83966064453125
0.0300388336181641 -0.0218124389648438 -0.295654296875 0.5740966796875
0.0695915222167969 -0.00839614868164063 0.0090789794921875 0.0641403198242188
0.0511741638183594 -0.0217094421386719 0.38824462890625 -0.537200927734375
0.0303153991699219 -0.0358047485351563 -0.06640625 -0.920654296875
-0.00603771209716797 -0.00999927520751953 -0.70709228515625 -0.37640380859375
-0.00905418395996094 0.0145435333251953 -0.56610107421875 0.30633544921875
0.0051112174987793 0.0021514892578125 -0.138336181640625 0.443817138671875
-0.000823497772216797 -0.00483322143554687 0.212432861328125 0.2686767578125
0.00475502014160156 -0.00710535049438476 0.325836181640625 -0.011627197265625
0.0144281387329102 -0.0144872665405273 -0.326507568359375 0.004150390625
0.00927448272705078 -0.00181388854980469 -0.221725463867187 -0.256439208984375
0.0192127227783203 -0.00286102294921875 0.126373291015625 -0.441375732421875
0.00695419311523438 0.0201625823974609 0.5789794921875 -0.295654296875
-0.0388221740722656 0.0095977783203125 0.6669921875 0.38360595703125
-0.0270309448242188 -0.0474205017089844 0.18072509765625 0.8448486328125
0.0299949645996094 -0.0178737640380859 -0.29644775390625 0.58514404296875
0.0679817199707031 -0.00615692138671875 0.00360107421875 0.0704269409179688
0.0504341125488281 -0.0173492431640625 0.390350341796875 -0.530670166015625
0.0292263031005859 -0.0338478088378906 -0.0581054687500001 -0.92498779296875
-0.00658416748046875 -0.0107593536376953 -0.70281982421875 -0.38946533203125
-0.0102987289428711 0.0150957107543945 -0.57122802734375 0.29803466796875
0.00291085243225098 0.00282740592956543 -0.140899658203125 0.44024658203125
0.00201964378356934 -0.0039670467376709 0.215621948242187 0.268997192382813
0.00602197647094727 -0.00261354446411133 0.327239990234375 -0.007843017578125
0.0132427215576172 -0.0106000900268555 -0.32427978515625 0.00848388671875001
0.0140810012817383 -0.000326156616210938 -0.219223022460937 -0.253707885742188
0.0187225341796875 -0.00344657897949219 0.123931884765625 -0.441619873046875
0.00615501403808594 0.0194664001464844 0.57421875 -0.29931640625
-0.0388946533203125 0.00907516479492188 0.66326904296875 0.3809814453125
-0.0289878845214844 -0.04449462890625 0.178466796875 0.845947265625
0.0252456665039063 -0.013275146484375 -0.2974853515625 0.587158203125
0.0630722045898438 -0.001678466796875 -0.000114440917968748 0.0750961303710938
0.0478057861328125 -0.0118141174316406 0.39111328125 -0.521697998046875
0.0302772521972656 -0.0308094024658203 -0.05157470703125 -0.91748046875
-0.00583553314208984 -0.00999355316162109 -0.702392578125 -0.38848876953125
-0.0120573043823242 0.0138349533081055 -0.57403564453125 0.2940673828125
0.00385594367980957 0.00129151344299316 -0.141387939453125 0.441650390625
0.0049896240234375 -0.00508403778076172 0.22015380859375 0.272491455078125
0.00705385208129883 0.00176620483398437 0.332244873046875 -0.00439453125
0.0135593414306641 -0.0085601806640625 -0.321563720703125 0.00741577148437501
0.0146102905273438 -0.00378227233886719 -0.216705322265625 -0.25146484375
0.0201320648193359 -0.00592994689941406 0.127960205078125 -0.44268798828125
0.0083770751953125 0.01763916015625 0.575927734375 -0.29736328125
-0.0372314453125 0.0111732482910156 0.66302490234375 0.3836669921875
-0.0287590026855469 -0.0365982055664063 0.1776123046875 0.852783203125
0.0224399566650391 -0.00541877746582031 -0.297607421875 0.5928955078125
0.0561790466308594 0.00496292114257813 -0.00225067138671875 0.0775604248046875
0.0444412231445313 -0.00383377075195313 0.38787841796875 -0.521209716796875
0.0268592834472656 -0.0241584777832031 -0.0572509765624999 -0.91802978515625
-0.00534152984619141 -0.00890159606933594 -0.70684814453125 -0.3896484375
-0.00988006591796875 0.011260986328125 -0.57354736328125 0.294921875
0.00593805313110352 -0.000942230224609375 -0.138702392578125 0.443115234375
0.00620174407958984 -0.00643444061279297 0.220947265625 0.275741577148438
0.00732660293579102 0.00412750244140625 0.332763671875 -0.00274658203125
0.0129528045654297 -0.00580883026123047 -0.32000732421875 0.00601196289062507
0.0168733596801758 -0.00575542449951172 -0.212310791015625 -0.250076293945313
0.0251884460449219 -0.0100612640380859 0.131988525390625 -0.439422607421875
0.0116100311279297 0.0150241851806641 0.57818603515625 -0.28961181640625
-0.0363616943359375 0.0129814147949219 0.65496826171875 0.39166259765625
-0.0297946929931641 -0.0295944213867188 0.16510009765625 0.85491943359375
0.0171909332275391 0.00354766845703125 -0.30377197265625 0.5892333984375
0.0494499206542969 0.0104713439941406 -0.00191497802734375 0.0762710571289063
0.0381317138671875 0.00584030151367188 0.38763427734375 -0.52001953125
0.0263423919677734 -0.0165901184082031 -0.0605468749999999 -0.912841796875
-0.00447225570678711 -0.00652551651000977 -0.70880126953125 -0.38189697265625
-0.00800037384033203 0.0104761123657227 -0.56982421875 0.2977294921875
0.00844764709472656 -0.00265836715698242 -0.136138916015625 0.44384765625
0.00982952117919922 -0.00818061828613281 0.222747802734375 0.27691650390625
0.0079045295715332 0.00512218475341797 0.3330078125 -0.002166748046875
0.0141420364379883 -0.00558662414550781 -0.3193359375 -0.000305175781250038
0.0191726684570313 -0.00713729858398438 -0.211334228515625 -0.250289916992187
0.0277805328369141 -0.0124320983886719 0.13861083984375 -0.43487548828125
0.0129871368408203 0.0125360488891602 0.5836181640625 -0.28289794921875
-0.0340595245361328 0.0156631469726562 0.65399169921875 0.40240478515625
-0.0298900604248047 -0.0228729248046875 0.15765380859375 0.85980224609375
0.0138187408447266 0.0107536315917969 -0.30780029296875 0.58721923828125
0.0406990051269531 0.016265869140625 0.000907897949218754 0.07342529296875
0.0313243865966797 0.0119857788085937 0.380615234375 -0.529083251953125
0.0237083435058594 -0.00950431823730469 -0.07659912109375 -0.91339111328125
-0.00354456901550293 -0.0040442943572998 -0.712890625 -0.3714599609375
-0.00308895111083984 0.0070195198059082 -0.56561279296875 0.30731201171875
0.0138673782348633 -0.00424671173095703 -0.127960205078125 0.449615478515625
0.0109567642211914 -0.00893497467041016 0.221359252929688 0.27655029296875
0.00797605514526367 0.00566816329956055 0.331390380859375 -0.00506591796875
0.0150012969970703 -0.00825023651123047 -0.3218994140625 -0.00479125976562493
0.0187187194824219 -0.00904273986816406 -0.21014404296875 -0.251022338867188
0.0306034088134766 -0.0152053833007813 0.14898681640625 -0.431640625
0.0176563262939453 0.00997161865234375 0.5921630859375 -0.27325439453125
-0.0332984924316406 0.0159702301025391 0.6480712890625 0.41448974609375
-0.0331859588623047 -0.0168552398681641 0.140625 0.8631591796875
0.00907993316650391 0.016230583190918 -0.3134765625 0.5810546875
0.0348129272460938 0.0197982788085938 0.00582504272460938 0.0669708251953125
0.0282802581787109 0.016021728515625 0.37481689453125 -0.537628173828125
0.0215301513671875 -0.0041351318359375 -0.09283447265625 -0.908447265625
-0.00168514251708984 0.000336170196533203 -0.716064453125 -0.35675048828125
0.00106954574584961 0.00378799438476563 -0.555633544921875 0.317474365234375
0.0189704895019531 -0.00630950927734375 -0.121917724609375 0.450042724609375
0.0129175186157227 -0.0120210647583008 0.222976684570312 0.27215576171875
0.00920295715332031 0.00143909454345703 0.33038330078125 -0.01275634765625
0.0157203674316406 -0.0106945037841797 -0.322723388671875 -0.00640869140625004
0.0187206268310547 -0.0100765228271484 -0.209945678710938 -0.252395629882812
0.0343647003173828 -0.0173282623291016 0.154693603515625 -0.42950439453125
0.0227565765380859 0.00666236877441406 0.59942626953125 -0.2625732421875
-0.0323047637939453 0.0175666809082031 0.64190673828125 0.427001953125
-0.031982421875 -0.0138397216796875 0.126708984375 0.86505126953125
0.00550460815429688 0.0203056335449219 -0.31768798828125 0.57415771484375
0.0321712493896484 0.0215969085693359 0.0128631591796875 0.0600433349609375
0.0251140594482422 0.0206546783447266 0.370697021484375 -0.5467529296875
0.0222206115722656 0.00136375427246094 -0.10980224609375 -0.91015625
0.000158190727233887 0.00162422657012939 -0.71826171875 -0.3397216796875
0.00349020957946777 0.00232076644897461 -0.547393798828125 0.326416015625
0.022125244140625 -0.00891876220703125 -0.1126708984375 0.452728271484375
0.0108451843261719 -0.0135393142700195 0.223297119140625 0.270492553710938
0.00939178466796875 0.000322341918945313 0.32916259765625 -0.016143798828125
0.0167398452758789 -0.0172595977783203 -0.33477783203125 0.00149536132812503
0.00592279434204101 -0.00184249877929687 -0.224945068359375 -0.259994506835938
0.0203895568847656 -0.00536918640136719 0.128692626953125 -0.442047119140625
0.00732803344726562 0.0176143646240234 0.5841064453125 -0.29150390625
-0.0377311706542969 0.01007080078125 0.66900634765625 0.38958740234375
-0.0259017944335938 -0.0480728149414063 0.17138671875 0.84405517578125
0.0303707122802734 -0.0206470489501953 -0.30023193359375 0.575439453125
0.0703811645507813 -0.010528564453125 0.00888442993164062 0.0637702941894531
0.0518226623535156 -0.0212478637695313 0.391357421875 -0.53802490234375
0.0294914245605469 -0.036102294921875 -0.0648193359375001 -0.924072265625
-0.00620269775390625 -0.0114145278930664 -0.70782470703125 -0.37982177734375
-0.0084228515625 0.0135765075683594 -0.56744384765625 0.305908203125
0.00605297088623047 0.00163602828979492 -0.137786865234375 0.445526123046875
0.000141143798828125 -0.00362706184387207 0.21527099609375 0.269577026367188
0.00642824172973633 -0.00764751434326172 0.3255615234375 -0.011199951171875
0.0145282745361328 -0.01214599609375 -0.3275146484375 0.00491333007812499
0.00887489318847656 -0.00131988525390625 -0.222396850585938 -0.255859375
0.0173845291137695 -0.00413703918457031 0.12628173828125 -0.44287109375
0.00587844848632813 0.0180397033691406 0.5794677734375 -0.29620361328125
-0.0380172729492187 0.0103569030761719 0.66827392578125 0.38531494140625
-0.0275917053222656 -0.0467987060546875 0.1771240234375 0.84954833984375
0.0297679901123047 -0.0180931091308594 -0.2977294921875 0.58758544921875
0.0681228637695313 -0.00623703002929688 0.00362396240234376 0.0718536376953125
0.0523796081542969 -0.018798828125 0.394287109375 -0.532379150390625
0.030303955078125 -0.0343894958496094 -0.0540771484375 -0.92852783203125
-0.00731277465820313 -0.0112447738647461 -0.70452880859375 -0.390869140625
-0.0105047225952148 0.0143337249755859 -0.57330322265625 0.298095703125
0.0038599967956543 0.00368928909301758 -0.142425537109375 0.44158935546875
0.00134181976318359 -0.00434017181396484 0.216766357421875 0.270248413085938
0.00663423538208008 -0.000772953033447266 0.328338623046875 -0.008026123046875
0.0136623382568359 -0.0097513198852539 -0.326385498046875 0.00799560546874997
0.0116443634033203 -0.000288009643554688 -0.218887329101563 -0.253936767578125
0.0173826217651367 -0.00423717498779297 0.1246337890625 -0.443206787109375
0.00775146484375 0.0179252624511719 0.575927734375 -0.29864501953125
-0.0383262634277344 0.010833740234375 0.66461181640625 0.38031005859375
-0.0270004272460937 -0.0420188903808594 0.17694091796875 0.84979248046875
0.0256881713867188 -0.0142631530761719 -0.29901123046875 0.590576171875
0.0634574890136719 -0.00040435791015625 -0.000923156738281237 0.0769729614257812
0.0478172302246094 -0.0133895874023438 0.394927978515625 -0.5234375
0.0304279327392578 -0.0311317443847656 -0.0518798828125 -0.92071533203125
-0.00658988952636719 -0.0100412368774414 -0.70355224609375 -0.390869140625
-0.0103940963745117 0.0137205123901367 -0.57611083984375 0.2940673828125
0.00219941139221191 0.00101852416992188 -0.141937255859375 0.44293212890625
0.00500774383544922 -0.00325918197631836 0.220535278320313 0.276641845703125
0.00703859329223633 3.91006469726563E-05 0.332733154296875 -0.004302978515625
0.0128574371337891 -0.006591796875 -0.322784423828125 0.00701904296874993
0.0140151977539063 -0.00407981872558594 -0.215591430664062 -0.251480102539063
0.0205307006835938 -0.00700187683105469 0.127777099609375 -0.44415283203125
0.00792121887207031 0.0179595947265625 0.576904296875 -0.29815673828125
-0.0375633239746094 0.0121078491210937 0.66412353515625 0.38470458984375
-0.0282783508300781 -0.0374183654785156 0.1744384765625 0.8544921875
0.0228691101074219 -0.00498771667480469 -0.30120849609375 0.59576416015625
0.0554618835449219 0.00579071044921875 -0.00234985351562499 0.0778350830078125
0.0438804626464844 -0.00374221801757813 0.391387939453125 -0.520111083984375
0.0281200408935547 -0.0239791870117188 -0.0535888671874999 -0.92120361328125
-0.00705814361572265 -0.00785684585571289 -0.70660400390625 -0.39202880859375
-0.0094900131225586 0.0118684768676758 -0.57562255859375 0.29547119140625
0.00579500198364258 0.000318527221679688 -0.140228271484375 0.44317626953125
0.00741767883300781 -0.00607681274414063 0.221893310546875 0.277099609375
0.00774860382080078 0.00400543212890625 0.33233642578125 -0.002716064453125
0.0144195556640625 -0.00539016723632813 -0.320556640625 0.005828857421875
0.016108512878418 -0.00437545776367188 -0.212722778320313 -0.251998901367188
0.0219783782958984 -0.0100650787353516 0.133209228515625 -0.43994140625
0.0100698471069336 0.014923095703125 0.57952880859375 -0.2923583984375
-0.0358390808105469 0.0122833251953125 0.658447265625 0.39324951171875
-0.0289821624755859 -0.0306072235107422 0.16363525390625 0.8580322265625
0.0175762176513672 0.00356292724609375 -0.30804443359375 0.5936279296875
0.0476913452148438 0.0100555419921875 -0.00151824951171875 0.07843017578125
0.03851318359375 0.00437545776367188 0.38824462890625 -0.52008056640625
0.0260696411132812 -0.0172405242919922 -0.0606689453124999 -0.9178466796875
-0.00467586517333984 -0.00503778457641602 -0.70965576171875 -0.3834228515625
-0.00686073303222656 0.0105218887329102 -0.5706787109375 0.2969970703125
0.00808811187744141 -0.00215244293212891 -0.134307861328125 0.4453125
0.00930404663085938 -0.00748348236083984 0.222854614257813 0.27642822265625
0.00836753845214844 0.0057215690612793 0.333892822265625 -0.0040283203125
0.014124870300293 -0.00716686248779297 -0.320587158203125 0.00213623046874998
0.0168991088867188 -0.00729656219482422 -0.21258544921875 -0.250457763671875
0.0256500244140625 -0.0127449035644531 0.1417236328125 -0.437347412109375
0.0140514373779297 0.0112447738647461 0.585205078125 -0.283447265625
-0.032928466796875 0.01544189453125 0.655517578125 0.40472412109375
-0.0303974151611328 -0.0236549377441406 0.15460205078125 0.8638916015625
0.0118808746337891 0.0121946334838867 -0.31097412109375 0.591064453125
0.0404586791992188 0.0153961181640625 0.0015716552734375 0.0746688842773438
0.0316371917724609 0.0112152099609375 0.383514404296875 -0.52783203125
0.0234451293945312 -0.00941848754882812 -0.0766601562500001 -0.91619873046875
-0.00332546234130859 -0.00287652015686035 -0.71337890625 -0.373779296875
-0.003875732421875 0.00694131851196289 -0.5673828125 0.30706787109375
0.0131111145019531 -0.00423240661621094 -0.128997802734375 0.44915771484375
0.0112829208374023 -0.0100545883178711 0.223770141601562 0.275558471679688
0.00913143157958984 0.0048370361328125 0.3338623046875 -0.0069580078125
0.0153026580810547 -0.00624942779541016 -0.322174072265625 -0.00219726562499993
0.0181598663330078 -0.00982284545898438 -0.211410522460938 -0.250335693359375
0.030242919921875 -0.0159263610839844 0.15118408203125 -0.434356689453125
0.0169916152954102 0.00924110412597656 0.59454345703125 -0.27587890625
-0.0342521667480469 0.0163898468017578 0.649658203125 0.41748046875
-0.0312595367431641 -0.0170841217041016 0.14117431640625 0.86737060546875
0.008392333984375 0.0171175003051758 -0.31658935546875 0.58172607421875
0.0348949432373047 0.0184116363525391 0.00460815429687499 0.0672798156738281
0.0280132293701172 0.0173549652099609 0.376922607421875 -0.537933349609375
0.02362060546875 -0.00276947021484375 -0.09124755859375 -0.9141845703125
-0.00180625915527344 -0.000346064567565918 -0.72076416015625 -0.35858154296875
0.00230741500854492 0.00419998168945313 -0.558319091796875 0.318511962890625
0.0187301635742188 -0.00561714172363281 -0.1224365234375 0.450531005859375
0.0117111206054688 -0.0117864608764648 0.223495483398437 0.2730712890625
0.0101099014282227 0.00285053253173828 0.330535888671875 -0.010498046875
0.0152921676635742 -0.0100927352905273 -0.32427978515625 -0.00683593750000001
0.0187740325927734 -0.0106086730957031 -0.210311889648438 -0.252288818359375
0.0344161987304687 -0.0171833038330078 0.15655517578125 -0.4305419921875
0.0213794708251953 0.0078582763671875 0.60272216796875 -0.2647705078125
-0.0322914123535156 0.0176029205322266 0.64459228515625 0.42987060546875
-0.0317821502685547 -0.0125713348388672 0.124755859375 0.86614990234375
0.00693893432617188 0.0209026336669922 -0.320556640625 0.57452392578125
0.0327987670898438 0.0194244384765625 0.0111122131347656 0.0607833862304687
0.0243282318115234 0.0178031921386719 0.374542236328125 -0.5469970703125
0.0213603973388672 0.000858306884765625 -0.1070556640625 -0.91265869140625
0.000483751296997071 0.00222706794738769 -0.7213134765625 -0.343505859375
0.00321269035339355 0.00198101997375488 -0.551116943359375 0.32763671875
0.0228118896484375 -0.00828170776367188 -0.114288330078125 0.45513916015625
0.0110511779785156 -0.013092041015625 0.223983764648438 0.270584106445313
0.00870752334594727 0.000224113464355469 0.329376220703125 -0.017059326171875
0.0157184600830078 -0.01806640625 -0.336395263671875 0.00122070312500001
0.00501537322998047 -0.000286579132080078 -0.226913452148437 -0.262115478515625
0.018951416015625 -0.00533294677734375 0.128631591796875 -0.444671630859375
0.00728797912597656 0.0163059234619141 0.58880615234375 -0.2923583984375
-0.0376701354980469 0.0103073120117187 0.67303466796875 0.3907470703125
-0.0273857116699219 -0.0477676391601562 0.1705322265625 0.849609375
0.0299911499023438 -0.0215187072753906 -0.3031005859375 0.57928466796875
0.0689468383789063 -0.010223388671875 0.00944137573242188 0.0649871826171875
0.0523109436035156 -0.0222892761230469 0.393280029296875 -0.540374755859375
0.0298004150390625 -0.0368804931640625 -0.0653686523437499 -0.92913818359375
-0.00567054748535157 -0.01043701171875 -0.71124267578125 -0.3818359375
-0.00888347625732422 0.0135793685913086 -0.5699462890625 0.30816650390625
0.00537443161010742 0.00224542617797852 -0.140655517578125 0.447723388671875
-0.00122189521789551 -0.00350713729858398 0.2171630859375 0.271453857421875
0.00570106506347656 -0.00777292251586914 0.328399658203125 -0.011016845703125
0.014216423034668 -0.0131502151489258 -0.3304443359375 0.006500244140625
0.00797939300537109 -0.00121068954467773 -0.2236328125 -0.256088256835938
0.0167512893676758 -0.00487422943115234 0.12738037109375 -0.446533203125
0.00570869445800781 0.0179615020751953 0.5831298828125 -0.29852294921875
-0.0390586853027344 0.0102691650390625 0.672607421875 0.38592529296875
-0.0271644592285156 -0.0466842651367188 0.17578125 0.8546142578125
0.0287609100341797 -0.0182304382324219 -0.30078125 0.59033203125
0.0677299499511719 -0.00655364990234375 0.00296783447265625 0.0720138549804687
0.0507431030273438 -0.0181159973144531 0.397247314453125 -0.53375244140625
0.0301589965820313 -0.0361251831054687 -0.05419921875 -0.93280029296875
-0.00687408447265625 -0.0117568969726563 -0.7073974609375 -0.39239501953125
-0.0105466842651367 0.0137910842895508 -0.57666015625 0.2987060546875
0.00310945510864258 0.00293731689453125 -0.14312744140625 0.444488525390625
0.00105881690979004 -0.00281834602355957 0.218460083007813 0.271408081054688
0.00673484802246094 -0.00223207473754883 0.3292236328125 -0.009613037109375
0.0140447616577148 -0.0101175308227539 -0.32745361328125 0.00891113281249994
0.0113582611083984 -0.00152969360351563 -0.221786499023437 -0.254501342773438
0.0173168182373047 -0.00526618957519531 0.127410888671875 -0.446380615234375
0.00613212585449219 0.0176849365234375 0.578857421875 -0.300537109375
-0.0385971069335938 0.010345458984375 0.6673583984375 0.3826904296875
-0.0276947021484375 -0.0425033569335937 0.17645263671875 0.853759765625
0.0256919860839844 -0.0133514404296875 -0.3016357421875 0.59442138671875
0.0626373291015625 -0.00167083740234375 -0.0013580322265625 0.0770721435546875
0.0464553833007813 -0.0123138427734375 0.396331787109375 -0.524932861328125
0.0287227630615234 -0.0314693450927734 -0.0502929687500001 -0.92633056640625
-0.00616264343261719 -0.00997638702392578 -0.7060546875 -0.3963623046875
-0.0112009048461914 0.0134429931640625 -0.5784912109375 0.29644775390625
0.00295805931091309 0.000962018966674805 -0.144317626953125 0.44366455078125
0.00386548042297363 -0.00431537628173828 0.221725463867187 0.274444580078125
0.00574207305908203 -6.866455078125E-05 0.334259033203125 -0.005462646484375
0.0134029388427734 -0.00655937194824219 -0.3253173828125 0.00854492187500001
0.0140275955200195 -0.00367069244384766 -0.217361450195312 -0.25140380859375
0.0191841125488281 -0.00671195983886719 0.128753662109375 -0.446868896484375
0.00706958770751953 0.0168256759643555 0.57952880859375 -0.30023193359375
-0.0366172790527344 0.012603759765625 0.66754150390625 0.38531494140625
-0.0290069580078125 -0.0361137390136719 0.17608642578125 0.85906982421875
0.0226478576660156 -0.00437736511230469 -0.30450439453125 0.59918212890625
0.0550460815429688 0.00449371337890625 -0.00304412841796875 0.0783767700195313
0.0445594787597656 -0.00429153442382813 0.392303466796875 -0.523162841796875
0.0278110504150391 -0.0250701904296875 -0.0533447265625 -0.92523193359375
-0.00614452362060547 -0.00845670700073242 -0.71075439453125 -0.39495849609375
-0.00949287414550781 0.0114784240722656 -0.5794677734375 0.29681396484375
0.00473976135253906 -0.000676631927490235 -0.140472412109375 0.445465087890625
0.0056610107421875 -0.00514984130859375 0.223892211914063 0.277252197265625
0.00976467132568359 0.00454902648925781 0.335113525390625 -0.00408935546875
0.0147151947021484 -0.00666713714599609 -0.3228759765625 0.00830078125000006
0.0167245864868164 -0.00524330139160156 -0.2158203125 -0.25177001953125
0.0219497680664063 -0.0102882385253906 0.134796142578125 -0.442474365234375
0.010106086730957 0.0132379531860352 0.5816650390625 -0.29400634765625
-0.0368728637695313 0.0134086608886719 0.6617431640625 0.39349365234375
-0.0294704437255859 -0.0299911499023438 0.1639404296875 0.86358642578125
0.0166425704956055 0.00345230102539063 -0.30950927734375 0.5980224609375
0.0468864440917969 0.0107765197753906 -0.00279998779296875 0.0781707763671875
0.0378875732421875 0.00370025634765625 0.391387939453125 -0.52276611328125
0.0265045166015625 -0.0177268981933594 -0.060791015625 -0.919677734375
-0.0044093132019043 -0.00615453720092773 -0.7109375 -0.38897705078125
-0.00641536712646484 0.00984287261962891 -0.57525634765625 0.299072265625
0.00754165649414062 -0.00249385833740234 -0.137481689453125 0.44610595703125
0.00881767272949219 -0.00799465179443359 0.224685668945313 0.277603149414063
0.00995731353759766 0.00533866882324219 0.335906982421875 -0.00469970703125
0.014124870300293 -0.00663185119628906 -0.32342529296875 0.00292968750000007
0.0180988311767578 -0.00745010375976563 -0.214508056640625 -0.25146484375
0.0259685516357422 -0.0130195617675781 0.141845703125 -0.441558837890625
0.0122385025024414 0.011744499206543 0.589599609375 -0.28466796875
-0.0349445343017578 0.0155963897705078 0.66015625 0.40606689453125
-0.0305538177490234 -0.022735595703125 0.15521240234375 0.86749267578125
0.0125131607055664 0.0116777420043945 -0.3140869140625 0.593017578125
0.0402374267578125 0.0154685974121094 -0.000152587890624998 0.0746994018554688
0.0321884155273438 0.0106105804443359 0.38446044921875 -0.53033447265625
0.02508544921875 -0.0101280212402344 -0.0758056640624999 -0.921875
-0.0034797191619873 -0.00305891036987305 -0.716552734375 -0.3751220703125
-0.00324630737304688 0.00656509399414063 -0.56951904296875 0.30767822265625
0.0128011703491211 -0.0045623779296875 -0.130889892578125 0.450408935546875
0.0105218887329102 -0.00926399230957031 0.225357055664062 0.278854370117188
0.0107545852661133 0.0047607421875 0.33502197265625 -0.006744384765625
0.0143918991088867 -0.00730705261230469 -0.32391357421875 -0.00204467773437505
0.0192050933837891 -0.00838088989257813 -0.213592529296875 -0.251358032226563
0.0304298400878906 -0.0170307159423828 0.150634765625 -0.43731689453125
0.0174064636230469 0.00979995727539063 0.59844970703125 -0.2760009765625
-0.0334815979003906 0.0175895690917969 0.65692138671875 0.420654296875
-0.0308494567871094 -0.0157737731933594 0.139404296875 0.87078857421875
0.00762748718261719 0.0178012847900391 -0.3193359375 0.58477783203125
0.0348129272460938 0.0185718536376953 0.00505447387695313 0.0690689086914063
0.027801513671875 0.0163116455078125 0.3792724609375 -0.537933349609375
0.0228900909423828 -0.00401687622070313 -0.09075927734375 -0.91925048828125
-0.0022130012512207 -0.00117063522338867 -0.72210693359375 -0.361083984375
0.000490903854370117 0.00385165214538574 -0.56268310546875 0.31781005859375
0.0185203552246094 -0.00737953186035156 -0.123321533203125 0.453704833984375
0.0111112594604492 -0.0121250152587891 0.22674560546875 0.275741577148438
0.0101785659790039 0.00361251831054687 0.333984375 -0.012176513671875
0.0160636901855469 -0.0104618072509766 -0.32562255859375 -0.00592041015624993
0.0186557769775391 -0.0105495452880859 -0.213165283203125 -0.252517700195312
0.0342807769775391 -0.018402099609375 0.156768798828125 -0.43231201171875
0.0220165252685547 0.00649070739746094 0.60626220703125 -0.26641845703125
-0.0333786010742188 0.0180683135986328 0.649169921875 0.43267822265625
-0.031646728515625 -0.0128269195556641 0.1259765625 0.87213134765625
0.00567436218261719 0.0211830139160156 -0.32421875 0.5787353515625
0.0319747924804688 0.0189399719238281 0.0117835998535156 0.0617942810058594
0.0252876281738281 0.0189857482910156 0.375213623046875 -0.547882080078125
0.0222454071044922 0.000501632690429687 -0.107177734375 -0.9168701171875
0.000654339790344238 0.00169408321380615 -0.7230224609375 -0.34515380859375
0.00368762016296387 0.00194931030273438 -0.55340576171875 0.32781982421875
0.0217666625976562 -0.00882911682128906 -0.11517333984375 0.4576416015625
0.011347770690918 -0.0134601593017578 0.2255859375 0.272171020507813
0.00954532623291016 0.00048828125 0.3310546875 -0.017822265625
0.0154533386230469 -0.0177745819091797 -0.338958740234375 0.00241088867187494
0.00547933578491211 0.000512599945068359 -0.22900390625 -0.261459350585938
0.01885986328125 -0.00534439086914062 0.131134033203125 -0.4481201171875
0.00680351257324219 0.0177440643310547 0.5921630859375 -0.29583740234375
-0.0363426208496094 0.0110511779785156 0.6795654296875 0.39251708984375
-0.0258216857910156 -0.0482215881347656 0.1717529296875 0.8529052734375
0.0308780670166016 -0.0204334259033203 -0.30328369140625 0.58404541015625
0.0699234008789063 -0.00997161865234375 0.009765625 0.0661163330078125
0.052276611328125 -0.0230751037597656 0.3948974609375 -0.5430908203125
0.029998779296875 -0.0374679565429688 -0.0657348632812499 -0.93438720703125
-0.00518417358398438 -0.00995349884033203 -0.71405029296875 -0.38397216796875
-0.00856494903564453 0.0123071670532227 -0.572998046875 0.30889892578125
0.00517749786376953 0.00287246704101563 -0.14013671875 0.449462890625
-0.00137138366699219 -0.00379586219787598 0.2208251953125 0.271224975585938
0.00501251220703125 -0.00754356384277344 0.330657958984375 -0.012969970703125
0.0146989822387695 -0.0132303237915039 -0.33233642578125 0.00643920898437497
0.00811958312988281 -0.000998973846435547 -0.22564697265625 -0.257797241210937
0.0164051055908203 -0.0052947998046875 0.126220703125 -0.44708251953125
0.00601100921630859 0.0174264907836914 0.58807373046875 -0.30072021484375
-0.0377845764160156 0.0104408264160156 0.6768798828125 0.3880615234375
-0.0269279479980469 -0.0473442077636719 0.1763916015625 0.8568115234375
0.0294246673583984 -0.0178012847900391 -0.30413818359375 0.59417724609375
0.0675201416015625 -0.0064849853515625 0.00283813476562501 0.072479248046875
0.0519790649414062 -0.0193138122558594 0.398681640625 -0.53582763671875
0.0299186706542969 -0.0345134735107422 -0.05426025390625 -0.9376220703125
-0.007659912109375 -0.0104894638061523 -0.7117919921875 -0.39581298828125
-0.0103397369384766 0.0130138397216797 -0.5791015625 0.30059814453125
0.0030057430267334 0.00322413444519043 -0.143829345703125 0.4468994140625
0.00157928466796875 -0.00386691093444824 0.2216796875 0.271530151367188
0.00668954849243164 -0.00209522247314453 0.33099365234375 -0.0098876953125
0.013524055480957 -0.00953006744384766 -0.33062744140625 0.010498046875
0.0113964080810547 -0.00123405456542969 -0.2227783203125 -0.255172729492188
0.0172567367553711 -0.00578403472900391 0.12493896484375 -0.448333740234375
0.0049591064453125 0.0164155960083008 0.58172607421875 -0.30328369140625
-0.0383377075195313 0.011077880859375 0.672607421875 0.38238525390625
-0.027557373046875 -0.0420417785644531 0.1781005859375 0.85906982421875
0.0270233154296875 -0.0118446350097656 -0.3048095703125 0.59893798828125
0.0621337890625 -0.0023193359375 -0.00215911865234374 0.0782470703125
0.0473899841308594 -0.013519287109375 0.398468017578125 -0.526611328125
0.0301494598388672 -0.0316200256347656 -0.05126953125 -0.93310546875
-0.00690269470214844 -0.0106534957885742 -0.7109375 -0.397705078125
-0.00981330871582031 0.0138015747070313 -0.581787109375 0.29766845703125
0.000755071640014648 0.00304126739501953 -0.144683837890625 0.447357177734375
0.00380206108093262 -0.00395655632019043 0.224884033203125 0.277130126953125
0.00670433044433594 0.0015559196472168 0.33514404296875 -0.006256103515625
0.0139780044555664 -0.00629425048828125 -0.32672119140625 0.00985717773437504
0.0145959854125977 -0.00247573852539063 -0.2203369140625 -0.252761840820313
0.0174150466918945 -0.00743675231933594 0.130279541015625 -0.448089599609375
0.00669002532958984 0.0161371231079102 0.5833740234375 -0.30230712890625
-0.037933349609375 0.0126075744628906 0.6746826171875 0.387451171875
-0.0296859741210938 -0.0361747741699219 0.1768798828125 0.86163330078125
0.0224533081054688 -0.00449943542480469 -0.30584716796875 0.602783203125
0.0562973022460938 0.00367355346679688 -0.00359344482421874 0.0793685913085937
0.0444068908691406 -0.00614547729492188 0.396728515625 -0.5257568359375
0.0279998779296875 -0.0257625579833984 -0.0550537109375 -0.93072509765625
-0.00617074966430664 -0.00785541534423828 -0.71319580078125 -0.39599609375
-0.00947189331054688 0.0105791091918945 -0.58221435546875 0.29852294921875
0.00500202178955078 -0.000390052795410156 -0.142822265625 0.4483642578125
0.00702714920043945 -0.00616931915283203 0.227096557617188 0.279129028320313
0.00915336608886719 0.00523471832275391 0.336456298828125 -0.00433349609375
0.0142536163330078 -0.00415706634521484 -0.32666015625 0.00830078125000002
0.0168485641479492 -0.00403594970703125 -0.217910766601562 -0.251129150390625
0.0212154388427734 -0.01116943359375 0.13494873046875 -0.444976806640625
0.0100793838500977 0.0137920379638672 0.58697509765625 -0.29583740234375
-0.0367355346679688 0.0141029357910156 0.66619873046875 0.39630126953125
-0.0290508270263672 -0.0303001403808594 0.1654052734375 0.86767578125
0.0169601440429688 0.00491142272949219 -0.31170654296875 0.601318359375
0.0476799011230469 0.00973129272460938 -0.0023345947265625 0.0797042846679688
0.0357208251953125 0.004638671875 0.3941650390625 -0.52655029296875
0.0255203247070313 -0.0174102783203125 -0.0612792968750001 -0.92755126953125
-0.0049901008605957 -0.00554752349853516 -0.71624755859375 -0.3887939453125
-0.00679159164428711 0.00840044021606445 -0.57891845703125 0.30352783203125
0.00891876220703125 -0.00225067138671875 -0.138916015625 0.450042724609375
0.00833463668823242 -0.00673675537109375 0.227203369140625 0.2786865234375
0.00932693481445313 0.00588417053222656 0.337646484375 -0.006805419921875
0.0147476196289062 -0.00522041320800781 -0.32598876953125 0.00363159179687505
0.017521858215332 -0.00678825378417969 -0.21551513671875 -0.250213623046875
0.0246086120605469 -0.0156097412109375 0.14031982421875 -0.443115234375
0.0129785537719727 0.011164665222168 0.59210205078125 -0.28936767578125
-0.0354194641113281 0.0164909362792969 0.66412353515625 0.40869140625
-0.0313835144042969 -0.0208225250244141 0.1553955078125 0.8741455078125
0.0125961303710938 0.0123691558837891 -0.31634521484375 0.59661865234375
0.0404815673828125 0.0152053833007813 -0.000648498535156254 0.0763015747070313
0.0325374603271484 0.0109500885009766 0.385955810546875 -0.530914306640625
0.0253734588623047 -0.0101737976074219 -0.07757568359375 -0.92474365234375
-0.0038142204284668 -0.00412821769714355 -0.71966552734375 -0.37774658203125
-0.00389289855957031 0.00627708435058594 -0.573974609375 0.31024169921875
0.0130138397216797 -0.00383949279785156 -0.131561279296875 0.452789306640625
0.010432243347168 -0.00984001159667969 0.227630615234375 0.278823852539063
0.0107955932617188 0.00448322296142578 0.337249755859375 -0.007843017578125
0.0142488479614258 -0.00726318359375 -0.326568603515625 -0.000854492187499962
0.0177097320556641 -0.00825119018554688 -0.215057373046875 -0.252700805664063
0.0296955108642578 -0.0172843933105469 0.15185546875 -0.439971923828125
0.0164108276367188 0.00849723815917969 0.60223388671875 -0.2789306640625
-0.0336265563964844 0.0170326232910156 0.6585693359375 0.42120361328125
-0.0305805206298828 -0.0155200958251953 0.13909912109375 0.87567138671875
0.00999832153320313 0.0180587768554688 -0.322021484375 0.59124755859375
0.0348720550537109 0.0186843872070313 0.00536346435546875 0.0697784423828125
0.0282154083251953 0.0157508850097656 0.381500244140625 -0.540618896484375
0.0227642059326172 -0.00401687622070313 -0.09326171875 -0.92529296875
-0.0012739896774292 -6.11543655395509E-05 -0.725830078125 -0.36328125
0.00110769271850586 0.00258135795593262 -0.56402587890625 0.31988525390625
0.0182075500488281 -0.00753402709960938 -0.124298095703125 0.457275390625
0.0110607147216797 -0.010096549987793 0.229736328125 0.277069091796875
0.00985050201416016 0.000756263732910156 0.3353271484375 -0.0123291015625
0.016510009765625 -0.00961589813232422 -0.3282470703125 -0.00500488281249996
0.0180644989013672 -0.00990676879882813 -0.215255737304687 -0.252532958984375
0.0344161987304688 -0.0190963745117188 0.158966064453125 -0.4344482421875
0.0212326049804687 0.00707054138183594 0.6107177734375 -0.2677001953125
-0.0324802398681641 0.0189208984375 0.653564453125 0.43450927734375
-0.0321025848388672 -0.0112857818603516 0.12603759765625 0.87811279296875
0.00668716430664063 0.0217685699462891 -0.32635498046875 0.581787109375
0.0306587219238281 0.0179672241210938 0.0109062194824219 0.0620803833007813
0.0250568389892578 0.0186672210693359 0.377044677734375 -0.551300048828125
0.0220775604248047 0.000329971313476562 -0.1087646484375 -0.9224853515625
0.000239402055740356 0.000476717948913574 -0.728759765625 -0.34814453125
0.00502538681030273 0.000702381134033203 -0.5562744140625 0.330780029296875
0.0218029022216797 -0.00814628601074219 -0.116729736328125 0.459381103515625
0.0101861953735352 -0.0142049789428711 0.227813720703125 0.274703979492188
0.0109853744506836 -0.000139236450195312 0.332916259765625 -0.01806640625
0.0164670944213867 -0.0169210433959961 -0.342041015625 0.00311279296874996
0.00317168235778809 0.000890731811523438 -0.2298583984375 -0.261672973632813
0.0176296234130859 -0.00584602355957031 0.128265380859375 -0.452484130859375
0.00690650939941406 0.0165805816650391 0.5955810546875 -0.30035400390625
-0.0384025573730469 0.0109901428222656 0.68438720703125 0.3934326171875
-0.0266609191894531 -0.047760009765625 0.1739501953125 0.86077880859375
0.0315380096435547 -0.0222320556640625 -0.30609130859375 0.58795166015625
0.0697822570800781 -0.0104217529296875 0.0079803466796875 0.0672035217285156
0.0512199401855469 -0.0225944519042969 0.398101806640625 -0.546722412109375
0.030731201171875 -0.0372886657714844 -0.0682983398437499 -0.94146728515625
-0.00585746765136719 -0.0110530853271484 -0.72021484375 -0.385498046875
-0.00951194763183594 0.0130395889282227 -0.57769775390625 0.31298828125
0.00543212890625 0.00125551223754883 -0.1419677734375 0.452545166015625
-0.000273227691650391 -0.00447463989257813 0.223312377929688 0.274215698242188
0.0065159797668457 -0.00779342651367188 0.33380126953125 -0.013580322265625
0.0141429901123047 -0.0120296478271484 -0.334014892578125 0.00979614257812502
0.0076904296875 0.00117397308349609 -0.2294921875 -0.258041381835937
0.0155220031738281 -0.00562763214111328 0.125396728515625 -0.451324462890625
0.00471782684326172 0.016352653503418 0.5909423828125 -0.304931640625
-0.0389442443847656 0.0109367370605469 0.6834716796875 0.39013671875
-0.0281448364257813 -0.0449409484863281 0.1795654296875 0.86700439453125
0.0293064117431641 -0.0181655883789063 -0.30474853515625 0.6011962890625
0.06787109375 -0.0064849853515625 0.00117492675781251 0.073516845703125
0.05145263671875 -0.02056884765625 0.40045166015625 -0.54083251953125
0.0304336547851562 -0.0375442504882813 -0.05670166015625 -0.9444580078125
-0.00736045837402344 -0.0118741989135742 -0.71697998046875 -0.4005126953125
-0.00944995880126953 0.0134944915771484 -0.583984375 0.304443359375
0.00255489349365234 0.00282478332519531 -0.1453857421875 0.451263427734375
0.000357151031494141 -0.00486278533935547 0.224533081054688 0.27154541015625
0.00766992568969727 -0.00277614593505859 0.334259033203125 -0.011627197265625
0.0161018371582031 -0.00914669036865234 -0.333953857421875 0.010650634765625
0.0104293823242188 0.00106430053710938 -0.226531982421875 -0.255142211914063
0.0166511535644531 -0.00694179534912109 0.124420166015625 -0.4505615234375
0.00671863555908203 0.0168695449829102 0.5853271484375 -0.309326171875
-0.0389022827148438 0.0126419067382812 0.679443359375 0.384033203125
-0.0297698974609375 -0.0424537658691406 0.17962646484375 0.86468505859375
0.0258846282958984 -0.0129318237304688 -0.30615234375 0.60565185546875
0.0613975524902344 -0.002655029296875 -0.00105285644531249 0.07806396484375
0.0487136840820312 -0.0130500793457031 0.40130615234375 -0.53045654296875
0.0283050537109375 -0.0313873291015625 -0.0508422851562499 -0.937255859375
-0.00693321228027344 -0.0112123489379883 -0.7169189453125 -0.398681640625
-0.0103073120117188 0.0121879577636719 -0.58673095703125 0.30059814453125
0.00205826759338379 0.00085151195526123 -0.14715576171875 0.450042724609375
0.0039680004119873 -0.00254297256469727 0.227020263671875 0.274993896484375
0.00884246826171875 5.43594360351563E-05 0.338165283203125 -0.00726318359375
0.0146036148071289 -0.005279541015625 -0.329010009765625 0.0125122070312501
0.0145931243896484 -0.00271320343017578 -0.22479248046875 -0.253875732421875
0.0173768997192383 -0.0088958740234375 0.129180908203125 -0.4522705078125
0.00739192962646484 0.0159702301025391 0.58587646484375 -0.307373046875
-0.036651611328125 0.0134468078613281 0.6807861328125 0.38739013671875
-0.0288238525390625 -0.0343379974365234 0.177734375 0.87042236328125
0.0239810943603516 -0.00489997863769531 -0.30694580078125 0.60882568359375
0.0540237426757813 0.00259780883789063 -0.00278472900390625 0.0810317993164063
0.0439300537109375 -0.0050048828125 0.3974609375 -0.52935791015625
0.0281524658203125 -0.0270881652832031 -0.05694580078125 -0.93511962890625
-0.00740814208984375 -0.00933551788330078 -0.71942138671875 -0.39617919921875
-0.00844764709472656 0.0117588043212891 -0.58636474609375 0.30169677734375
0.00411701202392578 0.000508546829223633 -0.144500732421875 0.451904296875
0.00547647476196289 -0.00639820098876953 0.229080200195313 0.280609130859375
0.00856304168701172 0.0038294792175293 0.3387451171875 -0.005462646484375
0.0133628845214844 -0.00563621520996094 -0.33026123046875 0.0111389160156249
0.0143327713012695 -0.00281906127929688 -0.221145629882813 -0.251449584960938
0.0204620361328125 -0.0109348297119141 0.134735107421875 -0.449066162109375
0.00937652587890625 0.0134134292602539 0.58966064453125 -0.3016357421875
-0.0378303527832031 0.0143470764160156 0.6767578125 0.3985595703125
-0.0303783416748047 -0.0270004272460938 0.168701171875 0.8743896484375
0.016972541809082 0.00640010833740234 -0.31280517578125 0.60614013671875
0.0482635498046875 0.00959396362304687 -0.00089263916015625 0.0798263549804688
0.0386543273925781 0.00298690795898438 0.39520263671875 -0.531402587890625
0.0255889892578125 -0.02020263671875 -0.0637207031249999 -0.93377685546875
-0.0046539306640625 -0.00674533843994141 -0.72210693359375 -0.3909912109375
-0.00866985321044922 0.00892353057861328 -0.58355712890625 0.3043212890625
0.0084385871887207 -0.00243902206420898 -0.1392822265625 0.450836181640625
0.00787734985351563 -0.00744867324829102 0.231903076171875 0.282135009765625
0.0098724365234375 0.00435638427734375 0.3404541015625 -0.0078125
0.0164299011230469 -0.00495052337646484 -0.329437255859375 0.00738525390624998
0.0169878005981445 -0.00636672973632813 -0.219253540039062 -0.251861572265625
0.0246772766113281 -0.0148468017578125 0.141754150390625 -0.445709228515625
0.013824462890625 0.010406494140625 0.59649658203125 -0.2921142578125
-0.035430908203125 0.01580810546875 0.67047119140625 0.408447265625
-0.0303153991699219 -0.0216331481933594 0.15704345703125 0.881103515625
0.0125026702880859 0.013519287109375 -0.31671142578125 0.602294921875
0.0399589538574219 0.0158348083496094 -0.000434875488281244 0.0753250122070313
0.0321559906005859 0.00962638854980469 0.388275146484375 -0.536041259765625
0.0246200561523438 -0.0109672546386719 -0.0811767578125 -0.93048095703125
-0.00408267974853516 -0.00505447387695312 -0.7249755859375 -0.37835693359375
-0.00377225875854492 0.0068049430847168 -0.5775146484375 0.31298828125
0.0114164352416992 -0.00452423095703125 -0.13250732421875 0.456878662109375
0.0108880996704102 -0.0102252960205078 0.233245849609375 0.27923583984375
0.00999355316162109 0.00411605834960937 0.341156005859375 -0.009063720703125
0.0170383453369141 -0.00627613067626953 -0.331207275390625 0.00042724609375001
0.0166492462158203 -0.00852584838867188 -0.219024658203125 -0.249954223632813
0.0296497344970703 -0.0195045471191406 0.152740478515625 -0.442626953125
0.017430305480957 0.00835990905761719 0.6063232421875 -0.28289794921875
-0.0344524383544922 0.0190143585205078 0.66534423828125 0.4227294921875
-0.030487060546875 -0.0154838562011719 0.14459228515625 0.8829345703125
0.00808334350585938 0.0190200805664063 -0.3238525390625 0.59588623046875
0.0332794189453125 0.0172672271728516 0.00404357910156251 0.0697555541992187
0.0274181365966797 0.0133323669433594 0.38250732421875 -0.546173095703125
0.0235118865966797 -0.00562667846679688 -0.09442138671875 -0.92987060546875
-0.00216758251190186 -0.000864863395690918 -0.7308349609375 -0.36505126953125
0.000545740127563476 0.00329756736755371 -0.56719970703125 0.32452392578125
0.0180034637451172 -0.00782012939453125 -0.123504638671875 0.46038818359375
0.00976181030273438 -0.0107631683349609 0.230880737304687 0.278533935546875
0.00973796844482422 0.00141716003417969 0.338226318359375 -0.013275146484375
0.0155858993530273 -0.00894737243652344 -0.331451416015625 -0.00354003906250005
0.0183906555175781 -0.00917816162109375 -0.217269897460938 -0.253448486328125
0.0327205657958984 -0.020172119140625 0.157867431640625 -0.4378662109375
0.0217189788818359 0.00604820251464844 0.61358642578125 -0.2735595703125
-0.0321540832519531 0.0192375183105469 0.65972900390625 0.43719482421875
-0.0316486358642578 -0.011688232421875 0.1263427734375 0.8829345703125
0.00623512268066406 0.0230712890625 -0.3275146484375 0.587158203125
0.0319938659667969 0.0181083679199219 0.0112648010253906 0.06329345703125
0.0247592926025391 0.0169620513916016 0.3785400390625 -0.555084228515625
0.0218906402587891 -0.000402450561523438 -0.11077880859375 -0.92742919921875
0.00186753273010254 0.00185108184814453 -0.7327880859375 -0.34796142578125
0.00407266616821289 0.000676393508911133 -0.559051513671875 0.332427978515625
0.0214138031005859 -0.00934219360351563 -0.117156982421875 0.4632568359375
0.011937141418457 -0.0133171081542969 0.23187255859375 0.274688720703125
0.00919532775878906 -0.000739097595214844 0.33563232421875 -0.02099609375
0.0160226821899414 -0.0165929794311523 -0.343994140625 0.00735473632812495
0.004486083984375 0.00165700912475586 -0.235504150390625 -0.262832641601563
0.0163145065307617 -0.00638675689697266 0.12689208984375 -0.45587158203125
0.00595664978027344 0.0160551071166992 0.5987548828125 -0.30499267578125
-0.03802490234375 0.0115203857421875 0.69091796875 0.39385986328125
-0.0271148681640625 -0.0475082397460937 0.17803955078125 0.86639404296875
0.0308876037597656 -0.0199966430664063 -0.3060302734375 0.596923828125
0.0698928833007813 -0.011688232421875 0.00860595703125001 0.0686607360839844
0.0518035888671875 -0.023956298828125 0.398712158203125 -0.55181884765625
0.0303840637207031 -0.0383110046386719 -0.07464599609375 -0.947998046875
-0.00570487976074219 -0.0115289688110352 -0.72650146484375 -0.3873291015625
-0.00884342193603515 0.0128412246704102 -0.58038330078125 0.3172607421875
0.0049290657043457 0.00212001800537109 -0.140228271484375 0.45831298828125
-0.00166201591491699 -0.00305032730102539 0.226654052734375 0.27264404296875
0.00662040710449219 -0.00952529907226563 0.3365478515625 -0.01580810546875
0.0145692825317383 -0.0129585266113281 -0.337310791015625 0.011505126953125
0.00792694091796875 0.000418186187744141 -0.231948852539063 -0.258193969726562
0.0158405303955078 -0.00568103790283203 0.123687744140625 -0.455291748046875
0.00498867034912109 0.0163707733154297 0.5948486328125 -0.31121826171875
-0.0387954711914063 0.0110588073730469 0.68988037109375 0.38800048828125
-0.0275306701660156 -0.0455513000488281 0.1861572265625 0.870849609375
0.0286159515380859 -0.0169601440429688 -0.3048095703125 0.60638427734375
0.067962646484375 -0.00806427001953125 0.00309753417968751 0.0748291015625
0.0516166687011719 -0.0202445983886719 0.39959716796875 -0.544921875
0.0286293029785156 -0.0371818542480469 -0.060546875 -0.9510498046875
-0.00695419311523438 -0.0113544464111328 -0.72381591796875 -0.40020751953125
-0.0103750228881836 0.0133199691772461 -0.58721923828125 0.30853271484375
0.00214123725891113 0.00314688682556152 -0.143402099609375 0.454010009765625
0.000909566879272461 -0.00351262092590332 0.22845458984375 0.274169921875
0.00616645812988281 -0.00386238098144531 0.336700439453125 -0.013336181640625
0.014286994934082 -0.00982189178466797 -0.336273193359375 0.014801025390625
0.0106868743896484 0.00106906890869141 -0.229751586914062 -0.2542724609375
0.0159683227539063 -0.00643444061279297 0.124481201171875 -0.455474853515625
0.00435256958007813 0.0166130065917969 0.588623046875 -0.3140869140625
-0.0391082763671875 0.0120697021484375 0.687744140625 0.38397216796875
-0.0290603637695313 -0.0414924621582031 0.1854248046875 0.8717041015625
0.0272216796875 -0.0103549957275391 -0.30712890625 0.61163330078125
0.0615653991699219 -0.00174713134765625 -0.00139617919921874 0.0796279907226563
0.0483016967773438 -0.0143699645996094 0.40142822265625 -0.536834716796875
0.0296611785888672 -0.0322837829589844 -0.0559082031249999 -0.9453125
-0.00733375549316406 -0.0109720230102539 -0.72247314453125 -0.39971923828125
-0.0107765197753906 0.0126333236694336 -0.588134765625 0.30670166015625
0.00207710266113281 0.00198423862457275 -0.145721435546875 0.4549560546875
0.0029299259185791 -0.00435495376586914 0.231719970703125 0.279098510742188
0.00772523880004883 0.000611782073974609 0.342132568359375 -0.01007080078125
0.014704704284668 -0.00535488128662109 -0.333648681640625 0.0144348144531251
0.0138683319091797 -0.00219154357910156 -0.2264404296875 -0.253250122070313
0.0176219940185547 -0.00861549377441406 0.127288818359375 -0.45684814453125
0.00734233856201172 0.015284538269043 0.58978271484375 -0.31292724609375
-0.03729248046875 0.01324462890625 0.68829345703125 0.3880615234375
-0.0288162231445313 -0.0353279113769531 0.18499755859375 0.875732421875
0.0226078033447266 -0.00335311889648437 -0.30926513671875 0.61492919921875
0.055450439453125 0.00359344482421875 -0.00363159179687499 0.0821990966796875
0.0441055297851563 -0.00622177124023438 0.39727783203125 -0.534332275390625
0.0284366607666016 -0.0258655548095703 -0.0616455078125001 -0.94342041015625
-0.00657272338867187 -0.00903606414794922 -0.72662353515625 -0.39959716796875
-0.00969123840332031 0.010371208190918 -0.58929443359375 0.30755615234375
0.00435066223144531 0.000341653823852539 -0.141998291015625 0.455291748046875
0.00612783432006836 -0.00577735900878906 0.233169555664063 0.2801513671875
0.00931262969970703 0.00348567962646484 0.341705322265625 -0.008819580078125
0.0144577026367188 -0.00417041778564453 -0.331329345703125 0.01171875
0.0162544250488281 -0.00499248504638672 -0.224090576171875 -0.250991821289063
0.0212345123291016 -0.0111293792724609 0.13397216796875 -0.452392578125
0.00999546051025391 0.0122318267822266 0.59442138671875 -0.30718994140625
-0.0367851257324219 0.015777587890625 0.6798095703125 0.396240234375
-0.0288791656494141 -0.0279159545898438 0.17474365234375 0.8795166015625
0.0188388824462891 0.00482368469238281 -0.31317138671875 0.613525390625
0.0472450256347656 0.00838470458984375 -0.003509521484375 0.0815582275390625
0.0385284423828125 0.0015411376953125 0.396453857421875 -0.53314208984375
0.026458740234375 -0.0184116363525391 -0.0666503906249999 -0.94122314453125
-0.00573825836181641 -0.0073542594909668 -0.72882080078125 -0.3907470703125
-0.00683259963989258 0.00783538818359375 -0.5843505859375 0.3099365234375
0.00734758377075195 -0.00164270401000977 -0.138031005859375 0.4560546875
0.00865840911865234 -0.00751733779907226 0.2344970703125 0.280014038085938
0.0109262466430664 0.00471401214599609 0.34228515625 -0.009735107421875
0.0149641036987305 -0.00565338134765625 -0.332855224609375 0.00802612304687504
0.017303466796875 -0.00703048706054688 -0.22235107421875 -0.25103759765625
0.0225486755371094 -0.0151996612548828 0.14141845703125 -0.45111083984375
0.013214111328125 0.00959205627441406 0.59967041015625 -0.29864501953125
-0.03509521484375 0.0175800323486328 0.67767333984375 0.40911865234375
-0.0314483642578125 -0.0209522247314453 0.1629638671875 0.88580322265625
0.012700080871582 0.0130224227905273 -0.3189697265625 0.6104736328125
0.0399436950683594 0.0142402648925781 -0.00052642822265624 0.0778884887695313
0.0328445434570313 0.00993728637695313 0.389801025390625 -0.541595458984375
0.0247077941894531 -0.0103359222412109 -0.0828247070312501 -0.93963623046875
-0.00359702110290527 -0.00371909141540527 -0.73297119140625 -0.37969970703125
-0.00328969955444336 0.00541830062866211 -0.57879638671875 0.31866455078125
0.0121698379516602 -0.00450420379638672 -0.132080078125 0.461029052734375
0.00982475280761719 -0.00975418090820313 0.235565185546875 0.281143188476562
0.0109987258911133 0.00352573394775391 0.3426513671875 -0.01165771484375
0.0156974792480469 -0.00619316101074219 -0.332275390625 0.002349853515625
0.0176620483398438 -0.00770950317382812 -0.221664428710937 -0.251434326171875
0.028472900390625 -0.0181560516357422 0.14862060546875 -0.447479248046875
0.0172805786132812 0.00792217254638672 0.607421875 -0.28778076171875
-0.0329399108886719 0.0200576782226562 0.67236328125 0.4234619140625
-0.0316543579101563 -0.0140132904052734 0.14727783203125 0.88885498046875
0.00917816162109375 0.0198287963867187 -0.32379150390625 0.60162353515625
0.0342769622802734 0.0170269012451172 0.0042724609375 0.0712203979492188
0.0280170440673828 0.0148544311523437 0.383697509765625 -0.549530029296875
0.0234909057617188 -0.00406074523925781 -0.0995483398437501 -0.93511962890625
-0.00242376327514648 -7.79628753662105E-05 -0.7374267578125 -0.36553955078125
-0.000379323959350586 0.00257587432861328 -0.572509765625 0.330078125
0.0163936614990234 -0.00684165954589844 -0.124847412109375 0.464324951171875
0.0110149383544922 -0.0112018585205078 0.236724853515625 0.2791748046875
0.0115756988525391 0.00226116180419922 0.340545654296875 -0.01788330078125
0.0181484222412109 -0.00929832458496094 -0.334564208984375 -0.00115966796875005
0.0179805755615234 -0.00796699523925781 -0.2197265625 -0.253158569335938
0.0322475433349609 -0.020263671875 0.156097412109375 -0.44268798828125
0.0209522247314453 0.00505256652832031 0.61761474609375 -0.2786865234375
-0.0322856903076172 0.0206394195556641 0.66729736328125 0.4366455078125
-0.0319232940673828 -0.0104618072509766 0.1318359375 0.89141845703125
0.00714111328125 0.0232791900634766 -0.32977294921875 0.59271240234375
0.0316886901855469 0.0183658599853516 0.0114860534667969 0.0649032592773437
0.0249099731445312 0.0175743103027344 0.379364013671875 -0.560211181640625
0.0219898223876953 -0.000211715698242187 -0.11529541015625 -0.935546875
0.000141620635986328 0.00121545791625977 -0.7406005859375 -0.34881591796875
0.004180908203125 5.7220458984375E-05 -0.562225341796875 0.33892822265625
0.0208511352539063 -0.00923538208007813 -0.117431640625 0.466552734375
0.0099954605102539 -0.0136928558349609 0.235702514648438 0.276199340820313
0.0112848281860352 -0.00165081024169922 0.337738037109375 -0.023529052734375
0.0162343978881836 -0.0170450210571289 -0.34747314453125 0.00970458984375004
0.00356125831604004 0.000990152359008789 -0.2393798828125 -0.26171875
0.0157670974731445 -0.00695228576660156 0.124908447265625 -0.46026611328125
0.00539875030517578 0.0152835845947266 0.6026611328125 -0.31268310546875
-0.037353515625 0.012420654296875 0.7001953125 0.392822265625
-0.0268020629882813 -0.0468940734863281 0.184326171875 0.8724365234375
0.03118896484375 -0.0203571319580078 -0.3070068359375 0.60369873046875
0.068817138671875 -0.0125274658203125 0.00862884521484376 0.0696029663085938
0.0514564514160156 -0.0251617431640625 0.39837646484375 -0.55792236328125
0.0296745300292969 -0.039459228515625 -0.07818603515625 -0.95416259765625
-0.00649261474609375 -0.0108251571655273 -0.73419189453125 -0.38616943359375
-0.00955009460449219 0.0126256942749023 -0.5848388671875 0.321044921875
0.00425910949707031 0.00200080871582031 -0.139434814453125 0.461639404296875
-0.0010221004486084 -0.00253891944885254 0.229690551757812 0.2740478515625
0.00645780563354492 -0.00852870941162109 0.33880615234375 -0.0191650390625
0.0151042938232422 -0.0124454498291016 -0.34124755859375 0.015045166015625
0.00737619400024414 0.000239849090576172 -0.236541748046875 -0.257034301757813
0.014399528503418 -0.00579643249511719 0.12310791015625 -0.46099853515625
0.00537014007568359 0.0169591903686523 0.59527587890625 -0.31646728515625
-0.0392494201660156 0.0127525329589844 0.697998046875 0.3883056640625
-0.0275611877441406 -0.0443344116210938 0.19085693359375 0.87835693359375
0.0296688079833984 -0.0168724060058594 -0.30523681640625 0.61553955078125
0.0666427612304687 -0.00909042358398438 0.00348663330078125 0.0759506225585938
0.0510520935058594 -0.0225715637207031 0.400726318359375 -0.551910400390625
0.0295982360839844 -0.0378074645996094 -0.0669555664062501 -0.9595947265625
-0.00795841217041016 -0.0128622055053711 -0.73187255859375 -0.39801025390625
-0.0104598999023438 0.0124797821044922 -0.5889892578125 0.31341552734375
0.00130724906921387 0.00383639335632324 -0.143951416015625 0.459228515625
0.000869274139404297 -0.00306129455566406 0.233489990234375 0.27447509765625
0.00761651992797852 -0.00395774841308594 0.339080810546875 -0.015899658203125
0.014984130859375 -0.00850486755371094 -0.34051513671875 0.01812744140625
0.010991096496582 0.000763893127441406 -0.234390258789062 -0.255447387695313
0.0150346755981445 -0.0064697265625 0.121673583984375 -0.460662841796875
0.00498867034912109 0.0165090560913086 0.5906982421875 -0.31982421875
-0.0377769470214844 0.0135498046875 0.6978759765625 0.38427734375
-0.02825927734375 -0.0402908325195312 0.1904296875 0.87835693359375
0.0274257659912109 -0.0111179351806641 -0.30816650390625 0.61822509765625
0.0625381469726563 -0.00468826293945313 -0.0021209716796875 0.0809860229492187
0.0492973327636719 -0.0141868591308594 0.40228271484375 -0.541229248046875
0.0289096832275391 -0.0335979461669922 -0.06121826171875 -0.953369140625
-0.0077972412109375 -0.0115938186645508 -0.7291259765625 -0.39996337890625
-0.0120420455932617 0.0121088027954102 -0.59259033203125 0.31036376953125
0.0015493631362915 0.00164806842803955 -0.143890380859375 0.458526611328125
0.00310063362121582 -0.0033113956451416 0.235321044921875 0.27838134765625
0.00847864151000977 -0.000386238098144531 0.34332275390625 -0.012420654296875
0.0145864486694336 -0.00535011291503906 -0.336090087890625 0.017120361328125
0.0130138397216797 -0.00135421752929688 -0.23016357421875 -0.252349853515625
0.0164022445678711 -0.00890064239501953 0.12371826171875 -0.46142578125
0.00591945648193359 0.0154275894165039 0.59271240234375 -0.3211669921875
-0.0383491516113281 0.0140571594238281 0.69525146484375 0.3868408203125
-0.0297832489013672 -0.0347385406494141 0.1888427734375 0.88397216796875
0.0227985382080078 -0.0032501220703125 -0.30889892578125 0.62310791015625
0.0554695129394531 0.0033416748046875 -0.00381469726562501 0.0834884643554688
0.0441741943359375 -0.0070037841796875 0.398712158203125 -0.54046630859375
0.0286521911621094 -0.0274772644042969 -0.0670776367187501 -0.9508056640625
-0.00722789764404297 -0.00911617279052734 -0.73236083984375 -0.39837646484375
-0.00983619689941406 0.0103168487548828 -0.5921630859375 0.31121826171875
0.0037071704864502 0.000845670700073242 -0.142120361328125 0.459564208984375
0.00577497482299805 -0.00577640533447266 0.238113403320312 0.280410766601563
0.0093698501586914 0.00317001342773437 0.344940185546875 -0.01190185546875
0.0153017044067383 -0.00409889221191406 -0.333831787109375 0.0153198242187499
0.0156049728393555 -0.00378894805908203 -0.22821044921875 -0.25103759765625
0.0194358825683594 -0.0126571655273438 0.129669189453125 -0.45770263671875
0.00892066955566406 0.0121326446533203 0.59521484375 -0.31103515625
-0.0365982055664063 0.0170516967773437 0.68817138671875 0.3961181640625
-0.0307769775390625 -0.027557373046875 0.18096923828125 0.885498046875
0.0186710357666016 0.00559425354003906 -0.315185546875 0.61944580078125
0.047149658203125 0.00743484497070313 -0.00244140625 0.0821609497070313
0.0379219055175781 0.00225830078125 0.395751953125 -0.540191650390625
0.0266513824462891 -0.0189914703369141 -0.0723266601562501 -0.94805908203125
-0.00554704666137695 -0.00698280334472656 -0.7353515625 -0.39117431640625
-0.00656270980834961 0.00844573974609375 -0.58941650390625 0.315673828125
0.00654363632202148 -0.00213336944580078 -0.135284423828125 0.460479736328125
0.00800943374633789 -0.00652694702148438 0.240234375 0.281463623046875
0.0105867385864258 0.00375747680664063 0.34564208984375 -0.011810302734375
0.0153360366821289 -0.00484466552734375 -0.334991455078125 0.010467529296875
0.0176677703857422 -0.00533294677734375 -0.226470947265625 -0.250885009765625
0.0232295989990234 -0.0162410736083984 0.139434814453125 -0.456329345703125
0.0127630233764648 0.00962734222412109 0.6024169921875 -0.3048095703125
-0.0350017547607422 0.01751708984375 0.6875 0.408203125
-0.0319080352783203 -0.0204620361328125 0.1669921875 0.8951416015625
0.0134487152099609 0.0141544342041016 -0.31805419921875 0.6180419921875
0.0397453308105469 0.0135536193847656 -6.86645507812469E-05 0.0785293579101563
0.0325584411621094 0.0081939697265625 0.389892578125 -0.547576904296875
0.0242748260498047 -0.0119247436523438 -0.0908203124999999 -0.946044921875
-0.00379323959350586 -0.0033268928527832 -0.73974609375 -0.3798828125
-0.003753662109375 0.00471782684326172 -0.58331298828125 0.32415771484375
0.0121688842773438 -0.00498485565185547 -0.12957763671875 0.464630126953125
0.0107316970825195 -0.00985622406005859 0.240386962890625 0.281982421875
0.0112800598144531 0.00390815734863281 0.34588623046875 -0.014984130859375
0.016021728515625 -0.00643444061279297 -0.336181640625 0.00582885742187496
0.0175666809082031 -0.00760841369628906 -0.225311279296875 -0.252197265625
0.0272579193115234 -0.0192279815673828 0.148345947265625 -0.45147705078125
0.0155925750732422 0.00648689270019531 0.61041259765625 -0.2957763671875
-0.0339145660400391 0.0200252532958984 0.68133544921875 0.42218017578125
-0.0317344665527344 -0.0128746032714844 0.15362548828125 0.89434814453125
0.00978469848632813 0.0201282501220703 -0.32501220703125 0.60943603515625
0.0342006683349609 0.0162200927734375 0.00531768798828126 0.0730361938476563
0.0282306671142578 0.0143585205078125 0.384796142578125 -0.55584716796875
0.0230255126953125 -0.0049285888671875 -0.1055908203125 -0.94366455078125
-0.00271940231323242 -0.000766277313232422 -0.74566650390625 -0.36376953125
0.000430822372436523 0.00193595886230469 -0.5745849609375 0.3331298828125
0.0169744491577148 -0.00650978088378906 -0.121490478515625 0.466461181640625
0.0105781555175781 -0.011143684387207 0.239898681640625 0.2801513671875
0.0110311508178711 0.00267505645751953 0.343475341796875 -0.01934814453125
0.0172262191772461 -0.00936603546142578 -0.337554931640625 0.00241088867187495
0.0177288055419922 -0.00961875915527344 -0.223724365234375 -0.252471923828125
0.0314235687255859 -0.0209197998046875 0.155059814453125 -0.446441650390625
0.0206565856933594 0.00468635559082031 0.6199951171875 -0.28466796875
-0.0325450897216797 0.0210285186767578 0.67645263671875 0.4346923828125
-0.0319805145263672 -0.00929641723632813 0.13751220703125 0.8985595703125
0.00709724426269531 0.0236740112304688 -0.32958984375 0.60009765625
0.0309944152832031 0.0180187225341797 0.0110549926757813 0.0647315979003906
0.0250682830810547 0.0166530609130859 0.3798828125 -0.566650390625
0.0221157073974609 -0.000833511352539063 -0.12249755859375 -0.9412841796875
-2.39610671997072E-05 0.00174009799957275 -0.7469482421875 -0.3477783203125
0.00348162651062012 -0.000511407852172852 -0.56427001953125 0.34368896484375
0.0213356018066406 -0.00967025756835938 -0.1158447265625 0.47125244140625
0.00990486145019531 -0.0137624740600586 0.239486694335938 0.277252197265625
0.0100774765014648 -0.00178813934326172 0.34033203125 -0.027130126953125
0.0169839859008789 -0.0163631439208984 -0.351226806640625 0.0135803222656251
0.00410056114196777 0.00219345092773438 -0.243270874023438 -0.261093139648438
0.0160379409790039 -0.00669384002685547 0.121734619140625 -0.463897705078125
0.00562381744384766 0.014124870300293 0.60394287109375 -0.32122802734375
-0.0379905700683594 0.0129356384277344 0.7091064453125 0.39013671875
-0.027374267578125 -0.0456047058105469 0.1923828125 0.87774658203125
0.0311946868896484 -0.0198993682861328 -0.3038330078125 0.6129150390625
0.0695152282714844 -0.0137138366699219 0.00928115844726563 0.0702781677246094
0.0512962341308594 -0.026336669921875 0.39581298828125 -0.56488037109375
0.0288581848144531 -0.0403518676757813 -0.0880126953124999 -0.961181640625
-0.00648975372314453 -0.0113916397094727 -0.74359130859375 -0.38446044921875
-0.00915336608886718 0.0125131607055664 -0.58526611328125 0.32830810546875
0.00415802001953125 0.00217700004577637 -0.138336181640625 0.46533203125
-0.00206971168518066 -0.00191581249237061 0.23529052734375 0.272857666015625
0.00685024261474609 -0.0100183486938477 0.3408203125 -0.02313232421875
0.0151300430297852 -0.0114994049072266 -0.34417724609375 0.018341064453125
0.00823640823364258 0.00173854827880859 -0.240463256835937 -0.256088256835938
0.0142002105712891 -0.00546741485595703 0.120025634765625 -0.464141845703125
0.00428485870361328 0.0161752700805664 0.5999755859375 -0.3253173828125
-0.0387992858886719 0.0131759643554688 0.70697021484375 0.38568115234375
-0.028167724609375 -0.0440521240234375 0.19873046875 0.88238525390625
0.0305976867675781 -0.0168533325195313 -0.30279541015625 0.62091064453125
0.0663642883300781 -0.00989151000976563 0.0032806396484375 0.0778045654296875
0.0512733459472656 -0.021942138671875 0.39935302734375 -0.55712890625
0.0288848876953125 -0.0381202697753906 -0.0737915039062501 -0.96502685546875
-0.00862693786621094 -0.0121345520019531 -0.73870849609375 -0.3980712890625
-0.01068115234375 0.0126323699951172 -0.59326171875 0.32147216796875
0.000913858413696289 0.00395822525024414 -0.143096923828125 0.4635009765625
0.000328779220581054 -0.003387451171875 0.237533569335938 0.274002075195313
0.00731897354125976 -0.00391674041748047 0.341827392578125 -0.0191650390625
0.0150918960571289 -0.00877475738525391 -0.341583251953125 0.021575927734375
0.0111360549926758 0.00092315673828125 -0.23858642578125 -0.253463745117187
0.0146379470825195 -0.00857830047607422 0.118927001953125 -0.46533203125
0.00515174865722656 0.0156364440917969 0.59332275390625 -0.32861328125
-0.0380058288574219 0.0136489868164062 0.70465087890625 0.3795166015625
-0.0283737182617187 -0.0411415100097656 0.1968994140625 0.88397216796875
0.0274658203125 -0.0118236541748047 -0.3057861328125 0.6259765625
0.0616722106933594 -0.00513458251953125 -0.000854492187499997 0.0828628540039063
0.0481529235839844 -0.0157089233398438 0.4024658203125 -0.548492431640625
0.0290813446044922 -0.0329627990722656 -0.0693359375 -0.95855712890625
-0.00768375396728516 -0.011174201965332 -0.739501953125 -0.3980712890625
-0.0109281539916992 0.0129947662353516 -0.5946044921875 0.3189697265625
0.00169205665588379 0.00298881530761719 -0.141510009765625 0.4632568359375
0.00276279449462891 -0.00415182113647461 0.241912841796875 0.27789306640625
0.00779151916503906 0.000250339508056641 0.347198486328125 -0.016357421875
0.014948844909668 -0.00518226623535156 -0.338623046875 0.020965576171875
0.0133647918701172 -0.00135231018066406 -0.23443603515625 -0.251571655273438
0.0165443420410156 -0.00961780548095703 0.12286376953125 -0.466339111328125
0.00664901733398438 0.0133218765258789 0.59490966796875 -0.32806396484375
-0.03753662109375 0.0152397155761719 0.7049560546875 0.3839111328125
-0.0302982330322266 -0.0341548919677734 0.19775390625 0.888916015625
0.0229740142822266 -0.00274467468261719 -0.30548095703125 0.63067626953125
0.0546417236328125 0.0012054443359375 -0.00255584716796875 0.0846405029296875
0.0438156127929688 -0.00792312622070313 0.39874267578125 -0.54638671875
0.0283565521240234 -0.0271797180175781 -0.0756835937500001 -0.95892333984375
-0.00775623321533203 -0.00982856750488281 -0.742919921875 -0.39605712890625
-0.00951671600341797 0.0106000900268555 -0.5936279296875 0.3184814453125
0.00258493423461914 0.000695228576660156 -0.1405029296875 0.46417236328125
0.00547933578491211 -0.00529336929321289 0.242416381835938 0.278564453125
0.0100564956665039 0.00274276733398438 0.34747314453125 -0.0152587890625
0.0149984359741211 -0.00461387634277344 -0.33758544921875 0.018798828125
0.0159568786621094 -0.00292873382568359 -0.231002807617187 -0.250442504882813
0.0180549621582031 -0.0127220153808594 0.12786865234375 -0.4644775390625
0.00861549377441406 0.0115289688110352 0.5975341796875 -0.32037353515625
-0.0355453491210938 0.0156974792480469 0.69647216796875 0.39459228515625
-0.0299720764160156 -0.0272369384765625 0.18560791015625 0.892333984375
0.0182952880859375 0.00637054443359375 -0.3126220703125 0.62750244140625
0.047210693359375 0.00812530517578125 -0.00249481201171875 0.0839309692382813
0.0381851196289063 0.00064849853515625 0.394439697265625 -0.5478515625
0.0273857116699219 -0.0199642181396484 -0.0789794921875 -0.95330810546875
-0.0059657096862793 -0.00593996047973633 -0.74371337890625 -0.38873291015625
-0.00618171691894531 0.00891971588134766 -0.5906982421875 0.3223876953125
0.00676393508911133 -0.00237178802490234 -0.1339111328125 0.466278076171875
0.0087733268737793 -0.00713586807250977 0.244064331054688 0.280899047851563
0.00998783111572266 0.00391197204589844 0.3480224609375 -0.015655517578125
0.0153112411499023 -0.00413990020751953 -0.338226318359375 0.0142517089843749
0.017822265625 -0.00559616088867188 -0.230133056640625 -0.249954223632812
0.0221996307373047 -0.0172100067138672 0.136474609375 -0.4619140625
0.011775016784668 0.00842094421386719 0.6044921875 -0.31414794921875
-0.03448486328125 0.0180549621582031 0.69708251953125 0.40509033203125
-0.0307292938232422 -0.0191154479980469 0.17535400390625 0.898681640625
0.0134057998657227 0.0142002105712891 -0.31689453125 0.626220703125
0.039825439453125 0.0130767822265625 0.000259399414062499 0.0798187255859375
0.0319614410400391 0.00798606872558594 0.388580322265625 -0.554779052734375
0.0247955322265625 -0.0115737915039063 -0.09820556640625 -0.9522705078125
-0.00448322296142578 -0.00370216369628906 -0.7484130859375 -0.37744140625
-0.00360202789306641 0.00480747222900391 -0.5853271484375 0.332275390625
0.0111331939697266 -0.00380611419677734 -0.127410888671875 0.468292236328125
0.00959110260009766 -0.00948333740234375 0.244903564453125 0.280426025390625
0.0115671157836914 0.00317478179931641 0.3485107421875 -0.018798828125
0.0158452987670898 -0.00587940216064453 -0.3382568359375 0.010223388671875
0.0176448822021484 -0.00701332092285156 -0.230056762695313 -0.250213623046875
0.0262336730957031 -0.0194931030273438 0.146514892578125 -0.45806884765625
0.015986442565918 0.00643730163574219 0.6138916015625 -0.30322265625
-0.0340156555175781 0.0199718475341797 0.6904296875 0.41888427734375
-0.0322303771972656 -0.0128498077392578 0.1597900390625 0.90118408203125
0.00976371765136719 0.0206737518310547 -0.322021484375 0.6173095703125
0.0342807769775391 0.0164737701416016 0.00527191162109375 0.0739898681640625
0.0279865264892578 0.0135269165039063 0.38299560546875 -0.56280517578125
0.0236701965332031 -0.00617790222167969 -0.11297607421875 -0.94854736328125
-0.00233387947082519 -0.00181770324707031 -0.7508544921875 -0.36151123046875
0.000438332557678223 0.0018618106842041 -0.575927734375 0.340576171875
0.0161647796630859 -0.00640964508056641 -0.118743896484375 0.472900390625
0.00983715057373047 -0.0122966766357422 0.245635986328125 0.278244018554687
0.0113763809204102 0.00134658813476563 0.345794677734375 -0.024139404296875
0.0184993743896484 -0.00869560241699219 -0.34088134765625 0.00588989257812499
0.0178108215332031 -0.008758544921875 -0.22802734375 -0.252243041992188
0.0302581787109375 -0.0214557647705078 0.153656005859375 -0.451873779296875
0.0197868347167969 0.00363540649414063 0.62249755859375 -0.292236328125
-0.0335330963134766 0.0214195251464844 0.686279296875 0.43463134765625
-0.0330066680908203 -0.00862884521484375 0.1458740234375 0.90277099609375
0.00777626037597656 0.02337646484375 -0.32830810546875 0.6090087890625
0.0308742523193359 0.0176181793212891 0.0115928649902344 0.0661201477050781
0.0248317718505859 0.0165061950683594 0.378662109375 -0.57269287109375
0.0229434967041016 -0.00142669677734375 -0.1298828125 -0.94891357421875
0.0005912184715271 0.000742137432098389 -0.756591796875 -0.345947265625
0.00374579429626465 -0.000113248825073242 -0.56683349609375 0.35125732421875
0.0209064483642578 -0.00926780700683594 -0.112701416015625 0.474609375
0.00960159301757813 -0.0132694244384766 0.245010375976563 0.274017333984375
0.010284423828125 -0.00214385986328125 0.34375 -0.029693603515625
0.0168390274047852 -0.0162153244018555 -0.353057861328125 0.018707275390625
0.00423026084899902 0.00270986557006836 -0.247451782226562 -0.258438110351563
0.0145969390869141 -0.00718879699707031 0.11895751953125 -0.468231201171875
0.00538825988769531 0.0146217346191406 0.60552978515625 -0.32904052734375
-0.0379486083984375 0.013702392578125 0.719482421875 0.384521484375
-0.0272979736328125 -0.04534912109375 0.20068359375 0.8829345703125
0.0312881469726563 -0.0193061828613281 -0.3004150390625 0.6195068359375
0.0698585510253906 -0.0140266418457031 0.0092315673828125 0.071685791015625
0.0509147644042969 -0.0276718139648438 0.39471435546875 -0.570068359375
0.0297775268554688 -0.0409317016601563 -0.0950317382812501 -0.96673583984375
-0.00701045989990234 -0.0112504959106445 -0.75091552734375 -0.37884521484375
-0.00942420959472656 0.0122470855712891 -0.58544921875 0.337890625
0.00375890731811523 0.00322103500366211 -0.13372802734375 0.4716796875
-0.00136375427246094 -0.00250124931335449 0.240036010742188 0.271484375
0.00629615783691406 -0.00967693328857422 0.3427734375 -0.026275634765625
0.0160970687866211 -0.0121068954467773 -0.34564208984375 0.0230712890624999
0.0067591667175293 0.00151348114013672 -0.24456787109375 -0.254745483398438
0.0131082534790039 -0.00627613067626953 0.11517333984375 -0.4703369140625
0.00471591949462891 0.01531982421875 0.5987548828125 -0.3338623046875
-0.0377616882324219 0.0138282775878906 0.71661376953125 0.37994384765625
-0.0286941528320312 -0.0440139770507813 0.2086181640625 0.888671875
0.0301628112792969 -0.0176525115966797 -0.2991943359375 0.63055419921875
0.0662803649902344 -0.0108375549316406 0.0047454833984375 0.0787277221679688
0.0514678955078125 -0.0236434936523437 0.399169921875 -0.56365966796875
0.0294151306152344 -0.0387420654296875 -0.0814819335937499 -0.9713134765625
-0.00828361511230469 -0.0126056671142578 -0.74676513671875 -0.39337158203125
-0.0106306076049805 0.0121440887451172 -0.5933837890625 0.3284912109375
0.00144147872924805 0.0038449764251709 -0.138671875 0.467254638671875
0.000829696655273437 -0.00293946266174316 0.242431640625 0.27374267578125
0.00710916519165039 -0.00460720062255859 0.343597412109375 -0.022857666015625
0.0159034729003906 -0.00863456726074219 -0.344024658203125 0.02606201171875
0.0108747482299805 0.00161361694335937 -0.242416381835938 -0.252227783203125
0.0138921737670898 -0.00768375396728516 0.1146240234375 -0.470123291015625
0.00400447845458984 0.0146217346191406 0.59368896484375 -0.3355712890625
-0.0382537841796875 0.0146369934082031 0.71453857421875 0.37603759765625
-0.0291023254394531 -0.04034423828125 0.205322265625 0.88970947265625
0.0274715423583984 -0.0113964080810547 -0.30169677734375 0.6343994140625
0.0622215270996094 -0.00535202026367187 -0.000740051269531252 0.0837860107421875
0.0478706359863281 -0.0169486999511719 0.398773193359375 -0.554779052734375
0.0288028717041016 -0.0345668792724609 -0.0783691406249999 -0.965087890625
-0.00751972198486328 -0.0121126174926758 -0.74749755859375 -0.3917236328125
-0.0114641189575195 0.0118522644042969 -0.59637451171875 0.32666015625
0.000314950942993164 0.00215423107147217 -0.137664794921875 0.46875
0.00370025634765625 -0.00461435317993164 0.246124267578125 0.277374267578125
0.00861883163452148 -0.000653266906738281 0.34912109375 -0.019989013671875
0.0157461166381836 -0.00428867340087891 -0.3406982421875 0.0255737304687499
0.0131654739379883 -0.000841140747070313 -0.238632202148438 -0.249404907226563
0.0141210556030273 -0.00999355316162109 0.119049072265625 -0.47113037109375
0.00577449798583984 0.01385498046875 0.59539794921875 -0.3369140625
-0.03826904296875 0.0163192749023437 0.71478271484375 0.3809814453125
-0.0303287506103516 -0.0336112976074219 0.20770263671875 0.8936767578125
0.0233364105224609 -0.00287055969238281 -0.30328369140625 0.637939453125
0.0552749633789062 0.000583648681640625 -0.0022430419921875 0.085845947265625
0.0435600280761719 -0.00866317749023438 0.3953857421875 -0.553497314453125
0.0272789001464844 -0.0285129547119141 -0.084228515625 -0.9619140625
-0.00793266296386719 -0.00958824157714844 -0.749755859375 -0.3931884765625
-0.0101985931396484 0.00980281829833984 -0.595703125 0.326171875
0.00346565246582031 0.000156641006469727 -0.13543701171875 0.4676513671875
0.00514411926269531 -0.00560951232910156 0.246841430664063 0.280044555664063
0.00970554351806641 0.00307559967041016 0.3497314453125 -0.019287109375
0.0158910751342773 -0.00346469879150391 -0.34027099609375 0.0238952636718749
0.0163917541503906 -0.00239753723144531 -0.236221313476563 -0.24871826171875
0.0175838470458984 -0.0139083862304688 0.124755859375 -0.467987060546875
0.00764942169189453 0.0108318328857422 0.5989990234375 -0.3287353515625
-0.0363578796386719 0.01708984375 0.70751953125 0.38946533203125
-0.0307254791259766 -0.0258388519287109 0.19378662109375 0.89727783203125
0.0190792083740234 0.00561332702636719 -0.30877685546875 0.63507080078125
0.0466842651367187 0.00725173950195312 -0.00185394287109375 0.0844497680664063
0.0380439758300781 -0.000255584716796875 0.392913818359375 -0.55322265625
0.0259723663330078 -0.0196666717529297 -0.0900268554687501 -0.96075439453125
-0.00622701644897461 -0.00682401657104492 -0.751953125 -0.3861083984375
-0.00709056854248047 0.00761699676513672 -0.59051513671875 0.33050537109375
0.007110595703125 -0.00243043899536133 -0.131317138671875 0.469970703125
0.00857877731323242 -0.00746536254882813 0.249343872070313 0.280014038085938
0.0105485916137695 0.00442886352539063 0.350433349609375 -0.0201416015625
0.0162363052368164 -0.00420475006103516 -0.340087890625 0.0185852050781251
0.0169925689697266 -0.00494194030761719 -0.235015869140625 -0.248062133789063
0.0216808319091797 -0.0162639617919922 0.133148193359375 -0.465423583984375
0.0122833251953125 0.00813388824462891 0.604736328125 -0.32257080078125
-0.0352706909179688 0.0195198059082031 0.7064208984375 0.40057373046875
-0.0313491821289063 -0.0178680419921875 0.18426513671875 0.90496826171875
0.0141534805297852 0.0152130126953125 -0.313232421875 0.6337890625
0.0393142700195313 0.0118789672851563 0.000617980957031252 0.080841064453125
0.0325794219970703 0.007659912109375 0.386932373046875 -0.55938720703125
0.0244979858398438 -0.0122814178466797 -0.104736328125 -0.95587158203125
-0.00387763977050781 -0.00371265411376953 -0.7574462890625 -0.3726806640625
-0.00345087051391602 0.00487327575683594 -0.58502197265625 0.3385009765625
0.0115957260131836 -0.00439739227294922 -0.12371826171875 0.472503662109375
0.00833511352539063 -0.0101652145385742 0.2506103515625 0.280258178710938
0.0112152099609375 0.00310134887695312 0.349029541015625 -0.02252197265625
0.0164604187011719 -0.00574398040771484 -0.34136962890625 0.014373779296875
0.0183353424072266 -0.00658226013183594 -0.23291015625 -0.248382568359375
0.0252513885498047 -0.0203647613525391 0.143341064453125 -0.4627685546875
0.0158700942993164 0.00537586212158203 0.61590576171875 -0.31280517578125
-0.0335655212402344 0.0205039978027344 0.69976806640625 0.41436767578125
-0.032196044921875 -0.0121212005615234 0.1693115234375 0.90753173828125
0.0106029510498047 0.0203094482421875 -0.31927490234375 0.62408447265625
0.0350551605224609 0.0162754058837891 0.00604248046875 0.074615478515625
0.0275917053222656 0.0129508972167969 0.38031005859375 -0.5682373046875
0.0237560272216797 -0.00630760192871094 -0.12255859375 -0.953369140625
-0.00224566459655762 -0.000443458557128906 -0.76226806640625 -0.35699462890625
0.000187158584594726 0.00157070159912109 -0.577392578125 0.349609375
0.0158481597900391 -0.00744152069091797 -0.115875244140625 0.476104736328125
0.0102500915527344 -0.0111408233642578 0.25054931640625 0.277725219726563
0.0114164352416992 0.000284194946289063 0.34814453125 -0.027557373046875
0.0182437896728516 -0.00848388671875 -0.343780517578125 0.010284423828125
0.0167045593261719 -0.00846290588378906 -0.232345581054688 -0.250442504882813
0.0301170349121094 -0.0216941833496094 0.149688720703125 -0.457672119140625
0.0202007293701172 0.00225067138671875 0.6251220703125 -0.3021240234375
-0.0327033996582031 0.0221710205078125 0.6947021484375 0.42864990234375
-0.0325965881347656 -0.00675773620605469 0.15380859375 0.908447265625
0.00844001770019531 0.0244331359863281 -0.32427978515625 0.6160888671875
0.0309562683105469 0.0171890258789063 0.0117645263671875 0.0667152404785156
0.0249061584472656 0.0155181884765625 0.3756103515625 -0.57928466796875
0.0225811004638672 -0.00183486938476563 -0.138671875 -0.95269775390625
-0.000414609909057617 0.00162625312805176 -0.7620849609375 -0.3421630859375
0.00384259223937988 -0.00128436088562012 -0.566650390625 0.35797119140625
0.020172119140625 -0.00952911376953125 -0.109649658203125 0.479400634765625
0.00965118408203125 -0.0135183334350586 0.250564575195313 0.27337646484375
0.011505126953125 -0.00341224670410156 0.34423828125 -0.03411865234375
0.0181789398193359 -0.0165939331054688 -0.35577392578125 0.02392578125
0.00498342514038086 0.00308084487915039 -0.252243041992188 -0.257843017578125
0.0140047073364258 -0.00759983062744141 0.114410400390625 -0.47393798828125
0.00430870056152344 0.0131931304931641 0.6055908203125 -0.3387451171875
-0.0374565124511719 0.0135993957519531 0.72845458984375 0.377685546875
-0.02777099609375 -0.0448837280273438 0.21148681640625 0.88592529296875
0.0320262908935547 -0.0207157135009766 -0.2958984375 0.62750244140625
0.0683250427246094 -0.0152626037597656 0.0100631713867187 0.0723648071289063
0.051177978515625 -0.0280914306640625 0.392333984375 -0.57672119140625
0.028411865234375 -0.0419731140136719 -0.1048583984375 -0.97216796875
-0.00651264190673828 -0.0119161605834961 -0.75885009765625 -0.37554931640625
-0.00957584381103516 0.0121469497680664 -0.58636474609375 0.3460693359375
0.00379204750061035 0.00332450866699219 -0.13018798828125 0.4747314453125
-0.000947833061218261 -0.00210094451904297 0.245437622070312 0.27093505859375
0.00629615783691406 -0.0104713439941406 0.34521484375 -0.030609130859375
0.0159273147583008 -0.0118312835693359 -0.34942626953125 0.0279846191406251
0.00773715972900391 0.00313568115234375 -0.248138427734375 -0.251449584960937
0.0123825073242188 -0.00606536865234375 0.11138916015625 -0.473388671875
0.00343036651611328 0.0151777267456055 0.5992431640625 -0.34197998046875
-0.0384941101074219 0.0148658752441406 0.7239990234375 0.3751220703125
-0.0285568237304688 -0.043609619140625 0.21673583984375 0.88970947265625
0.0305252075195313 -0.0165424346923828 -0.29425048828125 0.63690185546875
0.0664253234863281 -0.0116729736328125 0.00573730468750001 0.0794143676757812
0.0507469177246094 -0.0243110656738281 0.39398193359375 -0.57147216796875
0.0286636352539063 -0.0398902893066406 -0.09454345703125 -0.974609375
-0.00832366943359375 -0.0128107070922852 -0.7562255859375 -0.38824462890625
-0.0110397338867188 0.0120353698730469 -0.5926513671875 0.33612060546875
0.0014643669128418 0.0045619010925293 -0.13458251953125 0.4727783203125
0.000224113464355469 -0.0023646354675293 0.247543334960937 0.271163940429688
0.00761985778808594 -0.00532722473144531 0.345977783203125 -0.027923583984375
0.0162734985351563 -0.00807476043701172 -0.346954345703125 0.0310668945312499
0.0103378295898438 0.00240898132324219 -0.247329711914063 -0.249465942382812
0.012822151184082 -0.00736904144287109 0.110565185546875 -0.47418212890625
0.00361061096191406 0.0161828994750977 0.5948486328125 -0.34466552734375
-0.0383224487304688 0.0147705078125 0.72247314453125 0.369140625
-0.0291175842285156 -0.0396156311035156 0.21875 0.890380859375
0.0276889801025391 -0.0114364624023438 -0.29736328125 0.642578125
0.0617332458496094 -0.0062713623046875 0.0008697509765625 0.0844039916992187
0.0474739074707031 -0.016815185546875 0.39434814453125 -0.561309814453125
0.0285072326660156 -0.0353660583496094 -0.0887451171875001 -0.97076416015625
-0.00795459747314453 -0.0119047164916992 -0.75518798828125 -0.3875732421875
-0.0116214752197266 0.011408805847168 -0.593505859375 0.3338623046875
0.000761032104492188 0.00258612632751465 -0.134765625 0.4713134765625
0.00265860557556152 -0.00420498847961426 0.251388549804688 0.275588989257813
0.00876379013061524 -0.00113201141357422 0.349090576171875 -0.025299072265625
0.015899658203125 -0.00459957122802734 -0.343231201171875 0.030853271484375
0.0133256912231445 -0.00030517578125 -0.241958618164063 -0.246383666992187
0.0137157440185547 -0.00966739654541016 0.114776611328125 -0.4744873046875
0.00509452819824219 0.0131549835205078 0.59661865234375 -0.34613037109375
-0.0373878479003906 0.0162277221679688 0.724609375 0.373779296875
-0.0298919677734375 -0.0325183868408203 0.216064453125 0.8966064453125
0.0255527496337891 -0.00227737426757813 -0.29754638671875 0.64501953125
0.0547599792480469 0.000370025634765625 -0.0020294189453125 0.0863418579101563
0.0435523986816406 -0.0103912353515625 0.392730712890625 -0.561279296875
0.02752685546875 -0.029693603515625 -0.0960693359374999 -0.96917724609375
-0.00749492645263672 -0.00956058502197265 -0.7586669921875 -0.387451171875
-0.00932216644287109 0.0103464126586914 -0.59552001953125 0.33502197265625
0.00256848335266113 0.00116395950317383 -0.13226318359375 0.47210693359375
0.00506830215454102 -0.00538015365600586 0.252700805664063 0.278030395507813
0.00994205474853515 0.00212001800537109 0.3511962890625 -0.024139404296875
0.0158195495605469 -0.00383090972900391 -0.34234619140625 0.0292358398437501
0.0163383483886719 -0.00199604034423828 -0.240951538085938 -0.24505615234375
0.0162229537963867 -0.0135126113891602 0.121185302734375 -0.471405029296875
0.00784206390380859 0.0102939605712891 0.5987548828125 -0.338623046875
-0.0360984802246094 0.0190696716308594 0.71575927734375 0.382568359375
-0.0307865142822266 -0.024932861328125 0.2042236328125 0.90032958984375
0.0201320648193359 0.00613021850585938 -0.3035888671875 0.64337158203125
0.0470504760742188 0.00646591186523438 -0.000480651855468741 0.0865402221679688
0.0380325317382813 -0.00096893310546875 0.3900146484375 -0.559478759765625
0.0260810852050781 -0.0215206146240234 -0.0993652343749999 -0.9632568359375
-0.00590801239013672 -0.00766754150390625 -0.75933837890625 -0.37994384765625
-0.00739622116088867 0.00804948806762695 -0.5899658203125 0.33819580078125
0.00677299499511719 -0.00228595733642578 -0.12640380859375 0.47247314453125
0.00741720199584961 -0.00788402557373047 0.255462646484375 0.277969360351563
0.0108737945556641 0.00334358215332031 0.3511962890625 -0.024444580078125
0.0168333053588867 -0.00385284423828125 -0.34283447265625 0.0236511230468749
0.0178585052490234 -0.00400924682617188 -0.239059448242188 -0.244827270507813
0.0204486846923828 -0.0173988342285156 0.129302978515625 -0.4686279296875
0.0111560821533203 0.0080718994140625 0.60546875 -0.33245849609375
-0.0346698760986328 0.0207920074462891 0.71563720703125 0.39599609375
-0.0319614410400391 -0.0180072784423828 0.1939697265625 0.9066162109375
0.014164924621582 0.0143766403198242 -0.30810546875 0.6402587890625
0.0396614074707031 0.012451171875 0.00135040283203126 0.0814285278320312
0.0327053070068359 0.00705718994140625 0.38360595703125 -0.56634521484375
0.0244655609130859 -0.0128803253173828 -0.11627197265625 -0.9622802734375
-0.00437211990356445 -0.00467109680175781 -0.764892578125 -0.3663330078125
-0.00415492057800293 0.00416636466979981 -0.5853271484375 0.3465576171875
0.0119590759277344 -0.004486083984375 -0.120147705078125 0.4771728515625
0.00954246520996094 -0.00961399078369141 0.256332397460938 0.278305053710938
0.0115957260131836 0.00251102447509766 0.352264404296875 -0.0269775390625
0.0172176361083984 -0.00522899627685547 -0.34417724609375 0.01904296875
0.0177841186523437 -0.0055084228515625 -0.23846435546875 -0.245956420898438
0.0243873596191406 -0.0199947357177734 0.139129638671875 -0.466522216796875
0.0149688720703125 0.00469493865966797 0.61383056640625 -0.3212890625
-0.0332069396972656 0.0217304229736328 0.70843505859375 0.40814208984375
-0.0319862365722656 -0.0108413696289063 0.179443359375 0.91046142578125
0.0114173889160156 0.0216541290283203 -0.315185546875 0.63232421875
0.0329208374023438 0.0159683227539063 0.00657653808593749 0.0759124755859375
0.0281410217285156 0.0128211975097656 0.3770751953125 -0.57611083984375
0.022735595703125 -0.006561279296875 -0.13214111328125 -0.958251953125
-0.00219523906707764 -0.000586748123168946 -0.7684326171875 -0.35174560546875
0.000237345695495606 0.00147128105163574 -0.57659912109375 0.3560791015625
0.0156679153442383 -0.00735282897949219 -0.112335205078125 0.48114013671875
0.00949192047119141 -0.0117588043212891 0.255584716796875 0.275634765625
0.0111074447631836 0.000981330871582031 0.349609375 -0.031463623046875
0.0184650421142578 -0.00821685791015625 -0.34564208984375 0.0141906738281251
0.0174789428710938 -0.00755691528320313 -0.23651123046875 -0.248123168945312
0.0289764404296875 -0.0230140686035156 0.14678955078125 -0.460662841796875
0.0192813873291016 0.00225257873535156 0.623291015625 -0.31048583984375
-0.0323810577392578 0.0228767395019531 0.703857421875 0.42315673828125
-0.0314159393310547 -0.00682258605957031 0.162353515625 0.91253662109375
0.00877571105957032 0.0249099731445313 -0.31805419921875 0.62371826171875
0.0303707122802734 0.0164279937744141 0.0125923156738281 0.0682258605957031
0.0258522033691406 0.0150871276855469 0.372314453125 -0.58636474609375
0.0227088928222656 -0.00223922729492188 -0.1483154296875 -0.95831298828125
-0.000215530395507812 0.0018002986907959 -0.7716064453125 -0.33697509765625
0.00382804870605469 -0.000756025314331055 -0.56768798828125 0.36590576171875
0.0199832916259766 -0.00961112976074219 -0.1043701171875 0.48358154296875
0.0097503662109375 -0.0137863159179688 0.255966186523438 0.271560668945313
0.0103635787963867 -0.00277900695800781 0.346527099609375 -0.03765869140625
0.0183792114257813 -0.0174064636230469 -0.357177734375 0.029327392578125
0.0047144889831543 0.00341367721557617 -0.25921630859375 -0.2540283203125
0.012481689453125 -0.00772666931152344 0.109283447265625 -0.477081298828125
0.00390243530273437 0.013397216796875 0.60296630859375 -0.3482666015625
-0.0379142761230469 0.0155868530273437 0.7359619140625 0.370849609375
-0.02874755859375 -0.0439376831054687 0.2200927734375 0.887451171875
0.0314826965332031 -0.0203933715820312 -0.2906494140625 0.6336669921875
0.0679168701171875 -0.0166702270507813 0.0100250244140625 0.072723388671875
0.0511245727539063 -0.0298881530761719 0.3863525390625 -0.58551025390625
0.028350830078125 -0.0428314208984375 -0.11700439453125 -0.9735107421875
-0.00651168823242188 -0.0114536285400391 -0.7642822265625 -0.36834716796875
-0.00945186614990235 0.0119533538818359 -0.5845947265625 0.3546142578125
0.00321769714355469 0.00419521331787109 -0.12347412109375 0.478668212890625
-0.0019305944442749 -0.00219237804412842 0.250350952148438 0.268310546875
0.00627517700195313 -0.0102529525756836 0.345489501953125 -0.035858154296875
0.0173377990722656 -0.0110111236572266 -0.351318359375 0.033905029296875
0.00684642791748047 0.00360536575317383 -0.25384521484375 -0.249679565429687
0.0112953186035156 -0.00629806518554688 0.107757568359375 -0.47857666015625
0.00344753265380859 0.015101432800293 0.597900390625 -0.3546142578125
-0.0384330749511719 0.0157012939453125 0.733154296875 0.3662109375
-0.0295333862304687 -0.04315185546875 0.22705078125 0.89447021484375
0.0308208465576172 -0.0175857543945313 -0.29022216796875 0.64459228515625
0.0667877197265625 -0.0124092102050781 0.00562286376953125 0.0798416137695313
0.0505561828613281 -0.0256729125976562 0.3895263671875 -0.5780029296875
0.0284881591796875 -0.0416488647460938 -0.10711669921875 -0.97906494140625
-0.00898361206054687 -0.0127811431884766 -0.76263427734375 -0.381591796875
-0.0114593505859375 0.0126333236694336 -0.59161376953125 0.34716796875
0.000767707824707032 0.00432133674621582 -0.12982177734375 0.4761962890625
0.00153732299804688 -0.00316429138183594 0.2523193359375 0.267837524414063
0.0067286491394043 -0.00526046752929688 0.345916748046875 -0.033477783203125
0.0168428421020508 -0.00777053833007812 -0.349517822265625 0.0369873046875001
0.0114545822143555 0.00246429443359375 -0.250717163085938 -0.245956420898437
0.0112075805664063 -0.00788211822509766 0.1053466796875 -0.478118896484375
0.00308322906494141 0.0131597518920898 0.590576171875 -0.355224609375
-0.0371742248535156 0.015777587890625 0.7314453125 0.36236572265625
-0.02996826171875 -0.0382728576660156 0.229736328125 0.89239501953125
0.027740478515625 -0.0117454528808594 -0.29150390625 0.64825439453125
0.0620536804199219 -0.00735092163085938 0.000411987304687513 0.0861587524414063
0.0470085144042969 -0.0183868408203125 0.39068603515625 -0.5694580078125
0.0270233154296875 -0.0361099243164063 -0.0994873046875001 -0.97259521484375
-0.00885963439941406 -0.01141357421875 -0.76251220703125 -0.3812255859375
-0.0114469528198242 0.0106773376464844 -0.59332275390625 0.34442138671875
-3.09944152832056E-06 0.00307297706604004 -0.13006591796875 0.475738525390625
0.00310754776000977 -0.00482177734375 0.256744384765625 0.272567749023438
0.00917720794677734 -0.0011444091796875 0.3514404296875 -0.0299072265625
0.0157642364501953 -0.00427818298339844 -0.344207763671875 0.03582763671875
0.0131416320800781 -0.000205039978027344 -0.24725341796875 -0.243789672851563
0.0131330490112305 -0.00983715057373047 0.109710693359375 -0.477752685546875
0.00525474548339844 0.0132656097412109 0.59326171875 -0.3555908203125
-0.03765869140625 0.0178070068359375 0.73089599609375 0.36517333984375
-0.0295791625976562 -0.0315761566162109 0.22802734375 0.89788818359375
0.0248661041259766 -0.00305938720703125 -0.2930908203125 0.65301513671875
0.0540809631347656 -0.00157546997070313 -0.000549316406249991 0.0871047973632813
0.0430183410644531 -0.0100898742675781 0.38818359375 -0.56658935546875
0.0273399353027344 -0.0291519165039063 -0.104736328125 -0.9716796875
-0.00736045837402344 -0.00954627990722656 -0.76611328125 -0.3800048828125
-0.0108976364135742 0.00917434692382812 -0.59478759765625 0.3436279296875
0.00192403793334961 0.00163578987121582 -0.12701416015625 0.47576904296875
0.00600671768188477 -0.00530862808227539 0.258651733398438 0.276092529296875
0.01007080078125 0.000989913940429688 0.353363037109375 -0.028472900390625
0.0177707672119141 -0.00254058837890625 -0.343536376953125 0.0338134765624999
0.015380859375 -0.00248908996582031 -0.2451171875 -0.24346923828125
0.0154151916503906 -0.0130281448364258 0.1165771484375 -0.475341796875
0.00833988189697266 0.0105695724487305 0.5980224609375 -0.3475341796875
-0.03643798828125 0.0182456970214844 0.72479248046875 0.37548828125
-0.0307598114013672 -0.0237636566162109 0.21484375 0.90264892578125
0.0195293426513672 0.00647544860839844 -0.29736328125 0.65069580078125
0.0457534790039062 0.0069427490234375 -0.000602722167968756 0.0875015258789063
0.0371932983398438 -0.00152206420898438 0.3826904296875 -0.56683349609375
0.0249099731445312 -0.0210113525390625 -0.11224365234375 -0.9658203125
-0.00615930557250977 -0.00752973556518555 -0.765625 -0.3729248046875
-0.00802898406982422 0.00852203369140625 -0.5908203125 0.34564208984375
0.00551271438598633 -0.00171899795532227 -0.122955322265625 0.477447509765625
0.00679254531860352 -0.00657415390014648 0.259719848632813 0.27532958984375
0.0110435485839844 0.00318431854248047 0.354644775390625 -0.030181884765625
0.0165109634399414 -0.00442314147949219 -0.345916748046875 0.029144287109375
0.0174102783203125 -0.00412845611572266 -0.242965698242187 -0.242263793945313
0.0192775726318359 -0.0184860229492188 0.1239013671875 -0.473297119140625
0.0104904174804688 0.00709152221679688 0.60296630859375 -0.34088134765625
-0.0347633361816406 0.0209388732910156 0.72235107421875 0.3878173828125
-0.0313186645507812 -0.0168323516845703 0.20526123046875 0.90936279296875
0.0158119201660156 0.0156164169311523 -0.30291748046875 0.647705078125
0.0394859313964844 0.0121612548828125 0.0026092529296875 0.0832061767578125
0.0321464538574219 0.00624847412109375 0.37823486328125 -0.57293701171875
0.0254230499267578 -0.0135307312011719 -0.1292724609375 -0.96533203125
-0.00428056716918945 -0.00353240966796875 -0.76983642578125 -0.359619140625
-0.00453710556030273 0.00442123413085937 -0.58428955078125 0.3565673828125
0.0109968185424805 -0.00374031066894531 -0.11541748046875 0.481536865234375
0.00961208343505859 -0.00930023193359375 0.261337280273438 0.274658203125
0.0107250213623047 0.00218009948730469 0.352447509765625 -0.032745361328125
0.0181007385253906 -0.0069427490234375 -0.34686279296875 0.0234375000000001
0.0173406600952148 -0.00697040557861328 -0.241531372070313 -0.24432373046875
0.0238132476806641 -0.0210361480712891 0.133026123046875 -0.47003173828125
0.0138339996337891 0.00344181060791016 0.61456298828125 -0.33111572265625
-0.0327949523925781 0.0223598480224609 0.720458984375 0.40234375
-0.0316848754882813 -0.00967979431152344 0.19036865234375 0.912841796875
0.0122108459472656 0.0211124420166016 -0.3094482421875 0.639892578125
0.0330791473388672 0.0149002075195313 0.00776672363281249 0.0768661499023438
0.0276584625244141 0.0120162963867188 0.372802734375 -0.5814208984375
0.0230140686035156 -0.00713729858398438 -0.14447021484375 -0.95892333984375
-0.00236296653747559 3.95774841308595E-05 -0.7744140625 -0.3453369140625
-0.000630021095275879 0.000655770301818848 -0.5743408203125 0.3651123046875
0.0161552429199219 -0.00667190551757813 -0.1068115234375 0.484466552734375
0.0103235244750977 -0.0127887725830078 0.260406494140625 0.273269653320313
0.0108366012573242 -9.63211059570312E-05 0.349822998046875 -0.037445068359375
0.0192756652832031 -0.00877761840820313 -0.346923828125 0.020233154296875
0.0175600051879883 -0.00775241851806641 -0.242385864257813 -0.24420166015625
0.0279788970947266 -0.0232162475585938 0.141510009765625 -0.466339111328125
0.0184574127197266 0.00168228149414063 0.6221923828125 -0.32135009765625
-0.0319862365722656 0.0241870880126953 0.71356201171875 0.41650390625
-0.0314521789550781 -0.00591087341308594 0.17437744140625 0.91741943359375
0.00939178466796875 0.0253067016601563 -0.31463623046875 0.6317138671875
0.0311679840087891 0.0162277221679688 0.0140380859375 0.0682449340820313
0.0249099731445313 0.0155754089355469 0.366455078125 -0.5916748046875
0.0218448638916016 -0.00340843200683594 -0.1624755859375 -0.95782470703125
0.000301241874694824 0.000423043966293335 -0.77783203125 -0.32891845703125
0.00328946113586426 -0.00207209587097168 -0.56597900390625 0.3763427734375
0.0203838348388672 -0.0103874206542969 -0.0982666015625 0.4862060546875
0.00932025909423828 -0.0132112503051758 0.259735107421875 0.267562866210938
0.0110483169555664 -0.00356674194335938 0.34625244140625 -0.04376220703125
0.0192089080810547 -0.0140724182128906 -0.355804443359375 0.0340576171875
0.00518178939819336 0.00333261489868164 -0.261093139648438 -0.24761962890625
0.0143003463745117 -0.00795841217041015 0.1038818359375 -0.478851318359375
0.00595283508300781 0.0158910751342773 0.60205078125 -0.35821533203125
-0.039398193359375 0.0159568786621094 0.743408203125 0.36041259765625
-0.0273704528808594 -0.0424156188964844 0.2315673828125 0.88690185546875
0.0319156646728516 -0.0221614837646484 -0.2845458984375 0.638916015625
0.0682716369628906 -0.01678466796875 0.013427734375 0.0726470947265625
0.0495033264160156 -0.0290641784667969 0.3807373046875 -0.59039306640625
0.0272560119628906 -0.0443458557128906 -0.1295166015625 -0.9761962890625
-0.00746345520019531 -0.0118637084960938 -0.77227783203125 -0.358154296875
-0.010986328125 0.0125799179077148 -0.58184814453125 0.36273193359375
0.00390148162841797 0.00572633743286133 -0.119781494140625 0.48040771484375
-0.00129437446594238 -0.00213456153869629 0.257415771484375 0.266311645507813
0.00638008117675781 -0.0108566284179688 0.34625244140625 -0.043182373046875
0.0188007354736328 -0.0134487152099609 -0.35284423828125 0.03912353515625
0.00965213775634765 -4.38690185546875E-05 -0.258819580078125 -0.246078491210938
0.00876331329345703 -0.00699663162231445 0.0994873046875 -0.481964111328125
0.00268840789794922 0.0138635635375977 0.59564208984375 -0.36309814453125
-0.0385398864746094 0.0137863159179688 0.7398681640625 0.35809326171875
-0.0293350219726562 -0.0409278869628906 0.239013671875 0.8935546875
0.0303020477294922 -0.0168972015380859 -0.28387451171875 0.64892578125
0.0670127868652344 -0.0136642456054688 0.00823211669921875 0.082000732421875
0.051239013671875 -0.0275611877441406 0.384765625 -0.5848388671875
0.0278739929199219 -0.040374755859375 -0.11529541015625 -0.98260498046875
-0.00957298278808594 -0.0135478973388672 -0.7713623046875 -0.37451171875
-0.0132637023925781 0.0112876892089844 -0.587646484375 0.35400390625
0.000522613525390625 0.00507116317749023 -0.124847412109375 0.47930908203125
0.000625133514404297 -0.00385189056396484 0.25677490234375 0.26611328125
0.00596046447753906 -0.00419282913208008 0.347015380859375 -0.039337158203125
0.0155429840087891 -0.00808143615722656 -0.34912109375 0.0425720214843749
0.012730598449707 0.00351619720458984 -0.2559814453125 -0.242218017578125
0.0096435546875 -0.00832462310791016 0.099945068359375 -0.479736328125
0.0027313232421875 0.0151033401489258 0.58642578125 -0.36376953125
-0.0365982055664063 0.0171241760253906 0.7391357421875 0.3538818359375
-0.0301971435546875 -0.0388946533203125 0.24298095703125 0.8941650390625
0.0288410186767578 -0.0122394561767578 -0.28314208984375 0.6533203125
0.0609130859375 -0.0106582641601563 0.0025482177734375 0.0871124267578125
0.0473251342773438 -0.0193748474121094 0.38372802734375 -0.57568359375
0.0281639099121094 -0.0368576049804688 -0.11181640625 -0.9725341796875
-0.00866603851318359 -0.0121936798095703 -0.76953125 -0.3743896484375
-0.0124034881591797 0.0108194351196289 -0.58929443359375 0.34857177734375
-0.000492095947265625 0.00234627723693848 -0.12109375 0.478057861328125
0.00120759010314941 -0.00404953956604004 0.262664794921875 0.271148681640625
0.00869846343994141 -0.00204372406005859 0.35272216796875 -0.0340576171875
0.0179309844970703 -0.00288581848144531 -0.344879150390625 0.041748046875
0.0126199722290039 0.00199413299560547 -0.250411987304688 -0.240982055664062
0.0122013092041016 -0.00885677337646485 0.1025390625 -0.4813232421875
0.00297355651855469 0.0103931427001953 0.58905029296875 -0.36444091796875
-0.0355148315429688 0.0171356201171875 0.73748779296875 0.35626220703125
-0.0299205780029297 -0.0306987762451172 0.2396240234375 0.8990478515625
0.0252361297607422 -0.00269126892089844 -0.28387451171875 0.65655517578125
0.0541839599609375 -0.00147247314453125 0.000671386718749994 0.089111328125
0.042572021484375 -0.0109214782714844 0.38299560546875 -0.57232666015625
0.0268840789794922 -0.0312213897705078 -0.11785888671875 -0.97381591796875
-0.00897502899169922 -0.00896835327148438 -0.7730712890625 -0.372314453125
-0.0105867385864258 0.00952816009521484 -0.59246826171875 0.35003662109375
0.00208640098571777 0.00231146812438965 -0.1212158203125 0.47979736328125
0.00399017333984375 -0.00451946258544922 0.261550903320312 0.273681640625
0.0122823715209961 0.00211334228515625 0.353363037109375 -0.03350830078125
0.0184173583984375 -0.00550460815429688 -0.343658447265625 0.0415039062499999
0.0116291046142578 -0.000657081604003906 -0.248748779296875 -0.240158081054687
0.0117425918579102 -0.0110769271850586 0.108612060546875 -0.477752685546875
0.00910377502441406 0.00875282287597656 0.593994140625 -0.35784912109375
-0.0365371704101562 0.0179481506347656 0.73126220703125 0.36663818359375
-0.0313472747802734 -0.0239200592041016 0.22796630859375 0.90264892578125
0.0195198059082031 0.00612258911132813 -0.287353515625 0.6552734375
0.0443916320800781 0.00490570068359375 0.000572204589843748 0.0873489379882813
0.0395698547363281 -0.000194549560546875 0.375 -0.57196044921875
0.0228080749511719 -0.0208454132080078 -0.12347412109375 -0.96539306640625
-0.00522232055664062 -0.00663661956787109 -0.7713623046875 -0.36431884765625
-0.00664281845092773 0.00631237030029297 -0.587890625 0.3519287109375
0.00462770462036133 -0.000823020935058594 -0.114288330078125 0.48175048828125
0.00847911834716797 -0.00755786895751953 0.2667236328125 0.273773193359375
0.0133886337280273 0.00264358520507813 0.351470947265625 -0.033843994140625
0.0185260772705078 -0.00372695922851563 -0.34405517578125 0.0372619628906251
0.0171995162963867 -0.00632572174072266 -0.245956420898438 -0.239044189453125
0.0179195404052734 -0.0177726745605469 0.11865234375 -0.4774169921875
0.0110588073730469 0.00572109222412109 0.601806640625 -0.3511962890625
-0.0361480712890625 0.0215492248535156 0.73260498046875 0.37652587890625
-0.0291805267333984 -0.0166034698486328 0.21917724609375 0.9095458984375
0.0160350799560547 0.0139732360839844 -0.295654296875 0.65570068359375
0.0391654968261719 0.0107994079589844 0.00234222412109375 0.0842056274414062
0.0321369171142578 0.00435256958007813 0.373291015625 -0.5770263671875
0.0247592926025391 -0.0147914886474609 -0.1402587890625 -0.965576171875
-0.00420570373535156 -0.00298285484313965 -0.77703857421875 -0.351806640625
-0.00395536422729492 0.00635957717895508 -0.581787109375 0.3665771484375
0.0102424621582031 -0.00417041778564453 -0.10760498046875 0.4844970703125
0.00922298431396484 -0.0121097564697266 0.26605224609375 0.272857666015625
0.0117349624633789 0.00219154357910156 0.351898193359375 -0.034912109375
0.0190067291259766 -0.0069122314453125 -0.345703125 0.03070068359375
0.0169668197631836 -0.00669193267822266 -0.243515014648438 -0.239837646484375
0.0232391357421875 -0.0178337097167969 0.12744140625 -0.47430419921875
0.0116119384765625 0.00326633453369141 0.60931396484375 -0.33843994140625
-0.0331840515136719 0.0233783721923828 0.72552490234375 0.39312744140625
-0.0298976898193359 -0.00880432128906251 0.20257568359375 0.9150390625
0.0106143951416016 0.0222072601318359 -0.30389404296875 0.64703369140625
0.0329570770263672 0.0145721435546875 0.00916290283203126 0.0801162719726563
0.0291938781738281 0.0104598999023438 0.366943359375 -0.58831787109375
0.0249233245849609 -0.00705146789550781 -0.15740966796875 -0.96173095703125
-0.00334811210632324 -0.00150156021118164 -0.78228759765625 -0.33721923828125
-0.00150370597839355 0.000450849533081055 -0.57177734375 0.3743896484375
0.0164642333984375 -0.00818729400634766 -0.10333251953125 0.486419677734375
0.00938320159912109 -0.0121059417724609 0.264755249023438 0.272689819335938
0.0108041763305664 -0.00188541412353516 0.34979248046875 -0.04095458984375
0.0201053619384766 -0.00970458984375 -0.3492431640625 0.0254821777343749
0.0179805755615234 -0.00579071044921875 -0.246368408203125 -0.241775512695312
0.0268154144287109 -0.0229034423828125 0.135986328125 -0.469451904296875
0.0174970626831055 0.00180435180664063 0.619873046875 -0.329833984375
-0.0328655242919922 0.0237655639648438 0.72235107421875 0.40625
-0.0309772491455078 -0.00341415405273437 0.18524169921875 0.9171142578125
0.00966453552246094 0.0259799957275391 -0.30780029296875 0.6378173828125
0.0297031402587891 0.0149803161621094 0.0146903991699219 0.0683555603027344
0.0251216888427734 0.0140476226806641 0.361083984375 -0.5980224609375
0.0233421325683594 -0.00256919860839844 -0.177001953125 -0.9573974609375
-0.00254130363464355 0.001556396484375 -0.78326416015625 -0.32049560546875
0.00228738784790039 -0.00224494934082031 -0.561553955078125 0.382293701171875
0.0192050933837891 -0.0101432800292969 -0.094451904296875 0.48724365234375
0.00973129272460938 -0.0140094757080078 0.265975952148438 0.266021728515625
0.0104360580444336 -0.0048065185546875 0.34637451171875 -0.0491943359375
0.0185012817382813 -0.0168914794921875 -0.359161376953125 0.04150390625
0.00439834594726563 0.00637674331665039 -0.265716552734375 -0.24566650390625
0.00963401794433594 -0.00749683380126953 0.0955810546875 -0.482635498046875
0.00290584564208984 0.0123043060302734 0.59710693359375 -0.36761474609375
-0.0359268188476562 0.0164413452148437 0.74810791015625 0.35308837890625
-0.0277023315429688 -0.0415000915527344 0.24542236328125 0.88800048828125
0.0321063995361328 -0.0198116302490234 -0.276123046875 0.644287109375
0.0673484802246094 -0.0178375244140625 0.0119094848632813 0.0733718872070312
0.0492095947265625 -0.0290756225585938 0.3731689453125 -0.59246826171875
0.02691650390625 -0.0433883666992188 -0.1422119140625 -0.9752197265625
-0.0073690414428711 -0.0119028091430664 -0.7796630859375 -0.3529052734375
-0.011016845703125 0.0119647979736328 -0.5789794921875 0.369384765625
0.00316905975341797 0.00525712966918945 -0.11383056640625 0.48345947265625
-0.00126338005065918 -0.00148546695709229 0.259506225585938 0.2606201171875
0.00576305389404297 -0.0109281539916992 0.34649658203125 -0.046234130859375
0.0169534683227539 -0.0126962661743164 -0.35205078125 0.0460510253906251
0.00844907760620117 0.00418472290039063 -0.261581420898438 -0.241378784179688
0.00933647155761719 -0.00647735595703125 0.093017578125 -0.484161376953125
0.00293350219726563 0.0145320892333984 0.5911865234375 -0.3702392578125
-0.0382080078125 0.0175819396972656 0.7474365234375 0.34710693359375
-0.0290565490722656 -0.0404548645019531 0.253662109375 0.89398193359375
0.0319595336914062 -0.0185184478759766 -0.276123046875 0.65679931640625
0.0645980834960938 -0.0148506164550781 0.00864410400390626 0.0812606811523438
0.0504035949707031 -0.0254592895507812 0.37689208984375 -0.58770751953125
0.0261802673339844 -0.0422477722167969 -0.13104248046875 -0.980712890625
-0.0101776123046875 -0.0133123397827148 -0.77508544921875 -0.36566162109375
-0.0118312835693359 0.0121173858642578 -0.58441162109375 0.361328125
0.000867366790771484 0.00519180297851563 -0.12005615234375 0.48089599609375
8.55922698974612E-05 -0.00293183326721191 0.26190185546875 0.260589599609375
0.00545120239257813 -0.00591230392456055 0.34759521484375 -0.0430908203125
0.017303466796875 -0.00708580017089844 -0.35003662109375 0.048370361328125
0.0108661651611328 0.0044708251953125 -0.258392333984375 -0.239349365234375
0.00873947143554688 -0.00906848907470703 0.092803955078125 -0.4837646484375
0.00192928314208984 0.013087272644043 0.58538818359375 -0.37298583984375
-0.0369491577148438 0.017974853515625 0.74383544921875 0.34356689453125
-0.0285224914550781 -0.037353515625 0.2525634765625 0.8907470703125
0.0292816162109375 -0.0109882354736328 -0.27764892578125 0.6590576171875
0.0604438781738281 -0.00890350341796875 0.00427246093749999 0.0867538452148438
0.0450668334960938 -0.0203704833984375 0.37872314453125 -0.5794677734375
0.0284957885742187 -0.0374832153320313 -0.12652587890625 -0.9716796875
-0.00749111175537109 -0.0115137100219727 -0.77423095703125 -0.365234375
-0.0116300582885742 0.0105161666870117 -0.58721923828125 0.35992431640625
0.00115823745727539 0.00465202331542969 -0.118743896484375 0.482330322265625
0.00287151336669922 -0.00436043739318848 0.265655517578125 0.264358520507813
0.00839614868164063 -0.00193214416503906 0.35321044921875 -0.039764404296875
0.0179805755615234 -0.00355339050292969 -0.345916748046875 0.047637939453125
0.013310432434082 0.00118446350097656 -0.25592041015625 -0.236831665039062
0.0131807327270508 -0.00899982452392578 0.095977783203125 -0.48321533203125
0.00381755828857422 0.0113487243652344 0.58685302734375 -0.37249755859375
-0.0358619689941406 0.019561767578125 0.74395751953125 0.348388671875
-0.0286731719970703 -0.0300006866455078 0.2515869140625 0.89984130859375
0.0258312225341797 -0.00357437133789063 -0.27587890625 0.66387939453125
0.0544052124023438 -0.0031280517578125 0.00162506103515625 0.0887222290039063
0.043243408203125 -0.009765625 0.37469482421875 -0.5782470703125
0.0264797210693359 -0.0309391021728516 -0.13018798828125 -0.97406005859375
-0.00927066802978516 -0.00959300994873047 -0.77825927734375 -0.365234375
-0.00927925109863281 0.0103778839111328 -0.58941650390625 0.3614501953125
0.00204372406005859 0.00263500213623047 -0.115234375 0.481536865234375
0.0056910514831543 -0.00686550140380859 0.267608642578125 0.2686767578125
0.0106782913208008 0.00190258026123047 0.353759765625 -0.03875732421875
0.0163106918334961 -0.00271320343017578 -0.344573974609375 0.04547119140625
0.0167512893676758 -0.000601768493652344 -0.2529296875 -0.233963012695313
0.0138301849365234 -0.0120077133178711 0.103485107421875 -0.4818115234375
0.00439548492431641 0.0100870132446289 0.5902099609375 -0.36492919921875
-0.0361595153808594 0.0200347900390625 0.73858642578125 0.35760498046875
-0.0300483703613281 -0.0213508605957031 0.24139404296875 0.900634765625
0.0217247009277344 0.00620079040527344 -0.281005859375 0.66070556640625
0.0479812622070313 0.00347518920898438 0.0025177001953125 0.0878219604492187
0.0379905700683594 -0.0036163330078125 0.37158203125 -0.576416015625
0.0238914489746094 -0.0228958129882813 -0.13531494140625 -0.96630859375
-0.00590944290161133 -0.00724554061889648 -0.77734375 -0.3570556640625
-0.00837278366088867 0.00749540328979492 -0.584228515625 0.36163330078125
0.00657749176025391 -0.00108814239501953 -0.11175537109375 0.482208251953125
0.00701475143432617 -0.00781679153442383 0.270034790039062 0.268386840820313
0.00899124145507813 0.0019378662109375 0.35443115234375 -0.0382080078125
0.019195556640625 -0.00363540649414063 -0.3458251953125 0.04022216796875
0.0183238983154297 -0.00385665893554688 -0.251419067382813 -0.237152099609375
0.0171356201171875 -0.0182971954345703 0.11199951171875 -0.482666015625
0.0100173950195313 0.0056915283203125 0.59765625 -0.360595703125
-0.0335044860839844 0.0216503143310547 0.7381591796875 0.3699951171875
-0.0307750701904297 -0.0147972106933594 0.22705078125 0.9102783203125
0.0168914794921875 0.0163049697875977 -0.2882080078125 0.66119384765625
0.036865234375 0.0104255676269531 0.00405120849609376 0.08416748046875
0.0327930450439453 0.00422859191894531 0.3658447265625 -0.5823974609375
0.0235157012939453 -0.0159683227539063 -0.15350341796875 -0.96502685546875
-0.00501155853271484 -0.0039668083190918 -0.7828369140625 -0.3436279296875
-0.00403165817260742 0.00556612014770508 -0.578125 0.37298583984375
0.0108776092529297 -0.00428962707519531 -0.10333251953125 0.487762451171875
0.00878524780273438 -0.0122623443603516 0.271087646484375 0.267440795898438
0.0102939605712891 0.00189495086669922 0.353363037109375 -0.042510986328125
0.0186653137207031 -0.00474929809570313 -0.348052978515625 0.035888671875
0.0186100006103516 -0.00586700439453125 -0.249755859375 -0.236801147460938
0.0223770141601563 -0.023101806640625 0.12158203125 -0.47760009765625
0.0129222869873047 0.00238037109375 0.60784912109375 -0.3505859375
-0.0324630737304687 0.0235595703125 0.73236083984375 0.38360595703125
-0.0308189392089844 -0.005615234375 0.21484375 0.91094970703125
0.0138816833496094 0.0232582092285156 -0.29473876953125 0.6497802734375
0.0323734283447266 0.0139522552490234 0.009765625 0.0767059326171875
0.0253200531005859 0.0115852355957031 0.3597412109375 -0.5916748046875
0.0225906372070313 -0.00655364990234375 -0.1680908203125 -0.96234130859375
-0.00281524658203125 -0.00195932388305664 -0.78887939453125 -0.3277587890625
-0.000110417604446411 0.000206112861633301 -0.5679931640625 0.3817138671875
0.0151386260986328 -0.00669384002685547 -0.097259521484375 0.48858642578125
0.00891876220703125 -0.0120391845703125 0.270584106445313 0.264877319335938
0.0113687515258789 -0.00141048431396484 0.352325439453125 -0.0482177734375
0.0223274230957031 -0.007568359375 -0.349700927734375 0.031097412109375
0.0177345275878906 -0.00547218322753906 -0.248489379882813 -0.237960815429687
0.0256137847900391 -0.02313232421875 0.13055419921875 -0.47271728515625
0.0173673629760742 9.918212890625E-05 0.6163330078125 -0.3406982421875
-0.0311145782470703 0.0256404876708984 0.72784423828125 0.39947509765625
-0.0328083038330078 -0.00281333923339844 0.19677734375 0.9161376953125
0.0111618041992188 0.0249805450439453 -0.29962158203125 0.643310546875
0.0304813385009766 0.0147266387939453 0.0152206420898437 0.0695610046386719
0.025054931640625 0.0139141082763672 0.35302734375 -0.60162353515625
0.0234298706054688 -0.00438499450683594 -0.1864013671875 -0.95977783203125
0.000732958316802979 0.000588297843933105 -0.78875732421875 -0.31243896484375
0.00269317626953125 -0.00238251686096191 -0.558258056640625 0.392059326171875
0.0185394287109375 -0.00822257995605469 -0.0895690917968751 0.4923095703125
0.00891304016113281 -0.0131626129150391 0.268325805664063 0.2646484375
0.0107021331787109 -0.00426197052001953 0.34857177734375 -0.054718017578125
0.0198631286621094 -0.0150909423828125 -0.357940673828125 0.047698974609375
0.00626087188720703 0.00649881362915039 -0.26739501953125 -0.241317749023438
0.0105915069580078 -0.00567722320556641 0.0906677246093751 -0.483428955078125
0.00275230407714844 0.0134487152099609 0.591064453125 -0.37542724609375
-0.0371780395507813 0.0166091918945313 0.754150390625 0.34228515625
-0.0293540954589844 -0.0413093566894531 0.25506591796875 0.88507080078125
0.0324783325195313 -0.0211277008056641 -0.2674560546875 0.64984130859375
0.0666313171386719 -0.0190582275390625 0.0144729614257813 0.0748748779296875
0.0466461181640625 -0.0311927795410156 0.3668212890625 -0.59930419921875
0.0247268676757812 -0.0434837341308594 -0.155517578125 -0.97332763671875
-0.00698089599609375 -0.0126829147338867 -0.7818603515625 -0.34222412109375
-0.00954246520996094 0.0129756927490234 -0.57342529296875 0.37841796875
0.00187206268310547 0.0055079460144043 -0.10845947265625 0.485076904296875
-0.00155723094940186 -0.00065159797668457 0.263900756835938 0.258224487304688
0.00582981109619141 -0.0113992691040039 0.345794677734375 -0.051605224609375
0.0185928344726563 -0.0111217498779297 -0.35150146484375 0.052642822265625
0.00836181640625 0.00548458099365234 -0.264816284179688 -0.235855102539062
0.00846719741821289 -0.0056614875793457 0.088348388671875 -0.486053466796875
0.000949859619140625 0.013493537902832 0.5860595703125 -0.38043212890625
-0.0355949401855469 0.0182151794433594 0.75238037109375 0.33612060546875
-0.029693603515625 -0.0378913879394531 0.26373291015625 0.88800048828125
0.0305290222167969 -0.0164566040039063 -0.26666259765625 0.6573486328125
0.0633773803710938 -0.0153274536132813 0.00994873046875 0.0813140869140625
0.0482025146484375 -0.0284881591796875 0.36993408203125 -0.5911865234375
0.0257759094238281 -0.0425796508789062 -0.1419677734375 -0.97882080078125
-0.00868129730224609 -0.011052131652832 -0.7794189453125 -0.35650634765625
-0.0109386444091797 0.0126466751098633 -0.5791015625 0.3697509765625
0.000890254974365235 0.00551891326904297 -0.11279296875 0.4820556640625
-0.00046229362487793 -0.00311732292175293 0.266159057617188 0.257064819335938
0.00723409652709961 -0.00659275054931641 0.346466064453125 -0.048126220703125
0.0184993743896484 -0.00905418395996094 -0.348846435546875 0.054290771484375
0.0108013153076172 0.00545406341552734 -0.262115478515625 -0.234771728515625
0.00907707214355469 -0.0075082778930664 0.086517333984375 -0.48516845703125
0.00155448913574219 0.0142116546630859 0.58056640625 -0.3814697265625
-0.0365371704101563 0.0183677673339844 0.74859619140625 0.332763671875
-0.0310688018798828 -0.0347862243652344 0.26300048828125 0.8895263671875
0.0288677215576172 -0.0128936767578125 -0.26861572265625 0.66326904296875
0.0595664978027344 -0.00901031494140625 0.00440979003906251 0.0864639282226563
0.0474739074707031 -0.0199928283691406 0.370849609375 -0.58294677734375
0.0243453979492187 -0.0392189025878906 -0.13934326171875 -0.9705810546875
-0.00998783111572265 -0.0104398727416992 -0.77825927734375 -0.35479736328125
-0.0109157562255859 0.0105381011962891 -0.58294677734375 0.3663330078125
-8.79764556884769E-05 0.00362896919250488 -0.1126708984375 0.48248291015625
0.00115966796875 -0.00454330444335938 0.271530151367188 0.262313842773438
0.00738191604614258 -0.00315046310424805 0.351654052734375 -0.0447998046875
0.0188331604003906 -0.00443649291992188 -0.345672607421875 0.052978515625
0.0150156021118164 0.00224781036376953 -0.258773803710938 -0.2318115234375
0.0102872848510742 -0.00891304016113281 0.089630126953125 -0.48699951171875
0.00300502777099609 0.011530876159668 0.5792236328125 -0.38079833984375
-0.03662109375 0.0189971923828125 0.750244140625 0.338134765625
-0.0288982391357422 -0.0276908874511719 0.26202392578125 0.89459228515625
0.0248527526855469 -0.00239753723144531 -0.26751708984375 0.66839599609375
0.0533103942871094 -0.00324249267578125 0.00315856933593749 0.0898895263671875
0.0418815612792969 -0.0129318237304688 0.36773681640625 -0.58050537109375
0.0262489318847656 -0.0312004089355469 -0.14447021484375 -0.97076416015625
-0.00807380676269531 -0.0108880996704102 -0.7818603515625 -0.35552978515625
-0.0102119445800781 0.00939559936523438 -0.58441162109375 0.3687744140625
0.00220918655395508 0.000928401947021484 -0.111083984375 0.481842041015625
0.00330734252929687 -0.00553083419799805 0.2730712890625 0.263656616210938
0.0100431442260742 0.000802040100097656 0.353759765625 -0.04345703125
0.018310546875 -0.00259590148925781 -0.343902587890625 0.050323486328125
0.0168752670288086 -0.00115489959716797 -0.253524780273438 -0.229080200195312
0.0125045776367188 -0.0145940780639648 0.095672607421875 -0.483642578125
0.0070037841796875 0.0107889175415039 0.5860595703125 -0.37506103515625
-0.03265380859375 0.0208835601806641 0.74310302734375 0.3470458984375
-0.0310096740722656 -0.0208110809326172 0.25177001953125 0.8997802734375
0.0210914611816406 0.00750541687011719 -0.2764892578125 0.66571044921875
0.0454788208007812 0.00371170043945312 0.003082275390625 0.0892105102539063
0.0385971069335938 -0.00400924682617188 0.36444091796875 -0.5823974609375
0.0245380401611328 -0.0220870971679688 -0.15020751953125 -0.9664306640625
-0.00728511810302735 -0.00877666473388672 -0.78179931640625 -0.3487548828125
-0.00798654556274414 0.00594186782836914 -0.57763671875 0.3707275390625
0.00632953643798828 -0.00124073028564453 -0.10614013671875 0.485504150390625
0.00829362869262695 -0.0075373649597168 0.273757934570313 0.266143798828125
0.0107364654541016 0.00225257873535156 0.353179931640625 -0.04498291015625
0.0182666778564453 -0.00427818298339844 -0.346771240234375 0.0447998046875
0.0185890197753906 -0.00287055969238281 -0.253952026367188 -0.231246948242187
0.0149497985839844 -0.0178108215332031 0.10394287109375 -0.480743408203125
0.00823163986206055 0.0065302848815918 0.59295654296875 -0.37066650390625
-0.034027099609375 0.0224933624267578 0.743408203125 0.3585205078125
-0.0294570922851563 -0.0133533477783203 0.23931884765625 0.9052734375
0.0157680511474609 0.0146541595458984 -0.27874755859375 0.6627197265625
0.0381584167480469 0.00915908813476563 0.00546264648437501 0.0839691162109375
0.0312442779541016 0.00429725646972656 0.35772705078125 -0.58648681640625
0.0245075225830078 -0.0157890319824219 -0.16412353515625 -0.96258544921875
-0.0043635368347168 -0.00361847877502441 -0.7861328125 -0.3338623046875
-0.00239229202270508 0.00512456893920898 -0.57208251953125 0.37744140625
0.0104875564575195 -0.0039215087890625 -0.09686279296875 0.487701416015625
0.00992202758789063 -0.00977039337158203 0.275177001953125 0.263275146484375
0.0108318328857422 -7.62939453125E-06 0.35125732421875 -0.047760009765625
0.0194664001464844 -0.00504875183105469 -0.34820556640625 0.040496826171875
0.0179843902587891 -0.00349807739257812 -0.25238037109375 -0.231170654296875
0.0217056274414063 -0.0186557769775391 0.116668701171875 -0.47857666015625
0.0118627548217773 0.00319480895996094 0.60076904296875 -0.3597412109375
-0.0301761627197266 0.0252952575683594 0.7381591796875 0.37261962890625
-0.0311298370361328 -0.00550460815429688 0.22314453125 0.90911865234375
0.0142173767089844 0.0205574035644531 -0.28607177734375 0.65496826171875
0.034332275390625 0.0133476257324219 0.0108261108398438 0.0778045654296875
0.0275993347167969 0.0111846923828125 0.3504638671875 -0.59576416015625
0.0219593048095703 -0.00876617431640625 -0.18194580078125 -0.958251953125
-0.00238800048828125 -0.000217914581298828 -0.7916259765625 -0.31744384765625
-0.00129270553588867 0.000225424766540527 -0.56268310546875 0.38787841796875
0.0144014358520508 -0.00736427307128906 -0.088592529296875 0.488494873046875
0.00903701782226563 -0.011174201965332 0.276290893554688 0.26129150390625
0.0105495452880859 -0.00131607055664062 0.35015869140625 -0.05322265625
0.0222110748291016 -0.00933074951171875 -0.35028076171875 0.03668212890625
0.0187397003173828 -0.00695991516113281 -0.252105712890625 -0.233001708984375
0.0257186889648438 -0.0227832794189453 0.123291015625 -0.475341796875
0.0156621932983398 -0.000351905822753906 0.613037109375 -0.348388671875
-0.0306186676025391 0.0269432067871094 0.7335205078125 0.3895263671875
-0.0309677124023438 -0.00140953063964844 0.20599365234375 0.91351318359375
0.0112171173095703 0.0269126892089844 -0.291748046875 0.6453857421875
0.0293922424316406 0.0145530700683594 0.0168991088867188 0.0708160400390625
0.02484130859375 0.0130729675292969 0.346923828125 -0.60552978515625
0.0211734771728516 -0.00492095947265625 -0.19677734375 -0.955810546875
-0.00104105472564697 0.00111854076385498 -0.79248046875 -0.30084228515625
0.0011284351348877 -0.00313878059387207 -0.551971435546875 0.3978271484375
0.0199928283691406 -0.00961112976074219 -0.080230712890625 0.490875244140625
0.00786876678466797 -0.0133848190307617 0.27301025390625 0.260055541992188
0.010462760925293 -0.00301265716552734 0.345245361328125 -0.059173583984375
0.0191650390625 -0.0170345306396484 -0.357635498046875 0.048980712890625
0.00428104400634766 0.00857448577880859 -0.270797729492187 -0.236862182617188
0.0106840133666992 -0.00820350646972656 0.08392333984375 -0.4859619140625
-0.000234603881835937 0.0110998153686523 0.585205078125 -0.38421630859375
-0.0357131958007813 0.0179061889648438 0.75750732421875 0.330810546875
-0.02752685546875 -0.0400886535644531 0.26531982421875 0.8802490234375
0.0318431854248047 -0.0213375091552734 -0.26007080078125 0.6513671875
0.0679740905761719 -0.0203933715820313 0.0150833129882813 0.0739212036132812
0.0458221435546875 -0.0303726196289063 0.3572998046875 -0.602294921875
0.027008056640625 -0.0423545837402344 -0.16998291015625 -0.97137451171875
-0.00995922088623047 -0.0109329223632813 -0.78594970703125 -0.33251953125
-0.006378173828125 0.0118627548217773 -0.56744384765625 0.3853759765625
0.00272035598754883 0.00630426406860351 -0.102630615234375 0.484161376953125
-0.00157666206359863 -0.00212669372558594 0.268096923828125 0.252716064453125
0.00546169281005859 -0.0132083892822266 0.34637451171875 -0.055450439453125
0.0183048248291016 -0.0112171173095703 -0.348785400390625 0.0561218261718751
0.00858497619628906 0.00409793853759766 -0.26708984375 -0.2310791015625
0.00812816619873047 -0.00543117523193359 0.078399658203125 -0.48663330078125
0.00120639801025391 0.015040397644043 0.5753173828125 -0.3875732421875
-0.0362739562988281 0.0192108154296875 0.75677490234375 0.3271484375
-0.0265846252441406 -0.0376548767089844 0.27386474609375 0.8818359375
0.0305824279785156 -0.0188159942626953 -0.25604248046875 0.66314697265625
0.0627784729003906 -0.0157890319824219 0.0115203857421875 0.0809326171875
0.0475349426269531 -0.0291671752929688 0.35992431640625 -0.5941162109375
0.0256500244140625 -0.0411300659179688 -0.15350341796875 -0.97698974609375
-0.00911426544189453 -0.011134147644043 -0.78363037109375 -0.34210205078125
-0.0115652084350586 0.0109424591064453 -0.57403564453125 0.376220703125
0.000831604003906251 0.00650262832641601 -0.104278564453125 0.484222412109375
-0.000536680221557617 -0.00295543670654297 0.271743774414062 0.25335693359375
0.00696849822998047 -0.00605297088623047 0.3450927734375 -0.05194091796875
0.0183906555175781 -0.00868034362792969 -0.350982666015625 0.0598144531249999
0.0156021118164063 0.00361442565917969 -0.263931274414063 -0.229843139648437
0.00673294067382812 -0.00616788864135742 0.0814208984375 -0.486724853515625
0.000707626342773436 0.0144834518432617 0.57232666015625 -0.39111328125
-0.0351905822753906 0.0224571228027344 0.7503662109375 0.319091796875
-0.0298652648925781 -0.0338611602783203 0.2742919921875 0.88519287109375
0.0305252075195313 -0.0124397277832031 -0.25689697265625 0.66326904296875
0.0622634887695313 -0.0113296508789063 0.00479125976562501 0.0850830078125
0.0452804565429687 -0.0206489562988281 0.3658447265625 -0.585693359375
0.0230331420898438 -0.0388374328613281 -0.1478271484375 -0.9683837890625
-0.0100955963134766 -0.0126676559448242 -0.78302001953125 -0.345703125
-0.0100536346435547 0.0132255554199219 -0.5794677734375 0.37249755859375
0.00186395645141602 0.00593280792236328 -0.106597900390625 0.484405517578125
-0.000944852828979492 -0.0028538703918457 0.274581909179688 0.255477905273438
0.00632238388061523 -0.0036473274230957 0.352813720703125 -0.05072021484375
0.0175838470458984 -0.00405311584472656 -0.345306396484375 0.0575866699218749
0.012883186340332 0.000267982482910156 -0.263076782226563 -0.22698974609375
0.00966548919677734 -0.0105695724487305 0.0828857421875001 -0.485687255859375
0.00309085845947266 0.0115776062011719 0.5732421875 -0.38958740234375
-0.0348758697509766 0.0200462341308594 0.751708984375 0.3271484375
-0.028961181640625 -0.0277824401855469 0.27105712890625 0.88812255859375
0.0245323181152344 -0.0051116943359375 -0.26043701171875 0.6676025390625
0.0517730712890625 -0.00605392456054688 0.00465393066406251 0.0892257690429688
0.0406455993652344 -0.0138587951660156 0.3634033203125 -0.5855712890625
0.0270652770996094 -0.0303573608398438 -0.15478515625 -0.96539306640625
-0.0100250244140625 -0.00865650177001953 -0.7838134765625 -0.34173583984375
-0.0106525421142578 0.00920009613037109 -0.57879638671875 0.37359619140625
0.00229263305664063 0.00104594230651855 -0.104339599609375 0.48577880859375
0.00289821624755859 -0.00531148910522461 0.276748657226563 0.259140014648438
0.00988674163818359 0.000435829162597656 0.353424072265625 -0.04815673828125
0.0202503204345703 -0.00479888916015625 -0.34747314453125 0.055633544921875
0.015233039855957 0.00162220001220703 -0.259033203125 -0.228912353515625
0.01202392578125 -0.0135288238525391 0.08917236328125 -0.484039306640625
0.00658893585205078 0.00998592376708985 0.5762939453125 -0.38372802734375
-0.036529541015625 0.0201339721679688 0.74420166015625 0.33563232421875
-0.0299625396728516 -0.020111083984375 0.262451171875 0.89349365234375
0.0226612091064453 0.00822257995605469 -0.26568603515625 0.6673583984375
0.0450592041015625 0.00028228759765625 0.00218963623046875 0.0902023315429688
0.0352859497070313 -0.0052490234375 0.358642578125 -0.58282470703125
0.0234565734863281 -0.0208053588867188 -0.1610107421875 -0.964111328125
-0.00567054748535156 -0.00612163543701172 -0.78472900390625 -0.339111328125
-0.00695610046386718 0.00951957702636719 -0.57550048828125 0.3758544921875
0.0085306167602539 -0.00209951400756836 -0.100677490234375 0.48175048828125
0.00647497177124023 -0.00758266448974609 0.274612426757813 0.260650634765625
0.00930118560791016 0.00193214416503906 0.352783203125 -0.0498046875
0.0186100006103516 -0.00426292419433594 -0.34478759765625 0.05035400390625
0.0160284042358398 -0.00151729583740234 -0.256683349609375 -0.225357055664062
0.0150022506713867 -0.0161170959472656 0.10064697265625 -0.4827880859375
0.00681304931640625 0.00656461715698242 0.5850830078125 -0.37786865234375
-0.0312519073486328 0.0257167816162109 0.74749755859375 0.35211181640625
-0.0296134948730469 -0.0142841339111328 0.250244140625 0.90179443359375
0.0179100036621094 0.015289306640625 -0.26922607421875 0.666259765625
0.0366668701171875 0.0095062255859375 0.00592041015625 0.0873336791992188
0.0331363677978516 0.00368690490722656 0.3526611328125 -0.59063720703125
0.0223484039306641 -0.0157413482666016 -0.17840576171875 -0.95733642578125
-0.00447702407836914 -0.00354719161987305 -0.790283203125 -0.3251953125
-0.00383281707763672 0.00310850143432617 -0.5672607421875 0.3870849609375
0.0125255584716797 -0.00226116180419922 -0.091552734375 0.487701416015625
0.00720787048339844 -0.00934982299804688 0.279129028320313 0.256118774414063
0.0116634368896484 0.00248146057128906 0.351715087890625 -0.051666259765625
0.0215339660644531 -0.00572586059570312 -0.347930908203125 0.0486145019531249
0.0174198150634766 -0.00449848175048828 -0.256698608398438 -0.228836059570312
0.0210971832275391 -0.021331787109375 0.108917236328125 -0.481048583984375
0.010279655456543 0.00255298614501953 0.5953369140625 -0.36517333984375
-0.0289497375488281 0.0239410400390625 0.74188232421875 0.36358642578125
-0.0298671722412109 -0.00889396667480469 0.234375 0.9027099609375
0.01568603515625 0.0220451354980469 -0.27606201171875 0.65826416015625
0.0331344604492188 0.0127830505371094 0.01068115234375 0.0805587768554688
0.0248966217041016 0.00942230224609375 0.34332275390625 -0.59857177734375
0.0215835571289062 -0.00939369201660156 -0.19427490234375 -0.95440673828125
-0.00318002700805664 -0.000965118408203125 -0.79168701171875 -0.31048583984375
-0.00160849094390869 0.00123119354248047 -0.558135986328125 0.394622802734375
0.0130729675292969 -0.00815200805664063 -0.082427978515625 0.4888916015625
0.0090484619140625 -0.0126399993896484 0.277816772460938 0.25640869140625
0.0104560852050781 -0.00171756744384766 0.348358154296875 -0.059539794921875
0.0212173461914063 -0.00843238830566406 -0.350128173828125 0.041351318359375
0.0194568634033203 -0.00597000122070313 -0.253448486328125 -0.227493286132812
0.0241851806640625 -0.0222034454345703 0.117645263671875 -0.4764404296875
0.0155000686645508 -1.23977661132813E-05 0.60711669921875 -0.355224609375
-0.0301399230957031 0.0245742797851563 0.73870849609375 0.37860107421875
-0.0312061309814453 0.000875473022460941 0.21917724609375 0.9097900390625
0.0148143768310547 0.0255184173583984 -0.28179931640625 0.64776611328125
0.0286045074462891 0.0132560729980469 0.0207786560058594 0.0688018798828125
0.0256900787353516 0.0123367309570313 0.3397216796875 -0.606689453125
0.0239315032958984 -0.00398063659667969 -0.20782470703125 -0.950439453125
-0.000964045524597168 0.00174891948699951 -0.793212890625 -0.29486083984375
0.00346493721008301 -0.00335025787353516 -0.54638671875 0.405487060546875
0.019927978515625 -0.0114002227783203 -0.07525634765625 0.490875244140625
0.00702285766601562 -0.0138616561889648 0.278488159179688 0.2552490234375
0.00898265838623047 -0.00584793090820313 0.3424072265625 -0.06494140625
0.0211296081542969 -0.0200672149658203 -0.355987548828125 0.0567626953125
0.00494146347045898 0.00425338745117187 -0.274810791015625 -0.231155395507813
0.00670909881591797 -0.00918006896972656 0.076812744140625 -0.483367919921875
-0.000454902648925782 0.0139007568359375 0.57733154296875 -0.3883056640625
-0.0368270874023438 0.0179786682128906 0.75860595703125 0.32232666015625
-0.0261154174804688 -0.0402984619140625 0.27227783203125 0.87225341796875
0.0333747863769531 -0.0200672149658203 -0.25042724609375 0.65185546875
0.0658111572265625 -0.0221672058105469 0.016998291015625 0.0753555297851563
0.0475540161132813 -0.0335807800292969 0.35089111328125 -0.6015625
0.0216255187988281 -0.0439910888671875 -0.17889404296875 -0.964599609375
-0.00725841522216797 -0.0118684768676758 -0.7835693359375 -0.32391357421875
-0.00983810424804688 0.0106906890869141 -0.562103271484375 0.3946533203125
0.00310754776000977 0.00492763519287109 -0.09503173828125 0.485504150390625
-0.000670313835144043 -0.00181913375854492 0.27008056640625 0.24798583984375
0.00478649139404297 -0.0109615325927734 0.340576171875 -0.058349609375
0.0189113616943359 -0.0119514465332031 -0.348175048828125 0.061492919921875
0.00929641723632813 0.00539684295654297 -0.269149780273438 -0.227935791015625
0.00527715682983398 -0.00239419937133789 0.07684326171875 -0.487518310546875
0.000225067138671874 0.0140485763549805 0.5694580078125 -0.39404296875
-0.0351200103759766 0.0178909301757812 0.75738525390625 0.3154296875
-0.0287513732910156 -0.0356597900390625 0.28363037109375 0.88031005859375
0.0295314788818359 -0.0185966491699219 -0.251220703125 0.660400390625
0.0616035461425781 -0.0162925720214844 0.0129776000976563 0.0852813720703125
0.0448875427246094 -0.0296096801757813 0.35418701171875 -0.5948486328125
0.0237579345703125 -0.0432472229003906 -0.16363525390625 -0.96875
-0.0106697082519531 -0.012782096862793 -0.783935546875 -0.3353271484375
-0.0117063522338867 0.0102472305297852 -0.5672607421875 0.3812255859375
0.00156641006469727 0.00504779815673828 -0.101470947265625 0.48370361328125
-0.000490665435791016 -0.00149190425872803 0.273513793945312 0.244171142578125
0.00481605529785156 -0.00703191757202148 0.344696044921875 -0.05706787109375
0.0200023651123047 -0.00794601440429688 -0.34576416015625 0.0639343261718751
0.012852668762207 0.00411224365234375 -0.269866943359375 -0.223663330078125
0.00859355926513672 -0.0110788345336914 0.075927734375 -0.48486328125
0.00267124176025391 0.0146989822387695 0.56719970703125 -0.39508056640625
-0.036224365234375 0.0171623229980469 0.75433349609375 0.31341552734375
-0.0294094085693359 -0.0342826843261719 0.28338623046875 0.8785400390625
0.0304145812988281 -0.0116233825683594 -0.25054931640625 0.66796875
0.0584259033203125 -0.0104484558105469 0.00645446777343751 0.0889663696289063
0.04461669921875 -0.0215263366699219 0.3555908203125 -0.587890625
0.0219917297363281 -0.0392112731933594 -0.15936279296875 -0.96197509765625
-0.00938606262207031 -0.0128297805786133 -0.78302001953125 -0.34027099609375
-0.0107336044311523 0.0138912200927734 -0.5692138671875 0.38055419921875
-0.00359129905700684 0.00418758392333984 -0.10015869140625 0.483306884765625
0.00190043449401855 -0.00226521492004395 0.279022216796875 0.251007080078125
0.00843477249145508 -0.00216054916381836 0.347564697265625 -0.054473876953125
0.0206336975097656 -0.00649833679199219 -0.342376708984375 0.0643310546875
0.0150785446166992 0.00249767303466797 -0.26336669921875 -0.225357055664063
0.0106353759765625 -0.00962257385253906 0.076507568359375 -0.485748291015625
0.00318622589111328 0.0108957290649414 0.56494140625 -0.3951416015625
-0.0346107482910156 0.0216732025146484 0.7529296875 0.3133544921875
-0.0268707275390625 -0.0267257690429688 0.280517578125 0.88360595703125
0.0255451202392578 -0.003143310546875 -0.25250244140625 0.6710205078125
0.049407958984375 -0.0059661865234375 0.002899169921875 0.0880279541015625
0.0423240661621094 -0.0140724182128906 0.352294921875 -0.58441162109375
0.0241794586181641 -0.0312480926513672 -0.164794921875 -0.96087646484375
-0.0106782913208008 -0.0111665725708008 -0.78466796875 -0.335693359375
-0.0104875564575195 0.00780773162841797 -0.5673828125 0.38043212890625
0.00284910202026367 0.00324487686157227 -0.0985107421875 0.48040771484375
0.00493144989013672 -0.00688266754150391 0.276382446289063 0.254180908203125
0.00805759429931641 0.00227546691894531 0.347503662109375 -0.05523681640625
0.0233020782470703 -0.00471878051757812 -0.344482421875 0.06121826171875
0.0174140930175781 0.000904083251953125 -0.258987426757813 -0.220687866210938
0.00830554962158203 -0.0107622146606445 0.08203125 -0.482940673828125
0.00568580627441406 0.00903511047363281 0.57147216796875 -0.39031982421875
-0.0353240966796875 0.02154541015625 0.7486572265625 0.32257080078125
-0.0316810607910156 -0.0188579559326172 0.2705078125 0.8890380859375
0.0212211608886719 0.00835609436035156 -0.2591552734375 0.66839599609375
0.0442581176757813 0.00399398803710938 0.00673675537109375 0.0854110717773438
0.0379714965820313 -0.00228118896484375 0.35089111328125 -0.58465576171875
0.0209426879882813 -0.0220165252685547 -0.16485595703125 -0.9593505859375
-0.00857019424438477 -0.00625896453857422 -0.786376953125 -0.32733154296875
-0.00907993316650391 0.00517654418945313 -0.56573486328125 0.3819580078125
0.00507545471191406 -0.000655174255371094 -0.091796875 0.48626708984375
0.00699138641357422 -0.00766563415527344 0.281463623046875 0.254791259765625
0.0104045867919922 -0.000386238098144531 0.352783203125 -0.05352783203125
0.020751953125 -0.00342369079589844 -0.342376708984375 0.054718017578125
0.0186080932617188 -0.00408554077148438 -0.258651733398438 -0.222213745117188
0.0126209259033203 -0.0179042816162109 0.091552734375 -0.481536865234375
0.00618982315063477 0.00643587112426758 0.5789794921875 -0.3834228515625
-0.0355720520019531 0.0241470336914063 0.74810791015625 0.3408203125
-0.0284595489501953 -0.0117931365966797 0.26153564453125 0.89483642578125
0.0198230743408203 0.0146884918212891 -0.263427734375 0.66619873046875
0.0353469848632813 0.00737380981445313 0.00591278076171875 0.0881729125976563
0.0329494476318359 0.00345230102539063 0.34515380859375 -0.5902099609375
0.0237102508544922 -0.0138015747070313 -0.18414306640625 -0.95361328125
-0.00562858581542969 -0.00259208679199219 -0.79229736328125 -0.3140869140625
-0.00432419776916504 0.00378799438476562 -0.558380126953125 0.390777587890625
0.010676383972168 -0.000772476196289062 -0.08514404296875 0.4852294921875
0.00458908081054688 -0.00883769989013672 0.282196044921875 0.2548828125
0.00995159149169922 -0.000987052917480469 0.348358154296875 -0.055145263671875
0.0199413299560547 -0.00766372680664063 -0.344329833984375 0.0528564453125001
0.0200881958007813 -0.00342559814453125 -0.255767822265625 -0.220016479492188
0.0162029266357422 -0.0199680328369141 0.10284423828125 -0.47784423828125
0.0103960037231445 0.00274372100830078 0.58721923828125 -0.37445068359375
-0.0317020416259766 0.0245170593261719 0.74615478515625 0.3538818359375
-0.0293102264404297 -0.00850677490234375 0.2471923828125 0.90106201171875
0.0131645202636719 0.0200271606445313 -0.2686767578125 0.657958984375
0.0317134857177734 0.0102577209472656 0.0151596069335938 0.0795669555664063
0.0287437438964844 0.00694847106933594 0.33441162109375 -0.60101318359375
0.0203781127929688 -0.0107822418212891 -0.20306396484375 -0.94647216796875
-0.00250077247619629 5.96046447753914E-06 -0.79595947265625 -0.29736328125
-0.00138068199157715 0.00282478332519531 -0.548797607421875 0.404205322265625
0.017542839050293 -0.00873279571533203 -0.0744018554687499 0.4862060546875
0.00853681564331055 -0.00856971740722656 0.281951904296875 0.251373291015625
0.00831079483032227 -0.000898361206054688 0.343963623046875 -0.061004638671875
0.0217494964599609 -0.00937843322753906 -0.3463134765625 0.0490722656250001
0.0188465118408203 -0.00555419921875 -0.257904052734375 -0.224349975585937
0.0224399566650391 -0.0256729125976563 0.11065673828125 -0.475830078125
0.0161504745483398 -0.00064849853515625 0.6009521484375 -0.36297607421875
-0.0298309326171875 0.0279521942138672 0.74041748046875 0.36553955078125
-0.0301570892333984 0.00239372253417969 0.2296142578125 0.901611328125
0.0124492645263672 0.0252876281738281 -0.2738037109375 0.6531982421875
0.0247325897216797 0.0130157470703125 0.0167922973632813 0.0699310302734375
0.0238304138183594 0.0135383605957031 0.330322265625 -0.60894775390625
0.0213222503662109 -0.00489425659179688 -0.22320556640625 -0.950439453125
0.00066828727722168 0.00276470184326172 -0.79315185546875 -0.28289794921875
0.00321507453918457 -0.00228071212768555 -0.537841796875 0.40771484375
0.0214023590087891 -0.0105876922607422 -0.068695068359375 0.49066162109375
0.00984096527099609 -0.0152692794799805 0.279647827148437 0.247314453125
0.00987434387207031 -0.00483036041259766 0.3441162109375 -0.068695068359375
0.0197391510009766 -0.0184116363525391 -0.35321044921875 0.0623779296875
0.00640058517456055 0.00759267807006836 -0.274765014648438 -0.22576904296875
0.00748825073242188 -0.00623655319213867 0.06903076171875 -0.485260009765625
0.002044677734375 0.0123968124389648 0.57208251953125 -0.39434814453125
-0.034912109375 0.0186080932617188 0.75762939453125 0.3082275390625
-0.0280189514160156 -0.0376205444335938 0.2818603515625 0.867431640625
0.0311298370361328 -0.0207328796386719 -0.2451171875 0.651611328125
0.062347412109375 -0.0216827392578125 0.0166702270507813 0.0760421752929687
0.0451622009277344 -0.0330924987792969 0.3416748046875 -0.60205078125
0.0215644836425781 -0.0449447631835937 -0.18621826171875 -0.95782470703125
-0.0074920654296875 -0.00971412658691406 -0.78448486328125 -0.3126220703125
-0.0101280212402344 0.0120887756347656 -0.55487060546875 0.392822265625
0.00257015228271484 0.00455760955810547 -0.0908203125000001 0.482086181640625
-0.00119805335998535 -0.00149142742156982 0.272735595703125 0.241867065429688
0.00530529022216797 -0.0113801956176758 0.3404541015625 -0.065093994140625
0.0212879180908203 -0.0113945007324219 -0.345855712890625 0.066009521484375
0.00915908813476563 0.00595283508300781 -0.269622802734375 -0.221832275390625
0.00745391845703125 -0.00497770309448242 0.069091796875 -0.485198974609375
0.00138378143310547 0.013885498046875 0.56329345703125 -0.399658203125
-0.0365409851074219 0.0191574096679688 0.754638671875 0.30712890625
-0.0283546447753906 -0.0370635986328125 0.28961181640625 0.871337890625
0.0318145751953125 -0.0186767578125 -0.2406005859375 0.66326904296875
0.0622482299804688 -0.0177116394042969 0.01239013671875 0.0830459594726562
0.0460472106933594 -0.0289306640625 0.3470458984375 -0.5968017578125
0.0230178833007812 -0.0426216125488281 -0.17462158203125 -0.96087646484375
-0.00845813751220703 -0.0139970779418945 -0.7835693359375 -0.32696533203125
-0.0112018585205078 0.0125875473022461 -0.561981201171875 0.3857421875
0.000399112701416016 0.00411629676818848 -0.094451904296875 0.48223876953125
0.000283479690551758 -0.00209689140319824 0.274200439453125 0.242111206054687
0.00672101974487305 -0.00675725936889648 0.342041015625 -0.06103515625
0.0204353332519531 -0.00896453857421875 -0.343231201171875 0.0702514648437499
0.0121984481811523 0.00551033020019531 -0.26715087890625 -0.21875
0.00626754760742188 -0.00505781173706055 0.06866455078125 -0.486053466796875
0.00147342681884766 0.0132808685302734 0.559844970703125 -0.401824951171875
-0.0357742309570313 0.0204124450683594 0.751953125 0.3013916015625
-0.0253047943115234 -0.0323867797851562 0.2901611328125 0.87176513671875
0.0294628143310547 -0.0129165649414062 -0.24139404296875 0.66827392578125
0.0577163696289063 -0.0108299255371094 0.00889587402343749 0.08538818359375
0.0423660278320313 -0.0221977233886719 0.3475341796875 -0.5867919921875
0.0219650268554688 -0.0386428833007812 -0.16827392578125 -0.956787109375
-0.00924873352050781 -0.0119085311889648 -0.7825927734375 -0.32879638671875
-0.0104455947875977 0.0125770568847656 -0.5625 0.384033203125
0.000579595565795898 0.00299310684204102 -0.095733642578125 0.481292724609375
0.00144410133361816 -0.00373244285583496 0.278823852539063 0.246963500976563
0.00782155990600586 -0.00312137603759766 0.347320556640625 -0.06121826171875
0.0205078125 -0.00715827941894531 -0.34014892578125 0.069915771484375
0.0157222747802734 0.00288963317871094 -0.26263427734375 -0.217575073242188
0.00817251205444336 -0.00816583633422852 0.070953369140625 -0.485382080078125
0.00199699401855469 0.0113344192504883 0.55938720703125 -0.402496337890625
-0.0350360870361328 0.0213260650634766 0.75274658203125 0.3037109375
-0.0292110443115234 -0.0253734588623047 0.28936767578125 0.87518310546875
0.0262241363525391 -0.00285530090332031 -0.2430419921875 0.67047119140625
0.0507621765136719 -0.00519561767578125 0.00727844238281249 0.087860107421875
0.0397224426269531 -0.0141792297363281 0.3446044921875 -0.58526611328125
0.0238132476806641 -0.0311565399169922 -0.17401123046875 -0.95660400390625
-0.00861740112304688 -0.00932693481445313 -0.7872314453125 -0.32916259765625
-0.0107975006103516 0.00968551635742188 -0.562744140625 0.38470458984375
0.00388479232788086 0.003021240234375 -0.092987060546875 0.4820556640625
0.00435543060302734 -0.00574541091918945 0.28155517578125 0.24957275390625
0.00832366943359375 -0.000836372375488281 0.347076416015625 -0.058349609375
0.0220317840576172 -0.00300025939941406 -0.340728759765625 0.067291259765625
0.0191745758056641 0.000776290893554688 -0.2615966796875 -0.216751098632813
0.0101633071899414 -0.0128717422485352 0.076751708984375 -0.485076904296875
0.00512933731079102 0.00689125061035156 0.56427001953125 -0.39501953125
-0.0317897796630859 0.0232105255126953 0.74822998046875 0.31378173828125
-0.0303459167480469 -0.0173416137695312 0.27862548828125 0.88165283203125
0.0228347778320313 0.00482368469238281 -0.24969482421875 0.6693115234375
0.043212890625 0.001495361328125 0.00689697265625 0.0879058837890625
0.0369758605957031 -0.00590896606445313 0.34075927734375 -0.58441162109375
0.0228843688964844 -0.0244045257568359 -0.18133544921875 -0.95074462890625
-0.00696754455566406 -0.00780725479125977 -0.78656005859375 -0.31866455078125
-0.00830984115600586 0.00786209106445313 -0.560455322265625 0.388641357421875
0.00598382949829102 -0.000986576080322266 -0.087921142578125 0.481964111328125
0.00686264038085938 -0.00863027572631836 0.283447265625 0.25067138671875
0.00870275497436523 0.00063323974609375 0.349212646484375 -0.05792236328125
0.0224266052246094 -0.00488662719726562 -0.3426513671875 0.062408447265625
0.0184593200683594 -0.00247764587402344 -0.26031494140625 -0.215530395507813
0.0146102905273437 -0.0152368545532227 0.086517333984375 -0.48187255859375
0.00644779205322266 0.00594997406005859 0.5732421875 -0.3883056640625
-0.0297985076904297 0.0235595703125 0.748046875 0.32757568359375
-0.0300083160400391 -0.0117015838623047 0.268798828125 0.88787841796875
0.0183353424072266 0.0153713226318359 -0.25396728515625 0.66839599609375
0.0377273559570313 0.00775909423828125 0.00968170166015625 0.0848617553710938
0.0311412811279297 0.00315284729003906 0.33587646484375 -0.58917236328125
0.0233135223388672 -0.0162773132324219 -0.1937255859375 -0.94598388671875
-0.0037078857421875 -0.00420403480529785 -0.789306640625 -0.30694580078125
-0.00522756576538086 0.00366353988647461 -0.554931640625 0.39654541015625
0.0110082626342773 -0.00358295440673828 -0.078643798828125 0.484161376953125
0.00719738006591797 -0.010014533996582 0.283660888671875 0.25042724609375
0.0112752914428711 0.00115585327148438 0.348236083984375 -0.062103271484375
0.0226821899414063 -0.00607872009277344 -0.34344482421875 0.05731201171875
0.0190525054931641 -0.00429344177246094 -0.257858276367188 -0.218597412109375
0.0169486999511719 -0.0195236206054688 0.096160888671875 -0.4798583984375
0.00984001159667969 0.00325584411621094 0.57952880859375 -0.37811279296875
-0.0291862487792969 0.0260581970214844 0.74481201171875 0.34100341796875
-0.0274162292480469 -0.00431823730468751 0.25286865234375 0.8936767578125
0.0163898468017578 0.0223026275634766 -0.2593994140625 0.65740966796875
0.0319252014160156 0.0104293823242188 0.0134963989257813 0.0781173706054688
0.0262012481689453 0.0116558074951172 0.32916259765625 -0.597900390625
0.0216274261474609 -0.00905799865722656 -0.21295166015625 -0.94140625
-0.00317025184631348 -0.00155043601989746 -0.79248046875 -0.2884521484375
-0.000775933265686035 0.00029367208480835 -0.542694091796875 0.40374755859375
0.0132579803466797 -0.00641441345214844 -0.07098388671875 0.487884521484375
0.00842094421386719 -0.0126399993896484 0.2822265625 0.24896240234375
0.00903797149658203 -0.00281238555908203 0.34429931640625 -0.066864013671875
0.0225753784179688 -0.0105247497558594 -0.34619140625 0.053863525390625
0.0190486907958984 -0.00463294982910156 -0.258209228515625 -0.2183837890625
0.0229339599609375 -0.0236644744873047 0.1025390625 -0.475830078125
0.0143575668334961 0.000494003295898437 0.5916748046875 -0.36883544921875
-0.0282249450683594 0.0270118713378906 0.73931884765625 0.35614013671875
-0.0302810668945313 0.00127029418945312 0.23870849609375 0.8995361328125
0.0130805969238281 0.0248756408691406 -0.26702880859375 0.650634765625
0.0290050506591797 0.0132904052734375 0.0182075500488281 0.0696182250976563
0.0258808135986328 0.0127925872802734 0.32232666015625 -0.609375
0.0202159881591797 -0.0052032470703125 -0.2279052734375 -0.93988037109375
0.000616550445556641 0.00118541717529297 -0.794677734375 -0.2744140625
0.00261759757995605 -0.00150799751281738 -0.5341796875 0.413909912109375
0.0189781188964844 -0.00925827026367188 -0.064208984375 0.490264892578125
0.00831890106201172 -0.0138826370239258 0.282012939453125 0.245086669921875
0.00909614562988281 -0.00546932220458984 0.33935546875 -0.071441650390625
0.0234947204589844 -0.019622802734375 -0.351287841796875 0.06781005859375
0.00894832611083984 0.00889873504638672 -0.276168823242187 -0.21832275390625
0.0102806091308594 -0.00197792053222656 0.068389892578125 -0.485137939453125
0.000351905822753906 0.0114278793334961 0.56500244140625 -0.39697265625
-0.0366134643554688 0.0217933654785156 0.7554931640625 0.30035400390625
-0.0281562805175781 -0.0381126403808594 0.29254150390625 0.859619140625
0.0297813415527344 -0.0211410522460937 -0.236572265625 0.65380859375
0.0619430541992187 -0.0246429443359375 0.01873779296875 0.0737838745117187
0.0445175170898438 -0.0353317260742188 0.3333740234375 -0.601806640625
0.0205192565917969 -0.0442314147949219 -0.19293212890625 -0.9495849609375
-0.0104217529296875 -0.0127983093261719 -0.78314208984375 -0.30804443359375
-0.0137643814086914 0.0115633010864258 -0.54766845703125 0.395355224609375
0.00434589385986328 0.00788307189941406 -0.085723876953125 0.48004150390625
0.000623166561126709 -0.000506460666656494 0.273147583007813 0.24029541015625
0.00424861907958984 -0.0132293701171875 0.3341064453125 -0.065399169921875
0.02191162109375 -0.0106601715087891 -0.344970703125 0.0696716308593749
0.0100736618041992 0.00462627410888672 -0.271163940429688 -0.217453002929688
0.00791549682617187 -0.00712156295776367 0.0596923828124999 -0.483642578125
-0.00129890441894531 0.0147256851196289 0.5567626953125 -0.401824951171875
-0.0340023040771484 0.0206394195556641 0.7532958984375 0.29754638671875
-0.0287322998046875 -0.0384330749511719 0.29638671875 0.8670654296875
0.0307350158691406 -0.0185184478759766 -0.23480224609375 0.662109375
0.0589523315429687 -0.0175857543945313 0.0143280029296875 0.0834197998046875
0.0456962585449219 -0.0256385803222656 0.33905029296875 -0.59283447265625
0.0228500366210938 -0.0435638427734375 -0.179443359375 -0.95562744140625
-0.00762939453125 -0.0127735137939453 -0.7825927734375 -0.3199462890625
-0.0119609832763672 0.0102910995483398 -0.55609130859375 0.387603759765625
0.00409030914306641 0.00747871398925781 -0.087646484375 0.476837158203125
-0.00293374061584473 -0.00307321548461914 0.276809692382813 0.235076904296875
0.00788450241088867 -0.00315952301025391 0.33892822265625 -0.064117431640625
0.0178966522216797 -0.00739860534667969 -0.34466552734375 0.0762939453124999
0.0149707794189453 0.0101509094238281 -0.264785766601562 -0.212081909179688
0.00449943542480469 -0.00952529907226562 0.060821533203125 -0.480499267578125
-0.00171661376953125 0.012059211730957 0.55194091796875 -0.40643310546875
-0.0360527038574219 0.0233230590820312 0.7557373046875 0.2938232421875
-0.0300655364990234 -0.0335693359375 0.29718017578125 0.86767578125
0.0330219268798828 -0.0124111175537109 -0.231689453125 0.66510009765625
0.0578880310058594 -0.0109367370605469 0.0134811401367188 0.0874176025390625
0.0455665588378906 -0.0218162536621094 0.34490966796875 -0.58984375
0.0204086303710938 -0.0362739562988281 -0.175537109375 -0.9490966796875
-0.00971603393554687 -0.0103073120117188 -0.77862548828125 -0.31988525390625
-0.0125284194946289 0.00818920135498047 -0.557708740234375 0.384979248046875
0.00204849243164063 0.00355744361877441 -0.08709716796875 0.480194091796875
0.00181007385253906 -0.00676202774047852 0.280990600585938 0.242965698242188
0.00844860076904297 -0.00479841232299805 0.340850830078125 -0.062164306640625
0.0219306945800781 -0.00490379333496094 -0.336273193359375 0.0743103027343749
0.0148820877075195 0.00442886352539063 -0.264602661132813 -0.209732055664063
0.00667476654052734 -0.0102567672729492 0.066925048828125 -0.486114501953125
-0.000616073608398437 0.00960826873779297 0.552703857421875 -0.406280517578125
-0.0350379943847656 0.0201587677001953 0.753173828125 0.295654296875
-0.0280952453613281 -0.0263900756835937 0.2969970703125 0.86895751953125
0.0275897979736328 -0.00413131713867188 -0.2354736328125 0.6710205078125
0.0507659912109375 -0.00664138793945312 0.00730133056640626 0.0875167846679688
0.0399055480957031 -0.0155143737792969 0.3358154296875 -0.58624267578125
0.0218772888183594 -0.0288734436035156 -0.18310546875 -0.94952392578125
-0.00671577453613281 -0.00966167449951172 -0.78216552734375 -0.31695556640625
-0.00943088531494141 0.0106563568115234 -0.554595947265625 0.389617919921875
0.00179314613342285 0.00408220291137695 -0.08673095703125 0.47784423828125
0.00451850891113281 -0.00472211837768555 0.2816162109375 0.242279052734375
0.00680923461914062 0.000884056091308594 0.34503173828125 -0.05987548828125
0.0220489501953125 -0.0072021484375 -0.337738037109375 0.0716552734375
0.0179500579833984 0.00260543823242188 -0.257675170898438 -0.211746215820313
0.0117406845092773 -0.0136899948120117 0.074981689453125 -0.48016357421875
0.00582504272460938 0.01202392578125 0.554443359375 -0.401336669921875
-0.0294513702392578 0.0201759338378906 0.74749755859375 0.30352783203125
-0.0259246826171875 -0.0133895874023438 0.28240966796875 0.87762451171875
0.0249748229980469 0.0029449462890625 -0.24481201171875 0.67059326171875
0.0453071594238281 0.00490951538085938 0.00614166259765625 0.088958740234375
0.0338668823242188 -0.0078277587890625 0.331787109375 -0.58441162109375
0.0190906524658203 -0.0216693878173828 -0.18243408203125 -0.94207763671875
-0.00643253326416016 -0.0105009078979492 -0.7872314453125 -0.308837890625
-0.0111370086669922 0.0057210922241211 -0.552642822265625 0.387359619140625
0.00423026084899902 -0.00267744064331055 -0.083953857421875 0.47991943359375
0.00704145431518555 -0.00868654251098633 0.280776977539063 0.24481201171875
0.00776147842407226 0.00130653381347656 0.347381591796875 -0.062225341796875
0.02459716796875 -0.00536346435546875 -0.3414306640625 0.065582275390625
0.0183506011962891 0.000658035278320312 -0.259292602539063 -0.214691162109375
0.0124378204345703 -0.0168981552124023 0.08172607421875 -0.484466552734375
0.00589561462402344 0.0048375129699707 0.562225341796875 -0.3944091796875
-0.0306930541992188 0.025604248046875 0.74700927734375 0.31878662109375
-0.0266323089599609 -0.00992965698242188 0.2744140625 0.87884521484375
0.018463134765625 0.0164165496826172 -0.24603271484375 0.6651611328125
0.0350303649902344 0.00900840759277344 0.00718688964843749 0.0825271606445313
0.0293960571289063 0.00517463684082031 0.32861328125 -0.58837890625
0.0210628509521484 -0.0142116546630859 -0.2032470703125 -0.93719482421875
-0.00300192832946777 -0.00341153144836426 -0.78961181640625 -0.2991943359375
-0.00777006149291992 0.00253677368164062 -0.5472412109375 0.40008544921875
0.0107021331787109 -0.00550460815429688 -0.075836181640625 0.4818115234375
0.00708675384521485 -0.011286735534668 0.286895751953125 0.242523193359375
0.00935745239257813 -0.00210094451904297 0.3453369140625 -0.0645751953125
0.0223808288574219 -0.00598526000976563 -0.340850830078125 0.065185546875
0.0193119049072266 -0.00225448608398438 -0.261077880859375 -0.211929321289063
0.0187129974365234 -0.0189304351806641 0.092041015625 -0.478515625
0.00919151306152344 0.000958442687988281 0.57427978515625 -0.38238525390625
-0.0278530120849609 0.0247592926025391 0.7425537109375 0.3349609375
-0.0283718109130859 0.000673294067382818 0.25634765625 0.88800048828125
0.0147933959960938 0.0196323394775391 -0.25341796875 0.65960693359375
0.0308742523193359 0.00721359252929688 0.0142822265625 0.0760040283203125
0.0295944213867187 0.0106430053710937 0.32012939453125 -0.59637451171875
0.0183467864990234 -0.00884437561035156 -0.2147216796875 -0.93402099609375
-0.00295662879943848 0.000224828720092774 -0.78985595703125 -0.28289794921875
-0.00259089469909668 -0.000283241271972656 -0.537445068359375 0.411376953125
0.01776123046875 -0.00707054138183594 -0.06610107421875 0.485748291015625
0.00402450561523438 -0.0104408264160156 0.28387451171875 0.2442626953125
0.0104303359985352 0.00126266479492188 0.3427734375 -0.0689697265625
0.0266571044921875 -0.0105133056640625 -0.3421630859375 0.0568542480468751
0.0184059143066406 -0.00512886047363281 -0.259536743164063 -0.212890625
0.0244331359863281 -0.0236473083496094 0.100677490234375 -0.473541259765625
0.0127153396606445 -0.00412559509277344 0.58514404296875 -0.37249755859375
-0.0287570953369141 0.0278186798095703 0.739501953125 0.34619140625
-0.0252780914306641 0.00101852416992187 0.2415771484375 0.89404296875
0.0123310089111328 0.0243053436279297 -0.2625732421875 0.652099609375
0.0258941650390625 0.0116024017333984 0.0192947387695313 0.070831298828125
0.0221672058105469 0.0115833282470703 0.31561279296875 -0.60772705078125
0.0208377838134766 -0.00411224365234375 -0.2353515625 -0.93280029296875
-0.00235795974731445 0.00190210342407227 -0.79425048828125 -0.26708984375
0.00222897529602051 -0.00121903419494629 -0.52777099609375 0.414215087890625
0.0202522277832031 -0.00805282592773437 -0.060302734375 0.488250732421875
0.00987052917480469 -0.0109586715698242 0.281219482421875 0.240325927734375
0.0108547210693359 -0.00798797607421875 0.33740234375 -0.072845458984375
0.0213565826416016 -0.020050048828125 -0.3492431640625 0.0667419433593751
0.00802898406982422 0.00751161575317383 -0.275894165039062 -0.218276977539063
0.00822162628173828 -0.00784778594970703 0.06170654296875 -0.4815673828125
0.00386142730712891 0.009735107421875 0.55438232421875 -0.4056396484375
-0.0317516326904297 0.0208034515380859 0.75750732421875 0.29339599609375
-0.0254974365234375 -0.0355873107910156 0.2939453125 0.8563232421875
0.0319328308105469 -0.0219783782958984 -0.2283935546875 0.64990234375
0.0616722106933594 -0.0264663696289063 0.0241012573242188 0.077362060546875
0.045501708984375 -0.0295562744140625 0.32568359375 -0.5958251953125
0.0276374816894531 -0.0437889099121094 -0.20318603515625 -0.94171142578125
-0.00549030303955078 -0.0128965377807617 -0.7843017578125 -0.29931640625
-0.00877857208251953 0.0117835998535156 -0.540557861328125 0.398834228515625
0.00313425064086914 0.00507211685180664 -0.079986572265625 0.47882080078125
-0.00409555435180664 -0.00254702568054199 0.276626586914063 0.230514526367188
0.00377845764160156 -0.012359619140625 0.335205078125 -0.07220458984375
0.0216236114501953 -0.0168437957763672 -0.343292236328125 0.072998046875
0.0119600296020508 0.00529193878173828 -0.27130126953125 -0.211380004882813
0.00536632537841797 -0.00330638885498047 0.05645751953125 -0.483123779296875
0.000750541687011719 0.0123252868652344 0.550201416015625 -0.407623291015625
-0.0314903259277344 0.0228595733642578 0.75469970703125 0.28619384765625
-0.0301971435546875 -0.03790283203125 0.30413818359375 0.85516357421875
0.0315494537353516 -0.0170192718505859 -0.2257080078125 0.65972900390625
0.0622901916503906 -0.0153884887695313 0.01416015625 0.0790481567382813
0.0434150695800781 -0.0343360900878906 0.33636474609375 -0.5977783203125
0.0244522094726562 -0.0462799072265625 -0.1895751953125 -0.94818115234375
-0.0129404067993164 -0.0154523849487305 -0.77960205078125 -0.31005859375
-0.0121870040893555 0.0138740539550781 -0.546783447265625 0.39117431640625
0.00081634521484375 0.00386953353881836 -0.086151123046875 0.475372314453125
-0.000905990600585938 -0.000833272933959961 0.275787353515625 0.229415893554688
0.00398015975952148 -0.00626850128173828 0.335418701171875 -0.066131591796875
0.0235977172851563 -0.0104389190673828 -0.336883544921875 0.08282470703125
0.0132350921630859 0.00722980499267578 -0.270370483398437 -0.213409423828125
0.00668954849243164 -0.00797367095947266 0.05804443359375 -0.48297119140625
0.00204086303710938 0.0132789611816406 0.547698974609375 -0.40887451171875
-0.0356864929199219 0.0228271484375 0.748779296875 0.28753662109375
-0.0310878753662109 -0.0288772583007812 0.29925537109375 0.858154296875
0.0284519195556641 -0.0139408111572266 -0.22802734375 0.6695556640625
0.0552024841308594 -0.0122337341308594 0.0124664306640625 0.0844192504882813
0.0437583923339844 -0.0224075317382812 0.3385009765625 -0.58355712890625
0.0213851928710938 -0.0367431640625 -0.18109130859375 -0.945068359375
-0.0114517211914062 -0.0133705139160156 -0.77923583984375 -0.3082275390625
-0.0103654861450195 0.0113964080810547 -0.54449462890625 0.389801025390625
0.000533580780029297 0.0046992301940918 -0.08428955078125 0.475372314453125
0.00252652168273926 -0.00337052345275879 0.279632568359375 0.23876953125
0.00887870788574219 -0.00258159637451172 0.3409423828125 -0.067291259765625
0.0231456756591797 -0.00639152526855469 -0.3372802734375 0.07989501953125
0.017186164855957 0.00379657745361328 -0.26458740234375 -0.209335327148438
0.0052022933959961 -0.0101985931396484 0.0587158203125 -0.48291015625
-0.0025787353515625 0.00996971130371094 0.544891357421875 -0.40869140625
-0.0334796905517578 0.0237464904785156 0.75177001953125 0.2861328125
-0.0267391204833984 -0.0287990570068359 0.298095703125 0.8631591796875
0.0262088775634766 -0.00139808654785156 -0.2303466796875 0.671142578125
0.0487480163574219 -0.00506591796875 0.00466156005859375 0.09033203125
0.0411796569824219 -0.0141372680664062 0.32965087890625 -0.5833740234375
0.0232620239257813 -0.0343208312988281 -0.18829345703125 -0.94293212890625
-0.00625991821289062 -0.00828838348388672 -0.781005859375 -0.31005859375
-0.0130128860473633 0.0120019912719727 -0.5499267578125 0.3878173828125
0.00301218032836914 0.00304961204528809 -0.08245849609375 0.474822998046875
0.00447988510131836 -0.00844430923461914 0.283782958984375 0.24017333984375
0.010594367980957 0.000115394592285156 0.3421630859375 -0.0621337890625
0.0276355743408203 -0.00599288940429687 -0.332366943359375 0.073333740234375
0.0182380676269531 0.00186729431152344 -0.263427734375 -0.210525512695313
0.00718116760253906 -0.0120153427124023 0.062652587890625 -0.4822998046875
0.00239086151123047 0.0145702362060547 0.548370361328125 -0.40106201171875
-0.0303516387939453 0.0258140563964844 0.7410888671875 0.29925537109375
-0.0232429504394531 -0.0161895751953125 0.293701171875 0.87164306640625
0.0255928039550781 0.00823020935058594 -0.23699951171875 0.66937255859375
0.042572021484375 -0.000362396240234375 0.00998687744140626 0.0875930786132813
0.035491943359375 -0.00100326538085938 0.32464599609375 -0.58551025390625
0.0256385803222656 -0.0284976959228516 -0.19793701171875 -0.93426513671875
-0.00882434844970703 -0.00580978393554688 -0.7786865234375 -0.30010986328125
-0.0109806060791016 0.00518894195556641 -0.549346923828125 0.3917236328125
0.00910758972167969 0.00119400024414063 -0.080902099609375 0.476959228515625
0.00774097442626953 -0.00479316711425781 0.2877197265625 0.238739013671875
0.0103788375854492 -0.000185966491699219 0.341033935546875 -0.06524658203125
0.0215568542480469 -0.00844955444335938 -0.336456298828125 0.0738220214843751
0.0152988433837891 -0.00100517272949219 -0.263916015625 -0.211090087890625
0.0110692977905273 -0.0155220031738281 0.07550048828125 -0.477874755859375
0.00434112548828125 0.00561141967773438 0.557159423828125 -0.396575927734375
-0.0308818817138672 0.0254039764404297 0.74462890625 0.3076171875
-0.0281105041503906 -0.00813865661621093 0.27984619140625 0.8756103515625
0.0194091796875 0.0161838531494141 -0.241455078125 0.66595458984375
0.0345077514648438 0.00566864013671875 0.007171630859375 0.0850677490234375
0.0304164886474609 0.00231170654296875 0.32342529296875 -0.58538818359375
0.0251598358154297 -0.0171241760253906 -0.20501708984375 -0.93072509765625
-0.00597095489501953 -0.00514554977416992 -0.78021240234375 -0.29071044921875
-0.00435352325439453 0.00352072715759277 -0.54193115234375 0.401031494140625
0.0115594863891602 -0.00347423553466797 -0.069854736328125 0.4781494140625
0.00579929351806641 -0.00516414642333984 0.285980224609375 0.239105224609375
0.00977039337158203 -0.00350856781005859 0.340728759765625 -0.069488525390625
0.0216999053955078 -0.00644111633300781 -0.3349609375 0.06640625
0.0223121643066406 -0.00657463073730469 -0.260818481445313 -0.206695556640625
0.0178947448730469 -0.0234203338623047 0.084136962890625 -0.478363037109375
0.00957202911376953 0.00208282470703125 0.569091796875 -0.386474609375
-0.0278377532958984 0.0299224853515625 0.739013671875 0.3240966796875
-0.0261554718017578 -0.00283050537109375 0.25787353515625 0.87994384765625
0.0159339904785156 0.0206565856933594 -0.24664306640625 0.65472412109375
0.0292396545410156 0.0140781402587891 0.01605224609375 0.0764312744140625
0.0258255004882813 0.00720024108886719 0.3172607421875 -0.6005859375
0.0203151702880859 -0.00574684143066406 -0.22296142578125 -0.928466796875
-0.00449800491333008 0.000366210937500001 -0.78997802734375 -0.27203369140625
-0.00737333297729492 -0.00286245346069336 -0.53082275390625 0.405364990234375
0.014369010925293 -0.00433063507080078 -0.06298828125 0.483978271484375
0.00724411010742187 -0.00871658325195312 0.286468505859375 0.235809326171875
0.00989913940429688 -0.00365638732910156 0.3399658203125 -0.073150634765625
0.0221672058105469 -0.0111618041992188 -0.34100341796875 0.0584411621093751
0.0203475952148437 -0.00377655029296875 -0.256103515625 -0.210617065429688
0.0170650482177734 -0.0207862854003906 0.0980834960937501 -0.474365234375
0.0108737945556641 0.00177574157714844 0.57733154296875 -0.37506103515625
-0.0282211303710938 0.0259933471679688 0.73736572265625 0.33990478515625
-0.0256271362304688 0.00150871276855469 0.24639892578125 0.8868408203125
0.0136737823486328 0.0240669250488281 -0.25048828125 0.64599609375
0.0249176025390625 0.0133323669433594 0.0200614929199219 0.0644302368164063
0.02288818359375 0.0108833312988281 0.3076171875 -0.6041259765625
0.0202655792236328 -0.004974365234375 -0.2425537109375 -0.9256591796875
-0.000836372375488281 -0.00229978561401367 -0.79132080078125 -0.25830078125
0.000517845153808593 -0.00732707977294922 -0.51678466796875 0.41656494140625
0.0175046920776367 -0.00809574127197266 -0.0523681640625 0.486572265625
0.00738048553466797 -0.0137605667114258 0.284271240234375 0.23699951171875
0.00855493545532226 -0.00496339797973633 0.33343505859375 -0.079193115234375
0.0237960815429688 -0.0198574066162109 -0.34515380859375 0.0735778808593749
0.00855302810668945 0.00744295120239258 -0.272750854492188 -0.213165283203125
0.00492763519287109 -0.00618457794189453 0.055572509765625 -0.479461669921875
0.000426292419433595 0.0123777389526367 0.550994873046875 -0.402130126953125
-0.0322341918945313 0.0185680389404297 0.75048828125 0.2862548828125
-0.0254592895507813 -0.0362739562988281 0.2950439453125 0.84808349609375
0.0332279205322266 -0.0227565765380859 -0.224853515625 0.6488037109375
0.0611000061035156 -0.0221900939941406 0.0180206298828125 0.0745849609375
0.0437736511230469 -0.0351676940917969 0.32415771484375 -0.598876953125
0.0219039916992188 -0.0465850830078125 -0.20208740234375 -0.93731689453125
-0.00715351104736328 -0.0131216049194336 -0.7783203125 -0.29296875
-0.00954532623291016 0.0111293792724609 -0.537078857421875 0.399810791015625
0.00169229507446289 0.00667810440063477 -0.077972412109375 0.4786376953125
-0.00245308876037598 -0.00128817558288574 0.275360107421875 0.231048583984375
0.00432395935058594 -0.0114917755126953 0.332122802734375 -0.071533203125
0.0218830108642578 -0.0125522613525391 -0.33856201171875 0.0784912109375
0.0107660293579102 0.00686073303222656 -0.270034790039062 -0.207656860351563
0.00366044044494629 -0.0031430721282959 0.0531921386718749 -0.48126220703125
-0.000401496887207031 0.0125846862792969 0.542938232421875 -0.40802001953125
-0.0331077575683594 0.019927978515625 0.74932861328125 0.2803955078125
-0.0261459350585938 -0.0352897644042969 0.303466796875 0.85076904296875
0.0323867797851563 -0.0198516845703125 -0.22119140625 0.658447265625
0.0579872131347656 -0.0190773010253906 0.0131683349609375 0.0819473266601563
0.0446090698242188 -0.0277137756347656 0.32855224609375 -0.59228515625
0.0236854553222656 -0.0431747436523438 -0.19317626953125 -0.94366455078125
-0.0095052719116211 -0.0115461349487305 -0.77569580078125 -0.30645751953125
-0.0103683471679688 0.0124225616455078 -0.54144287109375 0.3916015625
0.00270414352416992 0.00721263885498047 -0.082366943359375 0.474090576171875
-0.00142598152160645 -0.00235176086425781 0.27764892578125 0.232101440429688
0.0031733512878418 -0.00509405136108398 0.333892822265625 -0.068267822265625
0.0197391510009766 -0.0101890563964844 -0.336517333984375 0.080352783203125
0.0162143707275391 0.00517940521240234 -0.268417358398438 -0.205978393554687
0.00537586212158203 -0.00546836853027344 0.0540771484375 -0.478302001953125
-0.00106143951416016 0.0128412246704102 0.53631591796875 -0.409759521484375
-0.0302810668945312 0.0224075317382813 0.74627685546875 0.27874755859375
-0.0234928131103516 -0.0317401885986328 0.30181884765625 0.84991455078125
0.0296154022216797 -0.0129318237304688 -0.22412109375 0.6614990234375
0.0532417297363281 -0.0136032104492188 0.0102386474609375 0.08526611328125
0.0431251525878906 -0.023834228515625 0.33197021484375 -0.5823974609375
0.0206985473632813 -0.0393333435058594 -0.18243408203125 -0.93804931640625
-0.0098428726196289 -0.0136842727661133 -0.7742919921875 -0.3057861328125
-0.0120754241943359 0.0127410888671875 -0.5439453125 0.38916015625
0.00149011611938476 0.0044856071472168 -0.08367919921875 0.47344970703125
0.00105786323547363 -0.00352644920349121 0.27972412109375 0.234771728515625
0.00590705871582031 -0.00479507446289063 0.338836669921875 -0.06695556640625
0.0215740203857422 -0.00667572021484375 -0.332489013671875 0.0803222656249999
0.0174636840820312 0.00381851196289062 -0.262405395507813 -0.204345703125
0.00854730606079102 -0.00801372528076172 0.05609130859375 -0.48150634765625
0.00026702880859375 0.0122585296630859 0.538055419921875 -0.41009521484375
-0.0323467254638672 0.0227203369140625 0.74847412109375 0.2811279296875
-0.0260448455810547 -0.0216484069824219 0.30328369140625 0.85479736328125
0.0271186828613281 -0.00383186340332031 -0.224365234375 0.66650390625
0.0491981506347656 -0.00513839721679688 0.00788879394531251 0.0879974365234375
0.0380973815917969 -0.0141944885253906 0.326904296875 -0.5804443359375
0.0214290618896484 -0.0314750671386719 -0.1893310546875 -0.933349609375
-0.0104751586914063 -0.00918865203857422 -0.7784423828125 -0.30328369140625
-0.0102758407592773 0.00906753540039063 -0.545074462890625 0.3897705078125
0.00372481346130371 0.00350737571716309 -0.0797119140625 0.47540283203125
0.0039973258972168 -0.00554466247558594 0.283782958984375 0.23480224609375
0.00828790664672852 -0.000408172607421875 0.3382568359375 -0.067108154296875
0.0238323211669922 -0.00558090209960937 -0.33447265625 0.07928466796875
0.0178585052490234 -0.00029754638671875 -0.260986328125 -0.2042236328125
0.0128889083862305 -0.010737419128418 0.063507080078125 -0.478912353515625
0.00152111053466797 0.00959110260009765 0.54290771484375 -0.40338134765625
-0.0302848815917969 0.0262222290039063 0.73980712890625 0.290771484375
-0.0254440307617188 -0.0151424407958984 0.29296875 0.86322021484375
0.0227413177490234 0.00407218933105469 -0.231201171875 0.66497802734375
0.0424842834472656 0.00101470947265625 0.0072174072265625 0.0872268676757812
0.0344963073730469 -0.00556182861328125 0.323974609375 -0.5809326171875
0.0250949859619141 -0.0238037109375 -0.19561767578125 -0.92919921875
-0.00696134567260742 -0.00602149963378906 -0.77801513671875 -0.2955322265625
-0.00861024856567383 0.00598335266113281 -0.537445068359375 0.391937255859375
0.00547552108764648 -0.000895977020263672 -0.075103759765625 0.476165771484375
0.00586271286010742 -0.00797033309936523 0.28497314453125 0.236572265625
0.0111589431762695 0.00201606750488281 0.33935546875 -0.066162109375
0.0244464874267578 -0.00706672668457031 -0.334014892578125 0.07366943359375
0.0211124420166016 -0.000478744506835938 -0.258926391601563 -0.203750610351562
0.0113697052001953 -0.0153837203979492 0.0708007812499999 -0.477874755859375
0.00771331787109375 0.00477457046508789 0.55035400390625 -0.394683837890625
-0.0303211212158203 0.0264530181884766 0.7398681640625 0.302734375
-0.024505615234375 -0.0089874267578125 0.2845458984375 0.8677978515625
0.0204639434814453 0.0135211944580078 -0.23504638671875 0.66278076171875
0.0345420837402344 0.00475883483886719 0.0114822387695312 0.083831787109375
0.0319290161132813 0.00323104858398438 0.31793212890625 -0.5853271484375
0.021881103515625 -0.0164527893066406 -0.21173095703125 -0.92425537109375
-0.0031590461730957 -0.00415420532226563 -0.78228759765625 -0.282958984375
-0.00509071350097656 0.00401544570922852 -0.535919189453125 0.400848388671875
0.0104990005493164 -0.00379371643066406 -0.0678100585937501 0.478363037109375
0.00593852996826172 -0.0111255645751953 0.286712646484375 0.235076904296875
0.0101690292358398 0.00123023986816406 0.340606689453125 -0.069793701171875
0.023834228515625 -0.00811576843261719 -0.336090087890625 0.067535400390625
0.0209712982177734 -0.00468063354492188 -0.257644653320313 -0.205093383789063
0.0159111022949219 -0.0199680328369141 0.08160400390625 -0.475189208984375
0.009124755859375 0.00143623352050781 0.560150146484375 -0.38702392578125
-0.0288410186767578 0.0281696319580078 0.74005126953125 0.31927490234375
-0.0245304107666016 -0.00241279602050781 0.2666015625 0.873779296875
0.0165843963623047 0.0216484069824219 -0.24102783203125 0.65582275390625
0.0278491973876953 0.0106391906738281 0.015472412109375 0.075653076171875
0.0273151397705078 0.00949668884277344 0.3138427734375 -0.59295654296875
0.0224170684814453 -0.00922393798828125 -0.228759765625 -0.91888427734375
-0.000986754894256592 -0.000577569007873535 -0.78436279296875 -0.26751708984375
0.000403046607971191 -7.25388526916504E-05 -0.525665283203125 0.411834716796875
0.0133028030395508 -0.00675106048583984 -0.05865478515625 0.4805908203125
0.00800132751464844 -0.0124340057373047 0.28582763671875 0.2335205078125
0.0101079940795898 -0.00298595428466797 0.336669921875 -0.074493408203125
0.0249233245849609 -0.0114231109619141 -0.338958740234375 0.0646057128906249
0.0208930969238281 -0.00249862670898438 -0.25750732421875 -0.205795288085938
0.0217971801757813 -0.0212821960449219 0.088165283203125 -0.471832275390625
0.0113277435302734 -0.00111675262451172 0.572265625 -0.37847900390625
-0.0274143218994141 0.0289936065673828 0.73486328125 0.33184814453125
-0.0252246856689453 0.00277137756347656 0.253173828125 0.88018798828125
0.0156669616699219 0.0249652862548828 -0.24737548828125 0.6455078125
0.02642822265625 0.0112190246582031 0.0194587707519531 0.0693016052246094
0.0232677459716797 0.0115966796875 0.304931640625 -0.60107421875
0.0203227996826172 -0.004852294921875 -0.24322509765625 -0.9176025390625
-8.49366188049317E-05 0.000836431980133057 -0.78802490234375 -0.25421142578125
0.000566482543945312 -0.00362586975097656 -0.514434814453125 0.416534423828125
0.0187911987304688 -0.0093841552734375 -0.051849365234375 0.48248291015625
0.00738430023193359 -0.0139036178588867 0.2838134765625 0.2327880859375
0.00862216949462891 -0.00443029403686523 0.333160400390625 -0.079254150390625
0.0232162475585938 -0.0210475921630859 -0.343994140625 0.076416015625
0.0113515853881836 0.010563850402832 -0.273818969726563 -0.206771850585938
0.00689506530761719 -0.0040745735168457 0.05218505859375 -0.476959228515625
9.34600830078127E-05 0.0135812759399414 0.54248046875 -0.40277099609375
-0.032257080078125 0.0199241638183594 0.74932861328125 0.27886962890625
-0.0250186920166016 -0.0338840484619141 0.298095703125 0.8404541015625
0.0323963165283203 -0.0233650207519531 -0.218505859375 0.64642333984375
0.0602951049804688 -0.0227813720703125 0.0181961059570313 0.0732345581054688
0.0448417663574219 -0.0313568115234375 0.31988525390625 -0.59539794921875
0.0220718383789063 -0.0438041687011719 -0.20538330078125 -0.9293212890625
-0.00934982299804688 -0.011775016784668 -0.77618408203125 -0.2852783203125
-0.00807762145996094 0.0125217437744141 -0.52978515625 0.399688720703125
0.00188636779785156 0.00539207458496094 -0.0760498046875 0.475921630859375
-0.0017315149307251 -0.00066530704498291 0.273971557617188 0.226593017578125
0.00527667999267578 -0.0101127624511719 0.331085205078125 -0.075286865234375
0.0224590301513672 -0.0159072875976563 -0.33685302734375 0.080230712890625
0.0117359161376953 0.0062103271484375 -0.269378662109375 -0.205841064453125
0.00538158416748047 -0.00379610061645508 0.0487060546875 -0.476531982421875
-0.000757217407226563 0.0146379470825195 0.538665771484375 -0.407562255859375
-0.0314388275146484 0.0205307006835937 0.7464599609375 0.27569580078125
-0.0255126953125 -0.0330657958984375 0.3067626953125 0.84393310546875
0.0318279266357422 -0.0183620452880859 -0.21771240234375 0.6553955078125
0.0572242736816406 -0.01898193359375 0.014923095703125 0.0816574096679687
0.0442771911621094 -0.0302963256835938 0.32537841796875 -0.58831787109375
0.022674560546875 -0.0426712036132813 -0.19610595703125 -0.9356689453125
-0.00816917419433594 -0.0121126174926758 -0.77313232421875 -0.30010986328125
-0.0101099014282227 0.0127677917480469 -0.537628173828125 0.39166259765625
0.0039057731628418 0.00719070434570312 -0.080841064453125 0.47412109375
-0.000590205192565918 -0.00174403190612793 0.27740478515625 0.225265502929688
0.00517082214355469 -0.00560522079467774 0.331085205078125 -0.0718994140625
0.0227642059326172 -0.0104885101318359 -0.33416748046875 0.0847167968750001
0.0156879425048828 0.00784397125244141 -0.2681884765625 -0.2030029296875
0.00653696060180664 -0.00407171249389648 0.048095703125 -0.477081298828125
0.000679969787597658 0.0139188766479492 0.53387451171875 -0.40985107421875
-0.0321426391601563 0.0229835510253906 0.74371337890625 0.27349853515625
-0.0263462066650391 -0.0300445556640625 0.3065185546875 0.843994140625
0.0301284790039063 -0.0126819610595703 -0.21990966796875 0.66046142578125
0.0536460876464844 -0.0136337280273438 0.0126876831054688 0.0849685668945313
0.0408821105957031 -0.0232009887695313 0.32635498046875 -0.58050537109375
0.0217628479003906 -0.0373954772949219 -0.1849365234375 -0.9283447265625
-0.00789546966552734 -0.0126857757568359 -0.77532958984375 -0.2994384765625
-0.0107488632202148 0.0129976272583008 -0.541595458984375 0.39044189453125
0.000314712524414063 0.00570535659790039 -0.08038330078125 0.472625732421875
0.00052189826965332 -0.00302624702453613 0.28143310546875 0.23040771484375
0.0053715705871582 -0.00147581100463867 0.338226318359375 -0.0694580078125
0.0242366790771484 -0.00742340087890625 -0.330535888671875 0.082763671875
0.0182571411132813 0.00432014465332031 -0.262802124023437 -0.200469970703125
0.00571537017822266 -0.00672054290771484 0.051910400390625 -0.479339599609375
8.86917114257819E-05 0.0119800567626953 0.53265380859375 -0.40753173828125
-0.0314579010009766 0.0236148834228516 0.7452392578125 0.27630615234375
-0.0253467559814453 -0.0224628448486328 0.30413818359375 0.8507080078125
0.0274639129638672 -0.00453376770019531 -0.218505859375 0.66265869140625
0.0486984252929688 -0.00659561157226563 0.00991821289062501 0.0881729125976563
0.0386276245117188 -0.013916015625 0.32427978515625 -0.57757568359375
0.0223007202148438 -0.0310764312744141 -0.1912841796875 -0.9273681640625
-0.00891304016113281 -0.008880615234375 -0.7762451171875 -0.29925537109375
-0.0109796524047852 0.00987052917480469 -0.541015625 0.390380859375
0.00248479843139648 0.00329852104187012 -0.0777587890625 0.471771240234375
0.00419378280639648 -0.00452709197998047 0.282867431640625 0.230804443359375
0.00909805297851563 0.000660896301269531 0.338653564453125 -0.068603515625
0.0233211517333984 -0.00696563720703125 -0.33245849609375 0.081512451171875
0.020904541015625 0.0020294189453125 -0.259841918945313 -0.201019287109375
0.00945377349853515 -0.0114402770996094 0.05908203125 -0.47705078125
0.00340461730957031 0.0102548599243164 0.537384033203125 -0.4022216796875
-0.0279655456542969 0.0249519348144531 0.73773193359375 0.28594970703125
-0.0252037048339844 -0.0157909393310547 0.2958984375 0.855224609375
0.0241413116455078 0.0043487548828125 -0.22564697265625 0.6607666015625
0.0396652221679688 0.0006103515625 0.00974273681640625 0.0861282348632813
0.0342044830322266 -0.00473976135253906 0.32122802734375 -0.577392578125
0.0211544036865234 -0.0236492156982422 -0.1971435546875 -0.9215087890625
-0.00613021850585937 -0.00699234008789063 -0.77703857421875 -0.29412841796875
-0.00708198547363281 0.00677108764648438 -0.538543701171875 0.392791748046875
0.00684356689453125 0.000888824462890625 -0.07342529296875 0.47137451171875
0.00671148300170898 -0.00660467147827148 0.284088134765625 0.23297119140625
0.00957584381103516 0.000308036804199219 0.33905029296875 -0.067535400390625
0.023468017578125 -0.00567817687988281 -0.333526611328125 0.07574462890625
0.0194110870361328 -0.0006866455078125 -0.258026123046875 -0.200897216796875
0.0130491256713867 -0.0153999328613281 0.06707763671875 -0.475921630859375
0.00367021560668945 0.00483894348144531 0.545318603515625 -0.399627685546875
-0.0283260345458984 0.0253047943115234 0.7403564453125 0.2935791015625
-0.0231990814208984 -0.00818824768066406 0.2840576171875 0.8623046875
0.019744873046875 0.0144920349121094 -0.23150634765625 0.65863037109375
0.0357666015625 0.00553131103515625 0.0113449096679687 0.0847549438476563
0.0315971374511719 0.000631332397460938 0.31353759765625 -0.5814208984375
0.0206947326660156 -0.0145053863525391 -0.2138671875 -0.919677734375
-0.00515413284301758 -0.00471115112304688 -0.77862548828125 -0.2794189453125
-0.00565862655639648 0.00343847274780273 -0.530426025390625 0.400115966796875
0.00982475280761719 -0.00382423400878906 -0.06829833984375 0.47576904296875
0.0055694580078125 -0.00994396209716797 0.286529541015625 0.234130859375
0.00950717926025391 1.43051147460938E-05 0.338165283203125 -0.069732666015625
0.0251636505126953 -0.0102443695068359 -0.3345947265625 0.0738525390625001
0.0226936340332031 -0.00181770324707031 -0.256881713867188 -0.2005615234375
0.0177402496337891 -0.0182361602783203 0.07720947265625 -0.47515869140625
0.00700092315673828 0.00251913070678711 0.5555419921875 -0.389434814453125
-0.0269870758056641 0.0297603607177734 0.73638916015625 0.310302734375
-0.0240249633789063 -0.000106811523437505 0.26995849609375 0.8671875
0.0167980194091797 0.0208168029785156 -0.23590087890625 0.651611328125
0.0282115936279297 0.00953865051269531 0.015472412109375 0.0760421752929688
0.0263290405273438 0.00736045837402344 0.30828857421875 -0.58935546875
0.0220775604248047 -0.00676345825195312 -0.23016357421875 -0.91339111328125
-0.00146663188934326 7.2479248046875E-05 -0.78033447265625 -0.26416015625
-0.00348711013793945 -0.000214576721191407 -0.51849365234375 0.4080810546875
0.0162801742553711 -0.00611495971679688 -0.055267333984375 0.478363037109375
0.00715351104736328 -0.0139474868774414 0.2861328125 0.230377197265625
0.010767936706543 -0.000944137573242187 0.3343505859375 -0.0755615234375
0.0248489379882813 -0.0126991271972656 -0.33563232421875 0.067291259765625
0.0211009979248047 -0.00294113159179688 -0.258834838867188 -0.201171875
0.0208721160888672 -0.0226478576660156 0.08538818359375 -0.46978759765625
0.0116176605224609 0.00023651123046875 0.56622314453125 -0.3768310546875
-0.0251617431640625 0.0272617340087891 0.73199462890625 0.328125
-0.0234889984130859 0.00428009033203125 0.25506591796875 0.87286376953125
0.0150527954101563 0.0237865447998047 -0.24298095703125 0.6439208984375
0.0262832641601563 0.0103530883789063 0.019989013671875 0.0681114196777344
0.0246715545654297 0.0108547210693359 0.30126953125 -0.60076904296875
0.0199966430664063 -0.00477981567382813 -0.2447509765625 -0.91033935546875
-0.0004710853099823 0.00051039457321167 -0.7833251953125 -0.2491455078125
-0.000379085540771485 -0.00319790840148926 -0.508697509765625 0.418731689453125
0.0189342498779297 -0.00886917114257812 -0.048126220703125 0.478790283203125
0.00688266754150391 -0.0126447677612305 0.28387451171875 0.22735595703125
0.0101175308227539 -0.00518321990966797 0.330535888671875 -0.079833984375
0.0218563079833984 -0.0215358734130859 -0.3402099609375 0.077056884765625
0.00960636138916016 0.00838470458984375 -0.272247314453125 -0.207260131835938
0.00667572021484375 -0.0051884651184082 0.04937744140625 -0.476470947265625
-0.000468254089355469 0.0122222900390625 0.53692626953125 -0.404144287109375
-0.0322208404541016 0.0198020935058594 0.74505615234375 0.27325439453125
-0.0254440307617188 -0.0361709594726563 0.30029296875 0.8375244140625
0.0326251983642578 -0.0252437591552734 -0.2156982421875 0.6416015625
0.0599403381347656 -0.0222930908203125 0.0204620361328125 0.0732345581054688
0.043670654296875 -0.0321540832519531 0.31707763671875 -0.59149169921875
0.0211181640625 -0.0434951782226563 -0.2061767578125 -0.924560546875
-0.00829696655273438 -0.0122690200805664 -0.7681884765625 -0.28436279296875
-0.00952625274658203 0.012965202331543 -0.52545166015625 0.4000244140625
0.00507545471191406 0.00348758697509766 -0.0732421875 0.47442626953125
-0.00145554542541504 0.000769734382629395 0.272109985351563 0.224807739257813
0.00577735900878906 -0.0102815628051758 0.328155517578125 -0.076629638671875
0.0202922821044922 -0.0159587860107422 -0.33538818359375 0.0807800292968749
0.0147457122802734 0.00841808319091797 -0.26824951171875 -0.202072143554687
0.00547552108764648 -0.00330972671508789 0.047332763671875 -0.473358154296875
-0.000982284545898436 0.0143651962280273 0.53125 -0.407684326171875
-0.0309238433837891 0.0211029052734375 0.74603271484375 0.26934814453125
-0.0241374969482422 -0.0314579010009766 0.30877685546875 0.83990478515625
0.0314407348632813 -0.0196514129638672 -0.2108154296875 0.65386962890625
0.0565261840820313 -0.0197563171386719 0.0159072875976563 0.0795516967773438
0.0428466796875 -0.03125 0.322509765625 -0.5865478515625
0.02099609375 -0.0421218872070313 -0.19586181640625 -0.9290771484375
-0.0101947784423828 -0.0112762451171875 -0.771484375 -0.29669189453125
-0.011530876159668 0.0129585266113281 -0.5341796875 0.394073486328125
0.00228786468505859 0.00575113296508789 -0.0797119140625001 0.469512939453125
-0.000580549240112305 -0.00285983085632324 0.277114868164063 0.223464965820313
0.00588417053222656 -0.00722789764404297 0.3297119140625 -0.073760986328125
0.0232200622558594 -0.0109672546386719 -0.3328857421875 0.0868225097656249
0.0168724060058594 0.00591278076171875 -0.26702880859375 -0.196746826171875
0.00561952590942383 -0.00475358963012695 0.046630859375 -0.47467041015625
-0.000432014465332032 0.0133476257324219 0.526611328125 -0.410980224609375
-0.0320873260498047 0.0231437683105469 0.7413330078125 0.26470947265625
-0.0261764526367188 -0.0301704406738281 0.3070068359375 0.839599609375
0.03070068359375 -0.0132217407226563 -0.2147216796875 0.658447265625
0.0524177551269531 -0.0139694213867188 0.0133590698242188 0.0855255126953125
0.04278564453125 -0.0209236145019531 0.32440185546875 -0.578125
0.021820068359375 -0.0368309020996094 -0.18939208984375 -0.9227294921875
-0.00870609283447265 -0.0110797882080078 -0.76922607421875 -0.298095703125
-0.0118169784545898 0.0128707885742188 -0.537872314453125 0.389801025390625
0.00169038772583008 0.00581645965576172 -0.077423095703125 0.47003173828125
0.00237703323364258 -0.00348925590515137 0.27978515625 0.227157592773437
0.00752687454223633 -0.00377321243286133 0.334136962890625 -0.070404052734375
0.0249271392822266 -0.00942420959472656 -0.32940673828125 0.0847778320312499
0.0196857452392578 0.00382423400878906 -0.263046264648438 -0.198501586914063
0.00543785095214844 -0.00670862197875976 0.049652099609375 -0.4754638671875
0.000678062438964843 0.0123939514160156 0.529510498046875 -0.41082763671875
-0.0300197601318359 0.0223388671875 0.74224853515625 0.2698974609375
-0.0238533020019531 -0.0220966339111328 0.30670166015625 0.84417724609375
0.0305538177490234 -0.00398063659667969 -0.21435546875 0.6605224609375
0.0470085144042969 -0.00632476806640625 0.00937652587890626 0.0889511108398438
0.0366287231445313 -0.0137252807617188 0.3214111328125 -0.5738525390625
0.0207080841064453 -0.0305290222167969 -0.19488525390625 -0.9239501953125
-0.00902843475341797 -0.0100831985473633 -0.77191162109375 -0.2972412109375
-0.00947284698486328 0.00946426391601562 -0.536041259765625 0.39080810546875
0.00311565399169922 0.00522994995117187 -0.0758361816406249 0.468902587890625
0.00328350067138672 -0.00473165512084961 0.28302001953125 0.227813720703125
0.00942611694335937 -0.000604629516601563 0.33282470703125 -0.069915771484375
0.0241794586181641 -0.007965087890625 -0.32861328125 0.0811767578125
0.0198345184326172 -3.24249267578125E-05 -0.259185791015625 -0.198165893554688
0.00695896148681641 -0.0101099014282227 0.056396484375 -0.473297119140625
0.00219869613647461 0.00723981857299805 0.532623291015625 -0.4049072265625
-0.0291557312011719 0.0256137847900391 0.736083984375 0.2818603515625
-0.0247058868408203 -0.0146503448486328 0.294677734375 0.85406494140625
0.0266475677490234 0.00484085083007813 -0.2220458984375 0.6610107421875
0.040283203125 -0.0004119873046875 0.0094146728515625 0.0848312377929688
0.0341148376464844 -0.00424957275390625 0.31671142578125 -0.57403564453125
0.0248336791992188 -0.0241622924804688 -0.199951171875 -0.9150390625
-0.00627803802490234 -0.00697660446166992 -0.77386474609375 -0.29046630859375
-0.00950241088867188 0.00663661956787109 -0.532196044921875 0.39263916015625
0.00629377365112305 -0.00133132934570313 -0.072113037109375 0.4730224609375
0.00699806213378906 -0.00533628463745117 0.28546142578125 0.229248046875
0.0107126235961914 0.00178050994873047 0.337158203125 -0.07061767578125
0.0230674743652344 -0.00683021545410156 -0.329742431640625 0.079803466796875
0.0206489562988281 -0.00131416320800781 -0.256240844726563 -0.196456909179688
0.0132541656494141 -0.0144433975219727 0.066680908203125 -0.475372314453125
0.00340700149536133 0.00608634948730469 0.539276123046875 -0.3992919921875
-0.0284690856933594 0.0286865234375 0.73736572265625 0.2896728515625
-0.0223598480224609 -0.00877952575683593 0.28759765625 0.85821533203125
0.0209121704101563 0.0146083831787109 -0.22601318359375 0.65643310546875
0.0330848693847656 0.005035400390625 0.01104736328125 0.0828475952148438
0.0306911468505859 0.00063323974609375 0.309814453125 -0.58203125
0.02105712890625 -0.0154323577880859 -0.2149658203125 -0.91497802734375
-0.00628328323364258 -0.00262737274169922 -0.778564453125 -0.2738037109375
-0.00598859786987305 0.00412273406982422 -0.52545166015625 0.3997802734375
0.0104684829711914 -0.00316715240478516 -0.06134033203125 0.476531982421875
0.00770092010498047 -0.0100870132446289 0.2833251953125 0.230987548828125
0.0105037689208984 4.76837158203125E-06 0.335296630859375 -0.073333740234375
0.0244331359863281 -0.0109786987304688 -0.331451416015625 0.0714111328125
0.0226287841796875 -0.002410888671875 -0.258895874023438 -0.197021484375
0.0146751403808594 -0.0205116271972656 0.07366943359375 -0.473175048828125
0.00626802444458008 0.00249147415161133 0.548736572265625 -0.3878173828125
-0.0266323089599609 0.0287380218505859 0.7354736328125 0.3062744140625
-0.0234661102294922 -0.00103950500488281 0.27374267578125 0.86370849609375
0.021820068359375 0.0200901031494141 -0.2352294921875 0.6497802734375
0.0293827056884766 0.00963401794433594 0.0151519775390625 0.074981689453125
0.02734375 0.0076751708984375 0.30517578125 -0.58721923828125
0.0184707641601563 -0.00921058654785156 -0.23309326171875 -0.90716552734375
-0.00274991989135742 -0.00139355659484863 -0.77935791015625 -0.26043701171875
-0.0030369758605957 0.000594139099121093 -0.514251708984375 0.410186767578125
0.0157575607299805 -0.00419902801513672 -0.054290771484375 0.47540283203125
0.00574493408203125 -0.0105781555175781 0.28509521484375 0.228729248046875
0.0077214241027832 -0.00272846221923828 0.333526611328125 -0.0753173828125
0.0242958068847656 -0.0114784240722656 -0.335357666015625 0.068328857421875
0.0208816528320313 -0.00378608703613281 -0.258819580078125 -0.19970703125
0.0189151763916016 -0.0194950103759766 0.08270263671875 -0.46832275390625
0.0114479064941406 -0.000939369201660156 0.561920166015625 -0.37957763671875
-0.0247478485107422 0.0285911560058594 0.73077392578125 0.32177734375
-0.0230484008789063 0.00256538391113281 0.25592041015625 0.86962890625
0.0168285369873047 0.0241336822509766 -0.23785400390625 0.64202880859375
0.0262832641601563 0.0118732452392578 0.0207138061523438 0.0678939819335938
0.0242977142333984 0.0107536315917969 0.29730224609375 -0.5947265625
0.0201950073242187 -0.00510787963867187 -0.2491455078125 -0.904541015625
-0.000500351190567016 0.000541180372238159 -0.77947998046875 -0.2442626953125
0.000721454620361328 -0.00316882133483887 -0.504425048828125 0.4178466796875
0.020355224609375 -0.00812530517578125 -0.047088623046875 0.478515625
0.00854873657226563 -0.013427734375 0.285491943359375 0.226104736328125
0.00918006896972656 -0.00531101226806641 0.3294677734375 -0.082427978515625
0.0245132446289063 -0.0207710266113281 -0.341094970703125 0.08087158203125
0.0103731155395508 0.00760078430175781 -0.272720336914063 -0.204086303710937
0.00645351409912109 -0.00161457061767578 0.04949951171875 -0.474029541015625
-0.0012216567993164 0.0131015777587891 0.534423828125 -0.40533447265625
-0.0314865112304687 0.0230560302734375 0.74334716796875 0.27276611328125
-0.0235366821289062 -0.0322990417480469 0.29779052734375 0.83160400390625
0.0331172943115234 -0.0218830108642578 -0.213134765625 0.6407470703125
0.0589179992675781 -0.02362060546875 0.0193634033203125 0.0731201171875
0.0435104370117188 -0.03399658203125 0.316162109375 -0.5894775390625
0.0196571350097656 -0.0432510375976563 -0.20538330078125 -0.92266845703125
-0.00710010528564453 -0.0121784210205078 -0.76922607421875 -0.28289794921875
-0.00982284545898437 0.0115499496459961 -0.52410888671875 0.397979736328125
0.00318479537963867 0.00544214248657227 -0.0732421875 0.47149658203125
-0.00159823894500732 -0.00113475322723389 0.27496337890625 0.220962524414063
0.0045633316040039 -0.00908279418945312 0.32806396484375 -0.075286865234375
0.022308349609375 -0.0178451538085938 -0.3326416015625 0.085052490234375
0.0143337249755859 0.00614261627197266 -0.26690673828125 -0.199111938476562
0.00565195083618164 -0.00322055816650391 0.045562744140625 -0.474884033203125
-0.0023040771484375 0.014613151550293 0.52880859375 -0.407806396484375
-0.0300064086914063 0.0230693817138672 0.741455078125 0.2674560546875
-0.0244083404541016 -0.0322093963623047 0.30572509765625 0.834228515625
0.0325202941894531 -0.0184288024902344 -0.2135009765625 0.6494140625
0.0560760498046875 -0.0199546813964844 0.01385498046875 0.0772628784179688
0.0412673950195313 -0.0303764343261719 0.3194580078125 -0.58514404296875
0.0214385986328125 -0.0417289733886719 -0.19561767578125 -0.92584228515625
-0.00939178466796875 -0.0123519897460937 -0.7674560546875 -0.29583740234375
-0.0104494094848633 0.0120267868041992 -0.5291748046875 0.39117431640625
0.00259494781494141 0.00700807571411133 -0.07818603515625 0.468597412109375
0.000575542449951172 -0.00230193138122559 0.275360107421875 0.221542358398438
0.00517559051513672 -0.00609016418457031 0.328643798828125 -0.075286865234375
0.0227832794189453 -0.0106906890869141 -0.330902099609375 0.087066650390625
0.0180568695068359 0.006500244140625 -0.266006469726563 -0.19720458984375
0.004425048828125 -0.00469493865966797 0.045318603515625 -0.473419189453125
-0.00198936462402344 0.0147867202758789 0.5233154296875 -0.410980224609375
-0.0301914215087891 0.0229740142822266 0.73681640625 0.2657470703125
-0.0234260559082031 -0.0296173095703125 0.30548095703125 0.8358154296875
0.0299606323242187 -0.0122165679931641 -0.21295166015625 0.65460205078125
0.052703857421875 -0.0142250061035156 0.0105361938476563 0.085784912109375
0.0415229797363281 -0.0217475891113281 0.32232666015625 -0.577392578125
0.019866943359375 -0.0368309020996094 -0.18902587890625 -0.92095947265625
-0.0104942321777344 -0.0119228363037109 -0.76654052734375 -0.296142578125
-0.0118875503540039 0.011540412902832 -0.53436279296875 0.387115478515625
0.00319766998291016 0.00497245788574219 -0.07855224609375 0.469635009765625
0.00282192230224609 -0.00282621383666992 0.280136108398438 0.22906494140625
0.00814056396484375 -0.00335121154785156 0.335418701171875 -0.072357177734375
0.0245285034179687 -0.00920486450195312 -0.3265380859375 0.08807373046875
0.0199012756347656 0.00236892700195313 -0.262115478515625 -0.196868896484375
0.00633859634399414 -0.00804376602172852 0.045806884765625 -0.47467041015625
-0.000358581542968751 0.0133180618286133 0.52459716796875 -0.409576416015625
-0.0297222137451172 0.0231552124023438 0.73846435546875 0.26776123046875
-0.0240879058837891 -0.0229625701904297 0.30780029296875 0.84185791015625
0.0281124114990234 -0.00500106811523438 -0.21435546875 0.65826416015625
0.0466880798339844 -0.0070953369140625 0.009063720703125 0.0871353149414063
0.0391731262207031 -0.0154800415039063 0.319091796875 -0.57244873046875
0.0218582153320313 -0.03033447265625 -0.1949462890625 -0.9189453125
-0.00992679595947266 -0.00980281829833984 -0.76953125 -0.2950439453125
-0.0111322402954102 0.00882148742675781 -0.533721923828125 0.3897705078125
0.00410223007202148 0.00398397445678711 -0.0750732421875 0.46929931640625
0.00342655181884766 -0.00462722778320313 0.28173828125 0.22802734375
0.00892734527587891 -0.00122833251953125 0.334503173828125 -0.071563720703125
0.0233383178710938 -0.00808525085449219 -0.3291015625 0.0859985351562501
0.0207042694091797 0.00103569030761719 -0.2586669921875 -0.195083618164062
0.00892448425292969 -0.0116214752197266 0.052642822265625 -0.4737548828125
0.000247955322265625 0.00904464721679688 0.531494140625 -0.405731201171875
-0.0274028778076172 0.0258121490478516 0.73394775390625 0.277587890625
-0.0215587615966797 -0.0123443603515625 0.29620361328125 0.8475341796875
0.023406982421875 0.00539588928222656 -0.22015380859375 0.658447265625
0.0373420715332031 -0.000431060791015625 0.00982666015625 0.0879669189453125
0.0353126525878906 -0.0047149658203125 0.3134765625 -0.5716552734375
0.0223331451416016 -0.0222835540771484 -0.19952392578125 -0.91363525390625
-0.00769138336181641 -0.00628137588500977 -0.76953125 -0.28717041015625
-0.00883769989013672 0.00722026824951172 -0.52783203125 0.394012451171875
0.00740194320678711 9.34600830078125E-05 -0.070037841796875 0.467926025390625
0.00496053695678711 -0.00662040710449219 0.282623291015625 0.2269287109375
0.00619697570800781 0.000290393829345703 0.33465576171875 -0.07232666015625
0.0257186889648437 -0.00904464721679687 -0.328094482421875 0.0809631347656249
0.0202960968017578 -0.000576019287109375 -0.257705688476563 -0.195785522460937
0.00986003875732422 -0.0152254104614258 0.06298828125 -0.47320556640625
0.00338125228881836 0.00705289840698242 0.53717041015625 -0.3974609375
-0.0270671844482422 0.0265178680419922 0.73504638671875 0.2889404296875
-0.0241298675537109 -0.00864791870117187 0.28424072265625 0.85296630859375
0.0232944488525391 0.0125141143798828 -0.2257080078125 0.65362548828125
0.0316810607910156 0.00563812255859375 0.0122299194335938 0.0813446044921875
0.0302867889404297 0.000719070434570313 0.31024169921875 -0.57684326171875
0.0213909149169922 -0.0163955688476562 -0.214599609375 -0.90814208984375
-0.00439882278442383 -0.00331211090087891 -0.77227783203125 -0.27227783203125
-0.00479030609130859 0.00360584259033203 -0.5211181640625 0.40277099609375
0.0132722854614258 -0.00339126586914063 -0.059814453125 0.472320556640625
0.0048379898071289 -0.00849676132202148 0.285614013671875 0.22760009765625
0.0117216110229492 0.00197601318359375 0.33251953125 -0.074127197265625
0.0253448486328125 -0.0108413696289063 -0.330780029296875 0.076507568359375
0.0230960845947266 -0.00128746032714844 -0.257080078125 -0.196929931640625
0.0153446197509766 -0.0185642242431641 0.073516845703125 -0.46905517578125
0.00733232498168945 0.00120162963867187 0.546112060546875 -0.38818359375
-0.0262393951416016 0.0291671752929687 0.7322998046875 0.30377197265625
-0.0215358734130859 0.0007171630859375 0.272216796875 0.85809326171875
0.0178451538085938 0.0206737518310547 -0.2305908203125 0.64801025390625
0.0266551971435547 0.0110607147216797 0.014617919921875 0.0756683349609375
0.0283851623535156 0.00750732421875 0.302978515625 -0.58642578125
0.0215206146240234 -0.0100288391113281 -0.2314453125 -0.9022216796875
-0.00225996971130371 -0.00138068199157715 -0.77423095703125 -0.25579833984375
-0.00228023529052734 0.000154018402099609 -0.512451171875 0.4083251953125
0.0145673751831055 -0.00616741180419922 -0.052764892578125 0.473052978515625
0.00564956665039063 -0.0119400024414063 0.28704833984375 0.22576904296875
0.00995922088623047 -0.000283241271972656 0.330718994140625 -0.078033447265625
0.0261764526367188 -0.0133953094482422 -0.332977294921875 0.070709228515625
0.0218906402587891 -0.00288581848144531 -0.256149291992188 -0.197341918945313
0.0193576812744141 -0.0215797424316406 0.081024169921875 -0.468597412109375
0.0114154815673828 -0.00150775909423828 0.555755615234375 -0.379547119140625
-0.0238666534423828 0.029571533203125 0.7255859375 0.3187255859375
-0.0221843719482422 0.00319862365722656 0.256591796875 0.86083984375
0.0169963836669922 0.022674560546875 -0.2386474609375 0.6385498046875
0.024932861328125 0.0102119445800781 0.0206375122070312 0.0691413879394531
0.0251312255859375 0.0118541717529297 0.292724609375 -0.5958251953125
0.0183277130126953 -0.00448989868164063 -0.247802734375 -0.9014892578125
-1.30534172058105E-05 0.00072556734085083 -0.77734375 -0.24365234375
-0.00109553337097168 -0.00239372253417969 -0.50189208984375 0.416473388671875
0.0189952850341797 -0.009185791015625 -0.045684814453125 0.475799560546875
0.00651931762695313 -0.0124282836914063 0.28399658203125 0.22296142578125
0.009796142578125 -0.00528240203857422 0.327606201171875 -0.082489013671875
0.0239200592041016 -0.0232391357421875 -0.33856201171875 0.082794189453125
0.0119991302490234 0.00874137878417969 -0.27142333984375 -0.200973510742188
0.00699329376220703 -0.00413894653320313 0.04632568359375 -0.47216796875
-0.000920295715332031 0.0124406814575195 0.5333251953125 -0.403839111328125
-0.0295925140380859 0.0211048126220703 0.74029541015625 0.26922607421875
-0.0229339599609375 -0.0351715087890625 0.29608154296875 0.82965087890625
0.0333614349365234 -0.0222606658935547 -0.21282958984375 0.6390380859375
0.05743408203125 -0.0223541259765625 0.0192794799804687 0.0732955932617187
0.0417404174804688 -0.0329551696777344 0.31427001953125 -0.588134765625
0.0199356079101563 -0.0434188842773438 -0.207275390625 -0.9183349609375
-0.00761985778808594 -0.0113239288330078 -0.76629638671875 -0.279541015625
-0.00967693328857422 0.0118303298950195 -0.52056884765625 0.397857666015625
0.00526571273803711 0.00547218322753906 -0.072784423828125 0.47119140625
-0.00114536285400391 -0.000674128532409668 0.27520751953125 0.220443725585937
0.00421810150146484 -0.00903797149658203 0.326263427734375 -0.076507568359375
0.0239028930664063 -0.0162258148193359 -0.3310546875 0.0867004394531251
0.0151691436767578 0.00610733032226562 -0.267364501953125 -0.198043823242187
0.0047144889831543 -0.0034332275390625 0.043670654296875 -0.473419189453125
-0.00148868560791016 0.0145187377929688 0.526153564453125 -0.407379150390625
-0.0298328399658203 0.0219306945800781 0.73974609375 0.26519775390625
-0.0229568481445312 -0.0335025787353516 0.30767822265625 0.83258056640625
0.0319881439208984 -0.018707275390625 -0.210693359375 0.6492919921875
0.0560684204101563 -0.0192832946777344 0.0143051147460937 0.0794143676757813
0.0427818298339844 -0.0303916931152344 0.31854248046875 -0.58209228515625
0.0203514099121094 -0.0426216125488281 -0.1964111328125 -0.92279052734375
-0.00964641571044922 -0.0122766494750977 -0.7652587890625 -0.29345703125
-0.0108833312988281 0.0119161605834961 -0.528717041015625 0.3922119140625
0.0022578239440918 0.00714731216430664 -0.078033447265625 0.46734619140625
-0.00115478038787842 -0.00165379047393799 0.277023315429688 0.220108032226563
0.00524806976318359 -0.00543785095214844 0.327239990234375 -0.07391357421875
0.0238838195800781 -0.0125999450683594 -0.32965087890625 0.088958740234375
0.0180225372314453 0.00638198852539063 -0.265579223632813 -0.1951904296875
0.00455331802368164 -0.00500154495239258 0.042877197265625 -0.472198486328125
-0.00104713439941406 0.0156478881835938 0.522216796875 -0.409576416015625
-0.0286636352539063 0.022674560546875 0.736328125 0.26153564453125
-0.0229835510253906 -0.0278472900390625 0.30670166015625 0.8333740234375
0.0311355590820312 -0.0140266418457031 -0.2113037109375 0.6534423828125
0.0519790649414063 -0.0122299194335938 0.0112152099609375 0.0851669311523438
0.0406074523925781 -0.0238304138183594 0.3187255859375 -0.57366943359375
0.02081298828125 -0.0387191772460938 -0.189453125 -0.91802978515625
-0.00921821594238281 -0.0107202529907227 -0.765380859375 -0.29400634765625
-0.0115718841552734 0.0118274688720703 -0.5311279296875 0.387420654296875
0.00179195404052734 0.00586175918579101 -0.075836181640625 0.467193603515625
0.00174951553344727 -0.0027778148651123 0.280532836914063 0.223846435546875
0.0070347785949707 -0.00249052047729492 0.332916259765625 -0.072235107421875
0.0244369506835938 -0.00969314575195313 -0.325469970703125 0.0885009765624999
0.019561767578125 0.00325393676757813 -0.261032104492188 -0.19354248046875
0.00547504425048828 -0.00666666030883789 0.046356201171875 -0.474609375
-0.000370025634765626 0.0118474960327148 0.522918701171875 -0.40814208984375
-0.0286502838134766 0.0239105224609375 0.7371826171875 0.26654052734375
-0.0228099822998047 -0.0211639404296875 0.30560302734375 0.83807373046875
0.0280494689941406 -0.00479888916015625 -0.21221923828125 0.65655517578125
0.0463600158691406 -0.00698471069335937 0.00994873046874999 0.088043212890625
0.0383758544921875 -0.0151786804199219 0.3173828125 -0.57037353515625
0.0217609405517578 -0.0313739776611328 -0.19512939453125 -0.91510009765625
-0.00919342041015625 -0.00996303558349609 -0.76702880859375 -0.293212890625
-0.0101242065429688 0.00953483581542969 -0.53143310546875 0.389404296875
0.00420379638671875 0.00385642051696777 -0.0743408203125 0.468597412109375
0.00291347503662109 -0.00510978698730469 0.282135009765625 0.224456787109375
0.008087158203125 0.000940322875976563 0.33258056640625 -0.07080078125
0.0250949859619141 -0.00923728942871094 -0.3255615234375 0.085723876953125
0.0221214294433594 0.000448226928710938 -0.258544921875 -0.192642211914063
0.00914192199707031 -0.0108766555786133 0.052581787109375 -0.471282958984375
0.00168800354003906 0.00951576232910156 0.527008056640625 -0.401153564453125
-0.0275611877441406 0.0249843597412109 0.73016357421875 0.2757568359375
-0.0227298736572266 -0.0138797760009766 0.29498291015625 0.84222412109375
0.0242519378662109 0.00451278686523438 -0.219970703125 0.656494140625
0.0383491516113281 -0.000438690185546875 0.0102081298828125 0.0865859985351563
0.0337982177734375 -0.0057830810546875 0.31378173828125 -0.5697021484375
0.0218162536621094 -0.0223407745361328 -0.19708251953125 -0.91058349609375
-0.00753927230834961 -0.0070643424987793 -0.76715087890625 -0.2867431640625
-0.00770902633666992 0.00641059875488281 -0.52587890625 0.392364501953125
0.00643157958984375 0.000427722930908203 -0.07000732421875 0.4669189453125
0.00541210174560547 -0.00780725479125977 0.284423828125 0.2247314453125
0.009521484375 0.00192356109619141 0.3348388671875 -0.071624755859375
0.0250205993652344 -0.0101280212402344 -0.32659912109375 0.0826110839843751
0.0232334136962891 -0.0016937255859375 -0.256683349609375 -0.192886352539063
0.0119600296020508 -0.0144453048706055 0.0603942871093749 -0.47137451171875
0.00349330902099609 0.00600814819335938 0.534637451171875 -0.39764404296875
-0.0262031555175781 0.0272617340087891 0.7318115234375 0.28778076171875
-0.0227909088134766 -0.00651741027832031 0.287109375 0.8511962890625
0.0211582183837891 0.0131702423095703 -0.22332763671875 0.65338134765625
0.0321483612060547 0.00587081909179688 0.0135040283203125 0.0828399658203125
0.0300521850585938 0.00206947326660156 0.30859375 -0.57672119140625
0.0205097198486328 -0.0152816772460938 -0.2152099609375 -0.9061279296875
-0.00555706024169922 -0.0032196044921875 -0.771240234375 -0.27117919921875
-0.00512599945068359 0.00377464294433594 -0.519500732421875 0.400054931640625
0.011566162109375 -0.00281333923339844 -0.062164306640625 0.471343994140625
0.00731945037841797 -0.00906276702880859 0.286834716796875 0.22601318359375
0.0106706619262695 0.000624656677246094 0.333709716796875 -0.074127197265625
0.0253753662109375 -0.0116119384765625 -0.32867431640625 0.0778503417968751
0.0229969024658203 -0.00270462036132813 -0.256439208984375 -0.193359375
0.0154743194580078 -0.0186672210693359 0.070892333984375 -0.470458984375
0.00700807571411133 0.00260066986083984 0.54400634765625 -0.3876953125
-0.02410888671875 0.0292282104492188 0.72967529296875 0.30169677734375
-0.021026611328125 0.000200271606445312 0.271484375 0.85760498046875
0.0195941925048828 0.0192203521728516 -0.23016357421875 0.645751953125
0.027191162109375 0.0094451904296875 0.016204833984375 0.0759201049804688
0.0263938903808594 0.00827598571777344 0.30059814453125 -0.58270263671875
0.0207347869873047 -0.00938606262207031 -0.23095703125 -0.90118408203125
-0.00154960155487061 -0.00194001197814941 -0.7724609375 -0.25506591796875
-0.00279450416564941 0.000784635543823242 -0.51068115234375 0.4063720703125
0.0151462554931641 -0.00594425201416016 -0.052947998046875 0.4730224609375
0.00711536407470703 -0.0106315612792969 0.284515380859375 0.222320556640625
0.00990009307861328 -0.00191783905029297 0.330169677734375 -0.077789306640625
0.0266532897949219 -0.0156497955322266 -0.33154296875 0.07257080078125
0.0222740173339844 -0.00317955017089844 -0.257186889648438 -0.195892333984375
0.0197296142578125 -0.0215625762939453 0.079010009765625 -0.466064453125
0.0102481842041016 -4.38690185546875E-05 0.55548095703125 -0.37994384765625
-0.0236930847167969 0.0316963195800781 0.7255859375 0.31756591796875
-0.0216159820556641 0.00355911254882812 0.255859375 0.86077880859375
0.0177707672119141 0.0229873657226563 -0.2362060546875 0.63995361328125
0.0249996185302734 0.0107231140136719 0.0208320617675781 0.0683631896972656
0.0240211486816406 0.0111541748046875 0.2935791015625 -0.59332275390625
0.0197849273681641 -0.00595283508300781 -0.24554443359375 -0.896240234375
0.000173434615135193 6.50882720947266E-05 -0.7742919921875 -0.24334716796875
-1.12056732177734E-05 -0.0023043155670166 -0.498809814453125 0.41522216796875
0.0198307037353516 -0.0095062255859375 -0.044677734375 0.473968505859375
0.00551795959472656 -0.0130329132080078 0.28558349609375 0.221893310546875
0.00832223892211914 -0.00423336029052734 0.325958251953125 -0.082244873046875
0.0240764617919922 -0.0226058959960938 -0.337188720703125 0.0853271484375
0.0125761032104492 0.00751686096191406 -0.271270751953125 -0.199920654296875
0.00597095489501953 -0.0051112174987793 0.045166015625 -0.4718017578125
-0.00130748748779297 0.0131664276123047 0.530242919921875 -0.40240478515625
-0.0295658111572266 0.0227184295654297 0.73974609375 0.26824951171875
-0.0208587646484375 -0.0344905853271484 0.29754638671875 0.82867431640625
0.0332355499267578 -0.0226383209228516 -0.21319580078125 0.63787841796875
0.0557327270507813 -0.0226783752441406 0.0185165405273438 0.0734710693359375
0.0420875549316406 -0.0343856811523438 0.3143310546875 -0.58612060546875
0.0199394226074219 -0.0431442260742188 -0.20556640625 -0.9149169921875
-0.00856971740722656 -0.0122756958007813 -0.766357421875 -0.2813720703125
-0.0100746154785156 0.0125637054443359 -0.519866943359375 0.397247314453125
0.00429630279541016 0.00562810897827148 -0.071197509765625 0.4705810546875
-0.00170469284057617 -0.000662922859191895 0.273895263671875 0.2183837890625
0.00300788879394531 -0.0105495452880859 0.325469970703125 -0.075469970703125
0.0237789154052734 -0.0175609588623047 -0.329376220703125 0.087738037109375
0.0157375335693359 0.00664615631103516 -0.267440795898437 -0.19635009765625
0.00418710708618164 -0.00348234176635742 0.042236328125 -0.47259521484375
-0.000732421874999999 0.0143346786499023 0.52667236328125 -0.40618896484375
-0.0297145843505859 0.0220470428466797 0.738037109375 0.2655029296875
-0.0217533111572266 -0.0324020385742188 0.30657958984375 0.83099365234375
0.0342674255371094 -0.0197105407714844 -0.209716796875 0.649169921875
0.055389404296875 -0.0193519592285156 0.0152511596679687 0.0798110961914063
0.042816162109375 -0.0295600891113281 0.31890869140625 -0.58026123046875
0.0199661254882812 -0.0421676635742188 -0.194580078125 -0.92010498046875
-0.00926494598388672 -0.0121469497680664 -0.763671875 -0.2943115234375
-0.0112400054931641 0.0119009017944336 -0.5267333984375 0.3900146484375
0.00309371948242188 0.0067596435546875 -0.076690673828125 0.46844482421875
-0.000829458236694336 -0.00158751010894775 0.277267456054688 0.217926025390625
0.00490522384643555 -0.00478839874267578 0.327178955078125 -0.074737548828125
0.0239009857177734 -0.0139636993408203 -0.32861328125 0.091156005859375
0.0187435150146484 0.00699996948242188 -0.263809204101563 -0.195053100585937
0.00403976440429688 -0.00338482856750488 0.04144287109375 -0.470947265625
-0.00229072570800781 0.0144968032836914 0.519622802734375 -0.408905029296875
-0.0291156768798828 0.0229072570800781 0.735107421875 0.261474609375
-0.021514892578125 -0.0272216796875 0.305908203125 0.8323974609375
0.0298404693603516 -0.0145397186279297 -0.21051025390625 0.65252685546875
0.0511894226074219 -0.0132484436035156 0.0110244750976563 0.085357666015625
0.04083251953125 -0.0237159729003906 0.3193359375 -0.571044921875
0.0210914611816406 -0.0375328063964844 -0.1890869140625 -0.9161376953125
-0.0104227066040039 -0.0121374130249023 -0.7620849609375 -0.2957763671875
-0.0108528137207031 0.0118675231933594 -0.52978515625 0.388427734375
0.00300884246826172 0.00598049163818359 -0.076019287109375 0.466583251953125
0.000981569290161132 -0.0024869441986084 0.28204345703125 0.22265625
0.00645923614501953 -0.00236701965332031 0.332763671875 -0.07196044921875
0.0241127014160156 -0.0109939575195313 -0.325103759765625 0.09075927734375
0.0207004547119141 0.00375938415527344 -0.26214599609375 -0.192901611328125
0.00668954849243164 -0.00752019882202148 0.045196533203125 -0.473907470703125
1.239776611328E-05 0.012730598449707 0.520538330078125 -0.409454345703125
-0.0281238555908203 0.0245361328125 0.73455810546875 0.26580810546875
-0.02203369140625 -0.0214405059814453 0.30718994140625 0.8369140625
0.0286045074462891 -0.00475692749023437 -0.20965576171875 0.65618896484375
0.0456047058105469 -0.00652694702148438 0.00998687744140626 0.0871963500976563
0.0383758544921875 -0.0157279968261719 0.3173828125 -0.5693359375
0.0214729309082031 -0.0310611724853516 -0.19342041015625 -0.9130859375
-0.00922584533691406 -0.00974655151367188 -0.7655029296875 -0.29351806640625
-0.0106697082519531 0.00994586944580078 -0.53076171875 0.386871337890625
0.00380229949951172 0.00391411781311035 -0.07293701171875 0.466583251953125
0.00295925140380859 -0.0046992301940918 0.2821044921875 0.223663330078125
0.00828218460083008 0.000914573669433594 0.333282470703125 -0.071624755859375
0.0256748199462891 -0.010101318359375 -0.32391357421875 0.0864257812500001
0.0221328735351562 0.00151824951171875 -0.259017944335938 -0.190963745117187
0.00865840911865234 -0.0106182098388672 0.05181884765625 -0.470184326171875
0.00107574462890625 0.00909328460693359 0.52471923828125 -0.4017333984375
-0.0266571044921875 0.0257244110107422 0.73016357421875 0.27410888671875
-0.0206165313720703 -0.0139236450195313 0.2945556640625 0.84161376953125
0.0248126983642578 0.00416755676269531 -0.2166748046875 0.655517578125
0.0378837585449219 -0.00123214721679688 0.01031494140625 0.08709716796875
0.0339794158935547 -0.00586509704589844 0.31427001953125 -0.56927490234375
0.0207386016845703 -0.0229244232177734 -0.19915771484375 -0.9063720703125
-0.00825357437133789 -0.00694417953491211 -0.76611328125 -0.28411865234375
-0.00743436813354492 0.00785112380981445 -0.52545166015625 0.391510009765625
0.00792837142944336 0.000625133514404297 -0.069793701171875 0.466949462890625
0.00434684753417969 -0.00619649887084961 0.28448486328125 0.224884033203125
0.0107545852661133 0.00120735168457031 0.33367919921875 -0.0728759765625
0.0256881713867188 -0.00997734069824219 -0.325592041015625 0.08306884765625
0.02313232421875 -6.4849853515625E-05 -0.257049560546875 -0.191421508789063
0.0111179351806641 -0.0144939422607422 0.059173583984375 -0.469024658203125
0.00361347198486328 0.00689792633056641 0.532318115234375 -0.39599609375
-0.0253105163574219 0.0276241302490234 0.729736328125 0.28485107421875
-0.0201988220214844 -0.0057525634765625 0.28607177734375 0.85015869140625
0.021636962890625 0.012969970703125 -0.22259521484375 0.65277099609375
0.0310764312744141 0.00564956665039062 0.0125732421875 0.0822906494140625
0.0299053192138672 0.00152587890625 0.3077392578125 -0.57318115234375
0.0209636688232422 -0.0145530700683594 -0.2127685546875 -0.90277099609375
-0.00545692443847656 -0.00353384017944336 -0.77044677734375 -0.2728271484375
-0.00546646118164063 0.00391626358032226 -0.518798828125 0.3990478515625
0.0119590759277344 -0.00213146209716797 -0.05975341796875 0.469146728515625
0.0059356689453125 -0.00899982452392578 0.28570556640625 0.223602294921875
0.00897789001464844 0.00112628936767578 0.3328857421875 -0.0750732421875
0.0252189636230469 -0.0125923156738281 -0.327606201171875 0.078216552734375
0.0237541198730469 -0.00230216979980469 -0.255020141601563 -0.192611694335938
0.0153312683105469 -0.0182933807373047 0.069732666015625 -0.46881103515625
0.00735044479370117 0.00338983535766602 0.541656494140625 -0.3878173828125
-0.0246028900146484 0.0292091369628906 0.72784423828125 0.3017578125
-0.0204620361328125 0.00035858154296875 0.270263671875 0.85711669921875
0.0197467803955078 0.0192699432373047 -0.23162841796875 0.64544677734375
0.0261669158935547 0.00935745239257813 0.0165023803710937 0.075592041015625
0.0257606506347656 0.00710678100585937 0.300537109375 -0.5811767578125
0.0201816558837891 -0.0097808837890625 -0.2322998046875 -0.89990234375
-0.00188982486724854 -0.00183665752410889 -0.77166748046875 -0.25732421875
-0.00262165069580078 0.00127410888671875 -0.509185791015625 0.40814208984375
0.016230583190918 -0.00666713714599609 -0.052520751953125 0.4718017578125
0.00630092620849609 -0.0109834671020508 0.28509521484375 0.2227783203125
0.00901412963867188 -0.00188732147216797 0.330474853515625 -0.077789306640625
0.0259609222412109 -0.0159778594970703 -0.3304443359375 0.07470703125
0.0231304168701172 -0.00381278991699219 -0.255447387695313 -0.19342041015625
0.0183429718017578 -0.0213584899902344 0.07635498046875 -0.464935302734375
0.00914287567138672 -0.000335693359375 0.552703857421875 -0.379730224609375
-0.0227985382080078 0.0306663513183594 0.7252197265625 0.3145751953125
-0.0199165344238281 0.00439453125 0.25604248046875 0.860595703125
0.017730712890625 0.0232295989990234 -0.23486328125 0.63763427734375
0.0251483917236328 0.0104770660400391 0.0214653015136719 0.0675392150878906
0.0242366790771484 0.00993728637695313 0.29443359375 -0.59063720703125
0.0202579498291016 -0.00487899780273438 -0.2462158203125 -0.8955078125
-0.000604748725891113 0.000720977783203125 -0.7728271484375 -0.2410888671875
-1.28746032714844E-05 -0.00285053253173828 -0.498565673828125 0.41583251953125
0.0197696685791016 -0.0102005004882812 -0.0440673828125 0.473358154296875
0.00659656524658203 -0.0122480392456055 0.28436279296875 0.2203369140625
0.00913333892822266 -0.00458145141601563 0.325225830078125 -0.083099365234375
0.0243282318115234 -0.0239791870117188 -0.336700439453125 0.085784912109375
0.0140037536621094 0.00878620147705078 -0.271377563476563 -0.199188232421875
0.00545549392700195 -0.00439882278442383 0.043914794921875 -0.472015380859375
-0.000844955444335937 0.0133218765258789 0.5316162109375 -0.40386962890625
-0.0283603668212891 0.0216388702392578 0.73980712890625 0.2685546875
-0.0206146240234375 -0.0342826843261719 0.296875 0.82757568359375
0.0337085723876953 -0.0231266021728516 -0.213623046875 0.63836669921875
0.056182861328125 -0.02288818359375 0.01959228515625 0.0740432739257813
0.0421180725097656 -0.0334815979003906 0.31494140625 -0.58441162109375
0.0211105346679688 -0.0434226989746094 -0.205810546875 -0.9144287109375
-0.00765037536621094 -0.0102682113647461 -0.76556396484375 -0.28094482421875
-0.00816822052001953 0.0110397338867188 -0.519439697265625 0.397247314453125
0.00510454177856445 0.00523138046264648 -0.072418212890625 0.46929931640625
-0.00321602821350098 -0.00122284889221191 0.275238037109375 0.218856811523438
0.00420761108398437 -0.00939655303955078 0.325897216796875 -0.0770263671875
0.0233612060546875 -0.0184917449951172 -0.329010009765625 0.08966064453125
0.0160102844238281 0.00661182403564453 -0.267959594726563 -0.194595336914063
0.00465631484985352 -0.00265216827392578 0.041778564453125 -0.471282958984375
-0.000706672668457031 0.0146455764770508 0.524505615234375 -0.407196044921875
-0.0302791595458984 0.0210380554199219 0.73736572265625 0.2652587890625
-0.0209407806396484 -0.0326213836669922 0.305419921875 0.83135986328125
0.0332965850830078 -0.0193576812744141 -0.2110595703125 0.64678955078125
0.0560111999511719 -0.0182571411132813 0.0143356323242188 0.0799789428710938
0.0420646667480469 -0.0294456481933594 0.31927490234375 -0.57867431640625
0.0223579406738281 -0.0425376892089844 -0.195068359375 -0.92120361328125
-0.00993633270263672 -0.0123004913330078 -0.7637939453125 -0.2930908203125
-0.0110378265380859 0.0120983123779297 -0.52740478515625 0.389434814453125
0.00301837921142578 0.00710868835449219 -0.07598876953125 0.468475341796875
-0.000435829162597656 -0.00131821632385254 0.277023315429688 0.218292236328125
0.00481796264648437 -0.00526666641235352 0.327606201171875 -0.074859619140625
0.0233249664306641 -0.0142192840576172 -0.32763671875 0.093017578125
0.0195999145507813 0.00529289245605469 -0.263992309570312 -0.1929931640625
0.00469684600830078 -0.00353670120239258 0.04144287109375 -0.470611572265625
-0.00236606597900391 0.0138034820556641 0.518035888671875 -0.40936279296875
-0.0285110473632813 0.0220489501953125 0.73406982421875 0.26251220703125
-0.0206928253173828 -0.02783203125 0.3057861328125 0.831787109375
0.0317802429199219 -0.0147972106933594 -0.2098388671875 0.65277099609375
0.0504913330078125 -0.0125846862792969 0.011383056640625 0.087127685546875
0.0406265258789063 -0.02398681640625 0.32025146484375 -0.56982421875
0.0206947326660156 -0.0376625061035156 -0.18963623046875 -0.9169921875
-0.00912570953369141 -0.0108041763305664 -0.76129150390625 -0.29449462890625
-0.0116167068481445 0.0123367309570313 -0.529388427734375 0.387054443359375
0.00310564041137695 0.00601387023925781 -0.075714111328125 0.466827392578125
0.00206685066223145 -0.00306224822998047 0.280853271484375 0.22039794921875
0.00761651992797851 -0.00275135040283203 0.3310546875 -0.0732421875
0.0247116088867188 -0.0113353729248047 -0.324554443359375 0.09149169921875
0.0198268890380859 0.00320243835449219 -0.260421752929688 -0.190399169921875
0.00416326522827149 -0.00633668899536133 0.04345703125 -0.4722900390625
-0.000876426696777343 0.0113153457641602 0.51947021484375 -0.408966064453125
-0.0283927917480469 0.0250930786132812 0.737548828125 0.262939453125
-0.0211391448974609 -0.0210685729980469 0.30517578125 0.8372802734375
0.028839111328125 -0.00583076477050781 -0.21087646484375 0.6549072265625
0.0449676513671875 -0.00704574584960938 0.00942993164062501 0.0867996215820313
0.038177490234375 -0.0151023864746094 0.31829833984375 -0.56671142578125
0.0216503143310547 -0.0309276580810547 -0.19342041015625 -0.9139404296875
-0.00718879699707031 -0.00961589813232422 -0.76519775390625 -0.29205322265625
-0.0102558135986328 0.0104093551635742 -0.5306396484375 0.387939453125
0.00392293930053711 0.00298857688903809 -0.073211669921875 0.46759033203125
0.0033421516418457 -0.0047454833984375 0.282501220703125 0.222320556640625
0.00774526596069336 0.000188350677490234 0.333953857421875 -0.0721435546875
0.0253276824951172 -0.0119953155517578 -0.323333740234375 0.08929443359375
0.02349853515625 0.00236892700195313 -0.258056640625 -0.190261840820312
0.00718593597412109 -0.0116043090820312 0.048431396484375 -0.47027587890625
0.00150871276855469 0.0100183486938477 0.523590087890625 -0.401580810546875
-0.0269069671630859 0.0252208709716797 0.7305908203125 0.27520751953125
-0.0202655792236328 -0.0145378112792969 0.29339599609375 0.843505859375
0.0254936218261719 0.0035858154296875 -0.21856689453125 0.6546630859375
0.0378379821777344 -0.00104141235351563 0.00861358642578125 0.0852813720703125
0.034515380859375 -0.00673294067382813 0.31500244140625 -0.56939697265625
0.0220546722412109 -0.0232067108154297 -0.19793701171875 -0.9078369140625
-0.00644874572753906 -0.00705528259277344 -0.7681884765625 -0.28753662109375
-0.00932884216308593 0.00736427307128906 -0.525604248046875 0.39111328125
0.0080256462097168 0.000488758087158203 -0.068878173828125 0.467987060546875
0.00482511520385742 -0.00750494003295898 0.285430908203125 0.22314453125
0.00887393951416015 0.00113296508789062 0.33447265625 -0.074127197265625
0.0254497528076172 -0.0107078552246094 -0.325897216796875 0.085540771484375
0.0234107971191406 -0.0007476806640625 -0.256332397460937 -0.189468383789063
0.00975131988525391 -0.0152864456176758 0.05902099609375 -0.4705810546875
0.00364112854003906 0.00609970092773438 0.53265380859375 -0.3961181640625
-0.0252246856689453 0.0281200408935547 0.7303466796875 0.285400390625
-0.0203742980957031 -0.00652503967285157 0.28387451171875 0.85089111328125
0.0224609375 0.0123443603515625 -0.22320556640625 0.653076171875
0.0313720703125 0.00582313537597656 0.0122451782226563 0.0840988159179688
0.0294456481933594 0.000478744506835938 0.309326171875 -0.57366943359375
0.0211677551269531 -0.0147666931152344 -0.2147216796875 -0.90380859375
-0.00360584259033203 -0.0031585693359375 -0.7698974609375 -0.27398681640625
-0.00504922866821289 0.00429487228393555 -0.51971435546875 0.3990478515625
0.0127067565917969 -0.00343036651611328 -0.060638427734375 0.46966552734375
0.00548267364501953 -0.00978946685791016 0.285308837890625 0.2242431640625
0.0101423263549805 -0.000178337097167969 0.33258056640625 -0.074798583984375
0.0271377563476563 -0.0127086639404297 -0.327850341796875 0.0795593261718751
0.0238151550292969 -0.00248527526855469 -0.255233764648438 -0.190750122070313
0.0140724182128906 -0.0182819366455078 0.067474365234375 -0.47015380859375
0.00662088394165039 0.00262594223022461 0.54107666015625 -0.386627197265625
-0.0229911804199219 0.0301494598388672 0.72955322265625 0.30078125
-0.0199012756347656 -8.96453857421888E-05 0.27081298828125 0.8551025390625
0.0198020935058594 0.0192680358886719 -0.22906494140625 0.645263671875
0.024932861328125 0.00870513916015625 0.0164031982421875 0.0778656005859375
0.0258102416992188 0.00588417053222656 0.30023193359375 -0.5791015625
0.0205116271972656 -0.00848388671875 -0.23046875 -0.89703369140625
-0.00218081474304199 -0.00249004364013672 -0.7728271484375 -0.2578125
-0.00141608715057373 -0.00062406063079834 -0.509002685546875 0.406402587890625
0.0154943466186523 -0.00582122802734375 -0.052398681640625 0.472015380859375
0.00635623931884766 -0.0103187561035156 0.28515625 0.2213134765625
0.00847816467285156 -0.000569343566894531 0.330810546875 -0.079437255859375
0.0272903442382813 -0.0169906616210938 -0.33038330078125 0.075469970703125
0.0248222351074219 -0.00349807739257812 -0.256027221679688 -0.191925048828125
0.0176944732666016 -0.0218658447265625 0.07666015625 -0.465423583984375
0.00979518890380859 -0.000344276428222656 0.55120849609375 -0.3800048828125
-0.0211544036865234 0.0315284729003906 0.72357177734375 0.3167724609375
-0.0187416076660156 0.00444602966308593 0.25579833984375 0.8614501953125
0.017578125 0.0218219757080078 -0.2333984375 0.6376953125
0.0224895477294922 0.0112495422363281 0.0219039916992188 0.0680313110351563
0.0245857238769531 0.0100975036621094 0.29425048828125 -0.59051513671875
0.0190849304199219 -0.00489997863769531 -0.24542236328125 -0.89532470703125
0.00015181303024292 0.000978767871856689 -0.773193359375 -0.241943359375
0.000656843185424805 -0.0025782585144043 -0.498779296875 0.413360595703125
0.0201625823974609 -0.0095672607421875 -0.043212890625 0.47332763671875
0.00606822967529297 -0.0123510360717773 0.284942626953125 0.2200927734375
0.00924873352050781 -0.00498390197753906 0.326019287109375 -0.08349609375
0.0256309509277344 -0.0239620208740234 -0.336334228515625 0.086761474609375
0.0140838623046875 0.00855541229248047 -0.271896362304688 -0.19775390625
0.00461101531982422 -0.0032801628112793 0.042633056640625 -0.471954345703125
-0.00193881988525391 0.0138568878173828 0.531219482421875 -0.403717041015625
-0.0272731781005859 0.022430419921875 0.73956298828125 0.26898193359375
-0.0199413299560547 -0.0339431762695313 0.29766845703125 0.82958984375
0.0334796905517578 -0.0232505798339844 -0.21160888671875 0.6390380859375
0.0563316345214844 -0.0235671997070313 0.0195999145507813 0.0732803344726563
0.04150390625 -0.0336227416992188 0.31536865234375 -0.58404541015625
0.0203781127929688 -0.0431632995605469 -0.20465087890625 -0.91668701171875
-0.00830268859863281 -0.0118093490600586 -0.7659912109375 -0.28228759765625
-0.00892353057861328 0.0119333267211914 -0.51910400390625 0.3975830078125
0.00469732284545898 0.00582075119018555 -0.071807861328125 0.47039794921875
-0.00243926048278809 -0.000564336776733399 0.276596069335938 0.2171630859375
0.00442981719970703 -0.0109148025512695 0.327178955078125 -0.078125
0.0242977142333984 -0.0186634063720703 -0.329376220703125 0.09075927734375
0.0161905288696289 0.00634479522705078 -0.268341064453125 -0.195175170898438
0.00401520729064941 -0.00178647041320801 0.03955078125 -0.472900390625
-0.00243759155273438 0.0136547088623047 0.5250244140625 -0.4078369140625
-0.0275306701660156 0.0223064422607422 0.73760986328125 0.2646484375
-0.0200977325439453 -0.0321216583251953 0.30523681640625 0.83270263671875
0.0334644317626953 -0.0205001831054688 -0.20947265625 0.64813232421875
0.0542640686035156 -0.0192832946777344 0.0149307250976563 0.080413818359375
0.0429115295410156 -0.0295486450195313 0.31964111328125 -0.57891845703125
0.0209770202636719 -0.0423927307128906 -0.1943359375 -0.92071533203125
-0.00986289978027344 -0.0122337341308594 -0.7652587890625 -0.2950439453125
-0.0111713409423828 0.0120964050292969 -0.52801513671875 0.39227294921875
0.00337982177734375 0.00697422027587891 -0.076629638671875 0.467620849609375
3.79085540771485E-05 -0.00152575969696045 0.27752685546875 0.216766357421875
0.00469303131103516 -0.00599193572998047 0.327362060546875 -0.0755615234375
0.0247688293457031 -0.01531982421875 -0.326904296875 0.092926025390625
0.0188045501708984 0.00599861145019531 -0.2652587890625 -0.192138671875
0.00380396842956543 -0.00350332260131836 0.040679931640625 -0.4715576171875
-0.00269699096679687 0.013941764831543 0.5186767578125 -0.409271240234375
-0.0268039703369141 0.0236473083496094 0.73614501953125 0.261962890625
-0.0204429626464844 -0.0277156829833984 0.30523681640625 0.833740234375
0.032257080078125 -0.0143508911132813 -0.21148681640625 0.65338134765625
0.0502052307128906 -0.0134468078613281 0.0122909545898438 0.0846786499023438
0.04052734375 -0.0236091613769531 0.3197021484375 -0.57049560546875
0.0209922790527344 -0.0372734069824219 -0.1888427734375 -0.91552734375
-0.00970745086669922 -0.0117826461791992 -0.76409912109375 -0.29583740234375
-0.0116844177246094 0.012598991394043 -0.53021240234375 0.387176513671875
0.00315523147583008 0.00604009628295898 -0.07586669921875 0.46875
0.000971078872680664 -0.00293111801147461 0.2821044921875 0.220245361328125
0.00721359252929688 -0.00225067138671875 0.332916259765625 -0.074432373046875
0.0250873565673828 -0.0119915008544922 -0.32342529296875 0.092437744140625
0.0219688415527344 0.00311279296875 -0.261764526367187 -0.189590454101563
0.00540590286254883 -0.00666522979736328 0.041839599609375 -0.471893310546875
-0.00104713439941406 0.012293815612793 0.51922607421875 -0.40875244140625
-0.0268058776855469 0.0242652893066406 0.73602294921875 0.26611328125
-0.0196285247802734 -0.0207672119140625 0.3038330078125 0.83905029296875
0.0289802551269531 -0.00584793090820313 -0.211181640625 0.655029296875
0.0445327758789063 -0.00748825073242188 0.010040283203125 0.0872039794921875
0.0378990173339844 -0.0154151916503906 0.31793212890625 -0.56915283203125
0.0216464996337891 -0.0312461853027344 -0.1920166015625 -0.9140625
-0.00959587097167969 -0.00919914245605468 -0.76483154296875 -0.2950439453125
-0.00985240936279297 0.00982284545898438 -0.530792236328125 0.38812255859375
0.00494956970214844 0.00379514694213867 -0.073333740234375 0.467010498046875
0.00274395942687988 -0.00429606437683105 0.28460693359375 0.2230224609375
0.00899982452392578 0.000927925109863281 0.33355712890625 -0.073333740234375
0.0257320404052734 -0.0103340148925781 -0.3233642578125 0.090484619140625
0.023834228515625 0.00110435485839844 -0.25830078125 -0.1888427734375
0.00766086578369141 -0.0107822418212891 0.0477294921875 -0.47003173828125
0.000385284423828125 0.0102291107177734 0.524383544921875 -0.402679443359375
-0.0252113342285156 0.0261707305908203 0.72955322265625 0.27471923828125
-0.0193386077880859 -0.0128021240234375 0.29541015625 0.843017578125
0.0263252258300781 0.00417327880859375 -0.21905517578125 0.65399169921875
0.0369758605957031 -4.9591064453125E-05 0.010284423828125 0.0870285034179688
0.0346755981445313 -0.00594711303710938 0.31622314453125 -0.5684814453125
0.0206813812255859 -0.0226287841796875 -0.197021484375 -0.9075927734375
-0.00708675384521484 -0.00654935836791992 -0.76580810546875 -0.28759765625
-0.00812864303588867 0.00651359558105469 -0.526611328125 0.390289306640625
0.00767946243286133 3.29017639160156E-05 -0.069854736328125 0.46710205078125
0.00504398345947266 -0.0063934326171875 0.2850341796875 0.222015380859375
0.00902366638183594 0.00096893310546875 0.334625244140625 -0.07305908203125
0.0258102416992188 -0.0117321014404297 -0.325103759765625 0.0858764648437499
0.0248928070068359 -0.000326156616210937 -0.2572021484375 -0.189346313476562
0.0100936889648438 -0.0145120620727539 0.05731201171875 -0.469940185546875
0.00319480895996094 0.00593423843383789 0.5308837890625 -0.398040771484375
-0.0239982604980469 0.0279712677001953 0.73199462890625 0.28643798828125
-0.0188255310058594 -0.00558662414550781 0.28387451171875 0.849853515625
0.0225925445556641 0.0112342834472656 -0.2237548828125 0.6529541015625
0.0304431915283203 0.00557899475097656 0.0128631591796875 0.0831832885742187
0.0303535461425781 0.00194549560546875 0.3099365234375 -0.57415771484375
0.0204658508300781 -0.0160903930664063 -0.21295166015625 -0.9051513671875
-0.00531101226806641 -0.00316476821899414 -0.76983642578125 -0.27471923828125
-0.00611257553100586 0.00379323959350586 -0.5177001953125 0.398529052734375
0.0121517181396484 -0.00294208526611328 -0.06103515625 0.470489501953125
0.00590085983276367 -0.00822591781616211 0.286712646484375 0.22357177734375
0.00957202911376953 0.000394821166992188 0.3341064453125 -0.075653076171875
0.0264396667480469 -0.0136795043945312 -0.327392578125 0.081390380859375
0.0239334106445312 -0.002838134765625 -0.255126953125 -0.189865112304688
0.0142021179199219 -0.0185203552246094 0.06707763671875 -0.469146728515625
0.00622749328613281 0.0032658576965332 0.542388916015625 -0.388519287109375
-0.0229587554931641 0.0296382904052734 0.7291259765625 0.30126953125
-0.0184249877929688 0.000574111938476565 0.27032470703125 0.85601806640625
0.0196590423583984 0.0185108184814453 -0.22991943359375 0.64605712890625
0.0254154205322266 0.00867462158203125 0.0160140991210937 0.0764541625976563
0.0263500213623047 0.00720787048339844 0.3013916015625 -0.58074951171875
0.0203189849853516 -0.00925064086914063 -0.22821044921875 -0.89996337890625
-0.00214111804962158 -0.000981688499450684 -0.77337646484375 -0.2572021484375
-0.00229358673095703 0.000739812850952149 -0.509613037109375 0.408203125
0.0161552429199219 -0.0064239501953125 -0.05328369140625 0.472564697265625
0.0059967041015625 -0.0112714767456055 0.286865234375 0.22119140625
0.00946807861328125 -0.00122928619384766 0.330657958984375 -0.079010009765625
0.0273590087890625 -0.0179901123046875 -0.3304443359375 0.076904296875
0.0238895416259766 -0.00329780578613281 -0.255340576171875 -0.192306518554687
0.0177421569824219 -0.0215988159179688 0.0753479003906251 -0.4658203125
0.00950145721435547 -6.866455078125E-05 0.5521240234375 -0.37744140625
-0.0210285186767578 0.0307769775390625 0.7257080078125 0.31475830078125
-0.0187034606933594 0.00414466857910157 0.254638671875 0.859375
0.0185394287109375 0.0212326049804688 -0.235595703125 0.63616943359375
0.0226402282714844 0.0102100372314453 0.0213279724121094 0.0687179565429688
0.0244007110595703 0.00990104675292969 0.29510498046875 -0.58941650390625
0.0205612182617188 -0.00536918640136719 -0.24365234375 -0.896240234375
4.33400273323059E-05 -6.59413635730743E-05 -0.7745361328125 -0.24322509765625
0.000930547714233398 -0.00220942497253418 -0.49969482421875 0.41522216796875
0.0196590423583984 -0.00963020324707031 -0.045135498046875 0.47393798828125
0.00596141815185547 -0.0115880966186523 0.285186767578125 0.218963623046875
0.00858736038208008 -0.00464391708374024 0.326507568359375 -0.084869384765625
0.0257225036621094 -0.0257778167724609 -0.337860107421875 0.088592529296875
0.0150241851806641 0.00887393951416016 -0.272491455078125 -0.197280883789062
0.00522375106811523 -0.00275802612304688 0.04339599609375 -0.47314453125
-0.00185298919677734 0.0143156051635742 0.5308837890625 -0.4061279296875
-0.0264511108398438 0.0226764678955078 0.7423095703125 0.2696533203125
-0.0191497802734375 -0.0338783264160156 0.299072265625 0.83197021484375
0.0344505310058594 -0.0240325927734375 -0.21051025390625 0.64056396484375
0.0551033020019531 -0.0228996276855469 0.019989013671875 0.073974609375
0.0426292419433594 -0.034088134765625 0.31597900390625 -0.58526611328125
0.0199928283691406 -0.0433082580566406 -0.205810546875 -0.9193115234375
-0.00823593139648438 -0.0117597579956055 -0.766845703125 -0.28240966796875
-0.00935554504394531 0.0118885040283203 -0.519989013671875 0.397796630859375
0.00578594207763672 0.00557518005371094 -0.0714111328125 0.472137451171875
-0.00295424461364746 -0.000205516815185546 0.276992797851562 0.216110229492187
0.00416278839111328 -0.00996780395507813 0.327850341796875 -0.078125
0.0245761871337891 -0.0194721221923828 -0.329559326171875 0.09228515625
0.0175466537475586 0.00634765625 -0.2681884765625 -0.193267822265625
0.00252962112426758 -0.00166177749633789 0.039459228515625 -0.472442626953125
-0.00180625915527344 0.0151462554931641 0.525634765625 -0.4093017578125
-0.0266590118408203 0.022430419921875 0.74114990234375 0.26605224609375
-0.0199737548828125 -0.0321464538574219 0.30572509765625 0.83404541015625
0.0336799621582031 -0.0199012756347656 -0.21002197265625 0.65045166015625
0.0538597106933594 -0.0195770263671875 0.0148468017578125 0.0808258056640625
0.0427627563476563 -0.0299034118652344 0.32073974609375 -0.57904052734375
0.0206222534179688 -0.0416450500488281 -0.19537353515625 -0.92388916015625
-0.00970935821533203 -0.013153076171875 -0.76580810546875 -0.29571533203125
-0.0108833312988281 0.0116033554077148 -0.528717041015625 0.391754150390625
0.00288915634155273 0.0064854621887207 -0.075469970703125 0.469696044921875
-0.000957131385803223 -0.00194048881530762 0.279464721679688 0.216476440429687
0.0048222541809082 -0.00460910797119141 0.328857421875 -0.07659912109375
0.0253143310546875 -0.0159778594970703 -0.327178955078125 0.095733642578125
0.0209712982177734 0.00573158264160156 -0.26617431640625 -0.191757202148438
0.00327444076538086 -0.00293922424316406 0.038299560546875 -0.471527099609375
-0.00186920166015625 0.0151309967041016 0.520355224609375 -0.411376953125
-0.0265998840332031 0.0235042572021484 0.7371826171875 0.26165771484375
-0.0189189910888672 -0.0273284912109375 0.30633544921875 0.83563232421875
0.0329074859619141 -0.0146732330322266 -0.21136474609375 0.6529541015625
0.0496711730957031 -0.0142288208007813 0.0110397338867188 0.085784912109375
0.0409317016601562 -0.0231132507324219 0.32275390625 -0.57177734375
0.0210380554199219 -0.0369796752929688 -0.18817138671875 -0.91827392578125
-0.00952053070068359 -0.0118627548217773 -0.7645263671875 -0.2955322265625
-0.0117301940917969 0.0123968124389648 -0.532379150390625 0.387725830078125
0.00360012054443359 0.00558853149414063 -0.076324462890625 0.469146728515625
0.000818729400634766 -0.00237679481506348 0.284332275390625 0.220672607421875
0.00690937042236328 -0.0020747184753418 0.3331298828125 -0.075103759765625
0.0258388519287109 -0.0129508972167969 -0.324737548828125 0.0942077636718749
0.0219135284423828 0.00341796875 -0.26177978515625 -0.189239501953125
0.00499868392944336 -0.00646638870239258 0.041900634765625 -0.472747802734375
-0.00145244598388672 0.0122280120849609 0.521026611328125 -0.410919189453125
-0.0257930755615234 0.0242538452148437 0.73797607421875 0.26629638671875
-0.0186977386474609 -0.0209274291992188 0.30670166015625 0.8388671875
0.0289840698242188 -0.00584220886230469 -0.2110595703125 0.65716552734375
0.0443954467773438 -0.00673675537109375 0.0097808837890625 0.0878143310546875
0.0379714965820313 -0.0153007507324219 0.31890869140625 -0.569580078125
0.020965576171875 -0.0308609008789063 -0.193115234375 -0.9163818359375
-0.00928783416748047 -0.00957489013671875 -0.76702880859375 -0.29449462890625
-0.0103864669799805 0.0101461410522461 -0.532318115234375 0.38848876953125
0.00483989715576172 0.00329208374023437 -0.074737548828125 0.46978759765625
0.00370454788208008 -0.00494766235351563 0.2843017578125 0.2216796875
0.00919532775878906 0.00104236602783203 0.33465576171875 -0.073577880859375
0.0268745422363281 -0.0121536254882812 -0.324798583984375 0.092254638671875
0.0241889953613281 0.000505447387695313 -0.259658813476563 -0.188446044921875
0.00649261474609375 -0.0102176666259766 0.049163818359375 -0.471099853515625
0.000741004943847657 0.0098419189453125 0.524658203125 -0.403472900390625
-0.0247688293457031 0.0261402130126953 0.731689453125 0.27496337890625
-0.0192985534667969 -0.0130519866943359 0.29559326171875 0.84332275390625
0.0266628265380859 0.00336647033691406 -0.21881103515625 0.65679931640625
0.0369300842285156 -3.0517578125E-05 0.00995635986328125 0.0871810913085937
0.0341987609863281 -0.00693130493164063 0.31689453125 -0.56787109375
0.0220222473144531 -0.0227508544921875 -0.19696044921875 -0.90972900390625
-0.00727224349975586 -0.00712203979492188 -0.76776123046875 -0.287841796875
-0.00781679153442383 0.00674772262573242 -0.52606201171875 0.392120361328125
0.00893020629882813 0.000670433044433594 -0.070098876953125 0.46923828125
0.00494527816772461 -0.00612354278564453 0.287506103515625 0.222259521484375
0.0103378295898438 0.00197792053222656 0.334930419921875 -0.07440185546875
0.0266857147216797 -0.0125274658203125 -0.3258056640625 0.08837890625
0.0240306854248047 -0.00118255615234375 -0.257308959960937 -0.188812255859375
0.0101442337036133 -0.0147123336791992 0.0561218261718751 -0.470794677734375
0.00288152694702148 0.00648260116577148 0.53216552734375 -0.39794921875
-0.0232067108154297 0.0288219451904297 0.733154296875 0.28582763671875
-0.0176429748535156 -0.00561714172363281 0.28436279296875 0.85272216796875
0.0231285095214844 0.0124435424804688 -0.22344970703125 0.65447998046875
0.0305824279785156 0.00557327270507813 0.0117645263671875 0.0832901000976562
0.0292816162109375 0.001007080078125 0.31072998046875 -0.574462890625
0.0211009979248047 -0.0149459838867188 -0.21337890625 -0.9075927734375
-0.00562095642089844 -0.00373172760009766 -0.77288818359375 -0.27508544921875
-0.00515031814575195 0.0042109489440918 -0.52008056640625 0.400543212890625
0.0130615234375 -0.00341606140136719 -0.061126708984375 0.47247314453125
0.00545787811279297 -0.00903034210205078 0.287628173828125 0.222381591796875
0.0104179382324219 0.000921249389648437 0.3343505859375 -0.0770263671875
0.0273094177246094 -0.0154380798339844 -0.327728271484375 0.0831298828125
0.0256156921386719 -0.00254631042480469 -0.25531005859375 -0.189163208007812
0.0143241882324219 -0.0184116363525391 0.06591796875 -0.469451904296875
0.00560092926025391 0.00354766845703125 0.5423583984375 -0.388946533203125
-0.0224494934082031 0.0296516418457031 0.73077392578125 0.30242919921875
-0.0176753997802734 0.000305175781249999 0.2706298828125 0.8563232421875
0.020477294921875 0.0179424285888672 -0.22796630859375 0.64617919921875
0.0244789123535156 0.00922393798828125 0.0167465209960937 0.076904296875
0.0265312194824219 0.00675010681152344 0.3031005859375 -0.58099365234375
0.0208415985107422 -0.00884628295898438 -0.22906494140625 -0.90093994140625
-0.00258994102478027 -0.000694513320922852 -0.775390625 -0.2593994140625
-0.00206530094146729 0.000380396842956543 -0.51007080078125 0.408721923828125
0.0165119171142578 -0.00675296783447266 -0.052154541015625 0.4735107421875
0.00586700439453125 -0.010528564453125 0.287689208984375 0.22149658203125
0.00990581512451172 -0.00188541412353516 0.331695556640625 -0.080535888671875
0.0275421142578125 -0.0193557739257813 -0.33013916015625 0.078125
0.0254440307617188 -0.00340652465820313 -0.2568359375 -0.191635131835938
0.0178279876708984 -0.0213489532470703 0.074554443359375 -0.465606689453125
0.00923347473144531 5.81741333007812E-05 0.552398681640625 -0.3807373046875
-0.0214939117431641 0.0308742523193359 0.72735595703125 0.315185546875
-0.0176124572753906 0.00436210632324218 0.25640869140625 0.86285400390625
0.0184745788574219 0.0215053558349609 -0.2366943359375 0.63824462890625
0.0225734710693359 0.0104122161865234 0.0213432312011719 0.0694732666015625
0.023681640625 0.00984001159667969 0.29522705078125 -0.5908203125
0.0208454132080078 -0.00452995300292969 -0.24468994140625 -0.8983154296875
-0.000424981117248535 0.000709056854248047 -0.77490234375 -0.24468994140625
0.000623464584350586 -0.00300788879394531 -0.50042724609375 0.417999267578125
0.0204982757568359 -0.00972747802734375 -0.044830322265625 0.4757080078125
0.00537204742431641 -0.0113449096679688 0.28729248046875 0.21917724609375
0.00856971740722656 -0.00452280044555664 0.327117919921875 -0.08526611328125
0.0255947113037109 -0.026580810546875 -0.33740234375 0.0899353027343749
0.0157527923583984 0.00790596008300781 -0.2734375 -0.196319580078125
0.00437116622924805 -0.00337505340576172 0.04156494140625 -0.47357177734375
-0.00257301330566406 0.0137710571289063 0.532440185546875 -0.408935546875
-0.0251998901367188 0.0226421356201172 0.7452392578125 0.2679443359375
-0.0179462432861328 -0.0341949462890625 0.301025390625 0.83306884765625
0.0343837738037109 -0.0248966217041016 -0.213134765625 0.64190673828125
0.0549201965332031 -0.0234413146972656 0.0189437866210938 0.0741958618164063
0.0424957275390625 -0.0348625183105469 0.3184814453125 -0.58770751953125
0.0200462341308594 -0.043487548828125 -0.207275390625 -0.92108154296875
-0.00865268707275391 -0.0123100280761719 -0.770751953125 -0.28363037109375
-0.00999736785888672 0.0123195648193359 -0.5225830078125 0.400360107421875
0.00549888610839844 0.00525426864624023 -0.071563720703125 0.47369384765625
-0.00237631797790527 -0.000910282135009766 0.278167724609375 0.21624755859375
0.0041656494140625 -0.00952911376953125 0.3284912109375 -0.079132080078125
0.0245132446289062 -0.0211143493652344 -0.330047607421875 0.0947570800781249
0.0183792114257812 0.00605392456054687 -0.269546508789063 -0.192779541015625
0.0024871826171875 -0.00144028663635254 0.03851318359375 -0.473419189453125
-0.00183010101318359 0.0147476196289063 0.527191162109375 -0.411468505859375
-0.0272216796875 0.0220241546630859 0.74371337890625 0.26556396484375
-0.0180740356445312 -0.0322036743164063 0.3074951171875 0.8375244140625
0.0336589813232422 -0.0214729309082031 -0.20947265625 0.65264892578125
0.0534515380859375 -0.0191192626953125 0.015106201171875 0.0814208984375
0.0429801940917969 -0.0304450988769531 0.321044921875 -0.57989501953125
0.021453857421875 -0.0413475036621094 -0.1959228515625 -0.9266357421875
-0.00994682312011719 -0.0126428604125977 -0.76898193359375 -0.29638671875
-0.0105390548706055 0.0115766525268555 -0.52960205078125 0.391693115234375
0.0043787956237793 0.00664806365966797 -0.076202392578125 0.471710205078125
-0.000824630260467529 -0.000709354877471924 0.280899047851563 0.215988159179688
0.00490570068359375 -0.00538444519042969 0.3297119140625 -0.07708740234375
0.0254344940185547 -0.0173454284667969 -0.32781982421875 0.0970458984374999
0.0212230682373047 0.00552558898925781 -0.266845703125 -0.190887451171875
0.00269722938537598 -0.00327610969543457 0.037384033203125 -0.4732666015625
-0.00222587585449219 0.014927864074707 0.522308349609375 -0.41204833984375
-0.0263576507568359 0.0235805511474609 0.7396240234375 0.26007080078125
-0.0178451538085938 -0.0266761779785156 0.30859375 0.8377685546875
0.0312900543212891 -0.0146160125732422 -0.21160888671875 0.65655517578125
0.0490570068359375 -0.0134849548339844 0.0111923217773438 0.0859375
0.0415802001953125 -0.0245018005371094 0.322998046875 -0.57257080078125
0.0214805603027344 -0.0369071960449219 -0.18994140625 -0.91973876953125
-0.00933837890625 -0.0118379592895508 -0.766845703125 -0.29638671875
-0.0112075805664062 0.011652946472168 -0.5328369140625 0.39013671875
0.00369501113891602 0.00614023208618164 -0.07763671875 0.47100830078125
0.00107526779174805 -0.00230979919433594 0.2857666015625 0.2191162109375
0.00768041610717773 -0.0016627311706543 0.33453369140625 -0.076202392578125
0.0271091461181641 -0.0138130187988281 -0.325042724609375 0.0954895019531249
0.0225772857666016 0.00307655334472656 -0.262741088867187 -0.188262939453125
0.00457477569580078 -0.00561714172363281 0.04022216796875 -0.47442626953125
-0.00127124786376953 0.0124721527099609 0.521728515625 -0.411834716796875
-0.0251216888427734 0.0251960754394531 0.7413330078125 0.26519775390625
-0.0181121826171875 -0.0205268859863281 0.30596923828125 0.843017578125
0.0296916961669922 -0.00639724731445312 -0.21075439453125 0.65985107421875
0.0434303283691406 -0.007415771484375 0.009735107421875 0.08856201171875
0.03759765625 -0.0158653259277344 0.32000732421875 -0.57110595703125
0.0210628509521484 -0.0302524566650391 -0.1939697265625 -0.91864013671875
-0.00903224945068359 -0.00956630706787109 -0.77130126953125 -0.2965087890625
-0.0096893310546875 0.00969696044921875 -0.533538818359375 0.39056396484375
0.00448846817016601 0.00339555740356445 -0.073974609375 0.47113037109375
0.00288724899291992 -0.00405120849609375 0.287445068359375 0.221160888671875
0.00905036926269531 0.000351905822753906 0.335296630859375 -0.075225830078125
0.0263271331787109 -0.012542724609375 -0.324493408203125 0.0941162109375
0.0251655578613281 0.000873565673828125 -0.260406494140625 -0.188186645507813
0.00622749328613281 -0.0104093551635742 0.046539306640625 -0.472686767578125
0.000368118286132812 0.0102396011352539 0.527587890625 -0.4058837890625
-0.0238533020019531 0.0261497497558594 0.73370361328125 0.27484130859375
-0.017399787902832 -0.012873649597168 0.29681396484375 0.84771728515625
0.027191162109375 0.00322151184082031 -0.21929931640625 0.65875244140625
0.0356903076171875 0.00017547607421875 0.00945281982421875 0.0872268676757813
0.0338382720947266 -0.00762939453125 0.3187255859375 -0.5704345703125
0.0213851928710938 -0.0219573974609375 -0.19775390625 -0.91265869140625
-0.00708341598510742 -0.00771999359130859 -0.771728515625 -0.28851318359375
-0.00810480117797852 0.00698614120483398 -0.52691650390625 0.39361572265625
0.00821113586425781 0.000910758972167969 -0.068695068359375 0.470367431640625
0.00502777099609375 -0.00637197494506836 0.290252685546875 0.22137451171875
0.00957393646240234 0.000864982604980469 0.336212158203125 -0.075347900390625
0.027069091796875 -0.0135726928710938 -0.3255615234375 0.090667724609375
0.0249767303466797 -0.00172996520996094 -0.258331298828125 -0.187850952148438
0.009124755859375 -0.0140514373779297 0.054168701171875 -0.47235107421875
0.00235080718994141 0.00586938858032227 0.53326416015625 -0.400054931640625
-0.0226612091064453 0.0274829864501953 0.7364501953125 0.2860107421875
-0.0164546966552734 -0.00545692443847657 0.28546142578125 0.85504150390625
0.0239086151123047 0.0116958618164063 -0.22314453125 0.65655517578125
0.0293922424316406 0.00599479675292969 0.0127029418945313 0.083831787109375
0.0304718017578125 0.000614166259765625 0.31097412109375 -0.57568359375
0.0208797454833984 -0.0149555206298828 -0.21368408203125 -0.908447265625
-0.00490093231201172 -0.00377511978149414 -0.7744140625 -0.2755126953125
-0.00530815124511719 0.00385761260986328 -0.521881103515625 0.40252685546875
0.0133323669433594 -0.00278377532958984 -0.0618896484375 0.473602294921875
0.00623989105224609 -0.00814676284790039 0.29034423828125 0.223114013671875
0.0105810165405273 0.00109767913818359 0.335601806640625 -0.07757568359375
0.0278396606445313 -0.0159473419189453 -0.32818603515625 0.085052490234375
0.0251731872558594 -0.00248336791992188 -0.257247924804688 -0.188003540039062
0.0127048492431641 -0.0190906524658203 0.0654296875 -0.470733642578125
0.00583791732788086 0.00360441207885742 0.5439453125 -0.393035888671875
-0.0211296081542969 0.0304889678955078 0.73309326171875 0.30126953125
-0.0165042877197266 0.000714302062988284 0.272705078125 0.860107421875
0.0203723907470703 0.0178031921386719 -0.23065185546875 0.64910888671875
0.0248260498046875 0.00931739807128906 0.0162734985351562 0.0773239135742188
0.027374267578125 0.0068359375 0.30474853515625 -0.58148193359375
0.0208358764648438 -0.00867843627929688 -0.2293701171875 -0.90362548828125
-0.00217640399932861 -0.00195050239562988 -0.7767333984375 -0.25958251953125
-0.00231719017028809 -0.000220298767089844 -0.511383056640625 0.411590576171875
0.0168914794921875 -0.00656986236572266 -0.0517578125 0.474609375
0.00495815277099609 -0.00964069366455078 0.28985595703125 0.22064208984375
0.00997161865234375 -0.00185203552246094 0.331634521484375 -0.0821533203125
0.0275192260742188 -0.0193462371826172 -0.33056640625 0.0799560546875
0.0253887176513672 -0.0036773681640625 -0.2569580078125 -0.190216064453125
0.0173244476318359 -0.0210094451904297 0.073272705078125 -0.467071533203125
0.00899982452392578 0.000947952270507813 0.5545654296875 -0.382843017578125
-0.0200099945068359 0.0314750671386719 0.7298583984375 0.316162109375
-0.016270637512207 0.00481414794921875 0.2581787109375 0.86578369140625
0.0194988250732422 0.0211772918701172 -0.23602294921875 0.64056396484375
0.0224685668945313 0.0096588134765625 0.0215492248535156 0.0701904296875
0.0238399505615234 0.00909233093261719 0.29852294921875 -0.5916748046875
0.0203094482421875 -0.00474929809570313 -0.24615478515625 -0.8994140625
-0.000259160995483398 0.000636637210845947 -0.7779541015625 -0.24560546875
0.000260114669799804 -0.00283694267272949 -0.50128173828125 0.418670654296875
0.0207290649414063 -0.00986671447753906 -0.04534912109375 0.47705078125
0.00555229187011719 -0.0114612579345703 0.288543701171875 0.218475341796875
0.00854873657226563 -0.00509262084960937 0.32855224609375 -0.086090087890625
0.0257606506347656 -0.0279560089111328 -0.33782958984375 0.0931396484375
0.0160036087036133 0.00790691375732422 -0.274932861328125 -0.194366455078125
0.00450563430786133 -0.00281620025634766 0.039581298828125 -0.474517822265625
-0.00281238555908203 0.0141315460205078 0.533721923828125 -0.411529541015625
-0.02484130859375 0.0224399566650391 0.7498779296875 0.26934814453125
-0.0163536071777344 -0.0339298248291016 0.30126953125 0.8369140625
0.0353965759277344 -0.0250892639160156 -0.2120361328125 0.6461181640625
0.0536537170410156 -0.0225639343261719 0.019775390625 0.0759429931640625
0.0421333312988281 -0.034454345703125 0.32000732421875 -0.58935546875
0.0200157165527344 -0.0435256958007813 -0.2081298828125 -0.92620849609375
-0.00873279571533203 -0.0123434066772461 -0.7750244140625 -0.2833251953125
-0.00872516632080078 0.012324333190918 -0.526153564453125 0.403778076171875
0.00552701950073242 0.005218505859375 -0.072052001953125 0.4765625
-0.00330901145935059 -0.000316858291625976 0.281585693359375 0.214752197265625
0.00394821166992188 -0.0106039047241211 0.33050537109375 -0.081695556640625
0.0250778198242188 -0.0221424102783203 -0.33013916015625 0.096282958984375
0.0193595886230469 0.00637054443359375 -0.27081298828125 -0.191970825195313
0.0022122859954834 -0.00127243995666504 0.036529541015625 -0.4749755859375
-0.00254154205322266 0.0147123336791992 0.528564453125 -0.414581298828125
-0.0255165100097656 0.0224933624267578 0.74859619140625 0.2642822265625
-0.0176296234130859 -0.0317459106445313 0.30816650390625 0.84173583984375
0.0331974029541016 -0.0222702026367188 -0.2099609375 0.656005859375
0.0539474487304688 -0.0192680358886719 0.0156631469726563 0.0823440551757813
0.0430641174316406 -0.0309791564941406 0.32281494140625 -0.5838623046875
0.0208587646484375 -0.0421257019042969 -0.19830322265625 -0.93060302734375
-0.00960063934326172 -0.0133686065673828 -0.774169921875 -0.29742431640625
-0.0111503601074219 0.0124073028564453 -0.5318603515625 0.397674560546875
0.0045628547668457 0.00685024261474609 -0.07513427734375 0.4739990234375
-0.000532388687133789 -0.00111532211303711 0.28302001953125 0.215545654296875
0.00537014007568359 -0.00512075424194336 0.330810546875 -0.07904052734375
0.0259037017822266 -0.0184097290039063 -0.327880859375 0.0995788574218749
0.0215187072753906 0.00506973266601563 -0.268051147460938 -0.190109252929688
0.00190424919128418 -0.00244498252868652 0.03643798828125 -0.47454833984375
-0.00232601165771484 0.0146398544311523 0.5216064453125 -0.416412353515625
-0.0241031646728516 0.0237064361572266 0.74468994140625 0.26116943359375
-0.017730712890625 -0.0279083251953125 0.3094482421875 0.84063720703125
0.0326194763183594 -0.0149669647216797 -0.21063232421875 0.6590576171875
0.0482711791992187 -0.0140228271484375 0.012542724609375 0.0864181518554687
0.0408172607421875 -0.0245170593261719 0.32421875 -0.57623291015625
0.0206794738769531 -0.0374984741210938 -0.18988037109375 -0.92376708984375
-0.00953292846679687 -0.0121545791625977 -0.7708740234375 -0.297607421875
-0.0109243392944336 0.0117654800415039 -0.534820556640625 0.393157958984375
0.00329446792602539 0.00516510009765625 -0.076324462890625 0.473175048828125
0.0014655590057373 -0.00234532356262207 0.288177490234375 0.218414306640625
0.00663280487060547 -0.00229597091674805 0.3370361328125 -0.07672119140625
0.0264511108398438 -0.0142230987548828 -0.326263427734375 0.0992126464843749
0.0233650207519531 0.00272941589355469 -0.26458740234375 -0.188156127929687
0.00320720672607422 -0.00641059875488281 0.03863525390625 -0.47625732421875
-0.00171852111816406 0.0128097534179687 0.5218505859375 -0.41656494140625
-0.0245800018310547 0.0243473052978516 0.74420166015625 0.26507568359375
-0.0172710418701172 -0.0212612152099609 0.30902099609375 0.8453369140625
0.0299415588378906 -0.0066375732421875 -0.21038818359375 0.66180419921875
0.0422286987304687 -0.0072174072265625 0.00951385498046876 0.0888137817382813
0.037994384765625 -0.0167007446289063 0.3216552734375 -0.57293701171875
0.0209827423095703 -0.0311908721923828 -0.19610595703125 -0.92254638671875
-0.00923252105712891 -0.00964450836181641 -0.77471923828125 -0.2974853515625
-0.0102815628051758 0.00996589660644531 -0.53546142578125 0.393310546875
0.00541162490844726 0.00310945510864258 -0.073150634765625 0.4735107421875
0.00281333923339844 -0.00462436676025391 0.289520263671875 0.2205810546875
0.00824451446533203 0.00121068954467773 0.337890625 -0.076202392578125
0.0266647338867188 -0.0139827728271484 -0.325042724609375 0.097137451171875
0.0262432098388672 0.000879287719726563 -0.262039184570312 -0.18646240234375
0.00564098358154297 -0.0102920532226563 0.046844482421875 -0.474029541015625
-0.000384330749511718 0.0100383758544922 0.52813720703125 -0.408660888671875
-0.0231742858886719 0.0271358489990234 0.73876953125 0.274169921875
-0.0170669555664063 -0.0124034881591797 0.29803466796875 0.8526611328125
0.0277004241943359 0.00254440307617187 -0.21795654296875 0.66265869140625
0.0365562438964844 -0.0015411376953125 0.0101394653320313 0.0878219604492188
0.0341815948486328 -0.00745964050292969 0.3184814453125 -0.57257080078125
0.0212631225585937 -0.0228557586669922 -0.20098876953125 -0.9178466796875
-0.00738811492919922 -0.00687217712402344 -0.77447509765625 -0.2896728515625
-0.00765371322631836 0.00611162185668945 -0.5308837890625 0.396820068359375
0.00924777984619141 0.00124454498291016 -0.0685424804687501 0.47393798828125
0.00423669815063477 -0.00677204132080078 0.29083251953125 0.220489501953125
0.00990772247314453 0.00196361541748047 0.33734130859375 -0.076812744140625
0.0276775360107422 -0.0144519805908203 -0.3270263671875 0.091766357421875
0.0273761749267578 -0.00220680236816406 -0.259765625 -0.186996459960938
0.00876045227050781 -0.013702392578125 0.054290771484375 -0.475433349609375
0.00288772583007812 0.00637960433959961 0.535247802734375 -0.40423583984375
-0.0217514038085937 0.0288238525390625 0.7398681640625 0.28533935546875
-0.016265869140625 -0.00591754913330078 0.28973388671875 0.85906982421875
0.0235576629638672 0.0112247467041016 -0.22344970703125 0.659912109375
0.0294475555419922 0.00587272644042969 0.01226806640625 0.0848541259765625
0.0300254821777344 0.000761032104492187 0.31292724609375 -0.5775146484375
0.0203456878662109 -0.0152435302734375 -0.21710205078125 -0.91552734375
-0.00565814971923828 -0.0042266845703125 -0.77874755859375 -0.2745361328125
-0.00594806671142578 0.0044407844543457 -0.523956298828125 0.404998779296875
0.012629508972168 -0.00323867797851562 -0.058990478515625 0.476470947265625
0.00550127029418945 -0.00864124298095703 0.292388916015625 0.222015380859375
0.00965213775634766 0.000471115112304688 0.337127685546875 -0.079620361328125
0.0283603668212891 -0.0160083770751953 -0.328704833984375 0.0870361328125001
0.0263271331787109 -0.00284194946289062 -0.25762939453125 -0.18817138671875
0.0129871368408203 -0.0188655853271484 0.064361572265625 -0.47271728515625
0.00525140762329102 0.00393962860107422 0.5445556640625 -0.3944091796875
-0.020721435546875 0.0296039581298828 0.73779296875 0.30029296875
-0.0155525207519531 0.00133609771728515 0.275390625 0.86444091796875
0.0210189819335938 0.0166893005371094 -0.23004150390625 0.65185546875
0.0242481231689453 0.00792884826660156 0.0174636840820313 0.078216552734375
0.0266304016113281 0.00648880004882812 0.30609130859375 -0.585205078125
0.0212383270263672 -0.00840950012207031 -0.231689453125 -0.90753173828125
-0.00239467620849609 -0.000919580459594727 -0.78070068359375 -0.25909423828125
-0.00231623649597168 0.00105547904968262 -0.51434326171875 0.4140625
0.0174245834350586 -0.00676727294921875 -0.051055908203125 0.478790283203125
0.00585746765136719 -0.00991725921630859 0.291748046875 0.22021484375
0.0101785659790039 -0.00161075592041016 0.334197998046875 -0.084259033203125
0.0278530120849609 -0.0209827423095703 -0.331695556640625 0.08306884765625
0.0259799957275391 -0.00317001342773438 -0.259292602539063 -0.19000244140625
0.0174369812011719 -0.0209999084472656 0.072113037109375 -0.470947265625
0.00815916061401367 0.000751972198486328 0.556243896484375 -0.38519287109375
-0.0200462341308594 0.0308151245117188 0.73455810546875 0.31683349609375
-0.0147275924682617 0.00483036041259766 0.2603759765625 0.86956787109375
0.0196800231933594 0.0203437805175781 -0.2369384765625 0.64556884765625
0.0216655731201172 0.0101222991943359 0.0212364196777344 0.0698623657226563
0.0239772796630859 0.00935745239257813 0.2989501953125 -0.593994140625
0.0201148986816406 -0.004791259765625 -0.25018310546875 -0.90496826171875
-0.0011523962020874 0.000602960586547851 -0.783203125 -0.24542236328125
0.0001373291015625 -0.00245213508605957 -0.503021240234375 0.4224853515625
0.0211753845214844 -0.0103988647460938 -0.043212890625 0.479461669921875
0.00523090362548828 -0.0112543106079102 0.290740966796875 0.216827392578125
0.00849342346191406 -0.0050044059753418 0.32928466796875 -0.08831787109375
0.026153564453125 -0.0289134979248047 -0.339202880859375 0.0954895019531249
0.0169944763183594 0.00873565673828125 -0.276779174804688 -0.195205688476563
0.00386834144592285 -0.00219607353210449 0.036834716796875 -0.478271484375
-0.003326416015625 0.0142602920532227 0.53704833984375 -0.415557861328125
-0.0239048004150391 0.0228900909423828 0.75555419921875 0.26593017578125
-0.0159263610839844 -0.0342693328857422 0.30584716796875 0.8414306640625
0.0342674255371094 -0.0260124206542969 -0.21197509765625 0.6492919921875
0.0536041259765625 -0.0239448547363281 0.019500732421875 0.0754852294921875
0.0415229797363281 -0.0347023010253906 0.31866455078125 -0.59326171875
0.0205421447753906 -0.0431480407714844 -0.2120361328125 -0.928955078125
-0.00818729400634766 -0.0123615264892578 -0.780517578125 -0.28436279296875
-0.00894355773925781 0.0115270614624023 -0.5250244140625 0.405853271484375
0.00584030151367188 0.00581550598144531 -0.0704345703125 0.480010986328125
-0.00264358520507813 0.000191688537597656 0.284210205078125 0.214263916015625
0.00362396240234375 -0.00993633270263672 0.3321533203125 -0.083740234375
0.0255146026611328 -0.0236415863037109 -0.33148193359375 0.100067138671875
0.0193138122558594 0.00621795654296875 -0.274124145507813 -0.19146728515625
0.00227808952331543 -0.0013427734375 0.034637451171875 -0.476715087890625
-0.00353717803955078 0.0149621963500977 0.5302734375 -0.417999267578125
-0.0256290435791016 0.0222339630126953 0.7537841796875 0.2630615234375
-0.0160446166992188 -0.0320529937744141 0.31622314453125 0.84478759765625
0.0351982116699219 -0.0219917297363281 -0.20947265625 0.65936279296875
0.0527572631835937 -0.0196762084960938 0.0164794921875 0.0824661254882813
0.0426712036132813 -0.031402587890625 0.32275390625 -0.5880126953125
0.0211372375488281 -0.0421791076660156 -0.2017822265625 -0.93450927734375
-0.0100564956665039 -0.0127096176147461 -0.7796630859375 -0.29669189453125
-0.0108737945556641 0.0129232406616211 -0.533447265625 0.39959716796875
0.00481081008911133 0.00664758682250977 -0.0740966796875 0.477081298828125
-0.000260114669799805 -0.000691413879394531 0.28656005859375 0.214019775390625
0.00592613220214844 -0.00491857528686524 0.3338623046875 -0.081268310546875
0.0262699127197266 -0.0194911956787109 -0.329254150390625 0.102264404296875
0.0227622985839844 0.00525283813476563 -0.26995849609375 -0.188873291015625
0.00214457511901855 -0.00300407409667969 0.03497314453125 -0.476654052734375
-0.00335311889648438 0.0150356292724609 0.524322509765625 -0.421112060546875
-0.0243053436279297 0.0237884521484375 0.74932861328125 0.2601318359375
-0.0168190002441406 -0.0280666351318359 0.314208984375 0.8447265625
0.0331077575683594 -0.0159683227539063 -0.2115478515625 0.66436767578125
0.0480499267578125 -0.0137252807617188 0.0125732421875 0.0876312255859375
0.0406570434570313 -0.02423095703125 0.3238525390625 -0.57769775390625
0.0220222473144531 -0.0378379821777344 -0.194091796875 -0.9300537109375
-0.00931358337402344 -0.0122051239013672 -0.7767333984375 -0.2974853515625
-0.0106954574584961 0.0121345520019531 -0.537109375 0.396881103515625
0.00333309173583984 0.0053715705871582 -0.074981689453125 0.47723388671875
0.00102365016937256 -0.00162708759307861 0.291290283203125 0.21826171875
0.0070037841796875 -0.00219964981079102 0.3377685546875 -0.080352783203125
0.0264205932617188 -0.0161075592041016 -0.325897216796875 0.10137939453125
0.02447509765625 0.00272941589355469 -0.266693115234375 -0.187210083007813
0.00410699844360352 -0.00455951690673828 0.036285400390625 -0.480499267578125
-0.00171470642089844 0.0121393203735352 0.5244140625 -0.420867919921875
-0.0238113403320312 0.0252780914306641 0.7513427734375 0.26361083984375
-0.0162353515625 -0.0213489532470703 0.3131103515625 0.85064697265625
0.0309734344482422 -0.00702667236328125 -0.2110595703125 0.66790771484375
0.0424346923828125 -0.00659942626953125 0.0104293823242188 0.0897293090820313
0.038055419921875 -0.0165977478027344 0.32208251953125 -0.57568359375
0.0214672088623047 -0.0311203002929688 -0.1993408203125 -0.9288330078125
-0.00996112823486328 -0.0101079940795898 -0.7796630859375 -0.296142578125
-0.0105686187744141 0.0100488662719727 -0.536346435546875 0.397674560546875
0.00554943084716797 0.00348854064941406 -0.072784423828125 0.476654052734375
0.00318551063537598 -0.00387716293334961 0.29180908203125 0.219696044921875
0.00933933258056641 0.000804901123046875 0.339447021484375 -0.0791015625
0.0271644592285156 -0.0151824951171875 -0.326446533203125 0.100067138671875
0.0257492065429688 0.000484466552734375 -0.263351440429688 -0.185821533203125
0.00556373596191406 -0.00840902328491211 0.044464111328125 -0.47760009765625
-0.000484466552734375 0.00928592681884766 0.5301513671875 -0.4136962890625
-0.0228786468505859 0.026214599609375 0.74481201171875 0.27294921875
-0.0151405334472656 -0.013763427734375 0.3026123046875 0.85577392578125
0.0278854370117188 0.00188636779785156 -0.21807861328125 0.66680908203125
0.0351524353027344 -0.0004119873046875 0.0098419189453125 0.088714599609375
0.0338840484619141 -0.00773811340332031 0.318359375 -0.5760498046875
0.0214366912841797 -0.0228729248046875 -0.20330810546875 -0.92230224609375
-0.00744962692260742 -0.00730562210083008 -0.7813720703125 -0.28961181640625
-0.0081019401550293 0.00740242004394531 -0.5325927734375 0.400299072265625
0.00879955291748047 5.62667846679688E-05 -0.065765380859375 0.475860595703125
0.00458145141601563 -0.00620269775390625 0.294525146484375 0.219696044921875
0.0101308822631836 0.00116348266601562 0.34039306640625 -0.079559326171875
0.0278835296630859 -0.0157527923583984 -0.328338623046875 0.094451904296875
0.0266857147216797 -0.00185775756835938 -0.26123046875 -0.18572998046875
0.00859260559082031 -0.0133085250854492 0.051116943359375 -0.47686767578125
0.00279331207275391 0.00669527053833008 0.53729248046875 -0.40838623046875
-0.0204410552978516 0.0283126831054688 0.74578857421875 0.28424072265625
-0.0153951644897461 -0.00572872161865234 0.29315185546875 0.86126708984375
0.0251636505126953 0.00997161865234375 -0.2220458984375 0.66424560546875
0.0283985137939453 0.00524520874023438 0.0125656127929688 0.0844955444335938
0.0295314788818359 -0.000164031982421875 0.3123779296875 -0.5819091796875
0.0208587646484375 -0.0155868530273438 -0.2208251953125 -0.91815185546875
-0.00472021102905273 -0.00296735763549805 -0.7847900390625 -0.27496337890625
-0.00554752349853516 0.00428009033203125 -0.525787353515625 0.410400390625
0.0141334533691406 -0.003387451171875 -0.05859375 0.47979736328125
0.00594425201416016 -0.00799655914306641 0.2958984375 0.22174072265625
0.0108280181884766 0.000478744506835938 0.338531494140625 -0.0828857421875
0.0289897918701172 -0.0181293487548828 -0.32928466796875 0.0907897949218751
0.0271987915039063 -0.00348472595214844 -0.260330200195312 -0.186538696289063
0.0119304656982422 -0.0186176300048828 0.06268310546875 -0.4752197265625
0.00518465042114258 0.00304079055786133 0.545745849609375 -0.39886474609375
-0.0201492309570313 0.0306129455566406 0.74310302734375 0.3001708984375
-0.014033317565918 -0.000118255615234374 0.27825927734375 0.86834716796875
0.0217456817626953 0.01690673828125 -0.23065185546875 0.65869140625
0.0237026214599609 0.00906944274902344 0.0177078247070313 0.0780181884765625
0.0262527465820313 0.00626182556152344 0.3055419921875 -0.58892822265625
0.0214385986328125 -0.00905609130859375 -0.2366943359375 -0.913818359375
-0.00366568565368652 -0.000999212265014649 -0.7860107421875 -0.2598876953125
-0.00148332118988037 0.000898122787475586 -0.515289306640625 0.417755126953125
0.0182113647460938 -0.00695037841796875 -0.051422119140625 0.48211669921875
0.00600814819335937 -0.00986099243164063 0.294708251953125 0.219329833984375
0.00980472564697265 -0.00124931335449219 0.335845947265625 -0.08526611328125
0.0281829833984375 -0.0220680236816406 -0.333251953125 0.08544921875
0.0265350341796875 -0.00411415100097656 -0.260635375976562 -0.189407348632813
0.0165367126464844 -0.0211315155029297 0.07098388671875 -0.472686767578125
0.00794506072998047 -0.000329017639160156 0.5582275390625 -0.39080810546875
-0.0179882049560547 0.0320854187011719 0.73968505859375 0.31524658203125
-0.0151290893554687 0.00421810150146484 0.2635498046875 0.87139892578125
0.0194568634033203 0.0205478668212891 -0.2353515625 0.6505126953125
0.0200901031494141 0.0102672576904297 0.0216445922851563 0.0706634521484375
0.0237216949462891 0.00940132141113281 0.29876708984375 -0.59710693359375
0.0207595825195312 -0.00590133666992187 -0.2537841796875 -0.91021728515625
-0.000694751739501953 0.000986158847808838 -0.788818359375 -0.2449951171875
-0.000216007232666016 -0.00313735008239746 -0.50469970703125 0.426788330078125
0.0217494964599609 -0.0109996795654297 -0.04241943359375 0.483062744140625
0.00503730773925781 -0.010890007019043 0.29510498046875 0.217864990234375
0.00880241394042969 -0.00578975677490234 0.331695556640625 -0.090606689453125
0.0261878967285156 -0.0302600860595703 -0.33953857421875 0.098541259765625
0.0177059173583984 0.00755500793457031 -0.27923583984375 -0.193939208984375
0.00358033180236816 -0.00210833549499512 0.034423828125 -0.481170654296875
-0.00349998474121094 0.0142831802368164 0.537200927734375 -0.422149658203125
-0.0233840942382813 0.022308349609375 0.75970458984375 0.26641845703125
-0.0154170989990234 -0.0347347259521484 0.31097412109375 0.8463134765625
0.0362739562988281 -0.0266151428222656 -0.2091064453125 0.654052734375
0.0543365478515625 -0.0232086181640625 0.0209426879882813 0.0757980346679688
0.0417900085449219 -0.0359230041503906 0.32000732421875 -0.5980224609375
0.02032470703125 -0.044036865234375 -0.2176513671875 -0.935302734375
-0.00836944580078125 -0.0127019882202148 -0.784912109375 -0.28302001953125
-0.00927829742431641 0.0122556686401367 -0.5286865234375 0.410919189453125
0.00599098205566406 0.00536203384399414 -0.0674133300781251 0.48333740234375
-0.00303268432617188 0.000402450561523437 0.2879638671875 0.214019775390625
0.00428009033203125 -0.0100011825561523 0.334747314453125 -0.085662841796875
0.0255661010742187 -0.0251178741455078 -0.3331298828125 0.10223388671875
0.0214061737060547 0.00592803955078125 -0.275894165039063 -0.1900634765625
0.00108754634857178 -0.000462710857391358 0.033294677734375 -0.480804443359375
-0.00400829315185547 0.0154438018798828 0.531951904296875 -0.42578125
-0.0237350463867188 0.0219669342041016 0.7579345703125 0.2611083984375
-0.0161304473876953 -0.0333099365234375 0.31927490234375 0.8486328125
0.0348796844482422 -0.0232486724853516 -0.20635986328125 0.6651611328125
0.0523300170898438 -0.0194435119628906 0.0165786743164062 0.0821456909179688
0.0428047180175781 -0.0325508117675781 0.3236083984375 -0.5919189453125
0.0214385986328125 -0.042724609375 -0.2064208984375 -0.94061279296875
-0.00992870330810547 -0.0131168365478516 -0.78558349609375 -0.29473876953125
-0.0114622116088867 0.0121326446533203 -0.53460693359375 0.405242919921875
0.00530195236206055 0.0058588981628418 -0.073486328125 0.480133056640625
0.000363469123840332 -0.000524818897247314 0.289581298828125 0.214141845703125
0.00499248504638672 -0.00496053695678711 0.33465576171875 -0.0836181640625
0.0263805389404297 -0.0210628509521484 -0.33099365234375 0.105987548828125
0.0234165191650391 0.00502777099609375 -0.273284912109375 -0.187911987304688
0.00200331211090088 -0.00176680088043213 0.03240966796875 -0.48052978515625
-0.00321674346923828 0.0149440765380859 0.5252685546875 -0.426361083984375
-0.0240325927734375 0.0238761901855469 0.7552490234375 0.2578125
-0.016204833984375 -0.0279731750488281 0.3182373046875 0.84893798828125
0.0331974029541016 -0.0156345367431641 -0.2086181640625 0.67022705078125
0.0482177734375 -0.0142936706542969 0.0121688842773438 0.087615966796875
0.0410804748535156 -0.0256233215332031 0.32513427734375 -0.58331298828125
0.0210494995117187 -0.0379295349121094 -0.20001220703125 -0.9342041015625
-0.009979248046875 -0.0123062133789062 -0.7835693359375 -0.2952880859375
-0.011937141418457 0.0113286972045898 -0.539459228515625 0.40167236328125
0.00420999526977539 0.00455474853515625 -0.073638916015625 0.480987548828125
0.00154221057891846 -0.00140619277954102 0.29345703125 0.216339111328125
0.00719499588012695 -0.00274467468261719 0.34014892578125 -0.082550048828125
0.0273551940917969 -0.0173912048339844 -0.32794189453125 0.105377197265625
0.0253334045410156 0.00295448303222656 -0.269271850585938 -0.185699462890625
0.00266075134277344 -0.0046076774597168 0.035552978515625 -0.481597900390625
-0.00282478332519531 0.0125570297241211 0.52581787109375 -0.42669677734375
-0.0231609344482422 0.0252838134765625 0.75640869140625 0.26055908203125
-0.0149021148681641 -0.0223159790039063 0.31854248046875 0.85467529296875
0.03125 -0.00828361511230469 -0.207763671875 0.67376708984375
0.042236328125 -0.00760650634765625 0.0107879638671875 0.0902252197265625
0.0383453369140625 -0.0176467895507812 0.32147216796875 -0.582763671875
0.0217609405517578 -0.0307292938232422 -0.205078125 -0.93292236328125
-0.00911140441894531 -0.00937366485595703 -0.7874755859375 -0.2955322265625
-0.0104541778564453 0.010101318359375 -0.53778076171875 0.402374267578125
0.00612211227416992 0.00355768203735352 -0.06964111328125 0.481048583984375
0.00294828414916992 -0.00330758094787598 0.29510498046875 0.2183837890625
0.00927448272705078 0.00103378295898437 0.340789794921875 -0.08135986328125
0.0279541015625 -0.0164737701416016 -0.3272705078125 0.10272216796875
0.0276699066162109 -5.53131103515625E-05 -0.266143798828125 -0.185195922851563
0.00534248352050781 -0.00898456573486328 0.042144775390625 -0.480224609375
2.86102294921882E-05 0.00993442535400391 0.532318115234375 -0.419464111328125
-0.0214462280273437 0.0270175933837891 0.75067138671875 0.2720947265625
-0.0146970748901367 -0.0142793655395508 0.30902099609375 0.85906982421875
0.0272617340087891 0.00140571594238281 -0.21417236328125 0.672607421875
0.0356712341308594 -0.0002593994140625 0.0104446411132813 0.0894622802734375
0.0339336395263672 -0.007537841796875 0.3203125 -0.58074951171875
0.0211200714111328 -0.0235404968261719 -0.20965576171875 -0.9266357421875
-0.00786399841308594 -0.00676345825195313 -0.787109375 -0.28607177734375
-0.00835084915161133 0.00705385208129883 -0.533447265625 0.40618896484375
0.00923824310302734 0.000112533569335938 -0.065673828125 0.480316162109375
0.00435543060302734 -0.00643682479858398 0.297576904296875 0.21923828125
0.0104379653930664 0.00176429748535156 0.341949462890625 -0.082305908203125
0.0280418395996094 -0.0173091888427734 -0.329010009765625 0.09765625
0.0277881622314453 -0.00280189514160156 -0.263504028320312 -0.185012817382813
0.00789356231689453 -0.0139665603637695 0.050018310546875 -0.4801025390625
0.00267267227172852 0.00621795654296875 0.538177490234375 -0.415008544921875
-0.0202960968017578 0.0282325744628906 0.7515869140625 0.2841796875
-0.0142068862915039 -0.00565147399902344 0.297607421875 0.8675537109375
0.0249404907226563 0.00957870483398438 -0.22052001953125 0.6700439453125
0.0295047760009766 0.00521278381347656 0.0131378173828125 0.0852279663085938
0.030303955078125 0.000585556030273438 0.31243896484375 -0.58587646484375
0.0205516815185547 -0.0155963897705078 -0.22613525390625 -0.92193603515625
-0.00531148910522461 -0.00353431701660156 -0.790771484375 -0.27392578125
-0.00507688522338867 0.00426864624023437 -0.526641845703125 0.411895751953125
0.013331413269043 -0.00349235534667969 -0.05706787109375 0.483184814453125
0.00573158264160156 -0.00754642486572266 0.299774169921875 0.220947265625
0.0107517242431641 0.000790596008300781 0.341094970703125 -0.083984375
0.0287857055664063 -0.0202693939208984 -0.331512451171875 0.09326171875
0.0276641845703125 -0.00387001037597656 -0.262603759765625 -0.185867309570313
0.0122699737548828 -0.0184993743896484 0.059722900390625 -0.478546142578125
0.00501728057861328 0.00309848785400391 0.548309326171875 -0.4049072265625
-0.01910400390625 0.0302467346191406 0.749755859375 0.2982177734375
-0.0140695571899414 0.000248908996582028 0.28326416015625 0.87237548828125
0.0225658416748047 0.0165939331054688 -0.22784423828125 0.661865234375
0.0230655670166016 0.0103359222412109 0.0171890258789062 0.0794448852539063
0.02655029296875 0.00573348999023437 0.30596923828125 -0.59356689453125
0.020751953125 -0.00834465026855469 -0.2423095703125 -0.91607666015625
-0.00355720520019531 -0.000437259674072266 -0.79327392578125 -0.25811767578125
-0.0020521879196167 0.000986576080322266 -0.51788330078125 0.42138671875
0.0184917449951172 -0.00764274597167969 -0.04791259765625 0.484161376953125
0.00609016418457031 -0.00974655151367188 0.298736572265625 0.219482421875
0.00946426391601563 -0.000864982604980469 0.337432861328125 -0.0875244140625
0.0286502838134766 -0.0227184295654297 -0.334136962890625 0.0885620117187499
0.0278263092041016 -0.00503921508789063 -0.263015747070313 -0.188064575195313
0.0156707763671875 -0.0208187103271484 0.068389892578125 -0.475189208984375
0.00817203521728516 -0.000154018402099609 0.55908203125 -0.395965576171875
-0.0173873901367188 0.0319099426269531 0.74627685546875 0.31341552734375
-0.0133609771728516 0.00427532196044922 0.26922607421875 0.8778076171875
0.0204238891601563 0.0200672149658203 -0.23284912109375 0.653564453125
0.0200977325439453 0.0103340148925781 0.0223426818847656 0.0702629089355469
0.0241737365722656 0.00818634033203125 0.29840087890625 -0.60333251953125
0.0210361480712891 -0.00537490844726563 -0.2586669921875 -0.91326904296875
0.00052991509437561 0.000450313091278076 -0.794677734375 -0.2437744140625
-0.000317811965942383 -0.00249314308166504 -0.50653076171875 0.4293212890625
0.0208969116210937 -0.0111846923828125 -0.04046630859375 0.48651123046875
0.00560855865478516 -0.0111799240112305 0.2965087890625 0.217041015625
0.00910663604736328 -0.00446510314941406 0.3336181640625 -0.092926025390625
0.0271549224853516 -0.0315151214599609 -0.34344482421875 0.102264404296875
0.0190372467041016 0.00671577453613281 -0.282196044921875 -0.191925048828125
0.00303554534912109 -0.00170207023620605 0.03179931640625 -0.48388671875
-0.00265789031982422 0.0146646499633789 0.538116455078125 -0.42840576171875
-0.0231094360351563 0.0217685699462891 0.766845703125 0.2650146484375
-0.0136566162109375 -0.0352020263671875 0.31817626953125 0.849853515625
0.036468505859375 -0.0273094177246094 -0.2071533203125 0.6612548828125
0.0537261962890625 -0.0249252319335937 0.0212783813476562 0.07745361328125
0.0420646667480469 -0.0366592407226563 0.3189697265625 -0.60467529296875
0.0203895568847656 -0.044342041015625 -0.22222900390625 -0.94049072265625
-0.00899600982666016 -0.0129327774047852 -0.79345703125 -0.28021240234375
-0.0100021362304688 0.0129995346069336 -0.528228759765625 0.417633056640625
0.00659084320068359 0.00480222702026367 -0.065093994140625 0.4881591796875
-0.00215864181518555 0.000466704368591308 0.290924072265625 0.21240234375
0.00479602813720703 -0.0103845596313477 0.336517333984375 -0.08935546875
0.0261154174804688 -0.0261974334716797 -0.33477783203125 0.106231689453125
0.0211353302001953 0.00619125366210938 -0.278121948242187 -0.18817138671875
0.00246882438659668 -0.000310897827148438 0.0289306640625 -0.483734130859375
-0.00479698181152344 0.0146541595458984 0.533477783203125 -0.43182373046875
-0.0240688323974609 0.0230808258056641 0.76708984375 0.25823974609375
-0.0153255462646484 -0.0333309173583984 0.326416015625 0.8533935546875
0.03631591796875 -0.0235404968261719 -0.20513916015625 0.6710205078125
0.0522918701171875 -0.0204887390136719 0.0172653198242188 0.0833358764648438
0.0423545837402344 -0.0324783325195313 0.32476806640625 -0.5986328125
0.0217399597167969 -0.0423202514648438 -0.21295166015625 -0.94696044921875
-0.0113258361816406 -0.0130672454833984 -0.79217529296875 -0.2947998046875
-0.0104665756225586 0.0127286911010742 -0.53765869140625 0.4110107421875
0.00509977340698242 0.00672340393066406 -0.071533203125 0.48541259765625
-0.000333070755004883 -0.000957131385803223 0.2930908203125 0.211669921875
0.00605869293212891 -0.00525331497192383 0.33685302734375 -0.086578369140625
0.0274486541748047 -0.0229454040527344 -0.331451416015625 0.1102294921875
0.0238170623779297 0.00437545776367187 -0.275253295898437 -0.18646240234375
0.000952243804931641 -0.00255632400512695 0.029510498046875 -0.48419189453125
-0.00281238555908203 0.0153226852416992 0.5272216796875 -0.433441162109375
-0.0227603912353516 0.0235061645507813 0.76190185546875 0.25421142578125
-0.0143508911132812 -0.0295066833496094 0.3250732421875 0.856201171875
0.0334987640380859 -0.0171413421630859 -0.20623779296875 0.67718505859375
0.0478858947753906 -0.0155220031738281 0.0129013061523438 0.0885009765625
0.0403785705566406 -0.0263710021972656 0.323974609375 -0.58892822265625
0.0212936401367188 -0.03790283203125 -0.20355224609375 -0.93914794921875
-0.00982856750488281 -0.0117740631103516 -0.78997802734375 -0.29541015625
-0.0116415023803711 0.0118694305419922 -0.54119873046875 0.40869140625
0.00437211990356445 0.0056605339050293 -0.07110595703125 0.48529052734375
0.00155329704284668 -0.0030057430267334 0.2979736328125 0.21624755859375
0.00786972045898438 -0.00200653076171875 0.341339111328125 -0.0860595703125
0.0270442962646484 -0.0191593170166016 -0.32843017578125 0.109039306640625
0.0262565612792969 0.00203323364257813 -0.270965576171875 -0.184616088867187
0.00310897827148438 -0.0045628547668457 0.03155517578125 -0.48553466796875
-0.00243949890136719 0.0129604339599609 0.527313232421875 -0.43157958984375
-0.0226898193359375 0.0249786376953125 0.76416015625 0.25958251953125
-0.0150585174560547 -0.0210189819335938 0.325439453125 0.85870361328125
0.0311317443847656 -0.00839424133300781 -0.20623779296875 0.67919921875
0.0412712097167969 -0.00817489624023438 0.0111007690429688 0.0911026000976563
0.0379257202148438 -0.0178070068359375 0.32275390625 -0.586181640625
0.0216712951660156 -0.0312862396240234 -0.2120361328125 -0.9384765625
-0.00933170318603516 -0.00878524780273438 -0.7940673828125 -0.2933349609375
-0.0100536346435547 0.00952434539794922 -0.53955078125 0.410400390625
0.00623750686645508 0.00274419784545898 -0.066680908203125 0.484283447265625
0.00292515754699707 -0.00382757186889648 0.299346923828125 0.218597412109375
0.0102605819702148 0.00098419189453125 0.34271240234375 -0.0849609375
0.0278816223144531 -0.0185909271240234 -0.328857421875 0.105224609375
0.0280590057373047 -0.00130462646484375 -0.267166137695313 -0.183013916015625
0.00575351715087891 -0.00988674163818359 0.035003662109375 -0.482574462890625
-0.000414848327636718 0.0107927322387695 0.532501220703125 -0.42437744140625
-0.0218772888183594 0.0257091522216797 0.75860595703125 0.2672119140625
-0.0134801864624023 -0.0141639709472656 0.31536865234375 0.86407470703125
0.0283012390136719 0.00104141235351563 -0.21282958984375 0.6768798828125
0.0352745056152344 -0.000423431396484375 0.0119171142578125 0.0902862548828125
0.0332870483398438 -0.00930023193359375 0.3194580078125 -0.587158203125
0.0223941802978516 -0.0228195190429688 -0.2154541015625 -0.9320068359375
-0.00706720352172851 -0.00626039505004883 -0.79547119140625 -0.28521728515625
-0.00765609741210938 0.00656461715698242 -0.534881591796875 0.410888671875
0.00858402252197266 -0.000806331634521484 -0.0615234375 0.484710693359375
0.00425815582275391 -0.00501823425292969 0.302398681640625 0.217864990234375
0.010584831237793 0.00180530548095703 0.342803955078125 -0.085205078125
0.0282535552978516 -0.0174732208251953 -0.331085205078125 0.101531982421875
0.0294513702392578 -0.00243186950683594 -0.266677856445313 -0.1829833984375
0.00942420959472656 -0.0141077041625977 0.0469970703125 -0.4825439453125
0.00244474411010742 0.0067896842956543 0.540191650390625 -0.4205322265625
-0.0200347900390625 0.0290203094482422 0.75994873046875 0.2796630859375
-0.0128622055053711 -0.00549602508544922 0.30352783203125 0.870849609375
0.024444580078125 0.0105781555175781 -0.21807861328125 0.67681884765625
0.0288143157958984 0.00537490844726563 0.0135498046875 0.085968017578125
0.0304374694824219 -0.00121116638183594 0.3133544921875 -0.5919189453125
0.0204391479492188 -0.0154666900634766 -0.23114013671875 -0.92864990234375
-0.00531101226806641 -0.00445413589477539 -0.797607421875 -0.2716064453125
-0.00590372085571289 0.00381994247436524 -0.5281982421875 0.418914794921875
0.0127267837524414 -0.00468349456787109 -0.055389404296875 0.486785888671875
0.00512599945068359 -0.00729846954345703 0.303802490234375 0.220184326171875
0.0116891860961914 0.000363349914550781 0.3421630859375 -0.088592529296875
0.0281982421875 -0.0201969146728516 -0.333160400390625 0.096282958984375
0.0292091369628906 -0.00355148315429688 -0.266632080078125 -0.185501098632813
0.0100727081298828 -0.0180397033691406 0.055511474609375 -0.482208251953125
0.00433945655822754 0.00296139717102051 0.550628662109375 -0.4105224609375
-0.0183334350585938 0.0297832489013672 0.7567138671875 0.2960205078125
-0.0122232437133789 -0.000465393066406251 0.291259765625 0.87744140625
0.0230674743652344 0.015289306640625 -0.2261962890625 0.66925048828125
0.0231285095214844 0.00845527648925781 0.0179824829101563 0.0796356201171875
0.0270309448242187 0.00593757629394531 0.3065185546875 -0.597412109375
0.0214881896972656 -0.008392333984375 -0.24951171875 -0.92230224609375
-0.00344538688659668 -0.000802755355834961 -0.80010986328125 -0.25543212890625
-0.00140500068664551 0.000399351119995117 -0.51788330078125 0.427581787109375
0.0177650451660156 -0.007598876953125 -0.04583740234375 0.490264892578125
0.00611305236816406 -0.00949001312255859 0.30267333984375 0.217498779296875
0.0102319717407227 -0.002777099609375 0.340240478515625 -0.0916748046875
0.0283088684082031 -0.0246448516845703 -0.336578369140625 0.09259033203125
0.0286960601806641 -0.00418472290039062 -0.265472412109375 -0.186172485351562
0.0157508850097656 -0.0212936401367188 0.0662841796875 -0.47930908203125
0.00731801986694336 -0.000118732452392578 0.561859130859375 -0.400665283203125
-0.0164833068847656 0.0323505401611328 0.75390625 0.3106689453125
-0.0113849639892578 0.00381851196289062 0.27496337890625 0.88336181640625
0.0202960968017578 0.0199375152587891 -0.23175048828125 0.66046142578125
0.0203800201416016 0.0106220245361328 0.02276611328125 0.0714035034179688
0.0231494903564453 0.0076904296875 0.29803466796875 -0.60784912109375
0.0216522216796875 -0.00483894348144531 -0.264404296875 -0.91864013671875
-0.00114786624908447 0.00130081176757813 -0.80126953125 -0.24176025390625
3.4809112548828E-05 -0.00275897979736328 -0.50701904296875 0.43597412109375
0.0224647521972656 -0.0111351013183594 -0.03790283203125 0.490264892578125
0.00622653961181641 -0.0109882354736328 0.30126953125 0.21417236328125
0.00861835479736328 -0.00482940673828125 0.336181640625 -0.097015380859375
0.0263290405273438 -0.0325756072998047 -0.342620849609375 0.10675048828125
0.0195770263671875 0.00684547424316406 -0.2852783203125 -0.190765380859375
0.00303030014038086 -0.00190043449401855 0.02783203125 -0.487518310546875
-0.00333976745605469 0.015233039855957 0.539794921875 -0.43634033203125
-0.0213394165039063 0.0226097106933594 0.77593994140625 0.25762939453125
-0.0142860412597656 -0.0355873107910156 0.32623291015625 0.8543701171875
0.03582763671875 -0.0289878845214844 -0.2032470703125 0.6668701171875
0.0532302856445313 -0.0239067077636719 0.0221176147460938 0.0775070190429688
0.0420036315917969 -0.0368309020996094 0.31597900390625 -0.6104736328125
0.0198631286621094 -0.0451316833496094 -0.23248291015625 -0.94744873046875
-0.00979232788085938 -0.0125637054443359 -0.80133056640625 -0.27740478515625
-0.00913429260253906 0.0120887756347656 -0.53070068359375 0.424560546875
0.00681924819946289 0.00476598739624023 -0.062225341796875 0.49188232421875
-0.00203752517700195 0.00125563144683838 0.29473876953125 0.210418701171875
0.00472450256347656 -0.0104885101318359 0.33819580078125 -0.093719482421875
0.0260543823242187 -0.0273246765136719 -0.334381103515625 0.111297607421875
0.0231437683105469 0.00487518310546875 -0.282623291015625 -0.187652587890625
0.00198757648468018 0.000130057334899902 0.025146484375 -0.48583984375
-0.00372791290283203 0.0150728225708008 0.533599853515625 -0.439117431640625
-0.0223712921142578 0.0221271514892578 0.77459716796875 0.2545166015625
-0.0143890380859375 -0.0349254608154297 0.3330078125 0.85552978515625
0.0352745056152344 -0.0244979858398438 -0.2027587890625 0.6776123046875
0.051849365234375 -0.0208969116210938 0.0172348022460937 0.084136962890625
0.0426368713378906 -0.0332565307617188 0.32110595703125 -0.60369873046875
0.0209274291992188 -0.0432090759277344 -0.220703125 -0.95135498046875
-0.0112152099609375 -0.0129823684692383 -0.7989501953125 -0.290283203125
-0.010772705078125 0.0125341415405273 -0.53778076171875 0.4171142578125
0.00452566146850586 0.00591087341308594 -0.067352294921875 0.488861083984375
-0.00153732299804688 0.000335574150085449 0.297454833984375 0.210601806640625
0.00598907470703125 -0.00608921051025391 0.3385009765625 -0.091552734375
0.0264301300048828 -0.0239200592041016 -0.3328857421875 0.114288330078125
0.0247421264648438 0.00354576110839844 -0.279037475585938 -0.184341430664063
0.00208306312561035 -0.0011669397354126 0.024993896484375 -0.486114501953125
-0.00302886962890625 0.0152463912963867 0.527313232421875 -0.439208984375
-0.0221614837646484 0.0232391357421875 0.76806640625 0.24957275390625
-0.0140419006347656 -0.0295619964599609 0.33404541015625 0.85675048828125
0.0340423583984375 -0.017913818359375 -0.2025146484375 0.68060302734375
0.0475730895996094 -0.0146865844726563 0.0136871337890625 0.08953857421875
0.0409469604492187 -0.0277824401855469 0.3226318359375 -0.59429931640625
0.0220603942871094 -0.0395851135253906 -0.21539306640625 -0.9471435546875
-0.0102291107177734 -0.0123500823974609 -0.79742431640625 -0.29248046875
-0.0117626190185547 0.0131511688232422 -0.541595458984375 0.41424560546875
0.00367450714111328 0.00451946258544922 -0.066741943359375 0.48968505859375
0.00110006332397461 -0.00132453441619873 0.30145263671875 0.213470458984375
0.00810670852661133 -0.0019378662109375 0.34344482421875 -0.08990478515625
0.0268688201904297 -0.0202770233154297 -0.330078125 0.113983154296875
0.0266780853271484 0.00194549560546875 -0.27484130859375 -0.182449340820313
0.00212311744689941 -0.00399374961853027 0.028564453125 -0.48773193359375
-0.0019683837890625 0.0123262405395508 0.528167724609375 -0.439361572265625
-0.0214214324951172 0.0248832702636719 0.77056884765625 0.25408935546875
-0.0136508941650391 -0.0229988098144531 0.33416748046875 0.86297607421875
0.03204345703125 -0.00971794128417969 -0.20330810546875 0.68603515625
0.0416412353515625 -0.00794219970703125 0.0121688842773437 0.0918350219726563
0.0378837585449219 -0.0183258056640625 0.31915283203125 -0.5931396484375
0.0219879150390625 -0.0323657989501953 -0.218994140625 -0.944091796875
-0.0105094909667969 -0.00982761383056641 -0.80181884765625 -0.29022216796875
-0.0112571716308594 0.0104846954345703 -0.541259765625 0.416900634765625
0.00601482391357422 0.002716064453125 -0.064056396484375 0.487701416015625
0.00328850746154785 -0.00321674346923828 0.304046630859375 0.215240478515625
0.00960922241210938 1.04904174804688E-05 0.34466552734375 -0.087890625
0.0272541046142578 -0.018310546875 -0.3291015625 0.111114501953125
0.0292091369628906 -0.00167083740234375 -0.271392822265625 -0.18121337890625
0.00440692901611328 -0.00775337219238281 0.034759521484375 -0.485565185546875
-0.000725746154785156 0.00976657867431641 0.53289794921875 -0.432861328125
-0.0198001861572266 0.0264244079589844 0.76434326171875 0.26507568359375
-0.0126180648803711 -0.014801025390625 0.32269287109375 0.8682861328125
0.0278911590576172 0.000825881958007813 -0.20989990234375 0.68328857421875
0.0354118347167969 -0.000629425048828125 0.0124969482421875 0.0915451049804687
0.0338954925537109 -0.0092620849609375 0.317138671875 -0.59332275390625
0.0221996307373047 -0.0232086181640625 -0.22430419921875 -0.9368896484375
-0.00728845596313477 -0.00594425201416016 -0.80181884765625 -0.281982421875
-0.0084223747253418 0.00725364685058594 -0.536712646484375 0.41900634765625
0.00919532775878906 -0.000600814819335938 -0.058746337890625 0.490081787109375
0.00445795059204102 -0.00631618499755859 0.305816650390625 0.2156982421875
0.010716438293457 0.001220703125 0.344451904296875 -0.09002685546875
0.0289134979248047 -0.0201740264892578 -0.33209228515625 0.10650634765625
0.0297870635986328 -0.00400543212890625 -0.269332885742187 -0.182296752929688
0.00815105438232422 -0.0131397247314453 0.0433349609375 -0.486328125
0.00103759765625 0.00668668746948242 0.54022216796875 -0.42901611328125
-0.0191078186035156 0.0290870666503906 0.76666259765625 0.27557373046875
-0.0126218795776367 -0.00635051727294922 0.31207275390625 0.8746337890625
0.0255966186523438 0.00910568237304688 -0.21466064453125 0.6810302734375
0.0288639068603516 0.00522804260253906 0.0143280029296875 0.0863876342773438
0.0304508209228516 -0.000911712646484375 0.31103515625 -0.59716796875
0.0225257873535156 -0.0151100158691406 -0.2408447265625 -0.9320068359375
-0.00650310516357422 -0.00306272506713867 -0.80340576171875 -0.2689208984375
-0.00587081909179688 0.00349617004394531 -0.52978515625 0.42718505859375
0.0139265060424805 -0.00405406951904297 -0.0513916015625 0.490570068359375
0.00564336776733398 -0.008026123046875 0.306854248046875 0.2171630859375
0.0115146636962891 0.000314712524414063 0.34466552734375 -0.092193603515625
0.0285835266113281 -0.0224399566650391 -0.333984375 0.1014404296875
0.0305805206298828 -0.00397300720214844 -0.26824951171875 -0.182373046875
0.0114727020263672 -0.0181922912597656 0.053466796875 -0.485198974609375
0.00450992584228516 0.0033268928527832 0.55023193359375 -0.418365478515625
-0.0172653198242187 0.0307540893554687 0.7647705078125 0.2916259765625
-0.0115785598754883 0.000263214111328124 0.29779052734375 0.880615234375
0.0232257843017578 0.0156841278076172 -0.2230224609375 0.673095703125
0.0229434967041016 0.00877189636230469 0.0179519653320313 0.0806655883789063
0.0271720886230469 0.00576591491699219 0.3035888671875 -0.6043701171875
0.022064208984375 -0.00871467590332031 -0.25579833984375 -0.92535400390625
-0.00252676010131836 -0.0010528564453125 -0.80694580078125 -0.2532958984375
-0.00311160087585449 0.00059819221496582 -0.5194091796875 0.436309814453125
0.0181732177734375 -0.00818061828613281 -0.041656494140625 0.492950439453125
0.00566673278808594 -0.0100908279418945 0.30780029296875 0.2154541015625
0.00986194610595703 -0.00241565704345703 0.34112548828125 -0.0960693359375
0.0275554656982422 -0.0263195037841797 -0.337799072265625 0.09619140625
0.0286273956298828 -0.00563812255859375 -0.267486572265625 -0.18487548828125
0.0154857635498047 -0.021392822265625 0.06072998046875 -0.48284912109375
0.00758218765258789 0.000372409820556641 0.561981201171875 -0.40936279296875
-0.0162944793701172 0.0328502655029297 0.76025390625 0.3062744140625
-0.0109796524047852 0.00444221496582032 0.28265380859375 0.88702392578125
0.0217361450195313 0.0191230773925781 -0.22930908203125 0.66650390625
0.0203418731689453 0.010711669921875 0.0233917236328125 0.07244873046875
0.0240440368652344 0.00732231140136719 0.296142578125 -0.61456298828125
0.0216121673583984 -0.00481605529785156 -0.27197265625 -0.92242431640625
-0.000479698181152344 0.00102174282073975 -0.80914306640625 -0.23663330078125
-0.000478744506835938 -0.00378537178039551 -0.50787353515625 0.444366455078125
0.0220909118652344 -0.0117034912109375 -0.03424072265625 0.49444580078125
0.0056304931640625 -0.0111827850341797 0.305389404296875 0.213348388671875
0.00967597961425781 -0.00447463989257812 0.337066650390625 -0.09979248046875
0.0255928039550781 -0.0352020263671875 -0.342926025390625 0.112548828125
0.0207004547119141 0.00543022155761719 -0.289276123046875 -0.18792724609375
0.00237441062927246 -0.000112056732177734 0.02313232421875 -0.489471435546875
-0.0034027099609375 0.0147819519042969 0.53741455078125 -0.445220947265625
-0.0214328765869141 0.021728515625 0.78387451171875 0.25164794921875
-0.013702392578125 -0.0365715026855469 0.33514404296875 0.8564453125
0.0364189147949219 -0.0291633605957031 -0.19866943359375 0.6715087890625
0.0528945922851563 -0.0243568420410156 0.0232772827148437 0.0780487060546875
0.0412750244140625 -0.0383453369140625 0.3131103515625 -0.61651611328125
0.0194587707519531 -0.0454864501953125 -0.2423095703125 -0.9508056640625
-0.0093231201171875 -0.0124750137329102 -0.80780029296875 -0.2724609375
-0.00948429107666016 0.0121498107910156 -0.52850341796875 0.43408203125
0.00674867630004883 0.00528144836425781 -0.056854248046875 0.49444580078125
-0.0022120475769043 0.00110363960266113 0.299560546875 0.207794189453125
0.00448894500732422 -0.0103979110717773 0.33941650390625 -0.0980224609375
0.0251255035400391 -0.0290946960449219 -0.3350830078125 0.11639404296875
0.0228614807128906 0.00421524047851563 -0.284332275390625 -0.18359375
0.00165438652038574 0.000885844230651856 0.02056884765625 -0.489532470703125
-0.00376510620117187 0.0153417587280273 0.53125 -0.446868896484375
-0.0221900939941406 0.0217018127441406 0.7823486328125 0.24676513671875
-0.0146541595458984 -0.0348377227783203 0.34393310546875 0.859375
0.035308837890625 -0.0259132385253906 -0.1962890625 0.6832275390625
0.0513153076171875 -0.02008056640625 0.0177536010742188 0.0846481323242188
0.0428314208984375 -0.0335235595703125 0.31689453125 -0.6085205078125
0.0211372375488281 -0.0439376831054688 -0.22998046875 -0.95361328125
-0.011016845703125 -0.0123348236083984 -0.80792236328125 -0.2860107421875
-0.0107383728027344 0.0130681991577148 -0.536956787109375 0.424835205078125
0.00485515594482422 0.00610542297363281 -0.063201904296875 0.493438720703125
-0.000180304050445557 -0.00109356641769409 0.30120849609375 0.207672119140625
0.00559091567993164 -0.00490474700927734 0.33990478515625 -0.09637451171875
0.0256423950195313 -0.0250301361083984 -0.332733154296875 0.118865966796875
0.0266227722167969 0.00420379638671875 -0.28143310546875 -0.182098388671875
0.00106024742126465 -0.000573635101318359 0.0200805664062501 -0.489990234375
-0.00427818298339844 0.0149269104003906 0.526397705078125 -0.448760986328125
-0.0216655731201172 0.0229225158691406 0.7769775390625 0.2442626953125
-0.0138950347900391 -0.0298805236816406 0.34246826171875 0.85968017578125
0.034210205078125 -0.0188522338867188 -0.19696044921875 0.68798828125
0.0466499328613281 -0.0153083801269531 0.0142288208007813 0.0905380249023438
0.0409431457519531 -0.0284614562988281 0.320068359375 -0.60125732421875
0.0218009948730469 -0.0389060974121094 -0.22393798828125 -0.9493408203125
-0.0108623504638672 -0.0119514465332031 -0.80560302734375 -0.28619384765625
-0.0115795135498047 0.0132675170898438 -0.541168212890625 0.422210693359375
0.00441980361938477 0.00422906875610351 -0.063232421875 0.4931640625
0.0014960765838623 -0.00205981731414795 0.3056640625 0.212646484375
0.00747537612915039 -0.00211429595947266 0.34490966796875 -0.093414306640625
0.0274124145507813 -0.02239990234375 -0.32928466796875 0.1187744140625
0.0276260375976562 0.000728607177734375 -0.277908325195313 -0.179489135742188
0.00271534919738769 -0.00420522689819336 0.022186279296875 -0.4903564453125
-0.00341701507568359 0.0127038955688477 0.526275634765625 -0.44976806640625
-0.020965576171875 0.0246772766113281 0.77716064453125 0.248046875
-0.0135822296142578 -0.0226593017578125 0.34271240234375 0.86529541015625
0.0315608978271484 -0.0105018615722656 -0.1982421875 0.6912841796875
0.0416412353515625 -0.00860214233398438 0.0126190185546875 0.0926132202148437
0.0378074645996094 -0.0190162658691406 0.3162841796875 -0.59942626953125
0.0217723846435547 -0.0320281982421875 -0.22735595703125 -0.9468994140625
-0.00995445251464844 -0.00930118560791015 -0.8096923828125 -0.28607177734375
-0.010554313659668 0.00992393493652344 -0.541046142578125 0.423187255859375
0.00682926177978516 0.00244951248168945 -0.059967041015625 0.49212646484375
0.00309610366821289 -0.00356745719909668 0.30743408203125 0.212188720703125
0.0102958679199219 0.000216484069824219 0.3460693359375 -0.093414306640625
0.0272769927978516 -0.0208587646484375 -0.329864501953125 0.11578369140625
0.0298233032226563 -0.00193405151367187 -0.275238037109375 -0.178192138671875
0.00399112701416016 -0.00774097442626953 0.02850341796875 -0.490264892578125
-0.000951766967773437 0.0100831985473633 0.53179931640625 -0.44232177734375
-0.0199871063232422 0.0261516571044922 0.77130126953125 0.25665283203125
-0.0118265151977539 -0.0155086517333984 0.33319091796875 0.8702392578125
0.0291385650634766 0.00016021728515625 -0.2059326171875 0.690185546875
0.0342884063720703 -0.00105476379394531 0.0123443603515625 0.091094970703125
0.0343189239501953 -0.00947952270507813 0.314453125 -0.59881591796875
0.0227069854736328 -0.0236225128173828 -0.23309326171875 -0.94012451171875
-0.00744819641113281 -0.00657510757446289 -0.80755615234375 -0.27801513671875
-0.00788593292236328 0.00769948959350586 -0.53497314453125 0.426727294921875
0.00963687896728516 -0.00119113922119141 -0.055023193359375 0.49383544921875
0.00477075576782227 -0.00589084625244141 0.309783935546875 0.21429443359375
0.0117940902709961 0.000722885131835938 0.3465576171875 -0.094818115234375
0.0278606414794922 -0.0210018157958984 -0.331817626953125 0.111053466796875
0.0298252105712891 -0.00428962707519531 -0.273834228515625 -0.180130004882813
0.00773715972900391 -0.0125856399536133 0.03717041015625 -0.490081787109375
0.000479698181152343 0.00703859329223633 0.539276123046875 -0.436126708984375
-0.0178585052490234 0.0288906097412109 0.77520751953125 0.270751953125
-0.0112333297729492 -0.00659561157226562 0.3236083984375 0.87628173828125
0.0260524749755859 0.00794601440429688 -0.21051025390625 0.68829345703125
0.0276813507080078 0.00518798828125 0.01519775390625 0.0877914428710938
0.0301418304443359 -0.00152206420898438 0.3077392578125 -0.60430908203125
0.0227546691894531 -0.0154209136962891 -0.2493896484375 -0.937744140625
-0.00555133819580078 -0.00388956069946289 -0.81134033203125 -0.2625732421875
-0.00642681121826172 0.00427961349487305 -0.527191162109375 0.43511962890625
0.0137767791748047 -0.0045623779296875 -0.04583740234375 0.49652099609375
0.00551939010620117 -0.00752735137939453 0.311737060546875 0.213958740234375
0.0114889144897461 0.000470161437988281 0.3460693359375 -0.096954345703125
0.0282649993896484 -0.0238399505615234 -0.334503173828125 0.1060791015625
0.029510498046875 -0.00445556640625 -0.271865844726563 -0.180587768554687
0.0105876922607422 -0.0173473358154297 0.04876708984375 -0.4886474609375
0.00396966934204102 0.00271081924438477 0.54925537109375 -0.427734375
-0.0164012908935547 0.0307369232177734 0.7724609375 0.28515625
-0.0101490020751953 -0.000716209411621092 0.30596923828125 0.88494873046875
0.0237979888916016 0.0149154663085937 -0.21875 0.6795654296875
0.0220088958740234 0.00938034057617188 0.0201568603515625 0.079986572265625
0.0266208648681641 0.00369071960449219 0.29974365234375 -0.61053466796875
0.0221538543701172 -0.00946235656738281 -0.26800537109375 -0.93060302734375
-0.00365781784057617 -0.00132012367248535 -0.8131103515625 -0.24627685546875
-0.00301814079284668 0.000809192657470703 -0.518157958984375 0.443634033203125
0.0181388854980469 -0.00851821899414063 -0.03790283203125 0.49652099609375
0.00642013549804687 -0.00935840606689453 0.31011962890625 0.213226318359375
0.0104618072509766 -0.00276374816894531 0.342315673828125 -0.100494384765625
0.0281906127929688 -0.0282344818115234 -0.33807373046875 0.1005859375
0.0301265716552734 -0.00594520568847656 -0.271835327148438 -0.183517456054687
0.0154228210449219 -0.0203151702880859 0.055908203125 -0.485870361328125
0.00728178024291992 0.000450611114501953 0.562164306640625 -0.417388916015625
-0.0147113800048828 0.0317401885986328 0.76922607421875 0.301513671875
-0.0106840133666992 0.00222682952880859 0.29345703125 0.89093017578125
0.0208263397216797 0.0176925659179688 -0.22418212890625 0.67169189453125
0.0198898315429688 0.0106601715087891 0.0241851806640625 0.072479248046875
0.0245952606201172 0.00799942016601563 0.29119873046875 -0.61993408203125
0.0217494964599609 -0.00525856018066406 -0.28265380859375 -0.92578125
-0.000840127468109131 0.000282227993011475 -0.81671142578125 -0.23077392578125
-0.000119686126708985 -0.00340938568115234 -0.506591796875 0.45135498046875
0.0221786499023438 -0.0123462677001953 -0.02978515625 0.498779296875
0.00559043884277344 -0.0110349655151367 0.309967041015625 0.211151123046875
0.00936317443847656 -0.00588417053222656 0.33782958984375 -0.1038818359375
0.0250701904296875 -0.0366783142089844 -0.343292236328125 0.1171875
0.0212230682373047 0.00537300109863281 -0.2919921875 -0.184356689453125
0.00316119194030762 -0.000588178634643555 0.01776123046875 -0.493560791015625
-0.00408554077148437 0.0146598815917969 0.536712646484375 -0.452423095703125
-0.0204696655273437 0.0217475891113281 0.79119873046875 0.24444580078125
-0.0138473510742188 -0.037567138671875 0.34576416015625 0.85797119140625
0.0359573364257813 -0.03094482421875 -0.1922607421875 0.67877197265625
0.0527191162109375 -0.0250396728515625 0.023406982421875 0.0785903930664063
0.0404930114746094 -0.0388832092285156 0.310302734375 -0.62176513671875
0.0191917419433594 -0.0462913513183594 -0.25311279296875 -0.950439453125
-0.00954532623291016 -0.0122976303100586 -0.81500244140625 -0.26666259765625
-0.00925445556640625 0.0121879577636719 -0.527801513671875 0.440521240234375
0.00730276107788086 0.00335502624511719 -0.05340576171875 0.498870849609375
-0.00206685066223145 0.000668644905090332 0.303466796875 0.20428466796875
0.00493526458740234 -0.0110197067260742 0.340057373046875 -0.10223388671875
0.024810791015625 -0.0304012298583984 -0.3360595703125 0.120697021484375
0.0246219635009766 0.00331687927246094 -0.288604736328125 -0.181304931640625
0.000727534294128418 0.000861465930938721 0.0155029296875 -0.492706298828125
-0.00529575347900391 0.0145273208618164 0.529510498046875 -0.456939697265625
-0.0211277008056641 0.0208816528320313 0.7877197265625 0.23974609375
-0.0136184692382813 -0.0359115600585938 0.35284423828125 0.86102294921875
0.0350303649902344 -0.0270538330078125 -0.1895751953125 0.68927001953125
0.0509223937988281 -0.0218734741210938 0.0202178955078125 0.0852584838867188
0.0412368774414063 -0.0350723266601563 0.3134765625 -0.61590576171875
0.0210037231445313 -0.0446586608886719 -0.2406005859375 -0.95648193359375
-0.0113143920898437 -0.0121631622314453 -0.81591796875 -0.280029296875
-0.010737419128418 0.012782096862793 -0.535491943359375 0.434967041015625
0.00553226470947266 0.00542831420898438 -0.05743408203125 0.4967041015625
-0.000838398933410644 -0.000461161136627197 0.3060302734375 0.204620361328125
0.00608205795288086 -0.00567960739135742 0.3404541015625 -0.100677490234375
0.0254688262939453 -0.0267791748046875 -0.3330078125 0.124664306640625
0.0271873474121094 0.0023193359375 -0.28485107421875 -0.17852783203125
0.000820994377136231 -0.000293374061584473 0.01385498046875 -0.492340087890625
-0.00354671478271484 0.0158481597900391 0.523162841796875 -0.457672119140625
-0.0210895538330078 0.0236339569091797 0.7840576171875 0.2366943359375
-0.0134372711181641 -0.0312442779541016 0.3526611328125 0.8609619140625
0.0337581634521484 -0.0206508636474609 -0.1895751953125 0.69403076171875
0.0476036071777344 -0.0156211853027344 0.0155105590820313 0.0905532836914063
0.0403594970703125 -0.0288429260253906 0.3153076171875 -0.6082763671875
0.0216293334960938 -0.0395660400390625 -0.23486328125 -0.9515380859375
-0.0106134414672852 -0.0116872787475586 -0.813720703125 -0.2796630859375
-0.0117425918579102 0.0125799179077148 -0.53887939453125 0.43096923828125
0.00514602661132813 0.0048370361328125 -0.05670166015625 0.496307373046875
0.00183248519897461 -0.00118625164031982 0.310150146484375 0.20745849609375
0.00847482681274414 -0.00317955017089844 0.3458251953125 -0.09881591796875
0.0266304016113281 -0.0230941772460937 -0.330108642578125 0.122772216796875
0.0282802581787109 3.62396240234375E-05 -0.281051635742188 -0.176864624023438
0.0020134449005127 -0.00293445587158203 0.016815185546875 -0.493194580078125
-0.00262260437011719 0.0128908157348633 0.524566650390625 -0.456573486328125
-0.0201225280761719 0.0246067047119141 0.78582763671875 0.24041748046875
-0.0123519897460938 -0.0238227844238281 0.35260009765625 0.86651611328125
0.0317573547363281 -0.0117149353027344 -0.1915283203125 0.69647216796875
0.04156494140625 -0.00885772705078125 0.0138702392578125 0.0931320190429688
0.03802490234375 -0.0200767517089844 0.3118896484375 -0.60546875
0.0219841003417969 -0.0330696105957031 -0.2391357421875 -0.95123291015625
-0.0100240707397461 -0.00975131988525391 -0.81829833984375 -0.2781982421875
-0.0105390548706055 0.0106344223022461 -0.5390625 0.431915283203125
0.00641822814941406 0.00267457962036133 -0.055023193359375 0.495208740234375
0.00354886054992676 -0.00385475158691406 0.3131103515625 0.2099609375
0.0098114013671875 0.000437736511230469 0.34765625 -0.098175048828125
0.0274448394775391 -0.0221977233886719 -0.329498291015625 0.12078857421875
0.0306625366210937 -0.00247383117675781 -0.27764892578125 -0.176605224609375
0.00354814529418945 -0.00792646408081055 0.02337646484375 -0.491668701171875
-0.00152969360351562 0.010106086730957 0.53033447265625 -0.4503173828125
-0.0188159942626953 0.0252723693847656 0.77899169921875 0.2518310546875
-0.0116252899169922 -0.0150470733642578 0.34246826171875 0.871826171875
0.0293922424316406 -0.000894546508789063 -0.1982421875 0.69671630859375
0.0340557098388672 -0.00142288208007812 0.0143966674804687 0.0921249389648437
0.0340404510498047 -0.00907135009765625 0.30963134765625 -0.60638427734375
0.0227756500244141 -0.0237464904785156 -0.24365234375 -0.9417724609375
-0.00836992263793945 -0.00639247894287109 -0.81658935546875 -0.26934814453125
-0.007843017578125 0.00753545761108398 -0.5345458984375 0.4344482421875
0.00918292999267578 -0.00119113922119141 -0.049713134765625 0.495849609375
0.00567340850830078 -0.0047907829284668 0.314666748046875 0.210052490234375
0.0117244720458984 0.00116348266601563 0.346588134765625 -0.09857177734375
0.0271053314208984 -0.0236606597900391 -0.33258056640625 0.116241455078125
0.0308513641357422 -0.0047760009765625 -0.275680541992188 -0.176010131835938
0.00622844696044922 -0.0134744644165039 0.031494140625 -0.4935302734375
0.00126457214355469 0.00696754455566406 0.5374755859375 -0.445068359375
-0.0172042846679688 0.0287399291992187 0.78192138671875 0.26226806640625
-0.0103569030761719 -0.00753021240234375 0.33270263671875 0.8809814453125
0.0270061492919922 0.0071868896484375 -0.204833984375 0.6942138671875
0.0276851654052734 0.00449752807617188 0.016265869140625 0.087738037109375
0.0300960540771484 -0.00258255004882812 0.3023681640625 -0.60992431640625
0.0229053497314453 -0.0169086456298828 -0.2601318359375 -0.938720703125
-0.00554132461547851 -0.00357913970947266 -0.81976318359375 -0.2552490234375
-0.00569534301757813 0.0046849250793457 -0.526397705078125 0.443115234375
0.0134162902832031 -0.00463962554931641 -0.0406494140625 0.49859619140625
0.00629997253417969 -0.0072474479675293 0.316558837890625 0.210662841796875
0.0109519958496094 -0.00032806396484375 0.34710693359375 -0.10162353515625
0.0280475616455078 -0.0260562896728516 -0.33502197265625 0.111602783203125
0.0313663482666016 -0.0057373046875 -0.274581909179688 -0.177017211914063
0.0105381011962891 -0.0169763565063477 0.04339599609375 -0.49261474609375
0.00368976593017578 0.00363278388977051 0.54925537109375 -0.437255859375
-0.0160140991210938 0.0300159454345703 0.7786865234375 0.2777099609375
-0.00923252105712891 -0.00104904174804688 0.317626953125 0.8883056640625
0.022979736328125 0.0142269134521484 -0.211181640625 0.6859130859375
0.0227603912353516 0.00929832458496094 0.02044677734375 0.0808486938476563
0.0269737243652344 0.00484848022460938 0.29583740234375 -0.61798095703125
0.0226039886474609 -0.00931930541992188 -0.27655029296875 -0.93145751953125
-0.00269317626953125 -0.000504493713378906 -0.82177734375 -0.23968505859375
-0.00300836563110352 0.00102710723876953 -0.5157470703125 0.451507568359375
0.0181503295898438 -0.00999641418457031 -0.0325927734375 0.4993896484375
0.00581932067871094 -0.00885868072509766 0.315521240234375 0.21038818359375
0.010594367980957 -0.00246047973632813 0.343841552734375 -0.1051025390625
0.0272598266601563 -0.0301990509033203 -0.338134765625 0.105621337890625
0.0309047698974609 -0.00672340393066406 -0.274444580078125 -0.1793212890625
0.0147724151611328 -0.0206031799316406 0.052032470703125 -0.488983154296875
0.00686168670654297 0.00043487548828125 0.5599365234375 -0.427154541015625
-0.0147533416748047 0.0323829650878906 0.776611328125 0.29412841796875
-0.00918197631835937 0.00268077850341797 0.302978515625 0.89166259765625
0.0216789245605469 0.0184650421142578 -0.21807861328125 0.6778564453125
0.0193672180175781 0.0102710723876953 0.0248184204101563 0.0735397338867188
0.0237979888916016 0.00680160522460938 0.28680419921875 -0.626953125
0.0229377746582031 -0.00566291809082031 -0.29510498046875 -0.92852783203125
-0.000413239002227783 0.000857055187225342 -0.82293701171875 -0.22412109375
-0.000252008438110352 -0.00266075134277344 -0.5057373046875 0.460205078125
0.0216999053955078 -0.0125350952148438 -0.024993896484375 0.50146484375
0.00517368316650391 -0.0108041763305664 0.313018798828125 0.2071533203125
0.00907993316650391 -0.00576210021972656 0.339202880859375 -0.1094970703125
0.0249824523925781 -0.0382843017578125 -0.343109130859375 0.123138427734375
0.0215835571289063 0.00500869750976563 -0.294921875 -0.181182861328125
0.00268816947937012 -0.000428676605224609 0.01129150390625 -0.494873046875
-0.00412273406982422 0.0149497985839844 0.531585693359375 -0.462249755859375
-0.0197124481201172 0.0213851928710937 0.7958984375 0.23406982421875
-0.0137901306152344 -0.0381927490234375 0.35516357421875 0.85784912109375
0.0350208282470703 -0.0321712493896484 -0.18511962890625 0.6834716796875
0.0514564514160156 -0.0259971618652344 0.0245513916015625 0.078338623046875
0.0403480529785156 -0.039642333984375 0.302490234375 -0.6282958984375
0.0198135375976563 -0.0467910766601563 -0.2645263671875 -0.95318603515625
-0.00930500030517578 -0.011713981628418 -0.82440185546875 -0.2562255859375
-0.00846099853515625 0.0135087966918945 -0.524261474609375 0.448822021484375
0.00756263732910156 0.00401449203491211 -0.047149658203125 0.501556396484375
-0.00193536281585693 0.00134968757629395 0.30731201171875 0.20013427734375
0.00442886352539063 -0.0108232498168945 0.34039306640625 -0.10821533203125
0.0238437652587891 -0.0318737030029297 -0.334564208984375 0.126434326171875
0.0245170593261719 0.0028228759765625 -0.2911376953125 -0.17620849609375
0.000471830368041992 0.00222134590148926 0.007568359375 -0.493743896484375
-0.00334930419921875 0.0153427124023438 0.526397705078125 -0.46563720703125
-0.0200595855712891 0.0211582183837891 0.79461669921875 0.2315673828125
-0.0134162902832031 -0.0361709594726563 0.36334228515625 0.86004638671875
0.0348625183105469 -0.0271224975585938 -0.18328857421875 0.6942138671875
0.0504150390625 -0.0222206115722656 0.0207977294921875 0.0861282348632813
0.0411911010742188 -0.0361175537109375 0.30889892578125 -0.620849609375
0.0215301513671875 -0.045074462890625 -0.254150390625 -0.959228515625
-0.0117406845092773 -0.0122194290161133 -0.821044921875 -0.27081298828125
-0.0105915069580078 0.0133781433105469 -0.532501220703125 0.443389892578125
0.00555610656738281 0.00576210021972656 -0.05230712890625 0.50042724609375
0.000465065240859985 -0.000327020883560181 0.3089599609375 0.200836181640625
0.00618791580200195 -0.00618839263916016 0.340667724609375 -0.10516357421875
0.0253276824951172 -0.0287704467773438 -0.33203125 0.130218505859375
0.0280303955078125 0.00186538696289063 -0.287841796875 -0.174835205078125
0.00120532512664795 0.000624656677246094 0.00814819335937502 -0.4927978515625
-0.00467109680175781 0.0148935317993164 0.519927978515625 -0.46673583984375
-0.0196533203125 0.0225505828857422 0.79046630859375 0.22796630859375
-0.0130767822265625 -0.0312671661376953 0.36474609375 0.860107421875
0.0341243743896484 -0.0203876495361328 -0.18292236328125 0.6998291015625
0.0465583801269531 -0.0153312683105469 0.0172576904296875 0.0915679931640625
0.0402450561523438 -0.029693603515625 0.3096923828125 -0.61236572265625
0.0211219787597656 -0.0398635864257813 -0.24615478515625 -0.9532470703125
-0.0114021301269531 -0.0112199783325195 -0.820068359375 -0.27288818359375
-0.0118751525878906 0.0124444961547852 -0.535858154296875 0.4404296875
0.00509262084960938 0.00443649291992188 -0.05145263671875 0.499542236328125
0.00119364261627197 -0.00091552734375 0.31365966796875 0.20343017578125
0.00770759582519531 -0.00336885452270508 0.345977783203125 -0.10394287109375
0.0260028839111328 -0.024322509765625 -0.329620361328125 0.12847900390625
0.029510498046875 -0.000986099243164063 -0.284393310546875 -0.172607421875
0.00133335590362549 -0.00216197967529297 0.0108642578125 -0.49493408203125
-0.00247287750244141 0.013676643371582 0.52032470703125 -0.46624755859375
-0.0196762084960938 0.0245151519775391 0.79034423828125 0.23040771484375
-0.0118350982666016 -0.0241107940673828 0.3641357421875 0.86627197265625
0.0323944091796875 -0.01202392578125 -0.18353271484375 0.70068359375
0.0406951904296875 -0.00886917114257813 0.0152206420898438 0.093963623046875
0.0376052856445312 -0.0202674865722656 0.3077392578125 -0.61126708984375
0.0226459503173828 -0.0329513549804688 -0.25164794921875 -0.95098876953125
-0.00985622406005859 -0.00870704650878906 -0.8226318359375 -0.26971435546875
-0.0100498199462891 0.0107107162475586 -0.53558349609375 0.442291259765625
0.00678157806396484 0.00263118743896484 -0.048004150390625 0.499298095703125
0.00246262550354004 -0.00327968597412109 0.31683349609375 0.2044677734375
0.0100507736206055 5.91278076171875E-05 0.347625732421875 -0.103515625
0.0264835357666016 -0.0242385864257813 -0.329437255859375 0.1265869140625
0.031341552734375 -0.00342941284179688 -0.279632568359375 -0.172409057617188
0.00395965576171875 -0.00626897811889649 0.018035888671875 -0.4940185546875
-0.00184059143066406 0.0106420516967773 0.52667236328125 -0.4578857421875
-0.0175895690917969 0.0253753662109375 0.7872314453125 0.242431640625
-0.0100727081298828 -0.0162792205810547 0.35333251953125 0.87274169921875
0.02972412109375 -0.00232315063476563 -0.19207763671875 0.70062255859375
0.033599853515625 -6.4849853515625E-05 0.015167236328125 0.0922088623046875
0.0341110229492187 -0.0111808776855469 0.3043212890625 -0.6107177734375
0.0219326019287109 -0.0248126983642578 -0.2557373046875 -0.944091796875
-0.00764322280883789 -0.00565528869628906 -0.8232421875 -0.26068115234375
-0.00819826126098633 0.00872230529785156 -0.52972412109375 0.442962646484375
0.00987052917480469 -0.00134181976318359 -0.041900634765625 0.49993896484375
0.00464916229248047 -0.00478792190551758 0.318084716796875 0.205352783203125
0.0102968215942383 0.000161170959472656 0.34716796875 -0.104949951171875
0.0271797180175781 -0.0250339508056641 -0.331756591796875 0.122528076171875
0.0321617126464844 -0.00581169128417969 -0.279205322265625 -0.172027587890625
0.00707149505615234 -0.0122041702270508 0.025604248046875 -0.49456787109375
0.00106096267700195 0.00672435760498047 0.5340576171875 -0.45501708984375
-0.0156059265136719 0.0280208587646484 0.78826904296875 0.25390625
-0.00966072082519531 -0.00838661193847656 0.343994140625 0.88055419921875
0.0259513854980469 0.00670623779296875 -0.1961669921875 0.6990966796875
0.02734375 0.00411796569824219 0.0169525146484375 0.0888290405273437
0.0302143096923828 -0.00239372253417969 0.29815673828125 -0.61700439453125
0.022491455078125 -0.0165328979492188 -0.2706298828125 -0.93865966796875
-0.00555562973022461 -0.00283718109130859 -0.82415771484375 -0.24737548828125
-0.0057225227355957 0.0041961669921875 -0.523406982421875 0.45159912109375
0.0144338607788086 -0.0056915283203125 -0.034454345703125 0.500396728515625
0.00573968887329102 -0.00756692886352539 0.318603515625 0.20721435546875
0.0118875503540039 -0.000214576721191406 0.347442626953125 -0.106353759765625
0.0274753570556641 -0.0277500152587891 -0.334930419921875 0.116912841796875
0.0313091278076172 -0.00742912292480469 -0.27777099609375 -0.173248291015625
0.0103130340576172 -0.0177421569824219 0.037261962890625 -0.49395751953125
0.00325345993041992 0.00344610214233398 0.5435791015625 -0.446075439453125
-0.0139217376708984 0.0304851531982422 0.78582763671875 0.26959228515625
-0.00868988037109375 -0.00164461135864258 0.328369140625 0.88690185546875
0.0238418579101563 0.0134220123291016 -0.20458984375 0.69287109375
0.0224437713623047 0.00818443298339844 0.0215530395507812 0.0819549560546875
0.0267887115478516 0.0035858154296875 0.28985595703125 -0.6231689453125
0.0227928161621094 -0.0100669860839844 -0.2894287109375 -0.93341064453125
-0.00239181518554688 -0.000104665756225586 -0.8270263671875 -0.23175048828125
-0.0026242733001709 0.0011601448059082 -0.513275146484375 0.460174560546875
0.0182266235351563 -0.00950813293457031 -0.025787353515625 0.502105712890625
0.00594902038574219 -0.00879669189453125 0.320770263671875 0.205535888671875
0.0106267929077148 -0.00332546234130859 0.34326171875 -0.109771728515625
0.0264968872070313 -0.0316009521484375 -0.33721923828125 0.112823486328125
0.0310649871826172 -0.00760459899902344 -0.278076171875 -0.175735473632812
0.0143241882324219 -0.0199203491210938 0.04559326171875 -0.4910888671875
0.00660085678100586 0.000129222869873047 0.5570068359375 -0.436279296875
-0.0141792297363281 0.0317726135253906 0.78338623046875 0.28448486328125
-0.00880241394042969 0.00163841247558594 0.3148193359375 0.8934326171875
0.0220241546630859 0.0165367126464844 -0.21026611328125 0.68304443359375
0.0192947387695313 0.0101547241210938 0.02630615234375 0.073974609375
0.0244541168212891 0.00661277770996094 0.28240966796875 -0.63128662109375
0.0224609375 -0.00673675537109375 -0.3057861328125 -0.92919921875
-0.000628232955932617 0.00133335590362549 -0.82928466796875 -0.21563720703125
-0.000674843788146973 -0.00191342830657959 -0.501312255859375 0.467926025390625
0.0219707489013672 -0.0132503509521484 -0.017822265625 0.504180908203125
0.0061798095703125 -0.0103731155395508 0.318572998046875 0.203582763671875
0.00963020324707031 -0.00714874267578125 0.338348388671875 -0.114898681640625
0.0230560302734375 -0.0402603149414063 -0.341461181640625 0.128662109375
0.0223255157470703 0.00372886657714844 -0.297271728515625 -0.175323486328125
0.00239372253417969 0.000579357147216797 0.00424194335937496 -0.496002197265625
-0.00414466857910156 0.0144615173339844 0.527130126953125 -0.470794677734375
-0.0195064544677734 0.0209808349609375 0.80145263671875 0.22406005859375
-0.0127105712890625 -0.0395393371582031 0.36810302734375 0.85552978515625
0.0346050262451172 -0.0325336456298828 -0.17681884765625 0.68878173828125
0.05145263671875 -0.0262718200683594 0.0250625610351562 0.0792388916015625
0.0392265319824219 -0.0402641296386719 0.29534912109375 -0.63409423828125
0.0189552307128906 -0.0467567443847656 -0.27716064453125 -0.9505615234375
-0.00976276397705078 -0.0115509033203125 -0.828857421875 -0.246826171875
-0.00905323028564453 0.0132675170898437 -0.51983642578125 0.45843505859375
0.00711154937744141 0.00395488739013672 -0.038482666015625 0.50396728515625
-0.00168216228485107 0.00197350978851318 0.310455322265625 0.19586181640625
0.00491046905517578 -0.0111112594604492 0.340576171875 -0.113006591796875
0.022552490234375 -0.0335311889648438 -0.333251953125 0.133209228515625
0.0252437591552734 0.00177001953125 -0.294219970703125 -0.17230224609375
0.00111031532287598 0.00244140625 0.00286865234375001 -0.4954833984375
-0.00471878051757812 0.0159854888916016 0.522308349609375 -0.47369384765625
-0.0198822021484375 0.0214023590087891 0.8004150390625 0.2203369140625
-0.0127525329589844 -0.0362358093261719 0.37603759765625 0.8585205078125
0.0343532562255859 -0.0278072357177734 -0.1746826171875 0.69769287109375
0.0496368408203125 -0.0219955444335937 0.0214157104492188 0.0864486694335938
0.0395622253417969 -0.0369949340820313 0.30206298828125 -0.6263427734375
0.0203475952148438 -0.0452766418457031 -0.26708984375 -0.95745849609375
-0.010655403137207 -0.0126466751098633 -0.82635498046875 -0.26171875
-0.010655403137207 0.0135631561279297 -0.5279541015625 0.450836181640625
0.00577592849731445 0.00524234771728516 -0.044036865234375 0.501678466796875
-0.000613749027252197 -0.000229716300964355 0.313751220703125 0.19573974609375
0.00672817230224609 -0.00587844848632813 0.340606689453125 -0.11102294921875
0.0237464904785156 -0.0305061340332031 -0.331329345703125 0.135711669921875
0.0285091400146484 0.000585556030273438 -0.290740966796875 -0.1705322265625
0.00106459856033325 0.000603020191192627 0.00256347656250005 -0.495635986328125
-0.00470829010009766 0.0164604187011719 0.515533447265625 -0.475830078125
-0.0198249816894531 0.0227413177490234 0.7967529296875 0.21630859375
-0.0124778747558594 -0.0318603515625 0.37518310546875 0.85882568359375
0.0338973999023438 -0.0223903656005859 -0.17388916015625 0.70281982421875
0.0452537536621094 -0.0166816711425781 0.017608642578125 0.0912399291992188
0.0386619567871094 -0.0299873352050781 0.3033447265625 -0.61968994140625
0.020233154296875 -0.0409049987792969 -0.2593994140625 -0.9521484375
-0.0107088088989258 -0.0112571716308594 -0.82562255859375 -0.260986328125
-0.0116033554077148 0.0138044357299805 -0.530670166015625 0.448211669921875
0.00482892990112305 0.00359582901000977 -0.045318603515625 0.500946044921875
0.00226616859436035 -0.00122165679931641 0.31829833984375 0.19921875
0.00733709335327149 -0.00283193588256836 0.346221923828125 -0.11029052734375
0.0250320434570313 -0.0259475708007813 -0.327728271484375 0.134185791015625
0.0300426483154297 -0.00231170654296875 -0.286834716796875 -0.16851806640625
0.00184249877929688 -0.00278639793395996 0.00466918945312496 -0.494659423828125
-0.00378227233886719 0.0133047103881836 0.51544189453125 -0.475616455078125
-0.0183830261230469 0.0241451263427734 0.7962646484375 0.22076416015625
-0.0112323760986328 -0.0252761840820313 0.37518310546875 0.8631591796875
0.0320320129394531 -0.0132408142089844 -0.1761474609375 0.7061767578125
0.0399360656738281 -0.00890350341796875 0.0164031982421875 0.0937118530273438
0.036773681640625 -0.0211868286132812 0.29998779296875 -0.61749267578125
0.0221500396728516 -0.0331192016601563 -0.2626953125 -0.9512939453125
-0.0101375579833984 -0.00868892669677734 -0.828857421875 -0.25885009765625
-0.0105104446411133 0.0109596252441406 -0.531494140625 0.449005126953125
0.00684881210327148 0.00203180313110352 -0.04156494140625 0.500701904296875
0.00383210182189941 -0.00390219688415527 0.319854736328125 0.200103759765625
0.00986385345458985 -0.000302314758300781 0.346588134765625 -0.1092529296875
0.0257053375244141 -0.0252418518066406 -0.32843017578125 0.1326904296875
0.0321311950683594 -0.00511741638183594 -0.28350830078125 -0.16802978515625
0.00343465805053711 -0.00620317459106445 0.01092529296875 -0.49322509765625
-0.00174522399902344 0.0107002258300781 0.519866943359375 -0.46795654296875
-0.0177230834960937 0.0256328582763672 0.79010009765625 0.23162841796875
-0.00979995727539063 -0.0167055130004883 0.366943359375 0.870849609375
0.028839111328125 -0.00292396545410156 -0.18328857421875 0.7059326171875
0.0334968566894531 -0.00194740295410156 0.0162353515625 0.0928802490234375
0.0344486236572266 -0.0114250183105469 0.29766845703125 -0.61676025390625
0.0223560333251953 -0.0250968933105469 -0.2684326171875 -0.9422607421875
-0.00774669647216797 -0.00561237335205078 -0.82769775390625 -0.252197265625
-0.00850868225097656 0.00759601593017578 -0.526641845703125 0.450897216796875
0.0100603103637695 -0.00117778778076172 -0.035919189453125 0.50079345703125
0.0054473876953125 -0.00540447235107422 0.32244873046875 0.20111083984375
0.0110683441162109 0.000281333923339844 0.34716796875 -0.109283447265625
0.0258655548095703 -0.0265960693359375 -0.33111572265625 0.12744140625
0.03277587890625 -0.00669288635253906 -0.281402587890625 -0.167633056640625
0.00665950775146484 -0.0116453170776367 0.019287109375 -0.495849609375
-0.000267505645751954 0.00694608688354492 0.52813720703125 -0.464080810546875
-0.0152091979980469 0.0282402038574219 0.7926025390625 0.24383544921875
-0.00959110260009766 -0.00869464874267578 0.35595703125 0.878662109375
0.0268688201904297 0.0056915283203125 -0.18768310546875 0.7047119140625
0.0268650054931641 0.00426483154296875 0.0192489624023438 0.0887222290039062
0.0298385620117187 -0.00358390808105469 0.29058837890625 -0.62164306640625
0.0225830078125 -0.0175228118896484 -0.28521728515625 -0.9385986328125
-0.00498628616333008 -0.00236368179321289 -0.83148193359375 -0.2366943359375
-0.00576066970825195 0.00458192825317383 -0.518890380859375 0.4593505859375
0.0142393112182617 -0.00557804107666016 -0.028045654296875 0.502716064453125
0.00595903396606445 -0.00748872756958008 0.323638916015625 0.203094482421875
0.0110692977905273 -0.000979423522949219 0.346832275390625 -0.112457275390625
0.0258979797363281 -0.0291805267333984 -0.3331298828125 0.12310791015625
0.0323448181152344 -0.00803947448730469 -0.279754638671875 -0.168899536132813
0.0101509094238281 -0.0166826248168945 0.030792236328125 -0.496002197265625
0.00385689735412598 0.0034031867980957 0.54119873046875 -0.454742431640625
-0.0131893157958984 0.0300674438476563 0.79083251953125 0.25836181640625
-0.00814676284790039 -0.00211858749389648 0.3408203125 0.8848876953125
0.0242271423339844 0.0127029418945312 -0.19622802734375 0.69647216796875
0.0215167999267578 0.00893402099609375 0.022125244140625 0.081451416015625
0.0269412994384766 0.00286293029785156 0.28369140625 -0.62701416015625
0.0226173400878906 -0.0107288360595703 -0.3013916015625 -0.9312744140625
-0.00235223770141602 8.20159912109377E-05 -0.833251953125 -0.22113037109375
-0.00313210487365723 0.000761508941650391 -0.506622314453125 0.467376708984375
0.0183868408203125 -0.0102653503417969 -0.020050048828125 0.505035400390625
0.00706100463867188 -0.0090179443359375 0.323333740234375 0.200653076171875
0.0103216171264648 -0.00349807739257813 0.34344482421875 -0.11529541015625
0.0256309509277344 -0.0327053070068359 -0.336761474609375 0.118377685546875
0.0309944152832031 -0.00882339477539063 -0.280075073242187 -0.172271728515625
0.0142440795898438 -0.0197868347167969 0.0394592285156251 -0.49273681640625
0.00580978393554688 0.000124454498291016 0.5517578125 -0.446075439453125
-0.0124893188476563 0.0304985046386719 0.79010009765625 0.27581787109375
-0.00720643997192383 0.0010523796081543 0.32769775390625 0.89227294921875
0.0221519470214844 0.0157089233398437 -0.20361328125 0.688232421875
0.0186138153076172 0.0104484558105469 0.0276336669921875 0.0738754272460938
0.0238933563232422 0.00619888305664063 0.2752685546875 -0.63751220703125
0.0226097106933594 -0.00679779052734375 -0.31689453125 -0.927734375
0.000158905982971191 0.00145900249481201 -0.8343505859375 -0.20526123046875
-0.000615835189819336 -0.00223374366760254 -0.49639892578125 0.47589111328125
0.0224761962890625 -0.0137004852294922 -0.011199951171875 0.506317138671875
0.00545406341552734 -0.0111932754516602 0.322265625 0.19891357421875
0.009368896484375 -0.00699901580810547 0.339141845703125 -0.120025634765625
0.0230598449707031 -0.0413322448730469 -0.339569091796875 0.135040283203125
0.0228672027587891 0.00295257568359375 -0.30145263671875 -0.170501708984375
0.00249361991882324 0.000811100006103516 -0.00329589843749995 -0.496337890625
-0.00525093078613281 0.0149393081665039 0.519317626953125 -0.482025146484375
-0.0180721282958984 0.0201797485351563 0.804931640625 0.2144775390625
-0.0127792358398437 -0.0392112731933594 0.37908935546875 0.8521728515625
0.0340709686279297 -0.0335731506347656 -0.1688232421875 0.690673828125
0.0502815246582031 -0.026580810546875 0.0272674560546875 0.0795211791992188
0.0387306213378906 -0.0418663024902344 0.28857421875 -0.6380615234375
0.0191802978515625 -0.0483551025390625 -0.29168701171875 -0.94891357421875
-0.00983047485351563 -0.0112276077270508 -0.83282470703125 -0.23675537109375
-0.00890445709228516 0.0131092071533203 -0.512969970703125 0.464935302734375
0.00751113891601563 0.0030817985534668 -0.032684326171875 0.50543212890625
-0.00170373916625977 0.0017162561416626 0.314239501953125 0.18975830078125
0.00467681884765625 -0.0103864669799805 0.3385009765625 -0.1187744140625
0.02197265625 -0.0353050231933594 -0.33172607421875 0.138580322265625
0.0262317657470703 0.000890731811523438 -0.296783447265625 -0.167022705078125
0.00162553787231445 0.00314617156982422 -0.00521850585937499 -0.49530029296875
-0.00426864624023438 0.0162992477416992 0.513397216796875 -0.4810791015625
-0.0187473297119141 0.0207405090332031 0.8035888671875 0.20965576171875
-0.0134315490722656 -0.0380363464355469 0.38671875 0.8565673828125
0.03411865234375 -0.0297222137451172 -0.16552734375 0.7017822265625
0.0492706298828125 -0.0226478576660156 0.0234527587890625 0.0859375
0.0399818420410156 -0.0370216369628906 0.29241943359375 -0.63189697265625
0.019317626953125 -0.0455360412597656 -0.27935791015625 -0.95465087890625
-0.0115299224853516 -0.0114736557006836 -0.83123779296875 -0.25103759765625
-0.0112905502319336 0.0134963989257813 -0.52349853515625 0.458282470703125
0.00541496276855469 0.00500774383544922 -0.0377197265625 0.503448486328125
0.000112473964691162 -0.000633180141448975 0.316070556640625 0.1907958984375
0.00604057312011719 -0.0065159797668457 0.33953857421875 -0.1163330078125
0.0226078033447266 -0.0319099426269531 -0.3284912109375 0.142059326171875
0.0289421081542969 -0.000444412231445313 -0.2933349609375 -0.16571044921875
0.00128138065338135 0.0010073184967041 -0.00622558593749996 -0.49456787109375
-0.00399398803710938 0.0162162780761719 0.5093994140625 -0.4832763671875
-0.0189342498779297 0.0216903686523438 0.79833984375 0.20635986328125
-0.0120067596435547 -0.0330009460449219 0.38800048828125 0.85400390625
0.0321636199951172 -0.0234184265136719 -0.16571044921875 0.706298828125
0.0447921752929688 -0.0156898498535156 0.019287109375 0.0917587280273438
0.0386238098144531 -0.0305137634277344 0.296142578125 -0.62261962890625
0.0203933715820313 -0.0412406921386719 -0.27325439453125 -0.95037841796875
-0.011408805847168 -0.0103836059570313 -0.8310546875 -0.2510986328125
-0.0107460021972656 0.0132808685302734 -0.525787353515625 0.454864501953125
0.00549602508544922 0.00472068786621094 -0.037567138671875 0.504364013671875
0.00237512588500977 -0.000841856002807617 0.319915771484375 0.194305419921875
0.00835943222045898 -0.00323343276977539 0.344573974609375 -0.116058349609375
0.0245990753173828 -0.0275783538818359 -0.325103759765625 0.141082763671875
0.0306854248046875 -0.00317001342773438 -0.289520263671875 -0.163330078125
0.00157511234283447 -0.00153589248657227 -0.00195312500000001 -0.4957275390625
-0.00348949432373047 0.0142011642456055 0.50823974609375 -0.482818603515625
-0.0185127258300781 0.02398681640625 0.79974365234375 0.20947265625
-0.011810302734375 -0.0255966186523438 0.38751220703125 0.8612060546875
0.0315341949462891 -0.0142288208007813 -0.16607666015625 0.708740234375
0.0396995544433594 -0.00975418090820313 0.0182418823242188 0.093902587890625
0.0360832214355469 -0.0219917297363281 0.2928466796875 -0.6214599609375
0.0220775604248047 -0.0347785949707031 -0.2767333984375 -0.9488525390625
-0.0102291107177734 -0.00850200653076172 -0.8326416015625 -0.24920654296875
-0.00981903076171875 0.0105781555175781 -0.525238037109375 0.45697021484375
0.00615644454956055 0.00184965133666992 -0.03466796875 0.501617431640625
0.00377988815307617 -0.00362110137939453 0.32366943359375 0.1942138671875
0.010040283203125 -0.000756263732910156 0.34527587890625 -0.1138916015625
0.0242080688476563 -0.0267162322998047 -0.32666015625 0.13824462890625
0.0322208404541016 -0.00613021850585938 -0.2850341796875 -0.162750244140625
0.00343942642211914 -0.00573110580444336 0.00347900390625004 -0.4951171875
-0.00222682952880859 0.0105714797973633 0.51495361328125 -0.4765625
-0.0160331726074219 0.0260562896728516 0.7945556640625 0.22161865234375
-0.00938224792480469 -0.0169267654418945 0.377197265625 0.86749267578125
0.0287914276123047 -0.00465774536132813 -0.17352294921875 0.7078857421875
0.0326576232910156 -0.00204849243164063 0.0182952880859375 0.0928421020507813
0.0329189300537109 -0.0123310089111328 0.28936767578125 -0.62109375
0.0220623016357422 -0.0262012481689453 -0.281494140625 -0.9398193359375
-0.00821208953857422 -0.00458097457885742 -0.8345947265625 -0.24127197265625
-0.00800514221191406 0.00810670852661133 -0.5203857421875 0.460662841796875
0.0101375579833984 -0.00225639343261719 -0.028350830078125 0.50262451171875
0.00487422943115234 -0.00559091567993164 0.325897216796875 0.197113037109375
0.010650634765625 -0.000435829162597656 0.34625244140625 -0.115966796875
0.0248928070068359 -0.0277328491210938 -0.328338623046875 0.1329345703125
0.0322914123535156 -0.00754928588867188 -0.283416748046875 -0.1632080078125
0.00660228729248047 -0.0112161636352539 0.01312255859375 -0.49658203125
0.000217437744140625 0.00775051116943359 0.521728515625 -0.47100830078125
-0.0151786804199219 0.0276565551757812 0.79705810546875 0.23358154296875
-0.00860404968261719 -0.00910663604736328 0.36669921875 0.875
0.0271930694580078 0.00417900085449219 -0.17962646484375 0.70660400390625
0.0266094207763672 0.00471878051757812 0.0196304321289063 0.0895004272460938
0.0290622711181641 -0.00362014770507813 0.2840576171875 -0.62445068359375
0.0231533050537109 -0.0181064605712891 -0.2969970703125 -0.93505859375
-0.00522804260253906 -0.00196599960327149 -0.835205078125 -0.22607421875
-0.00553464889526367 0.00506448745727539 -0.51287841796875 0.46746826171875
0.0142841339111328 -0.00604915618896484 -0.020660400390625 0.504058837890625
0.00654363632202148 -0.00804662704467773 0.327545166015625 0.197540283203125
0.0118894577026367 -0.00112152099609375 0.34552001953125 -0.118072509765625
0.0254669189453125 -0.0304222106933594 -0.331756591796875 0.128173828125
0.0320796966552734 -0.00920677185058594 -0.28271484375 -0.164764404296875
0.0106077194213867 -0.0166416168212891 0.022674560546875 -0.49560546875
0.00321483612060547 0.00348567962646484 0.53436279296875 -0.46258544921875
-0.0126419067382813 0.0291671752929688 0.79595947265625 0.248291015625
-0.00723838806152344 -0.00290966033935547 0.3519287109375 0.88287353515625
0.0237083435058594 0.0112514495849609 -0.18780517578125 0.69891357421875
0.0213394165039063 0.0084228515625 0.0232009887695313 0.0822067260742187
0.0261459350585938 0.00156784057617188 0.2757568359375 -0.6324462890625
0.0239639282226563 -0.0114707946777344 -0.31317138671875 -0.92724609375
-0.00269603729248047 0.000513553619384766 -0.83795166015625 -0.2105712890625
-0.00328969955444336 0.000608682632446289 -0.5013427734375 0.475311279296875
0.0190906524658203 -0.0105094909667969 -0.011505126953125 0.505615234375
0.00670146942138672 -0.0098419189453125 0.32806396484375 0.19512939453125
0.0106430053710938 -0.00341320037841797 0.342926025390625 -0.12066650390625
0.0248146057128906 -0.0343647003173828 -0.335235595703125 0.123992919921875
0.0322017669677734 -0.00968742370605469 -0.28143310546875 -0.16668701171875
0.0140056610107422 -0.0200271606445313 0.0325927734375 -0.4937744140625
0.00545597076416016 0.000457763671875 0.545623779296875 -0.454071044921875
-0.0116405487060547 0.0310306549072266 0.79296875 0.2635498046875
-0.00705099105834961 0.00144672393798828 0.33795166015625 0.8885498046875
0.0221099853515625 0.0153446197509766 -0.194580078125 0.691650390625
0.0181655883789063 0.0104446411132813 0.0283966064453125 0.07403564453125
0.02392578125 0.00556564331054688 0.26605224609375 -0.64105224609375
0.023101806640625 -0.00699424743652344 -0.3321533203125 -0.9239501953125
-0.000571012496948242 0.00143718719482422 -0.8372802734375 -0.19439697265625
-0.00052952766418457 -0.00207901000976563 -0.489715576171875 0.483154296875
0.0219135284423828 -0.0145893096923828 -0.00405883789062499 0.506439208984375
0.00540256500244141 -0.0106344223022461 0.325531005859375 0.19244384765625
0.00966835021972656 -0.00747871398925781 0.33721923828125 -0.125091552734375
0.0206489562988281 -0.0433082580566406 -0.337188720703125 0.141510009765625
0.0242347717285156 0.00220298767089844 -0.302398681640625 -0.16558837890625
0.00278973579406738 0.00109004974365234 -0.01007080078125 -0.494384765625
-0.00494956970214844 0.0156974792480469 0.513458251953125 -0.4888916015625
-0.0178546905517578 0.0208282470703125 0.806884765625 0.2030029296875
-0.0133705139160156 -0.040496826171875 0.38995361328125 0.84765625
0.0327033996582031 -0.0346908569335938 -0.1575927734375 0.691650390625
0.049652099609375 -0.0266647338867188 0.027984619140625 0.07916259765625
0.0378837585449219 -0.0419197082519531 0.27838134765625 -0.64117431640625
0.0181694030761719 -0.0484771728515625 -0.30194091796875 -0.94415283203125
-0.00960445404052735 -0.0112419128417969 -0.83673095703125 -0.2275390625
-0.00798702239990234 0.0139780044555664 -0.508148193359375 0.471527099609375
0.00797224044799805 0.00309944152832031 -0.02557373046875 0.506134033203125
-0.000818490982055664 0.00177228450775146 0.316131591796875 0.18511962890625
0.00437736511230469 -0.0121240615844727 0.337738037109375 -0.12445068359375
0.0208816528320313 -0.035888671875 -0.328765869140625 0.14404296875
0.0264625549316406 -0.000263214111328125 -0.29803466796875 -0.1617431640625
0.00101804733276367 0.00317120552062988 -0.011749267578125 -0.494964599609375
-0.00509738922119141 0.0165815353393555 0.506988525390625 -0.49029541015625
-0.018524169921875 0.0207481384277344 0.806884765625 0.19842529296875
-0.0131988525390625 -0.0379791259765625 0.39910888671875 0.85137939453125
0.033721923828125 -0.0309543609619141 -0.154541015625 0.70416259765625
0.0487709045410156 -0.0224723815917969 0.02386474609375 0.0859298706054688
0.0380477905273438 -0.0375823974609375 0.28564453125 -0.63409423828125
0.0196266174316406 -0.0460433959960938 -0.2913818359375 -0.950927734375
-0.0115890502929688 -0.0113182067871094 -0.8358154296875 -0.2403564453125
-0.0101194381713867 0.0137968063354492 -0.5162353515625 0.465576171875
0.00605440139770508 0.00525045394897461 -0.030548095703125 0.503936767578125
-0.000427544116973877 -0.000718235969543457 0.319122314453125 0.184722900390625
0.00638866424560547 -0.00678586959838867 0.3385009765625 -0.1220703125
0.0212364196777344 -0.0327816009521484 -0.32611083984375 0.147430419921875
0.0294036865234375 -0.00108528137207031 -0.294921875 -0.160186767578125
0.00147807598114014 0.00206255912780762 -0.011932373046875 -0.4940185546875
-0.00486469268798828 0.0156726837158203 0.500701904296875 -0.4910888671875
-0.0180912017822266 0.0208816528320313 0.800537109375 0.1939697265625
-0.0126457214355469 -0.0328292846679688 0.3968505859375 0.8499755859375
0.0319423675537109 -0.0235576629638672 -0.155029296875 0.70745849609375
0.0439682006835938 -0.0166816711425781 0.0206527709960938 0.0917739868164063
0.0381431579589844 -0.0309600830078125 0.28765869140625 -0.627197265625
0.0203018188476563 -0.0415534973144531 -0.28387451171875 -0.94659423828125
-0.0117158889770508 -0.0112342834472656 -0.83319091796875 -0.24114990234375
-0.0100698471069336 0.0132818222045898 -0.520477294921875 0.463623046875
0.00566244125366211 0.00350141525268555 -0.031341552734375 0.5020751953125
0.00230979919433594 -0.00106167793273926 0.323638916015625 0.188262939453125
0.00744915008544922 -0.0041961669921875 0.34320068359375 -0.120391845703125
0.0230159759521484 -0.0288581848144531 -0.322113037109375 0.145172119140625
0.0302047729492188 -0.00423812866210937 -0.29156494140625 -0.15936279296875
0.00227689743041992 -0.00100183486938477 -0.00988769531250003 -0.496002197265625
-0.00405025482177734 0.0141124725341797 0.501678466796875 -0.49041748046875
-0.0168132781982422 0.0230464935302734 0.80120849609375 0.19720458984375
-0.0112133026123047 -0.0259571075439453 0.3974609375 0.85650634765625
0.0312786102294922 -0.0158901214599609 -0.15570068359375 0.71185302734375
0.0400009155273438 -0.0093994140625 0.0187606811523438 0.0937347412109375
0.03619384765625 -0.0228004455566406 0.28515625 -0.624267578125
0.0215396881103516 -0.0345420837402344 -0.2891845703125 -0.9439697265625
-0.0101995468139648 -0.00821971893310547 -0.83538818359375 -0.24029541015625
-0.00949382781982422 0.0114250183105469 -0.520263671875 0.463592529296875
0.00734138488769531 0.00159120559692383 -0.02703857421875 0.504302978515625
0.00366640090942383 -0.00345349311828613 0.326812744140625 0.18853759765625
0.0104217529296875 -0.000935554504394531 0.34490966796875 -0.12054443359375
0.0234832763671875 -0.0285911560058594 -0.323944091796875 0.14398193359375
0.0326175689697266 -0.00768280029296875 -0.2867431640625 -0.157928466796875
0.00471305847167969 -0.0054316520690918 -0.00292968749999999 -0.49481201171875
-0.00297164916992187 0.0112009048461914 0.507171630859375 -0.4833984375
-0.0159797668457031 0.0250434875488281 0.79718017578125 0.2117919921875
-0.00946998596191407 -0.0174922943115234 0.38665771484375 0.86212158203125
0.0284862518310547 -0.00527763366699219 -0.16510009765625 0.7110595703125
0.0328865051269531 -0.00145149230957031 0.0193252563476562 0.0924148559570313
0.0323886871337891 -0.011993408203125 0.28106689453125 -0.62298583984375
0.0215244293212891 -0.0255031585693359 -0.2930908203125 -0.93707275390625
-0.0070343017578125 -0.00564813613891602 -0.83477783203125 -0.232421875
-0.00771522521972656 0.00905036926269531 -0.5128173828125 0.466705322265625
0.0111722946166992 -0.00190067291259766 -0.0230407714843751 0.50274658203125
0.0058293342590332 -0.00586938858032227 0.3282470703125 0.191009521484375
0.010462760925293 -0.000579833984375 0.3446044921875 -0.121795654296875
0.0238666534423828 -0.0292034149169922 -0.32574462890625 0.138824462890625
0.0322494506835938 -0.00946807861328125 -0.284454345703125 -0.158599853515625
0.00654125213623047 -0.0105838775634766 0.00598144531250001 -0.495849609375
0.000380039215087891 0.00702476501464844 0.515533447265625 -0.4791259765625
-0.0143203735351563 0.0275344848632812 0.7998046875 0.2222900390625
-0.00837993621826172 -0.00993633270263672 0.37689208984375 0.87066650390625
0.0270957946777344 0.00311851501464844 -0.16973876953125 0.709716796875
0.0262603759765625 0.00455474853515625 0.0206527709960937 0.0884475708007812
0.0297737121582031 -0.00423431396484375 0.275390625 -0.62713623046875
0.0224990844726563 -0.0176029205322266 -0.30767822265625 -0.93145751953125
-0.00486850738525391 -0.00290822982788086 -0.838623046875 -0.2166748046875
-0.00591754913330078 0.00517988204956055 -0.506500244140625 0.4744873046875
0.0146074295043945 -0.00701904296875 -0.012908935546875 0.503173828125
0.00544261932373047 -0.00844049453735351 0.329742431640625 0.190704345703125
0.0117301940917969 -0.00140380859375 0.342926025390625 -0.1234130859375
0.0237045288085938 -0.0326023101806641 -0.3299560546875 0.13446044921875
0.0327224731445313 -0.0103778839111328 -0.2838134765625 -0.15936279296875
0.00990867614746094 -0.0158233642578125 0.015777587890625 -0.49530029296875
0.00229668617248535 0.00337314605712891 0.52685546875 -0.47100830078125
-0.0122337341308594 0.0287990570068359 0.79766845703125 0.2376708984375
-0.00753450393676758 -0.00379276275634766 0.36260986328125 0.87664794921875
0.0243549346923828 0.0109462738037109 -0.178955078125 0.7017822265625
0.0204963684082031 0.00885963439941406 0.02545166015625 0.0819778442382813
0.0257549285888672 0.00236701965332031 0.2684326171875 -0.63555908203125
0.0232963562011719 -0.0110321044921875 -0.32470703125 -0.92236328125
-0.0018085241317749 0.000121474266052246 -0.84039306640625 -0.19793701171875
-0.00257086753845215 0.000454902648925781 -0.4954833984375 0.481292724609375
0.0175247192382813 -0.0105400085449219 -0.00466918945312499 0.5054931640625
0.00665950775146484 -0.00987434387207031 0.329010009765625 0.1900634765625
0.0103836059570313 -0.00354957580566406 0.341217041015625 -0.125
0.0228309631347656 -0.0358810424804688 -0.333282470703125 0.130218505859375
0.0325889587402344 -0.0116405487060547 -0.28302001953125 -0.16168212890625
0.0138988494873047 -0.0195579528808594 0.024383544921875 -0.4935302734375
0.00496721267700195 0.000286102294921875 0.5390625 -0.46307373046875
-0.0111293792724609 0.0297603607177734 0.79669189453125 0.2520751953125
-0.00636577606201172 0.000384330749511719 0.34918212890625 0.883544921875
0.0228347778320313 0.013519287109375 -0.18487548828125 0.69378662109375
0.0181884765625 0.0102062225341797 0.0296707153320312 0.073211669921875
0.0237960815429688 0.00492668151855469 0.258056640625 -0.644287109375
0.0229511260986328 -0.00791168212890625 -0.34368896484375 -0.91900634765625
0.000146865844726562 0.00200235843658447 -0.84051513671875 -0.18463134765625
-0.000731468200683594 -0.00250720977783203 -0.48272705078125 0.4906005859375
0.0216712951660156 -0.0150241851806641 0.00335693359375001 0.506317138671875
0.00535869598388672 -0.0104360580444336 0.32763671875 0.187896728515625
0.0088338851928711 -0.0070953369140625 0.336578369140625 -0.131072998046875
0.0194549560546875 -0.0441741943359375 -0.333984375 0.14605712890625
0.0237140655517578 0.00128746032714844 -0.302459716796875 -0.160003662109375
0.00283193588256836 0.00133800506591797 -0.0171813964843751 -0.493377685546875
-0.00495052337646484 0.0159378051757813 0.505126953125 -0.49383544921875
-0.0174732208251953 0.0200309753417969 0.80938720703125 0.19171142578125
-0.0125656127929688 -0.0413360595703125 0.3983154296875 0.84051513671875
0.0323104858398438 -0.0354118347167969 -0.1492919921875 0.693115234375
0.0490989685058594 -0.0262718200683594 0.0290298461914063 0.0782318115234375
0.0363311767578125 -0.0421218872070313 0.270751953125 -0.642333984375
0.0174636840820313 -0.0479278564453125 -0.3134765625 -0.9384765625
-0.00940418243408203 -0.0111980438232422 -0.8359375 -0.21551513671875
-0.00838470458984375 0.0136508941650391 -0.499481201171875 0.47735595703125
0.00892162322998047 0.00297641754150391 -0.017974853515625 0.50537109375
-0.00169003009796143 0.00134110450744629 0.3182373046875 0.178863525390625
0.00404930114746094 -0.0115900039672852 0.33514404296875 -0.129364013671875
0.0188713073730469 -0.0378379821777344 -0.326141357421875 0.149169921875
0.0266189575195313 -0.00151252746582031 -0.298309326171875 -0.15704345703125
0.00132107734680176 0.00294995307922363 -0.0189208984375 -0.49285888671875
-0.00495338439941406 0.01641845703125 0.498779296875 -0.4962158203125
-0.0181617736816406 0.0186443328857422 0.8082275390625 0.18505859375
-0.0135688781738281 -0.0392837524414063 0.407470703125 0.84368896484375
0.0327510833740234 -0.0317249298095703 -0.14569091796875 0.70489501953125
0.0471992492675781 -0.0229606628417969 0.0258026123046875 0.08575439453125
0.0379295349121094 -0.0382537841796875 0.2757568359375 -0.6375732421875
0.0188789367675781 -0.0466575622558594 -0.3028564453125 -0.94390869140625
-0.010986328125 -0.0115108489990234 -0.83404541015625 -0.22967529296875
-0.00950908660888672 0.0140628814697266 -0.508209228515625 0.471771240234375
0.00618076324462891 0.00489711761474609 -0.022674560546875 0.501678466796875
0.000689268112182617 -0.000256121158599854 0.3203125 0.179107666015625
0.00605583190917969 -0.00684690475463867 0.335662841796875 -0.1270751953125
0.0205173492431641 -0.0340995788574219 -0.322509765625 0.15191650390625
0.0290069580078125 -0.00302886962890625 -0.2952880859375 -0.155029296875
0.000909924507141114 0.00202333927154541 -0.019866943359375 -0.492340087890625
-0.00458335876464844 0.0164127349853516 0.491851806640625 -0.498138427734375
-0.0172328948974609 0.0210685729980469 0.8013916015625 0.1842041015625
-0.0119075775146484 -0.0340232849121094 0.4071044921875 0.84375
0.0314064025878906 -0.0240058898925781 -0.14556884765625 0.7078857421875
0.0435104370117188 -0.0174293518066406 0.0214920043945313 0.091217041015625
0.0368461608886719 -0.031829833984375 0.27874755859375 -0.6275634765625
0.0198097229003906 -0.0421981811523438 -0.295166015625 -0.93994140625
-0.0108709335327148 -0.0106687545776367 -0.83447265625 -0.22979736328125
-0.00944137573242187 0.013275146484375 -0.51171875 0.469970703125
0.00572347640991211 0.00313234329223633 -0.022552490234375 0.5025634765625
0.00297999382019043 -0.00117039680480957 0.325836181640625 0.181243896484375
0.00768470764160156 -0.00478076934814453 0.34039306640625 -0.126251220703125
0.0215187072753906 -0.0303115844726563 -0.32086181640625 0.1502685546875
0.0317134857177734 -0.00525474548339844 -0.291778564453125 -0.153289794921875
0.00219821929931641 -0.0012977123260498 -0.01629638671875 -0.49444580078125
-0.00331401824951172 0.0136728286743164 0.4918212890625 -0.49603271484375
-0.0163116455078125 0.0225791931152344 0.80389404296875 0.18756103515625
-0.0106525421142578 -0.0267238616943359 0.40869140625 0.84857177734375
0.0305328369140625 -0.0155200958251953 -0.14605712890625 0.71307373046875
0.0386734008789063 -0.00986480712890625 0.02056884765625 0.0933303833007813
0.0350303649902344 -0.0230121612548828 0.2757568359375 -0.626708984375
0.0208015441894531 -0.0349159240722656 -0.29791259765625 -0.93865966796875
-0.00988960266113281 -0.00847053527832031 -0.83795166015625 -0.2286376953125
-0.00966835021972656 0.0111227035522461 -0.51080322265625 0.469757080078125
0.00676488876342773 0.00122642517089844 -0.020477294921875 0.502716064453125
0.00398850440979004 -0.00436806678771973 0.327362060546875 0.18328857421875
0.0102910995483398 -0.00124454498291016 0.342987060546875 -0.1256103515625
0.0222873687744141 -0.0290374755859375 -0.32025146484375 0.149261474609375
0.0326519012451172 -0.0078277587890625 -0.288299560546875 -0.15283203125
0.00351428985595703 -0.00581502914428711 -0.010162353515625 -0.492401123046875
-0.00242042541503906 0.0109548568725586 0.498992919921875 -0.4903564453125
-0.0152568817138672 0.0243968963623047 0.79864501953125 0.20062255859375
-0.00878524780273438 -0.0190525054931641 0.3966064453125 0.85601806640625
0.0284442901611328 -0.00665283203125 -0.15350341796875 0.71087646484375
0.0320911407470703 -0.00207138061523437 0.0203323364257812 0.0929031372070313
0.0318336486816406 -0.0136451721191406 0.27294921875 -0.62554931640625
0.0216293334960938 -0.0265445709228516 -0.3046875 -0.9312744140625
-0.00795316696166992 -0.00532102584838867 -0.83587646484375 -0.2196044921875
-0.0080571174621582 0.00837039947509766 -0.506500244140625 0.471649169921875
0.0109291076660156 -0.002593994140625 -0.014678955078125 0.5018310546875
0.00542736053466797 -0.00595903396606445 0.330657958984375 0.183990478515625
0.0111532211303711 -0.000715255737304688 0.342193603515625 -0.1259765625
0.0223197937011719 -0.0304203033447266 -0.32305908203125 0.144134521484375
0.0325088500976563 -0.0104770660400391 -0.286041259765625 -0.152679443359375
0.00665855407714844 -0.0112667083740234 -0.00192260742187496 -0.4935302734375
-0.000575542449951171 0.00729227066040039 0.505950927734375 -0.48492431640625
-0.0127964019775391 0.0272884368896484 0.7994384765625 0.20977783203125
-0.00864696502685547 -0.0103578567504883 0.386962890625 0.86505126953125
0.0266094207763672 0.00260353088378906 -0.16015625 0.7105712890625
0.0261363983154297 0.00441360473632812 0.022125244140625 0.0887222290039062
0.0287189483642578 -0.00540733337402344 0.26690673828125 -0.63104248046875
0.0223503112792969 -0.0187740325927734 -0.3179931640625 -0.925048828125
-0.0042722225189209 -0.00237822532653809 -0.8387451171875 -0.204345703125
-0.00445270538330078 0.00454235076904297 -0.498809814453125 0.481048583984375
0.0145359039306641 -0.00655078887939453 -0.00646972656249999 0.502593994140625
0.00603675842285156 -0.0085759162902832 0.33026123046875 0.184539794921875
0.0114603042602539 -0.00179100036621094 0.341827392578125 -0.128662109375
0.0231227874755859 -0.0333881378173828 -0.32586669921875 0.1397705078125
0.0329437255859375 -0.0111160278320313 -0.284637451171875 -0.154815673828125
0.00944709777832031 -0.0161762237548828 0.008453369140625 -0.49407958984375
0.00177597999572754 0.00301194190979004 0.51861572265625 -0.476898193359375
-0.0117073059082031 0.0290374755859375 0.7991943359375 0.2255859375
-0.0067439079284668 -0.00472211837768555 0.37310791015625 0.87054443359375
0.0241432189941406 0.00886154174804688 -0.16900634765625 0.70220947265625
0.0200595855712891 0.00871086120605469 0.02667236328125 0.0811233520507813
0.0255641937255859 0.00138092041015625 0.25823974609375 -0.63616943359375
0.0229663848876953 -0.0122623443603516 -0.33551025390625 -0.91754150390625
-0.00194084644317627 0.000720500946044922 -0.83929443359375 -0.18896484375
-0.00257611274719238 0.00128674507141113 -0.486083984375 0.487640380859375
0.0182571411132813 -0.0118198394775391 0.00247192382812497 0.504791259765625
0.00657558441162109 -0.00980281829833985 0.33203125 0.1842041015625
0.0102977752685547 -0.00406742095947266 0.33868408203125 -0.1314697265625
0.0215721130371094 -0.03729248046875 -0.330078125 0.134735107421875
0.0320320129394531 -0.0124835968017578 -0.28485107421875 -0.156768798828125
0.0136852264404297 -0.0199432373046875 0.018280029296875 -0.492431640625
0.00400185585021973 -0.000164270401000977 0.53167724609375 -0.469207763671875
-0.0104656219482422 0.030029296875 0.79754638671875 0.24200439453125
-0.00631570816040039 -0.000464439392089845 0.3597412109375 0.87823486328125
0.0222434997558594 0.0130653381347656 -0.1756591796875 0.69317626953125
0.018218994140625 0.010040283203125 0.0312881469726562 0.0730819702148438
0.0233783721923828 0.00466537475585938 0.24932861328125 -0.64434814453125
0.0231189727783203 -0.00822639465332031 -0.35430908203125 -0.91180419921875
-0.000384092330932617 0.00143027305603027 -0.84033203125 -0.1719970703125
-0.000728964805603027 -0.00210011005401611 -0.474884033203125 0.495635986328125
0.0216865539550781 -0.0161914825439453 0.0107421875 0.504974365234375
0.00580501556396484 -0.0108890533447266 0.329620361328125 0.181640625
0.00871658325195313 -0.00820112228393555 0.3333740234375 -0.135498046875
0.0172157287597656 -0.0450668334960937 -0.329681396484375 0.151336669921875
0.0245952606201172 -0.000326156616210938 -0.30340576171875 -0.153076171875
0.0030052661895752 0.00150609016418457 -0.022491455078125 -0.49163818359375
-0.00459384918212891 0.015955924987793 0.4959716796875 -0.49945068359375
-0.0159683227539062 0.01983642578125 0.80609130859375 0.17999267578125
-0.0135078430175781 -0.0413780212402344 0.407958984375 0.8331298828125
0.0313339233398438 -0.0363540649414063 -0.1400146484375 0.69110107421875
0.0477485656738281 -0.0278167724609375 0.0306396484375 0.0784835815429688
0.0354995727539063 -0.0432472229003906 0.261474609375 -0.6441650390625
0.0172309875488281 -0.0481338500976563 -0.32293701171875 -0.93115234375
-0.00982856750488281 -0.0112886428833008 -0.83453369140625 -0.20458984375
-0.00751972198486328 0.013331413269043 -0.49053955078125 0.4808349609375
0.00792455673217773 0.00277328491210938 -0.010284423828125 0.50341796875
-0.000409245491027832 0.00127041339874268 0.31866455078125 0.172454833984375
0.00371551513671875 -0.0124807357788086 0.332000732421875 -0.133209228515625
0.0174903869628906 -0.0385475158691406 -0.321807861328125 0.154144287109375
0.0268211364746094 -0.00251197814941406 -0.298370361328125 -0.151214599609375
0.00132346153259277 0.00346136093139648 -0.02490234375 -0.490814208984375
-0.00487327575683594 0.015894889831543 0.490631103515625 -0.501190185546875
-0.0172786712646484 0.0198078155517578 0.8050537109375 0.1746826171875
-0.0135765075683594 -0.0398826599121094 0.4154052734375 0.8369140625
0.0315876007080078 -0.0321998596191406 -0.135986328125 0.7034912109375
0.0474052429199219 -0.0233078002929688 0.0261306762695313 0.0848770141601563
0.0356407165527344 -0.0389747619628906 0.26641845703125 -0.63653564453125
0.0182533264160156 -0.0466041564941406 -0.31341552734375 -0.9373779296875
-0.0114536285400391 -0.0116920471191406 -0.8345947265625 -0.21844482421875
-0.00971221923828125 0.0143327713012695 -0.500762939453125 0.47564697265625
0.00704288482666016 0.00358247756958008 -0.0162353515625 0.5008544921875
0.000903010368347168 -0.000254988670349121 0.32183837890625 0.17303466796875
0.00577449798583984 -0.00747823715209961 0.333099365234375 -0.1319580078125
0.0190811157226563 -0.0353012084960938 -0.3189697265625 0.156463623046875
0.0295639038085938 -0.0040435791015625 -0.295013427734375 -0.148773193359375
0.00121986865997314 0.00195693969726563 -0.026641845703125 -0.490020751953125
-0.00518894195556641 0.0159339904785156 0.4852294921875 -0.500396728515625
-0.01702880859375 0.0207576751708984 0.800048828125 0.17291259765625
-0.0125560760498047 -0.0342025756835938 0.41644287109375 0.83587646484375
0.0301914215087891 -0.0256137847900391 -0.13751220703125 0.7061767578125
0.0427093505859375 -0.0174026489257813 0.0228805541992188 0.0914077758789063
0.0360755920410156 -0.0320892333984375 0.27020263671875 -0.6290283203125
0.0193290710449219 -0.0423469543457031 -0.30438232421875 -0.93280029296875
-0.0106344223022461 -0.0101385116577148 -0.83380126953125 -0.218505859375
-0.00877285003662109 0.0135335922241211 -0.50335693359375 0.472808837890625
0.00572633743286133 0.00292730331420898 -0.01605224609375 0.500579833984375
0.00272417068481445 -0.00141215324401855 0.326141357421875 0.176361083984375
0.00777769088745117 -0.00450944900512695 0.337799072265625 -0.13037109375
0.0198001861572266 -0.0311679840087891 -0.315704345703125 0.155303955078125
0.0316181182861328 -0.00723838806152344 -0.291015625 -0.147308349609375
0.0025780200958252 -0.000439643859863281 -0.02301025390625 -0.490081787109375
-0.0037078857421875 0.0138511657714844 0.484405517578125 -0.501312255859375
-0.0160293579101563 0.0228080749511719 0.80029296875 0.1773681640625
-0.0101451873779297 -0.0274677276611328 0.41650390625 0.84197998046875
0.0295658111572266 -0.0164566040039062 -0.1358642578125 0.71026611328125
0.0378036499023437 -0.00999069213867187 0.0210494995117187 0.0936355590820313
0.0344333648681641 -0.0235118865966797 0.266845703125 -0.62640380859375
0.0209541320800781 -0.03582763671875 -0.3089599609375 -0.93011474609375
-0.00986289978027344 -0.00704765319824219 -0.837158203125 -0.21771240234375
-0.00941181182861328 0.0116119384765625 -0.503448486328125 0.4742431640625
0.00708341598510742 0.000857353210449219 -0.01373291015625 0.500274658203125
0.00413203239440918 -0.00392842292785645 0.329254150390625 0.177734375
0.0105991363525391 -0.00198554992675781 0.338348388671875 -0.12969970703125
0.019927978515625 -0.0310478210449219 -0.31597900390625 0.153411865234375
0.0324516296386719 -0.00820732116699219 -0.2880859375 -0.147186279296875
0.00392627716064453 -0.00557327270507813 -0.01544189453125 -0.490875244140625
-0.00274562835693359 0.0109033584594727 0.489990234375 -0.49493408203125
-0.0148162841796875 0.02398681640625 0.7965087890625 0.187255859375
-0.00822639465332031 -0.0197162628173828 0.405029296875 0.847412109375
0.0273685455322266 -0.00606536865234375 -0.1448974609375 0.709228515625
0.0314960479736328 -0.00156974792480469 0.0218048095703125 0.0917129516601562
0.0311450958251953 -0.0135211944580078 0.2642822265625 -0.62628173828125
0.0221042633056641 -0.0270271301269531 -0.314208984375 -0.92529296875
-0.00733375549316406 -0.00488615036010742 -0.83636474609375 -0.2083740234375
-0.00783348083496094 0.00850677490234375 -0.497955322265625 0.4759521484375
0.00984764099121094 -0.00311660766601563 -0.00869750976562495 0.4991455078125
0.00548648834228516 -0.0058140754699707 0.33154296875 0.177093505859375
0.0113525390625 -0.00169658660888672 0.338836669921875 -0.130859375
0.0208988189697266 -0.0310802459716797 -0.318511962890625 0.149505615234375
0.0332870483398438 -0.0116462707519531 -0.28656005859375 -0.147674560546875
0.00661659240722656 -0.0105314254760742 -0.00836181640624997 -0.492828369140625
-0.000133037567138673 0.00763368606567383 0.498565673828125 -0.48980712890625
-0.0124855041503906 0.0266265869140625 0.7991943359375 0.198974609375
-0.00720500946044922 -0.0122432708740234 0.39697265625 0.85699462890625
0.0257358551025391 0.0023040771484375 -0.14990234375 0.70965576171875
0.0250701904296875 0.00401878356933594 0.02362060546875 0.0883102416992188
0.0283527374267578 -0.00555229187011719 0.25738525390625 -0.62945556640625
0.0220165252685547 -0.0196762084960938 -0.32861328125 -0.91748046875
-0.00488042831420898 -0.00176525115966797 -0.83837890625 -0.192626953125
-0.00487756729125976 0.00522518157958984 -0.4903564453125 0.48431396484375
0.0144939422607422 -0.00776386260986328 0.000701904296874996 0.50128173828125
0.00625228881835937 -0.00799322128295898 0.333160400390625 0.17779541015625
0.0108766555786133 -0.00266361236572266 0.338470458984375 -0.1326904296875
0.0210018157958984 -0.0346107482910156 -0.321746826171875 0.14453125
0.0325927734375 -0.0131607055664062 -0.28515625 -0.148895263671875
0.00961875915527344 -0.0156955718994141 0.00225830078125002 -0.49237060546875
0.0018303394317627 0.00368690490722656 0.509765625 -0.48291015625
-0.0108890533447266 0.0278682708740234 0.7978515625 0.21551513671875
-0.00629472732543945 -0.00499296188354492 0.38067626953125 0.86199951171875
0.0240325927734375 0.00845146179199219 -0.15869140625 0.7015380859375
0.0198822021484375 0.0088958740234375 0.02783203125 0.0809478759765625
0.0248870849609375 0.00156974792480469 0.24981689453125 -0.637451171875
0.0230579376220703 -0.0125446319580078 -0.34490966796875 -0.90850830078125
-0.00183224678039551 0.000269412994384766 -0.83837890625 -0.1781005859375
-0.00144672393798828 0.000938177108764649 -0.478729248046875 0.491790771484375
0.0184001922607422 -0.0117855072021484 0.0098876953125 0.503204345703125
0.00608634948730469 -0.00995445251464844 0.332000732421875 0.17626953125
0.010066032409668 -0.00535869598388672 0.334747314453125 -0.1363525390625
0.0197982788085938 -0.038055419921875 -0.326446533203125 0.139556884765625
0.0325260162353516 -0.0133152008056641 -0.28424072265625 -0.152008056640625
0.0131969451904297 -0.0194187164306641 0.011566162109375 -0.490997314453125
0.0042872428894043 0.000658512115478516 0.5233154296875 -0.474273681640625
-0.0100059509277344 0.0298309326171875 0.7979736328125 0.23077392578125
-0.00505971908569336 -0.000644683837890624 0.3704833984375 0.8712158203125
0.0220508575439453 0.0125751495361328 -0.1661376953125 0.693603515625
0.0172843933105469 0.0104541778564453 0.0312957763671875 0.0726089477539063
0.0231781005859375 0.00432586669921875 0.24176025390625 -0.64520263671875
0.0234394073486328 -0.00853729248046875 -0.36224365234375 -0.90423583984375
0.001007080078125 0.00255274772644043 -0.8389892578125 -0.1617431640625
-0.000241279602050781 -0.00216209888458252 -0.466644287109375 0.497772216796875
0.0219154357910156 -0.016387939453125 0.01727294921875 0.503662109375
0.00545883178710938 -0.0113277435302734 0.330047607421875 0.174957275390625
0.00834512710571289 -0.00775766372680664 0.330963134765625 -0.139434814453125
0.0156059265136719 -0.04638671875 -0.325592041015625 0.1546630859375
0.0242977142333984 -0.000814437866210938 -0.3031005859375 -0.1492919921875
0.00354719161987305 0.00171399116516113 -0.02734375 -0.488433837890625
-0.00505924224853516 0.0162878036499023 0.486724853515625 -0.503204345703125
-0.0158882141113281 0.0193939208984375 0.8045654296875 0.16876220703125
-0.0136299133300781 -0.0413436889648438 0.4122314453125 0.82513427734375
0.0301780700683594 -0.0361862182617188 -0.13037109375 0.68792724609375
0.0470848083496094 -0.0273475646972656 0.031707763671875 0.0773773193359375
0.0351448059082031 -0.0427322387695313 0.25323486328125 -0.64288330078125
0.0160636901855469 -0.0490951538085938 -0.3328857421875 -0.924072265625
-0.00921344757080078 -0.0111379623413086 -0.83404541015625 -0.195068359375
-0.00686931610107422 0.0131692886352539 -0.481964111328125 0.485565185546875
0.00859451293945313 0.00203132629394531 -0.00537109374999998 0.500762939453125
-0.000649094581604004 0.00100094079971313 0.3192138671875 0.166534423828125
0.00442695617675781 -0.0127811431884766 0.32843017578125 -0.137603759765625
0.0155487060546875 -0.039215087890625 -0.317962646484375 0.158660888671875
0.0268630981445312 -0.00437164306640625 -0.299163818359375 -0.14581298828125
0.00182604789733887 0.00412964820861816 -0.030548095703125 -0.48675537109375
-0.00487709045410156 0.0176677703857422 0.48126220703125 -0.50421142578125
-0.0164356231689453 0.0184421539306641 0.8035888671875 0.16400146484375
-0.0133018493652344 -0.0392723083496094 0.42169189453125 0.828125
0.0311565399169922 -0.0328350067138672 -0.1287841796875 0.7001953125
0.0459518432617187 -0.0235519409179688 0.0274581909179688 0.084320068359375
0.0356864929199219 -0.039215087890625 0.25775146484375 -0.636474609375
0.0172958374023438 -0.0468215942382813 -0.3206787109375 -0.928955078125
-0.0114850997924805 -0.0118122100830078 -0.83233642578125 -0.2100830078125
-0.00846576690673828 0.0133552551269531 -0.49163818359375 0.47808837890625
0.00647449493408203 0.00333499908447266 -0.010101318359375 0.498046875
0.000905513763427734 -0.000880777835845947 0.32135009765625 0.166473388671875
0.00618982315063477 -0.00765657424926758 0.32965087890625 -0.13519287109375
0.0167808532714844 -0.0358161926269531 -0.3155517578125 0.16082763671875
0.0299053192138672 -0.00499534606933594 -0.294586181640625 -0.143768310546875
0.00164103507995605 0.00224733352661133 -0.0325927734374999 -0.487213134765625
-0.00522327423095703 0.0163116455078125 0.475067138671875 -0.504058837890625
-0.0163860321044922 0.0202388763427734 0.79864501953125 0.16259765625
-0.0125370025634766 -0.0349502563476563 0.4219970703125 0.828369140625
0.0294399261474609 -0.0266742706298828 -0.12884521484375 0.7047119140625
0.0418510437011719 -0.0174140930175781 0.02423095703125 0.0905075073242188
0.0346603393554688 -0.0326499938964844 0.26092529296875 -0.62841796875
0.0187110900878906 -0.0426979064941406 -0.3145751953125 -0.9239501953125
-0.0102672576904297 -0.0103673934936523 -0.830810546875 -0.2095947265625
-0.00984764099121093 0.0132579803466797 -0.494659423828125 0.47686767578125
0.00576114654541016 0.0032505989074707 -0.00976562500000001 0.498626708984375
0.00276565551757812 -0.00118136405944824 0.32635498046875 0.169830322265625
0.00721120834350586 -0.00444316864013672 0.33441162109375 -0.13433837890625
0.0180263519287109 -0.0320396423339844 -0.31243896484375 0.15948486328125
0.0302600860595703 -0.00755500793457031 -0.2908935546875 -0.142333984375
0.00240731239318848 -0.000269174575805664 -0.027862548828125 -0.488067626953125
-0.00358676910400391 0.0138149261474609 0.47491455078125 -0.505889892578125
-0.0155525207519531 0.0224647521972656 0.7987060546875 0.16522216796875
-0.0109672546386719 -0.0278110504150391 0.4229736328125 0.833251953125
0.0291938781738281 -0.0171718597412109 -0.12841796875 0.70941162109375
0.0370330810546875 -0.011383056640625 0.0223846435546875 0.0924148559570313
0.0332565307617188 -0.0241718292236328 0.25811767578125 -0.625
0.0202484130859375 -0.0360794067382813 -0.31854248046875 -0.922119140625
-0.00972652435302734 -0.00816059112548828 -0.83465576171875 -0.2066650390625
-0.00869846343994141 0.0113639831542969 -0.495147705078125 0.476470947265625
0.00796604156494141 0.000508785247802734 -0.00698852539062497 0.496856689453125
0.00428676605224609 -0.00412845611572266 0.329315185546875 0.17047119140625
0.00951385498046875 -0.00201129913330078 0.336029052734375 -0.133209228515625
0.0186519622802734 -0.0310096740722656 -0.3115234375 0.157958984375
0.0327053070068359 -0.0104179382324219 -0.2877197265625 -0.142486572265625
0.00408744812011719 -0.00489330291748047 -0.021270751953125 -0.486785888671875
-0.0020904541015625 0.0112390518188477 0.4818115234375 -0.49835205078125
-0.0137195587158203 0.0238761901855469 0.79461669921875 0.1783447265625
-0.00844192504882813 -0.0200233459472656 0.41253662109375 0.839111328125
0.0265769958496094 -0.00697898864746094 -0.13653564453125 0.708984375
0.0310745239257812 -0.00239372253417969 0.02276611328125 0.0913772583007813
0.0303535461425781 -0.0140705108642578 0.25714111328125 -0.6256103515625
0.0214157104492188 -0.0273284912109375 -0.32281494140625 -0.91522216796875
-0.00817203521728516 -0.00517940521240234 -0.83209228515625 -0.19976806640625
-0.00730419158935547 0.00955867767333984 -0.489715576171875 0.47906494140625
0.0103349685668945 -0.00400543212890625 -0.00192260742187496 0.49749755859375
0.00538492202758789 -0.00636386871337891 0.332244873046875 0.17071533203125
0.0110759735107422 -0.00221157073974609 0.335723876953125 -0.134124755859375
0.0194110870361328 -0.0324153900146484 -0.314910888671875 0.15374755859375
0.0325412750244141 -0.0125217437744141 -0.285736083984375 -0.142913818359375
0.0067138671875 -0.0103569030761719 -0.013580322265625 -0.48968505859375
-0.00101089477539062 0.00756549835205078 0.48956298828125 -0.49298095703125
-0.0123062133789063 0.0260066986083984 0.7974853515625 0.18841552734375
-0.00681304931640625 -0.0125837326049805 0.4051513671875 0.84857177734375
0.0253334045410156 0.0009613037109375 -0.14056396484375 0.7056884765625
0.0248203277587891 0.00374031066894531 0.024871826171875 0.0873184204101563
0.0277118682861328 -0.00585365295410156 0.25042724609375 -0.6295166015625
0.0224742889404297 -0.0189552307128906 -0.3363037109375 -0.90936279296875
-0.0043337345123291 -0.00171566009521484 -0.8355712890625 -0.1829833984375
-0.00509834289550781 0.00541496276855469 -0.479736328125 0.48736572265625
0.0148210525512695 -0.00886344909667969 0.00631713867187498 0.49871826171875
0.0060887336730957 -0.00755023956298828 0.331878662109375 0.17303466796875
0.0105743408203125 -0.00258255004882812 0.335601806640625 -0.13665771484375
0.0198764801025391 -0.0347404479980469 -0.318511962890625 0.14886474609375
0.0326099395751953 -0.0136566162109375 -0.284454345703125 -0.143524169921875
0.00922203063964844 -0.0153846740722656 -0.00238037109375 -0.490234375
0.00129961967468262 0.00375199317932129 0.5015869140625 -0.48614501953125
-0.0101070404052734 0.0277099609375 0.79541015625 0.2041015625
-0.00600957870483399 -0.00599050521850586 0.3902587890625 0.854736328125
0.0230426788330078 0.00878715515136719 -0.14990234375 0.69854736328125
0.0199069976806641 0.00798225402832031 0.0280227661132812 0.0806198120117188
0.0246829986572266 0.000200271606445312 0.24169921875 -0.634521484375
0.0221176147460937 -0.0135078430175781 -0.35406494140625 -0.90045166015625
-0.000805974006652832 0.000295639038085937 -0.8365478515625 -0.167236328125
-0.00274991989135742 0.00135540962219238 -0.469879150390625 0.49407958984375
0.018402099609375 -0.0128211975097656 0.015838623046875 0.4986572265625
0.00679874420166016 -0.0098876953125 0.3330078125 0.17156982421875
0.00954437255859375 -0.00510120391845703 0.331451416015625 -0.14007568359375
0.018402099609375 -0.039276123046875 -0.322265625 0.14410400390625
0.0322418212890625 -0.0145683288574219 -0.28424072265625 -0.1466064453125
0.0129489898681641 -0.0196685791015625 0.00756835937499999 -0.488037109375
0.00364518165588379 0.00026392936706543 0.512237548828125 -0.478759765625
-0.00909805297851562 0.0286712646484375 0.79443359375 0.21875
-0.00512313842773437 -0.00179958343505859 0.3760986328125 0.8629150390625
0.0211963653564453 0.0111465454101563 -0.15692138671875 0.69232177734375
0.0173254013061523 0.0106611251831055 0.0324478149414063 0.0723953247070313
0.0227870941162109 0.00380134582519531 0.2322998046875 -0.64447021484375
0.0225715637207031 -0.00941658020019531 -0.37139892578125 -0.89532470703125
0.000486850738525391 0.00212931632995605 -0.83575439453125 -0.15087890625
5.72204589843744E-06 -0.00218486785888672 -0.45654296875 0.503387451171875
0.0210838317871094 -0.0167655944824219 0.023651123046875 0.500335693359375
0.00567817687988281 -0.0103693008422852 0.33111572265625 0.169921875
0.00828695297241211 -0.0084686279296875 0.327392578125 -0.1424560546875
0.0132331848144531 -0.0464401245117188 -0.321258544921875 0.157745361328125
0.0242424011230469 -0.00208854675292969 -0.301727294921875 -0.143463134765625
0.00298404693603516 0.00200366973876953 -0.03302001953125 -0.485260009765625
-0.00527477264404297 0.0165061950683594 0.478607177734375 -0.505401611328125
-0.0156326293945313 0.0193309783935547 0.80035400390625 0.1588134765625
-0.0131034851074219 -0.0415115356445313 0.41876220703125 0.81805419921875
0.0293731689453125 -0.037017822265625 -0.1239013671875 0.6861572265625
0.0450477600097656 -0.0275459289550781 0.0319671630859375 0.076019287109375
0.033203125 -0.0434684753417969 0.24444580078125 -0.64044189453125
0.0151863098144531 -0.0491294860839844 -0.33807373046875 -0.9129638671875
-0.00904369354248047 -0.0110635757446289 -0.829345703125 -0.18548583984375
-0.00744438171386719 0.0136318206787109 -0.4732666015625 0.4876708984375
0.00896358489990234 0.00133228302001953 0.0003662109375 0.497344970703125
-0.000526547431945801 0.00118505954742432 0.318572998046875 0.16131591796875
0.00375938415527344 -0.0123128890991211 0.323760986328125 -0.14019775390625
0.0139312744140625 -0.0399436950683594 -0.3128662109375 0.162628173828125
0.0266838073730469 -0.00449752807617188 -0.296661376953125 -0.140655517578125
0.00200366973876953 0.00393080711364746 -0.035491943359375 -0.4832763671875
-0.00498485565185547 0.0172863006591797 0.4718017578125 -0.50653076171875
-0.0158939361572266 0.0189590454101563 0.799072265625 0.15631103515625
-0.0133895874023438 -0.0400543212890625 0.4278564453125 0.81805419921875
0.0295963287353516 -0.0326900482177734 -0.1202392578125 0.69757080078125
0.0453414916992187 -0.0235557556152344 0.0284805297851563 0.0841140747070313
0.03424072265625 -0.0395584106445312 0.24957275390625 -0.634033203125
0.0167274475097656 -0.0472373962402344 -0.3275146484375 -0.92010498046875
-0.0111818313598633 -0.0118169784545898 -0.82989501953125 -0.19647216796875
-0.00877571105957031 0.0143508911132813 -0.48382568359375 0.481170654296875
0.00605440139770508 0.00346231460571289 -0.00369262695312496 0.495269775390625
0.00125002861022949 -0.0009307861328125 0.32122802734375 0.160919189453125
0.00538110733032227 -0.00773954391479492 0.325439453125 -0.13800048828125
0.0155830383300781 -0.036895751953125 -0.309906005859375 0.16424560546875
0.0296707153320313 -0.00631904602050781 -0.29388427734375 -0.138702392578125
0.00153422355651855 0.00272583961486816 -0.03564453125 -0.483642578125
-0.00564002990722656 0.0169210433959961 0.4669189453125 -0.5072021484375
-0.01580810546875 0.0199413299560547 0.7943115234375 0.15264892578125
-0.0112228393554687 -0.0356101989746094 0.42803955078125 0.81829833984375
0.0291862487792969 -0.0270881652832031 -0.119384765625 0.70257568359375
0.0416183471679688 -0.018310546875 0.0254135131835938 0.0896759033203125
0.0334091186523438 -0.0329055786132813 0.25341796875 -0.62530517578125
0.0177383422851563 -0.0424728393554688 -0.31982421875 -0.91522216796875
-0.010676383972168 -0.00953960418701172 -0.82733154296875 -0.2003173828125
-0.00920486450195313 0.013397216796875 -0.484893798828125 0.477569580078125
0.00523042678833008 0.00250005722045898 -0.00488281249999997 0.495086669921875
0.00321555137634277 -0.00178241729736328 0.325531005859375 0.16461181640625
0.00723886489868164 -0.00553131103515625 0.3309326171875 -0.137786865234375
0.0166130065917969 -0.0323944091796875 -0.30755615234375 0.163360595703125
0.03057861328125 -0.00938796997070313 -0.289642333984375 -0.136871337890625
0.00275278091430664 -1.66893005371094E-05 -0.033203125 -0.483612060546875
-0.00512027740478516 0.014739990234375 0.46630859375 -0.5048828125
-0.0145854949951172 0.0218753814697266 0.79583740234375 0.15789794921875
-0.0107212066650391 -0.0277595520019531 0.42828369140625 0.824951171875
0.0284900665283203 -0.0176582336425781 -0.11883544921875 0.70623779296875
0.0362930297851563 -0.0109977722167969 0.0237960815429688 0.0913619995117187
0.0325794219970703 -0.0245227813720703 0.25091552734375 -0.62408447265625
0.0194549560546875 -0.0356063842773438 -0.32330322265625 -0.91375732421875
-0.00967502593994141 -0.00721549987792969 -0.830078125 -0.19769287109375
-0.0088653564453125 0.0113239288330078 -0.48773193359375 0.4788818359375
0.0075688362121582 -0.000345706939697266 -0.00131225585937504 0.494232177734375
0.00371456146240234 -0.00422978401184082 0.329925537109375 0.16552734375
0.00977993011474609 -0.002593994140625 0.332000732421875 -0.13720703125
0.0170574188232422 -0.0322513580322266 -0.308197021484375 0.16119384765625
0.0326519012451172 -0.0118732452392578 -0.286468505859375 -0.137298583984375
0.00423049926757813 -0.0051112174987793 -0.0269775390624999 -0.484039306640625
-0.00267982482910156 0.0112419128417969 0.47271728515625 -0.5
-0.0132713317871094 0.0235424041748047 0.7916259765625 0.16888427734375
-0.00771141052246094 -0.0193977355957031 0.418701171875 0.83160400390625
0.0261268615722656 -0.0083770751953125 -0.12841796875 0.70477294921875
0.0298366546630859 -0.00233650207519531 0.0237884521484375 0.0908584594726562
0.0300045013427734 -0.0140781402587891 0.24932861328125 -0.62371826171875
0.0201644897460938 -0.0279579162597656 -0.32977294921875 -0.90509033203125
-0.00715732574462891 -0.00500822067260742 -0.8299560546875 -0.1890869140625
-0.006927490234375 0.00883102416992188 -0.481353759765625 0.48089599609375
0.0101566314697266 -0.00449466705322266 0.00286865234374999 0.4945068359375
0.00586843490600586 -0.00596094131469727 0.331787109375 0.16558837890625
0.0107622146606445 -0.00190448760986328 0.332427978515625 -0.138153076171875
0.0179958343505859 -0.0332069396972656 -0.310882568359375 0.1566162109375
0.0320663452148438 -0.0135822296142578 -0.28424072265625 -0.13720703125
0.00618457794189453 -0.0105667114257813 -0.01934814453125 -0.485107421875
-0.00169706344604492 0.00702190399169922 0.4805908203125 -0.496063232421875
-0.0115032196044922 0.0258808135986328 0.79351806640625 0.1810302734375
-0.00684261322021485 -0.0125665664672852 0.40924072265625 0.8404541015625
0.0239372253417969 0.000904083251953125 -0.13287353515625 0.70208740234375
0.0253944396972656 0.00409317016601563 0.0259780883789062 0.0864028930664062
0.0264320373535156 -0.00611495971679688 0.2410888671875 -0.627685546875
0.0219230651855469 -0.0198192596435547 -0.3436279296875 -0.900146484375
-0.00431132316589355 -0.0019538402557373 -0.83160400390625 -0.17315673828125
-0.00420045852661133 0.00443077087402344 -0.472320556640625 0.48895263671875
0.01446533203125 -0.00898647308349609 0.01080322265625 0.49591064453125
0.00612163543701172 -0.00865650177001953 0.332550048828125 0.166778564453125
0.0106039047241211 -0.00305461883544922 0.331451416015625 -0.139923095703125
0.0170860290527344 -0.035797119140625 -0.313812255859375 0.15179443359375
0.0323257446289063 -0.0141620635986328 -0.282196044921875 -0.139862060546875
0.00987434387207031 -0.0161409378051758 -0.00857543945312495 -0.485809326171875
0.0010676383972168 0.00378227233886719 0.4931640625 -0.488433837890625
-0.00967025756835938 0.0272369384765625 0.79180908203125 0.1947021484375
-0.0051417350769043 -0.00641155242919922 0.3948974609375 0.84747314453125
0.021636962890625 0.00685501098632812 -0.14154052734375 0.696533203125
0.0193710327148438 0.00889396667480469 0.0292816162109375 0.0795059204101562
0.0234241485595703 0.000524520874023438 0.233642578125 -0.6339111328125
0.0227756500244141 -0.0139961242675781 -0.3594970703125 -0.8916015625
-0.00122654438018799 0.000807404518127442 -0.8333740234375 -0.15826416015625
-0.0023810863494873 0.0013737678527832 -0.4608154296875 0.496124267578125
0.0184116363525391 -0.0137729644775391 0.021392822265625 0.49542236328125
0.00621509552001953 -0.0100631713867188 0.332611083984375 0.166748046875
0.00986957550048828 -0.00587940216064453 0.328399658203125 -0.143402099609375
0.0166015625 -0.0396270751953125 -0.318450927734375 0.147064208984375
0.0315666198730469 -0.0158309936523438 -0.282440185546875 -0.14141845703125
0.0124664306640625 -0.0194110870361328 -0.000152587890624965 -0.484466552734375
0.00302386283874512 0.00115180015563965 0.504730224609375 -0.48150634765625
-0.00750923156738281 0.0286369323730469 0.79095458984375 0.21044921875
-0.00459432601928711 -0.00238370895385742 0.38238525390625 0.8553466796875
0.0210132598876953 0.0112743377685547 -0.14935302734375 0.68853759765625
0.0165491104125977 0.00954437255859375 0.0330734252929688 0.071533203125
0.0220775604248047 0.00295257568359375 0.225830078125 -0.641845703125
0.0226516723632813 -0.0101203918457031 -0.3768310546875 -0.88580322265625
0.00135326385498047 0.0023343563079834 -0.8333740234375 -0.143798828125
-0.000212192535400391 -0.00223565101623535 -0.449127197265625 0.50360107421875
0.0212841033935547 -0.0171356201171875 0.029998779296875 0.496826171875
0.00527572631835937 -0.0104913711547852 0.330780029296875 0.163848876953125
0.00821733474731445 -0.00868988037109375 0.32415771484375 -0.14691162109375
0.0118827819824219 -0.0467681884765625 -0.315704345703125 0.16131591796875
0.0241432189941406 -0.0036468505859375 -0.298919677734375 -0.138702392578125
0.00421786308288574 0.00217652320861816 -0.037261962890625 -0.4810791015625
-0.00488662719726562 0.015995979309082 0.470062255859375 -0.50494384765625
-0.0142097473144531 0.0186100006103516 0.796630859375 0.15216064453125
-0.013397216796875 -0.0424842834472656 0.42279052734375 0.80755615234375
0.0275535583496094 -0.0369224548339844 -0.11578369140625 0.68267822265625
0.044830322265625 -0.0277557373046875 0.0332870483398437 0.0755386352539063
0.0322151184082031 -0.043365478515625 0.238525390625 -0.6383056640625
0.0150108337402344 -0.049407958984375 -0.34326171875 -0.9044189453125
-0.00931072235107422 -0.0109281539916992 -0.82330322265625 -0.1766357421875
-0.00631046295166016 0.0133352279663086 -0.46612548828125 0.487213134765625
0.00869894027709961 0.00135564804077148 0.00531005859374997 0.49444580078125
-0.000488102436065674 -0.000276654958724976 0.317596435546875 0.15631103515625
0.00411605834960938 -0.0124883651733398 0.3218994140625 -0.143798828125
0.0124855041503906 -0.0400810241699219 -0.308502197265625 0.164825439453125
0.0263595581054687 -0.00538063049316406 -0.29583740234375 -0.135772705078125
0.00205349922180176 0.00418710708618164 -0.039581298828125 -0.47845458984375
-0.00495624542236328 0.0168781280517578 0.463653564453125 -0.5068359375
-0.0153121948242188 0.0183773040771484 0.79534912109375 0.14776611328125
-0.0132522583007813 -0.0397491455078125 0.43060302734375 0.8092041015625
0.0284957885742188 -0.0333766937255859 -0.11273193359375 0.69293212890625
0.0434303283691406 -0.0238838195800781 0.0292434692382813 0.0825729370117187
0.0338020324707031 -0.0396347045898438 0.24407958984375 -0.63104248046875
0.0162887573242188 -0.0472068786621094 -0.33221435546875 -0.91021728515625
-0.0110044479370117 -0.0110416412353516 -0.82537841796875 -0.19049072265625
-0.008087158203125 0.0139074325561523 -0.4755859375 0.48187255859375
0.00769567489624023 0.00267839431762695 0.000640869140625021 0.49212646484375
0.000913918018341064 -0.000587522983551025 0.32110595703125 0.1566162109375
0.00510787963867188 -0.00732612609863281 0.321624755859375 -0.1409912109375
0.0134429931640625 -0.0361557006835938 -0.305450439453125 0.1666259765625
0.0290584564208984 -0.00733757019042969 -0.292266845703125 -0.134063720703125
0.00208640098571777 0.00316619873046875 -0.0404052734375 -0.479095458984375
-0.00622367858886719 0.0173425674438477 0.457244873046875 -0.5084228515625
-0.0149765014648438 0.0198249816894531 0.78851318359375 0.14410400390625
-0.0116481781005859 -0.0343990325927734 0.431640625 0.8096923828125
0.0279560089111328 -0.0261383056640625 -0.11309814453125 0.69818115234375
0.0401725769042969 -0.01776123046875 0.0261688232421875 0.0884475708007812
0.0332489013671875 -0.0331230163574219 0.24603271484375 -0.62261962890625
0.0177154541015625 -0.0425071716308594 -0.32745361328125 -0.9078369140625
-0.0103235244750977 -0.00977516174316406 -0.8240966796875 -0.19134521484375
-0.0089263916015625 0.013545036315918 -0.47894287109375 0.47833251953125
0.00621175765991211 0.00151777267456055 0.000335693359374971 0.491851806640625
0.00255799293518066 -0.00206589698791504 0.3251953125 0.15911865234375
0.00697422027587891 -0.00560998916625977 0.327301025390625 -0.140716552734375
0.0152854919433594 -0.0332813262939453 -0.302459716796875 0.165771484375
0.0307998657226562 -0.0103988647460938 -0.287841796875 -0.133453369140625
0.00254321098327637 4.67300415039063E-05 -0.037933349609375 -0.48004150390625
-0.00455570220947265 0.0144681930541992 0.458465576171875 -0.508270263671875
-0.0144386291503906 0.0216140747070313 0.79052734375 0.14910888671875
-0.0107688903808594 -0.0283927917480469 0.4312744140625 0.8153076171875
0.0269145965576172 -0.0183258056640625 -0.1136474609375 0.7015380859375
0.0354804992675781 -0.0106239318847656 0.0246429443359375 0.0905609130859375
0.0322914123535156 -0.0244789123535156 0.24432373046875 -0.62109375
0.0189132690429687 -0.0359535217285156 -0.32977294921875 -0.90362548828125
-0.00941848754882813 -0.00762844085693359 -0.82666015625 -0.1900634765625
-0.00828266143798828 0.0109720230102539 -0.478912353515625 0.4818115234375
0.00800228118896484 -0.0003509521484375 0.003509521484375 0.490386962890625
0.0041966438293457 -0.00456476211547852 0.327545166015625 0.160552978515625
0.008819580078125 -0.00213623046875 0.328277587890625 -0.140045166015625
0.0156421661376953 -0.0330104827880859 -0.303680419921875 0.16375732421875
0.0316448211669922 -0.0118064880371094 -0.283721923828125 -0.1328125
0.00388026237487793 -0.00369691848754883 -0.030120849609375 -0.480438232421875
-0.00313091278076172 0.0117349624633789 0.46417236328125 -0.502716064453125
-0.0124397277832031 0.0222396850585938 0.788330078125 0.16015625
-0.00779914855957031 -0.0209369659423828 0.42236328125 0.822265625
0.0252342224121094 -0.00838851928710938 -0.12054443359375 0.70074462890625
0.0293292999267578 -0.002349853515625 0.0242538452148438 0.0889968872070313
0.0289821624755859 -0.0153274536132812 0.2413330078125 -0.6209716796875
0.0201320648193359 -0.0282058715820312 -0.33148193359375 -0.89599609375
-0.00720977783203125 -0.00480222702026367 -0.8251953125 -0.181396484375
-0.00629425048828125 0.00844144821166992 -0.473052978515625 0.481536865234375
0.010249137878418 -0.00428199768066406 0.00787353515624998 0.490325927734375
0.0058746337890625 -0.00580644607543945 0.33062744140625 0.16033935546875
0.0098714828491211 -0.00206565856933594 0.328887939453125 -0.140838623046875
0.0159626007080078 -0.0337352752685547 -0.306060791015625 0.1590576171875
0.0323505401611328 -0.0145988464355469 -0.282928466796875 -0.1336669921875
0.00580406188964844 -0.00925445556640625 -0.022064208984375 -0.481353759765625
-0.000934123992919922 0.00741147994995117 0.473388671875 -0.497222900390625
-0.0110282897949219 0.0246334075927734 0.7901611328125 0.17059326171875
-0.00630855560302734 -0.0130186080932617 0.41229248046875 0.83172607421875
0.0232639312744141 -0.000301361083984375 -0.1270751953125 0.69921875
0.0234966278076172 0.00343704223632813 0.0265426635742188 0.0852432250976563
0.0265941619873047 -0.00640678405761719 0.23504638671875 -0.62445068359375
0.0209598541259766 -0.0209026336669922 -0.346435546875 -0.8905029296875
-0.00413870811462402 -0.00243711471557617 -0.82781982421875 -0.16558837890625
-0.00391244888305664 0.00484800338745117 -0.46551513671875 0.489593505859375
0.0141153335571289 -0.00863170623779297 0.0159301757812501 0.49102783203125
0.00654315948486328 -0.00893878936767578 0.33160400390625 0.161712646484375
0.0102701187133789 -0.00294208526611328 0.327423095703125 -0.143463134765625
0.0157852172851563 -0.0363311767578125 -0.310150146484375 0.155517578125
0.0319290161132813 -0.0160770416259766 -0.280685424804688 -0.134353637695312
0.00903224945068359 -0.0152444839477539 -0.01165771484375 -0.481536865234375
0.000213384628295898 0.00380849838256836 0.484405517578125 -0.489013671875
-0.00892829895019531 0.0264511108398438 0.78912353515625 0.1868896484375
-0.00543880462646484 -0.00705051422119141 0.39849853515625 0.83758544921875
0.0220851898193359 0.00642967224121094 -0.13458251953125 0.69281005859375
0.0190010070800781 0.00838088989257813 0.0297012329101563 0.0788955688476563
0.0239448547363281 -3.814697265625E-05 0.22711181640625 -0.63128662109375
0.0225811004638672 -0.0135650634765625 -0.3629150390625 -0.88201904296875
-0.000896155834197998 -1.49011611938479E-06 -0.827880859375 -0.15142822265625
-0.00151145458221436 0.000962615013122559 -0.453399658203125 0.496185302734375
0.0171146392822266 -0.0132474899291992 0.025299072265625 0.491424560546875
0.00679969787597656 -0.0104970932006836 0.33172607421875 0.160491943359375
0.00894832611083984 -0.00566387176513672 0.3243408203125 -0.145599365234375
0.0145530700683594 -0.0404014587402344 -0.31402587890625 0.15106201171875
0.0321311950683594 -0.0160160064697266 -0.28094482421875 -0.136917114257813
0.0129566192626953 -0.0185623168945313 -0.00268554687500001 -0.482513427734375
0.0019989013671875 0.00123512744903564 0.495880126953125 -0.481964111328125
-0.00772857666015625 0.0275726318359375 0.7879638671875 0.201416015625
-0.00424623489379883 -0.00211572647094727 0.3853759765625 0.84600830078125
0.0201225280761719 0.0099945068359375 -0.14251708984375 0.68475341796875
0.0157918930053711 0.00960445404052734 0.0339202880859375 0.0706939697265625
0.0223541259765625 0.00235939025878906 0.21728515625 -0.6390380859375
0.0228862762451172 -0.0103168487548828 -0.37908935546875 -0.8770751953125
0.00192165374755859 0.00218081474304199 -0.82647705078125 -0.13470458984375
-0.00044560432434082 -0.00264430046081543 -0.440704345703125 0.503631591796875
0.0211296081542969 -0.0179939270019531 0.03387451171875 0.490997314453125
0.00541496276855469 -0.0111284255981445 0.329345703125 0.159027099609375
0.00827598571777344 -0.00948905944824219 0.3193359375 -0.148406982421875
0.0101699829101563 -0.047119140625 -0.312591552734375 0.163299560546875
0.024444580078125 -0.004241943359375 -0.2978515625 -0.134796142578125
0.0032503604888916 0.0028986930847168 -0.040283203125 -0.476776123046875
-0.00559425354003906 0.0172262191772461 0.4638671875 -0.504486083984375
-0.0140476226806641 0.0178508758544922 0.79205322265625 0.14404296875
-0.0128860473632813 -0.0424613952636719 0.4239501953125 0.79998779296875
0.0270843505859375 -0.0372390747070313 -0.1107177734375 0.6793212890625
0.0438385009765625 -0.0270652770996094 0.0332183837890625 0.0751571655273438
0.0319290161132813 -0.0427970886230469 0.232421875 -0.63385009765625
0.0144081115722656 -0.0493125915527344 -0.3465576171875 -0.89532470703125
-0.00877094268798828 -0.0103778839111328 -0.82086181640625 -0.1712646484375
-0.00597572326660156 0.0130891799926758 -0.4599609375 0.486724853515625
0.00802516937255859 -0.000371456146240234 0.00961303710937503 0.489837646484375
4.58061695098877E-05 -0.000172674655914307 0.3160400390625 0.151336669921875
0.00335025787353516 -0.0131855010986328 0.317352294921875 -0.14520263671875
0.0112838745117188 -0.040496826171875 -0.303802490234375 0.166290283203125
0.0262489318847656 -0.00696945190429688 -0.293487548828125 -0.13238525390625
0.00248336791992188 0.0044713020324707 -0.042724609375 -0.475250244140625
-0.00612449645996094 0.0175065994262695 0.4564208984375 -0.508697509765625
-0.0150737762451172 0.0177192687988281 0.7889404296875 0.14202880859375
-0.0128669738769531 -0.0403518676757813 0.4320068359375 0.802734375
0.0267925262451172 -0.0334129333496094 -0.1077880859375 0.689208984375
0.042724609375 -0.0233192443847656 0.0296707153320313 0.0821380615234375
0.0322685241699219 -0.0387535095214844 0.237060546875 -0.6282958984375
0.0162925720214844 -0.0475921630859375 -0.3348388671875 -0.90252685546875
-0.0100851058959961 -0.0108232498168945 -0.8197021484375 -0.18377685546875
-0.00770378112792969 0.0144081115722656 -0.4677734375 0.48138427734375
0.00769996643066406 0.00252199172973633 0.00424194335937497 0.487091064453125
0.00153195858001709 -0.00156152248382568 0.318572998046875 0.15106201171875
0.00525188446044922 -0.00791835784912109 0.318267822265625 -0.1431884765625
0.0122604370117188 -0.0371055603027344 -0.30072021484375 0.168304443359375
0.0289859771728516 -0.00889968872070313 -0.2899169921875 -0.130859375
0.00106525421142578 0.00349187850952148 -0.043243408203125 -0.47540283203125
-0.00610065460205078 0.016240119934082 0.451080322265625 -0.507049560546875
-0.0141410827636719 0.0189437866210938 0.78533935546875 0.138427734375
-0.0118865966796875 -0.0356941223144531 0.43310546875 0.80364990234375
0.0266323089599609 -0.0273513793945313 -0.10638427734375 0.693603515625
0.0395431518554687 -0.0176467895507813 0.0265274047851563 0.0877532958984375
0.0319194793701172 -0.0325584411621094 0.24139404296875 -0.62054443359375
0.0172653198242188 -0.0432319641113281 -0.3272705078125 -0.89752197265625
-0.00986385345458984 -0.00959873199462891 -0.818359375 -0.18634033203125
-0.00844001770019531 0.0134038925170898 -0.4718017578125 0.4793701171875
0.00664091110229492 0.00154018402099609 0.00512695312499997 0.487457275390625
0.00231170654296875 -0.00233793258666992 0.32305908203125 0.155242919921875
0.00755739212036133 -0.0054631233215332 0.323944091796875 -0.142181396484375
0.0132808685302734 -0.0336456298828125 -0.299591064453125 0.16766357421875
0.0302257537841797 -0.0107822418212891 -0.286041259765625 -0.129730224609375
0.00194573402404785 -9.5367431640625E-07 -0.039703369140625 -0.47650146484375
-0.00439453125 0.0147037506103516 0.451416015625 -0.508087158203125
-0.0142116546630859 0.0203666687011719 0.7845458984375 0.1422119140625
-0.0101585388183594 -0.0290718078613281 0.43328857421875 0.8096923828125
0.0265274047851562 -0.0180835723876953 -0.10723876953125 0.69647216796875
0.0347938537597656 -0.0108165740966797 0.025390625 0.0899734497070312
0.0302791595458984 -0.0239353179931641 0.2388916015625 -0.61846923828125
0.0185585021972656 -0.0359420776367188 -0.3331298828125 -0.89422607421875
-0.00826644897460938 -0.00761795043945312 -0.820556640625 -0.18414306640625
-0.00761508941650391 0.0115728378295898 -0.4718017578125 0.47821044921875
0.00746059417724609 -0.000659465789794922 0.00634765624999997 0.485565185546875
0.00356864929199219 -0.00444889068603516 0.326629638671875 0.15594482421875
0.00965976715087891 -0.00303554534912109 0.324310302734375 -0.141143798828125
0.0142993927001953 -0.0329647064208984 -0.299652099609375 0.16595458984375
0.0320491790771484 -0.0131416320800781 -0.28289794921875 -0.128936767578125
0.00341367721557617 -0.00475978851318359 -0.03350830078125 -0.4761962890625
-0.00378894805908203 0.0122394561767578 0.4564208984375 -0.4998779296875
-0.0122756958007812 0.0224552154541016 0.78302001953125 0.15386962890625
-0.00789451599121094 -0.0203113555908203 0.42449951171875 0.816162109375
0.0243625640869141 -0.00890922546386719 -0.1160888671875 0.696044921875
0.0283088684082031 -0.00258636474609375 0.0250396728515625 0.0885848999023438
0.0282268524169922 -0.0150413513183594 0.23516845703125 -0.61761474609375
0.0201797485351562 -0.0273551940917969 -0.3367919921875 -0.88970947265625
-0.00661659240722656 -0.00466680526733398 -0.8201904296875 -0.17669677734375
-0.00645732879638672 0.00826883316040039 -0.465423583984375 0.48138427734375
0.0105228424072266 -0.00387382507324219 0.012054443359375 0.486724853515625
0.00487327575683594 -0.00641202926635742 0.3289794921875 0.15673828125
0.0105562210083008 -0.00301074981689453 0.325286865234375 -0.142608642578125
0.0145225524902344 -0.0336666107177734 -0.302032470703125 0.160858154296875
0.031707763671875 -0.0159015655517578 -0.280242919921875 -0.128799438476562
0.00603675842285156 -0.0100231170654297 -0.025726318359375 -0.4781494140625
-0.00248861312866211 0.00828838348388672 0.465118408203125 -0.4967041015625
-0.0107860565185547 0.0244159698486328 0.78656005859375 0.1640625
-0.00521087646484375 -0.0140247344970703 0.41473388671875 0.824951171875
0.0224113464355469 -0.000675201416015625 -0.12060546875 0.69384765625
0.0226497650146484 0.00347137451171875 0.0262374877929688 0.0849761962890625
0.0257015228271484 -0.00658226013183594 0.22918701171875 -0.6217041015625
0.0209522247314453 -0.0205726623535156 -0.34930419921875 -0.88079833984375
-0.00361394882202148 -0.00219154357910156 -0.822509765625 -0.16156005859375
-0.00345373153686523 0.00494718551635742 -0.4588623046875 0.4881591796875
0.0142230987548828 -0.00955104827880859 0.0213623046875 0.48681640625
0.00655937194824219 -0.00931835174560547 0.330230712890625 0.156890869140625
0.00966072082519531 -0.00399875640869141 0.324432373046875 -0.14532470703125
0.0144577026367188 -0.0368728637695313 -0.30615234375 0.1568603515625
0.0318260192871094 -0.0168304443359375 -0.278289794921875 -0.13153076171875
0.00857639312744141 -0.0151433944702148 -0.015106201171875 -0.47906494140625
0.000422239303588867 0.00428581237792969 0.477386474609375 -0.48822021484375
-0.00888633728027344 0.0256290435791016 0.7852783203125 0.18060302734375
-0.00467777252197265 -0.00763893127441406 0.400634765625 0.8314208984375
0.0214214324951172 0.00661849975585938 -0.13006591796875 0.68853759765625
0.0179672241210938 0.00794792175292969 0.0303497314453125 0.0775222778320312
0.0232639312744141 0.000270843505859375 0.22149658203125 -0.626953125
0.0218849182128906 -0.0143089294433594 -0.36627197265625 -0.8739013671875
-0.000523895025253296 7.72774219512939E-05 -0.8221435546875 -0.14508056640625
-0.00131666660308838 0.00118076801300049 -0.445953369140625 0.493682861328125
0.0172119140625 -0.0149936676025391 0.030364990234375 0.488922119140625
0.00632953643798828 -0.0108671188354492 0.330841064453125 0.1571044921875
0.00871372222900391 -0.006011962890625 0.320892333984375 -0.14727783203125
0.0129470825195312 -0.0405311584472656 -0.30999755859375 0.152923583984375
0.0322761535644531 -0.0173873901367188 -0.27838134765625 -0.133316040039062
0.0123081207275391 -0.0188179016113281 -0.00585937499999996 -0.478424072265625
0.00216138362884521 0.00150859355926514 0.489288330078125 -0.48248291015625
-0.00647354125976563 0.0275001525878906 0.78515625 0.19488525390625
-0.00332045555114746 -0.00322747230529785 0.38812255859375 0.8387451171875
0.0195980072021484 0.0101890563964844 -0.13702392578125 0.67950439453125
0.0156097412109375 0.0100574493408203 0.0345993041992188 0.0703353881835938
0.021392822265625 0.00311279296875 0.21319580078125 -0.634765625
0.0214614868164063 -0.0108623504638672 -0.38397216796875 -0.86724853515625
0.00146889686584473 0.00248003005981445 -0.82159423828125 -0.12994384765625
0.000501394271850586 -0.00261926651000977 -0.435577392578125 0.503143310546875
0.0208206176757813 -0.0181617736816406 0.0386962890625 0.488525390625
0.00569057464599609 -0.0118865966796875 0.327911376953125 0.154388427734375
0.00732898712158203 -0.00870800018310547 0.31597900390625 -0.1512451171875
0.00896835327148437 -0.0468025207519531 -0.308135986328125 0.165496826171875
0.0242404937744141 -0.00518798828125 -0.295440673828125 -0.131622314453125
0.004241943359375 0.00337862968444824 -0.04180908203125 -0.473480224609375
-0.00592994689941406 0.0171747207641602 0.456146240234375 -0.505584716796875
-0.0132646560668945 0.0170135498046875 0.7861328125 0.13970947265625
-0.0136985778808594 -0.0425033569335938 0.426025390625 0.79376220703125
0.0259437561035156 -0.0367088317871094 -0.10675048828125 0.6737060546875
0.0431404113769531 -0.0274391174316406 0.0338592529296875 0.07421875
0.0306968688964844 -0.0428657531738281 0.2279052734375 -0.62969970703125
0.0138473510742188 -0.0478897094726563 -0.3480224609375 -0.88861083984375
-0.00836467742919922 -0.0111608505249023 -0.81353759765625 -0.166259765625
-0.00589179992675781 0.0136127471923828 -0.453338623046875 0.485504150390625
0.00859737396240234 0.000317096710205078 0.01312255859375 0.485992431640625
-0.000628173351287842 -0.000674664974212647 0.315216064453125 0.147491455078125
0.00299549102783203 -0.0131082534790039 0.315185546875 -0.146514892578125
0.00922012329101563 -0.0405654907226563 -0.300048828125 0.168304443359375
0.0258274078369141 -0.00782585144042969 -0.2911376953125 -0.12908935546875
0.0019078254699707 0.00436210632324219 -0.044342041015625 -0.47113037109375
-0.00566482543945312 0.0181293487548828 0.45086669921875 -0.507171630859375
-0.0149650573730469 0.0168704986572266 0.784912109375 0.13555908203125
-0.0133285522460937 -0.0414543151855469 0.4334716796875 0.79534912109375
0.0273056030273438 -0.0330219268798828 -0.102783203125 0.68414306640625
0.0418281555175781 -0.0234642028808594 0.0302581787109375 0.081695556640625
0.0318412780761719 -0.0393218994140625 0.23382568359375 -0.62408447265625
0.0150108337402344 -0.0475845336914063 -0.3385009765625 -0.89324951171875
-0.00983047485351563 -0.0118494033813477 -0.81591796875 -0.17938232421875
-0.00746822357177734 0.0130853652954102 -0.4619140625 0.480133056640625
0.00698041915893555 0.00171375274658203 0.00665283203125004 0.48345947265625
0.00143718719482422 -0.00180673599243164 0.3170166015625 0.1470947265625
0.00427389144897461 -0.00809669494628906 0.31658935546875 -0.144500732421875
0.0103645324707031 -0.037445068359375 -0.2972412109375 0.170806884765625
0.0291500091552734 -0.00925827026367188 -0.287872314453125 -0.12677001953125
0.00150775909423828 0.00342249870300293 -0.044586181640625 -0.470306396484375
-0.00609493255615234 0.0173139572143555 0.444091796875 -0.50714111328125
-0.0144252777099609 0.0187625885009766 0.77978515625 0.13287353515625
-0.011871337890625 -0.03704833984375 0.4349365234375 0.79656982421875
0.0259933471679688 -0.0268230438232422 -0.10205078125 0.68731689453125
0.0386886596679687 -0.0172538757324219 0.0277099609375 0.086578369140625
0.0311012268066406 -0.0332679748535156 0.23614501953125 -0.6162109375
0.0167732238769531 -0.0431861877441406 -0.330322265625 -0.89093017578125
-0.00909519195556641 -0.00988101959228516 -0.8138427734375 -0.18115234375
-0.00785160064697266 0.012211799621582 -0.46478271484375 0.478912353515625
0.0055842399597168 0.000722885131835938 0.00662231445312503 0.4830322265625
0.00291776657104492 -0.00263071060180664 0.32073974609375 0.1502685546875
0.00665092468261719 -0.00571489334106445 0.3204345703125 -0.144287109375
0.0122165679931641 -0.0332164764404297 -0.29461669921875 0.16900634765625
0.0296840667724609 -0.012176513671875 -0.284393310546875 -0.12579345703125
0.00308918952941895 0.00102901458740234 -0.042816162109375 -0.47222900390625
-0.00445365905761719 0.0151557922363281 0.444671630859375 -0.506500244140625
-0.0133705139160156 0.0200290679931641 0.7830810546875 0.1383056640625
-0.00997352600097656 -0.0293960571289063 0.433349609375 0.80230712890625
0.02532958984375 -0.0181713104248047 -0.1026611328125 0.69097900390625
0.0338897705078125 -0.0106258392333984 0.0252227783203125 0.0890960693359375
0.0300540924072266 -0.0244789123535156 0.2325439453125 -0.61334228515625
0.0181427001953125 -0.0366859436035156 -0.335205078125 -0.8876953125
-0.00897979736328125 -0.00799655914306641 -0.8182373046875 -0.1783447265625
-0.00726985931396484 0.0115365982055664 -0.465576171875 0.47723388671875
0.00801229476928711 -0.00152969360351563 0.00885009765624997 0.482421875
0.0041351318359375 -0.00474405288696289 0.3233642578125 0.150848388671875
0.00827360153198242 -0.00282573699951172 0.3212890625 -0.143310546875
0.0118694305419922 -0.0338649749755859 -0.29486083984375 0.16656494140625
0.0308094024658203 -0.0144004821777344 -0.281143188476563 -0.1258544921875
0.00434637069702148 -0.00465869903564453 -0.035980224609375 -0.472930908203125
-0.00341320037841797 0.0115118026733398 0.45166015625 -0.500518798828125
-0.0117855072021484 0.0215263366699219 0.77789306640625 0.147705078125
-0.00775909423828125 -0.0210361480712891 0.42474365234375 0.80902099609375
0.0237140655517578 -0.00811386108398438 -0.110595703125 0.6905517578125
0.0283069610595703 -0.00246047973632813 0.02490234375 0.0883102416992187
0.0284805297851562 -0.0152931213378906 0.229736328125 -0.6129150390625
0.0196819305419922 -0.0279712677001953 -0.33837890625 -0.88165283203125
-0.00566577911376953 -0.00554752349853516 -0.8155517578125 -0.1708984375
-0.00556230545043945 0.00836944580078125 -0.45989990234375 0.480316162109375
0.010009765625 -0.00511360168457031 0.01507568359375 0.48260498046875
0.005706787109375 -0.00729465484619141 0.326873779296875 0.153167724609375
0.00912380218505859 -0.00272941589355469 0.32135009765625 -0.145599365234375
0.0131111145019531 -0.0351352691650391 -0.297698974609375 0.16302490234375
0.0304622650146484 -0.0167484283447266 -0.2777099609375 -0.126007080078125
0.00605201721191406 -0.00964069366455078 -0.0274963378906251 -0.475250244140625
-0.00209379196166992 0.00829172134399414 0.459259033203125 -0.4964599609375
-0.00979995727539063 0.0236740112304687 0.78076171875 0.1585693359375
-0.00533676147460938 -0.0140562057495117 0.41534423828125 0.81622314453125
0.0222854614257813 0.000293731689453125 -0.11553955078125 0.6903076171875
0.0224723815917969 0.00404739379882813 0.02777099609375 0.0840225219726563
0.0251235961914063 -0.00734138488769531 0.22357177734375 -0.616455078125
0.0205554962158203 -0.0205001831054688 -0.3509521484375 -0.8748779296875
-0.00308108329772949 -0.00172567367553711 -0.81585693359375 -0.15594482421875
-0.00338888168334961 0.00465631484985352 -0.45159912109375 0.488006591796875
0.0135087966918945 -0.0101413726806641 0.0235595703125 0.483673095703125
0.006622314453125 -0.00939846038818359 0.328277587890625 0.152862548828125
0.0102176666259766 -0.00336933135986328 0.321319580078125 -0.147125244140625
0.0127754211425781 -0.0376205444335938 -0.301361083984375 0.159454345703125
0.0313282012939453 -0.0173702239990234 -0.276702880859375 -0.128250122070313
0.00904560089111328 -0.0146245956420898 -0.017120361328125 -0.47442626953125
-0.000575542449951172 0.00522375106811524 0.47235107421875 -0.489837646484375
-0.0078277587890625 0.0251827239990234 0.78045654296875 0.1748046875
-0.00412273406982422 -0.00832700729370117 0.4024658203125 0.82342529296875
0.0203361511230469 0.00569725036621094 -0.12542724609375 0.68267822265625
0.0179252624511719 0.00907516479492188 0.0307235717773438 0.0771865844726563
0.0233669281005859 -0.00075531005859375 0.21759033203125 -0.6226806640625
0.0217685699462891 -0.0146007537841797 -0.36859130859375 -0.86566162109375
-0.000240236520767212 0.000249281525611877 -0.8179931640625 -0.13970947265625
-0.000940322875976563 0.000436007976531983 -0.440185546875 0.495086669921875
0.0173559188842773 -0.0147294998168945 0.032135009765625 0.483795166015625
0.0069122314453125 -0.0101556777954102 0.328826904296875 0.152435302734375
0.00947856903076172 -0.00646400451660156 0.3172607421875 -0.14984130859375
0.0113182067871094 -0.0412330627441406 -0.30621337890625 0.154022216796875
0.0312786102294922 -0.0184669494628906 -0.2764892578125 -0.130096435546875
0.0125694274902344 -0.0189170837402344 -0.00805664062499995 -0.474639892578125
0.00213539600372314 0.00110006332397461 0.483245849609375 -0.482269287109375
-0.00733566284179688 0.0266361236572266 0.7803955078125 0.189208984375
-0.00249958038330078 -0.00449228286743164 0.38909912109375 0.83087158203125
0.0188655853271484 0.00968551635742188 -0.132080078125 0.67596435546875
0.0152883529663086 0.0095367431640625 0.0348281860351563 0.0689926147460938
0.0209064483642578 0.00227165222167969 0.2073974609375 -0.631103515625
0.0211811065673828 -0.0109615325927734 -0.3836669921875 -0.85870361328125
0.00227141380310059 0.00187540054321289 -0.8170166015625 -0.1234130859375
0.000419855117797852 -0.00241875648498535 -0.42919921875 0.5
0.0204677581787109 -0.0190753936767578 0.041351318359375 0.483428955078125
0.00575447082519531 -0.0109701156616211 0.326385498046875 0.1512451171875
0.00615692138671875 -0.00972366333007812 0.313720703125 -0.152191162109375
0.00711441040039063 -0.0468559265136719 -0.30364990234375 0.16705322265625
0.0241012573242188 -0.00608444213867188 -0.292266845703125 -0.129364013671875
0.00372433662414551 0.00291347503662109 -0.043121337890625 -0.471221923828125
-0.00631618499755859 0.0173063278198242 0.45233154296875 -0.50238037109375
-0.0122270584106445 0.0161161422729492 0.78070068359375 0.137451171875
-0.0127067565917969 -0.043060302734375 0.4256591796875 0.7874755859375
0.0247917175292969 -0.03668212890625 -0.10125732421875 0.668701171875
0.0419387817382813 -0.0267333984375 0.0345993041992188 0.0735855102539063
0.029052734375 -0.0426101684570313 0.22430419921875 -0.6258544921875
0.0132827758789062 -0.0493583679199219 -0.34796142578125 -0.88134765625
-0.00840950012207031 -0.0102167129516602 -0.80999755859375 -0.16351318359375
-0.00596332550048828 0.0125732421875 -0.4486083984375 0.482391357421875
0.00860023498535156 -0.000745773315429688 0.0137939453125 0.480865478515625
-0.000382691621780396 -0.000152945518493652 0.31207275390625 0.1441650390625
0.00257205963134765 -0.0133113861083984 0.311248779296875 -0.147308349609375
0.00696563720703125 -0.0405540466308594 -0.296051025390625 0.169677734375
0.0260105133056641 -0.00845718383789062 -0.28778076171875 -0.126617431640625
0.00233578681945801 0.00429773330688477 -0.046905517578125 -0.468658447265625
-0.00555706024169922 0.0173559188842773 0.444000244140625 -0.504364013671875
-0.0141916275024414 0.0161371231079102 0.77825927734375 0.13336181640625
-0.0130348205566406 -0.0405311584472656 0.43408203125 0.7894287109375
0.0258255004882813 -0.0326995849609375 -0.099853515625 0.67962646484375
0.0409698486328125 -0.0231056213378906 0.0300674438476563 0.081024169921875
0.0304412841796875 -0.0388946533203125 0.22979736328125 -0.6182861328125
0.01483154296875 -0.0471687316894531 -0.33807373046875 -0.88519287109375
-0.00994873046875 -0.0107574462890625 -0.80975341796875 -0.17742919921875
-0.00651264190673828 0.0132598876953125 -0.456756591796875 0.477752685546875
0.00665521621704102 0.00139284133911133 0.00823974609374996 0.47900390625
0.00118660926818848 -0.00138890743255615 0.314971923828125 0.144622802734375
0.00397872924804688 -0.00843477249145508 0.31207275390625 -0.14508056640625
0.00902557373046875 -0.0365943908691406 -0.29315185546875 0.171173095703125
0.0281925201416016 -0.00980949401855469 -0.284820556640625 -0.124298095703125
0.00245141983032227 0.00441408157348633 -0.046630859375 -0.46844482421875
-0.0062713623046875 0.0177364349365234 0.439178466796875 -0.504425048828125
-0.0131778717041016 0.0177593231201172 0.775634765625 0.1309814453125
-0.011199951171875 -0.0368080139160156 0.434326171875 0.78985595703125
0.024566650390625 -0.0268993377685547 -0.0982666015625001 0.683837890625
0.0376205444335938 -0.0169830322265625 0.027862548828125 0.0853500366210937
0.0305061340332031 -0.0323009490966797 0.23248291015625 -0.61102294921875
0.0157051086425781 -0.0433769226074219 -0.3302001953125 -0.88201904296875
-0.00977039337158203 -0.00946044921875 -0.80902099609375 -0.17779541015625
-0.00768661499023438 0.0130510330200195 -0.45953369140625 0.475921630859375
0.0057835578918457 0.000205039978027344 0.00817871093749995 0.479339599609375
0.00253534317016602 -0.00313067436218262 0.319122314453125 0.147796630859375
0.00561761856079101 -0.00572013854980469 0.31719970703125 -0.145050048828125
0.0101490020751953 -0.0332069396972656 -0.291259765625 0.170440673828125
0.0298290252685547 -0.0124950408935547 -0.280746459960937 -0.123519897460938
0.00274968147277832 0.000838279724121094 -0.04449462890625 -0.468597412109375
-0.00547695159912109 0.0156993865966797 0.43988037109375 -0.505584716796875
-0.0131340026855469 0.0194320678710937 0.77587890625 0.13397216796875
-0.00992584228515625 -0.0295562744140625 0.4332275390625 0.79534912109375
0.0253429412841797 -0.0182723999023438 -0.10009765625 0.686279296875
0.0331764221191406 -0.0100727081298828 0.0257568359375 0.0887069702148438
0.02947998046875 -0.0245304107666016 0.22998046875 -0.60955810546875
0.0170745849609375 -0.0361518859863281 -0.3349609375 -0.87884521484375
-0.0082087516784668 -0.0074930191040039 -0.81005859375 -0.175537109375
-0.00740814208984375 0.0106992721557617 -0.460357666015625 0.475860595703125
0.00779962539672852 -0.00215768814086914 0.01153564453125 0.479644775390625
0.00403833389282226 -0.00545310974121094 0.32086181640625 0.1468505859375
0.00841283798217773 -0.00303745269775391 0.318634033203125 -0.144287109375
0.0104465484619141 -0.0330181121826172 -0.291259765625 0.167816162109375
0.0304660797119141 -0.0152397155761719 -0.277725219726563 -0.12274169921875
0.00370049476623535 -0.00374937057495117 -0.036834716796875 -0.46923828125
-0.00427913665771484 0.0126142501831055 0.445098876953125 -0.49945068359375
-0.0112018585205078 0.0217151641845703 0.772705078125 0.14447021484375
-0.00703620910644531 -0.0220470428466797 0.423828125 0.80218505859375
0.0235500335693359 -0.00823783874511719 -0.1075439453125 0.68658447265625
0.0270862579345703 -0.0024261474609375 0.0254898071289062 0.0871124267578125
0.0265483856201172 -0.014678955078125 0.22723388671875 -0.6094970703125
0.0184345245361328 -0.0278835296630859 -0.33660888671875 -0.87249755859375
-0.00600337982177734 -0.00461483001708984 -0.80926513671875 -0.16876220703125
-0.00564002990722656 0.00856971740722656 -0.45465087890625 0.477691650390625
0.0100030899047852 -0.00600147247314453 0.015869140625 0.477813720703125
0.00575494766235352 -0.00684928894042969 0.3236083984375 0.14886474609375
0.00854110717773437 -0.0026402473449707 0.318878173828125 -0.144256591796875
0.0112934112548828 -0.0340213775634766 -0.294342041015625 0.164306640625
0.0307846069335937 -0.0170612335205078 -0.275161743164063 -0.123123168945313
0.00612068176269531 -0.00905895233154297 -0.029754638671875 -0.469757080078125
-0.00237655639648438 0.00920200347900391 0.454193115234375 -0.495025634765625
-0.009185791015625 0.0226249694824219 0.77471923828125 0.1553955078125
-0.00499820709228516 -0.0148687362670898 0.41656494140625 0.8109130859375
0.0212020874023438 -0.000286102294921875 -0.11346435546875 0.685302734375
0.0215950012207031 0.00421524047851563 0.0282745361328125 0.0835189819335937
0.0245685577392578 -0.00663185119628906 0.2203369140625 -0.61273193359375
0.0209217071533203 -0.0206890106201172 -0.35107421875 -0.86724853515625
-0.00289654731750488 -0.00231051445007324 -0.81097412109375 -0.1513671875
-0.00370597839355469 0.00445127487182617 -0.44696044921875 0.484893798828125
0.0132122039794922 -0.0102949142456055 0.0252685546875 0.48028564453125
0.00531673431396484 -0.00941944122314453 0.325958251953125 0.149871826171875
0.00959873199462891 -0.00427627563476563 0.31707763671875 -0.146636962890625
0.0112075805664062 -0.0362358093261719 -0.29736328125 0.15972900390625
0.0315265655517578 -0.0186748504638672 -0.274322509765625 -0.126266479492188
0.00908279418945313 -0.0144863128662109 -0.0198974609375 -0.472076416015625
-0.000452756881713867 0.00426268577575684 0.467864990234375 -0.488006591796875
-0.00710296630859375 0.0248737335205078 0.77508544921875 0.1707763671875
-0.00404644012451172 -0.0084071159362793 0.40167236328125 0.81634521484375
0.0199909210205078 0.006195068359375 -0.121337890625 0.67974853515625
0.0168972015380859 0.00850772857666016 0.0308837890625 0.0763473510742188
0.0224857330322266 -0.000743865966796875 0.2125244140625 -0.61798095703125
0.0213775634765625 -0.0145778656005859 -0.36798095703125 -0.8592529296875
-3.66568565368653E-06 8.47429037094116E-05 -0.81158447265625 -0.13702392578125
-0.00106078386306763 0.000856578350067138 -0.434356689453125 0.492584228515625
0.0169286727905273 -0.015528678894043 0.033538818359375 0.48016357421875
0.00669574737548828 -0.010218620300293 0.32568359375 0.149169921875
0.00789976119995117 -0.00714111328125 0.314605712890625 -0.150604248046875
0.00993728637695312 -0.0409584045410156 -0.3016357421875 0.154937744140625
0.0307254791259766 -0.0185127258300781 -0.274612426757812 -0.127410888671875
0.0118293762207031 -0.0190830230712891 -0.01239013671875 -0.469635009765625
0.00193238258361816 0.0013662576675415 0.47796630859375 -0.481536865234375
-0.00629425048828125 0.0266990661621094 0.77581787109375 0.18572998046875
-0.00251293182373047 -0.00468969345092774 0.388427734375 0.82537841796875
0.0176467895507813 0.00968360900878906 -0.1268310546875 0.67230224609375
0.0142478942871094 0.0103569030761719 0.0349960327148437 0.0687942504882812
0.0204734802246094 0.00167465209960937 0.20404052734375 -0.625244140625
0.0218601226806641 -0.0115489959716797 -0.38531494140625 -0.8525390625
0.00194597244262695 0.00123047828674316 -0.81085205078125 -0.12060546875
0.000540494918823242 -0.00239419937133789 -0.42266845703125 0.498046875
0.0197181701660156 -0.0190067291259766 0.0439453125 0.480224609375
0.00563526153564453 -0.011688232421875 0.3243408203125 0.1461181640625
0.00631237030029297 -0.00953578948974609 0.3099365234375 -0.153228759765625
0.00599288940429687 -0.0468788146972656 -0.3004150390625 0.166961669921875
0.0237884521484375 -0.00722312927246094 -0.289215087890625 -0.12725830078125
0.0041511058807373 0.00274991989135742 -0.04302978515625 -0.4656982421875
-0.00638389587402344 0.0174283981323242 0.4456787109375 -0.50128173828125
-0.0122308731079102 0.0152511596679687 0.77838134765625 0.1357421875
-0.0126457214355469 -0.0439872741699219 0.4222412109375 0.78216552734375
0.0240287780761719 -0.0357322692871094 -0.1004638671875 0.6641845703125
0.0406036376953125 -0.0269699096679688 0.0343856811523438 0.073272705078125
0.0290489196777344 -0.0425682067871094 0.221923828125 -0.61895751953125
0.0134963989257813 -0.0486717224121094 -0.34661865234375 -0.8712158203125
-0.00828266143798828 -0.0110349655151367 -0.80352783203125 -0.1617431640625
-0.00527667999267578 0.0122718811035156 -0.444122314453125 0.4798583984375
0.00726604461669922 -0.00110101699829102 0.015411376953125 0.47784423828125
0.00032961368560791 -0.000411421060562134 0.310028076171875 0.14093017578125
0.00216102600097656 -0.0129823684692383 0.3095703125 -0.147308349609375
0.00611114501953125 -0.0400199890136719 -0.291778564453125 0.1690673828125
0.0256137847900391 -0.00900650024414062 -0.28594970703125 -0.124847412109375
0.00279474258422852 0.00528621673583984 -0.0457763671875 -0.465911865234375
-0.00589370727539063 0.0176219940185547 0.439300537109375 -0.50347900390625
-0.0135126113891602 0.0155954360961914 0.7742919921875 0.13092041015625
-0.0125961303710938 -0.0415687561035156 0.43096923828125 0.78472900390625
0.0249862670898437 -0.0321369171142578 -0.09832763671875 0.67449951171875
0.0405235290527344 -0.0220718383789062 0.0304489135742188 0.08062744140625
0.0295372009277344 -0.0390663146972656 0.22576904296875 -0.61419677734375
0.015045166015625 -0.0469741821289063 -0.3359375 -0.88116455078125
-0.00966167449951172 -0.00982666015625 -0.80511474609375 -0.17437744140625
-0.00671768188476562 0.0135869979858398 -0.45196533203125 0.474884033203125
0.00675058364868164 0.00106000900268555 0.010955810546875 0.475067138671875
0.00126612186431885 -0.00150620937347412 0.312835693359375 0.1417236328125
0.00407838821411133 -0.0080413818359375 0.310028076171875 -0.14520263671875
0.00761795043945312 -0.0369720458984375 -0.290283203125 0.171234130859375
0.0268878936767578 -0.0105094909667969 -0.281951904296875 -0.12261962890625
0.002532958984375 0.00357437133789062 -0.046173095703125 -0.46478271484375
-0.00642776489257812 0.0174417495727539 0.436187744140625 -0.501678466796875
-0.0136518478393555 0.0171575546264648 0.77105712890625 0.12982177734375
-0.0113525390625 -0.0367927551269531 0.430908203125 0.78607177734375
0.0245361328125 -0.0266475677490234 -0.09796142578125 0.6788330078125
0.0367889404296875 -0.0169601440429688 0.0274887084960938 0.0853500366210938
0.0295219421386719 -0.0330257415771484 0.23040771484375 -0.606201171875
0.0158157348632813 -0.0434341430664062 -0.32855224609375 -0.8751220703125
-0.00938987731933594 -0.00964927673339844 -0.80462646484375 -0.17596435546875
-0.00746345520019532 0.0127344131469727 -0.456939697265625 0.473480224609375
0.00574493408203125 -0.000516891479492187 0.00991821289062504 0.4755859375
0.00275993347167969 -0.00341057777404785 0.31689453125 0.144317626953125
0.00570011138916016 -0.00609159469604492 0.314544677734375 -0.1448974609375
0.00896072387695313 -0.0332374572753906 -0.287353515625 0.169952392578125
0.0291576385498047 -0.013671875 -0.277328491210938 -0.120849609375
0.00286674499511719 0.00104093551635742 -0.0440673828125 -0.46563720703125
-0.00549888610839844 0.0149879455566406 0.4356689453125 -0.501800537109375
-0.0125198364257813 0.0187053680419922 0.7708740234375 0.13238525390625
-0.009002685546875 -0.0304069519042969 0.43212890625 0.791015625
0.0237464904785156 -0.0179824829101563 -0.0974731445312501 0.68212890625
0.0327243804931641 -0.00978279113769531 0.0266342163085938 0.0876617431640625
0.0283527374267578 -0.0243949890136719 0.22808837890625 -0.60565185546875
0.0177192687988281 -0.0360946655273438 -0.3326416015625 -0.875
-0.00823450088500977 -0.00740575790405273 -0.806396484375 -0.17388916015625
-0.00678539276123047 0.0108842849731445 -0.455718994140625 0.473297119140625
0.00744533538818359 -0.00276374816894531 0.011871337890625 0.475311279296875
0.00312328338623047 -0.00584793090820313 0.319580078125 0.144378662109375
0.00774097442626953 -0.00317573547363281 0.315338134765625 -0.144439697265625
0.00946617126464843 -0.0334148406982422 -0.287689208984375 0.16790771484375
0.0301036834716797 -0.0160026550292969 -0.274642944335938 -0.121856689453125
0.00362896919250488 -0.00340008735656738 -0.03765869140625 -0.463897705078125
-0.00417518615722656 0.0132427215576172 0.441619873046875 -0.497100830078125
-0.0108966827392578 0.0207481384277344 0.76812744140625 0.1422119140625
-0.00688362121582031 -0.022918701171875 0.42242431640625 0.79766845703125
0.0219097137451172 -0.00827789306640625 -0.1065673828125 0.68145751953125
0.0262851715087891 -0.00157546997070313 0.0257339477539063 0.0864334106445313
0.0259284973144531 -0.0151348114013672 0.22430419921875 -0.60400390625
0.0185794830322266 -0.0281524658203125 -0.33746337890625 -0.86724853515625
-0.00543642044067383 -0.00503253936767578 -0.80572509765625 -0.165771484375
-0.00577592849731445 0.00794744491577148 -0.450714111328125 0.475311279296875
0.00990390777587891 -0.00559616088867188 0.0177001953125 0.47418212890625
0.00520420074462891 -0.00667428970336914 0.32232666015625 0.14532470703125
0.00880527496337891 -0.00323867797851563 0.31561279296875 -0.1448974609375
0.0103759765625 -0.0336284637451172 -0.290771484375 0.1641845703125
0.0308074951171875 -0.0178451538085938 -0.272476196289063 -0.122299194335938
0.00632762908935547 -0.00868511199951172 -0.02972412109375 -0.467132568359375
-0.00331592559814453 0.0088186264038086 0.4501953125 -0.493408203125
-0.00871086120605469 0.0225734710693359 0.7713623046875 0.15374755859375
-0.00477313995361328 -0.0149354934692383 0.41339111328125 0.80572509765625
0.0206127166748047 -9.72747802734375E-05 -0.11090087890625 0.68060302734375
0.0207347869873047 0.00503349304199219 0.0285720825195313 0.0823974609375
0.0236968994140625 -0.006805419921875 0.21826171875 -0.6072998046875
0.0195426940917969 -0.0204524993896484 -0.35137939453125 -0.8604736328125
-0.00272989273071289 -0.00214958190917969 -0.80584716796875 -0.15179443359375
-0.00303220748901367 0.00423026084899902 -0.44317626953125 0.481536865234375
0.0135974884033203 -0.010991096496582 0.0263671875 0.47552490234375
0.00539302825927734 -0.00946140289306641 0.323272705078125 0.14569091796875
0.00915241241455078 -0.00462532043457031 0.314910888671875 -0.147430419921875
0.00955581665039063 -0.0372848510742188 -0.294647216796875 0.16046142578125
0.0304069519042969 -0.0187950134277344 -0.271530151367188 -0.123489379882813
0.00859546661376953 -0.0138387680053711 -0.0201416015625 -0.47003173828125
-0.000627994537353515 0.00546026229858398 0.4615478515625 -0.487457275390625
-0.00705718994140625 0.0236492156982422 0.76922607421875 0.16766357421875
-0.00351524353027344 -0.00927257537841797 0.39959716796875 0.81182861328125
0.0192470550537109 0.00622749328613281 -0.11932373046875 0.67315673828125
0.0168466567993164 0.00853538513183594 0.0312271118164062 0.0757598876953125
0.02142333984375 -0.000978469848632813 0.21063232421875 -0.6136474609375
0.0207672119140625 -0.0151157379150391 -0.36614990234375 -0.85260009765625
-0.000109151005744934 0.000147923827171326 -0.806884765625 -0.13543701171875
-0.000539183616638184 0.000443190336227417 -0.42999267578125 0.488861083984375
0.017176628112793 -0.0154151916503906 0.0343017578125 0.4761962890625
0.00631904602050781 -0.0109691619873047 0.324005126953125 0.1466064453125
0.00812292098999023 -0.00688314437866211 0.3116455078125 -0.149810791015625
0.00836944580078125 -0.0405349731445313 -0.299560546875 0.1552734375
0.0304832458496094 -0.0196571350097656 -0.271286010742187 -0.12677001953125
0.0113430023193359 -0.0184555053710938 -0.01165771484375 -0.467071533203125
0.00166237354278564 0.00215041637420654 0.47344970703125 -0.47796630859375
-0.00558090209960937 0.0252780914306641 0.76922607421875 0.182861328125
-0.00323724746704101 -0.00516414642333984 0.386474609375 0.81976318359375
0.0167913436889648 0.00973033905029297 -0.12579345703125 0.666259765625
0.0139074325561523 0.0103940963745117 0.0352516174316406 0.0682449340820313
0.0198459625244141 0.00231552124023438 0.20196533203125 -0.62152099609375
0.0213336944580078 -0.0116024017333984 -0.3826904296875 -0.84698486328125
0.0024726390838623 0.00169467926025391 -0.80572509765625 -0.12042236328125
0.000113725662231446 -0.00313735008239746 -0.4185791015625 0.495635986328125
0.0196361541748047 -0.01953125 0.0430908203125 0.4765625
0.00561141967773438 -0.0111255645751953 0.321441650390625 0.1444091796875
0.00621509552001953 -0.0100116729736328 0.307403564453125 -0.15289306640625
0.00388336181640625 -0.0465164184570313 -0.298187255859375 0.167266845703125
0.0231266021728516 -0.00765609741210938 -0.28662109375 -0.12554931640625
0.00407910346984863 0.00302505493164063 -0.04443359375 -0.4638671875
-0.00614547729492188 0.01806640625 0.44232177734375 -0.499603271484375
-0.0121707916259766 0.0149717330932617 0.773681640625 0.1334228515625
-0.0121231079101563 -0.0443344116210938 0.4219970703125 0.780517578125
0.02386474609375 -0.0359992980957031 -0.0992431640625 0.6588134765625
0.0399246215820313 -0.0256881713867188 0.0337295532226563 0.0727081298828125
0.028289794921875 -0.0420722961425781 0.2200927734375 -0.61663818359375
0.0126571655273438 -0.0480575561523438 -0.34503173828125 -0.86956787109375
-0.00833797454833984 -0.0106897354125977 -0.79937744140625 -0.1612548828125
-0.00582981109619141 0.011591911315918 -0.439605712890625 0.4771728515625
0.0079960823059082 -0.00149202346801758 0.0148620605468751 0.474761962890625
-0.00034293532371521 -5.66244125366211E-05 0.308746337890625 0.139434814453125
0.00120830535888672 -0.0132951736450195 0.30694580078125 -0.1474609375
0.00465011596679687 -0.0398025512695313 -0.29010009765625 0.169769287109375
0.0250358581542969 -0.00996017456054688 -0.283111572265625 -0.122772216796875
0.00304365158081055 0.00512170791625977 -0.048065185546875 -0.463226318359375
-0.00644302368164062 0.017913818359375 0.436920166015625 -0.501556396484375
-0.0133428573608398 0.0148229598999023 0.77203369140625 0.1292724609375
-0.0123023986816406 -0.0420188903808594 0.42938232421875 0.78125
0.0239582061767578 -0.0321445465087891 -0.0963134765625 0.67108154296875
0.0402870178222656 -0.0219650268554688 0.030303955078125 0.07916259765625
0.0292320251464844 -0.0386466979980469 0.2247314453125 -0.6102294921875
0.0143585205078125 -0.0470848083496094 -0.33642578125 -0.87542724609375
-0.00933074951171875 -0.0101346969604492 -0.80120849609375 -0.17413330078125
-0.00641632080078125 0.0124778747558594 -0.450103759765625 0.472930908203125
0.00623559951782227 0.000375270843505859 0.010467529296875 0.472198486328125
0.000845909118652344 -0.00247502326965332 0.3109130859375 0.13922119140625
0.00342607498168945 -0.008270263671875 0.30743408203125 -0.146575927734375
0.0067596435546875 -0.0369682312011719 -0.2872314453125 0.171966552734375
0.0273494720458984 -0.01153564453125 -0.279571533203125 -0.121322631835938
0.00287151336669922 0.0042271614074707 -0.0467529296875 -0.462799072265625
-0.00588607788085937 0.0182838439941406 0.432037353515625 -0.5023193359375
-0.0126428604125977 0.0168247222900391 0.76641845703125 0.12628173828125
-0.011138916015625 -0.037322998046875 0.4288330078125 0.78131103515625
0.0229949951171875 -0.02606201171875 -0.096923828125 0.6751708984375
0.0364913940429688 -0.0164833068847656 0.02728271484375 0.0844802856445312
0.0291576385498047 -0.032257080078125 0.2274169921875 -0.60382080078125
0.0154647827148438 -0.0428085327148437 -0.32672119140625 -0.87127685546875
-0.00908565521240234 -0.0098733901977539 -0.7982177734375 -0.17449951171875
-0.00820636749267578 0.0121583938598633 -0.4527587890625 0.470733642578125
0.00576353073120117 -0.000298976898193359 0.00991821289062504 0.4732666015625
0.00236797332763672 -0.00316119194030762 0.31439208984375 0.1434326171875
0.00544118881225586 -0.00565385818481445 0.31201171875 -0.145599365234375
0.00763130187988281 -0.0336151123046875 -0.285064697265625 0.17083740234375
0.0282955169677734 -0.0142192840576172 -0.275360107421875 -0.120330810546875
0.00362825393676758 0.00154304504394531 -0.045135498046875 -0.462738037109375
-0.00535011291503906 0.0155210494995117 0.433013916015625 -0.50177001953125
-0.0119171142578125 0.0178108215332031 0.76715087890625 0.13165283203125
-0.00911712646484375 -0.0304164886474609 0.43157958984375 0.78759765625
0.0233230590820312 -0.0181636810302734 -0.09625244140625 0.67779541015625
0.0318527221679688 -0.00973892211914063 0.0270233154296875 0.0860671997070312
0.0276851654052734 -0.0247344970703125 0.22747802734375 -0.6007080078125
0.0169830322265625 -0.0357208251953125 -0.33123779296875 -0.86883544921875
-0.00807332992553711 -0.00705146789550781 -0.801513671875 -0.173095703125
-0.0071859359741211 0.0105504989624023 -0.45361328125 0.47137451171875
0.00685930252075195 -0.00378179550170898 0.01324462890625 0.471038818359375
0.00388145446777344 -0.0051422119140625 0.31744384765625 0.142730712890625
0.00744438171386719 -0.00338935852050781 0.313323974609375 -0.144500732421875
0.00855636596679688 -0.0325584411621094 -0.2855224609375 0.1685791015625
0.0297355651855469 -0.0168552398681641 -0.272918701171875 -0.118759155273438
0.00405669212341309 -0.00289297103881836 -0.038238525390625 -0.46270751953125
-0.00474929809570313 0.0125713348388672 0.43804931640625 -0.495330810546875
-0.0105762481689453 0.0200309753417969 0.76312255859375 0.14215087890625
-0.00726127624511719 -0.0229358673095703 0.4207763671875 0.79400634765625
0.0217494964599609 -0.00900077819824219 -0.10333251953125 0.6785888671875
0.02618408203125 -0.00137519836425781 0.026519775390625 0.0859603881835938
0.0251426696777344 -0.0147552490234375 0.22369384765625 -0.60101318359375
0.01861572265625 -0.0284004211425781 -0.33416748046875 -0.86163330078125
-0.00599813461303711 -0.0049281120300293 -0.79931640625 -0.16290283203125
-0.00558328628540039 0.00795745849609375 -0.447174072265625 0.471923828125
0.00950145721435547 -0.00702095031738281 0.0186767578125 0.470794677734375
0.00499629974365234 -0.00736331939697266 0.320831298828125 0.143280029296875
0.00875329971313477 -0.00276994705200195 0.313232421875 -0.144989013671875
0.00851249694824219 -0.0339679718017578 -0.2880859375 0.165252685546875
0.0309295654296875 -0.0186901092529297 -0.2701416015625 -0.121002197265625
0.00656223297119141 -0.00948047637939453 -0.031097412109375 -0.4652099609375
-0.00315570831298828 0.00958633422851563 0.446502685546875 -0.493255615234375
-0.00829315185546875 0.0216045379638672 0.76593017578125 0.150634765625
-0.00496196746826172 -0.0156612396240234 0.41229248046875 0.80126953125
0.0206031799316406 -0.000555038452148438 -0.11004638671875 0.67572021484375
0.0203571319580078 0.00487518310546875 0.028411865234375 0.0816497802734375
0.0229816436767578 -0.00678825378417969 0.2178955078125 -0.60302734375
0.02001953125 -0.0210094451904297 -0.34967041015625 -0.85565185546875
-0.00316143035888672 -0.00224018096923828 -0.80169677734375 -0.14996337890625
-0.00335907936096191 0.00411295890808105 -0.44012451171875 0.48028564453125
0.013117790222168 -0.0115165710449219 0.0264892578125 0.4727783203125
0.00565242767333984 -0.00993728637695313 0.321136474609375 0.145172119140625
0.00867271423339844 -0.00446748733520508 0.31329345703125 -0.147674560546875
0.0084686279296875 -0.0369300842285156 -0.292510986328125 0.160675048828125
0.0306987762451172 -0.0201339721679688 -0.268341064453125 -0.12261962890625
0.00922203063964844 -0.0138883590698242 -0.02008056640625 -0.46624755859375
-0.000825881958007813 0.00518703460693359 0.45709228515625 -0.484710693359375
-0.00739097595214844 0.0235061645507813 0.767578125 0.16583251953125
-0.00322628021240234 -0.00960540771484375 0.39971923828125 0.80859375
0.0178680419921875 0.00653266906738281 -0.11639404296875 0.67138671875
0.0154657363891602 0.00904560089111328 0.0315704345703125 0.0751953125
0.0211200714111328 -0.000652313232421875 0.21038818359375 -0.61004638671875
0.0212440490722656 -0.0149936676025391 -0.3643798828125 -0.84893798828125
0.00101244449615479 -0.000137388706207275 -0.80242919921875 -0.13494873046875
-0.00107282400131226 0.000753164291381836 -0.42681884765625 0.486419677734375
0.0165004730224609 -0.0159521102905273 0.03643798828125 0.4735107421875
0.0064849853515625 -0.0106439590454102 0.32135009765625 0.144866943359375
0.00783586502075195 -0.006866455078125 0.309600830078125 -0.14990234375
0.00699615478515625 -0.0403404235839844 -0.2962646484375 0.156280517578125
0.0296821594238281 -0.0203151702880859 -0.268966674804688 -0.12506103515625
0.011749267578125 -0.0182228088378906 -0.0135498046875 -0.4658203125
0.000687599182128906 0.00261378288269043 0.470367431640625 -0.47796630859375
-0.0052642822265625 0.0251827239990234 0.76593017578125 0.180908203125
-0.00253486633300781 -0.00559711456298828 0.38629150390625 0.8173828125
0.0171995162963867 0.00931358337402344 -0.123779296875 0.66351318359375
0.0124492645263672 0.010737419128418 0.0352706909179688 0.0668830871582031
0.0187301635742187 0.00228691101074219 0.201416015625 -0.61737060546875
0.0211410522460938 -0.0115528106689453 -0.3809814453125 -0.8414306640625
0.00242495536804199 0.00142288208007813 -0.80078125 -0.11962890625
0.000593900680541992 -0.00231027603149414 -0.41571044921875 0.493682861328125
0.0197849273681641 -0.0196151733398438 0.043121337890625 0.473358154296875
0.00506591796875 -0.0113372802734375 0.31988525390625 0.14202880859375
0.00596427917480469 -0.0104589462280273 0.30560302734375 -0.153717041015625
0.00284194946289063 -0.0460624694824219 -0.295562744140625 0.167144775390625
0.0226936340332031 -0.00847434997558594 -0.284637451171875 -0.125213623046875
0.00416874885559082 0.00335526466369629 -0.044097900390625 -0.463134765625
-0.0065460205078125 0.018402099609375 0.441497802734375 -0.497894287109375
-0.0119657516479492 0.0142059326171875 0.76898193359375 0.13189697265625
-0.0126495361328125 -0.0448951721191406 0.41961669921875 0.77783203125
0.0224437713623047 -0.0351333618164063 -0.0999755859375 0.6572265625
0.0391845703125 -0.0250205993652344 0.0336151123046875 0.0719833374023438
0.0270805358886719 -0.0418205261230469 0.21966552734375 -0.61212158203125
0.0124397277832031 -0.04888916015625 -0.34423828125 -0.8662109375
-0.00774478912353516 -0.0109786987304688 -0.796630859375 -0.1610107421875
-0.00559902191162109 0.0117473602294922 -0.43896484375 0.474761962890625
0.00750112533569336 -0.0019526481628418 0.01654052734375 0.471771240234375
-0.000232338905334473 -0.000924766063690186 0.30584716796875 0.138397216796875
0.00176429748535156 -0.0128717422485352 0.305633544921875 -0.146636962890625
0.00336074829101562 -0.0400619506835938 -0.28778076171875 0.169342041015625
0.024749755859375 -0.0107517242431641 -0.281524658203125 -0.121856689453125
0.00281238555908203 0.00558757781982422 -0.04638671875 -0.46063232421875
-0.00629043579101562 0.0183181762695313 0.434967041015625 -0.49896240234375
-0.0132417678833008 0.0145759582519531 0.767822265625 0.12908935546875
-0.01177978515625 -0.0425338745117188 0.42889404296875 0.7796630859375
0.0237445831298828 -0.0320339202880859 -0.09552001953125 0.6668701171875
0.0386924743652344 -0.0219345092773438 0.031280517578125 0.079193115234375
0.0287322998046875 -0.0382575988769531 0.22528076171875 -0.60687255859375
0.0136985778808594 -0.0468368530273437 -0.3336181640625 -0.87164306640625
-0.00886344909667969 -0.0104780197143555 -0.7979736328125 -0.1741943359375
-0.00632190704345703 0.0124006271362305 -0.447296142578125 0.47015380859375
0.00545215606689453 0.000444412231445313 0.01104736328125 0.470245361328125
0.000933408737182617 -0.00245285034179688 0.307464599609375 0.138519287109375
0.00308513641357422 -0.00834560394287109 0.30670166015625 -0.14501953125
0.00516510009765625 -0.0365982055664063 -0.285400390625 0.1708984375
0.0269412994384766 -0.0118370056152344 -0.277313232421875 -0.119735717773437
0.00200057029724121 0.00390005111694336 -0.046875 -0.4610595703125
-0.006500244140625 0.0176429748535156 0.429931640625 -0.49932861328125
-0.0128669738769531 0.0161294937133789 0.76470947265625 0.1280517578125
-0.0102348327636719 -0.0378036499023437 0.427001953125 0.779541015625
0.0230655670166016 -0.0259513854980469 -0.09503173828125 0.67254638671875
0.0352058410644531 -0.015533447265625 0.0273818969726563 0.0838623046875
0.0287590026855469 -0.0325660705566406 0.2288818359375 -0.60003662109375
0.0156936645507813 -0.0423812866210938 -0.32635498046875 -0.86846923828125
-0.00970554351806641 -0.00969028472900391 -0.79595947265625 -0.17608642578125
-0.00784778594970703 0.0125894546508789 -0.451568603515625 0.466644287109375
0.0049290657043457 -0.00114154815673828 0.0106201171875 0.47088623046875
0.00271129608154297 -0.00359463691711426 0.3126220703125 0.140777587890625
0.00476598739624023 -0.00598478317260742 0.3114013671875 -0.145050048828125
0.0064697265625 -0.0337028503417969 -0.282135009765625 0.170654296875
0.0282917022705078 -0.0148296356201172 -0.274246215820313 -0.118850708007813
0.00379419326782227 0.00126218795776367 -0.045135498046875 -0.46142578125
-0.00605583190917969 0.0156259536743164 0.430419921875 -0.499664306640625
-0.0112638473510742 0.0174798965454102 0.76397705078125 0.13067626953125
-0.00834274291992187 -0.0315437316894531 0.4293212890625 0.785888671875
0.0230312347412109 -0.0174407958984375 -0.09619140625 0.67559814453125
0.0312271118164062 -0.00872230529785156 0.0261306762695312 0.085968017578125
0.0275707244873047 -0.0244121551513672 0.2261962890625 -0.59765625
0.0165634155273437 -0.0357894897460938 -0.3284912109375 -0.86541748046875
-0.00752162933349609 -0.00764656066894531 -0.7991943359375 -0.1737060546875
-0.00656986236572265 0.00994777679443359 -0.45220947265625 0.46856689453125
0.00741004943847656 -0.00312995910644531 0.013580322265625 0.468994140625
0.0034947395324707 -0.00568962097167969 0.31561279296875 0.141326904296875
0.00686168670654297 -0.00302362442016602 0.31182861328125 -0.144866943359375
0.00653076171875 -0.0333900451660156 -0.28314208984375 0.1688232421875
0.0287151336669922 -0.0170516967773438 -0.269607543945313 -0.119400024414062
0.00479269027709961 -0.00295352935791016 -0.03692626953125 -0.4619140625
-0.00530433654785156 0.0124101638793945 0.435791015625 -0.493438720703125
-0.0101032257080078 0.0191535949707031 0.7601318359375 0.14093017578125
-0.00632095336914062 -0.0239429473876953 0.41943359375 0.79205322265625
0.0212955474853516 -0.00815010070800781 -0.1038818359375 0.67559814453125
0.0248317718505859 -0.00107192993164063 0.0272903442382813 0.0853424072265625
0.0245285034179688 -0.0145721435546875 0.22265625 -0.5968017578125
0.0182342529296875 -0.0282402038574219 -0.332763671875 -0.859619140625
-0.00502872467041016 -0.00444746017456055 -0.79632568359375 -0.16571044921875
-0.00555753707885742 0.00674724578857422 -0.446136474609375 0.47015380859375
0.00890159606933594 -0.00710487365722656 0.018096923828125 0.470123291015625
0.00506925582885742 -0.0076441764831543 0.318572998046875 0.141845703125
0.00836038589477539 -0.00330877304077148 0.31195068359375 -0.145416259765625
0.00745391845703125 -0.0340843200683594 -0.28564453125 0.1654052734375
0.0302524566650391 -0.0194797515869141 -0.268646240234375 -0.119537353515625
0.00689315795898437 -0.00860929489135742 -0.03070068359375 -0.463348388671875
-0.00320816040039062 0.00930309295654297 0.44384765625 -0.4893798828125
-0.00812530517578125 0.0209083557128906 0.76416015625 0.1507568359375
-0.00451278686523437 -0.0161848068237305 0.4117431640625 0.80169677734375
0.0200233459472656 2.09808349609375E-05 -0.1083984375 0.6734619140625
0.0197944641113281 0.00515556335449219 0.0281600952148437 0.0816650390625
0.0224132537841797 -0.00690269470214844 0.2171630859375 -0.600830078125
0.0195999145507813 -0.0213222503662109 -0.3470458984375 -0.851806640625
-0.00234389305114746 -0.002593994140625 -0.7974853515625 -0.15093994140625
-0.00268220901489258 0.00441932678222656 -0.4371337890625 0.477264404296875
0.012608528137207 -0.0114145278930664 0.027069091796875 0.471038818359375
0.00629901885986328 -0.00907135009765625 0.31964111328125 0.143890380859375
0.00792932510375977 -0.00395870208740234 0.311981201171875 -0.147552490234375
0.00693893432617187 -0.0369071960449219 -0.290008544921875 0.160919189453125
0.0300064086914062 -0.0202655792236328 -0.26641845703125 -0.122085571289063
0.00935935974121094 -0.0134944915771484 -0.020965576171875 -0.46527099609375
-0.00142574310302734 0.00518608093261719 0.455535888671875 -0.482879638671875
-0.00645828247070313 0.0231246948242187 0.764404296875 0.1654052734375
-0.00287818908691406 -0.0101823806762695 0.39666748046875 0.8084716796875
0.0177364349365234 0.00657844543457031 -0.1156005859375 0.66839599609375
0.0157012939453125 0.00916099548339844 0.0311126708984375 0.0743865966796875
0.0203456878662109 -0.0008392333984375 0.2095947265625 -0.60711669921875
0.0199298858642578 -0.0147533416748047 -0.364501953125 -0.84326171875
0.000557661056518555 0.000233471393585205 -0.79962158203125 -0.1353759765625
-0.000974714756011963 0.00039374828338623 -0.427825927734375 0.484588623046875
0.0166692733764648 -0.0164470672607422 0.03607177734375 0.471466064453125
0.00562572479248047 -0.0112276077270508 0.3203125 0.142974853515625
0.00698614120483398 -0.00699996948242188 0.3087158203125 -0.14984130859375
0.00542831420898437 -0.0406112670898437 -0.294219970703125 0.155181884765625
0.0297107696533203 -0.0207786560058594 -0.26666259765625 -0.12451171875
0.0122489929199219 -0.0172004699707031 -0.01226806640625 -0.463836669921875
0.000900506973266602 0.00236701965332031 0.467071533203125 -0.475799560546875
-0.00500106811523438 0.0250396728515625 0.763916015625 0.18072509765625
-0.00199079513549805 -0.00687265396118164 0.3843994140625 0.81512451171875
0.0162448883056641 0.00934123992919922 -0.12457275390625 0.65936279296875
0.0119266510009766 0.0109968185424805 0.0350685119628906 0.0674591064453125
0.0184726715087891 0.00242805480957031 0.200927734375 -0.61358642578125
0.0201911926269531 -0.0112571716308594 -0.37750244140625 -0.83843994140625
0.00257158279418945 0.0015871524810791 -0.79840087890625 -0.1197509765625
0.000198602676391602 -0.0030524730682373 -0.414520263671875 0.490264892578125
0.0190849304199219 -0.0203800201416016 0.042449951171875 0.4713134765625
0.00502681732177734 -0.0128116607666016 0.318145751953125 0.141021728515625
0.0058441162109375 -0.00998401641845703 0.3043212890625 -0.1534423828125
0.000804901123046875 -0.0459060668945313 -0.293243408203125 0.167266845703125
0.0221939086914063 -0.0089874267578125 -0.282440185546875 -0.124755859375
0.00420069694519043 0.00353550910949707 -0.0440673828125 -0.46136474609375
-0.00666618347167969 0.0185966491699219 0.43994140625 -0.496490478515625
-0.0120553970336914 0.0136528015136719 0.76806640625 0.13330078125
-0.0129737854003906 -0.0450630187988281 0.4180908203125 0.77838134765625
0.0228672027587891 -0.0343036651611328 -0.10052490234375 0.65570068359375
0.0396156311035156 -0.0245475769042969 0.0341339111328125 0.0717849731445313
0.0268669128417969 -0.0414009094238281 0.2205810546875 -0.610107421875
0.0129737854003906 -0.0478057861328125 -0.341064453125 -0.86395263671875
-0.00728034973144531 -0.0116968154907227 -0.79425048828125 -0.1614990234375
-0.00505828857421875 0.0114154815673828 -0.437744140625 0.472900390625
0.00697803497314453 -0.00190353393554688 0.014801025390625 0.47137451171875
-0.000892877578735352 -0.00054013729095459 0.30517578125 0.13690185546875
0.000802993774414064 -0.0135488510131836 0.30474853515625 -0.147674560546875
0.00201416015625 -0.0397682189941406 -0.285858154296875 0.170013427734375
0.0246295928955078 -0.0108242034912109 -0.27850341796875 -0.121566772460937
0.00307226181030273 0.00551128387451172 -0.046295166015625 -0.459991455078125
-0.00664329528808594 0.0188388824462891 0.4342041015625 -0.498504638671875
-0.0131111145019531 0.0143423080444336 0.7662353515625 0.12982177734375
-0.0117530822753906 -0.0432319641113281 0.4267578125 0.7791748046875
0.0231781005859375 -0.0314674377441406 -0.09674072265625 0.66455078125
0.0382194519042969 -0.0202751159667969 0.0304718017578125 0.0780410766601563
0.0279197692871094 -0.0379371643066406 0.2275390625 -0.60552978515625
0.0140495300292969 -0.0462379455566406 -0.33251953125 -0.86956787109375
-0.00860214233398438 -0.0107870101928711 -0.79498291015625 -0.1759033203125
-0.00684261322021484 0.01190185546875 -0.4473876953125 0.4678955078125
0.00511741638183594 -0.000698566436767578 0.0098876953125 0.46966552734375
0.000110149383544922 -0.00281882286071777 0.307098388671875 0.13720703125
0.00235271453857422 -0.0083155632019043 0.305389404296875 -0.14544677734375
0.00329208374023437 -0.0370674133300781 -0.283416748046875 0.171478271484375
0.0266151428222656 -0.0120754241943359 -0.275253295898438 -0.119918823242188
0.00281190872192383 0.00464105606079102 -0.045745849609375 -0.460235595703125
-0.00714874267578125 0.0186347961425781 0.429779052734375 -0.4971923828125
-0.0126304626464844 0.0142383575439453 0.76202392578125 0.1280517578125
-0.0105476379394531 -0.0391273498535156 0.42724609375 0.7801513671875
0.0226345062255859 -0.0256214141845703 -0.09771728515625 0.67034912109375
0.0349578857421875 -0.0157947540283203 0.0277557373046875 0.0836257934570313
0.0279712677001953 -0.0319004058837891 0.22808837890625 -0.59698486328125
0.0153007507324219 -0.0428047180175781 -0.32354736328125 -0.86590576171875
-0.00899600982666016 -0.0102510452270508 -0.79461669921875 -0.1756591796875
-0.00765705108642578 0.0116243362426758 -0.449798583984375 0.465179443359375
0.00525903701782227 -0.00172948837280273 0.011138916015625 0.468994140625
0.00195884704589844 -0.00371098518371582 0.3111572265625 0.140625
0.00532770156860352 -0.00641918182373047 0.310150146484375 -0.145050048828125
0.00506591796875 -0.0328330993652344 -0.281524658203125 0.170806884765625
0.0281448364257812 -0.0154056549072266 -0.272430419921875 -0.1190185546875
0.00306487083435059 0.00179219245910645 -0.045257568359375 -0.461090087890625
-0.00673007965087891 0.0162296295166016 0.42962646484375 -0.498016357421875
-0.0112543106079102 0.0170917510986328 0.76275634765625 0.13092041015625
-0.00889205932617187 -0.0321979522705078 0.42791748046875 0.7855224609375
0.02252197265625 -0.0168552398681641 -0.097412109375 0.67266845703125
0.0297927856445313 -0.00887298583984375 0.0259933471679688 0.08544921875
0.0268363952636719 -0.0231781005859375 0.22650146484375 -0.59466552734375
0.0167160034179688 -0.0362319946289063 -0.32696533203125 -0.86529541015625
-0.00703334808349609 -0.00734329223632812 -0.7955322265625 -0.17449951171875
-0.00663089752197266 0.00965976715087891 -0.4498291015625 0.466552734375
0.00649929046630859 -0.00382137298583984 0.01226806640625 0.467864990234375
0.00357580184936523 -0.0055241584777832 0.313751220703125 0.140838623046875
0.00673818588256836 -0.00367164611816406 0.311370849609375 -0.144439697265625
0.00583457946777344 -0.0324001312255859 -0.28192138671875 0.16912841796875
0.0299530029296875 -0.0172615051269531 -0.268707275390625 -0.119277954101562
0.00445365905761719 -0.00293397903442383 -0.037506103515625 -0.46063232421875
-0.00486183166503906 0.0130739212036133 0.43499755859375 -0.49334716796875
-0.00945091247558593 0.0189285278320313 0.75811767578125 0.14056396484375
-0.00652313232421875 -0.0241870880126953 0.41748046875 0.791015625
0.0208892822265625 -0.00792312622070313 -0.1046142578125 0.6728515625
0.02520751953125 -0.000726699829101563 0.0260696411132812 0.0845870971679688
0.0245494842529297 -0.0147056579589844 0.2257080078125 -0.5947265625
0.0186576843261719 -0.0276832580566406 -0.3323974609375 -0.85882568359375
-0.0055389404296875 -0.00527048110961914 -0.794677734375 -0.1669921875
-0.00506067276000976 0.00696897506713867 -0.44549560546875 0.4686279296875
0.00871896743774414 -0.00726652145385742 0.017730712890625 0.4678955078125
0.00516843795776367 -0.00762271881103516 0.316986083984375 0.140869140625
0.00711297988891601 -0.00331449508666992 0.311004638671875 -0.14532470703125
0.00573539733886718 -0.0337867736816406 -0.28521728515625 0.165130615234375
0.0294475555419922 -0.0199089050292969 -0.266830444335938 -0.119552612304687
0.00667667388916016 -0.00840425491333008 -0.030975341796875 -0.462127685546875
-0.00351524353027344 0.00978660583496094 0.443634033203125 -0.48895263671875
-0.00830841064453125 0.0202369689941406 0.76171875 0.15179443359375
-0.00433158874511719 -0.0165338516235352 0.40936279296875 0.79901123046875
0.0193252563476562 7.2479248046875E-05 -0.109619140625 0.67041015625
0.0191574096679688 0.00563621520996094 0.0280227661132812 0.08135986328125
0.0221366882324219 -0.00679206848144531 0.21783447265625 -0.59912109375
0.0199317932128906 -0.0208473205566406 -0.34521484375 -0.85107421875
-0.0019679069519043 -0.00230550765991211 -0.795166015625 -0.151611328125
-0.00313711166381836 0.00415921211242676 -0.436981201171875 0.4742431640625
0.0120859146118164 -0.0119504928588867 0.025238037109375 0.470001220703125
0.00566387176513672 -0.00957012176513672 0.3189697265625 0.142486572265625
0.00787448883056641 -0.00434064865112305 0.311004638671875 -0.14794921875
0.0053558349609375 -0.0363578796386719 -0.2882080078125 0.1610107421875
0.0290870666503906 -0.0211067199707031 -0.26446533203125 -0.121261596679687
0.00998306274414062 -0.0137643814086914 -0.02001953125 -0.463409423828125
-0.00169658660888672 0.00598955154418945 0.45599365234375 -0.482025146484375
-0.00621986389160156 0.0223236083984375 0.7628173828125 0.16558837890625
-0.00245094299316406 -0.0107135772705078 0.39398193359375 0.8057861328125
0.0175991058349609 0.00632286071777344 -0.11773681640625 0.66485595703125
0.0142011642456055 0.0099945068359375 0.031097412109375 0.0747833251953125
0.0197372436523438 -0.000402450561523437 0.20977783203125 -0.6043701171875
0.0206623077392578 -0.0153255462646484 -0.360595703125 -0.84197998046875
0.000984013080596924 -0.000348210334777832 -0.79730224609375 -0.13775634765625
-0.000987291336059571 5.58495521545411E-05 -0.4256591796875 0.481292724609375
0.0152721405029297 -0.0170059204101563 0.03369140625 0.469085693359375
0.00572299957275391 -0.010554313659668 0.31854248046875 0.14276123046875
0.00660943984985352 -0.0065155029296875 0.30828857421875 -0.150177001953125
0.00376510620117187 -0.0398216247558594 -0.293212890625 0.156646728515625
0.0293674468994141 -0.0220069885253906 -0.264633178710938 -0.124526977539063
0.0118503570556641 -0.0178318023681641 -0.01220703125 -0.463714599609375
0.000479936599731446 0.00274991989135742 0.4676513671875 -0.47564697265625
-0.00428390502929688 0.0236053466796875 0.7618408203125 0.18121337890625
-0.00208473205566406 -0.00720977783203125 0.38433837890625 0.81402587890625
0.0160274505615234 0.00972461700439453 -0.12451171875 0.6583251953125
0.0121698379516602 0.0113897323608398 0.0351448059082031 0.0665054321289063
0.017913818359375 0.00249862670898438 0.2020263671875 -0.61053466796875
0.0202445983886719 -0.0115623474121094 -0.3760986328125 -0.836181640625
0.003631591796875 0.00090789794921875 -0.79693603515625 -0.121337890625
0.000914812088012695 -0.00363993644714355 -0.413238525390625 0.489166259765625
0.0193843841552734 -0.0214252471923828 0.043975830078125 0.469970703125
0.00495529174804687 -0.0120000839233398 0.317291259765625 0.14068603515625
0.00494956970214844 -0.00976276397705078 0.30328369140625 -0.153594970703125
-0.000225067138671877 -0.0459480285644531 -0.29254150390625 0.168060302734375
0.0220298767089844 -0.00920486450195313 -0.281463623046875 -0.12506103515625
0.00410723686218262 0.00317835807800293 -0.044158935546875 -0.461151123046875
-0.00718307495117188 0.0190334320068359 0.4407958984375 -0.496429443359375
-0.0116338729858398 0.0132722854614258 0.76910400390625 0.134765625
-0.01165771484375 -0.0457763671875 0.4169921875 0.77935791015625
0.0219497680664063 -0.0351715087890625 -0.10125732421875 0.6546630859375
0.0379714965820313 -0.02374267578125 0.0339508056640625 0.071319580078125
0.0261955261230469 -0.0410614013671875 0.2225341796875 -0.60888671875
0.012969970703125 -0.04852294921875 -0.33941650390625 -0.864013671875
-0.00717639923095703 -0.0113410949707031 -0.79296875 -0.16510009765625
-0.00485992431640625 0.0116338729858398 -0.437774658203125 0.471405029296875
0.00673675537109375 -0.00283622741699219 0.0150146484375 0.470428466796875
-3.29017639160155E-05 -0.00147700309753418 0.30377197265625 0.136383056640625
0.000680923461914062 -0.0131912231445313 0.303955078125 -0.147125244140625
0.000621795654296874 -0.0390739440917969 -0.285919189453125 0.16925048828125
0.0242996215820313 -0.0115432739257812 -0.277633666992188 -0.1214599609375
0.0032496452331543 0.00548362731933594 -0.04608154296875 -0.459686279296875
-0.00722312927246094 0.0192680358886719 0.434600830078125 -0.497955322265625
-0.0124597549438477 0.0128755569458008 0.76593017578125 0.131103515625
-0.0111656188964844 -0.0436363220214844 0.4249267578125 0.77978515625
0.0232334136962891 -0.0311927795410156 -0.096435546875 0.66357421875
0.0376663208007813 -0.0205612182617188 0.0307388305664063 0.0784912109375
0.0275421142578125 -0.0377273559570313 0.22589111328125 -0.60296630859375
0.0141220092773437 -0.0463066101074219 -0.32830810546875 -0.87109375
-0.00856590270996093 -0.0107355117797852 -0.7952880859375 -0.1778564453125
-0.00626468658447265 0.0124750137329102 -0.447021484375 0.466033935546875
0.00509548187255859 -0.00104045867919922 0.010040283203125 0.46917724609375
1.54972076416017E-05 -0.00228142738342285 0.305206298828125 0.136383056640625
0.00272607803344727 -0.00794649124145508 0.305755615234375 -0.145538330078125
0.00201416015625 -0.0362663269042969 -0.282806396484375 0.17218017578125
0.0263347625732422 -0.0132846832275391 -0.274032592773438 -0.120346069335938
0.00289630889892578 0.00447940826416016 -0.04583740234375 -0.459991455078125
-0.00719070434570312 0.0193843841552734 0.428985595703125 -0.49896240234375
-0.0124912261962891 0.0143089294433594 0.76202392578125 0.1287841796875
-0.0104866027832031 -0.0388755798339844 0.4248046875 0.78106689453125
0.0224246978759766 -0.0252418518066406 -0.0970458984375 0.6690673828125
0.0341415405273438 -0.0149936676025391 0.028045654296875 0.0835037231445312
0.0272541046142578 -0.0310573577880859 0.22857666015625 -0.59576416015625
0.0143356323242187 -0.043060302734375 -0.32177734375 -0.86663818359375
-0.00837612152099609 -0.00920963287353516 -0.793701171875 -0.17767333984375
-0.007568359375 0.0114688873291016 -0.4508056640625 0.464019775390625
0.00455760955810547 -0.00215244293212891 0.00793457031249998 0.469451904296875
0.0014193058013916 -0.00395369529724121 0.310150146484375 0.13934326171875
0.00517559051513672 -0.0058436393737793 0.310089111328125 -0.14483642578125
0.00414466857910156 -0.0331287384033203 -0.280044555664063 0.171279907226563
0.0276355743408203 -0.0163040161132813 -0.270950317382813 -0.118392944335938
0.00386643409729004 0.00177884101867676 -0.043243408203125 -0.46063232421875
-0.00614261627197266 0.0169286727905273 0.429962158203125 -0.4981689453125
-0.0125246047973633 0.0163097381591797 0.76385498046875 0.13232421875
-0.00799942016601563 -0.0328083038330078 0.42449951171875 0.7862548828125
0.0224552154541016 -0.0174808502197266 -0.0983276367187499 0.67156982421875
0.0297622680664063 -0.00752449035644531 0.0262222290039062 0.0852813720703125
0.0260829925537109 -0.0235214233398438 0.227783203125 -0.5947265625
0.0161170959472656 -0.0362358093261719 -0.32574462890625 -0.8646240234375
-0.00719881057739258 -0.0074305534362793 -0.7967529296875 -0.1778564453125
-0.00630092620849609 0.00966262817382813 -0.450653076171875 0.46527099609375
0.00615930557250977 -0.00425052642822266 0.0121765136718751 0.468414306640625
0.00338125228881836 -0.00547647476196289 0.3131103515625 0.140625
0.00639200210571289 -0.00282859802246094 0.31109619140625 -0.14453125
0.00377655029296875 -0.03265380859375 -0.280960083007813 0.168869018554688
0.0289688110351563 -0.0184669494628906 -0.26666259765625 -0.1190185546875
0.00480890274047852 -0.00261783599853516 -0.03741455078125 -0.461334228515625
-0.00511741638183594 0.0139646530151367 0.43536376953125 -0.49188232421875
-0.0103282928466797 0.0178108215332031 0.76007080078125 0.143310546875
-0.0057525634765625 -0.0250282287597656 0.4158935546875 0.79327392578125
0.0204582214355469 -0.007080078125 -0.1068115234375 0.67230224609375
0.0234832763671875 -6.4849853515625E-05 0.0264511108398438 0.0843505859375
0.0238742828369141 -0.0152816772460938 0.2261962890625 -0.59295654296875
0.0182437896728516 -0.027740478515625 -0.32891845703125 -0.8572998046875
-0.00407075881958008 -0.00518655776977539 -0.7933349609375 -0.16943359375
-0.0048213005065918 0.00658130645751953 -0.4468994140625 0.465484619140625
0.00800657272338867 -0.00786638259887695 0.0172119140625 0.46844482421875
0.00439023971557617 -0.00742101669311524 0.315643310546875 0.140167236328125
0.0072941780090332 -0.00300693511962891 0.311065673828125 -0.14520263671875
0.00502967834472656 -0.033477783203125 -0.28485107421875 0.16552734375
0.0293960571289063 -0.0207862854003906 -0.264938354492188 -0.120086669921875
0.00667619705200195 -0.00860071182250977 -0.030242919921875 -0.46295166015625
-0.0033721923828125 0.00978374481201172 0.444549560546875 -0.48773193359375
-0.0079193115234375 0.0198040008544922 0.7628173828125 0.1529541015625
-0.00451087951660156 -0.0174312591552734 0.4073486328125 0.80206298828125
0.0191802978515625 0.000858306884765625 -0.11029052734375 0.67034912109375
0.0188121795654297 0.00607490539550781 0.027984619140625 0.0810089111328125
0.0212421417236328 -0.00645828247070312 0.21893310546875 -0.59539794921875
0.0196418762207031 -0.0207347869873047 -0.34466552734375 -0.85198974609375
-0.00157523155212402 -0.00226855278015137 -0.795654296875 -0.15484619140625
-0.00286006927490234 0.00354385375976563 -0.43634033203125 0.47491455078125
0.0121850967407227 -0.0126285552978516 0.025848388671875 0.467926025390625
0.00602245330810547 -0.0094451904296875 0.31842041015625 0.140716552734375
0.0071563720703125 -0.00443935394287109 0.310302734375 -0.147674560546875
0.00355911254882813 -0.0358695983886719 -0.287689208984375 0.16162109375
0.0293083190917969 -0.0214672088623047 -0.263565063476563 -0.1219482421875
0.00913429260253906 -0.0131778717041016 -0.019317626953125 -0.46405029296875
-0.00149917602539063 0.00681018829345703 0.45452880859375 -0.481597900390625
-0.00616836547851563 0.0221939086914062 0.76202392578125 0.1680908203125
-0.0019378662109375 -0.0117063522338867 0.3927001953125 0.80731201171875
0.017303466796875 0.00708866119384766 -0.1187744140625 0.6639404296875
0.0133447647094727 0.0102605819702148 0.0311737060546875 0.0739288330078125
0.0189914703369141 -0.00112342834472656 0.211181640625 -0.60107421875
0.0204277038574219 -0.0145492553710938 -0.3587646484375 -0.84326171875
0.00110399723052979 -0.000304102897644043 -0.79644775390625 -0.14013671875
-0.000873386859893799 -0.000524580478668213 -0.427490234375 0.480010986328125
0.0153770446777344 -0.0170927047729492 0.03515625 0.469451904296875
0.00621795654296875 -0.01031494140625 0.31781005859375 0.1416015625
0.0069737434387207 -0.00662565231323242 0.30712890625 -0.150482177734375
0.00243377685546875 -0.0399665832519531 -0.291168212890625 0.1571044921875
0.0292778015136719 -0.0214710235595703 -0.263946533203125 -0.124343872070312
0.0120019912719727 -0.0170373916625977 -0.0116882324218751 -0.46270751953125
1.16825103759765E-05 0.00329303741455078 0.46563720703125 -0.475799560546875
-0.00504684448242187 0.0237808227539063 0.7620849609375 0.183837890625
-0.00230073928833008 -0.00763034820556641 0.38177490234375 0.81494140625
0.0157804489135742 0.0102863311767578 -0.1260986328125 0.65618896484375
0.0111856460571289 0.0116186141967773 0.0349922180175781 0.0659217834472656
0.0177211761474609 0.00250244140625 0.20208740234375 -0.6104736328125
0.0208053588867188 -0.0116558074951172 -0.37249755859375 -0.83782958984375
0.00326061248779297 0.00104999542236328 -0.79498291015625 -0.125
0.00110983848571777 -0.00349807739257813 -0.414306640625 0.486419677734375
0.0181121826171875 -0.02099609375 0.042236328125 0.469085693359375
0.00455856323242187 -0.01220703125 0.316131591796875 0.13983154296875
0.005035400390625 -0.00991249084472656 0.302886962890625 -0.153045654296875
-0.00144577026367187 -0.0452003479003906 -0.291473388671875 0.167388916015625
0.021484375 -0.0100307464599609 -0.281158447265625 -0.1259765625
0.00494909286499023 0.00277042388916016 -0.042999267578125 -0.461456298828125
-0.00764274597167969 0.0197181701660156 0.441314697265625 -0.496826171875
-0.0115528106689453 0.0125713348388672 0.7694091796875 0.13519287109375
-0.0113105773925781 -0.0459632873535156 0.41558837890625 0.7818603515625
0.0219402313232422 -0.0338478088378906 -0.102294921875 0.6531982421875
0.0376129150390625 -0.0232963562011719 0.0334701538085938 0.0707778930664063
0.0264015197753906 -0.040496826171875 0.2239990234375 -0.60784912109375
0.0128631591796875 -0.0485420227050781 -0.33740234375 -0.86639404296875
-0.00654220581054687 -0.0119590759277344 -0.7940673828125 -0.16705322265625
-0.00539684295654297 0.0118780136108398 -0.4405517578125 0.47027587890625
0.00628900527954102 -0.00279378890991211 0.014617919921875 0.470306396484375
-0.000920355319976807 -0.000735104084014892 0.303955078125 0.13677978515625
0.000329017639160155 -0.0134115219116211 0.304595947265625 -0.147857666015625
-0.000572204589843749 -0.0388603210449219 -0.284759521484375 0.1705322265625
0.02374267578125 -0.0123043060302734 -0.276718139648438 -0.12255859375
0.00365972518920898 0.00534486770629883 -0.045562744140625 -0.46051025390625
-0.00783920288085937 0.0200977325439453 0.435302734375 -0.49847412109375
-0.0129299163818359 0.0124664306640625 0.7664794921875 0.13311767578125
-0.0111160278320313 -0.0442581176757813 0.42425537109375 0.7835693359375
0.0223407745361328 -0.0304698944091797 -0.1002197265625 0.66339111328125
0.0368080139160156 -0.01922607421875 0.0303421020507812 0.0777969360351563
0.0268974304199219 -0.0376014709472656 0.2279052734375 -0.6015625
0.0137557983398438 -0.046875 -0.3267822265625 -0.8726806640625
-0.00791263580322266 -0.0108852386474609 -0.794921875 -0.18017578125
-0.00695610046386719 0.0118532180786133 -0.44927978515625 0.46514892578125
0.00469875335693359 -0.000580310821533203 0.00903320312500002 0.469268798828125
0.000139236450195312 -0.00297403335571289 0.30609130859375 0.13665771484375
0.00193500518798828 -0.00873231887817383 0.305419921875 -0.145599365234375
0.000976562500000002 -0.0360603332519531 -0.282012939453125 0.171478271484375
0.0259475708007813 -0.0137729644775391 -0.273284912109375 -0.120986938476562
0.00315737724304199 0.00417280197143555 -0.04595947265625 -0.460906982421875
-0.00842475891113281 0.0194511413574219 0.429351806640625 -0.497161865234375
-0.0128116607666016 0.0137042999267578 0.76373291015625 0.130126953125
-0.0100898742675781 -0.0397071838378906 0.423828125 0.7828369140625
0.0219364166259766 -0.0256576538085937 -0.0989990234375 0.66986083984375
0.0339412689208984 -0.0135574340820312 0.0279006958007813 0.0829238891601563
0.0269203186035156 -0.0306415557861328 0.2325439453125 -0.59625244140625
0.014739990234375 -0.0423088073730469 -0.32098388671875 -0.86767578125
-0.00881481170654297 -0.00974369049072265 -0.7938232421875 -0.18194580078125
-0.00731754302978516 0.0120010375976563 -0.451873779296875 0.462921142578125
0.00338459014892578 -0.00179815292358398 0.00936889648437503 0.46929931640625
0.00108885765075684 -0.0035707950592041 0.309844970703125 0.140045166015625
0.00417852401733398 -0.00604581832885742 0.3109130859375 -0.14544677734375
0.00244140625 -0.0316619873046875 -0.2784423828125 0.172286987304688
0.0258808135986328 -0.0163421630859375 -0.269500732421875 -0.118942260742187
0.00336122512817383 0.00174713134765625 -0.0440673828125 -0.46142578125
-0.00701904296875 0.0172147750854492 0.429779052734375 -0.498443603515625
-0.0117063522338867 0.0153942108154297 0.76324462890625 0.13348388671875
-0.00805091857910157 -0.0338668823242188 0.42559814453125 0.7877197265625
0.0213050842285156 -0.0167102813720703 -0.0993041992187499 0.6712646484375
0.0291252136230469 -0.00712776184082031 0.02593994140625 0.085052490234375
0.0250568389892578 -0.0235881805419922 0.22882080078125 -0.59326171875
0.0169448852539063 -0.0359268188476563 -0.323974609375 -0.8662109375
-0.00695419311523438 -0.00816202163696289 -0.79522705078125 -0.1790771484375
-0.00697612762451172 0.0102434158325195 -0.4517822265625 0.464202880859375
0.00524330139160156 -0.00400447845458984 0.011016845703125 0.467987060546875
0.0028080940246582 -0.00592184066772461 0.313323974609375 0.13995361328125
0.00675439834594727 -0.00383806228637695 0.310455322265625 -0.144561767578125
0.00272750854492187 -0.03204345703125 -0.279830932617188 0.169143676757813
0.0275669097900391 -0.0198421478271484 -0.267135620117187 -0.118804931640625
0.0053105354309082 -0.00221538543701172 -0.0369873046875 -0.460968017578125
-0.00585651397705078 0.0142822265625 0.43524169921875 -0.492156982421875
-0.0104236602783203 0.0165796279907227 0.75921630859375 0.1436767578125
-0.00551223754882813 -0.0257072448730469 0.414306640625 0.79559326171875
0.0206069946289062 -0.00757789611816406 -0.1064453125 0.6715087890625
0.0233230590820313 0.000783920288085937 0.0261154174804688 0.0839996337890625
0.0239448547363281 -0.0142230987548828 0.22674560546875 -0.592041015625
0.0182533264160156 -0.0277576446533203 -0.328369140625 -0.85821533203125
-0.00419855117797851 -0.00551080703735352 -0.7935791015625 -0.1722412109375
-0.00608491897583008 0.00677299499511719 -0.446807861328125 0.4652099609375
0.00807762145996094 -0.00809669494628906 0.0169677734375 0.46746826171875
0.00423717498779297 -0.00800895690917969 0.315093994140625 0.140869140625
0.00606203079223633 -0.00338459014892578 0.31195068359375 -0.145965576171875
0.00294113159179688 -0.0324573516845703 -0.282501220703125 0.166748046875
0.0289306640625 -0.0204963684082031 -0.264801025390625 -0.120590209960938
0.00729131698608398 -0.00789976119995117 -0.0296630859375 -0.46380615234375
-0.00446224212646484 0.0103616714477539 0.444244384765625 -0.48773193359375
-0.00808906555175781 0.0189208984375 0.76251220703125 0.15435791015625
-0.00355911254882812 -0.0187282562255859 0.40704345703125 0.8035888671875
0.0182151794433594 0.00112724304199219 -0.11273193359375 0.67034912109375
0.0174188613891602 0.00738620758056641 0.0276718139648437 0.0807571411132813
0.0216464996337891 -0.00597763061523438 0.22021484375 -0.59698486328125
0.0196266174316406 -0.0203723907470703 -0.3406982421875 -0.85400390625
-0.00143814086914062 -0.00265002250671387 -0.79541015625 -0.1572265625
-0.0025179386138916 0.00348114967346191 -0.439208984375 0.47186279296875
0.0114059448242188 -0.0126800537109375 0.024871826171875 0.468048095703125
0.00534820556640625 -0.0103034973144531 0.317474365234375 0.142181396484375
0.00676488876342774 -0.00402498245239258 0.31060791015625 -0.148284912109375
0.00298690795898438 -0.0362586975097656 -0.286651611328125 0.16192626953125
0.0292892456054688 -0.0222854614257812 -0.263809204101563 -0.122146606445313
0.00937843322753906 -0.0124311447143555 -0.019012451171875 -0.466033935546875
-0.00224685668945312 0.00684642791748047 0.4561767578125 -0.48138427734375
-0.00614356994628906 0.0205230712890625 0.76336669921875 0.168701171875
-0.00193500518798828 -0.0122709274291992 0.39361572265625 0.8101806640625
0.0169153213500977 0.00738620758056641 -0.11932373046875 0.66522216796875
0.013371467590332 0.010828971862793 0.0305328369140625 0.0737152099609375
0.0191173553466797 -0.0004730224609375 0.21319580078125 -0.6019287109375
0.0204563140869141 -0.0151443481445313 -0.35626220703125 -0.84393310546875
0.000952303409576416 -0.000197052955627441 -0.797119140625 -0.14190673828125
-0.000832438468933105 4.14252281188963E-05 -0.427337646484375 0.47943115234375
0.0144233703613281 -0.0181255340576172 0.033599853515625 0.46856689453125
0.00626277923583985 -0.0114250183105469 0.31787109375 0.14111328125
0.00489997863769531 -0.00654411315917969 0.308135986328125 -0.151336669921875
0.000858306884765621 -0.0395393371582031 -0.29168701171875 0.157196044921875
0.0281314849853516 -0.0228462219238281 -0.264312744140625 -0.124603271484375
0.0121841430664063 -0.0176124572753906 -0.010589599609375 -0.464599609375
-7.39097595214842E-05 0.00376677513122559 0.467254638671875 -0.473175048828125
-0.00485801696777343 0.0221519470214844 0.76226806640625 0.1832275390625
-0.00120830535888672 -0.00943279266357422 0.3800048828125 0.817626953125
0.0157289505004883 0.0104007720947266 -0.127197265625 0.65692138671875
0.0104551315307617 0.0123138427734375 0.0343894958496094 0.0657005310058594
0.0166435241699219 0.00260162353515625 0.2039794921875 -0.608642578125
0.0207061767578125 -0.0119857788085938 -0.3724365234375 -0.83868408203125
0.00327324867248535 0.00102019309997559 -0.79571533203125 -0.126220703125
0.00100827217102051 -0.0035407543182373 -0.415374755859375 0.486114501953125
0.0180988311767578 -0.0220165252685547 0.04205322265625 0.46929931640625
0.00488853454589844 -0.0123376846313477 0.31622314453125 0.13934326171875
0.00395870208740234 -0.0107040405273438 0.303924560546875 -0.1536865234375
-0.00294876098632812 -0.045257568359375 -0.29278564453125 0.168609619140625
0.0209140777587891 -0.0111770629882812 -0.28009033203125 -0.126785278320312
0.00443840026855469 0.00367116928100586 -0.043426513671875 -0.463836669921875
-0.00763893127441406 0.0195541381835938 0.442779541015625 -0.498748779296875
-0.0116462707519531 0.0126199722290039 0.771728515625 0.13616943359375
-0.0118675231933594 -0.0473670959472656 0.4166259765625 0.7843017578125
0.0222644805908203 -0.0334701538085938 -0.10308837890625 0.65643310546875
0.0376396179199219 -0.0224266052246094 0.0341110229492187 0.071624755859375
0.0251922607421875 -0.0411567687988281 0.2254638671875 -0.6094970703125
0.012451171875 -0.048583984375 -0.33721923828125 -0.86865234375
-0.00720977783203125 -0.0113868713378906 -0.7957763671875 -0.16851806640625
-0.00512790679931641 0.0109033584594727 -0.44134521484375 0.471435546875
0.00637102127075195 -0.00255823135375977 0.014129638671875 0.471221923828125
-0.000555515289306641 -0.00169575214385986 0.304046630859375 0.135955810546875
0.000426292419433593 -0.0136537551879883 0.305877685546875 -0.14892578125
-0.00196075439453125 -0.0388069152832031 -0.285125732421875 0.17120361328125
0.0236186981201172 -0.0130329132080078 -0.276962280273438 -0.122467041015625
0.0035700798034668 0.00537967681884766 -0.044647216796875 -0.46282958984375
-0.00776290893554688 0.0203208923339844 0.436004638671875 -0.4996337890625
-0.0131444931030273 0.0123882293701172 0.76995849609375 0.13250732421875
-0.0112190246582031 -0.045501708984375 0.4249267578125 0.78485107421875
0.0230236053466797 -0.0295925140380859 -0.099853515625 0.66583251953125
0.0365142822265625 -0.0188369750976563 0.0295486450195313 0.0781097412109375
0.02630615234375 -0.0371589660644531 0.2303466796875 -0.60333251953125
0.0138816833496094 -0.0464859008789063 -0.32733154296875 -0.87615966796875
-0.00812339782714844 -0.0113162994384766 -0.79595947265625 -0.1805419921875
-0.00683212280273438 0.0115718841552734 -0.451171875 0.465972900390625
0.00418376922607422 -0.00180768966674805 0.00872802734375001 0.469970703125
-0.000137090682983399 -0.00368022918701172 0.306121826171875 0.13665771484375
0.00193405151367188 -0.00857877731323242 0.3060302734375 -0.14666748046875
0.000204086303710934 -0.0350437164306641 -0.281707763671875 0.17333984375
0.0252952575683594 -0.0144100189208984 -0.272918701171875 -0.120925903320312
0.00393390655517578 0.00499820709228516 -0.0462646484375 -0.4625244140625
-0.00801849365234375 0.0194892883300781 0.4307861328125 -0.499755859375
-0.0132846832275391 0.0139694213867188 0.76556396484375 0.1312255859375
-0.00978851318359375 -0.0409088134765625 0.4244384765625 0.7862548828125
0.0219135284423828 -0.024200439453125 -0.0991210937500001 0.670166015625
0.0332221984863281 -0.0133895874023438 0.027252197265625 0.0837173461914063
0.0264778137207031 -0.0304641723632813 0.23394775390625 -0.59576416015625
0.0150604248046875 -0.0425529479980469 -0.319580078125 -0.87158203125
-0.00817394256591797 -0.0104999542236328 -0.79547119140625 -0.1832275390625
-0.00735950469970703 0.0105533599853516 -0.454559326171875 0.463897705078125
0.00381278991699219 -0.0022740364074707 0.00756835937499997 0.469024658203125
0.00116586685180664 -0.00443124771118164 0.30938720703125 0.13983154296875
0.00396823883056641 -0.00675249099731445 0.31121826171875 -0.146148681640625
0.00133132934570313 -0.0318222045898437 -0.2794189453125 0.172454833984375
0.0271644592285156 -0.0175666809082031 -0.270004272460938 -0.120391845703125
0.00315189361572266 0.00183200836181641 -0.043182373046875 -0.462188720703125
-0.00652885437011719 0.0177898406982422 0.431793212890625 -0.500579833984375
-0.0122213363647461 0.0150156021118164 0.76708984375 0.135986328125
-0.00798988342285156 -0.0341072082519531 0.42547607421875 0.794189453125
0.0221538543701172 -0.0166149139404297 -0.10009765625 0.67230224609375
0.0284786224365234 -0.00621795654296875 0.025665283203125 0.0850753784179688
0.0248737335205078 -0.0224132537841797 0.23187255859375 -0.5943603515625
0.0157890319824219 -0.0363121032714844 -0.323486328125 -0.86761474609375
-0.00664854049682617 -0.00799226760864258 -0.79925537109375 -0.18048095703125
-0.00624179840087891 0.00946235656738281 -0.452880859375 0.463714599609375
0.00539588928222656 -0.00506973266601563 0.011199951171875 0.469390869140625
0.00286436080932617 -0.00588846206665039 0.3131103515625 0.140411376953125
0.00578212738037109 -0.00262641906738281 0.311492919921875 -0.14593505859375
0.00120162963867188 -0.0313644409179688 -0.279159545898437 0.170089721679688
0.028228759765625 -0.0194778442382813 -0.266830444335938 -0.120498657226562
0.00487136840820313 -0.00299358367919922 -0.036163330078125 -0.46246337890625
-0.00603008270263672 0.0149316787719727 0.4375 -0.494110107421875
-0.00979804992675781 0.0169086456298828 0.76214599609375 0.14495849609375
-0.00551414489746094 -0.0263767242431641 0.41583251953125 0.799072265625
0.0205345153808594 -0.0068359375 -0.107666015625 0.6728515625
0.0229549407958984 0.00112533569335938 0.0258636474609375 0.0836944580078125
0.0230312347412109 -0.0137367248535156 0.22802734375 -0.59332275390625
0.0184230804443359 -0.0282993316650391 -0.32574462890625 -0.86260986328125
-0.00464439392089844 -0.00613975524902344 -0.7957763671875 -0.1749267578125
-0.0042872428894043 0.00669336318969727 -0.44720458984375 0.464996337890625
0.00790119171142578 -0.00859594345092773 0.01556396484375 0.468231201171875
0.00449514389038086 -0.00814056396484375 0.316009521484375 0.141510009765625
0.00687360763549805 -0.00332069396972656 0.312896728515625 -0.146484375
0.00188255310058594 -0.0323905944824219 -0.28277587890625 0.167816162109375
0.0281105041503906 -0.0219993591308594 -0.264419555664063 -0.120925903320313
0.00625228881835938 -0.00748920440673828 -0.031036376953125 -0.464080810546875
-0.00462055206298828 0.0117988586425781 0.4453125 -0.487518310546875
-0.00835990905761719 0.0191879272460938 0.7659912109375 0.15570068359375
-0.00329399108886719 -0.0194778442382813 0.40673828125 0.80792236328125
0.0189609527587891 0.00202369689941406 -0.11309814453125 0.6719970703125
0.0175266265869141 0.00737094879150391 0.0280227661132813 0.0805587768554688
0.0211868286132813 -0.00583076477050781 0.22100830078125 -0.595703125
0.0195636749267578 -0.0205955505371094 -0.341552734375 -0.85589599609375
-0.00136494636535645 -0.00252127647399902 -0.79779052734375 -0.15875244140625
-0.00315022468566895 0.00289678573608398 -0.439422607421875 0.47119140625
0.0112428665161133 -0.0137815475463867 0.02398681640625 0.468994140625
0.00504207611083985 -0.00993728637695313 0.31878662109375 0.141326904296875
0.00665950775146484 -0.00386381149291992 0.31146240234375 -0.14862060546875
0.00156784057617188 -0.0344257354736328 -0.286407470703125 0.1629638671875
0.028106689453125 -0.0228118896484375 -0.263198852539063 -0.121994018554688
0.00925350189208984 -0.0130414962768555 -0.019775390625 -0.465728759765625
-0.00293302536010742 0.00768804550170898 0.4569091796875 -0.483184814453125
-0.00604438781738281 0.0205917358398438 0.76629638671875 0.17071533203125
-0.00146961212158203 -0.0132780075073242 0.3939208984375 0.814453125
0.0168180465698242 0.00760650634765625 -0.12152099609375 0.66644287109375
0.012394905090332 0.0121879577636719 0.0310134887695313 0.07305908203125
0.0185298919677734 -0.000154495239257813 0.21337890625 -0.60235595703125
0.0206851959228516 -0.0152606964111328 -0.3570556640625 -0.84771728515625
0.00205254554748535 -0.000373244285583496 -0.79949951171875 -0.1435546875
-0.00114274024963379 -0.0013885498046875 -0.427764892578125 0.47930908203125
0.0149478912353516 -0.0182685852050781 0.032928466796875 0.47021484375
0.00597476959228516 -0.0108423233032227 0.3192138671875 0.141082763671875
0.00497293472290039 -0.00686454772949219 0.308624267578125 -0.15087890625
-0.000255584716796877 -0.0394210815429687 -0.2919921875 0.15802001953125
0.0281162261962891 -0.0230236053466797 -0.263320922851563 -0.124908447265625
0.0125598907470703 -0.0178489685058594 -0.0108947753906251 -0.4654541015625
-0.0007781982421875 0.00461149215698242 0.467681884765625 -0.476226806640625
-0.00467109680175781 0.0216274261474609 0.76446533203125 0.1854248046875
-0.000912666320800782 -0.00923347473144531 0.3798828125 0.82000732421875
0.0149593353271484 0.0103816986083984 -0.1280517578125 0.65771484375
0.00932407379150391 0.0134830474853516 0.0347442626953125 0.0653762817382813
0.0166635513305664 0.00295448303222656 0.2052001953125 -0.610107421875
0.0205821990966797 -0.0120887756347656 -0.37158203125 -0.8419189453125
0.00410556793212891 0.00041651725769043 -0.79931640625 -0.1290283203125
0.000992298126220703 -0.00388264656066895 -0.417327880859375 0.486114501953125
0.0179710388183594 -0.0223217010498047 0.042694091796875 0.469482421875
0.00468635559082031 -0.0125789642333984 0.317413330078125 0.139923095703125
0.00371646881103516 -0.00994491577148438 0.304107666015625 -0.15447998046875
-0.00391769409179687 -0.0446968078613281 -0.292510986328125 0.169921875
0.0207595825195313 -0.0112342834472656 -0.280975341796875 -0.126937866210937
0.00531721115112305 0.00344228744506836 -0.043060302734375 -0.46429443359375
-0.0075225830078125 0.0206470489501953 0.443817138671875 -0.501007080078125
-0.0114450454711914 0.0108346939086914 0.77642822265625 0.1375732421875
-0.0111160278320312 -0.0480308532714844 0.4183349609375 0.79107666015625
0.0214405059814453 -0.0334968566894531 -0.1046142578125 0.65789794921875
0.0371475219726563 -0.0217399597167969 0.0342254638671875 0.0705795288085938
0.0256309509277344 -0.0407333374023437 0.225830078125 -0.60931396484375
0.0122108459472656 -0.049041748046875 -0.339111328125 -0.8726806640625
-0.00722312927246094 -0.0116033554077148 -0.800537109375 -0.17181396484375
-0.00496673583984375 0.0108547210693359 -0.444000244140625 0.47125244140625
0.00559806823730469 -0.00374317169189453 0.013671875 0.47357177734375
-0.00152814388275146 -0.0016474723815918 0.3043212890625 0.13653564453125
-0.000665664672851563 -0.0124320983886719 0.306793212890625 -0.149505615234375
-0.0031585693359375 -0.0383758544921875 -0.284637451171875 0.17279052734375
0.0231475830078125 -0.0138359069824219 -0.277252197265625 -0.123458862304687
0.00446701049804688 0.0059819221496582 -0.045806884765625 -0.463470458984375
-0.00780677795410156 0.0210723876953125 0.43682861328125 -0.50067138671875
-0.0128726959228516 0.0114679336547852 0.77392578125 0.13360595703125
-0.0111503601074219 -0.0463943481445313 0.42669677734375 0.791259765625
0.0221519470214844 -0.0301876068115234 -0.10064697265625 0.6676025390625
0.03631591796875 -0.0177574157714844 0.0295181274414063 0.0781478881835938
0.0261726379394531 -0.0368614196777344 0.23114013671875 -0.60498046875
0.01348876953125 -0.0475082397460938 -0.3287353515625 -0.8780517578125
-0.00790596008300781 -0.0118350982666016 -0.80133056640625 -0.18353271484375
-0.00709247589111328 0.0110015869140625 -0.452972412109375 0.46514892578125
0.00437545776367188 -0.0019373893737793 0.00921630859374998 0.4715576171875
-0.000183582305908203 -0.00345373153686523 0.306732177734375 0.137237548828125
0.00096607208251953 -0.0084376335144043 0.3076171875 -0.14837646484375
-0.00163078308105469 -0.0349960327148438 -0.281082153320313 0.174453735351562
0.0245399475097656 -0.0157890319824219 -0.27349853515625 -0.1214599609375
0.00371026992797852 0.00477123260498047 -0.04608154296875 -0.46258544921875
-0.0088348388671875 0.0205402374267578 0.432861328125 -0.502471923828125
-0.0129938125610352 0.0129814147949219 0.76910400390625 0.1319580078125
-0.009063720703125 -0.0420646667480469 0.4271240234375 0.79119873046875
0.0217075347900391 -0.0238857269287109 -0.10052490234375 0.6729736328125
0.0328960418701172 -0.0122623443603516 0.0270767211914062 0.08282470703125
0.0258903503417969 -0.0309066772460938 0.2347412109375 -0.59844970703125
0.0149879455566406 -0.0435447692871094 -0.3209228515625 -0.87457275390625
-0.00778484344482422 -0.010685920715332 -0.7982177734375 -0.184814453125
-0.00760650634765625 0.0117168426513672 -0.455596923828125 0.466156005859375
0.00303244590759277 -0.00264549255371094 0.00747680664062504 0.4710693359375
0.000936985015869141 -0.00486612319946289 0.311431884765625 0.139251708984375
0.00392866134643555 -0.00572729110717773 0.312652587890625 -0.146697998046875
0.00017547607421875 -0.0303840637207031 -0.278671264648438 0.173370361328125
0.0262184143066406 -0.0181427001953125 -0.2698974609375 -0.120315551757812
0.0039362907409668 0.00218057632446289 -0.04376220703125 -0.464599609375
-0.00805473327636719 0.0180511474609375 0.432769775390625 -0.49993896484375
-0.0120630264282227 0.0144119262695312 0.77069091796875 0.1373291015625
-0.00832366943359375 -0.0352439880371094 0.42840576171875 0.79730224609375
0.0214519500732422 -0.0158424377441406 -0.101806640625 0.67523193359375
0.0283737182617188 -0.00609016418457031 0.0261459350585938 0.0846481323242188
0.0243244171142578 -0.0224056243896484 0.233154296875 -0.59442138671875
0.0169029235839844 -0.036773681640625 -0.32452392578125 -0.8719482421875
-0.0064544677734375 -0.00800418853759765 -0.8017578125 -0.18328857421875
-0.00653457641601562 0.00966072082519531 -0.454437255859375 0.46484375
0.00509357452392578 -0.00530052185058594 0.012054443359375 0.47076416015625
0.0025782585144043 -0.00661230087280273 0.3143310546875 0.139862060546875
0.00551080703735352 -0.00284242630004883 0.314056396484375 -0.147430419921875
-5.91278076171866E-05 -0.0304946899414063 -0.280487060546875 0.172164916992188
0.0279369354248047 -0.0199794769287109 -0.266845703125 -0.119873046875
0.00545310974121094 -0.00259780883789063 -0.037689208984375 -0.46514892578125
-0.00661468505859375 0.0155038833618164 0.437774658203125 -0.4962158203125
-0.010127067565918 0.0164728164672852 0.7664794921875 0.1461181640625
-0.00533676147460938 -0.0270442962646484 0.41790771484375 0.803955078125
0.0200252532958984 -0.00614166259765625 -0.1080322265625 0.67462158203125
0.0228252410888672 0.00220489501953125 0.0256576538085937 0.083770751953125
0.0230331420898438 -0.0139789581298828 0.22930908203125 -0.59454345703125
0.0175571441650391 -0.0287971496582031 -0.32843017578125 -0.864990234375
-0.0038762092590332 -0.00553703308105469 -0.79986572265625 -0.17578125
-0.00464868545532227 0.0066680908203125 -0.450469970703125 0.46759033203125
0.00751781463623047 -0.00889301300048828 0.016143798828125 0.47064208984375
0.00437450408935547 -0.00904464721679688 0.317535400390625 0.141265869140625
0.00614595413208008 -0.00301265716552734 0.312744140625 -0.1478271484375
0.000583648681640626 -0.0320281982421875 -0.282470703125 0.168548583984375
0.0282135009765625 -0.0226707458496094 -0.264404296875 -0.120407104492188
0.00684404373168945 -0.0076289176940918 -0.030731201171875 -0.46502685546875
-0.00479793548583984 0.0115022659301758 0.447662353515625 -0.492218017578125
-0.00767326354980469 0.0187911987304688 0.77008056640625 0.15631103515625
-0.003692626953125 -0.0196456909179688 0.40875244140625 0.81146240234375
0.0181179046630859 0.00136184692382813 -0.1134033203125 0.6734619140625
0.0167179107666016 0.00831699371337891 0.0282135009765625 0.0802841186523438
0.0203533172607422 -0.005584716796875 0.22314453125 -0.59881591796875
0.0197696685791016 -0.0210018157958984 -0.340087890625 -0.85882568359375
-0.000685930252075195 -0.00240087509155273 -0.802001953125 -0.16021728515625
-0.0025331974029541 0.00336647033691406 -0.4423828125 0.47454833984375
0.0113687515258789 -0.0135078430175781 0.023834228515625 0.47137451171875
0.00545310974121094 -0.0108280181884766 0.318634033203125 0.141265869140625
0.00595617294311523 -0.0044093132019043 0.31304931640625 -0.14959716796875
0.000350952148437504 -0.0352783203125 -0.287200927734375 0.1641845703125
0.0282154083251953 -0.0234279632568359 -0.263519287109375 -0.123062133789063
0.00881576538085938 -0.0129423141479492 -0.019317626953125 -0.467254638671875
-0.00253534317016602 0.0079498291015625 0.4580078125 -0.486358642578125
-0.00672531127929688 0.0201683044433594 0.769287109375 0.1708984375
-0.00166225433349609 -0.0137577056884766 0.3953857421875 0.81903076171875
0.0167865753173828 0.00827598571777344 -0.12139892578125 0.6676025390625
0.0117874145507813 0.0119905471801758 0.030517578125 0.0738449096679688
0.0181789398193359 -2.6702880859375E-05 0.21685791015625 -0.6041259765625
0.0202350616455078 -0.0143527984619141 -0.35736083984375 -0.849609375
0.0016859769821167 -0.000465154647827148 -0.80145263671875 -0.14532470703125
-0.000843942165374756 -0.00108987092971802 -0.43121337890625 0.48095703125
0.0145378112792969 -0.0181503295898438 0.033111572265625 0.4713134765625
0.00540637969970703 -0.0114011764526367 0.318634033203125 0.140472412109375
0.00504350662231445 -0.00657367706298828 0.309478759765625 -0.15234375
-0.00120162963867187 -0.038909912109375 -0.291595458984375 0.16015625
0.0281009674072266 -0.0238533020019531 -0.26385498046875 -0.1260986328125
0.0133495330810547 -0.017333984375 -0.01202392578125 -0.466949462890625
-0.000874519348144532 0.00475120544433594 0.4698486328125 -0.478515625
-0.00487899780273437 0.0218372344970703 0.76885986328125 0.18634033203125
-0.00040149688720703 -0.0103521347045898 0.3834228515625 0.824462890625
0.0148658752441406 0.011021614074707 -0.129150390625 0.65911865234375
0.00918865203857422 0.0147123336791992 0.0349502563476563 0.0658416748046875
0.0157890319824219 0.00326061248779297 0.20849609375 -0.61199951171875
0.0209732055664063 -0.0117015838623047 -0.37255859375 -0.8447265625
0.00437450408935547 0.00111746788024902 -0.8011474609375 -0.129150390625
0.00123429298400879 -0.00393533706665039 -0.418975830078125 0.487335205078125
0.0178375244140625 -0.0227909088134766 0.041290283203125 0.4720458984375
0.004791259765625 -0.0118894577026367 0.3179931640625 0.13995361328125
0.00323486328125 -0.00914669036865234 0.305267333984375 -0.155059814453125
-0.00528717041015625 -0.0439834594726563 -0.292266845703125 0.172943115234375
0.0207023620605469 -0.0112171173095703 -0.28143310546875 -0.12640380859375
0.00482749938964844 0.0038447380065918 -0.045806884765625 -0.467437744140625
-0.00796318054199219 0.0209541320800781 0.445343017578125 -0.503570556640625
-0.0113973617553711 0.010955810546875 0.78094482421875 0.136962890625
-0.011688232421875 -0.048980712890625 0.42327880859375 0.7943115234375
0.021514892578125 -0.0330753326416016 -0.10333251953125 0.66064453125
0.0368270874023438 -0.0202140808105469 0.0335464477539063 0.0711288452148438
0.024566650390625 -0.0403556823730469 0.22955322265625 -0.61395263671875
0.0118484497070312 -0.0485916137695313 -0.34033203125 -0.87640380859375
-0.00673294067382813 -0.0121927261352539 -0.803955078125 -0.17254638671875
-0.00544548034667969 0.0109100341796875 -0.445556640625 0.47381591796875
0.00498628616333008 -0.00316238403320312 0.01446533203125 0.4759521484375
-0.00156557559967041 -0.00156450271606445 0.30584716796875 0.13604736328125
-0.00122833251953125 -0.0131540298461914 0.307830810546875 -0.151611328125
-0.00499725341796875 -0.0380172729492188 -0.284881591796875 0.17431640625
0.0217914581298828 -0.0143394470214844 -0.277877807617188 -0.12353515625
0.00398874282836914 0.0059356689453125 -0.047119140625 -0.465972900390625
-0.00834846496582031 0.0217094421386719 0.43804931640625 -0.506683349609375
-0.0125980377197266 0.0113430023193359 0.778564453125 0.1331787109375
-0.0111007690429688 -0.04705810546875 0.43115234375 0.79583740234375
0.0224647521972656 -0.0295810699462891 -0.101806640625 0.6715087890625
0.0363082885742188 -0.01751708984375 0.0301437377929688 0.0790023803710938
0.0256805419921875 -0.0367393493652344 0.23370361328125 -0.6060791015625
0.0137710571289062 -0.0471153259277344 -0.33001708984375 -0.8824462890625
-0.00777912139892578 -0.0120315551757813 -0.8056640625 -0.1851806640625
-0.00605297088623047 0.0118694305419922 -0.454833984375 0.468841552734375
0.00278234481811523 -0.00225090980529785 0.0089111328125 0.4730224609375
-0.000178813934326172 -0.00355768203735352 0.308074951171875 0.135986328125
0.000844001770019532 -0.00853872299194336 0.30908203125 -0.1494140625
-0.0032196044921875 -0.034210205078125 -0.282928466796875 0.17657470703125
0.0246772766113281 -0.0155391693115234 -0.275711059570313 -0.12127685546875
0.00350141525268555 0.00490140914916992 -0.04779052734375 -0.46527099609375
-0.00879096984863281 0.0210456848144531 0.434783935546875 -0.50640869140625
-0.0130796432495117 0.0121269226074219 0.7752685546875 0.1314697265625
-0.00933456420898438 -0.0421829223632813 0.42999267578125 0.7955322265625
0.0218982696533203 -0.0241527557373047 -0.10089111328125 0.67535400390625
0.0325031280517578 -0.0117568969726563 0.0264205932617187 0.0835189819335938
0.0260257720947266 -0.0307064056396484 0.23602294921875 -0.59942626953125
0.0145530700683594 -0.0435066223144531 -0.32281494140625 -0.87823486328125
-0.00757217407226563 -0.0108213424682617 -0.80419921875 -0.1864013671875
-0.0071573257446289 0.0109901428222656 -0.457000732421875 0.46746826171875
0.00265264511108398 -0.00312447547912598 0.00817871093749996 0.472747802734375
0.000629663467407226 -0.00410032272338867 0.31231689453125 0.138427734375
0.00289392471313477 -0.00574350357055664 0.31317138671875 -0.149383544921875
-0.00158882141113282 -0.0302333831787109 -0.279541015625 0.17523193359375
0.0255031585693359 -0.0189208984375 -0.270614624023438 -0.120254516601562
0.00486040115356445 0.00237369537353516 -0.04510498046875 -0.467376708984375
-0.00754356384277344 0.0184707641601563 0.433624267578125 -0.505767822265625
-0.0117378234863281 0.0145378112792969 0.775634765625 0.13470458984375
-0.00742340087890625 -0.0357437133789063 0.43060302734375 0.80218505859375
0.0222911834716797 -0.0158481597900391 -0.1014404296875 0.6796875
0.0281810760498047 -0.00436210632324219 0.0262908935546875 0.085601806640625
0.0247688293457031 -0.0222988128662109 0.23333740234375 -0.5980224609375
0.016510009765625 -0.037445068359375 -0.32574462890625 -0.8756103515625
-0.00633478164672852 -0.00837373733520508 -0.8056640625 -0.18475341796875
-0.00699329376220703 0.00921821594238281 -0.45806884765625 0.4664306640625
0.00385904312133789 -0.00540781021118164 0.01129150390625 0.473052978515625
0.00183486938476563 -0.0061345100402832 0.31591796875 0.139129638671875
0.00551462173461914 -0.00278711318969727 0.31439208984375 -0.148834228515625
-0.00151824951171875 -0.0300083160400391 -0.280410766601562 0.173736572265625
0.0276432037353516 -0.0212421417236328 -0.2677001953125 -0.12054443359375
0.00551700592041016 -0.00168418884277344 -0.0374755859375 -0.466705322265625
-0.00709819793701172 0.0163393020629883 0.440643310546875 -0.499847412109375
-0.0100240707397461 0.0159635543823242 0.7724609375 0.14569091796875
-0.00494384765625 -0.0281143188476562 0.4215087890625 0.8099365234375
0.0200653076171875 -0.00658607482910156 -0.108154296875 0.678955078125
0.0224876403808594 0.00342941284179688 0.0264663696289062 0.084503173828125
0.0223655700683594 -0.0131378173828125 0.2308349609375 -0.5955810546875
0.0185317993164063 -0.0289878845214844 -0.3275146484375 -0.8709716796875
-0.00444316864013672 -0.00623464584350586 -0.80364990234375 -0.1766357421875
-0.00441741943359375 0.00633955001831055 -0.451507568359375 0.46832275390625
0.00669765472412109 -0.00898170471191406 0.0162353515625 0.472015380859375
0.00455522537231445 -0.00871801376342773 0.3182373046875 0.14013671875
0.00505161285400391 -0.00286149978637695 0.31396484375 -0.14935302734375
-0.000446319580078125 -0.0313796997070313 -0.283477783203125 0.17047119140625
0.027435302734375 -0.0230827331542969 -0.266006469726562 -0.1214599609375
0.007232666015625 -0.00780820846557617 -0.031494140625 -0.467987060546875
-0.00532436370849609 0.0123214721679688 0.448150634765625 -0.49609375
-0.00781059265136719 0.0179538726806641 0.77435302734375 0.15521240234375
-0.00359535217285156 -0.0206489562988281 0.41278076171875 0.81671142578125
0.0185527801513672 0.00153923034667969 -0.11322021484375 0.67767333984375
0.0169763565063477 0.0095672607421875 0.0278091430664063 0.0805130004882813
0.0197982788085938 -0.00523567199707031 0.22515869140625 -0.60186767578125
0.0193939208984375 -0.0211067199707031 -0.34490966796875 -0.86407470703125
-0.000918388366699219 -0.00298810005187988 -0.80657958984375 -0.1614990234375
-0.0027472972869873 0.00301933288574219 -0.4439697265625 0.47540283203125
0.0110855102539063 -0.0136442184448242 0.0240478515625 0.47369384765625
0.00407695770263672 -0.0105676651000977 0.321807861328125 0.139984130859375
0.00516843795776367 -0.00386953353881836 0.3135986328125 -0.1512451171875
-0.0016632080078125 -0.0340023040771484 -0.28717041015625 0.16607666015625
0.0279865264892578 -0.0243759155273438 -0.264816284179688 -0.123809814453125
0.0095062255859375 -0.0129661560058594 -0.0208740234375 -0.470977783203125
-0.00306797027587891 0.0089874267578125 0.459503173828125 -0.4886474609375
-0.00587272644042969 0.019287109375 0.77447509765625 0.169921875
-0.00231647491455078 -0.0142459869384766 0.398681640625 0.82147216796875
0.0171222686767578 0.00798702239990234 -0.12286376953125 0.671142578125
0.011509895324707 0.013087272644043 0.0302581787109375 0.0735855102539063
0.0176982879638672 0.0005645751953125 0.21807861328125 -0.60693359375
0.0204505920410156 -0.0148582458496094 -0.359375 -0.8560791015625
0.00174331665039062 -0.000958204269409179 -0.8056640625 -0.14581298828125
-0.000570833683013916 -0.000738203525543213 -0.4317626953125 0.48382568359375
0.0140209197998047 -0.0192527770996094 0.034210205078125 0.472320556640625
0.00508689880371094 -0.0113353729248047 0.321075439453125 0.140380859375
0.00445365905761719 -0.00580501556396484 0.311004638671875 -0.154327392578125
-0.0027618408203125 -0.0376548767089844 -0.292510986328125 0.16094970703125
0.0277538299560547 -0.0243244171142578 -0.264755249023438 -0.126388549804688
0.0124168395996094 -0.0182991027832031 -0.012939453125 -0.469207763671875
-0.00108146667480469 0.00572824478149414 0.472015380859375 -0.48175048828125
-0.00438499450683594 0.0214214324951172 0.7735595703125 0.18548583984375
-0.000928878784179687 -0.0109090805053711 0.38592529296875 0.82928466796875
0.0153751373291016 0.0112323760986328 -0.1302490234375 0.66192626953125
0.00936603546142578 0.0146379470825195 0.0345649719238281 0.0656089782714844
0.0157384872436523 0.00347995758056641 0.20904541015625 -0.61492919921875
0.0208663940429688 -0.0120353698730469 -0.37542724609375 -0.848388671875
0.00464439392089844 0.000689983367919922 -0.8052978515625 -0.13037109375
0.00067281723022461 -0.00414848327636719 -0.4202880859375 0.490142822265625
0.0165843963623047 -0.0232715606689453 0.042694091796875 0.473846435546875
0.00364494323730469 -0.0125408172607422 0.319183349609375 0.140045166015625
0.00291728973388672 -0.0101661682128906 0.30615234375 -0.15740966796875
-0.007232666015625 -0.0428352355957031 -0.29339599609375 0.1741943359375
0.0206336975097656 -0.0130558013916016 -0.283966064453125 -0.12677001953125
0.00526571273803711 0.00395536422729492 -0.046356201171875 -0.469635009765625
-0.0078887939453125 0.0223484039306641 0.446868896484375 -0.51025390625
-0.012171745300293 0.010828971862793 0.786376953125 0.13507080078125
-0.0116691589355469 -0.0496101379394531 0.4283447265625 0.7994384765625
0.0215511322021484 -0.0333061218261719 -0.1033935546875 0.66558837890625
0.0370254516601563 -0.0196800231933594 0.0328826904296875 0.0712890625
0.0244941711425781 -0.0396347045898438 0.22906494140625 -0.6171875
0.0125694274902344 -0.04937744140625 -0.34375 -0.8817138671875
-0.006622314453125 -0.0121231079101563 -0.8095703125 -0.17156982421875
-0.00473880767822266 0.0115194320678711 -0.44854736328125 0.477447509765625
0.00377988815307617 -0.00350332260131836 0.015411376953125 0.477996826171875
-0.00156223773956299 -0.0017625093460083 0.30645751953125 0.134735107421875
-0.00129985809326172 -0.0133018493652344 0.30963134765625 -0.153778076171875
-0.00600814819335937 -0.0360908508300781 -0.28509521484375 0.177093505859375
0.0220661163330078 -0.0147457122802734 -0.27960205078125 -0.123550415039063
0.00440645217895508 0.00591945648193359 -0.04931640625 -0.4686279296875
-0.00848388671875 0.0232868194580078 0.439239501953125 -0.510162353515625
-0.0129785537719727 0.0100746154785156 0.78326416015625 0.1331787109375
-0.0118522644042969 -0.0479202270507813 0.43475341796875 0.80145263671875
0.0223522186279297 -0.0299243927001953 -0.099853515625 0.67462158203125
0.0367088317871094 -0.0159034729003906 0.0299148559570313 0.0779342651367188
0.025634765625 -0.0356330871582031 0.23388671875 -0.61077880859375
0.0126800537109375 -0.047698974609375 -0.33319091796875 -0.88690185546875
-0.00814914703369141 -0.0123872756958008 -0.8114013671875 -0.185791015625
-0.00696086883544922 0.0116567611694336 -0.456085205078125 0.47149658203125
0.00349855422973633 -0.0014951229095459 0.00936889648437497 0.475860595703125
-0.0005340576171875 -0.00294995307922363 0.30987548828125 0.13592529296875
2.62260437011722E-05 -0.00829505920410156 0.309967041015625 -0.152496337890625
-0.00415611267089844 -0.0331764221191406 -0.282318115234375 0.179290771484375
0.0236873626708984 -0.0162811279296875 -0.275909423828125 -0.121261596679688
0.00388526916503906 0.00493144989013672 -0.04949951171875 -0.467987060546875
-0.00870132446289063 0.0217647552490234 0.43505859375 -0.510711669921875
-0.0121965408325195 0.0120000839233398 0.78045654296875 0.12896728515625
-0.0102043151855469 -0.0442161560058594 0.4364013671875 0.8023681640625
0.0224151611328125 -0.0240154266357422 -0.0989990234375001 0.6793212890625
0.0325908660888672 -0.0107173919677734 0.0269012451171875 0.0832443237304688
0.0251178741455078 -0.0305557250976563 0.238037109375 -0.60302734375
0.0146522521972656 -0.0435523986816406 -0.32586669921875 -0.885498046875
-0.0079965591430664 -0.011052131652832 -0.80975341796875 -0.186767578125
-0.00709056854248047 0.0111465454101563 -0.4598388671875 0.47064208984375
0.00246858596801758 -0.00298786163330078 0.00894165039062497 0.476318359375
0.000465869903564453 -0.00475740432739258 0.31427001953125 0.13836669921875
0.00225257873535156 -0.0049128532409668 0.315216064453125 -0.151611328125
-0.00276756286621093 -0.0300712585449219 -0.279678344726563 0.17755126953125
0.0249195098876953 -0.0186882019042969 -0.2724609375 -0.12005615234375
0.00448226928710938 0.00200796127319336 -0.046966552734375 -0.470184326171875
-0.00828170776367188 0.0196704864501953 0.43426513671875 -0.51043701171875
-0.0113506317138672 0.0139551162719727 0.78155517578125 0.134033203125
-0.00803756713867187 -0.0366058349609375 0.43658447265625 0.8077392578125
0.0216140747070313 -0.0154361724853516 -0.0994873046874999 0.683837890625
0.0283546447753906 -0.00450706481933594 0.0263900756835938 0.0849761962890625
0.0242290496826172 -0.0228195190429688 0.235595703125 -0.6015625
0.0168800354003906 -0.0365943908691406 -0.32891845703125 -0.882568359375
-0.00568675994873047 -0.00789213180541992 -0.81158447265625 -0.18475341796875
-0.00670814514160156 0.00902938842773438 -0.459869384765625 0.4700927734375
0.00427484512329102 -0.00631475448608398 0.012481689453125 0.47479248046875
0.00176525115966797 -0.00673484802246094 0.318084716796875 0.138275146484375
0.00413775444030762 -0.00307369232177734 0.315765380859375 -0.150848388671875
-0.00287055969238281 -0.02886962890625 -0.281158447265625 0.177017211914063
0.0259590148925781 -0.0221118927001953 -0.269134521484375 -0.120376586914062
0.00486898422241211 -0.00314140319824219 -0.040374755859375 -0.469451904296875
-0.00735664367675781 0.016510009765625 0.441497802734375 -0.50341796875
-0.0100593566894531 0.0162563323974609 0.77813720703125 0.14361572265625
-0.00527763366699219 -0.0287990570068359 0.42706298828125 0.8135986328125
0.0197486877441406 -0.00535774230957031 -0.1085205078125 0.68218994140625
0.0224323272705078 0.004425048828125 0.0258331298828125 0.0844955444335938
0.0222110748291016 -0.0129795074462891 0.23126220703125 -0.6004638671875
0.0180606842041016 -0.0285053253173828 -0.33306884765625 -0.87530517578125
-0.00338077545166016 -0.00542736053466797 -0.8104248046875 -0.177490234375
-0.00507020950317383 0.00642204284667969 -0.4542236328125 0.4722900390625
0.00634098052978516 -0.00960445404052734 0.0179138183593749 0.47491455078125
0.00409221649169922 -0.00764608383178711 0.3214111328125 0.140106201171875
0.00486612319946289 -0.00132036209106445 0.316650390625 -0.151611328125
-0.00180244445800781 -0.0301189422607422 -0.28369140625 0.17218017578125
0.0278778076171875 -0.0235557556152344 -0.267913818359375 -0.121917724609375
0.00770854949951172 -0.00687170028686524 -0.033538818359375 -0.47137451171875
-0.00506401062011719 0.0126914978027344 0.4495849609375 -0.500030517578125
-0.0079803466796875 0.0169506072998047 0.77984619140625 0.15484619140625
-0.00245475769042969 -0.0220012664794922 0.4173583984375 0.8221435546875
0.0181102752685547 0.00262832641601563 -0.1131591796875 0.682373046875
0.0170955657958984 0.00994682312011719 0.0272140502929687 0.0803756713867188
0.0195121765136719 -0.00494766235351563 0.22674560546875 -0.60467529296875
0.0194473266601563 -0.0211658477783203 -0.34820556640625 -0.86737060546875
-0.00101709365844727 -0.00282979011535645 -0.810791015625 -0.160888671875
-0.00293970108032227 0.00295305252075195 -0.44635009765625 0.479400634765625
0.0090494155883789 -0.0140819549560547 0.02581787109375 0.476470947265625
0.0045166015625 -0.0103626251220703 0.322052001953125 0.139556884765625
0.00564193725585938 -0.00390481948852539 0.314971923828125 -0.15374755859375
-0.00292396545410156 -0.0336685180664063 -0.288482666015625 0.16802978515625
0.0272712707519531 -0.0243396759033203 -0.265640258789063 -0.123458862304688
0.0100793838500977 -0.0131216049194336 -0.0234375 -0.47265625
-0.00281143188476562 0.00969982147216797 0.4613037109375 -0.493408203125
-0.00609970092773438 0.0190811157226563 0.78082275390625 0.16912841796875
-0.00209808349609375 -0.015355110168457 0.4022216796875 0.829833984375
0.0167512893676758 0.00882720947265625 -0.122802734375 0.6756591796875
0.0114755630493164 0.0140752792358398 0.0301055908203125 0.0734634399414062
0.0171470642089844 -5.340576171875E-05 0.21844482421875 -0.6114501953125
0.0203266143798828 -0.0163497924804688 -0.363037109375 -0.85955810546875
0.0016624927520752 -0.00112664699554443 -0.81353759765625 -0.1463623046875
-0.000460594892501831 -0.000257343053817749 -0.435150146484375 0.486083984375
0.0137691497802734 -0.0189418792724609 0.036346435546875 0.476776123046875
0.00475311279296875 -0.0118780136108398 0.323394775390625 0.139801025390625
0.00453805923461914 -0.00640058517456055 0.311981201171875 -0.1572265625
-0.004669189453125 -0.0371208190917969 -0.29229736328125 0.1640625
0.0261611938476563 -0.0256328582763672 -0.26617431640625 -0.126571655273438
0.0124969482421875 -0.0172080993652344 -0.013214111328125 -0.472930908203125
-0.00144529342651367 0.00627613067626953 0.472991943359375 -0.486724853515625
-0.00420951843261719 0.0208187103271484 0.7796630859375 0.18487548828125
-0.000596046447753906 -0.0117406845092773 0.39068603515625 0.8350830078125
0.01605224609375 0.0121517181396484 -0.12835693359375 0.667236328125
0.00849056243896484 0.0157356262207031 0.0348777770996094 0.0656318664550781
0.0154561996459961 0.00286388397216797 0.209716796875 -0.61859130859375
0.0203437805175781 -0.0115985870361328 -0.3798828125 -0.8541259765625
0.00487422943115234 -9.5367431640625E-06 -0.8118896484375 -0.131103515625
0.0015254020690918 -0.00437235832214355 -0.4229736328125 0.493408203125
0.0158672332763672 -0.0237197875976563 0.0435791015625 0.476165771484375
0.00362968444824219 -0.0126228332519531 0.32159423828125 0.1375732421875
0.00169563293457031 -0.00994777679443359 0.308441162109375 -0.15985107421875
-0.00844955444335937 -0.0417709350585938 -0.294036865234375 0.17767333984375
0.0199604034423828 -0.0128974914550781 -0.2852783203125 -0.12652587890625
0.00543785095214844 0.00365734100341797 -0.049041748046875 -0.473907470703125
-0.00820350646972656 0.0234737396240234 0.446990966796875 -0.51519775390625
-0.0117969512939453 0.00971603393554687 0.79345703125 0.134033203125
-0.0122184753417969 -0.0513916015625 0.43206787109375 0.80401611328125
0.0210781097412109 -0.0331993103027344 -0.10174560546875 0.66998291015625
0.0373725891113281 -0.0199737548828125 0.0333023071289063 0.0714950561523438
0.0238075256347656 -0.0406608581542969 0.2288818359375 -0.62060546875
0.0120010375976562 -0.0492744445800781 -0.34820556640625 -0.88690185546875
-0.00631904602050781 -0.0126152038574219 -0.817138671875 -0.1712646484375
-0.00536441802978516 0.0113515853881836 -0.44940185546875 0.481689453125
0.00426244735717773 -0.00376749038696289 0.016845703125 0.480743408203125
-0.00237083435058594 -0.00167369842529297 0.3094482421875 0.134185791015625
-0.00216960906982422 -0.0127382278442383 0.31024169921875 -0.157012939453125
-0.007080078125 -0.0363502502441406 -0.28631591796875 0.180694580078125
0.0214157104492188 -0.0144214630126953 -0.28179931640625 -0.123443603515625
0.00477361679077148 0.0061492919921875 -0.051849365234375 -0.471343994140625
-0.00853157043457031 0.0231246948242188 0.44049072265625 -0.516082763671875
-0.0130376815795898 0.00958061218261719 0.7919921875 0.13189697265625
-0.0116691589355469 -0.0494461059570313 0.4415283203125 0.80804443359375
0.0220394134521484 -0.0301856994628906 -0.0989379882812499 0.6817626953125
0.0363960266113281 -0.01568603515625 0.0303955078125 0.078521728515625
0.0252799987792969 -0.03662109375 0.234130859375 -0.61505126953125
0.0128326416015625 -0.0479927062988281 -0.339599609375 -0.8922119140625
-0.00801181793212891 -0.0124540328979492 -0.8179931640625 -0.18597412109375
-0.00662612915039062 0.0116691589355469 -0.458831787109375 0.47589111328125
0.00282955169677734 -0.0024416446685791 0.010345458984375 0.48016357421875
-0.0014643669128418 -0.00319266319274902 0.31195068359375 0.1346435546875
-0.00087118148803711 -0.00754833221435547 0.31195068359375 -0.15478515625
-0.00546836853027344 -0.0318450927734375 -0.28350830078125 0.18206787109375
0.0243473052978516 -0.0166912078857422 -0.278213500976563 -0.121826171875
0.00387144088745117 0.00504827499389648 -0.05078125 -0.47216796875
-0.00861167907714844 0.0226726531982422 0.436431884765625 -0.516693115234375
-0.0124397277832031 0.0115976333618164 0.78802490234375 0.127685546875
-0.0103492736816406 -0.044189453125 0.4432373046875 0.80706787109375
0.0220317840576172 -0.0235061645507813 -0.09674072265625 0.685791015625
0.0330734252929688 -0.00987434387207031 0.0270004272460938 0.0835800170898438
0.0251140594482422 -0.0295639038085937 0.2374267578125 -0.60638427734375
0.0143470764160156 -0.0433425903320313 -0.33123779296875 -0.888916015625
-0.00798988342285156 -0.0113410949707031 -0.81683349609375 -0.1865234375
-0.00722599029541016 0.0115776062011719 -0.462005615234375 0.47381591796875
0.00162410736083984 -0.00308775901794434 0.010650634765625 0.479736328125
0.000224113464355469 -0.0044093132019043 0.316558837890625 0.137176513671875
0.00156879425048828 -0.00503396987915039 0.3167724609375 -0.154205322265625
-0.00392532348632812 -0.0290584564208984 -0.280502319335937 0.181243896484375
0.0247249603271484 -0.0200977325439453 -0.274154663085938 -0.119644165039063
0.00457859039306641 0.00274515151977539 -0.048370361328125 -0.4727783203125
-0.0076446533203125 0.0207748413085938 0.435821533203125 -0.516082763671875
-0.0117015838623047 0.0133895874023437 0.788818359375 0.1318359375
-0.00830078125 -0.0376548767089844 0.4420166015625 0.814208984375
0.0213890075683594 -0.0154075622558594 -0.09930419921875 0.68768310546875
0.0274181365966797 -0.00330162048339844 0.0259628295898438 0.0857086181640625
0.0239238739013672 -0.0219593048095703 0.235107421875 -0.60498046875
0.0164756774902344 -0.037109375 -0.333984375 -0.88726806640625
-0.0067744255065918 -0.00826406478881836 -0.8197021484375 -0.18359375
-0.00615596771240235 0.00933837890625 -0.461181640625 0.47564697265625
0.00356149673461914 -0.00548076629638672 0.01336669921875 0.478546142578125
0.00123310089111328 -0.00748348236083984 0.319305419921875 0.138031005859375
0.0041356086730957 -0.00358819961547851 0.316986083984375 -0.154266357421875
-0.00325584411621094 -0.0286178588867188 -0.281646728515625 0.17889404296875
0.0263633728027344 -0.0224075317382812 -0.269927978515625 -0.119827270507812
0.00502157211303711 -0.00190353393554688 -0.040802001953125 -0.47235107421875
-0.00733184814453125 0.0181407928466797 0.440673828125 -0.510528564453125
-0.0100717544555664 0.0148277282714844 0.7855224609375 0.141845703125
-0.0054473876953125 -0.0299758911132813 0.431640625 0.8201904296875
0.0202903747558594 -0.00592613220214844 -0.10711669921875 0.68914794921875
0.0213413238525391 0.00467681884765625 0.02587890625 0.0847854614257813
0.0213546752929688 -0.0126972198486328 0.23199462890625 -0.6053466796875
0.0174827575683594 -0.0289115905761719 -0.33709716796875 -0.8814697265625
-0.00378608703613281 -0.00608253479003906 -0.818603515625 -0.1767578125
-0.00471973419189453 0.00606822967529297 -0.4580078125 0.478363037109375
0.00634574890136719 -0.00916194915771484 0.020172119140625 0.4786376953125
0.00352382659912109 -0.00918197631835938 0.323211669921875 0.13958740234375
0.00420546531677246 -0.00238752365112305 0.31683349609375 -0.15447998046875
-0.00313568115234375 -0.0294094085693359 -0.2841796875 0.1754150390625
0.0263938903808594 -0.0243415832519531 -0.268798828125 -0.121047973632812
0.00749111175537109 -0.00800228118896484 -0.035247802734375 -0.4739990234375
-0.00553321838378906 0.0140781402587891 0.450347900390625 -0.506500244140625
-0.00853633880615234 0.0169715881347656 0.78692626953125 0.1522216796875
-0.00353813171386719 -0.0225963592529297 0.42340087890625 0.8271484375
0.0184974670410156 0.00231170654296875 -0.1116943359375 0.6876220703125
0.0165681838989258 0.01116943359375 0.0276412963867188 0.080657958984375
0.0195713043212891 -0.00477790832519531 0.227294921875 -0.60992431640625
0.0196647644042969 -0.0215930938720703 -0.35296630859375 -0.873291015625
-0.000660896301269532 -0.00380492210388184 -0.81988525390625 -0.16064453125
-0.00354790687561035 0.00287055969238281 -0.448760986328125 0.484588623046875
0.00964069366455078 -0.0148935317993164 0.0278320312499999 0.47943115234375
0.00373649597167969 -0.0103902816772461 0.32513427734375 0.13995361328125
0.00473117828369141 -0.00381088256835938 0.3173828125 -0.156951904296875
-0.00394439697265625 -0.0322742462158203 -0.28924560546875 0.170928955078125
0.0261554718017578 -0.0258064270019531 -0.267929077148438 -0.123687744140625
0.00958919525146484 -0.0131158828735352 -0.024444580078125 -0.476806640625
-0.00288105010986328 0.00999641418457031 0.46246337890625 -0.50042724609375
-0.00567817687988282 0.0186824798583984 0.7879638671875 0.168212890625
-0.00107955932617187 -0.0158958435058594 0.40863037109375 0.833984375
0.0162353515625 0.00888156890869141 -0.12017822265625 0.6788330078125
0.011754035949707 0.015437126159668 0.0310211181640625 0.0741653442382813
0.0170316696166992 0.00149440765380859 0.21875 -0.6156005859375
0.0200366973876953 -0.0157279968261719 -0.366943359375 -0.86566162109375
0.00255370140075684 -0.00117087364196777 -0.820556640625 -0.14501953125
-0.00130736827850342 -0.0012824535369873 -0.436676025390625 0.490692138671875
0.0126991271972656 -0.0191574096679688 0.03680419921875 0.477813720703125
0.00438213348388672 -0.0116243362426758 0.325347900390625 0.139556884765625
0.00318193435668945 -0.00556802749633789 0.31402587890625 -0.15948486328125
-0.00571441650390625 -0.0367965698242187 -0.2940673828125 0.1671142578125
0.0262012481689453 -0.026031494140625 -0.268295288085937 -0.126495361328125
0.0126438140869141 -0.0178890228271484 -0.017181396484375 -0.4761962890625
-0.00165510177612305 0.00719356536865234 0.474212646484375 -0.493072509765625
-0.00431060791015625 0.0211181640625 0.787109375 0.184326171875
-0.00100612640380859 -0.012721061706543 0.3980712890625 0.84136962890625
0.0148191452026367 0.012303352355957 -0.12872314453125 0.6727294921875
0.00851631164550781 0.0159912109375 0.035003662109375 0.0664443969726563
0.0152931213378906 0.00401878356933594 0.21026611328125 -0.623779296875
0.0203704833984375 -0.0121746063232422 -0.384521484375 -0.85784912109375
0.0052647590637207 0.000130653381347656 -0.81890869140625 -0.1307373046875
0.00155377388000488 -0.00424075126647949 -0.424285888671875 0.496826171875
0.0158290863037109 -0.0237903594970703 0.046051025390625 0.47906494140625
0.00332450866699219 -0.012542724609375 0.32373046875 0.13677978515625
0.00121784210205078 -0.00939846038818359 0.308929443359375 -0.163116455078125
-0.00958251953125 -0.0418205261230469 -0.293731689453125 0.18115234375
0.0189781188964844 -0.0135574340820313 -0.287994384765625 -0.125823974609375
0.00499153137207031 0.00422048568725586 -0.052490234375 -0.476776123046875
-0.00834083557128906 0.0244197845458984 0.447021484375 -0.522216796875
-0.0116958618164063 0.00977230072021484 0.79962158203125 0.130615234375
-0.01226806640625 -0.0519790649414063 0.44140625 0.80908203125
0.0209579467773437 -0.0333328247070312 -0.0992431640625 0.67578125
0.0368690490722656 -0.0184707641601563 0.0338211059570312 0.0725631713867187
0.024139404296875 -0.0393142700195312 0.2291259765625 -0.62652587890625
0.0116004943847656 -0.050079345703125 -0.35565185546875 -0.891357421875
-0.00717449188232422 -0.0135765075683594 -0.825439453125 -0.1697998046875
-0.00537109375 0.0113325119018555 -0.450042724609375 0.487640380859375
0.00397801399230957 -0.00381708145141602 0.018829345703125 0.48443603515625
-0.00317525863647461 -0.00131821632385254 0.31243896484375 0.132965087890625
-0.00226497650146484 -0.0125713348388672 0.31195068359375 -0.160400390625
-0.00810050964355469 -0.0346355438232422 -0.286773681640625 0.184417724609375
0.0207920074462891 -0.0163192749023438 -0.283538818359375 -0.122467041015625
0.004150390625 0.00600814819335938 -0.054443359375 -0.4742431640625
-0.00849342346191406 0.0243434906005859 0.43963623046875 -0.523529052734375
-0.0131597518920898 0.00993824005126953 0.7989501953125 0.12615966796875
-0.0119972229003906 -0.0501632690429688 0.44921875 0.81158447265625
0.022430419921875 -0.0297145843505859 -0.0961303710937499 0.6854248046875
0.0366058349609375 -0.0144844055175781 0.0303268432617188 0.0786361694335938
0.0247421264648437 -0.0359840393066406 0.23333740234375 -0.62042236328125
0.0122795104980469 -0.0482559204101563 -0.345703125 -0.89697265625
-0.00817298889160156 -0.0123786926269531 -0.82525634765625 -0.182373046875
-0.00667762756347656 0.0113964080810547 -0.458892822265625 0.4820556640625
0.00155234336853027 -0.00155019760131836 0.014068603515625 0.48297119140625
-0.00142097473144531 -0.00298118591308594 0.31390380859375 0.133575439453125
-0.00111961364746094 -0.00756359100341797 0.31182861328125 -0.15814208984375
-0.00672340393066406 -0.0313625335693359 -0.282928466796875 0.18511962890625
0.0228958129882813 -0.0179729461669922 -0.280670166015625 -0.120162963867187
0.00460433959960938 0.00414276123046875 -0.055206298828125 -0.475067138671875
-0.00868034362792969 0.0237865447998047 0.435546875 -0.523956298828125
-0.0136566162109375 0.0112924575805664 0.7947998046875 0.1243896484375
-0.010498046875 -0.0452880859375 0.45184326171875 0.8111572265625
0.0214748382568359 -0.0239734649658203 -0.09490966796875 0.69195556640625
0.0327205657958984 -0.00972366333007812 0.0273208618164062 0.0844192504882813
0.0250301361083984 -0.0296535491943359 0.23455810546875 -0.61181640625
0.0145950317382813 -0.0446014404296875 -0.33746337890625 -0.893310546875
-0.00726127624511719 -0.0118808746337891 -0.82568359375 -0.1845703125
-0.00725269317626953 0.0113611221313477 -0.463134765625 0.479949951171875
0.00126504898071289 -0.00269865989685059 0.0137939453125 0.482818603515625
1.62124633789068E-05 -0.00489425659179688 0.318756103515625 0.136077880859375
0.00108242034912109 -0.00449943542480469 0.31683349609375 -0.1578369140625
-0.00470161437988281 -0.0280876159667969 -0.281082153320313 0.18548583984375
0.0232887268066406 -0.0214099884033203 -0.276031494140625 -0.119461059570313
0.00545310974121094 0.0025334358215332 -0.05145263671875 -0.47576904296875
-0.00809669494628906 0.021331787109375 0.43609619140625 -0.523651123046875
-0.0120944976806641 0.0122747421264648 0.79595947265625 0.1287841796875
-0.00795745849609375 -0.0387687683105469 0.45001220703125 0.81707763671875
0.0217571258544922 -0.0155181884765625 -0.0958251953125001 0.6939697265625
0.0276851654052734 -0.00251960754394531 0.0257568359375 0.0858306884765625
0.0236797332763672 -0.0216197967529297 0.23382568359375 -0.61065673828125
0.0158767700195313 -0.0377922058105469 -0.3399658203125 -0.8916015625
-0.0063314437866211 -0.00896549224853516 -0.8262939453125 -0.18255615234375
-0.00614738464355469 0.00910758972167969 -0.4632568359375 0.48040771484375
0.00295829772949219 -0.00569629669189453 0.016265869140625 0.481201171875
0.00159931182861328 -0.00714254379272461 0.32305908203125 0.136474609375
0.00335383415222168 -0.00296735763549805 0.3182373046875 -0.1566162109375
-0.00469398498535156 -0.0274925231933594 -0.28204345703125 0.18255615234375
0.0250301361083984 -0.0228900909423828 -0.272933959960938 -0.119003295898438
0.00606966018676758 -0.00306367874145508 -0.045074462890625 -0.475830078125
-0.00640869140625 0.0184135437011719 0.44146728515625 -0.516021728515625
-0.00976467132568359 0.0148506164550781 0.79150390625 0.13934326171875
-0.00597953796386719 -0.0306854248046875 0.44183349609375 0.82440185546875
0.0203742980957031 -0.00539588928222656 -0.10443115234375 0.69293212890625
0.0223312377929688 0.00580596923828125 0.0261764526367187 0.0850677490234375
0.0219135284423828 -0.0122146606445312 0.23175048828125 -0.61004638671875
0.0177345275878906 -0.0294456481933594 -0.345458984375 -0.88336181640625
-0.00345802307128906 -0.00680112838745117 -0.826416015625 -0.17559814453125
-0.00499200820922851 0.0067744255065918 -0.458343505859375 0.48236083984375
0.00549030303955078 -0.00949192047119141 0.022186279296875 0.481109619140625
0.00292301177978516 -0.00896930694580078 0.3253173828125 0.1368408203125
0.00350809097290039 -0.00222563743591309 0.31829833984375 -0.158538818359375
-0.00422859191894532 -0.0286960601806641 -0.284637451171875 0.17926025390625
0.0258769989013672 -0.0249347686767578 -0.271255493164063 -0.1204833984375
0.00733327865600586 -0.00792980194091797 -0.03741455078125 -0.47723388671875
-0.00543117523193359 0.0146303176879883 0.450439453125 -0.51361083984375
-0.00817298889160156 0.0171222686767578 0.794189453125 0.14910888671875
-0.00329017639160156 -0.0238933563232422 0.4315185546875 0.83099365234375
0.0190773010253906 0.00215339660644531 -0.10858154296875 0.691650390625
0.0166120529174805 0.012028694152832 0.028228759765625 0.0811004638671875
0.0195121765136719 -0.00412750244140625 0.22540283203125 -0.61492919921875
0.0197925567626953 -0.0223064422607422 -0.35882568359375 -0.876953125
-0.000556468963623047 -0.00392365455627441 -0.82763671875 -0.1585693359375
-0.00299429893493652 0.00306010246276855 -0.449737548828125 0.49072265625
0.0091400146484375 -0.0145807266235352 0.03076171875 0.481658935546875
0.00411701202392578 -0.0107307434082031 0.327911376953125 0.13812255859375
0.00421285629272461 -0.00336647033691406 0.317626953125 -0.15966796875
-0.00522041320800781 -0.0318660736083984 -0.288787841796875 0.175323486328125
0.0258407592773438 -0.0262298583984375 -0.269989013671875 -0.12200927734375
0.0100135803222656 -0.01373291015625 -0.027740478515625 -0.480377197265625
-0.00340461730957031 0.0114603042602539 0.461334228515625 -0.507415771484375
-0.00638198852539063 0.0188713073730469 0.7952880859375 0.1636962890625
-0.00130176544189453 -0.0173044204711914 0.41766357421875 0.8397216796875
0.016815185546875 0.0084686279296875 -0.11834716796875 0.68603515625
0.0114946365356445 0.0169124603271484 0.031585693359375 0.0743026733398438
0.0164709091186523 0.00186443328857422 0.216796875 -0.62078857421875
0.0209846496582031 -0.0161151885986328 -0.37530517578125 -0.86907958984375
0.00249147415161133 -0.00197458267211914 -0.826904296875 -0.143310546875
-0.00074535608291626 -0.000747382640838623 -0.437774658203125 0.494384765625
0.0126571655273438 -0.0197486877441406 0.03955078125 0.4840087890625
0.00469207763671875 -0.0120534896850586 0.328125 0.13702392578125
0.00249481201171875 -0.00583744049072266 0.314849853515625 -0.1624755859375
-0.00661468505859375 -0.0355796813964844 -0.29400634765625 0.17095947265625
0.0255222320556641 -0.0264987945556641 -0.270660400390625 -0.125839233398438
0.0129413604736328 -0.0178794860839844 -0.0188598632812499 -0.4801025390625
-0.00164937973022461 0.00805950164794922 0.474639892578125 -0.50018310546875
-0.00498199462890625 0.0204982757568359 0.7943115234375 0.1796875
-0.000754356384277343 -0.0139856338500977 0.403564453125 0.84686279296875
0.0150823593139648 0.0127439498901367 -0.125732421875 0.67828369140625
0.00914573669433594 0.0183963775634766 0.0349044799804688 0.0659980773925781
0.0154571533203125 0.00519466400146484 0.209716796875 -0.62750244140625
0.0206413269042969 -0.0116691589355469 -0.3912353515625 -0.8626708984375
0.00499916076660156 0.000401496887207031 -0.82696533203125 -0.12762451171875
0.00046539306640625 -0.0050663948059082 -0.42486572265625 0.50250244140625
0.0154609680175781 -0.0245113372802734 0.049346923828125 0.482177734375
0.00316524505615234 -0.0126056671142578 0.32635498046875 0.1353759765625
0.000995635986328125 -0.00988674163818359 0.310272216796875 -0.165435791015625
-0.0107498168945312 -0.0395622253417969 -0.29437255859375 0.185089111328125
0.018890380859375 -0.0142402648925781 -0.291595458984375 -0.124847412109375
0.0053400993347168 0.00448369979858398 -0.056549072265625 -0.478729248046875
-0.0078582763671875 0.0248317718505859 0.44708251953125 -0.529693603515625
-0.0124788284301758 0.00907230377197265 0.8079833984375 0.12274169921875
-0.0132217407226563 -0.0534858703613281 0.4510498046875 0.81280517578125
0.0210437774658203 -0.0337944030761719 -0.0966796874999999 0.68048095703125
0.0371055603027344 -0.0179672241210938 0.034423828125 0.0727462768554688
0.0228195190429688 -0.0398025512695313 0.2255859375 -0.6318359375
0.011383056640625 -0.0507164001464844 -0.3634033203125 -0.89483642578125
-0.00636768341064453 -0.0127334594726562 -0.8331298828125 -0.16552734375
-0.00520133972167969 0.0113306045532227 -0.45037841796875 0.493499755859375
0.00364470481872559 -0.00388455390930176 0.02276611328125 0.487579345703125
-0.00291013717651367 -0.00162172317504883 0.314727783203125 0.130096435546875
-0.00359630584716797 -0.0118532180786133 0.313323974609375 -0.164276123046875
-0.00989341735839844 -0.0337467193603516 -0.2850341796875 0.18719482421875
0.0203227996826172 -0.0168113708496094 -0.286041259765625 -0.12158203125
0.00534629821777344 0.00626850128173828 -0.0584716796875 -0.4769287109375
-0.00779533386230469 0.0249176025390625 0.439208984375 -0.532257080078125
-0.013249397277832 0.0091695785522461 0.80596923828125 0.12054443359375
-0.0130424499511719 -0.0515022277832031 0.45947265625 0.8153076171875
0.0219688415527344 -0.0302925109863281 -0.0932006835937499 0.69073486328125
0.03631591796875 -0.01434326171875 0.0308685302734375 0.0789413452148438
0.0246658325195312 -0.0358390808105469 0.23028564453125 -0.6258544921875
0.0125465393066406 -0.0488967895507813 -0.35369873046875 -0.90057373046875
-0.0078878402709961 -0.0129098892211914 -0.83392333984375 -0.17926025390625
-0.00677871704101562 0.011566162109375 -0.460693359375 0.487945556640625
0.00174283981323242 -0.00252127647399902 0.018096923828125 0.485992431640625
-0.00169610977172852 -0.00366973876953125 0.316619873046875 0.13079833984375
-0.00167751312255859 -0.00585556030273438 0.313446044921875 -0.162689208984375
-0.007232666015625 -0.0310115814208984 -0.28350830078125 0.189697265625
0.0225658416748047 -0.0190105438232422 -0.2830810546875 -0.119110107421875
0.00433778762817383 0.00536441802978516 -0.0584716796875 -0.4775390625
-0.00804328918457031 0.0249347686767578 0.434478759765625 -0.53173828125
-0.0131912231445313 0.0102338790893555 0.8028564453125 0.11846923828125
-0.0109977722167969 -0.0460853576660156 0.46087646484375 0.8153076171875
0.0218315124511719 -0.0240726470947266 -0.091064453125 0.69573974609375
0.0325851440429688 -0.00914382934570313 0.0280075073242188 0.0848846435546875
0.024200439453125 -0.0299930572509766 0.2335205078125 -0.6192626953125
0.0143394470214844 -0.0440597534179687 -0.34832763671875 -0.89825439453125
-0.00763607025146484 -0.0117263793945312 -0.8314208984375 -0.17950439453125
-0.00698184967041016 0.0113840103149414 -0.46417236328125 0.485626220703125
0.00106358528137207 -0.00383710861206055 0.01678466796875 0.485015869140625
0.000367164611816406 -0.00507402420043945 0.32122802734375 0.133575439453125
0.000830650329589844 -0.00425386428833008 0.31805419921875 -0.1622314453125
-0.00548744201660156 -0.0264663696289063 -0.280242919921875 0.189010620117188
0.0234870910644531 -0.0218772888183594 -0.279083251953125 -0.117172241210938
0.00508689880371094 0.00279140472412109 -0.05609130859375 -0.47869873046875
-0.00778579711914062 0.0219459533691406 0.4344482421875 -0.531219482421875
-0.0111074447631836 0.0128698348999023 0.803466796875 0.12249755859375
-0.0085296630859375 -0.0399398803710937 0.46209716796875 0.8221435546875
0.0218372344970703 -0.0153770446777344 -0.09271240234375 0.70013427734375
0.0284595489501953 -0.00162887573242187 0.0265274047851563 0.086334228515625
0.0241165161132812 -0.0212554931640625 0.23248291015625 -0.61541748046875
0.0160598754882813 -0.0373764038085938 -0.35003662109375 -0.89666748046875
-0.00612068176269531 -0.00956153869628906 -0.8355712890625 -0.1788330078125
-0.00697040557861328 0.00967121124267578 -0.461822509765625 0.48687744140625
0.00277900695800781 -0.00551128387451172 0.020538330078125 0.485076904296875
0.00104999542236328 -0.00725173950195313 0.325439453125 0.13458251953125
0.00279498100280762 -0.00241255760192871 0.318695068359375 -0.161163330078125
-0.00527381896972656 -0.0263729095458984 -0.2801513671875 0.186965942382813
0.0245437622070313 -0.0238685607910156 -0.276031494140625 -0.11865234375
0.0057063102722168 -0.00215625762939453 -0.050506591796875 -0.479156494140625
-0.00675010681152344 0.0189704895019531 0.441162109375 -0.526123046875
-0.0102100372314453 0.0145978927612305 0.79949951171875 0.1324462890625
-0.00499343872070313 -0.0321846008300781 0.449462890625 0.82763671875
0.0206050872802734 -0.00598526000976563 -0.09930419921875 0.69927978515625
0.0223274230957031 0.00624275207519531 0.0264434814453125 0.0850296020507813
0.0214767456054687 -0.0121250152587891 0.22979736328125 -0.61627197265625
0.0181007385253906 -0.0299434661865234 -0.35345458984375 -0.88861083984375
-0.00352048873901367 -0.0069432258605957 -0.83367919921875 -0.17120361328125
-0.00465726852416992 0.00649166107177734 -0.459228515625 0.48846435546875
0.00490283966064453 -0.0099334716796875 0.02764892578125 0.485260009765625
0.00286054611206055 -0.00877857208251953 0.3299560546875 0.1346435546875
0.00371670722961426 -0.00143861770629883 0.31976318359375 -0.16259765625
-0.0048370361328125 -0.0273876190185547 -0.284759521484375 0.183807373046875
0.0254974365234375 -0.0257606506347656 -0.273635864257813 -0.119216918945313
0.00704622268676758 -0.0078887939453125 -0.042724609375 -0.4815673828125
-0.00507926940917969 0.0162086486816406 0.450408935546875 -0.5211181640625
-0.00806999206542969 0.0161886215209961 0.80194091796875 0.1441650390625
-0.00336456298828125 -0.0238265991210938 0.44134521484375 0.83612060546875
0.0187702178955078 0.00305366516113281 -0.10540771484375 0.69891357421875
0.0167446136474609 0.01324462890625 0.0283889770507812 0.0814971923828125
0.0187206268310547 -0.00508689880371094 0.2230224609375 -0.61883544921875
0.0195751190185547 -0.0217781066894531 -0.3677978515625 -0.8837890625
7.70092010498049E-05 -0.00396060943603516 -0.83477783203125 -0.15362548828125
-0.00235295295715332 0.00264334678649902 -0.449493408203125 0.496124267578125
0.00828456878662109 -0.0151863098144531 0.033599853515625 0.48565673828125
0.00276660919189453 -0.0103836059570313 0.331298828125 0.13616943359375
0.00323653221130371 -0.00238370895385742 0.31854248046875 -0.16461181640625
-0.00644874572753906 -0.0307712554931641 -0.2896728515625 0.1793212890625
0.0255279541015625 -0.0266094207763672 -0.272857666015625 -0.12091064453125
0.010284423828125 -0.0135841369628906 -0.032958984375 -0.483245849609375
-0.00307846069335938 0.0118999481201172 0.462066650390625 -0.5157470703125
-0.00541496276855469 0.01806640625 0.80218505859375 0.1575927734375
-0.00197792053222656 -0.01861572265625 0.42767333984375 0.844970703125
0.0167512893676758 0.00907707214355469 -0.11395263671875 0.691650390625
0.0117568969726563 0.0163087844848633 0.0311660766601563 0.074554443359375
0.0155057907104492 0.00191211700439453 0.2176513671875 -0.62548828125
0.0199680328369141 -0.0160617828369141 -0.38348388671875 -0.87225341796875
0.00262713432312012 -0.00161981582641602 -0.83416748046875 -0.13861083984375
-0.000491440296173096 -0.000554680824279785 -0.43902587890625 0.50341796875
0.012176513671875 -0.0206279754638672 0.044586181640625 0.48468017578125
0.00374221801757812 -0.0125350952148437 0.331024169921875 0.135772705078125
0.00191450119018555 -0.00565004348754883 0.31488037109375 -0.168060302734375
-0.00806617736816406 -0.0342521667480469 -0.293853759765625 0.175048828125
0.0249099731445312 -0.0277004241943359 -0.27264404296875 -0.124786376953125
0.0133590698242188 -0.0187473297119141 -0.02362060546875 -0.4818115234375
-0.000969409942626953 0.00826501846313477 0.475341796875 -0.50775146484375
-0.00427055358886719 0.0198898315429688 0.8013916015625 0.174072265625
-0.000577926635742188 -0.014286994934082 0.4151611328125 0.8504638671875
0.0159873962402344 0.0126781463623047 -0.12127685546875 0.68353271484375
0.008575439453125 0.0189476013183594 0.0354957580566406 0.0667304992675781
0.0147380828857422 0.00482082366943359 0.2059326171875 -0.63330078125
0.0206737518310547 -0.0118274688720703 -0.40093994140625 -0.86871337890625
0.00526332855224609 -2.47955322265625E-05 -0.83428955078125 -0.12347412109375
0.000730037689208984 -0.0047454833984375 -0.42523193359375 0.50811767578125
0.0144672393798828 -0.0245552062988281 0.0523681640625 0.48468017578125
0.00282955169677734 -0.0130300521850586 0.328338623046875 0.133880615234375
-0.000334739685058593 -0.00922489166259766 0.31121826171875 -0.170013427734375
-0.0117034912109375 -0.039581298828125 -0.293121337890625 0.189849853515625
0.0173931121826172 -0.0142860412597656 -0.29302978515625 -0.122314453125
0.00602006912231445 0.00394725799560547 -0.061614990234375 -0.48199462890625
-0.0080718994140625 0.0257968902587891 0.44476318359375 -0.539154052734375
-0.0118913650512695 0.00846004486083984 0.81536865234375 0.11572265625
-0.0143165588378906 -0.0546989440917969 0.46282958984375 0.8148193359375
0.0215053558349609 -0.0332736968994141 -0.0906982421874999 0.68695068359375
0.0371131896972656 -0.0173530578613281 0.0341644287109375 0.0726852416992188
0.0230026245117188 -0.0396614074707031 0.222412109375 -0.6383056640625
0.0104179382324219 -0.0503692626953125 -0.37518310546875 -0.896728515625
-0.00693702697753906 -0.0136499404907227 -0.84051513671875 -0.159912109375
-0.00478363037109375 0.0109539031982422 -0.4483642578125 0.499420166015625
0.00287079811096191 -0.00411105155944824 0.027008056640625 0.491851806640625
-0.00331711769104004 -0.00208711624145508 0.317474365234375 0.129150390625
-0.00472927093505859 -0.0114879608154297 0.313262939453125 -0.168212890625
-0.009918212890625 -0.0322017669677734 -0.284912109375 0.19293212890625
0.0192050933837891 -0.0174827575683594 -0.289276123046875 -0.11920166015625
0.00503730773925781 0.00601387023925781 -0.06341552734375 -0.48028564453125
-0.00752830505371093 0.0264930725097656 0.436431884765625 -0.538665771484375
-0.0135459899902344 0.00924110412597657 0.814697265625 0.11273193359375
-0.0125732421875 -0.0523719787597656 0.47174072265625 0.81707763671875
0.0217247009277344 -0.0305099487304688 -0.08648681640625 0.69610595703125
0.0360794067382813 -0.0135231018066406 0.0313034057617187 0.0798873901367188
0.0240936279296875 -0.0358085632324219 0.2283935546875 -0.63067626953125
0.0115547180175781 -0.0492973327636719 -0.364013671875 -0.9049072265625
-0.00860786437988281 -0.0131864547729492 -0.8427734375 -0.17340087890625
-0.00581645965576172 0.0112018585205078 -0.459564208984375 0.49407958984375
0.00106406211853027 -0.00221157073974609 0.02197265625 0.48919677734375
-0.00231790542602539 -0.00200629234313965 0.319122314453125 0.128509521484375
-0.00147914886474609 -0.00696802139282226 0.313995361328125 -0.166046142578125
-0.00851821899414063 -0.0292606353759766 -0.28265380859375 0.194976806640625
0.0212287902832031 -0.0183200836181641 -0.285308837890625 -0.116912841796875
0.00488138198852539 0.00454807281494141 -0.064300537109375 -0.48040771484375
-0.00750160217285156 0.0259170532226562 0.43267822265625 -0.540679931640625
-0.0128297805786133 0.0108909606933594 0.8106689453125 0.1102294921875
-0.0107574462890625 -0.0470962524414063 0.47216796875 0.81829833984375
0.0223236083984375 -0.0239925384521484 -0.0866699218749999 0.7012939453125
0.0330142974853516 -0.00803947448730469 0.0277481079101563 0.0848007202148438
0.0239524841308594 -0.0298576354980469 0.2313232421875 -0.62408447265625
0.013519287109375 -0.04486083984375 -0.35784912109375 -0.90228271484375
-0.00839424133300781 -0.0119943618774414 -0.84033203125 -0.17596435546875
-0.00669670104980469 0.0112323760986328 -0.46380615234375 0.494049072265625
0.00013279914855957 -0.00371074676513672 0.0225830078125 0.489288330078125
-0.00100135803222656 -0.00532627105712891 0.3248291015625 0.131134033203125
0.000447034835815429 -0.00392937660217285 0.3182373046875 -0.165985107421875
-0.00626182556152344 -0.024993896484375 -0.280014038085938 0.192977905273438
0.0233650207519531 -0.0220108032226563 -0.280914306640625 -0.115875244140625
0.00494956970214844 0.00301980972290039 -0.061126708984375 -0.482147216796875
-0.00795936584472657 0.0234489440917969 0.43359375 -0.539093017578125
-0.0122861862182617 0.0122499465942383 0.81060791015625 0.115478515625
-0.00888824462890625 -0.0411949157714844 0.472900390625 0.82440185546875
0.0215511322021484 -0.0153388977050781 -0.087646484375 0.7042236328125
0.0286979675292969 -0.00048828125 0.0264053344726563 0.0860061645507813
0.0228786468505859 -0.0213260650634766 0.22882080078125 -0.62237548828125
0.0150871276855469 -0.0384025573730469 -0.35980224609375 -0.8975830078125
-0.00586223602294922 -0.00889110565185547 -0.84320068359375 -0.17303466796875
-0.00600051879882813 0.00912189483642578 -0.463775634765625 0.493255615234375
0.0017399787902832 -0.00540590286254883 0.0244140625 0.48809814453125
0.000543117523193359 -0.00711441040039063 0.3287353515625 0.131439208984375
0.00199306011199951 -0.00165200233459473 0.319122314453125 -0.16558837890625
-0.00621223449707031 -0.0251960754394531 -0.280197143554688 0.19146728515625
0.0236587524414063 -0.0251388549804688 -0.278274536132813 -0.116470336914062
0.00598955154418945 -0.00280141830444336 -0.054779052734375 -0.482391357421875
-0.00650978088378906 0.0209293365478516 0.439178466796875 -0.5318603515625
-0.0100345611572266 0.0139570236206055 0.80596923828125 0.12677001953125
-0.00633049011230469 -0.0334148406982422 0.46240234375 0.83087158203125
0.0209388732910156 -0.00554847717285156 -0.0946655273437501 0.70404052734375
0.0226879119873047 0.00715255737304688 0.027069091796875 0.0857315063476563
0.0219020843505859 -0.0110797882080078 0.22552490234375 -0.62249755859375
0.0174198150634766 -0.03033447265625 -0.36309814453125 -0.8922119140625
-0.0032958984375 -0.00680971145629883 -0.84149169921875 -0.16607666015625
-0.00471639633178711 0.00613498687744141 -0.457611083984375 0.49603271484375
0.00399494171142578 -0.00955009460449219 0.029876708984375 0.4873046875
0.00255870819091797 -0.00941181182861328 0.331207275390625 0.133575439453125
0.00316500663757324 -0.00133037567138672 0.319671630859375 -0.167022705078125
-0.00584793090820313 -0.0271205902099609 -0.28375244140625 0.188690185546875
0.0243167877197266 -0.0268421173095703 -0.276382446289063 -0.117156982421875
0.00833797454833984 -0.0076451301574707 -0.0462951660156249 -0.484649658203125
-0.00514411926269531 0.0161933898925781 0.44781494140625 -0.52716064453125
-0.0075836181640625 0.0160179138183594 0.8099365234375 0.1361083984375
-0.00378990173339844 -0.0254116058349609 0.45294189453125 0.83941650390625
0.0182952880859375 0.00267982482910156 -0.099609375 0.70361328125
0.0173721313476563 0.013361930847168 0.0293045043945312 0.0811843872070313
0.0194549560546875 -0.00363349914550781 0.21966552734375 -0.6279296875
0.0191726684570313 -0.0225582122802734 -0.37774658203125 -0.88568115234375
-0.000286340713500977 -0.00394821166992188 -0.84283447265625 -0.14898681640625
-0.00307178497314453 0.00227141380310059 -0.44952392578125 0.503387451171875
0.00785446166992188 -0.014984130859375 0.03924560546875 0.487884521484375
0.00293254852294922 -0.0107202529907227 0.33428955078125 0.133575439453125
0.00306797027587891 -0.00264167785644531 0.319122314453125 -0.17010498046875
-0.0074310302734375 -0.0299873352050781 -0.288604736328125 0.183563232421875
0.0242881774902344 -0.0278110504150391 -0.275299072265625 -0.119491577148438
0.0100603103637695 -0.012913703918457 -0.0372314453125 -0.48614501953125
-0.00337505340576172 0.0127630233764648 0.46014404296875 -0.522552490234375
-0.00586509704589844 0.0180759429931641 0.8096923828125 0.15191650390625
-0.00156211853027344 -0.019622802734375 0.43804931640625 0.84637451171875
0.0165529251098633 0.00926017761230469 -0.10919189453125 0.6982421875
0.0113353729248047 0.0183467864990234 0.0330123901367188 0.0751724243164063
0.0167617797851562 0.00244140625 0.213623046875 -0.63232421875
0.0206089019775391 -0.0171279907226563 -0.39459228515625 -0.87640380859375
0.00308871269226074 -0.00160002708435059 -0.84344482421875 -0.13201904296875
-0.000247240066528321 -0.00137197971343994 -0.437774658203125 0.509185791015625
0.0111885070800781 -0.0207023620605469 0.048980712890625 0.487274169921875
0.00365829467773438 -0.0127267837524414 0.33441162109375 0.13232421875
0.00129604339599609 -0.00505542755126953 0.31524658203125 -0.172454833984375
-0.00881195068359375 -0.0334548950195312 -0.29376220703125 0.180328369140625
0.0236320495605469 -0.0276508331298828 -0.2755126953125 -0.122833251953125
0.0127716064453125 -0.0183868408203125 -0.0281982421875 -0.487335205078125
-0.000545501708984376 0.0101346969604492 0.472412109375 -0.51654052734375
-0.00366592407226563 0.0197525024414063 0.81005859375 0.1676025390625
-0.000566482543945314 -0.015380859375 0.42523193359375 0.85235595703125
0.0153589248657227 0.0123672485351563 -0.1175537109375 0.68902587890625
0.00872230529785156 0.0200119018554688 0.0351333618164063 0.0665206909179688
0.0140619277954102 0.00480079650878906 0.2025146484375 -0.640625
0.0199222564697266 -0.0130653381347656 -0.411865234375 -0.870849609375
0.00523090362548828 -0.000942707061767578 -0.84033203125 -0.1168212890625
0.000895977020263672 -0.00470781326293945 -0.42431640625 0.516326904296875
0.0144462585449219 -0.0253105163574219 0.0574951171875 0.4869384765625
0.00205802917480469 -0.0130577087402344 0.33367919921875 0.130767822265625
-0.00074911117553711 -0.00864934921264648 0.311676025390625 -0.1751708984375
-0.0122718811035156 -0.0380401611328125 -0.292083740234375 0.19500732421875
0.0172643661499023 -0.0154962539672852 -0.296234130859375 -0.120697021484375
0.006011962890625 0.00399208068847656 -0.067535400390625 -0.484283447265625
-0.00632095336914063 0.0271949768066406 0.440338134765625 -0.547393798828125
-0.0118951797485352 0.00802135467529297 0.82269287109375 0.1077880859375
-0.0147552490234375 -0.0552101135253906 0.47540283203125 0.8177490234375
0.0206737518310547 -0.0337314605712891 -0.0847778320312501 0.6915283203125
0.0375595092773438 -0.0169906616210938 0.03533935546875 0.0729446411132813
0.0220413208007812 -0.038787841796875 0.21826171875 -0.6434326171875
0.00945663452148437 -0.0510711669921875 -0.38641357421875 -0.89892578125
-0.00656795501708984 -0.0133438110351563 -0.847900390625 -0.15191650390625
-0.00470161437988281 0.0111837387084961 -0.448486328125 0.50872802734375
0.00251173973083496 -0.00425314903259277 0.0321044921875 0.493194580078125
-0.00393509864807129 -0.00172805786132812 0.320220947265625 0.124420166015625
-0.00399971008300781 -0.0108575820922852 0.31219482421875 -0.17401123046875
-0.0112094879150391 -0.0313911437988281 -0.283843994140625 0.19775390625
0.0189266204833984 -0.0176467895507813 -0.291778564453125 -0.116302490234375
0.00483274459838867 0.00654697418212891 -0.069580078125 -0.4837646484375
-0.00709724426269531 0.0267372131347656 0.433685302734375 -0.54791259765625
-0.0133304595947266 0.00858688354492188 0.8204345703125 0.1041259765625
-0.01446533203125 -0.05328369140625 0.483154296875 0.8187255859375
0.0222415924072266 -0.0301952362060547 -0.0799560546875 0.70147705078125
0.036712646484375 -0.0132942199707031 0.0315475463867188 0.0786514282226563
0.0235443115234375 -0.03594970703125 0.2227783203125 -0.6375732421875
0.0110282897949219 -0.0491752624511719 -0.37493896484375 -0.90667724609375
-0.00784969329833984 -0.0136737823486328 -0.84918212890625 -0.16595458984375
-0.00662612915039062 0.0119752883911133 -0.45733642578125 0.50323486328125
0.00110030174255371 -0.00192153453826904 0.027557373046875 0.4918212890625
-0.00222492218017578 -0.00343203544616699 0.32293701171875 0.124603271484375
-0.00300168991088867 -0.00559759140014649 0.312774658203125 -0.171661376953125
-0.00902557373046875 -0.0279006958007813 -0.280853271484375 0.198776245117187
0.0205764770507813 -0.0191726684570313 -0.287933349609375 -0.114654541015625
0.00528621673583984 0.00537967681884766 -0.07000732421875 -0.48321533203125
-0.0075225830078125 0.0265979766845703 0.428558349609375 -0.546844482421875
-0.0130958557128906 0.00972652435302735 0.81707763671875 0.1019287109375
-0.0123443603515625 -0.0488319396972656 0.4822998046875 0.81951904296875
0.0215606689453125 -0.0242576599121094 -0.0792846679687501 0.7071533203125
0.0328426361083984 -0.00742912292480469 0.0294265747070313 0.0841217041015625
0.02374267578125 -0.0299587249755859 0.22540283203125 -0.63134765625
0.0130538940429687 -0.0452346801757813 -0.36932373046875 -0.90374755859375
-0.0079965591430664 -0.0122671127319336 -0.8497314453125 -0.168701171875
-0.00730609893798828 0.011347770690918 -0.4625244140625 0.500091552734375
0.000242710113525391 -0.00310492515563965 0.025726318359375 0.492156982421875
-0.000360012054443359 -0.00487470626831055 0.32720947265625 0.128082275390625
-0.000626564025878906 -0.00312447547912598 0.3177490234375 -0.171783447265625
-0.00767326354980469 -0.0240592956542969 -0.2777099609375 0.199050903320312
0.0222053527832031 -0.0230083465576172 -0.284088134765625 -0.113861083984375
0.00579833984375 0.00214433670043945 -0.066986083984375 -0.48388671875
-0.00736045837402344 0.0244693756103516 0.428436279296875 -0.5484619140625
-0.0120000839233398 0.012211799621582 0.81781005859375 0.10687255859375
-0.009552001953125 -0.0415153503417969 0.48529052734375 0.82574462890625
0.0209369659423828 -0.01556396484375 -0.07977294921875 0.7103271484375
0.0291423797607422 -0.000501632690429688 0.0271148681640625 0.08673095703125
0.0229988098144531 -0.0212326049804688 0.225341796875 -0.62835693359375
0.0143280029296875 -0.0383071899414063 -0.3717041015625 -0.89971923828125
-0.00621414184570313 -0.00957965850830078 -0.84991455078125 -0.1650390625
-0.00676727294921875 0.00890159606933594 -0.462249755859375 0.500885009765625
0.00239324569702148 -0.00573348999023438 0.0296630859375 0.489501953125
-0.00049591064453125 -0.00715065002441406 0.33074951171875 0.12835693359375
0.0013582706451416 -0.000686168670654297 0.31878662109375 -0.1705322265625
-0.00689125061035156 -0.0242252349853516 -0.27880859375 0.196624755859375
0.0232887268066406 -0.0249977111816406 -0.280929565429688 -0.114334106445313
0.00625371932983398 -0.00234079360961914 -0.060333251953125 -0.4840087890625
-0.00635337829589844 0.0214557647705078 0.43438720703125 -0.541900634765625
-0.0103120803833008 0.0137109756469727 0.8133544921875 0.1170654296875
-0.0069427490234375 -0.0339126586914063 0.47412109375 0.83251953125
0.0207176208496094 -0.00540351867675781 -0.089111328125 0.71148681640625
0.0232009887695313 0.00823783874511719 0.0273818969726563 0.0862274169921875
0.0214576721191406 -0.0120296478271484 0.22021484375 -0.6290283203125
0.0173435211181641 -0.0306682586669922 -0.37518310546875 -0.8939208984375
-0.00383663177490234 -0.00689888000488281 -0.85052490234375 -0.1575927734375
-0.00496482849121094 0.0063929557800293 -0.4549560546875 0.502593994140625
0.00358390808105469 -0.00974369049072266 0.035614013671875 0.48944091796875
0.00149154663085937 -0.00922203063964844 0.334197998046875 0.12896728515625
0.00184810161590576 -4.92334365844726E-05 0.3194580078125 -0.17156982421875
-0.00677490234375 -0.0252571105957031 -0.2822265625 0.1934814453125
0.0237178802490234 -0.0270004272460938 -0.279067993164063 -0.114181518554687
0.00755596160888672 -0.00789737701416016 -0.0529479980468749 -0.486968994140625
-0.00452804565429687 0.0173578262329102 0.44488525390625 -0.53802490234375
-0.00786495208740235 0.0162878036499023 0.81671142578125 0.1275634765625
-0.00394630432128906 -0.0271797180175781 0.46490478515625 0.83941650390625
0.0193462371826172 0.00296783447265625 -0.09423828125 0.7083740234375
0.0169658660888672 0.0146970748901367 0.0287628173828125 0.0813980102539063
0.0185947418212891 -0.00343894958496094 0.21502685546875 -0.63165283203125
0.0181407928466797 -0.0227699279785156 -0.389404296875 -0.8870849609375
-4.29153442382817E-05 -0.00419759750366211 -0.849609375 -0.14300537109375
-0.00224494934082031 0.0026390552520752 -0.44818115234375 0.509796142578125
0.00706386566162109 -0.0153331756591797 0.043853759765625 0.489044189453125
0.00298500061035156 -0.0109415054321289 0.33782958984375 0.12939453125
0.00295543670654297 -0.00176191329956055 0.31829833984375 -0.174072265625
-0.00829124450683594 -0.0282249450683594 -0.287261962890625 0.189605712890625
0.0239353179931641 -0.0286159515380859 -0.27764892578125 -0.117080688476562
0.0102567672729492 -0.013981819152832 -0.0426330566406251 -0.488006591796875
-0.00294780731201172 0.0141687393188477 0.45721435546875 -0.53173828125
-0.00509452819824219 0.0180492401123047 0.81744384765625 0.1422119140625
-0.00236129760742188 -0.0205802917480469 0.4515380859375 0.8477783203125
0.017460823059082 0.00964736938476562 -0.10211181640625 0.70196533203125
0.0126438140869141 0.0184497833251953 0.0323867797851562 0.0746841430664063
0.0164604187011719 0.00287151336669922 0.2071533203125 -0.63714599609375
0.02008056640625 -0.0170783996582031 -0.40435791015625 -0.87677001953125
0.00330305099487305 -0.00221371650695801 -0.85009765625 -0.12628173828125
-0.000841140747070313 -0.00119161605834961 -0.43585205078125 0.51629638671875
0.0107040405273438 -0.0205249786376953 0.05419921875 0.490264892578125
0.00258827209472656 -0.0127487182617188 0.33660888671875 0.127960205078125
0.000613451004028321 -0.00380039215087891 0.314849853515625 -0.177093505859375
-0.00988578796386718 -0.0323028564453125 -0.29254150390625 0.18505859375
0.023162841796875 -0.0288124084472656 -0.278839111328125 -0.120956420898437
0.0122509002685547 -0.0185832977294922 -0.033843994140625 -0.489532470703125
-0.00045490264892578 0.0100021362304688 0.46966552734375 -0.524749755859375
-0.003936767578125 0.0190029144287109 0.8189697265625 0.15966796875
-0.00182151794433594 -0.016448974609375 0.43853759765625 0.85455322265625
0.0159282684326172 0.0127878189086914 -0.1119384765625 0.69525146484375
0.00980186462402344 0.0206279754638672 0.0358810424804688 0.0673942565917969
0.0154399871826172 0.00587749481201172 0.1978759765625 -0.64556884765625
0.0200042724609375 -0.0123729705810547 -0.42181396484375 -0.8717041015625
0.00565719604492188 -0.00126838684082031 -0.84893798828125 -0.111328125
0.000940799713134766 -0.0048375129699707 -0.421783447265625 0.522796630859375
0.0134048461914063 -0.0254096984863281 0.0630187988281251 0.489654541015625
0.00203704833984375 -0.0139751434326172 0.334991455078125 0.127685546875
-0.00136327743530273 -0.00789737701416015 0.311431884765625 -0.1790771484375
-0.0136146545410156 -0.0363922119140625 -0.289398193359375 0.200103759765625
0.0168294906616211 -0.0157718658447266 -0.29888916015625 -0.116424560546875
0.00635242462158203 0.00380706787109375 -0.073486328125 -0.485595703125
-0.006500244140625 0.0274143218994141 0.435516357421875 -0.556732177734375
-0.0122213363647461 0.00823497772216797 0.82806396484375 0.09722900390625
-0.0156936645507813 -0.0565376281738281 0.48980712890625 0.81536865234375
0.0192337036132812 -0.0337238311767578 -0.07672119140625 0.69659423828125
0.0369148254394531 -0.0167922973632813 0.0353469848632813 0.0726394653320313
0.0216751098632813 -0.0391159057617188 0.21234130859375 -0.649169921875
0.00933456420898437 -0.0512237548828125 -0.3978271484375 -0.8995361328125
-0.00708770751953125 -0.0139627456665039 -0.85546875 -0.14361572265625
-0.0040740966796875 0.0108985900878906 -0.44635009765625 0.515869140625
0.00119304656982422 -0.00416898727416992 0.038421630859375 0.495849609375
-0.00444221496582031 -0.00116539001464844 0.32159423828125 0.12109375
-0.00554656982421875 -0.00998020172119141 0.3118896484375 -0.17877197265625
-0.0119609832763672 -0.0296535491943359 -0.28179931640625 0.202728271484375
0.0180606842041016 -0.0183944702148438 -0.29461669921875 -0.1131591796875
0.0055842399597168 0.00574541091918945 -0.075408935546875 -0.483551025390625
-0.00743484497070312 0.0283470153808594 0.4281005859375 -0.557891845703125
-0.0135345458984375 0.00798892974853516 0.8265380859375 0.09228515625
-0.0147514343261719 -0.0546531677246094 0.49603271484375 0.81756591796875
0.0210857391357422 -0.0299797058105469 -0.07171630859375 0.70672607421875
0.037078857421875 -0.0131492614746094 0.0324630737304687 0.0800704956054688
0.0230140686035156 -0.0360374450683594 0.2169189453125 -0.64337158203125
0.0106086730957031 -0.0503768920898438 -0.38812255859375 -0.90673828125
-0.00850200653076172 -0.0134439468383789 -0.85711669921875 -0.1573486328125
-0.00597095489501953 0.0113773345947266 -0.4554443359375 0.511199951171875
0.00031745433807373 -0.00208854675292969 0.0338134765625 0.4932861328125
-0.00360536575317383 -0.0030672550201416 0.3248291015625 0.121185302734375
-0.00347423553466797 -0.00487804412841797 0.31268310546875 -0.177459716796875
-0.00998497009277344 -0.0264911651611328 -0.278656005859375 0.204788208007813
0.0197086334228516 -0.020263671875 -0.29083251953125 -0.111053466796875
0.00467157363891602 0.00579500198364258 -0.07611083984375 -0.484130859375
-0.007049560546875 0.0275478363037109 0.42388916015625 -0.55682373046875
-0.0131549835205078 0.0091390609741211 0.82220458984375 0.09039306640625
-0.0131683349609375 -0.05035400390625 0.496337890625 0.81719970703125
0.0213966369628906 -0.0240631103515625 -0.0717773437500001 0.71148681640625
0.0335636138916016 -0.00718116760253906 0.0293197631835938 0.0849990844726562
0.0229473114013672 -0.0292835235595703 0.22003173828125 -0.6368408203125
0.0125083923339844 -0.0451927185058594 -0.382080078125 -0.9034423828125
-0.00804805755615234 -0.0121278762817383 -0.854736328125 -0.15972900390625
-0.00657176971435547 0.0112094879150391 -0.45806884765625 0.50958251953125
-0.000943422317504883 -0.00341701507568359 0.034149169921875 0.49285888671875
-0.00172948837280273 -0.00454139709472656 0.32928466796875 0.12359619140625
-0.0011448860168457 -0.00271701812744141 0.317169189453125 -0.1766357421875
-0.00811958312988281 -0.0228118896484375 -0.275787353515625 0.203720092773438
0.0210704803466797 -0.0234222412109375 -0.2860107421875 -0.1099853515625
0.00515222549438477 0.00191879272460937 -0.073699951171875 -0.486053466796875
-0.00638198852539062 0.0252838134765625 0.423553466796875 -0.55731201171875
-0.0111465454101563 0.0114231109619141 0.82421875 0.095947265625
-0.0097503662109375 -0.0432853698730469 0.49896240234375 0.82342529296875
0.0215549468994141 -0.0155582427978516 -0.0721435546874999 0.71435546875
0.0294990539550781 0.000614166259765625 0.027587890625 0.087249755859375
0.0221309661865234 -0.0212116241455078 0.21856689453125 -0.63409423828125
0.0140838623046875 -0.0379981994628906 -0.3812255859375 -0.90191650390625
-0.00701332092285156 -0.0095367431640625 -0.8590087890625 -0.157958984375
-0.00623035430908203 0.00976943969726563 -0.45758056640625 0.5096435546875
0.00111675262451172 -0.00551986694335938 0.03619384765625 0.4910888671875
-0.000434875488281249 -0.00695133209228516 0.334808349609375 0.12371826171875
0.000969588756561279 0.000239908695220947 0.317413330078125 -0.1767578125
-0.00774002075195312 -0.0225868225097656 -0.277511596679688 0.20196533203125
0.0218029022216797 -0.0258331298828125 -0.283447265625 -0.11041259765625
0.00567436218261719 -0.00201988220214844 -0.066162109375 -0.4854736328125
-0.00623321533203125 0.0215568542480469 0.42962646484375 -0.5511474609375
-0.00991344451904297 0.0137615203857422 0.820556640625 0.1072998046875
-0.007171630859375 -0.0357627868652344 0.48846435546875 0.83062744140625
0.0208778381347656 -0.00570297241210938 -0.07958984375 0.71502685546875
0.0233154296875 0.0094757080078125 0.0281295776367188 0.0858001708984375
0.0211009979248047 -0.0112895965576172 0.21600341796875 -0.63238525390625
0.0161342620849609 -0.0308589935302734 -0.38592529296875 -0.8936767578125
-0.00347423553466797 -0.00676298141479492 -0.855712890625 -0.1483154296875
-0.00491523742675781 0.00592517852783203 -0.452972412109375 0.51031494140625
0.00349140167236328 -0.00995922088623047 0.04119873046875 0.493072509765625
0.001739501953125 -0.008514404296875 0.337677001953125 0.123870849609375
0.00139713287353516 0.000598907470703125 0.318206787109375 -0.17730712890625
-0.00768852233886718 -0.0243339538574219 -0.280563354492188 0.199417114257813
0.0226821899414062 -0.0280933380126953 -0.281341552734375 -0.1123046875
0.00793838500976562 -0.00828075408935547 -0.05914306640625 -0.48944091796875
-0.00432205200195313 0.0182266235351563 0.43890380859375 -0.546600341796875
-0.00786399841308594 0.0148258209228516 0.823974609375 0.11798095703125
-0.00456619262695312 -0.0276107788085938 0.478759765625 0.8394775390625
0.0196762084960938 0.00307273864746094 -0.0859374999999999 0.71246337890625
0.017822265625 0.0154438018798828 0.029510498046875 0.0820388793945313
0.01861572265625 -0.00358390808105469 0.2080078125 -0.63690185546875
0.0186786651611328 -0.0231590270996094 -0.40203857421875 -0.888427734375
-4.52995300292967E-05 -0.00396871566772461 -0.85748291015625 -0.13275146484375
-0.00242280960083008 0.00333809852600098 -0.444854736328125 0.51788330078125
0.00673961639404297 -0.0146303176879883 0.050140380859375 0.49169921875
0.00164508819580078 -0.01068115234375 0.3394775390625 0.125518798828125
0.00115287303924561 -0.00107169151306152 0.317474365234375 -0.180084228515625
-0.009033203125 -0.0272598266601563 -0.284942626953125 0.194793701171875
0.0229778289794922 -0.0288410186767578 -0.279434204101563 -0.114654541015625
0.00943756103515625 -0.0140285491943359 -0.048736572265625 -0.49053955078125
-0.00209522247314453 0.0140771865844727 0.451812744140625 -0.541778564453125
-0.00531196594238281 0.0175685882568359 0.8238525390625 0.1343994140625
-0.0027618408203125 -0.0209064483642578 0.46514892578125 0.847412109375
0.0172328948974609 0.00982093811035156 -0.09515380859375 0.70623779296875
0.0120735168457031 0.0198955535888672 0.0329742431640625 0.0749130249023438
0.0167074203491211 0.00319862365722656 0.20037841796875 -0.64349365234375
0.0187282562255859 -0.0173740386962891 -0.41693115234375 -0.87603759765625
0.00275254249572754 -0.00182652473449707 -0.8555908203125 -0.11700439453125
-0.000252366065979004 -0.00107675790786743 -0.432403564453125 0.524932861328125
0.00984001159667969 -0.0202121734619141 0.060516357421875 0.492523193359375
0.00200748443603516 -0.0120115280151367 0.3392333984375 0.12420654296875
-0.000395298004150391 -0.00406789779663086 0.314483642578125 -0.182281494140625
-0.0108757019042969 -0.0313186645507813 -0.290008544921875 0.19097900390625
0.0224647521972656 -0.0297622680664063 -0.280014038085938 -0.118057250976562
0.0126380920410156 -0.0182876586914063 -0.041168212890625 -0.490570068359375
-0.000431060791015625 0.0110607147216797 0.46356201171875 -0.5341796875
-0.00372505187988281 0.0183353424072266 0.82342529296875 0.1494140625
-0.00214004516601563 -0.0178871154785156 0.45281982421875 0.85406494140625
0.0154991149902344 0.0128202438354492 -0.10430908203125 0.698974609375
0.00964164733886719 0.0216217041015625 0.0363731384277344 0.067047119140625
0.0145950317382812 0.00534915924072266 0.19219970703125 -0.6517333984375
0.0206642150878906 -0.0135154724121094 -0.43359375 -0.87060546875
0.00563478469848633 -0.00115394592285156 -0.8544921875 -0.10308837890625
0.000988006591796875 -0.00537681579589844 -0.418182373046875 0.529205322265625
0.0127105712890625 -0.0262432098388672 0.069122314453125 0.490936279296875
0.000956535339355468 -0.0133247375488281 0.337982177734375 0.12353515625
-0.00270175933837891 -0.00738668441772461 0.310211181640625 -0.18475341796875
-0.0138893127441406 -0.0352096557617188 -0.286773681640625 0.205902099609375
0.0159206390380859 -0.0158529281616211 -0.3006591796875 -0.112518310546875
0.00622463226318359 0.00426769256591797 -0.080108642578125 -0.486083984375
-0.00555610656738281 0.0285663604736328 0.42889404296875 -0.56536865234375
-0.0123519897460938 0.00763320922851562 0.83404541015625 0.0843505859375
-0.0170097351074219 -0.057159423828125 0.50244140625 0.81182861328125
0.0197734832763672 -0.0347347259521484 -0.0679321289062501 0.70068359375
0.0377655029296875 -0.0167694091796875 0.0363388061523438 0.0726547241210937
0.0208473205566406 -0.0391998291015625 0.20477294921875 -0.65423583984375
0.00841140747070312 -0.0511322021484375 -0.41162109375 -0.89715576171875
-0.00739002227783203 -0.0144338607788086 -0.861328125 -0.13433837890625
-0.00373554229736328 0.0111532211303711 -0.441162109375 0.522064208984375
0.00086808204650879 -0.00379180908203125 0.045684814453125 0.495849609375
-0.00498390197753906 -0.00141811370849609 0.32421875 0.116912841796875
-0.00609874725341797 -0.00875473022460938 0.309600830078125 -0.184661865234375
-0.0125980377197266 -0.0289459228515625 -0.277984619140625 0.2083740234375
0.0167560577392578 -0.0188426971435547 -0.2965087890625 -0.10992431640625
0.00609350204467773 0.00588512420654297 -0.082489013671875 -0.485107421875
-0.00650596618652344 0.0296306610107422 0.42193603515625 -0.56585693359375
-0.0140476226806641 0.00787544250488281 0.8326416015625 0.082275390625
-0.0163917541503906 -0.0558586120605469 0.51104736328125 0.8128662109375
0.0208511352539062 -0.0303592681884766 -0.0632324218749999 0.70928955078125
0.0369491577148437 -0.0121574401855469 0.0328750610351563 0.0797271728515625
0.0228767395019531 -0.0351905822753906 0.2095947265625 -0.64813232421875
0.00954818725585937 -0.050445556640625 -0.40191650390625 -0.9053955078125
-0.00870609283447265 -0.0132389068603516 -0.8631591796875 -0.14794921875
-0.00597667694091797 0.0113887786865234 -0.4515380859375 0.518157958984375
-0.000663995742797852 -0.00176942348480225 0.04058837890625 0.49530029296875
-0.00397753715515137 -0.0034329891204834 0.327056884765625 0.11712646484375
-0.00418186187744141 -0.00369024276733398 0.31072998046875 -0.18218994140625
-0.0101146697998047 -0.0252532958984375 -0.276123046875 0.210662841796875
0.0189170837402344 -0.0203208923339844 -0.29248046875 -0.1077880859375
0.00545549392700195 0.00557327270507813 -0.0821533203125 -0.4859619140625
-0.00660896301269531 0.0285549163818359 0.41778564453125 -0.566162109375
-0.0127172470092773 0.009063720703125 0.82647705078125 0.08062744140625
-0.0146560668945312 -0.0503463745117188 0.51007080078125 0.81494140625
0.0209808349609375 -0.0240211486816406 -0.0635986328125 0.71588134765625
0.0345001220703125 -0.00687026977539063 0.0295639038085938 0.0850753784179688
0.0236320495605469 -0.0290927886962891 0.212890625 -0.64178466796875
0.0120582580566406 -0.0459403991699219 -0.3935546875 -0.90087890625
-0.00866127014160156 -0.0117626190185547 -0.86199951171875 -0.15020751953125
-0.00679111480712891 0.0108518600463867 -0.454833984375 0.5159912109375
-0.00119495391845703 -0.00282073020935059 0.039520263671875 0.493499755859375
-0.00240421295166016 -0.00409984588623047 0.33221435546875 0.11895751953125
-0.00170028209686279 -0.0014498233795166 0.31536865234375 -0.181396484375
-0.00838661193847656 -0.0220832824707031 -0.2730712890625 0.208908081054687
0.0198154449462891 -0.0235824584960938 -0.287750244140625 -0.106842041015625
0.00605535507202148 0.00191450119018555 -0.080718994140625 -0.486602783203125
-0.00563621520996094 0.0260829925537109 0.41668701171875 -0.565673828125
-0.0116596221923828 0.0117263793945313 0.82843017578125 0.08447265625
-0.0116462707519531 -0.0445671081542969 0.51275634765625 0.82025146484375
0.0213603973388672 -0.0156669616699219 -0.0635986328125 0.71990966796875
0.0299224853515625 0.000856399536132813 0.0289688110351563 0.0879898071289062
0.0222377777099609 -0.0202713012695313 0.21002197265625 -0.6396484375
0.0137863159179688 -0.0382919311523438 -0.395263671875 -0.898193359375
-0.00619792938232422 -0.00991535186767578 -0.86370849609375 -0.14862060546875
-0.00571155548095703 0.00975322723388672 -0.454864501953125 0.517364501953125
0.00036001205444336 -0.00571870803833008 0.04278564453125 0.492584228515625
-0.000735282897949218 -0.00672626495361328 0.335540771484375 0.118865966796875
0.000970542430877686 0.000828325748443603 0.31634521484375 -0.18170166015625
-0.00844383239746094 -0.0211734771728516 -0.273773193359375 0.207138061523438
0.0203475952148437 -0.025543212890625 -0.285003662109375 -0.10748291015625
0.00550174713134766 -0.00263786315917969 -0.073333740234375 -0.487213134765625
-0.005035400390625 0.0231475830078125 0.42401123046875 -0.5592041015625
-0.00995826721191406 0.0129308700561523 0.82501220703125 0.094482421875
-0.00836563110351563 -0.0364112854003906 0.50213623046875 0.8270263671875
0.0202713012695313 -0.00604057312011719 -0.0703124999999999 0.71881103515625
0.0240058898925781 0.00888442993164063 0.0284805297851562 0.0861663818359375
0.0201168060302734 -0.011871337890625 0.20794677734375 -0.6383056640625
0.0155067443847656 -0.0306587219238281 -0.400634765625 -0.8931884765625
-0.00382328033447266 -0.00673770904541016 -0.86236572265625 -0.13983154296875
-0.0041961669921875 0.00632572174072266 -0.44793701171875 0.517486572265625
0.00265026092529297 -0.010162353515625 0.048187255859375 0.4925537109375
0.00115633010864258 -0.00840091705322266 0.3389892578125 0.11962890625
0.00138592720031738 0.000936508178710938 0.31561279296875 -0.181793212890625
-0.00729942321777344 -0.0232486724853516 -0.27728271484375 0.204010009765625
0.0211067199707031 -0.0283851623535156 -0.28277587890625 -0.10791015625
0.00805091857910156 -0.00799465179443359 -0.0655517578125 -0.490142822265625
-0.00366020202636719 0.0188655853271484 0.432647705078125 -0.556304931640625
-0.00803661346435547 0.0154685974121094 0.82794189453125 0.1075439453125
-0.00534248352050781 -0.0284023284912109 0.4918212890625 0.8380126953125
0.0193805694580078 0.00256919860839844 -0.07696533203125 0.71875
0.0175876617431641 0.0164585113525391 0.0303421020507813 0.0817413330078125
0.0181465148925781 -0.00321578979492188 0.20220947265625 -0.6427001953125
0.0172348022460938 -0.023651123046875 -0.4146728515625 -0.8837890625
1.66893005371099E-05 -0.00468301773071289 -0.863037109375 -0.1241455078125
-0.00192642211914063 0.00217914581298828 -0.44036865234375 0.52325439453125
0.00632381439208984 -0.015498161315918 0.05645751953125 0.493133544921875
0.00153350830078125 -0.0103263854980469 0.341339111328125 0.120635986328125
0.00145399570465088 -6.12735748291016E-05 0.315826416015625 -0.18487548828125
-0.00954627990722656 -0.0267848968505859 -0.2821044921875 0.20025634765625
0.0213108062744141 -0.0293502807617188 -0.282379150390625 -0.1103515625
0.0101127624511719 -0.0145015716552734 -0.055419921875 -0.49249267578125
-0.00171852111816406 0.015315055847168 0.44598388671875 -0.54962158203125
-0.00586318969726563 0.0171899795532227 0.82818603515625 0.12176513671875
-0.00436210632324219 -0.022552490234375 0.48040771484375 0.8453369140625
0.0178413391113281 0.0088348388671875 -0.08642578125 0.711181640625
0.0137748718261719 0.0206890106201172 0.0337753295898437 0.0751113891601563
0.0165395736694336 0.00338363647460937 0.19378662109375 -0.64837646484375
0.0197525024414063 -0.0172042846679687 -0.4306640625 -0.8746337890625
0.00347995758056641 -0.00205636024475098 -0.862060546875 -0.10858154296875
-0.000301599502563477 -0.00150442123413086 -0.42718505859375 0.531097412109375
0.00946426391601563 -0.0206623077392578 0.0665283203125 0.49200439453125
0.00194835662841797 -0.0116977691650391 0.3421630859375 0.119110107421875
-0.000786781311035156 -0.0030217170715332 0.31243896484375 -0.188446044921875
-0.0116748809814453 -0.0293331146240234 -0.288116455078125 0.19580078125
0.0214118957519531 -0.0305347442626953 -0.282806396484375 -0.11444091796875
0.0127983093261719 -0.0187339782714844 -0.0465087890625 -0.492095947265625
0.000325202941894532 0.0121040344238281 0.457305908203125 -0.5450439453125
-0.00295448303222656 0.0187873840332031 0.83050537109375 0.1365966796875
-0.00179481506347656 -0.0184154510498047 0.465576171875 0.8519287109375
0.0164127349853516 0.0124378204345703 -0.094970703125 0.70343017578125
0.0106086730957031 0.0227737426757812 0.0369682312011719 0.0665550231933594
0.0149421691894531 0.00567531585693359 0.18426513671875 -0.65496826171875
0.0197067260742188 -0.0138530731201172 -0.44647216796875 -0.8690185546875
0.0051426887512207 -0.00148773193359375 -0.8612060546875 -0.0918579101562499
0.000501632690429687 -0.00464344024658203 -0.412689208984375 0.538299560546875
0.0115623474121094 -0.0255298614501953 0.0762939453125 0.490509033203125
0.000854492187499999 -0.012761116027832 0.33990478515625 0.118438720703125
-0.00267314910888672 -0.00628089904785156 0.3079833984375 -0.19049072265625
-0.0148220062255859 -0.0337181091308594 -0.28375244140625 0.2113037109375
0.0143556594848633 -0.0166053771972656 -0.302215576171875 -0.108001708984375
0.00612783432006836 0.00420475006103516 -0.0865478515625 -0.4873046875
-0.00449180603027344 0.0290756225585938 0.42120361328125 -0.572998046875
-0.0127477645874023 0.00783634185791015 0.8375244140625 0.072509765625
-0.0183944702148437 -0.0577468872070313 0.51495361328125 0.8079833984375
0.0189361572265625 -0.0339603424072266 -0.0576171875 0.70159912109375
0.0378379821777344 -0.0163650512695313 0.036590576171875 0.073028564453125
0.020538330078125 -0.0385322570800781 0.196044921875 -0.65875244140625
0.00641632080078125 -0.0520172119140625 -0.42364501953125 -0.89508056640625
-0.00695419311523438 -0.0139293670654297 -0.8665771484375 -0.12322998046875
-0.00379753112792969 0.0106487274169922 -0.435089111328125 0.529937744140625
0.000690221786499023 -0.00349164009094238 0.052520751953125 0.49676513671875
-0.00492143630981445 -0.000691890716552735 0.32574462890625 0.11181640625
-0.00673675537109375 -0.00799083709716797 0.307769775390625 -0.1895751953125
-0.0135860443115234 -0.0272140502929688 -0.275619506835938 0.213211059570312
0.0159740447998047 -0.0187320709228516 -0.29815673828125 -0.105926513671875
0.00604772567749023 0.00609207153320313 -0.090057373046875 -0.486297607421875
-0.00564956665039063 0.0294094085693359 0.41436767578125 -0.57415771484375
-0.0134973526000977 0.00727176666259765 0.83367919921875 0.06927490234375
-0.0177383422851563 -0.0559768676757813 0.52325439453125 0.80804443359375
0.0207481384277344 -0.0306205749511719 -0.05267333984375 0.7135009765625
0.0375556945800781 -0.012176513671875 0.033416748046875 0.0799484252929688
0.0223350524902344 -0.0356216430664063 0.20086669921875 -0.65264892578125
0.0083160400390625 -0.0502510070800781 -0.41326904296875 -0.90155029296875
-0.00832271575927735 -0.0140361785888672 -0.8670654296875 -0.13665771484375
-0.005828857421875 0.0122690200805664 -0.445770263671875 0.52587890625
-0.000896215438842774 -0.00131666660308838 0.046478271484375 0.49542236328125
-0.00399899482727051 -0.00245308876037598 0.329681396484375 0.111724853515625
-0.00486612319946289 -0.00232839584350586 0.3087158203125 -0.187286376953125
-0.0109138488769531 -0.0238533020019531 -0.272048950195312 0.21478271484375
0.0177974700927734 -0.0207252502441406 -0.2933349609375 -0.103729248046875
0.00475454330444336 0.00518560409545898 -0.089996337890625 -0.485321044921875
-0.0059051513671875 0.0290985107421875 0.40826416015625 -0.5738525390625
-0.0129299163818359 0.00890445709228515 0.82965087890625 0.0670166015625
-0.0163307189941406 -0.0511817932128906 0.52392578125 0.8101806640625
0.0209598541259766 -0.0240840911865234 -0.0528564453124999 0.7174072265625
0.0338573455810547 -0.00628089904785156 0.0308685302734375 0.0852432250976563
0.0220489501953125 -0.0285243988037109 0.20440673828125 -0.646240234375
0.0109481811523437 -0.0462646484375 -0.40765380859375 -0.89892578125
-0.00811195373535157 -0.0120716094970703 -0.8665771484375 -0.1396484375
-0.00677680969238281 0.0111331939697266 -0.449310302734375 0.52532958984375
-0.00155997276306152 -0.00290274620056152 0.046112060546875 0.493988037109375
-0.00264763832092285 -0.00419425964355469 0.333740234375 0.114166259765625
-0.00135838985443115 -0.00044560432434082 0.31317138671875 -0.1871337890625
-0.0088653564453125 -0.0205192565917969 -0.268722534179688 0.214065551757813
0.0183696746826172 -0.0240688323974609 -0.28961181640625 -0.1025390625
0.00591516494750977 0.00225067138671875 -0.0876770019531251 -0.48614501953125
-0.0052337646484375 0.0261745452880859 0.40899658203125 -0.57379150390625
-0.0128870010375977 0.0108022689819336 0.83258056640625 0.0716552734375
-0.0128746032714844 -0.0447463989257813 0.52545166015625 0.81719970703125
0.0210151672363281 -0.0157966613769531 -0.051025390625 0.72119140625
0.0295982360839844 0.00105476379394531 0.0293502807617188 0.0871200561523438
0.0217018127441406 -0.020721435546875 0.203125 -0.64398193359375
0.012908935546875 -0.0391044616699219 -0.40875244140625 -0.896484375
-0.00628280639648437 -0.00923442840576172 -0.86932373046875 -0.13653564453125
-0.00565719604492187 0.0089101791381836 -0.450042724609375 0.523284912109375
-0.000683307647705078 -0.00551509857177734 0.0494384765625 0.492584228515625
-0.00203418731689453 -0.00620317459106445 0.3367919921875 0.114715576171875
0.000973701477050781 0.00220656394958496 0.313934326171875 -0.1868896484375
-0.00844573974609375 -0.0205783843994141 -0.270523071289063 0.213058471679688
0.0203971862792969 -0.0263252258300781 -0.287200927734375 -0.10302734375
0.00649309158325195 -0.00222587585449219 -0.079833984375 -0.48712158203125
-0.00437355041503906 0.0243377685546875 0.414794921875 -0.56805419921875
-0.0104579925537109 0.0126113891601563 0.83038330078125 0.08270263671875
-0.00925445556640625 -0.0368537902832031 0.5164794921875 0.82354736328125
0.0199966430664062 -0.0058746337890625 -0.0618896484374999 0.721435546875
0.0240097045898438 0.00936126708984375 0.029205322265625 0.0864028930664063
0.0205879211425781 -0.0111179351806641 0.20068359375 -0.64251708984375
0.0159568786621094 -0.0303688049316406 -0.41204833984375 -0.88958740234375
-0.00307750701904297 -0.00687360763549805 -0.867431640625 -0.12884521484375
-0.00414466857910156 0.00683116912841797 -0.444244384765625 0.525421142578125
0.00224876403808594 -0.00976085662841797 0.0542602539062499 0.49188232421875
0.000432968139648438 -0.00790643692016602 0.34051513671875 0.11578369140625
0.00165128707885742 0.00210976600646973 0.313140869140625 -0.187744140625
-0.00856399536132813 -0.0213947296142578 -0.2744140625 0.210113525390625
0.0199832916259766 -0.0285701751708984 -0.285064697265625 -0.104736328125
0.00839900970458984 -0.00784492492675781 -0.074127197265625 -0.48974609375
-0.00339889526367188 0.0195999145507812 0.426025390625 -0.564208984375
-0.00820732116699219 0.0142488479614258 0.83154296875 0.0926513671875
-0.00614166259765625 -0.0289249420166016 0.50616455078125 0.832763671875
0.0195941925048828 0.0028839111328125 -0.0672607421875001 0.72100830078125
0.018463134765625 0.0164890289306641 0.03076171875 0.0815811157226563
0.0184555053710938 -0.00342369079589844 0.193359375 -0.6461181640625
0.0178146362304688 -0.0239315032958984 -0.42694091796875 -0.881103515625
0.000399589538574218 -0.0044102668762207 -0.867919921875 -0.112548828125
-0.00289154052734375 0.00213551521301269 -0.43408203125 0.532073974609375
0.00502300262451172 -0.0151653289794922 0.062744140625 0.49249267578125
0.00157356262207031 -0.0101613998413086 0.34344482421875 0.114990234375
0.000306606292724609 0.00125753879547119 0.31378173828125 -0.18951416015625
-0.0100040435791016 -0.0247840881347656 -0.279296875 0.205398559570313
0.0203762054443359 -0.0291290283203125 -0.284149169921875 -0.106475830078125
0.00963592529296875 -0.0140466690063477 -0.063873291015625 -0.493133544921875
-0.00121498107910156 0.0157318115234375 0.43896484375 -0.559326171875
-0.00552272796630859 0.016871452331543 0.832763671875 0.1090087890625
-0.004241943359375 -0.0232734680175781 0.49267578125 0.8402099609375
0.0177192687988281 0.00880622863769531 -0.0759277343749999 0.7130126953125
0.0140933990478516 0.0209598541259766 0.0341415405273438 0.0748138427734375
0.0170450210571289 0.00342559814453125 0.18609619140625 -0.65216064453125
0.0193195343017578 -0.0173435211181641 -0.442138671875 -0.8707275390625
0.0034797191619873 -0.00278687477111816 -0.86614990234375 -0.0956420898437499
-0.000128746032714844 -0.0016549825668335 -0.42108154296875 0.538421630859375
0.00963973999023438 -0.0209197998046875 0.073333740234375 0.49163818359375
0.00125408172607422 -0.0117197036743164 0.34356689453125 0.11419677734375
-0.00042569637298584 -0.00182163715362549 0.310272216796875 -0.193206787109375
-0.0125713348388672 -0.0286769866943359 -0.28533935546875 0.20098876953125
0.0203857421875 -0.0299968719482422 -0.284698486328125 -0.110137939453125
0.0125694274902344 -0.0192050933837891 -0.055023193359375 -0.49267578125
0.0007781982421875 0.0125265121459961 0.45086669921875 -0.5523681640625
-0.00288772583007813 0.0179767608642578 0.8338623046875 0.125732421875
-0.0024566650390625 -0.0187530517578125 0.4803466796875 0.8499755859375
0.0157814025878906 0.0128698348999023 -0.0852050781250001 0.707763671875
0.0108757019042969 0.0229110717773438 0.0376472473144531 0.0660667419433594
0.014256477355957 0.00618362426757812 0.1766357421875 -0.658935546875
0.0198707580566406 -0.0143356323242188 -0.45904541015625 -0.8642578125
0.00575733184814453 -0.00130891799926758 -0.86431884765625 -0.0795898437500001
0.000523090362548828 -0.00568485260009766 -0.4063720703125 0.54486083984375
0.0109214782714844 -0.0254344940185547 0.083251953125 0.491302490234375
0.000697135925292968 -0.0123682022094727 0.3424072265625 0.1124267578125
-0.00296211242675781 -0.00518894195556641 0.305572509765625 -0.19561767578125
-0.0158710479736328 -0.0329113006591797 -0.279266357421875 0.21563720703125
0.0135946273803711 -0.0169305801391602 -0.30438232421875 -0.104522705078125
0.00708723068237305 0.00422525405883789 -0.095123291015625 -0.48583984375
-0.00383758544921875 0.030181884765625 0.41015625 -0.58062744140625
-0.0126543045043945 0.00669765472412109 0.83697509765625 0.059326171875
-0.0195083618164063 -0.0584602355957031 0.5281982421875 0.801513671875
0.01861572265625 -0.0340557098388672 -0.0474853515625001 0.70269775390625
0.0376129150390625 -0.0156478881835938 0.0375900268554688 0.0721282958984375
0.0199508666992188 -0.0385398864746094 0.186767578125 -0.66046142578125
0.00594711303710937 -0.0514183044433594 -0.43695068359375 -0.8876953125
-0.0072784423828125 -0.0142335891723633 -0.8685302734375 -0.1134033203125
-0.00417613983154297 0.0110206604003906 -0.42706298828125 0.535797119140625
0.000265359878540039 -0.00325441360473633 0.058746337890625 0.49591064453125
-0.00536632537841797 -0.000521659851074219 0.326812744140625 0.106170654296875
-0.00657033920288086 -0.00703001022338867 0.304656982421875 -0.194061279296875
-0.0135517120361328 -0.0260372161865234 -0.270736694335938 0.217575073242188
0.0150814056396484 -0.0190143585205078 -0.2994384765625 -0.10064697265625
0.0059657096862793 0.00604152679443359 -0.0967712402343751 -0.4835205078125
-0.00396156311035157 0.0303192138671875 0.40472412109375 -0.57958984375
-0.0130271911621094 0.00673389434814453 0.83624267578125 0.05596923828125
-0.0194435119628906 -0.0564231872558594 0.53826904296875 0.8017578125
0.02001953125 -0.0305061340332031 -0.043701171875 0.7138671875
0.0371589660644531 -0.0113716125488281 0.03466796875 0.0801620483398438
0.0219764709472656 -0.03509521484375 0.19305419921875 -0.6541748046875
0.00772476196289063 -0.0506515502929688 -0.42498779296875 -0.895263671875
-0.0087127685546875 -0.0131330490112305 -0.87109375 -0.12652587890625
-0.00483989715576172 0.0115299224853516 -0.438995361328125 0.53106689453125
-0.00113904476165772 -0.00169467926025391 0.05389404296875 0.494049072265625
-0.00473642349243164 -0.00241470336914063 0.330169677734375 0.10626220703125
-0.00423383712768555 -0.0019688606262207 0.305084228515625 -0.192169189453125
-0.0114002227783203 -0.0226707458496094 -0.267669677734375 0.219573974609375
0.0164718627929688 -0.021209716796875 -0.2950439453125 -0.0994873046875
0.00559616088867188 0.00508403778076172 -0.09637451171875 -0.484466552734375
-0.00454330444335938 0.0301723480224609 0.39874267578125 -0.5804443359375
-0.0139017105102539 0.00862312316894531 0.83135986328125 0.0538330078125
-0.0168190002441406 -0.052154541015625 0.53753662109375 0.80242919921875
0.0197505950927734 -0.0239219665527344 -0.04205322265625 0.7177734375
0.0346546173095703 -0.00646781921386719 0.0320281982421875 0.0850830078125
0.0219841003417969 -0.0287132263183594 0.19598388671875 -0.64788818359375
0.009735107421875 -0.0462226867675781 -0.41973876953125 -0.89398193359375
-0.00828456878662109 -0.0123805999755859 -0.8699951171875 -0.12579345703125
-0.00639247894287109 0.011662483215332 -0.442352294921875 0.53070068359375
-0.00244903564453125 -0.00285959243774414 0.053070068359375 0.4930419921875
-0.0028383731842041 -0.00377559661865234 0.33447265625 0.109161376953125
-0.00181043148040772 -0.00038611888885498 0.309539794921875 -0.1917724609375
-0.00952911376953125 -0.0191841125488281 -0.264892578125 0.218612670898437
0.0172557830810547 -0.0248928070068359 -0.290863037109375 -0.0982666015625
0.00548505783081055 0.00132083892822266 -0.09454345703125 -0.48529052734375
-0.00482368469238281 0.0268955230712891 0.39990234375 -0.58038330078125
-0.0125598907470703 0.0106534957885742 0.83233642578125 0.05780029296875
-0.0139007568359375 -0.0448265075683594 0.54010009765625 0.8094482421875
0.0207328796386719 -0.0157203674316406 -0.04150390625 0.7210693359375
0.0301704406738281 0.00135040283203125 0.0303878784179687 0.0871963500976563
0.0213603973388672 -0.0204486846923828 0.1929931640625 -0.646240234375
0.0122451782226563 -0.0388565063476562 -0.42254638671875 -0.89093017578125
-0.00665950775146484 -0.00962352752685547 -0.871826171875 -0.12432861328125
-0.00553035736083984 0.00933837890625 -0.441558837890625 0.5291748046875
-0.00016021728515625 -0.00551080703735352 0.055419921875 0.49139404296875
-0.00181198120117188 -0.00610208511352539 0.337646484375 0.109283447265625
0.000412702560424805 0.00308871269226074 0.3109130859375 -0.191497802734375
-0.00878143310546875 -0.019683837890625 -0.266326904296875 0.2166748046875
0.0184764862060547 -0.0270614624023438 -0.287628173828125 -0.09857177734375
0.00622224807739258 -0.00267124176025391 -0.087799072265625 -0.48687744140625
-0.00324630737304688 0.0238666534423828 0.40679931640625 -0.57525634765625
-0.0103683471679687 0.0125484466552734 0.83056640625 0.06939697265625
-0.010833740234375 -0.0372886657714844 0.5289306640625 0.81646728515625
0.0193462371826172 -0.00567817687988281 -0.0512084960937499 0.72161865234375
0.0244522094726563 0.0102176666259766 0.0307540893554687 0.0863418579101562
0.0200710296630859 -0.0107440948486328 0.19183349609375 -0.64599609375
0.01458740234375 -0.0313777923583984 -0.42572021484375 -0.88385009765625
-0.00353002548217774 -0.00650358200073242 -0.8699951171875 -0.1165771484375
-0.00414276123046875 0.00565147399902344 -0.43646240234375 0.531463623046875
0.00152111053466797 -0.010066032409668 0.060760498046875 0.49176025390625
-0.000396251678466796 -0.008270263671875 0.34136962890625 0.109954833984375
0.000774145126342773 0.00328731536865234 0.3104248046875 -0.193572998046875
-0.00853347778320312 -0.0199241638183594 -0.269561767578125 0.214492797851563
0.0190067291259766 -0.0290031433105469 -0.286712646484375 -0.09991455078125
0.00728130340576172 -0.00905513763427734 -0.080596923828125 -0.48858642578125
-0.00203895568847656 0.0201606750488281 0.41546630859375 -0.5699462890625
-0.00808429718017578 0.0138769149780273 0.83380126953125 0.07977294921875
-0.00710678100585937 -0.0298366546630859 0.51861572265625 0.82415771484375
0.0194606781005859 0.00219535827636719 -0.0573120117187501 0.72076416015625
0.0185565948486328 0.016815185546875 0.031402587890625 0.0814895629882813
0.0183048248291016 -0.00252914428710938 0.18450927734375 -0.6495361328125
0.0164890289306641 -0.0237445831298828 -0.438720703125 -0.87481689453125
-0.000424861907958985 -0.00499677658081055 -0.8712158203125 -0.09967041015625
-0.00241470336914062 0.00214362144470215 -0.426513671875 0.53863525390625
0.00437736511230469 -0.0156126022338867 0.07025146484375 0.490631103515625
0.000188827514648437 -0.0101795196533203 0.344573974609375 0.11016845703125
0.000272274017333984 0.00151872634887695 0.309661865234375 -0.1959228515625
-0.00992965698242188 -0.0238800048828125 -0.275054931640625 0.2108154296875
0.0189628601074219 -0.0299720764160156 -0.285400390625 -0.1026611328125
0.00904464721679688 -0.014613151550293 -0.070526123046875 -0.491363525390625
0.000331878662109376 0.0163078308105469 0.42791748046875 -0.5673828125
-0.00608730316162109 0.0162973403930664 0.835693359375 0.0947265625
-0.00528907775878906 -0.0241985321044922 0.50494384765625 0.8348388671875
0.0173540115356445 0.009796142578125 -0.06414794921875 0.713623046875
0.0144062042236328 0.0215435028076172 0.0344161987304688 0.07476806640625
0.0166206359863281 0.00371074676513672 0.17669677734375 -0.65325927734375
0.0185737609863281 -0.0182685852050781 -0.45489501953125 -0.8653564453125
0.0032346248626709 -0.00258207321166992 -0.8692626953125 -0.0835571289062498
-0.000894546508789062 -0.00219130516052246 -0.41461181640625 0.54266357421875
0.00748443603515625 -0.0210952758789063 0.07867431640625 0.490875244140625
0.000791549682617187 -0.0109739303588867 0.344390869140625 0.108367919921875
-0.00130939483642578 -0.00145041942596436 0.307098388671875 -0.197418212890625
-0.0126228332519531 -0.0275230407714844 -0.280624389648437 0.20660400390625
0.0182418823242187 -0.0310630798339844 -0.2860107421875 -0.105926513671875
0.0127754211425781 -0.0196437835693359 -0.062164306640625 -0.4915771484375
0.00177097320556641 0.0130424499511719 0.440643310546875 -0.5599365234375
-0.0034027099609375 0.0175466537475586 0.8369140625 0.110107421875
-0.0039215087890625 -0.0202407836914063 0.4925537109375 0.84210205078125
0.0166358947753906 0.0127153396606445 -0.07354736328125 0.707763671875
0.0119438171386719 0.0232715606689453 0.0377044677734375 0.0660972595214844
0.0143642425537109 0.00673675537109375 0.16619873046875 -0.661865234375
0.0186271667480469 -0.0144290924072266 -0.47076416015625 -0.85693359375
0.00572443008422852 -0.000723361968994141 -0.8675537109375 -0.0670166015625001
0.000794887542724609 -0.00531768798828125 -0.4010009765625 0.550537109375
0.0104541778564453 -0.0263786315917969 0.0897521972656249 0.48980712890625
0.000129699707031251 -0.0122604370117188 0.343353271484375 0.10791015625
-0.00341320037841797 -0.00414538383483887 0.302032470703125 -0.200164794921875
-0.0156497955322266 -0.0315780639648438 -0.273391723632813 0.220062255859375
0.0123462677001953 -0.0165090560913086 -0.303802490234375 -0.099945068359375
0.00656461715698242 0.00322771072387695 -0.102569580078125 -0.482513427734375
-0.00211906433105468 0.0303440093994141 0.4017333984375 -0.58526611328125
-0.0131359100341797 0.00659084320068359 0.83544921875 0.04486083984375
-0.0209579467773438 -0.0589523315429688 0.53985595703125 0.7918701171875
0.0178318023681641 -0.0338172912597656 -0.03790283203125 0.7027587890625
0.0381927490234375 -0.0151939392089844 0.0370559692382813 0.0720367431640625
0.0195350646972656 -0.0386505126953125 0.177001953125 -0.6611328125
0.00566864013671875 -0.0516471862792969 -0.44830322265625 -0.87841796875
-0.00757026672363281 -0.0142145156860352 -0.8714599609375 -0.0995483398437501
-0.00377655029296875 0.0104103088378906 -0.421234130859375 0.541107177734375
-0.000300645828247071 -0.00326204299926758 0.066680908203125 0.493743896484375
-0.00507497787475586 -0.000302314758300782 0.32635498046875 0.101531982421875
-0.00628328323364258 -0.00633144378662109 0.3006591796875 -0.197662353515625
-0.0137672424316406 -0.0251350402832031 -0.265243530273438 0.221725463867188
0.0134716033935547 -0.0194015502929688 -0.299957275390625 -0.0947265625
0.0054783821105957 0.00609397888183594 -0.104583740234375 -0.481903076171875
-0.00328636169433594 0.0308685302734375 0.39361572265625 -0.58673095703125
-0.0139570236206055 0.00656890869140625 0.833984375 0.04205322265625
-0.0204620361328125 -0.0565910339355469 0.54779052734375 0.793212890625
0.0199012756347656 -0.0304756164550781 -0.03424072265625 0.71209716796875
0.0368766784667969 -0.0122871398925781 0.034942626953125 0.079437255859375
0.0205116271972656 -0.0346927642822266 0.182373046875 -0.65582275390625
0.00654983520507812 -0.0504875183105469 -0.4354248046875 -0.887939453125
-0.0083627700805664 -0.0138950347900391 -0.870849609375 -0.11181640625
-0.00518703460693359 0.0114870071411133 -0.43072509765625 0.538726806640625
-0.00177884101867676 -0.00201618671417236 0.059661865234375 0.4912109375
-0.0045623779296875 -0.00254964828491211 0.329864501953125 0.1009521484375
-0.00466251373291016 -0.000678539276123047 0.3013916015625 -0.196624755859375
-0.0109748840332031 -0.021881103515625 -0.263290405273438 0.223678588867188
0.0161914825439453 -0.021697998046875 -0.296630859375 -0.09564208984375
0.00538349151611328 0.00366449356079102 -0.1044921875 -0.482421875
-0.00302314758300781 0.0308246612548828 0.38909912109375 -0.5859375
-0.0135564804077148 0.00826644897460938 0.8309326171875 0.0391845703125
-0.0174331665039063 -0.0523452758789063 0.54986572265625 0.79541015625
0.0200424194335938 -0.0241222381591797 -0.03173828125 0.7171630859375
0.0350990295410156 -0.00501632690429688 0.0313491821289062 0.0847244262695313
0.0205574035644531 -0.0279808044433594 0.18658447265625 -0.6478271484375
0.00885391235351562 -0.0461921691894531 -0.43255615234375 -0.8839111328125
-0.00828647613525391 -0.0130128860473633 -0.87060546875 -0.1143798828125
-0.00598239898681641 0.0114812850952148 -0.43597412109375 0.53533935546875
-0.00205051898956299 -0.00201559066772461 0.059906005859375 0.491455078125
-0.00371170043945313 -0.00324892997741699 0.335052490234375 0.103057861328125
-0.00223064422607422 0.0018153190612793 0.305023193359375 -0.195587158203125
-0.00987625122070312 -0.0179309844970703 -0.25927734375 0.223007202148438
0.0157642364501953 -0.0243415832519531 -0.291748046875 -0.09368896484375
0.00594472885131836 0.00158882141113281 -0.102508544921875 -0.481842041015625
-0.00375938415527344 0.0272750854492188 0.3885498046875 -0.58477783203125
-0.0128087997436523 0.00981616973876953 0.83221435546875 0.045654296875
-0.0155410766601563 -0.0458297729492188 0.55072021484375 0.79840087890625
0.0206298828125 -0.0161399841308594 -0.0321044921875 0.72186279296875
0.0307598114013672 0.000789642333984375 0.0304946899414063 0.08709716796875
0.0220165252685547 -0.0202827453613281 0.183349609375 -0.64715576171875
0.0110435485839844 -0.03924560546875 -0.43359375 -0.88323974609375
-0.00673484802246094 -0.00937747955322266 -0.87255859375 -0.1119384765625
-0.00582218170166016 0.00832414627075195 -0.434661865234375 0.536407470703125
-0.0012660026550293 -0.00575685501098633 0.06256103515625 0.49017333984375
-0.00200796127319336 -0.00560522079467773 0.337615966796875 0.10345458984375
0.000489950180053711 0.00314712524414062 0.30615234375 -0.1962890625
-0.00928306579589844 -0.0180778503417969 -0.260406494140625 0.2210693359375
0.0176715850830078 -0.0271835327148437 -0.28717041015625 -0.0940856933593749
0.00678682327270508 -0.0032191276550293 -0.09576416015625 -0.484344482421875
-0.00263404846191406 0.0251846313476563 0.39654541015625 -0.5794677734375
-0.00974082946777343 0.0121221542358398 0.82965087890625 0.0556640625
-0.0112762451171875 -0.0381698608398438 0.5400390625 0.80755615234375
0.0196514129638672 -0.00670623779296875 -0.03936767578125 0.7218017578125
0.0250415802001953 0.0106410980224609 0.0303497314453125 0.0856170654296875
0.0203571319580078 -0.0105686187744141 0.181640625 -0.64599609375
0.0143871307373047 -0.0313491821289063 -0.434814453125 -0.87750244140625
-0.00330352783203125 -0.00736761093139649 -0.87115478515625 -0.1046142578125
-0.0028533935546875 0.00612211227416992 -0.43023681640625 0.537078857421875
0.000764846801757813 -0.00951004028320313 0.0693054199218749 0.489227294921875
-0.000760555267333984 -0.00732517242431641 0.3408203125 0.103363037109375
0.00137209892272949 0.00396251678466797 0.3065185546875 -0.197662353515625
-0.00904464721679688 -0.0190753936767578 -0.26495361328125 0.219268798828125
0.0181236267089844 -0.0288753509521484 -0.285980224609375 -0.096160888671875
0.00716400146484375 -0.00922966003417969 -0.0888671875 -0.486358642578125
-0.00124359130859375 0.0209293365478516 0.40570068359375 -0.57513427734375
-0.00748252868652343 0.0138540267944336 0.83294677734375 0.0667724609375
-0.00857925415039063 -0.0305309295654297 0.53179931640625 0.817626953125
0.0188827514648438 0.00238037109375 -0.0474853515625 0.7205810546875
0.020233154296875 0.0172576904296875 0.0321197509765625 0.08062744140625
0.0183658599853516 -0.00253486633300781 0.1754150390625 -0.6497802734375
0.016265869140625 -0.0237560272216797 -0.4510498046875 -0.86944580078125
-4.43458557128904E-05 -0.00484943389892578 -0.87158203125 -0.08807373046875
-0.0027468204498291 0.00203275680541992 -0.4190673828125 0.5433349609375
0.00452327728271484 -0.0155706405639648 0.07830810546875 0.48858642578125
-0.000562667846679687 -0.00981330871582031 0.34307861328125 0.104217529296875
0.00103259086608887 0.00298309326171875 0.30548095703125 -0.1995849609375
-0.0106582641601563 -0.02191162109375 -0.269088745117187 0.21490478515625
0.0172367095947266 -0.0300369262695313 -0.285736083984375 -0.09722900390625
0.00889968872070312 -0.0150156021118164 -0.076873779296875 -0.490234375
0.000390052795410155 0.0166606903076172 0.4178466796875 -0.57275390625
-0.00532913208007812 0.015869140625 0.83392333984375 0.08221435546875
-0.00545310974121094 -0.0242900848388672 0.517333984375 0.82659912109375
0.0176582336425781 0.0087432861328125 -0.054931640625 0.71435546875
0.0152473449707031 0.0221176147460938 0.0354995727539063 0.0743331909179688
0.016575813293457 0.00388813018798828 0.1669921875 -0.65557861328125
0.0180549621582031 -0.0180149078369141 -0.4652099609375 -0.8564453125
0.00308728218078613 -0.00291705131530762 -0.86993408203125 -0.07122802734375
-0.000824570655822754 -0.00165402889251709 -0.40557861328125 0.548248291015625
0.00629234313964844 -0.0206184387207031 0.08697509765625 0.48834228515625
0.000257492065429687 -0.0115146636962891 0.344024658203125 0.102874755859375
-0.00151705741882324 -0.000342369079589844 0.303253173828125 -0.201934814453125
-0.0131645202636719 -0.0260334014892578 -0.275833129882813 0.211029052734375
0.0170688629150391 -0.0315456390380859 -0.286346435546875 -0.10101318359375
0.0120353698730469 -0.0206661224365234 -0.069610595703125 -0.491943359375
0.00177097320556641 0.0136747360229492 0.4310302734375 -0.5672607421875
-0.00345230102539062 0.0168485641479492 0.8345947265625 0.09771728515625
-0.00477409362792969 -0.0202980041503906 0.50396728515625 0.83294677734375
0.016510009765625 0.0127363204956055 -0.06451416015625 0.70733642578125
0.0116004943847656 0.0242099761962891 0.038787841796875 0.0658950805664063
0.014124870300293 0.00662517547607422 0.15631103515625 -0.66046142578125
0.0188426971435547 -0.0144195556640625 -0.48193359375 -0.84796142578125
0.00621366500854492 -0.00204229354858398 -0.86761474609375 -0.0556640625
0.000586509704589844 -0.00556659698486328 -0.392364501953125 0.554168701171875
0.00934982299804688 -0.0257244110107422 0.0960693359375001 0.4866943359375
8.10623168945301E-05 -0.0113134384155273 0.343017578125 0.1021728515625
-0.00384950637817383 -0.00319552421569824 0.29827880859375 -0.2047119140625
-0.0157012939453125 -0.0303134918212891 -0.268096923828125 0.223480224609375
0.0117683410644531 -0.0173778533935547 -0.303802490234375 -0.0954895019531251
0.00668573379516602 0.00326633453369141 -0.10784912109375 -0.4803466796875
-0.00161361694335937 0.0306968688964844 0.3902587890625 -0.5894775390625
-0.012639045715332 0.00640010833740234 0.8338623046875 0.03253173828125
-0.0229530334472656 -0.0594024658203125 0.550048828125 0.78240966796875
0.0182113647460938 -0.0339794158935547 -0.02777099609375 0.7000732421875
0.0379142761230469 -0.0159149169921875 0.0385894775390625 0.0714569091796875
0.0188140869140625 -0.0373649597167969 0.1680908203125 -0.65948486328125
0.00429153442382813 -0.0508346557617188 -0.45855712890625 -0.86907958984375
-0.00803947448730469 -0.0141878128051758 -0.86859130859375 -0.0869140625000002
-0.00363826751708984 0.010981559753418 -0.41278076171875 0.54486083984375
-0.000631570816040039 -0.00252246856689453 0.072174072265625 0.491455078125
-0.00649309158325195 -0.000231742858886718 0.32537841796875 0.096160888671875
-0.00667905807495117 -0.00467491149902344 0.296112060546875 -0.201263427734375
-0.0143051147460938 -0.0236434936523438 -0.259765625 0.2254638671875
0.0125141143798828 -0.0199165344238281 -0.29974365234375 -0.0913696289062501
0.00622177124023438 0.00568389892578125 -0.11175537109375 -0.478729248046875
-0.00166702270507812 0.0312747955322266 0.38336181640625 -0.58892822265625
-0.014674186706543 0.00636196136474609 0.83245849609375 0.029296875
-0.0211830139160156 -0.0568428039550781 0.55712890625 0.781982421875
0.0181407928466797 -0.0304908752441406 -0.02239990234375 0.7113037109375
0.0377655029296875 -0.0110397338867188 0.0350265502929687 0.0795822143554687
0.0200099945068359 -0.0345554351806641 0.1744384765625 -0.655029296875
0.0060882568359375 -0.0494842529296875 -0.447998046875 -0.87750244140625
-0.0091552734375 -0.0135030746459961 -0.87060546875 -0.1014404296875
-0.005218505859375 0.0111589431762695 -0.4234619140625 0.53985595703125
-0.0018768310546875 -0.000414133071899414 0.065582275390625 0.4881591796875
-0.00470209121704102 -0.00137472152709961 0.3287353515625 0.095855712890625
-0.00350069999694824 0.000368356704711913 0.296875 -0.20013427734375
-0.0110282897949219 -0.0202865600585937 -0.256576538085938 0.227401733398438
0.0142784118652344 -0.021270751953125 -0.2945556640625 -0.09002685546875
0.00608539581298828 0.00459146499633789 -0.111968994140625 -0.477813720703125
-0.00293731689453125 0.0302886962890625 0.37847900390625 -0.590087890625
-0.0138111114501953 0.00776767730712891 0.82666015625 0.02655029296875
-0.0196685791015625 -0.0521240234375 0.55865478515625 0.781982421875
0.0197162628173828 -0.0240707397460938 -0.0223388671875 0.71490478515625
0.0350341796875 -0.00574302673339844 0.0327835083007812 0.0847091674804688
0.0211639404296875 -0.0281467437744141 0.1773681640625 -0.64739990234375
0.00857925415039063 -0.0451622009277344 -0.43988037109375 -0.8756103515625
-0.00780677795410157 -0.0121059417724609 -0.87017822265625 -0.10137939453125
-0.00613880157470703 0.0112199783325195 -0.42608642578125 0.53839111328125
-0.00271701812744141 -0.00198483467102051 0.065185546875 0.487945556640625
-0.00403380393981934 -0.00314617156982422 0.33319091796875 0.098236083984375
-0.00151681900024414 0.00260782241821289 0.301605224609375 -0.1995849609375
-0.00911521911621094 -0.0171871185302734 -0.2532958984375 0.225982666015625
0.0149974822998047 -0.024383544921875 -0.29132080078125 -0.08843994140625
0.00611162185668945 0.00182104110717773 -0.108306884765625 -0.479156494140625
-0.00242042541503906 0.0282363891601562 0.377197265625 -0.58880615234375
-0.0127592086791992 0.00969696044921875 0.82843017578125 0.0313720703125
-0.01629638671875 -0.0467109680175781 0.55975341796875 0.79010009765625
0.0199928283691406 -0.016693115234375 -0.02105712890625 0.7186279296875
0.0303764343261719 0.00229072570800781 0.03118896484375 0.086456298828125
0.0201778411865234 -0.0205116271972656 0.17431640625 -0.646484375
0.0104713439941406 -0.0385360717773438 -0.44317626953125 -0.8739013671875
-0.00616168975830078 -0.00968837738037109 -0.8720703125 -0.1004638671875
-0.00565528869628906 0.00886821746826172 -0.42730712890625 0.537872314453125
-0.00134181976318359 -0.00519371032714844 0.0687866210937499 0.486328125
-0.0030207633972168 -0.00571870803833008 0.3369140625 0.09735107421875
0.00104856491088867 0.00486898422241211 0.301788330078125 -0.199859619140625
-0.00882816314697266 -0.0167655944824219 -0.254684448242188 0.223648071289062
0.0161457061767578 -0.0274524688720703 -0.28778076171875 -0.0897216796875
0.00587320327758789 -0.0030364990234375 -0.1014404296875 -0.48052978515625
-0.00177383422851562 0.0247077941894531 0.38568115234375 -0.58441162109375
-0.0100679397583008 0.0115489959716797 0.82574462890625 0.0408935546875
-0.0120315551757813 -0.0388565063476563 0.55181884765625 0.79583740234375
0.0195732116699219 -0.00642204284667969 -0.02923583984375 0.71905517578125
0.0260753631591797 0.01055908203125 0.0308609008789062 0.0853424072265625
0.0192794799804688 -0.0103359222412109 0.1719970703125 -0.64447021484375
0.0131034851074219 -0.0309772491455078 -0.447265625 -0.8665771484375
-0.00423812866210938 -0.00755119323730469 -0.86834716796875 -0.09210205078125
-0.00440073013305664 0.00570487976074219 -0.420135498046875 0.539703369140625
0.000309944152832032 -0.00951290130615234 0.074005126953125 0.48638916015625
-0.00125932693481445 -0.00738763809204102 0.33990478515625 0.097259521484375
0.000845909118652344 0.00539350509643555 0.301666259765625 -0.20135498046875
-0.00932502746582032 -0.0176124572753906 -0.25909423828125 0.22210693359375
0.0160045623779297 -0.029022216796875 -0.28607177734375 -0.091644287109375
0.00697135925292969 -0.00925731658935547 -0.0938720703125 -0.483642578125
-0.000843048095703126 0.0215396881103516 0.393310546875 -0.57977294921875
-0.00772571563720703 0.0141592025756836 0.8284912109375 0.05352783203125
-0.00837898254394531 -0.0314064025878906 0.5401611328125 0.80560302734375
0.0192470550537109 0.001495361328125 -0.03619384765625 0.718017578125
0.02020263671875 0.0166358947753906 0.0323104858398437 0.0807723999023438
0.0179023742675781 -0.00248908996582031 0.1644287109375 -0.64886474609375
0.0160808563232422 -0.0233650207519531 -0.46051025390625 -0.8570556640625
-0.000510692596435547 -0.00518083572387695 -0.869140625 -0.076416015625
-0.00250792503356934 0.00145530700683594 -0.41094970703125 0.546844482421875
0.00365924835205078 -0.0144977569580078 0.0832519531249999 0.485321044921875
-0.000499725341796874 -0.00953388214111328 0.343719482421875 0.098724365234375
0.000336408615112304 0.00411677360534668 0.301361083984375 -0.202850341796875
-0.0112781524658203 -0.0207366943359375 -0.263946533203125 0.21875
0.0162124633789062 -0.0311546325683594 -0.285125732421875 -0.0932922363281249
0.00890827178955078 -0.0153656005859375 -0.085113525390625 -0.4869384765625
0.0011749267578125 0.017491340637207 0.40789794921875 -0.57550048828125
-0.0054931640625 0.0154027938842773 0.8299560546875 0.06964111328125
-0.00673484802246094 -0.0251331329345703 0.52752685546875 0.81646728515625
0.0179901123046875 0.00889205932617188 -0.0452880859374999 0.7127685546875
0.0157508850097656 0.0226402282714844 0.0354995727539063 0.073883056640625
0.0162086486816406 0.00410270690917969 0.15673828125 -0.6544189453125
0.0171051025390625 -0.0179729461669922 -0.47467041015625 -0.84649658203125
0.00322866439819336 -0.00341558456420898 -0.86798095703125 -0.0600585937499999
-0.000374555587768555 -0.00201284885406494 -0.398223876953125 0.55181884765625
0.00601577758789063 -0.0205574035644531 0.09197998046875 0.48358154296875
1.7166137695313E-05 -0.0108556747436523 0.344085693359375 0.098358154296875
-0.00146114826202393 0.00134837627410889 0.29791259765625 -0.2059326171875
-0.0139389038085937 -0.0249595642089844 -0.270339965820313 0.21435546875
0.0158329010009766 -0.0308036804199219 -0.2855224609375 -0.0971984863281249
0.0119037628173828 -0.0201072692871094 -0.0763854980468751 -0.487396240234375
0.00341415405273438 0.0143556594848633 0.42041015625 -0.57122802734375
-0.00319576263427734 0.0163631439208984 0.8338623046875 0.0845947265625
-0.00497055053710937 -0.0221023559570313 0.514404296875 0.82354736328125
0.0168018341064453 0.0124721527099609 -0.05389404296875 0.70513916015625
0.0132980346679688 0.0240554809570313 0.0384407043457031 0.0652809143066406
0.0151309967041016 0.00719642639160156 0.14642333984375 -0.66119384765625
0.0181713104248047 -0.0145988464355469 -0.49090576171875 -0.838134765625
0.00591039657592773 -0.00201177597045898 -0.866455078125 -0.0443115234375
0.00118589401245117 -0.00576066970825195 -0.3843994140625 0.55712890625
0.00821113586425781 -0.0257740020751953 0.101776123046875 0.483062744140625
-0.000496864318847656 -0.0115909576416016 0.34197998046875 0.097412109375
-0.0038907527923584 -0.00225496292114258 0.294158935546875 -0.20806884765625
-0.0163803100585937 -0.0284099578857422 -0.262252807617188 0.226821899414063
0.0103321075439453 -0.0164575576782227 -0.30255126953125 -0.09002685546875
0.00622701644897461 0.00284957885742188 -0.114044189453125 -0.475921630859375
-0.00121307373046875 0.0307197570800781 0.37847900390625 -0.59173583984375
-0.013432502746582 0.00580501556396484 0.82891845703125 0.01873779296875
-0.0243186950683594 -0.0594978332519531 0.556640625 0.76959228515625
0.0166263580322266 -0.0340232849121094 -0.01898193359375 0.69708251953125
0.037994384765625 -0.0155067443847656 0.0387496948242188 0.0707778930664062
0.0177230834960937 -0.03704833984375 0.15899658203125 -0.65740966796875
0.0037689208984375 -0.0506591796875 -0.46514892578125 -0.85943603515625
-0.00772666931152343 -0.0141086578369141 -0.86639404296875 -0.0759887695312499
-0.00347614288330078 0.0101566314697266 -0.404449462890625 0.546142578125
-0.00118589401245117 -0.00258779525756836 0.0774841308593749 0.48663330078125
-0.00616836547851563 0.000473976135253906 0.32373046875 0.091278076171875
-0.00658512115478516 -0.00321483612060547 0.291473388671875 -0.205413818359375
-0.0139636993408203 -0.0224571228027344 -0.2540283203125 0.227676391601563
0.0118885040283203 -0.0193500518798828 -0.298675537109375 -0.0870361328124999
0.00628805160522461 0.0054936408996582 -0.115692138671875 -0.473724365234375
-0.0014190673828125 0.0318489074707031 0.37188720703125 -0.5911865234375
-0.0143871307373047 0.00638580322265625 0.827392578125 0.017578125
-0.0225944519042969 -0.0568580627441406 0.56414794921875 0.7716064453125
0.0183353424072266 -0.0295162200927734 -0.0130615234375001 0.70672607421875
0.03802490234375 -0.0111083984375 0.03546142578125 0.0782852172851563
0.0198917388916016 -0.0338478088378906 0.16363525390625 -0.6527099609375
0.00477981567382813 -0.0494575500488281 -0.4559326171875 -0.8670654296875
-0.00897026062011719 -0.0138921737670898 -0.8685302734375 -0.08880615234375
-0.00488567352294922 0.0109872817993164 -0.41607666015625 0.5419921875
-0.00282669067382812 -0.00102591514587402 0.07098388671875 0.48577880859375
-0.00523185729980469 -0.00158929824829102 0.327056884765625 0.09124755859375
-0.00457429885864258 0.00182533264160156 0.29150390625 -0.20343017578125
-0.0115547180175781 -0.0192165374755859 -0.2513427734375 0.230148315429688
0.0129642486572266 -0.0208778381347656 -0.2930908203125 -0.085784912109375
0.00599098205566406 0.00419712066650391 -0.1168212890625 -0.474884033203125
-0.00200843811035157 0.0303421020507812 0.36688232421875 -0.5909423828125
-0.0145101547241211 0.00685691833496094 0.82122802734375 0.0157470703125
-0.0201606750488281 -0.0525093078613281 0.5665283203125 0.7724609375
0.0187950134277344 -0.0235919952392578 -0.0123901367187501 0.71185302734375
0.0351123809814453 -0.00507545471191406 0.0332870483398438 0.084075927734375
0.0203495025634766 -0.0276699066162109 0.16827392578125 -0.644775390625
0.00726699829101563 -0.0444412231445313 -0.449951171875 -0.86572265625
-0.00824356079101562 -0.0122833251953125 -0.86737060546875 -0.0903930664062499
-0.00488376617431641 0.0102939605712891 -0.418853759765625 0.54083251953125
-0.00338578224182129 -0.00121545791625977 0.070281982421875 0.48358154296875
-0.00433588027954102 -0.00262665748596191 0.330810546875 0.093017578125
-0.00154423713684082 0.00372767448425293 0.295806884765625 -0.203155517578125
-0.00953483581542968 -0.0160703659057617 -0.2481689453125 0.22821044921875
0.0138683319091797 -0.0251102447509766 -0.289276123046875 -0.084442138671875
0.00618171691894531 0.000980854034423828 -0.1148681640625 -0.4747314453125
-0.000997543334960937 0.0290889739990234 0.36767578125 -0.59197998046875
-0.0127525329589844 0.00944995880126953 0.82354736328125 0.01953125
-0.0172348022460938 -0.0464935302734375 0.56817626953125 0.77825927734375
0.0201072692871094 -0.0164604187011719 -0.01123046875 0.715576171875
0.0312824249267578 0.00245285034179687 0.0318450927734375 0.0864715576171875
0.0197105407714844 -0.0205631256103516 0.16534423828125 -0.644287109375
0.00933456420898438 -0.038818359375 -0.4503173828125 -0.86224365234375
-0.00605583190917969 -0.0100517272949219 -0.86822509765625 -0.0886840820312499
-0.00525617599487305 0.00816154479980469 -0.41839599609375 0.541351318359375
-0.00208091735839844 -0.00447654724121094 0.072723388671875 0.48309326171875
-0.0032200813293457 -0.00450706481933594 0.335235595703125 0.092620849609375
0.0013117790222168 0.00576210021972656 0.297454833984375 -0.20172119140625
-0.00864410400390625 -0.015777587890625 -0.2491455078125 0.226654052734375
0.014556884765625 -0.0267696380615234 -0.28631591796875 -0.08575439453125
0.00630760192871094 -0.00322484970092773 -0.10833740234375 -0.4781494140625
-0.000696182250976561 0.0250358581542969 0.3748779296875 -0.586181640625
-0.0106287002563477 0.0111274719238281 0.8218994140625 0.03045654296875
-0.0134086608886719 -0.0389671325683594 0.55938720703125 0.7861328125
0.0198707580566406 -0.00672149658203125 -0.0194091796875001 0.715576171875
0.0261993408203125 0.0113162994384766 0.0320510864257813 0.0845108032226563
0.0187473297119141 -0.0106315612792969 0.16253662109375 -0.643310546875
0.0129623413085938 -0.0302085876464844 -0.45269775390625 -0.854736328125
-0.00409793853759766 -0.0068211555480957 -0.8668212890625 -0.0807495117187502
-0.00369453430175781 0.00573062896728516 -0.41278076171875 0.5413818359375
0.000210762023925781 -0.00897789001464844 0.07952880859375 0.48175048828125
-0.00188779830932617 -0.00706243515014648 0.3397216796875 0.092742919921875
0.000792980194091796 0.00564098358154297 0.297454833984375 -0.204376220703125
-0.00943279266357422 -0.0167875289916992 -0.252227783203125 0.224822998046875
0.0150222778320313 -0.0292587280273438 -0.28497314453125 -0.0874633789062499
0.00721359252929688 -0.00973701477050781 -0.09979248046875 -0.47900390625
0.000776290893554688 0.0212974548339844 0.38409423828125 -0.58306884765625
-0.00844955444335938 0.0134162902832031 0.82550048828125 0.04229736328125
-0.0101566314697266 -0.0310115814208984 0.54705810546875 0.795166015625
0.0190029144287109 0.00255775451660156 -0.02618408203125 0.71392822265625
0.0206069946289063 0.017852783203125 0.0332489013671875 0.0801620483398438
0.0178604125976563 -0.00176048278808594 0.155517578125 -0.6461181640625
0.0151081085205078 -0.02349853515625 -0.4676513671875 -0.84808349609375
-0.000284671783447265 -0.0051569938659668 -0.86676025390625 -0.06622314453125
-0.00222420692443848 0.00152873992919922 -0.402496337890625 0.548187255859375
0.00274467468261719 -0.0148897171020508 0.087432861328125 0.481597900390625
-0.00091266632080078 -0.00921916961669922 0.34075927734375 0.092437744140625
0.000797748565673828 0.00496053695678711 0.296722412109375 -0.20574951171875
-0.0111598968505859 -0.0203380584716797 -0.258163452148437 0.220779418945313
0.0150299072265625 -0.0302009582519531 -0.2843017578125 -0.089630126953125
0.00882244110107422 -0.0148200988769531 -0.091094970703125 -0.481353759765625
0.00208377838134765 0.0171651840209961 0.39691162109375 -0.57757568359375
-0.00554466247558594 0.0140275955200195 0.827392578125 0.0548095703125
-0.00803947448730469 -0.0251693725585937 0.536865234375 0.80438232421875
0.017852783203125 0.00933456420898438 -0.03546142578125 0.70892333984375
0.0168724060058594 0.0227336883544922 0.035888671875 0.073516845703125
0.0164947509765625 0.00361061096191406 0.14959716796875 -0.652587890625
0.0170249938964844 -0.0179195404052734 -0.48162841796875 -0.837158203125
0.00291347503662109 -0.00297904014587402 -0.86474609375 -0.0487060546875
2.52723693847658E-05 -0.00220918655395508 -0.38916015625 0.55340576171875
0.00574111938476562 -0.0203113555908203 0.0985412597656249 0.4791259765625
-0.000165939331054687 -0.0110397338867188 0.342498779296875 0.092437744140625
-0.000650167465209961 0.00218582153320313 0.293182373046875 -0.208221435546875
-0.0139217376708984 -0.0234375 -0.264801025390625 0.217910766601562
0.0146846771240234 -0.0305976867675781 -0.285491943359375 -0.09283447265625
0.0107975006103516 -0.0195121765136719 -0.083160400390625 -0.484893798828125
0.00300884246826172 0.0143775939941406 0.4088134765625 -0.5723876953125
-0.00364494323730469 0.0157260894775391 0.829833984375 0.07159423828125
-0.00599861145019531 -0.0217247009277344 0.52313232421875 0.81024169921875
0.0159568786621094 0.0118446350097656 -0.0445556640625001 0.70220947265625
0.0136337280273438 0.0248374938964844 0.038665771484375 0.0647735595703125
0.0145235061645508 0.00770282745361328 0.13909912109375 -0.6580810546875
0.0180091857910156 -0.0147495269775391 -0.49859619140625 -0.82904052734375
0.00591468811035156 -0.00254583358764648 -0.86297607421875 -0.03302001953125
0.000295162200927734 -0.00568580627441406 -0.37646484375 0.558349609375
0.00703048706054688 -0.0258998870849609 0.107574462890625 0.479278564453125
-0.00120830535888672 -0.0117273330688477 0.34112548828125 0.091033935546875
-0.00424480438232422 -0.00159239768981934 0.28961181640625 -0.209930419921875
-0.0163764953613281 -0.0270500183105469 -0.2557373046875 0.228515625
0.00906944274902344 -0.0165300369262695 -0.301300048828125 -0.0861511230468751
0.00620603561401367 0.00239992141723633 -0.11932373046875 -0.471832275390625
0.000272750854492187 0.0307903289794922 0.367431640625 -0.59149169921875
-0.0131187438964844 0.00457382202148438 0.8218994140625 0.01104736328125
-0.0254745483398438 -0.0591964721679687 0.5625 0.758544921875
0.0155811309814453 -0.0330924987792969 -0.009765625 0.69140625
0.0380439758300781 -0.0149612426757812 0.038970947265625 0.0701446533203125
0.0182571411132813 -0.0365486145019531 0.150390625 -0.65496826171875
0.00237274169921875 -0.0505790710449219 -0.4718017578125 -0.84857177734375
-0.0074167251586914 -0.0140228271484375 -0.859619140625 -0.0669555664062502
-0.00302886962890625 0.010162353515625 -0.39617919921875 0.546722412109375
-0.00139546394348145 -0.00264072418212891 0.079681396484375 0.482208251953125
-0.00667715072631836 0.00115156173706055 0.32208251953125 0.0858154296875
-0.0062413215637207 -0.00215053558349609 0.286163330078125 -0.205780029296875
-0.0144805908203125 -0.0210399627685547 -0.247268676757812 0.228805541992188
0.0106143951416016 -0.0189628601074219 -0.297088623046875 -0.082611083984375
0.0064244270324707 0.00524425506591797 -0.121307373046875 -0.46942138671875
-0.000408172607421875 0.0316429138183594 0.3616943359375 -0.59356689453125
-0.0145282745361328 0.00562381744384766 0.8184814453125 0.0068359375
-0.0247955322265625 -0.0567359924316406 0.57171630859375 0.7586669921875
0.0183582305908203 -0.0304374694824219 -0.00598144531250007 0.70001220703125
0.0374221801757813 -0.0118980407714844 0.0359649658203125 0.0778732299804688
0.0192298889160156 -0.0330257415771484 0.15728759765625 -0.64959716796875
0.00399398803710937 -0.0481109619140625 -0.4620361328125 -0.85595703125
-0.0087432861328125 -0.0141639709472656 -0.864013671875 -0.0797119140624998
-0.00462436676025391 0.0116033554077148 -0.40618896484375 0.542999267578125
-0.00276589393615723 -0.00101137161254883 0.07635498046875 0.48077392578125
-0.0052943229675293 -0.000795364379882812 0.324127197265625 0.08636474609375
-0.00327873229980469 0.00252866744995117 0.2872314453125 -0.20428466796875
-0.0117225646972656 -0.0179233551025391 -0.245086669921875 0.231582641601562
0.0117740631103516 -0.0210018157958984 -0.2926025390625 -0.081573486328125
0.00538063049316406 0.00400161743164063 -0.12255859375 -0.4703369140625
-0.000728607177734374 0.0307445526123047 0.35595703125 -0.59161376953125
-0.0143013000488281 0.00664234161376953 0.81536865234375 0.00506591796875
-0.0220794677734375 -0.052581787109375 0.57177734375 0.76055908203125
0.0182876586914063 -0.0234336853027344 -0.00469970703125003 0.70654296875
0.0353469848632813 -0.0051422119140625 0.0340957641601563 0.0839004516601563
0.0196304321289063 -0.0272750854492187 0.1597900390625 -0.64129638671875
0.00668716430664062 -0.0445785522460938 -0.454345703125 -0.8546142578125
-0.00864410400390625 -0.012660026550293 -0.86212158203125 -0.08245849609375
-0.00588798522949219 0.0100889205932617 -0.409271240234375 0.54241943359375
-0.00276565551757812 -0.00134420394897461 0.07568359375 0.480377197265625
-0.00421738624572754 -0.00229930877685547 0.330078125 0.0885009765625
-0.00135993957519531 0.00470590591430664 0.291778564453125 -0.20501708984375
-0.00972652435302734 -0.0143947601318359 -0.242401123046875 0.229476928710938
0.0124053955078125 -0.0241107940673828 -0.28790283203125 -0.0804443359375
0.0062565803527832 0.00107526779174805 -0.119384765625 -0.470123291015625
-0.000770568847656249 0.0282993316650391 0.3572998046875 -0.593017578125
-0.0130634307861328 0.00897312164306641 0.8184814453125 0.00836181640625
-0.0186805725097656 -0.0457954406738281 0.57293701171875 0.76751708984375
0.0194377899169922 -0.0158042907714844 -0.00488281249999997 0.708740234375
0.0306606292724609 0.00214576721191406 0.0326995849609375 0.085693359375
0.0198211669921875 -0.0191898345947266 0.1580810546875 -0.64105224609375
0.00921249389648438 -0.038421630859375 -0.4581298828125 -0.85113525390625
-0.00666713714599609 -0.00980949401855469 -0.86480712890625 -0.0801391601562498
-0.00534963607788086 0.00797796249389648 -0.410308837890625 0.541534423828125
-0.00240063667297363 -0.00410747528076172 0.078399658203125 0.47796630859375
-0.00343942642211914 -0.00449419021606445 0.333648681640625 0.088348388671875
0.00130128860473633 0.00631380081176758 0.29248046875 -0.203857421875
-0.00936508178710938 -0.0142984390258789 -0.24359130859375 0.227508544921875
0.0134429931640625 -0.0268096923828125 -0.285003662109375 -0.0812072753906251
0.00637435913085938 -0.00372409820556641 -0.11328125 -0.472198486328125
-0.00015068054199219 0.0255985260009766 0.3636474609375 -0.5855712890625
-0.0115375518798828 0.0106191635131836 0.81640625 0.01953125
-0.0143661499023437 -0.0392990112304688 0.5648193359375 0.77392578125
0.0189094543457031 -0.00588417053222656 -0.0126342773437501 0.7100830078125
0.0261268615722656 0.0104999542236328 0.0319900512695312 0.0847091674804688
0.0188140869140625 -0.0104560852050781 0.1553955078125 -0.640625
0.0121345520019531 -0.0301742553710937 -0.46026611328125 -0.84442138671875
-0.00433826446533203 -0.0074305534362793 -0.86297607421875 -0.0707397460937499
-0.00385427474975586 0.0055389404296875 -0.404937744140625 0.54376220703125
-0.000534057617187501 -0.00934791564941406 0.08447265625 0.476959228515625
-0.00208806991577148 -0.00677728652954101 0.33642578125 0.0880126953125
0.00141429901123047 0.00734043121337891 0.2919921875 -0.205169677734375
-0.00889396667480469 -0.0155792236328125 -0.247314453125 0.226058959960937
0.0135784149169922 -0.0288257598876953 -0.283172607421875 -0.082763671875
0.00686740875244141 -0.00964069366455078 -0.105255126953125 -0.47552490234375
0.00121879577636719 0.0213680267333984 0.37200927734375 -0.585205078125
-0.00840187072753906 0.0123863220214844 0.81988525390625 0.02978515625
-0.0106658935546875 -0.0315704345703125 0.553955078125 0.782958984375
0.01824951171875 0.00252151489257813 -0.0170288085937501 0.7103271484375
0.0215587615966797 0.0177021026611328 0.033905029296875 0.0800933837890625
0.0172901153564453 -0.00131130218505859 0.148193359375 -0.642822265625
0.0149440765380859 -0.0230426788330078 -0.47430419921875 -0.8370361328125
-2.86102294921876E-05 -0.00580263137817383 -0.8612060546875 -0.0548706054687502
-0.00228691101074219 0.00141787528991699 -0.394378662109375 0.548614501953125
0.00229358673095703 -0.0138587951660156 0.093780517578125 0.47625732421875
-0.00150585174560547 -0.00835800170898438 0.33941650390625 0.088134765625
0.00115156173706055 0.00612020492553711 0.29156494140625 -0.2088623046875
-0.0108757019042969 -0.019195556640625 -0.251861572265625 0.221817016601563
0.013427734375 -0.0301017761230469 -0.28314208984375 -0.085540771484375
0.00851631164550781 -0.0155906677246094 -0.096435546875 -0.477996826171875
0.00297737121582031 0.0175209045410156 0.38555908203125 -0.57879638671875
-0.00605297088623047 0.0141992568969727 0.8209228515625 0.04583740234375
-0.00881004333496094 -0.0249156951904297 0.54345703125 0.79327392578125
0.017822265625 0.00862312316894531 -0.02716064453125 0.703857421875
0.0179233551025391 0.0223522186279297 0.036407470703125 0.0728683471679688
0.0163040161132813 0.00464820861816406 0.140625 -0.64788818359375
0.0170602798461914 -0.0172691345214844 -0.48681640625 -0.82525634765625
0.00367403030395508 -0.00308012962341309 -0.85955810546875 -0.0387573242187499
-0.00124955177307129 -0.00266790390014648 -0.381591796875 0.552825927734375
0.00472068786621094 -0.02008056640625 0.10198974609375 0.47576904296875
-0.000861167907714844 -0.0100421905517578 0.340362548828125 0.087371826171875
-0.00145506858825684 0.0033867359161377 0.287445068359375 -0.210052490234375
-0.0140876770019531 -0.0223255157470703 -0.258209228515625 0.21978759765625
0.0133266448974609 -0.0307788848876953 -0.28387451171875 -0.08837890625
0.0106391906738281 -0.0199756622314453 -0.08880615234375 -0.481231689453125
0.00455665588378906 0.0136890411376953 0.3995361328125 -0.57470703125
-0.00347137451171875 0.0148210525512695 0.8236083984375 0.06060791015625
-0.0066070556640625 -0.0221138000488281 0.52777099609375 0.80108642578125
0.0165138244628906 0.0123748779296875 -0.03497314453125 0.69732666015625
0.014495849609375 0.0251998901367188 0.0394706726074219 0.0648040771484375
0.0139989852905273 0.00763607025146484 0.13043212890625 -0.65338134765625
0.0174875259399414 -0.0141754150390625 -0.50421142578125 -0.8170166015625
0.0062413215637207 -0.00161504745483398 -0.85931396484375 -0.0245971679687501
0.000386714935302735 -0.0061182975769043 -0.368194580078125 0.559722900390625
0.00658035278320313 -0.0260200500488281 0.111358642578125 0.474365234375
-0.0012054443359375 -0.0110969543457031 0.33831787109375 0.0860595703125
-0.00391483306884766 8.86917114257813E-05 0.283782958984375 -0.21331787109375
-0.0168914794921875 -0.0263843536376953 -0.250335693359375 0.228225708007813
0.00775718688964844 -0.0161724090576172 -0.299468994140625 -0.082672119140625
0.00665092468261719 0.00268745422363281 -0.12274169921875 -0.468017578125
0.00145912170410156 0.0306529998779297 0.358154296875 -0.59185791015625
-0.0134801864624023 0.00460052490234375 0.815673828125 0.0013427734375
-0.0258827209472656 -0.0588569641113281 0.56732177734375 0.74658203125
0.0157356262207031 -0.032562255859375 -0.00274658203125002 0.68609619140625
0.038726806640625 -0.0145645141601563 0.039459228515625 0.0705032348632813
0.0166015625 -0.0364303588867188 0.14337158203125 -0.6500244140625
0.00177001953125 -0.0493049621582031 -0.47552490234375 -0.83795166015625
-0.00785350799560547 -0.0141410827636719 -0.855712890625 -0.059326171875
-0.00355148315429687 0.0101861953735352 -0.389556884765625 0.54583740234375
-0.00235438346862793 -0.00231337547302246 0.085662841796875 0.477813720703125
-0.00658607482910156 0.0015254020690918 0.319183349609375 0.08270263671875
-0.00585651397705078 -0.00153255462646484 0.282073974609375 -0.206787109375
-0.0142803192138672 -0.0197544097900391 -0.243118286132812 0.230026245117188
0.00929450988769531 -0.0190448760986328 -0.294464111328125 -0.08013916015625
0.00565052032470703 0.00455331802368164 -0.124664306640625 -0.4637451171875
0.000507354736328122 0.0312767028808594 0.35235595703125 -0.59033203125
-0.0153913497924805 0.00502586364746094 0.81195068359375 -0.00177001953125
-0.0259246826171875 -0.0564117431640625 0.5728759765625 0.74591064453125
0.0173187255859375 -0.0293617248535156 0.00225830078124994 0.6947021484375
0.0379638671875 -0.011444091796875 0.0363311767578125 0.0772476196289063
0.0182056427001953 -0.0325965881347656 0.15008544921875 -0.64434814453125
0.00348281860351562 -0.0479660034179688 -0.4658203125 -0.84552001953125
-0.00905895233154297 -0.0135784149169922 -0.85888671875 -0.0720214843749998
-0.00527286529541016 0.0109443664550781 -0.399017333984375 0.542205810546875
-0.00352382659912109 0.00041055679321289 0.07904052734375 0.476043701171875
-0.00662946701049805 -0.000857830047607423 0.322540283203125 0.082550048828125
-0.00312304496765137 0.00324177742004394 0.282928466796875 -0.205657958984375
-0.011744499206543 -0.0165882110595703 -0.240203857421875 0.231292724609375
0.0108966827392578 -0.0211048126220703 -0.2904052734375 -0.0787353515625
0.0050048828125 0.00378274917602539 -0.126190185546875 -0.46539306640625
-0.00046730041503906 0.0312519073486328 0.345947265625 -0.5904541015625
-0.0145387649536133 0.00648021697998047 0.80938720703125 -0.00244140625
-0.0234565734863281 -0.0524711608886719 0.5750732421875 0.7489013671875
0.0180206298828125 -0.0232448577880859 0.00305175781250007 0.701171875
0.0355949401855469 -0.00532913208007813 0.0337448120117188 0.08251953125
0.0192222595214844 -0.0274505615234375 0.153076171875 -0.63787841796875
0.00617218017578125 -0.043975830078125 -0.4573974609375 -0.84466552734375
-0.00797653198242188 -0.0120983123779297 -0.8580322265625 -0.0751342773437502
-0.00571632385253906 0.0105466842651367 -0.40234375 0.540069580078125
-0.00355935096740723 -0.00186014175415039 0.078704833984375 0.47589111328125
-0.00516033172607422 -0.00187540054321289 0.326995849609375 0.0845947265625
-0.000662803649902344 0.0059514045715332 0.287750244140625 -0.206024169921875
-0.00876045227050781 -0.0137472152709961 -0.235870361328125 0.230239868164062
0.0109596252441406 -0.0239830017089844 -0.286285400390625 -0.077301025390625
0.00581598281860352 0.000751972198486328 -0.122711181640625 -0.466522216796875
-4.38690185546852E-05 0.0285568237304687 0.34820556640625 -0.59002685546875
-0.0136432647705078 0.00836467742919922 0.810546875 0.00201416015625
-0.0199508666992188 -0.04620361328125 0.5758056640625 0.75537109375
0.0192089080810547 -0.0156478881835938 0.00280761718750008 0.7044677734375
0.0315284729003906 0.002593994140625 0.0328826904296875 0.0854110717773438
0.0191116333007813 -0.0199985504150391 0.152099609375 -0.6368408203125
0.00917816162109375 -0.0370445251464844 -0.4620361328125 -0.84033203125
-0.00680923461914062 -0.00933170318603516 -0.861083984375 -0.0722656250000001
-0.00584125518798828 0.00819921493530273 -0.40313720703125 0.540252685546875
-0.00279617309570313 -0.00373959541320801 0.080841064453125 0.474273681640625
-0.00354862213134766 -0.00470495223999023 0.33038330078125 0.08404541015625
0.00205469131469727 0.00777816772460938 0.28692626953125 -0.20526123046875
-0.00822067260742187 -0.0141658782958984 -0.2371826171875 0.228195190429687
0.0124397277832031 -0.0269699096679688 -0.28277587890625 -0.078460693359375
0.00550460815429688 -0.00367307662963867 -0.11553955078125 -0.467926025390625
0.000757217407226564 0.0251255035400391 0.3538818359375 -0.58636474609375
-0.0111579895019531 0.0102596282958984 0.809814453125 0.0113525390625
-0.0154838562011719 -0.0390434265136719 0.5679931640625 0.763427734375
0.0196666717529297 -0.00624275207519531 -0.00488281249999995 0.70361328125
0.0263538360595703 0.0112400054931641 0.0332717895507812 0.0836334228515625
0.0182819366455078 -0.0101032257080078 0.14874267578125 -0.6357421875
0.0118503570556641 -0.0299320220947266 -0.4637451171875 -0.83465576171875
-0.00421333312988281 -0.00746679306030273 -0.85546875 -0.0634765625000001
-0.00453281402587891 0.00461053848266602 -0.398712158203125 0.54083251953125
-4.9591064453126E-05 -0.00905799865722656 0.086334228515625 0.473175048828125
-0.00208806991577148 -0.00679206848144531 0.334197998046875 0.084625244140625
0.00148773193359375 0.0073857307434082 0.2886962890625 -0.20703125
-0.00922298431396484 -0.0146112442016602 -0.241653442382812 0.226669311523438
0.0122299194335938 -0.0287399291992187 -0.28216552734375 -0.08001708984375
0.00720405578613281 -0.00968837738037109 -0.10845947265625 -0.470306396484375
0.001861572265625 0.0215682983398438 0.36309814453125 -0.5826416015625
-0.00858783721923828 0.0120992660522461 0.81280517578125 0.0225830078125
-0.0122833251953125 -0.0315818786621094 0.55731201171875 0.77130126953125
0.0182361602783203 0.00222969055175781 -0.01263427734375 0.70361328125
0.0224475860595703 0.0181560516357422 0.0335769653320312 0.0799942016601563
0.017578125 -0.00184822082519531 0.14105224609375 -0.6387939453125
0.0142650604248047 -0.0231437683105469 -0.476318359375 -0.825439453125
9.39369201660157E-05 -0.0051875114440918 -0.85662841796875 -0.0467529296875001
-0.00273704528808594 0.00148677825927734 -0.3878173828125 0.546600341796875
0.00148582458496094 -0.0143566131591797 0.095428466796875 0.47186279296875
-0.00178670883178711 -0.00765848159790039 0.33709716796875 0.084381103515625
0.00191545486450195 0.00657320022583008 0.28680419921875 -0.2093505859375
-0.01019287109375 -0.0177879333496094 -0.247238159179687 0.22296142578125
0.0124626159667969 -0.03021240234375 -0.281341552734375 -0.08221435546875
0.00795364379882813 -0.0159130096435547 -0.09930419921875 -0.474273681640625
0.00346946716308594 0.0176410675048828 0.375732421875 -0.57855224609375
-0.00588512420654297 0.0135049819946289 0.81500244140625 0.03680419921875
-0.00993537902832031 -0.0259742736816406 0.545166015625 0.77947998046875
0.0170001983642578 0.0092916488647461 -0.0216064453125001 0.69952392578125
0.0174446105957031 0.0227546691894531 0.0366744995117188 0.0723876953125
0.0156040191650391 0.00407123565673828 0.1339111328125 -0.643798828125
0.0168848037719727 -0.0170583724975586 -0.49066162109375 -0.81439208984375
0.00347089767456055 -0.0029442310333252 -0.855224609375 -0.031494140625
-0.000958681106567383 -0.00319886207580566 -0.37420654296875 0.550994873046875
0.00437736511230469 -0.0201568603515625 0.105377197265625 0.470977783203125
-0.00134372711181641 -0.0102529525756836 0.337554931640625 0.082763671875
-0.000230789184570313 0.00450992584228516 0.2838134765625 -0.212066650390625
-0.0140438079833984 -0.0211830139160156 -0.253448486328125 0.220672607421875
0.0119915008544922 -0.0302658081054688 -0.282196044921875 -0.085296630859375
0.00993156433105468 -0.0202655792236328 -0.091094970703125 -0.474609375
0.00541877746582031 0.0140228271484375 0.3895263671875 -0.5728759765625
-0.00325679779052734 0.0146751403808594 0.8157958984375 0.0511474609375
-0.00845909118652344 -0.0227298736572266 0.53192138671875 0.78924560546875
0.0164089202880859 0.0127334594726562 -0.02972412109375 0.692626953125
0.0145893096923828 0.0245933532714844 0.0391349792480469 0.0641212463378906
0.0145606994628906 0.00760078430175781 0.1231689453125 -0.64996337890625
0.017512321472168 -0.0142812728881836 -0.5069580078125 -0.8067626953125
0.00601816177368164 -0.00220394134521484 -0.851806640625 -0.0155029296875001
0.000828742980957032 -0.00633668899536133 -0.360595703125 0.5567626953125
0.0062408447265625 -0.0250968933105469 0.1146240234375 0.46820068359375
-0.00139045715332031 -0.0113382339477539 0.33563232421875 0.082489013671875
-0.00334095954895019 0.00110888481140137 0.279998779296875 -0.213104248046875
-0.0166492462158203 -0.0251407623291016 -0.245513916015625 0.22845458984375
0.00699901580810547 -0.015528678894043 -0.29730224609375 -0.079559326171875
0.00651741027832031 0.00259065628051758 -0.125762939453125 -0.462310791015625
0.00190925598144531 0.0308189392089844 0.34942626953125 -0.58807373046875
-0.014312744140625 0.00432586669921875 0.806640625 -0.0045166015625
-0.0282249450683594 -0.0583724975585937 0.5660400390625 0.73736572265625
0.0155773162841797 -0.0324516296386719 0.00225830078125001 0.68060302734375
0.03851318359375 -0.0142097473144531 0.038543701171875 0.0694313049316406
0.0156841278076172 -0.0350017547607422 0.13824462890625 -0.64404296875
0.00137710571289063 -0.04876708984375 -0.476318359375 -0.8271484375
-0.00804328918457031 -0.0142393112182617 -0.85125732421875 -0.051025390625
-0.00305652618408203 0.00940895080566406 -0.382232666015625 0.544464111328125
-0.00162887573242188 -0.00237584114074707 0.08740234375 0.47283935546875
-0.00734472274780273 0.00247478485107422 0.316650390625 0.079742431640625
-0.00503635406494141 -0.000447750091552734 0.277175903320313 -0.207611083984375
-0.0140800476074219 -0.0187320709228516 -0.237014770507812 0.2296142578125
0.00844192504882813 -0.0185680389404297 -0.292205810546875 -0.076629638671875
0.0061492919921875 0.00489282608032226 -0.12823486328125 -0.459442138671875
0.00109672546386719 0.0316505432128906 0.34326171875 -0.5894775390625
-0.0154628753662109 0.00454521179199219 0.80499267578125 -0.00811767578125
-0.0271568298339844 -0.056610107421875 0.5745849609375 0.7369384765625
0.0170135498046875 -0.0287933349609375 0.00622558593750007 0.68939208984375
0.0375785827636719 -0.0110931396484375 0.0359954833984375 0.0766220092773437
0.0180988311767578 -0.0324020385742188 0.14385986328125 -0.6395263671875
0.00316619873046875 -0.0476646423339844 -0.46826171875 -0.83544921875
-0.00893783569335938 -0.0137233734130859 -0.8526611328125 -0.0650024414062498
-0.00509071350097656 0.0101375579833984 -0.393310546875 0.53924560546875
-0.00302362442016602 -5.10215759277338E-05 0.081695556640625 0.471649169921875
-0.00603103637695313 0.000247478485107422 0.318817138671875 0.08026123046875
-0.00292468070983887 0.00428342819213867 0.277664184570313 -0.206405639648438
-0.0112495422363281 -0.0160160064697266 -0.233673095703125 0.230789184570313
0.00952911376953125 -0.0204219818115234 -0.288116455078125 -0.075531005859375
0.00574350357055664 0.00407266616821289 -0.1278076171875 -0.460479736328125
0.00118255615234375 0.0308189392089844 0.33709716796875 -0.58795166015625
-0.0152482986450195 0.00563430786132813 0.80072021484375 -0.01025390625
-0.0241737365722656 -0.0525054931640625 0.5755615234375 0.740234375
0.0174217224121094 -0.0232734680175781 0.00830078124999995 0.69305419921875
0.0355987548828125 -0.00495529174804688 0.0342788696289063 0.0821304321289062
0.0189533233642578 -0.0265655517578125 0.14739990234375 -0.6326904296875
0.00577163696289062 -0.0431404113769531 -0.46099853515625 -0.835693359375
-0.00848293304443359 -0.0116367340087891 -0.85223388671875 -0.0665283203124999
-0.00510978698730469 0.00997161865234375 -0.39666748046875 0.53851318359375
-0.00417542457580566 -0.000789165496826171 0.080596923828125 0.470367431640625
-0.0054168701171875 -0.000960826873779297 0.324462890625 0.08135986328125
-0.000272274017333985 0.00609779357910156 0.282623291015625 -0.20672607421875
-0.0094003677368164 -0.0127296447753906 -0.231597900390625 0.229873657226562
0.00982856750488281 -0.0241889953613281 -0.28369140625 -0.0748291015625
0.00567388534545898 0.000277996063232422 -0.126434326171875 -0.462677001953125
0.000869750976562497 0.0283603668212891 0.3382568359375 -0.5872802734375
-0.0145597457885742 0.00789070129394531 0.80322265625 -0.00567626953125
-0.019989013671875 -0.04608154296875 0.57843017578125 0.74407958984375
0.0185928344726563 -0.0143337249755859 0.00866699218749996 0.69757080078125
0.0319671630859375 0.00255203247070313 0.0329513549804688 0.0841445922851563
0.0195236206054688 -0.0189971923828125 0.14593505859375 -0.630859375
0.009124755859375 -0.0371627807617187 -0.46441650390625 -0.82958984375
-0.00615501403808594 -0.00956249237060547 -0.85406494140625 -0.063232421875
-0.00519657135009766 0.00788497924804688 -0.395294189453125 0.539642333984375
-0.00277400016784668 -0.00415849685668945 0.0835571289062499 0.4700927734375
-0.00377964973449707 -0.00397324562072754 0.326904296875 0.08111572265625
0.00257635116577148 0.00809431076049805 0.28369140625 -0.206787109375
-0.00911140441894531 -0.0121402740478516 -0.233688354492188 0.228317260742188
0.0108070373535156 -0.0257034301757813 -0.280685424804688 -0.0758361816406251
0.00573825836181641 -0.00390863418579102 -0.11785888671875 -0.462982177734375
0.00208473205566406 0.0261058807373047 0.3453369140625 -0.583740234375
-0.0110960006713867 0.00974178314208984 0.80059814453125 0.00360107421875
-0.0167083740234375 -0.0394248962402344 0.5682373046875 0.7508544921875
0.0189571380615234 -0.00559806823730469 0.00146484375000005 0.6973876953125
0.0266017913818359 0.011138916015625 0.0330810546875 0.0828399658203125
0.0177230834960938 -0.00935173034667969 0.142822265625 -0.63134765625
0.0114002227783203 -0.0301914215087891 -0.46563720703125 -0.82281494140625
-0.00305652618408203 -0.00691127777099609 -0.8514404296875 -0.056396484375
-0.00417184829711914 0.00510883331298828 -0.390838623046875 0.540618896484375
-0.00199556350708008 -0.00798320770263672 0.0887756347656251 0.46844482421875
-0.00210142135620117 -0.00600337982177734 0.3306884765625 0.080596923828125
0.00267696380615234 0.009307861328125 0.2828369140625 -0.2073974609375
-0.00925922393798828 -0.0136127471923828 -0.236160278320313 0.22674560546875
0.0106124877929688 -0.0277481079101563 -0.279815673828125 -0.0763549804687501
0.00575351715087891 -0.00967502593994141 -0.112823486328125 -0.465606689453125
0.00264930725097656 0.0213432312011719 0.3544921875 -0.580810546875
-0.0086822509765625 0.0110740661621094 0.80523681640625 0.0146484375
-0.0132675170898438 -0.0323410034179688 0.561279296875 0.7611083984375
0.0186576843261719 0.00226974487304688 -0.00561523437499998 0.6981201171875
0.0221786499023438 0.0179023742675781 0.033843994140625 0.0794448852539062
0.0170965194702148 -0.00197887420654297 0.13555908203125 -0.63323974609375
0.014404296875 -0.0229015350341797 -0.4783935546875 -0.81671142578125
-0.000192642211914063 -0.00468826293945312 -0.8505859375 -0.0419921875
-0.00224018096923828 0.000826835632324219 -0.382080078125 0.545989990234375
0.00108623504638672 -0.0144853591918945 0.09765625 0.46673583984375
-0.00196599960327148 -0.00824260711669922 0.33367919921875 0.082122802734375
0.00229167938232422 0.0071253776550293 0.282470703125 -0.210174560546875
-0.0111551284790039 -0.0165023803710937 -0.24078369140625 0.223297119140625
0.0113086700439453 -0.0291690826416016 -0.278762817382813 -0.0788116455078125
0.00771236419677735 -0.0163812637329102 -0.102264404296875 -0.46942138671875
0.00432586669921875 0.0182037353515625 0.36572265625 -0.57647705078125
-0.00679111480712891 0.0130834579467773 0.8072509765625 0.02813720703125
-0.0105915069580078 -0.0264320373535156 0.547119140625 0.771484375
0.0177516937255859 0.00896835327148438 -0.01507568359375 0.69329833984375
0.0180988311767578 0.0228023529052734 0.0365524291992187 0.07257080078125
0.0158367156982422 0.00480365753173828 0.12652587890625 -0.63848876953125
0.0161495208740234 -0.0177116394042969 -0.49200439453125 -0.8045654296875
0.00309395790100098 -0.00324153900146484 -0.8486328125 -0.0260009765625
-0.00136089324951172 -0.00225234031677246 -0.36944580078125 0.55108642578125
0.00404739379882812 -0.02008056640625 0.107421875 0.46527099609375
-0.000784873962402343 -0.00963783264160156 0.3345947265625 0.079559326171875
-9.82284545898438E-05 0.004974365234375 0.280288696289063 -0.212173461914063
-0.0140876770019531 -0.0202827453613281 -0.247589111328125 0.220626831054687
0.0110359191894531 -0.029449462890625 -0.280563354492188 -0.0827484130859375
0.00975799560546875 -0.0209140777587891 -0.0953369140625 -0.468658447265625
0.00566291809082031 0.0139923095703125 0.38037109375 -0.57208251953125
-0.00378894805908203 0.0139570236206055 0.80841064453125 0.04388427734375
-0.0091552734375 -0.0234260559082031 0.53515625 0.77996826171875
0.0164804458618164 0.0120811462402344 -0.0250854492187501 0.68634033203125
0.0149993896484375 0.0249729156494141 0.0395164489746094 0.0636062622070313
0.0142621994018555 0.00810909271240235 0.117919921875 -0.64556884765625
0.0172004699707031 -0.0141124725341797 -0.509521484375 -0.79693603515625
0.00665378570556641 -0.00213527679443359 -0.84698486328125 -0.0100097656249999
0.00137710571289062 -0.00649785995483398 -0.354583740234375 0.555511474609375
0.00562095642089844 -0.0250244140625 0.114654541015625 0.4630126953125
-0.00215339660644531 -0.010223388671875 0.332733154296875 0.07843017578125
-0.00279426574707031 0.0010530948638916 0.275405883789063 -0.214813232421875
-0.0161857604980469 -0.0234737396240234 -0.240676879882813 0.22802734375
0.00634384155273437 -0.0152568817138672 -0.294677734375 -0.076690673828125
0.00552463531494141 0.00222015380859375 -0.128265380859375 -0.45745849609375
0.00267601013183594 0.0313777923583984 0.34136962890625 -0.58599853515625
-0.0141124725341797 0.00370979309082032 0.79876708984375 -0.01141357421875
-0.0289421081542969 -0.0581207275390625 0.56903076171875 0.72796630859375
0.0150566101074219 -0.0316848754882813 0.00537109375000001 0.67364501953125
0.0382347106933594 -0.0136451721191406 0.0384254455566406 0.069122314453125
0.0161247253417969 -0.0347003936767578 0.134033203125 -0.638671875
0.00111770629882812 -0.0476150512695313 -0.47796630859375 -0.817138671875
-0.007720947265625 -0.0146455764770508 -0.843994140625 -0.0458984374999999
-0.00337123870849609 0.00943946838378906 -0.378143310546875 0.541839599609375
-0.00314807891845703 -0.00187444686889649 0.0877685546875 0.46795654296875
-0.00664424896240234 0.00147247314453125 0.31402587890625 0.07720947265625
-0.00517511367797852 0.000671386718750001 0.273330688476563 -0.207321166992188
-0.0137777328491211 -0.0172080993652344 -0.23193359375 0.229141235351563
0.00716590881347656 -0.0178699493408203 -0.289642333984375 -0.07391357421875
0.00559806823730469 0.00457954406738281 -0.129486083984375 -0.45538330078125
0.0025787353515625 0.0313472747802734 0.334716796875 -0.5875244140625
-0.0156259536743164 0.00450801849365234 0.79791259765625 -0.01397705078125
-0.0281600952148438 -0.0559463500976563 0.57598876953125 0.72784423828125
0.01727294921875 -0.0280838012695313 0.010498046875 0.6832275390625
0.0377883911132813 -0.010162353515625 0.036224365234375 0.0770645141601562
0.0178279876708984 -0.0319690704345703 0.138916015625 -0.63427734375
0.0034942626953125 -0.0464744567871094 -0.46832275390625 -0.82476806640625
-0.00802040100097656 -0.0136184692382813 -0.84674072265625 -0.0601806640625
-0.0048980712890625 0.00970840454101563 -0.387298583984375 0.53765869140625
-0.00406503677368164 0.000404834747314454 0.08349609375 0.466888427734375
-0.00674247741699219 0.000335216522216796 0.3160400390625 0.077606201171875
-0.00254440307617187 0.00474786758422852 0.273849487304688 -0.206192016601563
-0.0115280151367188 -0.0151615142822266 -0.228759765625 0.231170654296875
0.0088958740234375 -0.0198936462402344 -0.28631591796875 -0.07281494140625
0.00532913208007813 0.00351476669311523 -0.1300048828125 -0.455322265625
0.00145912170410156 0.0312614440917969 0.3306884765625 -0.5848388671875
-0.0154428482055664 0.00615882873535156 0.79266357421875 -0.01483154296875
-0.0248451232910156 -0.0524673461914063 0.576904296875 0.72802734375
0.0167713165283203 -0.0228614807128906 0.0126953125 0.68914794921875
0.0357398986816406 -0.00452423095703125 0.0336456298828125 0.081451416015625
0.0183391571044922 -0.0258617401123047 0.1429443359375 -0.6282958984375
0.00486373901367188 -0.0432052612304688 -0.4600830078125 -0.82550048828125
-0.00767135620117188 -0.0126848220825195 -0.846923828125 -0.0607910156249999
-0.00567436218261719 0.00899982452392578 -0.391815185546875 0.536651611328125
-0.00356721878051758 -0.000406026840209961 0.0811767578125 0.4658203125
-0.00466012954711914 -0.00100517272949219 0.321197509765625 0.078857421875
0.000366687774658204 0.00690889358520508 0.279083251953125 -0.20623779296875
-0.00918483734130859 -0.0122308731079102 -0.226272583007812 0.229354858398438
0.00915718078613282 -0.0234928131103516 -0.281707763671875 -0.07232666015625
0.00587987899780273 0.000738620758056641 -0.12786865234375 -0.45703125
0.001373291015625 0.02850341796875 0.33087158203125 -0.58563232421875
-0.0141792297363281 0.00763607025146484 0.795654296875 -0.01043701171875
-0.0219650268554688 -0.0462417602539063 0.57891845703125 0.734375
0.0186786651611328 -0.0147323608398438 0.01300048828125 0.69140625
0.032318115234375 0.00334548950195313 0.0332870483398438 0.08447265625
0.0188636779785156 -0.0186290740966797 0.140625 -0.62603759765625
0.00854873657226562 -0.0364799499511719 -0.46466064453125 -0.82110595703125
-0.00642967224121094 -0.00956535339355469 -0.84893798828125 -0.0585937500000001
-0.005584716796875 0.00776767730712891 -0.39208984375 0.53570556640625
-0.00368857383728027 -0.00350403785705566 0.0838623046875 0.46533203125
-0.00428390502929688 -0.00354695320129395 0.324310302734375 0.07843017578125
0.00265312194824219 0.00938129425048828 0.279052734375 -0.20599365234375
-0.00888442993164063 -0.0114126205444336 -0.228164672851563 0.2279052734375
0.00918769836425781 -0.0255260467529297 -0.278533935546875 -0.07391357421875
0.00453996658325195 -0.00388097763061523 -0.121856689453125 -0.4578857421875
0.00189590454101563 0.0253410339355469 0.33660888671875 -0.58154296875
-0.0116252899169922 0.00940608978271485 0.79229736328125 -0.0009765625
-0.0177726745605469 -0.0402145385742188 0.569091796875 0.741455078125
0.0186862945556641 -0.00566864013671875 0.00598144531250001 0.6929931640625
0.0270214080810547 0.0113258361816406 0.0324859619140625 0.0827484130859375
0.0182571411132812 -0.00905990600585937 0.13818359375 -0.62548828125
0.01141357421875 -0.0291175842285156 -0.46649169921875 -0.814208984375
-0.00384330749511719 -0.00794553756713867 -0.8453369140625 -0.05047607421875
-0.0041348934173584 0.00426840782165527 -0.38494873046875 0.537445068359375
-0.00157546997070313 -0.0080561637878418 0.0906982421875 0.46392822265625
-0.00313663482666016 -0.00509929656982422 0.32806396484375 0.078216552734375
0.00298929214477539 0.00870275497436523 0.279266357421875 -0.207183837890625
-0.00914573669433594 -0.01275634765625 -0.231231689453125 0.226318359375
0.00994873046875 -0.0271701812744141 -0.277236938476563 -0.0740203857421875
0.00650978088378906 -0.00915050506591797 -0.11505126953125 -0.461517333984375
0.00395965576171875 0.0213756561279297 0.34521484375 -0.5784912109375
-0.00901412963867188 0.0116176605224609 0.79815673828125 0.008544921875
-0.0133800506591797 -0.0317554473876953 0.56005859375 0.75103759765625
0.0185432434082031 0.00244903564453125 6.10351562500247E-05 0.6922607421875
0.022186279296875 0.0187435150146484 0.0335693359375 0.078643798828125
0.0172739028930664 -0.000286102294921875 0.13238525390625 -0.62896728515625
0.0141506195068359 -0.0228729248046875 -0.47882080078125 -0.80615234375
-0.000340461730957031 -0.005157470703125 -0.84521484375 -0.0362548828125001
-0.00273394584655762 0.000860691070556641 -0.376708984375 0.542510986328125
0.000683784484863282 -0.0136556625366211 0.098968505859375 0.462249755859375
-0.00202608108520508 -0.00814056396484375 0.3302001953125 0.078765869140625
0.00282526016235352 0.00803995132446289 0.278457641601563 -0.209991455078125
-0.0108957290649414 -0.0155525207519531 -0.236846923828125 0.222442626953125
0.0101413726806641 -0.0289535522460938 -0.276657104492188 -0.0763702392578126
0.00692939758300781 -0.0158748626708984 -0.104156494140625 -0.464874267578125
0.00438976287841797 0.0175266265869141 0.359375 -0.57403564453125
-0.00642967224121094 0.0127420425415039 0.799560546875 0.0233154296875
-0.0116748809814453 -0.0266189575195313 0.548095703125 0.760986328125
0.0166521072387695 0.00837516784667969 -0.0107421875 0.6866455078125
0.0178432464599609 0.0227832794189453 0.035858154296875 0.0715560913085938
0.0156946182250977 0.0050048828125 0.1229248046875 -0.63348388671875
0.0156087875366211 -0.0171480178833008 -0.4925537109375 -0.7958984375
0.00347352027893066 -0.00367093086242676 -0.84326171875 -0.0195922851562501
-0.000464200973510742 -0.0023200511932373 -0.3631591796875 0.548553466796875
0.00298690795898438 -0.01904296875 0.10858154296875 0.460662841796875
-0.00137615203857422 -0.0089569091796875 0.33135986328125 0.077880859375
-2.3365020751953E-05 0.00545644760131836 0.275741577148438 -0.21234130859375
-0.0141830444335938 -0.0185565948486328 -0.242691040039063 0.2203369140625
0.0100536346435547 -0.0282993316650391 -0.27777099609375 -0.080291748046875
0.009674072265625 -0.0210304260253906 -0.098602294921875 -0.465484619140625
0.00587177276611328 0.0141658782958984 0.37109375 -0.568603515625
-0.00412178039550781 0.013209342956543 0.80255126953125 0.0390625
-0.00933074951171875 -0.0227718353271484 0.53460693359375 0.7686767578125
0.0163106918334961 0.012293815612793 -0.0197143554687501 0.68145751953125
0.0156784057617188 0.0252494812011719 0.0391769409179688 0.0635490417480469
0.0139760971069336 0.00778675079345703 0.11480712890625 -0.63897705078125
0.0167045593261719 -0.0135307312011719 -0.50909423828125 -0.7880859375
0.00637340545654297 -0.00246572494506836 -0.83880615234375 -0.00524902343750012
0.0001220703125 -0.00661849975585938 -0.3489990234375 0.55084228515625
0.00478744506835938 -0.0251617431640625 0.117218017578125 0.459228515625
-0.00198936462402344 -0.00961589813232422 0.33062744140625 0.07586669921875
-0.00244760513305664 0.00228166580200195 0.271026611328125 -0.214614868164063
-0.0164318084716797 -0.0227603912353516 -0.235641479492187 0.225967407226563
0.00492477416992187 -0.0144386291503906 -0.29290771484375 -0.07586669921875
0.0059962272644043 0.00275611877441406 -0.129150390625 -0.4542236328125
0.00358963012695312 0.03094482421875 0.334716796875 -0.58282470703125
-0.0143251419067383 0.00328445434570312 0.7921142578125 -0.01495361328125
-0.0302658081054688 -0.0579261779785156 0.56427001953125 0.716552734375
0.0147018432617188 -0.0312862396240234 0.010009765625 0.667724609375
0.0392570495605469 -0.0139694213867188 0.0401268005371094 0.0695686340332031
0.0160541534423828 -0.033935546875 0.1304931640625 -0.633544921875
0.001312255859375 -0.0480232238769531 -0.478759765625 -0.80902099609375
-0.00763416290283203 -0.0138101577758789 -0.8388671875 -0.042724609375
-0.00300121307373047 0.00920677185058594 -0.373992919921875 0.539825439453125
-0.00350809097290039 -0.00180149078369141 0.088653564453125 0.464111328125
-0.0071568489074707 0.00293588638305664 0.310394287109375 0.07574462890625
-0.00448894500732422 0.00107192993164063 0.27001953125 -0.208404541015625
-0.0138311386108398 -0.0166025161743164 -0.228256225585938 0.227142333984375
0.00650691986083984 -0.0172605514526367 -0.286529541015625 -0.071807861328125
0.00531291961669922 0.00447607040405273 -0.131256103515625 -0.450347900390625
0.00304222106933594 0.0306930541992188 0.32806396484375 -0.584228515625
-0.0160512924194336 0.00501823425292969 0.78875732421875 -0.01812744140625
-0.0284919738769531 -0.0568161010742188 0.57525634765625 0.71868896484375
0.0170192718505859 -0.0279159545898438 0.0134277343750001 0.67852783203125
0.0381088256835938 -0.00967788696289063 0.0358810424804688 0.0765762329101563
0.017303466796875 -0.0311164855957031 0.13555908203125 -0.6295166015625
0.00259017944335937 -0.0461769104003906 -0.46868896484375 -0.81561279296875
-0.00832843780517578 -0.013127326965332 -0.8416748046875 -0.0566406249999999
-0.0050811767578125 0.00987052917480469 -0.383148193359375 0.535614013671875
-0.0042111873626709 0.000288248062133789 0.0840454101562501 0.462432861328125
-0.00729608535766602 0.000384330749511718 0.313507080078125 0.0751953125
-0.000741004943847656 0.00566720962524414 0.271484375 -0.205947875976563
-0.0110597610473633 -0.0141010284423828 -0.224899291992188 0.229904174804687
0.00707244873046875 -0.0189304351806641 -0.283477783203125 -0.0712890624999999
0.00461673736572266 0.00278282165527344 -0.132293701171875 -0.45172119140625
0.00233078002929688 0.0306243896484375 0.32275390625 -0.58245849609375
-0.0155372619628906 0.00564765930175781 0.7850341796875 -0.0218505859375
-0.0256385803222656 -0.0522346496582031 0.5740966796875 0.72064208984375
0.0163440704345703 -0.0225677490234375 0.01513671875 0.683837890625
0.0358314514160156 -0.00403594970703125 0.0337600708007813 0.0821380615234375
0.0187702178955078 -0.0254268646240234 0.138427734375 -0.62255859375
0.00500106811523437 -0.0419197082519531 -0.46026611328125 -0.816650390625
-0.00770187377929687 -0.0116586685180664 -0.84124755859375 -0.0579833984375
-0.00547885894775391 0.00937461853027344 -0.3878173828125 0.533966064453125
-0.00506877899169922 -0.00066518783569336 0.082366943359375 0.46392822265625
-0.00563192367553711 -0.00110149383544922 0.317535400390625 0.07696533203125
0.00167751312255859 0.00839138031005859 0.275466918945313 -0.206710815429688
-0.0087442398071289 -0.0116128921508789 -0.22222900390625 0.228683471679687
0.00793838500976563 -0.0224533081054688 -0.278533935546875 -0.07073974609375
0.0050663948059082 6.29425048828125E-05 -0.128997802734375 -0.45184326171875
0.00250053405761719 0.0286521911621094 0.32281494140625 -0.58221435546875
-0.0145425796508789 0.00768947601318359 0.7874755859375 -0.0155029296875
-0.0226287841796875 -0.0459022521972656 0.57763671875 0.72515869140625
0.0179653167724609 -0.0149364471435547 0.015869140625 0.68682861328125
0.0322227478027344 0.00342750549316406 0.0330123901367188 0.0830230712890625
0.0185737609863281 -0.0174064636230469 0.1373291015625 -0.62060546875
0.007598876953125 -0.03631591796875 -0.4630126953125 -0.81158447265625
-0.00664997100830078 -0.010101318359375 -0.84307861328125 -0.05584716796875
-0.00551033020019531 0.00745153427124023 -0.385284423828125 0.5340576171875
-0.00354671478271484 -0.00389742851257324 0.0858154296875 0.461212158203125
-0.00473546981811523 -0.00335359573364258 0.32122802734375 0.076171875
0.00402545928955078 0.00995159149169922 0.2755126953125 -0.205276489257813
-0.00775051116943359 -0.0109643936157227 -0.223388671875 0.227859497070313
0.00821304321289062 -0.025115966796875 -0.275787353515625 -0.0715484619140625
0.00498104095458984 -0.00385379791259766 -0.120819091796875 -0.45294189453125
0.00325584411621093 0.0249614715576172 0.32989501953125 -0.57708740234375
-0.0120992660522461 0.00842761993408203 0.78546142578125 -0.00506591796875
-0.0186653137207031 -0.0394248962402344 0.5677490234375 0.73419189453125
0.0177402496337891 -0.00614738464355469 0.00921630859375007 0.6865234375
0.0270786285400391 0.0116558074951172 0.0327377319335938 0.0827178955078125
0.0179004669189453 -0.00932121276855469 0.13470458984375 -0.62091064453125
0.0114974975585937 -0.0287017822265625 -0.46588134765625 -0.80706787109375
-0.00342464447021484 -0.00754213333129883 -0.83953857421875 -0.0478515625
-0.00439357757568359 0.00461864471435547 -0.380584716796875 0.534271240234375
-0.00189638137817383 -0.00800418853759766 0.091339111328125 0.45947265625
-0.00355720520019531 -0.00502109527587891 0.324188232421875 0.07647705078125
0.00417995452880859 0.00988101959228516 0.275833129882813 -0.206649780273438
-0.00959491729736328 -0.0115833282470703 -0.227737426757812 0.2252197265625
0.00867080688476562 -0.0263557434082031 -0.275161743164063 -0.07293701171875
0.00643730163574219 -0.0103979110717773 -0.115997314453125 -0.4566650390625
0.00345230102539063 0.0218982696533203 0.33953857421875 -0.57421875
-0.00944232940673828 0.0110397338867187 0.7894287109375 0.00396728515625
-0.0149173736572266 -0.0316944122314453 0.55853271484375 0.74359130859375
0.0179080963134766 0.00222587585449219 0.00219726562499998 0.68731689453125
0.0230808258056641 0.0176200866699219 0.034423828125 0.0786590576171875
0.0168647766113281 -0.000573158264160156 0.12786865234375 -0.62335205078125
0.0137557983398437 -0.0221748352050781 -0.47802734375 -0.79754638671875
0.000155448913574219 -0.00473785400390625 -0.838134765625 -0.032470703125
-0.00350689888000488 0.000138044357299805 -0.373016357421875 0.539794921875
0.000630378723144532 -0.0129756927490234 0.100250244140625 0.45867919921875
-0.00228214263916016 -0.00720596313476563 0.32733154296875 0.07586669921875
0.0028228759765625 0.00877141952514648 0.274307250976563 -0.209625244140625
-0.0117511749267578 -0.014129638671875 -0.232315063476563 0.223159790039062
0.00892257690429688 -0.0282001495361328 -0.273818969726563 -0.07513427734375
0.00658893585205078 -0.0160417556762695 -0.106231689453125 -0.459625244140625
0.00532150268554688 0.0171527862548828 0.3519287109375 -0.571044921875
-0.00709056854248047 0.0124959945678711 0.7923583984375 0.018798828125
-0.0120601654052734 -0.0263729095458984 0.5465087890625 0.75238037109375
0.0168972015380859 0.00884723663330078 -0.00714111328124993 0.6810302734375
0.0187435150146484 0.0229778289794922 0.0366439819335938 0.0708847045898438
0.0147924423217773 0.00543689727783203 0.11871337890625 -0.62646484375
0.015223503112793 -0.0165815353393555 -0.4915771484375 -0.78692626953125
0.00393128395080566 -0.00401091575622559 -0.83648681640625 -0.0162353515624999
-0.00090932846069336 -0.00397014617919922 -0.358306884765625 0.54547119140625
0.0029296875 -0.0189018249511719 0.108795166015625 0.45758056640625
-0.00158882141113281 -0.00856351852416992 0.327362060546875 0.075042724609375
0.00123929977416992 0.00654029846191406 0.27252197265625 -0.212326049804687
-0.0134963989257813 -0.016749382019043 -0.238662719726563 0.219650268554688
0.00871086120605469 -0.0283317565917969 -0.27655029296875 -0.0786285400390625
0.00879669189453125 -0.0204010009765625 -0.100799560546875 -0.46136474609375
0.00712394714355469 0.0137453079223633 0.36395263671875 -0.56591796875
-0.00460338592529297 0.0130434036254883 0.79364013671875 0.03387451171875
-0.0112380981445313 -0.0229930877685547 0.53460693359375 0.75994873046875
0.0157623291015625 0.0125503540039063 -0.01641845703125 0.674560546875
0.0159549713134766 0.025665283203125 0.0389366149902344 0.0625152587890625
0.0140571594238281 0.00845813751220703 0.1099853515625 -0.63385009765625
0.0173835754394531 -0.0127859115600586 -0.50616455078125 -0.77947998046875
0.00667810440063477 -0.0021662712097168 -0.83367919921875 -0.0023193359375
0.000351428985595703 -0.00666046142578125 -0.34539794921875 0.5494384765625
0.00490188598632813 -0.0239086151123047 0.1171875 0.455108642578125
-0.00233078002929688 -0.00938129425048828 0.3267822265625 0.07373046875
-0.0013887882232666 0.0038304328918457 0.26751708984375 -0.213638305664063
-0.0158882141113281 -0.0216464996337891 -0.23291015625 0.225006103515625
0.00464153289794922 -0.0144052505493164 -0.289703369140625 -0.07391357421875
0.00482940673828125 0.00199031829833984 -0.1290283203125 -0.4483642578125
0.00414848327636719 0.0296764373779297 0.32904052734375 -0.57965087890625
-0.0150556564331055 0.00396347045898437 0.7857666015625 -0.016845703125
-0.0302619934082031 -0.0574417114257813 0.5648193359375 0.71075439453125
0.0141544342041016 -0.0306987762451172 0.01171875 0.66278076171875
0.0385208129882813 -0.0136985778808594 0.0388069152832031 0.0688209533691406
0.0146636962890625 -0.0331268310546875 0.12811279296875 -0.6292724609375
0.00105667114257813 -0.0468368530273437 -0.474609375 -0.8033447265625
-0.00710773468017578 -0.0143537521362305 -0.83465576171875 -0.0404663085937501
-0.00350570678710937 0.00893974304199219 -0.370513916015625 0.5352783203125
-0.00267601013183594 -0.00151252746582031 0.0893249511718749 0.460296630859375
-0.00743389129638672 0.00222587585449219 0.30816650390625 0.073944091796875
-0.00294113159179688 0.00190997123718262 0.267852783203125 -0.205963134765625
-0.0140914916992188 -0.0158329010009766 -0.224075317382813 0.225997924804687
0.00483036041259766 -0.0164422988891602 -0.2850341796875 -0.0705566406250001
0.00530195236206055 0.00362396240234375 -0.13232421875 -0.447601318359375
0.00345230102539063 0.0307254791259766 0.32220458984375 -0.57989501953125
-0.0159101486206055 0.00419712066650391 0.78179931640625 -0.02191162109375
-0.029815673828125 -0.0561294555664063 0.5704345703125 0.71038818359375
0.0157546997070313 -0.0274944305419922 0.0178222656249999 0.67169189453125
0.0382919311523438 -0.0100059509277344 0.0368881225585937 0.0758743286132813
0.0171737670898438 -0.0306282043457031 0.1328125 -0.625
0.00275421142578125 -0.0455856323242188 -0.46527099609375 -0.8109130859375
-0.00837802886962891 -0.0131158828735352 -0.8360595703125 -0.0520629882812499
-0.00439929962158203 0.00928020477294922 -0.380889892578125 0.531768798828125
-0.00432205200195313 0.000488996505737305 0.082855224609375 0.458526611328125
-0.00648927688598633 0.0014033317565918 0.31011962890625 0.07391357421875
-0.000586986541748047 0.00571441650390625 0.267974853515625 -0.204696655273438
-0.0113325119018555 -0.0126399993896484 -0.22088623046875 0.228256225585937
0.0067596435546875 -0.0186996459960938 -0.281280517578125 -0.0694580078125001
0.00461006164550781 0.00311994552612305 -0.1317138671875 -0.44744873046875
0.00253677368164063 0.0305633544921875 0.317626953125 -0.57904052734375
-0.0159759521484375 0.00526237487792969 0.77972412109375 -0.02178955078125
-0.026519775390625 -0.051300048828125 0.57196044921875 0.71392822265625
0.0169353485107422 -0.0217761993408203 0.0190429687500001 0.67645263671875
0.0362701416015625 -0.00446701049804688 0.033843994140625 0.080841064453125
0.0186862945556641 -0.0254020690917969 0.13720703125 -0.6180419921875
0.005340576171875 -0.041961669921875 -0.4573974609375 -0.810546875
-0.00827693939208984 -0.0124988555908203 -0.8345947265625 -0.0548095703125001
-0.00557899475097656 0.00910091400146484 -0.38372802734375 0.530303955078125
-0.00494909286499023 0.000409603118896484 0.08416748046875 0.458587646484375
-0.00507259368896484 -0.00051736831665039 0.3143310546875 0.07598876953125
0.00241327285766602 0.00831317901611328 0.273117065429688 -0.205215454101563
-0.00902938842773438 -0.0105829238891602 -0.21795654296875 0.22723388671875
0.00706291198730468 -0.0216693878173828 -0.276397705078125 -0.0691986083984374
0.00479221343994141 -0.000163078308105469 -0.12835693359375 -0.449310302734375
0.00285530090332031 0.0272769927978516 0.3175048828125 -0.57843017578125
-0.0147914886474609 0.00701522827148437 0.78057861328125 -0.01898193359375
-0.0236396789550781 -0.0458145141601562 0.5753173828125 0.71905517578125
0.0178489685058594 -0.0140762329101562 0.0181884765624999 0.679931640625
0.03240966796875 0.00339317321777344 0.0327072143554688 0.0832443237304687
0.0186443328857422 -0.0172748565673828 0.13385009765625 -0.6162109375
0.0078582763671875 -0.0355987548828125 -0.46124267578125 -0.80633544921875
-0.0061025619506836 -0.00985527038574219 -0.83819580078125 -0.0507812500000002
-0.00493383407592774 0.00693178176879883 -0.38427734375 0.530426025390625
-0.00422883033752441 -0.00309967994689941 0.0865478515625 0.45745849609375
-0.00457143783569336 -0.00220870971679688 0.318817138671875 0.0750732421875
0.00425148010253906 0.0106983184814453 0.27313232421875 -0.205352783203125
-0.00926113128662109 -0.00985622406005859 -0.219497680664063 0.225509643554687
0.00734138488769532 -0.0240554809570313 -0.2742919921875 -0.06951904296875
0.00511503219604492 -0.0039515495300293 -0.123291015625 -0.449737548828125
0.00312995910644531 0.0248298645019531 0.32562255859375 -0.5740966796875
-0.0123491287231445 0.00903606414794922 0.77899169921875 -0.0079345703125
-0.0196952819824219 -0.0387306213378906 0.56536865234375 0.7254638671875
0.0183906555175781 -0.00499916076660156 0.01055908203125 0.68133544921875
0.0282573699951172 0.0118198394775391 0.032440185546875 0.0820770263671875
0.0183467864990234 -0.00858879089355469 0.13323974609375 -0.6156005859375
0.0106449127197266 -0.02899169921875 -0.46307373046875 -0.79974365234375
-0.0027623176574707 -0.00762748718261719 -0.83447265625 -0.0451049804687501
-0.00478601455688476 0.00463533401489258 -0.3797607421875 0.531158447265625
-0.00273752212524414 -0.00738382339477539 0.090179443359375 0.456298828125
-0.00335264205932617 -0.00475215911865234 0.32177734375 0.075347900390625
0.00442218780517578 0.0101413726806641 0.27313232421875 -0.20623779296875
-0.00893878936767578 -0.00991344451904297 -0.223663330078125 0.224273681640625
0.0078887939453125 -0.0257892608642578 -0.2720947265625 -0.0712127685546875
0.00609970092773437 -0.0103254318237305 -0.1163330078125 -0.4525146484375
0.00451278686523437 0.0211124420166016 0.33355712890625 -0.57122802734375
-0.0100202560424805 0.0102987289428711 0.78265380859375 0.00213623046875
-0.0155925750732422 -0.0325145721435547 0.557373046875 0.736083984375
0.0182647705078125 0.00341224670410156 0.00476074218750001 0.6810302734375
0.0237255096435547 0.0186004638671875 0.033111572265625 0.0777664184570313
0.0164690017700195 -0.0006561279296875 0.1251220703125 -0.61859130859375
0.0132999420166016 -0.0217990875244141 -0.47564697265625 -0.791015625
0.000897884368896484 -0.00517082214355469 -0.83355712890625 -0.0307617187499999
-0.00304150581359863 0.00017547607421875 -0.3695068359375 0.53900146484375
-0.000425338745117187 -0.0128602981567383 0.100128173828125 0.454193115234375
-0.001953125 -0.00654411315917969 0.32537841796875 0.0753173828125
0.00381278991699219 0.00972557067871094 0.272720336914063 -0.208251953125
-0.0107097625732422 -0.0132732391357422 -0.2281494140625 0.22137451171875
0.00830078125 -0.0271797180175781 -0.272216796875 -0.073699951171875
0.00634002685546875 -0.015416145324707 -0.10833740234375 -0.45703125
0.00592803955078125 0.0169744491577148 0.345703125 -0.56817626953125
-0.00697040557861328 0.0122652053833008 0.7850341796875 0.01556396484375
-0.0132427215576172 -0.0264873504638672 0.5450439453125 0.74407958984375
0.0168256759643555 0.00970935821533203 -0.00506591796874994 0.67449951171875
0.0196952819824219 0.0229949951171875 0.036102294921875 0.0712356567382813
0.0150737762451172 0.00575542449951172 0.117919921875 -0.62310791015625
0.0155315399169922 -0.0163917541503906 -0.48956298828125 -0.77935791015625
0.00358772277832031 -0.00333857536315918 -0.83172607421875 -0.0154418945312499
-0.000995397567749024 -0.0038299560546875 -0.356170654296875 0.54229736328125
0.00185203552246094 -0.019012451171875 0.10931396484375 0.4542236328125
-0.00174570083618164 -0.00786018371582031 0.325592041015625 0.07354736328125
0.00154590606689453 0.00696468353271484 0.269699096679688 -0.210983276367187
-0.0139703750610352 -0.0166406631469727 -0.2344970703125 0.218307495117188
0.00798797607421875 -0.0279769897460938 -0.273239135742188 -0.0771331787109375
0.00853347778320312 -0.0206260681152344 -0.10064697265625 -0.45758056640625
0.00723361968994141 0.0142526626586914 0.35845947265625 -0.56231689453125
-0.00479698181152344 0.0118122100830078 0.7872314453125 0.02880859375
-0.0111541748046875 -0.0235481262207031 0.53369140625 0.75189208984375
0.0160751342773438 0.0129861831665039 -0.01397705078125 0.66937255859375
0.0162677764892578 0.0254268646240234 0.0386886596679688 0.0629310607910156
0.0140037536621094 0.00801753997802734 0.10870361328125 -0.62847900390625
0.0158004760742188 -0.0130205154418945 -0.50579833984375 -0.77227783203125
0.00647687911987305 -0.00304985046386719 -0.82794189453125 1.01203547151058E-16
-0.000201225280761719 -0.00748395919799805 -0.3424072265625 0.545989990234375
0.003814697265625 -0.0235824584960937 0.1171875 0.452117919921875
-0.00172853469848633 -0.00875759124755859 0.323333740234375 0.07293701171875
-0.000826597213745117 0.00408148765563965 0.265884399414063 -0.213180541992188
-0.0164299011230469 -0.0200920104980469 -0.2298583984375 0.223831176757813
0.00449180603027344 -0.0134687423706055 -0.287841796875 -0.072784423828125
0.00524234771728516 0.00185585021972656 -0.128875732421875 -0.44525146484375
0.00464439392089843 0.0297203063964844 0.324951171875 -0.5748291015625
-0.0160799026489258 0.00267505645751953 0.77752685546875 -0.01885986328125
-0.0313911437988281 -0.0573768615722656 0.56072998046875 0.70556640625
0.0143203735351563 -0.0300636291503906 0.013427734375 0.6566162109375
0.0390472412109375 -0.013397216796875 0.0385589599609375 0.0688133239746094
0.0153751373291016 -0.0328788757324219 0.127685546875 -0.62469482421875
0.000720977783203124 -0.0465621948242187 -0.47247314453125 -0.795166015625
-0.00766181945800781 -0.0138683319091797 -0.8291015625 -0.04022216796875
-0.0036158561706543 0.00863170623779297 -0.36883544921875 0.5322265625
-0.00356149673461914 -0.000905513763427734 0.088897705078125 0.457977294921875
-0.00710296630859375 0.00298023223876953 0.3050537109375 0.073822021484375
-0.00246119499206543 0.00213742256164551 0.2652587890625 -0.205856323242188
-0.013484001159668 -0.014744758605957 -0.221755981445313 0.225067138671875
0.00450611114501953 -0.0151491165161133 -0.282379150390625 -0.069915771484375
0.00502443313598633 0.00378274917602539 -0.13189697265625 -0.443939208984375
0.00347900390625 0.0302944183349609 0.3179931640625 -0.5745849609375
-0.0169200897216797 0.00237941741943359 0.77630615234375 -0.0230712890625
-0.0301437377929688 -0.0551567077636719 0.5692138671875 0.70623779296875
0.0159511566162109 -0.0269145965576172 0.0167846679687499 0.66790771484375
0.0386123657226563 -0.0088958740234375 0.0363235473632812 0.0750885009765625
0.0170364379882813 -0.0302772521972656 0.132568359375 -0.620361328125
0.00275421142578125 -0.0455131530761719 -0.46502685546875 -0.80419921875
-0.00820064544677734 -0.0136280059814453 -0.83111572265625 -0.0517578124999999
-0.00465011596679688 0.00944900512695313 -0.3790283203125 0.529632568359375
-0.00479364395141602 0.00133275985717773 0.083526611328125 0.456329345703125
-0.00689601898193359 0.00125837326049805 0.307952880859375 0.07305908203125
0.000114917755126954 0.0066227912902832 0.266082763671875 -0.204559326171875
-0.0108833312988281 -0.0125017166137695 -0.218002319335938 0.2269287109375
0.00636100769042969 -0.0177154541015625 -0.278213500976562 -0.0691986083984375
0.00374984741210937 0.00313305854797363 -0.1328125 -0.444915771484375
0.00359535217285156 0.0296859741210938 0.313232421875 -0.5760498046875
-0.0171794891357422 0.00415420532226562 0.77313232421875 -0.0247802734375
-0.0273818969726563 -0.0520057678222656 0.5711669921875 0.708740234375
0.0166797637939453 -0.0215034484863281 0.0191650390625 0.6715087890625
0.036529541015625 -0.00360488891601563 0.0338134765625 0.08074951171875
0.0173606872558594 -0.0248489379882813 0.13665771484375 -0.6124267578125
0.0053253173828125 -0.041961669921875 -0.456298828125 -0.803466796875
-0.00774097442626953 -0.0123405456542969 -0.83087158203125 -0.0528564453125
-0.00599193572998047 0.00929927825927734 -0.382720947265625 0.527099609375
-0.00555610656738281 8.96453857421866E-05 0.0827941894531251 0.455291748046875
-0.00497722625732422 -0.000364303588867189 0.312103271484375 0.07550048828125
0.00285100936889649 0.00831937789916992 0.270004272460938 -0.204193115234375
-0.00864982604980469 -0.00938987731933594 -0.215103149414063 0.224899291992188
0.00674629211425781 -0.0209236145019531 -0.274169921875 -0.0691070556640625
0.0045628547668457 0.000149726867675781 -0.129608154296875 -0.445831298828125
0.00355148315429688 0.0280475616455078 0.3135986328125 -0.57403564453125
-0.0153074264526367 0.0067911148071289 0.77447509765625 -0.02130126953125
-0.0235137939453125 -0.0458564758300781 0.572265625 0.7130126953125
0.0176410675048828 -0.0142230987548828 0.0183105468749999 0.6748046875
0.0327911376953125 0.00351524353027344 0.0325851440429688 0.0825271606445313
0.0179538726806641 -0.0166130065917969 0.13397216796875 -0.61077880859375
0.008148193359375 -0.0356941223144531 -0.45989990234375 -0.8009033203125
-0.00617694854736328 -0.0106029510498047 -0.83221435546875 -0.0506591796875
-0.00548315048217773 0.0061640739440918 -0.38079833984375 0.526824951171875
-0.00478267669677734 -0.00192356109619141 0.084808349609375 0.45343017578125
-0.00510835647583008 -0.00239658355712891 0.315155029296875 0.07366943359375
0.00471591949462891 0.0107383728027344 0.270309448242188 -0.203933715820312
-0.00805759429931641 -0.00953006744384766 -0.216659545898437 0.22528076171875
0.00739288330078125 -0.0236186981201172 -0.27166748046875 -0.0694427490234375
0.00445222854614258 -0.00478267669677734 -0.12371826171875 -0.446990966796875
0.00433158874511719 0.0249176025390625 0.32073974609375 -0.5693359375
-0.0127439498901367 0.00870800018310547 0.7724609375 -0.0087890625
-0.0204544067382813 -0.0392417907714844 0.5634765625 0.72039794921875
0.0180530548095703 -0.00482940673828125 0.0115966796875 0.67535400390625
0.0277805328369141 0.011016845703125 0.0326766967773437 0.0816879272460938
0.0179557800292969 -0.00850486755371094 0.1314697265625 -0.60986328125
0.0107631683349609 -0.0280361175537109 -0.4620361328125 -0.7935791015625
-0.00238895416259766 -0.0076451301574707 -0.8297119140625 -0.0426025390625002
-0.0042421817779541 0.00408196449279785 -0.376678466796875 0.528472900390625
-0.00277185440063477 -0.00751352310180664 0.08929443359375 0.45318603515625
-0.00388598442077637 -0.00378990173339844 0.319183349609375 0.074493408203125
0.00588607788085938 0.0112686157226562 0.270584106445313 -0.205093383789063
-0.00869178771972656 -0.00992202758789063 -0.220733642578125 0.223220825195313
0.00702095031738281 -0.0253543853759766 -0.269927978515625 -0.0709381103515625
0.00521564483642578 -0.00996112823486328 -0.1165771484375 -0.44989013671875
0.0058746337890625 0.0208950042724609 0.32952880859375 -0.5679931640625
-0.0104560852050781 0.0100011825561523 0.77581787109375 0.000122070312500001
-0.0168590545654297 -0.0325202941894531 0.5546875 0.73004150390625
0.0179462432861328 0.00315284729003906 0.005859375 0.675537109375
0.0234527587890625 0.0176353454589844 0.0334243774414063 0.0774993896484375
0.0165367126464844 -0.000660896301269531 0.12603759765625 -0.61370849609375
0.0137767791748047 -0.0216331481933594 -0.47296142578125 -0.78424072265625
0.000901222229003906 -0.00549507141113281 -0.82861328125 -0.0288085937499999
-0.00245475769042969 -0.000109434127807617 -0.36785888671875 0.534027099609375
-8.58306884765619E-05 -0.0127658843994141 0.0986328124999999 0.4522705078125
-0.00284337997436523 -0.00644874572753906 0.321380615234375 0.07415771484375
0.00449180603027344 0.00990390777587891 0.269760131835938 -0.207672119140625
-0.0108985900878906 -0.0134096145629883 -0.225433349609375 0.220138549804688
0.00733566284179688 -0.0263557434082031 -0.2705078125 -0.07275390625
0.006683349609375 -0.0162143707275391 -0.107635498046875 -0.452850341796875
0.00612926483154297 0.0170860290527344 0.341644287109375 -0.561981201171875
-0.00767993927001953 0.0113039016723633 0.77783203125 0.014404296875
-0.0138587951660156 -0.0272617340087891 0.54296875 0.73956298828125
0.016901969909668 0.00905704498291016 -0.00335693359375 0.6700439453125
0.0196914672851563 0.0237865447998047 0.0361862182617188 0.0707550048828125
0.0150127410888672 0.00613117218017578 0.1171875 -0.6182861328125
0.0147981643676758 -0.0162677764892578 -0.486572265625 -0.775146484375
0.00379323959350586 -0.00396990776062012 -0.826904296875 -0.0136108398437501
-0.00118327140808105 -0.00385785102844238 -0.353515625 0.538330078125
0.00170516967773437 -0.0185813903808594 0.108489990234375 0.450836181640625
-0.00191783905029297 -0.00747060775756836 0.322723388671875 0.072509765625
0.00249433517456055 0.00763607025146484 0.267227172851563 -0.21063232421875
-0.0140466690063477 -0.0159711837768555 -0.230926513671875 0.217010498046875
0.00696754455566406 -0.026031494140625 -0.271072387695313 -0.0755462646484375
0.007568359375 -0.020782470703125 -0.099853515625 -0.45416259765625
0.00806331634521484 0.0141077041625977 0.35455322265625 -0.557220458984375
-0.00528621673583984 0.0119400024414063 0.78070068359375 0.02825927734375
-0.0127639770507813 -0.0231456756591797 0.53021240234375 0.7476806640625
0.0155010223388672 0.0126161575317383 -0.0123291015624999 0.6640625
0.0169830322265625 0.0257606506347656 0.0395927429199219 0.0625152587890625
0.0139007568359375 0.00891208648681641 0.1068115234375 -0.62493896484375
0.0163660049438477 -0.0129594802856445 -0.50213623046875 -0.76629638671875
0.00695562362670898 -0.00293397903442383 -0.82403564453125 0.00122070312499982
8.10623168945255E-06 -0.0067291259765625 -0.342071533203125 0.542816162109375
0.00376129150390625 -0.0234622955322266 0.115814208984375 0.447418212890625
-0.00167703628540039 -0.00854015350341797 0.321380615234375 0.07147216796875
-0.000408649444580078 0.00416088104248047 0.262405395507813 -0.212570190429687
-0.0154514312744141 -0.0192718505859375 -0.227386474609375 0.222900390625
0.00347518920898438 -0.0124654769897461 -0.2857666015625 -0.073577880859375
0.0044398307800293 0.00170469284057617 -0.129425048828125 -0.443023681640625
0.00500106811523438 0.0291481018066406 0.32122802734375 -0.57037353515625
-0.0162668228149414 0.00324630737304687 0.77252197265625 -0.01922607421875
-0.0317497253417969 -0.0571174621582031 0.5579833984375 0.7025146484375
0.0142173767089844 -0.0297031402587891 0.0122070312500001 0.65313720703125
0.03857421875 -0.0129203796386719 0.0388336181640625 0.0685272216796875
0.0151176452636719 -0.0316619873046875 0.12762451171875 -0.61993408203125
0.000843048095703128 -0.0460548400878906 -0.46868896484375 -0.7935791015625
-0.0072021484375 -0.0146732330322266 -0.824951171875 -0.0399169921875001
-0.00309991836547851 0.00812911987304688 -0.365966796875 0.530029296875
-0.00356197357177734 -0.000998735427856446 0.086181640625 0.4539794921875
-0.00716972351074219 0.00328874588012695 0.302886962890625 0.073486328125
-0.0016934871673584 0.00305986404418945 0.264083862304688 -0.204879760742188
-0.0132980346679688 -0.0138359069824219 -0.219314575195312 0.222702026367188
0.00437068939208984 -0.0155324935913086 -0.280792236328125 -0.070343017578125
0.00452947616577149 0.00376796722412109 -0.13092041015625 -0.442047119140625
0.00452041625976562 0.0297603607177734 0.3148193359375 -0.5728759765625
-0.0172920227050781 0.00331497192382812 0.7708740234375 -0.02227783203125
-0.0314559936523438 -0.0558128356933594 0.567138671875 0.702880859375
0.0168037414550781 -0.0268611907958984 0.01800537109375 0.6610107421875
0.0389938354492188 -0.00926589965820313 0.0362167358398438 0.0753631591796875
0.0171184539794922 -0.0289649963378906 0.13238525390625 -0.6148681640625
0.0031585693359375 -0.0445365905761719 -0.46099853515625 -0.80035400390625
-0.00829124450683594 -0.0139236450195313 -0.82684326171875 -0.0530395507812501
-0.00499629974365234 0.00915241241455078 -0.377899169921875 0.525634765625
-0.00505208969116211 0.0011448860168457 0.08294677734375 0.4542236328125
-0.00667715072631836 0.00161504745483398 0.305450439453125 0.0728759765625
0.000939846038818359 0.00683450698852539 0.264816284179688 -0.203781127929688
-0.00984287261962891 -0.0115718841552734 -0.215713500976562 0.2254638671875
0.00476551055908203 -0.016932487487793 -0.276779174804688 -0.0688018798828124
0.00371098518371582 0.00268459320068359 -0.1298828125 -0.443145751953125
0.00433731079101563 0.0292816162109375 0.3111572265625 -0.5721435546875
-0.0170459747314453 0.00409889221191407 0.76593017578125 -0.02301025390625
-0.0285301208496094 -0.0518035888671875 0.568603515625 0.70330810546875
0.0165443420410156 -0.0212955474853516 0.0194702148437501 0.667236328125
0.0365486145019531 -0.00347900390625 0.0338134765625 0.080078125
0.0174198150634766 -0.0238208770751953 0.13592529296875 -0.60906982421875
0.00547027587890625 -0.0405197143554688 -0.45404052734375 -0.79803466796875
-0.00695991516113281 -0.012202262878418 -0.827392578125 -0.05322265625
-0.00526046752929687 0.00824737548828125 -0.3817138671875 0.52496337890625
-0.0052332878112793 0.000197410583496093 0.081756591796875 0.453399658203125
-0.00497961044311523 0.000188350677490233 0.310211181640625 0.07373046875
0.00369501113891602 0.00872802734375 0.267745971679688 -0.203689575195313
-0.00809431076049805 -0.008453369140625 -0.213333129882813 0.224197387695313
0.00579452514648437 -0.0200672149658203 -0.271743774414063 -0.068603515625
0.00353407859802246 0.000224828720092773 -0.129150390625 -0.44366455078125
0.00385665893554687 0.0273456573486328 0.31109619140625 -0.571533203125
-0.0154380798339844 0.00673389434814453 0.76861572265625 -0.021484375
-0.0253639221191406 -0.0454292297363281 0.5712890625 0.70947265625
0.0175724029541016 -0.0137653350830078 0.0192871093749999 0.67022705078125
0.0328464508056641 0.00394248962402344 0.0317153930664062 0.0829238891601563
0.0177478790283203 -0.0162181854248047 0.1328125 -0.60626220703125
0.00796127319335937 -0.0348758697509766 -0.45635986328125 -0.7947998046875
-0.00588798522949219 -0.0101175308227539 -0.8284912109375 -0.05145263671875
-0.00540065765380859 0.00662946701049805 -0.38104248046875 0.525421142578125
-0.00455141067504883 -0.00242471694946289 0.084075927734375 0.452789306640625
-0.00496387481689453 -0.00150251388549805 0.31365966796875 0.074462890625
0.00564193725585937 0.0110836029052734 0.26837158203125 -0.202651977539063
-0.00839519500732422 -0.00887870788574219 -0.21441650390625 0.22210693359375
0.00561904907226563 -0.0221900939941406 -0.26971435546875 -0.0691986083984375
0.00458526611328125 -0.00489139556884766 -0.121795654296875 -0.44476318359375
0.00494384765625 0.0244255065917969 0.3177490234375 -0.566650390625
-0.0139493942260742 0.00800132751464844 0.76629638671875 -0.01171875
-0.0211982727050781 -0.0389328002929688 0.5604248046875 0.71630859375
0.0181789398193359 -0.00496482849121094 0.012451171875 0.67120361328125
0.0280685424804688 0.0117683410644531 0.0318450927734375 0.081939697265625
0.0176181793212891 -0.00802230834960937 0.13092041015625 -0.60662841796875
0.0109214782714844 -0.0280895233154297 -0.45733642578125 -0.7896728515625
-0.00262260437011719 -0.00755882263183594 -0.82574462890625 -0.0441894531249999
-0.00464105606079102 0.00411224365234375 -0.376983642578125 0.525482177734375
-0.00318336486816406 -0.0069427490234375 0.089141845703125 0.45166015625
-0.00367617607116699 -0.00372910499572754 0.316741943359375 0.073150634765625
0.00538444519042969 0.0113964080810547 0.269577026367187 -0.20416259765625
-0.00864315032958984 -0.0092458724975586 -0.217697143554688 0.22076416015625
0.00628852844238281 -0.0236377716064453 -0.26824951171875 -0.0703582763671874
0.00483989715576172 -0.0105323791503906 -0.1170654296875 -0.448211669921875
0.00521469116210938 0.0210723876953125 0.3272705078125 -0.564208984375
-0.0108833312988281 0.0101957321166992 0.772216796875 0.001220703125
-0.0172519683837891 -0.0322799682617188 0.55181884765625 0.72576904296875
0.0174617767333984 0.00252723693847656 0.00646972656250006 0.669921875
0.0242977142333984 0.0183162689208984 0.0331649780273438 0.077056884765625
0.0166912078857422 0.000170707702636719 0.1248779296875 -0.609130859375
0.0132522583007812 -0.0206584930419922 -0.46942138671875 -0.780517578125
0.000961780548095704 -0.0052180290222168 -0.82574462890625 -0.0295410156250002
-0.0032658576965332 -0.000530242919921875 -0.366180419921875 0.53204345703125
-0.000550270080566408 -0.0121650695800781 0.0972900390625 0.450103759765625
-0.00331306457519531 -0.00578927993774414 0.31976318359375 0.073883056640625
0.00554466247558594 0.0105133056640625 0.267745971679688 -0.207305908203125
-0.0102834701538086 -0.0119962692260742 -0.222625732421875 0.21844482421875
0.00645637512207031 -0.025115966796875 -0.26751708984375 -0.072265625
0.0061798095703125 -0.0162572860717773 -0.1065673828125 -0.450836181640625
0.00710964202880859 0.0168256759643555 0.3375244140625 -0.56011962890625
-0.00848388671875 0.0107450485229492 0.772705078125 0.01287841796875
-0.0152339935302734 -0.0269718170166016 0.5391845703125 0.73541259765625
0.0172882080078125 0.00950431823730469 -0.00402832031249998 0.666259765625
0.0197200775146484 0.0232715606689453 0.0363616943359375 0.0705947875976563
0.0156135559082031 0.00571823120117187 0.1163330078125 -0.6136474609375
0.0154323577880859 -0.0157670974731445 -0.4835205078125 -0.7701416015625
0.00460577011108398 -0.00388574600219727 -0.823486328125 -0.0144653320312501
-0.0016624927520752 -0.00357437133789062 -0.3533935546875 0.536376953125
0.00197029113769531 -0.0181007385253906 0.106658935546875 0.446441650390625
-0.001800537109375 -0.00755023956298828 0.3199462890625 0.07244873046875
0.00280094146728516 0.00828981399536133 0.265411376953125 -0.208770751953125
-0.0133790969848633 -0.0145063400268555 -0.22894287109375 0.2166748046875
0.00636482238769531 -0.0257358551025391 -0.269378662109375 -0.0763397216796875
0.00788307189941406 -0.020782470703125 -0.10009765625 -0.451873779296875
0.00873756408691406 0.0138683319091797 0.350982666015625 -0.555694580078125
-0.00580215454101563 0.0123519897460937 0.7757568359375 0.0274658203125
-0.0138015747070313 -0.0228710174560547 0.52764892578125 0.74334716796875
0.0158052444458008 0.0131206512451172 -0.01141357421875 0.660400390625
0.0177249908447266 0.0253982543945312 0.0388298034667969 0.0630455017089844
0.0139560699462891 0.00919246673583984 0.10699462890625 -0.620361328125
0.0164194107055664 -0.0131072998046875 -0.49798583984375 -0.7630615234375
0.00643634796142578 -0.00278759002685547 -0.8203125 0.00018310546874993
-0.000544071197509766 -0.00695419311523438 -0.34039306640625 0.539794921875
0.00307655334472656 -0.0228729248046875 0.11474609375 0.44671630859375
-0.00239658355712891 -0.00829839706420898 0.319000244140625 0.07110595703125
0.000347137451171875 0.00532197952270508 0.261337280273438 -0.210342407226563
-0.0158596038818359 -0.0190219879150391 -0.225662231445312 0.220901489257813
0.00248527526855469 -0.0119380950927734 -0.28375244140625 -0.072784423828125
0.00386524200439453 0.00180459022521973 -0.1285400390625 -0.4415283203125
0.00569725036621094 0.0289306640625 0.32037353515625 -0.5679931640625
-0.0166463851928711 0.00239086151123047 0.7681884765625 -0.0185546875
-0.0330657958984375 -0.0574836730957031 0.55413818359375 0.69818115234375
0.0144977569580078 -0.028961181640625 0.010986328125 0.65045166015625
0.0396652221679688 -0.0125885009765625 0.0385093688964844 0.068115234375
0.0155544281005859 -0.0313396453857422 0.1268310546875 -0.61676025390625
0.000976562499999996 -0.0450515747070313 -0.46533203125 -0.79193115234375
-0.00660896301269531 -0.0151300430297852 -0.82305908203125 -0.0411987304687498
-0.00373744964599609 0.00824069976806641 -0.368408203125 0.526611328125
-0.00442886352539063 -0.000469684600830079 0.085540771484375 0.452545166015625
-0.00761699676513672 0.00410842895507813 0.30157470703125 0.074249267578125
-0.00035858154296875 0.00258970260620117 0.262405395507813 -0.203506469726563
-0.0127639770507812 -0.0135354995727539 -0.217086791992188 0.221160888671875
0.00397014617919922 -0.0144109725952148 -0.279190063476563 -0.071044921875
0.00416755676269531 0.00313067436218262 -0.13037109375 -0.44073486328125
0.00441551208496093 0.0294284820556641 0.31317138671875 -0.56927490234375
-0.0179214477539063 0.00288772583007812 0.76507568359375 -0.0213623046875
-0.0323715209960938 -0.0555381774902344 0.56463623046875 0.69989013671875
0.0160789489746094 -0.0258197784423828 0.0166015624999999 0.659912109375
0.0391120910644531 -0.00905227661132813 0.0358963012695312 0.075286865234375
0.0173149108886719 -0.0288753509521484 0.1319580078125 -0.61175537109375
0.00324630737304688 -0.0444526672363281 -0.45672607421875 -0.7989501953125
-0.00826358795166016 -0.0137338638305664 -0.825439453125 -0.0547485351562499
-0.00484895706176758 0.00834989547729492 -0.37860107421875 0.523712158203125
-0.00511074066162109 0.00100040435791016 0.080169677734375 0.45257568359375
-0.00648880004882812 0.00211095809936524 0.303680419921875 0.07342529296875
0.00192499160766602 0.00715827941894531 0.26373291015625 -0.202316284179688
-0.0102777481079102 -0.0102701187133789 -0.213943481445313 0.224151611328125
0.00446605682373047 -0.0160274505615234 -0.275558471679688 -0.069244384765625
0.00373387336730957 0.0028541088104248 -0.13031005859375 -0.44091796875
0.00421333312988281 0.0287837982177734 0.3095703125 -0.5682373046875
-0.017237663269043 0.00483322143554688 0.76263427734375 -0.02349853515625
-0.0295486450195313 -0.0517501831054687 0.56488037109375 0.7001953125
0.0170173645019531 -0.0213375091552734 0.017333984375 0.66424560546875
0.03680419921875 -0.00310897827148438 0.0334320068359375 0.0807342529296875
0.0174655914306641 -0.0234355926513672 0.1365966796875 -0.605712890625
0.00505828857421875 -0.0405464172363281 -0.4495849609375 -0.795166015625
-0.00695514678955078 -0.0129547119140625 -0.82489013671875 -0.0546875
-0.00562477111816406 0.00792026519775391 -0.381805419921875 0.522216796875
-0.00604820251464844 0.000244140625000001 0.078826904296875 0.45172119140625
-0.00613021850585938 0.00127792358398437 0.30804443359375 0.074371337890625
0.00433826446533203 0.00934410095214844 0.267913818359375 -0.202682495117187
-0.00814199447631836 -0.00732421875 -0.21160888671875 0.22265625
0.0047149658203125 -0.0189342498779297 -0.269851684570313 -0.0690460205078125
0.0032494068145752 -8.7738037109375E-05 -0.128265380859375 -0.441131591796875
0.00404739379882812 0.0270233154296875 0.3094482421875 -0.56768798828125
-0.0163354873657227 0.00649642944335938 0.7646484375 -0.01983642578125
-0.025665283203125 -0.0453147888183594 0.56719970703125 0.70697021484375
0.0172643661499023 -0.0133810043334961 0.019287109375 0.66693115234375
0.033477783203125 0.00342178344726562 0.0320968627929688 0.0832748413085938
0.0178031921386719 -0.0164203643798828 0.13482666015625 -0.60357666015625
0.00801658630371094 -0.0345420837402344 -0.45263671875 -0.79443359375
-0.00546169281005859 -0.0105953216552734 -0.825927734375 -0.0516967773437501
-0.00523519515991211 0.00640630722045898 -0.381011962890625 0.5235595703125
-0.00480175018310547 -0.00258445739746094 0.081878662109375 0.45086669921875
-0.00529336929321289 -0.00134468078613281 0.31182861328125 0.07427978515625
0.00619697570800781 0.0117101669311523 0.267990112304688 -0.20196533203125
-0.00776910781860352 -0.00770235061645508 -0.212615966796875 0.221771240234375
0.00638771057128906 -0.0215339660644531 -0.266754150390625 -0.0702056884765624
0.00414872169494629 -0.00427460670471191 -0.121978759765625 -0.442413330078125
0.00533485412597656 0.0240707397460938 0.317138671875 -0.56280517578125
-0.0145101547241211 0.00814247131347656 0.7623291015625 -0.00860595703125
-0.0215682983398437 -0.0392608642578125 0.55804443359375 0.71478271484375
0.0178279876708984 -0.00406074523925781 0.0119628906249999 0.66729736328125
0.0289726257324219 0.012176513671875 0.03253173828125 0.08111572265625
0.0176277160644531 -0.00689125061035156 0.13232421875 -0.6029052734375
0.0107288360595703 -0.0273284912109375 -0.45458984375 -0.78759765625
-0.00235128402709961 -0.0083460807800293 -0.82464599609375 -0.044677734375
-0.00420880317687988 0.00374436378479004 -0.376708984375 0.522979736328125
-0.00344514846801758 -0.00692081451416016 0.086761474609375 0.4483642578125
-0.00359272956848144 -0.00343608856201172 0.314849853515625 0.0750732421875
0.00702095031738281 0.0125131607055664 0.26837158203125 -0.203201293945313
-0.00785732269287109 -0.00820112228393555 -0.216522216796875 0.220703125
0.00623703002929687 -0.0240650177001953 -0.267181396484375 -0.0699462890625
0.00435256958007813 -0.0108718872070313 -0.1151123046875 -0.446502685546875
0.00589942932128906 0.021087646484375 0.323272705078125 -0.5604248046875
-0.0111169815063477 0.009918212890625 0.76763916015625 0.000732421875000001
-0.0181293487548828 -0.0325164794921875 0.5494384765625 0.7236328125
0.0182266235351563 0.00320243835449219 0.00616455078124998 0.6685791015625
0.0244922637939453 0.0182590484619141 0.0337905883789063 0.0768203735351563
0.0165767669677734 0.0005645751953125 0.1246337890625 -0.60626220703125
0.0141754150390625 -0.0206317901611328 -0.46807861328125 -0.78045654296875
0.00069570541381836 -0.00501823425292969 -0.82330322265625 -0.0310668945312501
-0.00326347351074219 -0.000347137451171875 -0.367828369140625 0.528594970703125
-0.000939369201660157 -0.0120162963867187 0.0966796875 0.448089599609375
-0.00277423858642578 -0.00523853302001953 0.317962646484375 0.073272705078125
0.00577640533447266 0.0103034973144531 0.267669677734375 -0.20587158203125
-0.0102777481079102 -0.0110874176025391 -0.221145629882813 0.21661376953125
0.00662040710449219 -0.0240001678466797 -0.266693115234375 -0.07330322265625
0.00556850433349609 -0.0155925750732422 -0.106414794921875 -0.44927978515625
0.00784969329833984 0.0163488388061523 0.33697509765625 -0.556640625
-0.00845527648925781 0.0107011795043945 0.76947021484375 0.01434326171875
-0.0156955718994141 -0.0269069671630859 0.5374755859375 0.732421875
0.0169267654418945 0.00958919525146484 -0.0025634765625 0.66314697265625
0.0202388763427734 0.0234527587890625 0.0363883972167969 0.0702476501464844
0.0153694152832031 0.00632667541503906 0.11737060546875 -0.6097412109375
0.0153656005859375 -0.0157194137573242 -0.48028564453125 -0.7689208984375
0.00441122055053711 -0.00436735153198242 -0.8211669921875 -0.0150756835937502
-0.00152897834777832 -0.00376009941101074 -0.354248046875 0.533843994140625
0.00189495086669922 -0.0172910690307617 0.10565185546875 0.446136474609375
-0.00268220901489258 -0.00729751586914063 0.31829833984375 0.0726318359375
0.00371503829956055 0.00851631164550781 0.265060424804688 -0.208694458007813
-0.0126514434814453 -0.0130796432495117 -0.227188110351563 0.214584350585937
0.00625801086425781 -0.0247135162353516 -0.268280029296875 -0.0760498046875
0.00807571411132813 -0.020599365234375 -0.0992431640625 -0.449310302734375
0.00824928283691406 0.0132532119750977 0.34979248046875 -0.55206298828125
-0.00597190856933594 0.0119075775146484 0.77069091796875 0.0279541015625
-0.0145702362060547 -0.0232715606689453 0.5240478515625 0.74176025390625
0.0157394409179688 0.0133514404296875 -0.0126953125 0.65716552734375
0.0178508758544922 0.0260601043701172 0.0379714965820312 0.0629844665527344
0.014404296875 0.00970077514648438 0.10833740234375 -0.61761474609375
0.0159807205200195 -0.0126209259033203 -0.4949951171875 -0.7620849609375
0.00692653656005859 -0.00324535369873047 -0.8175048828125 6.10351562498376E-05
-0.00146484375 -0.00752544403076172 -0.3411865234375 0.5377197265625
0.00288772583007813 -0.0227088928222656 0.114227294921875 0.445159912109375
-0.00225067138671875 -0.00808382034301758 0.317413330078125 0.071136474609375
0.000785350799560547 0.00599145889282227 0.260177612304688 -0.209869384765625
-0.0151653289794922 -0.0179443359375 -0.224533081054688 0.220321655273437
0.0018768310546875 -0.0108985900878906 -0.282623291015625 -0.074066162109375
0.00365567207336426 0.00182247161865234 -0.12774658203125 -0.44195556640625
0.00598526000976563 0.0293865203857422 0.31988525390625 -0.5660400390625
-0.0171699523925781 0.0027313232421875 0.76544189453125 -0.0167236328125
-0.0338516235351562 -0.0572700500488281 0.55255126953125 0.697998046875
0.0144405364990234 -0.0287399291992187 0.01214599609375 0.64739990234375
0.0399894714355469 -0.012176513671875 0.0380706787109375 0.0686416625976563
0.0158023834228516 -0.0312423706054688 0.12823486328125 -0.61346435546875
0.00148773193359375 -0.0450401306152344 -0.46258544921875 -0.78802490234375
-0.00716876983642578 -0.0151910781860352 -0.8204345703125 -0.0426635742187502
-0.00390863418579102 0.00766420364379883 -0.36956787109375 0.5252685546875
-0.00384163856506348 2.81333923339836E-05 0.0838623046875 0.4521484375
-0.00664615631103516 0.00459575653076172 0.29962158203125 0.07427978515625
-0.000478267669677734 0.00265264511108398 0.262451171875 -0.203414916992187
-0.0125522613525391 -0.0118923187255859 -0.216690063476562 0.220794677734375
0.0023641586303711 -0.0134105682373047 -0.277618408203125 -0.0714874267578125
0.00341081619262695 0.00305533409118652 -0.129608154296875 -0.439697265625
0.00455093383789063 0.0294418334960937 0.3134765625 -0.56671142578125
-0.0187091827392578 0.0025482177734375 0.76336669921875 -0.02130126953125
-0.0325050354003906 -0.0554847717285156 0.5625 0.698486328125
0.0161590576171875 -0.0256214141845703 0.01690673828125 0.65716552734375
0.0399360656738281 -0.00940704345703125 0.0359420776367188 0.0756912231445313
0.0166645050048828 -0.0283794403076172 0.134521484375 -0.6090087890625
0.00295639038085938 -0.0438919067382813 -0.45233154296875 -0.79766845703125
-0.00721263885498047 -0.0147418975830078 -0.82513427734375 -0.0556640625
-0.00547409057617188 0.00853919982910156 -0.37939453125 0.520843505859375
-0.00552892684936524 0.00138139724731445 0.078521728515625 0.451812744140625
-0.00731325149536133 0.00206851959228516 0.3017578125 0.073333740234375
0.00235652923583984 0.00754117965698242 0.263092041015625 -0.201568603515625
-0.00999832153320313 -0.00956630706787109 -0.21307373046875 0.222488403320313
0.00463104248046875 -0.0156173706054687 -0.272796630859375 -0.0695343017578125
0.00355434417724609 0.00133585929870605 -0.129364013671875 -0.439971923828125
0.00468635559082032 0.0289974212646484 0.306396484375 -0.56488037109375
-0.0172300338745117 0.00422191619873047 0.75787353515625 -0.0213623046875
-0.0307884216308594 -0.0516929626464844 0.56292724609375 0.69921875
0.0169792175292969 -0.0202484130859375 0.0171508789062501 0.66192626953125
0.0374183654785156 -0.00336456298828125 0.0330886840820313 0.0807037353515625
0.0175952911376953 -0.0227279663085938 0.13690185546875 -0.60321044921875
0.00568389892578125 -0.0399131774902344 -0.44586181640625 -0.79620361328125
-0.0072479248046875 -0.0133943557739258 -0.823486328125 -0.0570678710937499
-0.00603151321411133 0.00772571563720703 -0.38287353515625 0.520751953125
-0.00672149658203125 0.000579833984375 0.077117919921875 0.450958251953125
-0.00634765625 0.0012822151184082 0.306365966796875 0.075592041015625
0.0047607421875 0.00912952423095703 0.26739501953125 -0.201873779296875
-0.00748968124389648 -0.00786447525024414 -0.2108154296875 0.221664428710937
0.00416755676269531 -0.0188331604003906 -0.269088745117188 -0.069244384765625
0.00324130058288574 -0.00067901611328125 -0.126861572265625 -0.44085693359375
0.004425048828125 0.0269126892089844 0.30828857421875 -0.56561279296875
-0.0164833068847656 0.00594234466552735 0.76123046875 -0.01690673828125
-0.0262603759765625 -0.0457839965820313 0.56329345703125 0.704833984375
0.0182304382324219 -0.0131626129150391 0.0173950195312499 0.664306640625
0.0345726013183594 0.00369834899902344 0.0325241088867188 0.0823287963867188
0.0178699493408203 -0.0153636932373047 0.1365966796875 -0.60028076171875
0.00844001770019531 -0.0348567962646484 -0.44970703125 -0.7933349609375
-0.00511741638183594 -0.0102815628051758 -0.8238525390625 -0.05511474609375
-0.00593805313110352 0.00596857070922852 -0.383544921875 0.520904541015625
-0.00490617752075195 -0.00243330001831055 0.080047607421875 0.449859619140625
-0.00526857376098633 -0.000699520111083985 0.3106689453125 0.07525634765625
0.00740623474121094 0.0115633010864258 0.268035888671875 -0.201461791992187
-0.00731325149536133 -0.00598716735839844 -0.211166381835937 0.220138549804687
0.00478935241699219 -0.0205249786376953 -0.265838623046875 -0.0701751708984376
0.00367116928100586 -0.00474929809570313 -0.12005615234375 -0.44232177734375
0.0053558349609375 0.0237102508544922 0.315582275390625 -0.5609130859375
-0.0141124725341797 0.008209228515625 0.76190185546875 -0.0068359375
-0.0224685668945313 -0.0387611389160156 0.5550537109375 0.7132568359375
0.0184116363525391 -0.00409317016601563 0.0110473632812499 0.66656494140625
0.0299015045166016 0.0108680725097656 0.032196044921875 0.0813140869140625
0.017430305480957 -0.00716781616210938 0.1324462890625 -0.600830078125
0.0109329223632812 -0.0274372100830078 -0.45306396484375 -0.78802490234375
-0.00175237655639648 -0.00861692428588867 -0.82171630859375 -0.0479125976562499
-0.00491428375244141 0.00305414199829102 -0.37872314453125 0.520660400390625
-0.00375270843505859 -0.00653219223022461 0.085662841796875 0.44915771484375
-0.00469207763671875 -0.002899169921875 0.313018798828125 0.07464599609375
0.00710010528564453 0.0119924545288086 0.267364501953125 -0.202468872070313
-0.00837564468383789 -0.00763225555419922 -0.214218139648438 0.218536376953125
0.00510215759277344 -0.0230350494384766 -0.265167236328125 -0.07061767578125
0.00415515899658203 -0.0102987289428711 -0.11358642578125 -0.445831298828125
0.00613021850585938 0.0195236206054687 0.32305908203125 -0.558807373046875
-0.0122127532958984 0.0098104476928711 0.763916015625 0.00244140625
-0.0194225311279297 -0.032440185546875 0.54736328125 0.72271728515625
0.0181941986083984 0.00418281555175781 0.00524902343750002 0.66571044921875
0.0250091552734375 0.0189666748046875 0.0332260131835938 0.0777359008789062
0.0161342620849609 0.000744819641113281 0.1268310546875 -0.60467529296875
0.0139713287353516 -0.0208892822265625 -0.4632568359375 -0.779296875
0.00100994110107422 -0.00612592697143555 -0.8221435546875 -0.0325317382812502
-0.00261306762695313 -0.000588417053222656 -0.36810302734375 0.52587890625
-0.000974655151367189 -0.0116539001464844 0.093994140625 0.44769287109375
-0.00315570831298828 -0.00530529022216797 0.31683349609375 0.073760986328125
0.00704383850097656 0.0110397338867188 0.266754150390625 -0.2047119140625
-0.0103330612182617 -0.00990200042724609 -0.220550537109375 0.215789794921875
0.00552558898925781 -0.0238113403320313 -0.265655517578125 -0.07281494140625
0.00523853302001953 -0.0156869888305664 -0.10498046875 -0.447265625
0.00791549682617188 0.0165853500366211 0.335906982421875 -0.5543212890625
-0.00948810577392578 0.0107669830322266 0.765380859375 0.01605224609375
-0.0161514282226563 -0.0267333984375 0.53656005859375 0.7314453125
0.0171241760253906 0.0102624893188477 -0.00415039062499995 0.66131591796875
0.0206832885742188 0.0234107971191406 0.0355911254882813 0.0704116821289063
0.0143346786499023 0.00698184967041016 0.11810302734375 -0.60809326171875
0.0162372589111328 -0.0153427124023438 -0.47540283203125 -0.76812744140625
0.00506448745727539 -0.00448465347290039 -0.820068359375 -0.0157470703125001
-0.00166797637939453 -0.00463104248046875 -0.356109619140625 0.531982421875
0.000842094421386717 -0.0172061920166016 0.10369873046875 0.445068359375
-0.00263500213623047 -0.00629615783691406 0.318359375 0.073455810546875
0.00462007522583008 0.00834035873413086 0.264801025390625 -0.2078857421875
-0.012812614440918 -0.012211799621582 -0.225921630859375 0.212692260742188
0.00524330139160156 -0.0238800048828125 -0.266754150390625 -0.0766448974609375
0.00689888000488281 -0.0207977294921875 -0.09783935546875 -0.44866943359375
0.00923824310302734 0.0127296447753906 0.3486328125 -0.549346923828125
-0.00672340393066406 0.0113315582275391 0.7689208984375 0.0291748046875
-0.015167236328125 -0.023529052734375 0.52337646484375 0.7392578125
0.0160589218139648 0.0136041641235352 -0.0124511718750001 0.65460205078125
0.0185451507568359 0.0257434844970703 0.0385589599609375 0.0630455017089844
0.0144577026367188 0.00985622406005859 0.11053466796875 -0.61370849609375
0.0166645050048828 -0.0125436782836914 -0.49163818359375 -0.75994873046875
0.00728607177734375 -0.00328350067138672 -0.81610107421875 -0.00311279296875009
0.000112056732177735 -0.007568359375 -0.34332275390625 0.536163330078125
0.00213623046875 -0.02264404296875 0.1126708984375 0.444915771484375
-0.00203752517700195 -0.00718116760253906 0.3165283203125 0.071807861328125
0.00176429748535156 0.00542020797729492 0.259918212890625 -0.20892333984375
-0.0148210525512695 -0.0166406631469727 -0.223846435546875 0.218276977539062
0.00152015686035156 -0.01055908203125 -0.28228759765625 -0.074615478515625
0.00328445434570313 0.00168418884277344 -0.126708984375 -0.44195556640625
0.00625991821289063 0.0280208587646484 0.31866455078125 -0.56396484375
-0.0179729461669922 0.00248146057128906 0.7630615234375 -0.01446533203125
-0.0347251892089844 -0.0568008422851563 0.55078125 0.7000732421875
0.0141429901123047 -0.0282363891601562 0.01080322265625 0.64459228515625
0.0403976440429688 -0.0128135681152344 0.0380439758300781 0.0686569213867188
0.0155715942382812 -0.0304660797119141 0.1297607421875 -0.61114501953125
0.0018310546875 -0.0448112487792969 -0.4603271484375 -0.7904052734375
-0.00610065460205078 -0.0152692794799805 -0.821533203125 -0.04449462890625
-0.00424289703369141 0.00752925872802734 -0.372650146484375 0.524505615234375
-0.0046544075012207 0.000257492065429688 0.081451416015625 0.452789306640625
-0.00733089447021484 0.00476408004760742 0.29864501953125 0.07568359375
0.000496625900268555 0.00348806381225586 0.261871337890625 -0.202102661132813
-0.0122222900390625 -0.0110836029052734 -0.215469360351562 0.219406127929688
0.00275993347167969 -0.0127782821655273 -0.277450561523438 -0.0726165771484375
0.00290894508361816 0.00333213806152344 -0.1278076171875 -0.440399169921875
0.00580596923828125 0.0289897918701172 0.31231689453125 -0.56451416015625
-0.0192050933837891 0.0027618408203125 0.7607421875 -0.01776123046875
-0.0333404541015625 -0.0555038452148437 0.55914306640625 0.69964599609375
0.0166645050048828 -0.0246105194091797 0.01617431640625 0.655029296875
0.039947509765625 -0.00880813598632813 0.0352401733398438 0.0757522583007813
0.0173606872558594 -0.0276947021484375 0.1368408203125 -0.6072998046875
0.00333023071289062 -0.044036865234375 -0.45166015625 -0.7984619140625
-0.00686740875244141 -0.0140237808227539 -0.82568359375 -0.0552978515625002
-0.00567054748535156 0.00809955596923828 -0.382415771484375 0.519683837890625
-0.00622081756591797 0.00156688690185547 0.07537841796875 0.45159912109375
-0.00664710998535156 0.00295877456665039 0.3018798828125 0.075103759765625
0.00333833694458008 0.00755453109741211 0.262741088867188 -0.200958251953125
-0.00922012329101563 -0.00875568389892578 -0.211761474609375 0.220611572265625
0.00389766693115234 -0.0146818161010742 -0.273117065429688 -0.0709991455078125
0.0027158260345459 0.00334548950195313 -0.128936767578125 -0.440093994140625
0.00512886047363282 0.0285472869873047 0.30718994140625 -0.5643310546875
-0.0180206298828125 0.00378036499023437 0.7569580078125 -0.02044677734375
-0.0312080383300781 -0.0514373779296875 0.5601806640625 0.70013427734375
0.0171661376953125 -0.0198230743408203 0.0155639648437501 0.65972900390625
0.0381698608398438 -0.00297164916992187 0.033111572265625 0.0816574096679688
0.0178394317626953 -0.0228118896484375 0.14056396484375 -0.60235595703125
0.00563812255859375 -0.0403900146484375 -0.4443359375 -0.797119140625
-0.00660419464111328 -0.0129575729370117 -0.82373046875 -0.0595703125
-0.00600147247314453 0.00755405426025391 -0.38629150390625 0.520111083984375
-0.00633811950683594 0.00113582611083984 0.07647705078125 0.45196533203125
-0.0053563117980957 0.00190019607543945 0.305328369140625 0.07598876953125
0.00550365447998047 0.00965976715087891 0.266891479492188 -0.201278686523438
-0.00692272186279297 -0.00589513778686523 -0.209396362304688 0.219802856445312
0.00354290008544922 -0.0170555114746094 -0.26812744140625 -0.070281982421875
0.00261259078979492 -0.000422477722167969 -0.126617431640625 -0.440155029296875
0.0057373046875 0.0266895294189453 0.30792236328125 -0.5631103515625
-0.0174570083618164 0.00574016571044922 0.7598876953125 -0.01629638671875
-0.0276298522949219 -0.04541015625 0.56378173828125 0.70574951171875
0.0179004669189453 -0.0130538940429688 0.01727294921875 0.66387939453125
0.0341835021972656 0.00432014465332031 0.0319747924804688 0.082916259765625
0.0179786682128906 -0.0154170989990234 0.13726806640625 -0.59893798828125
0.00871849060058593 -0.0336284637451172 -0.44647216796875 -0.79425048828125
-0.00487804412841797 -0.0106229782104492 -0.8245849609375 -0.0556030273437498
-0.00644683837890625 0.0054926872253418 -0.38470458984375 0.52020263671875
-0.00540924072265625 -0.00239467620849609 0.076812744140625 0.44915771484375
-0.00520801544189453 -0.000173568725585937 0.309814453125 0.07525634765625
0.00786972045898438 0.0118751525878906 0.267807006835938 -0.20135498046875
-0.0072941780090332 -0.00591325759887695 -0.21026611328125 0.218704223632812
0.00435447692871094 -0.0199508666992188 -0.265167236328125 -0.07080078125
0.00278091430664063 -0.00468873977661133 -0.120391845703125 -0.443328857421875
0.00597000122070313 0.023834228515625 0.315887451171875 -0.55889892578125
-0.0152454376220703 0.00785350799560547 0.75927734375 -0.00543212890625
-0.022735595703125 -0.0392074584960938 0.55206298828125 0.71441650390625
0.0184440612792969 -0.00409126281738281 0.00939941406249995 0.66302490234375
0.0296859741210938 0.0115833282470703 0.0314788818359375 0.081390380859375
0.0177192687988281 -0.00665855407714844 0.13397216796875 -0.5987548828125
0.0121383666992188 -0.0269126892089844 -0.44903564453125 -0.786865234375
-0.00191688537597656 -0.00880527496337891 -0.8232421875 -0.0485839843750001
-0.00390005111694336 0.00270462036132813 -0.379180908203125 0.52008056640625
-0.0039052963256836 -0.00607061386108398 0.0836181640625 0.448089599609375
-0.00403952598571777 -0.00286722183227539 0.31317138671875 0.075103759765625
0.00846385955810547 0.011683464050293 0.267486572265625 -0.2020263671875
-0.00891399383544922 -0.00691890716552734 -0.213958740234375 0.216842651367188
0.00506401062011719 -0.0221805572509766 -0.264022827148438 -0.0720672607421875
0.00356960296630859 -0.0105800628662109 -0.113433837890625 -0.445281982421875
0.0061798095703125 0.0193672180175781 0.322479248046875 -0.557159423828125
-0.0125226974487305 0.00982093811035156 0.7618408203125 0.00421142578125
-0.0198726654052734 -0.0324077606201172 0.5443115234375 0.72271728515625
0.01812744140625 0.00376319885253906 0.00286865234375001 0.663818359375
0.0250263214111328 0.0187950134277344 0.0333251953125 0.0778579711914063
0.0161638259887695 0.00136184692382812 0.12860107421875 -0.6029052734375
0.0139274597167969 -0.0203723907470703 -0.46136474609375 -0.7794189453125
0.0013575553894043 -0.00576114654541016 -0.82244873046875 -0.0331420898437499
-0.00374507904052734 -0.00151205062866211 -0.37152099609375 0.524993896484375
-0.00156879425048828 -0.0110206604003906 0.092254638671875 0.44671630859375
-0.00277853012084961 -0.00440406799316406 0.31573486328125 0.07470703125
0.00781059265136719 0.0108757019042969 0.266921997070313 -0.204345703125
-0.00927734375 -0.00874042510986328 -0.218902587890625 0.215225219726563
0.00480842590332031 -0.0224781036376953 -0.264556884765625 -0.074371337890625
0.00462245941162109 -0.0154399871826172 -0.104400634765625 -0.448455810546875
0.00830459594726562 0.0158481597900391 0.336151123046875 -0.553802490234375
-0.0098876953125 0.010685920715332 0.762451171875 0.017333984375
-0.0164623260498047 -0.0265140533447266 0.53118896484375 0.73272705078125
0.0169878005981445 0.0100135803222656 -0.00616455078125001 0.65802001953125
0.0221443176269531 0.0231170654296875 0.0354080200195312 0.0708236694335938
0.0148372650146484 0.00740623474121094 0.1209716796875 -0.60711669921875
0.0163125991821289 -0.0155439376831055 -0.4742431640625 -0.769287109375
0.00431680679321289 -0.00494527816772461 -0.820556640625 -0.0194702148437499
-0.00195837020874023 -0.00465917587280273 -0.358551025390625 0.53094482421875
0.000762939453125001 -0.0165767669677734 0.10101318359375 0.446197509765625
-0.00249910354614258 -0.00556278228759766 0.316314697265625 0.073822021484375
0.00507164001464844 0.00861787796020508 0.263824462890625 -0.206832885742188
-0.0130100250244141 -0.0111894607543945 -0.224563598632813 0.212051391601562
0.00465774536132812 -0.0230693817138672 -0.265655517578125 -0.0773773193359374
0.006622314453125 -0.0202980041503906 -0.096923828125 -0.449127197265625
0.0100069046020508 0.0126228332519531 0.3472900390625 -0.547943115234375
-0.00732135772705078 0.0111713409423828 0.7664794921875 0.03143310546875
-0.0162143707275391 -0.0233020782470703 0.5208740234375 0.7393798828125
0.0164241790771484 0.0130748748779297 -0.0147705078125 0.6531982421875
0.0193538665771484 0.0261383056640625 0.0382537841796875 0.063018798828125
0.0142669677734375 0.0104742050170898 0.11163330078125 -0.61199951171875
0.0169572830200195 -0.0124330520629883 -0.489501953125 -0.7611083984375
0.00745344161987305 -0.00379228591918945 -0.81732177734375 -0.00469970703124999
-0.00100994110107422 -0.00786876678466797 -0.34625244140625 0.534820556640625
0.00238037109375 -0.0218944549560547 0.109344482421875 0.443817138671875
-0.00167369842529297 -0.00623226165771484 0.31573486328125 0.072601318359375
0.00251388549804688 0.00554418563842773 0.26019287109375 -0.209457397460938
-0.0142745971679688 -0.0160427093505859 -0.223739624023437 0.218505859375
0.000970840454101563 -0.00975799560546875 -0.282318115234375 -0.075897216796875
0.00326204299926758 0.00131034851074219 -0.125762939453125 -0.442291259765625
0.00643539428710937 0.0281963348388672 0.3197021484375 -0.56243896484375
-0.0179653167724609 0.0015869140625 0.763671875 -0.01361083984375
-0.0356178283691406 -0.0569534301757813 0.5484619140625 0.69903564453125
0.0151481628417969 -0.0282649993896484 0.00964355468750004 0.64617919921875
0.0407485961914063 -0.0126724243164063 0.0387382507324219 0.0690574645996094
0.0158214569091797 -0.0304412841796875 0.13262939453125 -0.6123046875
0.00138473510742187 -0.0446090698242188 -0.45721435546875 -0.793212890625
-0.00605678558349609 -0.0150823593139648 -0.8233642578125 -0.047607421875
-0.00384140014648438 0.00780105590820312 -0.374755859375 0.523712158203125
-0.00474452972412109 0.000347614288330077 0.079498291015625 0.45391845703125
-0.00764846801757813 0.00538063049316406 0.298492431640625 0.07562255859375
0.00112581253051758 0.00383806228637695 0.26312255859375 -0.201873779296875
-0.0120086669921875 -0.0108470916748047 -0.214599609375 0.218856811523437
0.00185775756835938 -0.0109844207763672 -0.276397705078125 -0.07269287109375
0.00230050086975098 0.00310373306274414 -0.12799072265625 -0.44122314453125
0.00584030151367188 0.0290355682373047 0.312255859375 -0.56488037109375
-0.0195808410644531 0.0023193359375 0.759765625 -0.0159912109375
-0.0345649719238281 -0.0550003051757813 0.55804443359375 0.7025146484375
0.0169677734375 -0.0249519348144531 0.01397705078125 0.65557861328125
0.0407333374023438 -0.00874710083007813 0.0360183715820312 0.07568359375
0.0171527862548828 -0.0275650024414063 0.13824462890625 -0.6072998046875
0.00397872924804687 -0.044281005859375 -0.449462890625 -0.79931640625
-0.00718212127685547 -0.0145845413208008 -0.82666015625 -0.0588378906250001
-0.00586557388305664 0.00733566284179688 -0.3846435546875 0.5206298828125
-0.00654125213623047 0.00164461135864258 0.074188232421875 0.452880859375
-0.00683784484863281 0.00348711013793945 0.300994873046875 0.076080322265625
0.00400257110595703 0.00804471969604492 0.26385498046875 -0.200927734375
-0.00976467132568359 -0.00813770294189453 -0.21148681640625 0.220108032226562
0.00332355499267578 -0.0139741897583008 -0.272857666015625 -0.0715179443359375
0.00184440612792969 0.00273036956787109 -0.12713623046875 -0.4403076171875
0.005706787109375 0.0281200408935547 0.30828857421875 -0.5633544921875
-0.0188655853271484 0.00376129150390625 0.7578125 -0.0191650390625
-0.0318717956542969 -0.0510444641113281 0.560791015625 0.70306396484375
0.0167865753173828 -0.0204029083251953 0.0158081054687501 0.659423828125
0.0390281677246094 -0.0036163330078125 0.032958984375 0.0809783935546875
0.0181369781494141 -0.0218391418457031 0.14141845703125 -0.600830078125
0.00597763061523437 -0.0406761169433594 -0.44073486328125 -0.798583984375
-0.00667667388916015 -0.0133857727050781 -0.82537841796875 -0.0603027343750001
-0.00652456283569336 0.00727605819702148 -0.388641357421875 0.5205078125
-0.00655937194824219 0.00152158737182617 0.075469970703125 0.451934814453125
-0.0053706169128418 0.00234603881835938 0.3050537109375 0.076751708984375
0.00632953643798828 0.0107173919677734 0.267196655273438 -0.200790405273437
-0.00662755966186523 -0.00539302825927734 -0.209365844726563 0.218887329101562
0.00350189208984375 -0.0166921615600586 -0.268051147460937 -0.0714416503906251
0.00229167938232422 -0.000389337539672852 -0.125518798828125 -0.442901611328125
0.00540542602539062 0.0263595581054688 0.30889892578125 -0.5633544921875
-0.0179290771484375 0.00643539428710938 0.759033203125 -0.013916015625
-0.0287628173828125 -0.0455245971679688 0.5626220703125 0.7083740234375
0.0190753936767578 -0.0120754241943359 0.01507568359375 0.66265869140625
0.0349655151367188 0.00397872924804688 0.0319366455078125 0.0824661254882813
0.0179462432861328 -0.0153675079345703 0.1400146484375 -0.5986328125
0.00910758972167968 -0.0345020294189453 -0.445556640625 -0.7962646484375
-0.00471115112304688 -0.0109090805053711 -0.82672119140625 -0.0578002929687501
-0.00635671615600586 0.0060572624206543 -0.388519287109375 0.520294189453125
-0.00554180145263672 -0.00163698196411133 0.075958251953125 0.451202392578125
-0.00523519515991211 0.000279903411865235 0.309051513671875 0.075775146484375
0.00872898101806641 0.0116004943847656 0.268600463867188 -0.200057983398438
-0.00657129287719727 -0.00443077087402344 -0.209793090820313 0.218521118164063
0.00394058227539063 -0.0193462371826172 -0.26568603515625 -0.071502685546875
0.00320863723754883 -0.0049901008605957 -0.119140625 -0.44384765625
0.00537300109863281 0.0232067108154297 0.315460205078125 -0.55755615234375
-0.0156183242797852 0.00724411010742187 0.75787353515625 -0.004150390625
-0.0245399475097656 -0.0387840270996094 0.55255126953125 0.71533203125
0.0181980133056641 -0.00377273559570313 0.00854492187499996 0.66436767578125
0.0307884216308594 0.0119037628173828 0.0318756103515625 0.0814590454101563
0.0179958343505859 -0.00672149658203125 0.13677978515625 -0.59942626953125
0.0112094879150391 -0.0268478393554688 -0.44775390625 -0.791015625
-0.00226402282714844 -0.00814342498779297 -0.82489013671875 -0.0491943359375001
-0.00506591796875 0.00304269790649414 -0.38330078125 0.520965576171875
-0.00443363189697266 -0.00551080703735352 0.082855224609375 0.44976806640625
-0.00414013862609863 -0.00279068946838379 0.31231689453125 0.0765380859375
0.00916957855224609 0.0117321014404297 0.268783569335938 -0.201751708984375
-0.00762224197387695 -0.00625944137573242 -0.212966918945312 0.216476440429688
0.00460052490234375 -0.0214271545410156 -0.264739990234375 -0.072418212890625
0.00306892395019531 -0.0102472305297852 -0.1126708984375 -0.4461669921875
0.00689697265625 0.0191402435302734 0.324005126953125 -0.556549072265625
-0.0124835968017578 0.00883960723876953 0.76043701171875 0.005859375
-0.0204315185546875 -0.0323333740234375 0.544189453125 0.72552490234375
0.0182476043701172 0.00408363342285156 0.00250244140624993 0.66302490234375
0.0258598327636719 0.0180587768554688 0.0324249267578125 0.0779571533203125
0.0166254043579102 0.000983238220214844 0.130126953125 -0.60186767578125
0.0143909454345703 -0.0211410522460938 -0.459228515625 -0.781982421875
0.00184011459350586 -0.00710964202880859 -0.8248291015625 -0.0356445312499999
-0.00388813018798828 -0.00127792358398438 -0.374481201171875 0.52532958984375
-0.000937461853027345 -0.0117330551147461 0.091094970703125 0.447509765625
-0.00304269790649414 -0.00393915176391602 0.315643310546875 0.0753173828125
0.00878047943115234 0.0116500854492188 0.266952514648438 -0.204208374023438
-0.00964641571044922 -0.00807476043701172 -0.218399047851563 0.214797973632812
0.00467491149902344 -0.0220527648925781 -0.263778686523438 -0.0745849609375
0.00382709503173828 -0.0153236389160156 -0.1043701171875 -0.45001220703125
0.00819873809814453 0.0153188705444336 0.337066650390625 -0.55108642578125
-0.010655403137207 0.0109033584594727 0.76434326171875 0.01971435546875
-0.0175838470458984 -0.0268211364746094 0.53094482421875 0.733154296875
0.0176906585693359 0.0106163024902344 -0.00677490234375005 0.65802001953125
0.022308349609375 0.0234947204589844 0.035491943359375 0.0713348388671875
0.0153236389160156 0.00718975067138672 0.12255859375 -0.6072998046875
0.0157289505004883 -0.0153293609619141 -0.4739990234375 -0.771240234375
0.00466489791870117 -0.00487470626831055 -0.8203125 -0.0216064453125001
-0.00157880783081055 -0.00458002090454102 -0.361053466796875 0.53155517578125
-0.000106811523437502 -0.0170726776123047 0.100341796875 0.44610595703125
-0.00145101547241211 -0.00552082061767578 0.316009521484375 0.07440185546875
0.00572776794433594 0.00895500183105469 0.264862060546875 -0.206756591796875
-0.0117692947387695 -0.0109109878540039 -0.224258422851563 0.211715698242187
0.00479698181152344 -0.0221939086914063 -0.266357421875 -0.079071044921875
0.00571250915527344 -0.0205516815185547 -0.095489501953125 -0.450714111328125
0.00952339172363281 0.0120487213134766 0.348541259765625 -0.547271728515625
-0.00793552398681641 0.0115480422973633 0.7652587890625 0.0333251953125
-0.0170555114746094 -0.0228481292724609 0.52056884765625 0.74066162109375
0.0156621932983398 0.0136423110961914 -0.0151367187500001 0.6519775390625
0.0191535949707031 0.0255527496337891 0.0385055541992187 0.06304931640625
0.0136985778808594 0.0110177993774414 0.11395263671875 -0.6123046875
0.0161457061767578 -0.0120277404785156 -0.48779296875 -0.76287841796875
0.00827980041503906 -0.00421524047851562 -0.81964111328125 -0.00585937499999991
-0.000323772430419922 -0.00821447372436523 -0.34765625 0.534637451171875
0.00173568725585938 -0.0214958190917969 0.1094970703125 0.445953369140625
-0.00223541259765625 -0.00710964202880859 0.3150634765625 0.07373046875
0.00275564193725586 0.00661039352416992 0.260162353515625 -0.210006713867188
-0.0141410827636719 -0.0155420303344727 -0.223175048828125 0.217330932617187
0.00102853775024414 -0.00878524780273437 -0.28253173828125 -0.07598876953125
0.00247073173522949 0.00154280662536621 -0.126068115234375 -0.44427490234375
0.00645828247070313 0.0282802581787109 0.31988525390625 -0.56402587890625
-0.0185718536376953 0.00162506103515625 0.76422119140625 -0.01116943359375
-0.0358238220214844 -0.0567779541015625 0.5494384765625 0.70111083984375
0.0145282745361328 -0.0279579162597656 0.00976562499999994 0.64654541015625
0.0408248901367188 -0.0129623413085938 0.038238525390625 0.0698204040527344
0.0157318115234375 -0.0299148559570312 0.135009765625 -0.61297607421875
0.00164031982421875 -0.045257568359375 -0.45806884765625 -0.7958984375
-0.00560379028320312 -0.0166435241699219 -0.82672119140625 -0.0479736328125
-0.00435924530029297 0.00579643249511719 -0.377655029296875 0.525787353515625
-0.00434732437133789 0.000583648681640625 0.07904052734375 0.45550537109375
-0.00753545761108398 0.00531244277954102 0.298980712890625 0.076995849609375
0.00248813629150391 0.00340342521667481 0.2642822265625 -0.202896118164063
-0.0110387802124023 -0.00986003875732422 -0.215301513671875 0.218704223632812
0.00187873840332031 -0.0106401443481445 -0.277496337890625 -0.073638916015625
0.00237679481506348 0.00341033935546875 -0.12835693359375 -0.442596435546875
0.00657463073730469 0.0283298492431641 0.31414794921875 -0.56463623046875
-0.0200080871582031 0.00173759460449218 0.761474609375 -0.0147705078125
-0.0351142883300781 -0.0547065734863281 0.55865478515625 0.70367431640625
0.0179195404052734 -0.0250473022460938 0.012939453125 0.65576171875
0.0412826538085938 -0.00901031494140625 0.0360641479492188 0.0768966674804687
0.0172805786132812 -0.0272235870361328 0.14056396484375 -0.60870361328125
0.00368499755859375 -0.0440254211425781 -0.44970703125 -0.80426025390625
-0.007537841796875 -0.0152120590209961 -0.82855224609375 -0.0605468750000002
-0.00597381591796875 0.00794076919555664 -0.388214111328125 0.5224609375
-0.0062556266784668 0.00228166580200195 0.074493408203125 0.45550537109375
-0.00689220428466797 0.0042119026184082 0.301727294921875 0.076568603515625
0.00513219833374023 0.00759744644165039 0.264541625976563 -0.201065063476562
-0.00913619995117188 -0.00742149353027344 -0.21209716796875 0.219100952148438
0.00396728515625 -0.0123271942138672 -0.272811889648438 -0.0730438232421875
0.00150322914123535 0.00263357162475586 -0.127838134765625 -0.44268798828125
0.00599098205566406 0.0274829864501953 0.30950927734375 -0.56353759765625
-0.0195446014404297 0.00439262390136719 0.75750732421875 -0.01593017578125
-0.0326652526855469 -0.0515098571777344 0.56060791015625 0.70574951171875
0.0175304412841797 -0.0193080902099609 0.015869140625 0.65936279296875
0.0386085510253906 -0.00351333618164062 0.0326995849609375 0.0811843872070313
0.0179519653320313 -0.0215930938720703 0.1439208984375 -0.6009521484375
0.00608062744140625 -0.0403289794921875 -0.44122314453125 -0.80322265625
-0.00608634948730469 -0.0137195587158203 -0.8289794921875 -0.06231689453125
-0.00576448440551758 0.00767326354980469 -0.391021728515625 0.520904541015625
-0.00684881210327148 0.00169754028320312 0.0733642578125 0.45416259765625
-0.00587940216064453 0.00234508514404297 0.305877685546875 0.078125
0.00741863250732422 0.00963687896728516 0.269393920898438 -0.20135498046875
-0.00660037994384766 -0.00491714477539063 -0.209808349609375 0.219528198242188
0.00315570831298828 -0.0159540176391602 -0.267837524414063 -0.072418212890625
0.00218582153320313 -0.000104069709777832 -0.12640380859375 -0.4439697265625
0.0055389404296875 0.0256729125976563 0.31048583984375 -0.56298828125
-0.0183925628662109 0.00612258911132812 0.76055908203125 -0.01190185546875
-0.0289573669433594 -0.0459861755371094 0.56256103515625 0.71051025390625
0.0190982818603516 -0.0124092102050781 0.01531982421875 0.663818359375
0.0358772277832031 0.0042572021484375 0.0318756103515625 0.0835189819335938
0.0182971954345703 -0.0146427154541016 0.14129638671875 -0.59912109375
0.00956916809082031 -0.0345726013183594 -0.44415283203125 -0.79937744140625
-0.00417709350585938 -0.0119600296020508 -0.829833984375 -0.0603637695312501
-0.00680160522460938 0.00504064559936523 -0.392730712890625 0.5213623046875
-0.00611734390258789 -0.000788688659667968 0.07635498046875 0.452239990234375
-0.0054168701171875 -0.000230789184570311 0.310821533203125 0.078216552734375
0.0096893310546875 0.011347770690918 0.269393920898438 -0.201156616210938
-0.005859375 -0.00425195693969727 -0.210220336914063 0.21807861328125
0.00432968139648437 -0.0177955627441406 -0.265777587890625 -0.072662353515625
0.00217533111572266 -0.00486278533935547 -0.118499755859375 -0.4449462890625
0.00604438781738281 0.0228347778320313 0.3173828125 -0.55914306640625
-0.0158424377441406 0.00742340087890625 0.758544921875 -0.00274658203125
-0.0253944396972656 -0.0388984680175781 0.5540771484375 0.71844482421875
0.0189342498779297 -0.0035247802734375 0.00805664062499997 0.66497802734375
0.0299148559570313 0.0120201110839844 0.0321807861328125 0.0824661254882813
0.0176773071289062 -0.00632286071777344 0.1387939453125 -0.60015869140625
0.0118141174316406 -0.0267925262451172 -0.4462890625 -0.7935791015625
-0.00135421752929687 -0.00903606414794922 -0.8277587890625 -0.0515747070312498
-0.00502395629882813 0.00215816497802734 -0.386444091796875 0.52178955078125
-0.00427913665771484 -0.0049595832824707 0.080291748046875 0.452117919921875
-0.00385212898254394 -0.00257253646850586 0.313323974609375 0.07763671875
0.00902843475341797 0.0126466751098633 0.269454956054688 -0.202301025390625
-0.00785160064697266 -0.00559854507446289 -0.213882446289062 0.216522216796875
0.0040740966796875 -0.0194816589355469 -0.264114379882813 -0.0738067626953125
0.00234127044677734 -0.0105352401733398 -0.112335205078125 -0.44854736328125
0.00742721557617187 0.0192508697509766 0.325469970703125 -0.557220458984375
-0.0132875442504883 0.00927257537841797 0.76300048828125 0.0072021484375
-0.0207042694091797 -0.0321712493896484 0.54412841796875 0.7271728515625
0.0179347991943359 0.00376701354980469 0.000183105468750031 0.66522216796875
0.0265617370605469 0.0184040069580078 0.0328445434570313 0.0782852172851563
0.0164384841918945 0.00184822082519531 0.1339111328125 -0.6016845703125
0.0149612426757813 -0.0200099945068359 -0.45892333984375 -0.78692626953125
0.00215673446655274 -0.00704622268676758 -0.827392578125 -0.0368652343750002
-0.00341653823852539 -0.00182414054870605 -0.37713623046875 0.5279541015625
-0.0018463134765625 -0.010284423828125 0.090118408203125 0.44989013671875
-0.00371074676513672 -0.00445652008056641 0.31591796875 0.0767822265625
0.00943851470947266 0.0113973617553711 0.268280029296875 -0.204559326171875
-0.00883007049560547 -0.00748825073242187 -0.21826171875 0.213699340820313
0.00457000732421875 -0.0202560424804687 -0.2642822265625 -0.0762786865234375
0.00313282012939453 -0.0162458419799805 -0.103302001953125 -0.450653076171875
0.00835514068603516 0.01519775390625 0.338226318359375 -0.551971435546875
-0.0112838745117187 0.0110559463500977 0.76324462890625 0.0216064453125
-0.0185451507568359 -0.0267848968505859 0.53076171875 0.736328125
0.0170955657958984 0.0105056762695313 -0.00677490234374998 0.6597900390625
0.0218486785888672 0.0230350494384766 0.035369873046875 0.0710067749023437
0.0151386260986328 0.00780010223388672 0.12353515625 -0.607421875
0.0167732238769531 -0.0149745941162109 -0.4727783203125 -0.7755126953125
0.00603532791137695 -0.00522089004516602 -0.8231201171875 -0.0227050781249999
-0.00210046768188477 -0.00550651550292969 -0.36370849609375 0.5328369140625
5.72204589843748E-05 -0.016911506652832 0.098907470703125 0.44818115234375
-0.00231122970581055 -0.00617504119873047 0.31707763671875 0.076263427734375
0.00667190551757813 0.00932216644287109 0.265579223632813 -0.206893920898438
-0.011530876159668 -0.0092620849609375 -0.224212646484375 0.210845947265625
0.00477027893066406 -0.0215549468994141 -0.266036987304688 -0.0790252685546875
0.00621604919433594 -0.0212936401367188 -0.09600830078125 -0.451324462890625
0.0101184844970703 0.012059211730957 0.3504638671875 -0.547210693359375
-0.00826740264892578 0.0112886428833008 0.76531982421875 0.03497314453125
-0.0176315307617188 -0.0232677459716797 0.5189208984375 0.744384765625
0.0165290832519531 0.01409912109375 -0.0162353515625 0.652099609375
0.0197925567626953 0.0246906280517578 0.0385551452636719 0.0633773803710938
0.0144453048706055 0.0107030868530273 0.11724853515625 -0.61407470703125
0.0171012878417969 -0.0122013092041016 -0.48779296875 -0.76641845703125
0.00847530364990234 -0.00471258163452148 -0.82110595703125 -0.00891113281249999
-0.000185012817382813 -0.00858306884765625 -0.352142333984375 0.535675048828125
0.00242996215820313 -0.0223598480224609 0.107330322265625 0.446014404296875
-0.0021514892578125 -0.00611352920532227 0.315887451171875 0.07391357421875
0.00389623641967773 0.00620746612548828 0.261962890625 -0.209442138671875
-0.0136594772338867 -0.0149593353271484 -0.222900390625 0.218246459960938
0.00115013122558594 -0.00770902633666992 -0.2833251953125 -0.077392578125
0.00208938121795654 0.00190508365631103 -0.126373291015625 -0.446319580078125
0.0070953369140625 0.0278835296630859 0.32086181640625 -0.56561279296875
-0.0189285278320312 0.00195503234863281 0.76629638671875 -0.009521484375
-0.0371589660644531 -0.056427001953125 0.55169677734375 0.70538330078125
0.0160160064697266 -0.0279464721679687 0.00866699218749996 0.6480712890625
0.0423049926757813 -0.0128669738769531 0.0382194519042969 0.070220947265625
0.0155353546142578 -0.0294761657714844 0.13665771484375 -0.61444091796875
0.00188446044921875 -0.0451507568359375 -0.46124267578125 -0.79925537109375
-0.00629997253417969 -0.0166845321655273 -0.83050537109375 -0.0493164062500001
-0.00491857528686524 0.00616168975830078 -0.38287353515625 0.5291748046875
-0.00545692443847656 0.000294685363769531 0.0797424316406251 0.458038330078125
-0.00722265243530273 0.00539684295654297 0.300506591796875 0.077880859375
0.00311756134033203 0.00347614288330078 0.264968872070313 -0.203826904296875
-0.0106363296508789 -0.0092306137084961 -0.2161865234375 0.218963623046875
0.00226020812988281 -0.00983428955078125 -0.277740478515625 -0.0745391845703125
0.00210428237915039 0.00431346893310547 -0.12677001953125 -0.44561767578125
0.00628852844238281 0.0279903411865234 0.3167724609375 -0.56640625
-0.0204868316650391 0.00216484069824219 0.76446533203125 -0.01348876953125
-0.0358047485351563 -0.0551338195800781 0.56072998046875 0.7081298828125
0.0166130065917969 -0.0251560211181641 0.0130615234375 0.65643310546875
0.0419349670410156 -0.00854873657226562 0.0356674194335937 0.0770263671875
0.0170421600341797 -0.0268917083740234 0.14111328125 -0.60992431640625
0.00405502319335938 -0.0445671081542969 -0.45013427734375 -0.80865478515625
-0.00728130340576172 -0.0155534744262695 -0.833740234375 -0.0624999999999999
-0.005767822265625 0.00768947601318359 -0.391754150390625 0.524658203125
-0.00637006759643555 0.00293254852294922 0.0736694335937501 0.458404541015625
-0.00690317153930664 0.00394439697265625 0.303192138671875 0.077728271484375
0.00587797164916992 0.00760793685913086 0.265426635742188 -0.2025146484375
-0.00764751434326172 -0.00652742385864258 -0.211990356445312 0.220138549804688
0.00339984893798828 -0.0119848251342773 -0.27349853515625 -0.0727386474609375
0.00113749504089355 0.00277185440063477 -0.12939453125 -0.44476318359375
0.00613021850585937 0.0278453826904297 0.30987548828125 -0.5657958984375
-0.0198326110839844 0.00351333618164063 0.760498046875 -0.0162353515625
-0.0341262817382813 -0.050567626953125 0.5623779296875 0.70867919921875
0.0183639526367188 -0.0191841125488281 0.0153808593750001 0.662109375
0.0394744873046875 -0.00333786010742188 0.0336151123046875 0.0812835693359375
0.0182266235351563 -0.0215682983398438 0.14581298828125 -0.60302734375
0.00589752197265625 -0.0407943725585938 -0.44171142578125 -0.806396484375
-0.00584220886230469 -0.014103889465332 -0.8343505859375 -0.0640869140625001
-0.00661802291870117 0.00649690628051758 -0.3946533203125 0.524810791015625
-0.00701332092285156 0.00235080718994141 0.07342529296875 0.45654296875
-0.00595951080322266 0.00323963165283203 0.30731201171875 0.07867431640625
0.00843620300292969 0.00988197326660156 0.270095825195313 -0.201919555664063
-0.00575876235961914 -0.00377130508422852 -0.20916748046875 0.219512939453125
0.00312137603759766 -0.0151433944702148 -0.2694091796875 -0.0732421875
0.00181341171264648 0.00043189525604248 -0.1259765625 -0.44677734375
0.00681304931640625 0.0253505706787109 0.31024169921875 -0.56475830078125
-0.0183353424072266 0.00546073913574218 0.76214599609375 -0.01153564453125
-0.030029296875 -0.0451698303222656 0.5643310546875 0.71380615234375
0.0193252563476563 -0.0119171142578125 0.01434326171875 0.66522216796875
0.0355987548828125 0.00333023071289062 0.0325164794921875 0.0843887329101563
0.0183792114257813 -0.0134086608886719 0.14288330078125 -0.60125732421875
0.00994682312011719 -0.0343170166015625 -0.445068359375 -0.803955078125
-0.00419521331787109 -0.0121078491210938 -0.833740234375 -0.0610961914062502
-0.0064234733581543 0.00544452667236328 -0.396759033203125 0.52386474609375
-0.00615024566650391 -0.000474452972412108 0.07470703125 0.45440673828125
-0.00466537475585938 0.0010228157043457 0.311187744140625 0.078643798828125
0.0103311538696289 0.0118350982666016 0.27081298828125 -0.201904296875
-0.00610017776489258 -0.00316047668457031 -0.210906982421875 0.218673706054688
0.00359916687011719 -0.017125129699707 -0.265838623046875 -0.0739288330078125
0.0019989013671875 -0.00484657287597656 -0.118438720703125 -0.448150634765625
0.00689888000488281 0.0223960876464844 0.31689453125 -0.56072998046875
-0.016270637512207 0.00766181945800782 0.760498046875 -0.00164794921875
-0.0260772705078125 -0.0391349792480469 0.55584716796875 0.7220458984375
0.0194454193115234 -0.00321578979492188 0.00720214843749996 0.66619873046875
0.0307445526123047 0.01190185546875 0.0316162109375 0.0820770263671875
0.0183792114257813 -0.00564765930175781 0.14117431640625 -0.60125732421875
0.0129432678222656 -0.0276260375976563 -0.44769287109375 -0.79937744140625
-0.000866889953613282 -0.00932693481445313 -0.8326416015625 -0.052978515625
-0.00547456741333008 0.00214242935180664 -0.39251708984375 0.524658203125
-0.00400733947753906 -0.00543642044067383 0.0801391601562501 0.454620361328125
-0.00340819358825684 -0.00192427635192871 0.314422607421875 0.07794189453125
0.0104236602783203 0.0120668411254883 0.27044677734375 -0.203720092773438
-0.00681161880493164 -0.00455570220947266 -0.21392822265625 0.216445922851563
0.00396156311035156 -0.0188751220703125 -0.264938354492188 -0.074462890625
0.002716064453125 -0.0106315612792969 -0.113311767578125 -0.45013427734375
0.00802993774414062 0.0184135437011719 0.326904296875 -0.5577392578125
-0.013087272644043 0.00952053070068359 0.7642822265625 0.00897216796875
-0.022705078125 -0.0324821472167969 0.54541015625 0.73095703125
0.0187568664550781 0.00449943542480469 0.00115966796875004 0.66656494140625
0.0270137786865234 0.0175685882568359 0.0331192016601563 0.0785598754882812
0.0164632797241211 0.0015411376953125 0.1336669921875 -0.6048583984375
0.0154094696044922 -0.0207138061523438 -0.46051025390625 -0.7882080078125
0.00271749496459961 -0.00768280029296875 -0.83233642578125 -0.0383911132812499
-0.00381374359130859 -0.00229978561401367 -0.380859375 0.530303955078125
-0.00175571441650391 -0.010655403137207 0.0888671875 0.452484130859375
-0.00279355049133301 -0.00395512580871582 0.3177490234375 0.077392578125
0.00956153869628906 0.010955810546875 0.26885986328125 -0.205078125
-0.00899505615234375 -0.00680351257324219 -0.218536376953125 0.214584350585938
0.00440406799316406 -0.0205307006835938 -0.264999389648438 -0.077178955078125
0.00371074676513672 -0.0154085159301758 -0.104217529296875 -0.45343017578125
0.00908565521240234 0.015294075012207 0.338287353515625 -0.55413818359375
-0.0106391906738281 0.0104312896728516 0.76556396484375 0.0216064453125
-0.0197849273681641 -0.0271015167236328 0.5335693359375 0.74139404296875
0.0178070068359375 0.0105628967285156 -0.00787353515625004 0.66162109375
0.0224990844726563 0.0233173370361328 0.0355072021484375 0.0715103149414063
0.0156393051147461 0.0084991455078125 0.12548828125 -0.60986328125
0.0163354873657227 -0.0152969360351563 -0.4737548828125 -0.77984619140625
0.00603723526000977 -0.00591707229614258 -0.82989501953125 -0.02447509765625
-0.00244760513305664 -0.00569963455200195 -0.368011474609375 0.5352783203125
0.000288009643554689 -0.0165376663208008 0.098480224609375 0.4515380859375
-0.00203704833984375 -0.00512790679931641 0.317474365234375 0.076385498046875
0.00701618194580078 0.00859594345092774 0.267074584960938 -0.208206176757813
-0.0105810165405273 -0.00902557373046875 -0.2247314453125 0.21221923828125
0.00458717346191406 -0.0202198028564453 -0.267166137695313 -0.0801544189453125
0.00495338439941406 -0.0204544067382813 -0.095947265625 -0.454864501953125
0.0106515884399414 0.0116777420043945 0.34954833984375 -0.54925537109375
-0.00935649871826172 0.0113983154296875 0.76788330078125 0.0360107421875
-0.0185222625732422 -0.0228977203369141 0.519775390625 0.74853515625
0.0164451599121094 0.0146284103393555 -0.0167236328125 0.6552734375
0.0208148956298828 0.0258903503417969 0.0385818481445312 0.0636253356933594
0.014063835144043 0.0108156204223633 0.11767578125 -0.61627197265625
0.0176219940185547 -0.0126228332519531 -0.48883056640625 -0.77239990234375
0.00904464721679688 -0.00519561767578125 -0.82501220703125 -0.00823974609374996
-0.00074005126953125 -0.00895500183105469 -0.355377197265625 0.538482666015625
0.00217819213867187 -0.0212631225585938 0.10699462890625 0.449493408203125
-0.00217771530151367 -0.00610494613647461 0.317169189453125 0.075225830078125
0.00466060638427734 0.00550937652587891 0.263534545898438 -0.210708618164063
-0.0133657455444336 -0.0137805938720703 -0.223236083984375 0.21917724609375
0.000562667846679688 -0.00737428665161133 -0.28387451171875 -0.0784606933593751
0.00184488296508789 0.00218689441680908 -0.1270751953125 -0.4493408203125
0.00744438171386719 0.0273113250732422 0.32196044921875 -0.5684814453125
-0.0197315216064453 0.00127029418945313 0.7701416015625 -0.0103759765625
-0.0382919311523438 -0.0565872192382812 0.55621337890625 0.70947265625
0.0158653259277344 -0.0272579193115234 0.00946044921874997 0.6507568359375
0.0420303344726563 -0.01220703125 0.0393638610839844 0.0700912475585937
0.0158214569091797 -0.0300445556640625 0.1376953125 -0.618408203125
0.00198745727539063 -0.0458564758300781 -0.46124267578125 -0.80352783203125
-0.00580883026123047 -0.0174779891967773 -0.83648681640625 -0.04913330078125
-0.00455713272094727 0.00647687911987305 -0.3853759765625 0.532073974609375
-0.00513505935668945 0.00149440765380859 0.078521728515625 0.460784912109375
-0.0076146125793457 0.00602865219116211 0.302398681640625 0.077728271484375
0.00284051895141602 0.0028536319732666 0.266265869140625 -0.204940795898438
-0.0103425979614258 -0.0080413818359375 -0.216018676757813 0.219833374023437
0.00166606903076172 -0.00930976867675781 -0.278701782226563 -0.0758209228515625
0.00130701065063477 0.00473308563232422 -0.129913330078125 -0.447845458984375
0.00698471069335937 0.0282363891601563 0.3160400390625 -0.5692138671875
-0.0206775665283203 0.00221443176269532 0.767333984375 -0.01483154296875
-0.0374565124511719 -0.0551033020019531 0.56304931640625 0.71142578125
0.0171604156494141 -0.0246353149414063 0.0136718750000001 0.659912109375
0.042694091796875 -0.00934982299804688 0.0357742309570312 0.0771255493164063
0.017333984375 -0.0267734527587891 0.14215087890625 -0.614013671875
0.00406646728515625 -0.0447120666503906 -0.4522705078125 -0.81341552734375
-0.00691604614257813 -0.0163755416870117 -0.8380126953125 -0.0613403320312499
-0.00625276565551758 0.00691795349121094 -0.394866943359375 0.529205322265625
-0.00677394866943359 0.00317764282226563 0.07373046875 0.460357666015625
-0.00668954849243164 0.00533390045166016 0.30450439453125 0.077850341796875
0.00671577453613281 0.00748491287231445 0.266998291015625 -0.203414916992187
-0.00760173797607422 -0.00574541091918945 -0.2125244140625 0.22149658203125
0.00298404693603516 -0.0112648010253906 -0.274993896484375 -0.073974609375
0.00129055976867676 0.00411343574523926 -0.13037109375 -0.448516845703125
0.00719642639160156 0.0276012420654297 0.3101806640625 -0.56817626953125
-0.0204830169677734 0.00412559509277344 0.7655029296875 -0.01556396484375
-0.0348434448242187 -0.0517654418945313 0.5665283203125 0.71148681640625
0.0188770294189453 -0.0189590454101563 0.01409912109375 0.66448974609375
0.0402107238769531 -0.00375747680664063 0.0342330932617188 0.0824356079101563
0.0179519653320313 -0.0214748382568359 0.14581298828125 -0.60565185546875
0.00690078735351563 -0.0409202575683594 -0.44439697265625 -0.8114013671875
-0.00562477111816406 -0.0152387619018555 -0.83868408203125 -0.06353759765625
-0.00715970993041992 0.00699424743652344 -0.400299072265625 0.52740478515625
-0.00711584091186523 0.00156259536743164 0.0732116699218751 0.45849609375
-0.00606203079223633 0.00303077697753906 0.30865478515625 0.078857421875
0.00839519500732422 0.00984477996826172 0.270645141601563 -0.204330444335938
-0.00574111938476562 -0.00345373153686524 -0.210372924804688 0.220657348632812
0.00316715240478516 -0.0143747329711914 -0.270675659179687 -0.0737457275390625
0.000954568386077881 -5.7220458984375E-06 -0.127838134765625 -0.449676513671875
0.00669097900390625 0.0257110595703125 0.312255859375 -0.56951904296875
-0.0188503265380859 0.00579261779785156 0.76519775390625 -0.011474609375
-0.0311546325683594 -0.0447578430175781 0.5682373046875 0.7169189453125
0.0185832977294922 -0.0111618041992188 0.01556396484375 0.66845703125
0.0363388061523438 0.00348663330078125 0.0323715209960937 0.0834579467773438
0.0186233520507813 -0.0139369964599609 0.144287109375 -0.60516357421875
0.00909614562988282 -0.0345878601074219 -0.447998046875 -0.80816650390625
-0.00464057922363281 -0.0125608444213867 -0.84161376953125 -0.06207275390625
-0.00673723220825195 0.00431489944458008 -0.39837646484375 0.5272216796875
-0.00607776641845703 -0.000748634338378907 0.074371337890625 0.458099365234375
-0.00485086441040039 0.00153207778930664 0.313140869140625 0.078369140625
0.0109167098999023 0.0116548538208008 0.271881103515625 -0.2030029296875
-0.00547647476196289 -0.00255966186523438 -0.210006713867188 0.219970703125
0.00318431854248047 -0.0152616500854492 -0.26702880859375 -0.07464599609375
0.00103926658630371 -0.00394296646118164 -0.12109375 -0.4512939453125
0.00747871398925781 0.022979736328125 0.31756591796875 -0.56329345703125
-0.0165920257568359 0.007720947265625 0.76397705078125 -0.00177001953125
-0.0270881652832031 -0.0386772155761719 0.55804443359375 0.7247314453125
0.0190410614013672 -0.00299263000488281 0.00823974609374999 0.66851806640625
0.0325946807861328 0.0113983154296875 0.0318603515625 0.082244873046875
0.017852783203125 -0.00483512878417969 0.14202880859375 -0.60491943359375
0.0131721496582031 -0.0278167724609375 -0.45172119140625 -0.802490234375
-0.000398635864257812 -0.0101461410522461 -0.83819580078125 -0.052734375
-0.00628137588500977 0.00183582305908203 -0.392822265625 0.529052734375
-0.005035400390625 -0.00514316558837891 0.080963134765625 0.45745849609375
-0.00340604782104492 -0.00155472755432129 0.316314697265625 0.078857421875
0.011754035949707 0.0125589370727539 0.272323608398438 -0.20489501953125
-0.00645685195922851 -0.00322675704956055 -0.214141845703125 0.218368530273438
0.00404930114746094 -0.0185928344726563 -0.266799926757812 -0.0758819580078125
0.00175380706787109 -0.0104846954345703 -0.1143798828125 -0.453765869140625
0.00812339782714844 0.0185337066650391 0.327484130859375 -0.560211181640625
-0.0144128799438477 0.00977611541748047 0.7677001953125 0.0091552734375
-0.0236167907714844 -0.0327014923095703 0.55169677734375 0.7353515625
0.0189781188964844 0.00447273254394531 0.00225830078125005 0.66986083984375
0.0276603698730469 0.0187129974365234 0.0332107543945313 0.0787429809570312
0.0171165466308594 0.00251960754394531 0.1365966796875 -0.60736083984375
0.0143241882324219 -0.021087646484375 -0.4642333984375 -0.79376220703125
0.00221824645996094 -0.00800800323486328 -0.83807373046875 -0.0392456054687502
-0.00415492057800293 -0.00243997573852539 -0.384552001953125 0.534423828125
-0.00259876251220703 -0.010777473449707 0.089752197265625 0.45513916015625
-0.00251674652099609 -0.00371408462524414 0.319244384765625 0.077545166015625
0.0103998184204102 0.0113840103149414 0.271270751953125 -0.207138061523438
-0.00811433792114258 -0.00500297546386719 -0.218719482421875 0.215484619140625
0.00419998168945313 -0.0195102691650391 -0.265640258789063 -0.07769775390625
0.00307369232177734 -0.0156736373901367 -0.104888916015625 -0.4556884765625
0.00968837738037109 0.0149126052856445 0.33831787109375 -0.5577392578125
-0.0112104415893555 0.0104789733886719 0.7691650390625 0.0235595703125
-0.0202426910400391 -0.0265522003173828 0.53729248046875 0.74224853515625
0.0180797576904297 0.0110282897949219 -0.00708007812500006 0.66229248046875
0.0234031677246094 0.0231189727783203 0.0360946655273437 0.0724334716796875
0.0154399871826172 0.00856685638427735 0.12677001953125 -0.6131591796875
0.0165786743164063 -0.0156850814819336 -0.47540283203125 -0.78411865234375
0.00649881362915039 -0.00582504272460938 -0.83538818359375 -0.0230712890624998
-0.002685546875 -0.00559043884277344 -0.3709716796875 0.538116455078125
-0.000837326049804687 -0.0164461135864258 0.099761962890625 0.45391845703125
-0.0017707347869873 -0.00413346290588379 0.319061279296875 0.07586669921875
0.00754356384277344 0.00922012329101563 0.268463134765625 -0.210128784179687
-0.0103254318237305 -0.00817775726318359 -0.224273681640625 0.212615966796875
0.00347518920898438 -0.0197162628173828 -0.269210815429688 -0.08111572265625
0.00490760803222656 -0.0205631256103516 -0.097747802734375 -0.457611083984375
0.0110988616943359 0.0108165740966797 0.351470947265625 -0.55194091796875
-0.00938701629638672 0.011082649230957 0.77215576171875 0.0362548828125
-0.0197029113769531 -0.0225620269775391 0.52392578125 0.7529296875
0.0172853469848633 0.0143470764160156 -0.01654052734375 0.6575927734375
0.020721435546875 0.0253486633300781 0.0389823913574219 0.0640296936035156
0.0147008895874023 0.0112848281860352 0.11932373046875 -0.61810302734375
0.0177021026611328 -0.0119743347167969 -0.49298095703125 -0.77825927734375
0.00876760482788086 -0.00559568405151367 -0.83184814453125 -0.00793457031249992
-0.0016326904296875 -0.00905609130859375 -0.358154296875 0.543914794921875
0.000780105590820311 -0.0206718444824219 0.10772705078125 0.452239990234375
-0.00208330154418945 -0.00583887100219726 0.319366455078125 0.075103759765625
0.00483465194702148 0.00678205490112305 0.264785766601563 -0.211578369140625
-0.0128974914550781 -0.0134296417236328 -0.2235107421875 0.220993041992188
0.000766277313232421 -0.00572395324707031 -0.286651611328125 -0.078887939453125
0.00108885765075684 0.00328803062438965 -0.1298828125 -0.4530029296875
0.00805282592773438 0.0283260345458984 0.3231201171875 -0.57293701171875
-0.0202217102050781 0.001190185546875 0.7742919921875 -0.0106201171875
-0.0401611328125 -0.0565376281738281 0.55975341796875 0.71368408203125
0.015838623046875 -0.0275630950927734 0.0106811523437499 0.65362548828125
0.0428581237792969 -0.0132293701171875 0.0396881103515625 0.0705184936523438
0.0159282684326172 -0.0292377471923828 0.1375732421875 -0.623046875
0.00276565551757812 -0.0457267761230469 -0.464599609375 -0.81182861328125
-0.0058746337890625 -0.0183067321777344 -0.8441162109375 -0.04718017578125
-0.00555324554443359 0.00672245025634766 -0.389007568359375 0.5401611328125
-0.0057368278503418 0.00169515609741211 0.080352783203125 0.46527099609375
-0.00699424743652344 0.00694513320922851 0.30364990234375 0.0782470703125
0.00387048721313477 0.00272798538208008 0.2677001953125 -0.207534790039063
-0.00998592376708984 -0.00758075714111328 -0.21600341796875 0.221298217773438
0.00234508514404297 -0.00801515579223633 -0.280899047851563 -0.0766448974609375
0.000945568084716797 0.0045013427734375 -0.130584716796875 -0.451995849609375
0.00725173950195312 0.0275993347167969 0.31591796875 -0.57342529296875
-0.0212802886962891 0.00244331359863281 0.77349853515625 -0.01409912109375
-0.0382728576660156 -0.0544662475585938 0.56988525390625 0.71484375
0.0185050964355469 -0.024810791015625 0.0155029296875001 0.66253662109375
0.0429801940917969 -0.0100326538085938 0.0359954833984375 0.0769500732421875
0.0177783966064453 -0.0267581939697266 0.144287109375 -0.6171875
0.00386810302734375 -0.0450057983398438 -0.4554443359375 -0.8175048828125
-0.00678730010986328 -0.0168228149414063 -0.845947265625 -0.0603027343749999
-0.0067744255065918 0.00699853897094726 -0.398681640625 0.53399658203125
-0.00753545761108398 0.00344371795654297 0.0747375488281251 0.464569091796875
-0.00701093673706055 0.00589418411254883 0.306396484375 0.0782470703125
0.00730085372924805 0.00758934020996094 0.268997192382813 -0.206802368164063
-0.00700473785400391 -0.00483560562133789 -0.212905883789063 0.222702026367188
0.00309944152832031 -0.0103244781494141 -0.27667236328125 -0.075286865234375
0.000561714172363282 0.00353789329528809 -0.132537841796875 -0.45220947265625
0.00732803344726562 0.0275840759277344 0.310546875 -0.57275390625
-0.0205631256103516 0.00352668762207031 0.76922607421875 -0.01727294921875
-0.0362396240234375 -0.0509834289550781 0.5703125 0.71527099609375
0.0186176300048828 -0.0191173553466797 0.0166015624999999 0.6678466796875
0.0407257080078125 -0.00411605834960938 0.0345230102539063 0.0826034545898438
0.0187454223632813 -0.0212841033935547 0.14752197265625 -0.6121826171875
0.00661087036132813 -0.0412178039550781 -0.44952392578125 -0.81683349609375
-0.00607109069824219 -0.0163049697875977 -0.8448486328125 -0.06280517578125
-0.00798463821411133 0.00689458847045898 -0.40216064453125 0.532989501953125
-0.00665616989135742 0.00309658050537109 0.0736083984375 0.462860107421875
-0.00547647476196289 0.00370931625366211 0.311370849609375 0.079620361328125
0.00923824310302734 0.00922584533691406 0.273422241210938 -0.206268310546875
-0.00544643402099609 -0.00204658508300781 -0.210708618164062 0.222061157226563
0.00292396545410156 -0.0126609802246094 -0.2730712890625 -0.0748138427734375
0.00146377086639404 0.000458955764770508 -0.130157470703125 -0.453033447265625
0.00611305236816406 0.0258045196533203 0.31292724609375 -0.57293701171875
-0.0196418762207031 0.00568580627441407 0.77032470703125 -0.0128173828125
-0.0319175720214844 -0.0456390380859375 0.5732421875 0.72113037109375
0.0198402404785156 -0.0117645263671875 0.0166625976562499 0.67144775390625
0.0369796752929688 0.0037078857421875 0.0325164794921875 0.0848846435546875
0.0182571411132813 -0.0138912200927734 0.1455078125 -0.60845947265625
0.00963973999023438 -0.0352058410644531 -0.451416015625 -0.81304931640625
-0.00394439697265625 -0.0129880905151367 -0.84735107421875 -0.05914306640625
-0.00744962692260742 0.00467300415039062 -0.402435302734375 0.532623291015625
-0.00652170181274414 -0.000339984893798829 0.0759582519531249 0.4617919921875
-0.00476646423339844 0.00104284286499024 0.3150634765625 0.078704833984375
0.0121164321899414 0.0117616653442383 0.27276611328125 -0.206314086914063
-0.00550317764282227 -0.00214672088623047 -0.211456298828125 0.221343994140625
0.00275516510009766 -0.0154399871826172 -0.269622802734375 -0.07562255859375
0.00129199028015137 -0.00392484664916992 -0.12249755859375 -0.45391845703125
0.00799179077148437 0.0219230651855469 0.32037353515625 -0.56719970703125
-0.0166225433349609 0.00806808471679687 0.76953125 -0.00152587890625
-0.0279502868652344 -0.0385665893554688 0.56280517578125 0.7301025390625
0.0193462371826172 -0.0034332275390625 0.00897216796874998 0.67181396484375
0.0318889617919922 0.011138916015625 0.0330123901367187 0.0834197998046875
0.0180072784423828 -0.00499725341796875 0.14202880859375 -0.60833740234375
0.0124664306640625 -0.0281009674072266 -0.45343017578125 -0.8076171875
-0.00129508972167969 -0.0108623504638672 -0.84478759765625 -0.051513671875
-0.00599908828735352 0.00169467926025391 -0.397705078125 0.534637451171875
-0.00441360473632813 -0.00479936599731445 0.08123779296875 0.45965576171875
-0.00385832786560059 -0.000362157821655274 0.31787109375 0.078369140625
0.0119991302490234 0.0113792419433594 0.272598266601563 -0.206817626953125
-0.00556516647338867 -0.00282812118530273 -0.214645385742188 0.219573974609375
0.00299549102783203 -0.0175657272338867 -0.268707275390625 -0.076080322265625
0.00141620635986328 -0.00988101959228516 -0.11541748046875 -0.45703125
0.00821876525878906 0.0177478790283203 0.3271484375 -0.5654296875
-0.0150585174560547 0.00895404815673828 0.772216796875 0.00762939453125
-0.0239028930664063 -0.0319366455078125 0.5560302734375 0.74066162109375
0.0199871063232422 0.00460433959960938 0.00280761718749999 0.67266845703125
0.0278987884521484 0.0187606811523438 0.033721923828125 0.0793228149414063
0.0170087814331055 0.00268936157226563 0.13665771484375 -0.612060546875
0.0149974822998047 -0.0211544036865234 -0.46722412109375 -0.7999267578125
0.00252723693847656 -0.00763511657714844 -0.845947265625 -0.0380859375000001
-0.00483512878417969 -0.00299978256225586 -0.38702392578125 0.5389404296875
-0.00218772888183594 -0.0103092193603516 0.09075927734375 0.457733154296875
-0.00293970108032227 -0.00310063362121582 0.321136474609375 0.077606201171875
0.0112314224243164 0.0103836059570313 0.273040771484375 -0.209762573242187
-0.00703525543212891 -0.00493383407592773 -0.218338012695313 0.217514038085937
0.00391769409179688 -0.0185718536376953 -0.267837524414063 -0.0789184570312499
0.00307846069335937 -0.0160903930664063 -0.106842041015625 -0.460357666015625
0.0099945068359375 0.0144386291503906 0.3399658203125 -0.560089111328125
-0.0115718841552734 0.0107994079589844 0.77496337890625 0.0223388671875
-0.0211009979248047 -0.0265331268310547 0.54296875 0.7474365234375
0.0191688537597656 0.0115928649902344 -0.00622558593749998 0.66741943359375
0.0238494873046875 0.0229873657226563 0.0372467041015625 0.0720367431640625
0.0162668228149414 0.00870037078857422 0.127685546875 -0.616943359375
0.0173158645629883 -0.0158634185791016 -0.4805908203125 -0.78875732421875
0.00606060028076172 -0.00654077529907227 -0.84130859375 -0.02154541015625
-0.00218772888183594 -0.00645256042480469 -0.37396240234375 0.5439453125
-0.000501632690429689 -0.0164222717285156 0.099151611328125 0.45635986328125
-0.00228404998779297 -0.00445222854614258 0.322479248046875 0.076446533203125
0.00904369354248047 0.00926971435546875 0.269485473632813 -0.212570190429688
-0.0100412368774414 -0.00623703002929688 -0.224945068359375 0.214706420898437
0.003997802734375 -0.0182037353515625 -0.270492553710938 -0.0820465087890625
0.00490760803222656 -0.0201377868652344 -0.09747314453125 -0.46014404296875
0.0114593505859375 0.00981807708740234 0.35321044921875 -0.556182861328125
-0.00979042053222656 0.0110540390014648 0.775390625 0.03692626953125
-0.0198726654052734 -0.0237617492675781 0.5281982421875 0.75579833984375
0.0177440643310547 0.0143489837646484 -0.0161132812499999 0.66107177734375
0.0213298797607422 0.0256710052490234 0.0400924682617188 0.0642509460449219
0.0143766403198242 0.0121278762817383 0.1187744140625 -0.6241455078125
0.0180587768554687 -0.0124988555908203 -0.49603271484375 -0.77984619140625
0.00859928131103515 -0.0059819221496582 -0.83917236328125 -0.00714111328125008
-0.00114727020263672 -0.0102100372314453 -0.361236572265625 0.548553466796875
0.000989913940429689 -0.0209617614746094 0.10809326171875 0.456329345703125
-0.00161314010620117 -0.00536394119262695 0.321014404296875 0.0751953125
0.00645112991333008 0.00628137588500976 0.265579223632813 -0.215225219726563
-0.0125160217285156 -0.0121355056762695 -0.224746704101563 0.222274780273438
0.00146341323852539 -0.00545358657836914 -0.288848876953125 -0.079132080078125
0.00062727928161621 0.00389933586120605 -0.13250732421875 -0.45587158203125
0.00832366943359375 0.0276412963867187 0.3231201171875 -0.57794189453125
-0.0204048156738281 0.001190185546875 0.7774658203125 -0.0133056640625
-0.0405616760253906 -0.0569114685058594 0.56689453125 0.71673583984375
0.0164127349853516 -0.0281505584716797 0.0111083984375 0.6561279296875
0.0432472229003906 -0.0135765075683594 0.0400390625 0.0707855224609375
0.0165977478027344 -0.0297927856445313 0.1370849609375 -0.6253662109375
0.00298309326171875 -0.0468215942382813 -0.47259521484375 -0.81524658203125
-0.00564002990722656 -0.0189781188964844 -0.8519287109375 -0.0460205078124999
-0.00556516647338867 0.006439208984375 -0.39068603515625 0.5447998046875
-0.00551462173461914 0.00183010101318359 0.08197021484375 0.469390869140625
-0.00690364837646484 0.00682449340820313 0.306182861328125 0.078460693359375
0.00484561920166016 0.00286626815795898 0.269027709960938 -0.210342407226563
-0.00954246520996094 -0.00710296630859375 -0.216201782226563 0.22454833984375
0.00206422805786133 -0.00780677795410156 -0.283660888671875 -0.076324462890625
0.00130510330200195 0.00516653060913086 -0.133941650390625 -0.45428466796875
0.00768470764160156 0.0275936126708984 0.31634521484375 -0.5784912109375
-0.0219078063964844 0.00244140625 0.77667236328125 -0.016357421875
-0.0394515991210938 -0.0546684265136719 0.57476806640625 0.71875
0.0181922912597656 -0.0248680114746094 0.0164794921875001 0.66796875
0.0433616638183594 -0.0104179382324219 0.0371627807617188 0.0772628784179688
0.0175952911376953 -0.0266246795654297 0.1417236328125 -0.62200927734375
0.0040740966796875 -0.0455474853515625 -0.46197509765625 -0.8231201171875
-0.00693798065185547 -0.017425537109375 -0.85430908203125 -0.05853271484375
-0.00715446472167969 0.00751256942749023 -0.40155029296875 0.54107666015625
-0.00701904296875 0.00391197204589844 0.076995849609375 0.468597412109375
-0.00724411010742188 0.00535821914672852 0.308807373046875 0.077178955078125
0.00750255584716797 0.00699567794799805 0.269439697265625 -0.208786010742187
-0.00665378570556641 -0.00480079650878906 -0.212661743164062 0.225112915039062
0.00287055969238281 -0.00857877731323242 -0.279067993164063 -0.075653076171875
8.17775726318361E-05 0.00428485870361328 -0.13543701171875 -0.455291748046875
0.00747299194335938 0.0270042419433594 0.30950927734375 -0.57635498046875
-0.0205917358398438 0.00396919250488281 0.774169921875 -0.01898193359375
-0.0373687744140625 -0.0507125854492187 0.5787353515625 0.719482421875
0.0191707611083984 -0.0196475982666016 0.01983642578125 0.67315673828125
0.0412178039550781 -0.0042724609375 0.0349197387695312 0.0829925537109375
0.0184879302978516 -0.0213260650634766 0.1468505859375 -0.61444091796875
0.00705718994140625 -0.0415611267089844 -0.455810546875 -0.8231201171875
-0.00587749481201172 -0.0157184600830078 -0.8541259765625 -0.0595092773437499
-0.00744867324829102 0.00609207153320313 -0.4049072265625 0.540191650390625
-0.00806617736816406 0.00241708755493164 0.075347900390625 0.467864990234375
-0.00524139404296875 0.00325632095336914 0.313018798828125 0.079559326171875
0.010279655456543 0.008941650390625 0.274093627929687 -0.20880126953125
-0.00416922569274902 -0.00198817253112793 -0.209320068359375 0.22406005859375
0.00264358520507812 -0.0113201141357422 -0.27447509765625 -0.0753936767578125
0.00049060583114624 0.000919103622436523 -0.132659912109375 -0.455810546875
0.00754928588867188 0.0241947174072266 0.31158447265625 -0.57647705078125
-0.0196628570556641 0.00623321533203125 0.77606201171875 -0.01318359375
-0.0333099365234375 -0.0454597473144531 0.5797119140625 0.724365234375
0.0195045471191406 -0.0117073059082031 0.018798828125 0.67498779296875
0.0374259948730469 0.003143310546875 0.0334701538085937 0.0850753784179688
0.0189018249511719 -0.014007568359375 0.14349365234375 -0.612060546875
0.00948715209960938 -0.0357780456542969 -0.45770263671875 -0.81988525390625
-0.00354480743408203 -0.0135889053344727 -0.85406494140625 -0.0595703124999999
-0.00699377059936523 0.00475597381591797 -0.404876708984375 0.540802001953125
-0.00640058517456055 -0.000211715698242187 0.077667236328125 0.464599609375
-0.00458145141601563 0.0011591911315918 0.31787109375 0.078216552734375
0.0121574401855469 0.0114326477050781 0.274169921875 -0.208419799804687
-0.00414776802062988 -0.000690698623657226 -0.2105712890625 0.223419189453125
0.00348281860351562 -0.0150117874145508 -0.271728515625 -0.075347900390625
0.000387907028198242 -0.00389337539672852 -0.1256103515625 -0.45745849609375
0.00683212280273437 0.0211772918701172 0.31878662109375 -0.57196044921875
-0.017125129699707 0.00826930999755859 0.7747802734375 -0.0042724609375
-0.0289573669433594 -0.0387687683105469 0.5709228515625 0.7337646484375
0.0205574035644531 -0.00305747985839844 0.0120849609374999 0.67706298828125
0.0324363708496094 0.01068115234375 0.0328826904296875 0.0834579467773437
0.0180931091308594 -0.00510597229003906 0.141357421875 -0.6131591796875
0.0131111145019531 -0.0282421112060547 -0.4610595703125 -0.81329345703125
-0.000284194946289063 -0.0107383728027344 -0.85150146484375 -0.04901123046875
-0.00652551651000977 0.000682353973388671 -0.401092529296875 0.5418701171875
-0.00514364242553711 -0.00434637069702148 0.082977294921875 0.4649658203125
-0.0034937858581543 -0.00111699104309082 0.31988525390625 0.078460693359375
0.012303352355957 0.0114469528198242 0.274246215820313 -0.210037231445313
-0.00513076782226563 -0.0018463134765625 -0.214340209960938 0.221847534179688
0.00384330749511719 -0.01611328125 -0.269699096679687 -0.0761871337890625
0.00136089324951172 -0.00926303863525391 -0.11932373046875 -0.46002197265625
0.00935935974121094 0.0177402496337891 0.3282470703125 -0.56951904296875
-0.0148181915283203 0.0090169906616211 0.7784423828125 0.0059814453125
-0.0259552001953125 -0.0320148468017578 0.561767578125 0.7431640625
0.0201950073242188 0.00501251220703125 0.00524902343749998 0.67669677734375
0.0291500091552734 0.0173492431640625 0.0350570678710938 0.0792465209960938
0.0174341201782227 0.0028839111328125 0.13507080078125 -0.6153564453125
0.0159263610839844 -0.0210819244384766 -0.47393798828125 -0.804931640625
0.0032196044921875 -0.00879859924316406 -0.8509521484375 -0.0340576171875001
-0.00417351722717285 -0.00281047821044922 -0.39007568359375 0.546112060546875
-0.00236034393310547 -0.00959491729736328 0.09295654296875 0.461578369140625
-0.00203776359558106 -0.00285744667053223 0.32391357421875 0.07696533203125
0.0121269226074219 0.0114927291870117 0.274185180664063 -0.212677001953125
-0.00745677947998047 -0.00415802001953125 -0.219512939453125 0.219482421875
0.00341606140136719 -0.0179328918457031 -0.270675659179687 -0.078857421875
0.00214290618896484 -0.0156898498535156 -0.1092529296875 -0.4632568359375
0.0102720260620117 0.0141391754150391 0.3402099609375 -0.566162109375
-0.0124368667602539 0.0110740661621094 0.7779541015625 0.02044677734375
-0.0223674774169922 -0.0259304046630859 0.5478515625 0.7529296875
0.0190925598144531 0.0114479064941406 -0.00488281249999997 0.67047119140625
0.0241203308105469 0.0228366851806641 0.0369796752929688 0.072723388671875
0.0160026550292969 0.00873088836669922 0.1265869140625 -0.62054443359375
0.0176963806152344 -0.0158939361572266 -0.487548828125 -0.7933349609375
0.00687742233276367 -0.00711631774902344 -0.8486328125 -0.0200195312499998
-0.00318527221679688 -0.00626659393310547 -0.3759765625 0.550018310546875
-0.00103855133056641 -0.0154285430908203 0.10260009765625 0.46063232421875
-0.00154614448547363 -0.0038602352142334 0.324676513671875 0.076019287109375
0.00957298278808594 0.00873184204101563 0.270645141601563 -0.216156005859375
-0.00922584533691406 -0.00625038146972656 -0.224563598632812 0.216339111328125
0.00370597839355469 -0.0178966522216797 -0.272857666015625 -0.0815277099609375
0.00467681884765625 -0.0206298828125 -0.102813720703125 -0.4638671875
0.0117321014404297 0.0108442306518555 0.35162353515625 -0.561431884765625
-0.00937271118164063 0.0114765167236328 0.781005859375 0.034423828125
-0.0208721160888672 -0.0224075317382813 0.53509521484375 0.7598876953125
0.0177803039550781 0.0145835876464844 -0.01397705078125 0.663818359375
0.0218734741210938 0.0252265930175781 0.039764404296875 0.0639686584472656
0.0148391723632813 0.0119495391845703 0.11883544921875 -0.62725830078125
0.0181179046630859 -0.0138835906982422 -0.5032958984375 -0.78521728515625
0.0087738037109375 -0.00650119781494141 -0.845947265625 -0.00549316406250011
-0.00170803070068359 -0.00984382629394531 -0.362823486328125 0.5550537109375
0.000852584838867189 -0.0210895538330078 0.109771728515625 0.457763671875
-0.00168228149414062 -0.00525569915771484 0.323883056640625 0.074554443359375
0.00637578964233398 0.00572395324707031 0.266067504882813 -0.217926025390625
-0.0110006332397461 -0.0120534896850586 -0.224212646484375 0.225784301757813
0.000843048095703126 -0.00457763671875 -0.291839599609375 -0.078277587890625
0.000852584838867188 0.00321793556213379 -0.136260986328125 -0.4591064453125
0.00901031494140625 0.0264549255371094 0.3236083984375 -0.58306884765625
-0.0215854644775391 0.00134086608886719 0.78436279296875 -0.01605224609375
-0.0418701171875 -0.0561904907226563 0.57354736328125 0.7198486328125
0.0167732238769531 -0.0273361206054688 0.0159912109375 0.66070556640625
0.0439987182617188 -0.0141716003417969 0.0403823852539063 0.0709457397460938
0.0165061950683594 -0.0287494659423828 0.136474609375 -0.6312255859375
0.00282669067382812 -0.04736328125 -0.4793701171875 -0.81927490234375
-0.00559425354003906 -0.0193595886230469 -0.85821533203125 -0.0417480468749998
-0.00568675994873047 0.00580406188964844 -0.393310546875 0.5517578125
-0.00592231750488281 0.00207042694091797 0.083984375 0.471923828125
-0.00662803649902344 0.00663137435913086 0.308502197265625 0.076812744140625
0.00524568557739258 0.00241279602050781 0.269668579101563 -0.213348388671875
-0.00894355773925781 -0.00613689422607422 -0.21575927734375 0.226394653320312
0.00166988372802734 -0.00666522979736328 -0.286376953125 -0.07623291015625
0.000392913818359375 0.00566244125366211 -0.138092041015625 -0.4580078125
0.00789451599121094 0.0272331237792969 0.3154296875 -0.58367919921875
-0.0223178863525391 0.002655029296875 0.78240966796875 -0.02117919921875
-0.0410614013671875 -0.0541419982910156 0.58477783203125 0.720703125
0.0190620422363281 -0.0248298645019531 0.02105712890625 0.6712646484375
0.0441169738769531 -0.0106544494628906 0.03729248046875 0.0784530639648437
0.0182056427001953 -0.0270709991455078 0.140380859375 -0.62628173828125
0.00437164306640625 -0.0457611083984375 -0.47076416015625 -0.8277587890625
-0.00670433044433594 -0.0190410614013672 -0.86187744140625 -0.0546875
-0.00716161727905273 0.00670242309570313 -0.402984619140625 0.54840087890625
-0.00737810134887695 0.00404787063598633 0.0782470703125 0.470306396484375
-0.00580072402954102 0.00592136383056641 0.311248779296875 0.077117919921875
0.00868082046508789 0.00611734390258789 0.26995849609375 -0.21136474609375
-0.0060267448425293 -0.00362014770507813 -0.212738037109375 0.227096557617188
0.00324678421020508 -0.00867462158203125 -0.28173828125 -0.07513427734375
-0.000561952590942383 0.00408196449279785 -0.1390380859375 -0.45867919921875
0.00764274597167968 0.0274562835693359 0.30914306640625 -0.581298828125
-0.0219974517822266 0.00366401672363281 0.77911376953125 -0.02142333984375
-0.0384292602539063 -0.0510368347167969 0.5849609375 0.7220458984375
0.0192298889160156 -0.0187168121337891 0.0230102539062499 0.67572021484375
0.0423126220703125 -0.0051116943359375 0.0352630615234375 0.0833511352539063
0.0185317993164063 -0.0210285186767578 0.145263671875 -0.61944580078125
0.00751495361328125 -0.0415382385253906 -0.46240234375 -0.82659912109375
-0.00481700897216797 -0.0164899826049805 -0.86163330078125 -0.0561523437499999
-0.00803089141845703 0.00647687911987305 -0.407470703125 0.546112060546875
-0.00780820846557617 0.00318479537963867 0.0776977539062499 0.471099853515625
-0.00547981262207031 0.00379419326782227 0.3167724609375 0.07720947265625
0.0104742050170898 0.00828456878662109 0.27496337890625 -0.212020874023438
-0.00361251831054688 -0.000738143920898437 -0.209747314453125 0.22662353515625
0.00279808044433594 -0.0112667083740234 -0.27691650390625 -0.07403564453125
-0.00014197826385498 0.00126206874847412 -0.137481689453125 -0.45849609375
0.00775146484375 0.0239715576171875 0.30926513671875 -0.581298828125
-0.0207195281982422 0.00618553161621093 0.7802734375 -0.0181884765625
-0.0342445373535156 -0.0450057983398438 0.58807373046875 0.72802734375
0.0200099945068359 -0.0117015838623047 0.0225830078124999 0.6787109375
0.0381240844726563 0.00269699096679688 0.0346221923828125 0.0858078002929688
0.0191421508789063 -0.0133781433105469 0.1436767578125 -0.61676025390625
0.0101165771484375 -0.0355720520019531 -0.46630859375 -0.8238525390625
-0.00450420379638672 -0.0146751403808594 -0.86212158203125 -0.05535888671875
-0.00783300399780273 0.00404596328735351 -0.40753173828125 0.547210693359375
-0.0067143440246582 0.000159740447998047 0.0797119140625 0.468597412109375
-0.00422239303588867 0.00223064422607422 0.320556640625 0.077423095703125
0.0131673812866211 0.0109691619873047 0.27496337890625 -0.211669921875
-0.00332021713256836 -0.000546693801879882 -0.210662841796875 0.225479125976562
0.00401973724365234 -0.0130529403686523 -0.2740478515625 -0.075042724609375
0.000502586364746093 -0.00353670120239258 -0.12908935546875 -0.4603271484375
0.00844001770019531 0.0213279724121094 0.31817626953125 -0.577392578125
-0.0183849334716797 0.007781982421875 0.778076171875 -0.00714111328125
-0.0300827026367188 -0.0380668640136719 0.5787353515625 0.73626708984375
0.0197868347167969 -0.003326416015625 0.0142211914062501 0.68084716796875
0.0333271026611328 0.0105724334716797 0.0339202880859375 0.084075927734375
0.0183486938476563 -0.00572776794433594 0.14111328125 -0.61663818359375
0.0132675170898438 -0.028594970703125 -0.46966552734375 -0.81658935546875
-0.000981330871582031 -0.0116405487060547 -0.8594970703125 -0.0443115234374998
-0.00635910034179688 0.00125598907470703 -0.400482177734375 0.549041748046875
-0.00508451461791992 -0.004547119140625 0.08551025390625 0.466583251953125
-0.00328612327575684 -0.000237464904785156 0.323486328125 0.077178955078125
0.0124702453613281 0.0113897323608398 0.275726318359375 -0.214553833007813
-0.0036468505859375 -0.00113463401794434 -0.214263916015625 0.223678588867188
0.00394153594970703 -0.0158491134643555 -0.2723388671875 -0.075653076171875
0.000501632690429688 -0.00958728790283203 -0.123443603515625 -0.463775634765625
0.00876617431640625 0.0167608261108398 0.32794189453125 -0.57525634765625
-0.0160560607910156 0.00946617126464844 0.7818603515625 0.0037841796875
-0.0260047912597656 -0.0311393737792969 0.56866455078125 0.74566650390625
0.0199222564697266 0.00487899780273437 0.0100708007812501 0.678955078125
0.0286655426025391 0.0178298950195313 0.0353622436523438 0.08056640625
0.0178489685058594 0.00281524658203125 0.13360595703125 -0.6212158203125
0.0157680511474609 -0.0217933654785156 -0.48236083984375 -0.80865478515625
0.00339126586914062 -0.00958538055419922 -0.8585205078125 -0.02996826171875
-0.00485134124755859 -0.00358104705810547 -0.389923095703125 0.55328369140625
-0.00295448303222656 -0.0102596282958984 0.094451904296875 0.46612548828125
-0.00208187103271484 -0.00233602523803711 0.326324462890625 0.076171875
0.0131607055664063 0.0108098983764648 0.274124145507813 -0.216476440429688
-0.00645732879638672 -0.00356531143188477 -0.219268798828125 0.222030639648438
0.00433635711669922 -0.0164108276367187 -0.27227783203125 -0.0785369873046875
0.00238418579101562 -0.0153846740722656 -0.114349365234375 -0.468048095703125
0.010101318359375 0.0136556625366211 0.33819580078125 -0.5701904296875
-0.0126514434814453 0.0115900039672852 0.78411865234375 0.0166015625
-0.0231571197509766 -0.0256385803222656 0.55718994140625 0.7557373046875
0.0190200805664062 0.0114898681640625 0.000305175781249933 0.6737060546875
0.0249462127685547 0.0232067108154297 0.0373001098632813 0.07257080078125
0.0166826248168945 0.00928688049316406 0.1246337890625 -0.6265869140625
0.0178623199462891 -0.0175876617431641 -0.4935302734375 -0.79876708984375
0.00654792785644531 -0.00825119018554688 -0.85601806640625 -0.0151977539062502
-0.00306892395019531 -0.00681352615356445 -0.3785400390625 0.55670166015625
-0.0009613037109375 -0.0159416198730469 0.103668212890625 0.464385986328125
-0.00133752822875977 -0.00456476211547852 0.326873779296875 0.07440185546875
0.0106382369995117 0.00898933410644531 0.271194458007813 -0.218109130859375
-0.00805139541625977 -0.00577259063720703 -0.224349975585938 0.218994140625
0.00461101531982422 -0.0162887573242188 -0.2745361328125 -0.081634521484375
0.00394248962402343 -0.020172119140625 -0.105224609375 -0.467864990234375
0.0118312835693359 0.0102167129516602 0.35186767578125 -0.56494140625
-0.0100202560424805 0.0117397308349609 0.786865234375 0.03179931640625
-0.0221004486083984 -0.0220127105712891 0.5419921875 0.7623291015625
0.0182285308837891 0.0150966644287109 -0.00915527343749996 0.6673583984375
0.0227108001708984 0.0255775451660156 0.0406074523925781 0.0645217895507813
0.0153875350952148 0.0120019912719727 0.11627197265625 -0.6324462890625
0.0185337066650391 -0.0135669708251953 -0.51104736328125 -0.79095458984375
0.00911426544189453 -0.00711631774902344 -0.85321044921875 -0.000915527343749842
-0.00174903869628906 -0.00994968414306641 -0.36328125 0.561431884765625
0.000453948974609375 -0.0198802947998047 0.113189697265625 0.4615478515625
-0.00211620330810547 -0.00501918792724609 0.326385498046875 0.07330322265625
0.00693368911743164 0.00594282150268555 0.267608642578125 -0.220779418945312
-0.0100488662719727 -0.0112056732177734 -0.223983764648438 0.227996826171875
0.00179791450500488 -0.00299859046936035 -0.294281005859375 -0.07720947265625
0.000113248825073242 0.00342440605163574 -0.140625 -0.46185302734375
0.0098419189453125 0.0265998840332031 0.31878662109375 -0.58856201171875
-0.0211124420166016 0.00150108337402344 0.79034423828125 -0.0201416015625
-0.0433197021484375 -0.0556716918945313 0.58380126953125 0.7213134765625
0.0164642333984375 -0.0277309417724609 0.020751953125 0.6636962890625
0.0445632934570313 -0.014739990234375 0.0417404174804688 0.0704879760742188
0.0162525177001953 -0.0289745330810547 0.13336181640625 -0.6353759765625
0.00232696533203125 -0.0472679138183594 -0.48828125 -0.82269287109375
-0.00571250915527344 -0.0202159881591797 -0.8656005859375 -0.0367431640625
-0.0054783821105957 0.00614356994628906 -0.39251708984375 0.56048583984375
-0.00623559951782227 0.00340557098388672 0.0879821777343751 0.47607421875
-0.00669574737548828 0.00704813003540039 0.312042236328125 0.075531005859375
0.00565385818481445 0.00214004516601563 0.270278930664063 -0.217361450195313
-0.00813484191894531 -0.00550651550292969 -0.214813232421875 0.229644775390625
0.00230741500854492 -0.00584173202514648 -0.289276123046875 -0.0750732421875
0.000317096710205078 0.00585222244262695 -0.142578125 -0.460693359375
0.00873947143554688 0.0265579223632813 0.31243896484375 -0.58984375
-0.0229320526123047 0.00242233276367188 0.7884521484375 -0.0250244140625
-0.0423469543457031 -0.0533638000488281 0.59332275390625 0.7220458984375
0.0186920166015625 -0.0252590179443359 0.0262451171874999 0.6746826171875
0.0439033508300781 -0.0112380981445313 0.0388336181640625 0.0774917602539063
0.018585205078125 -0.0262889862060547 0.1385498046875 -0.63092041015625
0.0050201416015625 -0.0467529296875 -0.4793701171875 -0.8304443359375
-0.00677299499511719 -0.0197048187255859 -0.8695068359375 -0.0500488281250001
-0.00667619705200195 0.00692892074584961 -0.402862548828125 0.5560302734375
-0.00724697113037109 0.00475072860717773 0.083099365234375 0.475067138671875
-0.00601911544799805 0.00613164901733399 0.313720703125 0.075042724609375
0.00954246520996094 0.00716495513916016 0.27032470703125 -0.215728759765625
-0.00548410415649414 -0.00337553024291992 -0.212158203125 0.230194091796875
0.00412511825561524 -0.00819826126098633 -0.284454345703125 -0.0741271972656249
0.000400066375732422 0.00487136840820313 -0.142791748046875 -0.4613037109375
0.008026123046875 0.0260276794433594 0.30841064453125 -0.5892333984375
-0.0223846435546875 0.00419998168945312 0.78521728515625 -0.02667236328125
-0.0395393371582031 -0.0501937866210937 0.59552001953125 0.72222900390625
0.0198345184326172 -0.0193462371826172 0.0265502929687501 0.67913818359375
0.0424652099609375 -0.00548934936523438 0.0363693237304688 0.08404541015625
0.018829345703125 -0.0209941864013672 0.1431884765625 -0.6243896484375
0.00727462768554688 -0.0421218872070313 -0.47125244140625 -0.8291015625
-0.00609016418457031 -0.0173482894897461 -0.86810302734375 -0.0513916015625
-0.00848150253295898 0.00607204437255859 -0.407958984375 0.55511474609375
-0.00759601593017578 0.00400018692016601 0.08160400390625 0.474273681640625
-0.00458574295043945 0.00418901443481445 0.319183349609375 0.07562255859375
0.012059211730957 0.00848770141601562 0.274688720703125 -0.214981079101563
-0.00280261039733887 -0.000215768814086914 -0.209274291992188 0.229461669921875
0.00297927856445312 -0.0102853775024414 -0.280853271484375 -0.07342529296875
0.000410914421081543 0.00136983394622803 -0.140899658203125 -0.4625244140625
0.008087158203125 0.0241489410400391 0.30816650390625 -0.5888671875
-0.0206165313720703 0.00589370727539062 0.7862548828125 -0.02301025390625
-0.0356254577636719 -0.0450553894042969 0.59881591796875 0.7298583984375
0.0205173492431641 -0.0124073028564453 0.027587890625 0.68170166015625
0.0389862060546875 0.00183486938476563 0.03460693359375 0.0854721069335938
0.0196189880371094 -0.0135173797607422 0.14111328125 -0.6224365234375
0.00985336303710938 -0.0358200073242187 -0.4755859375 -0.8267822265625
-0.00309467315673828 -0.0155000686645508 -0.86907958984375 -0.0487060546875001
-0.00775623321533203 0.00393390655517578 -0.406982421875 0.556610107421875
-0.0070805549621582 0.000795841217041016 0.083404541015625 0.472412109375
-0.00417947769165039 0.00204658508300781 0.322418212890625 0.075439453125
0.013300895690918 0.0105161666870117 0.275726318359375 -0.215667724609375
-0.00256156921386719 -1.1444091796875E-05 -0.209579467773437 0.227645874023438
0.00412845611572266 -0.0134115219116211 -0.276107788085938 -0.0744628906250001
-0.00059199333190918 -0.00254130363464355 -0.13433837890625 -0.4630126953125
0.00822257995605469 0.0207881927490234 0.315673828125 -0.58331298828125
-0.0175065994262695 0.00824356079101562 0.783935546875 -0.0135498046875
-0.0309906005859375 -0.0383377075195313 0.58880615234375 0.73785400390625
0.0205020904541016 -0.00299835205078125 0.0204467773437499 0.68310546875
0.0344161987304688 0.00940704345703125 0.03497314453125 0.0842056274414062
0.0188827514648438 -0.00503730773925781 0.13751220703125 -0.62420654296875
0.0131778717041016 -0.0295238494873047 -0.47662353515625 -0.81964111328125
-0.000298500061035158 -0.012446403503418 -0.8675537109375 -0.0398559570312499
-0.00642251968383789 0.000828742980957032 -0.402862548828125 0.556182861328125
-0.00497150421142578 -0.00362348556518555 0.08868408203125 0.470550537109375
-0.00348949432373047 -0.000834465026855469 0.326080322265625 0.07525634765625
0.0137004852294922 0.011540412902832 0.27545166015625 -0.2171630859375
-0.00372123718261719 -0.000544071197509766 -0.212478637695313 0.226638793945313
0.00370693206787109 -0.0153846740722656 -0.274948120117187 -0.074951171875
0.000134944915771484 -0.00833368301391602 -0.12762451171875 -0.4674072265625
0.00967025756835937 0.0164632797241211 0.324462890625 -0.58148193359375
-0.016057014465332 0.00963878631591797 0.78912353515625 -0.00201416015625
-0.0270004272460938 -0.0307197570800781 0.5784912109375 0.745849609375
0.0207748413085937 0.00514793395996094 0.01361083984375 0.68170166015625
0.0293827056884766 0.0170192718505859 0.0359725952148438 0.0799102783203125
0.0179195404052734 0.00310325622558594 0.131103515625 -0.625732421875
0.016387939453125 -0.0220584869384766 -0.49090576171875 -0.81134033203125
0.0035552978515625 -0.00940704345703125 -0.86627197265625 -0.02508544921875
-0.00471210479736328 -0.00303459167480469 -0.390533447265625 0.56146240234375
-0.00298786163330078 -0.0092620849609375 0.09765625 0.468109130859375
-0.0018010139465332 -0.00226068496704102 0.32891845703125 0.074981689453125
0.0138435363769531 0.0108203887939453 0.274749755859375 -0.219802856445313
-0.00625514984130859 -0.00299978256225586 -0.217880249023437 0.22418212890625
0.00455951690673828 -0.0162582397460938 -0.275100708007813 -0.0773468017578124
0.0014638900756836 -0.0152082443237305 -0.118804931640625 -0.469696044921875
0.0108318328857422 0.0137042999267578 0.33746337890625 -0.5767822265625
-0.0128574371337891 0.0110397338867187 0.79010009765625 0.01220703125
-0.0249271392822266 -0.0250587463378906 0.56573486328125 0.7562255859375
0.0200767517089844 0.0106391906738281 0.0045166015625 0.6771240234375
0.0258998870849609 0.0223636627197266 0.0388107299804688 0.072235107421875
0.0169706344604492 0.00963497161865234 0.12335205078125 -0.63226318359375
0.0177516937255859 -0.0170497894287109 -0.503173828125 -0.8016357421875
0.00723075866699219 -0.00893020629882813 -0.863525390625 -0.00885009765625014
-0.00455284118652344 -0.00687980651855469 -0.37835693359375 0.56597900390625
-0.00119495391845703 -0.0150308609008789 0.108367919921875 0.467254638671875
-0.00134754180908203 -0.00385642051696777 0.330657958984375 0.073455810546875
0.0110740661621094 0.00881099700927734 0.271987915039063 -0.222640991210938
-0.00796842575073242 -0.0045623779296875 -0.2242431640625 0.222747802734375
0.00450897216796875 -0.016209602355957 -0.277084350585938 -0.0800933837890625
0.0036163330078125 -0.0199623107910156 -0.109893798828125 -0.4708251953125
0.0125045776367187 0.00986385345458984 0.34942626953125 -0.5712890625
-0.0107088088989258 0.0115423202514648 0.79229736328125 0.02703857421875
-0.0232086181640625 -0.0215053558349609 0.55230712890625 0.76373291015625
0.0186805725097656 0.0146083831787109 -0.00402832031250004 0.671630859375
0.023193359375 0.0237941741943359 0.0417823791503906 0.0632438659667969
0.0152177810668945 0.0127124786376953 0.11395263671875 -0.63665771484375
0.0188331604003906 -0.0141181945800781 -0.5208740234375 -0.7947998046875
0.00922203063964844 -0.00875186920166016 -0.8609619140625 0.00720214843750016
-0.00202083587646484 -0.0100259780883789 -0.364013671875 0.57122802734375
0.000181198120117187 -0.0209808349609375 0.1168212890625 0.46533203125
-0.00198030471801758 -0.00482082366943359 0.329193115234375 0.07135009765625
0.00738859176635742 0.00581550598144531 0.26812744140625 -0.225250244140625
-0.0106916427612305 -0.0102090835571289 -0.221771240234375 0.231613159179688
0.00176453590393066 -0.0034034252166748 -0.29669189453125 -0.0758056640625001
0.000262022018432617 0.00417184829711914 -0.14752197265625 -0.464324951171875
0.00917625427246094 0.0266590118408203 0.3160400390625 -0.59539794921875
-0.0219383239746094 0.00171470642089843 0.7943115234375 -0.0277099609375
-0.0448493957519531 -0.05535888671875 0.59539794921875 0.72296142578125
0.0167293548583984 -0.0279006958007813 0.0257568359375 0.6676025390625
0.0447731018066406 -0.0149116516113281 0.0417327880859375 0.0708541870117188
0.0167179107666016 -0.0292835235595703 0.13031005859375 -0.641357421875
0.0023193359375 -0.0479850769042969 -0.5 -0.8245849609375
-0.00593757629394531 -0.0208339691162109 -0.87451171875 -0.0269165039062502
-0.00613307952880859 0.00616693496704102 -0.390869140625 0.56878662109375
-0.00529193878173828 0.00335168838500976 0.092041015625 0.47955322265625
-0.00658226013183594 0.00802230834960938 0.314666748046875 0.07342529296875
0.00649642944335938 0.00223016738891602 0.270584106445313 -0.222000122070313
-0.00697612762451172 -0.00544261932373047 -0.214736938476562 0.231735229492188
0.00280904769897461 -0.00509071350097656 -0.291595458984375 -0.073333740234375
0.000358581542968749 0.00659894943237305 -0.148468017578125 -0.464141845703125
0.00837135314941406 0.0262336730957031 0.30902099609375 -0.59521484375
-0.0234870910644531 0.00284385681152344 0.79205322265625 -0.03179931640625
-0.043792724609375 -0.0538253784179688 0.60430908203125 0.72149658203125
0.0185317993164063 -0.0254058837890625 0.03033447265625 0.67657470703125
0.0454635620117188 -0.0125808715820313 0.0394744873046875 0.0784835815429688
0.0181198120117188 -0.0267772674560547 0.135498046875 -0.6373291015625
0.003662109375 -0.0471725463867188 -0.48931884765625 -0.83319091796875
-0.007354736328125 -0.0202064514160156 -0.87725830078125 -0.0404663085937501
-0.0074915885925293 0.00700283050537109 -0.4029541015625 0.56524658203125
-0.00685501098632812 0.00582027435302734 0.08642578125 0.47869873046875
-0.00614595413208008 0.00615835189819336 0.31634521484375 0.073974609375
0.00981426239013672 0.0054931640625 0.270721435546875 -0.220550537109375
-0.00482273101806641 -0.0019373893737793 -0.211105346679687 0.233627319335938
0.0029911994934082 -0.00664424896240234 -0.287078857421875 -0.07257080078125
0.000210285186767579 0.00525331497192383 -0.14923095703125 -0.4639892578125
0.00811195373535156 0.0261363983154297 0.30389404296875 -0.59552001953125
-0.0225448608398437 0.00421905517578125 0.7901611328125 -0.03350830078125
-0.0408821105957031 -0.0500259399414063 0.60650634765625 0.7242431640625
0.0197067260742188 -0.0200061798095703 0.0338745117187501 0.68304443359375
0.0428810119628906 -0.00612258911132812 0.0370254516601563 0.0841751098632813
0.0193042755126953 -0.0213127136230469 0.138671875 -0.62969970703125
0.00663375854492187 -0.0430259704589844 -0.4814453125 -0.83258056640625
-0.00565338134765625 -0.0184593200683594 -0.87493896484375 -0.0434570312499998
-0.00788164138793945 0.00618362426757812 -0.4061279296875 0.564208984375
-0.0080561637878418 0.00380086898803711 0.086181640625 0.478485107421875
-0.00529909133911133 0.00415325164794922 0.3214111328125 0.074127197265625
0.0121936798095703 0.00881099700927734 0.275314331054688 -0.2200927734375
-0.00165963172912598 0.000742912292480469 -0.207611083984375 0.232666015625
0.00388336181640625 -0.00952529907226563 -0.282379150390625 -0.07159423828125
-0.000111699104309082 0.00157690048217773 -0.14715576171875 -0.4642333984375
0.00835800170898437 0.0235366821289063 0.305908203125 -0.595458984375
-0.0214080810546875 0.00673866271972657 0.79010009765625 -0.03094482421875
-0.0366020202636719 -0.0446128845214844 0.60845947265625 0.7288818359375
0.0203056335449219 -0.0127010345458984 0.03350830078125 0.6849365234375
0.0397834777832031 0.0015411376953125 0.0355072021484375 0.08587646484375
0.0195484161376953 -0.0135765075683594 0.13702392578125 -0.6282958984375
0.00994491577148437 -0.0366401672363281 -0.48565673828125 -0.828857421875
-0.00382900238037109 -0.0158452987670898 -0.876953125 -0.0410156249999999
-0.00843715667724609 0.00446414947509766 -0.40533447265625 0.5645751953125
-0.00718450546264648 0.00207948684692383 0.0872802734375 0.475341796875
-0.00441408157348633 0.00268220901489258 0.32537841796875 0.0740966796875
0.0142526626586914 0.0105180740356445 0.27587890625 -0.22003173828125
-0.00202047824859619 0.000511646270751953 -0.2086181640625 0.23126220703125
0.00429534912109375 -0.0118293762207031 -0.278762817382813 -0.0719604492187499
-0.000367403030395508 -0.00320696830749512 -0.14105224609375 -0.46636962890625
0.00893211364746094 0.0205764770507813 0.31182861328125 -0.590087890625
-0.0196647644042969 0.00835037231445312 0.789306640625 -0.01800537109375
-0.0318565368652344 -0.0377998352050781 0.60009765625 0.73809814453125
0.0212631225585937 -0.00321197509765625 0.02581787109375 0.6868896484375
0.0342578887939453 0.00998878479003906 0.035064697265625 0.0847930908203125
0.0187835693359375 -0.00472640991210938 0.13330078125 -0.6285400390625
0.0133876800537109 -0.0299701690673828 -0.48779296875 -0.8216552734375
8.20159912109361E-05 -0.0131673812866211 -0.87530517578125 -0.0316162109375001
-0.00670289993286133 0.00121021270751953 -0.4007568359375 0.56378173828125
-0.00569248199462891 -0.0034942626953125 0.09332275390625 0.473968505859375
-0.00271034240722656 0.000373601913452149 0.328704833984375 0.072723388671875
0.014552116394043 0.0113162994384766 0.275665283203125 -0.221664428710938
-0.00264906883239746 -0.000167369842529296 -0.211883544921875 0.229415893554687
0.00433063507080078 -0.0140504837036133 -0.2786865234375 -0.0742950439453125
0.000179290771484376 -0.00850057601928711 -0.1341552734375 -0.4696044921875
0.00992202758789063 0.0172576904296875 0.321533203125 -0.58721923828125
-0.0157899856567383 0.00961875915527343 0.7923583984375 -0.00811767578125
-0.0285682678222656 -0.0302467346191406 0.5887451171875 0.74847412109375
0.0206794738769531 0.00432968139648437 0.01904296875 0.6849365234375
0.0293674468994141 0.0168647766113281 0.0370635986328125 0.0811080932617187
0.0183773040771484 0.00297927856445313 0.12603759765625 -0.63140869140625
0.0160579681396484 -0.0236377716064453 -0.500244140625 -0.81298828125
0.00312519073486328 -0.0114555358886719 -0.8741455078125 -0.0172119140625001
-0.00543117523193359 -0.00339746475219726 -0.390380859375 0.56787109375
-0.0029449462890625 -0.0102424621582031 0.10345458984375 0.472198486328125
-0.00263357162475586 -0.00211477279663086 0.3321533203125 0.071563720703125
0.01446533203125 0.0103263854980469 0.275009155273438 -0.224395751953125
-0.00557613372802734 -0.00175619125366211 -0.216781616210937 0.227920532226563
0.0047140121459961 -0.0153417587280273 -0.278182983398438 -0.0760955810546875
0.00060749053955078 -0.0148220062255859 -0.1251220703125 -0.4725341796875
0.0109720230102539 0.0130434036254883 0.33306884765625 -0.58221435546875
-0.0131406784057617 0.0110635757446289 0.7965087890625 0.00616455078125
-0.0254936218261719 -0.0251235961914062 0.5770263671875 0.7576904296875
0.0200786590576172 0.0110130310058594 0.00982666015625007 0.68115234375
0.0257949829101563 0.0224590301513672 0.039398193359375 0.0734100341796875
0.016876220703125 0.00928878784179688 0.117919921875 -0.63690185546875
0.0183010101318359 -0.0178909301757813 -0.5133056640625 -0.802001953125
0.00701427459716797 -0.0100698471069336 -0.8719482421875 -0.00250244140625013
-0.00412750244140625 -0.00775718688964844 -0.37786865234375 0.5751953125
-0.001739501953125 -0.0152006149291992 0.112518310546875 0.469024658203125
-0.0015721321105957 -0.00348687171936035 0.33355712890625 0.07122802734375
0.0120201110839844 0.00858211517333984 0.271087646484375 -0.227767944335938
-0.00688505172729492 -0.00434446334838867 -0.223251342773438 0.225006103515625
0.00566959381103516 -0.0156307220458984 -0.27923583984375 -0.07830810546875
0.00327110290527344 -0.0206699371337891 -0.116302490234375 -0.473480224609375
0.0121688842773438 0.00957393646240235 0.3468017578125 -0.577880859375
-0.0112466812133789 0.0120611190795898 0.79815673828125 0.02105712890625
-0.0238990783691406 -0.0209236145019531 0.56182861328125 0.76531982421875
0.0190277099609375 0.0142974853515625 -0.000488281250000055 0.675048828125
0.0238876342773438 0.0239276885986328 0.0427055358886719 0.0641708374023438
0.0159358978271484 0.0129060745239258 0.1099853515625 -0.64306640625
0.0189456939697266 -0.014434814453125 -0.53057861328125 -0.794677734375
0.00958442687988281 -0.00917911529541016 -0.86846923828125 0.01568603515625
-0.00302982330322266 -0.0106601715087891 -0.36279296875 0.5782470703125
-1.90734863281051E-06 -0.0205268859863281 0.1214599609375 0.468170166015625
-0.00113773345947266 -0.00461483001708984 0.33251953125 0.068603515625
0.00794315338134765 0.00590991973876953 0.267959594726563 -0.22906494140625
-0.00889015197753906 -0.0106563568115234 -0.220916748046875 0.234771728515625
0.00206637382507324 -0.0031890869140625 -0.3001708984375 -0.073577880859375
-0.000242710113525391 0.00497770309448242 -0.153717041015625 -0.4654541015625
0.00944709777832031 0.0260963439941406 0.31085205078125 -0.602294921875
-0.0224132537841797 0.00187301635742187 0.79998779296875 -0.03643798828125
-0.0456161499023437 -0.0547447204589844 0.60546875 0.7215576171875
0.0168933868408203 -0.0281505584716797 0.0316162109375 0.6700439453125
0.0452461242675781 -0.0157623291015625 0.0431060791015625 0.0705947875976563
0.0163154602050781 -0.0298423767089844 0.1248779296875 -0.64630126953125
0.00135421752929688 -0.04888916015625 -0.51080322265625 -0.826416015625
-0.00577354431152344 -0.0217494964599609 -0.8826904296875 -0.0183715820312501
-0.0060577392578125 0.00620603561401367 -0.388671875 0.57574462890625
-0.00587606430053711 0.00341558456420898 0.0980224609375 0.482025146484375
-0.00600385665893555 0.00784111022949219 0.31671142578125 0.06982421875
0.00614547729492188 0.00122356414794922 0.26947021484375 -0.226577758789063
-0.00679349899291992 -0.00435590744018555 -0.212295532226563 0.2359619140625
0.00271463394165039 -0.0044245719909668 -0.29443359375 -0.071533203125
0.000383377075195313 0.0066685676574707 -0.154815673828125 -0.464630126953125
0.00920295715332031 0.0263195037841797 0.30560302734375 -0.6016845703125
-0.0238399505615234 0.00310325622558593 0.797119140625 -0.0396728515625
-0.0447616577148438 -0.0530891418457031 0.61602783203125 0.72119140625
0.0187606811523438 -0.0258464813232422 0.0380859375000001 0.68017578125
0.0454750061035156 -0.0126457214355469 0.0406341552734375 0.078216552734375
0.0182952880859375 -0.0262622833251953 0.13037109375 -0.64239501953125
0.0035552978515625 -0.0480117797851563 -0.5013427734375 -0.8328857421875
-0.00680923461914063 -0.0211620330810547 -0.883544921875 -0.0313720703125
-0.00773191452026367 0.00645875930786133 -0.3992919921875 0.5738525390625
-0.00744533538818359 0.00562858581542969 0.092193603515625 0.4810791015625
-0.00596046447753906 0.00613594055175781 0.320343017578125 0.07012939453125
0.00993061065673828 0.00585460662841797 0.270187377929688 -0.224700927734375
-0.00352001190185547 -0.00190377235412598 -0.209762573242188 0.23687744140625
0.00393199920654297 -0.00603771209716797 -0.289794921875 -0.070068359375
-0.000396251678466797 0.00573205947875977 -0.156524658203125 -0.466644287109375
0.00864410400390625 0.0264225006103516 0.3006591796875 -0.600830078125
-0.0234832763671875 0.00467681884765625 0.79364013671875 -0.0408935546875
-0.0424957275390625 -0.04913330078125 0.61810302734375 0.72259521484375
0.0200538635253906 -0.0202674865722656 0.03973388671875 0.68304443359375
0.0428428649902344 -0.00659561157226563 0.0379562377929688 0.0833740234375
0.0193424224853516 -0.0211925506591797 0.134765625 -0.635498046875
0.00637054443359375 -0.0434951782226562 -0.49237060546875 -0.83148193359375
-0.00632286071777344 -0.0190906524658203 -0.8822021484375 -0.0348510742187499
-0.00880718231201172 0.00707435607910156 -0.40380859375 0.57122802734375
-0.00875329971313476 0.00495290756225586 0.091400146484375 0.480010986328125
-0.00502920150756836 0.00461101531982422 0.324615478515625 0.0711669921875
0.0125370025634766 0.00818252563476563 0.274795532226563 -0.224761962890625
-0.00157701969146728 0.000810742378234864 -0.2060546875 0.236648559570312
0.00329256057739258 -0.00867366790771484 -0.284912109375 -0.0706787109375001
-0.000805139541625976 0.0025322437286377 -0.152496337890625 -0.465606689453125
0.00833702087402344 0.0232887268066406 0.30078125 -0.6007080078125
-0.0216789245605469 0.00685882568359375 0.79559326171875 -0.0384521484375
-0.0386390686035156 -0.0431785583496094 0.62078857421875 0.72735595703125
0.0210895538330078 -0.0126209259033203 0.0400390625 0.68768310546875
0.0398674011230469 0.0006103515625 0.0366973876953125 0.0860595703125
0.0195236206054688 -0.0126457214355469 0.1312255859375 -0.63238525390625
0.00969314575195312 -0.0376968383789063 -0.49713134765625 -0.830078125
-0.00389766693115235 -0.0174551010131836 -0.8848876953125 -0.03118896484375
-0.00866127014160156 0.00416135787963867 -0.40478515625 0.57373046875
-0.00740861892700195 0.00212001800537109 0.09405517578125 0.478118896484375
-0.00356245040893555 0.00267267227172852 0.32855224609375 0.07086181640625
0.0150794982910156 0.00935554504394531 0.275039672851563 -0.224884033203125
-0.000825762748718262 0.00166666507720947 -0.205947875976563 0.235321044921875
0.00406742095947266 -0.0117006301879883 -0.28192138671875 -0.071075439453125
-0.000607967376708984 -0.00268840789794922 -0.147613525390625 -0.470123291015625
0.00926971435546875 0.0200729370117188 0.306884765625 -0.59722900390625
-0.0191802978515625 0.00842666625976563 0.79473876953125 -0.02606201171875
-0.0337753295898438 -0.0368881225585937 0.6112060546875 0.73785400390625
0.0214653015136719 -0.00360870361328125 0.0338745117187499 0.68988037109375
0.0350856781005859 0.00907325744628906 0.0358734130859375 0.0843124389648437
0.0193367004394531 -0.00508880615234375 0.1292724609375 -0.63287353515625
0.0128593444824219 -0.0309829711914063 -0.50091552734375 -0.8236083984375
-0.000518798828125 -0.0146465301513672 -0.88238525390625 -0.0246582031250001
-0.00760316848754883 0.00107097625732422 -0.399169921875 0.5740966796875
-0.00590085983276367 -0.00341939926147461 0.0988159179687499 0.476959228515625
-0.00228023529052734 0.0003814697265625 0.332244873046875 0.069732666015625
0.0153541564941406 0.0102405548095703 0.2745361328125 -0.226272583007812
-0.00170803070068359 0.000955462455749512 -0.209686279296875 0.233261108398437
0.00425910949707031 -0.0136222839355469 -0.2813720703125 -0.071533203125
-0.000513076782226562 -0.00843191146850586 -0.1402587890625 -0.471771240234375
0.0091543197631836 0.0165624618530273 0.3162841796875 -0.5936279296875
-0.0156259536743164 0.0104770660400391 0.79888916015625 -0.0155029296875
-0.0292472839355469 -0.0298633575439453 0.60260009765625 0.74755859375
0.0212574005126953 0.00441741943359375 0.025146484375 0.690185546875
0.0303001403808594 0.0163097381591797 0.0377349853515625 0.0805587768554688
0.0184154510498047 0.00307273864746094 0.12152099609375 -0.6363525390625
0.0156383514404297 -0.024322509765625 -0.51397705078125 -0.81488037109375
0.00436782836914062 -0.0123176574707031 -0.88104248046875 -0.00891113281249982
-0.00601625442504883 -0.00351238250732422 -0.38800048828125 0.5787353515625
-0.00346755981445313 -0.00941848754882813 0.107818603515625 0.475341796875
-0.00164926052093506 -0.00162553787231445 0.33477783203125 0.067901611328125
0.0147457122802734 0.00992298126220703 0.273849487304688 -0.228790283203125
-0.0042567253112793 -0.00224471092224121 -0.215194702148437 0.230941772460938
0.00557041168212891 -0.0148344039916992 -0.281158447265625 -0.0737152099609375
0.00109577178955078 -0.0145511627197266 -0.131622314453125 -0.4757080078125
0.0111570358276367 0.0124969482421875 0.33148193359375 -0.590576171875
-0.0138626098632813 0.0118122100830078 0.80029296875 -0.00140380859375
-0.0260944366455078 -0.0236606597900391 0.58856201171875 0.75689697265625
0.0211200714111328 0.0110301971435547 0.01715087890625 0.68353271484375
0.0266017913818359 0.0213642120361328 0.040130615234375 0.0729446411132813
0.0170497894287109 0.0100221633911133 0.11407470703125 -0.64141845703125
0.0183963775634766 -0.0182209014892578 -0.52703857421875 -0.8035888671875
0.00655269622802734 -0.00992965698242188 -0.8782958984375 0.00677490234375006
-0.00449895858764648 -0.00733184814453125 -0.37286376953125 0.5841064453125
-0.00168895721435547 -0.0155067443847656 0.117218017578125 0.47271728515625
-0.00101923942565918 -0.00344467163085938 0.33642578125 0.066864013671875
0.0120477676391602 0.00799274444580078 0.270950317382813 -0.232498168945313
-0.00599765777587891 -0.00310277938842773 -0.22064208984375 0.228958129882813
0.00541973114013672 -0.0148181915283203 -0.283172607421875 -0.077239990234375
0.00313377380371094 -0.0203590393066406 -0.122528076171875 -0.4766845703125
0.0130290985107422 0.00915908813476563 0.3426513671875 -0.5849609375
-0.0112762451171875 0.0115871429443359 0.80352783203125 0.013427734375
-0.0254878997802734 -0.0204944610595703 0.5733642578125 0.76373291015625
0.01995849609375 0.0153141021728516 0.00720214843750001 0.677734375
0.0238151550292969 0.022918701171875 0.0432052612304688 0.0638656616210937
0.0165548324584961 0.0128097534179688 0.10308837890625 -0.64727783203125
0.0191478729248047 -0.0146083831787109 -0.54156494140625 -0.79461669921875
0.00947380065917969 -0.00950527191162109 -0.8746337890625 0.0240478515625001
-0.00345706939697266 -0.0104942321777344 -0.36126708984375 0.58685302734375
-0.000345230102539061 -0.0204143524169922 0.127471923828125 0.47161865234375
-0.00123691558837891 -0.00454568862915039 0.33575439453125 0.06561279296875
0.00844526290893555 0.00532197952270508 0.266937255859375 -0.2337646484375
-0.00917530059814453 -0.00923633575439453 -0.218719482421875 0.238555908203125
0.00319409370422363 -0.00179624557495117 -0.3033447265625 -0.071044921875
0.000103473663330078 0.00468873977661133 -0.160552978515625 -0.4677734375
0.0105037689208984 0.0254154205322266 0.30621337890625 -0.60919189453125
-0.0231361389160156 0.0015869140625 0.80352783203125 -0.04547119140625
-0.0478019714355469 -0.0537948608398437 0.61871337890625 0.717041015625
0.0169563293457031 -0.0283279418945312 0.0390625 0.67254638671875
0.0445518493652344 -0.0165977478027344 0.0440521240234375 0.0703964233398438
0.0156898498535156 -0.0289192199707031 0.1202392578125 -0.6513671875
0.000694274902343747 -0.0497474670410156 -0.52313232421875 -0.82379150390625
-0.00677490234375 -0.0220756530761719 -0.887451171875 -0.00830078125000003
-0.00661039352416992 0.00575876235961914 -0.3857421875 0.58648681640625
-0.00601577758789063 0.0041961669921875 0.104522705078125 0.485504150390625
-0.00611019134521484 0.00852394104003906 0.320037841796875 0.067626953125
0.00751352310180664 0.00167226791381836 0.268508911132812 -0.231353759765625
-0.00567007064819336 -0.00443553924560547 -0.209762573242188 0.238800048828125
0.00353765487670898 -0.00363945960998535 -0.297210693359375 -0.0693359375
0.000121116638183594 0.00685262680053711 -0.161834716796875 -0.46588134765625
0.00997543334960937 0.0259513854980469 0.30035400390625 -0.608154296875
-0.0239982604980469 0.00299263000488281 0.80181884765625 -0.0478515625
-0.0464859008789062 -0.0521583557128906 0.62652587890625 0.71759033203125
0.0193157196044922 -0.0253543853759766 0.04632568359375 0.681396484375
0.0459022521972656 -0.0135917663574219 0.0408477783203125 0.0774688720703125
0.0181045532226563 -0.0264816284179688 0.1229248046875 -0.6455078125
0.003021240234375 -0.0483741760253906 -0.51416015625 -0.8349609375
-0.00772285461425781 -0.0221328735351563 -0.8905029296875 -0.0206298828125
-0.00746679306030273 0.00694561004638672 -0.39569091796875 0.5830078125
-0.00771903991699219 0.0061497688293457 0.096832275390625 0.48333740234375
-0.00557613372802734 0.0068206787109375 0.322601318359375 0.066925048828125
0.0106925964355469 0.00583648681640625 0.269317626953125 -0.23028564453125
-0.00230693817138672 -0.00146818161010742 -0.206619262695313 0.240249633789063
0.00473737716674805 -0.00588607788085938 -0.292083740234375 -0.067596435546875
-1.90734863281248E-05 0.00586318969726563 -0.163055419921875 -0.46722412109375
0.00926589965820312 0.0256481170654297 0.29339599609375 -0.60736083984375
-0.0236282348632813 0.0043487548828125 0.79718017578125 -0.0501708984375
-0.0436477661132812 -0.0478057861328125 0.6302490234375 0.72076416015625
0.0194377899169922 -0.0199127197265625 0.0482788085937501 0.6851806640625
0.0426254272460937 -0.00801467895507812 0.0388717651367188 0.083404541015625
0.0189418792724609 -0.0211334228515625 0.1280517578125 -0.6396484375
0.0059661865234375 -0.0441131591796875 -0.505615234375 -0.83209228515625
-0.00637435913085937 -0.0200176239013672 -0.89117431640625 -0.0238647460937501
-0.00868463516235352 0.00669050216674805 -0.4013671875 0.58306884765625
-0.0081181526184082 0.00523805618286133 0.096588134765625 0.482666015625
-0.00432014465332031 0.00478696823120117 0.327606201171875 0.0679931640625
0.0128574371337891 0.00754356384277344 0.273895263671875 -0.229598999023437
-0.000177145004272461 0.000728905200958252 -0.203628540039063 0.23846435546875
0.00382804870605469 -0.00827836990356445 -0.287384033203125 -0.067169189453125
-0.000824451446533203 0.00305962562561035 -0.16033935546875 -0.46820068359375
0.00917625427246094 0.0233154296875 0.29620361328125 -0.60821533203125
-0.0219383239746094 0.00647354125976563 0.80010986328125 -0.04620361328125
-0.0392570495605469 -0.0423202514648438 0.63153076171875 0.723876953125
0.0213890075683594 -0.0126876831054688 0.049072265625 0.69091796875
0.0395469665527344 8.7738037109375E-05 0.0375595092773438 0.0858306884765625
0.01947021484375 -0.0131778717041016 0.125244140625 -0.6378173828125
0.00962066650390625 -0.0382118225097656 -0.509765625 -0.82952880859375
-0.00382804870605469 -0.0183887481689453 -0.8909912109375 -0.0227661132812499
-0.00883674621582031 0.0037851333618164 -0.40142822265625 0.5830078125
-0.00729036331176758 0.001495361328125 0.099853515625 0.480255126953125
-0.00370287895202637 0.00256061553955078 0.331390380859375 0.0675048828125
0.0148563385009766 0.0100688934326172 0.274505615234375 -0.2293701171875
0.000361204147338867 0.00180375576019287 -0.20379638671875 0.2376708984375
0.0042266845703125 -0.0111713409423828 -0.283966064453125 -0.06805419921875
-0.000152349472045899 -0.00261878967285156 -0.154296875 -0.47015380859375
0.00964164733886719 0.0194187164306641 0.30194091796875 -0.60247802734375
-0.0190563201904297 0.00867080688476563 0.79791259765625 -0.03466796875
-0.0345878601074219 -0.0358200073242188 0.62359619140625 0.73284912109375
0.0215091705322266 -0.00356292724609375 0.0411376953125001 0.69097900390625
0.0345630645751953 0.00839042663574219 0.0380401611328125 0.0844192504882813
0.0195426940917969 -0.00415229797363281 0.1231689453125 -0.637451171875
0.0127315521240234 -0.0309066772460937 -0.51202392578125 -0.8226318359375
-0.000861167907714843 -0.0150241851806641 -0.8887939453125 -0.01312255859375
-0.00717258453369141 0.00118446350097656 -0.39508056640625 0.58245849609375
-0.00620603561401367 -0.00313091278076172 0.10455322265625 0.480010986328125
-0.00321888923645019 0.000491142272949219 0.3350830078125 0.066680908203125
0.0158252716064453 0.0103731155395508 0.273269653320312 -0.231475830078125
-0.00151228904724121 0.000937461853027344 -0.207504272460938 0.237030029296875
0.00538444519042969 -0.0125608444213867 -0.282867431640625 -0.069427490234375
-0.000201702117919921 -0.00873947143554688 -0.14678955078125 -0.473358154296875
0.0105009078979492 0.0159721374511719 0.31085205078125 -0.601318359375
-0.0165643692016602 0.0107574462890625 0.802490234375 -0.02459716796875
-0.0303745269775391 -0.0292186737060547 0.61407470703125 0.7432861328125
0.0220165252685547 0.00472640991210938 0.0342407226562501 0.69268798828125
0.0307064056396484 0.0161552429199219 0.0386810302734375 0.0793685913085938
0.0190544128417969 0.00355911254882813 0.116943359375 -0.64141845703125
0.0158729553222656 -0.0244884490966797 -0.52496337890625 -0.81488037109375
0.00265407562255859 -0.0131864547729492 -0.88751220703125 0.0025024414062499
-0.00618362426757813 -0.00363826751708984 -0.3853759765625 0.5882568359375
-0.00364828109741211 -0.00860881805419922 0.11309814453125 0.4775390625
-0.0017704963684082 -0.00145137310028076 0.338043212890625 0.0650634765625
0.0141286849975586 0.00924205780029297 0.272491455078125 -0.23419189453125
-0.00338101387023926 -0.000442981719970703 -0.212493896484375 0.234893798828125
0.00606632232666016 -0.0143213272094727 -0.28265380859375 -0.0709228515625
0.000415802001953124 -0.0142278671264648 -0.138519287109375 -0.47735595703125
0.0115928649902344 0.0119209289550781 0.32391357421875 -0.59765625
-0.0136346817016602 0.0112924575805664 0.80511474609375 -0.009033203125
-0.0272331237792969 -0.0232582092285156 0.60003662109375 0.754150390625
0.0207576751708984 0.0109119415283203 0.0249633789062499 0.6851806640625
0.0270214080810547 0.0212135314941406 0.041015625 0.0725631713867188
0.0181674957275391 0.0102996826171875 0.10760498046875 -0.647216796875
0.0180282592773438 -0.0187091827392578 -0.53997802734375 -0.8016357421875
0.00648403167724609 -0.0112533569335938 -0.8824462890625 0.0177001953125
-0.00445938110351562 -0.00747489929199219 -0.36981201171875 0.591796875
-0.00245475769042969 -0.015070915222168 0.123046875 0.47479248046875
-0.00128030776977539 -0.00379443168640137 0.33880615234375 0.0643310546875
0.0121040344238281 0.00767803192138672 0.269638061523438 -0.237152099609375
-0.00500965118408203 -0.00302648544311523 -0.218673706054688 0.232772827148437
0.00521564483642578 -0.014378547668457 -0.285552978515625 -0.07470703125
0.00284385681152344 -0.0196151733398438 -0.129150390625 -0.47845458984375
0.0135107040405273 0.00823974609375 0.33734130859375 -0.59222412109375
-0.0114641189575195 0.0120143890380859 0.80694580078125 0.0040283203125
-0.0257701873779297 -0.0196418762207031 0.5850830078125 0.763427734375
0.0204257965087891 0.0142364501953125 0.01446533203125 0.68072509765625
0.0246982574462891 0.0238189697265625 0.0439300537109375 0.0643119812011719
0.0170354843139648 0.0127239227294922 0.09716796875 -0.652587890625
0.0190277099609375 -0.0154209136962891 -0.55413818359375 -0.79315185546875
0.00883960723876953 -0.0105915069580078 -0.8818359375 0.0334472656250001
-0.00278091430664062 -0.0109758377075195 -0.35693359375 0.595947265625
-0.000408172607421877 -0.0203781127929687 0.132354736328125 0.4720458984375
-0.0007781982421875 -0.00468111038208008 0.33837890625 0.062408447265625
0.00877666473388672 0.00536251068115234 0.265213012695313 -0.239349365234375
-0.0087881088256836 -0.00796127319335937 -0.215347290039062 0.241256713867188
0.00355386734008789 -0.00145578384399414 -0.304962158203125 -0.06768798828125
0.000205039978027344 0.00503730773925781 -0.167877197265625 -0.467803955078125
0.0110225677490234 0.0251693725585937 0.29888916015625 -0.615234375
-0.0234870910644531 0.00201034545898438 0.80657958984375 -0.05438232421875
-0.0495376586914062 -0.0528755187988281 0.6302490234375 0.71331787109375
0.0172462463378906 -0.0284843444824219 0.0489501953125001 0.67376708984375
0.0455398559570313 -0.0177230834960938 0.0447883605957031 0.0698394775390625
0.0164756774902344 -0.0291461944580078 0.11114501953125 -0.6549072265625
1.90734863281245E-05 -0.0498313903808594 -0.53692626953125 -0.82269287109375
-0.00731277465820313 -0.0237808227539063 -0.89105224609375 0.00262451171875009
-0.00635671615600586 0.00648355484008789 -0.3792724609375 0.59527587890625
-0.0065302848815918 0.00403785705566406 0.1097412109375 0.48565673828125
-0.00548648834228516 0.00851249694824219 0.322235107421875 0.063690185546875
0.00720310211181641 0.00102663040161133 0.266326904296875 -0.236099243164063
-0.00476932525634766 -0.0037384033203125 -0.207183837890625 0.242385864257813
0.00423836708068848 -0.00334405899047852 -0.299652099609375 -0.065704345703125
0.000627517700195312 0.00766944885253906 -0.171478271484375 -0.4669189453125
0.0101585388183594 0.0256309509277344 0.29229736328125 -0.61480712890625
-0.0242519378662109 0.0029449462890625 0.803466796875 -0.058349609375
-0.0477066040039063 -0.0511512756347656 0.639892578125 0.71392822265625
0.0187149047851563 -0.0264911651611328 0.05377197265625 0.68255615234375
0.0451202392578125 -0.0139656066894531 0.0422210693359375 0.0773544311523438
0.0175323486328125 -0.0270252227783203 0.117431640625 -0.64935302734375
0.00233078002929688 -0.0484580993652344 -0.528564453125 -0.83135986328125
-0.00799560546875 -0.0225238800048828 -0.8953857421875 -0.0093383789062502
-0.00839948654174805 0.00672340393066406 -0.390625 0.59173583984375
-0.00708198547363281 0.00619173049926758 0.103668212890625 0.48553466796875
-0.00630998611450195 0.00686931610107422 0.324798583984375 0.0631103515625
0.011479377746582 0.00589561462402344 0.266372680664063 -0.234115600585937
-0.00128459930419922 -0.00134706497192383 -0.20306396484375 0.243133544921875
0.00501585006713867 -0.00481653213500977 -0.29498291015625 -0.064971923828125
-0.000358104705810547 0.00641489028930664 -0.170562744140625 -0.465972900390625
0.00934791564941406 0.0254898071289063 0.28594970703125 -0.61328125
-0.0238742828369141 0.0048828125 0.80029296875 -0.05963134765625
-0.0445899963378906 -0.0477027893066406 0.6431884765625 0.716064453125
0.0201873779296875 -0.0203094482421875 0.05633544921875 0.68707275390625
0.0433197021484375 -0.0079498291015625 0.039764404296875 0.0826950073242188
0.0191936492919922 -0.0208835601806641 0.12176513671875 -0.6427001953125
0.00547027587890625 -0.0461235046386719 -0.51995849609375 -0.83087158203125
-0.00716590881347656 -0.0208663940429688 -0.89422607421875 -0.0113525390624999
-0.00857400894165039 0.00726604461669922 -0.39501953125 0.59283447265625
-0.00777149200439453 0.00551128387451172 0.103057861328125 0.484466552734375
-0.00463771820068359 0.00441360473632813 0.3297119140625 0.06402587890625
0.0131292343139648 0.00769233703613281 0.2718505859375 -0.234573364257813
0.000906705856323242 0.000913321971893311 -0.199783325195313 0.242706298828125
0.00511455535888672 -0.0080413818359375 -0.290283203125 -0.0646057128906249
-0.000754833221435547 0.0037999153137207 -0.16790771484375 -0.466156005859375
0.00998497009277344 0.0222911834716797 0.2862548828125 -0.6136474609375
-0.0227127075195313 0.00714111328125 0.8017578125 -0.0560302734375
-0.0407676696777344 -0.0416259765625 0.6434326171875 0.7205810546875
0.0209846496582031 -0.0137195587158203 0.05767822265625 0.6905517578125
0.0396957397460938 -0.000690460205078125 0.0389785766601562 0.0852279663085938
0.0207729339599609 -0.0138759613037109 0.1192626953125 -0.64166259765625
0.00899505615234375 -0.038970947265625 -0.52276611328125 -0.827880859375
-0.00475692749023438 -0.0178642272949219 -0.89581298828125 -0.00897216796875002
-0.00847005844116211 0.00412225723266601 -0.3948974609375 0.5921630859375
-0.00803184509277344 0.00285816192626953 0.10516357421875 0.4835205078125
-0.0038604736328125 0.00312185287475586 0.33367919921875 0.063201904296875
0.0160980224609375 0.00892829895019531 0.27166748046875 -0.234375
0.000841617584228516 0.00267601013183594 -0.200363159179688 0.24090576171875
0.00511550903320313 -0.0101451873779297 -0.286285400390625 -0.065277099609375
-0.000565052032470703 -0.00164389610290527 -0.161224365234375 -0.4703369140625
0.0100879669189453 0.0198383331298828 0.294189453125 -0.60870361328125
-0.0194454193115234 0.00864410400390625 0.80133056640625 -0.045654296875
-0.035552978515625 -0.034942626953125 0.63507080078125 0.728271484375
0.0220203399658203 -0.0036468505859375 0.0491943359375 0.691162109375
0.0350933074951172 0.00725555419921875 0.0388031005859375 0.0834579467773438
0.0195960998535156 -0.00401687622070313 0.11724853515625 -0.64093017578125
0.0122871398925781 -0.032257080078125 -0.526123046875 -0.818603515625
-0.00097370147705078 -0.0158100128173828 -0.8935546875 -0.00134277343749987
-0.00778341293334961 0.00132894515991211 -0.38983154296875 0.59295654296875
-0.007171630859375 -0.00293350219726563 0.1094970703125 0.481353759765625
-0.00232505798339844 0.000430345535278321 0.336578369140625 0.06304931640625
0.0164432525634766 0.0102005004882812 0.272018432617188 -0.236083984375
0.000189423561096191 0.00142025947570801 -0.204803466796875 0.239974975585938
0.00583457946777344 -0.0128278732299805 -0.28564453125 -0.065673828125
-0.000592708587646485 -0.00813531875610352 -0.155303955078125 -0.473541259765625
0.0108757019042969 0.0153141021728516 0.3043212890625 -0.60662841796875
-0.0166196823120117 0.0104990005493164 0.80609130859375 -0.0340576171875
-0.0312004089355469 -0.0277729034423828 0.62689208984375 0.73974609375
0.0222320556640625 0.0040283203125 0.04351806640625 0.6925048828125
0.0318126678466797 0.0157184600830078 0.0398025512695312 0.0800933837890625
0.0192775726318359 0.00362014770507813 0.1082763671875 -0.64471435546875
0.0160274505615234 -0.0250587463378906 -0.5382080078125 -0.81121826171875
0.00276279449462891 -0.0135555267333984 -0.8929443359375 0.0137329101562499
-0.00633049011230469 -0.00227785110473633 -0.37884521484375 0.59661865234375
-0.00338888168334961 -0.00850152969360352 0.11859130859375 0.477294921875
-0.0011821985244751 -0.00204885005950928 0.34014892578125 0.061065673828125
0.0155048370361328 0.00980758666992187 0.269821166992188 -0.238677978515625
-0.00226068496704102 -0.000348806381225586 -0.209579467773437 0.237823486328125
0.00559139251708984 -0.0135688781738281 -0.28509521484375 -0.0681457519531249
7.15255737304682E-05 -0.0148630142211914 -0.146820068359375 -0.477996826171875
0.0121603012084961 0.0109729766845703 0.3184814453125 -0.6024169921875
-0.0136947631835938 0.0121574401855469 0.8079833984375 -0.01800537109375
-0.0284366607666016 -0.0229072570800781 0.6121826171875 0.749755859375
0.021881103515625 0.0114192962646484 0.0341796875000001 0.6883544921875
0.0271110534667969 0.0209503173828125 0.0415420532226562 0.0725631713867187
0.0182476043701172 0.00969123840332031 0.10040283203125 -0.6492919921875
0.0170478820800781 -0.0191726684570313 -0.5513916015625 -0.7984619140625
0.00655841827392578 -0.0125112533569336 -0.88800048828125 0.0291137695312502
-0.00468063354492188 -0.0069737434387207 -0.36541748046875 0.600341796875
-0.00226306915283203 -0.014561653137207 0.130950927734375 0.4755859375
-0.000551223754882812 -0.00384902954101562 0.3408203125 0.059417724609375
0.0126380920410156 0.00739288330078125 0.267608642578125 -0.2425537109375
-0.00405120849609375 -0.00227260589599609 -0.214828491210938 0.23626708984375
0.00562286376953125 -0.0133419036865234 -0.28741455078125 -0.07171630859375
0.00234603881835938 -0.0195236206054688 -0.136627197265625 -0.478729248046875
0.0132503509521484 0.00774955749511719 0.33111572265625 -0.59832763671875
-0.0120916366577148 0.0125865936279297 0.80950927734375 -0.004638671875
-0.0262870788574219 -0.0186614990234375 0.5999755859375 0.759521484375
0.0209426879882813 0.014678955078125 0.02215576171875 0.68310546875
0.0249080657958984 0.0227069854736328 0.0449104309082031 0.0624122619628906
0.0166015625 0.013545036315918 0.0910034179687501 -0.65667724609375
0.0195884704589844 -0.0161724090576172 -0.56640625 -0.78924560546875
0.009124755859375 -0.0116109848022461 -0.8861083984375 0.0471801757812501
-0.00361919403076172 -0.0101728439331055 -0.35040283203125 0.6043701171875
-0.000738143920898436 -0.0200634002685547 0.138336181640625 0.47314453125
-0.00170040130615234 -0.00480747222900391 0.339630126953125 0.057464599609375
0.00921630859375 0.00452518463134766 0.263656616210938 -0.244247436523438
-0.00729894638061523 -0.00805854797363281 -0.212158203125 0.244277954101563
0.00450420379638672 -0.000634193420410156 -0.307403564453125 -0.064666748046875
0.000622272491455078 0.00541782379150391 -0.175262451171875 -0.466461181640625
0.0112285614013672 0.0238628387451172 0.289306640625 -0.618408203125
-0.0239791870117188 0.00181770324707031 0.805908203125 -0.06488037109375
-0.0500907897949219 -0.0509071350097656 0.64202880859375 0.70599365234375
0.0171623229980469 -0.0287818908691406 0.0570068359375 0.67193603515625
0.0451622009277344 -0.0183906555175781 0.0456352233886719 0.0690040588378906
0.0168037414550781 -0.0294761657714844 0.10400390625 -0.65740966796875
-0.000518798828125001 -0.0502471923828125 -0.54815673828125 -0.81634521484375
-0.00811576843261719 -0.0242919921875 -0.89495849609375 0.0152587890625002
-0.00629663467407227 0.00598478317260742 -0.37347412109375 0.6029052734375
-0.00611257553100586 0.00480318069458008 0.11688232421875 0.48565673828125
-0.0055537223815918 0.00845479965209961 0.323822021484375 0.058990478515625
0.0075068473815918 0.00032806396484375 0.262924194335938 -0.240951538085937
-0.00361013412475586 -0.00289082527160645 -0.203506469726563 0.245040893554688
0.00516271591186523 -0.00255107879638672 -0.301788330078125 -0.0622863769531249
-0.000260829925537109 0.00702619552612305 -0.177459716796875 -0.463653564453125
0.0106410980224609 0.0250225067138672 0.28253173828125 -0.61907958984375
-0.0250892639160156 0.00322914123535156 0.804931640625 -0.06866455078125
-0.0487785339355469 -0.05023193359375 0.65106201171875 0.706298828125
0.0193519592285156 -0.0259723663330078 0.0637207031250001 0.681884765625
0.0449638366699219 -0.0149192810058594 0.0426254272460938 0.0766677856445313
0.0187397003173828 -0.0265445709228516 0.10858154296875 -0.6524658203125
0.00167846679687499 -0.0492820739746094 -0.5382080078125 -0.8258056640625
-0.00922203063964843 -0.0230808258056641 -0.89752197265625 0.00366210937499991
-0.00798559188842774 0.0065312385559082 -0.3843994140625 0.59954833984375
-0.00670528411865234 0.00727415084838867 0.1103515625 0.485809326171875
-0.00468158721923828 0.00719022750854492 0.3265380859375 0.058380126953125
0.010828971862793 0.00466346740722656 0.263931274414063 -0.23919677734375
-0.00063931941986084 -0.00034630298614502 -0.19927978515625 0.246383666992188
0.00556564331054688 -0.00468683242797852 -0.296356201171875 -0.06146240234375
-4.81605529785155E-05 0.0064544677734375 -0.177459716796875 -0.46441650390625
0.0103549957275391 0.0244903564453125 0.27685546875 -0.61737060546875
-0.0235424041748047 0.00485610961914063 0.80029296875 -0.0689697265625
-0.0457229614257813 -0.0463981628417969 0.65362548828125 0.70745849609375
0.0195598602294922 -0.0204830169677734 0.06549072265625 0.68817138671875
0.0438957214355469 -0.00858306884765625 0.040771484375 0.0825881958007813
0.0193862915039063 -0.0211696624755859 0.11273193359375 -0.6458740234375
0.00506973266601562 -0.0452842712402344 -0.53167724609375 -0.82415771484375
-0.0068206787109375 -0.0216445922851563 -0.89764404296875 -0.000122070312499958
-0.00907325744628906 0.00637340545654297 -0.38873291015625 0.59906005859375
-0.00801897048950195 0.00542402267456055 0.110321044921875 0.4849853515625
-0.00418853759765625 0.00574970245361328 0.331298828125 0.0599365234375
0.0133333206176758 0.00689411163330078 0.268463134765625 -0.239273071289063
0.00184082984924316 0.00191867351531982 -0.1964111328125 0.244400024414063
0.00571441650390625 -0.00803947448730469 -0.291290283203125 -0.0611877441406249
-0.000717401504516602 0.00380325317382813 -0.17620849609375 -0.467376708984375
0.0100994110107422 0.0218658447265625 0.27899169921875 -0.61724853515625
-0.0225696563720703 0.0069580078125 0.80218505859375 -0.06536865234375
-0.0420951843261719 -0.0402450561523437 0.655517578125 0.71240234375
0.021697998046875 -0.0135021209716797 0.0665283203125 0.6904296875
0.0400962829589844 -0.00151443481445313 0.0402908325195312 0.0845489501953125
0.0205764770507813 -0.0137062072753906 0.11029052734375 -0.6441650390625
0.00797653198242188 -0.0399894714355469 -0.5347900390625 -0.82049560546875
-0.0054168701171875 -0.0190391540527344 -0.8997802734375 0.00390625000000012
-0.00872421264648438 0.00449085235595703 -0.3883056640625 0.600341796875
-0.00679492950439453 0.00249814987182617 0.111083984375 0.48297119140625
-0.00413942337036133 0.00371336936950684 0.335174560546875 0.05853271484375
0.0166454315185547 0.00927066802978516 0.268814086914063 -0.238784790039063
0.00175952911376953 0.00278544425964355 -0.197006225585938 0.243743896484375
0.00530815124511719 -0.00952720642089844 -0.28814697265625 -0.0618896484375
-0.000521302223205566 -0.00191318988800049 -0.168121337890625 -0.468048095703125
0.00969123840332031 0.0190410614013672 0.2862548828125 -0.61370849609375
-0.0196018218994141 0.00926208496093749 0.80218505859375 -0.0552978515625
-0.0361480712890625 -0.0331764221191406 0.6478271484375 0.721435546875
0.0226383209228516 -0.0047149658203125 0.0594482421874999 0.69097900390625
0.0357322692871094 0.00772857666015625 0.0400390625 0.08392333984375
0.0198860168457031 -0.0051116943359375 0.1087646484375 -0.644287109375
0.0119571685791016 -0.0325336456298828 -0.53790283203125 -0.814697265625
-0.00224971771240234 -0.0169353485107422 -0.89630126953125 0.0101928710937498
-0.0074462890625 0.000689506530761718 -0.38409423828125 0.60101318359375
-0.00590896606445313 -0.00256919860839844 0.117401123046875 0.480255126953125
-0.00285530090332031 0.000788927078247071 0.3389892578125 0.058349609375
0.0164661407470703 0.00911331176757813 0.268814086914063 -0.240768432617188
0.000456333160400391 0.00194716453552246 -0.20068359375 0.242706298828125
0.00556278228759766 -0.0114040374755859 -0.28607177734375 -0.062774658203125
-0.00101613998413086 -0.0076146125793457 -0.162567138671875 -0.471954345703125
0.0112676620483398 0.0149402618408203 0.29620361328125 -0.61053466796875
-0.016474723815918 0.0103826522827148 0.80499267578125 -0.04364013671875
-0.0321292877197266 -0.0273609161376953 0.6373291015625 0.73333740234375
0.0225181579589844 0.00372886657714844 0.0515747070312499 0.69268798828125
0.0316219329833984 0.0147819519042969 0.0403594970703125 0.0789337158203125
0.0192127227783203 0.00310897827148438 0.10125732421875 -0.64703369140625
0.0150623321533203 -0.0258426666259766 -0.54815673828125 -0.80572509765625
0.0024118423461914 -0.0143899917602539 -0.89453125 0.0256958007812499
-0.00619077682495117 -0.0030217170715332 -0.37237548828125 0.60565185546875
-0.00428199768066406 -0.00829029083251953 0.125335693359375 0.47747802734375
-0.00122177600860596 -0.00205445289611816 0.342437744140625 0.056610107421875
0.0161657333374023 0.00848960876464844 0.2664794921875 -0.243881225585938
-0.00127613544464111 0.000140309333801269 -0.206207275390625 0.241470336914062
0.00638580322265625 -0.0131292343139648 -0.287445068359375 -0.065673828125
0.000564575195312499 -0.0142898559570313 -0.15338134765625 -0.476837158203125
0.0120096206665039 0.0109338760375977 0.30902099609375 -0.60784912109375
-0.0138072967529297 0.011988639831543 0.80950927734375 -0.029296875
-0.0287380218505859 -0.0219936370849609 0.6243896484375 0.74395751953125
0.0218372344970703 0.0101833343505859 0.04052734375 0.686767578125
0.0277385711669922 0.0199108123779297 0.042724609375 0.0709381103515625
0.0189762115478516 0.0103206634521484 0.092529296875 -0.651611328125
0.0172595977783203 -0.0204353332519531 -0.5638427734375 -0.79150390625
0.00603771209716797 -0.0134716033935547 -0.8907470703125 0.0428466796875
-0.00521421432495117 -0.00739479064941406 -0.35760498046875 0.6097412109375
-0.00228404998779297 -0.0142612457275391 0.13580322265625 0.47479248046875
-0.000432729721069336 -0.00375080108642578 0.342071533203125 0.054656982421875
0.0123224258422852 0.00681686401367187 0.26397705078125 -0.246414184570313
-0.00308942794799805 -0.00185179710388184 -0.212005615234375 0.238800048828125
0.00674533843994141 -0.0129537582397461 -0.289276123046875 -0.067901611328125
0.0021820068359375 -0.0196685791015625 -0.144378662109375 -0.4783935546875
0.0136451721191406 0.00717258453369141 0.32208251953125 -0.604248046875
-0.0118865966796875 0.0115861892700195 0.8109130859375 -0.01483154296875
-0.0273361206054688 -0.0177650451660156 0.60906982421875 0.75115966796875
0.0212345123291016 0.0143470764160156 0.0316162109375 0.6806640625
0.0252952575683594 0.0221786499023438 0.045562744140625 0.0623245239257812
0.0179386138916016 0.0131797790527344 0.0821533203124999 -0.6583251953125
0.0186614990234375 -0.0170001983642578 -0.5804443359375 -0.7825927734375
0.00900459289550781 -0.0124025344848633 -0.88677978515625 0.0595092773437501
-0.00392723083496094 -0.0112438201904297 -0.343017578125 0.61083984375
-0.000162124633789064 -0.0195503234863281 0.145263671875 0.4720458984375
-0.000920772552490234 -0.00457048416137695 0.341400146484375 0.0531005859375
0.00924777984619141 0.0045623779296875 0.259857177734375 -0.249008178710937
-0.0065608024597168 -0.00781965255737305 -0.2073974609375 0.2474365234375
0.00461912155151367 0.0001373291015625 -0.30859375 -0.059844970703125
1.76429748535161E-05 0.00547885894775391 -0.1837158203125 -0.464111328125
0.0113925933837891 0.0241813659667969 0.28173828125 -0.62255859375
-0.0239791870117188 0.00288772583007813 0.80535888671875 -0.075927734375
-0.0514869689941406 -0.0494155883789063 0.65277099609375 0.69805908203125
0.0170631408691406 -0.0289955139160156 0.0660400390625 0.67010498046875
0.0445671081542969 -0.0197296142578125 0.0459442138671875 0.0680084228515625
0.0160465240478516 -0.02874755859375 0.0947875976562501 -0.657958984375
-0.00130462646484375 -0.0513038635253906 -0.56011962890625 -0.8084716796875
-0.00884056091308593 -0.0242671966552734 -0.8961181640625 0.0291137695312501
-0.00641965866088867 0.00655317306518555 -0.3631591796875 0.60986328125
-0.00579309463500977 0.00523853302001953 0.124664306640625 0.484405517578125
-0.00506019592285156 0.0088663101196289 0.324066162109375 0.055084228515625
0.00787544250488281 0.000307083129882813 0.259567260742188 -0.24554443359375
-0.0028226375579834 -0.00309467315673828 -0.19842529296875 0.24755859375
0.00550603866577148 -0.00264453887939453 -0.302398681640625 -0.058837890625
2.1934509277344E-05 0.00739431381225586 -0.185760498046875 -0.46368408203125
0.0108089447021484 0.0240669250488281 0.27447509765625 -0.62249755859375
-0.0249080657958984 0.00343894958496094 0.8045654296875 -0.07977294921875
-0.0502471923828125 -0.0484771728515625 0.6624755859375 0.69769287109375
0.0188350677490234 -0.02606201171875 0.07293701171875 0.68011474609375
0.0448951721191406 -0.0151710510253906 0.0441818237304688 0.0756378173828125
0.0177478790283203 -0.0271396636962891 0.10015869140625 -0.6539306640625
0.00124359130859375 -0.0496482849121094 -0.5511474609375 -0.81787109375
-0.00994300842285156 -0.0233001708984375 -0.897705078125 0.0171508789062502
-0.00734281539916992 0.00711297988891602 -0.3765869140625 0.6077880859375
-0.00718832015991211 0.00741958618164063 0.118255615234375 0.48468017578125
-0.00563812255859375 0.00714111328125 0.3282470703125 0.053070068359375
0.0110931396484375 0.00452709197998047 0.259979248046875 -0.243850708007813
0.000693440437316895 -0.000859200954437256 -0.194900512695312 0.247787475585938
0.00578737258911133 -0.00396347045898438 -0.297119140625 -0.057373046875
-0.000162124633789062 0.00598764419555664 -0.184326171875 -0.46282958984375
0.0101184844970703 0.0239238739013672 0.26776123046875 -0.62139892578125
-0.0241489410400391 0.00592613220214844 0.80133056640625 -0.08184814453125
-0.0467681884765625 -0.0445404052734375 0.6656494140625 0.69866943359375
0.0204181671142578 -0.0207042694091797 0.07452392578125 0.68463134765625
0.0432853698730469 -0.00971221923828125 0.041748046875 0.0818328857421875
0.0189857482910156 -0.0213413238525391 0.10455322265625 -0.64691162109375
0.00294876098632812 -0.0457992553710938 -0.54315185546875 -0.81707763671875
-0.00872230529785156 -0.0224590301513672 -0.89727783203125 0.0138549804687502
-0.00924587249755859 0.00658893585205078 -0.38018798828125 0.60809326171875
-0.0082864761352539 0.00622034072875977 0.11749267578125 0.482635498046875
-0.0044856071472168 0.0054926872253418 0.33184814453125 0.054718017578125
0.0140056610107422 0.00631332397460938 0.265060424804688 -0.242889404296875
0.00321769714355469 0.00222897529602051 -0.191253662109375 0.246551513671875
0.00566577911376953 -0.00729846954345703 -0.29296875 -0.0584716796875
-0.000510692596435547 0.00318408012390137 -0.182403564453125 -0.46478271484375
0.0107917785644531 0.0215568542480469 0.27117919921875 -0.62139892578125
-0.0230770111083984 0.00745582580566406 0.80096435546875 -0.07806396484375
-0.042388916015625 -0.0390167236328125 0.66839599609375 0.702880859375
0.0217552185058594 -0.0132484436035156 0.07574462890625 0.6873779296875
0.0404586791992188 -0.00177001953125 0.04107666015625 0.083831787109375
0.0203666687011719 -0.0136089324951172 0.10247802734375 -0.64569091796875
0.00705718994140625 -0.0398712158203125 -0.5467529296875 -0.812744140625
-0.00628852844238281 -0.0206012725830078 -0.8997802734375 0.0170898437500001
-0.00940704345703125 0.00458049774169922 -0.3800048828125 0.6070556640625
-0.00764369964599609 0.0029149055480957 0.11859130859375 0.481048583984375
-0.00314044952392578 0.00379133224487305 0.335205078125 0.053192138671875
0.0160512924194336 0.00845527648925781 0.265548706054688 -0.243484497070313
0.00297904014587402 0.00254297256469727 -0.192184448242187 0.246932983398438
0.00581073760986328 -0.00896549224853516 -0.2891845703125 -0.0589294433593749
-0.000840425491333008 -0.00113308429718018 -0.17730712890625 -0.46710205078125
0.00986289978027344 0.0179042816162109 0.27777099609375 -0.6162109375
-0.0196723937988281 0.00867843627929688 0.80169677734375 -0.06573486328125
-0.0374069213867188 -0.0323410034179688 0.6588134765625 0.7113037109375
0.0220813751220703 -0.00443840026855469 0.067626953125 0.6904296875
0.0355415344238281 0.00669097900390625 0.040191650390625 0.082275390625
0.0204944610595703 -0.00439071655273437 0.0997314453125 -0.6453857421875
0.0113468170166016 -0.0337963104248047 -0.55084228515625 -0.807373046875
-0.002227783203125 -0.0174121856689453 -0.89862060546875 0.0247192382812499
-0.00845527648925781 0.00155115127563476 -0.37457275390625 0.607421875
-0.00544404983520508 -0.00190258026123047 0.12347412109375 0.48004150390625
-0.00172209739685059 0.000545263290405273 0.339019775390625 0.0523681640625
0.0169429779052734 0.00901126861572266 0.265060424804688 -0.245346069335938
0.00192689895629883 0.00159645080566406 -0.196548461914063 0.245681762695313
0.00550937652587891 -0.0111141204833984 -0.28851318359375 -0.059478759765625
-0.000879764556884766 -0.00730228424072266 -0.17108154296875 -0.469512939453125
0.0108118057250977 0.0141534805297852 0.28790283203125 -0.61517333984375
-0.0169820785522461 0.0111942291259766 0.804931640625 -0.05560302734375
-0.0331077575683594 -0.0260658264160156 0.6517333984375 0.72296142578125
0.0227527618408203 0.00357437133789063 0.0610351562500001 0.6900634765625
0.0311126708984375 0.0141487121582031 0.0417098999023437 0.078125
0.0194664001464844 0.00339508056640625 0.0904541015624999 -0.648193359375
0.013916015625 -0.0261993408203125 -0.5614013671875 -0.79827880859375
0.00128841400146484 -0.0150871276855469 -0.8936767578125 0.0398559570312501
-0.00698995590209961 -0.00307226181030273 -0.36566162109375 0.6126708984375
-0.00367975234985352 -0.00818204879760742 0.1331787109375 0.47662353515625
-0.00168836116790771 -0.00116705894470215 0.34259033203125 0.051025390625
0.0155181884765625 0.00806903839111328 0.263626098632813 -0.247955322265625
-0.000527709722518921 0.000528991222381592 -0.201324462890625 0.243911743164063
0.00671863555908203 -0.0123786926269531 -0.288848876953125 -0.0617370605468749
-0.000463485717773436 -0.013737678527832 -0.1617431640625 -0.47467041015625
0.0124750137329102 0.009124755859375 0.298828125 -0.611083984375
-0.0142345428466797 0.0119552612304687 0.80828857421875 -0.04119873046875
-0.0295314788818359 -0.0204238891601562 0.63653564453125 0.73455810546875
0.0226097106933594 0.0104045867919922 0.051025390625 0.68603515625
0.028076171875 0.0187969207763672 0.043243408203125 0.0706100463867188
0.0192794799804688 0.0094146728515625 0.0821533203125 -0.65277099609375
0.0174713134765625 -0.0205745697021484 -0.57696533203125 -0.78564453125
0.00506210327148437 -0.0142459869384766 -0.89129638671875 0.0545654296875001
-0.00587034225463867 -0.00715303421020508 -0.349365234375 0.6158447265625
-0.00259304046630859 -0.0139245986938477 0.144500732421875 0.473907470703125
-0.00103521347045898 -0.003143310546875 0.3436279296875 0.049346923828125
0.0134429931640625 0.00666332244873047 0.260650634765625 -0.250442504882813
-0.00115728378295898 -0.00216817855834961 -0.207000732421875 0.240921020507813
0.00665950775146484 -0.0123701095581055 -0.29010009765625 -0.0643310546875001
0.00181961059570313 -0.0191478729248047 -0.151947021484375 -0.477081298828125
0.0135345458984375 0.0063018798828125 0.31292724609375 -0.60675048828125
-0.0113277435302734 0.0129909515380859 0.8114013671875 -0.02581787109375
-0.0279140472412109 -0.0163669586181641 0.62200927734375 0.7423095703125
0.0216045379638672 0.0139026641845703 0.0400390625 0.67962646484375
0.0255508422851563 0.0221366882324219 0.0459403991699219 0.0611686706542969
0.0175361633300781 0.0128879547119141 0.0738525390625 -0.65838623046875
0.0178184509277344 -0.0177879333496094 -0.5894775390625 -0.77569580078125
0.00779914855957031 -0.0136251449584961 -0.886962890625 0.0725708007812498
-0.00469779968261719 -0.0106391906738281 -0.33551025390625 0.61846923828125
-0.00127792358398437 -0.0189990997314453 0.152069091796875 0.471343994140625
-0.00122404098510742 -0.00455570220947266 0.342620849609375 0.048828125
0.00981616973876953 0.00432300567626953 0.256118774414063 -0.253402709960938
-0.00573253631591797 -0.00768470764160156 -0.202804565429687 0.248992919921875
0.00534915924072266 0.000675678253173828 -0.309051513671875 -0.05609130859375
0.000331878662109374 0.00562858581542969 -0.191070556640625 -0.458892822265625
0.0120067596435547 0.0227756500244141 0.26934814453125 -0.62445068359375
-0.0243415832519531 0.00255775451660156 0.80133056640625 -0.08587646484375
-0.0520744323730469 -0.0480766296386719 0.66217041015625 0.68658447265625
0.0173835754394531 -0.0286445617675781 0.0751342773437499 0.6668701171875
0.0445480346679688 -0.020233154296875 0.0465354919433594 0.0674324035644531
0.0162162780761719 -0.0287342071533203 0.0849609375 -0.65875244140625
-0.0028076171875 -0.0507926940917969 -0.57110595703125 -0.8001708984375
-0.00864601135253906 -0.0247611999511719 -0.893798828125 0.0408935546875
-0.00607490539550781 0.00640249252319336 -0.3548583984375 0.6141357421875
-0.005706787109375 0.00599002838134765 0.130462646484375 0.48260498046875
-0.00485897064208984 0.00898265838623047 0.324462890625 0.04986572265625
0.00793647766113281 -0.000583648681640625 0.255783081054688 -0.248641967773438
-0.00136470794677734 -0.00212430953979492 -0.194000244140625 0.24896240234375
0.00586128234863281 -0.00262594223022461 -0.302947998046875 -0.054901123046875
3.81469726562477E-06 0.00716352462768555 -0.1932373046875 -0.459320068359375
0.0113391876220703 0.02325439453125 0.26422119140625 -0.62347412109375
-0.0256690979003906 0.00439453125 0.80010986328125 -0.09130859375
-0.0500831604003906 -0.0465278625488281 0.67169189453125 0.68603515625
0.0191993713378906 -0.0259571075439453 0.0823974609375001 0.67510986328125
0.0455551147460938 -0.0161247253417969 0.0449295043945312 0.0748825073242187
0.0181598663330078 -0.0262718200683594 0.0904541015625001 -0.6531982421875
-0.000728607177734374 -0.0498695373535156 -0.56292724609375 -0.80743408203125
-0.00999832153320312 -0.0241012573242188 -0.89910888671875 0.02935791015625
-0.00784873962402344 0.00744247436523438 -0.36737060546875 0.61376953125
-0.00657844543457031 0.00741243362426758 0.1240234375 0.482421875
-0.00489616394042969 0.0068049430847168 0.327667236328125 0.04864501953125
0.0120010375976563 0.00430583953857422 0.255142211914063 -0.24755859375
0.0015406608581543 0.000408649444580078 -0.190185546875 0.250778198242188
0.00626230239868164 -0.00391006469726563 -0.298583984375 -0.054290771484375
0.000527858734130859 0.00718498229980469 -0.193511962890625 -0.4598388671875
0.0103950500488281 0.0231361389160156 0.2589111328125 -0.62359619140625
-0.0244770050048828 0.00559234619140626 0.7972412109375 -0.09130859375
-0.0472755432128906 -0.0434036254882813 0.67510986328125 0.6868896484375
0.0204429626464844 -0.0211105346679688 0.0840454101562499 0.6807861328125
0.0422821044921875 -0.0109634399414063 0.0429306030273437 0.0805587768554688
0.0187301635742188 -0.02142333984375 0.0963134765625 -0.64739990234375
0.00244903564453125 -0.0463752746582031 -0.55322265625 -0.80755615234375
-0.00880241394042969 -0.0227851867675781 -0.89752197265625 0.0275268554687499
-0.00853633880615234 0.00675773620605469 -0.37127685546875 0.61199951171875
-0.00780200958251953 0.00606918334960937 0.12347412109375 0.480560302734375
-0.00368022918701172 0.00577068328857422 0.332000732421875 0.049346923828125
0.014714241027832 0.00571727752685547 0.261062622070313 -0.24774169921875
0.00368118286132813 0.0023045539855957 -0.187835693359375 0.249099731445313
0.00626850128173828 -0.00653743743896484 -0.294281005859375 -0.054901123046875
0.00010824203491211 0.00367856025695801 -0.190185546875 -0.460723876953125
0.0103302001953125 0.0215263366699219 0.25994873046875 -0.6234130859375
-0.0222911834716797 0.00765609741210938 0.7989501953125 -0.08837890625
-0.0435943603515625 -0.0375137329101563 0.67669677734375 0.69305419921875
0.0219135284423828 -0.0135688781738281 0.0851440429687499 0.68487548828125
0.0399742126464844 -0.00291061401367188 0.0413360595703125 0.0831375122070313
0.0207538604736328 -0.0132637023925781 0.09307861328125 -0.64593505859375
0.00658416748046875 -0.0406227111816406 -0.55718994140625 -0.802734375
-0.00630760192871093 -0.0201377868652344 -0.899169921875 0.0300903320312501
-0.00930976867675781 0.00430488586425781 -0.37164306640625 0.6134033203125
-0.00719738006591797 0.00359535217285156 0.12518310546875 0.479522705078125
-0.00310015678405762 0.00351667404174805 0.336273193359375 0.0484619140625
0.0167369842529297 0.00771713256835938 0.260467529296875 -0.248153686523437
0.00396203994750977 0.00348734855651855 -0.188385009765625 0.248321533203125
0.0058441162109375 -0.00843048095703125 -0.290924072265625 -0.05511474609375
-0.000589489936828613 -0.00177478790283203 -0.184173583984375 -0.462738037109375
0.0106487274169922 0.0176010131835938 0.26739501953125 -0.6180419921875
-0.0194263458251953 0.0100135803222656 0.79888916015625 -0.07745361328125
-0.0378837585449219 -0.03106689453125 0.66644287109375 0.70172119140625
0.0232620239257813 -0.00488662719726563 0.07806396484375 0.6854248046875
0.0357933044433594 0.00571441650390625 0.0407638549804687 0.0816650390625
0.0203800201416016 -0.00534248352050781 0.08941650390625 -0.6451416015625
0.0104408264160156 -0.0328693389892578 -0.56085205078125 -0.79803466796875
-0.00235366821289062 -0.0181713104248047 -0.8956298828125 0.03924560546875
-0.00767803192138672 0.000906944274902344 -0.36431884765625 0.61279296875
-0.00538921356201172 -0.00118255615234375 0.130859375 0.478485107421875
-0.00243258476257324 0.000926733016967773 0.339691162109375 0.04730224609375
0.0168924331665039 0.00876045227050781 0.261154174804688 -0.248321533203125
0.00336551666259766 0.00195980072021484 -0.190475463867188 0.247528076171875
0.00721073150634766 -0.0108747482299805 -0.28912353515625 -0.056610107421875
-0.00104331970214844 -0.00751352310180664 -0.177490234375 -0.4666748046875
0.0111732482910156 0.0134191513061523 0.276611328125 -0.6177978515625
-0.0166416168212891 0.0115337371826172 0.8050537109375 -0.067138671875
-0.0336399078369141 -0.0247001647949219 0.6607666015625 0.7132568359375
0.0231666564941406 0.00359916687011719 0.0709228515625001 0.68707275390625
0.0313320159912109 0.0134353637695312 0.042388916015625 0.0767059326171875
0.0203304290771484 0.00391197204589844 0.0830688476562499 -0.64837646484375
0.0141563415527344 -0.0261688232421875 -0.57232666015625 -0.7880859375
0.00117111206054687 -0.0159358978271484 -0.89410400390625 0.0516967773437499
-0.00668811798095703 -0.00347280502319336 -0.3546142578125 0.616943359375
-0.00421619415283203 -0.00767135620117188 0.14013671875 0.4744873046875
-0.00108397006988525 -0.00141489505767822 0.341827392578125 0.046356201171875
0.0161294937133789 0.00798225402832031 0.259719848632812 -0.250640869140625
0.000837266445159912 0.000761687755584717 -0.196456909179688 0.245590209960937
0.00724029541015625 -0.0121192932128906 -0.289520263671875 -0.05780029296875
-0.000501632690429688 -0.0141029357910156 -0.168914794921875 -0.470550537109375
0.0121669769287109 0.00955677032470703 0.29058837890625 -0.61297607421875
-0.0138826370239258 0.0113754272460938 0.80706787109375 -0.052978515625
-0.0300769805908203 -0.0191612243652344 0.64495849609375 0.72467041015625
0.0236587524414063 0.00992965698242188 0.059814453125 0.68194580078125
0.0281143188476563 0.0186710357666016 0.0441017150878906 0.0696907043457031
0.020050048828125 0.00957107543945313 0.07391357421875 -0.65185546875
0.0161991119384766 -0.0217838287353516 -0.583740234375 -0.776123046875
0.00517463684082031 -0.0145015716552734 -0.889404296875 0.0702514648437498
-0.00571489334106445 -0.00684928894042969 -0.34234619140625 0.62115478515625
-0.00317859649658203 -0.0136518478393555 0.14764404296875 0.470977783203125
-0.00100207328796387 -0.00330591201782227 0.34381103515625 0.044891357421875
0.0128698348999023 0.00646018981933594 0.255706787109375 -0.254165649414063
-0.0010066032409668 -0.00158309936523437 -0.202285766601563 0.24395751953125
0.00776004791259766 -0.0121946334838867 -0.29107666015625 -0.0609130859375
0.000772476196289062 -0.0192794799804688 -0.160125732421875 -0.472686767578125
0.0133905410766602 0.005615234375 0.30279541015625 -0.61077880859375
-0.0119867324829102 0.0124340057373047 0.80877685546875 -0.037353515625
-0.0288829803466797 -0.0154819488525391 0.6326904296875 0.7340087890625
0.0219497680664063 0.0137195587158203 0.0494384765625 0.677001953125
0.0257015228271484 0.0205860137939453 0.0465049743652344 0.0608329772949219
0.0186538696289063 0.0129985809326172 0.0650634765624999 -0.6572265625
0.0174827575683594 -0.01837158203125 -0.600341796875 -0.76519775390625
0.00808238983154297 -0.014409065246582 -0.88421630859375 0.0855102539062498
-0.00448894500732422 -0.0113887786865234 -0.3275146484375 0.62255859375
-0.0023956298828125 -0.0188026428222656 0.157867431640625 0.469146728515625
-0.00121259689331055 -0.00420522689819336 0.3419189453125 0.042755126953125
0.010096549987793 0.00362968444824219 0.250946044921875 -0.256500244140625
-0.00500059127807617 -0.00755977630615234 -0.197265625 0.250335693359375
0.00603055953979492 0.000234603881835938 -0.3096923828125 -0.05218505859375
0.000286579132080078 0.00635337829589844 -0.197235107421875 -0.455078125
0.0116844177246094 0.0223808288574219 0.26123046875 -0.62628173828125
-0.0239887237548828 0.00284194946289062 0.7978515625 -0.09698486328125
-0.0526924133300781 -0.0467071533203125 0.6689453125 0.67498779296875
0.0165042877197266 -0.0289211273193359 0.0823974609374999 0.66180419921875
0.0435104370117188 -0.0203208923339844 0.0472640991210937 0.0665016174316406
0.0159320831298828 -0.0287399291992187 0.0750122070312499 -0.6566162109375
-0.003265380859375 -0.0510177612304688 -0.57965087890625 -0.78729248046875
-0.009918212890625 -0.0257377624511719 -0.89013671875 0.0548095703124998
-0.0068821907043457 0.00624656677246094 -0.34552001953125 0.618408203125
-0.00586557388305664 0.00587987899780273 0.136474609375 0.47918701171875
-0.00483560562133789 0.00857353210449219 0.3243408203125 0.04559326171875
0.00813436508178711 -0.000234127044677734 0.249588012695313 -0.251998901367188
-0.000171184539794922 -0.00280857086181641 -0.188720703125 0.250076293945313
0.00629806518554688 -0.00164127349853516 -0.303131103515625 -0.0503540039062501
6.6757202148437E-05 0.00852060317993164 -0.1993408203125 -0.45465087890625
0.0116481781005859 0.0234603881835938 0.254150390625 -0.62591552734375
-0.0256118774414062 0.00403404235839844 0.79595947265625 -0.10052490234375
-0.0517082214355469 -0.044830322265625 0.67852783203125 0.67498779296875
0.0180873870849609 -0.0268440246582031 0.09075927734375 0.670654296875
0.0442008972167969 -0.0176887512207031 0.0455322265625 0.0744781494140625
0.0177364349365234 -0.0264511108398437 0.08331298828125 -0.65240478515625
-0.0016326904296875 -0.04998779296875 -0.5712890625 -0.79791259765625
-0.0112800598144531 -0.0246849060058594 -0.89666748046875 0.0430297851562501
-0.00806665420532227 0.00705528259277344 -0.35687255859375 0.61663818359375
-0.00689888000488281 0.00719213485717773 0.129638671875 0.47991943359375
-0.00498390197753906 0.00764369964599609 0.32745361328125 0.04425048828125
0.0114841461181641 0.00425243377685547 0.251388549804688 -0.250274658203125
0.00268268585205078 -0.000350236892700195 -0.185333251953125 0.2506103515625
0.00692319869995117 -0.0030369758605957 -0.298431396484375 -0.05047607421875
0.000108242034912109 0.00714778900146484 -0.19927978515625 -0.454498291015625
0.0111179351806641 0.0227317810058594 0.24871826171875 -0.62335205078125
-0.0248908996582031 0.00569534301757813 0.79400634765625 -0.10186767578125
-0.0482826232910156 -0.0413436889648438 0.68145751953125 0.67608642578125
0.0203838348388672 -0.0210628509521484 0.09130859375 0.6746826171875
0.0424003601074219 -0.0109062194824219 0.0434494018554688 0.0802764892578125
0.01873779296875 -0.0214653015136719 0.0855712890624999 -0.64630126953125
0.00153732299804687 -0.0463180541992188 -0.56396484375 -0.7962646484375
-0.009307861328125 -0.0232753753662109 -0.893798828125 0.0395507812500001
-0.00918865203857422 0.0068817138671875 -0.36346435546875 0.616455078125
-0.00753974914550781 0.00625276565551758 0.1295166015625 0.47882080078125
-0.00439262390136719 0.00545167922973633 0.33099365234375 0.04534912109375
0.015289306640625 0.00590419769287109 0.256195068359375 -0.251068115234375
0.00475311279296875 0.0023651123046875 -0.182479858398438 0.250244140625
0.00663280487060547 -0.00645351409912109 -0.29327392578125 -0.050384521484375
-0.000617027282714844 0.0041506290435791 -0.19677734375 -0.45648193359375
0.0106544494628906 0.0198802947998047 0.24969482421875 -0.623046875
-0.0228271484375 0.007659912109375 0.7939453125 -0.09722900390625
-0.0435333251953125 -0.0357666015625 0.68243408203125 0.6822509765625
0.0216217041015625 -0.0142440795898437 0.09454345703125 0.6787109375
0.0393333435058594 -0.00346755981445312 0.0423812866210938 0.081939697265625
0.0199527740478516 -0.0133934020996094 0.08447265625 -0.6434326171875
0.00526046752929687 -0.0404586791992188 -0.5672607421875 -0.79254150390625
-0.00675010681152344 -0.0211963653564453 -0.8956298828125 0.0436401367187501
-0.00904655456542969 0.00485420227050781 -0.3623046875 0.615966796875
-0.00704813003540039 0.0038604736328125 0.130828857421875 0.47613525390625
-0.00325822830200195 0.00324392318725586 0.335296630859375 0.04400634765625
0.0181941986083984 0.00796890258789063 0.256393432617188 -0.25048828125
0.00590944290161133 0.00286054611206055 -0.182510375976562 0.248870849609375
0.00768232345581055 -0.00855588912963867 -0.290985107421875 -0.0516052246093751
-0.00169610977172852 -0.00104761123657227 -0.191162109375 -0.458343505859375
0.0110979080200195 0.0167083740234375 0.2578125 -0.61944580078125
-0.020599365234375 0.00996208190917969 0.795166015625 -0.0858154296875
-0.0388946533203125 -0.0292892456054688 0.673828125 0.69036865234375
0.0228786468505859 -0.00491142272949219 0.084228515625 0.6810302734375
0.0354957580566406 0.00553512573242188 0.0420303344726562 0.0808029174804688
0.0205287933349609 -0.00492668151855469 0.08154296875 -0.64398193359375
0.00953865051269531 -0.0338230133056641 -0.5679931640625 -0.788330078125
-0.00332260131835938 -0.0185317993164063 -0.89111328125 0.05181884765625
-0.00829029083251953 0.00108861923217774 -0.35711669921875 0.6177978515625
-0.00592613220214844 -0.00172233581542969 0.136383056640625 0.47515869140625
-0.00244832038879394 0.00164318084716797 0.33880615234375 0.0426025390625
0.0174961090087891 0.00776767730712891 0.256698608398438 -0.251968383789063
0.00493621826171875 0.002166748046875 -0.186294555664063 0.248672485351563
0.00705337524414063 -0.0108127593994141 -0.28936767578125 -0.0526428222656251
-0.000969886779785156 -0.00705432891845703 -0.18499755859375 -0.462371826171875
0.0108757019042969 0.0126686096191406 0.2664794921875 -0.61810302734375
-0.0169467926025391 0.0111961364746094 0.80029296875 -0.076171875
-0.0332164764404297 -0.0240039825439453 0.666748046875 0.70111083984375
0.0233001708984375 0.00281143188476563 0.07843017578125 0.68243408203125
0.0316944122314453 0.0126152038574219 0.0428466796875 0.0767974853515625
0.0206470489501953 0.00298690795898438 0.07330322265625 -0.64630126953125
0.0131130218505859 -0.0270442962646484 -0.5816650390625 -0.7777099609375
0.00064849853515625 -0.0157785415649414 -0.88970947265625 0.0656127929687502
-0.00739097595214844 -0.00354909896850586 -0.34613037109375 0.621337890625
-0.00446510314941406 -0.00712203979492188 0.144866943359375 0.4722900390625
-0.00161981582641602 -0.00135719776153564 0.34326171875 0.039886474609375
0.0164222717285156 0.00745391845703125 0.25439453125 -0.25482177734375
0.00184357166290283 0.00078129768371582 -0.191207885742188 0.24615478515625
0.00781917572021484 -0.0116720199584961 -0.289154052734375 -0.0543212890625
-0.000738143920898439 -0.0132675170898438 -0.1749267578125 -0.464935302734375
0.0129451751708984 0.00897026062011719 0.28125 -0.61468505859375
-0.0139913558959961 0.0123825073242187 0.8013916015625 -0.062255859375
-0.0300006866455078 -0.0179023742675781 0.653076171875 0.7125244140625
0.0231666564941406 0.0100421905517578 0.06982421875 0.677734375
0.0283679962158203 0.0184726715087891 0.0439300537109375 0.0687141418457031
0.0196380615234375 0.00938606262207031 0.0653686523437501 -0.651123046875
0.0160751342773438 -0.0217342376708984 -0.5947265625 -0.76483154296875
0.00466442108154297 -0.0151700973510742 -0.8858642578125 0.0821533203125002
-0.00589895248413086 -0.0072479248046875 -0.33148193359375 0.6259765625
-0.00311660766601563 -0.0137338638305664 0.155853271484375 0.4688720703125
-0.00103068351745605 -0.0022122859954834 0.343048095703125 0.0394287109375
0.0136537551879883 0.0068206787109375 0.250747680664063 -0.257827758789063
0.000707864761352539 -0.000899791717529297 -0.19805908203125 0.244613647460937
0.00827598571777344 -0.0113325119018555 -0.291473388671875 -0.05694580078125
0.000850677490234377 -0.018798828125 -0.167266845703125 -0.468963623046875
0.0138988494873047 0.00503826141357422 0.29400634765625 -0.61114501953125
-0.0117950439453125 0.0130062103271484 0.80560302734375 -0.04742431640625
-0.0289039611816406 -0.0140132904052734 0.6419677734375 0.7218017578125
0.0225334167480469 0.0135288238525391 0.05914306640625 0.67181396484375
0.0260448455810547 0.0205478668212891 0.0467376708984375 0.0594902038574219
0.0186691284179688 0.0127525329589844 0.05474853515625 -0.65582275390625
0.0161113739013672 -0.0185337066650391 -0.6087646484375 -0.754638671875
0.00710010528564453 -0.0144672393798828 -0.88201904296875 0.0980834960937502
-0.004364013671875 -0.0114536285400391 -0.31768798828125 0.62713623046875
-0.00233268737792969 -0.0192108154296875 0.163604736328125 0.46624755859375
-0.00108242034912109 -0.00397920608520508 0.342498779296875 0.037689208984375
0.0102033615112305 0.00415515899658203 0.24688720703125 -0.2601318359375
-0.00345706939697266 -0.00667142868041992 -0.1929931640625 0.250442504882812
0.00690937042236328 0.00102949142456055 -0.308746337890625 -0.048583984375
0.000481128692626953 0.00691843032836914 -0.202239990234375 -0.450775146484375
0.0124607086181641 0.0220146179199219 0.2506103515625 -0.6260986328125
-0.0246715545654297 0.00295639038085937 0.7923583984375 -0.1063232421875
-0.0526962280273438 -0.04449462890625 0.6734619140625 0.664306640625
0.0167617797851563 -0.0288963317871094 0.0903930664062501 0.65521240234375
0.0432701110839844 -0.0215950012207031 0.0477485656738281 0.0653076171875
0.0153789520263672 -0.0284996032714844 0.068359375 -0.65216064453125
-0.00418853759765625 -0.0504150390625 -0.58575439453125 -0.7764892578125
-0.0108280181884766 -0.0258026123046875 -0.8837890625 0.06597900390625
-0.00639057159423828 0.00644636154174805 -0.33612060546875 0.62255859375
-0.00504255294799805 0.00631237030029297 0.141021728515625 0.4754638671875
-0.00480508804321289 0.00861930847167969 0.322540283203125 0.04010009765625
0.00815725326538086 -0.000309467315673828 0.246047973632813 -0.253662109375
0.000630617141723633 -0.00192594528198242 -0.183517456054688 0.25079345703125
0.00726842880249023 -0.00180435180664063 -0.3023681640625 -0.0466308593749999
0.000370979309082031 0.00824975967407227 -0.203277587890625 -0.44915771484375
0.0117568969726562 0.0221347808837891 0.24468994140625 -0.62408447265625
-0.0256843566894531 0.003997802734375 0.7919921875 -0.1090087890625
-0.0514755249023438 -0.0431175231933594 0.68414306640625 0.66162109375
0.0186634063720703 -0.0262165069580078 0.09796142578125 0.66522216796875
0.0436172485351563 -0.0179824829101563 0.0452880859375 0.0728073120117188
0.018310546875 -0.0263652801513672 0.0728759765625 -0.6484375
-0.00185394287109375 -0.0502357482910156 -0.5787353515625 -0.78668212890625
-0.0120372772216797 -0.0248813629150391 -0.89105224609375 0.0538330078125002
-0.00776147842407227 0.00678253173828125 -0.3486328125 0.62054443359375
-0.00694036483764648 0.00756311416625977 0.13580322265625 0.476165771484375
-0.00481128692626953 0.00766944885253906 0.325592041015625 0.040130615234375
0.0121898651123047 0.00383472442626953 0.246170043945313 -0.251876831054688
0.00342774391174316 0.000552892684936523 -0.180404663085937 0.251434326171875
0.00790786743164063 -0.00324392318725586 -0.297637939453125 -0.0457763671875
-0.000164508819580078 0.00752973556518555 -0.204925537109375 -0.449798583984375
0.0111808776855469 0.0225048065185547 0.24029541015625 -0.624267578125
-0.0247516632080078 0.00656700134277343 0.78900146484375 -0.109130859375
-0.0485572814941406 -0.0393524169921875 0.6866455078125 0.662841796875
0.0199413299560547 -0.0216541290283203 0.09954833984375 0.66815185546875
0.0418930053710938 -0.0119819641113281 0.0436630249023438 0.0787429809570313
0.0187301635742188 -0.0209522247314453 0.0784301757812499 -0.64410400390625
0.000305175781249999 -0.046600341796875 -0.57183837890625 -0.78515625
-0.0103950500488281 -0.0242233276367188 -0.88958740234375 0.0507812499999999
-0.00888442993164063 0.00691509246826172 -0.3515625 0.619384765625
-0.0064082145690918 0.00628232955932617 0.134307861328125 0.47479248046875
-0.00423669815063476 0.00672531127929688 0.330413818359375 0.039947509765625
0.015380859375 0.00435543060302734 0.251876831054688 -0.253372192382813
0.00645303726196289 0.00240755081176758 -0.176834106445313 0.249847412109375
0.00726747512817383 -0.00600385665893555 -0.292816162109375 -0.0467529296875
-0.00023961067199707 0.00415897369384766 -0.2030029296875 -0.450958251953125
0.0112075805664063 0.0197849273681641 0.24029541015625 -0.622314453125
-0.0228157043457031 0.00814437866210937 0.78985595703125 -0.10675048828125
-0.0437469482421875 -0.034820556640625 0.6885986328125 0.66949462890625
0.0223407745361328 -0.0135936737060547 0.100341796875 0.6728515625
0.0393142700195313 -0.00461196899414062 0.0433807373046875 0.0807342529296875
0.0196189880371094 -0.0135574340820313 0.0764160156250001 -0.6416015625
0.00523757934570312 -0.040924072265625 -0.57391357421875 -0.7825927734375
-0.00711250305175781 -0.0215167999267578 -0.89111328125 0.0546874999999999
-0.00923728942871094 0.00440597534179687 -0.35125732421875 0.61968994140625
-0.00610637664794922 0.00404930114746094 0.135498046875 0.47283935546875
-0.0032038688659668 0.00370526313781738 0.33355712890625 0.03924560546875
0.0171184539794922 0.00709342956542969 0.251113891601563 -0.252685546875
0.00629854202270508 0.00321578979492188 -0.177505493164062 0.24884033203125
0.00738668441772461 -0.00833606719970703 -0.2900390625 -0.04736328125
-0.00129485130310059 -0.000983953475952149 -0.1964111328125 -0.452362060546875
0.0110006332397461 0.0160121917724609 0.24993896484375 -0.6201171875
-0.0199260711669922 0.0095062255859375 0.7894287109375 -0.09747314453125
-0.0388641357421875 -0.0281791687011719 0.6807861328125 0.6773681640625
0.0227565765380859 -0.00497817993164062 0.09320068359375 0.675048828125
0.0350303649902344 0.00461387634277344 0.042449951171875 0.0797348022460938
0.0199642181396484 -0.00490570068359375 0.0741577148437501 -0.64056396484375
0.0088043212890625 -0.0334987640380859 -0.5750732421875 -0.7767333984375
-0.00360679626464844 -0.0186862945556641 -0.88739013671875 0.06451416015625
-0.00880527496337891 0.000648498535156248 -0.3468017578125 0.61956787109375
-0.00613737106323242 -0.00087881088256836 0.141448974609375 0.47161865234375
-0.00218379497528076 0.000704050064086914 0.337646484375 0.038055419921875
0.0177288055419922 0.00802230834960938 0.251174926757812 -0.25341796875
0.00562429428100586 0.00257158279418945 -0.181320190429687 0.248764038085938
0.00776576995849609 -0.0102462768554688 -0.2880859375 -0.048492431640625
-0.00153684616088867 -0.00695323944091797 -0.1900634765625 -0.45758056640625
0.0104455947875977 0.0119218826293945 0.25665283203125 -0.61688232421875
-0.0169754028320313 0.0113039016723633 0.7943115234375 -0.08538818359375
-0.0337734222412109 -0.0226345062255859 0.6734619140625 0.6895751953125
0.0236129760742188 0.00288009643554688 0.08697509765625 0.67608642578125
0.0313720703125 0.0122966766357422 0.0431671142578125 0.0754623413085938
0.0207004547119141 0.00273323059082031 0.06585693359375 -0.64422607421875
0.0121726989746094 -0.0273933410644531 -0.58831787109375 -0.76702880859375
0.000474929809570314 -0.0171308517456055 -0.885009765625 0.0775146484374999
-0.00751638412475586 -0.00310802459716797 -0.336669921875 0.62335205078125
-0.00402641296386719 -0.00736761093139649 0.15008544921875 0.46783447265625
-0.00103187561035156 -0.00116574764251709 0.341156005859375 0.03631591796875
0.0166902542114258 0.00743484497070313 0.249954223632813 -0.2564697265625
0.00300502777099609 0.00137042999267578 -0.186279296875 0.2471923828125
0.00797080993652344 -0.0112400054931641 -0.289886474609375 -0.050567626953125
-0.000996589660644531 -0.0127038955688477 -0.18243408203125 -0.45977783203125
0.0120162963867187 0.00808334350585938 0.27044677734375 -0.61541748046875
-0.0142135620117188 0.0124273300170898 0.79779052734375 -0.0714111328125
-0.0306587219238281 -0.0161819458007812 0.65887451171875 0.70147705078125
0.023590087890625 0.00963592529296875 0.0748291015625 0.67120361328125
0.0287036895751953 0.0178165435791016 0.0440750122070312 0.0679588317871094
0.0204048156738281 0.00890731811523438 0.0570678710937501 -0.6466064453125
0.01531982421875 -0.0219078063964844 -0.6004638671875 -0.75482177734375
0.00412654876708984 -0.0158367156982422 -0.88031005859375 0.0928344726562501
-0.00556325912475586 -0.00736045837402344 -0.3218994140625 0.62677001953125
-0.00353908538818359 -0.0133543014526367 0.160552978515625 0.4656982421875
-0.000868558883666992 -0.00309872627258301 0.341796875 0.03460693359375
0.0134963989257813 0.00612163543701172 0.246337890625 -0.259490966796875
0.00112676620483398 -0.000611305236816406 -0.192611694335938 0.244720458984375
0.00826930999755859 -0.0107812881469727 -0.2911376953125 -0.052947998046875
0.000598907470703124 -0.0185890197753906 -0.171722412109375 -0.464630126953125
0.0136518478393555 0.00450706481933594 0.28497314453125 -0.61090087890625
-0.0117073059082031 0.0124273300170898 0.80279541015625 -0.05706787109375
-0.0283699035644531 -0.0130100250244141 0.646484375 0.7099609375
0.0233440399169922 0.0135517120361328 0.0648193359375 0.6661376953125
0.0262699127197266 0.0201473236083984 0.0462303161621094 0.0586624145507813
0.0188617706298828 0.0129051208496094 0.0479736328125 -0.6519775390625
0.0164318084716797 -0.0185298919677734 -0.61492919921875 -0.74200439453125
0.00620651245117188 -0.015772819519043 -0.87542724609375 0.1092529296875
-0.00499534606933594 -0.0106039047241211 -0.30694580078125 0.630126953125
-0.00271987915039062 -0.0185699462890625 0.168853759765625 0.46087646484375
-0.000442743301391601 -0.00406432151794434 0.34088134765625 0.033233642578125
0.0103511810302734 0.00402545928955078 0.241729736328125 -0.26226806640625
-0.00140094757080078 -0.00647974014282227 -0.187484741210937 0.250823974609375
0.00752449035644531 0.000218391418457031 -0.30810546875 -0.04547119140625
-4.24385070800776E-05 0.00730419158935547 -0.207763671875 -0.444976806640625
0.0122241973876953 0.021270751953125 0.2415771484375 -0.6229248046875
-0.0244827270507813 0.00316429138183594 0.78802490234375 -0.1134033203125
-0.0535087585449219 -0.0430068969726563 0.67803955078125 0.65277099609375
0.0172405242919922 -0.02880859375 0.09466552734375 0.6497802734375
0.0429420471191406 -0.0215072631835938 0.0475425720214844 0.0644683837890625
0.0156497955322266 -0.0281791687011719 0.06121826171875 -0.64862060546875
-0.00576019287109375 -0.0509147644042969 -0.59326171875 -0.76611328125
-0.0113639831542969 -0.0263462066650391 -0.87884521484375 0.0745849609375
-0.00647592544555664 0.00612545013427734 -0.327880859375 0.62322998046875
-0.0055394172668457 0.00606060028076172 0.145843505859375 0.472625732421875
-0.00469779968261719 0.00969505310058594 0.3214111328125 0.03680419921875
0.00831794738769531 -0.000359058380126953 0.241622924804688 -0.254592895507813
0.00178265571594238 -0.00198137760162354 -0.17938232421875 0.250946044921875
0.00809574127197266 -0.00143051147460938 -0.302703857421875 -0.043731689453125
0.000539779663085938 0.00879096984863281 -0.209228515625 -0.442657470703125
0.0116024017333984 0.0215339660644531 0.23638916015625 -0.62176513671875
-0.026031494140625 0.00513839721679688 0.78607177734375 -0.11712646484375
-0.0519065856933594 -0.0418739318847656 0.687744140625 0.6502685546875
0.0192089080810547 -0.0265331268310547 0.10369873046875 0.6593017578125
0.043243408203125 -0.0177841186523438 0.04510498046875 0.0719375610351563
0.01702880859375 -0.0264110565185547 0.0662841796875 -0.644775390625
-0.00347518920898437 -0.0497055053710938 -0.5836181640625 -0.77471923828125
-0.0123195648193359 -0.0252628326416016 -0.88385009765625 0.06353759765625
-0.00786590576171875 0.00680065155029297 -0.33880615234375 0.62042236328125
-0.00621175765991211 0.00797128677368164 0.139129638671875 0.471221923828125
-0.0040435791015625 0.00824308395385742 0.32403564453125 0.036163330078125
0.011845588684082 0.00329208374023438 0.241531372070313 -0.253738403320313
0.00527429580688477 -0.000597000122070313 -0.1766357421875 0.251327514648438
0.00801753997802735 -0.00268411636352539 -0.29718017578125 -0.04327392578125
-0.000599384307861328 0.00726652145385742 -0.209197998046875 -0.444305419921875
0.011016845703125 0.0209083557128906 0.23114013671875 -0.6214599609375
-0.0247097015380859 0.00600433349609375 0.78143310546875 -0.116455078125
-0.0487823486328125 -0.0379791259765625 0.69122314453125 0.65142822265625
0.0200099945068359 -0.0209484100341797 0.1060791015625 0.6629638671875
0.0416793823242188 -0.0125579833984375 0.0440673828125 0.077972412109375
0.0185546875 -0.0213031768798828 0.07098388671875 -0.63897705078125
-0.000236511230468749 -0.0463180541992188 -0.57574462890625 -0.77508544921875
-0.0112781524658203 -0.0239791870117187 -0.88427734375 0.0617675781249999
-0.00927066802978515 0.00690650939941406 -0.34375 0.6214599609375
-0.00711822509765625 0.00658702850341797 0.1385498046875 0.4718017578125
-0.00381231307983398 0.00599813461303711 0.328826904296875 0.03564453125
0.0153141021728516 0.00527858734130859 0.247161865234375 -0.254150390625
0.00764036178588867 0.00227689743041992 -0.17242431640625 0.249954223632812
0.00771188735961914 -0.00476408004760742 -0.29241943359375 -0.043975830078125
-0.000399589538574219 0.00490808486938476 -0.207061767578125 -0.44525146484375
0.0106048583984375 0.0185527801513672 0.2320556640625 -0.62261962890625
-0.0228061676025391 0.00823974609375 0.7841796875 -0.11444091796875
-0.0443878173828125 -0.0332298278808594 0.69158935546875 0.6573486328125
0.0223960876464844 -0.0136852264404297 0.1063232421875 0.66650390625
0.0385818481445313 -0.00455474853515625 0.0428619384765625 0.0795669555664063
0.0203227996826172 -0.0139751434326172 0.068359375 -0.63641357421875
0.00340652465820313 -0.0403213500976563 -0.57830810546875 -0.77001953125
-0.00830078125 -0.0214443206787109 -0.88568115234375 0.0649414062499998
-0.00907611846923828 0.00469112396240234 -0.34454345703125 0.62109375
-0.00652074813842773 0.003753662109375 0.139404296875 0.469940185546875
-0.00258159637451172 0.00301671028137207 0.332733154296875 0.034454345703125
0.0174388885498047 0.00671768188476563 0.246566772460938 -0.253692626953125
0.00765132904052734 0.00248575210571289 -0.173675537109375 0.249435424804688
0.00888156890869141 -0.00841140747070313 -0.2890625 -0.04486083984375
-0.000915408134460449 -0.000292956829071045 -0.201324462890625 -0.44757080078125
0.0111188888549805 0.0155429840087891 0.23974609375 -0.61749267578125
-0.0197048187255859 0.00886917114257812 0.78192138671875 -0.1036376953125
-0.0381546020507812 -0.0272941589355469 0.68408203125 0.66717529296875
0.0235366821289063 -0.00531387329101563 0.09991455078125 0.6689453125
0.0351524353027344 0.00440216064453125 0.0426254272460938 0.0784378051757812
0.0196571350097656 -0.00498008728027344 0.0669555664062501 -0.6370849609375
0.00805854797363281 -0.0338249206542969 -0.58056640625 -0.76495361328125
-0.00436019897460937 -0.0189170837402344 -0.882080078125 0.0717163085937499
-0.00873851776123047 0.00149393081665039 -0.33843994140625 0.62213134765625
-0.00541448593139649 -0.00115299224853516 0.144256591796875 0.46722412109375
-0.00222969055175781 0.00180792808532715 0.3355712890625 0.033599853515625
0.0175228118896484 0.00735092163085938 0.2462158203125 -0.256195068359375
0.0070042610168457 0.00257635116577148 -0.176849365234375 0.24859619140625
0.00780773162841797 -0.00975990295410156 -0.28759765625 -0.046051025390625
-0.00156068801879883 -0.00673818588256836 -0.1942138671875 -0.451995849609375
0.0113658905029297 0.0112285614013672 0.24993896484375 -0.6158447265625
-0.0172872543334961 0.0112829208374023 0.78875732421875 -0.09326171875
-0.0346603393554688 -0.0207557678222656 0.6748046875 0.67718505859375
0.0243625640869141 0.00218391418457031 0.0933227539062501 0.66827392578125
0.0319652557373047 0.0121879577636719 0.0429000854492188 0.0734176635742188
0.0214576721191406 0.00267219543457031 0.05859375 -0.640625
0.0111942291259766 -0.0271511077880859 -0.59381103515625 -0.75494384765625
-0.000900268554687501 -0.0172767639160156 -0.87841796875 0.0880126953124999
-0.0077357292175293 -0.00342226028442383 -0.326416015625 0.624755859375
-0.00333547592163086 -0.00648355484008789 0.15411376953125 0.4630126953125
-0.00141680240631104 -0.000968098640441895 0.3389892578125 0.031707763671875
0.0170993804931641 0.00714015960693359 0.244964599609375 -0.258499145507813
0.0047607421875 0.00123786926269531 -0.18115234375 0.246612548828125
0.00857830047607422 -0.0111627578735352 -0.2880859375 -0.0477294921874999
-0.000942230224609376 -0.0127048492431641 -0.1861572265625 -0.456146240234375
0.011601448059082 0.00740718841552734 0.26214599609375 -0.61431884765625
-0.0141143798828125 0.0125656127929688 0.79266357421875 -0.07855224609375
-0.0303287506103516 -0.0155525207519531 0.66253662109375 0.68878173828125
0.0239963531494141 0.00893402099609375 0.0820922851562499 0.665771484375
0.0282344818115234 0.0174484252929687 0.0446853637695313 0.0666313171386719
0.0194873809814453 0.00952911376953125 0.05096435546875 -0.6439208984375
0.0144252777099609 -0.0228004455566406 -0.60491943359375 -0.74237060546875
0.00259494781494141 -0.0159502029418945 -0.87384033203125 0.10260009765625
-0.00525999069213867 -0.00699806213378906 -0.3145751953125 0.62786865234375
-0.00342369079589844 -0.0125141143798828 0.1636962890625 0.4603271484375
-0.00144410133361816 -0.00329732894897461 0.340362548828125 0.0299072265625
0.0140829086303711 0.00658607482910156 0.241485595703125 -0.26092529296875
0.0027155876159668 -0.00192761421203613 -0.188339233398438 0.244781494140625
0.00870132446289063 -0.0104465484619141 -0.29046630859375 -0.0500793457031249
-0.000253677368164065 -0.0183277130126953 -0.17755126953125 -0.458099365234375
0.013275146484375 0.00394058227539063 0.2755126953125 -0.61004638671875
-0.0114822387695313 0.0130043029785156 0.79693603515625 -0.06488037109375
-0.0282402038574219 -0.0119190216064453 0.6502685546875 0.6990966796875
0.0232753753662109 0.0130290985107422 0.07080078125 0.65960693359375
0.0259609222412109 0.0198535919189453 0.0466461181640625 0.0577316284179688
0.0195579528808594 0.0125942230224609 0.0400390625 -0.64886474609375
0.0154991149902344 -0.0191307067871094 -0.61859130859375 -0.73150634765625
0.00656318664550781 -0.0158233642578125 -0.8699951171875 0.11737060546875
-0.00525093078613281 -0.0115413665771484 -0.298095703125 0.62835693359375
-0.00224494934082031 -0.0181694030761719 0.171875 0.458099365234375
-0.00118374824523926 -0.0034019947052002 0.339263916015625 0.028564453125
0.0106220245361328 0.00403785705566406 0.237533569335938 -0.262481689453125
-0.000761032104492188 -0.00716257095336914 -0.183425903320313 0.250411987304688
0.00819730758666992 0.000420093536376953 -0.306488037109375 -0.042724609375
-1.00135803222655E-05 0.0064854621887207 -0.21112060546875 -0.439117431640625
0.0119609832763672 0.0204067230224609 0.236083984375 -0.61956787109375
-0.0251693725585938 0.00273323059082031 0.77923583984375 -0.11865234375
-0.0526237487792969 -0.0414161682128906 0.67828369140625 0.64080810546875
0.0163116455078125 -0.027862548828125 0.0986328125 0.642822265625
0.0423088073730469 -0.02142333984375 0.0478477478027344 0.0632591247558594
0.0151691436767578 -0.0283107757568359 0.05511474609375 -0.64459228515625
-0.00648880004882812 -0.0503768920898437 -0.59466552734375 -0.75360107421875
-0.0121250152587891 -0.0262660980224609 -0.8720703125 0.0860595703124999
-0.0059819221496582 0.00652027130126953 -0.3197021484375 0.62274169921875
-0.00507545471191406 0.00658130645751953 0.149017333984375 0.467529296875
-0.00506782531738281 0.009185791015625 0.318756103515625 0.032684326171875
0.00852203369140625 -0.000271797180175781 0.2366943359375 -0.255462646484375
0.0025935173034668 -0.00276756286621094 -0.17529296875 0.24853515625
0.00914096832275391 -0.00123977661132813 -0.300384521484375 -0.0416259765624999
0.000678539276123047 0.00874900817871094 -0.21258544921875 -0.4384765625
0.0114154815673828 0.0210437774658203 0.22833251953125 -0.61944580078125
-0.0252799987792969 0.00397872924804688 0.7772216796875 -0.1217041015625
-0.0523262023925781 -0.0396728515625 0.68994140625 0.63922119140625
0.0186405181884766 -0.0259056091308594 0.10833740234375 0.65185546875
0.0435714721679688 -0.0184173583984375 0.0455856323242188 0.0713424682617188
0.0174369812011719 -0.0262680053710938 0.0615234375 -0.6407470703125
-0.00406646728515625 -0.0493125915527344 -0.585693359375 -0.7630615234375
-0.0137119293212891 -0.0251655578613281 -0.87677001953125 0.0742797851562498
-0.00687932968139649 0.00625133514404297 -0.33062744140625 0.62005615234375
-0.00606870651245117 0.00841712951660156 0.143096923828125 0.46832275390625
-0.00466775894165039 0.00793170928955078 0.322021484375 0.032562255859375
0.0123529434204102 0.00418281555175781 0.238006591796875 -0.25421142578125
0.00629425048828125 -0.000498294830322266 -0.17218017578125 0.249313354492188
0.00905609130859375 -0.00269222259521484 -0.29571533203125 -0.0401611328125001
5.24520874023376E-06 0.00754165649414063 -0.2127685546875 -0.439666748046875
0.0113086700439453 0.0195827484130859 0.22314453125 -0.61785888671875
-0.0249958038330078 0.00650787353515625 0.77484130859375 -0.12445068359375
-0.0484466552734375 -0.0360946655273437 0.69097900390625 0.64117431640625
0.0199623107910156 -0.0212020874023438 0.1104736328125 0.6544189453125
0.0407485961914062 -0.0123977661132812 0.0438003540039062 0.0769424438476563
0.0190486907958984 -0.0208702087402344 0.0659179687500001 -0.63494873046875
-0.00101470947265625 -0.0467681884765625 -0.5789794921875 -0.76348876953125
-0.0114994049072266 -0.0243282318115234 -0.8758544921875 0.0695190429687499
-0.00910377502441406 0.00673294067382813 -0.3353271484375 0.62060546875
-0.00728845596313477 0.00728845596313477 0.1416015625 0.4664306640625
-0.0034632682800293 0.00606632232666016 0.32647705078125 0.032440185546875
0.0157260894775391 0.0051422119140625 0.241668701171875 -0.25439453125
0.00905609130859375 0.00234222412109375 -0.168228149414063 0.248367309570313
0.00862312316894531 -0.00550556182861328 -0.290496826171875 -0.041412353515625
-0.00108051300048828 0.00494480133056641 -0.210906982421875 -0.440582275390625
0.0108222961425781 0.0177669525146484 0.2247314453125 -0.61724853515625
-0.0225162506103516 0.00818443298339844 0.77752685546875 -0.11895751953125
-0.0437965393066406 -0.0318412780761719 0.694091796875 0.64544677734375
0.022247314453125 -0.01446533203125 0.11090087890625 0.65911865234375
0.0385208129882813 -0.00461196899414063 0.0430145263671875 0.0789337158203125
0.020538330078125 -0.0139713287353516 0.0629882812500001 -0.63232421875
0.0025482177734375 -0.0408134460449219 -0.5811767578125 -0.76055908203125
-0.0091094970703125 -0.0220985412597656 -0.87884521484375 0.0728759765625
-0.00901603698730469 0.00405979156494141 -0.3365478515625 0.6212158203125
-0.0066990852355957 0.00432777404785156 0.143402099609375 0.465179443359375
-0.00354528427124024 0.00427055358886719 0.330963134765625 0.031097412109375
0.0181293487548828 0.00675582885742188 0.242202758789063 -0.254150390625
0.00883388519287109 0.00240993499755859 -0.168380737304688 0.248291015625
0.00928115844726563 -0.00791549682617188 -0.28857421875 -0.04217529296875
-0.00120139122009277 -0.000200867652893067 -0.20452880859375 -0.44207763671875
0.0105619430541992 0.0150032043457031 0.2320556640625 -0.614990234375
-0.0199089050292969 0.009735107421875 0.7767333984375 -0.108154296875
-0.0391693115234375 -0.0257949829101562 0.6866455078125 0.6556396484375
0.0239925384521484 -0.00567436218261719 0.10382080078125 0.66131591796875
0.0350456237792969 0.00413703918457031 0.0426177978515625 0.0775070190429687
0.0209674835205078 -0.00507926940917969 0.059814453125 -0.633056640625
0.00756072998046875 -0.0338783264160156 -0.58343505859375 -0.75457763671875
-0.00482559204101563 -0.0197925567626953 -0.8753662109375 0.0792236328125
-0.00801277160644531 0.000826835632324217 -0.329833984375 0.62030029296875
-0.00529289245605469 -0.000478267669677734 0.14892578125 0.46307373046875
-0.0012969970703125 0.00195455551147461 0.334075927734375 0.030029296875
0.0184535980224609 0.00797080993652344 0.242431640625 -0.256683349609375
0.00824975967407227 0.00275659561157227 -0.172286987304688 0.247512817382813
0.009368896484375 -0.00983715057373047 -0.286407470703125 -0.043060302734375
-0.00240850448608398 -0.00631093978881836 -0.198028564453125 -0.447479248046875
0.0108489990234375 0.0107440948486328 0.24163818359375 -0.611328125
-0.0169439315795898 0.0119190216064453 0.78216552734375 -0.0982666015625
-0.0339851379394531 -0.019287109375 0.67877197265625 0.6663818359375
0.0246067047119141 0.00202369689941406 0.09759521484375 0.66229248046875
0.0314884185791016 0.0110816955566406 0.0433731079101563 0.0734481811523438
0.0217628479003906 0.00290298461914063 0.05218505859375 -0.63519287109375
0.0108528137207031 -0.0275592803955078 -0.5968017578125 -0.7435302734375
-0.00101661682128906 -0.0180816650390625 -0.87115478515625 0.0952148437500001
-0.00740432739257813 -0.00310564041137695 -0.319091796875 0.62384033203125
-0.00464773178100586 -0.00628805160522461 0.157562255859375 0.459228515625
-0.00180721282958984 -0.000174522399902344 0.337249755859375 0.027618408203125
0.017024040222168 0.00713062286376953 0.24017333984375 -0.258926391601563
0.00561809539794922 0.000785350799560547 -0.176971435546875 0.24652099609375
0.00960159301757812 -0.00969791412353515 -0.28656005859375 -0.045501708984375
-0.00217628479003906 -0.0125179290771484 -0.190216064453125 -0.4521484375
0.0114784240722656 0.00638771057128906 0.253662109375 -0.609619140625
-0.0139045715332031 0.0121622085571289 0.7860107421875 -0.08392333984375
-0.0299625396728516 -0.0141868591308594 0.6651611328125 0.6790771484375
0.0242290496826172 0.00880813598632813 0.0863647460937501 0.6591796875
0.0279369354248047 0.0170955657958984 0.0445442199707031 0.066070556640625
0.0210075378417969 0.00922584533691406 0.0440673828125 -0.63946533203125
0.0127410888671875 -0.0218944549560547 -0.607177734375 -0.73046875
0.00232791900634766 -0.0164690017700195 -0.86737060546875 0.11083984375
-0.00653457641601562 -0.00755643844604492 -0.3050537109375 0.62811279296875
-0.00346660614013672 -0.0127334594726563 0.165496826171875 0.45623779296875
-0.00103855133056641 -0.0022280216217041 0.338043212890625 0.026580810546875
0.0142288208007813 0.00592613220214844 0.236907958984375 -0.261611938476562
0.00428557395935059 -0.00141263008117676 -0.18389892578125 0.2435302734375
0.00980663299560547 -0.0102348327636719 -0.289276123046875 -0.047760009765625
-0.000165939331054686 -0.0179996490478516 -0.180755615234375 -0.453582763671875
0.0127763748168945 0.00252246856689453 0.26800537109375 -0.60748291015625
-0.0114755630493164 0.0128765106201172 0.7891845703125 -0.071044921875
-0.0281791687011719 -0.0105304718017578 0.65411376953125 0.688720703125
0.0240879058837891 0.0125961303710938 0.07513427734375 0.654296875
0.0257701873779297 0.0193119049072266 0.0464744567871094 0.0567283630371094
0.0198764801025391 0.0123729705810547 0.0361328124999999 -0.6439208984375
0.0146560668945312 -0.0196628570556641 -0.62298583984375 -0.720458984375
0.0051422119140625 -0.0168323516845703 -0.86126708984375 0.1265869140625
-0.00528335571289062 -0.0110311508178711 -0.2918701171875 0.62835693359375
-0.00225257873535156 -0.0176296234130859 0.17572021484375 0.453826904296875
-0.00131511688232422 -0.00374007225036621 0.33746337890625 0.025604248046875
0.011199951171875 0.00335407257080078 0.232101440429688 -0.263778686523438
-7.62939453125001E-05 -0.00709152221679688 -0.179443359375 0.248016357421875
0.0089874267578125 0.000553131103515625 -0.305419921875 -0.0397033691406249
0.000262737274169921 0.00751113891601562 -0.211669921875 -0.43255615234375
0.0121650695800781 0.0196552276611328 0.22894287109375 -0.6153564453125
-0.0249099731445313 0.00409889221191406 0.77392578125 -0.123779296875
-0.0524711608886719 -0.039947509765625 0.6785888671875 0.6297607421875
0.0170059204101562 -0.0278720855712891 0.10333251953125 0.63568115234375
0.0415534973144531 -0.0213394165039063 0.04705810546875 0.0624160766601563
0.0149517059326172 -0.0281963348388672 0.0511474609375 -0.63824462890625
-0.00722122192382813 -0.0498504638671875 -0.59716796875 -0.74365234375
-0.0123825073242187 -0.0264854431152344 -0.8651123046875 0.0903930664062502
-0.00641298294067383 0.00525903701782227 -0.31085205078125 0.6219482421875
-0.00498151779174805 0.0070652961730957 0.151092529296875 0.464202880859375
-0.00430393218994141 0.00901508331298828 0.317535400390625 0.0299072265625
0.00821208953857422 -0.000823974609375 0.232254028320313 -0.255889892578125
0.00394344329833984 -0.0028541088104248 -0.171249389648437 0.247543334960938
0.00921726226806641 -0.00147724151611328 -0.299560546875 -0.0384826660156249
0.000440597534179687 0.00911903381347656 -0.21343994140625 -0.43310546875
0.0116481781005859 0.0202350616455078 0.223388671875 -0.61590576171875
-0.0257949829101563 0.00546836853027344 0.77093505859375 -0.12701416015625
-0.0518989562988281 -0.0382080078125 0.68951416015625 0.62896728515625
0.0185775756835938 -0.0254802703857422 0.11053466796875 0.644287109375
0.0427703857421875 -0.0182075500488281 0.0453910827636719 0.0700874328613281
0.0169734954833984 -0.0254344940185547 0.0545043945312499 -0.635498046875
-0.00546646118164062 -0.048797607421875 -0.58709716796875 -0.75164794921875
-0.0137882232666016 -0.0247535705566406 -0.87066650390625 0.0799560546875001
-0.00756978988647461 0.00570249557495117 -0.32373046875 0.61981201171875
-0.00580024719238281 0.00907516479492187 0.144439697265625 0.464019775390625
-0.00364017486572266 0.00837850570678711 0.319610595703125 0.0294189453125
0.0121326446533203 0.0029449462890625 0.233108520507812 -0.254486083984375
0.00735712051391601 -0.000454425811767578 -0.16766357421875 0.248779296875
0.00967788696289062 -0.00272941589355469 -0.2945556640625 -0.03778076171875
-0.000247001647949219 0.00775337219238281 -0.2149658203125 -0.43243408203125
0.0113506317138672 0.0203151702880859 0.216796875 -0.61419677734375
-0.0247783660888672 0.00623893737792969 0.76953125 -0.127685546875
-0.0482864379882813 -0.0355033874511719 0.691162109375 0.6300048828125
0.0207500457763672 -0.0206012725830078 0.11279296875 0.6485595703125
0.0407066345214844 -0.0122871398925781 0.0442047119140625 0.0759048461914063
0.0192165374755859 -0.0205574035644531 0.06060791015625 -0.62933349609375
-0.00189208984375 -0.0457420349121094 -0.580810546875 -0.75225830078125
-0.0121784210205078 -0.0241527557373047 -0.86962890625 0.077392578125
-0.00881576538085938 0.0064697265625 -0.32720947265625 0.61993408203125
-0.00740528106689453 0.00739002227783203 0.144073486328125 0.46246337890625
-0.00328636169433594 0.00613498687744141 0.3245849609375 0.02978515625
0.0151510238647461 0.00436973571777344 0.236892700195313 -0.255661010742188
0.00946426391601563 0.00180625915527344 -0.164443969726563 0.246963500976562
0.0087437629699707 -0.00574159622192383 -0.28955078125 -0.0378112792968751
-0.000799655914306641 0.0049128532409668 -0.2135009765625 -0.435333251953125
0.0101299285888672 0.0176353454589844 0.2193603515625 -0.61322021484375
-0.0227584838867188 0.0084686279296875 0.77105712890625 -0.1241455078125
-0.0435638427734375 -0.0299911499023437 0.69390869140625 0.6336669921875
0.0218849182128906 -0.0143947601318359 0.11407470703125 0.65191650390625
0.0381240844726563 -0.00425338745117187 0.0432205200195313 0.0772781372070313
0.0204811096191406 -0.0136661529541016 0.05902099609375 -0.6263427734375
0.00199127197265625 -0.0402183532714844 -0.58148193359375 -0.749267578125
-0.0096435546875 -0.0221977233886719 -0.87109375 0.0810546875
-0.0092306137084961 0.00388145446777344 -0.32904052734375 0.61956787109375
-0.00618982315063477 0.00439023971557617 0.144805908203125 0.462005615234375
-0.00316309928894043 0.00434064865112305 0.328338623046875 0.027862548828125
0.0176620483398438 0.00696754455566406 0.237579345703125 -0.2548828125
0.0102624893188477 0.00321865081787109 -0.165069580078125 0.245651245117188
0.00933361053466797 -0.00738716125488281 -0.286163330078125 -0.040130615234375
-0.00149178504943848 -0.000209927558898926 -0.2071533203125 -0.43646240234375
0.0102310180664063 0.0142574310302734 0.22589111328125 -0.610595703125
-0.0192127227783203 0.0100555419921875 0.77081298828125 -0.114013671875
-0.0384063720703125 -0.0243988037109375 0.68609619140625 0.64398193359375
0.0239124298095703 -0.00589179992675781 0.10675048828125 0.6533203125
0.0348606109619141 0.00362396240234375 0.0419082641601562 0.0760116577148438
0.0211353302001953 -0.00445747375488281 0.0565185546875 -0.62646484375
0.00644111633300781 -0.0338840484619141 -0.585693359375 -0.74359130859375
-0.00594902038574218 -0.0194091796875 -0.86700439453125 0.0878906250000002
-0.00901412963867188 0.000388145446777343 -0.32293701171875 0.62005615234375
-0.00592470169067383 -0.000427722930908204 0.150146484375 0.459075927734375
-0.00135934352874756 0.00205779075622559 0.3311767578125 0.02728271484375
0.0180225372314453 0.0074462890625 0.237686157226563 -0.256256103515625
0.00917911529541016 0.00264835357666016 -0.168014526367188 0.245880126953125
0.00947666168212891 -0.00936985015869141 -0.28533935546875 -0.0411682128906251
-0.00177335739135742 -0.00628566741943359 -0.200408935546875 -0.440399169921875
0.0103464126586914 0.0103731155395508 0.2349853515625 -0.609619140625
-0.0174674987792969 0.0116167068481445 0.7752685546875 -0.103759765625
-0.0339202880859375 -0.0184135437011719 0.68060302734375 0.6551513671875
0.0244464874267578 0.00241661071777344 0.10137939453125 0.65570068359375
0.0315685272216797 0.0107440948486328 0.0432891845703125 0.0723342895507813
0.0209598541259766 0.0023345947265625 0.04766845703125 -0.63018798828125
0.0105323791503906 -0.0276145935058594 -0.59710693359375 -0.73248291015625
-0.00236320495605469 -0.0176811218261719 -0.86541748046875 0.10260009765625
-0.00756263732910156 -0.00301551818847656 -0.31219482421875 0.62298583984375
-0.00390911102294922 -0.00626707077026367 0.15850830078125 0.45556640625
-0.00130307674407959 -0.00012826919555664 0.3338623046875 0.024566650390625
0.0176849365234375 0.00690460205078125 0.236572265625 -0.259078979492188
0.00620603561401367 0.000895977020263672 -0.173202514648438 0.24468994140625
0.00997352600097656 -0.0101003646850586 -0.285888671875 -0.043304443359375
-0.00186920166015625 -0.0123205184936523 -0.192413330078125 -0.446258544921875
0.0113973617553711 0.00567436218261719 0.24737548828125 -0.60546875
-0.0139188766479492 0.01202392578125 0.77813720703125 -0.089599609375
-0.0301437377929688 -0.0136146545410156 0.6651611328125 0.66650390625
0.0249691009521484 0.00817489624023437 0.091064453125 0.65118408203125
0.0280780792236328 0.0165061950683594 0.0439071655273438 0.0648460388183594
0.0206794738769531 0.00948715209960938 0.039306640625 -0.6343994140625
0.0125007629394531 -0.0226459503173828 -0.608154296875 -0.71978759765625
0.00198841094970703 -0.0169515609741211 -0.86053466796875 0.11737060546875
-0.00696325302124024 -0.0077519416809082 -0.298095703125 0.626220703125
-0.00308704376220703 -0.0125045776367188 0.1689453125 0.451904296875
-0.00138318538665772 -0.00217831134796143 0.335205078125 0.023223876953125
0.0140914916992187 0.00609874725341797 0.232879638671875 -0.261566162109375
0.00534343719482422 -0.00232124328613281 -0.179412841796875 0.242172241210937
0.010075569152832 -0.0105476379394531 -0.287750244140625 -0.045867919921875
-0.000513076782226563 -0.0171356201171875 -0.18353271484375 -0.44891357421875
0.0127286911010742 0.00277423858642578 0.2598876953125 -0.60406494140625
-0.0117311477661133 0.0124149322509766 0.78173828125 -0.0760498046875
-0.0276947021484375 -0.0102443695068359 0.6531982421875 0.6778564453125
0.0241203308105469 0.0118865966796875 0.07965087890625 0.646484375
0.0261306762695313 0.0190811157226563 0.0460739135742188 0.0558052062988281
0.0202007293701172 0.0118846893310547 0.02972412109375 -0.63861083984375
0.0142402648925781 -0.0193595886230469 -0.62127685546875 -0.71014404296875
0.00446987152099609 -0.0164642333984375 -0.85357666015625 0.1326904296875
-0.00538158416748047 -0.0115509033203125 -0.2847900390625 0.62725830078125
-0.00212764739990234 -0.0173845291137695 0.1773681640625 0.44952392578125
-0.00109529495239258 -0.00282502174377441 0.3345947265625 0.021636962890625
0.0114583969116211 0.00410747528076172 0.227737426757813 -0.263290405273438
0.000860691070556641 -0.0074920654296875 -0.176742553710937 0.246551513671875
0.0099954605102539 0.000605583190917969 -0.303619384765625 -0.03765869140625
-8.58306884765627E-05 0.00716209411621094 -0.214447021484375 -0.427703857421875
0.0114040374755859 0.0186614990234375 0.22393798828125 -0.61236572265625
-0.0252590179443359 0.00391197204589844 0.7667236328125 -0.12646484375
-0.0530624389648438 -0.0382919311523438 0.67779541015625 0.62060546875
0.0178852081298828 -0.0282955169677734 0.10400390625 0.62945556640625
0.0411186218261719 -0.0209732055664063 0.0468788146972656 0.0620384216308594
0.0153179168701172 -0.0277500152587891 0.04644775390625 -0.63421630859375
-0.00763702392578126 -0.0495414733886719 -0.5953369140625 -0.734619140625
-0.0139827728271484 -0.0266933441162109 -0.85833740234375 0.0958251953124999
-0.00611972808837891 0.00551462173461914 -0.30511474609375 0.61962890625
-0.004425048828125 0.00643825531005859 0.152252197265625 0.4599609375
-0.00418472290039063 0.0102167129516602 0.31512451171875 0.027435302734375
0.00904941558837891 -0.000157356262207031 0.228958129882813 -0.255691528320313
0.00554895401000977 -0.00316476821899414 -0.16766357421875 0.245956420898438
0.01007080078125 -0.00107002258300781 -0.298583984375 -0.0367126464843751
0.000719547271728516 0.00844907760620117 -0.216766357421875 -0.427093505859375
0.0112648010253906 0.0195789337158203 0.2177734375 -0.61199951171875
-0.0257511138916016 0.00513648986816406 0.7645263671875 -0.13232421875
-0.0513229370117188 -0.0372161865234375 0.68682861328125 0.6201171875
0.0189418792724609 -0.0257377624511719 0.11346435546875 0.639404296875
0.0421142578125 -0.0182418823242188 0.0454559326171875 0.06976318359375
0.0172977447509766 -0.0258083343505859 0.05181884765625 -0.629150390625
-0.00544357299804687 -0.0482559204101563 -0.587646484375 -0.74334716796875
-0.0145225524902344 -0.0258388519287109 -0.8634033203125 0.0866699218750002
-0.00754261016845703 0.00644922256469727 -0.3173828125 0.61810302734375
-0.00521612167358398 0.00843048095703125 0.147247314453125 0.4609375
-0.00417661666870117 0.00835752487182617 0.31781005859375 0.026275634765625
0.0130481719970703 0.00287628173828125 0.22906494140625 -0.254364013671875
0.00902938842773438 -0.00067901611328125 -0.164398193359375 0.2469482421875
0.0104732513427734 -0.00217914581298828 -0.293701171875 -0.03594970703125
-0.000605106353759765 0.00805854797363281 -0.2166748046875 -0.427734375
0.011322021484375 0.0190620422363281 0.21099853515625 -0.6092529296875
-0.0250167846679688 0.00710105895996093 0.762939453125 -0.1307373046875
-0.0481452941894531 -0.0340576171875 0.69049072265625 0.61993408203125
0.0209064483642578 -0.0209674835205078 0.1143798828125 0.640625
0.0404815673828125 -0.0126762390136719 0.042938232421875 0.0744552612304688
0.0185298919677734 -0.0197696685791016 0.05767822265625 -0.62384033203125
-0.00302505493164063 -0.0454978942871094 -0.58056640625 -0.7423095703125
-0.0135669708251953 -0.0246257781982422 -0.86199951171875 0.0813598632812502
-0.00868844985961914 0.00606536865234375 -0.3218994140625 0.6175537109375
-0.00658226013183594 0.00742578506469727 0.146270751953125 0.4598388671875
-0.00321769714355469 0.00682878494262695 0.322021484375 0.026885986328125
0.0159444808959961 0.00495719909667969 0.233901977539063 -0.255157470703125
0.0118827819824219 0.00169563293457031 -0.161575317382813 0.2457275390625
0.00982284545898438 -0.00476646423339844 -0.288299560546875 -0.0372924804687501
-0.0011749267578125 0.00520896911621094 -0.2149658203125 -0.42913818359375
0.0103464126586914 0.0164756774902344 0.2109375 -0.60968017578125
-0.0232715606689453 0.00878334045410156 0.76324462890625 -0.12762451171875
-0.0435028076171875 -0.0286903381347656 0.693115234375 0.6248779296875
0.0222549438476563 -0.0144557952880859 0.1146240234375 0.64532470703125
0.0379142761230469 -0.0055389404296875 0.0426406860351563 0.0763702392578125
0.0197410583496094 -0.0138893127441406 0.054443359375 -0.62158203125
0.00175094604492188 -0.0401687622070313 -0.5828857421875 -0.739501953125
-0.0101394653320313 -0.0226173400878906 -0.86279296875 0.0875244140625
-0.00936985015869141 0.00454235076904297 -0.3228759765625 0.617919921875
-0.00580596923828125 0.00467872619628906 0.146820068359375 0.457794189453125
-0.00249433517456055 0.00415873527526855 0.325042724609375 0.0260009765625
0.0178165435791016 0.00676918029785156 0.234466552734375 -0.254638671875
0.0107011795043945 0.00240802764892578 -0.161407470703125 0.244293212890625
0.0105342864990234 -0.00763893127441406 -0.286224365234375 -0.03790283203125
-0.00133335590362549 0.000594019889831543 -0.209381103515625 -0.43182373046875
0.0100021362304688 0.0134963989257813 0.21966552734375 -0.60711669921875
-0.0199203491210938 0.0100955963134766 0.763427734375 -0.117431640625
-0.0380783081054687 -0.0230369567871094 0.6861572265625 0.6351318359375
0.0240001678466797 -0.00626182556152344 0.10968017578125 0.6474609375
0.0352668762207031 0.00346755981445313 0.0421142578125 0.0754013061523438
0.0206565856933594 -0.005096435546875 0.0527954101562499 -0.62249755859375
0.00581169128417969 -0.0334129333496094 -0.584228515625 -0.7332763671875
-0.00643157958984375 -0.0202465057373047 -0.86016845703125 0.0917968750000001
-0.00839853286743164 0.000227451324462892 -0.31658935546875 0.6177978515625
-0.0055384635925293 -0.0004119873046875 0.1531982421875 0.45513916015625
-0.00252842903137207 0.00188374519348145 0.327972412109375 0.02435302734375
0.0190639495849609 0.00753402709960937 0.234573364257813 -0.2559814453125
0.0101451873779297 0.00201892852783203 -0.165008544921875 0.243759155273438
0.0096588134765625 -0.0092926025390625 -0.284332275390625 -0.03936767578125
-0.00214529037475586 -0.00502347946166992 -0.201934814453125 -0.4361572265625
0.0103836059570313 0.00983619689941406 0.2281494140625 -0.60430908203125
-0.0173797607421875 0.011805534362793 0.767333984375 -0.10699462890625
-0.03314208984375 -0.0172653198242188 0.67779541015625 0.6466064453125
0.0250720977783203 0.00118064880371094 0.1033935546875 0.64678955078125
0.0317802429199219 0.011138916015625 0.0426559448242188 0.0713043212890625
0.0211925506591797 0.00297355651855469 0.0452880859375 -0.62506103515625
0.00951385498046875 -0.0276012420654297 -0.597412109375 -0.7237548828125
-0.00228309631347656 -0.0184345245361328 -0.85638427734375 0.1063232421875
-0.00706148147583008 -0.00377941131591797 -0.30621337890625 0.62164306640625
-0.00470352172851563 -0.00583553314208984 0.160491943359375 0.451629638671875
-0.00181007385253906 0.000273823738098145 0.33197021484375 0.022552490234375
0.0172557830810547 0.00673389434814453 0.23187255859375 -0.258880615234375
0.00803232192993164 0.000477790832519531 -0.170257568359375 0.242965698242188
0.0107555389404297 -0.0101051330566406 -0.285308837890625 -0.040802001953125
-0.0016326904296875 -0.0116672515869141 -0.19537353515625 -0.440216064453125
0.0106697082519531 0.00570011138916016 0.24224853515625 -0.60137939453125
-0.0145168304443359 0.0128259658813477 0.77252197265625 -0.09503173828125
-0.0298900604248047 -0.0120849609375 0.665283203125 0.65814208984375
0.0251216888427734 0.00751304626464844 0.091552734375 0.644775390625
0.0281105041503906 0.0162506103515625 0.0442466735839844 0.0638465881347656
0.02099609375 0.0091094970703125 0.0355834960937501 -0.62860107421875
0.0119438171386719 -0.0219326019287109 -0.60809326171875 -0.71112060546875
0.000658988952636717 -0.0169639587402344 -0.85357666015625 0.12158203125
-0.00680255889892578 -0.00804758071899414 -0.293212890625 0.624267578125
-0.00356674194335938 -0.0118923187255859 0.169342041015625 0.448028564453125
-0.000410795211791992 -0.0012202262878418 0.3316650390625 0.0213623046875
0.0146102905273438 0.00534439086914063 0.228469848632813 -0.260848999023438
0.00617027282714844 -0.00190830230712891 -0.176040649414063 0.241302490234375
0.0108718872070313 -0.0103349685668945 -0.28692626953125 -0.042633056640625
-0.00110626220703125 -0.0167989730834961 -0.186767578125 -0.443267822265625
0.011937141418457 0.00209426879882813 0.2548828125 -0.60003662109375
-0.0113992691040039 0.012639045715332 0.7752685546875 -0.0804443359375
-0.0274677276611328 -0.00848388671874999 0.65374755859375 0.6676025390625
0.0245723724365234 0.0113201141357422 0.081787109375 0.6390380859375
0.0259895324707031 0.0186138153076172 0.0456886291503906 0.0556373596191406
0.0198135375976563 0.0116348266601563 0.02532958984375 -0.6341552734375
0.0132980346679687 -0.0189723968505859 -0.622802734375 -0.70037841796875
0.00428676605224609 -0.0169296264648438 -0.84576416015625 0.138916015625
-0.00566959381103516 -0.0113468170166016 -0.27734375 0.6241455078125
-0.00249671936035156 -0.0173530578613281 0.17803955078125 0.44390869140625
-0.000989198684692383 -0.00239253044128418 0.33135986328125 0.019287109375
0.011260986328125 0.00386524200439453 0.224655151367188 -0.263595581054688
0.00251293182373047 -0.0076146125793457 -0.173782348632812 0.2445068359375
0.0106115341186523 0.00101280212402344 -0.302001953125 -0.036407470703125
-0.000353336334228515 0.00787591934204102 -0.21441650390625 -0.423370361328125
0.0117321014404297 0.0185642242431641 0.21875 -0.60784912109375
-0.0245838165283203 0.0033111572265625 0.76043701171875 -0.1295166015625
-0.0517845153808594 -0.037078857421875 0.67578125 0.6142578125
0.0174922943115234 -0.0277957916259766 0.1053466796875 0.62176513671875
0.041412353515625 -0.0208282470703125 0.0460166931152344 0.0611534118652344
0.0155353546142578 -0.026763916015625 0.0439453125 -0.6287841796875
-0.00819778442382813 -0.04937744140625 -0.59423828125 -0.72430419921875
-0.0152759552001953 -0.0263786315917969 -0.8516845703125 0.0987548828125002
-0.00658607482910156 0.00446653366088867 -0.3017578125 0.61700439453125
-0.00414133071899414 0.00713014602661133 0.15386962890625 0.45709228515625
-0.00384330749511719 0.0108671188354492 0.311981201171875 0.025604248046875
0.0100526809692383 0.000235557556152344 0.225967407226563 -0.254989624023438
0.00575923919677734 -0.00274419784545898 -0.164779663085938 0.244293212890625
0.00975513458251953 -0.000293731689453125 -0.296234130859375 -0.034576416015625
0.000557899475097657 0.00938224792480469 -0.21697998046875 -0.422271728515625
0.0107975006103516 0.019744873046875 0.21197509765625 -0.60662841796875
-0.0268402099609375 0.00516128540039062 0.75836181640625 -0.1324462890625
-0.0509223937988281 -0.0362434387207031 0.6861572265625 0.611328125
0.0194187164306641 -0.0260105133056641 0.114013671875 0.6314697265625
0.0417900085449219 -0.0181465148925781 0.0440826416015625 0.0678520202636719
0.0175819396972656 -0.025421142578125 0.04986572265625 -0.62518310546875
-0.00649261474609376 -0.0478973388671875 -0.58636474609375 -0.7352294921875
-0.0148124694824219 -0.0252723693847656 -0.85833740234375 0.0877685546875
-0.00779390335083008 0.00530052185058594 -0.31170654296875 0.61505126953125
-0.00516271591186524 0.00875282287597656 0.147735595703125 0.456787109375
-0.00418424606323242 0.00796365737915039 0.31475830078125 0.025787353515625
0.0127687454223633 0.00331211090087891 0.2265625 -0.253585815429688
0.00964832305908203 -0.00162220001220703 -0.161148071289063 0.244827270507813
0.0103378295898437 -0.0021209716796875 -0.29241943359375 -0.035064697265625
-0.000204086303710938 0.00850534439086914 -0.217132568359375 -0.42333984375
0.0113544464111328 0.0183219909667969 0.2073974609375 -0.60589599609375
-0.0247898101806641 0.00676918029785156 0.7545166015625 -0.13360595703125
-0.0475845336914063 -0.0334587097167969 0.688720703125 0.6129150390625
0.0204391479492188 -0.0207138061523437 0.11578369140625 0.6358642578125
0.040130615234375 -0.0128250122070313 0.0430450439453125 0.0729293823242187
0.0186843872070313 -0.0206184387207031 0.0537109375 -0.6195068359375
-0.00352096557617187 -0.045013427734375 -0.580078125 -0.7344970703125
-0.0135993957519531 -0.0243949890136719 -0.85675048828125 0.0863647460937502
-0.00885868072509766 0.00585365295410156 -0.31610107421875 0.61505126953125
-0.00567913055419922 0.00711727142333985 0.147918701171875 0.45672607421875
-0.00356340408325195 0.00691318511962891 0.31903076171875 0.02496337890625
0.0158967971801758 0.00503444671630859 0.230606079101563 -0.254409790039063
0.0120248794555664 0.00100517272949219 -0.15826416015625 0.243408203125
0.0100479125976563 -0.00517845153808594 -0.287506103515625 -0.035980224609375
-0.00034952163696289 0.0053715705871582 -0.21527099609375 -0.424346923828125
0.0102157592773438 0.0163602828979492 0.20782470703125 -0.6043701171875
-0.0230522155761719 0.00846290588378906 0.75775146484375 -0.1292724609375
-0.0423088073730469 -0.0274505615234375 0.6915283203125 0.6158447265625
0.0219383239746094 -0.0141563415527344 0.1181640625 0.63897705078125
0.0381393432617188 -0.00476455688476563 0.0426406860351562 0.0759353637695313
0.0205974578857422 -0.0136680603027344 0.0518798828125 -0.618408203125
0.000442504882812496 -0.03887939453125 -0.5802001953125 -0.7308349609375
-0.0108299255371094 -0.0227413177490234 -0.857666015625 0.0904541015624999
-0.00888824462890625 0.00311183929443359 -0.31744384765625 0.61639404296875
-0.00562429428100586 0.0045013427734375 0.14813232421875 0.455230712890625
-0.00234603881835938 0.0053248405456543 0.3226318359375 0.023956298828125
0.0185718536376953 0.00653266906738281 0.230987548828125 -0.253646850585938
0.0121831893920898 0.00205135345458984 -0.159103393554687 0.24261474609375
0.0102090835571289 -0.00706005096435547 -0.284271240234375 -0.036895751953125
-0.00170683860778809 0.000976800918579102 -0.20941162109375 -0.427001953125
0.00936412811279297 0.0134181976318359 0.21624755859375 -0.6024169921875
-0.0196666717529297 0.0101795196533203 0.7576904296875 -0.1202392578125
-0.0381622314453125 -0.0225410461425781 0.6839599609375 0.62664794921875
0.0244083404541016 -0.0059814453125 0.109619140625 0.64129638671875
0.0344104766845703 0.00301361083984375 0.041473388671875 0.0751724243164063
0.0209255218505859 -0.00515556335449219 0.05047607421875 -0.61688232421875
0.00548744201660156 -0.0338363647460938 -0.58392333984375 -0.72650146484375
-0.00702476501464844 -0.0204830169677734 -0.85455322265625 0.0972290039062499
-0.008514404296875 1.19209289550796E-05 -0.3106689453125 0.615234375
-0.00552988052368164 -0.000450611114501954 0.15283203125 0.452178955078125
-0.00237774848937988 0.00252199172973633 0.326629638671875 0.0225830078125
0.0193252563476562 0.00740242004394531 0.231216430664063 -0.255325317382813
0.0108394622802734 0.00149059295654297 -0.161849975585937 0.241653442382813
0.0112447738647461 -0.00916576385498047 -0.282806396484375 -0.03765869140625
-0.00201225280761719 -0.00469064712524414 -0.20440673828125 -0.431854248046875
0.0105094909667969 0.00912857055664063 0.22491455078125 -0.60028076171875
-0.0167322158813477 0.0118684768676758 0.76348876953125 -0.109130859375
-0.0333042144775391 -0.0166587829589844 0.6767578125 0.638916015625
0.0247268676757813 0.00127220153808594 0.10382080078125 0.6417236328125
0.0310420989990234 0.0105361938476562 0.0428390502929687 0.0707626342773438
0.0211067199707031 0.00299644470214844 0.04150390625 -0.62054443359375
0.00871849060058594 -0.0274314880371094 -0.59368896484375 -0.7147216796875
-0.00313377380371094 -0.0182113647460938 -0.8499755859375 0.11077880859375
-0.00804758071899414 -0.00351953506469726 -0.3011474609375 0.6192626953125
-0.00421619415283203 -0.00555229187011719 0.161773681640625 0.44818115234375
-0.00174713134765625 -4.52995300292966E-05 0.328857421875 0.020538330078125
0.0178585052490234 0.00702285766601563 0.2293701171875 -0.258148193359375
0.00851583480834961 -1.76429748535156E-05 -0.16705322265625 0.240554809570312
0.0111961364746094 -0.0107841491699219 -0.282867431640625 -0.03985595703125
-0.00176906585693359 -0.0108232498168945 -0.196014404296875 -0.4361572265625
0.0106401443481445 0.00535488128662109 0.2366943359375 -0.59674072265625
-0.0148286819458008 0.0125751495361328 0.76611328125 -0.09600830078125
-0.029052734375 -0.0108795166015625 0.66326904296875 0.6494140625
0.0253658294677734 0.00760459899902344 0.093017578125 0.6357421875
0.0279445648193359 0.0156021118164062 0.0433921813964844 0.0628929138183594
0.0211601257324219 0.00899505615234375 0.03369140625 -0.62347412109375
0.0118732452392578 -0.0224170684814453 -0.6085205078125 -0.7025146484375
0.000151634216308594 -0.017552375793457 -0.8460693359375 0.12677001953125
-0.00645923614501953 -0.00783586502075195 -0.28717041015625 0.62237548828125
-0.00267601013183594 -0.0112590789794922 0.17022705078125 0.445709228515625
-0.000996828079223633 -0.00167679786682129 0.3297119140625 0.018218994140625
0.0153427124023438 0.00574684143066406 0.225189208984375 -0.260421752929688
0.00754404067993164 -0.00202274322509766 -0.173202514648438 0.239166259765625
0.0110921859741211 -0.0103330612182617 -0.285491943359375 -0.0415039062500001
-0.00122737884521485 -0.0167398452758789 -0.187469482421875 -0.43914794921875
0.0119657516479492 0.00193309783935547 0.2506103515625 -0.59576416015625
-0.012537956237793 0.0128679275512695 0.76959228515625 -0.0821533203125
-0.0273838043212891 -0.00740623474121094 0.65118408203125 0.65771484375
0.0246772766113281 0.0117435455322266 0.08251953125 0.633544921875
0.0257434844970703 0.017669677734375 0.0448760986328125 0.0557861328125
0.0202198028564453 0.0115680694580078 0.02435302734375 -0.627197265625
0.0125179290771484 -0.0193405151367188 -0.61920166015625 -0.69085693359375
0.00328826904296875 -0.0167703628540039 -0.8402099609375 0.1422119140625
-0.00609016418457031 -0.0115413665771484 -0.27337646484375 0.6229248046875
-0.00263309478759765 -0.0169181823730469 0.179351806640625 0.4427490234375
-0.00116300582885742 -0.00184667110443115 0.32806396484375 0.0167236328125
0.011387825012207 0.00382614135742188 0.221786499023437 -0.262908935546875
0.00348615646362305 -0.00841617584228516 -0.170654296875 0.243011474609375
0.0102396011352539 0.000357627868652344 -0.302154541015625 -0.0360107421875
0.000263214111328124 0.00850439071655273 -0.21575927734375 -0.41986083984375
0.0106410980224609 0.0176506042480469 0.21539306640625 -0.6029052734375
-0.0255451202392578 0.00308609008789063 0.7552490234375 -0.12908935546875
-0.0507011413574219 -0.0356407165527344 0.67413330078125 0.606689453125
0.0179195404052734 -0.0276374816894531 0.10577392578125 0.61639404296875
0.0407028198242188 -0.0209922790527344 0.0450439453125 0.0612068176269531
0.0157909393310547 -0.0273380279541016 0.0418701171875 -0.62493896484375
-0.00919723510742187 -0.0488700866699219 -0.59259033203125 -0.71624755859375
-0.0151348114013672 -0.0259914398193359 -0.843994140625 0.10235595703125
-0.00651359558105469 0.00497627258300781 -0.2974853515625 0.615478515625
-0.00467681884765625 0.0066990852355957 0.1539306640625 0.45361328125
-0.00451278686523438 0.010523796081543 0.31036376953125 0.024383544921875
0.00994682312011719 -0.000830650329589844 0.22314453125 -0.253463745117188
0.00786161422729492 -0.00423145294189453 -0.162246704101563 0.242050170898437
0.011021614074707 -0.00110435485839844 -0.29583740234375 -0.0333251953125
9.8228454589844E-05 0.00981616973876953 -0.21728515625 -0.41986083984375
0.0103302001953125 0.0184726715087891 0.20880126953125 -0.60296630859375
-0.0266456604003906 0.00457572937011719 0.75323486328125 -0.13433837890625
-0.0499191284179687 -0.0346260070800781 0.68499755859375 0.60406494140625
0.0193195343017578 -0.0264320373535156 0.1141357421875 0.6258544921875
0.0411529541015625 -0.0181503295898438 0.0440597534179688 0.0677528381347656
0.0172157287597656 -0.0248012542724609 0.046142578125 -0.6201171875
-0.00682449340820312 -0.0476531982421875 -0.585205078125 -0.7276611328125
-0.0160427093505859 -0.0254001617431641 -0.84869384765625 0.0922241210937501
-0.00835275650024414 0.00558137893676758 -0.30780029296875 0.6136474609375
-0.00584316253662109 0.00878524780273438 0.1470947265625 0.454742431640625
-0.00345468521118164 0.00865936279296875 0.313140869140625 0.023590087890625
0.0139570236206055 0.00298404693603516 0.223892211914063 -0.252838134765625
0.0101871490478516 -0.00240612030029297 -0.15911865234375 0.242782592773438
0.0114498138427734 -0.00267505645751953 -0.291015625 -0.033233642578125
-0.000170707702636718 0.00889015197753906 -0.217742919921875 -0.419158935546875
0.0096588134765625 0.0179691314697266 0.203857421875 -0.599853515625
-0.0252437591552734 0.00780868530273438 0.75006103515625 -0.13677978515625
-0.0472564697265625 -0.0317192077636719 0.68548583984375 0.604736328125
0.0215473175048828 -0.0209255218505859 0.11663818359375 0.6290283203125
0.0401115417480469 -0.0126991271972656 0.0429153442382813 0.0726470947265625
0.0190048217773438 -0.0201930999755859 0.051513671875 -0.614990234375
-0.00381469726562499 -0.0444107055664063 -0.57696533203125 -0.72589111328125
-0.0144424438476562 -0.0244789123535156 -0.84912109375 0.0886840820312501
-0.00922012329101563 0.00583553314208984 -0.3126220703125 0.61383056640625
-0.00613307952880859 0.00779533386230469 0.147369384765625 0.453216552734375
-0.00275468826293945 0.00792837142944336 0.3173828125 0.023406982421875
0.0163898468017578 0.00497245788574219 0.228363037109375 -0.25360107421875
0.0128707885742188 0.000519752502441406 -0.15655517578125 0.240554809570313
0.0115089416503906 -0.004974365234375 -0.286285400390625 -0.034088134765625
-0.000751972198486328 0.00630092620849609 -0.216552734375 -0.4202880859375
0.00993633270263672 0.0153846740722656 0.20501708984375 -0.6007080078125
-0.0236072540283203 0.00898361206054688 0.752197265625 -0.1317138671875
-0.0426979064941406 -0.0270195007324219 0.6888427734375 0.60931396484375
0.0229701995849609 -0.0141944885253906 0.117431640625 0.63134765625
0.0373573303222656 -0.00537490844726563 0.04193115234375 0.0754547119140625
0.0203628540039063 -0.0133514404296875 0.04962158203125 -0.611083984375
-0.000293731689453121 -0.0392494201660156 -0.5791015625 -0.72412109375
-0.011749267578125 -0.0222702026367188 -0.84967041015625 0.0911865234374998
-0.00904750823974609 0.00313472747802734 -0.3133544921875 0.61334228515625
-0.0051264762878418 0.00443458557128906 0.14794921875 0.451690673828125
-0.00227880477905273 0.00472450256347656 0.3206787109375 0.0223388671875
0.0182285308837891 0.00629806518554688 0.228103637695313 -0.25238037109375
0.0134782791137695 0.00151157379150391 -0.156387329101563 0.240631103515625
0.0113554000854492 -0.00723838806152344 -0.283203125 -0.035369873046875
-0.00175225734710693 0.000937819480895996 -0.21014404296875 -0.422698974609375
0.00987339019775391 0.0127077102661133 0.2125244140625 -0.59698486328125
-0.020355224609375 0.0101318359375 0.75213623046875 -0.12109375
-0.0365371704101563 -0.0212020874023438 0.680419921875 0.61981201171875
0.0244770050048828 -0.00659751892089844 0.1107177734375 0.634033203125
0.0341930389404297 0.002960205078125 0.041748046875 0.074249267578125
0.0211925506591797 -0.00502777099609375 0.04766845703125 -0.61236572265625
0.00421142578125 -0.0326519012451172 -0.58203125 -0.7176513671875
-0.00734710693359375 -0.0207328796386719 -0.84765625 0.0996093749999999
-0.00930881500244141 -0.000445365905761718 -0.3057861328125 0.6141357421875
-0.00592184066772461 0.000404357910156249 0.153167724609375 0.449127197265625
-0.00243282318115234 0.00292539596557617 0.324066162109375 0.021636962890625
0.0192279815673828 0.00695037841796875 0.228729248046875 -0.254241943359375
0.0123634338378906 0.0005645751953125 -0.159133911132813 0.240127563476563
0.0106754302978516 -0.00835514068603516 -0.2816162109375 -0.03717041015625
-0.00300216674804688 -0.00467586517333984 -0.2025146484375 -0.426666259765625
0.0100584030151367 0.00858116149902344 0.22186279296875 -0.5965576171875
-0.0176792144775391 0.0117740631103516 0.7574462890625 -0.11151123046875
-0.0318470001220703 -0.0150566101074219 0.67376708984375 0.6295166015625
0.0252037048339844 0.00119590759277344 0.1055908203125 0.63580322265625
0.0314693450927734 0.0106391906738281 0.0418472290039063 0.0703048706054688
0.0214023590087891 0.00212860107421875 0.03936767578125 -0.6156005859375
0.00821495056152344 -0.0272750854492187 -0.59307861328125 -0.70660400390625
-0.00358390808105469 -0.0184993743896484 -0.8450927734375 0.11419677734375
-0.00805807113647461 -0.00344467163085938 -0.29718017578125 0.61578369140625
-0.00435638427734375 -0.00530481338500977 0.161346435546875 0.44549560546875
-0.00146627426147461 0.000538229942321777 0.32720947265625 0.0189208984375
0.0184726715087891 0.00635528564453125 0.226699829101563 -0.25726318359375
0.010162353515625 0.000319480895996094 -0.164886474609375 0.239089965820313
0.0111684799194336 -0.00986766815185547 -0.282623291015625 -0.038665771484375
-0.00189018249511719 -0.0105600357055664 -0.19708251953125 -0.4307861328125
0.0106678009033203 0.00419521331787109 0.2344970703125 -0.59466552734375
-0.0146503448486328 0.0122594833374023 0.76007080078125 -0.09716796875
-0.0288906097412109 -0.0101947784423828 0.6627197265625 0.64154052734375
0.0251064300537109 0.00744056701660156 0.094482421875 0.6324462890625
0.0281543731689453 0.0159282684326172 0.042877197265625 0.0625114440917969
0.0209274291992188 0.00909996032714844 0.03094482421875 -0.61865234375
0.0107097625732422 -0.0223388671875 -0.60394287109375 -0.69573974609375
-0.000461578369140627 -0.0172786712646484 -0.83905029296875 0.128173828125
-0.00709009170532227 -0.00791168212890625 -0.28228759765625 0.61962890625
-0.00314712524414062 -0.0117359161376953 0.170928955078125 0.441558837890625
-0.000947952270507813 -0.00150835514068604 0.32720947265625 0.01715087890625
0.0155830383300781 0.00555992126464844 0.22271728515625 -0.259246826171875
0.00792884826660156 -0.00253200531005859 -0.171249389648438 0.237319946289063
0.0117149353027344 -0.0100936889648437 -0.284820556640625 -0.04107666015625
-0.00187492370605469 -0.016047477722168 -0.1885986328125 -0.434783935546875
0.0116844177246094 0.00128364562988281 0.24554443359375 -0.59088134765625
-0.0121278762817383 0.0127859115600586 0.76507568359375 -0.0833740234375
-0.0259132385253906 -0.00670051574707031 0.64862060546875 0.65130615234375
0.0254688262939453 0.0114765167236328 0.0838012695312501 0.62750244140625
0.0260982513427734 0.0177841186523438 0.0441398620605469 0.0544281005859375
0.0200595855712891 0.0117511749267578 0.02197265625 -0.62371826171875
0.0121097564697266 -0.0190010070800781 -0.6180419921875 -0.68438720703125
0.00212669372558594 -0.0174112319946289 -0.834228515625 0.142333984375
-0.00640010833740234 -0.0123653411865234 -0.2694091796875 0.62103271484375
-0.00292301177978516 -0.0162506103515625 0.1796875 0.438568115234375
-0.00107765197753906 -0.00273823738098145 0.326751708984375 0.015380859375
0.0122270584106445 0.00411128997802734 0.219070434570313 -0.261581420898438
0.00436830520629883 -0.00856781005859375 -0.169937133789063 0.24053955078125
0.0115337371826172 0.000964164733886719 -0.300994873046875 -0.0345458984375
0.000346660614013673 0.00836038589477539 -0.214996337890625 -0.416717529296875
0.0108909606933594 0.0178489685058594 0.21337890625 -0.59771728515625
-0.0251827239990234 0.0036468505859375 0.7509765625 -0.129638671875
-0.0510444641113281 -0.0346870422363281 0.670166015625 0.6021728515625
0.017974853515625 -0.0277557373046875 0.10516357421875 0.61279296875
0.0410003662109375 -0.02099609375 0.0451927185058594 0.060516357421875
0.0158462524414063 -0.0268783569335937 0.04217529296875 -0.6197509765625
-0.0098724365234375 -0.048095703125 -0.58868408203125 -0.7115478515625
-0.0158729553222656 -0.0267658233642578 -0.8409423828125 0.1033935546875
-0.00743436813354492 0.00483369827270508 -0.29412841796875 0.611572265625
-0.00437021255493164 0.00730133056640625 0.153594970703125 0.4512939453125
-0.00305557250976562 0.0108547210693359 0.308349609375 0.023193359375
0.00997352600097656 0.00041961669921875 0.221298217773438 -0.253036499023438
0.00858831405639648 -0.00388050079345703 -0.161529541015625 0.240234375
0.0117053985595703 -0.00148963928222656 -0.29547119140625 -0.033416748046875
0.000131607055664061 0.00990772247314453 -0.21771240234375 -0.415924072265625
0.0103321075439453 0.0176773071289063 0.20721435546875 -0.5985107421875
-0.0270290374755859 0.00461769104003906 0.7496337890625 -0.132568359375
-0.04986572265625 -0.0338554382324219 0.68115234375 0.5986328125
0.0205631256103516 -0.0265617370605469 0.11358642578125 0.62054443359375
0.0408058166503906 -0.0183639526367188 0.0426368713378906 0.0670318603515625
0.0177402496337891 -0.024871826171875 0.04681396484375 -0.61749267578125
-0.0076904296875 -0.0472488403320313 -0.58111572265625 -0.72174072265625
-0.0164794921875 -0.0258159637451172 -0.8463134765625 0.0930786132812501
-0.00761556625366211 0.00580072402954102 -0.3065185546875 0.6109619140625
-0.00485610961914062 0.00919342041015625 0.1485595703125 0.452056884765625
-0.00396060943603515 0.00914192199707031 0.3116455078125 0.022064208984375
0.0140094757080078 0.00314712524414063 0.221969604492188 -0.251373291015625
0.0119390487670898 -0.00262069702148438 -0.157852172851562 0.240509033203125
0.0124502182006836 -0.00262451171875 -0.28997802734375 -0.0330810546875
-0.000192642211914063 0.00894832611083984 -0.216552734375 -0.415374755859375
0.00988197326660156 0.0184001922607422 0.2030029296875 -0.59771728515625
-0.0249538421630859 0.00604820251464844 0.74481201171875 -0.13555908203125
-0.0460205078125 -0.03125 0.6834716796875 0.6005859375
0.0218544006347656 -0.0217990875244141 0.11651611328125 0.6239013671875
0.0394325256347656 -0.0124549865722656 0.04217529296875 0.0723648071289063
0.0186920166015625 -0.0193576812744141 0.05047607421875 -0.6094970703125
-0.00445938110351563 -0.0436897277832031 -0.5748291015625 -0.720458984375
-0.0150718688964844 -0.0234165191650391 -0.84442138671875 0.0904541015625
-0.00926971435546875 0.00544643402099609 -0.3101806640625 0.61114501953125
-0.00603866577148438 0.00723838806152344 0.145904541015625 0.45062255859375
-0.00374174118041992 0.00769186019897461 0.315887451171875 0.023284912109375
0.0166492462158203 0.00494670867919922 0.225601196289063 -0.25274658203125
0.0143966674804687 -0.000463485717773437 -0.155624389648437 0.238449096679688
0.0118818283081055 -0.00474929809570313 -0.286102294921875 -0.03363037109375
-0.00102710723876953 0.00662136077880859 -0.2147216796875 -0.41748046875
0.00955009460449219 0.0154571533203125 0.2027587890625 -0.5975341796875
-0.0227451324462891 0.00881767272949219 0.7474365234375 -0.1307373046875
-0.0416946411132813 -0.0262680053710937 0.6875 0.60345458984375
0.0239791870117188 -0.0145111083984375 0.11651611328125 0.62603759765625
0.0376663208007813 -0.00501632690429688 0.041900634765625 0.074981689453125
0.0199680328369141 -0.0124912261962891 0.0482177734375 -0.6094970703125
-0.0003509521484375 -0.0386505126953125 -0.57574462890625 -0.71917724609375
-0.0116539001464844 -0.0221271514892578 -0.84674072265625 0.09320068359375
-0.009674072265625 0.0025644302368164 -0.3101806640625 0.61138916015625
-0.00576925277709961 0.00481319427490234 0.148712158203125 0.4505615234375
-0.00270557403564453 0.00571060180664063 0.31927490234375 0.021331787109375
0.0198116302490234 0.00681686401367188 0.226959228515625 -0.251449584960938
0.0140419006347656 0.000418663024902344 -0.15582275390625 0.238616943359375
0.0124378204345703 -0.00747489929199219 -0.282440185546875 -0.03509521484375
-0.00198435783386231 0.0021282434463501 -0.20941162109375 -0.42034912109375
0.00900936126708984 0.0122747421264648 0.21075439453125 -0.59442138671875
-0.0204410552978516 0.0104007720947266 0.7490234375 -0.12103271484375
-0.0371437072753906 -0.0205612182617187 0.67822265625 0.615234375
0.0253620147705078 -0.00666046142578125 0.10986328125 0.6302490234375
0.0341167449951172 0.00333213806152344 0.04034423828125 0.0732192993164063
0.0207862854003906 -0.00502204895019531 0.04730224609375 -0.60943603515625
0.00385284423828125 -0.0323867797851563 -0.5791015625 -0.71063232421875
-0.00865554809570312 -0.0199604034423828 -0.84344482421875 0.09906005859375
-0.0089874267578125 -0.000646591186523438 -0.3040771484375 0.6114501953125
-0.00540399551391602 0.000310420989990233 0.153076171875 0.447418212890625
-0.0012965202331543 0.00273513793945312 0.3223876953125 0.0203857421875
0.0196323394775391 0.00742912292480469 0.226394653320313 -0.253372192382813
0.0134000778198242 0.000293731689453125 -0.158432006835937 0.237686157226563
0.0123071670532227 -0.00870418548583984 -0.28094482421875 -0.0359649658203125
-0.00202226638793945 -0.00459575653076172 -0.20428466796875 -0.423370361328125
0.00921535491943359 0.0087432861328125 0.2193603515625 -0.5911865234375
-0.0172538757324219 0.0118026733398437 0.75408935546875 -0.11102294921875
-0.0315628051757813 -0.0141716003417969 0.67083740234375 0.626220703125
0.0256004333496094 0.00123977661132813 0.1055908203125 0.63128662109375
0.0312995910644531 0.00986671447753906 0.0414009094238281 0.0695571899414063
0.0214748382568359 0.00239181518554687 0.03900146484375 -0.61151123046875
0.00747871398925781 -0.0265769958496094 -0.591064453125 -0.70257568359375
-0.00463294982910156 -0.0188522338867188 -0.84033203125 0.114501953125
-0.00809717178344726 -0.00435733795166016 -0.2940673828125 0.61444091796875
-0.004669189453125 -0.00546073913574219 0.16168212890625 0.443115234375
-0.000622093677520752 0.000901997089385986 0.32537841796875 0.018402099609375
0.0192108154296875 0.00703620910644531 0.224533081054688 -0.255630493164063
0.0109167098999023 -0.000913619995117188 -0.162704467773437 0.236801147460938
0.0120954513549805 -0.0095062255859375 -0.28192138671875 -0.0377197265625
-0.00240325927734375 -0.0101108551025391 -0.196807861328125 -0.42816162109375
0.0106525421142578 0.00393867492675781 0.232177734375 -0.59149169921875
-0.0147714614868164 0.0123386383056641 0.75677490234375 -0.09735107421875
-0.0271282196044922 -0.00954627990722656 0.65966796875 0.63812255859375
0.0263938903808594 0.00699615478515625 0.092529296875 0.62786865234375
0.0281448364257812 0.0158100128173828 0.0420646667480469 0.0622367858886719
0.0215320587158203 0.00832557678222656 0.0308837890625 -0.61566162109375
0.0100650787353516 -0.0213527679443359 -0.60302734375 -0.6883544921875
-0.00102615356445312 -0.0174407958984375 -0.83465576171875 0.12847900390625
-0.0069117546081543 -0.00794267654418945 -0.28106689453125 0.61834716796875
-0.0035400390625 -0.0108366012573242 0.17041015625 0.43939208984375
-0.000934362411499023 -0.000369846820831299 0.325408935546875 0.01641845703125
0.0158615112304688 0.00563716888427734 0.221572875976563 -0.258468627929687
0.0094919204711914 -0.00360393524169922 -0.169540405273437 0.23486328125
0.0131254196166992 -0.0097808837890625 -0.284942626953125 -0.0401306152343749
-0.00143241882324219 -0.0158119201660156 -0.187042236328125 -0.43182373046875
0.0108852386474609 0.000478744506835938 0.2454833984375 -0.58782958984375
-0.0122413635253906 0.0122528076171875 0.7608642578125 -0.084228515625
-0.0258560180664063 -0.00608634948730469 0.64581298828125 0.64862060546875
0.0255203247070313 0.0109043121337891 0.0821533203125 0.6234130859375
0.0258388519287109 0.0181808471679687 0.0439224243164063 0.0544052124023438
0.0205249786376953 0.0120143890380859 0.0220947265624999 -0.618896484375
0.0112247467041016 -0.0187644958496094 -0.61572265625 -0.67816162109375
0.00172710418701172 -0.017146110534668 -0.8289794921875 0.1451416015625
-0.00667095184326172 -0.0117683410644531 -0.26800537109375 0.61846923828125
-0.00288963317871094 -0.0166597366333008 0.178802490234375 0.43731689453125
-0.000431656837463379 -0.00173521041870117 0.324462890625 0.014801025390625
0.0127429962158203 0.00403499603271484 0.216690063476563 -0.26080322265625
0.00525856018066406 -0.00922203063964844 -0.168075561523438 0.237869262695313
0.0120401382446289 0.000105857849121094 -0.300872802734375 -0.03387451171875
-0.000329017639160156 0.00858020782470703 -0.215301513671875 -0.415069580078125
0.00994396209716797 0.0172023773193359 0.21173095703125 -0.59698486328125
-0.0254726409912109 0.00385665893554687 0.74737548828125 -0.12908935546875
-0.0497360229492188 -0.0344200134277344 0.6700439453125 0.59625244140625
0.0188674926757813 -0.0277137756347656 0.10369873046875 0.60821533203125
0.0412788391113281 -0.0205230712890625 0.0439300537109375 0.0606613159179688
0.0150680541992188 -0.0266265869140625 0.04205322265625 -0.6142578125
-0.00954818725585937 -0.0472259521484375 -0.58563232421875 -0.70819091796875
-0.0166759490966797 -0.0262832641601563 -0.8370361328125 0.103271484375
-0.00731372833251953 0.00432538986206055 -0.29266357421875 0.60943603515625
-0.00402069091796875 0.00722217559814453 0.153045654296875 0.449554443359375
-0.00317764282226563 0.0108432769775391 0.307373046875 0.022796630859375
0.0110015869140625 -0.000268936157226563 0.2193603515625 -0.252044677734375
0.00890064239501953 -0.00594425201416016 -0.1607666015625 0.238311767578125
0.0123519897460937 -0.00150585174560547 -0.29486083984375 -0.0325622558593749
-5.34057617187495E-05 0.0105485916137695 -0.217620849609375 -0.41357421875
0.009521484375 0.0173120498657227 0.204833984375 -0.59503173828125
-0.0262107849121094 0.00532913208007813 0.746337890625 -0.13238525390625
-0.0489387512207031 -0.0331077575683594 0.67852783203125 0.59674072265625
0.0206203460693359 -0.0260868072509766 0.11163330078125 0.61639404296875
0.04095458984375 -0.016845703125 0.0426216125488281 0.0672645568847656
0.0177841186523438 -0.0242938995361328 0.0460815429687501 -0.6126708984375
-0.008056640625 -0.0465164184570313 -0.57965087890625 -0.7183837890625
-0.0167655944824219 -0.0250797271728516 -0.8397216796875 0.0914306640625
-0.00853729248046875 0.00506067276000977 -0.30389404296875 0.610107421875
-0.00532245635986328 0.00932979583740234 0.14794921875 0.4503173828125
-0.00364017486572266 0.00952529907226563 0.30938720703125 0.022125244140625
0.0139045715332031 0.00326442718505859 0.219802856445313 -0.25018310546875
0.0131311416625977 -0.00296401977539063 -0.156692504882813 0.239791870117188
0.0128641128540039 -0.00264644622802734 -0.289794921875 -0.032684326171875
-3.81469726562545E-06 0.00953960418701172 -0.2176513671875 -0.41278076171875
0.00869178771972656 0.0174617767333984 0.20068359375 -0.59368896484375
-0.0257759094238281 0.00627899169921875 0.74163818359375 -0.13348388671875
-0.0459823608398438 -0.0305023193359375 0.67889404296875 0.59619140625
0.0225601196289063 -0.021392822265625 0.11376953125 0.6182861328125
0.03955078125 -0.0121231079101562 0.0410842895507812 0.0723114013671875
0.01885986328125 -0.019317626953125 0.0513916015624999 -0.6064453125
-0.00488662719726563 -0.0431976318359375 -0.572021484375 -0.71746826171875
-0.0147209167480469 -0.0240058898925781 -0.8394775390625 0.0909423828125
-0.00961494445800781 0.00550651550292969 -0.3072509765625 0.6087646484375
-0.00678300857543945 0.00801324844360352 0.14666748046875 0.449462890625
-0.00252580642700195 0.00831890106201172 0.31365966796875 0.02252197265625
0.0169687271118164 0.00478267669677734 0.225006103515625 -0.250717163085938
0.0154705047607422 -0.00125789642333984 -0.15362548828125 0.23748779296875
0.0123682022094727 -0.00466156005859375 -0.285400390625 -0.033050537109375
-0.000328540802001953 0.00653266906738281 -0.215606689453125 -0.41448974609375
0.00874614715576172 0.0149421691894531 0.2025146484375 -0.59332275390625
-0.0235462188720703 0.00919342041015625 0.74468994140625 -0.12994384765625
-0.0407905578613281 -0.0252342224121094 0.6832275390625 0.59912109375
0.0240802764892578 -0.0149192810058594 0.11492919921875 0.62310791015625
0.037567138671875 -0.00534439086914063 0.0403518676757813 0.074462890625
0.0192966461181641 -0.0124778747558594 0.04876708984375 -0.60498046875
-0.0010223388671875 -0.0377082824707031 -0.57464599609375 -0.71392822265625
-0.0132312774658203 -0.0216655731201172 -0.84112548828125 0.09234619140625
-0.00950241088867188 0.00284290313720703 -0.3079833984375 0.6090087890625
-0.00582170486450195 0.00510883331298828 0.148529052734375 0.447418212890625
-0.0020298957824707 0.00622892379760742 0.317291259765625 0.0208740234375
0.0194435119628906 0.0068817138671875 0.225082397460938 -0.250625610351563
0.0152816772460937 0.000361442565917969 -0.154266357421875 0.236923217773438
0.0122900009155273 -0.0069437026977539 -0.2816162109375 -0.0341796875
-0.0016244649887085 0.00216019153594971 -0.209228515625 -0.417572021484375
0.0083780288696289 0.0121784210205078 0.21075439453125 -0.59039306640625
-0.0209274291992187 0.00985336303710938 0.74383544921875 -0.1197509765625
-0.0362663269042969 -0.0195465087890625 0.67626953125 0.6102294921875
0.0250911712646484 -0.00622940063476563 0.10821533203125 0.62646484375
0.0338592529296875 0.00329017639160156 0.040191650390625 0.0731430053710938
0.0213966369628906 -0.00512886047363281 0.0464477539062499 -0.6043701171875
0.00344657897949219 -0.0322437286376953 -0.5770263671875 -0.70770263671875
-0.00873184204101563 -0.01983642578125 -0.83782958984375 0.10125732421875
-0.00976085662841797 -0.000583648681640625 -0.3011474609375 0.609619140625
-0.00585126876831055 0.000151634216308594 0.154144287109375 0.4456787109375
-0.0014955997467041 0.0036613941192627 0.320281982421875 0.0198974609375
0.0195999145507813 0.00728988647460938 0.225479125976563 -0.25250244140625
0.0147256851196289 -0.000408172607421875 -0.1573486328125 0.236343383789063
0.0118312835693359 -0.009490966796875 -0.28076171875 -0.035797119140625
-0.00225210189819336 -0.0035550594329834 -0.20343017578125 -0.420806884765625
0.00838375091552734 0.00825643539428711 0.21844482421875 -0.58917236328125
-0.0175590515136719 0.0122509002685547 0.75 -0.11053466796875
-0.0308647155761719 -0.0139923095703125 0.66766357421875 0.62030029296875
0.026611328125 0.00111579895019531 0.102294921875 0.62628173828125
0.0308837890625 0.0101280212402344 0.0411567687988281 0.0691680908203125
0.0216598510742188 0.002349853515625 0.03887939453125 -0.6072998046875
0.00703048706054688 -0.0258426666259766 -0.587646484375 -0.6981201171875
-0.00481414794921875 -0.0189990997314453 -0.83563232421875 0.11456298828125
-0.00844955444335938 -0.00403308868408203 -0.29278564453125 0.6136474609375
-0.00453853607177734 -0.00503015518188477 0.160003662109375 0.44036865234375
-0.000871062278747559 0.00156605243682861 0.323638916015625 0.017669677734375
0.0188179016113281 0.00695419311523438 0.222686767578125 -0.25469970703125
0.012639045715332 -0.00191020965576172 -0.161788940429688 0.234710693359375
0.0126218795776367 -0.0102195739746094 -0.281768798828125 -0.037506103515625
-0.0027008056640625 -0.00983142852783203 -0.195556640625 -0.425933837890625
0.00922966003417969 0.00386619567871094 0.23138427734375 -0.58734130859375
-0.0150823593139648 0.0126256942749023 0.7525634765625 -0.0970458984375
-0.0275287628173828 -0.00881576538085937 0.65533447265625 0.6334228515625
0.0261573791503906 0.0070648193359375 0.0924072265625 0.62274169921875
0.0273189544677734 0.0152111053466797 0.0419158935546875 0.0619773864746094
0.0212211608886719 0.00882148742675781 0.0304565429687501 -0.610595703125
0.00944900512695312 -0.0204353332519531 -0.59814453125 -0.6849365234375
-0.000909805297851562 -0.0176048278808594 -0.830322265625 0.12811279296875
-0.0074310302734375 -0.00858974456787109 -0.279296875 0.6162109375
-0.00276470184326172 -0.0106277465820313 0.169097900390625 0.438018798828125
-0.00102913379669189 -0.000745534896850586 0.325042724609375 0.015716552734375
0.0165672302246094 0.00522232055664063 0.218826293945313 -0.257308959960938
0.0101766586303711 -0.00390529632568359 -0.168365478515625 0.23333740234375
0.0129709243774414 -0.0100317001342773 -0.28326416015625 -0.03900146484375
-0.00204372406005859 -0.015192985534668 -0.188262939453125 -0.430084228515625
0.01007080078125 0.000925064086914062 0.2437744140625 -0.58428955078125
-0.0132169723510742 0.0125141143798828 0.75677490234375 -0.0830078125
-0.0251808166503906 -0.00555038452148438 0.64471435546875 0.6435546875
0.0263404846191406 0.0105991363525391 0.08197021484375 0.61865234375
0.0254497528076172 0.0180892944335938 0.0431594848632812 0.0535697937011719
0.0212135314941406 0.0112762451171875 0.02056884765625 -0.61444091796875
0.0107746124267578 -0.0182723999023438 -0.61334228515625 -0.6741943359375
0.00191593170166016 -0.0169887542724609 -0.82403564453125 0.14447021484375
-0.00652027130126953 -0.0120840072631836 -0.26654052734375 0.61688232421875
-0.0028839111328125 -0.0159139633178711 0.17755126953125 0.435516357421875
-0.00072479248046875 -0.00197160243988037 0.323333740234375 0.013427734375
0.0123796463012695 0.00433540344238281 0.214340209960938 -0.259109497070313
0.00640106201171875 -0.0102920532226563 -0.167892456054687 0.237289428710938
0.0123453140258789 -0.00057220458984375 -0.300811767578125 -0.0335083007812499
0.000112533569335938 0.00931644439697266 -0.213714599609375 -0.41162109375
0.0106344223022461 0.0166635513305664 0.2117919921875 -0.593994140625
-0.0264244079589844 0.00434112548828126 0.74603271484375 -0.12823486328125
-0.0483207702636719 -0.0338554382324219 0.666748046875 0.594970703125
0.0188217163085937 -0.0284309387207031 0.10211181640625 0.60400390625
0.0410842895507812 -0.0208473205566406 0.0439262390136719 0.0596466064453125
0.0154876708984375 -0.0264263153076172 0.0424194335937499 -0.6138916015625
-0.009918212890625 -0.0466651916503906 -0.58294677734375 -0.70550537109375
-0.0169315338134766 -0.0261688232421875 -0.83245849609375 0.10284423828125
-0.00792932510375977 0.00494289398193359 -0.2908935546875 0.608154296875
-0.0047154426574707 0.00760841369628906 0.15234375 0.449005126953125
-0.00353431701660156 0.0112075805664062 0.30596923828125 0.023284912109375
0.0114727020263672 -5.7220458984375E-05 0.218093872070313 -0.251266479492188
0.0106058120727539 -0.00662040710449219 -0.159317016601562 0.23663330078125
0.0127124786376953 -0.00133991241455078 -0.294403076171875 -0.031829833984375
0.0002288818359375 0.0102119445800781 -0.21746826171875 -0.410919189453125
0.00974845886230469 0.0168857574462891 0.20574951171875 -0.592041015625
-0.0268878936767578 0.00529670715332031 0.74261474609375 -0.1312255859375
-0.0481986999511719 -0.0326080322265625 0.6739501953125 0.5936279296875
0.0210819244384766 -0.0271282196044922 0.10980224609375 0.61126708984375
0.0405960083007813 -0.0173912048339844 0.0423164367675781 0.0666160583496094
0.0173130035400391 -0.0247211456298828 0.04742431640625 -0.60943603515625
-0.00805282592773437 -0.0459976196289063 -0.57672119140625 -0.7138671875
-0.0173377990722656 -0.0256252288818359 -0.83709716796875 0.0915527343750001
-0.00934696197509766 0.00490760803222656 -0.30279541015625 0.60870361328125
-0.00536155700683594 0.00908470153808594 0.146575927734375 0.449310302734375
-0.00346088409423828 0.00974464416503906 0.30804443359375 0.021575927734375
0.0153837203979492 0.00329017639160156 0.219528198242188 -0.249969482421875
0.013554573059082 -0.00453281402587891 -0.1553955078125 0.237289428710938
0.0132083892822266 -0.00228595733642578 -0.2901611328125 -0.03240966796875
0.000366210937500001 0.0100784301757813 -0.21759033203125 -0.41064453125
0.00899410247802734 0.0168056488037109 0.20123291015625 -0.58978271484375
-0.0253925323486328 0.00711441040039062 0.73876953125 -0.13311767578125
-0.0446014404296875 -0.0290641784667969 0.67706298828125 0.59429931640625
0.0224971771240234 -0.0222301483154297 0.11224365234375 0.615966796875
0.0393905639648438 -0.0117149353027344 0.0416030883789062 0.0717391967773438
0.0190391540527344 -0.0193367004394531 0.0499877929687499 -0.6025390625
-0.00511550903320312 -0.0425872802734375 -0.5682373046875 -0.71484375
-0.0161933898925781 -0.024749755859375 -0.83697509765625 0.09039306640625
-0.0100488662719727 0.00471019744873047 -0.3056640625 0.608154296875
-0.00618505477905273 0.0081171989440918 0.144989013671875 0.449188232421875
-0.00205135345458984 0.00894355773925781 0.3131103515625 0.0225830078125
0.0181236267089844 0.00482177734375 0.2249755859375 -0.249557495117188
0.0160150527954102 -0.00246429443359375 -0.153411865234375 0.235275268554688
0.0127897262573242 -0.00451564788818359 -0.28509521484375 -0.032989501953125
-0.000618934631347656 0.00687694549560547 -0.21600341796875 -0.412689208984375
0.0087137222290039 0.0148954391479492 0.2017822265625 -0.59063720703125
-0.0239067077636719 0.00877189636230468 0.7398681640625 -0.1292724609375
-0.040435791015625 -0.0251388549804687 0.6806640625 0.59814453125
0.0240325927734375 -0.0150299072265625 0.1138916015625 0.61968994140625
0.03717041015625 -0.00522994995117188 0.0392532348632813 0.0741958618164063
0.0205936431884766 -0.0130844116210938 0.04913330078125 -0.60211181640625
-0.00174331665039062 -0.03759765625 -0.57098388671875 -0.709228515625
-0.0135173797607422 -0.0219326019287109 -0.8375244140625 0.0931396484375002
-0.0105447769165039 0.00301265716552734 -0.30718994140625 0.60748291015625
-0.00536966323852539 0.00482273101806641 0.146881103515625 0.447235107421875
-0.00232553482055664 0.00637960433959961 0.316314697265625 0.02001953125
0.0203151702880859 0.0055999755859375 0.223663330078125 -0.250152587890625
0.0163288116455078 -0.000902175903320313 -0.15350341796875 0.23480224609375
0.0128726959228516 -0.00736141204833984 -0.28131103515625 -0.033935546875
-0.00139307975769043 0.00193798542022705 -0.209197998046875 -0.414276123046875
0.00814342498779297 0.0114316940307617 0.20782470703125 -0.586669921875
-0.0210514068603516 0.00956344604492188 0.74176025390625 -0.11932373046875
-0.0347080230712891 -0.0186214447021484 0.6739501953125 0.60748291015625
0.0261802673339844 -0.00761222839355469 0.106201171875 0.621826171875
0.0347728729248047 0.00333976745605469 0.039215087890625 0.0736083984375
0.0214633941650391 -0.00452804565429688 0.04742431640625 -0.6024169921875
0.00335311889648438 -0.0312862396240234 -0.57427978515625 -0.70452880859375
-0.00922012329101562 -0.0200061798095703 -0.83587646484375 0.1002197265625
-0.0100135803222656 -0.000355720520019531 -0.30218505859375 0.60821533203125
-0.00465679168701172 0.000949859619140626 0.151214599609375 0.444610595703125
-0.000496625900268555 0.00412321090698242 0.31878662109375 0.019378662109375
0.0204582214355469 0.0066375732421875 0.22369384765625 -0.252792358398438
0.015650749206543 -0.000734329223632813 -0.156646728515625 0.234268188476562
0.0132122039794922 -0.0085906982421875 -0.28021240234375 -0.0352020263671875
-0.00217533111572266 -0.00325727462768555 -0.203094482421875 -0.4190673828125
0.00799179077148438 0.00795602798461914 0.21563720703125 -0.58404541015625
-0.0174560546875 0.0116682052612305 0.7481689453125 -0.10791015625
-0.0300178527832031 -0.0137748718261719 0.66632080078125 0.6182861328125
0.0265483856201172 0.000640869140625 0.1011962890625 0.62322998046875
0.0309715270996094 0.0105705261230469 0.0402755737304687 0.0690078735351563
0.0219516754150391 0.00262260437011719 0.0396728515625 -0.6043701171875
0.00699043273925782 -0.0256996154785156 -0.584228515625 -0.69415283203125
-0.00535202026367188 -0.0192241668701172 -0.83148193359375 0.11529541015625
-0.00897026062011719 -0.0040740966796875 -0.29254150390625 0.61248779296875
-0.0047607421875 -0.00473260879516602 0.15826416015625 0.441192626953125
-0.00106883049011231 0.00199723243713379 0.32159423828125 0.016571044921875
0.0199909210205078 0.00699043273925781 0.221572875976562 -0.253738403320313
0.012725830078125 -0.00194644927978516 -0.161209106445312 0.233993530273437
0.014317512512207 -0.00937938690185547 -0.281524658203125 -0.037445068359375
-0.00263118743896484 -0.00904655456542969 -0.195587158203125 -0.423675537109375
0.00895023345947266 0.00340366363525391 0.23065185546875 -0.583251953125
-0.014805793762207 0.0123281478881836 0.75054931640625 -0.096923828125
-0.0270843505859375 -0.00850296020507813 0.6522216796875 0.62884521484375
0.0272541046142578 0.00627517700195313 0.08990478515625 0.6195068359375
0.0277881622314453 0.0160026550292969 0.0417518615722656 0.0621604919433594
0.0213680267333984 0.00852012634277344 0.0316772460937499 -0.6085205078125
0.00930976867675781 -0.0205631256103516 -0.59619140625 -0.68133544921875
-0.00164031982421875 -0.0176811218261719 -0.8255615234375 0.1279296875
-0.00829505920410156 -0.00894832611083984 -0.27783203125 0.61468505859375
-0.00334262847900391 -0.0107049942016602 0.168701171875 0.437255859375
8.00192356109619E-06 -0.000104933977127075 0.3226318359375 0.014984130859375
0.016749382019043 0.00553417205810547 0.217620849609375 -0.256881713867188
0.0109262466430664 -0.00474452972412109 -0.1669921875 0.231658935546875
0.0134162902832031 -0.00984954833984375 -0.283660888671875 -0.03973388671875
-0.001739501953125 -0.0147247314453125 -0.187774658203125 -0.426544189453125
0.00985145568847656 0.000614166259765625 0.2431640625 -0.58099365234375
-0.0121555328369141 0.0127763748168945 0.75390625 -0.08135986328125
-0.0249500274658203 -0.00510597229003906 0.64154052734375 0.64117431640625
0.0275917053222656 0.0100917816162109 0.07928466796875 0.61505126953125
0.0258617401123047 0.0181846618652344 0.0419883728027344 0.0539398193359375
0.0204753875732422 0.0115203857421875 0.021728515625 -0.61175537109375
0.0103874206542969 -0.0179080963134766 -0.609130859375 -0.67138671875
0.00128936767578125 -0.0172042846679688 -0.821044921875 0.14532470703125
-0.0068817138671875 -0.0124425888061523 -0.2652587890625 0.61431884765625
-0.00356197357177734 -0.0162868499755859 0.17718505859375 0.43414306640625
-0.000460267066955567 -0.000978827476501465 0.321441650390625 0.013427734375
0.0137090682983398 0.00372409820556641 0.214111328125 -0.25885009765625
0.00675773620605469 -0.0110158920288086 -0.16790771484375 0.2364501953125
0.0128068923950195 0.000207901000976563 -0.29998779296875 -0.03363037109375
6.96182250976568E-05 0.00957107543945313 -0.21429443359375 -0.410369873046875
0.00946426391601562 0.0164155960083008 0.211669921875 -0.590576171875
-0.0262489318847656 0.00414848327636719 0.7430419921875 -0.1270751953125
-0.0483055114746094 -0.0333938598632813 0.6636962890625 0.59320068359375
0.0194549560546875 -0.0291976928710938 0.10003662109375 0.60211181640625
0.0410194396972656 -0.0204544067382812 0.0425872802734375 0.0601272583007813
0.0161247253417969 -0.0261039733886719 0.04254150390625 -0.61077880859375
-0.0104522705078125 -0.0464134216308594 -0.5806884765625 -0.703857421875
-0.0169773101806641 -0.0271396636962891 -0.83099365234375 0.10302734375
-0.00763320922851562 0.00428247451782227 -0.29034423828125 0.60888671875
-0.00377798080444336 0.00728511810302734 0.152557373046875 0.447998046875
-0.00290203094482422 0.0116262435913086 0.304290771484375 0.022430419921875
0.0118045806884766 -8.48770141601563E-05 0.218017578125 -0.250030517578125
0.0118551254272461 -0.00741291046142578 -0.159759521484375 0.234725952148437
0.0135602951049805 -0.00125503540039063 -0.294342041015625 -0.031982421875
0.000372886657714843 0.0111846923828125 -0.216217041015625 -0.40924072265625
0.00879096984863282 0.0169486999511719 0.20599365234375 -0.59063720703125
-0.0270252227783203 0.00548171997070312 0.74224853515625 -0.129150390625
-0.0473480224609375 -0.0319938659667969 0.67254638671875 0.59075927734375
0.0219917297363281 -0.0268821716308594 0.108154296875 0.60894775390625
0.041595458984375 -0.0176734924316406 0.0419120788574219 0.0665283203125
0.0183601379394531 -0.0241832733154297 0.04833984375 -0.6077880859375
-0.00855255126953126 -0.04498291015625 -0.57452392578125 -0.7115478515625
-0.0181255340576172 -0.0250129699707031 -0.83544921875 0.091796875
-0.00929927825927734 0.00442981719970703 -0.3011474609375 0.60675048828125
-0.00466823577880859 0.00923633575439453 0.146697998046875 0.44891357421875
-0.00291061401367187 0.0100984573364258 0.307525634765625 0.02178955078125
0.0152111053466797 0.00289154052734375 0.219314575195313 -0.248931884765625
0.0141191482543945 -0.00483322143554688 -0.156112670898438 0.235824584960938
0.0139083862304688 -0.00248813629150391 -0.290252685546875 -0.032073974609375
-0.000129699707031249 0.0111227035522461 -0.216156005859375 -0.41046142578125
0.0078582763671875 0.0166349411010742 0.20098876953125 -0.5892333984375
-0.0260124206542969 0.00702667236328125 0.7384033203125 -0.13238525390625
-0.0439262390136719 -0.0289459228515625 0.6759033203125 0.59161376953125
0.0232753753662109 -0.0214824676513672 0.1092529296875 0.61273193359375
0.03985595703125 -0.0114593505859375 0.0401382446289062 0.0723037719726563
0.0199756622314453 -0.0188655853271484 0.05169677734375 -0.60211181640625
-0.0063018798828125 -0.0423583984375 -0.56640625 -0.71270751953125
-0.0166168212890625 -0.0244102478027344 -0.83428955078125 0.0898437499999998
-0.0108890533447266 0.00449180603027344 -0.30682373046875 0.6072998046875
-0.00627517700195312 0.00799131393432617 0.144989013671875 0.447998046875
-0.00228261947631836 0.00827455520629883 0.3114013671875 0.022674560546875
0.0180530548095703 0.0038299560546875 0.22314453125 -0.250015258789063
0.0169105529785156 -0.00241661071777344 -0.153106689453125 0.233734130859375
0.0133047103881836 -0.00489902496337891 -0.285003662109375 -0.032958984375
-0.000254631042480469 0.00701093673706055 -0.214996337890625 -0.410369873046875
0.00873279571533203 0.0147209167480469 0.20208740234375 -0.58856201171875
-0.0233745574951172 0.00883865356445313 0.741455078125 -0.12664794921875
-0.0397911071777344 -0.024200439453125 0.677978515625 0.59674072265625
0.0251636505126953 -0.0154609680175781 0.11224365234375 0.61614990234375
0.0378761291503906 -0.00462722778320313 0.0391616821289063 0.0745391845703125
0.0203704833984375 -0.0123558044433594 0.0500488281249999 -0.59893798828125
-0.00194168090820313 -0.0371284484863281 -0.56817626953125 -0.70782470703125
-0.0142784118652344 -0.0220737457275391 -0.8363037109375 0.092529296875
-0.0106210708618164 0.00257110595703125 -0.3072509765625 0.6083984375
-0.00572586059570313 0.00514984130859375 0.1458740234375 0.447509765625
-0.0023655891418457 0.00669240951538086 0.31451416015625 0.020721435546875
0.0212879180908203 0.00626945495605469 0.224105834960938 -0.248703002929688
0.0170936584472656 -0.00130367279052734 -0.15386962890625 0.233367919921875
0.0136098861694336 -0.00675582885742188 -0.28253173828125 -0.0331115722656249
-0.00170278549194336 0.00255775451660156 -0.208709716796875 -0.414794921875
0.00716114044189453 0.0116634368896484 0.208251953125 -0.58489990234375
-0.0210475921630859 0.0105438232421875 0.74066162109375 -0.117919921875
-0.0345401763916016 -0.0192432403564453 0.66998291015625 0.60565185546875
0.0267581939697266 -0.00681114196777344 0.10394287109375 0.6190185546875
0.0337963104248047 0.00313758850097656 0.0387420654296875 0.0735702514648438
0.0214157104492188 -0.00428390502929688 0.047119140625 -0.59930419921875
0.00284576416015625 -0.0307979583740234 -0.571533203125 -0.7027587890625
-0.00979995727539062 -0.0201377868652344 -0.83197021484375 0.09942626953125
-0.0100221633911133 -0.000578880310058595 -0.3013916015625 0.60791015625
-0.00527191162109375 0.000766754150390625 0.152008056640625 0.44329833984375
-0.00115847587585449 0.0036318302154541 0.31787109375 0.0189208984375
0.0213375091552734 0.00661277770996094 0.223312377929687 -0.250518798828125
0.0161876678466797 -0.00174903869628906 -0.155471801757813 0.232711791992187
0.0131168365478516 -0.0091552734375 -0.280715942382813 -0.034423828125
-0.0022435188293457 -0.00338006019592285 -0.203216552734375 -0.417236328125
0.00737762451171875 0.0074005126953125 0.21783447265625 -0.58428955078125
-0.0182685852050781 0.0117988586425781 0.74554443359375 -0.1082763671875
-0.0300083160400391 -0.0129852294921875 0.6634521484375 0.6185302734375
0.0278854370117188 0.000444412231445313 0.09967041015625 0.62030029296875
0.0311012268066406 0.0099029541015625 0.0396919250488281 0.06878662109375
0.0213336944580078 0.00270843505859375 0.0418701171875 -0.6016845703125
0.00631523132324219 -0.0248546600341797 -0.58319091796875 -0.69207763671875
-0.00616645812988281 -0.0187911987304688 -0.83123779296875 0.11358642578125
-0.0091094970703125 -0.00432777404785156 -0.2908935546875 0.61083984375
-0.00381088256835937 -0.00482034683227539 0.1597900390625 0.43994140625
-0.00142073631286621 0.00169920921325684 0.320465087890625 0.0167236328125
0.0198974609375 0.00691032409667969 0.2213134765625 -0.253463745117188
0.013911247253418 -0.00277423858642578 -0.1611328125 0.231582641601563
0.0138444900512695 -0.0100603103637695 -0.282318115234375 -0.0369873046875
-0.00268268585205078 -0.00949001312255859 -0.195343017578125 -0.42230224609375
0.00800228118896484 0.00374794006347656 0.23223876953125 -0.58209228515625
-0.0148715972900391 0.0130386352539063 0.7489013671875 -0.09490966796875
-0.0260696411132813 -0.00839233398437499 0.6505126953125 0.6285400390625
0.0279121398925781 0.00614738464355469 0.0886230468749999 0.61785888671875
0.0276660919189453 0.0156803131103516 0.0398330688476562 0.0623741149902344
0.0211334228515625 0.00886154174804687 0.033203125 -0.60748291015625
0.009185791015625 -0.0206947326660156 -0.59246826171875 -0.68017578125
-0.00234794616699219 -0.0173463821411133 -0.8248291015625 0.12725830078125
-0.00859451293945313 -0.00869274139404297 -0.27880859375 0.6131591796875
-0.00369548797607422 -0.0103178024291992 0.16912841796875 0.43719482421875
-0.000130742788314819 -0.000226542353630066 0.321441650390625 0.0147705078125
0.0181198120117188 0.00558090209960938 0.21771240234375 -0.255844116210938
0.0119447708129883 -0.00590324401855469 -0.167465209960938 0.230148315429688
0.0151491165161133 -0.0100851058959961 -0.283416748046875 -0.03973388671875
-0.00186347961425781 -0.014103889465332 -0.186737060546875 -0.425811767578125
0.00958251953125 0.000204086303710938 0.24310302734375 -0.57952880859375
-0.0128135681152344 0.0123891830444336 0.75201416015625 -0.08135986328125
-0.0240592956542969 -0.00537300109863281 0.6387939453125 0.63848876953125
0.0268516540527344 0.00964546203613281 0.080078125 0.6123046875
0.0259666442871094 0.0178642272949219 0.041748046875 0.0537338256835938
0.0213050842285156 0.0109920501708984 0.02313232421875 -0.6094970703125
0.0100173950195313 -0.0173549652099609 -0.60675048828125 -0.6693115234375
0.00020885467529297 -0.0173521041870117 -0.82025146484375 0.14337158203125
-0.00741291046142578 -0.0128822326660156 -0.2645263671875 0.614990234375
-0.00325870513916016 -0.0152206420898437 0.17633056640625 0.43505859375
-0.000380665063858032 -0.000331133604049683 0.32025146484375 0.01318359375
0.0138006210327148 0.00310897827148438 0.213485717773438 -0.25775146484375
0.00831127166748047 -0.0112495422363281 -0.168121337890625 0.234298706054688
0.0137434005737305 -0.000436782836914063 -0.301361083984375 -0.033843994140625
0.000250816345214843 0.009918212890625 -0.212982177734375 -0.408599853515625
0.00915145874023437 0.0161781311035156 0.2125244140625 -0.58868408203125
-0.0262603759765625 0.00405693054199219 0.74456787109375 -0.12591552734375
-0.0480270385742188 -0.0333518981933594 0.66204833984375 0.5931396484375
0.0208225250244141 -0.0287151336669922 0.09881591796875 0.59991455078125
0.0418434143066406 -0.0207595825195313 0.0420875549316406 0.0600624084472656
0.0159683227539063 -0.0255756378173828 0.04351806640625 -0.60992431640625
-0.0105667114257812 -0.0456390380859375 -0.57879638671875 -0.70404052734375
-0.0176296234130859 -0.0260753631591797 -0.8297119140625 0.10009765625
-0.00790262222290039 0.00378704071044922 -0.29205322265625 0.60882568359375
-0.00422286987304687 0.0073089599609375 0.1514892578125 0.4490966796875
-0.00210189819335937 0.0115966796875 0.304107666015625 0.022918701171875
0.012171745300293 -0.00061798095703125 0.218353271484375 -0.24951171875
0.0121183395385742 -0.00711345672607422 -0.159896850585938 0.233642578125
0.0138578414916992 -0.00185585021972656 -0.295867919921875 -0.03228759765625
0.000120162963867188 0.0115804672241211 -0.2154541015625 -0.409027099609375
0.00796985626220703 0.0173721313476563 0.2069091796875 -0.590087890625
-0.0276641845703125 0.00496101379394531 0.74298095703125 -0.129150390625
-0.0467567443847656 -0.0315780639648438 0.6719970703125 0.59112548828125
0.0221633911132813 -0.0263729095458984 0.106201171875 0.60894775390625
0.0415191650390625 -0.0171127319335938 0.041290283203125 0.0662345886230469
0.0179214477539062 -0.0238895416259766 0.0496826171875 -0.606201171875
-0.00881576538085937 -0.0447425842285156 -0.57183837890625 -0.71173095703125
-0.0184326171875 -0.0251083374023438 -0.8341064453125 0.0906982421875001
-0.00941562652587891 0.00549507141113281 -0.30316162109375 0.6065673828125
-0.00562953948974609 0.00921344757080078 0.14495849609375 0.449951171875
-0.00199985504150391 0.0103082656860352 0.30621337890625 0.02191162109375
0.0155515670776367 0.00264358520507813 0.21875 -0.2484130859375
0.0147647857666016 -0.00499439239501953 -0.155654907226562 0.234909057617188
0.01458740234375 -0.00242424011230469 -0.29071044921875 -0.031829833984375
-0.00017547607421875 0.0105094909667969 -0.21563720703125 -0.40972900390625
0.00799465179443359 0.0163030624389648 0.201416015625 -0.588134765625
-0.0260524749755859 0.00764083862304687 0.73779296875 -0.1292724609375
-0.0428886413574219 -0.0286636352539063 0.67376708984375 0.5931396484375
0.0239715576171875 -0.0220413208007813 0.109375 0.6119384765625
0.0404701232910156 -0.0114097595214844 0.0393753051757812 0.0720977783203125
0.0199241638183594 -0.0192203521728516 0.0523071289062501 -0.601318359375
-0.00629425048828125 -0.0415229797363281 -0.56365966796875 -0.71124267578125
-0.0169086456298828 -0.024322509765625 -0.83355712890625 0.08831787109375
-0.0110502243041992 0.00542736053466797 -0.30810546875 0.60809326171875
-0.00614643096923828 0.00848817825317383 0.144256591796875 0.447998046875
-0.00205802917480469 0.00882625579833984 0.31072998046875 0.02203369140625
0.0191516876220703 0.00397109985351563 0.223587036132813 -0.249496459960938
0.0176582336425781 -0.00259017944335937 -0.152862548828125 0.232528686523437
0.0140380859375 -0.00506591796875 -0.2857666015625 -0.033111572265625
-0.000373363494873047 0.00846195220947266 -0.21319580078125 -0.410400390625
0.00708770751953125 0.0145378112792969 0.20245361328125 -0.58697509765625
-0.0237846374511719 0.00868606567382813 0.73974609375 -0.1279296875
-0.0391998291015625 -0.0247001647949219 0.67645263671875 0.59564208984375
0.0260791778564453 -0.0157470703125 0.10906982421875 0.6153564453125
0.0377349853515625 -0.00536346435546875 0.038421630859375 0.0739288330078125
0.021240234375 -0.0132255554199219 0.050048828125 -0.59832763671875
-0.00220108032226562 -0.0361671447753906 -0.566162109375 -0.7073974609375
-0.0145931243896484 -0.0220413208007813 -0.8348388671875 0.090576171875
-0.0107736587524414 0.00301265716552734 -0.30718994140625 0.60748291015625
-0.00555133819580078 0.00579404830932617 0.14544677734375 0.447265625
-0.00236988067626953 0.00682735443115234 0.313995361328125 0.02081298828125
0.0214920043945313 0.00549697875976563 0.224380493164063 -0.249313354492188
0.0171985626220703 -0.00234603881835938 -0.153152465820312 0.231903076171875
0.014164924621582 -0.00751972198486328 -0.282928466796875 -0.033935546875
-0.00145363807678223 0.00285625457763672 -0.208770751953125 -0.41357421875
0.00650405883789063 0.0118646621704102 0.21063232421875 -0.58404541015625
-0.0207252502441406 0.0103816986083984 0.74053955078125 -0.1158447265625
-0.0337028503417969 -0.019073486328125 0.67047119140625 0.60516357421875
0.0264320373535156 -0.00849342346191406 0.1011962890625 0.6175537109375
0.0348262786865234 0.00345420837402344 0.0374298095703125 0.0734634399414063
0.0218544006347656 -0.00440216064453125 0.04913330078125 -0.59796142578125
0.00262641906738281 -0.0300178527832031 -0.56915283203125 -0.702392578125
-0.0102615356445313 -0.0199127197265625 -0.8319091796875 0.0990600585937501
-0.0106420516967773 -0.000337600708007811 -0.30218505859375 0.608154296875
-0.00426077842712402 0.000914335250854493 0.15228271484375 0.44476318359375
-0.0005645751953125 0.00505352020263672 0.317169189453125 0.01947021484375
0.0224437713623047 0.00619888305664063 0.223495483398438 -0.250228881835938
0.0172204971313477 -0.00296401977539063 -0.156234741210938 0.232177734375
0.0141401290893555 -0.00896739959716797 -0.281463623046875 -0.0353698730468749
-0.00236105918884277 -0.00282955169677734 -0.201202392578125 -0.417266845703125
0.00747966766357422 0.00692176818847656 0.2193603515625 -0.58197021484375
-0.0181827545166016 0.0115985870361328 0.74444580078125 -0.10595703125
-0.0286693572998047 -0.0133571624755859 0.66253662109375 0.6181640625
0.0283908843994141 -0.000370025634765625 0.0961914062500001 0.6182861328125
0.0309505462646484 0.0103836059570313 0.038116455078125 0.0690536499023438
0.0222892761230469 0.00232124328613281 0.0408935546875 -0.6005859375
0.00634384155273437 -0.0245437622070313 -0.5810546875 -0.69342041015625
-0.00666427612304688 -0.0191287994384766 -0.8291015625 0.11138916015625
-0.00910568237304688 -0.00463581085205078 -0.2916259765625 0.61163330078125
-0.00312328338623047 -0.0052332878112793 0.157867431640625 0.440826416015625
0.000422954559326172 0.00291728973388672 0.319793701171875 0.01739501953125
0.021148681640625 0.0065460205078125 0.220993041992187 -0.253128051757813
0.0154180526733398 -0.00428867340087891 -0.16070556640625 0.230911254882813
0.0146579742431641 -0.00930690765380859 -0.2822265625 -0.03778076171875
-0.00263595581054687 -0.00824499130249023 -0.19415283203125 -0.421234130859375
0.00756931304931641 0.00253725051879883 0.2314453125 -0.580810546875
-0.0154600143432617 0.0124931335449219 0.74993896484375 -0.09344482421875
-0.0254402160644531 -0.00795745849609376 0.65020751953125 0.6295166015625
0.0277023315429688 0.00593185424804688 0.08551025390625 0.615234375
0.0279521942138672 0.0149059295654297 0.0399436950683594 0.062286376953125
0.0222377777099609 0.00774383544921875 0.03338623046875 -0.6058349609375
0.00909042358398438 -0.0203628540039063 -0.59088134765625 -0.68011474609375
-0.00250911712646484 -0.0172348022460938 -0.824462890625 0.12713623046875
-0.00851154327392578 -0.00861454010009766 -0.27838134765625 0.6138916015625
-0.0033721923828125 -0.0103816986083984 0.167327880859375 0.436767578125
-0.000197827816009522 0.000972747802734375 0.321563720703125 0.015289306640625
0.0184783935546875 0.00535392761230469 0.217803955078125 -0.25537109375
0.0129413604736328 -0.00645351409912109 -0.167999267578125 0.229629516601562
0.0157632827758789 -0.00991344451904297 -0.28424072265625 -0.03857421875
-0.00218009948730469 -0.0137147903442383 -0.187591552734375 -0.424713134765625
0.00859928131103516 0.000145435333251953 0.24444580078125 -0.57794189453125
-0.0132951736450195 0.0128021240234375 0.75274658203125 -0.078857421875
-0.0228767395019531 -0.00501823425292968 0.63763427734375 0.63848876953125
0.0279426574707031 0.008636474609375 0.076171875 0.60986328125
0.0261974334716797 0.0179176330566406 0.0405082702636719 0.0536308288574219
0.0211048126220703 0.0112190246582031 0.02239990234375 -0.60906982421875
0.00988674163818359 -0.0170602798461914 -0.6063232421875 -0.671142578125
2.76565551757803E-05 -0.0170249938964844 -0.8197021484375 0.1419677734375
-0.00736618041992188 -0.0121908187866211 -0.265625 0.615478515625
-0.00240898132324219 -0.0151939392089844 0.176055908203125 0.433349609375
0.000231683254241943 -0.000297397375106812 0.320159912109375 0.01373291015625
0.0141611099243164 0.00391864776611328 0.213165283203125 -0.258255004882812
0.009033203125 -0.0128068923950195 -0.168685913085938 0.233123779296875
0.0142135620117187 -0.000514030456542969 -0.302490234375 -0.03338623046875
-0.000122070312500001 0.0102882385253906 -0.21392822265625 -0.40985107421875
0.00807857513427735 0.0159702301025391 0.2139892578125 -0.58953857421875
-0.0273876190185547 0.00402259826660157 0.74420166015625 -0.1241455078125
-0.0469093322753906 -0.0332984924316406 0.66168212890625 0.59454345703125
0.0209598541259766 -0.0284366607666016 0.0954589843750001 0.59906005859375
0.0409736633300781 -0.0201988220214844 0.0414657592773437 0.06085205078125
0.0167484283447266 -0.0253963470458984 0.0458984375 -0.61004638671875
-0.0107307434082031 -0.0449943542480469 -0.57843017578125 -0.70538330078125
-0.0186824798583984 -0.0263175964355469 -0.82989501953125 0.0996093750000002
-0.00866270065307617 0.00490188598632812 -0.29327392578125 0.611328125
-0.0040583610534668 0.00736713409423828 0.15234375 0.449920654296875
-0.002349853515625 0.0128650665283203 0.30426025390625 0.02264404296875
0.0131597518920898 -0.000901222229003906 0.21771240234375 -0.250244140625
0.0128593444824219 -0.00891685485839844 -0.1607666015625 0.233200073242187
0.0144777297973633 -0.00203227996826172 -0.2965087890625 -0.03192138671875
0.000491142272949218 0.0115118026733398 -0.21502685546875 -0.41009521484375
0.00815486907958984 0.0168676376342773 0.2095947265625 -0.588623046875
-0.0275306701660156 0.00535011291503907 0.74249267578125 -0.1278076171875
-0.0455513000488281 -0.0319061279296875 0.672119140625 0.59222412109375
0.0226364135742188 -0.0272216796875 0.10394287109375 0.60772705078125
0.041717529296875 -0.0174293518066406 0.040008544921875 0.0674896240234375
0.0185832977294922 -0.0245819091796875 0.0510253906250001 -0.6053466796875
-0.00844192504882813 -0.0449142456054688 -0.5704345703125 -0.7135009765625
-0.0183677673339844 -0.0255966186523438 -0.83477783203125 0.0906982421875
-0.00962257385253906 0.00424766540527343 -0.3050537109375 0.60992431640625
-0.00560951232910156 0.00937461853027344 0.145538330078125 0.4505615234375
-0.00236701965332031 0.0105609893798828 0.307525634765625 0.0224609375
0.0162448883056641 0.00216102600097656 0.219757080078125 -0.24871826171875
0.0158748626708984 -0.0068511962890625 -0.1563720703125 0.232925415039063
0.0153846740722656 -0.00252723693847656 -0.292144775390625 -0.03204345703125
-0.000332832336425781 0.0110101699829102 -0.215118408203125 -0.40936279296875
0.00734138488769531 0.0163984298706055 0.20379638671875 -0.58673095703125
-0.0267257690429688 0.00668716430664063 0.7401123046875 -0.12884521484375
-0.0424079895019531 -0.0289764404296875 0.6728515625 0.59332275390625
0.0237655639648438 -0.0222892761230469 0.10693359375 0.61279296875
0.0403060913085938 -0.0113334655761719 0.038238525390625 0.0723342895507813
0.0197906494140625 -0.0181140899658203 0.05462646484375 -0.6005859375
-0.00555419921875 -0.0409469604492188 -0.5643310546875 -0.71234130859375
-0.0180568695068359 -0.0239372253417969 -0.83416748046875 0.0874633789062499
-0.0110483169555664 0.00476932525634766 -0.308349609375 0.6087646484375
-0.00665521621704101 0.00844144821166992 0.143951416015625 0.451141357421875
-0.00197315216064453 0.009674072265625 0.311126708984375 0.02252197265625
0.0191135406494141 0.00403213500976563 0.224029541015625 -0.24908447265625
0.0188369750976563 -0.00432395935058594 -0.154037475585938 0.23175048828125
0.0149374008178711 -0.00528907775878906 -0.2864990234375 -0.03240966796875
-0.000437259674072266 0.00790882110595703 -0.2132568359375 -0.411041259765625
0.00645828247070313 0.0143508911132812 0.20416259765625 -0.5875244140625
-0.0246849060058594 0.00847053527832031 0.74090576171875 -0.1259765625
-0.0384597778320313 -0.0239372253417969 0.67681884765625 0.59710693359375
0.0253791809082031 -0.0159320831298828 0.10662841796875 0.61474609375
0.0373992919921875 -0.00537490844726563 0.038909912109375 0.0747146606445313
0.0213909149169922 -0.0127658843994141 0.05206298828125 -0.59771728515625
-0.00244140625 -0.0360183715820313 -0.56549072265625 -0.709716796875
-0.0146846771240234 -0.0222511291503906 -0.8370361328125 0.0909423828125
-0.0108070373535156 0.00267124176025391 -0.30865478515625 0.60931396484375
-0.00633049011230469 0.00595188140869141 0.146514892578125 0.448211669921875
-0.00108909606933594 0.00670051574707031 0.3138427734375 0.0211181640625
0.0223484039306641 0.00556755065917969 0.223388671875 -0.248855590820313
0.0188732147216797 -0.00293922424316406 -0.153396606445313 0.23101806640625
0.0144205093383789 -0.00662994384765625 -0.283050537109375 -0.033905029296875
-0.00170040130615234 0.00301027297973633 -0.20819091796875 -0.412841796875
0.00624752044677734 0.0118684768676758 0.2119140625 -0.58282470703125
-0.0212554931640625 0.0104331970214844 0.74200439453125 -0.1151123046875
-0.0328235626220703 -0.0180091857910156 0.67010498046875 0.60577392578125
0.0276107788085938 -0.00822257995605469 0.1019287109375 0.6173095703125
0.0345745086669922 0.00267791748046875 0.0381698608398437 0.0728378295898438
0.0225200653076172 -0.00426673889160156 0.0502929687499999 -0.5982666015625
0.00245094299316406 -0.0304718017578125 -0.5684814453125 -0.7032470703125
-0.0103492736816406 -0.0205039978027344 -0.83319091796875 0.0981445312500001
-0.0107297897338867 -0.000527381896972657 -0.30364990234375 0.6094970703125
-0.00526237487792969 0.00118017196655273 0.1502685546875 0.44659423828125
-2.71797180175779E-05 0.00501632690429687 0.317474365234375 0.01971435546875
0.0219058990478516 0.006378173828125 0.224853515625 -0.2506103515625
0.0184955596923828 -0.00375175476074219 -0.156936645507812 0.230880737304688
0.0152502059936523 -0.00875091552734375 -0.2825927734375 -0.03509521484375
-0.00254344940185547 -0.00146174430847168 -0.20172119140625 -0.417694091796875
0.00680875778198242 0.00654840469360352 0.2203369140625 -0.5821533203125
-0.0187301635742188 0.0113334655761719 0.74609375 -0.105712890625
-0.0281543731689453 -0.012115478515625 0.662353515625 0.6181640625
0.0287818908691406 -0.000936508178710938 0.093994140625 0.618408203125
0.0314388275146484 0.00951004028320312 0.0380134582519531 0.0692100524902344
0.02203369140625 0.0025177001953125 0.04290771484375 -0.6004638671875
0.00590324401855469 -0.0238456726074219 -0.5791015625 -0.693359375
-0.00677490234375 -0.0179977416992188 -0.82989501953125 0.11016845703125
-0.00931739807128906 -0.00397968292236328 -0.2940673828125 0.61163330078125
-0.00309085845947266 -0.00512313842773438 0.157867431640625 0.443145751953125
0.000187873840332031 0.00223922729492188 0.320465087890625 0.01727294921875
0.0216865539550781 0.00630950927734375 0.222213745117188 -0.2532958984375
0.0156307220458984 -0.00494861602783203 -0.161148071289062 0.229751586914063
0.0152969360351562 -0.00972843170166016 -0.282379150390625 -0.03729248046875
-0.00251102447509766 -0.007171630859375 -0.19500732421875 -0.421539306640625
0.00714826583862305 0.00350761413574219 0.2322998046875 -0.5794677734375
-0.0152959823608398 0.0129404067993164 0.75030517578125 -0.09271240234375
-0.0246238708496094 -0.00761032104492187 0.649169921875 0.6282958984375
0.0286540985107422 0.00456809997558594 0.08465576171875 0.6163330078125
0.0287303924560547 0.0154533386230469 0.0383796691894531 0.0625801086425781
0.0226707458496094 0.00821685791015625 0.0339355468749999 -0.60552978515625
0.008941650390625 -0.0193080902099609 -0.58892822265625 -0.68017578125
-0.00315284729003906 -0.0179538726806641 -0.82611083984375 0.12591552734375
-0.00830888748168945 -0.0081014633178711 -0.27960205078125 0.61590576171875
-0.00341606140136719 -0.00945949554443359 0.16748046875 0.438507080078125
-7.28368759155273E-05 0.00120389461517334 0.32080078125 0.01519775390625
0.0188503265380859 0.00555038452148438 0.217727661132813 -0.255615234375
0.0137615203857422 -0.00754070281982422 -0.167800903320312 0.228851318359375
0.0159616470336914 -0.00986576080322266 -0.284942626953125 -0.039154052734375
-0.00209903717041016 -0.0135927200317383 -0.187286376953125 -0.424652099609375
0.00820064544677734 -9.82284545898437E-05 0.2454833984375 -0.57720947265625
-0.0133419036865234 0.0123319625854492 0.754150390625 -0.0794677734375
-0.0223846435546875 -0.00472068786621093 0.6370849609375 0.6402587890625
0.0282077789306641 0.00881004333496094 0.0743408203125 0.6119384765625
0.0263957977294922 0.0180816650390625 0.0403556823730469 0.0545158386230469
0.020599365234375 0.0114898681640625 0.025634765625 -0.60894775390625
0.00940895080566406 -0.016880989074707 -0.60491943359375 -0.67095947265625
-0.000474929809570312 -0.0174837112426758 -0.81951904296875 0.14080810546875
-0.00804519653320312 -0.0122356414794922 -0.26702880859375 0.61639404296875
-0.00278472900390625 -0.0144796371459961 0.175262451171875 0.4365234375
0.000406175851821899 -3.90708446502686E-05 0.319976806640625 0.0128173828125
0.0155858993530273 0.00356292724609375 0.21343994140625 -0.25762939453125
0.00929164886474609 -0.0132932662963867 -0.1690673828125 0.23431396484375
0.0150861740112305 -0.000546455383300781 -0.3038330078125 -0.032470703125
-5.43594360351558E-05 0.0107097625732422 -0.213409423828125 -0.41058349609375
0.0077352523803711 0.0160789489746094 0.21466064453125 -0.59112548828125
-0.0276107788085938 0.00438499450683593 0.74853515625 -0.12420654296875
-0.0460166931152344 -0.0329475402832031 0.66357421875 0.59619140625
0.0217475891113281 -0.0303764343261719 0.09521484375 0.59979248046875
0.0420608520507813 -0.0208969116210938 0.0412254333496094 0.0611419677734375
0.0172042846679687 -0.0256595611572266 0.04681396484375 -0.6102294921875
-0.0107460021972656 -0.0448417663574219 -0.577880859375 -0.7056884765625
-0.0193881988525391 -0.0264968872070313 -0.8328857421875 0.101318359375
-0.00832223892211914 0.00412511825561524 -0.29473876953125 0.61212158203125
-0.0039362907409668 0.0076141357421875 0.1513671875 0.453216552734375
-0.001739501953125 0.0124483108520508 0.30401611328125 0.023193359375
0.0141391754150391 -0.00144386291503906 0.218856811523438 -0.251022338867188
0.0132932662963867 -0.00954341888427735 -0.161300659179687 0.233047485351562
0.0155906677246094 -0.00180530548095703 -0.297149658203125 -0.0315246582031249
0.000686645507812501 0.0117578506469727 -0.215667724609375 -0.41009521484375
0.00730133056640625 0.0164241790771484 0.21099853515625 -0.58917236328125
-0.0277366638183594 0.00605964660644532 0.7442626953125 -0.12823486328125
-0.0450057983398438 -0.032135009765625 0.6734619140625 0.5938720703125
0.0237827301025391 -0.0280170440673828 0.10223388671875 0.60986328125
0.04193115234375 -0.0178031921386719 0.0400199890136719 0.0672950744628906
0.0190887451171875 -0.0242881774902344 0.0518188476562499 -0.60784912109375
-0.00978088378906249 -0.0445213317871094 -0.57080078125 -0.71484375
-0.0193004608154297 -0.0258617401123047 -0.8385009765625 0.08953857421875
-0.010004997253418 0.00426864624023438 -0.30560302734375 0.6109619140625
-0.00512790679931641 0.0098886489868164 0.144744873046875 0.4532470703125
-0.00201320648193359 0.0109701156616211 0.307220458984375 0.022216796875
0.0173931121826172 0.00204658508300781 0.220245361328125 -0.249191284179688
0.0169620513916016 -0.00789642333984375 -0.15802001953125 0.234039306640625
0.0160980224609375 -0.00296974182128906 -0.293365478515625 -0.03155517578125
-0.000300407409667969 0.011256217956543 -0.215728759765625 -0.410400390625
0.00673675537109375 0.0165500640869141 0.2054443359375 -0.5885009765625
-0.0263404846191406 0.00664329528808593 0.74212646484375 -0.12908935546875
-0.0423126220703125 -0.0280723571777344 0.6748046875 0.5948486328125
0.0250396728515625 -0.0231571197509766 0.10528564453125 0.6131591796875
0.0405197143554688 -0.0117340087890625 0.0390396118164063 0.072784423828125
0.0205020904541016 -0.0196056365966797 0.0545043945312499 -0.60052490234375
-0.00644683837890625 -0.0401458740234375 -0.56329345703125 -0.715576171875
-0.0181617736816406 -0.0240688323974609 -0.837158203125 0.087158203125
-0.0108299255371094 0.00486469268798828 -0.30975341796875 0.610595703125
-0.00601768493652344 0.00917816162109375 0.1441650390625 0.452880859375
-0.000885009765625 0.00967502593994141 0.311004638671875 0.02301025390625
0.0203113555908203 0.003936767578125 0.224777221679688 -0.249481201171875
0.0197734832763672 -0.00563430786132813 -0.15460205078125 0.231781005859375
0.0154581069946289 -0.00555038452148438 -0.288909912109375 -0.032623291015625
-0.00105094909667969 0.00867557525634766 -0.214569091796875 -0.413177490234375
0.00541973114013672 0.0135917663574219 0.2052001953125 -0.5875244140625
-0.0247364044189453 0.00952529907226563 0.7432861328125 -0.12493896484375
-0.0378799438476563 -0.0238990783691406 0.67864990234375 0.59942626953125
0.0270061492919922 -0.0164833068847656 0.1064453125 0.61505126953125
0.038299560546875 -0.00491714477539062 0.0375442504882813 0.0743942260742188
0.0214576721191406 -0.0123882293701172 0.0541381835937499 -0.599365234375
-0.00223159790039063 -0.0357589721679687 -0.56597900390625 -0.7115478515625
-0.0159778594970703 -0.0223960876464844 -0.83819580078125 0.0906372070312499
-0.0114917755126953 0.00313186645507812 -0.31060791015625 0.6124267578125
-0.00515079498291016 0.00556612014770508 0.145172119140625 0.450531005859375
-0.00119829177856445 0.00795936584472656 0.31494140625 0.020263671875
0.0224723815917969 0.00522994995117188 0.224594116210938 -0.250091552734375
0.0193119049072266 -0.00468063354492188 -0.154769897460937 0.231552124023438
0.0160617828369141 -0.00803565979003906 -0.285186767578125 -0.0337524414062499
-0.00197744369506836 0.00362849235534668 -0.208770751953125 -0.41424560546875
0.00545310974121094 0.0111770629882813 0.2132568359375 -0.58514404296875
-0.0210685729980469 0.0104255676269531 0.743408203125 -0.1146240234375
-0.0328903198242188 -0.0179595947265625 0.67120361328125 0.609130859375
0.0275039672851563 -0.00822830200195313 0.10009765625 0.619384765625
0.0348930358886719 0.002410888671875 0.037628173828125 0.0739364624023438
0.0221176147460937 -0.00444412231445313 0.05047607421875 -0.6004638671875
0.00252723693847656 -0.0298118591308594 -0.5682373046875 -0.70611572265625
-0.0110607147216797 -0.0202083587646484 -0.8359375 0.0971069335937501
-0.010894775390625 -0.000754356384277345 -0.303955078125 0.6121826171875
-0.00498247146606445 0.0013279914855957 0.1505126953125 0.448272705078125
-0.000124931335449219 0.00506353378295898 0.31829833984375 0.019622802734375
0.0232582092285156 0.00594711303710938 0.22393798828125 -0.250686645507813
0.0190219879150391 -0.00446510314941406 -0.157073974609375 0.230300903320313
0.0155725479125977 -0.00898647308349609 -0.28424072265625 -0.035064697265625
-0.00184738636016846 -0.00215005874633789 -0.202362060546875 -0.417877197265625
0.00556468963623047 0.00741672515869141 0.2216796875 -0.5831298828125
-0.0190181732177734 0.0118808746337891 0.7493896484375 -0.10455322265625
-0.0283565521240234 -0.0126285552978516 0.6624755859375 0.61962890625
0.0286941528320313 -0.00129508972167969 0.0931396484375 0.6195068359375
0.0316352844238281 0.0101737976074219 0.0380706787109375 0.0697669982910156
0.0223617553710938 0.00259590148925781 0.042724609375 -0.60150146484375
0.00620269775390625 -0.0235824584960938 -0.5804443359375 -0.69580078125
-0.00696182250976562 -0.0188694000244141 -0.83306884765625 0.11102294921875
-0.0100183486938477 -0.00419521331787109 -0.29541015625 0.61578369140625
-0.00434398651123047 -0.0044093132019043 0.158447265625 0.44500732421875
0.000578403472900391 0.00335311889648438 0.3201904296875 0.016693115234375
0.0221939086914062 0.00670051574707031 0.222274780273437 -0.253890991210937
0.0171079635620117 -0.00638675689697266 -0.161636352539063 0.229415893554688
0.0164899826049805 -0.010101318359375 -0.284698486328125 -0.0367431640625
-0.00252437591552734 -0.00786447525024414 -0.194580078125 -0.42279052734375
0.00673723220825195 0.00324535369873047 0.2330322265625 -0.5809326171875
-0.0158653259277344 0.0129966735839844 0.7518310546875 -0.091796875
-0.0240364074707031 -0.0074920654296875 0.652099609375 0.63043212890625
0.0288410186767578 0.0047454833984375 0.0834960937499999 0.61590576171875
0.0278415679931641 0.0154933929443359 0.03857421875 0.0627326965332031
0.0222110748291016 0.00879478454589844 0.03521728515625 -0.6051025390625
0.00846290588378906 -0.0186691284179687 -0.59149169921875 -0.6822509765625
-0.00362586975097656 -0.017669677734375 -0.82745361328125 0.12481689453125
-0.008575439453125 -0.00837516784667969 -0.28094482421875 0.61767578125
-0.00314140319824219 -0.0102310180664063 0.16778564453125 0.4407958984375
0.0013502836227417 0.00111246109008789 0.3206787109375 0.015655517578125
0.0200977325439453 0.00486373901367188 0.217987060546875 -0.256851196289062
0.0142602920532227 -0.00862503051757813 -0.167953491210937 0.228179931640625
0.0169057846069336 -0.0102996826171875 -0.286895751953125 -0.039215087890625
-0.00198936462402344 -0.012660026550293 -0.1876220703125 -0.4254150390625
0.00746011734008789 0.000242710113525391 0.24725341796875 -0.57794189453125
-0.0140371322631836 0.0125532150268555 0.755859375 -0.07733154296875
-0.0218868255615234 -0.00472068786621094 0.63897705078125 0.64007568359375
0.0286579132080078 0.00788497924804688 0.07305908203125 0.6116943359375
0.0258674621582031 0.0174407958984375 0.0400886535644531 0.0543785095214844
0.0211048126220703 0.0116691589355469 0.02728271484375 -0.6102294921875
0.00966739654541016 -0.0157318115234375 -0.605224609375 -0.6727294921875
-0.000902175903320312 -0.0177249908447266 -0.8218994140625 0.142822265625
-0.00872993469238281 -0.0124111175537109 -0.26776123046875 0.61962890625
-0.0028076171875 -0.0152759552001953 0.176544189453125 0.438568115234375
0.00150489807128906 0.000666260719299316 0.320526123046875 0.01312255859375
0.0158281326293945 0.00334644317626953 0.214096069335937 -0.258270263671875
0.0102701187133789 -0.0148811340332031 -0.170486450195312 0.23468017578125
0.0160799026489258 -0.00109481811523438 -0.3062744140625 -0.032379150390625
0.000402450561523438 0.0109405517578125 -0.21392822265625 -0.413238525390625
0.00776386260986328 0.0166378021240234 0.2178955078125 -0.59344482421875
-0.0271873474121094 0.003997802734375 0.75018310546875 -0.12396240234375
-0.046112060546875 -0.0325393676757812 0.66656494140625 0.59722900390625
0.0230026245117187 -0.0309867858886719 0.09259033203125 0.60260009765625
0.042449951171875 -0.0212173461914063 0.0404167175292969 0.0611686706542969
0.0163860321044922 -0.0257301330566406 0.04559326171875 -0.614013671875
-0.0114173889160156 -0.0443115234375 -0.5787353515625 -0.7081298828125
-0.0190658569335938 -0.0269603729248047 -0.83642578125 0.09954833984375
-0.00960731506347656 0.00470066070556641 -0.29669189453125 0.61517333984375
-0.00387144088745117 0.00772428512573242 0.15216064453125 0.45611572265625
-0.00155735015869141 0.0128297805786133 0.306396484375 0.023040771484375
0.0148448944091797 -0.00135517120361328 0.220199584960937 -0.251739501953125
0.0140657424926758 -0.0107421875 -0.1624755859375 0.232833862304688
0.0151968002319336 -0.00235652923583984 -0.300689697265625 -0.0315856933593751
7.82012939453111E-05 0.0126924514770508 -0.2171630859375 -0.41229248046875
0.00718402862548828 0.0169496536254883 0.2105712890625 -0.5911865234375
-0.0277042388916016 0.00594139099121093 0.748046875 -0.1290283203125
-0.045074462890625 -0.0318565368652344 0.6749267578125 0.595703125
0.0244979858398438 -0.0292205810546875 0.102294921875 0.61114501953125
0.0429801940917969 -0.0177726745605469 0.0391731262207031 0.0680007934570313
0.0192127227783203 -0.0240821838378906 0.0532226562499999 -0.608154296875
-0.009857177734375 -0.04351806640625 -0.572998046875 -0.7186279296875
-0.0204067230224609 -0.0253486633300781 -0.84112548828125 0.08941650390625
-0.0105428695678711 0.0055856704711914 -0.30694580078125 0.6160888671875
-0.00527858734130859 0.00985527038574218 0.146240234375 0.454803466796875
-0.00172805786132813 0.0109424591064453 0.308624267578125 0.022796630859375
0.0177707672119141 0.00163841247558594 0.221099853515625 -0.250885009765625
0.0174493789672852 -0.00859165191650391 -0.158401489257812 0.233688354492187
0.0166130065917969 -0.00319480895996094 -0.296234130859375 -0.0304260253906249
-8.77380371093737E-05 0.0122900009155273 -0.216705322265625 -0.412353515625
0.00576591491699219 0.016840934753418 0.20660400390625 -0.59173583984375
-0.0270309448242188 0.00775718688964844 0.745849609375 -0.129150390625
-0.0420379638671875 -0.0286788940429687 0.6773681640625 0.59710693359375
0.0252628326416016 -0.0239772796630859 0.10528564453125 0.61578369140625
0.0408439636230469 -0.01251220703125 0.0382843017578125 0.0735549926757813
0.0207099914550781 -0.0187244415283203 0.0562744140625 -0.60443115234375
-0.0061187744140625 -0.0404853820800781 -0.56585693359375 -0.716552734375
-0.0180988311767578 -0.0243320465087891 -0.841064453125 0.0865478515624999
-0.0115642547607422 0.00518608093261719 -0.3101806640625 0.61505126953125
-0.00515079498291016 0.00903606414794922 0.14544677734375 0.454803466796875
-0.000733375549316407 0.0100555419921875 0.31268310546875 0.022796630859375
0.0207195281982422 0.00286293029785156 0.225784301757813 -0.251419067382813
0.0204105377197266 -0.00666427612304688 -0.155838012695313 0.232620239257812
0.0160751342773438 -0.00544452667236328 -0.29071044921875 -0.03192138671875
-0.00061321258544922 0.00957393646240235 -0.21502685546875 -0.413482666015625
0.00567817687988281 0.0141868591308594 0.20587158203125 -0.5894775390625
-0.0255966186523438 0.00917816162109375 0.74725341796875 -0.1251220703125
-0.0375289916992188 -0.0234451293945313 0.68115234375 0.60040283203125
0.0272541046142578 -0.0179805755615234 0.1051025390625 0.61798095703125
0.0383758544921875 -0.00479507446289063 0.0373153686523438 0.0760040283203125
0.0220680236816406 -0.0118637084960937 0.05352783203125 -0.6009521484375
-0.00177001953125 -0.0355682373046875 -0.56866455078125 -0.71234130859375
-0.0155239105224609 -0.0228538513183594 -0.8421630859375 0.0915527343750001
-0.0121097564697266 0.00256633758544922 -0.311767578125 0.61602783203125
-0.00577831268310547 0.00627851486206055 0.1453857421875 0.453033447265625
-0.000578880310058593 0.00810384750366211 0.315948486328125 0.02081298828125
0.0237064361572266 0.00508308410644531 0.225845336914063 -0.251190185546875
0.0208148956298828 -0.00555801391601563 -0.155258178710938 0.232177734375
0.015925407409668 -0.00757503509521485 -0.287322998046875 -0.032684326171875
-0.00124526023864746 0.0041959285736084 -0.2105712890625 -0.414703369140625
0.00542736053466797 0.0107746124267578 0.21435546875 -0.5869140625
-0.0219058990478516 0.0108089447021484 0.74896240234375 -0.11517333984375
-0.0320358276367188 -0.0186901092529297 0.6737060546875 0.6103515625
0.0283565521240234 -0.00994300842285156 0.098876953125 0.62103271484375
0.0351982116699219 0.0028076171875 0.0371932983398438 0.0742568969726563
0.0222511291503906 -0.00388717651367188 0.0526123046875 -0.601806640625
0.0014495849609375 -0.0293445587158203 -0.57000732421875 -0.7073974609375
-0.0118370056152344 -0.0205097198486328 -0.83929443359375 0.0972290039062499
-0.0110340118408203 -0.000431060791015625 -0.3056640625 0.614990234375
-0.00530576705932617 0.00182628631591797 0.15185546875 0.450347900390625
0.000157356262207031 0.00529670715332031 0.319244384765625 0.019317626953125
0.0235576629638672 0.00606346130371094 0.225677490234375 -0.252716064453125
0.0194473266601563 -0.00561904907226563 -0.158050537109375 0.231735229492188
0.0167970657348633 -0.00916194915771484 -0.28607177734375 -0.0350646972656251
-0.00237703323364258 -0.00150632858276367 -0.20220947265625 -0.419403076171875
0.00452804565429688 0.00723171234130859 0.2225341796875 -0.58575439453125
-0.0193500518798828 0.0120220184326172 0.753173828125 -0.10455322265625
-0.0268154144287109 -0.0129585266113281 0.66607666015625 0.6224365234375
0.0298824310302734 -0.00211524963378906 0.0917968750000001 0.62078857421875
0.0319118499755859 0.00985145568847656 0.0371932983398438 0.07012939453125
0.0228557586669922 0.00293159484863281 0.04461669921875 -0.60400390625
0.00528144836425781 -0.0234184265136719 -0.58355712890625 -0.698486328125
-0.00837135314941406 -0.0187931060791016 -0.8355712890625 0.10980224609375
-0.0100173950195313 -0.00498580932617187 -0.2960205078125 0.619140625
-0.00414872169494629 -0.00384974479675293 0.159423828125 0.44598388671875
0.000688314437866211 0.00351500511169434 0.321990966796875 0.01666259765625
0.0228080749511719 0.00562095642089844 0.222747802734375 -0.25518798828125
0.0166721343994141 -0.00702476501464844 -0.16168212890625 0.230560302734375
0.0172433853149414 -0.0103816986083984 -0.2867431640625 -0.0361328125000001
-0.0022735595703125 -0.00696659088134765 -0.19561767578125 -0.42401123046875
0.00642490386962891 0.00282430648803711 0.2362060546875 -0.583251953125
-0.0159492492675781 0.0138339996337891 0.75738525390625 -0.09088134765625
-0.0238838195800781 -0.00866127014160156 0.65283203125 0.63372802734375
0.0293846130371094 0.00373077392578125 0.08160400390625 0.6187744140625
0.0285549163818359 0.0151424407958984 0.0385017395019531 0.0637283325195313
0.0226383209228516 0.00852584838867188 0.03558349609375 -0.607177734375
0.00791740417480468 -0.0183467864990234 -0.59271240234375 -0.685791015625
-0.00385856628417969 -0.0179119110107422 -0.83123779296875 0.12493896484375
-0.00931549072265625 -0.00835895538330078 -0.2818603515625 0.6219482421875
-0.00301933288574219 -0.0106515884399414 0.16839599609375 0.443450927734375
0.000718355178833008 0.00143516063690186 0.322967529296875 0.01434326171875
0.0198230743408203 0.00455093383789063 0.218780517578125 -0.257644653320313
0.014765739440918 -0.00904178619384766 -0.169448852539063 0.229751586914063
0.0176296234130859 -0.0102748870849609 -0.2889404296875 -0.03875732421875
-0.002838134765625 -0.0131206512451172 -0.187713623046875 -0.427490234375
0.00803375244140625 -0.000666618347167969 0.24859619140625 -0.58197021484375
-0.0142116546630859 0.0139989852905273 0.7606201171875 -0.078369140625
-0.0218276977539063 -0.00459861755371094 0.64105224609375 0.64398193359375
0.029449462890625 0.00719070434570313 0.0726318359374999 0.614501953125
0.0273075103759766 0.0173225402832031 0.0394134521484375 0.0553436279296875
0.0215415954589844 0.0123329162597656 0.026611328125 -0.61224365234375
0.00969123840332031 -0.0160017013549805 -0.60760498046875 -0.6768798828125
-0.00185585021972656 -0.0174989700317383 -0.824951171875 0.14190673828125
-0.00865840911865234 -0.0122919082641602 -0.2684326171875 0.6226806640625
-0.00250434875488281 -0.0150718688964844 0.1766357421875 0.44049072265625
0.00127220153808594 0.00116336345672607 0.321868896484375 0.013031005859375
0.016963005065918 0.00332832336425781 0.215560913085938 -0.260055541992188
0.0104312896728516 -0.0156641006469727 -0.171249389648438 0.234939575195313
0.0171470642089844 -0.00160503387451172 -0.30877685546875 -0.0312499999999999
0.000526428222656251 0.0120706558227539 -0.21563720703125 -0.414886474609375
0.00698471069335938 0.0165414810180664 0.21868896484375 -0.5953369140625
-0.0276412963867188 0.00362396240234375 0.7557373046875 -0.1260986328125
-0.0464401245117187 -0.0331802368164063 0.670654296875 0.599609375
0.0229015350341797 -0.0311565399169922 0.09368896484375 0.60443115234375
0.0431137084960938 -0.0207748413085938 0.0404167175292969 0.0614471435546875
0.0176143646240234 -0.0260524749755859 0.0467529296875 -0.6146240234375
-0.0121726989746094 -0.0444564819335937 -0.58233642578125 -0.7103271484375
-0.0197010040283203 -0.0263748168945312 -0.840576171875 0.10113525390625
-0.00924968719482422 0.00469303131103516 -0.29534912109375 0.621826171875
-0.00425434112548828 0.0086674690246582 0.152679443359375 0.458160400390625
-0.00104999542236328 0.0130796432495117 0.3072509765625 0.021636962890625
0.0147743225097656 -0.00194168090820313 0.220535278320313 -0.254776000976563
0.0143461227416992 -0.0124921798706055 -0.163253784179688 0.234832763671875
0.0171127319335938 -0.00256633758544922 -0.302886962890625 -0.0301513671875
-6.86645507812507E-05 0.0125923156738281 -0.217926025390625 -0.412811279296875
0.00665855407714844 0.0178966522216797 0.2109375 -0.595458984375
-0.0287551879882813 0.00566482543945312 0.7520751953125 -0.12957763671875
-0.0445747375488281 -0.0312995910644531 0.6795654296875 0.597900390625
0.0243206024169922 -0.0297031402587891 0.10125732421875 0.61224365234375
0.0427017211914063 -0.0185737609863281 0.0390090942382812 0.0681686401367188
0.0190887451171875 -0.0238113403320313 0.0523071289062499 -0.61138916015625
-0.00974655151367188 -0.043487548828125 -0.5750732421875 -0.718994140625
-0.0204982757568359 -0.0250320434570312 -0.84674072265625 0.0931396484375
-0.0105953216552734 0.00501823425292969 -0.3079833984375 0.6204833984375
-0.00483608245849609 0.010502815246582 0.14788818359375 0.45819091796875
-0.000957489013671875 0.0115261077880859 0.310546875 0.02154541015625
0.0184345245361328 0.001251220703125 0.221878051757812 -0.252700805664062
0.0183830261230469 -0.0105781555175781 -0.159423828125 0.235275268554688
0.0168685913085938 -0.00341892242431641 -0.29718017578125 -0.030487060546875
-1.04904174804683E-05 0.0118694305419922 -0.218353271484375 -0.413543701171875
0.00569343566894531 0.016749382019043 0.2066650390625 -0.59295654296875
-0.0273609161376953 0.00724983215332031 0.749267578125 -0.13116455078125
-0.0415267944335938 -0.0287895202636719 0.681396484375 0.59918212890625
0.0256252288818359 -0.0247344970703125 0.1038818359375 0.61663818359375
0.0417823791503906 -0.0123748779296875 0.0375442504882813 0.0734634399414063
0.0210361480712891 -0.0192928314208984 0.0562133789062499 -0.60540771484375
-0.00665664672851563 -0.0401496887207031 -0.56768798828125 -0.7205810546875
-0.0189800262451172 -0.0240516662597656 -0.84588623046875 0.08935546875
-0.012028694152832 0.00525188446044922 -0.312255859375 0.61993408203125
-0.00604724884033203 0.00941276550292969 0.147979736328125 0.45849609375
-0.000617027282714844 0.0103416442871094 0.313690185546875 0.022216796875
0.0208263397216797 0.00274276733398438 0.225540161132813 -0.253326416015625
0.0206756591796875 -0.00801658630371094 -0.156173706054688 0.23345947265625
0.0165834426879883 -0.00543689727783203 -0.292388916015625 -0.0311889648437501
-0.0003509521484375 0.00911808013916016 -0.21673583984375 -0.414703369140625
0.00540065765380859 0.0141077041625977 0.20794677734375 -0.593994140625
-0.0260810852050781 0.00942039489746094 0.75274658203125 -0.12701416015625
-0.0370292663574219 -0.0236549377441406 0.68572998046875 0.60107421875
0.0274982452392578 -0.0171279907226563 0.10479736328125 0.6197509765625
0.0389747619628906 -0.0052032470703125 0.0365447998046875 0.0762176513671875
0.0220832824707031 -0.0125885009765625 0.05267333984375 -0.603759765625
-0.00277519226074219 -0.0346088409423828 -0.5714111328125 -0.7159423828125
-0.0165252685546875 -0.0223941802978516 -0.8477783203125 0.0933227539062502
-0.0123119354248047 0.00285148620605469 -0.3121337890625 0.6207275390625
-0.00587844848632813 0.00667142868041992 0.14776611328125 0.455474853515625
-0.000445842742919921 0.00822019577026367 0.316925048828125 0.01953125
0.0233554840087891 0.00509452819824219 0.226058959960937 -0.252456665039063
0.0208377838134766 -0.00679779052734375 -0.156204223632812 0.232925415039063
0.0168933868408203 -0.00698471069335938 -0.288909912109375 -0.03289794921875
-0.000558853149414063 0.00512313842773438 -0.210235595703125 -0.418060302734375
0.00481605529785156 0.0114936828613281 0.21484375 -0.5892333984375
-0.0225944519042969 0.0110797882080078 0.7520751953125 -0.11566162109375
-0.0316715240478516 -0.0185146331787109 0.67694091796875 0.61273193359375
0.0284881591796875 -0.0108718872070313 0.0981445312500001 0.62109375
0.0363922119140625 0.00293350219726563 0.0364227294921875 0.0739364624023438
0.0227108001708984 -0.00419807434082031 0.0515747070312499 -0.60260009765625
0.00130081176757813 -0.0287151336669922 -0.57513427734375 -0.71044921875
-0.0128421783447266 -0.0213794708251953 -0.84521484375 0.0998535156249999
-0.0116815567016602 -2.86102294921891E-05 -0.30615234375 0.62060546875
-0.00537204742431641 0.00164651870727539 0.152618408203125 0.453704833984375
0.000966072082519532 0.00593233108520508 0.32135009765625 0.018585205078125
0.0245094299316406 0.00574111938476563 0.226333618164063 -0.254669189453125
0.0199604034423828 -0.00646591186523438 -0.158203125 0.231430053710938
0.0178203582763672 -0.00985908508300781 -0.288360595703125 -0.0343627929687499
-0.00289678573608398 -0.00133323669433594 -0.204498291015625 -0.420196533203125
0.0042724609375 0.00702238082885742 0.22271728515625 -0.58758544921875
-0.0187931060791016 0.0127410888671875 0.75775146484375 -0.10595703125
-0.0270500183105469 -0.0123767852783203 0.67022705078125 0.62261962890625
0.0298233032226563 -0.00326156616210938 0.09326171875 0.62384033203125
0.0331707000732422 0.0102100372314453 0.0368728637695312 0.0707168579101562
0.023162841796875 0.00284194946289063 0.044189453125 -0.607177734375
0.005523681640625 -0.0227565765380859 -0.58404541015625 -0.7000732421875
-0.00827598571777344 -0.0187473297119141 -0.841064453125 0.11334228515625
-0.0111074447631836 -0.0043802261352539 -0.2977294921875 0.623779296875
-0.00405120849609375 -0.0039360523223877 0.16070556640625 0.449859619140625
0.00144863128662109 0.00429153442382813 0.3232421875 0.01641845703125
0.0235462188720703 0.00507736206054688 0.223373413085938 -0.2569580078125
0.0180644989013672 -0.00767135620117188 -0.163909912109375 0.230392456054687
0.017338752746582 -0.011103630065918 -0.288726806640625 -0.035614013671875
-0.00264310836791992 -0.00753402709960938 -0.19903564453125 -0.42535400390625
0.00479984283447266 0.00418519973754883 0.2379150390625 -0.584716796875
-0.016545295715332 0.0132665634155273 0.7598876953125 -0.09246826171875
-0.0230159759521484 -0.00775909423828125 0.65667724609375 0.6343994140625
0.030670166015625 0.00379371643066406 0.0826416015625 0.61993408203125
0.0289440155029297 0.0151081085205078 0.0380783081054687 0.0632781982421875
0.0226364135742188 0.00934028625488281 0.0358886718749999 -0.60992431640625
0.0083160400390625 -0.01763916015625 -0.595703125 -0.6890869140625
-0.00457572937011719 -0.0188159942626953 -0.83563232421875 0.128662109375
-0.0097970962524414 -0.00825023651123047 -0.28326416015625 0.6265869140625
-0.00301361083984375 -0.0103759765625 0.168701171875 0.4464111328125
0.00184822082519531 0.00245499610900879 0.323760986328125 0.0135498046875
0.0209140777587891 0.00435256958007813 0.219482421875 -0.259674072265625
0.0148744583129883 -0.0110054016113281 -0.169601440429687 0.230117797851563
0.017974853515625 -0.0110034942626953 -0.29132080078125 -0.03778076171875
-0.00241279602050781 -0.0130796432495117 -0.191009521484375 -0.427886962890625
0.00676679611206055 0.000526905059814453 0.24957275390625 -0.5845947265625
-0.0140972137451172 0.0126867294311523 0.76409912109375 -0.07879638671875
-0.0206527709960938 -0.00510597229003906 0.64581298828125 0.64617919921875
0.0298023223876953 0.00643348693847656 0.0712890625 0.61676025390625
0.0275745391845703 0.0173702239990234 0.0389480590820313 0.0551795959472656
0.0216007232666016 0.0120697021484375 0.02679443359375 -0.61370849609375
0.00875473022460938 -0.0150489807128906 -0.61016845703125 -0.67718505859375
-0.00207328796386719 -0.0181350708007813 -0.82977294921875 0.1436767578125
-0.00895786285400391 -0.0124940872192383 -0.26947021484375 0.6263427734375
-0.00321388244628906 -0.0146579742431641 0.177093505859375 0.442108154296875
0.00154376029968262 0.000598669052124023 0.32330322265625 0.01275634765625
0.0172519683837891 0.00221920013427734 0.215377807617188 -0.261810302734375
0.0112409591674805 -0.0173358917236328 -0.171600341796875 0.236724853515625
0.0169286727905273 -0.00142192840576172 -0.311431884765625 -0.029296875
-0.000249862670898436 0.0120449066162109 -0.21832275390625 -0.416229248046875
0.00660037994384766 0.0168495178222656 0.21923828125 -0.5997314453125
-0.0290164947509766 0.0044403076171875 0.7603759765625 -0.1287841796875
-0.0457954406738281 -0.0331268310546875 0.6756591796875 0.60009765625
0.0239543914794922 -0.0326251983642578 0.0955810546875 0.60546875
0.0428314208984375 -0.0212898254394531 0.0404586791992188 0.0625457763671875
0.0174560546875 -0.0259361267089844 0.0458984375 -0.61810302734375
-0.0119132995605469 -0.0430946350097656 -0.588134765625 -0.71478271484375
-0.0211143493652344 -0.0262718200683594 -0.8463134765625 0.10491943359375
-0.00980186462402344 0.00458717346191406 -0.2947998046875 0.626953125
-0.00351238250732422 0.00843715667724609 0.156890869140625 0.45953369140625
-0.00136184692382813 0.0130910873413086 0.308868408203125 0.021514892578125
0.0149497985839844 -0.00220584869384766 0.222137451171875 -0.256378173828125
0.0149669647216797 -0.0128679275512695 -0.164352416992188 0.236282348632812
0.0172939300537109 -0.00233078002929688 -0.30523681640625 -0.029571533203125
0.000826835632324218 0.0141286849975586 -0.221923828125 -0.41455078125
0.00548362731933594 0.0166845321655273 0.21246337890625 -0.5989990234375
-0.0292701721191406 0.00605392456054687 0.75799560546875 -0.1324462890625
-0.0444297790527344 -0.0317802429199219 0.68560791015625 0.59759521484375
0.0250110626220703 -0.030426025390625 0.1031494140625 0.61505126953125
0.0434951782226563 -0.0186309814453125 0.0392494201660156 0.0694580078125
0.0191326141357422 -0.0241184234619141 0.05120849609375 -0.614501953125
-0.0099945068359375 -0.0433082580566406 -0.58154296875 -0.72174072265625
-0.0213584899902344 -0.0251617431640625 -0.84967041015625 0.0943603515625001
-0.010533332824707 0.00430870056152344 -0.30706787109375 0.6265869140625
-0.00631141662597656 0.0105733871459961 0.1500244140625 0.4620361328125
-0.000865936279296876 0.0124454498291016 0.3116455078125 0.019744873046875
0.0192108154296875 0.00101280212402344 0.222793579101563 -0.254714965820313
0.0190486907958984 -0.0120429992675781 -0.160202026367188 0.236480712890625
0.0173988342285156 -0.00417137145996094 -0.300445556640625 -0.028594970703125
-0.00014781951904297 0.0128517150878906 -0.22161865234375 -0.414398193359375
0.00484371185302734 0.016815185546875 0.2073974609375 -0.59796142578125
-0.0278034210205078 0.00723457336425781 0.7547607421875 -0.13421630859375
-0.0413742065429688 -0.0285224914550781 0.68768310546875 0.599853515625
0.0262432098388672 -0.0254383087158203 0.1055908203125 0.6190185546875
0.0425605773925781 -0.0127067565917969 0.0374984741210938 0.074798583984375
0.0210151672363281 -0.0185050964355469 0.0560302734375 -0.6097412109375
-0.00686264038085938 -0.0407600402832031 -0.5728759765625 -0.72161865234375
-0.0190258026123047 -0.024261474609375 -0.8499755859375 0.09271240234375
-0.0124168395996094 0.00517463684082031 -0.3115234375 0.625732421875
-0.00526714324951172 0.00924110412597656 0.148681640625 0.460662841796875
-0.000136375427246093 0.0104141235351563 0.315460205078125 0.019927978515625
0.0226116180419922 0.0017242431640625 0.226715087890625 -0.255386352539063
0.0209903717041016 -0.0081939697265625 -0.156631469726563 0.234573364257813
0.0176563262939453 -0.00623130798339844 -0.2962646484375 -0.030120849609375
-0.00118064880371094 0.0098419189453125 -0.2200927734375 -0.415740966796875
0.004150390625 0.0150108337402344 0.2080078125 -0.5963134765625
-0.0250701904296875 0.0102272033691406 0.7562255859375 -0.12945556640625
-0.0369644165039063 -0.0232963562011719 0.6910400390625 0.60296630859375
0.0275096893310547 -0.0197257995605469 0.10540771484375 0.6221923828125
0.039031982421875 -0.00574874877929688 0.0365676879882813 0.0763931274414063
0.0215320587158203 -0.0127010345458984 0.05157470703125 -0.60675048828125
-0.00293922424316407 -0.0345478057861328 -0.57513427734375 -0.71710205078125
-0.0162296295166016 -0.0227069854736328 -0.85205078125 0.09661865234375
-0.0126743316650391 0.00231838226318359 -0.311279296875 0.62628173828125
-0.00516653060913086 0.00678825378417969 0.1507568359375 0.459686279296875
0.00010204315185547 0.0083613395690918 0.318695068359375 0.0189208984375
0.0251731872558594 0.00366973876953125 0.227005004882812 -0.255142211914062
0.0221214294433594 -0.00812339782714844 -0.15582275390625 0.233734130859375
0.0174808502197266 -0.00837230682373047 -0.292266845703125 -0.031005859375
-0.00141048431396484 0.00535249710083008 -0.212860107421875 -0.418609619140625
0.00488376617431641 0.0116119384765625 0.21563720703125 -0.59527587890625
-0.0229625701904297 0.0109958648681641 0.756103515625 -0.11993408203125
-0.0321235656738281 -0.0179157257080078 0.68414306640625 0.61358642578125
0.0295028686523438 -0.0113697052001953 0.10009765625 0.62408447265625
0.0363845825195313 0.0034942626953125 0.03643798828125 0.0756378173828125
0.0230026245117188 -0.00434112548828125 0.051025390625 -0.60693359375
0.00206756591796875 -0.0280170440673828 -0.579833984375 -0.71319580078125
-0.0126399993896484 -0.0211582183837891 -0.848388671875 0.1031494140625
-0.0122556686401367 0.000638008117675782 -0.30712890625 0.62725830078125
-0.00580549240112305 0.00213241577148438 0.155853271484375 0.458282470703125
0.000226497650146484 0.005615234375 0.32177734375 0.018096923828125
0.0254573822021484 0.00482177734375 0.227188110351563 -0.255874633789063
0.0215797424316406 -0.00789070129394531 -0.159286499023438 0.232696533203125
0.0181941986083984 -0.0106163024902344 -0.291259765625 -0.032623291015625
-0.00197923183441162 -0.000858187675476074 -0.207672119140625 -0.421661376953125
0.00422191619873047 0.00764846801757813 0.224365234375 -0.591796875
-0.0195026397705078 0.0129756927490234 0.76300048828125 -0.1099853515625
-0.0261993408203125 -0.0124492645263672 0.67559814453125 0.62567138671875
0.0304012298583984 -0.00407028198242188 0.09307861328125 0.62518310546875
0.0330848693847656 0.00922203063964844 0.0359878540039063 0.0717697143554687
0.0230941772460938 0.00300407409667969 0.04339599609375 -0.6092529296875
0.00539779663085937 -0.0220794677734375 -0.5914306640625 -0.7034912109375
-0.008026123046875 -0.0183601379394531 -0.84423828125 0.11663818359375
-0.011296272277832 -0.00422096252441406 -0.29705810546875 0.629638671875
-0.0045628547668457 -0.00462722778320312 0.1624755859375 0.45233154296875
0.00194501876831055 0.00415492057800293 0.32470703125 0.01470947265625
0.0237617492675781 0.00508308410644531 0.224044799804688 -0.258621215820313
0.0182609558105469 -0.00949859619140625 -0.163009643554687 0.231826782226563
0.01788330078125 -0.0103855133056641 -0.292449951171875 -0.0341186523437499
-0.00247526168823242 -0.00629043579101563 -0.2000732421875 -0.427032470703125
0.00517940521240234 0.00387811660766602 0.2366943359375 -0.58953857421875
-0.0168380737304688 0.0134057998657227 0.765625 -0.095458984375
-0.0225696563720703 -0.0083465576171875 0.66400146484375 0.6358642578125
0.0310611724853516 0.00193595886230469 0.08282470703125 0.62298583984375
0.0302143096923828 0.0148048400878906 0.0374221801757813 0.0646286010742188
0.0235729217529297 0.00858879089355469 0.0335083007812501 -0.61273193359375
0.0075836181640625 -0.0170564651489258 -0.60186767578125 -0.69049072265625
-0.0045166015625 -0.0184211730957031 -0.84027099609375 0.13250732421875
-0.0100975036621094 -0.0086221694946289 -0.283203125 0.6331787109375
-0.00332546234130859 -0.00957679748535156 0.171875 0.44879150390625
0.00311684608459473 0.00218820571899414 0.326416015625 0.012451171875
0.0209751129150391 0.0048065185546875 0.220077514648437 -0.261917114257812
0.016911506652832 -0.011042594909668 -0.17083740234375 0.231307983398438
0.0190753936767578 -0.0112800598144531 -0.294036865234375 -0.03594970703125
-0.00267791748046875 -0.011500358581543 -0.192535400390625 -0.4296875
0.00610637664794922 0.000380992889404297 0.24969482421875 -0.58758544921875
-0.0143356323242188 0.0127878189086914 0.76885986328125 -0.080810546875
-0.0206146240234375 -0.0042877197265625 0.65142822265625 0.64739990234375
0.0298919677734375 0.00527191162109375 0.07342529296875 0.6181640625
0.0282936096191406 0.0171184539794922 0.0391159057617188 0.0560722351074219
0.0226001739501953 0.0109119415283203 0.02496337890625 -0.6168212890625
0.008056640625 -0.0147609710693359 -0.6168212890625 -0.6793212890625
-0.0029449462890625 -0.0179424285888672 -0.83624267578125 0.1473388671875
-0.0100440979003906 -0.0114259719848633 -0.26800537109375 0.6326904296875
-0.00272941589355469 -0.0148410797119141 0.180450439453125 0.446441650390625
0.00176894664764404 0.000222682952880859 0.324127197265625 0.0115966796875
0.0174417495727539 0.00190925598144531 0.216293334960938 -0.264450073242188
0.0111484527587891 -0.0186367034912109 -0.171875 0.23895263671875
0.0173397064208984 -0.00172328948974609 -0.313568115234375 -0.0272521972656249
0.000333786010742188 0.0130290985107422 -0.22247314453125 -0.416595458984375
0.00649738311767578 0.017216682434082 0.2178955078125 -0.60491943359375
-0.0287609100341797 0.00540351867675781 0.76446533203125 -0.13201904296875
-0.0455398559570313 -0.0326347351074219 0.683837890625 0.59967041015625
0.0235424041748047 -0.0337162017822266 0.09613037109375 0.60980224609375
0.044158935546875 -0.0223045349121094 0.0404205322265625 0.0627098083496094
0.0178279876708984 -0.0267162322998047 0.04364013671875 -0.621826171875
-0.0120811462402344 -0.0436630249023437 -0.5933837890625 -0.7166748046875
-0.0214061737060547 -0.0261859893798828 -0.84942626953125 0.10968017578125
-0.00957775115966797 0.00388145446777344 -0.29443359375 0.63299560546875
-0.00438690185546875 0.0088043212890625 0.16058349609375 0.46356201171875
0.000302314758300781 0.0138158798217773 0.310455322265625 0.0191650390625
0.0163307189941406 -0.00337314605712891 0.220993041992188 -0.259384155273438
0.0156478881835938 -0.0143318176269531 -0.163726806640625 0.238037109375
0.0183525085449219 -0.00391197204589844 -0.30816650390625 -0.02655029296875
-0.000125885009765625 0.0143871307373047 -0.22442626953125 -0.415130615234375
0.00510406494140625 0.0171880722045898 0.21197509765625 -0.60308837890625
-0.0300884246826172 0.00631713867187499 0.7623291015625 -0.13641357421875
-0.044677734375 -0.031463623046875 0.6925048828125 0.59844970703125
0.0247707366943359 -0.0311260223388672 0.10504150390625 0.61968994140625
0.0438499450683594 -0.0191574096679687 0.0382728576660156 0.0696563720703125
0.0195903778076172 -0.0248317718505859 0.04833984375 -0.6190185546875
-0.0101356506347656 -0.043212890625 -0.585693359375 -0.723876953125
-0.0216083526611328 -0.0258255004882812 -0.85479736328125 0.10015869140625
-0.0112619400024414 0.00565528869628906 -0.3050537109375 0.6337890625
-0.00475311279296875 0.010350227355957 0.153106689453125 0.462921142578125
-0.000423431396484374 0.0123043060302734 0.313751220703125 0.01910400390625
0.0200271606445313 0.000339508056640625 0.22198486328125 -0.25811767578125
0.0182075500488281 -0.0128536224365234 -0.1605224609375 0.238525390625
0.0184345245361328 -0.00428581237792969 -0.30377197265625 -0.02679443359375
0.000798225402832031 0.0131826400756836 -0.225494384765625 -0.4161376953125
0.00483036041259766 0.0167293548583984 0.207275390625 -0.600830078125
-0.0286483764648437 0.00758743286132813 0.75958251953125 -0.1385498046875
-0.0409736633300781 -0.028289794921875 0.69415283203125 0.601318359375
0.0263156890869141 -0.0269680023193359 0.106689453125 0.6214599609375
0.0419502258300781 -0.0135498046875 0.0382919311523438 0.0750350952148437
0.0206241607666016 -0.0196323394775391 0.0538330078125 -0.61322021484375
-0.00740432739257813 -0.039398193359375 -0.57977294921875 -0.72381591796875
-0.0203762054443359 -0.0246028900146484 -0.8565673828125 0.0960693359375
-0.0122013092041016 0.00561332702636719 -0.31005859375 0.6314697265625
-0.00575923919677734 0.00942325592041016 0.153076171875 0.462310791015625
0.000944137573242186 0.0111780166625977 0.317169189453125 0.019439697265625
0.0229854583740234 0.00153160095214844 0.226669311523437 -0.258697509765625
0.0217609405517578 -0.0107021331787109 -0.15631103515625 0.236114501953125
0.0181903839111328 -0.0062408447265625 -0.298675537109375 -0.028167724609375
-0.00056743621826172 0.0106058120727539 -0.2244873046875 -0.418121337890625
0.00342559814453125 0.0147027969360352 0.20574951171875 -0.60052490234375
-0.0258388519287109 0.0102939605712891 0.76007080078125 -0.1328125
-0.0364494323730469 -0.0235252380371094 0.69769287109375 0.603271484375
0.0284175872802734 -0.020660400390625 0.1082763671875 0.625
0.0397262573242187 -0.00624465942382812 0.0361480712890625 0.0781021118164063
0.0224552154541016 -0.0125274658203125 0.0496826171875001 -0.6104736328125
-0.00297355651855469 -0.0342350006103516 -0.581787109375 -0.7198486328125
-0.0179767608642578 -0.0223541259765625 -0.8563232421875 0.0998535156249999
-0.0127086639404297 0.00349521636962891 -0.3104248046875 0.6331787109375
-0.00593423843383789 0.00698375701904297 0.153961181640625 0.462005615234375
0.000837326049804687 0.00886631011962891 0.320587158203125 0.01763916015625
0.0257472991943359 0.00391387939453125 0.227218627929688 -0.258316040039063
0.0221042633056641 -0.0093841552734375 -0.15716552734375 0.235244750976563
0.0185813903808594 -0.00890159606933594 -0.2947998046875 -0.029052734375
-0.00141382217407227 0.0056915283203125 -0.217132568359375 -0.42041015625
0.00362873077392578 0.0123004913330078 0.215087890625 -0.59759521484375
-0.0224170684814453 0.0113353729248047 0.7615966796875 -0.12518310546875
-0.0311546325683594 -0.0183086395263672 0.69036865234375 0.61395263671875
0.0297946929931641 -0.0120258331298828 0.10137939453125 0.62677001953125
0.0367813110351563 0.00186920166015625 0.036407470703125 0.0764617919921875
0.0238246917724609 -0.004119873046875 0.0493774414062499 -0.6094970703125
0.001373291015625 -0.0275440216064453 -0.5849609375 -0.7156982421875
-0.0134239196777344 -0.0206527709960938 -0.85467529296875 0.10662841796875
-0.0119075775146484 -0.000271797180175779 -0.3060302734375 0.63226318359375
-0.00484466552734375 0.00192594528198242 0.158966064453125 0.458282470703125
0.00227546691894531 0.00700283050537109 0.32391357421875 0.0166015625
0.0258903503417969 0.00445938110351563 0.2269287109375 -0.259048461914063
0.0211067199707031 -0.00928115844726563 -0.159286499023438 0.234573364257813
0.0190753936767578 -0.0103759765625 -0.293609619140625 -0.0299987792968751
-0.00225424766540527 -0.000260591506958008 -0.210906982421875 -0.423248291015625
0.00419139862060547 0.007965087890625 0.22320556640625 -0.59539794921875
-0.0200977325439453 0.0129966735839844 0.76739501953125 -0.1129150390625
-0.0264816284179688 -0.0131702423095703 0.68499755859375 0.62548828125
0.0305099487304688 -0.00469970703125 0.0963134765625 0.62890625
0.0334281921386719 0.00883102416992188 0.0369720458984375 0.0721206665039063
0.0235252380371094 0.00292587280273438 0.04083251953125 -0.6124267578125
0.00533103942871094 -0.0226039886474609 -0.59503173828125 -0.703857421875
-0.00913619995117188 -0.0189018249511719 -0.8509521484375 0.12115478515625
-0.0118188858032227 -0.00415134429931641 -0.29449462890625 0.63641357421875
-0.00436544418334961 -0.0039820671081543 0.166229248046875 0.4559326171875
0.00247335433959961 0.0046849250793457 0.326416015625 0.01318359375
0.0250186920166016 0.00428199768066406 0.223861694335937 -0.2623291015625
0.0188388824462891 -0.0106620788574219 -0.1636962890625 0.234176635742187
0.0191802978515625 -0.0117397308349609 -0.29473876953125 -0.031341552734375
-0.0024113655090332 -0.00621795654296875 -0.204010009765625 -0.429443359375
0.00435328483581543 0.00391769409179688 0.2376708984375 -0.59423828125
-0.0163450241088867 0.0138053894042969 0.7696533203125 -0.09906005859375
-0.0225791931152344 -0.00802993774414063 0.66998291015625 0.6373291015625
0.0310325622558594 0.0015716552734375 0.0859375 0.6260986328125
0.0302238464355469 0.0149650573730469 0.0382194519042969 0.0645103454589844
0.0228443145751953 0.00800895690917969 0.03179931640625 -0.61639404296875
0.00725936889648438 -0.0168228149414063 -0.608154296875 -0.6922607421875
-0.00578975677490234 -0.0174217224121094 -0.84564208984375 0.13720703125
-0.0106277465820313 -0.00914955139160156 -0.28033447265625 0.63885498046875
-0.00330162048339844 -0.00901412963867188 0.1768798828125 0.451385498046875
0.00230622291564941 0.00202488899230957 0.32763671875 0.011871337890625
0.0222759246826172 0.00290489196777344 0.220184326171875 -0.264862060546875
0.0169773101806641 -0.0132770538330078 -0.17047119140625 0.23358154296875
0.0201225280761719 -0.0121021270751953 -0.297454833984375 -0.0337219238281251
-0.00203609466552734 -0.0116043090820313 -0.195648193359375 -0.431549072265625
0.00566291809082031 8.392333984375E-05 0.25 -0.59130859375
-0.0147104263305664 0.0131282806396484 0.7735595703125 -0.08441162109375
-0.0201225280761719 -0.00481605529785156 0.65777587890625 0.64825439453125
0.0305805206298828 0.00485801696777344 0.074462890625 0.62060546875
0.0280818939208984 0.0166206359863281 0.0390701293945313 0.0566596984863281
0.0225696563720703 0.0116176605224609 0.0216674804687499 -0.61968994140625
0.00872325897216797 -0.0141534805297852 -0.62213134765625 -0.6802978515625
-0.00332069396972656 -0.0177898406982422 -0.83953857421875 0.15118408203125
-0.00967121124267578 -0.0119037628173828 -0.2684326171875 0.64068603515625
-0.00324153900146484 -0.0137042999267578 0.184722900390625 0.446685791015625
0.00232386589050293 0.00201821327209473 0.326019287109375 0.0093994140625
0.0189437866210937 0.00216293334960938 0.216079711914062 -0.267044067382813
0.0118236541748047 -0.01983642578125 -0.171127319335938 0.241775512695313
0.0183143615722656 -0.00244903564453125 -0.316375732421875 -0.024505615234375
0.000560760498046874 0.0132522583007812 -0.22607421875 -0.41900634765625
0.00555419921875 0.0175037384033203 0.2164306640625 -0.6094970703125
-0.0292491912841797 0.00485229492187499 0.76873779296875 -0.13787841796875
-0.0459403991699219 -0.0340347290039063 0.6903076171875 0.60009765625
0.0236072540283203 -0.0345325469970703 0.09918212890625 0.6129150390625
0.043365478515625 -0.0227394104003906 0.0402450561523437 0.0635528564453125
0.0181293487548828 -0.0263481140136719 0.0408935546875 -0.625732421875
-0.0130233764648438 -0.0427398681640625 -0.60015869140625 -0.71636962890625
-0.0225582122802734 -0.0266036987304688 -0.8558349609375 0.1162109375
-0.010167121887207 0.00444316864013672 -0.292724609375 0.64013671875
-0.00399494171142578 0.00923824310302734 0.1650390625 0.466094970703125
0.000394821166992186 0.0138778686523438 0.312591552734375 0.01727294921875
0.0162668228149414 -0.00435256958007813 0.22088623046875 -0.262420654296875
0.0160856246948242 -0.0154638290405273 -0.1636962890625 0.240036010742187
0.0189704895019531 -0.004058837890625 -0.311370849609375 -0.0235290527343749
0.000996589660644533 0.0151767730712891 -0.22900390625 -0.41717529296875
0.0052642822265625 0.0179252624511719 0.20849609375 -0.60772705078125
-0.0291976928710938 0.00679588317871094 0.76568603515625 -0.14337158203125
-0.0447769165039063 -0.0317573547363281 0.69964599609375 0.59796142578125
0.0255317687988281 -0.0334529876708984 0.10809326171875 0.62078857421875
0.0442733764648438 -0.0193710327148438 0.03936767578125 0.0708999633789063
0.0201301574707031 -0.0237617492675781 0.0450439453125 -0.62054443359375
-0.0107040405273437 -0.0420913696289062 -0.59381103515625 -0.72442626953125
-0.0233592987060547 -0.0258712768554687 -0.8619384765625 0.10467529296875
-0.0115165710449219 0.00564193725585938 -0.3040771484375 0.63836669921875
-0.00500297546386719 0.0109090805053711 0.156585693359375 0.465423583984375
-2.0027160644531E-05 0.0122470855712891 0.31494140625 0.01727294921875
0.0207366943359375 -0.000881195068359375 0.22210693359375 -0.261154174804688
0.0191116333007813 -0.0141372680664063 -0.159393310546875 0.24066162109375
0.0198440551757813 -0.00453948974609375 -0.306121826171875 -0.02459716796875
0.000496864318847656 0.0137224197387695 -0.228912353515625 -0.4183349609375
0.00443649291992187 0.01776123046875 0.20343017578125 -0.60693359375
-0.0284900665283203 0.00827407836914062 0.7620849609375 -0.142822265625
-0.0408477783203125 -0.0290641784667969 0.70306396484375 0.60015869140625
0.0266571044921875 -0.0276832580566406 0.1104736328125 0.62353515625
0.0423927307128906 -0.014404296875 0.0374069213867188 0.0760879516601563
0.0215320587158203 -0.0198192596435547 0.049072265625 -0.61663818359375
-0.00890731811523437 -0.0390548706054688 -0.5865478515625 -0.72320556640625
-0.0215072631835938 -0.0242786407470703 -0.86065673828125 0.10308837890625
-0.0127973556518555 0.00565910339355469 -0.30755615234375 0.63934326171875
-0.0055694580078125 0.00945854187011719 0.156890869140625 0.46734619140625
0.00029754638671875 0.011082649230957 0.3192138671875 0.016571044921875
0.0234127044677734 0.0011138916015625 0.226470947265625 -0.26214599609375
0.0221576690673828 -0.0116405487060547 -0.15673828125 0.2386474609375
0.0191669464111328 -0.0069580078125 -0.301055908203125 -0.025115966796875
-0.000332832336425781 0.0108499526977539 -0.2276611328125 -0.418212890625
0.00365161895751953 0.0152778625488281 0.20562744140625 -0.6064453125
-0.0258922576904297 0.0100631713867188 0.76519775390625 -0.139404296875
-0.0355720520019531 -0.0240898132324219 0.706787109375 0.6021728515625
0.0288410186767578 -0.0220241546630859 0.1121826171875 0.6268310546875
0.04010009765625 -0.00713348388671875 0.0367660522460937 0.078033447265625
0.0230197906494141 -0.0130405426025391 0.0478515625 -0.6131591796875
-0.003936767578125 -0.0340728759765625 -0.5906982421875 -0.71990966796875
-0.0180377960205078 -0.0224647521972656 -0.86224365234375 0.10650634765625
-0.012700080871582 0.00330638885498047 -0.3076171875 0.63995361328125
-0.00499963760375977 0.00709104537963867 0.15850830078125 0.465576171875
0.00135135650634766 0.00924301147460938 0.3228759765625 0.01544189453125
0.0263862609863281 0.00313949584960938 0.22711181640625 -0.261611938476563
0.0225658416748047 -0.0104541778564453 -0.156387329101562 0.238006591796875
0.0189094543457031 -0.00969314575195313 -0.298492431640625 -0.02703857421875
-0.00105524063110352 0.00594997406005859 -0.221038818359375 -0.421783447265625
0.00349807739257812 0.0123538970947266 0.21429443359375 -0.60430908203125
-0.0226726531982422 0.0115642547607422 0.7667236328125 -0.12884521484375
-0.0308322906494141 -0.0185089111328125 0.69952392578125 0.61163330078125
0.0299816131591797 -0.0133857727050781 0.1055908203125 0.62982177734375
0.0368919372558594 0.00160598754882813 0.03668212890625 0.0764083862304687
0.0233421325683594 -0.00494575500488281 0.04632568359375 -0.61322021484375
0.00119590759277344 -0.0271987915039063 -0.5936279296875 -0.71392822265625
-0.0145339965820312 -0.0203685760498047 -0.85888671875 0.1123046875
-0.0128307342529297 0.000205039978027345 -0.302978515625 0.640625
-0.00582790374755859 0.00200986862182617 0.163604736328125 0.461700439453125
0.00261402130126953 0.00679492950439453 0.326446533203125 0.014190673828125
0.0263462066650391 0.00339698791503906 0.2261962890625 -0.263565063476563
0.0212993621826172 -0.0107936859130859 -0.159408569335937 0.237396240234375
0.0195827484130859 -0.0105838775634766 -0.296234130859375 -0.0277099609375
-0.00163483619689941 -0.000309586524963379 -0.214752197265625 -0.424835205078125
0.0034489631652832 0.00805187225341797 0.22100830078125 -0.601318359375
-0.0202426910400391 0.0134048461914062 0.7705078125 -0.11737060546875
-0.0256233215332031 -0.0126304626464844 0.69012451171875 0.62493896484375
0.0311717987060547 -0.00590705871582031 0.0999755859375 0.63201904296875
0.0332698822021484 0.00844001770019531 0.0369796752929688 0.07281494140625
0.0242900848388672 0.00273323059082031 0.03662109375 -0.61639404296875
0.00472259521484375 -0.0216140747070313 -0.60333251953125 -0.70489501953125
-0.0101642608642578 -0.0192203521728516 -0.85498046875 0.1265869140625
-0.0114469528198242 -0.00396156311035156 -0.2923583984375 0.64288330078125
-0.004486083984375 -0.00389289855957031 0.1707763671875 0.457733154296875
0.00273942947387695 0.00444841384887695 0.328094482421875 0.011444091796875
0.0259952545166016 0.00438117980957031 0.223190307617188 -0.265914916992188
0.0191688537597656 -0.0116558074951172 -0.164077758789063 0.237136840820312
0.0198554992675781 -0.0118694305419922 -0.296783447265625 -0.029754638671875
-0.0025634765625 -0.00581884384155273 -0.208160400390625 -0.4293212890625
0.00399112701416016 0.00387048721313477 0.23614501953125 -0.59906005859375
-0.0168333053588867 0.0138330459594727 0.77392578125 -0.104736328125
-0.0218658447265625 -0.00789642333984375 0.677734375 0.63751220703125
0.0313262939453125 -0.000108718872070313 0.0894775390625 0.6285400390625
0.0307502746582031 0.0142154693603516 0.0377120971679688 0.0655784606933594
0.0238742828369141 0.00892066955566406 0.0286865234375 -0.61956787109375
0.00780105590820313 -0.0164766311645508 -0.6160888671875 -0.6920166015625
-0.00658226013183594 -0.0181198120117188 -0.850341796875 0.14349365234375
-0.010498046875 -0.00808525085449219 -0.27783203125 0.6451416015625
-0.00302410125732422 -0.00944137573242188 0.180816650390625 0.453826904296875
0.0030372142791748 0.00244879722595215 0.3297119140625 0.0087890625
0.0228958129882813 0.00245285034179688 0.219436645507813 -0.268798828125
0.0168771743774414 -0.0142135620117187 -0.170974731445312 0.236083984375
0.0202713012695313 -0.01141357421875 -0.2991943359375 -0.03192138671875
-0.00268363952636719 -0.0114660263061523 -0.1990966796875 -0.433807373046875
0.00468301773071289 0.000715732574462891 0.24774169921875 -0.5963134765625
-0.0144567489624023 0.0142831802368164 0.77850341796875 -0.09130859375
-0.0201930999755859 -0.00505638122558593 0.665771484375 0.64776611328125
0.0312366485595703 0.003570556640625 0.0787353515625001 0.6229248046875
0.0281524658203125 0.0162887573242188 0.0395164489746094 0.0571250915527344
0.0226821899414063 0.0117416381835937 0.01861572265625 -0.62469482421875
0.00942134857177734 -0.0137939453125 -0.63018798828125 -0.68072509765625
-0.00309181213378906 -0.0178241729736328 -0.8426513671875 0.15740966796875
-0.0109291076660156 -0.0115442276000977 -0.26580810546875 0.64605712890625
-0.00316810607910156 -0.0151071548461914 0.188079833984375 0.45086669921875
0.00347208976745605 0.00195002555847168 0.327239990234375 0.00732421875
0.0188255310058594 0.00108528137207031 0.215621948242188 -0.270339965820313
0.0115242004394531 -0.0204181671142578 -0.171173095703125 0.244552612304688
0.0190086364746094 -0.00290107727050781 -0.319061279296875 -0.0215454101562501
0.00110626220703125 0.0133218765258789 -0.230438232421875 -0.419219970703125
0.00504493713378906 0.0175762176513672 0.21319580078125 -0.61236572265625
-0.0293083190917969 0.00574302673339843 0.77325439453125 -0.14422607421875
-0.0460205078125 -0.0333595275878906 0.6976318359375 0.59808349609375
0.0234794616699219 -0.0356903076171875 0.102783203125 0.61456298828125
0.0441322326660156 -0.0233688354492188 0.0399398803710937 0.063507080078125
0.0182991027832031 -0.0264511108398438 0.0364990234375 -0.6278076171875
-0.0134963989257813 -0.0422515869140625 -0.608642578125 -0.7154541015625
-0.0225830078125 -0.0265293121337891 -0.860107421875 0.12188720703125
-0.0102806091308594 0.00406742095947266 -0.288818359375 0.646728515625
-0.00308036804199219 0.00892257690429688 0.1666259765625 0.468170166015625
0.00102901458740234 0.0135583877563477 0.313751220703125 0.015106201171875
0.0172481536865234 -0.00503730773925781 0.220138549804688 -0.265960693359375
0.0158052444458008 -0.0169754028320313 -0.16265869140625 0.241989135742188
0.0187892913818359 -0.00459098815917969 -0.313201904296875 -0.020904541015625
0.00116443634033203 0.0157651901245117 -0.232696533203125 -0.417724609375
0.0048675537109375 0.0183181762695313 0.20660400390625 -0.61273193359375
-0.0301742553710938 0.00716590881347656 0.76849365234375 -0.14910888671875
-0.0452804565429688 -0.0317955017089844 0.70819091796875 0.59539794921875
0.0255336761474609 -0.0348758697509766 0.111083984375 0.62139892578125
0.0437393188476562 -0.0208549499511719 0.03973388671875 0.07080078125
0.0205402374267578 -0.0251998901367188 0.0427856445312501 -0.6243896484375
-0.0103340148925781 -0.041595458984375 -0.60162353515625 -0.72607421875
-0.0234870910644531 -0.0259876251220703 -0.86505126953125 0.11431884765625
-0.0116329193115234 0.00633049011230468 -0.30169677734375 0.6455078125
-0.005035400390625 0.0114526748657227 0.160552978515625 0.46832275390625
0.000657081604003906 0.0131216049194336 0.316558837890625 0.014404296875
0.0206737518310547 -0.00150108337402344 0.22222900390625 -0.264938354492188
0.0189781188964844 -0.0148906707763672 -0.160125732421875 0.242721557617188
0.0202522277832031 -0.00573348999023438 -0.308624267578125 -0.0211181640625
0.000622749328613281 0.0141744613647461 -0.233612060546875 -0.416778564453125
0.00434684753417969 0.0182056427001953 0.20318603515625 -0.61151123046875
-0.0291976928710938 0.00845146179199219 0.76641845703125 -0.150146484375
-0.0416259765625 -0.0290145874023438 0.7100830078125 0.59759521484375
0.0268802642822266 -0.0289840698242187 0.1162109375 0.62603759765625
0.043212890625 -0.0149116516113281 0.037994384765625 0.0767822265625
0.0221366882324219 -0.0201950073242188 0.0446777343749999 -0.61767578125
-0.0080718994140625 -0.0382118225097656 -0.593505859375 -0.72283935546875
-0.0225276947021484 -0.0253658294677734 -0.864501953125 0.10784912109375
-0.012507438659668 0.00638103485107422 -0.3048095703125 0.64739990234375
-0.00537300109863281 0.00988578796386719 0.162139892578125 0.468048095703125
0.000810623168945312 0.0105772018432617 0.320404052734375 0.015106201171875
0.0242443084716797 8.392333984375E-05 0.225814819335938 -0.26556396484375
0.0222892761230469 -0.0129127502441406 -0.156265258789062 0.24029541015625
0.0199661254882813 -0.00759696960449219 -0.304473876953125 -0.022308349609375
-0.000208854675292969 0.0115289688110352 -0.23089599609375 -0.418426513671875
0.00334739685058594 0.0164680480957031 0.20172119140625 -0.6112060546875
-0.0269927978515625 0.0112171173095703 0.7684326171875 -0.144287109375
-0.0370712280273438 -0.0235137939453125 0.71331787109375 0.60101318359375
0.0287322998046875 -0.0220088958740234 0.1165771484375 0.62969970703125
0.0411186218261719 -0.00774383544921875 0.037628173828125 0.078094482421875
0.02325439453125 -0.0127277374267578 0.0422363281250001 -0.61639404296875
-0.00342178344726562 -0.0337333679199219 -0.59576416015625 -0.7205810546875
-0.018707275390625 -0.0222911834716797 -0.86553955078125 0.11383056640625
-0.0131397247314453 0.00338077545166016 -0.3046875 0.6456298828125
-0.00541400909423828 0.00785541534423828 0.164215087890625 0.466827392578125
0.00221061706542969 0.00897026062011719 0.32403564453125 0.01263427734375
0.0265140533447266 0.00220489501953125 0.225830078125 -0.264801025390625
0.0226993560791016 -0.0126934051513672 -0.15631103515625 0.240036010742187
0.0199222564697266 -0.00943756103515625 -0.300567626953125 -0.023223876953125
-0.000485420227050781 0.00699043273925781 -0.2255859375 -0.42205810546875
0.00284290313720703 0.0126399993896484 0.210693359375 -0.60797119140625
-0.0236759185791016 0.0117015838623047 0.76971435546875 -0.1351318359375
-0.031097412109375 -0.0189990997314453 0.7066650390625 0.6097412109375
0.0303115844726562 -0.0150909423828125 0.11004638671875 0.63067626953125
0.0370140075683594 0.00150299072265625 0.0365142822265625 0.0760116577148437
0.0244274139404297 -0.00476646423339844 0.0407714843749999 -0.61541748046875
0.00138282775878906 -0.0273208618164063 -0.59942626953125 -0.7138671875
-0.0143985748291016 -0.0204315185546875 -0.8641357421875 0.11822509765625
-0.0127763748168945 0.000626564025878904 -0.30145263671875 0.6463623046875
-0.00491094589233398 0.00207090377807617 0.166534423828125 0.463226318359375
0.00261831283569336 0.00677251815795898 0.327056884765625 0.01190185546875
0.0263767242431641 0.00341987609863281 0.2257080078125 -0.266372680664063
0.0218849182128906 -0.0115890502929688 -0.159439086914063 0.239089965820313
0.0202865600585937 -0.0106220245361328 -0.29913330078125 -0.0245056152343749
-0.00243830680847168 0.000962972640991211 -0.220123291015625 -0.425933837890625
0.00283718109130859 0.00822162628173828 0.220947265625 -0.60760498046875
-0.0202674865722656 0.0142822265625 0.77520751953125 -0.123779296875
-0.0265026092529297 -0.0130500793457031 0.69952392578125 0.622802734375
0.0310935974121094 -0.00767707824707031 0.10302734375 0.63409423828125
0.0342769622802734 0.00765609741210938 0.0369415283203125 0.07293701171875
0.0239143371582031 0.00307846069335938 0.03289794921875 -0.61895751953125
0.00494194030761719 -0.0209503173828125 -0.61199951171875 -0.70428466796875
-0.0106086730957031 -0.0195350646972656 -0.859130859375 0.1334228515625
-0.0123939514160156 -0.00396251678466797 -0.28924560546875 0.649658203125
-0.00408291816711426 -0.00384449958801269 0.174285888671875 0.45989990234375
0.00394201278686524 0.00463724136352539 0.330078125 0.00909423828125
0.0259914398193359 0.00299072265625 0.223037719726563 -0.268890380859375
0.0192432403564453 -0.0131549835205078 -0.162704467773438 0.23931884765625
0.0201416015625 -0.0124950408935547 -0.2994384765625 -0.026611328125
-0.00256443023681641 -0.00496339797973633 -0.211822509765625 -0.429931640625
0.00354599952697754 0.00430870056152344 0.2333984375 -0.60272216796875
-0.0167503356933594 0.0140285491943359 0.7799072265625 -0.1126708984375
-0.0217113494873047 -0.00745773315429688 0.68670654296875 0.63433837890625
0.0318202972412109 -0.000547409057617188 0.0913085937500001 0.62872314453125
0.0312881469726562 0.012908935546875 0.0374069213867188 0.0657730102539062
0.0246925354003906 0.00816154479980469 0.025390625 -0.62286376953125
0.00753974914550781 -0.0164709091186523 -0.62255859375 -0.69140625
-0.006561279296875 -0.0185317993164063 -0.8536376953125 0.14862060546875
-0.0114192962646484 -0.00812530517578125 -0.27581787109375 0.65191650390625
-0.00382232666015625 -0.00949859619140625 0.184600830078125 0.455047607421875
0.00423550605773926 0.00309062004089355 0.330810546875 0.006622314453125
0.0232524871826172 0.00253868103027344 0.218841552734375 -0.27215576171875
0.0170259475708008 -0.0161209106445313 -0.17120361328125 0.237960815429687
0.02069091796875 -0.0128135681152344 -0.30206298828125 -0.028839111328125
-0.00240230560302734 -0.0106477737426758 -0.204498291015625 -0.434661865234375
0.00483131408691406 0.00121450424194336 0.2462158203125 -0.6024169921875
-0.0143375396728516 0.0137348175048828 0.78167724609375 -0.095703125
-0.0192680358886719 -0.00501823425292969 0.67510986328125 0.64544677734375
0.0308609008789063 0.00254249572753906 0.0830078125000001 0.6248779296875
0.0295448303222656 0.0156631469726563 0.0386695861816406 0.0576515197753906
0.0241127014160156 0.0108814239501953 0.01519775390625 -0.62640380859375
0.00844001770019531 -0.012568473815918 -0.6373291015625 -0.67919921875
-0.00407218933105469 -0.0185031890869141 -0.84765625 0.16607666015625
-0.0107622146606445 -0.0117063522338867 -0.260986328125 0.65362548828125
-0.0029449462890625 -0.0147333145141602 0.193756103515625 0.452850341796875
0.00374317169189453 0.00119352340698242 0.3302001953125 0.003997802734375
0.0197544097900391 -0.000486373901367187 0.214401245117188 -0.273544311523438
0.0114231109619141 -0.0223960876464844 -0.170547485351563 0.247360229492188
0.0200996398925781 -0.00319290161132812 -0.32208251953125 -0.017791748046875
0.00106048583984375 0.0143976211547852 -0.23626708984375 -0.41876220703125
0.00523567199707031 0.0187168121337891 0.211181640625 -0.6204833984375
-0.0292911529541016 0.00627517700195312 0.775634765625 -0.15240478515625
-0.0458030700683594 -0.0330276489257813 0.7086181640625 0.59539794921875
0.0232810974121094 -0.0369453430175781 0.1077880859375 0.6158447265625
0.0447845458984375 -0.0242767333984375 0.0404281616210938 0.0641632080078125
0.0181083679199219 -0.0272674560546875 0.032470703125 -0.6297607421875
-0.0140113830566406 -0.0416030883789063 -0.61773681640625 -0.715087890625
-0.0231800079345703 -0.0258884429931641 -0.86383056640625 0.1290283203125
-0.00990200042724609 0.00561809539794922 -0.28570556640625 0.6539306640625
-0.00395393371582031 0.00957393646240234 0.1732177734375 0.470306396484375
0.00168609619140625 0.0141105651855469 0.31591796875 0.01287841796875
0.0177993774414062 -0.00605201721191406 0.218795776367188 -0.270126342773437
0.014892578125 -0.0189743041992188 -0.162979125976563 0.246139526367188
0.0199832916259766 -0.00534439086914063 -0.316375732421875 -0.016876220703125
0.00184535980224609 0.0159006118774414 -0.23748779296875 -0.4178466796875
0.00430870056152344 0.0192508697509766 0.20379638671875 -0.619873046875
-0.0302867889404297 0.00771141052246094 0.77301025390625 -0.15667724609375
-0.0450439453125 -0.0325164794921875 0.71746826171875 0.5933837890625
0.0248680114746094 -0.0360298156738281 0.11614990234375 0.625
0.0447769165039063 -0.0214614868164063 0.0393295288085937 0.0722274780273437
0.0203933715820313 -0.0248641967773438 0.03765869140625 -0.62750244140625
-0.01104736328125 -0.0412712097167969 -0.60906982421875 -0.7232666015625
-0.0240421295166016 -0.0249881744384766 -0.8699951171875 0.11962890625
-0.0123682022094727 0.00668239593505859 -0.29541015625 0.6549072265625
-0.00450420379638672 0.0117874145507813 0.16748046875 0.471038818359375
0.00136566162109375 0.0126943588256836 0.318603515625 0.011932373046875
0.0216884613037109 -0.00201797485351563 0.220718383789063 -0.268142700195313
0.0184078216552734 -0.0167293548583984 -0.15838623046875 0.245361328125
0.0203266143798828 -0.00628471374511719 -0.31109619140625 -0.0178527832031251
0.00142097473144531 0.0158710479736328 -0.23846435546875 -0.417999267578125
0.00375938415527344 0.0188064575195313 0.19915771484375 -0.61767578125
-0.0289955139160156 0.00902748107910157 0.7703857421875 -0.15667724609375
-0.0415420532226563 -0.0288925170898437 0.720947265625 0.59405517578125
0.0263195037841797 -0.0310382843017578 0.1171875 0.62860107421875
0.0425148010253906 -0.0152778625488281 0.0383453369140625 0.0771865844726563
0.0225868225097656 -0.0197696685791016 0.04229736328125 -0.621826171875
-0.00790786743164063 -0.0384979248046875 -0.60394287109375 -0.72271728515625
-0.0230827331542969 -0.0240249633789063 -0.86822509765625 0.117919921875
-0.0129919052124023 0.00579452514648438 -0.30194091796875 0.6539306640625
-0.00538253784179688 0.0101842880249023 0.167266845703125 0.470916748046875
0.00203990936279297 0.0115604400634766 0.32318115234375 0.012054443359375
0.0241489410400391 -0.000761032104492187 0.224868774414063 -0.26873779296875
0.0219860076904297 -0.0143756866455078 -0.155654907226562 0.243789672851563
0.0206165313720703 -0.008056640625 -0.30645751953125 -0.018768310546875
-6.67572021484379E-05 0.0121192932128906 -0.236541748046875 -0.419342041015625
0.00272560119628906 0.0162572860717773 0.19976806640625 -0.61749267578125
-0.0261001586914063 0.0112838745117188 0.7718505859375 -0.15325927734375
-0.0358161926269531 -0.0237655639648437 0.72381591796875 0.597900390625
0.0285224914550781 -0.0243415832519531 0.1199951171875 0.63079833984375
0.0406036376953125 -0.00843429565429688 0.0374679565429688 0.079437255859375
0.0240879058837891 -0.01361083984375 0.03887939453125 -0.61956787109375
-0.00317955017089844 -0.0330944061279297 -0.60443115234375 -0.72015380859375
-0.0193958282470703 -0.0226287841796875 -0.8701171875 0.1214599609375
-0.0137033462524414 0.00379276275634766 -0.299560546875 0.65472412109375
-0.00532960891723633 0.00725793838500977 0.16766357421875 0.468505859375
0.00270843505859375 0.00987625122070313 0.32537841796875 0.01043701171875
0.0263328552246094 0.000680923461914062 0.224761962890625 -0.26904296875
0.0224380493164062 -0.0133934020996094 -0.155776977539063 0.24212646484375
0.020599365234375 -0.0104427337646484 -0.302093505859375 -0.02001953125
-0.000496864318847656 0.00714874267578125 -0.231292724609375 -0.42230224609375
0.00344657897949219 0.0130615234375 0.20770263671875 -0.61376953125
-0.0232887268066406 0.012542724609375 0.77117919921875 -0.1422119140625
-0.0307235717773438 -0.0193538665771484 0.7159423828125 0.6077880859375
0.0297031402587891 -0.0157299041748047 0.11468505859375 0.6329345703125
0.0368728637695313 -0.000278472900390625 0.0371017456054688 0.0774459838867188
0.0246639251708984 -0.00469779968261719 0.0374755859375 -0.62030029296875
0.000820159912109375 -0.0262908935546875 -0.60882568359375 -0.71343994140625
-0.0153408050537109 -0.0209484100341797 -0.8668212890625 0.128662109375
-0.0129756927490234 0.000531196594238281 -0.29498291015625 0.65521240234375
-0.00523757934570313 0.00226545333862305 0.1729736328125 0.46636962890625
0.0023655891418457 0.00726652145385742 0.329498291015625 0.008026123046875
0.0273914337158203 0.00184822082519531 0.223419189453125 -0.270767211914062
0.0222110748291016 -0.0135593414306641 -0.15777587890625 0.24249267578125
0.0204048156738281 -0.0119304656982422 -0.301666259765625 -0.020965576171875
-0.00175333023071289 0.00196468830108643 -0.226165771484375 -0.42657470703125
0.00262737274169922 0.00891208648681641 0.21539306640625 -0.61297607421875
-0.020111083984375 0.0138778686523437 0.77783203125 -0.13336181640625
-0.0257797241210938 -0.0123348236083984 0.71002197265625 0.62060546875
0.0308551788330078 -0.00855827331542969 0.10687255859375 0.63525390625
0.0351333618164063 0.00730133056640625 0.0378189086914063 0.074188232421875
0.0250949859619141 0.00198173522949219 0.0289306640625 -0.62176513671875
0.00513648986816406 -0.0210304260253906 -0.61956787109375 -0.702880859375
-0.0119132995605469 -0.0181217193603516 -0.8646240234375 0.1427001953125
-0.0117464065551758 -0.00367450714111328 -0.28411865234375 0.65771484375
-0.00484371185302734 -0.00326728820800781 0.18048095703125 0.462432861328125
0.0039219856262207 0.00415635108947754 0.3316650390625 0.005523681640625
0.0262737274169922 0.00242805480957031 0.221954345703125 -0.273574829101563
0.0191917419433594 -0.0145263671875 -0.161972045898437 0.2415771484375
0.0214805603027344 -0.0133152008056641 -0.3016357421875 -0.0234374999999999
-0.00300407409667969 -0.00472211837768555 -0.216461181640625 -0.431732177734375
0.00313997268676758 0.00474262237548828 0.22894287109375 -0.61114501953125
-0.016505241394043 0.0143184661865234 0.78314208984375 -0.11920166015625
-0.0220203399658203 -0.00821304321289063 0.6956787109375 0.63330078125
0.0316371917724609 -0.00209426879882813 0.0958862304687501 0.63226318359375
0.0310859680175781 0.0130767822265625 0.0384025573730469 0.0667343139648438
0.0243053436279297 0.00811576843261719 0.02044677734375 -0.62445068359375
0.00769424438476563 -0.0154552459716797 -0.630859375 -0.689453125
-0.00730514526367187 -0.0186634063720703 -0.858154296875 0.15716552734375
-0.0117578506469727 -0.00828933715820312 -0.27020263671875 0.66015625
-0.00325965881347656 -0.00942707061767578 0.18988037109375 0.457366943359375
0.00407147407531738 0.003021240234375 0.332000732421875 0.003662109375
0.0232429504394531 0.000410079956054687 0.217208862304687 -0.27569580078125
0.0168132781982422 -0.0175952911376953 -0.16925048828125 0.240798950195313
0.0221672058105469 -0.0128898620605469 -0.30584716796875 -0.0250244140625001
-0.00235271453857422 -0.00985145568847656 -0.209808349609375 -0.4342041015625
0.00347208976745605 0.00136685371398926 0.2432861328125 -0.6082763671875
-0.0141544342041016 0.0152568817138672 0.7867431640625 -0.1051025390625
-0.0191383361816406 -0.00501823425292969 0.68377685546875 0.64422607421875
0.0313873291015625 0.00185966491699219 0.085205078125 0.6279296875
0.0293159484863281 0.0147933959960938 0.0396919250488281 0.0581550598144531
0.0244827270507812 0.0108394622802734 0.0106201171875 -0.62896728515625
0.00878715515136719 -0.0128536224365234 -0.646484375 -0.67755126953125
-0.00453376770019531 -0.0181560516357422 -0.85125732421875 0.17462158203125
-0.010777473449707 -0.0121316909790039 -0.25689697265625 0.66156005859375
-0.00319385528564453 -0.0140037536621094 0.198883056640625 0.45465087890625
0.0042264461517334 0.000791072845458984 0.33154296875 0.001190185546875
0.0193347930908203 -0.000339508056640625 0.2135009765625 -0.277145385742188
0.0109901428222656 -0.0238437652587891 -0.169647216796875 0.24957275390625
0.0212802886962891 -0.00488662719726563 -0.324310302734375 -0.0134582519531251
0.00202369689941406 0.0158452987670898 -0.241546630859375 -0.418487548828125
0.00497817993164063 0.0184268951416016 0.20465087890625 -0.62554931640625
-0.0300979614257812 0.00700759887695313 0.77862548828125 -0.16070556640625
-0.0465888977050781 -0.0327568054199219 0.71728515625 0.58941650390625
0.023193359375 -0.0382423400878906 0.1129150390625 0.6175537109375
0.0447959899902344 -0.0250053405761719 0.0411529541015625 0.0662117004394531
0.0186443328857422 -0.0271282196044922 0.02569580078125 -0.63262939453125
-0.0133094787597656 -0.0416374206542969 -0.62640380859375 -0.71148681640625
-0.023712158203125 -0.0257186889648437 -0.86651611328125 0.1409912109375
-0.00971412658691406 0.00538539886474609 -0.2791748046875 0.6614990234375
-0.00375652313232422 0.0098876953125 0.17919921875 0.470916748046875
0.00220012664794922 0.0138463973999023 0.317047119140625 0.00909423828125
0.017268180847168 -0.00650119781494141 0.21759033203125 -0.273818969726563
0.0149669647216797 -0.0205535888671875 -0.161163330078125 0.24835205078125
0.0205268859863281 -0.00591659545898438 -0.319244384765625 -0.013153076171875
0.0023345947265625 0.0169763565063477 -0.244384765625 -0.41741943359375
0.00478744506835938 0.0199642181396484 0.19866943359375 -0.62396240234375
-0.0300312042236328 0.00801658630371094 0.77587890625 -0.166259765625
-0.0456352233886719 -0.0320281982421875 0.72723388671875 0.58795166015625
0.0241584777832031 -0.0367202758789063 0.12158203125 0.62542724609375
0.0442886352539063 -0.0221290588378906 0.0394363403320312 0.071258544921875
0.0200386047363281 -0.0253944396972656 0.03179931640625 -0.6300048828125
-0.0112113952636719 -0.040130615234375 -0.62078857421875 -0.71966552734375
-0.025115966796875 -0.0252437591552734 -0.87176513671875 0.129638671875
-0.0110845565795898 0.00686359405517578 -0.290771484375 0.6607666015625
-0.00451946258544922 0.011199951171875 0.172149658203125 0.47235107421875
0.00162410736083984 0.0131187438964844 0.32000732421875 0.0086669921875
0.0211143493652344 -0.00320243835449219 0.217803955078125 -0.272216796875
0.0189418792724609 -0.0188770294189453 -0.157699584960938 0.248748779296875
0.0215129852294922 -0.00720024108886719 -0.31396484375 -0.0133056640624999
0.00192928314208984 0.0160818099975586 -0.244659423828125 -0.41845703125
0.00416374206542969 0.0194168090820313 0.1937255859375 -0.62225341796875
-0.0290622711181641 0.00962066650390625 0.77423095703125 -0.16632080078125
-0.0414695739746094 -0.0282669067382813 0.7308349609375 0.589111328125
0.0265884399414062 -0.0316619873046875 0.12420654296875 0.62969970703125
0.042724609375 -0.0162200927734375 0.0382080078125 0.0774688720703125
0.0226707458496094 -0.0202789306640625 0.0342407226562499 -0.625244140625
-0.00843048095703125 -0.0371818542480469 -0.6131591796875 -0.7183837890625
-0.0230484008789063 -0.0239105224609375 -0.8709716796875 0.12652587890625
-0.0137252807617188 0.00619125366210937 -0.29486083984375 0.66162109375
-0.00597858428955078 0.0106201171875 0.17083740234375 0.472320556640625
0.00244235992431641 0.0114717483520508 0.32421875 0.009124755859375
0.0249385833740234 -0.00152015686035156 0.223037719726563 -0.272369384765625
0.0219135284423828 -0.0159168243408203 -0.153884887695313 0.246551513671875
0.0207481384277344 -0.00877952575683594 -0.3084716796875 -0.01495361328125
0.000858306884765625 0.0126333236694336 -0.241302490234375 -0.420196533203125
0.00278949737548828 0.0175237655639648 0.19549560546875 -0.6209716796875
-0.0265636444091797 0.0119800567626953 0.776123046875 -0.16168212890625
-0.0367622375488281 -0.0237693786621094 0.7314453125 0.5919189453125
0.0281486511230469 -0.0249195098876953 0.1256103515625 0.63232421875
0.0401229858398438 -0.00962448120117188 0.0372314453125 0.0798416137695313
0.0236968994140625 -0.0132656097412109 0.0325927734375 -0.6224365234375
-0.00405120849609375 -0.032440185546875 -0.61358642578125 -0.71514892578125
-0.0203895568847656 -0.0206317901611328 -0.874755859375 0.13018798828125
-0.0132150650024414 0.00398445129394531 -0.29534912109375 0.66143798828125
-0.00598907470703125 0.00732564926147461 0.173065185546875 0.47076416015625
0.00285911560058594 0.00975131988525391 0.327880859375 0.007171630859375
0.0274581909179687 0.000209808349609375 0.223526000976563 -0.272735595703125
0.0227108001708984 -0.0149345397949219 -0.154067993164062 0.245758056640625
0.0213451385498047 -0.01092529296875 -0.3048095703125 -0.016357421875
-0.000359058380126953 0.00820159912109375 -0.235931396484375 -0.421295166015625
0.0023651123046875 0.0142393112182617 0.2039794921875 -0.61785888671875
-0.0237712860107422 0.0134525299072266 0.77642822265625 -0.15106201171875
-0.0305538177490234 -0.0187931060791016 0.7255859375 0.60345458984375
0.0298309326171875 -0.0168113708496094 0.119384765625 0.6346435546875
0.0368690490722656 -0.00101089477539063 0.0372161865234375 0.0788803100585938
0.0250625610351563 -0.00618934631347656 0.03009033203125 -0.62158203125
0.000385284423828123 -0.0258464813232422 -0.618408203125 -0.71099853515625
-0.0156917572021484 -0.0203399658203125 -0.8704833984375 0.13739013671875
-0.0128307342529297 0.000287055969238281 -0.29058837890625 0.66046142578125
-0.00488996505737305 0.00281143188476562 0.17730712890625 0.466949462890625
0.00374269485473633 0.00728464126586914 0.329925537109375 0.0047607421875
0.0279903411865234 0.000764846801757813 0.221954345703125 -0.274200439453125
0.0213527679443359 -0.0153083801269531 -0.156219482421875 0.245895385742187
0.0210189819335938 -0.0122547149658203 -0.30426025390625 -0.0180358886718751
-0.00120115280151367 0.00226378440856934 -0.2310791015625 -0.426239013671875
0.0019073486328125 0.00941848754882812 0.212890625 -0.6162109375
-0.0203666687011719 0.0144805908203125 0.78143310546875 -0.14129638671875
-0.0255069732666016 -0.0129375457763672 0.71807861328125 0.61663818359375
0.0309257507324219 -0.00943374633789063 0.11346435546875 0.63519287109375
0.0342273712158203 0.00626754760742188 0.0375442504882813 0.0738525390625
0.0249233245849609 0.0018463134765625 0.023193359375 -0.62396240234375
0.0052490234375 -0.0204257965087891 -0.62969970703125 -0.70074462890625
-0.0122604370117188 -0.0189456939697266 -0.86749267578125 0.15216064453125
-0.0127382278442383 -0.0033721923828125 -0.27899169921875 0.66534423828125
-0.00460243225097656 -0.00409507751464844 0.186309814453125 0.46337890625
0.00395059585571289 0.00484275817871094 0.332794189453125 0.002685546875
0.0271129608154297 0.00133323669433594 0.219619750976563 -0.27667236328125
0.0185661315917969 -0.0160293579101562 -0.161209106445313 0.24420166015625
0.0220584869384766 -0.0141010284423828 -0.304595947265625 -0.019744873046875
-0.00233030319213867 -0.00407862663269043 -0.22271728515625 -0.4307861328125
0.00250577926635742 0.00566482543945313 0.22479248046875 -0.6158447265625
-0.0174045562744141 0.0153026580810547 0.78619384765625 -0.12969970703125
-0.0215854644775391 -0.00780868530273438 0.70635986328125 0.62750244140625
0.0310020446777344 -0.00372314453125 0.10260009765625 0.6326904296875
0.0320510864257813 0.0122241973876953 0.03857421875 0.0672149658203125
0.0251369476318359 0.00798797607421875 0.0145263671875 -0.62689208984375
0.00774097442626953 -0.0152416229248047 -0.64154052734375 -0.68548583984375
-0.00835037231445313 -0.0177879333496094 -0.86065673828125 0.16778564453125
-0.0119810104370117 -0.00766181945800781 -0.26544189453125 0.6676025390625
-0.00396919250488281 -0.00910854339599609 0.196075439453125 0.45916748046875
0.0050206184387207 0.0027623176574707 0.333343505859375 -0.000518798828125
0.0243053436279297 0.000570297241210938 0.21600341796875 -0.279052734375
0.0171012878417969 -0.0190315246582031 -0.168014526367188 0.24383544921875
0.0224342346191406 -0.0141410827636719 -0.307586669921875 -0.02130126953125
-0.00234794616699219 -0.00980854034423828 -0.21551513671875 -0.43511962890625
0.0040130615234375 0.00214600563049316 0.23907470703125 -0.6148681640625
-0.0145797729492187 0.0148639678955078 0.7899169921875 -0.1129150390625
-0.0188865661621094 -0.00484657287597657 0.69195556640625 0.63909912109375
0.0313720703125 5.7220458984375E-05 0.09100341796875 0.63043212890625
0.0295467376708984 0.0143623352050781 0.0394477844238281 0.0584373474121094
0.0241909027099609 0.0111618041992188 0.00390625000000007 -0.6319580078125
0.00945568084716797 -0.0118303298950195 -0.655029296875 -0.6739501953125
-0.00548362731933594 -0.0180606842041016 -0.8544921875 0.18408203125
-0.0102481842041016 -0.0119962692260742 -0.25189208984375 0.66680908203125
-0.00326061248779297 -0.0146331787109375 0.204620361328125 0.45556640625
0.00449800491333008 0.00177526473999023 0.332794189453125 -0.001251220703125
0.0198020935058594 -0.00149154663085938 0.21038818359375 -0.281402587890625
0.0107669830322266 -0.0249195098876953 -0.167327880859375 0.253265380859375
0.0206565856933594 -0.00525665283203125 -0.326141357421875 -0.00857543945312503
0.00212860107421875 0.0157098770141602 -0.247802734375 -0.4178466796875
0.00532150268554688 0.0199985504150391 0.199951171875 -0.63079833984375
-0.0299167633056641 0.00700950622558594 0.779296875 -0.17034912109375
-0.0470161437988281 -0.0334663391113281 0.72650146484375 0.58526611328125
0.0223579406738281 -0.0400962829589844 0.11883544921875 0.618408203125
0.0438957214355469 -0.0259933471679688 0.041351318359375 0.0654067993164063
0.0181484222412109 -0.0277729034423828 0.0185546875 -0.63519287109375
-0.0139122009277344 -0.0409431457519531 -0.63714599609375 -0.70526123046875
-0.0252323150634766 -0.0250186920166016 -0.86846923828125 0.1495361328125
-0.0100240707397461 0.00517368316650391 -0.27239990234375 0.66754150390625
-0.00353813171386719 0.00992774963378906 0.185760498046875 0.471435546875
0.00240421295166016 0.0139560699462891 0.31842041015625 0.005157470703125
0.0187644958496094 -0.00702857971191406 0.2149658203125 -0.277847290039063
0.0140514373779297 -0.0217914581298828 -0.1588134765625 0.252090454101563
0.0210723876953125 -0.00733757019042969 -0.31964111328125 -0.00802612304687499
0.00280952453613281 0.0177707672119141 -0.24932861328125 -0.41766357421875
0.00459671020507813 0.0198040008544922 0.193359375 -0.63079833984375
-0.0296745300292969 0.00802421569824218 0.77886962890625 -0.1748046875
-0.0448760986328125 -0.0322990417480469 0.73822021484375 0.5819091796875
0.0244865417480469 -0.0378036499023437 0.12884521484375 0.6265869140625
0.043914794921875 -0.0229225158691406 0.0404434204101563 0.0731124877929688
0.0198326110839844 -0.0261573791503906 0.0256347656249999 -0.63232421875
-0.0115432739257813 -0.0402755737304688 -0.62933349609375 -0.7147216796875
-0.0261344909667969 -0.0248908996582031 -0.87347412109375 0.1414794921875
-0.0118274688720703 0.00624561309814453 -0.28399658203125 0.66839599609375
-0.00425815582275391 0.0123825073242188 0.178619384765625 0.472320556640625
0.00321197509765625 0.0130472183227539 0.320831298828125 0.005096435546875
0.0213451385498047 -0.00457763671875 0.215316772460938 -0.276718139648438
0.0184993743896484 -0.0202198028564453 -0.155441284179688 0.25091552734375
0.0224266052246094 -0.00802803039550781 -0.31591796875 -0.00888061523437504
0.0028076171875 0.0168085098266602 -0.250518798828125 -0.416839599609375
0.00408172607421875 0.0201377868652344 0.1873779296875 -0.62799072265625
-0.0290031433105469 0.0105934143066406 0.77349853515625 -0.17523193359375
-0.0418357849121094 -0.0281486511230469 0.73834228515625 0.58294677734375
0.0252704620361328 -0.0327205657958984 0.130615234375 0.6302490234375
0.0428924560546875 -0.017822265625 0.0385208129882812 0.0776901245117188
0.022247314453125 -0.0205917358398438 0.02886962890625 -0.6256103515625
-0.00846481323242187 -0.0368309020996094 -0.6217041015625 -0.71435546875
-0.0242214202880859 -0.0235786437988281 -0.87371826171875 0.13812255859375
-0.0125551223754883 0.00686359405517578 -0.287841796875 0.66845703125
-0.00561809539794922 0.011357307434082 0.178466796875 0.470977783203125
0.00324058532714844 0.0117263793945312 0.324798583984375 0.004150390625
0.0252933502197266 -0.00275230407714844 0.220138549804688 -0.276931762695313
0.0216102600097656 -0.0181636810302734 -0.151626586914063 0.248809814453125
0.0216407775878906 -0.00955009460449219 -0.310333251953125 -0.01055908203125
0.000957489013671874 0.0138483047485352 -0.24853515625 -0.418548583984375
0.00256156921386719 0.0175533294677734 0.188232421875 -0.62677001953125
-0.026641845703125 0.0121040344238281 0.776123046875 -0.17242431640625
-0.0366592407226563 -0.0238456726074219 0.740234375 0.58538818359375
0.0274829864501953 -0.0265369415283203 0.13238525390625 0.63214111328125
0.0404853820800781 -0.009765625 0.0384902954101563 0.0800094604492188
0.0239315032958984 -0.0141143798828125 0.02642822265625 -0.62371826171875
-0.00378608703613281 -0.0315380096435547 -0.6241455078125 -0.71148681640625
-0.0205631256103516 -0.0216636657714844 -0.87506103515625 0.14117431640625
-0.0135898590087891 0.00403213500976562 -0.289794921875 0.66900634765625
-0.00534200668334961 0.00778579711914063 0.179229736328125 0.47100830078125
0.00345230102539063 0.00933456420898438 0.327789306640625 0.002044677734375
0.0279312133789062 -0.000463485717773437 0.22021484375 -0.276260375976563
0.0223655700683594 -0.0173225402832031 -0.152496337890625 0.249008178710938
0.0220146179199219 -0.0119400024414062 -0.306884765625 -0.011505126953125
5.96046447753905E-05 0.00854158401489258 -0.24151611328125 -0.421905517578125
0.0023508071899414 0.0147733688354492 0.19708251953125 -0.62493896484375
-0.0231513977050781 0.0135459899902344 0.77801513671875 -0.16107177734375
-0.0308723449707031 -0.0183734893798828 0.7349853515625 0.59771728515625
0.0292034149169922 -0.0180225372314453 0.1251220703125 0.63446044921875
0.0377960205078125 -0.00130462646484375 0.0373992919921875 0.0787734985351563
0.0247955322265625 -0.0059661865234375 0.02471923828125 -0.62371826171875
0.000759124755859373 -0.0262546539306641 -0.6282958984375 -0.7056884765625
-0.0170612335205078 -0.0195217132568359 -0.87255859375 0.14794921875
-0.0128469467163086 0.000752449035644532 -0.28271484375 0.668212890625
-0.00510883331298828 0.00292778015136719 0.18310546875 0.468505859375
0.00472068786621094 0.0069880485534668 0.33172607421875 0.00103759765625
0.027984619140625 -0.000204086303710937 0.220596313476563 -0.278030395507813
0.0211696624755859 -0.0168113708496094 -0.154327392578125 0.246673583984375
0.0222244262695313 -0.0134468078613281 -0.305389404296875 -0.013427734375
-0.00133848190307617 0.00251173973083496 -0.236236572265625 -0.42510986328125
0.00276279449462891 0.0105199813842773 0.20550537109375 -0.62274169921875
-0.0202579498291016 0.0149936676025391 0.78271484375 -0.150634765625
-0.0252227783203125 -0.0123538970947266 0.72784423828125 0.60882568359375
0.0309410095214844 -0.0110702514648438 0.11907958984375 0.63641357421875
0.0344963073730469 0.00502777099609375 0.0372848510742188 0.0742721557617188
0.0255622863769531 0.00129508972167969 0.015869140625 -0.6256103515625
0.00459671020507813 -0.0194950103759766 -0.63983154296875 -0.69525146484375
-0.012664794921875 -0.0189075469970703 -0.86846923828125 0.16265869140625
-0.0127449035644531 -0.00311279296875 -0.27301025390625 0.67144775390625
-0.00418519973754883 -0.00274157524108887 0.19189453125 0.46331787109375
0.00478696823120117 0.00477886199951172 0.333648681640625 -0.001434326171875
0.0268878936767578 -0.000261306762695313 0.21734619140625 -0.280502319335938
0.0191192626953125 -0.0171489715576172 -0.158462524414063 0.246505737304687
0.0228462219238281 -0.0138416290283203 -0.30621337890625 -0.01495361328125
-0.00213742256164551 -0.00333499908447266 -0.22906494140625 -0.43157958984375
0.0027918815612793 0.00661754608154297 0.21881103515625 -0.6207275390625
-0.0174074172973633 0.0153818130493164 0.7882080078125 -0.136474609375
-0.0216560363769531 -0.00853538513183593 0.715576171875 0.62255859375
0.030792236328125 -0.00522232055664063 0.110595703125 0.63519287109375
0.0321083068847656 0.0119113922119141 0.0387115478515625 0.0676727294921875
0.0252685546875 0.00733757019042969 0.00604248046875001 -0.6295166015625
0.00813961029052734 -0.0150995254516602 -0.6495361328125 -0.6820068359375
-0.00849723815917969 -0.0177268981933594 -0.86346435546875 0.1790771484375
-0.0117998123168945 -0.00739002227783203 -0.25909423828125 0.67431640625
-0.00361967086791992 -0.00877094268798828 0.200592041015625 0.459625244140625
0.00515222549438476 0.0025019645690918 0.334014892578125 -0.004119873046875
0.0237865447998047 -0.000431060791015625 0.2132568359375 -0.28338623046875
0.0164413452148438 -0.0205440521240234 -0.165908813476563 0.247100830078125
0.0229110717773438 -0.0147552490234375 -0.30792236328125 -0.016571044921875
-0.00176143646240234 -0.00901985168457031 -0.219696044921875 -0.434356689453125
0.00328779220581055 0.0034334659576416 0.2353515625 -0.6199951171875
-0.0146503448486328 0.0152597427368164 0.7928466796875 -0.12237548828125
-0.0191326141357422 -0.00470733642578125 0.7039794921875 0.6326904296875
0.0306148529052734 -0.00123786926269531 0.097900390625 0.63031005859375
0.0292415618896484 0.013916015625 0.0400276184082031 0.0594062805175781
0.0246620178222656 0.0100803375244141 -0.00201416015625004 -0.6334228515625
0.0088043212890625 -0.012425422668457 -0.664306640625 -0.66845703125
-0.00577068328857422 -0.0172243118286133 -0.85546875 0.19390869140625
-0.0115194320678711 -0.0114574432373047 -0.24444580078125 0.6737060546875
-0.00393486022949219 -0.0145730972290039 0.210174560546875 0.4539794921875
0.00498628616333008 0.0016779899597168 0.33306884765625 -0.006011962890625
0.0200042724609375 -0.00232315063476563 0.2093505859375 -0.2850341796875
0.0104179382324219 -0.0268573760986328 -0.164871215820313 0.255401611328125
0.0211524963378906 -0.00653457641601562 -0.32763671875 -0.00283813476562496
0.00313377380371094 0.0171594619750977 -0.2530517578125 -0.416534423828125
0.00654029846191407 0.0202465057373047 0.19293212890625 -0.634521484375
-0.0302143096923828 0.00707817077636718 0.77978515625 -0.18011474609375
-0.0468940734863281 -0.0327377319335938 0.7333984375 0.576416015625
0.021514892578125 -0.0410385131835938 0.12579345703125 0.61798095703125
0.0427932739257813 -0.0270156860351563 0.0416603088378906 0.0660438537597656
0.0186519622802734 -0.0280532836914063 0.011962890625 -0.63604736328125
-0.0141983032226563 -0.0404434204101563 -0.64556884765625 -0.699951171875
-0.0261974334716797 -0.0248737335205078 -0.8699951171875 0.1632080078125
-0.0102119445800781 0.00531196594238282 -0.2630615234375 0.6734619140625
-0.00307178497314453 0.0106105804443359 0.193084716796875 0.4700927734375
0.00312042236328125 0.0137014389038086 0.31854248046875 0.000976562500000001
0.0174617767333984 -0.00841045379638672 0.2119140625 -0.28143310546875
0.0139980316162109 -0.0231456756591797 -0.156326293945313 0.254013061523438
0.0223197937011719 -0.0076446533203125 -0.32159423828125 -0.00369262695312502
0.00400352478027344 0.0185108184814453 -0.2552490234375 -0.414520263671875
0.00458717346191406 0.0203323364257813 0.1859130859375 -0.6328125
-0.0313644409179688 0.00859451293945313 0.77618408203125 -0.1846923828125
-0.0457267761230469 -0.0309944152832031 0.7442626953125 0.57196044921875
0.022857666015625 -0.0390205383300781 0.13427734375 0.6258544921875
0.0435409545898438 -0.0244483947753906 0.0404205322265625 0.0726165771484375
0.0203952789306641 -0.0261116027832031 0.0171508789062501 -0.6317138671875
-0.0113677978515625 -0.039337158203125 -0.63983154296875 -0.70892333984375
-0.0268535614013672 -0.0242481231689453 -0.87384033203125 0.15301513671875
-0.0121517181396484 0.00664329528808594 -0.27496337890625 0.6754150390625
-0.00472164154052734 0.0125942230224609 0.18524169921875 0.4722900390625
0.00303173065185547 0.0127573013305664 0.321319580078125 -0.000305175781249999
0.0217132568359375 -0.00455284118652344 0.212997436523438 -0.279739379882813
0.0178375244140625 -0.0211563110351563 -0.152923583984375 0.254806518554688
0.0223751068115234 -0.0089111328125 -0.31622314453125 -0.00271606445312505
0.0032033920288086 0.0164604187011719 -0.255859375 -0.415130615234375
0.00415229797363281 0.0202789306640625 0.18133544921875 -0.63128662109375
-0.0294857025146484 0.0105381011962891 0.77471923828125 -0.18505859375
-0.042022705078125 -0.028717041015625 0.747802734375 0.57391357421875
0.0252361297607422 -0.0346508026123047 0.13726806640625 0.6292724609375
0.0428962707519531 -0.0189361572265625 0.0395965576171875 0.0778961181640625
0.0223026275634766 -0.0212993621826172 0.02117919921875 -0.6253662109375
-0.00823593139648437 -0.0363044738769531 -0.63226318359375 -0.707763671875
-0.0251579284667969 -0.0229759216308594 -0.87506103515625 0.14996337890625
-0.0130090713500977 0.0069427490234375 -0.2799072265625 0.67303466796875
-0.00585651397705078 0.0110645294189453 0.18426513671875 0.470733642578125
0.00404739379882812 0.0117502212524414 0.3258056640625 0.000793457031250001
0.0243721008300781 -0.00391006469726563 0.217193603515625 -0.2813720703125
0.0208396911621094 -0.0195846557617188 -0.149307250976562 0.251235961914063
0.0224208831787109 -0.00991249084472656 -0.3106689453125 -0.00488281250000005
0.00246906280517578 0.0137310028076172 -0.25384521484375 -0.416229248046875
0.00349235534667969 0.0193901062011719 0.1829833984375 -0.63250732421875
-0.0263938903808594 0.0119991302490234 0.7769775390625 -0.182373046875
-0.0368919372558594 -0.0241889953613281 0.75018310546875 0.57916259765625
0.0275688171386719 -0.0274562835693359 0.1376953125 0.62994384765625
0.0401420593261719 -0.0111961364746094 0.0385894775390625 0.0802230834960938
0.0238895416259766 -0.0152111053466797 0.01806640625 -0.62408447265625
-0.00412559509277344 -0.0316619873046875 -0.63427734375 -0.70465087890625
-0.0216064453125 -0.0214252471923828 -0.8741455078125 0.15423583984375
-0.0139341354370117 0.00482368469238281 -0.280029296875 0.675537109375
-0.00528717041015625 0.00846576690673828 0.185821533203125 0.470306396484375
0.00391483306884765 0.00946044921875 0.328460693359375 -0.001007080078125
0.0276699066162109 -0.00158882141113281 0.217575073242188 -0.280242919921875
0.0214996337890625 -0.0188922882080078 -0.148910522460937 0.2508544921875
0.0222969055175781 -0.0123271942138672 -0.308197021484375 -0.00686645507812507
0.000845909118652343 0.00901031494140625 -0.24859619140625 -0.4195556640625
0.00205039978027344 0.015254020690918 0.1912841796875 -0.628662109375
-0.0236759185791016 0.0138568878173828 0.77825927734375 -0.17095947265625
-0.0303726196289063 -0.0181961059570312 0.74365234375 0.58935546875
0.0288467407226563 -0.0197811126708984 0.1336669921875 0.63397216796875
0.0370903015136719 -0.00243377685546875 0.0377044677734375 0.0793075561523438
0.0253543853759766 -0.00587844848632813 0.0192871093749999 -0.6231689453125
0.00028038024902344 -0.0248470306396484 -0.636962890625 -0.69854736328125
-0.0181846618652344 -0.0194740295410156 -0.8726806640625 0.159423828125
-0.0136289596557617 0.00122833251953125 -0.27508544921875 0.674072265625
-0.0054469108581543 0.00422525405883789 0.19097900390625 0.467315673828125
0.00404691696166992 0.00669956207275391 0.3310546875 -0.002960205078125
0.0280418395996094 -0.000600814819335938 0.215911865234375 -0.282257080078125
0.0208263397216797 -0.0180225372314453 -0.15191650390625 0.2509765625
0.0216751098632813 -0.0139636993408203 -0.307464599609375 -0.00839233398437507
-0.000698804855346679 0.0033266544342041 -0.243011474609375 -0.423065185546875
0.00233173370361328 0.0107583999633789 0.1993408203125 -0.62738037109375
-0.0201549530029297 0.0154476165771484 0.7822265625 -0.159912109375
-0.0261402130126953 -0.0131111145019531 0.73748779296875 0.60186767578125
0.0303554534912109 -0.0123023986816406 0.1259765625 0.63616943359375
0.0346431732177734 0.00537490844726562 0.0392227172851563 0.0748138427734375
0.0258865356445312 0.00086212158203125 0.00976562499999999 -0.62628173828125
0.00519180297851563 -0.0192832946777344 -0.6478271484375 -0.68988037109375
-0.0131130218505859 -0.0185661315917969 -0.86865234375 0.1748046875
-0.0129423141479492 -0.00382232666015625 -0.2637939453125 0.6768798828125
-0.00495338439941406 -0.00232219696044922 0.19891357421875 0.462432861328125
0.00555658340454102 0.00438451766967773 0.334381103515625 -0.006622314453125
0.0269622802734375 -0.00029754638671875 0.213623046875 -0.28436279296875
0.0190811157226563 -0.0190944671630859 -0.157012939453125 0.250213623046875
0.0228767395019531 -0.0153675079345703 -0.307037353515625 -0.00970458984375007
-0.00101327896118164 -0.00327730178833008 -0.235198974609375 -0.4283447265625
0.00289011001586914 0.0070805549621582 0.21319580078125 -0.625
-0.0169467926025391 0.0150356292724609 0.78765869140625 -0.146240234375
-0.0216045379638672 -0.00774765014648438 0.7237548828125 0.61419677734375
0.0307598114013672 -0.00665473937988281 0.11572265625 0.63372802734375
0.0322494506835938 0.0104160308837891 0.0393409729003906 0.0675697326660156
0.0254917144775391 0.007049560546875 0.00158691406250004 -0.6285400390625
0.00813484191894531 -0.0142545700073242 -0.6585693359375 -0.6741943359375
-0.00996017456054688 -0.017308235168457 -0.86212158203125 0.19097900390625
-0.0126409530639648 -0.00818061828613281 -0.25018310546875 0.6795654296875
-0.00356674194335937 -0.00872659683227539 0.207427978515625 0.458099365234375
0.00621509552001953 0.00296831130981445 0.33441162109375 -0.008331298828125
0.0248870849609375 -0.00141525268554688 0.209869384765625 -0.286773681640625
0.0156135559082031 -0.0216312408447266 -0.163406372070312 0.250503540039063
0.0230503082275391 -0.0161304473876953 -0.310577392578125 -0.012237548828125
-0.00191116333007812 -0.00875234603881836 -0.22662353515625 -0.430511474609375
0.00355768203735352 0.0026705265045166 0.2274169921875 -0.623291015625
-0.0145111083984375 0.0153846740722656 0.79254150390625 -0.1317138671875
-0.0198402404785156 -0.00410842895507812 0.7110595703125 0.62493896484375
0.0304641723632813 -0.00265693664550781 0.10345458984375 0.62957763671875
0.0296649932861328 0.0132637023925781 0.0403327941894531 0.0596733093261719
0.0251960754394531 0.00915718078613281 -0.00982666015624994 -0.63299560546875
0.00917148590087891 -0.0115871429443359 -0.67303466796875 -0.66259765625
-0.00726699829101563 -0.0170745849609375 -0.8560791015625 0.20556640625
-0.0116596221923828 -0.0119438171386719 -0.2359619140625 0.68072509765625
-0.00448322296142578 -0.0139360427856445 0.215576171875 0.453369140625
0.00583553314208984 0.00178432464599609 0.3343505859375 -0.010345458984375
0.0205192565917969 -0.00281143188476563 0.205474853515625 -0.288421630859375
0.009002685546875 -0.0279560089111328 -0.161331176757813 0.2581787109375
0.021820068359375 -0.00772476196289063 -0.32818603515625 0.00186157226562501
0.00404739379882813 0.0168666839599609 -0.258758544921875 -0.41253662109375
0.00592994689941406 0.0208644866943359 0.1849365234375 -0.63751220703125
-0.0305576324462891 0.00749015808105468 0.778076171875 -0.1895751953125
-0.0472946166992187 -0.0321502685546875 0.74334716796875 0.56536865234375
0.0205345153808594 -0.0411148071289063 0.13177490234375 0.61553955078125
0.0430335998535156 -0.0282974243164063 0.0425872802734375 0.0663719177246094
0.0179386138916016 -0.0279541015625 0.00341796874999996 -0.63409423828125
-0.0138092041015625 -0.039093017578125 -0.655517578125 -0.69158935546875
-0.0270538330078125 -0.0246849060058594 -0.86798095703125 0.174072265625
-0.0106315612792969 0.00526523590087891 -0.2540283203125 0.677001953125
-0.00323295593261719 0.0106439590454102 0.197784423828125 0.470123291015625
0.00401401519775391 0.0136127471923828 0.318511962890625 -0.00286865234375
0.0172348022460938 -0.0100374221801758 0.207427978515625 -0.284637451171875
0.0143508911132812 -0.0243911743164063 -0.152725219726562 0.256484985351563
0.0224552154541016 -0.00827598571777344 -0.322174072265625 0.00262451171875007
0.00403213500976563 0.0185890197753906 -0.260833740234375 -0.412841796875
0.00508308410644531 0.0215187072753906 0.17901611328125 -0.6365966796875
-0.0308837890625 0.00983810424804688 0.77532958984375 -0.19573974609375
-0.0461235046386719 -0.03076171875 0.75128173828125 0.56378173828125
0.0222549438476563 -0.0408592224121094 0.1414794921875 0.62335205078125
0.0430870056152344 -0.0248680114746094 0.041473388671875 0.0732574462890625
0.0202751159667969 -0.0267753601074219 0.00921630859375004 -0.63262939453125
-0.0123329162597656 -0.0385704040527344 -0.64727783203125 -0.70001220703125
-0.0280246734619141 -0.0230255126953125 -0.87335205078125 0.164306640625
-0.0112323760986328 0.00624465942382813 -0.26690673828125 0.67913818359375
-0.00405597686767578 0.0133943557739258 0.19256591796875 0.470306396484375
0.00414180755615234 0.0130805969238281 0.3212890625 -0.0035400390625
0.0215721130371094 -0.00647735595703125 0.20806884765625 -0.2835693359375
0.0170555114746094 -0.0227928161621094 -0.149276733398438 0.255401611328125
0.0228500366210938 -0.00924110412597656 -0.31591796875 0.00155639648437498
0.00340080261230469 0.0173139572143555 -0.261993408203125 -0.412200927734375
0.00426483154296875 0.0217227935791016 0.17437744140625 -0.63494873046875
-0.0290508270263672 0.0107192993164063 0.77239990234375 -0.19573974609375
-0.0428009033203125 -0.0280685424804688 0.755126953125 0.56536865234375
0.0240459442138672 -0.0351123809814453 0.14544677734375 0.62750244140625
0.0427284240722656 -0.0191497802734375 0.0396728515625 0.0790557861328125
0.0213222503662109 -0.0219821929931641 0.0131225585937499 -0.62506103515625
-0.0087890625 -0.0360145568847656 -0.639404296875 -0.69879150390625
-0.0253791809082031 -0.0228500366210938 -0.87335205078125 0.1614990234375
-0.0130014419555664 0.00698089599609375 -0.27069091796875 0.6776123046875
-0.0054464340209961 0.0112752914428711 0.19049072265625 0.47052001953125
0.00435352325439453 0.011052131652832 0.32550048828125 -0.0030517578125
0.0251293182373047 -0.00473976135253906 0.213623046875 -0.283660888671875
0.0202732086181641 -0.0201072692871094 -0.14617919921875 0.252960205078125
0.0220489501953125 -0.0117416381835938 -0.311920166015625 -6.10351562499832E-05
0.00190067291259765 0.0146493911743164 -0.2593994140625 -0.412689208984375
0.00374412536621094 0.0193138122558594 0.17608642578125 -0.63446044921875
-0.0271205902099609 0.0126552581787109 0.77508544921875 -0.1917724609375
-0.0367279052734375 -0.0241508483886719 0.75860595703125 0.56842041015625
0.02587890625 -0.0290985107421875 0.14453125 0.62969970703125
0.0397148132324219 -0.0122299194335938 0.039642333984375 0.07989501953125
0.0238628387451172 -0.0152854919433594 0.0123901367187501 -0.622314453125
-0.00411033630371094 -0.0309600830078125 -0.6419677734375 -0.69677734375
-0.0225162506103516 -0.0208301544189453 -0.87359619140625 0.16497802734375
-0.0132417678833008 0.00464153289794922 -0.26922607421875 0.678955078125
-0.00510597229003906 0.00884342193603516 0.193023681640625 0.468414306640625
0.00510120391845703 0.00993919372558594 0.328521728515625 -0.00567626953125
0.0274581909179688 -0.00253677368164063 0.213653564453125 -0.2838134765625
0.0207939147949219 -0.019012451171875 -0.145904541015625 0.252777099609375
0.02197265625 -0.0132846832275391 -0.308624267578125 -0.000946044921874945
0.00138950347900391 0.0096282958984375 -0.252899169921875 -0.416107177734375
0.00252914428710938 0.0163249969482422 0.18231201171875 -0.63079833984375
-0.0229282379150391 0.0148868560791016 0.77630615234375 -0.18170166015625
-0.0314846038818359 -0.0183982849121094 0.751953125 0.57861328125
0.0280647277832031 -0.0210857391357422 0.1380615234375 0.63323974609375
0.0374298095703125 -0.00295257568359375 0.0392379760742187 0.0793991088867188
0.0243721008300781 -0.00652885437011719 0.01007080078125 -0.62353515625
0.000179290771484376 -0.0245246887207031 -0.64569091796875 -0.69024658203125
-0.0181522369384766 -0.0191535949707031 -0.87054443359375 0.17144775390625
-0.013880729675293 0.00104999542236328 -0.26617431640625 0.67919921875
-0.00453090667724609 0.00366020202636719 0.19659423828125 0.46490478515625
0.00530385971069336 0.00598573684692383 0.330169677734375 -0.0079345703125
0.0280399322509766 -0.00234603881835938 0.2127685546875 -0.285675048828125
0.0207157135009766 -0.0188941955566406 -0.148330688476563 0.252670288085938
0.0220394134521484 -0.0151214599609375 -0.307769775390625 -0.00369262695312502
-0.000599145889282227 0.00383830070495605 -0.24884033203125 -0.42095947265625
0.00263595581054688 0.0117530822753906 0.19110107421875 -0.63018798828125
-0.0203208923339844 0.0148811340332031 0.78271484375 -0.17047119140625
-0.0259971618652344 -0.0131816864013672 0.74298095703125 0.59332275390625
0.0296459197998047 -0.0136508941650391 0.13330078125 0.6336669921875
0.0343837738037109 0.00396347045898438 0.0386886596679688 0.075164794921875
0.02508544921875 0.000482559204101562 0.00225830078125 -0.6256103515625
0.00465583801269531 -0.0182838439941406 -0.65740966796875 -0.680419921875
-0.0146312713623047 -0.0177764892578125 -0.865966796875 0.18585205078125
-0.0133676528930664 -0.00264739990234375 -0.2550048828125 0.68182373046875
-0.00466775894165039 -0.0018162727355957 0.204559326171875 0.460601806640625
0.00604915618896484 0.00461721420288086 0.3336181640625 -0.010650634765625
0.0269107818603516 -0.002044677734375 0.2098388671875 -0.287109375
0.0178184509277344 -0.0195407867431641 -0.153213500976563 0.252334594726563
0.0232696533203125 -0.0159358978271484 -0.307861328125 -0.00430297851562506
-0.00157451629638672 -0.00295233726501465 -0.239837646484375 -0.426116943359375
0.00285196304321289 0.00814723968505859 0.20489501953125 -0.62890625
-0.0167503356933594 0.0157394409179687 0.78704833984375 -0.1571044921875
-0.0216712951660156 -0.0073394775390625 0.7344970703125 0.60595703125
0.0303554534912109 -0.00724411010742188 0.12255859375 0.63226318359375
0.0319118499755859 0.00966644287109375 0.0397491455078125 0.0674018859863281
0.0260124206542969 0.00664329528808594 -0.00872802734375001 -0.6290283203125
0.00774383544921875 -0.0139913558959961 -0.668212890625 -0.6666259765625
-0.00986480712890625 -0.0170450210571289 -0.86077880859375 0.200439453125
-0.0122756958007813 -0.00734901428222656 -0.24066162109375 0.68359375
-0.00403499603271484 -0.00818490982055664 0.2132568359375 0.4569091796875
0.0060276985168457 0.00198268890380859 0.33441162109375 -0.013702392578125
0.0237293243408203 -0.0023193359375 0.20550537109375 -0.290374755859375
0.0144176483154297 -0.0231170654296875 -0.159820556640625 0.252609252929687
0.0239486694335937 -0.0169467926025391 -0.311004638671875 -0.00616455078124997
-0.00165557861328125 -0.00789928436279297 -0.232757568359375 -0.428955078125
0.00337457656860352 0.00446844100952148 0.21881103515625 -0.6270751953125
-0.0145511627197266 0.0161371231079102 0.79217529296875 -0.142578125
-0.0190296173095703 -0.00485420227050781 0.72039794921875 0.615478515625
0.0301303863525391 -0.00304603576660156 0.1097412109375 0.6278076171875
0.0293331146240234 0.0119304656982422 0.0403709411621094 0.0589866638183594
0.0257434844970703 0.0091094970703125 -0.0184326171875001 -0.63116455078125
0.00941085815429688 -0.0113019943237305 -0.6822509765625 -0.65338134765625
-0.00800132751464844 -0.0177421569824219 -0.85302734375 0.216064453125
-0.0116987228393555 -0.011622428894043 -0.225341796875 0.6839599609375
-0.00419712066650391 -0.0131759643554687 0.222808837890625 0.451507568359375
0.00624275207519531 0.00130414962768555 0.333648681640625 -0.015228271484375
0.0207443237304688 -0.00403022766113281 0.201080322265625 -0.29193115234375
0.00786209106445312 -0.0288734436035156 -0.157745361328125 0.260696411132813
0.0222702026367187 -0.00800704956054688 -0.3275146484375 0.00790405273437499
0.00456047058105469 0.0172414779663086 -0.264892578125 -0.40899658203125
0.00634002685546875 0.0213813781738281 0.1785888671875 -0.639892578125
-0.0307769775390625 0.00802421569824219 0.77667236328125 -0.20135498046875
-0.0477218627929688 -0.0323524475097656 0.74945068359375 0.55743408203125
0.0201187133789063 -0.0430488586425781 0.1383056640625 0.61334228515625
0.0426063537597656 -0.0283889770507813 0.0429306030273438 0.0655288696289063
0.0180931091308594 -0.0288925170898437 -0.00335693359374999 -0.631591796875
-0.0148963928222656 -0.0382881164550781 -0.6612548828125 -0.68267822265625
-0.0275592803955078 -0.0235671997070313 -0.86480712890625 0.18341064453125
-0.0100269317626953 0.00576305389404297 -0.24395751953125 0.68157958984375
-0.00348377227783203 0.0109052658081055 0.204681396484375 0.4669189453125
0.00426673889160156 0.0134115219116211 0.318511962890625 -0.0068359375
0.0164718627929687 -0.00987339019775391 0.203277587890625 -0.287200927734375
0.0128192901611328 -0.0256023406982422 -0.149734497070313 0.25762939453125
0.0223865509033203 -0.0100555419921875 -0.32183837890625 0.00753784179687493
0.00485801696777344 0.0190010070800781 -0.26678466796875 -0.4071044921875
0.00554656982421875 0.0218257904052734 0.17108154296875 -0.6397705078125
-0.0312595367431641 0.00992012023925781 0.77349853515625 -0.2060546875
-0.0464248657226563 -0.0305252075195313 0.75982666015625 0.553466796875
0.0211753845214844 -0.0412025451660156 0.14752197265625 0.61895751953125
0.0422935485839844 -0.0264053344726562 0.0417251586914063 0.0731430053710938
0.0199661254882813 -0.0265941619873047 0.00207519531249999 -0.62994384765625
-0.012298583984375 -0.0378761291503906 -0.65496826171875 -0.69158935546875
-0.027862548828125 -0.0232200622558594 -0.86962890625 0.175048828125
-0.0120153427124023 0.006317138671875 -0.25689697265625 0.68048095703125
-0.00349712371826172 0.0135068893432617 0.197601318359375 0.46856689453125
0.00528240203857422 0.0123434066772461 0.321044921875 -0.00872802734375
0.0212059020996094 -0.00761222839355469 0.204193115234375 -0.285552978515625
0.0165500640869141 -0.0234794616699219 -0.146209716796875 0.258575439453125
0.0231571197509766 -0.0106277465820312 -0.31640625 0.007049560546875
0.00420570373535156 0.017669677734375 -0.267791748046875 -0.4078369140625
0.00531578063964844 0.0212879180908203 0.1663818359375 -0.63836669921875
-0.0297355651855469 0.0105667114257813 0.76959228515625 -0.2056884765625
-0.0426063537597656 -0.0274467468261719 0.76190185546875 0.55511474609375
0.0229072570800781 -0.0360794067382813 0.1514892578125 0.62457275390625
0.0418319702148438 -0.0198860168457031 0.0412216186523437 0.0784072875976563
0.0211601257324219 -0.0216217041015625 0.00646972656250003 -0.62445068359375
-0.00919342041015625 -0.0349330902099609 -0.64862060546875 -0.6903076171875
-0.0262832641601562 -0.0216922760009766 -0.86981201171875 0.17327880859375
-0.013157844543457 0.00687217712402344 -0.26123046875 0.68304443359375
-0.0048360824584961 0.012425422668457 0.197662353515625 0.467529296875
0.00499153137207031 0.0110483169555664 0.32501220703125 -0.008636474609375
0.0248622894287109 -0.00551605224609375 0.208892822265625 -0.286468505859375
0.0193061828613281 -0.0215244293212891 -0.142242431640625 0.255401611328125
0.0228080749511719 -0.0127601623535156 -0.31121826171875 0.00543212890624996
0.00360012054443359 0.0148687362670898 -0.2650146484375 -0.409423828125
0.00305747985839844 0.0199317932128906 0.1661376953125 -0.63677978515625
-0.0265674591064453 0.013427734375 0.77191162109375 -0.20263671875
-0.0376777648925781 -0.0230560302734375 0.76446533203125 0.5572509765625
0.0250568389892578 -0.0298099517822266 0.15277099609375 0.6259765625
0.0398979187011719 -0.0125617980957031 0.0405426025390625 0.0807037353515625
0.0236186981201172 -0.0151996612548828 0.00311279296874996 -0.62176513671875
-0.00430870056152344 -0.0297222137451172 -0.64923095703125 -0.68804931640625
-0.02337646484375 -0.0202903747558594 -0.87091064453125 0.17547607421875
-0.0139045715332031 0.00516796112060547 -0.26141357421875 0.682373046875
-0.00515985488891602 0.00860881805419922 0.198333740234375 0.46612548828125
0.00511932373046875 0.00935173034667969 0.32861328125 -0.010009765625
0.0275840759277344 -0.00371170043945312 0.21038818359375 -0.28692626953125
0.0203456878662109 -0.0212364196777344 -0.143218994140625 0.254318237304687
0.0224227905273438 -0.0149021148681641 -0.3084716796875 0.00311279296875001
0.00192642211914062 0.0099334716796875 -0.258392333984375 -0.41229248046875
0.00277137756347656 0.0167779922485352 0.17437744140625 -0.63311767578125
-0.0230388641357422 0.0139656066894531 0.77349853515625 -0.19189453125
-0.0313587188720703 -0.0181026458740234 0.7568359375 0.56842041015625
0.0274276733398438 -0.0217113494873047 0.147216796875 0.6282958984375
0.03680419921875 -0.0040740966796875 0.0396499633789063 0.0792999267578125
0.0240955352783203 -0.00677299499511719 0.00146484374999997 -0.62176513671875
0.00116729736328125 -0.0241260528564453 -0.6544189453125 -0.6824951171875
-0.0193958282470703 -0.0188274383544922 -0.86749267578125 0.183349609375
-0.0137271881103516 0.0016183853149414 -0.25396728515625 0.681640625
-0.00503301620483398 0.00434350967407227 0.2032470703125 0.462921142578125
0.00646543502807617 0.00643205642700195 0.33087158203125 -0.011810302734375
0.0282363891601562 -0.00311660766601563 0.209075927734375 -0.28759765625
0.0194091796875 -0.0204448699951172 -0.145095825195312 0.253753662109375
0.0228862762451172 -0.0164451599121094 -0.307708740234375 0.00213623046874997
3.1948089599609E-05 0.00426363945007324 -0.2547607421875 -0.41534423828125
0.00226974487304687 0.0126447677612305 0.1837158203125 -0.63262939453125
-0.0196056365966797 0.0159130096435547 0.77911376953125 -0.18115234375
-0.0259494781494141 -0.0127124786376953 0.75250244140625 0.58111572265625
0.0284767150878906 -0.0143814086914063 0.14031982421875 0.63128662109375
0.0339450836181641 0.00330352783203125 0.0406341552734375 0.0752029418945313
0.0262069702148437 -0.000360488891601563 -0.0062255859375 -0.62359619140625
0.00465774536132812 -0.0184650421142578 -0.66387939453125 -0.670654296875
-0.0146942138671875 -0.0179233551025391 -0.8621826171875 0.19586181640625
-0.0133543014526367 -0.00296688079833984 -0.245361328125 0.686279296875
-0.00455713272094727 -0.00201749801635742 0.210296630859375 0.45867919921875
0.00612735748291016 0.00419425964355469 0.332916259765625 -0.01470947265625
0.0265464782714844 -0.00283050537109375 0.206024169921875 -0.2900390625
0.0175189971923828 -0.0209236145019531 -0.149200439453125 0.253570556640625
0.0231704711914063 -0.0175399780273437 -0.3082275390625 0.00073242187500006
-0.000474214553833008 -0.00224852561950684 -0.246124267578125 -0.422210693359375
0.00275373458862305 0.00854158401489258 0.1988525390625 -0.6331787109375
-0.0164966583251953 0.0165939331054688 0.7861328125 -0.1678466796875
-0.0217723846435547 -0.00804710388183594 0.74005126953125 0.59600830078125
0.029937744140625 -0.00779342651367188 0.12896728515625 0.62847900390625
0.0307350158691406 0.00937652587890625 0.0404739379882812 0.0677986145019531
0.0263862609863281 0.00634574890136719 -0.016357421875 -0.6259765625
0.00784873962402344 -0.0140409469604492 -0.67523193359375 -0.6572265625
-0.0106267929077148 -0.0168161392211914 -0.8577880859375 0.21282958984375
-0.012394905090332 -0.007720947265625 -0.2314453125 0.68524169921875
-0.0042715072631836 -0.00747871398925781 0.22027587890625 0.453948974609375
0.00679206848144531 0.00312519073486328 0.33306884765625 -0.01806640625
0.0238380432128906 -0.003662109375 0.201171875 -0.2933349609375
0.013946533203125 -0.0250625610351562 -0.157012939453125 0.254791259765625
0.0246181488037109 -0.0188980102539063 -0.31097412109375 -0.00122070312500002
-0.000693798065185548 -0.00768518447875976 -0.23907470703125 -0.426727294921875
0.00442886352539063 0.00443506240844727 0.21099853515625 -0.6292724609375
-0.0138559341430664 0.0158071517944336 0.78924560546875 -0.15386962890625
-0.0191326141357422 -0.00436592102050782 0.726318359375 0.60595703125
0.0298633575439453 -0.00406837463378906 0.117919921875 0.62579345703125
0.0301990509033203 0.0121402740478516 0.0408363342285156 0.0597152709960938
0.0259742736816406 0.0096588134765625 -0.0250244140624999 -0.62945556640625
0.00978660583496094 -0.0109453201293945 -0.68792724609375 -0.64501953125
-0.00821208953857422 -0.0163688659667969 -0.84979248046875 0.22735595703125
-0.012333869934082 -0.0117082595825195 -0.21807861328125 0.6861572265625
-0.00408172607421875 -0.0125541687011719 0.22821044921875 0.447998046875
0.00645685195922852 0.00181150436401367 0.33197021484375 -0.019317626953125
0.0203170776367188 -0.00509262084960938 0.196502685546875 -0.294097900390625
0.00711822509765625 -0.0302391052246094 -0.154296875 0.262298583984375
0.0228958129882813 -0.00964736938476563 -0.327056884765625 0.0120544433593749
0.00535011291503906 0.0172033309936523 -0.2696533203125 -0.405120849609375
0.00689697265625 0.0214748382568359 0.16827392578125 -0.64208984375
-0.0304088592529297 0.00898551940917968 0.7705078125 -0.21142578125
-0.0478591918945313 -0.0312690734863281 0.75360107421875 0.54443359375
0.018646240234375 -0.0433349609375 0.14422607421875 0.609375
0.0418777465820313 -0.0299568176269531 0.0432777404785156 0.0666084289550781
0.0172481536865234 -0.0285701751708984 -0.01190185546875 -0.6295166015625
-0.0142250061035156 -0.0376625061035156 -0.6668701171875 -0.6707763671875
-0.0282154083251953 -0.0229835510253906 -0.8590087890625 0.1954345703125
-0.0103168487548828 0.00642299652099609 -0.234130859375 0.681640625
-0.00330448150634766 0.0109806060791016 0.210540771484375 0.462982177734375
0.00531101226806641 0.0138158798217773 0.3165283203125 -0.010772705078125
0.0167455673217773 -0.0109004974365234 0.198974609375 -0.289825439453125
0.0113983154296875 -0.0267143249511719 -0.1453857421875 0.259719848632813
0.0227470397949219 -0.0111198425292969 -0.32049560546875 0.01324462890625
0.0048980712890625 0.0190143585205078 -0.27130126953125 -0.402587890625
0.00568389892578125 0.0224170684814453 0.16265869140625 -0.64044189453125
-0.0306110382080078 0.0101470947265625 0.76812744140625 -0.21417236328125
-0.0465278625488281 -0.0303802490234375 0.7640380859375 0.54058837890625
0.0200233459472656 -0.0417327880859375 0.15350341796875 0.61602783203125
0.0419158935546875 -0.0264511108398438 0.0424652099609375 0.0729141235351563
0.0192127227783203 -0.0272254943847656 -0.00616455078125005 -0.62664794921875
-0.0120277404785156 -0.0364303588867188 -0.65924072265625 -0.6800537109375
-0.0278453826904297 -0.0227413177490234 -0.864501953125 0.1859130859375
-0.0127182006835938 0.00754737854003906 -0.247802734375 0.6839599609375
-0.00307559967041016 0.0134773254394531 0.203857421875 0.46490478515625
0.00551605224609375 0.012547492980957 0.31982421875 -0.012298583984375
0.0205612182617187 -0.00792884826660156 0.20001220703125 -0.2880859375
0.0151805877685547 -0.0253009796142578 -0.14215087890625 0.258834838867188
0.0230903625488281 -0.0125942230224609 -0.315277099609375 0.0120849609374999
0.00581169128417969 0.0177383422851563 -0.272613525390625 -0.403900146484375
0.00495719909667969 0.0225811004638672 0.1573486328125 -0.6375732421875
-0.0296344757080078 0.0116977691650391 0.7650146484375 -0.2147216796875
-0.043243408203125 -0.0269813537597656 0.766845703125 0.54254150390625
0.0221214294433594 -0.0361518859863281 0.15753173828125 0.619140625
0.0408096313476563 -0.0200881958007813 0.041534423828125 0.07843017578125
0.0211238861083984 -0.0221767425537109 -0.000793457031249981 -0.62213134765625
-0.00851249694824219 -0.0346298217773438 -0.6552734375 -0.680419921875
-0.0276279449462891 -0.0214500427246094 -0.86627197265625 0.18231201171875
-0.0128211975097656 0.00704383850097656 -0.25103759765625 0.68310546875
-0.00433063507080078 0.0120210647583008 0.203277587890625 0.464263916015625
0.00549793243408203 0.01177978515625 0.323333740234375 -0.011749267578125
0.024505615234375 -0.00628089904785156 0.20513916015625 -0.288970947265625
0.018218994140625 -0.0225772857666016 -0.1390380859375 0.256744384765625
0.0225257873535156 -0.0140914916992188 -0.31097412109375 0.010528564453125
0.00478935241699219 0.0144443511962891 -0.270050048828125 -0.404632568359375
0.00391006469726563 0.0207672119140625 0.15966796875 -0.6365966796875
-0.0261192321777344 0.0137443542480469 0.7667236328125 -0.21002197265625
-0.0372428894042969 -0.0223960876464844 0.76934814453125 0.5465087890625
0.0244026184082031 -0.0304832458496094 0.15728759765625 0.62237548828125
0.0385704040527344 -0.0136451721191406 0.0409088134765625 0.080230712890625
0.0229682922363281 -0.0159912109375 -0.00299072265624997 -0.6181640625
-0.00383377075195312 -0.0300445556640625 -0.656005859375 -0.677001953125
-0.0238933563232422 -0.0195407867431641 -0.86639404296875 0.1876220703125
-0.0139656066894531 0.00514984130859375 -0.2503662109375 0.685791015625
-0.00540828704833984 0.00916671752929687 0.205322265625 0.464447021484375
0.0058283805847168 0.00861787796020508 0.326385498046875 -0.0140380859375
0.0276260375976563 -0.004608154296875 0.204559326171875 -0.2884521484375
0.0191860198974609 -0.0224819183349609 -0.139251708984375 0.255508422851563
0.0225696563720703 -0.0150260925292969 -0.30780029296875 0.00845336914062501
0.00284671783447266 0.0104532241821289 -0.263671875 -0.407806396484375
0.00324535369873047 0.0172815322875977 0.16766357421875 -0.635498046875
-0.0232486724853516 0.0146598815917969 0.7686767578125 -0.1998291015625
-0.0316390991210938 -0.0176525115966797 0.76226806640625 0.556396484375
0.0269107818603516 -0.0223159790039063 0.1527099609375 0.62591552734375
0.0363845825195313 -0.00469207763671875 0.0402450561523438 0.0794830322265625
0.0243721008300781 -0.00771331787109375 -0.00543212890625006 -0.61810302734375
0.000619888305664064 -0.0233516693115234 -0.65911865234375 -0.6700439453125
-0.0192375183105469 -0.0189208984375 -0.86236572265625 0.19549560546875
-0.0139560699462891 0.00169563293457031 -0.24493408203125 0.685791015625
-0.00469398498535156 0.00400447845458984 0.208465576171875 0.459808349609375
0.0062260627746582 0.00653076171875 0.329803466796875 -0.01629638671875
0.0275211334228516 -0.00433540344238281 0.204071044921875 -0.2901611328125
0.0185890197753906 -0.0215892791748047 -0.140914916992187 0.25457763671875
0.0225696563720703 -0.0169010162353516 -0.3060302734375 0.00674438476562505
0.000679492950439454 0.00403428077697754 -0.2596435546875 -0.411041259765625
0.00353717803955078 0.013361930847168 0.17578125 -0.63330078125
-0.0191020965576172 0.0164623260498047 0.77520751953125 -0.190185546875
-0.0258102416992187 -0.0123939514160156 0.75677490234375 0.5694580078125
0.0274791717529297 -0.0150871276855469 0.14532470703125 0.62744140625
0.0332889556884766 0.00235366821289063 0.0405044555664063 0.0754852294921875
0.0262947082519531 1.1444091796875E-05 -0.013427734375 -0.61944580078125
0.00510501861572265 -0.0175533294677734 -0.66949462890625 -0.66131591796875
-0.0155677795410156 -0.0174064636230469 -0.85882568359375 0.2071533203125
-0.0128440856933594 -0.00316619873046875 -0.2352294921875 0.68756103515625
-0.00435209274291992 -0.00199532508850098 0.215545654296875 0.455108642578125
0.00700283050537109 0.00375556945800781 0.331573486328125 -0.019378662109375
0.0266571044921875 -0.00388526916503906 0.20135498046875 -0.293548583984375
0.0158138275146484 -0.0223560333251953 -0.145797729492188 0.255706787109375
0.0229053497314453 -0.018524169921875 -0.307373046875 0.00497436523437501
0.000326275825500488 -0.00207388401031494 -0.25244140625 -0.417694091796875
0.00381088256835937 0.00882720947265625 0.18994140625 -0.6328125
-0.0163116455078125 0.0168886184692383 0.7813720703125 -0.176513671875
-0.0215549468994141 -0.00856208801269531 0.74560546875 0.5836181640625
0.0280418395996094 -0.00931167602539063 0.13519287109375 0.62567138671875
0.0317344665527344 0.00844192504882813 0.0402374267578125 0.0682296752929688
0.0261707305908203 0.0061187744140625 -0.02313232421875 -0.62310791015625
0.00926971435546875 -0.0139656066894531 -0.68182373046875 -0.647216796875
-0.0113191604614258 -0.0165271759033203 -0.8524169921875 0.2222900390625
-0.0133333206176758 -0.00722599029541016 -0.2210693359375 0.68975830078125
-0.00331306457519531 -0.00762176513671875 0.22705078125 0.450225830078125
0.00716972351074219 0.0024724006652832 0.332550048828125 -0.02203369140625
0.0236320495605469 -0.00426483154296875 0.19622802734375 -0.2945556640625
0.0128993988037109 -0.0251827239990234 -0.152572631835938 0.255462646484375
0.0244522094726563 -0.018951416015625 -0.310150146484375 0.00436401367187505
-0.000224113464355469 -0.00701618194580078 -0.24365234375 -0.4208984375
0.00454044342041016 0.00489139556884766 0.2021484375 -0.6314697265625
-0.0132541656494141 0.0160589218139648 0.78570556640625 -0.16217041015625
-0.0191802978515625 -0.00493049621582032 0.73236083984375 0.59564208984375
0.0288906097412109 -0.00568199157714844 0.123779296875 0.62200927734375
0.0288295745849609 0.0106601715087891 0.0413894653320312 0.0600471496582031
0.0256938934326172 0.00871849060058594 -0.0316162109374999 -0.6260986328125
0.00943279266357422 -0.0106124877929688 -0.694091796875 -0.63323974609375
-0.00899505615234375 -0.016571044921875 -0.84368896484375 0.2388916015625
-0.0119962692260742 -0.0116233825683594 -0.208251953125 0.68890380859375
-0.00443840026855469 -0.0128593444824219 0.233734130859375 0.4462890625
0.00726747512817383 0.00126218795776367 0.330963134765625 -0.02349853515625
0.0203266143798828 -0.00553131103515625 0.19183349609375 -0.296173095703125
0.00569725036621094 -0.0302639007568359 -0.150604248046875 0.263336181640625
0.0219841003417969 -0.0108776092529297 -0.324920654296875 0.0178222656250001
0.00541305541992188 0.0177898406982422 -0.273773193359375 -0.399658203125
0.00747489929199218 0.0220317840576172 0.16033935546875 -0.64129638671875
-0.0299777984619141 0.009063720703125 0.7657470703125 -0.21783447265625
-0.0478057861328125 -0.0303421020507813 0.7567138671875 0.53302001953125
0.0171165466308594 -0.0431747436523438 0.14886474609375 0.60406494140625
0.0412750244140625 -0.029754638671875 0.0438079833984375 0.0660171508789063
0.0172042846679688 -0.0284976959228516 -0.0172119140625 -0.62591552734375
-0.0142250061035156 -0.0366554260253906 -0.67254638671875 -0.66082763671875
-0.0285301208496094 -0.0219364166259766 -0.85357666015625 0.20477294921875
-0.0102386474609375 0.00532817840576172 -0.2249755859375 0.68389892578125
-0.00239276885986328 0.0110445022583008 0.216339111328125 0.45953369140625
0.00530242919921875 0.0135669708251953 0.314849853515625 -0.01409912109375
0.0166435241699219 -0.011469841003418 0.195098876953125 -0.29010009765625
0.0101547241210937 -0.0276031494140625 -0.142318725585937 0.260772705078125
0.0223407745361328 -0.0116462707519531 -0.319366455078125 0.0180969238281251
0.0058441162109375 0.0192909240722656 -0.276702880859375 -0.39794921875
0.00680923461914062 0.0233535766601563 0.15521240234375 -0.64044189453125
-0.0301780700683594 0.0108890533447266 0.76324462890625 -0.223388671875
-0.046630859375 -0.0295829772949219 0.765869140625 0.5291748046875
0.0185089111328125 -0.0415725708007813 0.159423828125 0.612060546875
0.0410423278808594 -0.0272941589355469 0.0430526733398438 0.0733413696289062
0.0195751190185547 -0.0269260406494141 -0.0126953125 -0.623291015625
-0.0128097534179687 -0.0370216369628906 -0.6651611328125 -0.671142578125
-0.0288219451904297 -0.0219841003417969 -0.85894775390625 0.19561767578125
-0.0118093490600586 0.00722599029541016 -0.237060546875 0.6837158203125
-0.00333881378173828 0.0139884948730469 0.208526611328125 0.4622802734375
0.00607776641845703 0.0124721527099609 0.31787109375 -0.016082763671875
0.0208702087402344 -0.00872993469238281 0.195587158203125 -0.29010009765625
0.0142307281494141 -0.026641845703125 -0.139450073242187 0.260574340820313
0.0230197906494141 -0.012603759765625 -0.3150634765625 0.016815185546875
0.00510406494140625 0.0176296234130859 -0.276336669921875 -0.397430419921875
0.00551414489746094 0.0229854583740234 0.150390625 -0.63739013671875
-0.0289649963378906 0.0127487182617187 0.75933837890625 -0.2218017578125
-0.0432281494140625 -0.026336669921875 0.76947021484375 0.53125
0.02093505859375 -0.0373077392578125 0.1614990234375 0.614990234375
0.0399665832519531 -0.0210990905761719 0.0419769287109375 0.07843017578125
0.0210819244384766 -0.0217857360839844 -0.00817871093750004 -0.6168212890625
-0.00893974304199219 -0.0334911346435547 -0.65679931640625 -0.6712646484375
-0.0275096893310547 -0.0200977325439453 -0.8599853515625 0.19219970703125
-0.0135421752929688 0.00647354125976562 -0.24334716796875 0.683837890625
-0.004547119140625 0.0132236480712891 0.20751953125 0.460113525390625
0.005706787109375 0.010920524597168 0.32159423828125 -0.01513671875
0.0246620178222656 -0.00758934020996094 0.20050048828125 -0.289825439453125
0.0175228118896484 -0.0234375 -0.135574340820313 0.257431030273438
0.0225048065185547 -0.0143451690673828 -0.309356689453125 0.015655517578125
0.00485992431640625 0.0149745941162109 -0.27520751953125 -0.400177001953125
0.00513648986816406 0.0209159851074219 0.1524658203125 -0.6368408203125
-0.0271244049072266 0.0144004821777344 0.7625732421875 -0.21929931640625
-0.037872314453125 -0.0224075317382812 0.7728271484375 0.53521728515625
0.0233688354492187 -0.0313091278076172 0.16156005859375 0.61785888671875
0.0386161804199219 -0.014678955078125 0.041351318359375 0.0806961059570313
0.0237483978271484 -0.0160942077636719 -0.00921630859374997 -0.61309814453125
-0.00344085693359375 -0.0294151306152344 -0.6611328125 -0.66741943359375
-0.0245590209960938 -0.0193443298339844 -0.86102294921875 0.19598388671875
-0.0132713317871094 0.00582599639892578 -0.2423095703125 0.6859130859375
-0.00451183319091797 0.00949954986572266 0.208343505859375 0.460113525390625
0.00609350204467773 0.00871896743774414 0.324859619140625 -0.017852783203125
0.0260200500488281 -0.00651359558105469 0.200897216796875 -0.28961181640625
0.0187549591064453 -0.0234813690185547 -0.13629150390625 0.256729125976563
0.0227584838867188 -0.0164585113525391 -0.307159423828125 0.0134277343750001
0.00291156768798828 0.0105791091918945 -0.269439697265625 -0.403045654296875
0.00402259826660156 0.0177288055419922 0.15960693359375 -0.634033203125
-0.0228519439697266 0.0146236419677734 0.7640380859375 -0.20880126953125
-0.0303306579589844 -0.0175209045410156 0.765625 0.5452880859375
0.02484130859375 -0.0233173370361328 0.15789794921875 0.6197509765625
0.0359153747558594 -0.0057525634765625 0.0401382446289062 0.0790481567382812
0.02459716796875 -0.00775909423828125 -0.01318359375 -0.6158447265625
0.000991821289062501 -0.0233230590820313 -0.6632080078125 -0.66131591796875
-0.0201568603515625 -0.0178184509277344 -0.8558349609375 0.2027587890625
-0.0134544372558594 0.00141143798828125 -0.23638916015625 0.68499755859375
-0.00475502014160156 0.00528144836425781 0.21343994140625 0.45709228515625
0.00650215148925781 0.00665664672851563 0.327239990234375 -0.0198974609375
0.0274772644042969 -0.00425910949707031 0.199127197265625 -0.292327880859375
0.0174350738525391 -0.0224246978759766 -0.1378173828125 0.256240844726563
0.0228633880615234 -0.0178413391113281 -0.30548095703125 0.0120849609375
0.00193548202514648 0.00439357757568359 -0.26318359375 -0.40740966796875
0.00349235534667969 0.0132303237915039 0.16778564453125 -0.6336669921875
-0.0194473266601562 0.0165748596191406 0.76995849609375 -0.199951171875
-0.0258331298828125 -0.0122051239013672 0.7591552734375 0.55908203125
0.0265178680419922 -0.0155277252197266 0.15118408203125 0.62353515625
0.0332164764404297 0.0018463134765625 0.0409164428710938 0.0748977661132813
0.0253963470458984 -0.001007080078125 -0.020263671875 -0.61444091796875
0.00547599792480469 -0.0177268981933594 -0.674072265625 -0.6500244140625
-0.0155954360961914 -0.0166378021240234 -0.8525390625 0.21661376953125
-0.0135946273803711 -0.00289249420166016 -0.22662353515625 0.688232421875
-0.00322437286376953 -0.000727176666259765 0.2210693359375 0.452789306640625
0.00743436813354492 0.00383615493774414 0.330230712890625 -0.02264404296875
0.0260410308837891 -0.00443458557128906 0.197113037109375 -0.293060302734375
0.0152912139892578 -0.0239105224609375 -0.14178466796875 0.256240844726563
0.0229110717773437 -0.0195903778076172 -0.30596923828125 0.010101318359375
0.000228166580200195 -0.00126612186431885 -0.255950927734375 -0.41339111328125
0.00315570831298828 0.0092620849609375 0.181396484375 -0.63385009765625
-0.0161418914794922 0.0161800384521484 0.77508544921875 -0.18548583984375
-0.0214138031005859 -0.00795745849609375 0.74853515625 0.57293701171875
0.02777099609375 -0.00970268249511719 0.1407470703125 0.620849609375
0.0313167572021484 0.00785255432128906 0.041259765625 0.0679244995117188
0.0266571044921875 0.00468254089355469 -0.0291748046875 -0.61920166015625
0.00849342346191406 -0.01263427734375 -0.6824951171875 -0.63519287109375
-0.0110378265380859 -0.0158290863037109 -0.84613037109375 0.23291015625
-0.0128812789916992 -0.00737571716308594 -0.2108154296875 0.6898193359375
-0.00445985794067383 -0.0070347785949707 0.230316162109375 0.4473876953125
0.00804519653320313 0.00211048126220703 0.330413818359375 -0.025726318359375
0.0237007141113281 -0.00511932373046875 0.19195556640625 -0.295379638671875
0.0118198394775391 -0.0260543823242187 -0.149002075195312 0.25634765625
0.0235538482666016 -0.0199851989746094 -0.308868408203125 0.00762939453125
0.000496864318847657 -0.00607919692993164 -0.2469482421875 -0.416351318359375
0.00501537322998047 0.00534915924072266 0.19500732421875 -0.6324462890625
-0.0142736434936523 0.0159988403320313 0.7811279296875 -0.1719970703125
-0.0190944671630859 -0.00441360473632813 0.73651123046875 0.583984375
0.0282058715820313 -0.00656700134277344 0.12823486328125 0.61712646484375
0.0286998748779297 0.0110301971435547 0.0412673950195312 0.0596694946289062
0.0258502960205078 0.00820732116699219 -0.03826904296875 -0.6224365234375
0.00990676879882812 -0.00946044921875 -0.6986083984375 -0.62353515625
-0.00942230224609375 -0.0156354904174805 -0.840087890625 0.24664306640625
-0.0126056671142578 -0.0106687545776367 -0.198974609375 0.68994140625
-0.00485897064208984 -0.0119094848632813 0.24017333984375 0.441925048828125
0.00730705261230469 0.000936508178710937 0.329132080078125 -0.02734375
0.0198230743408203 -0.00588226318359375 0.1866455078125 -0.29736328125
0.00500297546386719 -0.0308208465576172 -0.146163940429688 0.263595581054688
0.0222339630126953 -0.0115394592285156 -0.323455810546875 0.022552490234375
0.00681018829345703 0.0170707702636719 -0.277252197265625 -0.394561767578125
0.00820732116699219 0.0229206085205078 0.1541748046875 -0.6400146484375
-0.0301113128662109 0.00933837890625 0.7574462890625 -0.225341796875
-0.0477676391601563 -0.0304145812988281 0.758056640625 0.521484375
0.015777587890625 -0.0437889099121094 0.15399169921875 0.59979248046875
0.0404586791992188 -0.0302391052246094 0.0441207885742188 0.066314697265625
0.0173549652099609 -0.0292091369628906 -0.0234375 -0.62127685546875
-0.0148658752441406 -0.0370101928710938 -0.6741943359375 -0.651611328125
-0.0299663543701172 -0.0212421417236328 -0.84576416015625 0.21331787109375
-0.0106019973754883 0.00528430938720703 -0.217529296875 0.68218994140625
-0.00262069702148438 0.0121040344238281 0.218963623046875 0.454986572265625
0.00603199005126953 0.0126743316650391 0.31304931640625 -0.018707275390625
0.0158157348632813 -0.0123214721679688 0.1903076171875 -0.290771484375
0.00957107543945313 -0.0277023315429688 -0.138900756835938 0.261474609375
0.0227813720703125 -0.0132713317871094 -0.317047119140625 0.02252197265625
0.00748825073242187 0.0192298889160156 -0.27935791015625 -0.392059326171875
0.00782585144042969 0.0230865478515625 0.14691162109375 -0.63922119140625
-0.0302906036376953 0.0107345581054688 0.757080078125 -0.23028564453125
-0.0472068786621094 -0.0287971496582031 0.767822265625 0.51788330078125
0.0171012878417969 -0.0418663024902344 0.163330078125 0.60711669921875
0.040863037109375 -0.02789306640625 0.0433731079101563 0.0723800659179688
0.0190982818603516 -0.0276298522949219 -0.01666259765625 -0.61712646484375
-0.0119247436523437 -0.0356483459472656 -0.66845703125 -0.65948486328125
-0.0299224853515625 -0.0207290649414062 -0.85284423828125 0.2032470703125
-0.0120906829833984 0.00678825378417969 -0.2279052734375 0.683837890625
-0.00426578521728516 0.0139980316162109 0.21368408203125 0.45745849609375
0.00591850280761719 0.0120182037353516 0.315948486328125 -0.018951416015625
0.0198688507080078 -0.00977516174316406 0.19122314453125 -0.29058837890625
0.0129737854003906 -0.0263729095458984 -0.135452270507813 0.260986328125
0.0234375 -0.0141372680664063 -0.31280517578125 0.021209716796875
0.00763702392578125 0.0182762145996094 -0.27978515625 -0.393402099609375
0.00728988647460938 0.0227222442626953 0.14251708984375 -0.63604736328125
-0.0285720825195313 0.0128059387207031 0.7530517578125 -0.22906494140625
-0.0432510375976563 -0.0256500244140625 0.771240234375 0.52093505859375
0.0188407897949219 -0.0380439758300781 0.1661376953125 0.60943603515625
0.039215087890625 -0.0212860107421875 0.041839599609375 0.0782699584960937
0.0208492279052734 -0.0229892730712891 -0.0137939453124999 -0.612060546875
-0.00826454162597656 -0.0329055786132813 -0.66082763671875 -0.65869140625
-0.0274085998535156 -0.0204792022705078 -0.85260009765625 0.20050048828125
-0.0132217407226563 0.00732994079589844 -0.23260498046875 0.683349609375
-0.00476741790771484 0.0130958557128906 0.211151123046875 0.457855224609375
0.00642108917236328 0.0105514526367188 0.320159912109375 -0.01885986328125
0.0233287811279297 -0.00793647766113281 0.195587158203125 -0.291595458984375
0.0160102844238281 -0.0249443054199219 -0.131622314453125 0.257522583007813
0.0225887298583984 -0.0154590606689453 -0.307098388671875 0.0196533203125
0.00566577911376953 0.0158042907714844 -0.27716064453125 -0.394317626953125
0.00471305847167969 0.0211124420166016 0.14349365234375 -0.6358642578125
-0.0261306762695313 0.0140438079833984 0.75537109375 -0.22576904296875
-0.0377845764160156 -0.0225563049316406 0.774658203125 0.52227783203125
0.0219802856445313 -0.0318222045898438 0.16790771484375 0.61151123046875
0.0377120971679688 -0.014068603515625 0.0415496826171875 0.080718994140625
0.0230255126953125 -0.0158653259277344 -0.01422119140625 -0.6104736328125
-0.0036163330078125 -0.0277767181396484 -0.662109375 -0.65618896484375
-0.0241584777832031 -0.0182647705078125 -0.85430908203125 0.2042236328125
-0.0132665634155273 0.00510311126708985 -0.23175048828125 0.68572998046875
-0.00362491607666016 0.0101871490478516 0.213226318359375 0.4566650390625
0.00678348541259766 0.00870895385742188 0.321319580078125 -0.0208740234375
0.026275634765625 -0.00630378723144531 0.19561767578125 -0.291046142578125
0.0166263580322266 -0.0237827301025391 -0.132644653320313 0.2572021484375
0.0228004455566406 -0.017120361328125 -0.304779052734375 0.0172424316406249
0.00411319732666016 0.0105295181274414 -0.271484375 -0.397857666015625
0.00453567504882813 0.0183067321777344 0.15185546875 -0.63299560546875
-0.0224246978759766 0.0151500701904297 0.75738525390625 -0.21563720703125
-0.0316085815429688 -0.0166950225830078 0.76629638671875 0.5335693359375
0.0241184234619141 -0.0238056182861328 0.161376953125 0.61505126953125
0.0350589752197266 -0.00653839111328125 0.041015625 0.0793838500976563
0.0250320434570313 -0.00818252563476562 -0.016357421875 -0.6092529296875
0.00061798095703125 -0.0224571228027344 -0.66357421875 -0.6480712890625
-0.0197734832763672 -0.0167751312255859 -0.85003662109375 0.21124267578125
-0.014348030090332 0.00145149230957031 -0.2275390625 0.6851806640625
-0.00437021255493164 0.00543546676635742 0.2178955078125 0.4527587890625
0.00759792327880859 0.00637149810791016 0.324859619140625 -0.023193359375
0.0265579223632812 -0.00557899475097656 0.195770263671875 -0.292755126953125
0.0164890289306641 -0.0237579345703125 -0.134170532226562 0.256332397460938
0.0226306915283203 -0.0190925598144531 -0.3033447265625 0.0159912109375001
0.00202751159667969 0.00484991073608398 -0.265594482421875 -0.402252197265625
0.00370025634765625 0.0138998031616211 0.160400390625 -0.6324462890625
-0.0188655853271484 0.0162258148193359 0.76434326171875 -0.2060546875
-0.0261917114257812 -0.0114345550537109 0.76153564453125 0.54766845703125
0.02618408203125 -0.016693115234375 0.15484619140625 0.6171875
0.0324974060058594 0.00171661376953125 0.0409622192382813 0.0748138427734375
0.0257320404052734 -0.00140380859375 -0.026611328125 -0.61090087890625
0.00579357147216797 -0.0167837142944336 -0.67584228515625 -0.63800048828125
-0.0158405303955078 -0.0159568786621094 -0.84478759765625 0.225341796875
-0.0133075714111328 -0.00253105163574218 -0.21527099609375 0.68792724609375
-0.00357913970947266 -0.00102591514587402 0.225555419921875 0.44775390625
0.00794029235839844 0.00406169891357422 0.32708740234375 -0.026519775390625
0.0262317657470703 -0.00531196594238281 0.1915283203125 -0.29461669921875
0.0138111114501953 -0.024169921875 -0.138580322265625 0.256256103515625
0.0228004455566406 -0.0197887420654297 -0.304229736328125 0.014434814453125
0.00102889537811279 -0.0010111927986145 -0.259002685546875 -0.406463623046875
0.00422382354736328 0.00965785980224609 0.173095703125 -0.63232421875
-0.0161914825439453 0.0168647766113281 0.76947021484375 -0.1922607421875
-0.0217247009277344 -0.00717544555664063 0.75042724609375 0.560791015625
0.0268325805664063 -0.0100517272949219 0.14447021484375 0.6151123046875
0.0299568176269531 0.00660133361816406 0.0404891967773438 0.0675849914550781
0.0259113311767578 0.00430870056152344 -0.0347900390625 -0.6134033203125
0.00904273986816406 -0.0126276016235352 -0.68499755859375 -0.62420654296875
-0.012415885925293 -0.0152673721313477 -0.83892822265625 0.23974609375
-0.0132284164428711 -0.00738716125488281 -0.20361328125 0.6883544921875
-0.00405979156494141 -0.00651073455810547 0.23419189453125 0.4417724609375
0.0085592269897461 0.00201082229614258 0.326934814453125 -0.029571533203125
0.02325439453125 -0.0053253173828125 0.187744140625 -0.296661376953125
0.0103969573974609 -0.0266742706298828 -0.144805908203125 0.256561279296875
0.0238037109375 -0.0213069915771484 -0.306182861328125 0.012847900390625
0.000874996185302735 -0.00648164749145508 -0.25238037109375 -0.4112548828125
0.00544166564941406 0.00637292861938477 0.18865966796875 -0.62994384765625
-0.0143413543701172 0.0168600082397461 0.77484130859375 -0.17864990234375
-0.0197353363037109 -0.00492668151855469 0.73834228515625 0.57318115234375
0.0268993377685547 -0.00736045837402344 0.13336181640625 0.6129150390625
0.0284538269042969 0.0102825164794922 0.0420761108398438 0.0600738525390625
0.0259838104248047 0.00849533081054688 -0.04486083984375 -0.617919921875
0.0105075836181641 -0.00974750518798828 -0.6995849609375 -0.612548828125
-0.00894546508789062 -0.0159130096435547 -0.83148193359375 0.25518798828125
-0.0125894546508789 -0.0110654830932617 -0.1895751953125 0.68896484375
-0.00466537475585938 -0.0114259719848633 0.24169921875 0.43743896484375
0.00755167007446289 0.000477790832519531 0.326751708984375 -0.030975341796875
0.01873779296875 -0.00623130798339844 0.1827392578125 -0.29779052734375
0.00388145446777344 -0.03173828125 -0.14276123046875 0.26361083984375
0.0220890045166016 -0.0128231048583984 -0.3214111328125 0.0267333984374999
0.00694465637207031 0.0168590545654297 -0.27850341796875 -0.38958740234375
0.00893020629882813 0.0225563049316406 0.148193359375 -0.63824462890625
-0.0300655364990234 0.0094451904296875 0.7520751953125 -0.229248046875
-0.0475006103515625 -0.028564453125 0.758544921875 0.5125732421875
0.0153732299804687 -0.0437965393066406 0.1563720703125 0.5950927734375
0.0393638610839844 -0.0311470031738281 0.0437126159667969 0.0658035278320313
0.0164546966552734 -0.0287342071533203 -0.0285644531249999 -0.61517333984375
-0.0139198303222656 -0.0357246398925781 -0.67547607421875 -0.63995361328125
-0.0293712615966797 -0.0213966369628906 -0.83966064453125 0.21990966796875
-0.00957012176513672 0.00590610504150391 -0.2088623046875 0.681396484375
-0.002288818359375 0.012211799621582 0.2225341796875 0.451080322265625
0.00620651245117188 0.0124540328979492 0.31072998046875 -0.02105712890625
0.0149679183959961 -0.0128040313720703 0.185699462890625 -0.292022705078125
0.00790596008300782 -0.0290031433105469 -0.1346435546875 0.260299682617188
0.0222663879394531 -0.0135211944580078 -0.315032958984375 0.0261230468749999
0.00809478759765625 0.0194511413574219 -0.282012939453125 -0.386962890625
0.00884246826171875 0.0230712890625 0.13909912109375 -0.6380615234375
-0.0304355621337891 0.0115947723388672 0.7509765625 -0.23663330078125
-0.0468788146972656 -0.0278778076171875 0.7679443359375 0.508544921875
0.0159187316894531 -0.0424423217773438 0.16680908203125 0.601806640625
0.0397453308105469 -0.0276985168457031 0.0438613891601563 0.0738372802734375
0.0190753936767578 -0.0269241333007813 -0.02325439453125 -0.6116943359375
-0.0118503570556641 -0.0349597930908203 -0.66876220703125 -0.6490478515625
-0.0293388366699219 -0.0199775695800781 -0.8463134765625 0.20941162109375
-0.0116510391235352 0.00653648376464844 -0.2210693359375 0.68218994140625
-0.00262928009033203 0.0134916305541992 0.214569091796875 0.452056884765625
0.00677776336669922 0.0116796493530273 0.313385009765625 -0.02239990234375
0.0195465087890625 -0.00973701477050781 0.18682861328125 -0.2904052734375
0.0117969512939453 -0.0273780822753906 -0.131973266601562 0.261215209960938
0.0229282379150391 -0.0150642395019531 -0.310760498046875 0.02496337890625
0.00761985778808594 0.0181007385253906 -0.2821044921875 -0.387725830078125
0.00718116760253906 0.0237274169921875 0.13616943359375 -0.634765625
-0.0288314819335938 0.0127201080322266 0.74603271484375 -0.2357177734375
-0.0424156188964844 -0.0256195068359375 0.77032470703125 0.508056640625
0.0189247131347656 -0.0376701354980469 0.16845703125 0.60400390625
0.0390815734863281 -0.0227928161621094 0.0419921875 0.078155517578125
0.0213851928710938 -0.0226211547851563 -0.0179443359375001 -0.60772705078125
-0.0079803466796875 -0.0317745208740234 -0.66162109375 -0.649169921875
-0.0275764465332031 -0.0186958312988281 -0.846923828125 0.20721435546875
-0.0126218795776367 0.00679969787597656 -0.22467041015625 0.683349609375
-0.00469398498535156 0.0132436752319336 0.21539306640625 0.4541015625
0.00710105895996094 0.0103797912597656 0.317779541015625 -0.021820068359375
0.0228633880615234 -0.00892257690429687 0.19134521484375 -0.291107177734375
0.0154323577880859 -0.0252914428710938 -0.128768920898437 0.258041381835938
0.0224952697753906 -0.016632080078125 -0.3060302734375 0.0226135253906249
0.00665378570556641 0.0153827667236328 -0.2813720703125 -0.38897705078125
0.00634765625 0.0209064483642578 0.136962890625 -0.63262939453125
-0.0263957977294922 0.0143165588378906 0.74810791015625 -0.2322998046875
-0.0378227233886719 -0.0211715698242187 0.77313232421875 0.5123291015625
0.0219917297363281 -0.0314826965332031 0.1693115234375 0.60614013671875
0.0371284484863281 -0.0145416259765625 0.0414505004882813 0.08013916015625
0.0224399566650391 -0.0164394378662109 -0.0200805664062501 -0.6029052734375
-0.00390052795410156 -0.0279960632324219 -0.66473388671875 -0.6461181640625
-0.0249614715576172 -0.0174655914306641 -0.84661865234375 0.21112060546875
-0.0137367248535156 0.00499534606933594 -0.224609375 0.68341064453125
-0.00437259674072266 0.0102005004882813 0.216339111328125 0.452178955078125
0.00747489929199219 0.00765132904052734 0.3193359375 -0.024017333984375
0.0256462097167969 -0.00666618347167969 0.191802978515625 -0.2913818359375
0.0158767700195312 -0.024871826171875 -0.12884521484375 0.256729125976562
0.0220222473144531 -0.01806640625 -0.303741455078125 0.0213623046875
0.00443744659423828 0.0100212097167969 -0.27325439453125 -0.392486572265625
0.00476264953613281 0.0182056427001953 0.144775390625 -0.631591796875
-0.0223331451416016 0.0159893035888672 0.75042724609375 -0.22119140625
-0.0321445465087891 -0.0162925720214844 0.76763916015625 0.52447509765625
0.0237178802490234 -0.0239048004150391 0.164306640625 0.60870361328125
0.035064697265625 -0.00578498840332031 0.04156494140625 0.07879638671875
0.0239009857177734 -0.00868415832519531 -0.0230712890625 -0.6043701171875
0.00172233581542969 -0.0218448638916016 -0.66680908203125 -0.63983154296875
-0.0207042694091797 -0.0164966583251953 -0.84234619140625 0.2177734375
-0.0141792297363281 0.000657081604003908 -0.2188720703125 0.68499755859375
-0.00406789779663086 0.00512838363647461 0.220733642578125 0.447784423828125
0.00735759735107422 0.00610923767089844 0.32244873046875 -0.0263671875
0.0263214111328125 -0.006134033203125 0.19134521484375 -0.29278564453125
0.0153121948242187 -0.0244159698486328 -0.13092041015625 0.256149291992188
0.0228500366210938 -0.0200614929199219 -0.302276611328125 0.0196533203125
0.00345325469970703 0.00515174865722656 -0.268829345703125 -0.39617919921875
0.00512599945068359 0.0143194198608398 0.15283203125 -0.6309814453125
-0.019134521484375 0.0165615081787109 0.75689697265625 -0.211669921875
-0.0260143280029297 -0.0115375518798828 0.76141357421875 0.5364990234375
0.0250244140625 -0.0165004730224609 0.15838623046875 0.610595703125
0.0319023132324219 0.000619888305664063 0.0415573120117188 0.0754241943359375
0.0248908996582031 -0.00168037414550781 -0.0299072265625 -0.60516357421875
0.00576400756835938 -0.016179084777832 -0.677978515625 -0.62713623046875
-0.0158615112304687 -0.0148954391479492 -0.83831787109375 0.23138427734375
-0.0137100219726562 -0.00196361541748047 -0.20867919921875 0.68603515625
-0.00418925285339355 -0.000239372253417968 0.2279052734375 0.442962646484375
0.00772619247436523 0.00380229949951172 0.324127197265625 -0.03009033203125
0.0260906219482422 -0.00579071044921875 0.18743896484375 -0.29541015625
0.0128841400146484 -0.0245838165283203 -0.134979248046875 0.257080078125
0.0229740142822266 -0.0212211608886719 -0.30242919921875 0.01776123046875
0.0015571117401123 -0.000826001167297363 -0.261383056640625 -0.40228271484375
0.00544452667236328 0.00994110107421875 0.1676025390625 -0.63055419921875
-0.0161647796630859 0.0167808532714844 0.7637939453125 -0.19927978515625
-0.0224456787109375 -0.00733184814453125 0.7513427734375 0.5496826171875
0.0266475677490234 -0.0112247467041016 0.14788818359375 0.60870361328125
0.0297508239746094 0.00646018981933594 0.0416183471679688 0.0682601928710938
0.0265769958496094 0.00462532043457031 -0.04034423828125 -0.60833740234375
0.00909805297851563 -0.0113906860351563 -0.68682861328125 -0.6148681640625
-0.0125923156738281 -0.0148630142211914 -0.83148193359375 0.24603271484375
-0.0138015747070313 -0.00637054443359375 -0.19549560546875 0.68695068359375
-0.00432395935058594 -0.00641822814941406 0.237091064453125 0.438018798828125
0.00833749771118164 0.00171804428100586 0.325103759765625 -0.031951904296875
0.0222549438476562 -0.00611305236816406 0.183746337890625 -0.29608154296875
0.00983810424804688 -0.0274944305419922 -0.141098022460938 0.256515502929688
0.0239677429199219 -0.0218467712402344 -0.304412841796875 0.0171203613281249
0.000919342041015625 -0.00660943984985352 -0.25445556640625 -0.4058837890625
0.00487709045410156 0.0063633918762207 0.1800537109375 -0.628662109375
-0.0136432647705078 0.0163488388061523 0.76873779296875 -0.18499755859375
-0.0185604095458984 -0.00505828857421875 0.73858642578125 0.56390380859375
0.0264987945556641 -0.00762939453125 0.13720703125 0.607666015625
0.0279617309570313 0.0093994140625 0.0417823791503906 0.0600395202636719
0.0252704620361328 0.00756645202636719 -0.04730224609375 -0.6114501953125
0.011113166809082 -0.00928020477294922 -0.6988525390625 -0.60211181640625
-0.0100841522216797 -0.015106201171875 -0.8226318359375 0.26123046875
-0.0124015808105469 -0.0110054016113281 -0.1826171875 0.6865234375
-0.00429153442382812 -0.0112485885620117 0.244110107421875 0.433868408203125
0.00766944885253906 0.000301361083984375 0.324493408203125 -0.0343017578125
0.0188236236572266 -0.00719833374023437 0.17901611328125 -0.297454833984375
0.00262260437011719 -0.0314140319824219 -0.139450073242188 0.263015747070313
0.0212574005126953 -0.0134487152099609 -0.318511962890625 0.0301513671875
0.00820350646972656 0.0178108215332031 -0.27923583984375 -0.38421630859375
0.00993728637695313 0.0215816497802734 0.14129638671875 -0.63726806640625
-0.0298976898193359 0.00929641723632813 0.7445068359375 -0.23504638671875
-0.0478973388671875 -0.0283203125 0.7574462890625 0.50067138671875
0.0140037536621094 -0.0442581176757813 0.15814208984375 0.58758544921875
0.0381660461425781 -0.0304412841796875 0.0444793701171875 0.0661697387695313
0.0165367126464844 -0.0284042358398437 -0.03070068359375 -0.6090087890625
-0.0136260986328125 -0.0350875854492188 -0.6751708984375 -0.63031005859375
-0.0297451019287109 -0.0200138092041016 -0.83233642578125 0.2247314453125
-0.0104656219482422 0.00605201721191406 -0.20172119140625 0.67828369140625
-0.00180149078369141 0.0124731063842773 0.224090576171875 0.446380615234375
0.00667572021484375 0.0120668411254883 0.3077392578125 -0.0238037109375
0.0150146484375 -0.0127668380737305 0.181793212890625 -0.291290283203125
0.00749969482421875 -0.0278339385986328 -0.131622314453125 0.260635375976563
0.0215301513671875 -0.0147209167480469 -0.3121337890625 0.030029296875
0.00919342041015625 0.0187854766845703 -0.282196044921875 -0.38189697265625
0.00828742980957031 0.0238838195800781 0.13555908203125 -0.6343994140625
-0.0293521881103516 0.0110797882080078 0.74359130859375 -0.24127197265625
-0.0470314025878906 -0.027252197265625 0.7659912109375 0.49871826171875
0.0163726806640625 -0.0420570373535156 0.16961669921875 0.59423828125
0.0387306213378906 -0.02783203125 0.0435867309570313 0.0728683471679688
0.01849365234375 -0.0269832611083984 -0.0266723632812501 -0.606201171875
-0.012481689453125 -0.0343132019042969 -0.66790771484375 -0.63848876953125
-0.0304889678955078 -0.0191783905029297 -0.8388671875 0.2161865234375
-0.0121002197265625 0.00712394714355469 -0.2127685546875 0.6798095703125
-0.00235271453857422 0.0142021179199219 0.218902587890625 0.449493408203125
0.00658130645751953 0.0116539001464844 0.311004638671875 -0.023895263671875
0.0189247131347656 -0.0109481811523438 0.1837158203125 -0.289886474609375
0.0107345581054688 -0.0273571014404297 -0.128173828125 0.259613037109375
0.0222530364990234 -0.0163612365722656 -0.3089599609375 0.0282897949218749
0.00864410400390625 0.0185871124267578 -0.28240966796875 -0.3824462890625
0.00750160217285156 0.0232067108154297 0.12847900390625 -0.63232421875
-0.0281562805175781 0.013092041015625 0.73895263671875 -0.23968505859375
-0.0424690246582031 -0.0251235961914062 0.77008056640625 0.4976806640625
0.0172119140625 -0.0387115478515625 0.17047119140625 0.59716796875
0.0378494262695313 -0.0227584838867188 0.0429229736328125 0.0782394409179688
0.0202178955078125 -0.0223293304443359 -0.02325439453125 -0.60076904296875
-0.00802230834960937 -0.0318355560302734 -0.6602783203125 -0.6409912109375
-0.0287036895751953 -0.0186347961425781 -0.83856201171875 0.2135009765625
-0.0133743286132812 0.00682258605957031 -0.21697998046875 0.6807861328125
-0.0030670166015625 0.0141134262084961 0.21636962890625 0.44921875
0.00708103179931641 0.00970077514648438 0.31390380859375 -0.024078369140625
0.0222454071044922 -0.00856781005859375 0.18817138671875 -0.290924072265625
0.0138492584228516 -0.0262546539306641 -0.125656127929687 0.257064819335938
0.0216121673583984 -0.0178470611572266 -0.30340576171875 0.0265197753906249
0.00741958618164063 0.0147390365600586 -0.281951904296875 -0.383453369140625
0.00692176818847656 0.0213813781738281 0.13214111328125 -0.63067626953125
-0.0257682800292969 0.0151576995849609 0.74114990234375 -0.237060546875
-0.0374755859375 -0.0216941833496094 0.7716064453125 0.50238037109375
0.0202865600585937 -0.0323524475097656 0.17230224609375 0.5999755859375
0.0362472534179688 -0.0149192810058594 0.0419387817382812 0.0798797607421875
0.0226020812988281 -0.0162429809570313 -0.024658203125 -0.59832763671875
-0.00336074829101562 -0.0267257690429687 -0.6630859375 -0.63629150390625
-0.0254287719726563 -0.0168991088867187 -0.83831787109375 0.2152099609375
-0.0138397216796875 0.00525188446044922 -0.217529296875 0.68280029296875
-0.0034027099609375 0.011509895324707 0.219390869140625 0.447540283203125
0.00739526748657227 0.00818300247192383 0.316986083984375 -0.0263671875
0.025299072265625 -0.0083160400390625 0.18701171875 -0.291015625
0.0144615173339844 -0.0247287750244141 -0.126235961914062 0.25482177734375
0.0225334167480469 -0.0188713073730469 -0.299835205078125 0.02569580078125
0.00599384307861328 0.0104656219482422 -0.2762451171875 -0.38800048828125
0.00583457946777344 0.0184383392333984 0.13922119140625 -0.628662109375
-0.0223960876464844 0.0159263610839844 0.74395751953125 -0.22662353515625
-0.0320358276367187 -0.0162029266357422 0.76708984375 0.513427734375
0.0222511291503906 -0.0238227844238281 0.1666259765625 0.60284423828125
0.0336189270019531 -0.00706672668457031 0.0413970947265625 0.0795135498046875
0.0243797302246094 -0.00887870788574219 -0.0261840820312501 -0.5987548828125
0.00217247009277344 -0.0218772888183594 -0.66650390625 -0.62945556640625
-0.0216789245605469 -0.0158843994140625 -0.83514404296875 0.22314453125
-0.0137710571289063 0.0011749267578125 -0.21234130859375 0.6807861328125
-0.00437164306640625 0.00610923767089844 0.223114013671875 0.44390869140625
0.00844621658325195 0.00580310821533203 0.319732666015625 -0.0284423828125
0.026123046875 -0.0060272216796875 0.18670654296875 -0.291656494140625
0.0144309997558594 -0.0241451263427734 -0.127410888671875 0.255325317382813
0.0225276947021484 -0.0199356079101563 -0.29986572265625 0.02288818359375
0.00338268280029297 0.00502443313598633 -0.271331787109375 -0.39093017578125
0.00527763366699219 0.0145397186279297 0.14788818359375 -0.62841796875
-0.0192356109619141 0.0171337127685547 0.75 -0.21697998046875
-0.0261268615722656 -0.0112857818603516 0.7606201171875 0.52679443359375
0.0248908996582031 -0.0171566009521484 0.15997314453125 0.60552978515625
0.0316696166992187 0.00030517578125 0.0420379638671875 0.0756607055664063
0.024810791015625 -0.00196266174316406 -0.0335083007812499 -0.59991455078125
0.00673484802246094 -0.0166044235229492 -0.67584228515625 -0.61883544921875
-0.0164432525634766 -0.0142393112182617 -0.83062744140625 0.23553466796875
-0.0136032104492187 -0.00302600860595703 -0.2015380859375 0.68310546875
-0.00338006019592285 0.000687599182128907 0.23065185546875 0.43994140625
0.00763416290283203 0.00339317321777344 0.322509765625 -0.0313720703125
0.0252933502197266 -0.00647544860839844 0.183685302734375 -0.293792724609375
0.0113773345947266 -0.0252742767333984 -0.1314697265625 0.255157470703125
0.0223808288574219 -0.0219383239746094 -0.30035400390625 0.02130126953125
0.00198233127593994 -0.000919103622436523 -0.26251220703125 -0.397186279296875
0.00570392608642578 0.00980949401855469 0.159912109375 -0.6290283203125
-0.0162572860717773 0.0164070129394531 0.75811767578125 -0.20477294921875
-0.0213508605957031 -0.00623512268066406 0.7508544921875 0.54034423828125
0.0256824493408203 -0.0115966796875 0.14990234375 0.60321044921875
0.0292034149169922 0.00602912902832031 0.0407333374023438 0.0680694580078125
0.0255870819091797 0.00412368774414063 -0.0435791015625 -0.6026611328125
0.00993442535400391 -0.0112323760986328 -0.68353271484375 -0.6051025390625
-0.0132083892822266 -0.0141324996948242 -0.82318115234375 0.25238037109375
-0.0130462646484375 -0.00762748718261719 -0.18902587890625 0.6844482421875
-0.00404119491577148 -0.00511455535888672 0.23931884765625 0.434326171875
0.008880615234375 0.00217723846435547 0.321990966796875 -0.03436279296875
0.0216884613037109 -0.00620079040527344 0.1793212890625 -0.296783447265625
0.00823593139648437 -0.0279407501220703 -0.138687133789063 0.25653076171875
0.0232563018798828 -0.0231342315673828 -0.30255126953125 0.0199890136718751
0.00137853622436524 -0.00635814666748047 -0.256103515625 -0.40283203125
0.00610780715942383 0.00651788711547852 0.17431640625 -0.62689208984375
-0.0145492553710937 0.0158109664916992 0.76171875 -0.18994140625
-0.0189323425292969 -0.00422096252441406 0.737548828125 0.55303955078125
0.0248222351074219 -0.00713729858398437 0.1405029296875 0.60162353515625
0.0270423889160156 0.00908279418945313 0.0417671203613281 0.0597152709960937
0.0259990692138672 0.00758743286132812 -0.05328369140625 -0.60540771484375
0.0111675262451172 -0.00973987579345703 -0.6986083984375 -0.592041015625
-0.00916385650634766 -0.014439582824707 -0.81634521484375 0.265380859375
-0.011962890625 -0.0108375549316406 -0.175537109375 0.68353271484375
-0.00434494018554688 -0.0102100372314453 0.247467041015625 0.428619384765625
0.00909233093261719 -0.00017547607421875 0.3211669921875 -0.035797119140625
0.0187606811523438 -0.00794029235839844 0.174041748046875 -0.297882080078125
0.00161552429199219 -0.0315799713134766 -0.1363525390625 0.26226806640625
0.0206336975097656 -0.0144577026367188 -0.315826416015625 0.0329284667968749
0.00802993774414063 0.0175046920776367 -0.281402587890625 -0.37799072265625
0.0108547210693359 0.0217533111572266 0.1343994140625 -0.6324462890625
-0.029876708984375 0.00995445251464844 0.7373046875 -0.23931884765625
-0.0475311279296875 -0.0278396606445312 0.7545166015625 0.49322509765625
0.0135765075683594 -0.0430488586425781 0.15948486328125 0.5830078125
0.03759765625 -0.0307540893554688 0.04473876953125 0.066650390625
0.0164012908935547 -0.0283679962158203 -0.03302001953125 -0.60321044921875
-0.0129222869873047 -0.0338668823242188 -0.6728515625 -0.6214599609375
-0.0305500030517578 -0.0196189880371094 -0.8248291015625 0.228271484375
-0.010345458984375 0.00534152984619141 -0.19488525390625 0.67681884765625
-0.00132942199707031 0.0131368637084961 0.22735595703125 0.44287109375
0.00760459899902344 0.0121984481811523 0.3060302734375 -0.024505615234375
0.0141077041625977 -0.0134801864624023 0.179595947265625 -0.290374755859375
0.00610160827636719 -0.0294380187988281 -0.128555297851562 0.259735107421875
0.0209255218505859 -0.0157852172851563 -0.310302734375 0.0330810546875
0.00905036926269531 0.0189151763916016 -0.283782958984375 -0.37652587890625
0.00946998596191406 0.0231876373291016 0.1297607421875 -0.6312255859375
-0.0304489135742187 0.0116367340087891 0.737060546875 -0.243408203125
-0.04595947265625 -0.0269393920898437 0.7646484375 0.489501953125
0.0148277282714844 -0.0419998168945313 0.1688232421875 0.58941650390625
0.0378303527832031 -0.0280342102050781 0.043701171875 0.073516845703125
0.018585205078125 -0.0271625518798828 -0.0286254882812501 -0.60113525390625
-0.0111598968505859 -0.0334377288818359 -0.667724609375 -0.63043212890625
-0.0300979614257813 -0.0183353424072266 -0.8309326171875 0.2196044921875
-0.0120983123779297 0.00684738159179688 -0.207763671875 0.67742919921875
-0.00210952758789063 0.0146560668945313 0.220733642578125 0.44537353515625
0.0069284439086914 0.0109491348266602 0.307525634765625 -0.025970458984375
0.0187816619873047 -0.0108985900878906 0.180145263671875 -0.288818359375
0.00961494445800781 -0.0283889770507813 -0.12554931640625 0.258773803710938
0.0217952728271484 -0.0163631439208984 -0.305755615234375 0.03143310546875
0.00918769836425781 0.0179729461669922 -0.28350830078125 -0.377777099609375
0.00849151611328125 0.0231723785400391 0.12396240234375 -0.62823486328125
-0.0282821655273437 0.0129146575927734 0.73211669921875 -0.2421875
-0.0429191589355469 -0.0242118835449219 0.767578125 0.48797607421875
0.0164947509765625 -0.0373115539550781 0.173095703125 0.5924072265625
0.0372886657714844 -0.0217742919921875 0.042633056640625 0.0783462524414063
0.0206623077392578 -0.0217437744140625 -0.02386474609375 -0.5955810546875
-0.00803184509277344 -0.0310249328613281 -0.65863037109375 -0.631103515625
-0.0284767150878906 -0.0182266235351563 -0.83184814453125 0.216796875
-0.0129203796386719 0.00684356689453125 -0.211669921875 0.67718505859375
-0.0030364990234375 0.0134172439575195 0.21978759765625 0.445159912109375
0.00719070434570313 0.00983238220214844 0.3114013671875 -0.026611328125
0.0217933654785156 -0.0104999542236328 0.1849365234375 -0.289947509765625
0.0126495361328125 -0.0267753601074219 -0.12335205078125 0.256149291992188
0.0211639404296875 -0.0178737640380859 -0.30108642578125 0.029693603515625
0.00792789459228516 0.0151586532592773 -0.282257080078125 -0.379608154296875
0.00777435302734375 0.0213527679443359 0.12591552734375 -0.628662109375
-0.0256843566894531 0.0143890380859375 0.7353515625 -0.241455078125
-0.036956787109375 -0.0207138061523438 0.76849365234375 0.49261474609375
0.0194454193115234 -0.0316696166992188 0.17279052734375 0.59674072265625
0.0362701416015625 -0.0157585144042969 0.0425796508789063 0.080169677734375
0.0216217041015625 -0.0162982940673828 -0.02587890625 -0.59197998046875
-0.00261116027832031 -0.0274333953857422 -0.66162109375 -0.62750244140625
-0.0248603820800781 -0.0154705047607422 -0.8341064453125 0.2198486328125
-0.0136938095092773 0.00491046905517578 -0.21044921875 0.6802978515625
-0.00374412536621094 0.0110416412353516 0.221038818359375 0.444000244140625
0.00786399841308594 0.00727176666259766 0.314208984375 -0.028533935546875
0.0251350402832031 -0.00789451599121094 0.1842041015625 -0.290435791015625
0.0137290954589844 -0.0254802703857422 -0.123489379882813 0.25482177734375
0.0225238800048828 -0.0197677612304688 -0.298553466796875 0.0272827148437501
0.00581550598144531 0.0107889175415039 -0.27618408203125 -0.383026123046875
0.00631332397460937 0.0185623168945313 0.1328125 -0.62646484375
-0.0220432281494141 0.0149765014648438 0.73663330078125 -0.2296142578125
-0.0312080383300781 -0.0160026550292969 0.763916015625 0.50433349609375
0.0223503112792969 -0.024627685546875 0.16827392578125 0.59710693359375
0.0329704284667969 -0.00722312927246094 0.0411148071289063 0.0791015625
0.0233726501464844 -0.00914192199707031 -0.02777099609375 -0.5911865234375
0.00208282470703125 -0.0219802856445313 -0.6640625 -0.62115478515625
-0.0208358764648438 -0.0146827697753906 -0.82757568359375 0.2279052734375
-0.0138006210327148 0.0020303726196289 -0.20623779296875 0.67889404296875
-0.00360536575317383 0.00619316101074219 0.22467041015625 0.438629150390625
0.00836515426635742 0.00531673431396484 0.317169189453125 -0.03082275390625
0.0256500244140625 -0.00686454772949219 0.1826171875 -0.291107177734375
0.0131359100341797 -0.0249271392822266 -0.125244140625 0.25469970703125
0.0212154388427734 -0.0216712951660156 -0.296539306640625 0.0259399414062501
0.00437784194946289 0.00458097457885742 -0.272216796875 -0.387847900390625
0.00565910339355469 0.014744758605957 0.14276123046875 -0.626708984375
-0.0180778503417969 0.016448974609375 0.7435302734375 -0.21929931640625
-0.0255565643310547 -0.0110130310058594 0.75823974609375 0.51544189453125
0.0237560272216797 -0.0172920227050781 0.1636962890625 0.59918212890625
0.0309276580810547 0.000345230102539063 0.0412216186523437 0.0746536254882813
0.0251388549804688 -0.00205039978027344 -0.0360717773437499 -0.59466552734375
0.00711154937744141 -0.0156335830688477 -0.67352294921875 -0.6092529296875
-0.0163030624389648 -0.0141019821166992 -0.82293701171875 0.24053955078125
-0.0142707824707031 -0.00165081024169922 -0.1954345703125 0.68048095703125
-0.00319027900695801 0.000113248825073243 0.230987548828125 0.435394287109375
0.0086827278137207 0.00287961959838867 0.31939697265625 -0.03424072265625
0.0248661041259766 -0.00655937194824219 0.180694580078125 -0.293304443359375
0.0112533569335938 -0.0251655578613281 -0.128448486328125 0.254440307617188
0.0224838256835938 -0.0235404968261719 -0.297119140625 0.0245361328125
0.00189757347106934 -0.000415205955505371 -0.265045166015625 -0.392181396484375
0.00654697418212891 0.0106439590454102 0.1551513671875 -0.624755859375
-0.0158529281616211 0.0166702270507813 0.7508544921875 -0.20770263671875
-0.0218963623046875 -0.00743865966796875 0.747314453125 0.53271484375
0.0244216918945313 -0.0116653442382813 0.1512451171875 0.59844970703125
0.0281238555908203 0.00540351867675781 0.0416641235351563 0.0687294006347656
0.0259895324707031 0.0036773681640625 -0.04522705078125 -0.59619140625
0.0102567672729492 -0.0114870071411133 -0.68426513671875 -0.59796142578125
-0.0130100250244141 -0.0140285491943359 -0.8172607421875 0.2562255859375
-0.0138826370239258 -0.006988525390625 -0.18255615234375 0.68060302734375
-0.00320243835449219 -0.00504541397094727 0.240234375 0.429931640625
0.00899791717529297 0.00122833251953125 0.31903076171875 -0.037506103515625
0.0214576721191406 -0.00711250305175781 0.176544189453125 -0.2947998046875
0.00819015502929687 -0.0279731750488281 -0.135116577148437 0.254608154296875
0.0229625701904297 -0.0234813690185547 -0.300140380859375 0.023101806640625
0.00171756744384766 -0.00635433197021484 -0.25634765625 -0.3961181640625
0.00629281997680664 0.00673532485961914 0.1693115234375 -0.623779296875
-0.0142002105712891 0.0165529251098633 0.75439453125 -0.19427490234375
-0.0191459655761719 -0.00438308715820313 0.736328125 0.54302978515625
0.024658203125 -0.00773429870605469 0.14202880859375 0.5963134765625
0.0267810821533203 0.00772476196289063 0.0417022705078125 0.0608634948730469
0.0256710052490234 0.0069580078125 -0.05462646484375 -0.59967041015625
0.0115623474121094 -0.00855064392089844 -0.6966552734375 -0.5848388671875
-0.0103845596313477 -0.0137224197387695 -0.80816650390625 0.26849365234375
-0.0134735107421875 -0.0105695724487305 -0.1685791015625 0.6807861328125
-0.00430011749267578 -0.0103206634521484 0.248199462890625 0.42431640625
0.00901508331298828 -5.81741333007813E-05 0.318267822265625 -0.0386962890625
0.0175457000732422 -0.00742816925048828 0.1715087890625 -0.296661376953125
0.000474929809570315 -0.0317592620849609 -0.133804321289063 0.261245727539063
0.0204868316650391 -0.0152645111083984 -0.31341552734375 0.035858154296875
0.0091094970703125 0.0172262191772461 -0.281341552734375 -0.37457275390625
0.0107250213623047 0.0222454071044922 0.13140869140625 -0.629150390625
-0.0298843383789063 0.0101566314697266 0.73284912109375 -0.2415771484375
-0.047393798828125 -0.0270195007324219 0.751708984375 0.48468017578125
0.0124168395996094 -0.0427360534667969 0.15948486328125 0.57891845703125
0.036651611328125 -0.0309486389160156 0.0442047119140625 0.0666542053222656
0.0153007507324219 -0.02899169921875 -0.03546142578125 -0.59918212890625
-0.0134906768798828 -0.0337028503417969 -0.66998291015625 -0.614501953125
-0.0299777984619141 -0.0196456909179688 -0.81591796875 0.2305908203125
-0.0102577209472656 0.00524520874023437 -0.18988037109375 0.6739501953125
-0.00120735168457031 0.0125656127929688 0.2264404296875 0.438873291015625
0.00773525238037109 0.0119810104370117 0.30291748046875 -0.02667236328125
0.0144891738891602 -0.0141000747680664 0.175445556640625 -0.28997802734375
0.00555038452148438 -0.0291519165039063 -0.126861572265625 0.25860595703125
0.0209598541259766 -0.0167808532714844 -0.307708740234375 0.03509521484375
0.00977706909179688 0.0188064575195313 -0.283843994140625 -0.3729248046875
0.00995826721191406 0.0233020782470703 0.12493896484375 -0.62908935546875
-0.0300788879394531 0.0116310119628906 0.73114013671875 -0.24554443359375
-0.0453834533691406 -0.0266685485839844 0.7607421875 0.48260498046875
0.0136566162109375 -0.0418243408203125 0.16961669921875 0.58489990234375
0.0367851257324219 -0.0275497436523438 0.0434722900390625 0.0736923217773437
0.0179367065429688 -0.0268745422363281 -0.0303955078124999 -0.59637451171875
-0.0107097625732422 -0.0338993072509766 -0.664306640625 -0.62213134765625
-0.030303955078125 -0.0184001922607422 -0.822509765625 0.2222900390625
-0.0120658874511719 0.00632953643798828 -0.20013427734375 0.67352294921875
-0.00235462188720703 0.014796257019043 0.22198486328125 0.4420166015625
0.00838851928710938 0.0108861923217773 0.30584716796875 -0.027740478515625
0.0176200866699219 -0.0111541748046875 0.177490234375 -0.288421630859375
0.00894546508789063 -0.0277557373046875 -0.123336791992188 0.258697509765625
0.021820068359375 -0.0165271759033203 -0.303375244140625 0.03424072265625
0.00969886779785156 0.0170917510986328 -0.28485107421875 -0.373443603515625
0.00929069519042969 0.0237445831298828 0.11962890625 -0.62530517578125
-0.0285682678222656 0.0127162933349609 0.7271728515625 -0.2447509765625
-0.0421409606933594 -0.0245895385742188 0.762451171875 0.482666015625
0.0161209106445313 -0.0377883911132813 0.17236328125 0.5885009765625
0.0361480712890625 -0.022613525390625 0.0419158935546875 0.0781097412109375
0.0199947357177734 -0.022552490234375 -0.0257568359375001 -0.5902099609375
-0.00728416442871094 -0.0307445526123047 -0.6572265625 -0.62347412109375
-0.0282020568847656 -0.0171394348144531 -0.82421875 0.218994140625
-0.0131149291992188 0.00661277770996093 -0.2060546875 0.67401123046875
-0.003143310546875 0.0146093368530273 0.2197265625 0.44091796875
0.00782012939453125 0.00958442687988281 0.3095703125 -0.02789306640625
0.0208168029785156 -0.00919342041015625 0.18096923828125 -0.28912353515625
0.0119152069091797 -0.0263500213623047 -0.120529174804688 0.25616455078125
0.0213642120361328 -0.0192241668701172 -0.29803466796875 0.032623291015625
0.00853157043457031 0.015070915222168 -0.2823486328125 -0.375732421875
0.0078277587890625 0.0210666656494141 0.121826171875 -0.62579345703125
-0.0254249572753906 0.01434326171875 0.729736328125 -0.2430419921875
-0.0369911193847656 -0.0203857421875 0.767333984375 0.48577880859375
0.0185165405273438 -0.0317592620849609 0.17462158203125 0.5888671875
0.0341243743896484 -0.0151042938232422 0.0424423217773438 0.0800628662109375
0.021514892578125 -0.0162258148193359 -0.0270996093750001 -0.58917236328125
-0.00281715393066406 -0.0259761810302734 -0.6590576171875 -0.61981201171875
-0.0250968933105469 -0.015960693359375 -0.82379150390625 0.22320556640625
-0.014124870300293 0.00437831878662109 -0.2060546875 0.67608642578125
-0.0034332275390625 0.0107622146606445 0.22064208984375 0.439300537109375
0.00808143615722656 0.00740337371826172 0.311676025390625 -0.03009033203125
0.0241546630859375 -0.00819206237792969 0.18182373046875 -0.290008544921875
0.0133419036865234 -0.0258636474609375 -0.121109008789063 0.254058837890625
0.0215187072753906 -0.01995849609375 -0.295989990234375 0.0300903320312499
0.00687789916992188 0.0105209350585938 -0.27606201171875 -0.378021240234375
0.00648307800292969 0.0181636810302734 0.12982177734375 -0.62261962890625
-0.0224113464355469 0.0157279968261719 0.73089599609375 -0.2320556640625
-0.0309677124023438 -0.0160293579101562 0.76043701171875 0.496337890625
0.0202960968017578 -0.0244045257568359 0.16741943359375 0.593017578125
0.0326213836669922 -0.00670623779296875 0.0414581298828125 0.0791168212890625
0.0235366821289063 -0.00877952575683594 -0.02947998046875 -0.58660888671875
0.001739501953125 -0.0203170776367188 -0.6607666015625 -0.61309814453125
-0.0217761993408203 -0.0145587921142578 -0.822021484375 0.23046875
-0.0141572952270508 0.00137042999267578 -0.200927734375 0.6759033203125
-0.00370597839355469 0.00651931762695313 0.225128173828125 0.43670654296875
0.00883388519287109 0.005279541015625 0.3148193359375 -0.032318115234375
0.0248126983642578 -0.00749015808105469 0.18133544921875 -0.290191650390625
0.0122203826904297 -0.0255699157714844 -0.122177124023437 0.25299072265625
0.0215702056884766 -0.0224952697753906 -0.294525146484375 0.028778076171875
0.00461387634277344 0.00501728057861328 -0.27288818359375 -0.381805419921875
0.00583171844482422 0.0143117904663086 0.13677978515625 -0.62335205078125
-0.01885986328125 0.0166225433349609 0.73834228515625 -0.2227783203125
-0.0252647399902344 -0.0112800598144531 0.75543212890625 0.51092529296875
0.0222587585449219 -0.0176353454589844 0.162841796875 0.59600830078125
0.0299091339111328 0.000173568725585938 0.0412216186523438 0.074371337890625
0.0254554748535156 -0.00195121765136719 -0.03778076171875 -0.5877685546875
0.00685691833496094 -0.0154123306274414 -0.67144775390625 -0.60223388671875
-0.0169773101806641 -0.0134658813476563 -0.8155517578125 0.24267578125
-0.0139894485473633 -0.00291728973388672 -0.19061279296875 0.67828369140625
-0.00323605537414551 0.000882148742675782 0.232757568359375 0.43231201171875
0.00854969024658203 0.00320625305175781 0.31658935546875 -0.03472900390625
0.0245437622070313 -0.00651741027832031 0.17681884765625 -0.292327880859375
0.0105953216552734 -0.0264472961425781 -0.127197265625 0.253250122070313
0.0220966339111328 -0.0244235992431641 -0.29486083984375 0.026763916015625
0.00236606597900391 -0.00054931640625 -0.2655029296875 -0.38726806640625
0.0068206787109375 0.0101747512817383 0.152587890625 -0.62225341796875
-0.0158662796020508 0.0163860321044922 0.74200439453125 -0.21087646484375
-0.0220355987548828 -0.00624275207519531 0.7449951171875 0.52374267578125
0.0237312316894531 -0.0122890472412109 0.1519775390625 0.59393310546875
0.0273723602294922 0.00536346435546875 0.0419044494628906 0.068603515625
0.0262565612792969 0.0030670166015625 -0.0465087890625 -0.5908203125
0.0105257034301758 -0.0113286972045898 -0.68060302734375 -0.58953857421875
-0.0124387741088867 -0.0132303237915039 -0.81060791015625 0.259033203125
-0.013890266418457 -0.00728702545166016 -0.17864990234375 0.67864990234375
-0.00360202789306641 -0.00519466400146484 0.239959716796875 0.426025390625
0.00924110412597656 0.000949859619140625 0.3160400390625 -0.03741455078125
0.0213718414306641 -0.00691604614257813 0.172698974609375 -0.29400634765625
0.00735282897949219 -0.0280818939208984 -0.132369995117187 0.25433349609375
0.0222511291503906 -0.0244426727294922 -0.297698974609375 0.025787353515625
0.00240468978881836 -0.00602054595947266 -0.258392333984375 -0.392059326171875
0.00751066207885742 0.00653409957885742 0.1656494140625 -0.621337890625
-0.014068603515625 0.0162229537963867 0.74835205078125 -0.19549560546875
-0.0185909271240234 -0.00360870361328125 0.7337646484375 0.5357666015625
0.0246295928955078 -0.00842094421386719 0.141845703125 0.59100341796875
0.0262775421142578 0.00809860229492188 0.0416755676269531 0.0604743957519531
0.0250949859619141 0.00664710998535156 -0.05657958984375 -0.59521484375
0.0120630264282227 -0.00786304473876953 -0.693603515625 -0.577392578125
-0.0106630325317383 -0.0137395858764648 -0.8023681640625 0.27142333984375
-0.0132474899291992 -0.0107879638671875 -0.16357421875 0.67742919921875
-0.00341987609863281 -0.00987625122070313 0.2489013671875 0.42041015625
0.00911140441894531 -0.000165939331054688 0.315399169921875 -0.039215087890625
0.0166540145874023 -0.00792026519775391 0.168731689453125 -0.296112060546875
-1.90734863281171E-06 -0.0322475433349609 -0.132232666015625 0.260086059570312
0.0202255249023438 -0.0162925720214844 -0.31085205078125 0.0376586914062499
0.0103969573974609 0.0167789459228516 -0.28094482421875 -0.3704833984375
0.0112838745117188 0.0220851898193359 0.128173828125 -0.6275634765625
-0.0289955139160156 0.0096435546875 0.7255859375 -0.24310302734375
-0.0468521118164063 -0.0270881652832031 0.7476806640625 0.479736328125
0.0117263793945312 -0.0430679321289062 0.159912109375 0.57391357421875
0.0353965759277344 -0.0310592651367188 0.0437126159667969 0.0672187805175781
0.0161724090576172 -0.0285148620605469 -0.0364990234375 -0.59381103515625
-0.0115947723388672 -0.0337581634521484 -0.6673583984375 -0.6094970703125
-0.0302906036376953 -0.0179901123046875 -0.81103515625 0.23272705078125
-0.0106525421142578 0.0052804946899414 -0.18670654296875 0.66961669921875
-0.000935554504394531 0.0131731033325195 0.227203369140625 0.43572998046875
0.00774002075195313 0.0115242004394531 0.300537109375 -0.027313232421875
0.0129308700561523 -0.0137166976928711 0.173980712890625 -0.288665771484375
0.00409507751464844 -0.0292625427246094 -0.12408447265625 0.257232666015625
0.0201148986816406 -0.0173416137695313 -0.3060302734375 0.0364074707031251
0.0103759765625 0.018585205078125 -0.2835693359375 -0.369354248046875
0.0108623504638672 0.0226631164550781 0.12286376953125 -0.62615966796875
-0.0305118560791016 0.0115489959716797 0.723876953125 -0.24603271484375
-0.0454483032226562 -0.026336669921875 0.758544921875 0.47540283203125
0.0132942199707031 -0.0420951843261719 0.169189453125 0.57916259765625
0.0363731384277344 -0.0279159545898437 0.0439376831054688 0.0730972290039063
0.0180454254150391 -0.0268630981445313 -0.03094482421875 -0.59051513671875
-0.0106563568115234 -0.0330066680908203 -0.66180419921875 -0.61572265625
-0.0304851531982422 -0.0179672241210937 -0.81793212890625 0.223388671875
-0.0124855041503906 0.00641059875488281 -0.1973876953125 0.67193603515625
-0.00214672088623047 0.0146751403808594 0.221832275390625 0.43902587890625
0.00783920288085937 0.0108451843261719 0.302978515625 -0.0286865234375
0.0177478790283203 -0.0110073089599609 0.174957275390625 -0.287078857421875
0.00760459899902344 -0.0274486541748047 -0.12225341796875 0.25689697265625
0.0214328765869141 -0.0177192687988281 -0.300689697265625 0.03570556640625
0.00924491882324219 0.0181179046630859 -0.28472900390625 -0.36883544921875
0.0106182098388672 0.0223884582519531 0.1170654296875 -0.62445068359375
-0.0273780822753906 0.0132637023925781 0.72027587890625 -0.24737548828125
-0.0420188903808594 -0.0241012573242187 0.76116943359375 0.47430419921875
0.0153579711914063 -0.0373916625976563 0.17279052734375 0.581298828125
0.0351200103759766 -0.0217342376708984 0.0434341430664062 0.078338623046875
0.0202293395996094 -0.022552490234375 -0.0281982421875 -0.58526611328125
-0.00702095031738281 -0.0303764343261719 -0.6549072265625 -0.61785888671875
-0.0289783477783203 -0.0169315338134766 -0.8177490234375 0.2191162109375
-0.0132331848144531 0.00681400299072265 -0.202392578125 0.67120361328125
-0.00239849090576172 0.0141868591308594 0.221099853515625 0.43927001953125
0.00841808319091797 0.00943565368652344 0.306854248046875 -0.02880859375
0.0210094451904297 -0.00964546203613281 0.17864990234375 -0.288970947265625
0.0110607147216797 -0.0266399383544922 -0.117996215820312 0.2540283203125
0.0208549499511719 -0.0198383331298828 -0.296234130859375 0.034271240234375
0.00839710235595703 0.0151691436767578 -0.281707763671875 -0.37103271484375
0.00855064392089844 0.0204753875732422 0.1175537109375 -0.62286376953125
-0.0252361297607422 0.0155086517333984 0.72265625 -0.2437744140625
-0.0367507934570313 -0.0196266174316406 0.76226806640625 0.47998046875
0.0180149078369141 -0.0316658020019531 0.173828125 0.584228515625
0.0342006683349609 -0.0157089233398438 0.0418014526367187 0.0800018310546875
0.0215129852294922 -0.01593017578125 -0.0279541015625 -0.58209228515625
-0.0027008056640625 -0.0253639221191406 -0.65545654296875 -0.61395263671875
-0.0260066986083984 -0.0148200988769531 -0.819580078125 0.22509765625
-0.0143165588378906 0.00535964965820312 -0.20074462890625 0.6737060546875
-0.00259685516357422 0.0109777450561523 0.221588134765625 0.437408447265625
0.00846242904663086 0.00776529312133789 0.309600830078125 -0.03167724609375
0.0235767364501953 -0.00846099853515625 0.178619384765625 -0.287506103515625
0.0115394592285156 -0.0257892608642578 -0.1181640625 0.252349853515625
0.0212135314941406 -0.0210800170898438 -0.29296875 0.0324096679687501
0.00657558441162109 0.00999736785888672 -0.277374267578125 -0.375244140625
0.00708770751953125 0.0183296203613281 0.12701416015625 -0.6190185546875
-0.0220928192138672 0.0155048370361328 0.72674560546875 -0.2330322265625
-0.031005859375 -0.0152473449707031 0.75860595703125 0.488525390625
0.02056884765625 -0.0242767333984375 0.16839599609375 0.5872802734375
0.0315933227539063 -0.00667381286621094 0.04168701171875 0.079986572265625
0.0236434936523438 -0.00897598266601563 -0.03106689453125 -0.58123779296875
0.00262641906738281 -0.0210895538330078 -0.65771484375 -0.608154296875
-0.0210819244384766 -0.0149440765380859 -0.8155517578125 0.23046875
-0.0143966674804688 0.00218391418457031 -0.19720458984375 0.6729736328125
-0.00269699096679688 0.00634908676147461 0.226593017578125 0.433502197265625
0.00919628143310547 0.00563240051269531 0.312408447265625 -0.032928466796875
0.0243988037109375 -0.00792503356933594 0.17840576171875 -0.288665771484375
0.0116615295410156 -0.0252876281738281 -0.12091064453125 0.252227783203125
0.0207977294921875 -0.0229644775390625 -0.292083740234375 0.031036376953125
0.00429677963256836 0.00465774536132813 -0.2718505859375 -0.379425048828125
0.00673770904541016 0.0139474868774414 0.13421630859375 -0.6201171875
-0.0192203521728516 0.0162982940673828 0.73114013671875 -0.2249755859375
-0.0254325866699219 -0.0103092193603516 0.7532958984375 0.50360107421875
0.0218505859375 -0.0175800323486328 0.16302490234375 0.58978271484375
0.02838134765625 -0.000308990478515625 0.0411834716796875 0.0750961303710938
0.0249443054199219 -0.00215530395507813 -0.03759765625 -0.5826416015625
0.00755023956298828 -0.0159273147583008 -0.66790771484375 -0.59515380859375
-0.0173873901367188 -0.0138969421386719 -0.8104248046875 0.2451171875
-0.014801025390625 -0.00234031677246094 -0.1883544921875 0.6746826171875
-0.00305819511413574 0.000988245010375976 0.23297119140625 0.4293212890625
0.00955390930175781 0.00294971466064453 0.3138427734375 -0.0361328125
0.0235652923583984 -0.00713348388671875 0.1763916015625 -0.290557861328125
0.00868415832519531 -0.0258007049560547 -0.124862670898438 0.251998901367188
0.0214557647705078 -0.0243167877197266 -0.29241943359375 0.02911376953125
0.00364017486572266 -0.000639915466308594 -0.264068603515625 -0.38433837890625
0.00748538970947266 0.00990390777587891 0.14788818359375 -0.61993408203125
-0.0156984329223633 0.0165414810180664 0.736083984375 -0.21197509765625
-0.0213642120361328 -0.00666236877441406 0.74078369140625 0.51751708984375
0.0233554840087891 -0.0119514465332031 0.15228271484375 0.5885009765625
0.0271930694580078 0.0054168701171875 0.0412216186523437 0.0688819885253906
0.0254325866699219 0.0033111572265625 -0.04766845703125 -0.584228515625
0.0114688873291016 -0.010899543762207 -0.6767578125 -0.5830078125
-0.0134696960449219 -0.0129737854003906 -0.803955078125 0.25909423828125
-0.0143022537231445 -0.00718402862548828 -0.17388916015625 0.6737060546875
-0.00320100784301758 -0.0046849250793457 0.241912841796875 0.423004150390625
0.00959587097167969 0.000898361206054688 0.314453125 -0.038726806640625
0.0218887329101563 -0.00780487060546875 0.170745849609375 -0.292999267578125
0.0061187744140625 -0.0283679962158203 -0.130508422851563 0.253173828125
0.0222759246826172 -0.0245475769042969 -0.295440673828125 0.0280761718749999
0.00300359725952148 -0.00549888610839844 -0.25823974609375 -0.38824462890625
0.00782012939453125 0.00625944137573242 0.162109375 -0.61859130859375
-0.013270378112793 0.016331672668457 0.74261474609375 -0.19696044921875
-0.0183773040771484 -0.00456428527832032 0.73046875 0.528076171875
0.0229091644287109 -0.008697509765625 0.140869140625 0.58544921875
0.0257759094238281 0.00797462463378906 0.0420913696289062 0.0612640380859375
0.0255088806152344 0.00687789916992187 -0.0557861328125001 -0.58831787109375
0.012608528137207 -0.00834465026855469 -0.6900634765625 -0.57122802734375
-0.0107574462890625 -0.013392448425293 -0.79437255859375 0.2724609375
-0.0141897201538086 -0.0107288360595703 -0.16021728515625 0.6746826171875
-0.00285911560058594 -0.010009765625 0.2493896484375 0.41705322265625
0.00886821746826172 0.000460624694824219 0.312957763671875 -0.03997802734375
0.0168485641479492 -0.00841522216796875 0.16595458984375 -0.29388427734375
-0.000535964965820311 -0.0320873260498047 -0.130203247070313 0.259078979492188
0.0198879241943359 -0.0164699554443359 -0.3095703125 0.039276123046875
0.00986862182617187 0.0173892974853516 -0.28167724609375 -0.36785888671875
0.0122642517089844 0.0217514038085937 0.12518310546875 -0.62384033203125
-0.0296592712402344 0.00981521606445313 0.72369384765625 -0.2423095703125
-0.0471725463867188 -0.0266227722167969 0.74359130859375 0.47369384765625
0.0116462707519531 -0.0432167053222656 0.157958984375 0.57012939453125
0.0359153747558594 -0.0301437377929688 0.0441169738769531 0.0672874450683594
0.0154953002929688 -0.0287704467773437 -0.03533935546875 -0.587646484375
-0.0119266510009766 -0.0333633422851563 -0.665283203125 -0.603759765625
-0.0300178527832031 -0.0181293487548828 -0.80780029296875 0.2327880859375
-0.0104303359985352 0.00554084777832031 -0.18377685546875 0.66766357421875
-0.000610351562499999 0.0128984451293945 0.227783203125 0.434814453125
0.00839519500732422 0.0115079879760742 0.299102783203125 -0.02764892578125
0.012547492980957 -0.0137367248535156 0.17138671875 -0.286712646484375
0.00364112854003906 -0.0293636322021484 -0.123031616210937 0.256820678710938
0.0199012756347656 -0.0184459686279297 -0.303070068359375 0.038818359375
0.0114631652832031 0.0187740325927734 -0.2833251953125 -0.36566162109375
0.0115394592285156 0.0232086181640625 0.12042236328125 -0.623046875
-0.0301227569580078 0.0110435485839844 0.7205810546875 -0.246826171875
-0.0457534790039063 -0.0252037048339844 0.75323486328125 0.47076416015625
0.0124397277832031 -0.0418357849121094 0.16778564453125 0.57574462890625
0.03582763671875 -0.0276527404785156 0.0441665649414063 0.074127197265625
0.0176353454589844 -0.0270614624023438 -0.03033447265625 -0.58551025390625
-0.0102825164794922 -0.0325489044189453 -0.658203125 -0.6123046875
-0.0303020477294922 -0.0172023773193359 -0.81396484375 0.22412109375
-0.0118846893310547 0.0064697265625 -0.19415283203125 0.67034912109375
-0.00220203399658203 0.0161724090576172 0.221832275390625 0.436553955078125
0.00827503204345703 0.0100927352905273 0.300140380859375 -0.029022216796875
0.0178318023681641 -0.0121498107910156 0.17193603515625 -0.28582763671875
0.00712013244628906 -0.0279350280761719 -0.119735717773438 0.256317138671875
0.0204505920410156 -0.0188159942626953 -0.298858642578125 0.037750244140625
0.0101833343505859 0.0173549652099609 -0.284454345703125 -0.365936279296875
0.0107097625732422 0.0226898193359375 0.11492919921875 -0.62005615234375
-0.0280570983886719 0.0128707885742188 0.71661376953125 -0.24658203125
-0.0417518615722656 -0.0233497619628906 0.75762939453125 0.46978759765625
0.0147285461425781 -0.0381317138671875 0.1707763671875 0.5782470703125
0.034637451171875 -0.0215797424316406 0.0428390502929688 0.0782470703125
0.0195140838623047 -0.0213127136230469 -0.02667236328125 -0.580810546875
-0.00698661804199219 -0.0295734405517578 -0.65008544921875 -0.61224365234375
-0.0296173095703125 -0.0166397094726563 -0.8128662109375 0.22235107421875
-0.0132465362548828 0.00701236724853515 -0.2008056640625 0.66925048828125
-0.00228595733642578 0.0138483047485352 0.220184326171875 0.4364013671875
0.00796413421630859 0.00954246520996094 0.304901123046875 -0.029327392578125
0.0201206207275391 -0.009735107421875 0.177154541015625 -0.2877197265625
0.00966072082519531 -0.0269889831542969 -0.11737060546875 0.252975463867188
0.0208187103271484 -0.0202789306640625 -0.294189453125 0.035430908203125
0.00886058807373047 0.0146417617797852 -0.282257080078125 -0.367584228515625
0.00890922546386719 0.020751953125 0.11700439453125 -0.62066650390625
-0.026397705078125 0.0146045684814453 0.7188720703125 -0.2445068359375
-0.0367355346679688 -0.0197982788085938 0.76031494140625 0.47393798828125
0.0170440673828125 -0.0315742492675781 0.17193603515625 0.58172607421875
0.0331878662109375 -0.0150184631347656 0.0416793823242188 0.0812149047851562
0.0221290588378906 -0.0164394378662109 -0.0279541015625 -0.57763671875
-0.00201034545898437 -0.0256118774414063 -0.6539306640625 -0.60906982421875
-0.025146484375 -0.0151939392089844 -0.81317138671875 0.22540283203125
-0.0142726898193359 0.00477790832519531 -0.2001953125 0.6715087890625
-0.00313186645507812 0.0114459991455078 0.222625732421875 0.43524169921875
0.00860834121704102 0.00766372680664063 0.30670166015625 -0.031463623046875
0.0235748291015625 -0.00819969177246094 0.17730712890625 -0.2869873046875
0.0116729736328125 -0.02532958984375 -0.11712646484375 0.251815795898438
0.0212497711181641 -0.0211372375488281 -0.2913818359375 0.03375244140625
0.00679302215576172 0.009796142578125 -0.275970458984375 -0.371795654296875
0.0086822509765625 0.0179119110107422 0.126220703125 -0.618408203125
-0.0223045349121094 0.0155563354492188 0.7198486328125 -0.23455810546875
-0.0304393768310547 -0.0151271820068359 0.75482177734375 0.48468017578125
0.0193920135498047 -0.0243167877197266 0.16680908203125 0.583740234375
0.0308456420898438 -0.00756072998046875 0.0417556762695313 0.0791778564453125
0.0228004455566406 -0.00859451293945313 -0.0284423828125 -0.57647705078125
0.0032196044921875 -0.0199813842773438 -0.65643310546875 -0.60186767578125
-0.0211238861083984 -0.0143203735351563 -0.810791015625 0.23138427734375
-0.0142402648925781 0.00188446044921875 -0.1951904296875 0.6700439453125
-0.00282907485961914 0.00730514526367188 0.225494384765625 0.43212890625
0.0089864730834961 0.00477790832519531 0.310546875 -0.033447265625
0.0241374969482422 -0.00745010375976563 0.176300048828125 -0.288116455078125
0.011016845703125 -0.0255584716796875 -0.119277954101563 0.251449584960937
0.0208911895751953 -0.0235500335693359 -0.289825439453125 0.03143310546875
0.00487327575683594 0.00486326217651367 -0.271728515625 -0.375244140625
0.00762462615966797 0.0143775939941406 0.1329345703125 -0.6170654296875
-0.0189037322998047 0.0162906646728516 0.72760009765625 -0.22344970703125
-0.0246791839599609 -0.0101909637451172 0.750244140625 0.49737548828125
0.0213356018066406 -0.0170402526855469 0.1611328125 0.58563232421875
0.0285816192626953 0.00019073486328125 0.0410003662109375 0.0756454467773438
0.0248355865478516 -0.0017242431640625 -0.03900146484375 -0.578857421875
0.00789642333984375 -0.0151491165161133 -0.66534423828125 -0.58966064453125
-0.016876220703125 -0.0128421783447266 -0.80450439453125 0.2449951171875
-0.014775276184082 -0.00256156921386719 -0.18426513671875 0.6722412109375
-0.00362277030944824 0.00074458122253418 0.232696533203125 0.426971435546875
0.00963973999023437 0.00315284729003906 0.3114013671875 -0.035430908203125
0.0229454040527344 -0.00758743286132813 0.1737060546875 -0.289886474609375
0.00844764709472656 -0.0262584686279297 -0.12298583984375 0.251296997070313
0.0212821960449219 -0.0243606567382813 -0.290496826171875 0.031280517578125
0.00380229949951172 -0.0011756420135498 -0.26470947265625 -0.381378173828125
0.00726032257080078 0.0100994110107422 0.145751953125 -0.61761474609375
-0.0159053802490234 0.0165071487426758 0.73284912109375 -0.21142578125
-0.0209503173828125 -0.0065155029296875 0.73876953125 0.50909423828125
0.0227508544921875 -0.0120563507080078 0.1507568359375 0.58612060546875
0.0265560150146484 0.00540924072265625 0.0413360595703125 0.0695571899414063
0.0258979797363281 0.00394439697265625 -0.0473022460937501 -0.58050537109375
0.0114040374755859 -0.0100564956665039 -0.6741943359375 -0.5792236328125
-0.0133981704711914 -0.0126180648803711 -0.79888916015625 0.259521484375
-0.0144968032836914 -0.00728034973144532 -0.17095947265625 0.67236328125
-0.00231313705444336 -0.00465250015258789 0.24188232421875 0.421356201171875
0.00953102111816406 0.000879287719726563 0.3118896484375 -0.0390625
0.0214557647705078 -0.00724411010742188 0.16790771484375 -0.29248046875
0.00442695617675781 -0.0285682678222656 -0.128799438476563 0.252227783203125
0.0218677520751953 -0.0253524780273438 -0.293426513671875 0.029541015625
0.00302743911743164 -0.00643825531005859 -0.2576904296875 -0.384918212890625
0.00785970687866211 0.00532054901123047 0.1595458984375 -0.6168212890625
-0.0138950347900391 0.0156278610229492 0.7379150390625 -0.19873046875
-0.0192203521728516 -0.00302886962890625 0.7271728515625 0.5244140625
0.0224647521972656 -0.00892257690429688 0.14056396484375 0.5823974609375
0.02520751953125 0.00811386108398437 0.04132080078125 0.0614128112792969
0.0250835418701172 0.0068206787109375 -0.0548706054687499 -0.58416748046875
0.0124082565307617 -0.00794696807861328 -0.68609619140625 -0.56622314453125
-0.0101785659790039 -0.0124931335449219 -0.79022216796875 0.27252197265625
-0.0142030715942383 -0.0106573104858398 -0.15753173828125 0.673095703125
-0.00310039520263672 -0.00921058654785156 0.249786376953125 0.415863037109375
0.00986862182617187 -0.000244140625 0.311798095703125 -0.041412353515625
0.0162897109985352 -0.00816440582275391 0.163665771484375 -0.293243408203125
-0.0018463134765625 -0.0319805145263672 -0.128753662109375 0.258255004882813
0.0187568664550781 -0.017578125 -0.306304931640625 0.041015625
0.0108480453491211 0.0163049697875977 -0.279449462890625 -0.364654541015625
0.0123519897460937 0.0208930969238281 0.12420654296875 -0.6220703125
-0.0300559997558594 0.00996017456054688 0.71942138671875 -0.2425537109375
-0.0461578369140625 -0.0265121459960938 0.7401123046875 0.47021484375
0.0108566284179688 -0.0424232482910156 0.158203125 0.567626953125
0.0348548889160156 -0.0297660827636719 0.0439262390136719 0.0675277709960938
0.0161228179931641 -0.0274772644042969 -0.0347900390625 -0.58404541015625
-0.0116653442382813 -0.0322341918945313 -0.661376953125 -0.5994873046875
-0.0303325653076172 -0.0172405242919922 -0.8033447265625 0.23291015625
-0.0116424560546875 0.00467395782470703 -0.1810302734375 0.66552734375
4.0054321289063E-05 0.0127582550048828 0.227142333984375 0.432891845703125
0.00842666625976563 0.0112323760986328 0.2967529296875 -0.028045654296875
0.0129728317260742 -0.0136194229125977 0.17083740234375 -0.286224365234375
0.002044677734375 -0.0293426513671875 -0.12225341796875 0.255844116210938
0.0198230743408203 -0.0183773040771484 -0.30059814453125 0.040008544921875
0.0111789703369141 0.0179214477539063 -0.28265380859375 -0.363372802734375
0.0115165710449219 0.0227165222167969 0.11846923828125 -0.6214599609375
-0.0302772521972656 0.0117168426513672 0.71630859375 -0.2470703125
-0.0455169677734375 -0.02490234375 0.7520751953125 0.4669189453125
0.0117759704589844 -0.0421180725097656 0.167236328125 0.5733642578125
0.0352897644042969 -0.0277481079101563 0.0436859130859375 0.0743026733398438
0.0174808502197266 -0.0261917114257813 -0.02972412109375 -0.58111572265625
-0.00905227661132812 -0.0323352813720703 -0.65411376953125 -0.60845947265625
-0.0302944183349609 -0.0160770416259766 -0.809814453125 0.224365234375
-0.012537956237793 0.00663089752197266 -0.1932373046875 0.66741943359375
-0.000331878662109375 0.015315055847168 0.22088623046875 0.43408203125
0.00814723968505859 0.0104265213012695 0.299285888671875 -0.0294189453125
0.0169515609741211 -0.0110597610473633 0.1712646484375 -0.2852783203125
0.00627708435058594 -0.0283069610595703 -0.119247436523438 0.25421142578125
0.0199508666992188 -0.0189247131347656 -0.296661376953125 0.0387268066406249
0.0106639862060547 0.0171165466308594 -0.282318115234375 -0.364044189453125
0.0108890533447266 0.0215969085693359 0.11358642578125 -0.61956787109375
-0.0282268524169922 0.0130138397216797 0.7122802734375 -0.24786376953125
-0.0413322448730469 -0.0229034423828125 0.75469970703125 0.4666748046875
0.0140609741210937 -0.0375556945800781 0.1689453125 0.57562255859375
0.0345916748046875 -0.0218868255615234 0.0424728393554687 0.0786209106445313
0.0201320648193359 -0.0213203430175781 -0.02508544921875 -0.5760498046875
-0.00571441650390625 -0.0293827056884766 -0.64874267578125 -0.6087646484375
-0.0289115905761719 -0.0154342651367188 -0.80877685546875 0.22235107421875
-0.0133857727050781 0.00649452209472656 -0.197509765625 0.66827392578125
-0.00166511535644531 0.0148334503173828 0.219818115234375 0.43475341796875
0.00896549224853516 0.00947761535644531 0.30322265625 -0.029571533203125
0.0203132629394531 -0.0102462768554688 0.175689697265625 -0.286285400390625
0.0084075927734375 -0.0270614624023437 -0.115890502929687 0.2523193359375
0.0196170806884766 -0.0210609436035156 -0.29229736328125 0.036285400390625
0.00941276550292969 0.0149497985839844 -0.281890869140625 -0.36590576171875
0.0100612640380859 0.0205974578857422 0.11474609375 -0.61761474609375
-0.0255413055419922 0.0147342681884766 0.71630859375 -0.24346923828125
-0.0359382629394531 -0.0196037292480469 0.75775146484375 0.470458984375
0.0159034729003906 -0.0313568115234375 0.1695556640625 0.57745361328125
0.0320663452148438 -0.0151290893554687 0.0425338745117187 0.0809860229492188
0.0217075347900391 -0.0158042907714844 -0.02764892578125 -0.573974609375
-0.00154876708984375 -0.0247802734375 -0.649658203125 -0.60626220703125
-0.0251331329345703 -0.0141773223876953 -0.8104248046875 0.224609375
-0.0152015686035156 0.00477409362792969 -0.197509765625 0.66790771484375
-0.00190830230712891 0.0116195678710938 0.221954345703125 0.432373046875
0.00894355773925781 0.00708484649658203 0.30609130859375 -0.03167724609375
0.0229282379150391 -0.00847434997558594 0.175445556640625 -0.286712646484375
0.0106239318847656 -0.0250492095947266 -0.116546630859375 0.25128173828125
0.0200996398925781 -0.0220966339111328 -0.28961181640625 0.0345153808593749
0.00772190093994141 0.0097503662109375 -0.275787353515625 -0.3681640625
0.0090789794921875 0.0181236267089844 0.12225341796875 -0.6156005859375
-0.0227317810058594 0.0159435272216797 0.71685791015625 -0.233154296875
-0.0306034088134766 -0.0152854919433594 0.7513427734375 0.4815673828125
0.0191879272460938 -0.0246524810791016 0.16522216796875 0.58099365234375
0.0303459167480469 -0.00720405578613281 0.041107177734375 0.0792388916015625
0.0234203338623047 -0.00928115844726563 -0.02972412109375 -0.5728759765625
0.00381660461425781 -0.0204448699951172 -0.65277099609375 -0.59844970703125
-0.0212574005126953 -0.0132846832275391 -0.8062744140625 0.23223876953125
-0.0146961212158203 0.00174427032470703 -0.1915283203125 0.66717529296875
-0.00268316268920898 0.00728273391723633 0.226959228515625 0.429351806640625
0.00941658020019531 0.00475502014160156 0.307769775390625 -0.033355712890625
0.0233573913574219 -0.00764083862304688 0.175750732421875 -0.287200927734375
0.009918212890625 -0.0257701873779297 -0.117630004882812 0.249710083007813
0.0204429626464844 -0.0237503051757812 -0.28851318359375 0.032867431640625
0.00581598281860352 0.00440788269042969 -0.269927978515625 -0.37353515625
0.00734710693359375 0.0134782791137695 0.13055419921875 -0.61541748046875
-0.0194282531738281 0.0165576934814453 0.7242431640625 -0.2235107421875
-0.0247783660888672 -0.00987625122070313 0.746337890625 0.4925537109375
0.0203208923339844 -0.0176715850830078 0.160888671875 0.582763671875
0.0279426574707031 0.000276565551757813 0.0417022705078125 0.0761566162109375
0.0242843627929688 -0.00246620178222656 -0.03778076171875 -0.5732421875
0.00853157043457031 -0.0155000686645508 -0.6622314453125 -0.5870361328125
-0.0172834396362305 -0.0121250152587891 -0.80035400390625 0.24530029296875
-0.0151968002319336 -0.00290012359619141 -0.1832275390625 0.66900634765625
-0.00237441062927246 0.0014495849609375 0.2322998046875 0.42388916015625
0.0102243423461914 0.00249290466308594 0.30987548828125 -0.03680419921875
0.0225048065185547 -0.00683784484863281 0.171966552734375 -0.28936767578125
0.00678634643554688 -0.0261650085449219 -0.1217041015625 0.249893188476562
0.0204563140869141 -0.0257549285888672 -0.2884521484375 0.03118896484375
0.00419807434082031 -0.000858306884765625 -0.263427734375 -0.3780517578125
0.00786876678466797 0.0101127624511719 0.14398193359375 -0.61529541015625
-0.0165901184082031 0.0168018341064453 0.72760009765625 -0.21221923828125
-0.0205936431884766 -0.00626182556152343 0.73486328125 0.5062255859375
0.02239990234375 -0.0122737884521484 0.1500244140625 0.58148193359375
0.0262298583984375 0.00529098510742187 0.0415840148925781 0.0697860717773438
0.025390625 0.00286674499511719 -0.04559326171875 -0.57745361328125
0.0114631652832031 -0.00983715057373047 -0.67156982421875 -0.5760498046875
-0.0136947631835937 -0.0122480392456055 -0.79443359375 0.2587890625
-0.01483154296875 -0.00716590881347657 -0.16864013671875 0.67193603515625
-0.00252223014831543 -0.00386452674865723 0.241729736328125 0.42047119140625
0.0108680725097656 0.00128841400146484 0.310272216796875 -0.0391845703125
0.0199832916259766 -0.00752449035644531 0.167236328125 -0.291015625
0.003997802734375 -0.0287952423095703 -0.128189086914062 0.251449584960938
0.0217189788818359 -0.0257854461669922 -0.2911376953125 0.0309143066406251
0.00363063812255859 -0.00609016418457031 -0.257232666015625 -0.381988525390625
0.00847673416137695 0.00598573684692383 0.15753173828125 -0.61370849609375
-0.0142536163330078 0.0162296295166016 0.7342529296875 -0.19757080078125
-0.0180606842041016 -0.00387001037597656 0.7230224609375 0.51910400390625
0.0225639343261719 -0.00864791870117188 0.13916015625 0.57952880859375
0.0253448486328125 0.00826835632324219 0.0416221618652344 0.0623359680175781
0.0253868103027344 0.00658988952636719 -0.0560302734375 -0.58001708984375
0.0130720138549805 -0.00785541534423828 -0.6849365234375 -0.56414794921875
-0.0114955902099609 -0.0116252899169922 -0.78814697265625 0.27239990234375
-0.0144977569580078 -0.0103540420532227 -0.15631103515625 0.66864013671875
-0.00296211242675781 -0.00908660888671875 0.24786376953125 0.413665771484375
0.0105085372924805 0.000171661376953125 0.30938720703125 -0.041229248046875
0.0161304473876953 -0.00788402557373047 0.16278076171875 -0.29229736328125
-0.00253486633300781 -0.0312767028808594 -0.128005981445313 0.25732421875
0.0192279815673828 -0.0181369781494141 -0.30474853515625 0.041656494140625
0.0113792419433594 0.0172519683837891 -0.280242919921875 -0.362640380859375
0.0122413635253906 0.0209789276123047 0.1220703125 -0.62060546875
-0.0305519104003906 0.00977706909179687 0.71575927734375 -0.24224853515625
-0.0460281372070312 -0.02606201171875 0.73809814453125 0.4671630859375
0.0105628967285156 -0.0424652099609375 0.1549072265625 0.5653076171875
0.0343837738037109 -0.0294265747070312 0.0441055297851562 0.06890869140625
0.0160923004150391 -0.0273208618164062 -0.03314208984375 -0.57989501953125
-0.0109100341796875 -0.0328712463378906 -0.65838623046875 -0.5989990234375
-0.0307979583740234 -0.0168743133544922 -0.80126953125 0.23291015625
-0.0111160278320313 0.00508975982666016 -0.18182373046875 0.66253662109375
0.000229835510253907 0.0133285522460938 0.226837158203125 0.431304931640625
0.00838375091552734 0.0108222961425781 0.296295166015625 -0.02862548828125
0.013035774230957 -0.0131387710571289 0.16888427734375 -0.285736083984375
0.00177574157714844 -0.0288639068603516 -0.121261596679687 0.254425048828125
0.0187625885009766 -0.0193500518798828 -0.299530029296875 0.0415954589843749
0.0123367309570313 0.0186195373535156 -0.283172607421875 -0.361083984375
0.0115871429443359 0.021636962890625 0.11798095703125 -0.61932373046875
-0.0303421020507813 0.0115776062011719 0.712890625 -0.24627685546875
-0.0450019836425781 -0.0247917175292969 0.7486572265625 0.46331787109375
0.0119781494140625 -0.0416107177734375 0.164794921875 0.5704345703125
0.0345935821533203 -0.02691650390625 0.044189453125 0.0745620727539063
0.0176277160644531 -0.0262031555175781 -0.02874755859375 -0.57757568359375
-0.0084075927734375 -0.0321826934814453 -0.65191650390625 -0.605712890625
-0.0304508209228516 -0.0158672332763672 -0.80517578125 0.223388671875
-0.0132675170898438 0.00615596771240234 -0.19207763671875 0.66510009765625
-0.000695228576660157 0.0155906677246094 0.221466064453125 0.4329833984375
0.00860786437988281 0.0100975036621094 0.297149658203125 -0.029052734375
0.0164051055908203 -0.0108795166015625 0.170806884765625 -0.28472900390625
0.00501823425292969 -0.0290584564208984 -0.117431640625 0.25390625
0.0200958251953125 -0.0192356109619141 -0.2950439453125 0.03973388671875
0.0100212097167969 0.0164709091186523 -0.282440185546875 -0.361907958984375
0.0114784240722656 0.0218696594238281 0.1134033203125 -0.6165771484375
-0.0284824371337891 0.0130767822265625 0.7091064453125 -0.24737548828125
-0.0411338806152344 -0.0230369567871094 0.7520751953125 0.4644775390625
0.0142707824707031 -0.0369606018066406 0.167724609375 0.5732421875
0.0338764190673828 -0.0217533111572266 0.0433502197265625 0.0792617797851562
0.0196018218994141 -0.0218105316162109 -0.02386474609375 -0.573486328125
-0.00524330139160156 -0.0298080444335938 -0.645263671875 -0.6068115234375
-0.0289840698242188 -0.0154819488525391 -0.8070068359375 0.2198486328125
-0.0137710571289062 0.00676155090332031 -0.1959228515625 0.66522216796875
-0.00126075744628906 0.0151758193969727 0.219146728515625 0.4342041015625
0.00915908813476563 0.00855445861816406 0.3013916015625 -0.029449462890625
0.0204849243164063 -0.0102176666259766 0.175201416015625 -0.286102294921875
0.00906181335449219 -0.0271263122558594 -0.114959716796875 0.251510620117187
0.0196037292480469 -0.0211105346679688 -0.29083251953125 0.0374450683593749
0.0101156234741211 0.0146684646606445 -0.281097412109375 -0.363861083984375
0.0100841522216797 0.0202713012695313 0.11419677734375 -0.61529541015625
-0.0260372161865234 0.0149822235107422 0.71240234375 -0.2435302734375
-0.0359077453613281 -0.0195159912109375 0.754150390625 0.4674072265625
0.0162429809570312 -0.0313262939453125 0.1678466796875 0.5755615234375
0.0315570831298828 -0.0147609710693359 0.0423202514648437 0.0816802978515625
0.0221824645996094 -0.0154209136962891 -0.0257568359375 -0.56927490234375
-0.000667572021484375 -0.0256385803222656 -0.646484375 -0.6036376953125
-0.0254096984863281 -0.0137901306152344 -0.806396484375 0.2244873046875
-0.0147628784179688 0.00477123260498047 -0.1956787109375 0.66522216796875
-0.00139617919921875 0.0114736557006836 0.221893310546875 0.433685302734375
0.00947284698486328 0.00703716278076172 0.304412841796875 -0.031158447265625
0.0223464965820313 -0.00919914245605469 0.17474365234375 -0.2845458984375
0.00907707214355469 -0.0255680084228516 -0.115127563476562 0.25006103515625
0.0199565887451172 -0.0231781005859375 -0.2879638671875 0.0362243652343751
0.00779247283935547 0.0100173950195313 -0.27557373046875 -0.367279052734375
0.00826263427734375 0.0184097290039063 0.12164306640625 -0.6134033203125
-0.0224742889404297 0.0150489807128906 0.71380615234375 -0.2327880859375
-0.0300521850585938 -0.0149402618408203 0.74761962890625 0.47833251953125
0.0190982818603516 -0.0246295928955078 0.16259765625 0.57769775390625
0.0302829742431641 -0.00702857971191406 0.0414657592773438 0.0802078247070313
0.0228595733642578 -0.00851249694824219 -0.0291748046875 -0.5693359375
0.00411415100097656 -0.0202140808105469 -0.64874267578125 -0.5965576171875
-0.0222854614257813 -0.0130577087402344 -0.8040771484375 0.22894287109375
-0.0150737762451172 0.000924110412597658 -0.1910400390625 0.66607666015625
-0.00248432159423828 0.0072789192199707 0.226043701171875 0.42706298828125
0.00910663604736328 0.00442218780517578 0.30706787109375 -0.033538818359375
0.0242633819580078 -0.00774574279785156 0.174072265625 -0.286865234375
0.00868606567382812 -0.0262107849121094 -0.117813110351562 0.249298095703125
0.0198936462402344 -0.0242023468017578 -0.287353515625 0.03363037109375
0.0056910514831543 0.00489664077758789 -0.269866943359375 -0.371856689453125
0.00869941711425781 0.0137615203857422 0.12945556640625 -0.61358642578125
-0.0194625854492188 0.0170345306396484 0.72100830078125 -0.22528076171875
-0.0245246887207031 -0.0103836059570312 0.74359130859375 0.48919677734375
0.0206470489501953 -0.0171737670898438 0.15911865234375 0.58001708984375
0.0280990600585938 0.00023651123046875 0.0414886474609375 0.07659912109375
0.0243816375732422 -0.00265121459960938 -0.03656005859375 -0.571044921875
0.00854969024658203 -0.0150318145751953 -0.65850830078125 -0.58526611328125
-0.0175628662109375 -0.0119142532348633 -0.79791259765625 0.24261474609375
-0.015406608581543 -0.0028066635131836 -0.180908203125 0.66827392578125
-0.00192904472351074 0.00115716457366943 0.233367919921875 0.424591064453125
0.0104694366455078 0.00257396697998047 0.30889892578125 -0.037078857421875
0.0225429534912109 -0.00771141052246094 0.171630859375 -0.287628173828125
0.00689888000488282 -0.0264148712158203 -0.1212158203125 0.249374389648437
0.0204219818115234 -0.0257701873779297 -0.2867431640625 0.032928466796875
0.00466680526733398 -0.000780105590820313 -0.263427734375 -0.3758544921875
0.00833702087402344 0.0088653564453125 0.1439208984375 -0.6141357421875
-0.0162382125854492 0.0162124633789063 0.7259521484375 -0.21051025390625
-0.0213146209716797 -0.00517654418945312 0.73187255859375 0.5052490234375
0.0219268798828125 -0.0121726989746094 0.147705078125 0.5789794921875
0.0257511138916016 0.00556564331054688 0.0414962768554688 0.0704498291015625
0.0253582000732422 0.00360679626464844 -0.044677734375 -0.572998046875
0.0122900009155273 -0.0105962753295898 -0.66705322265625 -0.57366943359375
-0.0142898559570313 -0.0114564895629883 -0.7913818359375 0.25732421875
-0.0144224166870117 -0.00649166107177734 -0.16741943359375 0.66796875
-0.00267362594604492 -0.00438857078552246 0.24072265625 0.418060302734375
0.00996971130371094 0.000285148620605469 0.30859375 -0.039337158203125
0.0199928283691406 -0.00709152221679687 0.165863037109375 -0.290313720703125
0.00380706787109375 -0.0288677215576172 -0.1273193359375 0.24945068359375
0.0211009979248047 -0.0260810852050781 -0.289825439453125 0.031951904296875
0.00370359420776367 -0.00605392456054688 -0.257171630859375 -0.3809814453125
0.00914859771728516 0.005279541015625 0.15496826171875 -0.61236572265625
-0.0145406723022461 0.0165157318115234 0.7298583984375 -0.1966552734375
-0.0181999206542969 -0.00249671936035156 0.72088623046875 0.51708984375
0.0220260620117188 -0.00882148742675781 0.1363525390625 0.57659912109375
0.0242424011230469 0.00788688659667969 0.041748046875 0.0627517700195313
0.02490234375 0.00634384155273438 -0.05487060546875 -0.57659912109375
0.013310432434082 -0.00731086730957031 -0.6793212890625 -0.5611572265625
-0.0112628936767578 -0.0119571685791016 -0.7830810546875 0.2724609375
-0.0144987106323242 -0.0109720230102539 -0.155517578125 0.66943359375
-0.002349853515625 -0.0087738037109375 0.248748779296875 0.413116455078125
0.00971794128417969 -0.000436782836914063 0.307403564453125 -0.04144287109375
0.0164785385131836 -0.00784873962402344 0.1619873046875 -0.2908935546875
-0.0032806396484375 -0.0310268402099609 -0.127578735351562 0.257553100585938
0.0183143615722656 -0.0181484222412109 -0.30340576171875 0.04345703125
0.0118217468261719 0.01605224609375 -0.280426025390625 -0.362640380859375
0.0127658843994141 0.0204887390136719 0.12091064453125 -0.61895751953125
-0.0300731658935547 0.0106697082519531 0.71392822265625 -0.24224853515625
-0.0457572937011719 -0.0257949829101562 0.73541259765625 0.4644775390625
0.0103034973144531 -0.0433998107910156 0.15447998046875 0.56329345703125
0.0337123870849609 -0.0297775268554687 0.0449447631835938 0.0690269470214844
0.0165023803710937 -0.0284042358398437 -0.0308227539062501 -0.57806396484375
-0.0108566284179688 -0.0325546264648438 -0.65411376953125 -0.59637451171875
-0.0295581817626953 -0.0167961120605469 -0.79913330078125 0.23052978515625
-0.0117282867431641 0.00504016876220703 -0.18060302734375 0.66241455078125
-0.000100135803222658 0.0142126083374023 0.226287841796875 0.431671142578125
0.00911617279052734 0.00992870330810547 0.294677734375 -0.02752685546875
0.011927604675293 -0.0131311416625977 0.16925048828125 -0.284027099609375
0.00165748596191407 -0.0291347503662109 -0.120254516601562 0.253799438476563
0.0188407897949219 -0.0195941925048828 -0.29779052734375 0.0424194335937501
0.0125141143798828 0.0178985595703125 -0.280303955078125 -0.360687255859375
0.0125141143798828 0.0220413208007813 0.115966796875 -0.6180419921875
-0.0308723449707031 0.0122089385986328 0.71075439453125 -0.24603271484375
-0.0439033508300781 -0.0249214172363281 0.74639892578125 0.4608154296875
0.0118255615234375 -0.0419578552246094 0.1632080078125 0.568603515625
0.035369873046875 -0.0266036987304687 0.0441741943359375 0.0758743286132813
0.0175266265869141 -0.0264358520507812 -0.02587890625 -0.57525634765625
-0.008270263671875 -0.0313034057617188 -0.64923095703125 -0.60455322265625
-0.0312213897705078 -0.0158634185791016 -0.802978515625 0.22247314453125
-0.0135374069213867 0.00760364532470703 -0.19195556640625 0.66387939453125
-5.14984130859358E-05 0.0155858993530273 0.22003173828125 0.432830810546875
0.00911426544189453 0.010584831237793 0.297149658203125 -0.02838134765625
0.016179084777832 -0.0112094879150391 0.169647216796875 -0.28466796875
0.00506401062011719 -0.0277595520019531 -0.117156982421875 0.25311279296875
0.0195789337158203 -0.01971435546875 -0.2939453125 0.0408020019531249
0.0119171142578125 0.0172758102416992 -0.281097412109375 -0.36041259765625
0.0109157562255859 0.021240234375 0.11212158203125 -0.6151123046875
-0.02886962890625 0.0124568939208984 0.707275390625 -0.246826171875
-0.0399589538574219 -0.0233154296875 0.74884033203125 0.4600830078125
0.0138893127441406 -0.0374031066894531 0.166259765625 0.57177734375
0.0335578918457031 -0.021514892578125 0.0428237915039062 0.0801467895507813
0.0193099975585938 -0.0217704772949219 -0.0224609375 -0.5693359375
-0.00481605529785156 -0.0293903350830078 -0.64129638671875 -0.60443115234375
-0.029022216796875 -0.0149345397949219 -0.80487060546875 0.21990966796875
-0.0147933959960938 0.00719165802001953 -0.19573974609375 0.6661376953125
-0.00158977508544922 0.0145397186279297 0.2200927734375 0.43328857421875
0.00903701782226563 0.00850105285644531 0.300018310546875 -0.029998779296875
0.0190505981445312 -0.0103816986083984 0.1739501953125 -0.284820556640625
0.00809860229492187 -0.0266323089599609 -0.115249633789062 0.25079345703125
0.0192184448242188 -0.0215473175048828 -0.2899169921875 0.037933349609375
0.00971221923828125 0.014678955078125 -0.281402587890625 -0.362884521484375
0.00982284545898438 0.0194625854492187 0.11297607421875 -0.6146240234375
-0.0270328521728516 0.0146064758300781 0.70977783203125 -0.24285888671875
-0.0355644226074219 -0.0188674926757812 0.752197265625 0.4637451171875
0.0159740447998047 -0.0321865081787109 0.1658935546875 0.5732421875
0.0321292877197266 -0.0150127410888672 0.0421829223632813 0.0820693969726563
0.0212955474853516 -0.0160655975341797 -0.02362060546875 -0.5675048828125
-6.48498535156232E-05 -0.0252513885498047 -0.64447021484375 -0.60113525390625
-0.0254306793212891 -0.0129318237304687 -0.80462646484375 0.22314453125
-0.0152988433837891 0.00428009033203125 -0.1944580078125 0.66583251953125
-0.0019378662109375 0.0120525360107422 0.221160888671875 0.4317626953125
0.009674072265625 0.00683307647705078 0.303558349609375 -0.031463623046875
0.0226154327392578 -0.00898361206054688 0.173797607421875 -0.285186767578125
0.00882911682128906 -0.0254268646240234 -0.115036010742187 0.249191284179688
0.0187969207763672 -0.0236930847167969 -0.287200927734375 0.0362548828125
0.00853443145751953 0.0103292465209961 -0.275848388671875 -0.36602783203125
0.00949382781982422 0.0162200927734375 0.12066650390625 -0.613525390625
-0.0223274230957031 0.0150184631347656 0.7115478515625 -0.23297119140625
-0.0293769836425781 -0.0142860412597656 0.7445068359375 0.4761962890625
0.0181350708007812 -0.024505615234375 0.16143798828125 0.57696533203125
0.0291900634765625 -0.00673103332519531 0.0418624877929688 0.0809707641601563
0.0239887237548828 -0.0081787109375 -0.025146484375 -0.5684814453125
0.00524711608886719 -0.0192985534667969 -0.64544677734375 -0.59466552734375
-0.021240234375 -0.0131816864013672 -0.80035400390625 0.23028564453125
-0.0152063369750977 0.00178718566894531 -0.1893310546875 0.66357421875
-0.0010838508605957 0.0077061653137207 0.225738525390625 0.42877197265625
0.0101814270019531 0.00472640991210938 0.306304931640625 -0.03363037109375
0.0225162506103516 -0.00790596008300781 0.17303466796875 -0.2860107421875
0.00751304626464844 -0.0253162384033203 -0.116378784179688 0.24853515625
0.0192108154296875 -0.0238838195800781 -0.285797119140625 0.0351867675781251
0.0066676139831543 0.00376319885253906 -0.26971435546875 -0.37030029296875
0.00935268402099609 0.0125389099121094 0.13067626953125 -0.6129150390625
-0.0195217132568359 0.0166606903076172 0.71722412109375 -0.2237548828125
-0.0242042541503906 -0.0100173950195312 0.74127197265625 0.4874267578125
0.0199184417724609 -0.0174579620361328 0.15631103515625 0.578369140625
0.0274505615234375 0.000337600708007813 0.0415267944335938 0.0780029296875
0.0242824554443359 -0.00193023681640625 -0.0338134765625 -0.56719970703125
0.00908565521240235 -0.0140151977539063 -0.6563720703125 -0.58331298828125
-0.0173912048339844 -0.0113754272460938 -0.79486083984375 0.2412109375
-0.015233039855957 -0.00199699401855469 -0.18194580078125 0.6673583984375
-0.00205898284912109 0.00144004821777344 0.23150634765625 0.4246826171875
0.00969314575195313 0.00209999084472656 0.308013916015625 -0.036407470703125
0.0222320556640625 -0.00752830505371094 0.16998291015625 -0.287506103515625
0.005889892578125 -0.0264205932617188 -0.120407104492188 0.248672485351562
0.020416259765625 -0.0259208679199219 -0.2867431640625 0.033538818359375
0.00467205047607422 -0.00129461288452148 -0.262969970703125 -0.375152587890625
0.00850105285644531 0.00901317596435547 0.141357421875 -0.61297607421875
-0.0167655944824219 0.0160579681396484 0.72265625 -0.21014404296875
-0.0196666717529297 -0.00600051879882812 0.7298583984375 0.5013427734375
0.0223007202148438 -0.0124721527099609 0.146240234375 0.57684326171875
0.0249519348144531 0.00564002990722656 0.040740966796875 0.0711135864257813
0.0249366760253906 0.00362205505371094 -0.0435791015625 -0.57269287109375
0.0129280090332031 -0.0107803344726562 -0.66473388671875 -0.5711669921875
-0.013157844543457 -0.0107049942016602 -0.78997802734375 0.25762939453125
-0.0155210494995117 -0.0070648193359375 -0.166748046875 0.66680908203125
-0.00226378440856934 -0.00362110137939453 0.240081787109375 0.418243408203125
0.00975608825683594 0.000766754150390625 0.30712890625 -0.038543701171875
0.0199356079101563 -0.00757408142089844 0.16583251953125 -0.289520263671875
0.00226020812988281 -0.0281543731689453 -0.126022338867187 0.249053955078125
0.0204353332519531 -0.0269565582275391 -0.287353515625 0.032562255859375
0.00399351119995117 -0.00655698776245117 -0.256195068359375 -0.3800048828125
0.00913524627685547 0.00578022003173828 0.154541015625 -0.611572265625
-0.0146751403808594 0.0165958404541016 0.72906494140625 -0.19757080078125
-0.0174903869628906 -0.00294113159179688 0.71868896484375 0.51617431640625
0.0226325988769531 -0.00893783569335938 0.13507080078125 0.5745849609375
0.0232868194580078 0.00856399536132813 0.0420989990234375 0.0627517700195313
0.0244483947753906 0.00716590881347656 -0.0512084960937499 -0.573486328125
0.0135030746459961 -0.00768280029296875 -0.67828369140625 -0.55853271484375
-0.0114564895629883 -0.0110263824462891 -0.782470703125 0.27032470703125
-0.0151643753051758 -0.0106487274169922 -0.15380859375 0.66668701171875
-0.00274896621704101 -0.00835132598876953 0.24761962890625 0.412567138671875
0.0100221633911133 -0.000295639038085938 0.30718994140625 -0.041229248046875
0.0159692764282227 -0.0075836181640625 0.162017822265625 -0.291259765625
-0.00368690490722656 -0.0318279266357422 -0.126907348632813 0.256439208984375
0.0180225372314453 -0.0188865661621094 -0.30322265625 0.043975830078125
0.0124359130859375 0.0164003372192383 -0.278656005859375 -0.361114501953125
0.0131855010986328 0.0198955535888672 0.1217041015625 -0.6181640625
-0.0311241149902344 0.00957489013671874 0.71368408203125 -0.23876953125
-0.0455741882324219 -0.0261764526367188 0.73345947265625 0.46380615234375
0.0102348327636719 -0.0431098937988281 0.150634765625 0.5623779296875
0.0336971282958984 -0.02899169921875 0.0450477600097656 0.0698280334472656
0.0162181854248047 -0.0272750854492187 -0.0294189453125 -0.57672119140625
-0.00937843322753906 -0.031768798828125 -0.6534423828125 -0.596435546875
-0.0302028656005859 -0.0166301727294922 -0.79742431640625 0.2298583984375
-0.0118875503540039 0.005279541015625 -0.179931640625 0.662109375
0.000266075134277345 0.0137977600097656 0.22601318359375 0.430633544921875
0.00966167449951172 0.00986766815185547 0.29388427734375 -0.02862548828125
0.011967658996582 -0.0136966705322266 0.168609619140625 -0.284912109375
0.00033760070800781 -0.0285911560058594 -0.11968994140625 0.254013061523438
0.0188732147216797 -0.0194015502929688 -0.29681396484375 0.0427551269531249
0.0117454528808594 0.0181007385253906 -0.281097412109375 -0.3587646484375
0.0123214721679688 0.0207309722900391 0.1148681640625 -0.6175537109375
-0.031219482421875 0.0116481781005859 0.71002197265625 -0.24505615234375
-0.0444831848144531 -0.0253562927246094 0.74371337890625 0.45977783203125
0.0115890502929688 -0.0418128967285156 0.1602783203125 0.56817626953125
0.0332317352294922 -0.0260848999023437 0.0442428588867188 0.0764846801757813
0.0176372528076172 -0.0261573791503906 -0.02606201171875 -0.5731201171875
-0.00824356079101563 -0.0314426422119141 -0.6466064453125 -0.60443115234375
-0.0310173034667969 -0.0150356292724609 -0.80267333984375 0.22125244140625
-0.0137672424316406 0.00620651245117188 -0.190185546875 0.66400146484375
3.91006469726555E-05 0.0162668228149414 0.220947265625 0.4339599609375
0.00925254821777344 0.00941848754882813 0.2965087890625 -0.029296875
0.0161170959472656 -0.0110893249511719 0.1697998046875 -0.283660888671875
0.0039520263671875 -0.0283851623535156 -0.116958618164062 0.25274658203125
0.0195808410644531 -0.0205135345458984 -0.2926025390625 0.0415039062500001
0.0121278762817383 0.0169239044189453 -0.280975341796875 -0.360321044921875
0.0118350982666016 0.0210285186767578 0.1114501953125 -0.61407470703125
-0.0292320251464844 0.0133171081542969 0.70751953125 -0.2445068359375
-0.0410728454589844 -0.0231475830078125 0.7459716796875 0.45977783203125
0.013214111328125 -0.0372734069824219 0.16375732421875 0.571044921875
0.0338306427001953 -0.0211334228515625 0.0430450439453125 0.0803298950195313
0.0200653076171875 -0.0218143463134766 -0.0185546875 -0.56878662109375
-0.00393486022949219 -0.0289802551269531 -0.64007568359375 -0.6046142578125
-0.0291576385498047 -0.0141448974609375 -0.80389404296875 0.218017578125
-0.0146570205688477 0.00709819793701172 -0.19586181640625 0.66461181640625
-0.000763893127441407 0.0150289535522461 0.2197265625 0.433807373046875
0.00923633575439453 0.00914955139160156 0.300445556640625 -0.030242919921875
0.0199756622314453 -0.00996971130371094 0.173858642578125 -0.284912109375
0.00712776184082031 -0.0270538330078125 -0.114898681640625 0.250564575195312
0.0191307067871094 -0.0218067169189453 -0.28802490234375 0.0395507812499999
0.0110292434692383 0.0145025253295898 -0.2803955078125 -0.363037109375
0.0104827880859375 0.0192394256591797 0.11297607421875 -0.61444091796875
-0.0269069671630859 0.0148448944091797 0.70953369140625 -0.2425537109375
-0.0353355407714844 -0.01910400390625 0.74932861328125 0.4635009765625
0.0161495208740234 -0.0319061279296875 0.1658935546875 0.5723876953125
0.0314216613769531 -0.0140304565429687 0.0419235229492188 0.0832366943359375
0.0217380523681641 -0.0157260894775391 -0.021728515625 -0.56500244140625
0.000518798828125 -0.0251846313476562 -0.641845703125 -0.601806640625
-0.0260143280029297 -0.0127811431884766 -0.80377197265625 0.221435546875
-0.015350341796875 0.00491714477539063 -0.19549560546875 0.66412353515625
-0.00115489959716797 0.0120954513549805 0.221221923828125 0.431121826171875
0.010350227355957 0.00633907318115234 0.302734375 -0.031829833984375
0.0229511260986328 -0.00847434997558594 0.17401123046875 -0.28436279296875
0.00757789611816406 -0.0263652801513672 -0.114166259765625 0.248626708984375
0.0188331604003906 -0.0241641998291016 -0.28607177734375 0.03631591796875
0.00908756256103516 0.0103321075439453 -0.274444580078125 -0.36553955078125
0.00978946685791016 0.0164451599121094 0.12103271484375 -0.61199951171875
-0.0235595703125 0.0154571533203125 0.7108154296875 -0.231689453125
-0.0295677185058594 -0.0148468017578125 0.742919921875 0.47357177734375
0.0172977447509766 -0.0242519378662109 0.16015625 0.5743408203125
0.0290279388427734 -0.0060882568359375 0.0415115356445312 0.0813140869140625
0.0230064392089844 -0.00840377807617187 -0.0236816406250001 -0.566162109375
0.00534820556640625 -0.0204887390136719 -0.6431884765625 -0.59637451171875
-0.0218143463134766 -0.0121803283691406 -0.80181884765625 0.22955322265625
-0.0162372589111328 0.00268077850341797 -0.190673828125 0.6661376953125
-0.000838279724121093 0.00734043121337891 0.2255859375 0.4271240234375
0.0109682083129883 0.00481510162353516 0.304931640625 -0.03375244140625
0.0232181549072266 -0.0081024169921875 0.173370361328125 -0.286224365234375
0.00763130187988282 -0.0259056091308594 -0.116943359375 0.248886108398437
0.0193138122558594 -0.0246849060058594 -0.283538818359375 0.0355224609375
0.00686788558959961 0.0045771598815918 -0.269012451171875 -0.370086669921875
0.00849819183349609 0.0126504898071289 0.12896728515625 -0.61297607421875
-0.0200023651123047 0.0163516998291016 0.718017578125 -0.22296142578125
-0.0245723724365234 -0.0100879669189453 0.738037109375 0.48663330078125
0.0197277069091797 -0.0184955596923828 0.15423583984375 0.57794189453125
0.0266571044921875 0.000448226928710938 0.0418319702148438 0.077972412109375
0.0243797302246094 -0.00185394287109375 -0.033203125 -0.5665283203125
0.0092611312866211 -0.01434326171875 -0.65386962890625 -0.58306884765625
-0.0176105499267578 -0.0115222930908203 -0.7960205078125 0.2415771484375
-0.0155916213989258 -0.00248908996582031 -0.179931640625 0.66815185546875
-0.0016707181930542 0.00209486484527588 0.23248291015625 0.42352294921875
0.0109386444091797 0.00212669372558594 0.306549072265625 -0.037078857421875
0.0223369598388672 -0.00818824768066406 0.169708251953125 -0.287872314453125
0.00439453125 -0.026519775390625 -0.120223999023437 0.248275756835938
0.0197944641113281 -0.0263442993164063 -0.28485107421875 0.0343017578125
0.0050654411315918 -0.000878334045410156 -0.262054443359375 -0.374755859375
0.00922107696533203 0.00908374786376953 0.14208984375 -0.6123046875
-0.0175333023071289 0.0165233612060547 0.72259521484375 -0.20947265625
-0.0198307037353516 -0.00634002685546875 0.72747802734375 0.49993896484375
0.0208930969238281 -0.0133304595947266 0.1441650390625 0.5762939453125
0.0250644683837891 0.006011962890625 0.0415496826171875 0.0719451904296875
0.0250682830810547 0.0042724609375 -0.041259765625 -0.57012939453125
0.0129251480102539 -0.0102128982543945 -0.662109375 -0.572021484375
-0.0139312744140625 -0.0112943649291992 -0.7908935546875 0.25555419921875
-0.0161237716674805 -0.00716972351074219 -0.16815185546875 0.667724609375
-0.00153255462646484 -0.0036017894744873 0.24053955078125 0.419036865234375
0.0112695693969727 0.000263214111328125 0.30670166015625 -0.039154052734375
0.0196247100830078 -0.00746917724609375 0.165924072265625 -0.289459228515625
0.00211334228515625 -0.0277061462402344 -0.1258544921875 0.2493896484375
0.0201530456542969 -0.0258998870849609 -0.2874755859375 0.03338623046875
0.00432825088500977 -0.00621366500854492 -0.255889892578125 -0.379547119140625
0.00888442993164063 0.00541400909423828 0.155029296875 -0.61151123046875
-0.0155563354492188 0.0157613754272461 0.72796630859375 -0.1978759765625
-0.0180931091308594 -0.00319671630859375 0.7177734375 0.51361083984375
0.0206069946289062 -0.00888824462890625 0.1343994140625 0.57330322265625
0.0236167907714844 0.00864410400390625 0.042144775390625 0.0638999938964844
0.0246677398681641 0.00662612915039063 -0.0499267578125 -0.57147216796875
0.014552116394043 -0.00795459747314453 -0.67547607421875 -0.5611572265625
-0.0111770629882812 -0.0104713439941406 -0.7811279296875 0.2698974609375
-0.0159244537353516 -0.0108184814453125 -0.155517578125 0.66796875
-0.00271701812744141 -0.00957679748535156 0.248687744140625 0.413360595703125
0.0111379623413086 -0.000319480895996094 0.30572509765625 -0.040863037109375
0.0149774551391602 -0.00776195526123047 0.160980224609375 -0.2908935546875
-0.00457763671875 -0.0312709808349609 -0.12664794921875 0.256546020507813
0.0179195404052734 -0.0188140869140625 -0.3016357421875 0.04400634765625
0.0120649337768555 0.0166521072387695 -0.279510498046875 -0.361663818359375
0.0135059356689453 0.0197963714599609 0.1202392578125 -0.61846923828125
-0.0314579010009766 0.0101509094238281 0.71160888671875 -0.2392578125
-0.0455513000488281 -0.0259780883789063 0.7327880859375 0.46429443359375
0.01068115234375 -0.0434188842773438 0.15093994140625 0.56097412109375
0.0332202911376953 -0.0284194946289063 0.04449462890625 0.0706253051757812
0.0160636901855469 -0.02783203125 -0.0283203125 -0.57452392578125
-0.0100936889648438 -0.0323562622070313 -0.64984130859375 -0.59686279296875
-0.0308303833007813 -0.0152492523193359 -0.7979736328125 0.2294921875
-0.0124673843383789 0.00584602355957031 -0.18035888671875 0.6641845703125
0.0015859603881836 0.0139636993408203 0.22711181640625 0.431884765625
0.00940608978271484 0.0102138519287109 0.294158935546875 -0.0272216796875
0.0125026702880859 -0.0135068893432617 0.16845703125 -0.285308837890625
-5.72204589843729E-05 -0.0291862487792969 -0.118804931640625 0.25421142578125
0.0184116363525391 -0.019866943359375 -0.29693603515625 0.043121337890625
0.0129022598266602 0.0172977447509766 -0.2825927734375 -0.3602294921875
0.0125961303710938 0.0208511352539063 0.1160888671875 -0.61724853515625
-0.0315513610839844 0.0119743347167969 0.70928955078125 -0.2449951171875
-0.0440864562988281 -0.0246086120605469 0.74261474609375 0.46014404296875
0.0109481811523437 -0.0414047241210937 0.1593017578125 0.56829833984375
0.0335311889648438 -0.0257015228271484 0.0447463989257813 0.0772781372070313
0.0178947448730469 -0.025848388671875 -0.02252197265625 -0.57244873046875
-0.00735855102539062 -0.0322437286376953 -0.646728515625 -0.60552978515625
-0.03131103515625 -0.0153121948242188 -0.803955078125 0.22100830078125
-0.0142354965209961 0.00671005249023438 -0.19012451171875 0.66522216796875
0.000543594360351564 0.0156984329223633 0.22119140625 0.4342041015625
0.00920867919921875 0.00919818878173828 0.295562744140625 -0.028839111328125
0.0156259536743164 -0.0117063522338867 0.16986083984375 -0.283599853515625
0.00374794006347656 -0.0279922485351563 -0.117904663085937 0.252731323242188
0.0191097259521484 -0.0203285217285156 -0.292022705078125 0.042022705078125
0.0118007659912109 0.0168771743774414 -0.28179931640625 -0.36016845703125
0.0123805999755859 0.0205039978027344 0.110595703125 -0.6148681640625
-0.0293998718261719 0.0130901336669922 0.70758056640625 -0.2437744140625
-0.0405540466308594 -0.0229835510253906 0.74755859375 0.46014404296875
0.0130767822265625 -0.0380058288574219 0.16156005859375 0.5711669921875
0.0326137542724609 -0.020751953125 0.0430755615234375 0.08203125
0.0204086303710937 -0.0214900970458984 -0.01904296875 -0.56744384765625
-0.00448417663574219 -0.0290775299072266 -0.6375732421875 -0.60711669921875
-0.0290794372558594 -0.0137214660644531 -0.80377197265625 0.21881103515625
-0.0147581100463867 0.00611591339111328 -0.19580078125 0.6649169921875
-0.000448226928710939 0.0142917633056641 0.219635009765625 0.435302734375
0.0101165771484375 0.008148193359375 0.3001708984375 -0.029632568359375
0.0192070007324219 -0.0101642608642578 0.17431640625 -0.284820556640625
0.00602531433105469 -0.0268039703369141 -0.113479614257812 0.250442504882813
0.0179347991943359 -0.0218734741210938 -0.28839111328125 0.0390014648437501
0.0116100311279297 0.0138692855834961 -0.279693603515625 -0.362091064453125
0.0109691619873047 0.0193881988525391 0.1129150390625 -0.61590576171875
-0.0273094177246094 0.0143661499023438 0.70947265625 -0.24139404296875
-0.0356178283691406 -0.0191192626953125 0.74884033203125 0.4635009765625
0.0155353546142578 -0.0320796966552734 0.16387939453125 0.5714111328125
0.0315055847167969 -0.0137367248535156 0.0428924560546875 0.0831680297851563
0.0218849182128906 -0.0156383514404297 -0.0195922851562499 -0.56500244140625
0.000919342041015625 -0.0253047943115234 -0.64068603515625 -0.603759765625
-0.0257835388183594 -0.0127410888671875 -0.80389404296875 0.22210693359375
-0.0154953002929688 0.00533676147460937 -0.196044921875 0.66656494140625
-0.000791549682617189 0.0110607147216797 0.22216796875 0.43255615234375
0.0104398727416992 0.00658130645751953 0.3016357421875 -0.0308837890625
0.0219211578369141 -0.00958633422851563 0.1744384765625 -0.284820556640625
0.00699234008789063 -0.0260829925537109 -0.114532470703125 0.248733520507813
0.0187301635742187 -0.0237159729003906 -0.285003662109375 0.038116455078125
0.00821113586425781 0.00946903228759766 -0.273651123046875 -0.365936279296875
0.0104455947875977 0.0169467926025391 0.1207275390625 -0.611328125
-0.0236263275146484 0.0155677795410156 0.71051025390625 -0.23126220703125
-0.0292472839355469 -0.0144634246826172 0.74212646484375 0.47430419921875
0.0177764892578125 -0.0242443084716797 0.1590576171875 0.5767822265625
0.0289707183837891 -0.00585746765136719 0.0419387817382813 0.0824356079101563
0.0234451293945313 -0.00871658325195313 -0.0223388671875 -0.56475830078125
0.00631141662597657 -0.0188026428222656 -0.64227294921875 -0.59423828125
-0.0219879150390625 -0.0119705200195312 -0.801025390625 0.2276611328125
-0.0162534713745117 0.00204277038574219 -0.19036865234375 0.66571044921875
-0.00111627578735352 0.00743246078491211 0.225494384765625 0.429046630859375
0.0105409622192383 0.00422477722167969 0.305267333984375 -0.03363037109375
0.0236339569091797 -0.00798225402832031 0.173553466796875 -0.28582763671875
0.00680160522460938 -0.0252971649169922 -0.116500854492188 0.24822998046875
0.0187530517578125 -0.0260543823242188 -0.284637451171875 0.035888671875
0.00651741027832031 0.00401592254638672 -0.26873779296875 -0.369232177734375
0.00943183898925781 0.0123472213745117 0.1295166015625 -0.6131591796875
-0.0206298828125 0.0161838531494141 0.71661376953125 -0.2218017578125
-0.0236854553222656 -0.00989532470703125 0.7388916015625 0.48541259765625
0.0191001892089844 -0.0184803009033203 0.15081787109375 0.57763671875
0.0272979736328125 0.0006561279296875 0.0423507690429687 0.0788345336914063
0.0243244171142578 -0.00193405151367188 -0.0304565429687499 -0.56494140625
0.0100488662719727 -0.0143623352050781 -0.6539306640625 -0.58404541015625
-0.0175933837890625 -0.0107975006103516 -0.7955322265625 0.2420654296875
-0.0164098739624023 -0.00290775299072266 -0.1807861328125 0.66949462890625
-0.000986933708190918 0.00160658359527588 0.23236083984375 0.426055908203125
0.0110788345336914 0.00223064422607422 0.305328369140625 -0.03656005859375
0.0220756530761719 -0.0073089599609375 0.1697998046875 -0.287628173828125
0.00423622131347656 -0.0267677307128906 -0.120452880859375 0.249298095703125
0.0199184417724609 -0.0267868041992188 -0.2843017578125 0.034454345703125
0.00551605224609375 -0.00120973587036133 -0.2620849609375 -0.37432861328125
0.00909709930419922 0.00803947448730469 0.141357421875 -0.611572265625
-0.0173149108886719 0.0164670944213867 0.72149658203125 -0.21002197265625
-0.0197105407714844 -0.00551414489746093 0.72821044921875 0.50091552734375
0.0206298828125 -0.0124530792236328 0.14276123046875 0.5762939453125
0.0245304107666016 0.00600624084472656 0.0420074462890625 0.072509765625
0.024749755859375 0.00330924987792969 -0.0379638671875 -0.56951904296875
0.0134477615356445 -0.0106964111328125 -0.66278076171875 -0.57452392578125
-0.014002799987793 -0.0104188919067383 -0.78887939453125 0.2547607421875
-0.0153169631958008 -0.0070962905883789 -0.167236328125 0.6678466796875
-0.00153112411499023 -0.00367069244384766 0.24066162109375 0.4195556640625
0.0112419128417969 -4.57763671875E-05 0.306671142578125 -0.0390625
0.0189895629882813 -0.00690460205078125 0.165191650390625 -0.28912353515625
0.00115394592285156 -0.0285739898681641 -0.125839233398438 0.248733520507813
0.0202159881591797 -0.0276947021484375 -0.2867431640625 0.0338134765625
0.00562286376953125 -0.00607728958129883 -0.254638671875 -0.378509521484375
0.0102548599243164 0.00500392913818359 0.15625 -0.6114501953125
-0.0145673751831055 0.0162525177001953 0.72686767578125 -0.19598388671875
-0.0168962478637695 -0.00368499755859375 0.71588134765625 0.51361083984375
0.0206851959228516 -0.00888824462890625 0.1309814453125 0.573974609375
0.0235748291015625 0.00899696350097656 0.0422286987304688 0.0648918151855469
0.0250797271728516 0.0067138671875 -0.04840087890625 -0.57183837890625
0.0151634216308594 -0.00793743133544922 -0.67376708984375 -0.56231689453125
-0.0117607116699219 -0.0101766586303711 -0.78167724609375 0.2708740234375
-0.0153846740722656 -0.0102005004882813 -0.1541748046875 0.66900634765625
-0.00195598602294922 -0.00848102569580078 0.247955322265625 0.413604736328125
0.0111818313598633 -0.000647544860839844 0.304718017578125 -0.041015625
0.0159473419189453 -0.00792694091796875 0.160430908203125 -0.29046630859375
-0.00455093383789062 -0.0313091278076172 -0.12677001953125 0.257415771484375
0.0172576904296875 -0.0195045471191406 -0.303131103515625 0.044097900390625
0.0121688842773438 0.0159473419189453 -0.2799072265625 -0.361968994140625
0.0135612487792969 0.0198917388916016 0.12103271484375 -0.6214599609375
-0.0320682525634766 0.0109729766845703 0.714111328125 -0.23992919921875
-0.0456199645996094 -0.0265960693359375 0.73358154296875 0.46514892578125
0.00936508178710937 -0.0431365966796875 0.14849853515625 0.56439208984375
0.0333347320556641 -0.0287361145019531 0.0455856323242188 0.0712738037109375
0.0164661407470703 -0.0269374847412109 -0.0250244140625 -0.57647705078125
-0.00899124145507813 -0.0322380065917969 -0.65228271484375 -0.59979248046875
-0.0308666229248047 -0.0156574249267578 -0.8009033203125 0.22808837890625
-0.0126924514770508 0.005615234375 -0.181396484375 0.66448974609375
0.00172233581542969 0.0139427185058594 0.2259521484375 0.43316650390625
0.0108957290649414 0.010462760925293 0.293701171875 -0.0279541015625
0.0123186111450195 -0.0137577056884766 0.169769287109375 -0.286285400390625
-0.000581741333007814 -0.0292282104492187 -0.120162963867188 0.254470825195313
0.0182952880859375 -0.0206127166748047 -0.296112060546875 0.0439453125
0.0133485794067383 0.0170774459838867 -0.281402587890625 -0.3607177734375
0.0126457214355469 0.0199642181396484 0.11505126953125 -0.61944580078125
-0.0316734313964844 0.0120315551757813 0.7113037109375 -0.24444580078125
-0.0444221496582031 -0.0250740051269531 0.74420166015625 0.46160888671875
0.0104331970214844 -0.0416336059570312 0.15765380859375 0.56951904296875
0.0339469909667969 -0.0257625579833984 0.0455780029296875 0.07757568359375
0.0184173583984375 -0.0254364013671875 -0.021484375 -0.57275390625
-0.00627326965332031 -0.0314884185791016 -0.64501953125 -0.607421875
-0.0309505462646484 -0.0147037506103516 -0.80523681640625 0.21966552734375
-0.0145187377929687 0.00620079040527344 -0.19244384765625 0.6669921875
0.000576972961425782 0.016047477722168 0.2220458984375 0.43634033203125
0.00977230072021484 0.00936603546142578 0.296295166015625 -0.028533935546875
0.0158109664916992 -0.0115194320678711 0.16998291015625 -0.2850341796875
0.00309562683105469 -0.0280246734619141 -0.11651611328125 0.253860473632813
0.0185489654541016 -0.0209407806396484 -0.29241943359375 0.042755126953125
0.0129308700561523 0.0160913467407227 -0.282806396484375 -0.360382080078125
0.0127239227294922 0.0204830169677734 0.1123046875 -0.61669921875
-0.0301246643066406 0.0132904052734375 0.70794677734375 -0.2451171875
-0.04034423828125 -0.0228805541992188 0.7449951171875 0.4608154296875
0.0126190185546875 -0.0380287170410156 0.15911865234375 0.57147216796875
0.0325756072998047 -0.0203800201416016 0.0435791015625 0.0823745727539063
0.0194416046142578 -0.0215702056884766 -0.0147705078125001 -0.56903076171875
-0.0038299560546875 -0.0297756195068359 -0.63775634765625 -0.607177734375
-0.0291862487792969 -0.0133533477783203 -0.8048095703125 0.21746826171875
-0.0153341293334961 0.006805419921875 -0.1962890625 0.6669921875
-0.000606536865234375 0.0156450271606445 0.222015380859375 0.4361572265625
0.0101566314697266 0.00840473175048828 0.3009033203125 -0.02874755859375
0.0195560455322266 -0.010833740234375 0.173797607421875 -0.28546142578125
0.00626754760742188 -0.0261669158935547 -0.114608764648437 0.25067138671875
0.0192337036132813 -0.0224075317382813 -0.288665771484375 0.040313720703125
0.0119409561157227 0.0142326354980469 -0.280181884765625 -0.361846923828125
0.0116291046142578 0.0183925628662109 0.1126708984375 -0.61651611328125
-0.02691650390625 0.0146541595458984 0.709716796875 -0.24102783203125
-0.0352897644042969 -0.0189323425292969 0.74920654296875 0.46337890625
0.0152168273925781 -0.0320892333984375 0.16180419921875 0.574951171875
0.0315189361572266 -0.0131340026855469 0.0429153442382813 0.0840682983398438
0.0216026306152344 -0.0152606964111328 -0.017333984375 -0.565185546875
0.00144195556640625 -0.0250377655029297 -0.6407470703125 -0.60491943359375
-0.0261726379394531 -0.0126380920410156 -0.80755615234375 0.22235107421875
-0.016108512878418 0.00530815124511718 -0.19488525390625 0.66827392578125
-0.000741004943847656 0.0125265121459961 0.2218017578125 0.435333251953125
0.0110139846801758 0.00624370574951172 0.302947998046875 -0.031402587890625
0.0223655700683594 -0.00863075256347656 0.174041748046875 -0.286773681640625
0.00675010681152344 -0.0259246826171875 -0.11480712890625 0.249160766601563
0.0189456939697266 -0.0248165130615234 -0.284942626953125 0.038330078125
0.00881004333496094 0.00898170471191406 -0.275146484375 -0.3665771484375
0.0100650787353516 0.0154275894165039 0.12066650390625 -0.61474609375
-0.0243549346923828 0.0159740447998047 0.71240234375 -0.232421875
-0.0300331115722656 -0.0153560638427734 0.7430419921875 0.47503662109375
0.0175819396972656 -0.0249862670898438 0.15716552734375 0.57708740234375
0.0292110443115234 -0.00541114807128906 0.0431060791015625 0.0831832885742188
0.0228862762451172 -0.00785636901855469 -0.0216064453125 -0.56524658203125
0.00622177124023437 -0.0195293426513672 -0.64178466796875 -0.5968017578125
-0.0216331481933594 -0.010955810546875 -0.8031005859375 0.229736328125
-0.015995979309082 0.00168704986572265 -0.1900634765625 0.666748046875
-0.000999927520751953 0.00740146636962891 0.22705078125 0.431427001953125
0.0106477737426758 0.00404739379882813 0.30548095703125 -0.03271484375
0.0226058959960938 -0.0078125 0.1734619140625 -0.287078857421875
0.00649642944335937 -0.0261249542236328 -0.116531372070312 0.248077392578125
0.0193538665771484 -0.0260944366455078 -0.284149169921875 0.036529541015625
0.00783395767211914 0.00434064865112305 -0.269378662109375 -0.369873046875
0.00954151153564453 0.01226806640625 0.12841796875 -0.6138916015625
-0.0200309753417969 0.0171604156494141 0.71881103515625 -0.22216796875
-0.0239086151123047 -0.00980567932128906 0.73907470703125 0.4874267578125
0.0192031860351562 -0.017791748046875 0.15081787109375 0.57916259765625
0.0269489288330078 0.00132560729980469 0.04150390625 0.0792770385742188
0.0247573852539062 -0.00152397155761719 -0.02703857421875 -0.5655517578125
0.0107192993164063 -0.0151205062866211 -0.65350341796875 -0.5865478515625
-0.0180168151855469 -0.0104541778564453 -0.798583984375 0.24072265625
-0.016779899597168 -0.00214385986328125 -0.18133544921875 0.6702880859375
-0.000486612319946289 0.00237727165222168 0.23272705078125 0.426422119140625
0.0116176605224609 0.00228214263916016 0.306854248046875 -0.03704833984375
0.0213050842285156 -0.00765419006347656 0.170623779296875 -0.28851318359375
0.00349617004394531 -0.0258617401123047 -0.120452880859375 0.2484130859375
0.0195350646972656 -0.0276622772216797 -0.284454345703125 0.03533935546875
0.00632286071777344 -0.00179433822631836 -0.2633056640625 -0.37738037109375
0.00956439971923828 0.00801372528076172 0.141845703125 -0.61505126953125
-0.0180015563964844 0.0167407989501953 0.7249755859375 -0.21063232421875
-0.0194873809814453 -0.00562095642089844 0.72784423828125 0.50018310546875
0.0208282470703125 -0.0130634307861328 0.1417236328125 0.57818603515625
0.0256919860839844 0.00682258605957031 0.0426712036132813 0.0732192993164063
0.0251712799072266 0.00350570678710938 -0.0360107421875 -0.569580078125
0.0141162872314453 -0.0113801956176758 -0.6614990234375 -0.5736083984375
-0.0146245956420898 -0.00986862182617188 -0.79193115234375 0.25543212890625
-0.0164518356323242 -0.00716590881347657 -0.167724609375 0.67193603515625
-0.00131320953369141 -0.00334811210632324 0.240325927734375 0.420379638671875
0.0105466842651367 -0.000337600708007813 0.306854248046875 -0.038787841796875
0.0194358825683594 -0.00702476501464844 0.16583251953125 -0.2900390625
0.000505447387695312 -0.0280399322509766 -0.1259765625 0.249771118164062
0.0197582244873047 -0.0277423858642578 -0.286865234375 0.034027099609375
0.00471878051757813 -0.00630092620849609 -0.256195068359375 -0.379638671875
0.00977420806884766 0.00384807586669922 0.15478515625 -0.6138916015625
-0.0152444839477539 0.0167655944824219 0.7283935546875 -0.19598388671875
-0.0176811218261719 -0.00255012512207032 0.7169189453125 0.5140380859375
0.0210781097412109 -0.00902366638183594 0.12896728515625 0.57464599609375
0.0226516723632813 0.00893783569335938 0.0420341491699219 0.0661087036132813
0.0249118804931641 0.00703239440917969 -0.0458984375 -0.57196044921875
0.015934944152832 -0.00735950469970703 -0.67578125 -0.56353759765625
-0.0120668411254883 -0.010498046875 -0.78387451171875 0.26995849609375
-0.0160341262817383 -0.00982666015625 -0.15557861328125 0.66949462890625
-0.00194168090820313 -0.00870275497436523 0.247894287109375 0.41571044921875
0.011683464050293 -3.24249267578125E-05 0.30535888671875 -0.041229248046875
0.0157814025878906 -0.0077056884765625 0.1611328125 -0.291961669921875
-0.00659751892089844 -0.0317859649658203 -0.126235961914063 0.2581787109375
0.01751708984375 -0.02032470703125 -0.30279541015625 0.04547119140625
0.0136528015136719 0.0158147811889648 -0.2801513671875 -0.363555908203125
0.0139751434326172 0.0182456970214844 0.11962890625 -0.62158203125
-0.0330104827880859 0.0106716156005859 0.71441650390625 -0.2418212890625
-0.045654296875 -0.0262336730957031 0.7340087890625 0.46612548828125
0.00951766967773438 -0.0433349609375 0.14874267578125 0.56524658203125
0.033935546875 -0.0283718109130859 0.045806884765625 0.0725784301757812
0.0160121917724609 -0.0274772644042969 -0.02435302734375 -0.5772705078125
-0.00839996337890625 -0.0323657989501953 -0.65301513671875 -0.60089111328125
-0.0305767059326172 -0.0149669647216797 -0.80230712890625 0.23065185546875
-0.0130739212036133 0.00605010986328125 -0.18157958984375 0.66851806640625
0.00125312805175781 0.0134725570678711 0.228607177734375 0.43560791015625
0.0109434127807617 0.00954055786132813 0.294158935546875 -0.02801513671875
0.011561393737793 -0.0139007568359375 0.169158935546875 -0.2867431640625
-0.00192451477050781 -0.0288887023925781 -0.119140625 0.254974365234375
0.0178604125976562 -0.0214862823486328 -0.29681396484375 0.045074462890625
0.0132255554199219 0.0175762176513672 -0.28375244140625 -0.361236572265625
0.0131435394287109 0.0193119049072266 0.1148681640625 -0.62158203125
-0.0324115753173828 0.0122966766357422 0.7147216796875 -0.24578857421875
-0.0437545776367188 -0.0246543884277344 0.745361328125 0.46136474609375
0.0105819702148438 -0.0416984558105469 0.15673828125 0.5701904296875
0.0342483520507813 -0.0253334045410156 0.0449371337890625 0.0792388916015625
0.0177059173583984 -0.0261440277099609 -0.0185546875 -0.5738525390625
-0.00641059875488281 -0.0319061279296875 -0.646240234375 -0.60906982421875
-0.0310077667236328 -0.0144100189208984 -0.8079833984375 0.2222900390625
-0.0145702362060547 0.00744056701660156 -0.19287109375 0.670166015625
0.000608444213867188 0.0161447525024414 0.222442626953125 0.43780517578125
0.0106134414672852 0.00887775421142578 0.29693603515625 -0.02911376953125
0.016657829284668 -0.0119123458862305 0.1705322265625 -0.286376953125
0.00281143188476562 -0.0279541015625 -0.116653442382812 0.254592895507813
0.0186748504638672 -0.0223331451416016 -0.291748046875 0.042633056640625
0.0135278701782227 0.016484260559082 -0.283416748046875 -0.361602783203125
0.0122394561767578 0.0202198028564453 0.109375 -0.61810302734375
-0.0303382873535156 0.0145893096923828 0.70904541015625 -0.2447509765625
-0.0401763916015625 -0.0230293273925781 0.74749755859375 0.46087646484375
0.013092041015625 -0.0379981994628906 0.15948486328125 0.57415771484375
0.032684326171875 -0.0200462341308594 0.0446014404296875 0.0831527709960938
0.0210933685302734 -0.0217781066894531 -0.0150146484375 -0.569580078125
-0.0032958984375 -0.0294075012207031 -0.6396484375 -0.60882568359375
-0.0291709899902344 -0.0130424499511719 -0.80859375 0.21978759765625
-0.0161457061767578 0.00781822204589844 -0.19647216796875 0.66845703125
-0.000329971313476562 0.0153179168701172 0.222381591796875 0.4388427734375
0.0110607147216797 0.00810337066650391 0.301025390625 -0.029296875
0.0192852020263672 -0.0107822418212891 0.174072265625 -0.2869873046875
0.0045623779296875 -0.0270977020263672 -0.114242553710937 0.251846313476563
0.0183696746826172 -0.0233364105224609 -0.28759765625 0.042083740234375
0.0116701126098633 0.0143098831176758 -0.28057861328125 -0.36187744140625
0.0114250183105469 0.0185565948486328 0.11138916015625 -0.61920166015625
-0.0281505584716797 0.0157756805419922 0.7110595703125 -0.24237060546875
-0.0354347229003906 -0.0191116333007813 0.74908447265625 0.4627685546875
0.0147266387939453 -0.03204345703125 0.1614990234375 0.57598876953125
0.0315017700195313 -0.013397216796875 0.0435791015625 0.0852737426757813
0.0222721099853516 -0.0164699554443359 -0.0166015625 -0.5653076171875
0.00150108337402344 -0.0248889923095703 -0.642578125 -0.60589599609375
-0.0260295867919922 -0.0121555328369141 -0.8089599609375 0.222900390625
-0.0165224075317383 0.0048837661743164 -0.1961669921875 0.6719970703125
-0.000343322753906251 0.0126485824584961 0.223480224609375 0.43792724609375
0.0105495452880859 0.00649356842041016 0.303558349609375 -0.031524658203125
0.0223312377929687 -0.009063720703125 0.174713134765625 -0.287261962890625
0.00566482543945312 -0.0257415771484375 -0.114471435546875 0.24993896484375
0.0186824798583984 -0.0254573822021484 -0.285797119140625 0.03961181640625
0.0100421905517578 0.00902080535888672 -0.27667236328125 -0.367340087890625
0.0106201171875 0.0158481597900391 0.1202392578125 -0.61724853515625
-0.0243301391601562 0.0160846710205078 0.71490478515625 -0.23193359375
-0.0287437438964844 -0.0150070190429688 0.74591064453125 0.47442626953125
0.016754150390625 -0.0249080657958984 0.15423583984375 0.576904296875
0.0284461975097656 -0.00488471984863281 0.0437240600585938 0.0836944580078125
0.0236892700195313 -0.00799369812011719 -0.01800537109375 -0.56524658203125
0.00695419311523438 -0.0202236175537109 -0.64398193359375 -0.59716796875
-0.0221767425537109 -0.0113239288330078 -0.8048095703125 0.22955322265625
-0.0169191360473633 0.00197029113769531 -0.190673828125 0.67022705078125
-0.00100517272949219 0.00770473480224609 0.22711181640625 0.433197021484375
0.0115995407104492 0.00336456298828125 0.306121826171875 -0.033416748046875
0.0224952697753906 -0.00844383239746094 0.174407958984375 -0.28839111328125
0.00472068786621094 -0.0258903503417969 -0.116317749023438 0.248672485351563
0.0186538696289063 -0.0266342163085938 -0.28399658203125 0.037811279296875
0.00763511657714844 0.00391244888305664 -0.2718505859375 -0.370391845703125
0.00959205627441406 0.0112924575805664 0.1285400390625 -0.6158447265625
-0.0218677520751953 0.016448974609375 0.720703125 -0.2242431640625
-0.0237464904785156 -0.01043701171875 0.74066162109375 0.4871826171875
0.0189704895019531 -0.0185165405273438 0.14996337890625 0.5802001953125
0.0266284942626953 0.00214576721191406 0.042633056640625 0.0803375244140625
0.0242137908935547 -0.00154876708984375 -0.02667236328125 -0.56683349609375
0.0109310150146484 -0.0151529312133789 -0.65435791015625 -0.5894775390625
-0.0175971984863281 -0.00953865051269531 -0.80047607421875 0.24310302734375
-0.01708984375 -0.00272274017333985 -0.18060302734375 0.6739501953125
-0.000300407409667969 0.00217187404632568 0.233734130859375 0.4285888671875
0.0121707916259766 0.00208473205566406 0.306793212890625 -0.036224365234375
0.0226020812988281 -0.00779533386230469 0.17138671875 -0.289154052734375
0.00316047668457032 -0.0261001586914063 -0.120635986328125 0.249267578125
0.0190029144287109 -0.0277194976806641 -0.284423828125 0.0356750488281251
0.00616645812988281 -0.00167703628540039 -0.264312744140625 -0.376617431640625
0.00894260406494141 0.00793170928955078 0.141357421875 -0.61614990234375
-0.0186195373535156 0.0167980194091797 0.72515869140625 -0.20916748046875
-0.0191612243652344 -0.00559043884277343 0.7303466796875 0.50128173828125
0.0198478698730469 -0.0130252838134766 0.1405029296875 0.57818603515625
0.0246620178222656 0.00745201110839844 0.0429611206054688 0.0739822387695313
0.025848388671875 0.00370597839355469 -0.0350341796875001 -0.57000732421875
0.0140647888183594 -0.0103006362915039 -0.66351318359375 -0.57586669921875
-0.0140190124511719 -0.00944423675537109 -0.79534912109375 0.2567138671875
-0.0169544219970703 -0.00726413726806641 -0.16632080078125 0.67523193359375
6.19888305664062E-05 -0.00355720520019531 0.24346923828125 0.423187255859375
0.0125608444213867 0.000474929809570312 0.307464599609375 -0.03948974609375
0.0191516876220703 -0.0074462890625 0.1654052734375 -0.291351318359375
0.000289916992187502 -0.0290546417236328 -0.125518798828125 0.249359130859375
0.0201320648193359 -0.0284633636474609 -0.287353515625 0.035400390625
0.00541019439697266 -0.00634241104125976 -0.257568359375 -0.380218505859375
0.00974655151367187 0.00376701354980469 0.1553955078125 -0.61529541015625
-0.0163393020629883 0.0167465209960938 0.73065185546875 -0.1962890625
-0.016963005065918 -0.00279617309570312 0.71875 0.51531982421875
0.0201492309570313 -0.00974273681640625 0.1282958984375 0.57598876953125
0.0232830047607422 0.00968742370605469 0.0433425903320313 0.0667762756347656
0.0252971649169922 0.00657272338867188 -0.0445556640625 -0.572021484375
0.0159692764282227 -0.00758743286132813 -0.6773681640625 -0.5640869140625
-0.0114927291870117 -0.00974750518798828 -0.78631591796875 0.2724609375
-0.0161113739013672 -0.0102376937866211 -0.15582275390625 0.672607421875
-0.0014796257019043 -0.00838422775268555 0.24945068359375 0.416900634765625
0.0121688842773438 -0.0012664794921875 0.3060302734375 -0.041168212890625
0.015380859375 -0.00762557983398438 0.1612548828125 -0.292144775390625
-0.0063934326171875 -0.0304985046386719 -0.125778198242188 0.25933837890625
0.0166893005371094 -0.0205059051513672 -0.3031005859375 0.04632568359375
0.0133047103881836 0.0162639617919922 -0.2822265625 -0.363189697265625
0.0144195556640625 0.0186138153076172 0.1207275390625 -0.6234130859375
-0.0328788757324219 0.0114994049072266 0.718017578125 -0.2421875
-0.0449638366699219 -0.0261306762695313 0.737060546875 0.465087890625
0.00902557373046875 -0.0438499450683594 0.1480712890625 0.56707763671875
0.0334148406982422 -0.0279407501220703 0.0468368530273438 0.073486328125
0.0162906646728516 -0.0272731781005859 -0.0225219726562501 -0.57891845703125
-0.00908660888671875 -0.0321216583251953 -0.653564453125 -0.6024169921875
-0.0305023193359375 -0.0153751373291016 -0.8050537109375 0.23260498046875
-0.0137310028076172 0.00572586059570313 -0.18170166015625 0.6710205078125
0.00141716003417969 0.0146560668945312 0.229827880859375 0.437347412109375
0.0115165710449219 0.00949382781982422 0.29522705078125 -0.02862548828125
0.011866569519043 -0.0132665634155273 0.169647216796875 -0.2886962890625
-0.00287055969238281 -0.0288925170898438 -0.120132446289062 0.2572021484375
0.01715087890625 -0.0210304260253906 -0.298065185546875 0.04547119140625
0.0134744644165039 0.0172977447509766 -0.284820556640625 -0.36224365234375
0.0134353637695313 0.0188503265380859 0.11297607421875 -0.62396240234375
-0.0332622528076172 0.0120601654052734 0.71466064453125 -0.245849609375
-0.0440139770507812 -0.0256385803222656 0.74725341796875 0.4600830078125
0.010345458984375 -0.0422325134277344 0.15570068359375 0.5712890625
0.0332622528076172 -0.0251693725585938 0.0455093383789063 0.0790634155273438
0.0184574127197266 -0.0255813598632813 -0.0174560546875 -0.57537841796875
-0.00693702697753906 -0.0322532653808594 -0.64764404296875 -0.6116943359375
-0.0310096740722656 -0.0144004821777344 -0.8104248046875 0.22235107421875
-0.015660285949707 0.00653457641601563 -0.19122314453125 0.67376708984375
0.00097370147705078 0.0163192749023438 0.223480224609375 0.439971923828125
0.0116596221923828 0.00887870788574219 0.298065185546875 -0.03009033203125
0.0163145065307617 -0.0118570327758789 0.169830322265625 -0.288330078125
0.00115394592285156 -0.0284919738769531 -0.11602783203125 0.254898071289063
0.018035888671875 -0.0219326019287109 -0.29278564453125 0.044769287109375
0.014063835144043 0.0165214538574219 -0.2852783203125 -0.361083984375
0.0123748779296875 0.0189361572265625 0.109619140625 -0.622802734375
-0.031280517578125 0.014678955078125 0.712646484375 -0.24700927734375
-0.0402488708496094 -0.0227165222167969 0.7490234375 0.4608154296875
0.0129508972167969 -0.0381660461425781 0.15850830078125 0.57452392578125
0.0331382751464844 -0.0199069976806641 0.0450286865234375 0.0839462280273438
0.0207366943359375 -0.021270751953125 -0.013427734375 -0.5697021484375
-0.00296974182128907 -0.0294780731201172 -0.6409912109375 -0.6114501953125
-0.0289363861083984 -0.0133171081542969 -0.8111572265625 0.22113037109375
-0.0160350799560547 0.0076904296875 -0.197021484375 0.6744384765625
-0.000299453735351564 0.0153837203979492 0.223388671875 0.440521240234375
0.0111408233642578 0.00759983062744141 0.302032470703125 -0.02899169921875
0.0195198059082031 -0.0100803375244141 0.17437744140625 -0.288543701171875
0.00377273559570312 -0.0260829925537109 -0.11431884765625 0.25250244140625
0.0175838470458984 -0.0241222381591797 -0.288787841796875 0.04241943359375
0.0124959945678711 0.0145559310913086 -0.28369140625 -0.36328125
0.0114078521728516 0.0181198120117188 0.1097412109375 -0.62060546875
-0.0287303924560547 0.0159778594970703 0.71441650390625 -0.2427978515625
-0.0350379943847656 -0.0193004608154297 0.75103759765625 0.463623046875
0.0142879486083984 -0.0329914093017578 0.16143798828125 0.5775146484375
0.0309677124023438 -0.0131301879882813 0.0436630249023438 0.086181640625
0.0217876434326172 -0.0151290893554688 -0.0153808593750001 -0.56695556640625
0.00170135498046875 -0.0250415802001953 -0.6434326171875 -0.60650634765625
-0.0263900756835937 -0.0115337371826172 -0.8111572265625 0.2255859375
-0.0178356170654297 0.00536727905273437 -0.1959228515625 0.6751708984375
-0.00026416778564453 0.0126352310180664 0.22491455078125 0.438873291015625
0.011317253112793 0.00549793243408203 0.30462646484375 -0.031097412109375
0.0227241516113281 -0.00934219360351562 0.1751708984375 -0.288360595703125
0.00484085083007812 -0.0260848999023437 -0.114822387695313 0.251663208007813
0.0183677673339844 -0.0248069763183594 -0.28656005859375 0.041229248046875
0.0105524063110352 0.00867557525634766 -0.278350830078125 -0.36749267578125
0.0106496810913086 0.0146865844726563 0.11920166015625 -0.6199951171875
-0.0249042510986328 0.0164680480957031 0.7154541015625 -0.23321533203125
-0.0292892456054688 -0.0152645111083984 0.74737548828125 0.47467041015625
0.0168647766113281 -0.0260047912597656 0.1546630859375 0.58062744140625
0.0287151336669922 -0.00509262084960938 0.0431442260742188 0.084564208984375
0.0235404968261719 -0.00835418701171875 -0.0185546874999999 -0.56719970703125
0.00702285766601562 -0.0205764770507813 -0.6470947265625 -0.60107421875
-0.0230751037597656 -0.0107192993164062 -0.8067626953125 0.23272705078125
-0.0175819396972656 0.00177192687988281 -0.19091796875 0.67425537109375
-0.000289916992187499 0.00761318206787109 0.229705810546875 0.434814453125
0.0118999481201172 0.00396251678466797 0.306793212890625 -0.034393310546875
0.0223655700683594 -0.00859642028808594 0.17431640625 -0.2891845703125
0.00399589538574219 -0.0261516571044922 -0.11676025390625 0.250106811523438
0.0182533264160156 -0.0271072387695313 -0.284759521484375 0.03863525390625
0.00799560546875 0.00416469573974609 -0.271820068359375 -0.371795654296875
0.0100774765014648 0.0101985931396484 0.125732421875 -0.61895751953125
-0.0223541259765625 0.0174236297607422 0.722412109375 -0.2252197265625
-0.024017333984375 -0.0101642608642578 0.7421875 0.4888916015625
0.0185546875 -0.0188941955566406 0.1502685546875 0.58123779296875
0.0269699096679688 0.00152015686035156 0.044189453125 0.0808563232421875
0.0247306823730469 -0.00198745727539063 -0.0255737304687501 -0.5693359375
0.0115547180175781 -0.0152263641357422 -0.6563720703125 -0.5899658203125
-0.0181446075439453 -0.00979804992675782 -0.80291748046875 0.24462890625
-0.0176715850830078 -0.0019073486328125 -0.18060302734375 0.677734375
0.000312566757202149 0.00265979766845703 0.2354736328125 0.43145751953125
0.012969970703125 0.00112342834472656 0.307464599609375 -0.03692626953125
0.0222129821777344 -0.00841522216796875 0.171234130859375 -0.29156494140625
0.00121688842773438 -0.0263481140136719 -0.120254516601563 0.250244140625
0.0192070007324219 -0.0288581848144531 -0.28497314453125 0.0372314453125
0.00737094879150391 -0.00188493728637695 -0.26611328125 -0.376953125
0.00967216491699219 0.00688552856445312 0.13946533203125 -0.61956787109375
-0.0185260772705078 0.0174999237060547 0.7254638671875 -0.21087646484375
-0.0193328857421875 -0.00610542297363281 0.731689453125 0.50103759765625
0.0195827484130859 -0.0133094787597656 0.1397705078125 0.57916259765625
0.0238056182861328 0.00636100769042969 0.0436859130859375 0.0746307373046875
0.0257396697998047 0.00433540344238281 -0.03466796875 -0.57098388671875
0.0145177841186523 -0.0107555389404297 -0.666748046875 -0.57672119140625
-0.0136251449584961 -0.00948619842529297 -0.79705810546875 0.26043701171875
-0.0175094604492188 -0.0070343017578125 -0.16650390625 0.67889404296875
-1.28746032714842E-05 -0.00300407409667969 0.243927001953125 0.425445556640625
0.0118741989135742 -0.000302314758300781 0.308258056640625 -0.040283203125
0.0199222564697266 -0.00704765319824219 0.166412353515625 -0.2928466796875
-0.000728607177734373 -0.0282039642333984 -0.125396728515625 0.251388549804688
0.0204982757568359 -0.0287799835205078 -0.28759765625 0.035675048828125
0.00585412979125976 -0.00624322891235351 -0.258636474609375 -0.381072998046875
0.0100698471069336 0.00374889373779297 0.15435791015625 -0.6168212890625
-0.0162868499755859 0.0173578262329102 0.73236083984375 -0.19854736328125
-0.0175657272338867 -0.00298118591308594 0.71942138671875 0.51507568359375
0.0199012756347656 -0.0103683471679688 0.12841796875 0.57781982421875
0.0226078033447266 0.00970458984375 0.0439567565917969 0.0669212341308594
0.0253696441650391 0.00690460205078125 -0.0429077148437499 -0.57305908203125
0.0158910751342773 -0.00833415985107422 -0.67926025390625 -0.5650634765625
-0.0114822387695313 -0.00979423522949219 -0.79071044921875 0.27325439453125
-0.0172767639160156 -0.0104999542236328 -0.1541748046875 0.67755126953125
-0.000802516937255859 -0.00836563110351563 0.2515869140625 0.41973876953125
0.0118541717529297 -0.000667572021484375 0.307525634765625 -0.041656494140625
0.0157699584960938 -0.00820350646972656 0.161773681640625 -0.2945556640625
-0.00702095031738282 -0.0307235717773437 -0.126251220703125 0.260986328125
0.0168380737304688 -0.0206069946289063 -0.30377197265625 0.04876708984375
0.0143804550170898 0.01556396484375 -0.28497314453125 -0.363800048828125
0.0137805938720703 0.01806640625 0.11932373046875 -0.626953125
-0.0339756011962891 0.0112495422363281 0.72021484375 -0.2464599609375
-0.0456314086914063 -0.0265121459960938 0.73974609375 0.46484375
0.00900650024414063 -0.0443611145019531 0.14874267578125 0.568359375
0.033447265625 -0.0276756286621094 0.0475921630859375 0.0742263793945313
0.0168323516845703 -0.0274600982666016 -0.02362060546875 -0.5799560546875
-0.00857734680175781 -0.0333137512207031 -0.65875244140625 -0.60479736328125
-0.0310478210449219 -0.0148277282714844 -0.80804443359375 0.23614501953125
-0.0136022567749023 0.00602531433105469 -0.1802978515625 0.6759033203125
0.00225830078125 0.0146121978759766 0.23138427734375 0.4398193359375
0.0117292404174805 0.00973796844482422 0.296905517578125 -0.029205322265625
0.0120248794555664 -0.0143003463745117 0.169036865234375 -0.290740966796875
-0.00291061401367187 -0.0288772583007812 -0.119094848632813 0.257919311523438
0.0167980194091797 -0.0216751098632812 -0.29833984375 0.048095703125
0.0143499374389648 0.0173969268798828 -0.288116455078125 -0.362457275390625
0.0140514373779297 0.0190925598144531 0.11358642578125 -0.62786865234375
-0.0332679748535156 0.0135498046875 0.71490478515625 -0.249755859375
-0.0441551208496094 -0.0254135131835938 0.75030517578125 0.46002197265625
0.0098876953125 -0.0434799194335938 0.15924072265625 0.57421875
0.0333786010742188 -0.0254878997802734 0.0472564697265625 0.0796661376953125
0.0189113616943359 -0.0259571075439453 -0.0175170898437499 -0.57904052734375
-0.00668907165527344 -0.0323810577392578 -0.652587890625 -0.6116943359375
-0.0313911437988281 -0.0133838653564453 -0.8153076171875 0.2274169921875
-0.0156898498535156 0.00675868988037109 -0.189453125 0.67852783203125
0.000965118408203125 0.015742301940918 0.2261962890625 0.44232177734375
0.0112953186035156 0.00816440582275391 0.298126220703125 -0.030303955078125
0.015925407409668 -0.0116758346557617 0.1697998046875 -0.29046630859375
0.000247955322265623 -0.0281982421875 -0.1165771484375 0.257064819335937
0.0180397033691406 -0.0226764678955078 -0.294097900390625 0.045867919921875
0.0132322311401367 0.0164012908935547 -0.2889404296875 -0.36248779296875
0.0125064849853516 0.0187149047851563 0.10711669921875 -0.62384033203125
-0.0317134857177734 0.0143184661865234 0.71527099609375 -0.25
-0.0398826599121094 -0.0230293273925781 0.75299072265625 0.46124267578125
0.012359619140625 -0.0388565063476563 0.1600341796875 0.576171875
0.0325679779052734 -0.0201492309570313 0.045928955078125 0.0851287841796875
0.019439697265625 -0.0218544006347656 -0.0128173828124999 -0.5718994140625
-0.00213241577148437 -0.0301475524902344 -0.6451416015625 -0.61212158203125
-0.0293560028076172 -0.0124397277832031 -0.8157958984375 0.2244873046875
-0.0173177719116211 0.0076303482055664 -0.19580078125 0.6783447265625
0.000518798828125001 0.0155677795410156 0.2254638671875 0.44219970703125
0.0112743377685547 0.00760269165039063 0.3031005859375 -0.030426025390625
0.0199909210205078 -0.0106410980224609 0.17413330078125 -0.2908935546875
0.00356483459472656 -0.0272712707519531 -0.113937377929688 0.253250122070313
0.0181732177734375 -0.0243091583251953 -0.2900390625 0.043670654296875
0.0128488540649414 0.0132665634155273 -0.285736083984375 -0.36431884765625
0.0118522644042969 0.01776123046875 0.1087646484375 -0.6241455078125
-0.0292854309082031 0.0153026580810547 0.715576171875 -0.2464599609375
-0.0349445343017578 -0.0197849273681641 0.75738525390625 0.46527099609375
0.0145587921142578 -0.0326137542724609 0.1624755859375 0.57916259765625
0.031036376953125 -0.0131549835205078 0.0456085205078125 0.0871505737304688
0.0220718383789063 -0.0161418914794922 -0.01458740234375 -0.56903076171875
0.00137901306152344 -0.0255393981933594 -0.64703369140625 -0.60882568359375
-0.0268611907958984 -0.0114364624023438 -0.81536865234375 0.22869873046875
-0.0177497863769531 0.00569915771484375 -0.19488525390625 0.6800537109375
-0.000978469848632813 0.0129280090332031 0.22705078125 0.440704345703125
0.0120811462402344 0.00577259063720703 0.305267333984375 -0.032958984375
0.0224494934082031 -0.00925636291503906 0.174041748046875 -0.289947509765625
0.003997802734375 -0.02618408203125 -0.114013671875 0.253036499023438
0.0183601379394531 -0.0261001586914063 -0.286468505859375 0.042022705078125
0.0111246109008789 0.00907611846923828 -0.27960205078125 -0.36810302734375
0.0111751556396484 0.0153369903564453 0.11785888671875 -0.62115478515625
-0.0254192352294922 0.0164546966552734 0.7174072265625 -0.23651123046875
-0.0291786193847656 -0.0156574249267578 0.75018310546875 0.4737548828125
0.0166110992431641 -0.0254421234130859 0.15509033203125 0.5816650390625
0.0288887023925781 -0.00469207763671875 0.044036865234375 0.0858001708984375
0.0240612030029297 -0.00853538513183594 -0.01605224609375 -0.5693359375
0.00697517395019531 -0.0204200744628906 -0.649658203125 -0.60235595703125
-0.0226917266845703 -0.0103607177734375 -0.81182861328125 0.23504638671875
-0.0176486968994141 0.00271987915039063 -0.1884765625 0.67889404296875
-0.000621318817138671 0.00760746002197266 0.231231689453125 0.437469482421875
0.0121450424194336 0.00405597686767578 0.307525634765625 -0.034759521484375
0.0233993530273437 -0.00803565979003906 0.17333984375 -0.29150390625
0.00441551208496094 -0.0261459350585938 -0.115646362304687 0.25146484375
0.0187473297119141 -0.0271053314208984 -0.284576416015625 0.040008544921875
0.00898075103759766 0.00340843200683594 -0.27587890625 -0.371856689453125
0.00899696350097656 0.0113363265991211 0.125 -0.6202392578125
-0.0219593048095703 0.0173835754394531 0.72467041015625 -0.22625732421875
-0.0233573913574219 -0.0106258392333984 0.74566650390625 0.48785400390625
0.0183334350585938 -0.0189647674560547 0.15008544921875 0.583984375
0.026702880859375 0.00216484069824219 0.0444259643554688 0.0818328857421875
0.0250606536865234 -0.00258445739746094 -0.024658203125 -0.57000732421875
0.0113229751586914 -0.0148115158081055 -0.659912109375 -0.59033203125
-0.0177345275878906 -0.00919532775878906 -0.8062744140625 0.24700927734375
-0.0179634094238281 -0.00201416015625 -0.1796875 0.68157958984375
-3.6001205444336E-05 0.00274109840393066 0.238128662109375 0.432647705078125
0.012786865234375 0.00166797637939453 0.30859375 -0.037567138671875
0.0217399597167969 -0.00807762145996094 0.17022705078125 -0.293487548828125
0.00168037414550781 -0.0260353088378906 -0.119949340820312 0.25213623046875
0.0188064575195313 -0.0291023254394531 -0.28564453125 0.0386962890625001
0.0075373649597168 -0.00138187408447266 -0.268280029296875 -0.3797607421875
0.00933456420898438 0.00702095031738281 0.138916015625 -0.6212158203125
-0.0188331604003906 0.0178451538085937 0.72991943359375 -0.21270751953125
-0.0192832946777344 -0.00581550598144531 0.73504638671875 0.5020751953125
0.0189876556396484 -0.0136318206787109 0.14105224609375 0.58203125
0.0245532989501953 0.00697135925292969 0.0445938110351563 0.0761947631835938
0.0253276824951172 0.0035858154296875 -0.0340576171874999 -0.5723876953125
0.0145320892333984 -0.0111465454101563 -0.66925048828125 -0.57891845703125
-0.0143651962280273 -0.00825977325439453 -0.80072021484375 0.26202392578125
-0.0174751281738281 -0.00619792938232422 -0.16571044921875 0.6826171875
-0.000407695770263672 -0.00311470031738281 0.247314453125 0.426727294921875
0.0134391784667969 -0.000497817993164063 0.3087158203125 -0.0413818359375
0.0195560455322266 -0.00716781616210937 0.165924072265625 -0.29486083984375
-0.00211524963378906 -0.0277080535888672 -0.12493896484375 0.253250122070313
0.0194721221923828 -0.0296649932861328 -0.28863525390625 0.03704833984375
0.00653314590454101 -0.00672054290771484 -0.261138916015625 -0.38201904296875
0.0102386474609375 0.00341701507568359 0.15191650390625 -0.62005615234375
-0.0175609588623047 0.0176506042480469 0.73541259765625 -0.20013427734375
-0.0165109634399414 -0.00339412689208985 0.72271728515625 0.51513671875
0.019775390625 -0.0100631713867188 0.128173828125 0.58001708984375
0.0235576629638672 0.0104694366455078 0.0452651977539063 0.0687599182128906
0.0262832641601563 0.00748252868652344 -0.04229736328125 -0.576171875
0.0165205001831055 -0.00777053833007813 -0.682373046875 -0.5660400390625
-0.0115118026733398 -0.00964641571044922 -0.7923583984375 0.27728271484375
-0.0176563262939453 -0.00994300842285157 -0.15216064453125 0.682861328125
-0.000812530517578126 -0.00725603103637695 0.25439453125 0.422088623046875
0.0124311447143555 -0.00157260894775391 0.30804443359375 -0.042938232421875
0.015899658203125 -0.00835037231445313 0.16058349609375 -0.296844482421875
-0.00814056396484375 -0.0311832427978516 -0.125732421875 0.2613525390625
0.0166435241699219 -0.0214672088623047 -0.304290771484375 0.0513916015625
0.0141668319702148 0.0154609680175781 -0.2886962890625 -0.3643798828125
0.0137968063354492 0.017512321472168 0.11602783203125 -0.63299560546875
-0.0346012115478516 0.0116119384765625 0.7205810546875 -0.2501220703125
-0.0458755493164062 -0.0265159606933594 0.7459716796875 0.46435546875
0.00767135620117188 -0.0454025268554687 0.1492919921875 0.57061767578125
0.0333728790283203 -0.0272388458251953 0.0484695434570312 0.0745086669921875
0.0163135528564453 -0.0274105072021484 -0.0224609375 -0.5833740234375
-0.0086517333984375 -0.0328178405761719 -0.6629638671875 -0.60418701171875
-0.0310955047607422 -0.0139751434326172 -0.81280517578125 0.24072265625
-0.0141963958740234 0.00629615783691406 -0.17645263671875 0.6806640625
0.00298309326171875 0.0141830444335938 0.235321044921875 0.44134521484375
0.0115633010864258 0.00843238830566406 0.2960205078125 -0.0313720703125
0.0120201110839844 -0.0136451721191406 0.168212890625 -0.292236328125
-0.00366973876953125 -0.0285434722900391 -0.119369506835937 0.259307861328125
0.0159645080566406 -0.0228118896484375 -0.298553466796875 0.050079345703125
0.0150032043457031 0.0163545608520508 -0.291168212890625 -0.363006591796875
0.01287841796875 0.0190296173095703 0.10870361328125 -0.63153076171875
-0.0337276458740234 0.014312744140625 0.72021484375 -0.2537841796875
-0.0439987182617188 -0.02532958984375 0.75555419921875 0.4586181640625
0.00920867919921875 -0.0433845520019531 0.1593017578125 0.57537841796875
0.0337142944335938 -0.0254592895507813 0.0479965209960938 0.0807266235351563
0.0175399780273438 -0.0261306762695313 -0.0186157226562501 -0.57794189453125
-0.00647544860839844 -0.0329837799072266 -0.656494140625 -0.61297607421875
-0.0312271118164063 -0.0137500762939453 -0.81695556640625 0.233154296875
-0.0164775848388672 0.00756645202636719 -0.18853759765625 0.68304443359375
0.00182914733886719 0.0166072845458984 0.229949951171875 0.443450927734375
0.0117731094360352 0.00898551940917969 0.300018310546875 -0.0322265625
0.0153732299804688 -0.0119771957397461 0.169647216796875 -0.293121337890625
-0.00103569030761719 -0.0281734466552734 -0.114486694335938 0.258041381835938
0.0168876647949219 -0.0234642028808594 -0.29400634765625 0.04876708984375
0.0148658752441406 0.0162124633789063 -0.2916259765625 -0.36322021484375
0.0127792358398438 0.0185661315917969 0.10443115234375 -0.62774658203125
-0.0329093933105469 0.0149421691894531 0.71649169921875 -0.25433349609375
-0.0403976440429688 -0.0229301452636719 0.75738525390625 0.45849609375
0.0112571716308594 -0.039306640625 0.1619873046875 0.57830810546875
0.0323410034179688 -0.0194911956787109 0.047393798828125 0.086334228515625
0.0198535919189453 -0.0226573944091797 -0.0138549804687501 -0.5738525390625
-0.00270652770996094 -0.0296268463134766 -0.6495361328125 -0.6131591796875
-0.0296268463134766 -0.0121974945068359 -0.81939697265625 0.23004150390625
-0.0165863037109375 0.00741195678710938 -0.19244384765625 0.68353271484375
0.000247001647949219 0.0154294967651367 0.229034423828125 0.44476318359375
0.0124750137329102 0.00738048553466797 0.30413818359375 -0.031585693359375
0.0194263458251953 -0.0115184783935547 0.174224853515625 -0.29339599609375
0.00255393981933594 -0.026275634765625 -0.113021850585938 0.256088256835938
0.0173835754394531 -0.0246982574462891 -0.290435791015625 0.0460815429687499
0.0132932662963867 0.0133047103881836 -0.289764404296875 -0.365997314453125
0.0109710693359375 0.0168895721435547 0.10699462890625 -0.62811279296875
-0.029266357421875 0.0161228179931641 0.71905517578125 -0.25018310546875
-0.0355796813964844 -0.0194931030273437 0.76055908203125 0.46142578125
0.0140514373779297 -0.0338344573974609 0.1636962890625 0.58074951171875
0.0311450958251953 -0.0129547119140625 0.045745849609375 0.0867233276367188
0.0225467681884766 -0.0151138305664062 -0.0159912109375001 -0.57147216796875
0.00251388549804687 -0.0256519317626953 -0.65142822265625 -0.6099853515625
-0.0269718170166016 -0.0109710693359375 -0.81903076171875 0.2332763671875
-0.0190982818603516 0.00563621520996094 -0.1925048828125 0.68463134765625
-0.000611305236816407 0.0126962661743164 0.231414794921875 0.443328857421875
0.0123071670532227 0.0058135986328125 0.30560302734375 -0.034576416015625
0.0218849182128906 -0.00990104675292969 0.173309326171875 -0.29241943359375
0.00343132019042969 -0.0257511138916016 -0.113494873046875 0.25421142578125
0.0177879333496094 -0.0267982482910156 -0.286651611328125 0.044189453125
0.0114383697509766 0.00885105133056641 -0.283477783203125 -0.368682861328125
0.0113792419433594 0.0134544372558594 0.1136474609375 -0.6253662109375
-0.0258693695068359 0.0173397064208984 0.7210693359375 -0.239013671875
-0.0296058654785156 -0.0153312683105469 0.75457763671875 0.47454833984375
0.0169925689697266 -0.0264797210693359 0.1571044921875 0.58349609375
0.0303497314453125 -0.00424957275390625 0.0456390380859375 0.0865402221679688
0.0236225128173828 -0.00862693786621094 -0.01812744140625 -0.5704345703125
0.00824546813964844 -0.0210819244384766 -0.65362548828125 -0.603759765625
-0.0215530395507813 -0.0105342864990234 -0.81402587890625 0.2393798828125
-0.0179214477539063 0.00314903259277344 -0.18768310546875 0.68475341796875
0.000637054443359375 0.00887584686279297 0.235595703125 0.438507080078125
0.012934684753418 0.00350475311279297 0.3076171875 -0.036041259765625
0.0234813690185547 -0.008148193359375 0.172882080078125 -0.293853759765625
0.0020751953125 -0.0251083374023438 -0.115463256835937 0.253402709960938
0.0180130004882812 -0.0287532806396484 -0.2861328125 0.04278564453125
0.00926876068115234 0.00342464447021484 -0.27935791015625 -0.37298583984375
0.00877761840820313 0.0105390548706055 0.1220703125 -0.625244140625
-0.0228385925292969 0.0171718597412109 0.7279052734375 -0.23089599609375
-0.0240764617919922 -0.0103988647460937 0.74853515625 0.48699951171875
0.0181102752685547 -0.0197792053222656 0.1513671875 0.586181640625
0.0267143249511719 0.00207138061523438 0.0456314086914063 0.08270263671875
0.0252361297607422 -0.00200843811035156 -0.0249023437500001 -0.5736083984375
0.0120992660522461 -0.0148439407348633 -0.665283203125 -0.59259033203125
-0.018768310546875 -0.00885772705078125 -0.8111572265625 0.25244140625
-0.0182628631591797 -0.00187492370605469 -0.1768798828125 0.68701171875
-0.000111579895019531 0.00260782241821289 0.241973876953125 0.4356689453125
0.0129127502441406 0.000522613525390625 0.31085205078125 -0.039276123046875
0.0218219757080078 -0.00790596008300781 0.1693115234375 -0.295013427734375
0.00111198425292969 -0.0251941680908203 -0.119094848632813 0.253860473632813
0.0180301666259766 -0.0294971466064453 -0.28717041015625 0.0405883789062501
0.00675058364868164 -0.00208091735839844 -0.270355224609375 -0.37841796875
0.00861358642578125 0.00607681274414063 0.13525390625 -0.62384033203125
-0.0196056365966797 0.0180492401123047 0.732421875 -0.2169189453125
-0.0202274322509766 -0.00631523132324219 0.73895263671875 0.5001220703125
0.0193862915039063 -0.0140552520751953 0.14190673828125 0.58355712890625
0.0248432159423828 0.00714492797851562 0.0454788208007812 0.0767059326171875
0.026275634765625 0.00357627868652344 -0.0357666015625 -0.5750732421875
0.0154848098754883 -0.0105562210083008 -0.67529296875 -0.57928466796875
-0.0137605667114258 -0.00854301452636719 -0.8037109375 0.2689208984375
-0.017521858215332 -0.00603389739990234 -0.163818359375 0.68780517578125
-0.000279664993286133 -0.00242757797241211 0.250213623046875 0.4290771484375
0.0130233764648438 -0.000693321228027344 0.309967041015625 -0.04248046875
0.0195484161376953 -0.00685691833496094 0.16595458984375 -0.296630859375
-0.00362205505371094 -0.0280494689941406 -0.123977661132812 0.253860473632812
0.0194168090820312 -0.03082275390625 -0.2899169921875 0.0389404296875
0.00634384155273438 -0.00711584091186523 -0.26373291015625 -0.382415771484375
0.0106000900268555 0.00174999237060547 0.14892578125 -0.62554931640625
-0.0183811187744141 0.0169258117675781 0.73785400390625 -0.20428466796875
-0.0170860290527344 -0.00377845764160156 0.72943115234375 0.51318359375
0.0191154479980469 -0.0118465423583984 0.1302490234375 0.58172607421875
0.0238914489746094 0.0101699829101562 0.0462493896484375 0.0690078735351562
0.0260429382324219 0.00691986083984375 -0.0430908203125 -0.5794677734375
0.0168247222900391 -0.00824928283691406 -0.687744140625 -0.567626953125
-0.0121173858642578 -0.00928497314453125 -0.79693603515625 0.2818603515625
-0.0177898406982422 -0.00989913940429687 -0.150390625 0.68585205078125
-0.000199794769287109 -0.00871849060058594 0.256988525390625 0.42352294921875
0.0127077102661133 -0.0023651123046875 0.308868408203125 -0.044097900390625
0.0159454345703125 -0.00894260406494141 0.159942626953125 -0.298736572265625
-0.00876235961914063 -0.0310001373291016 -0.124099731445313 0.2640380859375
0.0156383514404297 -0.0217761993408203 -0.305023193359375 0.05322265625
0.0150918960571289 0.0152854919433594 -0.292388916015625 -0.365020751953125
0.0138788223266602 0.0169267654418945 0.11181640625 -0.6363525390625
-0.0344562530517578 0.0129604339599609 0.72503662109375 -0.251953125
-0.0460090637207031 -0.0271492004394531 0.74884033203125 0.46142578125
0.00744247436523438 -0.0452690124511719 0.1529541015625 0.57305908203125
0.0336074829101563 -0.0276908874511719 0.0502777099609375 0.0749588012695313
0.0174560546875 -0.0277652740478516 -0.0245971679687501 -0.58587646484375
-0.00929832458496094 -0.0335426330566406 -0.66748046875 -0.6048583984375
-0.0311412811279297 -0.0131969451904297 -0.8157958984375 0.246826171875
-0.0143623352050781 0.00569725036621094 -0.17413330078125 0.685791015625
0.00334453582763672 0.0148029327392578 0.240020751953125 0.443145751953125
0.0125837326049805 0.00813865661621094 0.2987060546875 -0.03277587890625
0.0109949111938477 -0.0145196914672852 0.167327880859375 -0.29595947265625
-0.00461959838867188 -0.0295143127441406 -0.117431640625 0.260787963867188
0.0158843994140625 -0.0237884521484375 -0.300079345703125 0.051177978515625
0.0153741836547852 0.0172863006591797 -0.29534912109375 -0.362945556640625
0.0132980346679688 0.0187129974365234 0.10589599609375 -0.6341552734375
-0.0342693328857422 0.0140457153320313 0.72210693359375 -0.2591552734375
-0.0450096130371094 -0.0263786315917969 0.7593994140625 0.45672607421875
0.00946044921875 -0.0434799194335938 0.1611328125 0.58026123046875
0.0333919525146484 -0.0250205993652344 0.0486068725585937 0.0813446044921875
0.0189342498779297 -0.0268516540527344 -0.02008056640625 -0.58209228515625
-0.00668716430664063 -0.0323905944824219 -0.66241455078125 -0.6129150390625
-0.03155517578125 -0.0128631591796875 -0.8216552734375 0.2384033203125
-0.0160884857177734 0.00784492492675781 -0.185791015625 0.688720703125
0.00206470489501953 0.017451286315918 0.23333740234375 0.447296142578125
0.0122642517089844 0.00769710540771484 0.30072021484375 -0.032958984375
0.0162277221679688 -0.0129508972167969 0.169403076171875 -0.2955322265625
-0.00168609619140625 -0.0283412933349609 -0.114395141601562 0.2611083984375
0.0167789459228516 -0.0238933563232422 -0.295501708984375 0.050323486328125
0.0148324966430664 0.0156946182250977 -0.294647216796875 -0.363189697265625
0.0125942230224609 0.0184173583984375 0.10113525390625 -0.6317138671875
-0.0323963165283203 0.0154514312744141 0.71844482421875 -0.2574462890625
-0.0405654907226563 -0.0230598449707031 0.76190185546875 0.455810546875
0.0112876892089844 -0.0400924682617187 0.16265869140625 0.58135986328125
0.0332260131835938 -0.0198478698730469 0.0483551025390625 0.0869216918945313
0.0206279754638672 -0.0216693878173828 -0.0155029296875 -0.57757568359375
-0.00266265869140625 -0.0303058624267578 -0.65570068359375 -0.61419677734375
-0.0294990539550781 -0.0116081237792969 -0.822021484375 0.23529052734375
-0.0172386169433594 0.00813961029052734 -0.190185546875 0.6903076171875
0.000593185424804688 0.0160436630249023 0.23272705078125 0.4468994140625
0.0119600296020508 0.00670719146728516 0.304718017578125 -0.03369140625
0.0194320678710938 -0.0108833312988281 0.173126220703125 -0.296234130859375
0.00235176086425781 -0.0267963409423828 -0.113021850585938 0.257797241210938
0.0166015625 -0.0251026153564453 -0.291168212890625 0.04827880859375
0.0142917633056641 0.0126743316650391 -0.29351806640625 -0.366424560546875
0.0113277435302734 0.0169334411621094 0.10357666015625 -0.631103515625
-0.0295753479003906 0.0175590515136719 0.7220458984375 -0.25408935546875
-0.0359001159667969 -0.020263671875 0.76446533203125 0.4615478515625
0.0135593414306641 -0.0340213775634766 0.166259765625 0.583984375
0.0308914184570313 -0.0136089324951172 0.0480499267578125 0.0881195068359375
0.0221443176269531 -0.0160942077636719 -0.01702880859375 -0.57452392578125
0.00265884399414063 -0.0256195068359375 -0.65728759765625 -0.609619140625
-0.0273475646972656 -0.0103816986083984 -0.821533203125 0.23834228515625
-0.0187473297119141 0.00636482238769531 -0.19024658203125 0.69183349609375
0.000970840454101563 0.0131683349609375 0.23431396484375 0.44500732421875
0.0125589370727539 0.00531959533691406 0.306884765625 -0.03619384765625
0.0223236083984375 -0.00948715209960938 0.172576904296875 -0.29583740234375
0.00242996215820313 -0.0257587432861328 -0.11273193359375 0.256744384765625
0.0173053741455078 -0.0278434753417969 -0.288421630859375 0.04620361328125
0.0113964080810547 0.00844478607177735 -0.28863525390625 -0.368499755859375
0.0109710693359375 0.0133724212646484 0.111083984375 -0.62890625
-0.0258884429931641 0.0173397064208984 0.7215576171875 -0.24298095703125
-0.0295429229736328 -0.0149497985839844 0.7596435546875 0.47198486328125
0.0155906677246094 -0.0265254974365234 0.16119384765625 0.58612060546875
0.0292682647705078 -0.00504302978515625 0.0463638305664063 0.087554931640625
0.0248394012451172 -0.0087890625 -0.01910400390625 -0.57379150390625
0.00788688659667969 -0.0210399627685547 -0.66046142578125 -0.60198974609375
-0.0229320526123047 -0.00940513610839843 -0.81744384765625 0.24591064453125
-0.0190277099609375 0.00280570983886719 -0.183837890625 0.68939208984375
0.000561714172363281 0.0080714225769043 0.238739013671875 0.441741943359375
0.0134916305541992 0.00321483612060547 0.309173583984375 -0.0380859375
0.0224933624267578 -0.00901603698730469 0.17169189453125 -0.296722412109375
0.0028533935546875 -0.0263652801513672 -0.114181518554688 0.2552490234375
0.0177631378173828 -0.0292453765869141 -0.287445068359375 0.044097900390625
0.00938701629638672 0.00252342224121094 -0.28204345703125 -0.372955322265625
0.00986385345458984 0.0103187561035156 0.1185302734375 -0.6280517578125
-0.0228157043457031 0.0193004608154297 0.728759765625 -0.23382568359375
-0.0239448547363281 -0.0112285614013672 0.75531005859375 0.484130859375
0.0175971984863281 -0.0206184387207031 0.15386962890625 0.58758544921875
0.0267257690429688 0.00254249572753906 0.0468826293945313 0.0830307006835937
0.0258350372314453 -0.00215911865234375 -0.02789306640625 -0.57562255859375
0.0128269195556641 -0.0159025192260742 -0.67138671875 -0.592529296875
-0.017338752746582 -0.00817298889160156 -0.8140869140625 0.2587890625
-0.019256591796875 -0.00113296508789063 -0.17474365234375 0.69378662109375
0.000336766242980957 0.00218236446380615 0.245269775390625 0.436859130859375
0.0137062072753906 0.000136375427246094 0.31109619140625 -0.0416259765625
0.0224971771240234 -0.008270263671875 0.16827392578125 -0.2989501953125
0.00050544738769531 -0.0260028839111328 -0.117767333984375 0.255355834960937
0.0182323455810547 -0.0306758880615234 -0.288330078125 0.042633056640625
0.00787973403930664 -0.00219392776489258 -0.275146484375 -0.378814697265625
0.00988864898681641 0.00606060028076172 0.1329345703125 -0.6285400390625
-0.020477294921875 0.018646240234375 0.7344970703125 -0.222412109375
-0.0190658569335937 -0.00674247741699219 0.74542236328125 0.49945068359375
0.0183601379394531 -0.0151481628417969 0.14398193359375 0.58758544921875
0.0248928070068359 0.00785064697265625 0.0467910766601562 0.0771408081054688
0.0261154174804688 0.0030517578125 -0.037109375 -0.57769775390625
0.0151834487915039 -0.0114126205444336 -0.67919921875 -0.57977294921875
-0.0144386291503906 -0.00753974914550781 -0.8076171875 0.27362060546875
-0.0187053680419922 -0.00558662414550781 -0.16015625 0.69305419921875
0.000487327575683594 -0.00300741195678711 0.25384521484375 0.430206298828125
0.0132255554199219 -0.000833511352539063 0.31036376953125 -0.0439453125
0.0199127197265625 -0.00820732116699219 0.163604736328125 -0.300262451171875
-0.00428199768066406 -0.0281200408935547 -0.124008178710937 0.25665283203125
0.0189304351806641 -0.0314140319824219 -0.28912353515625 0.0418701171875001
0.00695466995239258 -0.00741100311279297 -0.268585205078125 -0.3824462890625
0.0105180740356445 0.00195789337158203 0.145751953125 -0.6282958984375
-0.0177631378173828 0.0189342498779297 0.74053955078125 -0.20806884765625
-0.0168304443359375 -0.00323486328125 0.73126220703125 0.51043701171875
0.0190544128417969 -0.0115203857421875 0.13238525390625 0.584228515625
0.0237159729003906 0.00979995727539062 0.0472412109375 0.0700035095214844
0.0263347625732422 0.00675201416015625 -0.04486083984375 -0.5804443359375
0.0179386138916016 -0.00832557678222656 -0.69268798828125 -0.5677490234375
-0.0117473602294922 -0.00850391387939453 -0.79925537109375 0.2884521484375
-0.0190639495849609 -0.00958824157714844 -0.1475830078125 0.69207763671875
0.000538825988769531 -0.00839376449584961 0.260345458984375 0.424957275390625
0.014195442199707 -0.00304031372070312 0.309783935546875 -0.046478271484375
0.0161066055297852 -0.00826168060302734 0.15936279296875 -0.30126953125
-0.00930595397949219 -0.0301399230957031 -0.12274169921875 0.266845703125
0.0150032043457031 -0.0231266021728516 -0.305450439453125 0.0553894042968749
0.0156536102294922 0.0146503448486328 -0.297027587890625 -0.3634033203125
0.0137453079223633 0.0162601470947266 0.107421875 -0.6383056640625
-0.0348854064941406 0.0132236480712891 0.72601318359375 -0.2581787109375
-0.0454483032226562 -0.0260505676269531 0.75457763671875 0.4593505859375
0.00686264038085937 -0.04559326171875 0.1553955078125 0.57525634765625
0.0340213775634766 -0.0280380249023437 0.051483154296875 0.0759429931640625
0.0165252685546875 -0.0284652709960938 -0.02691650390625 -0.5875244140625
-0.00864791870117188 -0.0329170227050781 -0.6766357421875 -0.60333251953125
-0.0315303802490234 -0.0128917694091797 -0.81927490234375 0.25299072265625
-0.0148916244506836 0.00671195983886719 -0.16943359375 0.69281005859375
0.00241470336914063 0.0142831802368164 0.24517822265625 0.44525146484375
0.012446403503418 0.00843048095703125 0.299072265625 -0.034698486328125
0.0107994079589844 -0.0144586563110352 0.165374755859375 -0.299407958984375
-0.00549697875976563 -0.0291957855224609 -0.11602783203125 0.2633056640625
0.0157527923583984 -0.0236377716064453 -0.301300048828125 0.0548706054687499
0.0157899856567383 0.0168046951293945 -0.298828125 -0.3621826171875
0.0129432678222656 0.0180702209472656 0.10174560546875 -0.638427734375
-0.0347518920898438 0.0145778656005859 0.72454833984375 -0.26287841796875
-0.0446510314941406 -0.0254287719726562 0.76397705078125 0.4541015625
0.00834274291992187 -0.0444984436035156 0.16497802734375 0.5802001953125
0.0338382720947266 -0.0253105163574219 0.0509490966796875 0.0822296142578125
0.0190906524658203 -0.0263614654541016 -0.02197265625 -0.5858154296875
-0.006256103515625 -0.0333290100097656 -0.67059326171875 -0.61248779296875
-0.0321636199951172 -0.0116844177246094 -0.8240966796875 0.245361328125
-0.0163230895996094 0.00825405120849609 -0.18133544921875 0.69354248046875
0.00268745422363281 0.0168609619140625 0.2392578125 0.448516845703125
0.0123767852783203 0.00754833221435547 0.300933837890625 -0.035430908203125
0.0154857635498047 -0.0130195617675781 0.166717529296875 -0.297637939453125
-0.00165176391601562 -0.0281028747558594 -0.113906860351563 0.26226806640625
0.0165901184082031 -0.0250682830810547 -0.296234130859375 0.0531311035156251
0.0148296356201172 0.0153923034667969 -0.29840087890625 -0.362884521484375
0.0125541687011719 0.0187301635742188 0.0968627929687501 -0.63604736328125
-0.0329627990722656 0.0164089202880859 0.71905517578125 -0.2640380859375
-0.0417060852050781 -0.0234184265136719 0.7681884765625 0.45281982421875
0.0109519958496094 -0.0397796630859375 0.1668701171875 0.5833740234375
0.0335464477539063 -0.0194034576416016 0.049652099609375 0.0862045288085938
0.0207939147949219 -0.0223121643066406 -0.0172729492187501 -0.57989501953125
-0.00210189819335938 -0.0299205780029297 -0.662353515625 -0.6126708984375
-0.0303535461425781 -0.0112171173095703 -0.8258056640625 0.24139404296875
-0.0175018310546875 0.00886440277099609 -0.18719482421875 0.6951904296875
0.00107574462890625 0.0162715911865234 0.23785400390625 0.447967529296875
0.0128889083862305 0.00679969787597656 0.30487060546875 -0.03515625
0.0185794830322266 -0.0116996765136719 0.170257568359375 -0.29986572265625
0.000787734985351562 -0.0258750915527344 -0.110855102539062 0.259552001953125
0.0164318084716797 -0.0269184112548828 -0.292266845703125 0.05047607421875
0.0146522521972656 0.0130481719970703 -0.2972412109375 -0.3648681640625
0.0110883712768555 0.0162839889526367 0.10028076171875 -0.6348876953125
-0.030029296875 0.0178852081298828 0.72259521484375 -0.26031494140625
-0.0353317260742187 -0.0196189880371094 0.76983642578125 0.458251953125
0.0127639770507812 -0.0349254608154297 0.16845703125 0.58544921875
0.0317058563232422 -0.0136547088623047 0.049468994140625 0.0890655517578125
0.0228691101074219 -0.0169467926025391 -0.0191650390625 -0.5760498046875
0.00255775451660156 -0.0264644622802734 -0.6634521484375 -0.609375
-0.0266628265380859 -0.00970458984375 -0.82464599609375 0.2469482421875
-0.0192298889160156 0.00691413879394531 -0.1854248046875 0.6968994140625
0.00115489959716797 0.0134391784667969 0.240264892578125 0.447479248046875
0.0136194229125977 0.00448513031005859 0.308074951171875 -0.037628173828125
0.0219383239746094 -0.0109519958496094 0.170745849609375 -0.29876708984375
0.00197029113769531 -0.0264434814453125 -0.111038208007813 0.257949829101562
0.0173091888427734 -0.0281867980957031 -0.289276123046875 0.04876708984375
0.0119171142578125 0.00831413269042969 -0.29107666015625 -0.3685302734375
0.0105400085449219 0.0137157440185547 0.106689453125 -0.632080078125
-0.0263233184814453 0.0188312530517578 0.7249755859375 -0.24920654296875
-0.0298347473144531 -0.01507568359375 0.76519775390625 0.46685791015625
0.0152931213378906 -0.0271644592285156 0.16302490234375 0.58917236328125
0.0295677185058594 -0.00471878051757812 0.0488662719726563 0.0872268676757813
0.024078369140625 -0.00896453857421875 -0.02130126953125 -0.577392578125
0.0076904296875 -0.0213909149169922 -0.6671142578125 -0.6015625
-0.0229663848876953 -0.00830841064453125 -0.82147216796875 0.2523193359375
-0.0193614959716797 0.00377273559570313 -0.18017578125 0.69512939453125
0.000593185424804688 0.00827312469482422 0.242828369140625 0.44281005859375
0.0137224197387695 0.00323009490966797 0.310211181640625 -0.040802001953125
0.0225734710693359 -0.00956535339355469 0.171112060546875 -0.300079345703125
0.000776290893554686 -0.0251960754394531 -0.113479614257812 0.25762939453125
0.0173416137695313 -0.0296497344970703 -0.288543701171875 0.0472412109375
0.00939273834228516 0.00264263153076172 -0.286163330078125 -0.373443603515625
0.00960826873779297 0.00958347320556641 0.11602783203125 -0.63275146484375
-0.0230941772460937 0.0196666717529297 0.7313232421875 -0.2408447265625
-0.0242919921875 -0.0100135803222656 0.75946044921875 0.481689453125
0.0165042877197266 -0.0207538604736328 0.15625 0.5899658203125
0.0269927978515625 0.00190544128417969 0.0485763549804688 0.0837631225585938
0.0253372192382813 -0.002532958984375 -0.0281982421875001 -0.578369140625
0.0128107070922852 -0.0162105560302734 -0.677490234375 -0.59051513671875
-0.018890380859375 -0.00830650329589843 -0.8153076171875 0.26641845703125
-0.0195121765136719 -0.00129318237304688 -0.17047119140625 0.69854736328125
0.00154805183410645 0.00254034996032715 0.25067138671875 0.438995361328125
0.0138330459594727 0.000224113464355469 0.311553955078125 -0.04351806640625
0.0224666595458984 -0.00789260864257813 0.1668701171875 -0.301361083984375
-0.000782012939453123 -0.0257930755615234 -0.11700439453125 0.258041381835938
0.0183963775634766 -0.0310935974121094 -0.28839111328125 0.04510498046875
0.00813817977905273 -0.0026240348815918 -0.279510498046875 -0.37890625
0.0107240676879883 0.005950927734375 0.128662109375 -0.6331787109375
-0.0198822021484375 0.01983642578125 0.7366943359375 -0.226806640625
-0.0195579528808594 -0.00702667236328125 0.750732421875 0.49676513671875
0.0186710357666016 -0.015655517578125 0.146728515625 0.58941650390625
0.0252151489257812 0.00707626342773437 0.0483322143554688 0.0772628784179688
0.0267677307128906 0.00337791442871094 -0.03851318359375 -0.5804443359375
0.0158662796020508 -0.0119466781616211 -0.68743896484375 -0.5792236328125
-0.0138273239135742 -0.00825977325439453 -0.810302734375 0.28045654296875
-0.019378662109375 -0.00580215454101563 -0.156494140625 0.69854736328125
0.000349044799804687 -0.00342440605163574 0.257659912109375 0.4322509765625
0.0139493942260742 -0.00205612182617188 0.311798095703125 -0.0462646484375
0.0196571350097656 -0.008453369140625 0.162811279296875 -0.302825927734375
-0.00535392761230468 -0.0287418365478516 -0.121780395507812 0.2578125
0.0181121826171875 -0.0319347381591797 -0.292022705078125 0.044647216796875
0.00732183456420898 -0.00821208953857422 -0.27252197265625 -0.383270263671875
0.0103216171264648 0.00119400024414063 0.1424560546875 -0.6324462890625
-0.0182037353515625 0.0194511413574219 0.7415771484375 -0.21429443359375
-0.01690673828125 -0.00380516052246094 0.7364501953125 0.50787353515625
0.0187873840332031 -0.0120525360107422 0.13555908203125 0.58740234375
0.0241527557373047 0.00983238220214844 0.0486030578613281 0.0694465637207031
0.026153564453125 0.00679397583007813 -0.0474853515625 -0.583740234375
0.0170011520385742 -0.00881671905517578 -0.699951171875 -0.5660400390625
-0.012751579284668 -0.0080881118774414 -0.7999267578125 0.294189453125
-0.0191917419433594 -0.0093994140625 -0.14263916015625 0.69793701171875
-0.000504970550537109 -0.00810575485229492 0.26641845703125 0.427032470703125
0.0145740509033203 -0.0030975341796875 0.310577392578125 -0.0479736328125
0.0159921646118164 -0.00863456726074219 0.15802001953125 -0.303863525390625
-0.0107784271240234 -0.0300807952880859 -0.1204833984375 0.268463134765625
0.0145244598388672 -0.0230026245117188 -0.307220458984375 0.058868408203125
0.0151643753051758 0.0146360397338867 -0.301513671875 -0.36248779296875
0.014286994934082 0.0165472030639648 0.102783203125 -0.64227294921875
-0.0357093811035156 0.0145988464355469 0.72821044921875 -0.26397705078125
-0.0470008850097656 -0.0264549255371094 0.7601318359375 0.4549560546875
0.00646209716796875 -0.0465545654296875 0.15814208984375 0.5771484375
0.0340957641601563 -0.0286769866943359 0.0531997680664062 0.076202392578125
0.0171852111816406 -0.0281009674072266 -0.0291748046875 -0.5906982421875
-0.00869941711425781 -0.0333728790283203 -0.6827392578125 -0.60205078125
-0.0317401885986328 -0.0121421813964844 -0.8209228515625 0.26068115234375
-0.0149135589599609 0.00754356384277344 -0.16436767578125 0.69866943359375
0.00378322601318359 0.0144882202148438 0.250732421875 0.44781494140625
0.0128250122070312 0.00709342956542969 0.299957275390625 -0.037078857421875
0.0109004974365234 -0.0154294967651367 0.1641845703125 -0.3017578125
-0.00628662109375 -0.0278949737548828 -0.11370849609375 0.265548706054687
0.0149421691894531 -0.02447509765625 -0.30194091796875 0.057586669921875
0.0163002014160156 0.0156135559082031 -0.30401611328125 -0.360687255859375
0.0134525299072266 0.0178585052490234 0.0966796875 -0.640869140625
-0.0350971221923828 0.0160655975341797 0.72552490234375 -0.26995849609375
-0.0449447631835938 -0.0246391296386719 0.770751953125 0.4508056640625
0.00764846801757813 -0.0442848205566406 0.16790771484375 0.58197021484375
0.0341053009033203 -0.0254878997802734 0.051910400390625 0.0822830200195313
0.0182781219482422 -0.0262641906738281 -0.023681640625 -0.587646484375
-0.00584793090820312 -0.0332469940185547 -0.676513671875 -0.6102294921875
-0.032318115234375 -0.0119724273681641 -0.827392578125 0.253173828125
-0.0169267654418945 0.00880527496337891 -0.17657470703125 0.7000732421875
0.00308799743652344 0.0179176330566406 0.24365234375 0.44976806640625
0.0124540328979492 0.00686740875244141 0.30267333984375 -0.037841796875
0.0154294967651367 -0.0128755569458008 0.1649169921875 -0.300567626953125
-0.00205039978027344 -0.0276317596435547 -0.111343383789063 0.264389038085938
0.0161552429199219 -0.0255279541015625 -0.296966552734375 0.056396484375
0.0157442092895508 0.0149297714233398 -0.30419921875 -0.3612060546875
0.0132122039794922 0.0175046920776367 0.0927124023437501 -0.63787841796875
-0.0335655212402344 0.0169849395751953 0.72198486328125 -0.269287109375
-0.0414085388183594 -0.0233802795410156 0.77386474609375 0.45001220703125
0.00945663452148438 -0.0407028198242188 0.16943359375 0.58526611328125
0.0339088439941406 -0.0202445983886719 0.0509567260742188 0.0864944458007813
0.0211391448974609 -0.0222663879394531 -0.0197143554687501 -0.582763671875
-0.00233650207519531 -0.0309867858886719 -0.6693115234375 -0.6112060546875
-0.0301513671875 -0.0107364654541016 -0.82720947265625 0.24822998046875
-0.0180912017822266 0.00946617126464844 -0.18035888671875 0.7012939453125
0.00157070159912109 0.0161876678466797 0.243255615234375 0.44964599609375
0.0128326416015625 0.00617504119873047 0.3062744140625 -0.038055419921875
0.0187664031982422 -0.0118751525878906 0.1689453125 -0.301971435546875
0.000505447387695313 -0.0262069702148438 -0.109848022460937 0.261962890625
0.0168113708496094 -0.0273876190185547 -0.292724609375 0.053955078125
0.0140762329101563 0.0115890502929688 -0.30267333984375 -0.36395263671875
0.0113868713378906 0.0161685943603516 0.0939331054687501 -0.63787841796875
-0.0300617218017578 0.0199298858642578 0.72491455078125 -0.26507568359375
-0.0361137390136719 -0.0192756652832031 0.775390625 0.4544677734375
0.0115718841552734 -0.0346317291259766 0.17279052734375 0.58685302734375
0.0317211151123047 -0.0128231048583984 0.0509872436523437 0.0889053344726562
0.0225734710693359 -0.0162029266357422 -0.0221557617187501 -0.5787353515625
0.00235557556152344 -0.0264987945556641 -0.6708984375 -0.60626220703125
-0.0269393920898438 -0.00944709777832031 -0.82757568359375 0.252685546875
-0.0192699432373047 0.00700569152832031 -0.18145751953125 0.7017822265625
0.00134944915771484 0.013026237487793 0.245147705078125 0.44854736328125
0.0133743286132813 0.00392055511474609 0.308441162109375 -0.039764404296875
0.0213909149169922 -0.0103034973144531 0.16900634765625 -0.302642822265625
0.00101661682128906 -0.0257091522216797 -0.109527587890625 0.2603759765625
0.0169029235839844 -0.02899169921875 -0.290924072265625 0.05108642578125
0.0118618011474609 0.00751781463623047 -0.295654296875 -0.36773681640625
0.0104198455810547 0.0132045745849609 0.102294921875 -0.63702392578125
-0.0267963409423828 0.0192089080810547 0.72650146484375 -0.2550048828125
-0.0296649932861328 -0.0150165557861328 0.77001953125 0.463623046875
0.0142250061035156 -0.0273609161376953 0.16717529296875 0.58953857421875
0.0296516418457031 -0.00493049621582031 0.0492935180664062 0.0882339477539063
0.0239486694335937 -0.00920295715332031 -0.02459716796875 -0.57818603515625
0.00807571411132813 -0.0212211608886719 -0.674072265625 -0.6016845703125
-0.0223960876464844 -0.00880050659179688 -0.82275390625 0.2615966796875
-0.0196666717529297 0.00363349914550781 -0.17529296875 0.701171875
0.000925064086914063 0.00888824462890625 0.248138427734375 0.444793701171875
0.0147495269775391 0.00207328796386719 0.310455322265625 -0.04266357421875
0.0236854553222656 -0.0100307464599609 0.168060302734375 -0.30352783203125
0.000904083251953123 -0.0250625610351563 -0.111297607421875 0.259597778320313
0.0172500610351562 -0.0298557281494141 -0.28948974609375 0.0491638183593749
0.00974655151367188 0.00242805480957031 -0.29119873046875 -0.371490478515625
0.00964927673339844 0.00918006896972656 0.11126708984375 -0.63623046875
-0.0230445861816406 0.0201053619384766 0.7337646484375 -0.24700927734375
-0.0243549346923828 -0.0100669860839844 0.76611328125 0.4786376953125
0.0165805816650391 -0.0211544036865234 0.16015625 0.59326171875
0.0272789001464844 0.00248908996582031 0.04931640625 0.0843963623046875
0.0265235900878906 -0.00275802612304688 -0.0331420898437499 -0.5802001953125
0.0129995346069336 -0.0158329010009766 -0.68353271484375 -0.590576171875
-0.0183849334716797 -0.00863075256347656 -0.8184814453125 0.27392578125
-0.0198936462402344 -0.000864028930664065 -0.16412353515625 0.7034912109375
0.00104784965515137 0.00224757194519043 0.25482177734375 0.439605712890625
0.0143098831176758 -0.00058746337890625 0.31219482421875 -0.0455322265625
0.0222434997558594 -0.00891685485839844 0.165283203125 -0.304656982421875
-0.00114059448242187 -0.0255813598632813 -0.115524291992187 0.259063720703125
0.0174121856689453 -0.0320014953613281 -0.290374755859375 0.048492431640625
0.00808286666870117 -0.00321340560913086 -0.282989501953125 -0.378387451171875
0.0101795196533203 0.00481414794921875 0.12493896484375 -0.6370849609375
-0.0211677551269531 0.0203914642333984 0.7403564453125 -0.2330322265625
-0.0200099945068359 -0.00642967224121093 0.75421142578125 0.4930419921875
0.0175933837890625 -0.0156497955322266 0.1512451171875 0.5914306640625
0.0257358551025391 0.00689125061035156 0.0495681762695312 0.0776824951171875
0.0270099639892578 0.00299072265625 -0.0418090820312499 -0.58294677734375
0.0173473358154297 -0.0115776062011719 -0.693359375 -0.5775146484375
-0.0146570205688477 -0.00753879547119141 -0.81146240234375 0.28692626953125
-0.0193767547607422 -0.0049285888671875 -0.15106201171875 0.70330810546875
0.000712871551513672 -0.00264453887939453 0.2635498046875 0.433380126953125
0.0144472122192383 -0.00216484069824219 0.31219482421875 -0.04827880859375
0.0202369689941406 -0.00887870788574219 0.160308837890625 -0.30682373046875
-0.00538063049316407 -0.0274887084960938 -0.12109375 0.259719848632813
0.0187320709228516 -0.0328350067138672 -0.291717529296875 0.047332763671875
0.00698232650756836 -0.00815963745117187 -0.27667236328125 -0.3819580078125
0.00989818572998047 0.00112533569335938 0.1378173828125 -0.63531494140625
-0.0189323425292969 0.019561767578125 0.7440185546875 -0.22003173828125
-0.0173196792602539 -0.00302410125732422 0.74432373046875 0.50616455078125
0.0178565979003906 -0.0119361877441406 0.13836669921875 0.5885009765625
0.0240058898925781 0.00986289978027344 0.049896240234375 0.0707778930664063
0.0267696380615234 0.00681304931640625 -0.050048828125 -0.585693359375
0.0176906585693359 -0.00840950012207031 -0.70733642578125 -0.56451416015625
-0.0117311477661133 -0.00721263885498047 -0.80377197265625 0.302978515625
-0.0187320709228516 -0.00941848754882813 -0.13751220703125 0.704833984375
0.000226974487304688 -0.00824737548828125 0.270904541015625 0.4287109375
0.0143089294433594 -0.00319290161132813 0.31134033203125 -0.0509033203125
0.0159854888916016 -0.00867652893066406 0.156219482421875 -0.3067626953125
-0.00896962942760173 -0.0086681574708249 -0.29202462932803 0.0411609590654406
-0.000408905708994045 -0.00852796887392375 -0.197146562121905 -0.25737321159681
0.0407096891170293 0.00434153242811632 0.186257350782591 -0.467045336821044
0.00306043839654828 0.0335681496403695 0.62779954424444 -0.210377600909789
-0.0323716985204729 0.0507203084902817 0.630437420031582 0.532364562805642
-0.0603286452829814 -0.00685348578577037 -0.0878690458120131 0.869571152026312
-0.0525933017750908 -0.0170528552513864 -0.494558820356192 0.339939411812772
-0.0453719541336866 -0.0120599052448055 -0.0494241806608217 0.0900659301278995
-0.0455293545854727 0.0404007897659762 0.543038794277708 -0.250261860067451
0.0248919220825716 0.0511920260147153 0.218094735813113 -0.84991129814056
0.0524816464909354 0.0264417537616616 -0.616039843460498 -0.647980361883814
0.0277461239635066 -0.0293157919170581 -0.724776458647001 0.167251439886021
-0.000362633857571439 -0.0481258831073337 -0.242039073034431 0.442345826886951
-0.0181417768658829 -0.0135270701639421 0.170353429499724 0.243983920432502
-0.0229030462924912 0.0138271801366775 0.324771278800692 -0.0438334806301917
-0.0102610784484432 -0.01224959475751 -0.286730780575047 0.0449512703422264
-0.00242664798507731 -0.00867776642704002 -0.193035781076491 -0.252517153230072
0.0413921924367391 0.00330687109936899 0.184552085437931 -0.469297130164394
0.00517523926052039 0.032368154852181 0.622888719029251 -0.215767098334
-0.0310526785788929 0.0512370526673694 0.634843723095455 0.527855898687386
-0.0619145119156434 -0.00829898347429859 -0.0801581066153889 0.87600420612007
-0.0524629186479242 -0.0194165527830421 -0.497764457922991 0.350238942536591
-0.0436015380375399 -0.014906744364644 -0.0559046204344231 0.0920340891615544
-0.045576765178218 0.0364341939272571 0.541011389393891 -0.242690376189499
0.0234527195644977 0.0492776877121882 0.226758054857369 -0.847552114228475
0.0530739867820868 0.0259030378900549 -0.610979520329645 -0.660000000723923
0.0309616094105297 -0.0289787009363972 -0.731101051915717 0.156963820302051
0.00252807448988297 -0.0489509926335378 -0.247636972513284 0.438520248573908
-0.0186356381781751 -0.0130199222197833 0.172619419384715 0.246199062450195
-0.0230862442063716 0.0095087367523453 0.323991948159423 -0.0424838215064419
-0.0114628680362177 -0.0153596729329525 -0.28534372208261 0.0478635971822271
-0.0031715960792344 -0.00979955705308555 -0.190609214999217 -0.24891582395097
0.0411234688435003 0.00312767002328403 0.183247702185778 -0.469016012699097
0.00666548938844576 0.0328960531607994 0.617759667463212 -0.218250257119229
-0.0308403228515532 0.0480786084922229 0.631481017831029 0.524359474733593
-0.0632362348418035 -0.0123459992280083 -0.0776085119881698 0.879403850825204
-0.0498659661378637 -0.0224077388079188 -0.498517202040246 0.35301293114433
-0.0391067439168254 -0.0180878711955966 -0.0613103107162916 0.093069540567023
-0.0436297247534195 0.0328098019927784 0.537508584873116 -0.236072955740035
0.0229629447622651 0.045324896749148 0.229261769442278 -0.841096381674883
0.0528882570333509 0.0245466264117401 -0.608913637037659 -0.662678455250124
0.0328808062089176 -0.0277681828508035 -0.734687125142808 0.152848343263228
0.00187846770413789 -0.0478058713017902 -0.247384780816772 0.438293690262514
-0.0202564229387704 -0.0129694919474592 0.174335436526609 0.249119283351792
-0.024325489687691 0.00645810534979014 0.328129758549687 -0.0398991513963039
-0.0122123127654963 -0.017673488314301 -0.281086775780967 0.0482776807735145
-0.00512182874856443 -0.00708850067583693 -0.184699495258673 -0.245798992426885
0.0389894511911879 0.00654560695719838 0.187237769499125 -0.467620298840633
0.00440080130050678 0.0345009304051486 0.619274077036833 -0.215608231308519
-0.0327221579950235 0.0444954609003912 0.630498169918705 0.528430176008071
-0.0639932647869646 -0.0188671361976587 -0.0809790289371167 0.88293396495425
-0.0463955275056546 -0.028185357529392 -0.501918186288856 0.355979424914796
-0.0326914169810741 -0.0207828038434712 -0.0642963390131422 0.0927962252497069
-0.0389506031542797 0.0270784488051528 0.533391311500428 -0.239289409178744
0.0231321451603949 0.0380494416552636 0.223032708646269 -0.841571614112992
0.052048342647983 0.0200177038648151 -0.613688392648929 -0.659093819253738
0.0312517281349996 -0.0259663389605326 -0.735321437473734 0.154026121521031
0.000570339042593283 -0.0454162693453366 -0.244999679933815 0.439368899034773
-0.0208615811299204 -0.0122778042989547 0.17693433723103 0.251625956174702
-0.0239083715561741 0.00292219462187655 0.327015345109687 -0.0398154142353066
-0.0118208305273852 -0.0199316592460745 -0.280851746408947 0.0469120902644627
-0.00723879758528011 -0.00695268739470105 -0.182539235857809 -0.243452230953028
0.035741247171444 0.0112120344475713 0.194580886283582 -0.464521589033128
0.00214289901748249 0.037325186500829 0.622655565575963 -0.208362694226882
-0.035302316725038 0.0401159263651606 0.620815505873445 0.537447180618122
-0.0627799146871381 -0.0274579333315831 -0.0935075858676193 0.883645188143241
-0.0405534885775885 -0.0340208441238432 -0.506855775162756 0.350231381356693
-0.0256583368043699 -0.0243224658359755 -0.064517863167876 0.0908309733406455
-0.03346534575076 0.0217548048066518 0.53186036104823 -0.239886328529785
0.0242389739323052 0.0299497251248842 0.215838822767802 -0.841162708909165
0.0495771358060741 0.0167262438991453 -0.619126941604814 -0.653539666841193
0.0283555693157141 -0.0241869610922693 -0.731579892926449 0.159601980814709
-0.00258190668904347 -0.0418385205189282 -0.238262363468088 0.440158952511028
-0.0237206443002813 -0.0114120032601577 0.18095758737527 0.252165563507308
-0.0247770191815312 0.00267104658045163 0.327038791270699 -0.0401050180922042
-0.0112142805845829 -0.0186771146773323 -0.280922608305476 0.0441616724249752
-0.00802817866233011 -0.00581091185807323 -0.179170312933043 -0.243240498503811
0.032730324719912 0.0166268349370007 0.202426296315187 -0.461968398844792
-0.00189105384100927 0.0414933461875435 0.62842014260414 -0.198238791895695
-0.0377113947459488 0.0369764692275882 0.614712446938314 0.547375154794055
-0.061708085144926 -0.0358505749288748 -0.108588131526073 0.886128442961899
-0.0360529258217173 -0.0392157534292478 -0.510754323775217 0.345143071054574
-0.0191973214928723 -0.0269928784337894 -0.0612681422152426 0.0884656438616916
-0.0279704844676432 0.0174215497113916 0.529396812804584 -0.249898434312216
0.0250317776051712 0.0227051148264115 0.200429226666525 -0.844873633741742
0.0472433547643711 0.0121125626647151 -0.628553746621019 -0.641547456630769
0.0238504401177355 -0.020979174552045 -0.728623188563457 0.171562936891444
-0.00717604901053985 -0.0380614889936958 -0.232085588271394 0.444587064222046
-0.0252845103642409 -0.010226492544206 0.184529148583774 0.252027068745297
-0.0239074483311371 0.00137838250917591 0.326479121840385 -0.0445353579837447
-0.00956733855792228 -0.0164795963680935 -0.28285476112847 0.0418084871226164
-0.010027969524025 -0.00564226200907319 -0.178043126048192 -0.244738941058129
0.0276297601752474 0.0221260913116805 0.214868417300998 -0.457604030325151
-0.00563644564918388 0.0442990414773279 0.635252187617294 -0.187929895199967
-0.0395222035821139 0.0329682863940751 0.604495339066162 0.560369994423031
-0.0606886737929372 -0.0435158660066664 -0.126681438025356 0.882286811650893
-0.0299624317514474 -0.042445543479389 -0.515502804551978 0.334233386354074
-0.0138344617961132 -0.0285224443407892 -0.0548384472427423 0.085617221206441
-0.0228725600382597 0.0132694693413252 0.526205048379329 -0.261406586289554
0.02706962069809 0.0162702608799078 0.184969396697473 -0.847562201647489
0.0458811612907651 0.00932140483048239 -0.641113700395162 -0.628608365227713
0.0187456734571224 -0.0193107318068962 -0.722157337117634 0.185143206833421
-0.0113721836195892 -0.0331104002039408 -0.223403864461036 0.448073683465469
-0.0270875409164906 -0.0085965055019048 0.186445629480566 0.250828356977782
-0.0224489605636254 0.0041699549073205 0.325373035226424 -0.048937613686831
-0.00863491429963229 -0.0126317158893289 -0.285489502898284 0.0366893831078929
-0.0109392777153163 -0.00555688566485789 -0.178689340413235 -0.246458114162807
0.024098993598897 0.0271348407530349 0.223026722176203 -0.452693156019436
-0.0105353959443697 0.0463104015528761 0.643113908804088 -0.172818696060483
-0.0427357843473974 0.0304421328751538 0.595492578221754 0.573208931543883
-0.0585342317299113 -0.0479210731829266 -0.144604527367647 0.878021478085422
-0.0265553630811451 -0.0445225221225635 -0.516986073012449 0.322721297389734
-0.0107981964174495 -0.0284006918765522 -0.0476354220911217 0.0812549515597236
-0.0190988101657675 0.0129267311514234 0.526923056416476 -0.26856377650468
0.0292446876223531 0.0128594518832335 0.168578061004887 -0.854852770302373
0.0421621569054373 0.00570990666148035 -0.649675419833127 -0.613479123073068
0.0146457976548436 -0.0175798160416732 -0.714569959065738 0.198155385141163
-0.0156187149847447 -0.0291742001332539 -0.214223587939211 0.451468055735596
-0.0284241461552516 -0.0074736296441987 0.188570893766491 0.247869079502396
-0.0204525457215983 0.00724638952935909 0.323295938566594 -0.0539531312323993
