TRXV5
3
4
4
9
string Extension=J
integer IsArchMeasurement=1
integer IsSpherical=1
string Generator=SPM
string GeneratorVersion=1.3.1 Dev
double ArchRadius=0.449999988079071
integer FrequencyAxisIndex=0
integer AzimuthAxisIndex=1
integer ElevationAxisIndex=2
Frequency
5 201 600000000 700000000 LIN
Azimuth
7 8 0 2.74889357189107 LIN
Elevation
7 15 -2.74889357189107 2.74889357189107 LIN
Polar H Real Part
13
Polar H Imaginary Part
14
Polar V Real Part
13
Polar V Imaginary Part
14
Polar H Magnitude (dB)
12 0xC0000002 0 1
Polar H Phase
7 0xC0000003 0 1
Polar V Magnitude (dB)
12 0xC0000002 2 3
Polar V Phase
7 0xC0000003 2 3
-0.00693607330322266 -0.0149679183959961 0.120407104492187 0.168685913085937
-0.0314807891845703 0.00826263427734375 0.345367431640625 0.42340087890625
-0.0315818786621094 0.0383949279785156 0.387481689453125 0.5411376953125
-0.00944709777832031 0.0301303863525391 0.31951904296875 0.6959228515625
0.0074310302734375 -0.0183372497558594 0.14117431640625 0.72540283203125
0.014556884765625 -0.0581169128417969 0.0465698242187501 0.66326904296875
0.0183143615722656 -0.0516510009765625 0.015167236328125 0.39031982421875
0.0166893005371094 -0.0645179748535156 0.0448532104492188 -0.00453948974609375
0.014892578125 -0.0717926025390625 0.06439208984375 -0.388946533203125
0.0318832397460938 -0.081024169921875 -0.00817871093750006 -0.65692138671875
0.0423774719238281 -0.0482330322265625 -0.25341796875 -0.7247314453125
0.0207176208496094 -0.01806640625 -0.44219970703125 -0.65643310546875
-0.00343990325927734 0.0137128829956055 -0.41217041015625 -0.57928466796875
-0.0264568328857422 -0.0090179443359375 -0.349090576171875 -0.31597900390625
-0.0105094909667969 -0.0596351623535156 -0.116714477539062 -0.0878982543945313
0.0134296417236328 0.02001953125 0.111557006835938 0.161422729492188
-0.00396156311035156 0.0286235809326172 0.33868408203125 0.427734375
-0.0122928619384766 0.0346622467041016 0.375885009765625 0.543853759765625
-0.0112056732177734 0.0224990844726562 0.297607421875 0.6993408203125
-0.0103607177734375 -0.0119180679321289 0.111572265625 0.7359619140625
-0.00434494018554687 -0.0391502380371094 0.0262451171875 0.67449951171875
0.00917625427246094 -0.0264530181884766 0.00897216796875 0.400665283203125
0.0117034912109375 -0.0430183410644531 0.0440673828125 0.0035858154296875
0.00642013549804687 -0.0499839782714844 0.059539794921875 -0.381927490234375
0.0162696838378906 -0.0609779357910156 -0.02716064453125 -0.6468505859375
0.0258941650390625 -0.03759765625 -0.27423095703125 -0.709228515625
0.0146808624267578 -0.0196933746337891 -0.4600830078125 -0.64044189453125
0.00726127624511719 0.0110187530517578 -0.4295654296875 -0.57366943359375
-0.00538825988769531 0.00148820877075195 -0.357757568359375 -0.31866455078125
0.0172309875488281 -0.0345439910888672 -0.116783142089844 -0.0959243774414063
0.0372276306152344 0.0591659545898437 0.108642578125 0.157440185546875
0.0259323120117188 0.0541343688964844 0.33306884765625 0.430084228515625
0.0111579895019531 0.0342025756835938 0.362335205078125 0.552032470703125
-0.0119791030883789 0.0141582489013672 0.27703857421875 0.70611572265625
-0.0291690826416016 -0.00757789611816407 0.0927734374999999 0.7431640625
-0.0245819091796875 -0.0235862731933594 0.012939453125 0.6741943359375
-0.00257349014282227 -0.00272870063781738 0.00595092773437496 0.400054931640625
0.00551223754882813 -0.019378662109375 0.0439109802246094 0.000850677490234374
-0.00366020202636719 -0.0293674468994141 0.056640625 -0.384613037109375
0.000923156738281249 -0.0398216247558594 -0.0369873046875 -0.64398193359375
0.00905799865722657 -0.0246181488037109 -0.2857666015625 -0.69970703125
0.00663375854492187 -0.0185756683349609 -0.472900390625 -0.62713623046875
0.0186843872070313 0.00848960876464844 -0.43817138671875 -0.56414794921875
0.0216407775878906 0.0114212036132812 -0.35906982421875 -0.31500244140625
0.0480422973632813 -0.0063018798828125 -0.110443115234375 -0.09771728515625
0.0587539672851562 0.0910873413085937 0.115814208984375 0.162368774414063
0.051788330078125 0.0744705200195313 0.3260498046875 0.4254150390625
0.0307102203369141 0.0337867736816406 0.35015869140625 0.5635986328125
-0.011871337890625 0.00885772705078125 0.2684326171875 0.7203369140625
-0.0443038940429688 -0.00107574462890626 0.0880126953124999 0.75030517578125
-0.0428199768066406 -0.00925445556640625 0.00994873046874993 0.67034912109375
-0.0133228302001953 0.0161886215209961 0.00408935546874996 0.38690185546875
0.000805735588073731 -0.00182604789733887 0.0452537536621094 -0.0126876831054688
-0.0120649337768555 -0.00937557220458985 0.051239013671875 -0.39410400390625
-0.0138912200927734 -0.0213737487792969 -0.04388427734375 -0.648681640625
-0.00408077239990234 -0.0113649368286133 -0.2899169921875 -0.69781494140625
-0.000360488891601564 -0.0174617767333984 -0.47760009765625 -0.615234375
0.0315036773681641 0.00390243530273438 -0.44354248046875 -0.555755615234375
0.0450935363769531 0.0206260681152344 -0.356597900390625 -0.314056396484375
0.0775299072265625 0.0215301513671875 -0.100448608398438 -0.0902557373046875
0.0788116455078125 0.109580993652344 0.1282958984375 0.17041015625
0.0718307495117188 0.083221435546875 0.320068359375 0.423980712890625
0.04156494140625 0.0327033996582031 0.34027099609375 0.57574462890625
-0.0158653259277344 0.00720405578613281 0.27001953125 0.7327880859375
-0.0586509704589844 0.00530242919921875 0.0994873046875 0.75347900390625
-0.0566825866699219 0.00224304199218749 0.0196533203124999 0.65338134765625
-0.0203342437744141 0.0295772552490234 0.009185791015625 0.36724853515625
-0.00258731842041016 0.0107450485229492 0.047332763671875 -0.0324783325195313
-0.0180778503417969 0.00459098815917969 0.05047607421875 -0.411895751953125
-0.0272102355957031 -0.0074615478515625 -0.04327392578125 -0.660888671875
-0.0148801803588867 -0.00379467010498047 -0.28778076171875 -0.70050048828125
-0.00234794616699219 -0.0187530517578125 -0.47216796875 -0.61151123046875
0.041900634765625 0.00171661376953125 -0.44183349609375 -0.545928955078125
0.0676651000976563 0.0315589904785156 -0.347564697265625 -0.310089111328125
0.0991973876953125 0.0480575561523438 -0.0890731811523438 -0.0745468139648437
0.0924758911132813 0.111343383789063 0.144317626953125 0.180877685546875
0.0777969360351563 0.0838699340820313 0.318939208984375 0.41943359375
0.0427207946777344 0.0332107543945313 0.3388671875 0.588623046875
-0.01849365234375 0.00990676879882813 0.28460693359375 0.7449951171875
-0.064666748046875 0.0124015808105469 0.11883544921875 0.74835205078125
-0.0607986450195313 0.00662612915039062 0.03399658203125 0.636474609375
-0.0232086181640625 0.0312938690185547 0.01544189453125 0.34368896484375
-0.00419998168945313 0.0135660171508789 0.0485458374023438 -0.0567970275878906
-0.0228462219238281 0.00697708129882813 0.05206298828125 -0.434173583984375
-0.0331535339355469 -0.00319862365722656 -0.0341186523437501 -0.679443359375
-0.0230274200439453 -0.00275230407714844 -0.27337646484375 -0.71002197265625
-0.00244140625 -0.0227279663085938 -0.4605712890625 -0.6104736328125
0.051727294921875 0.00245285034179688 -0.4365234375 -0.53961181640625
0.082794189453125 0.04400634765625 -0.33819580078125 -0.305999755859375
0.108329772949219 0.0710678100585937 -0.0792770385742187 -0.0535507202148438
0.0971221923828125 0.0996551513671875 0.163055419921875 0.1934814453125
0.0743942260742188 0.0756607055664063 0.3211669921875 0.41949462890625
0.0374069213867188 0.033050537109375 0.35064697265625 0.59613037109375
-0.0223941802978516 0.0139446258544922 0.31475830078125 0.745849609375
-0.0621223449707031 0.0132102966308594 0.1513671875 0.73455810546875
-0.0566062927246094 0.00472640991210938 0.05682373046875 0.612060546875
-0.0186901092529297 0.0235443115234375 0.0213623046875 0.31768798828125
-0.00168418884277344 0.00637531280517578 0.0507888793945312 -0.0804061889648438
-0.0230789184570313 0.00334548950195313 0.060638427734375 -0.45794677734375
-0.0332908630371094 -0.00726509094238281 -0.0123291015625 -0.69854736328125
-0.0230369567871094 -0.00622940063476562 -0.247802734375 -0.72283935546875
0.000556945800781251 -0.0244979858398438 -0.43756103515625 -0.6146240234375
0.057647705078125 0.00592422485351563 -0.42535400390625 -0.535186767578125
0.0858078002929688 0.0524215698242187 -0.32763671875 -0.303009033203125
0.107536315917969 0.0825347900390625 -0.0687980651855469 -0.0289955139160156
0.0902252197265625 0.08209228515625 0.179183959960938 0.19879150390625
0.0592994689941406 0.0653038024902344 0.32763671875 0.416534423828125
0.0271263122558594 0.0349082946777344 0.37078857421875 0.5950927734375
-0.0215320587158203 0.0199241638183594 0.349609375 0.73675537109375
-0.0537147521972656 0.00975418090820312 0.1854248046875 0.71820068359375
-0.0473289489746094 -0.00499343872070313 0.0780029296875001 0.5889892578125
-0.0135097503662109 0.00919532775878906 0.028076171875 0.296051025390625
0.00142145156860351 -0.00795698165893555 0.0513229370117187 -0.10015869140625
-0.0188884735107422 -0.00823593139648437 0.073028564453125 -0.47491455078125
-0.0274295806884766 -0.01824951171875 0.0175170898437501 -0.71343994140625
-0.0160083770751953 -0.0133724212646484 -0.209716796875 -0.73797607421875
0.00399017333984375 -0.0236644744873047 -0.4114990234375 -0.6224365234375
0.0536537170410156 0.00911712646484375 -0.411376953125 -0.5364990234375
0.078704833984375 0.0538101196289063 -0.320220947265625 -0.29931640625
0.0911941528320313 0.0815963745117188 -0.0624732971191406 -0.00453186035156248
-0.00611305236816406 -0.0165033340454102 0.1197509765625 0.167755126953125
-0.0319461822509766 0.00736999511718749 0.345001220703125 0.4210205078125
-0.0310211181640625 0.03851318359375 0.3858642578125 0.5369873046875
-0.0109310150146484 0.0305233001708984 0.3193359375 0.69268798828125
0.00711822509765625 -0.0188217163085938 0.13946533203125 0.722412109375
0.0136871337890625 -0.0579376220703125 0.0493164062500001 0.65960693359375
0.0185089111328125 -0.0503997802734375 0.01416015625 0.3880615234375
0.016845703125 -0.0634727478027344 0.0427818298339844 -0.003692626953125
0.0138473510742187 -0.0711669921875 0.06549072265625 -0.3865966796875
0.0312576293945313 -0.078399658203125 -0.01116943359375 -0.65582275390625
0.0411491394042969 -0.0490493774414063 -0.25506591796875 -0.72064208984375
0.0213890075683594 -0.0181598663330078 -0.44097900390625 -0.6519775390625
-0.00347423553466797 0.0154743194580078 -0.41290283203125 -0.57568359375
-0.0279102325439453 -0.00778388977050781 -0.350067138671875 -0.31396484375
-0.0113143920898437 -0.0605583190917969 -0.115119934082031 -0.0876083374023438
0.0133781433105469 0.0192852020263672 0.111358642578125 0.15948486328125
-0.00479316711425781 0.0284366607666016 0.3387451171875 0.428680419921875
-0.0108718872070313 0.0343971252441406 0.37579345703125 0.541351318359375
-0.0112895965576172 0.0234603881835937 0.29718017578125 0.6956787109375
-0.00999164581298828 -0.0112714767456055 0.1143798828125 0.73114013671875
-0.00400543212890625 -0.0395774841308594 0.02783203125 0.66986083984375
0.00829505920410156 -0.0262489318847656 0.010467529296875 0.3970947265625
0.0110626220703125 -0.0420646667480469 0.0431747436523438 0.00291061401367187
0.00490951538085938 -0.0492897033691406 0.057464599609375 -0.3802490234375
0.0140838623046875 -0.060791015625 -0.02789306640625 -0.643310546875
0.0248451232910156 -0.0381736755371094 -0.27349853515625 -0.7059326171875
0.0145244598388672 -0.0205535888671875 -0.46124267578125 -0.6363525390625
0.00826454162597656 0.0104284286499023 -0.42718505859375 -0.5694580078125
-0.00422453880310059 0.00106406211853027 -0.354827880859375 -0.3167724609375
0.0151138305664063 -0.0361175537109375 -0.117607116699219 -0.0966033935546875
0.0369796752929687 0.0592613220214844 0.108367919921875 0.1575927734375
0.0248985290527344 0.0544166564941406 0.3302001953125 0.4267578125
0.0114974975585938 0.0345821380615234 0.361480712890625 0.54998779296875
-0.0110549926757812 0.0151338577270508 0.27764892578125 0.70404052734375
-0.029510498046875 -0.00650978088378906 0.0946044921874999 0.73919677734375
-0.0243473052978516 -0.0247020721435547 0.0147705078124999 0.6732177734375
-0.00276851654052734 -0.00298166275024414 0.00469970703124997 0.39898681640625
0.00431251525878906 -0.0195121765136719 0.0431480407714844 0.00116348266601562
-0.00295639038085938 -0.0288047790527344 0.05413818359375 -0.383636474609375
-0.00136566162109375 -0.0395965576171875 -0.03814697265625 -0.6416015625
0.0100917816162109 -0.024139404296875 -0.287109375 -0.69476318359375
0.00758743286132813 -0.0181083679199219 -0.47235107421875 -0.62371826171875
0.0188827514648438 0.00724411010742188 -0.439849853515625 -0.560150146484375
0.0209236145019531 0.0116786956787109 -0.357818603515625 -0.31561279296875
0.0464591979980469 -0.00806808471679688 -0.110809326171875 -0.0958786010742188
0.059417724609375 0.090789794921875 0.115127563476563 0.159759521484375
0.0520858764648438 0.0741119384765625 0.3245849609375 0.425567626953125
0.0310592651367188 0.0346546173095703 0.350433349609375 0.55889892578125
-0.0127944946289063 0.00885963439941406 0.26806640625 0.7149658203125
-0.0452156066894531 -0.00113677978515626 0.091064453125 0.74725341796875
-0.0434036254882813 -0.00787353515625001 0.0111694335937499 0.667236328125
-0.0134906768798828 0.0165767669677734 0.00558471679687504 0.386260986328125
0.00096893310546875 -0.00197839736938477 0.0434989929199219 -0.0105247497558594
-0.0125312805175781 -0.00922298431396484 0.050140380859375 -0.392669677734375
-0.0156955718994141 -0.0197181701660156 -0.04461669921875 -0.6463623046875
-0.00486564636230469 -0.0113849639892578 -0.29107666015625 -0.69451904296875
0.000101089477539061 -0.0175714492797852 -0.47637939453125 -0.613525390625
0.0304088592529297 0.00433731079101563 -0.442596435546875 -0.552154541015625
0.0453834533691406 0.0201568603515625 -0.354339599609375 -0.31329345703125
0.0759735107421875 0.0217437744140625 -0.101852416992188 -0.090118408203125
0.0794677734375 0.108207702636719 0.127410888671875 0.167098999023437
0.0698776245117188 0.0838088989257812 0.31890869140625 0.42095947265625
0.0414810180664063 0.0336380004882813 0.34136962890625 0.5731201171875
-0.015477180480957 0.00645732879638672 0.26953125 0.73040771484375
-0.0576286315917969 0.00635528564453125 0.0994873046875 0.74786376953125
-0.0564308166503906 0.00330734252929688 0.01849365234375 0.65032958984375
-0.0199298858642578 0.0296535491943359 0.00973510742187501 0.366119384765625
-0.00246620178222656 0.0114507675170898 0.044708251953125 -0.0312423706054688
-0.0195732116699219 0.00473403930664063 0.04974365234375 -0.410736083984375
-0.0267848968505859 -0.00629425048828125 -0.044189453125 -0.6566162109375
-0.0156345367431641 -0.0044717788696289 -0.28717041015625 -0.6968994140625
-0.00250244140625 -0.0192890167236328 -0.47186279296875 -0.60784912109375
0.0419883728027344 0.0013885498046875 -0.44207763671875 -0.541656494140625
0.068817138671875 0.0322303771972656 -0.34912109375 -0.310333251953125
0.0965423583984375 0.0491790771484375 -0.0885772705078125 -0.0734176635742188
0.0931854248046875 0.110572814941406 0.143447875976563 0.179275512695313
0.0788650512695313 0.0835647583007813 0.316864013671875 0.4171142578125
0.044647216796875 0.0327262878417969 0.341064453125 0.5853271484375
-0.0192623138427734 0.00979995727539062 0.28436279296875 0.74072265625
-0.0633468627929688 0.0107955932617188 0.12030029296875 0.74591064453125
-0.0600776672363281 0.00721740722656251 0.0358276367187499 0.6312255859375
-0.0208492279052734 0.0324783325195313 0.01641845703125 0.341796875
-0.00294113159179688 0.0130739212036133 0.0470809936523438 -0.056640625
-0.0232448577880859 0.00967025756835937 0.050048828125 -0.433135986328125
-0.0341930389404297 -0.0028228759765625 -0.0357666015625 -0.6754150390625
-0.0220451354980469 -0.00301742553710938 -0.274169921875 -0.707275390625
-0.003448486328125 -0.0220355987548828 -0.46014404296875 -0.6060791015625
0.0530509948730469 0.00272750854492188 -0.43585205078125 -0.535888671875
0.081390380859375 0.04315185546875 -0.33880615234375 -0.3043212890625
0.106597900390625 0.0699386596679687 -0.0795669555664063 -0.0529937744140625
0.0954971313476563 0.0990829467773438 0.162063598632813 0.190948486328125
0.0738906860351563 0.0759506225585937 0.320098876953125 0.41632080078125
0.0360832214355469 0.0322418212890625 0.34979248046875 0.59368896484375
-0.0213279724121094 0.0139980316162109 0.31573486328125 0.74053955078125
-0.0626716613769531 0.0130691528320312 0.1527099609375 0.73223876953125
-0.0575714111328125 0.00475692749023438 0.0562133789062501 0.6090087890625
-0.0191287994384766 0.0244274139404297 0.021697998046875 0.316619873046875
-0.00284624099731445 0.00663614273071289 0.048553466796875 -0.079925537109375
-0.0242042541503906 0.00452232360839844 0.05743408203125 -0.455810546875
-0.0337848663330078 -0.00642967224121093 -0.01458740234375 -0.69512939453125
-0.0219383239746094 -0.00710678100585937 -0.24749755859375 -0.72076416015625
0.000959396362304688 -0.0255870819091797 -0.4364013671875 -0.61151123046875
0.0567970275878906 0.0049896240234375 -0.423919677734375 -0.531646728515625
0.0858917236328125 0.051361083984375 -0.329132080078125 -0.301605224609375
0.105194091796875 0.080718994140625 -0.0679512023925781 -0.0275611877441406
0.0893402099609375 0.0812911987304687 0.177383422851562 0.19873046875
0.0604209899902344 0.064605712890625 0.325164794921875 0.41412353515625
0.0277442932128906 0.03448486328125 0.3697509765625 0.59161376953125
-0.0198574066162109 0.0193061828613281 0.3505859375 0.73284912109375
-0.0528945922851563 0.010284423828125 0.18438720703125 0.71246337890625
-0.0479049682617188 -0.00366210937500001 0.07781982421875 0.58624267578125
-0.0141239166259766 0.00930976867675781 0.028594970703125 0.295867919921875
0.00260019302368164 -0.00628471374511719 0.050689697265625 -0.0999374389648437
-0.0200920104980469 -0.0069580078125 0.070831298828125 -0.472747802734375
-0.0277080535888672 -0.0176925659179687 0.01708984375 -0.71038818359375
-0.016331672668457 -0.0139293670654297 -0.21075439453125 -0.7352294921875
0.00422096252441406 -0.0253105163574219 -0.40985107421875 -0.61810302734375
0.0547370910644531 0.00946426391601562 -0.412139892578125 -0.533966064453125
0.0786209106445313 0.0538558959960938 -0.320159912109375 -0.299102783203125
0.09027099609375 0.0806732177734375 -0.0633354187011719 -0.00318527221679688
-0.00678539276123047 -0.0161075592041016 0.116714477539063 0.167312622070313
-0.0318412780761719 0.00786590576171875 0.34210205078125 0.421600341796875
-0.0306739807128906 0.0375633239746094 0.3853759765625 0.53668212890625
-0.0107173919677734 0.0318012237548828 0.31988525390625 0.6907958984375
0.00481986999511719 -0.0185508728027344 0.1397705078125 0.71966552734375
0.013641357421875 -0.0565147399902344 0.04937744140625 0.6568603515625
0.0187759399414062 -0.0500640869140625 0.01495361328125 0.38592529296875
0.016357421875 -0.0629615783691406 0.0424118041992188 -0.00417709350585938
0.0141563415527344 -0.0688705444335938 0.064056396484375 -0.38507080078125
0.03009033203125 -0.0778350830078125 -0.01068115234375 -0.65203857421875
0.0395164489746094 -0.0487747192382813 -0.25347900390625 -0.71868896484375
0.0213584899902344 -0.0178184509277344 -0.44049072265625 -0.6492919921875
-0.0038299560546875 0.0143270492553711 -0.4140625 -0.57244873046875
-0.0279064178466797 -0.00903129577636719 -0.3486328125 -0.313385009765625
-0.0124549865722656 -0.0602607727050781 -0.115646362304688 -0.0871124267578125
0.0130157470703125 0.0184116363525391 0.1090087890625 0.1591796875
-0.00448036193847656 0.0292091369628906 0.337005615234375 0.4244384765625
-0.0101242065429687 0.0341663360595703 0.37469482421875 0.5399169921875
-0.0112285614013672 0.0224514007568359 0.2955322265625 0.6920166015625
-0.0106601715087891 -0.0119085311889648 0.11273193359375 0.72869873046875
-0.00497817993164063 -0.0394973754882812 0.0286865234375 0.66766357421875
0.00900459289550781 -0.0260772705078125 0.00830078124999997 0.396331787109375
0.0109176635742187 -0.0403213500976562 0.0408668518066406 0.00315475463867187
0.00426101684570312 -0.0498161315917969 0.05584716796875 -0.37762451171875
0.0145988464355469 -0.0600967407226563 -0.02801513671875 -0.64208984375
0.0256118774414063 -0.0384712219238281 -0.27435302734375 -0.70440673828125
0.0148658752441406 -0.019683837890625 -0.459228515625 -0.63189697265625
0.00968265533447266 0.0107955932617188 -0.426513671875 -0.56573486328125
-0.00380420684814453 0.00186800956726074 -0.354644775390625 -0.31500244140625
0.0141258239746094 -0.0365180969238281 -0.117172241210938 -0.0972900390625
0.0361976623535156 0.0574302673339844 0.106826782226563 0.155593872070313
0.0260238647460938 0.0531845092773437 0.331146240234375 0.42633056640625
0.0131397247314453 0.0344047546386719 0.36175537109375 0.546142578125
-0.0102519989013672 0.0144634246826172 0.27630615234375 0.70147705078125
-0.0283870697021484 -0.007232666015625 0.0946044921875 0.7384033203125
-0.0252132415771484 -0.0227489471435547 0.01361083984375 0.668701171875
-0.00349068641662598 -0.00310158729553223 0.00482177734375002 0.39630126953125
0.00570106506347656 -0.0201244354248047 0.0420913696289063 0.00100326538085937
-0.00371742248535156 -0.0275096893310547 0.053375244140625 -0.3795166015625
-0.000839233398437497 -0.0383987426757812 -0.0385131835937501 -0.63824462890625
0.00954437255859375 -0.0244121551513672 -0.284912109375 -0.691650390625
0.00707626342773437 -0.0184059143066406 -0.47161865234375 -0.6199951171875
0.0195884704589844 0.00763893127441406 -0.4383544921875 -0.556396484375
0.0204334259033203 0.0106773376464844 -0.3558349609375 -0.3134765625
0.0451889038085938 -0.00770187377929688 -0.111236572265625 -0.095947265625
0.058074951171875 0.0873794555664063 0.112380981445313 0.158828735351563
0.0523757934570312 0.0741348266601563 0.3232421875 0.424835205078125
0.0312862396240234 0.0345497131347656 0.349273681640625 0.5594482421875
-0.0131340026855469 0.0095357894897461 0.268310546875 0.71484375
-0.0454444885253906 -6.10351562499994E-05 0.0881958007812499 0.74285888671875
-0.0425148010253906 -0.00679397583007812 0.01190185546875 0.66326904296875
-0.0139217376708984 0.0176773071289063 0.00515747070312501 0.385833740234375
0.000120699405670166 -0.000973284244537354 0.0429115295410156 -0.0102653503417969
-0.0121784210205078 -0.00845146179199219 0.049224853515625 -0.39031982421875
-0.0160980224609375 -0.0191917419433594 -0.0458984375 -0.64434814453125
-0.00480461120605469 -0.0125455856323242 -0.29071044921875 -0.69158935546875
0.0012359619140625 -0.0176467895507813 -0.4759521484375 -0.609619140625
0.0306377410888672 0.00385093688964844 -0.44232177734375 -0.54913330078125
0.0446357727050781 0.0208663940429688 -0.3531494140625 -0.3111572265625
0.074920654296875 0.0210113525390625 -0.101226806640625 -0.089263916015625
0.0777435302734375 0.107353210449219 0.125381469726562 0.16693115234375
0.069366455078125 0.0842208862304688 0.317779541015625 0.419952392578125
0.0431365966796875 0.0329170227050781 0.33929443359375 0.57098388671875
-0.0159101486206055 0.0071401596069336 0.2698974609375 0.72808837890625
-0.0580062866210937 0.00682830810546875 0.09954833984375 0.745849609375
-0.0564155578613281 0.0038909912109375 0.020263671875 0.64813232421875
-0.0199756622314453 0.0307216644287109 0.00869750976562499 0.3658447265625
-0.00212383270263672 0.0116443634033203 0.0447540283203125 -0.0317001342773438
-0.0196590423583984 0.00699615478515625 0.048431396484375 -0.4073486328125
-0.0253429412841797 -0.0064544677734375 -0.0440673828125 -0.65386962890625
-0.0160789489746094 -0.00433444976806641 -0.285400390625 -0.69384765625
-0.002197265625 -0.0192451477050781 -0.4703369140625 -0.605224609375
0.0431022644042969 0.00219345092773438 -0.44122314453125 -0.539520263671875
0.067352294921875 0.0320472717285156 -0.346832275390625 -0.309234619140625
0.0965423583984375 0.0473709106445312 -0.090179443359375 -0.0740737915039062
0.091400146484375 0.109901428222656 0.143035888671875 0.1776123046875
0.07745361328125 0.0825729370117187 0.3157958984375 0.41717529296875
0.0440406799316406 0.0327377319335938 0.340087890625 0.58331298828125
-0.0177650451660156 0.00923538208007813 0.285888671875 0.7374267578125
-0.0630226135253906 0.0120735168457031 0.120361328125 0.7423095703125
-0.0609855651855469 0.00912094116210938 0.0361328125 0.62908935546875
-0.0217609405517578 0.0320281982421875 0.015960693359375 0.340484619140625
-0.00454139709472656 0.0133857727050781 0.0466880798339844 -0.0558090209960937
-0.0229835510253906 0.00990676879882812 0.049407958984375 -0.430633544921875
-0.0343303680419922 -0.00129318237304687 -0.0358276367187501 -0.6728515625
-0.022308349609375 -0.00300788879394531 -0.2728271484375 -0.70465087890625
-0.00235557556152344 -0.0230312347412109 -0.45806884765625 -0.60552978515625
0.0523529052734375 0.00287246704101562 -0.433929443359375 -0.53326416015625
0.0805206298828125 0.0426254272460938 -0.337310791015625 -0.30462646484375
0.105384826660156 0.0683059692382813 -0.0797882080078125 -0.0530014038085937
0.096160888671875 0.09893798828125 0.159194946289063 0.1895751953125
0.073577880859375 0.0753936767578125 0.31878662109375 0.415802001953125
0.0386848449707031 0.0324211120605469 0.34967041015625 0.59051513671875
-0.0216541290283203 0.0141582489013672 0.3153076171875 0.73980712890625
-0.0617332458496094 0.0136909484863281 0.152099609375 0.73065185546875
-0.0579643249511719 0.00600051879882812 0.0570068359375 0.60809326171875
-0.0192813873291016 0.0248527526855469 0.02239990234375 0.317718505859375
-0.00134658813476563 0.00792264938354492 0.0479736328125 -0.07977294921875
-0.0236358642578125 0.00663757324218751 0.05810546875 -0.452667236328125
-0.0338401794433594 -0.00628662109375001 -0.0147705078125001 -0.69317626953125
-0.0232887268066406 -0.00645637512207031 -0.24725341796875 -0.71759033203125
0.000617980957031249 -0.0241260528564453 -0.4366455078125 -0.60711669921875
0.0575103759765625 0.00566864013671875 -0.425537109375 -0.529327392578125
0.08502197265625 0.0522079467773438 -0.3265380859375 -0.30010986328125
0.102348327636719 0.0804443359375 -0.0694160461425781 -0.0292549133300781
0.0880126953125 0.0796051025390625 0.177200317382813 0.19635009765625
0.0597648620605469 0.0651741027832031 0.324188232421875 0.413665771484375
0.0293712615966797 0.0350074768066406 0.37152099609375 0.59130859375
-0.0205097198486328 0.0190963745117187 0.34893798828125 0.7310791015625
-0.0533103942871094 0.0116348266601563 0.1865234375 0.7099609375
-0.0489349365234375 -0.00356674194335938 0.0776977539062501 0.58251953125
-0.014012336730957 0.00917434692382812 0.027252197265625 0.292388916015625
0.00118637084960938 -0.00643825531005859 0.0499343872070313 -0.0993804931640625
-0.0191936492919922 -0.00714111328125 0.07012939453125 -0.47052001953125
-0.0277004241943359 -0.0165615081787109 0.01409912109375 -0.70794677734375
-0.0168962478637695 -0.0132303237915039 -0.21221923828125 -0.732666015625
0.00388526916503906 -0.0249710083007813 -0.40948486328125 -0.61480712890625
0.0536766052246094 0.00931930541992188 -0.412506103515625 -0.530548095703125
0.0773468017578125 0.0535659790039063 -0.319091796875 -0.298095703125
0.0886611938476563 0.0789718627929688 -0.0617866516113281 -0.00423431396484374
-0.00551223754882812 -0.0178108215332031 0.117462158203125 0.165359497070313
-0.0337047576904297 0.009246826171875 0.34283447265625 0.420379638671875
-0.0294418334960938 0.038299560546875 0.385711669921875 0.536346435546875
-0.0102939605712891 0.0319118499755859 0.3173828125 0.68994140625
0.00609588623046875 -0.0188236236572266 0.1380615234375 0.71844482421875
0.0123062133789062 -0.0574913024902344 0.0483398437500001 0.656982421875
0.0185432434082031 -0.0500602722167969 0.015045166015625 0.385650634765625
0.0155525207519531 -0.0643653869628906 0.0418739318847656 -0.0032806396484375
0.01446533203125 -0.0681571960449219 0.063934326171875 -0.384368896484375
0.0300140380859375 -0.077911376953125 -0.0119018554687499 -0.65155029296875
0.0389823913574219 -0.0483589172363281 -0.25433349609375 -0.7166748046875
0.0207748413085938 -0.0194911956787109 -0.44000244140625 -0.646728515625
-0.00258731842041016 0.0135393142700195 -0.410888671875 -0.57275390625
-0.0286388397216797 -0.00864410400390625 -0.3455810546875 -0.3134765625
-0.0130271911621094 -0.0615081787109375 -0.11505126953125 -0.0867080688476562
0.0134181976318359 0.0185317993164062 0.1075439453125 0.159011840820312
-0.004669189453125 0.0284442901611328 0.33770751953125 0.4232177734375
-0.00860786437988281 0.0340862274169922 0.37451171875 0.539398193359375
-0.0119075775146484 0.0237560272216797 0.29449462890625 0.69219970703125
-0.00952911376953125 -0.0112533569335937 0.11309814453125 0.72674560546875
-0.00507736206054688 -0.0384864807128906 0.0289916992187501 0.6658935546875
0.00830650329589843 -0.0266323089599609 0.010101318359375 0.396575927734375
0.010833740234375 -0.0415534973144531 0.0417556762695313 0.00501632690429687
0.004974365234375 -0.0482215881347656 0.055694580078125 -0.37738037109375
0.0137100219726562 -0.0595932006835938 -0.029296875 -0.641357421875
0.0241050720214844 -0.0372734069824219 -0.2745361328125 -0.70233154296875
0.0142784118652344 -0.0207023620605469 -0.45831298828125 -0.6300048828125
0.00929927825927735 0.00916671752929688 -0.426513671875 -0.5660400390625
-0.00511026382446289 0.0012202262878418 -0.353363037109375 -0.31512451171875
0.0135688781738281 -0.036346435546875 -0.115806579589844 -0.0956192016601562
0.035552978515625 0.0567855834960938 0.106307983398438 0.155319213867188
0.0249137878417969 0.0540771484375 0.3299560546875 0.427093505859375
0.0147628784179687 0.0332012176513672 0.361419677734375 0.547088623046875
-0.0113315582275391 0.0147562026977539 0.27789306640625 0.69873046875
-0.0293121337890625 -0.00692558288574219 0.09326171875 0.7354736328125
-0.025848388671875 -0.0213108062744141 0.0140380859374999 0.6678466796875
-0.00418329238891601 -0.00299763679504394 0.00491333007812496 0.3968505859375
0.00522422790527343 -0.0186843872070313 0.0415153503417969 0.00204849243164062
-0.00424003601074219 -0.0251674652099609 0.052276611328125 -0.37664794921875
-0.000823974609374996 -0.0373191833496094 -0.0394897460937501 -0.6385498046875
0.00815010070800781 -0.0241184234619141 -0.284912109375 -0.69195556640625
0.00814247131347656 -0.0183982849121094 -0.47003173828125 -0.6168212890625
0.0199260711669922 0.00719070434570313 -0.43609619140625 -0.556060791015625
0.0200786590576172 0.0118923187255859 -0.354461669921875 -0.313629150390625
0.0445594787597656 -0.00819015502929688 -0.110771179199219 -0.0963897705078125
0.0564727783203125 0.0882720947265625 0.112838745117188 0.158157348632813
0.0513839721679688 0.0734176635742188 0.322540283203125 0.424102783203125
0.0326919555664063 0.0342197418212891 0.35009765625 0.559783935546875
-0.0110759735107422 0.00928211212158203 0.26922607421875 0.71173095703125
-0.0450325012207031 0.000843048095703132 0.08843994140625 0.7412109375
-0.0445442199707031 -0.00646591186523437 0.01171875 0.6630859375
-0.0141143798828125 0.0175666809082031 0.00469970703124996 0.38397216796875
-0.000424742698669434 -0.00102806091308594 0.0420646667480469 -0.0114021301269531
-0.0122575759887695 -0.0057373046875 0.049224853515625 -0.3883056640625
-0.0152473449707031 -0.0202903747558594 -0.04547119140625 -0.6419677734375
-0.00469589233398437 -0.0108671188354492 -0.291015625 -0.68804931640625
0.000740051269531251 -0.0177574157714844 -0.474609375 -0.60809326171875
0.0319385528564453 0.00391769409179688 -0.44122314453125 -0.54705810546875
0.04541015625 0.0210533142089844 -0.35382080078125 -0.31292724609375
0.0724258422851563 0.0200347900390625 -0.100837707519531 -0.0883026123046875
0.0778045654296875 0.104568481445313 0.124435424804688 0.166778564453125
0.0690460205078125 0.0834274291992188 0.3170166015625 0.420318603515625
0.0436172485351563 0.0340461730957031 0.33990478515625 0.57122802734375
-0.0148258209228516 0.00705337524414063 0.2694091796875 0.72607421875
-0.0589065551757813 0.00698089599609375 0.0991821289062499 0.74456787109375
-0.0553627014160156 0.00479888916015625 0.0177001953125 0.64825439453125
-0.0198936462402344 0.0308990478515625 0.00833129882812501 0.365081787109375
-0.00272655487060547 0.0101518630981445 0.0439224243164063 -0.02947998046875
-0.0196590423583984 0.00623130798339844 0.048126220703125 -0.405670166015625
-0.0262870788574219 -0.00580978393554688 -0.0448608398437499 -0.6536865234375
-0.0164976119995117 -0.00497055053710937 -0.28607177734375 -0.69256591796875
-0.00295639038085937 -0.0208988189697266 -0.46795654296875 -0.60369873046875
0.0428466796875 0.00222015380859375 -0.44049072265625 -0.536346435546875
0.0656890869140625 0.03155517578125 -0.345428466796875 -0.30804443359375
0.0932693481445313 0.0467529296875 -0.0889129638671875 -0.0738449096679688
0.0900421142578125 0.10931396484375 0.13995361328125 0.178375244140625
0.0771102905273438 0.0823287963867188 0.314971923828125 0.417236328125
0.0453529357910156 0.0340576171875 0.339111328125 0.58526611328125
-0.0176582336425781 0.00935935974121093 0.2833251953125 0.7371826171875
-0.0645027160644531 0.0113258361816406 0.1195068359375 0.73931884765625
-0.0610694885253906 0.00860977172851561 0.03369140625 0.6268310546875
-0.0216140747070313 0.0326557159423828 0.015625 0.339996337890625
-0.003204345703125 0.0134105682373047 0.0444602966308594 -0.0550346374511719
-0.0232677459716797 0.0118083953857422 0.049041748046875 -0.429656982421875
-0.0351905822753906 -0.00136184692382813 -0.037109375 -0.67315673828125
-0.0236854553222656 -0.00316047668457031 -0.27325439453125 -0.700439453125
-0.00217819213867188 -0.0222835540771484 -0.45672607421875 -0.6026611328125
0.0525970458984375 0.00146484375 -0.433624267578125 -0.53216552734375
0.0809707641601563 0.0425949096679688 -0.336639404296875 -0.304290771484375
0.102951049804688 0.06768798828125 -0.0788345336914063 -0.0527114868164063
0.094329833984375 0.0980606079101563 0.157623291015625 0.189727783203125
0.0728836059570312 0.0744171142578125 0.316192626953125 0.415008544921875
0.0379371643066406 0.0314979553222656 0.34814453125 0.5902099609375
-0.0211925506591797 0.0143165588378906 0.3133544921875 0.73785400390625
-0.0612449645996094 0.0141563415527344 0.1529541015625 0.72760009765625
-0.0573883056640625 0.0068511962890625 0.0556640624999999 0.6068115234375
-0.01995849609375 0.0248508453369141 0.02178955078125 0.316253662109375
-0.00245761871337891 0.00745964050292969 0.0472335815429688 -0.077423095703125
-0.0225257873535156 0.00689315795898437 0.056610107421875 -0.4510498046875
-0.0351905822753906 -0.00518417358398437 -0.01593017578125 -0.69171142578125
-0.0252361297607422 -0.00600242614746094 -0.246337890625 -0.7171630859375
0.000543594360351561 -0.0247573852539063 -0.43597412109375 -0.60614013671875
0.0571975708007813 0.00449752807617188 -0.42340087890625 -0.529693603515625
0.0848846435546875 0.0506057739257813 -0.3262939453125 -0.299957275390625
0.100563049316406 0.0799560546875 -0.0690765380859375 -0.0296134948730469
0.0862960815429688 0.079345703125 0.175811767578125 0.19677734375
0.0602226257324219 0.063812255859375 0.32427978515625 0.4127197265625
0.0291328430175781 0.0351276397705078 0.36993408203125 0.591552734375
-0.0196399688720703 0.0177764892578125 0.35040283203125 0.73016357421875
-0.0518569946289063 0.01226806640625 0.1845703125 0.70880126953125
-0.048492431640625 -0.00325775146484374 0.0766601562500001 0.5821533203125
-0.0131702423095703 0.0095977783203125 0.02685546875 0.293365478515625
0.00161600112915039 -0.00586605072021484 0.0485076904296875 -0.0982589721679688
-0.0191555023193359 -0.00551033020019531 0.070831298828125 -0.467437744140625
-0.0292606353759766 -0.0163612365722656 0.0150756835937499 -0.7061767578125
-0.0168285369873047 -0.0123891830444336 -0.21124267578125 -0.7313232421875
0.00477790832519531 -0.0251903533935547 -0.40936279296875 -0.61407470703125
0.0537681579589844 0.00910568237304688 -0.41058349609375 -0.52923583984375
0.0767669677734375 0.0527801513671875 -0.31829833984375 -0.30029296875
0.0880584716796875 0.078094482421875 -0.0616569519042969 -0.00494384765624999
-0.00494956970214844 -0.0186023712158203 0.11602783203125 0.167190551757813
-0.0317096710205078 0.00740242004394532 0.341400146484375 0.420928955078125
-0.0280952453613281 0.037078857421875 0.385467529296875 0.536590576171875
-0.0101947784423828 0.0321254730224609 0.31805419921875 0.68939208984375
0.00622367858886719 -0.0181331634521484 0.1383056640625 0.71856689453125
0.0125579833984375 -0.0551109313964844 0.0485839843749999 0.65521240234375
0.0176849365234375 -0.0515251159667969 0.012939453125 0.387359619140625
0.0161705017089844 -0.0622291564941406 0.0413055419921875 -0.00213623046875
0.0147361755371094 -0.0673255920410156 0.063934326171875 -0.38311767578125
0.0298843383789063 -0.0772476196289063 -0.0133056640625 -0.65130615234375
0.03955078125 -0.0491485595703125 -0.25396728515625 -0.7171630859375
0.0212669372558594 -0.0184879302978516 -0.43939208984375 -0.64642333984375
-0.00311183929443359 0.0134906768798828 -0.41265869140625 -0.573974609375
-0.0274982452392578 -0.00802230834960937 -0.347564697265625 -0.316192626953125
-0.0144386291503906 -0.0619316101074219 -0.114570617675781 -0.0861968994140625
0.0130910873413086 0.0168523788452148 0.106887817382813 0.157272338867188
-0.00468063354492187 0.0284290313720703 0.33612060546875 0.425750732421875
-0.00832176208496094 0.0333919525146484 0.374542236328125 0.53924560546875
-0.0117015838623047 0.0232791900634766 0.29486083984375 0.69287109375
-0.0112018585205078 -0.0108642578125 0.112548828125 0.72705078125
-0.00485610961914063 -0.03717041015625 0.02618408203125 0.6658935546875
0.00794792175292969 -0.0263824462890625 0.00787353515625001 0.395416259765625
0.0109939575195312 -0.0407829284667969 0.0405006408691406 0.0054779052734375
0.0052947998046875 -0.0461311340332031 0.056365966796875 -0.37640380859375
0.0138702392578125 -0.0571632385253906 -0.02777099609375 -0.64141845703125
0.0237350463867187 -0.037139892578125 -0.272705078125 -0.70184326171875
0.0142116546630859 -0.0207157135009766 -0.45849609375 -0.63031005859375
0.00855064392089844 0.00934219360351563 -0.42633056640625 -0.5655517578125
-0.00423526763916016 0.000441312789916991 -0.3514404296875 -0.315704345703125
0.0121383666992188 -0.0371475219726563 -0.116539001464844 -0.095245361328125
0.0338287353515625 0.0548439025878906 0.10455322265625 0.155242919921875
0.02593994140625 0.0541954040527344 0.327423095703125 0.426849365234375
0.0137042999267578 0.0336055755615234 0.362213134765625 0.54766845703125
-0.011073112487793 0.0155391693115234 0.276123046875 0.698974609375
-0.0290374755859375 -0.00557327270507812 0.09326171875 0.7344970703125
-0.0252399444580078 -0.0199985504150391 0.0136718749999999 0.668212890625
-0.00379848480224609 -0.000576972961425781 0.00173950195312501 0.396484375
0.00563621520996094 -0.0188617706298828 0.0395050048828125 0.00307083129882812
-0.00312614440917969 -0.0244674682617188 0.052154541015625 -0.376678466796875
-0.00177764892578125 -0.0372734069824219 -0.03900146484375 -0.63677978515625
0.00938034057617188 -0.0250225067138672 -0.28399658203125 -0.69061279296875
0.00801277160644531 -0.0186710357666016 -0.47027587890625 -0.6177978515625
0.0191555023193359 0.00634002685546875 -0.4365234375 -0.556610107421875
0.0204544067382813 0.0114421844482422 -0.35284423828125 -0.314727783203125
0.0427589416503906 -0.0091705322265625 -0.109832763671875 -0.0961380004882812
0.0555877685546875 0.0873870849609375 0.109878540039063 0.159927368164063
0.0528106689453125 0.0735931396484375 0.3216552734375 0.423858642578125
0.0328483581542969 0.0346336364746094 0.35040283203125 0.55865478515625
-0.0123205184936523 0.00873661041259765 0.2685546875 0.71142578125
-0.0453872680664063 0.000965118408203127 0.0888061523437501 0.74249267578125
-0.0445594787597656 -0.00420761108398437 0.0117187499999999 0.66241455078125
-0.0137157440185547 0.018402099609375 0.00427246093750003 0.38507080078125
0.000206559896469116 -0.000316441059112549 0.0417594909667969 -0.00937652587890625
-0.0116128921508789 -0.00483512878417968 0.047637939453125 -0.388214111328125
-0.014862060546875 -0.0186443328857422 -0.04534912109375 -0.6431884765625
-0.00631332397460938 -0.0126256942749023 -0.2877197265625 -0.68878173828125
0.00102424621582031 -0.0183353424072266 -0.474365234375 -0.60687255859375
0.0302238464355469 0.00265693664550781 -0.44036865234375 -0.547637939453125
0.0453987121582031 0.0209922790527344 -0.35205078125 -0.311798095703125
0.0704421997070313 0.0188980102539063 -0.102333068847656 -0.0902328491210937
0.0765838623046875 0.105560302734375 0.124588012695313 0.167648315429688
0.0693817138671875 0.0840606689453125 0.316497802734375 0.420928955078125
0.0442733764648438 0.0323829650878906 0.3397216796875 0.57061767578125
-0.0132102966308594 0.00677394866943359 0.27032470703125 0.7257080078125
-0.057891845703125 0.00653457641601563 0.0985107421875 0.74298095703125
-0.0571212768554688 0.00453567504882812 0.01934814453125 0.647705078125
-0.0197887420654297 0.0304832458496094 0.00839233398437497 0.36456298828125
-0.00271415710449219 0.0113344192504883 0.0432357788085938 -0.0288009643554687
-0.0190525054931641 0.00844192504882812 0.0458984375 -0.406280517578125
-0.0268077850341797 -0.00500679016113281 -0.0450439453125 -0.65313720703125
-0.0170183181762695 -0.00475692749023437 -0.28466796875 -0.6934814453125
-0.00212478637695313 -0.0199718475341797 -0.46942138671875 -0.60223388671875
0.0424537658691406 0.00112533569335938 -0.4412841796875 -0.537933349609375
0.0666770935058594 0.0324363708496094 -0.343780517578125 -0.3089599609375
0.0930557250976563 0.0469741821289063 -0.09112548828125 -0.074920654296875
0.089111328125 0.108192443847656 0.140151977539063 0.177444458007813
0.0757827758789063 0.0826644897460938 0.314697265625 0.417633056640625
0.0451850891113281 0.03076171875 0.34002685546875 0.5831298828125
-0.0176448822021484 0.00996780395507813 0.2840576171875 0.7371826171875
-0.0638084411621094 0.0122413635253906 0.1197509765625 0.73980712890625
-0.0616035461425781 0.00962066650390624 0.03448486328125 0.629638671875
-0.0220184326171875 0.0331878662109375 0.013946533203125 0.34002685546875
-0.00318527221679687 0.0150794982910156 0.0440330505371094 -0.0541038513183594
-0.0233974456787109 0.0121421813964844 0.048553466796875 -0.426422119140625
-0.0340518951416016 -0.00106430053710938 -0.03570556640625 -0.67218017578125
-0.0227985382080078 -0.00367164611816406 -0.27252197265625 -0.70263671875
-0.00265693664550781 -0.0225658416748047 -0.45697021484375 -0.60205078125
0.0520591735839844 0.00114822387695313 -0.43365478515625 -0.53204345703125
0.0790557861328125 0.0433425903320313 -0.334228515625 -0.3060302734375
0.101615905761719 0.0685195922851563 -0.0790786743164063 -0.05364990234375
0.0932083129882813 0.0982208251953125 0.1580810546875 0.188522338867188
0.0727462768554688 0.0748519897460938 0.316436767578125 0.415313720703125
0.0376358032226563 0.0322380065917969 0.3516845703125 0.5908203125
-0.0212554931640625 0.0147781372070313 0.3134765625 0.73785400390625
-0.0619850158691406 0.0144920349121094 0.1514892578125 0.728759765625
-0.0565299987792969 0.0074615478515625 0.05523681640625 0.60546875
-0.0188808441162109 0.0266456604003906 0.021087646484375 0.31658935546875
-0.001251220703125 0.00783729553222656 0.0475692749023438 -0.0768966674804688
-0.0234546661376953 0.00901412963867188 0.056549072265625 -0.450286865234375
-0.0358657836914063 -0.00427246093749999 -0.0158081054687501 -0.691650390625
-0.0244617462158203 -0.00709152221679688 -0.24505615234375 -0.7164306640625
0.000532150268554689 -0.0245494842529297 -0.4344482421875 -0.6053466796875
0.0579605102539063 0.00475692749023438 -0.422821044921875 -0.52850341796875
0.084625244140625 0.0514678955078125 -0.325286865234375 -0.301300048828125
0.09954833984375 0.0799331665039062 -0.0688514709472656 -0.0284233093261719
0.0850143432617188 0.0786056518554688 0.173751831054688 0.196624755859375
0.0591583251953125 0.0641288757324219 0.32427978515625 0.414306640625
0.0293121337890625 0.0347499847412109 0.36993408203125 0.59161376953125
-0.0208663940429687 0.0196685791015625 0.34686279296875 0.7283935546875
-0.0530853271484375 0.0114059448242188 0.1845703125 0.7098388671875
-0.0484085083007813 -0.00231933593750001 0.0745849609375 0.5831298828125
-0.0147027969360352 0.010655403137207 0.026519775390625 0.293701171875
0.00212526321411133 -0.00637578964233399 0.046600341796875 -0.0964889526367188
-0.0191478729248047 -0.00450325012207031 0.068572998046875 -0.467010498046875
-0.0287132263183594 -0.0138092041015625 0.01495361328125 -0.70794677734375
-0.0173549652099609 -0.0122222900390625 -0.20916748046875 -0.73016357421875
0.00281524658203125 -0.0258293151855469 -0.4083251953125 -0.61279296875
0.0543937683105469 0.00879669189453125 -0.4102783203125 -0.528656005859375
0.0754547119140625 0.0539474487304688 -0.31842041015625 -0.301605224609375
0.0861892700195313 0.0791168212890625 -0.0632553100585938 -0.00576019287109374
-0.00686454772949219 -0.0186786651611328 0.11456298828125 0.166946411132812
-0.0324954986572266 0.00726318359375 0.342529296875 0.422698974609375
-0.0275726318359375 0.0377578735351563 0.386444091796875 0.538818359375
-0.00970268249511719 0.0323200225830078 0.31744384765625 0.68988037109375
0.00688457489013672 -0.0175533294677734 0.1387939453125 0.7213134765625
0.0118598937988281 -0.0558395385742188 0.0467529296875 0.656982421875
0.0174064636230469 -0.0499916076660156 0.01300048828125 0.386993408203125
0.0169143676757813 -0.0620346069335938 0.0406455993652344 -0.00152206420898438
0.0137710571289062 -0.0680084228515625 0.06292724609375 -0.383453369140625
0.0280609130859375 -0.076019287109375 -0.01165771484375 -0.65069580078125
0.0387191772460938 -0.0484275817871094 -0.25189208984375 -0.718505859375
0.0214023590087891 -0.0186710357666016 -0.4385986328125 -0.64776611328125
-0.00184917449951172 0.0130891799926758 -0.41259765625 -0.5743408203125
-0.0271663665771484 -0.00885963439941407 -0.3460693359375 -0.31683349609375
-0.0146369934082031 -0.0624847412109375 -0.115386962890625 -0.0864334106445312
0.0127420425415039 0.0158596038818359 0.107147216796875 0.15869140625
-0.00500679016113281 0.0279865264892578 0.336578369140625 0.42755126953125
-0.00810432434082031 0.03411865234375 0.37542724609375 0.542572021484375
-0.0114154815673828 0.0226840972900391 0.29541015625 0.69403076171875
-0.0102128982543945 -0.0108880996704102 0.11248779296875 0.72808837890625
-0.00517654418945312 -0.0372467041015625 0.02667236328125 0.66632080078125
0.00856208801269531 -0.0254402160644531 0.00717163085937503 0.39703369140625
0.0110435485839844 -0.0394744873046875 0.0391120910644531 0.005340576171875
0.00403213500976562 -0.0459671020507813 0.0567626953125 -0.37640380859375
0.0139427185058594 -0.0582466125488281 -0.0280761718749999 -0.642822265625
0.0223159790039062 -0.0377883911132813 -0.27191162109375 -0.70318603515625
0.0136241912841797 -0.0200271606445313 -0.456787109375 -0.63238525390625
0.00931644439697266 0.0100317001342773 -0.42681884765625 -0.56610107421875
-0.00503635406494141 0.000922203063964844 -0.352996826171875 -0.31793212890625
0.0120124816894531 -0.0375289916992188 -0.117721557617187 -0.0957870483398438
0.034393310546875 0.053924560546875 0.103729248046875 0.15594482421875
0.02447509765625 0.0535964965820313 0.329315185546875 0.42803955078125
0.0147991180419922 0.0327930450439453 0.36328125 0.550445556640625
-0.0105218887329102 0.015416145324707 0.27581787109375 0.70208740234375
-0.0288200378417969 -0.00544357299804687 0.0939331054687499 0.735595703125
-0.0252113342285156 -0.0196571350097656 0.0126953125 0.669921875
-0.00304245948791504 -0.00119447708129883 0.00405883789062502 0.39715576171875
0.00556182861328125 -0.018585205078125 0.040252685546875 0.0035858154296875
-0.00489234924316406 -0.0243873596191406 0.052001953125 -0.3770751953125
-0.00225067138671875 -0.035858154296875 -0.0382690429687499 -0.6395263671875
0.0075531005859375 -0.0249443054199219 -0.28363037109375 -0.691650390625
0.00845909118652344 -0.0188789367675781 -0.4696044921875 -0.6192626953125
0.0200595855712891 0.00617599487304688 -0.435699462890625 -0.558502197265625
0.0198612213134766 0.0108146667480469 -0.354095458984375 -0.317779541015625
0.0405693054199219 -0.00862503051757813 -0.11041259765625 -0.0953445434570313
0.0569610595703125 0.0860061645507812 0.109756469726563 0.1597900390625
0.0523452758789062 0.0723800659179688 0.321929931640625 0.425537109375
0.0336017608642578 0.0340366363525391 0.351104736328125 0.56195068359375
-0.0106687545776367 0.00940704345703125 0.267822265625 0.71453857421875
-0.0455970764160156 7.62939453125031E-06 0.08758544921875 0.744140625
-0.0445327758789062 -0.00504684448242188 0.01080322265625 0.66357421875
-0.0136089324951172 0.0195655822753906 0.00347900390625004 0.3848876953125
-0.000487685203552246 -0.00025525689125061 0.04107666015625 -0.0075531005859375
-0.0124216079711914 -0.00426101684570313 0.048431396484375 -0.386993408203125
-0.0154209136962891 -0.0190219879150391 -0.04681396484375 -0.6456298828125
-0.00714492797851562 -0.0120716094970703 -0.28857421875 -0.69189453125
0.00107383728027344 -0.0178794860839844 -0.47442626953125 -0.6094970703125
0.0325202941894531 0.00323295593261719 -0.44232177734375 -0.54901123046875
0.0440750122070313 0.0211029052734375 -0.352081298828125 -0.3150634765625
0.0694847106933594 0.019683837890625 -0.101898193359375 -0.0900421142578125
0.074371337890625 0.104660034179688 0.122955322265625 0.16650390625
0.070159912109375 0.0834197998046875 0.3162841796875 0.42181396484375
0.0451545715332031 0.0324363708496094 0.341552734375 0.57366943359375
-0.0148286819458008 0.00768566131591797 0.2696533203125 0.7274169921875
-0.0581016540527344 0.00748062133789063 0.09808349609375 0.74462890625
-0.0567398071289063 0.00587844848632813 0.01617431640625 0.65045166015625
-0.0206317901611328 0.0318546295166016 0.00680541992187504 0.3662109375
-0.00211715698242188 0.0115156173706055 0.0424156188964844 -0.0281448364257813
-0.019287109375 0.00947761535644532 0.045928955078125 -0.40570068359375
-0.0280818939208984 -0.00376510620117188 -0.0447998046875001 -0.6549072265625
-0.0174179077148438 -0.00415802001953125 -0.28497314453125 -0.69464111328125
-0.00192451477050781 -0.0193195343017578 -0.46868896484375 -0.602783203125
0.0431251525878906 0.000835418701171875 -0.441131591796875 -0.541015625
0.0658493041992188 0.0318107604980469 -0.346221923828125 -0.31036376953125
0.09136962890625 0.0451278686523438 -0.0905838012695312 -0.073486328125
0.0877151489257813 0.108619689941406 0.138870239257813 0.177703857421875
0.0754547119140625 0.0826568603515625 0.313018798828125 0.4185791015625
0.0454864501953125 0.0317649841308594 0.33868408203125 0.58477783203125
-0.0179862976074219 0.0100860595703125 0.284423828125 0.73919677734375
-0.0628089904785156 0.0127296447753906 0.119140625 0.7432861328125
-0.0618934631347656 0.0108108520507813 0.03277587890625 0.6292724609375
-0.0207271575927734 0.0338573455810547 0.01239013671875 0.342132568359375
-0.00434017181396484 0.0139122009277344 0.0432472229003906 -0.0528144836425781
-0.0231990814208984 0.0135383605957031 0.0484619140625 -0.428802490234375
-0.0346908569335937 -0.000267028808593752 -0.03662109375 -0.67315673828125
-0.0241813659667969 -0.00294876098632812 -0.2728271484375 -0.7039794921875
-0.00152015686035156 -0.0226955413818359 -0.45513916015625 -0.6026611328125
0.0526199340820313 0.0028228759765625 -0.433197021484375 -0.5333251953125
0.0807571411132813 0.042144775390625 -0.335601806640625 -0.307861328125
0.100433349609375 0.0675811767578125 -0.07867431640625 -0.0533523559570313
0.0922698974609375 0.0973358154296875 0.157073974609375 0.18994140625
0.0730438232421875 0.076263427734375 0.316192626953125 0.418548583984375
0.0402908325195313 0.0324516296386719 0.35113525390625 0.5926513671875
-0.0208034515380859 0.0142498016357422 0.31451416015625 0.74072265625
-0.062713623046875 0.0136947631835937 0.1502685546875 0.730224609375
-0.0579910278320313 0.00843048095703124 0.0555419921875 0.60662841796875
-0.0199127197265625 0.0267219543457031 0.0196533203125 0.317138671875
-0.00154638290405273 0.0081787109375 0.0465927124023438 -0.0755996704101563
-0.0235309600830078 0.0102596282958984 0.057373046875 -0.449493408203125
-0.0357780456542969 -0.00466537475585937 -0.01568603515625 -0.6907958984375
-0.0253810882568359 -0.0076904296875 -0.2454833984375 -0.7177734375
0.000152587890625001 -0.025909423828125 -0.4365234375 -0.60662841796875
0.0574264526367187 0.00459671020507813 -0.423309326171875 -0.528961181640625
0.0839920043945313 0.0513687133789063 -0.327056884765625 -0.30364990234375
0.0973892211914063 0.0801925659179688 -0.0688247680664063 -0.0296173095703125
0.0846328735351563 0.0796585083007813 0.1727294921875 0.198455810546875
0.0591468811035156 0.0638542175292969 0.322723388671875 0.41632080078125
0.0293560028076172 0.0332317352294922 0.37054443359375 0.5926513671875
-0.0202217102050781 0.0188407897949219 0.34808349609375 0.732666015625
-0.0529670715332031 0.0116615295410156 0.1851806640625 0.71197509765625
-0.04833984375 -0.0024261474609375 0.076171875 0.5830078125
-0.0148248672485352 0.0113964080810547 0.02557373046875 0.2952880859375
0.00138568878173828 -0.00703620910644531 0.0462493896484375 -0.095367431640625
-0.0190048217773438 -0.00263023376464843 0.0697021484375 -0.467559814453125
-0.0298118591308594 -0.0148677825927734 0.016845703125 -0.7098388671875
-0.0194110870361328 -0.0131359100341797 -0.2100830078125 -0.73333740234375
0.00474739074707032 -0.0256214141845703 -0.408447265625 -0.614013671875
0.0543098449707031 0.0078125 -0.4114990234375 -0.529327392578125
0.0758132934570313 0.0536117553710938 -0.317596435546875 -0.301788330078125
0.0844192504882813 0.077362060546875 -0.0627059936523438 -0.00601577758789063
-0.00710296630859375 -0.0192718505859375 0.11395263671875 0.1678466796875
-0.0309619903564453 0.00605583190917969 0.341339111328125 0.425140380859375
-0.0277595520019531 0.0365333557128906 0.38677978515625 0.5411376953125
-0.0101966857910156 0.0328845977783203 0.31878662109375 0.694091796875
0.00602912902832031 -0.0176620483398438 0.13800048828125 0.7232666015625
0.0131759643554688 -0.054656982421875 0.04669189453125 0.6580810546875
0.0185470581054688 -0.0495872497558594 0.013092041015625 0.389068603515625
0.0171241760253906 -0.0612945556640625 0.0398368835449219 0.000434875488281246
0.0138397216796875 -0.0659751892089844 0.064117431640625 -0.383697509765625
0.0295181274414063 -0.075714111328125 -0.0103759765624999 -0.6546630859375
0.0382347106933594 -0.0486717224121094 -0.25341796875 -0.721435546875
0.0213642120361328 -0.019134521484375 -0.44134521484375 -0.6492919921875
-0.00166511535644531 0.0138492584228516 -0.41400146484375 -0.578369140625
-0.0288505554199219 -0.00865554809570313 -0.34710693359375 -0.31915283203125
-0.0171699523925781 -0.0638275146484375 -0.115531921386719 -0.0880355834960938
0.0118350982666016 0.0146722793579102 0.106307983398438 0.1591796875
-0.00423431396484375 0.0272407531738281 0.335235595703125 0.4290771484375
-0.00728797912597656 0.0341663360595703 0.377288818359375 0.54473876953125
-0.0101242065429688 0.0237655639648437 0.29608154296875 0.6982421875
-0.0125494003295898 -0.0106792449951172 0.1119384765625 0.7310791015625
-0.0050506591796875 -0.0371513366699219 0.02398681640625 0.66937255859375
0.00804901123046875 -0.0252418518066406 0.00726318359375 0.398712158203125
0.0110359191894531 -0.0398330688476562 0.038299560546875 0.00812530517578125
0.00389862060546875 -0.0460128784179688 0.0557861328125 -0.376220703125
0.0146369934082031 -0.0574569702148437 -0.02899169921875 -0.6434326171875
0.0213050842285156 -0.0370750427246094 -0.27197265625 -0.70550537109375
0.0154953002929688 -0.0206584930419922 -0.45745849609375 -0.63507080078125
0.00973320007324219 0.00928974151611328 -0.42724609375 -0.568603515625
-0.00486660003662109 0.000765323638916015 -0.35260009765625 -0.32037353515625
0.00945281982421875 -0.038421630859375 -0.117057800292969 -0.0960540771484375
0.033172607421875 0.0545806884765625 0.104095458984375 0.156021118164063
0.0255012512207031 0.0535011291503906 0.329132080078125 0.4293212890625
0.0152587890625 0.0329685211181641 0.3643798828125 0.55364990234375
-0.00983810424804688 0.0154800415039062 0.277099609375 0.70306396484375
-0.0291194915771484 -0.00614166259765625 0.0927734375 0.7388916015625
-0.0255947113037109 -0.0198974609375 0.0108642578125 0.67181396484375
-0.00277614593505859 -0.00132584571838379 0.00238037109374997 0.398345947265625
0.00542831420898438 -0.0185070037841797 0.039031982421875 0.004852294921875
-0.00396156311035156 -0.0223197937011719 0.05322265625 -0.377838134765625
-0.00368881225585938 -0.0364227294921875 -0.039306640625 -0.64013671875
0.00733757019042969 -0.0242023468017578 -0.2840576171875 -0.6944580078125
0.00669288635253906 -0.0188865661621094 -0.47064208984375 -0.6220703125
0.0206966400146484 0.00646400451660156 -0.43902587890625 -0.561279296875
0.0203094482421875 0.0109004974365234 -0.355194091796875 -0.319488525390625
0.0398178100585938 -0.0089111328125 -0.110755920410156 -0.097564697265625
0.055145263671875 0.087127685546875 0.108505249023438 0.161361694335938
0.0512924194335938 0.0746231079101562 0.322967529296875 0.42950439453125
0.0339107513427734 0.0328407287597656 0.348876953125 0.5633544921875
-0.0101423263549805 0.00938606262207031 0.2664794921875 0.71832275390625
-0.0449333190917969 0.000934600830078127 0.0882568359374999 0.7454833984375
-0.0437660217285156 -0.0039825439453125 0.00952148437499994 0.66522216796875
-0.0129566192626953 0.0204143524169922 0.00158691406250002 0.38763427734375
-0.000746369361877441 0.00128614902496338 0.0405158996582031 -0.00766754150390625
-0.0139656066894531 -0.00314903259277344 0.048309326171875 -0.388336181640625
-0.0154237747192383 -0.0170011520385742 -0.046142578125 -0.646484375
-0.0065908432006836 -0.0117626190185547 -0.28997802734375 -0.694580078125
0.00162124633789062 -0.0192203521728516 -0.474365234375 -0.613037109375
0.0325469970703125 0.00215339660644531 -0.4442138671875 -0.550811767578125
0.0438575744628906 0.02166748046875 -0.3525390625 -0.31585693359375
0.0688552856445312 0.0200271606445312 -0.102737426757812 -0.0893173217773438
0.0734939575195313 0.103759765625 0.122177124023437 0.169082641601563
0.068939208984375 0.0852508544921875 0.31573486328125 0.42425537109375
0.045257568359375 0.0332489013671875 0.342041015625 0.57611083984375
-0.0137767791748047 0.00745010375976563 0.268798828125 0.73199462890625
-0.0583381652832031 0.00685882568359374 0.0983276367187501 0.748046875
-0.0568428039550781 0.00584411621093751 0.015380859375 0.65167236328125
-0.0201168060302734 0.0322818756103516 0.00765991210937498 0.36810302734375
-0.00297069549560547 0.0115079879760742 0.0413780212402344 -0.0277366638183594
-0.0186614990234375 0.0102634429931641 0.0479736328125 -0.40631103515625
-0.0287208557128906 -0.00439453125 -0.04559326171875 -0.655517578125
-0.0170841217041016 -0.00394439697265625 -0.28515625 -0.6956787109375
-0.00173759460449219 -0.0207290649414063 -0.46807861328125 -0.60675048828125
0.04290771484375 0.00135040283203125 -0.4425048828125 -0.542572021484375
0.0648880004882813 0.0323371887207031 -0.34674072265625 -0.312591552734375
0.0894088745117188 0.0463790893554688 -0.0894851684570313 -0.0754547119140625
0.0872344970703125 0.107658386230469 0.138931274414063 0.18011474609375
0.0770111083984375 0.083648681640625 0.3138427734375 0.42279052734375
0.0455970764160156 0.0316619873046875 0.34051513671875 0.58843994140625
-0.0170764923095703 0.00950145721435547 0.285888671875 0.74200439453125
-0.063140869140625 0.0116119384765625 0.119384765625 0.7445068359375
-0.0613746643066406 0.0118751525878906 0.0312499999999999 0.63299560546875
-0.02142333984375 0.0351238250732422 0.011871337890625 0.341888427734375
-0.0034942626953125 0.0144624710083008 0.0423393249511719 -0.0522613525390625
-0.0245399475097656 0.0143222808837891 0.048614501953125 -0.428680419921875
-0.0355072021484375 -9.15527343749937E-05 -0.0338134765625001 -0.6759033203125
-0.0243415832519531 -0.00171661376953125 -0.27130126953125 -0.7064208984375
-0.000637054443359375 -0.0226612091064453 -0.45574951171875 -0.6060791015625
0.0543746948242188 0.000640869140625 -0.436492919921875 -0.534912109375
0.0803909301757813 0.043670654296875 -0.336944580078125 -0.3106689453125
0.098785400390625 0.0677642822265625 -0.0785675048828125 -0.053924560546875
0.0915603637695312 0.096893310546875 0.15673828125 0.19146728515625
0.0732345581054688 0.0766143798828125 0.31719970703125 0.421173095703125
0.0391044616699219 0.0327796936035156 0.35223388671875 0.5968017578125
-0.0208225250244141 0.0141887664794922 0.31402587890625 0.7432861328125
-0.0617027282714844 0.0149955749511719 0.15118408203125 0.73260498046875
-0.0580177307128906 0.00771713256835936 0.05352783203125 0.61004638671875
-0.0187625885009766 0.0271034240722656 0.018646240234375 0.31787109375
-9.72747802734368E-05 0.00927066802978516 0.0455474853515625 -0.0752029418945313
-0.0225925445556641 0.00970840454101563 0.058685302734375 -0.450347900390625
-0.036865234375 -0.0032196044921875 -0.01470947265625 -0.69586181640625
-0.0255470275878906 -0.00584220886230468 -0.24627685546875 -0.7220458984375
0.000930786132812501 -0.0266361236572266 -0.43511962890625 -0.60931396484375
0.0587959289550781 0.00418472290039063 -0.4263916015625 -0.53125
0.084381103515625 0.0525436401367187 -0.327789306640625 -0.306793212890625
0.0969696044921875 0.0797882080078125 -0.0685501098632813 -0.029693603515625
0.0840072631835938 0.0788726806640625 0.172317504882813 0.199737548828125
0.0588493347167969 0.064910888671875 0.323089599609375 0.42059326171875
0.0309085845947266 0.0340900421142578 0.37158203125 0.596923828125
-0.0193920135498047 0.0185890197753906 0.34954833984375 0.73486328125
-0.0527763366699219 0.0112075805664062 0.1832275390625 0.71466064453125
-0.0486831665039063 -0.00133132934570312 0.0738525390625 0.5865478515625
-0.0132560729980469 0.0131454467773438 0.024688720703125 0.295501708984375
0.00146341323852539 -0.00469636917114258 0.0468902587890625 -0.0967254638671875
-0.0182895660400391 -0.00220489501953125 0.06878662109375 -0.46966552734375
-0.028564453125 -0.013946533203125 0.01568603515625 -0.711181640625
-0.0183334350585938 -0.0132942199707031 -0.20941162109375 -0.7354736328125
0.00407981872558594 -0.025726318359375 -0.4097900390625 -0.61688232421875
0.0533561706542969 0.00930404663085938 -0.411102294921875 -0.53387451171875
0.0755157470703125 0.0540542602539062 -0.31976318359375 -0.303985595703125
0.0827178955078125 0.0773391723632813 -0.0629615783691406 -0.00577926635742188
-0.00706291198730469 -0.0206356048583984 0.112197875976563 0.167678833007813
-0.0312767028808594 0.00610160827636719 0.342437744140625 0.428619384765625
-0.0268745422363281 0.0365524291992188 0.389404296875 0.54638671875
-0.00879287719726563 0.0317573547363281 0.320068359375 0.6981201171875
0.00391197204589844 -0.0183010101318359 0.13702392578125 0.72772216796875
0.0121803283691406 -0.0553932189941406 0.04656982421875 0.66375732421875
0.0184059143066406 -0.0487327575683594 0.01123046875 0.3916015625
0.0164756774902344 -0.0616836547851562 0.040679931640625 0.000255584716796871
0.0137977600097656 -0.0648765563964844 0.064208984375 -0.3858642578125
0.028961181640625 -0.0753860473632813 -0.0115356445312499 -0.658447265625
0.0379867553710938 -0.047760009765625 -0.2529296875 -0.72528076171875
0.0204925537109375 -0.0195713043212891 -0.44256591796875 -0.6549072265625
-0.00168132781982422 0.0133438110351562 -0.415771484375 -0.5789794921875
-0.0285091400146484 -0.00971603393554687 -0.349517822265625 -0.323333740234375
-0.0171737670898438 -0.0635490417480469 -0.116165161132813 -0.0885467529296875
0.0120649337768555 0.0153827667236328 0.104690551757813 0.160491943359375
-0.00389289855957031 0.0288181304931641 0.338653564453125 0.4327392578125
-0.00755500793457032 0.0341739654541016 0.38140869140625 0.54779052734375
-0.01019287109375 0.0246715545654297 0.2984619140625 0.70111083984375
-0.0123205184936523 -0.0107288360595703 0.11224365234375 0.73406982421875
-0.00431060791015625 -0.036956787109375 0.02459716796875 0.67559814453125
0.00823783874511719 -0.0244102478027344 0.00683593749999997 0.401519775390625
0.0118064880371094 -0.0405349731445313 0.0391693115234375 0.00762939453125
0.00336837768554688 -0.0448684692382813 0.055938720703125 -0.37799072265625
0.011505126953125 -0.056549072265625 -0.028076171875 -0.64923095703125
0.0227584838867187 -0.038299560546875 -0.27301025390625 -0.710205078125
0.014892578125 -0.0202770233154297 -0.46142578125 -0.63702392578125
0.00916576385498047 0.0106868743896484 -0.43145751953125 -0.57196044921875
-0.00610208511352539 0.000833988189697266 -0.35626220703125 -0.32366943359375
0.007965087890625 -0.0388526916503906 -0.11785888671875 -0.0969161987304688
0.0320243835449219 0.0543251037597656 0.102401733398438 0.158309936523438
0.0256233215332031 0.0533447265625 0.330780029296875 0.434051513671875
0.0166378021240234 0.0335769653320313 0.365875244140625 0.55712890625
-0.0102758407592773 0.0154266357421875 0.280029296875 0.70867919921875
-0.02935791015625 -0.00480270385742188 0.0925903320312499 0.74359130859375
-0.0271987915039063 -0.0199680328369141 0.0111083984374999 0.6766357421875
-0.00406265258789063 -0.000982046127319336 0.00302124023437502 0.40118408203125
0.00582218170166016 -0.0171098709106445 0.0393829345703125 0.00563812255859375
-0.00453376770019531 -0.0216598510742188 0.05194091796875 -0.3795166015625
-0.00378990173339844 -0.0349025726318359 -0.0386352539062501 -0.64453125
0.00635910034179687 -0.0235671997070313 -0.28472900390625 -0.69964599609375
0.00684356689453125 -0.0207061767578125 -0.472412109375 -0.6253662109375
0.0214118957519531 0.00462150573730469 -0.4404296875 -0.5635986328125
0.0193023681640625 0.0115165710449219 -0.357330322265625 -0.322052001953125
0.0388755798339844 -0.00989532470703125 -0.111053466796875 -0.0978164672851563
0.054351806640625 0.0878219604492188 0.109573364257813 0.161483764648438
0.0511245727539062 0.0757522583007813 0.32305908203125 0.432220458984375
0.0354881286621094 0.0341720581054688 0.3531494140625 0.567626953125
-0.0103206634521484 0.00868415832519531 0.2706298828125 0.721923828125
-0.0450820922851563 0.00148773193359375 0.0888671875000001 0.7513427734375
-0.045562744140625 -0.00206375122070313 0.00720214843750001 0.6700439453125
-0.0134105682373047 0.0196075439453125 0.00347900390625002 0.39080810546875
0.000692546367645264 0.000221073627471924 0.0402946472167969 -0.00703811645507813
-0.0132770538330078 -0.00188827514648438 0.048980712890625 -0.391448974609375
-0.0168514251708984 -0.0169010162353516 -0.0453491210937499 -0.65142822265625
-0.00725173950195313 -0.0120687484741211 -0.29010009765625 -0.699951171875
0.00177001953125 -0.02020263671875 -0.476806640625 -0.6146240234375
0.0335178375244141 0.000955581665039063 -0.446563720703125 -0.556182861328125
0.0448532104492188 0.022003173828125 -0.353240966796875 -0.32086181640625
0.0680313110351563 0.0191001892089844 -0.101699829101563 -0.091400146484375
0.0748443603515625 0.104782104492188 0.121200561523438 0.169464111328125
0.0695343017578125 0.0858078002929688 0.320220947265625 0.427734375
0.0457801818847656 0.032379150390625 0.34527587890625 0.5810546875
-0.0121335983276367 0.00773334503173828 0.27032470703125 0.7357177734375
-0.058197021484375 0.00754547119140625 0.098388671875 0.75262451171875
-0.0571517944335938 0.00813674926757811 0.0150146484375 0.65478515625
-0.0192928314208984 0.0323448181152344 0.00662231445312502 0.36993408203125
-0.00300025939941406 0.0118589401245117 0.0414276123046875 -0.0278396606445313
-0.0196399688720703 0.0114917755126953 0.047821044921875 -0.4071044921875
-0.0292987823486328 -0.00324440002441406 -0.0449829101562499 -0.66107177734375
-0.0190086364746094 -0.00472831726074219 -0.28826904296875 -0.700439453125
-0.00201988220214844 -0.0208225250244141 -0.4718017578125 -0.609619140625
0.0443229675292969 0 -0.444091796875 -0.545654296875
0.06549072265625 0.0322914123535156 -0.34759521484375 -0.316680908203125
0.0886917114257812 0.0470962524414063 -0.0898895263671875 -0.0760574340820312
0.0862503051757812 0.107368469238281 0.137313842773438 0.18121337890625
0.076873779296875 0.085418701171875 0.316192626953125 0.423980712890625
0.0472831726074219 0.0314445495605469 0.343994140625 0.5928955078125
-0.0176315307617188 0.00994300842285157 0.28887939453125 0.7469482421875
-0.0635185241699219 0.0117378234863281 0.12005615234375 0.74755859375
-0.0626182556152344 0.0115394592285156 0.03094482421875 0.63751220703125
-0.0226421356201172 0.0343723297119141 0.01275634765625 0.34564208984375
-0.00397491455078125 0.0149869918823242 0.0423851013183594 -0.0507888793945313
-0.0224628448486328 0.0164508819580078 0.0501708984375 -0.430206298828125
-0.0362091064453125 0.00174713134765624 -0.03515625 -0.68133544921875
-0.0244140625 -0.00259780883789062 -0.272216796875 -0.70904541015625
-0.00167655944824219 -0.0239086151123047 -0.4603271484375 -0.60986328125
0.0543212890625 1.1444091796875E-05 -0.438079833984375 -0.539642333984375
0.079559326171875 0.0447235107421875 -0.339599609375 -0.312774658203125
0.09808349609375 0.0683670043945313 -0.07904052734375 -0.0555648803710937
0.08935546875 0.097869873046875 0.155410766601563 0.192138671875
0.0727691650390625 0.0754013061523438 0.318450927734375 0.425506591796875
0.0419425964355469 0.0312042236328125 0.35498046875 0.60040283203125
-0.0208225250244141 0.0142631530761719 0.3167724609375 0.74835205078125
-0.0620269775390625 0.01416015625 0.15081787109375 0.7362060546875
-0.0594291687011719 0.00932693481445311 0.05322265625 0.61260986328125
-0.0190658569335938 0.0271720886230469 0.01910400390625 0.320281982421875
-0.00180816650390625 0.00805473327636719 0.0453567504882813 -0.0760879516601563
-0.0244026184082031 0.011627197265625 0.0582275390625 -0.4517822265625
-0.0368576049804688 -0.003448486328125 -0.0142822265625 -0.698974609375
-0.0272426605224609 -0.00671005249023438 -0.24615478515625 -0.72467041015625
0.00106239318847656 -0.0267410278320313 -0.43853759765625 -0.613525390625
0.0583038330078125 0.00413894653320313 -0.42681884765625 -0.5350341796875
0.083892822265625 0.0529098510742188 -0.3289794921875 -0.308624267578125
0.0958404541015625 0.0807952880859375 -0.070465087890625 -0.030548095703125
0.0837631225585938 0.0788497924804688 0.172271728515625 0.200653076171875
0.0597152709960937 0.0664825439453125 0.323699951171875 0.421722412109375
0.0320224761962891 0.0316238403320313 0.37554931640625 0.6009521484375
-0.0195121765136719 0.0195980072021484 0.35137939453125 0.7398681640625
-0.0540542602539062 0.01263427734375 0.18572998046875 0.71832275390625
-0.0504074096679688 -0.000915527343750004 0.0733642578124999 0.5894775390625
-0.0134344100952148 0.0115795135498047 0.02532958984375 0.297760009765625
0.00132894515991211 -0.00561141967773437 0.0469207763671875 -0.09539794921875
-0.0199012756347656 -0.000865936279296876 0.069580078125 -0.469573974609375
-0.0299892425537109 -0.0143623352050781 0.0159301757812499 -0.71563720703125
-0.0190067291259766 -0.0143165588378906 -0.2099609375 -0.7376708984375
0.00389480590820313 -0.0266094207763672 -0.40985107421875 -0.62109375
0.0545768737792969 0.0085296630859375 -0.41314697265625 -0.534576416015625
0.0742340087890625 0.0545120239257812 -0.320770263671875 -0.30645751953125
0.0813217163085938 0.0778121948242188 -0.062774658203125 -0.00686264038085936
-0.00809478759765625 -0.0215339660644531 0.115432739257812 0.168807983398438
-0.0325679779052734 0.00620460510253906 0.345245361328125 0.432891845703125
-0.0267715454101562 0.0371932983398438 0.391632080078125 0.55078125
-0.00911521911621094 0.0318183898925781 0.323486328125 0.7032470703125
0.00525760650634766 -0.0174856185913086 0.1373291015625 0.7322998046875
0.0125160217285156 -0.054534912109375 0.04638671875 0.67156982421875
0.0174789428710937 -0.0479660034179687 0.012420654296875 0.39483642578125
0.0162811279296875 -0.0614509582519531 0.0388298034667969 0.000259399414062496
0.0142707824707031 -0.0653762817382813 0.06304931640625 -0.387298583984375
0.0283889770507812 -0.0771636962890625 -0.01239013671875 -0.66290283203125
0.0380439758300781 -0.0481033325195313 -0.25543212890625 -0.732177734375
0.0215129852294922 -0.0189552307128906 -0.44854736328125 -0.6578369140625
-0.00190448760986328 0.0111055374145508 -0.41876220703125 -0.58624267578125
-0.0288867950439453 -0.00864410400390625 -0.3514404296875 -0.32611083984375
-0.0191841125488281 -0.0642433166503906 -0.117996215820313 -0.0914764404296875
0.0104093551635742 0.0149154663085937 0.106689453125 0.161041259765625
-0.00519752502441406 0.0274219512939453 0.339019775390625 0.437713623046875
-0.00749969482421875 0.0327873229980469 0.384002685546875 0.55328369140625
-0.0108928680419922 0.0230941772460938 0.30035400390625 0.7080078125
-0.0127468109130859 -0.0119228363037109 0.10955810546875 0.7430419921875
-0.005889892578125 -0.0386161804199219 0.0244140625 0.680908203125
0.0079193115234375 -0.0248031616210938 0.00692749023437503 0.40423583984375
0.0102996826171875 -0.0405654907226562 0.0377998352050781 0.0087432861328125
0.00522613525390625 -0.0432205200195313 0.05657958984375 -0.380279541015625
0.0112152099609375 -0.0559310913085937 -0.029541015625 -0.65386962890625
0.0220222473144531 -0.0384635925292969 -0.2752685546875 -0.71630859375
0.0151748657226562 -0.0206222534179687 -0.46417236328125 -0.6435546875
0.0101308822631836 0.00937366485595703 -0.43310546875 -0.5767822265625
-0.00572919845581055 0.000830173492431642 -0.35736083984375 -0.326507568359375
0.006134033203125 -0.0394020080566406 -0.118392944335938 -0.0965499877929688
0.0315132141113281 0.0554733276367188 0.102752685546875 0.158676147460938
0.0260429382324219 0.0550956726074219 0.33294677734375 0.438323974609375
0.0161666870117187 0.0337600708007813 0.37109375 0.5601806640625
-0.0101451873779297 0.0146474838256836 0.2823486328125 0.71356201171875
-0.0293521881103516 -0.00572967529296875 0.0929565429687499 0.74871826171875
-0.0267486572265625 -0.0195159912109375 0.00891113281249996 0.68267822265625
-0.00275349617004395 -0.0001373291015625 0.00140380859375004 0.406341552734375
0.00540733337402344 -0.0178070068359375 0.0377120971679687 0.00742721557617187
-0.00553131103515625 -0.0201015472412109 0.052154541015625 -0.381195068359375
-0.00403213500976562 -0.0347843170166016 -0.0402832031249999 -0.6500244140625
0.006134033203125 -0.0244922637939453 -0.28704833984375 -0.70452880859375
0.007415771484375 -0.0202903747558594 -0.476806640625 -0.6307373046875
0.021087646484375 0.0054473876953125 -0.44464111328125 -0.5673828125
0.0194454193115234 0.0104026794433594 -0.359832763671875 -0.32513427734375
0.0388298034667969 -0.00928115844726563 -0.113174438476563 -0.0984954833984375
0.0525970458984375 0.0874557495117188 0.109970092773437 0.164031982421875
0.0514373779296875 0.0746688842773438 0.325775146484375 0.43646240234375
0.0368576049804688 0.0329322814941406 0.357421875 0.57373046875
-0.0102882385253906 0.00872135162353515 0.2730712890625 0.727783203125
-0.0472488403320313 0.00134658813476563 0.0870361328125 0.7568359375
-0.0448646545410156 -0.00312805175781249 0.00671386718750002 0.67596435546875
-0.0127410888671875 0.0207901000976562 0.00222778320312504 0.3934326171875
0.000252366065979004 0.000560939311981201 0.03948974609375 -0.00629425048828125
-0.0120935440063477 -0.000981330871582031 0.0477294921875 -0.3916015625
-0.0180301666259766 -0.0167236328125 -0.04583740234375 -0.65362548828125
-0.00761699676513672 -0.0116043090820313 -0.29193115234375 -0.7021484375
0.000761032104492186 -0.0198726654052734 -0.48199462890625 -0.62060546875
0.0325050354003906 0.000820159912109375 -0.44842529296875 -0.560455322265625
0.0439682006835938 0.0209884643554688 -0.359222412109375 -0.32440185546875
0.0658493041992187 0.0193748474121094 -0.103034973144531 -0.091033935546875
0.0732040405273437 0.105339050292969 0.12255859375 0.17254638671875
0.070587158203125 0.0852813720703125 0.319580078125 0.431671142578125
0.04852294921875 0.0322723388671875 0.34814453125 0.585205078125
-0.0133571624755859 0.00765895843505859 0.2745361328125 0.742919921875
-0.0581550598144531 0.00746917724609375 0.098876953125 0.756591796875
-0.0589942932128906 0.00821685791015625 0.01495361328125 0.66046142578125
-0.0188121795654297 0.0330028533935547 0.0079345703125 0.37384033203125
-0.0029306411743164 0.0128059387207031 0.0411338806152344 -0.0271072387695313
-0.0184574127197266 0.0131568908691406 0.0478515625 -0.409576416015625
-0.0291271209716797 -0.00163841247558593 -0.0437011718750001 -0.66650390625
-0.0184574127197266 -0.00387001037597657 -0.2899169921875 -0.70733642578125
-0.00162315368652344 -0.0217685699462891 -0.47589111328125 -0.61480712890625
0.043914794921875 -0.000171661376953125 -0.448822021484375 -0.549591064453125
0.0668258666992188 0.0325927734375 -0.351593017578125 -0.320526123046875
0.08740234375 0.0469589233398438 -0.0920181274414063 -0.0769271850585938
0.0865325927734375 0.108192443847656 0.138900756835938 0.183349609375
0.0769500732421875 0.0850677490234375 0.316864013671875 0.42913818359375
0.0472755432128906 0.031768798828125 0.34783935546875 0.59796142578125
-0.0172529220581055 0.00912952423095703 0.29071044921875 0.7513427734375
-0.0634002685546875 0.0127067565917969 0.11981201171875 0.75445556640625
-0.0631256103515625 0.0126609802246094 0.031494140625 0.6419677734375
-0.0223159790039063 0.0356216430664062 0.011932373046875 0.349822998046875
-0.00398159027099609 0.0143766403198242 0.042266845703125 -0.0521507263183594
-0.0240020751953125 0.0179424285888672 0.050445556640625 -0.4327392578125
-0.0367851257324219 0.00239944458007812 -0.0360107421875 -0.686279296875
-0.0261344909667969 -0.00293540954589844 -0.27447509765625 -0.716796875
-0.0017852783203125 -0.0241069793701172 -0.46270751953125 -0.61572265625
0.0544166564941406 0.00037384033203125 -0.44097900390625 -0.54302978515625
0.0788040161132813 0.0442886352539063 -0.34112548828125 -0.3160400390625
0.096405029296875 0.0684585571289062 -0.0797042846679688 -0.056121826171875
0.0887603759765625 0.0977935791015625 0.157257080078125 0.195144653320313
0.0733871459960937 0.0775527954101563 0.31964111328125 0.428955078125
0.0408592224121094 0.0320396423339844 0.35870361328125 0.605224609375
-0.0216426849365234 0.0148258209228516 0.31878662109375 0.75390625
-0.0632209777832031 0.0150375366210937 0.15155029296875 0.74285888671875
-0.0591011047363281 0.0105171203613281 0.05181884765625 0.61883544921875
-0.0179004669189453 0.0287551879882813 0.019012451171875 0.323089599609375
-0.00232505798339844 0.00952529907226563 0.0442581176757813 -0.0748138427734375
-0.0230770111083984 0.0121307373046875 0.0588073730468751 -0.455963134765625
-0.0375137329101563 -0.0018157958984375 -0.0139770507812501 -0.705078125
-0.0264377593994141 -0.00674057006835938 -0.24737548828125 -0.73016357421875
0.0011749267578125 -0.0262966156005859 -0.44232177734375 -0.61700439453125
0.059234619140625 0.00377273559570313 -0.43109130859375 -0.53900146484375
0.08447265625 0.0542526245117188 -0.3310546875 -0.313323974609375
0.0933456420898437 0.080230712890625 -0.0704345703125 -0.0312347412109375
0.0833282470703125 0.078857421875 0.172134399414063 0.202377319335938
0.0595512390136719 0.0663681030273438 0.32672119140625 0.42523193359375
0.03076171875 0.0332050323486328 0.37762451171875 0.6058349609375
-0.0189971923828125 0.0203495025634766 0.35321044921875 0.746826171875
-0.0549087524414062 0.0126876831054688 0.1864013671875 0.72296142578125
-0.0496864318847656 -0.000289916992187504 0.0746459960937499 0.594970703125
-0.0145273208618164 0.0115842819213867 0.024749755859375 0.300933837890625
0.00258827209472656 -0.00464534759521484 0.0465469360351563 -0.0950088500976562
-0.0196266174316406 -0.000442504882812503 0.069610595703125 -0.474365234375
-0.0295925140380859 -0.0128421783447266 0.01531982421875 -0.72021484375
-0.0203895568847656 -0.0143013000488281 -0.21160888671875 -0.74566650390625
0.00473213195800781 -0.0278987884521484 -0.41424560546875 -0.62640380859375
0.054718017578125 0.00857162475585938 -0.417755126953125 -0.541473388671875
0.0767669677734375 0.054229736328125 -0.324737548828125 -0.310577392578125
0.0807342529296875 0.078704833984375 -0.063568115234375 -0.00693130493164062
-0.00781631469726563 -0.0209999084472656 0.116012573242188 0.172225952148437
-0.0324153900146484 0.00660896301269531 0.3507080078125 0.43719482421875
-0.0266189575195312 0.0364608764648438 0.3990478515625 0.5555419921875
-0.0093841552734375 0.0320777893066406 0.32672119140625 0.70867919921875
0.00413703918457031 -0.0181293487548828 0.1400146484375 0.7388916015625
0.0123519897460937 -0.05517578125 0.04730224609375 0.6766357421875
0.0203742980957031 -0.0496253967285156 0.013671875 0.3983154296875
0.0151138305664063 -0.0616378784179688 0.0393714904785156 0.00133132934570312
0.0136184692382812 -0.065216064453125 0.063385009765625 -0.3900146484375
0.0269775390625 -0.0765304565429687 -0.01416015625 -0.6712646484375
0.0371665954589844 -0.0482635498046875 -0.2593994140625 -0.73846435546875
0.0216445922851563 -0.0203113555908203 -0.45098876953125 -0.664306640625
-0.000726699829101563 0.011784553527832 -0.42230224609375 -0.58953857421875
-0.028839111328125 -0.00961494445800781 -0.354522705078125 -0.329071044921875
-0.0205841064453125 -0.06610107421875 -0.118942260742188 -0.0897903442382812
0.00980377197265625 0.0143299102783203 0.106536865234375 0.162445068359375
-0.0052032470703125 0.0288677215576172 0.344451904296875 0.441802978515625
-0.00494384765625 0.0333480834960938 0.3883056640625 0.5589599609375
-0.0108814239501953 0.0245170593261719 0.30645751953125 0.71319580078125
-0.0122537612915039 -0.00972843170166015 0.11334228515625 0.74853515625
-0.00463104248046875 -0.0364608764648438 0.02490234375 0.6866455078125
0.00916862487792969 -0.025238037109375 0.00765991210937501 0.408477783203125
0.0111351013183594 -0.0391044616699219 0.0369682312011719 0.0101547241210937
0.0040740966796875 -0.0430831909179688 0.056884765625 -0.38336181640625
0.0125617980957031 -0.0569343566894531 -0.0303344726562499 -0.658935546875
0.0208091735839844 -0.038330078125 -0.2796630859375 -0.72119140625
0.0151996612548828 -0.0208797454833984 -0.4697265625 -0.6480712890625
0.0103225708007813 0.00793552398681641 -0.44000244140625 -0.58203125
-0.00694036483764648 0.000657081604003907 -0.362060546875 -0.330352783203125
0.0050811767578125 -0.041046142578125 -0.119514465332031 -0.0970001220703125
0.0319137573242188 0.0540809631347656 0.104339599609375 0.161407470703125
0.0258712768554688 0.0550498962402344 0.33502197265625 0.443572998046875
0.0174541473388672 0.0324535369873047 0.37591552734375 0.56463623046875
-0.00962352752685547 0.0158109664916992 0.28582763671875 0.72039794921875
-0.0304908752441406 -0.00376319885253906 0.0958862304687501 0.7554931640625
-0.0267524719238281 -0.0187854766845703 0.01129150390625 0.6898193359375
-0.00218558311462402 0.000281691551208496 0.00244140625000002 0.41046142578125
0.00413131713867188 -0.0176582336425781 0.038299560546875 0.0079345703125
-0.00539588928222656 -0.0203399658203125 0.052764892578125 -0.384674072265625
-0.00425338745117188 -0.0350265502929688 -0.0412597656250001 -0.6549072265625
0.00659370422363281 -0.0246143341064453 -0.29132080078125 -0.71221923828125
0.00714111328125 -0.0209159851074219 -0.48138427734375 -0.63372802734375
0.0217151641845703 0.00516891479492188 -0.448486328125 -0.57342529296875
0.0190029144287109 0.0101070404052734 -0.365081787109375 -0.329498291015625
0.0375709533691406 -0.0107841491699219 -0.113883972167969 -0.100234985351563
0.0540771484375 0.0873794555664063 0.11004638671875 0.165313720703125
0.0520248413085938 0.0753326416015625 0.327972412109375 0.44024658203125
0.0368156433105469 0.0331344604492188 0.362548828125 0.57806396484375
-0.00993633270263672 0.0100498199462891 0.2791748046875 0.73504638671875
-0.0459022521972656 0.00196456909179687 0.0897827148437501 0.761474609375
-0.0458412170410156 -0.00316238403320312 0.00921630859374994 0.68194580078125
-0.0126838684082031 0.0214118957519531 0.00289916992187503 0.3995361328125
-0.000142574310302734 0.00241565704345703 0.0383567810058594 -0.00559234619140625
-0.0126628875732422 0.000217437744140626 0.048614501953125 -0.39697265625
-0.0180625915527344 -0.0155830383300781 -0.0484008789062501 -0.661865234375
-0.00856113433837891 -0.0118694305419922 -0.29522705078125 -0.70916748046875
0.00199127197265625 -0.0206222534179687 -0.4869384765625 -0.62371826171875
0.0328235626220703 0.00079345703125 -0.45458984375 -0.56475830078125
0.0449943542480469 0.0197067260742188 -0.360382080078125 -0.327056884765625
0.0646286010742187 0.0192451477050781 -0.1051025390625 -0.0927810668945312
0.0720443725585938 0.107437133789062 0.123825073242188 0.1737060546875
0.0706634521484375 0.0860214233398437 0.322845458984375 0.4361572265625
0.0487785339355469 0.0327720642089844 0.3526611328125 0.5897216796875
-0.0135993957519531 0.00710105895996094 0.2777099609375 0.7479248046875
-0.0585784912109375 0.00709152221679686 0.10052490234375 0.7650146484375
-0.0591278076171875 0.0088348388671875 0.0145263671875 0.6669921875
-0.0208320617675781 0.0337543487548828 0.00680541992187502 0.377685546875
-0.00285243988037109 0.0136709213256836 0.0398292541503906 -0.0258216857910156
-0.0187416076660156 0.0141868591308594 0.047821044921875 -0.41387939453125
-0.0304946899414063 -0.00185203552246094 -0.0466308593750001 -0.67327880859375
-0.018768310546875 -0.004547119140625 -0.29229736328125 -0.71429443359375
-0.00147438049316407 -0.0218219757080078 -0.4801025390625 -0.617431640625
0.0438079833984375 -0.000484466552734375 -0.453033447265625 -0.553924560546875
0.06610107421875 0.033050537109375 -0.354644775390625 -0.323638916015625
0.0867080688476563 0.0474929809570313 -0.0933456420898437 -0.0775070190429688
0.0869216918945312 0.109710693359375 0.13934326171875 0.18536376953125
0.0784912109375 0.0872802734375 0.321044921875 0.434600830078125
0.0496597290039063 0.0301055908203125 0.35296630859375 0.60394287109375
-0.0178680419921875 0.009368896484375 0.29656982421875 0.7598876953125
-0.0653152465820313 0.0138359069824219 0.12274169921875 0.76104736328125
-0.0637550354003906 0.013092041015625 0.03179931640625 0.6470947265625
-0.0216102600097656 0.0360298156738281 0.013702392578125 0.352264404296875
-0.00380229949951172 0.0170154571533203 0.041473388671875 -0.0507164001464844
-0.0239810943603516 0.0192317962646484 0.047821044921875 -0.437286376953125
-0.0364952087402344 0.00432968139648437 -0.0382080078125001 -0.6923828125
-0.0268211364746094 -0.00261306762695312 -0.27935791015625 -0.7230224609375
-0.00165367126464844 -0.0255985260009766 -0.46905517578125 -0.6197509765625
0.0559120178222656 -0.00030517578125 -0.44482421875 -0.5460205078125
0.0803146362304688 0.0450439453125 -0.3460693359375 -0.319366455078125
0.0964889526367188 0.068511962890625 -0.0817108154296875 -0.0560073852539063
0.090972900390625 0.09942626953125 0.156539916992188 0.197006225585938
0.072723388671875 0.078369140625 0.3221435546875 0.431182861328125
0.0426521301269531 0.0312309265136719 0.364990234375 0.61260986328125
-0.0206680297851563 0.0143051147460937 0.32421875 0.7598876953125
-0.0628738403320313 0.015533447265625 0.15399169921875 0.75140380859375
-0.0600814819335938 0.00991058349609374 0.0529174804687499 0.62445068359375
-0.0195693969726563 0.0287742614746094 0.01898193359375 0.32733154296875
-0.00185394287109375 0.00924015045166016 0.044219970703125 -0.0748367309570313
-0.0238094329833984 0.0132522583007813 0.05743408203125 -0.458831787109375
-0.0385627746582031 -0.00124359130859376 -0.01824951171875 -0.712158203125
-0.0268516540527344 -0.00598335266113282 -0.2529296875 -0.73760986328125
0.00166511535644531 -0.0293102264404297 -0.44683837890625 -0.62451171875
0.0593757629394531 0.0026702880859375 -0.43707275390625 -0.54425048828125
0.0845870971679688 0.051910400390625 -0.336212158203125 -0.3165283203125
0.092376708984375 0.0805511474609375 -0.0722274780273438 -0.0315933227539062
0.0839004516601563 0.07879638671875 0.17230224609375 0.20556640625
0.0604591369628906 0.0667190551757813 0.330322265625 0.43157958984375
0.0322418212890625 0.0332107543945313 0.38421630859375 0.61077880859375
-0.0184459686279297 0.0190391540527344 0.35919189453125 0.750732421875
-0.0544319152832031 0.0125312805175781 0.18817138671875 0.73028564453125
-0.0505943298339844 0.000331878662109365 0.07501220703125 0.602294921875
-0.0147256851196289 0.0124177932739258 0.02593994140625 0.304443359375
0.000945806503295898 -0.00422239303588867 0.0451126098632812 -0.0961380004882813
-0.0191516876220703 0.000701904296875001 0.07110595703125 -0.477081298828125
-0.0305690765380859 -0.0119171142578125 0.0158081054687499 -0.72845458984375
-0.0212955474853516 -0.0141868591308594 -0.2144775390625 -0.75311279296875
0.00443458557128906 -0.0278301239013672 -0.4176025390625 -0.63128662109375
0.0558929443359375 0.00711441040039063 -0.422821044921875 -0.545684814453125
0.077362060546875 0.0551910400390625 -0.327728271484375 -0.313262939453125
0.0802536010742188 0.0789108276367188 -0.0655632019042969 -0.00713348388671874
-0.00834846496582031 -0.0213718414306641 0.117141723632813 0.17462158203125
-0.0318431854248047 0.00650787353515625 0.3555908203125 0.44000244140625
-0.0263786315917969 0.0377655029296875 0.405029296875 0.560150146484375
-0.00855636596679688 0.0332050323486328 0.335205078125 0.71563720703125
0.00457191467285156 -0.0161237716674805 0.14471435546875 0.74725341796875
0.0131454467773437 -0.0561408996582031 0.0504150390625 0.684814453125
0.0191307067871094 -0.0498504638671875 0.0126953125 0.40283203125
0.0161285400390625 -0.0620880126953125 0.0398674011230469 0.00257110595703125
0.0141487121582031 -0.0641899108886719 0.063568115234375 -0.395477294921875
0.0272979736328125 -0.076629638671875 -0.0162353515625 -0.67822265625
0.0373268127441406 -0.0475959777832031 -0.2637939453125 -0.7435302734375
0.0223751068115234 -0.0200576782226562 -0.45782470703125 -0.66925048828125
-0.00166130065917969 0.0110664367675781 -0.43109130859375 -0.59564208984375
-0.0315761566162109 -0.00951957702636718 -0.360015869140625 -0.333465576171875
-0.0223007202148438 -0.066864013671875 -0.119300842285156 -0.09185791015625
0.0104990005493164 0.0138988494873047 0.106689453125 0.165756225585937
-0.00393104553222656 0.0274009704589844 0.3486328125 0.44647216796875
-0.00467109680175781 0.0337791442871094 0.3955078125 0.5638427734375
-0.00951194763183594 0.0252895355224609 0.3109130859375 0.719482421875
-0.0122814178466797 -0.0105180740356445 0.1168212890625 0.75445556640625
-0.00676727294921875 -0.0368499755859375 0.0280151367187499 0.69573974609375
0.00931739807128907 -0.0260982513427734 0.00775146484375002 0.414093017578125
0.0107688903808594 -0.0391006469726563 0.0375633239746094 0.0101051330566406
0.00569915771484375 -0.0411605834960938 0.0550537109375 -0.38726806640625
0.0121688842773437 -0.0560188293457031 -0.03399658203125 -0.6654052734375
0.0214157104492188 -0.0383872985839844 -0.286376953125 -0.72930908203125
0.0155544281005859 -0.0222969055175781 -0.4761962890625 -0.65264892578125
0.00932979583740234 0.00722503662109375 -0.44610595703125 -0.587158203125
-0.00825881958007813 0.00130844116210938 -0.368011474609375 -0.33428955078125
0.00382614135742188 -0.0405960083007813 -0.122215270996094 -0.098785400390625
0.0303611755371094 0.0555801391601563 0.105239868164063 0.164474487304688
0.0250930786132812 0.0556297302246094 0.3404541015625 0.44879150390625
0.0183773040771484 0.0333404541015625 0.38116455078125 0.57244873046875
-0.00939464569091797 0.0156679153442383 0.2921142578125 0.72650146484375
-0.0302867889404297 -0.00460052490234376 0.0975341796875 0.76409912109375
-0.0278358459472656 -0.0186729431152344 0.013427734375 0.696044921875
-0.00260448455810547 0.000268697738647461 0.00146484374999998 0.4141845703125
0.00481796264648437 -0.017521858215332 0.0380935668945313 0.00895309448242188
-0.00524330139160156 -0.0196533203125 0.053314208984375 -0.3880615234375
-0.00380325317382813 -0.0357666015625 -0.043212890625 -0.66265869140625
0.00453948974609375 -0.0234184265136719 -0.29833984375 -0.71856689453125
0.00874519348144531 -0.02215576171875 -0.49053955078125 -0.64019775390625
0.0229740142822266 0.00377273559570313 -0.458251953125 -0.579833984375
0.019561767578125 0.010589599609375 -0.368682861328125 -0.332061767578125
0.035858154296875 -0.0109519958496094 -0.115608215332031 -0.100486755371094
0.05267333984375 0.087371826171875 0.111404418945312 0.166656494140625
0.0525283813476563 0.0765914916992188 0.33465576171875 0.445220947265625
0.0372962951660156 0.0331840515136719 0.36932373046875 0.582275390625
-0.0110464096069336 0.00987720489501953 0.28192138671875 0.74169921875
-0.04888916015625 0.00215911865234375 0.093017578125 0.77178955078125
-0.0466270446777344 -0.0019378662109375 0.0103759765625001 0.6912841796875
-0.0136566162109375 0.0218124389648438 0.00335693359374998 0.40179443359375
6.91413879394531E-05 0.00292420387268066 0.0390701293945313 -0.00299072265625
-0.0131855010986328 0.00148677825927734 0.047393798828125 -0.39892578125
-0.0188884735107422 -0.0151920318603516 -0.05181884765625 -0.6700439453125
-0.00885105133056641 -0.010981559753418 -0.30328369140625 -0.714599609375
0.00252151489257813 -0.0210647583007812 -0.4952392578125 -0.6278076171875
0.0335903167724609 -2.47955322265625E-05 -0.46087646484375 -0.57061767578125
0.0446014404296875 0.0224990844726563 -0.36669921875 -0.3309326171875
0.064910888671875 0.0187797546386719 -0.105827331542969 -0.0930023193359375
0.073150634765625 0.107147216796875 0.124359130859375 0.175704956054688
0.0717544555664062 0.08782958984375 0.327178955078125 0.44158935546875
0.0480613708496094 0.0328292846679688 0.3592529296875 0.59686279296875
-0.0145683288574219 0.0072174072265625 0.284912109375 0.75628662109375
-0.0595016479492188 0.00752639770507811 0.10443115234375 0.77508544921875
-0.0599250793457031 0.00914382934570314 0.0167236328125 0.6744384765625
-0.0201854705810547 0.0343837738037109 0.00787353515625002 0.381866455078125
-0.00220680236816406 0.0146579742431641 0.0402793884277344 -0.0241622924804688
-0.0197467803955078 0.0150737762451172 0.0462646484375 -0.417327880859375
-0.0305519104003906 -0.00105094909667969 -0.04974365234375 -0.6807861328125
-0.0196647644042969 -0.00270462036132813 -0.2989501953125 -0.7198486328125
-0.00238227844238281 -0.0225334167480469 -0.4886474609375 -0.62445068359375
0.0456085205078125 -0.00157928466796875 -0.461151123046875 -0.5592041015625
0.0667152404785156 0.033447265625 -0.359344482421875 -0.32666015625
0.085845947265625 0.0472640991210937 -0.0951461791992188 -0.0776901245117187
0.0852432250976563 0.110443115234375 0.141098022460938 0.186386108398438
0.0779571533203125 0.0877914428710938 0.324859619140625 0.438812255859375
0.0491142272949219 0.0307083129882813 0.35955810546875 0.61016845703125
-0.0181713104248047 0.00950241088867187 0.30078125 0.7662353515625
-0.066009521484375 0.0142097473144531 0.12738037109375 0.769775390625
-0.0640792846679688 0.0149688720703125 0.0333862304687501 0.65472412109375
-0.0218505859375 0.037841796875 0.014373779296875 0.356201171875
-0.00362586975097656 0.0167150497436523 0.0421180725097656 -0.0501823425292969
-0.0230121612548828 0.0206851959228516 0.0489501953125 -0.441864013671875
-0.0374488830566406 0.00349426269531249 -0.0405883789062499 -0.6993408203125
-0.0282230377197266 -0.00218391418457031 -0.28387451171875 -0.7301025390625
-0.00216484069824219 -0.0270252227783203 -0.4757080078125 -0.62353515625
0.0568733215332031 -0.00104522705078125 -0.45306396484375 -0.55303955078125
0.0813140869140625 0.0449752807617188 -0.35040283203125 -0.3232421875
0.09625244140625 0.0694427490234375 -0.0830001831054688 -0.0570602416992188
0.09063720703125 0.100021362304688 0.159317016601563 0.198501586914063
0.0755615234375 0.0789718627929688 0.32904052734375 0.436859130859375
0.0428237915039063 0.0311126708984375 0.3707275390625 0.61761474609375
-0.0210609436035156 0.0141334533691406 0.3314208984375 0.7689208984375
-0.0646896362304688 0.0159034729003906 0.159423828125 0.75592041015625
-0.0607452392578125 0.0113677978515625 0.05517578125 0.63275146484375
-0.0205516815185547 0.0291423797607422 0.020965576171875 0.330596923828125
-0.000921249389648438 0.0106134414672852 0.0431137084960938 -0.0742340087890625
-0.0234603881835938 0.0147647857666016 0.056121826171875 -0.46380615234375
-0.0386466979980469 0.000164031982421874 -0.01776123046875 -0.71990966796875
-0.0284633636474609 -0.00634765625 -0.256591796875 -0.74444580078125
0.000295639038085939 -0.029144287109375 -0.45599365234375 -0.6287841796875
0.0596923828125 0.00210189819335938 -0.442474365234375 -0.54949951171875
0.0844955444335938 0.0547409057617188 -0.340179443359375 -0.319671630859375
0.0918807983398438 0.0816421508789063 -0.0715789794921875 -0.0319747924804687
0.0825119018554688 0.0793228149414063 0.175628662109375 0.208969116210938
0.0613594055175781 0.0675697326660156 0.336456298828125 0.43524169921875
0.0336589813232422 0.0327281951904297 0.39202880859375 0.61834716796875
-0.0191898345947266 0.0191688537597656 0.36590576171875 0.7596435546875
-0.0549392700195312 0.0127601623535156 0.192626953125 0.737060546875
-0.0507698059082031 0.00157928466796876 0.078369140625 0.6070556640625
-0.0127458572387695 0.0129299163818359 0.02667236328125 0.3072509765625
0.00201654434204102 -0.00475549697875977 0.04473876953125 -0.0959548950195313
-0.0190372467041016 0.00149154663085938 0.06939697265625 -0.48284912109375
-0.0318202972412109 -0.0117588043212891 0.0111083984375 -0.73681640625
-0.0211944580078125 -0.0137557983398437 -0.22076416015625 -0.75775146484375
0.00426292419433594 -0.0290794372558594 -0.42626953125 -0.6363525390625
0.0570144653320313 0.007354736328125 -0.429290771484375 -0.5494384765625
0.0758514404296875 0.05596923828125 -0.332977294921875 -0.318511962890625
0.0780715942382813 0.079254150390625 -0.0653305053710938 -0.00803375244140624
-0.0105190277099609 -0.02325439453125 0.118698120117188 0.174713134765625
-0.03155517578125 0.00567054748535157 0.362091064453125 0.44561767578125
-0.0263252258300781 0.03631591796875 0.413818359375 0.56610107421875
-0.00883674621582031 0.0330753326416016 0.34368896484375 0.7239990234375
0.00424385070800781 -0.0185337066650391 0.15069580078125 0.7542724609375
0.0122108459472656 -0.0564231872558594 0.05364990234375 0.69244384765625
0.0182342529296875 -0.0498809814453125 0.016998291015625 0.408905029296875
0.0164833068847656 -0.0630683898925781 0.0386734008789063 0.00352096557617187
0.0126724243164063 -0.06524658203125 0.061065673828125 -0.3994140625
0.0288467407226562 -0.0769577026367188 -0.0213623046875 -0.68634033203125
0.0385780334472656 -0.0505180358886719 -0.27154541015625 -0.75103759765625
0.0216808319091797 -0.0206165313720703 -0.468505859375 -0.6744384765625
-0.00174236297607422 0.0121488571166992 -0.44012451171875 -0.60211181640625
-0.0307960510253906 -0.010528564453125 -0.3663330078125 -0.336395263671875
-0.0249099731445313 -0.0678558349609375 -0.121627807617188 -0.0910186767578125
0.00867271423339844 0.0130739212036133 0.110244750976563 0.166351318359375
-0.00582313537597657 0.0295734405517578 0.354705810546875 0.450927734375
-0.004913330078125 0.0328445434570313 0.402587890625 0.5703125
-0.00958633422851563 0.0258731842041016 0.3189697265625 0.72662353515625
-0.0130624771118164 -0.00992393493652344 0.12109375 0.76312255859375
-0.00592803955078125 -0.0377159118652344 0.0314331054687501 0.7020263671875
0.00815391540527344 -0.0238208770751953 0.00979614257812497 0.4197998046875
0.0112419128417969 -0.0387344360351563 0.0374031066894531 0.0117683410644531
0.00376129150390625 -0.0426712036132813 0.054962158203125 -0.3922119140625
0.0112648010253906 -0.0569305419921875 -0.0366821289062499 -0.67352294921875
0.0199661254882813 -0.038482666015625 -0.29315185546875 -0.73681640625
0.0144443511962891 -0.0223731994628906 -0.48590087890625 -0.65802001953125
0.0110740661621094 0.007843017578125 -0.455810546875 -0.59393310546875
-0.00829553604125977 -0.000285148620605468 -0.372528076171875 -0.338470458984375
0.00313186645507812 -0.0412254333496094 -0.12359619140625 -0.10015869140625
0.0314407348632813 0.0550422668457031 0.106964111328125 0.165069580078125
0.0267829895019531 0.0551986694335937 0.34832763671875 0.45391845703125
0.0186233520507813 0.0319538116455078 0.38958740234375 0.579345703125
-0.0085153579711914 0.0148859024047852 0.2994384765625 0.73406982421875
-0.0314083099365234 -0.00481605529785156 0.10137939453125 0.7735595703125
-0.0275039672851563 -0.0179805755615234 0.01800537109375 0.7037353515625
-0.00309085845947266 0.000596523284912109 0.00552368164062497 0.418792724609375
0.00594234466552734 -0.0163278579711914 0.0389862060546875 0.00917434692382813
-0.00555610656738281 -0.0177993774414063 0.049407958984375 -0.394134521484375
-0.00459098815917969 -0.0345916748046875 -0.0477294921875001 -0.67120361328125
0.00425529479980469 -0.0242938995361328 -0.30511474609375 -0.72491455078125
0.00766754150390625 -0.0218734741210937 -0.49761962890625 -0.64453125
0.0216541290283203 0.00262260437011719 -0.4678955078125 -0.584716796875
0.0200538635253906 0.0106353759765625 -0.374267578125 -0.336578369140625
0.0346050262451172 -0.0107059478759766 -0.118247985839844 -0.101654052734375
0.0543746948242188 0.087982177734375 0.1129150390625 0.167922973632813
0.0539627075195312 0.0775833129882813 0.34033203125 0.44970703125
0.0387763977050781 0.0315208435058594 0.37799072265625 0.58880615234375
-0.0090179443359375 0.00907707214355469 0.289794921875 0.7486572265625
-0.0491104125976563 0.00242233276367188 0.09820556640625 0.77923583984375
-0.0471649169921875 -0.00278472900390625 0.0125122070312499 0.69866943359375
-0.0141029357910156 0.0222110748291016 0.00640869140624996 0.408721923828125
-0.000456094741821289 0.00336265563964844 0.03851318359375 -0.0028076171875
-0.0118179321289062 0.00368499755859375 0.045379638671875 -0.40374755859375
-0.0195465087890625 -0.0149650573730469 -0.05499267578125 -0.67645263671875
-0.00872516632080078 -0.01116943359375 -0.30950927734375 -0.7237548828125
0.003204345703125 -0.0213394165039062 -0.5040283203125 -0.63653564453125
0.0341129302978516 0.00018310546875 -0.46954345703125 -0.57568359375
0.0465126037597656 0.0201454162597656 -0.37371826171875 -0.334136962890625
0.0640830993652344 0.0192604064941406 -0.10858154296875 -0.0957489013671875
0.0731658935546875 0.108436584472656 0.126388549804688 0.178543090820313
0.0731353759765625 0.0883331298828125 0.3345947265625 0.444366455078125
0.0496444702148438 0.0311775207519531 0.367431640625 0.60284423828125
-0.013702392578125 0.00661849975585938 0.291748046875 0.7650146484375
-0.0609817504882813 0.00811386108398438 0.11114501953125 0.7845458984375
-0.0605926513671875 0.0103797912597656 0.02008056640625 0.68414306640625
-0.0193462371826172 0.0347900390625 0.010009765625 0.3875732421875
-0.00293922424316406 0.0151910781860352 0.0403213500976563 -0.0242118835449219
-0.0192985534667969 0.0160427093505859 0.0440673828125 -0.420684814453125
-0.0305194854736328 0.000476837158203126 -0.0547485351562501 -0.6903076171875
-0.0211334228515625 -0.00348854064941406 -0.30615234375 -0.72784423828125
-0.00185203552246094 -0.0236263275146484 -0.49749755859375 -0.63006591796875
0.0471458435058594 -0.00112533569335938 -0.46893310546875 -0.56488037109375
0.0677680969238281 0.0328521728515625 -0.366455078125 -0.33038330078125
0.0855865478515625 0.04803466796875 -0.0963897705078125 -0.0784683227539063
0.0868148803710938 0.111175537109375 0.14288330078125 0.190093994140625
0.078765869140625 0.0880203247070313 0.33172607421875 0.443634033203125
0.0512046813964844 0.0299491882324219 0.36761474609375 0.61505126953125
-0.0182323455810547 0.0095062255859375 0.30926513671875 0.774658203125
-0.0658378601074219 0.0136642456054687 0.134033203125 0.77685546875
-0.0649528503417969 0.01580810546875 0.0384521484375 0.66357421875
-0.0212326049804688 0.03826904296875 0.016143798828125 0.362457275390625
-0.00434303283691406 0.0193138122558594 0.0426177978515625 -0.0495109558105469
-0.02227783203125 0.0207118988037109 0.04620361328125 -0.4461669921875
-0.0396347045898438 0.00461196899414063 -0.0452880859375 -0.70794677734375
-0.0283966064453125 -0.00197792053222657 -0.2913818359375 -0.737060546875
-0.00218772888183594 -0.0279140472412109 -0.4842529296875 -0.62957763671875
0.0558090209960938 -0.00104141235351563 -0.46240234375 -0.55694580078125
0.0830841064453125 0.0448684692382812 -0.357696533203125 -0.324462890625
0.0947418212890625 0.0692138671875 -0.0836410522460938 -0.0566177368164062
0.0901947021484375 0.0997314453125 0.162704467773438 0.201553344726563
0.0769119262695313 0.0791778564453125 0.33502197265625 0.441619873046875
0.0432357788085938 0.0308723449707031 0.3787841796875 0.623779296875
-0.0211353302001953 0.0144329071044922 0.33917236328125 0.7764892578125
-0.0640869140625 0.017822265625 0.16412353515625 0.76416015625
-0.0611457824707031 0.0125198364257813 0.05950927734375 0.6392822265625
-0.0191764831542969 0.0302505493164062 0.02252197265625 0.33551025390625
-0.00265693664550781 0.0113153457641602 0.0430831909179688 -0.0739593505859375
-0.0231914520263672 0.0165367126464844 0.053497314453125 -0.469390869140625
-0.0386810302734375 0.000511169433593751 -0.02410888671875 -0.72821044921875
-0.0280647277832031 -0.00547981262207031 -0.264404296875 -0.7528076171875
0.00185203552246094 -0.0301265716552734 -0.4625244140625 -0.635009765625
0.0606727600097656 0.00339126586914063 -0.45330810546875 -0.5540771484375
0.0858917236328125 0.0550384521484375 -0.347686767578125 -0.32244873046875
0.0920181274414063 0.081146240234375 -0.0732421875 -0.0321578979492188
0.0842437744140625 0.0809860229492188 0.17864990234375 0.210830688476563
0.062255859375 0.0683441162109375 0.3416748046875 0.440673828125
0.034332275390625 0.0321731567382813 0.40057373046875 0.6251220703125
-0.0193557739257813 0.0209751129150391 0.3756103515625 0.76611328125
-0.0571403503417969 0.0141487121582031 0.20013427734375 0.74462890625
-0.0530586242675781 0.00213623046875 0.0830078125 0.6141357421875
-0.0143518447875977 0.0136203765869141 0.028411865234375 0.311187744140625
0.000710964202880859 -0.00228643417358398 0.044586181640625 -0.0961380004882813
-0.0183467864990234 0.00239372253417969 0.067535400390625 -0.4871826171875
-0.031982421875 -0.0121059417724609 0.00817871093749997 -0.74664306640625
-0.0218181610107422 -0.0120868682861328 -0.22711181640625 -0.767578125
0.00446319580078125 -0.0300140380859375 -0.43408203125 -0.64215087890625
0.0575599670410156 0.0069122314453125 -0.4376220703125 -0.55438232421875
0.0775527954101563 0.0556259155273438 -0.337493896484375 -0.32196044921875
0.078857421875 0.0806961059570313 -0.0665359497070313 -0.00901412963867187
-0.0107860565185547 -0.0244312286376953 0.121185302734375 0.17626953125
-0.0323944091796875 0.00627899169921875 0.370025634765625 0.4486083984375
-0.0257644653320312 0.0361442565917969 0.42449951171875 0.57080078125
-0.00792884826660156 0.0346736907958984 0.35272216796875 0.73114013671875
0.00489330291748047 -0.0166568756103516 0.158203125 0.7642822265625
0.0108642578125 -0.0562553405761719 0.0594482421875 0.7015380859375
0.0189857482910156 -0.0502967834472656 0.018768310546875 0.413909912109375
0.0161666870117187 -0.0638999938964844 0.0391845703125 0.00452423095703125
0.0136070251464844 -0.0624961853027344 0.05865478515625 -0.404876708984375
0.0265121459960938 -0.0780868530273438 -0.0262451171875 -0.69390869140625
0.0359458923339844 -0.0510215759277344 -0.281982421875 -0.75799560546875
0.0210762023925781 -0.0226249694824219 -0.47821044921875 -0.678955078125
-0.00155830383300781 0.0090789794921875 -0.451171875 -0.60906982421875
-0.0319061279296875 -0.0116710662841797 -0.37420654296875 -0.339385986328125
-0.028411865234375 -0.0683250427246094 -0.124137878417969 -0.0923385620117188
0.00650215148925781 0.0136709213256836 0.112884521484375 0.1666259765625
-0.00455284118652343 0.0297489166259766 0.362640380859375 0.456451416015625
-0.00418281555175781 0.0332851409912109 0.41351318359375 0.57354736328125
-0.00884819030761719 0.0237770080566406 0.33074951171875 0.73406982421875
-0.0134439468383789 -0.0105791091918945 0.1290283203125 0.7725830078125
-0.00654220581054688 -0.0370941162109375 0.0369873046874999 0.70928955078125
0.0108566284179688 -0.0237293243408203 0.01312255859375 0.424530029296875
0.0100440979003906 -0.03900146484375 0.0371589660644531 0.0120582580566406
0.00515365600585937 -0.0406837463378906 0.05157470703125 -0.396270751953125
0.011688232421875 -0.0573768615722656 -0.04302978515625 -0.68389892578125
0.0220489501953125 -0.039031982421875 -0.300537109375 -0.7440185546875
0.0149040222167969 -0.0230789184570312 -0.49835205078125 -0.66217041015625
0.0104780197143555 0.00708389282226563 -0.46392822265625 -0.59710693359375
-0.0070338249206543 -1.3828277587891E-05 -0.3809814453125 -0.340179443359375
-7.62939453124628E-06 -0.0409126281738281 -0.127067565917969 -0.0991287231445312
0.0297126770019531 0.055389404296875 0.10888671875 0.1656494140625
0.0278167724609375 0.0550308227539062 0.354766845703125 0.457000732421875
0.0207004547119141 0.0329780578613281 0.4005126953125 0.58343505859375
-0.00976371765136719 0.0153274536132812 0.30950927734375 0.74029541015625
-0.0330219268798828 -0.00216484069824219 0.11163330078125 0.78277587890625
-0.0291709899902344 -0.01800537109375 0.022705078125 0.71380615234375
-0.00097048282623291 -0.000196993350982666 0.00949096679687498 0.425079345703125
0.00432014465332031 -0.0163116455078125 0.0384330749511719 0.00992202758789062
-0.00483798980712891 -0.016758918762207 0.046539306640625 -0.39556884765625
-0.00508499145507812 -0.0337772369384766 -0.054443359375 -0.67706298828125
0.00422096252441406 -0.0241374969482422 -0.315185546875 -0.73284912109375
0.00899505615234375 -0.0221710205078125 -0.5103759765625 -0.6485595703125
0.0231342315673828 0.00218582153320313 -0.4769287109375 -0.58642578125
0.0195446014404297 0.0116863250732422 -0.38323974609375 -0.338714599609375
0.0344352722167969 -0.0100364685058594 -0.11944580078125 -0.101783752441406
0.0527420043945313 0.0901565551757813 0.115280151367188 0.171340942382813
0.0544281005859375 0.078277587890625 0.347991943359375 0.4525146484375
0.0405616760253906 0.0313148498535156 0.3875732421875 0.59375
-0.0102024078369141 0.00928306579589844 0.30078125 0.75628662109375
-0.0502433776855469 0.00391387939453126 0.1036376953125 0.78955078125
-0.0481224060058594 0.0002593994140625 0.0172119140625001 0.70782470703125
-0.0135707855224609 0.0237445831298828 0.007476806640625 0.413543701171875
-0.00164508819580078 0.00443267822265625 0.03857421875 -0.00164031982421875
-0.0117349624633789 0.00263118743896484 0.043670654296875 -0.407257080078125
-0.0208320617675781 -0.013397216796875 -0.0614013671874999 -0.684814453125
-0.00993537902832031 -0.0119829177856445 -0.31842041015625 -0.7279052734375
0.00223350524902344 -0.0226383209228516 -0.5155029296875 -0.6383056640625
0.0346412658691406 -0.000429153442382812 -0.48236083984375 -0.57757568359375
0.0457763671875 0.02203369140625 -0.381591796875 -0.335540771484375
0.063812255859375 0.0190887451171875 -0.110221862792969 -0.0955123901367187
0.0747833251953125 0.108238220214844 0.128265380859375 0.180007934570312
0.0731735229492188 0.0899276733398438 0.342041015625 0.45037841796875
0.0501556396484375 0.0314445495605469 0.3785400390625 0.60870361328125
-0.0137624740600586 0.00754070281982422 0.30291748046875 0.77166748046875
-0.06304931640625 0.00943374633789063 0.11572265625 0.7918701171875
-0.0605125427246094 0.0118598937988281 0.02716064453125 0.6951904296875
-0.0191459655761719 0.0367851257324219 0.013275146484375 0.394287109375
-0.00361728668212891 0.0165185928344727 0.0403480529785156 -0.0247154235839844
-0.0194492340087891 0.0184993743896484 0.0416259765625 -0.426544189453125
-0.0313777923583984 0.00162124633789063 -0.0623779296875001 -0.69622802734375
-0.0212535858154297 -0.00210952758789062 -0.31414794921875 -0.7333984375
-0.00260543823242188 -0.0252246856689453 -0.50958251953125 -0.63482666015625
0.0477104187011719 -0.00203704833984375 -0.47979736328125 -0.56903076171875
0.0682487487792969 0.0330657958984375 -0.37225341796875 -0.334228515625
0.0864410400390625 0.0491256713867188 -0.097320556640625 -0.0802459716796875
0.0869216918945313 0.11102294921875 0.145767211914063 0.190948486328125
0.0819015502929688 0.0870285034179688 0.34027099609375 0.44720458984375
0.0513076782226563 0.0302963256835938 0.37750244140625 0.6207275390625
-0.0174989700317383 0.00912094116210938 0.32037353515625 0.78399658203125
-0.0677223205566406 0.0150108337402344 0.1380615234375 0.7862548828125
-0.0661811828613281 0.0164070129394531 0.0432739257812501 0.6734619140625
-0.0202674865722656 0.0386238098144531 0.020416259765625 0.366058349609375
-0.00434112548828125 0.0192279815673828 0.041259765625 -0.049041748046875
-0.0231437683105469 0.0236148834228516 0.0438232421875 -0.45111083984375
-0.0390701293945313 0.00529861450195312 -0.0527343749999999 -0.71746826171875
-0.0289726257324219 -0.00208854675292969 -0.3011474609375 -0.7452392578125
-0.0024566650390625 -0.0279750823974609 -0.49688720703125 -0.63336181640625
0.0570220947265625 -0.00166702270507813 -0.47381591796875 -0.56317138671875
0.0823745727539063 0.0461273193359375 -0.366363525390625 -0.328094482421875
0.0941009521484375 0.0707855224609375 -0.0844802856445313 -0.0593719482421875
0.0920028686523438 0.101585388183594 0.1629638671875 0.203750610351563
0.075958251953125 0.079864501953125 0.343475341796875 0.446136474609375
0.0447921752929688 0.0308265686035156 0.38983154296875 0.6300048828125
-0.0188083648681641 0.0156898498535156 0.3494873046875 0.783203125
-0.0650596618652344 0.0160255432128906 0.17047119140625 0.7733154296875
-0.0616073608398437 0.0141029357910156 0.0640258789062501 0.64898681640625
-0.0197010040283203 0.0308284759521484 0.02703857421875 0.340911865234375
-0.00116825103759766 0.0126495361328125 0.0446701049804687 -0.0741653442382813
-0.0226993560791016 0.0181064605712891 0.050872802734375 -0.473724365234375
-0.0393791198730469 0.00150680541992187 -0.0313720703125 -0.73748779296875
-0.0287761688232422 -0.00618743896484375 -0.27325439453125 -0.7608642578125
0.000928878784179684 -0.0299396514892578 -0.47412109375 -0.6380615234375
0.0626144409179688 0.00149154663085938 -0.462921142578125 -0.55865478515625
0.0864715576171875 0.0539016723632813 -0.355438232421875 -0.32403564453125
0.0907363891601562 0.0828018188476562 -0.0755462646484375 -0.0326614379882812
0.0841217041015625 0.0808029174804688 0.183456420898437 0.212844848632812
0.0624885559082031 0.0674781799316406 0.34942626953125 0.444580078125
0.0351753234863281 0.0324859619140625 0.4114990234375 0.63079833984375
-0.0198135375976562 0.0207023620605469 0.38616943359375 0.77301025390625
-0.0564079284667969 0.0157394409179688 0.20770263671875 0.75250244140625
-0.0542945861816406 0.00367355346679687 0.08795166015625 0.6224365234375
-0.0132427215576172 0.0142221450805664 0.03204345703125 0.315765380859375
0.00102567672729492 -0.00243544578552246 0.0444183349609375 -0.0963211059570313
-0.0185070037841797 0.00478172302246094 0.06390380859375 -0.495391845703125
-0.0323829650878906 -0.0112743377685547 0.000549316406250061 -0.75677490234375
-0.02349853515625 -0.0140476226806641 -0.23480224609375 -0.77484130859375
0.00533676147460938 -0.0298309326171875 -0.44500732421875 -0.647705078125
0.0591239929199219 0.00374603271484375 -0.447967529296875 -0.558929443359375
0.07708740234375 0.0559921264648438 -0.3460693359375 -0.32403564453125
0.0778350830078125 0.0788040161132813 -0.067413330078125 -0.0080718994140625
-0.0119037628173828 -0.0257110595703125 0.124298095703125 0.178192138671875
-0.0332279205322266 0.007049560546875 0.378814697265625 0.451080322265625
-0.0256881713867187 0.03662109375 0.43804931640625 0.5743408203125
-0.00775146484375 0.0339508056640625 0.36688232421875 0.7362060546875
0.00351810455322266 -0.0174503326416016 0.16790771484375 0.77288818359375
0.0112152099609375 -0.0570793151855469 0.0670166015625001 0.70989990234375
0.0195541381835937 -0.0524024963378906 0.022674560546875 0.420166015625
0.0147781372070313 -0.0623130798339844 0.0398063659667969 0.0041351318359375
0.0135040283203125 -0.0639877319335938 0.052978515625 -0.409515380859375
0.0259628295898437 -0.0780105590820313 -0.03515625 -0.7041015625
0.0360832214355469 -0.0512237548828125 -0.29364013671875 -0.76654052734375
0.0226879119873047 -0.0224647521972656 -0.4921875 -0.68463134765625
-0.00276947021484375 0.010127067565918 -0.46282958984375 -0.60931396484375
-0.0325698852539063 -0.0108661651611328 -0.381744384765625 -0.342193603515625
-0.029754638671875 -0.0686416625976563 -0.127983093261719 -0.0914077758789063
0.00878810882568359 0.011693000793457 0.114395141601563 0.169174194335938
-0.00412368774414062 0.0298995971679687 0.374420166015625 0.456878662109375
-0.00339508056640625 0.0329494476318359 0.42584228515625 0.57696533203125
-0.00926780700683594 0.0258216857910156 0.3428955078125 0.74029541015625
-0.0134906768798828 -0.00875949859619141 0.1373291015625 0.7835693359375
-0.00519943237304687 -0.0363845825195313 0.043701171875 0.72113037109375
0.0095367431640625 -0.0249195098876953 0.017242431640625 0.43023681640625
0.0110626220703125 -0.0390701293945313 0.0385627746582031 0.0120315551757812
0.00385665893554688 -0.0410690307617188 0.04815673828125 -0.40130615234375
0.00996398925781249 -0.0575828552246094 -0.0510253906250001 -0.69000244140625
0.0195770263671875 -0.0394096374511719 -0.31280517578125 -0.75042724609375
0.0152397155761719 -0.0227928161621094 -0.5115966796875 -0.66705322265625
0.0100107192993164 0.00606441497802734 -0.4793701171875 -0.60150146484375
-0.00819206237792969 -0.00019216537475586 -0.38995361328125 -0.341156005859375
-0.000629425048828124 -0.0416984558105469 -0.129440307617187 -0.101699829101563
0.0302085876464844 0.0553436279296875 0.112579345703125 0.169158935546875
0.0273017883300781 0.0562820434570313 0.365386962890625 0.46099853515625
0.0199451446533203 0.0320358276367188 0.4134521484375 0.58587646484375
-0.00911712646484375 0.0151548385620117 0.32220458984375 0.74859619140625
-0.0327644348144531 -0.00398254394531249 0.12103271484375 0.7901611328125
-0.0292930603027344 -0.0175361633300781 0.02764892578125 0.724365234375
-0.00193679332733154 0.000683784484863282 0.01220703125 0.43133544921875
0.00513553619384766 -0.0160894393920898 0.0396308898925781 0.0107803344726562
-0.00532817840576172 -0.0159759521484375 0.0423583984375 -0.401763916015625
-0.00637245178222656 -0.0342693328857422 -0.064453125 -0.68695068359375
0.00327873229980469 -0.0247459411621094 -0.32440185546875 -0.7376708984375
0.00769424438476563 -0.0235996246337891 -0.52362060546875 -0.65087890625
0.0215644836425781 0.00193595886230469 -0.4898681640625 -0.5908203125
0.0192222595214844 0.0101909637451172 -0.391754150390625 -0.340576171875
0.0330390930175781 -0.0107002258300781 -0.12152099609375 -0.102813720703125
0.0531997680664063 0.0904159545898438 0.11871337890625 0.17254638671875
0.0556106567382813 0.0788421630859375 0.357177734375 0.456298828125
0.0405921936035156 0.0308837890625 0.399658203125 0.59967041015625
-0.00948524475097656 0.0096883773803711 0.31329345703125 0.762451171875
-0.0511016845703125 0.00331878662109374 0.11578369140625 0.79913330078125
-0.0481643676757812 0.00166702270507813 0.0255126953124999 0.71942138671875
-0.0122699737548828 0.0224990844726563 0.013458251953125 0.42156982421875
0.000917911529541016 0.00530576705932617 0.0387153625488281 -0.00187301635742187
-0.0108985900878906 0.00566959381103516 0.040771484375 -0.41522216796875
-0.0218963623046875 -0.0130767822265625 -0.0694580078125 -0.693603515625
-0.0104990005493164 -0.0109415054321289 -0.328369140625 -0.7366943359375
0.000808715820312499 -0.0221900939941406 -0.53070068359375 -0.6416015625
0.0343418121337891 -0.00145721435546875 -0.493408203125 -0.5816650390625
0.0467681884765625 0.0207977294921875 -0.388275146484375 -0.338653564453125
0.0624465942382813 0.0197105407714844 -0.1121826171875 -0.09539794921875
0.0741958618164063 0.110115051269531 0.1326904296875 0.181198120117188
0.075531005859375 0.0886459350585937 0.352264404296875 0.4534912109375
0.0518417358398438 0.0302543640136719 0.39068603515625 0.61181640625
-0.012965202331543 0.0079345703125 0.314697265625 0.77667236328125
-0.0616569519042969 0.0100212097167969 0.12677001953125 0.7998046875
-0.0608901977539063 0.0127983093261719 0.0343017578124999 0.7030029296875
-0.0190849304199219 0.0366363525390625 0.018096923828125 0.398101806640625
-0.00198554992675781 0.0157899856567383 0.0403823852539063 -0.0231246948242188
-0.0181922912597656 0.0200290679931641 0.038055419921875 -0.432830810546875
-0.0324440002441406 0.00131988525390625 -0.0687255859375 -0.7044677734375
-0.0233516693115234 -0.00214385986328125 -0.32684326171875 -0.74053955078125
-0.00222206115722656 -0.0242137908935547 -0.52301025390625 -0.63739013671875
0.0466957092285156 -0.00280380249023437 -0.4927978515625 -0.5721435546875
0.0697708129882813 0.0327224731445313 -0.38092041015625 -0.334869384765625
0.0852508544921875 0.0479965209960938 -0.099639892578125 -0.0800933837890625
0.0879440307617188 0.111808776855469 0.14971923828125 0.194488525390625
0.0832061767578125 0.0891952514648438 0.34918212890625 0.452117919921875
0.0528488159179688 0.0290031433105469 0.3896484375 0.6268310546875
-0.0183506011962891 0.0107765197753906 0.3323974609375 0.78955078125
-0.0688705444335938 0.0164566040039063 0.14886474609375 0.796142578125
-0.0657005310058594 0.0179901123046875 0.04888916015625 0.68023681640625
-0.0208320617675781 0.0401992797851563 0.021697998046875 0.37066650390625
-0.00383949279785156 0.0203723907470703 0.0412101745605469 -0.0501022338867188
-0.0225772857666016 0.0257301330566406 0.039276123046875 -0.457672119140625
-0.0387382507324219 0.00724029541015625 -0.0614013671874999 -0.7252197265625
-0.0300426483154297 -0.000785827636718757 -0.311767578125 -0.75299072265625
-0.0029144287109375 -0.0286006927490234 -0.50970458984375 -0.63494873046875
0.0587577819824219 -0.00217819213867188 -0.48541259765625 -0.56439208984375
0.0838088989257813 0.0454483032226563 -0.372406005859375 -0.332000732421875
0.0955429077148438 0.0707321166992188 -0.0868988037109375 -0.0589675903320312
0.0916900634765625 0.101493835449219 0.167800903320313 0.205108642578125
0.0783004760742188 0.08026123046875 0.353759765625 0.44952392578125
0.0462989807128906 0.0304412841796875 0.40216064453125 0.63519287109375
-0.0200481414794922 0.0159416198730469 0.36431884765625 0.790771484375
-0.0658226013183594 0.0185623168945313 0.1810302734375 0.7828369140625
-0.0631599426269531 0.0156059265136719 0.07135009765625 0.656982421875
-0.0178260803222656 0.0321006774902344 0.030792236328125 0.345458984375
-0.00192070007324219 0.0129241943359375 0.0434188842773438 -0.0745925903320313
-0.0229663848876953 0.0197067260742188 0.04656982421875 -0.481719970703125
-0.0398826599121094 0.0022735595703125 -0.0391845703125001 -0.74810791015625
-0.0312881469726563 -0.00536346435546875 -0.28363037109375 -0.76904296875
-0.000434875488281248 -0.0305652618408203 -0.48602294921875 -0.641357421875
0.0620231628417969 0.00028228759765625 -0.47503662109375 -0.5621337890625
0.08740234375 0.0549545288085938 -0.363677978515625 -0.327667236328125
0.091949462890625 0.0814971923828125 -0.0760345458984375 -0.0324630737304687
0.0835800170898438 0.0810012817382813 0.186309814453125 0.214126586914063
0.0646476745605469 0.0683937072753906 0.359954833984375 0.445831298828125
0.0355072021484375 0.032318115234375 0.42242431640625 0.634521484375
-0.01934814453125 0.0216407775878906 0.401123046875 0.7794189453125
-0.0567245483398438 0.0159149169921875 0.2183837890625 0.7601318359375
-0.0516471862792969 0.00499343872070312 0.09423828125 0.6307373046875
-0.0130434036254883 0.0154428482055664 0.03497314453125 0.31982421875
0.00225543975830078 -0.00212264060974121 0.0436019897460937 -0.09735107421875
-0.0191574096679688 0.00630760192871094 0.06109619140625 -0.501678466796875
-0.0342864990234375 -0.00930976867675782 -0.00787353515624999 -0.76702880859375
-0.0248470306396484 -0.0132808685302734 -0.2454833984375 -0.78240966796875
0.00389480590820312 -0.0306377410888672 -0.45648193359375 -0.65069580078125
0.0588035583496094 0.00422286987304687 -0.4599609375 -0.561676025390625
0.0792312622070313 0.0562210083007812 -0.353546142578125 -0.3253173828125
0.077239990234375 0.0799179077148438 -0.0682220458984375 -0.00745773315429687
-0.0143451690673828 -0.0238628387451172 0.127059936523438 0.18060302734375
-0.0342864990234375 0.00549125671386719 0.39190673828125 0.45477294921875
-0.0265769958496094 0.0363731384277344 0.45068359375 0.57696533203125
-0.00727462768554687 0.0359725952148438 0.3818359375 0.7421875
0.00353527069091797 -0.0175409317016602 0.18121337890625 0.78057861328125
0.0101470947265625 -0.0564918518066406 0.07647705078125 0.71820068359375
0.0194129943847656 -0.0525360107421875 0.02880859375 0.42681884765625
0.0154571533203125 -0.0628776550292969 0.0392303466796875 0.00537490844726562
0.0132560729980469 -0.0647506713867188 0.048828125 -0.415985107421875
0.0243453979492187 -0.079986572265625 -0.04443359375 -0.712646484375
0.0346870422363281 -0.0524520874023438 -0.3038330078125 -0.77191162109375
0.0212345123291016 -0.0228042602539063 -0.5076904296875 -0.68511962890625
-0.000693321228027345 0.00996875762939453 -0.47796630859375 -0.613037109375
-0.0325908660888672 -0.0111980438232422 -0.39044189453125 -0.341278076171875
-0.0321846008300781 -0.0697555541992188 -0.129905700683594 -0.09234619140625
0.00790691375732422 0.0141286849975586 0.119140625 0.17083740234375
-0.00483512878417969 0.0292472839355469 0.384918212890625 0.460052490234375
-0.00378036499023438 0.0324325561523437 0.44207763671875 0.58013916015625
-0.00888442993164063 0.0253009796142578 0.35687255859375 0.7452392578125
-0.0143880844116211 -0.0107307434082031 0.151611328125 0.79119873046875
-0.00897979736328125 -0.0370826721191406 0.0544433593749999 0.72967529296875
0.00877571105957031 -0.0255756378173828 0.023345947265625 0.4373779296875
0.0104904174804688 -0.0390167236328125 0.0390090942382813 0.0145187377929687
0.0036163330078125 -0.0406494140625 0.0426025390625 -0.406768798828125
0.00754547119140625 -0.0602264404296875 -0.0613403320312501 -0.7012939453125
0.0189552307128906 -0.0391921997070313 -0.32391357421875 -0.75579833984375
0.0144786834716797 -0.0238685607910156 -0.52685546875 -0.66790771484375
0.0116710662841797 0.00529766082763672 -0.49334716796875 -0.60345458984375
-0.00749921798706055 -0.000192165374755861 -0.400299072265625 -0.343109130859375
-0.00379562377929687 -0.0424308776855469 -0.133064270019531 -0.101730346679687
0.0304679870605469 0.0557136535644531 0.115463256835937 0.168548583984375
0.0289268493652344 0.0564765930175781 0.3775634765625 0.462249755859375
0.022186279296875 0.03082275390625 0.42779541015625 0.589599609375
-0.0105218887329102 0.0155820846557617 0.3360595703125 0.7532958984375
-0.0321426391601563 -0.00118637084960937 0.1318359375 0.7996826171875
-0.0283260345458984 -0.0156707763671875 0.0377197265624999 0.73553466796875
-0.00243115425109863 0.00131607055664063 0.018646240234375 0.43792724609375
0.00537395477294922 -0.0155878067016602 0.0389518737792969 0.0125846862792969
-0.0038442611694336 -0.0147027969360352 0.039337158203125 -0.4066162109375
-0.00762748718261719 -0.0331077575683594 -0.07379150390625 -0.69598388671875
0.00360488891601563 -0.0250873565673828 -0.33843994140625 -0.7442626953125
0.00860595703125 -0.02410888671875 -0.538818359375 -0.65399169921875
0.0224285125732422 0.00164413452148438 -0.5057373046875 -0.59332275390625
0.0196399688720703 0.0100860595703125 -0.403289794921875 -0.341064453125
0.0305614471435547 -0.0120334625244141 -0.125335693359375 -0.10284423828125
0.0538482666015625 0.0902175903320313 0.122848510742188 0.173660278320313
0.0573654174804688 0.0791854858398438 0.368804931640625 0.460540771484375
0.0423774719238281 0.0313606262207031 0.41455078125 0.60284423828125
-0.0100879669189453 0.0102901458740234 0.32635498046875 0.76873779296875
-0.050384521484375 0.00349426269531251 0.12811279296875 0.80950927734375
-0.0490646362304688 0.00180816650390625 0.03448486328125 0.72845458984375
-0.0131740570068359 0.0237579345703125 0.017822265625 0.4254150390625
-2.8610229492187E-05 0.00589942932128906 0.0388298034667969 -0.0017852783203125
-0.0121736526489258 0.00664043426513672 0.034698486328125 -0.420013427734375
-0.0217819213867187 -0.0123634338378906 -0.08026123046875 -0.70025634765625
-0.0111064910888672 -0.010035514831543 -0.34381103515625 -0.744140625
0.000621795654296873 -0.0235099792480469 -0.543701171875 -0.6453857421875
0.0353813171386719 -0.00276565551757813 -0.5093994140625 -0.58282470703125
0.046478271484375 0.0213356018066406 -0.398712158203125 -0.33856201171875
0.0611228942871094 0.0186996459960938 -0.115669250488281 -0.0969085693359375
0.0760498046875 0.110313415527344 0.137008666992188 0.182403564453125
0.07666015625 0.0898284912109375 0.36273193359375 0.4576416015625
0.0530433654785156 0.0295295715332031 0.40350341796875 0.615966796875
-0.0144205093383789 0.00703525543212891 0.33050537109375 0.783447265625
-0.0636444091796875 0.0112457275390625 0.13751220703125 0.810791015625
-0.062774658203125 0.0154190063476562 0.0418701171875 0.71197509765625
-0.0189094543457031 0.038665771484375 0.0223388671875 0.403778076171875
-0.00189304351806641 0.0174970626831055 0.0406379699707031 -0.0221786499023438
-0.0181026458740234 0.0212974548339844 0.031829833984375 -0.4384765625
-0.0339069366455078 0.00281906127929687 -0.08050537109375 -0.713134765625
-0.0233688354492188 -0.00060653686523437 -0.34027099609375 -0.74652099609375
-0.00354385375976563 -0.0247879028320313 -0.5379638671875 -0.639404296875
0.0479621887207031 -0.00445938110351563 -0.506591796875 -0.5740966796875
0.0706939697265625 0.0338821411132812 -0.393035888671875 -0.334991455078125
0.0852737426757813 0.0477218627929687 -0.101776123046875 -0.0800247192382813
0.089752197265625 0.113258361816406 0.154037475585938 0.19580078125
0.0840835571289063 0.0896148681640625 0.36163330078125 0.454315185546875
0.05517578125 0.0288810729980469 0.4036865234375 0.630615234375
-0.0182647705078125 0.00990104675292969 0.34735107421875 0.79559326171875
-0.0697822570800781 0.0173606872558594 0.16082763671875 0.80633544921875
-0.0671844482421875 0.0199737548828125 0.0592651367187499 0.69122314453125
-0.0199737548828125 0.0414810180664063 0.027618408203125 0.376129150390625
-0.00217437744140625 0.0204601287841797 0.0386772155761719 -0.0498771667480469
-0.022003173828125 0.0259227752685547 0.03460693359375 -0.462615966796875
-0.0402717590332031 0.00905990600585938 -0.0707397460937501 -0.7357177734375
-0.0304660797119141 0.000406265258789068 -0.3265380859375 -0.75946044921875
-0.00436019897460938 -0.0293407440185547 -0.524169921875 -0.6370849609375
0.0580062866210938 -0.00403594970703125 -0.49822998046875 -0.56866455078125
0.085296630859375 0.0453720092773438 -0.38189697265625 -0.332061767578125
0.094970703125 0.071197509765625 -0.0894699096679688 -0.05902099609375
0.0926132202148438 0.102287292480469 0.173843383789063 0.20703125
0.0806045532226563 0.0802459716796875 0.363677978515625 0.452362060546875
0.0475730895996094 0.029754638671875 0.416015625 0.6390380859375
-0.0216903686523438 0.0149440765380859 0.37786865234375 0.7967529296875
-0.0667991638183594 0.0196418762207031 0.1939697265625 0.79119873046875
-0.0629310607910156 0.01800537109375 0.0821533203125 0.6646728515625
-0.0183925628662109 0.0330085754394531 0.033721923828125 0.35015869140625
-0.00183486938476563 0.0141544342041016 0.0414810180664063 -0.0758895874023438
-0.0227622985839844 0.0213584899902344 0.042572021484375 -0.487945556640625
-0.0418930053710938 0.00450897216796876 -0.04949951171875 -0.7569580078125
-0.0316696166992188 -0.00485420227050781 -0.2991943359375 -0.775634765625
-0.000156402587890622 -0.0320701599121094 -0.50115966796875 -0.64483642578125
0.0634841918945313 -6.4849853515625E-05 -0.4873046875 -0.5631103515625
0.08978271484375 0.0556259155273438 -0.37261962890625 -0.329437255859375
0.0929412841796875 0.0830764770507813 -0.0793533325195313 -0.0325164794921875
0.0853195190429687 0.0814666748046875 0.191421508789063 0.214675903320313
0.0660209655761719 0.0697517395019531 0.369476318359375 0.451812744140625
0.0371971130371094 0.03082275390625 0.4375 0.637451171875
-0.01953125 0.0216388702392578 0.41729736328125 0.78497314453125
-0.0573196411132813 0.0167350769042969 0.2314453125 0.76995849609375
-0.0530853271484375 0.00623703002929688 0.10418701171875 0.63970947265625
-0.0126180648803711 0.0149965286254883 0.0408935546875 0.324859619140625
0.00274109840393066 -0.000902414321899414 0.0431060791015625 -0.0973892211914063
-0.0182228088378906 0.00658798217773438 0.055084228515625 -0.509796142578125
-0.0340805053710938 -0.00854873657226563 -0.0162353515625 -0.7763671875
-0.0244064331054688 -0.0119819641113281 -0.2584228515625 -0.791748046875
0.003204345703125 -0.0311431884765625 -0.4710693359375 -0.65399169921875
0.0594482421875 0.00405502319335938 -0.47357177734375 -0.5643310546875
0.0805435180664063 0.05615234375 -0.36322021484375 -0.32763671875
0.076995849609375 0.0813751220703125 -0.0716934204101563 -0.00677490234374999
-0.0155982971191406 -0.0264225006103516 0.13330078125 0.180450439453125
-0.0342330932617188 0.00667190551757812 0.402923583984375 0.455108642578125
-0.0253067016601563 0.0362472534179688 0.46759033203125 0.57879638671875
-0.00441741943359375 0.0367355346679688 0.39794921875 0.74383544921875
0.00275897979736328 -0.0165529251098633 0.1920166015625 0.78851318359375
0.0094451904296875 -0.0569877624511719 0.08868408203125 0.7274169921875
0.0195846557617188 -0.0531044006347656 0.036285400390625 0.43109130859375
0.0143089294433594 -0.0643692016601563 0.0410423278808594 0.0061187744140625
0.0136032104492188 -0.0645904541015625 0.045379638671875 -0.421661376953125
0.0256423950195313 -0.0799484252929688 -0.0557861328125 -0.721923828125
0.034515380859375 -0.0538139343261719 -0.32244873046875 -0.7774658203125
0.0217952728271484 -0.0241146087646484 -0.5250244140625 -0.6888427734375
-0.00238513946533203 0.00970649719238281 -0.49383544921875 -0.6126708984375
-0.0340633392333984 -0.0116653442382812 -0.40106201171875 -0.343353271484375
-0.0365257263183594 -0.0689773559570313 -0.132598876953125 -0.0911331176757813
0.00606155395507813 0.0150041580200195 0.123443603515625 0.172225952148438
-0.00379180908203125 0.0290470123291016 0.395965576171875 0.461029052734375
-0.00272178649902344 0.0330905914306641 0.45623779296875 0.582275390625
-0.0084686279296875 0.0267143249511719 0.3741455078125 0.750244140625
-0.0154914855957031 -0.00827407836914062 0.16485595703125 0.79931640625
-0.00908660888671875 -0.0361518859863281 0.06494140625 0.73968505859375
0.00988388061523438 -0.0250625610351563 0.029693603515625 0.441497802734375
0.00970077514648438 -0.0395431518554687 0.0377464294433594 0.01513671875
0.00429534912109375 -0.0391731262207031 0.037628173828125 -0.412506103515625
0.00646209716796874 -0.0578880310058594 -0.0731201171875 -0.7076416015625
0.0187721252441406 -0.0412330627441406 -0.3424072265625 -0.7593994140625
0.0157032012939453 -0.0253372192382813 -0.5423583984375 -0.66741943359375
0.0100822448730469 0.00544357299804687 -0.50994873046875 -0.6055908203125
-0.0086965560913086 -0.000760555267333984 -0.40911865234375 -0.343292236328125
-0.0050811767578125 -0.0426521301269531 -0.13470458984375 -0.101066589355469
0.0293388366699219 0.0564613342285156 0.119049072265625 0.171249389648438
0.0297279357910156 0.0567245483398437 0.38824462890625 0.463470458984375
0.0225067138671875 0.0299167633056641 0.44146728515625 0.59259033203125
-0.00902462005615234 0.0151128768920898 0.352294921875 0.75823974609375
-0.0349254608154297 -0.00126266479492188 0.1455078125 0.80914306640625
-0.0304336547851563 -0.0167312622070313 0.05181884765625 0.7427978515625
-0.00260472297668457 0.00157737731933594 0.024688720703125 0.4427490234375
0.00479412078857422 -0.0142202377319336 0.0396041870117188 0.0132369995117187
-0.00390529632568359 -0.0147161483764648 0.03387451171875 -0.412811279296875
-0.00672340393066406 -0.033447265625 -0.0863037109375 -0.70501708984375
0.00267791748046875 -0.0245609283447266 -0.35491943359375 -0.7484130859375
0.00713539123535156 -0.0239791870117188 -0.5557861328125 -0.6539306640625
0.0222301483154297 0.00119781494140625 -0.52142333984375 -0.59405517578125
0.0195865631103516 0.0103740692138672 -0.4114990234375 -0.340728759765625
0.0282649993896484 -0.0111217498779297 -0.128456115722656 -0.102622985839844
0.0557022094726563 0.0911102294921875 0.12713623046875 0.17449951171875
0.058380126953125 0.0805587768554688 0.378997802734375 0.461883544921875
0.04248046875 0.029388427734375 0.42822265625 0.6036376953125
-0.00969314575195313 0.00951957702636719 0.3426513671875 0.77337646484375
-0.051483154296875 0.00586318969726562 0.139892578125 0.8154296875
-0.0504684448242187 0.00264358520507812 0.04693603515625 0.7359619140625
-0.0121631622314453 0.0256843566894531 0.0263671875 0.431396484375
0.000723838806152343 0.00693988800048828 0.0388717651367188 -0.000339508056640625
-0.0102272033691406 0.00699329376220703 0.028411865234375 -0.426116943359375
-0.021942138671875 -0.0108375549316406 -0.09161376953125 -0.70855712890625
-0.0127391815185547 -0.0110139846801758 -0.3597412109375 -0.74505615234375
0.000659942626953127 -0.0246372222900391 -0.5584716796875 -0.64508056640625
0.036895751953125 -0.00400161743164062 -0.5263671875 -0.58404541015625
0.0463485717773438 0.0202484130859375 -0.4088134765625 -0.3385009765625
0.0616683959960937 0.0191612243652344 -0.117630004882812 -0.0965576171875
0.0772857666015625 0.111404418945313 0.140869140625 0.18341064453125
0.080413818359375 0.0907745361328125 0.3753662109375 0.45709228515625
0.0546340942382812 0.0279922485351563 0.41876220703125 0.61834716796875
-0.0138168334960938 0.00593852996826172 0.34661865234375 0.7890625
-0.0640869140625 0.0136375427246094 0.15020751953125 0.81732177734375
-0.0620384216308594 0.016632080078125 0.0538330078125 0.721923828125
-0.0182228088378906 0.0389060974121094 0.02886962890625 0.408447265625
-0.00128364562988281 0.0202102661132813 0.0407752990722656 -0.0220756530761719
-0.0179843902587891 0.0220222473144531 0.02740478515625 -0.444549560546875
-0.0340633392333984 0.00440216064453125 -0.0936279296875 -0.7225341796875
-0.0255222320556641 -0.00121116638183594 -0.357666015625 -0.75140380859375
-0.00327301025390625 -0.0265769958496094 -0.55609130859375 -0.6390380859375
0.0479164123535156 -0.00596237182617188 -0.5240478515625 -0.57452392578125
0.071868896484375 0.032440185546875 -0.403778076171875 -0.3345947265625
0.0854415893554688 0.0489273071289062 -0.104888916015625 -0.0804367065429688
0.0899581909179688 0.114425659179688 0.158843994140625 0.196624755859375
0.0868301391601563 0.0894317626953125 0.37127685546875 0.454345703125
0.0560455322265625 0.0267868041992188 0.41925048828125 0.63433837890625
-0.018280029296875 0.0107345581054687 0.36419677734375 0.79815673828125
-0.0691184997558594 0.0193557739257813 0.17462158203125 0.8123779296875
-0.068572998046875 0.0225715637207031 0.0708007812500001 0.69903564453125
-0.0201568603515625 0.0427360534667969 0.03558349609375 0.381317138671875
-0.002166748046875 0.0220279693603516 0.0400962829589844 -0.0482559204101562
-0.0206947326660156 0.0281963348388672 0.027374267578125 -0.46929931640625
-0.0403251647949219 0.0107688903808594 -0.0828857421875 -0.74237060546875
-0.0302619934082031 0.000389099121093748 -0.34283447265625 -0.76348876953125
-0.00361442565917969 -0.0298652648925781 -0.541748046875 -0.6395263671875
0.058502197265625 -0.00570297241210938 -0.51593017578125 -0.56640625
0.086181640625 0.0451431274414063 -0.392486572265625 -0.330810546875
0.09588623046875 0.0708084106445313 -0.0919036865234375 -0.0585861206054687
0.0937728881835938 0.103309631347656 0.178909301757812 0.208084106445312
0.0813980102539063 0.0799789428710938 0.376312255859375 0.4527587890625
0.0477027893066406 0.0278396606445312 0.4306640625 0.641357421875
-0.0202713012695313 0.016387939453125 0.3961181640625 0.80010986328125
-0.0684127807617188 0.0226020812988281 0.21051025390625 0.79718017578125
-0.0648117065429688 0.019866943359375 0.0922241210937501 0.67169189453125
-0.017974853515625 0.0338020324707031 0.040283203125 0.3531494140625
-0.000643730163574218 0.0141105651855469 0.0396957397460937 -0.0758132934570313
-0.0217933654785156 0.0221652984619141 0.03411865234375 -0.4951171875
-0.04083251953125 0.00627517700195312 -0.0615844726562499 -0.76629638671875
-0.0324935913085938 -0.00207710266113282 -0.3138427734375 -0.78106689453125
-0.000949859619140627 -0.0322494506835938 -0.51519775390625 -0.64581298828125
0.0639801025390625 -0.00151443481445312 -0.50225830078125 -0.5633544921875
0.09100341796875 0.0556411743164063 -0.381805419921875 -0.3275146484375
0.09271240234375 0.0826873779296875 -0.079833984375 -0.0316314697265625
0.0862274169921875 0.0818328857421875 0.198150634765625 0.215866088867188
0.0679779052734375 0.0687332153320313 0.3824462890625 0.450164794921875
0.0389022827148438 0.0291633605957031 0.452880859375 0.638671875
-0.0192737579345703 0.021514892578125 0.43389892578125 0.7879638671875
-0.0588493347167969 0.0182609558105469 0.244384765625 0.77386474609375
-0.0540275573730469 0.00699234008789063 0.1148681640625 0.64410400390625
-0.011815071105957 0.0163993835449219 0.045928955078125 0.3271484375
0.00177097320556641 -0.00097346305847168 0.0416030883789063 -0.0987167358398438
-0.0187168121337891 0.00924491882324219 0.04693603515625 -0.515655517578125
-0.0349864959716797 -0.00628089904785156 -0.0292968749999999 -0.78656005859375
-0.0249786376953125 -0.0115432739257812 -0.273681640625 -0.7965087890625
0.00373077392578125 -0.0327472686767578 -0.48809814453125 -0.65435791015625
0.0594024658203125 0.00212860107421875 -0.48858642578125 -0.56500244140625
0.0824813842773438 0.0568923950195313 -0.372955322265625 -0.326629638671875
0.0775985717773438 0.0807037353515625 -0.072265625 -0.00890350341796873
-0.016021728515625 -0.0257511138916016 0.136978149414063 0.17913818359375
-0.0345211029052734 0.00735473632812499 0.41534423828125 0.4527587890625
-0.0247421264648438 0.0368576049804688 0.48199462890625 0.57476806640625
-0.00511550903320313 0.0364723205566406 0.417236328125 0.744873046875
0.0016021728515625 -0.0164737701416016 0.2108154296875 0.79193115234375
0.00800704956054687 -0.0577316284179688 0.10382080078125 0.73272705078125
0.017974853515625 -0.0555648803710938 0.044464111328125 0.435699462890625
0.0143661499023437 -0.0630569458007813 0.040313720703125 0.00584793090820312
0.0126419067382813 -0.0644264221191406 0.034881591796875 -0.42626953125
0.0224685668945313 -0.0818099975585938 -0.07000732421875 -0.726806640625
0.0343894958496094 -0.0532455444335938 -0.33856201171875 -0.780029296875
0.0221710205078125 -0.0244674682617188 -0.54302978515625 -0.68377685546875
-0.00197076797485352 0.00807905197143555 -0.511962890625 -0.61297607421875
-0.0356559753417969 -0.0104904174804688 -0.4117431640625 -0.3392333984375
-0.0378036499023438 -0.068359375 -0.135719299316406 -0.0915603637695313
0.00503730773925781 0.0126857757568359 0.128890991210938 0.172637939453125
-0.00456047058105469 0.0307521820068359 0.41082763671875 0.45928955078125
-0.00297164916992188 0.0314159393310547 0.47039794921875 0.5797119140625
-0.00731849670410156 0.0261383056640625 0.3919677734375 0.7496337890625
-0.0159130096435547 -0.00858688354492188 0.18133544921875 0.8026123046875
-0.00853347778320313 -0.03619384765625 0.07855224609375 0.7467041015625
0.00994491577148438 -0.0255889892578125 0.039154052734375 0.44549560546875
0.00914382934570313 -0.0393295288085938 0.0401954650878906 0.0156974792480469
0.00400543212890625 -0.0392684936523438 0.029571533203125 -0.416900634765625
0.00518798828125 -0.0576095581054688 -0.0863647460937499 -0.7137451171875
0.01806640625 -0.0386505126953125 -0.35986328125 -0.76104736328125
0.0138416290283203 -0.025970458984375 -0.56121826171875 -0.66632080078125
0.0106945037841797 0.00387001037597656 -0.52642822265625 -0.6026611328125
-0.00943946838378906 0.00041961669921875 -0.422515869140625 -0.3399658203125
-0.00705718994140625 -0.0424041748046875 -0.138206481933594 -0.0995025634765625
0.0306816101074219 0.05621337890625 0.1240234375 0.170501708984375
0.0308799743652344 0.0567169189453125 0.402099609375 0.46240234375
0.0226516723632813 0.0294952392578125 0.45758056640625 0.58935546875
-0.00779438018798828 0.0169391632080078 0.3712158203125 0.75921630859375
-0.0347194671630859 -0.000494003295898431 0.15997314453125 0.814697265625
-0.0310802459716797 -0.0143604278564453 0.0637817382812501 0.75177001953125
-0.00180220603942871 0.00111055374145508 0.032012939453125 0.4466552734375
0.00473117828369141 -0.0143575668334961 0.0400466918945313 0.0138206481933594
-0.0036468505859375 -0.0137462615966797 0.02557373046875 -0.416534423828125
-0.00916862487792969 -0.0318508148193359 -0.0997314453125 -0.710693359375
0.0027923583984375 -0.0246391296386719 -0.37158203125 -0.75146484375
0.00719451904296875 -0.0255393981933594 -0.57373046875 -0.652099609375
0.0218753814697266 -0.000944137573242188 -0.537353515625 -0.5908203125
0.0198421478271484 0.00885581970214844 -0.42498779296875 -0.337554931640625
0.0276031494140625 -0.0125942230224609 -0.130485534667969 -0.102035522460938
0.0562591552734375 0.0911178588867188 0.130615234375 0.176483154296875
0.0606842041015625 0.080413818359375 0.392913818359375 0.461212158203125
0.0445365905761719 0.0285568237304687 0.4443359375 0.60400390625
-0.00906562805175781 0.00918769836425781 0.36297607421875 0.775390625
-0.0525054931640625 0.00693893432617186 0.15826416015625 0.82208251953125
-0.0506134033203125 0.0037078857421875 0.06072998046875 0.7452392578125
-0.0122928619384766 0.0259170532226563 0.032806396484375 0.435791015625
0.00137090682983398 0.00716304779052734 0.0399169921875 0.00048065185546875
-0.0102453231811523 0.00910186767578125 0.020660400390625 -0.43017578125
-0.0232028961181641 -0.00977325439453125 -0.1080322265625 -0.71502685546875
-0.0119733810424805 -0.00903129577636719 -0.37750244140625 -0.7486572265625
-0.000772476196289062 -0.0249004364013672 -0.5799560546875 -0.64251708984375
0.0343303680419922 -0.00496673583984375 -0.541015625 -0.5809326171875
0.0480232238769531 0.0206832885742188 -0.422576904296875 -0.3359375
0.060821533203125 0.0185050964355469 -0.12054443359375 -0.0963134765625
0.0784378051757813 0.111640930175781 0.145660400390625 0.183990478515625
0.0799484252929688 0.08905029296875 0.38671875 0.45623779296875
0.0555305480957031 0.0268592834472656 0.43505859375 0.6187744140625
-0.0127658843994141 0.00784492492675781 0.36474609375 0.7923583984375
-0.0649909973144531 0.0146827697753906 0.16790771484375 0.82318115234375
-0.0638961791992188 0.0192985534667969 0.06732177734375 0.728759765625
-0.0168838500976562 0.0401573181152344 0.03704833984375 0.413543701171875
-0.000982284545898438 0.0199222564697266 0.0403327941894531 -0.0216331481933594
-0.0165672302246094 0.0237598419189453 0.01727294921875 -0.44866943359375
-0.0329837799072266 0.00612640380859376 -0.1082763671875 -0.728515625
-0.0240345001220703 -0.000579833984374999 -0.37493896484375 -0.75408935546875
-0.0045318603515625 -0.02764892578125 -0.57232666015625 -0.63671875
0.04833984375 -0.00687408447265625 -0.5418701171875 -0.570556640625
0.072174072265625 0.0315628051757813 -0.41552734375 -0.3319091796875
0.0847549438476562 0.0475921630859375 -0.107398986816406 -0.0790939331054687
0.0918197631835937 0.113746643066406 0.165206909179688 0.196914672851563
0.0890350341796875 0.0884017944335938 0.384246826171875 0.4542236328125
0.0566864013671875 0.0268096923828125 0.4354248046875 0.63189697265625
-0.0175237655639648 0.0110797882080078 0.383544921875 0.8004150390625
-0.0683097839355469 0.0209999084472656 0.19091796875 0.81610107421875
-0.0684242248535156 0.0242691040039062 0.08331298828125 0.70562744140625
-0.0183067321777344 0.0444717407226563 0.04302978515625 0.386962890625
-0.00105476379394531 0.0227680206298828 0.0411911010742188 -0.0482864379882813
-0.0205440521240234 0.0288963317871094 0.01971435546875 -0.47308349609375
-0.0411338806152344 0.0117111206054687 -0.09869384765625 -0.74969482421875
-0.0321331024169922 0.000392913818359375 -0.35919189453125 -0.76513671875
-0.00449943542480469 -0.0308017730712891 -0.55828857421875 -0.63885498046875
0.057708740234375 -0.0063934326171875 -0.53363037109375 -0.5645751953125
0.0881118774414062 0.0443572998046875 -0.402801513671875 -0.328033447265625
0.09613037109375 0.0718612670898438 -0.093841552734375 -0.0581207275390625
0.0955123901367188 0.101043701171875 0.184829711914062 0.207839965820312
0.083740234375 0.0813140869140625 0.38946533203125 0.45172119140625
0.0497932434082031 0.0268440246582031 0.45013427734375 0.63812255859375
-0.0203456878662109 0.0164909362792969 0.41534423828125 0.80255126953125
-0.0669593811035156 0.022430419921875 0.226806640625 0.80084228515625
-0.0638847351074219 0.0201759338378906 0.1063232421875 0.67889404296875
-0.0164432525634766 0.0344295501708984 0.047332763671875 0.356903076171875
-0.00110244750976563 0.0151548385620117 0.0405120849609375 -0.0771560668945312
-0.0206356048583984 0.0227279663085938 0.02508544921875 -0.499237060546875
-0.0427436828613281 0.00647354125976562 -0.0769042968749999 -0.7723388671875
-0.0328598022460938 -0.00333213806152344 -0.3310546875 -0.78399658203125
-0.00290298461914062 -0.0335693359375 -0.5347900390625 -0.642333984375
0.0648460388183594 -0.004547119140625 -0.521392822265625 -0.560760498046875
0.0909805297851563 0.0541229248046875 -0.392181396484375 -0.32574462890625
0.0937881469726563 0.08367919921875 -0.0809402465820313 -0.0317459106445313
0.0875091552734375 0.0816497802734375 0.2047119140625 0.215423583984375
0.0694961547851563 0.0678558349609375 0.394927978515625 0.44964599609375
0.0388298034667969 0.029510498046875 0.4722900390625 0.63970947265625
-0.0183429718017578 0.0225658416748047 0.4539794921875 0.7890625
-0.0592079162597656 0.0196762084960938 0.261474609375 0.77886962890625
-0.0548210144042969 0.00944137573242187 0.12786865234375 0.6519775390625
-0.0122919082641602 0.0163812637329102 0.052703857421875 0.33099365234375
0.00201761722564697 -0.00057220458984375 0.040252685546875 -0.09893798828125
-0.01678466796875 0.00933456420898437 0.0383605957031251 -0.520965576171875
-0.0351905822753906 -0.00567626953125 -0.04388427734375 -0.7957763671875
-0.0273876190185547 -0.0110893249511719 -0.2911376953125 -0.80242919921875
0.0020599365234375 -0.0336151123046875 -0.50445556640625 -0.65216064453125
0.0621414184570313 0.0027923583984375 -0.50604248046875 -0.5623779296875
0.0826568603515625 0.0553359985351563 -0.384246826171875 -0.324859619140625
0.07861328125 0.08087158203125 -0.073760986328125 -0.00640869140625
-0.0174465179443359 -0.0263309478759766 0.141433715820313 0.178985595703125
-0.0341625213623047 0.00754928588867187 0.430328369140625 0.449859619140625
-0.0231590270996094 0.0371589660644531 0.49969482421875 0.571044921875
-0.00494766235351563 0.0368576049804688 0.435546875 0.7435302734375
0.00234699249267578 -0.0161943435668945 0.2279052734375 0.79571533203125
0.0079803466796875 -0.0583152770996094 0.118408203125 0.73712158203125
0.0180435180664062 -0.0547294616699219 0.054473876953125 0.438751220703125
0.0135040283203125 -0.0649147033691406 0.0399932861328125 0.00612258911132812
0.0104866027832031 -0.0643119812011719 0.026275634765625 -0.430450439453125
0.0210342407226563 -0.0820159912109375 -0.08746337890625 -0.7325439453125
0.0330162048339844 -0.0554847717285156 -0.35650634765625 -0.78094482421875
0.0219383239746094 -0.026092529296875 -0.56036376953125 -0.68121337890625
-0.00242948532104492 0.00811529159545899 -0.5306396484375 -0.607177734375
-0.0370025634765625 -0.0106239318847656 -0.4232177734375 -0.336151123046875
-0.0418548583984375 -0.0676460266113281 -0.138816833496094 -0.0877914428710937
0.00541210174560547 0.0131988525390625 0.132919311523438 0.171127319335938
-0.00329208374023438 0.0309181213378906 0.422698974609375 0.455810546875
-0.00152206420898437 0.0316658020019531 0.4879150390625 0.576171875
-0.00670814514160156 0.0268268585205078 0.4102783203125 0.7491455078125
-0.0149326324462891 -0.00748443603515625 0.198974609375 0.80816650390625
-0.00826644897460937 -0.0368576049804687 0.0955810546875001 0.75177001953125
0.00796318054199219 -0.0275173187255859 0.048919677734375 0.452117919921875
0.0106468200683594 -0.0400924682617188 0.0389900207519531 0.0164909362792969
0.00313186645507813 -0.0396270751953125 0.0194091796875 -0.420867919921875
0.00513076782226562 -0.058349609375 -0.1041259765625 -0.718017578125
0.01666259765625 -0.0405387878417969 -0.37982177734375 -0.762939453125
0.0131988525390625 -0.0270233154296875 -0.58203125 -0.6622314453125
0.0105562210083008 0.00505161285400391 -0.54437255859375 -0.59716796875
-0.00996875762939453 0.000410079956054685 -0.431060791015625 -0.334259033203125
-0.0116996765136719 -0.0405006408691406 -0.142333984375 -0.097686767578125
0.0307083129882813 0.0564346313476563 0.129501342773438 0.1685791015625
0.0311050415039062 0.0579147338867188 0.415191650390625 0.459197998046875
0.0247097015380859 0.0287380218505859 0.4735107421875 0.58612060546875
-0.00864696502685547 0.0174741744995117 0.39068603515625 0.75872802734375
-0.0337619781494141 -0.000833511352539058 0.17926025390625 0.81939697265625
-0.0301437377929688 -0.0134811401367188 0.08001708984375 0.7552490234375
-0.00133693218231201 0.00127995014190674 0.044403076171875 0.451751708984375
0.00558662414550781 -0.013218879699707 0.0402374267578125 0.0140571594238281
-0.00415611267089844 -0.012934684753418 0.0174560546875 -0.42193603515625
-0.00993537902832031 -0.032501220703125 -0.1168212890625 -0.71533203125
0.000516891479492187 -0.0244979858398438 -0.3909912109375 -0.75048828125
0.00556182861328125 -0.0251445770263672 -0.59375 -0.64556884765625
0.0227031707763672 -0.00230789184570313 -0.5552978515625 -0.58612060546875
0.018951416015625 0.0101833343505859 -0.43328857421875 -0.33160400390625
0.0263862609863281 -0.011199951171875 -0.13616943359375 -0.100082397460938
0.0582427978515625 0.0913314819335938 0.135543823242188 0.174636840820312
0.0622177124023437 0.0787124633789063 0.40740966796875 0.456329345703125
0.0448951721191406 0.0272407531738281 0.462890625 0.60137939453125
-0.00949287414550781 0.0105361938476563 0.380859375 0.77532958984375
-0.0513191223144531 0.00731277465820313 0.17572021484375 0.82666015625
-0.0504493713378906 0.00496292114257813 0.0759887695312499 0.75030517578125
-0.0112857818603516 0.0263538360595703 0.043853759765625 0.439117431640625
0.00333213806152344 0.00696134567260742 0.0410423278808594 0.000640869140625
-0.00919342041015625 0.0101690292358398 0.011688232421875 -0.433624267578125
-0.0230159759521484 -0.00867271423339844 -0.124755859375 -0.71856689453125
-0.0132341384887695 -0.00914859771728516 -0.3953857421875 -0.75018310546875
-0.000671386718750001 -0.0254955291748047 -0.59796142578125 -0.63385009765625
0.0352554321289063 -0.00550079345703125 -0.55902099609375 -0.5748291015625
0.0482864379882813 0.0190620422363281 -0.43310546875 -0.33062744140625
0.0609092712402344 0.0182952880859375 -0.124176025390625 -0.0949478149414063
0.0806732177734375 0.111061096191406 0.150161743164063 0.1834716796875
0.0843429565429688 0.0902328491210938 0.400115966796875 0.453887939453125
0.0563774108886719 0.0254936218261719 0.45233154296875 0.61431884765625
-0.0144948959350586 0.00711917877197266 0.38580322265625 0.7901611328125
-0.0642204284667969 0.0153656005859375 0.186279296875 0.826416015625
-0.0636978149414063 0.0213966369628906 0.08349609375 0.7347412109375
-0.0169105529785156 0.0414199829101562 0.04742431640625 0.417572021484375
0.000379562377929685 0.0207099914550781 0.0409126281738281 -0.020751953125
-0.0147209167480469 0.0265636444091797 0.00839233398437504 -0.4532470703125
-0.0341987609863281 0.00798225402832031 -0.1241455078125 -0.73260498046875
-0.0252246856689453 0.000595092773437499 -0.39251708984375 -0.752197265625
-0.00457763671875 -0.0267009735107422 -0.59130859375 -0.6304931640625
0.0475540161132813 -0.00726318359375 -0.55609130859375 -0.56536865234375
0.0730056762695313 0.030487060546875 -0.424346923828125 -0.32696533203125
0.0853652954101563 0.0463943481445313 -0.110458374023437 -0.0780868530273438
0.092803955078125 0.11468505859375 0.16949462890625 0.195724487304688
0.0906143188476563 0.0888900756835938 0.397857666015625 0.451629638671875
0.0573997497558594 0.0249557495117188 0.45465087890625 0.62982177734375
-0.0176486968994141 0.0107402801513672 0.40386962890625 0.8001708984375
-0.07012939453125 0.02130126953125 0.2109375 0.82049560546875
-0.0677986145019531 0.0267333984375 0.0980834960937499 0.71075439453125
-0.0182762145996094 0.0439529418945313 0.050994873046875 0.388641357421875
-0.000707626342773438 0.0238361358642578 0.0389175415039063 -0.0492820739746094
-0.0190868377685547 0.0318450927734375 0.00939941406249999 -0.477783203125
-0.0415191650390625 0.0126914978027344 -0.11663818359375 -0.75531005859375
-0.0324821472167969 0.00267601013183594 -0.37969970703125 -0.76641845703125
-0.00524520874023437 -0.0305042266845703 -0.57794189453125 -0.63232421875
0.0588264465332031 -0.00870895385742188 -0.54974365234375 -0.558349609375
0.0902252197265625 0.043609619140625 -0.41595458984375 -0.325286865234375
0.0983657836914063 0.0699691772460938 -0.0965347290039062 -0.0572967529296875
0.0980377197265625 0.10162353515625 0.189865112304688 0.206619262695313
0.0871658325195313 0.0792465209960938 0.4010009765625 0.448486328125
0.0505256652832031 0.0263099670410156 0.4700927734375 0.63616943359375
-0.0209407806396484 0.0178565979003906 0.43719482421875 0.80145263671875
-0.0685386657714844 0.0263023376464844 0.24322509765625 0.80389404296875
-0.0645904541015625 0.0232620239257813 0.12078857421875 0.6827392578125
-0.0152969360351563 0.0347881317138672 0.0557861328125 0.3585205078125
0.00128459930419922 0.0158710479736328 0.0389633178710938 -0.077606201171875
-0.0206089019775391 0.0263290405273438 0.01531982421875 -0.50494384765625
-0.0434379577636719 0.00802993774414063 -0.0944213867187501 -0.77978515625
-0.0334224700927734 -0.00355911254882813 -0.35089111328125 -0.78497314453125
-0.0031890869140625 -0.0344123840332031 -0.55426025390625 -0.6376953125
0.0655670166015625 -0.00469207763671875 -0.537322998046875 -0.55499267578125
0.093536376953125 0.0525436401367187 -0.404388427734375 -0.322998046875
0.09466552734375 0.0829849243164063 -0.083984375 -0.0315780639648437
0.0895233154296875 0.0811767578125 0.20867919921875 0.213943481445313
0.0710067749023438 0.0681533813476563 0.410247802734375 0.446044921875
0.03875732421875 0.0280380249023438 0.49163818359375 0.63470458984375
-0.0182704925537109 0.0218696594238281 0.47467041015625 0.78692626953125
-0.0581130981445313 0.0223312377929688 0.280029296875 0.7799072265625
-0.0549736022949219 0.0115928649902344 0.14312744140625 0.65350341796875
-0.0122604370117188 0.0175838470458984 0.059356689453125 0.3345947265625
0.00411272048950195 0.000221729278564453 0.0379714965820312 -0.100204467773438
-0.0162277221679688 0.0110902786254883 0.02850341796875 -0.526885986328125
-0.0362625122070313 -0.00477218627929688 -0.06365966796875 -0.801513671875
-0.0272178649902344 -0.0102310180664063 -0.31195068359375 -0.804931640625
0.00134468078613281 -0.03399658203125 -0.52423095703125 -0.64715576171875
0.0605964660644531 -0.000247955322265625 -0.521514892578125 -0.558258056640625
0.0851287841796875 0.0543289184570312 -0.395294189453125 -0.320587158203125
0.07977294921875 0.0814437866210938 -0.0747833251953125 -0.0048675537109375
-0.0181350708007812 -0.0245895385742187 0.147537231445313 0.177444458007813
-0.035308837890625 0.0074920654296875 0.443939208984375 0.4437255859375
-0.0236930847167969 0.0376853942871094 0.51678466796875 0.56365966796875
-0.00387191772460938 0.0373382568359375 0.4573974609375 0.7357177734375
0.00172901153564453 -0.0160055160522461 0.247314453125 0.7952880859375
0.00691986083984375 -0.0585441589355469 0.13641357421875 0.74078369140625
0.0172882080078125 -0.0555953979492188 0.064788818359375 0.44195556640625
0.0130271911621094 -0.0637893676757813 0.0411529541015625 0.00624847412109375
0.0115089416503906 -0.0634727478027344 0.018798828125 -0.43109130859375
0.019073486328125 -0.082672119140625 -0.10614013671875 -0.736328125
0.0315208435058594 -0.055816650390625 -0.37744140625 -0.77801513671875
0.0218582153320313 -0.0252952575683594 -0.5809326171875 -0.6707763671875
-0.00213003158569336 0.0077667236328125 -0.550048828125 -0.59906005859375
-0.03717041015625 -0.0108833312988281 -0.435546875 -0.328704833984375
-0.0443534851074219 -0.0660896301269531 -0.14300537109375 -0.0869903564453125
0.00440120697021484 0.0130386352539063 0.137176513671875 0.1697998046875
-0.00159454345703125 0.0295257568359375 0.438262939453125 0.450408935546875
-5.91278076171893E-05 0.0310478210449219 0.50518798828125 0.569091796875
-0.00717735290527343 0.0273323059082031 0.43060302734375 0.7427978515625
-0.0145463943481445 -0.00614738464355469 0.21881103515625 0.80694580078125
-0.0099029541015625 -0.0360870361328125 0.1123046875 0.75445556640625
0.0104923248291016 -0.0270938873291016 0.0590515136718751 0.45318603515625
0.00948715209960938 -0.03961181640625 0.0395927429199219 0.0173149108886719
0.00336837768554687 -0.0399093627929687 0.01202392578125 -0.424407958984375
0.002593994140625 -0.0582160949707031 -0.121337890625 -0.71905517578125
0.0161705017089844 -0.040985107421875 -0.39947509765625 -0.75726318359375
0.0149078369140625 -0.0261497497558594 -0.60040283203125 -0.6512451171875
0.0115566253662109 0.00275039672851562 -0.56201171875 -0.58868408203125
-0.00918102264404297 -0.000410079956054687 -0.444305419921875 -0.32696533203125
-0.0122146606445313 -0.04083251953125 -0.14495849609375 -0.0965423583984375
0.03094482421875 0.05584716796875 0.13360595703125 0.168670654296875
0.0331344604492188 0.0550308227539062 0.42779541015625 0.452056884765625
0.0244026184082031 0.0281963348388672 0.4921875 0.580322265625
-0.00784492492675781 0.0174264907836914 0.4111328125 0.75439453125
-0.0340366363525391 0.00102043151855468 0.20062255859375 0.81884765625
-0.0316410064697266 -0.0130176544189453 0.09661865234375 0.75958251953125
-0.00154519081115723 0.002144455909729 0.05316162109375 0.452911376953125
0.00543498992919922 -0.0135173797607422 0.0403213500976563 0.0143814086914063
-0.00214958190917969 -0.0120391845703125 0.00958251953124995 -0.423553466796875
-0.0109310150146484 -0.0304317474365234 -0.13421630859375 -0.7158203125
0.000640869140624999 -0.0230369567871094 -0.41119384765625 -0.7469482421875
0.0045928955078125 -0.0271549224853516 -0.61346435546875 -0.63525390625
0.0225906372070312 -0.00141334533691406 -0.57440185546875 -0.5772705078125
0.0200366973876953 0.00994491577148438 -0.446807861328125 -0.32745361328125
0.0239982604980469 -0.0119247436523438 -0.137275695800781 -0.0984039306640625
0.0577392578125 0.09130859375 0.140151977539063 0.173263549804688
0.064422607421875 0.0780487060546875 0.420257568359375 0.45123291015625
0.0469322204589844 0.0253868103027344 0.480224609375 0.59454345703125
-0.00935554504394531 0.0106124877929688 0.40087890625 0.76947021484375
-0.05242919921875 0.010284423828125 0.19476318359375 0.82769775390625
-0.0511474609375 0.00878143310546876 0.0942382812499999 0.75262451171875
-0.0101051330566406 0.0259990692138672 0.053192138671875 0.4420166015625
0.00257635116577148 0.00801992416381836 0.0417251586914062 0.00135040283203125
-0.0094594955444336 0.0114097595214844 0.00225830078125 -0.434967041015625
-0.024169921875 -0.00835418701171875 -0.14044189453125 -0.72027587890625
-0.0133209228515625 -0.0087728500366211 -0.41656494140625 -0.74346923828125
-0.000900268554687499 -0.0264339447021484 -0.61614990234375 -0.627685546875
0.0356216430664063 -0.00737380981445313 -0.57794189453125 -0.56768798828125
0.0488166809082031 0.0188941955566406 -0.44342041015625 -0.32513427734375
0.0594863891601562 0.0189247131347656 -0.128517150878906 -0.0925216674804688
0.082977294921875 0.109611511230469 0.156112670898438 0.181503295898438
0.0858306884765625 0.0893478393554688 0.41510009765625 0.448760986328125
0.058074951171875 0.0229835510253906 0.4715576171875 0.6094970703125
-0.0134859085083008 0.00865936279296875 0.40625 0.78631591796875
-0.0646400451660156 0.0189743041992188 0.2080078125 0.826171875
-0.0635757446289063 0.0233802795410156 0.0992431640625001 0.73651123046875
-0.0156631469726563 0.0424308776855469 0.055450439453125 0.41790771484375
0.000928878784179687 0.0222587585449219 0.0388984680175781 -0.0219955444335938
-0.0131130218505859 0.0268745422363281 2.70915612902869E-17 -0.45556640625
-0.0357780456542969 0.00818634033203125 -0.14288330078125 -0.73455810546875
-0.0267086029052734 0.00267219543457031 -0.41302490234375 -0.7503662109375
-0.00461387634277344 -0.0269355773925781 -0.609130859375 -0.6199951171875
0.0489845275878906 -0.00984954833984375 -0.57568359375 -0.5579833984375
0.0732879638671875 0.0296478271484375 -0.436492919921875 -0.322540283203125
0.0850448608398437 0.0468597412109375 -0.113929748535156 -0.077423095703125
0.0948257446289063 0.114356994628906 0.174880981445313 0.1939697265625
0.0940933227539063 0.0873336791992188 0.4127197265625 0.44537353515625
0.0574760437011719 0.0229415893554688 0.472412109375 0.624267578125
-0.0168333053588867 0.0118942260742188 0.42535400390625 0.7972412109375
-0.0698699951171875 0.0248031616210938 0.22998046875 0.82183837890625
-0.0687370300292969 0.0297660827636719 0.11517333984375 0.714111328125
-0.01715087890625 0.0455970764160156 0.06036376953125 0.3897705078125
0.00036430358886719 0.0231208801269531 0.0386581420898438 -0.0501174926757813
-0.0175056457519531 0.0321941375732422 -0.000732421875000013 -0.480621337890625
-0.041961669921875 0.0147743225097656 -0.13397216796875 -0.755615234375
-0.031707763671875 0.00351142883300781 -0.3992919921875 -0.76177978515625
-0.00591468811035156 -0.0310897827148437 -0.5936279296875 -0.62359619140625
0.0588951110839844 -0.0108604431152344 -0.5687255859375 -0.54998779296875
0.090240478515625 0.0409011840820313 -0.425933837890625 -0.318511962890625
0.0981369018554688 0.0701217651367188 -0.0981216430664063 -0.055084228515625
0.0989456176757812 0.101165771484375 0.1956787109375 0.203704833984375
0.0876922607421875 0.078094482421875 0.413482666015625 0.443084716796875
0.0516777038574219 0.0245704650878906 0.4869384765625 0.63043212890625
-0.0202693939208984 0.0178546905517578 0.4591064453125 0.79547119140625
-0.0670509338378906 0.0266685485839844 0.263427734375 0.80364990234375
-0.0643234252929687 0.0266265869140625 0.13671875 0.68402099609375
-0.0151596069335938 0.0364418029785156 0.06658935546875 0.36077880859375
0.00206661224365234 0.0162792205810547 0.0386123657226563 -0.07696533203125
-0.0194854736328125 0.0278682708740234 0.00515747070312504 -0.507415771484375
-0.0429954528808594 0.0107269287109375 -0.11395263671875 -0.7816162109375
-0.033355712890625 -0.00105476379394531 -0.36944580078125 -0.7811279296875
-0.00430679321289062 -0.0336933135986328 -0.57293701171875 -0.62872314453125
0.0658187866210938 -0.00631332397460938 -0.554534912109375 -0.5479736328125
0.0966262817382813 0.04998779296875 -0.412841796875 -0.31646728515625
0.095703125 0.0824508666992188 -0.085052490234375 -0.0291213989257812
0.0894393920898438 0.081146240234375 0.215805053710937 0.211898803710938
0.073272705078125 0.0674972534179688 0.4234619140625 0.440582275390625
0.0402984619140625 0.02655029296875 0.50872802734375 0.6273193359375
-0.0181713104248047 0.023162841796875 0.49505615234375 0.7802734375
-0.0581626892089844 0.0228233337402344 0.29803466796875 0.77752685546875
-0.0550727844238281 0.0137100219726563 0.1572265625 0.65606689453125
-0.00986671447753906 0.0184707641601563 0.06866455078125 0.3338623046875
0.00360107421875 0.000260353088378906 0.0370559692382813 -0.1014404296875
-0.0158929824829102 0.0129947662353516 0.015869140625 -0.530853271484375
-0.0356903076171875 -0.00221633911132813 -0.0806274414062499 -0.80426025390625
-0.0280265808105469 -0.00952529907226563 -0.331298828125 -0.80133056640625
0.00163459777832031 -0.0334758758544922 -0.54315185546875 -0.63873291015625
0.0617294311523438 -0.00045013427734375 -0.5386962890625 -0.548431396484375
0.0845718383789063 0.0532073974609375 -0.406341552734375 -0.315765380859375
0.0807723999023437 0.0808639526367188 -0.0749053955078125 -0.0042266845703125
-0.0192050933837891 -0.0258636474609375 0.152877807617188 0.174148559570313
-0.0341739654541016 0.00866699218750001 0.456268310546875 0.432281494140625
-0.0229835510253906 0.0370101928710938 0.53302001953125 0.55419921875
-0.00286102294921875 0.0369300842285156 0.47540283203125 0.72821044921875
0.001739501953125 -0.0159273147583008 0.26531982421875 0.791259765625
0.00568008422851563 -0.0583076477050781 0.1527099609375 0.7398681640625
0.0160598754882812 -0.056976318359375 0.076507568359375 0.440216064453125
0.010894775390625 -0.0638008117675781 0.0414276123046875 0.0059967041015625
0.00909423828125001 -0.0638847351074219 0.00726318359375004 -0.434600830078125
0.0157470703125 -0.0803298950195313 -0.12225341796875 -0.734619140625
0.0304107666015625 -0.0566329956054687 -0.39764404296875 -0.77099609375
0.0211296081542969 -0.0262737274169922 -0.59893798828125 -0.66082763671875
-0.00280857086181641 0.0091552734375 -0.567138671875 -0.5888671875
-0.0377731323242188 -0.00958633422851563 -0.44451904296875 -0.3231201171875
-0.0480232238769531 -0.0671463012695313 -0.145843505859375 -0.083831787109375
0.00252056121826172 0.0122785568237305 0.143341064453125 0.168197631835937
-0.0027313232421875 0.0288925170898438 0.450286865234375 0.44012451171875
-0.000774383544921878 0.0306491851806641 0.52117919921875 0.560577392578125
-0.0041351318359375 0.0280742645263672 0.4495849609375 0.73529052734375
-0.0173740386962891 -0.00650787353515625 0.23907470703125 0.80438232421875
-0.0110626220703125 -0.0344524383544922 0.13128662109375 0.7548828125
0.00797080993652344 -0.0275936126708984 0.07000732421875 0.452545166015625
0.00832748413085937 -0.0390243530273438 0.0420570373535156 0.0156669616699219
0.00324630737304687 -0.0367813110351563 0.00134277343749996 -0.4246826171875
0.000530242919921871 -0.0569992065429688 -0.14093017578125 -0.72100830078125
0.0162315368652344 -0.0413627624511719 -0.418212890625 -0.75189208984375
0.0124835968017578 -0.0280303955078125 -0.6180419921875 -0.6387939453125
0.00963687896728516 0.00256919860839844 -0.57989501953125 -0.57830810546875
-0.0116519927978516 0.000352859497070314 -0.452362060546875 -0.3199462890625
-0.0147819519042969 -0.0415687561035156 -0.147003173828125 -0.0928802490234375
0.0307540893554687 0.0556793212890625 0.13702392578125 0.166366577148438
0.0344810485839844 0.05560302734375 0.439605712890625 0.4459228515625
0.025482177734375 0.0272903442382813 0.5087890625 0.56976318359375
-0.007476806640625 0.0180492401123047 0.42974853515625 0.74615478515625
-0.0332775115966797 0.00154685974121094 0.21844482421875 0.81793212890625
-0.0321044921875 -0.0106658935546875 0.1160888671875 0.76129150390625
-0.00129938125610352 0.000944852828979493 0.06610107421875 0.45599365234375
0.00562763214111328 -0.014653205871582 0.0416259765625 0.0154151916503906
-0.00164413452148437 -0.0101432800292969 -0.00222778320312504 -0.42535400390625
-0.0116367340087891 -0.0300674438476562 -0.1541748046875 -0.71441650390625
-0.000509262084960939 -0.0247097015380859 -0.42840576171875 -0.73895263671875
0.00524520874023437 -0.0279979705810547 -0.62847900390625 -0.62310791015625
0.0222702026367188 -0.00417900085449219 -0.59112548828125 -0.56549072265625
0.0207080841064453 0.00881385803222656 -0.455230712890625 -0.3179931640625
0.0240440368652344 -0.0110569000244141 -0.141464233398438 -0.096282958984375
0.0604705810546875 0.0908432006835938 0.147247314453125 0.171981811523438
0.0655059814453125 0.076507568359375 0.432098388671875 0.444732666015625
0.0461654663085938 0.0247840881347656 0.49560546875 0.58465576171875
-0.00908088684082031 0.00919151306152344 0.42205810546875 0.7623291015625
-0.0524024963378906 0.00961685180664063 0.21466064453125 0.826416015625
-0.0501594543457031 0.0100669860839844 0.11065673828125 0.7545166015625
-0.00983238220214844 0.0269527435302734 0.0660400390625 0.44146728515625
0.00226640701293945 0.00754690170288086 0.0419273376464844 0.00188827514648438
-0.00734901428222657 0.0118312835693359 -0.00921630859375001 -0.436248779296875
-0.0248985290527344 -0.00602340698242187 -0.1605224609375 -0.720703125
-0.013371467590332 -0.00861263275146485 -0.4361572265625 -0.73663330078125
-0.000665664672851565 -0.0262660980224609 -0.63226318359375 -0.6136474609375
0.0353851318359375 -0.0079498291015625 -0.59368896484375 -0.55206298828125
0.0483894348144531 0.0179367065429688 -0.452606201171875 -0.31640625
0.057373046875 0.0192642211914063 -0.13104248046875 -0.0895919799804687
0.0837936401367187 0.110641479492188 0.16131591796875 0.17779541015625
0.0890731811523438 0.0866241455078125 0.426055908203125 0.440399169921875
0.0580902099609375 0.0225105285644531 0.487548828125 0.6033935546875
-0.0118856430053711 0.0081777572631836 0.42498779296875 0.78009033203125
-0.0645408630371094 0.0213203430175781 0.22589111328125 0.8272705078125
-0.0641746520996094 0.0256690979003906 0.1168212890625 0.73699951171875
-0.014617919921875 0.0437431335449219 0.067657470703125 0.418243408203125
0.00253105163574219 0.0211887359619141 0.0410194396972656 -0.0215225219726563
-0.0126190185546875 0.0281600952148438 -0.013336181640625 -0.455291748046875
-0.0353317260742187 0.0112762451171875 -0.15997314453125 -0.73431396484375
-0.0251922607421875 0.00107574462890625 -0.43170166015625 -0.7401123046875
-0.00708961486816406 -0.0277290344238281 -0.62774658203125 -0.6087646484375
0.0487785339355469 -0.0107307434082031 -0.59161376953125 -0.54400634765625
0.0751495361328125 0.0275802612304688 -0.4466552734375 -0.312408447265625
0.0844192504882813 0.0475540161132813 -0.116477966308594 -0.075347900390625
0.0984268188476563 0.111579895019531 0.18218994140625 0.19036865234375
0.0961151123046875 0.0857162475585938 0.423675537109375 0.4383544921875
0.059051513671875 0.0208892822265625 0.48992919921875 0.6134033203125
-0.0179367065429688 0.0114803314208984 0.44476318359375 0.78887939453125
-0.0702247619628906 0.0262451171875 0.24853515625 0.81988525390625
-0.0669593811035156 0.0313377380371094 0.1317138671875 0.71307373046875
-0.0167350769042969 0.0454292297363281 0.0692138671875 0.390655517578125
0.000820159912109373 0.0235824584960938 0.0374565124511719 -0.0493507385253906
-0.0163440704345703 0.0343055725097656 -0.0118408203125 -0.480865478515625
-0.0416107177734375 0.0173377990722656 -0.15460205078125 -0.756591796875
-0.0336494445800781 0.00451087951660156 -0.42071533203125 -0.75555419921875
-0.00844383239746094 -0.0306186676025391 -0.6134033203125 -0.6087646484375
0.05902099609375 -0.0108642578125 -0.58319091796875 -0.538330078125
0.0914459228515625 0.0390548706054688 -0.435211181640625 -0.309967041015625
0.0964736938476563 0.0690536499023438 -0.0997695922851563 -0.05462646484375
0.099609375 0.100303649902344 0.20062255859375 0.201171875
0.0909194946289063 0.076812744140625 0.42828369140625 0.436248779296875
0.05157470703125 0.0230827331542969 0.50469970703125 0.62237548828125
-0.0191249847412109 0.0180778503417969 0.4798583984375 0.78607177734375
-0.0666694641113281 0.0299949645996094 0.28338623046875 0.80133056640625
-0.0624275207519531 0.0284500122070313 0.15228271484375 0.68548583984375
-0.0147666931152344 0.0367813110351563 0.07708740234375 0.362457275390625
0.00296783447265625 0.0179386138916016 0.0380172729492188 -0.0783615112304688
-0.0176734924316406 0.0275249481201172 -0.00793457031250002 -0.5081787109375
-0.0428962707519531 0.0115280151367188 -0.13507080078125 -0.7818603515625
-0.0343284606933594 -0.00187301635742187 -0.3887939453125 -0.7777099609375
-0.00492286682128906 -0.0337867736816406 -0.5897216796875 -0.61737060546875
0.0648002624511719 -0.00832366943359375 -0.5706787109375 -0.53570556640625
0.0968475341796875 0.0489654541015625 -0.42462158203125 -0.308685302734375
0.0956039428710938 0.0821151733398438 -0.0867385864257813 -0.0279083251953125
0.09075927734375 0.0800704956054687 0.222763061523438 0.2080078125
0.0752029418945313 0.0672149658203125 0.43487548828125 0.4339599609375
0.0413055419921875 0.026580810546875 0.52783203125 0.6185302734375
-0.0161037445068359 0.0235252380371094 0.51751708984375 0.77130126953125
-0.0574607849121094 0.02593994140625 0.3184814453125 0.7747802734375
-0.0539283752441406 0.0154190063476562 0.1748046875 0.65362548828125
-0.00969886779785156 0.0195217132568359 0.076568603515625 0.334228515625
0.00365447998046875 -7.91549682617187E-05 0.035064697265625 -0.101341247558594
-0.0129766464233398 0.0131559371948242 0.00241088867187501 -0.5311279296875
-0.0356597900390625 -0.000236511230468743 -0.10040283203125 -0.80438232421875
-0.0281047821044922 -0.00769805908203125 -0.351318359375 -0.79718017578125
-0.000179290771484375 -0.0358619689941406 -0.55914306640625 -0.62957763671875
0.0607452392578125 -0.0027923583984375 -0.553955078125 -0.5374755859375
0.0872802734375 0.0510940551757813 -0.4169921875 -0.307830810546875
0.0818405151367188 0.0806884765625 -0.0770797729492188 -0.00255584716796875
-0.0215301513671875 -0.0261383056640625 0.156692504882813 0.1717529296875
-0.0366706848144531 0.00853729248046874 0.4664306640625 0.42376708984375
-0.0228004455566406 0.0371131896972656 0.546630859375 0.542633056640625
-0.0023345947265625 0.0359649658203125 0.4937744140625 0.71588134765625
0.00169277191162109 -0.0149879455566406 0.28533935546875 0.7845458984375
0.003936767578125 -0.05859375 0.1717529296875 0.7362060546875
0.0139694213867187 -0.0572891235351562 0.086212158203125 0.437896728515625
0.0108833312988281 -0.06451416015625 0.0430374145507813 0.00602340698242187
0.0094757080078125 -0.0648574829101563 -0.003662109375 -0.434814453125
0.01336669921875 -0.0822296142578125 -0.140625 -0.73211669921875
0.0299568176269531 -0.0565032958984375 -0.41644287109375 -0.76275634765625
0.0193595886230469 -0.0285053253173828 -0.6162109375 -0.64495849609375
-0.00511264801025391 0.00732183456420898 -0.57928466796875 -0.57696533203125
-0.0384902954101563 -0.0101242065429687 -0.454498291015625 -0.311553955078125
-0.0489082336425781 -0.0634574890136719 -0.147720336914063 -0.080780029296875
0.00351715087890625 0.011500358581543 0.147476196289063 0.163116455078125
-0.00227546691894531 0.0295257568359375 0.460296630859375 0.431549072265625
0.000888824462890624 0.0291309356689453 0.537628173828125 0.546905517578125
-0.00387763977050781 0.0293216705322266 0.4693603515625 0.72332763671875
-0.0140113830566406 -0.00460910797119141 0.258056640625 0.80078125
-0.0129337310791016 -0.0334262847900391 0.149169921875 0.75115966796875
0.00815582275390625 -0.0275154113769531 0.0810546875 0.451385498046875
0.00925064086914063 -0.0389480590820313 0.0429306030273438 0.01593017578125
0.00354385375976563 -0.0376701354980469 -0.00888061523437501 -0.4248046875
-0.000633239746093744 -0.0576400756835938 -0.15869140625 -0.71588134765625
0.0118370056152344 -0.0413665771484375 -0.43646240234375 -0.74224853515625
0.0123062133789063 -0.0287189483642578 -0.63592529296875 -0.62384033203125
0.00879764556884765 0.00120925903320312 -0.59600830078125 -0.5638427734375
-0.0101861953735352 -0.000756263732910155 -0.460662841796875 -0.3104248046875
-0.0176010131835938 -0.0395736694335938 -0.149658203125 -0.090423583984375
0.0316276550292969 0.0560111999511719 0.145034790039062 0.16259765625
0.0352668762207031 0.0547447204589844 0.450103759765625 0.43438720703125
0.0255298614501953 0.0253429412841797 0.524749755859375 0.55853271484375
-0.00619983673095703 0.0174379348754883 0.4493408203125 0.73529052734375
-0.0334281921386719 0.00369453430175782 0.23834228515625 0.81195068359375
-0.0320358276367188 -0.0113124847412109 0.13427734375 0.75701904296875
-0.000671505928039551 0.00175070762634277 0.07672119140625 0.4542236328125
0.00675678253173828 -0.0141763687133789 0.0419273376464844 0.0132637023925781
-0.00242042541503906 -0.0103530883789063 -0.01287841796875 -0.427032470703125
-0.0127182006835938 -0.0282249450683594 -0.17120361328125 -0.7117919921875
-0.00111579895019531 -0.0255756378173828 -0.44805908203125 -0.72991943359375
0.00404739379882813 -0.0268440246582031 -0.64617919921875 -0.60821533203125
0.0215682983398438 -0.00373268127441406 -0.606201171875 -0.5517578125
0.0184307098388672 0.00835609436035156 -0.4627685546875 -0.307525634765625
0.0227489471435547 -0.0106315612792969 -0.144393920898437 -0.09283447265625
0.060333251953125 0.0900726318359375 0.15093994140625 0.16796875
0.06793212890625 0.075225830078125 0.4443359375 0.433349609375
0.0475425720214844 0.0221595764160156 0.5125732421875 0.57379150390625
-0.0100984573364258 0.0101289749145508 0.4400634765625 0.75250244140625
-0.0502471923828125 0.0121498107910156 0.2342529296875 0.82159423828125
-0.0501632690429688 0.0121612548828125 0.13031005859375 0.75299072265625
-0.00902175903320313 0.0282516479492188 0.076568603515625 0.442108154296875
0.00469207763671875 0.00891494750976563 0.0416984558105469 0.00101470947265625
-0.00607013702392578 0.0134992599487305 -0.019866943359375 -0.436920166015625
-0.0240211486816406 -0.00370597839355468 -0.1787109375 -0.71600341796875
-0.0136890411376953 -0.00729084014892578 -0.45458984375 -0.72601318359375
-0.00425148010253906 -0.0266437530517578 -0.64776611328125 -0.5968017578125
0.0349140167236328 -0.00905799865722656 -0.60943603515625 -0.54071044921875
0.0482139587402344 0.0165977478027344 -0.463134765625 -0.306243896484375
0.0576171875 0.0169258117675781 -0.133705139160156 -0.087554931640625
0.0850143432617188 0.106796264648438 0.16571044921875 0.175048828125
0.0896224975585937 0.085235595703125 0.43682861328125 0.43243408203125
0.0586776733398438 0.020599365234375 0.50506591796875 0.5867919921875
-0.0111856460571289 0.00869274139404297 0.44573974609375 0.76708984375
-0.0638656616210938 0.0229911804199219 0.24456787109375 0.8211669921875
-0.0614128112792969 0.0272789001464844 0.13555908203125 0.7374267578125
-0.0145645141601563 0.0428886413574219 0.077850341796875 0.41741943359375
0.00280570983886719 0.022308349609375 0.0394821166992188 -0.0209999084472656
-0.0113735198974609 0.0285892486572266 -0.024017333984375 -0.454986572265625
-0.0343532562255859 0.0134792327880859 -0.178955078125 -0.73126220703125
-0.0262432098388672 0.00305557250976563 -0.449951171875 -0.73211669921875
-0.00818252563476562 -0.0279502868652344 -0.642578125 -0.5933837890625
0.0475044250488281 -0.0128402709960938 -0.60589599609375 -0.52972412109375
0.0750274658203125 0.0273666381835937 -0.4542236328125 -0.302520751953125
0.0845184326171875 0.0452957153320312 -0.117706298828125 -0.0738372802734375
0.0991287231445313 0.110847473144531 0.186431884765625 0.186660766601563
0.0977935791015625 0.085418701171875 0.43585205078125 0.429351806640625
0.0588493347167969 0.0180397033691406 0.50665283203125 0.603759765625
-0.0173635482788086 0.0103616714477539 0.4637451171875 0.77789306640625
-0.0686073303222656 0.0293045043945313 0.26885986328125 0.813232421875
-0.0658226013183594 0.0337181091308594 0.1510009765625 0.7105712890625
-0.0135612487792969 0.0455589294433594 0.08056640625 0.388702392578125
0.0017242431640625 0.0248737335205078 0.038055419921875 -0.0496978759765625
-0.0142307281494141 0.0336799621582031 -0.024749755859375 -0.482147216796875
-0.0416793823242187 0.0198326110839844 -0.173095703125 -0.7509765625
-0.0326862335205078 0.00649833679199218 -0.43701171875 -0.7471923828125
-0.00872039794921875 -0.0312156677246094 -0.62548828125 -0.595703125
0.0578536987304687 -0.0144500732421875 -0.5963134765625 -0.5234375
0.0925064086914063 0.0375442504882813 -0.445068359375 -0.301116943359375
0.0983200073242188 0.0666427612304688 -0.102424621582031 -0.051483154296875
0.102241516113281 0.0985260009765625 0.2073974609375 0.196624755859375
0.0924453735351563 0.0749435424804688 0.4368896484375 0.426605224609375
0.0530929565429688 0.0210151672363281 0.51971435546875 0.609375
-0.0192375183105469 0.0186061859130859 0.4979248046875 0.77423095703125
-0.0656242370605469 0.0318107604980469 0.30279541015625 0.79443359375
-0.06256103515625 0.0292854309082031 0.17138671875 0.6805419921875
-0.0139198303222656 0.0369529724121094 0.083526611328125 0.359100341796875
0.00421810150146484 0.017308235168457 0.036346435546875 -0.0770187377929687
-0.0157089233398437 0.0285892486572266 -0.019989013671875 -0.50897216796875
-0.0428237915039063 0.0147132873535156 -0.15240478515625 -0.77825927734375
-0.0335636138916016 0.000421524047851565 -0.40966796875 -0.76715087890625
-0.00644493103027344 -0.0339374542236328 -0.60479736328125 -0.604248046875
0.064056396484375 -0.00960159301757812 -0.58319091796875 -0.5235595703125
0.0972518920898438 0.0478439331054688 -0.432769775390625 -0.29998779296875
0.0959854125976563 0.0802078247070313 -0.0873947143554688 -0.0268478393554687
0.0925140380859375 0.0782546997070312 0.228073120117188 0.203109741210937
0.0761566162109375 0.0661849975585938 0.44696044921875 0.4239501953125
0.0416984558105469 0.0240631103515625 0.5426025390625 0.605712890625
-0.0161609649658203 0.0231418609619141 0.53521728515625 0.75823974609375
-0.0553092956542969 0.0254058837890625 0.337158203125 0.76776123046875
-0.0541915893554688 0.0169486999511719 0.19049072265625 0.650634765625
-0.00959014892578125 0.0177879333496094 0.085845947265625 0.33380126953125
0.00457000732421875 0.000193119049072266 0.033477783203125 -0.101264953613281
-0.0135002136230469 0.0142087936401367 -0.00958251953125002 -0.5323486328125
-0.0371170043945313 0.000865936279296875 -0.122802734375 -0.805419921875
-0.0282917022705078 -0.00865936279296875 -0.370849609375 -0.79022216796875
-0.00170707702636719 -0.0342674255371094 -0.57470703125 -0.61590576171875
0.05999755859375 -0.00482940673828125 -0.5701904296875 -0.52374267578125
0.087738037109375 0.050384521484375 -0.42376708984375 -0.29852294921875
0.0822372436523438 0.0799789428710938 -0.077545166015625 -0.00162506103515626
-0.0232353210449219 -0.0233917236328125 0.1612548828125 0.16717529296875
-0.0368995666503906 0.00875854492187501 0.475799560546875 0.4110107421875
-0.0221443176269531 0.03521728515625 0.56024169921875 0.5269775390625
0.000598907470703124 0.0375709533691406 0.5084228515625 0.70257568359375
0.00124359130859375 -0.0155811309814453 0.30377197265625 0.77685546875
0.00269699096679687 -0.0580902099609375 0.18994140625 0.73095703125
0.0121421813964844 -0.0572509765625 0.0950927734375 0.435699462890625
0.00875473022460938 -0.0647468566894531 0.04364013671875 0.00782394409179687
0.00904464721679687 -0.0630378723144531 -0.013458251953125 -0.431549072265625
0.0124282836914063 -0.0799713134765625 -0.1593017578125 -0.72723388671875
0.0274848937988281 -0.05609130859375 -0.43310546875 -0.7503662109375
0.0188522338867188 -0.0290546417236328 -0.63037109375 -0.626953125
-0.00443124771118164 0.0073399543762207 -0.5946044921875 -0.55889892578125
-0.0385055541992188 -0.00772094726562499 -0.45953369140625 -0.301727294921875
-0.0527076721191406 -0.06298828125 -0.149124145507813 -0.0781402587890625
0.00323677062988281 0.0133609771728516 0.150848388671875 0.160369873046875
-0.000659942626953123 0.0288772583007813 0.4691162109375 0.4207763671875
0.000137329101562498 0.0297260284423828 0.549560546875 0.533294677734375
-0.00405502319335937 0.0279960632324219 0.48455810546875 0.7105712890625
-0.0162191390991211 -0.00425910949707031 0.2752685546875 0.7923583984375
-0.0132408142089844 -0.0339107513427734 0.1669921875 0.74560546875
0.00645256042480469 -0.0276050567626953 0.090667724609375 0.44866943359375
0.00881576538085938 -0.0387840270996094 0.0427818298339844 0.0166130065917969
0.00384902954101563 -0.0361747741699219 -0.018096923828125 -0.4224853515625
-0.00178146362304688 -0.054656982421875 -0.17596435546875 -0.7122802734375
0.0120582580566406 -0.0413322448730469 -0.4532470703125 -0.7313232421875
0.0105800628662109 -0.0286350250244141 -0.64837646484375 -0.604736328125
0.00916576385498047 0.00154209136962891 -0.60882568359375 -0.547607421875
-0.0117311477661133 0.00115203857421875 -0.4700927734375 -0.299957275390625
-0.0197410583496094 -0.0387535095214844 -0.152206420898438 -0.088714599609375
0.0336036682128906 0.0555572509765625 0.148452758789063 0.159515380859375
0.0354080200195313 0.0548934936523438 0.4620361328125 0.424530029296875
0.0259552001953125 0.0245571136474609 0.537200927734375 0.544158935546875
-0.00497245788574219 0.0175876617431641 0.46502685546875 0.72296142578125
-0.0337905883789062 0.00368499755859375 0.257080078125 0.80523681640625
-0.0314064025878906 -0.00963211059570312 0.15167236328125 0.75238037109375
-0.000306606292724609 0.00193548202514648 0.0867919921875 0.44903564453125
0.00540733337402344 -0.0131435394287109 0.0440826416015625 0.0147171020507813
-0.000473976135253907 -0.0102405548095703 -0.0223388671875 -0.4237060546875
-0.0146160125732422 -0.0273342132568359 -0.18780517578125 -0.70550537109375
-0.000762939453125002 -0.0230693817138672 -0.4649658203125 -0.716552734375
0.00378036499023438 -0.0268115997314453 -0.6575927734375 -0.59307861328125
0.0212249755859375 -0.00586700439453125 -0.61566162109375 -0.5360107421875
0.0185279846191406 0.00764656066894531 -0.469207763671875 -0.2974853515625
0.0217990875244141 -0.0114345550537109 -0.145767211914063 -0.0890350341796875
0.0611724853515625 0.08984375 0.154510498046875 0.164749145507813
0.0681915283203125 0.0735321044921875 0.4525146484375 0.421112060546875
0.0483245849609375 0.0206985473632813 0.525054931640625 0.560516357421875
-0.00834178924560547 0.0105953216552734 0.4560546875 0.74005126953125
-0.0500831604003906 0.0142631530761719 0.25286865234375 0.81402587890625
-0.0497169494628906 0.0134849548339844 0.14666748046875 0.74755859375
-0.00812149047851562 0.0275440216064453 0.08544921875 0.438201904296875
0.00488615036010742 0.00859403610229492 0.0418128967285156 0.00238037109375
-0.00572872161865234 0.0141229629516602 -0.02777099609375 -0.4332275390625
-0.0249042510986328 -0.00319290161132812 -0.1954345703125 -0.71063232421875
-0.0144290924072266 -0.00679492950439454 -0.470458984375 -0.71441650390625
-0.00341224670410156 -0.0263786315917969 -0.66094970703125 -0.58087158203125
0.0335636138916016 -0.010009765625 -0.62109375 -0.5245361328125
0.0488395690917969 0.0163993835449219 -0.4698486328125 -0.29656982421875
0.0567512512207031 0.0170249938964844 -0.134681701660156 -0.084381103515625
0.0856781005859375 0.10723876953125 0.170684814453125 0.17181396484375
0.0914077758789063 0.0836257934570313 0.4468994140625 0.420501708984375
0.05853271484375 0.0190277099609375 0.5159912109375 0.57562255859375
-0.0119943618774414 0.0089120864868164 0.461669921875 0.756103515625
-0.0628509521484375 0.023162841796875 0.26416015625 0.8123779296875
-0.061492919921875 0.0294990539550781 0.1529541015625 0.73046875
-0.0124320983886719 0.0439071655273438 0.086273193359375 0.41473388671875
0.00287628173828125 0.0215129852294922 0.0398025512695313 -0.0211677551269531
-0.00945472717285156 0.02984619140625 -0.03424072265625 -0.453643798828125
-0.0343551635742187 0.0137672424316406 -0.19805908203125 -0.7232666015625
-0.0253658294677734 0.00485038757324219 -0.4666748046875 -0.71990966796875
-0.00861930847167969 -0.0277690887451172 -0.65362548828125 -0.57733154296875
0.0458908081054688 -0.0137825012207031 -0.61822509765625 -0.5147705078125
0.0760955810546875 0.0242156982421875 -0.46258544921875 -0.2933349609375
0.083770751953125 0.043731689453125 -0.118431091308594 -0.0706939697265625
0.101394653320312 0.109146118164062 0.189712524414063 0.181777954101563
0.09991455078125 0.0817184448242187 0.444091796875 0.418792724609375
0.0595016479492188 0.017333984375 0.5196533203125 0.5897216796875
-0.0173282623291016 0.0127496719360352 0.48046875 0.7645263671875
-0.0674285888671875 0.0298347473144531 0.287353515625 0.804443359375
-0.0655937194824219 0.0362739562988281 0.1661376953125 0.70587158203125
-0.0128898620605469 0.0471992492675781 0.0897216796875 0.38555908203125
0.00412750244140625 0.0251102447509766 0.0370407104492187 -0.0489540100097656
-0.0133895874023438 0.0353813171386719 -0.0341796875 -0.4788818359375
-0.0401344299316406 0.0207252502441406 -0.1907958984375 -0.747314453125
-0.0330848693847656 0.006561279296875 -0.451171875 -0.73284912109375
-0.0105209350585937 -0.0315151214599609 -0.6417236328125 -0.577880859375
0.0587882995605469 -0.0141563415527344 -0.60845947265625 -0.5086669921875
0.0923843383789063 0.0354232788085938 -0.4501953125 -0.29046630859375
0.09869384765625 0.0668869018554688 -0.102447509765625 -0.0484542846679687
0.102439880371094 0.0973892211914063 0.211776733398438 0.191619873046875
0.0941848754882812 0.0740432739257813 0.447601318359375 0.416046142578125
0.0526847839355469 0.0191268920898437 0.5341796875 0.59539794921875
-0.0184364318847656 0.0186920166015625 0.51513671875 0.75958251953125
-0.0643577575683594 0.032623291015625 0.31964111328125 0.78607177734375
-0.0627479553222656 0.031982421875 0.18597412109375 0.67718505859375
-0.0131568908691406 0.0381355285644531 0.093048095703125 0.356842041015625
0.00383853912353516 0.0172538757324219 0.0337295532226563 -0.07708740234375
-0.0129985809326172 0.0304527282714844 -0.03179931640625 -0.506317138671875
-0.0415496826171875 0.0170364379882812 -0.17169189453125 -0.7742919921875
-0.0339546203613281 0.00160408020019532 -0.426513671875 -0.75689697265625
-0.00704765319824219 -0.0349941253662109 -0.6177978515625 -0.5875244140625
0.0648727416992188 -0.0111083984375 -0.5958251953125 -0.508544921875
0.0980377197265625 0.0443267822265625 -0.439849853515625 -0.289703369140625
0.09783935546875 0.0778884887695313 -0.0884933471679688 -0.0259170532226563
0.09393310546875 0.07562255859375 0.2313232421875 0.1978759765625
0.0772171020507813 0.0636367797851563 0.4566650390625 0.413360595703125
0.0421943664550781 0.0235137939453125 0.55670166015625 0.59234619140625
-0.0159702301025391 0.0251579284667969 0.5506591796875 0.74249267578125
-0.0558738708496094 0.0286407470703125 0.3531494140625 0.75604248046875
-0.0521392822265625 0.0176429748535156 0.20452880859375 0.64276123046875
-0.0100383758544922 0.0192985534667969 0.093505859375 0.32940673828125
0.0043480396270752 0.000797748565673828 0.0308990478515625 -0.101097106933594
-0.0121364593505859 0.0144386291503906 -0.022369384765625 -0.5313720703125
-0.0367164611816406 0.00285720825195313 -0.14056396484375 -0.796875
-0.0291271209716797 -0.00673484802246094 -0.388916015625 -0.7784423828125
-0.00320053100585937 -0.0353317260742187 -0.5888671875 -0.6004638671875
0.0592460632324219 -0.00594711303710938 -0.5791015625 -0.5106201171875
0.0888824462890625 0.0481491088867188 -0.43060302734375 -0.2896728515625
0.081512451171875 0.0777816772460938 -0.0772933959960938 -0.00153350830078125
-0.0234050750732422 -0.0223789215087891 0.164993286132813 0.162277221679688
-0.0350208282470703 0.0108642578125 0.483551025390625 0.39923095703125
-0.0213584899902344 0.0356178283691406 0.5693359375 0.51116943359375
0.00140380859375 0.035888671875 0.522705078125 0.685546875
0.000261306762695311 -0.0153350830078125 0.31817626953125 0.765869140625
0.00226593017578125 -0.0582160949707031 0.20379638671875 0.7225341796875
0.0108489990234375 -0.0575828552246094 0.105133056640625 0.4320068359375
0.00779342651367187 -0.0641746520996094 0.0423507690429688 0.00521469116210937
0.0080108642578125 -0.0631866455078125 -0.024078369140625 -0.428192138671875
0.0105056762695312 -0.08062744140625 -0.1767578125 -0.7164306640625
0.0264739990234375 -0.0577049255371094 -0.4473876953125 -0.73760986328125
0.0179271697998047 -0.0280742645263672 -0.64208984375 -0.60919189453125
-0.0041346549987793 0.00775623321533203 -0.603515625 -0.542724609375
-0.0403671264648438 -0.00568389892578125 -0.46295166015625 -0.291259765625
-0.0542144775390625 -0.0594825744628906 -0.149566650390625 -0.0738372802734375
0.00161457061767578 0.0131769180297852 0.15362548828125 0.156661987304688
-0.000465393066406249 0.0305118560791016 0.4765625 0.40789794921875
0.000715255737304686 0.0291728973388672 0.559783935546875 0.516937255859375
-0.00240707397460938 0.0277996063232422 0.49835205078125 0.69537353515625
-0.016057014465332 -0.00461006164550781 0.2919921875 0.78216552734375
-0.0131931304931641 -0.0326004028320313 0.18402099609375 0.73712158203125
0.00675010681152343 -0.0273418426513672 0.101898193359375 0.444915771484375
0.00759506225585937 -0.0385322570800781 0.0439605712890625 0.0153884887695312
0.00214004516601562 -0.036041259765625 -0.02947998046875 -0.41741943359375
-0.00177764892578125 -0.0538902282714844 -0.1917724609375 -0.701904296875
0.0109939575195313 -0.0410079956054688 -0.46673583984375 -0.71453857421875
0.00999259948730469 -0.0292930603027344 -0.6580810546875 -0.58843994140625
0.00871944427490234 0.000764846801757813 -0.6197509765625 -0.5283203125
-0.01239013671875 0.00174903869628906 -0.4742431640625 -0.288116455078125
-0.0215377807617187 -0.0357208251953125 -0.153793334960938 -0.0838470458984375
0.0323524475097656 0.0560111999511719 0.150115966796875 0.155136108398438
0.0357437133789062 0.0518798828125 0.4691162109375 0.409088134765625
0.0249538421630859 0.0245132446289063 0.547119140625 0.528533935546875
-0.00440311431884765 0.0166921615600586 0.47900390625 0.70751953125
-0.0319976806640625 0.00618934631347657 0.2728271484375 0.794921875
-0.0316486358642578 -0.00744819641113281 0.16778564453125 0.74603271484375
-0.00116586685180664 0.00222420692443848 0.097137451171875 0.446990966796875
0.00585460662841797 -0.0134048461914063 0.0438766479492188 0.0134162902832031
0.000256538391113282 -0.00912857055664062 -0.03240966796875 -0.41949462890625
-0.0147991180419922 -0.0253105163574219 -0.20361328125 -0.69488525390625
-0.003143310546875 -0.0227527618408203 -0.47869873046875 -0.70196533203125
0.00255393981933594 -0.0272483825683594 -0.66729736328125 -0.5726318359375
0.0206680297851563 -0.0053253173828125 -0.62640380859375 -0.51715087890625
0.0182552337646484 0.00705909729003906 -0.477447509765625 -0.287200927734375
0.0185337066650391 -0.00872039794921875 -0.148208618164063 -0.0850677490234375
0.0632705688476563 0.0890274047851562 0.156875610351563 0.159957885742187
0.068939208984375 0.0714492797851563 0.46197509765625 0.41094970703125
0.0473289489746094 0.0200576782226563 0.535247802734375 0.544281005859375
-0.00838661193847656 0.00999259948730469 0.47119140625 0.72412109375
-0.0502090454101563 0.015289306640625 0.26971435546875 0.80401611328125
-0.0479660034179688 0.0157012939453125 0.16558837890625 0.73773193359375
-0.00745201110839844 0.0292072296142578 0.09588623046875 0.433746337890625
0.00612831115722656 0.00881481170654297 0.0432968139648437 3.43322753906255E-05
-0.00424575805664062 0.0136241912841797 -0.03936767578125 -0.429656982421875
-0.0244426727294922 -0.00123023986816406 -0.21197509765625 -0.69970703125
-0.0147733688354492 -0.00542354583740235 -0.48345947265625 -0.70135498046875
-0.00479507446289063 -0.0263004302978516 -0.67120361328125 -0.5616455078125
0.0330181121826172 -0.0115776062011719 -0.6302490234375 -0.50665283203125
0.049163818359375 0.0132026672363281 -0.475006103515625 -0.28399658203125
0.0549659729003906 0.0179786682128906 -0.135841369628906 -0.0829849243164062
0.0873260498046875 0.10540771484375 0.173355102539063 0.165939331054687
0.09222412109375 0.0805511474609375 0.454437255859375 0.408294677734375
0.0593147277832031 0.0152206420898438 0.527130126953125 0.55938720703125
-0.0114336013793945 0.00879383087158203 0.47589111328125 0.73968505859375
-0.062774658203125 0.0244369506835937 0.2799072265625 0.8006591796875
-0.0592613220214844 0.0319557189941406 0.17041015625 0.72357177734375
-0.0115699768066406 0.0434494018554688 0.097076416015625 0.411712646484375
0.00510215759277344 0.0228710174560547 0.0390434265136719 -0.0208587646484375
-0.00636672973632812 0.0312595367431641 -0.044586181640625 -0.44921875
-0.0328292846679688 0.0164089202880859 -0.21331787109375 -0.71441650390625
-0.0240669250488281 0.00513839721679687 -0.47943115234375 -0.70599365234375
-0.00909233093261719 -0.02899169921875 -0.66473388671875 -0.5570068359375
0.0465126037597656 -0.0149650573730469 -0.6278076171875 -0.497314453125
0.0738601684570313 0.0230789184570313 -0.466217041015625 -0.2833251953125
0.083221435546875 0.043212890625 -0.120719909667969 -0.0662918090820313
0.103111267089844 0.108421325683594 0.192886352539063 0.176513671875
0.100845336914062 0.0795669555664063 0.453125 0.4052734375
0.0592498779296875 0.0150032043457031 0.5291748046875 0.5743408203125
-0.0148410797119141 0.01226806640625 0.4964599609375 0.74774169921875
-0.066741943359375 0.031707763671875 0.30316162109375 0.79217529296875
-0.0639572143554687 0.037109375 0.1807861328125 0.6961669921875
-0.0124359130859375 0.0455818176269531 0.0999755859375 0.382354736328125
0.00575828552246093 0.0244426727294922 0.0368309020996094 -0.049560546875
-0.0102596282958984 0.0350437164306641 -0.047088623046875 -0.474884033203125
-0.0402755737304688 0.023101806640625 -0.207275390625 -0.73504638671875
-0.0327205657958984 0.00799560546875 -0.46722412109375 -0.71868896484375
-0.0113105773925781 -0.0313377380371094 -0.65142822265625 -0.56036376953125
0.0569343566894531 -0.0163841247558594 -0.61859130859375 -0.49151611328125
0.0936660766601563 0.0339889526367188 -0.455108642578125 -0.27813720703125
0.0977630615234375 0.0646209716796875 -0.103126525878906 -0.0467376708984375
0.103492736816406 0.0952529907226563 0.214569091796875 0.1854248046875
0.0941162109375 0.0708236694335938 0.45556640625 0.4033203125
0.0520515441894531 0.0175056457519531 0.54443359375 0.579345703125
-0.0178508758544922 0.0184860229492188 0.5291748046875 0.74310302734375
-0.0633506774902344 0.0342445373535156 0.33660888671875 0.77398681640625
-0.0611228942871094 0.0329437255859375 0.20220947265625 0.66546630859375
-0.0108184814453125 0.0379257202148438 0.100372314453125 0.351776123046875
0.00544357299804688 0.0175991058349609 0.0316390991210938 -0.0778121948242188
-0.0113582611083984 0.0317974090576172 -0.04400634765625 -0.503143310546875
-0.0406837463378906 0.0183601379394531 -0.18798828125 -0.76397705078125
-0.0345840454101563 0.00293731689453126 -0.44195556640625 -0.74066162109375
-0.00855064392089844 -0.0341873168945313 -0.628662109375 -0.5704345703125
0.0626716613769531 -0.0127792358398438 -0.60577392578125 -0.4908447265625
0.0987701416015625 0.043853759765625 -0.446014404296875 -0.27838134765625
0.0967254638671875 0.0765228271484375 -0.0900039672851563 -0.023651123046875
0.0924148559570313 0.0750503540039063 0.233749389648437 0.19097900390625
0.077392578125 0.0618743896484375 0.462860107421875 0.399383544921875
0.0410842895507813 0.0214920043945313 0.56683349609375 0.57635498046875
-0.0149784088134766 0.0242385864257813 0.564697265625 0.7257080078125
-0.0543708801269531 0.0281295776367188 0.37109375 0.744140625
-0.0526885986328125 0.0197105407714844 0.21923828125 0.63641357421875
-0.0105819702148438 0.0199966430664062 0.101348876953125 0.32525634765625
0.00580692291259766 0.000891208648681641 0.0315322875976562 -0.0996170043945313
-0.0113143920898437 0.0151224136352539 -0.034271240234375 -0.525054931640625
-0.03564453125 0.00253295898437501 -0.15936279296875 -0.791015625
-0.0289363861083984 -0.00634384155273438 -0.40435791015625 -0.765625
-0.00311279296875 -0.0350303649902344 -0.5997314453125 -0.58551025390625
0.0590476989746094 -0.0075531005859375 -0.5908203125 -0.49261474609375
0.0897445678710938 0.0466537475585938 -0.436126708984375 -0.280120849609375
0.0820770263671875 0.0766525268554688 -0.0767593383789062 0.000106811523437521
-0.0249347686767578 -0.0224342346191406 0.167449951171875 0.157867431640625
-0.0358123779296875 0.0105514526367187 0.4888916015625 0.38531494140625
-0.0209445953369141 0.0337295532226562 0.57708740234375 0.49517822265625
0.00137710571289063 0.0352630615234375 0.53204345703125 0.66796875
0.00110816955566406 -0.0152206420898438 0.334716796875 0.75225830078125
0.000698089599609379 -0.0568351745605469 0.21954345703125 0.710693359375
0.0116233825683594 -0.0563850402832031 0.116058349609375 0.42535400390625
0.00666427612304687 -0.0625114440917969 0.0431404113769531 0.00601959228515625
0.007232666015625 -0.0626068115234375 -0.032562255859375 -0.425445556640625
0.00788879394531251 -0.0773239135742188 -0.192138671875 -0.70867919921875
0.0243797302246094 -0.0566291809082031 -0.4608154296875 -0.720703125
0.0173587799072266 -0.0283603668212891 -0.6478271484375 -0.59027099609375
-0.00534915924072266 0.00761938095092773 -0.6102294921875 -0.52392578125
-0.0395660400390625 -0.00656509399414063 -0.46795654296875 -0.276580810546875
-0.0563392639160156 -0.05804443359375 -0.148956298828125 -0.0708160400390625
0.00222110748291016 0.0142040252685547 0.156173706054688 0.151535034179688
0.000452041625976563 0.0270519256591797 0.48187255859375 0.39263916015625
7.82012939453151E-05 0.0266647338867188 0.5657958984375 0.5010986328125
-0.00218963623046875 0.0253582000732422 0.509033203125 0.67694091796875
-0.013453483581543 -0.00308322906494141 0.3077392578125 0.7669677734375
-0.0132846832275391 -0.0305461883544922 0.197265625 0.72833251953125
0.00620841979980469 -0.0275840759277344 0.10858154296875 0.44024658203125
0.007476806640625 -0.0381889343261719 0.0462570190429688 0.0163230895996094
0.00333023071289063 -0.0360984802246094 -0.037841796875 -0.413177490234375
-0.00516510009765625 -0.0523338317871094 -0.20611572265625 -0.6932373046875
0.00974273681640625 -0.0417671203613281 -0.4798583984375 -0.70001220703125
0.00834274291992188 -0.0298080444335938 -0.66485595703125 -0.5701904296875
0.0084843635559082 0.00181198120117187 -0.626708984375 -0.51458740234375
-0.0116214752197266 0.000946998596191405 -0.478912353515625 -0.275543212890625
-0.0227851867675781 -0.0339202880859375 -0.154159545898438 -0.079742431640625
0.0328788757324219 0.0551033020019531 0.15167236328125 0.15069580078125
0.0370140075683594 0.0526008605957031 0.473785400390625 0.3983154296875
0.0265426635742188 0.0221500396728516 0.5555419921875 0.511199951171875
-0.00420093536376953 0.0166416168212891 0.4896240234375 0.6885986328125
-0.0330600738525391 0.00528335571289063 0.2877197265625 0.7803955078125
-0.0309638977050781 -0.00580978393554688 0.18145751953125 0.73583984375
-0.00134825706481934 0.00303983688354492 0.106658935546875 0.4395751953125
0.00670433044433594 -0.0125665664672852 0.044586181640625 0.01446533203125
0.000400543212890625 -0.00888633728027344 -0.04180908203125 -0.4134521484375
-0.0147819519042969 -0.0256786346435547 -0.2178955078125 -0.68408203125
-0.00255584716796875 -0.0218963623046875 -0.4891357421875 -0.6868896484375
0.00137901306152344 -0.0280303955078125 -0.67449951171875 -0.5545654296875
0.020751953125 -0.00555610656738281 -0.63470458984375 -0.50030517578125
0.0176429748535156 0.00738716125488281 -0.478302001953125 -0.273590087890625
0.0177650451660156 -0.00967597961425781 -0.148422241210938 -0.08349609375
0.06170654296875 0.0865936279296875 0.158416748046875 0.15386962890625
0.070556640625 0.0707778930664063 0.468719482421875 0.397247314453125
0.046112060546875 0.017303466796875 0.543304443359375 0.526153564453125
-0.00754070281982422 0.00984859466552735 0.4822998046875 0.7088623046875
-0.0478668212890625 0.0163154602050781 0.2840576171875 0.7904052734375
-0.0458755493164063 0.0156707763671875 0.1788330078125 0.7308349609375
-0.00614738464355469 0.0286102294921875 0.10394287109375 0.429107666015625
0.0072021484375 0.00875473022460938 0.0429344177246094 0.000640869140625001
-0.003265380859375 0.0130481719970703 -0.04901123046875 -0.4263916015625
-0.0237102508544922 -0.000741958618164063 -0.2259521484375 -0.69085693359375
-0.0152597427368164 -0.00363063812255859 -0.4937744140625 -0.68408203125
-0.00537681579589844 -0.0271492004394531 -0.6795654296875 -0.541259765625
0.0324611663818359 -0.0111465454101563 -0.63665771484375 -0.4891357421875
0.0472335815429688 0.0139961242675781 -0.47552490234375 -0.2723388671875
0.0545616149902344 0.0177421569824219 -0.137222290039062 -0.0794296264648438
0.0875778198242187 0.103736877441406 0.175384521484375 0.160568237304688
0.09344482421875 0.0783157348632813 0.459197998046875 0.394012451171875
0.0595626831054687 0.0145149230957031 0.536163330078125 0.5426025390625
-0.0106544494628906 0.00936031341552735 0.4886474609375 0.7227783203125
-0.0610885620117188 0.0259284973144531 0.29681396484375 0.7886962890625
-0.0575218200683594 0.032318115234375 0.18402099609375 0.7138671875
-0.0102882385253906 0.0435371398925781 0.106109619140625 0.40472412109375
0.00634956359863281 0.0214996337890625 0.0403327941894531 -0.0227165222167969
-0.00701522827148438 0.0307140350341797 -0.052703857421875 -0.44439697265625
-0.033477783203125 0.0177707672119141 -0.22662353515625 -0.70263671875
-0.0262393951416016 0.00659179687499999 -0.491455078125 -0.68829345703125
-0.0109596252441406 -0.0278987884521484 -0.6719970703125 -0.538818359375
0.0452156066894531 -0.0155296325683594 -0.63177490234375 -0.47979736328125
0.0742950439453125 0.02142333984375 -0.467498779296875 -0.269927978515625
0.0826187133789063 0.04193115234375 -0.121170043945313 -0.0656661987304687
0.102424621582031 0.104301452636719 0.195663452148438 0.17120361328125
0.100326538085938 0.0775909423828125 0.457855224609375 0.39324951171875
0.0584869384765625 0.013275146484375 0.538818359375 0.556915283203125
-0.0166244506835938 0.0118818283081055 0.508056640625 0.73089599609375
-0.0646133422851563 0.0329475402832031 0.31854248046875 0.7799072265625
-0.0605239868164062 0.0391044616699219 0.1953125 0.687255859375
-0.0120429992675781 0.0469093322753906 0.105987548828125 0.375274658203125
0.00566673278808594 0.0244102478027344 0.0358505249023438 -0.0493850708007812
-0.01031494140625 0.03656005859375 -0.05615234375 -0.470123291015625
-0.03851318359375 0.0243110656738281 -0.22320556640625 -0.72552490234375
-0.0307960510253906 0.00862503051757812 -0.4810791015625 -0.70367431640625
-0.0116615295410156 -0.0320034027099609 -0.65740966796875 -0.5401611328125
0.0559883117675781 -0.0166282653808594 -0.62255859375 -0.4727783203125
0.0916671752929688 0.0320892333984375 -0.45819091796875 -0.26885986328125
0.0964202880859375 0.0645599365234375 -0.106033325195313 -0.046417236328125
0.10418701171875 0.0934600830078125 0.217391967773437 0.179595947265625
0.0951461791992188 0.0687179565429688 0.460723876953125 0.390472412109375
0.0513076782226563 0.0161209106445313 0.55413818359375 0.56292724609375
-0.0173587799072266 0.0197525024414062 0.5406494140625 0.72491455078125
-0.0610275268554687 0.0347366333007813 0.3499755859375 0.759033203125
-0.0582962036132813 0.034881591796875 0.2127685546875 0.65679931640625
-0.00917816162109375 0.0383224487304688 0.106048583984375 0.347991943359375
0.00640296936035156 0.0172853469848633 0.0307235717773438 -0.0762100219726563
-0.00982666015625 0.0305290222167969 -0.0543212890625 -0.496612548828125
-0.0386619567871094 0.0196647644042969 -0.2042236328125 -0.7515869140625
-0.0332736968994141 0.00363540649414062 -0.45367431640625 -0.7259521484375
-0.00928878784179688 -0.0362701416015625 -0.63482666015625 -0.55120849609375
0.0621681213378906 -0.0139846801757813 -0.60931396484375 -0.4718017578125
0.0980148315429688 0.0410079956054688 -0.44720458984375 -0.266876220703125
0.0966796875 0.07501220703125 -0.0894317626953125 -0.0228042602539062
0.093719482421875 0.0733642578125 0.238494873046875 0.185653686523438
0.076812744140625 0.0598373413085937 0.468597412109375 0.38671875
0.0413246154785156 0.0202407836914063 0.57598876953125 0.55975341796875
-0.0145282745361328 0.0236968994140625 0.57562255859375 0.70758056640625
-0.0532264709472656 0.0292739868164063 0.381591796875 0.7296142578125
-0.0513839721679688 0.0225067138671875 0.23162841796875 0.626220703125
-0.00908660888671875 0.0181922912597656 0.10736083984375 0.321197509765625
0.00539493560791016 0.000722885131835938 0.0283432006835938 -0.100105285644531
-0.0103368759155273 0.0159492492675781 -0.0469970703125 -0.520111083984375
-0.0365219116210938 0.00606155395507812 -0.175537109375 -0.77984619140625
-0.0279254913330078 -0.00492477416992187 -0.41754150390625 -0.7486572265625
-0.00417709350585937 -0.034912109375 -0.6064453125 -0.56573486328125
0.0592613220214844 -0.00892257690429688 -0.59674072265625 -0.47509765625
0.0884780883789063 0.044586181640625 -0.43994140625 -0.2677001953125
0.081787109375 0.0746307373046875 -0.0776443481445313 0.00099945068359375
-0.025482177734375 -0.0213165283203125 0.168289184570313 0.15155029296875
-0.0351390838623047 0.0087738037109375 0.493255615234375 0.371978759765625
-0.0202713012695313 0.0356979370117188 0.5784912109375 0.47735595703125
0.00274276733398438 0.0360679626464844 0.5399169921875 0.65081787109375
0.00079822540283203 -0.0144929885864258 0.34320068359375 0.73834228515625
-0.000213623046874999 -0.0558090209960938 0.2275390625 0.69964599609375
0.00822830200195313 -0.055938720703125 0.122222900390625 0.419830322265625
0.00609970092773437 -0.0628128051757813 0.0426864624023438 0.00519561767578125
0.00618362426757813 -0.0615692138671875 -0.040863037109375 -0.41802978515625
0.00617218017578125 -0.0768203735351563 -0.20440673828125 -0.69580078125
0.0239067077636719 -0.0550537109375 -0.4697265625 -0.7041015625
0.0168552398681641 -0.0308418273925781 -0.6524658203125 -0.57232666015625
-0.00488471984863281 0.00610494613647461 -0.61444091796875 -0.50653076171875
-0.0400352478027344 -0.00574111938476563 -0.469573974609375 -0.266937255859375
-0.0564727783203125 -0.0549049377441406 -0.150314331054688 -0.0681915283203125
0.00189399719238281 0.0139036178588867 0.156631469726563 0.146881103515625
-0.000661849975585939 0.02679443359375 0.485198974609375 0.378662109375
-0.000303268432617186 0.0272178649902344 0.5697021484375 0.486328125
-0.000541687011718748 0.0272445678710938 0.51751708984375 0.6583251953125
-0.0137233734130859 -0.00325965881347656 0.31756591796875 0.75360107421875
-0.0132675170898438 -0.0304927825927734 0.21002197265625 0.715576171875
0.00446319580078125 -0.0278472900390625 0.115814208984375 0.4310302734375
0.00714111328125 -0.0386466979980469 0.0444297790527344 0.0145797729492188
0.00300216674804688 -0.0356903076171875 -0.044677734375 -0.40899658203125
-0.00572586059570312 -0.0516204833984375 -0.21795654296875 -0.67919921875
0.00919342041015625 -0.0400924682617188 -0.48614501953125 -0.6827392578125
0.00753593444824219 -0.0275726318359375 -0.67041015625 -0.5499267578125
0.00809669494628906 0.000400543212890625 -0.62933349609375 -0.49310302734375
-0.0118646621704102 0.00209712982177735 -0.477020263671875 -0.265655517578125
-0.022857666015625 -0.0326900482177734 -0.154190063476563 -0.0767364501953125
0.0335655212402344 0.0520210266113281 0.155838012695313 0.14569091796875
0.0380134582519531 0.0520210266113281 0.47705078125 0.38397216796875
0.0235881805419922 0.0216426849365234 0.558807373046875 0.495758056640625
-0.00429153442382812 0.0163278579711914 0.4974365234375 0.67071533203125
-0.0319633483886719 0.00626182556152344 0.29840087890625 0.766845703125
-0.0302639007568359 -0.00432014465332031 0.19342041015625 0.72332763671875
0.000240802764892578 0.00211560726165771 0.11395263671875 0.432159423828125
0.00771522521972656 -0.0125932693481445 0.0448646545410156 0.0141334533691406
0.000544548034667968 -0.00892829895019531 -0.048980712890625 -0.409271240234375
-0.0138645172119141 -0.0244426727294922 -0.2296142578125 -0.673095703125
-0.00325775146484375 -0.0207901000976563 -0.4974365234375 -0.66815185546875
0.00165367126464844 -0.0279464721679688 -0.6785888671875 -0.53448486328125
0.0188331604003906 -0.0064849853515625 -0.63873291015625 -0.483154296875
0.0184383392333984 0.00798797607421875 -0.4791259765625 -0.26336669921875
0.0167207717895508 -0.00774002075195313 -0.148422241210938 -0.0798187255859375
0.0633926391601563 0.0848922729492187 0.162445068359375 0.151626586914063
0.0702323913574219 0.0680694580078125 0.468170166015625 0.3841552734375
0.0478363037109375 0.0171127319335938 0.548797607421875 0.512481689453125
-0.00667381286621094 0.0101461410522461 0.49188232421875 0.6905517578125
-0.0480155944824219 0.0168952941894531 0.29791259765625 0.77435302734375
-0.0455131530761719 0.01806640625 0.19036865234375 0.718994140625
-0.00536727905273438 0.0276355743408203 0.11212158203125 0.421630859375
0.00725221633911133 0.00816202163696289 0.0428581237792969 -8.39233398437495E-05
-0.000982284545898438 0.0136032104492188 -0.055816650390625 -0.420257568359375
-0.0248165130615234 6.48498535156229E-05 -0.2349853515625 -0.6767578125
-0.0152244567871094 -0.00462150573730469 -0.5032958984375 -0.66644287109375
-0.00601005554199218 -0.0265846252441406 -0.68243408203125 -0.52301025390625
0.0310745239257812 -0.0117855072021484 -0.63824462890625 -0.47100830078125
0.0467147827148438 0.0129508972167969 -0.477294921875 -0.2613525390625
0.0528488159179688 0.0156211853027344 -0.13787841796875 -0.0762710571289063
0.0878982543945313 0.102699279785156 0.177780151367187 0.157669067382813
0.0944900512695313 0.077056884765625 0.465118408203125 0.383148193359375
0.0580863952636719 0.0135421752929688 0.54266357421875 0.528778076171875
-0.0109214782714844 0.00820732116699219 0.49761962890625 0.7042236328125
-0.0589256286621094 0.0253105163574219 0.30712890625 0.77557373046875
-0.0559463500976562 0.0341835021972656 0.1953125 0.70123291015625
-0.00933456420898437 0.0436210632324219 0.111419677734375 0.398223876953125
0.00698661804199219 0.0214920043945313 0.0400314331054688 -0.0212860107421875
-0.00338554382324219 0.0292758941650391 -0.060791015625 -0.438812255859375
-0.0311336517333984 0.0182704925537109 -0.239013671875 -0.68896484375
-0.0244598388671875 0.00790214538574219 -0.5020751953125 -0.67181396484375
-0.0113010406494141 -0.0274314880371094 -0.67376708984375 -0.5186767578125
0.0438690185546875 -0.0171241760253906 -0.63421630859375 -0.46051025390625
0.0727920532226563 0.0211410522460938 -0.470428466796875 -0.2569580078125
0.0816574096679688 0.0411148071289063 -0.120803833007813 -0.060272216796875
0.101905822753906 0.1031494140625 0.198211669921875 0.165054321289063
0.101066589355469 0.075103759765625 0.46044921875 0.37994384765625
0.0585746765136719 0.0118942260742188 0.54638671875 0.541473388671875
-0.0149812698364258 0.0123863220214844 0.5157470703125 0.71221923828125
-0.0623817443847656 0.0342597961425781 0.3314208984375 0.7646484375
-0.0591278076171875 0.04046630859375 0.20697021484375 0.67919921875
-0.008819580078125 0.0470619201660156 0.112396240234375 0.370147705078125
0.00558280944824219 0.0244979858398438 0.0339088439941406 -0.0493659973144531
-0.00722122192382813 0.0361175537109375 -0.063446044921875 -0.4638671875
-0.0381851196289063 0.0266952514648438 -0.23480224609375 -0.71331787109375
-0.0321636199951172 0.00984954833984375 -0.48895263671875 -0.68548583984375
-0.0104351043701172 -0.030303955078125 -0.66156005859375 -0.52496337890625
0.0549392700195313 -0.017822265625 -0.62615966796875 -0.45416259765625
0.0918807983398438 0.030303955078125 -0.461029052734375 -0.255859375
0.0952377319335938 0.062713623046875 -0.104499816894531 -0.0436553955078125
0.104881286621094 0.0900497436523437 0.218338012695313 0.173614501953125
0.095489501953125 0.0664596557617188 0.46405029296875 0.378173828125
0.052093505859375 0.014892578125 0.55987548828125 0.546173095703125
-0.0175228118896484 0.0195903778076172 0.546875 0.7064208984375
-0.0588874816894531 0.0358619689941406 0.36102294921875 0.74310302734375
-0.0573921203613281 0.0370254516601563 0.2230224609375 0.646240234375
-0.0096282958984375 0.0384521484375 0.113922119140625 0.341705322265625
0.00716114044189453 0.0175609588623047 0.0295181274414062 -0.076690673828125
-0.0092620849609375 0.0296573638916016 -0.063446044921875 -0.4903564453125
-0.0398902893066406 0.0199432373046875 -0.21807861328125 -0.74066162109375
-0.0322818756103516 0.00512313842773437 -0.46380615234375 -0.7098388671875
-0.00989913940429688 -0.0352210998535156 -0.638427734375 -0.532470703125
0.0602951049804688 -0.01507568359375 -0.61395263671875 -0.45452880859375
0.0968475341796875 0.040008544921875 -0.449127197265625 -0.256195068359375
0.0947036743164063 0.073699951171875 -0.0883560180664063 -0.0208740234375
0.0935134887695312 0.0709991455078125 0.238037109375 0.179641723632813
0.0781097412109375 0.0569534301757813 0.4710693359375 0.3751220703125
0.0405349731445312 0.0189476013183594 0.58062744140625 0.54180908203125
-0.0138607025146484 0.0246562957763672 0.58251953125 0.68804931640625
-0.052642822265625 0.0311851501464844 0.392578125 0.7142333984375
-0.0501289367675781 0.0226936340332031 0.23883056640625 0.61566162109375
-0.00884056091308594 0.0190353393554687 0.112823486328125 0.3140869140625
0.00592756271362305 0.000417709350585937 0.0249481201171875 -0.0980987548828125
-0.007415771484375 0.015711784362793 -0.055938720703125 -0.514556884765625
-0.0347423553466797 0.00575447082519532 -0.18768310546875 -0.7669677734375
-0.0275936126708984 -0.00359535217285156 -0.4290771484375 -0.73431396484375
-0.0059661865234375 -0.0366058349609375 -0.61114501953125 -0.54730224609375
0.0578231811523438 -0.00853347778320313 -0.59808349609375 -0.457275390625
0.0871505737304688 0.0428390502929688 -0.44036865234375 -0.25848388671875
0.0804290771484375 0.0740280151367188 -0.0769271850585938 0.00247192382812502
-0.0245800018310547 -0.0210952758789063 0.169326782226563 0.14678955078125
-0.036285400390625 0.0105018615722656 0.491912841796875 0.35931396484375
-0.0198173522949219 0.0348300933837891 0.580322265625 0.462158203125
0.00378799438476562 0.0347900390625 0.5439453125 0.6331787109375
0.000873565673828124 -0.0138607025146484 0.35028076171875 0.72235107421875
-0.00173568725585937 -0.0545005798339844 0.2371826171875 0.68719482421875
0.00735473632812501 -0.0561904907226563 0.126617431640625 0.411651611328125
0.0054168701171875 -0.0621795654296875 0.0427703857421875 0.00586700439453125
0.00797653198242188 -0.0607490539550781 -0.04644775390625 -0.412506103515625
0.0046539306640625 -0.0753707885742188 -0.2142333984375 -0.6834716796875
0.0219039916992188 -0.0557174682617188 -0.4754638671875 -0.68719482421875
0.0163593292236328 -0.0292491912841797 -0.655517578125 -0.5538330078125
-0.00476741790771484 0.00665569305419922 -0.61590576171875 -0.489013671875
-0.0406112670898438 -0.00452804565429688 -0.469573974609375 -0.257476806640625
-0.0576248168945312 -0.051910400390625 -0.149017333984375 -0.0646209716796875
0.00194740295410156 0.0136585235595703 0.159149169921875 0.14080810546875
-0.000152587890625002 0.0286750793457031 0.48553466796875 0.3670654296875
0.0018310546875 0.0259208679199219 0.57244873046875 0.4686279296875
-0.000450134277343747 0.0253925323486328 0.52044677734375 0.640625
-0.0146598815917969 -0.00344085693359375 0.32623291015625 0.737548828125
-0.0139312744140625 -0.0293750762939453 0.21826171875 0.70379638671875
0.00423622131347656 -0.0268020629882813 0.121551513671875 0.423309326171875
0.00620651245117187 -0.03863525390625 0.045379638671875 0.0146865844726562
0.00557708740234375 -0.0353736877441406 -0.050445556640625 -0.40203857421875
-0.0056915283203125 -0.0500564575195313 -0.2279052734375 -0.66741943359375
0.00928878784179687 -0.0396499633789063 -0.4927978515625 -0.665771484375
0.00830268859863281 -0.0301303863525391 -0.66961669921875 -0.53253173828125
0.00568866729736328 -0.000627517700195313 -0.63055419921875 -0.47515869140625
-0.0132017135620117 0.00126457214355469 -0.47637939453125 -0.254180908203125
-0.0243339538574219 -0.0301990509033203 -0.15380859375 -0.07440185546875
0.03375244140625 0.0539169311523438 0.153717041015625 0.142166137695313
0.0370674133300781 0.0492706298828125 0.478057861328125 0.372222900390625
0.0260334014892578 0.0205707550048828 0.5609130859375 0.4798583984375
-0.00280284881591797 0.0166521072387695 0.5029296875 0.654296875
-0.0302162170410156 0.00694084167480468 0.3096923828125 0.75250244140625
-0.0305042266845703 -0.00334739685058594 0.2049560546875 0.711669921875
-0.000259876251220703 0.00352025032043457 0.119720458984375 0.42486572265625
0.00584697723388672 -0.0123615264892578 0.0450668334960938 0.0119552612304688
0.00235939025878906 -0.00924968719482422 -0.055877685546875 -0.40289306640625
-0.0147972106933594 -0.0225620269775391 -0.2391357421875 -0.66107177734375
-0.0030059814453125 -0.0206413269042969 -0.502685546875 -0.6514892578125
0.000518798828124998 -0.0275020599365234 -0.6788330078125 -0.51556396484375
0.0177822113037109 -0.00709342956542969 -0.63848876953125 -0.46417236328125
0.0183219909667969 0.00768852233886719 -0.479827880859375 -0.254241943359375
0.0157661437988281 -0.00798320770263672 -0.148941040039062 -0.07586669921875
0.0622406005859375 0.0842437744140625 0.161911010742188 0.146713256835938
0.0699195861816406 0.0670242309570313 0.47119140625 0.370361328125
0.045806884765625 0.0156364440917969 0.551177978515625 0.495086669921875
-0.00626373291015625 0.00997066497802734 0.49609375 0.6728515625
-0.0464248657226563 0.0178947448730469 0.304443359375 0.76043701171875
-0.0453758239746094 0.0183944702148438 0.20068359375 0.7069091796875
-0.00489044189453125 0.028411865234375 0.118255615234375 0.4141845703125
0.00739765167236328 0.00881671905517578 0.0427436828613281 0.000850677490234376
-0.000146865844726561 0.014002799987793 -0.0611572265625 -0.413055419921875
-0.0222072601318359 0.00212478637695313 -0.2449951171875 -0.66461181640625
-0.0149726867675781 -0.00460529327392578 -0.508544921875 -0.65130615234375
-0.00721359252929687 -0.0269508361816406 -0.68280029296875 -0.504150390625
0.0305690765380859 -0.0131912231445313 -0.6407470703125 -0.45440673828125
0.0468368530273438 0.0119590759277344 -0.47650146484375 -0.251922607421875
0.0526657104492187 0.0176467895507813 -0.138824462890625 -0.073577880859375
0.0882568359375 0.100593566894531 0.178176879882813 0.151321411132813
0.0935897827148438 0.0741653442382812 0.4637451171875 0.37066650390625
0.05682373046875 0.0117950439453125 0.543670654296875 0.512420654296875
-0.0104970932006836 0.00902557373046875 0.50323486328125 0.6875
-0.0582695007324219 0.0271263122558594 0.31640625 0.75946044921875
-0.0556068420410156 0.0352630615234375 0.20318603515625 0.6903076171875
-0.00798034667968751 0.0436553955078125 0.11669921875 0.392669677734375
0.0071563720703125 0.0208644866943359 0.0398368835449219 -0.0210456848144531
-0.00177001953125 0.0296230316162109 -0.068634033203125 -0.43048095703125
-0.0301837921142578 0.0192394256591797 -0.24700927734375 -0.67559814453125
-0.0245113372802734 0.00707626342773438 -0.50518798828125 -0.65545654296875
-0.0114536285400391 -0.0278224945068359 -0.67657470703125 -0.5
0.0429649353027344 -0.0185546875 -0.6351318359375 -0.44403076171875
0.0727081298828125 0.0203170776367188 -0.468109130859375 -0.24676513671875
0.0811386108398437 0.0411605834960937 -0.1221923828125 -0.0611343383789063
0.102653503417969 0.101455688476563 0.196823120117187 0.160720825195312
0.100860595703125 0.0716552734375 0.46087646484375 0.367828369140625
0.0568428039550781 0.0106620788574219 0.548553466796875 0.5260009765625
-0.0146703720092773 0.0114755630493164 0.5218505859375 0.69427490234375
-0.0619392395019531 0.034637451171875 0.33758544921875 0.749755859375
-0.0584793090820312 0.04193115234375 0.21661376953125 0.66497802734375
-0.00908660888671875 0.0463676452636719 0.11669921875 0.36456298828125
0.00764656066894531 0.0235805511474609 0.0345039367675781 -0.0488166809082031
-0.005340576171875 0.03558349609375 -0.0726318359375 -0.456207275390625
-0.0366706848144531 0.0273857116699219 -0.243408203125 -0.69921875
-0.0323772430419922 0.0102863311767578 -0.4942626953125 -0.67010498046875
-0.0126934051513672 -0.0304889678955078 -0.66070556640625 -0.50634765625
0.0532150268554688 -0.0195770263671875 -0.62615966796875 -0.43804931640625
0.0898208618164063 0.0296478271484375 -0.4580078125 -0.24578857421875
0.0940628051757813 0.0612258911132813 -0.103996276855469 -0.0407485961914063
0.103614807128906 0.0908126831054688 0.219314575195312 0.168304443359375
0.0948410034179688 0.0648269653320313 0.46478271484375 0.365264892578125
0.0507659912109375 0.0131683349609375 0.562042236328125 0.52899169921875
-0.0157794952392578 0.0183925628662109 0.55401611328125 0.6890869140625
-0.059783935546875 0.0372200012207031 0.36907958984375 0.7283935546875
-0.0549774169921875 0.036834716796875 0.23236083984375 0.63525390625
-0.00897216796875 0.0371246337890625 0.11663818359375 0.33349609375
0.00683879852294922 0.0164241790771484 0.0294113159179687 -0.0757598876953125
-0.00740814208984375 0.0305404663085937 -0.0692138671875 -0.48223876953125
-0.0380134582519531 0.021575927734375 -0.22607421875 -0.72601318359375
-0.0329799652099609 0.00597000122070312 -0.470458984375 -0.69110107421875
-0.0104827880859375 -0.0335655212402344 -0.640869140625 -0.51458740234375
0.0594444274902344 -0.0166702270507813 -0.61322021484375 -0.4385986328125
0.0956268310546875 0.0381240844726563 -0.4481201171875 -0.245086669921875
0.0952835083007813 0.0732421875 -0.0885467529296875 -0.019775390625
0.0929107666015625 0.0695114135742188 0.23944091796875 0.173492431640625
0.0796051025390625 0.0564422607421875 0.47332763671875 0.361053466796875
0.0399055480957031 0.0183830261230469 0.5838623046875 0.5244140625
-0.0127811431884766 0.0237827301025391 0.58770751953125 0.6689453125
-0.0497550964355469 0.0318679809570313 0.3980712890625 0.6990966796875
-0.0474357604980469 0.0237007141113281 0.24786376953125 0.60382080078125
-0.00694656372070312 0.0188674926757813 0.11553955078125 0.308563232421875
0.0063023567199707 0.000691413879394531 0.0238800048828125 -0.09716796875
-0.00714588165283203 0.0149316787719727 -0.064788818359375 -0.507049560546875
-0.033935546875 0.0075836181640625 -0.19989013671875 -0.75408935546875
-0.0273818969726563 -0.004302978515625 -0.43572998046875 -0.71734619140625
-0.00561141967773438 -0.0351219177246094 -0.61279296875 -0.52801513671875
0.0559806823730469 -0.00970840454101563 -0.60150146484375 -0.44012451171875
0.0871505737304688 0.040740966796875 -0.442779541015625 -0.247283935546875
0.0802536010742188 0.07257080078125 -0.076446533203125 0.00378417968749999
-0.0265083312988281 -0.0199337005615234 0.169921875 0.142623901367188
-0.0333290100097656 0.00817680358886719 0.4898681640625 0.346160888671875
-0.0179023742675781 0.0350933074951172 0.5814208984375 0.44879150390625
0.00329208374023437 0.0344314575195313 0.5452880859375 0.61578369140625
0.0015411376953125 -0.0143470764160156 0.35589599609375 0.7069091796875
-0.000221252441406249 -0.0524063110351563 0.2425537109375 0.67333984375
0.00740814208984374 -0.054901123046875 0.131072998046875 0.40411376953125
0.00536346435546875 -0.0610466003417969 0.0432357788085938 0.0030364990234375
0.00540924072265625 -0.0601081848144531 -0.053466796875 -0.4068603515625
0.0042877197265625 -0.0741119384765625 -0.2197265625 -0.67034912109375
0.0229873657226562 -0.0541610717773438 -0.47711181640625 -0.671875
0.0158519744873047 -0.0285148620605469 -0.6534423828125 -0.5360107421875
-0.00588035583496094 0.00677108764648437 -0.6156005859375 -0.47265625
-0.0398483276367188 -0.00319671630859375 -0.466552734375 -0.246124267578125
-0.0575408935546875 -0.0501251220703125 -0.148818969726562 -0.060882568359375
0.00118160247802734 0.0158119201660156 0.157928466796875 0.13800048828125
-0.001220703125 0.0259590148925781 0.485809326171875 0.3560791015625
0.00104713439941406 0.0257530212402344 0.57232666015625 0.45587158203125
0.000606536865234374 0.0236244201660156 0.5233154296875 0.62457275390625
-0.0140819549560547 -0.00354194641113281 0.33135986328125 0.7220458984375
-0.0149745941162109 -0.0294971466064453 0.22381591796875 0.68902587890625
0.00498199462890625 -0.0275211334228516 0.126068115234375 0.4176025390625
0.00664901733398438 -0.0358428955078125 0.04473876953125 0.0147628784179687
0.00392913818359375 -0.0337238311767578 -0.05841064453125 -0.397857666015625
-0.00565338134765625 -0.0489082336425781 -0.23486328125 -0.65447998046875
0.00802993774414063 -0.03936767578125 -0.49444580078125 -0.65191650390625
0.00789451599121094 -0.0301074981689453 -0.66888427734375 -0.517333984375
0.00622701644897461 -0.000450611114501953 -0.62908935546875 -0.46112060546875
-0.0132312774658203 0.00195217132568359 -0.477081298828125 -0.24456787109375
-0.0266017913818359 -0.0289268493652344 -0.152236938476563 -0.07110595703125
0.0315704345703125 0.0532379150390625 0.155364990234375 0.138107299804688
0.0372238159179688 0.0479164123535156 0.47698974609375 0.36224365234375
0.024261474609375 0.0192699432373047 0.561798095703125 0.46636962890625
-0.00324916839599609 0.0154514312744141 0.50518798828125 0.6392822265625
-0.0301513671875 0.00769996643066407 0.31304931640625 0.73553466796875
-0.0288410186767578 -0.00510787963867187 0.21136474609375 0.697509765625
0.000753402709960938 0.00336289405822754 0.124664306640625 0.417388916015625
0.0077667236328125 -0.0125532150268555 0.0455856323242188 0.0118865966796875
0.00134181976318359 -0.00926303863525391 -0.059967041015625 -0.395355224609375
-0.0154438018798828 -0.0215721130371094 -0.24383544921875 -0.64715576171875
-0.00156021118164062 -0.0216045379638672 -0.505859375 -0.63641357421875
-0.000967025756835937 -0.0280780792236328 -0.67620849609375 -0.49859619140625
0.0188007354736328 -0.00780677795410156 -0.63739013671875 -0.4476318359375
0.0171823501586914 0.00610065460205078 -0.47705078125 -0.243560791015625
0.0135278701782227 -0.00634956359863281 -0.1485595703125 -0.073883056640625
0.0625228881835938 0.0826568603515625 0.162826538085937 0.140228271484375
0.069580078125 0.0654067993164062 0.4696044921875 0.36181640625
0.0440025329589844 0.0139999389648438 0.55084228515625 0.4808349609375
-0.00545883178710938 0.00903987884521484 0.497314453125 0.654052734375
-0.0450210571289063 0.0185356140136719 0.31024169921875 0.7467041015625
-0.0439414978027344 0.0183525085449219 0.20672607421875 0.69439697265625
-0.00446319580078125 0.0282649993896484 0.12152099609375 0.407440185546875
0.00825834274291992 0.0073695182800293 0.0444107055664063 0.00130081176757813
0.00114154815673828 0.0141706466674805 -0.066864013671875 -0.40582275390625
-0.0219001770019531 0.00441741943359376 -0.251708984375 -0.65020751953125
-0.0147008895874023 -0.00384044647216797 -0.51043701171875 -0.63409423828125
-0.00592994689941406 -0.0256557464599609 -0.67974853515625 -0.49029541015625
0.0302772521972656 -0.0129489898681641 -0.63812255859375 -0.4378662109375
0.0467147827148438 0.0122222900390625 -0.47589111328125 -0.23980712890625
0.0511016845703125 0.0168952941894531 -0.136268615722656 -0.0699920654296875
0.0873489379882813 0.09912109375 0.1759033203125 0.148544311523438
0.0929794311523438 0.0724105834960938 0.46197509765625 0.357757568359375
0.055389404296875 0.0114517211914063 0.54443359375 0.4979248046875
-0.0115900039672852 0.00848865509033203 0.50543212890625 0.6715087890625
-0.0568809509277344 0.0274734497070312 0.32208251953125 0.74517822265625
-0.0534133911132812 0.0359306335449219 0.2105712890625 0.67864990234375
-0.00745010375976562 0.0434226989746094 0.1209716796875 0.384765625
0.00915718078613281 0.0207405090332031 0.0389022827148437 -0.021392822265625
-0.00084495544433594 0.0301265716552734 -0.07293701171875 -0.424346923828125
-0.0300788879394531 0.0189285278320312 -0.25506591796875 -0.663330078125
-0.0250263214111328 0.00810050964355468 -0.50732421875 -0.6380615234375
-0.0107364654541016 -0.0251598358154297 -0.67181396484375 -0.4847412109375
0.0423851013183594 -0.0181198120117188 -0.6337890625 -0.42962646484375
0.0713119506835938 0.0184860229492188 -0.46771240234375 -0.238922119140625
0.0806961059570313 0.0411605834960938 -0.122756958007812 -0.0582962036132812
0.101936340332031 0.0998306274414063 0.198379516601562 0.155242919921875
0.0995864868164062 0.0723495483398438 0.461029052734375 0.357025146484375
0.0571212768554688 0.0101966857910156 0.547943115234375 0.509307861328125
-0.0134916305541992 0.0115776062011719 0.5262451171875 0.6785888671875
-0.0608024597167969 0.0333023071289063 0.3455810546875 0.734375
-0.0570182800292969 0.0416030883789063 0.22357177734375 0.6533203125
-0.00891494750976563 0.0458412170410156 0.120391845703125 0.3558349609375
0.00839042663574219 0.0244350433349609 0.0336837768554688 -0.0488166809082031
-0.00462913513183594 0.0350093841552734 -0.07708740234375 -0.4459228515625
-0.0337009429931641 0.0277023315429688 -0.25067138671875 -0.6859130859375
-0.0302467346191406 0.00978660583496093 -0.49713134765625 -0.65289306640625
-0.0127124786376953 -0.0313911437988281 -0.6605224609375 -0.48919677734375
0.0532722473144531 -0.019989013671875 -0.62408447265625 -0.42327880859375
0.0891265869140625 0.0276260375976562 -0.456939697265625 -0.235076904296875
0.0929183959960938 0.0612106323242188 -0.103622436523438 -0.0400619506835937
0.102790832519531 0.0875244140625 0.218978881835938 0.16357421875
0.0937423706054688 0.06207275390625 0.4630126953125 0.354736328125
0.0498619079589844 0.0128669738769531 0.560546875 0.514862060546875
-0.0155372619628906 0.0187835693359375 0.55450439453125 0.671142578125
-0.0573959350585938 0.0367240905761719 0.3731689453125 0.7127685546875
-0.0539779663085937 0.0361824035644531 0.2386474609375 0.62353515625
-0.00618362426757813 0.0367393493652344 0.1199951171875 0.3289794921875
0.00779247283935547 0.0151195526123047 0.0282058715820312 -0.0728530883789063
-0.00601005554199219 0.0306224822998047 -0.078460693359375 -0.474395751953125
-0.0370597839355469 0.0233993530273437 -0.23516845703125 -0.71221923828125
-0.0312843322753906 0.00619125366210938 -0.47247314453125 -0.67742919921875
-0.0116558074951172 -0.0336246490478516 -0.638671875 -0.498046875
0.0593185424804688 -0.0163726806640625 -0.6107177734375 -0.423828125
0.0948486328125 0.035491943359375 -0.446685791015625 -0.23736572265625
0.093841552734375 0.0725173950195313 -0.08917236328125 -0.017852783203125
0.0902252197265625 0.0689010620117188 0.237945556640625 0.16705322265625
0.0783462524414063 0.05511474609375 0.472747802734375 0.350067138671875
0.0396995544433594 0.0183868408203125 0.5831298828125 0.51007080078125
-0.0118484497070313 0.0240230560302734 0.58929443359375 0.65130615234375
-0.0492324829101563 0.0323867797851563 0.4027099609375 0.68572998046875
-0.0468902587890625 0.02447509765625 0.25341796875 0.59136962890625
-0.00740814208984375 0.019378662109375 0.12005615234375 0.3033447265625
0.00707006454467773 -0.000581264495849609 0.02178955078125 -0.0958099365234375
-0.00663089752197266 0.0147867202758789 -0.0710144042968751 -0.49835205078125
-0.0331897735595703 0.00887298583984374 -0.20745849609375 -0.74212646484375
-0.0281791687011719 -0.00250244140625 -0.4390869140625 -0.7022705078125
-0.00697517395019531 -0.0335330963134766 -0.61199951171875 -0.51385498046875
0.0558891296386719 -0.0102806091308594 -0.59857177734375 -0.4267578125
0.085235595703125 0.038848876953125 -0.439605712890625 -0.237548828125
0.0789413452148438 0.0705184936523438 -0.0761795043945312 0.00349426269531251
-0.02606201171875 -0.0187492370605469 0.168655395507813 0.138458251953125
-0.0341033935546875 0.011138916015625 0.48797607421875 0.33599853515625
-0.0187301635742188 0.0346717834472656 0.57763671875 0.4364013671875
0.00354576110839844 0.0341091156005859 0.54351806640625 0.60162353515625
0.000612258911132812 -0.0134649276733398 0.35894775390625 0.69207763671875
-0.00187683105468749 -0.0521812438964844 0.2470703125 0.66082763671875
0.00732040405273438 -0.0549812316894531 0.1341552734375 0.398223876953125
0.006317138671875 -0.0602798461914063 0.0413475036621094 0.00618743896484375
0.00572586059570313 -0.0591316223144531 -0.05615234375 -0.40057373046875
0.00358581542968749 -0.071563720703125 -0.22381591796875 -0.6580810546875
0.020843505859375 -0.0547561645507813 -0.4798583984375 -0.6563720703125
0.0144138336181641 -0.0295429229736328 -0.649658203125 -0.52191162109375
-0.00685787200927734 0.00709915161132813 -0.61285400390625 -0.456787109375
-0.040283203125 -0.0032806396484375 -0.463592529296875 -0.239837646484375
-0.057861328125 -0.0472526550292969 -0.147720336914063 -0.0612945556640625
0.00162220001220703 0.0145788192749023 0.159500122070313 0.133163452148437
-0.000894546508789061 0.0268287658691406 0.483612060546875 0.34661865234375
0.000982284545898436 0.0258007049560547 0.5684814453125 0.4422607421875
-0.000394821166992188 0.0256404876708984 0.52313232421875 0.6112060546875
-0.0131444931030273 -0.00284862518310547 0.33349609375 0.71075439453125
-0.0131626129150391 -0.0269794464111328 0.22784423828125 0.680419921875
0.00224685668945312 -0.0270576477050781 0.12884521484375 0.4080810546875
0.00586700439453125 -0.0356712341308594 0.0448226928710938 0.0124855041503906
0.00413894653320313 -0.0341262817382812 -0.060882568359375 -0.390045166015625
-0.00648880004882813 -0.0472068786621094 -0.23681640625 -0.64239501953125
0.00880813598632813 -0.0379753112792969 -0.49566650390625 -0.63458251953125
0.00714492797851562 -0.0290737152099609 -0.66595458984375 -0.50018310546875
0.00689125061035156 0.000506401062011719 -0.62420654296875 -0.44683837890625
-0.0129623413085938 0.00288009643554687 -0.470977783203125 -0.237518310546875
-0.0257129669189453 -0.0262031555175781 -0.152374267578125 -0.0682525634765625
0.0328254699707031 0.0528755187988281 0.155303955078125 0.13446044921875
0.0368423461914063 0.0480995178222656 0.473419189453125 0.35137939453125
0.0248374938964844 0.0181369781494141 0.55950927734375 0.453399658203125
-0.00258350372314453 0.0160913467407227 0.5059814453125 0.62335205078125
-0.0295448303222656 0.0062408447265625 0.31732177734375 0.7220458984375
-0.0285549163818359 -0.00230789184570313 0.21270751953125 0.6864013671875
-0.000619411468505859 0.00243163108825684 0.127685546875 0.4110107421875
0.00805187225341797 -0.0117998123168945 0.0453147888183594 0.0114021301269531
0.00409698486328125 -0.0100002288818359 -0.0631103515625 -0.39019775390625
-0.0144004821777344 -0.019989013671875 -0.246826171875 -0.6356201171875
-0.00274085998535156 -0.0204601287841797 -0.5052490234375 -0.62152099609375
-0.000392913818359377 -0.0265178680419922 -0.67266845703125 -0.48406982421875
0.0169486999511719 -0.00751495361328125 -0.6326904296875 -0.435791015625
0.0169820785522461 0.00699329376220703 -0.472808837890625 -0.2352294921875
0.0128116607666016 -0.00556659698486328 -0.147689819335938 -0.0717620849609375
0.0630416870117188 0.0812759399414063 0.162506103515625 0.137969970703125
0.0691032409667969 0.0632362365722656 0.469390869140625 0.350555419921875
0.0444564819335938 0.0140457153320313 0.54925537109375 0.4697265625
-0.0040278434753418 0.00798654556274414 0.4971923828125 0.63922119140625
-0.0442962646484375 0.0182151794433594 0.3148193359375 0.73297119140625
-0.0430030822753906 0.0201301574707031 0.21112060546875 0.6824951171875
-0.00294113159179687 0.0276336669921875 0.125457763671875 0.400054931640625
0.00795888900756836 0.0079646110534668 0.0423049926757812 0.00091552734375
0.00158786773681641 0.0140600204467773 -0.069793701171875 -0.40093994140625
-0.0223350524902344 0.00501823425292969 -0.2562255859375 -0.63873291015625
-0.013667106628418 -0.00331687927246094 -0.50958251953125 -0.62139892578125
-0.00729751586914062 -0.0260982513427734 -0.6759033203125 -0.472412109375
0.0288734436035156 -0.0143184661865234 -0.632080078125 -0.42388916015625
0.0439643859863281 0.0102958679199219 -0.470947265625 -0.2320556640625
0.0495262145996094 0.0171279907226563 -0.136268615722656 -0.0681838989257813
0.0877151489257813 0.09661865234375 0.177413940429688 0.145065307617188
0.092254638671875 0.0714797973632813 0.461669921875 0.348602294921875
0.0546379089355469 0.00968170166015625 0.543060302734375 0.48468017578125
-0.0106601715087891 0.00973892211914063 0.5035400390625 0.65478515625
-0.054656982421875 0.0285453796386719 0.32537841796875 0.7314453125
-0.0511589050292969 0.03643798828125 0.215087890625 0.6668701171875
-0.00719451904296875 0.0427665710449219 0.12469482421875 0.378021240234375
0.00947189331054688 0.0205459594726563 0.0372543334960938 -0.0207481384277344
-0.000530242919921876 0.0287685394287109 -0.076202392578125 -0.41925048828125
-0.0277900695800781 0.0202960968017578 -0.25848388671875 -0.651123046875
-0.0231666564941406 0.00853729248046875 -0.5062255859375 -0.62469482421875
-0.0128250122070313 -0.0277004241943359 -0.66851806640625 -0.4691162109375
0.0396842956542969 -0.0192527770996094 -0.62908935546875 -0.41485595703125
0.0710678100585938 0.017181396484375 -0.462738037109375 -0.23114013671875
0.0779495239257813 0.0406112670898438 -0.120803833007812 -0.0561065673828125
0.100013732910156 0.0986709594726563 0.196807861328125 0.151443481445313
0.100013732910156 0.0692977905273438 0.459014892578125 0.3470458984375
0.054656982421875 0.00917816162109375 0.54779052734375 0.496368408203125
-0.0133590698242188 0.0113763809204102 0.52410888671875 0.66131591796875
-0.0581855773925781 0.0349464416503906 0.34661865234375 0.7213134765625
-0.0546340942382813 0.0430526733398437 0.22515869140625 0.64117431640625
-0.0060577392578125 0.044830322265625 0.1240234375 0.349884033203125
0.00782012939453125 0.023193359375 0.032745361328125 -0.0473251342773438
-0.00457763671875 0.0358848571777344 -0.081024169921875 -0.441925048828125
-0.0336894989013672 0.0276374816894531 -0.25390625 -0.67291259765625
-0.0288352966308594 0.0115547180175781 -0.497314453125 -0.63787841796875
-0.0125961303710938 -0.0300235748291016 -0.656005859375 -0.4727783203125
0.0496368408203125 -0.0184593200683594 -0.61962890625 -0.40948486328125
0.0883331298828125 0.0258255004882813 -0.453887939453125 -0.22894287109375
0.0914688110351562 0.0599136352539062 -0.104621887207031 -0.0385360717773438
0.101959228515625 0.0867767333984375 0.21826171875 0.158004760742187
0.094329833984375 0.0618972778320313 0.4632568359375 0.345916748046875
0.0483322143554688 0.010223388671875 0.56097412109375 0.501190185546875
-0.0146541595458984 0.0177764892578125 0.55322265625 0.65606689453125
-0.054534912109375 0.0374794006347656 0.37493896484375 0.70037841796875
-0.0505828857421875 0.0390968322753906 0.24237060546875 0.61187744140625
-0.0066680908203125 0.0369987487792969 0.12451171875 0.321136474609375
0.00748729705810547 0.0155563354492188 0.026123046875 -0.07421875
-0.00541114807128906 0.0307846069335937 -0.080718994140625 -0.46728515625
-0.0351390838623047 0.0225124359130859 -0.2412109375 -0.70050048828125
-0.0313148498535156 0.00741004943847656 -0.47454833984375 -0.66259765625
-0.0115909576416016 -0.0344696044921875 -0.63653564453125 -0.4853515625
0.0570335388183594 -0.0168724060058594 -0.6058349609375 -0.40966796875
0.0931243896484375 0.0365142822265625 -0.44329833984375 -0.228729248046875
0.0908432006835938 0.0713272094726562 -0.0879364013671875 -0.0174713134765625
0.09149169921875 0.0685577392578125 0.237960815429688 0.164566040039063
0.078155517578125 0.052947998046875 0.47076416015625 0.341156005859375
0.0399856567382813 0.0150260925292969 0.5819091796875 0.496337890625
-0.0132827758789063 0.0245170593261719 0.5865478515625 0.63739013671875
-0.0461349487304688 0.0307426452636719 0.40509033203125 0.66864013671875
-0.04534912109375 0.0245475769042969 0.25665283203125 0.58099365234375
-0.00805473327636719 0.0183029174804687 0.121307373046875 0.2962646484375
0.00708913803100586 0.0010371208190918 0.0214996337890625 -0.0955963134765625
-0.00338554382324219 0.0149021148681641 -0.073699951171875 -0.490814208984375
-0.0324630737304688 0.00974082946777343 -0.21533203125 -0.7291259765625
-0.0266380310058594 -0.00232887268066406 -0.44171142578125 -0.68731689453125
-0.00672149658203125 -0.0353546142578125 -0.60986328125 -0.5008544921875
0.0538253784179688 -0.0113372802734375 -0.59375 -0.414794921875
0.0840530395507813 0.0373611450195312 -0.435089111328125 -0.230865478515625
0.0775909423828125 0.0708389282226563 -0.0752410888671875 0.00414276123046877
-0.0258007049560547 -0.0176658630371094 0.167861938476563 0.135467529296875
-0.0342044830322266 0.0113697052001953 0.48406982421875 0.32977294921875
-0.0199413299560547 0.0336170196533203 0.57257080078125 0.42498779296875
0.00465583801269531 0.0325775146484375 0.5413818359375 0.5869140625
0.00138568878173828 -0.0143814086914062 0.36016845703125 0.67779541015625
-0.00167465209960938 -0.050628662109375 0.247314453125 0.650634765625
0.00574874877929687 -0.0542259216308594 0.13336181640625 0.3909912109375
0.0057220458984375 -0.0597724914550781 0.0423088073730469 0.00446701049804687
0.00683975219726563 -0.0589408874511719 -0.059600830078125 -0.39410400390625
0.003631591796875 -0.0713272094726563 -0.2271728515625 -0.64520263671875
0.0195388793945313 -0.0549163818359375 -0.4779052734375 -0.64495849609375
0.0134563446044922 -0.0289745330810547 -0.6436767578125 -0.50909423828125
-0.00581455230712891 0.00503921508789062 -0.6064453125 -0.44720458984375
-0.0406608581542969 -0.00389480590820312 -0.459869384765625 -0.2342529296875
-0.0577812194824219 -0.0463371276855469 -0.1470947265625 -0.056976318359375
0.000241279602050783 0.0157413482666016 0.156814575195313 0.13055419921875
-0.00100326538085937 0.0262069702148438 0.480194091796875 0.338348388671875
0.0012664794921875 0.0241260528564453 0.564453125 0.4312744140625
0.00035285949707031 0.0237712860107422 0.5185546875 0.59674072265625
-0.0120363235473633 -0.00358390808105469 0.3341064453125 0.6968994140625
-0.0138702392578125 -0.0279788970947266 0.2303466796875 0.6685791015625
0.00395393371582031 -0.0261192321777344 0.1314697265625 0.400970458984375
0.00800323486328125 -0.0371131896972656 0.0455970764160156 0.0128936767578125
0.0045318603515625 -0.0332317352294922 -0.063507080078125 -0.38330078125
-0.00715255737304687 -0.0456504821777344 -0.23956298828125 -0.62933349609375
0.00775527954101562 -0.0367317199707031 -0.4930419921875 -0.62408447265625
0.00565910339355468 -0.0294017791748047 -0.6588134765625 -0.488525390625
0.00608015060424805 -0.000698089599609375 -0.620361328125 -0.43597412109375
-0.0129680633544922 0.00210666656494141 -0.4676513671875 -0.230133056640625
-0.0246772766113281 -0.0253753662109375 -0.151260375976563 -0.0669097900390625
0.0311393737792969 0.0530471801757813 0.152252197265625 0.131591796875
0.0353164672851562 0.0478477478027344 0.471405029296875 0.341766357421875
0.0242328643798828 0.0182971954345703 0.554656982421875 0.444732666015625
-0.00241947174072266 0.0155858993530273 0.50177001953125 0.61126708984375
-0.0284442901611328 0.00760459899902343 0.3175048828125 0.7091064453125
-0.0274448394775391 -0.00237083435058594 0.21746826171875 0.67523193359375
0.000319957733154297 0.00293707847595215 0.128662109375 0.404754638671875
0.00790882110595703 -0.0125522613525391 0.0447616577148438 0.0120925903320313
0.00302028656005859 -0.0092010498046875 -0.066070556640625 -0.38232421875
-0.0141944885253906 -0.0200328826904297 -0.24853515625 -0.62445068359375
-0.0027008056640625 -0.0193309783935547 -0.5010986328125 -0.60882568359375
-0.000726699829101565 -0.0272960662841797 -0.6676025390625 -0.470458984375
0.0166311264038086 -0.00568962097167969 -0.6275634765625 -0.42535400390625
0.0160236358642578 0.0065765380859375 -0.469970703125 -0.22918701171875
0.0131053924560547 -0.00413894653320313 -0.14666748046875 -0.0689697265625
0.0624237060546875 0.0810470581054688 0.162155151367188 0.134841918945313
0.0699996948242188 0.0627593994140625 0.464630126953125 0.3436279296875
0.0444259643554688 0.0138282775878906 0.545074462890625 0.4581298828125
-0.005828857421875 0.00927925109863281 0.49676513671875 0.6292724609375
-0.0435295104980469 0.0189895629882812 0.31585693359375 0.7183837890625
-0.0411834716796875 0.019256591796875 0.21319580078125 0.67156982421875
-0.00351524353027343 0.0274848937988281 0.12847900390625 0.39263916015625
0.0086512565612793 0.00786972045898438 0.0427093505859375 -0.000286102294921874
0.00300884246826172 0.0138540267944336 -0.071319580078125 -0.39288330078125
-0.0211086273193359 0.00376701354980469 -0.25653076171875 -0.62628173828125
-0.0134410858154297 -0.00265693664550781 -0.5087890625 -0.60687255859375
-0.00756645202636719 -0.0252761840820313 -0.6693115234375 -0.46038818359375
0.0274639129638672 -0.0138034820556641 -0.62957763671875 -0.4132080078125
0.0459175109863281 0.0110931396484375 -0.467926025390625 -0.22509765625
0.0495223999023438 0.0193138122558594 -0.136260986328125 -0.0656356811523438
0.0868911743164063 0.0959701538085938 0.177032470703125 0.139694213867188
0.092193603515625 0.0691909790039063 0.457611083984375 0.34014892578125
0.054718017578125 0.00907516479492188 0.53912353515625 0.472320556640625
-0.0104103088378906 0.00727462768554687 0.5009765625 0.641845703125
-0.0535163879394531 0.0282173156738281 0.3248291015625 0.716552734375
-0.0511550903320313 0.0362701416015625 0.218017578125 0.65521240234375
-0.00469589233398438 0.0433158874511719 0.126953125 0.373046875
0.00835800170898438 0.0210628509521484 0.038055419921875 -0.0205192565917969
0.000522613525390625 0.0283241271972656 -0.079681396484375 -0.41021728515625
-0.0283794403076172 0.0209236145019531 -0.25982666015625 -0.64019775390625
-0.0229721069335938 0.00742340087890624 -0.505126953125 -0.6112060546875
-0.0125675201416016 -0.0264854431152344 -0.66400146484375 -0.45684814453125
0.0394401550292969 -0.0181236267089844 -0.6234130859375 -0.40460205078125
0.0696067810058594 0.018341064453125 -0.4619140625 -0.22540283203125
0.0763320922851563 0.0417327880859375 -0.119232177734375 -0.0534439086914062
0.10052490234375 0.0970535278320312 0.195114135742188 0.148300170898438
0.0981597900390625 0.0675048828125 0.4554443359375 0.339599609375
0.0556640625 0.0085296630859375 0.545806884765625 0.487213134765625
-0.013458251953125 0.0111455917358398 0.5208740234375 0.64801025390625
-0.057403564453125 0.0356483459472656 0.34759521484375 0.70782470703125
-0.0539169311523437 0.0429191589355469 0.228515625 0.63043212890625
-0.00644302368164062 0.045013427734375 0.124176025390625 0.3443603515625
0.00924491882324219 0.0218772888183594 0.0319595336914063 -0.0474357604980469
-0.00115013122558594 0.0344352722167969 -0.085235595703125 -0.43536376953125
-0.0319175720214844 0.0285491943359375 -0.25732421875 -0.66070556640625
-0.0283203125 0.01226806640625 -0.4947509765625 -0.6260986328125
-0.0137653350830078 -0.0291919708251953 -0.65185546875 -0.46221923828125
0.0503883361816406 -0.0203132629394531 -0.614013671875 -0.399169921875
0.0868148803710938 0.0261154174804688 -0.44940185546875 -0.221893310546875
0.0914306640625 0.05877685546875 -0.103157043457031 -0.03717041015625
0.100959777832031 0.0848541259765625 0.215927124023438 0.155426025390625
0.09222412109375 0.0601425170898438 0.45831298828125 0.336090087890625
0.0494194030761719 0.010528564453125 0.557220458984375 0.490447998046875
-0.0151863098144531 0.0173892974853516 0.55047607421875 0.6417236328125
-0.0540428161621094 0.0366935729980469 0.3759765625 0.6871337890625
-0.0503501892089844 0.0384597778320313 0.2421875 0.6004638671875
-0.00551605224609375 0.0378684997558594 0.122833251953125 0.315887451171875
0.00899791717529297 0.0156030654907227 0.027130126953125 -0.0732192993164062
-0.0037994384765625 0.0279598236083984 -0.0825805664062499 -0.45941162109375
-0.036407470703125 0.0252151489257812 -0.2421875 -0.68878173828125
-0.0310096740722656 0.00566291809082031 -0.47406005859375 -0.64990234375
-0.0113582611083984 -0.0323562622070313 -0.63104248046875 -0.4710693359375
0.05523681640625 -0.0169677734375 -0.6019287109375 -0.39959716796875
0.09234619140625 0.0360488891601563 -0.4388427734375 -0.223541259765625
0.0909881591796875 0.0706405639648438 -0.0880813598632813 -0.017333984375
0.0891876220703125 0.06793212890625 0.236373901367187 0.159652709960937
0.0757369995117188 0.0525436401367188 0.466552734375 0.33245849609375
0.0386962890625 0.0157966613769531 0.5782470703125 0.48504638671875
-0.0114078521728516 0.0232048034667969 0.58575439453125 0.62225341796875
-0.0472297668457031 0.0318832397460938 0.40411376953125 0.6571044921875
-0.04547119140625 0.0265769958496094 0.258056640625 0.57244873046875
-0.00496292114257812 0.0189018249511719 0.12152099609375 0.2919921875
0.00684213638305664 0.00106477737426758 0.0210723876953125 -0.0950241088867188
-0.00339794158935547 0.0153541564941406 -0.0779724121093751 -0.483367919921875
-0.0313091278076172 0.00997161865234375 -0.21630859375 -0.71502685546875
-0.0271053314208984 -0.00256538391113281 -0.44122314453125 -0.6748046875
-0.00765228271484375 -0.0340194702148437 -0.6038818359375 -0.48797607421875
0.0532379150390625 -0.0107154846191406 -0.59112548828125 -0.404052734375
0.0836715698242188 0.0379791259765625 -0.4324951171875 -0.2249755859375
0.0764389038085938 0.070037841796875 -0.0749740600585938 0.00485229492187499
-0.0263652801513672 -0.0168418884277344 0.16619873046875 0.132675170898437
-0.0341854095458984 0.0103321075439453 0.47918701171875 0.322662353515625
-0.0192832946777344 0.0332870483398438 0.5694580078125 0.4176025390625
0.00469589233398438 0.0325660705566406 0.5367431640625 0.575439453125
0.00156021118164063 -0.0133724212646484 0.35723876953125 0.66839599609375
-0.000221252441406253 -0.0495147705078125 0.24822998046875 0.6416015625
0.00544357299804688 -0.0526199340820312 0.134490966796875 0.384063720703125
0.0054931640625 -0.0593757629394531 0.0421066284179688 0.00335311889648437
0.00635528564453125 -0.0576820373535156 -0.06060791015625 -0.388824462890625
0.00365066528320312 -0.0677146911621094 -0.2271728515625 -0.63592529296875
0.0204963684082031 -0.05194091796875 -0.475830078125 -0.63433837890625
0.0142822265625 -0.0288486480712891 -0.638427734375 -0.4964599609375
-0.00670099258422851 0.00653934478759766 -0.60064697265625 -0.43743896484375
-0.03887939453125 -0.00298690795898437 -0.456146240234375 -0.229156494140625
-0.0594520568847656 -0.043426513671875 -0.144973754882813 -0.0579986572265625
0.000257492065429688 0.0150489807128906 0.157699584960938 0.127639770507813
-0.00194168090820312 0.0261478424072266 0.4742431640625 0.330413818359375
-0.000104904174804689 0.0242595672607422 0.56036376953125 0.422760009765625
-0.000352859497070311 0.0234966278076172 0.51708984375 0.5867919921875
-0.0125913619995117 -0.00194358825683594 0.33245849609375 0.6829833984375
-0.0132236480712891 -0.0261955261230469 0.22943115234375 0.6571044921875
0.0035400390625 -0.024871826171875 0.132415771484375 0.397705078125
0.00705718994140625 -0.035247802734375 0.04486083984375 0.0126800537109375
0.00498390197753906 -0.0335292816162109 -0.06378173828125 -0.3770751953125
-0.00572967529296875 -0.0447196960449219 -0.2421875 -0.6190185546875
0.00788497924804688 -0.0369796752929688 -0.49072265625 -0.61212158203125
0.00653266906738281 -0.0284996032714844 -0.6534423828125 -0.4774169921875
0.00433039665222168 0.000110149383544922 -0.6129150390625 -0.4256591796875
-0.0138607025146484 0.0026235580444336 -0.463897705078125 -0.224212646484375
-0.0261135101318359 -0.0237045288085938 -0.1502685546875 -0.0649261474609375
0.0323982238769531 0.0518913269042969 0.153076171875 0.127960205078125
0.0355606079101563 0.0461578369140625 0.467132568359375 0.336395263671875
0.0230827331542969 0.0172176361083984 0.5516357421875 0.43450927734375
-0.00106906890869141 0.0143537521362305 0.49896240234375 0.598876953125
-0.0285587310791016 0.00845718383789062 0.3179931640625 0.697021484375
-0.0266971588134766 -0.00136184692382812 0.2176513671875 0.66485595703125
0.00103068351745605 0.00305342674255371 0.130584716796875 0.398284912109375
0.00721454620361328 -0.0132236480712891 0.0444908142089844 0.0108795166015625
0.00482368469238281 -0.00847196578979492 -0.0662841796875 -0.377777099609375
-0.0147666931152344 -0.0186862945556641 -0.2510986328125 -0.6119384765625
-0.00339889526367187 -0.0203037261962891 -0.4991455078125 -0.59930419921875
-0.000299453735351564 -0.0274925231933594 -0.6614990234375 -0.46044921875
0.0156822204589844 -0.0076751708984375 -0.62158203125 -0.41534423828125
0.0157070159912109 0.00775623321533203 -0.46502685546875 -0.224090576171875
0.0115900039672852 -0.00298213958740234 -0.145431518554688 -0.0697174072265625
0.0601654052734375 0.0795059204101563 0.160995483398438 0.13250732421875
0.0686798095703125 0.0618209838867187 0.461517333984375 0.335418701171875
0.0431938171386719 0.01324462890625 0.54193115234375 0.448486328125
-0.00491046905517578 0.0085458755493164 0.493408203125 0.61492919921875
-0.041656494140625 0.0181808471679687 0.31549072265625 0.70709228515625
-0.0402145385742188 0.0197525024414063 0.21343994140625 0.66192626953125
-0.00294303894042969 0.0259475708007813 0.12841796875 0.38726806640625
0.00980663299560547 0.00694656372070312 0.0432968139648438 0.00043487548828125
0.00356578826904297 0.0124797821044922 -0.072967529296875 -0.38690185546875
-0.0198974609375 0.00447273254394531 -0.25787353515625 -0.6180419921875
-0.012965202331543 -0.00248241424560547 -0.5052490234375 -0.5963134765625
-0.00838279724121094 -0.0254116058349609 -0.66412353515625 -0.4501953125
0.0269775390625 -0.0138740539550781 -0.62127685546875 -0.405517578125
0.0434951782226562 0.0108451843261719 -0.463623046875 -0.221160888671875
0.04791259765625 0.0179786682128906 -0.13385009765625 -0.0635986328125
0.0854263305664063 0.095458984375 0.175704956054688 0.138290405273438
0.0897750854492188 0.0697555541992188 0.454925537109375 0.335693359375
0.0538902282714844 0.00897979736328125 0.535858154296875 0.464080810546875
-0.00875282287597656 0.00780296325683594 0.49945068359375 0.6304931640625
-0.0522308349609375 0.0285224914550781 0.32415771484375 0.70703125
-0.0489349365234375 0.0365142822265625 0.21771240234375 0.6453857421875
-0.0055084228515625 0.0422592163085938 0.126312255859375 0.367523193359375
0.0100650787353516 0.0198974609375 0.037445068359375 -0.0202293395996094
0.00130844116210937 0.027679443359375 -0.080352783203125 -0.405120849609375
-0.0269336700439453 0.0222644805908203 -0.25982666015625 -0.6298828125
-0.0236530303955078 0.00748062133789063 -0.5030517578125 -0.602783203125
-0.0118370056152344 -0.0277080535888672 -0.65679931640625 -0.44793701171875
0.0382499694824219 -0.0177497863769531 -0.61785888671875 -0.39306640625
0.0687103271484375 0.0175399780273438 -0.455322265625 -0.220001220703125
0.0754776000976563 0.040496826171875 -0.119125366210938 -0.0534820556640625
0.0990753173828125 0.0981674194335938 0.193710327148438 0.145736694335938
0.0969772338867188 0.067230224609375 0.4534912109375 0.332183837890625
0.0534477233886719 0.00812530517578125 0.53839111328125 0.475860595703125
-0.0124731063842773 0.0113401412963867 0.517578125 0.63726806640625
-0.0568504333496094 0.0353546142578125 0.34619140625 0.69757080078125
-0.0526542663574219 0.0428733825683594 0.22796630859375 0.62103271484375
-0.00669479370117188 0.0449295043945312 0.124908447265625 0.33966064453125
0.00934028625488281 0.0213356018066406 0.033050537109375 -0.0464439392089844
-0.00120353698730469 0.0331230163574219 -0.0836181640625 -0.4285888671875
-0.0314006805419922 0.0288486480712891 -0.25811767578125 -0.65057373046875
-0.0275001525878906 0.0116729736328125 -0.4920654296875 -0.61602783203125
-0.0132522583007813 -0.0293941497802734 -0.6448974609375 -0.4527587890625
0.0498199462890625 -0.020050048828125 -0.60791015625 -0.39068603515625
0.08551025390625 0.0267181396484375 -0.447662353515625 -0.21710205078125
0.0891647338867188 0.06097412109375 -0.103507995605469 -0.0356903076171875
0.101203918457031 0.0848312377929688 0.214752197265625 0.151840209960938
0.0931167602539063 0.0594558715820313 0.455535888671875 0.33013916015625
0.0479545593261719 0.00971221923828125 0.5540771484375 0.48095703125
-0.0144767761230469 0.0181179046630859 0.54718017578125 0.62957763671875
-0.0527687072753906 0.0363922119140625 0.37646484375 0.67559814453125
-0.0486106872558594 0.0385627746582031 0.24224853515625 0.5926513671875
-0.005828857421875 0.0363731384277344 0.123443603515625 0.31195068359375
0.00939273834228516 0.0147304534912109 0.0261764526367187 -0.07232666015625
-0.00366401672363281 0.0289840698242188 -0.085205078125 -0.454193115234375
-0.0334320068359375 0.0244197845458984 -0.2425537109375 -0.67620849609375
-0.0300979614257812 0.00719261169433594 -0.47216796875 -0.6361083984375
-0.0116157531738281 -0.0329151153564453 -0.62396240234375 -0.4605712890625
0.0545845031738281 -0.0179786682128906 -0.59722900390625 -0.39044189453125
0.0915374755859375 0.0340194702148438 -0.437225341796875 -0.2188720703125
0.0893783569335938 0.0704116821289062 -0.0857086181640625 -0.0161209106445313
0.0885772705078125 0.0680160522460938 0.233978271484375 0.1549072265625
0.076141357421875 0.0517959594726562 0.462310791015625 0.3248291015625
0.0380783081054688 0.0150642395019531 0.573486328125 0.47412109375
-0.0102157592773437 0.0234718322753906 0.58099365234375 0.61077880859375
-0.0452423095703125 0.0319633483886719 0.40240478515625 0.64495849609375
-0.0429840087890625 0.0249099731445313 0.25640869140625 0.56280517578125
-0.00678062438964844 0.0190448760986328 0.12225341796875 0.287841796875
0.00757312774658203 0.000383853912353516 0.020538330078125 -0.0921554565429688
-0.002777099609375 0.0145502090454102 -0.08013916015625 -0.476165771484375
-0.0304336547851563 0.0108394622802734 -0.2191162109375 -0.703857421875
-0.0260639190673828 -0.00228309631347656 -0.43994140625 -0.6632080078125
-0.00793266296386719 -0.03265380859375 -0.59967041015625 -0.47637939453125
0.0528907775878906 -0.0114402770996094 -0.58282470703125 -0.39556884765625
0.0826492309570313 0.037811279296875 -0.4288330078125 -0.21942138671875
0.0751953125 0.0696563720703125 -0.0742111206054688 0.0057373046875
-0.0238780975341797 -0.0170040130615234 0.165283203125 0.130355834960938
-0.0354881286621094 0.011474609375 0.47442626953125 0.3173828125
-0.0185356140136719 0.0321388244628906 0.56427001953125 0.40899658203125
0.00584793090820312 0.0320816040039063 0.5322265625 0.5645751953125
0.00259304046630859 -0.0145416259765625 0.354248046875 0.658203125
-0.00097274780273438 -0.0501785278320313 0.24688720703125 0.63177490234375
0.00638961791992187 -0.0518836975097656 0.133697509765625 0.379180908203125
0.0063629150390625 -0.0574913024902344 0.0420684814453125 0.003875732421875
0.00667190551757813 -0.0575408935546875 -0.061279296875 -0.382568359375
0.00374221801757812 -0.0677223205566406 -0.22686767578125 -0.6256103515625
0.0208206176757813 -0.0511322021484375 -0.4698486328125 -0.6241455078125
0.0137958526611328 -0.0300636291503906 -0.632080078125 -0.4898681640625
-0.00601863861083984 0.00610637664794922 -0.595947265625 -0.4307861328125
-0.0389137268066406 -0.00481796264648437 -0.451385498046875 -0.225799560546875
-0.0573692321777344 -0.04193115234375 -0.143997192382813 -0.0564117431640625
-0.000623703002929689 0.015355110168457 0.153518676757813 0.126449584960938
0.000101089477539061 0.0262928009033203 0.470245361328125 0.324188232421875
0.00155067443847656 0.0244541168212891 0.555511474609375 0.4163818359375
0.000957489013671875 0.0232353210449219 0.51019287109375 0.575927734375
-0.0118436813354492 -0.00133800506591797 0.33050537109375 0.67669677734375
-0.0118980407714844 -0.0258121490478516 0.2286376953125 0.64971923828125
0.00479507446289062 -0.0251064300537109 0.130462646484375 0.391815185546875
0.00658035278320312 -0.0352249145507813 0.0432395935058594 0.0127105712890625
0.00518417358398437 -0.0333633422851563 -0.06512451171875 -0.373077392578125
-0.00556182861328124 -0.0442466735839844 -0.23931884765625 -0.61181640625
0.00815963745117188 -0.0354881286621094 -0.4847412109375 -0.6038818359375
0.00619888305664062 -0.0283908843994141 -0.64678955078125 -0.46893310546875
0.00453758239746094 0.000534534454345703 -0.60626220703125 -0.41802978515625
-0.01409912109375 0.00140953063964844 -0.45916748046875 -0.221405029296875
-0.0258350372314453 -0.0211811065673828 -0.149490356445313 -0.06500244140625
0.0302505493164063 0.0529556274414063 0.152450561523438 0.1258544921875
0.0350341796875 0.0458717346191406 0.463775634765625 0.331329345703125
0.0237884521484375 0.0172309875488281 0.54583740234375 0.4271240234375
-0.00235080718994141 0.0142831802368164 0.49267578125 0.5914306640625
-0.0264225006103516 0.00723648071289062 0.31671142578125 0.689208984375
-0.0264530181884766 -0.00118064880371094 0.21673583984375 0.656494140625
5.10215759277343E-05 0.00241541862487793 0.127532958984375 0.39227294921875
0.0105123519897461 -0.013249397277832 0.0449905395507813 0.0107307434082031
0.00422859191894531 -0.0100984573364258 -0.06744384765625 -0.37200927734375
-0.0132818222045898 -0.0172510147094727 -0.2493896484375 -0.6048583984375
-0.00265312194824219 -0.0188751220703125 -0.49493408203125 -0.5897216796875
-0.000747680664062501 -0.0277137756347656 -0.65423583984375 -0.4534912109375
0.0149288177490234 -0.00881385803222656 -0.6146240234375 -0.4073486328125
0.0148944854736328 0.00640201568603516 -0.461151123046875 -0.220672607421875
0.0121011734008789 -0.00187969207763672 -0.14373779296875 -0.0672760009765625
0.0600814819335937 0.0798110961914063 0.158126831054688 0.129547119140625
0.0675735473632813 0.0622520446777344 0.45709228515625 0.329803466796875
0.0429496765136719 0.0133781433105469 0.53717041015625 0.442138671875
-0.00429916381835938 0.00865936279296875 0.48858642578125 0.60760498046875
-0.0404853820800781 0.0196113586425781 0.31396484375 0.6968994140625
-0.0389213562011719 0.0217323303222656 0.21221923828125 0.65240478515625
-0.00273513793945313 0.0251312255859375 0.126556396484375 0.382781982421875
0.00855731964111328 0.00688934326171875 0.0423088073730469 0.000202178955078125
0.00329780578613281 0.0128746032714844 -0.07354736328125 -0.381256103515625
-0.0201587677001953 0.00634193420410156 -0.2564697265625 -0.61029052734375
-0.0136775970458984 -0.00287342071533203 -0.50006103515625 -0.58612060546875
-0.00811195373535156 -0.0253543853759766 -0.6575927734375 -0.4439697265625
0.0266609191894531 -0.0134468078613281 -0.61614990234375 -0.39874267578125
0.0434646606445313 0.0109939575195313 -0.4588623046875 -0.21844482421875
0.0482444763183594 0.0201148986816406 -0.133468627929688 -0.062835693359375
0.0851287841796875 0.09515380859375 0.173309326171875 0.13604736328125
0.0890274047851563 0.0682144165039063 0.450164794921875 0.32965087890625
0.0531196594238281 0.00893783569335938 0.530364990234375 0.456207275390625
-0.00886154174804688 0.00772571563720703 0.4932861328125 0.6226806640625
-0.0513687133789062 0.0282173156738281 0.323486328125 0.69732666015625
-0.0488090515136719 0.0359954833984375 0.2158203125 0.6375732421875
-0.004486083984375 0.0411911010742188 0.126983642578125 0.360198974609375
0.0108451843261719 0.0186882019042969 0.0388984680175781 -0.0192909240722656
0.000837326049804686 0.0268001556396484 -0.07928466796875 -0.399627685546875
-0.0264091491699219 0.0229835510253906 -0.25830078125 -0.6199951171875
-0.0215091705322266 0.00885963439941407 -0.49786376953125 -0.59295654296875
-0.0123195648193359 -0.0277729034423828 -0.65069580078125 -0.440673828125
0.0374870300292969 -0.0181884765625 -0.61016845703125 -0.38800048828125
0.0683021545410156 0.0180625915527344 -0.451019287109375 -0.2166748046875
0.07318115234375 0.04022216796875 -0.116775512695313 -0.0524063110351563
0.0972518920898438 0.0957717895507813 0.192733764648438 0.143280029296875
0.0965805053710938 0.0670623779296875 0.448455810546875 0.326629638671875
0.0539398193359375 0.00806808471679688 0.533966064453125 0.469207763671875
-0.0132732391357422 0.0111246109008789 0.51409912109375 0.6279296875
-0.0562248229980469 0.034515380859375 0.34405517578125 0.68719482421875
-0.0498733520507813 0.0432472229003906 0.2259521484375 0.61444091796875
-0.00618362426757812 0.0438728332519531 0.12457275390625 0.334228515625
0.00967597961425781 0.0222129821777344 0.0326271057128906 -0.0448493957519531
-0.00113487243652344 0.0336189270019531 -0.0855712890625 -0.421966552734375
-0.0299072265625 0.0295372009277344 -0.25604248046875 -0.64190673828125
-0.0287857055664063 0.0120124816894531 -0.48828125 -0.606201171875
-0.013397216796875 -0.0299854278564453 -0.63958740234375 -0.44610595703125
0.0483055114746094 -0.0195426940917969 -0.6021728515625 -0.3846435546875
0.0844802856445312 0.0263748168945312 -0.44146728515625 -0.214385986328125
0.0882110595703125 0.0601425170898438 -0.100601196289062 -0.0349349975585938
0.099365234375 0.0850372314453125 0.212936401367188 0.149658203125
0.0899658203125 0.0593185424804688 0.449554443359375 0.324676513671875
0.0462455749511719 0.00942230224609375 0.546875 0.474212646484375
-0.0128021240234375 0.0171165466308594 0.5430908203125 0.6217041015625
-0.052032470703125 0.0365638732910156 0.3701171875 0.6656494140625
-0.0476722717285156 0.0386276245117187 0.2421875 0.58465576171875
-0.00593948364257813 0.0366554260253906 0.123565673828125 0.3055419921875
0.00875473022460938 0.0137443542480469 0.026336669921875 -0.0717849731445312
-0.00217628479003906 0.0275917053222656 -0.0848388671875 -0.44842529296875
-0.0322437286376953 0.023681640625 -0.24029541015625 -0.66766357421875
-0.0295791625976563 0.00721740722656249 -0.46710205078125 -0.62939453125
-0.0118350982666016 -0.0334091186523438 -0.617919921875 -0.45361328125
0.0542182922363281 -0.0167694091796875 -0.5897216796875 -0.384521484375
0.0879058837890625 0.03436279296875 -0.432403564453125 -0.214111328125
0.0860137939453125 0.0685348510742188 -0.085845947265625 -0.0157623291015625
0.0879898071289063 0.0680999755859375 0.232009887695313 0.1539306640625
0.07513427734375 0.0511322021484375 0.4580078125 0.32208251953125
0.0376472473144531 0.0147857666015625 0.5670166015625 0.4666748046875
-0.0101852416992188 0.0215339660644531 0.57476806640625 0.6011962890625
-0.0446701049804687 0.0320320129394531 0.4000244140625 0.63525390625
-0.0423774719238281 0.0256996154785156 0.256683349609375 0.55523681640625
-0.004669189453125 0.018798828125 0.120941162109375 0.283203125
0.00696039199829102 -5.81741333007813E-05 0.0205535888671875 -0.0928192138671875
-0.00302505493164063 0.0143756866455078 -0.079681396484375 -0.468841552734375
-0.0296573638916016 0.0104045867919922 -0.21734619140625 -0.693603515625
-0.02716064453125 -0.00266456604003906 -0.436767578125 -0.654541015625
-0.00829887390136719 -0.0337390899658203 -0.59259033203125 -0.46929931640625
0.05133056640625 -0.0104789733886719 -0.577392578125 -0.3878173828125
0.0810623168945313 0.0370101928710938 -0.42431640625 -0.216552734375
0.0732650756835938 0.0694732666015625 -0.0728912353515625 0.00465393066406251
-0.0259647369384766 -0.0173282623291016 0.16400146484375 0.128829956054688
-0.0335865020751953 0.0101757049560547 0.468597412109375 0.313995361328125
-0.018310546875 0.0322227478027344 0.558258056640625 0.404571533203125
0.00597572326660156 0.0316829681396484 0.52667236328125 0.560760498046875
0.00273513793945313 -0.0124387741088867 0.349853515625 0.6512451171875
2.28881835937491E-05 -0.0486793518066406 0.24468994140625 0.62603759765625
0.00597000122070312 -0.0506591796875 0.13262939453125 0.376617431640625
0.00602340698242188 -0.05841064453125 0.0398902893066406 0.00310516357421875
0.00781631469726563 -0.0572319030761719 -0.06103515625 -0.378814697265625
0.00205612182617187 -0.0666999816894531 -0.22650146484375 -0.61981201171875
0.0199661254882813 -0.0514717102050781 -0.4671630859375 -0.61810302734375
0.0126895904541016 -0.0282669067382813 -0.625244140625 -0.4844970703125
-0.00742149353027344 0.00538539886474609 -0.58929443359375 -0.4251708984375
-0.0391769409179688 -0.00433349609375 -0.44830322265625 -0.223175048828125
-0.0569801330566406 -0.041778564453125 -0.142196655273438 -0.0562286376953125
4.95910644531256E-05 0.0164289474487305 0.153915405273438 0.1241455078125
-0.00236320495605468 0.0264110565185547 0.466888427734375 0.322296142578125
-0.00140380859375 0.0243587493896484 0.5489501953125 0.40875244140625
0.000991821289062499 0.0239009857177734 0.5062255859375 0.57025146484375
-0.0112686157226562 -0.0023040771484375 0.32843017578125 0.66644287109375
-0.0132064819335937 -0.0247230529785156 0.22760009765625 0.64190673828125
0.00284385681152344 -0.0252037048339844 0.129608154296875 0.386749267578125
0.00701141357421875 -0.0352439880371094 0.0433197021484375 0.0119895935058594
0.00557899475097656 -0.0334339141845703 -0.063720703125 -0.367950439453125
-0.0059967041015625 -0.0433311462402344 -0.23785400390625 -0.60479736328125
0.00761032104492187 -0.0376510620117188 -0.480712890625 -0.5965576171875
0.00640487670898438 -0.0306167602539063 -0.64117431640625 -0.465087890625
0.00457763671875 0.000277042388916016 -0.600830078125 -0.4132080078125
-0.0148191452026367 0.00141143798828125 -0.455108642578125 -0.220672607421875
-0.0252475738525391 -0.0215988159179688 -0.1458740234375 -0.0649261474609375
0.0303268432617187 0.0513496398925781 0.152847290039063 0.124038696289063
0.0338401794433594 0.0449676513671875 0.456451416015625 0.32769775390625
0.0230083465576172 0.0164127349853516 0.54071044921875 0.42266845703125
-0.000474929809570314 0.015294075012207 0.48931884765625 0.58441162109375
-0.02642822265625 0.00839424133300781 0.31103515625 0.6788330078125
-0.0261459350585938 -0.00113105773925781 0.2135009765625 0.65167236328125
0.00210332870483398 0.00303888320922852 0.127166748046875 0.388519287109375
0.00854873657226563 -0.0131092071533203 0.0440826416015625 0.0109024047851562
0.00511741638183594 -0.00880241394042969 -0.067047119140625 -0.368682861328125
-0.0120077133178711 -0.01739501953125 -0.24725341796875 -0.59722900390625
-0.0035247802734375 -0.0183677673339844 -0.49041748046875 -0.58306884765625
0.000415802001953124 -0.0284881591796875 -0.64569091796875 -0.4478759765625
0.0149316787719727 -0.0091695785522461 -0.606689453125 -0.4033203125
0.01373291015625 0.00664234161376953 -0.457183837890625 -0.21795654296875
0.0117197036743164 0.000219345092773438 -0.141616821289063 -0.0662078857421875
0.0598068237304688 0.081512451171875 0.159133911132813 0.127410888671875
0.0669364929199219 0.0605392456054687 0.451263427734375 0.326904296875
0.0418968200683594 0.0126724243164063 0.53314208984375 0.436798095703125
-0.0063934326171875 0.00937175750732422 0.48309326171875 0.599365234375
-0.0416374206542969 0.016937255859375 0.31036376953125 0.68829345703125
-0.0380020141601563 0.0212326049804688 0.21160888671875 0.64495849609375
-0.0015106201171875 0.0263042449951172 0.125030517578125 0.37713623046875
0.0100307464599609 0.00650119781494141 0.04449462890625 0.0003204345703125
0.00404739379882813 0.00986003875732422 -0.072967529296875 -0.3770751953125
-0.0183372497558594 0.00677490234375 -0.2562255859375 -0.60211181640625
-0.0121259689331055 -0.00166511535644531 -0.4954833984375 -0.58135986328125
-0.00910186767578125 -0.0254020690917969 -0.6500244140625 -0.43707275390625
0.02618408203125 -0.0134944915771484 -0.60882568359375 -0.391845703125
0.0415725708007813 0.0113449096679688 -0.45513916015625 -0.215576171875
0.0470008850097656 0.0199546813964844 -0.132774353027344 -0.0628280639648437
0.0821456909179687 0.0951309204101563 0.171783447265625 0.1353759765625
0.08819580078125 0.0685195922851563 0.44708251953125 0.32501220703125
0.0536613464355469 0.00823974609375 0.525604248046875 0.450836181640625
-0.00726890563964844 0.00653839111328125 0.4893798828125 0.61285400390625
-0.0516548156738281 0.0286788940429688 0.3187255859375 0.68853759765625
-0.0460433959960938 0.0358085632324219 0.215087890625 0.6297607421875
-0.00448226928710937 0.04083251953125 0.1246337890625 0.355987548828125
0.0108528137207031 0.0194301605224609 0.0386924743652344 -0.0209770202636719
0.0019073486328125 0.0271224975585938 -0.080047607421875 -0.393951416015625
-0.0256690979003906 0.0224933624267578 -0.25775146484375 -0.61376953125
-0.0212287902832031 0.00904083251953125 -0.49359130859375 -0.58636474609375
-0.0142745971679688 -0.0261249542236328 -0.64361572265625 -0.4354248046875
0.0376167297363281 -0.018218994140625 -0.6044921875 -0.38397216796875
0.0656547546386719 0.0187873840332031 -0.448211669921875 -0.213287353515625
0.0737762451171875 0.0419845581054688 -0.115737915039062 -0.0520172119140625
0.096099853515625 0.0961837768554688 0.19140625 0.141708374023438
0.0955657958984375 0.0659866333007813 0.443817138671875 0.323974609375
0.0519599914550781 0.00622940063476563 0.530792236328125 0.463531494140625
-0.0123443603515625 0.0101089477539063 0.5078125 0.61981201171875
-0.0538330078125 0.0348091125488281 0.339111328125 0.6795654296875
-0.0486640930175781 0.0421676635742187 0.2247314453125 0.60687255859375
-0.0065765380859375 0.0438461303710938 0.1243896484375 0.33050537109375
0.0105400085449219 0.0210781097412109 0.0312385559082031 -0.0451889038085938
0.0002593994140625 0.0322303771972656 -0.085113525390625 -0.4171142578125
-0.0299854278564453 0.0298442840576172 -0.25396728515625 -0.6348876953125
-0.0274105072021484 0.0106315612792969 -0.4842529296875 -0.5987548828125
-0.0149765014648437 -0.0300540924072266 -0.63116455078125 -0.43902587890625
0.0481643676757813 -0.0187225341796875 -0.59478759765625 -0.38006591796875
0.0830612182617188 0.0255508422851563 -0.437774658203125 -0.211273193359375
0.0866928100585938 0.0606613159179688 -0.100173950195313 -0.0340652465820312
0.0976715087890625 0.0852432250976563 0.2113037109375 0.146530151367188
0.0898208618164063 0.058563232421875 0.446258544921875 0.3199462890625
0.0466842651367188 0.0100517272949219 0.54339599609375 0.468017578125
-0.0130596160888672 0.0166721343994141 0.537353515625 0.613037109375
-0.0512847900390625 0.0368232727050781 0.3690185546875 0.65887451171875
-0.0470199584960938 0.0396461486816406 0.239013671875 0.57708740234375
-0.00534820556640625 0.0352249145507813 0.12359619140625 0.30291748046875
0.00825786590576172 0.0140275955200195 0.0259780883789063 -0.0694770812988281
-0.00246429443359375 0.02716064453125 -0.08489990234375 -0.44244384765625
-0.0323944091796875 0.0245246887207031 -0.2412109375 -0.66082763671875
-0.0283069610595703 0.00600814819335938 -0.46221923828125 -0.6229248046875
-0.0132217407226562 -0.0328941345214844 -0.611572265625 -0.4483642578125
0.0524864196777344 -0.017120361328125 -0.58489990234375 -0.37872314453125
0.089813232421875 0.0325775146484375 -0.427337646484375 -0.213287353515625
0.0855331420898438 0.0717620849609375 -0.0849990844726563 -0.01544189453125
0.0865402221679688 0.0676803588867188 0.230697631835937 0.151565551757812
0.074066162109375 0.0499114990234375 0.453826904296875 0.3172607421875
0.038116455078125 0.0151100158691406 0.56378173828125 0.46343994140625
-0.0102176666259766 0.0229644775390625 0.56982421875 0.5946044921875
-0.0440864562988281 0.0316886901855469 0.394775390625 0.62799072265625
-0.0422554016113281 0.0250663757324219 0.25396728515625 0.54925537109375
-0.00437545776367187 0.018096923828125 0.120254516601562 0.279083251953125
0.00865650177001953 -0.000844001770019531 0.0206680297851563 -0.0922698974609375
-0.00338840484619141 0.0129737854003906 -0.079376220703125 -0.465606689453125
-0.0285434722900391 0.0105686187744141 -0.2169189453125 -0.68560791015625
-0.0255470275878906 -0.00255966186523437 -0.431396484375 -0.646240234375
-0.00848960876464844 -0.03326416015625 -0.58758544921875 -0.46246337890625
0.0507125854492188 -0.0104789733886719 -0.57135009765625 -0.38507080078125
0.0798568725585938 0.0378570556640625 -0.4212646484375 -0.214569091796875
0.0711441040039063 0.0706100463867188 -0.0734634399414063 0.0038604736328125
-0.0245990753173828 -0.0163917541503906 0.161605834960938 0.126998901367188
-0.0348587036132812 0.00992012023925782 0.464935302734375 0.313201904296875
-0.0191574096679687 0.0308170318603516 0.553070068359375 0.403472900390625
0.0056304931640625 0.0303249359130859 0.522247314453125 0.55670166015625
0.00226116180419922 -0.0131139755249023 0.34588623046875 0.6468505859375
0.000297546386718755 -0.0480232238769531 0.2420654296875 0.61883544921875
0.00521087646484375 -0.0512847900390625 0.130859375 0.37322998046875
0.00659942626953125 -0.0571517944335938 0.0412826538085938 0.00324249267578125
0.00722885131835938 -0.056640625 -0.060150146484375 -0.37567138671875
0.00339508056640624 -0.0657272338867187 -0.22357177734375 -0.61444091796875
0.0195808410644531 -0.0512313842773438 -0.46148681640625 -0.6136474609375
0.012664794921875 -0.0299491882324219 -0.61859130859375 -0.4786376953125
-0.0079030990600586 0.00661659240722656 -0.5836181640625 -0.4248046875
-0.040771484375 -0.00273132324218749 -0.444091796875 -0.2236328125
-0.0568923950195312 -0.0397224426269531 -0.141845703125 -0.054107666015625
-0.000257492065429686 0.0174074172973633 0.15350341796875 0.123260498046875
-0.0013580322265625 0.0262660980224609 0.461181640625 0.321258544921875
-0.000450134277343751 0.0223674774169922 0.54522705078125 0.409759521484375
0.00151824951171875 0.02264404296875 0.4989013671875 0.56549072265625
-0.0106182098388672 -0.00309085845947266 0.32354736328125 0.66156005859375
-0.011260986328125 -0.0254840850830078 0.2235107421875 0.63702392578125
0.00430107116699219 -0.0248394012451172 0.127777099609375 0.383758544921875
0.00835418701171875 -0.036529541015625 0.044189453125 0.0128974914550781
0.00606346130371094 -0.0345172882080078 -0.06304931640625 -0.365478515625
-0.00441360473632813 -0.0406036376953125 -0.2347412109375 -0.5997314453125
0.00873184204101563 -0.035919189453125 -0.47564697265625 -0.59283447265625
0.00665664672851563 -0.0308551788330078 -0.63372802734375 -0.461669921875
0.00368738174438477 -0.000568628311157227 -0.5938720703125 -0.41064453125
-0.0134782791137695 0.00275230407714844 -0.452301025390625 -0.2177734375
-0.0265445709228516 -0.0207328796386719 -0.145523071289063 -0.0641326904296875
0.0290603637695312 0.0535049438476563 0.150146484375 0.12286376953125
0.0347785949707031 0.0450630187988281 0.4547119140625 0.3245849609375
0.0236415863037109 0.0166988372802734 0.5362548828125 0.418365478515625
-0.00187778472900391 0.015568733215332 0.48382568359375 0.58050537109375
-0.0263881683349609 0.00693130493164062 0.308349609375 0.67413330078125
-0.0257320404052734 -0.00166702270507813 0.211181640625 0.6436767578125
0.00111150741577148 0.00326728820800781 0.12738037109375 0.3856201171875
0.00869178771972656 -0.0128393173217773 0.0446281433105469 0.0129890441894531
0.00513362884521484 -0.0101346969604492 -0.06591796875 -0.36572265625
-0.0122232437133789 -0.0168857574462891 -0.2452392578125 -0.5921630859375
-0.00317764282226563 -0.0192642211914062 -0.485107421875 -0.57904052734375
-0.00100326538085937 -0.0281887054443359 -0.6409912109375 -0.44586181640625
0.0161275863647461 -0.0070037841796875 -0.60272216796875 -0.39874267578125
0.0141010284423828 0.00738430023193359 -0.453857421875 -0.21710205078125
0.010920524597168 0.00223350524902344 -0.140251159667969 -0.0670547485351562
0.0598678588867187 0.0812454223632813 0.157257080078125 0.126785278320313
0.0653762817382813 0.0602989196777344 0.446990966796875 0.32623291015625
0.0404205322265625 0.0122756958007813 0.52728271484375 0.432861328125
-0.00332164764404297 0.00685977935791016 0.4776611328125 0.5960693359375
-0.0406074523925781 0.0168342590332031 0.3056640625 0.6844482421875
-0.0374183654785156 0.0208320617675781 0.20831298828125 0.6400146484375
-0.00118827819824219 0.0255451202392578 0.123992919921875 0.37261962890625
0.0102729797363281 0.00573539733886719 0.0430412292480469 -0.00104904174804687
0.00577068328857422 0.0121145248413086 -0.07244873046875 -0.374969482421875
-0.0196399688720703 0.00771522521972657 -0.25054931640625 -0.5965576171875
-0.0123004913330078 -0.00339031219482422 -0.4906005859375 -0.575927734375
-0.00813674926757813 -0.0251922607421875 -0.6434326171875 -0.43505859375
0.0258083343505859 -0.0144176483154297 -0.60406494140625 -0.3900146484375
0.0417327880859375 0.0131187438964844 -0.451141357421875 -0.214691162109375
0.0459403991699219 0.0221786499023437 -0.131591796875 -0.0627822875976562
0.08245849609375 0.0955047607421875 0.1722412109375 0.133163452148438
0.087432861328125 0.0684738159179688 0.44244384765625 0.324066162109375
0.0517807006835938 0.00842666625976563 0.52044677734375 0.44683837890625
-0.00842380523681641 0.00639915466308594 0.48272705078125 0.6092529296875
-0.0506515502929688 0.0262527465820312 0.31597900390625 0.68408203125
-0.0460090637207031 0.036163330078125 0.2115478515625 0.6243896484375
-0.00418853759765625 0.0411529541015625 0.124237060546875 0.3543701171875
0.00976371765136719 0.0190372467041016 0.0378379821777344 -0.0207443237304687
0.00244522094726562 0.0274028778076172 -0.0780029296875 -0.391754150390625
-0.0262660980224609 0.0230140686035156 -0.25482177734375 -0.6070556640625
-0.0199947357177734 0.00891494750976562 -0.48675537109375 -0.582275390625
-0.0135421752929688 -0.0260276794433594 -0.63787841796875 -0.43096923828125
0.0380859375 -0.0181121826171875 -0.59869384765625 -0.38201904296875
0.0656967163085938 0.0174713134765625 -0.4444580078125 -0.213043212890625
0.0722579956054687 0.042877197265625 -0.115921020507812 -0.050201416015625
0.0963363647460937 0.0952911376953125 0.189926147460938 0.141021728515625
0.0950164794921875 0.065826416015625 0.438690185546875 0.322479248046875
0.0524330139160156 0.00824737548828125 0.52386474609375 0.46026611328125
-0.0119562149047852 0.0110006332397461 0.50225830078125 0.615234375
-0.054046630859375 0.0330009460449219 0.336181640625 0.67333984375
-0.0489959716796875 0.0422096252441406 0.22088623046875 0.600341796875
-0.00541687011718749 0.04315185546875 0.122467041015625 0.325836181640625
0.010894775390625 0.0214653015136719 0.0323410034179687 -0.0456352233886719
-0.000299453735351564 0.0316905975341797 -0.083160400390625 -0.416168212890625
-0.0307235717773437 0.0290565490722656 -0.2510986328125 -0.62738037109375
-0.0270938873291016 0.0105762481689453 -0.47955322265625 -0.59521484375
-0.0147190093994141 -0.0286445617675781 -0.62481689453125 -0.43634033203125
0.0470428466796875 -0.0199050903320313 -0.58892822265625 -0.37689208984375
0.0820388793945313 0.0256881713867188 -0.436309814453125 -0.21148681640625
0.0852432250976563 0.06121826171875 -0.1002197265625 -0.0355224609375
0.0975799560546875 0.0851974487304688 0.21044921875 0.147171020507812
0.0884475708007813 0.058380126953125 0.44354248046875 0.31988525390625
0.0460548400878906 0.00988006591796875 0.53857421875 0.4635009765625
-0.0130958557128906 0.0166950225830078 0.53076171875 0.60809326171875
-0.049896240234375 0.0345611572265625 0.364013671875 0.65216064453125
-0.0464935302734375 0.0387802124023438 0.2349853515625 0.57257080078125
-0.00503921508789062 0.036468505859375 0.120574951171875 0.300048828125
0.00791358947753906 0.0131597518920898 0.0257720947265625 -0.0705795288085938
-0.00133323669433594 0.0260543823242188 -0.083984375 -0.439056396484375
-0.0312271118164063 0.0248794555664062 -0.23712158203125 -0.65496826171875
-0.0300979614257813 0.007110595703125 -0.45758056640625 -0.6168212890625
-0.0122184753417969 -0.0321750640869141 -0.60711669921875 -0.44512939453125
0.0533828735351563 -0.0163726806640625 -0.5775146484375 -0.37652587890625
0.0882720947265625 0.0347442626953125 -0.424560546875 -0.2110595703125
0.084686279296875 0.0714492797851563 -0.0841140747070313 -0.016326904296875
0.0864410400390625 0.0687789916992188 0.227523803710938 0.152114868164063
0.07470703125 0.0507583618164063 0.449310302734375 0.3157958984375
0.0368804931640625 0.0150833129882813 0.55810546875 0.458251953125
-0.00880050659179688 0.0218830108642578 0.563232421875 0.5894775390625
-0.0438461303710938 0.0319252014160156 0.3919677734375 0.62457275390625
-0.0399398803710938 0.0251312255859375 0.250640869140625 0.54510498046875
-0.00529670715332031 0.0181980133056641 0.118377685546875 0.276382446289063
0.00866460800170898 -0.00108957290649414 0.0208816528320312 -0.0924835205078125
-0.00225257873535156 0.0136842727661133 -0.07965087890625 -0.4610595703125
-0.0285797119140625 0.0104503631591797 -0.21502685546875 -0.6806640625
-0.0251483917236328 -0.003021240234375 -0.42633056640625 -0.64141845703125
-0.00807571411132813 -0.0331516265869141 -0.58038330078125 -0.46124267578125
0.0504989624023438 -0.0100822448730469 -0.56585693359375 -0.381591796875
0.0783004760742188 0.0383148193359375 -0.418426513671875 -0.213623046875
0.0706405639648438 0.0717620849609375 -0.0737075805664062 0.00408935546875
-0.0240745544433594 -0.0144615173339844 0.16162109375 0.127365112304688
-0.0349445343017578 0.0104942321777344 0.46160888671875 0.31402587890625
-0.0210609436035156 0.0313282012939453 0.54931640625 0.40142822265625
0.00515365600585937 0.0297298431396484 0.516754150390625 0.553314208984375
0.00303173065185547 -0.012364387512207 0.34124755859375 0.6414794921875
-0.000377655029296876 -0.0487899780273438 0.238525390625 0.616455078125
0.0055694580078125 -0.0508651733398437 0.128814697265625 0.36993408203125
0.00741195678710938 -0.0580062866210938 0.0412635803222656 0.00328826904296875
0.00843048095703125 -0.0580329895019531 -0.059112548828125 -0.372100830078125
0.0045623779296875 -0.0650215148925781 -0.2210693359375 -0.61053466796875
0.0197715759277344 -0.0498161315917969 -0.456787109375 -0.60931396484375
0.0130290985107422 -0.0301132202148437 -0.6136474609375 -0.4801025390625
-0.00709152221679687 0.00615119934082031 -0.5802001953125 -0.42144775390625
-0.0401611328125 -0.00224685668945313 -0.441253662109375 -0.224151611328125
-0.0560569763183594 -0.0389404296875 -0.140670776367188 -0.0560760498046875
-0.0005645751953125 0.0189266204833984 0.151870727539063 0.122299194335938
-0.00169563293457031 0.0253524780273438 0.457275390625 0.320098876953125
-0.000410079956054687 0.0240192413330078 0.542083740234375 0.4083251953125
0.00115966796875 0.0227546691894531 0.49407958984375 0.56378173828125
-0.0105113983154297 -0.00219154357910156 0.32012939453125 0.65802001953125
-0.0114097595214844 -0.0239982604980469 0.2220458984375 0.6331787109375
0.00532913208007812 -0.0242805480957031 0.12591552734375 0.3818359375
0.00796127319335937 -0.0355644226074219 0.0430107116699219 0.0116195678710937
0.00679397583007813 -0.0334510803222656 -0.062103271484375 -0.362060546875
-0.00385284423828125 -0.0420799255371094 -0.23309326171875 -0.59405517578125
0.00805282592773438 -0.0361747741699219 -0.4720458984375 -0.5908203125
0.00573539733886719 -0.0290031433105469 -0.62786865234375 -0.4583740234375
0.00410342216491699 -0.000382661819458008 -0.58941650390625 -0.40863037109375
-0.0146570205688477 0.00273895263671875 -0.448333740234375 -0.22015380859375
-0.0246791839599609 -0.0200481414794922 -0.145217895507813 -0.0641937255859375
0.0295562744140625 0.05352783203125 0.148941040039062 0.122772216796875
0.0338973999023438 0.0466041564941406 0.450164794921875 0.325592041015625
0.0235481262207031 0.0172901153564453 0.5311279296875 0.42120361328125
-0.000618934631347657 0.0131254196166992 0.47930908203125 0.57672119140625
-0.0263652801513672 0.00749969482421875 0.3038330078125 0.67010498046875
-0.0240802764892578 -0.00146865844726563 0.2071533203125 0.640380859375
0.00126409530639648 0.00290203094482422 0.123443603515625 0.382843017578125
0.00957584381103516 -0.0142908096313477 0.0445137023925781 0.0118255615234375
0.00583553314208984 -0.0106363296508789 -0.064697265625 -0.36322021484375
-0.0109348297119141 -0.0159664154052734 -0.2418212890625 -0.58868408203125
-0.00413322448730469 -0.0182380676269531 -0.4813232421875 -0.57513427734375
-0.00198173522949219 -0.0277481079101563 -0.63665771484375 -0.44403076171875
0.0147590637207031 -0.00840663909912109 -0.597412109375 -0.39892578125
0.0138769149780273 0.00693798065185547 -0.45001220703125 -0.217620849609375
0.012242317199707 0.00137424468994141 -0.139724731445313 -0.0668792724609375
0.0578384399414062 0.080841064453125 0.156448364257813 0.126846313476563
0.0653038024902344 0.0621757507324219 0.4442138671875 0.324310302734375
0.0411796569824219 0.0114326477050781 0.522918701171875 0.432037353515625
-0.0043635368347168 0.00721216201782227 0.472900390625 0.59332275390625
-0.0397605895996094 0.0160484313964844 0.3017578125 0.68017578125
-0.0386581420898438 0.0201072692871094 0.2042236328125 0.6363525390625
-0.00278091430664063 0.0253982543945313 0.12255859375 0.371612548828125
0.0110597610473633 0.00636672973632813 0.0435218811035156 -0.00029754638671875
0.00549125671386719 0.0115499496459961 -0.072265625 -0.371124267578125
-0.0182361602783203 0.00678443908691406 -0.24835205078125 -0.5914306640625
-0.0131340026855469 -0.00253105163574219 -0.4866943359375 -0.57464599609375
-0.00850296020507813 -0.0265846252441406 -0.6385498046875 -0.43475341796875
0.0243759155273437 -0.0131549835205078 -0.59722900390625 -0.3896484375
0.0409278869628906 0.01165771484375 -0.44952392578125 -0.2161865234375
0.0458450317382813 0.0226707458496094 -0.129791259765625 -0.0618362426757813
0.0817108154296875 0.0955963134765625 0.170028686523438 0.131362915039063
0.0866546630859375 0.0679168701171875 0.437347412109375 0.3226318359375
0.0525932312011719 0.00860595703125 0.51678466796875 0.447174072265625
-0.00825214385986328 0.00536775588989258 0.478759765625 0.60699462890625
-0.0491828918457031 0.025543212890625 0.3116455078125 0.6800537109375
-0.0467071533203125 0.0365180969238281 0.20880126953125 0.6214599609375
-0.00494384765625 0.0394363403320313 0.1221923828125 0.351165771484375
0.0106735229492188 0.0181026458740234 0.0375747680664063 -0.0210075378417969
0.00405311584472656 0.0248050689697266 -0.078216552734375 -0.3897705078125
-0.0237598419189453 0.0234546661376953 -0.2530517578125 -0.60400390625
-0.0208721160888672 0.00883865356445312 -0.48406982421875 -0.5789794921875
-0.0140857696533203 -0.0264663696289062 -0.6326904296875 -0.431640625
0.0376853942871094 -0.0175857543945313 -0.5938720703125 -0.3790283203125
0.0659065246582031 0.0180892944335937 -0.442352294921875 -0.21197509765625
0.0719223022460937 0.044921875 -0.115081787109375 -0.0535202026367188
0.093963623046875 0.0967864990234375 0.187957763671875 0.140106201171875
0.094024658203125 0.0667572021484375 0.435394287109375 0.321990966796875
0.0518569946289063 0.00814056396484375 0.5218505859375 0.45989990234375
-0.0106582641601563 0.0101728439331055 0.49749755859375 0.61328125
-0.0531539916992188 0.0326919555664062 0.3321533203125 0.67047119140625
-0.0492439270019531 0.0427665710449219 0.217529296875 0.59832763671875
-0.00540542602539063 0.042694091796875 0.120758056640625 0.325103759765625
0.00928688049316406 0.0211334228515625 0.0331687927246094 -0.0457382202148437
0.000289916992187503 0.0309906005859375 -0.082000732421875 -0.41229248046875
-0.0280838012695312 0.0302333831787109 -0.247314453125 -0.62579345703125
-0.0260334014892578 0.0103702545166016 -0.47491455078125 -0.59173583984375
-0.0143680572509766 -0.0304527282714844 -0.6197509765625 -0.4337158203125
0.0465621948242188 -0.0185966491699219 -0.5858154296875 -0.37579345703125
0.0834808349609375 0.025726318359375 -0.431793212890625 -0.211090087890625
0.0849456787109375 0.0624923706054688 -0.100395202636719 -0.0364837646484375
0.0952377319335938 0.0863265991210938 0.208587646484375 0.14801025390625
0.0883255004882813 0.059295654296875 0.44024658203125 0.3189697265625
0.0459327697753906 0.00978851318359375 0.53369140625 0.461822509765625
-0.0126781463623047 0.0158977508544922 0.52667236328125 0.6070556640625
-0.05047607421875 0.0350990295410156 0.35955810546875 0.649658203125
-0.0452117919921875 0.0390434265136719 0.231689453125 0.5693359375
-0.00484848022460938 0.035858154296875 0.119781494140625 0.299224853515625
0.0103092193603516 0.0135736465454102 0.0259323120117188 -0.0685157775878906
-0.00162315368652344 0.0269622802734375 -0.081146240234375 -0.436065673828125
-0.0303497314453125 0.0255584716796875 -0.234619140625 -0.65179443359375
-0.0295219421386719 0.00630378723144532 -0.45477294921875 -0.61480712890625
-0.0128955841064453 -0.0337486267089844 -0.60125732421875 -0.44488525390625
0.0534172058105469 -0.0165290832519531 -0.57183837890625 -0.376220703125
0.0870208740234375 0.0350112915039063 -0.422210693359375 -0.211090087890625
0.0829010009765625 0.072906494140625 -0.0849227905273437 -0.0159988403320312
0.0851593017578125 0.0679855346679688 0.226165771484375 0.151504516601563
0.07391357421875 0.0508956909179688 0.447052001953125 0.3160400390625
0.0363807678222656 0.0149307250976563 0.553436279296875 0.4571533203125
-0.00918197631835937 0.0210685729980469 0.55755615234375 0.587890625
-0.0432624816894531 0.0297279357910156 0.3853759765625 0.6197509765625
-0.0400047302246094 0.0263671875 0.245574951171875 0.54150390625
-0.00478172302246094 0.0191326141357422 0.11724853515625 0.27593994140625
0.00904273986816406 -0.000517845153808594 0.0203475952148438 -0.0898895263671875
-0.0007781982421875 0.0125627517700195 -0.076812744140625 -0.457672119140625
-0.0285511016845703 0.0120563507080078 -0.21234130859375 -0.67620849609375
-0.0241355895996094 -0.00222206115722656 -0.42095947265625 -0.6375732421875
-0.00925827026367187 -0.0335044860839844 -0.57525634765625 -0.45953369140625
0.0503959655761719 -0.0100212097167969 -0.560211181640625 -0.380279541015625
0.0772628784179688 0.0387649536132813 -0.416717529296875 -0.21295166015625
0.0686492919921875 0.0720443725585937 -0.073455810546875 0.00341796874999999
-0.0252094268798828 -0.0156154632568359 0.16009521484375 0.127304077148438
-0.0351200103759766 0.010284423828125 0.458648681640625 0.3126220703125
-0.0211639404296875 0.0309333801269531 0.546356201171875 0.401947021484375
0.00654220581054688 0.0313873291015625 0.514190673828125 0.55255126953125
0.00312995910644531 -0.0131950378417969 0.338623046875 0.63909912109375
0.00077056884765625 -0.0471649169921875 0.234375 0.6141357421875
0.00657272338867188 -0.0507888793945313 0.127593994140625 0.370513916015625
0.00723648071289062 -0.0583229064941406 0.0399208068847656 0.00380325317382812
0.00852584838867188 -0.0581436157226563 -0.057830810546875 -0.372650146484375
0.00520706176757812 -0.0650215148925781 -0.2169189453125 -0.60943603515625
0.0210838317871094 -0.0514106750488281 -0.45391845703125 -0.6097412109375
0.012176513671875 -0.0283546447753906 -0.61126708984375 -0.4791259765625
-0.0066676139831543 0.00594472885131836 -0.57489013671875 -0.42047119140625
-0.0412979125976563 -0.00298309326171875 -0.43865966796875 -0.22442626953125
-0.0557899475097656 -0.0386848449707031 -0.139488220214844 -0.0544509887695313
-0.000118255615234374 0.01800537109375 0.150543212890625 0.123046875
-0.00435256958007813 0.0260372161865234 0.454803466796875 0.32073974609375
-0.00244331359863281 0.022216796875 0.54083251953125 0.407440185546875
0.00167274475097657 0.0229568481445313 0.49224853515625 0.56304931640625
-0.0093231201171875 -0.00244712829589844 0.31585693359375 0.6568603515625
-0.00980949401855469 -0.0247077941894531 0.21710205078125 0.6309814453125
0.0052947998046875 -0.0259304046630859 0.1246337890625 0.378936767578125
0.00693130493164063 -0.0355644226074219 0.0436668395996094 0.0151329040527344
0.00760650634765625 -0.0349349975585938 -0.06036376953125 -0.36053466796875
-0.00297164916992187 -0.0412139892578125 -0.2298583984375 -0.59283447265625
0.00759506225585937 -0.0364570617675781 -0.46710205078125 -0.5914306640625
0.00516510009765625 -0.0279483795166016 -0.623046875 -0.45892333984375
0.00368976593017578 -0.000102996826171875 -0.58599853515625 -0.4093017578125
-0.0147151947021484 0.00340461730957031 -0.44720458984375 -0.22125244140625
-0.0245990753173828 -0.0204753875732422 -0.143585205078125 -0.0640106201171875
0.0285873413085938 0.0513725280761719 0.1480712890625 0.12139892578125
0.0325431823730469 0.045806884765625 0.446990966796875 0.32666015625
0.0231342315673828 0.0156822204589844 0.528350830078125 0.41961669921875
-0.00160789489746094 0.0135555267333984 0.47491455078125 0.5751953125
-0.0257511138916016 0.00658988952636718 0.2978515625 0.66998291015625
-0.0244064331054688 -0.00216293334960938 0.20489501953125 0.63958740234375
0.000447988510131836 0.0033257007598877 0.121856689453125 0.381591796875
0.00993156433105469 -0.0127096176147461 0.0446624755859375 0.0119438171386719
0.00666236877441406 -0.00964832305908203 -0.063323974609375 -0.361572265625
-0.011347770690918 -0.014678955078125 -0.23980712890625 -0.5848388671875
-0.0023345947265625 -0.0186424255371094 -0.4769287109375 -0.575927734375
-0.00251007080078125 -0.0274658203125 -0.63250732421875 -0.4439697265625
0.0138168334960938 -0.00760173797607422 -0.59222412109375 -0.3980712890625
0.0142068862915039 0.00682544708251953 -0.449676513671875 -0.219024658203125
0.0120372772216797 0.00114345550537109 -0.139122009277344 -0.066650390625
0.0574569702148438 0.0827560424804688 0.154632568359375 0.1270751953125
0.0655479431152344 0.062957763671875 0.44189453125 0.325286865234375
0.0400543212890625 0.0132255554199219 0.520111083984375 0.432952880859375
-0.00366020202636719 0.00737333297729492 0.467041015625 0.59295654296875
-0.0397529602050781 0.0161972045898438 0.2974853515625 0.67877197265625
-0.0380744934082031 0.0199737548828125 0.20184326171875 0.63397216796875
-0.00136947631835937 0.0252895355224609 0.121124267578125 0.3712158203125
0.0102519989013672 0.00629711151123047 0.0432624816894531 0.000518798828125001
0.00524616241455078 0.0106430053710937 -0.070465087890625 -0.371978759765625
-0.0176219940185547 0.00639533996582031 -0.246826171875 -0.58917236328125
-0.0125246047973633 -0.00338554382324219 -0.48052978515625 -0.5738525390625
-0.00912666320800781 -0.0261802673339844 -0.6348876953125 -0.4332275390625
0.0263614654541016 -0.0128269195556641 -0.5946044921875 -0.39007568359375
0.0405426025390625 0.012298583984375 -0.44580078125 -0.216552734375
0.0448760986328125 0.02435302734375 -0.129585266113281 -0.0640487670898437
0.0809326171875 0.0969009399414062 0.16949462890625 0.132354736328125
0.0854721069335937 0.0691452026367188 0.434844970703125 0.3233642578125
0.0512008666992188 0.00883865356445313 0.5155029296875 0.4462890625
-0.00740385055541992 0.00708150863647461 0.4735107421875 0.60540771484375
-0.0498924255371094 0.0267143249511719 0.30908203125 0.67730712890625
-0.0456657409667969 0.0366363525390625 0.20574951171875 0.618896484375
-0.00331497192382812 0.0416946411132813 0.12017822265625 0.349761962890625
0.0111856460571289 0.0172185897827148 0.0379180908203125 -0.0206184387207031
0.00278472900390625 0.0255508422851563 -0.075958251953125 -0.387481689453125
-0.0233917236328125 0.0228404998779297 -0.24676513671875 -0.60247802734375
-0.0206127166748047 0.00791168212890625 -0.48077392578125 -0.57904052734375
-0.0132198333740234 -0.02557373046875 -0.629150390625 -0.4305419921875
0.0371780395507813 -0.0171165466308594 -0.58953857421875 -0.38067626953125
0.0651741027832031 0.0178489685058594 -0.4400634765625 -0.21630859375
0.07086181640625 0.0454483032226563 -0.114295959472656 -0.0522003173828125
0.0933609008789063 0.097930908203125 0.18853759765625 0.139450073242188
0.0943603515625 0.0662765502929688 0.434051513671875 0.322967529296875
0.0519638061523438 0.0066986083984375 0.51751708984375 0.45782470703125
-0.0116806030273438 0.0104885101318359 0.49310302734375 0.6123046875
-0.0524139404296875 0.0325660705566406 0.32818603515625 0.6700439453125
-0.0482177734375 0.0424079895019531 0.21478271484375 0.5977783203125
-0.00662612915039062 0.0418586730957031 0.116546630859375 0.32354736328125
0.00965690612792969 0.0202102661132813 0.0309829711914063 -0.045745849609375
0.00113487243652344 0.030853271484375 -0.081390380859375 -0.410369873046875
-0.0281200408935547 0.0290927886962891 -0.24566650390625 -0.62396240234375
-0.0273876190185547 0.0102672576904297 -0.471435546875 -0.59185791015625
-0.0143871307373047 -0.0286846160888672 -0.617919921875 -0.43475341796875
0.0478591918945313 -0.0194664001464844 -0.58123779296875 -0.377197265625
0.0811920166015625 0.0271835327148438 -0.428802490234375 -0.2132568359375
0.0842361450195313 0.06439208984375 -0.0993728637695313 -0.0362472534179687
0.0954666137695313 0.0877151489257813 0.208221435546875 0.146820068359375
0.0880584716796875 0.0607681274414062 0.43658447265625 0.3206787109375
0.0464515686035156 0.0102920532226563 0.52996826171875 0.46197509765625
-0.0111875534057617 0.0170497894287109 0.52020263671875 0.60711669921875
-0.0489349365234375 0.0342750549316406 0.3558349609375 0.65008544921875
-0.0463600158691406 0.039886474609375 0.2291259765625 0.5689697265625
-0.00535964965820313 0.0360450744628906 0.117889404296875 0.29705810546875
0.0094461441040039 0.0141916275024414 0.0271759033203125 -0.0698814392089844
-0.000316619873046872 0.0270576477050781 -0.08050537109375 -0.4351806640625
-0.0301380157470703 0.0256538391113281 -0.22991943359375 -0.64764404296875
-0.0288848876953125 0.00666618347167969 -0.45147705078125 -0.61572265625
-0.0131130218505859 -0.0337200164794922 -0.59698486328125 -0.44488525390625
0.0539093017578125 -0.0157890319824219 -0.56817626953125 -0.37542724609375
0.0871047973632813 0.036834716796875 -0.422210693359375 -0.213165283203125
0.0830154418945313 0.0725021362304688 -0.0838165283203125 -0.0166702270507813
0.084808349609375 0.0702667236328125 0.225982666015625 0.151260375976563
0.0732040405273438 0.0522232055664063 0.444610595703125 0.314788818359375
0.0371360778808594 0.0136337280273437 0.550689697265625 0.455291748046875
-0.00880813598632812 0.0216617584228516 0.552490234375 0.58770751953125
-0.0428390502929688 0.0292739868164063 0.38385009765625 0.6199951171875
-0.0387153625488281 0.0253562927246094 0.244720458984375 0.539642333984375
-0.00630950927734375 0.018341064453125 0.115264892578125 0.274246215820313
0.00702238082885742 -0.000717639923095703 0.0202560424804687 -0.0897979736328125
-0.00205230712890625 0.012455940246582 -0.07501220703125 -0.457183837890625
-0.0272998809814453 0.0116786956787109 -0.2086181640625 -0.67138671875
-0.0238151550292969 -0.00181007385253906 -0.419921875 -0.63714599609375
-0.00933647155761719 -0.0324993133544922 -0.571044921875 -0.458984375
0.0497665405273437 -0.00945663452148437 -0.55596923828125 -0.381866455078125
0.0767364501953125 0.0401458740234375 -0.415008544921875 -0.2149658203125
0.0685501098632812 0.0738983154296875 -0.0737991333007813 0.00329589843749999
-0.0247306823730469 -0.0142135620117187 0.1605224609375 0.126419067382813
-0.0362968444824219 0.00878906250000001 0.457427978515625 0.315093994140625
-0.0203285217285156 0.0298271179199219 0.545623779296875 0.40374755859375
0.00491142272949219 0.030670166015625 0.51007080078125 0.55340576171875
0.00257492065429688 -0.0135774612426758 0.33380126953125 0.6412353515625
0.0023956298828125 -0.0468940734863281 0.2313232421875 0.61590576171875
0.00701522827148437 -0.0512542724609375 0.12457275390625 0.370025634765625
0.00830841064453125 -0.0572738647460938 0.039764404296875 0.00313568115234375
0.00942230224609375 -0.0572662353515625 -0.0555419921875 -0.37103271484375
0.005279541015625 -0.064483642578125 -0.21435546875 -0.60833740234375
0.0204849243164063 -0.0495147705078125 -0.4500732421875 -0.60955810546875
0.0127506256103516 -0.0283317565917969 -0.605712890625 -0.481201171875
-0.00972175598144531 0.00734710693359375 -0.57171630859375 -0.42156982421875
-0.0408706665039063 -0.00203704833984374 -0.438751220703125 -0.226287841796875
-0.0558624267578125 -0.0377082824707031 -0.139739990234375 -0.0574188232421875
0.000200271606445314 0.0182838439941406 0.150070190429687 0.1221923828125
-0.00284957885742188 0.0266284942626953 0.452392578125 0.322235107421875
0.000482559204101563 0.0233955383300781 0.53729248046875 0.410430908203125
0.00311660766601562 0.0224113464355469 0.48779296875 0.5633544921875
-0.00917625427246094 -0.00448989868164063 0.310791015625 0.6566162109375
-0.011077880859375 -0.02459716796875 0.21441650390625 0.63232421875
0.00475311279296875 -0.0259933471679687 0.122772216796875 0.3798828125
0.00875854492187501 -0.0352897644042969 0.0432891845703125 0.0129203796386719
0.00790023803710938 -0.0347976684570313 -0.0599365234375 -0.360595703125
-0.00243759155273438 -0.0404281616210938 -0.2276611328125 -0.5914306640625
0.0102386474609375 -0.0356407165527344 -0.463623046875 -0.59124755859375
0.00622367858886719 -0.0294570922851563 -0.62152099609375 -0.46246337890625
0.00269103050231934 -1.95503234863281E-05 -0.5828857421875 -0.4117431640625
-0.0151443481445312 0.00490856170654297 -0.44537353515625 -0.22393798828125
-0.0237789154052734 -0.0186214447021484 -0.142837524414063 -0.063995361328125
0.0286941528320313 0.0548515319824219 0.149169921875 0.123001098632812
0.0314483642578125 0.0462150573730469 0.44659423828125 0.32708740234375
0.0217189788818359 0.0173873901367188 0.526123046875 0.420501708984375
-0.000346183776855467 0.0130691528320313 0.47039794921875 0.57769775390625
-0.025054931640625 0.00565910339355468 0.295654296875 0.6678466796875
-0.0235099792480469 -2.86102294921855E-05 0.20068359375 0.63995361328125
0.00211071968078613 0.00372624397277832 0.119049072265625 0.380340576171875
0.00931072235107422 -0.0132265090942383 0.0445289611816406 0.0119132995605469
0.00714969635009766 -0.0107221603393555 -0.062591552734375 -0.362762451171875
-0.0115022659301758 -0.0154142379760742 -0.23638916015625 -0.586181640625
-0.00298881530761719 -0.0183696746826172 -0.47564697265625 -0.57720947265625
-0.00185394287109375 -0.0274734497070313 -0.62841796875 -0.44677734375
0.0138721466064453 -0.00594806671142578 -0.59088134765625 -0.401611328125
0.0123882293701172 0.00821495056152344 -0.4483642578125 -0.220672607421875
0.0101261138916016 0.00258445739746094 -0.139289855957031 -0.067352294921875
0.0573043823242188 0.0825576782226563 0.15576171875 0.126235961914063
0.0638580322265625 0.062774658203125 0.44061279296875 0.3271484375
0.0418472290039063 0.0125236511230469 0.518280029296875 0.434356689453125
-0.00388526916503906 0.00794363021850586 0.4649658203125 0.593017578125
-0.0382308959960938 0.0162391662597656 0.292724609375 0.6781005859375
-0.0363883972167969 0.019287109375 0.197509765625 0.634033203125
-0.00203132629394532 0.0251026153564453 0.12030029296875 0.36932373046875
0.00947666168212891 0.00567436218261719 0.0420341491699219 -0.00067901611328125
0.00605106353759766 0.010767936706543 -0.068145751953125 -0.3692626953125
-0.017247200012207 0.00620937347412109 -0.24462890625 -0.5894775390625
-0.0112075805664062 -0.00210762023925781 -0.4786376953125 -0.57366943359375
-0.00867080688476563 -0.0265865325927734 -0.632568359375 -0.43609619140625
0.025360107421875 -0.0130500793457031 -0.59063720703125 -0.39105224609375
0.0413436889648437 0.0125923156738281 -0.446319580078125 -0.21868896484375
0.0441970825195313 0.0264549255371094 -0.128005981445313 -0.0632095336914063
0.0795135498046875 0.0979080200195312 0.169769287109375 0.134124755859375
0.0848312377929688 0.0694122314453125 0.4339599609375 0.32586669921875
0.0518150329589844 0.00928497314453125 0.511962890625 0.447906494140625
-0.00736713409423828 0.00672578811645508 0.46954345703125 0.6053466796875
-0.0494346618652344 0.0253448486328125 0.304931640625 0.67852783203125
-0.0462570190429688 0.0341033935546875 0.2027587890625 0.62005615234375
-0.0035552978515625 0.0405616760253906 0.116424560546875 0.349609375
0.00999832153320313 0.0175485610961914 0.0379905700683594 -0.0204086303710938
0.00425338745117187 0.0254230499267578 -0.072509765625 -0.387786865234375
-0.0233306884765625 0.0243721008300781 -0.24530029296875 -0.60052490234375
-0.0209712982177734 0.00829124450683594 -0.47686767578125 -0.57879638671875
-0.0141735076904297 -0.0266628265380859 -0.6248779296875 -0.43194580078125
0.037445068359375 -0.0183067321777344 -0.58599853515625 -0.3831787109375
0.0648956298828125 0.0194740295410156 -0.439056396484375 -0.217926025390625
0.0707855224609375 0.0459671020507812 -0.115020751953125 -0.05340576171875
0.0947418212890625 0.0994644165039063 0.187286376953125 0.139251708984375
0.0937576293945313 0.0684890747070313 0.430511474609375 0.32366943359375
0.0522613525390625 0.00766754150390625 0.514373779296875 0.46063232421875
-0.0109281539916992 0.0102939605712891 0.4896240234375 0.614501953125
-0.0520362854003906 0.0325508117675781 0.32281494140625 0.66912841796875
-0.0482559204101562 0.0419044494628906 0.21356201171875 0.59686279296875
-0.00476837158203125 0.0428390502929688 0.11724853515625 0.3245849609375
0.0100746154785156 0.0208034515380859 0.0329437255859375 -0.0445365905761719
-0.00105857849121094 0.031158447265625 -0.078582763671875 -0.4093017578125
-0.0280094146728516 0.0304737091064453 -0.24273681640625 -0.62298583984375
-0.0272064208984375 0.0097198486328125 -0.46685791015625 -0.59173583984375
-0.0146865844726562 -0.0306949615478516 -0.61322021484375 -0.4364013671875
0.0466270446777344 -0.0187034606933594 -0.57958984375 -0.37860107421875
0.0808181762695313 0.029541015625 -0.42913818359375 -0.21539306640625
0.08294677734375 0.0656661987304688 -0.0985336303710938 -0.03662109375
0.0940628051757813 0.08837890625 0.207748413085937 0.147705078125
0.0878448486328125 0.0609359741210938 0.43585205078125 0.3216552734375
0.0447006225585938 0.00927734375 0.528533935546875 0.46490478515625
-0.0126476287841797 0.0161571502685547 0.51812744140625 0.6070556640625
-0.0482749938964844 0.0344390869140625 0.3531494140625 0.6475830078125
-0.044158935546875 0.0381698608398438 0.22674560546875 0.56884765625
-0.0053863525390625 0.0364036560058594 0.1163330078125 0.297576904296875
0.00911140441894531 0.0139436721801758 0.0265655517578125 -0.0690078735351563
-0.00121688842773437 0.0258655548095703 -0.077972412109375 -0.435577392578125
-0.0295982360839844 0.0241508483886719 -0.229248046875 -0.64837646484375
-0.0292320251464844 0.00527000427246094 -0.4471435546875 -0.6148681640625
-0.0132331848144531 -0.0330753326416016 -0.5941162109375 -0.44580078125
0.0539054870605469 -0.0149459838867187 -0.56573486328125 -0.377197265625
0.0858612060546875 0.0371627807617188 -0.418548583984375 -0.215545654296875
0.0815505981445313 0.0754776000976563 -0.0837020874023437 -0.016143798828125
0.0842361450195312 0.071197509765625 0.225540161132813 0.150115966796875
0.0732040405273438 0.05364990234375 0.44287109375 0.316986083984375
0.0359840393066406 0.01409912109375 0.547943115234375 0.457763671875
-0.00968551635742188 0.0209121704101563 0.54925537109375 0.5888671875
-0.0409774780273438 0.0298233032226562 0.37884521484375 0.61968994140625
-0.0400543212890625 0.0249366760253906 0.240875244140625 0.5411376953125
-0.00468826293945312 0.0192222595214844 0.113357543945313 0.274200439453125
0.00918960571289063 -0.000461578369140625 0.0220108032226562 -0.0902786254882813
-0.000785827636718751 0.0131912231445313 -0.073272705078125 -0.456634521484375
-0.0266361236572266 0.0112857818603516 -0.20379638671875 -0.67266845703125
-0.0248394012451172 -0.00131607055664063 -0.41558837890625 -0.63665771484375
-0.009033203125 -0.0325946807861328 -0.56927490234375 -0.45867919921875
0.0501327514648437 -0.00868988037109375 -0.553741455078125 -0.382568359375
0.0778884887695313 0.0402984619140625 -0.41326904296875 -0.21746826171875
0.06939697265625 0.0734405517578125 -0.0741729736328125 0.00363159179687501
-0.0234260559082031 -0.0151691436767578 0.16162109375 0.126480102539063
-0.0360870361328125 0.00926208496093749 0.45745849609375 0.317962646484375
-0.0218696594238281 0.0305233001708984 0.543792724609375 0.40728759765625
0.00673294067382812 0.0295181274414063 0.5086669921875 0.556549072265625
0.00447750091552734 -0.0127849578857422 0.331298828125 0.64276123046875
0.00128173828125 -0.0481185913085938 0.22857666015625 0.61614990234375
0.00646591186523438 -0.0518646240234375 0.124786376953125 0.370635986328125
0.00884246826171875 -0.059234619140625 0.0411872863769531 0.0042266845703125
0.00909042358398438 -0.0578117370605469 -0.054962158203125 -0.37115478515625
0.00738525390625 -0.0635261535644531 -0.2109375 -0.60955810546875
0.0201416015625 -0.0514411926269531 -0.44964599609375 -0.6138916015625
0.0138721466064453 -0.0289039611816406 -0.60552978515625 -0.48468017578125
-0.00936508178710938 0.00611114501953125 -0.5731201171875 -0.42559814453125
-0.0406913757324219 -0.00299072265625 -0.43804931640625 -0.2283935546875
-0.0549545288085938 -0.0392379760742188 -0.139785766601562 -0.0577239990234375
0.000808715820312499 0.0183773040771484 0.152267456054688 0.122955322265625
-0.00463485717773437 0.0259323120117188 0.451904296875 0.326324462890625
-0.00126075744628906 0.0226974487304688 0.53607177734375 0.411865234375
0.00235748291015625 0.0225105285644531 0.4866943359375 0.56597900390625
-0.0112581253051758 -0.003997802734375 0.3072509765625 0.6573486328125
-0.00971221923828125 -0.0250530242919922 0.2113037109375 0.634521484375
0.00601577758789063 -0.0248489379882813 0.121185302734375 0.381561279296875
0.0091400146484375 -0.0365715026855469 0.0443649291992187 0.0145721435546875
0.00703620910644531 -0.0339851379394531 -0.058013916015625 -0.361083984375
-0.0027008056640625 -0.0406990051269531 -0.22576904296875 -0.5936279296875
0.00849533081054688 -0.0356826782226563 -0.46197509765625 -0.5911865234375
0.00485610961914063 -0.0292987823486328 -0.61895751953125 -0.46551513671875
0.0029304027557373 0.000304698944091797 -0.58319091796875 -0.4146728515625
-0.0145540237426758 0.00398063659667969 -0.4462890625 -0.225067138671875
-0.0245475769042969 -0.0178089141845703 -0.143463134765625 -0.0652618408203125
0.027923583984375 0.0531196594238281 0.148513793945313 0.122772216796875
0.0315475463867188 0.0469207763671875 0.446014404296875 0.32952880859375
0.0208511352539063 0.0167198181152344 0.52728271484375 0.4249267578125
0.00013446807861328 0.012629508972168 0.4676513671875 0.57904052734375
-0.0257797241210938 0.00632667541503907 0.29248046875 0.6697998046875
-0.0232906341552734 -0.00100517272949218 0.19854736328125 0.64300537109375
0.00224018096923828 0.00239372253417969 0.11962890625 0.381805419921875
0.00980663299560547 -0.0142192840576172 0.04534912109375 0.0114326477050781
0.00719451904296875 -0.0113582611083984 -0.0606689453125 -0.361297607421875
-0.00948238372802734 -0.0151424407958984 -0.2340087890625 -0.5865478515625
-0.00179481506347656 -0.0193099975585938 -0.4722900390625 -0.5789794921875
-0.00310897827148438 -0.0277252197265625 -0.62652587890625 -0.44927978515625
0.0147571563720703 -0.00754261016845703 -0.59033203125 -0.4041748046875
0.0136394500732422 0.00790214538574219 -0.448638916015625 -0.22381591796875
0.011958122253418 0.00389003753662109 -0.137916564941406 -0.0684585571289062
0.056060791015625 0.0848312377929688 0.155731201171875 0.128204345703125
0.0629615783691406 0.0637664794921875 0.439117431640625 0.3299560546875
0.0414581298828125 0.0142173767089844 0.51776123046875 0.43695068359375
-0.00310564041137695 0.00748014450073242 0.463623046875 0.59576416015625
-0.0387916564941406 0.0151634216308594 0.29217529296875 0.678955078125
-0.0367240905761719 0.0201454162597656 0.19512939453125 0.63531494140625
-0.00132942199707031 0.0264492034912109 0.118927001953125 0.371673583984375
0.0106525421142578 0.00596046447753906 0.0425491333007813 0.00022125244140625
0.00475311279296875 0.00906753540039063 -0.066436767578125 -0.371246337890625
-0.0175008773803711 0.00632095336914063 -0.2423095703125 -0.5904541015625
-0.0118217468261719 -0.00449562072753906 -0.47607421875 -0.5791015625
-0.00902366638183594 -0.0264339447021484 -0.63128662109375 -0.43804931640625
0.0251560211181641 -0.0127544403076172 -0.5897216796875 -0.3946533203125
0.0410881042480469 0.0136032104492188 -0.444915771484375 -0.22015380859375
0.0450210571289063 0.0266342163085937 -0.128990173339844 -0.0650405883789063
0.080108642578125 0.0996322631835938 0.17041015625 0.133804321289063
0.08544921875 0.0710678100585938 0.434722900390625 0.32763671875
0.0507659912109375 0.0103187561035156 0.510498046875 0.450286865234375
-0.0074458122253418 0.0058746337890625 0.46746826171875 0.60888671875
-0.0489082336425781 0.0247573852539063 0.3011474609375 0.6785888671875
-0.0459632873535156 0.0362396240234375 0.20172119140625 0.61944580078125
-0.003448486328125 0.0413665771484375 0.11761474609375 0.34967041015625
0.0101232528686523 0.0169572830200195 0.03900146484375 -0.0201072692871094
0.00342178344726562 0.0233306884765625 -0.070709228515625 -0.38818359375
-0.0238704681396484 0.0245399475097656 -0.2432861328125 -0.6029052734375
-0.0218906402587891 0.0068359375 -0.47491455078125 -0.58251953125
-0.0138893127441406 -0.0282764434814453 -0.62493896484375 -0.434814453125
0.0374031066894531 -0.0166130065917969 -0.5850830078125 -0.3870849609375
0.0654640197753906 0.02008056640625 -0.44061279296875 -0.21917724609375
0.070465087890625 0.0481719970703125 -0.113494873046875 -0.0540313720703125
0.0933609008789063 0.100227355957031 0.188949584960938 0.141326904296875
0.0935821533203125 0.0685806274414063 0.431854248046875 0.32513427734375
0.0519256591796875 0.00762939453125 0.515350341796875 0.462677001953125
-0.0105876922607422 0.00913143157958984 0.487548828125 0.61529541015625
-0.0524559020996094 0.0309982299804688 0.32080078125 0.67144775390625
-0.0477638244628906 0.041412353515625 0.21014404296875 0.5989990234375
-0.00551223754882812 0.044036865234375 0.11669921875 0.324432373046875
0.00955009460449219 0.0191688537597656 0.0331878662109375 -0.0445556640625
0.0013580322265625 0.0308361053466797 -0.078277587890625 -0.41015625
-0.0283794403076172 0.0307331085205078 -0.24005126953125 -0.6243896484375
-0.0275516510009766 0.0101470947265625 -0.4647216796875 -0.5938720703125
-0.0152530670166016 -0.0298805236816406 -0.61199951171875 -0.4384765625
0.04742431640625 -0.0178413391113281 -0.576171875 -0.3812255859375
0.0820388793945313 0.0297927856445313 -0.431182861328125 -0.218505859375
0.083740234375 0.066131591796875 -0.0986557006835937 -0.036956787109375
0.0947799682617187 0.0901565551757813 0.20794677734375 0.148635864257813
0.0878448486328125 0.0612335205078125 0.43756103515625 0.323577880859375
0.0459938049316406 0.00968170166015625 0.529327392578125 0.46875
-0.0118684768676758 0.0152854919433594 0.51593017578125 0.61041259765625
-0.0495643615722656 0.0339851379394531 0.349609375 0.65057373046875
-0.0445327758789063 0.03851318359375 0.22454833984375 0.56939697265625
-0.00499725341796875 0.0354537963867187 0.116485595703125 0.297698974609375
0.00943183898925781 0.0129737854003906 0.0267715454101562 -0.0690994262695313
-0.00102615356445312 0.0259475708007812 -0.0766601562499999 -0.43524169921875
-0.0283641815185547 0.0246715545654297 -0.22613525390625 -0.64862060546875
-0.0291080474853516 0.00640487670898437 -0.4447021484375 -0.61663818359375
-0.0128593444824219 -0.033905029296875 -0.59381103515625 -0.44940185546875
0.0527534484863281 -0.0158767700195313 -0.56488037109375 -0.3800048828125
0.08599853515625 0.03759765625 -0.419647216796875 -0.21844482421875
0.0805282592773438 0.0764007568359375 -0.0856704711914063 -0.0170669555664062
0.08465576171875 0.0715789794921875 0.225631713867188 0.154525756835938
0.0726547241210937 0.0543289184570312 0.444000244140625 0.320343017578125
0.0355873107910156 0.0149459838867188 0.547119140625 0.460235595703125
-0.00781059265136719 0.0207386016845703 0.5474853515625 0.59173583984375
-0.0422477722167969 0.02899169921875 0.377197265625 0.62249755859375
-0.0399322509765625 0.0263214111328125 0.2364501953125 0.54339599609375
-0.00534820556640625 0.0188140869140625 0.113067626953125 0.274642944335938
0.00841522216796875 -0.001708984375 0.0207595825195312 -0.0905380249023438
-0.000936508178710938 0.0117626190185547 -0.072998046875 -0.457275390625
-0.0260391235351563 0.0129795074462891 -0.203369140625 -0.67431640625
-0.0256500244140625 -0.00345039367675781 -0.41326904296875 -0.63916015625
-0.0100173950195313 -0.0335063934326172 -0.56817626953125 -0.46234130859375
0.0501289367675781 -0.00814056396484375 -0.55340576171875 -0.38336181640625
0.076873779296875 0.0410385131835938 -0.41259765625 -0.220794677734375
0.0683059692382813 0.0750198364257813 -0.07403564453125 0.00237274169921876
-0.0247039794921875 -0.0133876800537109 0.161666870117188 0.128067016601563
-0.0361442565917969 0.00841903686523437 0.457672119140625 0.32122802734375
-0.0220108032226563 0.0314979553222656 0.54461669921875 0.41094970703125
0.00777626037597656 0.0305843353271484 0.508697509765625 0.5570068359375
0.0038909912109375 -0.0146198272705078 0.330322265625 0.6458740234375
0.00190353393554688 -0.0477828979492188 0.2254638671875 0.6187744140625
0.00850296020507813 -0.0506935119628906 0.1224365234375 0.37298583984375
0.0075836181640625 -0.0580062866210938 0.0409507751464844 0.0039520263671875
0.0110969543457031 -0.0583724975585938 -0.05450439453125 -0.371063232421875
0.00716400146484375 -0.065521240234375 -0.212158203125 -0.6107177734375
0.0200881958007812 -0.0513763427734375 -0.44744873046875 -0.61468505859375
0.0125522613525391 -0.0304851531982422 -0.604248046875 -0.48828125
-0.00867271423339844 0.0060734748840332 -0.57196044921875 -0.4281005859375
-0.0410003662109375 -0.00286483764648438 -0.4400634765625 -0.230072021484375
-0.0547561645507812 -0.0375938415527344 -0.139801025390625 -0.0589447021484375
0.000684738159179689 0.0203590393066406 0.152633666992187 0.124038696289062
-0.00412559509277344 0.0268001556396484 0.4534912109375 0.326751708984375
-0.00222969055175781 0.0222721099853516 0.5367431640625 0.41510009765625
0.00279998779296875 0.0222339630126953 0.48626708984375 0.56756591796875
-0.010838508605957 -0.00393390655517578 0.3062744140625 0.66021728515625
-0.00942039489746094 -0.0248851776123047 0.20867919921875 0.6361083984375
0.00759506225585937 -0.0259590148925781 0.120513916015625 0.381988525390625
0.00783157348632812 -0.035797119140625 0.0448722839355469 0.0138511657714844
0.00833511352539063 -0.0349483489990234 -0.056396484375 -0.36053466796875
-0.00329208374023437 -0.0403480529785156 -0.22503662109375 -0.5950927734375
0.00919342041015625 -0.0360527038574219 -0.4635009765625 -0.595458984375
0.00416183471679687 -0.0306777954101562 -0.6212158203125 -0.4681396484375
0.00382590293884277 0.000364303588867188 -0.58319091796875 -0.4188232421875
-0.0142917633056641 0.00350666046142578 -0.4488525390625 -0.2286376953125
-0.02490234375 -0.0167446136474609 -0.143280029296875 -0.066253662109375
0.0291213989257813 0.0562477111816406 0.149322509765625 0.124267578125
0.0319404602050781 0.0470237731933594 0.44775390625 0.332489013671875
0.0226383209228516 0.0168800354003906 0.5281982421875 0.426361083984375
0.000321388244628908 0.0141849517822266 0.4691162109375 0.582763671875
-0.0246810913085938 0.00575828552246094 0.29058837890625 0.67413330078125
-0.0230426788330078 0.00067520141601562 0.19744873046875 0.64312744140625
0.00105142593383789 0.00173795223236084 0.117950439453125 0.382843017578125
0.0104913711547852 -0.0143680572509766 0.0434799194335938 0.0125007629394531
0.00657463073730469 -0.010676383972168 -0.06048583984375 -0.363861083984375
-0.00916385650634766 -0.0149974822998047 -0.2330322265625 -0.59002685546875
-0.00199508666992188 -0.0177555084228516 -0.4730224609375 -0.5823974609375
-0.00269126892089844 -0.0294914245605469 -0.6285400390625 -0.45208740234375
0.0144996643066406 -0.00617122650146484 -0.5899658203125 -0.40631103515625
0.0140047073364258 0.00934314727783203 -0.44940185546875 -0.225830078125
0.0116748809814453 0.00475692749023438 -0.137252807617188 -0.06915283203125
0.0572433471679688 0.0860366821289063 0.15643310546875 0.128372192382813
0.0635528564453125 0.0663337707519531 0.4405517578125 0.332855224609375
0.0422172546386719 0.0124740600585938 0.5164794921875 0.439300537109375
-0.00218772888183594 0.00827836990356445 0.46282958984375 0.5986328125
-0.0391883850097656 0.0153121948242187 0.28839111328125 0.68206787109375
-0.0363540649414063 0.0208511352539062 0.1932373046875 0.6400146484375
-0.00281906127929688 0.0266647338867188 0.117706298828125 0.3736572265625
0.00991725921630859 0.00606727600097656 0.0442390441894531 4.57763671875004E-05
0.00470733642578125 0.010380744934082 -0.06658935546875 -0.3719482421875
-0.0164079666137695 0.00792407989501953 -0.2412109375 -0.59326171875
-0.0127973556518555 -0.00326251983642578 -0.476318359375 -0.5809326171875
-0.00942230224609375 -0.0271091461181641 -0.63189697265625 -0.44085693359375
0.0251255035400391 -0.0127525329589844 -0.59222412109375 -0.3975830078125
0.0421218872070313 0.0153427124023438 -0.447235107421875 -0.22271728515625
0.0444564819335938 0.0260810852050781 -0.129997253417969 -0.066314697265625
0.079559326171875 0.101409912109375 0.171051025390625 0.132949829101563
0.08563232421875 0.071533203125 0.436065673828125 0.330535888671875
0.0521354675292969 0.0096282958984375 0.511688232421875 0.454132080078125
-0.00814914703369141 0.00530576705932617 0.46795654296875 0.61053466796875
-0.0479316711425781 0.0258903503417969 0.2996826171875 0.6829833984375
-0.0454788208007813 0.0358810424804688 0.19915771484375 0.6246337890625
-0.00547027587890625 0.0394363403320313 0.115264892578125 0.351715087890625
0.00999641418457031 0.0181236267089844 0.0396347045898438 -0.0194053649902344
0.00407218933105469 0.0260944366455078 -0.07220458984375 -0.391021728515625
-0.0223388671875 0.0236053466796875 -0.2421875 -0.60546875
-0.0217189788818359 0.00768089294433594 -0.47442626953125 -0.58349609375
-0.0151519775390625 -0.0274562835693359 -0.6236572265625 -0.4375
0.0373382568359375 -0.0177879333496094 -0.586181640625 -0.39093017578125
0.0636672973632812 0.0208625793457031 -0.44244384765625 -0.221038818359375
0.0697097778320313 0.0493850708007813 -0.115478515625 -0.0539398193359375
0.0927810668945312 0.101837158203125 0.188980102539062 0.142044067382813
0.0941696166992187 0.069610595703125 0.43231201171875 0.328521728515625
0.0535354614257813 0.00909042358398438 0.514617919921875 0.465728759765625
-0.0112009048461914 0.00878429412841797 0.48492431640625 0.6185302734375
-0.0535049438476562 0.0320396423339844 0.3209228515625 0.67333984375
-0.0488929748535156 0.0429039001464844 0.20721435546875 0.60186767578125
-0.00474166870117187 0.0439796447753906 0.116302490234375 0.324615478515625
0.0101985931396484 0.0202713012695313 0.0339126586914062 -0.0447578430175781
0.00111198425292969 0.0293941497802734 -0.075897216796875 -0.41265869140625
-0.0270805358886719 0.0301647186279297 -0.239501953125 -0.627685546875
-0.0276012420654297 0.0101757049560547 -0.46649169921875 -0.59686279296875
-0.0165481567382812 -0.0317745208740234 -0.6121826171875 -0.44134521484375
0.0469322204589844 -0.0185012817382813 -0.5765380859375 -0.3824462890625
0.0820693969726562 0.0302276611328125 -0.431732177734375 -0.21990966796875
0.0831146240234375 0.0674972534179688 -0.099639892578125 -0.0375518798828125
0.0946044921875 0.0900344848632813 0.208633422851563 0.149688720703125
0.0890655517578125 0.0634384155273438 0.435577392578125 0.324981689453125
0.0456352233886719 0.0104217529296875 0.52978515625 0.4696044921875
-0.0106878280639648 0.0159444808959961 0.5162353515625 0.6129150390625
-0.0496406555175781 0.0334281921386719 0.347412109375 0.65478515625
-0.0452880859375 0.0397148132324219 0.2218017578125 0.5723876953125
-0.00487518310546875 0.0363311767578125 0.113677978515625 0.299713134765625
0.0101785659790039 0.0137338638305664 0.0273323059082031 -0.0693359375
0.00117683410644531 0.0262050628662109 -0.076416015625 -0.436553955078125
-0.0296115875244141 0.0246925354003906 -0.2255859375 -0.651611328125
-0.0295734405517578 0.0063323974609375 -0.443359375 -0.61968994140625
-0.0139484405517578 -0.0339145660400391 -0.5933837890625 -0.4512939453125
0.0539169311523438 -0.0152473449707031 -0.56610107421875 -0.38543701171875
0.0864334106445313 0.0390548706054688 -0.421539306640625 -0.22015380859375
0.0819244384765625 0.0782394409179688 -0.0848312377929688 -0.0167236328125
0.0848846435546875 0.0734786987304688 0.227279663085938 0.154098510742188
0.0727157592773438 0.0545272827148438 0.4437255859375 0.323028564453125
0.0374603271484375 0.0154914855957031 0.547882080078125 0.463836669921875
-0.00844573974609375 0.0211219787597656 0.54840087890625 0.59564208984375
-0.0428085327148438 0.0297966003417969 0.37548828125 0.6248779296875
-0.0385932922363281 0.0245628356933594 0.236846923828125 0.5440673828125
-0.00547599792480469 0.0189456939697266 0.1138916015625 0.275634765625
0.00794506072998047 -0.000939369201660156 0.0217666625976563 -0.091766357421875
-0.000240325927734374 0.0126638412475586 -0.07110595703125 -0.459869384765625
-0.0268478393554688 0.0103626251220703 -0.200439453125 -0.67529296875
-0.0254001617431641 -0.00204277038574218 -0.4129638671875 -0.6441650390625
-0.0102024078369141 -0.0349063873291016 -0.5679931640625 -0.4659423828125
0.0500679016113281 -0.00914764404296875 -0.55322265625 -0.38885498046875
0.0784912109375 0.0425186157226563 -0.41461181640625 -0.222320556640625
0.0687255859375 0.0767669677734375 -0.0734634399414063 0.00292205810546876
-0.0241641998291016 -0.0136337280273437 0.161788940429688 0.127349853515625
-0.0364151000976563 0.0104637145996094 0.4593505859375 0.3240966796875
-0.0224113464355469 0.0314178466796875 0.54931640625 0.412750244140625
0.00631141662597657 0.0312690734863281 0.50897216796875 0.564697265625
0.00484371185302734 -0.0151510238647461 0.33135986328125 0.64886474609375
0.004241943359375 -0.0460281372070313 0.2265625 0.623046875
0.00764846801757813 -0.0525169372558594 0.121551513671875 0.373291015625
0.006805419921875 -0.0583953857421875 0.0418319702148438 0.004638671875
0.0114364624023438 -0.0588760375976562 -0.053680419921875 -0.374664306640625
0.00748062133789062 -0.0638313293457031 -0.212158203125 -0.61370849609375
0.0203056335449219 -0.0493507385253906 -0.4482421875 -0.62115478515625
0.0138072967529297 -0.0296077728271484 -0.60772705078125 -0.4913330078125
-0.00987148284912109 0.00549030303955078 -0.57275390625 -0.43316650390625
-0.04095458984375 -0.00286483764648437 -0.44268798828125 -0.2322998046875
-0.0542030334472656 -0.0373039245605469 -0.138473510742187 -0.0597305297851562
0.000473022460937499 0.0189437866210938 0.153839111328125 0.125503540039063
-0.00361824035644531 0.0275840759277344 0.456085205078125 0.329803466796875
-0.0013580322265625 0.0252017974853516 0.538238525390625 0.41961669921875
0.00311851501464844 0.0214061737060547 0.4864501953125 0.572998046875
-0.00929164886474609 -0.00293254852294922 0.30609130859375 0.663818359375
-0.00849723815917969 -0.0242252349853516 0.20623779296875 0.638916015625
0.00616264343261719 -0.0241336822509766 0.118896484375 0.385009765625
0.0100288391113281 -0.0352554321289062 0.0446891784667969 0.0129241943359375
0.00763702392578125 -0.0356559753417969 -0.058441162109375 -0.363922119140625
-0.00154495239257813 -0.0423011779785156 -0.22467041015625 -0.5982666015625
0.0101661682128906 -0.0362281799316406 -0.46380615234375 -0.59967041015625
0.00391578674316406 -0.0309410095214844 -0.62176513671875 -0.47161865234375
0.00212740898132324 0.00194454193115234 -0.58465576171875 -0.41973876953125
-0.0153827667236328 0.00481986999511719 -0.452239990234375 -0.229034423828125
-0.0239906311035156 -0.0162429809570312 -0.144760131835938 -0.0674591064453125
0.0291748046875 0.0586776733398438 0.150192260742188 0.124298095703125
0.0313568115234375 0.0498008728027344 0.450164794921875 0.335052490234375
0.0230560302734375 0.0186557769775391 0.52960205078125 0.429962158203125
0.00123119354248047 0.0125398635864258 0.4693603515625 0.5853271484375
-0.0254192352294922 0.00672340393066406 0.28955078125 0.6767578125
-0.02215576171875 -0.00152206420898437 0.19476318359375 0.64910888671875
0.00164568424224854 0.00211906433105469 0.116668701171875 0.3856201171875
0.0103759765625 -0.0130729675292969 0.0439491271972656 0.0125770568847656
0.00580596923828125 -0.0127172470092773 -0.060211181640625 -0.3638916015625
-0.00942897796630859 -0.0157871246337891 -0.23345947265625 -0.5914306640625
-0.00200462341308594 -0.0205116271972656 -0.47381591796875 -0.5858154296875
-0.00174522399902344 -0.0280189514160156 -0.6312255859375 -0.45623779296875
0.0144376754760742 -0.00652408599853516 -0.59063720703125 -0.411865234375
0.0135278701782227 0.00933074951171875 -0.451690673828125 -0.229217529296875
0.0118198394775391 0.00581169128417969 -0.139549255371094 -0.069366455078125
0.0562362670898438 0.0850067138671875 0.157333374023438 0.12969970703125
0.0656585693359375 0.0662040710449219 0.442230224609375 0.336669921875
0.0417366027832031 0.0134162902832031 0.5216064453125 0.4449462890625
-0.00289344787597656 0.00693559646606445 0.46435546875 0.602783203125
-0.0393257141113281 0.016082763671875 0.28759765625 0.68780517578125
-0.0354194641113281 0.0197601318359375 0.19403076171875 0.64349365234375
-0.00314712524414063 0.0266609191894531 0.11553955078125 0.375732421875
0.0114755630493164 0.0048980712890625 0.0431900024414063 0.00143814086914063
0.00722408294677734 0.00937175750732422 -0.066314697265625 -0.37249755859375
-0.0179710388183594 0.00930023193359375 -0.239990234375 -0.5965576171875
-0.0118083953857422 -0.00424766540527344 -0.47833251953125 -0.583740234375
-0.0104522705078125 -0.027374267578125 -0.6346435546875 -0.44525146484375
0.0266361236572266 -0.0121746063232422 -0.59246826171875 -0.401611328125
0.040252685546875 0.0153961181640625 -0.44775390625 -0.22686767578125
0.0443458557128906 0.0283889770507812 -0.129920959472656 -0.0653076171875
0.080078125 0.101905822753906 0.172103881835938 0.135162353515625
0.0872116088867188 0.0731582641601563 0.43719482421875 0.332427978515625
0.0517005920410156 0.00921249389648437 0.512176513671875 0.45758056640625
-0.00654649734497071 0.00656938552856445 0.46771240234375 0.6153564453125
-0.0499343872070313 0.0236587524414063 0.29815673828125 0.68621826171875
-0.0459785461425781 0.0369644165039062 0.19696044921875 0.62872314453125
-0.0052642822265625 0.0410804748535156 0.116058349609375 0.354400634765625
0.0109405517578125 0.0179691314697266 0.0406646728515625 -0.0194053649902344
0.00250244140625 0.0253543853759766 -0.0701904296875 -0.39239501953125
-0.0214424133300781 0.0238018035888672 -0.24432373046875 -0.60931396484375
-0.0196819305419922 0.00762939453125 -0.4754638671875 -0.58856201171875
-0.0147132873535156 -0.0270462036132813 -0.6279296875 -0.4417724609375
0.03759765625 -0.0173301696777344 -0.5858154296875 -0.392822265625
0.0664901733398438 0.0217552185058594 -0.44244384765625 -0.2244873046875
0.0714187622070313 0.050567626953125 -0.115554809570312 -0.055938720703125
0.0942306518554688 0.104133605957031 0.189544677734375 0.142547607421875
0.0950469970703125 0.0710067749023438 0.43487548828125 0.330841064453125
0.0535964965820313 0.00795364379882813 0.5162353515625 0.47021484375
-0.00990486145019531 0.00742626190185547 0.4871826171875 0.6240234375
-0.0528182983398437 0.0317764282226563 0.32012939453125 0.6783447265625
-0.04656982421875 0.0434608459472656 0.20635986328125 0.60504150390625
-0.00487899780273437 0.0430335998535156 0.115966796875 0.327056884765625
0.0105495452880859 0.0188694000244141 0.0340957641601562 -0.0462493896484375
0.00156402587890625 0.0302791595458984 -0.076080322265625 -0.41387939453125
-0.0277156829833984 0.030059814453125 -0.239501953125 -0.63043212890625
-0.0275287628173828 0.00933837890625001 -0.4659423828125 -0.60260009765625
-0.0150051116943359 -0.0306339263916016 -0.61383056640625 -0.44580078125
0.0477867126464844 -0.0180435180664063 -0.57989501953125 -0.38922119140625
0.0823822021484375 0.0306320190429687 -0.434051513671875 -0.222076416015625
0.0827789306640625 0.0697250366210938 -0.099334716796875 -0.036834716796875
0.0945892333984375 0.0917434692382813 0.208358764648437 0.151504516601563
0.088897705078125 0.0642547607421875 0.4384765625 0.32989501953125
0.04583740234375 0.0107650756835937 0.53143310546875 0.474853515625
-0.0111503601074219 0.0162324905395508 0.5164794921875 0.62017822265625
-0.0499038696289063 0.0338401794433594 0.34771728515625 0.65643310546875
-0.0443534851074219 0.0385475158691406 0.22186279296875 0.57623291015625
-0.00632667541503907 0.0347843170166016 0.1146240234375 0.30072021484375
0.00905895233154297 0.0121707916259766 0.0283699035644531 -0.0690460205078125
-0.000616073608398438 0.0256786346435547 -0.074920654296875 -0.439666748046875
-0.0296058654785156 0.0249652862548828 -0.224609375 -0.65496826171875
-0.0298042297363281 0.00669860839843749 -0.44580078125 -0.624267578125
-0.0145473480224609 -0.0334568023681641 -0.59307861328125 -0.45318603515625
0.0528564453125 -0.0147514343261719 -0.566650390625 -0.3885498046875
0.0863037109375 0.040435791015625 -0.425445556640625 -0.22369384765625
0.0813217163085938 0.07861328125 -0.0831222534179688 -0.016998291015625
0.0841445922851562 0.0760269165039063 0.227371215820313 0.15521240234375
0.074493408203125 0.0565948486328125 0.445068359375 0.32415771484375
0.0361137390136719 0.0159492492675781 0.55084228515625 0.46722412109375
-0.00885772705078125 0.0208702087402344 0.5499267578125 0.60009765625
-0.0428581237792969 0.0295372009277344 0.377197265625 0.63116455078125
-0.03814697265625 0.0259208679199219 0.236846923828125 0.547943115234375
-0.00551605224609375 0.0185470581054687 0.113433837890625 0.27752685546875
0.00986289978027344 -0.00195026397705078 0.02117919921875 -0.0928802490234375
-0.00123310089111328 0.0113430023193359 -0.072174072265625 -0.4625244140625
-0.0263271331787109 0.0120582580566406 -0.2003173828125 -0.68115234375
-0.0260601043701172 -0.00223159790039063 -0.4151611328125 -0.64794921875
-0.0101776123046875 -0.0341587066650391 -0.5712890625 -0.47052001953125
0.0502128601074219 -0.00808334350585938 -0.556243896484375 -0.3935546875
0.0767364501953125 0.0438690185546875 -0.418212890625 -0.2232666015625
0.0674362182617188 0.0794219970703125 -0.074493408203125 0.00369262695312501
-0.0235614776611328 -0.0143013000488281 0.164169311523438 0.128829956054688
-0.0376663208007813 0.0102310180664063 0.463775634765625 0.32696533203125
-0.0230331420898438 0.0320510864257812 0.55181884765625 0.41632080078125
0.00645065307617188 0.0319118499755859 0.51220703125 0.56793212890625
0.00435161590576172 -0.0135402679443359 0.32940673828125 0.65643310546875
0.00273513793945312 -0.0482826232910156 0.22607421875 0.62921142578125
0.00797271728515626 -0.0529975891113281 0.121673583984375 0.376434326171875
0.00792312622070312 -0.0597038269042969 0.0405616760253906 0.00475692749023437
0.0111618041992187 -0.0584220886230469 -0.055511474609375 -0.37701416015625
0.00795364379882813 -0.0652351379394531 -0.2132568359375 -0.6180419921875
0.021240234375 -0.0497627258300781 -0.45263671875 -0.62408447265625
0.0129146575927734 -0.0314731597900391 -0.6131591796875 -0.4959716796875
-0.010136604309082 0.00697898864746094 -0.57745361328125 -0.4368896484375
-0.0418052673339844 -0.00243759155273437 -0.4476318359375 -0.2354736328125
-0.0548477172851563 -0.0381851196289062 -0.139556884765625 -0.0606842041015625
0.00137138366699219 0.0200519561767578 0.154571533203125 0.125274658203125
-0.00357437133789063 0.0277023315429688 0.45892333984375 0.334869384765625
-0.00189590454101562 0.0226097106933594 0.543243408203125 0.422760009765625
0.00504302978515625 0.0217952728271484 0.491455078125 0.5762939453125
-0.0086512565612793 -0.00460147857666016 0.306396484375 0.67059326171875
-0.00901603698730469 -0.0258846282958984 0.2086181640625 0.64617919921875
0.00393486022949219 -0.0258445739746094 0.120849609375 0.389068603515625
0.0076446533203125 -0.0365638732910156 0.0436172485351563 0.0142135620117188
0.00878143310546875 -0.0351085662841797 -0.05706787109375 -0.3670654296875
-0.00040435791015625 -0.0411758422851562 -0.2242431640625 -0.60260009765625
0.00995635986328125 -0.0364723205566406 -0.4664306640625 -0.60302734375
0.00584793090820313 -0.0313358306884766 -0.62615966796875 -0.47406005859375
0.00219202041625977 0.00145077705383301 -0.5870361328125 -0.4244384765625
-0.0156993865966797 0.00351905822753906 -0.454315185546875 -0.2318115234375
-0.0267448425292969 -0.0164127349853516 -0.146530151367188 -0.0686798095703125
0.0300140380859375 0.0592842102050781 0.152679443359375 0.125030517578125
0.0325241088867188 0.0492820739746094 0.4517822265625 0.33782958984375
0.0232295989990234 0.0182838439941406 0.53411865234375 0.43646240234375
0.000663757324218749 0.0125484466552734 0.4737548828125 0.58935546875
-0.0246925354003906 0.00529670715332031 0.29119873046875 0.683349609375
-0.0223388671875 -0.00254058837890625 0.196533203125 0.65350341796875
0.00207948684692383 0.00323200225830078 0.118011474609375 0.38916015625
0.0112905502319336 -0.0142898559570313 0.0453147888183594 0.012969970703125
0.00684452056884766 -0.0109758377075195 -0.06005859375 -0.366363525390625
-0.0100650787353516 -0.0147380828857422 -0.23193359375 -0.59552001953125
-0.00104522705078125 -0.0194034576416016 -0.476318359375 -0.5924072265625
-0.00303459167480469 -0.0289306640625 -0.63385009765625 -0.45977783203125
0.0147056579589844 -0.0064544677734375 -0.5965576171875 -0.41461181640625
0.0145807266235352 0.0101785659790039 -0.45404052734375 -0.23150634765625
0.0106697082519531 0.00734233856201172 -0.140823364257812 -0.0714569091796875
0.0574722290039063 0.087921142578125 0.160614013671875 0.129425048828125
0.0667381286621094 0.0663909912109375 0.444091796875 0.337890625
0.0421943664550781 0.01446533203125 0.525146484375 0.44781494140625
-0.0012664794921875 0.00693035125732422 0.46563720703125 0.6064453125
-0.039703369140625 0.0162582397460938 0.2896728515625 0.69232177734375
-0.036956787109375 0.0213890075683594 0.193359375 0.64788818359375
-0.00121116638183594 0.0259666442871094 0.116363525390625 0.37744140625
0.0107412338256836 0.00514888763427734 0.0431175231933594 0.00104522705078125
0.00583457946777344 0.00909423828125 -0.06719970703125 -0.376220703125
-0.0149765014648437 0.0096883773803711 -0.24114990234375 -0.601806640625
-0.0128860473632813 -0.0045328140258789 -0.48089599609375 -0.5885009765625
-0.0100212097167969 -0.0276050567626953 -0.63653564453125 -0.44805908203125
0.0273799896240234 -0.0118446350097656 -0.59857177734375 -0.40509033203125
0.0416374206542969 0.0164413452148438 -0.452667236328125 -0.228790283203125
0.0454368591308594 0.0290679931640625 -0.130889892578125 -0.067352294921875
0.0819244384765625 0.103973388671875 0.173797607421875 0.136474609375
0.08746337890625 0.0743484497070313 0.440765380859375 0.335479736328125
0.0545196533203125 0.00981903076171875 0.5179443359375 0.462158203125
-0.00780200958251953 0.00486135482788086 0.47076416015625 0.62078857421875
-0.049957275390625 0.0251235961914063 0.298095703125 0.6917724609375
-0.0454978942871094 0.0360679626464844 0.19720458984375 0.63226318359375
-0.0042724609375 0.040679931640625 0.117218017578125 0.35626220703125
0.0113868713378906 0.017451286315918 0.0408706665039062 -0.0209808349609375
0.004425048828125 0.0233192443847656 -0.0728759765625 -0.395294189453125
-0.0228691101074219 0.0259037017822266 -0.24334716796875 -0.6129150390625
-0.0201911926269531 0.00742149353027344 -0.47930908203125 -0.5947265625
-0.0152206420898437 -0.0303478240966797 -0.632080078125 -0.44500732421875
0.0370216369628906 -0.0160255432128906 -0.59197998046875 -0.39593505859375
0.0664176940917969 0.0228805541992188 -0.44610595703125 -0.2266845703125
0.0720977783203125 0.0509567260742188 -0.115562438964844 -0.055999755859375
0.0946731567382812 0.106025695800781 0.191864013671875 0.14312744140625
0.0945053100585938 0.0713424682617188 0.437713623046875 0.333709716796875
0.0530891418457031 0.0090789794921875 0.520477294921875 0.47320556640625
-0.00964736938476563 0.00728988647460937 0.4888916015625 0.629150390625
-0.0520362854003906 0.0316696166992188 0.32073974609375 0.68243408203125
-0.0480804443359375 0.0418815612792969 0.2073974609375 0.610107421875
-0.00513458251953125 0.0432968139648438 0.116973876953125 0.3297119140625
0.0104198455810547 0.0211410522460938 0.0342330932617188 -0.0468254089355469
0.00225067138671875 0.0308303833007813 -0.077362060546875 -0.41796875
-0.0283775329589844 0.0308303833007813 -0.24078369140625 -0.63360595703125
-0.0275192260742188 0.00911903381347657 -0.46923828125 -0.608154296875
-0.0165977478027344 -0.0311126708984375 -0.617919921875 -0.4482421875
0.048614501953125 -0.0174789428710938 -0.58380126953125 -0.391845703125
0.0831298828125 0.0318756103515625 -0.43768310546875 -0.224151611328125
0.0826568603515625 0.0698089599609375 -0.098846435546875 -0.0380401611328125
0.0954971313476563 0.0943222045898438 0.211502075195313 0.151123046875
0.0920791625976563 0.0651473999023438 0.441864013671875 0.3319091796875
0.0454826354980469 0.0115013122558594 0.534149169921875 0.477783203125
-0.009979248046875 0.0139360427856445 0.51922607421875 0.621826171875
-0.0504035949707031 0.0324363708496094 0.34881591796875 0.6627197265625
-0.0448074340820313 0.0390548706054688 0.222412109375 0.58111572265625
-0.00506591796875 0.0354957580566406 0.11444091796875 0.30224609375
0.00901603698730469 0.0119543075561523 0.0279083251953125 -0.0715103149414063
-0.00177192687988281 0.0250816345214844 -0.07598876953125 -0.441619873046875
-0.0301227569580078 0.0261325836181641 -0.226318359375 -0.660400390625
-0.0301761627197266 0.00563240051269531 -0.448486328125 -0.62884521484375
-0.0131130218505859 -0.0347042083740234 -0.5987548828125 -0.45947265625
0.0541534423828125 -0.0163917541503906 -0.5716552734375 -0.3919677734375
0.0874176025390625 0.0398406982421875 -0.4267578125 -0.22479248046875
0.0822677612304688 0.080902099609375 -0.0854339599609375 -0.01800537109375
0.0863723754882812 0.0768585205078125 0.228439331054687 0.157760620117187
0.0750961303710938 0.0558090209960938 0.44879150390625 0.3265380859375
0.0371437072753906 0.0156097412109375 0.55633544921875 0.471954345703125
-0.00793266296386719 0.0203018188476562 0.55255126953125 0.6044921875
-0.0426445007324219 0.028839111328125 0.37713623046875 0.63671875
-0.0383224487304688 0.0262870788574219 0.238494873046875 0.55126953125
-0.00564765930175781 0.0197620391845703 0.113372802734375 0.278656005859375
0.00799226760864258 -0.00152158737182617 0.0223464965820313 -0.093963623046875
-0.00158309936523438 0.0104522705078125 -0.0720520019531249 -0.4649658203125
-0.0270290374755859 0.0138397216796875 -0.20147705078125 -0.68414306640625
-0.0265674591064453 -0.00290870666503906 -0.4154052734375 -0.650634765625
-0.00924301147460938 -0.0354347229003906 -0.57330322265625 -0.472412109375
0.0514030456542969 -0.0095367431640625 -0.558929443359375 -0.3951416015625
0.0769805908203125 0.0435943603515625 -0.420257568359375 -0.226470947265625
0.0681381225585938 0.0798797607421875 -0.0757904052734375 0.00210571289062501
-0.0226078033447266 -0.0138607025146484 0.165390014648438 0.13067626953125
-0.0370216369628906 0.009796142578125 0.468353271484375 0.330963134765625
-0.0228633880615234 0.0311374664306641 0.5599365234375 0.42108154296875
0.00867462158203125 0.0319652557373047 0.51776123046875 0.572021484375
0.00581264495849609 -0.0140466690063477 0.33319091796875 0.66143798828125
0.00477218627929688 -0.0484962463378906 0.22900390625 0.63421630859375
0.0084686279296875 -0.052886962890625 0.1246337890625 0.38067626953125
0.00841140747070312 -0.0604667663574219 0.0401878356933594 0.0047454833984375
0.0100593566894531 -0.0610427856445313 -0.056396484375 -0.379425048828125
0.00765228271484375 -0.06378173828125 -0.21441650390625 -0.6220703125
0.0223770141601563 -0.0519027709960937 -0.4559326171875 -0.629150390625
0.0116691589355469 -0.0291423797607422 -0.616943359375 -0.4976806640625
-0.01031494140625 0.00803089141845703 -0.5833740234375 -0.4405517578125
-0.0425376892089844 -0.00201034545898437 -0.450286865234375 -0.238189697265625
-0.0551795959472656 -0.037872314453125 -0.14178466796875 -0.0608978271484375
0.000425338745117189 0.0197296142578125 0.156936645507813 0.124786376953125
-0.00474739074707031 0.0281734466552734 0.46435546875 0.33697509765625
-0.00143623352050781 0.0242805480957031 0.550506591796875 0.42681884765625
0.00546455383300781 0.0220279693603516 0.49444580078125 0.5819091796875
-0.0075836181640625 -0.00505733489990234 0.30902099609375 0.67767333984375
-0.00792884826660156 -0.0253276824951172 0.2099609375 0.65069580078125
0.00649452209472656 -0.0267162322998047 0.12030029296875 0.390411376953125
0.0088043212890625 -0.0383071899414063 0.0443878173828125 0.0146217346191406
0.0097808837890625 -0.0364723205566406 -0.059600830078125 -0.3697509765625
-0.00226211547851562 -0.0407257080078125 -0.22698974609375 -0.60589599609375
0.00979232788085937 -0.0369224548339844 -0.47210693359375 -0.608154296875
0.00493431091308593 -0.0315208435058594 -0.63177490234375 -0.47979736328125
0.00101900100708008 0.000435709953308105 -0.59442138671875 -0.4283447265625
-0.0157938003540039 0.00261783599853516 -0.458160400390625 -0.235137939453125
-0.0253677368164063 -0.0155239105224609 -0.146591186523438 -0.068756103515625
0.0290870666503906 0.0597915649414062 0.154006958007813 0.125991821289063
0.033203125 0.0494041442871094 0.456024169921875 0.342041015625
0.0221939086914063 0.0182762145996094 0.540679931640625 0.438507080078125
0.00103855133056641 0.0133934020996094 0.47705078125 0.5965576171875
-0.0242347717285156 0.00455856323242187 0.29388427734375 0.6904296875
-0.0225677490234375 -0.000974655151367189 0.19854736328125 0.658935546875
-0.000200748443603516 0.00200736522674561 0.1195068359375 0.3936767578125
0.0095977783203125 -0.014714241027832 0.0451545715332031 0.0123062133789062
0.00880050659179688 -0.0126266479492188 -0.0611572265625 -0.369354248046875
-0.00957584381103515 -0.0151576995849609 -0.237060546875 -0.6015625
-0.00242233276367188 -0.0199832916259766 -0.48199462890625 -0.59649658203125
-0.00404930114746094 -0.030670166015625 -0.640625 -0.46173095703125
0.0148658752441406 -0.00634956359863281 -0.60064697265625 -0.41754150390625
0.0138149261474609 0.011723518371582 -0.46044921875 -0.2342529296875
0.0116653442382812 0.00727653503417969 -0.14190673828125 -0.0720977783203125
0.0586166381835937 0.089569091796875 0.161529541015625 0.131332397460938
0.0652656555175781 0.0686836242675781 0.449432373046875 0.340667724609375
0.0423431396484375 0.0130195617675781 0.52886962890625 0.451202392578125
-0.00188159942626953 0.00678062438964844 0.46917724609375 0.6123046875
-0.0405197143554688 0.0142974853515625 0.28955078125 0.698974609375
-0.0363998413085937 0.0198402404785156 0.19622802734375 0.654052734375
-0.0018157958984375 0.0264492034912109 0.118499755859375 0.379852294921875
0.0106477737426758 0.00659751892089844 0.0449905395507813 0.00131607055664063
0.00799846649169922 0.0095062255859375 -0.0670166015625 -0.37908935546875
-0.0162496566772461 0.00760746002197265 -0.2445068359375 -0.60693359375
-0.0119962692260742 -0.00350093841552735 -0.48602294921875 -0.5938720703125
-0.0104923248291016 -0.0278873443603516 -0.6424560546875 -0.45184326171875
0.026458740234375 -0.0118274688720703 -0.60394287109375 -0.40826416015625
0.0414962768554688 0.0160026550292969 -0.459869384765625 -0.230499267578125
0.0461349487304688 0.0297355651855469 -0.131072998046875 -0.0670242309570313
0.0821685791015625 0.105300903320313 0.175384521484375 0.137298583984375
0.0884857177734375 0.0752105712890625 0.44580078125 0.3404541015625
0.0538482666015625 0.00873947143554688 0.52337646484375 0.46563720703125
-0.00470590591430664 0.00376176834106445 0.4755859375 0.6279296875
-0.0506324768066406 0.0242156982421875 0.30120849609375 0.6983642578125
-0.0454444885253906 0.03717041015625 0.201416015625 0.638427734375
-0.00627517700195312 0.0415840148925781 0.118011474609375 0.35986328125
0.0107889175415039 0.0172033309936523 0.0399131774902344 -0.020721435546875
0.004638671875 0.0245285034179688 -0.073211669921875 -0.399017333984375
-0.0223808288574219 0.0248699188232422 -0.247314453125 -0.61724853515625
-0.0226249694824219 0.00647735595703125 -0.48358154296875 -0.59783935546875
-0.0149059295654297 -0.0288829803466797 -0.63800048828125 -0.44989013671875
0.0375938415527344 -0.0169219970703125 -0.59747314453125 -0.3983154296875
0.0667228698730469 0.0223007202148438 -0.4521484375 -0.228790283203125
0.0730743408203125 0.0524063110351562 -0.117835998535156 -0.0562667846679688
0.0958023071289062 0.108924865722656 0.193817138671875 0.145660400390625
0.0962982177734375 0.0735397338867188 0.441986083984375 0.3375244140625
0.0534095764160156 0.00952529907226563 0.526458740234375 0.47723388671875
-0.00812721252441406 0.00958538055419922 0.49365234375 0.63348388671875
-0.0534744262695313 0.0307388305664063 0.3238525390625 0.68939208984375
-0.0477561950683594 0.0433120727539062 0.20916748046875 0.61474609375
-0.00561904907226563 0.0445327758789063 0.11639404296875 0.3326416015625
0.00985527038574219 0.0199432373046875 0.0345878601074219 -0.0457916259765625
0.0019073486328125 0.0307826995849609 -0.079620361328125 -0.421356201171875
-0.0261001586914063 0.0316734313964844 -0.24359130859375 -0.6402587890625
-0.0278034210205078 0.00935363769531249 -0.472900390625 -0.61297607421875
-0.0179500579833984 -0.0314407348632813 -0.6239013671875 -0.45294189453125
0.0494232177734375 -0.0181121826171875 -0.58843994140625 -0.39642333984375
0.0834503173828125 0.0342864990234375 -0.44219970703125 -0.22686767578125
0.0841827392578125 0.0718612670898438 -0.0999603271484375 -0.0400619506835937
0.0973129272460937 0.0977859497070312 0.21368408203125 0.15234375
0.0913009643554688 0.0677261352539063 0.44561767578125 0.334075927734375
0.0474662780761719 0.0117950439453125 0.54071044921875 0.482208251953125
-0.00933647155761719 0.0155553817749023 0.52435302734375 0.62921142578125
-0.0498847961425781 0.0334396362304688 0.3525390625 0.6693115234375
-0.0454788208007813 0.0395240783691406 0.22503662109375 0.5853271484375
-0.0052490234375 0.0359382629394531 0.11614990234375 0.304351806640625
0.0089263916015625 0.0125522613525391 0.0264358520507812 -0.0728530883789063
-0.000762939453124998 0.0265846252441406 -0.07684326171875 -0.447662353515625
-0.0291824340820312 0.0270404815673828 -0.22869873046875 -0.66534423828125
-0.0306510925292969 0.00425148010253906 -0.4522705078125 -0.63494873046875
-0.0141868591308594 -0.0340633392333984 -0.60516357421875 -0.4632568359375
0.0544471740722656 -0.0141639709472656 -0.575927734375 -0.39678955078125
0.0874710083007813 0.0425338745117188 -0.431488037109375 -0.226593017578125
0.0818557739257813 0.0846786499023438 -0.0868453979492188 -0.0182342529296875
0.0878219604492188 0.0786514282226563 0.233673095703125 0.157638549804688
0.07574462890625 0.055938720703125 0.454132080078125 0.330108642578125
0.0382423400878906 0.0155258178710938 0.560211181640625 0.4759521484375
-0.00615882873535156 0.0201377868652344 0.558837890625 0.611083984375
-0.0433387756347656 0.0286636352539063 0.38031005859375 0.64031982421875
-0.0399398803710938 0.0282745361328125 0.24041748046875 0.555999755859375
-0.00503921508789062 0.0187873840332031 0.114593505859375 0.28155517578125
0.00811147689819336 -0.000413894653320313 0.0222625732421875 -0.0930252075195313
-0.000410079956054687 0.0115213394165039 -0.071258544921875 -0.470123291015625
-0.0258617401123047 0.0136356353759766 -0.2034912109375 -0.6907958984375
-0.0258903503417969 -0.00363731384277344 -0.4190673828125 -0.65655517578125
-0.00999069213867187 -0.0363311767578125 -0.57733154296875 -0.47686767578125
0.0517082214355469 -0.0089569091796875 -0.5657958984375 -0.39874267578125
0.0784988403320313 0.044830322265625 -0.424041748046875 -0.2298583984375
0.0693435668945312 0.0814590454101563 -0.0757293701171875 0.00094604492187499
-0.0229396820068359 -0.0129795074462891 0.169464111328125 0.130111694335938
-0.0372695922851563 0.00967788696289062 0.474578857421875 0.33148193359375
-0.0223903656005859 0.0333652496337891 0.56634521484375 0.4248046875
0.00987434387207031 0.0323982238769531 0.5228271484375 0.5789794921875
0.00516605377197266 -0.0152072906494141 0.33843994140625 0.66619873046875
0.00400161743164063 -0.048614501953125 0.2315673828125 0.64178466796875
0.00667190551757812 -0.0543022155761719 0.126007080078125 0.3839111328125
0.00816726684570313 -0.0632438659667969 0.0410919189453125 0.003814697265625
0.011138916015625 -0.0616455078125 -0.0589599609375 -0.383544921875
0.00836563110351563 -0.0658798217773437 -0.21923828125 -0.62750244140625
0.0207939147949219 -0.0534324645996094 -0.46270751953125 -0.635009765625
0.0123100280761719 -0.0303363800048828 -0.6239013671875 -0.50482177734375
-0.00950431823730469 0.00739765167236328 -0.5887451171875 -0.44354248046875
-0.0426750183105469 -0.000473022460937506 -0.458221435546875 -0.241546630859375
-0.0567703247070313 -0.0378189086914063 -0.142608642578125 -0.0595245361328125
0.002716064453125 0.0215110778808594 0.15924072265625 0.123809814453125
-0.00330734252929687 0.0280113220214844 0.4705810546875 0.34100341796875
-0.00160789489746094 0.0251388549804688 0.55731201171875 0.4298095703125
0.00667190551757813 0.0208320617675781 0.50048828125 0.58367919921875
-0.0084376335144043 -0.00490236282348633 0.31201171875 0.6842041015625
-0.00808906555175781 -0.0270633697509766 0.213623046875 0.65802001953125
0.00565147399902344 -0.0259571075439453 0.12347412109375 0.39495849609375
0.00862503051757812 -0.0371208190917969 0.0435142517089844 0.015411376953125
0.00873947143554687 -0.0389671325683594 -0.0625 -0.37164306640625
-0.00200653076171875 -0.041900634765625 -0.2318115234375 -0.61212158203125
0.00975799560546875 -0.0374755859375 -0.4754638671875 -0.61505126953125
0.00471687316894531 -0.0322322845458984 -0.641357421875 -0.48284912109375
0.00240015983581543 0.00127267837524414 -0.60089111328125 -0.43243408203125
-0.0174312591552734 0.0054006576538086 -0.46630859375 -0.237091064453125
-0.0237445831298828 -0.0152454376220703 -0.149703979492188 -0.0694732666015625
0.0310859680175781 0.0604324340820312 0.15753173828125 0.125350952148438
0.0339279174804688 0.0523490905761719 0.46478271484375 0.344390869140625
0.0229740142822266 0.019134521484375 0.546142578125 0.4415283203125
0.0027008056640625 0.01202392578125 0.48150634765625 0.60064697265625
-0.0253353118896484 0.00415802001953125 0.29754638671875 0.69598388671875
-0.0230846405029297 -0.00230216979980469 0.201171875 0.66619873046875
0.00126755237579346 0.00136029720306396 0.12109375 0.3963623046875
0.0105686187744141 -0.0147647857666016 0.0459442138671875 0.0127487182617188
0.00768470764160156 -0.0118122100830078 -0.064422607421875 -0.37261962890625
-0.00863170623779297 -0.0150060653686523 -0.23968505859375 -0.60577392578125
-0.00142860412597656 -0.0202846527099609 -0.4862060546875 -0.601318359375
-0.00385093688964844 -0.0289020538330078 -0.64752197265625 -0.46661376953125
0.0134124755859375 -0.00578022003173828 -0.60894775390625 -0.42230224609375
0.013484001159668 0.0107831954956055 -0.4658203125 -0.23529052734375
0.0117692947387695 0.00821495056152344 -0.142333984375 -0.07257080078125
0.0595016479492188 0.0914077758789063 0.165145874023437 0.13262939453125
0.0675086975097656 0.0702743530273438 0.456817626953125 0.34423828125
0.0431060791015625 0.0137481689453125 0.53643798828125 0.45501708984375
-0.000326156616210937 0.00616216659545898 0.477294921875 0.619384765625
-0.0398788452148437 0.01556396484375 0.29376220703125 0.70550537109375
-0.0357589721679688 0.0223426818847656 0.19793701171875 0.66217041015625
-0.00147056579589844 0.0267448425292969 0.12017822265625 0.384429931640625
0.0116872787475586 0.00522518157958984 0.0447845458984375 -0.000370025634765625
0.00553035736083984 0.00908088684082031 -0.068328857421875 -0.3836669921875
-0.0147008895874023 0.00850296020507813 -0.24749755859375 -0.61077880859375
-0.0118207931518555 -0.00255966186523438 -0.49169921875 -0.59820556640625
-0.0109500885009766 -0.0283546447753906 -0.65106201171875 -0.45562744140625
0.0267753601074219 -0.0122871398925781 -0.610107421875 -0.4130859375
0.0424690246582031 0.0169486999511719 -0.4652099609375 -0.2332763671875
0.0459747314453125 0.0313339233398438 -0.132484436035156 -0.068572998046875
0.0832366943359375 0.107818603515625 0.1785888671875 0.13714599609375
0.0911178588867187 0.077056884765625 0.45098876953125 0.342132568359375
0.0538711547851563 0.0121002197265625 0.529876708984375 0.469268798828125
-0.00496816635131836 0.00482654571533203 0.4818115234375 0.63232421875
-0.0490837097167969 0.0245018005371094 0.30621337890625 0.70599365234375
-0.0470161437988281 0.0386466979980469 0.20318603515625 0.64654541015625
-0.00467300415039062 0.0418815612792969 0.119598388671875 0.3621826171875
0.0104694366455078 0.0176448822021484 0.0412750244140625 -0.0211143493652344
0.00471305847167969 0.0248680114746094 -0.0745849609375 -0.401519775390625
-0.0211143493652344 0.0256137847900391 -0.25146484375 -0.622802734375
-0.021820068359375 0.0062255859375 -0.490966796875 -0.602783203125
-0.0169830322265625 -0.0300674438476562 -0.64483642578125 -0.45123291015625
0.0395050048828125 -0.0177688598632812 -0.6048583984375 -0.4039306640625
0.0693359375 0.0235824584960938 -0.4576416015625 -0.231292724609375
0.07379150390625 0.0531692504882813 -0.1165771484375 -0.0565338134765625
0.0974807739257813 0.110252380371094 0.198486328125 0.146072387695312
0.0994110107421875 0.0750656127929688 0.44818115234375 0.339385986328125
0.054595947265625 0.00936126708984375 0.532501220703125 0.48046875
-0.00884342193603516 0.00794219970703125 0.5010986328125 0.64007568359375
-0.0531654357910156 0.0311851501464844 0.3272705078125 0.69580078125
-0.04925537109375 0.0436248779296875 0.21148681640625 0.6221923828125
-0.00587081909179687 0.0451622009277344 0.117919921875 0.333770751953125
0.009674072265625 0.0198879241943359 0.0327987670898438 -0.0474700927734375
0.00228118896484375 0.0299282073974609 -0.081146240234375 -0.425628662109375
-0.0288581848144531 0.0321521759033203 -0.24713134765625 -0.64471435546875
-0.0296516418457031 0.0101242065429687 -0.48040771484375 -0.61761474609375
-0.0181541442871094 -0.0331916809082031 -0.6322021484375 -0.45635986328125
0.0492782592773438 -0.0177040100097656 -0.59588623046875 -0.40045166015625
0.0848312377929687 0.0325851440429688 -0.448211669921875 -0.22796630859375
0.0844268798828125 0.0725936889648438 -0.102378845214844 -0.0395355224609375
0.0995025634765625 0.09808349609375 0.21734619140625 0.153839111328125
0.092620849609375 0.0679473876953125 0.4525146484375 0.3394775390625
0.0490837097167969 0.0105514526367188 0.54693603515625 0.485809326171875
-0.00974655151367188 0.0151519775390625 0.532470703125 0.633544921875
-0.05126953125 0.0342216491699219 0.356201171875 0.67559814453125
-0.0441856384277344 0.0404586791992188 0.22930908203125 0.59124755859375
-0.00644683837890625 0.0371665954589844 0.11810302734375 0.30682373046875
0.00991058349609375 0.012120246887207 0.0268325805664062 -0.0737762451171875
-0.000419616699218751 0.0257854461669922 -0.080047607421875 -0.451263427734375
-0.0296001434326172 0.0266914367675781 -0.23248291015625 -0.6697998046875
-0.0296688079833984 0.00525665283203125 -0.4578857421875 -0.6402587890625
-0.0151691436767578 -0.0351009368896484 -0.61126708984375 -0.46624755859375
0.0545425415039063 -0.0158157348632813 -0.583251953125 -0.3975830078125
0.089569091796875 0.0425186157226563 -0.4371337890625 -0.228851318359375
0.0842437744140625 0.0836868286132813 -0.0868911743164063 -0.01898193359375
0.088104248046875 0.0793228149414063 0.235061645507812 0.157974243164063
0.0773544311523438 0.0580520629882812 0.460601806640625 0.334564208984375
0.0381927490234375 0.0165672302246094 0.56658935546875 0.4801025390625
-0.00638198852539063 0.0204315185546875 0.563720703125 0.616943359375
-0.0433273315429688 0.0274620056152344 0.3853759765625 0.64862060546875
-0.0390892028808594 0.0279922485351563 0.24371337890625 0.56353759765625
-0.00442886352539062 0.0189056396484375 0.115570068359375 0.283233642578125
0.00879859924316406 -0.000871658325195313 0.021392822265625 -0.09466552734375
0.000104904174804687 0.0113792419433594 -0.0755615234375 -0.471710205078125
-0.0258064270019531 0.0133056640625 -0.2071533203125 -0.6956787109375
-0.02569580078125 -0.00548934936523438 -0.42279052734375 -0.66412353515625
-0.0117950439453125 -0.0351982116699219 -0.58734130859375 -0.47979736328125
0.0518150329589844 -0.008941650390625 -0.5703125 -0.40386962890625
0.078765869140625 0.0470123291015625 -0.42901611328125 -0.229461669921875
0.06890869140625 0.082794189453125 -0.0764236450195312 0.0035858154296875
-0.0234394073486328 -0.0143642425537109 0.172332763671875 0.129989624023438
-0.0377922058105469 0.011260986328125 0.481964111328125 0.3331298828125
-0.0227718353271484 0.0334491729736328 0.57470703125 0.42681884765625
0.0116329193115234 0.0310935974121094 0.53314208984375 0.58172607421875
0.00718116760253906 -0.0162782669067383 0.34295654296875 0.67236328125
0.00275421142578125 -0.0496597290039063 0.23724365234375 0.64788818359375
0.00820541381835938 -0.0520095825195313 0.128814697265625 0.3902587890625
0.00875091552734375 -0.0625724792480469 0.0400161743164063 0.00545883178710937
0.0134201049804688 -0.0637855529785156 -0.06292724609375 -0.3861083984375
0.00770187377929688 -0.0658531188964844 -0.22430419921875 -0.6334228515625
0.02325439453125 -0.0537528991699219 -0.46990966796875 -0.63836669921875
0.0122432708740234 -0.0310440063476563 -0.6357421875 -0.50726318359375
-0.0105743408203125 0.00731945037841797 -0.5987548828125 -0.4451904296875
-0.0442771911621094 -0.000576019287109368 -0.462677001953125 -0.240692138671875
-0.0563201904296875 -0.0369911193847656 -0.145050048828125 -0.0605926513671875
0.00232696533203125 0.0223464965820313 0.161895751953125 0.126174926757813
-0.00517654418945312 0.0300445556640625 0.4786376953125 0.34259033203125
-0.00187873840332031 0.0273933410644531 0.56524658203125 0.43194580078125
0.00567436218261719 0.0224609375 0.50927734375 0.5909423828125
-0.00843000411987305 -0.00436878204345703 0.32012939453125 0.69158935546875
-0.00838661193847656 -0.0256385803222656 0.220458984375 0.6650390625
0.00347137451171875 -0.0256252288818359 0.125640869140625 0.398712158203125
0.00662994384765625 -0.0381584167480469 0.044219970703125 0.0175743103027344
0.00948333740234375 -0.0390243530273438 -0.06463623046875 -0.377227783203125
-0.00239944458007812 -0.0415191650390625 -0.23919677734375 -0.6131591796875
0.00862503051757812 -0.0377998352050781 -0.48590087890625 -0.6175537109375
0.00411224365234375 -0.0325145721435547 -0.650634765625 -0.4849853515625
0.00213611125946045 -0.000254511833190918 -0.6103515625 -0.43426513671875
-0.0171232223510742 0.00618457794189453 -0.473419189453125 -0.237884521484375
-0.0255031585693359 -0.0157318115234375 -0.149703979492187 -0.0707550048828125
0.0319786071777344 0.0615081787109375 0.15869140625 0.125732421875
0.0343780517578125 0.0536384582519531 0.471038818359375 0.34747314453125
0.0244789123535156 0.0185146331787109 0.556396484375 0.444732666015625
0.00306510925292969 0.0127658843994141 0.491455078125 0.605224609375
-0.0252685546875 0.00542449951171875 0.30291748046875 0.70361328125
-0.0232124328613281 -0.00102615356445312 0.2044677734375 0.6719970703125
0.00174307823181152 0.00222253799438477 0.12384033203125 0.39984130859375
0.0108413696289062 -0.0159549713134766 0.0456733703613281 0.0131149291992187
0.00751876831054688 -0.0133695602416992 -0.066131591796875 -0.376953125
-0.00830554962158203 -0.0150394439697266 -0.24664306640625 -0.6129150390625
-0.00251007080078125 -0.0221652984619141 -0.49713134765625 -0.60467529296875
-0.003173828125 -0.0311908721923828 -0.65625 -0.471435546875
0.0138607025146484 -0.00622844696044922 -0.61749267578125 -0.4241943359375
0.0140647888183594 0.011967658996582 -0.4739990234375 -0.23638916015625
0.0130424499511719 0.00778675079345703 -0.145126342773438 -0.0721893310546875
0.0619354248046875 0.0919952392578125 0.165863037109375 0.131698608398438
0.0681114196777344 0.0692253112792969 0.463653564453125 0.3468017578125
0.0452423095703125 0.0140037536621094 0.5460205078125 0.4583740234375
0.00100374221801758 0.00525760650634766 0.48321533203125 0.6240234375
-0.0391731262207031 0.0133781433105469 0.30255126953125 0.7120361328125
-0.0367774963378906 0.0211982727050781 0.20367431640625 0.6666259765625
-0.0015869140625 0.0264053344726563 0.122039794921875 0.388031005859375
0.011662483215332 0.00496006011962891 0.0445289611816406 0.00029754638671875
0.00637722015380859 0.00786542892456055 -0.072601318359375 -0.386566162109375
-0.0158548355102539 0.00851821899414063 -0.25384521484375 -0.61572265625
-0.0120859146118164 -0.00362968444824219 -0.500244140625 -0.60430908203125
-0.0110530853271484 -0.0291080474853516 -0.6611328125 -0.457763671875
0.0254611968994141 -0.0126781463623047 -0.61968994140625 -0.413330078125
0.0446929931640625 0.0177803039550781 -0.47113037109375 -0.233734130859375
0.0483932495117188 0.0316619873046875 -0.136611938476563 -0.0696182250976562
0.0845108032226563 0.108711242675781 0.182388305664063 0.137588500976563
0.0922393798828125 0.0775222778320313 0.45703125 0.344268798828125
0.0549354553222656 0.0110015869140625 0.53863525390625 0.472686767578125
-0.00510644912719727 0.00357246398925781 0.48980712890625 0.6392822265625
-0.0490303039550781 0.0240631103515625 0.3133544921875 0.713134765625
-0.0451583862304687 0.0385589599609375 0.20770263671875 0.65185546875
-0.00417327880859375 0.0430145263671875 0.1221923828125 0.364959716796875
0.0134067535400391 0.0186576843261719 0.0396957397460938 -0.0222969055175781
0.00480461120605469 0.0244388580322266 -0.0789794921875 -0.405487060546875
-0.0208759307861328 0.0253524780273438 -0.25885009765625 -0.626953125
-0.0225830078125 0.00693321228027343 -0.49932861328125 -0.60858154296875
-0.0151214599609375 -0.0302791595458984 -0.65362548828125 -0.4525146484375
0.0392379760742188 -0.017486572265625 -0.6148681640625 -0.40399169921875
0.0699844360351563 0.0235176086425781 -0.46466064453125 -0.230621337890625
0.0757980346679688 0.0555496215820313 -0.117919921875 -0.05572509765625
0.0996322631835938 0.111679077148438 0.201171875 0.146453857421875
0.100616455078125 0.0761032104492188 0.454803466796875 0.341705322265625
0.0571479797363281 0.00843429565429687 0.541961669921875 0.484466552734375
-0.00873565673828125 0.00928306579589844 0.51080322265625 0.64532470703125
-0.0543251037597656 0.0310249328613281 0.3353271484375 0.70343017578125
-0.0486106872558594 0.0453262329101563 0.21795654296875 0.628173828125
-0.00592803955078125 0.0465965270996094 0.12158203125 0.337188720703125
0.0102901458740234 0.0201683044433594 0.0354804992675781 -0.0476646423339844
0.00200080871582032 0.0303134918212891 -0.0843505859375 -0.431610107421875
-0.0270805358886719 0.03302001953125 -0.25299072265625 -0.65167236328125
-0.0284404754638672 0.0104637145996094 -0.48846435546875 -0.62078857421875
-0.0184822082519531 -0.0341529846191406 -0.64324951171875 -0.45751953125
0.0485458374023438 -0.0201530456542969 -0.6026611328125 -0.40093994140625
0.086517333984375 0.0341033935546875 -0.453582763671875 -0.228851318359375
0.0869216918945313 0.0740280151367187 -0.102813720703125 -0.0389251708984375
0.100967407226562 0.0998687744140625 0.220748901367188 0.153717041015625
0.0951614379882813 0.068756103515625 0.46002197265625 0.33917236328125
0.0488967895507813 0.00959396362304688 0.55657958984375 0.488525390625
-0.00994205474853515 0.0152568817138672 0.5404052734375 0.640380859375
-0.0503349304199219 0.0333786010742188 0.364501953125 0.68023681640625
-0.0452461242675781 0.0407600402832031 0.23443603515625 0.5987548828125
-0.00468063354492187 0.0380058288574219 0.1204833984375 0.307891845703125
0.00970935821533203 0.0135841369628906 0.0277175903320313 -0.074127197265625
0.000442504882812499 0.02685546875 -0.084320068359375 -0.4554443359375
-0.0291366577148438 0.0275173187255859 -0.24005126953125 -0.67694091796875
-0.0315017700195312 0.00427436828613281 -0.4677734375 -0.6436767578125
-0.0162239074707031 -0.0342769622802734 -0.6201171875 -0.4678955078125
0.0563926696777344 -0.0158576965332031 -0.5916748046875 -0.401123046875
0.0903472900390625 0.0424041748046875 -0.4442138671875 -0.230682373046875
0.0854263305664063 0.0845489501953125 -0.0880508422851563 -0.018524169921875
0.091064453125 0.0797271728515625 0.2392578125 0.159530639648438
0.0797653198242188 0.058258056640625 0.465850830078125 0.336181640625
0.038177490234375 0.016510009765625 0.5775146484375 0.4854736328125
-0.00684547424316406 0.0198040008544922 0.5753173828125 0.62164306640625
-0.0435295104980469 0.0303382873535156 0.39312744140625 0.65374755859375
-0.0379791259765625 0.0281600952148438 0.25 0.56817626953125
-0.00336265563964844 0.0220756530761719 0.1177978515625 0.285614013671875
0.0089111328125 -0.00250148773193359 0.021240234375 -0.095703125
-0.000791549682617186 0.0114765167236328 -0.0782470703125 -0.4786376953125
-0.0270004272460937 0.0144176483154297 -0.21441650390625 -0.70458984375
-0.0255870819091797 -0.00424957275390625 -0.43328857421875 -0.66973876953125
-0.0094451904296875 -0.0366935729980469 -0.59332275390625 -0.48486328125
0.0538063049316406 -0.00638198852539062 -0.57989501953125 -0.4031982421875
0.0802993774414063 0.0475616455078125 -0.4383544921875 -0.230804443359375
0.070892333984375 0.0843582153320312 -0.0780410766601563 0.00193786621093751
-0.0229206085205078 -0.0123176574707031 0.175567626953125 0.130874633789062
-0.0380821228027344 0.0125274658203125 0.4906005859375 0.33544921875
-0.0221042633056641 0.0349540710449219 0.5848388671875 0.42724609375
0.0113048553466797 0.0302753448486328 0.541748046875 0.58282470703125
0.00539684295654297 -0.0153999328613281 0.35284423828125 0.67803955078125
0.00442123413085937 -0.0512809753417969 0.24432373046875 0.65301513671875
0.00580978393554688 -0.0567550659179687 0.132598876953125 0.391510009765625
0.00676727294921876 -0.0634040832519531 0.0417938232421875 0.00523757934570312
0.00955963134765625 -0.0637130737304688 -0.065826416015625 -0.3900146484375
0.00745773315429688 -0.0668487548828125 -0.23291015625 -0.6407470703125
0.0221710205078125 -0.0532798767089844 -0.4822998046875 -0.64263916015625
0.0102577209472656 -0.030853271484375 -0.6495361328125 -0.50543212890625
-0.0117025375366211 0.00766754150390625 -0.60791015625 -0.44696044921875
-0.0459327697753906 -0.000297546386718751 -0.4727783203125 -0.23992919921875
-0.0569839477539063 -0.0382156372070313 -0.148208618164063 -0.0615692138671875
0.00257492065429688 0.0235424041748047 0.165374755859375 0.125320434570313
-0.0024261474609375 0.0304908752441406 0.485809326171875 0.34356689453125
-0.00191307067871094 0.0242958068847656 0.57684326171875 0.4342041015625
0.00574302673339844 0.0213336944580078 0.5189208984375 0.5950927734375
-0.00764131546020508 -0.00548124313354492 0.32891845703125 0.69482421875
-0.00722312927246093 -0.0264492034912109 0.22772216796875 0.66973876953125
0.00592803955078125 -0.0274276733398438 0.130401611328125 0.403594970703125
0.00838088989257813 -0.0390472412109375 0.0452537536621094 0.0153045654296875
0.0088653564453125 -0.0394096374511719 -0.067169189453125 -0.3814697265625
0.000225067138671879 -0.0417633056640625 -0.244140625 -0.62152099609375
0.00898361206054687 -0.0387535095214844 -0.496337890625 -0.62225341796875
0.00243759155273438 -0.0329017639160156 -0.66259765625 -0.4853515625
0.00213980674743652 0.0010836124420166 -0.62091064453125 -0.435546875
-0.0162820816040039 0.00594520568847656 -0.4805908203125 -0.237823486328125
-0.0261726379394531 -0.0157432556152344 -0.151443481445313 -0.071319580078125
0.0322494506835938 0.061859130859375 0.162704467773438 0.124374389648438
0.0353050231933594 0.0523948669433594 0.481781005859375 0.347503662109375
0.0233383178710938 0.0184421539306641 0.56658935546875 0.44500732421875
0.00326347351074219 0.0110626220703125 0.50311279296875 0.60821533203125
-0.0255756378173828 0.00361824035644531 0.3123779296875 0.70977783203125
-0.0231571197509766 7.43865966796831E-05 0.21417236328125 0.67828369140625
0.00170040130615234 0.00149917602539063 0.129119873046875 0.403778076171875
0.00933837890625 -0.0150966644287109 0.0456809997558594 0.0136604309082031
0.00795364379882812 -0.0143508911132813 -0.070648193359375 -0.38018798828125
-0.00778484344482422 -0.0151271820068359 -0.25506591796875 -0.6168212890625
-0.00206184387207031 -0.0208225250244141 -0.508056640625 -0.6102294921875
-0.00538063049316406 -0.0305614471435547 -0.669189453125 -0.46856689453125
0.0139894485473633 -0.00585269927978516 -0.62689208984375 -0.42376708984375
0.0154142379760742 0.0114812850952148 -0.48175048828125 -0.23541259765625
0.0141849517822266 0.00741958618164063 -0.14593505859375 -0.07281494140625
0.0635452270507813 0.0959930419921875 0.169830322265625 0.131011962890625
0.0692672729492188 0.0709686279296875 0.47320556640625 0.3485107421875
0.0453681945800781 0.0140647888183594 0.55657958984375 0.45819091796875
0.000677108764648437 0.00472450256347656 0.494384765625 0.62628173828125
-0.0403861999511719 0.0141830444335937 0.3094482421875 0.7183837890625
-0.0388374328613281 0.0234718322753906 0.21234130859375 0.67572021484375
-0.00196075439453125 0.0278263092041016 0.127532958984375 0.390960693359375
0.00928306579589844 0.00550746917724609 0.0452728271484375 0.00064849853515625
0.0071711540222168 0.00771522521972656 -0.079803466796875 -0.3909912109375
-0.013636589050293 0.00838470458984375 -0.263916015625 -0.62139892578125
-0.0136299133300781 -0.00403976440429687 -0.5103759765625 -0.60516357421875
-0.0121517181396484 -0.0306949615478516 -0.6729736328125 -0.4581298828125
0.0260410308837891 -0.0116539001464844 -0.6304931640625 -0.41485595703125
0.0448951721191406 0.0154609680175781 -0.479644775390625 -0.232269287109375
0.0501060485839844 0.0340309143066406 -0.136054992675781 -0.0685806274414062
0.0866470336914063 0.111503601074219 0.184722900390625 0.136520385742188
0.09521484375 0.0792465209960938 0.46771240234375 0.34368896484375
0.0558280944824219 0.00991439819335938 0.55029296875 0.476470947265625
-0.00434756278991699 0.00326991081237793 0.49969482421875 0.6409912109375
-0.05047607421875 0.0256195068359375 0.32037353515625 0.7196044921875
-0.0457572937011719 0.0403900146484375 0.21514892578125 0.65716552734375
-0.00395584106445313 0.0439109802246094 0.12640380859375 0.368499755859375
0.0124645233154297 0.0181674957275391 0.0400009155273438 -0.0214881896972656
0.00506401062011719 0.0248813629150391 -0.083709716796875 -0.41015625
-0.0200138092041016 0.0263290405273438 -0.265869140625 -0.6339111328125
-0.0225315093994141 0.00869369506835938 -0.51092529296875 -0.6103515625
-0.0183162689208984 -0.0300426483154297 -0.6644287109375 -0.4559326171875
0.0385551452636719 -0.0185165405273438 -0.6243896484375 -0.40521240234375
0.0701866149902344 0.02435302734375 -0.472381591796875 -0.231414794921875
0.0764312744140625 0.0561904907226563 -0.120491027832031 -0.0583419799804688
0.101966857910156 0.113670349121094 0.20501708984375 0.147216796875
0.104446411132813 0.0759048461914063 0.464019775390625 0.342864990234375
0.0571975708007813 0.00900650024414063 0.552459716796875 0.487060546875
-0.00863218307495117 0.00826215744018555 0.5191650390625 0.6490478515625
-0.0548667907714844 0.0325775146484375 0.34454345703125 0.7078857421875
-0.0488090515136719 0.0462646484375 0.2264404296875 0.63482666015625
-0.00516891479492187 0.0471267700195313 0.1263427734375 0.340179443359375
0.0112457275390625 0.0204334259033203 0.0338821411132813 -0.047943115234375
0.00286483764648438 0.0309257507324219 -0.088775634765625 -0.435516357421875
-0.0263614654541016 0.0335903167724609 -0.26123046875 -0.65618896484375
-0.0275745391845703 0.0109424591064453 -0.49920654296875 -0.62548828125
-0.0193424224853516 -0.0335235595703125 -0.653564453125 -0.4578857421875
0.0490570068359375 -0.0192108154296875 -0.614990234375 -0.4027099609375
0.0877227783203125 0.0324249267578125 -0.4620361328125 -0.227813720703125
0.087982177734375 0.0757522583007813 -0.103431701660156 -0.0399093627929687
0.103897094726563 0.100418090820313 0.22650146484375 0.153915405273438
0.097076416015625 0.0694122314453125 0.46746826171875 0.339630126953125
0.0506477355957031 0.0107612609863281 0.568115234375 0.488037109375
-0.00846290588378907 0.0140056610107422 0.55126953125 0.6424560546875
-0.0507698059082031 0.0347747802734375 0.37286376953125 0.68658447265625
-0.0447311401367187 0.0436592102050781 0.24224853515625 0.60321044921875
-0.00412368774414063 0.0378684997558594 0.125732421875 0.312103271484375
0.00946617126464844 0.0138816833496094 0.0275726318359375 -0.0743789672851563
1.62089458319671E-18 0.0264720916748047 -0.08941650390625 -0.45941162109375
-0.0277881622314453 0.0289516448974609 -0.24749755859375 -0.6817626953125
-0.0312213897705078 0.00713729858398437 -0.4764404296875 -0.648681640625
-0.0187911987304688 -0.0373878479003906 -0.6307373046875 -0.46820068359375
0.0575180053710938 -0.0159263610839844 -0.60205078125 -0.401611328125
0.0926513671875 0.0430908203125 -0.45068359375 -0.22943115234375
0.08642578125 0.0875167846679688 -0.0886611938476563 -0.0179901123046875
0.09423828125 0.0816497802734375 0.244827270507813 0.158859252929688
0.0807952880859375 0.0584640502929688 0.4744873046875 0.335968017578125
0.0398521423339844 0.0156784057617188 0.58648681640625 0.48419189453125
-0.00648689270019531 0.0199089050292969 0.586181640625 0.62261962890625
-0.0427474975585937 0.0301742553710938 0.403076171875 0.6573486328125
-0.0392913818359375 0.0288658142089844 0.2552490234375 0.5750732421875
-0.00592041015625 0.0217552185058594 0.12249755859375 0.288330078125
0.00829601287841797 -0.00136137008666992 0.0191497802734375 -0.0958633422851562
-0.000403404235839845 0.0124320983886719 -0.08367919921875 -0.4835205078125
-0.0263214111328125 0.0132579803466797 -0.22222900390625 -0.70843505859375
-0.0268611907958984 -0.00431632995605468 -0.44317626953125 -0.67486572265625
-0.0128364562988281 -0.0372543334960938 -0.6041259765625 -0.484619140625
0.0536842346191406 -0.00802993774414062 -0.5882568359375 -0.4063720703125
0.0837020874023438 0.0469207763671875 -0.44525146484375 -0.230621337890625
0.0721511840820313 0.0849990844726563 -0.0795516967773437 0.00344848632812501
-0.0245780944824219 -0.0126857757568359 0.178695678710938 0.128646850585938
-0.0394973754882813 0.0128669738769531 0.499725341796875 0.333282470703125
-0.0224075317382813 0.0360183715820313 0.5980224609375 0.426513671875
0.0127201080322266 0.0315437316894531 0.55548095703125 0.58514404296875
0.00582027435302734 -0.0152511596679688 0.36102294921875 0.68170166015625
0.00298690795898438 -0.0527076721191406 0.2552490234375 0.65802001953125
0.00716018676757812 -0.0573463439941406 0.13665771484375 0.39471435546875
0.0065765380859375 -0.0629043579101563 0.0416259765625 0.00505447387695312
0.00899505615234375 -0.0643196105957031 -0.070343017578125 -0.393829345703125
0.00795745849609376 -0.0681190490722656 -0.243408203125 -0.64276123046875
0.0217933654785156 -0.0547714233398438 -0.4912109375 -0.64508056640625
0.0104351043701172 -0.0323143005371094 -0.660400390625 -0.5047607421875
-0.0122613906860352 0.0097513198852539 -0.6209716796875 -0.44427490234375
-0.0457267761230469 -0.000461578369140625 -0.480072021484375 -0.236785888671875
-0.0590667724609375 -0.0367393493652344 -0.148178100585938 -0.0605010986328125
0.00258255004882812 0.0230178833007813 0.169845581054688 0.122589111328125
-0.000831604003906249 0.0318126678466797 0.49652099609375 0.341033935546875
-0.00121498107910156 0.0262222290039063 0.58953857421875 0.43365478515625
0.00787353515625 0.0217742919921875 0.53082275390625 0.59552001953125
-0.0092458724975586 -0.00572109222412109 0.33770751953125 0.69805908203125
-0.00774955749511719 -0.0265159606933594 0.23687744140625 0.67608642578125
0.00359344482421875 -0.0271053314208984 0.135498046875 0.406524658203125
0.00970840454101562 -0.0404243469238281 0.0442237854003906 0.0146675109863281
0.009490966796875 -0.0384178161621094 -0.073974609375 -0.38214111328125
-0.00239181518554687 -0.043548583984375 -0.25518798828125 -0.6258544921875
0.008148193359375 -0.0397911071777344 -0.50762939453125 -0.6239013671875
0.00284385681152344 -0.0337028503417969 -0.67254638671875 -0.48492431640625
0.00194060802459717 0.00168347358703613 -0.63128662109375 -0.4317626953125
-0.0174112319946289 0.00667190551757813 -0.4876708984375 -0.235931396484375
-0.0241279602050781 -0.0131397247314453 -0.154052734375 -0.0710906982421875
0.0340805053710938 0.0629501342773438 0.166091918945313 0.123489379882813
0.0352897644042969 0.0553016662597656 0.48822021484375 0.34588623046875
0.0239620208740234 0.0179786682128906 0.57574462890625 0.4434814453125
0.00464057922363281 0.0121240615844727 0.511962890625 0.61065673828125
-0.0246524810791016 0.00514030456542968 0.32275390625 0.71319580078125
-0.0237560272216797 0.000991821289062499 0.2230224609375 0.68511962890625
0.00260066986083984 0.00262331962585449 0.134674072265625 0.407989501953125
0.00881862640380859 -0.016169548034668 0.0468521118164063 0.0126686096191406
0.0088338851928711 -0.013331413269043 -0.074005126953125 -0.38311767578125
-0.00847148895263672 -0.0138139724731445 -0.2640380859375 -0.61871337890625
-0.00218772888183594 -0.0201339721679688 -0.5167236328125 -0.61016845703125
-0.00790977478027344 -0.0305709838867188 -0.681640625 -0.4658203125
0.0142946243286133 -0.00575447082519531 -0.63873291015625 -0.42291259765625
0.014796257019043 0.0111665725708008 -0.48907470703125 -0.234375
0.014007568359375 0.0100698471069336 -0.148422241210938 -0.0731964111328125
0.0643768310546875 0.0953903198242188 0.172775268554688 0.130096435546875
0.0712203979492187 0.07275390625 0.479583740234375 0.34771728515625
0.0466499328613281 0.0132904052734375 0.5687255859375 0.4591064453125
0.00107192993164063 0.00505733489990234 0.50518798828125 0.62933349609375
-0.0403480529785156 0.013946533203125 0.320556640625 0.72344970703125
-0.0364570617675781 0.0232048034667969 0.21856689453125 0.6800537109375
-0.00160026550292969 0.0281791687011719 0.13238525390625 0.394317626953125
0.012176513671875 0.00502586364746094 0.0458335876464844 -0.000244140625
0.00701808929443359 0.00988960266113281 -0.083343505859375 -0.3934326171875
-0.0157384872436523 0.0096731185913086 -0.272216796875 -0.623046875
-0.0134973526000977 -0.00346755981445313 -0.524169921875 -0.608642578125
-0.0134830474853516 -0.0286712646484375 -0.68701171875 -0.45782470703125
0.0262470245361328 -0.0133724212646484 -0.638916015625 -0.41314697265625
0.0453376770019531 0.0164108276367188 -0.488494873046875 -0.22998046875
0.049774169921875 0.0327529907226563 -0.138565063476563 -0.0672225952148437
0.0907135009765625 0.112045288085938 0.189300537109375 0.136093139648438
0.0952682495117188 0.0787124633789063 0.475921630859375 0.34222412109375
0.0578536987304688 0.00915145874023438 0.56243896484375 0.47344970703125
-0.00281524658203125 0.00391864776611328 0.513671875 0.6439208984375
-0.0523605346679688 0.0253524780273438 0.331298828125 0.72222900390625
-0.0449333190917969 0.0414962768554687 0.22491455078125 0.66436767578125
-0.00417327880859375 0.0441513061523438 0.132232666015625 0.37115478515625
0.0131187438964844 0.0176219940185547 0.039276123046875 -0.0226020812988281
0.00536346435546875 0.0247859954833984 -0.089080810546875 -0.41259765625
-0.0223484039306641 0.0265560150146484 -0.2742919921875 -0.6370849609375
-0.0235424041748047 0.00730133056640625 -0.5208740234375 -0.61187744140625
-0.0186729431152344 -0.0303077697753906 -0.6773681640625 -0.4544677734375
0.0390739440917969 -0.018646240234375 -0.63543701171875 -0.40447998046875
0.0730056762695313 0.02423095703125 -0.479888916015625 -0.230010986328125
0.0781707763671875 0.0553359985351563 -0.12152099609375 -0.058197021484375
0.10540771484375 0.11260986328125 0.208663940429688 0.144058227539062
0.105506896972656 0.075469970703125 0.473846435546875 0.34234619140625
0.0577545166015625 0.00775909423828125 0.56573486328125 0.488037109375
-0.0070796012878418 0.00737953186035156 0.5311279296875 0.65008544921875
-0.0533638000488281 0.0325202941894531 0.35406494140625 0.71221923828125
-0.0479888916015625 0.0475387573242188 0.2357177734375 0.638916015625
-0.00572586059570312 0.0467987060546875 0.130035400390625 0.341796875
0.0108356475830078 0.0216751098632813 0.0338973999023438 -0.0503425598144531
0.00185203552246094 0.0290622711181641 -0.0943603515625 -0.437774658203125
-0.0270175933837891 0.0332355499267578 -0.2728271484375 -0.661865234375
-0.0295333862304688 0.0103759765625 -0.51129150390625 -0.62738037109375
-0.0204372406005859 -0.0336933135986328 -0.66571044921875 -0.45672607421875
0.0509834289550781 -0.0191192626953125 -0.62652587890625 -0.400634765625
0.0873794555664063 0.03314208984375 -0.469512939453125 -0.227569580078125
0.0906448364257813 0.0761947631835938 -0.106124877929688 -0.038421630859375
0.107337951660156 0.100700378417969 0.230804443359375 0.152145385742188
0.100357055664062 0.070281982421875 0.47589111328125 0.339996337890625
0.0511398315429687 0.00997161865234375 0.5780029296875 0.4908447265625
-0.0102386474609375 0.0131254196166992 0.5633544921875 0.6441650390625
-0.0516891479492188 0.0337715148925781 0.38482666015625 0.69097900390625
-0.0446434020996094 0.0442962646484375 0.248779296875 0.60638427734375
-0.005126953125 0.0397491455078125 0.128021240234375 0.3150634765625
0.0108118057250977 0.0135869979858398 0.0256423950195312 -0.0767898559570313
0.000362396240234373 0.0274887084960938 -0.09637451171875 -0.4630126953125
-0.0282249450683594 0.0290145874023438 -0.25787353515625 -0.687744140625
-0.0323600769042969 0.00569152832031249 -0.4881591796875 -0.648681640625
-0.0184249877929687 -0.035675048828125 -0.6414794921875 -0.46685791015625
0.0569572448730469 -0.0163612365722656 -0.6114501953125 -0.399169921875
0.0940933227539063 0.04351806640625 -0.45867919921875 -0.227386474609375
0.0881881713867188 0.0872650146484375 -0.0903778076171875 -0.0179672241210937
0.0951385498046875 0.0816574096679688 0.249923706054688 0.156326293945313
0.0833892822265625 0.0577316284179688 0.48583984375 0.33551025390625
0.0412254333496094 0.0161018371582031 0.60125732421875 0.4844970703125
-0.00613021850585938 0.0201244354248047 0.59869384765625 0.62322998046875
-0.0428009033203125 0.0307693481445312 0.412353515625 0.6605224609375
-0.0380630493164062 0.0303153991699219 0.26556396484375 0.57794189453125
-0.00436592102050781 0.0219612121582031 0.1256103515625 0.289764404296875
0.00774574279785156 -0.00100803375244141 0.0190505981445313 -0.0991897583007813
-0.000268936157226562 0.0108652114868164 -0.0899047851562499 -0.48773193359375
-0.025726318359375 0.0147743225097656 -0.23193359375 -0.7164306640625
-0.0269126892089844 -0.00463676452636719 -0.45587158203125 -0.677001953125
-0.0126380920410156 -0.0366859436035156 -0.615966796875 -0.48284912109375
0.0547676086425781 -0.008453369140625 -0.5997314453125 -0.405517578125
0.0841064453125 0.0473709106445312 -0.45220947265625 -0.23016357421875
0.0735702514648438 0.0862274169921875 -0.078216552734375 0.00289154052734374
-0.0248832702636719 -0.0130996704101562 0.182525634765625 0.127395629882813
-0.0377235412597656 0.0132675170898437 0.509490966796875 0.3306884765625
-0.0218353271484375 0.0365676879882812 0.60986328125 0.425048828125
0.0121059417724609 0.0318984985351563 0.568115234375 0.58502197265625
0.00521373748779297 -0.0164422988891602 0.375244140625 0.685546875
0.00423431396484375 -0.0524482727050781 0.2635498046875 0.661865234375
0.00593948364257812 -0.0577239990234375 0.145263671875 0.398193359375
0.0057830810546875 -0.0637245178222656 0.0433311462402344 0.006683349609375
0.00924682617187499 -0.0640525817871094 -0.0797119140625 -0.3963623046875
0.00650787353515625 -0.0677413940429688 -0.254150390625 -0.644775390625
0.0211753845214844 -0.0572013854980469 -0.50543212890625 -0.64678955078125
0.00975608825683594 -0.0319156646728516 -0.67279052734375 -0.502197265625
-0.0114240646362305 0.0118408203125 -0.6317138671875 -0.44171142578125
-0.0453758239746094 0.00198364257812501 -0.486541748046875 -0.23529052734375
-0.0579071044921875 -0.0365486145019531 -0.150009155273438 -0.05902099609375
0.00545120239257813 0.0238094329833984 0.172012329101563 0.122695922851563
-0.00180244445800781 0.0301494598388672 0.505859375 0.339935302734375
-0.00106620788574219 0.0271053314208984 0.60064697265625 0.42901611328125
0.00940513610839844 0.0214996337890625 0.54351806640625 0.59466552734375
-0.00870275497436523 -0.00508594512939453 0.349365234375 0.7012939453125
-0.00910377502441406 -0.0260887145996094 0.24658203125 0.68194580078125
0.00352668762207031 -0.0276851654052734 0.141326904296875 0.409912109375
0.00725173950195313 -0.0401878356933594 0.0454750061035156 0.0166168212890625
0.00785064697265625 -0.0399322509765625 -0.079681396484375 -0.384796142578125
-0.00139236450195312 -0.0416374206542969 -0.2655029296875 -0.62847900390625
0.0103721618652344 -0.0413131713867188 -0.52044677734375 -0.623291015625
0.000812530517578123 -0.0330963134765625 -0.68707275390625 -0.47955322265625
0.00144720077514648 0.00237441062927246 -0.64337158203125 -0.430908203125
-0.0169429779052734 0.00709152221679687 -0.497528076171875 -0.23028564453125
-0.0259685516357422 -0.0147228240966797 -0.156173706054688 -0.06744384765625
0.0359916687011719 0.0642509460449219 0.1702880859375 0.122207641601563
0.0377845764160156 0.0556144714355469 0.498260498046875 0.345001220703125
0.0261745452880859 0.0183067321777344 0.58966064453125 0.4422607421875
0.00455951690673828 0.0126476287841797 0.52569580078125 0.61199951171875
-0.0260467529296875 0.00402450561523438 0.33319091796875 0.71697998046875
-0.0226478576660156 0.00126266479492187 0.23443603515625 0.69073486328125
0.00141477584838867 0.00286579132080078 0.140289306640625 0.40875244140625
0.00986671447753906 -0.0161752700805664 0.0468597412109375 0.0126953125
0.00783824920654297 -0.0140218734741211 -0.081573486328125 -0.38641357421875
-0.00799274444580078 -0.0137252807617188 -0.27423095703125 -0.623046875
-0.00356864929199218 -0.0228271484375 -0.53350830078125 -0.610107421875
-0.00812339782714844 -0.0315303802490234 -0.69403076171875 -0.46136474609375
0.0134782791137695 -0.00692558288574219 -0.6522216796875 -0.4212646484375
0.0159721374511719 0.0112543106079102 -0.498138427734375 -0.2296142578125
0.0145549774169922 0.00955486297607422 -0.151901245117187 -0.0721282958984375
0.0674209594726563 0.0941925048828125 0.17742919921875 0.126785278320313
0.0741195678710937 0.07208251953125 0.492431640625 0.344451904296875
0.0473175048828125 0.0124435424804688 0.579833984375 0.457275390625
0.00149965286254883 0.00484514236450195 0.51953125 0.6292724609375
-0.0418052673339844 0.0155754089355469 0.33062744140625 0.72802734375
-0.0368270874023438 0.025115966796875 0.23138427734375 0.68499755859375
-0.00151443481445312 0.0269603729248047 0.137603759765625 0.39666748046875
0.0110044479370117 0.00561428070068359 0.0439872741699219 -9.91821289062497E-05
0.00790023803710937 0.0100870132446289 -0.090301513671875 -0.395965576171875
-0.0151081085205078 0.0104293823242187 -0.28253173828125 -0.627197265625
-0.0139188766479492 -0.00368022918701172 -0.5362548828125 -0.60546875
-0.0138397216796875 -0.0302047729492188 -0.69732666015625 -0.452392578125
0.0279598236083984 -0.0138320922851563 -0.65240478515625 -0.40997314453125
0.0466728210449219 0.0171318054199219 -0.49554443359375 -0.227325439453125
0.05108642578125 0.0340766906738281 -0.139259338378906 -0.0683135986328125
0.0926971435546875 0.1114501953125 0.194503784179688 0.133804321289063
0.0994110107421875 0.0786209106445313 0.486083984375 0.340728759765625
0.0585517883300781 0.00854110717773438 0.5751953125 0.471923828125
-0.0037384033203125 0.00201749801635742 0.52484130859375 0.64495849609375
-0.0515823364257813 0.0267066955566406 0.3427734375 0.72637939453125
-0.0448837280273438 0.0422935485839844 0.2344970703125 0.667724609375
-0.00311279296875 0.0432357788085938 0.136962890625 0.373779296875
0.0102138519287109 0.0188961029052734 0.0406417846679688 -0.0229644775390625
0.00680160522460938 0.0246410369873047 -0.096038818359375 -0.413421630859375
-0.0207195281982422 0.0278873443603516 -0.28631591796875 -0.6396484375
-0.0248184204101562 0.00754737854003906 -0.53387451171875 -0.61187744140625
-0.0197048187255859 -0.0299453735351563 -0.6904296875 -0.4476318359375
0.0407600402832031 -0.01983642578125 -0.64532470703125 -0.40155029296875
0.072540283203125 0.0239410400390625 -0.489654541015625 -0.224639892578125
0.0790328979492188 0.055816650390625 -0.123832702636719 -0.0571441650390625
0.108482360839844 0.112503051757813 0.214065551757813 0.14166259765625
0.1082763671875 0.07635498046875 0.48193359375 0.337890625
0.0596427917480469 0.006103515625 0.577880859375 0.48590087890625
-0.00847101211547851 0.00534963607788086 0.5462646484375 0.65130615234375
-0.0555152893066406 0.0340003967285156 0.3671875 0.71722412109375
-0.0480613708496094 0.0484809875488281 0.24383544921875 0.64227294921875
-0.00399398803710938 0.0489540100097656 0.135528564453125 0.34442138671875
0.0118923187255859 0.0215225219726562 0.03204345703125 -0.0496444702148437
0.00289726257324219 0.0315151214599609 -0.10235595703125 -0.439422607421875
-0.0262527465820313 0.0365142822265625 -0.28460693359375 -0.66241455078125
-0.0304107666015625 0.00960540771484374 -0.52569580078125 -0.626953125
-0.0217132568359375 -0.0337924957275391 -0.67474365234375 -0.4530029296875
0.0508346557617188 -0.0204238891601563 -0.636474609375 -0.3961181640625
0.0917205810546875 0.0335006713867187 -0.477691650390625 -0.22161865234375
0.0935592651367188 0.07763671875 -0.10565185546875 -0.0379791259765625
0.109138488769531 0.101287841796875 0.235198974609375 0.150436401367188
0.10223388671875 0.0688858032226562 0.487640380859375 0.33612060546875
0.0525321960449219 0.0096435546875 0.59320068359375 0.4898681640625
-0.00821495056152344 0.0123205184936523 0.5792236328125 0.64288330078125
-0.0514144897460938 0.0360908508300781 0.39703369140625 0.6943359375
-0.0448265075683594 0.0457839965820313 0.2593994140625 0.61065673828125
-0.00391769409179688 0.0392341613769531 0.133514404296875 0.316192626953125
0.0105905532836914 0.0152196884155273 0.0244598388671875 -0.0765762329101562
0.000967025756835939 0.0252628326416016 -0.10467529296875 -0.464935302734375
-0.0298175811767578 0.0303001403808594 -0.2677001953125 -0.690673828125
-0.0330581665039062 0.00481414794921875 -0.50299072265625 -0.65081787109375
-0.0188064575195312 -0.0367469787597656 -0.6544189453125 -0.46551513671875
0.0576438903808594 -0.0172500610351563 -0.623046875 -0.39642333984375
0.0956802368164063 0.0418777465820313 -0.468231201171875 -0.22442626953125
0.0905990600585938 0.0870590209960938 -0.0902633666992188 -0.0171051025390625
0.0972213745117188 0.0831756591796875 0.255691528320313 0.153610229492188
0.0861358642578125 0.0595703125 0.497161865234375 0.330963134765625
0.0419769287109375 0.0148124694824219 0.61444091796875 0.48260498046875
-0.00380516052246094 0.0193862915039063 0.61224365234375 0.6241455078125
-0.0428009033203125 0.02935791015625 0.42486572265625 0.66217041015625
-0.03863525390625 0.0304489135742187 0.27630615234375 0.58026123046875
-0.00466156005859375 0.0216484069824219 0.13165283203125 0.2900390625
0.00911521911621094 -0.00150489807128906 0.0161895751953125 -0.0999069213867187
-0.00079822540283203 0.0117454528808594 -0.098907470703125 -0.491668701171875
-0.0266342163085937 0.0163803100585938 -0.244140625 -0.7196044921875
-0.0276107788085937 -0.00518035888671875 -0.46832275390625 -0.6763916015625
-0.0130615234375 -0.0362968444824219 -0.6279296875 -0.47943115234375
0.0561752319335938 -0.0104293823242188 -0.6102294921875 -0.40216064453125
0.084930419921875 0.0472488403320313 -0.4605712890625 -0.228179931640625
0.07470703125 0.0885467529296875 -0.0794143676757813 0.00405120849609374
-0.0218315124511719 -0.0122928619384766 0.184783935546875 0.123519897460937
-0.039154052734375 0.0145339965820313 0.519989013671875 0.32659912109375
-0.020965576171875 0.0368576049804688 0.6219482421875 0.420654296875
0.0137920379638672 0.0311374664306641 0.58197021484375 0.58111572265625
0.0055694580078125 -0.0163784027099609 0.38641357421875 0.6849365234375
0.00349807739257813 -0.0533866882324219 0.2760009765625 0.66522216796875
0.00351715087890626 -0.0573463439941406 0.1522216796875 0.399322509765625
0.005828857421875 -0.0648040771484375 0.0419502258300781 0.00574111938476562
0.00778198242187499 -0.067352294921875 -0.086151123046875 -0.397064208984375
0.00650787353515625 -0.0682563781738281 -0.26641845703125 -0.64605712890625
0.0203628540039063 -0.0575942993164063 -0.51873779296875 -0.64373779296875
0.0102272033691406 -0.0336227416992188 -0.68524169921875 -0.4967041015625
-0.0104827880859375 0.0105695724487305 -0.64227294921875 -0.437255859375
-0.0456657409667969 0.00222778320312499 -0.49639892578125 -0.230010986328125
-0.0588417053222656 -0.0351409912109375 -0.151260375976563 -0.058441162109375
0.00715255737304687 0.0242900848388672 0.175582885742187 0.120559692382812
-0.00354385375976562 0.0320014953613281 0.5146484375 0.33343505859375
-0.000246047973632812 0.0258445739746094 0.6134033203125 0.42523193359375
0.00997543334960938 0.0225486755371094 0.55859375 0.59222412109375
-0.0101871490478516 -0.00649642944335937 0.36175537109375 0.70391845703125
-0.0103092193603516 -0.0262336730957031 0.25836181640625 0.68426513671875
0.00332260131835938 -0.0271987915039063 0.148712158203125 0.411956787109375
0.00749969482421875 -0.0416145324707031 0.0473136901855469 0.0147552490234375
0.006866455078125 -0.0412368774414062 -0.08447265625 -0.38824462890625
-0.00275039672851563 -0.0429344177246094 -0.27947998046875 -0.63079833984375
0.00923538208007812 -0.0404815673828125 -0.53558349609375 -0.62066650390625
0.00106048583984375 -0.0327663421630859 -0.6990966796875 -0.4749755859375
0.00177407264709473 0.00313758850097656 -0.65582275390625 -0.424072265625
-0.015934944152832 0.00883197784423828 -0.505401611328125 -0.2255859375
-0.0242748260498047 -0.0140933990478516 -0.15850830078125 -0.0662841796875
0.0392646789550781 0.0654373168945313 0.175048828125 0.1195068359375
0.0384788513183594 0.0566482543945313 0.5091552734375 0.343231201171875
0.0274372100830078 0.0181503295898438 0.60137939453125 0.438232421875
0.00737094879150391 0.00953865051269531 0.5390625 0.60919189453125
-0.0263614654541016 0.00279045104980469 0.34539794921875 0.71807861328125
-0.0242404937744141 0.00154304504394531 0.24420166015625 0.6923828125
0.00173830986022949 0.00273609161376953 0.146820068359375 0.41107177734375
0.00955295562744141 -0.0154438018798828 0.0471992492675781 0.0121498107910156
0.00884723663330078 -0.0148277282714844 -0.089813232421875 -0.38763427734375
-0.00970554351806641 -0.0149478912353516 -0.28759765625 -0.62286376953125
-0.00343894958496094 -0.0217304229736328 -0.5462646484375 -0.605712890625
-0.00926780700683594 -0.0316371917724609 -0.7069091796875 -0.45684814453125
0.0149126052856445 -0.00584506988525391 -0.66253662109375 -0.41204833984375
0.0173101425170898 0.0131893157958984 -0.506622314453125 -0.2239990234375
0.0149478912353516 0.00976371765136719 -0.153549194335937 -0.071075439453125
0.06884765625 0.0953826904296875 0.181350708007813 0.127059936523438
0.0747909545898437 0.0728988647460938 0.501739501953125 0.341461181640625
0.0475311279296875 0.0129814147949219 0.5933837890625 0.45233154296875
0.00206542015075684 0.00256729125976563 0.5325927734375 0.62713623046875
-0.0410842895507813 0.0150680541992188 0.3446044921875 0.72802734375
-0.0380821228027344 0.0255661010742187 0.24237060546875 0.6876220703125
-0.00070762634277344 0.0301895141601563 0.145263671875 0.3983154296875
0.0120630264282227 0.00525474548339844 0.0459976196289063 -0.000797271728515625
0.00982093811035156 0.00853824615478516 -0.09698486328125 -0.398834228515625
-0.0160512924194336 0.0117788314819336 -0.29693603515625 -0.62957763671875
-0.0139999389648438 -0.00425529479980469 -0.5499267578125 -0.60467529296875
-0.01495361328125 -0.0283908843994141 -0.7088623046875 -0.4461669921875
0.0277805328369141 -0.0138282775878906 -0.6663818359375 -0.40313720703125
0.0477790832519531 0.0163383483886719 -0.503692626953125 -0.221221923828125
0.0519599914550781 0.0344123840332031 -0.142288208007812 -0.06756591796875
0.0974502563476562 0.111915588378906 0.1971435546875 0.1319580078125
0.101310729980469 0.078125 0.49542236328125 0.335601806640625
0.0606765747070313 0.00881576538085938 0.587646484375 0.468505859375
-0.00439643859863281 0.00136232376098633 0.5399169921875 0.64337158203125
-0.0519981384277344 0.0261764526367188 0.35650634765625 0.7293701171875
-0.0453605651855469 0.043304443359375 0.24688720703125 0.6727294921875
-0.00266647338867187 0.0452423095703125 0.14306640625 0.374053955078125
0.0134868621826172 0.0192527770996094 0.0401153564453125 -0.023834228515625
0.00729942321777344 0.0259723663330078 -0.1029052734375 -0.4156494140625
-0.0207424163818359 0.029388427734375 -0.298095703125 -0.64208984375
-0.0244388580322266 0.00825691223144531 -0.54791259765625 -0.610107421875
-0.0216884613037109 -0.0288925170898438 -0.70361328125 -0.4429931640625
0.0412063598632813 -0.0201301574707031 -0.6583251953125 -0.393310546875
0.074249267578125 0.0237884521484375 -0.4959716796875 -0.2196044921875
0.0790939331054688 0.0560989379882813 -0.1258544921875 -0.0560531616210938
0.110054016113281 0.114044189453125 0.218460083007812 0.138763427734375
0.111778259277344 0.0757827758789063 0.49395751953125 0.33355712890625
0.0610542297363281 0.00782012939453125 0.59075927734375 0.48175048828125
-0.00720882415771484 0.0064849853515625 0.5599365234375 0.64813232421875
-0.0548782348632813 0.0349044799804688 0.3787841796875 0.71807861328125
-0.0476608276367187 0.0497703552246094 0.2562255859375 0.6444091796875
-0.00386810302734375 0.0483894348144531 0.1427001953125 0.345550537109375
0.0126323699951172 0.0217037200927734 0.031341552734375 -0.0504264831542969
0.00411605834960938 0.0315113067626953 -0.110626220703125 -0.440826416015625
-0.0258293151855469 0.0369110107421875 -0.29620361328125 -0.66485595703125
-0.0308284759521484 0.0115833282470703 -0.53948974609375 -0.6236572265625
-0.0233135223388672 -0.0333995819091797 -0.6890869140625 -0.44818115234375
0.0516433715820313 -0.0217704772949219 -0.6474609375 -0.39068603515625
0.0930557250976563 0.0326309204101563 -0.48583984375 -0.21966552734375
0.093994140625 0.0761795043945313 -0.106483459472656 -0.0382766723632812
0.112472534179687 0.102066040039062 0.240386962890625 0.146347045898438
0.105247497558594 0.0663223266601563 0.497222900390625 0.3297119140625
0.0523452758789063 0.00886917114257813 0.6077880859375 0.48529052734375
-0.00812435150146484 0.012303352355957 0.5946044921875 0.64154052734375
-0.0521621704101563 0.0364303588867187 0.41082763671875 0.69403076171875
-0.0438003540039062 0.0464439392089844 0.27130126953125 0.614013671875
-0.00333023071289062 0.040191650390625 0.1385498046875 0.31646728515625
0.0108003616333008 0.0143938064575195 0.0224227905273438 -0.0783615112304688
0.00206184387207031 0.02679443359375 -0.111572265625 -0.4677734375
-0.0288562774658203 0.0305843353271484 -0.282470703125 -0.692138671875
-0.0338573455810547 0.00658035278320312 -0.5166015625 -0.6500244140625
-0.0208015441894531 -0.03607177734375 -0.66693115234375 -0.45953369140625
0.0578079223632813 -0.0178451538085937 -0.63531494140625 -0.39111328125
0.0976028442382813 0.0418777465820313 -0.476165771484375 -0.221282958984375
0.0927276611328125 0.0862960815429687 -0.091552734375 -0.0171279907226562
0.100997924804687 0.0812149047851563 0.259796142578125 0.15228271484375
0.0882568359375 0.0599441528320313 0.50408935546875 0.328826904296875
0.0432701110839844 0.0157051086425781 0.6260986328125 0.47833251953125
-0.0040740966796875 0.0194244384765625 0.6287841796875 0.62164306640625
-0.0415306091308594 0.0314559936523438 0.43902587890625 0.66192626953125
-0.0378608703613281 0.0331497192382813 0.2869873046875 0.58306884765625
-0.0035247802734375 0.0230655670166016 0.135711669921875 0.291595458984375
0.00827693939208984 -0.00120401382446289 0.0150833129882813 -0.100326538085938
-0.00168418884277344 0.0114250183105469 -0.107757568359375 -0.4942626953125
-0.0270538330078125 0.0158405303955078 -0.2567138671875 -0.7215576171875
-0.0281810760498047 -0.00140190124511718 -0.48248291015625 -0.67633056640625
-0.0160980224609375 -0.0362586975097656 -0.6395263671875 -0.4769287109375
0.0556297302246094 -0.0119247436523438 -0.621826171875 -0.3966064453125
0.0865554809570313 0.0478363037109375 -0.466888427734375 -0.221710205078125
0.0767288208007813 0.0866241455078125 -0.0793533325195313 0.00514984130859374
-0.0236854553222656 -0.0121917724609375 0.191879272460938 0.120651245117188
-0.0376396179199219 0.0153694152832031 0.52996826171875 0.321014404296875
-0.0195159912109375 0.0389060974121094 0.63214111328125 0.4122314453125
0.0153713226318359 0.0297508239746094 0.59564208984375 0.57598876953125
0.00620174407958984 -0.0174293518066406 0.3994140625 0.68792724609375
0.00110626220703125 -0.0525588989257813 0.28997802734375 0.66632080078125
0.00428390502929687 -0.0578536987304688 0.158599853515625 0.401397705078125
0.00447845458984375 -0.0662040710449219 0.0403327941894531 0.004241943359375
0.00693130493164062 -0.0664253234863281 -0.092864990234375 -0.399017333984375
0.0050506591796875 -0.0688209533691406 -0.27923583984375 -0.64544677734375
0.0198745727539062 -0.0573081970214844 -0.5328369140625 -0.63897705078125
0.00946235656738281 -0.0343475341796875 -0.6973876953125 -0.489990234375
-0.0110349655151367 0.0123443603515625 -0.65728759765625 -0.42779541015625
-0.0454864501953125 0.00310897827148438 -0.505767822265625 -0.22265625
-0.0611114501953125 -0.0358238220214844 -0.154586791992188 -0.05731201171875
0.00737571716308594 0.0257835388183594 0.18048095703125 0.1158447265625
0.000862121582031247 0.0324840545654297 0.524078369140625 0.328826904296875
0.000814437866210937 0.0260715484619141 0.62603759765625 0.41900634765625
0.0109577178955078 0.0208396911621094 0.57159423828125 0.58868408203125
-0.00995540618896484 -0.00610637664794922 0.37548828125 0.701416015625
-0.00950813293457031 -0.0253562927246094 0.2694091796875 0.6864013671875
0.00295257568359375 -0.0291614532470703 0.156646728515625 0.41192626953125
0.00819015502929688 -0.0406341552734375 0.0455780029296875 0.0141143798828125
0.0073089599609375 -0.0415458679199219 -0.093780517578125 -0.3876953125
-0.00333404541015625 -0.0415229797363281 -0.29071044921875 -0.6290283203125
0.00781631469726563 -0.041839599609375 -0.55096435546875 -0.6185302734375
0.000255584716796878 -0.0319766998291016 -0.71221923828125 -0.46612548828125
0.000900745391845703 0.00369477272033691 -0.66766357421875 -0.41607666015625
-0.0156822204589844 0.00951957702636719 -0.513214111328125 -0.219451904296875
-0.0261478424072266 -0.0133113861083984 -0.159713745117188 -0.0652923583984375
0.0398445129394531 0.0663719177246094 0.177932739257813 0.117721557617188
0.0416946411132813 0.0547523498535156 0.516204833984375 0.335479736328125
0.0274181365966797 0.0181503295898438 0.61676025390625 0.4315185546875
0.00555229187011719 0.00913524627685547 0.554443359375 0.60260009765625
-0.0251846313476563 0.00404930114746094 0.35980224609375 0.7176513671875
-0.0238838195800781 0.00244522094726563 0.2586669921875 0.6944580078125
0.000726461410522461 0.0029754638671875 0.1539306640625 0.41339111328125
0.0104999542236328 -0.0144767761230469 0.0466461181640625 0.0133132934570312
0.00631618499755859 -0.0127038955688477 -0.09716796875 -0.3848876953125
-0.00858974456787109 -0.0129222869873047 -0.3006591796875 -0.62164306640625
-0.00461959838867187 -0.0240573883056641 -0.55859375 -0.6019287109375
-0.00867652893066406 -0.0313682556152344 -0.720458984375 -0.44830322265625
0.0138387680053711 -0.00706100463867187 -0.6741943359375 -0.4066162109375
0.0176639556884766 0.0130577087402344 -0.51409912109375 -0.216827392578125
0.0159521102905273 0.00904464721679688 -0.1551513671875 -0.06817626953125
0.073944091796875 0.096649169921875 0.185806274414063 0.122390747070312
0.0779876708984375 0.0723953247070312 0.511016845703125 0.334259033203125
0.049224853515625 0.0112991333007812 0.60601806640625 0.44525146484375
0.00201833248138428 0.00166225433349609 0.5489501953125 0.62359619140625
-0.0416221618652344 0.0178146362304687 0.35687255859375 0.73101806640625
-0.0362319946289063 0.0265426635742188 0.25543212890625 0.69097900390625
-0.00040435791015625 0.0285758972167969 0.153076171875 0.400177001953125
0.0124711990356445 0.004669189453125 0.0462875366210938 -0.00121688842773437
0.00755596160888672 0.00920581817626953 -0.10430908203125 -0.398590087890625
-0.0150022506713867 0.0111236572265625 -0.308349609375 -0.6263427734375
-0.0142707824707031 -0.00461769104003906 -0.5657958984375 -0.599609375
-0.0154590606689453 -0.0292835235595703 -0.72216796875 -0.43719482421875
0.0274181365966797 -0.0144634246826172 -0.67559814453125 -0.39678955078125
0.0484886169433594 0.0158729553222656 -0.51165771484375 -0.214996337890625
0.0525016784667969 0.0336647033691406 -0.143295288085937 -0.0655670166015625
0.0995025634765625 0.110649108886719 0.201797485351563 0.12945556640625
0.103187561035156 0.0790481567382813 0.50494384765625 0.33160400390625
0.0619621276855469 0.0057373046875 0.60101318359375 0.4605712890625
-0.00253033638000488 2.71797180175785E-05 0.5546875 0.63818359375
-0.0509681701660156 0.0279922485351562 0.3697509765625 0.73046875
-0.04449462890625 0.0460090637207031 0.25897216796875 0.67181396484375
-0.00118255615234375 0.0464591979980469 0.15081787109375 0.3746337890625
0.0132198333740234 0.0180683135986328 0.0402908325195313 -0.0242424011230469
0.00679588317871093 0.0252304077148438 -0.11004638671875 -0.417266845703125
-0.0204963684082031 0.0309257507324219 -0.3121337890625 -0.6405029296875
-0.0257205963134766 0.00847816467285156 -0.56219482421875 -0.60406494140625
-0.0224113464355469 -0.0304527282714844 -0.7166748046875 -0.4339599609375
0.0403671264648438 -0.02154541015625 -0.67010498046875 -0.38763427734375
0.0751571655273438 0.0234146118164063 -0.503326416015625 -0.213531494140625
0.0819931030273438 0.0575790405273438 -0.127433776855469 -0.05499267578125
0.113983154296875 0.113555908203125 0.221893310546875 0.136764526367188
0.113067626953125 0.074920654296875 0.503021240234375 0.328399658203125
0.060211181640625 0.0057830810546875 0.60284423828125 0.4765625
-0.00740814208984375 0.00469636917114258 0.5743408203125 0.64495849609375
-0.054168701171875 0.0361671447753906 0.39520263671875 0.71820068359375
-0.0450630187988281 0.0527420043945312 0.26971435546875 0.6474609375
-0.00151443481445312 0.0502853393554687 0.14788818359375 0.346771240234375
0.0126743316650391 0.0217628479003906 0.0306625366210938 -0.0512580871582031
0.00506210327148438 0.0307483673095703 -0.118408203125 -0.44403076171875
-0.0258636474609375 0.0382652282714844 -0.30938720703125 -0.6646728515625
-0.0313014984130859 0.0133514404296875 -0.55181884765625 -0.6220703125
-0.0234718322753906 -0.0331268310546875 -0.7010498046875 -0.43939208984375
0.0515823364257813 -0.0236129760742188 -0.6597900390625 -0.38323974609375
0.093353271484375 0.0312652587890625 -0.4925537109375 -0.21319580078125
0.095367431640625 0.0759811401367188 -0.109695434570313 -0.0367507934570313
0.11529541015625 0.101325988769531 0.244232177734375 0.142990112304688
0.107025146484375 0.066864013671875 0.50634765625 0.326507568359375
0.0540885925292969 0.0088348388671875 0.619140625 0.48016357421875
-0.006561279296875 0.0131053924560547 0.60894775390625 0.6387939453125
-0.0514411926269531 0.037353515625 0.42401123046875 0.693603515625
-0.0435028076171875 0.0473213195800781 0.28521728515625 0.6136474609375
-0.002716064453125 0.0397529602050781 0.143768310546875 0.315765380859375
0.0117330551147461 0.0138435363769531 0.022613525390625 -0.0779647827148437
0.00175285339355469 0.0263843536376953 -0.121612548828125 -0.469573974609375
-0.0284004211425781 0.0317726135253906 -0.29656982421875 -0.69134521484375
-0.032623291015625 0.00712013244628906 -0.5308837890625 -0.64520263671875
-0.0211639404296875 -0.0369033813476563 -0.67901611328125 -0.4500732421875
0.0589752197265625 -0.0189933776855469 -0.64630126953125 -0.38397216796875
0.09954833984375 0.0420989990234375 -0.48193359375 -0.213897705078125
0.0949020385742188 0.0874099731445312 -0.0929489135742188 -0.0167160034179687
0.105010986328125 0.08245849609375 0.2635498046875 0.148788452148438
0.0896224975585938 0.057708740234375 0.51385498046875 0.321380615234375
0.0443649291992188 0.0146408081054688 0.63970947265625 0.47125244140625
-0.00262260437011719 0.0180892944335938 0.64288330078125 0.6162109375
-0.0431594848632813 0.031158447265625 0.452880859375 0.66278076171875
-0.0379295349121094 0.0350532531738281 0.2979736328125 0.5830078125
-0.00510597229003906 0.0229873657226563 0.141632080078125 0.289764404296875
0.00873374938964844 -0.000274658203125 0.0132522583007813 -0.101669311523438
-1.0490417480468E-05 0.0117120742797852 -0.116851806640625 -0.4952392578125
-0.0254745483398437 0.0162677764892578 -0.27252197265625 -0.72137451171875
-0.02972412109375 -0.00452041625976562 -0.4951171875 -0.674560546875
-0.015380859375 -0.0366439819335938 -0.65301513671875 -0.469970703125
0.0560455322265625 -0.0110206604003906 -0.63250732421875 -0.39111328125
0.0885848999023438 0.0462799072265625 -0.476654052734375 -0.215911865234375
0.0777435302734375 0.0879058837890625 -0.0787811279296875 0.00456237792968752
-0.0215435028076172 -0.012939453125 0.194381713867187 0.117324829101563
-0.037872314453125 0.0153350830078125 0.53961181640625 0.312225341796875
-0.0202293395996094 0.0395126342773438 0.64727783203125 0.403076171875
0.0170612335205078 0.0286617279052734 0.6077880859375 0.56793212890625
0.00681781768798828 -0.0174798965454102 0.41558837890625 0.68328857421875
0.00226593017578125 -0.0531806945800781 0.3028564453125 0.66552734375
0.00177383422851562 -0.0580329895019531 0.167999267578125 0.3997802734375
0.00260162353515625 -0.0658912658691406 0.0421714782714844 0.00548171997070312
0.00459671020507813 -0.0665168762207031 -0.099365234375 -0.39801025390625
0.00220489501953124 -0.0677986145019531 -0.2928466796875 -0.64398193359375
0.0180282592773438 -0.0593528747558594 -0.54669189453125 -0.6341552734375
0.00716018676757812 -0.0326786041259766 -0.7098388671875 -0.47796630859375
-0.0110902786254883 0.013275146484375 -0.6663818359375 -0.41998291015625
-0.0468521118164062 0.00342941284179687 -0.51239013671875 -0.21551513671875
-0.0610923767089844 -0.0335578918457031 -0.155471801757813 -0.0540618896484375
0.00725364685058594 0.0247039794921875 0.181777954101563 0.11285400390625
0.00148773193359375 0.0339107513427734 0.53363037109375 0.321441650390625
0.00115966796875 0.0286388397216797 0.638427734375 0.410888671875
0.0110359191894531 0.0201225280761719 0.58489990234375 0.5804443359375
-0.0087580680847168 -0.00696754455566406 0.38983154296875 0.70098876953125
-0.00916099548339844 -0.0254287719726563 0.28411865234375 0.68560791015625
0.00292396545410156 -0.0282459259033203 0.16455078125 0.411102294921875
0.006805419921875 -0.0403823852539063 0.0441665649414063 0.0142440795898438
0.00690460205078125 -0.0417747497558594 -0.10076904296875 -0.3865966796875
-0.00384521484375 -0.0426025390625 -0.30401611328125 -0.6265869140625
0.00662994384765625 -0.0432853698730469 -0.563720703125 -0.609130859375
-0.00113487243652344 -0.0330276489257813 -0.72509765625 -0.45562744140625
0.0021061897277832 0.0027768611907959 -0.67889404296875 -0.406982421875
-0.0152997970581055 0.00950336456298828 -0.519256591796875 -0.21185302734375
-0.0249042510986328 -0.0121212005615234 -0.159011840820313 -0.0636444091796875
0.0412635803222656 0.0641975402832031 0.179794311523438 0.114669799804688
0.0436172485351563 0.0551033020019531 0.527130126953125 0.3267822265625
0.0282669067382813 0.0189666748046875 0.6270751953125 0.42279052734375
0.00735378265380859 0.00961112976074219 0.56646728515625 0.59625244140625
-0.0253582000732422 0.00488853454589844 0.37451171875 0.71826171875
-0.0239295959472656 0.00335884094238281 0.2724609375 0.69403076171875
0.00161933898925781 0.00211727619171143 0.16253662109375 0.411865234375
0.0104284286499023 -0.0162982940673828 0.047454833984375 0.013916015625
0.00641345977783203 -0.0142526626586914 -0.103668212890625 -0.389373779296875
-0.0105562210083008 -0.0141000747680664 -0.3118896484375 -0.61834716796875
-0.00522613525390625 -0.0223541259765625 -0.5736083984375 -0.5960693359375
-0.00945281982421875 -0.0308208465576172 -0.73248291015625 -0.435791015625
0.0152711868286133 -0.00720787048339844 -0.6849365234375 -0.3958740234375
0.0170841217041016 0.0116605758666992 -0.521270751953125 -0.2099609375
0.015681266784668 0.0111494064331055 -0.157058715820313 -0.0674591064453125
0.0755462646484375 0.0964508056640625 0.187149047851563 0.119491577148438
0.080902099609375 0.0681610107421875 0.52099609375 0.328338623046875
0.0508346557617188 0.0107574462890625 0.6175537109375 0.43902587890625
0.00250577926635742 0.00123906135559082 0.56103515625 0.61651611328125
-0.04052734375 0.0166358947753906 0.37213134765625 0.72637939453125
-0.0353546142578125 0.02825927734375 0.26727294921875 0.6895751953125
0.000553131103515623 0.0292644500732422 0.162384033203125 0.398773193359375
0.0115852355957031 0.00490856170654297 0.0468864440917969 -0.00200653076171875
0.0095672607421875 0.0097503662109375 -0.113555908203125 -0.397918701171875
-0.0154743194580078 0.0126314163208008 -0.32159423828125 -0.62371826171875
-0.0142021179199219 -0.00257301330566406 -0.57830810546875 -0.593505859375
-0.01666259765625 -0.0286293029785156 -0.7333984375 -0.424560546875
0.0265216827392578 -0.014923095703125 -0.6864013671875 -0.383544921875
0.0492515563964844 0.0162315368652344 -0.517730712890625 -0.207794189453125
0.0544281005859375 0.0334320068359375 -0.14495849609375 -0.065093994140625
0.102684020996094 0.110984802246094 0.204513549804688 0.124771118164063
0.105339050292969 0.0763397216796875 0.513671875 0.324676513671875
0.0631141662597656 0.00453948974609375 0.61224365234375 0.451904296875
-0.00222635269165039 0.000445127487182617 0.56939697265625 0.63397216796875
-0.0508651733398438 0.0301094055175781 0.3831787109375 0.7252197265625
-0.0434837341308594 0.0466766357421875 0.27337646484375 0.67327880859375
-0.000183105468749995 0.0460243225097656 0.157928466796875 0.3748779296875
0.01409912109375 0.0183334350585938 0.0383758544921875 -0.0224266052246094
0.00748062133789063 0.0248737335205078 -0.120025634765625 -0.416961669921875
-0.0197029113769531 0.0295352935791016 -0.32562255859375 -0.63885498046875
-0.02398681640625 0.0091094970703125 -0.575927734375 -0.59588623046875
-0.0229034423828125 -0.0302600860595703 -0.72772216796875 -0.42462158203125
0.0401077270507813 -0.021942138671875 -0.68060302734375 -0.37640380859375
0.07720947265625 0.0222854614257813 -0.51153564453125 -0.2066650390625
0.0843734741210938 0.057037353515625 -0.126220703125 -0.0526123046875
0.117652893066406 0.112030029296875 0.226181030273438 0.131698608398438
0.116554260253906 0.0736541748046875 0.511322021484375 0.32269287109375
0.0617713928222656 0.00333786010742188 0.61517333984375 0.46685791015625
-0.00545787811279297 0.00644397735595703 0.5888671875 0.6387939453125
-0.0543594360351563 0.0372505187988281 0.40765380859375 0.7138671875
-0.0459861755371094 0.0527839660644531 0.2808837890625 0.6451416015625
-0.00109481811523438 0.050201416015625 0.154632568359375 0.34454345703125
0.0140190124511719 0.0209388732910156 0.0288352966308594 -0.050933837890625
0.00454330444335938 0.0320072174072266 -0.126800537109375 -0.442962646484375
-0.0253372192382813 0.0379104614257813 -0.3228759765625 -0.66015625
-0.0315361022949219 0.0123500823974609 -0.5655517578125 -0.61370849609375
-0.0236835479736328 -0.0344352722167969 -0.71380615234375 -0.4288330078125
0.0527305603027344 -0.0236320495605469 -0.66802978515625 -0.3739013671875
0.0957183837890625 0.031219482421875 -0.499969482421875 -0.204833984375
0.0977783203125 0.0763320922851563 -0.109870910644531 -0.0353851318359375
0.118217468261719 0.0996932983398438 0.248703002929687 0.139633178710938
0.110122680664063 0.0662078857421875 0.514801025390625 0.31903076171875
0.0551109313964844 0.00610733032226563 0.63214111328125 0.47100830078125
-0.00653362274169922 0.0123252868652344 0.62213134765625 0.62908935546875
-0.0507469177246094 0.0379676818847656 0.43988037109375 0.69012451171875
-0.0434379577636719 0.0486717224121094 0.29644775390625 0.61260986328125
-0.00246047973632813 0.0410881042480469 0.15118408203125 0.3157958984375
0.0113105773925781 0.0150909423828125 0.0188522338867188 -0.0791244506835937
0.00242233276367187 0.0275440216064453 -0.129852294921875 -0.46929931640625
-0.0275230407714844 0.0321731567382813 -0.30914306640625 -0.6912841796875
-0.0333671569824219 0.00672340393066406 -0.54559326171875 -0.64111328125
-0.0223731994628906 -0.0368843078613281 -0.68988037109375 -0.4415283203125
0.0587348937988281 -0.0204925537109375 -0.6572265625 -0.37493896484375
0.100059509277344 0.0401763916015625 -0.491119384765625 -0.2078857421875
0.0966110229492188 0.0876617431640625 -0.09320068359375 -0.0145492553710937
0.106834411621094 0.0810394287109375 0.268035888671875 0.144485473632813
0.0915756225585937 0.0561676025390625 0.523773193359375 0.313934326171875
0.0448570251464844 0.0135231018066406 0.65362548828125 0.4613037109375
-0.00240707397460937 0.0183162689208984 0.65606689453125 0.60821533203125
-0.0450210571289063 0.0325393676757813 0.46649169921875 0.6573486328125
-0.0367050170898438 0.0347251892089844 0.310302734375 0.5799560546875
-0.00265312194824219 0.0236358642578125 0.146575927734375 0.289642333984375
0.00924015045166015 -0.000267982482910156 0.010467529296875 -0.100418090820313
0.000256538391113282 0.0115470886230469 -0.126708984375 -0.49493408203125
-0.0248489379882812 0.0182533264160156 -0.28570556640625 -0.72088623046875
-0.029571533203125 -0.00378036499023437 -0.51153564453125 -0.66796875
-0.0167274475097656 -0.0355720520019531 -0.6630859375 -0.45953369140625
0.0557060241699219 -0.0125236511230469 -0.64508056640625 -0.38116455078125
0.08978271484375 0.0470123291015625 -0.483673095703125 -0.210723876953125
0.0819549560546875 0.0856857299804688 -0.080963134765625 0.00688171386718751
-0.0219478607177734 -0.0116043090820312 0.198135375976563 0.1141357421875
-0.0392417907714844 0.0163650512695313 0.5460205078125 0.3048095703125
-0.0183029174804688 0.0406341552734375 0.6566162109375 0.391357421875
0.0172824859619141 0.0286750793457031 0.61956787109375 0.5596923828125
0.00588798522949219 -0.0181484222412109 0.4278564453125 0.67791748046875
0.000843048095703123 -0.0515251159667969 0.3154296875 0.66009521484375
-0.000373840332031255 -0.0580520629882812 0.17352294921875 0.397735595703125
0.0020599365234375 -0.0646858215332031 0.0425262451171875 0.00547790527343749
0.00315475463867187 -0.0693206787109375 -0.109161376953125 -0.394989013671875
0.00259399414062501 -0.0694580078125 -0.30426025390625 -0.6378173828125
0.0180473327636719 -0.0594291687011719 -0.56085205078125 -0.62469482421875
0.00702095031738281 -0.0339717864990234 -0.71990966796875 -0.46649169921875
-0.0105009078979492 0.012181282043457 -0.67608642578125 -0.40863037109375
-0.0486335754394531 0.00635147094726562 -0.518280029296875 -0.206024169921875
-0.0610466003417969 -0.0328369140625 -0.155715942382813 -0.0517578125
0.00881385803222656 0.0246295928955078 0.184341430664063 0.108917236328125
0.000310897827148436 0.0334415435791016 0.540191650390625 0.311614990234375
0.00357818603515625 0.0290203094482422 0.6463623046875 0.39794921875
0.0124702453613281 0.0191230773925781 0.5960693359375 0.5693359375
-0.00915813446044922 -0.00731468200683594 0.40338134765625 0.69683837890625
-0.0109920501708984 -0.0260772705078125 0.2978515625 0.68109130859375
0.00140762329101562 -0.029296875 0.172332763671875 0.409271240234375
0.00500106811523438 -0.04266357421875 0.0466690063476562 0.0150794982910156
0.00662612915039063 -0.0424880981445313 -0.109405517578125 -0.38494873046875
-0.00534820556640625 -0.0426254272460938 -0.3154296875 -0.6202392578125
0.00463104248046875 -0.0411643981933594 -0.578125 -0.60003662109375
-0.000785827636718753 -0.0334453582763672 -0.73370361328125 -0.4412841796875
0.00182032585144043 0.00260114669799805 -0.68658447265625 -0.39447021484375
-0.016087532043457 0.00968551635742187 -0.52618408203125 -0.20330810546875
-0.0257663726806641 -0.0126533508300781 -0.161178588867188 -0.061614990234375
0.042999267578125 0.064422607421875 0.180877685546875 0.110916137695312
0.0449905395507813 0.05352783203125 0.53521728515625 0.3193359375
0.0282230377197266 0.0170955657958984 0.638427734375 0.4112548828125
0.00618839263916016 0.00800180435180664 0.578857421875 0.58660888671875
-0.0259666442871094 0.00685310363769532 0.38812255859375 0.711669921875
-0.0220203399658203 0.00446128845214844 0.2845458984375 0.69097900390625
0.00129842758178711 0.00374484062194824 0.170074462890625 0.40911865234375
0.00937271118164063 -0.0157814025878906 0.0492668151855469 0.0131568908691406
0.00617122650146484 -0.0148954391479492 -0.1138916015625 -0.38311767578125
-0.0095062255859375 -0.0138120651245117 -0.32379150390625 -0.6136474609375
-0.00496864318847657 -0.0217437744140625 -0.5828857421875 -0.5860595703125
-0.0115718841552734 -0.0308437347412109 -0.74261474609375 -0.42486572265625
0.0148811340332031 -0.00681304931640625 -0.69415283203125 -0.38323974609375
0.0174903869628906 0.0132503509521484 -0.526885986328125 -0.200927734375
0.0179023742675781 0.0116500854492188 -0.157028198242188 -0.0653076171875
0.07879638671875 0.0970458984375 0.190933227539063 0.114883422851563
0.083465576171875 0.07037353515625 0.528167724609375 0.319000244140625
0.0498466491699219 0.0106468200683594 0.62841796875 0.4256591796875
0.0040733814239502 0.0016636848449707 0.5731201171875 0.6087646484375
-0.0418853759765625 0.0178947448730469 0.38751220703125 0.723876953125
-0.03448486328125 0.0303134918212891 0.28155517578125 0.6875
0.000186920166015625 0.0305633544921875 0.167449951171875 0.397918701171875
0.0116081237792969 0.00546550750732422 0.0449600219726563 -0.00142669677734375
0.00763988494873047 0.00985336303710938 -0.12030029296875 -0.39508056640625
-0.0153408050537109 0.0125236511230469 -0.33367919921875 -0.61846923828125
-0.0172948837280273 -0.00353431701660156 -0.59130859375 -0.5830078125
-0.0192298889160156 -0.0286502838134766 -0.74456787109375 -0.41351318359375
0.0275154113769531 -0.0162792205810547 -0.6954345703125 -0.37481689453125
0.0502281188964844 0.0150871276855469 -0.52410888671875 -0.198944091796875
0.0559120178222656 0.0331497192382813 -0.146484375 -0.062469482421875
0.1048583984375 0.111312866210938 0.207473754882812 0.120346069335937
0.107780456542969 0.0750961303710938 0.52099609375 0.316009521484375
0.0620956420898438 0.003936767578125 0.6214599609375 0.4434814453125
-0.00229334831237793 -0.000440120697021485 0.57952880859375 0.62347412109375
-0.0520706176757813 0.0291213989257813 0.39990234375 0.7210693359375
-0.0432167053222656 0.0475311279296875 0.28546142578125 0.66845703125
0.000610351562500001 0.0471115112304687 0.165374755859375 0.372314453125
0.0149326324462891 0.0193023681640625 0.0377998352050781 -0.0246353149414063
0.00678443908691406 0.0267047882080078 -0.12823486328125 -0.416656494140625
-0.0188274383544922 0.0314693450927734 -0.33770751953125 -0.63275146484375
-0.0238571166992188 0.00912857055664062 -0.5899658203125 -0.58709716796875
-0.0246658325195312 -0.0290546417236328 -0.73468017578125 -0.4112548828125
0.0395469665527344 -0.0221939086914062 -0.68798828125 -0.36590576171875
0.0774002075195313 0.0220718383789063 -0.516021728515625 -0.197509765625
0.084228515625 0.0552978515625 -0.129829406738281 -0.0512542724609375
0.121047973632813 0.109153747558594 0.228378295898438 0.127822875976563
0.118919372558594 0.0718917846679687 0.518890380859375 0.314208984375
0.0619659423828125 0.00221633911132813 0.6273193359375 0.45477294921875
-0.0062098503112793 0.00432872772216797 0.6024169921875 0.6314697265625
-0.0533218383789063 0.0374069213867188 0.4224853515625 0.7081298828125
-0.0435523986816406 0.0551948547363281 0.2923583984375 0.6414794921875
-0.000709533691406249 0.0515556335449219 0.16009521484375 0.343292236328125
0.0150661468505859 0.0221481323242188 0.0284042358398438 -0.0521926879882813
0.00704765319824219 0.0319576263427734 -0.13690185546875 -0.438873291015625
-0.0242233276367187 0.0397109985351563 -0.33660888671875 -0.65704345703125
-0.0310573577880859 0.0139522552490234 -0.57879638671875 -0.60577392578125
-0.0258712768554687 -0.0324668884277344 -0.72186279296875 -0.41552734375
0.0514030456542969 -0.0242424011230469 -0.67681884765625 -0.36419677734375
0.096038818359375 0.0292434692382813 -0.5048828125 -0.19775390625
0.0999908447265625 0.0761184692382813 -0.110061645507813 -0.0358810424804687
0.121902465820313 0.0972747802734375 0.250274658203125 0.13385009765625
0.111808776855469 0.063323974609375 0.522552490234375 0.311614990234375
0.05560302734375 0.00681686401367188 0.64263916015625 0.45892333984375
-0.005706787109375 0.0116548538208008 0.637939453125 0.62060546875
-0.0514869689941406 0.0400009155273438 0.453369140625 0.68365478515625
-0.04217529296875 0.0518112182617188 0.30816650390625 0.6090087890625
-0.00154495239257812 0.0417251586914063 0.156585693359375 0.31317138671875
0.0125942230224609 0.0161104202270508 0.0178680419921875 -0.0789947509765625
0.00237655639648438 0.027557373046875 -0.14141845703125 -0.46722412109375
-0.0267810821533203 0.0343494415283203 -0.3232421875 -0.685791015625
-0.0344638824462891 0.00775909423828125 -0.55828857421875 -0.630126953125
-0.0239906311035156 -0.0365676879882813 -0.7000732421875 -0.42669677734375
0.059112548828125 -0.0207672119140625 -0.66455078125 -0.3646240234375
0.100692749023438 0.0393753051757813 -0.4949951171875 -0.1990966796875
0.098480224609375 0.0872879028320313 -0.09130859375 -0.0137405395507812
0.109474182128906 0.0792312622070313 0.271087646484375 0.139556884765625
0.0939178466796875 0.0554351806640625 0.5301513671875 0.304412841796875
0.0458755493164063 0.0133781433105469 0.66339111328125 0.44921875
-0.00140762329101563 0.0166521072387695 0.67022705078125 0.59588623046875
-0.0418891906738281 0.0334014892578125 0.4801025390625 0.6502685546875
-0.0364532470703125 0.03662109375 0.322998046875 0.5751953125
-0.00267791748046875 0.0226879119873047 0.153045654296875 0.286865234375
0.00890445709228515 -9.63211059570312E-05 0.00720977783203126 -0.101303100585937
-0.000132560729980469 0.0120573043823242 -0.136932373046875 -0.49163818359375
-0.0274219512939453 0.0186805725097656 -0.301513671875 -0.7147216796875
-0.0311031341552734 -0.00242424011230469 -0.5242919921875 -0.658935546875
-0.0200576782226563 -0.0368576049804687 -0.67315673828125 -0.44696044921875
0.0562705993652344 -0.0122489929199219 -0.65081787109375 -0.37237548828125
0.0897064208984375 0.0432586669921875 -0.48858642578125 -0.200836181640625
0.0818099975585938 0.0867691040039063 -0.0802383422851563 0.00734710693359374
-0.0216217041015625 -0.0112934112548828 0.198760986328125 0.110198974609375
-0.0367279052734375 0.0189666748046875 0.550506591796875 0.293243408203125
-0.0176620483398438 0.0406303405761719 0.66552734375 0.3828125
0.0188941955566406 0.0274925231933594 0.6304931640625 0.5457763671875
0.00448417663574219 -0.0188655853271484 0.43670654296875 0.6702880859375
-0.000942230224609375 -0.0518112182617188 0.3275146484375 0.65521240234375
-0.000343322753906255 -0.0584831237792969 0.1812744140625 0.39459228515625
0.000823974609375002 -0.0639457702636719 0.040985107421875 0.00516891479492187
0.00313949584960938 -0.0683441162109375 -0.116424560546875 -0.39300537109375
0.00185775756835937 -0.0683860778808594 -0.3153076171875 -0.6339111328125
0.0146331787109375 -0.0621604919433594 -0.571533203125 -0.61260986328125
0.00597190856933594 -0.03448486328125 -0.7301025390625 -0.45147705078125
-0.0108957290649414 0.0134115219116211 -0.68292236328125 -0.396240234375
-0.0459747314453125 0.00630569458007813 -0.5234375 -0.19720458984375
-0.0635337829589844 -0.0309791564941406 -0.156570434570313 -0.0502471923828125
0.0100231170654297 0.0244712829589844 0.187301635742188 0.10430908203125
0.00193214416503906 0.0330924987792969 0.547393798828125 0.30224609375
0.00284194946289062 0.0279827117919922 0.6549072265625 0.3873291015625
0.0119438171386719 0.0171995162963867 0.60662841796875 0.5614013671875
-0.00918388366699219 -0.00563526153564453 0.41485595703125 0.687744140625
-0.00835037231445312 -0.0246143341064453 0.31121826171875 0.67626953125
0.00154876708984375 -0.0285873413085938 0.1815185546875 0.407989501953125
0.004547119140625 -0.0407371520996094 0.0467033386230469 0.0141639709472656
0.00442886352539062 -0.0409278869628906 -0.11834716796875 -0.381866455078125
-0.00484466552734375 -0.0411872863769531 -0.328857421875 -0.61407470703125
0.00496292114257813 -0.043487548828125 -0.5865478515625 -0.59088134765625
-0.00325202941894531 -0.0331935882568359 -0.74114990234375 -0.42919921875
0.00357413291931152 0.00339174270629883 -0.69390869140625 -0.38189697265625
-0.0169763565063477 0.0107622146606445 -0.53131103515625 -0.193328857421875
-0.0246067047119141 -0.0118465423583984 -0.163421630859375 -0.0584716796875
0.04638671875 0.0649032592773437 0.184661865234375 0.104812622070313
0.0473556518554688 0.0540771484375 0.539276123046875 0.305938720703125
0.0296974182128906 0.0184879302978516 0.64495849609375 0.40020751953125
0.00638818740844727 0.0061488151550293 0.591064453125 0.57818603515625
-0.0251235961914062 0.0064239501953125 0.39923095703125 0.70654296875
-0.022491455078125 0.00555610656738281 0.2974853515625 0.68463134765625
0.00102448463439941 0.00381731986999512 0.178009033203125 0.406707763671875
0.00878810882568359 -0.0163888931274414 0.0485687255859375 0.0120124816894531
0.00527572631835938 -0.0165500640869141 -0.11907958984375 -0.38372802734375
-0.011805534362793 -0.0131254196166992 -0.33740234375 -0.6060791015625
-0.00715255737304688 -0.0215988159179688 -0.59521484375 -0.5743408203125
-0.0126743316650391 -0.0296916961669922 -0.75140380859375 -0.41156005859375
0.0137968063354492 -0.00618839263916016 -0.701171875 -0.36944580078125
0.0160942077636719 0.0130319595336914 -0.530609130859375 -0.191009521484375
0.017085075378418 0.0102758407592773 -0.157638549804688 -0.0627288818359375
0.08184814453125 0.0943145751953125 0.193832397460938 0.110671997070313
0.0844802856445313 0.0694427490234375 0.5323486328125 0.30908203125
0.0500946044921875 0.00949859619140625 0.636962890625 0.41790771484375
0.00321745872497559 -0.00135183334350586 0.584228515625 0.599365234375
-0.041046142578125 0.019134521484375 0.39947509765625 0.716552734375
-0.0341796875 0.0294761657714844 0.2947998046875 0.681884765625
-0.00113105773925781 0.0302925109863281 0.1768798828125 0.39508056640625
0.0127220153808594 0.00642585754394531 0.0454483032226563 -0.00265121459960937
0.008514404296875 0.00807523727416992 -0.12921142578125 -0.39215087890625
-0.0136585235595703 0.0136470794677734 -0.3447265625 -0.61212158203125
-0.0170679092407227 -0.00328636169433594 -0.60015869140625 -0.572021484375
-0.0206851959228516 -0.0276279449462891 -0.750244140625 -0.39813232421875
0.0263710021972656 -0.0163803100585937 -0.7020263671875 -0.3607177734375
0.0507354736328125 0.0151519775390625 -0.527557373046875 -0.1873779296875
0.0569534301757813 0.0325927734375 -0.146133422851563 -0.0602874755859375
0.109092712402344 0.109474182128906 0.209503173828125 0.115280151367188
0.111648559570313 0.0729446411132813 0.526824951171875 0.3052978515625
0.0639686584472656 0.00290298461914063 0.6309814453125 0.43182373046875
-0.00264358520507813 -0.000837564468383789 0.593505859375 0.612548828125
-0.0519142150878906 0.0287551879882813 0.412353515625 0.7154541015625
-0.0413436889648438 0.0485572814941406 0.298095703125 0.6644287109375
0.0014190673828125 0.0474624633789063 0.17047119140625 0.370452880859375
0.0146903991699219 0.0184116363525391 0.0369071960449219 -0.0249519348144531
0.00868415832519531 0.02508544921875 -0.13720703125 -0.412017822265625
-0.0186080932617188 0.0328464508056641 -0.34906005859375 -0.6251220703125
-0.0259513854980469 0.00971984863281249 -0.6004638671875 -0.5777587890625
-0.0252742767333984 -0.0284309387207031 -0.74456787109375 -0.39642333984375
0.0397987365722656 -0.0229568481445313 -0.69476318359375 -0.353271484375
0.078826904296875 0.0197677612304688 -0.52069091796875 -0.189117431640625
0.0872573852539063 0.0539321899414063 -0.130905151367188 -0.0496902465820312
0.123558044433594 0.107574462890625 0.230331420898438 0.123672485351563
0.121223449707031 0.06982421875 0.524658203125 0.30340576171875
0.0634765625 0.00182342529296875 0.6357421875 0.44390869140625
-0.00569534301757812 0.00326395034790039 0.61383056640625 0.61883544921875
-0.0531959533691406 0.0391578674316406 0.4356689453125 0.700927734375
-0.0431251525878906 0.0581283569335937 0.30609130859375 0.63653564453125
-0.00109481811523438 0.0516014099121094 0.16748046875 0.340423583984375
0.0148048400878906 0.0218544006347656 0.0269317626953125 -0.051605224609375
0.00672721862792969 0.0324535369873047 -0.14691162109375 -0.436370849609375
-0.0236473083496094 0.0382118225097656 -0.34722900390625 -0.64691162109375
-0.0312004089355469 0.0143623352050781 -0.58966064453125 -0.5950927734375
-0.0264778137207031 -0.0307846069335938 -0.7315673828125 -0.4019775390625
0.0507087707519531 -0.024505615234375 -0.68389892578125 -0.351318359375
0.097503662109375 0.027923583984375 -0.510101318359375 -0.1883544921875
0.100334167480469 0.0740966796875 -0.109855651855469 -0.0321502685546875
0.123573303222656 0.0960540771484375 0.254592895507813 0.130203247070312
0.115127563476563 0.061798095703125 0.526153564453125 0.3026123046875
0.0569229125976563 0.0045318603515625 0.65142822265625 0.448974609375
-0.00619697570800781 0.0115299224853516 0.64996337890625 0.60894775390625
-0.050750732421875 0.0413856506347656 0.46466064453125 0.67559814453125
-0.0409507751464844 0.0522270202636719 0.31903076171875 0.6036376953125
-0.000835418701171871 0.0424118041992187 0.164215087890625 0.30950927734375
0.0120935440063477 0.0155172348022461 0.016845703125 -0.0803070068359375
0.00331497192382813 0.0282249450683594 -0.15087890625 -0.46368408203125
-0.02685546875 0.03411865234375 -0.33721923828125 -0.67840576171875
-0.0348663330078125 0.00838470458984374 -0.571044921875 -0.61846923828125
-0.0248432159423828 -0.03460693359375 -0.70794677734375 -0.4158935546875
0.0590667724609375 -0.0209693908691406 -0.6727294921875 -0.3509521484375
0.102706909179688 0.0383987426757813 -0.499359130859375 -0.190338134765625
0.0996551513671875 0.085174560546875 -0.0933685302734375 -0.0109329223632813
0.112846374511719 0.0773391723632813 0.274505615234375 0.132125854492188
0.0958328247070313 0.0533981323242188 0.5362548828125 0.295257568359375
0.0462570190429688 0.0115852355957031 0.67138671875 0.4393310546875
-0.00288009643554687 0.0177021026611328 0.6810302734375 0.58349609375
-0.0431861877441406 0.0346908569335937 0.491455078125 0.642333984375
-0.0350379943847656 0.0373497009277344 0.3323974609375 0.5697021484375
-0.00144767761230469 0.0244064331054688 0.15673828125 0.28662109375
0.00944709777832031 -0.000159263610839844 0.0064849853515625 -0.100028991699219
0.000483512878417968 0.0129795074462891 -0.147369384765625 -0.48883056640625
-0.0253314971923828 0.0185413360595703 -0.31402587890625 -0.70989990234375
-0.0321140289306641 -0.00258255004882812 -0.53533935546875 -0.64971923828125
-0.0205421447753906 -0.0356636047363281 -0.681640625 -0.4351806640625
0.0576858520507813 -0.0140380859375 -0.658203125 -0.36004638671875
0.0920867919921875 0.043060302734375 -0.492340087890625 -0.191619873046875
0.0825119018554688 0.0849456787109375 -0.0798416137695313 0.00945281982421874
-0.0208015441894531 -0.0103549957275391 0.1993408203125 0.103240966796875
-0.036865234375 0.0178070068359375 0.555999755859375 0.2818603515625
-0.0177574157714844 0.0409622192382812 0.6724853515625 0.36767578125
0.0202083587646484 0.0265884399414063 0.63922119140625 0.5347900390625
0.0048828125 -0.0192127227783203 0.449951171875 0.661865234375
-0.000469207763671874 -0.0522842407226562 0.33819580078125 0.64788818359375
-0.000713348388671874 -0.0588760375976563 0.18939208984375 0.391082763671875
0.000431060791015625 -0.0652923583984375 0.0404472351074219 0.00582504272460937
0.00191116333007812 -0.0670814514160156 -0.124267578125 -0.388092041015625
-0.000400543212890624 -0.0671539306640625 -0.32794189453125 -0.62451171875
0.014434814453125 -0.0608291625976562 -0.5831298828125 -0.602783203125
0.00598335266113281 -0.0317802429199219 -0.73614501953125 -0.4366455078125
-0.00982284545898438 0.0155010223388672 -0.68988037109375 -0.38226318359375
-0.0461578369140625 0.00719451904296874 -0.524505615234375 -0.186920166015625
-0.0631294250488281 -0.0302200317382812 -0.158645629882813 -0.0468902587890625
0.0126380920410156 0.0246734619140625 0.187210083007813 0.0989532470703125
0.00361442565917969 0.0318889617919922 0.553558349609375 0.289886474609375
0.00497627258300781 0.0273780822753906 0.66119384765625 0.373291015625
0.0117664337158203 0.0162124633789063 0.61676025390625 0.5484619140625
-0.00898647308349609 -0.00520896911621094 0.423828125 0.67950439453125
-0.0116672515869141 -0.0245208740234375 0.32086181640625 0.67047119140625
0.000209808349609376 -0.0282478332519531 0.18585205078125 0.40264892578125
0.0052490234375 -0.0415458679199219 0.0462570190429688 0.0147895812988281
0.004150390625 -0.041717529296875 -0.124725341796875 -0.37799072265625
-0.00718307495117187 -0.040313720703125 -0.33868408203125 -0.60400390625
0.00211715698242187 -0.042449951171875 -0.5948486328125 -0.5765380859375
-0.00235939025878907 -0.0333900451660156 -0.74945068359375 -0.414306640625
0.00307059288024902 0.00376105308532715 -0.69976806640625 -0.36944580078125
-0.0162038803100586 0.0103311538696289 -0.531524658203125 -0.183624267578125
-0.0256538391113281 -0.0117111206054688 -0.162261962890625 -0.05548095703125
0.0474929809570313 0.0613136291503906 0.185302734375 0.101486206054688
0.0477828979492188 0.0549430847167969 0.546142578125 0.29779052734375
0.0288600921630859 0.0168323516845703 0.65252685546875 0.38714599609375
0.00820350646972656 0.00525712966918945 0.60009765625 0.5667724609375
-0.025360107421875 0.00690269470214844 0.4130859375 0.6976318359375
-0.0233020782470703 0.00510025024414063 0.30963134765625 0.6798095703125
0.00179719924926758 0.00479030609130859 0.183441162109375 0.40228271484375
0.00895500183105469 -0.015869140625 0.0487136840820313 0.0125312805175781
0.00615406036376953 -0.0155963897705078 -0.12811279296875 -0.378814697265625
-0.00983715057373047 -0.0106849670410156 -0.34832763671875 -0.59954833984375
-0.00798797607421875 -0.0227527618408203 -0.60662841796875 -0.56292724609375
-0.0115127563476562 -0.0298480987548828 -0.7545166015625 -0.39508056640625
0.0151395797729492 -0.00672626495361328 -0.70465087890625 -0.3575439453125
0.0180950164794922 0.0127582550048828 -0.534423828125 -0.181427001953125
0.0172405242919922 0.00991630554199219 -0.157669067382813 -0.0596160888671875
0.0819549560546875 0.0929946899414063 0.192306518554687 0.1075439453125
0.0868301391601563 0.0678634643554688 0.538543701171875 0.2987060546875
0.0507087707519531 0.00699615478515625 0.642578125 0.40484619140625
0.00264406204223633 6.46114349365235E-05 0.5931396484375 0.583984375
-0.0404891967773438 0.0180816650390625 0.41259765625 0.70843505859375
-0.0331764221191406 0.0314598083496094 0.307373046875 0.67657470703125
0.000844955444335939 0.0311298370361328 0.184112548828125 0.39288330078125
0.013331413269043 0.00368785858154297 0.0452003479003906 -0.00269699096679687
0.00863790512084961 0.00836753845214844 -0.135711669921875 -0.387115478515625
-0.0143938064575195 0.014653205871582 -0.35504150390625 -0.60162353515625
-0.0168800354003906 -0.00303363800048828 -0.611572265625 -0.5614013671875
-0.0196609497070312 -0.0271797180175781 -0.755615234375 -0.38470458984375
0.0270843505859375 -0.0164794921875 -0.706298828125 -0.3480224609375
0.050628662109375 0.0144538879394531 -0.532562255859375 -0.179840087890625
0.0576362609863281 0.0316734313964844 -0.146942138671875 -0.057342529296875
0.110275268554688 0.107414245605469 0.211669921875 0.111846923828125
0.114204406738281 0.0718536376953125 0.53070068359375 0.2950439453125
0.0629043579101563 0.0035858154296875 0.63873291015625 0.41912841796875
-0.0016181468963623 -0.00203061103820801 0.6025390625 0.60064697265625
-0.0483856201171875 0.0311431884765625 0.4256591796875 0.70526123046875
-0.0387802124023438 0.0493621826171875 0.30889892578125 0.65692138671875
0.00126266479492188 0.0466499328613281 0.17864990234375 0.365447998046875
0.0137691497802734 0.0200386047363281 0.0366439819335938 -0.023406982421875
0.00930023193359375 0.0243339538574219 -0.144012451171875 -0.407073974609375
-0.0180721282958984 0.0322933197021484 -0.359619140625 -0.61529541015625
-0.0247688293457031 0.0112876892089844 -0.60943603515625 -0.56573486328125
-0.0268039703369141 -0.0277519226074219 -0.74749755859375 -0.3814697265625
0.0389862060546875 -0.0234718322753906 -0.7001953125 -0.340576171875
0.0779495239257813 0.019927978515625 -0.52325439453125 -0.179718017578125
0.0867233276367188 0.0541458129882813 -0.128898620605469 -0.0467147827148437
0.124298095703125 0.10601806640625 0.23223876953125 0.118118286132813
0.123199462890625 0.0689163208007813 0.529052734375 0.293212890625
0.0624198913574219 -0.0013580322265625 0.6436767578125 0.43121337890625
-0.00577974319458008 0.00280284881591797 0.62530517578125 0.6044921875
-0.0533943176269531 0.0383071899414063 0.4471435546875 0.69354248046875
-0.0405464172363281 0.0579071044921875 0.31854248046875 0.63067626953125
0.00304031372070312 0.0515823364257812 0.173553466796875 0.33660888671875
0.0146751403808594 0.0214595794677734 0.0259284973144531 -0.051727294921875
0.00648689270019531 0.0333023071289062 -0.156341552734375 -0.431182861328125
-0.0224838256835937 0.0399246215820313 -0.36175537109375 -0.6392822265625
-0.0299720764160156 0.0141582489013672 -0.60003662109375 -0.58209228515625
-0.0273628234863281 -0.0311756134033203 -0.7340087890625 -0.38671875
0.0513801574707031 -0.0269355773925781 -0.6885986328125 -0.3385009765625
0.0976104736328125 0.0265579223632813 -0.512359619140625 -0.179473876953125
0.101211547851563 0.0719451904296875 -0.111038208007813 -0.0304031372070313
0.126312255859375 0.0945358276367188 0.254913330078125 0.123809814453125
0.116050720214844 0.0599517822265625 0.532562255859375 0.29083251953125
0.0560226440429688 0.00384902954101563 0.66009521484375 0.4351806640625
-0.00661563873291016 0.0100889205932617 0.6571044921875 0.5972900390625
-0.0478973388671875 0.0388984680175781 0.4766845703125 0.66644287109375
-0.0370864868164063 0.0540618896484375 0.33001708984375 0.59625244140625
0.000217437744140625 0.0417060852050781 0.16845703125 0.308197021484375
0.0128507614135742 0.0137014389038086 0.0159683227539062 -0.0788116455078125
0.00350761413574219 0.027374267578125 -0.158355712890625 -0.45819091796875
-0.0245437622070313 0.0350761413574219 -0.35015869140625 -0.6693115234375
-0.0356521606445313 0.00890350341796876 -0.577880859375 -0.6083984375
-0.02593994140625 -0.0338573455810547 -0.7149658203125 -0.39996337890625
0.0578765869140625 -0.02166748046875 -0.67608642578125 -0.33917236328125
0.102394104003906 0.037078857421875 -0.502288818359375 -0.179595947265625
0.100677490234375 0.084136962890625 -0.0918807983398437 -0.0114212036132813
0.112136840820313 0.0764694213867188 0.277114868164063 0.12786865234375
0.0971755981445313 0.0522079467773438 0.541351318359375 0.2838134765625
0.0483741760253906 0.01141357421875 0.681396484375 0.42535400390625
-0.000638008117675782 0.0167369842529297 0.6905517578125 0.57147216796875
-0.0417633056640625 0.0344619750976563 0.50103759765625 0.63116455078125
-0.0332717895507812 0.0376396179199219 0.3419189453125 0.5626220703125
-0.00239753723144531 0.0244674682617187 0.162628173828125 0.281707763671875
0.00933551788330078 0.000169754028320313 0.00386047363281251 -0.100875854492188
0.00113391876220703 0.0127649307250977 -0.15582275390625 -0.4847412109375
-0.0258083343505859 0.0200462341308594 -0.32537841796875 -0.70233154296875
-0.0319633483886719 -0.00330352783203125 -0.54791259765625 -0.63897705078125
-0.0206775665283203 -0.0340251922607422 -0.68743896484375 -0.4208984375
0.0558929443359375 -0.0146064758300781 -0.662353515625 -0.34600830078125
0.0912933349609375 0.04156494140625 -0.495941162109375 -0.184234619140625
0.0845260620117188 0.0834579467773438 -0.0802841186523438 0.00933837890625
-0.0188465118408203 -0.00985336303710937 0.199005126953125 0.098602294921875
-0.03607177734375 0.0181808471679687 0.557647705078125 0.26995849609375
-0.0156097412109375 0.0401420593261719 0.6756591796875 0.35369873046875
0.0200576782226562 0.0256156921386719 0.64691162109375 0.5211181640625
0.00462150573730469 -0.018157958984375 0.45794677734375 0.65032958984375
-0.00052261352539063 -0.0518074035644531 0.35028076171875 0.6392822265625
-0.00202178955078124 -0.0578460693359375 0.195343017578125 0.38525390625
-0.000659942626953123 -0.0647010803222656 0.041015625 0.00582504272460937
-0.00014495849609375 -0.0669746398925781 -0.13128662109375 -0.383270263671875
-0.0023345947265625 -0.0679702758789063 -0.3363037109375 -0.6138916015625
0.0148468017578125 -0.0603713989257813 -0.59063720703125 -0.5875244140625
0.00445938110351563 -0.0328197479248047 -0.74066162109375 -0.42236328125
-0.0108938217163086 0.014653205871582 -0.69305419921875 -0.368896484375
-0.0465469360351563 0.00946044921875001 -0.52630615234375 -0.177276611328125
-0.0641708374023438 -0.0293159484863281 -0.155792236328125 -0.0449981689453125
0.0143241882324219 0.0247955322265625 0.189163208007812 0.0968780517578125
0.005157470703125 0.03314208984375 0.555511474609375 0.280487060546875
0.00594902038574219 0.0281925201416016 0.6661376953125 0.3614501953125
0.0127477645874023 0.0152397155761719 0.622314453125 0.53521728515625
-0.00911998748779297 -0.0064706802368164 0.4346923828125 0.67010498046875
-0.0106067657470703 -0.0247459411621094 0.33056640625 0.6614990234375
0.000476837158203123 -0.0273818969726563 0.19384765625 0.398284912109375
0.00357437133789063 -0.0410842895507813 0.0463676452636719 0.0147247314453125
0.00354766845703125 -0.0422286987304688 -0.130706787109375 -0.37249755859375
-0.00675582885742188 -0.0401649475097656 -0.34735107421875 -0.59619140625
0.00191116333007812 -0.040679931640625 -0.6038818359375 -0.56634521484375
-0.00366592407226562 -0.0330314636230469 -0.75244140625 -0.3974609375
0.00419068336486816 0.00437760353088379 -0.7020263671875 -0.35540771484375
-0.0151815414428711 0.0116548538208008 -0.533355712890625 -0.17388916015625
-0.0245475769042969 -0.0107593536376953 -0.163131713867188 -0.054107666015625
0.0509262084960937 0.0630455017089844 0.18609619140625 0.098175048828125
0.0489273071289063 0.0526390075683594 0.547882080078125 0.287872314453125
0.0315284729003906 0.0162792205810547 0.65869140625 0.37396240234375
0.00781488418579102 0.00478506088256836 0.60760498046875 0.5533447265625
-0.0260448455810547 0.00652503967285156 0.4215087890625 0.68902587890625
-0.0206851959228516 0.00466156005859375 0.32073974609375 0.67315673828125
0.00133132934570312 0.00341367721557617 0.1915283203125 0.39959716796875
0.00918388366699219 -0.0157260894775391 0.0495185852050781 0.0119132995605469
0.00577735900878906 -0.0146350860595703 -0.132232666015625 -0.373565673828125
-0.0113525390625 -0.0115280151367188 -0.35748291015625 -0.58917236328125
-0.00713920593261719 -0.0196151733398438 -0.61151123046875 -0.5487060546875
-0.0148334503173828 -0.0291519165039063 -0.75885009765625 -0.38031005859375
0.0144195556640625 -0.00754356384277344 -0.709228515625 -0.34527587890625
0.0178489685058594 0.0117931365966797 -0.5352783203125 -0.173309326171875
0.0169868469238281 0.0105981826782227 -0.15869140625 -0.0575408935546875
0.0855560302734375 0.09063720703125 0.194931030273438 0.101089477539063
0.0880584716796875 0.0651702880859375 0.54107666015625 0.28668212890625
0.0532035827636719 0.00708389282226563 0.649169921875 0.3916015625
0.00302338600158691 -0.00169968605041504 0.60205078125 0.57440185546875
-0.0409889221191406 0.0185089111328125 0.423095703125 0.69818115234375
-0.031402587890625 0.031463623046875 0.31658935546875 0.6656494140625
0.00194931030273437 0.0303554534912109 0.188812255859375 0.38629150390625
0.0130014419555664 0.00515174865722656 0.0446205139160156 -0.0028839111328125
0.00886154174804688 0.00848674774169922 -0.142181396484375 -0.383087158203125
-0.0140066146850586 0.0160951614379883 -0.36468505859375 -0.5914306640625
-0.0168876647949219 -0.00237941741943359 -0.61749267578125 -0.54815673828125
-0.0204277038574219 -0.0264129638671875 -0.75909423828125 -0.36785888671875
0.0269756317138672 -0.0173530578613281 -0.7076416015625 -0.33331298828125
0.0515213012695313 0.013427734375 -0.53179931640625 -0.17071533203125
0.0560417175292969 0.0304641723632813 -0.146560668945312 -0.0558319091796875
0.112113952636719 0.105613708496094 0.21160888671875 0.1068115234375
0.115036010742188 0.0699539184570313 0.53338623046875 0.284759521484375
0.0638465881347656 -7.62939453125E-05 0.642822265625 0.40655517578125
-0.00157046318054199 -0.00238204002380371 0.609619140625 0.58892822265625
-0.0487518310546875 0.0309906005859375 0.43353271484375 0.6956787109375
-0.0374679565429688 0.051849365234375 0.31939697265625 0.64984130859375
0.00331878662109375 0.0469093322753906 0.1824951171875 0.361114501953125
0.0162353515625 0.0202770233154297 0.0366668701171875 -0.0242195129394531
0.00901985168457031 0.0261421203613281 -0.151397705078125 -0.401123046875
-0.0161762237548828 0.0339488983154297 -0.37109375 -0.6043701171875
-0.0255565643310547 0.0118675231933594 -0.61700439453125 -0.55303955078125
-0.0258998870849609 -0.0265998840332031 -0.75006103515625 -0.366455078125
0.0395164489746094 -0.0236053466796875 -0.70294189453125 -0.3277587890625
0.0787734985351563 0.0181884765625 -0.524383544921875 -0.169952392578125
0.0877761840820313 0.052032470703125 -0.130165100097656 -0.0467758178710937
0.126991271972656 0.104133605957031 0.233078002929687 0.1121826171875
0.12420654296875 0.0648345947265625 0.533538818359375 0.2838134765625
0.0625991821289063 -0.00111770629882813 0.6488037109375 0.41973876953125
-0.00565195083618164 0.00207281112670898 0.6318359375 0.59326171875
-0.0510978698730469 0.0395317077636719 0.45574951171875 0.68280029296875
-0.0385246276855469 0.0580596923828125 0.3258056640625 0.621826171875
0.0017852783203125 0.0502777099609375 0.177703857421875 0.330108642578125
0.0144672393798828 0.0217170715332031 0.0258216857910156 -0.0524444580078125
0.00621604919433593 0.0329246520996094 -0.1611328125 -0.4266357421875
-0.021881103515625 0.0425453186035156 -0.3709716796875 -0.63031005859375
-0.0323963165283203 0.0164737701416016 -0.60736083984375 -0.5693359375
-0.0292720794677734 -0.0297203063964844 -0.73968505859375 -0.37445068359375
0.0523872375488281 -0.0259437561035156 -0.69134521484375 -0.32464599609375
0.0980911254882813 0.0273284912109375 -0.514739990234375 -0.17095947265625
0.103103637695313 0.07159423828125 -0.110008239746094 -0.0317153930664062
0.127815246582031 0.0925140380859375 0.256149291992188 0.11798095703125
0.116615295410156 0.0570220947265625 0.53717041015625 0.28253173828125
0.0571098327636719 0.003021240234375 0.66424560546875 0.42156982421875
-0.00611782073974609 0.00899696350097656 0.66546630859375 0.58294677734375
-0.0482139587402344 0.0406875610351562 0.485595703125 0.6546630859375
-0.0357933044433594 0.0533485412597656 0.3388671875 0.589111328125
9.91821289062478E-05 0.0418434143066406 0.17254638671875 0.302276611328125
0.0135278701782227 0.0154380798339844 0.0129852294921875 -0.0780792236328125
0.00351715087890625 0.0276317596435547 -0.16632080078125 -0.453125
-0.0261993408203125 0.0363235473632812 -0.3612060546875 -0.658935546875
-0.0357894897460938 0.00979232788085937 -0.58551025390625 -0.594482421875
-0.0271511077880859 -0.0334568023681641 -0.71844482421875 -0.38800048828125
0.0588226318359375 -0.0225753784179688 -0.67926025390625 -0.32635498046875
0.102897644042969 0.0352020263671875 -0.502777099609375 -0.170135498046875
0.10150146484375 0.0828170776367188 -0.0918502807617187 -0.010528564453125
0.114715576171875 0.0739059448242188 0.275894165039063 0.120529174804687
0.0982437133789063 0.0498504638671875 0.54351806640625 0.27435302734375
0.0456886291503906 0.00968170166015625 0.6844482421875 0.4127197265625
-0.00033092498779297 0.0154752731323242 0.6968994140625 0.557373046875
-0.0400047302246094 0.03533935546875 0.5108642578125 0.62103271484375
-0.0319671630859375 0.0392189025878906 0.35101318359375 0.55499267578125
-0.000358581542968748 0.0234260559082031 0.16619873046875 0.276901245117188
0.00903415679931641 -0.000452041625976563 0.000839233398437503 -0.0999298095703125
2.86102294921899E-06 0.0126142501831055 -0.1658935546875 -0.479248046875
-0.0244731903076172 0.0213985443115234 -0.3377685546875 -0.69232177734375
-0.0324592590332031 0.000186920166015627 -0.556884765625 -0.62603759765625
-0.0216884613037109 -0.0340728759765625 -0.693115234375 -0.4071044921875
0.0553855895996094 -0.0155601501464844 -0.66607666015625 -0.33282470703125
0.0936965942382813 0.0408401489257813 -0.49566650390625 -0.174407958984375
0.084503173828125 0.0844192504882813 -0.078582763671875 0.00914764404296877
-0.0176868438720703 -0.00844573974609375 0.20013427734375 0.094512939453125
-0.0346298217773438 0.0185966491699219 0.559539794921875 0.26153564453125
-0.0158767700195313 0.0405769348144531 0.6785888671875 0.3419189453125
0.0201759338378906 0.0238418579101563 0.65032958984375 0.507080078125
0.00395774841308594 -0.0192909240722656 0.4649658203125 0.63873291015625
-0.000782012939453127 -0.0510406494140625 0.35504150390625 0.63153076171875
-0.00524139404296875 -0.0572395324707031 0.199798583984375 0.38214111328125
-0.00170516967773437 -0.0644645690917969 0.0398292541503906 0.00587081909179687
-0.000747680664062503 -0.0671958923339844 -0.13775634765625 -0.37744140625
-0.001953125 -0.0668106079101563 -0.344482421875 -0.60247802734375
0.0109634399414062 -0.0599594116210938 -0.597412109375 -0.57598876953125
0.0042877197265625 -0.0323867797851563 -0.741455078125 -0.408447265625
-0.0084228515625 0.0150928497314453 -0.69189453125 -0.35589599609375
-0.0463027954101563 0.00864791870117188 -0.527069091796875 -0.168182373046875
-0.0627059936523437 -0.02899169921875 -0.156005859375 -0.0439453125
0.0121974945068359 0.0237598419189453 0.188430786132813 0.0899505615234375
0.00536727905273437 0.0335140228271484 0.55712890625 0.269500732421875
0.00680923461914062 0.0274734497070313 0.66900634765625 0.34881591796875
0.0129995346069336 0.0160093307495117 0.6279296875 0.5203857421875
-0.00987529754638672 -0.00631141662597656 0.44244384765625 0.6585693359375
-0.00872039794921875 -0.0223884582519531 0.33990478515625 0.65240478515625
-0.00106048583984375 -0.0274772644042969 0.19989013671875 0.39312744140625
0.00130844116210937 -0.0413055419921875 0.0477294921875 0.015350341796875
0.00197219848632812 -0.0413818359375 -0.136016845703125 -0.36676025390625
-0.00759506225585937 -0.0380096435546875 -0.35211181640625 -0.5859375
0.00103759765625 -0.0430717468261719 -0.60986328125 -0.550537109375
-0.00571060180664063 -0.0324592590332031 -0.7528076171875 -0.3834228515625
0.00310039520263672 0.00526046752929688 -0.70166015625 -0.34100341796875
-0.0157251358032227 0.012537956237793 -0.534027099609375 -0.16363525390625
-0.0251598358154297 -0.00835227966308593 -0.16192626953125 -0.0529632568359375
0.0519866943359375 0.0622177124023438 0.186599731445312 0.0922698974609375
0.0513648986816406 0.0516738891601563 0.550262451171875 0.276214599609375
0.0317611694335937 0.0157852172851562 0.6585693359375 0.36077880859375
0.00598049163818359 0.00477027893066406 0.6112060546875 0.53948974609375
-0.0257339477539063 0.00664329528808594 0.42889404296875 0.677734375
-0.0222358703613281 0.00568008422851562 0.32830810546875 0.662841796875
0.00225281715393066 0.00359439849853516 0.197845458984375 0.394012451171875
0.00827884674072266 -0.017033576965332 0.0483322143554688 0.0107917785644531
0.00665283203125 -0.0151529312133789 -0.139862060546875 -0.3687744140625
-0.0111589431762695 -0.0104589462280273 -0.3636474609375 -0.57879638671875
-0.00821304321289063 -0.0193443298339844 -0.61724853515625 -0.53662109375
-0.0143966674804687 -0.0284919738769531 -0.7589111328125 -0.36328125
0.0159320831298828 -0.00707340240478516 -0.7100830078125 -0.33203125
0.0184707641601563 0.0115928649902344 -0.5341796875 -0.1634521484375
0.0172824859619141 0.0108327865600586 -0.157867431640625 -0.0537261962890625
0.08795166015625 0.089996337890625 0.196945190429688 0.0986785888671875
0.0915756225585938 0.0639419555664063 0.542022705078125 0.278045654296875
0.0521697998046875 0.00431442260742188 0.65087890625 0.37908935546875
0.0035548210144043 -0.00192594528198242 0.60662841796875 0.5615234375
-0.0386428833007812 0.0175704956054688 0.4310302734375 0.6888427734375
-0.0299491882324219 0.0322723388671875 0.3245849609375 0.65692138671875
0.00229835510253906 0.0289955139160156 0.192169189453125 0.380035400390625
0.013361930847168 0.00599479675292969 0.044708251953125 -0.00161361694335937
0.00879383087158203 0.00861358642578125 -0.1468505859375 -0.3773193359375
-0.0125617980957031 0.0170869827270508 -0.3717041015625 -0.5823974609375
-0.0160894393920898 -0.00114345550537109 -0.62286376953125 -0.53271484375
-0.0222759246826172 -0.0249176025390625 -0.76214599609375 -0.352783203125
0.0267257690429688 -0.0158920288085938 -0.70965576171875 -0.322021484375
0.0505599975585938 0.0124969482421875 -0.53302001953125 -0.159698486328125
0.0576286315917969 0.0299034118652344 -0.147491455078125 -0.05462646484375
0.114646911621094 0.1024169921875 0.211624145507813 0.101760864257813
0.115379333496094 0.0664520263671875 0.53619384765625 0.273651123046875
0.0643539428710938 -0.003173828125 0.64801025390625 0.39495849609375
-0.00171422958374023 -0.0025637149810791 0.61578369140625 0.5772705078125
-0.0486488342285156 0.0316543579101562 0.44256591796875 0.687255859375
-0.0352401733398438 0.0513153076171875 0.32635498046875 0.64154052734375
0.00432968139648438 0.047119140625 0.188079833984375 0.354736328125
0.0151329040527344 0.0184097290039063 0.0363960266113281 -0.0244140625
0.0116672515869141 0.0254039764404297 -0.156890869140625 -0.39569091796875
-0.0175895690917969 0.0339717864990234 -0.37701416015625 -0.59423828125
-0.0262966156005859 0.0111846923828125 -0.620361328125 -0.538330078125
-0.0279216766357422 -0.0248794555664063 -0.7537841796875 -0.35174560546875
0.038787841796875 -0.024566650390625 -0.703125 -0.31640625
0.0782546997070312 0.0163955688476562 -0.5238037109375 -0.1619873046875
0.087432861328125 0.0520248413085938 -0.128379821777344 -0.0448837280273438
0.129005432128906 0.102333068847656 0.23480224609375 0.107009887695313
0.125297546386719 0.0617523193359375 0.532073974609375 0.2742919921875
0.0640830993652344 -0.00306320190429687 0.6522216796875 0.40667724609375
-0.00460577011108399 0.00120210647583008 0.63848876953125 0.58056640625
-0.0511589050292969 0.0393028259277344 0.46484375 0.66973876953125
-0.037841796875 0.0578155517578125 0.3355712890625 0.61236572265625
0.002777099609375 0.0507583618164062 0.18218994140625 0.326568603515625
0.0152473449707031 0.0209007263183594 0.0240478515625 -0.0515251159667969
0.00735092163085937 0.0326442718505859 -0.166778564453125 -0.419158935546875
-0.0220260620117187 0.0427017211914063 -0.3787841796875 -0.618408203125
-0.0323009490966797 0.0164699554443359 -0.61181640625 -0.555419921875
-0.0305004119873047 -0.0290603637695313 -0.74139404296875 -0.357421875
0.0518684387207031 -0.0279159545898438 -0.6925048828125 -0.31219482421875
0.0974807739257813 0.0254287719726563 -0.513671875 -0.158905029296875
0.104751586914062 0.0705413818359375 -0.109916687011719 -0.030426025390625
0.129600524902344 0.0910186767578125 0.256927490234375 0.1126708984375
0.118461608886719 0.0549087524414062 0.537017822265625 0.27105712890625
0.0575065612792969 0.000164031982421875 0.66827392578125 0.4078369140625
-0.00464534759521484 0.00862836837768555 0.67120361328125 0.5675048828125
-0.04791259765625 0.0421180725097656 0.4918212890625 0.64300537109375
-0.0353279113769531 0.0556564331054688 0.34674072265625 0.57916259765625
0.000728607177734378 0.04217529296875 0.1768798828125 0.29803466796875
0.0142393112182617 0.0152454376220703 0.0111236572265625 -0.0766525268554688
0.00462722778320313 0.0280933380126953 -0.172515869140625 -0.445343017578125
-0.0250930786132812 0.0365638732910156 -0.36798095703125 -0.64837646484375
-0.0344352722167969 0.0114669799804687 -0.591552734375 -0.5814208984375
-0.0280265808105469 -0.0324573516845703 -0.72003173828125 -0.3724365234375
0.0586166381835937 -0.0251884460449219 -0.67987060546875 -0.3150634765625
0.103561401367188 0.033233642578125 -0.50347900390625 -0.16412353515625
0.101860046386719 0.0824661254882813 -0.0911483764648438 -0.00981903076171873
0.115608215332031 0.0715560913085938 0.275619506835938 0.116317749023438
0.0994796752929688 0.0483856201171875 0.54443359375 0.26409912109375
0.0474891662597656 0.007049560546875 0.68939208984375 0.40008544921875
-0.000720024108886718 0.0161056518554688 0.70294189453125 0.543701171875
-0.0383453369140625 0.0366477966308594 0.51641845703125 0.6075439453125
-0.0304946899414063 0.038299560546875 0.357452392578125 0.545196533203125
-0.00121879577636719 0.0246047973632812 0.16961669921875 0.275360107421875
0.0086665153503418 0.00130605697631836 -0.000259399414062505 -0.0996856689453125
0.00142478942871094 0.0136394500732422 -0.171844482421875 -0.471435546875
-0.0243167877197266 0.0207653045654297 -0.34637451171875 -0.6805419921875
-0.0340538024902344 -0.000579833984375006 -0.56280517578125 -0.61444091796875
-0.0213279724121094 -0.0319938659667969 -0.69537353515625 -0.39398193359375
0.0558586120605469 -0.0150985717773438 -0.66802978515625 -0.3206787109375
0.0938186645507813 0.0383453369140625 -0.497528076171875 -0.16571044921875
0.0862808227539063 0.0817413330078125 -0.0774078369140625 0.00959014892578124
-0.0182247161865234 -0.00931739807128907 0.198410034179688 0.0897369384765625
-0.0317306518554688 0.0186061859130859 0.559783935546875 0.252288818359375
-0.0125160217285156 0.0412635803222656 0.6800537109375 0.3294677734375
0.0207195281982422 0.0224590301513672 0.65277099609375 0.49322509765625
0.00405120849609375 -0.0190029144287109 0.47119140625 0.62860107421875
-0.003204345703125 -0.0493240356445313 0.3619384765625 0.62261962890625
-0.00338363647460937 -0.0568580627441406 0.20281982421875 0.37567138671875
-0.00445175170898438 -0.0655174255371094 0.0417861938476563 0.00605392456054687
-0.00139999389648438 -0.0661811828613281 -0.14276123046875 -0.37298583984375
-0.00248718261718751 -0.0651779174804688 -0.3489990234375 -0.59423828125
0.0112075805664062 -0.0606727600097656 -0.59912109375 -0.563720703125
0.00384902954101563 -0.0303859710693359 -0.7413330078125 -0.39398193359375
-0.00857830047607422 0.0171337127685547 -0.690185546875 -0.344970703125
-0.0465850830078125 0.00928115844726563 -0.525787353515625 -0.160675048828125
-0.0632133483886719 -0.0266571044921875 -0.154083251953125 -0.041961669921875
0.0152454376220703 0.0240421295166016 0.18927001953125 0.0869293212890625
0.00729179382324219 0.0330848693847656 0.5556640625 0.259765625
0.00759506225585937 0.0272769927978516 0.67095947265625 0.33575439453125
0.0141096115112305 0.0134553909301758 0.62884521484375 0.50872802734375
-0.0102901458740234 -0.006683349609375 0.447509765625 0.6507568359375
-0.010650634765625 -0.0227489471435547 0.3453369140625 0.643310546875
-0.000291824340820311 -0.0267410278320313 0.202301025390625 0.389251708984375
0.00327682495117188 -0.0400199890136719 0.0465240478515625 0.0129890441894531
0.00245285034179687 -0.0405464172363281 -0.139739990234375 -0.359710693359375
-0.00783538818359375 -0.0377159118652344 -0.36053466796875 -0.57440185546875
-0.00157928466796875 -0.0417671203613281 -0.610107421875 -0.537109375
-0.00601959228515625 -0.0320625305175781 -0.75164794921875 -0.36865234375
0.00168895721435547 0.0052485466003418 -0.7032470703125 -0.330078125
-0.0139226913452148 0.0122184753417969 -0.532562255859375 -0.15618896484375
-0.0253314971923828 -0.00800514221191406 -0.162521362304688 -0.0499267578125
0.0525588989257813 0.0619010925292969 0.185028076171875 0.0897064208984375
0.05133056640625 0.0504798889160156 0.548980712890625 0.26593017578125
0.03094482421875 0.0149497985839844 0.66131591796875 0.34893798828125
0.00785589218139649 0.00315237045288086 0.614501953125 0.5301513671875
-0.0261383056640625 0.00687217712402344 0.43438720703125 0.66693115234375
-0.0200309753417969 0.00657272338867188 0.33343505859375 0.65447998046875
0.00101399421691894 0.00425910949707031 0.202056884765625 0.389739990234375
0.00760936737060547 -0.0162754058837891 0.0496253967285156 0.0105438232421875
0.00586700439453125 -0.0159721374511719 -0.143310546875 -0.360443115234375
-0.0082864761352539 -0.0083918571472168 -0.36767578125 -0.5655517578125
-0.00943946838378906 -0.0204830169677734 -0.61895751953125 -0.5228271484375
-0.0156650543212891 -0.0278434753417969 -0.75787353515625 -0.35137939453125
0.0150671005249023 -0.007354736328125 -0.71112060546875 -0.31964111328125
0.0189266204833984 0.0138835906982422 -0.533203125 -0.15631103515625
0.0152320861816406 0.0107507705688477 -0.157882690429688 -0.0543060302734375
0.0874099731445313 0.0882034301757813 0.195327758789063 0.0918121337890625
0.0903854370117188 0.0635910034179688 0.542236328125 0.26898193359375
0.0531997680664063 0.00428009033203125 0.65216064453125 0.36590576171875
0.00269269943237305 -0.00416707992553711 0.61151123046875 0.5509033203125
-0.0376968383789063 0.0187721252441406 0.435791015625 0.67596435546875
-0.0290737152099609 0.0325584411621094 0.3319091796875 0.64947509765625
0.00510787963867188 0.0297775268554687 0.197906494140625 0.375091552734375
0.0141916275024414 0.00484466552734375 0.0442924499511719 -0.00268173217773437
0.00862932205200195 0.00799560546875 -0.150726318359375 -0.371002197265625
-0.0136728286743164 0.0157833099365234 -0.3782958984375 -0.57073974609375
-0.0179691314697266 0.00084877014160156 -0.62567138671875 -0.52044677734375
-0.0214748382568359 -0.0243568420410156 -0.75848388671875 -0.341064453125
0.02685546875 -0.0158100128173828 -0.7103271484375 -0.31103515625
0.0497055053710937 0.0130157470703125 -0.530548095703125 -0.153411865234375
0.0566520690917969 0.0295257568359375 -0.146896362304688 -0.051971435546875
0.116287231445313 0.101585388183594 0.211669921875 0.0977325439453125
0.116279602050781 0.0652008056640625 0.537689208984375 0.26739501953125
0.0634040832519531 -0.0007781982421875 0.64703369140625 0.38092041015625
-0.00179719924926758 -0.00328922271728516 0.62017822265625 0.56427001953125
-0.0478515625 0.0310096740722656 0.44873046875 0.6732177734375
-0.0371665954589844 0.0504570007324219 0.33258056640625 0.63397216796875
0.0036163330078125 0.0466117858886719 0.19207763671875 0.349395751953125
0.0170059204101563 0.0194740295410156 0.0339870452880859 -0.0243473052978516
0.00938606262207031 0.0247936248779297 -0.16033935546875 -0.3875732421875
-0.0162448883056641 0.0348873138427734 -0.38262939453125 -0.5830078125
-0.0243511199951172 0.0132770538330078 -0.62310791015625 -0.52484130859375
-0.0274505615234375 -0.0248031616210938 -0.752197265625 -0.339111328125
0.0385551452636719 -0.0235595703125 -0.7025146484375 -0.30279541015625
0.0786361694335938 0.016510009765625 -0.52252197265625 -0.15423583984375
0.088775634765625 0.049041748046875 -0.128578186035156 -0.0443344116210937
0.131240844726562 0.100120544433594 0.232498168945313 0.1029052734375
0.126571655273438 0.0600357055664062 0.533111572265625 0.2630615234375
0.0627250671386719 -0.00283050537109375 0.6522216796875 0.39453125
-0.00591516494750976 0.00142908096313476 0.641357421875 0.56884765625
-0.0491752624511719 0.0406265258789062 0.470458984375 0.66021728515625
-0.0350418090820312 0.0595626831054688 0.34027099609375 0.6051025390625
0.00400161743164063 0.0513343811035156 0.184600830078125 0.322265625
0.0165576934814453 0.0222301483154297 0.0238456726074219 -0.0513687133789063
0.00778007507324219 0.0334129333496094 -0.17138671875 -0.41461181640625
-0.0193405151367187 0.0419960021972656 -0.38372802734375 -0.606201171875
-0.0317859649658203 0.0157566070556641 -0.6146240234375 -0.54180908203125
-0.0292396545410156 -0.0289459228515625 -0.7396240234375 -0.3447265625
0.0489425659179687 -0.0276985168457031 -0.69207763671875 -0.3028564453125
0.0977325439453125 0.0232391357421875 -0.513397216796875 -0.151031494140625
0.103080749511719 0.0685882568359375 -0.110107421875 -0.0286712646484375
0.131378173828125 0.08880615234375 0.256332397460938 0.107254028320313
0.120262145996094 0.052764892578125 0.536651611328125 0.262298583984375
0.0577430725097656 3.814697265625E-05 0.66949462890625 0.39630126953125
-0.00609350204467773 0.00834798812866211 0.67559814453125 0.55609130859375
-0.0461158752441406 0.0406646728515625 0.49725341796875 0.63446044921875
-0.0335540771484375 0.0544586181640625 0.35137939453125 0.5699462890625
0.001739501953125 0.0424423217773437 0.178924560546875 0.294189453125
0.0130348205566406 0.0140590667724609 0.0123291015625 -0.076690673828125
0.00377845764160156 0.0274410247802734 -0.1767578125 -0.440338134765625
-0.0231170654296875 0.037445068359375 -0.37530517578125 -0.6373291015625
-0.0364875793457031 0.0120010375976563 -0.59808349609375 -0.56829833984375
-0.0268001556396484 -0.03192138671875 -0.71807861328125 -0.3619384765625
0.0573005676269531 -0.0247421264648438 -0.67816162109375 -0.303466796875
0.1041259765625 0.0322036743164063 -0.5032958984375 -0.156005859375
0.10308837890625 0.0803985595703125 -0.0904541015625 -0.00982666015625
0.117340087890625 0.070648193359375 0.276092529296875 0.111068725585938
0.0996246337890625 0.0450439453125 0.543609619140625 0.256439208984375
0.0466957092285156 0.00675582885742188 0.6898193359375 0.3853759765625
-0.00011920928955078 0.0125875473022461 0.705810546875 0.53131103515625
-0.040191650390625 0.034820556640625 0.52288818359375 0.59735107421875
-0.02911376953125 0.0399818420410156 0.36224365234375 0.536529541015625
-0.00192451477050781 0.0232467651367188 0.171966552734375 0.268264770507813
0.00966835021972656 -0.000982284545898438 -0.00164794921875 -0.0965423583984375
-0.000145912170410156 0.01318359375 -0.17669677734375 -0.46307373046875
-0.0238819122314453 0.0228519439697266 -0.3531494140625 -0.6695556640625
-0.0319938659667969 0.00043487548828125 -0.56524658203125 -0.60009765625
-0.0233192443847656 -0.0328502655029297 -0.6947021484375 -0.3829345703125
0.0555839538574219 -0.0159149169921875 -0.6658935546875 -0.31146240234375
0.092437744140625 0.0380706787109375 -0.4951171875 -0.159423828125
0.0871353149414062 0.0821380615234375 -0.0764923095703125 0.0111083984375
-0.0167331695556641 -0.0106573104858398 0.198379516601563 0.0868682861328125
-0.0328578948974609 0.0188922882080078 0.557861328125 0.2427978515625
-0.0107803344726563 0.0402145385742188 0.67828369140625 0.319580078125
0.0208015441894531 0.0223274230957031 0.65283203125 0.48284912109375
0.00280952453613281 -0.0195884704589844 0.474609375 0.61798095703125
-0.00290298461914062 -0.0512351989746094 0.36627197265625 0.614990234375
-0.00632858276367188 -0.05657958984375 0.20538330078125 0.371185302734375
-0.00352096557617187 -0.0620765686035156 0.0409011840820313 0.00544357299804687
-0.00298690795898438 -0.0661735534667969 -0.145477294921875 -0.364105224609375
-0.00238800048828125 -0.0629615783691406 -0.35516357421875 -0.583740234375
0.00901031494140625 -0.0586814880371094 -0.60107421875 -0.54986572265625
0.003631591796875 -0.0300674438476563 -0.7391357421875 -0.38037109375
-0.00747585296630859 0.0166053771972656 -0.69000244140625 -0.333984375
-0.0447769165039062 0.0118141174316406 -0.522216796875 -0.153289794921875
-0.0636940002441406 -0.0248870849609375 -0.153976440429688 -0.0409698486328125
0.0156593322753906 0.0221405029296875 0.187469482421875 0.0843963623046875
0.00622177124023438 0.0323276519775391 0.554962158203125 0.25311279296875
0.00761032104492188 0.0269412994384766 0.670166015625 0.3248291015625
0.0153303146362305 0.0119256973266602 0.6302490234375 0.49993896484375
-0.0110940933227539 -0.00529098510742188 0.4530029296875 0.63861083984375
-0.00930404663085938 -0.022125244140625 0.3492431640625 0.6353759765625
-0.00274658203125 -0.0273361206054688 0.204345703125 0.382720947265625
0.00223159790039062 -0.0394554138183594 0.047027587890625 0.0150337219238281
0.00131988525390625 -0.0407791137695313 -0.144927978515625 -0.35418701171875
-0.00761795043945313 -0.0355262756347656 -0.363983154296875 -0.56158447265625
-0.00185012817382813 -0.0414352416992188 -0.6114501953125 -0.52581787109375
-0.00696754455566406 -0.0306148529052734 -0.7501220703125 -0.35784912109375
0.00354266166687012 0.00335216522216797 -0.69830322265625 -0.32098388671875
-0.0152873992919922 0.0139389038085938 -0.528961181640625 -0.148834228515625
-0.0264472961425781 -0.00657463073730468 -0.1611328125 -0.049530029296875
0.0537452697753906 0.0593109130859375 0.18524169921875 0.0856475830078125
0.0522880554199219 0.0489311218261719 0.54742431640625 0.259002685546875
0.0326499938964844 0.0155200958251953 0.65960693359375 0.33917236328125
0.00958824157714844 0.00122928619384766 0.6134033203125 0.51556396484375
-0.0261611938476563 0.00545883178710938 0.4393310546875 0.65576171875
-0.0205821990966797 0.00649261474609375 0.33917236328125 0.64501953125
0.00188994407653809 0.00339651107788086 0.20172119140625 0.380096435546875
0.00902748107910156 -0.0153894424438477 0.0505599975585938 0.01043701171875
0.0052947998046875 -0.0146608352661133 -0.145751953125 -0.35650634765625
-0.00968456268310547 -0.00891590118408203 -0.371612548828125 -0.556732177734375
-0.00924873352050781 -0.0199851989746094 -0.62030029296875 -0.5113525390625
-0.0150489807128906 -0.0292720794677734 -0.75634765625 -0.3397216796875
0.0135297775268555 -0.00716304779052734 -0.7059326171875 -0.307861328125
0.0190048217773438 0.011474609375 -0.53106689453125 -0.147369384765625
0.0176296234130859 0.0117931365966797 -0.158309936523438 -0.0537567138671875
0.0896377563476563 0.0856857299804687 0.194229125976563 0.088104248046875
0.0917892456054688 0.0597763061523438 0.538726806640625 0.259765625
0.0516357421875 0.003662109375 0.65216064453125 0.35626220703125
0.00366735458374023 -0.0028998851776123 0.61224365234375 0.5384521484375
-0.039031982421875 0.0193519592285156 0.44000244140625 0.6668701171875
-0.0282306671142578 0.03289794921875 0.3372802734375 0.6412353515625
0.00422859191894532 0.0303001403808594 0.19927978515625 0.3697509765625
0.0149698257446289 0.00575447082519531 0.0451469421386719 -0.0036163330078125
0.00998878479003906 0.00919628143310547 -0.1541748046875 -0.364410400390625
-0.0117435455322266 0.0173673629760742 -0.38189697265625 -0.561309814453125
-0.0186729431152344 -0.00125694274902343 -0.62603759765625 -0.5093994140625
-0.0230331420898438 -0.0245761871337891 -0.75494384765625 -0.3287353515625
0.0264968872070313 -0.0159454345703125 -0.70648193359375 -0.30120849609375
0.0517539978027344 0.0128860473632813 -0.52880859375 -0.14447021484375
0.0576362609863281 0.0323448181152344 -0.145919799804688 -0.0515899658203125
0.11785888671875 0.0982818603515625 0.211105346679688 0.0928497314453125
0.117324829101563 0.0636444091796875 0.53314208984375 0.258941650390625
0.0622367858886719 -0.00431060791015625 0.64581298828125 0.37152099609375
-0.00293731689453125 -0.00540876388549805 0.6197509765625 0.55328369140625
-0.0483169555664063 0.0326499938964844 0.45257568359375 0.6641845703125
-0.0321922302246094 0.0524787902832031 0.33929443359375 0.62408447265625
0.00530624389648438 0.0465621948242188 0.19403076171875 0.346649169921875
0.018402099609375 0.0180091857910156 0.0347881317138672 -0.0240325927734375
0.0100917816162109 0.0241909027099609 -0.163818359375 -0.383087158203125
-0.0145893096923828 0.0350303649902344 -0.38824462890625 -0.57257080078125
-0.0255699157714844 0.0125637054443359 -0.625244140625 -0.51318359375
-0.0286140441894531 -0.02294921875 -0.74920654296875 -0.32501220703125
0.0372810363769531 -0.0256767272949219 -0.69970703125 -0.2926025390625
0.0772781372070313 0.014617919921875 -0.5208740234375 -0.145751953125
0.0880813598632813 0.0498809814453125 -0.128288269042969 -0.04254150390625
0.132255554199219 0.0983352661132813 0.23272705078125 0.0996551513671875
0.125511169433594 0.0578765869140625 0.531890869140625 0.2547607421875
0.0627250671386719 -0.00485610961914062 0.65191650390625 0.38427734375
-0.00783109664916992 2.38418579101413E-06 0.6409912109375 0.55694580078125
-0.0493431091308594 0.0399169921875 0.474365234375 0.64910888671875
-0.0355148315429688 0.059326171875 0.34490966796875 0.59661865234375
0.00418853759765625 0.051971435546875 0.186431884765625 0.317718505859375
0.0178585052490234 0.0203323364257813 0.0221710205078125 -0.0503158569335938
0.00803184509277343 0.0317440032958984 -0.17523193359375 -0.40594482421875
-0.0197334289550781 0.0425758361816406 -0.38836669921875 -0.59600830078125
-0.0323276519775391 0.0178279876708984 -0.6158447265625 -0.53021240234375
-0.0294952392578125 -0.0261116027832031 -0.7354736328125 -0.33392333984375
0.0490455627441406 -0.02752685546875 -0.68939208984375 -0.29180908203125
0.0964889526367188 0.0207672119140625 -0.510528564453125 -0.146759033203125
0.103286743164063 0.0677642822265625 -0.108345031738281 -0.0291519165039063
0.131919860839844 0.0848846435546875 0.253982543945313 0.104782104492187
0.118179321289063 0.0524444580078125 0.534820556640625 0.254058837890625
0.0576858520507812 -0.00127792358398437 0.66796875 0.38543701171875
-0.00655698776245117 0.00668907165527344 0.67413330078125 0.54180908203125
-0.0458183288574219 0.0426254272460937 0.4998779296875 0.621337890625
-0.030853271484375 0.0545578002929688 0.35614013671875 0.56390380859375
0.00433349609375 0.0428695678710938 0.18206787109375 0.287200927734375
0.0141010284423828 0.0144157409667969 0.00917816162109374 -0.074615478515625
0.00539016723632812 0.0278186798095703 -0.1800537109375 -0.43280029296875
-0.0224494934082031 0.0375518798828125 -0.37652587890625 -0.62591552734375
-0.0365943908691406 0.011871337890625 -0.598388671875 -0.55706787109375
-0.0283946990966797 -0.0318622589111328 -0.71710205078125 -0.34869384765625
0.0578079223632813 -0.0263862609863281 -0.676513671875 -0.29400634765625
0.103446960449219 0.0314407348632813 -0.502105712890625 -0.14910888671875
0.103538513183594 0.0807723999023438 -0.0892715454101563 -0.00946807861328123
0.117080688476563 0.0679397583007813 0.2747802734375 0.107070922851563
0.0998382568359375 0.044769287109375 0.543792724609375 0.247467041015625
0.0481834411621094 0.00629043579101562 0.6881103515625 0.3741455078125
-0.000993728637695311 0.0127553939819336 0.70513916015625 0.51641845703125
-0.0390052795410156 0.035675048828125 0.5252685546875 0.58642578125
-0.0278396606445313 0.0396995544433594 0.365478515625 0.526519775390625
-3.24249267578141E-05 0.0252895355224609 0.174224853515625 0.264801025390625
0.0109672546386719 0.000849723815917969 -0.000877380371093743 -0.0966873168945313
0.00121116638183594 0.0140037536621094 -0.18145751953125 -0.4566650390625
-0.02264404296875 0.0229282379150391 -0.3577880859375 -0.65911865234375
-0.0337963104248047 0.00160980224609374 -0.56512451171875 -0.5882568359375
-0.0228271484375 -0.0309772491455078 -0.694091796875 -0.3695068359375
0.0562553405761719 -0.0169410705566406 -0.66436767578125 -0.30059814453125
0.0922012329101563 0.0386810302734375 -0.49481201171875 -0.15081787109375
0.0869064331054688 0.079315185546875 -0.0755844116210937 0.0110931396484375
-0.0143318176269531 -0.0107355117797852 0.1978759765625 0.0817718505859375
-0.0301589965820313 0.0185737609863281 0.5557861328125 0.236083984375
-0.0118637084960937 0.0400276184082031 0.67376708984375 0.30853271484375
0.0195503234863281 0.0200634002685547 0.6522216796875 0.4737548828125
0.00261306762695312 -0.0209941864013672 0.4737548828125 0.61053466796875
-0.00144577026367188 -0.0496444702148438 0.36724853515625 0.60369873046875
-0.0066070556640625 -0.0538864135742188 0.207916259765625 0.366424560546875
-0.00442886352539063 -0.0628013610839844 0.0412483215332031 0.00674057006835937
-0.00315475463867188 -0.0640525817871094 -0.14715576171875 -0.359771728515625
-0.00372695922851563 -0.0635566711425781 -0.358154296875 -0.5716552734375
0.00947189331054687 -0.0587997436523438 -0.5994873046875 -0.5382080078125
0.00343894958496094 -0.0300655364990234 -0.73504638671875 -0.3707275390625
-0.00750350952148437 0.0172529220581055 -0.68572998046875 -0.32489013671875
-0.0459632873535156 0.0109748840332031 -0.518798828125 -0.146331787109375
-0.0618782043457031 -0.0245018005371094 -0.152557373046875 -0.039154052734375
0.0176467895507813 0.0217418670654297 0.187164306640625 0.08087158203125
0.00797271728515625 0.0324478149414063 0.552734375 0.246734619140625
0.00934028625488281 0.0252723693847656 0.66754150390625 0.3173828125
0.0138044357299805 0.0112323760986328 0.62896728515625 0.48779296875
-0.0110349655151367 -0.00509452819824219 0.45306396484375 0.630859375
-0.00991058349609375 -0.0223865509033203 0.353759765625 0.62579345703125
-0.00215911865234375 -0.0283775329589844 0.205657958984375 0.377532958984375
0.000869750976562502 -0.0405998229980469 0.0463752746582031 0.0142631530761719
0.000888824462890623 -0.0396614074707031 -0.146728515625 -0.34857177734375
-0.00629425048828125 -0.0353164672851563 -0.365509033203125 -0.552764892578125
-0.000915527343749997 -0.03875732421875 -0.61102294921875 -0.51336669921875
-0.00575447082519531 -0.0296859741210938 -0.74560546875 -0.34454345703125
0.004669189453125 0.00493764877319336 -0.696533203125 -0.3114013671875
-0.0158748626708984 0.0130014419555664 -0.52630615234375 -0.14324951171875
-0.0251178741455078 -0.006866455078125 -0.15814208984375 -0.0489959716796875
0.0559425354003906 0.0578651428222656 0.183685302734375 0.080841064453125
0.0527687072753906 0.048980712890625 0.54473876953125 0.25164794921875
0.0321617126464844 0.0134105682373047 0.66021728515625 0.3297119140625
0.00855636596679688 0.00104522705078125 0.61419677734375 0.505126953125
-0.0263881683349609 0.00626754760742187 0.44012451171875 0.647705078125
-0.0190830230712891 0.00619697570800781 0.34344482421875 0.6363525390625
0.00193929672241211 0.00433158874511719 0.205078125 0.375579833984375
0.00702667236328125 -0.0154047012329102 0.0478897094726563 0.0109405517578125
0.00450992584228516 -0.0152969360351563 -0.148895263671875 -0.348602294921875
-0.0102767944335937 -0.00805568695068359 -0.374481201171875 -0.54559326171875
-0.0106925964355469 -0.0194911956787109 -0.6207275390625 -0.49969482421875
-0.0158157348632813 -0.026580810546875 -0.750244140625 -0.32965087890625
0.0166759490966797 -0.00612354278564453 -0.702392578125 -0.29986572265625
0.0189323425292969 0.0119190216064453 -0.528106689453125 -0.1409912109375
0.017247200012207 0.0129480361938477 -0.156875610351563 -0.052459716796875
0.0913619995117188 0.0835342407226563 0.191696166992188 0.08660888671875
0.0909881591796875 0.0580520629882813 0.538970947265625 0.252166748046875
0.0530509948730469 0.00335693359375 0.649658203125 0.347412109375
0.00324249267578125 -0.00626468658447266 0.61083984375 0.52642822265625
-0.039154052734375 0.0199928283691406 0.44091796875 0.6571044921875
-0.0282669067382812 0.0322093963623047 0.33929443359375 0.63275146484375
0.00283241271972656 0.0296039581298828 0.201171875 0.3634033203125
0.0146217346191406 0.00524520874023437 0.0442237854003906 -0.00233078002929688
0.0076141357421875 0.00935459136962891 -0.155242919921875 -0.359283447265625
-0.0112705230712891 0.0180721282958984 -0.3834228515625 -0.54998779296875
-0.0190811157226563 0.00064659118652344 -0.62445068359375 -0.49761962890625
-0.0240077972412109 -0.0224075317382813 -0.75177001953125 -0.31695556640625
0.0263195037841797 -0.0179004669189453 -0.703369140625 -0.29071044921875
0.0513458251953125 0.0115432739257812 -0.524566650390625 -0.138641357421875
0.0580902099609375 0.0292320251464844 -0.145034790039063 -0.0512847900390625
0.118316650390625 0.0955657958984375 0.208831787109375 0.0904083251953125
0.117576599121094 0.061431884765625 0.531768798828125 0.249969482421875
0.0627288818359375 -0.0033111572265625 0.64459228515625 0.36175537109375
-0.00289201736450195 -0.00541400909423828 0.62078857421875 0.5401611328125
-0.0478286743164063 0.0318794250488281 0.45440673828125 0.65643310546875
-0.03094482421875 0.0522689819335938 0.339599609375 0.61383056640625
0.00530624389648438 0.0461616516113281 0.19403076171875 0.341644287109375
0.0168724060058594 0.0179634094238281 0.0349769592285156 -0.0238552093505859
0.00978660583496094 0.0257835388183594 -0.16693115234375 -0.376678466796875
-0.0142631530761719 0.0356941223144531 -0.3883056640625 -0.56146240234375
-0.0254344940185547 0.0135250091552734 -0.62408447265625 -0.5028076171875
-0.0284919738769531 -0.0227241516113281 -0.74560546875 -0.317626953125
0.0378227233886719 -0.0253829956054687 -0.69696044921875 -0.28497314453125
0.0782623291015625 0.0148696899414063 -0.518096923828125 -0.142333984375
0.0879592895507813 0.0486984252929688 -0.127250671386719 -0.0419845581054688
0.133926391601563 0.094268798828125 0.230422973632813 0.0960693359375
0.126205444335938 0.0584182739257813 0.5291748046875 0.2493896484375
0.0625343322753906 -0.004852294921875 0.65118408203125 0.37548828125
-0.00663948059082031 7.3909759521484E-05 0.64361572265625 0.54522705078125
-0.0505256652832031 0.0396461486816406 0.4761962890625 0.6395263671875
-0.0331230163574219 0.0592994689941406 0.3458251953125 0.58660888671875
0.00491714477539063 0.0515518188476563 0.18853759765625 0.312591552734375
0.0166702270507813 0.0210552215576172 0.021942138671875 -0.0485992431640625
0.008453369140625 0.0303001403808594 -0.177825927734375 -0.40020751953125
-0.0170860290527344 0.043426513671875 -0.39056396484375 -0.58599853515625
-0.0317668914794922 0.0179386138916016 -0.61724853515625 -0.51837158203125
-0.0299301147460938 -0.0268287658691406 -0.732421875 -0.32391357421875
0.0485305786132813 -0.0281982421875 -0.684814453125 -0.283935546875
0.0961456298828125 0.02203369140625 -0.50689697265625 -0.14166259765625
0.102348327636719 0.0676193237304688 -0.107063293457031 -0.0275955200195313
0.132118225097656 0.082305908203125 0.2528076171875 0.099151611328125
0.1192626953125 0.0489959716796875 0.5333251953125 0.24639892578125
0.0560111999511719 -0.00238037109375 0.6666259765625 0.37744140625
-0.0053858757019043 0.00662708282470703 0.67401123046875 0.53216552734375
-0.0450782775878906 0.0417060852050781 0.50213623046875 0.6102294921875
-0.0301895141601563 0.0548744201660156 0.358978271484375 0.553192138671875
0.00263595581054687 0.0418701171875 0.182861328125 0.2835693359375
0.0146541595458984 0.0144205093383789 0.00819396972656249 -0.0752105712890625
0.00578880310058594 0.0278873443603516 -0.18414306640625 -0.424774169921875
-0.0216827392578125 0.038787841796875 -0.38238525390625 -0.61602783203125
-0.035797119140625 0.0119895935058594 -0.5982666015625 -0.54559326171875
-0.02734375 -0.0308971405029297 -0.71392822265625 -0.33941650390625
0.05645751953125 -0.0252609252929688 -0.6741943359375 -0.2860107421875
0.103240966796875 0.0303497314453125 -0.498382568359375 -0.14306640625
0.102760314941406 0.0781478881835938 -0.0892791748046875 -0.00880432128906249
0.118232727050781 0.0653305053710938 0.273056030273438 0.100372314453125
0.09942626953125 0.04205322265625 0.541412353515625 0.23919677734375
0.0465087890625 0.00559616088867188 0.68682861328125 0.36505126953125
0.000276565551757811 0.0119218826293945 0.70440673828125 0.50665283203125
-0.0367240905761719 0.0364799499511719 0.524658203125 0.5762939453125
-0.0262222290039063 0.0390892028808594 0.36749267578125 0.5205078125
0.000909805297851565 0.02490234375 0.172775268554688 0.259963989257813
0.0107498168945313 0.000243186950683594 -0.00278472900390625 -0.0947113037109375
0.0022735595703125 0.0124273300170898 -0.183868408203125 -0.450592041015625
-0.0219650268554688 0.0245323181152344 -0.3604736328125 -0.64776611328125
-0.0338687896728516 0.00167274475097656 -0.56707763671875 -0.57672119140625
-0.0221099853515625 -0.0311603546142578 -0.687744140625 -0.35888671875
0.0560073852539063 -0.0177726745605469 -0.66290283203125 -0.2918701171875
0.0937042236328125 0.0368194580078125 -0.491363525390625 -0.147003173828125
0.0868911743164063 0.078643798828125 -0.0750350952148438 0.01055908203125
-0.0144453048706055 -0.0100841522216797 0.195343017578125 0.08099365234375
-0.0325603485107422 0.0188655853271484 0.5531005859375 0.230804443359375
-0.0115127563476563 0.0398025512695313 0.6727294921875 0.30218505859375
0.0201568603515625 0.0189590454101563 0.64947509765625 0.46514892578125
0.00301170349121094 -0.0204486846923828 0.474365234375 0.6007080078125
-0.00304412841796875 -0.0513229370117188 0.3680419921875 0.59539794921875
-0.00602722167968751 -0.0549163818359375 0.207122802734375 0.362548828125
-0.00524139404296876 -0.0628166198730469 0.0409507751464844 0.00705718994140625
-0.00410461425781249 -0.0652313232421875 -0.145477294921875 -0.3533935546875
-0.00251770019531249 -0.062774658203125 -0.35699462890625 -0.564208984375
0.00678634643554688 -0.0573806762695313 -0.596923828125 -0.53033447265625
0.00360679626464844 -0.0300025939941406 -0.73248291015625 -0.3609619140625
-0.00716304779052734 0.016901969909668 -0.6837158203125 -0.3165283203125
-0.0448570251464844 0.0125770568847656 -0.51519775390625 -0.141143798828125
-0.0605239868164062 -0.0239601135253906 -0.151824951171875 -0.038787841796875
0.0175590515136719 0.0197868347167969 0.184768676757812 0.07763671875
0.008636474609375 0.030731201171875 0.550628662109375 0.238067626953125
0.0106067657470703 0.0254116058349609 0.6650390625 0.30853271484375
0.0153417587280273 0.0102930068969727 0.62689208984375 0.479248046875
-0.0105819702148438 -0.00822067260742188 0.45465087890625 0.62359619140625
-0.00906181335449219 -0.0221977233886719 0.3524169921875 0.6180419921875
-0.00364303588867188 -0.0261421203613281 0.207000732421875 0.373779296875
0.00204086303710938 -0.0381813049316406 0.0479011535644531 0.0156631469726562
-0.000694274902343746 -0.0383071899414062 -0.145782470703125 -0.34234619140625
-0.00557327270507813 -0.0343647003173828 -0.3670654296875 -0.545989990234375
-0.002685546875 -0.041107177734375 -0.61041259765625 -0.50457763671875
-0.0063934326171875 -0.0292587280273438 -0.74090576171875 -0.3387451171875
0.00460433959960937 0.00412511825561523 -0.69158935546875 -0.3052978515625
-0.013697624206543 0.0135231018066406 -0.522613525390625 -0.13861083984375
-0.0257015228271484 -0.00696563720703125 -0.158935546875 -0.0477294921875
0.0549240112304688 0.0558547973632813 0.18231201171875 0.080413818359375
0.0525550842285156 0.0466766357421875 0.543426513671875 0.246856689453125
0.0313072204589844 0.0120010375976563 0.65447998046875 0.32208251953125
0.00864315032958984 0.000206947326660156 0.61309814453125 0.4991455078125
-0.0251846313476563 0.0061187744140625 0.44024658203125 0.63873291015625
-0.0170688629150391 0.00751972198486328 0.34423828125 0.62969970703125
0.00144290924072266 0.00632286071777344 0.20538330078125 0.372222900390625
0.00808811187744141 -0.0175457000732422 0.048736572265625 0.0109748840332031
0.0038604736328125 -0.0139627456665039 -0.14813232421875 -0.34381103515625
-0.00897979736328125 -0.00737476348876953 -0.373992919921875 -0.53826904296875
-0.0110626220703125 -0.0188808441162109 -0.61676025390625 -0.4913330078125
-0.0166587829589844 -0.0242881774902344 -0.7470703125 -0.31939697265625
0.0164508819580078 -0.006134033203125 -0.697265625 -0.29205322265625
0.0199031829833984 0.0123004913330078 -0.525115966796875 -0.1383056640625
0.0179901123046875 0.0103054046630859 -0.153839111328125 -0.051971435546875
0.0923080444335938 0.0827102661132813 0.190536499023437 0.0852813720703125
0.0929031372070313 0.0585174560546875 0.53570556640625 0.24725341796875
0.0525474548339844 0.00178909301757813 0.64703369140625 0.33697509765625
0.00288486480712891 -0.00524282455444336 0.60888671875 0.517578125
-0.0392227172851563 0.0181541442871094 0.44091796875 0.649169921875
-0.0268402099609375 0.033477783203125 0.3409423828125 0.62677001953125
0.00581741333007812 0.0306911468505859 0.201751708984375 0.35943603515625
0.0147686004638672 0.00610160827636719 0.0426521301269531 -0.00311660766601562
0.00992012023925781 0.00782871246337891 -0.157562255859375 -0.353424072265625
-0.00924301147460937 0.0179634094238281 -0.38372802734375 -0.54266357421875
-0.0189228057861328 -0.000253677368164064 -0.62451171875 -0.4876708984375
-0.0239067077636719 -0.0224723815917969 -0.74627685546875 -0.3099365234375
0.0263805389404297 -0.0169486999511719 -0.69708251953125 -0.2845458984375
0.0511932373046875 0.0111961364746094 -0.521392822265625 -0.13641357421875
0.0575790405273438 0.0303001403808594 -0.143798828125 -0.0492095947265625
0.118927001953125 0.0924835205078125 0.207473754882813 0.0876922607421875
0.115974426269531 0.0609588623046875 0.52874755859375 0.245697021484375
0.0619354248046875 -0.00421524047851562 0.642578125 0.3536376953125
-0.00284004211425781 -0.00704288482666016 0.620849609375 0.53375244140625
-0.04730224609375 0.0327796936035156 0.4530029296875 0.64453125
-0.0320854187011719 0.0516738891601563 0.34320068359375 0.60687255859375
0.00505065917968751 0.0475578308105469 0.19476318359375 0.337066650390625
0.0180778503417969 0.0174465179443359 0.0354804992675781 -0.0232658386230469
0.0104007720947266 0.0255832672119141 -0.16802978515625 -0.370635986328125
-0.0130882263183594 0.0351676940917969 -0.388397216796875 -0.554046630859375
-0.0261573791503906 0.0139541625976563 -0.62335205078125 -0.4927978515625
-0.0292205810546875 -0.0225772857666016 -0.73919677734375 -0.30828857421875
0.0378684997558594 -0.0236015319824219 -0.69146728515625 -0.27740478515625
0.0785064697265625 0.0152587890625 -0.51629638671875 -0.13677978515625
0.08892822265625 0.0487136840820313 -0.125808715820313 -0.0413055419921875
0.132781982421875 0.0931472778320313 0.229644775390625 0.0924835205078125
0.125869750976563 0.0556793212890625 0.525604248046875 0.24420166015625
0.0640983581542969 -0.0065460205078125 0.64971923828125 0.365478515625
-0.00671720504760742 -0.00159168243408203 0.64111328125 0.53765869140625
-0.0485992431640625 0.0401725769042969 0.4759521484375 0.629638671875
-0.0311470031738281 0.061065673828125 0.349853515625 0.57855224609375
0.00599288940429687 0.0511589050292969 0.18865966796875 0.30889892578125
0.0168342590332031 0.0215301513671875 0.0211410522460938 -0.0477523803710938
0.00849533081054687 0.0312099456787109 -0.179168701171875 -0.393829345703125
-0.0170364379882812 0.044189453125 -0.39141845703125 -0.57708740234375
-0.0316505432128906 0.0176124572753906 -0.61474609375 -0.50921630859375
-0.0311985015869141 -0.0239048004150391 -0.73052978515625 -0.31439208984375
0.0484352111816406 -0.0283966064453125 -0.68206787109375 -0.27520751953125
0.096649169921875 0.0219345092773438 -0.505828857421875 -0.138763427734375
0.103996276855469 0.0667190551757813 -0.107887268066406 -0.02752685546875
0.131492614746094 0.0801239013671875 0.25042724609375 0.095062255859375
0.119430541992188 0.047760009765625 0.529327392578125 0.240020751953125
0.0569992065429688 -0.002716064453125 0.66400146484375 0.36767578125
-0.00390386581420898 0.00491189956665039 0.6715087890625 0.52325439453125
-0.0459976196289063 0.0412635803222656 0.50177001953125 0.60186767578125
-0.0296440124511719 0.0542945861816406 0.359588623046875 0.54595947265625
0.00423049926757812 0.0431671142578125 0.182418823242188 0.278228759765625
0.0157327651977539 0.0153875350952148 0.00748443603515625 -0.0725326538085938
0.00557899475097656 0.0265331268310547 -0.185882568359375 -0.4193115234375
-0.022003173828125 0.0386924743652344 -0.382568359375 -0.60784912109375
-0.0359077453613281 0.01416015625 -0.59564208984375 -0.537353515625
-0.0280418395996094 -0.0296211242675781 -0.70697021484375 -0.33062744140625
0.0576171875 -0.0264320373535156 -0.67138671875 -0.28057861328125
0.101463317871094 0.0291519165039062 -0.494659423828125 -0.139251708984375
0.101394653320312 0.0785598754882812 -0.0887603759765625 -0.00861358642578126
0.119140625 0.0637588500976563 0.269989013671875 0.0977935791015625
0.0991744995117188 0.0404281616210938 0.537506103515625 0.233642578125
0.0471534729003906 0.00391769409179688 0.6826171875 0.35687255859375
-7.05718994140618E-05 0.0106849670410156 0.70330810546875 0.496337890625
-0.03814697265625 0.0356292724609375 0.52520751953125 0.5660400390625
-0.0275535583496094 0.0412445068359375 0.3677978515625 0.514007568359375
0.00102996826171875 0.0246086120605469 0.175628662109375 0.256195068359375
0.0100460052490234 5.7220458984375E-06 -0.00572967529296876 -0.092376708984375
0.00211143493652344 0.0130062103271484 -0.18701171875 -0.443603515625
-0.0215492248535156 0.0240631103515625 -0.362548828125 -0.63787841796875
-0.0339431762695313 0.00395965576171875 -0.566162109375 -0.56536865234375
-0.0232124328613281 -0.0308647155761719 -0.68505859375 -0.349853515625
0.0544090270996094 -0.0185165405273438 -0.65753173828125 -0.28717041015625
0.0901641845703125 0.0368423461914063 -0.4874267578125 -0.140350341796875
0.0854263305664062 0.0793838500976562 -0.074981689453125 0.011749267578125
-0.0131607055664063 -0.0121707916259766 0.196578979492187 0.0765380859375
-0.0301151275634766 0.0178260803222656 0.549713134765625 0.227264404296875
-0.0115928649902344 0.0392608642578125 0.671142578125 0.29608154296875
0.0232658386230469 0.0178947448730469 0.64642333984375 0.4564208984375
0.00268745422363281 -0.0210914611816406 0.47412109375 0.5941162109375
-0.0026397705078125 -0.04864501953125 0.36932373046875 0.59014892578125
-0.005401611328125 -0.0537338256835938 0.2095947265625 0.356964111328125
-0.00388336181640625 -0.0624732971191406 0.0417060852050781 0.00864028930664062
-0.0056610107421875 -0.0611114501953125 -0.146728515625 -0.346405029296875
-0.00354766845703125 -0.06036376953125 -0.35821533203125 -0.55657958984375
0.00838470458984375 -0.0579948425292969 -0.5966796875 -0.5224609375
0.00236320495605469 -0.0308456420898438 -0.72515869140625 -0.35369873046875
-0.00487899780273437 0.0166482925415039 -0.67767333984375 -0.31103515625
-0.0432586669921875 0.0113105773925781 -0.5125732421875 -0.137603759765625
-0.0628242492675781 -0.0237045288085938 -0.149703979492188 -0.0395965576171875
0.0188846588134766 0.0192127227783203 0.184066772460937 0.0753021240234375
0.00864219665527344 0.0307273864746094 0.547821044921875 0.235443115234375
0.0100975036621094 0.0243263244628906 0.6607666015625 0.30133056640625
0.0118808746337891 0.00764846801757812 0.62432861328125 0.4720458984375
-0.0106201171875 -0.00751113891601563 0.4525146484375 0.61541748046875
-0.00938606262207031 -0.0217704772949219 0.35406494140625 0.612060546875
-0.00295829772949219 -0.0254993438720703 0.206939697265625 0.369476318359375
0.00176620483398438 -0.0387115478515625 0.0485267639160156 0.016387939453125
0.000160217285156249 -0.0387458801269531 -0.150146484375 -0.33795166015625
-0.00739479064941406 -0.034454345703125 -0.365264892578125 -0.53668212890625
-0.00227737426757812 -0.0398216247558594 -0.60693359375 -0.49603271484375
-0.00743293762207031 -0.0296535491943359 -0.73614501953125 -0.33154296875
0.00510454177856445 0.00387287139892578 -0.68743896484375 -0.29779052734375
-0.0128936767578125 0.011988639831543 -0.52032470703125 -0.134307861328125
-0.0237388610839844 -0.00636100769042969 -0.156448364257812 -0.04632568359375
0.0567359924316406 0.0534820556640625 0.181076049804688 0.0780792236328125
0.0541725158691406 0.0466156005859375 0.541168212890625 0.24273681640625
0.0330429077148438 0.0124053955078125 0.65185546875 0.3173828125
0.00728368759155273 -0.00086212158203125 0.6103515625 0.49127197265625
-0.0255947113037109 0.00805091857910156 0.4398193359375 0.630859375
-0.0165796279907227 0.00862407684326172 0.34429931640625 0.62396240234375
0.000772714614868164 0.00300025939941406 0.206024169921875 0.369354248046875
0.00832843780517578 -0.0151214599609375 0.0480384826660156 0.0118484497070312
0.00459575653076172 -0.0129718780517578 -0.150665283203125 -0.34027099609375
-0.00783729553222656 -0.0057072639465332 -0.3734130859375 -0.52923583984375
-0.0133485794067383 -0.0169801712036133 -0.61279296875 -0.48175048828125
-0.0163898468017578 -0.0247459411621094 -0.74163818359375 -0.3160400390625
0.0163516998291016 -0.00643539428710938 -0.69366455078125 -0.28619384765625
0.0201129913330078 0.0127391815185547 -0.523223876953125 -0.133575439453125
0.0183525085449219 0.0133190155029297 -0.153106689453125 -0.0507659912109375
0.0908432006835938 0.081207275390625 0.189437866210938 0.0811767578125
0.0915679931640625 0.0546417236328125 0.5316162109375 0.242828369140625
0.052154541015625 0.00321578979492188 0.64459228515625 0.3314208984375
0.00243616104125977 -0.00553321838378906 0.60845947265625 0.5107421875
-0.0376358032226563 0.0203208923339844 0.44171142578125 0.64276123046875
-0.02484130859375 0.0321846008300781 0.34222412109375 0.61785888671875
0.00554847717285157 0.0298862457275391 0.20355224609375 0.35650634765625
0.0126008987426758 0.00373744964599609 0.0425453186035156 -0.00116729736328125
0.00819015502929688 0.00746822357177734 -0.157318115234375 -0.34967041015625
-0.0107784271240234 0.0177192687988281 -0.38226318359375 -0.5341796875
-0.0190582275390625 0.00142288208007813 -0.620849609375 -0.48138427734375
-0.0230388641357422 -0.0214347839355469 -0.74127197265625 -0.302978515625
0.0269641876220703 -0.0176105499267578 -0.69476318359375 -0.27777099609375
0.0510940551757813 0.0121192932128906 -0.52008056640625 -0.132171630859375
0.0585899353027344 0.0304336547851562 -0.143966674804688 -0.0502166748046875
0.11871337890625 0.0926971435546875 0.208297729492188 0.0844879150390625
0.115989685058594 0.058746337890625 0.5262451171875 0.240966796875
0.0627517700195313 -0.00455856323242188 0.6395263671875 0.34686279296875
-0.0049901008605957 -0.00755500793457031 0.6175537109375 0.525634765625
-0.0465507507324219 0.0322494506835938 0.4554443359375 0.63739013671875
-0.0293502807617187 0.0499076843261719 0.34222412109375 0.60101318359375
0.00554656982421875 0.0480728149414063 0.195587158203125 0.332672119140625
0.0165748596191406 0.0170536041259766 0.03411865234375 -0.0232067108154297
0.0104503631591797 0.0255641937255859 -0.16796875 -0.364715576171875
-0.0120048522949219 0.0360107421875 -0.388641357421875 -0.546600341796875
-0.0247459411621094 0.01397705078125 -0.61865234375 -0.485595703125
-0.0282688140869141 -0.0212516784667969 -0.73516845703125 -0.30047607421875
0.0384788513183594 -0.0242538452148438 -0.687744140625 -0.271240234375
0.0773849487304688 0.014068603515625 -0.5145263671875 -0.1329345703125
0.0866546630859375 0.0484771728515625 -0.125106811523438 -0.0426025390625
0.131378173828125 0.0906219482421875 0.228607177734375 0.09002685546875
0.126640319824219 0.0525665283203125 0.52325439453125 0.2398681640625
0.0622291564941406 -0.0076446533203125 0.646484375 0.3594970703125
-0.00615310668945313 -0.00110530853271484 0.63873291015625 0.5277099609375
-0.04718017578125 0.0404014587402344 0.47540283203125 0.622802734375
-0.0306625366210937 0.0586166381835938 0.34771728515625 0.5738525390625
0.00585174560546875 0.0524940490722656 0.188262939453125 0.30517578125
0.0175666809082031 0.0216579437255859 0.0220832824707031 -0.0480499267578125
0.00991630554199219 0.0326690673828125 -0.179656982421875 -0.3890380859375
-0.0191802978515625 0.0427131652832031 -0.3895263671875 -0.56744384765625
-0.0319900512695313 0.0189590454101562 -0.6124267578125 -0.50164794921875
-0.0307903289794922 -0.0252819061279297 -0.72406005859375 -0.3092041015625
0.0501136779785156 -0.0299873352050781 -0.677001953125 -0.27081298828125
0.0967864990234375 0.021728515625 -0.501220703125 -0.134002685546875
0.103103637695313 0.0679244995117188 -0.106620788574219 -0.0281982421875
0.132293701171875 0.0790557861328125 0.251022338867188 0.0944061279296875
0.119178771972656 0.04620361328125 0.52716064453125 0.237518310546875
0.0565032958984375 -0.00206756591796875 0.6622314453125 0.35882568359375
-0.00630855560302734 0.00483083724975586 0.6690673828125 0.51763916015625
-0.0445594787597656 0.0402717590332031 0.50067138671875 0.594482421875
-0.0279159545898437 0.054412841796875 0.3575439453125 0.541107177734375
0.00435256958007812 0.0439262390136719 0.18170166015625 0.277420043945313
0.0162115097045898 0.0145940780639648 0.00797271728515625 -0.0710678100585938
0.00462150573730469 0.0282955169677734 -0.18426513671875 -0.412750244140625
-0.0205307006835938 0.0398750305175781 -0.38037109375 -0.59881591796875
-0.0366744995117188 0.0145645141601563 -0.5927734375 -0.52838134765625
-0.0287952423095703 -0.0289211273193359 -0.705322265625 -0.32318115234375
0.0571250915527344 -0.0267486572265625 -0.6644287109375 -0.272216796875
0.10003662109375 0.0295028686523438 -0.492218017578125 -0.1343994140625
0.100090026855469 0.0754318237304688 -0.0875396728515625 -0.00984191894531248
0.118217468261719 0.0626678466796875 0.270431518554688 0.0971832275390625
0.101295471191406 0.0389785766601562 0.53558349609375 0.229736328125
0.0469322204589844 0.00397109985351563 0.68115234375 0.3492431640625
-8.67843627929688E-05 0.00896549224853516 0.69866943359375 0.4886474609375
-0.038116455078125 0.036163330078125 0.52239990234375 0.56072998046875
-0.0252838134765625 0.0386123657226563 0.36700439453125 0.50628662109375
0.00113296508789063 0.0245838165283203 0.1739501953125 0.253143310546875
0.0109491348266602 -0.000127792358398438 -0.00356292724609375 -0.0927963256835937
0.000272750854492188 0.0130529403686523 -0.185150146484375 -0.437896728515625
-0.0214595794677734 0.0244655609130859 -0.360595703125 -0.6312255859375
-0.0341892242431641 0.0022125244140625 -0.5643310546875 -0.55926513671875
-0.0248222351074219 -0.0295276641845703 -0.680908203125 -0.3431396484375
0.0551567077636719 -0.0182533264160156 -0.65521240234375 -0.28131103515625
0.0912933349609375 0.0365982055664063 -0.485626220703125 -0.138458251953125
0.0861892700195313 0.0776290893554688 -0.0737075805664063 0.00965118408203126
-0.0137195587158203 -0.0122842788696289 0.193191528320313 0.0765228271484375
-0.0309886932373047 0.0192279815673828 0.545989990234375 0.222442626953125
-0.008331298828125 0.0398712158203125 0.66973876953125 0.29180908203125
0.0201396942138672 0.0184135437011719 0.6441650390625 0.4515380859375
0.00259208679199219 -0.0192928314208984 0.474365234375 0.58782958984375
-0.00186920166015625 -0.0484466552734375 0.36785888671875 0.584716796875
-0.00734329223632812 -0.0523681640625 0.20660400390625 0.35455322265625
-0.0039520263671875 -0.0609779357910156 0.0401763916015625 0.007904052734375
-0.00554656982421875 -0.06085205078125 -0.148040771484375 -0.34320068359375
-0.0039520263671875 -0.0611152648925781 -0.35504150390625 -0.551788330078125
0.00703811645507813 -0.0571479797363281 -0.5947265625 -0.51519775390625
0.00267791748046875 -0.0304603576660156 -0.7216796875 -0.34808349609375
-0.00557518005371094 0.0179023742675781 -0.67449951171875 -0.31024169921875
-0.0444793701171875 0.0128059387207031 -0.510406494140625 -0.136260986328125
-0.0616989135742188 -0.0219917297363281 -0.149017333984375 -0.0392608642578125
0.019287109375 0.0196418762207031 0.180419921875 0.073760986328125
0.0100612640380859 0.0295524597167969 0.541961669921875 0.231414794921875
0.0111484527587891 0.0252723693847656 0.657958984375 0.29705810546875
0.0150737762451172 0.0097808837890625 0.62359619140625 0.46600341796875
-0.0114173889160156 -0.00789928436279297 0.450439453125 0.61041259765625
-0.00921249389648438 -0.0213298797607422 0.35369873046875 0.60565185546875
-0.00349617004394531 -0.0257816314697266 0.207275390625 0.36474609375
0.00162887573242188 -0.0378150939941406 0.0468521118164063 0.0152969360351563
-0.00113677978515625 -0.0382881164550781 -0.146148681640625 -0.334075927734375
-0.00671005249023438 -0.0330524444580078 -0.363128662109375 -0.5313720703125
-0.00440597534179688 -0.03955078125 -0.60400390625 -0.4920654296875
-0.00625228881835937 -0.0280418395996094 -0.73211669921875 -0.32659912109375
0.00584650039672852 0.0049738883972168 -0.68231201171875 -0.29534912109375
-0.013401985168457 0.0132617950439453 -0.5159912109375 -0.13238525390625
-0.0239391326904297 -0.0041656494140625 -0.156524658203125 -0.046722412109375
0.0581245422363281 0.0523834228515625 0.178955078125 0.0756072998046875
0.0539093017578125 0.0449676513671875 0.536224365234375 0.238616943359375
0.0326499938964844 0.011932373046875 0.64678955078125 0.31170654296875
0.00790548324584961 -0.000604629516601563 0.607666015625 0.4853515625
-0.0261077880859375 0.00733184814453125 0.436279296875 0.62628173828125
-0.0172138214111328 0.00684165954589844 0.3441162109375 0.61639404296875
0.000714778900146485 0.00534772872924805 0.206329345703125 0.365386962890625
0.00827121734619141 -0.0160884857177734 0.0486602783203125 0.01409912109375
0.00506591796875 -0.0138702392578125 -0.149139404296875 -0.332794189453125
-0.00918102264404297 -0.00707912445068359 -0.37078857421875 -0.52325439453125
-0.0123567581176758 -0.0167779922485352 -0.611572265625 -0.4765625
-0.0160446166992188 -0.0223751068115234 -0.7373046875 -0.3087158203125
0.0157699584960937 -0.00718498229980469 -0.689697265625 -0.28118896484375
0.0190601348876953 0.0127201080322266 -0.520263671875 -0.129364013671875
0.0191440582275391 0.0119915008544922 -0.152542114257813 -0.0526885986328125
0.0924148559570313 0.0792999267578125 0.188125610351562 0.07952880859375
0.0927276611328125 0.056732177734375 0.529388427734375 0.240509033203125
0.0535659790039063 0.000835418701171875 0.64202880859375 0.326416015625
0.00459575653076172 -0.00704097747802734 0.60565185546875 0.5052490234375
-0.0373573303222656 0.0182456970214844 0.43988037109375 0.6378173828125
-0.0242061614990234 0.0323143005371094 0.3406982421875 0.61328125
0.00390434265136719 0.0302371978759766 0.201202392578125 0.35333251953125
0.012995719909668 0.00474834442138672 0.0435714721679688 -0.000843048095703125
0.00801944732666016 0.00953102111816406 -0.155303955078125 -0.3448486328125
-0.00980758666992188 0.0189876556396484 -0.3802490234375 -0.5279541015625
-0.0179481506347656 0.00204849243164063 -0.61749267578125 -0.4739990234375
-0.0226726531982422 -0.0218906402587891 -0.7362060546875 -0.2977294921875
0.0275611877441406 -0.0170440673828125 -0.69024658203125 -0.2762451171875
0.0496635437011719 0.0124740600585938 -0.51641845703125 -0.130462646484375
0.0574302673339844 0.0300216674804688 -0.141510009765625 -0.0502166748046875
0.119270324707031 0.091400146484375 0.204757690429688 0.083740234375
0.116844177246094 0.0572052001953125 0.523834228515625 0.237457275390625
0.0613136291503906 -0.004730224609375 0.6376953125 0.34539794921875
-0.00522994995117187 -0.00890064239501953 0.61358642578125 0.51849365234375
-0.0457000732421875 0.0316352844238281 0.45166015625 0.63153076171875
-0.0295600891113281 0.05145263671875 0.34136962890625 0.5955810546875
0.00654220581054688 0.0464363098144531 0.194793701171875 0.331268310546875
0.0171136856079102 0.0168609619140625 0.0342445373535156 -0.0203342437744141
0.0105113983154297 0.0244827270507813 -0.168182373046875 -0.360565185546875
-0.0124855041503906 0.0356178283691406 -0.386474609375 -0.538726806640625
-0.0260734558105469 0.015625 -0.61700439453125 -0.48028564453125
-0.0282001495361328 -0.0229072570800781 -0.73260498046875 -0.2977294921875
0.0381011962890625 -0.0256423950195313 -0.6829833984375 -0.26788330078125
0.0767898559570313 0.0143814086914063 -0.509429931640625 -0.13018798828125
0.0857162475585937 0.0487136840820312 -0.124839782714844 -0.0414047241210937
0.131370544433594 0.0885238647460938 0.225570678710938 0.08807373046875
0.125625610351563 0.0533447265625 0.5198974609375 0.23663330078125
0.0623130798339844 -0.00865554809570313 0.6431884765625 0.35394287109375
-0.00598382949829101 -0.00209236145019531 0.635986328125 0.52410888671875
-0.0479965209960937 0.0398483276367188 0.47381591796875 0.61822509765625
-0.029937744140625 0.0589179992675781 0.34893798828125 0.5673828125
0.00647735595703126 0.0518417358398438 0.188140869140625 0.301971435546875
0.0177078247070313 0.0194568634033203 0.01959228515625 -0.0470619201660156
0.00876235961914062 0.0324058532714844 -0.179443359375 -0.385589599609375
-0.0164794921875 0.0438385009765625 -0.388885498046875 -0.562286376953125
-0.0325088500976562 0.0181236267089844 -0.60894775390625 -0.49578857421875
-0.0310249328613281 -0.0244598388671875 -0.71820068359375 -0.30499267578125
0.0488357543945313 -0.0284996032714844 -0.6739501953125 -0.26678466796875
0.0953826904296875 0.0215911865234375 -0.49945068359375 -0.131256103515625
0.101791381835938 0.0668258666992188 -0.107063293457031 -0.0276336669921875
0.13226318359375 0.0767669677734375 0.2484130859375 0.0918121337890625
0.118537902832031 0.0453109741210938 0.524871826171875 0.233642578125
0.0560951232910156 -0.0039215087890625 0.66009521484375 0.355224609375
-0.0061039924621582 0.00515365600585937 0.66632080078125 0.51123046875
-0.0439109802246094 0.0412864685058594 0.4998779296875 0.59124755859375
-0.0270614624023438 0.0550117492675781 0.35760498046875 0.5343017578125
0.00545120239257813 0.0428428649902344 0.180892944335937 0.273849487304687
0.0163984298706055 0.0135984420776367 0.00717926025390626 -0.0716094970703125
0.0040130615234375 0.0286788940429688 -0.185302734375 -0.409393310546875
-0.0206184387207031 0.0396156311035156 -0.3790283203125 -0.592529296875
-0.0367813110351562 0.0138969421386719 -0.59039306640625 -0.522216796875
-0.0274333953857422 -0.0268287658691406 -0.700439453125 -0.31878662109375
0.0552139282226562 -0.0259933471679687 -0.663818359375 -0.26971435546875
0.101898193359375 0.0300979614257813 -0.4908447265625 -0.133209228515625
0.100822448730469 0.0785293579101563 -0.08709716796875 -0.00973510742187499
0.118011474609375 0.060394287109375 0.268844604492187 0.0934906005859375
0.0989532470703125 0.0392074584960938 0.53265380859375 0.227142333984375
0.0465049743652344 0.00403976440429687 0.67791748046875 0.3448486328125
-0.000308990478515625 0.00891876220703125 0.69732666015625 0.48345947265625
-0.0358238220214844 0.0360984802246094 0.522491455078125 0.555908203125
-0.0249671936035156 0.0402984619140625 0.36712646484375 0.500518798828125
0.000276565551757811 0.0249900817871094 0.171737670898438 0.2506103515625
0.0110874176025391 -0.0003204345703125 -0.00527954101562501 -0.0890426635742188
0.00234603881835937 0.0136337280273438 -0.18719482421875 -0.434722900390625
-0.0204620361328125 0.0237293243408203 -0.3621826171875 -0.62298583984375
-0.0345535278320313 0.00327682495117188 -0.5633544921875 -0.55364990234375
-0.0235557556152344 -0.0296077728271484 -0.67547607421875 -0.34100341796875
0.0553092956542969 -0.0165443420410156 -0.65106201171875 -0.2791748046875
0.09222412109375 0.0366134643554688 -0.483795166015625 -0.13525390625
0.0858154296875 0.0768356323242188 -0.07452392578125 0.00820922851562499
-0.0122509002685547 -0.0129680633544922 0.191192626953125 0.0758209228515625
-0.0295886993408203 0.0183448791503906 0.544097900390625 0.22259521484375
-0.00928115844726562 0.0384292602539063 0.665771484375 0.2884521484375
0.0218620300292969 0.0172157287597656 0.64105224609375 0.4481201171875
0.00155258178710937 -0.0209426879882812 0.4700927734375 0.58642578125
-0.000980377197265626 -0.0494041442871094 0.36669921875 0.58135986328125
-0.00626373291015625 -0.05340576171875 0.209075927734375 0.35089111328125
-0.00572204589843749 -0.0601997375488281 0.0409469604492188 0.00825881958007812
-0.00422286987304687 -0.0624160766601563 -0.1473388671875 -0.33966064453125
-0.00429916381835937 -0.0590057373046875 -0.353759765625 -0.544677734375
0.00605392456054688 -0.056182861328125 -0.5888671875 -0.51373291015625
0.00267410278320313 -0.0272445678710938 -0.7188720703125 -0.34661865234375
-0.00588703155517578 0.0163059234619141 -0.669677734375 -0.3046875
-0.0430221557617188 0.013275146484375 -0.509429931640625 -0.133331298828125
-0.0611152648925781 -0.0218734741210938 -0.14752197265625 -0.0401763916015625
0.0204505920410156 0.0189495086669922 0.18121337890625 0.072723388671875
0.010986328125 0.0284442901611328 0.540435791015625 0.228485107421875
0.0101642608642578 0.0245189666748047 0.6561279296875 0.29510498046875
0.0132713317871094 0.00826740264892578 0.618896484375 0.46075439453125
-0.0113391876220703 -0.00764369964599609 0.44873046875 0.605712890625
-0.00842094421386719 -0.0225143432617188 0.3524169921875 0.60223388671875
-0.00220870971679687 -0.0245609283447266 0.207763671875 0.36419677734375
0.00207901000976563 -0.0387115478515625 0.0463333129882813 0.0152015686035156
-0.000949859619140626 -0.0372161865234375 -0.146759033203125 -0.328155517578125
-0.00642967224121094 -0.0322303771972656 -0.3623046875 -0.52484130859375
-0.00481033325195312 -0.0373649597167969 -0.60009765625 -0.4888916015625
-0.00640869140625 -0.0276527404785156 -0.7286376953125 -0.3223876953125
0.00570106506347656 0.00515651702880859 -0.6805419921875 -0.294921875
-0.0123996734619141 0.0141096115112305 -0.515350341796875 -0.1314697265625
-0.0244045257568359 -0.00447845458984375 -0.155242919921875 -0.047943115234375
0.0573005676269531 0.0532455444335938 0.177932739257813 0.07513427734375
0.053497314453125 0.0430488586425781 0.53472900390625 0.236114501953125
0.0332870483398438 0.00981521606445312 0.6480712890625 0.30816650390625
0.0069117546081543 -0.000979423522949219 0.60443115234375 0.48211669921875
-0.0252017974853516 0.00621795654296875 0.43768310546875 0.62249755859375
-0.015472412109375 0.0075225830078125 0.3421630859375 0.6141357421875
0.000711441040039063 0.00553274154663086 0.203277587890625 0.364349365234375
0.00854110717773438 -0.0150232315063477 0.0475196838378906 0.014312744140625
0.00371742248535156 -0.0134925842285156 -0.149444580078125 -0.3316650390625
-0.0078892707824707 -0.00632667541503906 -0.3695068359375 -0.518890380859375
-0.0116214752197266 -0.0165805816650391 -0.61004638671875 -0.474853515625
-0.0161151885986328 -0.0225849151611328 -0.73260498046875 -0.30712890625
0.0145406723022461 -0.00702571868896484 -0.68701171875 -0.2847900390625
0.0182151794433594 0.0127162933349609 -0.516357421875 -0.13116455078125
0.0169038772583008 0.0112943649291992 -0.152114868164063 -0.0532073974609375
0.0913238525390625 0.0778656005859375 0.189163208007812 0.078582763671875
0.091522216796875 0.0553970336914062 0.527313232421875 0.239715576171875
0.0517463684082031 0.00067901611328125 0.63922119140625 0.3223876953125
0.000584125518798828 -0.00694131851196289 0.60198974609375 0.50286865234375
-0.039031982421875 0.0192031860351562 0.43896484375 0.63232421875
-0.0243625640869141 0.0317974090576172 0.34063720703125 0.608154296875
0.00514411926269531 0.030517578125 0.2005615234375 0.350921630859375
0.0142307281494141 0.00509548187255859 0.0435333251953125 -0.000446319580078125
0.00851249694824219 0.00977230072021484 -0.15643310546875 -0.3408203125
-0.0102005004882812 0.0184803009033203 -0.38043212890625 -0.52239990234375
-0.0189113616943359 0.00208473205566406 -0.614013671875 -0.469970703125
-0.0229835510253906 -0.022247314453125 -0.73388671875 -0.2939453125
0.0271377563476563 -0.0164527893066406 -0.68646240234375 -0.2733154296875
0.0500717163085938 0.0128631591796875 -0.51507568359375 -0.1290283203125
0.0577659606933594 0.0314483642578125 -0.142074584960938 -0.0506439208984375
0.118728637695313 0.0898361206054688 0.204986572265625 0.0830078125
0.116455078125 0.0567169189453125 0.522369384765625 0.23614501953125
0.0609359741210938 -0.00666427612304688 0.63330078125 0.3408203125
-0.00329113006591797 -0.00780630111694336 0.6121826171875 0.51678466796875
-0.0458869934082031 0.0327224731445312 0.45166015625 0.62982177734375
-0.0284919738769531 0.0499420166015625 0.3424072265625 0.59124755859375
0.00434112548828125 0.0474052429199219 0.195159912109375 0.327239990234375
0.0171718597412109 0.0179443359375 0.0338726043701172 -0.0222187042236328
0.00954818725585937 0.0259132385253906 -0.16815185546875 -0.357269287109375
-0.0105133056640625 0.0370368957519531 -0.384246826171875 -0.532867431640625
-0.0257740020751953 0.0156345367431641 -0.61309814453125 -0.47686767578125
-0.0280227661132813 -0.0197696685791016 -0.72857666015625 -0.29425048828125
0.0380935668945312 -0.0247879028320313 -0.68084716796875 -0.2685546875
0.0758132934570313 0.0151824951171875 -0.5076904296875 -0.129486083984375
0.085357666015625 0.0489883422851563 -0.124221801757813 -0.0440673828125
0.134521484375 0.0876388549804688 0.224609375 0.0858306884765625
0.126129150390625 0.052703857421875 0.5186767578125 0.234130859375
0.0621376037597656 -0.008148193359375 0.6405029296875 0.3519287109375
-0.00732946395874024 -0.00372409820556641 0.6334228515625 0.51947021484375
-0.0491485595703125 0.0376777648925781 0.4715576171875 0.614501953125
-0.0295982360839844 0.0590095520019531 0.34710693359375 0.56591796875
0.00608062744140625 0.05035400390625 0.187286376953125 0.300384521484375
0.0164775848388672 0.021484375 0.0194129943847656 -0.04638671875
0.00792884826660156 0.0311203002929687 -0.177947998046875 -0.381439208984375
-0.0162239074707031 0.0445365905761719 -0.38671875 -0.55743408203125
-0.0339851379394531 0.0208473205566406 -0.60491943359375 -0.4920654296875
-0.0293254852294922 -0.0237846374511719 -0.7164306640625 -0.29931640625
0.0497474670410156 -0.028289794921875 -0.67071533203125 -0.26617431640625
0.09576416015625 0.0209426879882813 -0.4979248046875 -0.12884521484375
0.1024169921875 0.0667495727539063 -0.106193542480469 -0.029693603515625
0.133651733398438 0.0764083862304688 0.246261596679688 0.0910186767578125
0.119026184082031 0.0447845458984375 0.521820068359375 0.232879638671875
0.0549659729003906 -0.00443267822265625 0.65618896484375 0.35296630859375
-0.00607585906982422 0.00287103652954102 0.66656494140625 0.5052490234375
-0.0451889038085938 0.0404777526855469 0.4962158203125 0.58734130859375
-0.0279121398925781 0.0535202026367188 0.356903076171875 0.533203125
0.00380325317382813 0.042205810546875 0.180908203125 0.271636962890625
0.0155391693115234 0.0125913619995117 0.00648117065429687 -0.0701255798339844
0.00418853759765625 0.0281009674072266 -0.185272216796875 -0.40509033203125
-0.0191650390625 0.0404129028320313 -0.37933349609375 -0.5880126953125
-0.0365791320800781 0.0151634216308594 -0.58770751953125 -0.51788330078125
-0.0284862518310547 -0.0284442901611328 -0.69744873046875 -0.31640625
0.056060791015625 -0.0269088745117188 -0.6605224609375 -0.26873779296875
0.100776672363281 0.0314865112304688 -0.488616943359375 -0.13189697265625
0.101829528808594 0.077972412109375 -0.0868911743164063 -0.0102310180664062
0.118850708007812 0.0593948364257812 0.263778686523438 0.0913848876953125
0.100364685058594 0.0377960205078125 0.528350830078125 0.225433349609375
0.047210693359375 0.00295639038085938 0.67645263671875 0.341796875
-0.00115394592285156 0.00896167755126953 0.692138671875 0.4815673828125
-0.0372352600097656 0.0346298217773437 0.52044677734375 0.552093505859375
-0.0241165161132813 0.0395431518554688 0.365234375 0.496856689453125
0.00104331970214844 0.0254268646240234 0.17236328125 0.24920654296875
0.00851869583129883 0.000834465026855469 -0.006072998046875 -0.0888519287109375
0.00072002410888672 0.0134906768798828 -0.186370849609375 -0.430511474609375
-0.0205783843994141 0.0254745483398438 -0.359619140625 -0.61871337890625
-0.0343608856201172 0.00484085083007813 -0.557952880859375 -0.550079345703125
-0.0223159790039062 -0.0287590026855469 -0.67236328125 -0.336669921875
0.0549964904785156 -0.0184898376464844 -0.64788818359375 -0.27545166015625
0.0904464721679687 0.035491943359375 -0.481201171875 -0.13519287109375
0.0841445922851563 0.0782470703125 -0.0741348266601563 0.00760650634765624
-0.010859489440918 -0.0141019821166992 0.190032958984375 0.074951171875
-0.0296173095703125 0.0175914764404297 0.54180908203125 0.219512939453125
-0.00954437255859375 0.0383491516113281 0.6630859375 0.28814697265625
0.0195446014404297 0.0162086486816406 0.63671875 0.4447021484375
0.000118255615234375 -0.0202064514160156 0.46820068359375 0.5860595703125
-0.000339508056640622 -0.0470352172851563 0.3673095703125 0.57867431640625
-0.00764083862304688 -0.052764892578125 0.205963134765625 0.350341796875
-0.00663375854492187 -0.0593109130859375 0.0408973693847656 0.0105018615722656
-0.0050811767578125 -0.0628013610839844 -0.1455078125 -0.33526611328125
-0.00457382202148438 -0.0589752197265625 -0.353485107421875 -0.539947509765625
0.00512695312500001 -0.0552291870117187 -0.58856201171875 -0.50927734375
0.00321388244628906 -0.0302867889404297 -0.71673583984375 -0.34521484375
-0.0045013427734375 0.0172996520996094 -0.66888427734375 -0.3038330078125
-0.0435562133789063 0.0128402709960938 -0.508026123046875 -0.135040283203125
-0.0598983764648437 -0.0194625854492188 -0.148590087890625 -0.040283203125
0.0221633911132813 0.0177688598632813 0.18023681640625 0.0716705322265625
0.0104389190673828 0.0276393890380859 0.53997802734375 0.22991943359375
0.0103187561035156 0.02239990234375 0.65252685546875 0.29388427734375
0.0123529434204102 0.00785636901855469 0.61865234375 0.45989990234375
-0.0119400024414063 -0.00800323486328125 0.44683837890625 0.60479736328125
-0.00797080993652344 -0.0221061706542969 0.35284423828125 0.60113525390625
-0.000907897949218752 -0.023712158203125 0.206695556640625 0.3619384765625
0.00251388549804688 -0.040008544921875 0.0466423034667969 0.0179862976074219
-0.0010986328125 -0.0377998352050781 -0.14459228515625 -0.327117919921875
-0.00627708435058594 -0.0335140228271484 -0.35797119140625 -0.522613525390625
-0.00580978393554687 -0.0368995666503906 -0.60125732421875 -0.485107421875
-0.00589370727539063 -0.0269031524658203 -0.72528076171875 -0.32232666015625
0.00467634201049805 0.00480079650878906 -0.67669677734375 -0.2906494140625
-0.0141468048095703 0.0144996643066406 -0.514892578125 -0.130584716796875
-0.0233078002929688 -0.00446891784667969 -0.155654907226562 -0.047607421875
0.0596199035644531 0.0520477294921875 0.177825927734375 0.07489013671875
0.0549964904785156 0.043243408203125 0.531707763671875 0.236663818359375
0.0341167449951172 0.0111408233642578 0.64569091796875 0.30682373046875
0.00777959823608398 -0.00164890289306641 0.60260009765625 0.4815673828125
-0.0269432067871094 0.00613403320312499 0.43426513671875 0.6192626953125
-0.0164613723754883 0.00698661804199219 0.34185791015625 0.613037109375
-0.000921726226806641 0.00535917282104492 0.2039794921875 0.362579345703125
0.00702476501464844 -0.0158567428588867 0.0484237670898438 0.013702392578125
0.00258541107177734 -0.0120735168457031 -0.14837646484375 -0.32684326171875
-0.00769233703613281 -0.00243186950683594 -0.368011474609375 -0.5164794921875
-0.0119438171386719 -0.0162239074707031 -0.60552978515625 -0.4710693359375
-0.0159835815429688 -0.0227298736572266 -0.72821044921875 -0.30450439453125
0.0166139602661133 -0.00628948211669922 -0.68505859375 -0.28253173828125
0.0181751251220703 0.0122470855712891 -0.515777587890625 -0.12841796875
0.0184001922607422 0.0137176513671875 -0.150283813476563 -0.05218505859375
0.091552734375 0.0778579711914063 0.186874389648438 0.0762176513671875
0.0923080444335938 0.0554656982421875 0.52740478515625 0.236663818359375
0.0531349182128906 -5.340576171875E-05 0.63714599609375 0.32373046875
0.00199508666992188 -0.00979804992675781 0.6007080078125 0.4993896484375
-0.03875732421875 0.0191078186035156 0.4356689453125 0.629638671875
-0.0254192352294922 0.0314998626708984 0.3372802734375 0.60638427734375
0.00314903259277344 0.0295600891113281 0.20098876953125 0.35137939453125
0.0135688781738281 0.00464820861816406 0.0423507690429688 -0.000377655029296875
0.00738430023193359 0.00997161865234375 -0.156036376953125 -0.3372802734375
-0.00934982299804687 0.0194778442382813 -0.3763427734375 -0.517852783203125
-0.0195503234863281 0.00331497192382813 -0.6116943359375 -0.46783447265625
-0.0236110687255859 -0.0191917419433594 -0.729248046875 -0.29583740234375
0.0285968780517578 -0.0177440643310547 -0.68402099609375 -0.27203369140625
0.0500373840332031 0.0124893188476563 -0.515899658203125 -0.126800537109375
0.0558662414550781 0.0285186767578125 -0.141403198242188 -0.052703857421875
0.119117736816406 0.087738037109375 0.200393676757812 0.081329345703125
0.1175537109375 0.0565643310546875 0.518310546875 0.23419189453125
0.0613861083984375 -0.0062408447265625 0.63458251953125 0.33984375
-0.00456809997558594 -0.0101613998413086 0.61090087890625 0.51611328125
-0.0476913452148438 0.0316810607910156 0.45037841796875 0.62603759765625
-0.0279579162597656 0.051544189453125 0.341796875 0.589599609375
0.00514602661132813 0.0478591918945313 0.193939208984375 0.326385498046875
0.0184707641601563 0.0166778564453125 0.0337715148925781 -0.0225276947021484
0.0116653442382812 0.0249862670898437 -0.166412353515625 -0.355926513671875
-0.010772705078125 0.0371627807617187 -0.385223388671875 -0.531280517578125
-0.0273075103759766 0.0169124603271484 -0.61016845703125 -0.47442626953125
-0.0280303955078125 -0.0179252624511719 -0.72540283203125 -0.29400634765625
0.0379066467285156 -0.0257186889648438 -0.67926025390625 -0.26739501953125
0.0775909423828125 0.014984130859375 -0.508575439453125 -0.128814697265625
0.085662841796875 0.0497970581054688 -0.123771667480469 -0.0444412231445313
0.132514953613281 0.0884017944335938 0.220809936523438 0.086029052734375
0.125274658203125 0.0521011352539063 0.517364501953125 0.23486328125
0.0608367919921875 -0.008331298828125 0.64031982421875 0.34967041015625
-0.00723648071289063 -0.00425577163696289 0.631103515625 0.51727294921875
-0.0465164184570313 0.0394096374511719 0.47222900390625 0.61083984375
-0.0288658142089844 0.0572013854980469 0.3468017578125 0.56268310546875
0.0053863525390625 0.0500869750976563 0.186065673828125 0.299835205078125
0.0177421569824219 0.0211143493652344 0.0199165344238281 -0.0458221435546875
0.00904083251953125 0.0323143005371094 -0.177154541015625 -0.37994384765625
-0.015899658203125 0.0447654724121094 -0.3865966796875 -0.553863525390625
-0.0314540863037109 0.0197277069091797 -0.60150146484375 -0.48931884765625
-0.0314064025878906 -0.0229873657226563 -0.7119140625 -0.2984619140625
0.049163818359375 -0.0291099548339844 -0.669189453125 -0.26568603515625
0.094696044921875 0.02197265625 -0.4981689453125 -0.128753662109375
0.100418090820313 0.0667266845703125 -0.106307983398438 -0.0298309326171875
0.133682250976563 0.0757827758789063 0.244094848632813 0.090850830078125
0.11846923828125 0.0445175170898437 0.5196533203125 0.233489990234375
0.0543022155761719 -0.005462646484375 0.65679931640625 0.3507080078125
-0.00658702850341797 0.00365447998046875 0.6614990234375 0.503173828125
-0.0451774597167969 0.0406112670898438 0.49432373046875 0.58416748046875
-0.0278816223144531 0.0548667907714844 0.35614013671875 0.53045654296875
0.0055999755859375 0.0421180725097656 0.1788330078125 0.270553588867188
0.0149402618408203 0.0139865875244141 0.00654220581054687 -0.06878662109375
0.00602531433105469 0.0294132232666016 -0.185546875 -0.40191650390625
-0.0184898376464844 0.0403213500976563 -0.377197265625 -0.58392333984375
-0.036041259765625 0.01654052734375 -0.58526611328125 -0.5150146484375
-0.0288295745849609 -0.0255546569824219 -0.69268798828125 -0.31500244140625
0.0563201904296875 -0.0270423889160156 -0.65728759765625 -0.26763916015625
0.101875305175781 0.0297393798828125 -0.488189697265625 -0.131439208984375
0.101318359375 0.0803070068359375 -0.0864334106445313 -0.011016845703125
0.118782043457031 0.0584335327148438 0.26458740234375 0.0931243896484375
0.100105285644531 0.0377960205078125 0.529693603515625 0.226837158203125
0.046173095703125 0.00225830078125 0.6746826171875 0.3409423828125
-0.00209760665893555 0.00795269012451172 0.69110107421875 0.47955322265625
-0.0385284423828125 0.0342063903808594 0.518218994140625 0.5478515625
-0.0238609313964844 0.0399894714355469 0.365447998046875 0.49688720703125
0.000728607177734375 0.0246410369873047 0.170425415039063 0.24749755859375
0.010502815246582 -0.000345230102539062 -0.00585937500000001 -0.0875930786132812
0.00121593475341797 0.0138998031616211 -0.18402099609375 -0.425933837890625
-0.0216026306152344 0.0263671875 -0.3572998046875 -0.616943359375
-0.0344753265380859 0.00570678710937499 -0.55841064453125 -0.5458984375
-0.0222358703613281 -0.0282936096191406 -0.67059326171875 -0.3363037109375
0.056427001953125 -0.0176582336425781 -0.64630126953125 -0.27398681640625
0.0912933349609375 0.0359725952148438 -0.480377197265625 -0.13372802734375
0.0842361450195313 0.0775680541992188 -0.0739288330078125 0.00794982910156251
-0.00928974151611328 -0.0156764984130859 0.188323974609375 0.0736236572265625
-0.0294151306152344 0.016326904296875 0.54296875 0.22210693359375
-0.00863265991210938 0.0389862060546875 0.6617431640625 0.2862548828125
0.0202503204345703 0.0162849426269531 0.635986328125 0.44683837890625
0.00194931030273437 -0.0215110778808594 0.46771240234375 0.58172607421875
-0.00239181518554688 -0.0483169555664063 0.36309814453125 0.576904296875
-0.00945281982421874 -0.0524559020996094 0.206939697265625 0.350006103515625
-0.00553131103515625 -0.0609016418457031 0.0413360595703125 0.0113105773925781
-0.00629425048828125 -0.0612678527832031 -0.144775390625 -0.336151123046875
-0.003570556640625 -0.0597152709960938 -0.352264404296875 -0.53857421875
0.00790786743164062 -0.0536041259765625 -0.5860595703125 -0.50830078125
0.00451850891113281 -0.0280952453613281 -0.71197509765625 -0.34356689453125
-0.00393199920654297 0.0171728134155273 -0.66729736328125 -0.30389404296875
-0.0426292419433594 0.0138473510742187 -0.505523681640625 -0.1331787109375
-0.0592918395996094 -0.0226707458496094 -0.146636962890625 -0.0425262451171875
0.0223197937011719 0.0174045562744141 0.178848266601562 0.072845458984375
0.00976943969726563 0.0296821594238281 0.538360595703125 0.228118896484375
0.0107593536376953 0.0232658386230469 0.654296875 0.2935791015625
0.0134153366088867 0.00448894500732422 0.61688232421875 0.45977783203125
-0.0119171142578125 -0.00759315490722656 0.44647216796875 0.602294921875
-0.00751113891601562 -0.0201225280761719 0.35089111328125 0.6002197265625
-0.00230216979980469 -0.0232200622558594 0.205352783203125 0.36114501953125
0.00205230712890625 -0.0373497009277344 0.046875 0.0179862976074219
-0.001068115234375 -0.0376510620117188 -0.145721435546875 -0.325592041015625
-0.00617790222167969 -0.03338623046875 -0.3583984375 -0.51947021484375
-0.00543212890625 -0.0365562438964844 -0.595703125 -0.48431396484375
-0.00542831420898438 -0.0284309387207031 -0.72418212890625 -0.32232666015625
0.00732755661010742 0.00424385070800781 -0.67645263671875 -0.2919921875
-0.0142650604248047 0.0143375396728516 -0.51470947265625 -0.129669189453125
-0.0239334106445313 -0.00397109985351563 -0.154342651367188 -0.0502471923828125
0.0574302673339844 0.0513114929199219 0.17755126953125 0.0749359130859375
0.0540008544921875 0.0442962646484375 0.530914306640625 0.2349853515625
0.0332107543945313 0.010162353515625 0.64361572265625 0.30548095703125
0.00842571258544922 -0.00373411178588867 0.60272216796875 0.4794921875
-0.0265846252441406 0.00762557983398438 0.432373046875 0.6204833984375
-0.0142974853515625 0.00647449493408203 0.341064453125 0.61090087890625
0.00141620635986328 0.00717020034790039 0.202606201171875 0.36328125
0.00813388824462891 -0.0152502059936523 0.0480003356933594 0.0150070190429687
0.00442600250244141 -0.0139083862304687 -0.1475830078125 -0.3262939453125
-0.00685739517211914 -0.00359201431274414 -0.368133544921875 -0.511688232421875
-0.0149879455566406 -0.0149030685424805 -0.6048583984375 -0.46929931640625
-0.016754150390625 -0.0247631072998047 -0.72857666015625 -0.3031005859375
0.0149049758911133 -0.00769424438476563 -0.68194580078125 -0.2783203125
0.0192337036132813 0.0140361785888672 -0.51690673828125 -0.1292724609375
0.0177078247070313 0.0144405364990234 -0.151580810546875 -0.0527191162109375
0.0930557250976563 0.07623291015625 0.186203002929688 0.0782623291015625
0.0929107666015625 0.0544509887695313 0.52508544921875 0.23760986328125
0.0508995056152344 -0.000507354736328125 0.63623046875 0.3240966796875
-9.63211059570308E-05 -0.0104436874389648 0.5972900390625 0.49822998046875
-0.0385856628417969 0.0186729431152344 0.43719482421875 0.6298828125
-0.0231304168701172 0.0319976806640625 0.33831787109375 0.6046142578125
0.00438499450683594 0.0315055847167969 0.200225830078125 0.34869384765625
0.0139732360839844 0.00465297698974609 0.0429649353027344 0.00185775756835938
0.00828981399536133 0.00752067565917969 -0.154815673828125 -0.33734130859375
-0.00925636291503906 0.0203361511230469 -0.375518798828125 -0.51800537109375
-0.0203151702880859 0.00297164916992187 -0.60968017578125 -0.46575927734375
-0.0224037170410156 -0.0223426818847656 -0.728759765625 -0.29205322265625
0.0271530151367188 -0.0172748565673828 -0.68402099609375 -0.27325439453125
0.0520477294921875 0.0113868713378906 -0.512847900390625 -0.128448486328125
0.0555534362792969 0.0305366516113281 -0.142410278320313 -0.051483154296875
0.118240356445313 0.0860137939453125 0.201217651367188 0.0796966552734375
0.118156433105469 0.0560226440429688 0.51708984375 0.235931396484375
0.0618209838867187 -0.00739669799804687 0.63336181640625 0.33740234375
-0.00592899322509766 -0.0105686187744141 0.608642578125 0.51275634765625
-0.046844482421875 0.0320396423339844 0.446533203125 0.62701416015625
-0.0285987854003906 0.0501670837402344 0.33941650390625 0.58905029296875
0.00645828247070313 0.0466842651367188 0.1920166015625 0.325927734375
0.0176219940185547 0.0154876708984375 0.0347690582275391 -0.0208282470703125
0.00929832458496094 0.0252838134765625 -0.166290283203125 -0.353851318359375
-0.0123176574707031 0.0384597778320313 -0.380462646484375 -0.52825927734375
-0.0263195037841797 0.0158042907714844 -0.6082763671875 -0.47296142578125
-0.0281600952148437 -0.0202579498291016 -0.7225341796875 -0.2923583984375
0.0374069213867188 -0.0256767272949219 -0.6785888671875 -0.26666259765625
0.0776138305664063 0.015960693359375 -0.507049560546875 -0.129730224609375
0.0868301391601563 0.0505828857421875 -0.123947143554687 -0.0464248657226562
0.130638122558594 0.0865936279296875 0.221572875976562 0.086517333984375
0.125724792480469 0.0519943237304688 0.515594482421875 0.234130859375
0.0603866577148438 -0.00678634643554688 0.63824462890625 0.3485107421875
-0.0087738037109375 -0.00470542907714844 0.63238525390625 0.515869140625
-0.0478248596191406 0.0379142761230469 0.46954345703125 0.60821533203125
-0.0274085998535156 0.0573997497558594 0.345916748046875 0.561859130859375
0.00735855102539063 0.0506401062011719 0.185333251953125 0.299072265625
0.0185413360595703 0.0186367034912109 0.0184783935546875 -0.0448036193847656
0.00849342346191406 0.0326461791992188 -0.17852783203125 -0.37646484375
-0.0160102844238281 0.0445480346679687 -0.383941650390625 -0.54876708984375
-0.0335292816162109 0.0211944580078125 -0.60205078125 -0.48870849609375
-0.0307903289794922 -0.02215576171875 -0.71044921875 -0.297119140625
0.0486068725585937 -0.0284538269042969 -0.666259765625 -0.26654052734375
0.0940170288085938 0.0211181640625 -0.495330810546875 -0.129974365234375
0.100379943847656 0.0670089721679688 -0.105316162109375 -0.0314559936523437
0.13262939453125 0.0763092041015625 0.242706298828125 0.0899810791015625
0.117294311523438 0.0433578491210938 0.519989013671875 0.230804443359375
0.0555801391601563 -0.004669189453125 0.65301513671875 0.34918212890625
-0.00731229782104492 0.00132369995117187 0.6614990234375 0.5057373046875
-0.043121337890625 0.0404052734375 0.4935302734375 0.5809326171875
-0.025054931640625 0.0543632507324219 0.35443115234375 0.528900146484375
0.00490951538085937 0.0436477661132813 0.177352905273438 0.2706298828125
0.0150671005249023 0.0136318206787109 0.00703430175781249 -0.0706024169921875
0.00464248657226563 0.0310306549072266 -0.18414306640625 -0.400238037109375
-0.0199813842773437 0.041534423828125 -0.37506103515625 -0.57855224609375
-0.0372657775878906 0.0162925720214844 -0.5845947265625 -0.51446533203125
-0.0279808044433594 -0.0269870758056641 -0.69061279296875 -0.31317138671875
0.0565452575683594 -0.0265960693359375 -0.6553955078125 -0.2686767578125
0.100181579589844 0.0323257446289063 -0.487274169921875 -0.13116455078125
0.100395202636719 0.079559326171875 -0.087890625 -0.0116119384765625
0.118499755859375 0.0575408935546875 0.262115478515625 0.09136962890625
0.0982589721679688 0.0364837646484375 0.527435302734375 0.22802734375
0.0487327575683594 0.00179672241210938 0.67388916015625 0.3380126953125
-0.00270366668701172 0.00714492797851563 0.69122314453125 0.4775390625
-0.0371475219726563 0.0352745056152344 0.517730712890625 0.547637939453125
-0.0233535766601563 0.0381698608398437 0.363128662109375 0.49639892578125
0.000799179077148437 0.0257530212402344 0.170623779296875 0.2469482421875
0.0105524063110352 0.000396728515625 -0.00678253173828125 -0.0883102416992188
0.00149345397949219 0.0156822204589844 -0.1844482421875 -0.423492431640625
-0.0219554901123047 0.0264816284179687 -0.3565673828125 -0.6131591796875
-0.0367698669433594 0.00674819946289063 -0.554168701171875 -0.544097900390625
-0.0227947235107422 -0.0285549163818359 -0.66943359375 -0.33447265625
0.055816650390625 -0.0173797607421875 -0.64434814453125 -0.2774658203125
0.08978271484375 0.0379257202148438 -0.47943115234375 -0.134185791015625
0.0857772827148438 0.0794219970703125 -0.0736465454101563 0.0056915283203125
-0.00916671752929687 -0.0163297653198242 0.188919067382813 0.0735626220703125
-0.0295772552490234 0.0158195495605469 0.54058837890625 0.221343994140625
-0.00962066650390625 0.0364341735839844 0.663818359375 0.2855224609375
0.0193881988525391 0.0134639739990234 0.63818359375 0.44305419921875
0.00110054016113281 -0.0199813842773438 0.46795654296875 0.58331298828125
-0.00188064575195313 -0.0497856140136719 0.36578369140625 0.5791015625
-0.00688934326171876 -0.0530548095703125 0.206207275390625 0.351165771484375
-0.00719070434570312 -0.0593757629394531 0.0401611328125 0.0103263854980469
-0.0047149658203125 -0.0603675842285156 -0.14581298828125 -0.3355712890625
-0.00247573852539063 -0.0590171813964844 -0.34771728515625 -0.53802490234375
0.00410842895507813 -0.0537300109863281 -0.58404541015625 -0.508056640625
0.00155830383300781 -0.0270729064941406 -0.7120361328125 -0.3441162109375
-0.00615024566650391 0.0155658721923828 -0.66802978515625 -0.30523681640625
-0.0427169799804688 0.01422119140625 -0.506134033203125 -0.1331787109375
-0.0596847534179688 -0.0205802917480469 -0.147216796875 -0.04217529296875
0.0218219757080078 0.0156650543212891 0.177963256835938 0.071441650390625
0.0116653442382813 0.0275421142578125 0.540679931640625 0.2298583984375
0.0112590789794922 0.0221004486083984 0.65570068359375 0.29510498046875
0.0119972229003906 0.00541782379150391 0.6138916015625 0.4608154296875
-0.0128030776977539 -0.00777339935302734 0.4449462890625 0.6046142578125
-0.00673484802246094 -0.0198554992675781 0.349609375 0.599365234375
-0.00415229797363281 -0.0224342346191406 0.205413818359375 0.362335205078125
0.00189208984375 -0.0393104553222656 0.0467147827148438 0.0175209045410156
-0.00208663940429688 -0.0367050170898438 -0.143157958984375 -0.3258056640625
-0.00694465637207031 -0.0305843353271484 -0.357391357421875 -0.518768310546875
-0.00426101684570312 -0.0358772277832031 -0.59576416015625 -0.484375
-0.00732612609863281 -0.0257930755615234 -0.72210693359375 -0.32086181640625
0.0069117546081543 0.00600671768188476 -0.6751708984375 -0.29296875
-0.0137138366699219 0.0157575607299805 -0.5155029296875 -0.131591796875
-0.0238475799560547 -0.00469207763671875 -0.156509399414062 -0.0498809814453125
0.059722900390625 0.0498847961425781 0.176239013671875 0.0715484619140625
0.0556793212890625 0.0416107177734375 0.5325927734375 0.23760986328125
0.0322055816650391 0.0095367431640625 0.64398193359375 0.30560302734375
0.00499248504638672 -0.00500297546386719 0.6005859375 0.478515625
-0.0273189544677734 0.00750541687011719 0.4327392578125 0.6204833984375
-0.0155858993530273 0.00554370880126953 0.3402099609375 0.61004638671875
-0.000181198120117188 0.00445795059204102 0.202911376953125 0.3623046875
0.00907611846923828 -0.0160770416259766 0.0489311218261719 0.0152816772460937
0.00474452972412109 -0.012791633605957 -0.146820068359375 -0.32489013671875
-0.00707864761352539 -0.00375843048095703 -0.3660888671875 -0.51226806640625
-0.0129184722900391 -0.0154695510864258 -0.60406494140625 -0.46856689453125
-0.015289306640625 -0.0216045379638672 -0.7259521484375 -0.30316162109375
0.0174121856689453 -0.00614547729492188 -0.68292236328125 -0.28277587890625
0.0195884704589844 0.0132369995117187 -0.516143798828125 -0.132354736328125
0.019378662109375 0.0140533447265625 -0.152450561523438 -0.0547943115234375
0.09356689453125 0.0756072998046875 0.18572998046875 0.07659912109375
0.0923843383789063 0.0536727905273438 0.524627685546875 0.236175537109375
0.0521507263183594 6.4849853515625E-05 0.63592529296875 0.32330322265625
-0.000603675842285155 -0.0101165771484375 0.5997314453125 0.49932861328125
-0.0402412414550781 0.0203666687011719 0.43499755859375 0.62908935546875
-0.0210285186767578 0.0319976806640625 0.33831787109375 0.6072998046875
0.00559234619140625 0.0325584411621094 0.19793701171875 0.349822998046875
0.0146856307983398 0.00570392608642578 0.044525146484375 0.00293350219726563
0.00919246673583985 0.0113677978515625 -0.1529541015625 -0.3349609375
-0.00797653198242187 0.0230331420898438 -0.37493896484375 -0.51763916015625
-0.0198860168457031 0.00522613525390625 -0.60919189453125 -0.46630859375
-0.0231971740722656 -0.0193080902099609 -0.72930908203125 -0.2943115234375
0.0263042449951172 -0.0170803070068359 -0.6839599609375 -0.27471923828125
0.0506134033203125 0.0133628845214844 -0.51458740234375 -0.128570556640625
0.0562705993652344 0.0312767028808594 -0.140670776367187 -0.0532684326171875
0.119285583496094 0.0871810913085938 0.201141357421875 0.0799713134765625
0.116813659667969 0.055755615234375 0.520111083984375 0.2379150390625
0.0624732971191406 -0.00667190551757813 0.63275146484375 0.337158203125
-0.00447940826416016 -0.00945377349853516 0.6082763671875 0.5140380859375
-0.0477333068847656 0.0327301025390625 0.44757080078125 0.62469482421875
-0.026702880859375 0.0504913330078125 0.34051513671875 0.5892333984375
0.0062255859375 0.047210693359375 0.191680908203125 0.326019287109375
0.0181407928466797 0.0168590545654297 0.0336589813232422 -0.0196342468261719
0.0100059509277344 0.0257854461669922 -0.16558837890625 -0.353302001953125
-0.0108108520507813 0.0395088195800781 -0.381256103515625 -0.5284423828125
-0.0261344909667969 0.0170783996582031 -0.60888671875 -0.47332763671875
-0.0302448272705078 -0.0186843872070313 -0.7210693359375 -0.2921142578125
0.0392417907714844 -0.0265579223632813 -0.67657470703125 -0.267333984375
0.0765228271484375 0.0167160034179687 -0.50628662109375 -0.127960205078125
0.0848617553710938 0.0509185791015625 -0.124671936035156 -0.0459747314453125
0.133644104003906 0.0863800048828125 0.221023559570312 0.086517333984375
0.125732421875 0.0505218505859375 0.51519775390625 0.23382568359375
0.0614128112792969 -0.00878143310546875 0.6375732421875 0.34893798828125
-0.00823450088500977 -0.00551033020019531 0.6292724609375 0.5174560546875
-0.0478172302246094 0.039520263671875 0.46722412109375 0.61224365234375
-0.0282707214355469 0.0576210021972656 0.344207763671875 0.56195068359375
0.00581741333007813 0.051483154296875 0.185394287109375 0.299652099609375
0.01885986328125 0.0181121826171875 0.0199470520019531 -0.0445632934570312
0.00931358337402344 0.0315780639648438 -0.17559814453125 -0.375
-0.0146026611328125 0.0466651916503906 -0.38482666015625 -0.550506591796875
-0.0340900421142578 0.0222053527832031 -0.60076904296875 -0.48907470703125
-0.0317649841308594 -0.02294921875 -0.70916748046875 -0.2982177734375
0.0507926940917969 -0.0280990600585938 -0.66705322265625 -0.26422119140625
0.0957489013671875 0.0225448608398437 -0.49798583984375 -0.1290283203125
0.103050231933594 0.06927490234375 -0.105171203613281 -0.0326004028320312
0.132980346679688 0.0739593505859375 0.244064331054687 0.0910186767578125
0.118499755859375 0.0432357788085938 0.519989013671875 0.232513427734375
0.0557136535644531 -0.0055999755859375 0.65380859375 0.34954833984375
-0.00862693786621094 0.000934123992919921 0.66265869140625 0.50286865234375
-0.0451774597167969 0.040435791015625 0.49542236328125 0.58416748046875
-0.025238037109375 0.0539741516113281 0.3538818359375 0.5301513671875
0.00399398803710938 0.0425910949707031 0.178695678710938 0.270278930664063
0.0155534744262695 0.0141563415527344 0.00552368164062501 -0.0682296752929688
0.00495147705078125 0.0297966003417969 -0.18377685546875 -0.399261474609375
-0.0193443298339844 0.0414695739746094 -0.3758544921875 -0.57861328125
-0.0366897583007813 0.0167694091796875 -0.58251953125 -0.51617431640625
-0.0279979705810547 -0.0262584686279297 -0.69158935546875 -0.314697265625
0.056732177734375 -0.0265274047851562 -0.65545654296875 -0.26702880859375
0.100067138671875 0.031829833984375 -0.48834228515625 -0.133087158203125
0.101295471191406 0.0792083740234375 -0.0885086059570313 -0.0139846801757813
0.119491577148438 0.05767822265625 0.262603759765625 0.090576171875
0.099395751953125 0.0368881225585938 0.528411865234375 0.2288818359375
0.047149658203125 0.00098419189453125 0.6741943359375 0.33880615234375
-0.00257205963134766 0.00714254379272461 0.6907958984375 0.47894287109375
-0.0386695861816406 0.0356788635253906 0.51837158203125 0.54998779296875
-0.0229911804199219 0.0394935607910156 0.362396240234375 0.495697021484375
0.000629425048828128 0.0254173278808594 0.168212890625 0.2459716796875
0.0113687515258789 0.000759124755859375 -0.00555419921875001 -0.0870819091796875
-0.000185966491699219 0.0151252746582031 -0.18585205078125 -0.42376708984375
-0.0198841094970703 0.0256977081298828 -0.35650634765625 -0.61077880859375
-0.0376701354980469 0.0074005126953125 -0.555267333984375 -0.546173095703125
-0.0230998992919922 -0.0267124176025391 -0.6676025390625 -0.33514404296875
0.0569381713867188 -0.0175895690917969 -0.64569091796875 -0.2745361328125
0.0915374755859375 0.0374298095703125 -0.48016357421875 -0.13470458984375
0.0853195190429687 0.0804977416992188 -0.0752716064453125 0.00567626953125002
-0.00976181030273438 -0.017329216003418 0.18914794921875 0.0727996826171875
-0.0292797088623047 0.0149250030517578 0.541839599609375 0.22216796875
-0.008575439453125 0.0371856689453125 0.6646728515625 0.2860107421875
0.0181026458740234 0.0137863159179687 0.63836669921875 0.44500732421875
-0.000648498535156248 -0.0205745697021484 0.46630859375 0.58355712890625
-0.00269699096679688 -0.0486373901367187 0.36395263671875 0.58087158203125
-0.00850677490234375 -0.0522003173828125 0.205322265625 0.353057861328125
-0.00681686401367187 -0.0609588623046875 0.0406265258789062 0.0108909606933594
-0.00587463378906251 -0.061187744140625 -0.144775390625 -0.33270263671875
-0.003448486328125 -0.0578689575195313 -0.350189208984375 -0.53717041015625
0.00400543212890625 -0.053558349609375 -0.5875244140625 -0.50775146484375
0.0019989013671875 -0.0286598205566406 -0.714111328125 -0.34625244140625
-0.00333595275878906 0.0162649154663086 -0.6689453125 -0.30731201171875
-0.0446281433105469 0.0144996643066406 -0.507568359375 -0.13372802734375
-0.0612106323242188 -0.0216941833496094 -0.147430419921875 -0.04412841796875
0.0228614807128906 0.0136318206787109 0.177581787109375 0.0696868896484375
0.0111637115478516 0.0289268493652344 0.5384521484375 0.232208251953125
0.0096435546875 0.0234642028808594 0.6552734375 0.2923583984375
0.0100889205932617 0.00430774688720703 0.614990234375 0.46063232421875
-0.0119438171386719 -0.00689601898193359 0.4459228515625 0.60565185546875
-0.00752639770507812 -0.0221958160400391 0.3515625 0.6031494140625
-0.00294685363769531 -0.0231285095214844 0.20550537109375 0.364501953125
0.00127410888671875 -0.0388526916503906 0.046356201171875 0.0204925537109375
-0.000457763671874996 -0.0370407104492187 -0.142059326171875 -0.323394775390625
-0.00785636901855469 -0.0299510955810547 -0.3575439453125 -0.517852783203125
-0.00427627563476563 -0.0339717864990234 -0.596435546875 -0.4854736328125
-0.00727081298828125 -0.0277023315429687 -0.722900390625 -0.3212890625
0.00665140151977539 0.00619411468505859 -0.6767578125 -0.2960205078125
-0.0142068862915039 0.0143880844116211 -0.513885498046875 -0.13134765625
-0.0229740142822266 -0.00341987609863281 -0.1553955078125 -0.0537872314453125
0.0598793029785156 0.0489654541015625 0.174819946289063 0.0723724365234375
0.0552444458007813 0.0431556701660156 0.53350830078125 0.237457275390625
0.0335063934326172 0.00963211059570313 0.6470947265625 0.30670166015625
0.00361490249633789 -0.00457048416137695 0.6002197265625 0.4798583984375
-0.0246391296386719 0.00760269165039062 0.433349609375 0.62164306640625
-0.0163726806640625 0.00796699523925781 0.3426513671875 0.61273193359375
0.000470161437988282 0.00657987594604492 0.201751708984375 0.3643798828125
0.00897121429443359 -0.0142574310302734 0.0493888854980469 0.0159797668457031
0.00422191619873047 -0.0116920471191406 -0.1455078125 -0.323760986328125
-0.00545167922973633 -0.00299501419067383 -0.363433837890625 -0.514068603515625
-0.0126094818115234 -0.0136699676513672 -0.6033935546875 -0.469970703125
-0.0155296325683594 -0.0227012634277344 -0.72930908203125 -0.30474853515625
0.0170564651489258 -0.0057220458984375 -0.68402099609375 -0.28460693359375
0.0208759307861328 0.0135841369628906 -0.51727294921875 -0.13079833984375
0.0183143615722656 0.0151844024658203 -0.152603149414063 -0.0558319091796875
0.093536376953125 0.0744094848632813 0.185516357421875 0.0763092041015625
0.0938262939453125 0.0532989501953125 0.526702880859375 0.239471435546875
0.0528907775878906 0.000782012939453125 0.6378173828125 0.32330322265625
-0.00233554840087891 -0.00991630554199219 0.59918212890625 0.5006103515625
-0.0403976440429688 0.0206375122070313 0.4324951171875 0.63006591796875
-0.0226516723632812 0.0335788726806641 0.33782958984375 0.6077880859375
0.00347328186035156 0.0324649810791016 0.1983642578125 0.351226806640625
0.014765739440918 0.00471591949462891 0.0438957214355469 0.0013885498046875
0.00839519500732422 0.0105648040771484 -0.15374755859375 -0.332855224609375
-0.00758743286132813 0.0216884613037109 -0.374847412109375 -0.516021728515625
-0.0201530456542969 0.00524330139160156 -0.61102294921875 -0.4674072265625
-0.0224018096923828 -0.0182666778564453 -0.72711181640625 -0.29449462890625
0.025146484375 -0.0178165435791016 -0.68353271484375 -0.2763671875
0.0520362854003906 0.0140037536621094 -0.51409912109375 -0.129119873046875
0.0569076538085938 0.0330924987792969 -0.142547607421875 -0.0551910400390625
0.120460510253906 0.08685302734375 0.200225830078125 0.0806121826171875
0.119033813476563 0.0553359985351563 0.51861572265625 0.236724853515625
0.0617218017578125 -0.007598876953125 0.63311767578125 0.33837890625
-0.00664997100830078 -0.0101785659790039 0.6114501953125 0.51507568359375
-0.0483283996582031 0.033203125 0.44647216796875 0.62841796875
-0.0273399353027344 0.0525169372558594 0.3394775390625 0.59100341796875
0.00592803955078125 0.04864501953125 0.1920166015625 0.328033447265625
0.0169801712036133 0.0154380798339844 0.0337257385253906 -0.0212249755859375
0.0124835968017578 0.026885986328125 -0.16357421875 -0.351898193359375
-0.0108833312988281 0.0399360656738281 -0.380401611328125 -0.52935791015625
-0.0276355743408203 0.0179481506347656 -0.60882568359375 -0.47174072265625
-0.0300121307373047 -0.0170955657958984 -0.7208251953125 -0.292724609375
0.0379600524902344 -0.0263404846191406 -0.6785888671875 -0.27001953125
0.0781173706054688 0.015838623046875 -0.506927490234375 -0.129547119140625
0.0861129760742188 0.0517349243164063 -0.125007629394531 -0.0494613647460938
0.133293151855469 0.0847930908203125 0.220993041992188 0.084686279296875
0.125617980957031 0.0510330200195312 0.516845703125 0.235198974609375
0.0621147155761719 -0.009490966796875 0.6412353515625 0.35089111328125
-0.0101957321166992 -0.00443172454833984 0.6309814453125 0.51922607421875
-0.0481605529785156 0.0386962890625 0.46966552734375 0.61248779296875
-0.0276985168457031 0.0588798522949219 0.3448486328125 0.56298828125
0.00565338134765626 0.0522499084472656 0.18341064453125 0.299072265625
0.017242431640625 0.0193214416503906 0.0204620361328125 -0.044677734375
0.00869178771972656 0.0321846008300781 -0.176116943359375 -0.373809814453125
-0.0161056518554688 0.0453338623046875 -0.381011962890625 -0.549407958984375
-0.0335807800292969 0.0226058959960938 -0.60162353515625 -0.48797607421875
-0.0320854187011719 -0.0225143432617188 -0.71026611328125 -0.30133056640625
0.0505409240722656 -0.0294990539550781 -0.669677734375 -0.26922607421875
0.095306396484375 0.0228958129882813 -0.49853515625 -0.129486083984375
0.101165771484375 0.0689849853515625 -0.106651306152344 -0.0323562622070313
0.132614135742187 0.0739212036132812 0.242813110351563 0.0902557373046875
0.11767578125 0.0427017211914063 0.52239990234375 0.2333984375
0.0548553466796875 -0.0054779052734375 0.65740966796875 0.35125732421875
-0.00852441787719727 -0.000911712646484375 0.6627197265625 0.50445556640625
-0.0447883605957031 0.0403327941894531 0.4957275390625 0.58380126953125
-0.0247650146484375 0.0544090270996094 0.3551025390625 0.530181884765625
0.004608154296875 0.0450630187988281 0.17657470703125 0.271347045898438
0.0155506134033203 0.0146780014038086 0.005584716796875 -0.0679397583007813
0.00505828857421875 0.0283870697021484 -0.18328857421875 -0.39947509765625
-0.017822265625 0.0429458618164063 -0.373291015625 -0.57928466796875
-0.0380134582519531 0.0189781188964844 -0.58404541015625 -0.51446533203125
-0.0290737152099609 -0.0268344879150391 -0.69171142578125 -0.3153076171875
0.0567893981933594 -0.0267448425292969 -0.6590576171875 -0.27099609375
0.102447509765625 0.0329437255859375 -0.48779296875 -0.132080078125
0.100967407226563 0.0814590454101563 -0.0891571044921875 -0.01544189453125
0.119415283203125 0.0563583374023437 0.262786865234375 0.0923309326171875
0.098846435546875 0.036712646484375 0.52825927734375 0.22705078125
0.0460624694824219 0.00165176391601563 0.6767578125 0.34100341796875
-0.00458002090454102 0.00530004501342773 0.6927490234375 0.47698974609375
-0.0386161804199219 0.0366477966308594 0.51690673828125 0.5499267578125
-0.0216407775878906 0.0407447814941406 0.3643798828125 0.496124267578125
0.00179672241210937 0.0264816284179688 0.168701171875 0.24871826171875
0.0102453231811523 -6.67572021484375E-06 -0.00594329833984374 -0.0885009765625
0.00186824798583984 0.017146110534668 -0.1842041015625 -0.42431640625
-0.0201301574707031 0.0261363983154297 -0.35650634765625 -0.61151123046875
-0.0363197326660156 0.00815200805664063 -0.5555419921875 -0.547821044921875
-0.0223655700683594 -0.0275535583496094 -0.66705322265625 -0.335205078125
0.0560493469238281 -0.0183181762695313 -0.6475830078125 -0.27874755859375
0.0918045043945313 0.0378189086914063 -0.483673095703125 -0.134002685546875
0.0844192504882813 0.0816268920898438 -0.0738983154296875 0.00434875488281251
-0.0095367431640625 -0.0202522277832031 0.189117431640625 0.071563720703125
-0.0308933258056641 0.0153598785400391 0.543609619140625 0.223236083984375
-0.00821304321289063 0.0378990173339844 0.66876220703125 0.28594970703125
0.0178394317626953 0.0133113861083984 0.64031982421875 0.4478759765625
0.000234603881835936 -0.0204010009765625 0.46844482421875 0.5887451171875
0.000812530517578122 -0.0493125915527344 0.36505126953125 0.5848388671875
-0.0086212158203125 -0.0520439147949219 0.206329345703125 0.35528564453125
-0.00544357299804687 -0.062957763671875 0.0418128967285156 0.0133285522460937
-0.00686264038085937 -0.0602149963378906 -0.144134521484375 -0.332763671875
-0.00216674804687501 -0.0571556091308594 -0.349853515625 -0.53802490234375
0.00458145141601562 -0.0515213012695313 -0.586181640625 -0.5079345703125
0.00414466857910156 -0.0274257659912109 -0.7138671875 -0.34527587890625
-0.00434398651123047 0.0162868499755859 -0.67022705078125 -0.3104248046875
-0.044830322265625 0.0147361755371094 -0.510498046875 -0.137115478515625
-0.0613327026367187 -0.020904541015625 -0.148178100585938 -0.0464935302734375
0.02435302734375 0.0138359069824219 0.179183959960938 0.068939208984375
0.0108795166015625 0.0282936096191406 0.5435791015625 0.23455810546875
0.0114326477050781 0.0234813690185547 0.658447265625 0.29278564453125
0.0107746124267578 0.00396060943603516 0.61737060546875 0.46270751953125
-0.0128154754638672 -0.00561904907226563 0.4451904296875 0.6082763671875
-0.00563430786132813 -0.0208759307861328 0.353515625 0.6051025390625
-0.00361824035644531 -0.0238456726074219 0.2056884765625 0.364349365234375
0.0012054443359375 -0.036651611328125 0.0481758117675781 0.0190086364746094
-0.0011444091796875 -0.0358619689941406 -0.14385986328125 -0.322967529296875
-0.00552177429199219 -0.0306835174560547 -0.3577880859375 -0.519134521484375
-0.00338554382324218 -0.0335540771484375 -0.599365234375 -0.485107421875
-0.00748443603515625 -0.0276908874511719 -0.72552490234375 -0.32476806640625
0.00791168212890625 0.00403308868408203 -0.6795654296875 -0.29766845703125
-0.0109357833862305 0.0156946182250977 -0.516387939453125 -0.13189697265625
-0.0241127014160156 -0.00174903869628906 -0.15606689453125 -0.054718017578125
0.0600204467773437 0.0495185852050781 0.1761474609375 0.0724029541015625
0.0564994812011719 0.0419960021972656 0.532867431640625 0.240447998046875
0.0348339080810547 0.00864791870117187 0.6500244140625 0.3079833984375
0.00368022918701172 -0.00475311279296875 0.60614013671875 0.480224609375
-0.0293102264404297 0.00741577148437501 0.43438720703125 0.62469482421875
-0.0153741836547852 0.00717067718505859 0.34326171875 0.61602783203125
-0.000545978546142578 0.00653648376464844 0.203338623046875 0.36505126953125
0.00774097442626953 -0.0149211883544922 0.0484275817871094 0.014495849609375
0.00396919250488281 -0.0108604431152344 -0.145751953125 -0.323638916015625
-0.00670099258422852 -0.00336265563964844 -0.366180419921875 -0.512420654296875
-0.0129318237304688 -0.0121994018554687 -0.6033935546875 -0.47357177734375
-0.0150661468505859 -0.0218639373779297 -0.73260498046875 -0.305908203125
0.0176048278808594 -0.00600051879882813 -0.68560791015625 -0.2862548828125
0.0200004577636719 0.0149650573730469 -0.520416259765625 -0.130523681640625
0.02032470703125 0.0142993927001953 -0.152481079101563 -0.05828857421875
0.0942764282226563 0.0737075805664063 0.184921264648437 0.0770111083984375
0.0926513671875 0.0520248413085938 0.52734375 0.240264892578125
0.0525550842285156 -0.000751495361328125 0.64080810546875 0.3250732421875
-0.00123214721679687 -0.0120077133178711 0.60321044921875 0.502197265625
-0.0405464172363281 0.0202255249023437 0.43634033203125 0.63250732421875
-0.0230216979980469 0.0346717834472656 0.33984375 0.61224365234375
0.00350761413574219 0.0324916839599609 0.20025634765625 0.3524169921875
0.0139837265014648 0.00502681732177734 0.0440139770507813 0.00234222412109375
0.00792026519775391 0.0116453170776367 -0.15313720703125 -0.333709716796875
-0.00791168212890625 0.0219097137451172 -0.374603271484375 -0.5164794921875
-0.0215778350830078 0.00566864013671875 -0.61199951171875 -0.46832275390625
-0.0242290496826172 -0.0192813873291016 -0.7314453125 -0.29693603515625
0.0272140502929688 -0.018310546875 -0.68994140625 -0.27685546875
0.0518074035644531 0.012908935546875 -0.51800537109375 -0.129669189453125
0.0578193664550781 0.0325813293457031 -0.144760131835938 -0.055206298828125
0.118629455566406 0.086090087890625 0.201202392578125 0.0804290771484375
0.118057250976563 0.0555648803710937 0.523101806640625 0.2393798828125
0.0612716674804688 -0.008026123046875 0.63641357421875 0.33984375
-0.00704574584960938 -0.0116462707519531 0.61126708984375 0.5164794921875
-0.0489616394042969 0.031982421875 0.4493408203125 0.6295166015625
-0.0280342102050781 0.0525703430175781 0.3394775390625 0.59222412109375
0.00544357299804688 0.0482254028320313 0.19427490234375 0.32830810546875
0.0190887451171875 0.0172386169433594 0.0336036682128906 -0.0199470520019531
0.0116024017333984 0.0267829895019531 -0.1644287109375 -0.3521728515625
-0.00974655151367187 0.0402107238769531 -0.38177490234375 -0.528076171875
-0.0291881561279297 0.0190029144287109 -0.61065673828125 -0.4754638671875
-0.0302715301513672 -0.0194129943847656 -0.72412109375 -0.2950439453125
0.0379219055175781 -0.02764892578125 -0.6812744140625 -0.27215576171875
0.0793838500976563 0.0174331665039063 -0.510223388671875 -0.131256103515625
0.0870437622070313 0.0537872314453125 -0.127143859863281 -0.0486984252929688
0.133163452148438 0.0828933715820313 0.221786499023438 0.086151123046875
0.1259765625 0.0508270263671875 0.521087646484375 0.236358642578125
0.0619354248046875 -0.00929641723632813 0.6427001953125 0.3509521484375
-0.010432243347168 -0.00679969787597656 0.63385009765625 0.520263671875
-0.048370361328125 0.0394973754882813 0.46820068359375 0.6156005859375
-0.026580810546875 0.0599174499511719 0.34674072265625 0.56597900390625
0.00725173950195312 0.0526008605957031 0.184478759765625 0.300628662109375
0.0164127349853516 0.0203647613525391 0.0216941833496094 -0.04364013671875
0.007843017578125 0.0338630676269531 -0.174285888671875 -0.373077392578125
-0.0144157409667969 0.0478744506835938 -0.38348388671875 -0.551727294921875
-0.0338306427001953 0.0232467651367188 -0.602783203125 -0.4879150390625
-0.0329322814941406 -0.0222625732421875 -0.71221923828125 -0.300537109375
0.0500373840332031 -0.030029296875 -0.6712646484375 -0.26873779296875
0.0966110229492188 0.025421142578125 -0.500335693359375 -0.130645751953125
0.103279113769531 0.0698471069335937 -0.106285095214844 -0.0336380004882812
0.133926391601563 0.0730209350585938 0.243759155273438 0.0894012451171875
0.120277404785156 0.0422821044921875 0.5234375 0.23333740234375
0.0554618835449219 -0.00580978393554687 0.66015625 0.35211181640625
-0.0100975036621094 0.000733375549316404 0.6651611328125 0.50750732421875
-0.0468940734863281 0.0420875549316406 0.4945068359375 0.5892333984375
-0.0255622863769531 0.0542716979980469 0.354278564453125 0.531829833984375
0.00442123413085938 0.0436515808105469 0.177642822265625 0.272705078125
0.0159177780151367 0.0122823715209961 0.00595474243164063 -0.069122314453125
0.00472450256347656 0.0300960540771484 -0.1834716796875 -0.399658203125
-0.0173225402832031 0.0427017211914063 -0.37457275390625 -0.58062744140625
-0.0382766723632813 0.018402099609375 -0.5841064453125 -0.5166015625
-0.0296230316162109 -0.0261688232421875 -0.69329833984375 -0.31695556640625
0.0557098388671875 -0.0279922485351563 -0.66180419921875 -0.271484375
0.102325439453125 0.03363037109375 -0.49298095703125 -0.13336181640625
0.101356506347656 0.0821990966796875 -0.08734130859375 -0.015045166015625
0.119178771972656 0.0555572509765625 0.26373291015625 0.092376708984375
0.101066589355469 0.0355148315429688 0.52960205078125 0.231201171875
0.0469589233398438 0.000789642333984375 0.67742919921875 0.34271240234375
-0.00423574447631836 0.00440692901611328 0.69580078125 0.4801025390625
-0.0378913879394531 0.0356369018554688 0.5184326171875 0.552276611328125
-0.0216903686523437 0.0392265319824219 0.364532470703125 0.498992919921875
0.00161170959472656 0.0268669128417969 0.168350219726563 0.248779296875
0.0101442337036133 -0.000514984130859375 -0.006378173828125 -0.0870437622070312
0.00143527984619141 0.0162324905395508 -0.184173583984375 -0.422454833984375
-0.0198249816894531 0.0294628143310547 -0.35595703125 -0.6126708984375
-0.0358009338378906 0.0084686279296875 -0.557525634765625 -0.5472412109375
-0.0237445831298828 -0.027130126953125 -0.669677734375 -0.33642578125
0.0576438903808594 -0.01873779296875 -0.649169921875 -0.2783203125
0.091644287109375 0.0395965576171875 -0.48504638671875 -0.135772705078125
0.0849609375 0.0826950073242188 -0.0737762451171875 0.00466156005859377
-0.00961875915527344 -0.0213890075683594 0.189895629882813 0.07073974609375
-0.0308895111083984 0.0134639739990234 0.546875 0.224578857421875
-0.00793075561523438 0.0376167297363281 0.67266845703125 0.28839111328125
0.0180377960205078 0.0149765014648438 0.64556884765625 0.44903564453125
0.00275611877441406 -0.0197925567626953 0.4696044921875 0.59136962890625
4.57763671874949E-05 -0.0490264892578125 0.3671875 0.58734130859375
-0.0103187561035156 -0.0527763366699219 0.207000732421875 0.35443115234375
-0.00639343261718749 -0.0606498718261719 0.041259765625 0.0131759643554687
-0.00722122192382812 -0.06134033203125 -0.14556884765625 -0.3323974609375
-0.0019989013671875 -0.0574722290039062 -0.351654052734375 -0.538421630859375
0.00439834594726563 -0.0530357360839844 -0.58819580078125 -0.5135498046875
0.00511550903320313 -0.0273380279541016 -0.7186279296875 -0.3487548828125
-0.00408363342285156 0.0172290802001953 -0.67376708984375 -0.3121337890625
-0.0427589416503906 0.0149040222167969 -0.514068603515625 -0.134521484375
-0.0608596801757813 -0.019927978515625 -0.149459838867187 -0.0467987060546875
0.0223598480224609 0.0128517150878906 0.17926025390625 0.07110595703125
0.00989913940429688 0.0249614715576172 0.5452880859375 0.2349853515625
0.0108394622802734 0.0222530364990234 0.66278076171875 0.29620361328125
0.00856590270996094 0.0036320686340332 0.62286376953125 0.4649658203125
-0.0127687454223633 -0.00474166870117188 0.4481201171875 0.613037109375
-0.004150390625 -0.021148681640625 0.35272216796875 0.6103515625
-0.00412559509277344 -0.0244770050048828 0.206085205078125 0.3668212890625
0.000766754150390622 -0.0404396057128906 0.0485877990722656 0.019805908203125
-0.00158309936523437 -0.0362358093261719 -0.14447021484375 -0.3232421875
-0.00545501708984375 -0.0298843383789063 -0.35833740234375 -0.520904541015625
-0.00539779663085938 -0.0342082977294922 -0.60150146484375 -0.48712158203125
-0.00703048706054688 -0.0248947143554688 -0.72735595703125 -0.3240966796875
0.00750160217285156 0.00409507751464844 -0.68780517578125 -0.29913330078125
-0.0135354995727539 0.0169601440429687 -0.52008056640625 -0.13458251953125
-0.0255126953125 -0.00415992736816406 -0.15740966796875 -0.0551910400390625
0.0588912963867188 0.0456657409667969 0.176132202148438 0.0724029541015625
0.0555267333984375 0.0400276184082031 0.537994384765625 0.241302490234375
0.0354423522949219 0.008026123046875 0.653564453125 0.30841064453125
0.00444602966308594 -0.00409936904907227 0.60638427734375 0.484130859375
-0.0282173156738281 0.00572776794433594 0.43707275390625 0.62896728515625
-0.0163068771362305 0.00631523132324219 0.3441162109375 0.61932373046875
-0.000905036926269531 0.00783586502075195 0.20513916015625 0.366912841796875
0.00852489471435547 -0.015803337097168 0.04827880859375 0.0158424377441406
0.00254344940185547 -0.00942516326904297 -0.14453125 -0.323638916015625
-0.00625276565551758 -0.00164794921875 -0.36553955078125 -0.51568603515625
-0.0127573013305664 -0.01251220703125 -0.61077880859375 -0.47381591796875
-0.0146865844726562 -0.0232944488525391 -0.73101806640625 -0.30609130859375
0.0170783996582031 -0.00817489624023438 -0.689453125 -0.28765869140625
0.0194511413574219 0.0156459808349609 -0.52410888671875 -0.1324462890625
0.0196781158447266 0.0145740509033203 -0.153274536132813 -0.0586090087890625
0.0928421020507813 0.0728607177734375 0.186660766601563 0.07586669921875
0.09417724609375 0.050994873046875 0.532470703125 0.24188232421875
0.0535507202148438 -0.00162124633789063 0.64556884765625 0.32537841796875
-0.00294399261474609 -0.0116233825683594 0.6048583984375 0.5047607421875
-0.0423431396484375 0.0193748474121094 0.440185546875 0.63824462890625
-0.0229644775390625 0.0352439880371094 0.34051513671875 0.6119384765625
0.00191497802734375 0.0349502563476563 0.198822021484375 0.353363037109375
0.0139884948730469 0.00474739074707031 0.0457649230957031 0.002349853515625
0.00866794586181641 0.0113210678100586 -0.1534423828125 -0.33746337890625
-0.00702095031738281 0.0227527618408203 -0.3775634765625 -0.518218994140625
-0.0215682983398438 0.00611114501953125 -0.6146240234375 -0.47149658203125
-0.0235919952392578 -0.019744873046875 -0.734375 -0.296630859375
0.0275211334228516 -0.0171985626220703 -0.69232177734375 -0.27935791015625
0.0510749816894531 0.0151405334472656 -0.521087646484375 -0.13037109375
0.0583724975585938 0.0338859558105469 -0.1424560546875 -0.0579986572265625
0.121925354003906 0.0843048095703125 0.200881958007813 0.0807342529296875
0.118240356445312 0.0546112060546875 0.5234375 0.240020751953125
0.0626754760742188 -0.007904052734375 0.64117431640625 0.34173583984375
-0.00709819793701172 -0.0110015869140625 0.61602783203125 0.5177001953125
-0.0487480163574219 0.0320014953613281 0.4493408203125 0.63323974609375
-0.0269088745117188 0.0527000427246094 0.34173583984375 0.5972900390625
0.00647354125976563 0.049957275390625 0.19366455078125 0.330657958984375
0.0177383422851563 0.0187435150146484 0.03253173828125 -0.020477294921875
0.0112152099609375 0.0280628204345703 -0.165863037109375 -0.354339599609375
-0.00954055786132812 0.0394096374511719 -0.3846435546875 -0.52972412109375
-0.0282783508300781 0.0206375122070312 -0.614013671875 -0.4754638671875
-0.0271434783935547 -0.0185680389404297 -0.72833251953125 -0.29656982421875
0.0394058227539063 -0.0262260437011719 -0.68603515625 -0.27362060546875
0.0799484252929688 0.0178146362304688 -0.514801025390625 -0.130584716796875
0.0884170532226563 0.0529708862304688 -0.126617431640625 -0.0481491088867187
0.135467529296875 0.084014892578125 0.221359252929687 0.0863037109375
0.127716064453125 0.0492401123046875 0.523590087890625 0.240325927734375
0.0617637634277344 -0.00970458984375 0.6470947265625 0.3533935546875
-0.0107192993164063 -0.00748252868652344 0.63714599609375 0.5230712890625
-0.0502853393554688 0.0398445129394531 0.47216796875 0.6182861328125
-0.0263023376464844 0.0603294372558594 0.35015869140625 0.5693359375
0.00624465942382812 0.0538711547851563 0.18414306640625 0.301361083984375
0.0179157257080078 0.0200901031494141 0.0201263427734375 -0.0451774597167969
0.00992584228515626 0.0356254577636719 -0.1781005859375 -0.376190185546875
-0.01239013671875 0.0470924377441406 -0.385101318359375 -0.55340576171875
-0.0341358184814453 0.0257301330566406 -0.60443115234375 -0.49346923828125
-0.0321865081787109 -0.0217609405517578 -0.71771240234375 -0.302734375
0.0508308410644531 -0.0291976928710938 -0.677978515625 -0.27276611328125
0.0979080200195313 0.0238800048828125 -0.50457763671875 -0.131134033203125
0.10333251953125 0.0715866088867188 -0.107688903808594 -0.0342178344726562
0.133712768554688 0.0737380981445312 0.244308471679687 0.0909271240234375
0.1202392578125 0.041534423828125 0.527923583984375 0.23828125
0.0558395385742187 -0.00487518310546875 0.661865234375 0.35357666015625
-0.00995445251464844 9.25064086914071E-05 0.67010498046875 0.50872802734375
-0.0470962524414062 0.0420265197753906 0.4967041015625 0.588623046875
-0.0250892639160156 0.054931640625 0.358856201171875 0.53424072265625
0.00606536865234375 0.0443382263183594 0.178802490234375 0.27294921875
0.0134830474853516 0.0143890380859375 0.00579071044921875 -0.0695991516113281
0.00514030456542968 0.0312175750732422 -0.18505859375 -0.401519775390625
-0.0182151794433594 0.0443763732910156 -0.37548828125 -0.58038330078125
-0.0385093688964844 0.020355224609375 -0.58599853515625 -0.51922607421875
-0.0293216705322266 -0.0262527465820312 -0.6961669921875 -0.31805419921875
0.0581512451171875 -0.0276451110839844 -0.6663818359375 -0.2750244140625
0.103538513183594 0.0342025756835938 -0.4945068359375 -0.133056640625
0.100914001464844 0.084014892578125 -0.0895538330078125 -0.01458740234375
0.118820190429687 0.05523681640625 0.265029907226563 0.090423583984375
0.101173400878906 0.0349884033203125 0.53564453125 0.23175048828125
0.0470085144042969 0.00020599365234375 0.68267822265625 0.3416748046875
-0.0070185661315918 0.00636005401611328 0.69805908203125 0.48309326171875
-0.0391960144042969 0.0346488952636719 0.521240234375 0.556488037109375
-0.0219841003417969 0.0402641296386719 0.3665771484375 0.501617431640625
0.00158882141113281 0.0268459320068359 0.168197631835937 0.248748779296875
0.00950717926025391 0.00106143951416016 -0.00776672363281249 -0.0874099731445313
0.00169944763183594 0.0183639526367188 -0.18414306640625 -0.42626953125
-0.0205020904541016 0.028717041015625 -0.35784912109375 -0.616943359375
-0.0355377197265625 0.00942230224609375 -0.55914306640625 -0.549041748046875
-0.0249099731445313 -0.0291156768798828 -0.67401123046875 -0.33795166015625
0.0562782287597656 -0.0195426940917969 -0.65277099609375 -0.28118896484375
0.0920867919921875 0.0413131713867187 -0.48681640625 -0.13751220703125
0.0840911865234375 0.0844802856445313 -0.077301025390625 0.00184631347656251
-0.00933837890625 -0.0220241546630859 0.190231323242188 0.07122802734375
-0.0302143096923828 0.0139484405517578 0.5526123046875 0.22540283203125
-0.0073699951171875 0.0373725891113281 0.677734375 0.28900146484375
0.0177574157714844 0.0116901397705078 0.65008544921875 0.45013427734375
0.00113868713378906 -0.0214767456054688 0.47381591796875 0.5938720703125
0.000671386718750003 -0.0514259338378906 0.3714599609375 0.59161376953125
-0.0101661682128906 -0.0515098571777344 0.20916748046875 0.359466552734375
-0.00630187988281249 -0.0629234313964844 0.0413665771484375 0.0147590637207031
-0.00684738159179687 -0.0605964660644531 -0.145721435546875 -0.33477783203125
-0.0011749267578125 -0.0576667785644531 -0.35357666015625 -0.541259765625
0.00417709350585937 -0.0511322021484375 -0.59686279296875 -0.51495361328125
0.00305938720703125 -0.02789306640625 -0.7239990234375 -0.3494873046875
-0.00346088409423828 0.0175409317016602 -0.67919921875 -0.31207275390625
-0.0456008911132813 0.0159873962402344 -0.51837158203125 -0.136199951171875
-0.0625991821289063 -0.0214614868164063 -0.150894165039063 -0.0491790771484375
0.0253334045410156 0.0104446411132813 0.179183959960938 0.0695343017578125
0.0116329193115234 0.0271625518798828 0.5499267578125 0.23565673828125
0.0110244750976563 0.0217266082763672 0.66888427734375 0.29583740234375
0.00888347625732422 0.00237083435058594 0.625244140625 0.4676513671875
-0.0149421691894531 -0.00616073608398438 0.45245361328125 0.61688232421875
-0.00532150268554687 -0.0215358734130859 0.35687255859375 0.61395263671875
-0.00585365295410156 -0.0219841003417969 0.20782470703125 0.36932373046875
-0.000274658203124996 -0.0394668579101563 0.0474700927734375 0.0224876403808594
-0.00424957275390625 -0.0363616943359375 -0.141845703125 -0.3228759765625
-0.00367546081542969 -0.0300579071044922 -0.3619384765625 -0.523284912109375
-0.00597572326660156 -0.0338478088378906 -0.6068115234375 -0.48992919921875
-0.00535202026367188 -0.0248394012451172 -0.7337646484375 -0.32574462890625
0.00727987289428711 0.00414180755615234 -0.69183349609375 -0.29986572265625
-0.0143508911132812 0.0162086486816406 -0.524444580078125 -0.1331787109375
-0.0254421234130859 -0.00156402587890625 -0.158676147460938 -0.057373046875
0.0601615905761719 0.0463409423828125 0.177627563476562 0.0717620849609375
0.0556411743164063 0.0412063598632813 0.54278564453125 0.240875244140625
0.0349140167236328 0.00929450988769531 0.6585693359375 0.31109619140625
0.00276279449462891 -0.00528335571289063 0.61346435546875 0.48577880859375
-0.0300884246826172 0.00756454467773437 0.43994140625 0.6346435546875
-0.0138177871704102 0.00898647308349609 0.3470458984375 0.62408447265625
-0.000274658203125 0.00794219970703125 0.20599365234375 0.370147705078125
0.00800895690917969 -0.0155735015869141 0.0525093078613281 0.0162849426269531
0.00332069396972656 -0.0110187530517578 -0.146270751953125 -0.326416015625
-0.00599956512451172 -0.0011749267578125 -0.370330810546875 -0.516510009765625
-0.0143547058105469 -0.0132522583007812 -0.61419677734375 -0.4757080078125
-0.0159454345703125 -0.0225257873535156 -0.7406005859375 -0.30804443359375
0.0185985565185547 -0.00778579711914063 -0.69805908203125 -0.28851318359375
0.0205345153808594 0.0148048400878906 -0.527679443359375 -0.130279541015625
0.0196514129638672 0.0172405242919922 -0.15557861328125 -0.0598602294921875
0.096038818359375 0.0730438232421875 0.187454223632813 0.0771942138671875
0.094085693359375 0.0524673461914063 0.5352783203125 0.244903564453125
0.0537528991699219 -0.000865936279296875 0.65191650390625 0.3275146484375
-0.0037384033203125 -0.0114536285400391 0.61224365234375 0.50701904296875
-0.0418510437011719 0.0208320617675781 0.44140625 0.64227294921875
-0.0227222442626953 0.0337390899658203 0.345458984375 0.619140625
0.00338172912597656 0.0335617065429688 0.2012939453125 0.357330322265625
0.0133304595947266 0.00299930572509766 0.0437240600585938 0.00199127197265625
0.00870037078857422 0.0121545791625977 -0.15594482421875 -0.336090087890625
-0.00616073608398437 0.0239620208740234 -0.379119873046875 -0.52069091796875
-0.0216922760009766 0.00740242004394531 -0.62066650390625 -0.47222900390625
-0.0234146118164063 -0.0180606842041016 -0.73974609375 -0.296142578125
0.0278224945068359 -0.0195598602294922 -0.69964599609375 -0.28143310546875
0.0521278381347656 0.0161323547363281 -0.526336669921875 -0.13031005859375
0.0599708557128906 0.0368423461914062 -0.145767211914063 -0.0599365234375
0.121673583984375 0.0844192504882813 0.202255249023438 0.0817413330078125
0.121658325195313 0.0542068481445312 0.5308837890625 0.243377685546875
0.0638236999511719 -0.00756454467773438 0.6480712890625 0.343505859375
-0.00883674621582031 -0.0120811462402344 0.6224365234375 0.52154541015625
-0.0504837036132812 0.0333099365234375 0.45416259765625 0.63604736328125
-0.0264625549316406 0.0531806945800781 0.34661865234375 0.59930419921875
0.00604248046875 0.0517234802246094 0.193603515625 0.33294677734375
0.0188579559326172 0.0185813903808594 0.0321483612060547 -0.0195274353027344
0.00996589660644531 0.0278835296630859 -0.166656494140625 -0.353912353515625
-0.0104446411132813 0.0431785583496094 -0.385223388671875 -0.53125
-0.0287590026855469 0.0207748413085937 -0.61724853515625 -0.4765625
-0.0298995971679687 -0.0194206237792969 -0.73321533203125 -0.2967529296875
0.0410919189453125 -0.0278663635253906 -0.691650390625 -0.2747802734375
0.0787124633789063 0.0182342529296875 -0.51806640625 -0.13043212890625
0.0897903442382813 0.0533065795898438 -0.129188537597656 -0.0488662719726563
0.135711669921875 0.0835113525390625 0.223312377929688 0.086639404296875
0.12957763671875 0.0517349243164062 0.528228759765625 0.240325927734375
0.061920166015625 -0.0101585388183594 0.65045166015625 0.35302734375
-0.0114917755126953 -0.00792121887207032 0.6417236328125 0.52423095703125
-0.0513916015625 0.0414924621582031 0.47607421875 0.622802734375
-0.0276565551757813 0.0593795776367188 0.35089111328125 0.571044921875
0.00582122802734376 0.0541343688964844 0.186309814453125 0.303314208984375
0.0166606903076172 0.0204334259033203 0.0193023681640625 -0.0442314147949219
0.009857177734375 0.0350627899169922 -0.17840576171875 -0.3759765625
-0.0128517150878906 0.0482711791992188 -0.3876953125 -0.55523681640625
-0.0356826782226563 0.0244865417480469 -0.61285400390625 -0.49359130859375
-0.0316925048828125 -0.0223484039306641 -0.72247314453125 -0.30548095703125
0.0509719848632812 -0.0302658081054688 -0.6824951171875 -0.27227783203125
0.0998153686523437 0.024505615234375 -0.508819580078125 -0.13140869140625
0.103843688964844 0.07440185546875 -0.109046936035156 -0.0356597900390625
0.1343994140625 0.0732345581054688 0.24566650390625 0.09033203125
0.122795104980469 0.0414657592773438 0.532989501953125 0.238067626953125
0.0570106506347656 -0.00609588623046875 0.6689453125 0.35552978515625
-0.011347770690918 -1.43051147460916E-05 0.6767578125 0.51068115234375
-0.0466728210449219 0.0434989929199219 0.50213623046875 0.59344482421875
-0.025177001953125 0.0554542541503906 0.362884521484375 0.536651611328125
0.00438308715820312 0.0458908081054688 0.179550170898438 0.274871826171875
0.0146827697753906 0.0140218734741211 0.00609588623046876 -0.0695037841796875
0.00527191162109375 0.0326976776123047 -0.1861572265625 -0.403778076171875
-0.019134521484375 0.0454788208007813 -0.37982177734375 -0.58612060546875
-0.0389289855957031 0.0210609436035156 -0.59295654296875 -0.52056884765625
-0.0285015106201172 -0.0263347625732422 -0.7034912109375 -0.31884765625
0.0581932067871094 -0.0279884338378906 -0.67047119140625 -0.2757568359375
0.104499816894531 0.0345306396484375 -0.499298095703125 -0.134002685546875
0.101860046386719 0.0850143432617188 -0.0914154052734375 -0.0168075561523438
0.121620178222656 0.0540618896484375 0.264785766601562 0.09088134765625
0.102325439453125 0.0348587036132813 0.5396728515625 0.230712890625
0.0466499328613281 -0.000438690185546875 0.6885986328125 0.34356689453125
-0.00564384460449219 0.00603485107421875 0.7059326171875 0.48553466796875
-0.0407371520996094 0.0379295349121094 0.52618408203125 0.559783935546875
-0.0220222473144531 0.0397682189941406 0.3697509765625 0.50494384765625
-0.00100135803222656 0.028961181640625 0.170089721679688 0.252731323242187
0.0106639862060547 3.33786010742188E-05 -0.00623321533203126 -0.08856201171875
0.00212287902832031 0.0185394287109375 -0.185455322265625 -0.427001953125
-0.0184364318847656 0.0290374755859375 -0.36016845703125 -0.6168212890625
-0.0362625122070313 0.00967788696289063 -0.562255859375 -0.55328369140625
-0.0229320526123047 -0.0279750823974609 -0.67791748046875 -0.3406982421875
0.0599288940429688 -0.01776123046875 -0.65911865234375 -0.282958984375
0.094879150390625 0.0413894653320312 -0.49310302734375 -0.135589599609375
0.086151123046875 0.085235595703125 -0.0763626098632812 0.00238800048828124
-0.00983428955078125 -0.0231857299804688 0.190383911132813 0.0712890625
-0.0305900573730469 0.0118045806884766 0.558563232421875 0.226165771484375
-0.00696945190429688 0.0371360778808594 0.68597412109375 0.2889404296875
0.0156393051147461 0.0134038925170898 0.65496826171875 0.452880859375
-0.000295639038085935 -0.0200824737548828 0.47900390625 0.597412109375
-0.00115966796875 -0.0497627258300781 0.37603759765625 0.59527587890625
-0.0117111206054687 -0.0532493591308594 0.212799072265625 0.3609619140625
-0.00670242309570313 -0.0639839172363281 0.0436134338378906 0.0155982971191406
-0.00770950317382813 -0.0612068176269531 -0.1483154296875 -0.3343505859375
-0.003448486328125 -0.05712890625 -0.356964111328125 -0.543548583984375
0.00249099731445313 -0.0514564514160156 -0.6015625 -0.5155029296875
0.00403976440429688 -0.0280742645263672 -0.72991943359375 -0.3492431640625
-0.00197982788085938 0.0187721252441406 -0.68682861328125 -0.31243896484375
-0.0449981689453125 0.0168037414550781 -0.522918701171875 -0.13421630859375
-0.0624618530273438 -0.0204696655273437 -0.152877807617187 -0.047027587890625
0.0239772796630859 0.00821304321289063 0.181488037109375 0.070220947265625
0.0109920501708984 0.0263004302978516 0.555755615234375 0.2352294921875
0.0119705200195313 0.0222949981689453 0.67626953125 0.29449462890625
0.0092315673828125 0.00301742553710938 0.6346435546875 0.4696044921875
-0.0143556594848633 -0.00505352020263672 0.45794677734375 0.62139892578125
-0.00686073303222656 -0.0226707458496094 0.36163330078125 0.618408203125
-0.00581169128417969 -0.0230712890625 0.213470458984375 0.374420166015625
0.000728607177734374 -0.0387763977050781 0.0494842529296875 0.0203437805175781
-0.00158309936523438 -0.0355300903320313 -0.14593505859375 -0.32611083984375
-0.00300788879394531 -0.0307102203369141 -0.3648681640625 -0.523590087890625
-0.00631332397460938 -0.0338172912597656 -0.61395263671875 -0.49163818359375
-0.00591850280761719 -0.0250873565673828 -0.7413330078125 -0.32672119140625
0.00923347473144531 0.00271701812744141 -0.69873046875 -0.2998046875
-0.0121822357177734 0.0178852081298828 -0.53131103515625 -0.132568359375
-0.0241947174072266 -0.000186920166015621 -0.160781860351563 -0.058319091796875
0.0604362487792969 0.043975830078125 0.178939819335938 0.0730743408203125
0.0561370849609375 0.0412940979003906 0.549652099609375 0.242950439453125
0.0346755981445313 0.00916671752929688 0.66571044921875 0.3096923828125
0.00142621994018555 -0.00722217559814453 0.61920166015625 0.4898681640625
-0.0278358459472656 0.00821304321289062 0.4482421875 0.63775634765625
-0.0132827758789063 0.00796985626220703 0.352783203125 0.62957763671875
-0.000597476959228516 0.0080409049987793 0.209228515625 0.372802734375
0.00705051422119141 -0.0146455764770508 0.0517616271972656 0.0186805725097656
0.00458145141601562 -0.00970077514648438 -0.1475830078125 -0.327728271484375
-0.00421810150146484 -0.0016319751739502 -0.375579833984375 -0.5186767578125
-0.0125894546508789 -0.0103960037231445 -0.62091064453125 -0.47796630859375
-0.0169181823730469 -0.0228366851806641 -0.74591064453125 -0.307861328125
0.0186061859130859 -0.00946235656738281 -0.70379638671875 -0.28778076171875
0.0220241546630859 0.0152072906494141 -0.532470703125 -0.130889892578125
0.0205059051513672 0.0160865783691406 -0.158477783203125 -0.0618896484375
0.0961837768554688 0.072540283203125 0.187057495117188 0.07568359375
0.0950775146484375 0.0516357421875 0.54302978515625 0.244140625
0.0539932250976562 -0.000446319580078125 0.658447265625 0.32708740234375
-0.00435924530029297 -0.0124692916870117 0.6168212890625 0.50958251953125
-0.0422325134277344 0.0207252502441406 0.44964599609375 0.6461181640625
-0.0208892822265625 0.0339698791503906 0.350341796875 0.62249755859375
0.0041351318359375 0.0348186492919922 0.2039794921875 0.360076904296875
0.0130233764648438 0.00413227081298828 0.0448188781738281 0.00255203247070313
0.00849437713623047 0.0127143859863281 -0.158294677734375 -0.339935302734375
-0.00640296936035156 0.0237369537353516 -0.38262939453125 -0.522064208984375
-0.0220451354980469 0.00823974609375 -0.6275634765625 -0.47406005859375
-0.0233039855957031 -0.0189304351806641 -0.74859619140625 -0.297607421875
0.0285301208496094 -0.0196743011474609 -0.70513916015625 -0.2811279296875
0.0530624389648437 0.01507568359375 -0.532135009765625 -0.12939453125
0.0601158142089844 0.036376953125 -0.147537231445312 -0.0599822998046875
0.121597290039063 0.0825881958007813 0.204574584960937 0.08013916015625
0.121604919433594 0.054046630859375 0.53594970703125 0.243072509765625
0.0638160705566406 -0.00919342041015625 0.65301513671875 0.34271240234375
-0.010157585144043 -0.0138645172119141 0.6295166015625 0.5242919921875
-0.0498733520507813 0.0333328247070313 0.45965576171875 0.643310546875
-0.0258636474609375 0.0540618896484375 0.352783203125 0.603759765625
0.00580215454101562 0.0518875122070313 0.1983642578125 0.337005615234375
0.0171451568603516 0.0177497863769531 0.0341796875 -0.0198497772216797
0.0112705230712891 0.0290279388427734 -0.168853759765625 -0.3577880859375
-0.007843017578125 0.0422325134277344 -0.389892578125 -0.53411865234375
-0.0295677185058594 0.022125244140625 -0.6239013671875 -0.478271484375
-0.0307846069335938 -0.01806640625 -0.74029541015625 -0.29730224609375
0.0391807556152344 -0.0272560119628906 -0.6995849609375 -0.2747802734375
0.0819320678710937 0.017303466796875 -0.523956298828125 -0.130340576171875
0.0905990600585937 0.0549774169921875 -0.130767822265625 -0.0522308349609375
0.135795593261719 0.0840682983398438 0.224700927734375 0.0841522216796875
0.131111145019531 0.0500640869140625 0.534454345703125 0.24224853515625
0.0625991821289063 -0.00916671752929688 0.6591796875 0.354736328125
-0.013951301574707 -0.00816535949707031 0.65081787109375 0.5269775390625
-0.0523910522460937 0.0415992736816406 0.48077392578125 0.62847900390625
-0.0259933471679688 0.0600013732910156 0.3575439453125 0.57525634765625
0.0057525634765625 0.0539817810058594 0.18804931640625 0.305755615234375
0.0179119110107422 0.0202178955078125 0.0203628540039063 -0.0437088012695313
0.00873184204101563 0.036285400390625 -0.18060302734375 -0.3795166015625
-0.0136222839355469 0.0506134033203125 -0.392608642578125 -0.557708740234375
-0.0348892211914062 0.0275344848632813 -0.61712646484375 -0.49505615234375
-0.0322818756103516 -0.0210132598876953 -0.728759765625 -0.30438232421875
0.0510063171386719 -0.0315055847167969 -0.69110107421875 -0.27392578125
0.0987625122070313 0.024993896484375 -0.513946533203125 -0.130950927734375
0.106857299804688 0.07440185546875 -0.110435485839844 -0.0364990234375
0.13555908203125 0.0722427368164063 0.248260498046875 0.090057373046875
0.123031616210938 0.0416488647460938 0.53741455078125 0.237579345703125
0.0574455261230469 -0.00686264038085938 0.6763916015625 0.3546142578125
-0.0117549896240234 -0.00116539001464844 0.68170166015625 0.51373291015625
-0.048492431640625 0.0426368713378906 0.50823974609375 0.59619140625
-0.0244789123535156 0.0567054748535156 0.36602783203125 0.541778564453125
0.00468826293945313 0.0466499328613281 0.181961059570313 0.277252197265625
0.0151643753051758 0.0142946243286133 0.00426101684570312 -0.0688743591308594
0.00498390197753906 0.0324630737304688 -0.189178466796875 -0.405303955078125
-0.0172958374023438 0.0458869934082031 -0.38323974609375 -0.58941650390625
-0.0393409729003906 0.0235710144042969 -0.5985107421875 -0.523193359375
-0.0298748016357422 -0.0253791809082031 -0.70880126953125 -0.31982421875
0.0598831176757813 -0.0296707153320313 -0.6795654296875 -0.27471923828125
0.10552978515625 0.0361480712890625 -0.505645751953125 -0.13250732421875
0.103752136230469 0.0862045288085938 -0.0915756225585938 -0.016998291015625
0.121475219726563 0.0544052124023438 0.267715454101563 0.09173583984375
0.103477478027344 0.0358047485351562 0.54791259765625 0.231536865234375
0.0482826232910156 0.00134658813476563 0.69659423828125 0.34332275390625
-0.00602102279663086 0.0048222541809082 0.71295166015625 0.4876708984375
-0.0406341552734375 0.0364761352539063 0.533935546875 0.56195068359375
-0.0216331481933594 0.0413475036621094 0.376617431640625 0.50701904296875
0.000553131103515627 0.0290107727050781 0.171432495117188 0.254714965820313
0.0103082656860352 -2.00271606445313E-05 -0.00843048095703124 -0.089447021484375
0.000967025756835937 0.0197486877441406 -0.189697265625 -0.429412841796875
-0.0192031860351563 0.0311832427978516 -0.3653564453125 -0.61968994140625
-0.0390129089355469 0.0118370056152344 -0.57012939453125 -0.5537109375
-0.0239009857177734 -0.0269680023193359 -0.6856689453125 -0.34033203125
0.0592575073242188 -0.0206947326660156 -0.66827392578125 -0.28363037109375
0.0948028564453125 0.0423126220703125 -0.497100830078125 -0.136444091796875
0.0877685546875 0.0861358642578125 -0.0795440673828125 0.000984191894531242
-0.00981521606445313 -0.0252647399902344 0.191909790039062 0.06982421875
-0.0298919677734375 0.0126762390136719 0.565673828125 0.22698974609375
-0.00601959228515625 0.0373268127441406 0.694091796875 0.286865234375
0.0169906616210938 0.0118827819824219 0.662841796875 0.453125
0.0006256103515625 -0.0194053649902344 0.48626708984375 0.6007080078125
-0.00012588500976562 -0.0511932373046875 0.38311767578125 0.60015869140625
-0.0108375549316406 -0.0538101196289062 0.218048095703125 0.36480712890625
-0.00623703002929688 -0.0633506774902344 0.0431175231933594 0.0147895812988281
-0.00849151611328125 -0.0608329772949219 -0.150482177734375 -0.33575439453125
-0.00317764282226563 -0.0580940246582031 -0.363311767578125 -0.5452880859375
0.00365447998046875 -0.0511283874511719 -0.6103515625 -0.51507568359375
0.00307846069335938 -0.0274639129638672 -0.74005126953125 -0.3475341796875
-0.00147819519042969 0.0171785354614258 -0.69439697265625 -0.31427001953125
-0.0463905334472656 0.0188331604003906 -0.530731201171875 -0.13372802734375
-0.0621109008789062 -0.0183067321777344 -0.1561279296875 -0.04986572265625
0.0251197814941406 0.0068817138671875 0.180831909179688 0.0684661865234375
0.0109062194824219 0.0254764556884766 0.562744140625 0.23687744140625
0.0139217376708984 0.0226516723632813 0.68316650390625 0.2939453125
0.00843429565429688 0.00311613082885742 0.6397705078125 0.46856689453125
-0.0155296325683594 -0.00415229797363281 0.46417236328125 0.623291015625
-0.00795364379882813 -0.0229759216308594 0.36627197265625 0.61993408203125
-0.00580978393554688 -0.0233631134033203 0.216827392578125 0.37548828125
-0.000953674316406246 -0.0391349792480469 0.0490684509277344 0.021484375
-0.003448486328125 -0.0369300842285156 -0.149169921875 -0.32598876953125
-0.00584030151367187 -0.0292301177978516 -0.370574951171875 -0.52734375
-0.00699424743652344 -0.0343418121337891 -0.6212158203125 -0.4921875
-0.00654411315917969 -0.0275669097900391 -0.74945068359375 -0.3267822265625
0.00895023345947266 0.00511264801025391 -0.70660400390625 -0.30194091796875
-0.0125494003295898 0.0174331665039063 -0.53753662109375 -0.131561279296875
-0.0239219665527344 -0.00106239318847656 -0.163543701171875 -0.057373046875
0.0625534057617188 0.04193115234375 0.178985595703125 0.0713958740234375
0.0569190979003906 0.0399322509765625 0.555755615234375 0.242828369140625
0.0355987548828125 0.00823211669921875 0.6739501953125 0.31201171875
0.000442028045654296 -0.00746917724609375 0.62969970703125 0.49139404296875
-0.0307731628417969 0.0102252960205078 0.45257568359375 0.64178466796875
-0.0140419006347656 0.00868701934814453 0.35894775390625 0.63092041015625
-0.00121164321899414 0.00865411758422852 0.213470458984375 0.37493896484375
0.00661563873291016 -0.0152435302734375 0.0523109436035156 0.0176162719726562
0.00474166870117188 -0.0100231170654297 -0.151885986328125 -0.328765869140625
-0.00671863555908203 -0.000191211700439453 -0.38140869140625 -0.52001953125
-0.0130300521850586 -0.0107345581054688 -0.62689208984375 -0.478271484375
-0.017120361328125 -0.0226707458496094 -0.7552490234375 -0.3055419921875
0.0182380676269531 -0.00908088684082031 -0.7138671875 -0.28759765625
0.0220127105712891 0.0157222747802734 -0.5396728515625 -0.127777099609375
0.0200538635253906 0.019500732421875 -0.160491943359375 -0.063201904296875
0.0987930297851563 0.0692367553710938 0.18914794921875 0.074951171875
0.0966720581054688 0.0533447265625 0.547454833984375 0.243499755859375
0.0551567077636719 -0.00383758544921875 0.66546630859375 0.327880859375
-0.00317287445068359 -0.0129280090332031 0.62518310546875 0.51031494140625
-0.0423088073730469 0.0212478637695312 0.4544677734375 0.64990234375
-0.0216789245605469 0.0354804992675781 0.35516357421875 0.628173828125
0.00379371643066406 0.0350723266601563 0.21002197265625 0.362701416015625
0.0135250091552734 0.00344944000244141 0.0447044372558594 0.00156402587890625
0.00928401947021484 0.0134115219116211 -0.159576416015625 -0.338287353515625
-0.007537841796875 0.0251312255859375 -0.388946533203125 -0.522674560546875
-0.0203857421875 0.00892066955566406 -0.63348388671875 -0.4736328125
-0.0238437652587891 -0.0188674926757812 -0.7545166015625 -0.296142578125
0.0276813507080078 -0.0193920135498047 -0.7152099609375 -0.28106689453125
0.0544319152832031 0.0169296264648438 -0.5382080078125 -0.127349853515625
0.0616340637207031 0.0357475280761719 -0.15130615234375 -0.0590667724609375
0.123039245605469 0.0829010009765625 0.20599365234375 0.07818603515625
0.123001098632813 0.0546722412109375 0.54364013671875 0.241851806640625
0.0635147094726563 -0.0092315673828125 0.66412353515625 0.3450927734375
-0.0101947784423828 -0.0120029449462891 0.63885498046875 0.52587890625
-0.0511054992675781 0.035186767578125 0.466796875 0.64739990234375
-0.0250396728515625 0.0544319152832031 0.3580322265625 0.60858154296875
0.00474166870117188 0.052825927734375 0.19964599609375 0.337493896484375
0.0168590545654297 0.0179042816162109 0.0339584350585938 -0.0203590393066406
0.0129470825195313 0.0300369262695313 -0.1717529296875 -0.35699462890625
-0.00870132446289062 0.0435142517089844 -0.395904541015625 -0.536224365234375
-0.0302848815917969 0.0221099853515625 -0.630859375 -0.4803466796875
-0.0303211212158203 -0.0187740325927734 -0.7484130859375 -0.29638671875
0.0406532287597656 -0.0278129577636719 -0.70953369140625 -0.27374267578125
0.082733154296875 0.0168991088867188 -0.53125 -0.1278076171875
0.0927810668945313 0.0551986694335938 -0.131828308105469 -0.051849365234375
0.137184143066406 0.0841064453125 0.228363037109375 0.0861968994140625
0.132308959960937 0.051177978515625 0.539642333984375 0.2406005859375
0.0658836364746094 -0.0106964111328125 0.6676025390625 0.35430908203125
-0.0147790908813477 -0.00832080841064453 0.65826416015625 0.5291748046875
-0.0530624389648437 0.0433578491210938 0.49029541015625 0.62994384765625
-0.0257797241210937 0.0614242553710938 0.3624267578125 0.58209228515625
0.00663375854492188 0.0549354553222656 0.191741943359375 0.308319091796875
0.0175399780273438 0.0202751159667969 0.01904296875 -0.0441322326660156
0.00953292846679687 0.037322998046875 -0.18377685546875 -0.3804931640625
-0.0134429931640625 0.0513992309570313 -0.396209716796875 -0.56005859375
-0.035491943359375 0.0268478393554688 -0.62689208984375 -0.4969482421875
-0.0320034027099609 -0.0203857421875 -0.7359619140625 -0.30194091796875
0.0541954040527344 -0.0308303833007813 -0.6982421875 -0.27288818359375
0.102630615234375 0.0252914428710938 -0.5206298828125 -0.129364013671875
0.107917785644531 0.0738677978515625 -0.113380432128906 -0.0376739501953125
0.137092590332031 0.0714874267578125 0.250900268554688 0.086822509765625
0.125244140625 0.0419540405273438 0.54498291015625 0.238800048828125
0.0564155578613281 -0.00667953491210937 0.68487548828125 0.35400390625
-0.0134115219116211 -0.00093364715576172 0.69317626953125 0.51470947265625
-0.0482559204101563 0.0448226928710938 0.515380859375 0.60107421875
-0.0244255065917969 0.0562705993652344 0.3720703125 0.54449462890625
0.00530242919921875 0.04754638671875 0.184967041015625 0.279144287109375
0.0148763656616211 0.0148105621337891 0.00504302978515624 -0.0684585571289063
0.00519371032714843 0.0339107513427734 -0.192138671875 -0.405181884765625
-0.0171356201171875 0.0475845336914062 -0.38983154296875 -0.588134765625
-0.040283203125 0.0251502990722656 -0.60675048828125 -0.52557373046875
-0.0293731689453125 -0.0267105102539063 -0.7176513671875 -0.32012939453125
0.0614356994628906 -0.0305900573730469 -0.688232421875 -0.2745361328125
0.106590270996094 0.0354766845703125 -0.51116943359375 -0.1318359375
0.105369567871094 0.0867919921875 -0.093658447265625 -0.0187530517578125
0.12359619140625 0.0538482666015625 0.269485473632813 0.089935302734375
0.103233337402344 0.0333251953125 0.55255126953125 0.232086181640625
0.0485992431640625 -0.000789642333984375 0.70513916015625 0.3428955078125
-0.009552001953125 0.0054616928100586 0.72314453125 0.48907470703125
-0.041015625 0.0376739501953125 0.53961181640625 0.5648193359375
-0.0201530456542969 0.0402870178222656 0.37994384765625 0.5106201171875
-1.90734863281094E-06 0.0308284759521484 0.175018310546875 0.25372314453125
0.00933265686035156 -0.000238418579101563 -0.0077667236328125 -0.08831787109375
0.00220489501953125 0.0196056365966797 -0.193695068359375 -0.4322509765625
-0.0194377899169922 0.0328311920166016 -0.37158203125 -0.62298583984375
-0.0378036499023438 0.0121040344238281 -0.5767822265625 -0.55584716796875
-0.0245857238769531 -0.0283012390136719 -0.694091796875 -0.33880615234375
0.0606803894042969 -0.0215530395507813 -0.6767578125 -0.28240966796875
0.0961761474609375 0.0437088012695312 -0.50225830078125 -0.136566162109375
0.0897903442382813 0.0868682861328125 -0.079010009765625 0.00119018554687501
-0.0113048553466797 -0.0262908935546875 0.195236206054688 0.0689697265625
-0.0316486358642578 0.0116920471191406 0.57537841796875 0.22357177734375
-0.00820159912109375 0.0368804931640625 0.70330810546875 0.28515625
0.0155239105224609 0.0127420425415039 0.67510986328125 0.453125
-0.00212287902832031 -0.0190048217773438 0.49957275390625 0.604736328125
-0.000640869140624999 -0.0519866943359375 0.39202880859375 0.60205078125
-0.0136795043945313 -0.0530319213867188 0.22088623046875 0.36700439453125
-0.0078887939453125 -0.0650901794433594 0.0463104248046875 0.0149765014648437
-0.00884246826171874 -0.0611686706542969 -0.154693603515625 -0.338623046875
-0.00286865234375 -0.0583953857421875 -0.369049072265625 -0.547821044921875
0.00397872924804688 -0.0535392761230469 -0.620361328125 -0.5181884765625
0.00404930114746094 -0.0282325744628906 -0.750244140625 -0.34832763671875
-0.0015106201171875 0.0178585052490234 -0.70538330078125 -0.31182861328125
-0.0443572998046875 0.017913818359375 -0.537567138671875 -0.1309814453125
-0.0645904541015625 -0.0170135498046875 -0.154998779296875 -0.048553466796875
0.0252246856689453 0.006622314453125 0.18487548828125 0.066497802734375
0.01092529296875 0.0234241485595703 0.57049560546875 0.23486328125
0.0131416320800781 0.0220680236816406 0.693359375 0.292236328125
0.00657129287719727 0.00323867797851563 0.6492919921875 0.46881103515625
-0.0143976211547852 -0.00553512573242187 0.47052001953125 0.627685546875
-0.0081787109375 -0.0224475860595703 0.3780517578125 0.62689208984375
-0.00835037231445312 -0.0218601226806641 0.221160888671875 0.379486083984375
-0.00164794921875 -0.03924560546875 0.0512733459472656 0.0219039916992187
-0.00424766540527343 -0.0340480804443359 -0.151123046875 -0.329376220703125
-0.00461578369140625 -0.0299701690673828 -0.37774658203125 -0.529510498046875
-0.00576019287109375 -0.0325870513916016 -0.63104248046875 -0.49102783203125
-0.00687980651855468 -0.028045654296875 -0.759521484375 -0.3233642578125
0.00854635238647461 0.00370550155639648 -0.71600341796875 -0.29779052734375
-0.0129337310791016 0.0214385986328125 -0.542999267578125 -0.1263427734375
-0.0224571228027344 -0.00223350524902343 -0.1668701171875 -0.0589752197265625
0.0601081848144531 0.0415153503417969 0.1827392578125 0.07025146484375
0.0594215393066406 0.0400352478027344 0.5654296875 0.2435302734375
0.03448486328125 0.0084381103515625 0.6839599609375 0.3092041015625
-0.000922679901123048 -0.00611066818237305 0.63726806640625 0.4891357421875
-0.0308723449707031 0.00832176208496093 0.46234130859375 0.64556884765625
-0.0159082412719727 0.00972366333007813 0.3673095703125 0.636474609375
-0.00152206420898437 0.00890636444091797 0.21807861328125 0.37786865234375
0.0061655044555664 -0.0163803100585938 0.0519828796386719 0.0193977355957031
0.00376605987548828 -0.00824880599975586 -0.154266357421875 -0.33123779296875
-0.00499582290649414 -0.000491619110107423 -0.386444091796875 -0.52191162109375
-0.0133485794067383 -0.0104770660400391 -0.636962890625 -0.4774169921875
-0.0177631378173828 -0.0234546661376953 -0.766845703125 -0.30377197265625
0.0190448760986328 -0.0087432861328125 -0.7232666015625 -0.28594970703125
0.0226593017578125 0.0166492462158203 -0.548126220703125 -0.126434326171875
0.0210971832275391 0.0174198150634766 -0.163345336914063 -0.06146240234375
0.099151611328125 0.0699462890625 0.191986083984375 0.0742645263671875
0.098388671875 0.0516204833984375 0.5562744140625 0.242401123046875
0.0549125671386719 -0.00325393676757813 0.6744384765625 0.32452392578125
-0.00529003143310547 -0.0129222869873047 0.6358642578125 0.5106201171875
-0.0442886352539063 0.0242767333984375 0.46429443359375 0.6529541015625
-0.0203857421875 0.0345706939697266 0.3634033203125 0.63067626953125
0.00284576416015625 0.0360527038574219 0.213287353515625 0.364776611328125
0.0123672485351563 0.00253009796142578 0.0477638244628906 0.00423431396484375
0.010589599609375 0.0131692886352539 -0.1632080078125 -0.3414306640625
-0.00511932373046875 0.0250377655029297 -0.39508056640625 -0.524658203125
-0.0203742980957031 0.0115699768066406 -0.64276123046875 -0.47406005859375
-0.0254440307617187 -0.0176448822021484 -0.76568603515625 -0.29461669921875
0.0286407470703125 -0.0211277008056641 -0.7257080078125 -0.2783203125
0.0555801391601563 0.0149154663085938 -0.544830322265625 -0.12371826171875
0.0625648498535156 0.0374870300292969 -0.153640747070313 -0.0620574951171875
0.125221252441406 0.08331298828125 0.208877563476563 0.0795745849609375
0.12506103515625 0.052978515625 0.550933837890625 0.24169921875
0.0657310485839844 -0.0104293823242187 0.672119140625 0.340576171875
-0.0110025405883789 -0.0133609771728516 0.64825439453125 0.52490234375
-0.0511703491210938 0.0367012023925781 0.477294921875 0.65045166015625
-0.0239791870117187 0.0549812316894531 0.36444091796875 0.61187744140625
0.0064544677734375 0.0535697937011719 0.20367431640625 0.341644287109375
0.0180130004882813 0.0172920227050781 0.0347518920898438 -0.0183773040771484
0.0125560760498047 0.029876708984375 -0.174072265625 -0.35858154296875
-0.00806808471679687 0.0460319519042969 -0.404052734375 -0.5394287109375
-0.0295982360839844 0.0248622894287109 -0.6422119140625 -0.48046875
-0.0326995849609375 -0.0186176300048828 -0.7593994140625 -0.294189453125
0.0383834838867188 -0.030242919921875 -0.71807861328125 -0.272705078125
0.0842361450195313 0.0191802978515625 -0.537353515625 -0.1240234375
0.0939865112304688 0.0545578002929688 -0.135459899902344 -0.052032470703125
0.139480590820313 0.0839691162109375 0.228775024414063 0.081878662109375
0.133193969726563 0.0485458374023438 0.549072265625 0.240142822265625
0.0628318786621094 -0.0111274719238281 0.67938232421875 0.35235595703125
-0.0158891677856445 -0.0076904296875 0.6712646484375 0.527587890625
-0.0536460876464844 0.0451736450195313 0.4993896484375 0.633544921875
-0.0265960693359375 0.0631484985351562 0.37274169921875 0.581787109375
0.00830459594726562 0.0564117431640625 0.19610595703125 0.31097412109375
0.0182056427001953 0.0189952850341797 0.0194854736328125 -0.0453224182128906
0.0104866027832031 0.0371475219726563 -0.19000244140625 -0.3824462890625
-0.0117073059082031 0.0550155639648438 -0.40557861328125 -0.560791015625
-0.0356864929199219 0.0296707153320312 -0.63323974609375 -0.498291015625
-0.0342388153076172 -0.0212821960449219 -0.74627685546875 -0.30169677734375
0.0515556335449219 -0.0333900451660156 -0.7108154296875 -0.27001953125
0.104255676269531 0.0253219604492187 -0.52850341796875 -0.1256103515625
0.107307434082031 0.07489013671875 -0.115325927734375 -0.0388107299804688
0.138229370117188 0.0713577270507813 0.253128051757813 0.0858612060546875
0.125640869140625 0.0402984619140625 0.554107666015625 0.236297607421875
0.0585403442382813 -0.0080718994140625 0.69512939453125 0.35345458984375
-0.0140924453735352 -0.0011749267578125 0.7022705078125 0.51275634765625
-0.048980712890625 0.0465316772460937 0.5264892578125 0.60516357421875
-0.0229759216308594 0.0570945739746094 0.37823486328125 0.547210693359375
0.00475311279296875 0.0488853454589844 0.1864013671875 0.282073974609375
0.01422119140625 0.0152664184570313 0.00441360473632812 -0.0677566528320313
0.00732421875 0.035400390625 -0.197845458984375 -0.40625
-0.0164794921875 0.0482444763183594 -0.39581298828125 -0.59228515625
-0.0394248962402344 0.0247802734375 -0.61407470703125 -0.52532958984375
-0.0316390991210938 -0.0259513854980469 -0.72711181640625 -0.3170166015625
0.061431884765625 -0.0309638977050781 -0.69842529296875 -0.2728271484375
0.110069274902344 0.0364990234375 -0.516265869140625 -0.126861572265625
0.107025146484375 0.087860107421875 -0.0950469970703125 -0.0183944702148437
0.125709533691406 0.0518722534179688 0.272201538085937 0.0886383056640625
0.105545043945313 0.03302001953125 0.560821533203125 0.230712890625
0.0499458312988281 -1.1444091796875E-05 0.71502685546875 0.3402099609375
-0.00894927978515625 0.00350284576416015 0.73211669921875 0.48419189453125
-0.04150390625 0.0395431518554687 0.5491943359375 0.56683349609375
-0.0213050842285156 0.0440902709960938 0.388519287109375 0.511993408203125
0.0012359619140625 0.0318107604980469 0.1781005859375 0.257339477539063
0.00937366485595703 0.00189590454101563 -0.0104904174804688 -0.0889434814453125
0.00308036804199219 0.0200214385986328 -0.198760986328125 -0.43341064453125
-0.0173969268798828 0.0326595306396484 -0.3795166015625 -0.6253662109375
-0.0387344360351563 0.0122528076171875 -0.5869140625 -0.55889892578125
-0.0252513885498047 -0.0270767211914062 -0.7032470703125 -0.337158203125
0.059478759765625 -0.021575927734375 -0.68634033203125 -0.2802734375
0.0986557006835937 0.043670654296875 -0.509979248046875 -0.132659912109375
0.0914382934570313 0.0888900756835938 -0.0798187255859375 0.001678466796875
-0.0115261077880859 -0.0295886993408203 0.197601318359375 0.06695556640625
-0.0312976837158203 0.0124282836914063 0.58154296875 0.2208251953125
-0.0069427490234375 0.0378532409667969 0.714111328125 0.279541015625
0.0146732330322266 0.011256217956543 0.68463134765625 0.449462890625
-0.00158119201660156 -0.019989013671875 0.506103515625 0.6082763671875
-0.0018157958984375 -0.0523834228515625 0.40093994140625 0.6044921875
-0.0148239135742188 -0.0514678955078125 0.22772216796875 0.36895751953125
-0.00989532470703125 -0.0646934509277344 0.0456390380859375 0.0156822204589844
-0.00892639160156249 -0.0614013671875 -0.15673828125 -0.339263916015625
-0.00222396850585938 -0.0573768615722656 -0.376953125 -0.546966552734375
0.00255966186523437 -0.0523109436035156 -0.630859375 -0.5150146484375
0.00260543823242187 -0.0263481140136719 -0.7579345703125 -0.3447265625
-0.00153636932373047 0.0163822174072266 -0.7166748046875 -0.3092041015625
-0.0454483032226562 0.0179939270019531 -0.5443115234375 -0.124847412109375
-0.0646705627441406 -0.0163955688476562 -0.1610107421875 -0.049560546875
0.0243797302246094 0.0062408447265625 0.185546875 0.0658721923828125
0.00975608825683594 0.0254344940185547 0.57757568359375 0.22967529296875
0.0127792358398438 0.0211734771728516 0.705322265625 0.2882080078125
0.00813484191894531 0.00279045104980469 0.66217041015625 0.4681396484375
-0.0152349472045898 -0.00426769256591797 0.4835205078125 0.6317138671875
-0.00654983520507813 -0.0225772857666016 0.38543701171875 0.62841796875
-0.00831222534179687 -0.0221824645996094 0.22552490234375 0.38043212890625
-0.00326156616210938 -0.0407333374023438 0.051605224609375 0.0243988037109375
-0.00521087646484375 -0.0345726013183594 -0.154388427734375 -0.33056640625
-0.00392341613769531 -0.0286445617675781 -0.383270263671875 -0.52862548828125
-0.00685691833496094 -0.032135009765625 -0.639404296875 -0.491455078125
-0.00780868530273437 -0.0273551940917969 -0.7701416015625 -0.3184814453125
0.0106220245361328 0.004852294921875 -0.72698974609375 -0.2939453125
-0.0109043121337891 0.0200042724609375 -0.55126953125 -0.12237548828125
-0.0246715545654297 0.000381469726562496 -0.170455932617188 -0.05767822265625
0.064239501953125 0.0412979125976563 0.183456420898438 0.068023681640625
0.0585594177246094 0.0389595031738281 0.5726318359375 0.2396240234375
0.0364494323730469 0.005706787109375 0.6932373046875 0.30401611328125
0.00157594680786133 -0.00763177871704102 0.648193359375 0.488525390625
-0.0313625335693359 0.0101757049560547 0.471923828125 0.64703369140625
-0.0139236450195313 0.00821876525878906 0.379150390625 0.63916015625
-0.00150012969970703 0.0106067657470703 0.22625732421875 0.37896728515625
0.00648784637451172 -0.0170421600341797 0.053253173828125 0.017425537109375
0.0028529167175293 -0.00821542739868164 -0.159149169921875 -0.332550048828125
-0.00512218475341797 0.00145244598388672 -0.391387939453125 -0.52288818359375
-0.0137710571289063 -0.00867462158203125 -0.64788818359375 -0.4755859375
-0.0173015594482422 -0.0218029022216797 -0.774169921875 -0.30169677734375
0.0181980133056641 -0.00988388061523438 -0.733154296875 -0.2822265625
0.0235252380371094 0.01763916015625 -0.553009033203125 -0.12158203125
0.0232486724853516 0.0189399719238281 -0.16607666015625 -0.0626678466796875
0.0999374389648438 0.0688247680664062 0.193115234375 0.0729827880859375
0.100349426269531 0.050689697265625 0.56439208984375 0.24053955078125
0.0569953918457031 -0.003662109375 0.68743896484375 0.3211669921875
-0.006134033203125 -0.0130243301391602 0.64862060546875 0.510986328125
-0.0446434020996094 0.0234794616699219 0.47418212890625 0.65673828125
-0.02105712890625 0.0363731384277344 0.37530517578125 0.6353759765625
0.00325775146484375 0.0394363403320313 0.218994140625 0.36785888671875
0.0134620666503906 0.00445556640625 0.0477523803710938 0.00421142578125
0.00867176055908203 0.0154228210449219 -0.16748046875 -0.343170166015625
-0.00511550903320312 0.0272884368896484 -0.402557373046875 -0.52655029296875
-0.0202713012695313 0.0118618011474609 -0.654296875 -0.4722900390625
-0.0235328674316406 -0.0182380676269531 -0.77490234375 -0.28851318359375
0.0293712615966797 -0.0221500396728516 -0.735107421875 -0.27410888671875
0.0557861328125 0.0155982971191406 -0.551788330078125 -0.12054443359375
0.06304931640625 0.0359420776367188 -0.156036376953125 -0.0611114501953125
0.125709533691406 0.081451416015625 0.211654663085937 0.0759124755859375
0.126754760742187 0.0529632568359375 0.5592041015625 0.237335205078125
0.0667800903320313 -0.0108489990234375 0.6822509765625 0.33837890625
-0.0122461318969727 -0.0127887725830078 0.66021728515625 0.52703857421875
-0.0524673461914063 0.0369873046875 0.48980712890625 0.65252685546875
-0.0255126953125 0.0557746887207031 0.3765869140625 0.6142578125
0.00734710693359375 0.0541534423828125 0.209564208984375 0.342315673828125
0.0169839859008789 0.0170145034790039 0.0361442565917969 -0.0189170837402344
0.0123119354248047 0.0308380126953125 -0.179656982421875 -0.36041259765625
-0.00637435913085938 0.0471420288085938 -0.412506103515625 -0.538848876953125
-0.0282268524169922 0.0269222259521484 -0.65118408203125 -0.47796630859375
-0.0329265594482422 -0.0167255401611328 -0.76971435546875 -0.287109375
0.0405082702636719 -0.0304527282714844 -0.7308349609375 -0.267333984375
0.085205078125 0.0174636840820313 -0.545501708984375 -0.121337890625
0.0949859619140625 0.0568466186523438 -0.137710571289063 -0.0517959594726562
0.14111328125 0.0807037353515625 0.2320556640625 0.0805206298828125
0.134429931640625 0.0473480224609375 0.5577392578125 0.23590087890625
0.0660476684570313 -0.0126609802246094 0.68896484375 0.35076904296875
-0.0169601440429688 -0.0100631713867188 0.6817626953125 0.52618408203125
-0.0545578002929688 0.0457229614257813 0.51068115234375 0.6343994140625
-0.0250396728515625 0.0641403198242187 0.38043212890625 0.58624267578125
0.00604248046875 0.0593452453613281 0.200408935546875 0.311676025390625
0.01666259765625 0.0207595825195313 0.0187416076660156 -0.0459976196289062
0.0105094909667969 0.0388641357421875 -0.1932373046875 -0.384124755859375
-0.0105018615722656 0.0540122985839844 -0.412078857421875 -0.5616455078125
-0.0344524383544922 0.0303459167480469 -0.643798828125 -0.49444580078125
-0.0344104766845703 -0.0208892822265625 -0.75439453125 -0.2969970703125
0.0526161193847656 -0.03448486328125 -0.72137451171875 -0.26641845703125
0.105667114257813 0.0262680053710937 -0.534698486328125 -0.121978759765625
0.11090087890625 0.0745773315429688 -0.118255615234375 -0.0378646850585937
0.140541076660156 0.070037841796875 0.256057739257813 0.086181640625
0.127830505371094 0.040740966796875 0.56243896484375 0.23370361328125
0.0586128234863281 -0.00980377197265625 0.70562744140625 0.35137939453125
-0.015380859375 -0.000905990600585935 0.71441650390625 0.5120849609375
-0.049591064453125 0.0460853576660156 0.53521728515625 0.60467529296875
-0.0229721069335937 0.0589942932128906 0.388763427734375 0.54852294921875
0.005218505859375 0.0495414733886719 0.191925048828125 0.282379150390625
0.0159130096435547 0.0145578384399414 0.00323867797851563 -0.0687026977539063
0.00762557983398438 0.036376953125 -0.20159912109375 -0.4091796875
-0.0158843994140625 0.0510330200195313 -0.40411376953125 -0.5926513671875
-0.0375442504882813 0.0260658264160156 -0.6260986328125 -0.52435302734375
-0.0321636199951172 -0.0257472991943359 -0.73736572265625 -0.31353759765625
0.0606231689453125 -0.0319061279296875 -0.70733642578125 -0.26824951171875
0.111000061035156 0.0360946655273438 -0.52471923828125 -0.1246337890625
0.110481262207031 0.0873641967773438 -0.0977096557617188 -0.0195083618164062
0.125579833984375 0.0508346557617188 0.276382446289063 0.0876617431640625
0.105964660644531 0.0328445434570313 0.56829833984375 0.22698974609375
0.0504035949707031 0.000560760498046875 0.72760009765625 0.33843994140625
-0.00927829742431641 0.00392913818359375 0.7445068359375 0.48260498046875
-0.0418701171875 0.0388755798339844 0.5599365234375 0.56781005859375
-0.0199203491210937 0.0431175231933594 0.397796630859375 0.514129638671875
0.00151252746582031 0.0313072204589844 0.182449340820313 0.25787353515625
0.0102767944335938 0.00128555297851563 -0.0114212036132813 -0.087158203125
0.00253677368164062 0.0210685729980469 -0.202178955078125 -0.434326171875
-0.0184421539306641 0.0333175659179688 -0.38726806640625 -0.62896728515625
-0.0376167297363281 0.0162925720214844 -0.5982666015625 -0.55926513671875
-0.0262050628662109 -0.0279273986816406 -0.71514892578125 -0.33551025390625
0.0601692199707031 -0.0219039916992187 -0.69647216796875 -0.2777099609375
0.100814819335938 0.0432815551757813 -0.516571044921875 -0.1279296875
0.09375 0.0886917114257813 -0.0808792114257813 0.00051116943359374
-0.0128593444824219 -0.0294475555419922 0.199264526367188 0.06622314453125
-0.032989501953125 0.0127201080322266 0.59100341796875 0.21563720703125
-0.00522994995117188 0.0372581481933594 0.7271728515625 0.2728271484375
0.015777587890625 0.0112218856811523 0.6962890625 0.4459228515625
-0.00284957885742187 -0.0202274322509766 0.51837158203125 0.60845947265625
-0.00298690795898437 -0.0519752502441406 0.4134521484375 0.60565185546875
-0.0139007568359375 -0.0525894165039062 0.23260498046875 0.370361328125
-0.0122795104980469 -0.0633964538574219 0.0460243225097656 0.0177459716796875
-0.0103225708007812 -0.0597190856933594 -0.1624755859375 -0.3375244140625
-0.0027313232421875 -0.0581817626953125 -0.387481689453125 -0.547210693359375
0.00260162353515625 -0.052276611328125 -0.64178466796875 -0.5130615234375
0.00226402282714844 -0.0279102325439453 -0.76885986328125 -0.33856201171875
-0.0011749267578125 0.0182552337646484 -0.7288818359375 -0.30303955078125
-0.0441017150878906 0.0199966430664063 -0.549285888671875 -0.119964599609375
-0.0656852722167969 -0.01544189453125 -0.163665771484375 -0.049346923828125
0.0228424072265625 0.00380897521972656 0.185897827148437 0.0630645751953125
0.0100994110107422 0.0234260559082031 0.58868408203125 0.22503662109375
0.0141983032226563 0.0209598541259766 0.716064453125 0.2823486328125
0.00667619705200195 0.00299787521362305 0.6744384765625 0.4654541015625
-0.0150318145751953 -0.00354576110839844 0.49639892578125 0.632080078125
-0.00628280639648438 -0.0227928161621094 0.40032958984375 0.62994384765625
-0.00980758666992187 -0.0199851989746094 0.233734130859375 0.383026123046875
-0.00487518310546875 -0.0400733947753906 0.0554656982421875 0.0226020812988281
-0.00301551818847657 -0.0341663360595703 -0.16058349609375 -0.330596923828125
-0.00440216064453125 -0.0287361145019531 -0.391693115234375 -0.52862548828125
-0.0062103271484375 -0.0299186706542969 -0.65167236328125 -0.48974609375
-0.00875091552734375 -0.0275783538818359 -0.77947998046875 -0.31182861328125
0.00959205627441406 0.00407981872558594 -0.7376708984375 -0.28900146484375
-0.0108489990234375 0.0198287963867188 -0.55938720703125 -0.116851806640625
-0.0231590270996094 0.00138282775878906 -0.172027587890625 -0.0567779541015625
0.0642890930175781 0.0400772094726562 0.185836791992188 0.06658935546875
0.0605888366699219 0.0377693176269531 0.5809326171875 0.234619140625
0.0379219055175781 0.008636474609375 0.70703125 0.29827880859375
-0.000348091125488281 -0.00975894927978516 0.65911865234375 0.48651123046875
-0.0313625335693359 0.0114555358886719 0.483642578125 0.6473388671875
-0.0140647888183594 0.008636474609375 0.38787841796875 0.64251708984375
-0.00173377990722656 0.0132808685302734 0.230712890625 0.3812255859375
0.00620079040527344 -0.0164375305175781 0.0549392700195312 0.0202064514160156
0.00389671325683594 -0.00928306579589844 -0.16217041015625 -0.332183837890625
-0.00443601608276367 0.00176858901977539 -0.402587890625 -0.520965576171875
-0.0143442153930664 -0.00849723815917969 -0.66046142578125 -0.4735107421875
-0.0177993774414063 -0.0229759216308594 -0.785888671875 -0.29400634765625
0.0193901062011719 -0.0111141204833984 -0.74615478515625 -0.277099609375
0.0255680084228516 0.0167255401611328 -0.562103271484375 -0.115570068359375
0.0233325958251953 0.0185775756835938 -0.169525146484375 -0.062225341796875
0.101051330566406 0.0682144165039063 0.195831298828125 0.0700836181640625
0.10101318359375 0.0482635498046875 0.575927734375 0.236572265625
0.0581436157226563 -0.0042266845703125 0.69891357421875 0.31549072265625
-0.00809860229492188 -0.0135660171508789 0.6597900390625 0.50604248046875
-0.0454597473144531 0.0263328552246094 0.48834228515625 0.65911865234375
-0.0196914672851562 0.0363426208496094 0.3865966796875 0.634765625
0.00470733642578125 0.0405769348144531 0.223846435546875 0.36865234375
0.0129404067993164 0.00397777557373047 0.0482940673828125 0.00268173217773438
0.0103330612182617 0.0161066055297852 -0.172698974609375 -0.341156005859375
-0.00424766540527344 0.0283985137939453 -0.412078857421875 -0.525177001953125
-0.0194206237792969 0.0121860504150391 -0.66607666015625 -0.47027587890625
-0.02630615234375 -0.0181655883789062 -0.78753662109375 -0.28216552734375
0.0278072357177734 -0.0221080780029297 -0.74688720703125 -0.2672119140625
0.0595626831054688 0.0147705078125 -0.5579833984375 -0.11468505859375
0.063751220703125 0.0387306213378906 -0.160781860351563 -0.060028076171875
0.128166198730469 0.0802230834960938 0.211380004882813 0.0751190185546875
0.127525329589844 0.0514297485351562 0.5675048828125 0.237548828125
0.0654792785644531 -0.0133552551269531 0.696533203125 0.33233642578125
-0.0132846832275391 -0.0122098922729492 0.67218017578125 0.52252197265625
-0.05194091796875 0.0389366149902344 0.50103759765625 0.65362548828125
-0.02337646484375 0.0572090148925781 0.38739013671875 0.615234375
0.0074310302734375 0.0563888549804688 0.21661376953125 0.343597412109375
0.0166225433349609 0.0176162719726563 0.0351829528808594 -0.0188980102539063
0.0121955871582031 0.0324134826660156 -0.185272216796875 -0.35931396484375
-0.00679397583007812 0.0489921569824219 -0.422119140625 -0.537933349609375
-0.0294628143310547 0.0287036895751953 -0.6634521484375 -0.4736328125
-0.0325965881347656 -0.0165157318115234 -0.7783203125 -0.28131103515625
0.039581298828125 -0.0330276489257813 -0.7393798828125 -0.2615966796875
0.0878143310546875 0.0181198120117188 -0.550811767578125 -0.11590576171875
0.0984115600585937 0.057281494140625 -0.14080810546875 -0.052459716796875
0.142898559570313 0.0781097412109375 0.234039306640625 0.0800628662109375
0.136665344238281 0.0463180541992188 0.5653076171875 0.2322998046875
0.0664558410644531 -0.0136566162109375 0.699951171875 0.34539794921875
-0.0161170959472656 -0.00739479064941406 0.693603515625 0.5257568359375
-0.0556907653808594 0.0471878051757813 0.5220947265625 0.63482666015625
-0.0247573852539062 0.0642166137695313 0.3905029296875 0.58648681640625
0.00905990600585937 0.0595169067382813 0.206451416015625 0.310699462890625
0.0178470611572266 0.0214176177978516 0.0203666687011719 -0.0444679260253906
0.0115394592285156 0.0404586791992188 -0.19940185546875 -0.384063720703125
-0.00813674926757812 0.0556144714355469 -0.4232177734375 -0.561065673828125
-0.0347156524658203 0.0320720672607422 -0.656005859375 -0.49102783203125
-0.0347747802734375 -0.0195999145507812 -0.76727294921875 -0.2896728515625
0.0528335571289063 -0.0365791320800781 -0.73065185546875 -0.26220703125
0.10736083984375 0.0241851806640625 -0.5421142578125 -0.117706298828125
0.115097045898438 0.075714111328125 -0.120491027832031 -0.0382766723632812
0.141845703125 0.0679931640625 0.2591552734375 0.083160400390625
0.128341674804688 0.0372314453125 0.5709228515625 0.2283935546875
0.0602569580078125 -0.0103797912597656 0.71759033203125 0.346435546875
-0.0150308609008789 -0.00134658813476562 0.728759765625 0.509765625
-0.0499382019042969 0.0479316711425781 0.5499267578125 0.60516357421875
-0.0225181579589844 0.0600967407226563 0.399810791015625 0.549713134765625
0.00580978393554688 0.0523109436035156 0.196258544921875 0.282135009765625
0.0159482955932617 0.0143136978149414 0.00233840942382813 -0.0682182312011719
0.0071258544921875 0.0362701416015625 -0.209014892578125 -0.410858154296875
-0.0151481628417969 0.0511703491210938 -0.4156494140625 -0.592529296875
-0.0391883850097656 0.0271682739257812 -0.6365966796875 -0.5216064453125
-0.0321559906005859 -0.0256214141845703 -0.74896240234375 -0.3065185546875
0.0611953735351563 -0.0339164733886719 -0.7210693359375 -0.2615966796875
0.111946105957031 0.0362014770507813 -0.5311279296875 -0.120147705078125
0.113357543945313 0.0894393920898437 -0.100685119628906 -0.0186233520507813
0.127517700195313 0.0498199462890625 0.280349731445313 0.0833282470703125
0.107269287109375 0.0315628051757813 0.57879638671875 0.22149658203125
0.0513114929199219 -0.000850677490234375 0.7376708984375 0.33258056640625
-0.0100536346435547 0.00483322143554687 0.75799560546875 0.47772216796875
-0.0421714782714844 0.0419654846191406 0.57293701171875 0.5670166015625
-0.0193595886230469 0.04327392578125 0.4061279296875 0.513916015625
0.000652313232421875 0.032501220703125 0.186614990234375 0.258865356445313
0.00949954986572266 0.00105953216552734 -0.012115478515625 -0.0877914428710937
0.00244712829589844 0.0225353240966797 -0.21148681640625 -0.435455322265625
-0.0174140930175781 0.0349941253662109 -0.39776611328125 -0.6273193359375
-0.0393447875976563 0.0171012878417969 -0.60736083984375 -0.55743408203125
-0.0261745452880859 -0.0283012390136719 -0.723876953125 -0.33026123046875
0.0596694946289062 -0.0255661010742188 -0.70648193359375 -0.27105712890625
0.101997375488281 0.0413055419921875 -0.523284912109375 -0.12493896484375
0.0957260131835938 0.0895156860351563 -0.0839157104492188 0.000602722167968744
-0.0130271911621094 -0.0332984924316406 0.1995849609375 0.0629730224609375
-0.0342140197753906 0.0137939453125 0.597900390625 0.20941162109375
-0.00481796264648437 0.0386886596679688 0.73455810546875 0.26556396484375
0.0166540145874023 0.0120105743408203 0.70709228515625 0.440185546875
-0.00267791748046875 -0.019927978515625 0.53009033203125 0.60693359375
-0.00373077392578126 -0.0526962280273438 0.42572021484375 0.608154296875
-0.017974853515625 -0.0505218505859375 0.239105224609375 0.36846923828125
-0.0139122009277344 -0.0642433166503906 0.0481910705566406 0.0156135559082031
-0.0102691650390625 -0.0596542358398438 -0.168975830078125 -0.339813232421875
-0.00272750854492187 -0.0574913024902344 -0.395111083984375 -0.545623779296875
0.00244522094726563 -0.0515975952148438 -0.65289306640625 -0.50848388671875
0.00147628784179687 -0.0285568237304688 -0.78167724609375 -0.33013916015625
-0.00028514862060547 0.0168247222900391 -0.73828125 -0.294921875
-0.0447616577148437 0.0215034484863281 -0.554443359375 -0.11273193359375
-0.0654792785644531 -0.0144157409667969 -0.168167114257813 -0.04876708984375
0.0237140655517578 0.00159645080566406 0.190444946289062 0.0603179931640625
0.0108776092529297 0.02386474609375 0.596435546875 0.219970703125
0.0133838653564453 0.0196094512939453 0.7244873046875 0.2742919921875
0.00623989105224609 0.00177860260009766 0.68560791015625 0.4581298828125
-0.0171918869018555 -0.00422096252441406 0.50823974609375 0.6307373046875
-0.00713157653808593 -0.0220298767089844 0.41033935546875 0.6292724609375
-0.00888633728027344 -0.0185050964355469 0.241241455078125 0.3834228515625
-0.00436019897460938 -0.0407218933105469 0.0548515319824219 0.0225753784179687
-0.00535202026367187 -0.0355873107910156 -0.1640625 -0.330780029296875
-0.00372886657714844 -0.0274486541748047 -0.40191650390625 -0.52679443359375
-0.00576591491699218 -0.0298519134521484 -0.66162109375 -0.48419189453125
-0.00976943969726563 -0.0269184112548828 -0.79132080078125 -0.303955078125
0.00993824005126953 0.00258350372314453 -0.7518310546875 -0.28240966796875
-0.0117950439453125 0.0209140777587891 -0.56488037109375 -0.10943603515625
-0.0224189758300781 0.00133895874023438 -0.175430297851563 -0.056304931640625
0.0623283386230469 0.0383338928222656 0.189071655273437 0.064056396484375
0.0587081909179688 0.0385627746582031 0.59124755859375 0.23077392578125
0.0393524169921875 0.00577926635742188 0.71795654296875 0.2908935546875
-0.00123929977416992 -0.00648355484008789 0.6732177734375 0.482177734375
-0.0315685272216797 0.0115337371826172 0.498779296875 0.64996337890625
-0.0134248733520508 0.0110645294189453 0.40106201171875 0.64288330078125
0.000535011291503906 0.0127801895141602 0.23956298828125 0.382293701171875
0.00588798522949219 -0.0152206420898438 0.0565643310546875 0.019012451171875
0.00317907333374023 -0.00720834732055664 -0.16986083984375 -0.33209228515625
-0.00492095947265625 0.00250101089477539 -0.413055419921875 -0.518463134765625
-0.0148334503173828 -0.00805759429931641 -0.66998291015625 -0.4678955078125
-0.0186824798583984 -0.0227184295654297 -0.79541015625 -0.28497314453125
0.0186347961425781 -0.0105323791503906 -0.7587890625 -0.26995849609375
0.0226535797119141 0.0166702270507813 -0.56817626953125 -0.111083984375
0.0241794586181641 0.0195560455322266 -0.173782348632812 -0.062835693359375
0.100448608398438 0.0662002563476563 0.197280883789063 0.068328857421875
0.101295471191406 0.0490036010742188 0.58428955078125 0.2308349609375
0.0582962036132813 -0.00619888305664063 0.70947265625 0.3092041015625
-0.00854682922363281 -0.0120935440063477 0.67156982421875 0.5037841796875
-0.0444183349609375 0.0269889831542969 0.500244140625 0.6571044921875
-0.0207862854003906 0.0382080078125 0.3985595703125 0.638671875
0.00474166870117187 0.0391654968261719 0.232086181640625 0.367218017578125
0.0122385025024414 0.00452709197998047 0.0484275817871094 0.00372695922851563
0.0104532241821289 0.0155677795410156 -0.17828369140625 -0.344146728515625
-0.00189781188964844 0.0285148620605469 -0.4228515625 -0.52423095703125
-0.0208683013916016 0.0136795043945312 -0.67987060546875 -0.46490478515625
-0.0272789001464844 -0.0152626037597656 -0.7967529296875 -0.27374267578125
0.0289077758789063 -0.0239810943603516 -0.7568359375 -0.2608642578125
0.058685302734375 0.01409912109375 -0.56561279296875 -0.10833740234375
0.06744384765625 0.0370216369628906 -0.16339111328125 -0.05853271484375
0.129280090332031 0.0788116455078125 0.215118408203125 0.0711212158203125
0.129852294921875 0.0497894287109375 0.57818603515625 0.2303466796875
0.0680923461914063 -0.0136566162109375 0.7054443359375 0.324951171875
-0.0154485702514648 -0.0128307342529297 0.68634033203125 0.51806640625
-0.0519638061523438 0.0404396057128906 0.51312255859375 0.65386962890625
-0.0223808288574219 0.0590744018554688 0.39892578125 0.61663818359375
0.00815963745117188 0.0557136535644531 0.2244873046875 0.3441162109375
0.0181293487548828 0.0178318023681641 0.0364608764648438 -0.0181694030761719
0.0130252838134766 0.0314216613769531 -0.19049072265625 -0.360809326171875
-0.0037841796875 0.0472335815429688 -0.431182861328125 -0.535064697265625
-0.028350830078125 0.0287303924560547 -0.67498779296875 -0.46875
-0.0353775024414063 -0.016510009765625 -0.78851318359375 -0.273681640625
0.0404129028320313 -0.0328826904296875 -0.75213623046875 -0.2537841796875
0.0900344848632813 0.0171279907226563 -0.559783935546875 -0.11102294921875
0.100982666015625 0.0563201904296875 -0.142959594726562 -0.0527801513671875
0.143966674804688 0.0783233642578125 0.237594604492187 0.077667236328125
0.138908386230469 0.0431671142578125 0.57659912109375 0.22674560546875
0.0666122436523438 -0.0148200988769531 0.712158203125 0.337646484375
-0.0183296203613281 -0.00773429870605469 0.70587158203125 0.51776123046875
-0.0533943176269531 0.0487136840820312 0.5347900390625 0.63427734375
-0.0242080688476563 0.0657272338867188 0.4017333984375 0.5863037109375
0.00988388061523437 0.0615768432617188 0.21319580078125 0.3114013671875
0.0172004699707031 0.0193557739257813 0.0191154479980469 -0.0458488464355469
0.0121917724609375 0.0410499572753906 -0.205810546875 -0.383056640625
-0.00737380981445312 0.0580902099609375 -0.432708740234375 -0.558563232421875
-0.0362434387207031 0.0340309143066406 -0.66656494140625 -0.4886474609375
-0.0385398864746094 -0.0187530517578125 -0.779052734375 -0.28253173828125
0.0505905151367188 -0.0365753173828125 -0.74273681640625 -0.25189208984375
0.108993530273438 0.0235061645507813 -0.547393798828125 -0.109649658203125
0.115646362304688 0.073822021484375 -0.122779846191406 -0.037933349609375
0.143157958984375 0.066009521484375 0.260665893554688 0.0789031982421875
0.130302429199219 0.0371246337890625 0.57965087890625 0.22344970703125
0.0613670349121094 -0.0112457275390625 0.730712890625 0.3388671875
-0.0154571533203125 -0.000535964965820315 0.74151611328125 0.50299072265625
-0.0496673583984375 0.050384521484375 0.56292724609375 0.6036376953125
-0.0208396911621094 0.0608482360839844 0.41131591796875 0.547454833984375
0.00805664062499999 0.05303955078125 0.203155517578125 0.28271484375
0.0155229568481445 0.0159940719604492 0.000320434570312502 -0.067474365234375
0.00885772705078125 0.0368499755859375 -0.21612548828125 -0.409454345703125
-0.0131912231445313 0.0523834228515625 -0.426513671875 -0.59222412109375
-0.039093017578125 0.0297126770019531 -0.65057373046875 -0.5181884765625
-0.0326747894287109 -0.0239944458007813 -0.75799560546875 -0.2984619140625
0.0603485107421875 -0.0342597961425781 -0.73065185546875 -0.25439453125
0.115287780761719 0.0339431762695313 -0.540679931640625 -0.1148681640625
0.116249084472656 0.08843994140625 -0.102264404296875 -0.0190200805664062
0.127189636230469 0.0471725463867188 0.282867431640625 0.082000732421875
0.107948303222656 0.030120849609375 0.5877685546875 0.21685791015625
0.0521621704101563 -0.0025787353515625 0.75079345703125 0.3245849609375
-0.00936698913574219 0.00481510162353516 0.77197265625 0.47113037109375
-0.0416793823242188 0.0424880981445313 0.58404541015625 0.56341552734375
-0.0190277099609375 0.0452194213867188 0.417510986328125 0.51336669921875
0.00196266174316406 0.0339851379394531 0.190887451171875 0.258316040039063
0.00949382781982422 -0.000484466552734375 -0.0149383544921875 -0.0880050659179687
0.00356101989746094 0.0227394104003906 -0.218963623046875 -0.43572998046875
-0.0174942016601562 0.0379486083984375 -0.4068603515625 -0.62689208984375
-0.0377197265625 0.0183486938476563 -0.62078857421875 -0.5526123046875
-0.0270748138427734 -0.0266208648681641 -0.73565673828125 -0.3226318359375
0.0600738525390625 -0.0235862731933594 -0.71746826171875 -0.2645263671875
0.103378295898438 0.0426483154296875 -0.531036376953125 -0.11767578125
0.0986709594726563 0.0910186767578125 -0.0847625732421875 0.0010833740234375
-0.0141830444335937 -0.0318012237548828 0.200637817382813 0.059295654296875
-0.0359077453613281 0.0126190185546875 0.60626220703125 0.20074462890625
-0.00452041625976562 0.0357513427734375 0.745361328125 0.2537841796875
0.0157079696655273 0.0106134414672852 0.72161865234375 0.43218994140625
-0.00603485107421875 -0.0184898376464844 0.5440673828125 0.6036376953125
-0.003753662109375 -0.0537223815917969 0.44049072265625 0.603515625
-0.0182685852050781 -0.05035400390625 0.248138427734375 0.367706298828125
-0.0150032043457031 -0.0640716552734375 0.0490798950195313 0.0166435241699219
-0.0121612548828125 -0.0595130920410156 -0.173553466796875 -0.3387451171875
-0.00293731689453125 -0.0571136474609375 -0.406768798828125 -0.543731689453125
0.000953674316406245 -0.0520210266113281 -0.6651611328125 -0.503173828125
0.00161170959472656 -0.0283184051513672 -0.79364013671875 -0.31805419921875
-0.00131034851074219 0.0160808563232422 -0.75054931640625 -0.28668212890625
-0.0445022583007813 0.0238151550292969 -0.56268310546875 -0.10565185546875
-0.0659446716308594 -0.0136032104492188 -0.17169189453125 -0.0468292236328125
0.0208892822265625 -0.000432968139648437 0.190093994140625 0.058074951171875
0.0110244750976563 0.0234165191650391 0.60650634765625 0.20965576171875
0.0143604278564453 0.0204410552978516 0.7344970703125 0.2645263671875
0.00477361679077149 0.00208377838134766 0.6983642578125 0.45001220703125
-0.0189533233642578 -0.0028076171875 0.5230712890625 0.62799072265625
-0.00725364685058594 -0.0221881866455078 0.42437744140625 0.6290283203125
-0.00926399230957031 -0.0184326171875 0.25054931640625 0.382598876953125
-0.00699615478515625 -0.038604736328125 0.0552635192871094 0.0223960876464844
-0.00463294982910156 -0.0347766876220703 -0.1705322265625 -0.32843017578125
-0.00306129455566406 -0.0293140411376953 -0.413726806640625 -0.523529052734375
-0.00704765319824218 -0.0296726226806641 -0.67559814453125 -0.4771728515625
-0.00813865661621094 -0.0274543762207031 -0.80108642578125 -0.29156494140625
0.00986671447753906 0.00239753723144531 -0.759521484375 -0.2716064453125
-0.00996208190917969 0.0215854644775391 -0.57012939453125 -0.101318359375
-0.0229244232177734 0.00424575805664063 -0.179519653320312 -0.0550994873046875
0.0637588500976563 0.0369110107421875 0.189804077148438 0.0602569580078125
0.0610122680664063 0.0366172790527344 0.59832763671875 0.22076416015625
0.0383987426757813 0.00477981567382813 0.72772216796875 0.2801513671875
-0.00387763977050781 -0.00563859939575195 0.68499755859375 0.47235107421875
-0.0328102111816406 0.0134868621826172 0.511474609375 0.64801025390625
-0.0142574310302734 0.00842666625976563 0.414306640625 0.6409912109375
-0.00190258026123047 0.0136747360229492 0.2503662109375 0.381134033203125
0.00332832336425781 -0.0175037384033203 0.0572013854980469 0.017120361328125
0.00368022918701172 -0.00646114349365234 -0.173614501953125 -0.33062744140625
-0.00323081016540527 0.00140118598937988 -0.421875 -0.515045166015625
-0.0125408172607422 -0.00623035430908203 -0.68255615234375 -0.4610595703125
-0.0195426940917969 -0.0194263458251953 -0.8067626953125 -0.2750244140625
0.0194664001464844 -0.0118846893310547 -0.76800537109375 -0.25927734375
0.0272750854492188 0.0179576873779297 -0.57305908203125 -0.10064697265625
0.0246467590332031 0.018402099609375 -0.176910400390625 -0.0604095458984375
0.101295471191406 0.063873291015625 0.197311401367188 0.0656280517578125
0.104133605957031 0.0464553833007813 0.5926513671875 0.2227783203125
0.0588912963867188 -0.00774765014648438 0.71856689453125 0.300537109375
-0.00897693634033203 -0.0131902694702148 0.682861328125 0.49298095703125
-0.0442237854003906 0.0271682739257812 0.51409912109375 0.65606689453125
-0.0217094421386719 0.0364570617675781 0.412109375 0.63531494140625
0.00576019287109375 0.0412673950195312 0.24029541015625 0.368377685546875
0.0117731094360352 0.00575637817382813 0.0490074157714844 0.00434494018554687
0.0124454498291016 0.0153493881225586 -0.183380126953125 -0.341949462890625
-0.000751495361328128 0.0300159454345703 -0.431884765625 -0.518890380859375
-0.0208606719970703 0.0149669647216797 -0.69000244140625 -0.45538330078125
-0.0288677215576172 -0.0165348052978516 -0.80718994140625 -0.26336669921875
0.0281238555908203 -0.0253696441650391 -0.767822265625 -0.2481689453125
0.0600204467773438 0.0141067504882813 -0.57183837890625 -0.09942626953125
0.0687980651855469 0.0381011962890625 -0.165176391601563 -0.0593109130859375
0.13153076171875 0.0785598754882813 0.216171264648438 0.069427490234375
0.131095886230469 0.04827880859375 0.5860595703125 0.22125244140625
0.0676498413085938 -0.0156936645507813 0.71563720703125 0.3154296875
-0.0160989761352539 -0.0138416290283203 0.695556640625 0.51007080078125
-0.0532035827636719 0.0421028137207031 0.525390625 0.65081787109375
-0.0227775573730469 0.0580291748046875 0.4117431640625 0.61358642578125
0.00977706909179688 0.0586776733398438 0.23065185546875 0.341766357421875
0.0181980133056641 0.0175113677978516 0.0354843139648438 -0.0177154541015625
0.0133838653564453 0.0325374603271484 -0.19915771484375 -0.359039306640625
-0.00248336791992187 0.0503196716308594 -0.441162109375 -0.530029296875
-0.0269584655761719 0.0300579071044922 -0.686279296875 -0.4615478515625
-0.0350456237792969 -0.0148372650146484 -0.79998779296875 -0.2640380859375
0.0408897399902344 -0.0334358215332031 -0.7635498046875 -0.243408203125
0.0887985229492188 0.0150985717773438 -0.56451416015625 -0.10101318359375
0.10205078125 0.0561676025390625 -0.1466064453125 -0.0503387451171875
0.145339965820313 0.0753631591796875 0.23895263671875 0.073211669921875
0.1402587890625 0.043609619140625 0.58148193359375 0.21771240234375
0.0693740844726563 -0.0167732238769531 0.72357177734375 0.32720947265625
-0.0185298919677734 -0.00843429565429688 0.72039794921875 0.510986328125
-0.0529747009277344 0.0505790710449219 0.5491943359375 0.631591796875
-0.0215606689453125 0.0669441223144531 0.4163818359375 0.58441162109375
0.01080322265625 0.0623779296875 0.2181396484375 0.3116455078125
0.0164375305175781 0.020904541015625 0.017120361328125 -0.044219970703125
0.014068603515625 0.0405731201171875 -0.213531494140625 -0.382659912109375
-0.00643157958984375 0.0582923889160156 -0.444427490234375 -0.5567626953125
-0.0350189208984375 0.0365409851074219 -0.68060302734375 -0.48150634765625
-0.0374259948730469 -0.0181388854980469 -0.786376953125 -0.2716064453125
0.0519523620605469 -0.0386161804199219 -0.75201416015625 -0.24139404296875
0.111068725585938 0.0215682983398438 -0.55438232421875 -0.102203369140625
0.120376586914063 0.0737075805664063 -0.12359619140625 -0.0372390747070313
0.143218994140625 0.0619659423828125 0.262527465820313 0.077117919921875
0.130943298339844 0.0349960327148438 0.5888671875 0.2156982421875
0.0614089965820313 -0.0128021240234375 0.74169921875 0.32757568359375
-0.0166463851928711 -0.00101852416992188 0.7550048828125 0.494140625
-0.0488243103027344 0.0516319274902344 0.57562255859375 0.59765625
-0.0209770202636719 0.06134033203125 0.423492431640625 0.544708251953125
0.00891876220703125 0.0536956787109375 0.20831298828125 0.281982421875
0.0145177841186523 0.0159387588500977 -0.000843048095703124 -0.0692062377929688
0.00994491577148438 0.0377273559570313 -0.224822998046875 -0.408538818359375
-0.012176513671875 0.0532188415527344 -0.4368896484375 -0.588134765625
-0.0393333435058594 0.0310897827148437 -0.66229248046875 -0.5108642578125
-0.0331802368164063 -0.0245132446289063 -0.76806640625 -0.29034423828125
0.0610733032226563 -0.0374794006347656 -0.7396240234375 -0.24468994140625
0.116195678710938 0.03399658203125 -0.5438232421875 -0.1046142578125
0.117660522460938 0.0878677368164063 -0.10345458984375 -0.0177383422851563
0.129096984863281 0.044219970703125 0.284759521484375 0.07879638671875
0.109199523925781 0.028411865234375 0.59515380859375 0.2098388671875
0.0515174865722656 -0.00364303588867187 0.76123046875 0.3140869140625
-0.0119476318359375 0.00529003143310547 0.78704833984375 0.462890625
-0.0418701171875 0.0442543029785156 0.596923828125 0.55963134765625
-0.0187759399414062 0.0443687438964844 0.428955078125 0.509063720703125
0.00257492065429687 0.0355644226074219 0.1966552734375 0.257736206054687
0.00800991058349609 0.00262880325317383 -0.0158615112304688 -0.087371826171875
0.00506973266601563 0.0221138000488281 -0.225677490234375 -0.435028076171875
-0.0142593383789063 0.0377922058105469 -0.4200439453125 -0.623779296875
-0.0385398864746094 0.0192070007324219 -0.63275146484375 -0.54730224609375
-0.0282974243164063 -0.0258693695068359 -0.74371337890625 -0.31243896484375
0.0607681274414063 -0.0254974365234375 -0.729736328125 -0.25390625
0.10675048828125 0.0401840209960938 -0.53619384765625 -0.111053466796875
0.099639892578125 0.0904006958007813 -0.087310791015625 0.00212860107421875
-0.0153160095214844 -0.0343284606933594 0.202407836914063 0.054779052734375
-0.0355491638183594 0.0135841369628906 0.6138916015625 0.1910400390625
-0.00442123413085937 0.038330078125 0.7548828125 0.2420654296875
0.0161600112915039 0.0112810134887695 0.73046875 0.4189453125
-0.00304985046386719 -0.0165414810180664 0.55670166015625 0.5982666015625
-0.00284957885742188 -0.0545730590820312 0.45208740234375 0.5992431640625
-0.0209388732910156 -0.0488662719726563 0.255889892578125 0.3677978515625
-0.0168418884277344 -0.063720703125 0.0495872497558594 0.016845703125
-0.0144462585449219 -0.0586090087890625 -0.18023681640625 -0.33770751953125
-0.00225830078125 -0.0592536926269531 -0.41693115234375 -0.537811279296875
0.00185012817382813 -0.0513038635253906 -0.67529296875 -0.4942626953125
-0.000799179077148435 -0.0287437438964844 -0.803466796875 -0.30596923828125
6.67572021484243E-06 0.0162029266357422 -0.75872802734375 -0.2745361328125
-0.0449142456054687 0.0246696472167969 -0.56756591796875 -0.0952758789062499
-0.0651588439941406 -0.0127220153808594 -0.172012329101563 -0.045867919921875
0.021514892578125 -0.00238990783691406 0.190155029296875 0.056884765625
0.0104732513427734 0.0236053466796875 0.61383056640625 0.20391845703125
0.0142383575439453 0.0203361511230469 0.745849609375 0.25311279296875
0.00395774841308594 0.00249719619750977 0.708251953125 0.44085693359375
-0.0179424285888672 -0.00245857238769532 0.5338134765625 0.622802734375
-0.00839805603027344 -0.0228614807128906 0.43829345703125 0.62591552734375
-0.00917816162109375 -0.0194606781005859 0.257781982421875 0.37884521484375
-0.0055389404296875 -0.0407600402832031 0.0576400756835938 0.023040771484375
-0.00557899475097657 -0.0338096618652344 -0.176849365234375 -0.325592041015625
-0.00251007080078125 -0.0284233093261719 -0.423431396484375 -0.51593017578125
-0.0104961395263672 -0.0312080383300781 -0.68731689453125 -0.466552734375
-0.0122947692871094 -0.0273990631103516 -0.81024169921875 -0.27996826171875
0.0100917816162109 0.0032806396484375 -0.7677001953125 -0.25909423828125
-0.00951576232910156 0.0219554901123047 -0.57672119140625 -0.0902099609375
-0.0230998992919922 0.004486083984375 -0.180816650390625 -0.053558349609375
0.064605712890625 0.0364456176757812 0.18951416015625 0.0579833984375
0.0610542297363281 0.0351829528808594 0.60821533203125 0.21075439453125
0.03997802734375 0.00247955322265625 0.73699951171875 0.26922607421875
-0.0034947395324707 -0.00849676132202149 0.69464111328125 0.4647216796875
-0.0317726135253906 0.0133075714111328 0.5252685546875 0.64166259765625
-0.0158090591430664 0.0101613998413086 0.43011474609375 0.63726806640625
-0.000563621520996092 0.015650749206543 0.256439208984375 0.37939453125
0.00506877899169922 -0.0159950256347656 0.0571441650390625 0.0184288024902344
0.00367116928100586 -0.00680446624755859 -0.17987060546875 -0.328399658203125
-0.00160360336303711 0.00228118896484375 -0.43157958984375 -0.509063720703125
-0.0145893096923828 -0.00557899475097656 -0.695556640625 -0.4522705078125
-0.0207786560058594 -0.0214443206787109 -0.81329345703125 -0.26092529296875
0.0203628540039063 -0.00988197326660156 -0.77752685546875 -0.2474365234375
0.0266399383544922 0.016326904296875 -0.57733154296875 -0.0922241210937501
0.0249538421630859 0.0192394256591797 -0.179061889648438 -0.05816650390625
0.101898193359375 0.0621261596679688 0.201370239257813 0.060943603515625
0.103591918945312 0.045135498046875 0.59942626953125 0.21240234375
0.0582199096679688 -0.0097503662109375 0.73004150390625 0.2879638671875
-0.00981330871582031 -0.0125799179077148 0.6951904296875 0.48626708984375
-0.0452537536621094 0.0294227600097656 0.5267333984375 0.65081787109375
-0.0185203552246094 0.0386466979980469 0.425537109375 0.632568359375
0.00649642944335937 0.0421333312988281 0.24859619140625 0.36572265625
0.0133504867553711 0.00440311431884766 0.0510368347167969 0.00121307373046875
0.0102119445800781 0.0166473388671875 -0.19091796875 -0.337982177734375
-0.000114440917968751 0.0303440093994141 -0.4423828125 -0.51556396484375
-0.0191249847412109 0.0169563293457031 -0.69854736328125 -0.44708251953125
-0.0289745330810547 -0.0159587860107422 -0.81536865234375 -0.250244140625
0.0279636383056641 -0.0244388580322266 -0.7779541015625 -0.2371826171875
0.0618400573730469 0.0133857727050781 -0.5780029296875 -0.09136962890625
0.0685844421386719 0.0367050170898438 -0.169586181640625 -0.0582733154296875
0.131538391113281 0.0734405517578125 0.218643188476563 0.065887451171875
0.13177490234375 0.045745849609375 0.592529296875 0.21075439453125
0.0683670043945312 -0.017913818359375 0.724853515625 0.30621337890625
-0.016326904296875 -0.0136947631835938 0.7080078125 0.50018310546875
-0.0523834228515625 0.0427398681640625 0.53955078125 0.64459228515625
-0.0216789245605469 0.0604743957519531 0.4234619140625 0.61224365234375
0.009979248046875 0.0594062805175781 0.23785400390625 0.340667724609375
0.0167503356933594 0.0177364349365234 0.0369758605957031 -0.0183753967285156
0.0160408020019531 0.0351238250732422 -0.20550537109375 -0.3555908203125
-0.00219345092773437 0.0503654479980469 -0.452301025390625 -0.5257568359375
-0.0272483825683594 0.0315952301025391 -0.69677734375 -0.45416259765625
-0.0342445373535156 -0.0166893005371094 -0.80926513671875 -0.25054931640625
0.0396308898925781 -0.0359573364257813 -0.7703857421875 -0.2298583984375
0.0895538330078125 0.0136642456054688 -0.5694580078125 -0.09222412109375
0.103912353515625 0.0544815063476562 -0.148544311523438 -0.0496063232421875
0.14581298828125 0.0728759765625 0.241043090820313 0.069305419921875
0.141021728515625 0.040283203125 0.59027099609375 0.21014404296875
0.0671195983886719 -0.019195556640625 0.73297119140625 0.31573486328125
-0.0191249847412109 -0.00834274291992187 0.732421875 0.50146484375
-0.0536003112792969 0.0512809753417969 0.56219482421875 0.6258544921875
-0.0219879150390625 0.0673141479492188 0.4278564453125 0.5782470703125
0.0131034851074219 0.0636177062988281 0.2247314453125 0.31060791015625
0.0171947479248047 0.0220394134521484 0.0173835754394531 -0.0452957153320313
0.0146751403808594 0.0404167175292969 -0.220123291015625 -0.37860107421875
-0.00606918334960938 0.057891845703125 -0.454498291015625 -0.551361083984375
-0.033599853515625 0.0364036560058594 -0.69244384765625 -0.47052001953125
-0.0383110046386719 -0.0186309814453125 -0.7952880859375 -0.26080322265625
0.0526504516601563 -0.0404701232910156 -0.76129150390625 -0.2283935546875
0.110549926757812 0.0216751098632812 -0.558807373046875 -0.09368896484375
0.121978759765625 0.0732879638671875 -0.127601623535156 -0.0349349975585938
0.144805908203125 0.0613861083984375 0.264556884765625 0.07122802734375
0.131011962890625 0.0322341918945313 0.594970703125 0.2069091796875
0.0604171752929687 -0.0146560668945312 0.751220703125 0.31451416015625
-0.017364501953125 -0.000325202941894528 0.76434326171875 0.48455810546875
-0.0483779907226563 0.0538139343261719 0.58758544921875 0.591552734375
-0.0209579467773437 0.0609169006347656 0.434478759765625 0.53912353515625
0.010406494140625 0.0544548034667969 0.214736938476563 0.27984619140625
0.0132369995117187 0.0149526596069336 -0.00099563598632812 -0.0679588317871094
0.0100631713867187 0.0378761291503906 -0.2315673828125 -0.404876708984375
-0.0103073120117187 0.0556678771972656 -0.44940185546875 -0.5838623046875
-0.0397148132324219 0.03082275390625 -0.67340087890625 -0.50146484375
-0.0351791381835938 -0.0229454040527344 -0.77764892578125 -0.276611328125
0.0596733093261719 -0.0372314453125 -0.7489013671875 -0.23321533203125
0.118392944335938 0.0315093994140625 -0.548828125 -0.0959472656250001
0.120391845703125 0.0860137939453125 -0.106857299804687 -0.0171356201171875
0.129005432128906 0.0417022705078125 0.285797119140625 0.073394775390625
0.111373901367188 0.0250625610351563 0.60284423828125 0.20001220703125
0.051971435546875 -0.00620269775390625 0.77166748046875 0.3018798828125
-0.0115213394165039 0.0057373046875 0.79815673828125 0.45068359375
-0.0407791137695313 0.0457191467285156 0.6103515625 0.55120849609375
-0.0191535949707031 0.0445632934570312 0.43994140625 0.505096435546875
0.00347518920898437 0.0361824035644531 0.202499389648438 0.254852294921875
0.00879192352294922 0.00109195709228516 -0.017822265625 -0.0882415771484375
0.00513267517089844 0.0225811004638672 -0.234161376953125 -0.433685302734375
-0.0126228332519531 0.0377120971679688 -0.4315185546875 -0.62158203125
-0.0387840270996094 0.0212211608886719 -0.64422607421875 -0.5396728515625
-0.0288619995117188 -0.0263614654541016 -0.75390625 -0.30029296875
0.0612297058105469 -0.0284538269042969 -0.7376708984375 -0.24237060546875
0.107574462890625 0.041229248046875 -0.540618896484375 -0.10028076171875
0.102546691894531 0.0889816284179688 -0.0879592895507813 0.00398254394531251
-0.0185279846191406 -0.0352935791015625 0.20166015625 0.0511932373046875
-0.0363655090332031 0.0130119323730469 0.62188720703125 0.18206787109375
-0.00275421142578125 0.0360946655273438 0.7606201171875 0.22918701171875
0.0152111053466797 0.00879192352294922 0.7384033203125 0.40765380859375
-0.005615234375 -0.0185451507568359 0.56951904296875 0.58984375
-0.00570297241210937 -0.0531768798828125 0.4632568359375 0.5943603515625
-0.0206642150878906 -0.0479621887207031 0.26544189453125 0.36376953125
-0.0179176330566406 -0.0634994506835938 0.0508346557617188 0.016448974609375
-0.0144424438476562 -0.0589256286621094 -0.18646240234375 -0.333251953125
-0.00512313842773438 -0.0564537048339844 -0.425628662109375 -0.530975341796875
-0.000186920166015623 -0.0505485534667969 -0.68743896484375 -0.48162841796875
0.00161552429199218 -0.0279064178466797 -0.8089599609375 -0.294189453125
0.000621795654296876 0.0177936553955078 -0.76483154296875 -0.2623291015625
-0.0430793762207031 0.0271492004394531 -0.5687255859375 -0.0867919921875001
-0.0660285949707031 -0.0124053955078125 -0.1734619140625 -0.0424346923828125
0.0192470550537109 -0.00156593322753906 0.189559936523438 0.0498809814453125
0.011688232421875 0.0238895416259766 0.6182861328125 0.19097900390625
0.0164070129394531 0.0191516876220703 0.7513427734375 0.23846435546875
0.00451374053955078 0.00310707092285156 0.71893310546875 0.42755126953125
-0.0175361633300781 -0.000214576721191406 0.5469970703125 0.61468505859375
-0.00933265686035156 -0.0225143432617188 0.44921875 0.61846923828125
-0.0104618072509766 -0.016819953918457 0.266387939453125 0.377593994140625
-0.00823593139648438 -0.0406265258789063 0.0597305297851562 0.0218162536621094
-0.00712966918945313 -0.0330848693847656 -0.18157958984375 -0.322967529296875
-0.00314521789550781 -0.02734375 -0.431854248046875 -0.5126953125
-0.00843620300292969 -0.0309619903564453 -0.6947021484375 -0.454833984375
-0.0122928619384766 -0.0250034332275391 -0.818359375 -0.268310546875
0.00826120376586914 0.00125694274902344 -0.77813720703125 -0.24847412109375
-0.00927925109863281 0.0225563049316406 -0.5784912109375 -0.0821533203125
-0.0224132537841797 0.00296401977539062 -0.184478759765625 -0.0509033203125
0.0629081726074219 0.0330009460449219 0.191162109375 0.053802490234375
0.0625686645507813 0.0342140197753906 0.610595703125 0.2003173828125
0.0403709411621094 0.00275421142578125 0.74188232421875 0.2564697265625
-0.00276756286621094 -0.00833606719970703 0.7056884765625 0.44989013671875
-0.0311298370361328 0.0155296325683594 0.5364990234375 0.63623046875
-0.0148487091064453 0.010563850402832 0.44293212890625 0.6322021484375
0.000914573669433594 0.0157814025878906 0.262939453125 0.377227783203125
0.00294113159179688 -0.0154018402099609 0.0583610534667969 0.0170631408691406
0.00470733642578125 -0.00710344314575195 -0.1878662109375 -0.32476806640625
-0.00154566764831543 0.00300383567810059 -0.441192626953125 -0.50238037109375
-0.0142087936401367 -0.00385093688964844 -0.70574951171875 -0.44195556640625
-0.0217857360839844 -0.0193061828613281 -0.82208251953125 -0.24755859375
0.0174322128295898 -0.011866569519043 -0.78369140625 -0.2337646484375
0.0279464721679688 0.0157661437988281 -0.58221435546875 -0.08111572265625
0.0268840789794922 0.0184822082519531 -0.181106567382813 -0.0557861328125
0.10400390625 0.0601882934570312 0.200347900390625 0.05865478515625
0.104598999023437 0.0416641235351563 0.60638427734375 0.1995849609375
0.0601081848144531 -0.0106163024902344 0.736328125 0.27484130859375
-0.0108728408813477 -0.014735221862793 0.7066650390625 0.4769287109375
-0.0448493957519531 0.0311203002929687 0.541259765625 0.64312744140625
-0.0175399780273437 0.038604736328125 0.43646240234375 0.6243896484375
0.00839614868164063 0.0430412292480469 0.256561279296875 0.3619384765625
0.0125627517700195 0.00499820709228516 0.0518226623535156 0.00405120849609375
0.0120735168457031 0.0159435272216797 -0.1976318359375 -0.33587646484375
0.000297546386718749 0.0323238372802734 -0.450042724609375 -0.50579833984375
-0.0191898345947266 0.0166587829589844 -0.708740234375 -0.43768310546875
-0.0287303924560547 -0.0164909362792969 -0.8192138671875 -0.2342529296875
0.0267715454101563 -0.0247097015380859 -0.783935546875 -0.22296142578125
0.0624160766601563 0.0127334594726563 -0.5792236328125 -0.0802001953125
0.0695419311523438 0.0358772277832031 -0.170700073242188 -0.0543670654296875
0.133346557617188 0.0701904296875 0.218917846679688 0.0616607666015625
0.13385009765625 0.04296875 0.60113525390625 0.20111083984375
0.0692634582519531 -0.0178604125976563 0.73187255859375 0.2933349609375
-0.0174875259399414 -0.0121393203735352 0.7205810546875 0.4874267578125
-0.0522880554199219 0.0455818176269531 0.553955078125 0.63787841796875
-0.0200309753417969 0.0600013732910156 0.4359130859375 0.6036376953125
0.0122337341308594 0.060821533203125 0.2437744140625 0.335418701171875
0.0163850784301758 0.0172824859619141 0.0371856689453125 -0.0184249877929688
0.0176372528076172 0.0341644287109375 -0.211212158203125 -0.351898193359375
0.00113677978515625 0.0506935119628906 -0.460479736328125 -0.51904296875
-0.0258064270019531 0.0330963134765625 -0.71044921875 -0.44171142578125
-0.0356788635253906 -0.0145072937011719 -0.81640625 -0.23724365234375
0.0393142700195313 -0.0352134704589844 -0.7767333984375 -0.21661376953125
0.0939178466796875 0.013671875 -0.57440185546875 -0.08270263671875
0.10498046875 0.0524978637695313 -0.150970458984375 -0.048126220703125
0.14715576171875 0.0692596435546875 0.241348266601563 0.063720703125
0.141677856445313 0.0376434326171875 0.5965576171875 0.199462890625
0.0665969848632813 -0.0211448669433594 0.742431640625 0.3038330078125
-0.0207691192626953 -0.00814437866210938 0.74359130859375 0.48992919921875
-0.0519065856933594 0.0541229248046875 0.57525634765625 0.61724853515625
-0.0205955505371094 0.0697364807128906 0.4403076171875 0.57366943359375
0.0141716003417969 0.0628814697265625 0.23382568359375 0.307037353515625
0.0179233551025391 0.0212821960449219 0.01580810546875 -0.0450706481933594
0.0167655944824219 0.0426788330078125 -0.228546142578125 -0.374908447265625
-0.00268173217773438 0.0603752136230469 -0.465179443359375 -0.543212890625
-0.0339012145996094 0.0376205444335938 -0.701904296875 -0.460693359375
-0.0366439819335938 -0.017333984375 -0.80279541015625 -0.24615478515625
0.0515632629394531 -0.041229248046875 -0.7689208984375 -0.21722412109375
0.11346435546875 0.0205917358398438 -0.5631103515625 -0.0814819335937499
0.123626708984375 0.07305908203125 -0.129188537597656 -0.033172607421875
0.145858764648438 0.0580596923828125 0.266586303710938 0.067657470703125
0.13330078125 0.0294723510742187 0.60321044921875 0.196044921875
0.0605964660644531 -0.016754150390625 0.75567626953125 0.30364990234375
-0.0191535949707031 -0.000606536865234373 0.7772216796875 0.4710693359375
-0.0475654602050781 0.0535011291503906 0.60125732421875 0.58270263671875
-0.0172996520996094 0.0620918273925781 0.44476318359375 0.5357666015625
0.0107612609863281 0.0544815063476563 0.21917724609375 0.276870727539063
0.0143146514892578 0.0163297653198242 -0.00249099731445313 -0.0691757202148437
0.0127296447753906 0.0375785827636719 -0.239013671875 -0.40289306640625
-0.00790786743164062 0.0550765991210938 -0.4591064453125 -0.57769775390625
-0.0363960266113281 0.0338973999023438 -0.6837158203125 -0.49224853515625
-0.0357551574707031 -0.0230522155761719 -0.78656005859375 -0.26312255859375
0.0600242614746094 -0.0395126342773438 -0.75494384765625 -0.22125244140625
0.120651245117188 0.0300674438476563 -0.553436279296875 -0.08673095703125
0.123733520507813 0.0865859985351563 -0.106895446777344 -0.0142288208007812
0.128684997558594 0.0398712158203125 0.287689208984375 0.067626953125
0.110015869140625 0.024505615234375 0.60906982421875 0.1878662109375
0.0522918701171875 -0.00757217407226563 0.77978515625 0.2891845703125
-0.0111598968505859 0.00516128540039062 0.8062744140625 0.43756103515625
-0.0404930114746094 0.0457992553710938 0.62420654296875 0.5428466796875
-0.01702880859375 0.0462684631347656 0.450958251953125 0.497344970703125
0.00406646728515625 0.0369377136230469 0.2061767578125 0.251251220703125
0.00832033157348633 0.000467300415039063 -0.01910400390625 -0.085784912109375
0.00619888305664062 0.0265083312988281 -0.2431640625 -0.42877197265625
-0.0130538940429687 0.0398635864257813 -0.44482421875 -0.61407470703125
-0.0383262634277344 0.0224037170410156 -0.655517578125 -0.528076171875
-0.0300140380859375 -0.0251197814941406 -0.76019287109375 -0.2864990234375
0.0598869323730469 -0.0298500061035156 -0.74395751953125 -0.229248046875
0.110427856445313 0.0391464233398438 -0.545257568359375 -0.0904541015625
0.106407165527344 0.0882186889648438 -0.0888519287109375 0.00510406494140624
-0.0197296142578125 -0.0359344482421875 0.204238891601563 0.048187255859375
-0.0374221801757813 0.0142173767089844 0.6259765625 0.169189453125
-0.00146102905273437 0.0361366271972656 0.76446533203125 0.21380615234375
0.0136528015136719 0.00692367553710938 0.74737548828125 0.39422607421875
-0.00475215911865234 -0.0162172317504883 0.57965087890625 0.57916259765625
-0.00612258911132812 -0.0526237487792969 0.47625732421875 0.58563232421875
-0.0222053527832031 -0.0475807189941406 0.26947021484375 0.35992431640625
-0.0191154479980469 -0.0618324279785156 0.0520515441894531 0.0155258178710937
-0.0153999328613281 -0.0585060119628906 -0.192047119140625 -0.329071044921875
-0.00422668457031251 -0.0559921264648438 -0.435882568359375 -0.5255126953125
0.000564575195312497 -0.0512962341308594 -0.69610595703125 -0.4715576171875
-0.000366210937500001 -0.0262432098388672 -0.81500244140625 -0.2774658203125
-0.000757217407226562 0.0152034759521484 -0.771728515625 -0.24749755859375
-0.0437698364257813 0.0257415771484375 -0.57440185546875 -0.0757446289062501
-0.067230224609375 -0.00885391235351563 -0.176284790039063 -0.04052734375
0.0181503295898438 -0.002044677734375 0.1923828125 0.0465087890625
0.00979423522949219 0.0226287841796875 0.62103271484375 0.17999267578125
0.0162210464477539 0.0173015594482422 0.7567138671875 0.22283935546875
0.00470590591430664 0.00165081024169922 0.72869873046875 0.4169921875
-0.016932487487793 -8.29696655273454E-05 0.5595703125 0.60809326171875
-0.0108814239501953 -0.0203666687011719 0.46148681640625 0.61090087890625
-0.0120716094970703 -0.0142850875854492 0.27325439453125 0.3719482421875
-0.0104789733886719 -0.0411109924316406 0.0609664916992188 0.0240554809570312
-0.00671005249023438 -0.0328865051269531 -0.18792724609375 -0.319427490234375
-0.00522041320800781 -0.0281105041503906 -0.442230224609375 -0.50494384765625
-0.00733566284179688 -0.0279903411865234 -0.70294189453125 -0.44287109375
-0.0120677947998047 -0.0250720977783203 -0.8228759765625 -0.25115966796875
0.00918769836425781 0.000623703002929688 -0.7816162109375 -0.2327880859375
-0.00606155395507813 0.0220012664794922 -0.58258056640625 -0.07147216796875
-0.0228710174560547 0.00489997863769531 -0.187301635742188 -0.049041748046875
0.0632705688476563 0.0311622619628906 0.189559936523438 0.0499114990234375
0.0608978271484375 0.0332069396972656 0.616943359375 0.18902587890625
0.0388298034667969 0.00265884399414063 0.7506103515625 0.24298095703125
-0.00417232513427734 -0.00704669952392578 0.71331787109375 0.4395751953125
-0.0324306488037109 0.0163135528564453 0.55145263671875 0.625244140625
-0.0133218765258789 0.0105905532836914 0.45306396484375 0.625244140625
-0.000974655151367189 0.0183906555175781 0.270751953125 0.3701171875
0.0013275146484375 -0.0149774551391602 0.0602188110351563 0.0173492431640625
0.00292634963989258 -0.006591796875 -0.19097900390625 -0.322540283203125
-0.000109434127807617 0.0030360221862793 -0.447509765625 -0.4967041015625
-0.0134305953979492 -0.00372886657714844 -0.7130126953125 -0.42730712890625
-0.0226631164550781 -0.0191516876220703 -0.82684326171875 -0.2337646484375
0.0176315307617187 -0.0116252899169922 -0.7872314453125 -0.21881103515625
0.0292892456054688 0.0150737762451172 -0.58642578125 -0.0695800781250001
0.0283222198486328 0.0194892883300781 -0.183853149414063 -0.0528411865234375
0.103591918945312 0.0578460693359375 0.202407836914062 0.05426025390625
0.106468200683594 0.0416183471679688 0.6099853515625 0.191650390625
0.0577468872070313 -0.0106163024902344 0.74371337890625 0.2587890625
-0.0106277465820313 -0.0128774642944336 0.71490478515625 0.4615478515625
-0.0434494018554688 0.0326499938964844 0.554931640625 0.6334228515625
-0.018035888671875 0.0425071716308594 0.4476318359375 0.6199951171875
0.00878524780273438 0.0435104370117187 0.2618408203125 0.35791015625
0.0134048461914063 0.00664710998535156 0.0510292053222656 0.00264358520507813
0.0129585266113281 0.0164422988891602 -0.201690673828125 -0.332366943359375
0.00235557556152344 0.0315361022949219 -0.45819091796875 -0.498077392578125
-0.0187892913818359 0.0185356140136719 -0.71588134765625 -0.42266845703125
-0.0308151245117188 -0.0152473449707031 -0.82666015625 -0.2208251953125
0.0275077819824219 -0.0266857147216797 -0.78912353515625 -0.20941162109375
0.0629463195800781 0.0135383605957031 -0.5833740234375 -0.068115234375
0.0716323852539063 0.0336761474609375 -0.17303466796875 -0.052978515625
0.132896423339844 0.0686492919921875 0.2198486328125 0.05718994140625
0.133232116699219 0.0411605834960938 0.603759765625 0.1917724609375
0.0678329467773437 -0.0212821960449219 0.73907470703125 0.27947998046875
-0.0172309875488281 -0.0122699737548828 0.72845458984375 0.4766845703125
-0.0516738891601563 0.0474586486816406 0.56494140625 0.62548828125
-0.0201530456542969 0.0603866577148438 0.44921875 0.597412109375
0.0139312744140625 0.059844970703125 0.25115966796875 0.3333740234375
0.0171089172363281 0.0179214477539063 0.0352249145507813 -0.0186691284179688
0.0181217193603516 0.0329742431640625 -0.217742919921875 -0.348236083984375
0.00205612182617188 0.0516929626464844 -0.47027587890625 -0.510589599609375
-0.0239791870117187 0.0349521636962891 -0.7188720703125 -0.42919921875
-0.0361137390136719 -0.0124130249023438 -0.82171630859375 -0.21966552734375
0.0370826721191406 -0.0361404418945313 -0.78424072265625 -0.2017822265625
0.0931320190429688 0.0112991333007813 -0.576904296875 -0.0701904296874999
0.106437683105469 0.0519638061523438 -0.153701782226563 -0.0467987060546875
0.147476196289062 0.06689453125 0.242340087890625 0.0611419677734375
0.1414794921875 0.0344696044921875 0.6009521484375 0.188232421875
0.0664024353027344 -0.0241432189941406 0.74591064453125 0.28851318359375
-0.01995849609375 -0.00691795349121094 0.75433349609375 0.47442626953125
-0.0521049499511719 0.0559616088867187 0.5850830078125 0.60723876953125
-0.0176925659179687 0.0698699951171875 0.45001220703125 0.5654296875
0.0158653259277344 0.0664291381835937 0.236785888671875 0.302886962890625
0.0175685882568359 0.022125244140625 0.0169448852539062 -0.04510498046875
0.0179176330566406 0.0404319763183594 -0.23406982421875 -0.370849609375
-0.001373291015625 0.0591506958007813 -0.475006103515625 -0.534027099609375
-0.0314865112304688 0.0389518737792969 -0.7108154296875 -0.44830322265625
-0.0386390686035156 -0.0161285400390625 -0.81011962890625 -0.23016357421875
0.0497589111328125 -0.0435371398925781 -0.77154541015625 -0.2020263671875
0.11492919921875 0.0189666748046875 -0.56634521484375 -0.07281494140625
0.126449584960938 0.0698318481445313 -0.12994384765625 -0.0332107543945313
0.145004272460937 0.0544586181640625 0.265579223632813 0.0614166259765625
0.131675720214844 0.0268325805664063 0.60565185546875 0.1846923828125
0.0610771179199219 -0.0172271728515625 0.764892578125 0.28802490234375
-0.0198326110839844 0.00101852416992187 0.7855224609375 0.45721435546875
-0.046234130859375 0.0547065734863281 0.6121826171875 0.57293701171875
-0.0179252624511719 0.0633125305175781 0.454132080078125 0.52703857421875
0.0112342834472656 0.0552291870117188 0.225326538085938 0.273300170898438
0.0142183303833008 0.0145273208618164 -0.00431060791015625 -0.0674018859863281
0.0116195678710938 0.0386581420898438 -0.246246337890625 -0.395965576171875
-0.0063629150390625 0.055389404296875 -0.46905517578125 -0.56768798828125
-0.0367698669433594 0.0354652404785156 -0.69378662109375 -0.4783935546875
-0.0368881225585938 -0.0218772888183594 -0.78839111328125 -0.24853515625
0.0590095520019531 -0.0420608520507813 -0.75994873046875 -0.20562744140625
0.121788024902344 0.0294189453125 -0.555450439453125 -0.075897216796875
0.125541687011719 0.0828094482421875 -0.109687805175781 -0.0140609741210938
0.129371643066406 0.0368423461914063 0.28887939453125 0.061431884765625
0.111351013183594 0.023223876953125 0.6131591796875 0.176025390625
0.0507164001464844 -0.0098876953125 0.78607177734375 0.27264404296875
-0.0137643814086914 0.00543403625488281 0.81488037109375 0.4234619140625
-0.0389900207519531 0.0491485595703125 0.6358642578125 0.52911376953125
-0.0145149230957031 0.046173095703125 0.45977783203125 0.488433837890625
0.00496673583984375 0.0381050109863281 0.210708618164062 0.248092651367188
0.00864648818969727 0.00338268280029297 -0.0197296142578125 -0.086151123046875
0.0089874267578125 0.0255985260009766 -0.24908447265625 -0.424835205078125
-0.0114097595214844 0.0389175415039062 -0.45526123046875 -0.60498046875
-0.0368614196777344 0.0228958129882813 -0.66729736328125 -0.5189208984375
-0.0319347381591797 -0.0249557495117187 -0.765625 -0.27386474609375
0.0589523315429687 -0.0313262939453125 -0.74853515625 -0.21478271484375
0.111114501953125 0.0351715087890625 -0.549102783203125 -0.0814208984374999
0.106925964355469 0.0864486694335937 -0.0909805297851563 0.00473785400390624
-0.01959228515625 -0.0372772216796875 0.201950073242188 0.043792724609375
-0.0369529724121094 0.0150833129882813 0.62841796875 0.1580810546875
-0.000286102294921875 0.0362396240234375 0.77099609375 0.2000732421875
0.0136032104492188 0.00932693481445313 0.75445556640625 0.37884521484375
-0.00672626495361328 -0.0168685913085938 0.59259033203125 0.568359375
-0.00904464721679688 -0.0536384582519531 0.48455810546875 0.5767822265625
-0.0228767395019531 -0.0463104248046875 0.276947021484375 0.35162353515625
-0.0235939025878906 -0.0601272583007812 0.0522956848144531 0.0156326293945313
-0.0174446105957031 -0.0595588684082031 -0.19586181640625 -0.3250732421875
-0.00541305541992187 -0.0570182800292969 -0.441864013671875 -0.51568603515625
-0.000659942626953125 -0.0504684448242187 -0.70196533203125 -0.4588623046875
-0.0027313232421875 -0.0282688140869141 -0.8173828125 -0.26190185546875
0.000424385070800783 0.0155515670776367 -0.775146484375 -0.2330322265625
-0.0423927307128906 0.0261802673339844 -0.57232666015625 -0.0653686523437501
-0.0647010803222656 -0.00802230834960937 -0.180099487304688 -0.037841796875
0.0171852111816406 -0.00213909149169922 0.192092895507812 0.0419158935546875
0.00934219360351563 0.0226345062255859 0.623779296875 0.16766357421875
0.0166187286376953 0.0158462524414063 0.760986328125 0.20965576171875
0.00373530387878418 0.00110292434692383 0.73175048828125 0.40277099609375
-0.0184459686279297 0.00146675109863282 0.568359375 0.5955810546875
-0.0103187561035156 -0.0208759307861328 0.4708251953125 0.60137939453125
-0.0126657485961914 -0.013427734375 0.28106689453125 0.36614990234375
-0.0109786987304688 -0.0394935607910156 0.06036376953125 0.0229682922363281
-0.00677680969238281 -0.0310649871826172 -0.19232177734375 -0.3170166015625
-0.00275611877441407 -0.026519775390625 -0.448516845703125 -0.49517822265625
-0.00943183898925781 -0.0264739990234375 -0.713134765625 -0.42950439453125
-0.0114269256591797 -0.0254650115966797 -0.82806396484375 -0.23760986328125
0.0111351013183594 -0.000330924987792969 -0.78515625 -0.21881103515625
-0.00894355773925781 0.0216350555419922 -0.58306884765625 -0.0626220703124999
-0.0206527709960937 0.00566482543945313 -0.18817138671875 -0.0457305908203125
0.0618553161621094 0.029144287109375 0.19140625 0.0471954345703125
0.0617523193359375 0.0338249206542969 0.619384765625 0.17779541015625
0.03936767578125 -0.0005035400390625 0.7530517578125 0.22674560546875
-0.00573253631591797 -0.00745773315429687 0.72283935546875 0.4259033203125
-0.0337333679199219 0.0174827575683594 0.56146240234375 0.615234375
-0.0148944854736328 0.0126018524169922 0.46466064453125 0.614013671875
0.000749588012695313 0.018524169921875 0.2774658203125 0.36663818359375
0.000871658325195313 -0.0122957229614258 0.059539794921875 0.0159721374511719
0.0053400993347168 -0.00663423538208008 -0.19683837890625 -0.317230224609375
0.000896692276000976 0.00296425819396973 -0.45849609375 -0.486602783203125
-0.0138530731201172 -0.00234794616699218 -0.71783447265625 -0.41461181640625
-0.0223827362060547 -0.0185756683349609 -0.8309326171875 -0.2164306640625
0.0174760818481445 -0.0151710510253906 -0.7908935546875 -0.2047119140625
0.0267391204833984 0.0145492553710938 -0.586181640625 -0.0615234374999999
0.0291347503662109 0.0199947357177734 -0.188323974609375 -0.049468994140625
0.104377746582031 0.0546722412109375 0.20086669921875 0.050537109375
0.105819702148438 0.0399627685546875 0.6119384765625 0.17987060546875
0.0587272644042969 -0.0141563415527344 0.74688720703125 0.24774169921875
-0.0124645233154297 -0.0143318176269531 0.724609375 0.44598388671875
-0.0460777282714844 0.0336723327636719 0.5633544921875 0.62286376953125
-0.0170783996582031 0.0394859313964844 0.46136474609375 0.608642578125
0.00783538818359375 0.0436820983886719 0.269073486328125 0.354583740234375
0.0118303298950195 0.00367259979248047 0.0506095886230469 0.00150299072265625
0.0118732452392578 0.0192050933837891 -0.20751953125 -0.326385498046875
0.00352859497070313 0.0321540832519531 -0.4697265625 -0.488616943359375
-0.019805908203125 0.0191421508789063 -0.72607421875 -0.4073486328125
-0.0307426452636719 -0.0129528045654297 -0.8309326171875 -0.20526123046875
0.0256671905517578 -0.0277347564697266 -0.79339599609375 -0.1917724609375
0.0634765625 0.00938796997070313 -0.5855712890625 -0.0585327148437501
0.0729293823242188 0.0344772338867188 -0.176910400390625 -0.0504608154296875
0.131126403808594 0.0646896362304688 0.22100830078125 0.0545654296875
0.134124755859375 0.0407028198242188 0.6064453125 0.17791748046875
0.067413330078125 -0.0211563110351563 0.7457275390625 0.26385498046875
-0.0187492370605469 -0.0104331970214844 0.7359619140625 0.4632568359375
-0.0499038696289063 0.0484199523925781 0.57818603515625 0.61712646484375
-0.0189704895019531 0.0623512268066406 0.459228515625 0.588134765625
0.0136833190917969 0.0626029968261719 0.2591552734375 0.32647705078125
0.0177459716796875 0.0185661315917969 0.0357131958007812 -0.0180015563964844
0.0176601409912109 0.0334644317626953 -0.222930908203125 -0.344757080078125
0.00379562377929687 0.0502395629882813 -0.4781494140625 -0.501434326171875
-0.0226402282714844 0.0354232788085937 -0.72503662109375 -0.416748046875
-0.0359001159667969 -0.0113906860351563 -0.82452392578125 -0.2044677734375
0.0371780395507813 -0.0374794006347656 -0.785888671875 -0.1884765625
0.09381103515625 0.0107421875 -0.578369140625 -0.05963134765625
0.108360290527344 0.0493316650390625 -0.154327392578125 -0.0417938232421875
0.14630126953125 0.0633392333984375 0.241378784179687 0.05487060546875
0.14166259765625 0.0326080322265625 0.6026611328125 0.17486572265625
0.0660934448242188 -0.0230903625488281 0.7515869140625 0.27630615234375
-0.0212459564208984 -0.00793266296386719 0.76141357421875 0.4600830078125
-0.0496559143066406 0.0579833984375 0.5982666015625 0.59759521484375
-0.0174064636230469 0.0685844421386719 0.460693359375 0.55792236328125
0.0171546936035156 0.0646896362304688 0.244476318359375 0.297760009765625
0.0170860290527344 0.0215015411376953 0.0155220031738281 -0.04364013671875
0.0190277099609375 0.0419502258300781 -0.240966796875 -0.36529541015625
0.0012969970703125 0.0585899353027344 -0.484344482421875 -0.524627685546875
-0.0305747985839844 0.0408401489257813 -0.71734619140625 -0.43463134765625
-0.0394363403320313 -0.0161247253417969 -0.81146240234375 -0.214599609375
0.0486679077148437 -0.0432357788085938 -0.77764892578125 -0.186767578125
0.116004943847656 0.0160064697265625 -0.56475830078125 -0.0618896484375001
0.127410888671875 0.0696868896484375 -0.133796691894531 -0.0293197631835938
0.14532470703125 0.050262451171875 0.265640258789063 0.0567169189453125
0.132186889648438 0.0249252319335938 0.60968017578125 0.172119140625
0.0613212585449219 -0.0194168090820313 0.77020263671875 0.27301025390625
-0.0198764801025391 -0.000316619873046873 0.7950439453125 0.441162109375
-0.046966552734375 0.0575637817382812 0.62335205078125 0.561279296875
-0.0156745910644531 0.0637016296386719 0.465972900390625 0.516693115234375
0.0124473571777344 0.0552291870117188 0.230010986328125 0.268035888671875
0.014251708984375 0.0183067321777344 -0.00473785400390626 -0.0653266906738281
0.0133552551269531 0.0389671325683594 -0.2510986328125 -0.391754150390625
-0.00464630126953124 0.0563697814941406 -0.480438232421875 -0.558258056640625
-0.0359268188476562 0.0355148315429688 -0.7021484375 -0.46826171875
-0.039581298828125 -0.0193901062011719 -0.79412841796875 -0.23284912109375
0.0583000183105469 -0.0412330627441406 -0.76568603515625 -0.193115234375
0.122062683105469 0.0275192260742188 -0.557220458984375 -0.067291259765625
0.128021240234375 0.0821380615234375 -0.111846923828125 -0.0132675170898437
0.12841796875 0.0337371826171875 0.288360595703125 0.056121826171875
0.110626220703125 0.0201644897460938 0.61602783203125 0.16455078125
0.0510292053222656 -0.0100860595703125 0.78778076171875 0.259033203125
-0.0141716003417969 0.00478076934814453 0.82330322265625 0.406982421875
-0.0377197265625 0.0490379333496094 0.6416015625 0.51971435546875
-0.0146827697753906 0.046417236328125 0.470794677734375 0.47760009765625
0.0060272216796875 0.0372886657714844 0.215438842773438 0.244140625
0.0067596435546875 0.00222492218017578 -0.022186279296875 -0.085052490234375
0.00680351257324219 0.0255165100097656 -0.258087158203125 -0.418365478515625
-0.0111808776855469 0.0400276184082031 -0.46466064453125 -0.596435546875
-0.0355224609375 0.0242156982421875 -0.67474365234375 -0.50555419921875
-0.0320358276367188 -0.0227088928222656 -0.7696533203125 -0.259765625
0.0578041076660156 -0.0327873229980469 -0.75286865234375 -0.19989013671875
0.111846923828125 0.03485107421875 -0.549102783203125 -0.0715942382812501
0.109367370605469 0.0842361450195312 -0.0916519165039063 0.00522613525390624
-0.0239486694335938 -0.0371589660644531 0.201446533203125 0.0390472412109375
-0.0399589538574219 0.0153999328613281 0.62677001953125 0.1451416015625
-0.00215339660644531 0.0337009429931641 0.7720947265625 0.1829833984375
0.0140161514282227 0.00932216644287109 0.75677490234375 0.3653564453125
-0.00636482238769531 -0.0168628692626953 0.5980224609375 0.553955078125
-0.0106964111328125 -0.0543899536132813 0.49444580078125 0.56243896484375
-0.0252227783203125 -0.0430259704589844 0.2840576171875 0.34857177734375
-0.0237922668457031 -0.0599937438964844 0.053192138671875 0.0142173767089844
-0.0168991088867188 -0.0566940307617188 -0.201446533203125 -0.318634033203125
-0.00627899169921875 -0.0561408996582031 -0.449981689453125 -0.5042724609375
-0.00249481201171875 -0.0485267639160156 -0.70989990234375 -0.44500732421875
-0.00136947631835937 -0.0275821685791016 -0.82037353515625 -0.24700927734375
0.000576019287109374 0.0149440765380859 -0.77703857421875 -0.21832275390625
-0.0418891906738281 0.0297431945800781 -0.57269287109375 -0.0560302734374999
-0.0635871887207031 -0.00749206542968751 -0.180801391601563 -0.0345458984375
0.0174026489257813 -0.00686073303222656 0.191253662109375 0.038787841796875
0.0094451904296875 0.0221920013427734 0.62823486328125 0.15594482421875
0.0168294906616211 0.0161056518554688 0.7618408203125 0.19281005859375
0.00297141075134277 0.000674247741699219 0.73712158203125 0.38885498046875
-0.0185317993164062 0.00258064270019531 0.57904052734375 0.58441162109375
-0.0115261077880859 -0.0218906402587891 0.4805908203125 0.5914306640625
-0.0111236572265625 -0.0127029418945313 0.2861328125 0.360504150390625
-0.0121726989746094 -0.0364913940429688 0.0620346069335938 0.0207290649414062
-0.00808906555175781 -0.0317840576171875 -0.197723388671875 -0.3095703125
-0.00351142883300781 -0.0266952514648438 -0.4530029296875 -0.48236083984375
-0.00752639770507813 -0.0271377563476563 -0.71734619140625 -0.4154052734375
-0.0144519805908203 -0.0239162445068359 -0.8262939453125 -0.2218017578125
0.0104522705078125 -0.00109195709228516 -0.78643798828125 -0.201416015625
-0.00803947448730469 0.0234336853027344 -0.5794677734375 -0.0499877929687501
-0.0218143463134766 0.00568389892578125 -0.189834594726562 -0.0422821044921875
0.0624465942382812 0.0262641906738281 0.188919067382813 0.04412841796875
0.0611228942871094 0.0314521789550781 0.61993408203125 0.16455078125
0.0391616821289062 -0.00283050537109375 0.75408935546875 0.212890625
-0.00688600540161133 -0.00695085525512695 0.7259521484375 0.41253662109375
-0.0316638946533203 0.0203475952148438 0.57000732421875 0.6033935546875
-0.0131168365478516 0.0124740600585937 0.4755859375 0.60321044921875
0.000263214111328123 0.0189895629882813 0.28399658203125 0.3587646484375
0.000241279602050782 -0.0128688812255859 0.060699462890625 0.0147590637207031
0.00339937210083008 -0.00633049011230469 -0.202117919921875 -0.311920166015625
0.00198888778686523 0.00460958480834961 -0.46368408203125 -0.476043701171875
-0.0120210647583008 -0.00222587585449219 -0.7257080078125 -0.3994140625
-0.0214500427246094 -0.0180778503417969 -0.83154296875 -0.20001220703125
0.0158729553222656 -0.0146961212158203 -0.79278564453125 -0.1910400390625
0.0289936065673828 0.0159435272216797 -0.58587646484375 -0.04754638671875
0.0285186767578125 0.0166816711425781 -0.188369750976563 -0.046417236328125
0.102874755859375 0.0518112182617188 0.199737548828125 0.04486083984375
0.1058349609375 0.0367965698242188 0.61181640625 0.16656494140625
0.0578765869140625 -0.0170440673828125 0.74700927734375 0.231201171875
-0.014312744140625 -0.0120077133178711 0.7283935546875 0.4351806640625
-0.0430259704589844 0.036651611328125 0.57122802734375 0.61126708984375
-0.0177116394042969 0.0414543151855469 0.4691162109375 0.59808349609375
0.0112342834472656 0.0445480346679687 0.274871826171875 0.346588134765625
0.0105428695678711 0.00624370574951172 0.0525550842285156 0.001007080078125
0.0133762359619141 0.0173845291137695 -0.21112060546875 -0.3223876953125
0.00535392761230469 0.0297718048095703 -0.475494384765625 -0.4801025390625
-0.0158882141113281 0.0197582244873047 -0.7305908203125 -0.3929443359375
-0.0311946868896484 -0.0131397247314453 -0.8291015625 -0.18902587890625
0.0246925354003906 -0.0281009674072266 -0.79376220703125 -0.17657470703125
0.0648956298828125 0.00830841064453125 -0.58392333984375 -0.0469970703125
0.0746307373046875 0.031951904296875 -0.176651000976563 -0.046478271484375
0.133659362792969 0.0625839233398438 0.21832275390625 0.04931640625
0.131278991699219 0.0368194580078125 0.6083984375 0.16473388671875
0.06622314453125 -0.0247802734375 0.747802734375 0.24896240234375
-0.0205898284912109 -0.0121135711669922 0.7410888671875 0.4462890625
-0.0498771667480469 0.0506591796875 0.58685302734375 0.60394287109375
-0.0166511535644531 0.0609245300292969 0.46746826171875 0.57733154296875
0.0163307189941406 0.06201171875 0.26263427734375 0.3211669921875
0.0190010070800781 0.0198307037353516 0.0364837646484375 -0.0193595886230469
0.0184555053710938 0.0340766906738281 -0.228485107421875 -0.33892822265625
0.00536727905273437 0.0499916076660156 -0.483673095703125 -0.49127197265625
-0.0235328674316406 0.0354881286621094 -0.72882080078125 -0.4007568359375
-0.037200927734375 -0.0116691589355469 -0.825439453125 -0.18780517578125
0.0356636047363281 -0.0384597778320312 -0.78607177734375 -0.17242431640625
0.0948638916015625 0.00730133056640625 -0.57513427734375 -0.0489501953125001
0.109199523925781 0.0500869750976562 -0.158035278320313 -0.039703369140625
0.146987915039063 0.060791015625 0.240890502929688 0.051605224609375
0.142044067382813 0.0302581787109375 0.6038818359375 0.164306640625
0.0649032592773438 -0.0252799987792969 0.7562255859375 0.259765625
-0.0222549438476563 -0.0054931640625 0.765380859375 0.4456787109375
-0.0514259338378906 0.0574531555175781 0.6072998046875 0.58453369140625
-0.0153312683105469 0.0696220397949219 0.466796875 0.5447998046875
0.0164527893066406 0.0647048950195313 0.24786376953125 0.29412841796875
0.01715087890625 0.0226821899414063 0.0144805908203125 -0.0422592163085938
0.0190200805664063 0.0421600341796875 -0.2451171875 -0.359771728515625
0.00270462036132813 0.0592117309570312 -0.49041748046875 -0.514434814453125
-0.0300140380859375 0.0416793823242188 -0.72467041015625 -0.421142578125
-0.0386848449707031 -0.0143241882324219 -0.812255859375 -0.19879150390625
0.04718017578125 -0.044586181640625 -0.77593994140625 -0.17254638671875
0.114646911621094 0.0159225463867188 -0.5665283203125 -0.05010986328125
0.128555297851563 0.0651473999023438 -0.133522033691406 -0.0285797119140625
0.144821166992188 0.0490264892578125 0.266708374023438 0.051788330078125
0.133598327636719 0.0226516723632813 0.61138916015625 0.16162109375
0.059326171875 -0.0211410522460938 0.77191162109375 0.2587890625
-0.0226459503173828 0.000244140624999998 0.80072021484375 0.42535400390625
-0.0447616577148438 0.0587882995605469 0.62884521484375 0.54913330078125
-0.0142440795898438 0.0646629333496094 0.473968505859375 0.50732421875
0.0147857666015625 0.0557060241699219 0.233932495117188 0.262557983398438
0.0135536193847656 0.0164928436279297 -0.00548934936523438 -0.0640144348144531
0.0148200988769531 0.0377273559570313 -0.2598876953125 -0.3851318359375
-0.00406646728515625 0.0550422668457031 -0.487701416015625 -0.546905517578125
-0.0346260070800781 0.0376663208007813 -0.70745849609375 -0.45294189453125
-0.0387496948242188 -0.0203819274902344 -0.79229736328125 -0.21826171875
0.0565910339355469 -0.0428123474121094 -0.7655029296875 -0.17816162109375
0.122406005859375 0.0236434936523438 -0.55615234375 -0.0557556152343751
0.128852844238281 0.0800399780273437 -0.11126708984375 -0.0110397338867187
0.127182006835938 0.031829833984375 0.287872314453125 0.050933837890625
0.111648559570313 0.0191802978515625 0.61895751953125 0.15179443359375
0.0502433776855469 -0.0139122009277344 0.78985595703125 0.242431640625
-0.0132150650024414 0.0054922103881836 0.82916259765625 0.3919677734375
-0.0398674011230469 0.0504226684570313 0.6513671875 0.50677490234375
-0.0137443542480469 0.0483283996582031 0.476409912109375 0.47003173828125
0.00523757934570313 0.0386505126953125 0.218338012695312 0.2401123046875
0.00767230987548828 0.00326776504516602 -0.0235748291015625 -0.0844192504882813
0.00844573974609375 0.0264396667480469 -0.26434326171875 -0.40936279296875
-0.00854873657226563 0.040313720703125 -0.4732666015625 -0.5858154296875
-0.0344009399414063 0.0266628265380859 -0.68096923828125 -0.49090576171875
-0.0313892364501953 -0.0221824645996094 -0.77313232421875 -0.24407958984375
0.057464599609375 -0.0333366394042969 -0.753662109375 -0.1866455078125
0.11248779296875 0.0341949462890625 -0.548614501953125 -0.060943603515625
0.111160278320313 0.0824661254882813 -0.09344482421875 0.0084381103515625
-0.0258045196533203 -0.0341796875 0.199066162109375 0.036163330078125
-0.0392036437988281 0.0174140930175781 0.62799072265625 0.133056640625
-0.0026702880859375 0.0328273773193359 0.76910400390625 0.16790771484375
0.0141096115112305 0.00792312622070313 0.75909423828125 0.3515625
-0.00828933715820312 -0.0153837203979492 0.6053466796875 0.54425048828125
-0.00985336303710937 -0.0506057739257813 0.50286865234375 0.55206298828125
-0.0265693664550781 -0.0438957214355469 0.288238525390625 0.34063720703125
-0.0262031555175781 -0.0605850219726563 0.0544624328613281 0.0144271850585937
-0.01641845703125 -0.0551300048828125 -0.204833984375 -0.314697265625
-0.00677871704101563 -0.0541572570800781 -0.4552001953125 -0.495391845703125
-0.00349807739257812 -0.0488166809082031 -0.7138671875 -0.42681884765625
-0.00222015380859375 -0.0249748229980469 -0.8192138671875 -0.2337646484375
0.00184154510498047 0.0145864486694336 -0.776611328125 -0.2030029296875
-0.0405158996582031 0.0270576477050781 -0.57147216796875 -0.0429077148437501
-0.0654335021972656 -0.00548934936523438 -0.180572509765625 -0.0325164794921875
0.016718864440918 -0.0064697265625 0.188995361328125 0.03662109375
0.00834274291992188 0.0234394073486328 0.62542724609375 0.1439208984375
0.0185260772705078 0.0146293640136719 0.76116943359375 0.18072509765625
0.0019153356552124 0.000740170478820801 0.7386474609375 0.37493896484375
-0.0187969207763672 0.00269889831542969 0.5845947265625 0.57135009765625
-0.0136184692382813 -0.0207862854003906 0.48944091796875 0.5809326171875
-0.0122995376586914 -0.0131502151489258 0.290283203125 0.35430908203125
-0.0149040222167969 -0.0351791381835938 0.0627899169921875 0.018524169921875
-0.00774192810058593 -0.0280323028564453 -0.199188232421875 -0.30340576171875
-0.00260734558105469 -0.0270328521728516 -0.460601806640625 -0.474639892578125
-0.00830650329589844 -0.0256786346435547 -0.71923828125 -0.400390625
-0.0138225555419922 -0.0223140716552734 -0.82843017578125 -0.2066650390625
0.00868654251098633 -0.00269699096679688 -0.78692626953125 -0.18963623046875
-0.00481414794921875 0.0225830078125 -0.58135986328125 -0.0394287109374999
-0.0186614990234375 0.00794410705566406 -0.190597534179687 -0.0388336181640625
0.0624542236328125 0.0279083251953125 0.187515258789063 0.0417633056640625
0.0594673156738281 0.0310745239257813 0.6201171875 0.15399169921875
0.0400238037109375 -0.00403594970703125 0.7547607421875 0.19854736328125
-0.00688791275024414 -0.00809049606323242 0.7283935546875 0.3980712890625
-0.0308589935302734 0.0201930999755859 0.5762939453125 0.592529296875
-0.0141162872314453 0.0109977722167969 0.48333740234375 0.59295654296875
0.00103569030761719 0.0198993682861328 0.289642333984375 0.35418701171875
0.000207901000976562 -0.0124778747558594 0.0610313415527344 0.0151863098144531
0.00534296035766602 -0.00535488128662109 -0.20233154296875 -0.307403564453125
0.00113391876220703 0.00452280044555664 -0.466400146484375 -0.46478271484375
-0.0130100250244141 -0.00216960906982422 -0.72662353515625 -0.385498046875
-0.0254592895507813 -0.0160083770751953 -0.8321533203125 -0.1846923828125
0.0163440704345703 -0.0145044326782227 -0.793212890625 -0.17596435546875
0.0295734405517578 0.0154228210449219 -0.5848388671875 -0.0369873046875001
0.0294532775878906 0.0184688568115234 -0.1898193359375 -0.04473876953125
0.101455688476562 0.0485992431640625 0.197662353515625 0.0443267822265625
0.103645324707031 0.0360107421875 0.6121826171875 0.157470703125
0.0547714233398438 -0.0189552307128906 0.7481689453125 0.21795654296875
-0.0150680541992187 -0.0121803283691406 0.72967529296875 0.4207763671875
-0.0439338684082031 0.0371017456054688 0.57928466796875 0.59979248046875
-0.0137596130371094 0.0412254333496094 0.4775390625 0.58966064453125
0.01092529296875 0.0451927185058594 0.27862548828125 0.339019775390625
0.00924873352050781 0.00770950317382813 0.0502090454101562 0.00083160400390625
0.0130977630615234 0.0182723999023438 -0.21722412109375 -0.316802978515625
0.00487136840820312 0.0302410125732422 -0.48028564453125 -0.468597412109375
-0.0160636901855469 0.0214405059814453 -0.73126220703125 -0.3817138671875
-0.0316429138183594 -0.0128459930419922 -0.82952880859375 -0.1739501953125
0.0234375 -0.0282917022705078 -0.7938232421875 -0.16363525390625
0.0640716552734375 0.00860214233398438 -0.5823974609375 -0.0377197265624999
0.0746383666992188 0.0304412841796875 -0.178955078125 -0.043212890625
0.130599975585938 0.060577392578125 0.218582153320313 0.04571533203125
0.133186340332031 0.0354690551757813 0.608154296875 0.15399169921875
0.0654945373535156 -0.0266914367675781 0.74652099609375 0.23602294921875
-0.0193901062011719 -0.0111351013183594 0.7447509765625 0.43304443359375
-0.0480995178222656 0.0519790649414062 0.5928955078125 0.5924072265625
-0.0149803161621094 0.0627899169921875 0.47625732421875 0.56707763671875
0.0182266235351562 0.0624198913574219 0.267364501953125 0.313201904296875
0.0159244537353516 0.0175952911376953 0.0358428955078125 -0.0181617736816406
0.0197334289550781 0.0333232879638672 -0.23199462890625 -0.330108642578125
0.00813674926757813 0.0527725219726563 -0.488983154296875 -0.47955322265625
-0.0211753845214844 0.0356636047363281 -0.732177734375 -0.38677978515625
-0.0391120910644531 -0.00870513916015624 -0.82330322265625 -0.17474365234375
0.034637451171875 -0.039520263671875 -0.787109375 -0.16015625
0.0958175659179688 0.006805419921875 -0.57440185546875 -0.0390624999999999
0.110130310058594 0.0450286865234375 -0.158447265625 -0.0380096435546875
0.145721435546875 0.058685302734375 0.23931884765625 0.0465545654296875
0.141250610351563 0.028839111328125 0.6058349609375 0.1517333984375
0.0648384094238281 -0.0267524719238281 0.756103515625 0.24725341796875
-0.0236034393310547 -0.00620841979980469 0.76947021484375 0.43310546875
-0.0492210388183594 0.0591964721679688 0.61370849609375 0.5711669921875
-0.0149383544921875 0.0697822570800781 0.476776123046875 0.5335693359375
0.0194931030273438 0.065277099609375 0.249725341796875 0.288238525390625
0.0184059143066406 0.0215778350830078 0.0148124694824219 -0.0433273315429687
0.0190658569335938 0.0429611206054688 -0.2486572265625 -0.35296630859375
0.00421524047851562 0.0600929260253906 -0.495635986328125 -0.50372314453125
-0.0294609069824219 0.0425796508789062 -0.72698974609375 -0.4058837890625
-0.0390510559082031 -0.0145950317382812 -0.81146240234375 -0.18438720703125
0.0467567443847656 -0.0448989868164063 -0.7752685546875 -0.1595458984375
0.115623474121094 0.0130538940429688 -0.56304931640625 -0.0409545898437499
0.129104614257813 0.0640640258789063 -0.13623046875 -0.0259628295898438
0.142990112304688 0.0466156005859375 0.264297485351563 0.04705810546875
0.131095886230469 0.0210494995117187 0.60986328125 0.14959716796875
0.0592460632324219 -0.0223464965820313 0.77197265625 0.24493408203125
-0.0214309692382812 0.00159454345703125 0.80126953125 0.41064453125
-0.0448455810546875 0.0598678588867188 0.6373291015625 0.53466796875
-0.0140380859375 0.0636825561523438 0.478607177734375 0.49774169921875
0.0154914855957031 0.0573959350585938 0.235855102539063 0.258575439453125
0.0145072937011719 0.0183315277099609 -0.00690841674804688 -0.0660324096679688
0.0160980224609375 0.0380897521972656 -0.2635498046875 -0.378631591796875
-0.00152587890625 0.0552253723144531 -0.492431640625 -0.537994384765625
-0.0347099304199219 0.0377693176269531 -0.71112060546875 -0.4390869140625
-0.0400047302246094 -0.0181922912597656 -0.79248046875 -0.20147705078125
0.0543785095214844 -0.0436553955078125 -0.76446533203125 -0.1617431640625
0.123405456542969 0.023284912109375 -0.5546875 -0.04437255859375
0.130844116210938 0.077545166015625 -0.111732482910156 -0.00987243652343749
0.125015258789063 0.02880859375 0.2867431640625 0.0462646484375
0.11102294921875 0.0170440673828125 0.61669921875 0.14056396484375
0.0500030517578125 -0.0122833251953125 0.789794921875 0.2261962890625
-0.0148897171020508 0.00436592102050781 0.82684326171875 0.37762451171875
-0.0378646850585938 0.0517730712890625 0.65386962890625 0.49444580078125
-0.0132293701171875 0.048614501953125 0.4813232421875 0.459564208984375
0.00754547119140625 0.0400161743164063 0.22296142578125 0.23504638671875
0.00778102874755859 0.00395345687866211 -0.0245285034179687 -0.0839920043945313
0.00853919982910156 0.0245323181152344 -0.271148681640625 -0.40283203125
-0.0067291259765625 0.0398521423339844 -0.4776611328125 -0.57244873046875
-0.0329113006591797 0.0271282196044922 -0.6849365234375 -0.47833251953125
-0.0315837860107422 -0.0195732116699219 -0.7724609375 -0.2296142578125
0.0569381713867187 -0.0337753295898438 -0.7520751953125 -0.1728515625
0.111862182617187 0.03302001953125 -0.546722412109375 -0.051788330078125
0.113494873046875 0.08001708984375 -0.0941619873046875 0.00872039794921877
-0.0285148620605469 -0.0358161926269531 0.197586059570313 0.030303955078125
-0.0389022827148438 0.0155487060546875 0.62493896484375 0.12353515625
-0.000972747802734374 0.0311050415039063 0.7659912109375 0.15423583984375
0.0145854949951172 0.00529289245605469 0.75994873046875 0.33734130859375
-0.00742149353027344 -0.014857292175293 0.61016845703125 0.5302734375
-0.0115203857421875 -0.0523147583007813 0.507080078125 0.542938232421875
-0.0255966186523438 -0.0412864685058594 0.289947509765625 0.331573486328125
-0.0276336669921875 -0.0551185607910156 0.0546760559082031 0.0123329162597656
-0.0187835693359375 -0.0540390014648438 -0.208221435546875 -0.307098388671875
-0.00815582275390625 -0.0562171936035156 -0.458740234375 -0.4842529296875
-0.00212860107421875 -0.0468215942382813 -0.7149658203125 -0.4144287109375
-0.00306129455566407 -0.0268707275390625 -0.81640625 -0.21881103515625
0.00334453582763672 0.0126705169677734 -0.775390625 -0.191650390625
-0.0390815734863281 0.0315589904785156 -0.568603515625 -0.0357666015625
-0.0616035461425781 -0.00358963012695313 -0.180282592773437 -0.0306549072265625
0.0115537643432617 -0.00749492645263672 0.186630249023438 0.0323333740234375
0.00683403015136719 0.0226421356201172 0.624755859375 0.13433837890625
0.0148754119873047 0.0128192901611328 0.75933837890625 0.166259765625
0.00190103054046631 0.00145518779754639 0.73828125 0.35870361328125
-0.0162124633789063 0.003265380859375 0.58978271484375 0.55987548828125
-0.0106105804443359 -0.0200366973876953 0.49249267578125 0.5687255859375
-0.0134267807006836 -0.0107212066650391 0.2950439453125 0.345672607421875
-0.0140266418457031 -0.0341453552246094 0.0626487731933594 0.0183486938476562
-0.00559425354003906 -0.0297145843505859 -0.20330810546875 -0.301116943359375
-0.0015869140625 -0.0259685516357422 -0.463958740234375 -0.46240234375
-0.00782203674316406 -0.0266075134277344 -0.72113037109375 -0.38623046875
-0.0156135559082031 -0.0223503112792969 -0.8226318359375 -0.18902587890625
0.00801181793212891 -0.00225973129272461 -0.78662109375 -0.175048828125
-0.00661087036132812 0.02392578125 -0.57421875 -0.02935791015625
-0.0180263519287109 0.00604629516601563 -0.192886352539063 -0.0354461669921875
0.0604972839355469 0.0269889831542969 0.186782836914063 0.0377044677734375
0.0612030029296875 0.028778076171875 0.6177978515625 0.1435546875
0.0356483459472656 -0.00593185424804688 0.7515869140625 0.18292236328125
-0.00824975967407226 -0.00750160217285156 0.72821044921875 0.38458251953125
-0.0301322937011719 0.0213756561279297 0.5814208984375 0.5777587890625
-0.0133247375488281 0.0127496719360352 0.48565673828125 0.58087158203125
3.81469726562519E-05 0.0193920135498047 0.293182373046875 0.348114013671875
-0.00186443328857422 -0.011683464050293 0.0636024475097656 0.0150680541992188
0.00677967071533203 -0.00514411926269531 -0.20721435546875 -0.2999267578125
0.000836610794067383 0.00398898124694824 -0.473114013671875 -0.454559326171875
-0.0106210708618164 -0.000576019287109374 -0.726806640625 -0.37249755859375
-0.0233917236328125 -0.0169429779052734 -0.826171875 -0.17138671875
0.016387939453125 -0.0145721435546875 -0.78924560546875 -0.15911865234375
0.0297756195068359 0.0144596099853516 -0.57879638671875 -0.0281982421875
0.0300140380859375 0.0178508758544922 -0.187713623046875 -0.04150390625
0.0998458862304687 0.0488815307617188 0.197525024414063 0.0404052734375
0.105606079101563 0.0349655151367188 0.61181640625 0.1436767578125
0.0550498962402344 -0.0203895568847656 0.7489013671875 0.203125
-0.0158071517944336 -0.0128459930419922 0.7335205078125 0.4053955078125
-0.0423469543457031 0.0390090942382813 0.585205078125 0.58685302734375
-0.0149002075195312 0.0420188903808594 0.4830322265625 0.5777587890625
0.0120353698730469 0.0462722778320312 0.283477783203125 0.333953857421875
0.00966262817382813 0.00790786743164063 0.0524711608886719 0.00032806396484375
0.0154876708984375 0.0175952911376953 -0.21905517578125 -0.31103515625
0.00594139099121094 0.0301380157470703 -0.4835205078125 -0.45721435546875
-0.0156593322753906 0.023468017578125 -0.73333740234375 -0.36834716796875
-0.0318622589111328 -0.00861930847167969 -0.8238525390625 -0.16143798828125
0.0237617492675781 -0.0280933380126953 -0.79034423828125 -0.15057373046875
0.0644798278808594 0.009735107421875 -0.57867431640625 -0.0300903320312499
0.0760955810546875 0.029022216796875 -0.17718505859375 -0.0399017333984375
0.129829406738281 0.0567398071289063 0.216354370117188 0.0433197021484375
0.133460998535156 0.03253173828125 0.60638427734375 0.14404296875
0.0648841857910156 -0.0256233215332031 0.74554443359375 0.2208251953125
-0.0186424255371094 -0.011566162109375 0.74554443359375 0.41668701171875
-0.0492019653320313 0.0523262023925781 0.59942626953125 0.580078125
-0.0141639709472656 0.0620841979980469 0.482208251953125 0.5556640625
0.0195083618164062 0.0641288757324219 0.2694091796875 0.3082275390625
0.0172863006591797 0.0202274322509766 0.0362205505371094 -0.0189781188964844
0.021484375 0.0329837799072266 -0.236114501953125 -0.324462890625
0.0107154846191406 0.0522003173828125 -0.492462158203125 -0.468658447265625
-0.022613525390625 0.0365676879882813 -0.730224609375 -0.37322998046875
-0.0361862182617188 -0.00844192504882813 -0.8175048828125 -0.1607666015625
0.0344581604003906 -0.0388336181640625 -0.78363037109375 -0.1453857421875
0.0925827026367188 0.00685882568359375 -0.57220458984375 -0.02947998046875
0.110763549804688 0.0432205200195313 -0.159454345703125 -0.0366668701171875
0.14495849609375 0.0549468994140625 0.240249633789063 0.04351806640625
0.139419555664063 0.0255661010742188 0.60174560546875 0.1429443359375
0.0619354248046875 -0.0293617248535156 0.7547607421875 0.2322998046875
-0.0241851806640625 -0.00614738464355469 0.7708740234375 0.41693115234375
-0.0483016967773438 0.0591773986816406 0.61663818359375 0.5574951171875
-0.0137176513671875 0.071014404296875 0.47979736328125 0.522613525390625
0.0206947326660156 0.065643310546875 0.25408935546875 0.282470703125
0.0174694061279297 0.023590087890625 0.0142669677734375 -0.042327880859375
0.0220909118652344 0.040069580078125 -0.25146484375 -0.346038818359375
0.00385665893554688 0.0582046508789062 -0.50054931640625 -0.489593505859375
-0.0266227722167969 0.0428314208984375 -0.72723388671875 -0.39227294921875
-0.0398292541503906 -0.0114402770996094 -0.80865478515625 -0.17181396484375
0.0456275939941406 -0.0477752685546875 -0.77508544921875 -0.14471435546875
0.11456298828125 0.0098114013671875 -0.560302734375 -0.03338623046875
0.130363464355469 0.0618438720703125 -0.135040283203125 -0.0250778198242188
0.1417236328125 0.0453643798828125 0.262237548828125 0.0433197021484375
0.132186889648438 0.020111083984375 0.6065673828125 0.1400146484375
0.0560874938964844 -0.0230064392089844 0.7711181640625 0.228759765625
-0.0225753784179688 0.00115013122558594 0.79931640625 0.39544677734375
-0.0422782897949219 0.0595817565917969 0.64013671875 0.521484375
-0.0117835998535156 0.0636634826660156 0.481842041015625 0.4871826171875
0.0157737731933594 0.0571670532226563 0.238479614257813 0.254196166992188
0.0131196975708008 0.0173530578613281 -0.00571823120117188 -0.0647201538085938
0.0168342590332031 0.0400161743164063 -0.267364501953125 -0.37066650390625
0.000171661376953119 0.0559883117675781 -0.49658203125 -0.52349853515625
-0.0308303833007813 0.0386123657226562 -0.71343994140625 -0.42364501953125
-0.038360595703125 -0.017852783203125 -0.7913818359375 -0.189208984375
0.0547828674316406 -0.0452880859375 -0.75946044921875 -0.15240478515625
0.122688293457031 0.01953125 -0.551300048828125 -0.0361022949218749
0.131027221679688 0.072967529296875 -0.111763000488281 -0.00617218017578125
0.124336242675781 0.0270614624023437 0.28192138671875 0.042205810546875
0.108642578125 0.016326904296875 0.61376953125 0.1300048828125
0.0491409301757813 -0.0146598815917969 0.78973388671875 0.21185302734375
-0.0156612396240234 0.00681400299072265 0.82879638671875 0.36065673828125
-0.0365028381347656 0.0508995056152344 0.65740966796875 0.47796630859375
-0.0131340026855469 0.0475120544433594 0.48223876953125 0.4464111328125
0.008758544921875 0.04010009765625 0.223785400390625 0.230056762695312
0.00660085678100586 0.00394582748413086 -0.0233840942382813 -0.0790328979492188
0.00806999206542969 0.0257034301757813 -0.27398681640625 -0.393707275390625
-0.00517654418945313 0.0386505126953125 -0.485595703125 -0.56396484375
-0.0323448181152344 0.0281162261962891 -0.68634033203125 -0.46441650390625
-0.033111572265625 -0.0193214416503906 -0.7696533203125 -0.21429443359375
0.0556869506835938 -0.0356254577636719 -0.7501220703125 -0.16033935546875
0.111968994140625 0.0313568115234375 -0.545989990234375 -0.0433959960937499
0.114013671875 0.0792999267578125 -0.0950393676757813 0.00978851318359374
-0.0301933288574219 -0.0358047485351562 0.193069458007813 0.02874755859375
-0.0386428833007813 0.0174217224121094 0.62127685546875 0.1141357421875
-0.000644683837890624 0.0323505401611328 0.7642822265625 0.14385986328125
0.0132856369018555 0.00569725036621094 0.75518798828125 0.3253173828125
-0.00742912292480469 -0.0132122039794922 0.6112060546875 0.51641845703125
-0.0133323669433594 -0.0494384765625 0.509033203125 0.530548095703125
-0.0261573791503906 -0.0378456115722656 0.294525146484375 0.327423095703125
-0.0279312133789062 -0.0551109313964844 0.0529975891113281 0.0102157592773437
-0.0173377990722656 -0.0533714294433594 -0.209197998046875 -0.30181884765625
-0.00642776489257813 -0.0550117492675781 -0.461883544921875 -0.472808837890625
-0.00378036499023437 -0.0472755432128906 -0.714111328125 -0.401611328125
-0.00324058532714844 -0.0273666381835938 -0.81494140625 -0.20367431640625
0.000635147094726563 0.0153427124023437 -0.77069091796875 -0.17877197265625
-0.0373764038085938 0.0325469970703125 -0.56402587890625 -0.0252075195312501
-0.0609169006347656 -0.00197601318359376 -0.179702758789062 -0.0263671875
0.0141372680664063 -0.00672721862792969 0.182342529296875 0.0306396484375
0.00839614868164062 0.0217514038085938 0.62042236328125 0.1241455078125
0.0143976211547852 0.0113029479980469 0.75665283203125 0.15374755859375
0.00020173192024231 -0.000123292207717896 0.73590087890625 0.34765625
-0.0159873962402344 0.0045175552368164 0.592529296875 0.54736328125
-0.0117034912109375 -0.0192375183105469 0.498992919921875 0.55767822265625
-0.0117378234863281 -0.0086526870727539 0.29559326171875 0.337432861328125
-0.0143928527832031 -0.034393310546875 0.0638275146484375 0.0164222717285156
-0.00695419311523438 -0.0291614532470703 -0.205078125 -0.293792724609375
-0.000843048095703124 -0.0263347625732422 -0.463714599609375 -0.4549560546875
-0.010345458984375 -0.0244827270507813 -0.72039794921875 -0.37530517578125
-0.0142440795898438 -0.0230731964111328 -0.82037353515625 -0.17974853515625
0.00829172134399414 -0.000502109527587891 -0.7794189453125 -0.164306640625
-0.00244903564453125 0.0221652984619141 -0.57049560546875 -0.023193359375
-0.01824951171875 0.0055389404296875 -0.192214965820313 -0.0330963134765625
0.0575103759765625 0.0244369506835938 0.184524536132812 0.034332275390625
0.0582695007324219 0.0309028625488281 0.61553955078125 0.13104248046875
0.03662109375 -0.00461959838867187 0.74737548828125 0.171142578125
-0.00859642028808594 -0.00885868072509765 0.729736328125 0.371337890625
-0.0288791656494141 0.0221633911132812 0.5828857421875 0.56573486328125
-0.0125951766967773 0.0104646682739258 0.4906005859375 0.570556640625
0.0021820068359375 0.0218486785888672 0.295379638671875 0.337493896484375
-0.00250911712646484 -0.0106182098388672 0.064056396484375 0.012298583984375
0.00565862655639648 -0.00249767303466797 -0.207611083984375 -0.2943115234375
0.00242877006530762 0.00355243682861328 -0.4730224609375 -0.44512939453125
-0.0128040313720703 0.00029277801513672 -0.7255859375 -0.35736083984375
-0.0243320465087891 -0.0146408081054687 -0.8203125 -0.15765380859375
0.0154886245727539 -0.0161819458007813 -0.7857666015625 -0.1475830078125
0.0305194854736328 0.0153865814208984 -0.57427978515625 -0.0193481445312499
0.0303115844726562 0.0159740447998047 -0.188583374023438 -0.0363006591796875
0.0968551635742188 0.0460357666015625 0.19512939453125 0.036773681640625
0.103507995605469 0.0329971313476563 0.609130859375 0.13494873046875
0.0543594360351563 -0.0202789306640625 0.74420166015625 0.1912841796875
-0.0157022476196289 -0.0140419006347656 0.73236083984375 0.39111328125
-0.0408172607421875 0.0385475158691406 0.5887451171875 0.57427978515625
-0.0136337280273438 0.04193115234375 0.48468017578125 0.561767578125
0.012115478515625 0.0458145141601562 0.286346435546875 0.326507568359375
0.0110769271850586 0.00716209411621094 0.0528640747070313 0.00132369995117188
0.0151863098144531 0.0178012847900391 -0.221832275390625 -0.303009033203125
0.0086517333984375 0.0310382843017578 -0.48583984375 -0.447601318359375
-0.0145053863525391 0.0225391387939453 -0.7327880859375 -0.3536376953125
-0.0314388275146484 -0.00924110412597657 -0.8216552734375 -0.1473388671875
0.0233078002929688 -0.0300445556640625 -0.78753662109375 -0.13641357421875
0.0640068054199219 0.0084381103515625 -0.57122802734375 -0.0213623046875
0.0762710571289063 0.0270462036132813 -0.179473876953125 -0.0369110107421875
0.128692626953125 0.0558395385742187 0.213180541992188 0.037567138671875
0.131439208984375 0.0311203002929688 0.60296630859375 0.135498046875
0.06207275390625 -0.0269126892089844 0.74249267578125 0.208740234375
-0.0233802795410156 -0.0117740631103516 0.74542236328125 0.4033203125
-0.0462837219238281 0.0522308349609375 0.600830078125 0.5660400390625
-0.012054443359375 0.0641250610351563 0.48370361328125 0.543426513671875
0.02044677734375 0.0619010925292969 0.272491455078125 0.3023681640625
0.0160694122314453 0.0210723876953125 0.0353775024414063 -0.0209999084472656
0.0226116180419922 0.0343341827392578 -0.23858642578125 -0.318084716796875
0.00992202758789063 0.0487289428710938 -0.4935302734375 -0.459320068359375
-0.0203323364257813 0.0378837585449219 -0.73211669921875 -0.35955810546875
-0.0374832153320313 -0.00617218017578125 -0.81439208984375 -0.15032958984375
0.0326194763183594 -0.0416259765625 -0.77911376953125 -0.1309814453125
0.0918807983398438 0.00540924072265625 -0.5682373046875 -0.0206909179687499
0.111984252929688 0.0416641235351563 -0.159271240234375 -0.033782958984375
0.1436767578125 0.05535888671875 0.235626220703125 0.040283203125
0.140106201171875 0.0221710205078125 0.599609375 0.13226318359375
0.0615615844726563 -0.0293312072753906 0.749755859375 0.2178955078125
-0.0246505737304687 -0.00397491455078125 0.7691650390625 0.4039306640625
-0.0457801818847656 0.0599212646484375 0.61895751953125 0.5447998046875
-0.0105133056640625 0.0704498291015625 0.482269287109375 0.512908935546875
0.0202369689941406 0.0654106140136719 0.255966186523438 0.274490356445313
0.0182037353515625 0.0225925445556641 0.0143394470214844 -0.0413627624511719
0.0210647583007812 0.0427398681640625 -0.257232666015625 -0.338897705078125
0.00539779663085938 0.0581932067871094 -0.50152587890625 -0.48077392578125
-0.027862548828125 0.0441207885742188 -0.72808837890625 -0.37811279296875
-0.0408363342285156 -0.0101165771484375 -0.80419921875 -0.1580810546875
0.0433845520019531 -0.0474777221679688 -0.76678466796875 -0.13446044921875
0.114700317382813 0.00872039794921875 -0.555328369140625 -0.0230712890625
0.129524230957031 0.0599212646484375 -0.135581970214844 -0.0224838256835937
0.14044189453125 0.042999267578125 0.26025390625 0.03985595703125
0.131637573242188 0.0186920166015625 0.60491943359375 0.12841796875
0.0562858581542969 -0.0263595581054688 0.76806640625 0.21630859375
-0.0212917327880859 0.00170135498046875 0.80029296875 0.380859375
-0.0419502258300781 0.0613517761230469 0.6405029296875 0.50982666015625
-0.0120887756347656 0.0649070739746094 0.485260009765625 0.474090576171875
0.0170059204101563 0.0571708679199219 0.239898681640625 0.245040893554688
0.0135993957519531 0.0184249877929688 -0.00935363769531249 -0.0621910095214844
0.0190963745117188 0.0381965637207031 -0.2694091796875 -0.36322021484375
0.000667572021484369 0.0559234619140625 -0.4990234375 -0.514251708984375
-0.0313148498535156 0.0384330749511719 -0.7147216796875 -0.41156005859375
-0.0390281677246094 -0.0154342651367187 -0.787109375 -0.17889404296875
0.0533218383789063 -0.0450096130371094 -0.7579345703125 -0.13848876953125
0.123558044433594 0.0179519653320313 -0.54901123046875 -0.0273132324218751
0.130950927734375 0.0711822509765625 -0.112693786621094 -0.00885772705078127
0.122200012207031 0.0253067016601563 0.279525756835938 0.036346435546875
0.107589721679688 0.0135498046875 0.614501953125 0.11968994140625
0.0473556518554688 -0.0138664245605469 0.7850341796875 0.199951171875
-0.0162782669067383 0.00567626953125 0.82666015625 0.3470458984375
-0.0340576171875 0.0506439208984375 0.65789794921875 0.46722412109375
-0.0110969543457031 0.0479965209960938 0.48333740234375 0.435638427734375
0.0095062255859375 0.039703369140625 0.224685668945313 0.225372314453125
0.00676918029785156 0.00542640686035156 -0.024932861328125 -0.080902099609375
0.0114116668701172 0.0260581970214844 -0.277130126953125 -0.387664794921875
-0.00442123413085937 0.039764404296875 -0.487335205078125 -0.5516357421875
-0.0310554504394531 0.0280780792236328 -0.68719482421875 -0.45208740234375
-0.0333595275878906 -0.0179462432861328 -0.76513671875 -0.20458984375
0.0533638000488281 -0.0362205505371094 -0.74591064453125 -0.14892578125
0.113204956054687 0.0285110473632812 -0.53912353515625 -0.034210205078125
0.111045837402344 0.0741348266601563 -0.0936126708984375 0.00867462158203128
-0.0290908813476563 -0.0363540649414062 0.192291259765625 0.0284576416015625
-0.0379371643066406 0.0174636840820313 0.61724853515625 0.1075439453125
-0.00172233581542969 0.0324211120605469 0.75836181640625 0.1328125
0.0119504928588867 0.00676631927490234 0.75323486328125 0.31201171875
-0.00696468353271484 -0.0143337249755859 0.611083984375 0.50604248046875
-0.013214111328125 -0.0499763488769531 0.51202392578125 0.519927978515625
-0.0260887145996094 -0.0360832214355469 0.29412841796875 0.3216552734375
-0.0277519226074219 -0.0544471740722656 0.054473876953125 0.0125389099121094
-0.0195159912109375 -0.0503501892089844 -0.209808349609375 -0.294708251953125
-0.00811767578125 -0.0546302795410156 -0.461151123046875 -0.46478271484375
-0.00273895263671875 -0.0472526550292969 -0.71270751953125 -0.39031982421875
-0.0047607421875 -0.0262622833251953 -0.8070068359375 -0.19219970703125
0.000102043151855469 0.0138511657714844 -0.7642822265625 -0.1690673828125
-0.0365486145019531 0.0303230285644531 -0.5574951171875 -0.0207214355468751
-0.0615386962890625 -0.00284576416015624 -0.181915283203125 -0.0255126953125
0.0100898742675781 -0.00697612762451172 0.18212890625 0.027587890625
0.00866508483886719 0.0226840972900391 0.6142578125 0.1153564453125
0.0156688690185547 0.0108346939086914 0.75079345703125 0.14276123046875
-0.0028378963470459 0.00126242637634277 0.73431396484375 0.33587646484375
-0.0185146331787109 0.00501251220703125 0.5916748046875 0.53570556640625
-0.0116233825683594 -0.0191135406494141 0.498931884765625 0.546539306640625
-0.0118570327758789 -0.00844860076904297 0.296875 0.332916259765625
-0.0157032012939453 -0.0335330963134766 0.0635414123535156 0.01617431640625
-0.00708198547363281 -0.0282669067382813 -0.207733154296875 -0.28759765625
-0.00210380554199219 -0.0256767272949219 -0.46600341796875 -0.44281005859375
-0.00803184509277344 -0.0238285064697266 -0.71954345703125 -0.3629150390625
-0.0151710510253906 -0.0192642211914063 -0.812744140625 -0.168212890625
0.00917530059814453 -0.00199317932128906 -0.77618408203125 -0.152099609375
-0.00289726257324219 0.0233554840087891 -0.56634521484375 -0.0171508789062499
-0.017155647277832 0.00639533996582032 -0.191497802734375 -0.0310211181640625
0.0558090209960938 0.0214309692382813 0.182388305664063 0.0316925048828125
0.0590629577636719 0.0299873352050781 0.6109619140625 0.12384033203125
0.0351047515869141 -0.00514984130859375 0.74383544921875 0.1617431640625
-0.0078730583190918 -0.00745582580566406 0.7249755859375 0.3597412109375
-0.0300693511962891 0.022918701171875 0.58648681640625 0.5557861328125
-0.0101909637451172 0.0127048492431641 0.493255615234375 0.558135986328125
0.00255393981933594 0.0219764709472656 0.29388427734375 0.331787109375
-0.00152301788330078 -0.0106878280639648 0.0627593994140625 0.0117149353027344
0.00584554672241211 -0.00479269027709961 -0.211273193359375 -0.289215087890625
0.00327920913696289 0.00388646125793457 -0.475189208984375 -0.4356689453125
-0.0114259719848633 0.00179290771484375 -0.72271728515625 -0.34515380859375
-0.0242137908935547 -0.0153675079345703 -0.81683349609375 -0.1488037109375
0.0154953002929688 -0.0162391662597656 -0.7789306640625 -0.1390380859375
0.0306205749511719 0.0132713317871094 -0.5709228515625 -0.0145263671874999
0.0310497283935547 0.0160179138183594 -0.187606811523438 -0.035125732421875
0.0979995727539063 0.0451736450195313 0.194000244140625 0.0358428955078125
0.103134155273438 0.0311965942382813 0.60675048828125 0.1275634765625
0.0532073974609375 -0.0209732055664063 0.73773193359375 0.1817626953125
-0.0168838500976563 -0.0117063522338867 0.72802734375 0.37969970703125
-0.03887939453125 0.039886474609375 0.58966064453125 0.5621337890625
-0.0135116577148437 0.0420761108398438 0.4901123046875 0.55316162109375
0.0132331848144531 0.0447120666503906 0.287689208984375 0.3172607421875
0.00847482681274414 0.00763416290283203 0.0535125732421875 -0.00122833251953125
0.0157814025878906 0.0180320739746094 -0.22357177734375 -0.2965087890625
0.0101833343505859 0.0294647216796875 -0.48516845703125 -0.43701171875
-0.0142192840576172 0.0218906402587891 -0.72943115234375 -0.34307861328125
-0.0326576232910156 -0.00734519958496094 -0.81256103515625 -0.13775634765625
0.0222759246826172 -0.0286140441894531 -0.778564453125 -0.12750244140625
0.0649986267089844 0.00525283813476563 -0.56890869140625 -0.0130615234375001
0.0764236450195313 0.027008056640625 -0.177810668945313 -0.03643798828125
0.126243591308594 0.0550460815429687 0.208953857421875 0.0376739501953125
0.128982543945313 0.0297698974609375 0.59832763671875 0.12542724609375
0.0615730285644531 -0.02935791015625 0.73968505859375 0.197998046875
-0.0230865478515625 -0.0114154815673828 0.7445068359375 0.39385986328125
-0.0450477600097656 0.0530815124511719 0.60406494140625 0.5537109375
-0.0124893188476563 0.0615501403808594 0.486328125 0.534576416015625
0.0207405090332031 0.0625152587890625 0.27398681640625 0.295013427734375
0.0172786712646484 0.0218925476074219 0.0358467102050781 -0.02099609375
0.0228176116943359 0.0339927673339844 -0.2398681640625 -0.31207275390625
0.0102500915527344 0.0478477478027344 -0.4957275390625 -0.449066162109375
-0.0185317993164063 0.0371131896972656 -0.7275390625 -0.34893798828125
-0.0381393432617188 -0.00706481933593749 -0.80767822265625 -0.13616943359375
0.0311927795410156 -0.0403022766113281 -0.7752685546875 -0.12542724609375
0.0929718017578125 0.00521087646484375 -0.56341552734375 -0.0149536132812499
0.110649108886719 0.0398788452148438 -0.159011840820313 -0.0317535400390625
0.139892578125 0.0510101318359375 0.232742309570313 0.0385589599609375
0.138519287109375 0.0232391357421875 0.59686279296875 0.124755859375
0.0603828430175781 -0.0304603576660156 0.74578857421875 0.20672607421875
-0.0240211486816406 -0.00496292114257812 0.76654052734375 0.39105224609375
-0.0446319580078125 0.062652587890625 0.6199951171875 0.5316162109375
-0.0123939514160156 0.069915771484375 0.483306884765625 0.501617431640625
0.0221290588378906 0.0649871826171875 0.255935668945313 0.26861572265625
0.018890380859375 0.0249366760253906 0.0136070251464844 -0.0400047302246094
0.0233001708984375 0.042816162109375 -0.257293701171875 -0.33319091796875
0.00762176513671875 0.0595016479492187 -0.501495361328125 -0.469451904296875
-0.0240745544433594 0.0431709289550781 -0.7242431640625 -0.36810302734375
-0.0411796569824219 -0.0102272033691406 -0.79901123046875 -0.148681640625
0.042083740234375 -0.0469474792480469 -0.76263427734375 -0.123291015625
0.114593505859375 0.00765228271484375 -0.551361083984375 -0.0171813964843751
0.128974914550781 0.056671142578125 -0.135879516601563 -0.0215225219726562
0.13800048828125 0.0400772094726563 0.256195068359375 0.0361328125
0.127487182617188 0.0155868530273437 0.60186767578125 0.12139892578125
0.0546302795410156 -0.0256881713867188 0.76373291015625 0.2049560546875
-0.0223293304443359 0.000259399414062503 0.79681396484375 0.369873046875
-0.0399856567382812 0.0630302429199219 0.6439208984375 0.498291015625
-0.0105552673339844 0.0641632080078125 0.483489990234375 0.46484375
0.0195503234863281 0.05877685546875 0.239349365234375 0.24212646484375
0.0143852233886719 0.0200042724609375 -0.0079345703125 -0.0613784790039062
0.0201034545898438 0.0388259887695313 -0.270660400390625 -0.35821533203125
0.00127792358398437 0.0551910400390625 -0.49853515625 -0.50482177734375
-0.0297050476074219 0.0408096313476562 -0.71136474609375 -0.40106201171875
-0.0389747619628906 -0.0155868530273438 -0.78009033203125 -0.167724609375
0.0513916015625 -0.0458641052246094 -0.75048828125 -0.1285400390625
0.121101379394531 0.0175857543945312 -0.542510986328125 -0.0205688476562499
0.13018798828125 0.0707550048828125 -0.111320495605469 -0.00540161132812497
0.119392395019531 0.0262680053710938 0.277633666992187 0.035491943359375
0.106971740722656 0.0128326416015625 0.60540771484375 0.10919189453125
0.0472679138183594 -0.0169830322265625 0.78173828125 0.1881103515625
-0.0153913497924805 0.00680828094482422 0.823974609375 0.33502197265625
-0.0358428955078125 0.0514450073242188 0.6591796875 0.45538330078125
-0.00976181030273438 0.0471115112304687 0.485992431640625 0.427459716796875
0.011627197265625 0.039398193359375 0.225814819335938 0.220260620117188
0.00590610504150391 0.00567150115966797 -0.0265579223632813 -0.0772171020507813
0.0106697082519531 0.0235881805419922 -0.277618408203125 -0.3807373046875
-0.00376129150390625 0.0407295227050781 -0.490570068359375 -0.539764404296875
-0.0306663513183594 0.0285720825195312 -0.6866455078125 -0.43902587890625
-0.0351791381835938 -0.018157958984375 -0.76043701171875 -0.19091796875
0.0539665222167969 -0.0354118347167969 -0.74285888671875 -0.13751220703125
0.112571716308594 0.0295791625976563 -0.5360107421875 -0.027313232421875
0.113136291503906 0.0738143920898438 -0.0940399169921875 0.0111618041992188
-0.031036376953125 -0.0359992980957031 0.189468383789063 0.0240325927734375
-0.0364303588867188 0.0169639587402344 0.60943603515625 0.09893798828125
-0.00217056274414062 0.0305290222167969 0.751953125 0.12371826171875
0.0104560852050781 0.00580596923828125 0.7469482421875 0.3035888671875
-0.00771713256835937 -0.0110177993774414 0.607421875 0.50006103515625
-0.0131187438964844 -0.048126220703125 0.51019287109375 0.510223388671875
-0.0252952575683594 -0.0340309143066406 0.292572021484375 0.31475830078125
-0.0290489196777344 -0.0515289306640625 0.0545501708984375 0.00877761840820312
-0.0193824768066406 -0.0508842468261719 -0.21185302734375 -0.290130615234375
-0.007354736328125 -0.0524330139160156 -0.46063232421875 -0.455657958984375
-0.00449371337890625 -0.0446319580078125 -0.70904541015625 -0.3790283203125
-0.00261878967285156 -0.0259246826171875 -0.80072021484375 -0.1866455078125
0.00192928314208984 0.012141227722168 -0.759033203125 -0.1610107421875
-0.0361824035644531 0.0294952392578125 -0.55517578125 -0.0142822265625001
-0.0606536865234375 -0.00352859497070312 -0.181304931640625 -0.0225677490234375
0.00858736038208008 -0.00649213790893555 0.179641723632813 0.025848388671875
0.00759315490722656 0.0230445861816406 0.60992431640625 0.110595703125
0.0123291015625 0.0104970932006836 0.743896484375 0.135498046875
-0.00156974792480469 0.000871062278747559 0.72857666015625 0.32623291015625
-0.0168733596801758 0.00573348999023438 0.5936279296875 0.5257568359375
-0.00873279571533203 -0.0175418853759766 0.500762939453125 0.5357666015625
-0.0100078582763672 -0.00703048706054688 0.298248291015625 0.3248291015625
-0.0145645141601563 -0.0323390960693359 0.0638084411621094 0.0163040161132812
-0.00780105590820312 -0.0271644592285156 -0.207138061523438 -0.280075073242188
-0.00301933288574219 -0.0255756378173828 -0.46533203125 -0.43511962890625
-0.00757217407226563 -0.0238780975341797 -0.71429443359375 -0.35247802734375
-0.0147056579589844 -0.0209712982177734 -0.806396484375 -0.15960693359375
0.00770187377929688 -0.00238800048828125 -0.76898193359375 -0.14306640625
-0.00355148315429687 0.0235080718994141 -0.5621337890625 -0.0105285644531251
-0.0184841156005859 0.0078887939453125 -0.190109252929688 -0.0303955078125
0.0547676086425781 0.0225906372070313 0.179244995117188 0.0284423828125
0.0583877563476563 0.0279922485351563 0.60650634765625 0.1146240234375
0.032928466796875 -0.00643157958984375 0.73583984375 0.153564453125
-0.0103416442871094 -0.00709724426269532 0.72125244140625 0.35009765625
-0.0275306701660156 0.0223865509033203 0.58380126953125 0.546142578125
-0.0117263793945313 0.0127496719360352 0.491302490234375 0.547576904296875
0.000949859619140627 0.0219230651855469 0.29412841796875 0.32598876953125
-0.00187110900878906 -0.00895977020263672 0.0633163452148438 0.0114250183105469
0.00451469421386719 -0.00400876998901367 -0.21112060546875 -0.28314208984375
0.00589370727539063 0.00323915481567383 -0.47314453125 -0.4266357421875
-0.0106267929077148 0.000512123107910158 -0.72003173828125 -0.3370361328125
-0.0230064392089844 -0.0122928619384766 -0.80816650390625 -0.13934326171875
0.0135040283203125 -0.0158348083496094 -0.7742919921875 -0.130615234375
0.0304069519042969 0.0136203765869141 -0.56500244140625 -0.00946044921874996
0.0329875946044922 0.0158615112304688 -0.18853759765625 -0.0360260009765625
0.0948562622070313 0.0440292358398438 0.1890869140625 0.0338897705078125
0.1004638671875 0.0316848754882813 0.59906005859375 0.11907958984375
0.0521507263183594 -0.0212898254394531 0.7357177734375 0.17120361328125
-0.0176219940185547 -0.0128192901611328 0.724853515625 0.37249755859375
-0.0402908325195313 0.0403175354003906 0.5889892578125 0.55230712890625
-0.0126075744628906 0.0415420532226563 0.48907470703125 0.54193115234375
0.0163116455078125 0.0478591918945313 0.286834716796875 0.31463623046875
0.00937557220458984 0.0101461410522461 0.0514450073242188 -0.00112152099609375
0.0176181793212891 0.0163745880126953 -0.223480224609375 -0.289306640625
0.0107803344726563 0.0300884246826172 -0.481903076171875 -0.42864990234375
-0.0148525238037109 0.0214290618896484 -0.72821044921875 -0.3319091796875
-0.0309181213378906 -0.00692939758300781 -0.8082275390625 -0.13031005859375
0.0214672088623047 -0.0298328399658203 -0.77471923828125 -0.1207275390625
0.0625 0.00509262084960938 -0.5643310546875 -0.00683593749999996
0.076629638671875 0.0260696411132813 -0.178253173828125 -0.0325927734375
0.124465942382813 0.0533981323242188 0.207290649414063 0.032806396484375
0.128402709960938 0.0281524658203125 0.59503173828125 0.12005615234375
0.0596923828125 -0.0292396545410156 0.7325439453125 0.18798828125
-0.0250625610351562 -0.0103225708007813 0.73919677734375 0.3839111328125
-0.04351806640625 0.0536537170410156 0.60211181640625 0.5455322265625
-0.0109100341796875 0.063079833984375 0.4864501953125 0.524169921875
0.0216293334960938 0.061553955078125 0.272796630859375 0.291229248046875
0.0154285430908203 0.0198535919189453 0.034332275390625 -0.0197544097900391
0.0237007141113281 0.0323905944824219 -0.23974609375 -0.30755615234375
0.0106964111328125 0.0490531921386719 -0.49420166015625 -0.4398193359375
-0.018798828125 0.0376815795898438 -0.7252197265625 -0.33709716796875
-0.0375785827636719 -0.0055694580078125 -0.8021240234375 -0.129638671875
0.029876708984375 -0.0399703979492187 -0.7667236328125 -0.1148681640625
0.0937881469726563 0.00273895263671875 -0.557861328125 -0.00927734375000005
0.110061645507812 0.0396270751953125 -0.160125732421875 -0.028656005859375
0.137863159179688 0.050079345703125 0.229522705078125 0.035736083984375
0.136802673339844 0.0222854614257813 0.5906982421875 0.11700439453125
0.0584716796875 -0.0305252075195313 0.741455078125 0.1983642578125
-0.0254669189453125 -0.00485420227050782 0.76483154296875 0.38128662109375
-0.0443687438964844 0.0617866516113281 0.61944580078125 0.52117919921875
-0.00963211059570312 0.0697212219238281 0.48309326171875 0.492889404296875
0.0225448608398438 0.0652580261230469 0.257644653320313 0.26397705078125
0.0173988342285156 0.0241203308105469 0.0131034851074219 -0.0410270690917969
0.0228004455566406 0.041046142578125 -0.255889892578125 -0.325714111328125
0.00896835327148438 0.0576820373535156 -0.50006103515625 -0.45947265625
-0.0242729187011719 0.0424690246582031 -0.72052001953125 -0.3577880859375
-0.0413970947265625 -0.0105094909667969 -0.792724609375 -0.1385498046875
0.0424003601074219 -0.0462112426757813 -0.75799560546875 -0.1158447265625
0.112503051757813 0.00695037841796875 -0.54779052734375 -0.01116943359375
0.1298828125 0.0549850463867187 -0.136360168457031 -0.0190200805664063
0.136734008789063 0.03912353515625 0.2542724609375 0.033477783203125
0.1295166015625 0.0159530639648437 0.59674072265625 0.1129150390625
0.053863525390625 -0.0255889892578125 0.75732421875 0.19586181640625
-0.0229701995849609 0.00325584411621093 0.7926025390625 0.35736083984375
-0.0386848449707031 0.0622177124023437 0.640380859375 0.48834228515625
-0.00852584838867187 0.0644950866699219 0.484832763671875 0.454010009765625
0.0206375122070312 0.0570487976074219 0.239288330078125 0.235916137695313
0.0150108337402344 0.0199508666992188 -0.00799942016601562 -0.0601959228515625
0.0203704833984375 0.0380363464355469 -0.27178955078125 -0.34942626953125
0.00344467163085937 0.0554962158203125 -0.50213623046875 -0.491485595703125
-0.0311927795410156 0.0400314331054688 -0.7098388671875 -0.390625
-0.0384712219238281 -0.0150070190429688 -0.77557373046875 -0.15704345703125
0.0492515563964844 -0.0459938049316406 -0.74798583984375 -0.11883544921875
0.121795654296875 0.0166473388671875 -0.53662109375 -0.016876220703125
0.130584716796875 0.0668182373046875 -0.111335754394531 -0.00394439697265625
0.119667053222656 0.022125244140625 0.273666381835937 0.0321044921875
0.106613159179688 0.0128250122070313 0.6031494140625 0.10247802734375
0.0464591979980469 -0.0177040100097656 0.7772216796875 0.179443359375
-0.0176219940185547 0.00720596313476562 0.818603515625 0.325927734375
-0.0327491760253906 0.0539512634277344 0.6561279296875 0.44415283203125
-0.00956344604492187 0.0458412170410156 0.486572265625 0.4176025390625
0.0128517150878906 0.0423851013183594 0.223770141601563 0.214752197265625
0.0054774284362793 0.0059046745300293 -0.0272445678710938 -0.0754547119140625
0.0127925872802734 0.024444580078125 -0.277313232421875 -0.372283935546875
-0.00271987915039063 0.0399398803710938 -0.48907470703125 -0.531707763671875
-0.0290431976318359 0.0282325744628906 -0.68499755859375 -0.42950439453125
-0.0337619781494141 -0.0182666778564453 -0.75738525390625 -0.1846923828125
0.0528945922851563 -0.0368614196777344 -0.7362060546875 -0.12884521484375
0.113334655761719 0.0259628295898438 -0.531829833984375 -0.0218505859375
0.114410400390625 0.0726318359375 -0.09326171875 0.0115127563476563
-0.0327472686767578 -0.0337142944335937 0.18560791015625 0.023406982421875
-0.0394515991210938 0.0184516906738281 0.60906982421875 0.09320068359375
-0.00371360778808594 0.0295200347900391 0.744384765625 0.11541748046875
0.00789022445678711 0.00541305541992188 0.74530029296875 0.296142578125
-0.00650691986083984 -0.0131921768188477 0.6075439453125 0.48846435546875
-0.013641357421875 -0.0490264892578125 0.510894775390625 0.500274658203125
-0.0261402130126953 -0.0343265533447266 0.29571533203125 0.307769775390625
-0.0287857055664062 -0.0519523620605469 0.0548286437988281 0.00933456420898437
-0.018280029296875 -0.0504684448242188 -0.210235595703125 -0.28472900390625
-0.00569534301757813 -0.0522422790527344 -0.46099853515625 -0.446014404296875
-0.00230789184570313 -0.0442771911621094 -0.7060546875 -0.371826171875
-0.003265380859375 -0.023345947265625 -0.79534912109375 -0.1788330078125
-8.10623168945307E-05 0.0134401321411133 -0.75360107421875 -0.15447998046875
-0.03717041015625 0.0301895141601562 -0.5506591796875 -0.0123291015625
-0.0587921142578125 -0.00257110595703126 -0.181106567382813 -0.022918701171875
0.00551605224609375 -0.00672721862792969 0.175460815429688 0.027923583984375
0.00867080688476563 0.0212783813476563 0.60748291015625 0.104248046875
0.0134029388427734 0.00972461700439453 0.73858642578125 0.12689208984375
-0.000396549701690674 -0.00108939409255981 0.7257080078125 0.31854248046875
-0.0153417587280273 0.00798225402832031 0.592041015625 0.51593017578125
-0.0122060775756836 -0.0168333053588867 0.49957275390625 0.528076171875
-0.00972557067871094 -0.00619697570800781 0.2978515625 0.320526123046875
-0.0175628662109375 -0.0292301177978516 0.0617828369140625 0.015167236328125
-0.00552749633789062 -0.0284862518310547 -0.204452514648438 -0.277114868164062
-0.00144767761230469 -0.0242691040039063 -0.460418701171875 -0.426422119140625
-0.00673103332519532 -0.0231819152832031 -0.7117919921875 -0.34539794921875
-0.0136623382568359 -0.0225391387939453 -0.80059814453125 -0.1502685546875
0.00611639022827148 -0.00322866439819336 -0.76214599609375 -0.139892578125
-0.000923156738281248 0.0215225219726563 -0.5582275390625 -0.00491333007812492
-0.0157375335693359 0.00681304931640625 -0.190536499023437 -0.0285186767578125
0.0529022216796875 0.0230140686035156 0.177139282226563 0.0297698974609375
0.0571250915527344 0.028167724609375 0.60009765625 0.11163330078125
0.0326900482177734 -0.00901031494140625 0.73284912109375 0.1444091796875
-0.0129461288452148 -0.00607776641845703 0.71832275390625 0.3409423828125
-0.0275936126708984 0.0256805419921875 0.58477783203125 0.5367431640625
-0.0108242034912109 0.0124568939208984 0.49261474609375 0.538970947265625
0.00341987609863281 0.0228309631347656 0.294403076171875 0.32000732421875
-0.00479555130004883 -0.00815629959106445 0.0605392456054688 0.00968170166015625
0.00579214096069336 -0.00510883331298828 -0.210281372070313 -0.2769775390625
0.00466585159301758 0.00329160690307617 -0.471435546875 -0.419403076171875
-0.0100612640380859 0.00131607055664063 -0.71661376953125 -0.3270263671875
-0.0243244171142578 -0.0125885009765625 -0.80194091796875 -0.13006591796875
0.0117149353027344 -0.0172595977783203 -0.769775390625 -0.123779296875
0.0323657989501953 0.0108871459960938 -0.5615234375 -0.00442504882812505
0.0314884185791016 0.0141696929931641 -0.18756103515625 -0.0300750732421875
0.09454345703125 0.0438232421875 0.187469482421875 0.031402587890625
0.09967041015625 0.0315704345703125 0.59478759765625 0.1162109375
0.0514488220214844 -0.0218505859375 0.72705078125 0.16461181640625
-0.0187587738037109 -0.0119342803955078 0.72119140625 0.36419677734375
-0.0403785705566406 0.0400772094726562 0.5885009765625 0.543212890625
-0.011444091796875 0.041839599609375 0.48834228515625 0.532196044921875
0.0181503295898438 0.0484123229980469 0.28472900390625 0.30902099609375
0.00954055786132813 0.010411262512207 0.053741455078125 0.000102996826171876
0.0172557830810547 0.0165596008300781 -0.22235107421875 -0.286773681640625
0.00970840454101563 0.0299892425537109 -0.481719970703125 -0.42010498046875
-0.0133876800537109 0.0210494995117188 -0.72491455078125 -0.322265625
-0.0330181121826172 -0.00567054748535156 -0.80047607421875 -0.12060546875
0.0202178955078125 -0.0304393768310547 -0.771240234375 -0.11553955078125
0.0638389587402344 0.00537872314453125 -0.560333251953125 -0.00460815429687499
0.07666015625 0.0255279541015625 -0.177322387695313 -0.0319366455078125
0.123847961425781 0.052032470703125 0.204498291015625 0.0327911376953125
0.125213623046875 0.02862548828125 0.58758544921875 0.114013671875
0.0585403442382813 -0.0296859741210938 0.72796630859375 0.1817626953125
-0.0244846343994141 -0.0106315612792969 0.73675537109375 0.3758544921875
-0.0431594848632813 0.0530471801757812 0.6015625 0.53619384765625
-0.0120811462402344 0.0618934631347656 0.48443603515625 0.513916015625
0.0233802795410156 0.0625190734863281 0.271270751953125 0.28466796875
0.0163364410400391 0.0197467803955078 0.0332736968994141 -0.0198802947998047
0.0240631103515625 0.0311717987060547 -0.239776611328125 -0.300811767578125
0.0124626159667969 0.04833984375 -0.49237060546875 -0.432373046875
-0.016845703125 0.0373382568359375 -0.7237548828125 -0.330322265625
-0.0376663208007812 -0.00603866577148438 -0.795654296875 -0.11859130859375
0.0286064147949219 -0.0396080017089844 -0.76287841796875 -0.1102294921875
0.0940628051757812 0.00234222412109375 -0.554534912109375 -0.00643920898437501
0.110916137695312 0.0377426147460938 -0.158782958984375 -0.027587890625
0.136123657226563 0.0492401123046875 0.227081298828125 0.0325927734375
0.135421752929688 0.0204849243164063 0.58709716796875 0.11212158203125
0.0572319030761719 -0.0323905944824219 0.73419189453125 0.1910400390625
-0.0262317657470703 -0.00551223754882812 0.75872802734375 0.3719482421875
-0.0431976318359375 0.0611076354980469 0.61968994140625 0.51123046875
-0.00879287719726562 0.0701141357421875 0.484405517578125 0.48297119140625
0.0266647338867188 0.0672340393066406 0.253707885742188 0.2591552734375
0.018157958984375 0.0250701904296875 0.0113258361816406 -0.0411224365234375
0.0235557556152344 0.0398521423339844 -0.257843017578125 -0.3197021484375
0.009979248046875 0.0557937622070313 -0.49853515625 -0.452972412109375
-0.0240402221679688 0.0425071716308594 -0.71881103515625 -0.34814453125
-0.0367584228515625 -0.00789642333984376 -0.78472900390625 -0.13067626953125
0.0426559448242188 -0.0462989807128906 -0.75177001953125 -0.1099853515625
0.113311767578125 0.00830078125 -0.5440673828125 -0.00933837890624989
0.130538940429688 0.052703857421875 -0.1358642578125 -0.0189971923828125
0.134696960449219 0.0377120971679688 0.250732421875 0.0317535400390625
0.129310607910156 0.0122909545898438 0.590576171875 0.106689453125
0.0532455444335938 -0.0258636474609375 0.75189208984375 0.1888427734375
-0.0240268707275391 0.00185775756835938 0.78778076171875 0.35333251953125
-0.0356597900390625 0.0603370666503906 0.6356201171875 0.4754638671875
-0.00952911376953125 0.0645637512207031 0.484130859375 0.4473876953125
0.0211410522460937 0.0572967529296875 0.237960815429688 0.233322143554688
0.0122890472412109 0.0201072692871094 -0.00809097290039063 -0.0606422424316406
0.0201072692871094 0.0372047424316406 -0.27252197265625 -0.34307861328125
0.00363540649414062 0.0550041198730469 -0.498291015625 -0.48382568359375
-0.0286293029785156 0.0390815734863281 -0.70404052734375 -0.38153076171875
-0.0396652221679688 -0.0128250122070313 -0.7711181640625 -0.15155029296875
0.0477371215820313 -0.0470008850097656 -0.7420654296875 -0.11663818359375
0.120323181152344 0.0166702270507813 -0.53240966796875 -0.012939453125
0.132644653320313 0.0670242309570313 -0.112770080566406 -0.00307464599609376
0.1182861328125 0.0231704711914063 0.270751953125 0.0305023193359375
0.105888366699219 0.01171875 0.59918212890625 0.0997314453125
0.045257568359375 -0.0170631408691406 0.77105712890625 0.16998291015625
-0.0181102752685547 0.00738716125488281 0.81390380859375 0.3143310546875
-0.0324974060058594 0.0547561645507813 0.654052734375 0.43585205078125
-0.00878906249999999 0.0472335815429688 0.48541259765625 0.409088134765625
0.0131797790527344 0.0422592163085938 0.223281860351562 0.212066650390625
0.00534534454345703 0.00664806365966797 -0.0273056030273438 -0.07403564453125
0.0103034973144531 0.0243091583251953 -0.279327392578125 -0.366912841796875
-0.00137710571289063 0.0386619567871094 -0.486419677734375 -0.520904541015625
-0.0302848815917969 0.0289897918701172 -0.6837158203125 -0.42022705078125
-0.0332050323486328 -0.0164337158203125 -0.75006103515625 -0.1759033203125
0.0510215759277344 -0.0376510620117188 -0.7318115234375 -0.12322998046875
0.112342834472656 0.0254745483398438 -0.528656005859375 -0.01910400390625
0.113128662109375 0.0704421997070313 -0.0947952270507812 0.0119171142578125
-0.035064697265625 -0.0322494506835938 0.183563232421875 0.024169921875
-0.0395050048828125 0.0203323364257812 0.60113525390625 0.0872802734375
-0.00451087951660156 0.0294666290283203 0.74053955078125 0.10986328125
0.00710248947143555 0.00829362869262695 0.73895263671875 0.2872314453125
-0.00693893432617188 -0.0118694305419922 0.6053466796875 0.4830322265625
-0.0127716064453125 -0.0458793640136719 0.5081787109375 0.49542236328125
-0.023284912109375 -0.0319004058837891 0.290802001953125 0.30438232421875
-0.0293083190917969 -0.0473480224609375 0.0539512634277344 0.00870132446289062
-0.0192642211914063 -0.0497779846191406 -0.20953369140625 -0.279342651367187
-0.00585174560546875 -0.0529632568359375 -0.457916259765625 -0.43927001953125
-0.00205230712890625 -0.0466156005859375 -0.70367431640625 -0.3660888671875
-0.00225448608398438 -0.0237388610839844 -0.7886962890625 -0.1690673828125
0.000148773193359374 0.0115041732788086 -0.748046875 -0.14971923828125
-0.0327529907226563 0.0283260345458984 -0.543670654296875 -0.00982666015625012
-0.0558509826660156 -0.00377655029296875 -0.18145751953125 -0.02142333984375
0.00646591186523438 -0.00822877883911133 0.173538208007813 0.0243377685546875
0.00793266296386719 0.0219497680664063 0.60302734375 0.0968017578125
0.0111770629882813 0.00797557830810547 0.732421875 0.1199951171875
-0.00268101692199707 -0.000235795974731445 0.72161865234375 0.31182861328125
-0.0147523880004883 0.00724220275878906 0.58880615234375 0.50836181640625
-0.0115394592285156 -0.0161762237548828 0.497528076171875 0.520904541015625
-0.00916290283203125 -0.00269985198974609 0.294830322265625 0.315460205078125
-0.0161952972412109 -0.0264034271240234 0.0617141723632813 0.0147018432617187
-0.00710868835449219 -0.0279464721679688 -0.204498291015625 -0.274658203125
-0.00244140625 -0.0253963470458984 -0.462188720703125 -0.42254638671875
-0.00775718688964844 -0.0236434936523438 -0.70654296875 -0.33453369140625
-0.0154151916503906 -0.0185909271240234 -0.79254150390625 -0.14581298828125
0.00812530517578125 -0.00201416015625 -0.7578125 -0.133056640625
-0.000913619995117185 0.0232315063476563 -0.55218505859375 -0.00408935546874995
-0.0159168243408203 0.00597572326660156 -0.191436767578125 -0.027130126953125
0.0523185729980469 0.0217933654785156 0.17510986328125 0.0281982421875
0.0582618713378906 0.02642822265625 0.59527587890625 0.10845947265625
0.0310420989990234 -0.00759696960449219 0.72674560546875 0.138671875
-0.0139913558959961 -0.00665473937988281 0.71160888671875 0.3353271484375
-0.0278491973876953 0.0250129699707031 0.5809326171875 0.52862548828125
-0.0121564865112305 0.015406608581543 0.491607666015625 0.5306396484375
0.00452613830566406 0.02508544921875 0.2918701171875 0.316436767578125
-0.00141763687133789 -0.00717878341674805 0.062103271484375 0.00925827026367188
0.00654888153076172 -0.00520563125610352 -0.210281372070312 -0.275588989257813
0.00503110885620117 0.00244140625 -0.4688720703125 -0.411041259765625
-0.00986003875732422 0.000885009765625001 -0.71307373046875 -0.3197021484375
-0.0233669281005859 -0.0116634368896484 -0.79449462890625 -0.12652587890625
0.0125923156738281 -0.0172338485717773 -0.76116943359375 -0.116943359375
0.0298233032226563 0.0124969482421875 -0.556610107421875 -0.000671386718749899
0.0318126678466797 0.0150184631347656 -0.189239501953125 -0.029541015625
0.091766357421875 0.0429534912109375 0.184616088867188 0.031494140625
0.0994949340820313 0.0318450927734375 0.59185791015625 0.10919189453125
0.0471992492675781 -0.0218925476074219 0.72320556640625 0.158935546875
-0.0202045440673828 -0.0122432708740234 0.71661376953125 0.35498046875
-0.0359420776367188 0.0392303466796875 0.586669921875 0.5345458984375
-0.0109786987304687 0.0414695739746094 0.486236572265625 0.52532958984375
0.0148963928222656 0.0474357604980469 0.284912109375 0.304718017578125
0.00903606414794922 0.0114307403564453 0.0521888732910156 -0.00276565551757812
0.0165433883666992 0.0169448852539063 -0.2232666015625 -0.281402587890625
0.0105724334716797 0.0270595550537109 -0.47900390625 -0.413543701171875
-0.0121364593505859 0.0224380493164063 -0.71832275390625 -0.31689453125
-0.0319728851318359 -0.00761032104492188 -0.79547119140625 -0.1163330078125
0.0195064544677734 -0.0299396514892578 -0.76287841796875 -0.10943603515625
0.0640182495117188 0.00537109375 -0.5537109375 -0.00100708007812491
0.0752334594726563 0.0221099853515625 -0.177642822265625 -0.03045654296875
0.121238708496094 0.0522003173828125 0.203338623046875 0.032196044921875
0.126815795898437 0.0277252197265625 0.58380126953125 0.11004638671875
0.0573844909667969 -0.0312690734863281 0.72296142578125 0.1768798828125
-0.0237827301025391 -0.00884056091308593 0.732177734375 0.3680419921875
-0.0411491394042969 0.0561904907226563 0.599609375 0.52789306640625
-0.00958251953124999 0.0614776611328125 0.483306884765625 0.507049560546875
0.0242881774902344 0.0635719299316406 0.270751953125 0.28277587890625
0.0154094696044922 0.0208454132080078 0.0335025787353516 -0.0189189910888672
0.0243072509765625 0.0329418182373047 -0.238037109375 -0.29620361328125
0.013641357421875 0.0478477478027344 -0.4893798828125 -0.425628662109375
-0.0165367126464844 0.0370559692382813 -0.7171630859375 -0.32110595703125
-0.0378875732421875 -0.0041046142578125 -0.7904052734375 -0.11480712890625
0.0280494689941406 -0.03955078125 -0.75830078125 -0.10491943359375
0.092498779296875 0.00252532958984375 -0.54742431640625 -0.00280761718749991
0.109992980957031 0.037261962890625 -0.159759521484375 -0.026123046875
0.134346008300781 0.0483856201171875 0.224411010742188 0.0316009521484375
0.13568115234375 0.0217208862304688 0.58258056640625 0.107666015625
0.0567741394042969 -0.0332984924316406 0.7310791015625 0.18402099609375
-0.0279312133789063 -0.0042572021484375 0.7550048828125 0.36395263671875
-0.0410881042480469 0.0616874694824219 0.61468505859375 0.5059814453125
-0.00825881958007812 0.0666275024414063 0.480377197265625 0.47601318359375
0.0240707397460938 0.0649261474609375 0.253570556640625 0.254379272460938
0.0181694030761719 0.0258102416992188 0.0117645263671875 -0.0412063598632813
0.0231857299804688 0.0396614074707031 -0.255462646484375 -0.315093994140625
0.0108184814453125 0.0572280883789062 -0.499176025390625 -0.4451904296875
-0.02288818359375 0.0436210632324219 -0.7138671875 -0.3414306640625
-0.0407371520996094 -0.00838088989257812 -0.77825927734375 -0.1258544921875
0.0396690368652344 -0.0474395751953125 -0.7474365234375 -0.10333251953125
0.113372802734375 0.00473785400390625 -0.53790283203125 -0.00546264648437494
0.129295349121094 0.052001953125 -0.13458251953125 -0.0161056518554688
0.133186340332031 0.0367889404296875 0.247573852539063 0.0322723388671875
0.1268310546875 0.013214111328125 0.58685302734375 0.10357666015625
0.0509872436523438 -0.0256500244140625 0.74713134765625 0.18280029296875
-0.0247573852539062 0.00169754028320312 0.78228759765625 0.34259033203125
-0.037078857421875 0.0621109008789063 0.635498046875 0.47015380859375
-0.00766372680664063 0.0633926391601563 0.48101806640625 0.43975830078125
0.0230255126953125 0.0593910217285156 0.236709594726562 0.229263305664062
0.0136547088623047 0.0191440582275391 -0.00935745239257813 -0.0597686767578125
0.0197334289550781 0.0372810363769531 -0.2716064453125 -0.339752197265625
0.00439834594726563 0.0538177490234375 -0.497283935546875 -0.4771728515625
-0.0279808044433594 0.0406684875488281 -0.700439453125 -0.374755859375
-0.0394058227539063 -0.0133781433105469 -0.76348876953125 -0.1453857421875
0.0491600036621094 -0.0465164184570313 -0.73565673828125 -0.10986328125
0.120315551757813 0.016143798828125 -0.530029296875 -0.00946044921875009
0.130035400390625 0.0654220581054687 -0.113204956054687 -0.00291442871093749
0.117301940917969 0.0211257934570312 0.267898559570313 0.02899169921875
0.10308837890625 0.01220703125 0.59326171875 0.09320068359375
0.0411109924316406 -0.0182113647460938 0.7646484375 0.16259765625
-0.0188236236572266 0.00625991821289062 0.80853271484375 0.3101806640625
-0.0303688049316406 0.0521049499511719 0.65081787109375 0.4288330078125
-0.00959777832031249 0.0479049682617188 0.482208251953125 0.40435791015625
0.0140228271484375 0.0414657592773438 0.222198486328125 0.207260131835938
0.00520181655883789 0.00791454315185547 -0.02764892578125 -0.0749969482421875
0.0127677917480469 0.0245399475097656 -0.278778076171875 -0.360809326171875
0.000122070312499998 0.0382232666015625 -0.48779296875 -0.516021728515625
-0.0277175903320313 0.0285797119140625 -0.67803955078125 -0.41290283203125
-0.0306415557861328 -0.01654052734375 -0.7432861328125 -0.1705322265625
0.050537109375 -0.0365943908691406 -0.72601318359375 -0.1197509765625
0.112052917480469 0.02581787109375 -0.524810791015625 -0.0145263671875001
0.113800048828125 0.0691146850585938 -0.0926895141601563 0.013275146484375
-0.0340118408203125 -0.03466796875 0.182418823242187 0.0234832763671875
-0.0384483337402344 0.0198326110839844 0.596435546875 0.08447265625
-0.00461387634277344 0.0285739898681641 0.73431396484375 0.10711669921875
0.00804471969604492 0.00767326354980469 0.734619140625 0.28466796875
-0.00673675537109375 -0.00980663299560547 0.6019287109375 0.47625732421875
-0.0128288269042969 -0.0463218688964844 0.50543212890625 0.487548828125
-0.0250740051269531 -0.031097412109375 0.290435791015625 0.300445556640625
-0.0288162231445312 -0.0467681884765625 0.0529136657714844 0.00974273681640625
-0.0203056335449219 -0.0493927001953125 -0.209579467773437 -0.2757568359375
-0.00605392456054688 -0.0519752502441406 -0.45501708984375 -0.434539794921875
-0.0036468505859375 -0.042144775390625 -0.6993408203125 -0.3590087890625
-0.00646781921386719 -0.0234165191650391 -0.78143310546875 -0.16778564453125
0.00217723846435547 0.0111169815063477 -0.7437744140625 -0.1480712890625
-0.0343780517578125 0.02880859375 -0.54119873046875 -0.00497436523437496
-0.0550804138183594 -0.00369644165039063 -0.17828369140625 -0.0195465087890625
0.00622749328613281 -0.00726842880249023 0.172332763671875 0.023590087890625
0.00854873657226563 0.0217723846435547 0.59521484375 0.0953369140625
0.0112485885620117 0.00947093963623047 0.730224609375 0.11761474609375
-0.00547170639038086 0.000908851623535157 0.71722412109375 0.30572509765625
-0.0163965225219727 0.00756263732910156 0.5858154296875 0.50408935546875
-0.011113166809082 -0.0156650543212891 0.49530029296875 0.515533447265625
-0.00811481475830078 -0.00346708297729492 0.2958984375 0.31298828125
-0.0195331573486328 -0.0253925323486328 0.061126708984375 0.0134963989257812
-0.00851249694824219 -0.0253067016601563 -0.204803466796875 -0.269485473632813
0.000192642211914065 -0.0260124206542969 -0.458251953125 -0.414093017578125
-0.00736808776855469 -0.0209674835205078 -0.7054443359375 -0.33154296875
-0.0146446228027344 -0.0198326110839844 -0.78619384765625 -0.14202880859375
0.00627422332763672 -0.0037379264831543 -0.7548828125 -0.13018798828125
-0.00121307373046875 0.0216140747070313 -0.548095703125 -0.00210571289062493
-0.0148515701293945 0.00589370727539062 -0.188232421875 -0.0254669189453125
0.0492897033691406 0.0229568481445313 0.173324584960938 0.0293426513671875
0.0578231811523438 0.0273971557617188 0.59197998046875 0.10595703125
0.0305042266845703 -0.00821876525878906 0.72381591796875 0.13623046875
-0.012913703918457 -0.00658893585205078 0.70892333984375 0.32904052734375
-0.0273323059082031 0.0237903594970703 0.580810546875 0.52520751953125
-0.0102052688598633 0.0150661468505859 0.489898681640625 0.52838134765625
0.00644874572753907 0.0256919860839844 0.291290283203125 0.31121826171875
-0.00153112411499023 -0.0068364143371582 0.0625457763671875 0.0079193115234375
0.00770282745361328 -0.00500583648681641 -0.20819091796875 -0.270614624023438
0.00570201873779297 0.00356626510620117 -0.46807861328125 -0.4063720703125
-0.009246826171875 0.00223064422607422 -0.7109375 -0.31634521484375
-0.023773193359375 -0.0107135772705078 -0.78997802734375 -0.12152099609375
0.0123157501220703 -0.0176219940185547 -0.7589111328125 -0.115478515625
0.03289794921875 0.0125045776367187 -0.55279541015625 -0.000305175781250063
0.0327720642089844 0.0143795013427734 -0.189437866210938 -0.031036376953125
0.0905532836914063 0.0437164306640625 0.183334350585938 0.029815673828125
0.0989990234375 0.0297622680664062 0.58807373046875 0.10650634765625
0.0491104125976563 -0.0215606689453125 0.71875 0.15283203125
-0.0195713043212891 -0.0100574493408203 0.71405029296875 0.35205078125
-0.0359954833984375 0.0405654907226563 0.58355712890625 0.53118896484375
-0.0116043090820313 0.04376220703125 0.4844970703125 0.52105712890625
0.0163002014160156 0.0477561950683594 0.283233642578125 0.300384521484375
0.00974464416503906 0.0125656127929688 0.0527267456054688 -0.00226974487304687
0.0178432464599609 0.0163402557373047 -0.221603393554688 -0.279632568359375
0.0102710723876953 0.0286331176757813 -0.4783935546875 -0.407958984375
-0.0122318267822266 0.0221614837646484 -0.71527099609375 -0.3111572265625
-0.0296115875244141 -0.00452613830566407 -0.791015625 -0.1112060546875
0.0187320709228516 -0.0296897888183594 -0.75982666015625 -0.10784912109375
0.0645980834960938 0.00445175170898438 -0.550537109375 0.00347900390625
0.075958251953125 0.0236053466796875 -0.177597045898438 -0.0286102294921875
0.116874694824219 0.050384521484375 0.20068359375 0.032196044921875
0.126235961914063 0.0266571044921875 0.5821533203125 0.10595703125
0.05462646484375 -0.0309791564941406 0.71722412109375 0.174560546875
-0.0252037048339844 -0.0101108551025391 0.72930908203125 0.3616943359375
-0.0407295227050781 0.0542678833007812 0.59771728515625 0.522216796875
-0.00880050659179688 0.0635604858398438 0.48065185546875 0.500823974609375
0.0258865356445313 0.0628433227539063 0.268112182617188 0.277481079101563
0.0157871246337891 0.0214023590087891 0.0327186584472656 -0.0186424255371094
0.0239372253417969 0.0318431854248047 -0.237213134765625 -0.292327880859375
0.0127754211425781 0.0443267822265625 -0.487640380859375 -0.419342041015625
-0.0161361694335938 0.0375328063964844 -0.716796875 -0.31719970703125
-0.0371475219726562 -0.00316238403320313 -0.78363037109375 -0.10919189453125
0.0280075073242187 -0.0394744873046875 -0.75537109375 -0.10113525390625
0.0923614501953125 0.0016021728515625 -0.545867919921875 0.000854492187499973
0.108818054199219 0.0352401733398438 -0.158065795898438 -0.025634765625
0.132080078125 0.0485382080078125 0.222488403320313 0.032470703125
0.134750366210938 0.0199737548828125 0.5799560546875 0.103271484375
0.0567626953125 -0.0316581726074219 0.72552490234375 0.17938232421875
-0.0274295806884766 -0.00593376159667969 0.751708984375 0.360595703125
-0.0412330627441406 0.0629463195800781 0.615478515625 0.49835205078125
-0.00867080688476563 0.0682258605957031 0.47991943359375 0.469635009765625
0.0261993408203125 0.0663719177246094 0.25244140625 0.251693725585938
0.0173854827880859 0.0250682830810547 0.0115280151367188 -0.0406494140625
0.0242080688476563 0.0402450561523438 -0.255462646484375 -0.311920166015625
0.0110359191894531 0.0566673278808594 -0.495391845703125 -0.44122314453125
-0.0226020812988281 0.043609619140625 -0.710693359375 -0.334228515625
-0.0395164489746094 -0.00596237182617188 -0.77294921875 -0.123291015625
0.0396499633789063 -0.0483932495117188 -0.7421875 -0.10101318359375
0.113265991210937 0.00637054443359375 -0.53607177734375 -0.00271606445312508
0.129653930664063 0.0513992309570313 -0.136299133300781 -0.01800537109375
0.130317687988281 0.0372695922851563 0.245819091796875 0.0298614501953125
0.126106262207031 0.0143966674804688 0.58544921875 0.09832763671875
0.049468994140625 -0.0279464721679688 0.74200439453125 0.17840576171875
-0.0240421295166016 0.00325775146484375 0.779541015625 0.337646484375
-0.0353164672851562 0.062042236328125 0.63134765625 0.46514892578125
-0.00658798217773437 0.0643539428710938 0.47821044921875 0.4356689453125
0.0239982604980469 0.0601119995117187 0.236068725585937 0.228179931640625
0.0152168273925781 0.0215091705322266 -0.0092620849609375 -0.0596122741699219
0.0205039978027344 0.0376358032226563 -0.27056884765625 -0.333709716796875
0.0074005126953125 0.0543212890625 -0.49261474609375 -0.47198486328125
-0.0265121459960937 0.03973388671875 -0.6976318359375 -0.36798095703125
-0.0386734008789063 -0.0123710632324219 -0.75958251953125 -0.14404296875
0.0472450256347656 -0.0459175109863281 -0.7320556640625 -0.10693359375
0.122482299804688 0.0152130126953125 -0.526763916015625 -0.00942993164062499
0.12847900390625 0.0630645751953125 -0.114067077636719 -0.00118255615234373
0.113265991210938 0.0235977172851563 0.2646484375 0.02734375
0.104011535644531 0.0124435424804688 0.59014892578125 0.0911865234375
0.0410575866699219 -0.0181198120117188 0.75848388671875 0.160400390625
-0.0203132629394531 0.00606727600097657 0.8038330078125 0.3031005859375
-0.0303955078125 0.054168701171875 0.64727783203125 0.4227294921875
-0.00732040405273437 0.0483932495117188 0.47991943359375 0.399658203125
0.0140151977539063 0.0423240661621094 0.217453002929688 0.205764770507813
0.00774192810058594 0.00885772705078125 -0.0285263061523438 -0.0754165649414063
0.0136489868164062 0.0255870819091797 -0.27655029296875 -0.358612060546875
-0.0013427734375 0.038421630859375 -0.48358154296875 -0.508056640625
-0.0277862548828125 0.0290660858154297 -0.675048828125 -0.4066162109375
-0.0327510833740234 -0.0157375335693359 -0.738525390625 -0.16748046875
0.0486984252929688 -0.037109375 -0.7216796875 -0.116455078125
0.111778259277344 0.024993896484375 -0.52056884765625 -0.0131225585937501
0.113662719726563 0.067413330078125 -0.0942840576171875 0.0130157470703125
-0.0350570678710938 -0.03375244140625 0.179718017578125 0.0244903564453125
-0.0375099182128906 0.0202674865722656 0.593505859375 0.08221435546875
-0.00288009643554687 0.0288658142089844 0.72991943359375 0.10205078125
0.00678491592407227 0.00742959976196289 0.728515625 0.2791748046875
-0.00680446624755859 -0.0091552734375 0.60107421875 0.47161865234375
-0.0135383605957031 -0.044403076171875 0.50390625 0.484619140625
-0.0236721038818359 -0.0286464691162109 0.289581298828125 0.296234130859375
-0.029510498046875 -0.0458450317382813 0.0542335510253906 0.00874710083007812
-0.0182304382324219 -0.0479583740234375 -0.2080078125 -0.2734375
-0.00618743896484375 -0.0545501708984375 -0.453887939453125 -0.433013916015625
-0.00267410278320313 -0.0419998168945313 -0.694091796875 -0.353759765625
-0.00550270080566406 -0.022613525390625 -0.77984619140625 -0.1649169921875
-0.00159835815429687 0.0115060806274414 -0.7423095703125 -0.14556884765625
-0.0332126617431641 0.0292243957519531 -0.538665771484375 -0.00747680664062489
-0.0582160949707031 -0.00191879272460938 -0.180511474609375 -0.0198516845703125
0.00388908386230469 -0.0074615478515625 0.169998168945313 0.024871826171875
0.00723457336425781 0.0223178863525391 0.59332275390625 0.0928955078125
0.0107088088989258 0.00870323181152344 0.72198486328125 0.11309814453125
-0.00540971755981445 0.00256824493408203 0.713134765625 0.30474853515625
-0.0157012939453125 0.00684356689453125 0.58380126953125 0.49920654296875
-0.00873565673828125 -0.0173959732055664 0.495452880859375 0.510650634765625
-0.0104446411132813 -0.00488948822021484 0.292633056640625 0.3084716796875
-0.018157958984375 -0.0253562927246094 0.0616416931152344 0.0133743286132813
-0.00811386108398438 -0.0264358520507813 -0.203872680664063 -0.26593017578125
-0.00282478332519532 -0.0252170562744141 -0.454071044921875 -0.41107177734375
-0.00788116455078125 -0.0213699340820313 -0.699951171875 -0.32861328125
-0.0144557952880859 -0.0177440643310547 -0.78350830078125 -0.1383056640625
0.00587177276611328 -0.0021662712097168 -0.74908447265625 -0.12933349609375
-0.00220870971679688 0.020477294921875 -0.545257568359375 0.0002746582031251
-0.0153083801269531 0.00505352020263672 -0.188705444335938 -0.0255279541015625
0.0480155944824219 0.0222320556640625 0.169937133789063 0.0286407470703125
0.0562705993652344 0.0276947021484375 0.5880126953125 0.10211181640625
0.0296573638916016 -0.00774383544921875 0.717529296875 0.1334228515625
-0.0125808715820312 -0.00558090209960938 0.704345703125 0.32666015625
-0.02593994140625 0.0238723754882813 0.57781982421875 0.5191650390625
-0.00797462463378906 0.0150747299194336 0.486419677734375 0.5205078125
0.00590133666992188 0.0244102478027344 0.2886962890625 0.30902099609375
-0.00267505645751953 -0.00478029251098633 0.0618820190429688 0.0101776123046875
0.00699806213378906 -0.00448846817016602 -0.207855224609375 -0.268295288085938
0.00517416000366211 0.00295209884643555 -0.46368408203125 -0.402984619140625
-0.0104103088378906 0.00272941589355469 -0.70416259765625 -0.3118896484375
-0.0238494873046875 -0.0117664337158203 -0.78643798828125 -0.1199951171875
0.0125274658203125 -0.0172080993652344 -0.7574462890625 -0.114990234375
0.0323238372802734 0.01129150390625 -0.549560546875 -0.000915527343749909
0.0307655334472656 0.0121860504150391 -0.187576293945312 -0.0289459228515625
0.0886917114257813 0.0417556762695313 0.181961059570313 0.0310821533203125
0.101104736328125 0.0299606323242187 0.58404541015625 0.10577392578125
0.0461235046386719 -0.0231590270996094 0.71441650390625 0.1494140625
-0.0218105316162109 -0.0103168487548828 0.7105712890625 0.34625244140625
-0.0368118286132813 0.0409736633300781 0.58148193359375 0.52679443359375
-0.0085296630859375 0.0425071716308594 0.485015869140625 0.5159912109375
0.0188179016113281 0.0503311157226563 0.28271484375 0.297210693359375
0.00819301605224609 0.011775016784668 0.0508689880371094 -0.00145339965820312
0.0192928314208984 0.0174045562744141 -0.21942138671875 -0.275375366210938
0.00974845886230469 0.0281486511230469 -0.47296142578125 -0.405242919921875
-0.0115242004394531 0.0221366882324219 -0.71136474609375 -0.307373046875
-0.0308685302734375 -0.00397300720214843 -0.78375244140625 -0.10723876953125
0.0190830230712891 -0.030609130859375 -0.75537109375 -0.1044921875
0.0633773803710938 0.00554275512695313 -0.548248291015625 0.00546264648437496
0.0759048461914063 0.0224990844726563 -0.177841186523438 -0.0302886962890625
0.115676879882813 0.0503082275390625 0.200164794921875 0.030303955078125
0.126045227050781 0.0267105102539063 0.5784912109375 0.10284423828125
0.0547142028808594 -0.0297698974609375 0.71441650390625 0.16851806640625
-0.0259208679199219 -0.0116176605224609 0.724853515625 0.35955810546875
-0.0408477783203125 0.053314208984375 0.59405517578125 0.5169677734375
-0.00799179077148438 0.0601997375488281 0.4788818359375 0.4989013671875
0.0277938842773438 0.0628204345703125 0.267288208007812 0.275558471679688
0.0156192779541016 0.0239887237548828 0.0319042205810547 -0.0201454162597656
0.0256004333496094 0.0319290161132813 -0.23663330078125 -0.287811279296875
0.0136146545410156 0.048919677734375 -0.484619140625 -0.413116455078125
-0.0145759582519531 0.0387115478515625 -0.70941162109375 -0.313720703125
-0.0388107299804688 -0.00221633911132813 -0.78021240234375 -0.1099853515625
0.0263862609863281 -0.0404014587402344 -0.75018310546875 -0.0966796875
0.0921401977539063 0.00064849853515625 -0.542266845703125 0.000793457031249923
0.108749389648437 0.0369491577148438 -0.157379150390625 -0.0244140625
0.130439758300781 0.0480804443359375 0.221588134765625 0.0323028564453125
0.133262634277344 0.020965576171875 0.5750732421875 0.10125732421875
0.0544815063476562 -0.0328216552734375 0.721923828125 0.17901611328125
-0.0272598266601562 -0.00365447998046875 0.74932861328125 0.356201171875
-0.0411262512207031 0.0627861022949219 0.6121826171875 0.49517822265625
-0.00785064697265625 0.0691490173339844 0.47784423828125 0.46771240234375
0.0286712646484375 0.0672760009765625 0.251052856445313 0.249160766601563
0.0174827575683594 0.0283279418945312 0.01239013671875 -0.0397071838378906
0.0252761840820313 0.0399818420410156 -0.256805419921875 -0.30743408203125
0.0117607116699219 0.0554389953613281 -0.49273681640625 -0.4364013671875
-0.0208854675292969 0.0446205139160156 -0.70672607421875 -0.332275390625
-0.0399246215820313 -0.00582122802734375 -0.76953125 -0.1209716796875
0.0375213623046875 -0.0463218688964844 -0.740234375 -0.0985107421875
0.112594604492188 0.00688934326171875 -0.532745361328125 -0.00225830078125006
0.126777648925781 0.0508499145507812 -0.136482238769531 -0.0157394409179687
0.129806518554688 0.0386276245117188 0.242156982421875 0.0314483642578125
0.125541687011719 0.0133132934570312 0.57952880859375 0.096435546875
0.0483322143554688 -0.0288887023925781 0.73797607421875 0.1739501953125
-0.0256137847900391 0.00265884399414062 0.77691650390625 0.33380126953125
-0.0364570617675781 0.0628013610839844 0.6302490234375 0.4600830078125
-0.00684356689453126 0.0630111694335938 0.476531982421875 0.43157958984375
0.0252914428710938 0.0584068298339844 0.233871459960937 0.224273681640625
0.0146999359130859 0.0219097137451172 -0.00926971435546874 -0.0586700439453125
0.0214118957519531 0.0363693237304688 -0.267791748046875 -0.329345703125
0.00595474243164062 0.0522079467773438 -0.4913330078125 -0.46783447265625
-0.0264472961425781 0.0411911010742188 -0.69537353515625 -0.36334228515625
-0.0392799377441406 -0.0116539001464844 -0.752197265625 -0.137939453125
0.0475540161132813 -0.0467033386230469 -0.72821044921875 -0.10345458984375
0.121826171875 0.0147628784179688 -0.524017333984375 -0.00723266601562502
0.12921142578125 0.0614242553710938 -0.113433837890625 -0.00115966796874999
0.11285400390625 0.0231857299804688 0.263168334960938 0.0288543701171875
0.104461669921875 0.0114822387695312 0.5860595703125 0.0887451171875
0.0410690307617188 -0.0175628662109375 0.75445556640625 0.15484619140625
-0.0190582275390625 0.00519943237304688 0.8004150390625 0.2994384765625
-0.0312652587890625 0.051116943359375 0.6456298828125 0.41876220703125
-0.00718307495117188 0.0484542846679688 0.475738525390625 0.396148681640625
0.0151596069335937 0.0436668395996094 0.218307495117188 0.204742431640625
0.00660800933837891 0.00954818725585938 -0.0284576416015625 -0.0749435424804688
0.0147361755371094 0.0247306823730469 -0.274993896484375 -0.3531494140625
-0.000507354736328129 0.0392799377441406 -0.47967529296875 -0.503875732421875
-0.0261001586914062 0.0291900634765625 -0.67340087890625 -0.40362548828125
-0.0329704284667969 -0.0164337158203125 -0.735107421875 -0.1650390625
0.0487861633300781 -0.03668212890625 -0.7197265625 -0.11358642578125
0.112701416015625 0.023040771484375 -0.518310546875 -0.0118408203124999
0.112197875976563 0.066925048828125 -0.09478759765625 0.0129776000976563
-0.0350742340087891 -0.0328655242919922 0.179473876953125 0.0233306884765625
-0.0382118225097656 0.0207977294921875 0.591064453125 0.07952880859375
-0.00395011901855469 0.0273113250732422 0.727294921875 0.10369873046875
0.00693750381469727 0.00730705261230469 0.72637939453125 0.279541015625
-0.00372886657714844 -0.00963687896728516 0.600341796875 0.46990966796875
-0.0114898681640625 -0.0440902709960938 0.499786376953125 0.4822998046875
-0.0226097106933594 -0.0274600982666016 0.2894287109375 0.2947998046875
-0.0301856994628906 -0.0430335998535156 0.05462646484375 0.00677490234375
-0.0172004699707031 -0.0498085021972656 -0.206069946289063 -0.271591186523438
-0.0061492919921875 -0.0507774353027344 -0.451690673828125 -0.42962646484375
-0.0023193359375 -0.04364013671875 -0.69049072265625 -0.35125732421875
-0.00473403930664063 -0.0247611999511719 -0.775390625 -0.16131591796875
-0.00251388549804688 0.0081171989440918 -0.73931884765625 -0.1435546875
-0.0325508117675781 0.0272197723388672 -0.53668212890625 -0.00451660156250006
-0.0566444396972656 -0.00389480590820314 -0.1802978515625 -0.0189361572265625
0.00189781188964844 -0.0079498291015625 0.1683349609375 0.02471923828125
0.00894546508789062 0.0241374969482422 0.59161376953125 0.09429931640625
0.00895404815673828 0.0105619430541992 0.72015380859375 0.112548828125
-0.00301861763000488 0.0026099681854248 0.7093505859375 0.30029296875
-0.0143594741821289 0.00890254974365234 0.58544921875 0.497314453125
-0.00951957702636719 -0.017176628112793 0.491363525390625 0.508819580078125
-0.00767707824707031 -0.00260400772094727 0.291534423828125 0.305572509765625
-0.0150623321533203 -0.0259437561035156 0.06231689453125 0.0144615173339844
-0.00650978088378906 -0.026214599609375 -0.202911376953125 -0.264144897460938
-0.000915527343750001 -0.0242366790771484 -0.455474853515625 -0.4105224609375
-0.00754928588867187 -0.0231971740722656 -0.69720458984375 -0.32476806640625
-0.0148534774780273 -0.016514778137207 -0.7794189453125 -0.13775634765625
0.00603580474853516 -0.00378322601318359 -0.7459716796875 -0.1270751953125
0.000215530395507815 0.0219707489013672 -0.5438232421875 -0.000549316406249995
-0.0147199630737305 0.00506877899169922 -0.189987182617188 -0.0248260498046875
0.0467948913574219 0.0208702087402344 0.1697998046875 0.02777099609375
0.05657958984375 0.0294113159179687 0.5853271484375 0.10211181640625
0.0300655364990234 -0.00770950317382812 0.71630859375 0.1318359375
-0.0141229629516602 -0.00427341461181641 0.7034912109375 0.32574462890625
-0.0251045227050781 0.0248146057128906 0.57708740234375 0.5130615234375
-0.00895214080810547 0.0151557922363281 0.48583984375 0.518646240234375
0.00559234619140625 0.0238094329833984 0.289093017578125 0.305999755859375
-6.43730163574218E-05 -0.00599288940429688 0.0615501403808594 0.00909805297851562
0.00871133804321289 -0.00462436676025391 -0.207687377929688 -0.2657470703125
0.00678825378417969 0.000520706176757813 -0.462249755859375 -0.398162841796875
-0.0074920654296875 0.00308799743652344 -0.702392578125 -0.3101806640625
-0.0223217010498047 -0.0101776123046875 -0.7802734375 -0.11822509765625
0.0121879577636719 -0.0188694000244141 -0.754150390625 -0.11187744140625
0.0323619842529297 0.0141792297363281 -0.546966552734375 0.00210571289062502
0.0331459045410156 0.0134773254394531 -0.187576293945313 -0.0287017822265625
0.0875244140625 0.042083740234375 0.180679321289063 0.031097412109375
0.0983810424804688 0.0284423828125 0.57855224609375 0.1048583984375
0.0458831787109375 -0.0224838256835938 0.71051025390625 0.1512451171875
-0.0205230712890625 -0.00881958007812501 0.70709228515625 0.34527587890625
-0.0346755981445312 0.0401687622070313 0.5799560546875 0.52435302734375
-0.0092010498046875 0.0411300659179688 0.479217529296875 0.5146484375
0.0182685852050781 0.0488471984863281 0.279693603515625 0.295623779296875
0.00887012481689453 0.0128469467163086 0.0512046813964844 -0.00216293334960937
0.0174045562744141 0.0156641006469727 -0.217529296875 -0.273147583007813
0.0105857849121094 0.0263862609863281 -0.4718017578125 -0.4014892578125
-0.0119247436523437 0.0215091705322266 -0.708740234375 -0.3038330078125
-0.0303573608398438 -0.00374031066894531 -0.78106689453125 -0.10906982421875
0.0181083679199219 -0.0302543640136719 -0.75384521484375 -0.10406494140625
0.0630340576171875 0.0041351318359375 -0.5462646484375 0.00558471679687495
0.0750045776367188 0.023345947265625 -0.176361083984375 -0.028961181640625
0.115951538085938 0.0509414672851563 0.196578979492188 0.0301513671875
0.125350952148438 0.0253829956054688 0.57598876953125 0.10211181640625
0.05255126953125 -0.0308609008789062 0.71160888671875 0.16583251953125
-0.0264453887939453 -0.00834465026855469 0.7210693359375 0.35748291015625
-0.0389289855957031 0.0539817810058594 0.5941162109375 0.51239013671875
-0.00821304321289062 0.0615196228027344 0.479339599609375 0.493438720703125
0.0254287719726562 0.06304931640625 0.266647338867188 0.274627685546875
0.0158882141113281 0.0250263214111328 0.0341949462890625 -0.0200481414794922
0.0247974395751953 0.0322074890136719 -0.23626708984375 -0.28643798828125
0.0161399841308594 0.0457916259765625 -0.482147216796875 -0.411041259765625
-0.0147705078125 0.0395393371582031 -0.70684814453125 -0.30938720703125
-0.0365486145019531 -0.0022125244140625 -0.77557373046875 -0.10638427734375
0.0275382995605469 -0.0416297912597656 -0.74481201171875 -0.0936889648437501
0.0920562744140625 0.00162506103515625 -0.5404052734375 0.001434326171875
0.108993530273438 0.0341949462890625 -0.157821655273438 -0.0257415771484375
0.129745483398438 0.0479278564453125 0.21893310546875 0.03216552734375
0.13323974609375 0.0211105346679688 0.5714111328125 0.10162353515625
0.0531387329101563 -0.0311508178710938 0.71826171875 0.1761474609375
-0.0295581817626953 -0.00421905517578125 0.74591064453125 0.351318359375
-0.0381736755371094 0.0608444213867187 0.61016845703125 0.492431640625
-0.00582885742187501 0.0687980651855469 0.47552490234375 0.461395263671875
0.0290412902832031 0.0653419494628906 0.249420166015625 0.248062133789063
0.0171298980712891 0.0285816192626953 0.0116958618164063 -0.038482666015625
0.0252189636230469 0.0375709533691406 -0.2520751953125 -0.307891845703125
0.0125083923339844 0.055328369140625 -0.489013671875 -0.431884765625
-0.0228958129882813 0.0430107116699219 -0.70361328125 -0.3289794921875
-0.0388870239257813 -0.00585556030273438 -0.76409912109375 -0.11865234375
0.0378036499023437 -0.0471153259277344 -0.73883056640625 -0.0980834960937501
0.112419128417969 0.00432586669921875 -0.5296630859375 -0.000305175781249958
0.126121520996094 0.050079345703125 -0.135635375976563 -0.0172195434570312
0.127510070800781 0.0375518798828125 0.240707397460938 0.030517578125
0.123725891113281 0.0124588012695313 0.57720947265625 0.09429931640625
0.0496749877929688 -0.0262451171875 0.7322998046875 0.172119140625
-0.0254707336425781 0.00242042541503906 0.7742919921875 0.3311767578125
-0.0351905822753906 0.0616836547851562 0.628662109375 0.45501708984375
-0.00580596923828125 0.0624732971191406 0.473876953125 0.427825927734375
0.0262870788574219 0.0589332580566406 0.235076904296875 0.221923828125
0.0155715942382812 0.0239887237548828 -0.00957489013671874 -0.0575332641601563
0.0208587646484375 0.0361709594726563 -0.26580810546875 -0.327728271484375
0.00560760498046876 0.0527915954589844 -0.488311767578125 -0.4638671875
-0.0267372131347656 0.0410728454589844 -0.6910400390625 -0.36138916015625
-0.03692626953125 -0.0129585266113281 -0.7503662109375 -0.136474609375
0.0472755432128906 -0.0468978881835938 -0.723876953125 -0.10015869140625
0.121589660644531 0.0145645141601563 -0.519012451171875 -0.00601196289062511
0.1285400390625 0.0608901977539062 -0.113052368164063 -0.00302886962890625
0.111091613769531 0.0225067138671875 0.26202392578125 0.0286102294921875
0.101707458496094 0.0109405517578125 0.58331298828125 0.08660888671875
0.0399360656738281 -0.0203819274902344 0.75164794921875 0.156005859375
-0.0195064544677734 0.00701904296875 0.79656982421875 0.2974853515625
-0.0310211181640625 0.0530548095703125 0.64166259765625 0.41796875
-0.00757980346679688 0.0471305847167969 0.472320556640625 0.392303466796875
0.0145149230957031 0.0429496765136719 0.216537475585937 0.203964233398437
0.00678443908691406 0.00944328308105469 -0.0277938842773438 -0.0716781616210938
0.0122737884521484 0.0266571044921875 -0.273956298828125 -0.351593017578125
0.000320434570312496 0.0373725891113281 -0.480133056640625 -0.501312255859375
-0.0264949798583984 0.0300846099853516 -0.67041015625 -0.403564453125
-0.0322780609130859 -0.0136260986328125 -0.72955322265625 -0.16326904296875
0.048095703125 -0.037353515625 -0.7149658203125 -0.11163330078125
0.110923767089844 0.0254440307617188 -0.514068603515625 -0.0127563476562499
0.113059997558594 0.0658493041992188 -0.0956497192382813 0.0133285522460937
-0.0374794006347656 -0.0323104858398437 0.174774169921875 0.0243377685546875
-0.0375328063964844 0.0206756591796875 0.58831787109375 0.08001708984375
-0.0049285888671875 0.0280437469482422 0.72576904296875 0.09893798828125
0.00370645523071289 0.00755596160888672 0.72381591796875 0.27740478515625
-0.00661182403564453 -0.00995349884033203 0.59466552734375 0.46942138671875
-0.0145721435546875 -0.0442695617675781 0.499114990234375 0.478668212890625
-0.0232257843017578 -0.0266380310058594 0.2880859375 0.2952880859375
-0.0312576293945313 -0.0446586608886719 0.0516395568847656 0.00889968872070312
-0.0174140930175781 -0.0478630065917969 -0.206024169921875 -0.267425537109375
-0.00634384155273438 -0.0520133972167969 -0.450408935546875 -0.423980712890625
-0.00175094604492188 -0.0429039001464844 -0.69110107421875 -0.34808349609375
-0.00452232360839844 -0.0241985321044922 -0.77154541015625 -0.16412353515625
-0.00265216827392578 0.00994586944580078 -0.73681640625 -0.14288330078125
-0.0324611663818359 0.0290889739990234 -0.532867431640625 -0.00360107421875001
-0.0552749633789063 -0.00292968750000001 -0.180252075195313 -0.019500732421875
0.00319290161132813 -0.00654077529907227 0.166534423828125 0.02557373046875
0.00696182250976562 0.0226612091064453 0.58599853515625 0.0921630859375
0.00778055191040039 0.00729656219482422 0.71746826171875 0.11126708984375
-0.00518321990966797 0.00238656997680664 0.70745849609375 0.298583984375
-0.0157632827758789 0.00957298278808594 0.5799560546875 0.4957275390625
-0.00987911224365234 -0.0164079666137695 0.492706298828125 0.503143310546875
-0.00731372833251953 9.96589660644539E-05 0.288665771484375 0.30487060546875
-0.0171756744384766 -0.0227413177490234 0.0612411499023438 0.0127487182617188
-0.00527381896972656 -0.02606201171875 -0.201187133789063 -0.261322021484375
-0.000753402709960937 -0.0242137908935547 -0.45263671875 -0.406219482421875
-0.00586700439453125 -0.0222949981689453 -0.6966552734375 -0.32318115234375
-0.0150880813598633 -0.0162534713745117 -0.777587890625 -0.13787841796875
0.00309467315673828 -0.0044245719909668 -0.7451171875 -0.1273193359375
-0.00218963623046875 0.0223350524902344 -0.541412353515625 0.00155639648437501
-0.0133190155029297 0.00430107116699219 -0.189224243164063 -0.0245513916015625
0.0469589233398437 0.0213279724121094 0.167648315429688 0.029937744140625
0.0551185607910156 0.0286941528320313 0.58416748046875 0.10107421875
0.0296401977539063 -0.0082550048828125 0.71240234375 0.12933349609375
-0.0145788192749023 -0.00552940368652344 0.701171875 0.325927734375
-0.0240058898925781 0.0246353149414063 0.57550048828125 0.513916015625
-0.00921821594238282 0.0154542922973633 0.485626220703125 0.517578125
0.00939178466796875 0.0278511047363281 0.2861328125 0.3065185546875
-0.00162780284881592 -0.000614166259765625 0.0591812133789062 0.0082550048828125
0.00676870346069336 -0.00330400466918945 -0.204376220703125 -0.265655517578125
0.00605869293212891 0.00357198715209961 -0.46087646484375 -0.397369384765625
-0.00841522216796875 0.00185012817382813 -0.7003173828125 -0.3094482421875
-0.0238151550292969 -0.00957679748535156 -0.7794189453125 -0.11956787109375
0.0100946426391602 -0.0173521041870117 -0.75244140625 -0.11260986328125
0.0333423614501953 0.0126724243164063 -0.546295166015625 0.00289916992187491
0.0326805114746094 0.0135326385498047 -0.186676025390625 -0.0272064208984375
0.086181640625 0.0429153442382813 0.179306030273438 0.031982421875
0.098907470703125 0.0312957763671875 0.57684326171875 0.10137939453125
0.0435638427734375 -0.0209274291992188 0.70745849609375 0.1500244140625
-0.0212936401367188 -0.00928688049316406 0.70489501953125 0.34161376953125
-0.035064697265625 0.0418548583984375 0.5797119140625 0.52117919921875
-0.00859451293945313 0.0426521301269531 0.479644775390625 0.510650634765625
0.0205039978027344 0.049896240234375 0.281097412109375 0.29473876953125
0.00862407684326172 0.0140867233276367 0.049285888671875 -0.00394821166992187
0.019073486328125 0.0143814086914063 -0.21905517578125 -0.2718505859375
0.0143890380859375 0.0270614624023438 -0.470306396484375 -0.397674560546875
-0.0110454559326172 0.0226306915283203 -0.70538330078125 -0.30133056640625
-0.0310611724853516 -0.0044708251953125 -0.778564453125 -0.1083984375
0.0177326202392578 -0.0290298461914063 -0.75140380859375 -0.1021728515625
0.0631942749023438 0.0033111572265625 -0.5445556640625 0.00372314453124993
0.0735855102539063 0.02142333984375 -0.179733276367188 -0.029510498046875
0.113609313964844 0.05267333984375 0.196182250976563 0.0326690673828125
0.124809265136719 0.0280685424804688 0.57208251953125 0.10137939453125
0.0526542663574219 -0.0304946899414062 0.7091064453125 0.1663818359375
-0.0270042419433594 -0.00766563415527344 0.72076416015625 0.354248046875
-0.0386466979980469 0.0549125671386719 0.59033203125 0.5108642578125
-0.00793838500976562 0.0624237060546875 0.474517822265625 0.4888916015625
0.0282859802246094 0.0634689331054688 0.264236450195313 0.273162841796875
0.0172061920166016 0.0258464813232422 0.0316143035888672 -0.0199031829833984
0.0244865417480469 0.0322742462158203 -0.234588623046875 -0.284271240234375
0.0156211853027344 0.0454063415527344 -0.481353759765625 -0.40911865234375
-0.0135383605957031 0.0353622436523438 -0.70489501953125 -0.30755615234375
-0.0356178283691406 -0.00116348266601562 -0.7725830078125 -0.10723876953125
0.0263786315917969 -0.0400619506835938 -0.7442626953125 -0.0952758789062499
0.0912246704101563 0.0003814697265625 -0.538055419921875 0.00219726562499999
0.108413696289062 0.0325469970703125 -0.159194946289062 -0.02386474609375
0.12786865234375 0.0484619140625 0.217636108398438 0.03216552734375
0.133811950683594 0.0202560424804688 0.571533203125 0.10052490234375
0.0519866943359375 -0.0309867858886719 0.71875 0.1754150390625
-0.0288314819335938 -0.00195121765136719 0.74169921875 0.3526611328125
-0.040557861328125 0.0626907348632813 0.60791015625 0.49029541015625
-0.00467300415039063 0.0688705444335938 0.473846435546875 0.460784912109375
0.0289840698242187 0.0662994384765625 0.247177124023437 0.24609375
0.0190982818603516 0.0286693572998047 0.0103836059570313 -0.0402679443359375
0.0251693725585938 0.0396766662597656 -0.252471923828125 -0.304351806640625
0.0120353698730469 0.0551872253417969 -0.48797607421875 -0.43084716796875
-0.0210723876953125 0.0438270568847656 -0.7032470703125 -0.3272705078125
-0.0393905639648437 -0.00563430786132813 -0.76104736328125 -0.11785888671875
0.0369796752929688 -0.0475807189941406 -0.734130859375 -0.0937500000000002
0.111427307128906 0.0033416748046875 -0.528289794921875 6.48993157619963E-17
0.127967834472656 0.0496139526367188 -0.136428833007813 -0.0127639770507812
0.126502990722656 0.039825439453125 0.240020751953125 0.0300140380859375
0.123641967773438 0.0144271850585938 0.573974609375 0.09521484375
0.0457801818847656 -0.0273056030273438 0.73126220703125 0.1705322265625
-0.0267333984375 0.00387382507324218 0.7706298828125 0.32904052734375
-0.0352325439453125 0.0635986328125 0.624267578125 0.4569091796875
-0.00353240966796875 0.0637855529785156 0.473388671875 0.4268798828125
0.0237045288085937 0.0604476928710937 0.229690551757813 0.222900390625
0.0145702362060547 0.0242538452148438 -0.00913238525390625 -0.0586090087890625
0.0207672119140625 0.0377655029296875 -0.264739990234375 -0.325714111328125
0.00786972045898438 0.0513267517089844 -0.48681640625 -0.4599609375
-0.0260658264160156 0.0417747497558594 -0.6904296875 -0.35894775390625
-0.0397453308105469 -0.0122222900390625 -0.74395751953125 -0.13580322265625
0.0449600219726563 -0.0457229614257813 -0.7230224609375 -0.10101318359375
0.120574951171875 0.0140457153320313 -0.52008056640625 -0.00421142578124994
0.127761840820313 0.0609893798828125 -0.112640380859375 -0.00286865234374997
0.109130859375 0.0226821899414062 0.257965087890625 0.026275634765625
0.103248596191406 0.0125198364257813 0.58148193359375 0.085693359375
0.0406303405761719 -0.0192718505859375 0.7481689453125 0.15228271484375
-0.0213489532470703 0.007568359375 0.79400634765625 0.2958984375
-0.0297203063964844 0.0533370971679688 0.64056396484375 0.4134521484375
-0.00518798828125 0.0478324890136719 0.4715576171875 0.39227294921875
0.0170097351074219 0.0417747497558594 0.21624755859375 0.202774047851562
0.00784111022949219 0.0115823745727539 -0.0287017822265625 -0.0733108520507813
0.0159988403320312 0.0254287719726563 -0.271636962890625 -0.34930419921875
0.000518798828125003 0.0388336181640625 -0.477447509765625 -0.49810791015625
-0.0264205932617188 0.0296573638916016 -0.66790771484375 -0.39892578125
-0.0313224792480469 -0.0150279998779297 -0.7296142578125 -0.162109375
0.04705810546875 -0.0369453430175781 -0.712646484375 -0.114501953125
0.111541748046875 0.0239334106445313 -0.51214599609375 -0.0110473632812501
0.110565185546875 0.0671310424804688 -0.0963668823242187 0.0135574340820313
-0.0369415283203125 -0.0319137573242187 0.173812866210937 0.0231170654296875
-0.0384559631347656 0.0215911865234375 0.5875244140625 0.0782470703125
-0.00605583190917969 0.0255146026611328 0.7230224609375 0.09857177734375
0.00384426116943359 0.00760984420776367 0.72149658203125 0.27655029296875
-0.00614547729492188 -0.00945568084716797 0.594482421875 0.4681396484375
-0.0121498107910156 -0.0450325012207031 0.49774169921875 0.47686767578125
-0.0214653015136719 -0.0256919860839844 0.2857666015625 0.2938232421875
-0.0300102233886719 -0.0417137145996094 0.0541648864746094 0.00663375854492187
-0.0195159912109375 -0.0476646423339844 -0.2049560546875 -0.270370483398437
-0.00491714477539062 -0.0525665283203125 -0.448516845703125 -0.42401123046875
-0.00154495239257812 -0.0439796447753906 -0.68853759765625 -0.34521484375
-0.00506210327148438 -0.0222091674804688 -0.7711181640625 -0.1630859375
-0.00384330749511719 0.010462760925293 -0.73681640625 -0.14373779296875
-0.0311431884765625 0.0288944244384766 -0.533905029296875 -0.00585937500000009
-0.0560722351074219 -0.00467300415039063 -0.17999267578125 -0.0201873779296875
0.000931262969970703 -0.00607681274414062 0.16632080078125 0.0259552001953125
0.00603294372558594 0.0235805511474609 0.5872802734375 0.0909423828125
0.00728654861450195 0.00877141952514648 0.7169189453125 0.11114501953125
-0.00692272186279297 0.00230932235717773 0.70770263671875 0.2996826171875
-0.0137214660644531 0.00895214080810547 0.5802001953125 0.4937744140625
-0.00812816619873047 -0.0158958435058594 0.490875244140625 0.5032958984375
-0.00481414794921875 0.000598430633544921 0.289154052734375 0.30572509765625
-0.0156154632568359 -0.0233440399169922 0.0602302551269531 0.0125236511230469
-0.00698661804199219 -0.0242462158203125 -0.199783325195313 -0.261428833007813
-0.000387191772460936 -0.0266647338867188 -0.45135498046875 -0.40484619140625
-0.00730514526367188 -0.0214271545410156 -0.6944580078125 -0.32037353515625
-0.0159702301025391 -0.0166616439819336 -0.7744140625 -0.136474609375
0.00305271148681641 -0.00459432601928711 -0.74346923828125 -0.12542724609375
-0.000549316406250002 0.023101806640625 -0.53955078125 0.000793457031249901
-0.0138711929321289 0.00344371795654297 -0.190017700195313 -0.02490234375
0.0458183288574219 0.0223312377929688 0.169036865234375 0.02880859375
0.0565605163574219 0.0274925231933594 0.580078125 0.10064697265625
0.0277538299560547 -0.00777053833007813 0.71087646484375 0.12628173828125
-0.0161972045898438 -0.00335979461669922 0.69989013671875 0.3214111328125
-0.0248641967773438 0.0236930847167969 0.5743408203125 0.5118408203125
-0.00951766967773438 0.0151643753051758 0.482757568359375 0.514892578125
0.00951957702636719 0.0274467468261719 0.288116455078125 0.3050537109375
-0.000928640365600586 -0.00253963470458984 0.0592842102050781 0.0078125
0.00762128829956055 -0.00248384475708008 -0.204925537109375 -0.262908935546875
0.00540781021118164 0.00195980072021484 -0.45831298828125 -0.3946533203125
-0.00847053527832031 0.00172185897827148 -0.69891357421875 -0.30377197265625
-0.0249290466308594 -0.0103492736816406 -0.77947998046875 -0.117431640625
0.00914192199707031 -0.0198974609375 -0.7509765625 -0.11224365234375
0.0321712493896484 0.0111618041992188 -0.545074462890625 0.0036621093750001
0.0315494537353516 0.0119838714599609 -0.189620971679688 -0.0272979736328125
0.085052490234375 0.0417709350585938 0.17901611328125 0.0316925048828125
0.0971145629882813 0.0290756225585938 0.57861328125 0.1021728515625
0.0453987121582031 -0.0214576721191406 0.70611572265625 0.14569091796875
-0.0235576629638672 -0.00887680053710938 0.7054443359375 0.343505859375
-0.0346107482910156 0.041259765625 0.5777587890625 0.52056884765625
-0.00794219970703124 0.0424308776855469 0.477386474609375 0.512359619140625
0.0216407775878906 0.0497207641601563 0.277984619140625 0.29119873046875
0.00929450988769531 0.0155344009399414 0.0488739013671875 -0.00408554077148437
0.0174283981323242 0.016352653503418 -0.216751098632813 -0.2698974609375
0.0126934051513672 0.0269622802734375 -0.468841552734375 -0.396820068359375
-0.012451171875 0.0214996337890625 -0.70654296875 -0.29949951171875
-0.0303268432617188 -0.00325584411621094 -0.77606201171875 -0.1058349609375
0.0154972076416016 -0.0299968719482422 -0.75146484375 -0.1016845703125
0.0645599365234375 0.00343704223632813 -0.542816162109375 0.00463867187499999
0.0745849609375 0.0205078125 -0.177841186523438 -0.0269012451171875
0.111770629882813 0.0515823364257812 0.194061279296875 0.0319366455078125
0.126075744628906 0.02587890625 0.57073974609375 0.10186767578125
0.0510368347167969 -0.0303497314453125 0.70672607421875 0.16290283203125
-0.0285320281982422 -0.00644111633300781 0.71710205078125 0.35260009765625
-0.0389480590820313 0.0549583435058594 0.59222412109375 0.509765625
-0.00554656982421875 0.0610885620117187 0.4755859375 0.489166259765625
0.0297279357910156 0.0660285949707031 0.264511108398438 0.271942138671875
0.0155029296875 0.0269298553466797 0.0332965850830078 -0.019012451171875
0.0260601043701172 0.0318870544433594 -0.236480712890625 -0.28424072265625
0.0157585144042969 0.0444145202636719 -0.4794921875 -0.407318115234375
-0.0141639709472656 0.03839111328125 -0.70465087890625 -0.30670166015625
-0.0356521606445313 -0.0030517578125 -0.7718505859375 -0.10693359375
0.0258827209472656 -0.0409317016601563 -0.74322509765625 -0.0963745117187501
0.0940170288085938 0.00096893310546875 -0.535675048828125 0.00363159179687495
0.109855651855469 0.034210205078125 -0.158538818359375 -0.0238189697265625
0.127670288085938 0.0496292114257813 0.215896606445313 0.032806396484375
0.132904052734375 0.0191726684570312 0.56939697265625 0.09844970703125
0.0528602600097656 -0.0314903259277344 0.71441650390625 0.1722412109375
-0.0309982299804688 -0.00316238403320312 0.74249267578125 0.3494873046875
-0.0392112731933594 0.0627403259277344 0.6070556640625 0.48748779296875
-0.0054931640625 0.0686264038085938 0.47161865234375 0.4593505859375
0.0315208435058594 0.0672874450683594 0.246826171875 0.2471923828125
0.0193424224853516 0.0277614593505859 0.0117912292480469 -0.0392608642578125
0.0263328552246094 0.0385780334472656 -0.2498779296875 -0.301055908203125
0.0140037536621094 0.0547065734863281 -0.488555908203125 -0.426666259765625
-0.0198249816894531 0.0437049865722656 -0.7015380859375 -0.325927734375
-0.0392837524414063 -0.00549697875976563 -0.76055908203125 -0.11749267578125
0.0366973876953125 -0.0466690063476563 -0.7337646484375 -0.0945434570312501
0.113746643066406 0.0056610107421875 -0.525665283203125 0.000366210937499992
0.126838684082031 0.048309326171875 -0.136375427246094 -0.0143356323242188
0.125572204589844 0.038848876953125 0.23834228515625 0.0312042236328125
0.124656677246094 0.0142364501953125 0.5732421875 0.09283447265625
0.0477142333984375 -0.0269699096679688 0.73040771484375 0.1689453125
-0.0262203216552734 0.00411796569824219 0.76947021484375 0.3291015625
-0.0346336364746094 0.0626373291015625 0.6263427734375 0.4537353515625
-0.00429153442382813 0.0636825561523438 0.47174072265625 0.4232177734375
0.0283241271972656 0.059906005859375 0.230178833007813 0.221725463867187
0.0155658721923828 0.0250816345214844 -0.010711669921875 -0.0582122802734375
0.0206413269042969 0.0370712280273438 -0.26275634765625 -0.324737548828125
0.00647735595703125 0.0500259399414063 -0.486328125 -0.45904541015625
-0.0255050659179688 0.040069580078125 -0.68927001953125 -0.3582763671875
-0.037872314453125 -0.0115432739257813 -0.74700927734375 -0.1348876953125
0.0446281433105469 -0.0468635559082031 -0.7227783203125 -0.10003662109375
0.1219482421875 0.0137863159179688 -0.51824951171875 -0.00701904296874999
0.128242492675781 0.06048583984375 -0.114501953125 -0.00111389160156249
0.108848571777344 0.0233917236328125 0.258285522460937 0.0288848876953125
0.103340148925781 0.0116195678710938 0.581787109375 0.084716796875
0.0388679504394531 -0.0181465148925781 0.747802734375 0.15228271484375
-0.0195960998535156 0.0078125 0.794921875 0.2940673828125
-0.0286941528320312 0.05511474609375 0.64007568359375 0.41436767578125
-0.006103515625 0.047882080078125 0.470703125 0.38824462890625
0.01715087890625 0.0436935424804688 0.215911865234375 0.201873779296875
0.00789451599121094 0.0115165710449219 -0.0301055908203125 -0.0732269287109375
0.0145206451416016 0.0244846343994141 -0.27239990234375 -0.345855712890625
0.000247955322265627 0.0371932983398438 -0.476470947265625 -0.495208740234375
-0.0266685485839844 0.0313739776611328 -0.66729736328125 -0.39605712890625
-0.0324535369873047 -0.0145378112792969 -0.7274169921875 -0.1612548828125
0.0454063415527344 -0.0371665954589844 -0.71221923828125 -0.1112060546875
0.113021850585938 0.0241851806640625 -0.511199951171875 -0.011199951171875
0.110923767089844 0.0649261474609375 -0.0970306396484375 0.0120620727539063
-0.0396080017089844 -0.0328788757324219 0.173965454101562 0.02545166015625
-0.0369720458984375 0.020843505859375 0.58587646484375 0.07781982421875
-0.00847625732421875 0.0281333923339844 0.72430419921875 0.09942626953125
0.00390005111694336 0.00798797607421875 0.72344970703125 0.2760009765625
-0.00445270538330078 -0.0100078582763672 0.594482421875 0.466552734375
-0.0110206604003906 -0.0463371276855469 0.498260498046875 0.476287841796875
-0.0188217163085938 -0.0271263122558594 0.28704833984375 0.29180908203125
-0.0308074951171875 -0.0423545837402344 0.0545768737792969 0.00861358642578125
-0.0170135498046875 -0.0479469299316406 -0.205230712890625 -0.264511108398438
-0.00469207763671875 -0.0549278259277344 -0.448516845703125 -0.420989990234375
-0.000816345214843747 -0.0428466796875 -0.68914794921875 -0.34625244140625
-0.003753662109375 -0.0206985473632813 -0.76812744140625 -0.163818359375
-0.00307130813598633 0.00822067260742188 -0.7366943359375 -0.13983154296875
-0.0316638946533203 0.0273857116699219 -0.532562255859375 -0.00494384765625
-0.0546150207519531 -0.00714874267578124 -0.181869506835938 -0.0185089111328125
0.00219821929931641 -0.00775671005249023 0.165054321289062 0.0253143310546875
0.00765609741210937 0.0240440368652344 0.58392333984375 0.0919189453125
0.00765275955200195 0.00825357437133789 0.7147216796875 0.10711669921875
-0.0074467658996582 0.00173044204711914 0.70758056640625 0.2967529296875
-0.0119476318359375 0.00795745849609375 0.58123779296875 0.49334716796875
-0.00902938842773437 -0.0159196853637695 0.48895263671875 0.50238037109375
-0.00632429122924805 0.000899314880371094 0.28936767578125 0.305450439453125
-0.016510009765625 -0.0214176177978516 0.0608329772949219 0.0126800537109375
-0.00666427612304687 -0.0229988098144531 -0.19866943359375 -0.259780883789063
0.000261306762695311 -0.0257377624511719 -0.4510498046875 -0.40362548828125
-0.00429344177246094 -0.0217838287353516 -0.693603515625 -0.319091796875
-0.0140838623046875 -0.0153865814208984 -0.7757568359375 -0.13739013671875
0.00281572341918945 -0.00327396392822266 -0.74432373046875 -0.12384033203125
-0.000652313232421877 0.0197868347167969 -0.541168212890625 0.000762939453125086
-0.0145320892333984 0.00350093841552734 -0.189712524414063 -0.023590087890625
0.0441932678222656 0.021240234375 0.1644287109375 0.0309906005859375
0.0564041137695313 0.0281982421875 0.5831298828125 0.09765625
0.0262126922607422 -0.00803565979003906 0.711181640625 0.12615966796875
-0.0161056518554688 -0.00378036499023438 0.69915771484375 0.3221435546875
-0.0256462097167969 0.0239009857177734 0.5751953125 0.5103759765625
-0.00785350799560547 0.0147848129272461 0.481842041015625 0.514434814453125
0.00928115844726563 0.028167724609375 0.286865234375 0.30560302734375
-0.00150144100189209 -0.00170671939849853 0.060455322265625 0.00768280029296875
0.00719881057739258 -0.00263643264770508 -0.203964233398437 -0.261611938476563
0.00672054290771484 0.00345706939697266 -0.45867919921875 -0.3946533203125
-0.00945472717285156 0.0022735595703125 -0.697509765625 -0.30462646484375
-0.0226917266845703 -0.0103130340576172 -0.77783203125 -0.11785888671875
0.00841331481933594 -0.0174789428710938 -0.7490234375 -0.11260986328125
0.0324440002441406 0.0113639831542969 -0.542816162109375 0.00222778320312496
0.030029296875 0.0106773376464844 -0.190780639648438 -0.02618408203125
0.0838088989257813 0.0443954467773438 0.178512573242187 0.0312957763671875
0.0988311767578125 0.0308837890625 0.57611083984375 0.10198974609375
0.0438919067382813 -0.0222434997558594 0.7064208984375 0.14642333984375
-0.0216236114501953 -0.00922393798828126 0.705322265625 0.34033203125
-0.034332275390625 0.0408821105957031 0.5794677734375 0.51763916015625
-0.00851058959960938 0.042816162109375 0.479461669921875 0.511016845703125
0.0202598571777344 0.0518074035644531 0.276519775390625 0.292877197265625
0.0117301940917969 0.0165119171142578 0.0489006042480469 -0.00374603271484375
0.0179061889648438 0.015533447265625 -0.216033935546875 -0.267044067382813
0.0133132934570313 0.0263748168945313 -0.4700927734375 -0.39501953125
-0.0102005004882813 0.0234298706054688 -0.7059326171875 -0.2987060546875
-0.0312862396240234 -0.00278854370117187 -0.77691650390625 -0.10565185546875
0.0145835876464844 -0.0313320159912109 -0.75177001953125 -0.101806640625
0.0648765563964844 0.00394821166992188 -0.54351806640625 0.00613403320312496
0.0743026733398438 0.019775390625 -0.181015014648438 -0.0265960693359375
0.111198425292969 0.0526046752929688 0.1937255859375 0.0304718017578125
0.125823974609375 0.0272064208984375 0.5732421875 0.1002197265625
0.0517539978027344 -0.0321121215820313 0.70806884765625 0.16119384765625
-0.0284004211425781 -0.00793075561523438 0.7210693359375 0.35345458984375
-0.0380058288574219 0.0529060363769531 0.59014892578125 0.51129150390625
-0.00646591186523438 0.061981201171875 0.474761962890625 0.48956298828125
0.028472900390625 0.0654792785644531 0.262557983398438 0.272308349609375
0.0176239013671875 0.0268535614013672 0.0333194732666016 -0.0202732086181641
0.0254001617431641 0.0319137573242188 -0.231964111328125 -0.283294677734375
0.0144424438476563 0.0450630187988281 -0.478973388671875 -0.405609130859375
-0.0145721435546875 0.0386276245117188 -0.70550537109375 -0.30584716796875
-0.0350551605224609 -0.00209236145019531 -0.77105712890625 -0.10687255859375
0.0246200561523438 -0.03924560546875 -0.743896484375 -0.0955200195312501
0.0936508178710937 0.00098419189453125 -0.537200927734375 0.00299072265625011
0.108222961425781 0.0341796875 -0.159652709960938 -0.02239990234375
0.127227783203125 0.0485153198242188 0.2139892578125 0.0337066650390625
0.133697509765625 0.0223922729492187 0.56817626953125 0.09771728515625
0.05078125 -0.031524658203125 0.7149658203125 0.17376708984375
-0.0299835205078125 -0.00230026245117188 0.744384765625 0.34759521484375
-0.0385322570800781 0.0623588562011719 0.606689453125 0.4886474609375
-0.00566864013671875 0.0697784423828125 0.473541259765625 0.4595947265625
0.0318870544433594 0.0683059692382813 0.245193481445312 0.246124267578125
0.0203399658203125 0.0312328338623047 0.0105018615722656 -0.0389518737792969
0.0273704528808594 0.0400390625 -0.252471923828125 -0.299652099609375
0.0123977661132812 0.0527267456054688 -0.489715576171875 -0.4256591796875
-0.0207977294921875 0.0443077087402344 -0.70098876953125 -0.32562255859375
-0.0385475158691406 -0.00406646728515625 -0.76043701171875 -0.11627197265625
0.0365867614746094 -0.046722412109375 -0.73602294921875 -0.0960693359374998
0.112953186035156 0.004241943359375 -0.525726318359375 -0.00109863281250008
0.126197814941406 0.0482940673828125 -0.137786865234375 -0.0148544311523438
0.124748229980469 0.0393295288085938 0.238967895507813 0.032318115234375
0.12530517578125 0.0142745971679688 0.5721435546875 0.09320068359375
0.0443878173828125 -0.0285758972167969 0.728271484375 0.16802978515625
-0.0277538299560547 0.00468254089355469 0.77154541015625 0.32672119140625
-0.03363037109375 0.0617752075195313 0.62841796875 0.4517822265625
-0.00360870361328125 0.06353759765625 0.470672607421875 0.422027587890625
0.0273246765136719 0.0617713928222656 0.230499267578125 0.222274780273438
0.0153369903564453 0.0236968994140625 -0.0107994079589844 -0.0570716857910156
0.0222511291503906 0.0357475280761719 -0.26416015625 -0.32342529296875
0.00775146484375 0.04901123046875 -0.48626708984375 -0.45751953125
-0.0249595642089844 0.0409011840820313 -0.68902587890625 -0.35516357421875
-0.0374412536621094 -0.010162353515625 -0.745849609375 -0.1353759765625
0.0442886352539063 -0.0470314025878906 -0.724365234375 -0.101318359375
0.122001647949219 0.0140838623046875 -0.5196533203125 -0.00482177734374999
0.126510620117188 0.061553955078125 -0.115470886230469 -0.00122833251953125
0.108909606933594 0.0244598388671875 0.256820678710938 0.03192138671875
0.103836059570312 0.0117645263671875 0.580322265625 0.08575439453125
0.0384979248046875 -0.0187568664550781 0.74676513671875 0.15283203125
-0.0221347808837891 0.00745391845703125 0.79449462890625 0.2955322265625
-0.0266304016113281 0.0554084777832031 0.64007568359375 0.41015625
-0.00391769409179688 0.0478324890136719 0.4703369140625 0.38946533203125
0.0193748474121094 0.0436363220214844 0.216323852539063 0.201858520507813
0.00791358947753906 0.0132026672363281 -0.030426025390625 -0.0707015991210938
0.0139865875244141 0.0247516632080078 -0.272186279296875 -0.345703125
0.000652313232421873 0.0395927429199219 -0.4739990234375 -0.496490478515625
-0.0260295867919922 0.0302314758300781 -0.66619873046875 -0.396728515625
-0.0327129364013672 -0.0135822296142578 -0.72723388671875 -0.16107177734375
0.0455093383789063 -0.0362777709960938 -0.71234130859375 -0.110595703125
0.112663269042969 0.0242538452148438 -0.512115478515625 -0.0103149414062499
0.111083984375 0.0639114379882813 -0.0957183837890625 0.0142364501953125
-0.0382499694824219 -0.03240966796875 0.172760009765625 0.0261077880859375
-0.03912353515625 0.0216140747070313 0.58856201171875 0.07647705078125
-0.0076751708984375 0.0271263122558594 0.72412109375 0.0992431640625
0.00243854522705078 0.00932884216308594 0.726806640625 0.27471923828125
-0.00394916534423828 -0.00644397735595703 0.59832763671875 0.46795654296875
-0.0107841491699219 -0.0451698303222656 0.4981689453125 0.4754638671875
-0.0196704864501953 -0.0236148834228516 0.285491943359375 0.293975830078125
-0.0293731689453125 -0.0413894653320313 0.0515289306640625 0.00830459594726563
-0.018890380859375 -0.0471038818359375 -0.20355224609375 -0.267013549804687
-0.00530242919921875 -0.0520896911621094 -0.448028564453125 -0.421630859375
-0.000801086425781253 -0.0438499450683594 -0.68804931640625 -0.3448486328125
-0.00419425964355469 -0.02215576171875 -0.7706298828125 -0.1640625
-0.00234603881835938 0.00917911529541016 -0.7401123046875 -0.14288330078125
-0.03302001953125 0.0289592742919922 -0.5347900390625 -0.00683593749999994
-0.0555381774902344 -0.00700378417968749 -0.1817626953125 -0.0171661376953125
0.00130891799926758 -0.00573921203613281 0.166152954101563 0.02825927734375
0.00757026672363281 0.0222129821777344 0.58660888671875 0.0877685546875
0.00664567947387695 0.00616884231567383 0.71783447265625 0.10888671875
-0.00891494750976563 0.00365447998046875 0.71002197265625 0.2977294921875
-0.0137910842895508 0.00897598266601562 0.57977294921875 0.49395751953125
-0.0104465484619141 -0.0169677734375 0.489715576171875 0.5035400390625
-0.00352263450622559 0.0014336109161377 0.289886474609375 0.30596923828125
-0.0178432464599609 -0.0209007263183594 0.0593910217285156 0.0116653442382812
-0.00665664672851562 -0.0237979888916016 -0.19970703125 -0.259979248046875
0.000572204589843752 -0.0265369415283203 -0.45208740234375 -0.4019775390625
-0.00634574890136719 -0.0239620208740234 -0.69573974609375 -0.3206787109375
-0.0135650634765625 -0.0161533355712891 -0.776123046875 -0.137939453125
0.000882148742675781 -0.0043950080871582 -0.7459716796875 -0.128173828125
4.57763671874997E-05 0.0198497772216797 -0.542388916015625 0.00140380859375007
-0.0134525299072266 0.00294971466064453 -0.191436767578125 -0.020782470703125
0.0441017150878906 0.0215263366699219 0.165939331054687 0.0286407470703125
0.0564079284667969 0.0304489135742188 0.58251953125 0.09930419921875
0.0263767242431641 -0.007904052734375 0.71234130859375 0.12628173828125
-0.0195579528808594 -0.00456809997558594 0.6995849609375 0.322998046875
-0.0244483947753906 0.0226936340332031 0.5750732421875 0.5125732421875
-0.00625801086425781 0.0156669616699219 0.482818603515625 0.5118408203125
0.0120964050292969 0.0292854309082031 0.288787841796875 0.304534912109375
-0.00115227699279785 -0.000756621360778808 0.0603866577148438 0.00864028930664063
0.0060882568359375 -0.00143861770629883 -0.204681396484375 -0.263046264648438
0.0066676139831543 0.00345945358276367 -0.459228515625 -0.39306640625
-0.00923252105712891 0.00259780883789062 -0.69842529296875 -0.30426025390625
-0.0221157073974609 -0.00930213928222656 -0.779296875 -0.11749267578125
0.0082244873046875 -0.0177631378173828 -0.7496337890625 -0.11083984375
0.0322113037109375 0.0117397308349609 -0.545867919921875 0.00543212890624988
0.0294551849365234 0.0105934143066406 -0.189254760742188 -0.0253753662109375
0.0836029052734375 0.0406875610351562 0.177337646484375 0.0310211181640625
0.099151611328125 0.0311279296875 0.5765380859375 0.10107421875
0.04449462890625 -0.0212059020996094 0.708251953125 0.14495849609375
-0.0258636474609375 -0.00811386108398438 0.707763671875 0.34051513671875
-0.0336685180664063 0.0406532287597656 0.57763671875 0.52081298828125
-0.00730895996093751 0.043701171875 0.47772216796875 0.50872802734375
0.021759033203125 0.0525779724121094 0.279449462890625 0.292205810546875
0.0109272003173828 0.0163326263427734 0.0507888793945313 -0.00368881225585937
0.0180721282958984 0.0164394378662109 -0.2159423828125 -0.267532348632812
0.0131797790527344 0.0262432098388672 -0.469635009765625 -0.394805908203125
-0.00973892211914062 0.0230369567871094 -0.707275390625 -0.2965087890625
-0.0302104949951172 -0.00330734252929687 -0.77801513671875 -0.1041259765625
0.0159206390380859 -0.0303974151611328 -0.7540283203125 -0.10040283203125
0.0656318664550781 0.0023651123046875 -0.5443115234375 0.00399780273437508
0.071868896484375 0.023468017578125 -0.178558349609375 -0.0254364013671875
0.1104736328125 0.0531845092773438 0.195755004882812 0.0334930419921875
0.125648498535156 0.0270462036132813 0.5723876953125 0.1004638671875
0.0517730712890625 -0.031097412109375 0.7098388671875 0.16339111328125
-0.0312976837158203 -0.00745201110839843 0.7196044921875 0.3516845703125
-0.037139892578125 0.0550155639648438 0.593505859375 0.5111083984375
-0.00594711303710937 0.0621376037597656 0.47454833984375 0.49163818359375
0.0310325622558594 0.0655174255371094 0.26416015625 0.271194458007813
0.0184726715087891 0.0284042358398437 0.0305366516113281 -0.0196952819824219
0.02606201171875 0.0302791595458984 -0.232879638671875 -0.28271484375
0.0150489807128906 0.0451850891113281 -0.481048583984375 -0.407257080078125
-0.0153732299804688 0.0383682250976563 -0.70513916015625 -0.3052978515625
-0.0346965789794922 -0.000997543334960931 -0.77203369140625 -0.1053466796875
0.0244178771972656 -0.0400428771972656 -0.7476806640625 -0.0936279296874999
0.0935821533203125 0.000335693359375 -0.536773681640625 0.00186157226562496
0.106376647949219 0.0339508056640625 -0.160781860351563 -0.0236053466796875
0.125129699707031 0.050506591796875 0.217361450195313 0.03375244140625
0.134407043457031 0.0191726684570312 0.56982421875 0.0977783203125
0.050323486328125 -0.0320014953613281 0.7164306640625 0.17132568359375
-0.0307178497314453 -0.00186538696289063 0.7445068359375 0.34918212890625
-0.0393180847167969 0.0631027221679688 0.609375 0.48797607421875
-0.004241943359375 0.069366455078125 0.472686767578125 0.460906982421875
0.0317497253417969 0.0686683654785156 0.246826171875 0.244903564453125
0.01983642578125 0.0320777893066406 0.00927734375 -0.0399208068847656
0.026580810546875 0.0376243591308594 -0.25115966796875 -0.29937744140625
0.0129127502441406 0.0539131164550781 -0.4853515625 -0.42535400390625
-0.0212249755859375 0.0447311401367188 -0.7020263671875 -0.32440185546875
-0.0386505126953125 -0.00414657592773438 -0.76165771484375 -0.11578369140625
0.0345802307128906 -0.0479202270507813 -0.737548828125 -0.0947875976562501
0.11376953125 0.00469207763671875 -0.52862548828125 0.000518798828124978
0.125595092773437 0.0477981567382812 -0.137092590332031 -0.0125656127929688
0.123519897460938 0.038116455078125 0.238235473632812 0.031280517578125
0.124000549316406 0.0133743286132813 0.573486328125 0.093505859375
0.0443115234375 -0.027008056640625 0.73345947265625 0.16754150390625
-0.0282402038574219 0.00485992431640625 0.77337646484375 0.3280029296875
-0.0342292785644531 0.061859130859375 0.62762451171875 0.45166015625
-0.00255966186523437 0.0640945434570313 0.47100830078125 0.426483154296875
0.0287017822265625 0.0608329772949219 0.229782104492188 0.222183227539063
0.0154933929443359 0.0267848968505859 -0.0113182067871094 -0.0579986572265625
0.0228614807128906 0.0374908447265625 -0.266998291015625 -0.322357177734375
0.00772476196289062 0.0511436462402344 -0.48681640625 -0.457733154296875
-0.0259971618652344 0.0408821105957031 -0.68896484375 -0.3555908203125
-0.0381965637207031 -0.0100173950195313 -0.74603271484375 -0.13592529296875
0.0436897277832031 -0.0457382202148438 -0.7249755859375 -0.1009521484375
0.120452880859375 0.015380859375 -0.519073486328125 -0.00549316406250006
0.126388549804688 0.0614852905273438 -0.115715026855469 -0.00298309326171876
0.106849670410156 0.0230712890625 0.257553100585938 0.0304718017578125
0.104637145996094 0.01177978515625 0.58209228515625 0.08270263671875
0.0372352600097656 -0.0175437927246094 0.74945068359375 0.15185546875
-0.0232124328613281 0.00876235961914063 0.7962646484375 0.2950439453125
-0.0274925231933594 0.0564231872558594 0.64013671875 0.41046142578125
-0.00714874267578125 0.0482101440429688 0.472747802734375 0.38995361328125
0.0197792053222656 0.0452957153320312 0.215621948242188 0.20135498046875
0.00692367553710937 0.0121946334838867 -0.0311279296875 -0.0712051391601563
0.0139789581298828 0.0260086059570313 -0.273406982421875 -0.345550537109375
0.00151824951171875 0.0377082824707031 -0.475494384765625 -0.495513916015625
-0.0273895263671875 0.0299167633056641 -0.667236328125 -0.3948974609375
-0.030487060546875 -0.0148258209228516 -0.72796630859375 -0.16229248046875
0.0465583801269531 -0.0377197265625 -0.71636962890625 -0.1119384765625
0.113136291503906 0.0251998901367188 -0.512786865234375 -0.0113830566406251
0.111724853515625 0.0662002563476563 -0.0970306396484375 0.0118789672851563
-0.0387344360351562 -0.0328178405761719 0.175491333007813 0.0253143310546875
-0.0371246337890625 0.0212821960449219 0.5888671875 0.0775146484375
-0.00951194763183594 0.0283088684082031 0.726806640625 0.09619140625
0.00150680541992187 0.00797224044799805 0.724609375 0.277099609375
-0.00590705871582031 -0.0105390548706055 0.59954833984375 0.46746826171875
-0.0109329223632813 -0.0456352233886719 0.49896240234375 0.4759521484375
-0.0175647735595703 -0.0234470367431641 0.286468505859375 0.295440673828125
-0.0294685363769531 -0.0407981872558594 0.0506057739257813 0.00755691528320312
-0.0174789428710938 -0.0465126037597656 -0.205062866210937 -0.26666259765625
-0.00417327880859375 -0.0525741577148438 -0.450592041015625 -0.421356201171875
-0.000476837158203129 -0.0431137084960937 -0.689697265625 -0.34576416015625
-0.00515937805175782 -0.0237140655517578 -0.77294921875 -0.1617431640625
-0.00404834747314453 0.01043701171875 -0.74072265625 -0.14093017578125
-0.032684326171875 0.0279884338378906 -0.534271240234375 -0.0051574707031251
-0.0531730651855469 -0.00502395629882813 -0.181365966796875 -0.018310546875
-0.00057077407836914 -0.00618648529052734 0.165878295898438 0.027313232421875
0.008056640625 0.0212421417236328 0.5875244140625 0.0892333984375
0.00621604919433594 0.0084228515625 0.71795654296875 0.1077880859375
-0.00954151153564453 0.00406837463378906 0.70880126953125 0.29840087890625
-0.0144929885864258 0.0105075836181641 0.58251953125 0.49542236328125
-0.00590419769287109 -0.0150117874145508 0.4927978515625 0.502716064453125
-0.00265288352966309 0.000352382659912109 0.2889404296875 0.3052978515625
-0.0165863037109375 -0.0208663940429688 0.0604896545410156 0.0121726989746094
-0.00605583190917968 -0.0228443145751953 -0.199859619140625 -0.258941650390625
0.000755310058593749 -0.0266456604003906 -0.44970703125 -0.403900146484375
-0.00623321533203125 -0.0211505889892578 -0.69964599609375 -0.32012939453125
-0.0156307220458984 -0.0163841247558594 -0.77850341796875 -0.13800048828125
0.00325894355773926 -0.00402283668518066 -0.7506103515625 -0.1251220703125
-0.000804901123046875 0.0199737548828125 -0.540740966796875 0.00140380859374993
-0.0138711929321289 0.0013275146484375 -0.19268798828125 -0.0237884521484375
0.0430679321289063 0.0246467590332031 0.167556762695313 0.0304718017578125
0.0578842163085938 0.0268287658691406 0.58538818359375 0.09735107421875
0.0247344970703125 -0.008544921875 0.71441650390625 0.1279296875
-0.0177841186523438 -0.00391387939453125 0.703125 0.322509765625
-0.0238151550292969 0.0234165191650391 0.57861328125 0.51373291015625
-0.00598907470703125 0.0139379501342773 0.48748779296875 0.514129638671875
0.0125942230224609 0.0274734497070313 0.286956787109375 0.303985595703125
-0.00139963626861572 -0.000452756881713867 0.0592460632324219 0.00880813598632813
0.00769281387329102 -0.00370645523071289 -0.202163696289063 -0.261627197265625
0.00596237182617188 0.00270462036132813 -0.461029052734375 -0.394989013671875
-0.00891876220703125 0.00277233123779297 -0.7005615234375 -0.30059814453125
-0.0243492126464844 -0.00771903991699218 -0.78271484375 -0.11590576171875
0.00624275207519531 -0.0184459686279297 -0.75494384765625 -0.11083984375
0.0343112945556641 0.0104141235351562 -0.545806884765625 0.00457763671875011
0.0313854217529297 0.00986671447753906 -0.189971923828125 -0.0261993408203125
0.0832672119140625 0.0429611206054688 0.178802490234375 0.032958984375
0.100204467773438 0.0324249267578125 0.57818603515625 0.1014404296875
0.0429954528808594 -0.0213165283203125 0.708740234375 0.14581298828125
-0.0248928070068359 -0.00869369506835938 0.7099609375 0.3416748046875
-0.0333976745605469 0.0406112670898438 0.58465576171875 0.52130126953125
-0.0074462890625 0.0417137145996094 0.481903076171875 0.5103759765625
0.0252494812011719 0.0495338439941406 0.278289794921875 0.29412841796875
0.0118513107299805 0.0170698165893555 0.0507583618164063 -0.00362014770507812
0.0192623138427734 0.0173797607421875 -0.216064453125 -0.268402099609375
0.0143699645996094 0.0269203186035156 -0.470062255859375 -0.393646240234375
-0.0089111328125 0.0242691040039062 -0.7086181640625 -0.29669189453125
-0.0305137634277344 -0.00218009948730468 -0.7811279296875 -0.10601806640625
0.0148067474365234 -0.0303630828857422 -0.7569580078125 -0.10028076171875
0.0660820007324219 0.00267410278320313 -0.545654296875 0.00418090820312505
0.0751953125 0.0211715698242188 -0.181640625 -0.0257720947265625
0.111793518066406 0.0530319213867188 0.1956787109375 0.0342254638671875
0.124580383300781 0.0279159545898438 0.5736083984375 0.09954833984375
0.0511817932128906 -0.0304107666015625 0.7100830078125 0.16363525390625
-0.0300731658935547 -0.00587654113769531 0.7225341796875 0.35125732421875
-0.0378913879394531 0.0533676147460937 0.594970703125 0.51092529296875
-0.00482940673828126 0.0615730285644531 0.477691650390625 0.490447998046875
0.0315017700195312 0.0670814514160156 0.26336669921875 0.27252197265625
0.0179557800292969 0.0295047760009766 0.0314311981201172 -0.0190525054931641
0.0257930755615234 0.0313129425048828 -0.23138427734375 -0.280441284179688
0.016265869140625 0.0451011657714844 -0.481170654296875 -0.404449462890625
-0.0133514404296875 0.0388755798339844 -0.707763671875 -0.30499267578125
-0.0365028381347656 -0.00194549560546874 -0.77581787109375 -0.10504150390625
0.0242691040039062 -0.0400314331054688 -0.74945068359375 -0.0939331054687499
0.0943603515625 -0.00034332275390625 -0.538055419921875 0.00323486328125009
0.107444763183594 0.0334625244140625 -0.161468505859375 -0.0233001708984375
0.125656127929688 0.0516586303710938 0.214797973632813 0.0333251953125
0.134811401367188 0.0194931030273438 0.57110595703125 0.09820556640625
0.0510597229003906 -0.0324172973632813 0.71875 0.17291259765625
-0.032958984375 -0.00174140930175781 0.7464599609375 0.3472900390625
-0.0360374450683594 0.0619316101074219 0.6097412109375 0.48687744140625
-0.00490188598632812 0.0689811706542969 0.475494384765625 0.459930419921875
0.0349578857421875 0.0685806274414063 0.247573852539063 0.246231079101563
0.019256591796875 0.0325965881347656 0.0104331970214844 -0.0381698608398438
0.0285453796386719 0.0407447814941406 -0.250244140625 -0.2998046875
0.0135879516601562 0.0542068481445313 -0.489013671875 -0.423858642578125
-0.0199928283691406 0.0455207824707031 -0.70623779296875 -0.32403564453125
-0.0398750305175781 -0.00440597534179688 -0.76617431640625 -0.11639404296875
0.0349769592285156 -0.0475654602050781 -0.7381591796875 -0.0941162109374999
0.116188049316406 0.00337982177734375 -0.528717041015625 0.000610351562500086
0.126502990722656 0.0485076904296875 -0.139389038085938 -0.0146255493164062
0.123100280761719 0.0383224487304688 0.238861083984375 0.0323944091796875
0.125160217285156 0.0141067504882812 0.5762939453125 0.09246826171875
0.045806884765625 -0.0276260375976563 0.73211669921875 0.1688232421875
-0.0303211212158203 0.00485420227050781 0.7750244140625 0.3245849609375
-0.0353469848632813 0.0617637634277344 0.63006591796875 0.4541015625
-0.00159835815429688 0.0650444030761719 0.471893310546875 0.423675537109375
0.0300178527832031 0.0607261657714844 0.229461669921875 0.221725463867188
0.0171089172363281 0.0271034240722656 -0.0121345520019531 -0.0563240051269531
0.0233230590820313 0.0365142822265625 -0.26666259765625 -0.323089599609375
0.006317138671875 0.0506782531738281 -0.48699951171875 -0.458770751953125
-0.0237770080566406 0.0414352416992188 -0.6925048828125 -0.3553466796875
-0.0375747680664062 -0.0106353759765625 -0.748046875 -0.13397216796875
0.0449066162109375 -0.0461273193359375 -0.7283935546875 -0.1011962890625
0.124168395996094 0.0139312744140625 -0.519989013671875 -0.0065612792968749
0.127159118652344 0.06170654296875 -0.118980407714844 -0.00109100341796872
0.106925964355469 0.023406982421875 0.258865356445313 0.03009033203125
0.102951049804688 0.0104217529296875 0.5836181640625 0.0816650390625
0.0373191833496094 -0.0196113586425781 0.7525634765625 0.1488037109375
-0.0232696533203125 0.00916481018066406 0.79833984375 0.2933349609375
-0.0266952514648438 0.0551185607910156 0.6444091796875 0.41253662109375
-0.00484466552734376 0.0479621887207031 0.47186279296875 0.3896484375
0.0198516845703125 0.0440826416015625 0.214080810546875 0.2010498046875
0.00887393951416016 0.0143413543701172 -0.0305938720703125 -0.0713882446289062
0.0137367248535156 0.0249824523925781 -0.274505615234375 -0.344451904296875
0.000637054443359377 0.0377998352050781 -0.4776611328125 -0.49456787109375
-0.0264415740966797 0.0296401977539062 -0.66986083984375 -0.396484375
-0.0320262908935547 -0.0127696990966797 -0.72991943359375 -0.16314697265625
0.0457687377929688 -0.0356407165527344 -0.7166748046875 -0.11053466796875
0.113357543945312 0.0260467529296875 -0.51373291015625 -0.010101318359375
0.111671447753906 0.0640106201171875 -0.100204467773438 0.0163955688476563
-0.0407638549804687 -0.0338516235351563 0.174041748046875 0.0266571044921875
-0.0370597839355469 0.0191688537597656 0.590576171875 0.0775146484375
-0.0092010498046875 0.0278968811035156 0.727783203125 0.09527587890625
0.00239372253417969 0.00901889801025391 0.73095703125 0.2740478515625
-0.00412750244140625 -0.0088033676147461 0.602783203125 0.46905517578125
-0.0118064880371094 -0.0460662841796875 0.502899169921875 0.476104736328125
-0.0182876586914063 -0.0252895355224609 0.290252685546875 0.29595947265625
-0.0293693542480469 -0.0395240783691406 0.0512619018554687 0.00843429565429687
-0.0178070068359375 -0.0485458374023438 -0.204513549804688 -0.26861572265625
-0.00479888916015625 -0.0544662475585938 -0.45208740234375 -0.421142578125
-0.000328063964843753 -0.0430679321289063 -0.6956787109375 -0.345947265625
-0.00477218627929688 -0.0226955413818359 -0.77728271484375 -0.16363525390625
-0.00586223602294922 0.00908565521240234 -0.74560546875 -0.1414794921875
-0.0322952270507813 0.0285739898681641 -0.5364990234375 -0.00137329101562491
-0.0550651550292969 -0.00734710693359376 -0.183517456054688 -0.0177154541015625
-0.000239372253417968 -0.00480985641479492 0.16583251953125 0.02777099609375
0.0073699951171875 0.0217781066894531 0.5906982421875 0.08819580078125
0.00531864166259766 0.00941562652587891 0.7220458984375 0.10693359375
-0.00874614715576172 0.00430774688720703 0.7159423828125 0.296142578125
-0.013585090637207 0.00735378265380859 0.58758544921875 0.4970703125
-0.00829887390136719 -0.0126457214355469 0.493377685546875 0.5042724609375
-0.000490188598632813 0.00341367721557617 0.292999267578125 0.306365966796875
-0.0138092041015625 -0.0202407836914063 0.0615692138671875 0.0132064819335937
-0.00583648681640625 -0.0253219604492187 -0.200668334960938 -0.259048461914063
0.000711441040039061 -0.0249595642089844 -0.4549560546875 -0.404632568359375
-0.00428390502929688 -0.0223388671875 -0.7012939453125 -0.31793212890625
-0.0139055252075195 -0.0165567398071289 -0.7813720703125 -0.13568115234375
0.00303292274475098 -0.0043036937713623 -0.754638671875 -0.12506103515625
-0.00202369689941407 0.0208988189697266 -0.544952392578125 0.000488281249999929
-0.0135421752929688 0.00259685516357422 -0.192123413085937 -0.0225067138671875
0.0418357849121094 0.0230178833007813 0.166610717773438 0.03118896484375
0.0584564208984375 0.0265998840332031 0.58740234375 0.09930419921875
0.0263462066650391 -0.00873756408691406 0.71728515625 0.12567138671875
-0.0197238922119141 -0.00407600402832032 0.707763671875 0.319091796875
-0.0229663848876953 0.0264644622802734 0.57958984375 0.512939453125
-0.00798416137695313 0.015101432800293 0.48614501953125 0.517120361328125
0.0140304565429688 0.0287399291992187 0.28790283203125 0.3038330078125
-0.000928163528442383 0.00136542320251465 0.058837890625 0.00708770751953125
0.00672149658203125 -0.0036005973815918 -0.203903198242187 -0.26129150390625
0.00794458389282227 0.0019068717956543 -0.46197509765625 -0.3941650390625
-0.0067591667175293 0.00310420989990234 -0.70477294921875 -0.3009033203125
-0.0226879119873047 -0.00843620300292969 -0.7852783203125 -0.11578369140625
0.00739479064941406 -0.0160894393920898 -0.7598876953125 -0.10882568359375
0.0344200134277344 0.00924301147460938 -0.55059814453125 0.00512695312500006
0.0311756134033203 0.00880050659179688 -0.192245483398437 -0.0249481201171875
0.082122802734375 0.0450973510742188 0.178131103515625 0.0338287353515625
0.0994873046875 0.03009033203125 0.5809326171875 0.10064697265625
0.0444107055664063 -0.0206565856933594 0.7137451171875 0.14532470703125
-0.0247783660888672 -0.00929069519042969 0.7127685546875 0.341552734375
-0.0320091247558594 0.0414505004882813 0.58477783203125 0.51953125
-0.0057830810546875 0.0426521301269531 0.48199462890625 0.51171875
0.027008056640625 0.0535316467285156 0.278411865234375 0.293243408203125
0.0119590759277344 0.0198936462402344 0.0494346618652344 -0.00365066528320312
0.0189552307128906 0.0161380767822266 -0.216583251953125 -0.269271850585938
0.0151691436767578 0.0258960723876953 -0.47332763671875 -0.3935546875
-0.00962638854980469 0.0220813751220703 -0.7117919921875 -0.29638671875
-0.0321788787841797 -0.00163269042968749 -0.7833251953125 -0.1044921875
0.0143318176269531 -0.0295658111572266 -0.7589111328125 -0.1002197265625
0.0679664611816406 0.002349853515625 -0.547760009765625 0.00625610351562503
0.0754776000976563 0.0206451416015625 -0.180404663085937 -0.024749755859375
0.110466003417969 0.0533294677734375 0.196258544921875 0.033905029296875
0.127143859863281 0.028717041015625 0.57666015625 0.0980224609375
0.0522727966308594 -0.0297164916992187 0.71368408203125 0.16241455078125
-0.0316524505615234 -0.00640296936035157 0.72662353515625 0.35137939453125
-0.0362052917480469 0.0546035766601563 0.597412109375 0.5108642578125
-0.00583267211914062 0.06158447265625 0.47991943359375 0.491546630859375
0.0340385437011719 0.066162109375 0.264999389648438 0.272506713867188
0.0181293487548828 0.0289707183837891 0.0315647125244141 -0.0194187164306641
0.02716064453125 0.0313510894775391 -0.233734130859375 -0.28118896484375
0.0180778503417969 0.0444145202636719 -0.480743408203125 -0.404144287109375
-0.0126495361328125 0.0390281677246094 -0.71185302734375 -0.30328369140625
-0.0361518859863281 0.000263214111328123 -0.77825927734375 -0.10394287109375
0.0243263244628906 -0.03955078125 -0.75140380859375 -0.093994140625
0.096588134765625 0.00211334228515625 -0.5400390625 0.00491333007812496
0.108375549316406 0.0336151123046875 -0.16229248046875 -0.0229644775390625
0.125068664550781 0.0497970581054688 0.215972900390625 0.033905029296875
0.136528015136719 0.020751953125 0.57421875 0.0968017578125
0.049957275390625 -0.0332374572753906 0.72235107421875 0.16986083984375
-0.032958984375 -0.00166320800781251 0.74957275390625 0.34808349609375
-0.0374794006347656 0.0636405944824219 0.6153564453125 0.48828125
-0.0025634765625 0.0691604614257813 0.47711181640625 0.46270751953125
0.0357093811035156 0.068634033203125 0.247421264648438 0.248184204101563
0.021209716796875 0.03363037109375 0.0109634399414063 -0.0379829406738281
0.0281219482421875 0.0400772094726562 -0.250823974609375 -0.300506591796875
0.0133209228515625 0.0543594360351562 -0.48876953125 -0.426177978515625
-0.0190277099609375 0.04510498046875 -0.70867919921875 -0.3232421875
-0.039764404296875 -0.00506973266601562 -0.76824951171875 -0.11474609375
0.0341033935546875 -0.0474662780761719 -0.74420166015625 -0.0936889648437499
0.116012573242188 0.00504302978515625 -0.530731201171875 0.00204467773437502
0.127349853515625 0.0478134155273438 -0.139419555664063 -0.0135421752929687
0.122238159179688 0.0382156372070313 0.238571166992188 0.031890869140625
0.126708984375 0.0152435302734375 0.57806396484375 0.0902099609375
0.0449600219726563 -0.0265769958496094 0.73760986328125 0.16461181640625
-0.0314617156982422 0.00445365905761719 0.77880859375 0.32415771484375
-0.03216552734375 0.0641365051269531 0.6339111328125 0.45269775390625
-0.00159454345703125 0.0647354125976563 0.474334716796875 0.426910400390625
0.0319404602050781 0.0613441467285156 0.229476928710937 0.221817016601562
0.0175094604492188 0.0282058715820313 -0.01165771484375 -0.0561141967773438
0.022674560546875 0.0372085571289063 -0.2667236328125 -0.32342529296875
0.00772857666015625 0.0514373779296875 -0.491363525390625 -0.457061767578125
-0.0245132446289062 0.0421524047851563 -0.69415283203125 -0.35430908203125
-0.0376434326171875 -0.00948333740234374 -0.75250244140625 -0.13433837890625
0.0434494018554688 -0.0469436645507813 -0.732177734375 -0.1007080078125
0.125762939453125 0.0111846923828125 -0.52142333984375 -0.00436401367187504
0.129142761230469 0.06146240234375 -0.117919921875 -0.000938415527343759
0.106117248535156 0.024505615234375 0.25885009765625 0.029998779296875
0.105278015136719 0.0112762451171875 0.5849609375 0.08001708984375
0.0373153686523438 -0.0185966491699219 0.75347900390625 0.14959716796875
-0.0249729156494141 0.00950050354003906 0.8016357421875 0.2916259765625
-0.0272865295410156 0.055633544921875 0.6480712890625 0.41156005859375
-0.00305557250976563 0.0477142333984375 0.4764404296875 0.3914794921875
0.0235633850097656 0.0448417663574219 0.213882446289063 0.201950073242188
0.0103578567504883 0.0153179168701172 -0.0308990478515625 -0.0702896118164063
0.0152435302734375 0.0260467529296875 -0.2747802734375 -0.34600830078125
0.00236892700195312 0.0383682250976563 -0.4786376953125 -0.493988037109375
-0.0251483917236328 0.0302238464355469 -0.6741943359375 -0.3936767578125
-0.0319595336914062 -0.0146770477294922 -0.73321533203125 -0.16119384765625
0.046173095703125 -0.0360069274902344 -0.7218017578125 -0.10980224609375
0.113700866699219 0.02337646484375 -0.517608642578125 -0.0103759765624999
0.111221313476563 0.064361572265625 -0.101005554199219 0.0148239135742188
-0.0429611206054687 -0.0338783264160156 0.173004150390625 0.025238037109375
-0.0358924865722656 0.0196151733398437 0.59625244140625 0.07647705078125
-0.0101242065429688 0.0287532806396484 0.730712890625 0.0902099609375
-0.000413894653320312 0.0104866027832031 0.7335205078125 0.2725830078125
-0.00207805633544922 -0.00979042053222656 0.608154296875 0.4693603515625
-0.01080322265625 -0.044891357421875 0.5054931640625 0.477386474609375
-0.0173377990722656 -0.0233936309814453 0.2899169921875 0.296173095703125
-0.0288314819335937 -0.0390472412109375 0.0507431030273437 0.00847625732421875
-0.0197677612304688 -0.0478057861328125 -0.207000732421875 -0.265594482421875
-0.00400543212890625 -0.0543632507324219 -0.45526123046875 -0.422149658203125
-0.001007080078125 -0.04412841796875 -0.69940185546875 -0.34381103515625
-0.00562286376953125 -0.0206413269042969 -0.77838134765625 -0.16119384765625
-0.00437450408935547 0.00961780548095703 -0.7503662109375 -0.14105224609375
-0.0313568115234375 0.0288372039794922 -0.538543701171875 -0.00134277343750004
-0.0546035766601563 -0.00936126708984374 -0.186309814453125 -0.0164642333984375
-0.00364542007446289 -0.00655269622802734 0.164993286132813 0.02813720703125
0.00878143310546875 0.0209178924560547 0.59417724609375 0.0858154296875
0.00660800933837891 0.0096435546875 0.723876953125 0.1041259765625
-0.0110692977905273 0.00475597381591797 0.71826171875 0.29522705078125
-0.0137844085693359 0.00828170776367187 0.5926513671875 0.49639892578125
-0.00782012939453125 -0.016963005065918 0.497344970703125 0.50506591796875
-0.000452518463134766 0.0023796558380127 0.293365478515625 0.306488037109375
-0.015416145324707 -0.0173835754394531 0.0610618591308594 0.0124397277832031
-0.00485420227050781 -0.0251655578613281 -0.201126098632812 -0.258743286132813
0.001983642578125 -0.0255203247070313 -0.457672119140625 -0.400482177734375
-0.00278282165527344 -0.0220108032226563 -0.70294189453125 -0.3184814453125
-0.0158824920654297 -0.0176372528076172 -0.78448486328125 -0.1357421875
0.00128269195556641 -0.0042119026184082 -0.75946044921875 -0.12274169921875
0.00204277038574219 0.0213184356689453 -0.54571533203125 0.00430297851562504
-0.0138378143310547 0.00223445892333984 -0.193862915039063 -0.023101806640625
0.0420913696289063 0.0215377807617188 0.170013427734375 0.0311431884765625
0.0588760375976563 0.0278549194335937 0.5916748046875 0.09710693359375
0.0259132385253906 -0.00782394409179687 0.72222900390625 0.12322998046875
-0.018829345703125 -0.000871658325195314 0.71246337890625 0.32000732421875
-0.0244693756103516 0.0252571105957031 0.58612060546875 0.51544189453125
-0.00442695617675781 0.0167503356933594 0.493072509765625 0.514923095703125
0.0135574340820313 0.0293445587158203 0.29144287109375 0.3070068359375
9.2506408691406E-05 0.00222992897033691 0.0608634948730469 0.00829696655273438
0.00599193572998047 -0.00298357009887695 -0.205596923828125 -0.263763427734375
0.00783348083496094 0.00132846832275391 -0.4649658203125 -0.39129638671875
-0.00750494003295898 0.0016632080078125 -0.7081298828125 -0.3028564453125
-0.0245342254638672 -0.00747299194335937 -0.78729248046875 -0.1158447265625
0.00841331481933594 -0.0186061859130859 -0.765625 -0.10760498046875
0.0360488891601563 0.0100479125976562 -0.5521240234375 0.00723266601562489
0.0306110382080078 0.0119781494140625 -0.194549560546875 -0.0245208740234375
0.0812530517578125 0.0438385009765625 0.179794311523438 0.0317230224609375
0.101318359375 0.0299148559570313 0.584228515625 0.09674072265625
0.0424346923828125 -0.0230026245117188 0.71893310546875 0.141357421875
-0.0251235961914063 -0.0086669921875 0.7164306640625 0.33697509765625
-0.0315208435058594 0.0409431457519531 0.59088134765625 0.52142333984375
-0.00690460205078125 0.0418243408203125 0.48675537109375 0.511993408203125
0.0273551940917969 0.0523681640625 0.280792236328125 0.295745849609375
0.0124073028564453 0.0200614929199219 0.0511627197265625 -0.00484085083007812
0.0183429718017578 0.0167827606201172 -0.217071533203125 -0.267181396484375
0.0160408020019531 0.0255260467529297 -0.473052978515625 -0.394287109375
-0.00990104675292969 0.024383544921875 -0.7159423828125 -0.29583740234375
-0.0308818817138672 -0.000337600708007815 -0.78692626953125 -0.10284423828125
0.0135593414306641 -0.0309219360351563 -0.76495361328125 -0.0986328125000002
0.0687065124511719 0.00345993041992187 -0.550048828125 0.00802612304687505
0.0759124755859375 0.018218994140625 -0.182052612304688 -0.0253143310546875
0.1116943359375 0.0530548095703125 0.197036743164063 0.03546142578125
0.129295349121094 0.0261077880859375 0.57916259765625 0.09783935546875
0.0509757995605469 -0.0299720764160156 0.71807861328125 0.15899658203125
-0.0297145843505859 -0.00544738769531249 0.73309326171875 0.352294921875
-0.0368537902832031 0.0554542541503906 0.60247802734375 0.51165771484375
-0.00405120849609375 0.0621337890625 0.48236083984375 0.49188232421875
0.0370635986328125 0.0680465698242188 0.266586303710938 0.27447509765625
0.0195274353027344 0.0281276702880859 0.03179931640625 -0.0177345275878906
0.0259532928466797 0.032989501953125 -0.23468017578125 -0.283447265625
0.0161933898925781 0.0444259643554688 -0.485595703125 -0.40447998046875
-0.0129776000976563 0.0389328002929688 -0.715576171875 -0.30328369140625
-0.0363311767578125 0.000122070312500005 -0.78253173828125 -0.10174560546875
0.024261474609375 -0.0400505065917969 -0.75836181640625 -0.0903930664062499
0.0968856811523438 -0.001312255859375 -0.544342041015625 0.00546264648437512
0.108695983886719 0.0323562622070313 -0.163864135742188 -0.0208282470703125
0.124832153320313 0.0506820678710938 0.217910766601563 0.0342864990234375
0.137069702148437 0.0207977294921875 0.5767822265625 0.09417724609375
0.0495109558105469 -0.0318260192871094 0.72723388671875 0.1689453125
-0.0336875915527344 -0.000455856323242185 0.7564697265625 0.34515380859375
-0.0367088317871094 0.0620155334472656 0.6197509765625 0.48748779296875
-0.00225830078125 0.0706253051757813 0.479583740234375 0.462432861328125
0.0384254455566406 0.0698318481445312 0.250152587890625 0.2469482421875
0.0207862854003906 0.0342426300048828 0.0101318359375 -0.0394325256347656
0.0301895141601563 0.0398483276367188 -0.253509521484375 -0.300201416015625
0.0157203674316406 0.0534095764160156 -0.494659423828125 -0.425872802734375
-0.0191497802734375 0.0453758239746094 -0.711181640625 -0.32318115234375
-0.0393905639648438 -0.00345230102539063 -0.7708740234375 -0.11297607421875
0.0356597900390625 -0.0471305847167969 -0.7496337890625 -0.0899047851562501
0.1158447265625 0.003662109375 -0.535552978515625 0.00302124023437489
0.127098083496094 0.0500411987304688 -0.141189575195313 -0.0118255615234375
0.123916625976563 0.0411758422851563 0.239669799804688 0.0309906005859375
0.126754760742188 0.0127334594726563 0.5794677734375 0.08966064453125
0.0442848205566406 -0.0276527404785156 0.7420654296875 0.16619873046875
-0.0305099487304688 0.00678062438964843 0.785400390625 0.32476806640625
-0.0324821472167969 0.0634918212890625 0.63592529296875 0.45330810546875
-0.00116729736328125 0.0643081665039063 0.478607177734375 0.42474365234375
0.0341300964355469 0.0616607666015625 0.233245849609375 0.223785400390625
0.0172996520996094 0.0287456512451172 -0.0125808715820313 -0.0572280883789063
0.0241622924804687 0.0379562377929688 -0.266754150390625 -0.32177734375
0.00800323486328125 0.0513877868652344 -0.4913330078125 -0.456085205078125
-0.0246086120605469 0.0412101745605469 -0.69940185546875 -0.3560791015625
-0.0381965637207031 -0.00913619995117187 -0.75616455078125 -0.133544921875
0.0439529418945313 -0.0482101440429688 -0.73529052734375 -0.0972900390624999
0.126197814941406 0.0133743286132812 -0.5233154296875 -0.00231933593749991
0.128036499023438 0.0605621337890625 -0.1181640625 0.000480651855468729
0.107292175292969 0.0248336791992188 0.256622314453125 0.031158447265625
0.105888366699219 0.0108718872070313 0.58697509765625 0.07891845703125
0.0372352600097656 -0.0189208984375 0.75872802734375 0.1466064453125
-0.0256824493408203 0.0113010406494141 0.80828857421875 0.289306640625
-0.0264854431152344 0.0561332702636719 0.6531982421875 0.41204833984375
-0.00291824340820312 0.0486106872558594 0.478424072265625 0.390625
0.0241737365722656 0.0457496643066406 0.215774536132813 0.204421997070313
0.0105829238891602 0.0170421600341797 -0.0312423706054687 -0.0709381103515625
0.0146942138671875 0.0264034271240234 -0.275726318359375 -0.346405029296875
0.0030670166015625 0.037506103515625 -0.48065185546875 -0.49615478515625
-0.0236930847167969 0.0302333831787109 -0.67767333984375 -0.39453125
-0.0327739715576172 -0.0121345520019531 -0.73736572265625 -0.1605224609375
0.046051025390625 -0.0389633178710938 -0.72528076171875 -0.10760498046875
0.115814208984375 0.0231552124023437 -0.517669677734375 -0.00830078125000011
0.1112060546875 0.065887451171875 -0.100852966308594 0.0161972045898438
-0.0440521240234375 -0.0334892272949219 0.173995971679687 0.025177001953125
-0.0364036560058594 0.01873779296875 0.6002197265625 0.07232666015625
-0.0116729736328125 0.0282726287841797 0.73712158203125 0.0882568359375
0.000384330749511717 0.0130176544189453 0.73956298828125 0.27166748046875
-0.00339317321777344 -0.00909042358398438 0.61181640625 0.4678955078125
-0.0102577209472656 -0.0450363159179687 0.510528564453125 0.478546142578125
-0.0154361724853516 -0.0244216918945312 0.294586181640625 0.29833984375
-0.0297012329101562 -0.0377120971679688 0.0546607971191406 0.00646591186523437
-0.0196380615234375 -0.0459060668945313 -0.207199096679687 -0.265350341796875
-0.00638198852539062 -0.0539474487304688 -0.459259033203125 -0.4210205078125
0.000316619873046876 -0.042388916015625 -0.70599365234375 -0.3419189453125
-0.00391960144042969 -0.0237445831298828 -0.78619384765625 -0.1590576171875
-0.00586414337158203 0.0100383758544922 -0.75830078125 -0.13726806640625
-0.03082275390625 0.0279483795166016 -0.541473388671875 0.00119018554687498
-0.056915283203125 -0.00575637817382811 -0.186996459960938 -0.0153350830078125
-0.00277042388916016 -0.00432682037353516 0.165817260742188 0.0277252197265625
0.0106964111328125 0.0216255187988281 0.59735107421875 0.08551025390625
0.00410079956054687 0.00997543334960938 0.73138427734375 0.1019287109375
-0.0123682022094727 0.00493049621582031 0.7236328125 0.29498291015625
-0.0125036239624023 0.00916290283203125 0.59814453125 0.4959716796875
-0.00679683685302734 -0.01422119140625 0.5013427734375 0.505828857421875
-0.000380903482437134 0.000519335269927979 0.297149658203125 0.308807373046875
-0.011662483215332 -0.017207145690918 0.0619087219238281 0.0131683349609375
-0.00529098510742187 -0.0257892608642578 -0.200973510742188 -0.258987426757813
0.000255584716796874 -0.0268707275390625 -0.461456298828125 -0.400482177734375
-0.00577354431152344 -0.0223827362060547 -0.71160888671875 -0.314697265625
-0.0147228240966797 -0.0171022415161133 -0.7926025390625 -0.1334228515625
0.000640630722045899 -0.00391864776611328 -0.76611328125 -0.12042236328125
-0.000360488891601564 0.0211772918701172 -0.550445556640625 0.00775146484374997
-0.0149250030517578 0.00161266326904297 -0.199508666992187 -0.021087646484375
0.0394515991210938 0.0227813720703125 0.1676025390625 0.0301666259765625
0.0588455200195313 0.0272674560546875 0.59521484375 0.091552734375
0.0264778137207031 -0.00668716430664063 0.72637939453125 0.119384765625
-0.0179576873779297 -0.00295448303222656 0.71697998046875 0.316650390625
-0.0227069854736328 0.0243034362792969 0.59063720703125 0.51129150390625
-0.00583457946777344 0.0165624618530273 0.496429443359375 0.519256591796875
0.0164146423339844 0.0298442840576172 0.292327880859375 0.308319091796875
-7.34329223632814E-05 0.00266528129577637 0.058380126953125 0.00870895385742188
0.00609636306762695 -0.0036163330078125 -0.205657958984375 -0.261611938476563
0.00739145278930664 0.00193071365356445 -0.466400146484375 -0.39190673828125
-0.00682735443115234 0.00345325469970703 -0.71307373046875 -0.29840087890625
-0.0228290557861328 -0.00873756408691407 -0.7940673828125 -0.11126708984375
0.00451087951660156 -0.0185565948486328 -0.76885986328125 -0.10369873046875
0.0339546203613281 0.0125274658203125 -0.556396484375 0.0101318359375001
0.0336227416992188 0.0089111328125 -0.196640014648438 -0.0230255126953125
0.0819931030273438 0.0477294921875 0.180084228515625 0.032562255859375
0.1024169921875 0.0290756225585938 0.58746337890625 0.09552001953125
0.0424880981445312 -0.0187034606933594 0.72314453125 0.13916015625
-0.0275421142578125 -0.00556373596191406 0.72216796875 0.33795166015625
-0.0318336486816406 0.0419654846191406 0.59674072265625 0.5177001953125
-0.00814819335937499 0.0418472290039063 0.493804931640625 0.514129638671875
0.0288009643554688 0.0530128479003906 0.284698486328125 0.2969970703125
0.0144443511962891 0.0204753875732422 0.0505218505859375 -0.00132369995117187
0.0217151641845703 0.0184822082519531 -0.2196044921875 -0.268783569335937
0.0141048431396484 0.0256195068359375 -0.478851318359375 -0.394256591796875
-0.00984954833984375 0.0234107971191406 -0.71917724609375 -0.29327392578125
-0.0310077667236328 -0.00204277038574218 -0.79290771484375 -0.10009765625
0.0131778717041016 -0.03155517578125 -0.77020263671875 -0.09490966796875
0.0684242248535156 0.00244903564453125 -0.554473876953125 0.011322021484375
0.0769805908203125 0.0184097290039063 -0.184661865234375 -0.0236968994140625
0.109893798828125 0.0550765991210938 0.198165893554687 0.033233642578125
0.131690979003906 0.0268402099609375 0.582275390625 0.09503173828125
0.0496749877929688 -0.0308494567871094 0.7196044921875 0.1580810546875
-0.0322265625 -0.00661659240722656 0.73919677734375 0.34918212890625
-0.0349998474121094 0.0553092956542969 0.607421875 0.51226806640625
-0.00190353393554688 0.0637550354003906 0.48870849609375 0.49322509765625
0.0386466979980469 0.0679168701171875 0.2696533203125 0.273345947265625
0.0195121765136719 0.0319023132324219 0.0306549072265625 -0.019134521484375
0.0261650085449219 0.0323276519775391 -0.238113403320313 -0.280670166015625
0.0180931091308594 0.0451011657714844 -0.488128662109375 -0.404571533203125
-0.0134353637695313 0.0401649475097656 -0.7186279296875 -0.2996826171875
-0.0371131896972656 0.00196838378906249 -0.78631591796875 -0.100341796875
0.022125244140625 -0.0405998229980469 -0.76470947265625 -0.0899658203125
0.0989532470703125 -0.0003509521484375 -0.547332763671875 0.008697509765625
0.10888671875 0.03216552734375 -0.16510009765625 -0.022064208984375
0.12567138671875 0.0491180419921875 0.218093872070313 0.031768798828125
0.138420104980469 0.0188827514648438 0.5789794921875 0.092041015625
0.0508613586425781 -0.0338134765625 0.7320556640625 0.166748046875
-0.0344448089599609 0.000104904174804683 0.76385498046875 0.343994140625
-0.0368194580078125 0.0628662109375 0.625 0.48760986328125
-0.00253295898437499 0.0687789916992188 0.48406982421875 0.460906982421875
0.0380020141601563 0.0691795349121094 0.253143310546875 0.249114990234375
0.0220890045166016 0.0337028503417969 0.00790023803710938 -0.0369758605957031
0.0289115905761719 0.0386695861816406 -0.254669189453125 -0.300018310546875
0.0143852233886719 0.0549850463867188 -0.497222900390625 -0.423980712890625
-0.018798828125 0.0461311340332031 -0.71588134765625 -0.3189697265625
-0.0405082702636719 -0.00336456298828125 -0.7763671875 -0.11077880859375
0.0336761474609375 -0.0487289428710938 -0.75335693359375 -0.0887451171875001
0.118232727050781 0.0028839111328125 -0.537750244140625 0.00497436523437509
0.126625061035156 0.0483932495117187 -0.141952514648438 -0.0128326416015625
0.123359680175781 0.0425567626953125 0.237869262695313 0.0304412841796875
0.129417419433594 0.0123291015625 0.5836181640625 0.0882568359375
0.0463752746582031 -0.0264854431152344 0.74560546875 0.16229248046875
-0.0333938598632813 0.00864028930664062 0.791259765625 0.32049560546875
-0.0327987670898437 0.0638084411621094 0.64227294921875 0.45220947265625
-0.000804901123046871 0.065155029296875 0.482025146484375 0.42462158203125
0.0365180969238281 0.061798095703125 0.234588623046875 0.225341796875
0.0182666778564453 0.0302543640136719 -0.0129241943359375 -0.0562400817871094
0.0233650207519531 0.0375289916992188 -0.269683837890625 -0.32208251953125
0.0102272033691406 0.0517845153808594 -0.49566650390625 -0.45867919921875
-0.0228157043457031 0.0434112548828125 -0.7049560546875 -0.35162353515625
-0.040252685546875 -0.00952529907226562 -0.76123046875 -0.1302490234375
0.0441169738769531 -0.0481033325195313 -0.74151611328125 -0.09564208984375
0.126998901367188 0.0125198364257813 -0.526458740234375 -0.00122070312499998
0.129501342773438 0.0617141723632813 -0.119796752929687 0.000541687011718777
0.107170104980469 0.0246810913085938 0.260208129882813 0.0287322998046875
0.106796264648438 0.0095062255859375 0.59344482421875 0.07830810546875
0.0374526977539063 -0.0179214477539063 0.76531982421875 0.1424560546875
-0.0260734558105469 0.0125484466552734 0.81549072265625 0.287841796875
-0.0261573791503906 0.0561981201171875 0.6573486328125 0.41107177734375
-0.004180908203125 0.0476417541503906 0.4820556640625 0.387603759765625
0.0263214111328125 0.0455818176269531 0.217437744140625 0.204055786132812
0.00996685028076172 0.0159997940063477 -0.031524658203125 -0.0704498291015625
0.0171852111816406 0.0257472991943359 -0.27978515625 -0.34625244140625
0.00382232666015625 0.0368309020996094 -0.48760986328125 -0.4957275390625
-0.0250282287597656 0.0313720703125 -0.68280029296875 -0.39166259765625
-0.0326919555664063 -0.0137786865234375 -0.7427978515625 -0.1573486328125
0.0459938049316406 -0.0374221801757813 -0.72998046875 -0.10626220703125
0.117576599121094 0.0236740112304688 -0.520721435546875 -0.00616455078124996
0.112106323242187 0.0647354125976563 -0.102973937988281 0.0165557861328125
-0.0442161560058594 -0.0341072082519531 0.175949096679688 0.02587890625
-0.0359878540039063 0.0204277038574219 0.6025390625 0.0694580078125
-0.00980567932128906 0.029998779296875 0.74188232421875 0.08453369140625
0.000159263610839844 0.0105924606323242 0.7469482421875 0.267578125
-0.00234794616699219 -0.00922679901123047 0.62115478515625 0.47119140625
-0.0109481811523437 -0.0454483032226562 0.519561767578125 0.47869873046875
-0.0152225494384766 -0.0226058959960938 0.29644775390625 0.297149658203125
-0.0289459228515625 -0.0369224548339844 0.0530242919921875 0.00822067260742187
-0.0174446105957031 -0.0480575561523438 -0.208358764648437 -0.263412475585938
-0.00448989868164063 -0.0558204650878906 -0.4617919921875 -0.421875
-0.000274658203124996 -0.0436630249023438 -0.70928955078125 -0.33758544921875
-0.00450325012207031 -0.0210285186767578 -0.79156494140625 -0.15655517578125
-0.00649070739746094 0.0112028121948242 -0.76348876953125 -0.131103515625
-0.0319461822509766 0.0290584564208984 -0.544189453125 0.00244140624999991
-0.0544891357421875 -0.00758743286132813 -0.188461303710938 -0.015167236328125
-0.00413751602172852 -0.00607109069824219 0.16693115234375 0.0264892578125
0.00629997253417969 0.0197677612304688 0.598388671875 0.08154296875
0.00385189056396485 0.00928115844726563 0.73486328125 0.097900390625
-0.0102882385253906 0.00622749328613281 0.73004150390625 0.29119873046875
-0.0126705169677734 0.0085906982421875 0.6048583984375 0.493408203125
-0.00571060180664062 -0.015263557434082 0.507568359375 0.506011962890625
0.000568866729736328 0.00308680534362793 0.299285888671875 0.309234619140625
-0.012568473815918 -0.0169610977172852 0.0624275207519531 0.0122261047363281
-0.00608062744140625 -0.0276737213134766 -0.204635620117188 -0.257675170898437
-0.000978469848632812 -0.0266609191894531 -0.463897705078125 -0.40032958984375
-0.00469207763671875 -0.0229873657226562 -0.7127685546875 -0.31280517578125
-0.0146760940551758 -0.0152549743652344 -0.79571533203125 -0.129638671875
0.00170516967773437 -0.00345659255981445 -0.7708740234375 -0.1168212890625
0.00244331359863281 0.0199775695800781 -0.552642822265625 0.00665283203124992
-0.0128154754638672 0.00124549865722656 -0.19830322265625 -0.0194549560546875
0.039398193359375 0.0223617553710938 0.168869018554687 0.0301513671875
0.0593948364257813 0.027099609375 0.595458984375 0.089599609375
0.0255355834960937 -0.00818824768066406 0.7314453125 0.119384765625
-0.0209159851074219 -0.00213623046875 0.725341796875 0.313720703125
-0.0219650268554687 0.0265426635742188 0.596923828125 0.5145263671875
-0.00468540191650391 0.0152549743652344 0.504058837890625 0.515960693359375
0.0158729553222656 0.0298881530761719 0.297088623046875 0.30615234375
0.00455522537231445 0.00176143646240234 0.0615882873535156 0.00922775268554688
0.00853109359741211 -0.0022125244140625 -0.209793090820312 -0.259811401367188
0.00807905197143555 0.000708103179931641 -0.4727783203125 -0.39013671875
-0.00690460205078125 0.00464630126953125 -0.7191162109375 -0.2952880859375
-0.0230522155761719 -0.00692939758300781 -0.7989501953125 -0.1044921875
0.00490188598632813 -0.018402099609375 -0.77679443359375 -0.10015869140625
0.0361785888671875 0.00965118408203125 -0.556396484375 0.0112915039062501
0.0309886932373047 0.009033203125 -0.195571899414063 -0.0238037109375
0.081573486328125 0.0445785522460938 0.180328369140625 0.0320281982421875
0.103256225585938 0.0296096801757813 0.59149169921875 0.0936279296875
0.04302978515625 -0.022003173828125 0.7283935546875 0.13494873046875
-0.0265007019042969 -0.00424766540527343 0.7296142578125 0.33453369140625
-0.0315208435058594 0.0409698486328125 0.6016845703125 0.5194091796875
-0.00290679931640625 0.04339599609375 0.4976806640625 0.512420654296875
0.0308837890625 0.0519142150878906 0.28955078125 0.29571533203125
0.0133247375488281 0.0199928283691406 0.0479621887207031 -0.00407791137695312
0.0208663940429688 0.0185108184814453 -0.222610473632813 -0.26763916015625
0.0147209167480469 0.0256328582763672 -0.48358154296875 -0.391937255859375
-0.00748443603515625 0.025299072265625 -0.7252197265625 -0.290283203125
-0.0296669006347656 -0.000494003295898433 -0.795654296875 -0.0965576171874999
0.0138664245605469 -0.03155517578125 -0.7755126953125 -0.0913696289062501
0.0691871643066406 0.000904083251953125 -0.555633544921875 0.0128479003906251
0.0770797729492188 0.0184173583984375 -0.186386108398437 -0.0218658447265625
0.107879638671875 0.0539932250976563 0.19696044921875 0.0329132080078125
0.131553649902344 0.02734375 0.58502197265625 0.0948486328125
0.0506782531738281 -0.030517578125 0.72796630859375 0.15374755859375
-0.0323925018310547 -0.004150390625 0.74560546875 0.3438720703125
-0.037994384765625 0.0570640563964844 0.61572265625 0.50860595703125
-0.00389480590820312 0.0620536804199219 0.49273681640625 0.491058349609375
0.0399017333984375 0.0683784484863281 0.273025512695313 0.273284912109375
0.0223503112792969 0.0326614379882812 0.0314655303955078 -0.0196685791015625
0.0269851684570312 0.0308589935302734 -0.240386962890625 -0.281890869140625
0.0180740356445313 0.0448265075683594 -0.4925537109375 -0.40338134765625
-0.0126457214355469 0.03997802734375 -0.7266845703125 -0.29669189453125
-0.0358848571777344 -0.000564575195312499 -0.79180908203125 -0.0955810546874998
0.0224838256835937 -0.0413627624511719 -0.77008056640625 -0.0838012695312501
0.0991439819335938 -0.00228118896484375 -0.552398681640625 0.012939453125
0.110542297363281 0.031646728515625 -0.166244506835938 -0.0184478759765625
0.125030517578125 0.0526504516601563 0.21966552734375 0.032745361328125
0.140533447265625 0.0184402465820313 0.5828857421875 0.08868408203125
0.0496177673339844 -0.0329322814941406 0.735595703125 0.16180419921875
-0.0360832214355469 0.000827789306640622 0.76776123046875 0.3421630859375
-0.0368576049804687 0.0646018981933594 0.63177490234375 0.4862060546875
-0.00201416015625 0.0704803466796875 0.4903564453125 0.46075439453125
0.0415802001953125 0.071685791015625 0.25518798828125 0.249359130859375
0.0247344970703125 0.0348892211914063 0.0079498291015625 -0.0351638793945313
0.0292778015136719 0.0396385192871094 -0.25714111328125 -0.29913330078125
0.0174751281738281 0.0535163879394531 -0.50115966796875 -0.423797607421875
-0.0175323486328125 0.0465316772460937 -0.72125244140625 -0.31689453125
-0.0398788452148438 -0.00183486938476563 -0.7841796875 -0.1068115234375
0.034912109375 -0.047607421875 -0.75909423828125 -0.0850219726562501
0.120376586914063 0.00238800048828125 -0.53924560546875 0.0096435546874999
0.128311157226563 0.048797607421875 -0.141845703125 -0.0129852294921875
0.122856140136719 0.0413894653320313 0.241958618164062 0.033660888671875
0.130996704101563 0.0110931396484375 0.5894775390625 0.0848388671875
0.043975830078125 -0.029449462890625 0.75238037109375 0.15576171875
-0.0316543579101563 0.0082378387451172 0.796142578125 0.3192138671875
-0.0326957702636719 0.0637664794921875 0.64947509765625 0.45068359375
0.00104141235351562 0.0663528442382812 0.48870849609375 0.42388916015625
0.0387001037597656 0.0602798461914063 0.235015869140625 0.223922729492187
0.0204792022705078 0.0304527282714844 -0.015655517578125 -0.0574493408203125
0.0252189636230469 0.0374374389648438 -0.272003173828125 -0.320465087890625
0.0109024047851563 0.0532569885253906 -0.50054931640625 -0.45660400390625
-0.02392578125 0.0426712036132813 -0.709228515625 -0.34979248046875
-0.0395240783691406 -0.0100059509277344 -0.76373291015625 -0.1270751953125
0.0435409545898438 -0.0478019714355469 -0.74761962890625 -0.0899658203125
0.1285400390625 0.0116195678710938 -0.53045654296875 0.00271606445312507
0.127815246582031 0.060516357421875 -0.120590209960937 0.00183868408203124
0.106681823730469 0.0251083374023438 0.260772705078125 0.0287017822265625
0.109382629394531 0.00927734375 0.594970703125 0.07464599609375
0.0365066528320313 -0.0177345275878906 0.770263671875 0.1387939453125
-0.0267467498779297 0.01129150390625 0.8201904296875 0.2823486328125
-0.0259475708007813 0.0567054748535156 0.6632080078125 0.40838623046875
-0.00230026245117187 0.0498542785644531 0.4866943359375 0.389923095703125
0.0273895263671875 0.0457687377929688 0.221588134765625 0.204376220703125
0.0146017074584961 0.0174798965454102 -0.032562255859375 -0.0693473815917969
0.0164337158203125 0.0243072509765625 -0.2823486328125 -0.34521484375
0.0036163330078125 0.0392494201660156 -0.492218017578125 -0.494659423828125
-0.0247230529785156 0.032440185546875 -0.6890869140625 -0.39227294921875
-0.0328693389892578 -0.0123710632324219 -0.748046875 -0.1553955078125
0.0452194213867188 -0.0373764038085938 -0.7371826171875 -0.1015625
0.118598937988281 0.0217056274414063 -0.52459716796875 -0.00366210937499992
0.113677978515625 0.0648880004882813 -0.103584289550781 0.0172576904296875
-0.0447921752929688 -0.0330543518066406 0.177825927734375 0.0229034423828125
-0.0365180969238281 0.0203857421875 0.60479736328125 0.0650634765625
-0.0107517242431641 0.0300731658935547 0.74810791015625 0.08148193359375
-0.00221443176269531 0.0141706466674805 0.752197265625 0.26287841796875
-0.00317096710205078 -0.0078277587890625 0.62628173828125 0.46746826171875
-0.0121994018554687 -0.046295166015625 0.523834228515625 0.47552490234375
-0.0147018432617187 -0.0213775634765625 0.29833984375 0.298126220703125
-0.0259933471679687 -0.0366554260253906 0.0551376342773438 0.00785446166992187
-0.0187873840332031 -0.0456924438476563 -0.210983276367188 -0.265335083007812
-0.00639724731445312 -0.0579719543457031 -0.4649658203125 -0.418670654296875
-0.000736236572265628 -0.0434722900390625 -0.718505859375 -0.33502197265625
-0.00592041015625 -0.0200557708740234 -0.79632568359375 -0.15045166015625
-0.00896453857421875 0.00870704650878906 -0.76727294921875 -0.12957763671875
-0.0299720764160156 0.0279655456542969 -0.546142578125 0.00540161132812509
-0.0571975708007813 -0.00687789916992187 -0.188568115234375 -0.012298583984375
-0.00507450103759766 -0.00609540939331055 0.167877197265625 0.025146484375
0.00939750671386719 0.0230579376220703 0.60546875 0.0784912109375
0.00384426116943359 0.0109691619873047 0.74224853515625 0.091064453125
-0.0107107162475586 0.00957965850830078 0.73712158203125 0.28765869140625
-0.0108585357666016 0.00793075561523438 0.6124267578125 0.49395751953125
-0.00831508636474609 -0.0145511627197266 0.516204833984375 0.503387451171875
0.00254535675048828 0.00360369682312012 0.3060302734375 0.306854248046875
-0.0131158828735352 -0.0158014297485352 0.0602569580078125 0.0131568908691406
-0.00554656982421875 -0.0243968963623047 -0.207168579101563 -0.257644653320313
0.000381469726562501 -0.0279312133789062 -0.466949462890625 -0.397186279296875
-0.00303268432617187 -0.0233440399169922 -0.72186279296875 -0.30908203125
-0.0148220062255859 -0.0146255493164063 -0.8026123046875 -0.12469482421875
3.81469726562505E-05 -0.00496912002563477 -0.77606201171875 -0.112060546875
0.00322532653808594 0.0198841094970703 -0.553436279296875 0.0128173828125
-0.0137434005737305 -0.000392913818359375 -0.199859619140625 -0.01849365234375
0.0396881103515625 0.0228157043457031 0.169845581054688 0.0305633544921875
0.0599784851074219 0.02642822265625 0.6002197265625 0.0860595703125
0.0257244110107422 -0.00758171081542969 0.7364501953125 0.11309814453125
-0.0209007263183594 -0.00108718872070313 0.730712890625 0.30975341796875
-0.0235691070556641 0.0251598358154297 0.60528564453125 0.51123046875
-0.0057210922241211 0.015660285949707 0.509002685546875 0.517730712890625
0.0193290710449219 0.0296897888183594 0.30078125 0.3062744140625
0.00322532653808594 0.00284361839294434 0.0611000061035156 0.00980377197265625
0.00939273834228515 -0.00239086151123047 -0.211944580078125 -0.259597778320313
0.0082402229309082 -0.000314235687255859 -0.47821044921875 -0.389251708984375
-0.00527095794677734 0.00357294082641601 -0.7266845703125 -0.29046630859375
-0.0233020782470703 -0.00667572021484375 -0.8043212890625 -0.1025390625
0.00651741027832031 -0.0180244445800781 -0.78240966796875 -0.0952148437499999
0.0362663269042969 0.00867843627929687 -0.5614013671875 0.0163269042968749
0.0323352813720703 0.008087158203125 -0.197067260742187 -0.022857666015625
0.0808792114257813 0.0452880859375 0.18109130859375 0.03118896484375
0.104629516601563 0.0284347534179688 0.59783935546875 0.08953857421875
0.0406951904296875 -0.022857666015625 0.7335205078125 0.13018798828125
-0.0278854370117188 -0.00623703002929687 0.7393798828125 0.3289794921875
-0.0316085815429687 0.0418968200683594 0.60784912109375 0.5174560546875
-0.00458526611328125 0.0444107055664063 0.50494384765625 0.5103759765625
0.0311241149902344 0.0528068542480469 0.2926025390625 0.29705810546875
0.0153045654296875 0.0222511291503906 0.0510520935058594 -0.00278091430664062
0.0208930969238281 0.0178031921386719 -0.224563598632812 -0.268157958984375
0.0161533355712891 0.0275917053222656 -0.487762451171875 -0.38958740234375
-0.00908660888671875 0.0255870819091797 -0.73284912109375 -0.28582763671875
-0.0301723480224609 -0.000778198242187501 -0.80322265625 -0.0884399414062499
0.0121402740478516 -0.0320243835449219 -0.78314208984375 -0.0860595703124999
0.069915771484375 0.00093841552734375 -0.55902099609375 0.0189208984375
0.0776596069335938 0.0172653198242188 -0.186080932617188 -0.0238800048828125
0.109779357910156 0.0528945922851563 0.197006225585938 0.031219482421875
0.133110046386719 0.0254287719726563 0.590087890625 0.0882568359375
0.0523109436035156 -0.0307540893554688 0.733642578125 0.14874267578125
-0.0341606140136719 -0.00315666198730469 0.753173828125 0.34014892578125
-0.0366134643554688 0.0552330017089844 0.62347412109375 0.5084228515625
-0.00209808349609375 0.0621719360351562 0.4989013671875 0.490814208984375
0.0425491333007813 0.06744384765625 0.276092529296875 0.274520874023438
0.0229854583740234 0.0318470001220703 0.0308170318603516 -0.0192070007324219
0.0290279388427734 0.0318145751953125 -0.24114990234375 -0.281707763671875
0.0199470520019531 0.0449905395507813 -0.49810791015625 -0.399688720703125
-0.0106773376464844 0.0396499633789062 -0.73199462890625 -0.29150390625
-0.038330078125 0.00156021118164063 -0.79620361328125 -0.0902709960937499
0.0239601135253906 -0.0423736572265625 -0.7747802734375 -0.0787353515625001
0.0990982055664063 -0.00250244140625 -0.553466796875 0.0156555175781251
0.111160278320313 0.0303802490234375 -0.1683349609375 -0.018951416015625
0.124069213867188 0.0514373779296875 0.218551635742187 0.0308685302734375
0.141983032226563 0.0178070068359375 0.58734130859375 0.08709716796875
0.0514678955078125 -0.0326919555664063 0.7421875 0.15899658203125
-0.0356254577636719 0.00100326538085937 0.77777099609375 0.33660888671875
-0.0356178283691406 0.0650177001953125 0.6397705078125 0.48291015625
0.000232696533203128 0.0701980590820313 0.496795654296875 0.46038818359375
0.0434112548828125 0.0691795349121094 0.25732421875 0.2471923828125
0.0270957946777344 0.0355987548828125 0.00859832763671875 -0.0393447875976562
0.0297813415527344 0.0395965576171875 -0.261322021484375 -0.298980712890625
0.0165863037109375 0.0561065673828125 -0.506622314453125 -0.421356201171875
-0.0169334411621094 0.0469322204589844 -0.72808837890625 -0.31317138671875
-0.03955078125 -0.00233078002929687 -0.7869873046875 -0.103271484375
0.0319480895996094 -0.0482559204101563 -0.76483154296875 -0.07904052734375
0.121612548828125 0.00063323974609375 -0.541900634765625 0.0113525390624999
0.128646850585938 0.0477981567382812 -0.145431518554688 -0.01116943359375
0.1239013671875 0.0420455932617188 0.242446899414063 0.030242919921875
0.130889892578125 0.0105514526367187 0.590576171875 0.07861328125
0.0450401306152344 -0.0277481079101562 0.7586669921875 0.150634765625
-0.0330886840820313 0.00699996948242187 0.8060302734375 0.31317138671875
-0.0322341918945312 0.0657577514648438 0.65863037109375 0.447509765625
-0.000228881835937502 0.0660171508789063 0.494049072265625 0.423095703125
0.0391311645507812 0.0621414184570313 0.239730834960938 0.223724365234375
0.0230827331542969 0.0299854278564453 -0.0130844116210937 -0.0554161071777344
0.0258026123046875 0.0379409790039063 -0.27587890625 -0.320343017578125
0.0105133056640625 0.0525131225585938 -0.506866455078125 -0.45416259765625
-0.02197265625 0.0438117980957031 -0.71453857421875 -0.3466796875
-0.0404891967773438 -0.00992202758789063 -0.7701416015625 -0.1219482421875
0.042327880859375 -0.0470008850097656 -0.75408935546875 -0.0849609375000001
0.130615234375 0.0119400024414063 -0.53167724609375 0.0060119628906249
0.130439758300781 0.0586776733398438 -0.120933532714844 0.00376129150390625
0.106117248535156 0.0259246826171875 0.262969970703125 0.0260467529296875
0.108352661132812 0.0091094970703125 0.60064697265625 0.07086181640625
0.0371780395507813 -0.0195655822753906 0.77557373046875 0.1343994140625
-0.0260963439941406 0.0115795135498047 0.8282470703125 0.27734375
-0.0258445739746094 0.0553245544433594 0.67041015625 0.40643310546875
-0.00119781494140625 0.0486831665039063 0.493499755859375 0.384857177734375
0.0293693542480469 0.0449485778808594 0.222503662109375 0.203643798828125
0.0142021179199219 0.0193653106689453 -0.0355224609375 -0.07037353515625
0.0164222717285156 0.0264072418212891 -0.285614013671875 -0.3433837890625
0.0040740966796875 0.038238525390625 -0.496246337890625 -0.493194580078125
-0.0253067016601563 0.0326900482177734 -0.69329833984375 -0.38739013671875
-0.03399658203125 -0.0115795135498047 -0.75152587890625 -0.15081787109375
0.0455551147460938 -0.0384140014648438 -0.74237060546875 -0.0974731445312499
0.120285034179687 0.0205764770507812 -0.52874755859375 -0.00103759765624991
0.114112854003906 0.0641403198242188 -0.102096557617188 0.0172348022460937
-0.0449447631835938 -0.0341453552246094 0.175567626953125 0.0237884521484375
-0.0381050109863281 0.0194664001464844 0.6102294921875 0.0606689453125
-0.0119285583496094 0.0294609069824219 0.7518310546875 0.0751953125
-0.00124931335449219 0.0125112533569336 0.7607421875 0.25567626953125
-0.00321102142333984 -0.00789499282836914 0.63494873046875 0.4613037109375
-0.0104789733886719 -0.0466651916503906 0.529266357421875 0.477935791015625
-0.0126399993896484 -0.0256252288818359 0.30572509765625 0.294891357421875
-0.0259227752685547 -0.0344791412353516 0.0529441833496094 0.00780868530273437
-0.0188865661621094 -0.0481796264648438 -0.214080810546875 -0.2637939453125
-0.00508499145507812 -0.0562858581542969 -0.47216796875 -0.414642333984375
-0.00135421752929687 -0.0460624694824219 -0.72296142578125 -0.33258056640625
-0.00435829162597656 -0.0215778350830078 -0.80487060546875 -0.14501953125
-0.0100727081298828 0.0123605728149414 -0.77593994140625 -0.12353515625
-0.0308151245117188 0.0278987884521484 -0.550140380859375 0.00946044921875001
-0.0585098266601563 -0.00538253784179689 -0.191818237304687 -0.01397705078125
-0.00660324096679688 -0.00780105590820313 0.169769287109375 0.0234222412109375
0.00836944580078125 0.0198822021484375 0.60845947265625 0.0728759765625
0.00493049621582031 0.0124883651733398 0.7462158203125 0.08636474609375
-0.0120878219604492 0.00785255432128906 0.742431640625 0.2833251953125
-0.0117015838623047 0.0074310302734375 0.618408203125 0.49188232421875
-0.00565338134765625 -0.0199718475341797 0.52337646484375 0.504119873046875
0.00186991691589355 0.0035710334777832 0.307403564453125 0.3065185546875
-0.0121707916259766 -0.017242431640625 0.0627479553222656 0.0140151977539063
-0.00582313537597657 -0.0258464813232422 -0.207061767578125 -0.257965087890625
-0.000160217285156248 -0.0290775299072266 -0.472564697265625 -0.395294189453125
-0.00522613525390625 -0.0216808319091797 -0.7271728515625 -0.30560302734375
-0.0143680572509766 -0.0152387619018555 -0.8087158203125 -0.11944580078125
-0.00140476226806641 -0.0048680305480957 -0.784423828125 -0.105712890625
0.00540542602539063 0.0180492401123047 -0.55828857421875 0.0148315429687499
-0.0121345520019531 -0.00030231475830078 -0.201766967773438 -0.0149993896484375
0.0397186279296875 0.0228805541992188 0.171951293945313 0.029296875
0.0607185363769531 0.0250320434570313 0.60504150390625 0.08184814453125
0.0254154205322266 -0.00613212585449219 0.7408447265625 0.1075439453125
-0.0209484100341797 0.000619888305664058 0.7379150390625 0.304931640625
-0.0193443298339844 0.0252246856689453 0.61248779296875 0.51019287109375
-0.00467014312744141 0.015864372253418 0.51605224609375 0.51336669921875
0.0203781127929688 0.0299510955810547 0.30615234375 0.307281494140625
0.0040431022644043 0.00361514091491699 0.0607109069824219 0.00996780395507813
0.00928401947021484 -0.00317955017089844 -0.213531494140625 -0.258575439453125
0.00922393798828125 0.00215339660644531 -0.4822998046875 -0.3846435546875
-0.00356936454772949 0.00248050689697266 -0.73492431640625 -0.28570556640625
-0.0252170562744141 -0.00727462768554687 -0.80865478515625 -0.0982055664062502
0.00424766540527344 -0.0184783935546875 -0.788818359375 -0.0904541015625
0.0385589599609375 0.00924301147460938 -0.56475830078125 0.0230102539062501
0.0345478057861328 0.00779914855957031 -0.200210571289063 -0.0195159912109375
0.0795516967773438 0.0451278686523438 0.184356689453125 0.0300445556640625
0.105453491210937 0.0248336791992187 0.599365234375 0.0848388671875
0.0447959899902344 -0.0217666625976563 0.739501953125 0.12359619140625
-0.0266819000244141 -0.00449180603027344 0.74481201171875 0.3248291015625
-0.0306396484375 0.0447235107421875 0.6165771484375 0.51617431640625
-0.00196456909179688 0.0432929992675781 0.5108642578125 0.510467529296875
0.0351905822753906 0.051361083984375 0.297698974609375 0.29302978515625
0.0174140930175781 0.0216140747070313 0.0515098571777344 -0.000370025634765624
0.0239086151123047 0.0155887603759766 -0.227767944335937 -0.268112182617187
0.0171298980712891 0.0246982574462891 -0.49359130859375 -0.38897705078125
-0.00767898559570312 0.0233936309814453 -0.73614501953125 -0.27996826171875
-0.031463623046875 0.000280380249023438 -0.80914306640625 -0.0857543945312501
0.0118274688720703 -0.0300998687744141 -0.78936767578125 -0.0784912109375
0.0682106018066406 -0.00210189819335938 -0.563232421875 0.0202026367187499
0.0789108276367188 0.0155410766601562 -0.190277099609375 -0.0200347900390625
0.110671997070312 0.0543594360351562 0.1998291015625 0.0306549072265625
0.13397216796875 0.0225753784179688 0.59307861328125 0.08453369140625
0.0496406555175781 -0.0308151245117187 0.7410888671875 0.14404296875
-0.032623291015625 -0.00348472595214844 0.76031494140625 0.33697509765625
-0.0370368957519531 0.058013916015625 0.63153076171875 0.50616455078125
-0.000946044921874999 0.0626602172851563 0.50799560546875 0.489013671875
0.0426902770996094 0.0656776428222656 0.279876708984375 0.273635864257813
0.0237293243408203 0.0311241149902344 0.0297756195068359 -0.0197029113769531
0.029998779296875 0.0329055786132812 -0.243011474609375 -0.281524658203125
0.0196647644042969 0.0438232421875 -0.504150390625 -0.397735595703125
-0.0114593505859375 0.03961181640625 -0.737548828125 -0.2886962890625
-0.0353851318359375 0.00138092041015625 -0.80322265625 -0.0831298828125
0.0221939086914062 -0.040985107421875 -0.78118896484375 -0.0737915039062498
0.101661682128906 -0.00426483154296875 -0.5572509765625 0.017791748046875
0.111030578613281 0.0296401977539063 -0.169631958007813 -0.0177154541015625
0.125473022460938 0.05322265625 0.222686767578125 0.0298614501953125
0.142440795898437 0.0145721435546875 0.5916748046875 0.08135986328125
0.0496597290039063 -0.0337066650390625 0.74884033203125 0.15179443359375
-0.0378761291503906 0.002716064453125 0.78436279296875 0.3333740234375
-0.03594970703125 0.0651397705078125 0.64471435546875 0.482666015625
0.001556396484375 0.071502685546875 0.499969482421875 0.458404541015625
0.0453681945800781 0.0683631896972656 0.2606201171875 0.247161865234375
0.0274982452392578 0.0334987640380859 0.00982284545898437 -0.0376739501953125
0.0310554504394531 0.0406455993652344 -0.263671875 -0.295257568359375
0.01849365234375 0.0549812316894531 -0.510284423828125 -0.419891357421875
-0.0190315246582031 0.0473747253417969 -0.7349853515625 -0.30780029296875
-0.0405426025390625 -0.00545501708984376 -0.7935791015625 -0.09564208984375
0.0326652526855469 -0.0484237670898438 -0.7698974609375 -0.0734863281249999
0.120773315429688 0.0006256103515625 -0.54669189453125 0.0157165527343751
0.129661560058594 0.045013427734375 -0.144363403320312 -0.0102081298828125
0.12335205078125 0.0427398681640625 0.242630004882813 0.0302734375
0.131492614746094 0.0085601806640625 0.59600830078125 0.07440185546875
0.0455436706542969 -0.0280418395996094 0.76385498046875 0.1463623046875
-0.0340976715087891 0.007965087890625 0.810791015625 0.30908203125
-0.0306663513183594 0.0648155212402344 0.66412353515625 0.44439697265625
0.00239944458007812 0.065460205078125 0.499359130859375 0.420379638671875
0.0418624877929687 0.0606307983398437 0.2421875 0.22052001953125
0.0226325988769531 0.0303516387939453 -0.0141258239746094 -0.0551490783691406
0.0261421203613281 0.0376968383789063 -0.2786865234375 -0.319793701171875
0.0107460021972656 0.0534706115722656 -0.511627197265625 -0.454742431640625
-0.02294921875 0.0429534912109375 -0.72344970703125 -0.34228515625
-0.0389366149902344 -0.0101318359375 -0.77838134765625 -0.1153564453125
0.0430870056152344 -0.0489044189453125 -0.7593994140625 -0.0796508789062499
0.131446838378906 0.00977325439453125 -0.536102294921875 0.00772094726562511
0.132301330566406 0.05938720703125 -0.122451782226562 0.00452423095703127
0.106895446777344 0.0258636474609375 0.264801025390625 0.0264892578125
0.110679626464844 0.00627899169921875 0.6033935546875 0.06414794921875
0.0354423522949219 -0.0182075500488281 0.7783203125 0.12567138671875
-0.0273284912109375 0.0123233795166016 0.83465576171875 0.2708740234375
-0.0268936157226562 0.0573081970214844 0.67999267578125 0.39947509765625
2.95238958593652E-18 0.0482177734375 0.499176025390625 0.383087158203125
0.0315055847167969 0.0452079772949219 0.225021362304688 0.20123291015625
0.0143985748291016 0.0172901153564453 -0.0365638732910156 -0.0673179626464844
0.0180606842041016 0.0252895355224609 -0.288543701171875 -0.344207763671875
0.00317764282226563 0.0375137329101562 -0.502349853515625 -0.492645263671875
-0.0240707397460937 0.0323257446289063 -0.70196533203125 -0.38543701171875
-0.032470703125 -0.0124073028564453 -0.75909423828125 -0.14495849609375
0.044586181640625 -0.0378761291503906 -0.74847412109375 -0.09185791015625
0.121131896972656 0.0230484008789063 -0.530029296875 0.00265502929687508
0.114730834960938 0.06414794921875 -0.104286193847656 0.0191268920898438
-0.0494117736816406 -0.0327224731445312 0.17724609375 0.0232696533203125
-0.0377388000488281 0.0187759399414063 0.61181640625 0.05474853515625
-0.0139808654785156 0.0300788879394531 0.7584228515625 0.064697265625
-0.000608444213867187 0.0129098892211914 0.76556396484375 0.24951171875
-0.0024256706237793 -0.00866603851318359 0.64166259765625 0.45989990234375
-0.0110435485839844 -0.0460472106933594 0.5355224609375 0.4700927734375
-0.0105438232421875 -0.0248661041259766 0.309539794921875 0.293731689453125
-0.0277633666992188 -0.0375328063964844 0.0536041259765625 0.0093536376953125
-0.0184669494628906 -0.0492820739746094 -0.21466064453125 -0.262237548828125
-0.00461578369140625 -0.0557746887207031 -0.47808837890625 -0.41253662109375
-0.000453948974609378 -0.0448417663574219 -0.72802734375 -0.32611083984375
-0.00421905517578125 -0.0222587585449219 -0.80816650390625 -0.13824462890625
-0.00942707061767578 0.0118513107299805 -0.77789306640625 -0.1160888671875
-0.0286846160888672 0.0260791778564453 -0.55328369140625 0.01611328125
-0.058685302734375 -0.00848388671874999 -0.191802978515625 -0.0113067626953125
-0.00936985015869141 -0.00728130340576172 0.169052124023438 0.0246124267578125
0.00960159301757812 0.0211029052734375 0.61346435546875 0.067626953125
0.00417804718017578 0.011444091796875 0.75048828125 0.0784912109375
-0.0122098922729492 0.00941753387451172 0.74945068359375 0.27435302734375
-0.00982952117919922 0.00789165496826172 0.6263427734375 0.486083984375
-0.00769996643066406 -0.0174713134765625 0.527069091796875 0.501434326171875
0.0057835578918457 0.00199031829833984 0.31219482421875 0.306182861328125
-0.0103673934936523 -0.0155324935913086 0.0640144348144531 0.0127677917480469
-0.00639724731445312 -0.0272159576416016 -0.208831787109375 -0.256576538085938
0.00103378295898438 -0.0294666290283203 -0.4781494140625 -0.3900146484375
-0.00434494018554687 -0.021453857421875 -0.732177734375 -0.29827880859375
-0.0136375427246094 -0.0140266418457031 -0.8131103515625 -0.10809326171875
-0.000847101211547852 -0.0031287670135498 -0.7891845703125 -0.0953369140625
0.00393104553222656 0.016636848449707 -0.5618896484375 0.0220947265625
-0.0139503479003906 -0.00177383422851562 -0.201248168945313 -0.01422119140625
0.0389022827148437 0.0250434875488281 0.170822143554687 0.0247039794921875
0.0643348693847656 0.0252609252929687 0.60748291015625 0.075927734375
0.0263500213623047 -0.00570106506347656 0.745361328125 0.09991455078125
-0.0226936340332031 0.001190185546875 0.7431640625 0.2989501953125
-0.0203990936279297 0.0253963470458984 0.62078857421875 0.50537109375
-0.00516605377197265 0.0124797821044922 0.5230712890625 0.51116943359375
0.0218887329101563 0.0286388397216797 0.3109130859375 0.305267333984375
0.00520563125610351 0.00380563735961914 0.0617179870605469 0.00849151611328125
0.00952053070068359 -0.00127792358398437 -0.215194702148438 -0.2572021484375
0.00943756103515625 -0.00101757049560547 -0.48858642578125 -0.38299560546875
-0.00297307968139648 0.00128388404846191 -0.73577880859375 -0.28033447265625
-0.0254459381103516 -0.00640678405761719 -0.81561279296875 -0.0868530273437499
0.00172996520996094 -0.0176486968994141 -0.79559326171875 -0.08111572265625
0.0373802185058594 0.00756454467773438 -0.56951904296875 0.02606201171875
0.033050537109375 0.00790214538574219 -0.201263427734375 -0.018890380859375
0.0808486938476563 0.0459518432617188 0.184463500976563 0.02880859375
0.10565185546875 0.0264816284179688 0.602783203125 0.08154296875
0.0426559448242187 -0.0200119018554687 0.74481201171875 0.11968994140625
-0.0268459320068359 -0.00334548950195313 0.7509765625 0.3184814453125
-0.0309791564941406 0.0419654846191406 0.6251220703125 0.511474609375
-0.00127029418945313 0.0423774719238281 0.52032470703125 0.50579833984375
0.0359764099121094 0.0532188415527344 0.300384521484375 0.292877197265625
0.0187206268310547 0.0221195220947266 0.0492362976074219 -0.00311279296875
0.0219898223876953 0.0180778503417969 -0.229660034179688 -0.26458740234375
0.0180988311767578 0.0235576629638672 -0.496124267578125 -0.384124755859375
-0.005615234375 0.0257129669189453 -0.7420654296875 -0.27252197265625
-0.0315723419189453 -0.000253677368164057 -0.8157958984375 -0.0770263671875001
0.0126819610595703 -0.0338115692138672 -0.7935791015625 -0.0703125
0.0713882446289063 0.00017547607421875 -0.5640869140625 0.0267333984374999
0.0796737670898437 0.0150680541992188 -0.1898193359375 -0.0204925537109375
0.108222961425781 0.0544052124023438 0.203536987304688 0.0287628173828125
0.133308410644531 0.0230636596679688 0.5960693359375 0.07879638671875
0.0518112182617188 -0.0300979614257813 0.74359130859375 0.1363525390625
-0.0362586975097656 -0.00281524658203124 0.76715087890625 0.330322265625
-0.035919189453125 0.0569839477539062 0.6368408203125 0.50250244140625
0.000583648681640622 0.0630226135253906 0.5115966796875 0.484405517578125
0.0460281372070312 0.0676841735839844 0.28460693359375 0.271270751953125
0.0252094268798828 0.0323123931884766 0.0309581756591797 -0.0195064544677734
0.0297222137451172 0.0320873260498047 -0.246658325195313 -0.276397705078125
0.0218086242675781 0.0452651977539062 -0.505767822265625 -0.393096923828125
-0.0100517272949219 0.0419464111328125 -0.74359130859375 -0.2823486328125
-0.0354843139648437 0.0024871826171875 -0.8079833984375 -0.0758056640624999
0.0222206115722656 -0.0440673828125 -0.7857666015625 -0.06451416015625
0.101486206054688 -0.00574493408203125 -0.56036376953125 0.0242004394531251
0.111640930175781 0.0316162109375 -0.170654296875 -0.0160675048828125
0.124778747558594 0.0541152954101563 0.223403930664062 0.028350830078125
0.143569946289063 0.0130462646484375 0.59619140625 0.074951171875
0.0502128601074219 -0.0340347290039062 0.75421142578125 0.1451416015625
-0.0361595153808594 0.00310516357421874 0.791259765625 0.324462890625
-0.0360679626464844 0.0649452209472656 0.655029296875 0.47613525390625
0.00418853759765625 0.0704879760742187 0.51019287109375 0.4537353515625
0.0467185974121094 0.068817138671875 0.26513671875 0.24627685546875
0.027496337890625 0.0358924865722656 0.0066375732421875 -0.0387001037597656
0.0316696166992188 0.0397224426269531 -0.268280029296875 -0.297637939453125
0.0186042785644531 0.0546722412109375 -0.5152587890625 -0.414825439453125
-0.0164337158203125 0.0475273132324219 -0.74005126953125 -0.30316162109375
-0.0389442443847656 0.000305175781250007 -0.79669189453125 -0.0877685546874998
0.0323982238769531 -0.0495948791503906 -0.77679443359375 -0.0657348632812501
0.123458862304688 -0.002227783203125 -0.547760009765625 0.0225219726562499
0.131195068359375 0.0434951782226562 -0.146377563476563 -0.00767517089843752
0.125801086425781 0.0402603149414063 0.245468139648438 0.0279693603515625
0.134246826171875 0.00751495361328125 0.59857177734375 0.0711669921875
0.0451850891113281 -0.0292396545410156 0.76837158203125 0.1402587890625
-0.0352287292480469 0.0116958618164062 0.81878662109375 0.29901123046875
-0.0307159423828125 0.0662155151367188 0.670166015625 0.43829345703125
0.00459671020507813 0.0639762878417969 0.50506591796875 0.417816162109375
0.0428466796875 0.0612411499023438 0.245452880859375 0.22027587890625
0.0240688323974609 0.0310020446777344 -0.0166740417480469 -0.0554580688476562
0.0283927917480469 0.0377693176269531 -0.285003662109375 -0.318328857421875
0.0109519958496094 0.0511054992675781 -0.51727294921875 -0.448211669921875
-0.0215873718261719 0.0438461303710938 -0.72845458984375 -0.33648681640625
-0.0402908325195313 -0.00732803344726562 -0.783447265625 -0.106689453125
0.0427970886230469 -0.0486602783203125 -0.765380859375 -0.07354736328125
0.130889892578125 0.00754547119140625 -0.538970947265625 0.0127258300781251
0.133041381835938 0.0588302612304688 -0.122482299804687 0.00524139404296874
0.1080322265625 0.0239944458007813 0.2667236328125 0.0215911865234375
0.111976623535156 0.0056304931640625 0.6055908203125 0.06048583984375
0.0357513427734375 -0.01934814453125 0.78692626953125 0.12274169921875
-0.0272674560546875 0.0148983001708984 0.8416748046875 0.2615966796875
-0.0238800048828125 0.0587539672851563 0.6849365234375 0.3958740234375
0.00174713134765625 0.0497322082519531 0.503448486328125 0.3819580078125
0.0334892272949219 0.0439376831054688 0.229095458984375 0.20111083984375
0.0153293609619141 0.0163946151733398 -0.0367164611816406 -0.0679092407226562
0.0203514099121094 0.0257225036621094 -0.293975830078125 -0.34112548828125
0.00481033325195313 0.039215087890625 -0.509490966796875 -0.4886474609375
-0.022796630859375 0.0332431793212891 -0.70721435546875 -0.3804931640625
-0.0334949493408203 -0.0114784240722656 -0.76416015625 -0.1363525390625
0.0450820922851562 -0.0381927490234375 -0.75396728515625 -0.0831909179687501
0.121780395507813 0.0205078125 -0.532684326171875 0.00747680664062502
0.115669250488281 0.0626983642578125 -0.104866027832031 0.0203018188476563
-0.0504531860351563 -0.0332908630371094 0.17877197265625 0.020172119140625
-0.0371589660644531 0.0195121765136719 0.61383056640625 0.04803466796875
-0.0126781463623047 0.0307903289794922 0.76129150390625 0.05767822265625
0.000523567199707031 0.0120229721069336 0.7718505859375 0.24322509765625
-0.00185012817382812 -0.00977897644042969 0.6494140625 0.45208740234375
-0.0119895935058594 -0.0478363037109375 0.542266845703125 0.46734619140625
-0.0116481781005859 -0.0217857360839844 0.31256103515625 0.291900634765625
-0.0244026184082031 -0.0337657928466797 0.0542259216308594 0.0061187744140625
-0.018646240234375 -0.0500907897949219 -0.217208862304688 -0.261138916015625
-0.00699234008789062 -0.05780029296875 -0.479278564453125 -0.410400390625
-0.000274658203124999 -0.04498291015625 -0.731689453125 -0.320556640625
-0.00319862365722656 -0.0203990936279297 -0.81451416015625 -0.13104248046875
-0.0100259780883789 0.0113611221313477 -0.78741455078125 -0.109375
-0.0301494598388672 0.0287647247314453 -0.55609130859375 0.0200500488281251
-0.0565032958984375 -0.00725555419921876 -0.190582275390625 -0.00981140136718754
-0.00663042068481445 -0.00752639770507813 0.169540405273438 0.0217132568359375
0.0113506317138672 0.0210838317871094 0.61346435546875 0.0615234375
0.00370407104492187 0.0100526809692383 0.75543212890625 0.07208251953125
-0.0120515823364258 0.0081329345703125 0.7532958984375 0.2679443359375
-0.0129013061523437 0.00990867614746094 0.6368408203125 0.4803466796875
-0.00557899475097656 -0.0157079696655273 0.538787841796875 0.494110107421875
0.00679683685302734 0.00366067886352539 0.317657470703125 0.303466796875
-0.00993442535400391 -0.0131607055664063 0.0618171691894531 0.0123062133789062
-0.0050201416015625 -0.0276641845703125 -0.213775634765625 -0.25244140625
0.00172805786132812 -0.0281448364257812 -0.4825439453125 -0.387939453125
-0.00406074523925781 -0.0213813781738281 -0.739501953125 -0.2908935546875
-0.0141925811767578 -0.0158243179321289 -0.8194580078125 -0.10205078125
-0.00294685363769531 -0.00344181060791016 -0.79510498046875 -0.0903320312499998
0.00349998474121094 0.0178623199462891 -0.56231689453125 0.027587890625
-0.0155916213989258 -0.00139141082763672 -0.202728271484375 -0.011627197265625
0.0396347045898438 0.0251388549804688 0.172409057617188 0.025543212890625
0.0626373291015625 0.0240516662597656 0.61163330078125 0.071044921875
0.0251045227050781 -0.00636482238769531 0.75115966796875 0.09161376953125
-0.0212612152099609 0.00338554382324219 0.7528076171875 0.292724609375
-0.0208721160888672 0.0265178680419922 0.62835693359375 0.4996337890625
-0.00357437133789062 0.0132913589477539 0.531524658203125 0.50726318359375
0.0236854553222656 0.0279140472412109 0.31524658203125 0.30322265625
0.00657272338867188 0.00435161590576172 0.0625228881835938 0.00732040405273438
0.00941371917724609 -0.00423336029052734 -0.217849731445313 -0.256362915039062
0.00953197479248047 0.00203895568847656 -0.492279052734375 -0.380340576171875
-0.00373935699462891 0.00268959999084473 -0.74371337890625 -0.27178955078125
-0.0241851806640625 -0.00506210327148437 -0.82086181640625 -0.0809936523437499
0.00341987609863281 -0.0182323455810547 -0.799560546875 -0.0703125000000001
0.0395240783691406 0.0064544677734375 -0.569091796875 0.03094482421875
0.0321273803710937 0.00757408142089844 -0.203567504882813 -0.0175628662109375
0.080291748046875 0.0460433959960937 0.184005737304688 0.0263824462890625
0.1064453125 0.0246353149414063 0.60565185546875 0.0728759765625
0.0427780151367188 -0.0218353271484375 0.749755859375 0.1121826171875
-0.0301094055175781 -0.00421333312988281 0.75738525390625 0.3123779296875
-0.0299072265625 0.0464248657226563 0.6343994140625 0.50628662109375
-0.00189971923828125 0.0429115295410156 0.52337646484375 0.501190185546875
0.0385589599609375 0.0525741577148438 0.30267333984375 0.28887939453125
0.0225429534912109 0.0195121765136719 0.0496635437011719 -0.00412368774414063
0.023101806640625 0.0164928436279297 -0.233169555664063 -0.262771606445313
0.0186367034912109 0.0268306732177734 -0.501617431640625 -0.3780517578125
-0.00632667541503906 0.0254039764404297 -0.74676513671875 -0.26690673828125
-0.0317955017089844 0.00181007385253907 -0.8197021484375 -0.0680541992187499
0.01153564453125 -0.0311775207519531 -0.8011474609375 -0.0615234375000002
0.0726699829101563 -0.00246429443359375 -0.5673828125 0.03106689453125
0.0771560668945313 0.0150680541992188 -0.191726684570313 -0.0173492431640625
0.108833312988281 0.0564956665039063 0.202438354492188 0.027557373046875
0.134010314941406 0.0197677612304688 0.5992431640625 0.07098388671875
0.0517425537109375 -0.031646728515625 0.74969482421875 0.12744140625
-0.0347919464111328 -0.00368881225585938 0.77496337890625 0.3236083984375
-0.0365638732910156 0.0576858520507813 0.6446533203125 0.4951171875
0.00120162963867187 0.0620040893554688 0.519378662109375 0.480560302734375
0.0474395751953125 0.066436767578125 0.28839111328125 0.26953125
0.0290985107421875 0.0328578948974609 0.030853271484375 -0.0204658508300781
0.0319671630859375 0.0312519073486328 -0.249725341796875 -0.276519775390625
0.0216445922851563 0.0447578430175781 -0.512420654296875 -0.39190673828125
-0.00902557373046875 0.0415306091308594 -0.74896240234375 -0.2745361328125
-0.0370941162109375 0.00456237792968749 -0.81201171875 -0.0683593749999999
0.0206260681152344 -0.0446968078613281 -0.79046630859375 -0.0580444335937502
0.100502014160156 -0.00640106201171875 -0.5616455078125 0.029571533203125
0.111770629882813 0.0308837890625 -0.170578002929688 -0.0126495361328125
0.126167297363281 0.0522003173828125 0.2222900390625 0.028289794921875
0.142822265625 0.01202392578125 0.5950927734375 0.06939697265625
0.0516014099121094 -0.0337142944335938 0.75762939453125 0.13446044921875
-0.0363960266113281 0.00419998168945313 0.79681396484375 0.3143310546875
-0.0355453491210938 0.0671806335449219 0.6627197265625 0.47113037109375
0.00342941284179688 0.0699882507324219 0.513153076171875 0.4515380859375
0.0507240295410156 0.0679206848144531 0.268905639648438 0.24310302734375
0.0281143188476562 0.0377655029296875 0.00568771362304688 -0.0370407104492188
0.0327186584472656 0.0394783020019531 -0.270355224609375 -0.292816162109375
0.0179519653320313 0.0544471740722656 -0.52252197265625 -0.410247802734375
-0.014739990234375 0.0489921569824219 -0.74468994140625 -0.29693603515625
-0.0411186218261719 -0.00136566162109375 -0.80364990234375 -0.0803833007812498
0.0321388244628906 -0.0512733459472656 -0.77972412109375 -0.0554809570312499
0.125419616699219 -0.00262451171875 -0.550811767578125 0.026214599609375
0.13250732421875 0.0463104248046875 -0.14642333984375 -0.00498962402343752
0.122886657714844 0.0407791137695313 0.245147705078125 0.02557373046875
0.133834838867187 0.0052337646484375 0.60260009765625 0.06182861328125
0.04449462890625 -0.0298347473144531 0.7757568359375 0.1314697265625
-0.03369140625 0.0107612609863281 0.8265380859375 0.291015625
-0.0298385620117187 0.0670089721679688 0.677490234375 0.43365478515625
0.00425338745117188 0.0651130676269531 0.51104736328125 0.4134521484375
0.0457763671875 0.0615005493164063 0.247390747070313 0.219924926757813
0.0265369415283203 0.0302867889404297 -0.0152969360351562 -0.053924560546875
0.029266357421875 0.0368499755859375 -0.28546142578125 -0.3134765625
0.0129165649414063 0.05303955078125 -0.52325439453125 -0.446044921875
-0.0212440490722656 0.0435104370117188 -0.7344970703125 -0.328369140625
-0.0402984619140625 -0.00746536254882813 -0.78765869140625 -0.10101318359375
0.0432281494140625 -0.0478782653808594 -0.76885986328125 -0.0634765625000001
0.134269714355469 0.00646209716796875 -0.54193115234375 0.019775390625
0.134040832519531 0.0579681396484375 -0.124061584472656 0.00674438476562501
0.104034423828125 0.0258865356445312 0.265655517578125 0.0233154296875
0.111434936523438 0.00247955322265625 0.60986328125 0.05352783203125
0.0365257263183594 -0.0196075439453125 0.79150390625 0.11175537109375
-0.0284461975097656 0.0150184631347656 0.84808349609375 0.25537109375
-0.0223007202148438 0.05816650390625 0.69244384765625 0.3892822265625
0.00222396850585937 0.0501899719238281 0.5086669921875 0.37567138671875
0.035186767578125 0.0436973571777344 0.230453491210938 0.199172973632813
0.0158824920654297 0.0191783905029297 -0.0379791259765625 -0.066192626953125
0.0195407867431641 0.0264854431152344 -0.29766845703125 -0.338348388671875
0.0054931640625 0.0382270812988281 -0.51446533203125 -0.484466552734375
-0.0218257904052734 0.03338623046875 -0.7158203125 -0.3743896484375
-0.0343265533447266 -0.01190185546875 -0.76739501953125 -0.1292724609375
0.0446205139160156 -0.03936767578125 -0.7574462890625 -0.0753173828124999
0.122421264648438 0.0182876586914063 -0.53582763671875 0.0128479003906251
0.11669921875 0.0617141723632813 -0.107376098632812 0.020294189453125
-0.0520591735839844 -0.0346527099609375 0.178985595703125 0.0185699462890625
-0.0362281799316406 0.0180435180664063 0.616455078125 0.0390625
-0.0114784240722656 0.0324859619140625 0.7662353515625 0.046630859375
-0.00031757354736328 0.0157108306884766 0.776611328125 0.236328125
-0.00135135650634766 -0.00818920135498047 0.6580810546875 0.4468994140625
-0.0106430053710937 -0.0486030578613281 0.5494384765625 0.467041015625
-0.0121135711669922 -0.0238456726074219 0.31646728515625 0.288848876953125
-0.0261478424072266 -0.0347251892089844 0.0551071166992188 0.00981521606445312
-0.0175971984863281 -0.0484123229980469 -0.220230102539062 -0.261215209960938
-0.00791549682617187 -0.0572891235351563 -0.487640380859375 -0.40386962890625
-0.001708984375 -0.0467414855957031 -0.74102783203125 -0.30999755859375
-0.00447845458984375 -0.0201015472412109 -0.818603515625 -0.117431640625
-0.00912952423095703 0.0129823684692383 -0.7916259765625 -0.0992431640625
-0.0283870697021484 0.0296230316162109 -0.556793212890625 0.024169921875
-0.05908203125 -0.00714874267578126 -0.192626953125 -0.00636291503906246
-0.0077519416809082 -0.0055694580078125 0.17327880859375 0.019744873046875
0.0100364685058594 0.0190048217773438 0.6182861328125 0.05487060546875
0.00350379943847656 0.0111684799194336 0.7601318359375 0.06365966796875
-0.0101318359375 0.010706901550293 0.7630615234375 0.2578125
-0.00738048553466797 0.00991058349609375 0.64202880859375 0.4725341796875
-0.00714492797851563 -0.0176582336425781 0.541839599609375 0.49078369140625
0.00838851928710938 0.00315380096435547 0.322357177734375 0.300201416015625
-0.0114669799804687 -0.0155181884765625 0.0638809204101563 0.0102958679199219
-0.00497627258300781 -0.0260810852050781 -0.215744018554687 -0.252822875976563
0.000106811523437497 -0.0290603637695313 -0.4874267578125 -0.383026123046875
-0.00247383117675781 -0.0220756530761719 -0.74322509765625 -0.281005859375
-0.0135679244995117 -0.0152854919433594 -0.825927734375 -0.094482421875
-0.0012509822845459 -0.00276780128479004 -0.79730224609375 -0.0817871093749999
0.00339603424072266 0.016819953918457 -0.5650634765625 0.0321044921875001
-0.0167837142944336 -0.00225257873535157 -0.205673217773437 -0.00955200195312495
0.03558349609375 0.0244102478027344 0.172760009765625 0.025360107421875
0.0627555847167969 0.0200958251953125 0.615478515625 0.06463623046875
0.0263500213623047 -0.00806427001953125 0.756591796875 0.08416748046875
-0.0207443237304687 0.00191307067871093 0.75994873046875 0.28240966796875
-0.0197982788085937 0.0282630920410156 0.63848876953125 0.49407958984375
-0.00347805023193359 0.0150041580200195 0.53680419921875 0.500732421875
0.0258026123046875 0.0303554534912109 0.31903076171875 0.3009033203125
0.00794792175292969 0.0051732063293457 0.0636711120605469 0.00726318359375
0.00873184204101563 -0.00276756286621094 -0.220932006835938 -0.25372314453125
0.0104227066040039 -0.00157356262207031 -0.49578857421875 -0.372955322265625
-0.00301575660705566 0.00298309326171875 -0.74676513671875 -0.26434326171875
-0.0231876373291016 -0.00389480590820313 -0.82598876953125 -0.07366943359375
0.00397586822509766 -0.0169496536254883 -0.8031005859375 -0.06451416015625
0.0400314331054687 0.00496292114257812 -0.56884765625 0.0368041992187499
0.0345096588134766 0.0068206787109375 -0.202529907226563 -0.0140380859375
0.07806396484375 0.0444869995117188 0.184814453125 0.025909423828125
0.10693359375 0.0260772705078125 0.60699462890625 0.066650390625
0.0426559448242187 -0.0227508544921875 0.75372314453125 0.10308837890625
-0.0298004150390625 0.000295639038085931 0.7628173828125 0.30267333984375
-0.03131103515625 0.0432548522949219 0.64129638671875 0.4990234375
6.48498535156207E-05 0.0420913696289063 0.53082275390625 0.50030517578125
0.0404319763183594 0.0509529113769531 0.308746337890625 0.28851318359375
0.0227241516113281 0.0216007232666016 0.0517654418945313 -0.00312042236328125
0.0242595672607422 0.0179843902587891 -0.235855102539063 -0.261611938476563
0.0193157196044922 0.0252227783203125 -0.50592041015625 -0.374359130859375
-0.00284767150878906 0.025238037109375 -0.75531005859375 -0.25909423828125
-0.0300769805908203 0.00202560424804688 -0.82080078125 -0.0598144531249998
0.00929450988769531 -0.0307884216308594 -0.80194091796875 -0.0547485351562501
0.0729293823242188 -0.0048065185546875 -0.56939697265625 0.0387573242187501
0.078643798828125 0.0151748657226563 -0.1910400390625 -0.0153656005859375
0.108604431152344 0.05548095703125 0.202789306640625 0.0233917236328125
0.135444641113281 0.0198822021484375 0.60308837890625 0.0679931640625
0.0517425537109375 -0.0332412719726563 0.75421142578125 0.1209716796875
-0.0357589721679688 -0.000938415527343758 0.77911376953125 0.3134765625
-0.0334548950195313 0.05926513671875 0.654052734375 0.49072265625
0.0015411376953125 0.06353759765625 0.527679443359375 0.476959228515625
0.0492324829101563 0.0651321411132813 0.28961181640625 0.266998291015625
0.0286273956298828 0.0340862274169922 0.0306358337402344 -0.0202217102050781
0.0311698913574219 0.0323448181152344 -0.252639770507813 -0.273361206054688
0.0221443176269531 0.044708251953125 -0.518035888671875 -0.3856201171875
-0.00711441040039062 0.04180908203125 -0.75396728515625 -0.2650146484375
-0.0368576049804688 0.00399398803710937 -0.81549072265625 -0.0599975585937498
0.0201950073242188 -0.0425453186035156 -0.79620361328125 -0.0484008789062498
0.103675842285156 -0.008209228515625 -0.5640869140625 0.0344848632812501
0.114112854003906 0.028564453125 -0.169921875 -0.013458251953125
0.126251220703125 0.053741455078125 0.223007202148438 0.025604248046875
0.145706176757812 0.010894775390625 0.59918212890625 0.0640869140625
0.0518989562988281 -0.0361251831054688 0.7608642578125 0.1280517578125
-0.0374298095703125 0.00373077392578124 0.804443359375 0.30859375
-0.0329856872558594 0.0654830932617187 0.66754150390625 0.46270751953125
0.00397491455078125 0.0721282958984375 0.521636962890625 0.448577880859375
0.0516204833984375 0.0666885375976563 0.269943237304687 0.241744995117188
0.0318679809570313 0.0355072021484375 0.00732803344726562 -0.0383224487304688
0.0347671508789063 0.0383110046386719 -0.274169921875 -0.2911376953125
0.0203208923339844 0.0541114807128906 -0.527618408203125 -0.406524658203125
-0.0149345397949219 0.0498924255371094 -0.75189208984375 -0.2864990234375
-0.0417633056640625 -0.0012054443359375 -0.8046875 -0.0720214843750001
0.0316658020019531 -0.0499916076660156 -0.7838134765625 -0.0491943359374998
0.128555297851563 -0.0037994384765625 -0.551849365234375 0.0330200195312499
0.134498596191406 0.0406036376953125 -0.146881103515625 -0.00512695312500001
0.124275207519531 0.0408477783203125 0.247711181640625 0.0240478515625
0.136192321777344 0.00273895263671875 0.60455322265625 0.0572509765625
0.0441474914550781 -0.0302352905273438 0.77972412109375 0.12255859375
-0.0343990325927734 0.0109729766845703 0.83209228515625 0.28179931640625
-0.0288887023925781 0.0654792785644531 0.6871337890625 0.4261474609375
0.00608444213867187 0.0662498474121094 0.518157958984375 0.410064697265625
0.0455093383789063 0.0583038330078125 0.2501220703125 0.219894409179687
0.0261898040771484 0.0304851531982422 -0.0160636901855469 -0.0539627075195313
0.0296630859375 0.0371131896972656 -0.29241943359375 -0.312713623046875
0.0152473449707031 0.0525169372558594 -0.527587890625 -0.442474365234375
-0.0195083618164062 0.0449676513671875 -0.74078369140625 -0.32305908203125
-0.0409736633300781 -0.004150390625 -0.7894287109375 -0.0929565429687499
0.0409164428710938 -0.0486602783203125 -0.77178955078125 -0.0559692382812501
0.134521484375 0.0038909912109375 -0.541259765625 0.0246887207031251
0.1337890625 0.0537185668945313 -0.123252868652344 0.00885772705078124
0.107406616210938 0.0248641967773438 0.266448974609375 0.0186767578125
0.11273193359375 0.00162506103515625 0.6131591796875 0.044189453125
0.035919189453125 -0.0193824768066406 0.7943115234375 0.1058349609375
-0.0273666381835937 0.0153255462646484 0.852783203125 0.245361328125
-0.0224037170410156 0.057891845703125 0.69830322265625 0.38214111328125
0.00258255004882812 0.04913330078125 0.514495849609375 0.37115478515625
0.0371589660644531 0.0440139770507813 0.23272705078125 0.199356079101563
0.0172843933105469 0.0190162658691406 -0.0393180847167969 -0.0655059814453125
0.0193748474121094 0.0270729064941406 -0.301666259765625 -0.3363037109375
0.00725555419921875 0.0382957458496094 -0.520538330078125 -0.481964111328125
-0.022216796875 0.0339870452880859 -0.7193603515625 -0.364990234375
-0.0325241088867188 -0.010833740234375 -0.77227783203125 -0.12030029296875
0.0449752807617188 -0.0413627624511719 -0.76153564453125 -0.0662841796874999
0.125022888183594 0.0166397094726563 -0.53680419921875 0.0163574218749999
0.118560791015625 0.0602645874023438 -0.106002807617188 0.0223770141601563
-0.0526237487792969 -0.0315933227539062 0.176727294921875 0.0164642333984375
-0.0372276306152344 0.0201683044433594 0.615478515625 0.033203125
-0.0114727020263672 0.0318946838378906 0.76837158203125 0.039794921875
0.000815391540527342 0.0174655914306641 0.7818603515625 0.22637939453125
-0.00133037567138672 -0.00822305679321289 0.662353515625 0.43939208984375
-0.0123558044433594 -0.0465087890625 0.553192138671875 0.457550048828125
-0.00955772399902344 -0.0258560180664063 0.321380615234375 0.2843017578125
-0.0246028900146484 -0.0328216552734375 0.0540313720703125 0.00804901123046875
-0.0211143493652344 -0.0474777221679688 -0.220321655273438 -0.258163452148438
-0.00851058959960938 -0.0573463439941406 -0.490570068359375 -0.399627685546875
-0.002838134765625 -0.0457687377929688 -0.74371337890625 -0.30340576171875
-0.00461196899414062 -0.0191173553466797 -0.82000732421875 -0.1131591796875
-0.00888729095458984 0.010899543762207 -0.7962646484375 -0.0917968750000002
-0.0281505584716797 0.0288810729980469 -0.555694580078125 0.0307617187500001
-0.0562248229980469 -0.00995254516601562 -0.193923950195313 -0.00462341308593754
-0.00847339630126953 -0.00627756118774414 0.171493530273438 0.019805908203125
0.00924301147460937 0.0184612274169922 0.61773681640625 0.04693603515625
0.00446796417236328 0.012690544128418 0.7606201171875 0.05426025390625
-0.0122089385986328 0.00999927520751953 0.76531982421875 0.24871826171875
-0.0106782913208008 0.00747299194335938 0.648681640625 0.46685791015625
-0.00485801696777344 -0.0176048278808594 0.548919677734375 0.4871826171875
0.0102510452270508 0.000583648681640625 0.32696533203125 0.29791259765625
-0.00741386413574219 -0.0135726928710938 0.063446044921875 0.0114288330078125
-0.00525474548339844 -0.0257244110107422 -0.217315673828125 -0.24920654296875
3.05175781250015E-05 -0.0300445556640625 -0.49224853515625 -0.379364013671875
-0.00219154357910156 -0.0228786468505859 -0.74798583984375 -0.2760009765625
-0.0127382278442383 -0.0132503509521484 -0.827880859375 -0.0822143554687499
-0.00344133377075195 -0.0021064281463623 -0.80340576171875 -0.0714111328125
0.00534534454345703 0.0172290802001953 -0.5662841796875 0.0399169921875001
-0.0169744491577148 -0.00104808807373047 -0.206405639648438 -0.00743103027343748
0.0368995666503906 0.0238800048828125 0.174575805664063 0.0228729248046875
0.0624122619628906 0.0230026245117188 0.61334228515625 0.0576171875
0.0242443084716797 -0.00728225708007813 0.75738525390625 0.0731201171875
-0.0208034515380859 0.00341987609863282 0.75982666015625 0.27569580078125
-0.0196266174316406 0.0252227783203125 0.6434326171875 0.487060546875
0.000305175781249999 0.0146141052246094 0.543609619140625 0.496856689453125
0.0302715301513672 0.0272674560546875 0.323516845703125 0.297607421875
0.0100440979003906 0.00678825378417969 0.0626754760742188 0.00539016723632813
0.010894775390625 -0.00205421447753906 -0.223114013671875 -0.250900268554687
0.0118541717529297 -0.00231170654296875 -0.498870849609375 -0.36968994140625
-0.00310945510864258 0.00280618667602539 -0.7530517578125 -0.25732421875
-0.0224514007568359 -0.0042877197265625 -0.82843017578125 -0.0623779296875001
0.00304317474365234 -0.0170497894287109 -0.8082275390625 -0.0547485351562499
0.0409469604492188 0.005462646484375 -0.56890869140625 0.0435791015625001
0.0347518920898438 0.00442886352539062 -0.204788208007813 -0.0126495361328125
0.078643798828125 0.0463638305664063 0.184967041015625 0.0226898193359375
0.106689453125 0.0216827392578125 0.607421875 0.05853271484375
0.0406646728515625 -0.0257949829101563 0.7554931640625 0.0899658203125
-0.0288906097412109 -0.00103950500488281 0.77197265625 0.2923583984375
-0.0264434814453125 0.0424156188964844 0.64691162109375 0.4921875
0.0020751953125 0.043121337890625 0.53729248046875 0.492462158203125
0.04296875 0.0490798950195313 0.3116455078125 0.2843017578125
0.0233573913574219 0.0232353210449219 0.0506935119628906 -0.00246810913085937
0.0242347717285156 0.0149631500244141 -0.237777709960937 -0.256988525390625
0.0196723937988281 0.0260276794433594 -0.509246826171875 -0.368804931640625
-0.00455284118652344 0.0248584747314453 -0.7581787109375 -0.25164794921875
-0.0330638885498047 0.00288772583007812 -0.82586669921875 -0.0477905273437499
0.0106964111328125 -0.0306301116943359 -0.80487060546875 -0.0460815429687499
0.0722427368164063 -0.00603485107421875 -0.56939697265625 0.0416259765624999
0.0781936645507813 0.014434814453125 -0.192230224609375 -0.0132293701171875
0.110916137695313 0.05364990234375 0.202835083007813 0.0249786376953125
0.136024475097656 0.0165328979492187 0.6031494140625 0.0587158203125
0.052947998046875 -0.0357742309570313 0.75604248046875 0.1099853515625
-0.0342235565185547 -0.000677108764648435 0.783203125 0.30499267578125
-0.0307960510253906 0.0569343566894531 0.65936279296875 0.48309326171875
0.00364303588867188 0.0623092651367188 0.53173828125 0.473876953125
0.0500526428222656 0.06427001953125 0.294586181640625 0.2640380859375
0.0304126739501953 0.0343151092529297 0.0318317413330078 -0.0211277008056641
0.0326271057128906 0.0315322875976563 -0.25567626953125 -0.270217895507813
0.0252571105957031 0.04437255859375 -0.521820068359375 -0.378204345703125
-0.00716018676757813 0.0400962829589844 -0.75830078125 -0.25848388671875
-0.0372962951660156 0.00334548950195312 -0.818115234375 -0.0488281250000001
0.0192108154296875 -0.043182373046875 -0.7999267578125 -0.0361938476562499
0.105003356933594 -0.010894775390625 -0.564453125 0.04290771484375
0.11328125 0.0265884399414063 -0.171539306640625 -0.0102691650390625
0.125816345214844 0.05291748046875 0.2225341796875 0.023223876953125
0.145782470703125 0.0109710693359375 0.60101318359375 0.054931640625
0.0522956848144531 -0.0357475280761719 0.76409912109375 0.11822509765625
-0.0362091064453125 0.00517272949218751 0.8074951171875 0.296875
-0.0337944030761719 0.0654067993164063 0.6787109375 0.456298828125
0.00490951538085938 0.070037841796875 0.52679443359375 0.4410400390625
0.0551643371582031 0.0659027099609375 0.2724609375 0.239242553710937
0.0341835021972656 0.035552978515625 0.00810623168945313 -0.0366592407226563
0.0365371704101563 0.0374221801757813 -0.277099609375 -0.287567138671875
0.0214195251464844 0.0548133850097656 -0.53131103515625 -0.400634765625
-0.0134925842285156 0.0462722778320313 -0.7523193359375 -0.27801513671875
-0.0394134521484375 0.00214767456054687 -0.80792236328125 -0.06072998046875
0.0305862426757813 -0.0504531860351562 -0.7879638671875 -0.0408935546875001
0.125381469726563 -0.00684356689453125 -0.55426025390625 0.0362548828125001
0.133155822753906 0.042633056640625 -0.146392822265625 -0.00296020507812499
0.123085021972656 0.040374755859375 0.247634887695313 0.0202789306640625
0.135398864746094 0.0037078857421875 0.6058349609375 0.04766845703125
0.0463027954101563 -0.0303382873535156 0.78045654296875 0.11468505859375
-0.0352859497070313 0.0117111206054688 0.8377685546875 0.27154541015625
-0.028350830078125 0.0676231384277344 0.69537353515625 0.4197998046875
0.00643920898437501 0.066680908203125 0.521026611328125 0.40106201171875
0.0491981506347656 0.0598945617675781 0.253433227539063 0.216064453125
0.0280075073242187 0.0284442901611328 -0.0177192687988281 -0.0523414611816406
0.0312080383300781 0.0387840270996094 -0.2945556640625 -0.310943603515625
0.0127944946289063 0.0534515380859375 -0.53375244140625 -0.435272216796875
-0.0199966430664063 0.0454826354980469 -0.74505615234375 -0.31329345703125
-0.0405960083007813 -0.00393295288085938 -0.79400634765625 -0.08294677734375
0.0393791198730469 -0.0481338500976563 -0.77545166015625 -0.0453491210937502
0.136398315429687 0.00385284423828125 -0.545440673828125 0.0292968750000001
0.135887145996094 0.05413818359375 -0.125 0.00814056396484374
0.106941223144531 0.0236053466796875 0.266036987304688 0.016082763671875
0.114387512207031 -0.0002593994140625 0.6134033203125 0.03887939453125
0.0376968383789062 -0.0199356079101562 0.79931640625 0.09173583984375
-0.0250644683837891 0.0154953002929687 0.85809326171875 0.23248291015625
-0.021820068359375 0.0587692260742188 0.70452880859375 0.3721923828125
0.00475311279296875 0.0495681762695313 0.520050048828125 0.365875244140625
0.0387153625488281 0.0412940979003906 0.236953735351563 0.195831298828125
0.0218086242675781 0.0172519683837891 -0.03857421875 -0.0666160583496094
0.02197265625 0.0245571136474609 -0.307220458984375 -0.332855224609375
0.00873565673828125 0.0370559692382813 -0.5252685546875 -0.474945068359375
-0.022369384765625 0.033966064453125 -0.72381591796875 -0.358154296875
-0.0349903106689453 -0.00994682312011718 -0.77435302734375 -0.11175537109375
0.0442428588867188 -0.0402030944824219 -0.7646484375 -0.0567016601562502
0.125022888183594 0.0155410766601562 -0.53863525390625 0.0238647460937501
0.118896484375 0.0592041015625 -0.104499816894531 0.0217819213867187
-0.0536537170410156 -0.0304069519042969 0.177963256835937 0.015838623046875
-0.0389518737792969 0.0195465087890625 0.61810302734375 0.02667236328125
-0.0127296447753906 0.032318115234375 0.7642822265625 0.028564453125
-0.000978469848632813 0.0168828964233398 0.782470703125 0.21636962890625
0.00105094909667969 -0.0088043212890625 0.67010498046875 0.43182373046875
-0.0121688842773437 -0.046051025390625 0.559600830078125 0.44976806640625
-0.00897598266601563 -0.0245742797851562 0.3258056640625 0.284515380859375
-0.0245628356933594 -0.0336380004882813 0.0572128295898438 0.00605392456054687
-0.0198554992675781 -0.0478439331054688 -0.225250244140625 -0.253662109375
-0.0066986083984375 -0.0578651428222656 -0.49725341796875 -0.3914794921875
-0.00101470947265625 -0.046905517578125 -0.74444580078125 -0.294189453125
-0.0055389404296875 -0.0201301574707031 -0.82440185546875 -0.10235595703125
-0.0107908248901367 0.00999546051025391 -0.7979736328125 -0.078125
-0.0268898010253906 0.0255241394042969 -0.555908203125 0.0362243652343749
-0.0601654052734375 -0.00921630859375001 -0.195404052734375 -0.00292968750000003
-0.010157585144043 -0.00454521179199219 0.172286987304687 0.0161895751953125
0.0106821060180664 0.0170564651489258 0.61859130859375 0.041015625
0.0041036605834961 0.0115261077880859 0.76165771484375 0.0423583984375
-0.00910091400146484 0.0119237899780273 0.77056884765625 0.24114990234375
-0.00794887542724609 0.0104799270629883 0.65252685546875 0.4600830078125
-0.00664329528808594 -0.0181369781494141 0.5560302734375 0.48077392578125
0.009735107421875 0.000324249267578125 0.33038330078125 0.294769287109375
-0.00883865356445313 -0.0155000686645508 0.0654144287109375 0.0117378234863281
-0.00539207458496094 -0.0255279541015625 -0.219818115234375 -0.244369506835938
0.00226020812988282 -0.0296764373779297 -0.49493408203125 -0.3714599609375
-0.00196456909179687 -0.0224742889404297 -0.751953125 -0.2662353515625
-0.0133380889892578 -0.0136651992797852 -0.82647705078125 -0.0725708007812501
-0.00259733200073242 -0.00330281257629394 -0.8043212890625 -0.0628662109374999
0.00529670715332031 0.0157232284545898 -0.56756591796875 0.0431518554687499
-0.0141935348510742 -0.00150299072265625 -0.203369140625 -0.00828552246093747
0.0350513458251953 0.0262527465820313 0.172622680664063 0.0211029052734375
0.0621833801269531 0.0222663879394531 0.6141357421875 0.05059814453125
0.0241794586181641 -0.0096282958984375 0.7598876953125 0.06561279296875
-0.0212764739990234 0.00434494018554688 0.765625 0.264404296875
-0.0173130035400391 0.0275859832763672 0.65020751953125 0.47930908203125
-0.000839233398437501 0.0146303176879883 0.5494384765625 0.490081787109375
0.0300712585449219 0.0278701782226563 0.328826904296875 0.291412353515625
0.00998306274414063 0.00535774230957031 0.06170654296875 0.00532150268554688
0.0101184844970703 -0.00387382507324219 -0.225128173828125 -0.249053955078125
0.0111589431762695 -3.814697265625E-06 -0.501556396484375 -0.362457275390625
-0.00373983383178711 0.00192141532897949 -0.75360107421875 -0.24407958984375
-0.0236434936523438 -0.00553131103515625 -0.82733154296875 -0.0496826171875002
0.00112342834472656 -0.0186710357666016 -0.8094482421875 -0.0449218750000001
0.0420570373535156 0.0051727294921875 -0.57025146484375 0.048095703125
0.0347270965576172 0.00331306457519531 -0.203842163085938 -0.00874328613281254
0.077667236328125 0.046112060546875 0.186614990234375 0.0230255126953125
0.108207702636719 0.0215835571289063 0.61083984375 0.05096435546875
0.0414276123046875 -0.0245742797851562 0.75897216796875 0.0826416015625
-0.0284347534179688 -0.001556396484375 0.7730712890625 0.2847900390625
-0.0288581848144531 0.0433921813964844 0.6558837890625 0.4847412109375
0.0019989013671875 0.0433235168457031 0.5430908203125 0.486663818359375
0.0449256896972656 0.0496673583984375 0.313262939453125 0.28070068359375
0.0236186981201172 0.0206470489501953 0.0494003295898438 -0.00682449340820312
0.0250625610351563 0.0188636779785156 -0.241561889648437 -0.257980346679688
0.0199813842773438 0.0244827270507813 -0.51348876953125 -0.363494873046875
-0.00335502624511719 0.0240974426269531 -0.760009765625 -0.2408447265625
-0.029144287109375 0.00259208679199219 -0.82470703125 -0.0429077148437499
0.0094146728515625 -0.0328693389892578 -0.8072509765625 -0.0344848632812499
0.0743942260742188 -0.0081787109375 -0.5689697265625 0.0513916015625
0.0789260864257812 0.01336669921875 -0.19439697265625 -0.0115814208984375
0.109870910644531 0.0547866821289062 0.202987670898438 0.0221405029296875
0.138603210449219 0.0157470703125 0.60601806640625 0.05291748046875
0.0520401000976563 -0.0336532592773437 0.75909423828125 0.102294921875
-0.0346183776855469 0.000381469726562503 0.7882080078125 0.294921875
-0.0315284729003906 0.0580253601074219 0.66448974609375 0.4739990234375
0.00276565551757812 0.0640792846679688 0.537872314453125 0.467376708984375
0.0539169311523438 0.0625038146972656 0.298553466796875 0.2618408203125
0.0314235687255859 0.0319652557373047 0.0303192138671875 -0.0197391510009766
0.0345172882080078 0.0326805114746094 -0.260971069335937 -0.267715454101563
0.0248031616210937 0.0446739196777344 -0.52508544921875 -0.372955322265625
-0.0070648193359375 0.0423965454101562 -0.760986328125 -0.24957275390625
-0.0367355346679688 0.00605392456054687 -0.82135009765625 -0.0391845703125002
0.0189323425292969 -0.0414161682128906 -0.79925537109375 -0.02886962890625
0.1058349609375 -0.0114517211914063 -0.56207275390625 0.0486755371093751
0.115768432617187 0.0266876220703125 -0.171417236328125 -0.00964355468749997
0.124237060546875 0.0528945922851563 0.223159790039062 0.0203857421875
0.146026611328125 0.00634765625 0.6029052734375 0.04876708984375
0.0512466430664063 -0.0377197265625 0.76849365234375 0.1083984375
-0.0378913879394531 0.00716781616210938 0.81195068359375 0.287353515625
-0.0313873291015625 0.066680908203125 0.6820068359375 0.447998046875
0.00816345214843751 0.0716323852539063 0.53173828125 0.43487548828125
0.0572967529296875 0.0654258728027344 0.276885986328125 0.23455810546875
0.0339336395263672 0.0339527130126953 0.00481796264648437 -0.0376815795898438
0.0358200073242188 0.0394859313964844 -0.280303955078125 -0.286041259765625
0.0231132507324219 0.0534858703613281 -0.534576416015625 -0.3951416015625
-0.0135383605957031 0.047698974609375 -0.7579345703125 -0.2672119140625
-0.0383949279785156 0.00186157226562501 -0.8109130859375 -0.0502929687500001
0.0310707092285156 -0.0516166687011719 -0.78802490234375 -0.0314331054687499
0.126998901367188 -0.00824737548828125 -0.550048828125 0.0426635742187501
0.136207580566406 0.0388031005859375 -0.148483276367188 7.62939453124832E-05
0.123664855957031 0.0382003784179688 0.245758056640625 0.020111083984375
0.137153625488281 0.00148773193359375 0.60565185546875 0.0438232421875
0.044281005859375 -0.0297355651855469 0.783935546875 0.10284423828125
-0.0348281860351562 0.0126438140869141 0.8388671875 0.2606201171875
-0.0272941589355469 0.0682945251464844 0.6990966796875 0.41015625
0.00856399536132812 0.0646591186523437 0.528350830078125 0.39825439453125
0.0518150329589844 0.0565109252929688 0.254745483398438 0.212448120117187
0.0294647216796875 0.0306186676025391 -0.0178070068359375 -0.0524826049804688
0.0309028625488281 0.0371170043945313 -0.296722412109375 -0.304962158203125
0.0168838500976563 0.0527076721191406 -0.534881591796875 -0.430999755859375
-0.019317626953125 0.0458526611328125 -0.748779296875 -0.30419921875
-0.0390129089355469 -0.00479507446289063 -0.79302978515625 -0.07196044921875
0.0407142639160156 -0.0516014099121094 -0.777587890625 -0.0365600585937499
0.136367797851563 0.003662109375 -0.544342041015625 0.03631591796875
0.135749816894531 0.052734375 -0.124069213867187 0.00904083251953126
0.105354309082031 0.0268020629882813 0.266326904296875 0.013519287109375
0.113533020019531 -0.00136566162109375 0.61553955078125 0.02935791015625
0.0376167297363281 -0.0215606689453125 0.799560546875 0.08282470703125
-0.026123046875 0.0180320739746094 0.85870361328125 0.2237548828125
-0.0229568481445313 0.0586471557617188 0.70953369140625 0.36456298828125
0.0035552978515625 0.0494880676269531 0.521209716796875 0.359405517578125
0.0414161682128906 0.0419921875 0.236404418945313 0.194320678710938
0.0201358795166016 0.0187587738037109 -0.0412559509277344 -0.0644760131835937
0.0241508483886719 0.0266971588134766 -0.30999755859375 -0.330596923828125
0.00778961181640625 0.0381431579589844 -0.53143310546875 -0.468597412109375
-0.0211830139160156 0.0326118469238281 -0.72833251953125 -0.3497314453125
-0.0352706909179688 -0.009552001953125 -0.7781982421875 -0.101318359375
0.0447196960449219 -0.0413436889648438 -0.7686767578125 -0.04730224609375
0.125785827636719 0.0141983032226563 -0.53973388671875 0.0277404785156251
0.117454528808594 0.0582122802734375 -0.104766845703125 0.0252761840820313
-0.0550918579101562 -0.031402587890625 0.180572509765625 0.0142669677734375
-0.0380668640136719 0.0210075378417969 0.61920166015625 0.020751953125
-0.0106086730957031 0.0311489105224609 0.76702880859375 0.02056884765625
0.00287437438964844 0.0177555084228516 0.78546142578125 0.20806884765625
0.0006256103515625 -0.0104312896728516 0.67388916015625 0.4241943359375
-0.0113372802734375 -0.0492744445800781 0.5645751953125 0.44598388671875
-0.00857353210449219 -0.0245113372802734 0.328582763671875 0.278564453125
-0.0243988037109375 -0.0325107574462891 0.0535163879394531 0.00696563720703125
-0.0215263366699219 -0.0486869812011719 -0.22564697265625 -0.251022338867188
-0.0085601806640625 -0.0605239868164062 -0.4996337890625 -0.387359619140625
0.000717163085937496 -0.0451278686523438 -0.75054931640625 -0.28643798828125
-0.00419044494628906 -0.0209770202636719 -0.823486328125 -0.0922241210937501
-0.00986099243164063 0.0152759552001953 -0.79730224609375 -0.0731811523437499
-0.0270462036132812 0.0275821685791016 -0.555816650390625 0.041778564453125
-0.0562705993652344 -0.00714111328125001 -0.196151733398438 -0.00053405761718754
-0.0117435455322266 -0.00452136993408203 0.172637939453125 0.0157928466796875
0.00995826721191406 0.0190906524658203 0.6187744140625 0.0338134765625
0.00522804260253906 0.0108537673950195 0.763671875 0.035400390625
-0.0101346969604492 0.0130586624145508 0.77203369140625 0.23248291015625
-0.00832319259643555 0.00827360153198242 0.66168212890625 0.45220947265625
-0.00679206848144531 -0.0189800262451172 0.558685302734375 0.472320556640625
0.0119457244873047 0.00149631500244141 0.3330078125 0.291168212890625
-0.00797843933105469 -0.0151958465576172 0.0641517639160156 0.00711822509765625
-0.0056610107421875 -0.02392578125 -0.220901489257813 -0.24176025390625
-0.000425338745117189 -0.030517578125 -0.4969482421875 -0.366058349609375
-0.00195121765136719 -0.023895263671875 -0.75274658203125 -0.25604248046875
-0.0145950317382812 -0.0142326354980469 -0.82879638671875 -0.0643310546874999
-0.00255656242370605 -0.00146985054016113 -0.80487060546875 -0.0535888671874999
0.00609397888183594 0.0162925720214844 -0.56396484375 0.0479736328124999
-0.0153598785400391 -0.00134468078613281 -0.206832885742188 -0.00404357910156253
0.0355606079101563 0.0244331359863281 0.174407958984375 0.0190277099609375
0.0629005432128906 0.0187759399414063 0.61627197265625 0.04229736328125
0.0274085998535156 -0.00948524475097656 0.76373291015625 0.05462646484375
-0.0208454132080078 0.00579071044921875 0.7684326171875 0.2550048828125
-0.0174045562744141 0.0260791778564453 0.65460205078125 0.4713134765625
-0.00116157531738281 0.0128631591796875 0.5540771484375 0.4835205078125
0.0302944183349609 0.0265274047851562 0.328521728515625 0.28961181640625
0.00910472869873047 0.00502109527587891 0.0633735656738281 0.00555038452148437
0.00964069366455078 -0.00314903259277344 -0.228469848632813 -0.248016357421875
0.0124635696411133 -0.00264358520507813 -0.503326416015625 -0.356903076171875
-0.00400519371032715 0.00241827964782715 -0.75738525390625 -0.2386474609375
-0.0235862731933594 -0.00344467163085938 -0.8287353515625 -0.042236328125
0.00157546997070312 -0.0149812698364258 -0.8099365234375 -0.0360107421875001
0.0402908325195313 0.00163650512695313 -0.5732421875 0.0560302734375
0.0328788757324219 0.00391006469726563 -0.204986572265625 -0.00929260253906248
0.0781936645507813 0.0453414916992188 0.18743896484375 0.0199432373046875
0.109031677246094 0.0200881958007813 0.6094970703125 0.04766845703125
0.0430030822753906 -0.0242996215820313 0.75848388671875 0.07427978515625
-0.0287647247314453 -0.000165939331054684 0.77313232421875 0.27264404296875
-0.0267982482910156 0.0455131530761719 0.65899658203125 0.4791259765625
0.00343704223632812 0.0439224243164063 0.548004150390625 0.480316162109375
0.0462303161621094 0.0480728149414063 0.31842041015625 0.278900146484375
0.0233364105224609 0.0219001770019531 0.0500411987304688 -0.00492477416992187
0.0257511138916016 0.0168590545654297 -0.242706298828125 -0.250717163085937
0.0214786529541016 0.02349853515625 -0.51568603515625 -0.356414794921875
-0.00330352783203125 0.0239124298095703 -0.7608642578125 -0.234619140625
-0.0309009552001953 0.00349998474121094 -0.8271484375 -0.0288696289062501
0.00920295715332032 -0.0302276611328125 -0.80841064453125 -0.0234374999999998
0.0744781494140625 -0.0079498291015625 -0.571044921875 0.0562744140624999
0.076416015625 0.012298583984375 -0.194442749023438 -0.01153564453125
0.110298156738281 0.0553131103515625 0.204071044921875 0.0186920166015625
0.136398315429688 0.0130233764648438 0.60491943359375 0.0457763671875
0.0521049499511719 -0.0343589782714844 0.76171875 0.09326171875
-0.0344982147216797 0.00177383422851562 0.79058837890625 0.2838134765625
-0.0328559875488281 0.0588111877441406 0.671875 0.46649169921875
0.00625610351562501 0.0634574890136719 0.543243408203125 0.457305908203125
0.0555915832519531 0.0613746643066406 0.29949951171875 0.256072998046875
0.0340499877929688 0.032012939453125 0.0298786163330078 -0.0202541351318359
0.0335693359375 0.0327377319335938 -0.262359619140625 -0.265869140625
0.0259361267089844 0.044158935546875 -0.52899169921875 -0.366424560546875
-0.00554656982421875 0.0412254333496094 -0.76080322265625 -0.24169921875
-0.0376205444335937 0.00610733032226562 -0.8184814453125 -0.0291137695312499
0.017547607421875 -0.0442161560058594 -0.80096435546875 -0.0189819335937499
0.10418701171875 -0.0132369995117188 -0.56494140625 0.0541381835937501
0.114120483398437 0.0241165161132812 -0.173843383789063 -0.00743103027343746
0.124641418457031 0.0506057739257813 0.22528076171875 0.0190887451171875
0.146224975585938 0.003875732421875 0.602783203125 0.04193115234375
0.0498695373535156 -0.0361976623535156 0.7691650390625 0.10125732421875
-0.0363578796386719 0.00564956665039063 0.81640625 0.2796630859375
-0.0298843383789063 0.067840576171875 0.68670654296875 0.4388427734375
0.00726318359375 0.0711669921875 0.5362548828125 0.430694580078125
0.0572357177734375 0.0638542175292969 0.278228759765625 0.2332763671875
0.0366477966308594 0.0340843200683594 0.00621414184570313 -0.03704833984375
0.0360794067382812 0.0388679504394531 -0.28326416015625 -0.282073974609375
0.0220375061035156 0.0517425537109375 -0.53704833984375 -0.3890380859375
-0.012298583984375 0.0497474670410156 -0.76055908203125 -0.2596435546875
-0.0410423278808594 0.00177383422851562 -0.80865478515625 -0.04150390625
0.0293693542480469 -0.0489540100097656 -0.7890625 -0.0213012695312499
0.127639770507813 -0.00896453857421875 -0.552764892578125 0.049652099609375
0.134529113769531 0.0367050170898438 -0.14654541015625 0.000732421874999996
0.123458862304688 0.0396347045898438 0.246475219726562 0.0162811279296875
0.137794494628906 -0.0036773681640625 0.60662841796875 0.03466796875
0.045135498046875 -0.0320701599121094 0.78533935546875 0.0950927734375
-0.0334091186523438 0.0136947631835938 0.84368896484375 0.25030517578125
-0.0266990661621094 0.0678024291992188 0.701416015625 0.40289306640625
0.00878143310546875 0.0647850036621094 0.53070068359375 0.391021728515625
0.05230712890625 0.0578689575195313 0.258651733398438 0.2100830078125
0.0327053070068359 0.0316410064697266 -0.0191612243652344 -0.0521240234375
0.0317459106445313 0.0366287231445313 -0.300201416015625 -0.302398681640625
0.0166893005371094 0.0513839721679687 -0.541748046875 -0.42291259765625
-0.0177650451660156 0.0457267761230469 -0.75091552734375 -0.29534912109375
-0.0415153503417969 -0.00560379028320312 -0.79541015625 -0.0628051757812502
0.0398368835449219 -0.0512771606445312 -0.77801513671875 -0.0301513671874999
0.138221740722656 -0.00089263916015625 -0.543060302734375 0.042816162109375
0.136505126953125 0.050994873046875 -0.12567138671875 0.010467529296875
0.103836059570313 0.025115966796875 0.26812744140625 0.01226806640625
0.112632751464844 -0.00506591796875 0.61358642578125 0.022216796875
0.0367393493652344 -0.0215492248535156 0.8033447265625 0.0731201171875
-0.0262889862060547 0.0169677734375 0.86279296875 0.21142578125
-0.0207786560058594 0.0579719543457031 0.71343994140625 0.356689453125
0.00673675537109375 0.0504188537597656 0.52667236328125 0.35400390625
0.0416984558105469 0.0407218933105469 0.23956298828125 0.1925048828125
0.021575927734375 0.0162410736083984 -0.0388145446777344 -0.0642776489257813
0.0225887298583984 0.0251922607421875 -0.311248779296875 -0.3253173828125
0.00809478759765625 0.0384941101074219 -0.5361328125 -0.46343994140625
-0.0197181701660156 0.0338401794433594 -0.732666015625 -0.34185791015625
-0.0344657897949219 -0.00832557678222656 -0.7781982421875 -0.09307861328125
0.0447044372558594 -0.0410575866699219 -0.7685546875 -0.0373535156249999
0.12921142578125 0.0101242065429688 -0.53900146484375 0.0336303710937499
0.119186401367188 0.05694580078125 -0.104522705078125 0.0240249633789063
-0.0551223754882812 -0.0280075073242188 0.180801391601563 0.011138916015625
-0.0373001098632813 0.0182723999023437 0.61822509765625 0.01336669921875
-0.0115470886230469 0.0323619842529297 0.76678466796875 0.0115966796875
0.00166702270507812 0.0184116363525391 0.78643798828125 0.1983642578125
-0.00168228149414063 -0.0103216171264648 0.67828369140625 0.4129638671875
-0.0118789672851562 -0.0469131469726563 0.56732177734375 0.43707275390625
-0.00635719299316406 -0.0241031646728516 0.3314208984375 0.275726318359375
-0.0222969055175781 -0.0347023010253906 0.056396484375 0.00575637817382812
-0.0209884643554688 -0.0473403930664063 -0.229537963867187 -0.248748779296875
-0.00927352905273438 -0.0578155517578125 -0.501983642578125 -0.379669189453125
-0.000976562499999999 -0.0476341247558594 -0.75103759765625 -0.2755126953125
-0.00528335571289063 -0.0197486877441406 -0.825927734375 -0.08355712890625
-0.0109825134277344 0.0137805938720703 -0.79742431640625 -0.0610961914062501
-0.0272617340087891 0.02716064453125 -0.557281494140625 0.0494079589843749
-0.0564613342285156 -0.00881958007812501 -0.195083618164063 0.00141906738281252
-0.0132331848144531 -0.00230884552001953 0.1697998046875 0.0142974853515625
0.0114583969116211 0.0175561904907227 0.61883544921875 0.0252685546875
0.00519084930419922 0.0114269256591797 0.761474609375 0.02691650390625
-0.0108232498168945 0.0144405364990234 0.77484130859375 0.222412109375
-0.00776481628417969 0.00937080383300781 0.66314697265625 0.4439697265625
-0.00519943237304688 -0.0182571411132813 0.56243896484375 0.4654541015625
0.013214111328125 -0.00124454498291016 0.33709716796875 0.285247802734375
-0.00618839263916016 -0.015559196472168 0.0648880004882813 0.0105361938476562
-0.00670051574707031 -0.026397705078125 -0.22442626953125 -0.243057250976563
0.00037574768066406 -0.0287895202636719 -0.500152587890625 -0.362213134765625
-0.00223350524902344 -0.0241603851318359 -0.75384521484375 -0.2489013671875
-0.01318359375 -0.0129499435424805 -0.827880859375 -0.0559082031250001
-0.00238370895385742 -0.00206947326660156 -0.80511474609375 -0.0440063476562499
0.00650978088378906 0.0171365737915039 -0.56524658203125 0.0564575195312501
-0.0179462432861328 -0.00290298461914062 -0.206939697265625 -0.00294494628906251
0.0363731384277344 0.0261421203613281 0.174789428710937 0.01544189453125
0.0648765563964844 0.0204620361328125 0.61663818359375 0.03607177734375
0.0249710083007812 -0.00869369506835937 0.759765625 0.0443115234375
-0.0198040008544922 0.00536537170410156 0.76947021484375 0.245849609375
-0.01702880859375 0.0279560089111328 0.659912109375 0.46337890625
-0.00197887420654297 0.0146598815917969 0.558502197265625 0.479034423828125
0.0321102142333984 0.0265159606933594 0.333160400390625 0.2840576171875
0.0111970901489258 0.00572299957275391 0.0615959167480469 0.00479507446289063
0.011408805847168 -0.00469970703125 -0.228118896484375 -0.243484497070313
0.0123758316040039 -0.00058746337890625 -0.507354736328125 -0.35101318359375
-0.00262022018432617 0.00292491912841797 -0.75823974609375 -0.231201171875
-0.0250473022460938 -0.00461769104003906 -0.82733154296875 -0.0314941406250001
0.000599861145019531 -0.0171871185302734 -0.8089599609375 -0.0244750976562498
0.0415725708007813 0.00153732299804688 -0.5694580078125 0.0611572265625
0.0344676971435547 0.00272178649902344 -0.204177856445313 -0.00621032714843752
0.0796890258789063 0.046417236328125 0.185714721679688 0.0181121826171875
0.108627319335938 0.0178146362304688 0.6092529296875 0.039794921875
0.0435142517089844 -0.0262374877929688 0.75927734375 0.06695556640625
-0.0305042266845703 -0.000558853149414056 0.7763671875 0.2659912109375
-0.0277366638183594 0.0454063415527344 0.66094970703125 0.46929931640625
0.00232315063476562 0.0430870056152344 0.551422119140625 0.47412109375
0.0461158752441406 0.0454483032226563 0.321014404296875 0.273956298828125
0.0238494873046875 0.0196132659912109 0.0505332946777344 -0.00329971313476562
0.0262336730957031 0.0169544219970703 -0.24566650390625 -0.248748779296875
0.0215282440185547 0.0234203338623047 -0.51837158203125 -0.351104736328125
-0.00296211242675781 0.0242462158203125 -0.76287841796875 -0.2266845703125
-0.0311985015869141 0.00373268127441406 -0.82391357421875 -0.0191650390624999
0.00893402099609375 -0.0319862365722656 -0.80987548828125 -0.0148315429687501
0.0734481811523438 -0.00998687744140625 -0.56805419921875 0.06134033203125
0.0778045654296875 0.0101242065429687 -0.193374633789063 -0.00723266601562501
0.109298706054687 0.0554962158203125 0.20318603515625 0.0151214599609375
0.136245727539063 0.0130462646484375 0.6036376953125 0.03924560546875
0.0497322082519531 -0.0347938537597656 0.76043701171875 0.0819091796875
-0.0345039367675781 0.00139808654785157 0.79400634765625 0.27545166015625
-0.0310020446777344 0.0578689575195313 0.67572021484375 0.45782470703125
0.00574111938476562 0.0642051696777344 0.5439453125 0.455474853515625
0.0579185485839844 0.0597267150878906 0.302001953125 0.25274658203125
0.0335235595703125 0.0329551696777344 0.03033447265625 -0.0183658599853516
0.0350532531738281 0.030029296875 -0.262435913085938 -0.262420654296875
0.0273208618164063 0.0415382385253906 -0.530059814453125 -0.3607177734375
-0.00408172607421875 0.0414199829101563 -0.76287841796875 -0.2303466796875
-0.0365676879882813 0.00749969482421876 -0.817138671875 -0.0217285156250002
0.0178871154785156 -0.0427474975585938 -0.8006591796875 -0.00964355468749992
0.106170654296875 -0.0152740478515625 -0.561981201171875 0.0591125488281251
0.115371704101562 0.02301025390625 -0.17242431640625 -0.00624084472656252
0.125106811523438 0.0519180297851563 0.224029541015625 0.016265869140625
0.147552490234375 0.002166748046875 0.601806640625 0.03704833984375
0.0509376525878906 -0.03826904296875 0.7703857421875 0.09149169921875
-0.0372505187988281 0.00639724731445313 0.8192138671875 0.2679443359375
-0.0284461975097656 0.06817626953125 0.689453125 0.43157958984375
0.00774765014648438 0.0699462890625 0.539215087890625 0.42266845703125
0.0588150024414063 0.0614280700683594 0.280654907226563 0.228775024414063
0.035308837890625 0.0332908630371094 0.00492477416992188 -0.0362434387207031
0.0366554260253906 0.0386619567871094 -0.283905029296875 -0.27532958984375
0.0233421325683594 0.0550765991210938 -0.5396728515625 -0.383209228515625
-0.0111236572265625 0.0485153198242188 -0.7620849609375 -0.25152587890625
-0.0388336181640625 0.00251388549804688 -0.8067626953125 -0.0319213867187501
0.0297088623046875 -0.0515937805175781 -0.7890625 -0.0103759765625
0.127494812011719 -0.0122146606445313 -0.552398681640625 0.052947998046875
0.134521484375 0.0383758544921875 -0.14935302734375 0.00271606445312502
0.123908996582031 0.0399169921875 0.246963500976563 0.013458251953125
0.135955810546875 -0.0041961669921875 0.60601806640625 0.0283203125
0.0453071594238281 -0.0339698791503906 0.78631591796875 0.08172607421875
-0.033477783203125 0.01361083984375 0.84466552734375 0.24224853515625
-0.0254173278808594 0.0666160583496094 0.7049560546875 0.39349365234375
0.0091094970703125 0.0647621154785156 0.535736083984375 0.38323974609375
0.0550422668457031 0.0542335510253906 0.25799560546875 0.20550537109375
0.0334701538085938 0.0289382934570313 -0.0206184387207031 -0.0509262084960938
0.0331535339355469 0.0371131896972656 -0.30029296875 -0.29693603515625
0.0188255310058594 0.0518836975097656 -0.545013427734375 -0.415924072265625
-0.0156097412109375 0.0460052490234375 -0.75262451171875 -0.2874755859375
-0.0384101867675781 -0.00436401367187499 -0.79437255859375 -0.05450439453125
0.039581298828125 -0.0501708984375 -0.77972412109375 -0.0223388671874999
0.1370849609375 -0.001922607421875 -0.542877197265625 0.0468749999999999
0.133712768554688 0.0519180297851563 -0.124122619628906 0.0122299194335938
0.106979370117188 0.023681640625 0.267364501953125 0.0094757080078125
0.113594055175781 -0.00545501708984375 0.61474609375 0.01507568359375
0.0379371643066406 -0.0235443115234375 0.802490234375 0.0645751953125
-0.0258197784423828 0.0173778533935547 0.86419677734375 0.203369140625
-0.0185585021972656 0.0580406188964844 0.7171630859375 0.34912109375
0.00821685791015625 0.0498161315917969 0.53045654296875 0.348785400390625
0.0433998107910156 0.0390548706054688 0.240951538085938 0.187789916992188
0.0230026245117188 0.0176753997802734 -0.041473388671875 -0.0631217956542969
0.0231170654296875 0.0249004364013672 -0.3123779296875 -0.3209228515625
0.00884628295898438 0.0374336242675781 -0.5386962890625 -0.455596923828125
-0.0192127227783203 0.0329723358154297 -0.73126220703125 -0.33331298828125
-0.0362167358398438 -0.00875473022460938 -0.77838134765625 -0.0841674804687501
0.0416221618652344 -0.0422935485839844 -0.7689208984375 -0.0313110351562499
0.126487731933594 0.0102157592773438 -0.53887939453125 0.03875732421875
0.120254516601563 0.0551071166992188 -0.106575012207031 0.02655029296875
-0.0581245422363281 -0.0274772644042969 0.177581787109375 0.0105133056640625
-0.0370140075683594 0.0170516967773437 0.61553955078125 0.0069580078125
-0.00938034057617188 0.0314922332763672 0.76568603515625 0.001953125
9.15527343750002E-05 0.0179557800292969 0.78790283203125 0.18560791015625
-0.000661849975585938 -0.00934410095214844 0.68096923828125 0.40509033203125
-0.0115242004394531 -0.0474205017089844 0.56988525390625 0.4310302734375
-0.00628280639648437 -0.0263652801513672 0.334228515625 0.270263671875
-0.0222301483154297 -0.0333347320556641 0.0554275512695313 0.00625991821289062
-0.0198898315429688 -0.0464401245117188 -0.229522705078125 -0.245742797851563
-0.00867080688476562 -0.0578231811523438 -0.501129150390625 -0.373016357421875
-0.0016021728515625 -0.04852294921875 -0.7537841796875 -0.26788330078125
-0.00311279296875 -0.0190639495849609 -0.822998046875 -0.0736083984375001
-0.00883293151855469 0.0166234970092773 -0.7982177734375 -0.0544433593750001
-0.0262680053710938 0.028289794921875 -0.553314208984375 0.050750732421875
-0.0576095581054688 -0.0088348388671875 -0.194244384765625 0.00254821777343749
-0.0114030838012695 -0.00194168090820313 0.170394897460938 0.0126800537109375
0.00917530059814453 0.0175580978393555 0.6173095703125 0.01971435546875
0.00482082366943359 0.0113334655761719 0.7637939453125 0.015625
-0.00909614562988281 0.0140714645385742 0.77508544921875 0.2120361328125
-0.00670194625854492 0.00709199905395508 0.666015625 0.435546875
-0.00439929962158203 -0.0167388916015625 0.56610107421875 0.45867919921875
0.0135536193847656 -0.00234603881835938 0.336639404296875 0.28253173828125
-0.00778770446777344 -0.0133657455444336 0.0639915466308594 0.00818252563476563
-0.00487518310546875 -0.0237960815429688 -0.224212646484375 -0.24151611328125
-0.000953674316406253 -0.0322532653808594 -0.50299072265625 -0.354644775390625
-0.0027923583984375 -0.020965576171875 -0.75421142578125 -0.238037109375
-0.0147695541381836 -0.0134716033935547 -0.8258056640625 -0.0467529296874998
-0.00499105453491211 -0.00250005722045899 -0.80609130859375 -0.0313110351562501
0.00879573822021484 0.015294075012207 -0.56610107421875 0.0616455078125001
-0.0163259506225586 -0.00233268737792969 -0.207077026367188 0.000656127929687522
0.0343341827392578 0.0256423950195313 0.1741943359375 0.0164031982421875
0.0641708374023437 0.0175094604492188 0.6142578125 0.02960205078125
0.0242023468017578 -0.00831222534179688 0.7615966796875 0.0367431640625
-0.0212287902832031 0.00540542602539062 0.77227783203125 0.23828125
-0.0173130035400391 0.0269680023193359 0.66180419921875 0.45721435546875
-0.00101947784423828 0.0130805969238281 0.56182861328125 0.47161865234375
0.0318489074707031 0.0239753723144531 0.3350830078125 0.280548095703125
0.010955810546875 0.00179290771484375 0.0630226135253906 0.00458526611328125
0.0126686096191406 -0.00310420989990234 -0.23114013671875 -0.23846435546875
0.0116662979125977 -0.00126457214355469 -0.5078125 -0.34503173828125
-0.00311470031738281 0.00190854072570801 -0.7608642578125 -0.221435546875
-0.0225276947021484 -0.0031585693359375 -0.827880859375 -0.0244140624999999
0.00196075439453125 -0.0157794952392578 -0.80926513671875 -0.016357421875
0.0406570434570312 0.00019073486328125 -0.57073974609375 0.0656738281249999
0.0324001312255859 0.00186920166015625 -0.203720092773438 -0.005279541015625
0.0808944702148438 0.0466766357421875 0.185043334960938 0.0153045654296875
0.108322143554688 0.0183563232421875 0.60821533203125 0.034423828125
0.0418891906738281 -0.0265312194824219 0.75994873046875 0.05670166015625
-0.0268058776855469 0.00227165222167968 0.77972412109375 0.25640869140625
-0.0256080627441406 0.0418510437011719 0.66741943359375 0.46002197265625
0.00523757934570313 0.0415191650390625 0.5562744140625 0.467315673828125
0.0485305786132813 0.0455703735351563 0.32269287109375 0.27099609375
0.0267219543457031 0.0190410614013672 0.0496978759765625 -0.00397491455078125
0.0241470336914063 0.0152187347412109 -0.244522094726562 -0.247222900390625
0.0222282409667969 0.0216064453125 -0.51959228515625 -0.343719482421875
-0.00107002258300781 0.0262336730957031 -0.76348876953125 -0.21514892578125
-0.0294475555419922 0.0050811767578125 -0.82537841796875 -0.0109863281250001
0.00801277160644531 -0.0291328430175781 -0.80670166015625 -0.00708007812500003
0.0739669799804688 -0.011932373046875 -0.56903076171875 0.0665893554687501
0.078125 0.00946044921875 -0.19281005859375 -0.00576782226562497
0.108177185058594 0.053924560546875 0.201889038085938 0.0157928466796875
0.138282775878906 0.010894775390625 0.60321044921875 0.03326416015625
0.0513114929199219 -0.0357780456542969 0.7607421875 0.0738525390625
-0.03546142578125 0.00127410888671875 0.79449462890625 0.26385498046875
-0.0305824279785156 0.0581741333007812 0.6807861328125 0.4481201171875
0.00754165649414063 0.0629692077636719 0.5474853515625 0.4476318359375
0.0580062866210938 0.059326171875 0.30621337890625 0.252197265625
0.035797119140625 0.030242919921875 0.0303974151611328 -0.0218315124511719
0.0353317260742188 0.0313949584960938 -0.264312744140625 -0.257888793945313
0.0272712707519531 0.0415191650390625 -0.531524658203125 -0.3564453125
-0.00514602661132813 0.0413055419921875 -0.7645263671875 -0.22235107421875
-0.0372238159179688 0.0070953369140625 -0.81573486328125 -0.0106201171874999
0.0177993774414063 -0.0429954528808594 -0.7996826171875 -0.00122070312499997
0.10626220703125 -0.0181503295898438 -0.559906005859375 0.0644531249999999
0.113288879394531 0.0220489501953125 -0.17193603515625 -0.00520324707031247
0.126495361328125 0.0518798828125 0.22296142578125 0.0134429931640625
0.148483276367188 0.0028533935546875 0.60076904296875 0.030029296875
0.0484428405761719 -0.0383033752441406 0.770263671875 0.0814208984375
-0.0361900329589844 0.00697326660156251 0.81915283203125 0.25732421875
-0.0296554565429687 0.0657920837402344 0.69183349609375 0.4234619140625
0.0101852416992188 0.0695648193359375 0.542388916015625 0.415557861328125
0.05999755859375 0.0597343444824219 0.28448486328125 0.227783203125
0.036956787109375 0.0336570739746094 0.00426101684570313 -0.0361557006835938
0.0378570556640625 0.038177490234375 -0.286224365234375 -0.274871826171875
0.0263748168945312 0.0536575317382812 -0.542816162109375 -0.377288818359375
-0.011505126953125 0.0480728149414063 -0.76385498046875 -0.24591064453125
-0.0400810241699219 0.00360870361328126 -0.80743408203125 -0.02349853515625
0.0277175903320312 -0.0506629943847656 -0.79132080078125 -0.00103759765625013
0.125236511230469 -0.0142593383789063 -0.5499267578125 0.0581665039062501
0.133148193359375 0.0351333618164063 -0.147415161132813 0.00241088867187502
0.123527526855469 0.0369720458984375 0.246978759765625 0.0107421875
0.136543273925781 -0.00563812255859375 0.60394287109375 0.02020263671875
0.0452499389648438 -0.0347938537597656 0.78533935546875 0.0748291015625
-0.0334892272949219 0.0141754150390625 0.84442138671875 0.23193359375
-0.0234947204589844 0.0688323974609375 0.7056884765625 0.3834228515625
0.0120162963867188 0.0634651184082031 0.53863525390625 0.378936767578125
0.0550079345703125 0.0535736083984375 0.261398315429687 0.201919555664062
0.0331058502197266 0.0267620086669922 -0.0199317932128906 -0.0503578186035156
0.0326271057128906 0.036376953125 -0.3043212890625 -0.29608154296875
0.0184555053710938 0.0527610778808594 -0.54351806640625 -0.4114990234375
-0.0197181701660156 0.0433425903320313 -0.75164794921875 -0.27960205078125
-0.03961181640625 -0.00245285034179688 -0.793701171875 -0.0440063476562501
0.037567138671875 -0.05230712890625 -0.7760009765625 -0.0103759765624999
0.137763977050781 -0.00371551513671875 -0.541717529296875 0.050750732421875
0.136398315429688 0.0490951538085938 -0.125312805175781 0.012664794921875
0.104988098144531 0.0238113403320313 0.265335083007813 0.0084991455078125
0.114120483398438 -0.00494384765625 0.61053466796875 0.00799560546875
0.0354499816894531 -0.0230216979980469 0.80303955078125 0.05316162109375
-0.0271453857421875 0.0178337097167969 0.86334228515625 0.19207763671875
-0.017669677734375 0.0574188232421875 0.71820068359375 0.3397216796875
0.00658416748046875 0.0478973388671875 0.529266357421875 0.34027099609375
0.0439567565917969 0.0370445251464844 0.242706298828125 0.185882568359375
0.0234813690185547 0.0177555084228516 -0.0415992736816406 -0.0623664855957031
0.0234317779541016 0.0241622924804688 -0.316497802734375 -0.315765380859375
0.0105094909667969 0.0360336303710938 -0.541168212890625 -0.451934814453125
-0.0214004516601562 0.0345001220703125 -0.73699951171875 -0.3253173828125
-0.03253173828125 -0.00984001159667969 -0.7762451171875 -0.0759887695312501
0.0410346984863281 -0.0393829345703125 -0.76739501953125 -0.02532958984375
0.126060485839844 0.00724029541015625 -0.53680419921875 0.0440979003906249
0.119209289550781 0.0537033081054688 -0.106056213378906 0.0272674560546875
-0.0570449829101563 -0.0284461975097656 0.175460815429688 0.0085296630859375
-0.0383682250976563 0.0173301696777344 0.61602783203125 0.000122070312500001
-0.0100822448730469 0.0325736999511719 0.7647705078125 -0.00555419921875
0.00268173217773437 0.0192985534667969 0.78961181640625 0.179443359375
0.00268268585205078 -0.00994968414306641 0.680908203125 0.3973388671875
-0.0113410949707031 -0.0474929809570313 0.57208251953125 0.42498779296875
-0.00490379333496094 -0.0257549285888672 0.33685302734375 0.266021728515625
-0.0216712951660156 -0.0321941375732422 0.0557937622070312 0.00484848022460937
-0.0224609375 -0.046142578125 -0.230682373046875 -0.24212646484375
-0.0123443603515625 -0.0596160888671875 -0.502471923828125 -0.368133544921875
-0.00102996826171875 -0.0475311279296875 -0.75262451171875 -0.257568359375
-0.00370407104492187 -0.0198974609375 -0.82147216796875 -0.0677490234375001
-0.00961112976074219 0.0164651870727539 -0.7989501953125 -0.0462036132812502
-0.0287246704101563 0.0274581909179688 -0.5533447265625 0.0545959472656249
-0.05902099609375 -0.00845718383789061 -0.194412231445313 0.00437927246093749
-0.0112676620483398 -0.00204181671142578 0.169036865234375 0.009063720703125
0.00892543792724609 0.0159225463867188 0.6163330078125 0.0147705078125
0.00457382202148438 0.0115928649902344 0.7623291015625 0.00701904296875
-0.00855541229248047 0.0140151977539063 0.77362060546875 0.20208740234375
-0.00625038146972656 0.009521484375 0.67144775390625 0.42926025390625
-0.00613594055175782 -0.0187225341796875 0.5694580078125 0.4517822265625
0.0136699676513672 -0.00199127197265625 0.339874267578125 0.275909423828125
-0.00518608093261719 -0.014622688293457 0.0651435852050781 0.00844573974609375
-0.00569534301757812 -0.0253887176513672 -0.2265625 -0.236724853515625
0.00199317932128907 -0.030303955078125 -0.50140380859375 -0.34765625
-0.00282096862792969 -0.0249691009521484 -0.7567138671875 -0.2325439453125
-0.0140924453735352 -0.013392448425293 -0.8245849609375 -0.0380859375000001
-0.00420737266540527 -0.00126504898071289 -0.8048095703125 -0.0256958007812499
0.00779056549072266 0.0144023895263672 -0.561767578125 0.06536865234375
-0.0162944793701172 -0.0026235580444336 -0.204727172851563 -7.62939453125185E-05
0.0334205627441406 0.0263710021972656 0.172760009765625 0.0142974853515625
0.064239501953125 0.0158729553222656 0.61236572265625 0.02593994140625
0.0245914459228516 -0.00806236267089844 0.75836181640625 0.0296630859375
-0.02044677734375 0.00810050964355469 0.76947021484375 0.229248046875
-0.016571044921875 0.0255241394042969 0.66424560546875 0.44525146484375
0.000975608825683595 0.0140533447265625 0.5645751953125 0.46356201171875
0.0348701477050781 0.0217800140380859 0.335723876953125 0.277923583984375
0.0117197036743164 0.00389480590820313 0.0616302490234375 0.00331497192382813
0.0118551254272461 -0.00330257415771484 -0.230697631835938 -0.237396240234375
0.0130062103271484 -0.00221157073974609 -0.509429931640625 -0.337371826171875
-0.00154030323028564 -0.000229001045227051 -0.75714111328125 -0.21087646484375
-0.0233879089355469 -0.00338172912597657 -0.82696533203125 -0.01739501953125
-0.000445365905761717 -0.0147056579589844 -0.8067626953125 -0.00701904296875014
0.0399131774902344 0.00109100341796875 -0.566162109375 0.0720214843750001
0.0304737091064453 0.00265121459960937 -0.204788208007813 -0.00184631347656248
0.0779953002929688 0.0464706420898438 0.184860229492188 0.015655517578125
0.109161376953125 0.0156173706054688 0.60809326171875 0.02655029296875
0.0439338684082031 -0.0254974365234375 0.7568359375 0.0472412109375
-0.0273685455322266 0.000185012817382817 0.77947998046875 0.2474365234375
-0.0243682861328125 0.0430335998535156 0.66876220703125 0.4510498046875
0.00522613525390625 0.0417671203613281 0.558502197265625 0.459259033203125
0.051361083984375 0.0432510375976562 0.32501220703125 0.268402099609375
0.0276775360107422 0.0197162628173828 0.0527229309082031 -0.00462722778320312
0.0261821746826172 0.015380859375 -0.244354248046875 -0.243026733398438
0.0223178863525391 0.0240039825439453 -0.520721435546875 -0.3369140625
-0.000312805175781248 0.0249958038330078 -0.76116943359375 -0.20751953125
-0.0313625335693359 0.00510597229003906 -0.82159423828125 -0.00451660156250014
0.00849723815917969 -0.0299224853515625 -0.80718994140625 0.00280761718749982
0.0756988525390625 -0.011962890625 -0.567138671875 0.0711669921874999
0.0784378051757813 0.0081634521484375 -0.19219970703125 -0.00299072265624999
0.108375549316406 0.0536422729492188 0.201522827148437 0.01300048828125
0.137794494628906 0.00930023193359375 0.60174560546875 0.02740478515625
0.0510330200195313 -0.036468505859375 0.7589111328125 0.06781005859375
-0.0350723266601563 0.00369834899902344 0.79302978515625 0.25494384765625
-0.0283393859863281 0.0575332641601563 0.679931640625 0.44207763671875
0.00943756103515625 0.062744140625 0.55047607421875 0.441619873046875
0.0592994689941406 0.0558624267578125 0.305328369140625 0.245330810546875
0.0373191833496094 0.0305862426757813 0.0307941436767578 -0.0186862945556641
0.0360488891601563 0.0289344787597656 -0.265121459960937 -0.254669189453125
0.0283126831054688 0.04168701171875 -0.531585693359375 -0.349029541015625
-0.00361251831054687 0.0409278869628906 -0.7657470703125 -0.21380615234375
-0.0351161956787109 0.00798034667968749 -0.81610107421875 -0.0023193359374999
0.0172767639160156 -0.0423507690429688 -0.79632568359375 0.00616455078125015
0.104766845703125 -0.0186767578125 -0.5599365234375 0.068450927734375
0.112152099609375 0.02178955078125 -0.173049926757813 -0.00399780273437501
0.126449584960938 0.0520553588867188 0.221481323242187 0.01141357421875
0.14520263671875 -0.00030517578125 0.59979248046875 0.0247802734375
0.0495719909667969 -0.0408554077148438 0.7703857421875 0.072509765625
-0.0369758605957031 0.00791549682617188 0.81787109375 0.247802734375
-0.0281639099121094 0.0661201477050781 0.6934814453125 0.41461181640625
0.0113029479980469 0.0690727233886719 0.543670654296875 0.40948486328125
0.0622825622558594 0.0593719482421875 0.283111572265625 0.2220458984375
0.0387802124023438 0.0319671630859375 0.00556945800781251 -0.0356483459472656
0.0389823913574219 0.0355491638183594 -0.286712646484375 -0.26934814453125
0.0264434814453125 0.0538291931152344 -0.543212890625 -0.371551513671875
-0.0112876892089844 0.0486373901367188 -0.76226806640625 -0.2349853515625
-0.0393600463867188 0.00161743164062499 -0.80517578125 -0.014404296875
0.0263633728027344 -0.0503120422363281 -0.7855224609375 0.00366210937499989
0.128326416015625 -0.0164566040039063 -0.549285888671875 0.0632324218750001
0.135589599609375 0.03533935546875 -0.147354125976563 0.00306701660156252
0.122802734375 0.0380172729492188 0.244049072265625 0.0097808837890625
0.135879516601563 -0.0081329345703125 0.6025390625 0.01715087890625
0.0429153442382813 -0.0344467163085938 0.78564453125 0.06781005859375
-0.0306892395019531 0.0151748657226562 0.84271240234375 0.22088623046875
-0.022705078125 0.0675277709960938 0.70947265625 0.37396240234375
0.0127906799316406 0.0631332397460938 0.53912353515625 0.372833251953125
0.0565872192382812 0.0509300231933594 0.260391235351563 0.199188232421875
0.0357856750488281 0.0271072387695313 -0.019287109375 -0.0494041442871094
0.0346641540527344 0.0348072052001953 -0.306549072265625 -0.291656494140625
0.0193214416503906 0.0513992309570313 -0.548858642578125 -0.40460205078125
-0.0157241821289062 0.046234130859375 -0.754638671875 -0.2706298828125
-0.0397377014160156 -0.00331878662109375 -0.79156494140625 -0.0373535156250001
0.0386581420898438 -0.0512886047363281 -0.777099609375 -0.00354003906250005
0.139671325683594 -0.00577545166015625 -0.541717529296875 0.0567932128906249
0.134231567382813 0.0481109619140625 -0.124977111816406 0.0158920288085937
0.103965759277344 0.0221710205078125 0.263351440429688 0.005950927734375
0.112213134765625 -0.00868988037109375 0.6087646484375 0.00482177734375
0.0360450744628906 -0.0254173278808594 0.79998779296875 0.0478515625
-0.0252189636230469 0.0184993743896484 0.86346435546875 0.182861328125
-0.0176734924316406 0.0574226379394531 0.7197265625 0.3306884765625
0.00966262817382813 0.04852294921875 0.53265380859375 0.336578369140625
0.0465660095214844 0.0353050231933594 0.2423095703125 0.1815185546875
0.0238189697265625 0.0172595977783203 -0.0428466796875 -0.0598564147949219
0.0246810913085938 0.0241889953613281 -0.31756591796875 -0.3106689453125
0.0120162963867187 0.0368385314941406 -0.54376220703125 -0.444427490234375
-0.0192451477050781 0.0333480834960938 -0.73638916015625 -0.3160400390625
-0.0305118560791016 -0.00855064392089844 -0.77459716796875 -0.0684204101562499
0.0437736511230469 -0.041595458984375 -0.7652587890625 -0.0128173828124999
0.128532409667969 0.00644683837890625 -0.53570556640625 0.0479125976562499
0.1199951171875 0.0511398315429688 -0.10455322265625 0.0287017822265625
-0.0558815002441406 -0.0270957946777344 0.176422119140625 0.00836181640625
-0.0389747619628906 0.0178031921386719 0.61212158203125 -0.003173828125
-0.00995635986328125 0.0333251953125 0.760009765625 -0.010986328125
0.00398826599121094 0.0192165374755859 0.786376953125 0.17108154296875
0.000635147094726563 -0.0121011734008789 0.68157958984375 0.386962890625
-0.0119094848632812 -0.0471382141113281 0.575439453125 0.417236328125
-0.00481414794921875 -0.0268535614013672 0.33447265625 0.264923095703125
-0.0213069915771484 -0.0317707061767578 0.056793212890625 0.00424575805664062
-0.0221138000488281 -0.0458030700683594 -0.230789184570313 -0.239730834960937
-0.010589599609375 -0.059295654296875 -0.503387451171875 -0.36383056640625
-0.000762939453125005 -0.0489692687988281 -0.7532958984375 -0.252197265625
-0.00484848022460938 -0.018798828125 -0.82208251953125 -0.0577392578125
-0.0103006362915039 0.0169076919555664 -0.79486083984375 -0.0383911132812499
-0.0249862670898437 0.0233669281005859 -0.55267333984375 0.057098388671875
-0.0597267150878906 -0.00856018066406251 -0.193695068359375 0.00538635253906254
-0.0125398635864258 -0.00156021118164062 0.167831420898437 0.0084686279296875
0.0101661682128906 0.0148477554321289 0.61444091796875 0.01019287109375
0.00351524353027344 0.0121917724609375 0.76043701171875 0.000488281250000001
-0.00859546661376953 0.0128211975097656 0.77423095703125 0.19403076171875
-0.00617551803588867 0.00768280029296875 0.6722412109375 0.4178466796875
-0.00365066528320313 -0.0186557769775391 0.5721435546875 0.446044921875
0.0135402679443359 -0.00341987609863281 0.33880615234375 0.273223876953125
-0.00376033782958985 -0.0144920349121094 0.064605712890625 0.00778579711914062
-0.005950927734375 -0.0234870910644531 -0.225509643554688 -0.234130859375
0.000253677368164059 -0.0310955047607422 -0.501708984375 -0.34429931640625
-0.00345230102539063 -0.0251331329345703 -0.7535400390625 -0.22442626953125
-0.0146694183349609 -0.0104827880859375 -0.82305908203125 -0.0305786132812501
-0.00465297698974609 -0.00138998031616211 -0.80316162109375 -0.0166015625
0.00706577301025391 0.0140914916992188 -0.559967041015625 0.0682983398437501
-0.0173149108886719 -0.00331592559814453 -0.205459594726563 0.000518798828125031
0.0328559875488281 0.0265083312988281 0.170501708984375 0.01190185546875
0.0621528625488281 0.0136451721191406 0.609130859375 0.0191650390625
0.0245018005371094 -0.00837898254394531 0.755615234375 0.02276611328125
-0.0204792022705078 0.00419425964355469 0.76812744140625 0.2196044921875
-0.0143680572509766 0.0255947113037109 0.66644287109375 0.44012451171875
0.000604629516601564 0.0120906829833984 0.56842041015625 0.4605712890625
0.0360984802246094 0.0201911926269531 0.337432861328125 0.273590087890625
0.0130720138549805 0.00332355499267578 0.0649642944335938 0.0017852783203125
0.0109148025512695 -0.00327682495117188 -0.230728149414063 -0.2352294921875
0.0123052597045898 -0.00313377380371094 -0.51153564453125 -0.333648681640625
-0.000663638114929199 0.00202643871307373 -0.7576904296875 -0.204833984375
-0.0235977172851563 -0.00191497802734375 -0.82342529296875 -0.00976562500000008
0.00026988983154297 -0.0150384902954102 -0.80731201171875 -0.000976562499999993
0.0408096313476563 -0.00128173828125 -0.563232421875 0.0745849609375
0.0317668914794922 1.52587890625E-05 -0.2052001953125 -0.00299072265624996
0.077850341796875 0.04693603515625 0.181915283203125 0.0131988525390625
0.10882568359375 0.0142745971679688 0.60833740234375 0.02276611328125
0.0416145324707031 -0.02587890625 0.7574462890625 0.04132080078125
-0.0271358489990234 0.00336837768554688 0.7777099609375 0.23773193359375
-0.023681640625 0.0433845520019531 0.67095947265625 0.44598388671875
0.00622177124023437 0.0428733825683594 0.558349609375 0.452728271484375
0.0513687133789063 0.0444755554199219 0.325439453125 0.262725830078125
0.0296001434326172 0.0185661315917969 0.0503654479980469 -0.00604629516601563
0.0273609161376953 0.0147438049316406 -0.246749877929688 -0.238388061523437
0.0224876403808594 0.0215950012207031 -0.519561767578125 -0.333740234375
-0.000865936279296876 0.0242881774902344 -0.76153564453125 -0.20037841796875
-0.0300025939941406 0.00459861755371094 -0.819580078125 0.00561523437500016
0.00762939453125 -0.0289287567138672 -0.80450439453125 0.01007080078125
0.0738067626953125 -0.0142288208007813 -0.56488037109375 0.0764160156249999
0.0770492553710938 0.00826263427734375 -0.192718505859375 -0.00280761718750004
0.107986450195313 0.05499267578125 0.201690673828125 0.0123291015625
0.137840270996094 0.00662994384765625 0.60052490234375 0.0220947265625
0.0500450134277344 -0.0374565124511719 0.7596435546875 0.05889892578125
-0.0358734130859375 0.00312805175781251 0.79486083984375 0.24627685546875
-0.0284652709960937 0.0591621398925781 0.68170166015625 0.43316650390625
0.0120697021484375 0.0620613098144531 0.553619384765625 0.4345703125
0.0609130859375 0.0552406311035156 0.307586669921875 0.24407958984375
0.0373764038085938 0.0306892395019531 0.0292377471923828 -0.0185470581054687
0.0364799499511719 0.0290184020996094 -0.265289306640625 -0.251068115234375
0.0277786254882812 0.0421791076660156 -0.5330810546875 -0.341461181640625
-0.00258636474609375 0.0396995544433594 -0.76190185546875 -0.206787109375
-0.035430908203125 0.00876998901367188 -0.81427001953125 0.00341796875000008
0.0165214538574219 -0.0435867309570313 -0.79705810546875 0.0151977539062501
0.104934692382813 -0.018768310546875 -0.56048583984375 0.0724487304687499
0.113754272460938 0.0179595947265625 -0.171585083007813 -0.00213623046874996
0.126449584960938 0.0517044067382813 0.222137451171875 0.0098724365234375
0.146347045898438 -0.00250244140625 0.5980224609375 0.018310546875
0.0496940612792969 -0.0408554077148437 0.767333984375 0.0667724609375
-0.0353813171386719 0.0102462768554688 0.817138671875 0.24151611328125
-0.0281295776367188 0.0667495727539063 0.69549560546875 0.40582275390625
0.0131340026855469 0.0682182312011719 0.547088623046875 0.40435791015625
0.0650520324707031 0.0572357177734375 0.283447265625 0.219696044921875
0.0387725830078125 0.0336074829101563 0.00340080261230469 -0.0349140167236328
0.0413589477539063 0.0377616882324219 -0.287384033203125 -0.267791748046875
0.0267906188964844 0.0515480041503906 -0.54364013671875 -0.364105224609375
-0.00884628295898438 0.0494766235351563 -0.7623291015625 -0.2276611328125
-0.0400962829589844 0.00419616699218749 -0.8023681640625 -0.00469970703125016
0.0269126892089844 -0.050689697265625 -0.7852783203125 0.0136108398437501
0.1287841796875 -0.0180435180664063 -0.54949951171875 0.0665588378906251
0.133026123046875 0.0341262817382812 -0.146194458007813 0.00567626953124999
0.123680114746094 0.0376129150390625 0.242874145507812 0.0081024169921875
0.134422302246094 -0.00794219970703125 0.60076904296875 0.0101318359375
0.042510986328125 -0.035430908203125 0.78271484375 0.05816650390625
-0.0331878662109375 0.0156383514404297 0.84210205078125 0.21142578125
-0.0239486694335938 0.0678558349609375 0.7105712890625 0.369384765625
0.0133590698242188 0.0626335144042969 0.53955078125 0.36468505859375
0.0588798522949219 0.0515060424804688 0.261764526367188 0.198623657226563
0.0354080200195313 0.0279197692871094 -0.0216102600097656 -0.0495796203613281
0.0355262756347656 0.0360298156738281 -0.307037353515625 -0.28717041015625
0.0199050903320312 0.0498199462890625 -0.548492431640625 -0.398834228515625
-0.016204833984375 0.0442733764648438 -0.751708984375 -0.2623291015625
-0.0402755737304688 -0.00192642211914062 -0.78857421875 -0.02899169921875
0.0404052734375 -0.0526771545410156 -0.77227783203125 0.00531005859375002
0.138420104980469 -0.00800323486328125 -0.539947509765625 0.0581970214843749
0.132904052734375 0.0462646484375 -0.124412536621094 0.0152740478515625
0.103858947753906 0.0242156982421875 0.261734008789062 0.0037689208984375
0.112579345703125 -0.0108184814453125 0.6097412109375 -0.001220703125
0.0359306335449219 -0.0236930847167969 0.79876708984375 0.038330078125
-0.0250339508056641 0.0194759368896484 0.86328125 0.17437744140625
-0.0148162841796875 0.0581436157226563 0.7196044921875 0.3236083984375
0.00822830200195313 0.0498046875 0.53411865234375 0.330657958984375
0.0446929931640625 0.0361976623535156 0.244033813476563 0.178741455078125
0.0275154113769531 0.0146484375 -0.0425910949707031 -0.060455322265625
0.0255889892578125 0.0262565612792969 -0.317901611328125 -0.310455322265625
0.0103645324707031 0.0379447937011719 -0.545074462890625 -0.43768310546875
-0.0172653198242188 0.0339832305908203 -0.734619140625 -0.30950927734375
-0.0329933166503906 -0.00723648071289063 -0.77252197265625 -0.05865478515625
0.0397987365722656 -0.041168212890625 -0.76373291015625 -0.00769042968749985
0.12872314453125 0.004180908203125 -0.534576416015625 0.049957275390625
0.119293212890625 0.0519485473632813 -0.104576110839844 0.0304794311523437
-0.0575408935546875 -0.0264739990234375 0.175582885742188 0.0093231201171875
-0.0400772094726562 0.0199050903320313 0.60919189453125 -0.00836181640625
-0.00832939147949219 0.030364990234375 0.759765625 -0.019775390625
0.0011749267578125 0.0182456970214844 0.7838134765625 0.1646728515625
-0.000378608703613282 -0.010890007019043 0.682861328125 0.382080078125
-0.009765625 -0.0490608215332031 0.5743408203125 0.4136962890625
-0.00435829162597656 -0.0260066986083984 0.3358154296875 0.26019287109375
-0.0215950012207031 -0.0333023071289063 0.0565567016601563 0.00593948364257812
-0.0217056274414063 -0.045379638671875 -0.230148315429687 -0.2371826171875
-0.00937652587890625 -0.0582160949707031 -0.5001220703125 -0.359954833984375
-0.00103759765625 -0.0486602783203125 -0.7510986328125 -0.2484130859375
-0.00358009338378906 -0.0196399688720703 -0.818359375 -0.0509033203124999
-0.00918292999267578 0.0140628814697266 -0.79296875 -0.0317382812499999
-0.0248985290527344 0.0249366760253906 -0.550445556640625 0.0631408691406251
-0.0597991943359375 -0.00972747802734375 -0.19287109375 0.00769042968750001
-0.013458251953125 0.000785827636718748 0.167587280273438 0.009368896484375
0.00699615478515625 0.0152711868286133 0.61126708984375 0.0052490234375
0.00533866882324219 0.0114593505859375 0.757568359375 -0.00457763671875
-0.0085296630859375 0.013946533203125 0.77069091796875 0.19073486328125
-0.00530433654785156 0.00808143615722656 0.67041015625 0.41241455078125
-0.00296783447265625 -0.0184001922607422 0.57025146484375 0.440673828125
0.0154752731323242 -0.00357818603515625 0.340606689453125 0.26922607421875
-0.00475502014160156 -0.0126314163208008 0.0660934448242188 0.00829696655273438
-0.00486946105957031 -0.0245838165283203 -0.22802734375 -0.231765747070313
0.000261306762695314 -0.0311985015869141 -0.5025634765625 -0.339813232421875
-0.00380897521972656 -0.0228424072265625 -0.753662109375 -0.216796875
-0.0130481719970703 -0.0118999481201172 -0.81805419921875 -0.0226440429687501
-0.00524663925170898 -0.000241756439208984 -0.80206298828125 -0.0117187500000001
0.00799465179443359 0.0122222900390625 -0.558502197265625 0.072723388671875
-0.0161943435668945 -0.00467300415039063 -0.2039794921875 0.00474548339843748
0.0343189239501953 0.0276355743408203 0.170257568359375 0.010223388671875
0.061859130859375 0.015625 0.60601806640625 0.0146484375
0.0257186889648437 -0.0101680755615234 0.755126953125 0.01531982421875
-0.0197181701660156 0.00755691528320312 0.76776123046875 0.214599609375
-0.0164947509765625 0.0267734527587891 0.6671142578125 0.42926025390625
0.000758171081542969 0.0124874114990234 0.567626953125 0.45428466796875
0.0348033905029297 0.0215568542480469 0.337615966796875 0.268951416015625
0.0134515762329102 0.00396156311035156 0.0637969970703125 0.00336074829101563
0.0112514495849609 -0.00541400909423828 -0.23284912109375 -0.231979370117187
0.0118179321289063 -0.00556087493896484 -0.51007080078125 -0.32952880859375
-0.00408577919006348 0.00231242179870606 -0.75762939453125 -0.19732666015625
-0.0215530395507813 -0.000717163085937499 -0.82061767578125 -0.00219726562499987
0.000942230224609375 -0.0149097442626953 -0.80511474609375 0.00531005859374994
0.0412750244140625 -0.0023651123046875 -0.5648193359375 0.0780029296874999
0.0328407287597656 0.00018310546875 -0.202774047851562 -0.00137329101562499
0.0778350830078125 0.0468597412109375 0.183563232421875 0.011444091796875
0.107856750488281 0.0123138427734375 0.60137939453125 0.020263671875
0.0398292541503906 -0.0267753601074219 0.75360107421875 0.035888671875
-0.0281696319580078 0.00189971923828126 0.7755126953125 0.23004150390625
-0.0240898132324219 0.0430755615234375 0.67041015625 0.43963623046875
0.00580978393554687 0.0411796569824219 0.5626220703125 0.4464111328125
0.0512313842773438 0.0404701232910156 0.326202392578125 0.25933837890625
0.0268898010253906 0.0192604064941406 0.0499038696289063 -0.0037689208984375
0.0271091461181641 0.0138893127441406 -0.243499755859375 -0.236663818359375
0.0239620208740234 0.0220813751220703 -0.5172119140625 -0.328155517578125
-0.000547409057617187 0.0238075256347656 -0.75994873046875 -0.193115234375
-0.0280437469482422 0.00288200378417969 -0.815185546875 0.00964355468750011
0.00681877136230469 -0.0304355621337891 -0.8009033203125 0.0140380859375001
0.0731201171875 -0.0142364501953125 -0.561676025390625 0.0778503417968749
0.0775070190429688 0.00652313232421875 -0.190933227539063 -0.00102233886718753
0.1085205078125 0.05487060546875 0.199447631835938 0.01214599609375
0.135848999023437 0.00705718994140625 0.597412109375 0.018310546875
0.0519485473632813 -0.0388412475585938 0.75592041015625 0.0533447265625
-0.0334434509277344 0.00242996215820312 0.791748046875 0.23919677734375
-0.0283966064453125 0.0579147338867188 0.6824951171875 0.4256591796875
0.00992202758789063 0.0595779418945313 0.552642822265625 0.4293212890625
0.0623855590820313 0.0538902282714844 0.307220458984375 0.2379150390625
0.0388908386230469 0.0299797058105469 0.0296096801757813 -0.0190925598144531
0.0375328063964844 0.0300941467285156 -0.267105102539063 -0.247970581054688
0.0297279357910156 0.0388298034667969 -0.532684326171875 -0.338958740234375
-0.00327301025390625 0.0397415161132813 -0.76202392578125 -0.2008056640625
-0.0341682434082031 0.00914382934570312 -0.8095703125 0.00976562500000009
0.0168380737304687 -0.0444068908691406 -0.7945556640625 0.0189208984375
0.104629516601563 -0.020111083984375 -0.5556640625 0.075592041015625
0.113494873046875 0.0185775756835937 -0.172149658203125 -0.00143432617187502
0.125419616699219 0.0496597290039062 0.218826293945313 0.0095062255859375
0.14495849609375 -0.0025634765625 0.59490966796875 0.01507568359375
0.0493621826171875 -0.0403861999511719 0.76556396484375 0.057861328125
-0.0343837738037109 0.00821876525878907 0.81756591796875 0.23345947265625
-0.0273704528808594 0.0659141540527344 0.6961669921875 0.3983154296875
0.0130577087402344 0.0678215026855469 0.544647216796875 0.397430419921875
0.0645713806152344 0.0579147338867188 0.28533935546875 0.217681884765625
0.0415534973144531 0.0313301086425781 0.00458526611328125 -0.0349769592285156
0.0386123657226563 0.0355339050292969 -0.288177490234375 -0.26226806640625
0.02685546875 0.0505561828613281 -0.54266357421875 -0.36077880859375
-0.00777816772460938 0.047607421875 -0.76116943359375 -0.2210693359375
-0.0395965576171875 0.00397491455078125 -0.79876708984375 -0.000732421874999823
0.0260429382324219 -0.0503807067871094 -0.78448486328125 0.0191040039062499
0.127555847167969 -0.0193252563476563 -0.546875 0.0726623535156251
0.131294250488281 0.03228759765625 -0.1455078125 0.0071258544921875
0.121368408203125 0.0401229858398438 0.242279052734375 0.006561279296875
0.137519836425781 -0.0126800537109375 0.5970458984375 0.007568359375
0.0428276062011719 -0.036468505859375 0.78167724609375 0.0528564453125
-0.0335178375244141 0.0146751403808594 0.84051513671875 0.2056884765625
-0.0221939086914062 0.0658645629882813 0.71099853515625 0.36102294921875
0.0152091979980469 0.0633621215820313 0.539093017578125 0.3607177734375
0.060302734375 0.0478172302246094 0.26202392578125 0.194625854492188
0.0369644165039063 0.02838134765625 -0.0210494995117188 -0.0481376647949219
0.0374526977539063 0.0352783203125 -0.30535888671875 -0.283660888671875
0.0206298828125 0.0506935119628906 -0.54730224609375 -0.393768310546875
-0.0138587951660156 0.04534912109375 -0.7510986328125 -0.25872802734375
-0.0376358032226563 -0.00201797485351563 -0.78692626953125 -0.0243530273437499
0.0362205505371094 -0.0529708862304688 -0.7730712890625 0.01226806640625
0.13671875 -0.00890350341796875 -0.537994384765625 0.063629150390625
0.135421752929688 0.04443359375 -0.122573852539062 0.01678466796875
0.1044921875 0.0247573852539063 0.26019287109375 0.001312255859375
0.111274719238281 -0.0111312866210938 0.6053466796875 -0.0042724609375
0.0364456176757813 -0.0233802795410156 0.79425048828125 0.03265380859375
-0.0247440338134766 0.0183563232421875 0.85980224609375 0.16510009765625
-0.0178718566894531 0.0579147338867188 0.7198486328125 0.31402587890625
0.0102691650390625 0.0459747314453125 0.53466796875 0.3255615234375
0.0457305908203125 0.0332565307617188 0.243423461914062 0.175079345703125
0.0269012451171875 0.0155887603759766 -0.0425682067871094 -0.0589942932128906
0.0256824493408203 0.0244712829589844 -0.318511962890625 -0.305023193359375
0.011474609375 0.0364456176757812 -0.543487548828125 -0.4329833984375
-0.018585205078125 0.0323352813720703 -0.7357177734375 -0.3026123046875
-0.0316982269287109 -0.00651931762695313 -0.770751953125 -0.0529174804687501
0.0422401428222656 -0.0411529541015625 -0.76263427734375 -0.00225830078125004
0.12860107421875 0.00469207763671875 -0.53436279296875 0.055816650390625
0.119712829589844 0.049713134765625 -0.103652954101562 0.028350830078125
-0.0600547790527344 -0.0251083374023438 0.176422119140625 0.0073089599609375
-0.0394859313964844 0.0183525085449219 0.60711669921875 -0.0125732421875
-0.00964546203613281 0.0318641662597656 0.7568359375 -0.0244140625
0.00409126281738281 0.0209274291992188 0.78472900390625 0.156005859375
0.00159740447998047 -0.0116615295410156 0.68487548828125 0.3768310546875
-0.0104217529296875 -0.0495185852050781 0.57647705078125 0.40826416015625
-0.002593994140625 -0.0280647277832031 0.335784912109375 0.25848388671875
-0.0206470489501953 -0.0328807830810547 0.0561141967773438 0.00458526611328125
-0.019927978515625 -0.046234130859375 -0.230819702148437 -0.233932495117188
-0.00931167602539063 -0.0608558654785156 -0.500823974609375 -0.353057861328125
-0.000320434570312497 -0.04901123046875 -0.7493896484375 -0.239990234375
-0.00202560424804688 -0.01873779296875 -0.81561279296875 -0.0475463867187501
-0.00951766967773437 0.0166358947753906 -0.79290771484375 -0.0242919921875002
-0.0259609222412109 0.0256233215332031 -0.55194091796875 0.0652770996093751
-0.0609779357910156 -0.00866317749023438 -0.193527221679688 0.00802612304687501
-0.013026237487793 -0.000168800354003904 0.166763305664063 0.005615234375
0.00866985321044922 0.0140542984008789 0.60626220703125 6.10351562500009E-05
0.00445175170898438 0.0125246047973633 0.75384521484375 -0.01031494140625
-0.00738716125488281 0.0133609771728516 0.77227783203125 0.18292236328125
-0.00741720199584961 0.00727748870849609 0.66937255859375 0.40472412109375
-0.00519180297851562 -0.020599365234375 0.571533203125 0.43597412109375
0.0166692733764648 -0.00632476806640625 0.340606689453125 0.267547607421875
-0.000997543334960937 -0.0149040222167969 0.0658531188964844 0.00876617431640625
-0.0046844482421875 -0.0249500274658203 -0.226852416992187 -0.226791381835938
9.91821289062486E-05 -0.0323467254638672 -0.501708984375 -0.334014892578125
-0.00428390502929688 -0.0226917266845703 -0.75286865234375 -0.21221923828125
-0.0131855010986328 -0.0101633071899414 -0.8170166015625 -0.0176391601562501
-0.00550222396850586 0.000886440277099609 -0.79718017578125 -0.00488281249999991
0.00623416900634766 0.00945186614990235 -0.5552978515625 0.0746765136718749
-0.0168037414550781 -0.005035400390625 -0.203842163085938 0.0047760009765625
0.0326519012451172 0.0266895294189453 0.169509887695313 0.01177978515625
0.0614013671875 0.0125846862792969 0.60638427734375 0.01141357421875
0.0253372192382813 -0.0123062133789063 0.754638671875 0.01104736328125
-0.0175323486328125 0.00597953796386719 0.76861572265625 0.20611572265625
-0.0145530700683594 0.0259685516357422 0.6658935546875 0.42523193359375
0.00145339965820313 0.0110177993774414 0.5677490234375 0.44866943359375
0.0368499755859375 0.02142333984375 0.33795166015625 0.266571044921875
0.0178966522216797 0.00307846069335937 0.0625686645507813 0.00304031372070313
0.0129795074462891 -0.00548553466796875 -0.2337646484375 -0.230010986328125
0.0126314163208008 -0.00552558898925781 -0.509307861328125 -0.32342529296875
-0.000144273042678833 0.000387817621231079 -0.756591796875 -0.19305419921875
-0.019683837890625 -0.000946044921874998 -0.815185546875 0.00201416015625012
0.00294113159179687 -0.0147848129272461 -0.80181884765625 0.0137329101562501
0.0422477722167969 -0.00270462036132813 -0.56243896484375 0.0801391601562501
0.0311489105224609 0.00152587890625 -0.202468872070313 0.00122070312500004
0.0777206420898437 0.04681396484375 0.180404663085938 0.0113677978515625
0.108314514160156 0.0113372802734375 0.6011962890625 0.01654052734375
0.0420761108398438 -0.0276870727539063 0.7515869140625 0.02801513671875
-0.0267333984375 0.00115203857421875 0.77606201171875 0.2255859375
-0.02301025390625 0.0417747497558594 0.670654296875 0.431884765625
0.00698089599609375 0.0392990112304688 0.562103271484375 0.440948486328125
0.0529975891113281 0.0397491455078125 0.326202392578125 0.255462646484375
0.0291938781738281 0.0189533233642578 0.0509757995605469 -0.00572967529296875
0.0286483764648438 0.015411376953125 -0.245330810546875 -0.235183715820313
0.0253334045410156 0.0217266082763672 -0.5179443359375 -0.3245849609375
0.00157928466796875 0.0230007171630859 -0.7574462890625 -0.18804931640625
-0.0285091400146484 0.00598335266113281 -0.8153076171875 0.0187377929687499
0.00723648071289062 -0.0292873382568359 -0.800048828125 0.0230712890625001
0.0733261108398438 -0.0139694213867188 -0.5594482421875 0.0825805664062501
0.0753555297851563 0.007080078125 -0.18914794921875 -0.00335693359374997
0.109954833984375 0.0549468994140625 0.197494506835938 0.0099639892578125
0.135673522949219 0.00595855712890625 0.59576416015625 0.0147705078125
0.0494117736816406 -0.0389823913574219 0.7562255859375 0.04583740234375
-0.03411865234375 0.00337409973144531 0.791015625 0.23284912109375
-0.0279922485351563 0.0585784912109375 0.67962646484375 0.42132568359375
0.0098724365234375 0.0606575012207031 0.555389404296875 0.424560546875
0.0629692077636719 0.0531349182128906 0.30712890625 0.23883056640625
0.0400886535644531 0.0287322998046875 0.0290164947509766 -0.0212669372558594
0.0370674133300781 0.0295181274414063 -0.26568603515625 -0.246231079101563
0.0288505554199219 0.0393867492675781 -0.53118896484375 -0.332489013671875
-0.00220108032226563 0.0408973693847656 -0.76055908203125 -0.194091796875
-0.0356292724609375 0.00749206542968749 -0.80743408203125 0.01800537109375
0.0156326293945313 -0.0427322387695313 -0.793212890625 0.0285644531250001
0.104057312011719 -0.0230026245117188 -0.553955078125 0.0789794921874999
0.112945556640625 0.0185012817382813 -0.171417236328125 0.00196838378906249
0.123237609863281 0.0528793334960938 0.218490600585938 0.0094757080078125
0.145401000976563 -0.0045013427734375 0.593017578125 0.01055908203125
0.0507392883300781 -0.0424308776855469 0.76373291015625 0.0548095703125
-0.0352935791015625 0.00725173950195312 0.814453125 0.2255859375
-0.0259170532226563 0.0655097961425781 0.69659423828125 0.3922119140625
0.0141029357910156 0.0667266845703125 0.54742431640625 0.39373779296875
0.066436767578125 0.0548629760742187 0.28533935546875 0.212799072265625
0.0417556762695312 0.0308685302734375 0.00348472595214844 -0.0343818664550781
0.0406723022460937 0.0365447998046875 -0.289093017578125 -0.262481689453125
0.0279426574707031 0.0533027648925781 -0.5428466796875 -0.354278564453125
-0.00817489624023438 0.0471649169921875 -0.75897216796875 -0.21466064453125
-0.0389633178710938 0.00465774536132813 -0.79888916015625 0.00439453125000007
0.0279960632324219 -0.0519294738769531 -0.78021240234375 0.0238037109374999
0.129066467285156 -0.02117919921875 -0.5462646484375 0.075439453125
0.133285522460938 0.0323715209960938 -0.144180297851563 0.00657653808593747
0.122573852539063 0.0383758544921875 0.24102783203125 0.0061187744140625
0.135536193847656 -0.0100250244140625 0.597900390625 0.0020751953125
0.0417594909667969 -0.0355300903320313 0.77923583984375 0.04803466796875
-0.0351600646972656 0.0147933959960938 0.843017578125 0.1986083984375
-0.0197181701660156 0.0655174255371094 0.7081298828125 0.35491943359375
0.0161666870117188 0.0609779357910156 0.539337158203125 0.357757568359375
0.0616569519042969 0.0454292297363281 0.261764526367188 0.194503784179688
0.0368194580078125 0.0267791748046875 -0.0208396911621094 -0.0468177795410156
0.0361137390136719 0.0339622497558594 -0.308074951171875 -0.280853271484375
0.0220260620117188 0.04718017578125 -0.548126220703125 -0.3865966796875
-0.0143394470214844 0.0443534851074219 -0.751220703125 -0.25140380859375
-0.0372085571289063 -0.00195693969726562 -0.78240966796875 -0.0169067382812501
0.0389328002929687 -0.0526695251464844 -0.7679443359375 0.0158691406249999
0.13818359375 -0.00933074951171875 -0.53594970703125 0.067352294921875
0.137062072753906 0.0451889038085937 -0.124526977539063 0.0167694091796875
0.103118896484375 0.0229644775390625 0.25909423828125 0.000869750976562501
0.110023498535156 -0.0118865966796875 0.6048583984375 -0.0076904296875
0.0360183715820313 -0.0248985290527344 0.79498291015625 0.0255126953125
-0.0235691070556641 0.0211467742919922 0.86041259765625 0.1578369140625
-0.015350341796875 0.0564765930175781 0.71771240234375 0.3114013671875
0.0121002197265625 0.0445022583007813 0.534698486328125 0.3218994140625
0.0481643676757813 0.0328750610351563 0.24285888671875 0.176193237304688
0.0287570953369141 0.0162677764892578 -0.0433235168457031 -0.0572586059570313
0.0278415679931641 0.0246658325195313 -0.319427490234375 -0.30206298828125
0.0126800537109375 0.0371437072753906 -0.546051025390625 -0.42742919921875
-0.0170612335205078 0.0340633392333984 -0.7337646484375 -0.29791259765625
-0.0330657958984375 -0.00516891479492187 -0.7681884765625 -0.04827880859375
0.0417137145996094 -0.0417938232421875 -0.76092529296875 0.00366210937500016
0.128700256347656 0.00386810302734375 -0.531158447265625 0.0576171875
0.118240356445313 0.0506210327148438 -0.103866577148437 0.03045654296875
-0.0593376159667969 -0.0233497619628906 0.17181396484375 0.0064544677734375
-0.0408477783203125 0.0189590454101562 0.60614013671875 -0.01483154296875
-0.008880615234375 0.0312614440917969 0.75360107421875 -0.02880859375
0.0042266845703125 0.0193710327148438 0.783203125 0.15325927734375
0.000769615173339844 -0.0106973648071289 0.68243408203125 0.37164306640625
-0.011810302734375 -0.0500717163085938 0.5751953125 0.405517578125
-0.00288963317871094 -0.0293960571289062 0.336456298828125 0.25701904296875
-0.0206298828125 -0.0330657958984375 0.055206298828125 0.0048980712890625
-0.0226364135742188 -0.0449180603027344 -0.229583740234375 -0.235122680664063
-0.00906753540039062 -0.0598869323730469 -0.498260498046875 -0.349151611328125
-0.0016326904296875 -0.048126220703125 -0.74835205078125 -0.23626708984375
-0.00207901000976563 -0.0184040069580078 -0.81317138671875 -0.04046630859375
-0.00872993469238282 0.0181007385253906 -0.79058837890625 -0.0193481445312499
-0.0244693756103516 0.0234279632568359 -0.549896240234375 0.06951904296875
-0.0603752136230469 -0.01068115234375 -0.19329833984375 0.00888061523437501
-0.013615608215332 -0.00231647491455078 0.165054321289063 0.0058135986328125
0.00739669799804688 0.0123348236083984 0.607666015625 -0.0015869140625
0.00412559509277344 0.00890827178955078 0.7545166015625 -0.01470947265625
-0.00851726531982422 0.0151700973510742 0.77001953125 0.17919921875
-0.00474739074707031 0.00634574890136719 0.67169189453125 0.40179443359375
-0.00317764282226562 -0.0202178955078125 0.5732421875 0.43365478515625
0.0184230804443359 -0.00641632080078125 0.342437744140625 0.26483154296875
-0.00220203399658203 -0.0144243240356445 0.0659904479980469 0.00690841674804688
-0.0035400390625 -0.0258407592773438 -0.225082397460938 -0.228134155273438
0.000823974609375002 -0.0331821441650391 -0.502410888671875 -0.3289794921875
-0.00341224670410157 -0.0262088775634766 -0.74859619140625 -0.20672607421875
-0.0128192901611328 -0.011326789855957 -0.81475830078125 -0.0131835937499998
-0.00515174865722656 0.00108528137207031 -0.79583740234375 -0.00103759765624994
0.00756072998046875 0.0128393173217773 -0.558990478515625 0.077301025390625
-0.0150899887084961 -0.00426006317138672 -0.203842163085938 0.00527954101562503
0.0322322845458984 0.0289669036865234 0.169082641601563 0.010284423828125
0.0605049133300781 0.0130767822265625 0.60369873046875 0.00921630859375
0.0249958038330078 -0.0110187530517578 0.75 0.00787353515625
-0.0171670913696289 0.00730705261230469 0.76513671875 0.20025634765625
-0.0156803131103516 0.0258693695068359 0.66558837890625 0.42169189453125
0.00165557861328125 0.0111684799194336 0.568359375 0.446533203125
0.0373954772949219 0.0170783996582031 0.33758544921875 0.26458740234375
0.0142507553100586 0.00194740295410156 0.0633010864257813 0.00392532348632813
0.0132122039794922 -0.00534248352050781 -0.230194091796875 -0.228363037109375
0.012669563293457 -0.00470161437988281 -0.50689697265625 -0.321258544921875
8.14199447631835E-05 0.000755071640014648 -0.7535400390625 -0.19183349609375
-0.0209598541259766 -0.000463485717773441 -0.81536865234375 0.00854492187499986
0.00133609771728516 -0.0139837265014648 -0.80059814453125 0.0175170898437501
0.0432777404785156 -0.00434112548828125 -0.5635986328125 0.0809326171875001
0.0314121246337891 -0.000299453735351563 -0.20037841796875 0.00169372558593749
0.0767288208007813 0.0508499145507813 0.181961059570313 0.0102386474609375
0.107658386230469 0.0126190185546875 0.59881591796875 0.01312255859375
0.0430335998535156 -0.0269012451171875 0.7513427734375 0.02398681640625
-0.028411865234375 0.00128936767578125 0.77630615234375 0.2216796875
-0.0233612060546875 0.0429840087890625 0.6708984375 0.42730712890625
0.00992202758789062 0.0383033752441406 0.5625 0.44207763671875
0.0550689697265625 0.0404548645019531 0.32513427734375 0.256134033203125
0.03106689453125 0.0171756744384766 0.0511093139648438 -0.00625991821289062
0.0277881622314453 0.0140571594238281 -0.24627685546875 -0.234481811523438
0.0220680236816406 0.0211696624755859 -0.51812744140625 -0.319610595703125
0.000648498535156248 0.022918701171875 -0.75823974609375 -0.18572998046875
-0.0274543762207031 0.00638961791992188 -0.8135986328125 0.0217895507812502
0.00679206848144531 -0.0297641754150391 -0.7999267578125 0.0272827148437499
0.0753555297851562 -0.0157852172851562 -0.560394287109375 0.0844421386718749
0.0761260986328125 0.006378173828125 -0.1910400390625 -0.00103759765625003
0.106452941894531 0.0581512451171875 0.198684692382813 0.01007080078125
0.135498046875 0.0053253173828125 0.59619140625 0.00970458984375
0.051727294921875 -0.0384750366210938 0.755859375 0.04339599609375
-0.035003662109375 0.00280952453613281 0.7918701171875 0.22845458984375
-0.0281867980957031 0.05560302734375 0.6806640625 0.41473388671875
0.0122528076171875 0.0588569641113281 0.556365966796875 0.42059326171875
0.0642356872558594 0.0516548156738281 0.306549072265625 0.23443603515625
0.0387496948242188 0.0267219543457031 0.0309162139892578 -0.0167484283447266
0.0391502380371094 0.0301284790039063 -0.265167236328125 -0.244552612304687
0.0305709838867188 0.0401573181152344 -0.53021240234375 -0.3316650390625
-0.00214767456054688 0.0412025451660156 -0.75958251953125 -0.1898193359375
-0.0336513519287109 0.00816345214843749 -0.806396484375 0.0171508789062502
0.01483154296875 -0.0421180725097656 -0.79022216796875 0.0302124023437499
0.10479736328125 -0.0241851806640625 -0.551177978515625 0.0811767578124999
0.1134033203125 0.0177459716796875 -0.171981811523438 -0.000427246093749998
0.124748229980469 0.05426025390625 0.218399047851563 0.007965087890625
0.1446533203125 -0.0042877197265625 0.59375 0.0086669921875
0.0492668151855469 -0.0418128967285156 0.7659912109375 0.04974365234375
-0.036163330078125 0.00926589965820313 0.81512451171875 0.21990966796875
-0.024566650390625 0.0656929016113281 0.69659423828125 0.39031982421875
0.0142097473144531 0.0660820007324219 0.5479736328125 0.389801025390625
0.0644340515136719 0.0536613464355469 0.285186767578125 0.214569091796875
0.0443267822265625 0.0300979614257813 0.00388336181640625 -0.0336723327636719
0.0401954650878906 0.0352363586425781 -0.287384033203125 -0.26129150390625
0.0281829833984375 0.0495033264160156 -0.542816162109375 -0.351043701171875
-0.00931167602539063 0.0475616455078125 -0.75726318359375 -0.20953369140625
-0.0377540588378906 0.00508880615234376 -0.79644775390625 0.00885009765625001
0.0268287658691406 -0.0524177551269531 -0.7796630859375 0.0270385742187501
0.129524230957031 -0.020660400390625 -0.54461669921875 0.077606201171875
0.132911682128906 0.0317230224609375 -0.14642333984375 0.00640869140625001
0.121635437011719 0.0403289794921875 0.240036010742188 0.007537841796875
0.136787414550781 -0.0120697021484375 0.595703125 -0.00152587890625
0.0417251586914063 -0.0361213684082031 0.77899169921875 0.04132080078125
-0.0343132019042969 0.0159473419189453 0.83880615234375 0.192626953125
-0.020416259765625 0.0668678283691406 0.7091064453125 0.34942626953125
0.0156326293945312 0.0594940185546875 0.540557861328125 0.353363037109375
0.0613594055175781 0.0451126098632813 0.2625732421875 0.191085815429688
0.040130615234375 0.0241165161132812 -0.0204811096191406 -0.0465087890625
0.0369758605957031 0.0336875915527344 -0.3070068359375 -0.278717041015625
0.0215950012207031 0.0483856201171875 -0.547698974609375 -0.384552001953125
-0.0149307250976563 0.0452232360839844 -0.74871826171875 -0.2457275390625
-0.0391311645507813 -0.00209808349609374 -0.78106689453125 -0.0142211914062499
0.0392074584960937 -0.0523529052734375 -0.76885986328125 0.0190429687500001
0.137428283691406 -0.0113906860351562 -0.537322998046875 0.0674743652343751
0.135452270507813 0.044097900390625 -0.123115539550781 0.0173568725585938
0.103164672851562 0.0252914428710937 0.258621215820312 0.00213623046875
0.111328125 -0.0126266479492188 0.60205078125 -0.01031494140625
0.0349445343017578 -0.0257434844970703 0.79461669921875 0.02032470703125
-0.0258274078369141 0.0187301635742187 0.859375 0.15081787109375
-0.01690673828125 0.0555763244628906 0.7188720703125 0.303955078125
0.009765625 0.0453567504882813 0.533416748046875 0.3173828125
0.0478134155273438 0.0324058532714844 0.2435302734375 0.174789428710938
0.0280494689941406 0.0133876800537109 -0.0427513122558594 -0.0567245483398438
0.0270252227783203 0.0239505767822266 -0.321197509765625 -0.299560546875
0.0129432678222656 0.0369758605957031 -0.54290771484375 -0.42529296875
-0.0181808471679687 0.0335674285888672 -0.734130859375 -0.2943115234375
-0.0321140289306641 -0.00739097595214844 -0.767578125 -0.0427856445312501
0.0423622131347656 -0.0406455993652344 -0.75946044921875 0.00842285156249985
0.128150939941406 0.003662109375 -0.532012939453125 0.0595397949218749
0.116798400878906 0.0490875244140625 -0.103683471679688 0.0287246704101563
-0.058441162109375 -0.0235214233398437 0.1719970703125 0.0063934326171875
-0.0415115356445313 0.0176315307617188 0.60528564453125 -0.01666259765625
-0.0100822448730469 0.0319499969482422 0.75634765625 -0.0343017578125
0.00704383850097656 0.0187969207763672 0.7823486328125 0.14837646484375
0.00147533416748047 -0.0131769180297852 0.68389892578125 0.369384765625
-0.0103492736816406 -0.0473098754882813 0.57684326171875 0.4013671875
-0.00244712829589844 -0.0285205841064453 0.334747314453125 0.2528076171875
-0.0196704864501953 -0.0322151184082031 0.0556526184082031 0.005218505859375
-0.0214958190917969 -0.0454673767089844 -0.231475830078125 -0.231430053710937
-0.0114898681640625 -0.0589256286621094 -0.50103759765625 -0.3477783203125
-0.002227783203125 -0.0494041442871094 -0.747314453125 -0.2320556640625
-0.00110435485839844 -0.0196285247802734 -0.81280517578125 -0.03759765625
-0.00922966003417969 0.0179710388183594 -0.79107666015625 -0.01702880859375
-0.0250148773193359 0.0235538482666016 -0.548065185546875 0.0697631835937499
-0.0587654113769531 -0.00894546508789064 -0.193161010742188 0.00836181640624998
-0.0143890380859375 0.00226879119873047 0.166061401367188 0.008697509765625
0.0058746337890625 0.0117874145507813 0.6053466796875 -0.00347900390625
0.00494575500488281 0.0112514495849609 0.75299072265625 -0.018310546875
-0.00736331939697266 0.01519775390625 0.7691650390625 0.17169189453125
-0.00594711303710938 0.00786972045898438 0.67095947265625 0.398681640625
-0.00556373596191406 -0.0193309783935547 0.5736083984375 0.42999267578125
0.0170583724975586 -0.00646400451660156 0.34283447265625 0.2647705078125
-0.00401115417480469 -0.0137729644775391 0.0634651184082031 0.00714111328125
-0.00453948974609375 -0.0252037048339844 -0.223785400390625 -0.226715087890625
-0.000961303710937499 -0.0327606201171875 -0.4998779296875 -0.32904052734375
-0.000566482543945311 -0.0257511138916016 -0.75079345703125 -0.20294189453125
-0.0129880905151367 -0.0106391906738281 -0.8153076171875 -0.00854492187500008
-0.00415205955505371 0.00208616256713867 -0.798095703125 0.00213623046874985
0.00788497924804688 0.0120630264282227 -0.557830810546875 0.078643798828125
-0.0193691253662109 -0.00380516052246094 -0.20416259765625 0.00613403320312501
0.0345306396484375 0.0293846130371094 0.167678833007813 0.009368896484375
0.0602874755859375 0.0132713317871094 0.604248046875 0.01031494140625
0.0221481323242188 -0.0107173919677734 0.752685546875 0.00115966796875
-0.0185394287109375 0.00770759582519531 0.76678466796875 0.19415283203125
-0.0161552429199219 0.024871826171875 0.66668701171875 0.418701171875
0.00172042846679687 0.0114946365356445 0.56939697265625 0.44293212890625
0.0393562316894531 0.0177345275878906 0.338714599609375 0.26458740234375
0.0153293609619141 0.00352668762207031 0.062347412109375 0.00414276123046875
0.0138425827026367 -0.00355243682861328 -0.230804443359375 -0.225479125976563
0.0138683319091797 -0.00494480133056641 -0.506591796875 -0.31695556640625
0.000629305839538574 0.00131940841674805 -0.7523193359375 -0.1854248046875
-0.0198383331298828 -0.000755310058593748 -0.813720703125 0.00946044921874997
1.62124633789063E-05 -0.0149517059326172 -0.8004150390625 0.0215454101562498
0.0401535034179688 -0.0047607421875 -0.561676025390625 0.0850219726562501
0.0317935943603516 -0.00157928466796875 -0.19921875 0.00144958496093748
0.0768661499023438 0.0499801635742187 0.180007934570313 0.0114288330078125
0.107315063476562 0.0106658935546875 0.601318359375 0.0089111328125
0.0428123474121094 -0.0294303894042969 0.75177001953125 0.0189208984375
-0.0273418426513672 0.00108718872070312 0.77301025390625 0.21441650390625
-0.0230865478515625 0.0414543151855469 0.67254638671875 0.42388916015625
0.00788116455078125 0.0380401611328125 0.56524658203125 0.4381103515625
0.0536079406738281 0.0369415283203125 0.32769775390625 0.252655029296875
0.0302524566650391 0.0175418853759766 0.0500717163085938 -0.004791259765625
0.0300579071044922 0.0153656005859375 -0.246475219726562 -0.234588623046875
0.0243988037109375 0.0205593109130859 -0.516326904296875 -0.318023681640625
-9.34600830078111E-05 0.0235862731933594 -0.75799560546875 -0.17840576171875
-0.0266094207763672 0.00693130493164062 -0.8104248046875 0.0254516601562502
0.00707435607910156 -0.0282325744628906 -0.7978515625 0.0320434570312501
0.0762939453125 -0.0191726684570313 -0.5601806640625 0.0849914550781249
0.0773162841796875 0.00389862060546875 -0.189865112304687 0.00155639648437497
0.109970092773438 0.0579833984375 0.198623657226563 0.00860595703125
0.134254455566406 0.00370025634765625 0.5943603515625 0.0101318359375
0.0503082275390625 -0.0399093627929688 0.75457763671875 0.040283203125
-0.0326480865478516 0.00305747985839844 0.79107666015625 0.222900390625
-0.0270767211914063 0.0547676086425781 0.6822509765625 0.41033935546875
0.0138206481933594 0.0580596923828125 0.55645751953125 0.419219970703125
0.06451416015625 0.0508155822753906 0.308441162109375 0.23333740234375
0.0406227111816406 0.0290679931640625 0.0291366577148438 -0.0187397003173828
0.0391197204589844 0.0289535522460938 -0.266891479492187 -0.241653442382813
0.0308113098144531 0.0396842956542969 -0.53143310546875 -0.327545166015625
-0.0013580322265625 0.0381584167480469 -0.7572021484375 -0.1873779296875
-0.0336036682128906 0.00779914855957031 -0.80267333984375 0.0241088867187502
0.0153999328613281 -0.0418968200683594 -0.78826904296875 0.0329589843749999
0.104705810546875 -0.024566650390625 -0.553497314453125 0.084197998046875
0.111839294433594 0.017364501953125 -0.169845581054688 0.000625610351562499
0.124702453613281 0.0538558959960938 0.218673706054687 0.009124755859375
0.145050048828125 -0.0071868896484375 0.59088134765625 0.00506591796875
0.0493202209472656 -0.0430793762207031 0.76458740234375 0.0458984375
-0.0345211029052734 0.00823211669921876 0.81341552734375 0.21270751953125
-0.0255088806152344 0.0646171569824219 0.696044921875 0.38525390625
0.01531982421875 0.0663909912109375 0.550140380859375 0.386932373046875
0.0674629211425781 0.050567626953125 0.283447265625 0.2113037109375
0.0427932739257813 0.0312347412109375 0.00293731689453125 -0.0334529876708984
0.0428085327148438 0.0344314575195313 -0.28778076171875 -0.2581787109375
0.0291061401367188 0.0500373840332031 -0.5430908203125 -0.348724365234375
-0.00646209716796875 0.0483474731445312 -0.75677490234375 -0.2064208984375
-0.0381546020507813 0.00586318969726563 -0.7955322265625 0.0134887695312499
0.0279045104980469 -0.0531692504882813 -0.77996826171875 0.0338745117187502
0.127487182617188 -0.0205612182617188 -0.5445556640625 0.0784912109375001
0.132270812988281 0.0308914184570313 -0.146484375 0.00630187988281253
0.12225341796875 0.0410079956054688 0.23822021484375 0.006256103515625
0.133872985839844 -0.0124664306640625 0.59320068359375 -0.00128173828125
0.0425148010253906 -0.0381507873535156 0.7774658203125 0.0352783203125
-0.0328273773193359 0.0159206390380859 0.83843994140625 0.1861572265625
-0.0207443237304688 0.0657539367675781 0.711669921875 0.34539794921875
0.0157928466796875 0.059356689453125 0.542572021484375 0.3505859375
0.0623245239257813 0.0443954467773438 0.262786865234375 0.189285278320312
0.0407905578613281 0.0256881713867187 -0.0219230651855469 -0.0463104248046875
0.0383834838867188 0.033447265625 -0.3062744140625 -0.276397705078125
0.0230636596679688 0.0507926940917969 -0.545379638671875 -0.380859375
-0.0123863220214844 0.04461669921875 -0.75091552734375 -0.2445068359375
-0.03668212890625 -0.00150299072265625 -0.78253173828125 -0.00988769531249984
0.03924560546875 -0.0524978637695313 -0.76708984375 0.0240478515625002
0.137550354003906 -0.0123214721679688 -0.535797119140625 0.0694580078125001
0.133567810058594 0.0426788330078125 -0.12298583984375 0.0190353393554687
0.103439331054688 0.0252227783203125 0.258453369140625 0.001373291015625
0.111236572265625 -0.012847900390625 0.601806640625 -0.0137939453125
0.0345306396484375 -0.0261917114257812 0.79290771484375 0.01544189453125
-0.0237751007080078 0.0196685791015625 0.85736083984375 0.1466064453125
-0.0154495239257813 0.0562324523925781 0.718505859375 0.30157470703125
0.0122604370117188 0.0444793701171875 0.53387451171875 0.314849853515625
0.0484504699707031 0.0304832458496094 0.24285888671875 0.172821044921875
0.0309791564941406 0.0140743255615234 -0.0445327758789063 -0.0567741394042969
0.0256538391113281 0.0230484008789062 -0.321258544921875 -0.29608154296875
0.0135383605957031 0.0357170104980469 -0.54522705078125 -0.42169189453125
-0.0162200927734375 0.0320587158203125 -0.73388671875 -0.289306640625
-0.0321750640869141 -0.00676727294921875 -0.764892578125 -0.0410766601562501
0.0413436889648438 -0.0418357849121094 -0.75836181640625 0.0124511718750001
0.129898071289063 0.00222015380859375 -0.528839111328125 0.0615844726562501
0.118560791015625 0.0495681762695313 -0.103935241699219 0.029571533203125
-0.0595817565917969 -0.0241737365722656 0.171829223632813 0.0050506591796875
-0.0420112609863281 0.0171775817871094 0.603515625 -0.020263671875
-0.009765625 0.0329246520996094 0.75384521484375 -0.03839111328125
0.00644683837890625 0.022125244140625 0.781982421875 0.14599609375
0.00182342529296875 -0.0129537582397461 0.68609619140625 0.36590576171875
-0.0110702514648438 -0.0489273071289063 0.576904296875 0.40252685546875
-0.0035247802734375 -0.0295219421386719 0.33990478515625 0.2513427734375
-0.0183200836181641 -0.0331935882568359 0.0552940368652344 0.00448226928710937
-0.0195732116699219 -0.0453605651855469 -0.229690551757813 -0.230758666992187
-0.0111312866210937 -0.0593452453613281 -0.498077392578125 -0.345367431640625
-0.00175857543945312 -0.04986572265625 -0.74969482421875 -0.2276611328125
-0.00232505798339844 -0.0176658630371094 -0.81317138671875 -0.0346069335937499
-0.00904655456542969 0.0182323455810547 -0.7900390625 -0.0137939453125001
-0.0263023376464844 0.0234279632568359 -0.54852294921875 0.07159423828125
-0.060302734375 -0.0117416381835937 -0.193130493164063 0.0102386474609375
-0.0152397155761719 0.00125694274902344 0.164093017578125 0.007720947265625
0.00727176666259766 0.0155029296875 0.6055908203125 -0.00408935546875
0.0052032470703125 0.012242317199707 0.75445556640625 -0.02130126953125
-0.00719928741455078 0.0136070251464844 0.7689208984375 0.1668701171875
-0.00633525848388672 0.00472068786621094 0.67327880859375 0.3948974609375
-0.00207328796386719 -0.0219078063964844 0.57562255859375 0.4288330078125
0.0194473266601563 -0.00751876831054688 0.342498779296875 0.261566162109375
-0.00132274627685547 -0.0137853622436523 0.0649871826171875 0.007110595703125
-0.00331878662109375 -0.02587890625 -0.2249755859375 -0.226104736328125
0.000474929809570315 -0.0326099395751953 -0.500762939453125 -0.326568603515625
-0.00311088562011719 -0.0254669189453125 -0.7496337890625 -0.201171875
-0.0120277404785156 -0.0118436813354492 -0.81390380859375 -0.00592041015625016
-0.00503158569335937 0.00149250030517578 -0.79608154296875 0.00659179687499984
0.00812816619873047 0.00883865356445313 -0.55535888671875 0.084869384765625
-0.0192928314208984 -0.00462722778320312 -0.201705932617188 0.00389099121093749
0.034027099609375 0.0309429168701172 0.169387817382813 0.0121002197265625
0.0597763061523438 0.0134506225585938 0.60345458984375 0.00640869140625
0.0233650207519531 -0.0103054046630859 0.7528076171875 -0.00341796875
-0.0170202255249023 0.00678443908691406 0.76861572265625 0.19268798828125
-0.0151596069335938 0.0261821746826172 0.66729736328125 0.41607666015625
0.00270366668701172 0.0119447708129883 0.56988525390625 0.4388427734375
0.0403060913085938 0.0164146423339844 0.342803955078125 0.26226806640625
0.0194549560546875 0.00292015075683594 0.0632591247558594 0.00447463989257813
0.0133905410766602 -0.00503253936767578 -0.231353759765625 -0.225830078125
0.0136184692382813 -0.00446128845214844 -0.509918212890625 -0.316680908203125
3.2961368560791E-05 -0.000801205635070801 -0.75238037109375 -0.18218994140625
-0.0204830169677734 0.000648498535156248 -0.8125 0.0167236328125001
0.00244617462158203 -0.0122833251953125 -0.7996826171875 0.0237426757812501
0.0421485900878906 -0.00571823120117188 -0.56280517578125 0.0858764648437501
0.0307960510253906 -0.00104331970214844 -0.20135498046875 0.00355529785156253
0.0762786865234375 0.0509796142578125 0.179214477539062 0.010894775390625
0.106887817382813 0.0101394653320313 0.5994873046875 0.009521484375
0.0416603088378906 -0.0279121398925781 0.75079345703125 0.01763916015625
-0.0282211303710938 0.00216865539550781 0.77215576171875 0.20977783203125
-0.0237960815429687 0.042999267578125 0.6728515625 0.4207763671875
0.0074005126953125 0.0385627746582031 0.565185546875 0.43511962890625
0.0553398132324219 0.0359992980957031 0.328094482421875 0.25311279296875
0.0329875946044922 0.0167980194091797 0.0513267517089844 -0.00493240356445312
0.0308685302734375 0.0144252777099609 -0.244354248046875 -0.230178833007813
0.0258522033691406 0.0186977386474609 -0.517425537109375 -0.31683349609375
0.00238418579101563 0.0221023559570313 -0.7557373046875 -0.17327880859375
-0.0263309478759766 0.00776290893554688 -0.81109619140625 0.0284423828124998
0.00700187683105469 -0.0299663543701172 -0.79681396484375 0.03594970703125
0.0745162963867188 -0.0190887451171875 -0.560150146484375 0.090118408203125
0.07757568359375 0.00569915771484375 -0.191162109375 -0.00119018554687497
0.109809875488281 0.0595932006835938 0.196884155273438 0.008758544921875
0.136054992675781 0.00276947021484375 0.59405517578125 0.00750732421875
0.0484848022460938 -0.0417709350585938 0.75732421875 0.033203125
-0.0325202941894531 0.00276374816894531 0.792236328125 0.2174072265625
-0.026123046875 0.0565948486328125 0.6827392578125 0.40997314453125
0.0140609741210938 0.0589408874511719 0.55853271484375 0.41766357421875
0.0659294128417969 0.0495452880859375 0.30859375 0.233367919921875
0.0430564880371094 0.028167724609375 0.0291156768798828 -0.0179328918457031
0.0382652282714844 0.0295906066894531 -0.266189575195313 -0.241241455078125
0.0316352844238281 0.0383377075195313 -0.530975341796875 -0.3258056640625
-0.000988006591796875 0.0383415222167969 -0.7572021484375 -0.18450927734375
-0.0337181091308594 0.0102977752685547 -0.802978515625 0.0280761718750001
0.0161819458007813 -0.0440177917480469 -0.7904052734375 0.03802490234375
0.106491088867188 -0.0258255004882813 -0.55487060546875 0.08819580078125
0.111488342285156 0.0164871215820313 -0.169723510742188 0.00131225585937498
0.125076293945313 0.054229736328125 0.217910766601563 0.00823974609375
0.143707275390625 -0.00738525390625 0.59130859375 0.00238037109375
0.0487442016601562 -0.0422172546386719 0.7645263671875 0.03961181640625
-0.035858154296875 0.00970077514648438 0.81414794921875 0.20892333984375
-0.0270462036132813 0.0674972534179688 0.69561767578125 0.3834228515625
0.0153274536132812 0.0658187866210938 0.550384521484375 0.384521484375
0.0684547424316406 0.0512733459472656 0.28497314453125 0.210296630859375
0.0462989807128906 0.0304756164550781 0.00300407409667969 -0.0332241058349609
0.0444488525390625 0.0352592468261719 -0.28753662109375 -0.256011962890625
0.0300102233886719 0.0493507385253906 -0.5408935546875 -0.346832275390625
-0.00646972656249999 0.0483741760253906 -0.75738525390625 -0.20147705078125
-0.0393562316894531 0.00604248046874999 -0.793212890625 0.01715087890625
0.02685546875 -0.0532379150390625 -0.77850341796875 0.0381469726562499
0.129646301269531 -0.0239944458007812 -0.544189453125 0.0826721191406249
0.134078979492188 0.0310287475585938 -0.144805908203125 0.00759887695312499
0.123260498046875 0.0428619384765625 0.238555908203125 0.005523681640625
0.133598327636719 -0.0138320922851563 0.59588623046875 -0.005615234375
0.0417976379394531 -0.0381889343261719 0.77923583984375 0.03155517578125
-0.0342082977294922 0.0163612365722656 0.838134765625 0.1824951171875
-0.0209732055664062 0.0671157836914063 0.7115478515625 0.343994140625
0.0175590515136719 0.0599479675292969 0.54266357421875 0.347625732421875
0.0636749267578125 0.0439567565917969 0.263229370117188 0.189224243164063
0.0389785766601563 0.0246315002441406 -0.0227890014648437 -0.0453376770019531
0.036651611328125 0.0346565246582031 -0.307647705078125 -0.274261474609375
0.0249786376953125 0.05010986328125 -0.54852294921875 -0.379608154296875
-0.0141220092773437 0.0441017150878906 -0.74920654296875 -0.23883056640625
-0.0382957458496094 -0.00271987915039063 -0.77978515625 -0.00592041015624986
0.0384559631347656 -0.0523262023925781 -0.7664794921875 0.0270385742187499
0.138702392578125 -0.013763427734375 -0.535308837890625 0.07171630859375
0.134376525878906 0.0425567626953125 -0.12164306640625 0.0188140869140625
0.10321044921875 0.0272674560546875 0.257919311523437 0.0014495849609375
0.110313415527344 -0.01513671875 0.600341796875 -0.0157470703125
0.0351753234863281 -0.0263137817382813 0.7921142578125 0.0125732421875
-0.0247383117675781 0.0211544036865234 0.85699462890625 0.14227294921875
-0.0166587829589844 0.0563163757324219 0.7164306640625 0.29669189453125
0.0115547180175781 0.0440711975097656 0.5364990234375 0.312225341796875
0.0506820678710938 0.0282630920410156 0.242630004882813 0.171646118164062
0.0302619934082031 0.0135841369628906 -0.0442924499511719 -0.0556182861328125
0.0278701782226562 0.0228137969970703 -0.321075439453125 -0.294952392578125
0.0143966674804688 0.0366554260253906 -0.54449462890625 -0.41949462890625
-0.0178623199462891 0.0323238372802734 -0.73358154296875 -0.28643798828125
-0.0313014984130859 -0.00827407836914062 -0.76434326171875 -0.0358886718749999
0.0430335998535156 -0.0445137023925781 -0.75860595703125 0.0136108398437501
0.128273010253906 0.0016632080078125 -0.52911376953125 0.06256103515625
0.118324279785156 0.0487289428710938 -0.1036376953125 0.0293045043945312
-0.0590934753417969 -0.0222969055175781 0.173187255859375 0.0060272216796875
-0.0413970947265625 0.0173416137695313 0.60540771484375 -0.01885986328125
-0.00973129272460938 0.0330715179443359 0.7550048828125 -0.04046630859375
0.00684738159179687 0.0206012725830078 0.78521728515625 0.13665771484375
0.00225639343261719 -0.0150976181030273 0.68597412109375 0.362548828125
-0.0104751586914062 -0.0509567260742188 0.58135986328125 0.399658203125
-0.000988006591796876 -0.0312652587890625 0.340118408203125 0.25091552734375
-0.0185012817382813 -0.0317344665527344 0.0559005737304688 0.00569534301757812
-0.0213203430175781 -0.0470314025878906 -0.229248046875 -0.229888916015625
-0.0113716125488281 -0.0625 -0.502716064453125 -0.343505859375
-0.000602722167968746 -0.0502738952636719 -0.75079345703125 -0.22601318359375
-0.00153255462646484 -0.0165615081787109 -0.8145751953125 -0.0305175781250001
-0.00878334045410156 0.0183448791503906 -0.79248046875 -0.00781249999999998
-0.0262928009033203 0.0235805511474609 -0.549346923828125 0.0740356445312499
-0.0603065490722656 -0.0115127563476562 -0.194168090820312 0.010040283203125
-0.0149965286254883 0.00219535827636719 0.165481567382812 0.007293701171875
0.00533580780029297 0.0159053802490234 0.60797119140625 -0.0086669921875
0.00391674041748047 0.0106687545776367 0.75653076171875 -0.026611328125
-0.00549507141113281 0.0167064666748047 0.76995849609375 0.16424560546875
-0.00265836715698242 0.00630044937133789 0.67205810546875 0.39056396484375
-0.00193023681640625 -0.0220832824707031 0.57757568359375 0.426025390625
0.0184745788574219 -0.0100822448730469 0.34442138671875 0.260528564453125
-0.000399589538574218 -0.0163087844848633 0.06463623046875 0.00759506225585938
-0.00482177734375 -0.0254611968994141 -0.225021362304688 -0.224761962890625
0.000177383422851559 -0.0334014892578125 -0.5013427734375 -0.322418212890625
-0.00215339660644531 -0.0255851745605469 -0.750244140625 -0.1959228515625
-0.0128993988037109 -0.00887584686279297 -0.81451416015625 -0.00134277343749994
-0.00544500350952148 -0.000360965728759765 -0.798583984375 0.0103149414062499
0.00687026977539062 0.00949764251708984 -0.559600830078125 0.0828857421874999
-0.0183467864990234 -0.00737571716308594 -0.203536987304688 0.00677490234375001
0.0313014984130859 0.0314064025878906 0.170135498046875 0.0087890625
0.0618171691894531 0.0135726928710938 0.60467529296875 0.00372314453125
0.0251808166503906 -0.0105667114257813 0.75335693359375 -0.00738525390625
-0.0171537399291992 0.00890445709228516 0.76849365234375 0.18743896484375
-0.0141029357910156 0.0241184234619141 0.6688232421875 0.41107177734375
0.00189113616943359 0.00957393646240235 0.57220458984375 0.4388427734375
0.0391693115234375 0.0166664123535156 0.341796875 0.258392333984375
0.0168752670288086 0.0032501220703125 0.0655899047851563 0.003936767578125
0.015110969543457 -0.00544452667236328 -0.230911254882812 -0.223373413085937
0.0136995315551758 -0.00651741027832031 -0.50811767578125 -0.31427001953125
0.000389754772186279 3.81767749786377E-05 -0.7529296875 -0.17718505859375
-0.0185813903808594 -0.000490188598632815 -0.81475830078125 0.02020263671875
-0.000579833984374999 -0.0137805938720703 -0.80267333984375 0.0292358398437499
0.0408821105957031 -0.00709915161132813 -0.563232421875 0.089599609375
0.0299167633056641 -0.00228500366210938 -0.199722290039063 0.00129699707031246
0.0750656127929688 0.0512466430664062 0.18096923828125 0.009796142578125
0.108360290527344 0.01055908203125 0.6002197265625 0.00531005859375
0.0418434143066406 -0.0286178588867188 0.7530517578125 0.0126953125
-0.0266704559326172 0.00142288208007813 0.77227783203125 0.20440673828125
-0.0218505859375 0.0435447692871094 0.676025390625 0.41748046875
0.00918197631835938 0.038116455078125 0.568359375 0.43463134765625
0.0559234619140625 0.0360183715820312 0.329681396484375 0.251312255859375
0.0343208312988281 0.0161304473876953 0.0493736267089844 -0.005157470703125
0.0313835144042969 0.0146675109863281 -0.24609375 -0.229339599609375
0.0265426635742188 0.0211200714111328 -0.515655517578125 -0.314483642578125
0.00132369995117188 0.0225563049316406 -0.7576904296875 -0.17291259765625
-0.0262203216552734 0.00676918029785156 -0.809814453125 0.0352783203124999
0.00439643859863281 -0.0273246765136719 -0.79931640625 0.0402221679687501
0.0736312866210938 -0.0208358764648438 -0.56097412109375 0.0903625488281251
0.0751113891601562 0.005218505859375 -0.191497802734375 -0.000442504882812488
0.109611511230469 0.0588150024414063 0.196151733398438 0.007232666015625
0.135818481445313 0.00186920166015625 0.5953369140625 0.0078125
0.0496406555175781 -0.0402755737304688 0.7569580078125 0.0279541015625
-0.0338573455810547 0.00436019897460937 0.7919921875 0.2147216796875
-0.0254669189453125 0.0563735961914063 0.6868896484375 0.407470703125
0.0140457153320312 0.0568733215332031 0.5628662109375 0.41485595703125
0.0673561096191406 0.0477943420410156 0.311248779296875 0.23175048828125
0.0438613891601563 0.0270729064941406 0.0304470062255859 -0.0173282623291016
0.0416717529296875 0.0285224914550781 -0.2657470703125 -0.236892700195313
0.0323829650878906 0.0391349792480469 -0.530120849609375 -0.323944091796875
-0.000938415527343753 0.0392684936523438 -0.75927734375 -0.18011474609375
-0.0312767028808594 0.0105609893798828 -0.80230712890625 0.0327148437499999
0.0160675048828125 -0.0422515869140625 -0.79071044921875 0.0439453125000001
0.107765197753906 -0.0273666381835938 -0.552154541015625 0.0901184082031249
0.112442016601563 0.0171661376953125 -0.171783447265625 0.000137329101562533
0.12591552734375 0.0554275512695313 0.217727661132813 0.00677490234375
0.144149780273438 -0.0075225830078125 0.59088134765625 0.000915527343749999
0.0514259338378906 -0.0433540344238281 0.765869140625 0.03558349609375
-0.0347042083740234 0.00834274291992188 0.81573486328125 0.20428466796875
-0.0262985229492188 0.0651931762695313 0.70068359375 0.37957763671875
0.0189094543457031 0.0642738342285156 0.551483154296875 0.382293701171875
0.0681991577148438 0.0498046875 0.287353515625 0.210845947265625
0.0454444885253906 0.0278129577636719 0.00477218627929688 -0.0316219329833984
0.0437278747558594 0.0342521667480469 -0.28936767578125 -0.255035400390625
0.0297050476074219 0.0492210388183594 -0.542022705078125 -0.342559814453125
-0.00813293457031251 0.0474929809570313 -0.758056640625 -0.19891357421875
-0.03704833984375 0.00621414184570313 -0.7947998046875 0.0203247070312501
0.0291252136230469 -0.0532646179199219 -0.77899169921875 0.04022216796875
0.130508422851563 -0.0228195190429688 -0.54510498046875 0.0815429687500001
0.132003784179688 0.0295181274414063 -0.145645141601563 0.0067291259765625
0.123428344726563 0.043426513671875 0.238616943359375 0.0056610107421875
0.134521484375 -0.0134048461914062 0.59515380859375 -0.0052490234375
0.0418281555175781 -0.0382843017578125 0.77935791015625 0.02740478515625
-0.0342788696289063 0.0153274536132812 0.84027099609375 0.1773681640625
-0.0190467834472656 0.0647125244140625 0.71368408203125 0.33892822265625
0.0176849365234375 0.0599365234375 0.54425048828125 0.347412109375
0.0632896423339844 0.041290283203125 0.262786865234375 0.188858032226563
0.0420150756835938 0.0230178833007813 -0.0210380554199219 -0.0449562072753906
0.0403099060058594 0.0334625244140625 -0.3114013671875 -0.271240234375
0.0234451293945312 0.04876708984375 -0.5478515625 -0.37957763671875
-0.0131797790527344 0.0442352294921875 -0.75067138671875 -0.23773193359375
-0.0384101867675781 -0.000659942626953123 -0.7783203125 -0.00231933593750006
0.0381317138671875 -0.0535697937011719 -0.76873779296875 0.0313720703125
0.139068603515625 -0.0141983032226563 -0.5335693359375 0.0749206542968751
0.133453369140625 0.0442733764648438 -0.123023986816406 0.017578125
0.102867126464844 0.0282669067382812 0.257369995117188 0.000442504882812502
0.111091613769531 -0.014404296875 0.60198974609375 -0.019775390625
0.0345745086669922 -0.0274982452392578 0.7930908203125 0.00677490234375
-0.0263385772705078 0.0200309753417969 0.85791015625 0.1383056640625
-0.0141372680664063 0.0559654235839844 0.72052001953125 0.29229736328125
0.0138969421386719 0.0446052551269531 0.53936767578125 0.309783935546875
0.0524139404296875 0.0291748046875 0.244705200195313 0.173095703125
0.0309886932373047 0.0122585296630859 -0.0456657409667969 -0.0562744140625
0.0279426574707031 0.0226268768310547 -0.322174072265625 -0.29229736328125
0.0159034729003906 0.0360183715820313 -0.545928955078125 -0.419158935546875
-0.0157279968261719 0.03350830078125 -0.73345947265625 -0.2825927734375
-0.0305747985839844 -0.00721740722656249 -0.76422119140625 -0.0347900390625002
0.0418243408203125 -0.0425872802734375 -0.7591552734375 0.0200195312499999
0.129379272460937 -0.0014190673828125 -0.529998779296875 0.0633850097656249
0.118049621582031 0.047332763671875 -0.104171752929687 0.030914306640625
-0.0593528747558594 -0.0211601257324219 0.172088623046875 0.0054779052734375
-0.0419235229492188 0.0179519653320313 0.60430908203125 -0.0220947265625
-0.00955772399902343 0.0323772430419922 0.75738525390625 -0.04541015625
0.00764656066894531 0.0214729309082031 0.7847900390625 0.13446044921875
0.00251579284667969 -0.0128707885742188 0.687744140625 0.35858154296875
-0.0091094970703125 -0.0484962463378906 0.58123779296875 0.3974609375
-0.00150871276855469 -0.0314846038818359 0.344146728515625 0.2491455078125
-0.0185050964355469 -0.0331020355224609 0.0575599670410156 0.00574111938476562
-0.0197219848632812 -0.0446090698242188 -0.228973388671875 -0.228851318359375
-0.011199951171875 -0.0621452331542969 -0.500579833984375 -0.3426513671875
-0.00144577026367187 -0.0496940612792969 -0.75189208984375 -0.22161865234375
0.00121974945068359 -0.0173330307006836 -0.81500244140625 -0.0291748046875002
-0.008270263671875 0.0184040069580078 -0.79351806640625 -0.00646972656250007
-0.0250911712646484 0.0216636657714844 -0.551300048828125 0.076507568359375
-0.0617523193359375 -0.0127296447753906 -0.193099975585938 0.011505126953125
-0.0163850784301758 0.00351142883300781 0.1654052734375 0.0074005126953125
0.00368404388427734 0.0144519805908203 0.61004638671875 -0.0081787109375
0.00393962860107422 0.0101814270019531 0.7559814453125 -0.03021240234375
-0.00480461120605469 0.0155115127563477 0.7701416015625 0.15728759765625
-0.00434136390686035 0.0040435791015625 0.67694091796875 0.38800048828125
-0.00261497497558594 -0.0211162567138672 0.5816650390625 0.42657470703125
0.02044677734375 -0.00948524475097656 0.3470458984375 0.26025390625
-0.000608444213867187 -0.0125751495361328 0.0652427673339844 0.00852203369140625
-0.005096435546875 -0.0228309631347656 -0.2265625 -0.224288940429688
0.00218009948730469 -0.0346221923828125 -0.500030517578125 -0.322998046875
-0.00155258178710937 -0.0250759124755859 -0.7525634765625 -0.1922607421875
-0.0125446319580078 -0.00934696197509766 -0.81512451171875 0.00238037109375003
-0.00361061096191406 0.00188040733337402 -0.79901123046875 0.0172729492187502
0.00701618194580078 0.00860881805419922 -0.558990478515625 0.0855712890625001
-0.0203227996826172 -0.00557327270507813 -0.203338623046875 0.00834655761718747
0.0345916748046875 0.0304298400878906 0.169509887695313 0.0091400146484375
0.0588874816894531 0.0145339965820313 0.60589599609375 0.000183105468750001
0.0245018005371094 -0.0103912353515625 0.756103515625 -0.01104736328125
-0.0176563262939453 0.00742912292480469 0.77032470703125 0.18359375
-0.0153675079345703 0.0244426727294922 0.67138671875 0.40777587890625
0.0029597282409668 0.00869226455688477 0.5765380859375 0.43902587890625
0.0392074584960938 0.0152740478515625 0.34478759765625 0.259307861328125
0.0183506011962891 0.000225067138671875 0.0645103454589844 0.00288009643554688
0.0143775939941406 -0.00421428680419922 -0.23138427734375 -0.223663330078125
0.0139169692993164 -0.00555992126464844 -0.507843017578125 -0.31207275390625
-0.00145339965820313 -0.000411391258239746 -0.7530517578125 -0.173095703125
-0.0188827514648438 0.000631332397460941 -0.81561279296875 0.0259399414062502
0.000500679016113281 -0.0152158737182617 -0.80340576171875 0.0332031250000001
0.0425682067871094 -0.0102882385253906 -0.56219482421875 0.0926208496093751
0.0315132141113281 -0.002899169921875 -0.201980590820313 0.00263977050781247
0.0765533447265625 0.0536727905273438 0.180450439453125 0.0094146728515625
0.1064453125 0.009552001953125 0.6002197265625 0.00634765625
0.0422821044921875 -0.0292510986328125 0.75347900390625 0.0074462890625
-0.0274543762207031 0.00277328491210938 0.775390625 0.201904296875
-0.022735595703125 0.0429115295410156 0.6771240234375 0.4151611328125
0.00886917114257813 0.0390052795410156 0.56915283203125 0.43438720703125
0.0562896728515625 0.0367012023925781 0.33135986328125 0.2509765625
0.0335102081298828 0.0156459808349609 0.0494880676269531 -0.00494766235351562
0.0300121307373047 0.0146484375 -0.247329711914063 -0.2266845703125
0.0252571105957031 0.0199718475341797 -0.519439697265625 -0.311553955078125
0.00235748291015625 0.0219631195068359 -0.7596435546875 -0.16864013671875
-0.0233993530273437 0.00756072998046875 -0.811767578125 0.0375366210937499
0.00533294677734375 -0.02825927734375 -0.79974365234375 0.0459594726562501
0.0725021362304688 -0.01995849609375 -0.5625 0.09344482421875
0.0758438110351563 0.0024261474609375 -0.193649291992188 -0.00105285644531252
0.110641479492187 0.0616989135742187 0.197494506835938 0.0086669921875
0.137115478515625 0.0021209716796875 0.594482421875 0.00408935546875
0.0515289306640625 -0.0407981872558594 0.7578125 0.02349853515625
-0.0329875946044922 0.00348663330078125 0.79290771484375 0.212646484375
-0.0271492004394531 0.0575332641601563 0.6890869140625 0.40374755859375
0.0161018371582031 0.0572395324707031 0.56298828125 0.4141845703125
0.067626953125 0.0477218627929688 0.31085205078125 0.229888916015625
0.0443038940429688 0.0242881774902344 0.0295143127441406 -0.0179576873779297
0.0406723022460938 0.0275230407714844 -0.267822265625 -0.236907958984375
0.0333251953125 0.0403099060058594 -0.533599853515625 -0.32232666015625
0.00110244750976562 0.037933349609375 -0.76031494140625 -0.1759033203125
-0.0295448303222656 0.0103378295898438 -0.80401611328125 0.0374755859374998
0.0150985717773437 -0.0432968139648437 -0.7926025390625 0.04888916015625
0.106353759765625 -0.0273895263671875 -0.555328369140625 0.09088134765625
0.1123046875 0.0160903930664062 -0.172409057617188 0.00108337402343747
0.12579345703125 0.056182861328125 0.218521118164063 0.00894165039062501
0.144683837890625 -0.0074615478515625 0.5919189453125 -0.0001220703125
0.0498695373535156 -0.043792724609375 0.76605224609375 0.03131103515625
-0.0362434387207031 0.00936508178710938 0.81719970703125 0.201171875
-0.0260162353515625 0.0651283264160156 0.7025146484375 0.3756103515625
0.0184669494628906 0.0651893615722656 0.5517578125 0.381561279296875
0.0694656372070312 0.0492897033691406 0.286468505859375 0.210540771484375
0.0475120544433594 0.0283851623535156 0.00436973571777344 -0.0317306518554688
0.0450019836425781 0.0355949401855469 -0.2890625 -0.2525634765625
0.0321006774902344 0.050262451171875 -0.545318603515625 -0.342437744140625
-0.00384902954101562 0.0470314025878906 -0.75775146484375 -0.19464111328125
-0.0349483489990234 0.00565147399902344 -0.79547119140625 0.02227783203125
0.0299224853515625 -0.051300048828125 -0.7816162109375 0.0460815429687499
0.130989074707031 -0.0245513916015625 -0.545074462890625 0.0860595703125001
0.13250732421875 0.03057861328125 -0.146041870117188 0.006683349609375
0.125274658203125 0.0429840087890625 0.2388916015625 0.005279541015625
0.136627197265625 -0.0151214599609375 0.59521484375 -0.00732421875
0.041961669921875 -0.0387420654296875 0.78118896484375 0.02215576171875
-0.0335731506347656 0.015960693359375 0.8427734375 0.17327880859375
-0.0221138000488281 0.0651664733886719 0.71453857421875 0.33465576171875
0.0181007385253906 0.0590476989746094 0.54620361328125 0.346099853515625
0.0649147033691406 0.0420379638671875 0.266265869140625 0.188812255859375
0.0427207946777344 0.0247268676757813 -0.0233688354492187 -0.0450477600097656
0.040008544921875 0.0307655334472656 -0.3104248046875 -0.273162841796875
0.024932861328125 0.0486106872558594 -0.5479736328125 -0.37762451171875
-0.0137252807617188 0.0452194213867188 -0.752685546875 -0.234130859375
-0.0350666046142578 -0.00110435485839844 -0.78045654296875 0.00225830078124991
0.0399208068847656 -0.0544548034667969 -0.76904296875 0.03741455078125
0.139678955078125 -0.0170135498046875 -0.5367431640625 0.07598876953125
0.135643005371094 0.043426513671875 -0.123085021972656 0.0187454223632812
0.102882385253906 0.027435302734375 0.260498046875 0.0010833740234375
0.109039306640625 -0.0142669677734375 0.60247802734375 -0.0213623046875
0.0358352661132813 -0.0264930725097656 0.7955322265625 0.0037841796875
-0.0241489410400391 0.0206146240234375 0.86077880859375 0.13360595703125
-0.0138282775878906 0.0572395324707031 0.7210693359375 0.2890625
0.0120506286621094 0.042236328125 0.538543701171875 0.30865478515625
0.0504188537597656 0.0255279541015625 0.245635986328125 0.1685791015625
0.0324230194091797 0.0118827819824219 -0.0448226928710937 -0.0511894226074219
0.0292205810546875 0.0234813690185547 -0.322296142578125 -0.2930908203125
0.0137596130371094 0.0366439819335938 -0.546661376953125 -0.417938232421875
-0.0156421661376953 0.0326805114746094 -0.73699951171875 -0.2779541015625
-0.0304031372070313 -0.006072998046875 -0.763427734375 -0.0299072265625
0.0428428649902344 -0.043121337890625 -0.763427734375 0.0241088867187501
0.130928039550781 -0.0027313232421875 -0.532958984375 0.066497802734375
0.11578369140625 0.0496444702148438 -0.103683471679687 0.0312347412109375
-0.05865478515625 -0.0211257934570313 0.172637939453125 0.0021820068359375
-0.0428390502929687 0.0195159912109375 0.60626220703125 -0.02337646484375
-0.0115165710449219 0.0345954895019531 0.760498046875 -0.04998779296875
0.00798416137695313 0.0215511322021484 0.78961181640625 0.128662109375
0.00176429748535156 -0.0137252807617188 0.688232421875 0.35626220703125
-0.01031494140625 -0.0524139404296875 0.586181640625 0.39715576171875
-0.000850677490234376 -0.0326862335205078 0.346038818359375 0.249267578125
-0.0176277160644531 -0.0354804992675781 0.0576133728027344 0.00645828247070312
-0.0194358825683594 -0.0445175170898438 -0.23406982421875 -0.228469848632813
-0.0121307373046875 -0.06170654296875 -0.503326416015625 -0.3433837890625
-0.00228118896484374 -0.0500144958496094 -0.75396728515625 -0.215576171875
-0.001373291015625 -0.0185470581054687 -0.81561279296875 -0.0213012695312501
-0.00952720642089844 0.0189456939697266 -0.7950439453125 0.000976562500000009
-0.0269813537597656 0.0215244293212891 -0.55267333984375 0.076873779296875
-0.06298828125 -0.00972747802734375 -0.193572998046875 0.0126800537109375
-0.0176639556884766 0.00515937805175781 0.16644287109375 0.005767822265625
0.00375747680664062 0.0132617950439453 0.60784912109375 -0.009521484375
0.00537204742431641 0.0104484558105469 0.7601318359375 -0.03369140625
-0.00511455535888672 0.013946533203125 0.7745361328125 0.15533447265625
-0.00460052490234375 0.00443267822265625 0.6790771484375 0.38702392578125
-0.00180435180664062 -0.0225334167480469 0.585205078125 0.423095703125
0.0200824737548828 -0.0105705261230469 0.3472900390625 0.259033203125
-0.0004425048828125 -0.0156745910644531 0.0654373168945313 0.00574111938476562
-0.00237655639648438 -0.0267372131347656 -0.227798461914063 -0.222900390625
0.0014190673828125 -0.0351486206054688 -0.502685546875 -0.321044921875
-1.3351440429687E-05 -0.0292034149169922 -0.75286865234375 -0.19091796875
-0.010685920715332 -0.00953292846679688 -0.81683349609375 0.00366210937499994
-0.00236606597900391 0.000234127044677734 -0.80206298828125 0.02069091796875
0.00744342803955078 0.00845718383789063 -0.5614013671875 0.0876159667968751
-0.0194988250732422 -0.00770759582519531 -0.202713012695313 0.00686645507812499
0.0334396362304688 0.0340557098388672 0.169815063476563 0.010650634765625
0.06121826171875 0.0137176513671875 0.60638427734375 -0.0015869140625
0.0247631072998047 -0.0107021331787109 0.75921630859375 -0.0155029296875
-0.0152015686035156 0.007904052734375 0.771484375 0.1773681640625
-0.0154361724853516 0.0241661071777344 0.67498779296875 0.4073486328125
0.00511932373046875 0.00883197784423828 0.580322265625 0.43829345703125
0.0416183471679688 0.01397705078125 0.34521484375 0.261566162109375
0.0195217132568359 -0.000883102416992188 0.0651702880859375 0.003936767578125
0.0155210494995117 -0.00487613677978516 -0.234146118164063 -0.22271728515625
0.0139484405517578 -0.00610923767089844 -0.51220703125 -0.312103271484375
0.00168073177337646 0.000855684280395508 -0.75543212890625 -0.1719970703125
-0.0181980133056641 -0.000577926635742186 -0.8177490234375 0.0303344726562499
0.000588417053222657 -0.0143394470214844 -0.80535888671875 0.0374145507812501
0.0410308837890625 -0.00795745849609375 -0.56671142578125 0.0952148437500001
0.0290050506591797 -0.00256729125976563 -0.201934814453125 0.0034637451171875
0.0767440795898438 0.0531845092773438 0.181472778320312 0.0087738037109375
0.107315063476563 0.00848388671875 0.600341796875 0.00030517578125
0.0412368774414062 -0.0297584533691406 0.7581787109375 0.005615234375
-0.0272102355957031 0.00156402587890625 0.7774658203125 0.19854736328125
-0.0239028930664063 0.0435867309570313 0.679931640625 0.41253662109375
0.0100631713867187 0.0371246337890625 0.573974609375 0.42913818359375
0.05792236328125 0.0328330993652344 0.33160400390625 0.24896240234375
0.03668212890625 0.0144233703613281 0.0530281066894531 -0.00709152221679688
0.0324916839599609 0.0128059387207031 -0.24932861328125 -0.227752685546875
0.0274238586425781 0.0169887542724609 -0.519378662109375 -0.311431884765625
0.00094413757324219 0.0213890075683594 -0.7606201171875 -0.16552734375
-0.0265712738037109 0.00835609436035156 -0.81329345703125 0.04296875
0.00661468505859375 -0.0289745330810547 -0.80279541015625 0.0494995117187499
0.0744781494140625 -0.0218887329101563 -0.56365966796875 0.0956420898437499
0.0753326416015625 0.00353240966796875 -0.191818237304688 -0.000457763671874964
0.110359191894531 0.06195068359375 0.19989013671875 0.009002685546875
0.137260437011719 0.00075531005859375 0.59588623046875 0.0020751953125
0.0499763488769531 -0.04150390625 0.76129150390625 0.02093505859375
-0.0337753295898437 0.00367355346679688 0.794921875 0.206787109375
-0.0256843566894531 0.0575332641601563 0.690185546875 0.4046630859375
0.0147514343261719 0.0568351745605469 0.56884765625 0.4119873046875
0.0689048767089844 0.0464019775390625 0.312896728515625 0.229888916015625
0.0450363159179688 0.0246200561523437 0.0283164978027344 -0.0167961120605469
0.0424232482910156 0.0280570983886719 -0.269241333007813 -0.237701416015625
0.0338897705078125 0.0385780334472656 -0.532989501953125 -0.3211669921875
0.000930786132812503 0.0395278930664062 -0.76123046875 -0.17193603515625
-0.0319614410400391 0.00885009765625001 -0.80596923828125 0.0408325195312499
0.0173873901367188 -0.0446929931640625 -0.79302978515625 0.0530395507812501
0.107162475585937 -0.0298080444335938 -0.555419921875 0.0937499999999999
0.112327575683594 0.0147628784179688 -0.170089721679688 0.00028991699218748
0.126976013183594 0.0565338134765625 0.220382690429688 0.0081634521484375
0.145248413085938 -0.008514404296875 0.595947265625 -0.0023193359375
0.0491256713867187 -0.0460281372070312 0.76763916015625 0.02728271484375
-0.0369796752929687 0.0112991333007812 0.81805419921875 0.198486328125
-0.0243072509765625 0.0659255981445313 0.70751953125 0.3740234375
0.0196571350097656 0.0640106201171875 0.559539794921875 0.380584716796875
0.0696601867675781 0.0473442077636719 0.290679931640625 0.2098388671875
0.0481948852539063 0.0284347534179688 0.00280570983886719 -0.0313873291015625
0.0446281433105469 0.0345878601074219 -0.29156494140625 -0.25189208984375
0.0310096740722656 0.0491218566894531 -0.54595947265625 -0.34149169921875
-0.00537109375000001 0.0461082458496094 -0.76171875 -0.19287109375
-0.0370101928710938 0.00608444213867188 -0.79644775390625 0.0295410156250001
0.0273475646972656 -0.0551261901855469 -0.7852783203125 0.0469360351562498
0.129997253417969 -0.0276947021484375 -0.548583984375 0.0881958007812499
0.134521484375 0.0297317504882813 -0.14703369140625 0.00759887695312499
0.125007629394531 0.043670654296875 0.241165161132813 0.0070343017578125
0.135322570800781 -0.01513671875 0.59814453125 -0.0108642578125
0.0410423278808594 -0.0392799377441406 0.78497314453125 0.0194091796875
-0.0345993041992188 0.0175800323486328 0.84356689453125 0.16925048828125
-0.0194473266601562 0.0666847229003906 0.71807861328125 0.33355712890625
0.0179443359375 0.0586357116699219 0.549713134765625 0.343475341796875
0.0658226013183594 0.0393714904785156 0.265121459960938 0.185867309570313
0.0431938171386719 0.022430419921875 -0.0213050842285156 -0.0446968078613281
0.0411453247070313 0.0337104797363281 -0.310302734375 -0.269683837890625
0.0253868103027344 0.0492362976074219 -0.55078125 -0.375396728515625
-0.0129661560058594 0.0426063537597656 -0.7535400390625 -0.2301025390625
-0.0367965698242188 -0.00222015380859375 -0.783935546875 0.00622558593749984
0.0378150939941406 -0.0534629821777344 -0.775390625 0.040771484375
0.141021728515625 -0.01629638671875 -0.538177490234375 0.07940673828125
0.134117126464844 0.043701171875 -0.125068664550781 0.0175399780273438
0.105453491210938 0.0291671752929688 0.258590698242188 -0.000305175781249998
0.111839294433594 -0.0154342651367188 0.6033935546875 -0.02490234375
0.035400390625 -0.0272598266601563 0.797607421875 -0.00189208984375
-0.0253162384033203 0.0210628509521484 0.8619384765625 0.1268310546875
-0.0142936706542969 0.0552940368652344 0.725830078125 0.28814697265625
0.0147972106933594 0.0412559509277344 0.54132080078125 0.306640625
0.0528793334960938 0.0260086059570313 0.246826171875 0.170989990234375
0.0324115753173828 0.0130825042724609 -0.0449180603027344 -0.0537071228027344
0.0312156677246094 0.022979736328125 -0.325164794921875 -0.29156494140625
0.0161705017089844 0.0341510772705078 -0.55108642578125 -0.417755126953125
-0.0153121948242187 0.0321674346923828 -0.737548828125 -0.276123046875
-0.0285205841064453 -0.00644493103027343 -0.765869140625 -0.0247802734374999
0.0429611206054688 -0.0436859130859375 -0.76495361328125 0.0270385742187501
0.131393432617188 -0.00325775146484375 -0.532470703125 0.06915283203125
0.117294311523438 0.049591064453125 -0.10382080078125 0.0315704345703125
-0.0603370666503906 -0.0189743041992188 0.17266845703125 0.007049560546875
-0.0431098937988281 0.0182723999023438 0.6090087890625 -0.02557373046875
-0.0100231170654297 0.0342559814453125 0.76239013671875 -0.05517578125
0.00797271728515625 0.0207290649414063 0.791259765625 0.1270751953125
0.00391674041748047 -0.0164709091186523 0.6954345703125 0.35467529296875
-0.00934219360351563 -0.0525016784667969 0.59210205078125 0.39630126953125
-0.00139617919921875 -0.0332469940185547 0.3468017578125 0.249298095703125
-0.0182914733886719 -0.0334987640380859 0.0562629699707031 0.00712966918945312
-0.0210914611816406 -0.04522705078125 -0.2330322265625 -0.228775024414062
-0.0104598999023438 -0.0635986328125 -0.50531005859375 -0.3382568359375
-0.00252151489257812 -0.0521354675292969 -0.75506591796875 -0.2135009765625
0.00135421752929688 -0.0192642211914063 -0.8216552734375 -0.0174560546874999
-0.0068674087524414 0.0159769058227539 -0.8011474609375 0.00494384765624997
-0.0261039733886719 0.0215644836425781 -0.55462646484375 0.0799255371093751
-0.0637054443359375 -0.0111503601074219 -0.19500732421875 0.0136566162109375
-0.0168943405151367 0.00549030303955078 0.166885375976563 0.006927490234375
0.00540256500244141 0.012049674987793 0.61328125 -0.01177978515625
0.00631332397460938 0.0104761123657227 0.76043701171875 -0.038330078125
-0.00636959075927734 0.0147113800048828 0.774658203125 0.15167236328125
-0.00364446640014648 0.0061793327331543 0.6820068359375 0.38531494140625
-0.00213050842285156 -0.0239028930664063 0.58831787109375 0.421630859375
0.0218715667724609 -0.01202392578125 0.35540771484375 0.257537841796875
0.00305557250976562 -0.0162973403930664 0.0678253173828125 0.0070648193359375
-0.00295639038085937 -0.0247020721435547 -0.22900390625 -0.222366333007813
0.000236511230468752 -0.0349750518798828 -0.503387451171875 -0.3201904296875
-0.00258255004882812 -0.0280418395996094 -0.7579345703125 -0.185302734375
-0.010249137878418 -0.0110626220703125 -0.82196044921875 0.01043701171875
-0.00238871574401856 0.00183320045471191 -0.805419921875 0.0244140625000001
0.00649309158325195 0.0070796012878418 -0.56439208984375 0.0923461914062499
-0.0208797454833984 -0.00597953796386719 -0.20452880859375 0.00787353515625002
0.0329742431640625 0.0341262817382813 0.170639038085938 0.0089111328125
0.0624656677246094 0.0140838623046875 0.612060546875 -0.00372314453125
0.0258769989013672 -0.0112113952636719 0.76190185546875 -0.020751953125
-0.0182075500488281 0.0087127685546875 0.77496337890625 0.17535400390625
-0.0147743225097656 0.0222415924072266 0.67840576171875 0.4052734375
0.00500965118408203 0.00637722015380859 0.5843505859375 0.4351806640625
0.0425033569335937 0.0117454528808594 0.349639892578125 0.259124755859375
0.019744873046875 0.000225067138671875 0.0669059753417969 0.00391769409179688
0.0157403945922852 -0.00566577911376953 -0.23284912109375 -0.223602294921875
0.0119714736938477 -0.00661754608154297 -0.511932373046875 -0.3089599609375
-0.000627636909484863 -0.00148499011993408 -0.759033203125 -0.167724609375
-0.0177669525146484 -0.000667572021484374 -0.81878662109375 0.0366821289062501
0.00203800201416016 -0.0144777297973633 -0.80731201171875 0.0406494140625001
0.0410728454589844 -0.00976943969726562 -0.5687255859375 0.0972290039062499
0.0287857055664063 -0.00338172912597656 -0.202285766601563 0.00602722167968746
0.0771636962890625 0.052642822265625 0.181411743164063 0.0089569091796875
0.108070373535156 0.0096435546875 0.6064453125 0.00238037109375
0.04339599609375 -0.02978515625 0.76104736328125 -0.00177001953125
-0.0270767211914062 0.00253105163574218 0.78131103515625 0.194091796875
-0.0223045349121094 0.0447921752929688 0.68316650390625 0.41009521484375
0.0115242004394531 0.0376815795898437 0.57781982421875 0.43109130859375
0.0597343444824219 0.0304298400878906 0.33514404296875 0.248748779296875
0.0373420715332031 0.0152854919433594 0.0522613525390625 -0.00432586669921875
0.0332279205322266 0.0117034912109375 -0.248245239257813 -0.228866577148438
0.0251197814941406 0.0184459686279297 -0.5218505859375 -0.309417724609375
0.00409889221191406 0.0222587585449219 -0.76593017578125 -0.16046142578125
-0.0250988006591797 0.00589942932128907 -0.81243896484375 0.0490722656250001
0.0071868896484375 -0.0298328399658203 -0.806640625 0.05279541015625
0.0738372802734375 -0.0248336791992188 -0.56494140625 0.0985107421874999
0.076171875 0.00307464599609375 -0.193161010742188 -0.000457763671874964
0.109664916992187 0.0609512329101562 0.198837280273438 0.00810241699218751
0.138252258300781 0.0006103515625 0.6005859375 -0.00238037109375
0.0501365661621094 -0.0422248840332031 0.7625732421875 0.01556396484375
-0.0343780517578125 0.00362014770507813 0.79736328125 0.20367431640625
-0.0252914428710937 0.0584564208984375 0.69635009765625 0.39996337890625
0.0163764953613281 0.0568008422851562 0.57012939453125 0.41033935546875
0.0700798034667969 0.0444984436035156 0.31512451171875 0.230560302734375
0.0469589233398437 0.0251235961914062 0.0302104949951172 -0.0163936614990234
0.0425987243652344 0.0272026062011719 -0.270538330078125 -0.236557006835938
0.0353126525878906 0.0374641418457031 -0.537017822265625 -0.32025146484375
0.00175857543945312 0.0399208068847656 -0.76513671875 -0.1689453125
-0.0314903259277344 0.0105648040771484 -0.806884765625 0.0450439453125
0.0169563293457031 -0.0441665649414063 -0.79986572265625 0.05419921875
0.106475830078125 -0.0289535522460938 -0.559814453125 0.100555419921875
0.113784790039063 0.0137252807617188 -0.172286987304688 0.000350952148437532
0.127487182617188 0.0594253540039063 0.219680786132813 0.00689697265625
0.146163940429688 -0.0086669921875 0.59722900390625 -0.00494384765625
0.0489158630371094 -0.0469169616699219 0.77178955078125 0.0242919921875
-0.0371742248535156 0.00929641723632813 0.82122802734375 0.19293212890625
-0.0244865417480469 0.0672874450683594 0.71026611328125 0.37042236328125
0.0197639465332031 0.0622711181640625 0.56243896484375 0.37872314453125
0.071929931640625 0.0456314086914063 0.290740966796875 0.209320068359375
0.0500068664550781 0.0279388427734375 0.00382614135742188 -0.0287876129150391
0.0453758239746094 0.0349235534667969 -0.292755126953125 -0.25189208984375
0.0319786071777344 0.0479583740234375 -0.54754638671875 -0.339874267578125
-0.0038299560546875 0.048065185546875 -0.76617431640625 -0.19024658203125
-0.036468505859375 0.00668716430664062 -0.7987060546875 0.0336303710937501
0.0292167663574219 -0.0534629821777344 -0.78656005859375 0.05303955078125
0.132568359375 -0.02728271484375 -0.549102783203125 0.089813232421875
0.132369995117188 0.0301132202148438 -0.147247314453125 0.00740051269531253
0.125862121582031 0.0440521240234375 0.239837646484375 0.005615234375
0.134223937988281 -0.0175323486328125 0.5999755859375 -0.01239013671875
0.0441818237304688 -0.0397720336914063 0.78594970703125 0.015869140625
-0.0341434478759766 0.0171165466308594 0.8458251953125 0.1644287109375
-0.0198211669921875 0.0653610229492188 0.7227783203125 0.32965087890625
0.0195198059082031 0.0595703125 0.552001953125 0.341156005859375
0.0668258666992188 0.0361785888671875 0.2698974609375 0.186294555664063
0.0452995300292969 0.0227203369140625 -0.0232276916503906 -0.0432167053222656
0.0405769348144531 0.0345687866210938 -0.313507080078125 -0.26995849609375
0.024932861328125 0.0484161376953125 -0.553131103515625 -0.376983642578125
-0.0122032165527344 0.0460166931152344 -0.7569580078125 -0.228271484375
-0.0373115539550781 -0.000278472900390627 -0.78277587890625 0.01177978515625
0.0388679504394531 -0.0539093017578125 -0.7730712890625 0.04522705078125
0.141082763671875 -0.018646240234375 -0.5411376953125 0.07952880859375
0.136421203613281 0.0422897338867188 -0.125320434570313 0.0164718627929687
0.107406616210938 0.0269241333007813 0.260726928710938 0.000595092773437502
0.110214233398438 -0.0149459838867188 0.6043701171875 -0.02789306640625
0.0344009399414063 -0.0296669006347656 0.79962158203125 -0.007568359375
-0.0258235931396484 0.0218849182128906 0.86773681640625 0.12298583984375
-0.0151100158691406 0.0549964904785156 0.72967529296875 0.28289794921875
0.0141372680664063 0.0422401428222656 0.548583984375 0.3048095703125
0.0535697937011719 0.0262641906738281 0.247406005859375 0.170944213867188
0.0322685241699219 0.0117721557617188 -0.0449867248535156 -0.050811767578125
0.0319061279296875 0.0229892730712891 -0.3297119140625 -0.291290283203125
0.0173187255859375 0.0340843200683594 -0.55218505859375 -0.414337158203125
-0.0161037445068359 0.0345878601074219 -0.7425537109375 -0.274169921875
-0.0296611785888672 -0.00738906860351562 -0.76904296875 -0.0232543945312501
0.0437583923339844 -0.0434722900390625 -0.7679443359375 0.02923583984375
0.132591247558594 -0.003326416015625 -0.5357666015625 0.0708312988281249
0.119606018066406 0.0467376708984375 -0.103492736816406 0.031280517578125
-0.0611419677734375 -0.0194091796875 0.176422119140625 0.0057220458984375
-0.0457267761230469 0.0195732116699219 0.61199951171875 -0.029296875
-0.0098724365234375 0.0368881225585938 0.76605224609375 -0.06158447265625
0.00824165344238281 0.0190315246582031 0.7972412109375 0.12286376953125
0.00250148773193359 -0.0155878067016602 0.69976806640625 0.35272216796875
-0.0102958679199219 -0.0520210266113281 0.59637451171875 0.3924560546875
0.00187873840332031 -0.0349025726318359 0.350616455078125 0.247344970703125
-0.0164585113525391 -0.0342273712158203 0.0587387084960938 0.00599288940429687
-0.0197639465332031 -0.0466041564941406 -0.23504638671875 -0.2281494140625
-0.0107002258300781 -0.0614242553710938 -0.511077880859375 -0.33660888671875
-0.0017547607421875 -0.0527229309082031 -0.75927734375 -0.21173095703125
0.00127792358398437 -0.0188541412353516 -0.82330322265625 -0.0128784179687501
-0.00959014892578125 0.0190410614013672 -0.8031005859375 0.0125122070312501
-0.0259857177734375 0.0218029022216797 -0.55670166015625 0.08349609375
-0.0634078979492188 -0.0125083923339844 -0.194000244140625 0.0116424560546875
-0.0152997970581055 0.00905323028564453 0.171157836914063 0.0055084228515625
0.00308132171630859 0.0131340026855469 0.61370849609375 -0.015380859375
0.00412654876708984 0.0123405456542969 0.76239013671875 -0.0447998046875
-0.00519943237304687 0.013920783996582 0.7830810546875 0.14739990234375
-0.00385785102844238 0.00293874740600586 0.68585205078125 0.385498046875
-0.0010986328125 -0.0243682861328125 0.5938720703125 0.4210205078125
0.0223426818847656 -0.0106220245361328 0.355255126953125 0.25775146484375
0.00132369995117188 -0.0163736343383789 0.0659294128417969 0.00710296630859375
-0.00324058532714844 -0.0256233215332031 -0.230010986328125 -0.220306396484375
-0.00141334533691406 -0.0339679718017578 -0.510284423828125 -0.319488525390625
-0.00226211547851562 -0.0289421081542969 -0.760009765625 -0.18194580078125
-0.00948619842529297 -0.0102214813232422 -0.82403564453125 0.0180053710937499
-0.00247597694396973 0.00407290458679199 -0.81011962890625 0.03125
0.00730276107788086 0.00691556930541992 -0.5667724609375 0.09307861328125
-0.0201663970947266 -0.00701713562011718 -0.205276489257813 0.00906372070312497
0.0317134857177734 0.0332450866699219 0.171951293945313 0.008697509765625
0.0611763000488281 0.0129432678222656 0.61083984375 -0.00592041015625
0.0241737365722656 -0.0136432647705078 0.76483154296875 -0.02496337890625
-0.016632080078125 0.009033203125 0.77667236328125 0.16766357421875
-0.0139389038085938 0.0234527587890625 0.68316650390625 0.4031982421875
0.00735664367675781 0.00715923309326172 0.59246826171875 0.4371337890625
0.0437202453613281 0.01153564453125 0.351715087890625 0.259521484375
0.0206184387207031 0.00140571594238281 0.0633926391601563 0.00472259521484375
0.0174160003662109 -0.00567817687988281 -0.237777709960938 -0.220428466796875
0.0165977478027344 -0.0103397369384766 -0.5137939453125 -0.30987548828125
0.00195837020874023 -0.00102639198303223 -0.7662353515625 -0.16259765625
-0.0174016952514648 -0.000859260559082032 -0.8197021484375 0.0393066406249998
0.00194644927978516 -0.0157451629638672 -0.81195068359375 0.0455322265625001
0.0427818298339844 -0.0096282958984375 -0.56866455078125 0.10205078125
0.0287227630615234 -0.00394058227539063 -0.204391479492188 0.00199890136718747
0.0793991088867188 0.0551986694335938 0.1827392578125 0.0082855224609375
0.108833312988281 0.0087127685546875 0.6087646484375 -0.00360107421875
0.0437507629394531 -0.0321388244628906 0.76116943359375 -0.00506591796875
-0.0275402069091797 0.00403404235839843 0.7835693359375 0.1888427734375
-0.0217971801757813 0.0442008972167969 0.68658447265625 0.408447265625
0.0108184814453125 0.0388908386230469 0.58551025390625 0.428466796875
0.0597915649414062 0.0309219360351562 0.33819580078125 0.248443603515625
0.0368614196777344 0.01458740234375 0.0539970397949219 -0.00416183471679687
0.0331802368164063 0.0126972198486328 -0.250823974609375 -0.227279663085938
0.0245113372802734 0.0173206329345703 -0.52362060546875 -0.308349609375
0.00227546691894531 0.0203285217285156 -0.7646484375 -0.1593017578125
-0.0233688354492188 0.00734710693359375 -0.81591796875 0.0515136718749999
0.00789260864257813 -0.0313282012939453 -0.8084716796875 0.05841064453125
0.0745468139648437 -0.0263214111328125 -0.56689453125 0.103271484375
0.0749282836914063 0.00289154052734375 -0.193313598632813 0.00172424316406247
0.112960815429688 0.0632705688476563 0.199691772460937 0.009185791015625
0.138587951660156 0.0018768310546875 0.6046142578125 -0.00396728515625
0.0520553588867188 -0.0429115295410156 0.76702880859375 0.0098876953125
-0.0339012145996094 0.00588798522949219 0.80328369140625 0.19561767578125
-0.0251235961914063 0.05670166015625 0.70037841796875 0.39764404296875
0.0146903991699219 0.0565376281738281 0.5772705078125 0.40655517578125
0.0694465637207031 0.0425834655761719 0.318634033203125 0.22918701171875
0.0483970642089844 0.0238227844238281 0.0309734344482422 -0.0162563323974609
0.0432891845703125 0.0279884338378906 -0.2711181640625 -0.236007690429688
0.0346412658691406 0.0372161865234375 -0.538848876953125 -0.319580078125
-0.000556945800781249 0.0398979187011719 -0.7691650390625 -0.166259765625
-0.0301914215087891 0.00978660583496094 -0.8087158203125 0.0510253906250001
0.0161666870117188 -0.0441246032714844 -0.80010986328125 0.06121826171875
0.106819152832031 -0.0321502685546875 -0.561798095703125 0.10040283203125
0.113822937011719 0.0160446166992188 -0.17181396484375 4.57763671874875E-05
0.127479553222656 0.0573501586914062 0.220428466796875 0.0076141357421875
0.148788452148437 -0.01025390625 0.60076904296875 -0.01055908203125
0.0485458374023438 -0.0448265075683594 0.7763671875 0.016845703125
-0.0368881225585938 0.00974655151367188 0.82470703125 0.188720703125
-0.025848388671875 0.06787109375 0.7135009765625 0.367431640625
0.0190277099609375 0.0632743835449219 0.56939697265625 0.37591552734375
0.073577880859375 0.0455703735351563 0.29351806640625 0.207244873046875
0.0516929626464844 0.0274696350097656 0.00327301025390625 -0.0308990478515625
0.0479393005371094 0.0347213745117188 -0.295806884765625 -0.2490234375
0.0326004028320313 0.0485267639160156 -0.55255126953125 -0.337890625
-0.00524902343750001 0.0463790893554688 -0.7655029296875 -0.18743896484375
-0.036407470703125 0.00693893432617188 -0.79937744140625 0.0365600585937499
0.0279197692871094 -0.0556755065917969 -0.791259765625 0.05810546875
0.132835388183594 -0.0294113159179688 -0.550384521484375 0.0929565429687501
0.134124755859375 0.028350830078125 -0.148193359375 0.00794982910156247
0.12713623046875 0.0474700927734375 0.24407958984375 0.0050506591796875
0.136672973632813 -0.0179824829101562 0.6025390625 -0.01611328125
0.0430679321289063 -0.040863037109375 0.7877197265625 0.00762939453125
-0.0340862274169922 0.0178165435791016 0.8509521484375 0.160888671875
-0.0184249877929688 0.0672798156738281 0.72772216796875 0.32696533203125
0.0199432373046875 0.0599517822265625 0.558624267578125 0.337921142578125
0.0672798156738281 0.0373153686523437 0.271392822265625 0.184890747070313
0.0473747253417969 0.0224990844726563 -0.02117919921875 -0.0403251647949219
0.0431861877441406 0.0344314575195313 -0.31536865234375 -0.267974853515625
0.0261344909667969 0.0476608276367188 -0.557464599609375 -0.372772216796875
-0.0115203857421875 0.0442123413085938 -0.7623291015625 -0.22479248046875
-0.0349159240722656 -0.00116157531738281 -0.78851318359375 0.0164794921875
0.0399551391601563 -0.0549468994140625 -0.778564453125 0.0494384765624999
0.142684936523438 -0.01800537109375 -0.542083740234375 0.0841064453124999
0.135208129882813 0.0431289672851563 -0.124534606933594 0.0188140869140625
0.108673095703125 0.0321197509765625 0.260726928710938 -0.000183105468749998
0.11199951171875 -0.0166091918945313 0.607666015625 -0.028564453125
0.0339546203613281 -0.0292415618896484 0.80743408203125 -0.01434326171875
-0.0272560119628906 0.0233058929443359 0.86773681640625 0.11639404296875
-0.0143013000488281 0.0564460754394531 0.7333984375 0.28326416015625
0.0158119201660156 0.0425605773925781 0.551116943359375 0.302581787109375
0.0528030395507812 0.024200439453125 0.2508544921875 0.170135498046875
0.0360260009765625 0.0113372802734375 -0.0470619201660156 -0.0512123107910156
0.0308609008789063 0.0226306915283203 -0.330169677734375 -0.2894287109375
0.0156784057617188 0.0342674255371094 -0.5576171875 -0.414031982421875
-0.0165462493896484 0.0327873229980469 -0.74786376953125 -0.27215576171875
-0.0281734466552734 -0.00698280334472656 -0.7752685546875 -0.01702880859375
0.0443077087402344 -0.0443115234375 -0.7705078125 0.0350341796875001
0.134742736816406 -0.00676727294921875 -0.537017822265625 0.0762939453125
0.118972778320313 0.0486602783203125 -0.103836059570313 0.0321426391601562
-0.0637245178222656 -0.0178184509277344 0.175994873046875 0.0059814453125
-0.0439376831054688 0.0209121704101563 0.613525390625 -0.0323486328125
-0.00957870483398437 0.0323810577392578 0.7705078125 -0.06500244140625
0.00872421264648438 0.020965576171875 0.79852294921875 0.11456298828125
0.00139617919921875 -0.0171480178833008 0.70318603515625 0.34808349609375
-0.0121955871582031 -0.0531997680664062 0.6026611328125 0.39453125
-0.00140190124511718 -0.0345230102539063 0.356109619140625 0.2490234375
-0.0157470703125 -0.0330371856689453 0.0577964782714844 0.00704193115234375
-0.0207366943359375 -0.0442276000976563 -0.234375 -0.226364135742188
-0.01239013671875 -0.0623359680175781 -0.51287841796875 -0.336822509765625
-0.0027923583984375 -0.0538673400878906 -0.7646484375 -0.2064208984375
0.0018157958984375 -0.0197792053222656 -0.82666015625 -0.00860595703125006
-0.00763130187988281 0.0210857391357422 -0.80682373046875 0.0153198242187499
-0.0270118713378906 0.0219326019287109 -0.557891845703125 0.0872192382812501
-0.0640640258789063 -0.0110092163085938 -0.196975708007813 0.0136260986328125
-0.0185813903808594 0.00644111633300781 0.171371459960938 0.005523681640625
0.00381755828857422 0.0145196914672852 0.6165771484375 -0.0191650390625
0.00778388977050781 0.0113277435302734 0.76708984375 -0.05059814453125
-0.00423622131347656 0.0165796279907227 0.7838134765625 0.1416015625
-0.00458860397338867 0.00465011596679688 0.69317626953125 0.38128662109375
-0.00300216674804688 -0.0255317687988281 0.60205078125 0.42071533203125
0.0215969085693359 -0.0135955810546875 0.359710693359375 0.260101318359375
0.00249004364013672 -0.0159416198730469 0.0670509338378906 0.0118598937988281
-0.000194549560546873 -0.0263576507568359 -0.231109619140625 -0.219772338867188
-0.000545501708984373 -0.0377922058105469 -0.51239013671875 -0.315093994140625
-0.000331878662109375 -0.0297603607177734 -0.7623291015625 -0.17840576171875
-0.0102996826171875 -0.0114421844482422 -0.8280029296875 0.0220336914062501
-0.00325965881347656 0.00138163566589355 -0.813232421875 0.0362548828125
0.0071258544921875 0.00470066070556641 -0.568603515625 0.0981445312499999
-0.0210018157958984 -0.007659912109375 -0.20758056640625 0.00932312011718745
0.0336227416992188 0.0369987487792969 0.172012329101563 0.0081787109375
0.0619125366210938 0.0127754211425781 0.6165771484375 -0.01007080078125
0.0262069702148438 -0.013153076171875 0.76654052734375 -0.03369140625
-0.0158119201660156 0.00966453552246094 0.7818603515625 0.1630859375
-0.0147781372070313 0.0232467651367188 0.68878173828125 0.4012451171875
0.00647830963134766 0.00914478302001953 0.59869384765625 0.43316650390625
0.0437698364257813 0.0106086730957031 0.3572998046875 0.255157470703125
0.0221023559570313 -0.00137138366699219 0.0651168823242188 0.00347900390625
0.017491340637207 -0.00581932067871094 -0.239303588867188 -0.218887329101562
0.0164651870727539 -0.00767040252685547 -0.520721435546875 -0.30731201171875
0.000929117202758789 -0.00168097019195557 -0.76605224609375 -0.15924072265625
-0.016993522644043 0.00101375579833984 -0.82470703125 0.04608154296875
0.00345706939697266 -0.0142927169799805 -0.8157958984375 0.0543823242187499
0.0415191650390625 -0.0129547119140625 -0.5709228515625 0.10662841796875
0.030364990234375 -0.00401496887207031 -0.206573486328125 0.00563049316406252
0.0807113647460938 0.0566787719726562 0.183822631835937 0.0090789794921875
0.108894348144531 0.007537841796875 0.61175537109375 -0.0048828125
0.0434913635253906 -0.0306510925292969 0.76641845703125 -0.012939453125
-0.0265846252441406 0.00335311889648438 0.78887939453125 0.18475341796875
-0.0250892639160156 0.0408821105957031 0.69482421875 0.4051513671875
0.0110626220703125 0.0373001098632813 0.58917236328125 0.42962646484375
0.0599174499511719 0.0290603637695313 0.34295654296875 0.245941162109375
0.0408973693847656 0.0144500732421875 0.0534858703613281 -0.00462722778320313
0.0345325469970703 0.0137901306152344 -0.253387451171875 -0.22503662109375
0.0280437469482422 0.0202579498291016 -0.527008056640625 -0.3062744140625
0.00320625305175781 0.0214977264404297 -0.770263671875 -0.15289306640625
-0.0237712860107422 0.0102672576904297 -0.82147216796875 0.05718994140625
0.00803375244140625 -0.0292758941650391 -0.81451416015625 0.0621337890625
0.0755996704101563 -0.0250244140625 -0.57073974609375 0.10870361328125
0.075775146484375 0.003875732421875 -0.19482421875 0.00271606445312498
0.11468505859375 0.065887451171875 0.20245361328125 0.0078277587890625
0.140518188476563 -0.00141143798828125 0.6065673828125 -0.006103515625
0.0519943237304688 -0.0446510314941406 0.7716064453125 0.003662109375
-0.0350017547607422 0.00387001037597656 0.80633544921875 0.1912841796875
-0.0263938903808594 0.0593032836914063 0.7054443359375 0.3924560546875
0.0153656005859375 0.0564460754394531 0.58477783203125 0.40386962890625
0.0715484619140625 0.0415115356445312 0.3238525390625 0.228302001953125
0.0485305786132813 0.0215950012207031 0.0295600891113281 -0.0175609588623047
0.0445823669433594 0.0275192260742187 -0.275070190429688 -0.235366821289062
0.0353050231933594 0.0364761352539063 -0.54376220703125 -0.316192626953125
0.00023651123046875 0.0371780395507813 -0.7703857421875 -0.15802001953125
-0.029510498046875 0.00999259948730469 -0.8115234375 0.05908203125
0.01715087890625 -0.0434455871582031 -0.80584716796875 0.0678100585937501
0.1077880859375 -0.0330581665039062 -0.562744140625 0.10357666015625
0.114875793457031 0.013824462890625 -0.172332763671875 0.00187683105468753
0.131217956542969 0.059661865234375 0.22149658203125 0.00718688964843751
0.148452758789062 -0.0114288330078125 0.60040283203125 -0.00958251953125
0.0482940673828125 -0.048919677734375 0.77886962890625 0.01031494140625
-0.0362625122070313 0.00967788696289063 0.83013916015625 0.18304443359375
-0.0274124145507813 0.0671577453613281 0.72039794921875 0.36517333984375
0.0222969055175781 0.0642204284667969 0.572509765625 0.375732421875
0.0743942260742188 0.04339599609375 0.29656982421875 0.206390380859375
0.0529365539550781 0.0240135192871094 0.00569915771484376 -0.0280418395996094
0.0492591857910156 0.0331611633300781 -0.2958984375 -0.24609375
0.0335693359375 0.0486412048339844 -0.555206298828125 -0.33660888671875
-0.00396728515625 0.0462913513183594 -0.77154541015625 -0.18096923828125
-0.0365638732910156 0.00779724121093749 -0.8021240234375 0.0451660156250001
0.0282554626464844 -0.0556793212890625 -0.79522705078125 0.0632324218749999
0.132972717285156 -0.0333328247070313 -0.5531005859375 0.097686767578125
0.134262084960937 0.0282669067382812 -0.148284912109375 0.00584411621093749
0.126617431640625 0.0479965209960938 0.24420166015625 0.00372314453125
0.1375732421875 -0.0182647705078125 0.6068115234375 -0.01910400390625
0.0416679382324219 -0.0420570373535156 0.7952880859375 0.00201416015625
-0.0337734222412109 0.0167675018310547 0.85467529296875 0.15386962890625
-0.0192451477050781 0.0674819946289063 0.7330322265625 0.32403564453125
0.0209808349609375 0.0570449829101563 0.562225341796875 0.33721923828125
0.0694808959960938 0.0374946594238281 0.2723388671875 0.186294555664063
0.0472946166992188 0.0189552307128906 -0.0236282348632812 -0.0412254333496094
0.04559326171875 0.0323104858398438 -0.318115234375 -0.268798828125
0.0278701782226563 0.0466499328613281 -0.561004638671875 -0.370941162109375
-0.0110435485839844 0.0437545776367188 -0.76513671875 -0.22027587890625
-0.0357170104980469 -0.00186920166015625 -0.788818359375 0.0213012695312502
0.0392341613769531 -0.0573196411132812 -0.7825927734375 0.0582275390624999
0.144882202148438 -0.02081298828125 -0.544921875 0.0880737304687499
0.137847900390625 0.0411148071289062 -0.124191284179687 0.018524169921875
0.107948303222656 0.0315170288085938 0.262908935546875 0.0020294189453125
0.111961364746094 -0.0190963745117188 0.613525390625 -0.03436279296875
0.0340023040771484 -0.0294437408447266 0.80682373046875 -0.02056884765625
-0.0259933471679688 0.0210285186767578 0.87255859375 0.1126708984375
-0.0130500793457031 0.057830810546875 0.74102783203125 0.27587890625
0.0168190002441406 0.0432662963867188 0.5552978515625 0.301483154296875
0.05419921875 0.0211067199707031 0.252609252929688 0.168731689453125
0.0352325439453125 0.0105476379394531 -0.0462608337402344 -0.0532493591308594
0.0338935852050781 0.0221519470214844 -0.33270263671875 -0.287017822265625
0.0167064666748047 0.0341224670410156 -0.561065673828125 -0.413970947265625
-0.0166893005371094 0.0328254699707031 -0.75146484375 -0.269287109375
-0.0295581817626953 -0.00742912292480468 -0.7740478515625 -0.00958251953125009
0.0445976257324219 -0.0465621948242188 -0.7763671875 0.042236328125
0.135185241699219 -0.00722503662109375 -0.53936767578125 0.0798950195312501
0.118583679199219 0.0470657348632813 -0.103187561035156 0.0326385498046875
-0.0637016296386719 -0.0173225402832031 0.177505493164063 0.003936767578125
-0.0445899963378906 0.02008056640625 0.61505126953125 -0.03997802734375
-0.00858879089355469 0.0340194702148438 0.7740478515625 -0.07342529296875
0.0124893188476563 0.0201206207275391 0.80206298828125 0.10931396484375
0.00300788879394531 -0.016448974609375 0.707763671875 0.34552001953125
-0.00815582275390625 -0.0558433532714844 0.61102294921875 0.3914794921875
0.00254058837890625 -0.0377311706542969 0.35894775390625 0.24700927734375
-0.0168437957763672 -0.0345172882080078 0.0605278015136719 0.00473785400390625
-0.0175094604492188 -0.0453872680664062 -0.239181518554688 -0.22650146484375
-0.0117340087890625 -0.063079833984375 -0.515838623046875 -0.335113525390625
-0.00287628173828125 -0.0533256530761719 -0.76824951171875 -0.201171875
0.00216293334960937 -0.0187397003173828 -0.83038330078125 -0.000610351562499836
-0.00811958312988281 0.0218639373779297 -0.812744140625 0.0218505859375
-0.0254306793212891 0.0188999176025391 -0.562744140625 0.0931396484375
-0.0682754516601563 -0.0110244750976563 -0.196502685546875 0.014862060546875
-0.0143556594848633 0.00900936126708984 0.172119140625 0.0061187744140625
0.00455093383789063 0.0148763656616211 0.6207275390625 -0.02313232421875
0.004730224609375 0.0114421844482422 0.77239990234375 -0.05889892578125
-0.00412464141845703 0.0144586563110352 0.78839111328125 0.134765625
-0.00606536865234375 0.00534296035766602 0.69921875 0.37786865234375
-0.00057411193847656 -0.0256805419921875 0.6082763671875 0.416259765625
0.0236568450927734 -0.0140838623046875 0.36297607421875 0.252899169921875
0.00223159790039062 -0.0175065994262695 0.0679779052734375 0.008575439453125
-0.00220298767089844 -0.0266227722167969 -0.232559204101562 -0.2188720703125
-0.00114822387695312 -0.0353202819824219 -0.51666259765625 -0.316864013671875
-0.00199127197265625 -0.0293636322021484 -0.76593017578125 -0.16937255859375
-0.00880050659179688 -0.0110139846801758 -0.82855224609375 0.029052734375
-0.00505590438842773 0.00158214569091797 -0.81671142578125 0.0438842773437499
0.00512075424194336 0.00492668151855469 -0.572998046875 0.101318359375
-0.0226230621337891 -0.00640296936035156 -0.207489013671875 0.0127105712890625
0.035614013671875 0.0380783081054688 0.172821044921875 0.00732421875
0.0615005493164063 0.0119590759277344 0.61810302734375 -0.0133056640625
0.0259819030761719 -0.0136432647705078 0.7724609375 -0.040283203125
-0.0169477462768555 0.00622844696044922 0.7843017578125 0.15814208984375
-0.0129299163818359 0.0252475738525391 0.694091796875 0.396728515625
0.00574970245361328 0.00585460662841797 0.60235595703125 0.4305419921875
0.0438919067382813 0.00862884521484375 0.360687255859375 0.254974365234375
0.0254039764404297 -0.002105712890625 0.0674018859863281 0.00492095947265625
0.0185661315917969 -0.0061492919921875 -0.241195678710938 -0.22174072265625
0.0143671035766602 -0.00937557220458984 -0.521270751953125 -0.30511474609375
0.00139975547790527 -0.00104069709777832 -0.771240234375 -0.15350341796875
-0.0163736343383789 -0.000577926635742189 -0.82940673828125 0.0521850585937502
0.000952720642089845 -0.013209342956543 -0.8194580078125 0.0620727539062499
0.04241943359375 -0.0138359069824219 -0.5771484375 0.11138916015625
0.0286884307861328 -0.003143310546875 -0.205123901367188 0.00732421874999997
0.0816268920898438 0.0563507080078125 0.186569213867187 0.007415771484375
0.110771179199219 0.0086212158203125 0.61480712890625 -0.009033203125
0.0439796447753906 -0.0327911376953125 0.77301025390625 -0.0191650390625
-0.0270442962646484 0.00451850891113282 0.794189453125 0.17718505859375
-0.0227165222167969 0.04046630859375 0.70062255859375 0.4031982421875
0.0119361877441406 0.0361366271972656 0.59954833984375 0.42449951171875
0.0625648498535156 0.027130126953125 0.34814453125 0.24468994140625
0.0415306091308594 0.01531982421875 0.0518913269042969 -0.00376129150390625
0.0351829528808594 0.013214111328125 -0.254806518554688 -0.225601196289063
0.0288162231445313 0.0172748565673828 -0.532257080078125 -0.304840087890625
0.0038604736328125 0.0219879150390625 -0.7747802734375 -0.14703369140625
-0.0243759155273438 0.00839424133300781 -0.8245849609375 0.0639648437499999
0.00615882873535156 -0.0288352966308594 -0.81854248046875 0.0736083984375001
0.07562255859375 -0.0282745361328125 -0.5721435546875 0.1136474609375
0.0748214721679688 0.00376129150390625 -0.193649291992187 0.00358581542968751
0.114265441894531 0.0672531127929687 0.202423095703125 0.0072479248046875
0.14141845703125 -0.00146484375 0.6087646484375 -0.010986328125
0.0499076843261719 -0.0463523864746094 0.77520751953125 -0.004638671875
-0.0360221862792969 0.00360107421874999 0.8125 0.18536376953125
-0.0263938903808594 0.0587654113769531 0.71044921875 0.392333984375
0.0183258056640625 0.0570945739746094 0.587646484375 0.4036865234375
0.0728073120117188 0.039794921875 0.325042724609375 0.22625732421875
0.0497627258300781 0.0228271484375 0.0302028656005859 -0.0144729614257812
0.0460205078125 0.0266914367675781 -0.276382446289063 -0.23321533203125
0.0336837768554687 0.0364761352539063 -0.546173095703125 -0.31396484375
0.00345611572265625 0.0410194396972656 -0.77691650390625 -0.15411376953125
-0.0300807952880859 0.00935554504394532 -0.8145751953125 0.06475830078125
0.0158615112304687 -0.0449028015136719 -0.80950927734375 0.0773315429687499
0.107681274414062 -0.0360870361328125 -0.56622314453125 0.11279296875
0.112541198730469 0.0137710571289063 -0.17572021484375 0.00210571289062498
0.134269714355469 0.0617752075195313 0.222824096679688 0.005859375
0.149978637695313 -0.0110015869140625 0.60699462890625 -0.01617431640625
0.0493736267089844 -0.047637939453125 0.78369140625 0.00164794921875
-0.0385780334472656 0.0103378295898437 0.8341064453125 0.17626953125
-0.0249214172363281 0.0668296813964844 0.72454833984375 0.3619384765625
0.0206222534179687 0.0633773803710938 0.57977294921875 0.37103271484375
0.0749740600585938 0.04345703125 0.300323486328125 0.20477294921875
0.0539436340332031 0.0251655578613281 0.00280380249023438 -0.0280055999755859
0.0497322082519531 0.0346755981445313 -0.302154541015625 -0.2479248046875
0.0332107543945313 0.0477371215820313 -0.560333251953125 -0.333526611328125
-0.00594711303710937 0.0482902526855469 -0.7760009765625 -0.1763916015625
-0.0353927612304688 0.00570678710937499 -0.80584716796875 0.0526733398437499
0.0261993408203125 -0.0563888549804688 -0.79803466796875 0.07208251953125
0.133560180664063 -0.0338897705078125 -0.558258056640625 0.103271484375
0.1357421875 0.0288848876953125 -0.149703979492188 0.00700378417968751
0.129905700683594 0.0467681884765625 0.24603271484375 0.0037384033203125
0.1397705078125 -0.020721435546875 0.6087646484375 -0.0257568359375
0.0409355163574219 -0.0423545837402344 0.79974365234375 -0.00396728515625
-0.0345611572265625 0.0204811096191406 0.8603515625 0.14691162109375
-0.0186004638671875 0.0670738220214844 0.7371826171875 0.3189697265625
0.0221900939941406 0.0570945739746094 0.569091796875 0.33184814453125
0.0682373046875 0.0380134582519531 0.27655029296875 0.184112548828125
0.0488357543945312 0.0195732116699219 -0.0211257934570313 -0.0415115356445312
0.046173095703125 0.0323257446289063 -0.323089599609375 -0.2662353515625
0.0284461975097656 0.0492172241210937 -0.56695556640625 -0.37030029296875
-0.0108184814453125 0.0458106994628906 -0.77093505859375 -0.21514892578125
-0.0372467041015625 -0.00215530395507812 -0.7899169921875 0.0251464843749999
0.0412216186523438 -0.0575790405273438 -0.7867431640625 0.0617065429687498
0.145431518554688 -0.022125244140625 -0.5477294921875 0.0925292968750001
0.138290405273438 0.0412750244140625 -0.125320434570313 0.0188140869140625
0.110015869140625 0.0302734375 0.266082763671875 0.000701904296875002
0.111930847167969 -0.020111083984375 0.61541748046875 -0.0391845703125
0.0337295532226563 -0.0288105010986328 0.8121337890625 -0.0255126953125
-0.024505615234375 0.0207500457763672 0.8785400390625 0.10577392578125
-0.0130882263183594 0.0576324462890625 0.74468994140625 0.2725830078125
0.017059326171875 0.0414009094238281 0.5601806640625 0.296173095703125
0.056060791015625 0.0198631286621094 0.254806518554687 0.1705322265625
0.0365028381347656 0.00933074951171875 -0.0458335876464844 -0.0483436584472656
0.0350990295410156 0.0220680236816406 -0.33642578125 -0.287872314453125
0.0167694091796875 0.0356864929199219 -0.568603515625 -0.4093017578125
-0.0147342681884766 0.0308456420898438 -0.7568359375 -0.26202392578125
-0.0309352874755859 -0.00703620910644532 -0.77825927734375 -0.00415039062500011
0.0435791015625 -0.04547119140625 -0.77655029296875 0.0490722656249998
0.135734558105469 -0.008941650390625 -0.543853759765625 0.0833740234374999
0.120796203613281 0.0478591918945313 -0.10589599609375 0.0338973999023437
-0.0662841796875 -0.0150222778320313 0.175521850585938 0.0038604736328125
-0.04461669921875 0.0220413208007812 0.62109375 -0.043212890625
-0.00920867919921875 0.0363731384277344 0.7774658203125 -0.08197021484375
0.011505126953125 0.0215034484863281 0.8060302734375 0.10028076171875
0.00251007080078125 -0.0187358856201172 0.7159423828125 0.34063720703125
-0.0128059387207031 -0.0557937622070313 0.6182861328125 0.385009765625
-0.00205230712890625 -0.0360641479492188 0.362152099609375 0.24468994140625
-0.0166854858398438 -0.0374755859375 0.0597801208496094 0.0070648193359375
-0.0186958312988281 -0.04547119140625 -0.24151611328125 -0.222747802734375
-0.0133895874023438 -0.0651473999023438 -0.51995849609375 -0.332244873046875
-0.00294876098632812 -0.0540351867675781 -0.774169921875 -0.19476318359375
0.00150299072265625 -0.0209560394287109 -0.8326416015625 0.00689697265625015
-0.00872802734375 0.0217666625976563 -0.8162841796875 0.033447265625
-0.0274639129638672 0.0199508666992187 -0.56494140625 0.0992431640625
-0.0685653686523438 -0.0100975036621094 -0.199066162109375 0.015594482421875
-0.0180110931396484 0.00747871398925781 0.172531127929687 0.0037689208984375
0.00465488433837891 0.0136547088623047 0.624755859375 -0.0281982421875
0.00579833984375 0.0125370025634766 0.77398681640625 -0.06683349609375
-0.00504493713378906 0.0162630081176758 0.79437255859375 0.12603759765625
-0.0012969970703125 0.00384187698364258 0.7054443359375 0.37213134765625
-0.00127983093261719 -0.0261211395263672 0.61602783203125 0.41326904296875
0.0214996337890625 -0.0178394317626953 0.3699951171875 0.252471923828125
0.00518989562988281 -0.0182590484619141 0.0696220397949219 0.008331298828125
-0.00116729736328125 -0.0253410339355469 -0.235671997070312 -0.217758178710938
-0.00109481811523438 -0.0362892150878906 -0.5203857421875 -0.312469482421875
-0.00163841247558594 -0.0301990509033203 -0.77374267578125 -0.1651611328125
-0.0073394775390625 -0.0100507736206055 -0.83282470703125 0.0397338867187501
-0.00219368934631348 0.00270247459411621 -0.8199462890625 0.0517578125000002
0.00714302062988281 0.00541782379150391 -0.5723876953125 0.10797119140625
-0.0218963623046875 -0.00690841674804687 -0.208160400390625 0.0106658935546875
0.0358009338378906 0.0347213745117188 0.175140380859375 0.0053863525390625
0.0621261596679688 0.0122718811035156 0.6226806640625 -0.01507568359375
0.0245189666748047 -0.0132465362548828 0.77484130859375 -0.047119140625
-0.013819694519043 0.00734996795654297 0.79156494140625 0.1524658203125
-0.0121402740478516 0.0234355926513672 0.701416015625 0.3958740234375
0.00682210922241211 0.00854015350341797 0.60943603515625 0.42718505859375
0.0444450378417969 0.00734329223632813 0.365997314453125 0.2547607421875
0.0259552001953125 -0.00266265869140625 0.0683441162109375 0.00634002685546875
0.017669677734375 -0.00630569458007813 -0.242279052734375 -0.216949462890625
0.0146541595458984 -0.00730514526367188 -0.52716064453125 -0.301116943359375
0.00171923637390137 -0.00356650352478027 -0.77484130859375 -0.1463623046875
-0.0153789520263672 0.00110626220703125 -0.83099365234375 0.05999755859375
0.00201797485351562 -0.0168552398681641 -0.82220458984375 0.0713500976562499
0.041351318359375 -0.0137290954589844 -0.57720947265625 0.11834716796875
0.0283260345458984 -0.00377464294433594 -0.20947265625 0.00842285156249998
0.0832977294921875 0.0562210083007812 0.188186645507813 0.00634765625
0.111709594726563 0.00677490234375 0.61865234375 -0.0159912109375
0.0405845642089844 -0.0332298278808594 0.77532958984375 -0.0262451171875
-0.0277881622314453 0.00248336791992188 0.79962158203125 0.17059326171875
-0.0239982604980469 0.0423927307128906 0.70989990234375 0.39837646484375
0.0109443664550781 0.035888671875 0.60638427734375 0.42059326171875
0.0641059875488281 0.0264701843261719 0.350494384765625 0.2418212890625
0.0420188903808594 0.0115852355957031 0.0534172058105469 -0.00352859497070312
0.0359573364257813 0.0100440979003906 -0.257598876953125 -0.222686767578125
0.0293140411376953 0.0177001953125 -0.5382080078125 -0.302978515625
0.002105712890625 0.0209941864013672 -0.7803955078125 -0.139404296875
-0.0229263305664062 0.00677299499511719 -0.82684326171875 0.0729980468750001
0.00767707824707031 -0.031585693359375 -0.821044921875 0.0816040039062501
0.0779876708984375 -0.0286483764648438 -0.57574462890625 0.11968994140625
0.0742721557617187 0.00138092041015625 -0.19610595703125 0.00373840332031248
0.117332458496094 0.0663833618164063 0.203781127929688 0.00505065917968751
0.141983032226562 -0.002105712890625 0.61279296875 -0.0152587890625
0.0505752563476562 -0.0470542907714844 0.78076171875 -0.0130615234375
-0.0334205627441406 0.00521087646484375 0.8187255859375 0.1768798828125
-0.0245323181152344 0.0577430725097656 0.71881103515625 0.38580322265625
0.0178489685058594 0.0575714111328125 0.59515380859375 0.4005126953125
0.0756607055664063 0.0395050048828125 0.3299560546875 0.224395751953125
0.0517997741699219 0.0212936401367188 0.0323562622070313 -0.0162162780761719
0.04736328125 0.0257530212402344 -0.278182983398438 -0.231552124023438
0.0374069213867188 0.0376434326171875 -0.551513671875 -0.3104248046875
0.0032958984375 0.04071044921875 -0.78167724609375 -0.1461181640625
-0.0307788848876953 0.0107517242431641 -0.81878662109375 0.0697021484375
0.0157890319824219 -0.0474739074707031 -0.80975341796875 0.0843505859374999
0.109535217285156 -0.0365982055664063 -0.56890869140625 0.11553955078125
0.112747192382813 0.013214111328125 -0.176986694335938 0.00543212890625
0.133445739746094 0.0620193481445313 0.227752685546875 0.0049896240234375
0.15045166015625 -0.0138092041015625 0.60955810546875 -0.0218505859375
0.0497283935546875 -0.0483055114746094 0.78759765625 -0.0042724609375
-0.0385551452636719 0.0117263793945312 0.838623046875 0.17041015625
-0.0248489379882812 0.0711669921875 0.7333984375 0.35784912109375
0.0242919921875 0.063629150390625 0.584716796875 0.36749267578125
0.0774154663085938 0.0405960083007813 0.3045654296875 0.202423095703125
0.0543861389160156 0.0246543884277344 0.00457572937011719 -0.0273113250732422
0.0493888854980469 0.0334663391113281 -0.305419921875 -0.245208740234375
0.0342292785644531 0.0481605529785156 -0.56573486328125 -0.33441162109375
-0.00527572631835937 0.0475006103515625 -0.7816162109375 -0.16998291015625
-0.0359649658203125 0.0068359375 -0.81109619140625 0.0619506835937499
0.0274925231933594 -0.0557212829589844 -0.7998046875 0.08123779296875
0.134040832519531 -0.0356369018554688 -0.558502197265625 0.106719970703125
0.137802124023437 0.0275955200195312 -0.148666381835938 0.0107421875
0.131340026855469 0.04681396484375 0.246566772460937 0.0015869140625
0.138946533203125 -0.0204620361328125 0.614013671875 -0.02899169921875
0.0400047302246094 -0.0424880981445312 0.803466796875 -0.0113525390625
-0.0335769653320313 0.0189380645751953 0.86297607421875 0.1353759765625
-0.0187263488769531 0.0696182250976563 0.74493408203125 0.314453125
0.0230789184570312 0.0573692321777344 0.57421875 0.3262939453125
0.0714797973632813 0.033843994140625 0.279205322265625 0.183197021484375
0.0511016845703125 0.0208358764648437 -0.0226211547851562 -0.0396575927734375
0.0466880798339844 0.0325393676757813 -0.324554443359375 -0.263153076171875
0.0277175903320312 0.0488433837890625 -0.5731201171875 -0.36407470703125
-0.0104141235351563 0.04571533203125 -0.7760009765625 -0.21075439453125
-0.0338516235351563 -0.00248336791992188 -0.79559326171875 0.0350341796875001
0.0388908386230469 -0.0584754943847656 -0.791259765625 0.0716552734374999
0.145095825195313 -0.02459716796875 -0.547821044921875 0.1009521484375
0.13934326171875 0.0414276123046875 -0.125389099121094 0.0189666748046875
0.111053466796875 0.0312652587890625 0.265716552734375 -0.0030517578125
0.113677978515625 -0.019500732421875 0.6190185546875 -0.0438232421875
0.0342330932617188 -0.0316429138183594 0.81597900390625 -0.03607177734375
-0.0268192291259766 0.0223159790039062 0.8814697265625 0.097900390625
-0.0120391845703125 0.0587425231933594 0.751953125 0.2672119140625
0.0173797607421875 0.0411224365234375 0.56494140625 0.29248046875
0.0542259216308594 0.0196495056152344 0.257904052734375 0.166915893554688
0.0391120910644531 0.0101432800292969 -0.0469169616699219 -0.0480079650878906
0.035247802734375 0.0216293334960938 -0.341644287109375 -0.283721923828125
0.015716552734375 0.0342159271240234 -0.57244873046875 -0.40850830078125
-0.0141010284423828 0.0341701507568359 -0.7613525390625 -0.25567626953125
-0.0286865234375 -0.00767135620117188 -0.7825927734375 0.00207519531250009
0.0434761047363281 -0.0497016906738281 -0.7830810546875 0.0555419921875
0.136566162109375 -0.0109939575195313 -0.546661376953125 0.089263916015625
0.119606018066406 0.048370361328125 -0.106513977050781 0.0323104858398438
-0.063140869140625 -0.0152359008789062 0.177230834960937 0.00372314453125
-0.0461502075195312 0.0210685729980469 0.6229248046875 -0.0484619140625
-0.00999832153320313 0.0357131958007813 0.78143310546875 -0.09161376953125
0.0139331817626953 0.0221710205078125 0.8114013671875 0.091552734375
0.00378608703613281 -0.0165557861328125 0.72369384765625 0.3370361328125
-0.0122489929199219 -0.0561027526855469 0.62603759765625 0.38177490234375
0.000244140624999996 -0.0402565002441406 0.36761474609375 0.240478515625
-0.0159378051757813 -0.0382194519042969 0.060455322265625 0.006134033203125
-0.0215301513671875 -0.0479812622070313 -0.244598388671875 -0.22442626953125
-0.0134391784667969 -0.0630874633789063 -0.52423095703125 -0.326080322265625
-0.00411224365234375 -0.0531997680664063 -0.78009033203125 -0.18658447265625
0.000640869140624998 -0.0183391571044922 -0.83697509765625 0.0165405273437498
-0.00434112548828125 0.0225639343261719 -0.81927490234375 0.04193115234375
-0.0278167724609375 0.0197467803955078 -0.5677490234375 0.1058349609375
-0.072113037109375 -0.00965881347656251 -0.201080322265625 0.0175323486328125
-0.0159187316894531 0.0091552734375 0.173141479492188 0.003631591796875
0.00422286987304687 0.0161428451538086 0.627197265625 -0.03533935546875
0.0060262680053711 0.011199951171875 0.7763671875 -0.07843017578125
-0.00265216827392578 0.0171871185302734 0.79595947265625 0.11859130859375
-0.00378179550170898 0.00245761871337891 0.7127685546875 0.36712646484375
-0.000694274902343751 -0.0269775390625 0.623046875 0.409912109375
0.0245933532714844 -0.018310546875 0.375335693359375 0.24957275390625
0.00301361083984375 -0.0192394256591797 0.0690765380859375 0.00762939453125
-0.000995635986328124 -0.0256748199462891 -0.238571166992188 -0.214691162109375
0.00116348266601563 -0.0373992919921875 -0.526580810546875 -0.30889892578125
-0.00567817687988282 -0.0287075042724609 -0.77703857421875 -0.1566162109375
-0.00896358489990234 -0.0100851058959961 -0.837890625 0.04766845703125
-0.00339460372924805 0.000796556472778321 -0.82208251953125 0.0637207031250001
0.00738430023193359 0.00533437728881836 -0.5762939453125 0.1199951171875
-0.0228939056396484 -0.00636672973632812 -0.211746215820313 0.0151519775390625
0.0375785827636719 0.0414047241210938 0.176239013671875 0.004364013671875
0.0614814758300781 0.0112800598144531 0.62640380859375 -0.02606201171875
0.025054931640625 -0.0144844055175781 0.78350830078125 -0.0604248046875
-0.0164785385131836 0.00636386871337891 0.79351806640625 0.14404296875
-0.0127735137939453 0.024078369140625 0.70928955078125 0.3902587890625
0.00637245178222656 0.00702333450317383 0.616943359375 0.42095947265625
0.0444984436035156 0.0045318603515625 0.368865966796875 0.252044677734375
0.0255279541015625 -0.00479316711425781 0.0669021606445313 0.00453948974609375
0.0181293487548828 -0.00651168823242188 -0.246658325195313 -0.21661376953125
0.0161800384521484 -0.00869846343994141 -0.529998779296875 -0.298980712890625
0.00152325630187988 -0.00395607948303223 -0.78106689453125 -0.139404296875
-0.0148258209228516 0.000228881835937498 -0.83349609375 0.0717163085937499
0.00133991241455078 -0.0139751434326172 -0.83026123046875 0.0810546875000002
0.0402412414550781 -0.0142593383789063 -0.57843017578125 0.12347412109375
0.0289402008056641 -0.00373458862304688 -0.209518432617187 0.00938415527343747
0.0846481323242187 0.0572967529296875 0.189498901367188 0.0034027099609375
0.112197875976563 0.00384521484375 0.623291015625 -0.0224609375
0.0442695617675781 -0.0319633483886719 0.7799072265625 -0.03961181640625
-0.0282459259033203 0.00259208679199219 0.80328369140625 0.1624755859375
-0.0211067199707031 0.0441932678222656 0.71612548828125 0.3941650390625
0.0132904052734375 0.0350208282470703 0.61236572265625 0.41510009765625
0.0630035400390625 0.0255050659179688 0.356536865234375 0.24188232421875
0.0425224304199219 0.0131416320800781 0.0537605285644531 -0.0044708251953125
0.0362396240234375 0.00983428955078125 -0.26153564453125 -0.220596313476563
0.0296859741210937 0.01641845703125 -0.544036865234375 -0.294464111328125
0.00180816650390625 0.0210189819335938 -0.78466796875 -0.13311767578125
-0.0227165222167969 0.009063720703125 -0.8282470703125 0.0840454101562499
0.00646591186523438 -0.0312538146972656 -0.82513427734375 0.0929565429687501
0.0763320922851563 -0.03131103515625 -0.57745361328125 0.126220703125
0.0779876708984375 0.002349853515625 -0.200027465820312 0.00531005859375002
0.119552612304688 0.0675735473632813 0.20684814453125 0.0048675537109375
0.143478393554688 -0.004119873046875 0.619384765625 -0.02313232421875
0.0504112243652344 -0.0465316772460938 0.78338623046875 -0.0224609375
-0.0351314544677734 0.00409317016601563 0.8226318359375 0.16949462890625
-0.0257186889648438 0.0603523254394531 0.72735595703125 0.3792724609375
0.0205421447753906 0.0547714233398438 0.60406494140625 0.39569091796875
0.075286865234375 0.0383148193359375 0.3331298828125 0.2235107421875
0.0530624389648438 0.0207252502441406 0.0335636138916016 -0.0138320922851562
0.0484046936035156 0.0255813598632813 -0.281158447265625 -0.228408813476562
0.0375099182128906 0.0367355346679687 -0.557464599609375 -0.304962158203125
0.00272750854492187 0.040618896484375 -0.78448486328125 -0.14013671875
-0.0306320190429688 0.0103549957275391 -0.82080078125 0.0818481445312502
0.0147132873535156 -0.0469856262207031 -0.81488037109375 0.0953979492187499
0.108291625976563 -0.0408096313476563 -0.5721435546875 0.12158203125
0.116180419921875 0.0110092163085938 -0.17718505859375 0.00637817382812497
0.138511657714844 0.0626602172851562 0.226669311523438 0.000946044921875004
0.150100708007813 -0.0157928466796875 0.61322021484375 -0.026123046875
0.0488014221191406 -0.0515327453613281 0.79345703125 -0.015625
-0.0383758544921875 0.0110511779785156 0.843505859375 0.1597900390625
-0.0244979858398438 0.0702896118164063 0.74066162109375 0.349853515625
0.0251617431640625 0.0627708435058594 0.59503173828125 0.3626708984375
0.0761337280273438 0.0404129028320313 0.308563232421875 0.200531005859375
0.0557823181152344 0.0240135192871094 0.00597000122070313 -0.0270729064941406
0.0530014038085937 0.0325584411621094 -0.30828857421875 -0.2435302734375
0.0358963012695313 0.0461006164550781 -0.57061767578125 -0.32611083984375
-0.00254058837890625 0.0462684631347656 -0.78631591796875 -0.1614990234375
-0.0359344482421875 0.00595855712890625 -0.81396484375 0.0670166015625
0.0264320373535156 -0.0581436157226563 -0.805908203125 0.0915527343750001
0.136550903320313 -0.0375900268554688 -0.5601806640625 0.114105224609375
0.137451171875 0.0266876220703125 -0.150863647460938 0.00885009765625001
0.134170532226563 0.0474472045898438 0.24957275390625 -0.00274658203125
0.140716552734375 -0.0211334228515625 0.61749267578125 -0.0345458984375
0.0416717529296875 -0.0450019836425781 0.8070068359375 -0.0247802734375
-0.0354690551757813 0.0201148986816406 0.86968994140625 0.12823486328125
-0.0189895629882812 0.0703964233398438 0.750244140625 0.30853271484375
0.0245857238769531 0.0584564208984375 0.58111572265625 0.32257080078125
0.0707168579101563 0.032745361328125 0.281982421875 0.179779052734375
0.0503349304199219 0.0178794860839844 -0.02252197265625 -0.0401954650878906
0.0482597351074219 0.0304107666015625 -0.329986572265625 -0.26171875
0.0306129455566406 0.049285888671875 -0.57757568359375 -0.36163330078125
-0.0105400085449219 0.046234130859375 -0.780517578125 -0.20281982421875
-0.0364837646484375 -0.000377655029296878 -0.7977294921875 0.0410766601562502
0.0398178100585938 -0.059112548828125 -0.7945556640625 0.08258056640625
0.144775390625 -0.0276336669921875 -0.55303955078125 0.105010986328125
0.139663696289063 0.0400924682617187 -0.128173828125 0.0184402465820313
0.113388061523438 0.0309295654296875 0.268585205078125 -0.0049896240234375
0.113807678222656 -0.0226669311523438 0.62249755859375 -0.0513916015625
0.0345993041992187 -0.0311450958251953 0.82098388671875 -0.0474853515625
-0.0249729156494141 0.0223579406738281 0.8868408203125 0.08746337890625
-0.0138130187988281 0.058929443359375 0.758544921875 0.2591552734375
0.0190544128417969 0.0389862060546875 0.572509765625 0.2860107421875
0.0563278198242188 0.017608642578125 0.261474609375 0.164596557617188
0.0393905639648438 0.006439208984375 -0.0453109741210938 -0.0472373962402344
0.0349674224853516 0.0213985443115234 -0.344146728515625 -0.279693603515625
0.020172119140625 0.0349750518798828 -0.5780029296875 -0.4022216796875
-0.0150413513183594 0.0318622589111328 -0.767333984375 -0.24993896484375
-0.0301246643066406 -0.00716400146484375 -0.7845458984375 0.0108642578125002
0.0446395874023438 -0.0478286743164062 -0.78765869140625 0.0678710937499999
0.13641357421875 -0.012939453125 -0.54913330078125 0.094512939453125
0.121559143066406 0.0464935302734375 -0.108291625976562 0.0328826904296875
-0.0626754760742188 -0.0151405334472656 0.179611206054688 -0.000274658203125001
-0.0484657287597656 0.0240745544433594 0.62603759765625 -0.05560302734375
-0.008636474609375 0.0380973815917969 0.78387451171875 -0.103759765625
0.0136165618896484 0.0200862884521484 0.81329345703125 0.0836181640625
0.00349235534667969 -0.0159101486206055 0.72979736328125 0.327880859375
-0.0129585266113281 -0.0547904968261719 0.632568359375 0.37506103515625
-0.00117874145507813 -0.0389900207519531 0.372161865234375 0.23760986328125
-0.0138130187988281 -0.0370712280273438 0.0619316101074219 0.007659912109375
-0.0221900939941406 -0.0473289489746094 -0.248580932617187 -0.219436645507812
-0.0160369873046875 -0.0664253234863281 -0.531280517578125 -0.323883056640625
-0.00597000122070313 -0.0572776794433594 -0.78271484375 -0.177490234375
0.00285148620605469 -0.0200653076171875 -0.842529296875 0.02618408203125
-0.00574874877929688 0.0225944519042969 -0.82568359375 0.0524902343749998
-0.0294647216796875 0.0185623168945312 -0.5704345703125 0.11187744140625
-0.0706710815429688 -0.00921630859375 -0.1988525390625 0.0198974609375
-0.0175609588623047 0.0117835998535156 0.175323486328125 0.0019989013671875
0.00392436981201172 0.0163030624389648 0.62969970703125 -0.04229736328125
0.00504589080810547 0.0123796463012695 0.78302001953125 -0.08941650390625
-0.0028839111328125 0.0148048400878906 0.802001953125 0.1072998046875
-0.00213479995727539 0.00324892997741699 0.72015380859375 0.35858154296875
-0.00200080871582031 -0.027862548828125 0.6312255859375 0.4041748046875
0.0256309509277344 -0.0183010101318359 0.379119873046875 0.247772216796875
0.00510787963867188 -0.0191001892089844 0.0707855224609375 0.00978851318359375
-0.0018157958984375 -0.0272331237792969 -0.243057250976563 -0.216827392578125
-0.001678466796875 -0.0379676818847656 -0.529937744140625 -0.302825927734375
-0.00582504272460937 -0.0309104919433594 -0.78106689453125 -0.14862060546875
-0.00678539276123047 -0.0111379623413086 -0.83953857421875 0.0579223632812501
-0.00341892242431641 0.001251220703125 -0.82965087890625 0.0737304687499999
0.00445127487182617 0.00252914428710937 -0.582275390625 0.12591552734375
-0.0232276916503906 -0.00470161437988282 -0.2119140625 0.015899658203125
0.0390701293945313 0.0390472412109375 0.1761474609375 0.0026092529296875
0.0627593994140625 0.0103378295898438 0.6304931640625 -0.03179931640625
0.0261726379394531 -0.0127010345458984 0.7841796875 -0.06976318359375
-0.0143089294433594 0.00858116149902344 0.8021240234375 0.13140869140625
-0.0153560638427734 0.0257854461669922 0.71826171875 0.3822021484375
0.00708389282226563 0.00536823272705078 0.62701416015625 0.4173583984375
0.0466384887695312 0.00506973266601562 0.37640380859375 0.24560546875
0.024749755859375 -0.00470542907714844 0.0690689086914063 0.00444412231445313
0.0191917419433594 -0.0083770751953125 -0.249893188476563 -0.215347290039063
0.0152006149291992 -0.00948238372802734 -0.535675048828125 -0.293792724609375
0.000407695770263672 -0.00490427017211914 -0.78289794921875 -0.13128662109375
-0.0166225433349609 -0.000679969787597655 -0.8353271484375 0.0801391601562502
0.000648498535156252 -0.0160770416259766 -0.82989501953125 0.0922851562499999
0.0395889282226562 -0.016815185546875 -0.58197021484375 0.13323974609375
0.0274658203125 -0.00586891174316406 -0.210678100585938 0.0120391845703125
0.0864486694335937 0.05999755859375 0.191375732421875 0.0036773681640625
0.111473083496094 0.0044403076171875 0.626953125 -0.0306396484375
0.0427703857421875 -0.0350685119628906 0.78326416015625 -0.049072265625
-0.0274219512939453 0.00429534912109375 0.808349609375 0.1539306640625
-0.0202674865722656 0.0436210632324219 0.72271728515625 0.38751220703125
0.0149593353271484 0.0327186584472656 0.624755859375 0.40997314453125
0.0649604797363281 0.0225067138671875 0.358642578125 0.2359619140625
0.0428085327148438 0.008697509765625 0.0567207336425781 -0.00124359130859375
0.0394172668457031 0.0095367431640625 -0.263992309570313 -0.217254638671875
0.0289115905761719 0.0173816680908203 -0.5478515625 -0.29132080078125
0.00434303283691406 0.0187702178955078 -0.78778076171875 -0.1231689453125
-0.0231952667236328 0.00814056396484375 -0.830322265625 0.0930786132812501
0.00622940063476562 -0.0328197479248047 -0.8289794921875 0.10296630859375
0.0749588012695313 -0.0347366333007813 -0.57928466796875 0.1343994140625
0.0757369995117188 0.0001678466796875 -0.199844360351563 0.00631713867187501
0.121353149414062 0.0664520263671875 0.208084106445312 0.00299072265625
0.145065307617188 -0.0058441162109375 0.61834716796875 -0.030517578125
0.0514106750488281 -0.0474166870117188 0.78594970703125 -0.0316162109375
-0.0366134643554688 0.00524139404296874 0.825439453125 0.1583251953125
-0.0241432189941406 0.0615463256835938 0.7337646484375 0.373779296875
0.0198287963867188 0.0533943176269531 0.6116943359375 0.38970947265625
0.0753936767578125 0.0360641479492188 0.338592529296875 0.21942138671875
0.0544929504394531 0.0196037292480469 0.0333938598632813 -0.0135955810546875
0.0477638244628906 0.0257568359375 -0.2884521484375 -0.226593017578125
0.0382804870605469 0.0361671447753906 -0.56182861328125 -0.301849365234375
0.00350189208984375 0.03961181640625 -0.78900146484375 -0.13006591796875
-0.0294857025146484 0.00918197631835938 -0.82415771484375 0.0925292968749998
0.0152931213378906 -0.047821044921875 -0.81939697265625 0.10650634765625
0.108993530273438 -0.0418319702148438 -0.57427978515625 0.12786865234375
0.114021301269531 0.0118637084960938 -0.180282592773438 0.00437927246093748
0.139862060546875 0.0615997314453125 0.229598999023438 -0.000122070312499996
0.152328491210938 -0.015625 0.6171875 -0.03387451171875
0.0496749877929687 -0.0519142150878906 0.79547119140625 -0.02691650390625
-0.0394477844238281 0.0121498107910156 0.84930419921875 0.14849853515625
-0.022674560546875 0.0701217651367187 0.74853515625 0.3446044921875
0.0272750854492188 0.0637969970703125 0.60015869140625 0.35675048828125
0.078826904296875 0.0370941162109375 0.311920166015625 0.1983642578125
0.0569915771484375 0.0219039916992188 0.00286293029785156 -0.0282230377197266
0.0542449951171875 0.0331153869628906 -0.309783935546875 -0.240692138671875
0.0387458801269531 0.0468559265136719 -0.577880859375 -0.32269287109375
-0.00242996215820313 0.0468864440917969 -0.79046630859375 -0.15380859375
-0.036224365234375 0.00777816772460937 -0.81524658203125 0.07763671875
0.0268363952636719 -0.0615921020507813 -0.8087158203125 0.10107421875
0.135887145996094 -0.0402755737304688 -0.561553955078125 0.12188720703125
0.13568115234375 0.0261383056640625 -0.153900146484375 0.00967407226562503
0.135818481445313 0.0464935302734375 0.251388549804688 -0.00213623046875
0.139564514160156 -0.02459716796875 0.61859130859375 -0.044677734375
0.0418891906738281 -0.0457611083984375 0.811279296875 -0.03570556640625
-0.0331039428710938 0.0221004486083984 0.8748779296875 0.1187744140625
-0.0176010131835938 0.0699081420898438 0.75872802734375 0.298828125
0.023712158203125 0.0569381713867187 0.58837890625 0.317626953125
0.0712661743164063 0.0314483642578125 0.28509521484375 0.177581787109375
0.0514602661132813 0.0159950256347656 -0.0228462219238281 -0.0402069091796875
0.0485191345214844 0.0302658081054687 -0.33306884765625 -0.25689697265625
0.0303611755371094 0.0486297607421875 -0.58526611328125 -0.35772705078125
-0.00747299194335938 0.0455245971679687 -0.78558349609375 -0.1904296875
-0.0366668701171875 -0.00146102905273437 -0.80108642578125 0.0556640624999999
0.0402450561523438 -0.0589370727539063 -0.79644775390625 0.0913085937500001
0.146591186523438 -0.0308685302734375 -0.5543212890625 0.112518310546875
0.140762329101563 0.0400848388671875 -0.127281188964844 0.0230484008789062
0.117103576660156 0.0320968627929687 0.270736694335938 -0.0071563720703125
0.114082336425781 -0.0252609252929688 0.625244140625 -0.0579833984375
0.0346088409423828 -0.0321617126464844 0.825439453125 -0.05908203125
-0.0262393951416016 0.0260658264160156 0.89324951171875 0.0760498046875
-0.013458251953125 0.0585174560546875 0.76220703125 0.24981689453125
0.020538330078125 0.0402679443359375 0.57672119140625 0.27960205078125
0.0563201904296875 0.0176467895507813 0.262985229492188 0.162353515625
0.0386123657226563 0.0063629150390625 -0.0462760925292969 -0.0470161437988281
0.0367889404296875 0.0192413330078125 -0.34814453125 -0.277374267578125
0.0200557708740234 0.0350437164306641 -0.585693359375 -0.40008544921875
-0.0154781341552734 0.0334129333496094 -0.77301025390625 -0.2408447265625
-0.0296077728271484 -0.00657272338867188 -0.787841796875 0.0214843750000001
0.043060302734375 -0.0510025024414063 -0.79132080078125 0.0761108398437499
0.135154724121094 -0.011688232421875 -0.5494384765625 0.10186767578125
0.121627807617187 0.0448074340820312 -0.107284545898438 0.0338516235351563
-0.0630455017089844 -0.0118865966796875 0.181686401367188 -0.0021209716796875
-0.0471267700195313 0.0250701904296875 0.62872314453125 -0.06427001953125
-0.00749588012695312 0.0378494262695313 0.78424072265625 -0.11627197265625
0.0165081024169922 0.0202465057373047 0.81561279296875 0.07220458984375
0.00268077850341797 -0.0173063278198242 0.73681640625 0.3212890625
-0.0125770568847656 -0.0562515258789063 0.64044189453125 0.3673095703125
-0.0009002685546875 -0.0411643981933594 0.378326416015625 0.23272705078125
-0.0155296325683594 -0.0360984802246094 0.0639495849609375 0.0056915283203125
-0.0230636596679687 -0.0458526611328125 -0.250900268554688 -0.21875
-0.0177688598632813 -0.0665283203125 -0.53619384765625 -0.319122314453125
-0.00529861450195312 -0.0561294555664063 -0.78826904296875 -0.16937255859375
0.00145530700683594 -0.0195064544677734 -0.8416748046875 0.0417480468749999
-0.00489044189453125 0.0216407775878906 -0.8240966796875 0.0641479492187501
-0.0311260223388672 0.0195579528808594 -0.57098388671875 0.119140625
-0.0709304809570312 -0.00988769531249999 -0.201171875 0.0213165283203125
-0.0140390396118164 0.0125226974487305 0.17303466796875 -0.0016937255859375
0.00613021850585938 0.0156459808349609 0.634765625 -0.04833984375
0.00599002838134766 0.0122804641723633 0.78448486328125 -0.09869384765625
-0.00255393981933594 0.0145368576049805 0.80499267578125 0.09674072265625
-0.00439262390136719 0.00311851501464844 0.72479248046875 0.35498046875
-0.000463485717773436 -0.0277423858642578 0.640869140625 0.39666748046875
0.0240726470947266 -0.0192928314208984 0.384796142578125 0.24224853515625
0.005218505859375 -0.0203342437744141 0.0737380981445312 0.0086822509765625
-5.72204589843763E-05 -0.0269412994384766 -0.245193481445313 -0.211883544921875
-0.00240707397460937 -0.0385246276855469 -0.53350830078125 -0.2987060546875
-0.00579452514648438 -0.029083251953125 -0.78607177734375 -0.14007568359375
-0.00757408142089843 -0.0130996704101563 -0.842041015625 0.0710449218750001
-0.00295686721801758 0.00433540344238281 -0.83123779296875 0.08599853515625
0.00704765319824219 0.00203418731689453 -0.57965087890625 0.13348388671875
-0.0236129760742188 -0.00593948364257812 -0.212005615234375 0.0195770263671875
0.0404739379882813 0.0412178039550781 0.17755126953125 -0.000198364257812497
0.0640602111816406 0.0104408264160156 0.6334228515625 -0.04132080078125
0.0283546447753906 -0.0154151916503906 0.78363037109375 -0.08251953125
-0.0154447555541992 0.00739669799804687 0.80328369140625 0.1243896484375
-0.0125331878662109 0.0234947204589844 0.72357177734375 0.37750244140625
0.00604867935180664 0.00479698181152344 0.63525390625 0.40869140625
0.0473823547363281 0.0007171630859375 0.379364013671875 0.242828369140625
0.0249519348144531 -0.00535202026367188 0.0692939758300781 0.00248336791992187
0.0195026397705078 -0.00910758972167969 -0.253570556640625 -0.213302612304688
0.0149784088134766 -0.00929737091064453 -0.54071044921875 -0.289031982421875
0.00232505798339844 -0.00280475616455078 -0.7862548828125 -0.1199951171875
-0.0155143737792969 0.00124168395996094 -0.836181640625 0.09210205078125
-0.000309944152832032 -0.0155668258666992 -0.83197021484375 0.1068115234375
0.0411605834960938 -0.0178108215332031 -0.581298828125 0.14166259765625
0.028533935546875 -0.00370597839355469 -0.211944580078125 0.014495849609375
0.0894012451171875 0.0577774047851563 0.190673828125 -3.05175781249965E-05
0.114837646484375 0.00292205810546875 0.629638671875 -0.0361328125
0.0449600219726563 -0.0359954833984375 0.783935546875 -0.06146240234375
-0.0261478424072266 0.00567436218261719 0.81011962890625 0.14385986328125
-0.0210533142089844 0.0438423156738281 0.730224609375 0.3804931640625
0.0145149230957031 0.0353584289550781 0.62774658203125 0.4007568359375
0.0640907287597656 0.0216064453125 0.363311767578125 0.23388671875
0.0458908081054688 0.00726318359375 0.0551376342773438 -0.00342941284179687
0.0389175415039063 0.0113372802734375 -0.26654052734375 -0.216461181640625
0.0292282104492188 0.0161952972412109 -0.55340576171875 -0.283294677734375
0.00455284118652344 0.0205078125 -0.79022216796875 -0.1141357421875
-0.0223026275634766 0.00768089294433594 -0.83294677734375 0.1055908203125
0.00491142272949218 -0.0333976745605469 -0.82940673828125 0.11700439453125
0.0760040283203125 -0.0360260009765625 -0.5811767578125 0.1417236328125
0.0765151977539063 0.00012969970703125 -0.20062255859375 0.00923156738281254
0.122604370117188 0.0655517578125 0.209564208984375 -0.000549316406249996
0.14569091796875 -0.0059814453125 0.62298583984375 -0.03790283203125
0.0508384704589844 -0.0501823425292969 0.78814697265625 -0.04205322265625
-0.0345726013183594 0.00626564025878906 0.830810546875 0.1488037109375
-0.0235710144042969 0.0608940124511719 0.74237060546875 0.3642578125
0.0217819213867188 0.0550155639648437 0.62078857421875 0.3828125
0.0769882202148438 0.0343551635742188 0.34295654296875 0.2144775390625
0.0549964904785156 0.0170097351074219 0.0336875915527344 -0.0164413452148438
0.05035400390625 0.0237617492675781 -0.2899169921875 -0.222625732421875
0.0392341613769531 0.037139892578125 -0.56683349609375 -0.29437255859375
0.0032501220703125 0.0405349731445313 -0.79180908203125 -0.12139892578125
-0.0303516387939453 0.0100345611572266 -0.82440185546875 0.1048583984375
0.0165634155273438 -0.0493087768554688 -0.82025146484375 0.1192626953125
0.109169006347656 -0.0433807373046875 -0.57305908203125 0.136962890625
0.115921020507813 0.0109176635742188 -0.178955078125 0.00769042968749998
0.140838623046875 0.0613250732421875 0.230484008789063 0.000152587890625004
0.153488159179688 -0.018585205078125 0.61859130859375 -0.0421142578125
0.0485458374023438 -0.053131103515625 0.80059814453125 -0.036376953125
-0.0381278991699219 0.0139312744140625 0.85235595703125 0.14141845703125
-0.020355224609375 0.0709075927734375 0.755126953125 0.3355712890625
0.0272178649902344 0.0624160766601563 0.6075439453125 0.34954833984375
0.079437255859375 0.0362014770507813 0.31488037109375 0.195220947265625
0.0561103820800781 0.0200538635253906 0.00566482543945313 -0.0293521881103516
0.0551795959472656 0.0303306579589844 -0.3116455078125 -0.2362060546875
0.0383758544921875 0.0458526611328125 -0.58294677734375 -0.31878662109375
-0.0024566650390625 0.0485420227050781 -0.7928466796875 -0.142822265625
-0.0346240997314453 0.00708770751953125 -0.814697265625 0.0896606445312501
0.0259361267089844 -0.0606575012207031 -0.81146240234375 0.11376953125
0.135177612304688 -0.0420379638671875 -0.5634765625 0.1298828125
0.139488220214844 0.0235824584960938 -0.153823852539063 0.0127716064453125
0.140304565429688 0.0467605590820313 0.25323486328125 -0.0042724609375
0.140716552734375 -0.0260009765625 0.62274169921875 -0.05023193359375
0.0412673950195313 -0.0487403869628906 0.8123779296875 -0.04833984375
-0.0347671508789063 0.0216445922851563 0.87640380859375 0.106689453125
-0.0163078308105469 0.0701789855957031 0.76654052734375 0.29150390625
0.0277366638183594 0.0561294555664063 0.59625244140625 0.3095703125
0.0738601684570313 0.0287246704101563 0.286834716796875 0.17340087890625
0.0537071228027344 0.0139083862304688 -0.02337646484375 -0.0367202758789062
0.050079345703125 0.0279541015625 -0.33642578125 -0.253570556640625
0.0317497253417969 0.0473060607910156 -0.59149169921875 -0.3492431640625
-0.00958633422851563 0.0463027954101563 -0.7913818359375 -0.18634033203125
-0.0367774963378906 0.000141143798828129 -0.80169677734375 0.0628662109374999
0.0361480712890625 -0.0619621276855469 -0.79803466796875 0.10345458984375
0.146957397460938 -0.0309906005859375 -0.55645751953125 0.117950439453125
0.140426635742187 0.0374221801757813 -0.128471374511719 0.0232620239257813
0.115875244140625 0.0316925048828125 0.271087646484375 -0.0096588134765625
0.115058898925781 -0.0269393920898438 0.62823486328125 -0.06707763671875
0.0339202880859375 -0.0319175720214844 0.82598876953125 -0.07049560546875
-0.0261936187744141 0.0233917236328125 0.895263671875 0.0618896484375
-0.0108680725097656 0.0611190795898437 0.76995849609375 0.2412109375
0.0212631225585937 0.0393905639648438 0.5833740234375 0.27374267578125
0.0606536865234375 0.0135459899902344 0.267105102539063 0.159271240234375
0.0408287048339844 0.00475692749023438 -0.0472679138183594 -0.0452194213867188
0.0380020141601563 0.0201950073242188 -0.35052490234375 -0.274993896484375
0.0190639495849609 0.0338592529296875 -0.59185791015625 -0.3931884765625
-0.0139122009277344 0.0350780487060547 -0.77764892578125 -0.2353515625
-0.0307941436767578 -0.00647735595703126 -0.78839111328125 0.0314331054687501
0.0445518493652344 -0.0497894287109375 -0.79168701171875 0.0869140625000001
0.139274597167969 -0.0173797607421875 -0.550567626953125 0.1087646484375
0.123954772949219 0.0441436767578125 -0.108665466308594 0.0357513427734375
-0.06280517578125 -0.0127334594726562 0.180816650390625 -0.003387451171875
-0.04638671875 0.0267868041992188 0.6312255859375 -0.0706787109375
-0.00579071044921875 0.0376014709472656 0.7833251953125 -0.1285400390625
0.0145149230957031 0.0184440612792969 0.81927490234375 0.05810546875
0.00269508361816406 -0.0201606750488281 0.74200439453125 0.3114013671875
-0.0155410766601563 -0.058013916015625 0.6473388671875 0.361083984375
-0.000434875488281254 -0.0400886535644531 0.38031005859375 0.2293701171875
-0.0158042907714844 -0.0365028381347656 0.0640106201171875 0.00580215454101562
-0.0213584899902344 -0.0467262268066406 -0.253753662109375 -0.214630126953125
-0.0182685852050781 -0.0673904418945312 -0.538818359375 -0.31109619140625
-0.00571060180664063 -0.0583953857421875 -0.7900390625 -0.15771484375
0.0023345947265625 -0.0216312408447266 -0.841064453125 0.05120849609375
-0.00375938415527344 0.0214080810546875 -0.8245849609375 0.0774536132812501
-0.0291919708251953 0.0189895629882813 -0.57220458984375 0.12860107421875
-0.0726852416992188 -0.00923156738281252 -0.201339721679688 0.0236053466796875
-0.0135726928710937 0.0146236419677734 0.176116943359375 -0.00335693359375
0.0056610107421875 0.0165061950683594 0.635009765625 -0.058837890625
0.0058135986328125 0.0115222930908203 0.7841796875 -0.110595703125
0.000254631042480469 0.0141839981079102 0.80548095703125 0.0867919921875
-0.00446081161499023 0.00337457656860352 0.735107421875 0.34429931640625
-0.00260353088378906 -0.0287036895751953 0.6475830078125 0.38861083984375
0.0232963562011719 -0.0213756561279297 0.3890380859375 0.238983154296875
0.00536346435546875 -0.0227184295654297 0.0725784301757813 0.0079498291015625
0.000547409057617186 -0.02752685546875 -0.247238159179687 -0.208786010742188
-0.000827789306640622 -0.038360595703125 -0.537689208984375 -0.29071044921875
-0.00419425964355469 -0.0325088500976563 -0.78778076171875 -0.12548828125
-0.00903511047363281 -0.0122175216674805 -0.841064453125 0.0819702148437501
-0.00310158729553223 0.002349853515625 -0.831787109375 0.09783935546875
0.0049586296081543 0.00258970260620117 -0.5797119140625 0.142578125
-0.0258636474609375 -0.0074920654296875 -0.213699340820313 0.0194854736328125
0.0407600402832031 0.0414390563964844 0.179641723632813 -0.00262451171875
0.0639801025390625 0.00923538208007813 0.63616943359375 -0.04925537109375
0.0263557434082031 -0.0141372680664063 0.78466796875 -0.094970703125
-0.0146064758300781 0.00955772399902344 0.80438232421875 0.11077880859375
-0.0123653411865234 0.0246410369873047 0.73016357421875 0.3653564453125
0.00576305389404297 0.00463008880615234 0.6435546875 0.40191650390625
0.0464057922363281 0.000885009765625 0.38323974609375 0.238433837890625
0.0268402099609375 -0.00757408142089844 0.071807861328125 0.00392913818359375
0.0205268859863281 -0.00803184509277344 -0.254776000976563 -0.208450317382813
0.0159826278686523 -0.00978469848632813 -0.54486083984375 -0.281158447265625
0.00136852264404297 -0.00310111045837402 -0.7882080078125 -0.1070556640625
-0.0158138275146484 -0.000635147094726561 -0.83673095703125 0.1038818359375
0.000684738159179686 -0.0141668319702148 -0.83306884765625 0.11541748046875
0.0400505065917969 -0.01824951171875 -0.5816650390625 0.1490478515625
0.0272769927978516 -0.00446319580078125 -0.2120361328125 0.0170440673828125
0.0902099609375 0.0594711303710938 0.190444946289063 -0.000228881835937496
0.114906311035156 0.00115966796875 0.6317138671875 -0.04522705078125
0.0439987182617188 -0.0366783142089844 0.78277587890625 -0.0751953125
-0.0275554656982422 0.00297737121582031 0.8138427734375 0.13018798828125
-0.0200309753417969 0.0449867248535156 0.7362060546875 0.3707275390625
0.0156898498535156 0.0320453643798828 0.63958740234375 0.39617919921875
0.0664634704589844 0.0200958251953125 0.367767333984375 0.229736328125
0.0457038879394531 0.00629043579101563 0.0573539733886719 -0.00439834594726562
0.04083251953125 0.0088043212890625 -0.26953125 -0.209976196289063
0.0316390991210937 0.0150127410888672 -0.55657958984375 -0.27801513671875
0.00264739990234375 0.0209445953369141 -0.79241943359375 -0.10491943359375
-0.0223445892333984 0.00785446166992188 -0.8291015625 0.1190185546875
0.00730514526367187 -0.0339279174804688 -0.83154296875 0.12677001953125
0.074737548828125 -0.03564453125 -0.57928466796875 0.15130615234375
0.07745361328125 -0.002166748046875 -0.202255249023438 0.0116119384765625
0.127067565917969 0.0666885375976563 0.210281372070313 -0.0032958984375
0.145553588867188 -0.0096282958984375 0.62579345703125 -0.04534912109375
0.0508003234863281 -0.0500984191894531 0.791748046875 -0.0576171875
-0.0352935791015625 0.00580978393554687 0.83404541015625 0.13372802734375
-0.0223197937011719 0.061126708984375 0.7481689453125 0.35430908203125
0.0219497680664062 0.0532646179199219 0.626220703125 0.37139892578125
0.0793991088867188 0.031158447265625 0.34466552734375 0.210693359375
0.0562667846679688 0.0153350830078125 0.0337810516357422 -0.0162811279296875
0.0519371032714844 0.023529052734375 -0.292236328125 -0.220947265625
0.0404510498046875 0.0329856872558594 -0.57098388671875 -0.289306640625
0.00407028198242188 0.0374336242675781 -0.79541015625 -0.11126708984375
-0.0300312042236328 0.0109443664550781 -0.822998046875 0.11627197265625
0.0145835876464844 -0.0487709045410156 -0.8212890625 0.13482666015625
0.10992431640625 -0.0458831787109375 -0.57086181640625 0.14581298828125
0.114105224609375 0.00800323486328125 -0.181610107421875 0.0100250244140625
0.14398193359375 0.059661865234375 0.231307983398438 -0.0042266845703125
0.155807495117188 -0.0223846435546875 0.62091064453125 -0.05194091796875
0.0484695434570312 -0.0548553466796875 0.798095703125 -0.05084228515625
-0.0388221740722656 0.0139808654785156 0.85504150390625 0.1248779296875
-0.0195770263671875 0.0718917846679688 0.762451171875 0.3238525390625
0.0278587341308594 0.0609703063964844 0.6131591796875 0.34149169921875
0.0811691284179688 0.0340118408203125 0.318359375 0.18939208984375
0.0591812133789063 0.0180130004882813 0.00527572631835938 -0.0269031524658203
0.0564460754394531 0.0286178588867188 -0.31689453125 -0.232635498046875
0.0407447814941406 0.0457572937011719 -0.5858154296875 -0.308349609375
-0.000427246093749996 0.04791259765625 -0.79718017578125 -0.13287353515625
-0.0349864959716797 0.00747299194335938 -0.81573486328125 0.10198974609375
0.0263557434082031 -0.0597991943359375 -0.81134033203125 0.12744140625
0.134979248046875 -0.04425048828125 -0.56439208984375 0.137451171875
0.138885498046875 0.0247802734375 -0.154190063476563 0.0139007568359375
0.140495300292969 0.0465087890625 0.254562377929687 -0.0067291259765625
0.142410278320313 -0.0294189453125 0.62213134765625 -0.061279296875
0.0403099060058594 -0.0474815368652344 0.81378173828125 -0.0601806640625
-0.0357742309570313 0.0230598449707031 0.87939453125 0.09490966796875
-0.0157089233398438 0.0703659057617187 0.77178955078125 0.2796630859375
0.0276718139648437 0.0549888610839844 0.59881591796875 0.30426025390625
0.0741958618164063 0.0251007080078125 0.2945556640625 0.1708984375
0.053375244140625 0.013885498046875 -0.0230216979980469 -0.0371971130371094
0.0519561767578125 0.0291900634765625 -0.338775634765625 -0.24822998046875
0.0337448120117188 0.0452117919921875 -0.5958251953125 -0.3424072265625
-0.00905990600585938 0.0466728210449219 -0.79248046875 -0.1710205078125
-0.0351085662841797 0.000564575195312492 -0.802978515625 0.0765991210937501
0.0367393493652344 -0.0631217956542969 -0.80145263671875 0.11602783203125
0.148193359375 -0.035919189453125 -0.55615234375 0.1273193359375
0.143096923828125 0.036224365234375 -0.129165649414063 0.02227783203125
0.119033813476563 0.0286178588867188 0.274826049804688 -0.0133819580078125
0.114990234375 -0.025177001953125 0.62823486328125 -0.075439453125
0.0331764221191406 -0.0344886779785156 0.82763671875 -0.0821533203125
-0.0257091522216797 0.0248813629150391 0.89617919921875 0.051513671875
-0.00964736938476562 0.0601539611816406 0.7752685546875 0.2314453125
0.0220375061035156 0.0390815734863281 0.589111328125 0.26556396484375
0.0592155456542969 0.0116767883300781 0.26849365234375 0.156631469726563
0.0408706665039063 0.00297927856445313 -0.0457572937011719 -0.0447998046875
0.0396232604980469 0.0187530517578125 -0.35546875 -0.269989013671875
0.0217933654785156 0.0338668823242188 -0.597900390625 -0.38629150390625
-0.0131416320800781 0.0352363586425781 -0.7828369140625 -0.22564697265625
-0.0303592681884766 -0.00660514831542969 -0.78912353515625 0.0415039062500002
0.0434989929199219 -0.0536308288574219 -0.79327392578125 0.10247802734375
0.138725280761719 -0.019317626953125 -0.550506591796875 0.11724853515625
0.123870849609375 0.0445785522460938 -0.108192443847656 0.0356979370117187
-0.0649986267089844 -0.0113182067871094 0.181640625 -0.0053253173828125
-0.0472869873046875 0.0248451232910156 0.63067626953125 -0.08038330078125
-0.0065155029296875 0.0390090942382812 0.78173828125 -0.13818359375
0.0159320831298828 0.0182991027832031 0.8204345703125 0.04583740234375
0.00341415405273437 -0.0181694030761719 0.74542236328125 0.30255126953125
-0.0142631530761719 -0.0606231689453125 0.65313720703125 0.347412109375
-9.15527343750048E-05 -0.044830322265625 0.385894775390625 0.223846435546875
-0.0153694152832031 -0.0366897583007813 0.0633277893066406 0.00682449340820312
-0.0198402404785156 -0.0480613708496094 -0.254226684570313 -0.213577270507813
-0.0186729431152344 -0.0639686584472656 -0.5438232421875 -0.304962158203125
-0.00801849365234374 -0.0573883056640625 -0.79315185546875 -0.1484375
0.00307464599609375 -0.0220584869384766 -0.8402099609375 0.0635375976562499
-0.00387954711914063 0.0225830078125 -0.82415771484375 0.0886230468749998
-0.0297279357910156 0.0206470489501953 -0.56878662109375 0.13690185546875
-0.0739974975585938 -0.00646972656250001 -0.20263671875 0.0274810791015625
-0.0138158798217773 0.0137109756469727 0.17608642578125 -0.0050201416015625
0.00535202026367188 0.0182723999023438 0.6353759765625 -0.06878662109375
0.00692081451416016 0.0117120742797852 0.781982421875 -0.12493896484375
-0.000484466552734376 0.0158224105834961 0.8048095703125 0.0733642578125
-0.00252866744995117 0.00440025329589844 0.7386474609375 0.332275390625
-0.000221252441406253 -0.0281963348388672 0.65411376953125 0.37713623046875
0.0236606597900391 -0.0259418487548828 0.39276123046875 0.23126220703125
0.00692939758300781 -0.0236854553222656 0.0736541748046875 0.00768280029296875
-0.00043487548828125 -0.0279369354248047 -0.251663208007813 -0.204864501953125
-0.00450897216796875 -0.0381278991699219 -0.541656494140625 -0.282623291015625
-0.00582122802734375 -0.0301990509033203 -0.79193115234375 -0.11700439453125
-0.00677871704101562 -0.0117053985595703 -0.8389892578125 0.0946655273437499
-0.00317788124084473 0.00416946411132812 -0.8287353515625 0.11199951171875
0.0037386417388916 0.0035090446472168 -0.57672119140625 0.149658203125
-0.0276718139648437 -0.00506591796875 -0.2135009765625 0.0245208740234375
0.0440025329589844 0.0410652160644531 0.180801391601563 -0.00372314453125
0.0654449462890625 0.00925445556640625 0.63702392578125 -0.05743408203125
0.0268096923828125 -0.0152530670166016 0.78375244140625 -0.1068115234375
-0.0137662887573242 0.00808334350585937 0.8050537109375 0.09954833984375
-0.0123653411865234 0.0252532958984375 0.7347412109375 0.3541259765625
0.0058283805847168 0.00473308563232422 0.65240478515625 0.39141845703125
0.0473365783691406 -0.00195693969726563 0.387908935546875 0.232086181640625
0.0281696319580078 -0.00840187072753906 0.0701408386230469 0.0046539306640625
0.0226097106933594 -0.00998878479003906 -0.25628662109375 -0.20343017578125
0.0146484375 -0.00998115539550781 -0.54864501953125 -0.2734375
-0.000711917877197266 -0.00428080558776855 -0.79058837890625 -0.0951538085937499
-0.0133190155029297 -0.00223636627197266 -0.8330078125 0.119384765625
0.000631332397460939 -0.0144243240356445 -0.8310546875 0.13134765625
0.0389213562011719 -0.0188102722167969 -0.57989501953125 0.15655517578125
0.0255966186523437 -0.00353431701660156 -0.213333129882812 0.0195770263671875
0.0926284790039063 0.059295654296875 0.1922607421875 -0.0054931640625
0.114692687988281 0.00206756591796875 0.6307373046875 -0.05377197265625
0.0437393188476562 -0.037322998046875 0.78533935546875 -0.0865478515625
-0.0277080535888672 0.00556945800781249 0.813720703125 0.11895751953125
-0.0189857482910156 0.0459098815917969 0.74346923828125 0.35650634765625
0.0161476135253906 0.0317325592041016 0.64361572265625 0.38482666015625
0.0676689147949219 0.0180091857910156 0.37237548828125 0.223388671875
0.0461463928222656 0.00354385375976563 0.0565185546875 -0.005279541015625
0.0402374267578125 0.00783538818359375 -0.273223876953125 -0.205917358398438
0.0303096771240234 0.0137710571289063 -0.559814453125 -0.272125244140625
0.00504302978515625 0.0220260620117188 -0.792724609375 -0.0911254882812499
-0.0232067108154297 0.00878143310546875 -0.83209228515625 0.12847900390625
0.00433349609375 -0.0336341857910156 -0.828857421875 0.141845703125
0.07574462890625 -0.0362472534179688 -0.57989501953125 0.15814208984375
0.0773544311523437 -0.00243377685546875 -0.202606201171875 0.0129547119140625
0.127471923828125 0.0642776489257813 0.2113037109375 -0.004791259765625
0.14642333984375 -0.0108489990234375 0.625 -0.0546875
0.0499992370605469 -0.0516624450683594 0.79046630859375 -0.0701904296875
-0.0359115600585938 0.00695037841796875 0.835205078125 0.123291015625
-0.0213546752929687 0.0624809265136719 0.75360107421875 0.345703125
0.0230445861816406 0.0539932250976563 0.631591796875 0.36383056640625
0.0790023803710938 0.0302047729492188 0.348114013671875 0.203857421875
0.0579452514648438 0.0127410888671875 0.0328998565673828 -0.0147705078125
0.0544242858886719 0.0210990905761719 -0.29443359375 -0.213409423828125
0.0416374206542969 0.0327606201171875 -0.57501220703125 -0.28057861328125
0.00465774536132812 0.0400161743164063 -0.79815673828125 -0.0983886718749999
-0.0279712677001953 0.0120944976806641 -0.82470703125 0.12969970703125
0.0129508972167969 -0.0511894226074219 -0.81976318359375 0.1461181640625
0.10888671875 -0.0481796264648438 -0.57257080078125 0.15338134765625
0.116325378417969 0.00798797607421875 -0.180755615234375 0.0115509033203125
0.146759033203125 0.0594482421875 0.231369018554688 -0.007568359375
0.155014038085938 -0.0240631103515625 0.62017822265625 -0.06085205078125
0.0489692687988281 -0.055206298828125 0.79638671875 -0.06390380859375
-0.0384025573730469 0.0150222778320312 0.85748291015625 0.11358642578125
-0.0186843872070312 0.0711517333984375 0.7640380859375 0.312255859375
0.0283966064453125 0.0614509582519531 0.61865234375 0.33087158203125
0.0815505981445313 0.0326690673828125 0.320465087890625 0.185638427734375
0.0601539611816406 0.016082763671875 0.00525474548339844 -0.0276908874511719
0.0577774047851563 0.0281181335449219 -0.32135009765625 -0.227325439453125
0.0414314270019531 0.0446014404296875 -0.58984375 -0.3018798828125
-0.00028228759765625 0.0479774475097656 -0.79736328125 -0.119384765625
-0.0350418090820313 0.00924873352050782 -0.813232421875 0.1158447265625
0.0255050659179688 -0.0629501342773438 -0.8095703125 0.13946533203125
0.134506225585938 -0.0482406616210938 -0.56195068359375 0.14727783203125
0.139907836914063 0.0216217041015625 -0.155990600585938 0.015838623046875
0.143753051757813 0.044921875 0.253250122070312 -0.0115966796875
0.143356323242188 -0.030059814453125 0.62384033203125 -0.06927490234375
0.0415267944335937 -0.0492210388183594 0.8140869140625 -0.07427978515625
-0.0335903167724609 0.0223598480224609 0.88018798828125 0.08197021484375
-0.0141754150390625 0.0716171264648438 0.77349853515625 0.26953125
0.0280990600585937 0.054412841796875 0.6055908203125 0.29034423828125
0.0737075805664063 0.0239944458007813 0.29498291015625 0.16766357421875
0.0568122863769531 0.0122146606445313 -0.0225238800048828 -0.0335979461669922
0.0536422729492187 0.0287055969238281 -0.343292236328125 -0.2435302734375
0.0350723266601563 0.0438270568847656 -0.60028076171875 -0.335693359375
-0.0088653564453125 0.0462646484375 -0.79254150390625 -0.16265869140625
-0.0359573364257813 -0.000141143798828121 -0.7999267578125 0.0857543945312501
0.0350456237792969 -0.0638084411621094 -0.79901123046875 0.12744140625
0.146713256835938 -0.0378875732421875 -0.553497314453125 0.1353759765625
0.14166259765625 0.036163330078125 -0.129585266113281 0.0255966186523437
0.121284484863281 0.0296249389648438 0.275711059570313 -0.0169677734375
0.116279602050781 -0.0279388427734375 0.62872314453125 -0.0870361328125
0.0340232849121094 -0.0353431701660156 0.82421875 -0.09765625
-0.0241317749023438 0.0252952575683594 0.895751953125 0.03497314453125
-0.00807952880859375 0.0594978332519531 0.7779541015625 0.22100830078125
0.0221900939941406 0.0369873046875 0.59173583984375 0.25433349609375
0.0595855712890625 0.0110397338867187 0.272384643554688 0.152679443359375
0.0431137084960938 0.000518798828125 -0.0475006103515625 -0.0435142517089844
0.0390205383300781 0.0194740295410156 -0.3587646484375 -0.263763427734375
0.0220718383789062 0.0352058410644531 -0.60186767578125 -0.37847900390625
-0.0134773254394531 0.0344486236572266 -0.78509521484375 -0.212158203125
-0.0296688079833984 -0.00650215148925781 -0.7899169921875 0.0549316406250002
0.0425567626953125 -0.0542449951171875 -0.79217529296875 0.11309814453125
0.137519836425781 -0.0210494995117187 -0.5494384765625 0.12603759765625
0.123344421386719 0.0420455932617188 -0.109115600585937 0.038421630859375
-0.0631980895996094 -0.00957107543945311 0.182113647460937 -0.0065460205078125
-0.0456199645996094 0.0282096862792969 0.63092041015625 -0.0894775390625
-0.00285720825195313 0.0378875732421875 0.78057861328125 -0.15185546875
0.0168075561523438 0.0205039978027344 0.817626953125 0.03387451171875
0.00280952453613281 -0.0201320648193359 0.751708984375 0.289306640625
-0.0181007385253906 -0.0579032897949219 0.66015625 0.3394775390625
-0.00181961059570313 -0.0451431274414063 0.38916015625 0.217071533203125
-0.016082763671875 -0.0399971008300781 0.06573486328125 0.00384902954101562
-0.0216598510742187 -0.0460166931152344 -0.258193969726563 -0.206161499023437
-0.0189552307128906 -0.062835693359375 -0.5489501953125 -0.296783447265625
-0.00764083862304688 -0.057647705078125 -0.792236328125 -0.1328125
0.00267410278320312 -0.0234832763671875 -0.83837890625 0.0775146484374998
-0.00423240661621094 0.0250587463378906 -0.8226318359375 0.10540771484375
-0.0312690734863281 0.0207939147949219 -0.568115234375 0.14495849609375
-0.074005126953125 -0.00595855712890626 -0.200927734375 0.0291595458984375
-0.0114679336547852 0.0128326416015625 0.176712036132812 -0.005889892578125
0.00447940826416015 0.0172615051269531 0.63671875 -0.07647705078125
0.00635910034179688 0.011775016784668 0.77777099609375 -0.13763427734375
0.000833511352539062 0.0141286849975586 0.8052978515625 0.0623779296875
-0.00323724746704102 0.00174307823181152 0.74029541015625 0.32171630859375
-0.00234031677246094 -0.0278816223144531 0.65887451171875 0.36700439453125
0.0212421417236328 -0.0262489318847656 0.3944091796875 0.227447509765625
0.00378990173339844 -0.0231685638427734 0.0738754272460938 0.00516510009765625
-0.002593994140625 -0.0276222229003906 -0.249053955078125 -0.199325561523438
-0.0036468505859375 -0.0398826599121094 -0.54571533203125 -0.27545166015625
-0.00597000122070313 -0.0304470062255859 -0.79022216796875 -0.10565185546875
-0.00734710693359375 -0.0111837387084961 -0.83624267578125 0.10516357421875
-0.000293254852294922 0.00571966171264649 -0.82794189453125 0.12652587890625
0.0045619010925293 0.00271368026733398 -0.57611083984375 0.160400390625
-0.0267524719238281 -0.00396537780761719 -0.212814331054688 0.0236663818359375
0.043548583984375 0.0407218933105469 0.179962158203125 -0.0078887939453125
0.0638885498046875 0.00879669189453125 0.63421630859375 -0.06591796875
0.0273799896240234 -0.0148906707763672 0.78277587890625 -0.11907958984375
-0.0146198272705078 0.00836563110351563 0.80523681640625 0.0849609375
-0.008819580078125 0.0257377624511719 0.74188232421875 0.343505859375
0.00846099853515625 0.00243139266967773 0.65625 0.37896728515625
0.0471000671386719 -0.0012054443359375 0.391754150390625 0.226715087890625
0.0269069671630859 -0.0102481842041016 0.0744781494140625 7.62939453124937E-06
0.0211620330810547 -0.00984382629394531 -0.256759643554687 -0.196456909179688
0.0163908004760742 -0.0107450485229492 -0.5504150390625 -0.26495361328125
-0.00153255462646484 -0.00490617752075195 -0.78912353515625 -0.0855102539062501
-0.0154008865356445 -0.000220298767089846 -0.8311767578125 0.13165283203125
-0.00140666961669922 -0.0147027969360352 -0.82635498046875 0.14349365234375
0.0382957458496094 -0.0213584899902344 -0.57781982421875 0.165283203125
0.0258998870849609 -0.00525283813476563 -0.213485717773438 0.0220489501953125
0.0929718017578125 0.0590133666992188 0.1934814453125 -0.0078277587890625
0.117767333984375 -0.00206756591796875 0.63092041015625 -0.0625
0.043792724609375 -0.0401725769042969 0.781494140625 -0.0992431640625
-0.0262546539306641 0.00675010681152344 0.814208984375 0.10552978515625
-0.0191307067871094 0.0440406799316406 0.7486572265625 0.348388671875
0.0167312622070313 0.0330562591552734 0.64697265625 0.37542724609375
0.0671768188476562 0.0155677795410156 0.374298095703125 0.21673583984375
0.0472793579101562 0.00272369384765625 0.0574493408203125 -0.00506973266601562
0.0421295166015625 0.00686264038085937 -0.2745361328125 -0.203903198242187
0.0316886901855469 0.0139789581298828 -0.5606689453125 -0.2652587890625
0.0048828125 0.0196800231933594 -0.794189453125 -0.0782470703124999
-0.0211925506591797 0.00792694091796874 -0.8240966796875 0.1427001953125
0.00589942932128906 -0.0343017578125 -0.8243408203125 0.15423583984375
0.0726470947265625 -0.0390625 -0.57623291015625 0.16949462890625
0.0753402709960938 -0.0034942626953125 -0.202880859375 0.0157012939453125
0.130149841308594 0.0634689331054688 0.21038818359375 -0.00929260253906249
0.146224975585938 -0.0129852294921875 0.626220703125 -0.06427001953125
0.049285888671875 -0.0546150207519531 0.78656005859375 -0.083251953125
-0.0346012115478516 0.00859451293945312 0.83489990234375 0.114013671875
-0.0198440551757813 0.0611724853515625 0.7576904296875 0.3321533203125
0.0248374938964844 0.0512199401855469 0.63653564453125 0.3536376953125
0.0799102783203125 0.0251388549804687 0.35235595703125 0.20013427734375
0.0574798583984375 0.0116767883300781 0.0340919494628906 -0.0151329040527344
0.0540962219238281 0.0210113525390625 -0.29595947265625 -0.207275390625
0.0420417785644531 0.0322036743164062 -0.57562255859375 -0.27264404296875
0.0051116943359375 0.0392417907714844 -0.795654296875 -0.0857543945312499
-0.0296401977539062 0.0114402770996094 -0.81768798828125 0.1400146484375
0.011016845703125 -0.0499534606933594 -0.8167724609375 0.15679931640625
0.107269287109375 -0.0512161254882813 -0.56744384765625 0.16229248046875
0.116218566894531 0.00604248046875 -0.182296752929688 0.014373779296875
0.14715576171875 0.0579681396484375 0.233154296875 -0.00787353515625
0.15631103515625 -0.0266265869140625 0.62225341796875 -0.0684814453125
0.0477294921875 -0.0554237365722656 0.7967529296875 -0.077392578125
-0.038360595703125 0.0155029296875 0.85565185546875 0.10107421875
-0.0189476013183594 0.0701751708984375 0.76953125 0.302001953125
0.0306129455566406 0.059295654296875 0.6231689453125 0.3218994140625
0.0812149047851562 0.0284576416015625 0.324005126953125 0.178680419921875
0.0607185363769531 0.0156631469726563 0.00500297546386719 -0.0260143280029297
0.0577468872070312 0.0281867980957031 -0.322601318359375 -0.2213134765625
0.0428962707519531 0.0452041625976563 -0.59185791015625 -0.29180908203125
-0.000377655029296875 0.0476303100585938 -0.79827880859375 -0.1119384765625
-0.0359420776367188 0.00806045532226562 -0.80975341796875 0.1279296875
0.0246467590332031 -0.06170654296875 -0.8062744140625 0.15234375
0.13330078125 -0.0495529174804687 -0.55810546875 0.154693603515625
0.139663696289063 0.0220565795898438 -0.155487060546875 0.016204833984375
0.145111083984375 0.0416107177734375 0.255386352539062 -0.0158843994140625
0.143264770507813 -0.033935546875 0.62445068359375 -0.07989501953125
0.0400962829589844 -0.0489730834960938 0.81146240234375 -0.089599609375
-0.0341796875 0.0240726470947266 0.8778076171875 0.07037353515625
-0.0134124755859375 0.07122802734375 0.7769775390625 0.25604248046875
0.0302162170410156 0.0529975891113281 0.60931396484375 0.2811279296875
0.07452392578125 0.020843505859375 0.29644775390625 0.159515380859375
0.0569343566894531 0.00885391235351562 -0.024810791015625 -0.03607177734375
0.0526161193847656 0.0271263122558594 -0.343963623046875 -0.236572265625
0.0352897644042969 0.0457191467285156 -0.60455322265625 -0.32647705078125
-0.00741195678710938 0.0468902587890625 -0.79534912109375 -0.148193359375
-0.0360603332519531 7.62939453124977E-05 -0.7978515625 0.0988159179687499
0.0352020263671875 -0.0635757446289063 -0.797119140625 0.14154052734375
0.145416259765625 -0.041900634765625 -0.552764892578125 0.14239501953125
0.142959594726563 0.032562255859375 -0.130233764648438 0.0253524780273438
0.120857238769531 0.0272445678710938 0.274658203125 -0.0187225341796875
0.114631652832031 -0.031158447265625 0.62628173828125 -0.09515380859375
0.0320816040039063 -0.0353202819824219 0.8223876953125 -0.11053466796875
-0.0244865417480469 0.0274276733398438 0.894775390625 0.02423095703125
-0.00893783569335937 0.0592689514160156 0.78021240234375 0.206298828125
0.0239677429199219 0.0366668701171875 0.5947265625 0.248291015625
0.0599746704101563 0.0088043212890625 0.271957397460938 0.146682739257813
0.0429649353027344 0.00104904174804688 -0.0477485656738281 -0.041778564453125
0.0396652221679688 0.0168685913085938 -0.36004638671875 -0.256805419921875
0.0224990844726563 0.0336723327636719 -0.607666015625 -0.368896484375
-0.0114612579345703 0.0345211029052734 -0.7847900390625 -0.2020263671875
-0.0293216705322266 -0.00728225708007812 -0.7857666015625 0.0651855468749998
0.0419960021972656 -0.054290771484375 -0.79010009765625 0.1279296875
0.1375732421875 -0.0234375 -0.546661376953125 0.131683349609375
0.12347412109375 0.0417404174804688 -0.108177185058594 0.04046630859375
-0.0612831115722656 -0.00736618041992187 0.183273315429688 -0.0120849609375
-0.045867919921875 0.0284347534179687 0.62744140625 -0.09844970703125
-0.0020751953125 0.0371437072753906 0.77593994140625 -0.1639404296875
0.0161628723144531 0.0179347991943359 0.8145751953125 0.0203857421875
0.00259208679199219 -0.0193691253662109 0.75030517578125 0.27789306640625
-0.0180091857910156 -0.0625495910644531 0.6624755859375 0.326171875
-0.00305938720703125 -0.045135498046875 0.391326904296875 0.209503173828125
-0.0172805786132812 -0.0395050048828125 0.0649948120117188 0.00549697875976562
-0.02130126953125 -0.0477714538574219 -0.2581787109375 -0.200973510742188
-0.0195159912109375 -0.0661048889160156 -0.548553466796875 -0.28790283203125
-0.00916290283203125 -0.0561180114746094 -0.7894287109375 -0.12152099609375
0.0035400390625 -0.0228462219238281 -0.8372802734375 0.0900878906249999
-0.00476646423339844 0.0237178802490234 -0.81781005859375 0.11663818359375
-0.0314235687255859 0.0205516815185547 -0.5657958984375 0.1551513671875
-0.0752639770507813 -0.00585174560546877 -0.20233154296875 0.0302276611328125
-0.00923728942871094 0.0155019760131836 0.17626953125 -0.011962890625
0.00599002838134765 0.0141763687133789 0.63287353515625 -0.08551025390625
0.00816917419433594 0.0114040374755859 0.77215576171875 -0.15142822265625
0.000805854797363281 0.0143499374389648 0.8038330078125 0.048828125
-0.00151491165161133 0.00090491771697998 0.74285888671875 0.31072998046875
-0.00487709045410156 -0.0306739807128906 0.6610107421875 0.35455322265625
0.0225200653076172 -0.0277004241943359 0.396331787109375 0.220733642578125
0.00512123107910156 -0.0253028869628906 0.0755233764648438 0.00568389892578125
-0.000123977661132811 -0.0282421112060547 -0.253067016601563 -0.197235107421875
-0.00457763671875 -0.0395698547363281 -0.5462646484375 -0.269561767578125
-0.00825119018554688 -0.0338687896728516 -0.78863525390625 -0.0937500000000001
-0.00587558746337891 -0.0144548416137695 -0.83209228515625 0.11688232421875
-0.00124025344848633 0.00522947311401367 -0.81866455078125 0.13751220703125
0.00246644020080566 -8.34465026855469E-06 -0.57318115234375 0.16455078125
-0.0285663604736328 -0.00341606140136719 -0.21270751953125 0.029449462890625
0.0454063415527344 0.0416336059570312 0.181427001953125 -0.010498046875
0.0666961669921875 0.00811004638671875 0.634033203125 -0.07696533203125
0.0272178649902344 -0.0159397125244141 0.7783203125 -0.129638671875
-0.0160226821899414 0.00911712646484375 0.8011474609375 0.07421875
-0.0107288360595703 0.0241317749023438 0.744140625 0.3302001953125
0.00697088241577148 0.00283956527709961 0.659423828125 0.368896484375
0.0461692810058594 -0.00438690185546875 0.391815185546875 0.21826171875
0.0279712677001953 -0.0119247436523438 0.0738067626953125 0.00151824951171875
0.0223731994628906 -0.0107784271240234 -0.258346557617188 -0.195159912109375
0.0144357681274414 -0.0116214752197266 -0.552642822265625 -0.25732421875
-0.00166416168212891 -0.00299668312072754 -0.7877197265625 -0.0744018554687498
-0.0124721527099609 -0.000402450561523439 -0.82855224609375 0.1439208984375
0.00187206268310547 -0.0139141082763672 -0.8248291015625 0.15753173828125
0.0390205383300781 -0.02178955078125 -0.57476806640625 0.17529296875
0.0260887145996094 -0.00404548645019531 -0.212692260742188 0.0231475830078125
0.0948028564453125 0.0581130981445313 0.193679809570313 -0.0090179443359375
0.114715576171875 -0.0028076171875 0.6302490234375 -0.073974609375
0.042816162109375 -0.0396461486816406 0.77978515625 -0.11285400390625
-0.02691650390625 0.00522994995117187 0.81280517578125 0.093505859375
-0.0190925598144531 0.0454864501953125 0.75048828125 0.3360595703125
0.0192852020263672 0.0326614379882813 0.65283203125 0.3623046875
0.0677299499511719 0.0133171081542969 0.377777099609375 0.2115478515625
0.0466461181640625 0.00239944458007813 0.0585250854492188 -0.00524139404296875
0.0409736633300781 0.006561279296875 -0.273895263671875 -0.197921752929687
0.0296230316162109 0.0130729675292969 -0.56329345703125 -0.25506591796875
0.00622177124023438 0.0209884643554688 -0.79107666015625 -0.0660400390625
-0.0213661193847656 0.0101852416992187 -0.821044921875 0.152099609375
0.00441741943359375 -0.0327949523925781 -0.82220458984375 0.1676025390625
0.0705795288085938 -0.0423965454101563 -0.57049560546875 0.17572021484375
0.0749969482421875 -0.0023193359375 -0.2020263671875 0.0175628662109375
0.132560729980469 0.0632553100585938 0.210403442382813 -0.0117034912109375
0.146484375 -0.0175933837890625 0.622802734375 -0.0733642578125
0.0484771728515625 -0.0553131103515625 0.78497314453125 -0.09515380859375
-0.0350818634033203 0.00696754455566406 0.83056640625 0.099609375
-0.0197715759277344 0.0607414245605469 0.76220703125 0.32147216796875
0.0263252258300781 0.051361083984375 0.64044189453125 0.3431396484375
0.0784530639648437 0.025543212890625 0.352752685546875 0.1929931640625
0.0576286315917969 0.0107383728027344 0.0344963073730469 -0.0160255432128906
0.0546417236328125 0.0189743041992188 -0.29705810546875 -0.20330810546875
0.0423507690429688 0.0322723388671875 -0.57818603515625 -0.26153564453125
0.00565719604492187 0.0391464233398438 -0.79534912109375 -0.0755615234375001
-0.0278339385986328 0.0123195648193359 -0.81396484375 0.150634765625
0.0100364685058594 -0.0502967834472656 -0.8126220703125 0.16998291015625
0.104072570800781 -0.0537567138671875 -0.5660400390625 0.17230224609375
0.116294860839844 0.005340576171875 -0.180709838867188 0.01629638671875
0.149826049804687 0.055938720703125 0.23297119140625 -0.014007568359375
0.154937744140625 -0.03045654296875 0.6195068359375 -0.07763671875
0.0470733642578125 -0.0572509765625 0.793701171875 -0.088623046875
-0.0377616882324219 0.0176200866699219 0.854248046875 0.08929443359375
-0.0161209106445312 0.0709457397460938 0.77197265625 0.28948974609375
0.0299644470214844 0.0595054626464844 0.62652587890625 0.309814453125
0.0819244384765625 0.0268020629882813 0.325286865234375 0.175018310546875
0.0637702941894531 0.0118904113769531 0.00498580932617188 -0.0261497497558594
0.0584182739257813 0.0257072448730469 -0.32305908203125 -0.214813232421875
0.0438423156738281 0.0446014404296875 -0.59368896484375 -0.2822265625
-2.2888183593745E-05 0.0475234985351563 -0.7965087890625 -0.09698486328125
-0.0355567932128906 0.00926589965820312 -0.803955078125 0.13800048828125
0.0233497619628906 -0.0638504028320313 -0.80560302734375 0.16607666015625
0.131866455078125 -0.0547561645507813 -0.55303955078125 0.1654052734375
0.139411926269531 0.0168533325195313 -0.15484619140625 0.020172119140625
0.146011352539063 0.0408935546875 0.255767822265625 -0.0165252685546875
0.140670776367188 -0.036163330078125 0.6236572265625 -0.0902099609375
0.0383148193359375 -0.0511741638183594 0.80731201171875 -0.099853515625
-0.0326614379882813 0.0250015258789063 0.87896728515625 0.054443359375
-0.01226806640625 0.0715484619140625 0.7816162109375 0.2430419921875
0.0311050415039063 0.0525665283203125 0.61053466796875 0.27020263671875
0.0758438110351563 0.019744873046875 0.297698974609375 0.1573486328125
0.055389404296875 0.00911331176757813 -0.0230731964111328 -0.0341720581054688
0.0566253662109375 0.0252761840820313 -0.34674072265625 -0.231231689453125
0.0360832214355469 0.0433197021484375 -0.606201171875 -0.318115234375
-0.00720596313476563 0.0453529357910156 -0.79473876953125 -0.138916015625
-0.034423828125 -0.000801086425781246 -0.7930908203125 0.108642578125
0.0345344543457031 -0.0659141540527344 -0.794189453125 0.15423583984375
0.145401000976563 -0.042266845703125 -0.549346923828125 0.15045166015625
0.143173217773437 0.0325469970703125 -0.130073547363281 0.0264968872070312
0.123680114746094 0.025482177734375 0.27508544921875 -0.022918701171875
0.116622924804688 -0.0331878662109375 0.6243896484375 -0.1044921875
0.0333099365234375 -0.0354347229003906 0.81695556640625 -0.1258544921875
-0.0227470397949219 0.0254001617431641 0.89190673828125 0.01043701171875
-0.00646591186523438 0.0607490539550781 0.78106689453125 0.19195556640625
0.0213050842285156 0.037078857421875 0.59747314453125 0.23492431640625
0.0598716735839844 0.00768661499023437 0.274871826171875 0.14263916015625
0.0428237915039062 -0.0014190673828125 -0.049560546875 -0.041046142578125
0.042816162109375 0.0155601501464844 -0.36383056640625 -0.2506103515625
0.0247669219970703 0.0328636169433594 -0.60894775390625 -0.36016845703125
-0.0128250122070312 0.0341434478759766 -0.78558349609375 -0.190673828125
-0.0315704345703125 -0.00716972351074218 -0.78173828125 0.0753784179687501
0.0400009155273438 -0.055419921875 -0.78692626953125 0.1390380859375
0.135841369628906 -0.0268020629882813 -0.546722412109375 0.1405029296875
0.123405456542969 0.03955078125 -0.109451293945313 0.0399627685546875
-0.0626144409179688 -0.00807189941406249 0.180328369140625 -0.013031005859375
-0.0442581176757812 0.0277214050292969 0.625 -0.106201171875
-0.00301742553710937 0.0388603210449219 0.7685546875 -0.17254638671875
0.0167675018310547 0.0182514190673828 0.8094482421875 0.00701904296875
0.003753662109375 -0.0198764801025391 0.7510986328125 0.26727294921875
-0.017425537109375 -0.0601272583007813 0.66265869140625 0.31524658203125
-0.00462722778320313 -0.0467910766601563 0.391754150390625 0.202606201171875
-0.0159149169921875 -0.0403556823730469 0.0658950805664062 0.003875732421875
-0.0222282409667969 -0.0467987060546875 -0.257186889648438 -0.197921752929688
-0.0203857421875 -0.0657806396484375 -0.548370361328125 -0.279449462890625
-0.0107688903808594 -0.0566825866699219 -0.78631591796875 -0.1097412109375
0.00406646728515625 -0.0226287841796875 -0.8297119140625 0.09912109375
-0.0025787353515625 0.0240497589111328 -0.813720703125 0.12841796875
-0.0322780609130859 0.0198326110839844 -0.561981201171875 0.159759521484375
-0.0748672485351563 -0.00485229492187499 -0.202301025390625 0.0366363525390625
-0.0127391815185547 0.0158233642578125 0.17608642578125 -0.0128631591796875
0.00563526153564453 0.0165472030639648 0.63128662109375 -0.09429931640625
0.00850772857666016 0.0109348297119141 0.76971435546875 -0.15985107421875
0.000654220581054687 0.0144529342651367 0.79962158203125 0.0367431640625
-0.00255680084228516 0.00294113159179688 0.74407958984375 0.29718017578125
-0.00632667541503906 -0.0302562713623047 0.66461181640625 0.3443603515625
0.0227851867675781 -0.0295581817626953 0.400115966796875 0.212677001953125
0.00471115112304688 -0.0246982574462891 0.0750656127929688 0.005340576171875
0.000186920166015627 -0.0278778076171875 -0.252639770507813 -0.188552856445312
-0.00407028198242188 -0.03924560546875 -0.545989990234375 -0.260467529296875
-0.00770950317382813 -0.0326957702636719 -0.78656005859375 -0.08343505859375
-0.00601768493652344 -0.0121641159057617 -0.827392578125 0.1312255859375
-0.000529766082763672 0.00457286834716797 -0.81591796875 0.1505126953125
0.00174415111541748 -0.000895142555236817 -0.56695556640625 0.173583984375
-0.0293369293212891 -0.00427055358886718 -0.211318969726563 0.0296783447265625
0.0469436645507813 0.0394287109375 0.179000854492188 -0.0115509033203125
0.0654106140136719 0.00673675537109375 0.63043212890625 -0.08587646484375
0.0284538269042969 -0.0169429779052734 0.77227783203125 -0.14141845703125
-0.0148687362670898 0.0092020034790039 0.7994384765625 0.0633544921875
-0.0107135772705078 0.0248851776123047 0.7447509765625 0.31939697265625
0.00764751434326172 0.00181865692138672 0.66204833984375 0.35595703125
0.0475578308105469 -0.00641632080078125 0.39410400390625 0.211639404296875
0.0298690795898438 -0.0126018524169922 0.0741653442382813 0.000503540039062499
0.0204677581787109 -0.0115699768066406 -0.257827758789063 -0.189544677734375
0.0150365829467773 -0.0128030776977539 -0.552490234375 -0.24749755859375
4.10079956054684E-05 -0.00550270080566406 -0.7828369140625 -0.06182861328125
-0.0142660140991211 -0.000940322875976564 -0.82080078125 0.15301513671875
-0.00036907196044922 -0.0144195556640625 -0.8177490234375 0.1705322265625
0.0373344421386719 -0.0242500305175781 -0.571533203125 0.18243408203125
0.0267143249511719 -0.00681686401367188 -0.212478637695312 0.02655029296875
0.0969085693359375 0.054229736328125 0.192703247070313 -0.0118865966796875
0.115028381347656 -0.0064697265625 0.6273193359375 -0.08270263671875
0.0427474975585938 -0.0389900207519531 0.77374267578125 -0.1226806640625
-0.0265960693359375 0.00412750244140626 0.8079833984375 0.08282470703125
-0.0173530578613281 0.0455436706542969 0.7518310546875 0.3240966796875
0.0151519775390625 0.0308494567871094 0.65521240234375 0.3524169921875
0.0669403076171875 0.011199951171875 0.381195068359375 0.204620361328125
0.0466690063476563 -4.1961669921875E-05 0.0587959289550781 -0.00641632080078125
0.0430564880371094 0.00496292114257813 -0.274337768554688 -0.19287109375
0.0331439971923828 0.0108642578125 -0.562286376953125 -0.24542236328125
0.00534439086914062 0.0213031768798828 -0.78900146484375 -0.0563354492187499
-0.0203056335449219 0.00841522216796876 -0.81231689453125 0.1676025390625
0.00303840637207031 -0.03424072265625 -0.8145751953125 0.1802978515625
0.0707473754882813 -0.0411834716796875 -0.5673828125 0.18292236328125
0.0744247436523437 -0.0039520263671875 -0.201080322265625 0.021026611328125
0.134063720703125 0.0597686767578125 0.210617065429688 -0.0151214599609375
0.145034790039063 -0.01904296875 0.62103271484375 -0.08123779296875
0.0483169555664063 -0.0545196533203125 0.77813720703125 -0.10626220703125
-0.0358314514160156 0.00750350952148438 0.8275146484375 0.0889892578125
-0.0186119079589844 0.0611953735351562 0.76190185546875 0.3074951171875
0.0242042541503906 0.0503578186035156 0.6416015625 0.3289794921875
0.0809097290039062 0.0224685668945313 0.355255126953125 0.186859130859375
0.0601158142089844 0.00698089599609375 0.0344676971435547 -0.0159130096435547
0.0557022094726563 0.0175857543945313 -0.2967529296875 -0.197052001953125
0.0426597595214844 0.0313949584960938 -0.5780029296875 -0.25335693359375
0.00580978393554688 0.0379104614257812 -0.79144287109375 -0.06317138671875
-0.028076171875 0.0114173889160156 -0.8050537109375 0.1614990234375
0.008331298828125 -0.0505447387695313 -0.80743408203125 0.182861328125
0.10479736328125 -0.0553817749023437 -0.561676025390625 0.179107666015625
0.115020751953125 0.00467681884765625 -0.183502197265625 0.01849365234375
0.150909423828125 0.0531768798828125 0.232894897460938 -0.0159912109375
0.154708862304688 -0.033203125 0.6177978515625 -0.08673095703125
0.04803466796875 -0.0585823059082031 0.78692626953125 -0.1005859375
-0.0385551452636719 0.0172004699707031 0.8529052734375 0.07470703125
-0.0161666870117188 0.0716705322265625 0.7708740234375 0.277099609375
0.0305938720703125 0.0573844909667969 0.62579345703125 0.29962158203125
0.0836563110351563 0.024322509765625 0.3265380859375 0.16949462890625
0.0611190795898438 0.0108871459960938 0.00576400756835938 -0.0267257690429688
0.0604057312011719 0.0232009887695313 -0.323150634765625 -0.2095947265625
0.0428123474121094 0.0431137084960938 -0.59375 -0.2725830078125
0.00170516967773437 0.0462570190429688 -0.79510498046875 -0.08953857421875
-0.0333461761474609 0.00973892211914062 -0.7982177734375 0.14910888671875
0.0215415954589844 -0.0612869262695312 -0.795654296875 0.17608642578125
0.131172180175781 -0.0565338134765625 -0.5526123046875 0.169189453125
0.138656616210937 0.0168991088867187 -0.156753540039063 0.0204925537109375
0.147750854492188 0.0387115478515625 0.254196166992188 -0.02001953125
0.140548706054688 -0.0380172729492188 0.6158447265625 -0.09832763671875
0.0415191650390625 -0.0499916076660156 0.8004150390625 -0.11163330078125
-0.0335636138916016 0.0245151519775391 0.8731689453125 0.0416259765625
-0.00992584228515624 0.0716476440429688 0.78082275390625 0.230224609375
0.0297012329101563 0.0517921447753906 0.61199951171875 0.2598876953125
0.07501220703125 0.017608642578125 0.2974853515625 0.152435302734375
0.0561637878417969 0.00607681274414063 -0.0217399597167969 -0.0337028503417969
0.0554847717285156 0.0224990844726562 -0.34515380859375 -0.2244873046875
0.0365219116210937 0.0439300537109375 -0.60589599609375 -0.30694580078125
-0.006072998046875 0.0473060607910156 -0.79022216796875 -0.12799072265625
-0.035552978515625 0.00208663940429687 -0.7879638671875 0.12152099609375
0.0338096618652344 -0.0652923583984375 -0.7861328125 0.16522216796875
0.145217895507813 -0.0446929931640625 -0.545379638671875 0.157745361328125
0.142181396484375 0.0308990478515625 -0.130241394042969 0.0288848876953125
0.123245239257813 0.0240249633789063 0.274673461914063 -0.0255889892578125
0.113388061523438 -0.0342941284179688 0.621826171875 -0.11151123046875
0.0323448181152344 -0.0356674194335938 0.81268310546875 -0.13592529296875
-0.0238704681396484 0.0273628234863281 0.88775634765625 -0.0028076171875
-0.00463867187499999 0.0602798461914062 0.7811279296875 0.18292236328125
0.0241241455078125 0.0363845825195313 0.596923828125 0.22479248046875
0.057647705078125 0.0041656494140625 0.276138305664063 0.139923095703125
0.0434303283691406 -0.00326919555664062 -0.0474853515625 -0.03997802734375
0.0436286926269531 0.0141410827636719 -0.3626708984375 -0.2451171875
0.0239582061767578 0.0318679809570313 -0.60870361328125 -0.351806640625
-0.0115623474121094 0.0331459045410156 -0.78369140625 -0.179443359375
-0.0302658081054688 -0.00695991516113281 -0.778076171875 0.0886230468750001
0.0387420654296875 -0.0549087524414063 -0.780029296875 0.14892578125
0.135749816894531 -0.0275802612304688 -0.541961669921875 0.1458740234375
0.123550415039063 0.03765869140625 -0.106781005859375 0.0409088134765625
-0.0613937377929688 -0.00746917724609374 0.181488037109375 -0.0149688720703125
-0.0438346862792969 0.0291786193847656 0.62109375 -0.1163330078125
-0.00285720825195313 0.0367698669433594 0.76324462890625 -0.18463134765625
0.0183448791503906 0.01824951171875 0.80474853515625 6.10351562500011E-05
0.00180816650390625 -0.0190181732177734 0.7509765625 0.25677490234375
-0.0169334411621094 -0.0593223571777344 0.664794921875 0.30474853515625
-0.00329208374023438 -0.0479202270507813 0.3929443359375 0.1968994140625
-0.0172920227050781 -0.0413627624511719 0.0653419494628906 0.00519180297851562
-0.0214691162109375 -0.0463790893554688 -0.259185791015625 -0.191848754882812
-0.0214767456054688 -0.0648689270019531 -0.548095703125 -0.2723388671875
-0.011688232421875 -0.0567512512207031 -0.78509521484375 -0.10064697265625
0.00397300720214844 -0.0223274230957031 -0.825927734375 0.112548828125
-0.00357818603515625 0.0225906372070313 -0.8084716796875 0.13836669921875
-0.0313034057617188 0.0208263397216797 -0.55633544921875 0.165924072265625
-0.074554443359375 -0.00263214111328126 -0.199783325195313 0.0378875732421875
-0.0113735198974609 0.0161037445068359 0.174560546875 -0.0155487060546875
0.00504493713378906 0.0161590576171875 0.62548828125 -0.10137939453125
0.00955295562744141 0.0103359222412109 0.762451171875 -0.1717529296875
0.00263500213623047 0.0133953094482422 0.79437255859375 0.02593994140625
-7.37905502319338E-05 0.0018545389175415 0.74560546875 0.28680419921875
-0.00461578369140625 -0.0284881591796875 0.6649169921875 0.3330078125
0.0214691162109375 -0.0305957794189453 0.401397705078125 0.205810546875
0.00601005554199219 -0.0266475677490234 0.0775909423828125 0.00312042236328125
-0.00140190124511719 -0.0298748016357422 -0.252716064453125 -0.1864013671875
-0.00649642944335938 -0.0389823913574219 -0.545989990234375 -0.253143310546875
-0.00851821899414063 -0.0322055816650391 -0.78076171875 -0.0723876953125001
-0.00601673126220703 -0.0145463943481445 -0.81719970703125 0.1400146484375
-0.000797748565673828 0.00554847717285156 -0.8111572265625 0.1611328125
5.96046447753881E-07 -0.00034177303314209 -0.56304931640625 0.180419921875
-0.0274753570556641 -0.00229644775390625 -0.21136474609375 0.0334930419921875
0.0470962524414063 0.0395050048828125 0.17779541015625 -0.015228271484375
0.0656852722167969 0.00447845458984375 0.62554931640625 -0.09271240234375
0.0269813537597656 -0.0191154479980469 0.7635498046875 -0.1563720703125
-0.013087272644043 0.00895595550537109 0.794677734375 0.0538330078125
-0.0106678009033203 0.02459716796875 0.74554443359375 0.3101806640625
0.00573635101318359 0.000244617462158203 0.66461181640625 0.3441162109375
0.0466461181640625 -0.00751495361328125 0.3970947265625 0.20758056640625
0.0264682769775391 -0.0123710632324219 0.0747604370117188 -0.000198364257812501
0.0216579437255859 -0.0129661560058594 -0.259735107421875 -0.185165405273438
0.0152158737182617 -0.0124807357788086 -0.551361083984375 -0.240509033203125
-0.000355720520019531 -0.00395488739013672 -0.779541015625 -0.0510253906249998
-0.0139894485473633 -0.00162601470947266 -0.814453125 0.16510009765625
-0.000534057617187499 -0.0158014297485352 -0.80975341796875 0.1788330078125
0.0366287231445313 -0.0239524841308594 -0.5654296875 0.1895751953125
0.0228424072265625 -0.00497055053710937 -0.211410522460937 0.0273590087890625
0.09759521484375 0.054473876953125 0.189529418945312 -0.0175018310546875
0.115074157714844 -0.00672149658203125 0.62335205078125 -0.0894775390625
0.0440673828125 -0.0420570373535156 0.768310546875 -0.13433837890625
-0.0271854400634766 0.00577545166015624 0.8045654296875 0.07073974609375
-0.0158958435058594 0.0452728271484375 0.751953125 0.310791015625
0.0183315277099609 0.0296154022216797 0.65399169921875 0.339111328125
0.0669708251953125 0.00858306884765625 0.3797607421875 0.19744873046875
0.0481071472167969 -0.00168228149414063 0.0584220886230469 -0.006103515625
0.04156494140625 0.00331878662109375 -0.275588989257812 -0.188568115234375
0.034271240234375 0.0105438232421875 -0.561920166015625 -0.238433837890625
0.00590896606445313 0.0203590393066406 -0.782958984375 -0.04669189453125
-0.0192584991455078 0.0087890625 -0.8072509765625 0.17572021484375
0.00234413146972656 -0.0324001312255859 -0.80914306640625 0.189208984375
0.0714797973632813 -0.045654296875 -0.561126708984375 0.190185546875
0.07574462890625 -0.00466156005859375 -0.2017822265625 0.0214385986328125
0.134971618652344 0.0591888427734375 0.20819091796875 -0.0171356201171875
0.148666381835938 -0.0200653076171875 0.6175537109375 -0.08966064453125
0.0481224060058594 -0.0567436218261719 0.77227783203125 -0.11810302734375
-0.0357513427734375 0.01019287109375 0.82373046875 0.07635498046875
-0.0167427062988281 0.0635643005371094 0.76214599609375 0.29913330078125
0.0256690979003906 0.0519332885742188 0.64111328125 0.32000732421875
0.0804824829101562 0.019744873046875 0.35552978515625 0.181427001953125
0.0584869384765625 0.00620651245117188 0.0369644165039063 -0.0160102844238281
0.0551376342773438 0.0150566101074219 -0.296417236328125 -0.193115234375
0.043304443359375 0.0320014953613281 -0.57843017578125 -0.24542236328125
0.00571441650390625 0.0390396118164063 -0.78582763671875 -0.0527343749999999
-0.0280952453613281 0.0121288299560547 -0.7989501953125 0.17254638671875
0.0106468200683594 -0.0517425537109375 -0.799072265625 0.1920166015625
0.101493835449219 -0.0572433471679688 -0.5555419921875 0.18487548828125
0.1160888671875 0.00243377685546875 -0.182022094726563 0.020721435546875
0.153182983398438 0.0506744384765625 0.23028564453125 -0.020050048828125
0.153244018554688 -0.0336151123046875 0.6123046875 -0.09637451171875
0.0459671020507813 -0.0599899291992187 0.7821044921875 -0.112548828125
-0.0376358032226563 0.01690673828125 0.84564208984375 0.06396484375
-0.0156097412109375 0.0722579956054688 0.77301025390625 0.2645263671875
0.0313301086425781 0.0572662353515625 0.62628173828125 0.2879638671875
0.0818710327148438 0.0218276977539063 0.32489013671875 0.16302490234375
0.0617561340332031 0.00800323486328125 0.00594520568847657 -0.0251960754394531
0.0599708557128906 0.0235137939453125 -0.322174072265625 -0.203277587890625
0.0437698364257813 0.0414352416992188 -0.59283447265625 -0.26568603515625
2.67028808593754E-05 0.0478363037109375 -0.7889404296875 -0.0765380859375001
-0.0340461730957031 0.0089569091796875 -0.7913818359375 0.15924072265625
0.0211219787597656 -0.0643577575683594 -0.7891845703125 0.186279296875
0.128036499023438 -0.0552825927734375 -0.547088623046875 0.176055908203125
0.137611389160156 0.01702880859375 -0.15411376953125 0.0223846435546875
0.148269653320313 0.0366973876953125 0.253555297851562 -0.0231781005859375
0.141845703125 -0.0418853759765625 0.61468505859375 -0.10565185546875
0.0377540588378906 -0.0509414672851562 0.79266357421875 -0.1221923828125
-0.0326976776123047 0.0253543853759766 0.87030029296875 0.0316162109375
-0.0100936889648438 0.0706863403320313 0.77777099609375 0.21844482421875
0.0295486450195313 0.0539627075195312 0.6109619140625 0.25177001953125
0.0734405517578125 0.0148468017578125 0.298248291015625 0.146820068359375
0.056060791015625 0.0034027099609375 -0.0208530426025391 -0.0321903228759766
0.0549659729003906 0.0228919982910156 -0.34930419921875 -0.220977783203125
0.0381622314453125 0.0424346923828125 -0.60614013671875 -0.29754638671875
-0.00648117065429688 0.04595947265625 -0.7877197265625 -0.1163330078125
-0.0361480712890625 0.00129318237304688 -0.78131103515625 0.1300048828125
0.0315208435058594 -0.0665664672851563 -0.78082275390625 0.1771240234375
0.140640258789063 -0.049072265625 -0.539794921875 0.1634521484375
0.142547607421875 0.03057861328125 -0.129524230957031 0.0327987670898437
0.123619079589844 0.0222549438476563 0.271408081054688 -0.0297393798828125
0.113624572753906 -0.0378875732421875 0.61639404296875 -0.1202392578125
0.0312728881835938 -0.037750244140625 0.8038330078125 -0.14691162109375
-0.0225276947021484 0.0279006958007813 0.88153076171875 -0.01458740234375
-0.00493240356445312 0.0593376159667969 0.7774658203125 0.1702880859375
0.0240554809570313 0.0361175537109375 0.59490966796875 0.213623046875
0.0603103637695312 0.00167083740234375 0.2747802734375 0.135711669921875
0.0418319702148438 -0.00502395629882813 -0.0461769104003906 -0.0371894836425781
0.0432205200195313 0.0129127502441406 -0.3641357421875 -0.239227294921875
0.0243606567382812 0.0320758819580078 -0.6123046875 -0.34124755859375
-0.0130119323730469 0.0332813262939453 -0.78314208984375 -0.16802978515625
-0.0302085876464844 -0.00637435913085937 -0.7703857421875 0.0968017578124999
0.0406646728515625 -0.0553398132324219 -0.77325439453125 0.16009521484375
0.133903503417969 -0.0314254760742188 -0.536285400390625 0.15380859375
0.124702453613281 0.0379791259765625 -0.106033325195312 0.0419921875
-0.0637054443359375 -0.00528717041015624 0.179840087890625 -0.0156707763671875
-0.0448455810546875 0.0287857055664062 0.61431884765625 -0.12091064453125
-0.000621795654296874 0.0366897583007813 0.75592041015625 -0.196044921875
0.0169591903686523 0.0147609710693359 0.79986572265625 -0.01373291015625
0.00187873840332031 -0.0201034545898438 0.74908447265625 0.244873046875
-0.0181541442871094 -0.0593147277832031 0.66424560546875 0.29705810546875
-0.00516891479492187 -0.048583984375 0.394439697265625 0.190185546875
-0.0156517028808594 -0.0395584106445313 0.0673637390136719 0.00246047973632812
-0.0236740112304688 -0.0468978881835937 -0.253936767578125 -0.1885986328125
-0.0245742797851563 -0.065155029296875 -0.54656982421875 -0.260345458984375
-0.0137977600097656 -0.0582427978515625 -0.7818603515625 -0.0906982421874999
0.00429916381835937 -0.024658203125 -0.81597900390625 0.1187744140625
-0.00251388549804688 0.0231037139892578 -0.80157470703125 0.1478271484375
-0.0322952270507813 0.0223941802978516 -0.55120849609375 0.17218017578125
-0.0770950317382813 -0.000564575195312493 -0.19873046875 0.0400390625
-0.00988006591796875 0.011871337890625 0.17498779296875 -0.0157470703125
0.007598876953125 0.0162458419799805 0.622802734375 -0.107666015625
0.00991058349609375 0.0104103088378906 0.75537109375 -0.181640625
0.00445365905761719 0.0152750015258789 0.78717041015625 0.017822265625
-0.00263047218322754 0.00090789794921875 0.74365234375 0.27813720703125
-0.00581932067871094 -0.0304698944091797 0.66619873046875 0.32275390625
0.0199680328369141 -0.0296916961669922 0.401397705078125 0.20037841796875
0.00549507141113281 -0.0263500213623047 0.07452392578125 0.00307464599609375
-0.00189590454101563 -0.0287933349609375 -0.251754760742188 -0.183120727539063
-0.00438308715820312 -0.0383262634277344 -0.54473876953125 -0.243621826171875
-0.00891494750976563 -0.0309429168701172 -0.77587890625 -0.062744140625
-0.0074005126953125 -0.0123176574707031 -0.8126220703125 0.15057373046875
0.000184535980224609 0.00479602813720703 -0.80352783203125 0.16876220703125
0.00482892990112305 -0.00195932388305664 -0.55810546875 0.186920166015625
-0.0290355682373047 0.000171661376953124 -0.211196899414062 0.0355072021484375
0.0478096008300781 0.0380401611328125 0.178665161132813 -0.016845703125
0.066375732421875 0.00480270385742188 0.62457275390625 -0.10064697265625
0.0252494812011719 -0.0184879302978516 0.75738525390625 -0.16424560546875
-0.0139684677124023 0.00820255279541015 0.78778076171875 0.0435791015625
-0.0109367370605469 0.0235023498535156 0.74432373046875 0.29705810546875
0.00743579864501953 0.00025177001953125 0.6617431640625 0.33660888671875
0.0456733703613281 -0.0113906860351563 0.394134521484375 0.20001220703125
0.0254669189453125 -0.0149288177490234 0.0745162963867187 -0.000999450683593751
0.0227870941162109 -0.0116500854492188 -0.256744384765625 -0.184341430664062
0.0147647857666016 -0.013401985168457 -0.550537109375 -0.233184814453125
-0.00109148025512695 -0.00458621978759766 -0.77789306640625 -0.0428466796875
-0.0136547088623047 0.000695228576660154 -0.80609130859375 0.17291259765625
-0.00117588043212891 -0.0155363082885742 -0.80419921875 0.1884765625
0.0345001220703125 -0.0241241455078125 -0.558319091796875 0.194610595703125
0.0213851928710938 -0.00236129760742188 -0.210464477539063 0.030792236328125
0.0979080200195313 0.0543441772460937 0.189910888671875 -0.0171051025390625
0.115852355957031 -0.00769805908203125 0.61968994140625 -0.09771728515625
0.0419502258300781 -0.04266357421875 0.76226806640625 -0.1458740234375
-0.0269012451171875 0.00648307800292968 0.799072265625 0.059814453125
-0.0156059265136719 0.0455970764160156 0.74993896484375 0.2999267578125
0.0171775817871094 0.0289974212646484 0.65570068359375 0.3270263671875
0.0667457580566406 0.006744384765625 0.380462646484375 0.19354248046875
0.0451736450195313 -0.004180908203125 0.0601921081542969 -0.00722122192382813
0.0416984558105469 0.0011138916015625 -0.272293090820312 -0.1810302734375
0.0334300994873047 0.0100879669189453 -0.56085205078125 -0.22882080078125
0.00577545166015625 0.0190391540527344 -0.7781982421875 -0.0361938476562502
-0.0201816558837891 0.00868415832519531 -0.802001953125 0.1839599609375
0.00225448608398438 -0.0338649749755859 -0.80133056640625 0.20050048828125
0.0669975280761719 -0.0467262268066406 -0.556243896484375 0.1966552734375
0.0738449096679687 -0.003631591796875 -0.200302124023438 0.0247955322265625
0.13494873046875 0.0567474365234375 0.2100830078125 -0.018585205078125
0.145782470703125 -0.0242156982421875 0.6143798828125 -0.09881591796875
0.0488090515136719 -0.0583381652832031 0.767578125 -0.12823486328125
-0.0352058410644531 0.0105934143066406 0.8179931640625 0.06683349609375
-0.017364501953125 0.0640029907226563 0.760498046875 0.285400390625
0.0265693664550781 0.0481719970703125 0.64276123046875 0.30926513671875
0.0791778564453125 0.0176467895507813 0.3555908203125 0.176605224609375
0.057861328125 0.00426864624023438 0.0352058410644531 -0.0157546997070313
0.0570831298828125 0.0141372680664063 -0.29669189453125 -0.188629150390625
0.0434951782226563 0.0303421020507813 -0.57794189453125 -0.2386474609375
0.00644683837890625 0.0381584167480469 -0.7808837890625 -0.0429687500000001
-0.0288276672363281 0.0117893218994141 -0.7939453125 0.18096923828125
0.00915908813476563 -0.0507087707519531 -0.7926025390625 0.2000732421875
0.101654052734375 -0.0576400756835937 -0.55010986328125 0.1904296875
0.113327026367188 0.002685546875 -0.18084716796875 0.0218505859375
0.14923095703125 0.05096435546875 0.23089599609375 -0.022613525390625
0.15411376953125 -0.036712646484375 0.60882568359375 -0.1025390625
0.0448074340820312 -0.060028076171875 0.77398681640625 -0.12322998046875
-0.0362091064453125 0.0162811279296875 0.84033203125 0.05419921875
-0.0145225524902344 0.0687789916992188 0.7701416015625 0.253662109375
0.0316200256347656 0.0560417175292969 0.6273193359375 0.28009033203125
0.0819320678710937 0.0211944580078125 0.32635498046875 0.156890869140625
0.0626564025878906 0.00613784790039063 0.00650405883789063 -0.0244789123535156
0.0609130859375 0.02044677734375 -0.321258544921875 -0.202392578125
0.0467529296875 0.0407791137695313 -0.5931396484375 -0.25762939453125
0.00347900390625 0.04840087890625 -0.78631591796875 -0.0676879882812501
-0.0350818634033203 0.00926589965820312 -0.78436279296875 0.16632080078125
0.0200538635253906 -0.0631942749023438 -0.7850341796875 0.19378662109375
0.126380920410156 -0.0596466064453125 -0.542755126953125 0.18218994140625
0.137794494628906 0.0164718627929688 -0.155609130859375 0.025146484375
0.148406982421875 0.03546142578125 0.252944946289063 -0.0277252197265625
0.139579772949219 -0.04400634765625 0.61016845703125 -0.112548828125
0.0379829406738281 -0.0530853271484375 0.78765869140625 -0.1337890625
-0.0323696136474609 0.023223876953125 0.862060546875 0.02081298828125
-0.00714111328125 0.0714263916015625 0.7747802734375 0.2083740234375
0.0297660827636719 0.0506019592285156 0.61004638671875 0.24078369140625
0.0738449096679688 0.0141830444335938 0.29925537109375 0.143707275390625
0.0556297302246094 0.00226211547851563 -0.0212612152099609 -0.0317764282226563
0.0557899475097656 0.0224838256835938 -0.3438720703125 -0.21331787109375
0.0383491516113281 0.0422019958496094 -0.60333251953125 -0.289794921875
-0.00548171997070312 0.0468063354492188 -0.78265380859375 -0.106689453125
-0.0367965698242187 6.86645507812559E-05 -0.77490234375 0.13836669921875
0.0317001342773438 -0.0665702819824219 -0.7735595703125 0.1842041015625
0.140525817871094 -0.0483932495117188 -0.535308837890625 0.1688232421875
0.141525268554688 0.0296173095703125 -0.127143859863281 0.0316543579101563
0.125846862792969 0.021881103515625 0.272979736328125 -0.034759521484375
0.112747192382812 -0.0382003784179688 0.61358642578125 -0.12689208984375
0.0308761596679688 -0.038726806640625 0.798828125 -0.15576171875
-0.0218868255615234 0.0291824340820313 0.87408447265625 -0.02423095703125
-0.00474166870117187 0.0606536865234375 0.77490234375 0.16094970703125
0.0260162353515625 0.0345516204833984 0.59454345703125 0.2073974609375
0.0597877502441406 0.00207138061523437 0.275833129882813 0.130111694335938
0.0426902770996094 -0.00374221801757812 -0.0460968017578125 -0.0359840393066406
0.0427894592285156 0.0113945007324219 -0.3621826171875 -0.2335205078125
0.0266380310058594 0.0296535491943359 -0.612548828125 -0.33099365234375
-0.0110874176025391 0.0338497161865234 -0.779296875 -0.158935546875
-0.0273227691650391 -0.00759696960449218 -0.76458740234375 0.1031494140625
0.0375747680664063 -0.0575637817382813 -0.76898193359375 0.17010498046875
0.133766174316406 -0.0327682495117188 -0.534088134765625 0.15740966796875
0.124366760253906 0.036834716796875 -0.105941772460937 0.0422210693359375
-0.0611114501953125 -0.00512313842773437 0.178985595703125 -0.0190887451171875
-0.0434989929199219 0.0289688110351562 0.610107421875 -0.127685546875
-0.000911712646484375 0.0382766723632813 0.74798583984375 -0.20233154296875
0.0161161422729492 0.0135078430175781 0.7908935546875 -0.018798828125
0.00181770324707031 -0.0194034576416016 0.7452392578125 0.23602294921875
-0.0198936462402344 -0.0595436096191406 0.662353515625 0.28643798828125
-0.00546646118164063 -0.0499725341796875 0.3934326171875 0.184967041015625
-0.0159721374511719 -0.03973388671875 0.0662193298339844 0.00396347045898437
-0.0225715637207031 -0.0461578369140625 -0.256423950195313 -0.184249877929688
-0.0253486633300781 -0.0642967224121094 -0.543975830078125 -0.257598876953125
-0.0128440856933594 -0.0566062927246094 -0.77288818359375 -0.08343505859375
0.00262260437011719 -0.0258769989013672 -0.8067626953125 0.12384033203125
-0.00207138061523438 0.0246562957763672 -0.7933349609375 0.155517578125
-0.0321121215820313 0.0208950042724609 -0.54644775390625 0.17816162109375
-0.0748443603515625 0.00164031982421874 -0.197357177734375 0.040283203125
-0.00827789306640625 0.0129718780517578 0.170562744140625 -0.019012451171875
0.00622463226318359 0.0148630142211914 0.61572265625 -0.11572265625
0.0099334716796875 0.00984477996826172 0.74725341796875 -0.18682861328125
0.00139713287353516 0.0109119415283203 0.78350830078125 0.00885009765625
-0.00218474864959717 0.00173664093017578 0.74078369140625 0.26788330078125
-0.00613021850585937 -0.0315341949462891 0.6632080078125 0.3134765625
0.0206203460693359 -0.0298404693603516 0.401824951171875 0.192413330078125
0.00325775146484375 -0.0275230407714844 0.0762100219726563 0.00276947021484375
-3.43322753906282E-05 -0.0312461853027344 -0.25115966796875 -0.177719116210937
-0.00539016723632812 -0.0380783081054688 -0.541351318359375 -0.240234375
-0.00891494750976562 -0.0295867919921875 -0.76898193359375 -0.0548095703125
-0.00505828857421875 -0.0136089324951172 -0.80279541015625 0.1539306640625
-0.000461578369140625 0.0055384635925293 -0.7967529296875 0.17822265625
-0.000253975391387939 0.000572443008422852 -0.552490234375 0.189697265625
-0.0295143127441406 -0.00024223327636719 -0.207122802734375 0.037994384765625
0.0502090454101563 0.0383529663085938 0.1767578125 -0.0196075439453125
0.0643806457519531 0.00258636474609375 0.6207275390625 -0.104736328125
0.0273857116699219 -0.0179061889648438 0.75140380859375 -0.1717529296875
-0.0143489837646484 0.0084686279296875 0.77935791015625 0.03436279296875
-0.0107612609863281 0.0238838195800781 0.7412109375 0.28851318359375
0.0053863525390625 0.000270366668701172 0.66192626953125 0.32623291015625
0.0436553955078125 -0.0117530822753906 0.3946533203125 0.194915771484375
0.0280132293701172 -0.0145301818847656 0.0737838745117188 -0.000953674316406251
0.02264404296875 -0.0142440795898438 -0.256683349609375 -0.178176879882812
0.0151462554931641 -0.0132284164428711 -0.5472412109375 -0.226470947265625
0.000367164611816406 -0.00302433967590332 -0.7696533203125 -0.034423828125
-0.0112791061401367 -0.000749588012695315 -0.79803466796875 0.17938232421875
5.72204589843737E-05 -0.0150117874145508 -0.79522705078125 0.1956787109375
0.0328788757324219 -0.0246658325195312 -0.5555419921875 0.19793701171875
0.0237312316894531 -0.00243759155273438 -0.207733154296875 0.032501220703125
0.0991134643554688 0.0530776977539063 0.190048217773438 -0.0205230712890625
0.114288330078125 -0.0100021362304688 0.6143798828125 -0.10089111328125
0.0410690307617188 -0.043670654296875 0.75262451171875 -0.15289306640625
-0.0261001586914062 0.00577735900878907 0.79364013671875 0.051513671875
-0.0150527954101563 0.0446014404296875 0.74609375 0.29071044921875
0.0173606872558594 0.0271568298339844 0.65380859375 0.32110595703125
0.0648994445800781 0.00513839721679687 0.379150390625 0.186431884765625
0.0444259643554687 -0.00393295288085937 0.0595321655273438 -0.00736618041992188
0.0418624877929687 0.00107574462890625 -0.272918701171875 -0.177734375
0.0329475402832031 0.0104484558105469 -0.5570068359375 -0.2244873046875
0.00520133972167969 0.0200042724609375 -0.77154541015625 -0.02850341796875
-0.0197257995605469 0.00926017761230469 -0.79217529296875 0.189453125
0.00328445434570312 -0.0337409973144531 -0.79107666015625 0.204345703125
0.0675239562988281 -0.0447731018066406 -0.550140380859375 0.19927978515625
0.0730514526367188 -0.0031890869140625 -0.200912475585937 0.026214599609375
0.134880065917969 0.0544509887695313 0.208938598632813 -0.019866943359375
0.14556884765625 -0.0249176025390625 0.609375 -0.10443115234375
0.0460968017578125 -0.0586662292480469 0.75762939453125 -0.13580322265625
-0.0340404510498047 0.00853347778320313 0.81060791015625 0.05859375
-0.0149269104003906 0.0610122680664062 0.75762939453125 0.27734375
0.0261383056640625 0.0480918884277344 0.63983154296875 0.29937744140625
0.0798721313476563 0.0165786743164063 0.35394287109375 0.17242431640625
0.0585670471191406 0.00388336181640625 0.0371322631835938 -0.0157699584960937
0.0573959350585937 0.0126380920410156 -0.29547119140625 -0.182769775390625
0.0428657531738281 0.0282096862792969 -0.57342529296875 -0.2294921875
0.00554275512695312 0.0383491516113281 -0.776123046875 -0.03741455078125
-0.0269317626953125 0.0129032135009766 -0.78326416015625 0.1861572265625
0.00895690917968749 -0.0517082214355469 -0.784423828125 0.208251953125
0.10003662109375 -0.0605239868164063 -0.544708251953125 0.19500732421875
0.112297058105469 0.00276947021484375 -0.179122924804688 0.023681640625
0.153457641601563 0.0476531982421875 0.228286743164062 -0.022979736328125
0.152130126953125 -0.0384368896484375 0.603759765625 -0.10736083984375
0.0425605773925781 -0.061279296875 0.76763916015625 -0.12957763671875
-0.0370140075683594 0.0184440612792969 0.83447265625 0.04498291015625
-0.012115478515625 0.0725936889648438 0.76751708984375 0.24322509765625
0.0314712524414063 0.0545272827148438 0.62396240234375 0.2691650390625
0.0809326171875 0.0186080932617188 0.325042724609375 0.15521240234375
0.0613670349121094 0.00457000732421875 0.00768470764160156 -0.0237369537353516
0.06097412109375 0.0191764831542969 -0.32183837890625 -0.19439697265625
0.0456199645996094 0.0391082763671875 -0.59039306640625 -0.2513427734375
0.00243377685546875 0.047210693359375 -0.7794189453125 -0.0577392578124999
-0.0334396362304688 0.0100898742675781 -0.77490234375 0.17242431640625
0.0195655822753906 -0.062774658203125 -0.777099609375 0.20477294921875
0.1270751953125 -0.060699462890625 -0.536468505859375 0.185211181640625
0.136764526367188 0.0153732299804688 -0.1544189453125 0.023651123046875
0.147308349609375 0.0353546142578125 0.249969482421875 -0.030609130859375
0.138389587402344 -0.0449981689453125 0.60369873046875 -0.117431640625
0.0373268127441406 -0.0528335571289063 0.779052734375 -0.1414794921875
-0.0325107574462891 0.0233726501464844 0.85418701171875 0.012451171875
-0.00738525390625 0.0708999633789063 0.7725830078125 0.19952392578125
0.0326271057128906 0.0471611022949219 0.6077880859375 0.2344970703125
0.0728836059570313 0.012481689453125 0.297607421875 0.13824462890625
0.0539817810058594 0.00034332275390625 -0.0218257904052734 -0.0317230224609375
0.0578041076660156 0.0183906555175781 -0.344757080078125 -0.209808349609375
0.0382270812988281 0.0405006408691406 -0.602783203125 -0.2847900390625
-0.00511550903320313 0.0475921630859375 -0.77813720703125 -0.09857177734375
-0.0355606079101563 0.00180435180664062 -0.7655029296875 0.14495849609375
0.0307350158691406 -0.0673141479492188 -0.76556396484375 0.1900634765625
0.140289306640625 -0.0501632690429688 -0.5318603515625 0.17279052734375
0.141143798828125 0.030364990234375 -0.124946594238281 0.0327835083007813
0.123855590820313 0.02117919921875 0.271255493164063 -0.035858154296875
0.112960815429688 -0.038665771484375 0.60595703125 -0.1334228515625
0.0301322937011719 -0.0373573303222656 0.78900146484375 -0.16497802734375
-0.0225582122802734 0.0279197692871094 0.864501953125 -0.03216552734375
-0.00263595581054687 0.0593185424804688 0.7703857421875 0.14971923828125
0.0242328643798828 0.0311222076416016 0.59075927734375 0.19952392578125
0.0572967529296875 -0.000606536865234375 0.273529052734375 0.12664794921875
0.0418930053710938 -0.00661087036132813 -0.0464515686035156 -0.0355072021484375
0.0435333251953125 0.0111541748046875 -0.363006591796875 -0.22674560546875
0.0271320343017578 0.0300559997558594 -0.60992431640625 -0.3251953125
-0.0114345550537109 0.0346660614013672 -0.7734375 -0.14910888671875
-0.0306396484375 -0.00578498840332031 -0.75421142578125 0.111328125
0.0371780395507813 -0.0555992126464844 -0.76092529296875 0.175537109375
0.130989074707031 -0.0338973999023438 -0.527862548828125 0.16131591796875
0.121795654296875 0.0371627807617188 -0.105850219726562 0.0456085205078125
-0.060821533203125 -0.00423049926757811 0.178009033203125 -0.019317626953125
-0.0424919128417969 0.0275077819824219 0.60504150390625 -0.1307373046875
-0.000614166259765622 0.0385284423828125 0.73956298828125 -0.20916748046875
0.0194072723388672 0.0142345428466797 0.78277587890625 -0.02569580078125
0.00269508361816406 -0.0189666748046875 0.74029541015625 0.2293701171875
-0.0205726623535156 -0.0590629577636719 0.6600341796875 0.27789306640625
-0.0061492919921875 -0.0483589172363281 0.391448974609375 0.179443359375
-0.0166130065917969 -0.0415115356445313 0.0679893493652344 0.003326416015625
-0.02197265625 -0.0467948913574219 -0.253677368164063 -0.180938720703125
-0.02294921875 -0.0618858337402344 -0.54388427734375 -0.251007080078125
-0.0136451721191406 -0.0548477172851563 -0.76953125 -0.0755615234374999
0.00524711608886719 -0.0240497589111328 -0.80126953125 0.13226318359375
-7.43865966796895E-05 0.0217399597167969 -0.7845458984375 0.16180419921875
-0.0341548919677734 0.0220775604248047 -0.539825439453125 0.182525634765625
-0.0738601684570313 0.00189208984375001 -0.1959228515625 0.04248046875
-0.00872039794921875 0.0140886306762695 0.170684814453125 -0.0200958251953125
0.00677776336669922 0.0154609680175781 0.61346435546875 -0.11907958984375
0.0103588104248047 0.00923538208007813 0.738525390625 -0.19439697265625
0.00135231018066406 0.0127506256103516 0.77435302734375 0.00238037109375
-0.00381064414978027 0.00165367126464844 0.736083984375 0.26055908203125
-0.00725555419921875 -0.0311374664306641 0.6624755859375 0.30517578125
0.0203533172607422 -0.0327663421630859 0.399200439453125 0.18853759765625
0.00588226318359375 -0.0304756164550781 0.0774002075195313 0.00229644775390625
0.000804901123046876 -0.0313186645507813 -0.24920654296875 -0.17626953125
-0.00646591186523437 -0.0395698547363281 -0.53924560546875 -0.231781005859375
-0.00960731506347656 -0.0302677154541016 -0.761962890625 -0.0450439453125
-0.00424480438232422 -0.0135726928710938 -0.79583740234375 0.16064453125
-0.000922441482543945 0.0041046142578125 -0.7867431640625 0.18646240234375
-0.000606715679168701 -2.31266021728515E-05 -0.54510498046875 0.194854736328125
-0.0285758972167969 -0.000364303588867192 -0.208343505859375 0.0374603271484375
0.0496330261230469 0.0375900268554688 0.175872802734375 -0.0193634033203125
0.0658988952636719 0.00122833251953125 0.6134033203125 -0.11083984375
0.0281085968017578 -0.0198230743408203 0.7449951171875 -0.17822265625
-0.0125617980957031 0.00881862640380859 0.77484130859375 0.02642822265625
-0.0100383758544922 0.0230846405029297 0.7371826171875 0.2789306640625
0.00560379028320313 -0.00100421905517578 0.65887451171875 0.31414794921875
0.0445022583007813 -0.0136299133300781 0.392059326171875 0.190887451171875
0.0268421173095703 -0.0178775787353516 0.0741043090820313 -0.0020751953125
0.0219707489013672 -0.0138778686523437 -0.254806518554688 -0.173812866210937
0.0150566101074219 -0.0140962600708008 -0.5428466796875 -0.22198486328125
-0.000542879104614258 -0.0036013126373291 -0.76409912109375 -0.0277709960937499
-0.011256217956543 -0.0016336441040039 -0.78936767578125 0.18328857421875
-0.000310897827148438 -0.0150794982910156 -0.78558349609375 0.20318603515625
0.0309791564941406 -0.0247879028320312 -0.54730224609375 0.202362060546875
0.0226497650146484 -0.00267982482910156 -0.208984375 0.03350830078125
0.100502014160156 0.05352783203125 0.187698364257813 -0.023193359375
0.114219665527344 -0.0105514526367188 0.609130859375 -0.1083984375
0.0431594848632813 -0.0429306030273438 0.74462890625 -0.15985107421875
-0.0253849029541016 0.007049560546875 0.78857421875 0.0455322265625
-0.0137214660644531 0.0438804626464844 0.7440185546875 0.28338623046875
0.0167388916015625 0.0280838012695312 0.64971923828125 0.311767578125
0.0648384094238281 0.00334930419921875 0.378509521484375 0.181427001953125
0.0462799072265625 -0.00661087036132813 0.0611114501953125 -0.00836944580078125
0.0425796508789063 0.00151824951171875 -0.271987915039063 -0.174331665039062
0.0321617126464844 0.00964164733886719 -0.55560302734375 -0.217376708984375
0.00531578063964844 0.0192890167236328 -0.76611328125 -0.0227050781250001
-0.0181102752685547 0.00909996032714844 -0.78399658203125 0.197021484375
0.00287055969238281 -0.0339603424072266 -0.78424072265625 0.21209716796875
0.0643234252929688 -0.0434684753417969 -0.545989990234375 0.205108642578125
0.071380615234375 -0.0048065185546875 -0.198760986328125 0.028350830078125
0.135757446289063 0.0557022094726562 0.207473754882813 -0.0249786376953125
0.143798828125 -0.027740478515625 0.60308837890625 -0.10894775390625
0.0454597473144531 -0.05902099609375 0.7506103515625 -0.1414794921875
-0.0352630615234375 0.0106048583984375 0.8056640625 0.0506591796875
-0.0168914794921875 0.0614128112792969 0.7550048828125 0.26654052734375
0.0269508361816406 0.0472221374511719 0.6378173828125 0.29119873046875
0.077423095703125 0.01513671875 0.353240966796875 0.167388916015625
0.0570564270019531 0.00220870971679688 0.0376510620117188 -0.0156517028808594
0.0563697814941406 0.011627197265625 -0.291656494140625 -0.179046630859375
0.0446624755859375 0.0281333923339844 -0.56903076171875 -0.225341796875
0.00849151611328125 0.0393600463867188 -0.7685546875 -0.0301513671875001
-0.024627685546875 0.0136394500732422 -0.7752685546875 0.1923828125
0.00811004638671875 -0.0508384704589844 -0.77703857421875 0.2152099609375
0.098785400390625 -0.0612106323242188 -0.53912353515625 0.198455810546875
0.113006591796875 0.001739501953125 -0.178695678710937 0.023834228515625
0.15191650390625 0.0482177734375 0.22747802734375 -0.026397705078125
0.150772094726563 -0.0391387939453125 0.59954833984375 -0.1136474609375
0.0409393310546875 -0.0617141723632813 0.75897216796875 -0.13629150390625
-0.0353736877441406 0.0183830261230469 0.826904296875 0.0367431640625
-0.0121650695800781 0.0699882507324219 0.7647705078125 0.23468017578125
0.0328445434570313 0.0544548034667969 0.6202392578125 0.26171875
0.0789642333984375 0.015869140625 0.324432373046875 0.150054931640625
0.0602951049804688 0.00414276123046875 0.0100669860839844 -0.0237827301025391
0.06268310546875 0.017486572265625 -0.317840576171875 -0.191986083984375
0.0460739135742188 0.0398635864257813 -0.5877685546875 -0.244873046875
0.00167083740234375 0.0476951599121094 -0.77264404296875 -0.05230712890625
-0.0332069396972656 0.00943565368652344 -0.76837158203125 0.1771240234375
0.0174713134765625 -0.0638427734375 -0.76654052734375 0.2086181640625
0.125991821289063 -0.0610885620117188 -0.531005859375 0.187530517578125
0.137687683105469 0.0167617797851563 -0.152328491210938 0.0258026123046875
0.14990234375 0.0330657958984375 0.250152587890625 -0.0316619873046875
0.138465881347656 -0.0467376708984375 0.6007080078125 -0.12261962890625
0.0371475219726563 -0.0553665161132813 0.77130126953125 -0.14715576171875
-0.03070068359375 0.0265865325927734 0.84759521484375 0.00421142578125
-0.00637435913085937 0.0697746276855469 0.76898193359375 0.18951416015625
0.03204345703125 0.0482864379882813 0.60418701171875 0.22674560546875
0.072723388671875 0.010772705078125 0.295867919921875 0.13470458984375
0.0543594360351563 0 -0.0196037292480469 -0.0323238372802734
0.057891845703125 0.0189476013183594 -0.3438720703125 -0.204010009765625
0.0382575988769531 0.0393562316894531 -0.60150146484375 -0.2755126953125
-0.00584030151367188 0.0458259582519531 -0.77215576171875 -0.09173583984375
-0.0341815948486328 0.00118637084960937 -0.758544921875 0.15228271484375
0.0292472839355469 -0.06646728515625 -0.75848388671875 0.197509765625
0.139549255371094 -0.0509490966796875 -0.524810791015625 0.176177978515625
0.138572692871094 0.0294189453125 -0.126602172851563 0.0339126586914062
0.125022888183594 0.0188369750976562 0.269058227539063 -0.0373687744140625
0.109214782714844 -0.0407867431640625 0.60211181640625 -0.13897705078125
0.0292778015136719 -0.0378189086914063 0.7801513671875 -0.17144775390625
-0.0201416015625 0.0293674468994141 0.85955810546875 -0.04107666015625
-0.00237274169921875 0.0605316162109375 0.76702880859375 0.143798828125
0.0251941680908203 0.0313892364501953 0.58758544921875 0.19024658203125
0.0557746887207031 -0.000659942626953125 0.272659301757813 0.123138427734375
0.042144775390625 -0.008941650390625 -0.0458221435546875 -0.0348625183105469
0.0440444946289063 0.00915145874023438 -0.362091064453125 -0.222686767578125
0.0277214050292969 0.0288982391357422 -0.60687255859375 -0.3165283203125
-0.0115928649902344 0.0348052978515625 -0.76654052734375 -0.14141845703125
-0.0298080444335938 -0.00527381896972657 -0.74859619140625 0.11785888671875
0.0383338928222656 -0.0561904907226563 -0.7532958984375 0.1834716796875
0.130630493164063 -0.0349960327148438 -0.524139404296875 0.16473388671875
0.122032165527344 0.0363616943359375 -0.106063842773437 0.0466690063476563
-0.0603981018066406 -0.00399780273437501 0.175918579101562 -0.0191802978515625
-0.0432586669921875 0.0296134948730469 0.60040283203125 -0.13836669921875
0.000598907470703128 0.037445068359375 0.7320556640625 -0.21331787109375
0.0162086486816406 0.0143375396728516 0.77557373046875 -0.03192138671875
0.000858306884765626 -0.0218601226806641 0.7371826171875 0.2198486328125
-0.0212554931640625 -0.0599899291992188 0.65460205078125 0.27044677734375
-0.006500244140625 -0.0501022338867188 0.3900146484375 0.17474365234375
-0.0156936645507812 -0.041229248046875 0.0680732727050781 0.002349853515625
-0.0216102600097656 -0.0463485717773438 -0.252151489257813 -0.177352905273438
-0.0249977111816406 -0.0629310607910156 -0.53936767578125 -0.245208740234375
-0.0130500793457031 -0.0542411804199219 -0.760498046875 -0.06903076171875
0.0020294189453125 -0.0235748291015625 -0.79425048828125 0.13555908203125
-0.000782012939453122 0.0239086151123047 -0.77862548828125 0.16650390625
-0.0329113006591797 0.0214500427246094 -0.5345458984375 0.18402099609375
-0.0731582641601563 0.00196075439453126 -0.194351196289063 0.04217529296875
-0.00794696807861328 0.0147228240966797 0.169998168945313 -0.0221099853515625
0.00783252716064453 0.015599250793457 0.60601806640625 -0.12384033203125
0.0104589462280273 0.0102062225341797 0.731689453125 -0.201416015625
0.00416755676269531 0.011286735534668 0.76617431640625 -0.00604248046875
-0.00210011005401611 0.000856637954711914 0.73199462890625 0.2547607421875
-0.00777244567871094 -0.0329113006591797 0.65899658203125 0.29693603515625
0.0168170928955078 -0.0343132019042969 0.398162841796875 0.184783935546875
0.0039520263671875 -0.0295734405517578 0.0775070190429688 0.000946044921874998
-0.00184822082519531 -0.03253173828125 -0.248092651367187 -0.170639038085937
-0.00537109375 -0.0377883911132813 -0.53546142578125 -0.2279052734375
-0.00695037841796875 -0.0292625427246094 -0.75762939453125 -0.0421142578124999
-0.00420761108398438 -0.0131435394287109 -0.78680419921875 0.1654052734375
-0.000535488128662109 0.00462150573730469 -0.77911376953125 0.1910400390625
-0.000623464584350586 -0.00248622894287109 -0.540863037109375 0.197540283203125
-0.0287399291992187 0.000926971435546874 -0.205276489257813 0.039581298828125
0.0507240295410156 0.0372238159179688 0.17608642578125 -0.0209808349609375
0.0626182556152344 0.00185394287109375 0.60821533203125 -0.11285400390625
0.0266170501708984 -0.0197467803955078 0.73486328125 -0.181640625
-0.0137662887573242 0.00689506530761719 0.7694091796875 0.0203857421875
-0.0090484619140625 0.023223876953125 0.73382568359375 0.27001953125
0.00533580780029297 -0.000456809997558594 0.6549072265625 0.3087158203125
0.0443229675292969 -0.0127410888671875 0.390655517578125 0.184295654296875
0.0265522003173828 -0.0180225372314453 0.075042724609375 -0.00148773193359375
0.021484375 -0.0149726867675781 -0.251602172851563 -0.170425415039063
0.0127124786376953 -0.0143280029296875 -0.538299560546875 -0.21551513671875
-0.00109100341796875 -0.00578451156616211 -0.75506591796875 -0.0210571289062502
-0.011713981628418 -0.00279521942138672 -0.7821044921875 0.1868896484375
-0.0002288818359375 -0.0132522583007813 -0.7786865234375 0.20623779296875
0.0306034088134766 -0.0234031677246094 -0.541015625 0.205230712890625
0.0231075286865234 -0.00251388549804688 -0.20684814453125 0.03302001953125
0.0998382568359375 0.0508041381835938 0.1864013671875 -0.0214691162109375
0.112556457519531 -0.0121841430664063 0.60418701171875 -0.11151123046875
0.0410423278808594 -0.0448455810546875 0.73785400390625 -0.16375732421875
-0.0277099609375 0.00526046752929687 0.78082275390625 0.036865234375
-0.0136566162109375 0.0455741882324219 0.7412109375 0.2742919921875
0.0172863006591797 0.0275173187255859 0.64617919921875 0.30462646484375
0.0636711120605469 0.000453948974609375 0.377777099609375 0.17755126953125
0.0442237854003906 -0.00666427612304687 0.0618743896484375 -0.00780487060546875
0.0421867370605469 -0.0010223388671875 -0.26885986328125 -0.172286987304688
0.0320243835449219 0.00803565979003906 -0.549652099609375 -0.213531494140625
0.00415420532226563 0.0184459686279297 -0.7586669921875 -0.0167236328125
-0.0189704895019531 0.00810050964355469 -0.775146484375 0.1966552734375
0.000930786132812498 -0.0328922271728516 -0.77392578125 0.21875
0.0640602111816406 -0.0467491149902344 -0.539794921875 0.204254150390625
0.0709457397460937 -0.00435638427734375 -0.197738647460938 0.028472900390625
0.135887145996094 0.0538177490234375 0.204620361328125 -0.0253143310546875
0.141860961914063 -0.0272064208984375 0.59967041015625 -0.11077880859375
0.0473670959472656 -0.0592842102050781 0.7413330078125 -0.146728515625
-0.0334815979003906 0.011474609375 0.7989501953125 0.0440673828125
-0.0152473449707031 0.0623054504394531 0.75079345703125 0.25933837890625
0.0278587341308594 0.0459403991699219 0.6336669921875 0.283935546875
0.0764846801757813 0.013580322265625 0.35174560546875 0.16461181640625
0.0569839477539062 0.00146865844726562 0.0385665893554688 -0.0168991088867188
0.0566787719726563 0.0110282897949219 -0.29132080078125 -0.177459716796875
0.0443916320800781 0.0264778137207031 -0.5662841796875 -0.2198486328125
0.00769424438476563 0.0374755859375 -0.76123046875 -0.0244140625000001
-0.0266571044921875 0.0123996734619141 -0.765625 0.19854736328125
0.00887298583984375 -0.0510711669921875 -0.76617431640625 0.22021484375
0.0967483520507813 -0.0608062744140625 -0.533660888671875 0.201385498046875
0.110313415527344 0.00232696533203125 -0.177017211914063 0.0236968994140625
0.15240478515625 0.0465087890625 0.22509765625 -0.027313232421875
0.150405883789063 -0.04107666015625 0.59332275390625 -0.11688232421875
0.0411643981933594 -0.0628166198730469 0.750244140625 -0.14031982421875
-0.0361251831054687 0.0177650451660156 0.822265625 0.030029296875
-0.0103225708007813 0.07037353515625 0.7564697265625 0.2265625
0.0318183898925781 0.0523681640625 0.616455078125 0.25335693359375
0.0769195556640625 0.0146560668945313 0.322418212890625 0.147552490234375
0.0608940124511719 0.002655029296875 0.00706100463867188 -0.0237712860107422
0.0603141784667969 0.0166206359863281 -0.3155517578125 -0.1851806640625
0.0476150512695313 0.038421630859375 -0.58087158203125 -0.23809814453125
0.00353622436523438 0.0456504821777344 -0.7662353515625 -0.0466918945312501
-0.0316982269287109 0.00959968566894531 -0.75836181640625 0.18182373046875
0.0177116394042969 -0.0633697509765625 -0.760498046875 0.2130126953125
0.123291015625 -0.0636444091796875 -0.525543212890625 0.191741943359375
0.134674072265625 0.0147705078125 -0.151535034179688 0.0272979736328125
0.14825439453125 0.0325927734375 0.248306274414063 -0.0316619873046875
0.13555908203125 -0.0475082397460938 0.59295654296875 -0.126953125
0.0335540771484375 -0.0556716918945313 0.76202392578125 -0.15277099609375
-0.0314846038818359 0.0249595642089844 0.84222412109375 -0.0018310546875
-0.00830459594726563 0.0695075988769531 0.762939453125 0.18194580078125
0.0306892395019531 0.0479774475097656 0.59991455078125 0.218505859375
0.071044921875 0.0088653564453125 0.292816162109375 0.1317138671875
0.0546455383300781 -0.00109481811523438 -0.0205917358398437 -0.0296096801757813
0.0566062927246094 0.0180854797363281 -0.340545654296875 -0.2017822265625
0.0391082763671875 0.0374488830566406 -0.59674072265625 -0.2711181640625
-0.0033111572265625 0.0454673767089844 -0.76800537109375 -0.0858154296875002
-0.035400390625 0.00299835205078125 -0.74981689453125 0.15509033203125
0.0302009582519531 -0.06591796875 -0.75146484375 0.20123291015625
0.136138916015625 -0.0540313720703125 -0.51885986328125 0.177764892578125
0.140106201171875 0.0294723510742188 -0.127418518066406 0.0338973999023437
0.124870300292969 0.0172119140625 0.266738891601563 -0.0383758544921875
0.107109069824219 -0.0422439575195312 0.59661865234375 -0.14178466796875
0.0297470092773438 -0.0387802124023438 0.77313232421875 -0.1783447265625
-0.0193634033203125 0.02880859375 0.8507080078125 -0.04827880859375
-0.00305938720703125 0.0608673095703125 0.76104736328125 0.13385009765625
0.0234928131103516 0.0306625366210938 0.5843505859375 0.1832275390625
0.0558738708496094 -0.002288818359375 0.270797729492188 0.120620727539062
0.0409469604492188 -0.00959396362304688 -0.045257568359375 -0.0334739685058594
0.0448722839355469 0.00855636596679688 -0.358642578125 -0.2159423828125
0.0268573760986328 0.0282554626464844 -0.602783203125 -0.31170654296875
-0.0111808776855469 0.0344753265380859 -0.761474609375 -0.13507080078125
-0.0311794281005859 -0.00696754455566406 -0.7413330078125 0.12213134765625
0.0365447998046875 -0.0559501647949219 -0.74481201171875 0.18817138671875
0.129058837890625 -0.0370025634765625 -0.51849365234375 0.16845703125
0.122474670410156 0.0370254516601563 -0.105072021484375 0.045135498046875
-0.05975341796875 -0.00467300415039061 0.174728393554688 -0.023284912109375
-0.04400634765625 0.0290031433105469 0.5977783203125 -0.1412353515625
0.000759124755859377 0.0346469879150391 0.72442626953125 -0.21722412109375
0.0177249908447266 0.0134143829345703 0.7701416015625 -0.03460693359375
0.00143814086914062 -0.0200157165527344 0.73223876953125 0.21527099609375
-0.0224952697753906 -0.0602607727050781 0.6539306640625 0.26385498046875
-0.00809097290039063 -0.049896240234375 0.386383056640625 0.171661376953125
-0.0167160034179688 -0.04107666015625 0.0686683654785156 0.002197265625
-0.0226058959960938 -0.0489425659179688 -0.252304077148438 -0.173782348632813
-0.0235671997070313 -0.0614280700683594 -0.53656005859375 -0.241058349609375
-0.01324462890625 -0.0557327270507812 -0.75653076171875 -0.0678710937499999
0.00474166870117187 -0.0250205993652344 -0.7855224609375 0.1397705078125
-0.00138282775878906 0.0225009918212891 -0.7706298828125 0.169189453125
-0.0339851379394531 0.0234813690185547 -0.5284423828125 0.1856689453125
-0.074554443359375 0.00312042236328126 -0.193756103515625 0.04156494140625
-0.00969123840332031 0.012847900390625 0.165679931640625 -0.0217132568359375
0.00685214996337891 0.0147943496704102 0.6043701171875 -0.1260986328125
0.0130205154418945 0.00873470306396484 0.7239990234375 -0.2025146484375
0.00118350982666016 0.010528564453125 0.7601318359375 -0.007080078125
-0.00344753265380859 0.00177574157714844 0.72601318359375 0.24658203125
-0.00914382934570313 -0.0316429138183594 0.6556396484375 0.28924560546875
0.0187721252441406 -0.0344257354736328 0.39520263671875 0.18096923828125
0.00313568115234375 -0.0304908752441406 0.07659912109375 0.00191497802734375
3.4332275390623E-05 -0.0323333740234375 -0.245208740234375 -0.1705322265625
-0.00710296630859375 -0.0399627685546875 -0.531158447265625 -0.220245361328125
-0.0105190277099609 -0.0308074951171875 -0.74847412109375 -0.0348510742187502
-0.00603580474853516 -0.0127954483032227 -0.77972412109375 0.16815185546875
-0.000530004501342774 0.00396347045898438 -0.77227783203125 0.19219970703125
-0.00348734855651855 -0.000930547714233398 -0.53521728515625 0.19805908203125
-0.0299587249755859 0.00268936157226562 -0.204788208007813 0.040374755859375
0.0488815307617188 0.0367202758789063 0.17376708984375 -0.0217132568359375
0.061859130859375 0.00191116333007813 0.6033935546875 -0.1180419921875
0.0255451202392578 -0.0183029174804688 0.72698974609375 -0.18621826171875
-0.0131330490112305 0.00658416748046875 0.7601318359375 0.01806640625
-0.00920677185058594 0.0221118927001953 0.7318115234375 0.2664794921875
0.00617742538452149 -0.00130796432495117 0.65350341796875 0.3035888671875
0.0430870056152344 -0.0167617797851562 0.391632080078125 0.179351806640625
0.0273189544677734 -0.0164527893066406 0.0763168334960938 -0.00106048583984375
0.0228099822998047 -0.0164794921875 -0.250686645507813 -0.165008544921875
0.0146169662475586 -0.0145263671875 -0.535736083984375 -0.210540771484375
-0.000827789306640625 -0.00240015983581543 -0.7498779296875 -0.0179443359374999
-0.012664794921875 -0.00107479095458984 -0.771728515625 0.192626953125
-0.00125598907470703 -0.0141506195068359 -0.77294921875 0.21209716796875
0.0297985076904297 -0.0245513916015625 -0.53631591796875 0.207305908203125
0.0224094390869141 -0.00182342529296875 -0.206146240234375 0.0348052978515625
0.0988235473632812 0.0499191284179688 0.185867309570312 -0.025115966796875
0.113418579101563 -0.0129623413085938 0.5989990234375 -0.114013671875
0.0389137268066406 -0.0461387634277344 0.72998046875 -0.16790771484375
-0.0273952484130859 0.00781059265136718 0.77264404296875 0.03582763671875
-0.0132102966308594 0.0430030822753906 0.73638916015625 0.2667236328125
0.0178089141845703 0.0261726379394531 0.64422607421875 0.2955322265625
0.06298828125 0.00110244750976562 0.375823974609375 0.173370361328125
0.045257568359375 -0.007965087890625 0.0602951049804688 -0.0097198486328125
0.0441703796386719 -0.00176620483398437 -0.266250610351563 -0.169662475585937
0.0324859619140625 0.00622177124023438 -0.547515869140625 -0.208526611328125
0.00589370727539062 0.0202884674072266 -0.7532958984375 -0.0117797851562499
-0.0178737640380859 0.00915336608886719 -0.76727294921875 0.2022705078125
0.0044097900390625 -0.0319118499755859 -0.765380859375 0.22119140625
0.0621452331542969 -0.0468292236328125 -0.531829833984375 0.2098388671875
0.0710678100585938 -0.0029296875 -0.196914672851563 0.0290069580078125
0.134681701660156 0.053497314453125 0.203399658203125 -0.0269775390625
0.142959594726563 -0.0285491943359375 0.59423828125 -0.11383056640625
0.0456047058105469 -0.0587501525878906 0.73388671875 -0.15142822265625
-0.0341796875 0.0093841552734375 0.791259765625 0.03729248046875
-0.0139732360839844 0.0621795654296875 0.74737548828125 0.2523193359375
0.0265960693359375 0.0452384948730469 0.6307373046875 0.2769775390625
0.0772857666015625 0.011260986328125 0.350616455078125 0.15936279296875
0.0564384460449219 -0.00112533569335938 0.0354042053222656 -0.0153312683105469
0.05609130859375 0.00994873046875 -0.290008544921875 -0.173919677734375
0.0430526733398438 0.0261154174804688 -0.561553955078125 -0.214508056640625
0.00664901733398438 0.0387916564941406 -0.75604248046875 -0.0202636718750001
-0.0275077819824219 0.0140895843505859 -0.75872802734375 0.1971435546875
0.0074462890625 -0.0517845153808594 -0.758544921875 0.22265625
0.0955276489257813 -0.0585174560546875 -0.529693603515625 0.203125
0.111343383789063 0.00311279296875 -0.177200317382813 0.027801513671875
0.155227661132813 0.0459747314453125 0.22393798828125 -0.0297698974609375
0.148910522460938 -0.0421905517578125 0.58758544921875 -0.1187744140625
0.0412673950195313 -0.0629539489746094 0.7431640625 -0.147705078125
-0.0354881286621094 0.0176467895507813 0.81256103515625 0.0279541015625
-0.0103836059570313 0.0685501098632813 0.7540283203125 0.21990966796875
0.0331382751464844 0.0515403747558594 0.6151123046875 0.24884033203125
0.0777130126953125 0.0136566162109375 0.320404052734375 0.143157958984375
0.0590744018554688 0.000530242919921875 0.00874519348144531 -0.0241031646728516
0.0624618530273437 0.0164375305175781 -0.314056396484375 -0.1832275390625
0.0462455749511719 0.036376953125 -0.58154296875 -0.23406982421875
0.00183868408203125 0.04638671875 -0.75982666015625 -0.0423583984375001
-0.0325260162353516 0.00972747802734375 -0.75067138671875 0.18438720703125
0.0170860290527344 -0.0652046203613281 -0.75128173828125 0.22015380859375
0.12200927734375 -0.063262939453125 -0.522613525390625 0.193603515625
0.135391235351563 0.0147476196289063 -0.151199340820313 0.028594970703125
0.147323608398438 0.0316162109375 0.245849609375 -0.0336761474609375
0.135124206542969 -0.0501708984375 0.5899658203125 -0.1295166015625
0.0316734313964844 -0.0556793212890625 0.755126953125 -0.15814208984375
-0.0308742523193359 0.0250377655029297 0.83233642578125 -0.00811767578125
-0.00604629516601562 0.0671234130859375 0.75714111328125 0.1751708984375
0.0309295654296875 0.0440559387207031 0.59515380859375 0.2125244140625
0.0694923400878906 0.0069122314453125 0.290740966796875 0.1287841796875
0.05322265625 -0.0017242431640625 -0.0176620483398438 -0.0312290191650391
0.057037353515625 0.01544189453125 -0.336639404296875 -0.197357177734375
0.03887939453125 0.03765869140625 -0.5931396484375 -0.263916015625
-0.00470352172851563 0.0451393127441406 -0.7618408203125 -0.0789794921875001
-0.0367164611816406 0.00118637084960937 -0.74237060546875 0.1578369140625
0.0273361206054688 -0.0662307739257813 -0.74212646484375 0.207275390625
0.134429931640625 -0.0538101196289063 -0.515899658203125 0.180419921875
0.139213562011719 0.0271072387695312 -0.125572204589844 0.0355606079101562
0.124168395996094 0.0197067260742188 0.264556884765625 -0.04046630859375
0.110160827636719 -0.0424270629882812 0.59112548828125 -0.14288330078125
0.0283317565917969 -0.0403900146484375 0.76702880859375 -0.1829833984375
-0.0204124450683594 0.0283775329589844 0.84356689453125 -0.05035400390625
-0.00175094604492188 0.0584487915039063 0.75518798828125 0.1292724609375
0.0244579315185547 0.0296211242675781 0.57977294921875 0.17950439453125
0.054046630859375 -0.00379180908203125 0.267608642578125 0.11883544921875
0.0408439636230469 -0.0110435485839844 -0.0446739196777344 -0.0328865051269531
0.0447006225585938 0.00820159912109375 -0.352783203125 -0.212982177734375
0.0258636474609375 0.0288772583007813 -0.60015869140625 -0.3070068359375
-0.0110797882080078 0.0342960357666016 -0.7552490234375 -0.1298828125
-0.0289268493652344 -0.00601959228515626 -0.73193359375 0.1234130859375
0.0364418029785156 -0.0565185546875 -0.73797607421875 0.19207763671875
0.127639770507813 -0.0370712280273438 -0.51348876953125 0.1676025390625
0.121879577636719 0.0344696044921875 -0.103553771972656 0.0462112426757812
-0.05908203125 -0.00368881225585936 0.173614501953125 -0.022979736328125
-0.0419540405273438 0.0301742553710937 0.59307861328125 -0.14031982421875
0.000198364257812497 0.0366134643554688 0.71832275390625 -0.21929931640625
0.0176315307617188 0.01385498046875 0.7623291015625 -0.0406494140625
0.00159835815429688 -0.0207996368408203 0.7283935546875 0.2095947265625
-0.0228424072265625 -0.0577163696289063 0.649658203125 0.25531005859375
-0.00782394409179687 -0.0503311157226563 0.3834228515625 0.16851806640625
-0.0178794860839844 -0.0413551330566406 0.0683212280273438 0.00270843505859375
-0.0221786499023438 -0.0488090515136719 -0.249618530273438 -0.172500610351563
-0.0246009826660156 -0.0625877380371094 -0.531982421875 -0.23870849609375
-0.01507568359375 -0.0548210144042969 -0.7503662109375 -0.05859375
0.00451850891113281 -0.0227851867675781 -0.7774658203125 0.14306640625
-0.00110244750976563 0.0241050720214844 -0.763671875 0.17205810546875
-0.0350875854492187 0.0224475860595703 -0.5257568359375 0.1859130859375
-0.0727767944335938 0.00537109374999999 -0.190444946289063 0.043792724609375
-0.00658416748046875 0.0165262222290039 0.167953491210938 -0.022430419921875
0.00693511962890625 0.0161066055297852 0.6004638671875 -0.12969970703125
0.011469841003418 0.00848102569580078 0.71527099609375 -0.20721435546875
0.0026397705078125 0.0110197067260742 0.75299072265625 -0.00860595703125
-0.00189626216888428 -0.0006103515625 0.7255859375 0.24298095703125
-0.00899505615234375 -0.0338726043701172 0.6514892578125 0.2823486328125
0.0173988342285156 -0.0363807678222656 0.393524169921875 0.175872802734375
0.00267982482910156 -0.0304393768310547 0.0775909423828125 0.0013275146484375
-0.000274658203125001 -0.0314464569091797 -0.243377685546875 -0.168075561523437
-0.00690460205078125 -0.0399627685546875 -0.529327392578125 -0.22003173828125
-0.00904655456542968 -0.0308475494384766 -0.74371337890625 -0.0338134765624999
-0.0043649673461914 -0.0139789581298828 -0.7734375 0.17181396484375
0.000931262969970703 0.00311112403869629 -0.76385498046875 0.1947021484375
-0.00241422653198242 0.00107145309448242 -0.5328369140625 0.20001220703125
-0.0283126831054688 0.00224685668945313 -0.20263671875 0.0401153564453125
0.0508956909179688 0.0356864929199219 0.170516967773438 -0.0226898193359375
0.0654716491699219 0.000209808349609375 0.5982666015625 -0.1197509765625
0.0254173278808594 -0.0201797485351563 0.7203369140625 -0.18988037109375
-0.0105915069580078 0.00629234313964844 0.75567626953125 0.0130615234375
-0.00956535339355469 0.0225505828857422 0.72406005859375 0.26202392578125
0.00407218933105469 -0.00108981132507324 0.649169921875 0.296142578125
0.04150390625 -0.0150566101074219 0.388092041015625 0.176849365234375
0.0250816345214844 -0.0197639465332031 0.075775146484375 -0.0037689208984375
0.0243415832519531 -0.0163631439208984 -0.246978759765625 -0.166290283203125
0.0131340026855469 -0.0128421783447266 -0.531585693359375 -0.20770263671875
-0.00322413444519043 -0.00333499908447266 -0.741455078125 -0.0147705078125001
-0.0118999481201172 -0.00381946563720703 -0.76708984375 0.19134521484375
-0.00252532958984375 -0.0128593444824219 -0.76397705078125 0.21197509765625
0.0284347534179688 -0.0253067016601563 -0.531646728515625 0.208282470703125
0.0220508575439453 -0.00181388854980469 -0.205245971679687 0.0340118408203125
0.100151062011719 0.0504150390625 0.184860229492188 -0.02569580078125
0.112495422363281 -0.0116806030273438 0.59527587890625 -0.11798095703125
0.0391044616699219 -0.0441932678222656 0.72381591796875 -0.1700439453125
-0.0253410339355469 0.00501823425292968 0.76666259765625 0.03057861328125
-0.0139694213867187 0.0420989990234375 0.73291015625 0.26385498046875
0.0167865753173828 0.0260372161865234 0.6395263671875 0.2913818359375
0.0604286193847656 -0.00084686279296875 0.37103271484375 0.171722412109375
0.0441703796386719 -0.00762176513671875 0.0611648559570313 -0.0107612609863281
0.0428390502929688 -0.00304794311523438 -0.26226806640625 -0.166717529296875
0.0326347351074219 0.00911712646484375 -0.54229736328125 -0.206817626953125
0.00512313842773437 0.0213584899902344 -0.74432373046875 -0.00903320312500011
-0.01953125 0.0079498291015625 -0.7579345703125 0.20501708984375
0.0022430419921875 -0.0319385528564453 -0.760986328125 0.22412109375
0.0625762939453125 -0.0469818115234375 -0.53009033203125 0.208953857421875
0.0703277587890625 -0.0028533935546875 -0.19488525390625 0.0287322998046875
0.134391784667969 0.0525054931640625 0.202056884765625 -0.0275726318359375
0.142074584960938 -0.0294952392578125 0.5902099609375 -0.116455078125
0.0435447692871094 -0.0600509643554688 0.72991943359375 -0.15362548828125
-0.0346298217773438 0.00963973999023437 0.786376953125 0.0360107421875
-0.0149040222167969 0.0616569519042969 0.7421875 0.2459716796875
0.0266456604003906 0.0449752807617188 0.62896728515625 0.2744140625
0.0740432739257813 0.0101776123046875 0.34771728515625 0.155517578125
0.0564842224121094 -0.00102996826171875 0.0354804992675781 -0.0140762329101563
0.0550003051757812 0.0096588134765625 -0.285736083984375 -0.171783447265625
0.04443359375 0.0250892639160156 -0.557525634765625 -0.211273193359375
0.00616455078125 0.0373916625976563 -0.7493896484375 -0.0175781250000002
-0.0258636474609375 0.0140800476074219 -0.75189208984375 0.20184326171875
0.00650787353515625 -0.0485992431640625 -0.75445556640625 0.2255859375
0.094024658203125 -0.0614852905273438 -0.52386474609375 0.20269775390625
0.112014770507813 0.00127410888671875 -0.17474365234375 0.0271148681640625
0.151763916015625 0.04315185546875 0.222381591796875 -0.031005859375
0.1483154296875 -0.043212890625 0.5823974609375 -0.1220703125
0.0406646728515625 -0.0623283386230469 0.73602294921875 -0.1488037109375
-0.0367012023925781 0.0183334350585938 0.80633544921875 0.0240478515625
-0.00978469848632812 0.0693092346191406 0.7490234375 0.2139892578125
0.0321617126464844 0.0511207580566406 0.6097412109375 0.2425537109375
0.0773468017578125 0.013397216796875 0.317901611328125 0.14190673828125
0.0579376220703125 0.0015411376953125 0.00961685180664063 -0.0222930908203125
0.0614547729492187 0.0142707824707031 -0.310516357421875 -0.178436279296875
0.0459251403808594 0.0361328125 -0.5772705078125 -0.23114013671875
0.00239181518554687 0.0459556579589844 -0.7545166015625 -0.0383911132812501
-0.0316276550292969 0.0109901428222656 -0.74530029296875 0.18804931640625
0.0146141052246094 -0.0631256103515625 -0.7451171875 0.22198486328125
0.119743347167969 -0.0638427734375 -0.515777587890625 0.1939697265625
0.135391235351562 0.0173797607421875 -0.1494140625 0.0286712646484375
0.147750854492188 0.0309295654296875 0.245498657226563 -0.034759521484375
0.133438110351563 -0.0491714477539063 0.583251953125 -0.13067626953125
0.0350227355957031 -0.0540695190429687 0.75018310546875 -0.160400390625
-0.0327167510986328 0.0244331359863281 0.828125 -0.01043701171875
-0.00433349609375001 0.0681648254394531 0.75213623046875 0.16888427734375
0.0300369262695312 0.0461807250976563 0.591552734375 0.2066650390625
0.067657470703125 0.0067596435546875 0.289825439453125 0.1282958984375
0.0530967712402344 -0.00360107421875 -0.0184230804443359 -0.0291175842285156
0.0561256408691406 0.0146331787109375 -0.3349609375 -0.191986083984375
0.0396652221679688 0.0380134582519531 -0.588623046875 -0.26287841796875
-0.00638198852539062 0.0455093383789062 -0.75372314453125 -0.0783081054687498
-0.0339756011962891 0.00208663940429688 -0.73681640625 0.16143798828125
0.0277328491210938 -0.0677528381347656 -0.737060546875 0.207275390625
0.135047912597656 -0.0548858642578125 -0.5118408203125 0.18206787109375
0.139091491699219 0.0280380249023438 -0.124000549316406 0.0348358154296875
0.125259399414063 0.0161895751953125 0.264236450195312 -0.03985595703125
0.107742309570312 -0.0440139770507812 0.58770751953125 -0.14794921875
0.0291404724121094 -0.0410652160644531 0.75762939453125 -0.18475341796875
-0.0213565826416016 0.0277595520019531 0.83526611328125 -0.05645751953125
-0.00263214111328124 0.0588188171386719 0.74853515625 0.12310791015625
0.0227794647216797 0.0288333892822266 0.57611083984375 0.17388916015625
0.0553932189941406 -0.00485992431640625 0.267440795898438 0.116943359375
0.0418434143066406 -0.0107154846191406 -0.0426177978515625 -0.0318717956542969
0.0451622009277344 0.00727462768554687 -0.352691650390625 -0.21051025390625
0.0264797210693359 0.0279312133789063 -0.59490966796875 -0.30218505859375
-0.0122451782226563 0.0344161987304688 -0.75177001953125 -0.127685546875
-0.0302162170410156 -0.00629997253417968 -0.7271728515625 0.12640380859375
0.0364570617675781 -0.0556755065917969 -0.73193359375 0.1923828125
0.126861572265625 -0.0366134643554687 -0.5101318359375 0.17022705078125
0.12042236328125 0.0352325439453125 -0.10296630859375 0.0466842651367188
-0.0593070983886719 -0.00432968139648437 0.172958374023438 -0.020782470703125
-0.0420570373535156 0.02862548828125 0.59002685546875 -0.14154052734375
0.00285148620605468 0.0338058471679688 0.71258544921875 -0.2215576171875
0.0202960968017578 0.0120601654052734 0.75677490234375 -0.03955078125
0.00163459777832031 -0.0215396881103516 0.724853515625 0.2071533203125
-0.0231208801269531 -0.0572509765625 0.6461181640625 0.2554931640625
-0.00878524780273437 -0.0520668029785156 0.383544921875 0.16571044921875
-0.01708984375 -0.0440597534179688 0.0699119567871094 0.00220489501953125
-0.0227165222167969 -0.0455665588378906 -0.24627685546875 -0.16949462890625
-0.0255470275878906 -0.0642013549804688 -0.529266357421875 -0.23651123046875
-0.0149688720703125 -0.0539054870605469 -0.74530029296875 -0.0612182617187501
0.00270843505859375 -0.0260639190673828 -0.77154541015625 0.14111328125
-0.000259399414062502 0.0238418579101562 -0.758056640625 0.17352294921875
-0.0347423553466797 0.0224819183349609 -0.523590087890625 0.188201904296875
-0.07415771484375 0.00424194335937499 -0.190536499023438 0.0420684814453125
-0.00715446472167969 0.0165367126464844 0.167739868164063 -0.0240478515625
0.00638198852539062 0.0134544372558594 0.59661865234375 -0.1309814453125
0.00934028625488281 0.00634479522705078 0.7109375 -0.20758056640625
0.00140380859375 0.0115804672241211 0.746826171875 -0.01025390625
-0.0036461353302002 0.000289440155029297 0.72027587890625 0.23797607421875
-0.00827407836914063 -0.0319786071777344 0.6480712890625 0.27935791015625
0.0158805847167969 -0.0342979431152344 0.38995361328125 0.174468994140625
0.00276565551757813 -0.0305271148681641 0.077423095703125 0.000289916992187498
-0.000755310058593748 -0.0326709747314453 -0.241012573242188 -0.164688110351563
-0.00564193725585937 -0.0374679565429688 -0.523040771484375 -0.217987060546875
-0.0103130340576172 -0.0282649993896484 -0.7388916015625 -0.032470703125
-0.00493717193603516 -0.0135040283203125 -0.76654052734375 0.170654296875
0.00155067443847656 0.00541400909423828 -0.7589111328125 0.19866943359375
0.000170350074768067 -0.00184881687164307 -0.52813720703125 0.201507568359375
-0.0288715362548828 0.00391006469726563 -0.2021484375 0.040374755859375
0.0519599914550781 0.0357170104980469 0.17266845703125 -0.0240020751953125
0.06451416015625 -0.0004425048828125 0.5977783203125 -0.11907958984375
0.0265102386474609 -0.0206775665283203 0.71478271484375 -0.19049072265625
-0.0132465362548828 0.00735759735107422 0.7506103515625 0.01129150390625
-0.00944709777832031 0.0224704742431641 0.722900390625 0.2578125
0.0052332878112793 0.000433921813964844 0.6451416015625 0.29095458984375
0.0400543212890625 -0.0156135559082031 0.386871337890625 0.17578125
0.0258808135986328 -0.0205402374267578 0.0757064819335938 -0.00211334228515625
0.0217990875244141 -0.0168476104736328 -0.246734619140625 -0.16571044921875
0.0154123306274414 -0.0150947570800781 -0.529998779296875 -0.2066650390625
-0.000693678855895996 -0.00206351280212402 -0.73626708984375 -0.01287841796875
-0.0113344192504883 -0.00176429748535156 -0.76080322265625 0.19317626953125
-0.00100421905517578 -0.015843391418457 -0.7601318359375 0.21490478515625
0.0295944213867188 -0.0254154205322266 -0.529937744140625 0.208831787109375
0.0210762023925781 -0.000616073608398438 -0.20465087890625 0.0372772216796875
0.0993423461914062 0.0510177612304687 0.184494018554688 -0.025634765625
0.110260009765625 -0.014739990234375 0.5941162109375 -0.11712646484375
0.040130615234375 -0.0457878112792969 0.7176513671875 -0.17254638671875
-0.0249767303466797 0.00327110290527343 0.76220703125 0.02984619140625
-0.0136184692382813 0.044342041015625 0.72967529296875 0.25823974609375
0.0161666870117188 0.0267925262451172 0.63726806640625 0.28997802734375
0.0594139099121094 -0.00172805786132813 0.3697509765625 0.168548583984375
0.04296875 -0.0121726989746094 0.0628128051757813 -0.00878143310546875
0.0423393249511719 -0.002777099609375 -0.2626953125 -0.165573120117187
0.0323925018310547 0.00675201416015625 -0.53955078125 -0.203338623046875
0.00547599792480469 0.0209236145019531 -0.739013671875 -0.00793457031250003
-0.0175342559814453 0.00876903533935547 -0.75421142578125 0.20379638671875
-5.7220458984377E-05 -0.0332069396972656 -0.7559814453125 0.2244873046875
0.0604324340820313 -0.0468063354492188 -0.52569580078125 0.20782470703125
0.0710983276367187 -0.0027618408203125 -0.195510864257813 0.0311126708984375
0.138320922851563 0.0516357421875 0.202438354492188 -0.027587890625
0.14141845703125 -0.0308837890625 0.58587646484375 -0.11767578125
0.043182373046875 -0.0613327026367188 0.72314453125 -0.156494140625
-0.033599853515625 0.01055908203125 0.77996826171875 0.03521728515625
-0.0162849426269531 0.0606536865234375 0.73687744140625 0.24334716796875
0.0247650146484375 0.0431060791015625 0.62200927734375 0.27044677734375
0.072357177734375 0.00865936279296875 0.346160888671875 0.154266357421875
0.0557746887207031 -0.0012359619140625 0.036376953125 -0.0161361694335938
0.0561866760253906 0.00671005249023438 -0.28302001953125 -0.16900634765625
0.0430755615234375 0.0250205993652344 -0.556304931640625 -0.209716796875
0.00670623779296875 0.0370674133300781 -0.74432373046875 -0.01556396484375
-0.0257968902587891 0.0130519866943359 -0.746337890625 0.20257568359375
0.00628662109374999 -0.0488853454589844 -0.747314453125 0.22802734375
0.0910568237304688 -0.0596694946289063 -0.521514892578125 0.20355224609375
0.112098693847656 0.00194549560546875 -0.175186157226563 0.0262451171875
0.154220581054688 0.0440521240234375 0.223556518554688 -0.0292816162109375
0.146133422851563 -0.0439453125 0.5809326171875 -0.12261962890625
0.0395622253417969 -0.0642929077148438 0.73443603515625 -0.15032958984375
-0.0363960266113281 0.0177650451660156 0.8011474609375 0.02056884765625
-0.00981521606445312 0.0691680908203125 0.7474365234375 0.209228515625
0.0301132202148438 0.0504531860351563 0.605712890625 0.24005126953125
0.0760574340820313 0.0118789672851563 0.317474365234375 0.13970947265625
0.0589485168457031 -0.000701904296875 0.0096588134765625 -0.0234813690185547
0.0610923767089844 0.0150871276855469 -0.308807373046875 -0.180572509765625
0.0468635559082031 0.0359382629394531 -0.5743408203125 -0.228271484375
0.00408172607421875 0.0474090576171875 -0.748046875 -0.0366821289062501
-0.0319061279296875 0.00961494445800781 -0.73846435546875 0.18719482421875
0.0159721374511719 -0.0635643005371094 -0.73992919921875 0.21905517578125
0.118827819824219 -0.06298828125 -0.513763427734375 0.195068359375
0.135848999023438 0.0141525268554687 -0.149734497070312 0.0286712646484375
0.147964477539063 0.0298614501953125 0.24560546875 -0.0345916748046875
0.132530212402344 -0.04949951171875 0.58258056640625 -0.13287353515625
0.0347328186035156 -0.0557975769042969 0.74359130859375 -0.16119384765625
-0.0285911560058594 0.0265731811523438 0.8216552734375 -0.0120849609375
-0.00506973266601563 0.0680160522460938 0.74810791015625 0.165771484375
0.0319938659667969 0.0433311462402344 0.58721923828125 0.205078125
0.0684661865234375 0.00593948364257813 0.2890625 0.1258544921875
0.0518875122070313 -0.00479888916015625 -0.018280029296875 -0.0290737152099609
0.0564765930175781 0.0140647888183594 -0.332489013671875 -0.191162109375
0.0395545959472656 0.0369911193847656 -0.58282470703125 -0.25946044921875
-0.00567245483398438 0.0465850830078125 -0.750732421875 -0.0748901367187501
-0.0340080261230469 0.00105857849121094 -0.7315673828125 0.1611328125
0.0281410217285156 -0.0677986145019531 -0.73016357421875 0.209716796875
0.132308959960937 -0.0537109375 -0.508392333984375 0.181610107421875
0.1390380859375 0.0282135009765625 -0.125289916992188 0.0361709594726563
0.123077392578125 0.01593017578125 0.263900756835937 -0.041290283203125
0.108573913574219 -0.0432205200195313 0.583984375 -0.1474609375
0.0265045166015625 -0.0402450561523438 0.75262451171875 -0.18621826171875
-0.0204811096191406 0.0274200439453125 0.83056640625 -0.0546875
-0.00103759765625 0.0575599670410156 0.74505615234375 0.12066650390625
0.0250568389892578 0.029052734375 0.57073974609375 0.17156982421875
0.0533599853515625 -0.0054473876953125 0.266006469726563 0.11541748046875
0.0398025512695313 -0.0106773376464844 -0.0407752990722656 -0.0298652648925781
0.0441398620605469 0.00567245483398438 -0.35107421875 -0.2088623046875
0.027801513671875 0.0268592834472656 -0.59185791015625 -0.2977294921875
-0.0115318298339844 0.0359153747558594 -0.7462158203125 -0.1241455078125
-0.0291118621826172 -0.00565338134765625 -0.72064208984375 0.12701416015625
0.0367927551269531 -0.0582427978515625 -0.72418212890625 0.1944580078125
0.126846313476563 -0.03656005859375 -0.50592041015625 0.170928955078125
0.120841979980469 0.0366058349609375 -0.103080749511719 0.0459518432617187
-0.0579452514648438 -0.00273513793945312 0.17218017578125 -0.0218505859375
-0.0411148071289063 0.026275634765625 0.58563232421875 -0.13958740234375
0.00122833251953125 0.0358161926269531 0.708984375 -0.22100830078125
0.0189323425292969 0.0108127593994141 0.75213623046875 -0.03973388671875
1.90734863281265E-05 -0.0192852020263672 0.7205810546875 0.20391845703125
-0.023040771484375 -0.0615959167480469 0.64373779296875 0.2508544921875
-0.0094451904296875 -0.0510101318359375 0.383270263671875 0.16278076171875
-0.0183601379394531 -0.0431556701660156 0.0693244934082031 0.0026702880859375
-0.0234184265136719 -0.04608154296875 -0.243850708007813 -0.169387817382812
-0.0242385864257813 -0.059661865234375 -0.526458740234375 -0.23468017578125
-0.0144233703613281 -0.0515975952148437 -0.737548828125 -0.05914306640625
0.00461769104003906 -0.0279426574707031 -0.767578125 0.1412353515625
0.000917434692382813 0.0239791870117187 -0.7545166015625 0.173583984375
-0.0350723266601563 0.0243148803710938 -0.51873779296875 0.187896728515625
-0.0751724243164063 0.00491333007812499 -0.189987182617187 0.0426177978515625
-0.00417613983154297 0.0149650573730469 0.166000366210938 -0.0225677490234375
0.00805187225341797 0.0143089294433594 0.592529296875 -0.1297607421875
0.0113992691040039 0.00908374786376953 0.709228515625 -0.20806884765625
0.000401496887207032 0.00988960266113281 0.7431640625 -0.0111083984375
-0.00147438049316406 0.000984430313110352 0.7158203125 0.2352294921875
-0.00681877136230469 -0.0307369232177734 0.64447021484375 0.2762451171875
0.0148544311523438 -0.0356178283691406 0.390289306640625 0.1727294921875
0.0041961669921875 -0.0327224731445313 0.0772705078125 0.00153350830078125
-0.00260353088378906 -0.0321693420410156 -0.238311767578125 -0.1654052734375
-0.00530624389648438 -0.0369873046875 -0.52191162109375 -0.21649169921875
-0.0117778778076172 -0.0296268463134766 -0.7366943359375 -0.0306396484374999
-0.00419902801513672 -0.0156059265136719 -0.764892578125 0.17266845703125
-0.000797271728515625 0.00520086288452148 -0.75677490234375 0.19720458984375
-0.00214910507202148 -0.000225305557250977 -0.5223388671875 0.200286865234375
-0.0283927917480469 0.00310707092285156 -0.202911376953125 0.0382537841796875
0.050567626953125 0.035064697265625 0.170852661132813 -0.0220947265625
0.0654487609863281 -0.00196456909179688 0.5927734375 -0.12042236328125
0.0275211334228516 -0.0213794708251953 0.71026611328125 -0.19036865234375
-0.0144901275634766 0.00768470764160156 0.74554443359375 0.01202392578125
-0.0100288391113281 0.0217075347900391 0.71783447265625 0.254150390625
0.00485897064208984 -0.00174283981323242 0.6414794921875 0.28900146484375
0.0392990112304688 -0.0164985656738281 0.382965087890625 0.1737060546875
0.0251979827880859 -0.0223484039306641 0.0749664306640625 -0.00261688232421875
0.0222568511962891 -0.0163364410400391 -0.244369506835937 -0.164642333984375
0.013575553894043 -0.0149679183959961 -0.525421142578125 -0.204986572265625
0.000259637832641602 -0.00367903709411621 -0.73419189453125 -0.0133056640625002
-0.0122137069702148 -0.0025644302368164 -0.7562255859375 0.19293212890625
0.000487327575683595 -0.0133485794067383 -0.75457763671875 0.2138671875
0.0276165008544922 -0.0243663787841797 -0.526275634765625 0.20794677734375
0.0235919952392578 0.000288009643554688 -0.203598022460938 0.0352783203125
0.100799560546875 0.050048828125 0.181961059570313 -0.025299072265625
0.11004638671875 -0.0154266357421875 0.5899658203125 -0.11700439453125
0.0408592224121094 -0.0450286865234375 0.7119140625 -0.17236328125
-0.0246829986572266 0.00597953796386719 0.75537109375 0.03070068359375
-0.0150833129882812 0.0443611145019531 0.7249755859375 0.25677490234375
0.0168323516845703 0.0252628326416016 0.63531494140625 0.28515625
0.0622406005859375 -0.00029754638671875 0.369232177734375 0.164520263671875
0.0432968139648438 -0.0095977783203125 0.0596809387207031 -0.00891494750976563
0.0414161682128906 -0.003570556640625 -0.256576538085938 -0.165420532226562
0.03143310546875 0.0090179443359375 -0.53814697265625 -0.2037353515625
0.00695991516113281 0.0190048217773438 -0.73748779296875 -0.00726318359375007
-0.0173177719116211 0.00568485260009766 -0.7509765625 0.20281982421875
0.00153541564941406 -0.0322532653808594 -0.75311279296875 0.22540283203125
0.0605621337890625 -0.0488548278808594 -0.5245361328125 0.209564208984375
0.072784423828125 -0.003631591796875 -0.19439697265625 0.0300445556640625
0.13531494140625 0.052947998046875 0.200637817382813 -0.02655029296875
0.139533996582031 -0.0311965942382813 0.58416748046875 -0.11956787109375
0.0434226989746094 -0.060943603515625 0.716064453125 -0.15625
-0.0330600738525391 0.00989723205566407 0.77679443359375 0.0328369140625
-0.0143623352050781 0.0597763061523438 0.732666015625 0.24151611328125
0.0256538391113281 0.044708251953125 0.62115478515625 0.26763916015625
0.0713424682617188 0.00823974609375 0.343536376953125 0.153167724609375
0.0553245544433594 -0.00266647338867188 0.0374374389648438 -0.0168075561523438
0.0575180053710937 0.00900650024414062 -0.280288696289062 -0.169677734375
0.0436935424804688 0.0246467590332031 -0.55474853515625 -0.20751953125
0.007904052734375 0.0381736755371094 -0.73944091796875 -0.0152587890624999
-0.0263099670410156 0.0141887664794922 -0.74261474609375 0.19921875
0.00620269775390626 -0.0501289367675781 -0.7427978515625 0.2266845703125
0.0913619995117188 -0.0607757568359375 -0.517059326171875 0.20343017578125
0.110877990722656 0.00408935546875 -0.176956176757813 0.02734375
0.152755737304688 0.0434112548828125 0.221054077148437 -0.0297088623046875
0.146087646484375 -0.045562744140625 0.577880859375 -0.12286376953125
0.0401420593261719 -0.063232421875 0.72784423828125 -0.15289306640625
-0.0353584289550781 0.018218994140625 0.7984619140625 0.01898193359375
-0.0114021301269531 0.0676460266113281 0.73956298828125 0.20855712890625
0.0301322937011719 0.0513153076171875 0.6024169921875 0.23724365234375
0.0748214721679688 0.010284423828125 0.31573486328125 0.136871337890625
0.0581169128417969 -0.000579833984375 0.00906753540039063 -0.0241184234619141
0.0608291625976563 0.0132789611816406 -0.3055419921875 -0.175811767578125
0.0471343994140625 0.0354576110839844 -0.566650390625 -0.2279052734375
0.003509521484375 0.0483016967773437 -0.741943359375 -0.0369262695312499
-0.0303230285644531 0.01141357421875 -0.73504638671875 0.18658447265625
0.0165138244628906 -0.0640945434570312 -0.7353515625 0.2205810546875
0.120040893554687 -0.065277099609375 -0.5101318359375 0.193206787109375
0.135711669921875 0.0144424438476563 -0.150100708007813 0.0293121337890625
0.149551391601562 0.02960205078125 0.244155883789063 -0.034454345703125
0.132835388183594 -0.0494918823242188 0.5794677734375 -0.1329345703125
0.0322303771972656 -0.0557785034179688 0.73822021484375 -0.16192626953125
-0.0301094055175781 0.0253715515136719 0.81878662109375 -0.0133056640625
-0.0048828125 0.0651893615722656 0.7425537109375 0.16436767578125
0.0313911437988281 0.0442962646484375 0.58551025390625 0.203857421875
0.06805419921875 0.0056304931640625 0.28729248046875 0.124603271484375
0.0510101318359375 -0.00533676147460938 -0.0161476135253906 -0.0281810760498047
0.057403564453125 0.0143890380859375 -0.3291015625 -0.1905517578125
0.0393829345703125 0.0368537902832031 -0.58245849609375 -0.2576904296875
-0.00439834594726562 0.0446891784667969 -0.7459716796875 -0.0765380859374999
-0.0340518951416016 0.0023040771484375 -0.7265625 0.16033935546875
0.028167724609375 -0.0672645568847656 -0.72802734375 0.209716796875
0.131324768066406 -0.05517578125 -0.504730224609375 0.179412841796875
0.139549255371094 0.028564453125 -0.123809814453125 0.0344390869140625
0.123672485351563 0.0164260864257813 0.261749267578125 -0.0412139892578125
0.108100891113281 -0.0442962646484375 0.58111572265625 -0.14776611328125
0.0272560119628906 -0.0418205261230469 0.74609375 -0.18670654296875
-0.0213851928710938 0.0270423889160156 0.8221435546875 -0.0570068359375
-0.00105667114257813 0.0563201904296875 0.74017333984375 0.117919921875
0.0223960876464844 0.0295696258544922 0.56719970703125 0.17047119140625
0.0520248413085937 -0.00479888916015625 0.26385498046875 0.11297607421875
0.0382499694824219 -0.0123634338378906 -0.0410728454589844 -0.0297126770019531
0.043182373046875 0.007232666015625 -0.34759521484375 -0.20782470703125
0.0253181457519531 0.0266361236572266 -0.58837890625 -0.29876708984375
-0.0119895935058594 0.0347614288330078 -0.74151611328125 -0.12481689453125
-0.0292301177978516 -0.00638198852539062 -0.71832275390625 0.12713623046875
0.0360450744628906 -0.0587310791015625 -0.71978759765625 0.19451904296875
0.126792907714844 -0.0391998291015625 -0.50244140625 0.171234130859375
0.120719909667969 0.0375595092773438 -0.102699279785156 0.0479965209960938
-0.0565032958984375 -0.00367355346679687 0.169570922851563 -0.0225677490234375
-0.04107666015625 0.0277976989746094 0.58380126953125 -0.1402587890625
0.000701904296875003 0.0351238250732422 0.70465087890625 -0.22235107421875
0.0194950103759766 0.0089263916015625 0.74822998046875 -0.0404052734375
0.00291061401367188 -0.0200328826904297 0.7183837890625 0.2044677734375
-0.0246734619140625 -0.059356689453125 0.63958740234375 0.24798583984375
-0.0136299133300781 -0.0530319213867188 0.380401611328125 0.162139892578125
-0.0181884765625 -0.0427932739257813 0.0702056884765625 0.00101852416992187
-0.0216903686523437 -0.04815673828125 -0.24273681640625 -0.168411254882812
-0.0253143310546875 -0.0621070861816406 -0.522308349609375 -0.2359619140625
-0.0171356201171875 -0.0520477294921875 -0.73626708984375 -0.0554199218750001
0.00452613830566406 -0.024383544921875 -0.76397705078125 0.14166259765625
0.0005645751953125 0.0228748321533203 -0.75146484375 0.171875
-0.0359306335449219 0.0219154357910156 -0.517181396484375 0.18634033203125
-0.0756988525390625 0.0067596435546875 -0.1912841796875 0.0420989990234375
-0.0084075927734375 0.0135383605957031 0.16400146484375 -0.0249481201171875
0.00641632080078125 0.0119791030883789 0.5877685546875 -0.12847900390625
0.00860023498535156 0.00792598724365235 0.7042236328125 -0.207275390625
-0.000104904174804688 0.0129060745239258 0.73907470703125 -0.01446533203125
-0.00195634365081787 -0.000599980354309082 0.714599609375 0.234375
-0.00788307189941406 -0.0323657989501953 0.64215087890625 0.2763671875
0.0119400024414063 -0.0353660583496094 0.389434814453125 0.16925048828125
0.00264358520507813 -0.0327663421630859 0.0793228149414063 0.001251220703125
-0.00121307373046875 -0.0311450958251953 -0.2379150390625 -0.16400146484375
-0.00710296630859375 -0.0371627807617188 -0.5211181640625 -0.216766357421875
-0.00955772399902344 -0.0276279449462891 -0.7301025390625 -0.0304565429687499
-0.00346946716308594 -0.0158596038818359 -0.760009765625 0.16998291015625
0.00228786468505859 0.00568246841430664 -0.75006103515625 0.19635009765625
-0.00433778762817383 -0.000176668167114258 -0.524810791015625 0.200836181640625
-0.0293426513671875 0.00467300415039062 -0.201400756835938 0.0387725830078125
0.0509796142578125 0.0364913940429688 0.172134399414063 -0.0227203369140625
0.0632057189941406 -0.000133514404296875 0.5931396484375 -0.11944580078125
0.0263328552246094 -0.0232906341552734 0.7076416015625 -0.19097900390625
-0.0140466690063477 0.00738239288330078 0.740234375 0.0115966796875
-0.00898361206054687 0.021728515625 0.71435546875 0.25250244140625
0.00454854965209961 -0.000770092010498047 0.63818359375 0.28997802734375
0.0404052734375 -0.0187339782714844 0.385009765625 0.172576904296875
0.024993896484375 -0.0209426879882813 0.07830810546875 -0.0051116943359375
0.0228691101074219 -0.0171527862548828 -0.2415771484375 -0.162460327148438
0.0126352310180664 -0.0137729644775391 -0.525054931640625 -0.205474853515625
-0.000630855560302734 -0.0018078088760376 -0.7288818359375 -0.0152587890625001
-0.0132923126220703 -0.00149059295654297 -0.75146484375 0.19342041015625
0.000880241394042969 -0.0145816802978516 -0.75189208984375 0.21490478515625
0.0272407531738281 -0.0257701873779297 -0.524505615234375 0.20611572265625
0.022857666015625 -0.00103378295898438 -0.202667236328125 0.0353546142578125
0.101791381835937 0.048919677734375 0.181076049804687 -0.0260009765625
0.112197875976563 -0.0114517211914063 0.58880615234375 -0.1173095703125
0.0374641418457031 -0.0464820861816406 0.7105712890625 -0.17333984375
-0.0256080627441406 0.00566291809082031 0.75555419921875 0.02764892578125
-0.0151214599609375 0.0407295227050781 0.7235107421875 0.25335693359375
0.0161533355712891 0.0265007019042969 0.63214111328125 0.2840576171875
0.0583381652832031 -0.0024261474609375 0.368377685546875 0.1669921875
0.0424728393554688 -0.0116043090820313 0.0621986389160156 -0.00998687744140625
0.0435638427734375 -0.004425048828125 -0.256484985351563 -0.164642333984375
0.0322380065917969 0.00761032104492188 -0.53472900390625 -0.201507568359375
0.00477409362792969 0.0192852020263672 -0.73187255859375 -0.00927734375000003
-0.0158185958862305 0.00785923004150391 -0.74444580078125 0.205078125
0.00020408630371094 -0.0326786041259766 -0.7493896484375 0.226806640625
0.0590782165527344 -0.0471115112304688 -0.522247314453125 0.208740234375
0.0693626403808594 -0.00216293334960938 -0.193405151367188 0.029144287109375
0.137840270996094 0.051422119140625 0.2008056640625 -0.0288238525390625
0.140975952148438 -0.0319366455078125 0.58355712890625 -0.11981201171875
0.0421409606933594 -0.0615463256835938 0.71533203125 -0.15802001953125
-0.0325393676757813 0.00860214233398438 0.77191162109375 0.03265380859375
-0.01318359375 0.0585823059082031 0.73101806640625 0.23724365234375
0.02484130859375 0.0458106994628906 0.6158447265625 0.26361083984375
0.0713043212890625 0.0084686279296875 0.344024658203125 0.15313720703125
0.0546035766601562 -0.00267410278320313 0.0387458801269531 -0.0154647827148437
0.0565719604492188 0.006317138671875 -0.276748657226563 -0.16741943359375
0.0447006225585938 0.024200439453125 -0.550262451171875 -0.207855224609375
0.00673294067382813 0.0383033752441406 -0.7384033203125 -0.0128173828125001
-0.0241260528564453 0.0139789581298828 -0.73828125 0.20062255859375
0.00550079345703126 -0.0496101379394531 -0.7412109375 0.2269287109375
0.0897750854492187 -0.0607452392578125 -0.517059326171875 0.202606201171875
0.110183715820312 0.00342559814453125 -0.17474365234375 0.025787353515625
0.155349731445313 0.0443878173828125 0.221649169921875 -0.0324249267578125
0.145904541015625 -0.0459442138671875 0.5771484375 -0.12408447265625
0.0385589599609375 -0.0639915466308594 0.7239990234375 -0.1544189453125
-0.0386466979980469 0.019195556640625 0.79498291015625 0.02105712890625
-0.0110130310058594 0.0686759948730469 0.739501953125 0.206787109375
0.0297279357910156 0.0498695373535156 0.5992431640625 0.23419189453125
0.072265625 0.0098876953125 0.31353759765625 0.13751220703125
0.0567550659179688 -0.00223541259765625 0.00942802429199219 -0.0238857269287109
0.0615425109863281 0.0125579833984375 -0.304473876953125 -0.177886962890625
0.0464096069335938 0.0343208312988281 -0.5653076171875 -0.2276611328125
0.00336837768554688 0.0471763610839844 -0.74169921875 -0.0379638671875001
-0.0305614471435547 0.00939750671386719 -0.7322998046875 0.185791015625
0.0168914794921875 -0.0642547607421875 -0.73443603515625 0.22296142578125
0.118759155273438 -0.0634841918945313 -0.51055908203125 0.192535400390625
0.135841369628906 0.0151214599609375 -0.149063110351562 0.0281829833984375
0.148773193359375 0.030517578125 0.24444580078125 -0.035369873046875
0.133079528808594 -0.0508270263671875 0.577392578125 -0.13482666015625
0.0352592468261719 -0.0572166442871094 0.7322998046875 -0.16595458984375
-0.0291633605957031 0.0243663787841797 0.81268310546875 -0.0126953125
-0.00360488891601562 0.0691604614257813 0.73980712890625 0.1612548828125
0.029876708984375 0.0442733764648438 0.5823974609375 0.2005615234375
0.0677566528320313 0.00616836547851563 0.28619384765625 0.12408447265625
0.0530166625976563 -0.00567245483398438 -0.01824951171875 -0.0306034088134766
0.0577507019042969 0.0117301940917969 -0.32794189453125 -0.190399169921875
0.0376853942871094 0.0356674194335937 -0.580322265625 -0.25909423828125
-0.00491714477539062 0.0459747314453125 -0.7431640625 -0.07476806640625
-0.0337314605712891 0.000947952270507806 -0.72381591796875 0.1632080078125
0.0274238586425781 -0.0681266784667969 -0.722412109375 0.206298828125
0.131195068359375 -0.0539016723632813 -0.50439453125 0.182830810546875
0.138236999511719 0.0284042358398438 -0.123245239257812 0.034698486328125
0.124641418457031 0.0188446044921875 0.261856079101563 -0.0394134521484375
0.105796813964844 -0.0444869995117188 0.57757568359375 -0.14727783203125
0.0276832580566406 -0.0403404235839844 0.7437744140625 -0.18804931640625
-0.0211887359619141 0.0275993347167969 0.82147216796875 -0.05865478515625
-0.00124740600585937 0.0557022094726563 0.73944091796875 0.11602783203125
0.0219078063964844 0.0299854278564453 0.56634521484375 0.16851806640625
0.0516281127929688 -0.00618743896484375 0.263427734375 0.112503051757813
0.0357131958007813 -0.0122184753417969 -0.0385398864746094 -0.0315895080566406
0.0433082580566406 0.00680160522460937 -0.344696044921875 -0.2039794921875
0.0261325836181641 0.0277614593505859 -0.58843994140625 -0.298583984375
-0.0122146606445313 0.0343856811523437 -0.73834228515625 -0.12432861328125
-0.0282135009765625 -0.00676918029785156 -0.71502685546875 0.12628173828125
0.0343399047851563 -0.0571975708007813 -0.72015380859375 0.19610595703125
0.125373840332031 -0.035858154296875 -0.5023193359375 0.169158935546875
0.118499755859375 0.0379409790039062 -0.102577209472656 0.0468673706054687
-0.0565872192382812 -0.00298309326171876 0.171051025390625 -0.0209503173828125
-0.0405235290527344 0.0285110473632812 0.58367919921875 -0.14227294921875
0.00075531005859375 0.0324058532714844 0.70074462890625 -0.223876953125
0.0188026428222656 0.0131320953369141 0.74505615234375 -0.03973388671875
0.00269126892089844 -0.0209846496582031 0.7181396484375 0.20391845703125
-0.0244216918945313 -0.0601692199707031 0.63726806640625 0.24871826171875
-0.0106468200683594 -0.0535049438476562 0.378814697265625 0.162139892578125
-0.0175743103027344 -0.0443801879882813 0.0705413818359375 0.00334930419921875
-0.0229339599609375 -0.0470695495605469 -0.240524291992188 -0.1700439453125
-0.0259590148925781 -0.0610084533691406 -0.52215576171875 -0.2327880859375
-0.0162582397460938 -0.053436279296875 -0.73370361328125 -0.05963134765625
0.00437736511230469 -0.0252208709716797 -0.76275634765625 0.14215087890625
0.0024871826171875 0.0224571228027344 -0.7503662109375 0.173828125
-0.0353126525878906 0.0224990844726562 -0.5181884765625 0.188140869140625
-0.0731353759765625 0.00572967529296876 -0.190826416015625 0.0420074462890625
-0.00467205047607422 0.0117416381835937 0.167877197265625 -0.0230865478515625
0.0071258544921875 0.0122499465942383 0.58905029296875 -0.12957763671875
0.0138492584228516 0.00655269622802734 0.70379638671875 -0.20965576171875
0.00294399261474609 0.00937652587890625 0.73809814453125 -0.01348876953125
-0.00285243988037109 0.000699996948242187 0.71527099609375 0.23724365234375
-0.00890922546386719 -0.0316658020019531 0.63970947265625 0.27215576171875
0.0127410888671875 -0.0370864868164063 0.387451171875 0.170562744140625
0.00160408020019531 -0.0328369140625 0.0797271728515625 0.000846862792968748
-0.000257492065429685 -0.0314464569091797 -0.23486328125 -0.165664672851563
-0.00787734985351562 -0.0361518859863281 -0.517608642578125 -0.21435546875
-0.00931930541992187 -0.0299282073974609 -0.7293701171875 -0.0299682617187501
-0.00545024871826172 -0.0171709060668945 -0.75640869140625 0.17095947265625
-0.000660896301269531 0.0032956600189209 -0.75 0.19781494140625
-0.00430583953857422 0.000527143478393554 -0.522064208984375 0.20208740234375
-0.0281944274902344 0.00566291809082031 -0.202362060546875 0.0385284423828125
0.0518646240234375 0.0380973815917969 0.168136596679688 -0.023712158203125
0.0641708374023438 -0.00159072875976563 0.59161376953125 -0.12188720703125
0.0263137817382812 -0.0224990844726562 0.70556640625 -0.1920166015625
-0.0136890411376953 0.00737190246582031 0.73974609375 0.012451171875
-0.00969314575195313 0.0234508514404297 0.71551513671875 0.250732421875
0.00402617454528809 -0.00241446495056152 0.63818359375 0.28521728515625
0.0374565124511719 -0.0170326232910156 0.382598876953125 0.1739501953125
0.0225391387939453 -0.02197265625 0.0764236450195313 -0.00281524658203125
0.0237903594970703 -0.0174236297607422 -0.241943359375 -0.162368774414062
0.0149192810058594 -0.0151529312133789 -0.52276611328125 -0.204254150390625
-0.0019916296005249 -0.00214719772338867 -0.7276611328125 -0.0119628906249999
-0.00947475433349609 -0.00115966796875 -0.75274658203125 0.19171142578125
-0.000173568725585939 -0.0148658752441406 -0.75103759765625 0.2156982421875
0.0270442962646484 -0.0245456695556641 -0.52276611328125 0.207489013671875
0.0231189727783203 -0.00160598754882813 -0.204238891601562 0.0345001220703125
0.102981567382813 0.04852294921875 0.181793212890625 -0.02593994140625
0.110923767089844 -0.0167999267578125 0.5882568359375 -0.118896484375
0.0382347106933594 -0.0469474792480469 0.706298828125 -0.17413330078125
-0.0275917053222656 0.00357437133789063 0.751953125 0.02911376953125
-0.0130233764648437 0.0422744750976563 0.72265625 0.25372314453125
0.0163726806640625 0.0271816253662109 0.62933349609375 0.280517578125
0.0596771240234375 -0.00307464599609375 0.364837646484375 0.1661376953125
0.0426788330078125 -0.0116043090820313 0.0626220703125 -0.0095977783203125
0.0426177978515625 -0.00712203979492188 -0.254043579101563 -0.16412353515625
0.0308990478515625 0.00416183471679688 -0.53326416015625 -0.201690673828125
0.00639533996582031 0.0220451354980469 -0.73028564453125 -0.00677490234375
-0.0176563262939453 0.00800895690917969 -0.7449951171875 0.2020263671875
-0.000583648681640624 -0.0324287414550781 -0.74609375 0.22833251953125
0.0580787658691406 -0.0468902587890625 -0.520111083984375 0.208465576171875
0.0715713500976563 -0.00261688232421875 -0.194671630859375 0.02777099609375
0.137680053710938 0.052886962890625 0.199005126953125 -0.0267486572265625
0.140312194824219 -0.0321884155273438 0.58099365234375 -0.12078857421875
0.041656494140625 -0.0637931823730469 0.71136474609375 -0.157958984375
-0.0342636108398438 0.0106678009033203 0.77020263671875 0.03265380859375
-0.0136299133300781 0.0607376098632813 0.72991943359375 0.23675537109375
0.0256729125976563 0.0464324951171875 0.61505126953125 0.26507568359375
0.0694694519042969 0.00687026977539063 0.340576171875 0.152008056640625
0.0539016723632812 -0.00479888916015625 0.0384941101074219 -0.0177536010742188
0.0556259155273438 0.00550460815429688 -0.277267456054687 -0.16754150390625
0.0453948974609375 0.0235786437988281 -0.5467529296875 -0.206634521484375
0.00864410400390625 0.0359649658203125 -0.73394775390625 -0.01605224609375
-0.0260601043701172 0.0110187530517578 -0.7381591796875 0.2003173828125
0.00510406494140625 -0.0499076843261719 -0.7401123046875 0.22930908203125
0.0911865234375 -0.0611419677734375 -0.51629638671875 0.20159912109375
0.109703063964844 0.0050506591796875 -0.174774169921875 0.0257568359375
0.155364990234375 0.0458221435546875 0.220687866210938 -0.0300750732421875
0.146408081054687 -0.04559326171875 0.57916259765625 -0.1226806640625
0.0407257080078125 -0.0656394958496094 0.72210693359375 -0.15362548828125
-0.0358810424804688 0.0171852111816406 0.79302978515625 0.019287109375
-0.00951385498046876 0.070343017578125 0.73565673828125 0.2069091796875
0.0295028686523438 0.0519676208496094 0.59796142578125 0.2353515625
0.0750808715820313 0.0118865966796875 0.313568115234375 0.137908935546875
0.0578575134277344 -0.00309371948242187 0.0109405517578125 -0.0224552154541016
0.0614547729492187 0.0132408142089844 -0.3026123046875 -0.176544189453125
0.0462722778320313 0.0349197387695313 -0.56451416015625 -0.22833251953125
0.00385665893554688 0.0475654602050781 -0.7376708984375 -0.0364990234375001
-0.0317497253417969 0.00966644287109375 -0.7296142578125 0.18560791015625
0.0134429931640625 -0.0657081604003906 -0.732177734375 0.222900390625
0.117027282714844 -0.0651779174804688 -0.508056640625 0.1934814453125
0.135917663574219 0.0163650512695312 -0.150192260742188 0.0258026123046875
0.149917602539062 0.0286865234375 0.244140625 -0.0337677001953125
0.132682800292969 -0.0495147705078125 0.57666015625 -0.134521484375
0.0319786071777344 -0.0555305480957031 0.73468017578125 -0.1636962890625
-0.0303421020507813 0.0263805389404297 0.8114013671875 -0.0130615234375
-0.00467681884765625 0.0677261352539063 0.74066162109375 0.16363525390625
0.02978515625 0.0441665649414063 0.58050537109375 0.20001220703125
0.0656890869140625 0.00448989868164063 0.28387451171875 0.123870849609375
0.0511856079101563 -0.004791259765625 -0.0180492401123047 -0.0280075073242187
0.0562324523925781 0.0111770629882813 -0.325408935546875 -0.187957763671875
0.0395774841308594 0.0358085632324219 -0.5791015625 -0.257080078125
-0.00410842895507813 0.0480308532714844 -0.74212646484375 -0.0750122070312501
-0.0339603424072266 0.00167274475097657 -0.7205810546875 0.1593017578125
0.0257568359375 -0.0686264038085937 -0.7225341796875 0.21087646484375
0.13189697265625 -0.0544967651367187 -0.501922607421875 0.1800537109375
0.137916564941406 0.0306777954101563 -0.122428894042969 0.0358734130859375
0.125152587890625 0.0169448852539063 0.2652587890625 -0.0416259765625
0.107070922851563 -0.046112060546875 0.57763671875 -0.1488037109375
0.0289955139160156 -0.0430183410644531 0.7420654296875 -0.1868896484375
-0.0191936492919922 0.0275726318359375 0.81951904296875 -0.05609130859375
-0.000816345214843747 0.0559921264648438 0.73590087890625 0.11383056640625
0.0210380554199219 0.0288982391357422 0.56475830078125 0.167236328125
0.0497474670410156 -0.00619125366210938 0.262252807617188 0.113540649414063
0.0368576049804688 -0.0150299072265625 -0.0394744873046875 -0.0308952331542969
0.0445022583007812 0.0047607421875 -0.344207763671875 -0.205902099609375
0.028350830078125 0.0271072387695313 -0.58782958984375 -0.2977294921875
-0.0114021301269531 0.0352897644042969 -0.73687744140625 -0.1229248046875
-0.0285167694091797 -0.00732040405273438 -0.71246337890625 0.125244140625
0.0345878601074219 -0.058197021484375 -0.71856689453125 0.19537353515625
0.126205444335938 -0.0375213623046875 -0.500244140625 0.167938232421875
0.119354248046875 0.0361404418945313 -0.102645874023438 0.0457763671875
-0.0573883056640625 -0.00326156616210937 0.171966552734375 -0.022186279296875
-0.0437355041503906 0.0292739868164063 0.583251953125 -0.14111328125
0.00236892700195312 0.03369140625 0.70379638671875 -0.2232666015625
0.016636848449707 0.00894260406494141 0.74359130859375 -0.04052734375
0.00285911560058594 -0.0212993621826172 0.7161865234375 0.2025146484375
-0.0246315002441406 -0.0594558715820312 0.63739013671875 0.24652099609375
-0.0130805969238281 -0.0518531799316406 0.381500244140625 0.1597900390625
-0.0193023681640625 -0.0467338562011719 0.0707244873046875 0.002960205078125
-0.0232391357421875 -0.0489463806152344 -0.23858642578125 -0.17022705078125
-0.0236930847167969 -0.0611228942871094 -0.5205078125 -0.2340087890625
-0.0162620544433594 -0.0532073974609375 -0.73504638671875 -0.0565795898437499
0.00574493408203125 -0.0273189544677734 -0.7664794921875 0.1405029296875
0.00165748596191406 0.0243911743164063 -0.74835205078125 0.17425537109375
-0.0363044738769531 0.0233840942382813 -0.518096923828125 0.18670654296875
-0.0727996826171875 0.00756072998046874 -0.189315795898438 0.04180908203125
-0.00639533996582031 0.0150289535522461 0.165313720703125 -0.0220489501953125
0.00686550140380859 0.0100584030151367 0.591552734375 -0.12884521484375
0.00983810424804688 0.00582981109619141 0.701416015625 -0.21136474609375
0.00324058532714844 0.0096282958984375 0.73724365234375 -0.012451171875
-0.00300383567810059 -0.00188565254211426 0.7142333984375 0.23309326171875
-0.00994682312011718 -0.0321750640869141 0.63970947265625 0.275146484375
0.0129661560058594 -0.03973388671875 0.386962890625 0.168487548828125
0.000349044799804686 -0.0328922271728516 0.08074951171875 0.00109100341796875
-0.000253677368164061 -0.0327644348144531 -0.233169555664062 -0.165191650390625
-0.00725936889648438 -0.0377426147460938 -0.515899658203125 -0.21636962890625
-0.0107879638671875 -0.0289707183837891 -0.7271728515625 -0.03216552734375
-0.00520610809326172 -0.0156707763671875 -0.75689697265625 0.16986083984375
-0.000664472579956054 0.00414371490478516 -0.75030517578125 0.19891357421875
-0.00414443016052246 0.000804901123046875 -0.52392578125 0.199462890625
-0.0287933349609375 0.00451278686523437 -0.203140258789063 0.0378265380859375
0.0510406494140625 0.0362014770507813 0.169815063476563 -0.025238037109375
0.0635643005371094 -0.00087738037109375 0.59136962890625 -0.1201171875
0.0266437530517578 -0.0234813690185547 0.70733642578125 -0.192138671875
-0.0124845504760742 0.00643730163574219 0.73846435546875 0.009521484375
-0.00992774963378906 0.0220775604248047 0.71453857421875 0.25115966796875
0.00333929061889648 -0.00146126747131348 0.6365966796875 0.2855224609375
0.0388374328613281 -0.0181732177734375 0.382415771484375 0.171905517578125
0.0248889923095703 -0.0239982604980469 0.0778427124023437 -0.00264739990234375
0.022491455078125 -0.0186252593994141 -0.2381591796875 -0.163604736328125
0.0140085220336914 -0.0146665573120117 -0.52178955078125 -0.205657958984375
-0.0013883113861084 -0.00196278095245361 -0.726806640625 -0.0151977539062499
-0.0121698379516602 -0.00361251831054687 -0.750244140625 0.191650390625
-0.000401496887207031 -0.0146198272705078 -0.74835205078125 0.21575927734375
0.027069091796875 -0.0237636566162109 -0.524658203125 0.206695556640625
0.0243587493896484 -5.14984130859375E-05 -0.203887939453125 0.03558349609375
0.103012084960938 0.04913330078125 0.181350708007813 -0.0253143310546875
0.11175537109375 -0.0166091918945313 0.5880126953125 -0.120849609375
0.0383949279785156 -0.0480766296386719 0.70635986328125 -0.17559814453125
-0.02630615234375 0.00550270080566406 0.74896240234375 0.02935791015625
-0.013397216796875 0.042327880859375 0.719970703125 0.2520751953125
0.0143299102783203 0.02490234375 0.62908935546875 0.28240966796875
0.0583038330078125 -0.00311660766601563 0.366546630859375 0.166259765625
0.0414962768554688 -0.0130767822265625 0.0627861022949219 -0.00904464721679687
0.0425186157226563 -0.00442123413085938 -0.252120971679688 -0.164703369140625
0.0324077606201172 0.00782012939453125 -0.53228759765625 -0.20306396484375
0.00629043579101563 0.0194110870361328 -0.72882080078125 -0.00738525390625009
-0.0179634094238281 0.00885963439941407 -0.74267578125 0.20220947265625
-0.000257492065429685 -0.0319080352783203 -0.74658203125 0.226806640625
0.0573310852050781 -0.0469474792480469 -0.521697998046875 0.20928955078125
0.0708770751953125 -0.0001220703125 -0.19482421875 0.030426025390625
0.138702392578125 0.05340576171875 0.19854736328125 -0.0281524658203125
0.140792846679688 -0.0321502685546875 0.58056640625 -0.12005615234375
0.0440597534179688 -0.0638504028320313 0.71124267578125 -0.160888671875
-0.0349483489990234 0.00872230529785156 0.7684326171875 0.0308837890625
-0.014892578125 0.0589256286621094 0.728271484375 0.2381591796875
0.0241279602050781 0.045379638671875 0.61279296875 0.26129150390625
0.0700111389160156 0.0080413818359375 0.34027099609375 0.15179443359375
0.0545578002929687 -0.00584793090820313 0.0396957397460938 -0.01715087890625
0.0543403625488281 0.00521087646484375 -0.27569580078125 -0.167724609375
0.0440635681152344 0.02398681640625 -0.548858642578125 -0.20880126953125
0.00858306884765625 0.0380859375 -0.7330322265625 -0.0157470703125
-0.0252780914306641 0.0132026672363281 -0.73785400390625 0.2005615234375
0.00363922119140625 -0.0508918762207031 -0.73724365234375 0.22821044921875
0.0908889770507813 -0.0624313354492187 -0.51580810546875 0.20172119140625
0.111701965332031 0.00463104248046875 -0.175827026367188 0.0259857177734375
0.155807495117188 0.0461273193359375 0.220932006835938 -0.0316162109375
0.145675659179688 -0.046844482421875 0.575927734375 -0.1229248046875
0.0389976501464844 -0.0666923522949219 0.721923828125 -0.15216064453125
-0.0371360778808594 0.0183029174804688 0.78936767578125 0.02203369140625
-0.0114707946777344 0.0682945251464844 0.7369384765625 0.20452880859375
0.030609130859375 0.0500602722167969 0.598876953125 0.23309326171875
0.0723114013671875 0.00891876220703125 0.312225341796875 0.137939453125
0.057647705078125 -0.00357437133789063 0.0124340057373047 -0.0240383148193359
0.0619926452636719 0.0098114013671875 -0.2996826171875 -0.175689697265625
0.0470085144042969 0.0357093811035156 -0.5665283203125 -0.22674560546875
0.00408172607421875 0.0459823608398438 -0.7369384765625 -0.0379028320312501
-0.0322856903076172 0.00916862487792969 -0.728271484375 0.1849365234375
0.0144081115722656 -0.0648765563964844 -0.73223876953125 0.22491455078125
0.115798950195313 -0.064239501953125 -0.50994873046875 0.19073486328125
0.13623046875 0.0174407958984375 -0.149627685546875 0.0283050537109375
0.150848388671875 0.031829833984375 0.2437744140625 -0.03521728515625
0.133834838867188 -0.050537109375 0.5784912109375 -0.13140869140625
0.0310935974121094 -0.0586128234863281 0.72967529296875 -0.1646728515625
-0.0318813323974609 0.0246219635009766 0.81268310546875 -0.01239013671875
-0.00539398193359376 0.0686531066894531 0.74072265625 0.16082763671875
0.0303459167480469 0.0442390441894531 0.5794677734375 0.199951171875
0.0648422241210937 0.00307464599609375 0.287445068359375 0.121795654296875
0.0510177612304688 -0.0058135986328125 -0.0153388977050781 -0.0294628143310547
0.0566787719726563 0.0114974975585938 -0.325408935546875 -0.189300537109375
0.0410652160644531 0.0357856750488281 -0.57843017578125 -0.25958251953125
-0.00326156616210938 0.04766845703125 -0.7406005859375 -0.0764160156250001
-0.0341300964355469 0.000749588012695319 -0.7193603515625 0.15838623046875
0.0279960632324219 -0.06781005859375 -0.72308349609375 0.2113037109375
0.130577087402344 -0.0566558837890625 -0.503875732421875 0.17999267578125
0.1380615234375 0.031463623046875 -0.125762939453125 0.0346221923828125
0.127685546875 0.0157470703125 0.264251708984375 -0.039947509765625
0.108665466308594 -0.04583740234375 0.57916259765625 -0.14996337890625
0.0279197692871094 -0.0432243347167969 0.74163818359375 -0.18743896484375
-0.0208148956298828 0.0285892486572266 0.8177490234375 -0.0562744140625
-0.00127029418945312 0.0572280883789063 0.7362060546875 0.11529541015625
0.0221538543701172 0.0307884216308594 0.56268310546875 0.1658935546875
0.0496902465820313 -0.00616073608398438 0.26043701171875 0.113525390625
0.0380287170410156 -0.0133781433105469 -0.0401229858398438 -0.0298042297363281
0.0430259704589844 0.00439834594726563 -0.34234619140625 -0.206878662109375
0.0272293090820313 0.0252552032470703 -0.58404541015625 -0.297607421875
-0.0130138397216797 0.0347900390625 -0.73681640625 -0.12603759765625
-0.0287494659423828 -0.00849342346191406 -0.71197509765625 0.12506103515625
0.0339508056640625 -0.0576896667480469 -0.71759033203125 0.19708251953125
0.125900268554688 -0.036895751953125 -0.502532958984375 0.16668701171875
0.121017456054688 0.0384140014648438 -0.10430908203125 0.0459213256835938
-0.0589370727539063 -0.004913330078125 0.172286987304688 -0.0215301513671875
-0.0411109924316406 0.02972412109375 0.58551025390625 -0.14111328125
0.00182914733886719 0.0336456298828125 0.7027587890625 -0.224609375
0.0180282592773438 0.0115242004394531 0.745849609375 -0.03997802734375
0.00164413452148438 -0.0217094421386719 0.71600341796875 0.2021484375
-0.0245361328125 -0.0600013732910156 0.63671875 0.24737548828125
-0.0126495361328125 -0.0542945861816406 0.38018798828125 0.163055419921875
-0.0172462463378906 -0.0462532043457031 0.0726547241210938 0.00299072265625
-0.023406982421875 -0.0495758056640625 -0.239974975585938 -0.171112060546875
-0.0247383117675781 -0.0613365173339844 -0.521514892578125 -0.2340087890625
-0.0161705017089844 -0.054962158203125 -0.73486328125 -0.0612792968750001
0.00415229797363282 -0.0276069641113281 -0.7652587890625 0.14105224609375
0.00190544128417969 0.0250816345214844 -0.748046875 0.17626953125
-0.0368461608886719 0.0232734680175781 -0.5213623046875 0.187408447265625
-0.0732498168945313 0.0070037841796875 -0.189910888671875 0.041748046875
-0.00545310974121094 0.0134773254394531 0.165283203125 -0.0239105224609375
0.0100564956665039 0.0127420425415039 0.5892333984375 -0.130859375
0.0125408172607422 0.00528526306152344 0.7017822265625 -0.209716796875
0.00108575820922852 0.00838661193847656 0.7359619140625 -0.010986328125
-0.00272154808044434 0.000545978546142578 0.7159423828125 0.23272705078125
-0.0112953186035156 -0.0337448120117188 0.6385498046875 0.27520751953125
0.013031005859375 -0.0381507873535156 0.38848876953125 0.1688232421875
0.000265121459960934 -0.0336971282958984 0.079803466796875 -0.000740051269531252
-0.000534057617187503 -0.0326633453369141 -0.232162475585938 -0.165863037109375
-0.00743484497070312 -0.0384292602539063 -0.517852783203125 -0.21746826171875
-0.0106391906738281 -0.0289363861083984 -0.7271728515625 -0.0302734375000001
-0.00300121307373047 -0.0171613693237305 -0.75921630859375 0.17022705078125
0.00115203857421875 0.00567913055419922 -0.7515869140625 0.1990966796875
-0.0056157112121582 0.00101137161254883 -0.523162841796875 0.200103759765625
-0.0277996063232422 0.00407600402832031 -0.203887939453125 0.039886474609375
0.0511970520019531 0.0377006530761719 0.168807983398438 -0.026611328125
0.0652618408203125 -0.00049591064453125 0.5943603515625 -0.12286376953125
0.0269222259521484 -0.0252132415771484 0.70751953125 -0.19256591796875
-0.0155153274536133 0.00413799285888672 0.7379150390625 0.01409912109375
-0.00963211059570312 0.0237693786621094 0.714599609375 0.25189208984375
0.0022575855255127 -0.00178670883178711 0.636474609375 0.2845458984375
0.0376548767089844 -0.0206985473632813 0.38348388671875 0.172576904296875
0.0244369506835937 -0.0240840911865234 0.0787277221679688 -0.005401611328125
0.0235328674316406 -0.0216426849365234 -0.236862182617188 -0.164627075195313
0.0141086578369141 -0.01336669921875 -0.522216796875 -0.206085205078125
-0.0023341178894043 -0.00268459320068359 -0.7257080078125 -0.0159301757812499
-0.0100440979003906 -0.00259304046630859 -0.748779296875 0.19317626953125
-0.000185012817382813 -0.014617919921875 -0.7523193359375 0.21533203125
0.0266361236572266 -0.0231838226318359 -0.52386474609375 0.21063232421875
0.0230636596679688 0.000972747802734375 -0.206527709960938 0.035400390625
0.102317810058594 0.050384521484375 0.1829833984375 -0.0257568359375
0.1131591796875 -0.017852783203125 0.59014892578125 -0.117431640625
0.0386428833007813 -0.0487060546875 0.70538330078125 -0.17706298828125
-0.0276832580566406 0.00351524353027343 0.74920654296875 0.031005859375
-0.0122947692871094 0.0441818237304687 0.72039794921875 0.25445556640625
0.0140895843505859 0.0269756317138672 0.62725830078125 0.2825927734375
0.0577964782714844 -0.00378036499023437 0.367645263671875 0.16461181640625
0.0416107177734375 -0.0131645202636719 0.0638656616210938 -0.0079498291015625
0.0436592102050781 -0.00787353515625 -0.252334594726562 -0.164047241210938
0.0341033935546875 0.00559425354003906 -0.53271484375 -0.205078125
0.0073699951171875 0.0219383239746094 -0.7308349609375 -0.00762939453124999
-0.0177326202392578 0.0069122314453125 -0.74346923828125 0.2021484375
-0.000787734985351561 -0.0306644439697266 -0.748291015625 0.22991943359375
0.0589752197265625 -0.0459175109863281 -0.52264404296875 0.20880126953125
0.0704345703125 -2.288818359375E-05 -0.19696044921875 0.029083251953125
0.141006469726562 0.0548858642578125 0.201385498046875 -0.0299224853515625
0.142242431640625 -0.03228759765625 0.5821533203125 -0.12139892578125
0.0436058044433594 -0.0645408630371094 0.712158203125 -0.15924072265625
-0.0349369049072266 0.00877189636230468 0.7703857421875 0.03314208984375
-0.0138092041015625 0.0611343383789063 0.72906494140625 0.23712158203125
0.0255165100097656 0.0447578430175781 0.61358642578125 0.26171875
0.0704269409179688 0.0068359375 0.3414306640625 0.153045654296875
0.0530319213867188 -0.00677108764648438 0.0411758422851563 -0.0160026550292969
0.0570144653320312 0.004669189453125 -0.2760009765625 -0.167617797851563
0.0446968078613281 0.0230560302734375 -0.545989990234375 -0.21014404296875
0.0077667236328125 0.0386734008789063 -0.73248291015625 -0.0155029296874998
-0.0245990753173828 0.0127849578857422 -0.73822021484375 0.20001220703125
0.004791259765625 -0.04998779296875 -0.73956298828125 0.2254638671875
0.0902252197265625 -0.06207275390625 -0.517242431640625 0.2000732421875
0.113014221191406 0.00579833984375 -0.1768798828125 0.0275726318359375
0.156936645507812 0.0456390380859375 0.2237548828125 -0.03106689453125
0.147064208984375 -0.045135498046875 0.580810546875 -0.12591552734375
0.0388450622558594 -0.0676956176757813 0.720947265625 -0.15521240234375
-0.0357284545898438 0.019500732421875 0.79034423828125 0.0211181640625
-0.0112266540527344 0.0683479309082031 0.73681640625 0.20391845703125
0.0314865112304687 0.0522232055664063 0.59796142578125 0.23162841796875
0.0713348388671875 0.01068115234375 0.312530517578125 0.13665771484375
0.0559120178222656 -0.002838134765625 0.0129108428955078 -0.0237407684326172
0.0617141723632812 0.0102691650390625 -0.298828125 -0.17755126953125
0.0466766357421875 0.032623291015625 -0.5616455078125 -0.227813720703125
0.00653839111328125 0.0470390319824219 -0.7373046875 -0.0375976562499999
-0.0338516235351563 0.00744438171386718 -0.728271484375 0.18646240234375
0.0137443542480469 -0.0650672912597656 -0.7293701171875 0.22406005859375
0.116905212402344 -0.0672225952148438 -0.50689697265625 0.192138671875
0.136329650878906 0.019287109375 -0.150833129882813 0.0294647216796875
0.15130615234375 0.029876708984375 0.243667602539063 -0.0356903076171875
0.134323120117188 -0.0526962280273438 0.57635498046875 -0.1341552734375
0.0331497192382813 -0.05841064453125 0.73345947265625 -0.16485595703125
-0.0306529998779297 0.0283737182617187 0.81158447265625 -0.0111083984375
-0.00441360473632812 0.0683364868164063 0.7388916015625 0.15966796875
0.0327377319335938 0.0464935302734375 0.5791015625 0.201904296875
0.0644569396972656 0.00391006469726562 0.283966064453125 0.124847412109375
0.0521011352539063 -0.00749588012695313 -0.0148334503173828 -0.0274925231933594
0.0577583312988281 0.010772705078125 -0.3240966796875 -0.19091796875
0.039947509765625 0.0348472595214844 -0.57763671875 -0.25738525390625
-0.003692626953125 0.0471343994140625 -0.73822021484375 -0.07763671875
-0.0342559814453125 0.000936508178710937 -0.7208251953125 0.15887451171875
0.0255393981933594 -0.0688323974609375 -0.723876953125 0.2125244140625
0.131088256835938 -0.0547561645507813 -0.504425048828125 0.181976318359375
0.139732360839844 0.0327224731445313 -0.122894287109375 0.0363388061523437
0.128517150878906 0.0159683227539063 0.264129638671875 -0.0406341552734375
0.105384826660156 -0.045379638671875 0.5816650390625 -0.14947509765625
0.0276947021484375 -0.0446929931640625 0.7425537109375 -0.18890380859375
-0.0194435119628906 0.0286140441894531 0.82049560546875 -0.055908203125
-0.00144577026367188 0.0576744079589844 0.73687744140625 0.1138916015625
0.0217685699462891 0.030487060546875 0.562225341796875 0.1666259765625
0.0501747131347656 -0.00661849975585938 0.262435913085937 0.112533569335937
0.0389366149902344 -0.0164718627929688 -0.0384521484375 -0.0309028625488281
0.0450859069824219 0.00345993041992187 -0.34130859375 -0.20697021484375
0.0283432006835938 0.0275897979736328 -0.585693359375 -0.29840087890625
-0.0106468200683594 0.0358352661132813 -0.7364501953125 -0.126220703125
-0.0298328399658203 -0.00538444519042968 -0.71099853515625 0.12548828125
0.0355186462402344 -0.0595855712890625 -0.71734619140625 0.197021484375
0.124900817871094 -0.0380477905273438 -0.503631591796875 0.16900634765625
0.121170043945313 0.0395355224609375 -0.102462768554688 0.0468063354492187
-0.058837890625 -0.00471496582031251 0.171920776367188 -0.0230560302734375
-0.0417709350585938 0.0273780822753906 0.58721923828125 -0.14312744140625
0.00128555297851562 0.0323200225830078 0.70489501953125 -0.22442626953125
0.0187053680419922 0.0106296539306641 0.745361328125 -0.040771484375
0.00281333923339844 -0.0206794738769531 0.71795654296875 0.2032470703125
-0.025726318359375 -0.0621376037597656 0.638427734375 0.245361328125
-0.0164566040039062 -0.0541877746582031 0.380950927734375 0.16070556640625
-0.0224571228027344 -0.046722412109375 0.0730819702148438 0.00177001953125
-0.0217933654785156 -0.0518951416015625 -0.237060546875 -0.170166015625
-0.0262184143066406 -0.0626335144042969 -0.522308349609375 -0.23675537109375
-0.0162124633789062 -0.0534210205078125 -0.73565673828125 -0.0587158203124999
0.00443649291992187 -0.0291023254394531 -0.765625 0.1414794921875
0.00130462646484375 0.020172119140625 -0.7508544921875 0.177734375
-0.0394439697265625 0.0259132385253906 -0.52099609375 0.18634033203125
-0.0774383544921875 0.00824737548828126 -0.190750122070312 0.0400238037109375
-0.00569534301757812 0.0163431167602539 0.167724609375 -0.0225067138671875
0.00692939758300781 0.0120010375976562 0.59527587890625 -0.1312255859375
0.0123920440673828 0.00526046752929687 0.7039794921875 -0.21173095703125
0.00127029418945312 0.0078740119934082 0.73834228515625 -0.0126953125
-0.00304627418518066 -0.000979661941528321 0.71612548828125 0.23583984375
-0.00886344909667969 -0.0328750610351563 0.64288330078125 0.2733154296875
0.0109138488769531 -0.0396347045898438 0.390106201171875 0.1695556640625
-0.000545501708984376 -0.03594970703125 0.081939697265625 -0.0010223388671875
-0.00054168701171875 -0.0355682373046875 -0.232818603515625 -0.16741943359375
-0.0083770751953125 -0.0394248962402344 -0.518096923828125 -0.218536376953125
-0.0103130340576172 -0.0288143157958984 -0.732177734375 -0.0336914062499999
-0.00214862823486328 -0.0173807144165039 -0.75909423828125 0.169189453125
0.00202798843383789 0.00381016731262207 -0.75238037109375 0.198974609375
-0.00611972808837891 0.00121927261352539 -0.52410888671875 0.201934814453125
-0.0290298461914063 0.00590896606445313 -0.2044677734375 0.03912353515625
0.0522880554199219 0.0368537902832031 0.169296264648437 -0.0228729248046875
0.0627822875976563 -0.0014190673828125 0.59466552734375 -0.12335205078125
0.0273113250732422 -0.0272102355957031 0.70703125 -0.1944580078125
-0.014775276184082 0.00641536712646484 0.739990234375 0.0098876953125
-0.00883674621582031 0.0209751129150391 0.7166748046875 0.25244140625
0.0034174919128418 -0.000573873519897461 0.63983154296875 0.28753662109375
0.0360755920410156 -0.0180587768554688 0.38287353515625 0.169769287109375
0.0229301452636719 -0.0270252227783203 0.078765869140625 -0.00478363037109375
0.0232906341552734 -0.0199813842773438 -0.23651123046875 -0.163864135742188
0.0139875411987305 -0.0153837203979492 -0.520599365234375 -0.207611083984375
-0.00147008895874023 -0.000977754592895508 -0.72674560546875 -0.013916015625
-0.0104093551635742 -0.00391578674316406 -0.75323486328125 0.1932373046875
-0.00259876251220703 -0.0146102905273437 -0.7523193359375 0.21875
0.0249652862548828 -0.0256423950195313 -0.5264892578125 0.206512451171875
0.0237178802490234 -0.0020294189453125 -0.203521728515625 0.0341644287109375
0.103111267089844 0.0526046752929688 0.183349609375 -0.0255126953125
0.111724853515625 -0.0183258056640625 0.59271240234375 -0.11834716796875
0.0386390686035156 -0.0516700744628906 0.70782470703125 -0.1748046875
-0.0256748199462891 0.00579261779785156 0.75201416015625 0.02789306640625
-0.0154533386230469 0.0435218811035156 0.72283935546875 0.2529296875
0.0149116516113281 0.0288181304931641 0.63043212890625 0.27886962890625
0.0570831298828125 -0.00455856323242188 0.368621826171875 0.16400146484375
0.0413551330566406 -0.0124015808105469 0.0655632019042969 -0.0116119384765625
0.0448112487792969 -0.00799179077148438 -0.251434326171875 -0.1634521484375
0.0314998626708984 0.00507164001464844 -0.534637451171875 -0.20245361328125
0.00717926025390625 0.020477294921875 -0.73028564453125 -0.00823974609374984
-0.0178089141845703 0.00752830505371094 -0.74749755859375 0.203857421875
0.000312805175781252 -0.0338096618652344 -0.7496337890625 0.2298583984375
0.0584678649902344 -0.0474052429199219 -0.52093505859375 0.20977783203125
0.0733108520507813 0.00063323974609375 -0.1978759765625 0.02899169921875
0.140609741210938 0.0540771484375 0.199996948242187 -0.0275421142578125
0.14202880859375 -0.033843994140625 0.58526611328125 -0.12139892578125
0.0425224304199219 -0.0647010803222656 0.7132568359375 -0.16107177734375
-0.0347023010253906 0.00877761840820313 0.77008056640625 0.035400390625
-0.0140190124511719 0.0618515014648438 0.73187255859375 0.237548828125
0.0245361328125 0.0455741882324219 0.616455078125 0.26263427734375
0.0689239501953125 0.0070953369140625 0.343475341796875 0.151519775390625
0.0517807006835937 -0.00580596923828125 0.0419044494628906 -0.0151023864746094
0.055938720703125 0.00386810302734375 -0.276199340820312 -0.1678466796875
0.0466346740722656 0.0264739990234375 -0.549774169921875 -0.210601806640625
0.00959014892578125 0.0402679443359375 -0.73724365234375 -0.0167236328124999
-0.0255222320556641 0.0101051330566406 -0.7386474609375 0.20013427734375
0.00353622436523438 -0.0507659912109375 -0.74072265625 0.231201171875
0.0891952514648438 -0.0636444091796875 -0.5179443359375 0.203857421875
0.114097595214844 0.00621795654296875 -0.176467895507813 0.02508544921875
0.156051635742188 0.045623779296875 0.222900390625 -0.0318603515625
0.147048950195312 -0.0476226806640625 0.5804443359375 -0.1268310546875
0.0401458740234375 -0.06842041015625 0.7213134765625 -0.15460205078125
-0.0376434326171875 0.0177803039550781 0.7916259765625 0.019775390625
-0.0105934143066406 0.0693473815917969 0.73687744140625 0.20318603515625
0.0303077697753906 0.0514030456542969 0.59930419921875 0.2344970703125
0.0720901489257813 0.0101776123046875 0.31451416015625 0.13714599609375
0.0566482543945313 -0.00339889526367188 0.0122394561767578 -0.0238628387451172
0.0595245361328125 0.00952529907226563 -0.299468994140625 -0.178863525390625
0.0466766357421875 0.0345687866210937 -0.56439208984375 -0.22711181640625
0.00415802001953125 0.0485687255859375 -0.7393798828125 -0.0368041992187499
-0.0316543579101562 0.00985908508300781 -0.73211669921875 0.18408203125
0.013214111328125 -0.0667266845703125 -0.735595703125 0.22845458984375
0.116432189941406 -0.0663986206054688 -0.511688232421875 0.193206787109375
0.135009765625 0.0177154541015625 -0.14996337890625 0.0289154052734375
0.15313720703125 0.030364990234375 0.244918823242188 -0.036041259765625
0.134613037109375 -0.0545425415039063 0.5797119140625 -0.13323974609375
0.0308952331542969 -0.0584678649902344 0.733154296875 -0.165283203125
-0.0307102203369141 0.0256443023681641 0.81109619140625 -0.01507568359375
-0.00481414794921875 0.068756103515625 0.74176025390625 0.1595458984375
0.0303421020507812 0.0442733764648437 0.580810546875 0.199951171875
0.0663719177246094 0.002593994140625 0.288482666015625 0.122589111328125
0.0516128540039062 -0.00719070434570312 -0.0165691375732422 -0.0280551910400391
0.05548095703125 0.0106658935546875 -0.324127197265625 -0.189117431640625
0.0399551391601562 0.0328292846679688 -0.5797119140625 -0.25897216796875
-0.00273513793945313 0.0457878112792969 -0.74298095703125 -0.0789794921874999
-0.0331821441650391 0.00121879577636718 -0.7213134765625 0.161376953125
0.0263328552246094 -0.0694160461425781 -0.7249755859375 0.21337890625
0.131881713867188 -0.053558349609375 -0.50457763671875 0.181060791015625
0.140556335449219 0.0327911376953125 -0.124107360839844 0.032684326171875
0.129013061523438 0.0171279907226563 0.26470947265625 -0.0406494140625
0.107315063476563 -0.0472793579101563 0.582763671875 -0.1513671875
0.0269317626953125 -0.0456008911132812 0.74249267578125 -0.19256591796875
-0.0200233459472656 0.0275478363037109 0.821533203125 -0.05804443359375
-0.00114059448242188 0.0574531555175781 0.73773193359375 0.11346435546875
0.0211238861083984 0.02978515625 0.56585693359375 0.16644287109375
0.0474166870117187 -0.00716018676757813 0.262786865234375 0.113754272460938
0.0374412536621094 -0.0130882263183594 -0.0402374267578125 -0.0318870544433594
0.0439720153808594 0.00234222412109375 -0.34136962890625 -0.20758056640625
0.0266780853271484 0.0270595550537109 -0.58709716796875 -0.29931640625
-0.0103263854980469 0.0362052917480469 -0.73907470703125 -0.1268310546875
-0.0301513671875 -0.00773429870605469 -0.71282958984375 0.1290283203125
0.0345115661621094 -0.0597000122070313 -0.72021484375 0.19952392578125
0.125083923339844 -0.0390167236328125 -0.50640869140625 0.169708251953125
0.122489929199219 0.0414505004882813 -0.104766845703125 0.0480422973632812
-0.0595283508300781 -0.00397872924804687 0.173171997070313 -0.0220794677734375
-0.0435829162597656 0.0282745361328125 0.58929443359375 -0.141357421875
0.000652313232421878 0.0326938629150391 0.7064208984375 -0.22821044921875
0.0172042846679688 0.0106973648071289 0.74932861328125 -0.04302978515625
0.00248527526855469 -0.0202064514160156 0.723388671875 0.203857421875
-0.0275611877441406 -0.0613670349121094 0.6390380859375 0.244873046875
-0.0147895812988281 -0.0564765930175781 0.384521484375 0.16180419921875
-0.021331787109375 -0.0472946166992187 0.0736846923828125 0.00136566162109375
-0.0235595703125 -0.0501136779785156 -0.2371826171875 -0.171188354492187
-0.0264053344726563 -0.0622062683105469 -0.524200439453125 -0.236785888671875
-0.0159339904785156 -0.0548477172851563 -0.738037109375 -0.0599975585937499
0.00588417053222656 -0.0294303894042969 -0.76910400390625 0.144775390625
0.00267219543457031 0.0217571258544922 -0.75384521484375 0.17877197265625
-0.0399169921875 0.0252418518066406 -0.5218505859375 0.18841552734375
-0.075103759765625 0.00792694091796876 -0.193710327148438 0.0398712158203125
-0.00712871551513672 0.0154895782470703 0.16864013671875 -0.0237274169921875
0.00660324096679688 0.0112447738647461 0.5968017578125 -0.13299560546875
0.0135345458984375 0.0031890869140625 0.70550537109375 -0.21661376953125
0.00275230407714844 0.00953483581542969 0.73773193359375 -0.01275634765625
-0.00170004367828369 -0.000181198120117187 0.7198486328125 0.236328125
-0.0113544464111328 -0.0318050384521484 0.645263671875 0.27239990234375
0.0107650756835938 -0.0398025512695312 0.39068603515625 0.170745849609375
0.00146484375 -0.036590576171875 0.0826263427734375 -0.000221252441406252
-0.002044677734375 -0.0360488891601562 -0.233413696289062 -0.1666259765625
-0.00717544555664063 -0.0390205383300781 -0.5201416015625 -0.218536376953125
-0.00982666015625 -0.0292720794677734 -0.73126220703125 -0.0332031250000001
-0.00158119201660156 -0.0190162658691406 -0.76239013671875 0.1737060546875
0.00104594230651855 0.0040440559387207 -0.75579833984375 0.20086669921875
-0.0076141357421875 0.000267982482910158 -0.52752685546875 0.203369140625
-0.0306224822998047 0.0060882568359375 -0.205581665039063 0.0376129150390625
0.0526084899902344 0.0383224487304687 0.172119140625 -0.0252685546875
0.0655479431152344 -0.00355911254882813 0.59814453125 -0.12457275390625
0.0267982482910156 -0.0263881683349609 0.7098388671875 -0.20037841796875
-0.014735221862793 0.00523948669433594 0.743408203125 0.01202392578125
-0.00916671752929688 0.0216732025146484 0.7191162109375 0.251220703125
0.00279617309570313 -0.000535011291503906 0.64105224609375 0.28424072265625
0.0356559753417969 -0.0224494934082031 0.3861083984375 0.16943359375
0.0221958160400391 -0.0241680145263672 0.0793838500976563 -0.00565338134765625
0.0215530395507813 -0.0214977264404297 -0.238632202148438 -0.165084838867187
0.014582633972168 -0.0165576934814453 -0.5252685546875 -0.2059326171875
-0.00190210342407227 -0.00103962421417236 -0.73138427734375 -0.01507568359375
-0.0112752914428711 -0.00289630889892578 -0.7564697265625 0.194580078125
-0.000222206115722656 -0.0138711929321289 -0.75518798828125 0.22003173828125
0.0226612091064453 -0.0248184204101563 -0.52703857421875 0.212890625
0.0250892639160156 0.000726699829101563 -0.207672119140625 0.0326385498046875
0.105056762695313 0.05133056640625 0.184341430664063 -0.0270538330078125
0.113616943359375 -0.0194549560546875 0.59527587890625 -0.12298583984375
0.0376663208007813 -0.0511856079101563 0.7108154296875 -0.177734375
-0.0268497467041016 0.00283241271972656 0.75164794921875 0.02978515625
-0.0144004821777344 0.0430793762207031 0.7261962890625 0.251220703125
0.0144538879394531 0.0263004302978516 0.6326904296875 0.2806396484375
0.0559883117675781 -0.00521469116210938 0.3687744140625 0.16668701171875
0.0414695739746094 -0.0149040222167969 0.0681571960449219 -0.00905227661132813
0.0437431335449219 -0.00761795043945313 -0.254440307617187 -0.166458129882812
0.0329856872558594 0.0070953369140625 -0.535736083984375 -0.203338623046875
0.00456809997558594 0.0206317901611328 -0.7342529296875 -0.0068969726562501
-0.0180854797363281 0.00508308410644532 -0.748779296875 0.204345703125
-9.15527343749981E-05 -0.0344409942626953 -0.7498779296875 0.23162841796875
0.0582122802734375 -0.0486030578613281 -0.526824951171875 0.213165283203125
0.0735092163085938 0.0001678466796875 -0.1982421875 0.0293121337890625
0.141632080078125 0.0535430908203125 0.201461791992188 -0.0298309326171875
0.142349243164063 -0.0349273681640625 0.58892822265625 -0.1240234375
0.0431480407714844 -0.0678329467773438 0.71624755859375 -0.16510009765625
-0.0356674194335938 0.0096282958984375 0.77313232421875 0.0318603515625
-0.0150413513183594 0.061126708984375 0.73565673828125 0.2364501953125
0.0249099731445313 0.0456199645996094 0.61651611328125 0.2628173828125
0.0695724487304688 0.00612258911132813 0.346435546875 0.15411376953125
0.0526962280273438 -0.00777816772460938 0.0422134399414063 -0.0176467895507813
0.0569725036621094 0.00342941284179688 -0.274795532226562 -0.172042846679688
0.044891357421875 0.0228500366210938 -0.54840087890625 -0.210845947265625
0.0101661682128906 0.0397262573242188 -0.73846435546875 -0.0166625976562499
-0.0246982574462891 0.0137691497802734 -0.740478515625 0.20068359375
0.003997802734375 -0.0525436401367188 -0.74407958984375 0.2322998046875
0.09014892578125 -0.0631561279296875 -0.52325439453125 0.206298828125
0.113082885742188 0.00542449951171875 -0.179473876953125 0.0267333984375
0.159210205078125 0.0474700927734375 0.224472045898438 -0.0318603515625
0.148696899414063 -0.0489654541015625 0.58343505859375 -0.1279296875
0.0383682250976563 -0.0690689086914063 0.722412109375 -0.15814208984375
-0.0384712219238281 0.019134521484375 0.79510498046875 0.02001953125
-0.010589599609375 0.0707168579101563 0.7415771484375 0.20220947265625
0.031829833984375 0.0533523559570313 0.60174560546875 0.23394775390625
0.0717391967773438 0.0104141235351563 0.315582275390625 0.13751220703125
0.0564346313476563 -0.00360107421875 0.0140380859375 -0.02337646484375
0.06201171875 0.00931549072265625 -0.301055908203125 -0.177337646484375
0.0462265014648437 0.0348243713378906 -0.567138671875 -0.23052978515625
0.00295257568359375 0.0477638244628906 -0.74102783203125 -0.0386352539062499
-0.0320529937744141 0.00686836242675782 -0.7354736328125 0.1884765625
0.0134124755859375 -0.0654487609863281 -0.7353515625 0.2279052734375
0.117073059082031 -0.0654678344726563 -0.512725830078125 0.19482421875
0.138275146484375 0.0191421508789062 -0.15216064453125 0.0287322998046875
0.15386962890625 0.03350830078125 0.247055053710937 -0.0349884033203125
0.133941650390625 -0.0542678833007813 0.5848388671875 -0.1380615234375
0.0319557189941406 -0.0601081848144531 0.7362060546875 -0.1693115234375
-0.0330867767333984 0.0260505676269531 0.81298828125 -0.01373291015625
-0.00445556640625 0.07037353515625 0.742431640625 0.15728759765625
0.0311203002929688 0.0455131530761719 0.58251953125 0.1981201171875
0.0656509399414063 0.00510406494140625 0.287109375 0.124908447265625
0.0497512817382812 -0.0103530883789063 -0.0149669647216797 -0.0284442901611328
0.05853271484375 0.009552001953125 -0.321807861328125 -0.19158935546875
0.0420646667480469 0.0347709655761719 -0.5799560546875 -0.26104736328125
-0.00160598754882812 0.0493850708007813 -0.7449951171875 -0.0781249999999998
-0.0358695983886719 -0.000583648681640625 -0.72442626953125 0.16204833984375
0.0240249633789063 -0.06903076171875 -0.72625732421875 0.214599609375
0.131706237792969 -0.0545120239257813 -0.510986328125 0.182037353515625
0.1414794921875 0.0323333740234375 -0.126609802246094 0.03436279296875
0.129325866699219 0.0162200927734375 0.267532348632813 -0.040435791015625
0.109237670898438 -0.0485305786132813 0.584716796875 -0.153564453125
0.0275917053222656 -0.04541015625 0.7452392578125 -0.191650390625
-0.0226974487304687 0.0278072357177734 0.82208251953125 -0.05767822265625
-0.001800537109375 0.0586624145507813 0.7408447265625 0.11077880859375
0.0219402313232422 0.0287761688232422 0.56494140625 0.165771484375
0.0488204956054688 -0.00973892211914063 0.262969970703125 0.114227294921875
0.0361709594726563 -0.0160331726074219 -0.03857421875 -0.0298919677734375
0.0457839965820313 0.00262832641601563 -0.34100341796875 -0.2093505859375
0.0273056030273438 0.0259914398193359 -0.5919189453125 -0.30133056640625
-0.0102996826171875 0.0360183715820313 -0.74029541015625 -0.1282958984375
-0.0312576293945313 -0.00604057312011718 -0.716552734375 0.12371826171875
0.0345458984375 -0.06201171875 -0.7232666015625 0.20166015625
0.126571655273438 -0.0380783081054687 -0.5084228515625 0.170745849609375
0.123603820800781 0.0408096313476563 -0.104904174804687 0.0472869873046875
-0.0587806701660156 -0.00349426269531251 0.17608642578125 -0.0231781005859375
-0.0448150634765625 0.0279769897460937 0.59393310546875 -0.14764404296875
0.00259017944335938 0.0312576293945313 0.70611572265625 -0.2332763671875
0.0171842575073242 0.00905895233154297 0.75054931640625 -0.04132080078125
0.0028839111328125 -0.019866943359375 0.72698974609375 0.2021484375
-0.0240020751953125 -0.0606803894042969 0.64385986328125 0.2469482421875
-0.0161361694335938 -0.0548629760742188 0.38616943359375 0.159698486328125
-0.0220985412597656 -0.0479927062988281 0.0758743286132813 0.00283050537109375
-0.0247344970703125 -0.0533409118652344 -0.239822387695312 -0.173187255859375
-0.0266990661621094 -0.0637245178222656 -0.526397705078125 -0.235260009765625
-0.017974853515625 -0.0552787780761719 -0.74267578125 -0.05908203125
0.004241943359375 -0.029876708984375 -0.7716064453125 0.14501953125
0.000459671020507811 0.0222263336181641 -0.75482177734375 0.18157958984375
-0.0395584106445313 0.0269508361816406 -0.5233154296875 0.19281005859375
-0.0762786865234375 0.00864410400390625 -0.194976806640625 0.04339599609375
-0.00567245483398437 0.0138530731201172 0.168594360351563 -0.0230560302734375
0.00817966461181641 0.0116977691650391 0.6019287109375 -0.13592529296875
0.0116958618164062 0.00403213500976562 0.70892333984375 -0.2183837890625
0.00165653228759766 0.00690460205078125 0.742431640625 -0.01513671875
-0.0013657808303833 -0.000345587730407715 0.7205810546875 0.230224609375
-0.0122928619384766 -0.0340805053710937 0.64678955078125 0.2718505859375
0.00976181030273437 -0.0388412475585938 0.39312744140625 0.168609619140625
-0.000892639160156247 -0.0360984802246094 0.0830841064453125 -0.0017547607421875
-0.00124740600585938 -0.0371475219726563 -0.23382568359375 -0.168701171875
-0.0100631713867188 -0.0394973754882813 -0.5245361328125 -0.219879150390625
-0.00969696044921875 -0.0290946960449219 -0.736083984375 -0.0312500000000001
-0.00416374206542969 -0.0184459686279297 -0.76483154296875 0.17364501953125
0.00266647338867188 0.00442790985107422 -0.7584228515625 0.207275390625
-0.00767612457275391 0.00205087661743164 -0.52947998046875 0.20574951171875
-0.0285663604736328 0.00715065002441407 -0.20849609375 0.0406341552734375
0.0530967712402344 0.0378227233886719 0.17401123046875 -0.025634765625
0.0643463134765625 -0.00445175170898438 0.604248046875 -0.12628173828125
0.0255050659179688 -0.0277042388916016 0.7105712890625 -0.20220947265625
-0.0165519714355469 0.00445938110351563 0.7452392578125 0.01019287109375
-0.00897407531738281 0.0235157012939453 0.72198486328125 0.24871826171875
0.00342297554016113 -0.00247478485107422 0.64434814453125 0.2860107421875
0.0334091186523438 -0.0201339721679688 0.386962890625 0.171142578125
0.0206756591796875 -0.0255031585693359 0.0816116333007813 -0.0051727294921875
0.0234012603759766 -0.0228118896484375 -0.23931884765625 -0.1661376953125
0.0127077102661133 -0.0158042907714844 -0.525634765625 -0.208282470703125
-0.00110459327697754 -0.00264263153076172 -0.73358154296875 -0.01141357421875
-0.0116415023803711 -0.00478458404541016 -0.75994873046875 0.19647216796875
-0.000870704650878906 -0.0147151947021484 -0.75762939453125 0.22698974609375
0.0261440277099609 -0.0260562896728516 -0.528228759765625 0.2138671875
0.0244960784912109 0.00114059448242188 -0.209304809570313 0.034637451171875
0.106941223144531 0.0524978637695313 0.184463500976563 -0.027862548828125
0.114509582519531 -0.01971435546875 0.5989990234375 -0.12469482421875
0.0384712219238281 -0.05322265625 0.713623046875 -0.18292236328125
-0.0280437469482422 0.00672340393066406 0.75872802734375 0.02996826171875
-0.0124397277832031 0.0453987121582031 0.72955322265625 0.25079345703125
0.0150966644287109 0.0273952484130859 0.6356201171875 0.28033447265625
0.0571365356445313 -0.00544357299804688 0.369537353515625 0.166229248046875
0.0416183471679688 -0.0146636962890625 0.0662727355957031 -0.00971603393554688
0.0446014404296875 -0.00889205932617187 -0.25360107421875 -0.166961669921875
0.0323352813720703 0.00620651245117188 -0.536346435546875 -0.2054443359375
0.0056610107421875 0.0218410491943359 -0.7369384765625 -0.00720214843749996
-0.0173301696777344 0.00722599029541016 -0.751708984375 0.205078125
-0.000932693481445314 -0.0336017608642578 -0.75555419921875 0.23284912109375
0.0584220886230469 -0.047760009765625 -0.528564453125 0.214569091796875
0.0759811401367188 0.0010833740234375 -0.199935913085938 0.0289459228515625
0.143630981445313 0.0536956787109375 0.204299926757812 -0.0309906005859375
0.14312744140625 -0.03717041015625 0.59344482421875 -0.1278076171875
0.0415382385253906 -0.0671615600585938 0.71844482421875 -0.16827392578125
-0.0374107360839844 0.00930786132812499 0.77557373046875 0.0330810546875
-0.0145034790039063 0.0595169067382813 0.7379150390625 0.23223876953125
0.0263862609863281 0.0463447570800781 0.62188720703125 0.26116943359375
0.0684089660644531 0.00620269775390625 0.34600830078125 0.1529541015625
0.0542068481445313 -0.00602340698242188 0.0425682067871094 -0.0175132751464844
0.0580482482910156 0.0030670166015625 -0.275497436523438 -0.16986083984375
0.0435981750488281 0.0240669250488281 -0.552459716796875 -0.210968017578125
0.00981521606445313 0.0381278991699219 -0.74224853515625 -0.0146484375
-0.0279788970947266 0.01220703125 -0.745849609375 0.20379638671875
0.00437545776367187 -0.0513877868652344 -0.748291015625 0.23675537109375
0.0898056030273437 -0.0642013549804688 -0.525115966796875 0.206298828125
0.115135192871094 0.00666046142578125 -0.180007934570313 0.0278472900390625
0.159622192382813 0.0455474853515625 0.224945068359375 -0.03131103515625
0.150863647460938 -0.0499725341796875 0.5875244140625 -0.12969970703125
0.0389862060546875 -0.0710983276367188 0.7271728515625 -0.160888671875
-0.0376510620117188 0.0200004577636719 0.79669189453125 0.01776123046875
-0.0089263916015625 0.069580078125 0.74285888671875 0.20050048828125
0.031280517578125 0.0517730712890625 0.60406494140625 0.23419189453125
0.0721282958984375 0.00743865966796875 0.314910888671875 0.13580322265625
0.0557670593261719 -0.00644683837890625 0.0138168334960938 -0.0242500305175781
0.0612411499023437 0.00817108154296875 -0.302398681640625 -0.178466796875
0.0476951599121094 0.0349235534667969 -0.57159423828125 -0.22967529296875
0.00484085083007812 0.048248291015625 -0.7459716796875 -0.037841796875
-0.0309085845947266 0.00858497619628906 -0.73394775390625 0.1903076171875
0.0136222839355469 -0.0668296813964844 -0.73651123046875 0.2310791015625
0.118156433105469 -0.067657470703125 -0.516693115234375 0.197052001953125
0.140167236328125 0.0203323364257813 -0.152923583984375 0.0279541015625
0.155181884765625 0.0306243896484375 0.25006103515625 -0.0364837646484375
0.136085510253906 -0.0567245483398438 0.58721923828125 -0.1417236328125
0.0289573669433594 -0.0639152526855469 0.739013671875 -0.1708984375
-0.032928466796875 0.0274791717529297 0.8162841796875 -0.015869140625
-0.004730224609375 0.0687789916992188 0.7484130859375 0.15570068359375
0.0306625366210938 0.04742431640625 0.5870361328125 0.19598388671875
0.0655326843261719 0.00350570678710938 0.28741455078125 0.1251220703125
0.0499038696289063 -0.00867080688476563 -0.0159549713134766 -0.0282974243164063
0.0575447082519531 0.00867462158203125 -0.32696533203125 -0.1929931640625
0.0403480529785156 0.0362739562988281 -0.5853271484375 -0.2618408203125
-0.0030059814453125 0.0468025207519531 -0.7489013671875 -0.0763549804687501
-0.0349636077880859 -0.000703811645507817 -0.72857666015625 0.1619873046875
0.0272064208984375 -0.0710983276367188 -0.73095703125 0.2183837890625
0.133613586425781 -0.0581512451171875 -0.512664794921875 0.18438720703125
0.143203735351563 0.0335693359375 -0.125625610351563 0.0374526977539062
0.130859375 0.0180130004882813 0.26861572265625 -0.04339599609375
0.107734680175781 -0.0506668090820312 0.5880126953125 -0.1563720703125
0.0242118835449219 -0.0484199523925781 0.7467041015625 -0.196044921875
-0.0213871002197266 0.0291423797607422 0.828125 -0.06353759765625
-0.00146865844726563 0.058807373046875 0.7431640625 0.1099853515625
0.0255641937255859 0.0312709808349609 0.5693359375 0.1656494140625
0.0468406677246094 -0.00870132446289063 0.26361083984375 0.115005493164063
0.0371208190917969 -0.0167007446289063 -0.0389556884765625 -0.030975341796875
0.0432891845703125 0.00236892700195313 -0.3447265625 -0.207183837890625
0.0283851623535156 0.02545166015625 -0.59295654296875 -0.298583984375
-0.0115852355957031 0.0361404418945312 -0.74658203125 -0.127197265625
-0.0304431915283203 -0.007232666015625 -0.71978759765625 0.126220703125
0.035308837890625 -0.0613250732421875 -0.724609375 0.20379638671875
0.126754760742188 -0.038787841796875 -0.5108642578125 0.173431396484375
0.125053405761719 0.0409317016601563 -0.105453491210937 0.0475234985351562
-0.0600547790527344 -0.00381469726562501 0.17694091796875 -0.02490234375
-0.0456886291503906 0.0276641845703125 0.59796142578125 -0.15020751953125
0.000541687011718747 0.0314922332763672 0.71209716796875 -0.23583984375
0.0191326141357422 0.0101108551025391 0.75469970703125 -0.04522705078125
0.00110626220703125 -0.0227775573730469 0.73150634765625 0.20135498046875
-0.0281906127929688 -0.0609130859375 0.6495361328125 0.24310302734375
-0.01849365234375 -0.0576820373535156 0.3873291015625 0.159698486328125
-0.0235710144042969 -0.0477638244628906 0.0765609741210938 0.000709533691406247
-0.0237693786621094 -0.0521774291992188 -0.24041748046875 -0.173934936523438
-0.0283927917480469 -0.0639724731445313 -0.52911376953125 -0.235260009765625
-0.0177192687988281 -0.0538406372070313 -0.74444580078125 -0.0579833984374999
0.003021240234375 -0.0300617218017578 -0.77545166015625 0.14801025390625
0.00138664245605469 0.0249195098876953 -0.76165771484375 0.186767578125
-0.0410575866699219 0.0253639221191406 -0.5264892578125 0.194793701171875
-0.0763626098632813 0.0111846923828125 -0.19696044921875 0.042510986328125
-0.00627517700195313 0.0163583755493164 0.170211791992188 -0.02685546875
0.00668621063232422 0.0116653442382813 0.604736328125 -0.13934326171875
0.0108785629272461 -0.000229835510253906 0.7125244140625 -0.22357177734375
0.000153541564941406 0.00936412811279297 0.7447509765625 -0.0159912109375
-0.00256252288818359 0.000579833984375 0.7271728515625 0.23187255859375
-0.0123329162597656 -0.0323085784912109 0.65069580078125 0.26947021484375
0.00665283203125 -0.0421295166015625 0.396484375 0.16790771484375
-0.00186538696289063 -0.0373115539550781 0.0841217041015625 -0.00199127197265625
-0.00206756591796875 -0.03802490234375 -0.235198974609375 -0.168258666992187
-0.00850296020507812 -0.0406570434570313 -0.5264892578125 -0.216522216796875
-0.0100345611572266 -0.0304412841796875 -0.7396240234375 -0.0287475585937498
-0.00465774536132813 -0.0193271636962891 -0.76922607421875 0.17755126953125
0.00253629684448242 0.00515890121459961 -0.7608642578125 0.21002197265625
-0.00829410552978516 0.00136613845825195 -0.531402587890625 0.208404541015625
-0.0285148620605469 0.00709342956542968 -0.209686279296875 0.0395355224609375
0.0540199279785156 0.0385360717773438 0.1727294921875 -0.028411865234375
0.0666694641113281 -0.00442886352539063 0.6068115234375 -0.13067626953125
0.0282955169677734 -0.0294284820556641 0.71246337890625 -0.20623779296875
-0.015528678894043 0.0047454833984375 0.7486572265625 0.00701904296875
-0.00885963439941406 0.0218639373779297 0.73004150390625 0.24871826171875
0.0034184455871582 0.000405550003051758 0.64752197265625 0.28424072265625
0.0325145721435547 -0.0210800170898438 0.38848876953125 0.170440673828125
0.0218696594238281 -0.025482177734375 0.0823135375976563 -0.006317138671875
0.0242137908935547 -0.0234947204589844 -0.239105224609375 -0.16876220703125
0.0135011672973633 -0.0137052536010742 -0.5301513671875 -0.20660400390625
-0.0010218620300293 -0.00333428382873535 -0.73822021484375 -0.00976562500000002
-0.0101995468139648 -0.00617313385009765 -0.76397705078125 0.19927978515625
-0.00119972229003906 -0.0156030654907227 -0.7608642578125 0.2276611328125
0.0255203247070313 -0.0248889923095703 -0.53253173828125 0.216583251953125
0.0247268676757813 0.00433540344238281 -0.211639404296875 0.0363006591796875
0.10675048828125 0.052337646484375 0.187911987304688 -0.0297088623046875
0.115386962890625 -0.0170974731445313 0.60260009765625 -0.1290283203125
0.0382003784179688 -0.0547561645507813 0.7174072265625 -0.1864013671875
-0.0292129516601563 0.00465583801269531 0.76043701171875 0.02374267578125
-0.0137367248535156 0.0443763732910156 0.73388671875 0.248046875
0.0150184631347656 0.0278835296630859 0.639892578125 0.27783203125
0.0543975830078125 -0.00587081909179688 0.373077392578125 0.162994384765625
0.0420646667480469 -0.0148849487304688 0.06695556640625 -0.0117835998535156
0.0427818298339844 -0.00934219360351563 -0.254135131835938 -0.166717529296875
0.0324974060058594 0.00589561462402344 -0.54144287109375 -0.2017822265625
0.00728797912597656 0.0207443237304688 -0.74169921875 -0.00457763671874986
-0.0180835723876953 0.00739288330078125 -0.75457763671875 0.21246337890625
-0.00307083129882812 -0.0350513458251953 -0.75885009765625 0.23876953125
0.057647705078125 -0.0480461120605469 -0.530914306640625 0.21728515625
0.0751495361328125 -0.0001373291015625 -0.201080322265625 0.0311279296875
0.145172119140625 0.0543670654296875 0.2044677734375 -0.0328521728515625
0.144577026367188 -0.0378570556640625 0.59710693359375 -0.1312255859375
0.0425071716308594 -0.069091796875 0.721435546875 -0.168212890625
-0.0390510559082031 0.0105018615722656 0.7786865234375 0.02789306640625
-0.0134124755859375 0.0611953735351563 0.74371337890625 0.231201171875
0.0265960693359375 0.04730224609375 0.62603759765625 0.2596435546875
0.0688514709472656 0.00494384765625 0.34735107421875 0.152374267578125
0.0519790649414062 -0.0092010498046875 0.0448417663574219 -0.017913818359375
0.0577583312988281 0.00129318237304688 -0.276748657226563 -0.169509887695313
0.0457038879394531 0.0237693786621094 -0.556182861328125 -0.209381103515625
0.0081787109375 0.0401992797851563 -0.74468994140625 -0.0128784179687498
-0.0274944305419922 0.0126876831054688 -0.74884033203125 0.20953369140625
0.00225830078125 -0.0524406433105469 -0.74896240234375 0.24249267578125
0.0908584594726563 -0.0652389526367188 -0.527679443359375 0.211578369140625
0.115432739257813 0.007659912109375 -0.180526733398438 0.0279998779296875
0.162078857421875 0.047027587890625 0.226242065429688 -0.03460693359375
0.150863647460938 -0.0516204833984375 0.5921630859375 -0.135986328125
0.0372695922851563 -0.0726547241210937 0.7296142578125 -0.1644287109375
-0.0386314392089844 0.0193519592285156 0.80157470703125 0.0169677734375
-0.00927734375 0.07196044921875 0.7498779296875 0.199462890625
0.0331954956054687 0.0531578063964844 0.60906982421875 0.23089599609375
0.074127197265625 0.00678253173828125 0.319122314453125 0.13897705078125
0.05511474609375 -0.00580978393554687 0.0146827697753906 -0.0256309509277344
0.0632553100585938 0.00661849975585937 -0.301788330078125 -0.181915283203125
0.0483932495117188 0.0326805114746094 -0.573486328125 -0.2281494140625
0.00423431396484375 0.0496902465820313 -0.7518310546875 -0.0350341796874999
-0.0344562530517578 0.00874519348144532 -0.74090576171875 0.19378662109375
0.0125579833984375 -0.0664405822753906 -0.74346923828125 0.2364501953125
0.117973327636719 -0.0662612915039063 -0.518707275390625 0.200897216796875
0.142608642578125 0.020172119140625 -0.154815673828125 0.0304107666015625
0.157546997070313 0.03033447265625 0.252227783203125 -0.0393829345703125
0.135871887207031 -0.0575485229492187 0.58978271484375 -0.14471435546875
0.0299263000488281 -0.0643959045410156 0.74114990234375 -0.1776123046875
-0.0340213775634766 0.0267658233642578 0.8218994140625 -0.0167236328125
-0.00357818603515625 0.0697708129882813 0.750244140625 0.153564453125
0.0317268371582031 0.0480117797851563 0.58837890625 0.1971435546875
0.0637931823730469 0.0022430419921875 0.28985595703125 0.123809814453125
0.0502395629882813 -0.00898361206054688 -0.0145263671875 -0.0280799865722656
0.0594100952148438 0.00780868530273438 -0.327484130859375 -0.193634033203125
0.0425987243652344 0.03570556640625 -0.58905029296875 -0.2611083984375
-0.00559234619140625 0.0491790771484375 -0.75238037109375 -0.07525634765625
-0.0367622375488281 0.000541687011718747 -0.731689453125 0.164306640625
0.025177001953125 -0.0707550048828125 -0.73333740234375 0.22418212890625
0.133026123046875 -0.0577239990234375 -0.515716552734375 0.188201904296875
0.145584106445313 0.0345611572265625 -0.128471374511719 0.0369644165039063
0.132392883300781 0.0178146362304688 0.27020263671875 -0.0433502197265625
0.10638427734375 -0.051666259765625 0.5911865234375 -0.15765380859375
0.0254898071289063 -0.0477523803710937 0.7498779296875 -0.2000732421875
-0.0208740234375 0.0300388336181641 0.8297119140625 -0.0635986328125
0.00141143798828125 0.0585365295410156 0.74664306640625 0.1053466796875
0.02410888671875 0.0323333740234375 0.5723876953125 0.16119384765625
0.0466766357421875 -0.00815582275390625 0.265701293945313 0.114425659179688
0.0359992980957031 -0.0167770385742188 -0.038360595703125 -0.0299606323242188
0.0447845458984375 0.00145721435546875 -0.34637451171875 -0.209259033203125
0.0279273986816406 0.0257434844970703 -0.59820556640625 -0.30230712890625
-0.010009765625 0.0373497009277344 -0.750244140625 -0.12646484375
-0.0318260192871094 -0.00849342346191406 -0.7237548828125 0.13214111328125
0.0348968505859375 -0.0621604919433594 -0.72900390625 0.20806884765625
0.126976013183594 -0.0404434204101563 -0.5128173828125 0.17559814453125
0.126762390136719 0.04150390625 -0.10577392578125 0.04754638671875
-0.0610008239746094 -0.00358581542968749 0.176361083984375 -0.0242767333984375
-0.0442619323730469 0.0288276672363281 0.60235595703125 -0.155517578125
0.000253677368164062 0.0302143096923828 0.71368408203125 -0.24310302734375
0.0175037384033203 0.00755691528320312 0.75762939453125 -0.050048828125
0.00219917297363281 -0.0209426879882812 0.7344970703125 0.19940185546875
-0.0277252197265625 -0.0627784729003906 0.65142822265625 0.239990234375
-0.0199356079101562 -0.0594902038574219 0.388580322265625 0.159149169921875
-0.0243682861328125 -0.0494728088378906 0.0783538818359375 0.000770568847656247
-0.0257911682128906 -0.0531005859375 -0.240310668945312 -0.173248291015625
-0.0291366577148437 -0.0635566711425781 -0.5340576171875 -0.2364501953125
-0.0174102783203125 -0.0538406372070313 -0.7513427734375 -0.05230712890625
0.00416183471679687 -0.0300636291503906 -0.7796630859375 0.1558837890625
0.00340843200683594 0.0248050689697266 -0.7637939453125 0.193359375
-0.0394363403320313 0.0267486572265625 -0.5325927734375 0.198699951171875
-0.0758438110351563 0.00868988037109374 -0.19720458984375 0.04168701171875
-0.00625038146972656 0.0161323547363281 0.17120361328125 -0.026641845703125
0.00780725479125976 0.00857114791870117 0.61041259765625 -0.14495849609375
0.0112190246582031 0.00167083740234375 0.7144775390625 -0.22900390625
-5.43594360351555E-05 0.00945758819580078 0.74896240234375 -0.02239990234375
-0.000722408294677735 0.00255346298217773 0.73333740234375 0.22735595703125
-0.0110588073730469 -0.0340347290039063 0.65765380859375 0.26739501953125
0.00888824462890625 -0.041748046875 0.3985595703125 0.167449951171875
-0.00520706176757813 -0.0375022888183594 0.0855636596679688 -0.00206756591796875
-0.00225830078125 -0.0398330688476563 -0.23583984375 -0.169113159179688
-0.0078277587890625 -0.0415992736816406 -0.5289306640625 -0.217742919921875
-0.0106658935546875 -0.0290069580078125 -0.74212646484375 -0.0250244140625001
-0.00480842590332031 -0.0181732177734375 -0.773681640625 0.1837158203125
0.0032508373260498 0.00314617156982422 -0.766845703125 0.2164306640625
-0.00892353057861328 0.00278186798095703 -0.535186767578125 0.213958740234375
-0.0284748077392578 0.00725746154785156 -0.21148681640625 0.0407562255859375
0.0538749694824219 0.0363731384277344 0.174636840820313 -0.0297088623046875
0.0654983520507813 -0.00548553466796875 0.60870361328125 -0.13409423828125
0.0255908966064453 -0.0303421020507812 0.71826171875 -0.212158203125
-0.0154285430908203 0.00420188903808593 0.75146484375 0.00390625
-0.00841903686523438 0.0221977233886719 0.7347412109375 0.24578857421875
0.00351762771606445 -0.00100111961364746 0.65325927734375 0.2816162109375
0.0335788726806641 -0.0219917297363281 0.39483642578125 0.17041015625
0.0221405029296875 -0.0269298553466797 0.0825271606445313 -0.0053253173828125
0.0210666656494141 -0.0240192413330078 -0.241485595703125 -0.168289184570313
0.0138874053955078 -0.0165681838989258 -0.53472900390625 -0.205902099609375
-0.00261354446411133 -0.0029456615447998 -0.7435302734375 -0.00781249999999987
-0.0111627578735352 -0.00402927398681641 -0.76220703125 0.205078125
-0.00198459625244141 -0.0149469375610352 -0.76531982421875 0.2371826171875
0.0248813629150391 -0.024627685546875 -0.53759765625 0.22283935546875
0.0246295928955078 0.0030670166015625 -0.211624145507813 0.0367889404296875
0.109428405761719 0.0521697998046875 0.18695068359375 -0.0323486328125
0.114547729492188 -0.0211334228515625 0.60833740234375 -0.1336669921875
0.037384033203125 -0.0554466247558594 0.72003173828125 -0.19378662109375
-0.0295448303222656 0.00535774230957031 0.76617431640625 0.0220947265625
-0.0120964050292969 0.0446815490722656 0.7396240234375 0.24761962890625
0.0172996520996094 0.0303478240966797 0.64605712890625 0.27557373046875
0.0563888549804688 -0.00345230102539063 0.3785400390625 0.16436767578125
0.0402297973632813 -0.0169639587402344 0.06671142578125 -0.0112113952636719
0.043365478515625 -0.011016845703125 -0.256393432617188 -0.165542602539063
0.0343532562255859 0.00681495666503906 -0.545745849609375 -0.203369140625
0.00628471374511719 0.023162841796875 -0.74688720703125 0.000488281250000017
-0.0180454254150391 0.00566864013671875 -0.75726318359375 0.21441650390625
-0.000556945800781247 -0.0357170104980469 -0.76214599609375 0.2462158203125
0.0575103759765625 -0.0476875305175781 -0.535919189453125 0.222137451171875
0.0768051147460938 0.00125885009765625 -0.2042236328125 0.0323944091796875
0.14825439453125 0.0509185791015625 0.207763671875 -0.0343170166015625
0.146224975585938 -0.038787841796875 0.59979248046875 -0.136962890625
0.0427398681640625 -0.0707244873046875 0.72344970703125 -0.1749267578125
-0.0385322570800781 0.0111122131347656 0.785400390625 0.02618408203125
-0.0119171142578125 0.0622978210449219 0.74786376953125 0.2305908203125
0.0287322998046875 0.0485115051269531 0.63165283203125 0.257568359375
0.0697288513183594 0.00571441650390625 0.35028076171875 0.15234375
0.0516395568847656 -0.00710678100585937 0.0435142517089844 -0.0187301635742188
0.0591850280761719 0.0007476806640625 -0.2784423828125 -0.172195434570312
0.0460548400878906 0.0215492248535156 -0.5611572265625 -0.20928955078125
0.0105361938476563 0.0403518676757813 -0.75030517578125 -0.00976562500000016
-0.0262088775634766 0.0120315551757813 -0.75140380859375 0.21307373046875
0.0030975341796875 -0.0547065734863281 -0.753662109375 0.2459716796875
0.090728759765625 -0.065460205078125 -0.52777099609375 0.21453857421875
0.118324279785156 0.00885009765625 -0.185714721679688 0.0280914306640625
0.165802001953125 0.0457916259765625 0.229202270507812 -0.03741455078125
0.151473999023438 -0.0537872314453125 0.59539794921875 -0.14013671875
0.0359039306640625 -0.0761032104492188 0.7325439453125 -0.17034912109375
-0.0405120849609375 0.0192909240722656 0.807373046875 0.01275634765625
-0.00852966308593749 0.07073974609375 0.75408935546875 0.1947021484375
0.0349464416503906 0.0533256530761719 0.6126708984375 0.228759765625
0.0715408325195313 0.00714111328125 0.3209228515625 0.135772705078125
0.0573387145996094 -0.00744247436523438 0.0159397125244141 -0.0260734558105469
0.0636367797851563 0.006439208984375 -0.303924560546875 -0.178558349609375
0.0507278442382812 0.0347251892089844 -0.581787109375 -0.22760009765625
0.004974365234375 0.0506439208984375 -0.75506591796875 -0.0312499999999998
-0.0342025756835938 0.0101261138916016 -0.7427978515625 0.20013427734375
0.0119895935058594 -0.0667266845703125 -0.74652099609375 0.24468994140625
0.117729187011719 -0.0704421997070313 -0.521728515625 0.204437255859375
0.143417358398437 0.0202789306640625 -0.156753540039063 0.02972412109375
0.159149169921875 0.0305328369140625 0.253982543945312 -0.0403900146484375
0.135734558105469 -0.05987548828125 0.5938720703125 -0.14935302734375
0.0284233093261719 -0.0661888122558594 0.74432373046875 -0.18359375
-0.0340061187744141 0.0277538299560547 0.82696533203125 -0.02276611328125
-0.00220489501953125 0.0714340209960938 0.75567626953125 0.15069580078125
0.03460693359375 0.0470428466796875 0.593505859375 0.1925048828125
0.0644493103027344 0.00227737426757813 0.292388916015625 0.121734619140625
0.0488624572753906 -0.0108833312988281 -0.0130481719970703 -0.0287990570068359
0.0593452453613281 0.00704574584960938 -0.3299560546875 -0.19171142578125
0.0411491394042969 0.0362586975097656 -0.59332275390625 -0.26007080078125
-0.0047454833984375 0.0516166687011719 -0.7591552734375 -0.071044921875
-0.0360374450683594 -0.000904083251953118 -0.73370361328125 0.17095947265625
0.0251693725585937 -0.0722122192382813 -0.73663330078125 0.230712890625
0.133583068847656 -0.0572586059570313 -0.518096923828125 0.19134521484375
0.147216796875 0.0367889404296875 -0.130958557128906 0.0390701293945312
0.132461547851563 0.0177536010742188 0.275283813476563 -0.045135498046875
0.109024047851563 -0.0526885986328125 0.59600830078125 -0.166015625
0.0225334167480469 -0.0511932373046875 0.7509765625 -0.20843505859375
-0.0238628387451172 0.0297679901123047 0.83587646484375 -0.067138671875
0.00101470947265626 0.0602340698242188 0.75274658203125 0.103515625
0.0240097045898437 0.0315074920654297 0.57513427734375 0.15997314453125
0.0471572875976563 -0.00806045532226563 0.268585205078125 0.113067626953125
0.0338554382324219 -0.0176868438720703 -0.0379753112792969 -0.0303764343261719
0.0443382263183594 -0.000701904296875 -0.349365234375 -0.207672119140625
0.0279216766357422 0.0270442962646484 -0.6031494140625 -0.30194091796875
-0.0113143920898438 0.0377998352050781 -0.75531005859375 -0.12255859375
-0.0310821533203125 -0.00786781311035156 -0.72784423828125 0.13616943359375
0.0354690551757812 -0.0618247985839844 -0.7337646484375 0.2138671875
0.126800537109375 -0.0413284301757813 -0.515960693359375 0.179840087890625
0.127388000488281 0.0422134399414063 -0.107528686523437 0.0490264892578125
-0.0602073669433594 -0.00389862060546876 0.1773681640625 -0.027008056640625
-0.0449676513671875 0.0313720703125 0.60784912109375 -0.1634521484375
0.000726699829101564 0.0317878723144531 0.71746826171875 -0.25018310546875
0.01885986328125 0.00794792175292969 0.76153564453125 -0.05511474609375
0.00255203247070313 -0.0229396820068359 0.74334716796875 0.19537353515625
-0.0264015197753906 -0.0625076293945313 0.65667724609375 0.23724365234375
-0.0216636657714844 -0.0586624145507813 0.392608642578125 0.15771484375
-0.0254936218261719 -0.0492019653320313 0.0781631469726563 -0.000686645507812503
-0.0271530151367188 -0.0536880493164063 -0.242446899414062 -0.173751831054688
-0.0294609069824219 -0.0629653930664063 -0.539276123046875 -0.2318115234375
-0.0189437866210938 -0.0550308227539063 -0.7564697265625 -0.0492553710937502
0.00288772583007812 -0.0319137573242188 -0.7855224609375 0.1611328125
0.00144767761230469 0.0254135131835937 -0.7679443359375 0.1993408203125
-0.0415916442871094 0.0275611877441406 -0.532989501953125 0.20391845703125
-0.076812744140625 0.0118637084960938 -0.199081420898437 0.0463714599609375
-0.00497341156005859 0.0154619216918945 0.170806884765625 -0.0287017822265625
0.00618839263916016 0.00959205627441406 0.61578369140625 -0.149658203125
0.0102815628051758 0.0001983642578125 0.716552734375 -0.2381591796875
-0.000167846679687499 0.00899410247802734 0.7540283203125 -0.02545166015625
-0.00196802616119385 -0.00125217437744141 0.737548828125 0.2244873046875
-0.0130729675292969 -0.0365028381347656 0.6624755859375 0.26336669921875
0.0052642822265625 -0.0403900146484375 0.40069580078125 0.165374755859375
-0.0048980712890625 -0.0383682250976563 0.0870895385742188 -0.001922607421875
-0.0024261474609375 -0.0394706726074219 -0.23931884765625 -0.17047119140625
-0.00797653198242188 -0.0391998291015625 -0.53485107421875 -0.2159423828125
-0.0111503601074219 -0.0289554595947266 -0.75103759765625 -0.0194091796875001
-0.00344467163085937 -0.0202980041503906 -0.7786865234375 0.18988037109375
0.00220680236816406 0.00259017944335938 -0.7713623046875 0.2236328125
-0.00851726531982422 0.00256776809692383 -0.53875732421875 0.2178955078125
-0.0283050537109375 0.00742149353027344 -0.213043212890625 0.043548583984375
0.0557861328125 0.0401802062988281 0.176010131835938 -0.0301361083984375
0.06549072265625 -0.00737380981445313 0.61346435546875 -0.14385986328125
0.0244827270507812 -0.0308876037597656 0.71990966796875 -0.2193603515625
-0.0165996551513672 0.00417423248291016 0.755126953125 -0.0010986328125
-0.00823211669921875 0.0231857299804688 0.74017333984375 0.24200439453125
0.00311136245727539 -0.00182151794433594 0.65997314453125 0.278564453125
0.0323810577392578 -0.0233058929443359 0.396820068359375 0.1661376953125
0.0190982818603516 -0.0282402038574219 0.08477783203125 -0.00727081298828125
0.0206279754638672 -0.0251502990722656 -0.2437744140625 -0.166488647460938
0.0146570205688477 -0.0169973373413086 -0.538909912109375 -0.2034912109375
-0.00236272811889648 -0.00405335426330566 -0.74798583984375 -0.00286865234374994
-0.012298583984375 -0.00614070892333984 -0.77069091796875 0.21356201171875
-0.00180435180664063 -0.0150260925292969 -0.77056884765625 0.24267578125
0.0229854583740234 -0.023956298828125 -0.538909912109375 0.226715087890625
0.0260028839111328 0.00326919555664062 -0.21295166015625 0.038848876953125
0.111137390136719 0.0527267456054688 0.188430786132813 -0.03363037109375
0.114974975585938 -0.0245361328125 0.61016845703125 -0.13934326171875
0.0387306213378906 -0.0565986633300781 0.7235107421875 -0.1998291015625
-0.0305614471435547 0.00510978698730469 0.769775390625 0.01812744140625
-0.0124549865722656 0.044586181640625 0.745361328125 0.24468994140625
0.0158348083496094 0.0276908874511719 0.65167236328125 0.272216796875
0.0553169250488281 -0.00603485107421875 0.37890625 0.16339111328125
0.0389404296875 -0.0174293518066406 0.0701370239257813 -0.0130577087402344
0.0444908142089844 -0.0116386413574219 -0.259628295898438 -0.167404174804687
0.0356025695800781 0.00555801391601562 -0.54998779296875 -0.2000732421875
0.00753402709960938 0.0235404968261719 -0.75042724609375 0.00305175781250009
-0.0197029113769531 0.00701522827148438 -0.76348876953125 0.224853515625
-0.00187492370605469 -0.0349369049072266 -0.76519775390625 0.25537109375
0.0567512512207031 -0.0498046875 -0.53619384765625 0.227630615234375
0.0764617919921875 0.0017547607421875 -0.204315185546875 0.0341949462890625
0.151031494140625 0.055816650390625 0.207107543945313 -0.036041259765625
0.145614624023438 -0.04022216796875 0.6046142578125 -0.141845703125
0.04022216796875 -0.0713729858398438 0.72869873046875 -0.183837890625
-0.0391998291015625 0.0105476379394531 0.78961181640625 0.02044677734375
-0.0109329223632813 0.0637054443359375 0.7537841796875 0.22698974609375
0.0277328491210938 0.0478630065917969 0.63568115234375 0.25482177734375
0.0711669921875 0.004730224609375 0.355804443359375 0.15020751953125
0.0517921447753906 -0.0105094909667969 0.0448455810546875 -0.02032470703125
0.0586662292480469 -0.00098419189453125 -0.281036376953125 -0.1688232421875
0.0491485595703125 0.0219459533691406 -0.5654296875 -0.2071533203125
0.00939559936523438 0.0407905578613281 -0.7557373046875 -0.00323486328125
-0.0253105163574219 0.0125656127929687 -0.7562255859375 0.2188720703125
0.00142288208007813 -0.0536346435546875 -0.75872802734375 0.2540283203125
0.0906524658203125 -0.0660934448242188 -0.533905029296875 0.2205810546875
0.118301391601563 0.00716400146484375 -0.184371948242187 0.029144287109375
0.167556762695313 0.0458831787109375 0.232009887695312 -0.0380401611328125
0.150772094726563 -0.056793212890625 0.59967041015625 -0.1463623046875
0.0355148315429688 -0.0754470825195312 0.7362060546875 -0.1788330078125
-0.0394744873046875 0.0210075378417969 0.8128662109375 0.0074462890625
-0.0098724365234375 0.0714263916015625 0.75909423828125 0.19171142578125
0.0344657897949219 0.0538558959960938 0.61767578125 0.22442626953125
0.0725860595703125 0.00738525390625 0.322906494140625 0.1348876953125
0.055877685546875 -0.00859451293945313 0.0160903930664063 -0.0251045227050781
0.0635795593261719 0.0046234130859375 -0.30853271484375 -0.1790771484375
0.0500106811523438 0.0352363586425781 -0.5848388671875 -0.2249755859375
0.00596618652343749 0.0519294738769531 -0.76361083984375 -0.0277709960937499
-0.0349197387695313 0.0089111328125 -0.7459716796875 0.2054443359375
0.0140228271484375 -0.0702171325683594 -0.7496337890625 0.25006103515625
0.118827819824219 -0.0711746215820313 -0.5250244140625 0.2076416015625
0.145156860351563 0.019378662109375 -0.156280517578125 0.029632568359375
0.16229248046875 0.03057861328125 0.255767822265625 -0.043701171875
0.135772705078125 -0.0620193481445313 0.5975341796875 -0.15557861328125
0.0283737182617187 -0.0662193298339844 0.74810791015625 -0.1890869140625
-0.0327167510986328 0.0288658142089844 0.831787109375 -0.02777099609375
-0.0025482177734375 0.0706863403320312 0.76129150390625 0.14324951171875
0.034393310546875 0.0487785339355469 0.59747314453125 0.189453125
0.0647087097167969 0.000911712646484375 0.295013427734375 0.1226806640625
0.0500869750976563 -0.010528564453125 -0.0141391754150391 -0.0296478271484375
0.0613784790039063 0.00609588623046875 -0.331756591796875 -0.1923828125
0.0440292358398438 0.0362663269042969 -0.59918212890625 -0.2584228515625
-0.00327301025390625 0.0498504638671875 -0.7640380859375 -0.0686035156250001
-0.037689208984375 -0.000740051269531253 -0.7371826171875 0.177001953125
0.02374267578125 -0.0710906982421875 -0.7425537109375 0.23687744140625
0.132926940917969 -0.0613250732421875 -0.520233154296875 0.196685791015625
0.148696899414063 0.03302001953125 -0.129501342773438 0.03961181640625
0.13702392578125 0.016448974609375 0.2769775390625 -0.05010986328125
0.107818603515625 -0.0571365356445313 0.59710693359375 -0.17095947265625
0.0231056213378906 -0.0506477355957031 0.7540283203125 -0.21417236328125
-0.0233993530273437 0.0308647155761719 0.83892822265625 -0.07611083984375
0.00194549560546875 0.0583877563476563 0.7562255859375 0.09698486328125
0.0250930786132813 0.0302543640136719 0.578125 0.15521240234375
0.0472450256347656 -0.00948715209960938 0.270431518554688 0.111236572265625
0.0346412658691406 -0.0196781158447266 -0.039398193359375 -0.0312118530273438
0.0459213256835938 0.00103759765625 -0.352294921875 -0.20611572265625
0.0315341949462891 0.02508544921875 -0.607421875 -0.29901123046875
-0.010772705078125 0.0377120971679688 -0.76055908203125 -0.12042236328125
-0.0341262817382813 -0.0101871490478516 -0.72930908203125 0.14129638671875
0.033538818359375 -0.0640830993652344 -0.73828125 0.221435546875
0.128364562988281 -0.0414047241210938 -0.51910400390625 0.183563232421875
0.129005432128906 0.0433578491210937 -0.107437133789062 0.05096435546875
-0.0619583129882813 -0.0014801025390625 0.1793212890625 -0.0305633544921875
-0.0484199523925781 0.0304527282714844 0.61102294921875 -0.16815185546875
0.000364303588867188 0.0301761627197266 0.7171630859375 -0.25927734375
0.0175714492797852 0.0089874267578125 0.76483154296875 -0.06195068359375
0.00312042236328125 -0.0229606628417969 0.748291015625 0.1890869140625
-0.0288009643554688 -0.0633010864257813 0.66314697265625 0.23272705078125
-0.0225601196289063 -0.0563735961914062 0.397857666015625 0.154205322265625
-0.0281524658203125 -0.0496330261230469 0.0806655883789063 -0.003570556640625
-0.0271110534667969 -0.0547447204589844 -0.24560546875 -0.17449951171875
-0.0312881469726563 -0.0644874572753906 -0.544342041015625 -0.229583740234375
-0.0192070007324219 -0.0546379089355469 -0.7615966796875 -0.04266357421875
0.00272369384765625 -0.0320987701416016 -0.78680419921875 0.16900634765625
0.00314140319824219 0.0248203277587891 -0.77154541015625 0.208251953125
-0.0417976379394531 0.0302162170410156 -0.535888671875 0.21014404296875
-0.0785675048828125 0.0139083862304688 -0.199554443359375 0.047882080078125
-0.00494766235351562 0.0175619125366211 0.172119140625 -0.029876708984375
0.00496625900268555 0.00811100006103516 0.61767578125 -0.1556396484375
0.0093994140625 0.000926017761230469 0.71929931640625 -0.24639892578125
-0.00221443176269531 0.00720357894897461 0.75933837890625 -0.03411865234375
-0.00163519382476807 -0.00113177299499512 0.7452392578125 0.22125244140625
-0.0117340087890625 -0.0329341888427734 0.66778564453125 0.26007080078125
0.00470352172851562 -0.04425048828125 0.4052734375 0.162078857421875
-0.00471115112304688 -0.0386085510253906 0.0884246826171875 -0.00408172607421875
-0.0048370361328125 -0.0399017333984375 -0.240310668945313 -0.168045043945312
-0.00806808471679688 -0.0411109924316406 -0.537109375 -0.212493896484375
-0.0138645172119141 -0.0298366546630859 -0.754150390625 -0.0140380859375001
-0.00550270080566406 -0.0202579498291016 -0.78240966796875 0.19805908203125
0.000902652740478516 0.00605964660644531 -0.77490234375 0.23480224609375
-0.00788307189941406 0.00577688217163086 -0.539642333984375 0.22564697265625
-0.0277042388916016 0.00920486450195313 -0.21343994140625 0.044891357421875
0.0573310852050781 0.0384330749511719 0.1759033203125 -0.03228759765625
0.0654106140136719 -0.00736618041992188 0.61907958984375 -0.14984130859375
0.0244636535644531 -0.0322990417480469 0.72332763671875 -0.2283935546875
-0.0171051025390625 0.00554084777832031 0.76190185546875 -0.0078125
-0.00763511657714844 0.0229129791259766 0.74725341796875 0.2371826171875
0.00426363945007324 -0.000621557235717773 0.66534423828125 0.27459716796875
0.0327968597412109 -0.0238876342773437 0.39910888671875 0.165679931640625
0.0182895660400391 -0.0269660949707031 0.0853500366210937 -0.010772705078125
0.0200862884521484 -0.0258026123046875 -0.2445068359375 -0.168167114257813
0.0147800445556641 -0.0174140930175781 -0.544342041015625 -0.20037841796875
-0.00218605995178223 -0.00251626968383789 -0.75048828125 0.00341796874999987
-0.0119209289550781 -0.00697898864746094 -0.77392578125 0.22064208984375
-0.00186920166015625 -0.0139360427856445 -0.771484375 0.25408935546875
0.0228843688964844 -0.0235271453857422 -0.541717529296875 0.232269287109375
0.0262241363525391 0.00386810302734375 -0.217391967773438 0.0402679443359375
0.114364624023438 0.0523452758789063 0.189407348632812 -0.0337982177734375
0.115623474121094 -0.025238037109375 0.615234375 -0.14532470703125
0.0361480712890625 -0.0594367980957031 0.72576904296875 -0.20751953125
-0.0308399200439453 0.00659561157226563 0.7742919921875 0.01080322265625
-0.0127754211425781 0.0462799072265625 0.75048828125 0.23870849609375
0.0174713134765625 0.0267353057861328 0.65838623046875 0.2677001953125
0.0545806884765625 -0.00630569458007813 0.383392333984375 0.160308837890625
0.0390205383300781 -0.0188674926757813 0.0705337524414063 -0.0134658813476563
0.0433425903320312 -0.0135002136230469 -0.258712768554687 -0.167800903320313
0.0340766906738281 0.00543594360351563 -0.555328369140625 -0.198394775390625
0.00697708129882813 0.0217075347900391 -0.7554931640625 0.0117187499999999
-0.0196056365966797 0.00688743591308594 -0.76544189453125 0.23162841796875
-0.00284957885742188 -0.0358657836914063 -0.76605224609375 0.26385498046875
0.0581245422363281 -0.0512580871582031 -0.539520263671875 0.234405517578125
0.0783004760742187 0.00156402587890625 -0.206710815429688 0.036895751953125
0.15228271484375 0.054779052734375 0.208358764648438 -0.0401458740234375
0.146926879882813 -0.044464111328125 0.60919189453125 -0.1483154296875
0.0393218994140625 -0.0758590698242188 0.73016357421875 -0.192138671875
-0.0394783020019531 0.012939453125 0.79443359375 0.01690673828125
-0.01177978515625 0.0635147094726562 0.76019287109375 0.21844482421875
0.0304756164550781 0.0486831665039063 0.64154052734375 0.24725341796875
0.0678977966308594 0.00527572631835938 0.359771728515625 0.14642333984375
0.0502052307128906 -0.00946426391601563 0.0463981628417969 -0.0211067199707031
0.0574607849121094 -0.00207138061523437 -0.283447265625 -0.168060302734375
0.0474357604980469 0.0220794677734375 -0.57159423828125 -0.202392578125
0.0109138488769531 0.0425186157226563 -0.7618408203125 0.00341796874999999
-0.0277233123779297 0.0117530822753906 -0.75775146484375 0.22857666015625
-0.000263214111328123 -0.0545883178710938 -0.760986328125 0.2650146484375
0.0904464721679687 -0.0683135986328125 -0.534698486328125 0.227508544921875
0.120452880859375 0.0059661865234375 -0.186935424804687 0.0322418212890625
0.169082641601563 0.0455474853515625 0.232269287109375 -0.04168701171875
0.15118408203125 -0.0587005615234375 0.60260009765625 -0.15386962890625
0.0329666137695312 -0.0787277221679688 0.73944091796875 -0.1864013671875
-0.0399551391601563 0.02325439453125 0.81768798828125 1.42387396486305E-18
-0.0083160400390625 0.0718917846679687 0.76666259765625 0.183837890625
0.0369758605957031 0.0551795959472656 0.62255859375 0.22247314453125
0.0712966918945313 0.007110595703125 0.329010009765625 0.1351318359375
0.05499267578125 -0.00679779052734375 0.0157890319824219 -0.0255718231201172
0.06439208984375 0.00544357299804688 -0.31195068359375 -0.178009033203125
0.0501899719238281 0.0329437255859375 -0.59130859375 -0.22186279296875
0.0074462890625 0.0521774291992188 -0.7686767578125 -0.0200195312500001
-0.0343246459960937 0.00936508178710938 -0.75140380859375 0.21337890625
0.0122032165527344 -0.0690879821777344 -0.75323486328125 0.2587890625
0.11749267578125 -0.0730819702148438 -0.528289794921875 0.2152099609375
0.147552490234375 0.019195556640625 -0.15863037109375 0.033233642578125
0.164016723632812 0.0286407470703125 0.257598876953125 -0.0453948974609375
0.138893127441406 -0.0635528564453125 0.6015625 -0.16217041015625
0.0256195068359375 -0.0686149597167969 0.75225830078125 -0.1998291015625
-0.0339698791503906 0.0305156707763672 0.83837890625 -0.0357666015625
-0.00231170654296874 0.0714263916015625 0.76812744140625 0.14019775390625
0.035003662109375 0.0479698181152344 0.602783203125 0.1851806640625
0.0654411315917969 0.0002288818359375 0.29522705078125 0.12164306640625
0.048919677734375 -0.0112419128417969 -0.0130252838134766 -0.0290431976318359
0.0598106384277344 0.00490188598632812 -0.3359375 -0.19110107421875
0.0429153442382813 0.0347709655761719 -0.60540771484375 -0.25445556640625
-0.00304794311523437 0.0519790649414062 -0.77044677734375 -0.0624389648437499
-0.0369300842285156 0.000492095947265627 -0.74139404296875 0.183349609375
0.0236740112304688 -0.0733413696289063 -0.7449951171875 0.24737548828125
0.134521484375 -0.0619125366210937 -0.52374267578125 0.20233154296875
0.150604248046875 0.0326385498046875 -0.130218505859375 0.040802001953125
0.139068603515625 0.0143280029296875 0.277175903320313 -0.0511474609375
0.10784912109375 -0.0570449829101563 0.60174560546875 -0.178955078125
0.0218696594238281 -0.0521659851074219 0.759765625 -0.22027587890625
-0.0226688385009766 0.0313739776611328 0.843017578125 -0.084228515625
0.00288772583007812 0.0600204467773437 0.76324462890625 0.09033203125
0.0269699096679688 0.0319385528564453 0.5828857421875 0.152099609375
0.0475845336914063 -0.00934219360351563 0.272308349609375 0.110305786132813
0.0351905822753906 -0.0179634094238281 -0.0395622253417969 -0.029541015625
0.0464096069335938 -0.0016632080078125 -0.3558349609375 -0.206573486328125
0.0312824249267578 0.0251255035400391 -0.61810302734375 -0.2962646484375
-0.00962448120117188 0.0384597778320312 -0.76605224609375 -0.11419677734375
-0.0351676940917969 -0.00870513916015624 -0.7344970703125 0.14825439453125
0.0324668884277344 -0.0656661987304688 -0.74066162109375 0.2308349609375
0.129005432128906 -0.0441131591796875 -0.524658203125 0.1884765625
0.131324768066406 0.042724609375 -0.108108520507812 0.0516891479492188
-0.0611534118652344 -0.00141525268554687 0.18048095703125 -0.032257080078125
-0.0452690124511719 0.0290298461914063 0.61138916015625 -0.17840576171875
0.000787734985351566 0.0298385620117188 0.72052001953125 -0.270263671875
0.016932487487793 0.00829887390136719 0.76995849609375 -0.0706787109375
0.0023040771484375 -0.0245647430419922 0.7547607421875 0.18035888671875
-0.0296096801757813 -0.0639610290527344 0.67034912109375 0.228759765625
-0.0233917236328125 -0.0606117248535156 0.401824951171875 0.150115966796875
-0.0281944274902344 -0.0489082336425781 0.0801467895507812 -0.002532958984375
-0.0283851623535156 -0.0562515258789063 -0.248931884765625 -0.171371459960937
-0.0326766967773437 -0.0658111572265625 -0.550811767578125 -0.225982666015625
-0.0190238952636719 -0.0545310974121094 -0.76690673828125 -0.0355224609375001
0.00177764892578125 -0.0325565338134766 -0.7918701171875 0.17669677734375
0.0029754638671875 0.0259571075439453 -0.77545166015625 0.2191162109375
-0.0430145263671875 0.0313453674316406 -0.53729248046875 0.21875
-0.0775680541992188 0.013519287109375 -0.201904296875 0.0495452880859375
-0.00276374816894531 0.0159292221069336 0.1724853515625 -0.0334320068359375
0.00443267822265625 0.0107927322387695 0.62060546875 -0.1666259765625
0.00976276397705078 -0.000657081604003906 0.72265625 -0.2574462890625
0.000549316406249999 0.0103054046630859 0.76043701171875 -0.03814697265625
-0.00149273872375488 -0.000587821006774902 0.75250244140625 0.21527099609375
-0.0110454559326172 -0.0340557098388672 0.6739501953125 0.255126953125
0.00460052490234375 -0.0416755676269531 0.40911865234375 0.16021728515625
-0.003662109375 -0.0393600463867188 0.0886306762695313 -0.006103515625
-0.00441360473632812 -0.0411300659179688 -0.242904663085937 -0.167877197265625
-0.00984954833984375 -0.0416908264160156 -0.544525146484375 -0.207855224609375
-0.0129299163818359 -0.0281505584716797 -0.7596435546875 -0.00805664062500011
-0.006744384765625 -0.0192070007324219 -0.78497314453125 0.20556640625
0.00036764144897461 0.00441741943359375 -0.779052734375 0.24395751953125
-0.0102090835571289 0.00490093231201172 -0.54315185546875 0.2315673828125
-0.0281200408935547 0.0114192962646484 -0.215927124023438 0.047149658203125
0.0597877502441406 0.0374488830566406 0.176239013671875 -0.0367279052734375
0.0665626525878906 -0.00841522216796875 0.622314453125 -0.1572265625
0.0235080718994141 -0.0339336395263672 0.72589111328125 -0.2381591796875
-0.0183067321777344 0.00713157653808594 0.7669677734375 -0.01641845703125
-0.00777244567871094 0.0216121673583984 0.75347900390625 0.23101806640625
0.00328254699707031 -0.00103926658630371 0.67193603515625 0.2667236328125
0.0310783386230469 -0.0225391387939453 0.4041748046875 0.161102294921875
0.0175037384033203 -0.0279712677001953 0.0878753662109375 -0.0121002197265625
0.0206489562988281 -0.0267486572265625 -0.249114990234375 -0.165908813476563
0.0139198303222656 -0.0166158676147461 -0.54779052734375 -0.196380615234375
-0.00126755237579346 -0.000673174858093262 -0.75714111328125 0.0103759765625001
-0.0118227005004883 -0.00473690032958984 -0.77728271484375 0.22998046875
-0.00404262542724609 -0.0161151885986328 -0.77532958984375 0.2623291015625
0.0227928161621094 -0.0238018035888672 -0.542266845703125 0.240509033203125
0.0276908874511719 0.00439453125 -0.218460083007812 0.044647216796875
0.114639282226563 0.052978515625 0.192337036132813 -0.038848876953125
0.117111206054688 -0.0272293090820313 0.617431640625 -0.15789794921875
0.0356330871582031 -0.0608863830566406 0.729736328125 -0.218017578125
-0.0303020477294922 0.00733757019042969 0.7796630859375 0.00238037109375
-0.0131912231445312 0.0471153259277344 0.76019287109375 0.2305908203125
0.0189113616943359 0.02667236328125 0.66326904296875 0.26416015625
0.0556449890136719 -0.00736618041992188 0.390106201171875 0.157440185546875
0.0390548706054687 -0.0189704895019531 0.0709991455078125 -0.0145797729492188
0.0421066284179687 -0.0139656066894531 -0.2635498046875 -0.165008544921875
0.0364151000976562 0.00302886962890625 -0.55950927734375 -0.191314697265625
0.00649452209472656 0.0240268707275391 -0.7623291015625 0.0179443359375002
-0.0196495056152344 0.00685310363769531 -0.76959228515625 0.2413330078125
-0.00411415100097656 -0.0346946716308594 -0.7725830078125 0.27239990234375
0.0546875 -0.0521774291992187 -0.540191650390625 0.242767333984375
0.0786895751953125 0.0031890869140625 -0.207244873046875 0.0389251708984375
0.154876708984375 0.0526123046875 0.21026611328125 -0.040618896484375
0.147171020507812 -0.044677734375 0.61163330078125 -0.1590576171875
0.0374908447265625 -0.07781982421875 0.7320556640625 -0.2020263671875
-0.0391159057617188 0.0131263732910156 0.80059814453125 0.00689697265625
-0.0123062133789063 0.064483642578125 0.76763916015625 0.21270751953125
0.0309371948242188 0.0477104187011719 0.646484375 0.245849609375
0.0701560974121094 0.00350570678710938 0.36285400390625 0.144622802734375
0.0521354675292969 -0.0111808776855469 0.0454635620117188 -0.0207977294921875
0.0591392517089844 -0.00365066528320313 -0.286224365234375 -0.167938232421875
0.0492668151855469 0.0190238952636719 -0.578369140625 -0.2003173828125
0.0121803283691406 0.0420417785644531 -0.76519775390625 0.0126953125000001
-0.0265598297119141 0.01336669921875 -0.7623291015625 0.23614501953125
0.000228881835937495 -0.0548439025878906 -0.76397705078125 0.2784423828125
0.0908126831054687 -0.0692138671875 -0.537017822265625 0.234222412109375
0.122451782226563 0.00611114501953125 -0.188919067382813 0.0336151123046875
0.172988891601563 0.0436248779296875 0.23394775390625 -0.044525146484375
0.152374267578125 -0.0612945556640625 0.606201171875 -0.161376953125
0.0317764282226563 -0.0784759521484375 0.74249267578125 -0.19482421875
-0.0402984619140625 0.0224685668945312 0.8232421875 -0.0076904296875
-0.00624847412109376 0.0723342895507813 0.77239990234375 0.1785888671875
0.0378837585449219 0.0529251098632813 0.62689208984375 0.21539306640625
0.0722198486328125 0.0071258544921875 0.330047607421875 0.1298828125
0.0560989379882813 -0.00789642333984375 0.0165195465087891 -0.0267181396484375
0.0631103515625 0.0042266845703125 -0.31243896484375 -0.176361083984375
0.050537109375 0.0347938537597656 -0.59576416015625 -0.2181396484375
0.00656509399414062 0.0514755249023438 -0.7733154296875 -0.0133666992187499
-0.0338878631591797 0.00972175598144531 -0.75518798828125 0.2203369140625
0.0099334716796875 -0.0694389343261719 -0.75469970703125 0.272705078125
0.119705200195312 -0.073944091796875 -0.531005859375 0.2230224609375
0.149581909179687 0.0185546875 -0.159881591796875 0.032073974609375
0.166748046875 0.02777099609375 0.256378173828125 -0.0511627197265625
0.135299682617188 -0.0650558471679688 0.60595703125 -0.17303466796875
0.0241622924804687 -0.0691757202148438 0.7520751953125 -0.208251953125
-0.0337333679199219 0.0300617218017578 0.84271240234375 -0.043701171875
-0.00118255615234375 0.071685791015625 0.77191162109375 0.1298828125
0.0371742248535156 0.0473251342773438 0.60821533203125 0.1810302734375
0.0648040771484375 0.00267791748046875 0.300048828125 0.11956787109375
0.0492362976074219 -0.0119094848632812 -0.0148849487304688 -0.0285587310791016
0.0598487854003906 0.00366973876953125 -0.33984375 -0.188751220703125
0.04425048828125 0.0358200073242188 -0.61297607421875 -0.25274658203125
-0.002166748046875 0.0530662536621094 -0.77642822265625 -0.0559082031250001
-0.0378913879394531 0.00147247314453124 -0.74481201171875 0.1922607421875
0.0224227905273438 -0.0754547119140625 -0.7469482421875 0.25653076171875
0.134811401367188 -0.0646514892578125 -0.526275634765625 0.207916259765625
0.1524658203125 0.0314178466796875 -0.13232421875 0.0425949096679688
0.140525817871094 0.0145111083984375 0.277603149414063 -0.0551605224609375
0.1099853515625 -0.05853271484375 0.60638427734375 -0.18829345703125
0.0210990905761719 -0.0528373718261719 0.7606201171875 -0.23419189453125
-0.0221099853515625 0.0321750640869141 0.84796142578125 -0.091552734375
0.00371932983398438 0.0608634948730469 0.76617431640625 0.08331298828125
0.0282039642333984 0.0302276611328125 0.586669921875 0.1473388671875
0.045562744140625 -0.00925064086914063 0.27520751953125 0.110061645507812
0.0336990356445312 -0.0208530426025391 -0.0389442443847656 -0.0292587280273438
0.0452728271484375 -0.00184249877929688 -0.359527587890625 -0.207061767578125
0.0326805114746094 0.0254058837890625 -0.622802734375 -0.291015625
-0.009033203125 0.0394439697265625 -0.77447509765625 -0.1068115234375
-0.0336761474609375 -0.00831985473632812 -0.73846435546875 0.15802001953125
0.0326614379882813 -0.0648384094238281 -0.743408203125 0.24139404296875
0.127487182617188 -0.0442962646484375 -0.5250244140625 0.195556640625
0.13336181640625 0.0416183471679687 -0.108604431152344 0.0533447265625
-0.0615081787109375 -0.000835418701171879 0.179946899414063 -0.0337066650390625
-0.0483283996582031 0.0284347534179688 0.613037109375 -0.18994140625
0.000339508056640622 0.0293388366699219 0.7191162109375 -0.28131103515625
0.015873908996582 0.00848197937011719 0.7718505859375 -0.0787353515625
0.00226783752441406 -0.0236606597900391 0.76031494140625 0.17083740234375
-0.031890869140625 -0.0622673034667969 0.6744384765625 0.21826171875
-0.0247383117675781 -0.0588188171386719 0.40570068359375 0.14678955078125
-0.0315780639648437 -0.048980712890625 0.0821762084960938 -0.00328826904296875
-0.0302658081054687 -0.0555992126464844 -0.251739501953125 -0.170272827148438
-0.0324440002441406 -0.0645217895507813 -0.55712890625 -0.22235107421875
-0.0246315002441406 -0.0540924072265625 -0.76959228515625 -0.0280761718749999
-0.0018768310546875 -0.0331134796142578 -0.79595947265625 0.1890869140625
0.003814697265625 0.0261402130126953 -0.779052734375 0.2294921875
-0.0446243286132813 0.03375244140625 -0.53955078125 0.226898193359375
-0.0768508911132813 0.0161895751953125 -0.2041015625 0.0516204833984375
-0.00263786315917969 0.0179100036621094 0.1746826171875 -0.035919189453125
0.00445938110351563 0.0120296478271484 0.62200927734375 -0.17559814453125
0.00722265243530273 -0.00240898132324219 0.7218017578125 -0.26605224609375
-0.00252437591552734 0.0117893218994141 0.7645263671875 -0.04931640625
-0.000540256500244141 -0.00237035751342773 0.75701904296875 0.204345703125
-0.0121040344238281 -0.035736083984375 0.6805419921875 0.24847412109375
0.00131988525390625 -0.0420188903808594 0.41583251953125 0.15557861328125
-0.00760269165039063 -0.0380477905273438 0.0906600952148438 -0.00592041015625
-0.00618362426757813 -0.0407295227050781 -0.24346923828125 -0.164947509765625
-0.0116195678710937 -0.0418624877929688 -0.5513916015625 -0.202789306640625
-0.0134029388427734 -0.0302104949951172 -0.76226806640625 0.00207519531250008
-0.00868606567382813 -0.0211925506591797 -0.78594970703125 0.219482421875
0.00250959396362305 0.00467348098754883 -0.7783203125 0.25421142578125
-0.011775016784668 0.00615882873535157 -0.544097900390625 0.243072509765625
-0.0287914276123047 0.0120944976806641 -0.219039916992188 0.0498504638671875
0.0618438720703125 0.0364303588867188 0.178009033203125 -0.0394439697265625
0.0641136169433594 -0.0095977783203125 0.62335205078125 -0.16748046875
0.0217475891113281 -0.0338592529296875 0.7264404296875 -0.2493896484375
-0.0177822113037109 0.00759315490722656 0.76708984375 -0.0233154296875
-0.00743865966796875 0.0238323211669922 0.75927734375 0.2247314453125
0.00347685813903809 -0.000834465026855469 0.67822265625 0.26055908203125
0.0316085815429688 -0.02423095703125 0.40887451171875 0.158721923828125
0.0164966583251953 -0.0294780731201172 0.0879440307617188 -0.0107498168945313
0.0214290618896484 -0.0266799926757813 -0.250503540039063 -0.16485595703125
0.0136871337890625 -0.0187778472900391 -0.553558349609375 -0.191558837890625
-0.00238752365112305 -0.00116991996765137 -0.760498046875 0.021484375
-0.0138320922851563 -0.00415420532226562 -0.77783203125 0.240234375
-0.00237274169921875 -0.0155172348022461 -0.7767333984375 0.27252197265625
0.0234279632568359 -0.0254497528076172 -0.542999267578125 0.24658203125
0.0271053314208984 0.00340843200683594 -0.215957641601563 0.0469207763671875
0.118949890136719 0.0516738891601562 0.190704345703125 -0.0432281494140625
0.11602783203125 -0.0277481079101562 0.62091064453125 -0.164306640625
0.0336341857910156 -0.0624046325683594 0.7291259765625 -0.22900390625
-0.0325965881347656 0.00853157043457031 0.78375244140625 -0.00537109375
-0.0115699768066406 0.0461807250976563 0.76507568359375 0.2239990234375
0.0209865570068359 0.0270652770996094 0.67083740234375 0.2579345703125
0.0551185607910156 -0.00728988647460937 0.39208984375 0.154205322265625
0.03662109375 -0.0181007385253906 0.0710830688476563 -0.0163726806640625
0.045135498046875 -0.014923095703125 -0.2650146484375 -0.16253662109375
0.0356483459472656 0.00272369384765625 -0.565673828125 -0.190673828125
0.00843048095703125 0.0233688354492187 -0.76507568359375 0.0270385742187499
-0.0198688507080078 0.00599861145019531 -0.77020263671875 0.254638671875
-0.00420188903808594 -0.0346584320068359 -0.77099609375 0.28680419921875
0.0555076599121094 -0.0503044128417969 -0.540435791015625 0.250457763671875
0.0803985595703125 0.00055694580078125 -0.21112060546875 0.04254150390625
0.15570068359375 0.0526123046875 0.20965576171875 -0.047393798828125
0.147918701171875 -0.048309326171875 0.61102294921875 -0.1673583984375
0.036834716796875 -0.078460693359375 0.73345947265625 -0.2119140625
-0.0391044616699219 0.0132942199707031 0.8033447265625 -0.0037841796875
-0.0117950439453125 0.0630874633789063 0.77386474609375 0.205322265625
0.0330467224121094 0.0466156005859375 0.65203857421875 0.2393798828125
0.0710220336914063 0.00325775146484375 0.36328125 0.1429443359375
0.0526847839355469 -0.0116233825683594 0.0453071594238281 -0.0209236145019531
0.058624267578125 -0.0036773681640625 -0.288238525390625 -0.166290283203125
0.0498466491699219 0.0202140808105469 -0.58331298828125 -0.19256591796875
0.01312255859375 0.0444450378417969 -0.77197265625 0.0203857421875
-0.0256595611572266 0.0126857757568359 -0.76251220703125 0.24664306640625
0.000328063964843746 -0.0541458129882813 -0.7659912109375 0.28875732421875
0.0899810791015625 -0.07135009765625 -0.53826904296875 0.24188232421875
0.12335205078125 0.0048370361328125 -0.187454223632812 0.037445068359375
0.17578125 0.0411376953125 0.235748291015625 -0.0492706298828125
0.15228271484375 -0.0652008056640625 0.606689453125 -0.171630859375
0.0324859619140625 -0.0804290771484375 0.74359130859375 -0.20599365234375
-0.0413970947265625 0.0234336853027344 0.8243408203125 -0.0172119140625
-0.0077362060546875 0.073516845703125 0.775634765625 0.1702880859375
0.0388069152832031 0.0514678955078125 0.63177490234375 0.208984375
0.0733566284179688 0.00553131103515625 0.333953857421875 0.12884521484375
0.05450439453125 -0.0074005126953125 0.0165138244628906 -0.0269584655761719
0.0666389465332031 0.00301361083984375 -0.315948486328125 -0.174285888671875
0.0529823303222656 0.0339775085449219 -0.60052490234375 -0.21197509765625
0.00809860229492188 0.052093505859375 -0.77685546875 -0.00531005859374999
-0.0346775054931641 0.0117378234863281 -0.7567138671875 0.23187255859375
0.00913238525390625 -0.071380615234375 -0.7532958984375 0.281494140625
0.119392395019531 -0.0754470825195313 -0.530975341796875 0.2315673828125
0.151641845703125 0.015777587890625 -0.15948486328125 0.0372161865234375
0.168121337890625 0.0239715576171875 0.2598876953125 -0.0532073974609375
0.137809753417969 -0.070159912109375 0.60540771484375 -0.18109130859375
0.0217742919921875 -0.0705184936523437 0.75421142578125 -0.21875
-0.0335006713867188 0.0316867828369141 0.84619140625 -0.05413818359375
0.00128936767578125 0.072235107421875 0.77532958984375 0.121337890625
0.0386466979980469 0.0469284057617187 0.610595703125 0.17193603515625
0.0651283264160156 0.00111770629882813 0.303009033203125 0.115966796875
0.0476951599121094 -0.0121498107910156 -0.0144062042236328 -0.0310630798339844
0.0591163635253906 0.00590133666992188 -0.344329833984375 -0.18743896484375
0.0456161499023438 0.0346641540527344 -0.6201171875 -0.246337890625
-3.05175781250041E-05 0.0533485412597656 -0.78106689453125 -0.0466308593749999
-0.0387611389160156 0.000579833984375008 -0.7469482421875 0.200927734375
0.0213775634765625 -0.0762481689453125 -0.749267578125 0.26904296875
0.133903503417969 -0.065704345703125 -0.526031494140625 0.217376708984375
0.155014038085938 0.033538818359375 -0.131172180175781 0.0450363159179688
0.143173217773438 0.013702392578125 0.281646728515625 -0.05963134765625
0.10992431640625 -0.0625534057617188 0.607666015625 -0.19769287109375
0.0210227966308594 -0.0527229309082031 0.76007080078125 -0.245849609375
-0.0227184295654297 0.0341091156005859 0.85418701171875 -0.1009521484375
0.00551605224609374 0.0606803894042969 0.77239990234375 0.0723876953125
0.0269718170166016 0.0305767059326172 0.59014892578125 0.13916015625
0.04638671875 -0.0106315612792969 0.276641845703125 0.108718872070313
0.0339832305908203 -0.0200634002685547 -0.0402412414550781 -0.0301094055175781
0.0475082397460938 -0.0046844482421875 -0.365814208984375 -0.2034912109375
0.0308799743652344 0.0259437561035156 -0.63006591796875 -0.28631591796875
-0.00996780395507813 0.042816162109375 -0.77838134765625 -0.0983886718750001
-0.0356826782226563 -0.00785827636718751 -0.73773193359375 0.1669921875
0.0325393676757812 -0.0663528442382813 -0.7452392578125 0.2525634765625
0.129432678222656 -0.0487594604492188 -0.5263671875 0.203460693359375
0.136650085449219 0.0420684814453125 -0.109046936035156 0.0551986694335937
-0.0624351501464844 -0.000144958496093759 0.181381225585938 -0.0376129150390625
-0.0482139587402344 0.0306472778320313 0.6153564453125 -0.1956787109375
0.00199508666992188 0.0309257507324219 0.71942138671875 -0.29461669921875
0.0182094573974609 0.00957679748535156 0.77386474609375 -0.08917236328125
0.00253105163574219 -0.0234451293945313 0.76483154296875 0.162353515625
-0.032623291015625 -0.0638160705566406 0.6817626953125 0.20947265625
-0.0285072326660156 -0.0591964721679688 0.408599853515625 0.1396484375
-0.0315513610839844 -0.0501518249511719 0.0815963745117188 -0.00551605224609375
-0.0311508178710937 -0.0563011169433594 -0.25201416015625 -0.167938232421875
-0.0342979431152344 -0.0654220581054688 -0.560791015625 -0.213348388671875
-0.0255317687988281 -0.0551528930664063 -0.77508544921875 -0.0172729492187499
0.00163078308105469 -0.0340862274169922 -0.79541015625 0.2000732421875
0.00405120849609375 0.0249671936035156 -0.77886962890625 0.24176025390625
-0.0420112609863281 0.0337905883789063 -0.53875732421875 0.23553466796875
-0.0773544311523438 0.017364501953125 -0.203475952148438 0.0576629638671875
-0.00218582153320313 0.0186958312988281 0.173934936523438 -0.0387420654296875
0.00310850143432617 0.00872564315795898 0.6241455078125 -0.18560791015625
0.00649595260620117 -0.00127315521240234 0.720947265625 -0.2781982421875
-0.0016932487487793 0.00854969024658203 0.76678466796875 -0.05908203125
-0.00176072120666504 -0.00183248519897461 0.76397705078125 0.19580078125
-0.0147762298583984 -0.0343723297119141 0.68682861328125 0.24072265625
0.00307083129882813 -0.0446319580078125 0.41748046875 0.149871826171875
-0.00703048706054688 -0.0405540466308594 0.0886917114257813 -0.00836181640625
-0.00484848022460937 -0.0417060852050781 -0.247100830078125 -0.16497802734375
-0.0121688842773438 -0.0415000915527344 -0.554962158203125 -0.1961669921875
-0.0145683288574219 -0.0271034240722656 -0.766845703125 0.0128173828124998
-0.00743293762207031 -0.0211372375488281 -0.785400390625 0.22955322265625
0.000485658645629883 0.00430178642272949 -0.77777099609375 0.2647705078125
-0.0110597610473633 0.00582313537597656 -0.54241943359375 0.250244140625
-0.0274772644042969 0.0110149383544922 -0.216796875 0.052398681640625
0.0621986389160156 0.03662109375 0.176361083984375 -0.0406341552734375
0.0664901733398437 -0.0104255676269531 0.62493896484375 -0.17779541015625
0.0207862854003906 -0.0336360931396484 0.723876953125 -0.2606201171875
-0.0171709060668945 0.00746631622314453 0.77117919921875 -0.03521728515625
-0.00681304931640625 0.0233497619628906 0.76544189453125 0.2138671875
0.0044550895690918 -0.00339317321777344 0.6851806640625 0.25579833984375
0.0307254791259766 -0.0230064392089844 0.411590576171875 0.153839111328125
0.0160369873046875 -0.0286979675292969 0.0879592895507813 -0.0134353637695313
0.0190277099609375 -0.0286026000976563 -0.252197265625 -0.1595458984375
0.0137042999267578 -0.0198783874511719 -0.559234619140625 -0.185638427734375
-0.00205743312835693 3.45706939697252E-06 -0.7628173828125 0.032470703125
-0.0129661560058594 -0.00456333160400391 -0.7774658203125 0.251220703125
-0.00263690948486328 -0.0145912170410156 -0.7740478515625 0.28814697265625
0.0219860076904297 -0.0256404876708984 -0.542694091796875 0.257354736328125
0.0277557373046875 0.00411033630371094 -0.220138549804688 0.050811767578125
0.119789123535156 0.0493011474609375 0.190643310546875 -0.0445709228515625
0.117218017578125 -0.0309524536132813 0.6201171875 -0.176025390625
0.0312881469726562 -0.0639915466308594 0.72845458984375 -0.24212646484375
-0.0310420989990234 0.0104160308837891 0.78485107421875 -0.015869140625
-0.0118675231933594 0.0465621948242187 0.770263671875 0.21417236328125
0.02154541015625 0.0275993347167969 0.67303466796875 0.2481689453125
0.0541572570800781 -0.0110664367675781 0.39495849609375 0.14678955078125
0.038055419921875 -0.0204048156738281 0.071258544921875 -0.0174942016601563
0.04217529296875 -0.0156784057617188 -0.269119262695313 -0.162872314453125
0.0350570678710938 0.000972747802734375 -0.56732177734375 -0.1824951171875
0.00879859924316406 0.0243492126464844 -0.7657470703125 0.0374755859374999
-0.0199699401855469 0.00890731811523438 -0.77093505859375 0.26287841796875
-0.00434112548828125 -0.0340614318847656 -0.7711181640625 0.29901123046875
0.055419921875 -0.0524024963378906 -0.540924072265625 0.256439208984375
0.081085205078125 -0.00077056884765625 -0.21044921875 0.0441436767578125
0.160202026367188 0.0488433837890625 0.210800170898438 -0.048828125
0.147186279296875 -0.051788330078125 0.6131591796875 -0.17742919921875
0.0347442626953125 -0.078582763671875 0.733154296875 -0.22467041015625
-0.0404319763183594 0.0154571533203125 0.80401611328125 -0.013671875
-0.0111465454101562 0.0647773742675781 0.7763671875 0.19482421875
0.0314826965332031 0.0475082397460938 0.65802001953125 0.22906494140625
0.0696029663085938 0.00145339965820312 0.369598388671875 0.139373779296875
0.0506210327148438 -0.01141357421875 0.0465316772460938 -0.0217819213867188
0.0579795837402344 -0.00439453125 -0.29052734375 -0.1632080078125
0.0495071411132813 0.0199050903320312 -0.58526611328125 -0.18658447265625
0.0142021179199219 0.0435142517089844 -0.77239990234375 0.0317993164062499
-0.0281734466552734 0.0150985717773438 -0.76129150390625 0.258544921875
-0.00140762329101562 -0.0544471740722656 -0.76416015625 0.3006591796875
0.0874557495117188 -0.071044921875 -0.5379638671875 0.251800537109375
0.125762939453125 0.00362396240234375 -0.18914794921875 0.0398406982421875
0.177993774414062 0.0388336181640625 0.235000610351563 -0.0528717041015625
0.150772094726563 -0.067657470703125 0.60650634765625 -0.18157958984375
0.0280075073242187 -0.08306884765625 0.7425537109375 -0.218994140625
-0.0411949157714844 0.0247573852539062 0.829833984375 -0.02581787109375
-0.00348663330078125 0.0752716064453125 0.78125 0.158935546875
0.0403022766113281 0.0521736145019531 0.63592529296875 0.199951171875
0.0727691650390625 0.00414276123046875 0.334930419921875 0.12445068359375
0.0552101135253906 -0.0116844177246094 0.0154151916503906 -0.02679443359375
0.0642013549804688 0.00100326538085938 -0.31964111328125 -0.171478271484375
0.0526084899902344 0.0326423645019531 -0.6064453125 -0.20501708984375
0.00913238525390624 0.0551528930664063 -0.77899169921875 0.00793457031249998
-0.0362205505371094 0.0125999450683594 -0.7523193359375 0.2413330078125
0.00666046142578125 -0.0706939697265625 -0.755126953125 0.29449462890625
0.118675231933594 -0.0784378051757813 -0.530548095703125 0.23834228515625
0.152542114257813 0.0173187255859375 -0.162628173828125 0.040374755859375
0.171905517578125 0.0237884521484375 0.260665893554688 -0.0580596923828125
0.134788513183594 -0.0721588134765625 0.6063232421875 -0.1922607421875
0.021240234375 -0.07147216796875 0.7535400390625 -0.22991943359375
-0.0350761413574219 0.0323982238769531 0.84765625 -0.06689453125
0.00261688232421875 0.0727386474609375 0.781982421875 0.11053466796875
0.0389556884765625 0.0463142395019531 0.6162109375 0.16473388671875
0.0655136108398438 -0.0013580322265625 0.303558349609375 0.112823486328125
0.0467758178710937 -0.0123672485351562 -0.0137233734130859 -0.0299892425537109
0.0599174499511719 0.00206756591796875 -0.345123291015625 -0.1829833984375
0.0464057922363281 0.0329246520996094 -0.62530517578125 -0.23583984375
0.000164031982421871 0.0549812316894531 -0.78509521484375 -0.0366821289062498
-0.0388717651367188 0.00305175781250001 -0.74688720703125 0.21319580078125
0.0202789306640625 -0.0765457153320313 -0.74798583984375 0.28179931640625
0.135177612304688 -0.06817626953125 -0.5267333984375 0.22650146484375
0.1575927734375 0.0307464599609375 -0.132110595703125 0.0451507568359375
0.145263671875 0.008819580078125 0.2823486328125 -0.06591796875
0.105201721191406 -0.0652694702148438 0.6063232421875 -0.20654296875
0.0169563293457031 -0.0549812316894531 0.76104736328125 -0.25628662109375
-0.0215835571289062 0.0341014862060547 0.85382080078125 -0.11468505859375
0.00532913208007812 0.060333251953125 0.7738037109375 0.06170654296875
0.02740478515625 0.0298194885253906 0.592529296875 0.13287353515625
0.04669189453125 -0.0110054016113281 0.278305053710938 0.104583740234375
0.0334892272949219 -0.0199756622314453 -0.0390090942382813 -0.0285797119140625
0.0438385009765625 -0.00308990478515625 -0.36651611328125 -0.19873046875
0.0314311981201172 0.0251331329345703 -0.6351318359375 -0.279296875
-0.00934982299804687 0.0422782897949219 -0.7830810546875 -0.0885009765624999
-0.0363578796386719 -0.0057373046875 -0.73931884765625 0.17572021484375
0.0303268432617188 -0.0674095153808594 -0.74420166015625 0.26348876953125
0.129051208496094 -0.0477752685546875 -0.52764892578125 0.21160888671875
0.138214111328125 0.0398101806640625 -0.108787536621094 0.0569229125976562
-0.0622940063476563 0.00115585327148439 0.179000854492188 -0.0389862060546875
-0.0490951538085937 0.031829833984375 0.61383056640625 -0.2086181640625
8.01086425781225E-05 0.0307388305664063 0.716064453125 -0.30523681640625
0.0183162689208984 0.00923538208007813 0.77252197265625 -0.10003662109375
-1.14440917968749E-05 -0.0268878936767578 0.769775390625 0.152587890625
-0.0350379943847656 -0.0645561218261719 0.68353271484375 0.20062255859375
-0.0302619934082031 -0.0587272644042969 0.412017822265625 0.135009765625
-0.0336341857910156 -0.0505867004394531 0.0821380615234375 -0.00644683837890625
-0.0329780578613281 -0.0559883117675781 -0.256378173828125 -0.166305541992187
-0.035308837890625 -0.0639610290527344 -0.562744140625 -0.2066650390625
-0.0244178771972656 -0.0533370971679688 -0.7774658203125 -0.00646972656250004
-0.000633239746093747 -0.0337772369384766 -0.7938232421875 0.20928955078125
0.00543594360351563 0.0247039794921875 -0.77667236328125 0.25396728515625
-0.042144775390625 0.0358428955078125 -0.5374755859375 0.243621826171875
-0.078399658203125 0.0181198120117188 -0.20318603515625 0.0577239990234375
-0.00154399871826172 0.0172042846679688 0.1728515625 -0.0431365966796875
0.00362014770507813 0.00942420959472656 0.62158203125 -0.194580078125
0.00678443908691406 0.000170230865478516 0.71563720703125 -0.291015625
-0.000989913940429688 0.010493278503418 0.76531982421875 -0.068603515625
-0.000925600528717041 -0.000726759433746338 0.76812744140625 0.18634033203125
-0.0159168243408203 -0.0342426300048828 0.68890380859375 0.22796630859375
-0.000202178955078126 -0.0422477722167969 0.420928955078125 0.142578125
-0.00975036621093751 -0.0391159057617188 0.0914688110351563 -0.0097198486328125
-0.00568771362304687 -0.0416069030761719 -0.2503662109375 -0.161407470703125
-0.0112838745117188 -0.0409698486328125 -0.5556640625 -0.190765380859375
-0.0152397155761719 -0.0271320343017578 -0.76904296875 0.0235595703125
-0.00771331787109375 -0.0208225250244141 -0.7840576171875 0.2415771484375
0.000718593597412109 0.005462646484375 -0.7745361328125 0.27886962890625
-0.0112466812133789 0.00779914855957031 -0.541107177734375 0.260223388671875
-0.0271034240722656 0.0137672424316406 -0.218154907226563 0.0581512451171875
0.0639152526855469 0.0361289978027344 0.178115844726563 -0.0446319580078125
0.0643997192382813 -0.0136375427246094 0.62603759765625 -0.18853759765625
0.0209102630615234 -0.03466796875 0.720947265625 -0.27130126953125
-0.0186958312988281 0.00811195373535157 0.771484375 -0.0447998046875
-0.00712203979492188 0.0237140655517578 0.76727294921875 0.2027587890625
0.00519847869873047 -0.00139141082763672 0.68670654296875 0.2431640625
0.0287742614746094 -0.0252552032470703 0.414947509765625 0.14813232421875
0.0160808563232422 -0.0287036895751953 0.0879287719726563 -0.013580322265625
0.0183734893798828 -0.0285243988037109 -0.2550048828125 -0.158050537109375
0.0138378143310547 -0.017578125 -0.561065673828125 -0.17779541015625
-0.00163578987121582 -0.00252461433410645 -0.76385498046875 0.04339599609375
-0.0135612487792969 -0.00581932067871094 -0.7760009765625 0.26446533203125
-0.00224113464355469 -0.0144195556640625 -0.7724609375 0.30023193359375
0.0200176239013672 -0.0238094329833984 -0.5400390625 0.265533447265625
0.0285110473632813 0.00330352783203125 -0.220489501953125 0.0531158447265625
0.12158203125 0.0466156005859375 0.189056396484375 -0.04779052734375
0.116355895996094 -0.03399658203125 0.62017822265625 -0.1875
0.0285987854003906 -0.0628433227539063 0.7281494140625 -0.25445556640625
-0.0333881378173828 0.00845527648925781 0.78668212890625 -0.0283203125
-0.00920486450195312 0.0481452941894531 0.772216796875 0.201904296875
0.0197849273681641 0.0276432037353516 0.67864990234375 0.2384033203125
0.0532417297363281 -0.00916290283203125 0.399658203125 0.143524169921875
0.0364990234375 -0.0192985534667969 0.0707931518554687 -0.0181732177734375
0.0421066284179688 -0.0170440673828125 -0.270751953125 -0.158309936523438
0.0367584228515625 0.0030670166015625 -0.5701904296875 -0.1741943359375
0.00977897644042969 0.0250205993652344 -0.767578125 0.0492553710937499
-0.0185470581054688 0.00844001770019531 -0.766357421875 0.27386474609375
-0.00710296630859375 -0.0359687805175781 -0.767333984375 0.3118896484375
0.0530967712402344 -0.053558349609375 -0.537628173828125 0.26654052734375
0.0821914672851563 -0.00176239013671875 -0.21063232421875 0.048614501953125
0.161376953125 0.04656982421875 0.209976196289063 -0.0521697998046875
0.145858764648438 -0.0547943115234375 0.61273193359375 -0.186767578125
0.03173828125 -0.0792236328125 0.73040771484375 -0.23602294921875
-0.0410118103027344 0.0152473449707031 0.8079833984375 -0.0238037109375
-0.00942230224609374 0.0666656494140625 0.77886962890625 0.1834716796875
0.0339775085449219 0.0463294982910156 0.66107177734375 0.21929931640625
0.0693321228027344 3.814697265625E-05 0.369873046875 0.133514404296875
0.0509567260742188 -0.0137138366699219 0.0459251403808594 -0.0224380493164063
0.0580635070800781 -0.00660324096679688 -0.2935791015625 -0.160430908203125
0.0510749816894531 0.0201797485351563 -0.58978271484375 -0.18048095703125
0.0134353637695312 0.0427436828613281 -0.77301025390625 0.04217529296875
-0.0282611846923828 0.0143928527832031 -0.75872802734375 0.271484375
-0.0028076171875 -0.0545806884765625 -0.76031494140625 0.31256103515625
0.0888519287109375 -0.0729598999023437 -0.53497314453125 0.261077880859375
0.12701416015625 0.0023040771484375 -0.188629150390625 0.042449951171875
0.1795654296875 0.036376953125 0.233932495117187 -0.05718994140625
0.150924682617187 -0.07012939453125 0.6070556640625 -0.19464111328125
0.0275115966796875 -0.083465576171875 0.739990234375 -0.2293701171875
-0.0411643981933594 0.0263175964355469 0.830322265625 -0.04083251953125
-0.00550842285156249 0.074737548828125 0.7860107421875 0.14739990234375
0.0414695739746094 0.0528411865234375 0.64056396484375 0.19146728515625
0.0738449096679688 0.00318145751953125 0.336944580078125 0.119384765625
0.0556144714355469 -0.0104637145996094 0.0145664215087891 -0.0268230438232422
0.0656318664550781 0.00156021118164063 -0.3226318359375 -0.167083740234375
0.0544853210449219 0.0298805236816406 -0.6103515625 -0.19696044921875
0.00914764404296875 0.0559921264648438 -0.78173828125 0.0170288085937501
-0.0362434387207031 0.0123176574707031 -0.7529296875 0.25421142578125
0.00761413574218751 -0.0710830688476563 -0.752197265625 0.3065185546875
0.117622375488281 -0.0793685913085938 -0.52862548828125 0.248870849609375
0.153640747070313 0.0142822265625 -0.159347534179688 0.042999267578125
0.173477172851563 0.0214385986328125 0.259353637695313 -0.062286376953125
0.133705139160156 -0.0759124755859375 0.6044921875 -0.20355224609375
0.0187759399414062 -0.07244873046875 0.75042724609375 -0.244140625
-0.0340251922607422 0.0346488952636719 0.847900390625 -0.07763671875
0.00147247314453125 0.0731124877929688 0.78314208984375 0.10015869140625
0.0401725769042969 0.0464019775390625 0.615234375 0.15576171875
0.0624122619628906 -0.00209426879882813 0.30718994140625 0.110198974609375
0.0472564697265625 -0.0137100219726563 -0.0137042999267578 -0.028961181640625
0.0607032775878906 0.00127029418945313 -0.34735107421875 -0.178741455078125
0.0463142395019531 0.0324859619140625 -0.63018798828125 -0.23052978515625
0.00128555297851562 0.0544052124023437 -0.78472900390625 -0.02435302734375
-0.0403060913085938 0.00528717041015626 -0.743896484375 0.22552490234375
0.0165939331054688 -0.0762786865234375 -0.74371337890625 0.2943115234375
0.134819030761719 -0.0689849853515625 -0.527679443359375 0.232513427734375
0.159011840820313 0.03118896484375 -0.132102966308594 0.0480194091796875
0.144821166992188 0.0086517333984375 0.282012939453125 -0.068145751953125
0.10516357421875 -0.0646820068359375 0.6058349609375 -0.22015380859375
0.0151329040527344 -0.0550346374511719 0.75811767578125 -0.27032470703125
-0.0222606658935547 0.0349655151367188 0.85321044921875 -0.1282958984375
0.00617218017578125 0.0607070922851563 0.77642822265625 0.050537109375
0.0285072326660156 0.0287876129150391 0.59478759765625 0.12298583984375
0.0453071594238281 -0.0118827819824219 0.2816162109375 0.0989990234375
0.0335979461669922 -0.0194492340087891 -0.0405197143554688 -0.029449462890625
0.0459442138671875 -0.00522232055664062 -0.37115478515625 -0.194061279296875
0.0318946838378906 0.0235748291015625 -0.64117431640625 -0.27032470703125
-0.00876235961914062 0.0427818298339844 -0.78668212890625 -0.0780639648437499
-0.0365676879882813 -0.00566864013671874 -0.73834228515625 0.18701171875
0.0288047790527344 -0.0685958862304688 -0.74188232421875 0.27655029296875
0.128257751464844 -0.05035400390625 -0.52490234375 0.22119140625
0.138587951660156 0.0403518676757813 -0.108688354492188 0.0581817626953125
-0.0618972778320313 0.00180053710937501 0.180252075195313 -0.043121337890625
-0.0501060485839844 0.0322494506835938 0.60955810546875 -0.21807861328125
-1.14440917968772E-05 0.0313053131103516 0.71026611328125 -0.31854248046875
0.016204833984375 0.00907135009765625 0.77032470703125 -0.11004638671875
-0.000841140747070314 -0.0258865356445313 0.7716064453125 0.14068603515625
-0.0359268188476563 -0.0645904541015625 0.68475341796875 0.193359375
-0.0323066711425781 -0.0570716857910156 0.413421630859375 0.13067626953125
-0.0357170104980469 -0.0494232177734375 0.0800018310546875 -0.00860595703125
-0.0313339233398437 -0.0565719604492188 -0.257431030273438 -0.161651611328125
-0.0359420776367188 -0.0641593933105469 -0.568115234375 -0.200927734375
-0.0252113342285156 -0.051055908203125 -0.776123046875 0.00445556640625009
-0.00105476379394532 -0.0338172912597656 -0.7919921875 0.22222900390625
0.00450706481933594 0.0259609222412109 -0.77313232421875 0.2669677734375
-0.0434722900390625 0.0357704162597656 -0.53326416015625 0.252655029296875
-0.078033447265625 0.0210189819335938 -0.203811645507813 0.062408447265625
-0.001251220703125 0.0196685791015625 0.172470092773438 -0.045501708984375
0.00187063217163086 0.00853729248046875 0.61895751953125 -0.205078125
0.00452566146850586 -0.00104331970214844 0.71209716796875 -0.30157470703125
-0.00201606750488281 0.00992774963378906 0.76727294921875 -0.08111572265625
-0.00159883499145508 -0.00222063064575195 0.76885986328125 0.17254638671875
-0.0141792297363281 -0.0360641479492187 0.68939208984375 0.2186279296875
-0.00145339965820313 -0.0437240600585938 0.42169189453125 0.13983154296875
-0.0124855041503906 -0.0399513244628906 0.0941238403320313 -0.0123519897460938
-0.00957870483398438 -0.0447731018066406 -0.250274658203125 -0.158798217773438
-0.0148811340332031 -0.0420112609863281 -0.5599365234375 -0.181610107421875
-0.0152225494384766 -0.0264720916748047 -0.76739501953125 0.03472900390625
-0.0081024169921875 -0.0226230621337891 -0.78216552734375 0.2528076171875
0.0010991096496582 0.00411248207092285 -0.770751953125 0.29388427734375
-0.0101957321166992 0.00730800628662109 -0.535736083984375 0.266326904296875
-0.0279579162597656 0.0136756896972656 -0.216903686523437 0.0615234375
0.0649032592773438 0.0354270935058594 0.175811767578125 -0.0478057861328125
0.0647659301757813 -0.0141563415527344 0.6221923828125 -0.199462890625
0.018402099609375 -0.0344982147216797 0.7164306640625 -0.284423828125
-0.018463134765625 0.00929450988769531 0.77203369140625 -0.05633544921875
-0.00739097595214844 0.0232887268066406 0.77069091796875 0.19305419921875
0.00331258773803711 -0.0032498836517334 0.6925048828125 0.23089599609375
0.0276889801025391 -0.0263938903808594 0.420440673828125 0.142059326171875
0.0142440795898438 -0.0304336547851563 0.0876388549804688 -0.0148773193359375
0.0173225402832031 -0.0283355712890625 -0.25543212890625 -0.156387329101562
0.0120449066162109 -0.0205783843994141 -0.5643310546875 -0.1676025390625
0.000580906867980957 0.000604212284088135 -0.76239013671875 0.0519409179687499
-0.0128908157348633 -0.00495052337646484 -0.7723388671875 0.27789306640625
-0.00294971466064453 -0.0140295028686523 -0.7679443359375 0.3111572265625
0.0202255249023438 -0.0228500366210938 -0.53656005859375 0.277740478515625
0.0294666290283203 0.00302696228027344 -0.22027587890625 0.056793212890625
0.122039794921875 0.04388427734375 0.190185546875 -0.0522003173828125
0.11474609375 -0.0358505249023437 0.61895751953125 -0.19573974609375
0.0280227661132813 -0.0638999938964844 0.7220458984375 -0.26483154296875
-0.0315093994140625 0.00931167602539062 0.787109375 -0.03741455078125
-0.0111770629882813 0.0474166870117188 0.7783203125 0.1917724609375
0.0211219787597656 0.024810791015625 0.67999267578125 0.2301025390625
0.0546913146972656 -0.0104751586914063 0.400146484375 0.137603759765625
0.0354385375976563 -0.0211181640625 0.0721054077148438 -0.0199813842773438
0.0392303466796875 -0.0177726745605469 -0.272293090820313 -0.154098510742187
0.0335350036621094 0.00166702270507813 -0.5723876953125 -0.16619873046875
0.0104751586914063 0.0237369537353516 -0.76580810546875 0.0610961914062498
-0.0187549591064453 0.00682449340820313 -0.76470947265625 0.286865234375
-0.0058746337890625 -0.0343685150146484 -0.7623291015625 0.32318115234375
0.0534706115722656 -0.0536575317382813 -0.53692626953125 0.2750244140625
0.0817413330078125 -0.0023956298828125 -0.209701538085938 0.05157470703125
0.161544799804688 0.045562744140625 0.20843505859375 -0.0567779541015625
0.14239501953125 -0.0580596923828125 0.6109619140625 -0.1998291015625
0.0286102294921875 -0.082366943359375 0.72491455078125 -0.2471923828125
-0.0393714904785156 0.0165824890136719 0.80621337890625 -0.0360107421875
-0.00742340087890625 0.06585693359375 0.781982421875 0.173095703125
0.0337867736816406 0.0450248718261719 0.66424560546875 0.20855712890625
0.0691108703613281 0.0003509521484375 0.374176025390625 0.12615966796875
0.0497207641601563 -0.0134429931640625 0.0464019775390625 -0.0231590270996094
0.0594635009765625 -0.00701904296875 -0.295654296875 -0.156036376953125
0.0509719848632813 0.0188179016113281 -0.592529296875 -0.17041015625
0.0153007507324219 0.0438766479492188 -0.7730712890625 0.05096435546875
-0.0270576477050781 0.0153789520263672 -0.754638671875 0.2823486328125
-0.00412750244140625 -0.05560302734375 -0.75506591796875 0.32611083984375
0.0858993530273438 -0.0735397338867188 -0.53118896484375 0.268280029296875
0.128120422363281 -0.0004119873046875 -0.19000244140625 0.0449371337890625
0.183578491210938 0.0341796875 0.232894897460938 -0.0599365234375
0.148681640625 -0.0744171142578125 0.60479736328125 -0.201904296875
0.0237655639648438 -0.084503173828125 0.7364501953125 -0.24176025390625
-0.041778564453125 0.0284919738769531 0.83135986328125 -0.0516357421875
-0.00283050537109375 0.0736236572265625 0.7860107421875 0.13543701171875
0.041229248046875 0.0512428283691406 0.64111328125 0.1802978515625
0.07305908203125 0.00020599365234375 0.339874267578125 0.11492919921875
0.0535926818847656 -0.0113906860351563 0.0160465240478516 -0.0282993316650391
0.0659408569335938 -0.00226974487304688 -0.32501220703125 -0.162109375
0.0535469055175781 0.0292701721191406 -0.61273193359375 -0.189453125
0.00954818725585937 0.0546112060546875 -0.78082275390625 0.029541015625
-0.0377197265625 0.01214599609375 -0.7490234375 0.265380859375
0.00228118896484375 -0.0727920532226562 -0.7474365234375 0.3201904296875
0.114852905273437 -0.0821609497070313 -0.52484130859375 0.256072998046875
0.156341552734375 0.0134735107421875 -0.160140991210938 0.0456695556640625
0.174163818359375 0.0183258056640625 0.257568359375 -0.0673980712890625
0.132118225097656 -0.0779571533203125 0.60284423828125 -0.2125244140625
0.0155792236328125 -0.0749969482421875 0.7454833984375 -0.2552490234375
-0.0331649780273437 0.0353927612304688 0.847900390625 -0.09136962890625
0.00361633300781251 0.0710220336914063 0.7835693359375 0.0875244140625
0.039154052734375 0.0438041687011719 0.616455078125 0.14788818359375
0.0649032592773437 -0.00252914428710937 0.308380126953125 0.10516357421875
0.0485038757324219 -0.0142478942871094 -0.0149631500244141 -0.030609130859375
0.0602874755859375 -0.000988006591796875 -0.35089111328125 -0.174041748046875
0.0457191467285156 0.0332908630371094 -0.63189697265625 -0.2225341796875
0.000911712646484374 0.0554466247558594 -0.7872314453125 -0.0143432617187502
-0.0391883850097656 0.0052032470703125 -0.7406005859375 0.23687744140625
0.0176239013671875 -0.0799102783203125 -0.7412109375 0.3055419921875
0.13275146484375 -0.072998046875 -0.523712158203125 0.24249267578125
0.160781860351563 0.0290679931640625 -0.129249572753906 0.05023193359375
0.147171020507813 0.004638671875 0.281280517578125 -0.075653076171875
0.103599548339844 -0.0680007934570313 0.60125732421875 -0.23046875
0.0128555297851563 -0.0548362731933594 0.75238037109375 -0.28131103515625
-0.0218696594238281 0.0365142822265625 0.8519287109375 -0.1373291015625
0.00774765014648438 0.0597343444824219 0.77581787109375 0.03729248046875
0.0298347473144531 0.0296707153320313 0.59564208984375 0.11279296875
0.0443763732910156 -0.0128250122070312 0.280731201171875 0.0976409912109375
0.0329341888427734 -0.0215415954589844 -0.0413551330566406 -0.0265274047851562
0.0455474853515625 -0.00535202026367188 -0.373046875 -0.18695068359375
0.0324306488037109 0.0229167938232422 -0.64349365234375 -0.2615966796875
-0.00649261474609374 0.0434913635253906 -0.790771484375 -0.0645751953124999
-0.0363578796386719 -0.00651168823242187 -0.73681640625 0.19952392578125
0.02838134765625 -0.0699386596679688 -0.73956298828125 0.287841796875
0.128929138183594 -0.0515594482421875 -0.5233154296875 0.229644775390625
0.141204833984375 0.038299560546875 -0.107704162597656 0.0615997314453125
-0.0627555847167969 0.00301742553710938 0.178665161132813 -0.0444488525390625
-0.0500984191894531 0.0348701477050781 0.61053466796875 -0.22662353515625
-0.00140190124511718 0.0308456420898438 0.70477294921875 -0.32568359375
0.0163164138793945 0.00816535949707031 0.76702880859375 -0.1217041015625
0.000219345092773439 -0.0273208618164063 0.77313232421875 0.12890625
-0.0349464416503906 -0.0625038146972656 0.68524169921875 0.1815185546875
-0.0343475341796875 -0.0569038391113281 0.414886474609375 0.12261962890625
-0.0379524230957031 -0.0461997985839844 0.0843276977539063 -0.00948333740234375
-0.0371742248535156 -0.0575981140136719 -0.257186889648438 -0.158950805664062
-0.0373725891113281 -0.0640640258789063 -0.56573486328125 -0.19317626953125
-0.0253944396972656 -0.050201416015625 -0.7742919921875 0.0150146484375001
-0.00212860107421875 -0.0369644165039063 -0.78839111328125 0.23236083984375
0.00390052795410156 0.0260124206542969 -0.766845703125 0.2781982421875
-0.0419578552246094 0.0373573303222656 -0.52716064453125 0.259307861328125
-0.0764617919921875 0.0226669311523437 -0.201904296875 0.0657806396484375
-0.00323486328125 0.0159664154052734 0.172317504882813 -0.0495147705078125
0.00269031524658203 0.00915908813476563 0.61480712890625 -0.220703125
0.00440025329589844 -0.000705242156982422 0.7044677734375 -0.3128662109375
-0.000171661376953124 0.0105781555175781 0.76251220703125 -0.089111328125
-0.00228285789489746 -0.00371193885803223 0.77081298828125 0.162109375
-0.0167579650878906 -0.0336437225341797 0.69049072265625 0.21112060546875
-0.00138092041015625 -0.0420112609863281 0.42388916015625 0.132537841796875
-0.012786865234375 -0.04034423828125 0.0911636352539063 -0.013763427734375
-0.0101242065429688 -0.0423660278320313 -0.253067016601562 -0.15576171875
-0.014923095703125 -0.0421104431152344 -0.561798095703125 -0.172454833984375
-0.0154285430908203 -0.0258331298828125 -0.76446533203125 0.04449462890625
-0.00838470458984375 -0.0216045379638672 -0.77740478515625 0.263916015625
0.000733852386474609 0.00533294677734375 -0.76397705078125 0.30535888671875
-0.0121145248413086 0.008392333984375 -0.532806396484375 0.275726318359375
-0.0250720977783203 0.013214111328125 -0.214889526367188 0.0641326904296875
0.0638427734375 0.0328903198242188 0.17498779296875 -0.052520751953125
0.0614814758300781 -0.0134963989257813 0.6177978515625 -0.20806884765625
0.0169029235839844 -0.0351123809814453 0.71160888671875 -0.2945556640625
-0.0186576843261719 0.00893592834472656 0.76702880859375 -0.0650634765625
-0.00860786437988281 0.0212326049804688 0.77191162109375 0.181884765625
0.00629281997680664 -0.00296974182128906 0.69097900390625 0.2225341796875
0.0259895324707031 -0.0263099670410156 0.420623779296875 0.136962890625
0.0127506256103516 -0.0302677154541016 0.0897293090820313 -0.0182571411132813
0.0161914825439453 -0.0289878845214844 -0.256362915039063 -0.153030395507812
0.0106258392333984 -0.0200099945068359 -0.56640625 -0.16021728515625
0.000536620616912842 0.000769734382629395 -0.76116943359375 0.0654296875000002
-0.0151147842407227 -0.00537586212158203 -0.76629638671875 0.28466796875
-0.00459384918212891 -0.0144853591918945 -0.76190185546875 0.323974609375
0.0195178985595703 -0.0232887268066406 -0.533111572265625 0.280914306640625
0.0304927825927734 0.00394630432128906 -0.220626831054688 0.061126708984375
0.122276306152344 0.042724609375 0.187255859375 -0.0540618896484375
0.114509582519531 -0.0370330810546875 0.61639404296875 -0.20782470703125
0.0253067016601563 -0.0653839111328125 0.71575927734375 -0.27374267578125
-0.0320148468017578 0.0103759765625 0.78533935546875 -0.04852294921875
-0.009368896484375 0.0471687316894531 0.77752685546875 0.1785888671875
0.0220165252685547 0.0246067047119141 0.68231201171875 0.2183837890625
0.0535964965820313 -0.0113983154296875 0.40179443359375 0.13116455078125
0.0344047546386719 -0.0194301605224609 0.0715103149414063 -0.0213851928710938
0.04107666015625 -0.0202407836914063 -0.272567749023438 -0.151077270507813
0.0351219177246094 -0.000329971313476563 -0.5732421875 -0.15966796875
0.0108909606933594 0.0265827178955078 -0.76373291015625 0.0708007812500001
-0.0188522338867188 0.00768089294433594 -0.7598876953125 0.2972412109375
-0.00765419006347656 -0.0336437225341797 -0.7576904296875 0.335205078125
0.0527381896972656 -0.0552215576171875 -0.529815673828125 0.284088134765625
0.0825576782226562 -0.00431060791015625 -0.210281372070313 0.053375244140625
0.16510009765625 0.0423431396484375 0.207534790039063 -0.0589752197265625
0.14288330078125 -0.0589752197265625 0.606201171875 -0.20831298828125
0.0268020629882812 -0.0821914672851563 0.72003173828125 -0.2578125
-0.0404167175292969 0.0179710388183594 0.80145263671875 -0.046142578125
-0.00770950317382813 0.0638084411621094 0.782470703125 0.1595458984375
0.0355949401855469 0.0457077026367188 0.6629638671875 0.20111083984375
0.06719970703125 -0.00226593017578125 0.37335205078125 0.120941162109375
0.0491447448730469 -0.0155181884765625 0.046478271484375 -0.0245018005371094
0.0581741333007813 -0.0110549926757813 -0.2958984375 -0.1534423828125
0.0511283874511719 0.0180091857910156 -0.594482421875 -0.16204833984375
0.0179252624511719 0.0460777282714844 -0.76922607421875 0.0647583007812499
-0.0259571075439453 0.0145645141601563 -0.74896240234375 0.2919921875
-0.004791259765625 -0.0544586181640625 -0.74993896484375 0.337158203125
0.0855712890625 -0.0738601684570313 -0.527099609375 0.27459716796875
0.12933349609375 -0.0013885498046875 -0.188522338867188 0.0479583740234375
0.1827392578125 0.0305633544921875 0.231063842773438 -0.063934326171875
0.146697998046875 -0.0762786865234375 0.59954833984375 -0.2132568359375
0.0222930908203125 -0.0831451416015625 0.7301025390625 -0.252197265625
-0.0438156127929688 0.0272407531738281 0.82470703125 -0.0635986328125
-0.0015716552734375 0.0745468139648438 0.785400390625 0.1246337890625
0.0423088073730469 0.0519332885742187 0.64166259765625 0.1702880859375
0.0719223022460938 0.00125885009765625 0.340606689453125 0.111419677734375
0.05377197265625 -0.0116500854492188 0.0145797729492188 -0.0268096923828125
0.0646018981933594 -0.00419235229492188 -0.325469970703125 -0.158599853515625
0.0538787841796875 0.0282440185546875 -0.61358642578125 -0.18145751953125
0.0121688842773437 0.0549392700195313 -0.77862548828125 0.0403442382812498
-0.0360984802246094 0.0141754150390625 -0.74444580078125 0.27313232421875
0.0023651123046875 -0.072021484375 -0.73931884765625 0.3316650390625
0.115211486816406 -0.0841827392578125 -0.520721435546875 0.265594482421875
0.156219482421875 0.011505126953125 -0.1575927734375 0.04620361328125
0.176498413085938 0.0167083740234375 0.257537841796875 -0.070953369140625
0.131935119628906 -0.0806350708007813 0.5977783203125 -0.22412109375
0.0151596069335938 -0.072021484375 0.74169921875 -0.26513671875
-0.0338020324707031 0.034637451171875 0.84466552734375 -0.1025390625
0.0045623779296875 0.07342529296875 0.7822265625 0.07623291015625
0.0416107177734375 0.0420303344726563 0.61639404296875 0.13897705078125
0.0654449462890625 -0.00321578979492188 0.31109619140625 0.09954833984375
0.0470733642578125 -0.0140342712402344 -0.0158138275146484 -0.0285816192626953
0.0574913024902344 -0.00233078002929688 -0.352142333984375 -0.169464111328125
0.048004150390625 0.0332069396972656 -0.63262939453125 -0.21173095703125
0.00127410888671876 0.055206298828125 -0.7860107421875 -0.00134277343749991
-0.0399932861328125 0.00644302368164063 -0.738525390625 0.24688720703125
0.0144805908203125 -0.078857421875 -0.7362060546875 0.318115234375
0.131843566894531 -0.0749359130859375 -0.51849365234375 0.249664306640625
0.162872314453125 0.0247802734375 -0.132293701171875 0.0524749755859375
0.145858764648437 0.0037994384765625 0.279953002929688 -0.0787506103515625
0.100944519042969 -0.0719528198242187 0.59637451171875 -0.23809814453125
0.0124855041503906 -0.054901123046875 0.746826171875 -0.29058837890625
-0.0202674865722656 0.037994384765625 0.84771728515625 -0.14947509765625
0.00753021240234376 0.0584945678710937 0.77581787109375 0.0284423828125
0.0304012298583984 0.0280303955078125 0.59368896484375 0.105224609375
0.0443572998046875 -0.0131874084472656 0.28369140625 0.09234619140625
0.0307712554931641 -0.020721435546875 -0.0398941040039062 -0.0257911682128906
0.0449142456054687 -0.00671005249023438 -0.375091552734375 -0.184326171875
0.0318584442138672 0.0250682830810547 -0.6448974609375 -0.25262451171875
-0.0070343017578125 0.0455818176269531 -0.78619384765625 -0.05523681640625
-0.0361251831054688 -0.00493240356445313 -0.731689453125 0.20721435546875
0.0261688232421875 -0.0685081481933594 -0.7337646484375 0.299072265625
0.127639770507813 -0.0542144775390625 -0.521392822265625 0.236297607421875
0.141693115234375 0.0360260009765625 -0.106109619140625 0.061004638671875
-0.0616416931152344 0.00218582153320312 0.176055908203125 -0.050079345703125
-0.0513648986816406 0.0357704162597656 0.6007080078125 -0.2357177734375
-0.000354766845703126 0.0316371917724609 0.6949462890625 -0.33758544921875
0.0179328918457031 0.00870704650878906 0.763671875 -0.1324462890625
0.00116157531738281 -0.0273571014404297 0.77105712890625 0.11846923828125
-0.0385780334472656 -0.0634384155273438 0.6845703125 0.17034912109375
-0.036102294921875 -0.0557708740234375 0.414398193359375 0.117828369140625
-0.0398521423339844 -0.0464401245117187 0.0836563110351562 -0.0106048583984375
-0.0370368957519531 -0.0561866760253906 -0.260055541992188 -0.1546630859375
-0.0384101867675781 -0.0628776550292969 -0.5673828125 -0.1834716796875
-0.0257568359375 -0.0514678955078125 -0.77154541015625 0.02569580078125
-0.00241851806640625 -0.035186767578125 -0.77886962890625 0.2457275390625
0.00544929504394531 0.0248012542724609 -0.76031494140625 0.28839111328125
-0.0434188842773438 0.038726806640625 -0.524169921875 0.268829345703125
-0.0745391845703125 0.02301025390625 -0.201385498046875 0.0666656494140625
7.34329223632823E-05 0.0157804489135742 0.169815063476563 -0.051788330078125
0.0026397705078125 0.0102758407592773 0.610107421875 -0.2265625
0.00445127487182617 -0.00115299224853516 0.69757080078125 -0.32513427734375
0.000618934631347657 0.01025390625 0.7578125 -0.10009765625
-0.00136351585388184 -0.00266814231872559 0.76849365234375 0.15179443359375
-0.0170822143554687 -0.0354118347167969 0.69024658203125 0.1983642578125
-0.0040740966796875 -0.0425491333007813 0.4246826171875 0.126129150390625
-0.01348876953125 -0.0394287109375 0.0933303833007812 -0.013885498046875
-0.0117263793945313 -0.0450210571289063 -0.253173828125 -0.151748657226563
-0.0135269165039062 -0.0412979125976563 -0.56182861328125 -0.164794921875
-0.0159320831298828 -0.0245895385742187 -0.7593994140625 0.0556640625
-0.00893783569335937 -0.0217952728271484 -0.76959228515625 0.27520751953125
0.00148963928222656 0.00471258163452149 -0.75921630859375 0.31671142578125
-0.0115175247192383 0.00920295715332032 -0.526153564453125 0.28338623046875
-0.0251617431640625 0.0162258148193359 -0.21435546875 0.06622314453125
0.0663986206054688 0.0318794250488281 0.173492431640625 -0.052642822265625
0.0625381469726563 -0.0162544250488281 0.61370849609375 -0.21844482421875
0.0161094665527344 -0.0351448059082031 0.70294189453125 -0.30621337890625
-0.0179481506347656 0.00971221923828125 0.76483154296875 -0.07611083984375
-0.00577354431152344 0.0231723785400391 0.7701416015625 0.16998291015625
0.00300168991088867 -0.0032203197479248 0.69000244140625 0.20941162109375
0.0256099700927734 -0.0282268524169922 0.41802978515625 0.130462646484375
0.0108489990234375 -0.0294895172119141 0.0879287719726562 -0.0193099975585938
0.0157108306884766 -0.0312290191650391 -0.257705688476563 -0.150161743164063
0.0134124755859375 -0.0189800262451172 -0.56329345703125 -0.15380859375
-0.000304520130157471 0.000573456287384033 -0.75677490234375 0.0735473632812499
-0.0131731033325195 -0.00544548034667969 -0.75872802734375 0.29638671875
-0.00408363342285156 -0.0143022537231445 -0.75469970703125 0.33294677734375
0.019287109375 -0.0236644744873047 -0.526580810546875 0.2894287109375
0.0303783416748047 0.0047607421875 -0.2171630859375 0.0643157958984375
0.1253662109375 0.041229248046875 0.185958862304688 -0.0585479736328125
0.112525939941406 -0.0399246215820313 0.6090087890625 -0.2156982421875
0.0250511169433594 -0.0661468505859375 0.70947265625 -0.2855224609375
-0.0322837829589844 0.0127735137939453 0.77978515625 -0.05792236328125
-0.00703811645507812 0.0468978881835938 0.7742919921875 0.16729736328125
0.0228939056396484 0.0235328674316406 0.68145751953125 0.20703125
0.052520751953125 -0.0120277404785156 0.40240478515625 0.125030517578125
0.0337352752685547 -0.0215682983398438 0.070526123046875 -0.0206985473632813
0.0406570434570313 -0.0205841064453125 -0.273605346679688 -0.14776611328125
0.0347633361816406 0.000188827514648437 -0.574951171875 -0.14874267578125
0.0119495391845703 0.0277042388916016 -0.7603759765625 0.0802001953124999
-0.0198116302490234 0.00997543334960938 -0.7508544921875 0.30816650390625
-0.0087432861328125 -0.0328407287597656 -0.74908447265625 0.3446044921875
0.0492477416992187 -0.0540008544921875 -0.525115966796875 0.290618896484375
0.0851821899414063 -0.00356292724609375 -0.207611083984375 0.0572662353515625
0.167037963867188 0.0399932861328125 0.20587158203125 -0.0617523193359375
0.140731811523438 -0.0618438720703125 0.6011962890625 -0.21844482421875
0.023406982421875 -0.0831451416015625 0.71380615234375 -0.26904296875
-0.0394744873046875 0.0186004638671875 0.8013916015625 -0.05645751953125
-0.00658035278320313 0.0653839111328125 0.77947998046875 0.14739990234375
0.0380477905273437 0.0442352294921875 0.6632080078125 0.18829345703125
0.0679435729980469 -0.00235748291015625 0.374237060546875 0.118438720703125
0.0477676391601563 -0.0151100158691406 0.0459480285644531 -0.0260047912597656
0.0582046508789063 -0.0119285583496094 -0.2967529296875 -0.14703369140625
0.0521125793457031 0.016571044921875 -0.5946044921875 -0.15496826171875
0.01715087890625 0.0440406799316406 -0.765869140625 0.07208251953125
-0.0273189544677734 0.0154323577880859 -0.7423095703125 0.30517578125
-0.00603103637695312 -0.0557861328125 -0.7427978515625 0.34881591796875
0.0834121704101563 -0.0763931274414062 -0.520263671875 0.283233642578125
0.129791259765625 -0.002044677734375 -0.188385009765625 0.050750732421875
0.181686401367188 0.0282440185546875 0.229400634765625 -0.0686798095703125
0.145355224609375 -0.0783843994140625 0.59576416015625 -0.221923828125
0.01861572265625 -0.0832748413085938 0.7235107421875 -0.26446533203125
-0.0403823852539063 0.028472900390625 0.82183837890625 -0.07379150390625
4.57763671874979E-05 0.0755386352539063 0.78326416015625 0.11212158203125
0.0425491333007812 0.0496139526367187 0.64129638671875 0.16204833984375
0.0712127685546875 0.0006561279296875 0.340728759765625 0.105010986328125
0.05224609375 -0.0121192932128906 0.0140914916992188 -0.0270748138427734
0.0637588500976563 -0.00305938720703125 -0.325286865234375 -0.153076171875
0.055572509765625 0.028167724609375 -0.61572265625 -0.171142578125
0.0134239196777344 0.0559463500976562 -0.77545166015625 0.0516357421875
-0.036346435546875 0.0157203674316406 -0.73736572265625 0.28656005859375
0.00218963623046876 -0.0720672607421875 -0.73492431640625 0.34246826171875
0.113365173339844 -0.0845184326171875 -0.515472412109375 0.271148681640625
0.15740966796875 0.0086517333984375 -0.1588134765625 0.0499114990234375
0.176239013671875 0.01318359375 0.256210327148438 -0.075408935546875
0.127677917480469 -0.0820541381835938 0.591064453125 -0.234130859375
0.0134658813476562 -0.0720596313476563 0.73345947265625 -0.27545166015625
-0.0333213806152344 0.0362052917480469 0.83856201171875 -0.11358642578125
0.0048828125 0.0724334716796875 0.77874755859375 0.06573486328125
0.0425758361816406 0.042327880859375 0.614501953125 0.127197265625
0.0624847412109375 -0.00455856323242187 0.30828857421875 0.094879150390625
0.044891357421875 -0.0148811340332031 -0.0159969329833984 -0.0274772644042969
0.0593986511230469 -0.001373291015625 -0.3514404296875 -0.1629638671875
0.0481605529785156 0.0315895080566406 -0.6337890625 -0.20361328125
0.00476837158203125 0.0554580688476562 -0.784423828125 0.0085449218749999
-0.040008544921875 0.00617218017578124 -0.730712890625 0.25732421875
0.0130081176757812 -0.0780868530273438 -0.7271728515625 0.32763671875
0.13043212890625 -0.0760574340820313 -0.514251708984375 0.256439208984375
0.16424560546875 0.024139404296875 -0.129379272460938 0.053924560546875
0.14825439453125 0.0001373291015625 0.277267456054688 -0.0823211669921875
0.0984268188476563 -0.0705947875976563 0.590576171875 -0.24908447265625
0.0111618041992188 -0.0550346374511719 0.74066162109375 -0.30389404296875
-0.0217094421386719 0.0363883972167969 0.83953857421875 -0.16217041015625
0.00895309448242188 0.0594596862792969 0.76995849609375 0.014892578125
0.0310249328613281 0.0283451080322266 0.5924072265625 0.09503173828125
0.0431747436523438 -0.0136871337890625 0.28436279296875 0.08917236328125
0.0311450958251953 -0.0207786560058594 -0.0411643981933594 -0.0259971618652344
0.0437850952148437 -0.00614166259765625 -0.3756103515625 -0.177886962890625
0.0329532623291016 0.0215873718261719 -0.64801025390625 -0.24578857421875
-0.0064544677734375 0.04510498046875 -0.7861328125 -0.0457763671875001
-0.0366630554199219 -0.00433731079101563 -0.7254638671875 0.21868896484375
0.026824951171875 -0.0702133178710938 -0.72442626953125 0.31121826171875
0.127883911132813 -0.0545730590820313 -0.51531982421875 0.24322509765625
0.14410400390625 0.03521728515625 -0.104705810546875 0.06427001953125
-0.0617523193359375 0.00201416015625 0.17437744140625 -0.051422119140625
-0.050140380859375 0.0346183776855469 0.59649658203125 -0.24395751953125
-0.00188064575195313 0.0313282012939453 0.68798828125 -0.34637451171875
0.0175104141235352 0.00696468353271484 0.7587890625 -0.13946533203125
3.24249267578127E-05 -0.0283794403076172 0.76763916015625 0.1090087890625
-0.0402488708496094 -0.062744140625 0.68096923828125 0.160888671875
-0.0375785827636719 -0.0555343627929688 0.412841796875 0.1112060546875
-0.04071044921875 -0.0459938049316406 0.0829696655273438 -0.0121994018554688
-0.0389442443847656 -0.0554313659667969 -0.260086059570313 -0.152267456054688
-0.0395469665527344 -0.0624313354492187 -0.56591796875 -0.17327880859375
-0.02801513671875 -0.0509567260742188 -0.76654052734375 0.0363159179687501
-0.00133895874023437 -0.035308837890625 -0.77581787109375 0.25396728515625
0.00695610046386719 0.0254650115966797 -0.75299072265625 0.29803466796875
-0.0425949096679688 0.0406646728515625 -0.518829345703125 0.2738037109375
-0.0753402709960938 0.02374267578125 -0.199752807617188 0.069732666015625
-0.00105381011962891 0.0167465209960938 0.168701171875 -0.053070068359375
0.000634193420410156 0.00967121124267578 0.60614013671875 -0.2349853515625
0.00339579582214355 -0.000963211059570313 0.68865966796875 -0.33038330078125
-0.000280380249023438 0.0106544494628906 0.75189208984375 -0.1094970703125
-0.000916719436645508 -0.00300788879394531 0.76611328125 0.1424560546875
-0.0170860290527344 -0.0361137390136719 0.68927001953125 0.18621826171875
-0.00628662109375 -0.0408363342285156 0.425140380859375 0.119171142578125
-0.0159797668457031 -0.0383529663085938 0.0919418334960937 -0.0151596069335937
-0.0136528015136719 -0.0426139831542969 -0.253738403320313 -0.148529052734375
-0.0161514282226563 -0.0402259826660156 -0.56109619140625 -0.159088134765625
-0.0147743225097656 -0.02490234375 -0.75604248046875 0.06439208984375
-0.0099639892578125 -0.0204963684082031 -0.76239013671875 0.28497314453125
0.00129246711730957 0.00434732437133789 -0.748291015625 0.32427978515625
-0.0114126205444336 0.0117521286010742 -0.52008056640625 0.28631591796875
-0.023834228515625 0.0171356201171875 -0.214767456054688 0.0679168701171875
0.0663795471191406 0.0314826965332031 0.171600341796875 -0.0553131103515625
0.0593719482421875 -0.0168190002441406 0.60894775390625 -0.2249755859375
0.0148544311523437 -0.0357131958007813 0.6949462890625 -0.3157958984375
-0.0172281265258789 0.00916194915771484 0.7603759765625 -0.08441162109375
-0.00605392456054688 0.0235061645507813 0.7667236328125 0.16015625
0.00202059745788574 -0.00390410423278809 0.6893310546875 0.20025634765625
0.0262527465820312 -0.0260219573974609 0.420013427734375 0.124481201171875
0.0106010437011719 -0.0317668914794922 0.0876541137695313 -0.0199127197265625
0.0148677825927734 -0.0316333770751953 -0.258682250976563 -0.145767211914062
0.0108375549316406 -0.0194301605224609 -0.56390380859375 -0.14532470703125
0.000361621379852295 0.000876009464263916 -0.75360107421875 0.0835571289062499
-0.0135354995727539 -0.00504589080810547 -0.7530517578125 0.3046875
-0.00399017333984375 -0.0131158828735352 -0.74652099609375 0.345703125
0.0191593170166016 -0.02252197265625 -0.520355224609375 0.29632568359375
0.0321846008300781 0.00334739685058594 -0.216156005859375 0.064208984375
0.125946044921875 0.0407638549804688 0.185150146484375 -0.0612640380859375
0.110633850097656 -0.0422515869140625 0.6021728515625 -0.2249755859375
0.0213661193847656 -0.0658035278320313 0.70086669921875 -0.29486083984375
-0.0309791564941406 0.0122356414794922 0.77557373046875 -0.06787109375
-0.00741195678710937 0.0465888977050781 0.77349853515625 0.157470703125
0.0217571258544922 0.0238094329833984 0.68060302734375 0.19732666015625
0.0515480041503906 -0.0111961364746094 0.403045654296875 0.1204833984375
0.0321254730224609 -0.0221824645996094 0.0697059631347656 -0.0224113464355469
0.0402336120605469 -0.0193901062011719 -0.273834228515625 -0.1436767578125
0.0342197418212891 -0.000501632690429687 -0.573974609375 -0.1400146484375
0.0136489868164063 0.0239448547363281 -0.754638671875 0.0894775390625001
-0.0184803009033203 0.00992774963378906 -0.742919921875 0.31524658203125
-0.00810813903808594 -0.034454345703125 -0.7430419921875 0.3548583984375
0.0482864379882813 -0.0540351867675781 -0.518798828125 0.297332763671875
0.0856857299804688 -0.004638671875 -0.20849609375 0.0598297119140625
0.1656494140625 0.03680419921875 0.20220947265625 -0.0661773681640625
0.1400146484375 -0.0628738403320313 0.5958251953125 -0.2271728515625
0.0249099731445313 -0.0816650390625 0.707275390625 -0.27691650390625
-0.0410308837890625 0.0194168090820313 0.79736328125 -0.06597900390625
-0.00544357299804688 0.0654373168945313 0.7767333984375 0.13824462890625
0.03564453125 0.044677734375 0.65997314453125 0.18121337890625
0.0675086975097656 -0.00403976440429688 0.372222900390625 0.11126708984375
0.0459213256835938 -0.0164985656738281 0.0445823669433594 -0.0241928100585938
0.0562019348144531 -0.0107421875 -0.29766845703125 -0.14324951171875
0.0521278381347656 0.0164909362792969 -0.59185791015625 -0.14483642578125
0.0175361633300781 0.0445899963378906 -0.76251220703125 0.0831909179687499
-0.0268402099609375 0.0155429840087891 -0.734375 0.3104248046875
-0.00703048706054687 -0.0537757873535156 -0.732666015625 0.361083984375
0.0813369750976563 -0.0758514404296875 -0.515625 0.289215087890625
0.131004333496094 -0.00385284423828125 -0.186935424804688 0.0537261962890625
0.183273315429687 0.024078369140625 0.226165771484375 -0.0706939697265625
0.143630981445313 -0.0793304443359375 0.59112548828125 -0.22930908203125
0.017791748046875 -0.0836639404296875 0.716064453125 -0.27191162109375
-0.0398178100585938 0.0284767150878906 0.81793212890625 -0.08282470703125
0.000900268554687493 0.0742950439453125 0.77850341796875 0.10198974609375
0.044281005859375 0.0476913452148438 0.63720703125 0.15509033203125
0.0704269409179687 -0.000579833984375 0.339874267578125 0.10137939453125
0.0510787963867188 -0.0136985778808594 0.0145072937011719 -0.029205322265625
0.06304931640625 -0.00490188598632813 -0.3245849609375 -0.1490478515625
0.0553436279296875 0.0270042419433594 -0.61309814453125 -0.162353515625
0.0155067443847656 0.055816650390625 -0.772216796875 0.0618896484375
-0.0359115600585938 0.0165634155273438 -0.72918701171875 0.29217529296875
0.000289916992187495 -0.0719985961914063 -0.7265625 0.35150146484375
0.110923767089844 -0.083831787109375 -0.51080322265625 0.27642822265625
0.159255981445313 0.007537841796875 -0.1580810546875 0.05120849609375
0.176788330078125 0.0111541748046875 0.253524780273438 -0.0795135498046875
0.127105712890625 -0.08416748046875 0.58795166015625 -0.24114990234375
0.010223388671875 -0.0719223022460938 0.726318359375 -0.28607177734375
-0.0329360961914063 0.0385284423828125 0.832763671875 -0.12451171875
0.00774002075195312 0.0697097778320313 0.77508544921875 0.0560302734375
0.0429267883300781 0.0426788330078125 0.612548828125 0.11993408203125
0.061676025390625 -0.00654220581054688 0.3099365234375 0.091766357421875
0.0457077026367188 -0.0146751403808594 -0.0158557891845703 -0.0262279510498047
0.058624267578125 -0.00408935546875 -0.35406494140625 -0.158477783203125
0.0487022399902344 0.0288925170898438 -0.633544921875 -0.19464111328125
0.00555419921875 0.0575447082519531 -0.77838134765625 0.0168457031250001
-0.0404434204101563 0.00821685791015626 -0.72503662109375 0.2645263671875
0.0136337280273438 -0.0781478881835938 -0.7203369140625 0.33697509765625
0.128303527832031 -0.0774765014648438 -0.508544921875 0.262847900390625
0.163345336914063 0.0214080810546875 -0.128044128417969 0.056488037109375
0.148361206054688 -0.0007171630859375 0.274703979492188 -0.08599853515625
0.09808349609375 -0.0708160400390625 0.5860595703125 -0.2574462890625
0.00889205932617187 -0.0539779663085938 0.73095703125 -0.31207275390625
-0.0193748474121094 0.0381355285644531 0.837158203125 -0.17144775390625
0.0103111267089844 0.0597343444824219 0.76641845703125 0.00677490234375
0.030364990234375 0.0248432159423828 0.58868408203125 0.09033203125
0.0440711975097656 -0.0123519897460938 0.281707763671875 0.08526611328125
0.0308170318603516 -0.0218067169189453 -0.040496826171875 -0.0258750915527344
0.0442886352539063 -0.00855636596679688 -0.37451171875 -0.170562744140625
0.0331993103027344 0.0218830108642578 -0.64923095703125 -0.23419189453125
-0.00524520874023437 0.0449066162109375 -0.7833251953125 -0.03619384765625
-0.0371856689453125 -0.00365066528320313 -0.72119140625 0.228759765625
0.0238571166992188 -0.0705337524414063 -0.71697998046875 0.3192138671875
0.125740051269531 -0.0569534301757813 -0.511566162109375 0.250030517578125
0.144851684570313 0.032867431640625 -0.102432250976562 0.0637664794921875
-0.0599212646484375 0.00475311279296875 0.171798706054688 -0.053741455078125
-0.0521736145019531 0.0389213562011719 0.591064453125 -0.25323486328125
-0.00134086608886719 0.0312461853027344 0.67535400390625 -0.35247802734375
0.0153779983520508 0.00646686553955078 0.7528076171875 -0.1478271484375
0.000436782836914064 -0.0290260314941406 0.76531982421875 0.0994873046875
-0.0410537719726563 -0.0631217956542969 0.677001953125 0.15045166015625
-0.0386009216308594 -0.0540008544921875 0.412353515625 0.10498046875
-0.0425910949707031 -0.0457687377929688 0.0866546630859375 -0.0116958618164063
-0.0408477783203125 -0.0556221008300781 -0.259506225585937 -0.148513793945312
-0.0396690368652344 -0.0611686706542969 -0.56396484375 -0.16900634765625
-0.0281181335449219 -0.0494537353515625 -0.76031494140625 0.0444946289062499
-0.00204086303710937 -0.0353240966796875 -0.7684326171875 0.26007080078125
0.00522613525390625 0.0259895324707031 -0.74554443359375 0.305419921875
-0.0415000915527344 0.0414352416992187 -0.5130615234375 0.278045654296875
-0.0736770629882813 0.0253982543945313 -0.197677612304688 0.072479248046875
-0.00070476531982422 0.0160236358642578 0.164932250976563 -0.055389404296875
-0.00105667114257812 0.00912189483642578 0.59881591796875 -0.2410888671875
0.00239706039428711 -0.000558614730834961 0.680908203125 -0.34051513671875
0.000282287597656249 0.0110130310058594 0.74786376953125 -0.11529541015625
-0.00205802917480469 -0.00361800193786621 0.76458740234375 0.1302490234375
-0.0178890228271484 -0.0346336364746094 0.68597412109375 0.17828369140625
-0.0067596435546875 -0.0415916442871094 0.42236328125 0.114654541015625
-0.0161094665527344 -0.0402069091796875 0.093292236328125 -0.01678466796875
-0.015350341796875 -0.044830322265625 -0.252471923828125 -0.145599365234375
-0.0171241760253906 -0.0402603149414063 -0.55633544921875 -0.149810791015625
-0.0161342620849609 -0.0253734588623047 -0.75299072265625 0.07318115234375
-0.00961685180664063 -0.0208930969238281 -0.75457763671875 0.29290771484375
0.000980377197265625 0.00436472892761231 -0.7408447265625 0.333251953125
-0.0104942321777344 0.0106315612792969 -0.51397705078125 0.292633056640625
-0.0234870910644531 0.0153636932373047 -0.211181640625 0.071685791015625
0.0675315856933594 0.0305519104003906 0.168487548828125 -0.05706787109375
0.0601539611816406 -0.0178985595703125 0.60052490234375 -0.2325439453125
0.0128021240234375 -0.0360069274902344 0.6871337890625 -0.32232666015625
-0.0181617736816406 0.0107097625732422 0.75457763671875 -0.09136962890625
-0.00615692138671875 0.0220680236816406 0.76422119140625 0.1497802734375
0.00441694259643555 -0.00333404541015625 0.684814453125 0.19281005859375
0.0238132476806641 -0.0250682830810547 0.41815185546875 0.116119384765625
0.0100135803222656 -0.0284347534179688 0.0872726440429687 -0.019683837890625
0.0144367218017578 -0.0323467254638672 -0.258193969726562 -0.143264770507812
0.0105476379394531 -0.0200214385986328 -0.560211181640625 -0.13958740234375
0.00131464004516602 0.00176346302032471 -0.74615478515625 0.09295654296875
-0.0130710601806641 -0.00345993041992188 -0.74725341796875 0.31280517578125
-0.00530338287353516 -0.0131502151489258 -0.737548828125 0.3546142578125
0.0171070098876953 -0.0250892639160156 -0.514068603515625 0.301422119140625
0.0343513488769531 0.00374984741210938 -0.215911865234375 0.068115234375
0.125579833984375 0.0388107299804688 0.181961059570313 -0.062957763671875
0.109428405761719 -0.0410537719726563 0.59906005859375 -0.23223876953125
0.0208168029785156 -0.0664901733398438 0.69158935546875 -0.302001953125
-0.0312938690185547 0.0143775939941406 0.770263671875 -0.07550048828125
-0.00708770751953125 0.0465202331542969 0.7705078125 0.1468505859375
0.0216197967529297 0.0239791870117188 0.6796875 0.18890380859375
0.0495376586914063 -0.0141105651855469 0.400482177734375 0.113922119140625
0.0325527191162109 -0.0239295959472656 0.0716400146484375 -0.023040771484375
0.0384674072265625 -0.0208168029785156 -0.273269653320313 -0.142044067382813
0.0351791381835938 0.000225067138671875 -0.5699462890625 -0.134033203125
0.0140838623046875 0.0245933532714844 -0.74884033203125 0.0985717773437501
-0.0193004608154297 0.00870513916015625 -0.73736572265625 0.32183837890625
-0.00870323181152344 -0.0333805084228516 -0.73028564453125 0.36273193359375
0.0481300354003906 -0.0548629760742187 -0.512969970703125 0.301605224609375
0.0845108032226563 -0.00457763671875 -0.205093383789063 0.06097412109375
0.166351318359375 0.0338897705078125 0.199554443359375 -0.06787109375
0.138557434082031 -0.0626220703125 0.5888671875 -0.23333740234375
0.020843505859375 -0.0811614990234375 0.69873046875 -0.2850341796875
-0.0380477905273438 0.0220451354980469 0.7904052734375 -0.07501220703125
-0.00496673583984375 0.0666122436523438 0.77288818359375 0.12701416015625
0.0355491638183594 0.0439491271972656 0.657470703125 0.17132568359375
0.066131591796875 -0.00401687622070313 0.373260498046875 0.10565185546875
0.0450782775878906 -0.0165519714355469 0.0461959838867187 -0.0261077880859375
0.0570793151855469 -0.0132560729980469 -0.297149658203125 -0.140899658203125
0.0506057739257813 0.0161170959472656 -0.587890625 -0.13787841796875
0.0184898376464844 0.0436973571777344 -0.75494384765625 0.0938110351562499
-0.0267333984375 0.0172023773193359 -0.7274169921875 0.3197021484375
-0.00727081298828124 -0.0526123046875 -0.72540283203125 0.366943359375
0.0806884765625 -0.0760574340820313 -0.51190185546875 0.294677734375
0.129898071289063 -0.0050811767578125 -0.184616088867188 0.0567474365234375
0.184341430664062 0.0232086181640625 0.224472045898438 -0.07354736328125
0.140396118164063 -0.0810470581054688 0.583251953125 -0.2373046875
0.01605224609375 -0.082855224609375 0.70831298828125 -0.28277587890625
-0.0404510498046875 0.0309524536132813 0.81243896484375 -0.0916748046875
-0.000328063964843755 0.0738906860351563 0.776611328125 0.09246826171875
0.0457687377929687 0.0474052429199219 0.6319580078125 0.1458740234375
0.0718841552734375 -0.0004425048828125 0.339630126953125 0.096588134765625
0.0506744384765625 -0.0140228271484375 0.0147724151611328 -0.0278873443603516
0.0618515014648437 -0.00576019287109375 -0.32513427734375 -0.14581298828125
0.0550956726074219 0.0265121459960938 -0.61077880859375 -0.15386962890625
0.0162887573242188 0.0580711364746094 -0.7618408203125 0.0702514648437499
-0.0359573364257813 0.0141563415527344 -0.7227783203125 0.30126953125
-0.00101470947265626 -0.0727615356445313 -0.718017578125 0.359375
0.108222961425781 -0.0853347778320313 -0.5052490234375 0.283294677734375
0.158920288085938 0.0061187744140625 -0.155288696289063 0.052337646484375
0.177749633789063 0.0069427490234375 0.250564575195313 -0.0825653076171875
0.124107360839844 -0.0842742919921875 0.578369140625 -0.2484130859375
0.00879669189453125 -0.0723342895507813 0.716552734375 -0.291748046875
-0.0304450988769531 0.0381355285644531 0.826904296875 -0.13330078125
0.00711059570312499 0.07110595703125 0.76959228515625 0.0452880859375
0.0422592163085938 0.0402259826660156 0.6085205078125 0.111328125
0.061004638671875 -0.006103515625 0.30780029296875 0.089324951171875
0.0429611206054687 -0.0172805786132812 -0.0150566101074219 -0.0276870727539063
0.05828857421875 -0.00505447387695312 -0.35302734375 -0.154052734375
0.0483894348144531 0.0295753479003906 -0.6302490234375 -0.185791015625
0.00649261474609375 0.0562286376953125 -0.7740478515625 0.0267333984375002
-0.0393867492675781 0.00699234008789062 -0.71563720703125 0.2705078125
0.00949859619140625 -0.0797195434570313 -0.709228515625 0.34600830078125
0.128524780273438 -0.0775222778320313 -0.505126953125 0.268646240234375
0.163040161132813 0.0204315185546875 -0.126686096191406 0.0553970336914063
0.149139404296875 -0.003143310546875 0.27362060546875 -0.0904541015625
0.0951309204101563 -0.0733261108398438 0.57830810546875 -0.2667236328125
0.0066070556640625 -0.0555572509765625 0.7227783203125 -0.3201904296875
-0.0205802917480469 0.0371208190917969 0.82958984375 -0.18218994140625
0.0105628967285156 0.0593452453613281 0.75848388671875 -0.00299072265625
0.0314979553222656 0.0263557434082031 0.5838623046875 0.08026123046875
0.0409660339355469 -0.0140953063964844 0.282257080078125 0.081207275390625
0.0299549102783203 -0.0227680206298828 -0.0406761169433594 -0.0236129760742188
0.0416793823242187 -0.00936508178710937 -0.37518310546875 -0.16778564453125
0.033416748046875 0.0216579437255859 -0.6490478515625 -0.2275390625
-0.0033111572265625 0.0472602844238281 -0.77813720703125 -0.0254516601562499
-0.037872314453125 -0.0017852783203125 -0.7138671875 0.23480224609375
0.0236053466796875 -0.0694541931152344 -0.7098388671875 0.32861328125
0.123176574707031 -0.0563278198242188 -0.50555419921875 0.2542724609375
0.146163940429688 0.031005859375 -0.101089477539062 0.0664215087890625
-0.0602264404296875 0.00333023071289061 0.171218872070313 -0.0556488037109375
-0.0515556335449219 0.0376243591308594 0.5833740234375 -0.25689697265625
-0.000869750976562497 0.0319309234619141 0.668212890625 -0.3575439453125
0.0189437866210938 0.00924110412597656 0.741455078125 -0.15435791015625
0.000167846679687501 -0.0292034149169922 0.75946044921875 0.09161376953125
-0.0411949157714844 -0.0630340576171875 0.67449951171875 0.14349365234375
-0.0403900146484375 -0.051910400390625 0.410675048828125 0.1009521484375
-0.041168212890625 -0.0451927185058594 0.0822525024414062 -0.01348876953125
-0.0417976379394531 -0.0533599853515625 -0.259918212890625 -0.145980834960937
-0.0400047302246094 -0.0601081848144531 -0.561065673828125 -0.160369873046875
-0.0277900695800781 -0.0488319396972656 -0.75555419921875 0.0527954101562501
-0.00185775756835938 -0.0360527038574219 -0.7607421875 0.2666015625
0.00614356994628906 0.0257720947265625 -0.7353515625 0.31353759765625
-0.0395774841308594 0.042572021484375 -0.505279541015625 0.283233642578125
-0.0723876953125 0.0258560180664063 -0.1953125 0.072998046875
0.000367164611816407 0.0167179107666016 0.164291381835938 -0.0590667724609375
0.000492095947265625 0.00914573669433594 0.58941650390625 -0.2470703125
0.00197374820709229 0.00108397006988525 0.670654296875 -0.34442138671875
-0.00265312194824219 0.0105381011962891 0.73907470703125 -0.123291015625
-0.00286054611206055 -0.00468873977661133 0.75872802734375 0.1212158203125
-0.0174045562744141 -0.0345096588134766 0.68170166015625 0.17156982421875
-0.00928497314453125 -0.0423316955566406 0.41912841796875 0.108123779296875
-0.0169639587402344 -0.0346641540527344 0.0914382934570312 -0.018341064453125
-0.015380859375 -0.0428352355957031 -0.250717163085938 -0.144180297851562
-0.0164871215820313 -0.0375862121582031 -0.554718017578125 -0.142791748046875
-0.0169696807861328 -0.0243873596191406 -0.7445068359375 0.0797729492187499
-0.0099639892578125 -0.0203208923339844 -0.74725341796875 0.2982177734375
0.000508308410644531 0.00449037551879883 -0.73211669921875 0.3385009765625
-0.0102472305297852 0.011265754699707 -0.507354736328125 0.295379638671875
-0.0220546722412109 0.016021728515625 -0.211517333984375 0.072052001953125
0.0685653686523438 0.0280838012695313 0.1671142578125 -0.0596466064453125
0.0587387084960937 -0.0171585083007813 0.594482421875 -0.24072265625
0.0111122131347656 -0.0345191955566406 0.67779541015625 -0.3267822265625
-0.0172214508056641 0.00962448120117188 0.74676513671875 -0.0999755859375
-0.00579833984375 0.0233688354492188 0.76171875 0.14093017578125
0.00255680084228516 -0.00565671920776367 0.6832275390625 0.1856689453125
0.0226821899414062 -0.0248775482177734 0.416290283203125 0.112060546875
0.00833511352539062 -0.0279960632324219 0.0874404907226563 -0.0219497680664063
0.0122852325439453 -0.0332469940185547 -0.2579345703125 -0.140029907226563
0.0110950469970703 -0.0197086334228516 -0.557861328125 -0.131744384765625
0.000731825828552246 -0.000251352787017822 -0.73779296875 0.1005859375
-0.0134782791137695 -0.00448131561279297 -0.73773193359375 0.31829833984375
-0.00616073608398438 -0.0134124755859375 -0.7264404296875 0.35931396484375
0.0172481536865234 -0.0218868255615234 -0.50775146484375 0.305084228515625
0.0326385498046875 0.00392341613769531 -0.211624145507812 0.071563720703125
0.126373291015625 0.037109375 0.178314208984375 -0.064483642578125
0.106781005859375 -0.0426406860351563 0.5899658203125 -0.24139404296875
0.0202674865722656 -0.0625038146972656 0.68231201171875 -0.30865478515625
-0.0326614379882813 0.0134563446044922 0.7608642578125 -0.08209228515625
-0.00809097290039063 0.0467033386230469 0.767822265625 0.13677978515625
0.0232639312744141 0.0238914489746094 0.6732177734375 0.179931640625
0.048614501953125 -0.0118827819824219 0.3995361328125 0.109375
0.0308151245117188 -0.0230007171630859 0.0697174072265625 -0.0239219665527344
0.0381851196289063 -0.0212020874023438 -0.2735595703125 -0.136642456054688
0.0356979370117188 -0.00223922729492188 -0.56768798828125 -0.1279296875
0.0146503448486328 0.0270042419433594 -0.74139404296875 0.10662841796875
-0.0184154510498047 0.00837898254394531 -0.72552490234375 0.332275390625
-0.00998687744140625 -0.0331077575683594 -0.72265625 0.36822509765625
0.0471534729003906 -0.0536308288574219 -0.505950927734375 0.306610107421875
0.0851669311523438 -0.00600433349609375 -0.203323364257812 0.0626678466796875
0.167236328125 0.0335693359375 0.19842529296875 -0.0691680908203125
0.137153625488281 -0.0674819946289063 0.58197021484375 -0.24127197265625
0.0192413330078125 -0.0789871215820313 0.68853759765625 -0.29180908203125
-0.0386505126953125 0.0202674865722656 0.78302001953125 -0.08477783203125
-0.00615310668945312 0.0643692016601563 0.7686767578125 0.11724853515625
0.0365409851074219 0.042266845703125 0.6561279296875 0.16461181640625
0.0654678344726562 -0.00568389892578125 0.37066650390625 0.102691650390625
0.0445671081542969 -0.0180511474609375 0.0452003479003906 -0.0265083312988281
0.0547752380371094 -0.0133743286132813 -0.295806884765625 -0.13726806640625
0.0509567260742188 0.0141181945800781 -0.58856201171875 -0.1297607421875
0.0186347961425781 0.0435943603515625 -0.750244140625 0.0994262695312499
-0.0269985198974609 0.0167198181152344 -0.71923828125 0.323486328125
-0.00882720947265625 -0.0527381896972656 -0.7156982421875 0.37152099609375
0.0785980224609375 -0.0770187377929688 -0.5040283203125 0.295654296875
0.129608154296875 -0.00617218017578125 -0.182479858398437 0.05731201171875
0.182342529296875 0.0200347900390625 0.223098754882813 -0.07568359375
0.138084411621094 -0.0809555053710938 0.5732421875 -0.24444580078125
0.01446533203125 -0.0815658569335938 0.699462890625 -0.28680419921875
-0.0390625 0.0318145751953125 0.80364990234375 -0.10174560546875
0.0022430419921875 0.0744094848632813 0.77044677734375 0.08514404296875
0.0450210571289063 0.0467338562011719 0.63006591796875 0.13873291015625
0.0692176818847656 -0.00258255004882813 0.338653564453125 0.09295654296875
0.0499992370605469 -0.0139999389648437 0.0143947601318359 -0.0271320343017578
0.0605049133300781 -0.00680923461914063 -0.324127197265625 -0.141204833984375
0.0565109252929688 0.0261268615722656 -0.60821533203125 -0.14642333984375
0.0178260803222656 0.0563888549804688 -0.75830078125 0.0764770507812499
-0.0344810485839844 0.0174808502197266 -0.7115478515625 0.30743408203125
-0.00164031982421876 -0.0709762573242188 -0.70770263671875 0.36602783203125
0.108345031738281 -0.08599853515625 -0.497802734375 0.286376953125
0.159271240234375 0.003326416015625 -0.154296875 0.05255126953125
0.17608642578125 0.005340576171875 0.247650146484375 -0.084075927734375
0.121429443359375 -0.0855865478515625 0.57220458984375 -0.25372314453125
0.006317138671875 -0.0690193176269531 0.709228515625 -0.30108642578125
-0.0302886962890625 0.0387458801269531 0.819580078125 -0.1405029296875
0.00804901123046874 0.07080078125 0.76519775390625 0.03533935546875
0.0420417785644531 0.0406036376953125 0.6044921875 0.10687255859375
0.0599403381347656 -0.00567245483398438 0.30609130859375 0.082733154296875
0.0425567626953125 -0.0148468017578125 -0.0157241821289062 -0.0277137756347656
0.0571861267089844 -0.00654220581054688 -0.35107421875 -0.14801025390625
0.0486602783203125 0.030609130859375 -0.630126953125 -0.17889404296875
0.00742721557617188 0.0575370788574219 -0.76849365234375 0.0356445312500001
-0.0406112670898438 0.00992202758789063 -0.70855712890625 0.27813720703125
0.0101470947265625 -0.0786972045898438 -0.70379638671875 0.35296630859375
0.125869750976563 -0.0786819458007813 -0.498016357421875 0.27313232421875
0.164459228515625 0.0188446044921875 -0.126144409179688 0.0560150146484375
0.147903442382813 -0.006378173828125 0.267364501953125 -0.093292236328125
0.093505859375 -0.0737457275390625 0.57135009765625 -0.26953125
0.0058441162109375 -0.0537452697753906 0.71185302734375 -0.325927734375
-0.0190391540527344 0.03985595703125 0.82330322265625 -0.19036865234375
0.011688232421875 0.05694580078125 0.7530517578125 -0.01287841796875
0.0290374755859375 0.0229682922363281 0.58056640625 0.073974609375
0.0412445068359375 -0.01458740234375 0.279159545898438 0.0782928466796875
0.0293235778808594 -0.0225486755371094 -0.0421104431152344 -0.0221481323242188
0.0428848266601563 -0.00870513916015625 -0.374603271484375 -0.16107177734375
0.0330677032470703 0.0207672119140625 -0.64483642578125 -0.21832275390625
-0.00250625610351562 0.0448379516601562 -0.77447509765625 -0.0168457031249999
-0.0373458862304687 -0.00273895263671874 -0.70635986328125 0.240234375
0.0227432250976563 -0.0704269409179688 -0.7005615234375 0.3331298828125
0.122505187988281 -0.0588836669921875 -0.5 0.258819580078125
0.145477294921875 0.0291595458984375 -0.0998306274414062 0.0670318603515625
-0.0594100952148438 0.00355148315429687 0.1683349609375 -0.0565032958984375
-0.0518722534179687 0.0392570495605469 0.57720947265625 -0.26336669921875
-0.00199317932128906 0.0334434509277344 0.65869140625 -0.3621826171875
0.0173816680908203 0.00709629058837891 0.7366943359375 -0.1580810546875
-0.000772476196289063 -0.0292472839355469 0.754150390625 0.081787109375
-0.0412330627441406 -0.0620231628417969 0.668701171875 0.13592529296875
-0.0420341491699219 -0.05059814453125 0.40985107421875 0.096435546875
-0.0425491333007812 -0.0427818298339844 0.0819244384765625 -0.0151901245117188
-0.04302978515625 -0.0543251037597656 -0.257614135742187 -0.141708374023437
-0.044525146484375 -0.059539794921875 -0.5579833984375 -0.156494140625
-0.0269317626953125 -0.0485267639160156 -0.7484130859375 0.0598144531250002
-0.00443649291992187 -0.0359535217285156 -0.752685546875 0.2713623046875
0.00865364074707031 0.0243988037109375 -0.72613525390625 0.31927490234375
-0.0401458740234375 0.0435028076171875 -0.498687744140625 0.2860107421875
-0.0713577270507813 0.0255279541015625 -0.194015502929687 0.0733184814453125
0.00203704833984375 0.0166416168212891 0.162811279296875 -0.058563232421875
-0.000301361083984376 0.00983905792236328 0.58489990234375 -0.25323486328125
0.00193095207214355 0.000898361206054688 0.6607666015625 -0.3511962890625
0.000973701477050781 0.0105381011962891 0.732421875 -0.12774658203125
-0.000670433044433593 -0.00395822525024414 0.75115966796875 0.11370849609375
-0.0175189971923828 -0.0338935852050781 0.6783447265625 0.16485595703125
-0.0104942321777344 -0.0384445190429688 0.416839599609375 0.10406494140625
-0.0180168151855469 -0.0358352661132813 0.0914306640625 -0.0195083618164063
-0.0161170959472656 -0.044403076171875 -0.250701904296875 -0.13970947265625
-0.0140838623046875 -0.0372734069824219 -0.549224853515625 -0.13916015625
-0.0143966674804688 -0.0236968994140625 -0.7373046875 0.0859985351562502
-0.00927352905273437 -0.0207195281982422 -0.7384033203125 0.30108642578125
-0.000640869140625 0.0040435791015625 -0.72198486328125 0.343994140625
-0.0105876922607422 0.0125646591186523 -0.499114990234375 0.300994873046875
-0.0215072631835938 0.0162868499755859 -0.207473754882812 0.0736236572265625
0.0678443908691406 0.027679443359375 0.165725708007812 -0.0626678466796875
0.0566787719726563 -0.018096923828125 0.58599853515625 -0.244873046875
0.0113735198974609 -0.0335140228271484 0.66778564453125 -0.33319091796875
-0.0176010131835938 0.0119304656982422 0.73980712890625 -0.10528564453125
-0.00590133666992188 0.0217227935791016 0.75579833984375 0.13134765625
0.00264883041381836 -0.00443458557128906 0.67669677734375 0.176513671875
0.0214118957519531 -0.0272960662841797 0.414398193359375 0.10723876953125
0.00623321533203125 -0.0290470123291016 0.0858993530273438 -0.0233535766601563
0.0125694274902344 -0.0320873260498047 -0.254409790039063 -0.13751220703125
0.011566162109375 -0.0196266174316406 -0.553924560546875 -0.126678466796875
0.000433444976806641 0.00163471698760986 -0.73101806640625 0.1053466796875
-0.0138206481933594 -0.00360107421875 -0.72705078125 0.32415771484375
-0.00655174255371094 -0.0136289596557617 -0.72021484375 0.36309814453125
0.0167808532714844 -0.0209484100341797 -0.5025634765625 0.30694580078125
0.0323123931884766 0.00339508056640625 -0.2095947265625 0.0713653564453125
0.126815795898438 0.0341873168945313 0.177825927734375 -0.064544677734375
0.106132507324219 -0.0425262451171875 0.58282470703125 -0.24322509765625
0.0185699462890625 -0.062652587890625 0.6739501953125 -0.31103515625
-0.0317249298095703 0.0143089294433594 0.75537109375 -0.08856201171875
-0.0070953369140625 0.0455589294433594 0.759521484375 0.1312255859375
0.0226306915283203 0.0239543914794922 0.6697998046875 0.1722412109375
0.0465164184570313 -0.0130157470703125 0.396392822265625 0.10528564453125
0.0296955108642578 -0.0223464965820313 0.071258544921875 -0.0241851806640625
0.0372505187988281 -0.0239791870117188 -0.26995849609375 -0.134033203125
0.0340576171875 -0.00162315368652344 -0.56500244140625 -0.12127685546875
0.0169868469238281 0.0253620147705078 -0.73468017578125 0.1119384765625
-0.0181121826171875 0.0116901397705078 -0.7197265625 0.3331298828125
-0.0119037628173828 -0.0308742523193359 -0.7144775390625 0.3759765625
0.0486793518066406 -0.052459716796875 -0.499664306640625 0.308013916015625
0.0863113403320313 -0.007720947265625 -0.200439453125 0.0657501220703125
0.16656494140625 0.0321044921875 0.195358276367188 -0.071685791015625
0.134635925292969 -0.0658111572265625 0.57501220703125 -0.2430419921875
0.018157958984375 -0.0799407958984375 0.6798095703125 -0.2950439453125
-0.0378265380859375 0.0225028991699219 0.77716064453125 -0.08905029296875
-0.00506973266601563 0.0647773742675781 0.76324462890625 0.11102294921875
0.0379295349121094 0.0403785705566406 0.6497802734375 0.15625
0.0643730163574219 -0.00539779663085938 0.369415283203125 0.095977783203125
0.0447845458984375 -0.0162467956542969 0.0453109741210937 -0.0274314880371094
0.0534515380859375 -0.0135688781738281 -0.29473876953125 -0.133697509765625
0.0511970520019531 0.0140151977539063 -0.58184814453125 -0.12548828125
0.0211639404296875 0.0438690185546875 -0.74139404296875 0.10675048828125
-0.0279464721679688 0.0180931091308594 -0.70989990234375 0.3289794921875
-0.0101509094238281 -0.0527114868164063 -0.7076416015625 0.37847900390625
0.0780181884765625 -0.0761566162109375 -0.49652099609375 0.301605224609375
0.130714416503906 -0.00678253173828125 -0.181640625 0.05810546875
0.18316650390625 0.018096923828125 0.218353271484375 -0.0767974853515625
0.136558532714844 -0.082763671875 0.5677490234375 -0.25006103515625
0.0119247436523438 -0.0803298950195313 0.6881103515625 -0.2923583984375
-0.0387535095214844 0.0323486328125 0.79931640625 -0.10748291015625
0.00307464599609376 0.0719528198242188 0.76531982421875 0.07489013671875
0.0439414978027344 0.0471343994140625 0.6240234375 0.13067626953125
0.0686721801757813 -0.0020599365234375 0.336181640625 0.088134765625
0.0484504699707031 -0.0143051147460937 0.0135364532470703 -0.0259780883789063
0.0613212585449219 -0.00625228881835938 -0.322357177734375 -0.137786865234375
0.0568008422851563 0.025665283203125 -0.6060791015625 -0.14105224609375
0.017425537109375 0.055694580078125 -0.75067138671875 0.0827026367187499
-0.035125732421875 0.0174083709716797 -0.7032470703125 0.31158447265625
-0.00493240356445312 -0.0696182250976563 -0.69879150390625 0.36981201171875
0.10650634765625 -0.086578369140625 -0.491180419921875 0.288787841796875
0.159393310546875 0.000640869140625 -0.155014038085938 0.0556793212890625
0.1746826171875 0.00201416015625 0.243988037109375 -0.084991455078125
0.120002746582031 -0.086212158203125 0.565185546875 -0.25933837890625
0.00472259521484376 -0.0696678161621094 0.7017822265625 -0.30438232421875
-0.0312461853027344 0.0380439758300781 0.81146240234375 -0.14630126953125
0.00902557373046875 0.0708389282226563 0.75714111328125 0.028564453125
0.0433845520019531 0.0399551391601563 0.5987548828125 0.095703125
0.0594635009765625 -0.00641250610351562 0.303802490234375 0.08062744140625
0.0431365966796875 -0.016998291015625 -0.0151252746582031 -0.0265388488769531
0.0568275451660156 -0.00471878051757813 -0.349151611328125 -0.147186279296875
0.0487022399902344 0.0273513793945313 -0.626708984375 -0.170166015625
0.00870132446289063 0.0570831298828125 -0.76214599609375 0.0417480468749999
-0.0404243469238281 0.00901031494140625 -0.7001953125 0.28070068359375
0.00919342041015626 -0.0784835815429688 -0.693359375 0.355712890625
0.125053405761719 -0.078155517578125 -0.490386962890625 0.27392578125
0.165817260742187 0.0160064697265625 -0.125038146972656 0.0573043823242187
0.148086547851563 -0.007110595703125 0.264419555664063 -0.0949859619140625
0.0918426513671875 -0.0742645263671875 0.56414794921875 -0.2738037109375
0.00304794311523438 -0.0536613464355469 0.70166015625 -0.3275146484375
-0.0174598693847656 0.0391120910644531 0.813232421875 -0.19464111328125
0.0112686157226563 0.0581130981445312 0.74468994140625 -0.018310546875
0.0304374694824219 0.0243473052978516 0.57513427734375 0.0684814453125
0.0392417907714844 -0.0143356323242188 0.277191162109375 0.0762939453125
0.0279026031494141 -0.0200271606445313 -0.0402374267578125 -0.0215873718261719
0.0425376892089844 -0.0112075805664063 -0.372711181640625 -0.158447265625
0.0343761444091797 0.0210151672363281 -0.64202880859375 -0.2113037109375
0.000324249267578122 0.0454750061035156 -0.76824951171875 -0.0100097656250001
-0.0363540649414063 -0.000640869140625003 -0.69671630859375 0.2430419921875
0.019622802734375 -0.0707473754882813 -0.69110107421875 0.33935546875
0.120742797851562 -0.0573654174804687 -0.49334716796875 0.261474609375
0.145309448242188 0.0281219482421875 -0.0992889404296875 0.0666122436523438
-0.057891845703125 0.00485992431640625 0.1661376953125 -0.0567474365234375
-0.0494537353515625 0.0388679504394531 0.56866455078125 -0.26763916015625
-0.00203704833984375 0.0331707000732422 0.6497802734375 -0.36590576171875
0.0173063278198242 0.00702857971191406 0.7305908203125 -0.163818359375
-0.00191879272460937 -0.0277328491210938 0.7469482421875 0.07562255859375
-0.0423316955566406 -0.0589752197265625 0.66253662109375 0.13092041015625
-0.0427284240722656 -0.0509185791015625 0.405303955078125 0.091644287109375
-0.0441932678222656 -0.0401687622070312 0.0813827514648438 -0.0148468017578125
-0.0448226928710938 -0.0528488159179687 -0.254974365234375 -0.140365600585938
-0.0422859191894531 -0.0570106506347656 -0.55523681640625 -0.15087890625
-0.0279350280761719 -0.0477256774902344 -0.7406005859375 0.0613403320312499
-0.00586700439453125 -0.0357246398925781 -0.741943359375 0.27752685546875
0.00584030151367187 0.0259494781494141 -0.71826171875 0.3228759765625
-0.0399436950683594 0.0441932678222656 -0.493408203125 0.287322998046875
-0.0706634521484375 0.0269317626953125 -0.192916870117188 0.0744781494140625
0.00147533416748047 0.0147743225097656 0.155410766601563 -0.05816650390625
0.000301361083984376 0.0105400085449219 0.5777587890625 -0.25799560546875
0.00185191631317139 -0.00038456916809082 0.65411376953125 -0.3516845703125
-0.000498771667480468 0.00991725921630859 0.72552490234375 -0.134033203125
-0.00147342681884766 -0.00480079650878906 0.74822998046875 0.10882568359375
-0.0203323364257813 -0.0343379974365234 0.67254638671875 0.15618896484375
-0.0110664367675781 -0.0378303527832031 0.414459228515625 0.10150146484375
-0.0189056396484375 -0.0352554321289063 0.0911026000976562 -0.0190963745117188
-0.0162696838378906 -0.0438461303710937 -0.2491455078125 -0.136398315429688
-0.0163726806640625 -0.0390129089355469 -0.54730224609375 -0.13433837890625
-0.0153236389160156 -0.0215511322021484 -0.73138427734375 0.0920410156250002
-0.0100517272949219 -0.0202579498291016 -0.730712890625 0.307373046875
0.000313758850097656 0.00601530075073242 -0.7144775390625 0.3468017578125
-0.0116367340087891 0.0120277404785156 -0.495452880859375 0.30120849609375
-0.0221405029296875 0.0165920257568359 -0.206283569335937 0.075836181640625
0.0671958923339844 0.0269546508789063 0.161468505859375 -0.061492919921875
0.0559654235839844 -0.0198593139648438 0.57952880859375 -0.24920654296875
0.00902366638183594 -0.0336666107177734 0.65887451171875 -0.334716796875
-0.0168914794921875 0.0114603042602539 0.73138427734375 -0.110595703125
-0.00428581237792969 0.0216732025146484 0.75140380859375 0.12640380859375
0.00318145751953125 -0.00286555290222168 0.673095703125 0.171142578125
0.0198650360107422 -0.0257968902587891 0.4127197265625 0.102691650390625
0.00617027282714843 -0.0310897827148438 0.0850372314453125 -0.0241470336914063
0.0108966827392578 -0.0322723388671875 -0.254486083984375 -0.133895874023438
0.00913429260253906 -0.0186653137207031 -0.54840087890625 -0.1231689453125
0.00146210193634033 0.00110006332397461 -0.725830078125 0.10943603515625
-0.0146827697753906 -0.00318336486816406 -0.72039794921875 0.3277587890625
-0.00496959686279297 -0.013371467590332 -0.70953369140625 0.3658447265625
0.0181941986083984 -0.0218238830566406 -0.493377685546875 0.308013916015625
0.0333690643310547 0.00230026245117188 -0.208724975585937 0.072845458984375
0.126625061035156 0.0341873168945313 0.1707763671875 -0.0683441162109375
0.104713439941406 -0.0429000854492187 0.5772705078125 -0.24810791015625
0.0169563293457031 -0.0626487731933594 0.66485595703125 -0.3162841796875
-0.0308132171630859 0.0141334533691406 0.74853515625 -0.09429931640625
-0.00725555419921875 0.0460777282714844 0.7548828125 0.12371826171875
0.0219554901123047 0.0218925476074219 0.66265869140625 0.16748046875
0.0472068786621094 -0.0118675231933594 0.395660400390625 0.10150146484375
0.0286045074462891 -0.0207004547119141 0.0699234008789063 -0.0249214172363281
0.0365638732910156 -0.0224761962890625 -0.268585205078125 -0.131576538085938
0.0345897674560547 -0.00206947326660156 -0.55908203125 -0.11590576171875
0.014434814453125 0.0229167938232422 -0.72760009765625 0.11785888671875
-0.0202388763427734 0.00905990600585938 -0.71112060546875 0.33795166015625
-0.0122852325439453 -0.032257080078125 -0.7034912109375 0.3787841796875
0.0451698303222656 -0.0524520874023438 -0.493133544921875 0.309173583984375
0.0864410400390625 -0.007049560546875 -0.199356079101563 0.064178466796875
0.166015625 0.0283966064453125 0.189697265625 -0.0707550048828125
0.132492065429687 -0.0672531127929687 0.5677490234375 -0.2479248046875
0.016265869140625 -0.0783767700195313 0.6734619140625 -0.30010986328125
-0.0382156372070313 0.0218963623046875 0.771240234375 -0.09381103515625
-0.00395584106445312 0.0640792846679688 0.75714111328125 0.10345458984375
0.036895751953125 0.0412559509277344 0.642333984375 0.14990234375
0.0648002624511719 -0.0038604736328125 0.367279052734375 0.0927734375
0.0445938110351563 -0.0192146301269531 0.0445823669433594 -0.0272941589355469
0.0537528991699219 -0.0148506164550781 -0.29266357421875 -0.129913330078125
0.0506324768066406 0.0124549865722656 -0.57818603515625 -0.11968994140625
0.0205421447753906 0.0450210571289063 -0.73651123046875 0.10943603515625
-0.0245513916015625 0.0166473388671875 -0.70135498046875 0.3302001953125
-0.0112380981445312 -0.0532455444335938 -0.6966552734375 0.38031005859375
0.077056884765625 -0.0775070190429688 -0.488494873046875 0.301483154296875
0.130775451660156 -0.00823974609375 -0.178924560546875 0.0586395263671875
0.18359375 0.0166168212890625 0.215972900390625 -0.07708740234375
0.135330200195313 -0.0849761962890625 0.5589599609375 -0.253570556640625
0.011688232421875 -0.081085205078125 0.68194580078125 -0.29364013671875
-0.0375709533691406 0.0324325561523438 0.7916259765625 -0.11065673828125
0.00141143798828126 0.0721435546875 0.756103515625 0.06988525390625
0.0450668334960938 0.0467376708984375 0.6204833984375 0.1265869140625
0.0665168762207031 -0.00262832641601563 0.33355712890625 0.08636474609375
0.0473518371582031 -0.0153465270996094 0.0141735076904297 -0.0283222198486328
0.0596160888671875 -0.00836181640625 -0.32012939453125 -0.13427734375
0.0545005798339844 0.0253753662109375 -0.6009521484375 -0.135986328125
0.0210494995117188 0.0549430847167969 -0.74365234375 0.0887451171875
-0.0339374542236328 0.0156173706054687 -0.69580078125 0.31427001953125
-0.00565338134765624 -0.0688247680664062 -0.687255859375 0.3719482421875
0.105476379394531 -0.0854721069335938 -0.4874267578125 0.29095458984375
0.158462524414063 0.0021209716796875 -0.1513671875 0.0557861328125
0.175857543945312 0.00201416015625 0.24176025390625 -0.0870208740234375
0.117073059082031 -0.08709716796875 0.55767822265625 -0.26251220703125
0.0049285888671875 -0.0694351196289062 0.6903076171875 -0.30694580078125
-0.0310935974121094 0.03961181640625 0.80322265625 -0.1517333984375
0.00796127319335938 0.0694961547851563 0.751953125 0.023193359375
0.0430831909179688 0.0395088195800781 0.591064453125 0.09344482421875
0.0601272583007813 -0.00722885131835938 0.303680419921875 0.07952880859375
0.0425071716308594 -0.016632080078125 -0.0149860382080078 -0.0255870819091797
0.055694580078125 -0.00627899169921875 -0.346832275390625 -0.14306640625
0.0491676330566406 0.0264930725097656 -0.62261962890625 -0.1668701171875
0.00897598266601562 0.0570144653320312 -0.754638671875 0.0456542968749999
-0.0417366027832031 0.0085296630859375 -0.69171142578125 0.28424072265625
0.00734710693359375 -0.077911376953125 -0.68280029296875 0.3612060546875
0.122871398925781 -0.078369140625 -0.486297607421875 0.276397705078125
0.165115356445313 0.017364501953125 -0.121292114257813 0.0585174560546875
0.145523071289063 -0.00927734375 0.261825561523438 -0.09722900390625
0.0897979736328125 -0.073699951171875 0.556671142578125 -0.277587890625
0.00211715698242187 -0.0500907897949219 0.6927490234375 -0.332763671875
-0.0185623168945313 0.0379219055175781 0.804931640625 -0.19927978515625
0.0116386413574219 0.0577507019042969 0.73876953125 -0.02276611328125
0.0313205718994141 0.0245246887207031 0.56939697265625 0.06353759765625
0.0386543273925781 -0.0136070251464844 0.276275634765625 0.0723876953125
0.0260963439941406 -0.0216445922851563 -0.0398330688476563 -0.0207977294921875
0.0405311584472656 -0.0106277465820312 -0.36944580078125 -0.15521240234375
0.0334377288818359 0.0203781127929687 -0.6387939453125 -0.20263671875
-0.000469207763671872 0.0461692810058594 -0.76092529296875 -0.00384521484375005
-0.0376358032226563 -0.00104141235351563 -0.68975830078125 0.24920654296875
0.0187110900878906 -0.0690498352050781 -0.68280029296875 0.3431396484375
0.119796752929688 -0.0586166381835938 -0.4891357421875 0.263427734375
0.145904541015625 0.0286407470703125 -0.0985488891601562 0.067352294921875
-0.0609664916992187 0.00611495971679689 0.164932250976563 -0.057464599609375
-0.04949951171875 0.0379562377929688 0.5625 -0.27032470703125
0.00039482116699219 0.0322399139404297 0.64178466796875 -0.3675537109375
0.0165891647338867 0.00689792633056641 0.72222900390625 -0.1661376953125
-0.00284194946289062 -0.0289058685302734 0.74066162109375 0.0701904296875
-0.0441780090332031 -0.0609092712402344 0.658203125 0.12591552734375
-0.0436630249023437 -0.0490798950195313 0.401031494140625 0.08856201171875
-0.0455474853515625 -0.0404510498046875 0.0813064575195312 -0.0168685913085938
-0.0452842712402344 -0.0491714477539063 -0.252609252929688 -0.136764526367187
-0.0419883728027344 -0.0584640502929688 -0.5516357421875 -0.14892578125
-0.0272979736328125 -0.0468101501464844 -0.73358154296875 0.0657348632812501
-0.0029296875 -0.0343608856201172 -0.73736572265625 0.2799072265625
0.00790596008300781 0.0236320495605469 -0.71124267578125 0.32537841796875
-0.0378074645996094 0.0441474914550781 -0.48529052734375 0.288482666015625
-0.0698585510253906 0.0286178588867188 -0.19189453125 0.0742950439453125
0.00245761871337891 0.0161924362182617 0.1573486328125 -0.0587005615234375
-0.00179767608642578 0.0117597579956055 0.573974609375 -0.2618408203125
0.00147914886474609 0.00166904926300049 0.64556884765625 -0.35491943359375
0.00227165222167969 0.00932502746582031 0.71832275390625 -0.13726806640625
-0.00254678726196289 -0.004150390625 0.7427978515625 0.10626220703125
-0.0225944519042969 -0.0329265594482422 0.6650390625 0.1551513671875
-0.0138931274414063 -0.0404014587402344 0.41290283203125 0.0955810546875
-0.0194511413574219 -0.0337600708007813 0.0884475708007813 -0.0203933715820313
-0.0179290771484375 -0.0429801940917969 -0.245285034179688 -0.133209228515625
-0.0178871154785156 -0.0379447937011719 -0.543670654296875 -0.129241943359375
-0.0127506256103516 -0.0204792022705078 -0.72442626953125 0.094482421875
-0.0128536224365234 -0.0217990875244141 -0.72088623046875 0.3060302734375
-0.000645756721496582 0.001395583152771 -0.70843505859375 0.3465576171875
-0.0112667083740234 0.0131607055664063 -0.4881591796875 0.303131103515625
-0.02081298828125 0.0148849487304688 -0.204254150390625 0.0775604248046875
0.0700263977050781 0.0278549194335938 0.159530639648437 -0.063995361328125
0.0563011169433594 -0.0162696838378906 0.57037353515625 -0.25360107421875
0.0114669799804688 -0.0335044860839844 0.65057373046875 -0.3377685546875
-0.018402099609375 0.0122814178466797 0.7279052734375 -0.11199951171875
-0.0062103271484375 0.0231895446777344 0.74468994140625 0.11871337890625
0.00272750854492188 -0.00377893447875977 0.668701171875 0.1644287109375
0.0189838409423828 -0.0254135131835937 0.409576416015625 0.099029541015625
0.00609779357910156 -0.0282001495361328 0.08624267578125 -0.0257644653320313
0.00915908813476562 -0.0343170166015625 -0.251068115234375 -0.132904052734375
0.00994110107421875 -0.0202884674072266 -0.546478271484375 -0.116363525390625
0.00107431411743164 0.00372672080993652 -0.72052001953125 0.11181640625
-0.0128984451293945 -0.00509452819824219 -0.7093505859375 0.32867431640625
-0.00638675689697266 -0.0145044326782227 -0.70257568359375 0.369873046875
0.0159854888916016 -0.0196533203125 -0.489410400390625 0.308349609375
0.0359420776367188 0.00140380859375 -0.2059326171875 0.0724334716796875
0.12713623046875 0.0322113037109375 0.172653198242188 -0.066436767578125
0.104705810546875 -0.0438766479492187 0.56854248046875 -0.24969482421875
0.0159454345703125 -0.0615425109863281 0.65802001953125 -0.318115234375
-0.0307426452636719 0.0139274597167969 0.7408447265625 -0.095947265625
-0.00779342651367187 0.04656982421875 0.74981689453125 0.11981201171875
0.0225315093994141 0.0219631195068359 0.6583251953125 0.16229248046875
0.045257568359375 -0.0134124755859375 0.392578125 0.095916748046875
0.0273590087890625 -0.0220584869384766 0.0685539245605469 -0.0255050659179688
0.0337200164794922 -0.0227508544921875 -0.266677856445313 -0.13128662109375
0.0313892364501953 -0.00226211547851563 -0.5550537109375 -0.113525390625
0.0166740417480469 0.0239486694335938 -0.72186279296875 0.12042236328125
-0.0179939270019531 0.00761604309082031 -0.70050048828125 0.3377685546875
-0.00963783264160156 -0.0315475463867188 -0.6942138671875 0.3780517578125
0.0450363159179688 -0.0539627075195313 -0.48748779296875 0.30987548828125
0.0869903564453125 -0.00780487060546875 -0.199478149414063 0.066619873046875
0.16619873046875 0.0268096923828125 0.190353393554688 -0.0719757080078125
0.12982177734375 -0.0670242309570313 0.56103515625 -0.250885009765625
0.0138168334960937 -0.0790557861328125 0.66375732421875 -0.30181884765625
-0.0372581481933594 0.0226325988769531 0.76348876953125 -0.0985107421875
-0.00470733642578124 0.0639305114746094 0.74884033203125 0.0999755859375
0.0363922119140625 0.0397758483886719 0.63739013671875 0.146240234375
0.06231689453125 -0.00493240356445312 0.36285400390625 0.090057373046875
0.0430679321289063 -0.0173797607421875 0.0432243347167969 -0.0245552062988281
0.0496826171875 -0.0162086486816406 -0.291259765625 -0.1295166015625
0.0515251159667969 0.0128097534179688 -0.5726318359375 -0.11627197265625
0.0242118835449219 0.0426521301269531 -0.72698974609375 0.11376953125
-0.0272960662841797 0.0165653228759766 -0.6922607421875 0.3323974609375
-0.0120124816894531 -0.05279541015625 -0.68829345703125 0.3828125
0.0743026733398438 -0.0771484375 -0.484771728515625 0.305084228515625
0.131034851074219 -0.0100326538085938 -0.17828369140625 0.0588226318359375
0.182037353515625 0.014190673828125 0.214752197265625 -0.081390380859375
0.1341552734375 -0.0828094482421875 0.554229736328125 -0.256195068359375
0.0094146728515625 -0.0807342529296875 0.673095703125 -0.29718017578125
-0.0394744873046875 0.03302001953125 0.7823486328125 -0.11688232421875
0.00180816650390625 0.0722579956054688 0.74884033203125 0.0645751953125
0.0455436706542969 0.0445747375488281 0.61212158203125 0.1226806640625
0.0670928955078125 -0.00492477416992188 0.33160400390625 0.082763671875
0.0474205017089844 -0.0156021118164062 0.0128517150878906 -0.0276966094970703
0.0571746826171875 -0.0100288391113281 -0.3162841796875 -0.1319580078125
0.0561904907226563 0.0233573913574219 -0.5953369140625 -0.13189697265625
0.0183830261230469 0.0565643310546875 -0.7373046875 0.09259033203125
-0.0330524444580078 0.0170764923095703 -0.6885986328125 0.31689453125
-0.00584411621093749 -0.0671730041503906 -0.68304443359375 0.37451171875
0.10504150390625 -0.0855255126953125 -0.4830322265625 0.291961669921875
0.15966796875 -0.000579833984375 -0.150482177734375 0.0556488037109375
0.174240112304688 0.001678466796875 0.237991333007813 -0.0897979736328125
0.116012573242187 -0.0875244140625 0.55047607421875 -0.264617919921875
0.00319671630859375 -0.0682258605957031 0.6820068359375 -0.31201171875
-0.0299263000488281 0.04095458984375 0.79803466796875 -0.154052734375
0.00794219970703126 0.0692214965820313 0.74578857421875 0.017578125
0.0423431396484375 0.0380058288574219 0.59002685546875 0.09051513671875
0.0582046508789063 -0.00699234008789063 0.299713134765625 0.076385498046875
0.0406150817871094 -0.0166206359863281 -0.0152397155761719 -0.0253334045410156
0.054901123046875 -0.00763702392578125 -0.344696044921875 -0.1385498046875
0.0478744506835938 0.0291252136230469 -0.61737060546875 -0.160400390625
0.00790786743164062 0.0559806823730469 -0.7486572265625 0.0512695312500002
-0.0398483276367187 0.00686264038085938 -0.68194580078125 0.2882080078125
0.00637817382812501 -0.0765380859375 -0.67535400390625 0.3621826171875
0.122817993164063 -0.07952880859375 -0.4818115234375 0.278076171875
0.164260864257813 0.01422119140625 -0.121162414550781 0.0582046508789062
0.144821166992188 -0.0080718994140625 0.26019287109375 -0.0986175537109375
0.0896530151367188 -0.0746994018554688 0.54534912109375 -0.280059814453125
0.00156402587890625 -0.0502433776855469 0.68609619140625 -0.3369140625
-0.0166702270507812 0.0374603271484375 0.79852294921875 -0.2022705078125
0.0113029479980469 0.0554542541503906 0.731201171875 -0.02655029296875
0.0304527282714844 0.0260639190673828 0.5633544921875 0.06427001953125
0.0381965637207031 -0.0142173767089844 0.272628784179687 0.0712738037109375
0.0276432037353516 -0.0215816497802734 -0.0391998291015625 -0.0216407775878906
0.0412521362304688 -0.0104904174804688 -0.368438720703125 -0.15191650390625
0.0343399047851563 0.0194549560546875 -0.63372802734375 -0.2000732421875
-0.00113296508789063 0.0469284057617188 -0.753662109375 -0.00146484374999993
-0.0365180969238281 -0.00202560424804688 -0.68255615234375 0.25054931640625
0.0176048278808594 -0.068267822265625 -0.6751708984375 0.34674072265625
0.119171142578125 -0.058746337890625 -0.482879638671875 0.264312744140625
0.147613525390625 0.025421142578125 -0.0960464477539063 0.065277099609375
-0.0596771240234375 0.00513458251953125 0.161376953125 -0.059234619140625
-0.0514411926269531 0.0401802062988281 0.555908203125 -0.269927978515625
-0.00210380554199218 0.0340747833251953 0.63482666015625 -0.3690185546875
0.0166234970092773 0.00669574737548828 0.715576171875 -0.1654052734375
-0.00287055969238281 -0.0284519195556641 0.7347412109375 0.06842041015625
-0.0438461303710938 -0.0594558715820313 0.651611328125 0.122314453125
-0.0433082580566406 -0.0475692749023438 0.3992919921875 0.087310791015625
-0.0452194213867187 -0.0397872924804688 0.0810012817382813 -0.0165557861328125
-0.0438919067382813 -0.0521774291992187 -0.251495361328125 -0.13897705078125
-0.0426101684570313 -0.058349609375 -0.546417236328125 -0.145111083984375
-0.0266685485839844 -0.0479202270507812 -0.7291259765625 0.0701293945312501
-0.00513839721679688 -0.0332317352294922 -0.72979736328125 0.28009033203125
0.0051727294921875 0.0249919891357422 -0.7020263671875 0.32708740234375
-0.038665771484375 0.0456161499023437 -0.484893798828125 0.287506103515625
-0.0669403076171875 0.0263252258300781 -0.18841552734375 0.076690673828125
0.00279617309570313 0.0160665512084961 0.154998779296875 -0.0591278076171875
0.000592231750488281 0.0112371444702148 0.5654296875 -0.25982666015625
-9.01222229003907E-05 0.00152194499969482 0.63616943359375 -0.35540771484375
-0.00224924087524414 0.00843000411987305 0.71258544921875 -0.137939453125
-0.00190448760986328 -0.00503063201904297 0.73626708984375 0.1011962890625
-0.0220012664794922 -0.0323944091796875 0.6611328125 0.1507568359375
-0.0117721557617188 -0.0361175537109375 0.409759521484375 0.095458984375
-0.0204067230224609 -0.032470703125 0.089599609375 -0.0220489501953125
-0.0182228088378906 -0.0423355102539062 -0.244583129882813 -0.13201904296875
-0.0169830322265625 -0.0371170043945313 -0.53839111328125 -0.126556396484375
-0.012054443359375 -0.023223876953125 -0.71771240234375 0.0952758789062499
-0.0117130279541016 -0.01904296875 -0.7169189453125 0.30670166015625
-0.000147819519042969 0.00504112243652344 -0.69854736328125 0.34881591796875
-0.00965595245361328 0.0138959884643555 -0.485443115234375 0.300201416015625
-0.0169563293457031 0.0166082382202148 -0.200881958007813 0.0762481689453125
0.0681343078613281 0.0251998901367188 0.157241821289063 -0.0634307861328125
0.0554237365722656 -0.0175247192382813 0.56732177734375 -0.25262451171875
0.00765228271484375 -0.0352630615234375 0.642822265625 -0.33636474609375
-0.0165328979492188 0.00991249084472656 0.72052001953125 -0.1136474609375
-0.00709342956542969 0.0213565826416016 0.73931884765625 0.11773681640625
0.00369858741760254 -0.00330448150634766 0.6624755859375 0.1629638671875
0.0184230804443359 -0.0238704681396484 0.4071044921875 0.096282958984375
0.00587844848632812 -0.0267658233642578 0.0849761962890625 -0.0236282348632813
0.00826644897460938 -0.0335750579833984 -0.24945068359375 -0.134124755859375
0.0107803344726562 -0.0182819366455078 -0.54046630859375 -0.115325927734375
0.00289583206176758 0.0014805793762207 -0.71429443359375 0.1126708984375
-0.0136756896972656 -0.00325489044189453 -0.704833984375 0.3291015625
-0.00753116607666016 -0.0116748809814453 -0.6943359375 0.3721923828125
0.0169868469238281 -0.0198497772216797 -0.48565673828125 0.310638427734375
0.0352401733398437 0.00352859497070312 -0.204803466796875 0.07220458984375
0.126258850097656 0.0308609008789062 0.168304443359375 -0.066741943359375
0.101974487304688 -0.0433731079101563 0.5660400390625 -0.25244140625
0.0153350830078125 -0.060150146484375 0.64984130859375 -0.3199462890625
-0.0293292999267578 0.0150318145751953 0.737060546875 -0.09979248046875
-0.00693893432617188 0.0444717407226562 0.73992919921875 0.1180419921875
0.0220108032226563 0.0232715606689453 0.6539306640625 0.1597900390625
0.0461807250976563 -0.0119819641113281 0.39056396484375 0.09600830078125
0.0273227691650391 -0.0210208892822266 0.0699844360351563 -0.0265922546386719
0.0324230194091797 -0.0227413177490234 -0.265426635742187 -0.128799438476563
0.0348243713378906 -0.00258827209472656 -0.55291748046875 -0.11077880859375
0.0164680480957031 0.0236740112304688 -0.71453857421875 0.11993408203125
-0.0186367034912109 0.00804710388183594 -0.6971435546875 0.337646484375
-0.0128555297851563 -0.0311832427978516 -0.68914794921875 0.3809814453125
0.044097900390625 -0.0527076721191406 -0.481292724609375 0.310791015625
0.0874710083007813 -0.0087432861328125 -0.196456909179688 0.0649566650390625
0.167144775390625 0.027313232421875 0.18853759765625 -0.0715789794921875
0.129676818847656 -0.06744384765625 0.555877685546875 -0.253265380859375
0.0152359008789062 -0.0787734985351563 0.65521240234375 -0.30157470703125
-0.0393104553222656 0.0237960815429688 0.75665283203125 -0.0989990234375
-0.00204086303710937 0.0634384155273438 0.746337890625 0.0980224609375
0.0363540649414063 0.0405845642089844 0.63336181640625 0.14227294921875
0.0629768371582031 -0.004791259765625 0.362457275390625 0.089599609375
0.0425338745117188 -0.0175819396972656 0.044464111328125 -0.027069091796875
0.0511703491210938 -0.0157089233398438 -0.287353515625 -0.126983642578125
0.0520362854003906 0.0129127502441406 -0.56890869140625 -0.11279296875
0.0226707458496094 0.0422172546386719 -0.72259521484375 0.11444091796875
-0.0276222229003906 0.0190715789794922 -0.68756103515625 0.332275390625
-0.0118370056152344 -0.0512962341308594 -0.68145751953125 0.38372802734375
0.07623291015625 -0.076934814453125 -0.480438232421875 0.303436279296875
0.130805969238281 -0.0108261108398437 -0.177093505859375 0.0576324462890625
0.180938720703125 0.0138092041015625 0.211257934570313 -0.0800933837890625
0.131309509277344 -0.0843734741210938 0.5479736328125 -0.25726318359375
0.00960540771484375 -0.0794219970703125 0.6651611328125 -0.29815673828125
-0.0374641418457031 0.0327911376953125 0.7796630859375 -0.1170654296875
0.00501251220703124 0.0723953247070313 0.7431640625 0.06317138671875
0.0463409423828125 0.0437049865722656 0.60968017578125 0.119140625
0.0660438537597656 -0.00290679931640625 0.32989501953125 0.081268310546875
0.0459251403808594 -0.0135917663574219 0.0141658782958984 -0.0257511138916016
0.0568733215332031 -0.00789642333984375 -0.3157958984375 -0.12982177734375
0.0546684265136719 0.0244941711425781 -0.59173583984375 -0.130126953125
0.0207977294921875 0.0548210144042969 -0.7322998046875 0.09112548828125
-0.0340938568115234 0.0168647766113281 -0.68353271484375 0.3170166015625
-0.00665664672851563 -0.0685920715332031 -0.67584228515625 0.37615966796875
0.104255676269531 -0.085906982421875 -0.47552490234375 0.292144775390625
0.159591674804688 -0.0018157958984375 -0.149505615234375 0.0556640625
0.171722412109375 -0.0008544921875 0.235885620117187 -0.0876922607421875
0.11553955078125 -0.0868911743164063 0.544342041015625 -0.266204833984375
0.00265884399414062 -0.0669212341308594 0.67388916015625 -0.31072998046875
-0.0299568176269531 0.0392112731933594 0.79071044921875 -0.15582275390625
0.0102958679199219 0.06939697265625 0.738037109375 0.01654052734375
0.04583740234375 0.0371627807617188 0.58258056640625 0.08905029296875
0.0557899475097656 -0.00503921508789063 0.297271728515625 0.075103759765625
0.041046142578125 -0.0172920227050781 -0.0149250030517578 -0.0247688293457031
0.0535659790039062 -0.00651931762695313 -0.343231201171875 -0.136993408203125
0.0496406555175781 0.0271339416503906 -0.6136474609375 -0.15667724609375
0.0113945007324219 0.0552711486816406 -0.743408203125 0.0518188476562499
-0.0404548645019531 0.0103340148925781 -0.6783447265625 0.28564453125
0.00580596923828125 -0.0765609741210938 -0.671142578125 0.3626708984375
0.120574951171875 -0.0788497924804688 -0.476318359375 0.2764892578125
0.165252685546875 0.0144805908203125 -0.118766784667969 0.0578155517578125
0.145751953125 -0.0114898681640625 0.257553100585938 -0.0968017578125
0.0879364013671875 -0.0746231079101563 0.542022705078125 -0.28125
0.00174331665039063 -0.0500335693359375 0.6778564453125 -0.33770751953125
-0.0170936584472656 0.0394058227539063 0.79046630859375 -0.20208740234375
0.0108871459960937 0.0549087524414063 0.72674560546875 -0.02783203125
0.0304069519042969 0.0226211547851563 0.55841064453125 0.059356689453125
0.0366592407226563 -0.0136985778808594 0.27313232421875 0.0689544677734375
0.0256214141845703 -0.0191822052001953 -0.0385017395019531 -0.0199928283691406
0.0383224487304687 -0.0115776062011719 -0.365325927734375 -0.14923095703125
0.0342044830322266 0.0189800262451172 -0.6307373046875 -0.19775390625
0.00128173828125 0.0452346801757813 -0.74676513671875 -0.000366210937500019
-0.0385169982910156 9.91821289062579E-05 -0.67413330078125 0.24993896484375
0.0177497863769531 -0.0673904418945313 -0.6688232421875 0.34521484375
0.12042236328125 -0.0589599609375 -0.479278564453125 0.26385498046875
0.145477294921875 0.023773193359375 -0.0945816040039062 0.0646896362304688
-0.0579948425292969 0.0036773681640625 0.160568237304688 -0.058502197265625
-0.051422119140625 0.0406646728515625 0.550079345703125 -0.273162841796875
-0.00173568725585938 0.0338687896728516 0.628662109375 -0.36614990234375
0.0158843994140625 0.00623703002929688 0.70977783203125 -0.16644287109375
-0.00332069396972656 -0.0301876068115234 0.7298583984375 0.06744384765625
-0.0452346801757812 -0.0586738586425781 0.647705078125 0.1229248046875
-0.0440673828125 -0.0463905334472656 0.398956298828125 0.084716796875
-0.0474319458007812 -0.0383872985839844 0.079193115234375 -0.0169830322265625
-0.0457344055175781 -0.0514373779296875 -0.25054931640625 -0.135604858398438
-0.0424842834472656 -0.0550804138183594 -0.542449951171875 -0.141876220703125
-0.0264663696289063 -0.0454292297363281 -0.72430419921875 0.0677490234374999
-0.00622940063476563 -0.0358734130859375 -0.723388671875 0.28021240234375
0.00484275817871094 0.0262355804443359 -0.696044921875 0.32623291015625
-0.0361900329589844 0.0467185974121094 -0.478515625 0.2864990234375
-0.0674247741699219 0.0275077819824219 -0.188766479492188 0.0737762451171875
0.000962257385253907 0.0159215927124023 0.151458740234375 -0.0582733154296875
-0.00181007385253906 0.0117998123168945 0.56048583984375 -0.261260986328125
0.00183570384979248 0.00118935108184814 0.63287353515625 -0.355224609375
-0.00102710723876953 0.00957965850830078 0.70819091796875 -0.13702392578125
-0.00388622283935547 -0.00552082061767578 0.7318115234375 0.0989990234375
-0.0200920104980469 -0.0331153869628906 0.65753173828125 0.150146484375
-0.0143356323242188 -0.0348930358886719 0.4066162109375 0.09124755859375
-0.0207729339599609 -0.031890869140625 0.0880889892578125 -0.0215682983398438
-0.0184135437011719 -0.0412178039550781 -0.24298095703125 -0.132705688476562
-0.0170516967773438 -0.0368843078613281 -0.5350341796875 -0.12652587890625
-0.0133380889892578 -0.0216331481933594 -0.713134765625 0.0957641601562502
-0.0121898651123047 -0.0212383270263672 -0.71112060546875 0.304931640625
0.000643253326416016 0.00634574890136719 -0.69403076171875 0.349365234375
-0.0108642578125 0.0152759552001953 -0.47943115234375 0.299407958984375
-0.0178070068359375 0.0170307159423828 -0.201812744140625 0.075286865234375
0.0686531066894531 0.0255012512207031 0.155441284179688 -0.0626678466796875
0.0552558898925781 -0.0184555053710937 0.56292724609375 -0.25396728515625
0.00793266296386719 -0.033050537109375 0.6378173828125 -0.33746337890625
-0.015904426574707 0.00900745391845703 0.7159423828125 -0.11309814453125
-0.00618171691894531 0.0214939117431641 0.73272705078125 0.1156005859375
0.00351953506469727 -0.00374484062194824 0.65582275390625 0.160888671875
0.0170021057128906 -0.0229015350341797 0.403900146484375 0.095977783203125
0.00499725341796875 -0.0270061492919922 0.0829315185546875 -0.025360107421875
0.00809669494628906 -0.0348644256591797 -0.247268676757813 -0.129409790039063
0.00908279418945313 -0.0197982788085937 -0.537933349609375 -0.1134033203125
0.00150346755981445 0.00278711318969727 -0.71002197265625 0.113525390625
-0.016575813293457 -0.00436115264892578 -0.697265625 0.328125
-0.00782203674316406 -0.0135126113891602 -0.688232421875 0.36883544921875
0.0162162780761719 -0.0184688568115234 -0.480255126953125 0.308349609375
0.0360832214355469 0.00107955932617188 -0.203277587890625 0.0716705322265625
0.125732421875 0.0294342041015625 0.16845703125 -0.066314697265625
0.101898193359375 -0.0436553955078125 0.558929443359375 -0.251373291015625
0.0144157409667969 -0.0614242553710938 0.64154052734375 -0.31890869140625
-0.0309085845947266 0.0152206420898437 0.72991943359375 -0.09759521484375
-0.0063629150390625 0.0440940856933594 0.73443603515625 0.1141357421875
0.0213699340820313 0.0232200622558594 0.64715576171875 0.15728759765625
0.0419654846191406 -0.0130577087402344 0.387664794921875 0.0928955078125
0.0254077911376953 -0.0221614837646484 0.0686569213867188 -0.0253486633300781
0.0324192047119141 -0.025299072265625 -0.2623291015625 -0.127456665039063
0.0330886840820313 -0.00217628479003906 -0.549835205078125 -0.107330322265625
0.0168514251708984 0.0245094299316406 -0.710693359375 0.120361328125
-0.0173721313476563 0.00811290740966797 -0.68890380859375 0.33544921875
-0.0123977661132813 -0.0308513641357422 -0.68109130859375 0.38037109375
0.0445480346679688 -0.0532112121582031 -0.478973388671875 0.3094482421875
0.0865554809570312 -0.010955810546875 -0.195755004882812 0.0644683837890625
0.1658935546875 0.02496337890625 0.185012817382812 -0.0718231201171875
0.126358032226563 -0.0691375732421875 0.549530029296875 -0.252777099609375
0.0125885009765625 -0.0782012939453125 0.651123046875 -0.30352783203125
-0.0385818481445313 0.0227165222167969 0.753173828125 -0.09881591796875
-0.00254440307617187 0.063385009765625 0.7392578125 0.09503173828125
0.0374794006347656 0.0399856567382813 0.62823486328125 0.1414794921875
0.0622825622558594 -0.00441360473632813 0.3597412109375 0.08740234375
0.039947509765625 -0.0167388916015625 0.0432395935058594 -0.0271568298339844
0.0511856079101563 -0.0152549743652344 -0.28509521484375 -0.126190185546875
0.0502281188964844 0.0133247375488281 -0.56463623046875 -0.1131591796875
0.0247344970703125 0.0434341430664063 -0.71588134765625 0.11541748046875
-0.0266666412353516 0.0180702209472656 -0.6810302734375 0.33135986328125
-0.0123367309570312 -0.0491294860839844 -0.6771240234375 0.38140869140625
0.0739974975585938 -0.0769271850585938 -0.47576904296875 0.2996826171875
0.131706237792969 -0.0100860595703125 -0.175445556640625 0.0585479736328125
0.181625366210938 0.012847900390625 0.210220336914063 -0.079498291015625
0.131217956542969 -0.0824050903320312 0.54290771484375 -0.258056640625
0.00748443603515625 -0.0785751342773438 0.66107177734375 -0.29736328125
-0.0383834838867188 0.0323333740234375 0.77117919921875 -0.1171875
0.00301361083984375 0.0725555419921875 0.7392578125 0.061279296875
0.0447845458984375 0.0448799133300781 0.6044921875 0.11688232421875
0.0663528442382813 -0.0024261474609375 0.325714111328125 0.078948974609375
0.0453681945800781 -0.0129470825195313 0.0129737854003906 -0.0279560089111328
0.0566825866699219 -0.00815582275390625 -0.313323974609375 -0.129608154296875
0.0568275451660156 0.0233573913574219 -0.588134765625 -0.1282958984375
0.02130126953125 0.0547828674316406 -0.72674560546875 0.0923461914062499
-0.0332965850830078 0.0191001892089844 -0.6785888671875 0.31494140625
-0.00740432739257812 -0.0685081481933594 -0.668701171875 0.374755859375
0.102584838867188 -0.0846633911132813 -0.47503662109375 0.29180908203125
0.160293579101563 -0.001129150390625 -0.147003173828125 0.05487060546875
0.17242431640625 -0.0024871826171875 0.234359741210938 -0.08758544921875
0.11199951171875 -0.085723876953125 0.538360595703125 -0.2664794921875
0.00325012207031251 -0.0666732788085938 0.6683349609375 -0.3099365234375
-0.0291633605957031 0.0391426086425781 0.78515625 -0.156982421875
0.0097503662109375 0.068695068359375 0.7320556640625 0.01605224609375
0.0430183410644531 0.0393142700195313 0.5772705078125 0.08563232421875
0.0572052001953125 -0.00751876831054688 0.296844482421875 0.0732421875
0.0384063720703125 -0.0158195495605469 -0.0155124664306641 -0.0247459411621094
0.0541419982910156 -0.00726318359375 -0.33929443359375 -0.136688232421875
0.0495338439941406 0.0253715515136719 -0.608642578125 -0.1563720703125
0.0124359130859375 0.0567092895507812 -0.7366943359375 0.0513305664062499
-0.0405464172363281 0.00884246826171876 -0.67327880859375 0.2855224609375
0.00524902343750001 -0.07464599609375 -0.663330078125 0.363525390625
0.122016906738281 -0.0801925659179688 -0.472808837890625 0.275848388671875
0.165817260742187 0.0125579833984375 -0.118125915527344 0.0573959350585937
0.143508911132813 -0.0129547119140625 0.252944946289063 -0.0984039306640625
0.0872650146484375 -0.0734024047851563 0.53741455078125 -0.280303955078125
0.000385284423828129 -0.0502090454101562 0.66973876953125 -0.33636474609375
-0.0166435241699219 0.0374031066894531 0.7840576171875 -0.20147705078125
0.0122947692871094 0.0564804077148438 0.72027587890625 -0.03125
0.0311431884765625 0.0226039886474609 0.55438232421875 0.058349609375
0.0368423461914063 -0.0117683410644531 0.271041870117188 0.0706024169921875
0.0248641967773438 -0.0207004547119141 -0.0377082824707031 -0.0199661254882812
0.0388145446777344 -0.0103034973144531 -0.3631591796875 -0.146728515625
0.0332107543945313 0.0201473236083984 -0.62664794921875 -0.1944580078125
0.00085067749023437 0.0450248718261719 -0.74542236328125 0.00170898437499996
-0.0380058288574219 0.00033187866210938 -0.6707763671875 0.25048828125
0.0149688720703125 -0.06817626953125 -0.66375732421875 0.34600830078125
0.11907958984375 -0.0585403442382812 -0.477752685546875 0.263580322265625
0.148101806640625 0.025848388671875 -0.0957565307617188 0.064666748046875
-0.0575790405273438 0.0041351318359375 0.158157348632813 -0.0590362548828125
-0.0523796081542969 0.0405731201171875 0.54815673828125 -0.2734375
-0.000707626342773436 0.0322227478027344 0.62420654296875 -0.36566162109375
0.017207145690918 0.00598716735839844 0.70489501953125 -0.16619873046875
-0.00416183471679687 -0.0297679901123047 0.72454833984375 0.06451416015625
-0.0441856384277344 -0.0587158203125 0.64385986328125 0.119140625
-0.0458450317382812 -0.0446014404296875 0.3963623046875 0.087066650390625
-0.0471000671386719 -0.0375747680664063 0.0798721313476563 -0.01788330078125
-0.0463371276855469 -0.0502395629882812 -0.2471923828125 -0.135360717773437
-0.0420417785644531 -0.0575485229492187 -0.540924072265625 -0.142333984375
-0.0249290466308594 -0.0460548400878906 -0.72076416015625 0.0693969726562502
-0.00659370422363281 -0.0334587097167969 -0.71893310546875 0.279052734375
0.007110595703125 0.0247688293457031 -0.69281005859375 0.324462890625
-0.0366668701171875 0.0459785461425781 -0.477264404296875 0.28558349609375
-0.0655517578125 0.0267066955566406 -0.18865966796875 0.0743865966796875
0.0020294189453125 0.0135469436645508 0.150680541992187 -0.0603485107421875
-0.00162124633789062 0.010563850402832 0.555999755859375 -0.26202392578125
0.000299215316772461 0.00090479850769043 0.6259765625 -0.3543701171875
0.000983715057373047 0.00875663757324219 0.69989013671875 -0.138916015625
-0.00303411483764648 -0.00595998764038086 0.72637939453125 0.09820556640625
-0.0231800079345703 -0.0326309204101563 0.65093994140625 0.1470947265625
-0.0137462615966797 -0.034912109375 0.404571533203125 0.091339111328125
-0.0221023559570312 -0.0317153930664063 0.0889434814453125 -0.0201568603515625
-0.0196952819824219 -0.0396194458007813 -0.242034912109375 -0.130523681640625
-0.0180511474609375 -0.0375709533691406 -0.530029296875 -0.125762939453125
-0.0131378173828125 -0.0223350524902344 -0.70709228515625 0.0960083007812502
-0.0128993988037109 -0.0216636657714844 -0.70751953125 0.3062744140625
0.00194931030273438 0.00619316101074219 -0.68865966796875 0.34979248046875
-0.0105257034301758 0.0153141021728516 -0.478424072265625 0.299224853515625
-0.0187854766845703 0.0149135589599609 -0.2010498046875 0.075164794921875
0.06683349609375 0.0263214111328125 0.152938842773438 -0.0628662109375
0.0543785095214844 -0.0179328918457031 0.5595703125 -0.252227783203125
0.00935935974121094 -0.0331077575683594 0.6326904296875 -0.338134765625
-0.01812744140625 0.0112094879150391 0.7095947265625 -0.11370849609375
-0.0035552978515625 0.0208110809326172 0.73040771484375 0.11480712890625
0.000920057296752929 -0.0038144588470459 0.65020751953125 0.16015625
0.0185489654541016 -0.0216064453125 0.40106201171875 0.09478759765625
0.00390052795410156 -0.0283527374267578 0.0838699340820313 -0.0232772827148438
0.00542449951171875 -0.032318115234375 -0.246109008789063 -0.132034301757813
0.00974750518798828 -0.017552375793457 -0.53399658203125 -0.1126708984375
0.00448274612426758 0.00136661529541016 -0.70355224609375 0.11383056640625
-0.014286994934082 -0.00425529479980469 -0.69415283203125 0.3267822265625
-0.00812721252441406 -0.0100574493408203 -0.68402099609375 0.36968994140625
0.0169916152954102 -0.0173740386962891 -0.478118896484375 0.307525634765625
0.0369186401367188 0.000347137451171875 -0.2030029296875 0.0730133056640625
0.125091552734375 0.028717041015625 0.164718627929688 -0.0673828125
0.100341796875 -0.043426513671875 0.553863525390625 -0.25396728515625
0.0135078430175781 -0.0619277954101562 0.63690185546875 -0.3206787109375
-0.0306587219238281 0.0156211853027344 0.72808837890625 -0.0997314453125
-0.0059814453125 0.0443267822265625 0.73211669921875 0.113037109375
0.0212001800537109 0.0219345092773438 0.644287109375 0.15765380859375
0.0428619384765625 -0.0121345520019531 0.384796142578125 0.09344482421875
0.0260696411132813 -0.0207538604736328 0.0676307678222656 -0.0266838073730469
0.0315971374511719 -0.0246963500976563 -0.261245727539062 -0.129165649414063
0.0332088470458984 -0.00152015686035156 -0.54296875 -0.108306884765625
0.017974853515625 0.0238990783691406 -0.7044677734375 0.1202392578125
-0.0183792114257813 0.0104923248291016 -0.6846923828125 0.3358154296875
-0.0123729705810547 -0.0300331115722656 -0.6776123046875 0.38104248046875
0.0444068908691406 -0.0509452819824219 -0.476318359375 0.30877685546875
0.0871353149414063 -0.0083770751953125 -0.194015502929688 0.06549072265625
0.163955688476562 0.0255584716796875 0.184127807617188 -0.072509765625
0.126983642578125 -0.0678787231445313 0.546966552734375 -0.253448486328125
0.0131988525390625 -0.0766143798828125 0.64453125 -0.30316162109375
-0.0378952026367188 0.0251922607421875 0.74676513671875 -0.09930419921875
-0.00300216674804688 0.0622825622558594 0.73614501953125 0.09368896484375
0.0363197326660156 0.0399894714355469 0.6239013671875 0.1422119140625
0.0603179931640625 -0.00516128540039063 0.358154296875 0.086273193359375
0.0406990051269531 -0.015380859375 0.0446739196777344 -0.026275634765625
0.0478706359863281 -0.0156784057617188 -0.282867431640625 -0.12701416015625
0.0492095947265625 0.0114097595214844 -0.56170654296875 -0.11285400390625
0.0242118835449219 0.0417671203613281 -0.710693359375 0.115234375
-0.0262012481689453 0.0188159942626953 -0.67767333984375 0.32928466796875
-0.0142440795898438 -0.0490455627441406 -0.67041015625 0.38153076171875
0.0755996704101563 -0.0747528076171875 -0.474273681640625 0.301788330078125
0.131782531738281 -0.00933074951171875 -0.174652099609375 0.0579376220703125
0.18115234375 0.01263427734375 0.207962036132813 -0.07830810546875
0.131546020507812 -0.0858688354492187 0.5399169921875 -0.25836181640625
0.0071563720703125 -0.07794189453125 0.65325927734375 -0.2977294921875
-0.0377845764160156 0.0332603454589844 0.76715087890625 -0.1182861328125
0.00234985351562501 0.0716094970703125 0.73486328125 0.05938720703125
0.0446395874023438 0.0440177917480469 0.5987548828125 0.11578369140625
0.0653266906738281 -0.003021240234375 0.32525634765625 0.080108642578125
0.04376220703125 -0.0145797729492188 0.0132846832275391 -0.0267887115478516
0.0575981140136719 -0.0100669860839844 -0.312164306640625 -0.12738037109375
0.055511474609375 0.0236396789550781 -0.586181640625 -0.1259765625
0.0220184326171875 0.0533065795898438 -0.7235107421875 0.0928344726562501
-0.03277587890625 0.0174121856689453 -0.67340087890625 0.3140869140625
-0.00620269775390624 -0.0674400329589844 -0.66259765625 0.37298583984375
0.103759765625 -0.0856857299804688 -0.470458984375 0.2913818359375
0.15948486328125 -0.001220703125 -0.14776611328125 0.05377197265625
0.173126220703125 -0.002288818359375 0.231246948242188 -0.089019775390625
0.11279296875 -0.087554931640625 0.533355712890625 -0.267608642578125
0.00192642211914063 -0.0654449462890625 0.66259765625 -0.31219482421875
-0.0285873413085938 0.0409469604492187 0.77911376953125 -0.1563720703125
0.0100212097167969 0.0699844360351563 0.72686767578125 0.01556396484375
0.04376220703125 0.0368194580078125 0.57452392578125 0.08648681640625
0.0559425354003906 -0.00534439086914063 0.29376220703125 0.074066162109375
0.0396232604980469 -0.0166397094726563 -0.0150470733642578 -0.0242633819580078
0.0523910522460938 -0.00783157348632813 -0.33685302734375 -0.135345458984375
0.0480728149414063 0.0249671936035156 -0.60595703125 -0.15570068359375
0.0122795104980469 0.0553627014160156 -0.7330322265625 0.0530395507812501
-0.0394554138183594 0.0102920532226563 -0.66900634765625 0.28485107421875
0.00252532958984375 -0.0753555297851562 -0.6590576171875 0.36376953125
0.120391845703125 -0.0786666870117188 -0.47137451171875 0.276031494140625
0.165237426757813 0.011383056640625 -0.1181640625 0.0582275390625
0.142593383789063 -0.0129241943359375 0.254013061523438 -0.09765625
0.0853729248046875 -0.0738296508789063 0.531829833984375 -0.280731201171875
0.000156402587890623 -0.0476531982421875 0.66455078125 -0.3358154296875
-0.0166549682617187 0.0406608581542969 0.78009033203125 -0.203125
0.0109138488769531 0.0558433532714844 0.71490478515625 -0.02935791015625
0.0311260223388672 0.0237388610839844 0.549285888671875 0.05694580078125
0.0384864807128906 -0.0124778747558594 0.268157958984375 0.069244384765625
0.0242881774902344 -0.0217189788818359 -0.0383262634277344 -0.0188522338867188
0.038299560546875 -0.0123138427734375 -0.36083984375 -0.14727783203125
0.0329685211181641 0.0186691284179687 -0.62225341796875 -0.19342041015625
0.00221633911132812 0.0459747314453125 -0.739501953125 0.00360107421874993
-0.0372581481933594 -0.000682830810546878 -0.66455078125 0.24871826171875
0.016387939453125 -0.0683403015136719 -0.6580810546875 0.34735107421875
0.118240356445313 -0.0589599609375 -0.47412109375 0.262847900390625
0.147201538085938 0.02337646484375 -0.0938339233398437 0.0639266967773438
-0.05841064453125 0.00238800048828124 0.158065795898438 -0.0580596923828125
-0.0516853332519531 0.0410614013671875 0.54302978515625 -0.2750244140625
-0.0023040771484375 0.0337085723876953 0.61602783203125 -0.36688232421875
0.0169744491577148 0.00568866729736328 0.70330810546875 -0.16412353515625
-0.00537300109863281 -0.0313472747802734 0.72357177734375 0.06658935546875
-0.0464439392089844 -0.05828857421875 0.64141845703125 0.12310791015625
-0.0441207885742188 -0.0443878173828125 0.3935546875 0.084686279296875
-0.0473289489746094 -0.0389442443847656 0.0800552368164063 -0.0163803100585938
-0.0473251342773438 -0.0528640747070312 -0.247894287109375 -0.136993408203125
-0.041259765625 -0.0552635192871094 -0.536102294921875 -0.14312744140625
-0.0266838073730469 -0.0461997985839844 -0.7177734375 0.06695556640625
-0.00499725341796875 -0.0358085632324219 -0.71746826171875 0.27734375
0.00548553466796875 0.0232868194580078 -0.68853759765625 0.32464599609375
-0.0374259948730469 0.0474319458007813 -0.473968505859375 0.286590576171875
-0.065826416015625 0.0258216857910156 -0.186752319335937 0.071868896484375
0.000831604003906249 0.0139150619506836 0.150634765625 -0.0601806640625
-0.00299167633056641 0.01287841796875 0.5552978515625 -0.26361083984375
0.000678718090057373 -0.000916063785552979 0.62567138671875 -0.35015869140625
-1.23977661132808E-05 0.00935649871826172 0.7027587890625 -0.136474609375
-0.00348663330078125 -0.00613307952880859 0.72265625 0.09954833984375
-0.0227088928222656 -0.0343399047851563 0.64697265625 0.14825439453125
-0.0146236419677734 -0.0339908599853516 0.40142822265625 0.09210205078125
-0.0233097076416016 -0.0323143005371094 0.0869064331054688 -0.0200424194335938
-0.0212287902832031 -0.0416755676269531 -0.239501953125 -0.134384155273438
-0.0184669494628906 -0.0387535095214844 -0.5291748046875 -0.127410888671875
-0.0133819580078125 -0.0240154266357422 -0.704345703125 0.09466552734375
-0.0113906860351563 -0.0197563171386719 -0.7012939453125 0.30340576171875
0.000639915466308594 0.00597429275512695 -0.68609619140625 0.3460693359375
-0.0099639892578125 0.0157899856567383 -0.47454833984375 0.29864501953125
-0.0152559280395508 0.0160961151123047 -0.202011108398438 0.0730438232421875
0.0688133239746094 0.02301025390625 0.152435302734375 -0.06146240234375
0.0536422729492188 -0.0175628662109375 0.554107666015625 -0.254547119140625
0.008697509765625 -0.0318756103515625 0.62933349609375 -0.337158203125
-0.0185356140136719 0.0101585388183594 0.70819091796875 -0.11163330078125
-0.00440025329589844 0.0183601379394531 0.7249755859375 0.11553955078125
0.00218391418457031 -0.00417399406433105 0.6494140625 0.158447265625
0.0165920257568359 -0.0229454040527344 0.400726318359375 0.093963623046875
0.00418281555175781 -0.0268630981445313 0.0848236083984375 -0.0239486694335937
0.00620651245117187 -0.0321197509765625 -0.244857788085938 -0.131378173828125
0.0110187530517578 -0.0195713043212891 -0.5301513671875 -0.115447998046875
0.00274157524108887 0.000594854354858398 -0.70172119140625 0.1146240234375
-0.0129404067993164 -0.00520610809326172 -0.69244384765625 0.32269287109375
-0.0070810317993164 -0.0111398696899414 -0.67755126953125 0.368408203125
0.0172252655029297 -0.0184459686279297 -0.474761962890625 0.3067626953125
0.0358734130859375 0.00171279907226563 -0.201889038085937 0.070648193359375
0.123924255371094 0.0279617309570313 0.165313720703125 -0.0666351318359375
0.0997085571289063 -0.0452804565429688 0.5531005859375 -0.255126953125
0.0151214599609375 -0.0585098266601562 0.63433837890625 -0.31719970703125
-0.0314292907714844 0.0145473480224609 0.72406005859375 -0.1002197265625
-0.00682830810546875 0.0454673767089844 0.7293701171875 0.11187744140625
0.0212936401367188 0.0205287933349609 0.6424560546875 0.15655517578125
0.0418663024902344 -0.0114021301269531 0.38348388671875 0.091461181640625
0.0241851806640625 -0.0213813781738281 0.0681228637695313 -0.0246658325195313
0.0305385589599609 -0.0241870880126953 -0.257736206054688 -0.128509521484375
0.0330219268798828 -0.00195693969726563 -0.5430908203125 -0.108001708984375
0.0177078247070313 0.0227584838867188 -0.70367431640625 0.1195068359375
-0.0177059173583984 0.00874137878417969 -0.68389892578125 0.33489990234375
-0.0119419097900391 -0.0297031402587891 -0.672607421875 0.3785400390625
0.0442733764648437 -0.05047607421875 -0.4730224609375 0.307891845703125
0.0874862670898438 -0.0102691650390625 -0.195724487304688 0.0650634765625
0.165939331054688 0.02471923828125 0.182327270507812 -0.0724334716796875
0.1265869140625 -0.0694122314453125 0.5428466796875 -0.25360107421875
0.0126800537109375 -0.0751953125 0.6417236328125 -0.30291748046875
-0.0392532348632813 0.0249404907226562 0.7440185546875 -0.09930419921875
-0.00423431396484376 0.0633316040039063 0.7314453125 0.09478759765625
0.0372352600097656 0.0377655029296875 0.619873046875 0.13970947265625
0.0616264343261719 -0.0048370361328125 0.355926513671875 0.08819580078125
0.0403785705566406 -0.015838623046875 0.0435981750488281 -0.0270233154296875
0.0497817993164062 -0.0156784057617188 -0.279708862304688 -0.125152587890625
0.0504150390625 0.01251220703125 -0.55859375 -0.113037109375
0.0264244079589844 0.0420722961425781 -0.7071533203125 0.11285400390625
-0.0269088745117188 0.0198211669921875 -0.6712646484375 0.33001708984375
-0.012481689453125 -0.0496940612792969 -0.66619873046875 0.38128662109375
0.0725173950195313 -0.073455810546875 -0.471588134765625 0.298828125
0.134666442871094 -0.012237548828125 -0.174163818359375 0.056732177734375
0.179840087890625 0.011383056640625 0.206085205078125 -0.0782623291015625
0.128334045410156 -0.08441162109375 0.538848876953125 -0.2576904296875
0.009674072265625 -0.07757568359375 0.6495361328125 -0.2943115234375
-0.0381278991699219 0.0342216491699219 0.76251220703125 -0.1163330078125
0.00101470947265625 0.0725936889648438 0.7296142578125 0.06103515625
0.0456199645996094 0.0443534851074219 0.59552001953125 0.11749267578125
0.0646858215332031 -0.00220108032226563 0.322113037109375 0.079925537109375
0.0434341430664063 -0.0127830505371094 0.0135555267333984 -0.0259284973144531
0.0551071166992188 -0.0101661682128906 -0.309112548828125 -0.13037109375
0.0545425415039063 0.0225639343261719 -0.5810546875 -0.126220703125
0.0215415954589844 0.0553741455078125 -0.7183837890625 0.09100341796875
-0.0340251922607422 0.0164508819580078 -0.67242431640625 0.3121337890625
-0.00749969482421875 -0.0657730102539063 -0.659912109375 0.3731689453125
0.102096557617188 -0.0836334228515625 -0.4686279296875 0.288818359375
0.161651611328125 0.0001373291015625 -0.147186279296875 0.053741455078125
0.17218017578125 -0.001983642578125 0.229598999023438 -0.088226318359375
0.111824035644531 -0.0868759155273438 0.530975341796875 -0.266876220703125
0.00211334228515626 -0.0676155090332031 0.65850830078125 -0.3087158203125
-0.0286674499511719 0.0392074584960938 0.77593994140625 -0.15447998046875
0.00916290283203125 0.0684471130371094 0.7220458984375 0.01617431640625
0.0417366027832031 0.0369186401367187 0.56976318359375 0.08538818359375
0.0559921264648438 -0.00511550903320313 0.292724609375 0.075103759765625
0.0379753112792969 -0.0168914794921875 -0.0146961212158203 -0.0213756561279297
0.0521507263183594 -0.00846481323242188 -0.33636474609375 -0.136383056640625
0.0481643676757813 0.02752685546875 -0.6029052734375 -0.154052734375
0.013153076171875 0.0545654296875 -0.73077392578125 0.05224609375
-0.0394554138183594 0.00957107543945312 -0.66552734375 0.28387451171875
0.00308227539062499 -0.0738754272460938 -0.6544189453125 0.3604736328125
0.121505737304688 -0.0795745849609375 -0.468170166015625 0.275177001953125
0.165267944335938 0.01104736328125 -0.116371154785156 0.0553970336914062
0.145217895507813 -0.012176513671875 0.251068115234375 -0.0960845947265625
0.084869384765625 -0.0733108520507812 0.530303955078125 -0.281097412109375
0.000114440917968748 -0.0463752746582031 0.66314697265625 -0.33477783203125
-0.0170097351074219 0.0402603149414062 0.77532958984375 -0.20111083984375
0.0125656127929688 0.0546493530273438 0.7103271484375 -0.031494140625
0.0312366485595703 0.0224666595458984 0.544952392578125 0.058746337890625
0.0353622436523438 -0.0106773376464844 0.2669677734375 0.0697479248046875
0.0249042510986328 -0.0207023620605469 -0.0375328063964844 -0.0198173522949219
0.0354690551757813 -0.0107688903808594 -0.35845947265625 -0.145477294921875
0.0338726043701172 0.0199680328369141 -0.61871337890625 -0.19354248046875
0.00258636474609375 0.0445137023925781 -0.7386474609375 0.000366210937499884
-0.0375480651855469 -0.000450134277343755 -0.6644287109375 0.24725341796875
0.0137939453125 -0.0662193298339844 -0.65380859375 0.34442138671875
0.117950439453125 -0.0584793090820313 -0.473602294921875 0.261688232421875
0.146499633789063 0.024993896484375 -0.09283447265625 0.0640182495117188
-0.05841064453125 0.00284194946289062 0.157821655273438 -0.0576019287109375
-0.0505523681640625 0.0402793884277344 0.540496826171875 -0.27093505859375
-0.00329017639160156 0.0346660614013672 0.61529541015625 -0.36358642578125
0.0154819488525391 0.00611305236816406 0.70147705078125 -0.1632080078125
-0.00398635864257812 -0.0286960601806641 0.71832275390625 0.0667724609375
-0.0460205078125 -0.0584030151367188 0.6380615234375 0.1240234375
-0.0451736450195313 -0.0441322326660156 0.39227294921875 0.08642578125
-0.047454833984375 -0.0353927612304687 0.0815658569335938 -0.0186386108398438
-0.0478630065917969 -0.0505218505859375 -0.24517822265625 -0.13623046875
-0.0415267944335938 -0.0565223693847656 -0.535675048828125 -0.142608642578125
-0.0244522094726562 -0.0463294982910156 -0.71575927734375 0.065185546875
-0.008575439453125 -0.0368919372558594 -0.7149658203125 0.27685546875
0.00684165954589844 0.0259933471679688 -0.68646240234375 0.322998046875
-0.0351409912109375 0.0483360290527344 -0.47381591796875 0.282928466796875
-0.0638656616210938 0.0261039733886719 -0.18585205078125 0.07275390625
0.00180339813232422 0.0140714645385742 0.14935302734375 -0.0601654052734375
-0.00110912322998047 0.01025390625 0.551727294921875 -0.2626953125
-0.000217080116271973 0.00165665149688721 0.620849609375 -0.35150146484375
0.000962257385253906 0.0109033584594727 0.697998046875 -0.13555908203125
-0.00512552261352539 -0.00378179550170899 0.7176513671875 0.0985107421875
-0.0218429565429687 -0.0357818603515625 0.64715576171875 0.1478271484375
-0.0140609741210937 -0.0330219268798828 0.401763916015625 0.092437744140625
-0.0228080749511719 -0.0279941558837891 0.0886077880859375 -0.0208358764648437
-0.0194587707519531 -0.0409660339355469 -0.237991333007813 -0.133132934570313
-0.0171890258789063 -0.0368766784667969 -0.527801513671875 -0.125885009765625
-0.0128879547119141 -0.0232048034667969 -0.702880859375 0.09228515625
-0.0138149261474609 -0.0205574035644531 -0.70233154296875 0.30267333984375
0.00136089324951172 0.00561094284057617 -0.6829833984375 0.349853515625
-0.00935554504394531 0.0166311264038086 -0.4727783203125 0.29638671875
-0.015904426574707 0.0159206390380859 -0.198974609375 0.074951171875
0.06829833984375 0.0235023498535156 0.149459838867187 -0.0619659423828125
0.0541648864746094 -0.0180702209472656 0.553802490234375 -0.255584716796875
0.0091094970703125 -0.0318660736083984 0.6260986328125 -0.33447265625
-0.019012451171875 0.0125617980957031 0.7041015625 -0.11065673828125
-0.00518798828125 0.0218944549560547 0.72210693359375 0.11651611328125
0.00133848190307617 -0.005340576171875 0.64617919921875 0.1612548828125
0.0163764953613281 -0.0220355987548828 0.39898681640625 0.094390869140625
0.00149345397949219 -0.0271492004394531 0.0839920043945313 -0.0234527587890625
0.00366020202636719 -0.0318431854248047 -0.24493408203125 -0.13238525390625
0.009979248046875 -0.0176906585693359 -0.530303955078125 -0.115203857421875
0.00342535972595215 0.000753402709960938 -0.69708251953125 0.11083984375
-0.01336669921875 -0.00601577758789063 -0.69158935546875 0.3231201171875
-0.00787544250488281 -0.010655403137207 -0.6773681640625 0.36761474609375
0.0181446075439453 -0.0178318023681641 -0.474578857421875 0.3052978515625
0.036529541015625 -4.57763671875E-05 -0.202255249023438 0.0714721679687499
0.125457763671875 0.0285797119140625 0.16180419921875 -0.0664825439453125
0.100074768066406 -0.0441741943359375 0.549835205078125 -0.254364013671875
0.0128440856933594 -0.0597724914550781 0.633544921875 -0.31597900390625
-0.0314521789550781 0.0156497955322266 0.72308349609375 -0.09857177734375
-0.00555038452148438 0.0455322265625 0.72705078125 0.1124267578125
0.0223217010498047 0.0214672088623047 0.636962890625 0.159423828125
0.043548583984375 -0.0103340148925781 0.38177490234375 0.09454345703125
0.0239372253417969 -0.0184535980224609 0.0687294006347656 -0.0247879028320312
0.0300064086914063 -0.0243148803710938 -0.259490966796875 -0.127151489257812
0.0333919525146484 -0.00289535522460937 -0.541168212890625 -0.109130859375
0.0188617706298828 0.0235557556152344 -0.70147705078125 0.120849609375
-0.0181427001953125 0.00925254821777344 -0.6807861328125 0.3328857421875
-0.0125198364257812 -0.029754638671875 -0.67095947265625 0.3792724609375
0.045166015625 -0.0499305725097656 -0.47161865234375 0.306640625
0.0882110595703125 -0.00794219970703125 -0.194534301757813 0.063079833984375
0.164794921875 0.0240478515625 0.18206787109375 -0.0723724365234375
0.125625610351563 -0.0693130493164063 0.539886474609375 -0.25421142578125
0.0115585327148438 -0.075836181640625 0.63861083984375 -0.3001708984375
-0.0378799438476563 0.0240211486816406 0.7430419921875 -0.09912109375
-0.00203704833984374 0.0639724731445312 0.7279052734375 0.09478759765625
0.0365486145019531 0.0399246215820313 0.61883544921875 0.1422119140625
0.0617027282714844 -0.00385284423828125 0.353973388671875 0.087615966796875
0.0386505126953125 -0.0150108337402344 0.0438575744628906 -0.0251502990722656
0.0476913452148438 -0.0156364440917969 -0.2803955078125 -0.127609252929687
0.0507736206054688 0.0123863220214844 -0.557403564453125 -0.115203857421875
0.0244903564453125 0.0424118041992188 -0.707275390625 0.11016845703125
-0.0255489349365234 0.0181331634521484 -0.6751708984375 0.326904296875
-0.0158576965332031 -0.0489082336425781 -0.66650390625 0.37933349609375
0.0762176513671875 -0.0739288330078125 -0.4710693359375 0.299530029296875
0.131561279296875 -0.010528564453125 -0.17364501953125 0.05718994140625
0.181304931640625 0.0105438232421875 0.20574951171875 -0.079681396484375
0.128265380859375 -0.0847930908203125 0.532073974609375 -0.2554931640625
0.00804138183593749 -0.077880859375 0.6497802734375 -0.29425048828125
-0.0372886657714844 0.0338668823242188 0.76373291015625 -0.11248779296875
0.00293731689453126 0.0716171264648438 0.7281494140625 0.06036376953125
0.045196533203125 0.043548583984375 0.59381103515625 0.12005615234375
0.0640106201171875 -0.00185394287109375 0.3223876953125 0.077484130859375
0.0432891845703125 -0.0129852294921875 0.0149383544921875 -0.025909423828125
0.0547866821289063 -0.0104255676269531 -0.308685302734375 -0.129913330078125
0.0557785034179688 0.0239334106445313 -0.579345703125 -0.12744140625
0.0226936340332031 0.0541419982910156 -0.71844482421875 0.0897827148437501
-0.0343971252441406 0.0183181762695313 -0.66845703125 0.309814453125
-0.00719833374023438 -0.0660934448242188 -0.65753173828125 0.37249755859375
0.102897644042969 -0.0864105224609375 -0.469573974609375 0.28741455078125
0.160781860351563 -0.0024566650390625 -0.146530151367188 0.0545501708984375
0.17376708984375 -0.0028839111328125 0.2294921875 -0.0870819091796875
0.112190246582031 -0.0865631103515625 0.5308837890625 -0.265716552734375
-0.000534057617187501 -0.0656013488769531 0.65576171875 -0.3072509765625
-0.0290565490722656 0.0394020080566406 0.77447509765625 -0.15435791015625
0.00931167602539063 0.0684356689453125 0.7196044921875 0.016845703125
0.0438232421875 0.0358161926269531 0.5679931640625 0.08721923828125
0.0561981201171875 -0.00486373901367187 0.29266357421875 0.073822021484375
0.0385017395019531 -0.0145683288574219 -0.0147914886474609 -0.0231418609619141
0.0500755310058594 -0.00775146484375 -0.3345947265625 -0.136688232421875
0.0473823547363281 0.0274696350097656 -0.60107421875 -0.15582275390625
0.0131607055664063 0.0549392700195313 -0.729248046875 0.0499877929687501
-0.0388031005859375 0.0107460021972656 -0.66644287109375 0.2813720703125
0.002716064453125 -0.0731964111328125 -0.6544189453125 0.36114501953125
0.121864318847656 -0.0784530639648438 -0.469207763671875 0.275543212890625
0.16778564453125 0.0108795166015625 -0.117439270019531 0.0542984008789063
0.143356323242188 -0.0122528076171875 0.250106811523438 -0.096893310546875
0.084991455078125 -0.0736083984375 0.527435302734375 -0.28125
-0.00210952758789063 -0.0470809936523438 0.6600341796875 -0.3319091796875
-0.0169258117675781 0.0393257141113281 0.77471923828125 -0.19976806640625
0.0107765197753906 0.0559349060058594 0.70758056640625 -0.0286865234375
0.0302028656005859 0.0224819183349609 0.542510986328125 0.0595703125
0.0372962951660156 -0.0110244750976562 0.264984130859375 0.0724945068359375
0.0232295989990234 -0.0191898345947266 -0.03814697265625 -0.0190658569335938
0.0363388061523438 -0.0127601623535156 -0.358184814453125 -0.147491455078125
0.0330905914306641 0.0206851959228516 -0.61907958984375 -0.1954345703125
0.00197601318359375 0.0444984436035156 -0.73541259765625 0.000610351562499893
-0.0377349853515625 -0.000858306884765625 -0.6636962890625 0.24566650390625
0.0156173706054687 -0.0665550231933594 -0.65380859375 0.3441162109375
0.119873046875 -0.0574111938476562 -0.471405029296875 0.2623291015625
0.148941040039063 0.0236663818359375 -0.0939178466796875 0.0631484985351562
-0.0572090148925781 0.00192642211914062 0.15673828125 -0.056976318359375
-0.0517616271972656 0.0408363342285156 0.539459228515625 -0.270355224609375
-0.00330162048339843 0.0346088409423828 0.61578369140625 -0.36456298828125
0.0161352157592773 0.00529575347900391 0.7005615234375 -0.16180419921875
-0.00533866882324219 -0.0291004180908203 0.71856689453125 0.06634521484375
-0.0460281372070313 -0.058624267578125 0.63616943359375 0.12493896484375
-0.0468826293945312 -0.0440750122070313 0.39215087890625 0.085418701171875
-0.0486907958984375 -0.0358352661132813 0.083038330078125 -0.0179824829101563
-0.0484962463378906 -0.0496406555175781 -0.244705200195313 -0.13800048828125
-0.0437431335449219 -0.0566902160644531 -0.53411865234375 -0.14312744140625
-0.0258255004882813 -0.0461845397949219 -0.71441650390625 0.0671997070312499
-0.00503158569335938 -0.0361251831054688 -0.71478271484375 0.27398681640625
0.00637245178222656 0.0247383117675781 -0.68511962890625 0.323974609375
-0.0370063781738281 0.04931640625 -0.472412109375 0.283599853515625
-0.0648841857910156 0.0231170654296875 -0.185516357421875 0.073822021484375
0.00212001800537109 0.0127992630004883 0.14849853515625 -0.06036376953125
-0.00272941589355469 0.012293815612793 0.548065185546875 -0.263702392578125
-0.000150203704833984 0.00252819061279297 0.61993408203125 -0.352294921875
-0.000638008117675782 0.00987815856933594 0.6982421875 -0.13214111328125
-0.00558328628540039 -0.00507688522338867 0.719970703125 0.10009765625
-0.0240879058837891 -0.0338172912597656 0.64385986328125 0.15081787109375
-0.0151939392089844 -0.0336532592773437 0.4017333984375 0.092987060546875
-0.0236034393310547 -0.0281734466552734 0.0897064208984375 -0.021728515625
-0.0231399536132813 -0.0414772033691406 -0.238449096679688 -0.134613037109375
-0.0188560485839844 -0.0380630493164063 -0.52569580078125 -0.1298828125
-0.0127182006835938 -0.0230255126953125 -0.70172119140625 0.09088134765625
-0.0129890441894531 -0.0206317901611328 -0.7032470703125 0.301025390625
-0.000762462615966797 0.00717973709106445 -0.6820068359375 0.34564208984375
-0.00989532470703125 0.0167322158813477 -0.473968505859375 0.2987060546875
-0.0147085189819336 0.0149497985839844 -0.200180053710938 0.072509765625
0.068328857421875 0.02398681640625 0.15093994140625 -0.062408447265625
0.0538215637207031 -0.0168609619140625 0.5516357421875 -0.253997802734375
0.00718307495117187 -0.0331516265869141 0.62640380859375 -0.33441162109375
-0.018280029296875 0.0122432708740234 0.70306396484375 -0.1099853515625
-0.00577735900878906 0.0205268859863281 0.719970703125 0.1173095703125
-0.000432968139648438 -0.0041804313659668 0.6466064453125 0.1617431640625
0.0165367126464844 -0.0223026275634766 0.39703369140625 0.09490966796875
0.00213623046875 -0.0241146087646484 0.0849456787109375 -0.0241165161132813
0.00459098815917969 -0.0335006713867188 -0.243011474609375 -0.132278442382813
0.0105800628662109 -0.0195064544677734 -0.527435302734375 -0.115936279296875
0.00421786308288574 -0.000163078308105469 -0.69842529296875 0.11077880859375
-0.0153846740722656 -0.00397586822509765 -0.69134521484375 0.32257080078125
-0.00717639923095703 -0.0110359191894531 -0.67626953125 0.36724853515625
0.0168647766113281 -0.0171136856079102 -0.4752197265625 0.306182861328125
0.0390892028808594 8.7738037109375E-05 -0.202468872070313 0.0720367431640625
0.127593994140625 0.0298690795898438 0.163070678710938 -0.0667266845703125
0.100509643554688 -0.0442428588867188 0.54864501953125 -0.2547607421875
0.012969970703125 -0.0592002868652344 0.6307373046875 -0.31622314453125
-0.0310897827148438 0.016265869140625 0.72314453125 -0.09417724609375
-0.00752639770507813 0.0452346801757813 0.72576904296875 0.1158447265625
0.0215625762939453 0.0220432281494141 0.63616943359375 0.16009521484375
0.0430641174316406 -0.00967788696289063 0.381195068359375 0.094085693359375
0.0246925354003906 -0.0198135375976563 0.0704879760742188 -0.025482177734375
0.029052734375 -0.023773193359375 -0.2568359375 -0.128509521484375
0.0332374572753906 -0.00242996215820313 -0.536865234375 -0.110137939453125
0.0179080963134766 0.0216865539550781 -0.70037841796875 0.11767578125
-0.0190658569335938 0.00899505615234375 -0.68231201171875 0.3319091796875
-0.0134906768798828 -0.0273818969726563 -0.6727294921875 0.37884521484375
0.0446701049804688 -0.050201416015625 -0.473846435546875 0.304931640625
0.0881729125976563 -0.011322021484375 -0.193710327148438 0.062896728515625
0.165740966796875 0.023773193359375 0.183029174804688 -0.072998046875
0.12567138671875 -0.0678939819335937 0.53936767578125 -0.25433349609375
0.0129318237304687 -0.0755538940429688 0.6380615234375 -0.2999267578125
-0.038909912109375 0.0244331359863281 0.7410888671875 -0.097412109375
-0.00328826904296875 0.0626258850097656 0.7275390625 0.09814453125
0.0366172790527344 0.0391197204589844 0.615966796875 0.14337158203125
0.0603446960449219 -0.00448226928710938 0.357452392578125 0.086700439453125
0.0397987365722656 -0.0136642456054688 0.0434341430664063 -0.0252532958984375
0.0462226867675781 -0.0159492492675781 -0.281158447265625 -0.127960205078125
0.0516090393066406 0.0120162963867187 -0.556671142578125 -0.114349365234375
0.0249710083007813 0.0417251586914063 -0.7054443359375 0.11083984375
-0.0255641937255859 0.0199928283691406 -0.6739501953125 0.32757568359375
-0.0148582458496094 -0.0486488342285156 -0.6634521484375 0.3797607421875
0.0756683349609375 -0.0761947631835937 -0.471923828125 0.2999267578125
0.132797241210938 -0.0121612548828125 -0.174636840820313 0.05694580078125
0.180953979492188 0.0112457275390625 0.204010009765625 -0.0767822265625
0.128471374511719 -0.085296630859375 0.532257080078125 -0.258544921875
0.0065155029296875 -0.0767593383789062 0.6495361328125 -0.29437255859375
-0.037261962890625 0.0345687866210937 0.76171875 -0.1143798828125
0.000915527343749998 0.0728836059570313 0.725830078125 0.0628662109375
0.0470962524414063 0.0430183410644531 0.59124755859375 0.119140625
0.0654144287109375 -0.001373291015625 0.3232421875 0.08221435546875
0.0450057983398438 -0.0131721496582031 0.0150051116943359 -0.0255718231201172
0.0548973083496094 -0.00946807861328125 -0.307769775390625 -0.130645751953125
0.0553207397460938 0.02239990234375 -0.5789794921875 -0.12908935546875
0.0232353210449219 0.053375244140625 -0.718505859375 0.0895996093750001
-0.0352287292480469 0.0186424255371094 -0.6693115234375 0.31048583984375
-0.008758544921875 -0.0654678344726563 -0.6580810546875 0.3748779296875
0.10479736328125 -0.0850753784179688 -0.4683837890625 0.287322998046875
0.163818359375 -0.003814697265625 -0.147720336914063 0.0527801513671875
0.174713134765625 -0.00347900390625 0.229751586914063 -0.0872039794921875
0.11029052734375 -0.0877609252929688 0.529083251953125 -0.26568603515625
0.000835418701171874 -0.0649986267089844 0.653564453125 -0.30828857421875
-0.0291976928710937 0.0417556762695313 0.77398681640625 -0.15277099609375
0.00941467285156251 0.0687408447265625 0.71942138671875 0.018310546875
0.0432395935058594 0.036376953125 0.566162109375 0.088134765625
0.0556716918945313 -0.00365829467773438 0.2908935546875 0.07513427734375
0.0393104553222656 -0.0154075622558594 -0.0142784118652344 -0.022308349609375
0.0517120361328125 -0.00684738159179688 -0.33642578125 -0.1376953125
0.0478134155273438 0.027496337890625 -0.60107421875 -0.15673828125
0.013214111328125 0.055328369140625 -0.7296142578125 0.0518188476562501
-0.0408096313476563 0.0115547180175781 -0.66436767578125 0.28125
0.00244903564453125 -0.0736541748046875 -0.65362548828125 0.361328125
0.122032165527344 -0.0789337158203125 -0.46966552734375 0.2752685546875
0.168426513671875 0.01116943359375 -0.117507934570313 0.0540084838867187
0.145477294921875 -0.0140228271484375 0.250442504882813 -0.0973052978515625
0.0857772827148438 -0.072784423828125 0.52679443359375 -0.280975341796875
-0.000839233398437497 -0.0451698303222656 0.6568603515625 -0.33251953125
-0.0172958374023438 0.0408668518066406 0.7742919921875 -0.20037841796875
0.0112342834472656 0.0553169250488281 0.7066650390625 -0.02960205078125
0.0303230285644531 0.0219745635986328 0.540863037109375 0.061614990234375
0.0369186401367188 -0.0109481811523438 0.26727294921875 0.07159423828125
0.0239009857177734 -0.0197372436523438 -0.0372886657714844 -0.0181884765625
0.0350971221923828 -0.0122871398925781 -0.357635498046875 -0.1474609375
0.0330753326416016 0.0206565856933594 -0.61810302734375 -0.196533203125
0.00286102294921875 0.0444068908691406 -0.7352294921875 0.00012207031249998
-0.0379219055175781 0.000457763671874996 -0.66314697265625 0.243896484375
0.0142021179199219 -0.065582275390625 -0.6505126953125 0.34515380859375
0.119033813476562 -0.057342529296875 -0.471282958984375 0.26043701171875
0.149490356445313 0.0229034423828125 -0.093719482421875 0.0628890991210938
-0.0583839416503906 0.000648498535156258 0.156661987304687 -0.0561981201171875
-0.0520553588867187 0.0437965393066406 0.5406494140625 -0.273406982421875
-0.00144767761230469 0.0343055725097656 0.61676025390625 -0.36572265625
0.0166282653808594 0.00596809387207031 0.6981201171875 -0.163330078125
-0.00511932373046875 -0.0306587219238281 0.72003173828125 0.0687255859375
-0.0468902587890625 -0.0576629638671875 0.6358642578125 0.12713623046875
-0.046234130859375 -0.0433006286621094 0.391448974609375 0.085662841796875
-0.047088623046875 -0.0356101989746094 0.08135986328125 -0.0168914794921875
-0.0512886047363281 -0.050506591796875 -0.245346069335938 -0.139724731445313
-0.0419692993164062 -0.0571060180664063 -0.535186767578125 -0.14752197265625
-0.0238380432128906 -0.047637939453125 -0.7164306640625 0.0637817382812499
-0.00734710693359375 -0.0368728637695313 -0.7186279296875 0.27349853515625
0.00727653503417969 0.0250968933105469 -0.6845703125 0.32452392578125
-0.0354461669921875 0.0492668151855469 -0.474609375 0.283294677734375
-0.0646514892578125 0.0239791870117187 -0.188858032226562 0.071136474609375
0.00324916839599609 0.0103511810302734 0.147384643554688 -0.058441162109375
-0.00331497192382812 0.0121335983276367 0.54931640625 -0.264556884765625
-0.000861406326293945 0.00360465049743652 0.62127685546875 -0.351806640625
-0.00167751312255859 0.00961875915527344 0.69903564453125 -0.131591796875
-0.00522089004516602 -0.00530576705932617 0.7196044921875 0.10076904296875
-0.0237579345703125 -0.0344085693359375 0.64361572265625 0.15118408203125
-0.0155677795410156 -0.0329761505126953 0.4019775390625 0.093505859375
-0.0228843688964844 -0.0300025939941406 0.0894775390625 -0.0209503173828125
-0.0233230590820313 -0.0407180786132813 -0.239913940429688 -0.137008666992188
-0.0203018188476563 -0.0376358032226563 -0.527587890625 -0.129638671875
-0.011749267578125 -0.0235595703125 -0.70635986328125 0.0917358398437501
-0.0112247467041016 -0.0216808319091797 -0.7071533203125 0.30242919921875
2.19345092773436E-05 0.00658750534057617 -0.6824951171875 0.3468017578125
-0.00972175598144531 0.0173521041870117 -0.476165771484375 0.29669189453125
-0.0145034790039063 0.0146598815917969 -0.202713012695313 0.0731201171875
0.069122314453125 0.0235671997070313 0.1507568359375 -0.0615692138671875
0.0511550903320312 -0.0164337158203125 0.55340576171875 -0.255401611328125
0.00749969482421875 -0.0324554443359375 0.6260986328125 -0.33447265625
-0.0175132751464844 0.0121822357177734 0.70831298828125 -0.1099853515625
-0.00659561157226563 0.0209102630615234 0.72357177734375 0.1190185546875
-0.000646114349365235 -0.00306582450866699 0.6434326171875 0.16192626953125
0.0158271789550781 -0.0210685729980469 0.400482177734375 0.0950927734375
0.00209236145019531 -0.0233612060546875 0.0833816528320313 -0.0249862670898438
0.00403022766113281 -0.0318336486816406 -0.24249267578125 -0.1341552734375
0.00987052917480469 -0.0201663970947266 -0.52874755859375 -0.116943359375
0.00467634201049805 0.00114107131958008 -0.69989013671875 0.10650634765625
-0.0170803070068359 -0.00636959075927735 -0.69244384765625 0.3216552734375
-0.00785064697265625 -0.0101633071899414 -0.677978515625 0.36810302734375
0.016632080078125 -0.0182723999023438 -0.4752197265625 0.305633544921875
0.0377540588378906 -0.00165557861328125 -0.20367431640625 0.0694122314453125
0.127426147460938 0.0278167724609375 0.162734985351563 -0.065521240234375
0.102066040039063 -0.0438308715820313 0.547149658203125 -0.254669189453125
0.0122413635253906 -0.0600357055664063 0.6298828125 -0.316650390625
-0.0316715240478516 0.0165672302246094 0.72222900390625 -0.0943603515625
-0.00803375244140625 0.0445175170898438 0.72686767578125 0.11737060546875
0.0215587615966797 0.0212478637695312 0.63330078125 0.158935546875
0.044219970703125 -0.0106887817382813 0.3824462890625 0.0941162109375
0.0249652862548828 -0.0200004577636719 0.0699806213378906 -0.0240135192871094
0.0288677215576172 -0.0234813690185547 -0.256393432617188 -0.130172729492188
0.0326671600341797 -0.00174331665039063 -0.53802490234375 -0.11053466796875
0.0201644897460938 0.0237960815429688 -0.70257568359375 0.1170654296875
-0.0180263519287109 0.00692558288574219 -0.68304443359375 0.33367919921875
-0.0136814117431641 -0.0282249450683594 -0.6728515625 0.37841796875
0.045928955078125 -0.0506591796875 -0.475128173828125 0.305999755859375
0.08978271484375 -0.0110549926757812 -0.195266723632813 0.063995361328125
0.166549682617188 0.0248565673828125 0.180206298828125 -0.0708770751953125
0.127532958984375 -0.068939208984375 0.536865234375 -0.2557373046875
0.0123291015625 -0.0764846801757813 0.63702392578125 -0.299560546875
-0.0368614196777344 0.0237884521484375 0.7421875 -0.09613037109375
-0.0035247802734375 0.0615005493164063 0.72772216796875 0.0975341796875
0.0367240905761719 0.0395164489746094 0.6163330078125 0.14581298828125
0.0604515075683594 -0.00390243530273438 0.35540771484375 0.08905029296875
0.039947509765625 -0.014892578125 0.0440254211425781 -0.0261802673339844
0.0469818115234375 -0.015167236328125 -0.279586791992188 -0.129150390625
0.0500946044921875 0.0115852355957031 -0.5572509765625 -0.1158447265625
0.0269660949707031 0.0415611267089844 -0.70733642578125 0.11004638671875
-0.0264129638671875 0.0189552307128906 -0.6756591796875 0.32794189453125
-0.0141716003417969 -0.048187255859375 -0.66656494140625 0.38067626953125
0.0745391845703125 -0.07452392578125 -0.472625732421875 0.297698974609375
0.135368347167969 -0.013092041015625 -0.175079345703125 0.0555572509765625
0.181060791015625 0.01220703125 0.205047607421875 -0.076934814453125
0.127227783203125 -0.08447265625 0.53192138671875 -0.258209228515625
0.00563049316406249 -0.076263427734375 0.6455078125 -0.2965087890625
-0.0386848449707031 0.03424072265625 0.76300048828125 -0.11297607421875
0.000801086425781252 0.0714797973632813 0.7252197265625 0.0645751953125
0.0450325012207031 0.0431175231933594 0.5894775390625 0.11968994140625
0.0650215148925781 -0.00126266479492188 0.32220458984375 0.082550048828125
0.0438385009765625 -0.0119590759277344 0.0155086517333984 -0.0232753753662109
0.0538749694824219 -0.0105400085449219 -0.306732177734375 -0.131011962890625
0.0546493530273438 0.0235404968261719 -0.5810546875 -0.13006591796875
0.0242462158203125 0.0539321899414063 -0.7198486328125 0.0876464843749999
-0.0343532562255859 0.0176277160644531 -0.67120361328125 0.308837890625
-0.00878524780273438 -0.0650978088378906 -0.65850830078125 0.37347412109375
0.10430908203125 -0.0853118896484375 -0.471405029296875 0.287811279296875
0.164779663085938 -0.0048370361328125 -0.146560668945313 0.0523223876953125
0.174484252929688 -0.0035247802734375 0.22894287109375 -0.0868377685546875
0.111549377441406 -0.0870742797851563 0.528472900390625 -0.26904296875
0.00129699707031251 -0.065826416015625 0.6551513671875 -0.30670166015625
-0.029998779296875 0.0425910949707031 0.77520751953125 -0.15313720703125
0.00941467285156251 0.0693740844726563 0.71978759765625 0.0185546875
0.0437164306640625 0.0359725952148438 0.56427001953125 0.09185791015625
0.0555686950683594 -0.00366592407226563 0.292816162109375 0.07513427734375
0.0384368896484375 -0.013916015625 -0.0138568878173828 -0.0230655670166016
0.05078125 -0.006744384765625 -0.335235595703125 -0.13836669921875
0.0466423034667969 0.0259170532226563 -0.60125732421875 -0.15911865234375
0.013092041015625 0.0566291809082031 -0.73052978515625 0.04754638671875
-0.0399551391601563 0.0122642517089844 -0.66552734375 0.27984619140625
0.00350189208984374 -0.07501220703125 -0.65423583984375 0.36077880859375
0.122055053710937 -0.0791854858398438 -0.467926025390625 0.273712158203125
0.171051025390625 0.009796142578125 -0.117935180664062 0.0538787841796875
0.14599609375 -0.0139923095703125 0.251632690429688 -0.0971221923828125
0.0838241577148438 -0.0735397338867188 0.52490234375 -0.28375244140625
-0.000679016113281248 -0.0467376708984375 0.6573486328125 -0.3314208984375
-0.0167427062988281 0.0399894714355469 0.775146484375 -0.20172119140625
0.010833740234375 0.0554733276367188 0.70745849609375 -0.0284423828125
0.0297870635986328 0.0224018096923828 0.54058837890625 0.0634765625
0.0368385314941406 -0.0114784240722656 0.266616821289063 0.0707855224609375
0.0234203338623047 -0.0179309844970703 -0.0368576049804687 -0.0171852111816406
0.036041259765625 -0.0103034973144531 -0.3575439453125 -0.148529052734375
0.0334300994873047 0.020660400390625 -0.62030029296875 -0.19732666015625
0.0029296875 0.044189453125 -0.7373046875 -0.00305175781249996
-0.0391311645507813 0.00107574462890624 -0.66357421875 0.2427978515625
0.0128936767578125 -0.0655860900878906 -0.654541015625 0.34625244140625
0.1214599609375 -0.0561370849609375 -0.474822998046875 0.260955810546875
0.15032958984375 0.0237274169921875 -0.0934829711914062 0.062896728515625
-0.0581588745117188 0.00194931030273438 0.157730102539063 -0.0565032958984375
-0.0515975952148438 0.0427436828613281 0.54296875 -0.27490234375
-0.00231170654296875 0.0363540649414063 0.61505126953125 -0.36541748046875
0.0177898406982422 0.00627517700195312 0.70361328125 -0.16162109375
-0.00622177124023437 -0.0305728912353516 0.72296142578125 0.068115234375
-0.0462532043457031 -0.060028076171875 0.63848876953125 0.12603759765625
-0.0478134155273438 -0.04254150390625 0.391998291015625 0.087982177734375
-0.0499954223632813 -0.0345191955566406 0.0838775634765625 -0.0186233520507813
-0.05206298828125 -0.0506935119628906 -0.245620727539063 -0.1400146484375
-0.043121337890625 -0.0575523376464844 -0.534088134765625 -0.145751953125
-0.0244255065917969 -0.0461463928222656 -0.71942138671875 0.0631103515625001
-0.00730133056640625 -0.0368080139160156 -0.719970703125 0.276611328125
0.00644111633300782 0.0256843566894531 -0.689453125 0.32342529296875
-0.0361862182617188 0.0484542846679688 -0.47735595703125 0.28448486328125
-0.0642814636230469 0.024261474609375 -0.189376831054688 0.0706939697265625
0.000609397888183595 0.0106287002563477 0.148269653320313 -0.05828857421875
-0.00511455535888672 0.0113811492919922 0.550567626953125 -0.2637939453125
0.000109910964965821 0.00316381454467773 0.62005615234375 -0.3529052734375
-0.000935554504394531 0.01348876953125 0.69952392578125 -0.130126953125
-0.00352644920349121 -0.00420880317687988 0.7198486328125 0.1033935546875
-0.0223484039306641 -0.0344371795654297 0.6463623046875 0.15264892578125
-0.0156230926513672 -0.0321483612060547 0.403350830078125 0.093505859375
-0.0236835479736328 -0.027801513671875 0.0903091430664063 -0.0221481323242188
-0.0237464904785156 -0.0390052795410156 -0.239089965820312 -0.136764526367188
-0.0190010070800781 -0.0381202697753906 -0.5284423828125 -0.1312255859375
-0.0121574401855469 -0.0222511291503906 -0.70849609375 0.0905151367187501
-0.0124588012695312 -0.0215568542480469 -0.70660400390625 0.30023193359375
-0.000278949737548829 0.00651121139526367 -0.68267822265625 0.3468017578125
-0.00858402252197265 0.0175514221191406 -0.4791259765625 0.29638671875
-0.0155830383300781 0.0153846740722656 -0.200088500976562 0.0735931396484375
0.068023681640625 0.0218925476074219 0.152114868164063 -0.06103515625
0.0521011352539063 -0.0175437927246094 0.55267333984375 -0.259124755859375
0.00760269165039063 -0.0309104919433594 0.62579345703125 -0.3360595703125
-0.0158805847167969 0.0122127532958984 0.70831298828125 -0.10675048828125
-0.0072784423828125 0.0200328826904297 0.72344970703125 0.12078857421875
0.0017249584197998 -0.00397181510925293 0.645751953125 0.166748046875
0.0162830352783203 -0.0201263427734375 0.400054931640625 0.09552001953125
0.001190185546875 -0.0244808197021484 0.0855484008789063 -0.0244522094726562
0.00241851806640625 -0.0342350006103516 -0.24212646484375 -0.135162353515625
0.00809097290039062 -0.0196170806884766 -0.528961181640625 -0.121917724609375
0.0067906379699707 -0.00146865844726563 -0.70269775390625 0.1080322265625
-0.0143566131591797 -0.00374889373779297 -0.6947021484375 0.3226318359375
-0.00840091705322265 -0.00934028625488281 -0.67926025390625 0.36749267578125
0.0187187194824219 -0.0160007476806641 -0.47674560546875 0.30419921875
0.0390892028808594 0.0011138916015625 -0.206253051757813 0.0706939697265625
0.128021240234375 0.0272979736328125 0.161300659179688 -0.065277099609375
0.099456787109375 -0.04376220703125 0.54974365234375 -0.2562255859375
0.0120697021484375 -0.0626983642578125 0.63079833984375 -0.31597900390625
-0.0316123962402344 0.0167407989501953 0.72509765625 -0.09234619140625
-0.00899124145507813 0.0454559326171875 0.7266845703125 0.11968994140625
0.0223197937011719 0.0223197937011719 0.63671875 0.16302490234375
0.0437583923339844 -0.0103492736816406 0.38330078125 0.09576416015625
0.0230922698974609 -0.0173435211181641 0.0699501037597656 -0.0247077941894531
0.02618408203125 -0.0229167938232422 -0.25701904296875 -0.130844116210938
0.0343551635742188 -0.00373268127441406 -0.53985595703125 -0.114532470703125
0.0189075469970703 0.0243282318115234 -0.70458984375 0.11712646484375
-0.0192203521728516 0.0109519958496094 -0.6839599609375 0.331787109375
-0.0139541625976563 -0.0282936096191406 -0.67584228515625 0.37811279296875
0.045928955078125 -0.0515403747558594 -0.47442626953125 0.307586669921875
0.0936813354492188 -0.009979248046875 -0.195907592773438 0.063079833984375
0.168411254882813 0.0250701904296875 0.181625366210938 -0.0708770751953125
0.126594543457031 -0.067138671875 0.5384521484375 -0.257293701171875
0.01129150390625 -0.0773239135742188 0.63739013671875 -0.30029296875
-0.0410652160644531 0.0243606567382813 0.7454833984375 -0.09503173828125
-0.00588226318359375 0.0647850036621094 0.729248046875 0.09912109375
0.0361595153808594 0.0393829345703125 0.61553955078125 0.1473388671875
0.0614814758300781 -0.00215911865234375 0.356353759765625 0.08917236328125
0.0395355224609375 -0.01416015625 0.0447883605957031 -0.02667236328125
0.0458831787109375 -0.0164299011230469 -0.278701782226563 -0.1297607421875
0.0508308410644531 0.0113258361816406 -0.557891845703125 -0.117767333984375
0.0277786254882812 0.041778564453125 -0.71258544921875 0.1082763671875
-0.0268821716308594 0.0172939300537109 -0.677001953125 0.325927734375
-0.0137901306152344 -0.0476341247558594 -0.66802978515625 0.38140869140625
0.0770111083984375 -0.0748825073242188 -0.475677490234375 0.300048828125
0.136039733886719 -0.0136947631835938 -0.177474975585938 0.0572052001953125
0.183090209960937 0.011444091796875 0.205474853515625 -0.0790863037109375
0.129379272460938 -0.0830154418945313 0.533111572265625 -0.26007080078125
0.0045928955078125 -0.0765228271484375 0.6484375 -0.29571533203125
-0.0388679504394531 0.0365104675292969 0.7657470703125 -0.112548828125
0.00124359130859376 0.0706100463867188 0.7283935546875 0.06671142578125
0.0456390380859375 0.0445175170898438 0.59222412109375 0.121337890625
0.0653038024902344 -0.00140380859375 0.323638916015625 0.0823974609375
0.0434532165527344 -0.01220703125 0.0150375366210938 -0.0248355865478516
0.0536041259765625 -0.00915145874023438 -0.308990478515625 -0.132537841796875
0.0538215637207031 0.0235176086425781 -0.58013916015625 -0.13311767578125
0.0255241394042969 0.0531387329101563 -0.72235107421875 0.0874023437499999
-0.0352363586425781 0.0196151733398438 -0.67437744140625 0.311279296875
-0.00812911987304687 -0.064697265625 -0.6610107421875 0.37469482421875
0.105049133300781 -0.0843963623046875 -0.472259521484375 0.288055419921875
0.165313720703125 -0.0040283203125 -0.147048950195313 0.0521240234375
0.17608642578125 -0.00335693359375 0.22967529296875 -0.087005615234375
0.111930847167969 -0.0892257690429688 0.529571533203125 -0.268524169921875
-3.43322753906222E-05 -0.0658798217773437 0.656005859375 -0.30780029296875
-0.0289840698242187 0.040771484375 0.778076171875 -0.15185546875
0.00953674316406251 0.0690765380859375 0.72076416015625 0.02099609375
0.0435523986816406 0.036529541015625 0.56658935546875 0.09149169921875
0.0554656982421875 -0.00367355346679688 0.29278564453125 0.076446533203125
0.0388755798339844 -0.0141220092773438 -0.0137729644775391 -0.0209846496582031
0.0491409301757813 -0.00811386108398438 -0.335174560546875 -0.138427734375
0.0485801696777344 0.0263519287109375 -0.6041259765625 -0.16082763671875
0.0134010314941406 0.0550346374511719 -0.73199462890625 0.04754638671875
-0.0413322448730469 0.0111885070800781 -0.667724609375 0.28076171875
0.00153350830078124 -0.072662353515625 -0.65631103515625 0.3636474609375
0.1234130859375 -0.0792999267578125 -0.472503662109375 0.275146484375
0.172042846679688 0.0104217529296875 -0.117294311523438 0.0540618896484375
0.146652221679688 -0.01373291015625 0.2501220703125 -0.0964813232421875
0.084228515625 -0.07440185546875 0.52740478515625 -0.28411865234375
-0.000873565673828127 -0.0473365783691406 0.65936279296875 -0.334716796875
-0.0171470642089844 0.0403480529785156 0.7794189453125 -0.20013427734375
0.0100021362304688 0.0545425415039063 0.70703125 -0.0262451171875
0.0303230285644531 0.0230369567871094 0.539886474609375 0.064697265625
0.0360908508300781 -0.0104560852050781 0.267532348632813 0.073211669921875
0.0246524810791016 -0.0172595977783203 -0.037200927734375 -0.0196075439453125
0.0362739562988281 -0.0115013122558594 -0.359527587890625 -0.151580810546875
0.0330772399902344 0.0194339752197266 -0.6220703125 -0.19970703125
0.00341415405273438 0.0464096069335937 -0.73968505859375 -0.00354003906249989
-0.0407180786132813 0.00110244750976563 -0.66534423828125 0.24444580078125
0.0147171020507812 -0.0662078857421875 -0.6541748046875 0.34698486328125
0.121711730957031 -0.058990478515625 -0.47589111328125 0.262298583984375
0.152679443359375 0.023895263671875 -0.0933609008789063 0.0621337890625
-0.058685302734375 -2.28881835937483E-05 0.157394409179688 -0.0570526123046875
-0.053009033203125 0.0428962707519531 0.542694091796875 -0.2783203125
-0.00295066833496094 0.0350914001464844 0.61883544921875 -0.368408203125
0.0164680480957031 0.00583839416503906 0.7054443359375 -0.1614990234375
-0.00543212890625 -0.0310993194580078 0.725341796875 0.0692138671875
-0.0466117858886719 -0.0602455139160156 0.6387939453125 0.1278076171875
-0.0477714538574219 -0.0427932739257812 0.394012451171875 0.087310791015625
-0.0501937866210938 -0.0343971252441406 0.0846710205078125 -0.0181732177734375
-0.0531730651855469 -0.0508308410644531 -0.24700927734375 -0.14178466796875
-0.042388916015625 -0.0576210021972656 -0.538360595703125 -0.148895263671875
-0.024749755859375 -0.0488510131835938 -0.72381591796875 0.0626831054687499
-0.00692367553710937 -0.0369529724121094 -0.725830078125 0.2757568359375
0.00594902038574219 0.024749755859375 -0.69061279296875 0.32568359375
-0.0360870361328125 0.0506515502929687 -0.478729248046875 0.2847900390625
-0.064483642578125 0.0238609313964844 -0.189254760742188 0.0714874267578125
0.0031585693359375 0.012115478515625 0.149490356445313 -0.0594482421875
-0.00446414947509766 0.0134801864624023 0.549713134765625 -0.26824951171875
-0.000744104385375977 0.00249576568603516 0.6224365234375 -0.35589599609375
0.000978469848632813 0.0105381011962891 0.70306396484375 -0.1329345703125
-0.00601434707641601 -0.00531005859375 0.72418212890625 0.10272216796875
-0.023529052734375 -0.0344009399414063 0.64752197265625 0.15460205078125
-0.0157546997070313 -0.0323886871337891 0.40570068359375 0.093048095703125
-0.0235595703125 -0.0272388458251953 0.091583251953125 -0.0205917358398438
-0.0255355834960937 -0.0385322570800781 -0.237930297851563 -0.138717651367187
-0.0177459716796875 -0.0365409851074219 -0.530670166015625 -0.13079833984375
-0.0130786895751953 -0.0233840942382812 -0.71337890625 0.09259033203125
-0.0130805969238281 -0.0215549468994141 -0.71087646484375 0.3040771484375
0.00157022476196289 0.00763416290283203 -0.68878173828125 0.35125732421875
-0.00719451904296875 0.0194206237792969 -0.4798583984375 0.30084228515625
-0.0145845413208008 0.013026237487793 -0.204254150390625 0.072296142578125
0.0705795288085938 0.0234527587890625 0.151962280273438 -0.062225341796875
0.0539054870605469 -0.016510009765625 0.5546875 -0.260284423828125
0.00724029541015625 -0.0325336456298828 0.6287841796875 -0.3370361328125
-0.0189266204833984 0.0132045745849609 0.7122802734375 -0.10888671875
-0.00648307800292969 0.0215702056884766 0.72637939453125 0.12017822265625
0.00179290771484375 -0.00442361831665039 0.64813232421875 0.16650390625
0.0158195495605469 -0.0196342468261719 0.40155029296875 0.098236083984375
0.00219154357910156 -0.0226020812988281 0.0855178833007813 -0.0231781005859375
0.00225257873535156 -0.0323276519775391 -0.244430541992188 -0.137115478515625
0.00908470153808594 -0.0197334289550781 -0.53118896484375 -0.12060546875
0.00547409057617188 -0.000399589538574219 -0.70477294921875 0.1085205078125
-0.0151910781860352 -0.00480937957763672 -0.69842529296875 0.3238525390625
-0.00742053985595703 -0.0104074478149414 -0.68310546875 0.37139892578125
0.0174522399902344 -0.0174751281738281 -0.4793701171875 0.30767822265625
0.0403175354003906 -0.00145339965820313 -0.206192016601563 0.0703125
0.129623413085938 0.0264892578125 0.16351318359375 -0.06585693359375
0.101478576660156 -0.0450286865234375 0.549102783203125 -0.259490966796875
0.0124969482421875 -0.0619735717773437 0.633544921875 -0.320068359375
-0.0315723419189453 0.0159816741943359 0.725830078125 -0.09503173828125
-0.00750350952148438 0.0470962524414063 0.73016357421875 0.1201171875
0.0220661163330078 0.0222263336181641 0.63897705078125 0.16461181640625
0.0438385009765625 -0.00995254516601563 0.3863525390625 0.094482421875
0.0244884490966797 -0.0179691314697266 0.0717391967773438 -0.025848388671875
0.027069091796875 -0.0228824615478516 -0.258316040039063 -0.132827758789062
0.0343723297119141 -0.00326919555664063 -0.542144775390625 -0.11480712890625
0.0212326049804688 0.0227947235107422 -0.7091064453125 0.11688232421875
-0.0198383331298828 0.00970077514648437 -0.68768310546875 0.334228515625
-0.0134658813476563 -0.0294227600097656 -0.67877197265625 0.38140869140625
0.0479545593261719 -0.0504341125488281 -0.47796630859375 0.3070068359375
0.0932769775390625 -0.0123825073242188 -0.195632934570312 0.0623931884765625
0.171127319335938 0.022491455078125 0.182113647460938 -0.0709075927734375
0.127677917480469 -0.070068359375 0.541229248046875 -0.257843017578125
0.0107192993164062 -0.076141357421875 0.63983154296875 -0.30218505859375
-0.0394401550292969 0.0251960754394531 0.7467041015625 -0.095947265625
-0.00228881835937499 0.0625991821289063 0.7320556640625 0.0999755859375
0.0373649597167969 0.03857421875 0.61920166015625 0.1468505859375
0.0604629516601563 -0.00262832641601563 0.358428955078125 0.087615966796875
0.0395088195800781 -0.0130043029785156 0.0462188720703125 -0.0263633728027344
0.0465202331542969 -0.0162010192871094 -0.280242919921875 -0.132827758789062
0.0509223937988281 0.0114479064941406 -0.55841064453125 -0.118072509765625
0.0272979736328125 0.0413551330566406 -0.71356201171875 0.10943603515625
-0.02593994140625 0.0198230743408203 -0.682861328125 0.32867431640625
-0.0160140991210937 -0.0474433898925781 -0.66815185546875 0.38458251953125
0.0773773193359375 -0.0743255615234375 -0.476898193359375 0.30108642578125
0.137710571289063 -0.0124130249023438 -0.176803588867188 0.0549468994140625
0.184646606445313 0.0098724365234375 0.20574951171875 -0.07830810546875
0.129714965820313 -0.0866012573242188 0.53515625 -0.262481689453125
0.00439453125000001 -0.0787734985351563 0.64892578125 -0.297607421875
-0.0380859375 0.0372734069824219 0.7684326171875 -0.11334228515625
0.00218200683593751 0.0726470947265625 0.73187255859375 0.06671142578125
0.0462150573730469 0.0447845458984375 0.59326171875 0.12371826171875
0.0663414001464844 -0.00194168090820313 0.326202392578125 0.0833740234375
0.0450172424316406 -0.0123100280761719 0.0163536071777344 -0.0251255035400391
0.0544471740722656 -0.0100669860839844 -0.3089599609375 -0.13427734375
0.0572052001953125 0.0232734680175781 -0.58416748046875 -0.13189697265625
0.0245552062988281 0.0530471801757813 -0.72528076171875 0.0867919921874999
-0.0365371704101562 0.01837158203125 -0.67529296875 0.311279296875
-0.0100288391113281 -0.0645751953125 -0.6639404296875 0.37823486328125
0.106399536132813 -0.0867080688476563 -0.475921630859375 0.289886474609375
0.167892456054688 -0.0048828125 -0.148681640625 0.052459716796875
0.176528930664063 -0.004730224609375 0.231552124023438 -0.0855560302734375
0.111228942871094 -0.0883102416992188 0.52984619140625 -0.272918701171875
-0.00105667114257812 -0.0652580261230469 0.65789794921875 -0.310302734375
-0.0305328369140625 0.0405845642089844 0.7791748046875 -0.15533447265625
0.00948715209960938 0.0700645446777344 0.72265625 0.020263671875
0.0440483093261719 0.0375251770019531 0.56683349609375 0.09234619140625
0.0572357177734375 -0.00502395629882813 0.2933349609375 0.075469970703125
0.0396804809570313 -0.0132560729980469 -0.0134963989257813 -0.0231571197509766
0.0511436462402344 -0.00706863403320312 -0.336700439453125 -0.138641357421875
0.0498123168945313 0.0270004272460938 -0.60589599609375 -0.16107177734375
0.01446533203125 0.0559120178222656 -0.7373046875 0.0469970703124998
-0.0411758422851563 0.0111045837402344 -0.6715087890625 0.2813720703125
0.00103759765625 -0.07330322265625 -0.6590576171875 0.36383056640625
0.123794555664063 -0.0779953002929688 -0.474761962890625 0.2767333984375
0.173233032226563 0.008331298828125 -0.118484497070312 0.0533370971679688
0.146347045898437 -0.0162200927734375 0.252761840820313 -0.09686279296875
0.08441162109375 -0.0739364624023438 0.52691650390625 -0.286285400390625
-0.00159072875976563 -0.04669189453125 0.6610107421875 -0.3382568359375
-0.0172195434570313 0.0400581359863281 0.781982421875 -0.2012939453125
0.0114631652832031 0.055084228515625 0.7105712890625 -0.0289306640625
0.0295848846435547 0.0226898193359375 0.541900634765625 0.065216064453125
0.0362739562988281 -0.00925827026367188 0.266876220703125 0.0738372802734375
0.0246219635009766 -0.0180244445800781 -0.0382728576660156 -0.0173759460449219
0.0348072052001953 -0.0119495391845703 -0.360504150390625 -0.152862548828125
0.034271240234375 0.0197429656982422 -0.62493896484375 -0.20013427734375
0.0044403076171875 0.0442161560058594 -0.74261474609375 -0.00360107421875003
-0.0390090942382813 0.00125122070312501 -0.66937255859375 0.24298095703125
0.0130462646484375 -0.0665779113769531 -0.65838623046875 0.34783935546875
0.121307373046875 -0.0582733154296875 -0.479827880859375 0.262237548828125
0.15496826171875 0.0224151611328125 -0.0945358276367187 0.0611724853515625
-0.0608940124511719 0.00153350830078124 0.157791137695312 -0.060699462890625
-0.0533714294433594 0.0445709228515625 0.54364013671875 -0.2803955078125
-0.00325775146484375 0.0367698669433594 0.619873046875 -0.37109375
0.0152759552001953 0.00586509704589844 0.70916748046875 -0.163818359375
-0.00564002990722656 -0.0317420959472656 0.727783203125 0.0704345703125
-0.0498886108398438 -0.0603218078613281 0.6427001953125 0.1297607421875
-0.0484886169433594 -0.0414161682128906 0.395477294921875 0.087890625
-0.0494918823242188 -0.0326194763183594 0.0842819213867188 -0.0182571411132813
-0.0540847778320313 -0.0497322082519531 -0.245803833007813 -0.1422119140625
-0.0442047119140625 -0.0574493408203125 -0.541015625 -0.149444580078125
-0.026153564453125 -0.0477142333984375 -0.7283935546875 0.0645751953125
-0.00919342041015625 -0.0371475219726563 -0.73016357421875 0.2816162109375
0.00715446472167969 0.0266475677490234 -0.6932373046875 0.3299560546875
-0.0352973937988281 0.0529251098632813 -0.4803466796875 0.2882080078125
-0.0640373229980469 0.0233192443847656 -0.191177368164063 0.0721588134765625
0.00266647338867188 0.0107746124267578 0.149444580078125 -0.0601959228515625
-0.0025482177734375 0.0144586563110352 0.552734375 -0.2694091796875
-0.000380039215087891 0.0031430721282959 0.62310791015625 -0.35919189453125
-0.00143623352050781 0.00985145568847656 0.7086181640625 -0.13531494140625
-0.00510978698730469 -0.00514745712280273 0.72979736328125 0.1026611328125
-0.0261478424072266 -0.0347747802734375 0.650390625 0.15570068359375
-0.0173530578613281 -0.0320701599121094 0.406463623046875 0.093658447265625
-0.0259227752685547 -0.026947021484375 0.092071533203125 -0.0206756591796875
-0.0261726379394531 -0.0410041809082031 -0.23931884765625 -0.139236450195313
-0.0191574096679688 -0.03857421875 -0.53302001953125 -0.135345458984375
-0.00946426391601563 -0.0234107971191406 -0.7144775390625 0.09100341796875
-0.0140819549560547 -0.0221843719482422 -0.714599609375 0.30908203125
-0.0011444091796875 0.00946903228759766 -0.69036865234375 0.35406494140625
-0.00931930541992188 0.0192852020263672 -0.482086181640625 0.3016357421875
-0.015385627746582 0.0128898620605469 -0.202774047851563 0.0732269287109375
0.0694770812988281 0.0218315124511719 0.14996337890625 -0.063323974609375
0.0532264709472656 -0.0164413452148438 0.556060791015625 -0.264129638671875
0.00694847106933594 -0.0321712493896484 0.63031005859375 -0.34051513671875
-0.0186691284179688 0.0129051208496094 0.7171630859375 -0.11065673828125
-0.00881576538085938 0.0209102630615234 0.7298583984375 0.12005615234375
-0.000187873840332031 -0.00451469421386719 0.651611328125 0.168212890625
0.0157089233398438 -0.0192127227783203 0.40423583984375 0.096954345703125
0.00197982788085938 -0.0227699279785156 0.0885086059570313 -0.024322509765625
0.00209617614746094 -0.0321903228759766 -0.243942260742188 -0.138778686523437
0.00835227966308594 -0.0201930999755859 -0.535369873046875 -0.121826171875
0.00728893280029297 -0.000575542449951172 -0.7083740234375 0.1102294921875
-0.0161333084106445 -0.00514125823974609 -0.704833984375 0.33074951171875
-0.00750446319580078 -0.00995159149169922 -0.6851806640625 0.37615966796875
0.0189018249511719 -0.0180702209472656 -0.48223876953125 0.310791015625
0.0406074523925781 -0.00264739990234375 -0.2061767578125 0.0700836181640625
0.128570556640625 0.0271987915039062 0.164169311523438 -0.0672607421875
0.101799011230469 -0.0448837280273438 0.55206298828125 -0.26141357421875
0.0117759704589844 -0.0617027282714844 0.63787841796875 -0.32342529296875
-0.0319690704345703 0.0165348052978516 0.73150634765625 -0.0965576171875
-0.00905990600585937 0.0466995239257813 0.73486328125 0.1185302734375
0.0213813781738281 0.0197372436523438 0.642333984375 0.1630859375
0.0430717468261719 -0.00886154174804688 0.38836669921875 0.0943603515625
0.0233364105224609 -0.0169525146484375 0.070953369140625 -0.0264892578125
0.0268783569335938 -0.0238914489746094 -0.259307861328125 -0.133102416992188
0.0356483459472656 -0.00294113159179688 -0.5458984375 -0.115325927734375
0.0214462280273438 0.0221595764160156 -0.7119140625 0.11737060546875
-0.0206813812255859 0.0109615325927734 -0.693115234375 0.33905029296875
-0.0149612426757813 -0.027862548828125 -0.68084716796875 0.3863525390625
0.0477638244628906 -0.0494918823242187 -0.48040771484375 0.311767578125
0.0933074951171875 -0.0130996704101563 -0.199905395507812 0.0634307861328125
0.170547485351563 0.023162841796875 0.182037353515625 -0.0731353759765625
0.128952026367188 -0.0706100463867187 0.54266357421875 -0.26171875
0.0106124877929687 -0.077545166015625 0.6414794921875 -0.3062744140625
-0.0400123596191406 0.0251388549804688 0.753662109375 -0.09783935546875
-0.00416946411132813 0.0655517578125 0.735595703125 0.099853515625
0.038665771484375 0.0406875610351563 0.62396240234375 0.14874267578125
0.061981201171875 -0.0044403076171875 0.36102294921875 0.08941650390625
0.0396804809570313 -0.0138435363769531 0.0461883544921875 -0.0252456665039063
0.0445632934570313 -0.0147285461425781 -0.283843994140625 -0.13201904296875
0.0515098571777344 0.012969970703125 -0.56329345703125 -0.11956787109375
0.0281944274902344 0.0417022705078125 -0.71917724609375 0.11053466796875
-0.0267963409423828 0.0177383422851563 -0.6859130859375 0.33428955078125
-0.0164985656738281 -0.0474586486816406 -0.673095703125 0.3897705078125
0.0774002075195313 -0.0757369995117188 -0.479339599609375 0.303558349609375
0.139427185058594 -0.0149002075195313 -0.178115844726563 0.056121826171875
0.187698364257813 0.009979248046875 0.206634521484375 -0.0796051025390625
0.128242492675781 -0.0871047973632813 0.53692626953125 -0.26495361328125
0.00431060791015625 -0.0774765014648438 0.6519775390625 -0.3016357421875
-0.0385932922363281 0.0362319946289063 0.77154541015625 -0.1158447265625
0.002288818359375 0.072479248046875 0.73480224609375 0.06561279296875
0.0468177795410156 0.0434341430664062 0.59771728515625 0.12347412109375
0.0667991638183594 -0.00158309936523438 0.32623291015625 0.081268310546875
0.0456352233886719 -0.0131568908691406 0.0167865753173828 -0.0247116088867188
0.0537567138671875 -0.00985336303710938 -0.309844970703125 -0.135284423828125
0.0558891296386719 0.0218963623046875 -0.587890625 -0.13372802734375
0.0248870849609375 0.0526161193847656 -0.73016357421875 0.0900878906249999
-0.0361862182617188 0.0194168090820312 -0.681396484375 0.31536865234375
-0.0105743408203125 -0.0645484924316406 -0.66571044921875 0.3812255859375
0.106704711914063 -0.0862884521484375 -0.47735595703125 0.292205810546875
0.17034912109375 -0.005828857421875 -0.1494140625 0.0499420166015625
0.180618286132812 -0.0066986083984375 0.232528686523438 -0.0878143310546875
0.112930297851563 -0.0892105102539062 0.529541015625 -0.27349853515625
-0.00133895874023437 -0.0656318664550781 0.66082763671875 -0.31298828125
-0.0290565490722656 0.0441436767578125 0.7835693359375 -0.15618896484375
0.00907135009765626 0.071075439453125 0.7271728515625 0.0184326171875
0.0439720153808594 0.0377273559570313 0.56915283203125 0.09307861328125
0.0568885803222656 -0.00284957885742188 0.295379638671875 0.077362060546875
0.0400161743164062 -0.0125770568847656 -0.0121307373046875 -0.0216102600097656
0.0508155822753906 -0.00668716430664063 -0.33843994140625 -0.1416015625
0.0492019653320313 0.027191162109375 -0.610107421875 -0.1619873046875
0.0152168273925781 0.0556182861328125 -0.74090576171875 0.0466918945312501
-0.0419273376464844 0.0133934020996094 -0.674560546875 0.2869873046875
0.001556396484375 -0.0731735229492188 -0.659912109375 0.36956787109375
0.124244689941406 -0.0805587768554688 -0.477294921875 0.2777099609375
0.176071166992188 0.009002685546875 -0.120185852050781 0.0538482666015625
0.147689819335937 -0.015899658203125 0.254043579101563 -0.0989532470703125
0.0851058959960938 -0.0762100219726563 0.52752685546875 -0.29071044921875
-0.00258636474609375 -0.0464057922363281 0.6630859375 -0.34002685546875
-0.0182609558105469 0.0409049987792969 0.786865234375 -0.20343017578125
0.0114288330078125 0.0559539794921875 0.71441650390625 -0.029052734375
0.0301589965820313 0.0228691101074219 0.54522705078125 0.06396484375
0.0381050109863281 -0.00989151000976563 0.268905639648437 0.0738677978515625
0.0232887268066406 -0.0167179107666016 -0.0369987487792969 -0.015777587890625
0.0354957580566406 -0.0103530883789063 -0.360504150390625 -0.152923583984375
0.0340614318847656 0.0194568634033203 -0.6265869140625 -0.20050048828125
0.00433349609375 0.0450820922851563 -0.7462158203125 -0.00250244140625003
-0.0399742126464844 0.001800537109375 -0.67437744140625 0.2470703125
0.0140724182128906 -0.0671195983886719 -0.65948486328125 0.35345458984375
0.1239013671875 -0.0589752197265625 -0.48297119140625 0.263885498046875
0.154876708984375 0.0209808349609375 -0.0945053100585937 0.0614089965820313
-0.05877685546875 0.000247955322265616 0.157958984375 -0.061126708984375
-0.0542564392089844 0.0452880859375 0.54437255859375 -0.284637451171875
-0.00393295288085937 0.0370559692382813 0.622802734375 -0.37518310546875
0.0163097381591797 0.00500297546386719 0.7115478515625 -0.1671142578125
-0.00621795654296875 -0.0318737030029297 0.7344970703125 0.06793212890625
-0.0509223937988281 -0.0617523193359375 0.64703369140625 0.12799072265625
-0.0491790771484375 -0.0422782897949219 0.40032958984375 0.08624267578125
-0.0494766235351563 -0.0309181213378906 0.0853729248046875 -0.0198593139648438
-0.0559196472167969 -0.0492286682128906 -0.248672485351562 -0.143386840820312
-0.0473098754882813 -0.0572891235351562 -0.545440673828125 -0.14849853515625
-0.0243988037109375 -0.047821044921875 -0.73138427734375 0.0662231445312501
-0.0087432861328125 -0.0407485961914062 -0.73553466796875 0.2840576171875
0.00652694702148437 0.0281848907470703 -0.69818115234375 0.33660888671875
-0.0349807739257813 0.0526809692382813 -0.484527587890625 0.29022216796875
-0.063446044921875 0.0237998962402344 -0.191024780273438 0.0724639892578125
0.00350475311279297 0.0110177993774414 0.148910522460938 -0.060455322265625
-0.00471687316894531 0.0132780075073242 0.55731201171875 -0.27386474609375
-0.000872373580932617 0.00312638282775879 0.62554931640625 -0.3638916015625
-0.00161457061767578 0.0102262496948242 0.71392822265625 -0.13690185546875
-0.00504541397094727 -0.00688028335571289 0.73150634765625 0.10223388671875
-0.0255756378173828 -0.0351295471191406 0.65557861328125 0.15521240234375
-0.0165042877197266 -0.0317001342773438 0.4114990234375 0.091888427734375
-0.0252914428710938 -0.0275535583496094 0.09674072265625 -0.0234909057617188
-0.0271720886230469 -0.0410041809082031 -0.24249267578125 -0.141937255859375
-0.0181159973144531 -0.0380287170410156 -0.53656005859375 -0.132080078125
-0.0117626190185547 -0.0251693725585938 -0.72021484375 0.0960693359375
-0.013275146484375 -0.0228443145751953 -0.72100830078125 0.31072998046875
-0.000759124755859375 0.0079655647277832 -0.69305419921875 0.3602294921875
-0.00624656677246094 0.0189189910888672 -0.484100341796875 0.305755615234375
-0.0152654647827148 0.0141096115112305 -0.206619262695313 0.0737457275390625
0.0696372985839844 0.0223808288574219 0.152297973632813 -0.0658721923828125
0.05377197265625 -0.0163154602050781 0.5567626953125 -0.26739501953125
0.00597000122070312 -0.0318107604980469 0.63287353515625 -0.345703125
-0.017730712890625 0.0113735198974609 0.71942138671875 -0.11199951171875
-0.007476806640625 0.0219039916992188 0.7362060546875 0.12060546875
-0.00138139724731445 -0.00564336776733398 0.65869140625 0.1668701171875
0.0160846710205078 -0.0204658508300781 0.4080810546875 0.096435546875
0.00111579895019531 -0.0226421356201172 0.0901641845703125 -0.0265350341796875
-5.72204589843767E-05 -0.030914306640625 -0.248764038085938 -0.138473510742188
0.00915908813476563 -0.0209503173828125 -0.538543701171875 -0.121429443359375
0.00614261627197266 -0.00026702880859375 -0.71466064453125 0.11395263671875
-0.0169429779052734 -0.00442028045654297 -0.70751953125 0.33203125
-0.00916862487792969 -0.00950145721435547 -0.69012451171875 0.38226318359375
0.0211410522460938 -0.0165386199951172 -0.48480224609375 0.314056396484375
0.0411148071289063 -0.00183868408203125 -0.208694458007812 0.0713958740234375
0.131858825683594 0.0270004272460937 0.1629638671875 -0.0688934326171875
0.100868225097656 -0.0470352172851563 0.5535888671875 -0.2669677734375
0.0119285583496094 -0.0614356994628906 0.6387939453125 -0.32720947265625
-0.0330734252929688 0.0184535980224609 0.73712158203125 -0.09918212890625
-0.00762557983398437 0.0468826293945313 0.7392578125 0.12054443359375
0.0217113494873047 0.0237445831298828 0.64599609375 0.1629638671875
0.0438423156738281 -0.0093231201171875 0.391082763671875 0.0933837890625
0.0245895385742188 -0.0176715850830078 0.0725631713867188 -0.0259780883789063
0.0275535583496094 -0.0248928070068359 -0.261383056640625 -0.134979248046875
0.0322628021240234 -0.00267219543457031 -0.550079345703125 -0.115631103515625
0.0236549377441406 0.0211353302001953 -0.71856689453125 0.1221923828125
-0.0208492279052734 0.00961875915527343 -0.69708251953125 0.34356689453125
-0.0132236480712891 -0.0291881561279297 -0.681396484375 0.39483642578125
0.0482177734375 -0.0495567321777344 -0.484344482421875 0.3145751953125
0.0956039428710938 -0.0141525268554688 -0.2003173828125 0.0649261474609375
0.172225952148437 0.021759033203125 0.183578491210937 -0.0728759765625
0.127189636230469 -0.07080078125 0.54296875 -0.268524169921875
0.00992584228515626 -0.077056884765625 0.64483642578125 -0.3121337890625
-0.0415191650390625 0.02587890625 0.75762939453125 -0.0989990234375
-0.003509521484375 0.0655288696289063 0.7393798828125 0.0972900390625
0.0398330688476563 0.0386924743652344 0.62799072265625 0.147216796875
0.0611610412597656 -0.00171661376953125 0.362152099609375 0.088165283203125
0.0393562316894531 -0.0125694274902344 0.048248291015625 -0.0254364013671875
0.0473403930664063 -0.0162696838378906 -0.283355712890625 -0.1331787109375
0.0517463684082031 0.0105171203613281 -0.5684814453125 -0.12030029296875
0.0276832580566406 0.0414466857910156 -0.7235107421875 0.115234375
-0.0279312133789063 0.0201396942138672 -0.68914794921875 0.33575439453125
-0.0166130065917969 -0.0480613708496094 -0.6748046875 0.39410400390625
0.0786895751953125 -0.0783233642578125 -0.4813232421875 0.307647705078125
0.141860961914063 -0.016845703125 -0.17889404296875 0.055389404296875
0.188858032226563 0.009033203125 0.207443237304688 -0.0799407958984375
0.130340576171875 -0.0887603759765625 0.536956787109375 -0.269439697265625
0.00359344482421876 -0.0795211791992188 0.655029296875 -0.304931640625
-0.0384140014648438 0.0365257263183594 0.77752685546875 -0.118896484375
0.00372314453125 0.074859619140625 0.73773193359375 0.063720703125
0.0471000671386719 0.0444297790527344 0.6011962890625 0.1231689453125
0.0657157897949219 0.000652313232421875 0.329010009765625 0.083465576171875
0.0455360412597656 -0.0116157531738281 0.0158767700195313 -0.0252532958984375
0.0534591674804688 -0.00894546508789063 -0.312957763671875 -0.135955810546875
0.0566978454589844 0.0232696533203125 -0.59149169921875 -0.134033203125
0.0264053344726563 0.0544204711914063 -0.73370361328125 0.0942993164062499
-0.0359001159667969 0.0194435119628906 -0.68389892578125 0.31951904296875
-0.0110511779785156 -0.06353759765625 -0.66851806640625 0.38726806640625
0.108131408691406 -0.0872802734375 -0.480560302734375 0.296905517578125
0.171401977539063 -0.00787353515625 -0.150405883789062 0.0519256591796875
0.178863525390625 -0.0053253173828125 0.232559204101563 -0.0880126953125
0.111289978027344 -0.0909957885742188 0.530548095703125 -0.279876708984375
-0.00107192993164063 -0.0639724731445313 0.66314697265625 -0.31854248046875
-0.0301704406738281 0.0437507629394531 0.79083251953125 -0.15997314453125
0.00948333740234376 0.071624755859375 0.73077392578125 0.01629638671875
0.0459861755371094 0.0360183715820313 0.57318115234375 0.0936279296875
0.0575790405273438 -0.00258636474609375 0.29803466796875 0.076690673828125
0.0388412475585938 -0.0125541687011719 -0.0128669738769531 -0.0226383209228516
0.0498008728027344 -0.00819778442382813 -0.341094970703125 -0.142425537109375
0.0500564575195313 0.0274124145507813 -0.61578369140625 -0.16265869140625
0.0166511535644531 0.0557136535644531 -0.74725341796875 0.0511474609374999
-0.0411911010742187 0.0140304565429688 -0.67987060546875 0.29010009765625
0.00160980224609375 -0.0738983154296875 -0.6666259765625 0.37579345703125
0.128303527832031 -0.0824432373046875 -0.480010986328125 0.28204345703125
0.176193237304688 0.0078887939453125 -0.12255859375 0.0531387329101562
0.148696899414063 -0.01605224609375 0.255172729492188 -0.099273681640625
0.0847930908203125 -0.0756607055664063 0.52984619140625 -0.29241943359375
-0.00335311889648437 -0.0461311340332031 0.66461181640625 -0.34356689453125
-0.0163230895996094 0.0408477783203125 0.79010009765625 -0.2080078125
0.0107994079589844 0.0560646057128906 0.71661376953125 -0.0306396484375
0.0313587188720703 0.0223808288574219 0.548828125 0.065185546875
0.0386161804199219 -0.00923919677734375 0.271255493164063 0.0745086669921875
0.0249042510986328 -0.0173721313476563 -0.0367507934570313 -0.0175437927246094
0.0353622436523437 -0.01153564453125 -0.3675537109375 -0.152923583984375
0.0335807800292969 0.0205612182617188 -0.63470458984375 -0.203369140625
0.00597000122070313 0.0460052490234375 -0.7525634765625 -0.00128173828125006
-0.0404739379882813 0.0018310546875 -0.67669677734375 0.2496337890625
0.0134620666503906 -0.0660552978515625 -0.6649169921875 0.35748291015625
0.124885559082031 -0.0602035522460938 -0.48699951171875 0.26763916015625
0.1583251953125 0.019927978515625 -0.0963821411132812 0.0621490478515625
-0.0605430603027344 0.00242996215820313 0.15960693359375 -0.0631256103515625
-0.0535049438476563 0.0472183227539062 0.548614501953125 -0.289031982421875
-0.00154876708984375 0.0376319885253906 0.62457275390625 -0.38348388671875
0.0190181732177734 0.00580215454101563 0.718505859375 -0.17132568359375
-0.0057525634765625 -0.0331134796142578 0.7386474609375 0.0645751953125
-0.0516815185546875 -0.0619850158691406 0.65264892578125 0.12677001953125
-0.0503807067871094 -0.0418243408203125 0.403778076171875 0.084686279296875
-0.05108642578125 -0.0319786071777344 0.0875244140625 -0.02081298828125
-0.0562667846679688 -0.0480499267578125 -0.25146484375 -0.145126342773438
-0.0469818115234375 -0.0598831176757812 -0.550445556640625 -0.148895263671875
-0.0258979797363281 -0.051055908203125 -0.73992919921875 0.0715332031249999
-0.0085296630859375 -0.0386009216308594 -0.73712158203125 0.29119873046875
0.00803756713867187 0.0277004241943359 -0.701904296875 0.34259033203125
-0.0337562561035156 0.05242919921875 -0.487274169921875 0.29644775390625
-0.065460205078125 0.0230331420898438 -0.1943359375 0.07305908203125
0.000919342041015625 0.0097513198852539 0.148025512695313 -0.0615386962890625
-0.00353431701660156 0.0139589309692383 0.557952880859375 -0.280731201171875
-0.000293731689453125 0.00442886352539063 0.626953125 -0.3702392578125
0.000267982482910156 0.00944995880126953 0.71783447265625 -0.14178466796875
-0.00544500350952149 -0.00813531875610352 0.740234375 0.0997314453125
-0.0249519348144531 -0.0357208251953125 0.66015625 0.15338134765625
-0.0176296234130859 -0.0314311981201172 0.414398193359375 0.093505859375
-0.0258750915527344 -0.0265426635742188 0.0935440063476562 -0.02392578125
-0.0290069580078125 -0.0407180786132813 -0.243209838867188 -0.142105102539063
-0.0214881896972656 -0.0399284362792969 -0.54107666015625 -0.131866455078125
-0.0121116638183594 -0.0261573791503906 -0.72808837890625 0.10089111328125
-0.0156536102294922 -0.0226879119873047 -0.72576904296875 0.32073974609375
0.000409126281738282 0.00936985015869141 -0.69537353515625 0.3692626953125
-0.00632476806640625 0.0208206176757813 -0.48638916015625 0.311187744140625
-0.0125465393066406 0.0107326507568359 -0.209304809570313 0.074249267578125
0.0728683471679688 0.0208663940429688 0.151046752929688 -0.0635223388671875
0.053314208984375 -0.0176811218261719 0.559417724609375 -0.274017333984375
0.00629425048828125 -0.0320224761962891 0.63507080078125 -0.35186767578125
-0.0187931060791016 0.0125141143798828 0.7242431640625 -0.11846923828125
-0.00880622863769531 0.0223770141601563 0.7398681640625 0.11798095703125
-0.0016477108001709 -0.00409293174743652 0.66302490234375 0.16412353515625
0.0138835906982422 -0.0189933776855469 0.411468505859375 0.0950927734375
-0.000885009765624999 -0.0235099792480469 0.0904693603515625 -0.0259552001953125
2.4795532226564E-05 -0.0304145812988281 -0.247756958007813 -0.140487670898437
0.00796318054199219 -0.0210132598876953 -0.5438232421875 -0.120849609375
0.00610017776489258 -0.000187873840332031 -0.7191162109375 0.11737060546875
-0.0167884826660156 -0.00328826904296875 -0.71234130859375 0.33709716796875
-0.00845050811767578 -0.00856828689575195 -0.69287109375 0.38714599609375
0.0203418731689453 -0.0146026611328125 -0.487548828125 0.318878173828125
0.0431747436523438 -0.00355911254882813 -0.211257934570312 0.07342529296875
0.133010864257813 0.0246963500976562 0.161376953125 -0.0690765380859375
0.100479125976563 -0.0476303100585938 0.555877685546875 -0.27069091796875
0.0112419128417969 -0.0612831115722656 0.64056396484375 -0.33172607421875
-0.0313549041748047 0.0173377990722656 0.74139404296875 -0.1044921875
-0.00718307495117188 0.045867919921875 0.74615478515625 0.115966796875
0.0213279724121094 0.0220794677734375 0.654296875 0.16156005859375
0.0433807373046875 -0.0077667236328125 0.396331787109375 0.094146728515625
0.0253944396972656 -0.0165233612060547 0.072967529296875 -0.02880859375
0.0250778198242187 -0.0241508483886719 -0.26220703125 -0.135757446289063
0.0339183807373047 -0.00423049926757813 -0.555328369140625 -0.115631103515625
0.022186279296875 0.0235443115234375 -0.72247314453125 0.12646484375
-0.0202579498291016 0.0123329162597656 -0.7008056640625 0.348388671875
-0.0155124664306641 -0.0270748138427734 -0.6866455078125 0.3985595703125
0.0498161315917969 -0.0509223937988281 -0.485137939453125 0.321136474609375
0.0953598022460938 -0.0142669677734375 -0.201385498046875 0.064910888671875
0.174346923828125 0.0200653076171875 0.1849365234375 -0.0739288330078125
0.129997253417969 -0.0737228393554688 0.54541015625 -0.269287109375
0.00906372070312499 -0.0783920288085938 0.646240234375 -0.31805419921875
-0.0409393310546875 0.028045654296875 0.7620849609375 -0.1048583984375
-0.002838134765625 0.0670967102050781 0.74615478515625 0.09613037109375
0.0395545959472656 0.0378570556640625 0.6309814453125 0.1468505859375
0.0610694885253906 -0.001953125 0.36566162109375 0.0877685546875
0.0402717590332031 -0.0143470764160156 0.049285888671875 -0.0253143310546875
0.0451469421386719 -0.0158271789550781 -0.286529541015625 -0.132568359375
0.0533447265625 0.0106086730957031 -0.5706787109375 -0.11724853515625
0.02862548828125 0.0409164428710938 -0.7286376953125 0.1175537109375
-0.0281620025634766 0.0194339752197266 -0.693115234375 0.343994140625
-0.0182418823242188 -0.0465774536132813 -0.6798095703125 0.4024658203125
0.0808563232421875 -0.0777587890625 -0.483978271484375 0.31475830078125
0.144149780273437 -0.02001953125 -0.183181762695312 0.0568389892578125
0.189361572265625 0.0075836181640625 0.208099365234375 -0.08349609375
0.131072998046875 -0.0917282104492188 0.536468505859375 -0.274688720703125
0.002593994140625 -0.07958984375 0.65582275390625 -0.3116455078125
-0.0383567810058594 0.0365524291992187 0.784423828125 -0.1248779296875
0.00246429443359374 0.0747451782226562 0.74444580078125 0.06280517578125
0.0471763610839844 0.0417633056640625 0.60491943359375 0.12164306640625
0.0663108825683594 0.000415802001953125 0.3330078125 0.080963134765625
0.0450706481933594 -0.0116157531738281 0.0181941986083984 -0.0261936187744141
0.0525970458984375 -0.00966262817382813 -0.315460205078125 -0.136077880859375
0.0572586059570313 0.0219841003417969 -0.59637451171875 -0.13140869140625
0.0261421203613281 0.0536727905273438 -0.74310302734375 0.0974121093749999
-0.03765869140625 0.0209922790527344 -0.68670654296875 0.32525634765625
-0.0113487243652344 -0.0635032653808594 -0.67327880859375 0.39617919921875
0.109176635742188 -0.089996337890625 -0.484375 0.301361083984375
0.172988891601563 -0.0098876953125 -0.153564453125 0.052581787109375
0.18292236328125 -0.009613037109375 0.232177734375 -0.09149169921875
0.112510681152344 -0.0916061401367188 0.534332275390625 -0.28143310546875
-0.00385665893554688 -0.0660438537597656 0.66522216796875 -0.3245849609375
-0.0285530090332031 0.0452346801757812 0.79437255859375 -0.1644287109375
0.00867462158203125 0.0731964111328125 0.73583984375 0.01312255859375
0.0444679260253906 0.0357093811035156 0.57501220703125 0.092041015625
0.0583305358886719 -0.00534820556640625 0.299560546875 0.075225830078125
0.0387535095214844 -0.0139808654785156 -0.0119571685791016 -0.0218849182128906
0.0500717163085938 -0.00799179077148438 -0.343902587890625 -0.14215087890625
0.0513267517089844 0.0268936157226563 -0.62109375 -0.1612548828125
0.0169525146484375 0.0575103759765625 -0.7501220703125 0.0545654296875001
-0.0420761108398438 0.0132026672363281 -0.68475341796875 0.29345703125
0.00120544433593749 -0.0738372802734375 -0.66754150390625 0.38140869140625
0.12872314453125 -0.0827484130859375 -0.482147216796875 0.286376953125
0.181365966796875 0.006378173828125 -0.122482299804688 0.054931640625
0.152084350585938 -0.0193634033203125 0.256256103515625 -0.101287841796875
0.0850601196289063 -0.0788421630859375 0.529693603515625 -0.298980712890625
-0.00324630737304688 -0.0472984313964844 0.666259765625 -0.3502197265625
-0.0161247253417969 0.0423812866210937 0.7950439453125 -0.21356201171875
0.0116386413574219 0.0587921142578125 0.720458984375 -0.0343017578125
0.0312900543212891 0.0235881805419922 0.549835205078125 0.0628662109375
0.0385398864746094 -0.0086669921875 0.2733154296875 0.0736846923828125
0.0252971649169922 -0.0151767730712891 -0.0352630615234375 -0.0165634155273438
0.036956787109375 -0.0124053955078125 -0.369384765625 -0.15570068359375
0.0350246429443359 0.0204048156738281 -0.63970947265625 -0.20147705078125
0.00496673583984375 0.0465545654296875 -0.759521484375 0.00274658203124997
-0.041107177734375 0.00164794921875001 -0.68048095703125 0.25653076171875
0.0136566162109375 -0.065643310546875 -0.66705322265625 0.36737060546875
0.126518249511719 -0.0617828369140625 -0.4898681640625 0.27227783203125
0.159408569335938 0.0191497802734375 -0.0955657958984375 0.0622406005859375
-0.0598907470703125 0.00177764892578125 0.157760620117188 -0.0626373291015625
-0.0551071166992187 0.0482025146484375 0.550018310546875 -0.2962646484375
-0.00305938720703125 0.0378341674804687 0.62591552734375 -0.392822265625
0.0161876678466797 0.00385379791259766 0.72247314453125 -0.17718505859375
-0.00725746154785156 -0.0343799591064453 0.7479248046875 0.059814453125
-0.0537490844726562 -0.0611038208007813 0.6566162109375 0.122314453125
-0.05108642578125 -0.0394783020019531 0.407928466796875 0.084625244140625
-0.0522575378417969 -0.0282402038574219 0.08819580078125 -0.0212860107421875
-0.0581283569335938 -0.0483589172363281 -0.254913330078125 -0.14483642578125
-0.0492134094238281 -0.0586090087890625 -0.55633544921875 -0.14892578125
-0.0281639099121094 -0.0503807067871094 -0.7449951171875 0.0748291015625001
-0.00928497314453125 -0.0384750366210938 -0.74530029296875 0.2996826171875
0.00914955139160156 0.0291328430175781 -0.7049560546875 0.35113525390625
-0.0330314636230469 0.0555267333984375 -0.488189697265625 0.302032470703125
-0.066009521484375 0.0243263244628906 -0.196014404296875 0.0764923095703125
0.00247383117675781 0.0109119415283203 0.147857666015625 -0.0638427734375
-0.00415897369384766 0.0149354934692383 0.559051513671875 -0.286712646484375
0.000960826873779297 0.00492477416992188 0.6295166015625 -0.38055419921875
-0.000735282897949219 0.00894355773925781 0.7220458984375 -0.1478271484375
-0.00670099258422851 -0.00700187683105469 0.74578857421875 0.09576416015625
-0.0272254943847656 -0.0343399047851563 0.66656494140625 0.15191650390625
-0.0191097259521484 -0.0316677093505859 0.42010498046875 0.08929443359375
-0.0252285003662109 -0.0251808166503906 0.0970840454101563 -0.024871826171875
-0.0321540832519531 -0.0393180847167969 -0.246505737304688 -0.141586303710938
-0.0215377807617188 -0.0415191650390625 -0.548431396484375 -0.131683349609375
-0.0120506286621094 -0.0250682830810547 -0.7332763671875 0.1068115234375
-0.0155086517333984 -0.0230560302734375 -0.73004150390625 0.32672119140625
-1.14440917968744E-05 0.00964927673339844 -0.69866943359375 0.375732421875
-0.00604057312011719 0.0218162536621094 -0.48956298828125 0.317352294921875
-0.0132236480712891 0.0122480392456055 -0.210479736328125 0.077117919921875
0.0731353759765625 0.020294189453125 0.151565551757813 -0.066009521484375
0.0531997680664063 -0.0183753967285156 0.56170654296875 -0.27874755859375
0.00605583190917969 -0.0317649841308594 0.63507080078125 -0.361083984375
-0.0203895568847656 0.0133800506591797 0.72845458984375 -0.1231689453125
-0.00779914855957031 0.0215930938720703 0.74822998046875 0.1136474609375
-0.000985145568847656 -0.00562667846679687 0.668212890625 0.16259765625
0.0149211883544922 -0.0191688537597656 0.415313720703125 0.092010498046875
0.00198173522949219 -0.0213527679443359 0.0914764404296875 -0.0262374877929688
-0.0014190673828125 -0.0309696197509766 -0.252044677734375 -0.139678955078125
0.00909614562988281 -0.022552490234375 -0.54962158203125 -0.1170654296875
0.00788307189941406 -5.96046447753906E-05 -0.72625732421875 0.1236572265625
-0.0182132720947266 -0.00527763366699219 -0.71734619140625 0.347900390625
-0.00847768783569336 -0.00787782669067383 -0.6943359375 0.3968505859375
0.0219745635986328 -0.0172805786132813 -0.488189697265625 0.324005126953125
0.0441436767578125 -0.00494766235351563 -0.213592529296875 0.0736236572265625
0.133819580078125 0.024627685546875 0.163925170898438 -0.071624755859375
0.101951599121094 -0.0481948852539063 0.55560302734375 -0.278961181640625
0.0123176574707031 -0.0612449645996094 0.6416015625 -0.3411865234375
-0.0344657897949219 0.0191478729248047 0.7454833984375 -0.10968017578125
-0.00743484497070313 0.0481452941894531 0.75048828125 0.11309814453125
0.0221652984619141 0.0205402374267578 0.6566162109375 0.1595458984375
0.0459556579589844 -0.010498046875 0.397308349609375 0.09027099609375
0.0242595672607422 -0.0159339904785156 0.0744705200195313 -0.0281982421875
0.0252819061279297 -0.0237102508544922 -0.265777587890625 -0.135269165039063
0.0356063842773437 -0.00429153442382812 -0.559112548828125 -0.112060546875
0.0221004486083984 0.0214061737060547 -0.72930908203125 0.13299560546875
-0.0201511383056641 0.0114955902099609 -0.70477294921875 0.35748291015625
-0.0161857604980469 -0.0254745483398438 -0.68743896484375 0.4100341796875
0.0487327575683594 -0.052490234375 -0.489013671875 0.326141357421875
0.0976028442382813 -0.0181808471679688 -0.203292846679687 0.067657470703125
0.176925659179687 0.01934814453125 0.182785034179687 -0.0752716064453125
0.129173278808594 -0.0756454467773438 0.547607421875 -0.27764892578125
0.008148193359375 -0.0797500610351562 0.6497802734375 -0.32391357421875
-0.0410003662109375 0.0299301147460938 0.767578125 -0.11029052734375
-0.00359344482421874 0.0673675537109375 0.754150390625 0.092041015625
0.0397758483886719 0.0394058227539063 0.6348876953125 0.1436767578125
0.0618324279785156 -0.00201797485351563 0.36724853515625 0.08624267578125
0.0396308898925781 -0.0132255554199219 0.0508270263671875 -0.028411865234375
0.0450439453125 -0.0154457092285156 -0.289642333984375 -0.13446044921875
0.0520210266113281 0.0117683410644531 -0.5772705078125 -0.11578369140625
0.0305709838867188 0.0430145263671875 -0.73431396484375 0.12432861328125
-0.0277919769287109 0.0213871002197266 -0.6968994140625 0.3515625
-0.0181159973144531 -0.0470619201660156 -0.6805419921875 0.4107666015625
0.0799636840820313 -0.0785140991210938 -0.48870849609375 0.320465087890625
0.144073486328125 -0.0206298828125 -0.18353271484375 0.058258056640625
0.193572998046875 0.00531005859375 0.20843505859375 -0.0830078125
0.130874633789063 -0.0933151245117188 0.5390625 -0.278594970703125
0.003875732421875 -0.0781631469726563 0.6580810546875 -0.3175048828125
-0.0392875671386719 0.0377388000488281 0.78717041015625 -0.13079833984375
0.00315856933593751 0.076171875 0.74853515625 0.05718994140625
0.0486564636230469 0.0447731018066406 0.60968017578125 0.1207275390625
0.0675468444824219 -0.000453948974609375 0.33575439453125 0.080047607421875
0.0462455749511719 -0.012298583984375 0.0190792083740234 -0.0262546539306641
0.0534210205078125 -0.00975418090820313 -0.31982421875 -0.134429931640625
0.05938720703125 0.0214653015136719 -0.6046142578125 -0.130859375
0.0292739868164063 0.0524406433105469 -0.74688720703125 0.101806640625
-0.0374221801757812 0.0214576721191406 -0.69134521484375 0.33343505859375
-0.0133705139160156 -0.0651664733886719 -0.6754150390625 0.40411376953125
0.110565185546875 -0.0911026000976562 -0.48553466796875 0.306304931640625
0.17578125 -0.01153564453125 -0.153640747070313 0.0549468994140625
0.1837158203125 -0.009765625 0.234756469726562 -0.0942840576171875
0.112403869628906 -0.0947952270507813 0.535491943359375 -0.2884521484375
-0.00295257568359375 -0.0659637451171875 0.66790771484375 -0.33251953125
-0.0301437377929688 0.0461502075195313 0.79962158203125 -0.16943359375
0.0099945068359375 0.0719375610351563 0.7406005859375 0.00964355468750001
0.046234130859375 0.0358390808105469 0.58221435546875 0.08984375
0.0588874816894531 -0.00442123413085937 0.30303955078125 0.074310302734375
0.0413818359375 -0.0111732482910156 -0.0120868682861328 -0.021575927734375
0.0500564575195313 -0.00809860229492188 -0.3487548828125 -0.13970947265625
0.051788330078125 0.0274543762207031 -0.62750244140625 -0.16021728515625
0.0182952880859375 0.0553970336914063 -0.75927734375 0.05987548828125
-0.0440483093261719 0.014312744140625 -0.6881103515625 0.30169677734375
0.000106811523437499 -0.0747299194335938 -0.66925048828125 0.39111328125
0.129737854003906 -0.0854644775390625 -0.48626708984375 0.292572021484375
0.183334350585938 0.00390625 -0.122596740722656 0.054412841796875
0.153121948242188 -0.0200653076171875 0.257431030273438 -0.10552978515625
0.084228515625 -0.0793228149414063 0.53265380859375 -0.30615234375
-0.00340652465820312 -0.0472679138183594 0.6690673828125 -0.35888671875
-0.0168113708496094 0.0426597595214844 0.799560546875 -0.2196044921875
0.0133781433105469 0.0569992065429688 0.72686767578125 -0.0413818359375
0.0315799713134766 0.0235404968261719 0.555389404296875 0.061065673828125
0.0378837585449219 -0.0108985900878906 0.275588989257813 0.07196044921875
0.0229301452636719 -0.0158767700195313 -0.0372695922851563 -0.015411376953125
0.0350189208984375 -0.0116958618164063 -0.373748779296875 -0.15228271484375
0.0350265502929688 0.0192279815673828 -0.6475830078125 -0.19818115234375
0.0063629150390625 0.0450286865234375 -0.76800537109375 0.00805664062499995
-0.0418777465820313 0.00379180908203126 -0.68560791015625 0.26300048828125
0.0123062133789062 -0.06591796875 -0.6685791015625 0.37457275390625
0.128211975097656 -0.0637130737304688 -0.4898681640625 0.2802734375
0.163421630859375 0.0174560546875 -0.0953292846679687 0.0608291625976562
-0.0627021789550781 0.000869750976562489 0.158279418945313 -0.0654754638671875
-0.0561714172363281 0.05029296875 0.547576904296875 -0.30535888671875
-0.00257492065429687 0.0377273559570313 0.626220703125 -0.40228271484375
0.0177993774414062 0.00403594970703125 0.72882080078125 -0.18597412109375
-0.00718116760253906 -0.0331687927246094 0.7503662109375 0.054443359375
-0.0555496215820312 -0.0611572265625 0.66375732421875 0.1221923828125
-0.0544166564941406 -0.0396156311035156 0.412750244140625 0.081817626953125
-0.0523223876953125 -0.0286483764648437 0.0905990600585937 -0.02081298828125
-0.0605049133300781 -0.0476875305175781 -0.257415771484375 -0.144195556640625
-0.0504875183105469 -0.0582199096679687 -0.561614990234375 -0.144012451171875
-0.0258560180664062 -0.0508689880371094 -0.749755859375 0.0851440429687499
-0.0107765197753906 -0.0394973754882813 -0.747802734375 0.3084716796875
0.00946235656738282 0.0294952392578125 -0.7080078125 0.3597412109375
-0.0335273742675781 0.0551986694335938 -0.489715576171875 0.3084716796875
-0.06622314453125 0.0233726501464844 -0.198165893554688 0.07928466796875
0.00119113922119141 0.0102081298828125 0.1492919921875 -0.0664520263671875
-0.00539779663085937 0.0146446228027344 0.558135986328125 -0.294952392578125
-0.00123023986816406 0.00486564636230469 0.62908935546875 -0.38836669921875
0.000153541564941407 0.0104961395263672 0.725830078125 -0.15606689453125
-0.00840044021606445 -0.00657510757446289 0.75140380859375 0.08935546875
-0.0295753479003906 -0.0371284484863281 0.67242431640625 0.14727783203125
-0.0171623229980469 -0.029327392578125 0.42327880859375 0.085723876953125
-0.0270023345947266 -0.0247268676757813 0.0980453491210938 -0.02545166015625
-0.0330963134765625 -0.039825439453125 -0.250503540039062 -0.144012451171875
-0.0219917297363281 -0.0403594970703125 -0.551422119140625 -0.12841796875
-0.0111770629882812 -0.0263195037841797 -0.73785400390625 0.1141357421875
-0.0155124664306641 -0.0234165191650391 -0.7353515625 0.337158203125
7.02827552538211E-19 0.0114784240722656 -0.70111083984375 0.38702392578125
-0.0046234130859375 0.0210247039794922 -0.490142822265625 0.323089599609375
-0.0131740570068359 0.0128107070922852 -0.210845947265625 0.07855224609375
0.0732269287109375 0.018035888671875 0.152008056640625 -0.069244384765625
0.0517539978027344 -0.0187644958496094 0.5615234375 -0.28802490234375
0.00567817687988281 -0.0343647003173828 0.6383056640625 -0.3692626953125
-0.0194206237792969 0.0137004852294922 0.73394775390625 -0.12969970703125
-0.00853157043457031 0.0217800140380859 0.75335693359375 0.10784912109375
-0.000222682952880859 -0.00631952285766602 0.67449951171875 0.1593017578125
0.0146522521972656 -0.0198650360107422 0.421417236328125 0.089874267578125
0.000156402587890627 -0.0201263427734375 0.0933303833007812 -0.0293121337890625
-0.002166748046875 -0.0321578979492188 -0.255401611328125 -0.137313842773437
0.00887680053710938 -0.0224838256835938 -0.553985595703125 -0.1148681640625
0.00704145431518555 -0.00154638290405273 -0.73077392578125 0.13092041015625
-0.0184555053710938 -0.00423812866210938 -0.72003173828125 0.35870361328125
-0.0076136589050293 -0.00686073303222656 -0.6971435546875 0.40997314453125
0.0217990875244141 -0.0158519744873047 -0.490142822265625 0.332489013671875
0.0429496765136719 -0.00672149658203125 -0.214096069335938 0.077117919921875
0.135795593261719 0.0224533081054688 0.16265869140625 -0.074798583984375
0.103340148925781 -0.0492935180664063 0.55670166015625 -0.286346435546875
0.0095367431640625 -0.0634117126464844 0.64312744140625 -0.34954833984375
-0.0335788726806641 0.0183238983154297 0.75067138671875 -0.1170654296875
-0.00751495361328125 0.0498085021972656 0.75634765625 0.1075439453125
0.0213661193847656 0.0213985443115234 0.66424560546875 0.15814208984375
0.0438194274902344 -0.00859832763671875 0.40277099609375 0.08843994140625
0.0254993438720703 -0.0177936553955078 0.0756759643554688 -0.0281829833984375
0.0250625610351563 -0.0224895477294922 -0.270950317382813 -0.13568115234375
0.034637451171875 -0.00617408752441406 -0.5657958984375 -0.110595703125
0.0230941772460938 0.0208969116210938 -0.73272705078125 0.13751220703125
-0.0211944580078125 0.0136833190917969 -0.70849609375 0.36822509765625
-0.0171375274658203 -0.0266208648681641 -0.6888427734375 0.41912841796875
0.0501937866210938 -0.0527191162109375 -0.491302490234375 0.334136962890625
0.0988082885742188 -0.0201644897460938 -0.20477294921875 0.0685272216796875
0.177169799804688 0.016357421875 0.183090209960938 -0.0785064697265625
0.131019592285156 -0.0762710571289063 0.5465087890625 -0.285003662109375
0.00872039794921875 -0.0789947509765625 0.65191650390625 -0.3336181640625
-0.0403823852539063 0.027099609375 0.77276611328125 -0.11712646484375
-0.0029144287109375 0.0682601928710937 0.75830078125 0.08734130859375
0.0396652221679688 0.0392723083496094 0.641357421875 0.1400146484375
0.0633544921875 -0.00268173217773438 0.372955322265625 0.08367919921875
0.0416831970214844 -0.0137939453125 0.049346923828125 -0.0269927978515625
0.0452651977539063 -0.0154266357421875 -0.293182373046875 -0.133056640625
0.0531883239746094 0.0105018615722656 -0.58447265625 -0.11138916015625
0.0309410095214844 0.0403213500976563 -0.7410888671875 0.13275146484375
-0.02703857421875 0.0209522247314453 -0.70123291015625 0.36065673828125
-0.0178871154785156 -0.0450325012207031 -0.68121337890625 0.42279052734375
0.0814590454101563 -0.0816268920898438 -0.487548828125 0.32574462890625
0.147903442382813 -0.0235137939453125 -0.185104370117188 0.0590667724609375
0.194976806640625 0.0035858154296875 0.209793090820312 -0.086273193359375
0.131309509277344 -0.0949859619140625 0.540283203125 -0.28826904296875
0.000175476074218755 -0.0820541381835938 0.65911865234375 -0.32659912109375
-0.0389976501464844 0.0401802062988281 0.7940673828125 -0.135986328125
0.00469207763671875 0.0760040283203125 0.7554931640625 0.04998779296875
0.0487098693847656 0.0431327819824219 0.61480712890625 0.115966796875
0.0679359436035156 -0.00127792358398438 0.3404541015625 0.078338623046875
0.0472908020019531 -0.0123062133789063 0.0185661315917969 -0.0262966156005859
0.0538978576660156 -0.011077880859375 -0.322998046875 -0.13372802734375
0.0593910217285156 0.0221061706542969 -0.61004638671875 -0.12713623046875
0.028411865234375 0.0553741455078125 -0.75189208984375 0.1085205078125
-0.0367355346679688 0.0217514038085938 -0.693603515625 0.3438720703125
-0.0135765075683594 -0.0647544860839844 -0.6746826171875 0.41339111328125
0.111610412597656 -0.0935516357421875 -0.487884521484375 0.3138427734375
0.17803955078125 -0.012969970703125 -0.155899047851563 0.0536041259765625
0.186065673828125 -0.011260986328125 0.236648559570313 -0.0960845947265625
0.112449645996094 -0.0962753295898438 0.535614013671875 -0.2979736328125
-0.00468826293945313 -0.0671653747558594 0.66748046875 -0.3402099609375
-0.0288162231445313 0.0463027954101562 0.8038330078125 -0.17742919921875
0.0118408203125 0.07415771484375 0.74658203125 0.00250244140625
0.0459136962890625 0.0359573364257813 0.58624267578125 0.08746337890625
0.0599136352539063 -0.00460433959960938 0.305572509765625 0.073211669921875
0.0389251708984375 -0.0139350891113281 -0.0107936859130859 -0.0217399597167969
0.0512580871582031 -0.00772857666015625 -0.353546142578125 -0.139739990234375
0.0531158447265625 0.02728271484375 -0.63482666015625 -0.1553955078125
0.0183601379394531 0.056884765625 -0.76519775390625 0.0669555664062499
-0.0430908203125 0.0133934020996094 -0.69281005859375 0.31231689453125
-0.000701904296874997 -0.07342529296875 -0.67266845703125 0.40338134765625
0.13067626953125 -0.088226318359375 -0.486724853515625 0.29937744140625
0.186431884765625 0.0009307861328125 -0.124526977539063 0.0558395385742188
0.153762817382812 -0.021881103515625 0.259109497070313 -0.106475830078125
0.0843963623046875 -0.0806045532226562 0.5321044921875 -0.313995361328125
-0.004425048828125 -0.0476570129394531 0.67034912109375 -0.366455078125
-0.0165138244628906 0.0440940856933594 0.80316162109375 -0.229736328125
0.012969970703125 0.0585289001464844 0.73089599609375 -0.04541015625
0.0323047637939453 0.0236778259277344 0.559356689453125 0.057342529296875
0.0383682250976563 -0.0093231201171875 0.277664184570313 0.0719146728515625
0.0245532989501953 -0.0157394409179688 -0.0361480712890625 -0.0155563354492188
0.0356216430664063 -0.0115089416503906 -0.377899169921875 -0.149749755859375
0.0355033874511719 0.0195541381835938 -0.6571044921875 -0.1959228515625
0.00669097900390625 0.0438880920410156 -0.7747802734375 0.0136718750000001
-0.0423774719238281 0.00358963012695312 -0.69024658203125 0.27191162109375
0.0125999450683594 -0.0664405822753906 -0.67047119140625 0.38531494140625
0.129173278808594 -0.0641403198242188 -0.494293212890625 0.287933349609375
0.165542602539062 0.0141448974609375 -0.0982666015625 0.0644683837890625
-0.0628509521484375 0.00266265869140624 0.158843994140625 -0.0664520263671875
-0.0573883056640625 0.0516586303710938 0.545989990234375 -0.3138427734375
-0.00179290771484375 0.0394515991210938 0.62738037109375 -0.4134521484375
0.0176639556884766 0.00432586669921875 0.730224609375 -0.194091796875
-0.00893974304199219 -0.0344161987304688 0.75579833984375 0.0491943359375
-0.0570449829101563 -0.0615615844726562 0.67047119140625 0.1180419921875
-0.0541534423828125 -0.0388107299804688 0.415740966796875 0.078765869140625
-0.0545501708984375 -0.0275840759277344 0.0907440185546875 -0.0217514038085938
-0.0654449462890625 -0.0472755432128906 -0.262542724609375 -0.14434814453125
-0.0536308288574219 -0.059722900390625 -0.56805419921875 -0.1414794921875
-0.0284767150878906 -0.051422119140625 -0.75701904296875 0.0918579101562499
-0.0117301940917969 -0.0394439697265625 -0.751220703125 0.31903076171875
0.0103626251220703 0.0316295623779297 -0.70965576171875 0.37109375
-0.0311050415039063 0.0574836730957031 -0.4913330078125 0.316131591796875
-0.0648765563964844 0.0244331359863281 -0.199356079101563 0.080291748046875
0.003875732421875 0.0102405548095703 0.150253295898438 -0.066741943359375
-0.00624942779541015 0.0155649185180664 0.55865478515625 -0.3056640625
-0.00104951858520508 0.00548315048217774 0.6295166015625 -0.3992919921875
-0.000954627990722658 0.0116062164306641 0.72967529296875 -0.16375732421875
-0.00732660293579102 -0.00591278076171875 0.75927734375 0.08258056640625
-0.0291519165039063 -0.0368423461914062 0.68023681640625 0.14202880859375
-0.0189552307128906 -0.0296058654785156 0.426849365234375 0.083740234375
-0.0262660980224609 -0.0243816375732422 0.100692749023438 -0.0274887084960937
-0.034332275390625 -0.0391120910644531 -0.253616333007813 -0.1412353515625
-0.023956298828125 -0.0402717590332031 -0.55865478515625 -0.12152099609375
-0.0123023986816406 -0.0280818939208984 -0.7430419921875 0.12054443359375
-0.0176029205322266 -0.0225582122802734 -0.73602294921875 0.3489990234375
0.00103664398193359 0.0105276107788086 -0.702880859375 0.39569091796875
-0.00316238403320313 0.022369384765625 -0.491485595703125 0.33148193359375
-0.0132112503051758 0.0101556777954102 -0.213241577148437 0.08154296875
0.0733795166015625 0.0189285278320313 0.151031494140625 -0.072235107421875
0.0528640747070313 -0.0179824829101563 0.5623779296875 -0.295654296875
0.00372123718261718 -0.0315685272216797 0.6375732421875 -0.38092041015625
-0.0192413330078125 0.0148143768310547 0.7388916015625 -0.13958740234375
-0.00638961791992188 0.0224704742431641 0.7626953125 0.10162353515625
-0.00291919708251953 -0.0051875114440918 0.6807861328125 0.15472412109375
0.0166454315185547 -0.0192546844482422 0.424835205078125 0.086151123046875
-0.000993728637695313 -0.0217533111572266 0.0942611694335938 -0.0300369262695313
-0.00497817993164063 -0.0322818756103516 -0.259536743164063 -0.138885498046875
0.00684547424316406 -0.0220355987548828 -0.55908203125 -0.111175537109375
0.00748872756958008 -0.00342607498168945 -0.73602294921875 0.138671875
-0.0179538726806641 -0.0040283203125 -0.72125244140625 0.37078857421875
-0.00979042053222656 -0.00789833068847656 -0.6971435546875 0.422607421875
0.0221099853515625 -0.0177726745605469 -0.49249267578125 0.339019775390625
0.0445747375488281 -0.00782394409179688 -0.216140747070313 0.0782012939453125
0.137001037597656 0.0192947387695313 0.164459228515625 -0.074462890625
0.101158142089844 -0.0509185791015625 0.5572509765625 -0.293731689453125
0.0103721618652344 -0.0629196166992188 0.64251708984375 -0.35980224609375
-0.0333766937255859 0.0197067260742188 0.75653076171875 -0.12457275390625
-0.0080413818359375 0.0490036010742188 0.76385498046875 0.0997314453125
0.0212574005126953 0.0223445892333984 0.67138671875 0.15234375
0.0450401306152344 -0.00954818725585938 0.405914306640625 0.08447265625
0.0253009796142578 -0.0184726715087891 0.0769805908203125 -0.0304107666015625
0.0245323181152344 -0.0226802825927734 -0.27398681640625 -0.137359619140625
0.0353126525878906 -0.00617599487304687 -0.570556640625 -0.10711669921875
0.0230693817138672 0.0203437805175781 -0.7381591796875 0.14813232421875
-0.0204257965087891 0.0114326477050781 -0.7103271484375 0.3787841796875
-0.0170536041259766 -0.0250625610351562 -0.68865966796875 0.4322509765625
0.050140380859375 -0.0540390014648438 -0.490020751953125 0.33935546875
0.100112915039063 -0.02117919921875 -0.20635986328125 0.07122802734375
0.18121337890625 0.0153961181640625 0.183883666992188 -0.08062744140625
0.128875732421875 -0.0790252685546875 0.544036865234375 -0.293304443359375
0.00699615478515625 -0.0800247192382813 0.65020751953125 -0.3408203125
-0.0416145324707031 0.0295524597167969 0.77935791015625 -0.12713623046875
-0.00196075439453124 0.0708847045898438 0.764892578125 0.08087158203125
0.0411911010742188 0.0380401611328125 0.6485595703125 0.13818359375
0.0646400451660156 -0.00443267822265625 0.377288818359375 0.081207275390625
0.040924072265625 -0.0125770568847656 0.0517349243164063 -0.0297279357910156
0.0438880920410156 -0.0160675048828125 -0.296234130859375 -0.1337890625
0.0541763305664063 0.00872421264648438 -0.5892333984375 -0.1075439453125
0.0328941345214844 0.0393028259277344 -0.74456787109375 0.14166259765625
-0.0275821685791016 0.0218849182128906 -0.702880859375 0.37213134765625
-0.0176811218261719 -0.0459785461425781 -0.68206787109375 0.43475341796875
0.0813674926757813 -0.0831222534179687 -0.486358642578125 0.333282470703125
0.14947509765625 -0.0263214111328125 -0.186630249023438 0.061859130859375
0.197265625 0.0011138916015625 0.208786010742187 -0.0893096923828125
0.12982177734375 -0.0967941284179688 0.539459228515625 -0.2974853515625
-0.000129699707031245 -0.08056640625 0.6593017578125 -0.33819580078125
-0.0394821166992188 0.04156494140625 0.799072265625 -0.1466064453125
0.003936767578125 0.0763320922851563 0.763671875 0.04376220703125
0.0506858825683594 0.044586181640625 0.61798095703125 0.112548828125
0.0677490234375 -0.00220108032226563 0.341705322265625 0.073883056640625
0.0458526611328125 -0.0123519897460938 0.0195789337158203 -0.0252456665039062
0.0537376403808594 -0.010101318359375 -0.328216552734375 -0.13104248046875
0.0592002868652344 0.0218544006347656 -0.6165771484375 -0.12274169921875
0.0303115844726562 0.0542335510253906 -0.7569580078125 0.11773681640625
-0.0362777709960937 0.0230789184570313 -0.69427490234375 0.3525390625
-0.0128555297851563 -0.0629768371582031 -0.67742919921875 0.4246826171875
0.110038757324219 -0.0952377319335937 -0.48907470703125 0.32257080078125
0.180557250976563 -0.0176849365234375 -0.15594482421875 0.05523681640625
0.187652587890625 -0.0147857666015625 0.234664916992188 -0.098876953125
0.111061096191406 -0.0987701416015625 0.535125732421875 -0.3060302734375
-0.00487518310546875 -0.0682373046875 0.667236328125 -0.35040283203125
-0.030029296875 0.0464515686035156 0.80889892578125 -0.19183349609375
0.0135345458984375 0.0730819702148438 0.75 -0.0045166015625
0.0474586486816406 0.0375785827636719 0.59002685546875 0.08050537109375
0.0599288940429688 -0.00551605224609375 0.308197021484375 0.0706787109375
0.0420379638671875 -0.0136489868164063 -0.0112857818603516 -0.0208911895751953
0.0504379272460938 -0.00775909423828125 -0.35675048828125 -0.1383056640625
0.0528297424316406 0.0263557434082031 -0.6419677734375 -0.1500244140625
0.0199775695800781 0.0572662353515625 -0.77056884765625 0.0764770507812502
-0.0450553894042969 0.0160636901855469 -0.69293212890625 0.322265625
-0.000183105468749999 -0.0734710693359375 -0.67083740234375 0.41253662109375
0.130989074707031 -0.09112548828125 -0.488616943359375 0.308380126953125
0.18902587890625 -0.001129150390625 -0.1248779296875 0.0567855834960937
0.155624389648438 -0.0257415771484375 0.258636474609375 -0.1102294921875
0.084075927734375 -0.080780029296875 0.530120849609375 -0.32110595703125
-0.00525665283203125 -0.0478858947753906 0.6702880859375 -0.376708984375
-0.0147590637207031 0.0439643859863281 0.806640625 -0.24176025390625
0.0133895874023437 0.057830810546875 0.737060546875 -0.05419921875
0.0328598022460938 0.0216121673583984 0.56048583984375 0.055267333984375
0.0393409729003906 -0.009979248046875 0.2802734375 0.0685882568359375
0.0248069763183594 -0.0173301696777344 -0.0349178314208984 -0.0165214538574219
0.0343589782714844 -0.0101604461669922 -0.383636474609375 -0.14776611328125
0.0368766784667969 0.0210418701171875 -0.66229248046875 -0.1917724609375
0.0077362060546875 0.0465354919433594 -0.77984619140625 0.0220947265624999
-0.0439224243164063 0.00351333618164062 -0.69317626953125 0.28173828125
0.0114288330078125 -0.0666885375976562 -0.67041015625 0.39813232421875
0.131690979003906 -0.0674819946289062 -0.493316650390625 0.294586181640625
0.167098999023438 0.0122528076171875 -0.0980606079101562 0.0652923583984375
-0.0622444152832031 7.62939453124878E-05 0.157730102539063 -0.069122314453125
-0.0544395446777344 0.0522041320800781 0.5443115234375 -0.32354736328125
-0.000404357910156253 0.0396652221679688 0.6248779296875 -0.42431640625
0.0177879333496094 0.00372505187988281 0.7337646484375 -0.20562744140625
-0.0093536376953125 -0.0349597930908203 0.7620849609375 0.04052734375
-0.0597610473632813 -0.06097412109375 0.67462158203125 0.10845947265625
-0.0556755065917969 -0.0369682312011719 0.417144775390625 0.072998046875
-0.0534744262695313 -0.0242195129394531 0.0932464599609375 -0.0252532958984375
-0.0683517456054688 -0.0455322265625 -0.263961791992188 -0.143417358398438
-0.0522308349609375 -0.0598678588867188 -0.57293701171875 -0.1346435546875
-0.0290794372558594 -0.0511398315429688 -0.7593994140625 0.10284423828125
-0.0118217468261719 -0.0391654968261719 -0.7510986328125 0.33062744140625
0.0121021270751953 0.0308971405029297 -0.70794677734375 0.3841552734375
-0.0300788879394531 0.0585403442382813 -0.490936279296875 0.32598876953125
-0.0659103393554687 0.0251731872558594 -0.199935913085938 0.0834503173828125
0.00280475616455078 0.00996494293212891 0.147537231445313 -0.069091796875
-0.00344753265380859 0.0166397094726563 0.55767822265625 -0.313568115234375
-0.00177812576293945 0.00466775894165039 0.6292724609375 -0.40972900390625
0.000237464904785157 0.0102376937866211 0.7313232421875 -0.17303466796875
-0.00680780410766602 -0.00665998458862305 0.7635498046875 0.07318115234375
-0.0293922424316406 -0.0355911254882813 0.6861572265625 0.1331787109375
-0.0208644866943359 -0.0296573638916016 0.43157958984375 0.078826904296875
-0.0284843444824219 -0.0239086151123047 0.101829528808594 -0.0265960693359375
-0.0373191833496094 -0.0371017456054688 -0.25750732421875 -0.14013671875
-0.0236053466796875 -0.0403900146484375 -0.56488037109375 -0.11590576171875
-0.012664794921875 -0.0278072357177734 -0.74462890625 0.13116455078125
-0.0173664093017578 -0.0226154327392578 -0.73699951171875 0.36083984375
0.000670433044433595 0.0112323760986328 -0.701416015625 0.41131591796875
-0.00318717956542969 0.0231170654296875 -0.49041748046875 0.340118408203125
-0.0118494033813477 0.00967311859130859 -0.213668823242188 0.0854339599609375
0.0766830444335938 0.0159072875976563 0.149856567382813 -0.0737152099609375
0.0545616149902344 -0.0194091796875 0.55755615234375 -0.305419921875
0.00377082824707031 -0.0326347351074219 0.6357421875 -0.39117431640625
-0.0197963714599609 0.0132408142089844 0.7427978515625 -0.15179443359375
-0.00802993774414062 0.0248374938964844 0.76641845703125 0.09228515625
-0.00186538696289062 -0.00349521636962891 0.68829345703125 0.1483154296875
0.0139026641845703 -0.0181217193603516 0.429443359375 0.0814208984375
-0.000591278076171874 -0.01934814453125 0.096771240234375 -0.0317230224609375
-0.00476264953613282 -0.0306682586669922 -0.262557983398438 -0.136886596679687
0.00468254089355469 -0.0235500335693359 -0.56524658203125 -0.10455322265625
0.00778865814208984 -0.00256633758544922 -0.73834228515625 0.15155029296875
-0.0189647674560547 -0.00465011596679687 -0.7218017578125 0.3819580078125
-0.00972461700439453 -0.00624275207519531 -0.69512939453125 0.43243408203125
0.0244483947753906 -0.0182838439941406 -0.48626708984375 0.34759521484375
0.0452728271484375 -0.010101318359375 -0.215362548828125 0.0825653076171875
0.138999938964844 0.0193023681640625 0.163253784179688 -0.0778350830078125
0.102653503417969 -0.054779052734375 0.553924560546875 -0.304840087890625
0.00626754760742188 -0.0644149780273438 0.64202880859375 -0.3709716796875
-0.0346431732177734 0.0215187072753906 0.76031494140625 -0.134765625
-0.00732421875 0.0486946105957031 0.7689208984375 0.09051513671875
0.0226516723632813 0.0209884643554688 0.67498779296875 0.14697265625
0.0455322265625 -0.009765625 0.411285400390625 0.080230712890625
0.0230064392089844 -0.0166339874267578 0.0779495239257812 -0.0312042236328125
0.0233478546142578 -0.0232028961181641 -0.274978637695313 -0.133529663085938
0.0347900390625 -0.00592803955078125 -0.57489013671875 -0.0981445312500001
0.0231704711914063 0.019195556640625 -0.74090576171875 0.159912109375
-0.0200347900390625 0.0121898651123047 -0.71234130859375 0.39093017578125
-0.0168380737304687 -0.0239181518554687 -0.689453125 0.44354248046875
0.0504722595214844 -0.0536117553710938 -0.489410400390625 0.349517822265625
0.101150512695313 -0.0240097045898438 -0.207733154296875 0.0729522705078125
0.18353271484375 0.0121307373046875 0.183517456054687 -0.0839691162109375
0.128768920898437 -0.08087158203125 0.545562744140625 -0.303314208984375
0.00502014160156251 -0.0818405151367187 0.64874267578125 -0.35357666015625
-0.0417404174804687 0.0304756164550781 0.78045654296875 -0.13592529296875
-0.0014495849609375 0.0727920532226563 0.769775390625 0.07098388671875
0.0406036376953125 0.0379676818847656 0.65240478515625 0.1285400390625
0.0657844543457031 -0.00539398193359375 0.380218505859375 0.07470703125
0.0412673950195313 -0.0135040283203125 0.0511627197265625 -0.0307807922363281
0.0447196960449219 -0.0170974731445313 -0.30096435546875 -0.13037109375
0.0526542663574219 0.00888442993164063 -0.5985107421875 -0.10113525390625
0.0335006713867188 0.0396766662597656 -0.746337890625 0.15240478515625
-0.0274810791015625 0.0222625732421875 -0.70208740234375 0.3837890625
-0.0193939208984375 -0.0447311401367188 -0.68048095703125 0.447509765625
0.0818405151367188 -0.0849838256835938 -0.48699951171875 0.3426513671875
0.150466918945313 -0.0271148681640625 -0.186355590820313 0.0633544921875
0.198135375976563 -0.0015106201171875 0.20977783203125 -0.0911712646484375
0.13134765625 -0.099853515625 0.53704833984375 -0.30572509765625
-0.00189208984375001 -0.0819473266601562 0.661376953125 -0.34954833984375
-0.0390243530273438 0.04168701171875 0.8028564453125 -0.158935546875
0.00697326660156249 0.0769119262695313 0.76702880859375 0.03594970703125
0.0510749816894531 0.0428276062011719 0.62432861328125 0.10626220703125
0.069732666015625 -0.00229644775390625 0.34527587890625 0.070465087890625
0.0467185974121094 -0.0111923217773438 0.0204925537109375 -0.0263175964355469
0.0546913146972656 -0.0103759765625 -0.330291748046875 -0.128143310546875
0.0609855651855469 0.0209465026855469 -0.62091064453125 -0.11688232421875
0.0308189392089844 0.0527992248535156 -0.75909423828125 0.1275634765625
-0.0372428894042969 0.0238418579101562 -0.69561767578125 0.365234375
-0.0141792297363281 -0.0653228759765625 -0.674560546875 0.43798828125
0.112617492675781 -0.0987701416015625 -0.487548828125 0.329833984375
0.18072509765625 -0.0212554931640625 -0.156875610351563 0.057373046875
0.189361572265625 -0.018707275390625 0.23583984375 -0.101715087890625
0.113449096679687 -0.102554321289062 0.532196044921875 -0.314971923828125
-0.00677490234374999 -0.0670700073242188 0.66790771484375 -0.3590087890625
-0.0288505554199219 0.0475997924804687 0.81219482421875 -0.2015380859375
0.013275146484375 0.0735549926757813 0.75579833984375 -0.01397705078125
0.0483360290527344 0.0351905822753906 0.595947265625 0.0755615234375
0.0626411437988281 -0.00534439086914062 0.311920166015625 0.067169189453125
0.040802001953125 -0.0153579711914063 -0.00874137878417968 -0.0203018188476562
0.05126953125 -0.0080108642578125 -0.36181640625 -0.134979248046875
0.0533523559570313 0.0274467468261719 -0.64892578125 -0.143798828125
0.0201492309570313 0.0558929443359375 -0.777099609375 0.0850830078124999
-0.0433883666992188 0.0163154602050781 -0.693359375 0.33251953125
-0.00274658203125 -0.074310302734375 -0.6712646484375 0.42877197265625
0.131507873535156 -0.09246826171875 -0.49066162109375 0.31591796875
0.1888427734375 -0.0056610107421875 -0.127853393554688 0.0583267211914063
0.156005859375 -0.0283966064453125 0.258377075195313 -0.114120483398438
0.0816268920898438 -0.0840911865234375 0.52850341796875 -0.33062744140625
-0.00533676147460938 -0.0475425720214844 0.66937255859375 -0.38763427734375
-0.0148086547851563 0.0468254089355469 0.80938720703125 -0.25006103515625
0.0152664184570313 0.0601730346679687 0.7421875 -0.0650634765625
0.0332870483398438 0.0214366912841797 0.56573486328125 0.04876708984375
0.0389900207519531 -0.0115165710449219 0.283447265625 0.066650390625
0.0247135162353516 -0.0172138214111328 -0.0352020263671875 -0.013916015625
0.0328807830810547 -0.011077880859375 -0.387725830078125 -0.1444091796875
0.0368843078613281 0.0191116333007813 -0.67230224609375 -0.18316650390625
0.00972747802734375 0.0457954406738281 -0.78546142578125 0.0311279296875002
-0.0430946350097656 0.00390243530273438 -0.69390869140625 0.2919921875
0.0104331970214844 -0.0675010681152344 -0.66943359375 0.40875244140625
0.130439758300781 -0.0713653564453125 -0.49462890625 0.30157470703125
0.167984008789062 0.00811767578125 -0.0994644165039062 0.0661392211914063
-0.0637626647949219 0.00396347045898437 0.157119750976563 -0.070892333984375
-0.0546340942382813 0.0533638000488281 0.541168212890625 -0.332855224609375
-0.000934600830078121 0.0398635864257812 0.62005615234375 -0.43548583984375
0.0184459686279297 0.00461959838867188 0.73541259765625 -0.21759033203125
-0.0100479125976563 -0.0331192016601563 0.76708984375 0.02825927734375
-0.0622825622558594 -0.0590248107910156 0.68182373046875 0.10015869140625
-0.0567207336425781 -0.0357513427734375 0.424591064453125 0.066131591796875
-0.0555610656738281 -0.0243873596191406 0.0935745239257812 -0.0277023315429687
-0.0675811767578125 -0.0418052673339844 -0.267807006835937 -0.140335083007813
-0.0569801330566406 -0.0583763122558594 -0.578369140625 -0.12799072265625
-0.0311851501464844 -0.0508613586425781 -0.7637939453125 0.1160888671875
-0.0120849609375 -0.0404739379882813 -0.75201416015625 0.3470458984375
0.0128726959228516 0.0307960510253906 -0.70361328125 0.39654541015625
-0.0285186767578125 0.0602760314941406 -0.487548828125 0.33441162109375
-0.0658531188964844 0.0242500305175781 -0.200225830078125 0.0859375
0.00345706939697266 0.00958824157714844 0.148040771484375 -0.0731964111328125
-0.00405216217041016 0.0150632858276367 0.554534912109375 -0.322845458984375
-0.00082254409790039 0.00439977645874024 0.62353515625 -0.42266845703125
-0.00172901153564453 0.0101251602172852 0.73516845703125 -0.18499755859375
-0.0101413726806641 -0.00534439086914062 0.76861572265625 0.0633544921875
-0.0312595367431641 -0.0347824096679688 0.69195556640625 0.12628173828125
-0.0204620361328125 -0.0280685424804687 0.437286376953125 0.0731201171875
-0.0286979675292969 -0.02197265625 0.100135803222656 -0.0322036743164063
-0.0359268188476563 -0.0355682373046875 -0.261672973632813 -0.137664794921875
-0.0257759094238281 -0.0379257202148438 -0.56988525390625 -0.10931396484375
-0.0119342803955078 -0.0287456512451172 -0.74835205078125 0.14349365234375
-0.0187702178955078 -0.0224723815917969 -0.73370361328125 0.37646484375
0.00266647338867187 0.0116863250732422 -0.69873046875 0.42523193359375
0.000318527221679687 0.0233345031738281 -0.488006591796875 0.347320556640625
-0.0130519866943359 0.00884723663330078 -0.213546752929688 0.087890625
0.0753173828125 0.0163726806640625 0.150848388671875 -0.0743408203125
0.0516777038574219 -0.0199317932128906 0.5548095703125 -0.3143310546875
0.00408935546875 -0.0320453643798828 0.63311767578125 -0.40325927734375
-0.0191097259521484 0.0138988494873047 0.74407958984375 -0.16265869140625
-0.00739669799804688 0.0243892669677734 0.771484375 0.0830078125
-0.00286531448364258 -0.00481033325195313 0.6932373046875 0.13909912109375
0.0160865783691406 -0.0202388763427734 0.431884765625 0.0740966796875
0.000633239746093752 -0.0189323425292969 0.0967330932617188 -0.0335540771484375
-0.00469779968261718 -0.0298748016357422 -0.265304565429688 -0.135482788085937
0.00475883483886719 -0.0235309600830078 -0.571044921875 -0.0980224609374999
0.0076146125793457 -0.00525903701782226 -0.74212646484375 0.16192626953125
-0.019195556640625 -0.00401496887207031 -0.71893310546875 0.395751953125
-0.0086970329284668 -0.00590848922729492 -0.69293212890625 0.4451904296875
0.0222320556640625 -0.0186252593994141 -0.486328125 0.3565673828125
0.043487548828125 -0.0102767944335938 -0.218658447265625 0.086090087890625
0.139862060546875 0.0171279907226562 0.162857055664063 -0.079559326171875
0.101768493652344 -0.0560531616210938 0.551116943359375 -0.311798095703125
0.00576019287109374 -0.0637626647949219 0.638671875 -0.38336181640625
-0.0338878631591797 0.0223960876464844 0.7646484375 -0.1492919921875
-0.00647354125976563 0.0507774353027344 0.77593994140625 0.08087158203125
0.0225238800048828 0.0209674835205078 0.68115234375 0.1383056640625
0.0455284118652344 -0.0115280151367188 0.414398193359375 0.073333740234375
0.0241127014160156 -0.0155029296875 0.0800704956054688 -0.032318115234375
0.0238380432128906 -0.0234279632568359 -0.279937744140625 -0.129776000976563
0.0342121124267578 -0.00727081298828125 -0.5811767578125 -0.0924682617187501
0.0257968902587891 0.01861572265625 -0.741943359375 0.170654296875
-0.0196075439453125 0.0141258239746094 -0.70941162109375 0.40679931640625
-0.0169296264648437 -0.0238628387451172 -0.68603515625 0.4603271484375
0.051849365234375 -0.0567207336425781 -0.48773193359375 0.3603515625
0.100791931152344 -0.0275421142578125 -0.20880126953125 0.0762939453125
0.181930541992188 0.00823974609375 0.183425903320313 -0.087005615234375
0.129402160644531 -0.0847244262695313 0.54248046875 -0.312896728515625
0.0038299560546875 -0.083099365234375 0.64617919921875 -0.36505126953125
-0.040618896484375 0.0318450927734375 0.7843017578125 -0.15045166015625
-0.000740051269531257 0.0714492797851563 0.77838134765625 0.06134033203125
0.0430679321289063 0.03839111328125 0.6591796875 0.12286376953125
0.065399169921875 -0.004302978515625 0.3851318359375 0.069976806640625
0.0424270629882813 -0.0155715942382812 0.0533370971679688 -0.0312995910644531
0.0437202453613281 -0.0174903869628906 -0.303558349609375 -0.12689208984375
0.0546531677246094 0.00902557373046875 -0.6002197265625 -0.0934448242187499
0.0350456237792969 0.0383148193359375 -0.75 0.16375732421875
-0.0276527404785156 0.0240268707275391 -0.70074462890625 0.3988037109375
-0.021484375 -0.0439910888671875 -0.676025390625 0.458984375
0.0808563232421875 -0.0854873657226562 -0.486419677734375 0.35198974609375
0.151458740234375 -0.0323333740234375 -0.188156127929688 0.0670166015625
0.201385498046875 -0.00543212890625 0.209274291992187 -0.094757080078125
0.130714416503906 -0.102294921875 0.534820556640625 -0.31695556640625
-0.00411987304687499 -0.0812149047851563 0.65679931640625 -0.35931396484375
-0.0390434265136719 0.0423965454101563 0.80340576171875 -0.17144775390625
0.0082855224609375 0.0788955688476562 0.77032470703125 0.02374267578125
0.0519866943359375 0.0431404113769531 0.62786865234375 0.09857177734375
0.0703353881835938 -0.00400543212890625 0.349761962890625 0.065582275390625
0.0477066040039063 -0.0131454467773438 0.0212421417236328 -0.0282554626464844
0.0538558959960938 -0.0113258361816406 -0.334564208984375 -0.125885009765625
0.0614967346191406 0.020263671875 -0.626953125 -0.10546875
0.0312919616699219 0.0535011291503906 -0.76361083984375 0.13970947265625
-0.0367431640625 0.0254631042480469 -0.6947021484375 0.37982177734375
-0.0150527954101563 -0.0637626647949219 -0.6693115234375 0.45361328125
0.111747741699219 -0.101287841796875 -0.488067626953125 0.34002685546875
0.183380126953125 -0.0260467529296875 -0.158309936523437 0.059234619140625
0.187637329101563 -0.0225830078125 0.236465454101563 -0.106491088867188
0.110191345214844 -0.104026794433594 0.52764892578125 -0.326568603515625
-0.00727462768554687 -0.0676193237304688 0.66455078125 -0.3729248046875
-0.0288314819335938 0.0489997863769531 0.81396484375 -0.21337890625
0.0144271850585937 0.0741195678710938 0.75848388671875 -0.02545166015625
0.0476188659667969 0.0354423522949219 0.5982666015625 0.06817626953125
0.0619926452636719 -0.0054931640625 0.31536865234375 0.063446044921875
0.0406074523925781 -0.0135536193847656 -0.0098419189453125 -0.0211925506591797
0.0504150390625 -0.00926589965820313 -0.36376953125 -0.130462646484375
0.0542259216308594 0.02685546875 -0.65673828125 -0.13446044921875
0.0228500366210938 0.057098388671875 -0.77655029296875 0.0988769531250001
-0.0434188842773438 0.018829345703125 -0.69146728515625 0.34698486328125
-0.00360107421875001 -0.07403564453125 -0.6671142578125 0.44000244140625
0.132392883300781 -0.0955352783203125 -0.48736572265625 0.326263427734375
0.190780639648437 -0.0095367431640625 -0.125244140625 0.06072998046875
0.157699584960938 -0.0295257568359375 0.259048461914063 -0.119110107421875
0.0809097290039063 -0.0839080810546875 0.5250244140625 -0.340576171875
-0.00762939453125 -0.0474090576171875 0.66607666015625 -0.40301513671875
-0.0158653259277344 0.0460090637207031 0.81085205078125 -0.2674560546875
0.0168266296386719 0.0597572326660156 0.7401123046875 -0.074462890625
0.0320529937744141 0.0205478668212891 0.56805419921875 0.04058837890625
0.0398025512695313 -0.0108146667480469 0.28619384765625 0.063262939453125
0.0248641967773438 -0.0155067443847656 -0.0343761444091797 -0.0138225555419922
0.0335655212402344 -0.0120468139648438 -0.3916015625 -0.14007568359375
0.0373420715332031 0.0191802978515625 -0.67828369140625 -0.1759033203125
0.00843429565429687 0.0451583862304687 -0.7904052734375 0.0433959960937499
-0.0435752868652344 0.0058441162109375 -0.693115234375 0.3057861328125
0.0105438232421875 -0.0675392150878906 -0.66680908203125 0.4248046875
0.133193969726562 -0.0743942260742188 -0.4921875 0.31146240234375
0.171051025390625 0.0046234130859375 -0.0994186401367187 0.066741943359375
-0.066375732421875 0.00377655029296876 0.15435791015625 -0.07330322265625
-0.0547103881835937 0.0577392578125 0.537200927734375 -0.343719482421875
-0.00101852416992187 0.0412750244140625 0.6116943359375 -0.44879150390625
0.0167684555053711 0.00227546691894531 0.7349853515625 -0.2305908203125
-0.0122718811035156 -0.0354957580566406 0.76947021484375 0.01708984375
-0.0638504028320313 -0.0565071105957031 0.683349609375 0.0906982421875
-0.0582923889160156 -0.0333976745605469 0.4283447265625 0.058837890625
-0.0565452575683594 -0.0236778259277344 0.093994140625 -0.0293426513671875
-0.06781005859375 -0.0403633117675781 -0.271408081054688 -0.138504028320313
-0.0567359924316406 -0.0559730529785156 -0.5828857421875 -0.11785888671875
-0.0297088623046875 -0.0504722595214844 -0.76416015625 0.12811279296875
-0.0150299072265625 -0.0403900146484375 -0.74957275390625 0.36090087890625
0.0133647918701172 0.0318927764892578 -0.69757080078125 0.40985107421875
-0.0264015197753906 0.0593795776367188 -0.483551025390625 0.34259033203125
-0.0666885375976563 0.0248527526855469 -0.199935913085937 0.08880615234375
0.00423336029052734 0.00674772262573242 0.146804809570313 -0.07403564453125
-0.00522041320800781 0.0193557739257812 0.548004150390625 -0.331878662109375
-0.0012664794921875 0.00475645065307617 0.61663818359375 -0.4354248046875
-0.000653266906738281 0.0117025375366211 0.73492431640625 -0.198486328125
-0.00785398483276367 -0.00548648834228516 0.771484375 0.05352783203125
-0.0328693389892578 -0.0334148406982422 0.69512939453125 0.11700439453125
-0.0205001831054688 -0.0258464813232422 0.43896484375 0.063934326171875
-0.0297203063964844 -0.0224990844726562 0.100669860839844 -0.0321426391601563
-0.036865234375 -0.0348091125488281 -0.26495361328125 -0.136749267578125
-0.0265655517578125 -0.0399398803710938 -0.57183837890625 -0.10150146484375
-0.0123558044433594 -0.0263938903808594 -0.7486572265625 0.155517578125
-0.0183353424072266 -0.0231075286865234 -0.7320556640625 0.38916015625
0.00324916839599609 0.0131902694702148 -0.69293212890625 0.43731689453125
-0.000658035278320313 0.0231609344482422 -0.48382568359375 0.35797119140625
-0.0121259689331055 0.00945854187011719 -0.2137451171875 0.0901641845703125
0.0756912231445313 0.0123138427734375 0.149810791015625 -0.077239990234375
0.0539970397949219 -0.0219802856445313 0.5501708984375 -0.324493408203125
0.00390434265136719 -0.0328025817871094 0.6256103515625 -0.41656494140625
-0.01904296875 0.0169506072998047 0.744384765625 -0.17596435546875
-0.00771903991699219 0.0241489410400391 0.7755126953125 0.07012939453125
-0.00347709655761719 -0.00341725349426269 0.6951904296875 0.12884521484375
0.0151576995849609 -0.0196456909179687 0.435943603515625 0.066986083984375
0.000656127929687498 -0.0197658538818359 0.096405029296875 -0.0353317260742188
-0.00795936584472656 -0.0282573699951172 -0.268692016601563 -0.13116455078125
0.005828857421875 -0.0229473114013672 -0.57427978515625 -0.08868408203125
0.00867748260498047 -0.00357866287231445 -0.74017333984375 0.177001953125
-0.0205059051513672 -0.00317764282226563 -0.71533203125 0.40936279296875
-0.00744199752807617 -0.00423526763916015 -0.68255615234375 0.45977783203125
0.0240745544433594 -0.0168590545654297 -0.48419189453125 0.365814208984375
0.044219970703125 -0.0118217468261719 -0.218612670898438 0.0894775390625
0.14215087890625 0.013641357421875 0.162506103515625 -0.08331298828125
0.100250244140625 -0.0564651489257813 0.5472412109375 -0.323638916015625
0.00481414794921874 -0.0650253295898438 0.632568359375 -0.39288330078125
-0.0343456268310547 0.0207958221435547 0.7626953125 -0.1600341796875
-0.00600051879882812 0.0513191223144531 0.77789306640625 0.0672607421875
0.0218639373779297 0.021453857421875 0.68609619140625 0.12603759765625
0.0456123352050781 -0.00978851318359375 0.41778564453125 0.068817138671875
0.025177001953125 -0.0159816741943359 0.0798110961914063 -0.035675048828125
0.022918701171875 -0.0235996246337891 -0.28155517578125 -0.1275634765625
0.0353469848632813 -0.00761795043945313 -0.58453369140625 -0.0820922851562501
0.0247154235839844 0.0173454284667969 -0.74005126953125 0.18438720703125
-0.0204219818115234 0.0136299133300781 -0.70452880859375 0.41845703125
-0.0158767700195313 -0.0220222473144531 -0.6773681640625 0.47100830078125
0.0511360168457031 -0.0586166381835938 -0.4810791015625 0.3690185546875
0.102066040039063 -0.0295181274414062 -0.2086181640625 0.078765869140625
0.183975219726562 0.0045928955078125 0.180816650390625 -0.089202880859375
0.128791809082031 -0.086761474609375 0.53729248046875 -0.322296142578125
0.00434112548828125 -0.081878662109375 0.638427734375 -0.37689208984375
-0.0396080017089844 0.03192138671875 0.78387451171875 -0.16375732421875
-0.000541687011718747 0.0726852416992188 0.77777099609375 0.04718017578125
0.042388916015625 0.0381431579589844 0.6595458984375 0.11456298828125
0.0649642944335938 -0.005340576171875 0.3868408203125 0.064788818359375
0.0415496826171875 -0.0146217346191406 0.0530319213867188 -0.0328750610351562
0.042999267578125 -0.017974853515625 -0.307647705078125 -0.12249755859375
0.0556640625 0.00873947143554688 -0.60235595703125 -0.0828857421875001
0.0356979370117187 0.0378303527832031 -0.75018310546875 0.1766357421875
-0.0270805358886719 0.0245723724365234 -0.69573974609375 0.412109375
-0.022308349609375 -0.0447006225585938 -0.66986083984375 0.47247314453125
0.07977294921875 -0.0886688232421875 -0.481597900390625 0.361114501953125
0.150634765625 -0.0372314453125 -0.186965942382813 0.070220947265625
0.20098876953125 -0.0113372802734375 0.207138061523438 -0.098236083984375
0.128173828125 -0.1048583984375 0.52838134765625 -0.325592041015625
-0.0046234130859375 -0.0825424194335938 0.65081787109375 -0.37225341796875
-0.0388031005859375 0.0429344177246094 0.8006591796875 -0.18359375
0.00976562500000001 0.0795059204101563 0.77288818359375 0.01129150390625
0.0533332824707031 0.0420188903808594 0.63189697265625 0.08905029296875
0.0710906982421875 -0.0040130615234375 0.35052490234375 0.060211181640625
0.0477981567382813 -0.012603759765625 0.0216789245605469 -0.027374267578125
0.0539283752441406 -0.0123443603515625 -0.336273193359375 -0.122467041015625
0.0628509521484375 0.0203666687011719 -0.63116455078125 -0.09661865234375
0.0331573486328125 0.0522994995117188 -0.76171875 0.1533203125
-0.0371513366699219 0.0255165100097656 -0.69036865234375 0.3924560546875
-0.0171546936035156 -0.0633468627929688 -0.66131591796875 0.4686279296875
0.110389709472656 -0.10430908203125 -0.481353759765625 0.34881591796875
0.183395385742188 -0.0301666259765625 -0.157394409179688 0.061370849609375
0.190704345703125 -0.025238037109375 0.233245849609375 -0.109954833984375
0.108062744140625 -0.105384826660156 0.5244140625 -0.334716796875
-0.00875473022460937 -0.0674896240234375 0.6590576171875 -0.38592529296875
-0.0266036987304688 0.048797607421875 0.812744140625 -0.22979736328125
0.0152664184570312 0.07586669921875 0.75897216796875 -0.037841796875
0.0494918823242188 0.0356292724609375 0.5985107421875 0.0596923828125
0.0617752075195313 -0.00614166259765625 0.3165283203125 0.057891845703125
0.042572021484375 -0.0149955749511719 -0.00976181030273437 -0.0203495025634766
0.0510139465332031 -0.00912094116210938 -0.36822509765625 -0.124664306640625
0.0557403564453125 0.0241127014160156 -0.659423828125 -0.12347412109375
0.0236015319824219 0.0559234619140625 -0.77667236328125 0.1116943359375
-0.0443572998046875 0.0187263488769531 -0.68988037109375 0.3590087890625
-0.00521850585937501 -0.074859619140625 -0.66021728515625 0.45343017578125
0.131362915039063 -0.100112915039062 -0.48431396484375 0.33563232421875
0.19256591796875 -0.01434326171875 -0.125968933105469 0.0609893798828125
0.15704345703125 -0.0341033935546875 0.257965087890625 -0.123260498046875
0.0806427001953125 -0.0857391357421875 0.51971435546875 -0.3502197265625
-0.00847244262695312 -0.0466651916503906 0.6612548828125 -0.4130859375
-0.0143699645996094 0.0465316772460937 0.810791015625 -0.2803955078125
0.0160102844238281 0.05889892578125 0.74053955078125 -0.0850830078125
0.0336208343505859 0.022003173828125 0.5704345703125 0.03387451171875
0.039886474609375 -0.0123710632324219 0.28924560546875 0.057342529296875
0.0253467559814453 -0.0180416107177734 -0.034210205078125 -0.0132579803466797
0.0335922241210938 -0.0114345550537109 -0.3946533203125 -0.134613037109375
0.0378379821777344 0.019073486328125 -0.68310546875 -0.164306640625
0.00907135009765625 0.0469131469726563 -0.7908935546875 0.0571289062500001
-0.0445022583007813 0.00695419311523438 -0.690185546875 0.31817626953125
0.0108261108398438 -0.0687789916992188 -0.6602783203125 0.43524169921875
0.13128662109375 -0.076568603515625 -0.4908447265625 0.320220947265625
0.172393798828125 0.00146484375 -0.097503662109375 0.0667495727539063
-0.0640449523925781 0.00286483764648437 0.156448364257813 -0.076324462890625
-0.0521125793457031 0.0578079223632813 0.528228759765625 -0.35406494140625
0.000778198242187498 0.0409774780273438 0.60516357421875 -0.458984375
0.0177345275878906 0.00321388244628906 0.7308349609375 -0.24395751953125
-0.0132122039794922 -0.0335330963134766 0.77069091796875 0.00238037109375
-0.0647201538085938 -0.0555839538574219 0.68389892578125 0.07861328125
-0.05572509765625 -0.0329093933105469 0.42999267578125 0.05316162109375
-0.0580177307128906 -0.0230331420898437 0.095672607421875 -0.0336074829101563
-0.0702667236328125 -0.0381317138671875 -0.273651123046875 -0.13226318359375
-0.0586776733398438 -0.05499267578125 -0.58685302734375 -0.10968017578125
-0.0321693420410156 -0.0521621704101562 -0.7618408203125 0.14373779296875
-0.0148773193359375 -0.0391654968261719 -0.74365234375 0.37457275390625
0.0126628875732422 0.0301570892333984 -0.69140625 0.42474365234375
-0.0253143310546875 0.0617103576660156 -0.479461669921875 0.352935791015625
-0.0670967102050781 0.0254096984863281 -0.198776245117188 0.0915985107421875
0.00591230392456055 0.00670289993286133 0.143844604492188 -0.0748138427734375
-0.00512123107910156 0.0174407958984375 0.540740966796875 -0.342071533203125
-0.000843524932861329 0.00512933731079101 0.60955810546875 -0.4454345703125
-0.00159549713134766 0.0105648040771484 0.73193359375 -0.21246337890625
-0.00867843627929688 -0.00408697128295899 0.77423095703125 0.040283203125
-0.0335216522216797 -0.0328483581542969 0.69671630859375 0.10546875
-0.0198898315429687 -0.0260200500488281 0.4410400390625 0.05517578125
-0.0288105010986328 -0.0198249816894531 0.103553771972656 -0.0369186401367188
-0.0408973693847656 -0.0326919555664063 -0.267227172851563 -0.132858276367188
-0.0281486511230469 -0.0402984619140625 -0.5767822265625 -0.0935058593749999
-0.0130100250244141 -0.0251312255859375 -0.7462158203125 0.1695556640625
-0.0207176208496094 -0.0212554931640625 -0.72418212890625 0.40460205078125
0.00248336791992188 0.0112361907958984 -0.6844482421875 0.44989013671875
-0.000549316406250002 0.0233917236328125 -0.4791259765625 0.3662109375
-0.0114917755126953 0.00661373138427734 -0.212814331054687 0.0934600830078125
0.0780868530273438 0.0106124877929687 0.144302368164063 -0.0811614990234375
0.0544815063476563 -0.0206985473632813 0.54376220703125 -0.335052490234375
0.00401878356933594 -0.0332279205322266 0.6185302734375 -0.427734375
-0.0206680297851563 0.0160160064697266 0.739501953125 -0.18621826171875
-0.00740623474121093 0.0237369537353516 0.777587890625 0.0565185546875
-0.00434994697570801 -0.00321507453918457 0.699462890625 0.11749267578125
0.0144748687744141 -0.0170955657958984 0.436553955078125 0.060638427734375
-0.000219345092773437 -0.0193424224853516 0.0964202880859375 -0.03741455078125
-0.00658035278320313 -0.02789306640625 -0.27142333984375 -0.128021240234375
0.00550460815429687 -0.023193359375 -0.57537841796875 -0.0803833007812501
0.00795936584472656 -0.00372314453125 -0.737060546875 0.1881103515625
-0.0205039978027344 -0.00393867492675781 -0.70953369140625 0.42193603515625
-0.0074915885925293 -0.00365066528320313 -0.67547607421875 0.471435546875
0.0232353210449219 -0.0193424224853516 -0.479248046875 0.374908447265625
0.0438079833984375 -0.0143280029296875 -0.215179443359375 0.09033203125
0.141830444335938 0.011260986328125 0.159454345703125 -0.0831146240234375
0.101104736328125 -0.0596084594726563 0.538238525390625 -0.332183837890625
0.00385665893554688 -0.0645675659179688 0.62384033203125 -0.4061279296875
-0.0320053100585938 0.0232028961181641 0.7603759765625 -0.17578125
-0.00635528564453125 0.0520210266113281 0.78045654296875 0.0567626953125
0.0231475830078125 0.0197353363037109 0.687255859375 0.117431640625
0.0451850891113281 -0.0108375549316406 0.419464111328125 0.0601806640625
0.0240802764892578 -0.0181999206542969 0.0816802978515625 -0.0352020263671875
0.0238761901855469 -0.0217666625976563 -0.283660888671875 -0.12176513671875
0.0342330932617188 -0.00929832458496094 -0.5853271484375 -0.07452392578125
0.0246906280517578 0.0195980072021484 -0.73785400390625 0.19781494140625
-0.0193386077880859 0.0131359100341797 -0.69659423828125 0.43231201171875
-0.0170497894287109 -0.0210304260253906 -0.6693115234375 0.484130859375
0.0482597351074219 -0.0591888427734375 -0.47894287109375 0.376190185546875
0.100944519042969 -0.0322265625 -0.206985473632813 0.0836181640625
0.184707641601563 0.0011749267578125 0.181686401367188 -0.0918426513671875
0.128150939941406 -0.091033935546875 0.530303955078125 -0.332366943359375
0.00160217285156251 -0.0819854736328125 0.633544921875 -0.38909912109375
-0.0413551330566406 0.0331497192382813 0.7821044921875 -0.17730712890625
0.0025482177734375 0.0726470947265625 0.77899169921875 0.03582763671875
0.04559326171875 0.0385398864746094 0.66217041015625 0.10345458984375
0.0643882751464844 -0.00637435913085938 0.38763427734375 0.057464599609375
0.0426025390625 -0.0149688720703125 0.0537643432617188 -0.0338897705078125
0.0414047241210938 -0.0172767639160156 -0.30865478515625 -0.11773681640625
0.053985595703125 0.00672531127929688 -0.60565185546875 -0.072509765625
0.0368614196777344 0.0368881225585938 -0.74688720703125 0.18988037109375
-0.0279788970947266 0.0256557464599609 -0.69012451171875 0.42547607421875
-0.0215263366699219 -0.0429496765136719 -0.66180419921875 0.48663330078125
0.0795440673828125 -0.0904998779296875 -0.47796630859375 0.370574951171875
0.150680541992188 -0.0399169921875 -0.188552856445313 0.0718231201171875
0.201873779296875 -0.013763427734375 0.20404052734375 -0.101638793945312
0.127838134765625 -0.108795166015625 0.52032470703125 -0.33526611328125
-0.006103515625 -0.0817413330078125 0.64276123046875 -0.38397216796875
-0.0362434387207031 0.0446548461914063 0.80096435546875 -0.19976806640625
0.009552001953125 0.0803909301757813 0.77227783203125 -0.00274658203125
0.0530052185058594 0.0430908203125 0.6314697265625 0.08050537109375
0.0720977783203125 -0.005462646484375 0.35211181640625 0.056640625
0.049102783203125 -0.0151824951171875 0.0227165222167969 -0.0277805328369141
0.0539665222167969 -0.0120887756347656 -0.3406982421875 -0.11572265625
0.0632476806640625 0.0178451538085938 -0.63360595703125 -0.0847167968750001
0.0354270935058594 0.0518302917480469 -0.76007080078125 0.1678466796875
-0.0371627807617187 0.0267105102539063 -0.68463134765625 0.4049072265625
-0.0167083740234375 -0.0626792907714844 -0.65521240234375 0.47955322265625
0.108024597167969 -0.108299255371094 -0.476287841796875 0.3565673828125
0.185150146484375 -0.03338623046875 -0.158950805664063 0.063568115234375
0.1905517578125 -0.02984619140625 0.231765747070313 -0.113052368164063
0.106857299804688 -0.108406066894531 0.516387939453125 -0.344207763671875
-0.0115242004394531 -0.0679550170898437 0.650634765625 -0.39849853515625
-0.0255966186523437 0.0504150390625 0.80950927734375 -0.244384765625
0.0174026489257813 0.0742645263671875 0.7593994140625 -0.049560546875
0.0509986877441406 0.0337066650390625 0.60015869140625 0.051513671875
0.0628509521484375 -0.00709915161132813 0.3172607421875 0.05328369140625
0.0414276123046875 -0.0142288208007813 -0.00922966003417969 -0.0202217102050781
0.0511550903320313 -0.0104789733886719 -0.3719482421875 -0.118621826171875
0.0558280944824219 0.0237274169921875 -0.6646728515625 -0.11541748046875
0.025146484375 0.0561256408691406 -0.77789306640625 0.1243896484375
-0.0436248779296875 0.0185279846191406 -0.68389892578125 0.37237548828125
-0.00615692138671875 -0.0733871459960937 -0.65240478515625 0.466064453125
0.130485534667969 -0.103935241699219 -0.479827880859375 0.344024658203125
0.191680908203125 -0.0173797607421875 -0.124534606933594 0.061981201171875
0.155593872070313 -0.0364837646484375 0.252822875976563 -0.1275634765625
0.077911376953125 -0.0891036987304688 0.51141357421875 -0.3583984375
-0.00962448120117187 -0.0480804443359375 0.65106201171875 -0.4263916015625
-0.0118408203125 0.0464019775390625 0.80316162109375 -0.296142578125
0.0186500549316406 0.0601692199707031 0.7392578125 -0.099365234375
0.034088134765625 0.0205307006835937 0.5693359375 0.02398681640625
0.0405502319335938 -0.0121002197265625 0.290313720703125 0.05340576171875
0.0254878997802734 -0.0168380737304688 -0.0338191986083984 -0.0128269195556641
0.0324649810791016 -0.00908470153808594 -0.396820068359375 -0.12872314453125
0.0384178161621094 0.0197296142578125 -0.6873779296875 -0.15386962890625
0.0115699768066406 0.045989990234375 -0.7928466796875 0.06964111328125
-0.0445899963378906 0.00610733032226563 -0.68359375 0.3331298828125
0.00953674316406251 -0.067474365234375 -0.65460205078125 0.44891357421875
0.130363464355469 -0.0803070068359375 -0.4881591796875 0.32989501953125
0.173019409179688 -0.001220703125 -0.0956573486328125 0.0695571899414063
-0.0639991760253906 0.00399780273437501 0.1513671875 -0.0785064697265625
-0.0529212951660156 0.0598869323730469 0.52130126953125 -0.360595703125
0.000984191894531249 0.0402259826660156 0.5909423828125 -0.46734619140625
0.0137081146240234 0.00270652770996094 0.7230224609375 -0.25579833984375
-0.0133419036865234 -0.0330238342285156 0.76849365234375 -0.00933837890625
-0.0673255920410156 -0.0549964904785156 0.685546875 0.06829833984375
-0.0573806762695313 -0.0304946899414062 0.429107666015625 0.042327880859375
-0.0576248168945313 -0.0205726623535156 0.09490966796875 -0.0341033935546875
-0.0714111328125 -0.03729248046875 -0.276199340820313 -0.128982543945312
-0.0624885559082031 -0.0530014038085937 -0.58404541015625 -0.0974731445312501
-0.0337677001953125 -0.0524635314941406 -0.7591552734375 0.15478515625
-0.0172386169433594 -0.0387458801269531 -0.73712158203125 0.39031982421875
0.0145187377929688 0.0321025848388672 -0.6829833984375 0.43609619140625
-0.0225334167480469 0.0622177124023438 -0.474090576171875 0.3602294921875
-0.0665626525878906 0.0257186889648437 -0.197158813476562 0.0947418212890625
0.00262975692749023 0.00815963745117187 0.142547607421875 -0.077178955078125
-0.00404739379882813 0.0178775787353516 0.5330810546875 -0.350250244140625
-0.00115823745727539 0.00696563720703125 0.59814453125 -0.45556640625
-0.000660896301269532 0.00983238220214844 0.72784423828125 -0.22442626953125
-0.00800561904907227 -0.00572776794433594 0.77081298828125 0.0264892578125
-0.0365867614746094 -0.0323104858398438 0.6982421875 0.09405517578125
-0.0211544036865234 -0.0258159637451172 0.440673828125 0.049224853515625
-0.0299301147460937 -0.0194168090820312 0.101287841796875 -0.037567138671875
-0.0403099060058594 -0.0307159423828125 -0.268722534179688 -0.129150390625
-0.029388427734375 -0.0382766723632813 -0.5760498046875 -0.0820312500000001
-0.0155200958251953 -0.0286445617675781 -0.74102783203125 0.182373046875
-0.019989013671875 -0.0221710205078125 -0.71783447265625 0.417724609375
0.00330257415771484 0.013946533203125 -0.67340087890625 0.4619140625
0.0017242431640625 0.0234375 -0.473876953125 0.370697021484375
-0.0144615173339844 0.00813770294189453 -0.211669921875 0.0981292724609376
0.0769577026367188 0.009521484375 0.145309448242188 -0.0814361572265625
0.05291748046875 -0.0226669311523438 0.534942626953125 -0.342620849609375
0.0022125244140625 -0.0327301025390625 0.60601806640625 -0.4385986328125
-0.0181961059570313 0.0157947540283203 0.73553466796875 -0.20098876953125
-0.00663375854492187 0.0247154235839844 0.77728271484375 0.04498291015625
-0.0025172233581543 -0.00400686264038086 0.69927978515625 0.1077880859375
0.0154151916503906 -0.0175762176513672 0.437652587890625 0.050994873046875
0.000270843505859375 -0.0194816589355469 0.098419189453125 -0.0399017333984375
-0.00678253173828125 -0.0283374786376953 -0.271286010742188 -0.125778198242188
0.00346565246582031 -0.0227508544921875 -0.57647705078125 -0.07183837890625
0.00684881210327148 -0.00471258163452149 -0.73388671875 0.20196533203125
-0.0194683074951172 -0.000913619995117186 -0.7001953125 0.43817138671875
-0.00706672668457031 -0.00194549560546875 -0.66583251953125 0.4849853515625
0.0233383178710938 -0.0190563201904297 -0.471221923828125 0.382415771484375
0.0448417663574219 -0.0166702270507813 -0.2139892578125 0.0951690673828125
0.140625 0.0083770751953125 0.156417846679688 -0.084930419921875
0.0991744995117188 -0.0617141723632813 0.531005859375 -0.33880615234375
0.0037384033203125 -0.0648422241210937 0.616943359375 -0.4168701171875
-0.0336341857910156 0.023162841796875 0.75714111328125 -0.1873779296875
-0.00371551513671875 0.0507965087890625 0.77923583984375 0.04559326171875
0.0238265991210938 0.0235252380371094 0.6888427734375 0.1060791015625
0.0463790893554688 -0.00999069213867188 0.41900634765625 0.05206298828125
0.0244312286376953 -0.0178756713867188 0.0814437866210938 -0.038055419921875
0.0208263397216797 -0.02227783203125 -0.287841796875 -0.11749267578125
0.0340042114257813 -0.00799369812011719 -0.58587646484375 -0.0638427734375001
0.0256481170654297 0.0172348022460938 -0.734619140625 0.2103271484375
-0.0216178894042969 0.0146598815917969 -0.6873779296875 0.4437255859375
-0.0166721343994141 -0.0208339691162109 -0.656494140625 0.49603271484375
0.0493354797363281 -0.0601997375488281 -0.46905517578125 0.384368896484375
0.100311279296875 -0.0345458984375 -0.2049560546875 0.08465576171875
0.185012817382812 -0.001678466796875 0.177658081054688 -0.0938568115234375
0.124649047851563 -0.0928726196289063 0.5228271484375 -0.342071533203125
-0.00273132324218751 -0.0818939208984375 0.62359619140625 -0.3994140625
-0.0389862060546875 0.0340538024902344 0.77691650390625 -0.18927001953125
0.0031890869140625 0.0723419189453125 0.7757568359375 0.0225830078125
0.0432395935058594 0.0365486145019531 0.66473388671875 0.09271240234375
0.06549072265625 -0.00616455078125 0.388916015625 0.0499267578125
0.0412025451660156 -0.016510009765625 0.0537376403808594 -0.0346603393554688
0.0411720275878906 -0.0181350708007813 -0.310546875 -0.114776611328125
0.0542640686035156 0.00474166870117188 -0.60552978515625 -0.06414794921875
0.0365219116210938 0.0372314453125 -0.7420654296875 0.203369140625
-0.0255374908447266 0.0254611968994141 -0.67974853515625 0.4384765625
-0.0210380554199219 -0.0421371459960938 -0.6484375 0.49761962890625
0.0780258178710938 -0.0927658081054688 -0.46875 0.37701416015625
0.150436401367188 -0.04443359375 -0.186080932617188 0.07501220703125
0.202728271484375 -0.01824951171875 0.203659057617187 -0.104629516601562
0.124549865722656 -0.109352111816406 0.513946533203125 -0.344390869140625
-0.00766754150390626 -0.0806427001953125 0.63555908203125 -0.3951416015625
-0.0366592407226562 0.0464668273925781 0.79376220703125 -0.2108154296875
0.0140838623046875 0.081329345703125 0.770263671875 -0.01513671875
0.0547409057617188 0.041839599609375 0.63140869140625 0.070556640625
0.0717544555664063 -0.00656890869140625 0.350921630859375 0.04876708984375
0.0472068786621094 -0.0154647827148438 0.0227031707763672 -0.0283927917480469
0.0541648864746094 -0.0126800537109375 -0.3408203125 -0.111663818359375
0.0638809204101563 0.0204582214355469 -0.6337890625 -0.0736083984374999
0.0357513427734375 0.0502777099609375 -0.7564697265625 0.17962646484375
-0.0350208282470703 0.0283527374267578 -0.676513671875 0.41796875
-0.0182647705078125 -0.0611343383789063 -0.644287109375 0.49188232421875
0.107986450195313 -0.108627319335938 -0.469879150390625 0.366668701171875
0.183837890625 -0.036712646484375 -0.157821655273438 0.065826416015625
0.189529418945313 -0.0324554443359375 0.2291259765625 -0.11767578125
0.105796813964844 -0.10931396484375 0.509674072265625 -0.35418701171875
-0.0134010314941406 -0.0668869018554688 0.64263916015625 -0.40802001953125
-0.0274848937988281 0.0514564514160156 0.80169677734375 -0.2587890625
0.0176849365234375 0.076019287109375 0.7548828125 -0.06353759765625
0.0517425537109375 0.0339508056640625 0.60003662109375 0.04254150390625
0.0625877380371094 -0.00742340087890625 0.31756591796875 0.048919677734375
0.0409622192382813 -0.0162353515625 -0.00788497924804687 -0.0208206176757813
0.0498542785644531 -0.0100975036621094 -0.373321533203125 -0.113861083984375
0.0573806762695312 0.0247001647949219 -0.6634521484375 -0.1015625
0.0251922607421875 0.0541229248046875 -0.7738037109375 0.1409912109375
-0.0450553894042969 0.0213546752929688 -0.67694091796875 0.38482666015625
-0.00644683837890625 -0.0715255737304688 -0.64251708984375 0.4779052734375
0.128578186035156 -0.105499267578125 -0.473358154296875 0.350250244140625
0.19195556640625 -0.0233306884765625 -0.125167846679688 0.0646133422851563
0.155426025390625 -0.041748046875 0.252212524414063 -0.13140869140625
0.0812225341796875 -0.0895309448242188 0.503326416015625 -0.366058349609375
-0.00936508178710938 -0.0451927185058594 0.64111328125 -0.4359130859375
-0.0118484497070313 0.0490798950195313 0.7977294921875 -0.30828857421875
0.0182876586914062 0.0581169128417969 0.7374267578125 -0.11077880859375
0.0343532562255859 0.0206165313720703 0.56781005859375 0.015380859375
0.0413093566894531 -0.0112037658691406 0.288665771484375 0.050048828125
0.0257415771484375 -0.0173358917236328 -0.0337238311767578 -0.0139656066894531
0.0328788757324219 -0.0110397338867188 -0.401458740234375 -0.122039794921875
0.0382118225097656 0.0181617736816406 -0.68988037109375 -0.13934326171875
0.0134353637695312 0.0471687316894531 -0.79132080078125 0.0841064453125001
-0.0433082580566406 0.0092010498046875 -0.677001953125 0.34332275390625
0.00952529907226562 -0.0680732727050781 -0.642578125 0.4613037109375
0.130043029785156 -0.0831527709960938 -0.48223876953125 0.339752197265625
0.171218872070313 -0.0059051513671875 -0.0961456298828125 0.069488525390625
-0.0669937133789063 0.00419998168945313 0.150177001953125 -0.0797882080078125
-0.0514717102050781 0.0604820251464844 0.512176513671875 -0.367919921875
0.00372695922851563 0.0397262573242188 0.58319091796875 -0.47747802734375
0.0171899795532227 0.00246906280517578 0.718017578125 -0.26690673828125
-0.0141448974609375 -0.0355873107910156 0.7628173828125 -0.02301025390625
-0.0679244995117188 -0.0526618957519531 0.68292236328125 0.05657958984375
-0.0584449768066406 -0.028045654296875 0.426422119140625 0.035125732421875
-0.056640625 -0.0173988342285156 0.093994140625 -0.036590576171875
-0.0733642578125 -0.0334625244140625 -0.278045654296875 -0.124252319335938
-0.0601615905761719 -0.0514602661132813 -0.58624267578125 -0.0881347656249999
-0.0340919494628906 -0.0509567260742188 -0.75506591796875 0.169189453125
-0.0174751281738281 -0.0390167236328125 -0.72747802734375 0.401611328125
0.0176906585693359 0.0302543640136719 -0.67071533203125 0.447509765625
-0.0203094482421875 0.062103271484375 -0.46435546875 0.36346435546875
-0.0645370483398438 0.0265769958496094 -0.194580078125 0.0969390869140625
0.00452852249145508 0.00630998611450195 0.139251708984375 -0.0800552368164063
-0.00402641296386719 0.0180721282958984 0.521209716796875 -0.35784912109375
-0.00115346908569336 0.00600814819335938 0.5849609375 -0.46343994140625
-0.000715255737304688 0.0099945068359375 0.72003173828125 -0.23626708984375
-0.0106916427612305 -0.00469684600830078 0.76995849609375 0.01611328125
-0.0337295532226563 -0.0320816040039063 0.6971435546875 0.08416748046875
-0.0221691131591797 -0.0232257843017578 0.439605712890625 0.040985107421875
-0.0283317565917969 -0.0157432556152344 0.102134704589844 -0.0403213500976563
-0.0408706665039063 -0.0293006896972656 -0.268600463867188 -0.1224365234375
-0.0298423767089844 -0.0361557006835937 -0.57293701171875 -0.07257080078125
-0.0162582397460938 -0.0277099609375 -0.7362060546875 0.1966552734375
-0.0202388763427734 -0.0209674835205078 -0.70556640625 0.42926025390625
0.00475978851318359 0.0134420394897461 -0.6634521484375 0.4722900390625
0.00183868408203125 0.0242671966552734 -0.464080810546875 0.38336181640625
-0.0117778778076172 0.0106821060180664 -0.208419799804687 0.09930419921875
0.0754470825195313 0.0077362060546875 0.140472412109375 -0.081146240234375
0.05206298828125 -0.0237579345703125 0.528106689453125 -0.351226806640625
0.00208663940429688 -0.0323486328125 0.5958251953125 -0.44818115234375
-0.0175533294677734 0.0162220001220703 0.73028564453125 -0.21075439453125
-0.00598526000976562 0.0244808197021484 0.7740478515625 0.03167724609375
-0.00365138053894043 -0.00350546836853027 0.7008056640625 0.09735107421875
0.0141010284423828 -0.0194511413574219 0.4365234375 0.04437255859375
0.000577926635742186 -0.0173158645629883 0.0982589721679687 -0.043060302734375
-0.00744247436523438 -0.0253067016601563 -0.2725830078125 -0.120086669921875
0.00377273559570313 -0.0224151611328125 -0.574462890625 -0.0606079101562501
0.00583505630493164 -0.00616216659545899 -0.7257080078125 0.21319580078125
-0.01910400390625 -0.00357818603515625 -0.6912841796875 0.4483642578125
-0.0049586296081543 -0.00227928161621094 -0.6529541015625 0.4942626953125
0.0248394012451172 -0.0203685760498047 -0.462677001953125 0.38946533203125
0.0456504821777344 -0.0159835815429688 -0.213836669921875 0.098358154296875
0.141860961914063 0.0045928955078125 0.153961181640625 -0.0881805419921875
0.09735107421875 -0.0607070922851563 0.522186279296875 -0.3482666015625
0.00167083740234375 -0.0662765502929688 0.6043701171875 -0.42437744140625
-0.0337810516357422 0.0242252349853516 0.747802734375 -0.20062255859375
-0.00250625610351563 0.0524711608886719 0.7763671875 0.03155517578125
0.0248298645019531 0.0217952728271484 0.685791015625 0.09454345703125
0.0463409423828125 -0.0116615295410156 0.41998291015625 0.04644775390625
0.0250377655029297 -0.0160446166992188 0.0813064575195313 -0.0398406982421875
0.0198001861572266 -0.0219249725341797 -0.287017822265625 -0.114654541015625
0.0337429046630859 -0.00676536560058594 -0.58453369140625 -0.0540771484374999
0.0269050598144531 0.0171871185302734 -0.72833251953125 0.22393798828125
-0.0209445953369141 0.0150432586669922 -0.67724609375 0.45697021484375
-0.0173912048339844 -0.0199604034423828 -0.64501953125 0.507080078125
0.0491981506347656 -0.0625686645507813 -0.461883544921875 0.3914794921875
0.100120544433594 -0.0377349853515625 -0.206619262695313 0.08966064453125
0.184921264648438 -0.0064697265625 0.173629760742188 -0.0971221923828125
0.122146606445313 -0.0950164794921875 0.513153076171875 -0.345428466796875
-0.00107574462890625 -0.0823211669921875 0.61492919921875 -0.40869140625
-0.0407638549804688 0.0363121032714844 0.77008056640625 -0.20233154296875
0.00303649902343749 0.071136474609375 0.7742919921875 0.01141357421875
0.0442085266113281 0.0357017517089844 0.66180419921875 0.0816650390625
0.0671577453613281 -0.0077667236328125 0.3887939453125 0.04400634765625
0.0416259765625 -0.0157470703125 0.0544166564941406 -0.0355072021484375
0.0413932800292969 -0.0177497863769531 -0.312255859375 -0.1080322265625
0.0548057556152344 0.0052947998046875 -0.6087646484375 -0.0520629882812501
0.0381088256835938 0.0344734191894531 -0.7349853515625 0.2152099609375
-0.0268039703369141 0.0275974273681641 -0.6695556640625 0.44915771484375
-0.0221481323242188 -0.0405769348144531 -0.63702392578125 0.509033203125
0.0775527954101563 -0.094757080078125 -0.46343994140625 0.385284423828125
0.14923095703125 -0.04718017578125 -0.186141967773438 0.07781982421875
0.201919555664063 -0.0222625732421875 0.20013427734375 -0.107177734375
0.121940612792969 -0.112754821777344 0.504791259765625 -0.35009765625
-0.0087738037109375 -0.0812454223632812 0.62481689453125 -0.406005859375
-0.0361137390136719 0.0466346740722656 0.79071044921875 -0.2259521484375
0.0128097534179688 0.07989501953125 0.76806640625 -0.02471923828125
0.0552215576171875 0.0392341613769531 0.63055419921875 0.05877685546875
0.0701522827148438 -0.00716400146484375 0.352569580078125 0.042572021484375
0.0463333129882813 -0.0160675048828125 0.0240287780761719 -0.0292778015136719
0.053497314453125 -0.0139198303222656 -0.342529296875 -0.104888916015625
0.0623016357421875 0.016815185546875 -0.63372802734375 -0.0651855468750001
0.0374755859375 0.0491828918457031 -0.751708984375 0.19317626953125
-0.0359306335449219 0.0289268493652344 -0.665283203125 0.42730712890625
-0.0194778442382812 -0.0615692138671875 -0.6328125 0.50225830078125
0.106361389160156 -0.111595153808594 -0.4627685546875 0.374053955078125
0.182785034179688 -0.041412353515625 -0.1563720703125 0.0691375732421875
0.18975830078125 -0.0370330810546875 0.22442626953125 -0.118576049804688
0.1024169921875 -0.113273620605469 0.4990234375 -0.357940673828125
-0.0122795104980469 -0.0657730102539063 0.63214111328125 -0.4166259765625
-0.0247459411621094 0.05224609375 0.79534912109375 -0.27044677734375
0.0191650390625 0.0730514526367188 0.75115966796875 -0.07159423828125
0.0507278442382813 0.0343742370605469 0.59820556640625 0.032958984375
0.0628509521484375 -0.00923919677734375 0.31884765625 0.04168701171875
0.042816162109375 -0.0166397094726562 -0.00944328308105469 -0.0204792022705078
0.0503005981445313 -0.0100631713867188 -0.37347412109375 -0.106689453125
0.0578536987304688 0.0218696594238281 -0.6624755859375 -0.0902709960937501
0.0278511047363281 0.0547828674316406 -0.77197265625 0.15069580078125
-0.0439643859863281 0.022369384765625 -0.66534423828125 0.39471435546875
-0.00833892822265624 -0.0729904174804687 -0.6309814453125 0.4884033203125
0.126472473144531 -0.108917236328125 -0.46600341796875 0.35845947265625
0.190673828125 -0.027313232421875 -0.123085021972656 0.0667877197265625
0.15374755859375 -0.044586181640625 0.248519897460938 -0.13427734375
0.0754776000976563 -0.0912246704101563 0.493072509765625 -0.374237060546875
-0.0122261047363281 -0.0442085266113281 0.6317138671875 -0.44500732421875
-0.0106430053710937 0.0492172241210938 0.78680419921875 -0.32135009765625
0.0206222534179687 0.0581436157226563 0.7286376953125 -0.1229248046875
0.0355262756347656 0.0203361511230469 0.56695556640625 0.00885009765625
0.0418968200683594 -0.0105628967285156 0.28961181640625 0.043731689453125
0.0269908905029297 -0.0171279907226563 -0.0339241027832031 -0.0130405426025391
0.0344600677490234 -0.00917243957519531 -0.39923095703125 -0.11419677734375
0.0378303527832031 0.0180816650390625 -0.6888427734375 -0.1282958984375
0.0131759643554687 0.0440940856933594 -0.78826904296875 0.0965576171875
-0.0459060668945313 0.00825881958007813 -0.668212890625 0.3560791015625
0.00716018676757813 -0.0672073364257813 -0.62994384765625 0.47015380859375
0.128829956054688 -0.08538818359375 -0.474517822265625 0.34649658203125
0.171051025390625 -0.0108184814453125 -0.0943832397460937 0.0688629150390625
-0.0653724670410156 0.00528717041015625 0.146942138671875 -0.0801849365234375
-0.049957275390625 0.0603218078613281 0.501953125 -0.373504638671875
0.0032196044921875 0.0407295227050781 0.56787109375 -0.4840087890625
0.014887809753418 0.00182914733886719 0.709228515625 -0.277099609375
-0.0141468048095703 -0.0318126678466797 0.75830078125 -0.03289794921875
-0.067535400390625 -0.05035400390625 0.67938232421875 0.04742431640625
-0.0582389831542969 -0.0252037048339844 0.428375244140625 0.0283203125
-0.05712890625 -0.0161933898925781 0.09320068359375 -0.03778076171875
-0.0727615356445313 -0.0310134887695312 -0.275970458984375 -0.119277954101563
-0.0637969970703125 -0.0475311279296875 -0.5826416015625 -0.0774536132812499
-0.0339393615722656 -0.0506515502929687 -0.74609375 0.17987060546875
-0.0179595947265625 -0.0379981994628906 -0.715087890625 0.41064453125
0.0151615142822266 0.0308170318603516 -0.65740966796875 0.454833984375
-0.0191535949707031 0.0625839233398438 -0.457122802734375 0.371124267578125
-0.0658493041992188 0.028350830078125 -0.193222045898438 0.099578857421875
0.000553131103515625 0.00435805320739746 0.137886047363281 -0.0795364379882813
-0.00385189056396484 0.0165538787841797 0.513214111328125 -0.364227294921875
-0.00122451782226563 0.00589704513549805 0.57489013671875 -0.47186279296875
-0.000690460205078124 0.00939559936523438 0.71258544921875 -0.24639892578125
-0.00863838195800781 -0.00649166107177735 0.7650146484375 0.0020751953125
-0.0346221923828125 -0.0288772583007813 0.6925048828125 0.07366943359375
-0.0222225189208984 -0.0237998962402344 0.4388427734375 0.03228759765625
-0.0294227600097656 -0.0171966552734375 0.100662231445312 -0.0437088012695312
-0.0415878295898438 -0.0258865356445313 -0.2698974609375 -0.119049072265625
-0.0314140319824219 -0.0350570678710938 -0.57354736328125 -0.06402587890625
-0.0145111083984375 -0.0293693542480469 -0.7288818359375 0.20806884765625
-0.0205020904541016 -0.0210647583007813 -0.69622802734375 0.43817138671875
0.00495147705078125 0.0131702423095703 -0.6517333984375 0.48040771484375
0.0022735595703125 0.0233383178710937 -0.457275390625 0.385162353515625
-0.0125303268432617 0.00759792327880859 -0.2073974609375 0.103424072265625
0.0756149291992188 0.00762939453125 0.137664794921875 -0.0844879150390625
0.0499496459960938 -0.0252151489257813 0.517333984375 -0.358123779296875
0.000249862670898437 -0.0327091217041016 0.5823974609375 -0.4539794921875
-0.019317626953125 0.0167255401611328 0.7215576171875 -0.22235107421875
-0.00718307495117188 0.0254936218261719 0.76959228515625 0.01983642578125
-0.00397682189941406 -0.00168490409851074 0.69683837890625 0.08721923828125
0.0144376754760742 -0.0157966613769531 0.436004638671875 0.03656005859375
-0.000167846679687499 -0.0181789398193359 0.097686767578125 -0.0438613891601563
-0.00804901123046875 -0.0242118835449219 -0.27264404296875 -0.1146240234375
0.00321578979492188 -0.0215663909912109 -0.57269287109375 -0.0522460937500001
0.00658845901489258 -0.00611734390258789 -0.72021484375 0.224609375
-0.0210399627685547 -0.000169754028320313 -0.677490234375 0.4569091796875
-0.00475168228149414 -0.003265380859375 -0.64208984375 0.50384521484375
0.0254402160644531 -0.021240234375 -0.454833984375 0.395782470703125
0.0440864562988281 -0.0192222595214844 -0.209747314453125 0.1016845703125
0.140411376953125 0.00273895263671875 0.1531982421875 -0.0894775390625
0.096405029296875 -0.0646438598632813 0.512420654296875 -0.353424072265625
0.00149154663085937 -0.0654983520507813 0.59228515625 -0.4339599609375
-0.0319099426269531 0.0235500335693359 0.73895263671875 -0.20751953125
-0.00300216674804687 0.0511589050292969 0.77099609375 0.02105712890625
0.0246067047119141 0.0195350646972656 0.683349609375 0.085693359375
0.0446968078613281 -0.0120620727539063 0.417724609375 0.036956787109375
0.0239315032958984 -0.015899658203125 0.0806198120117188 -0.0422286987304688
0.0199508666992187 -0.0214042663574219 -0.28851318359375 -0.109222412109375
0.0342903137207031 -0.00819587707519531 -0.5814208984375 -0.044189453125
0.0267581939697266 0.0144805908203125 -0.71875 0.2318115234375
-0.0193862915039063 0.0151042938232422 -0.664306640625 0.467041015625
-0.0153942108154297 -0.0199527740478516 -0.63079833984375 0.515380859375
0.0491447448730469 -0.0622367858886719 -0.45269775390625 0.39727783203125
0.0990447998046875 -0.0405044555664063 -0.203353881835938 0.0921478271484376
0.183609008789063 -0.0099029541015625 0.170242309570313 -0.0971832275390625
0.122261047363281 -0.0959320068359375 0.502288818359375 -0.353057861328125
-0.004241943359375 -0.0811920166015625 0.602294921875 -0.41424560546875
-0.0382919311523438 0.0372276306152344 0.7611083984375 -0.21588134765625
0.00647735595703125 0.0722579956054688 0.7685546875 -0.000915527343749995
0.0455780029296875 0.036224365234375 0.6575927734375 0.0711669921875
0.0668601989746094 -0.0107803344726563 0.387115478515625 0.037017822265625
0.04046630859375 -0.0147552490234375 0.0547943115234375 -0.0375442504882813
0.0425987243652344 -0.0176506042480469 -0.31097412109375 -0.10400390625
0.0558395385742187 0.00403976440429687 -0.60345458984375 -0.0430297851562501
0.0383834838867188 0.0344123840332031 -0.72772216796875 0.2249755859375
-0.0258255004882813 0.0271358489990234 -0.65673828125 0.4578857421875
-0.0206260681152344 -0.0414924621582031 -0.62249755859375 0.51739501953125
0.0766143798828125 -0.0960464477539063 -0.45391845703125 0.39044189453125
0.147354125976562 -0.05010986328125 -0.183975219726563 0.0795440673828125
0.201400756835938 -0.026458740234375 0.19708251953125 -0.109649658203125
0.120521545410156 -0.114433288574219 0.49346923828125 -0.354339599609375
-0.0105056762695313 -0.0801239013671875 0.61029052734375 -0.4107666015625
-0.0345726013183594 0.04779052734375 0.78033447265625 -0.23736572265625
0.0142974853515625 0.0796432495117187 0.76123046875 -0.0401611328125
0.0554580688476563 0.0387611389160156 0.624755859375 0.05059814453125
0.0726699829101563 -0.00890350341796875 0.350677490234375 0.036712646484375
0.0484619140625 -0.0161399841308594 0.0236396789550781 -0.0299320220947266
0.05316162109375 -0.0134963989257813 -0.341796875 -0.0992431640625
0.0631027221679688 0.0149345397949219 -0.630859375 -0.0538330078124999
0.0378608703613281 0.048736572265625 -0.74432373046875 0.20379638671875
-0.0351676940917969 0.0304794311523438 -0.65496826171875 0.43634033203125
-0.019378662109375 -0.0608024597167969 -0.618896484375 0.5074462890625
0.103157043457031 -0.113113403320313 -0.455596923828125 0.378082275390625
0.180587768554688 -0.0468597412109375 -0.154327392578125 0.0722198486328125
0.187698364257813 -0.0418701171875 0.223953247070313 -0.121963500976563
0.100906372070313 -0.113349914550781 0.488739013671875 -0.36407470703125
-0.0144386291503906 -0.0647773742675781 0.620361328125 -0.42584228515625
-0.023834228515625 0.0519256591796875 0.78582763671875 -0.28204345703125
0.0204925537109375 0.0743408203125 0.7440185546875 -0.08453369140625
0.0519676208496094 0.0320701599121094 0.5928955078125 0.02410888671875
0.0624160766601562 -0.0101318359375 0.316619873046875 0.0369873046875
0.0429420471191406 -0.0165443420410156 -0.00813102722167968 -0.0211849212646484
0.0505867004394531 -0.0122947692871094 -0.37237548828125 -0.100738525390625
0.0571708679199219 0.0221710205078125 -0.6611328125 -0.0800170898437499
0.0268936157226562 0.052734375 -0.7630615234375 0.162841796875
-0.04315185546875 0.0236396789550781 -0.6558837890625 0.40350341796875
-0.00986480712890626 -0.072052001953125 -0.61553955078125 0.49566650390625
0.126205444335938 -0.111541748046875 -0.457794189453125 0.3643798828125
0.190109252929688 -0.03216552734375 -0.122001647949219 0.068084716796875
0.152359008789063 -0.04730224609375 0.245437622070313 -0.137924194335938
0.0742568969726563 -0.0930023193359375 0.4837646484375 -0.379913330078125
-0.0126686096191406 -0.0433502197265625 0.6192626953125 -0.4537353515625
-0.0107612609863281 0.0469932556152344 0.77880859375 -0.33349609375
0.0218658447265625 0.058746337890625 0.72247314453125 -0.13214111328125
0.0337047576904297 0.0192241668701172 0.562286376953125 -9.15527343749988E-05
0.041259765625 -0.0114212036132813 0.28765869140625 0.039276123046875
0.024932861328125 -0.0174484252929688 -0.0326023101806641 -0.0120048522949219
0.0336952209472656 -0.0120964050292969 -0.40032958984375 -0.108917236328125
0.0410957336425781 0.0170021057128906 -0.68865966796875 -0.11865234375
0.0133857727050781 0.0457382202148437 -0.7794189453125 0.10882568359375
-0.0452423095703125 0.0100555419921875 -0.65692138671875 0.3638916015625
0.00594711303710937 -0.0672950744628906 -0.61834716796875 0.478515625
0.126434326171875 -0.0876922607421875 -0.467529296875 0.350494384765625
0.170913696289063 -0.0123138427734375 -0.094024658203125 0.070526123046875
-0.0653724670410156 0.00622177124023437 0.144577026367188 -0.080718994140625
-0.0502357482910156 0.06158447265625 0.4896240234375 -0.3751220703125
0.00514984130859375 0.0408477783203125 0.554290771484375 -0.48883056640625
0.0157127380371094 0.000741958618164063 0.69915771484375 -0.28509521484375
-0.0162925720214844 -0.0320396423339844 0.7509765625 -0.04364013671875
-0.0689544677734375 -0.0497970581054688 0.67474365234375 0.03863525390625
-0.0572242736816406 -0.0235252380371094 0.423187255859375 0.0203857421875
-0.0552101135253906 -0.0139236450195313 0.0932846069335938 -0.0402450561523437
-0.0707473754882813 -0.0282745361328125 -0.277389526367188 -0.114212036132812
-0.0621719360351562 -0.04779052734375 -0.5784912109375 -0.0706176757812501
-0.0346717834472656 -0.0498847961425781 -0.736083984375 0.1893310546875
-0.0189743041992187 -0.0389251708984375 -0.70281982421875 0.4202880859375
0.0186061859130859 0.0320301055908203 -0.6453857421875 0.46112060546875
-0.0181655883789062 0.0608596801757813 -0.4482421875 0.37432861328125
-0.0633773803710937 0.026611328125 -0.190628051757812 0.101730346679688
0.00162887573242187 0.00465583801269531 0.134712219238281 -0.0808486938476562
-0.00259590148925781 0.018280029296875 0.5023193359375 -0.367279052734375
-0.000805616378784179 0.00396037101745605 0.560302734375 -0.47509765625
-0.00133514404296875 0.00969600677490234 0.70196533203125 -0.25469970703125
-0.0101442337036133 -0.00554370880126953 0.75750732421875 -0.00897216796875
-0.0342979431152344 -0.0261478424072266 0.6915283203125 0.06402587890625
-0.0212039947509766 -0.0188465118408203 0.4344482421875 0.025634765625
-0.0287284851074219 -0.0146389007568359 0.100997924804688 -0.0459823608398438
-0.0410194396972656 -0.02508544921875 -0.268234252929687 -0.113327026367187
-0.0310535430908203 -0.0338859558105469 -0.56951904296875 -0.0549926757812501
-0.0159587860107422 -0.026580810546875 -0.72003173828125 0.216552734375
-0.0221881866455078 -0.0195980072021484 -0.6822509765625 0.4453125
0.00533294677734375 0.01239013671875 -0.6357421875 0.488037109375
0.00366401672363281 0.0220069885253906 -0.4468994140625 0.390289306640625
-0.0150613784790039 0.00486183166503906 -0.2044677734375 0.104721069335938
0.0764541625976563 0.00608062744140625 0.136138916015625 -0.0858383178710938
0.0503425598144531 -0.0246315002441406 0.50799560546875 -0.359832763671875
0.00109481811523437 -0.0315761566162109 0.56793212890625 -0.4578857421875
-0.0173072814941406 0.0164365768432617 0.71282958984375 -0.23004150390625
-0.00620841979980469 0.0255222320556641 0.7606201171875 0.0086669921875
-0.00276398658752441 -0.00228738784790039 0.69061279296875 0.07647705078125
0.0138740539550781 -0.0169095993041992 0.434051513671875 0.02947998046875
0.000308036804199219 -0.0158357620239258 0.097259521484375 -0.0448989868164063
-0.00968742370605469 -0.0224056243896484 -0.271820068359375 -0.111404418945312
0.00455284118652344 -0.0201950073242188 -0.568115234375 -0.04345703125
0.00644540786743164 -0.00699949264526367 -0.7119140625 0.23602294921875
-0.0185546875 -0.0012969970703125 -0.66717529296875 0.46649169921875
-0.00701189041137695 -0.00173377990722656 -0.6265869140625 0.50970458984375
0.0268173217773438 -0.0200729370117188 -0.4449462890625 0.3992919921875
0.0426673889160156 -0.0201187133789063 -0.208663940429687 0.101898193359375
0.138946533203125 0.00090789794921875 0.148452758789063 -0.0901031494140625
0.0951690673828125 -0.0636749267578125 0.50079345703125 -0.35784912109375
-0.000961303710937502 -0.0637626647949219 0.578857421875 -0.437255859375
-0.0335445404052734 0.0254669189453125 0.7296142578125 -0.21710205078125
-0.001312255859375 0.0513877868652344 0.76483154296875 0.01055908203125
0.0255031585693359 0.0197658538818359 0.6785888671875 0.0762939453125
0.0452499389648438 -0.0137290954589844 0.414306640625 0.031585693359375
0.0238571166992188 -0.0180549621582031 0.0804061889648438 -0.044586181640625
0.0194873809814453 -0.0222854614257813 -0.28900146484375 -0.106048583984375
0.0330142974853516 -0.0105819702148438 -0.578369140625 -0.0349731445312499
0.0276432037353516 0.0138206481933594 -0.7113037109375 0.24053955078125
-0.0218887329101563 0.0149288177490234 -0.6527099609375 0.47259521484375
-0.0164241790771484 -0.0196514129638672 -0.6187744140625 0.52008056640625
0.0484352111816406 -0.0614662170410156 -0.4439697265625 0.4013671875
0.0982666015625 -0.0421676635742188 -0.199951171875 0.094268798828125
0.183135986328125 -0.0134429931640625 0.168487548828125 -0.0991058349609375
0.117630004882813 -0.097503662109375 0.4912109375 -0.356170654296875
-0.00669860839843749 -0.0805587768554688 0.5882568359375 -0.4207763671875
-0.0382804870605469 0.0371322631835937 0.751708984375 -0.2222900390625
0.0074920654296875 0.0708084106445312 0.76348876953125 -0.01318359375
0.0462226867675781 0.0351333618164062 0.655029296875 0.0626220703125
0.0651893615722656 -0.00964736938476562 0.3858642578125 0.030609130859375
0.0422172546386719 -0.0178451538085938 0.0548248291015625 -0.03887939453125
0.0425033569335938 -0.0179901123046875 -0.30908203125 -0.0988159179687501
0.0550308227539063 0.00435638427734375 -0.5986328125 -0.03521728515625
0.0380821228027344 0.0329627990722656 -0.7203369140625 0.2352294921875
-0.0237979888916016 0.0282306671142578 -0.64642333984375 0.46417236328125
-0.02294921875 -0.0396156311035156 -0.6107177734375 0.52203369140625
0.0731353759765625 -0.0972976684570312 -0.444427490234375 0.39337158203125
0.144851684570313 -0.052642822265625 -0.18341064453125 0.0812225341796875
0.199600219726562 -0.0297698974609375 0.194610595703125 -0.108749389648438
0.116531372070313 -0.115547180175781 0.483673095703125 -0.3587646484375
-0.0127944946289063 -0.0787582397460938 0.59942626953125 -0.41436767578125
-0.0347633361816406 0.0475997924804688 0.7691650390625 -0.24432373046875
0.0160446166992188 0.0793609619140625 0.7529296875 -0.04913330078125
0.0571212768554688 0.0382156372070313 0.6226806640625 0.04217529296875
0.0709228515625 -0.0086822509765625 0.3489990234375 0.0303955078125
0.0472831726074219 -0.0160789489746094 0.0229358673095703 -0.0297832489013672
0.0502433776855469 -0.0133476257324219 -0.34075927734375 -0.09515380859375
0.0639801025390625 0.0149383544921875 -0.6279296875 -0.0442504882812501
0.0380172729492188 0.0474700927734375 -0.73370361328125 0.21307373046875
-0.0338821411132812 0.0315284729003906 -0.6416015625 0.44305419921875
-0.0185546875 -0.0607948303222656 -0.6058349609375 0.515869140625
0.100608825683594 -0.115226745605469 -0.446563720703125 0.38201904296875
0.17913818359375 -0.0499114990234375 -0.154586791992188 0.0727691650390625
0.184722900390625 -0.0439910888671875 0.219558715820313 -0.125228881835938
0.09857177734375 -0.114295959472656 0.478515625 -0.365631103515625
-0.0174217224121094 -0.0643997192382813 0.60614013671875 -0.4295654296875
-0.0223350524902344 0.0533256530761719 0.77520751953125 -0.292236328125
0.0224685668945313 0.0738372802734375 0.7366943359375 -0.0938720703125
0.0540428161621094 0.0317916870117188 0.58770751953125 0.018310546875
0.0632743835449219 -0.0106925964355469 0.3143310546875 0.03387451171875
0.0423927307128906 -0.0155525207519531 -0.00846099853515625 -0.0220584869384766
0.0503158569335938 -0.0111160278320313 -0.372222900390625 -0.0938110351562501
0.0576095581054687 0.0205039978027344 -0.6580810546875 -0.0681762695312499
0.027923583984375 0.0518341064453125 -0.75439453125 0.1724853515625
-0.0446395874023438 0.0249252319335938 -0.6436767578125 0.412109375
-0.00820159912109375 -0.07159423828125 -0.60205078125 0.50201416015625
0.124214172363281 -0.112480163574219 -0.448028564453125 0.370025634765625
0.187835693359375 -0.0350189208984375 -0.120010375976562 0.0678939819335938
0.151718139648438 -0.0505523681640625 0.240875244140625 -0.137954711914063
0.0699539184570313 -0.0931396484375 0.473358154296875 -0.380340576171875
-0.0118675231933594 -0.0442466735839844 0.6038818359375 -0.457763671875
-0.00936508178710938 0.0469207763671875 0.767578125 -0.3421630859375
0.0214691162109375 0.0576629638671875 0.71392822265625 -0.1427001953125
0.0351142883300781 0.0188274383544922 0.556732177734375 -0.006103515625
0.0403251647949219 -0.0109443664550781 0.28680419921875 0.03717041015625
0.0248031616210938 -0.0180568695068359 -0.0302448272705078 -0.0114822387695312
0.0332908630371094 -0.009979248046875 -0.398193359375 -0.101318359375
0.0396270751953125 0.0176048278808594 -0.68499755859375 -0.106201171875
0.0137252807617187 0.0432014465332031 -0.7730712890625 0.11724853515625
-0.0434532165527344 0.0107688903808594 -0.644775390625 0.3697509765625
0.0056304931640625 -0.0655174255371094 -0.60589599609375 0.485595703125
0.125831604003906 -0.0887222290039062 -0.458221435546875 0.356719970703125
0.169174194335937 -0.0165557861328125 -0.0925216674804687 0.0703506469726563
-0.0654411315917969 0.00545120239257813 0.14080810546875 -0.082611083984375
-0.04742431640625 0.0612297058105469 0.47991943359375 -0.376007080078125
0.00465774536132813 0.0397148132324219 0.540191650390625 -0.49114990234375
0.0150089263916016 0.00132560729980469 0.68707275390625 -0.291748046875
-0.0163116455078125 -0.0312709808349609 0.7452392578125 -0.05230712890625
-0.0699501037597656 -0.0477409362792969 0.66851806640625 0.02838134765625
-0.0579643249511719 -0.0238685607910156 0.420318603515625 0.01611328125
-0.0540885925292969 -0.0130081176757812 0.0929641723632813 -0.0429534912109375
-0.0723037719726563 -0.02630615234375 -0.274566650390625 -0.112045288085938
-0.0638313293457031 -0.0462074279785156 -0.576416015625 -0.06207275390625
-0.0361976623535156 -0.0505599975585938 -0.7279052734375 0.198974609375
-0.0186309814453125 -0.0373611450195313 -0.6895751953125 0.42578125
0.0185623168945312 0.0299606323242188 -0.6307373046875 0.46502685546875
-0.0158424377441406 0.0625762939453125 -0.439056396484375 0.377716064453125
-0.0634613037109375 0.0291557312011719 -0.18914794921875 0.101791381835938
0.000998020172119141 0.00372529029846191 0.132095336914063 -0.0803604125976563
-0.0023193359375 0.0168190002441406 0.49285888671875 -0.37139892578125
-0.000111579895019532 0.00711488723754883 0.546722412109375 -0.478179931640625
-0.00135040283203125 0.0139665603637695 0.69000244140625 -0.2593994140625
-0.00891685485839844 -0.0035858154296875 0.74951171875 -0.01544189453125
-0.0365867614746094 -0.0268783569335938 0.68463134765625 0.05609130859375
-0.0220890045166016 -0.0220146179199219 0.43212890625 0.018402099609375
-0.02783203125 -0.014007568359375 0.100875854492188 -0.0475540161132813
-0.0419769287109375 -0.0234870910644531 -0.267486572265625 -0.110382080078125
-0.0322227478027344 -0.0323352813720703 -0.56304931640625 -0.0488281249999999
-0.0172958374023438 -0.0279369354248047 -0.70806884765625 0.225830078125
-0.0210285186767578 -0.0194797515869141 -0.6715087890625 0.45098876953125
0.00597667694091797 0.0139636993408203 -0.6231689453125 0.4915771484375
0.00615692138671875 0.0208206176757813 -0.43902587890625 0.38922119140625
-0.015284538269043 0.00586605072021484 -0.203018188476563 0.106185913085938
0.0739212036132813 0.00258636474609375 0.1319580078125 -0.0841903686523437
0.048004150390625 -0.0237960815429688 0.49609375 -0.36199951171875
-0.00148963928222656 -0.0326004028320313 0.559539794921875 -0.46246337890625
-0.0184993743896484 0.0160064697265625 0.70068359375 -0.238525390625
-0.00738716125488281 0.0255565643310547 0.756103515625 0.000854492187500002
-0.00223422050476074 -0.00200366973876953 0.68505859375 0.06640625
0.0144443511962891 -0.0168399810791016 0.428497314453125 0.02435302734375
0.000564575195312499 -0.0145969390869141 0.0947799682617188 -0.0496902465820312
-0.0110187530517578 -0.0224800109863281 -0.270797729492188 -0.107345581054687
0.00209236145019531 -0.0204830169677734 -0.56201171875 -0.0368652343749999
0.00766229629516602 -0.00509548187255859 -0.69921875 0.24078369140625
-0.0206832885742188 0.000457763671874998 -0.65069580078125 0.470703125
-0.00515890121459961 -0.00124168395996094 -0.61224365234375 0.512939453125
0.0259952545166016 -0.0227737426757813 -0.43389892578125 0.40045166015625
0.0412063598632813 -0.0222663879394531 -0.208343505859375 0.103805541992187
0.140350341796875 -0.002532958984375 0.145782470703125 -0.090118408203125
0.092926025390625 -0.065460205078125 0.491058349609375 -0.360992431640625
-0.000663757324218746 -0.06292724609375 0.56597900390625 -0.4422607421875
-0.0311813354492188 0.0253524780273438 0.7198486328125 -0.225830078125
0.002197265625 0.0515937805175781 0.75567626953125 0.000183105468750003
0.0255794525146484 0.0192375183105469 0.6744384765625 0.0687255859375
0.0434532165527344 -0.0136451721191406 0.41082763671875 0.02496337890625
0.0245952606201172 -0.0165348052978516 0.0791854858398438 -0.0454330444335938
0.0194358825683594 -0.0210857391357422 -0.28515625 -0.101348876953125
0.0324249267578125 -0.0102615356445312 -0.57366943359375 -0.02935791015625
0.0281715393066406 0.0122509002685547 -0.69903564453125 0.2484130859375
-0.0184192657470703 0.0166721343994141 -0.63916015625 0.48028564453125
-0.0152988433837891 -0.0175237655639648 -0.60382080078125 0.5247802734375
0.0470771789550781 -0.0645179748535156 -0.436187744140625 0.40087890625
0.095611572265625 -0.0443267822265625 -0.198867797851563 0.0948944091796875
0.18157958984375 -0.0160980224609375 0.165115356445313 -0.0998687744140625
0.116859436035156 -0.099456787109375 0.48187255859375 -0.35809326171875
-0.00763702392578125 -0.08074951171875 0.57586669921875 -0.42291259765625
-0.0379371643066406 0.0374298095703125 0.7421875 -0.2313232421875
0.008514404296875 0.0719146728515625 0.75439453125 -0.0216064453125
0.0461311340332031 0.0340995788574219 0.649658203125 0.0570068359375
0.0659255981445313 -0.0101432800292969 0.380767822265625 0.026580810546875
0.0406150817871094 -0.0167694091796875 0.0544204711914063 -0.0394706726074219
0.0414047241210938 -0.0168952941894531 -0.30889892578125 -0.0934448242187501
0.0555152893066406 0.00232315063476563 -0.593994140625 -0.0265502929687501
0.037506103515625 0.0328102111816406 -0.7078857421875 0.242919921875
-0.0241756439208984 0.0277156829833984 -0.63311767578125 0.46746826171875
-0.0224723815917969 -0.0376052856445313 -0.5953369140625 0.52587890625
0.0731201171875 -0.097015380859375 -0.435821533203125 0.395843505859375
0.143478393554688 -0.05548095703125 -0.18048095703125 0.08380126953125
0.19610595703125 -0.0340728759765625 0.190902709960938 -0.1092529296875
0.113548278808594 -0.115913391113281 0.472412109375 -0.3607177734375
-0.012359619140625 -0.0790481567382813 0.58642578125 -0.41937255859375
-0.0324592590332031 0.0484352111816406 0.75933837890625 -0.253173828125
0.0171051025390625 0.0779037475585938 0.74407958984375 -0.05609130859375
0.05633544921875 0.0375633239746094 0.61663818359375 0.0341796875
0.0715103149414063 -0.0077056884765625 0.345794677734375 0.025726318359375
0.0472221374511719 -0.0156059265136719 0.0233669281005859 -0.0316543579101563
0.0517387390136719 -0.0147666931152344 -0.338592529296875 -0.0895996093750001
0.0633621215820313 0.0135421752929688 -0.6217041015625 -0.0379638671875
0.0382156372070313 0.0465278625488281 -0.72369384765625 0.22137451171875
-0.034332275390625 0.0300827026367188 -0.63018798828125 0.44622802734375
-0.0213623046875 -0.0565338134765625 -0.59112548828125 0.51922607421875
0.10052490234375 -0.114883422851563 -0.4395751953125 0.38458251953125
0.17828369140625 -0.05230712890625 -0.153076171875 0.07281494140625
0.18487548828125 -0.04608154296875 0.214889526367187 -0.12493896484375
0.094696044921875 -0.113265991210938 0.467529296875 -0.369232177734375
-0.0173873901367188 -0.0625343322753906 0.5953369140625 -0.4337158203125
-0.0223312377929688 0.0537033081054688 0.76373291015625 -0.2962646484375
0.023651123046875 0.074188232421875 0.72613525390625 -0.10064697265625
0.0517234802246094 0.0316009521484375 0.58184814453125 0.0126953125
0.0633277893066406 -0.011627197265625 0.31243896484375 0.028045654296875
0.0423469543457031 -0.0181732177734375 -0.00702476501464843 -0.0214653015136719
0.0486946105957031 -0.01171875 -0.369659423828125 -0.09039306640625
0.0577201843261719 0.020965576171875 -0.65142822265625 -0.0592041015625001
0.0286369323730469 0.0505790710449219 -0.7462158203125 0.1800537109375
-0.0418167114257813 0.0244903564453125 -0.6307373046875 0.4154052734375
-0.00887298583984375 -0.0701408386230469 -0.58929443359375 0.50579833984375
0.120414733886719 -0.113754272460938 -0.4404296875 0.37139892578125
0.184799194335938 -0.0375823974609375 -0.121162414550781 0.0679168701171875
0.150131225585938 -0.0502166748046875 0.2374267578125 -0.141159057617187
0.0692291259765625 -0.09381103515625 0.46044921875 -0.383544921875
-0.0132331848144531 -0.0444374084472656 0.59197998046875 -0.4615478515625
-0.00868606567382813 0.0471458435058594 0.754150390625 -0.349853515625
0.0226325988769531 0.0573348999023438 0.7047119140625 -0.149658203125
0.0353126525878906 0.0189590454101563 0.55096435546875 -0.011199951171875
0.0417938232421875 -0.0110588073730469 0.284912109375 0.0303955078125
0.0267410278320313 -0.0177078247070313 -0.0312862396240234 -0.0106697082519531
0.0335826873779297 -0.0116977691650391 -0.394775390625 -0.0964965820312501
0.0386734008789063 0.0170478820800781 -0.67999267578125 -0.09716796875
0.014068603515625 0.043487548828125 -0.7640380859375 0.1259765625
-0.043365478515625 0.0128707885742188 -0.63427734375 0.37567138671875
0.0065155029296875 -0.0648841857910156 -0.592041015625 0.4891357421875
0.123039245605469 -0.0909271240234375 -0.450958251953125 0.357940673828125
0.167144775390625 -0.0200958251953125 -0.0911941528320312 0.0724258422851563
-0.0663566589355469 0.00653839111328125 0.138862609863281 -0.0824661254882812
-0.0443153381347656 0.062469482421875 0.468719482421875 -0.378875732421875
0.00579071044921875 0.0395317077636719 0.530242919921875 -0.492431640625
0.0161685943603516 0.000905990600585937 0.67535400390625 -0.2957763671875
-0.0173091888427734 -0.0318412780761719 0.73272705078125 -0.0592041015625
-0.0685577392578125 -0.0463600158691406 0.661376953125 0.02374267578125
-0.0545654296875 -0.0211944580078125 0.4169921875 0.0113525390625
-0.0540733337402344 -0.0112953186035156 0.0910491943359375 -0.04400634765625
-0.0717010498046875 -0.0221481323242187 -0.272796630859375 -0.1087646484375
-0.0642814636230469 -0.0454597473144531 -0.5704345703125 -0.0563964843749999
-0.0336990356445312 -0.0497398376464844 -0.715576171875 0.20556640625
-0.0213966369628906 -0.0359687805175781 -0.67791748046875 0.43170166015625
0.0209503173828125 0.030181884765625 -0.61798095703125 0.4674072265625
-0.0142593383789062 0.0611686706542969 -0.431121826171875 0.377471923828125
-0.061798095703125 0.0279731750488281 -0.187637329101562 0.102523803710938
-0.000629186630249024 0.00385665893554688 0.130104064941406 -0.080078125
-0.00354957580566406 0.0187454223632813 0.481964111328125 -0.37109375
-0.000153541564941406 0.00600242614746094 0.532989501953125 -0.480224609375
-0.00147724151611328 0.0102262496948242 0.67950439453125 -0.26422119140625
-0.00921154022216797 -0.00411224365234375 0.74176025390625 -0.02520751953125
-0.0365867614746094 -0.0262336730957031 0.67596435546875 0.04931640625
-0.0220603942871094 -0.0197257995605469 0.42755126953125 0.01690673828125
-0.0262165069580078 -0.0118370056152344 0.0996551513671875 -0.0481414794921875
-0.0419921875 -0.0206069946289063 -0.265380859375 -0.10748291015625
-0.0304107666015625 -0.0311717987060547 -0.55810546875 -0.0419006347656251
-0.0179786682128906 -0.0284881591796875 -0.6981201171875 0.23089599609375
-0.0217189788818359 -0.0202293395996094 -0.6568603515625 0.45648193359375
0.00746250152587891 0.0140886306762695 -0.61102294921875 0.49322509765625
0.00570297241210937 0.0211124420166016 -0.43023681640625 0.39361572265625
-0.0145292282104492 0.00505828857421875 -0.202102661132813 0.107772827148438
0.0735626220703125 0.00286102294921875 0.12994384765625 -0.0835342407226563
0.0496978759765625 -0.0245437622070313 0.48651123046875 -0.363983154296875
-0.000850677490234375 -0.0320701599121094 0.543914794921875 -0.463165283203125
-0.0203838348388672 0.0189704895019531 0.692138671875 -0.24285888671875
-0.00577163696289063 0.0250797271728516 0.7467041015625 -0.00799560546875
-0.00293183326721191 -0.00252628326416016 0.6773681640625 0.06268310546875
0.0141696929931641 -0.0167789459228516 0.42523193359375 0.017822265625
0.00152015686035156 -0.015254020690918 0.095672607421875 -0.0496444702148438
-0.0108642578125 -0.0212612152099609 -0.269287109375 -0.105239868164062
0.00204086303710937 -0.0213985443115234 -0.55731201171875 -0.030914306640625
0.0057988166809082 -0.00757884979248047 -0.68994140625 0.245361328125
-0.0204067230224609 0.000619888305664065 -0.63934326171875 0.4735107421875
-0.00476503372192383 4.76837158203129E-05 -0.599365234375 0.5145263671875
0.0266990661621094 -0.02276611328125 -0.427825927734375 0.402496337890625
0.0423622131347656 -0.0217781066894531 -0.204238891601562 0.105575561523438
0.136604309082031 -0.00601959228515625 0.1434326171875 -0.091339111328125
0.0917816162109375 -0.0648422241210938 0.479888916015625 -0.361175537109375
-0.00292205810546875 -0.0628585815429688 0.55401611328125 -0.44256591796875
-0.0311908721923828 0.0257511138916016 0.7099609375 -0.23126220703125
0.00133514404296875 0.0514984130859375 0.7471923828125 -0.0069580078125
0.0243339538574219 0.0209808349609375 0.66845703125 0.0601806640625
0.0457000732421875 -0.0129508972167969 0.4075927734375 0.021942138671875
0.0249786376953125 -0.0165653228759766 0.080474853515625 -0.0475006103515625
0.0184803009033203 -0.0210323333740234 -0.282806396484375 -0.09771728515625
0.03302001953125 -0.009765625 -0.5677490234375 -0.0227050781249999
0.0276355743408203 0.0128154754638672 -0.68865966796875 0.255615234375
-0.0201282501220703 0.0165843963623047 -0.6275634765625 0.48150634765625
-0.0147495269775391 -0.0182857513427734 -0.59051513671875 0.52520751953125
0.045989990234375 -0.0651512145996094 -0.4271240234375 0.403076171875
0.0942306518554688 -0.0460433959960938 -0.195892333984375 0.0958404541015625
0.178009033203125 -0.0185546875 0.1634521484375 -0.099853515625
0.114181518554688 -0.0992202758789063 0.472625732421875 -0.359222412109375
-0.00772094726562499 -0.0795135498046875 0.56427001953125 -0.42462158203125
-0.0380592346191406 0.0379409790039063 0.73095703125 -0.23736572265625
0.00917816162109374 0.0718994140625 0.74639892578125 -0.02752685546875
0.0465774536132812 0.0334854125976562 0.64111328125 0.04827880859375
0.0655136108398438 -0.0121383666992188 0.377777099609375 0.02178955078125
0.0413818359375 -0.0178070068359375 0.0540771484375 -0.0412368774414063
0.0411453247070313 -0.0160102844238281 -0.306671142578125 -0.091339111328125
0.0543022155761719 0.00295257568359375 -0.587890625 -0.02008056640625
0.0383148193359375 0.0310554504394531 -0.698974609375 0.24664306640625
-0.0234107971191406 0.0280666351318359 -0.619140625 0.47100830078125
-0.0211372375488281 -0.0375518798828125 -0.582275390625 0.5281982421875
0.07122802734375 -0.09783935546875 -0.4276123046875 0.39739990234375
0.14239501953125 -0.05712890625 -0.178665161132813 0.08319091796875
0.192276000976563 -0.0354461669921875 0.18731689453125 -0.110641479492188
0.111061096191406 -0.118011474609375 0.464599609375 -0.36077880859375
-0.0159683227539062 -0.076416015625 0.57403564453125 -0.4197998046875
-0.033447265625 0.0488777160644531 0.74737548828125 -0.2589111328125
0.017486572265625 0.07818603515625 0.7357177734375 -0.06195068359375
0.0567054748535156 0.0362358093261719 0.61083984375 0.02874755859375
0.0711135864257813 -0.0101165771484375 0.3414306640625 0.0225830078125
0.0468330383300781 -0.0164566040039062 0.0235366821289063 -0.0313758850097656
0.0494308471679688 -0.0150909423828125 -0.335540771484375 -0.0850830078124999
0.0644798278808594 0.012969970703125 -0.61431884765625 -0.0302124023437499
0.0381355285644531 0.0442237854003906 -0.71368408203125 0.22674560546875
-0.0329666137695313 0.0311050415039062 -0.6180419921875 0.451416015625
-0.0223541259765625 -0.0564918518066406 -0.57708740234375 0.5194091796875
0.098052978515625 -0.116920471191406 -0.428985595703125 0.386474609375
0.174453735351563 -0.054931640625 -0.15020751953125 0.073822021484375
0.180679321289063 -0.048828125 0.210845947265625 -0.126571655273438
0.0928192138671875 -0.115875244140625 0.456756591796875 -0.370361328125
-0.01763916015625 -0.0617790222167969 0.58172607421875 -0.43402099609375
-0.0212364196777344 0.0538330078125 0.7513427734375 -0.3043212890625
0.0237274169921875 0.0719070434570312 0.718505859375 -0.110107421875
0.0527534484863281 0.0313186645507813 0.57666015625 0.00518798828125
0.0622100830078125 -0.0121917724609375 0.308197021484375 0.024932861328125
0.0408706665039063 -0.0175247192382812 -0.00540542602539062 -0.0212783813476562
0.049346923828125 -0.0115432739257813 -0.36724853515625 -0.0853271484375
0.0577011108398438 0.0192146301269531 -0.64556884765625 -0.0530395507812501
0.0269203186035156 0.0487785339355469 -0.736328125 0.18731689453125
-0.0407218933105469 0.0251922607421875 -0.6181640625 0.419677734375
-0.00929641723632812 -0.0698204040527344 -0.57501220703125 0.50872802734375
0.119758605957031 -0.115409851074219 -0.433868408203125 0.373046875
0.185226440429688 -0.041839599609375 -0.117828369140625 0.0681076049804688
0.1463623046875 -0.052154541015625 0.23468017578125 -0.141998291015625
0.0658035278320313 -0.0936279296875 0.452117919921875 -0.383026123046875
-0.0137596130371094 -0.0417671203613281 0.57818603515625 -0.46258544921875
-0.0075531005859375 0.048828125 0.744384765625 -0.35211181640625
0.0227203369140625 0.0549087524414062 0.692138671875 -0.1539306640625
0.03570556640625 0.0190544128417969 0.544158935546875 -0.017486572265625
0.0409088134765625 -0.0119094848632813 0.282379150390625 0.02734375
0.0258464813232422 -0.0172004699707031 -0.0310344696044922 -0.0112648010253906
0.0313606262207031 -0.0106048583984375 -0.39263916015625 -0.089996337890625
0.0403976440429688 0.016815185546875 -0.67333984375 -0.0877685546875001
0.0142860412597656 0.0427055358886719 -0.7535400390625 0.13385009765625
-0.0414619445800781 0.0142860412597656 -0.62322998046875 0.3798828125
0.00342559814453125 -0.0653228759765625 -0.5780029296875 0.4910888671875
0.121971130371094 -0.0935897827148438 -0.44287109375 0.3604736328125
0.16497802734375 -0.0240478515625 -0.0898895263671875 0.0713577270507812
-0.0653572082519531 0.00580978393554688 0.137229919433594 -0.0818634033203125
-0.0436439514160156 0.0622291564941406 0.4599609375 -0.376922607421875
0.00614547729492188 0.0395050048828125 0.516510009765625 -0.491485595703125
0.0141658782958984 0.00248146057128906 0.66522216796875 -0.297119140625
-0.0170707702636719 -0.0303401947021484 0.72509765625 -0.06414794921875
-0.067657470703125 -0.0436630249023437 0.65435791015625 0.0203857421875
-0.0531349182128906 -0.02008056640625 0.411468505859375 0.00616455078125
-0.0532608032226563 -0.00941848754882813 0.0907363891601563 -0.0442733764648438
-0.0719528198242187 -0.0211410522460938 -0.271240234375 -0.105422973632812
-0.0621833801269531 -0.0437812805175781 -0.56341552734375 -0.04888916015625
-0.0365753173828125 -0.0474777221679688 -0.70672607421875 0.2100830078125
-0.0211982727050781 -0.0363922119140625 -0.66461181640625 0.432861328125
0.0203876495361328 0.028411865234375 -0.60675048828125 0.468994140625
-0.0133819580078125 0.0608291625976563 -0.424346923828125 0.376556396484375
-0.0635452270507813 0.0278396606445312 -0.18487548828125 0.103530883789063
-0.000171661376953125 0.00324559211730957 0.127960205078125 -0.080535888671875
-0.00237464904785156 0.0183639526367188 0.47283935546875 -0.369476318359375
-0.000627517700195313 0.00702571868896484 0.52337646484375 -0.478363037109375
0.000197410583496093 0.0129032135009766 0.66815185546875 -0.2679443359375
-0.0100030899047852 -0.00396347045898437 0.7322998046875 -0.03021240234375
-0.0368118286132813 -0.0239143371582031 0.66864013671875 0.04486083984375
-0.0214748382568359 -0.0189266204833984 0.4222412109375 0.009246826171875
-0.0268287658691406 -0.0115718841552734 0.0974655151367188 -0.0508575439453125
-0.0401802062988281 -0.0197944641113281 -0.263916015625 -0.10552978515625
-0.0303821563720703 -0.0292606353759766 -0.5528564453125 -0.0360717773437501
-0.0180454254150391 -0.028289794921875 -0.68902587890625 0.233154296875
-0.0223197937011719 -0.0181980133056641 -0.642822265625 0.45867919921875
0.007965087890625 0.0127859115600586 -0.59820556640625 0.49267578125
0.00791358947753906 0.0203819274902344 -0.422119140625 0.390228271484375
-0.0130720138549805 0.0038909912109375 -0.198516845703125 0.107315063476562
0.072052001953125 0.00064849853515625 0.129501342773438 -0.082275390625
0.0472221374511719 -0.0242652893066406 0.474212646484375 -0.363189697265625
-0.00168037414550781 -0.0303001403808594 0.531890869140625 -0.463043212890625
-0.0180282592773438 0.0188465118408203 0.6820068359375 -0.246826171875
-0.00535964965820312 0.0256500244140625 0.73748779296875 -0.0123291015625
-0.00298857688903809 -0.00146222114562988 0.67205810546875 0.05560302734375
0.0158720016479492 -0.0169773101806641 0.418670654296875 0.012908935546875
0.000719070434570314 -0.0152006149291992 0.0943527221679688 -0.0522232055664063
-0.0107879638671875 -0.0198421478271484 -0.267410278320313 -0.102401733398437
0.00246620178222656 -0.0202980041503906 -0.551422119140625 -0.0252685546875001
0.00486946105957031 -0.00730371475219726 -0.67926025390625 0.2491455078125
-0.0199012756347656 6.67572021484377E-05 -0.62579345703125 0.476318359375
-0.00409698486328125 -0.00129890441894531 -0.58758544921875 0.5126953125
0.0256233215332031 -0.0233955383300781 -0.417388916015625 0.400360107421875
0.0398216247558594 -0.0234031677246094 -0.201797485351563 0.105148315429688
0.1348876953125 -0.00682830810546875 0.139877319335938 -0.0904922485351563
0.089447021484375 -0.067352294921875 0.471527099609375 -0.36029052734375
-0.00315856933593751 -0.0620536804199219 0.542816162109375 -0.44097900390625
-0.0308113098144531 0.0263938903808594 0.70025634765625 -0.23443603515625
0.00100326538085938 0.0527191162109375 0.7379150390625 -0.011962890625
0.0261020660400391 0.0201377868652344 0.66119384765625 0.05517578125
0.0448036193847656 -0.0133781433105469 0.4029541015625 0.014984130859375
0.02484130859375 -0.0167026519775391 0.0789794921875 -0.0495758056640625
0.0187301635742188 -0.0184841156005859 -0.28125 -0.095245361328125
0.0314140319824219 -0.00948524475097656 -0.5621337890625 -0.0163574218750001
0.0265598297119141 0.0116558074951172 -0.6785888671875 0.25701904296875
-0.0193843841552734 0.0163650512695313 -0.61376953125 0.48284912109375
-0.0141429901123047 -0.0184001922607422 -0.57757568359375 0.524169921875
0.0458946228027344 -0.0647735595703125 -0.419097900390625 0.403167724609375
0.093475341796875 -0.0459136962890625 -0.193893432617188 0.0972442626953125
0.175323486328125 -0.0193328857421875 0.159896850585938 -0.099761962890625
0.111221313476563 -0.0989837646484375 0.462188720703125 -0.35693359375
-0.00817108154296874 -0.078857421875 0.55096435546875 -0.42645263671875
-0.0366935729980469 0.0379905700683594 0.71917724609375 -0.23919677734375
0.00977325439453126 0.0705718994140625 0.73748779296875 -0.03314208984375
0.0474052429199219 0.0324020385742188 0.63568115234375 0.04296875
0.0659103393554688 -0.0120697021484375 0.37213134765625 0.017578125
0.0411643981933594 -0.016754150390625 0.0533714294433594 -0.0414199829101563
0.039276123046875 -0.016632080078125 -0.30303955078125 -0.088287353515625
0.0547523498535156 0.0022735595703125 -0.5804443359375 -0.01800537109375
0.0380439758300781 0.0289840698242188 -0.6878662109375 0.25103759765625
-0.02301025390625 0.0276165008544922 -0.60675048828125 0.47430419921875
-0.021270751953125 -0.036773681640625 -0.56988525390625 0.52587890625
0.0704803466796875 -0.09857177734375 -0.419464111328125 0.396087646484375
0.139518737792969 -0.0599365234375 -0.176422119140625 0.08489990234375
0.18963623046875 -0.0370941162109375 0.1839599609375 -0.111526489257812
0.108955383300781 -0.1170654296875 0.4515380859375 -0.3602294921875
-0.015228271484375 -0.0763778686523438 0.5638427734375 -0.4210205078125
-0.0328903198242188 0.0488739013671875 0.73529052734375 -0.262939453125
0.0177841186523438 0.077392578125 0.72650146484375 -0.06793212890625
0.057281494140625 0.0365066528320313 0.60308837890625 0.02557373046875
0.0716705322265625 -0.0113754272460937 0.33978271484375 0.018280029296875
0.0474739074707031 -0.0171546936035156 0.0231857299804688 -0.0323352813720703
0.0508842468261719 -0.01434326171875 -0.333221435546875 -0.08203125
0.0627250671386719 0.0122337341308594 -0.60986328125 -0.0230102539062501
0.0379371643066406 0.0424690246582031 -0.702880859375 0.230224609375
-0.0323028564453125 0.0330295562744141 -0.60626220703125 0.45281982421875
-0.0204048156738281 -0.0566215515136719 -0.56451416015625 0.5185546875
0.0971603393554688 -0.1190185546875 -0.42108154296875 0.38568115234375
0.170974731445313 -0.0581512451171875 -0.149307250976562 0.07366943359375
0.177413940429688 -0.051177978515625 0.210006713867188 -0.12603759765625
0.0899429321289063 -0.115043640136719 0.446502685546875 -0.368621826171875
-0.0172462463378906 -0.061492919921875 0.5692138671875 -0.43341064453125
-0.0207328796386719 0.0529022216796875 0.73968505859375 -0.30767822265625
0.02484130859375 0.0710678100585938 0.7069091796875 -0.111083984375
0.0534858703613281 0.02960205078125 0.56854248046875 0.0030517578125
0.063079833984375 -0.0122146606445313 0.305206298828125 0.021392822265625
0.0411033630371094 -0.0174636840820313 -0.00658226013183594 -0.0212459564208984
0.0478706359863281 -0.0108184814453125 -0.36297607421875 -0.0801391601562499
0.0581245422363281 0.0192718505859375 -0.6396484375 -0.04522705078125
0.0280990600585937 0.0501213073730469 -0.7255859375 0.19232177734375
-0.0412330627441406 0.0260429382324219 -0.60894775390625 0.41943359375
-0.00982284545898437 -0.0684471130371094 -0.56243896484375 0.50726318359375
0.117324829101563 -0.116462707519531 -0.42578125 0.372406005859375
0.180892944335938 -0.04327392578125 -0.116950988769531 0.0692977905273438
0.144439697265625 -0.0543060302734375 0.230758666992188 -0.14013671875
0.0653457641601562 -0.0921783447265625 0.442047119140625 -0.382843017578125
-0.0131301879882812 -0.0412139892578125 0.5650634765625 -0.4605712890625
-0.00784683227539063 0.0479621887207031 0.72998046875 -0.35699462890625
0.0235061645507813 0.056915283203125 0.6829833984375 -0.156494140625
0.0358200073242188 0.0186080932617188 0.537506103515625 -0.01947021484375
0.0404739379882813 -0.0129051208496094 0.278411865234375 0.02667236328125
0.0252609252929688 -0.0175933837890625 -0.0289402008056641 -0.00917816162109376
0.032623291015625 -0.0108718872070313 -0.389617919921875 -0.0864257812499999
0.0405044555664062 0.0169181823730469 -0.66680908203125 -0.0803222656250001
0.0147705078125 0.0420074462890625 -0.7449951171875 0.14044189453125
-0.0417518615722656 0.0149955749511719 -0.6107177734375 0.3817138671875
0.00389480590820312 -0.0641899108886719 -0.56622314453125 0.49212646484375
0.120712280273438 -0.0949630737304688 -0.434722900390625 0.361907958984375
0.163070678710938 -0.0255584716796875 -0.0899581909179687 0.070587158203125
-0.0667953491210938 0.00613021850585938 0.134849548339844 -0.0800628662109375
-0.0431976318359375 0.06201171875 0.45257568359375 -0.3739013671875
0.00735855102539062 0.0406379699707031 0.505767822265625 -0.48724365234375
0.0146760940551758 0.00183200836181641 0.6549072265625 -0.30169677734375
-0.0172195434570313 -0.0289802551269531 0.71612548828125 -0.067138671875
-0.0689125061035156 -0.0420494079589844 0.64825439453125 0.0164794921875
-0.0545310974121094 -0.0181808471679687 0.40557861328125 0.002777099609375
-0.051788330078125 -0.01171875 0.0895156860351562 -0.0469284057617188
-0.0704727172851563 -0.0196151733398437 -0.269332885742188 -0.102981567382813
-0.0640029907226563 -0.0405387878417969 -0.5567626953125 -0.0460205078124999
-0.0380630493164063 -0.0464744567871094 -0.69757080078125 0.21221923828125
-0.0216541290283203 -0.0340461730957031 -0.6527099609375 0.43487548828125
0.0214138031005859 0.0287895202636719 -0.59716796875 0.46484375
-0.0115089416503906 0.0595550537109375 -0.4176025390625 0.375
-0.0626068115234375 0.0257072448730469 -0.182113647460938 0.103286743164063
-0.00116205215454102 0.0036780834197998 0.123970031738281 -0.078948974609375
-0.00421524047851562 0.0172615051269531 0.464447021484375 -0.366058349609375
-9.72747802734378E-05 0.00540304183959961 0.513031005859375 -0.4747314453125
-0.00184059143066406 0.0117263793945313 0.66082763671875 -0.27032470703125
-0.00910663604736328 -0.00310134887695312 0.72265625 -0.035400390625
-0.0359649658203125 -0.0238113403320312 0.66326904296875 0.0400390625
-0.0203762054443359 -0.0186729431152344 0.417816162109375 0.0048828125
-0.0261077880859375 -0.0113925933837891 0.0988998413085938 -0.0514450073242188
-0.0399932861328125 -0.0176162719726563 -0.261276245117188 -0.101242065429687
-0.0317573547363281 -0.0282478332519531 -0.5452880859375 -0.0340576171875001
-0.0170993804931641 -0.02734375 -0.67901611328125 0.23583984375
-0.0224113464355469 -0.0174179077148438 -0.633056640625 0.45721435546875
0.00997543334960937 0.0122671127319336 -0.58709716796875 0.4896240234375
0.00830459594726563 0.019683837890625 -0.415069580078125 0.3895263671875
-0.0131349563598633 0.0034322738647461 -0.195159912109375 0.10736083984375
0.0702857971191406 0.00123214721679687 0.127555847167969 -0.083770751953125
0.0469627380371094 -0.0274276733398437 0.466278076171875 -0.3603515625
-0.0016326904296875 -0.0311508178710938 0.522552490234375 -0.4586181640625
-0.0179042816162109 0.0178337097167969 0.6707763671875 -0.24725341796875
-0.00427436828613281 0.0243339538574219 0.72857666015625 -0.01531982421875
-0.00232601165771484 0.000220775604248047 0.66412353515625 0.0523681640625
0.015009880065918 -0.0162801742553711 0.413818359375 0.00958251953125
0.00133514404296875 -0.0124444961547852 0.0944976806640625 -0.0525360107421875
-0.0100669860839844 -0.0186367034912109 -0.265106201171875 -0.0981903076171875
0.00243186950683594 -0.0200538635253906 -0.544219970703125 -0.02117919921875
0.00703191757202148 -0.00807523727416992 -0.6685791015625 0.25201416015625
-0.0194988250732422 0.000738143920898433 -0.614990234375 0.4759521484375
-0.00338268280029297 -0.00150442123413086 -0.575927734375 0.5108642578125
0.0261268615722656 -0.0241928100585938 -0.413330078125 0.399322509765625
0.038848876953125 -0.0240859985351563 -0.19921875 0.10650634765625
0.132804870605469 -0.00713348388671875 0.138885498046875 -0.0881881713867188
0.0888442993164063 -0.0660018920898438 0.4617919921875 -0.356536865234375
-0.00296783447265624 -0.0611801147460938 0.531494140625 -0.439178466796875
-0.03106689453125 0.0273036956787109 0.68927001953125 -0.235595703125
0.00056076049804687 0.0505027770996094 0.7308349609375 -0.01806640625
0.0250091552734375 0.0200366973876953 0.65301513671875 0.05169677734375
0.0453720092773438 -0.0131263732910156 0.3984375 0.01446533203125
0.0249748229980469 -0.0163211822509766 0.07855224609375 -0.0505828857421875
0.0193157196044922 -0.0182094573974609 -0.277908325195313 -0.093505859375
0.0306968688964844 -0.00907707214355469 -0.5555419921875 -0.013824462890625
0.0256404876708984 0.0113525390625 -0.6683349609375 0.2591552734375
-0.0184650421142578 0.0173416137695312 -0.60186767578125 0.48211669921875
-0.0142059326171875 -0.0183296203613281 -0.56634521484375 0.5216064453125
0.0458793640136719 -0.0650367736816406 -0.410125732421875 0.399444580078125
0.0901031494140625 -0.0477523803710938 -0.193328857421875 0.09722900390625
0.173492431640625 -0.0220794677734375 0.157699584960938 -0.0979461669921875
0.108161926269531 -0.0998992919921875 0.45501708984375 -0.355499267578125
-0.00957489013671874 -0.0784988403320313 0.5426025390625 -0.423248291015625
-0.0370254516601563 0.0386428833007812 0.7099609375 -0.23980712890625
0.0104560852050781 0.0686836242675781 0.72760009765625 -0.03717041015625
0.0462532043457031 0.0317649841308594 0.62841796875 0.04193115234375
0.0649070739746094 -0.0123176574707031 0.37017822265625 0.013946533203125
0.0412788391113281 -0.0175285339355469 0.0526695251464844 -0.0429000854492188
0.0407066345214844 -0.0169296264648438 -0.299530029296875 -0.0860595703125
0.0535621643066406 0.00175094604492188 -0.57513427734375 -0.01025390625
0.0376434326171875 0.0287971496582031 -0.6767578125 0.2547607421875
-0.0234832763671875 0.0295791625976563 -0.5960693359375 0.47100830078125
-0.0218544006347656 -0.0356864929199219 -0.556427001953125 0.525726318359375
0.0684967041015625 -0.0994491577148438 -0.4134521484375 0.39593505859375
0.1358642578125 -0.0618820190429688 -0.1737060546875 0.084381103515625
0.187744140625 -0.038299560546875 0.1820068359375 -0.111160278320313
0.10662841796875 -0.117790222167969 0.445068359375 -0.3570556640625
-0.0151290893554687 -0.075408935546875 0.55169677734375 -0.418365478515625
-0.0317497253417969 0.0477447509765625 0.72674560546875 -0.26483154296875
0.019317626953125 0.0766754150390625 0.7156982421875 -0.07049560546875
0.0578079223632813 0.0356254577636719 0.59747314453125 0.02264404296875
0.0703277587890625 -0.011810302734375 0.33282470703125 0.017120361328125
0.0455818176269531 -0.01617431640625 0.0227394104003906 -0.032073974609375
0.0503311157226563 -0.0131378173828125 -0.32940673828125 -0.079376220703125
0.0629234313964844 0.0123863220214844 -0.60205078125 -0.0198974609375001
0.0388641357421875 0.0419502258300781 -0.6944580078125 0.2327880859375
-0.0311622619628906 0.0314826965332031 -0.59637451171875 0.453125
-0.0199851989746094 -0.0554847717285156 -0.553863525390625 0.51837158203125
0.0952072143554688 -0.118461608886719 -0.414093017578125 0.38360595703125
0.168777465820313 -0.0580291748046875 -0.147247314453125 0.0732269287109375
0.176422119140625 -0.05126953125 0.204635620117187 -0.126235961914063
0.0868759155273438 -0.114295959472656 0.43841552734375 -0.365936279296875
-0.0186271667480469 -0.0591812133789063 0.558013916015625 -0.4312744140625
-0.0198936462402344 0.0526657104492188 0.728515625 -0.30743408203125
0.026275634765625 0.0702743530273438 0.6993408203125 -0.1153564453125
0.0539588928222656 0.0297355651855469 0.56317138671875 -0.000244140624999998
0.0623703002929688 -0.0117950439453125 0.300628662109375 0.01904296875
0.0412826538085938 -0.0179901123046875 -0.00421142578124999 -0.0222759246826172
0.0482826232910156 -0.0102729797363281 -0.36029052734375 -0.0773010253906249
0.0580825805664063 0.0194740295410156 -0.63323974609375 -0.0423583984375
0.0286903381347656 0.0487709045410156 -0.71392822265625 0.19500732421875
-0.0401840209960938 0.0268173217773437 -0.59765625 0.42041015625
-0.0105323791503906 -0.0665740966796875 -0.5511474609375 0.504150390625
0.113937377929687 -0.117500305175781 -0.420196533203125 0.371002197265625
0.178802490234375 -0.0444488525390625 -0.116844177246094 0.0674591064453125
0.141510009765625 -0.05438232421875 0.227218627929688 -0.14068603515625
0.063385009765625 -0.0930709838867188 0.43157958984375 -0.380035400390625
-0.0143165588378906 -0.0403327941894531 0.553680419921875 -0.45849609375
-0.00768280029296875 0.048248291015625 0.71795654296875 -0.357421875
0.0240554809570313 0.05633544921875 0.67266845703125 -0.15875244140625
0.0358009338378906 0.0185623168945313 0.53143310546875 -0.020965576171875
0.0413436889648437 -0.0120506286621094 0.275039672851563 0.024200439453125
0.0254611968994141 -0.0175495147705078 -0.0273265838623047 -0.0108222961425781
0.0330162048339844 -0.00951385498046875 -0.385833740234375 -0.083831787109375
0.0396575927734375 0.0155982971191406 -0.66015625 -0.07586669921875
0.0151824951171875 0.0400962829589844 -0.734619140625 0.14544677734375
-0.0407752990722656 0.0136299133300781 -0.60101318359375 0.381591796875
0.00412750244140624 -0.0640182495117187 -0.555450439453125 0.4901123046875
0.11907958984375 -0.096282958984375 -0.426971435546875 0.3585205078125
0.160385131835938 -0.028076171875 -0.0879364013671875 0.070220947265625
-0.0649337768554687 0.00630950927734374 0.13134765625 -0.0792312622070313
-0.0431022644042969 0.0633964538574219 0.44647216796875 -0.372283935546875
0.00692367553710937 0.0398712158203125 0.496368408203125 -0.48492431640625
0.0144109725952148 0.00204181671142578 0.6448974609375 -0.2978515625
-0.0173301696777344 -0.028350830078125 0.70806884765625 -0.06610107421875
-0.06781005859375 -0.0408973693847656 0.64105224609375 0.01568603515625
-0.0540237426757813 -0.0168113708496094 0.403594970703125 0.0015869140625
-0.0511741638183594 -0.00714111328124999 0.0894775390625 -0.0478134155273438
-0.069061279296875 -0.0173568725585938 -0.26556396484375 -0.100509643554687
-0.0630111694335938 -0.0389976501464844 -0.551422119140625 -0.0438232421875
-0.0380172729492188 -0.0469398498535156 -0.68756103515625 0.213623046875
-0.0228958129882812 -0.0354957580566406 -0.6422119140625 0.4322509765625
0.0220527648925781 0.0289192199707031 -0.5877685546875 0.4637451171875
-0.00914764404296876 0.0584182739257813 -0.410125732421875 0.37359619140625
-0.0624885559082031 0.02520751953125 -0.179412841796875 0.10302734375
-0.00272536277770996 0.000794172286987305 0.123649597167969 -0.0784912109375
-0.00167083740234375 0.01983642578125 0.455596923828125 -0.365203857421875
-0.000654697418212891 0.00536012649536133 0.50238037109375 -0.470733642578125
-0.00134849548339844 0.0126810073852539 0.65020751953125 -0.2686767578125
-0.009521484375 -0.00324630737304687 0.7135009765625 -0.03509521484375
-0.0360488891601563 -0.023040771484375 0.6561279296875 0.0386962890625
-0.0201568603515625 -0.0171318054199219 0.414886474609375 0.002899169921875
-0.0249710083007813 -0.0106658935546875 0.0979156494140625 -0.0531005859375
-0.0392570495605469 -0.0171890258789062 -0.258392333984375 -0.101852416992187
-0.0305500030517578 -0.029144287109375 -0.53778076171875 -0.0301208496093751
-0.0181484222412109 -0.0270671844482422 -0.6702880859375 0.23590087890625
-0.0233631134033203 -0.0179519653320313 -0.62481689453125 0.45367431640625
0.0105714797973633 0.012115478515625 -0.574951171875 0.4886474609375
0.00842857360839844 0.0178966522216797 -0.408172607421875 0.38671875
-0.0141363143920898 0.00346469879150391 -0.194564819335938 0.107162475585938
0.0690841674804688 -0.0001678466796875 0.125045776367188 -0.0812530517578125
0.0452728271484375 -0.0244216918945313 0.458831787109375 -0.357025146484375
-0.00245857238769531 -0.0318851470947266 0.512359619140625 -0.456817626953125
-0.0179653167724609 0.0175685882568359 0.66290283203125 -0.2459716796875
-0.00500297546386719 0.0247879028320313 0.71942138671875 -0.01605224609375
-0.00373578071594238 -0.00280308723449707 0.659423828125 0.0501708984375
0.0158834457397461 -0.016148567199707 0.4114990234375 0.008819580078125
0.00124073028564453 -0.0130901336669922 0.093841552734375 -0.052215576171875
-0.0081787109375 -0.0185356140136719 -0.262405395507813 -0.0976715087890625
0.00156402587890625 -0.0175876617431641 -0.540283203125 -0.0172729492187499
0.00450515747070313 -0.00789117813110352 -0.66070556640625 0.25067138671875
-0.0185985565185547 0.000312805175781246 -0.60595703125 0.47418212890625
-0.0022423267364502 0.000115633010864258 -0.56573486328125 0.5087890625
0.0255374908447266 -0.0236492156982422 -0.40673828125 0.393829345703125
0.0371551513671875 -0.0253753662109375 -0.197784423828125 0.106170654296875
0.129745483398438 -0.00982666015625 0.136894226074219 -0.0880966186523438
0.0868682861328125 -0.0661239624023438 0.455291748046875 -0.35589599609375
-0.00478363037109375 -0.06060791015625 0.520782470703125 -0.43756103515625
-0.0306262969970703 0.0274448394775391 0.68121337890625 -0.2357177734375
0.00174713134765625 0.0512046813964844 0.72247314453125 -0.01885986328125
0.0261669158935547 0.0207767486572266 0.6453857421875 0.05157470703125
0.0460929870605469 -0.0136184692382812 0.393707275390625 0.012725830078125
0.0251045227050781 -0.0160140991210938 0.0771636962890625 -0.0504913330078125
0.0179004669189453 -0.0172939300537109 -0.275650024414063 -0.0918121337890625
0.0316200256347656 -0.00841712951660156 -0.5482177734375 -0.0118713378906249
0.0254001617431641 0.0103759765625 -0.6600341796875 0.2601318359375
-0.0186576843261719 0.0182094573974609 -0.5941162109375 0.47711181640625
-0.0132827758789063 -0.0165596008300781 -0.557586669921875 0.519256591796875
0.0455551147460937 -0.0645217895507812 -0.406280517578125 0.397613525390625
0.0901641845703125 -0.0503692626953125 -0.191177368164062 0.096649169921875
0.171218872070313 -0.02264404296875 0.155471801757813 -0.0959320068359375
0.10797119140625 -0.0986175537109375 0.447723388671875 -0.35302734375
-0.0098876953125 -0.0778579711914063 0.5330810546875 -0.419891357421875
-0.0350151062011719 0.0385284423828125 0.69970703125 -0.24151611328125
0.0102005004882813 0.0701332092285156 0.71844482421875 -0.03814697265625
0.0474090576171875 0.0313262939453125 0.62347412109375 0.0404052734375
0.065826416015625 -0.0104103088378906 0.3656005859375 0.012451171875
0.0407752990722656 -0.017303466796875 0.0541648864746094 -0.0431861877441406
0.0400428771972656 -0.0160675048828125 -0.298004150390625 -0.0844726562499999
0.0536346435546875 0.000118255615234375 -0.56890869140625 -0.00866699218750006
0.0383491516113281 0.0280265808105469 -0.66778564453125 0.25323486328125
-0.021453857421875 0.0298976898193359 -0.58837890625 0.46875
-0.0201759338378906 -0.0351066589355469 -0.548858642578125 0.51953125
0.0677413940429687 -0.0987930297851562 -0.4093017578125 0.392852783203125
0.134773254394531 -0.0615463256835938 -0.17333984375 0.0843048095703125
0.1859130859375 -0.0395355224609375 0.179153442382813 -0.10992431640625
0.104637145996094 -0.115966796875 0.438323974609375 -0.353759765625
-0.0157318115234375 -0.0753402709960938 0.543304443359375 -0.416046142578125
-0.031890869140625 0.0496444702148438 0.71649169921875 -0.26336669921875
0.018798828125 0.0747299194335938 0.7086181640625 -0.0718994140625
0.0564804077148438 0.0350685119628906 0.59112548828125 0.02191162109375
0.0700035095214844 -0.01129150390625 0.33123779296875 0.014190673828125
0.045806884765625 -0.0175094604492188 0.0237007141113281 -0.0344371795654297
0.0500030517578125 -0.0136070251464844 -0.32769775390625 -0.07843017578125
0.063568115234375 0.0127944946289062 -0.59576416015625 -0.0169677734375001
0.0366973876953125 0.042816162109375 -0.683349609375 0.2333984375
-0.0303592681884766 0.0313034057617188 -0.58502197265625 0.44903564453125
-0.0196571350097656 -0.0536918640136719 -0.544219970703125 0.515625
0.0943222045898438 -0.11822509765625 -0.40814208984375 0.382781982421875
0.167160034179688 -0.0604705810546875 -0.147232055664062 0.0729522705078125
0.172988891601563 -0.05224609375 0.203582763671875 -0.124237060546875
0.0865249633789063 -0.114280700683594 0.4317626953125 -0.36376953125
-0.0181732177734375 -0.0596275329589844 0.550323486328125 -0.42645263671875
-0.0195693969726563 0.0541534423828125 0.72039794921875 -0.306396484375
0.02630615234375 0.0721817016601563 0.69110107421875 -0.1134033203125
0.0530471801757813 0.028717041015625 0.556488037109375 0.000549316406250002
0.0620880126953125 -0.0133705139160156 0.2969970703125 0.01824951171875
0.0408706665039063 -0.0163497924804688 -0.00498580932617187 -0.0231208801269531
0.04913330078125 -0.0106010437011719 -0.356536865234375 -0.07720947265625
0.0567550659179688 0.0179519653320313 -0.62677001953125 -0.0401000976562499
0.02862548828125 0.0461463928222656 -0.70684814453125 0.19512939453125
-0.0391883850097656 0.0262641906738281 -0.58807373046875 0.4180908203125
-0.0110397338867188 -0.0657958984375 -0.541107177734375 0.501556396484375
0.114402770996094 -0.116409301757812 -0.414337158203125 0.36968994140625
0.175796508789062 -0.0467376708984375 -0.116241455078125 0.0672454833984375
0.139724731445313 -0.0556182861328125 0.22467041015625 -0.139236450195312
0.0639572143554688 -0.090728759765625 0.425872802734375 -0.376190185546875
-0.0141868591308594 -0.0403633117675781 0.545806884765625 -0.455169677734375
-0.00675582885742188 0.0484085083007813 0.70758056640625 -0.354736328125
0.0229110717773437 0.0566253662109375 0.6654052734375 -0.15704345703125
0.0369110107421875 0.0189971923828125 0.52606201171875 -0.019989013671875
0.041229248046875 -0.0127525329589844 0.272140502929688 0.021636962890625
0.0264530181884766 -0.0179481506347656 -0.0271091461181641 -0.0105953216552734
0.0321388244628906 -0.0100212097167969 -0.382415771484375 -0.0803527832031249
0.0400886535644531 0.016387939453125 -0.65606689453125 -0.0737304687499999
0.0144615173339844 0.0424652099609375 -0.72686767578125 0.14410400390625
-0.0415496826171875 0.0147438049316406 -0.593994140625 0.38018798828125
0.00413894653320313 -0.0640754699707031 -0.546295166015625 0.48895263671875
0.11761474609375 -0.0949554443359375 -0.423492431640625 0.3585205078125
0.158920288085938 -0.0287933349609375 -0.0879364013671875 0.0712127685546875
-0.06610107421875 0.00720214843749999 0.131103515625 -0.0778961181640625
-0.0421714782714844 0.0621871948242188 0.43853759765625 -0.36602783203125
0.0071868896484375 0.0400505065917969 0.48870849609375 -0.479644775390625
0.0135135650634766 0.00194740295410156 0.637939453125 -0.29638671875
-0.0168991088867188 -0.0292167663574219 0.701416015625 -0.0684814453125
-0.0671615600585938 -0.0408058166503906 0.63336181640625 0.01507568359375
-0.0517807006835938 -0.0179786682128906 0.39697265625 0.000488281249999999
-0.049407958984375 -0.00719833374023436 0.08740234375 -0.0465087890625
-0.0676727294921875 -0.0175018310546875 -0.26251220703125 -0.100830078125
-0.0634841918945313 -0.0398406982421875 -0.5457763671875 -0.0418090820312501
-0.0371665954589844 -0.0453643798828125 -0.67864990234375 0.2127685546875
-0.0222835540771484 -0.0331993103027344 -0.63372802734375 0.4293212890625
0.0228862762451172 0.0277118682861328 -0.58001708984375 0.46142578125
-0.00907516479492188 0.0571365356445312 -0.407318115234375 0.370147705078125
-0.0634040832519531 0.0254974365234375 -0.17919921875 0.102279663085938
-0.00149703025817871 0.00251555442810059 0.123046875 -0.0765914916992187
-0.00132179260253906 0.0183334350585938 0.4525146484375 -0.359283447265625
0.000188350677490234 0.00500297546386719 0.496307373046875 -0.4656982421875
-0.000967979431152345 0.0117893218994141 0.6417236328125 -0.2652587890625
-0.00916385650634766 -0.00402545928955078 0.7061767578125 -0.03436279296875
-0.0364456176757813 -0.0227508544921875 0.64886474609375 0.0389404296875
-0.0187892913818359 -0.0166130065917969 0.409912109375 0.00225830078125
-0.0238037109375 -0.00959587097167969 0.0956268310546875 -0.0538864135742187
-0.0390739440917969 -0.0151634216308594 -0.256576538085938 -0.10015869140625
-0.0320243835449219 -0.0276870727539063 -0.534271240234375 -0.0297241210937499
-0.0182132720947266 -0.026519775390625 -0.66339111328125 0.23626708984375
-0.0234489440917969 -0.0170249938964844 -0.61505126953125 0.45257568359375
0.00999259948730469 0.0127420425415039 -0.5672607421875 0.48321533203125
0.00933361053466797 0.0172529220581055 -0.4041748046875 0.3839111328125
-0.0145540237426758 0.00264358520507812 -0.19305419921875 0.105026245117188
0.0679779052734375 -0.000782012939453125 0.122734069824219 -0.081298828125
0.0459480285644531 -0.02471923828125 0.453369140625 -0.354339599609375
-0.00147438049316407 -0.0321083068847656 0.503997802734375 -0.452392578125
-0.01641845703125 0.0181522369384766 0.65460205078125 -0.24395751953125
-0.00304031372070313 0.0240802764892578 0.711181640625 -0.0174560546875
-0.00279641151428223 -0.000243425369262696 0.65240478515625 0.050048828125
0.0148992538452148 -0.0162420272827148 0.4072265625 0.005889892578125
0.00195121765136719 -0.0141000747680664 0.09112548828125 -0.0551300048828125
-0.00904655456542969 -0.0175762176513672 -0.259384155273437 -0.097991943359375
0.00244331359863281 -0.0185050964355469 -0.53338623046875 -0.0162048339843749
0.00469589233398438 -0.00794887542724609 -0.651123046875 0.253662109375
-0.0188846588134766 0.00131988525390625 -0.595703125 0.470703125
-0.00166404247283936 -0.000911712646484375 -0.55621337890625 0.5052490234375
0.0261211395263672 -0.0248680114746094 -0.40264892578125 0.392547607421875
0.0367050170898438 -0.0266456604003906 -0.194595336914063 0.105072021484375
0.129341125488281 -0.00841522216796875 0.135406494140625 -0.0878219604492187
0.0854568481445313 -0.0661239624023438 0.449493408203125 -0.352325439453125
-0.00383758544921875 -0.0614280700683594 0.514129638671875 -0.431915283203125
-0.0295791625976563 0.0273647308349609 0.67315673828125 -0.23504638671875
0.00191497802734375 0.0508079528808594 0.7152099609375 -0.0162353515625
0.0259418487548828 0.0183067321777344 0.639892578125 0.0501708984375
0.0464973449707031 -0.013275146484375 0.39202880859375 0.010955810546875
0.0252799987792969 -0.0156707763671875 0.0760116577148438 -0.0513687133789063
0.0186061859130859 -0.0165176391601563 -0.272598266601563 -0.091827392578125
0.0322113037109375 -0.0076904296875 -0.541748046875 -0.0111389160156251
0.0239772796630859 0.0102062225341797 -0.65240478515625 0.25665283203125
-0.0171117782592773 0.017547607421875 -0.5845947265625 0.4757080078125
-0.0124063491821289 -0.0171947479248047 -0.547210693359375 0.516754150390625
0.0446739196777344 -0.0655784606933594 -0.40203857421875 0.394073486328125
0.0872955322265625 -0.0490264892578125 -0.189483642578125 0.0970306396484375
0.169937133789062 -0.0233001708984375 0.1553955078125 -0.09576416015625
0.106330871582031 -0.0988845825195313 0.440032958984375 -0.349365234375
-0.00957489013671876 -0.0761795043945313 0.525299072265625 -0.41644287109375
-0.0348548889160156 0.0378303527832031 0.693115234375 -0.23883056640625
0.0103034973144531 0.0680809020996094 0.70977783203125 -0.0367431640625
0.0468864440917969 0.0328102111816406 0.616455078125 0.039794921875
0.0649070739746094 -0.0125045776367187 0.361236572265625 0.011383056640625
0.0394325256347656 -0.0173606872558594 0.0523262023925781 -0.0445175170898438
0.038818359375 -0.0159797668457031 -0.294219970703125 -0.0833740234375
0.0538253784179688 0.00262069702148438 -0.560760498046875 -0.00772094726562496
0.0365982055664063 0.0272407531738281 -0.66046142578125 0.25347900390625
-0.0215396881103516 0.0294094085693359 -0.576904296875 0.46697998046875
-0.0192146301269531 -0.0351524353027344 -0.539306640625 0.518890380859375
0.0670394897460938 -0.0999832153320313 -0.4010009765625 0.38848876953125
0.131980895996094 -0.062591552734375 -0.171783447265625 0.0828094482421875
0.1844482421875 -0.0402374267578125 0.17694091796875 -0.107818603515625
0.103141784667969 -0.117225646972656 0.43280029296875 -0.3509521484375
-0.0170059204101563 -0.0741424560546875 0.534088134765625 -0.411865234375
-0.0313911437988281 0.0489692687988281 0.70623779296875 -0.25994873046875
0.0199508666992187 0.0758132934570313 0.700439453125 -0.0699462890625
0.0572738647460937 0.0332832336425781 0.58587646484375 0.0196533203125
0.0701065063476563 -0.0120353698730469 0.3280029296875 0.0142822265625
0.0465431213378906 -0.0174942016601563 0.0235748291015625 -0.0354881286621094
0.0500221252441406 -0.0135955810546875 -0.322998046875 -0.076904296875
0.0620880126953125 0.0117912292480469 -0.58941650390625 -0.01806640625
0.0367622375488281 0.0421104431152344 -0.67840576171875 0.23236083984375
-0.0322723388671875 0.0314216613769531 -0.5771484375 0.4486083984375
-0.0182685852050781 -0.0537490844726563 -0.53515625 0.510986328125
0.0922622680664062 -0.118057250976563 -0.405914306640625 0.37933349609375
0.164794921875 -0.0611419677734375 -0.145721435546875 0.0738983154296875
0.170669555664063 -0.0518798828125 0.201873779296875 -0.124160766601563
0.0862197875976563 -0.112655639648438 0.42633056640625 -0.35809326171875
-0.0186958312988281 -0.0585975646972656 0.540618896484375 -0.42486572265625
-0.0192718505859375 0.0531196594238281 0.7119140625 -0.30328369140625
0.0259132385253906 0.0701484680175781 0.68194580078125 -0.114501953125
0.05413818359375 0.027557373046875 0.55126953125 0.000335693359375002
0.0622024536132813 -0.0128936767578125 0.29461669921875 0.01885986328125
0.0409660339355469 -0.0169677734375 -0.00563621520996094 -0.0227203369140625
0.0468368530273438 -0.0095367431640625 -0.353515625 -0.075103759765625
0.0587654113769531 0.0186729431152344 -0.62158203125 -0.03814697265625
0.0282707214355469 0.046173095703125 -0.69970703125 0.19342041015625
-0.0396614074707031 0.0266571044921875 -0.58013916015625 0.4156494140625
-0.0100784301757812 -0.0660133361816406 -0.533905029296875 0.5
0.11236572265625 -0.116401672363281 -0.41015625 0.366180419921875
0.173934936523438 -0.0475616455078125 -0.115653991699219 0.0674667358398437
0.138923645019531 -0.0549392700195313 0.221054077148438 -0.139236450195313
0.0621109008789063 -0.0912017822265625 0.420928955078125 -0.373382568359375
-0.0148239135742187 -0.0387649536132813 0.5374755859375 -0.451568603515625
-0.00650787353515625 0.0478706359863281 0.6982421875 -0.35382080078125
0.0248031616210937 0.0549659729003906 0.65643310546875 -0.15765380859375
0.0364303588867188 0.017425537109375 0.5194091796875 -0.01959228515625
0.0410881042480469 -0.0133781433105469 0.269088745117187 0.0218353271484375
0.0256538391113281 -0.0168857574462891 -0.0264091491699219 -0.0124320983886719
0.0315971374511719 -0.00950050354003906 -0.37847900390625 -0.0781249999999999
0.0399856567382813 0.0154609680175781 -0.64886474609375 -0.0704345703125001
0.0142936706542969 0.0402755737304688 -0.71844482421875 0.14434814453125
-0.0402450561523438 0.0158157348632812 -0.58544921875 0.3759765625
0.00550460815429687 -0.0621147155761719 -0.537567138671875 0.484283447265625
0.117324829101563 -0.096099853515625 -0.417572021484375 0.355987548828125
0.155975341796875 -0.0297393798828125 -0.0881118774414062 0.0679550170898438
-0.0659751892089844 0.00531005859374999 0.131546020507813 -0.0779953002929688
-0.0401725769042969 0.0633049011230469 0.434661865234375 -0.362945556640625
0.0071868896484375 0.0395584106445313 0.48333740234375 -0.475433349609375
0.014225959777832 0.00110912322998047 0.63250732421875 -0.29400634765625
-0.0160083770751953 -0.0291500091552734 0.69219970703125 -0.0673828125
-0.0662994384765625 -0.0395278930664063 0.62774658203125 0.01690673828125
-0.0504226684570313 -0.017242431640625 0.393280029296875 -0.000610351562500001
-0.0494232177734375 -0.00691604614257812 0.0878448486328125 -0.0493087768554687
-0.0672531127929688 -0.0153884887695312 -0.26171875 -0.099365234375
-0.0619697570800781 -0.03704833984375 -0.540924072265625 -0.042816162109375
-0.0377845764160156 -0.045501708984375 -0.67315673828125 0.2091064453125
-0.0218353271484375 -0.0347270965576172 -0.62847900390625 0.42755126953125
0.0229911804199219 0.029052734375 -0.57000732421875 0.4561767578125
-0.00810623168945313 0.0563697814941406 -0.40386962890625 0.365936279296875
-0.062591552734375 0.0251579284667969 -0.178466796875 0.1025390625
-0.00376534461975098 0.0031435489654541 0.120597839355469 -0.0742950439453125
-0.00276374816894531 0.0172815322875977 0.445648193359375 -0.356048583984375
-9.34600830078128E-05 0.00554561614990234 0.4891357421875 -0.46270751953125
-0.00142097473144531 0.0112276077270508 0.63623046875 -0.2647705078125
-0.00924110412597656 -0.00388240814208984 0.70062255859375 -0.0325927734375
-0.035247802734375 -0.0232124328613281 0.643310546875 0.039306640625
-0.0177631378173828 -0.0179157257080078 0.40386962890625 0.002777099609375
-0.0227794647216797 -0.01025390625 0.0959243774414063 -0.0541229248046875
-0.037933349609375 -0.0147972106933594 -0.254638671875 -0.10009765625
-0.029296875 -0.0263633728027344 -0.528045654296875 -0.0297851562499999
-0.0183944702148438 -0.0265045166015625 -0.654052734375 0.23443603515625
-0.0234832763671875 -0.0172958374023438 -0.60882568359375 0.45062255859375
0.0111474990844727 0.012974739074707 -0.561676025390625 0.48162841796875
0.0097513198852539 0.0172672271728516 -0.39990234375 0.38104248046875
-0.014378547668457 0.00205326080322265 -0.191513061523438 0.104583740234375
0.0673332214355469 -0.0009765625 0.123519897460937 -0.0782699584960937
0.0449905395507813 -0.0255012512207031 0.447174072265625 -0.34942626953125
-0.000478744506835937 -0.0318222045898437 0.498321533203125 -0.447021484375
-0.0183868408203125 0.0192852020263672 0.646728515625 -0.24285888671875
-0.00280952453613281 0.0253696441650391 0.70391845703125 -0.01611328125
-0.00345325469970703 -0.000701904296875 0.64532470703125 0.05023193359375
0.0163660049438477 -0.0163211822509766 0.402679443359375 0.0059814453125
0.00222969055175781 -0.0138835906982422 0.0921554565429688 -0.05517578125
-0.00857734680175781 -0.0162696838378906 -0.257827758789063 -0.095703125
0.00164031982421875 -0.0178318023681641 -0.529052734375 -0.017303466796875
0.00474166870117188 -0.00692224502563477 -0.64666748046875 0.2503662109375
-0.0188179016113281 0.00199317932128906 -0.59307861328125 0.46685791015625
-0.000843703746795654 -0.000541508197784424 -0.550445556640625 0.50079345703125
0.0270347595214844 -0.0250186920166016 -0.399505615234375 0.390411376953125
0.0363273620605469 -0.0255165100097656 -0.194793701171875 0.103439331054688
0.128677368164063 -0.0081939697265625 0.133651733398438 -0.085662841796875
0.0848159790039063 -0.0656204223632813 0.444183349609375 -0.34661865234375
-0.0047607421875 -0.0606231689453125 0.508270263671875 -0.427459716796875
-0.0300254821777344 0.0269927978515625 0.66497802734375 -0.23138427734375
0.00262069702148438 0.0512542724609375 0.70672607421875 -0.0167236328125
0.0266647338867187 0.0195140838623047 0.63427734375 0.05267333984375
0.0464744567871094 -0.0152702331542969 0.386505126953125 0.009979248046875
0.0249824523925781 -0.0148506164550781 0.0753021240234375 -0.053070068359375
0.0190849304199219 -0.0157871246337891 -0.270660400390625 -0.0913391113281249
0.0319976806640625 -0.00795173645019531 -0.536590576171875 -0.01068115234375
0.0249366760253906 0.0103397369384766 -0.64508056640625 0.256591796875
-0.0171480178833008 0.0167322158813477 -0.57733154296875 0.4705810546875
-0.0120105743408203 -0.0166463851928711 -0.54315185546875 0.510955810546875
0.0447196960449219 -0.065582275390625 -0.397735595703125 0.3924560546875
0.0854873657226563 -0.0489349365234375 -0.188629150390625 0.095062255859375
0.168746948242188 -0.0224609375 0.154373168945313 -0.095428466796875
0.104736328125 -0.0986785888671875 0.434814453125 -0.346099853515625
-0.0110015869140625 -0.0764541625976563 0.5186767578125 -0.4110107421875
-0.0354881286621094 0.038726806640625 0.68572998046875 -0.23712158203125
0.0118026733398437 0.0687065124511719 0.70416259765625 -0.03515625
0.0471763610839844 0.0315780639648438 0.610595703125 0.04095458984375
0.0641708374023437 -0.01226806640625 0.35736083984375 0.011993408203125
0.0406532287597656 -0.0177001953125 0.0516357421875 -0.0455474853515625
0.0402641296386719 -0.0154037475585938 -0.29180908203125 -0.0832519531250001
0.0527153015136719 0.00302886962890625 -0.555877685546875 -0.00820922851562502
0.035858154296875 0.0280494689941406 -0.65362548828125 0.25042724609375
-0.0219802856445313 0.0273914337158203 -0.5718994140625 0.46417236328125
-0.01898193359375 -0.0335750579833984 -0.534088134765625 0.5126953125
0.0669021606445313 -0.1007080078125 -0.3984375 0.385589599609375
0.130477905273438 -0.0635757446289063 -0.17138671875 0.0824737548828125
0.182037353515625 -0.0394744873046875 0.175506591796875 -0.10638427734375
0.101966857910156 -0.115127563476563 0.428619384765625 -0.34539794921875
-0.0174484252929688 -0.073089599609375 0.52880859375 -0.407501220703125
-0.030242919921875 0.048614501953125 0.7005615234375 -0.26019287109375
0.019775390625 0.0750656127929688 0.6942138671875 -0.06793212890625
0.0572509765625 0.0346412658691406 0.58123779296875 0.02301025390625
0.0705108642578125 -0.0131454467773438 0.32281494140625 0.012481689453125
0.0459213256835937 -0.0173377990722656 0.0235576629638672 -0.0343399047851563
0.0496177673339844 -0.0113410949707031 -0.319915771484375 -0.0768432617187499
0.0617942810058594 0.0105628967285156 -0.5845947265625 -0.0153198242187499
0.0373725891113281 0.0401649475097656 -0.67144775390625 0.23162841796875
-0.0304470062255859 0.0329952239990234 -0.5709228515625 0.445068359375
-0.0187416076660156 -0.0535545349121094 -0.52923583984375 0.507293701171875
0.0926055908203125 -0.11920166015625 -0.401824951171875 0.37640380859375
0.161605834960938 -0.0612640380859375 -0.143325805664063 0.0722198486328125
0.168777465820313 -0.053009033203125 0.19976806640625 -0.121749877929687
0.0826950073242188 -0.112800598144531 0.42266845703125 -0.35443115234375
-0.0194740295410156 -0.0588417053222656 0.53314208984375 -0.419189453125
-0.0183029174804688 0.0539741516113281 0.70361328125 -0.3016357421875
0.0251846313476563 0.0698127746582031 0.67376708984375 -0.11090087890625
0.0522842407226563 0.0276679992675781 0.5450439453125 0.000885009765625002
0.0637283325195313 -0.0125083923339844 0.291961669921875 0.0181884765625
0.0406494140625 -0.0180015563964844 -0.00309562683105469 -0.02447509765625
0.0486793518066406 -0.0105743408203125 -0.349761962890625 -0.073455810546875
0.0564956665039062 0.0181388854980469 -0.615966796875 -0.0382690429687499
0.0291366577148438 0.0455055236816406 -0.69085693359375 0.19512939453125
-0.0401496887207031 0.0273399353027344 -0.5728759765625 0.41162109375
-0.00921249389648437 -0.0661468505859375 -0.52685546875 0.495025634765625
0.111541748046875 -0.118293762207031 -0.406005859375 0.364349365234375
0.171737670898438 -0.048370361328125 -0.115707397460938 0.0662765502929688
0.134735107421875 -0.0555877685546875 0.21923828125 -0.13739013671875
0.0609054565429687 -0.0911788940429688 0.41473388671875 -0.36676025390625
-0.014739990234375 -0.0391349792480469 0.530670166015625 -0.445343017578125
-0.00557708740234375 0.0484580993652344 0.690673828125 -0.34881591796875
0.0244598388671875 0.0542106628417969 0.65032958984375 -0.1522216796875
0.036407470703125 0.0167732238769531 0.514984130859375 -0.018524169921875
0.0413246154785156 -0.0140457153320313 0.266036987304688 0.0224456787109375
0.0255966186523437 -0.0154476165771484 -0.0257701873779297 -0.0116462707519531
0.0321979522705078 -0.00925827026367188 -0.376129150390625 -0.07940673828125
0.0398139953613281 0.0163421630859375 -0.6412353515625 -0.0670776367187499
0.0144462585449219 0.0400505065917969 -0.7127685546875 0.1439208984375
-0.0402450561523437 0.0158653259277344 -0.579345703125 0.37432861328125
0.00584030151367188 -0.0620079040527344 -0.5311279296875 0.4798583984375
0.115287780761719 -0.0960464477539063 -0.414703369140625 0.35345458984375
0.155319213867188 -0.0299835205078125 -0.0874786376953125 0.0677261352539062
-0.0671920776367188 0.00605773925781249 0.130775451660156 -0.0745086669921875
-0.0419464111328125 0.0619850158691406 0.430908203125 -0.36016845703125
0.00804519653320313 0.0386848449707031 0.480224609375 -0.467437744140625
0.0142555236816406 0.00292205810546875 0.62701416015625 -0.2896728515625
-0.0173492431640625 -0.0286045074462891 0.68792724609375 -0.06231689453125
-0.0649261474609375 -0.0394630432128906 0.62408447265625 0.017578125
-0.0513687133789063 -0.0157890319824219 0.389984130859375 0.001373291015625
-0.0466766357421875 -0.003814697265625 0.0874862670898438 -0.051025390625
-0.0666122436523438 -0.0142097473144531 -0.258697509765625 -0.100296020507812
-0.0620613098144531 -0.037841796875 -0.534515380859375 -0.04217529296875
-0.0383567810058594 -0.0461502075195313 -0.66827392578125 0.2095947265625
-0.0215721130371094 -0.0327224731445313 -0.61981201171875 0.42266845703125
0.0235214233398438 0.0289020538330078 -0.56524658203125 0.453369140625
-0.00695037841796875 0.0538139343261719 -0.403167724609375 0.365203857421875
-0.0622329711914063 0.0247802734375 -0.177947998046875 0.0999603271484375
-0.00404953956604004 0.00189042091369629 0.121238708496094 -0.0742034912109375
-0.00126075744628906 0.0183486938476562 0.442596435546875 -0.352386474609375
0.00118684768676758 0.00605440139770508 0.486175537109375 -0.45806884765625
-0.00221920013427734 0.0133199691772461 0.63031005859375 -0.26007080078125
-0.009033203125 -0.00448417663574219 0.6942138671875 -0.0294189453125
-0.0338134765625 -0.0214424133300781 0.63824462890625 0.042236328125
-0.016571044921875 -0.0166482925415039 0.4010009765625 0.00140380859375
-0.0227432250976562 -0.00671958923339844 0.0954742431640625 -0.0540390014648438
-0.03857421875 -0.0135536193847656 -0.249343872070312 -0.10089111328125
-0.0299873352050781 -0.0249042510986328 -0.523284912109375 -0.028594970703125
-0.0194072723388672 -0.0266323089599609 -0.65167236328125 0.23065185546875
-0.02374267578125 -0.0159130096435547 -0.60211181640625 0.44720458984375
0.0118389129638672 0.012629508972168 -0.5560302734375 0.475738525390625
0.012019157409668 0.0166463851928711 -0.4000244140625 0.379425048828125
-0.0155391693115234 0.00100898742675782 -0.191574096679688 0.104095458984375
0.0659561157226563 -0.00034332275390625 0.121726989746094 -0.0783309936523437
0.0449676513671875 -0.0257377624511719 0.44439697265625 -0.344696044921875
-0.00152206420898437 -0.0296764373779297 0.495391845703125 -0.44085693359375
-0.0165882110595703 0.0177497863769531 0.642333984375 -0.24017333984375
-0.00381088256835938 0.02398681640625 0.6986083984375 -0.01397705078125
-0.00155258178710938 -0.000435590744018555 0.64080810546875 0.0526123046875
0.0160436630249023 -0.0160484313964844 0.400238037109375 0.00537109375
0.00268840789794922 -0.0132894515991211 0.0890274047851563 -0.0565643310546875
-0.00769519805908203 -0.0157861709594727 -0.255874633789063 -0.0974731445312501
0.00169467926025391 -0.0155611038208008 -0.524261474609375 -0.0192565917968749
0.0036778450012207 -0.006683349609375 -0.63958740234375 0.24798583984375
-0.0197238922119141 0.0024566650390625 -0.58306884765625 0.46185302734375
0.000885725021362304 -0.00249385833740234 -0.546417236328125 0.496612548828125
0.0275554656982422 -0.0257301330566406 -0.397552490234375 0.386810302734375
0.0353660583496094 -0.0257606506347656 -0.1943359375 0.100753784179688
0.124320983886719 -0.0078887939453125 0.131134033203125 -0.0852737426757813
0.0848159790039063 -0.0655670166015625 0.440673828125 -0.342376708984375
-0.00378417968750001 -0.0606155395507813 0.503692626953125 -0.423309326171875
-0.030609130859375 0.0285148620605469 0.6602783203125 -0.2283935546875
0.00415802001953124 0.0506134033203125 0.69976806640625 -0.0133056640625
0.0256099700927734 0.0213909149169922 0.63226318359375 0.0535888671875
0.0478363037109375 -0.0142059326171875 0.383697509765625 0.00958251953125
0.0252227783203125 -0.0157356262207031 0.0747604370117187 -0.0531692504882812
0.0192127227783203 -0.01495361328125 -0.267669677734375 -0.090789794921875
0.0335922241210938 -0.00805473327636719 -0.53326416015625 -0.0107727050781249
0.0237388610839844 0.0106563568115234 -0.64019775390625 0.25396728515625
-0.0178737640380859 0.0186653137207031 -0.572021484375 0.465576171875
-0.0109834671020508 -0.0150575637817383 -0.536529541015625 0.50567626953125
0.0452842712402344 -0.0654563903808594 -0.395233154296875 0.3900146484375
0.08447265625 -0.0511932373046875 -0.18707275390625 0.094573974609375
0.16583251953125 -0.023284912109375 0.153350830078125 -0.092926025390625
0.102531433105469 -0.0975265502929688 0.433685302734375 -0.341796875
-0.0117263793945313 -0.074920654296875 0.514984130859375 -0.4053955078125
-0.0341415405273438 0.0374908447265625 0.6807861328125 -0.2322998046875
0.0106391906738281 0.0688667297363281 0.69903564453125 -0.03271484375
0.0487518310546875 0.0317306518554688 0.6048583984375 0.04254150390625
0.0659942626953125 -0.010955810546875 0.354736328125 0.011810302734375
0.0411453247070313 -0.0158004760742188 0.0520744323730469 -0.0467071533203125
0.04217529296875 -0.0141868591308594 -0.2890625 -0.0832824707031249
0.0553703308105469 0.00139617919921875 -0.552154541015625 -0.00915527343749999
0.0377388000488281 0.0282783508300781 -0.64837646484375 0.2476806640625
-0.0216217041015625 0.0289726257324219 -0.56707763671875 0.4593505859375
-0.0174160003662109 -0.0338478088378906 -0.530120849609375 0.506317138671875
0.0671615600585937 -0.09918212890625 -0.39776611328125 0.384552001953125
0.128852844238281 -0.0647201538085938 -0.172515869140625 0.0794677734375
0.181365966796875 -0.0390625 0.176528930664062 -0.10693359375
0.101089477539062 -0.113754272460938 0.423614501953125 -0.341796875
-0.017059326171875 -0.0739288330078125 0.52532958984375 -0.402587890625
-0.0295982360839844 0.0486717224121094 0.6929931640625 -0.2540283203125
0.019561767578125 0.074462890625 0.687255859375 -0.06658935546875
0.05657958984375 0.034515380859375 0.57574462890625 0.02508544921875
0.0705718994140625 -0.01397705078125 0.32135009765625 0.013519287109375
0.0461006164550781 -0.015899658203125 0.02252197265625 -0.0367851257324219
0.0503158569335937 -0.0118827819824219 -0.31719970703125 -0.0761413574218751
0.063079833984375 0.0125541687011719 -0.580078125 -0.01690673828125
0.0370597839355469 0.0421600341796875 -0.66455078125 0.2276611328125
-0.0308151245117188 0.0335788726806641 -0.56805419921875 0.43902587890625
-0.0162620544433594 -0.0521163940429688 -0.522735595703125 0.501251220703125
0.0912246704101563 -0.1192626953125 -0.3984375 0.37225341796875
0.161788940429688 -0.0618133544921875 -0.14520263671875 0.069427490234375
0.168533325195313 -0.0515594482421875 0.198318481445313 -0.119644165039063
0.0828781127929688 -0.11199951171875 0.41619873046875 -0.3505859375
-0.0203094482421875 -0.0590362548828125 0.529998779296875 -0.414794921875
-0.0196266174316406 0.0545501708984375 0.69927978515625 -0.29534912109375
0.0258865356445313 0.0693817138671875 0.6695556640625 -0.106689453125
0.0538177490234375 0.0271377563476563 0.542236328125 0.005279541015625
0.0626640319824219 -0.0128364562988281 0.28924560546875 0.018707275390625
0.0418891906738281 -0.0165328979492188 -0.00430488586425781 -0.0250778198242187
0.0490684509277344 -0.00973892211914063 -0.34619140625 -0.07470703125
0.0572357177734375 0.018585205078125 -0.6104736328125 -0.03839111328125
0.0260543823242188 0.045166015625 -0.68701171875 0.19140625
-0.0387229919433594 0.0278053283691406 -0.56903076171875 0.40740966796875
-0.00789642333984376 -0.06640625 -0.52239990234375 0.48974609375
0.111579895019531 -0.118949890136719 -0.403778076171875 0.36175537109375
0.172576904296875 -0.0482177734375 -0.113502502441406 0.065155029296875
0.136039733886719 -0.0548553466796875 0.217864990234375 -0.133514404296875
0.0622329711914062 -0.0901641845703125 0.413177490234375 -0.363128662109375
-0.0140609741210937 -0.0384712219238281 0.52587890625 -0.44085693359375
-0.00647735595703125 0.0474967956542969 0.68804931640625 -0.34552001953125
0.0251579284667969 0.055145263671875 0.64599609375 -0.15057373046875
0.0361557006835938 0.0182685852050781 0.509521484375 -0.016510009765625
0.0420684814453125 -0.0145454406738281 0.262619018554688 0.02117919921875
0.0270233154296875 -0.015838623046875 -0.0267925262451172 -0.0129852294921875
0.0327491760253906 -0.00665664672851563 -0.372283935546875 -0.0775756835937499
0.0413398742675781 0.0172004699707031 -0.63690185546875 -0.0706787109375
0.0157699584960937 0.0410537719726563 -0.7083740234375 0.14031982421875
-0.0414314270019531 0.0152206420898437 -0.574462890625 0.37115478515625
0.00771331787109375 -0.0619163513183594 -0.524749755859375 0.4761962890625
0.115821838378906 -0.0979080200195312 -0.411895751953125 0.350921630859375
0.15252685546875 -0.030029296875 -0.0884552001953125 0.0658111572265625
-0.0669517517089844 0.00706481933593749 0.130935668945312 -0.0719375610351563
-0.0401878356933594 0.0637588500976563 0.429595947265625 -0.354949951171875
0.00770187377929687 0.0388832092285156 0.475616455078125 -0.4647216796875
0.0140552520751953 0.00289249420166016 0.6224365234375 -0.28411865234375
-0.0140247344970703 -0.0275669097900391 0.68475341796875 -0.06048583984375
-0.0641555786132813 -0.0382728576660156 0.61993408203125 0.0198974609375
-0.048095703125 -0.0151443481445312 0.387725830078125 0.00152587890625
-0.0471534729003906 -0.005523681640625 0.0875930786132813 -0.0499191284179688
-0.0650444030761719 -0.0145721435546875 -0.258575439453125 -0.101364135742188
-0.0600318908691406 -0.0365676879882812 -0.532440185546875 -0.042144775390625
-0.0375251770019531 -0.046295166015625 -0.66278076171875 0.20635986328125
-0.0210399627685547 -0.0325508117675781 -0.61871337890625 0.4205322265625
0.0242710113525391 0.0280647277832031 -0.5614013671875 0.448760986328125
-0.00654983520507812 0.0564460754394531 -0.40118408203125 0.36126708984375
-0.0635910034179687 0.0228691101074219 -0.176666259765625 0.100311279296875
-0.00493431091308594 0.00265741348266601 0.122596740722656 -0.0730743408203125
-0.00309562683105469 0.0174045562744141 0.438629150390625 -0.348541259765625
0.000613689422607421 0.00496482849121094 0.481689453125 -0.45367431640625
-0.00104618072509766 0.0127487182617188 0.62860107421875 -0.25738525390625
-0.0104637145996094 -0.00275516510009766 0.69110107421875 -0.0286865234375
-0.0353622436523438 -0.0208091735839844 0.6365966796875 0.04327392578125
-0.0166158676147461 -0.0160417556762695 0.400543212890625 0.002960205078125
-0.0219707489013672 -0.00922966003417969 0.0960540771484375 -0.056671142578125
-0.0388679504394531 -0.0139846801757812 -0.249954223632812 -0.101852416992188
-0.031036376953125 -0.0253505706787109 -0.52105712890625 -0.0306396484375
-0.0195522308349609 -0.0254917144775391 -0.6463623046875 0.22760009765625
-0.0227413177490234 -0.0169944763183594 -0.598388671875 0.44378662109375
0.012176513671875 0.0129728317260742 -0.554046630859375 0.47125244140625
0.0101089477539063 0.0154438018798828 -0.398162841796875 0.374664306640625
-0.0170478820800781 0.00170707702636718 -0.189987182617188 0.102935791015625
0.0635261535644531 0.0014801025390625 0.122970581054688 -0.0765838623046875
0.0440177917480469 -0.0251693725585938 0.44232177734375 -0.34320068359375
-0.000768661499023438 -0.0314273834228516 0.4915771484375 -0.4361572265625
-0.0187091827392578 0.019195556640625 0.63958740234375 -0.2347412109375
-0.00516700744628907 0.0272502899169922 0.697021484375 -0.01055908203125
-0.0012819766998291 0.000347137451171875 0.636474609375 0.054443359375
0.0169496536254883 -0.0152835845947266 0.398773193359375 0.00567626953125
0.00369453430175781 -0.0122928619384766 0.089263916015625 -0.0564804077148438
-0.00731563568115234 -0.0139188766479492 -0.254852294921875 -0.0985870361328125
0.00352764129638672 -0.0170106887817383 -0.5194091796875 -0.0213623046874999
0.00462579727172851 -0.00801897048950195 -0.6365966796875 0.24267578125
-0.0182552337646484 0.0035400390625 -0.5814208984375 0.45806884765625
0.00180065631866455 0.00121629238128662 -0.542083740234375 0.491455078125
0.0268173217773438 -0.0257110595703125 -0.394134521484375 0.383056640625
0.0340728759765625 -0.0265998840332031 -0.193450927734375 0.102005004882813
0.125350952148438 -0.008758544921875 0.135002136230469 -0.0842666625976562
0.0848007202148438 -0.0646438598632813 0.4384765625 -0.337799072265625
-0.005859375 -0.060089111328125 0.499786376953125 -0.41937255859375
-0.0292282104492187 0.0282402038574219 0.65655517578125 -0.2244873046875
0.00457382202148437 0.0514640808105469 0.6968994140625 -0.01116943359375
0.0275802612304688 0.0209751129150391 0.6268310546875 0.0567626953125
0.0459136962890625 -0.0139579772949219 0.379669189453125 0.00872802734375
0.0264244079589844 -0.0146198272705078 0.0739517211914063 -0.0538330078125
0.0198326110839844 -0.015716552734375 -0.267303466796875 -0.0904541015625
0.0324325561523438 -0.00731277465820312 -0.527252197265625 -0.012908935546875
0.0224571228027344 0.0103111267089844 -0.63690185546875 0.24786376953125
-0.0178909301757812 0.018218994140625 -0.57037353515625 0.46343994140625
-0.0116367340087891 -0.0154266357421875 -0.532562255859375 0.501922607421875
0.0452499389648438 -0.0678749084472656 -0.394805908203125 0.386383056640625
0.0849075317382813 -0.0499114990234375 -0.188644409179688 0.092193603515625
0.164093017578125 -0.0216522216796875 0.152191162109375 -0.092041015625
0.103523254394531 -0.0959091186523438 0.42974853515625 -0.33563232421875
-0.0111312866210937 -0.0747604370117187 0.511688232421875 -0.4002685546875
-0.0336761474609375 0.0382499694824219 0.67510986328125 -0.22943115234375
0.0107955932617187 0.0685615539550781 0.6943359375 -0.02911376953125
0.0479583740234375 0.0322189331054688 0.60235595703125 0.04327392578125
0.0664405822753906 -0.01287841796875 0.351959228515625 0.011383056640625
0.0411720275878906 -0.01605224609375 0.0523910522460937 -0.0475845336914062
0.040283203125 -0.0137214660644531 -0.287841796875 -0.083770751953125
0.0546417236328125 0.00349807739257813 -0.5484619140625 -0.01171875
0.0345382690429688 0.0277824401855469 -0.64581298828125 0.2452392578125
-0.0213241577148438 0.0284671783447266 -0.5635986328125 0.45391845703125
-0.0166110992431641 -0.0335903167724609 -0.524932861328125 0.502105712890625
0.0672683715820313 -0.09967041015625 -0.3974609375 0.381439208984375
0.128128051757813 -0.0631179809570313 -0.171096801757812 0.0803070068359375
0.180007934570313 -0.0381622314453125 0.174545288085938 -0.103988647460938
0.100326538085938 -0.114875793457031 0.421844482421875 -0.338958740234375
-0.0163421630859375 -0.0719223022460937 0.5194091796875 -0.397064208984375
-0.0287551879882813 0.0494041442871094 0.6893310546875 -0.25146484375
0.0199813842773437 0.0752334594726563 0.68316650390625 -0.0634765625
0.0580635070800781 0.0326728820800781 0.5726318359375 0.02606201171875
0.0696029663085938 -0.01226806640625 0.318389892578125 0.015472412109375
0.0457801818847656 -0.017791748046875 0.0250358581542969 -0.0375328063964844
0.0512809753417969 -0.0101890563964844 -0.31591796875 -0.078369140625
0.0629081726074219 0.012969970703125 -0.5771484375 -0.0169677734375001
0.0374984741210938 0.0427970886230469 -0.6602783203125 0.2269287109375
-0.0301780700683594 0.0329036712646484 -0.5625 0.434326171875
-0.0181350708007813 -0.0534820556640625 -0.52105712890625 0.496917724609375
0.091552734375 -0.120521545410156 -0.40057373046875 0.370819091796875
0.160247802734375 -0.0617828369140625 -0.145782470703125 0.070098876953125
0.167098999023438 -0.0503692626953125 0.19805908203125 -0.119674682617188
0.0811080932617187 -0.111061096191406 0.4150390625 -0.346527099609375
-0.0200920104980469 -0.0587959289550781 0.52679443359375 -0.40826416015625
-0.0206794738769531 0.0554656982421875 0.69476318359375 -0.29364013671875
0.0250282287597656 0.0683021545410156 0.66552734375 -0.10406494140625
0.0545845031738281 0.0270767211914062 0.537200927734375 0.004547119140625
0.0617904663085937 -0.014068603515625 0.28790283203125 0.020050048828125
0.0415306091308594 -0.0162544250488281 -0.00331878662109375 -0.0256080627441406
0.0489692687988281 -0.009063720703125 -0.34442138671875 -0.075439453125
0.0592689514160156 0.0181617736816406 -0.60662841796875 -0.0404663085937499
0.0261459350585938 0.0461158752441406 -0.68438720703125 0.187744140625
-0.0392494201660156 0.0282211303710937 -0.56475830078125 0.405517578125
-0.00896072387695313 -0.0657768249511719 -0.520050048828125 0.485687255859375
0.11126708984375 -0.118217468261719 -0.403350830078125 0.35894775390625
0.169769287109375 -0.0484466552734375 -0.114349365234375 0.0651397705078125
0.134078979492188 -0.0532455444335938 0.217575073242188 -0.134033203125
0.0588531494140625 -0.0897903442382813 0.40997314453125 -0.35986328125
-0.0131607055664063 -0.0394363403320313 0.52215576171875 -0.433624267578125
-0.00642776489257812 0.0483589172363281 0.68475341796875 -0.34027099609375
0.024383544921875 0.0542793273925781 0.64111328125 -0.14886474609375
0.0375518798828125 0.0183677673339844 0.508209228515625 -0.015350341796875
0.0439834594726563 -0.0139579772949219 0.26226806640625 0.0234527587890625
0.0268459320068359 -0.0173854827880859 -0.0258712768554687 -0.0132198333740234
0.0344524383544922 -0.00796699523925781 -0.370513916015625 -0.0787048339843749
0.0420379638671875 0.0174713134765625 -0.6329345703125 -0.07080078125
0.0138626098632813 0.0404205322265625 -0.70269775390625 0.138427734375
-0.0402450561523438 0.0171089172363281 -0.5718994140625 0.36639404296875
0.00722503662109375 -0.0614128112792969 -0.524383544921875 0.472686767578125
0.11529541015625 -0.0964813232421875 -0.411834716796875 0.348663330078125
0.152252197265625 -0.03125 -0.0871505737304687 0.066558837890625
-0.0662612915039063 0.00561904907226564 0.130538940429687 -0.0743179321289062
-0.03973388671875 0.0617561340332031 0.429229736328125 -0.35015869140625
0.00621414184570312 0.0378646850585938 0.474273681640625 -0.460784912109375
0.0126161575317383 0.00279521942138672 0.619873046875 -0.2833251953125
-0.0154209136962891 -0.0277633666992187 0.68133544921875 -0.0555419921875
-0.0648002624511719 -0.0376930236816406 0.61962890625 0.0234375
-0.0473060607910156 -0.016021728515625 0.3865966796875 0.002685546875
-0.0465927124023438 -0.00504684448242187 0.085723876953125 -0.0502777099609375
-0.0643463134765625 -0.0122718811035156 -0.25579833984375 -0.102676391601562
-0.0598869323730469 -0.0358200073242187 -0.528656005859375 -0.045135498046875
-0.0373687744140625 -0.0449371337890625 -0.66192626953125 0.202880859375
-0.0211029052734375 -0.0313949584960938 -0.6163330078125 0.41705322265625
0.0251960754394531 0.0279178619384766 -0.561004638671875 0.444549560546875
-0.00732421875 0.0539398193359375 -0.40118408203125 0.357635498046875
-0.0638542175292969 0.0228233337402344 -0.177490234375 0.09881591796875
-0.00369930267333984 0.00376677513122559 0.121383666992188 -0.072296142578125
-0.00174522399902344 0.0184421539306641 0.437652587890625 -0.34088134765625
9.20295715332032E-05 0.00584602355957031 0.480072021484375 -0.446990966796875
-0.00146389007568359 0.0127573013305664 0.6253662109375 -0.25421142578125
-0.00916671752929688 -0.00322151184082031 0.6871337890625 -0.02264404296875
-0.0331897735595703 -0.0219860076904297 0.63189697265625 0.044921875
-0.0164108276367188 -0.0179595947265625 0.397308349609375 0.004547119140625
-0.0225448608398437 -0.00786209106445313 0.09368896484375 -0.0564804077148438
-0.0367012023925781 -0.0132904052734375 -0.248397827148437 -0.103012084960938
-0.0297183990478516 -0.02459716796875 -0.51800537109375 -0.0330810546875001
-0.0189342498779297 -0.0264530181884766 -0.642822265625 0.22576904296875
-0.0221672058105469 -0.0142765045166016 -0.59710693359375 0.44012451171875
0.0135869979858398 0.0121984481811523 -0.55224609375 0.4674072265625
0.0103139877319336 0.0165653228759766 -0.399200439453125 0.373016357421875
-0.0165529251098633 -0.000870704650878904 -0.192047119140625 0.100616455078125
0.0641365051269531 -0.000164031982421875 0.122657775878906 -0.0765457153320313
0.0436592102050781 -0.0246925354003906 0.441375732421875 -0.336029052734375
-0.00214767456054687 -0.0301246643066406 0.48870849609375 -0.43157958984375
-0.0179786682128906 0.0196552276611328 0.6375732421875 -0.23040771484375
-0.00432586669921875 0.0242385864257813 0.69342041015625 -0.00506591796875
-0.0022885799407959 -0.000765562057495117 0.63592529296875 0.0579833984375
0.0176334381103516 -0.0164661407470703 0.3956298828125 0.006683349609375
0.00323009490966797 -0.0125408172607422 0.0914306640625 -0.0584030151367188
-0.00679302215576172 -0.0126228332519531 -0.253387451171875 -0.099151611328125
0.00277614593505859 -0.0158758163452148 -0.516876220703125 -0.0228271484374999
0.00235128402709961 -0.00757694244384766 -0.6361083984375 0.24072265625
-0.0186443328857422 0.00190353393554687 -0.57940673828125 0.456298828125
0.00266122817993164 -0.000731229782104492 -0.540679931640625 0.489959716796875
0.0278854370117188 -0.0269374847412109 -0.39544677734375 0.380035400390625
0.0336151123046875 -0.0263595581054688 -0.19427490234375 0.101242065429688
0.123558044433594 -0.00836181640625 0.132949829101563 -0.0821456909179688
0.08428955078125 -0.0640945434570313 0.437255859375 -0.33392333984375
-0.00524520874023438 -0.0608367919921875 0.497406005859375 -0.413482666015625
-0.0311260223388672 0.0278186798095703 0.6553955078125 -0.22015380859375
0.0025634765625 0.05072021484375 0.69598388671875 -0.00732421875
0.027313232421875 0.0193042755126953 0.6248779296875 0.05633544921875
0.0462760925292969 -0.0133323669433594 0.3798828125 0.01092529296875
0.0262413024902344 -0.0146770477294922 0.0757293701171875 -0.05548095703125
0.02069091796875 -0.0141067504882813 -0.265792846679688 -0.0935058593750001
0.0331344604492188 -0.00767135620117188 -0.52752685546875 -0.015899658203125
0.0233535766601563 0.0114555358886719 -0.63543701171875 0.24774169921875
-0.0172891616821289 0.0174703598022461 -0.56878662109375 0.45880126953125
-0.00921154022216797 -0.0167179107666016 -0.531463623046875 0.4993896484375
0.045562744140625 -0.0678787231445313 -0.39471435546875 0.384368896484375
0.0820846557617188 -0.050628662109375 -0.187957763671875 0.092681884765625
0.164825439453125 -0.0215911865234375 0.152435302734375 -0.0921783447265625
0.102325439453125 -0.0959854125976562 0.42877197265625 -0.33209228515625
-0.0114517211914063 -0.0742568969726563 0.508758544921875 -0.397003173828125
-0.0343780517578125 0.0395088195800781 0.67431640625 -0.22442626953125
0.0111541748046875 0.0692024230957031 0.69207763671875 -0.02471923828125
0.0488204956054688 0.0319290161132813 0.6014404296875 0.04779052734375
0.0649948120117188 -0.0124397277832031 0.351043701171875 0.013397216796875
0.0409622192382813 -0.0170097351074219 0.0527534484863281 -0.046875
0.0392494201660156 -0.0136070251464844 -0.286468505859375 -0.08477783203125
0.0546531677246094 0.0031280517578125 -0.546722412109375 -0.0142211914062501
0.0349369049072266 0.02825927734375 -0.6436767578125 0.23968505859375
-0.0210800170898438 0.0292243957519531 -0.5625 0.4510498046875
-0.016571044921875 -0.0342655181884766 -0.523529052734375 0.502410888671875
0.0671920776367188 -0.101791381835937 -0.39715576171875 0.377166748046875
0.127098083496094 -0.0630569458007813 -0.170700073242188 0.080169677734375
0.179061889648438 -0.037872314453125 0.17449951171875 -0.103302001953125
0.100173950195313 -0.113517761230469 0.421051025390625 -0.334228515625
-0.018035888671875 -0.0722122192382813 0.520904541015625 -0.393157958984375
-0.0303916931152344 0.0507354736328125 0.68768310546875 -0.24749755859375
0.0204925537109375 0.0743637084960937 0.68109130859375 -0.059326171875
0.0580787658691406 0.0336685180664063 0.5703125 0.03021240234375
0.0703964233398438 -0.011505126953125 0.3162841796875 0.01568603515625
0.0458793640136719 -0.0169105529785156 0.0247154235839844 -0.0381546020507812
0.05010986328125 -0.0108566284179688 -0.31463623046875 -0.07879638671875
0.0623397827148438 0.0129051208496094 -0.57562255859375 -0.0202636718750001
0.0363807678222656 0.0410957336425781 -0.65869140625 0.22198486328125
-0.0292778015136719 0.0322513580322266 -0.55877685546875 0.43157958984375
-0.0160789489746094 -0.0515785217285156 -0.519073486328125 0.494049072265625
0.0918731689453125 -0.120193481445313 -0.39801025390625 0.369384765625
0.157669067382813 -0.061920166015625 -0.144699096679688 0.069366455078125
0.167770385742188 -0.0498809814453125 0.196975708007813 -0.117507934570313
0.08221435546875 -0.111045837402344 0.414581298828125 -0.342529296875
-0.0188407897949219 -0.0564765930175781 0.52301025390625 -0.4051513671875
-0.0183982849121094 0.0536079406738281 0.6929931640625 -0.29010009765625
0.0277137756347656 0.0686416625976563 0.66131591796875 -0.1011962890625
0.0563850402832031 0.0272026062011719 0.5367431640625 0.009185791015625
0.0639839172363281 -0.0118293762207031 0.285308837890625 0.01922607421875
0.0409202575683594 -0.0170631408691406 -0.00486183166503906 -0.0260066986083984
0.0492362976074219 -0.00908660888671875 -0.3433837890625 -0.07562255859375
0.0587387084960938 0.0189018249511719 -0.6046142578125 -0.04150390625
0.026702880859375 0.046722412109375 -0.68255615234375 0.1844482421875
-0.0388526916503906 0.0284309387207031 -0.5623779296875 0.40008544921875
-0.00706863403320312 -0.0643386840820312 -0.5174560546875 0.482421875
0.112068176269531 -0.12060546875 -0.402252197265625 0.35601806640625
0.167266845703125 -0.0485992431640625 -0.115158081054688 0.0642776489257813
0.134674072265625 -0.0537643432617188 0.219207763671875 -0.131683349609375
0.059112548828125 -0.0890655517578125 0.407989501953125 -0.35565185546875
-0.0147857666015625 -0.0377693176269531 0.52276611328125 -0.4290771484375
-0.00608825683593749 0.0487442016601563 0.68218994140625 -0.33831787109375
0.0244522094726563 0.0540657043457031 0.63873291015625 -0.1434326171875
0.0373802185058594 0.01708984375 0.506744384765625 -0.011138916015625
0.0438499450683594 -0.0133209228515625 0.26025390625 0.0243072509765625
0.0270652770996094 -0.0176906585693359 -0.025177001953125 -0.0145549774169922
0.0325679779052734 -0.00790786743164062 -0.368682861328125 -0.080596923828125
0.0403976440429688 0.0168800354003906 -0.63153076171875 -0.0722656249999999
0.0131149291992188 0.0403594970703125 -0.7017822265625 0.1363525390625
-0.0396194458007813 0.0166893005371094 -0.56878662109375 0.36285400390625
0.00775909423828125 -0.0624847412109375 -0.520050048828125 0.467315673828125
0.114288330078125 -0.0971527099609375 -0.411590576171875 0.345977783203125
0.151092529296875 -0.0319366455078125 -0.089263916015625 0.065643310546875
-0.0688362121582031 0.00572586059570314 0.130157470703125 -0.0715103149414063
-0.0405731201171875 0.0618743896484375 0.430389404296875 -0.347900390625
0.00675201416015625 0.0374183654785156 0.473724365234375 -0.45416259765625
0.0155401229858398 0.00276279449462891 0.62176513671875 -0.2791748046875
-0.0155315399169922 -0.0291690826416016 0.6810302734375 -0.052978515625
-0.0631599426269531 -0.037750244140625 0.61798095703125 0.026123046875
-0.0476341247558594 -0.0153770446777344 0.385894775390625 0.001800537109375
-0.0455703735351563 -0.00472640991210938 0.0874099731445313 -0.051483154296875
-0.0641250610351563 -0.0111503601074219 -0.255050659179688 -0.10235595703125
-0.0591583251953125 -0.0365829467773438 -0.527923583984375 -0.048797607421875
-0.036956787109375 -0.0471572875976563 -0.659912109375 0.20013427734375
-0.0201530456542969 -0.0322151184082031 -0.61761474609375 0.4132080078125
0.0271015167236328 0.0267715454101563 -0.561859130859375 0.440704345703125
-0.00684738159179688 0.05328369140625 -0.40362548828125 0.355682373046875
-0.0634918212890625 0.0219039916992188 -0.179122924804688 0.096435546875
-0.00611782073974609 0.00204038619995117 0.122001647949219 -0.0720291137695312
-0.00242042541503906 0.0192966461181641 0.4404296875 -0.34112548828125
0.000126838684082032 0.00712680816650391 0.478851318359375 -0.443084716796875
-0.00250053405761719 0.0128955841064453 0.62542724609375 -0.25128173828125
-0.00867462158203125 -0.00175857543945312 0.68853759765625 -0.021240234375
-0.0338191986083984 -0.02154541015625 0.6336669921875 0.0506591796875
-0.0148162841796875 -0.0146827697753906 0.396087646484375 0.005035400390625
-0.0215415954589844 -0.00940513610839843 0.0963592529296875 -0.0578079223632813
-0.0362663269042969 -0.0116767883300781 -0.248092651367188 -0.103652954101562
-0.0278205871582031 -0.0252189636230469 -0.5150146484375 -0.037445068359375
-0.0182361602783203 -0.0267086029052734 -0.6412353515625 0.2215576171875
-0.0231189727783203 -0.0150165557861328 -0.59521484375 0.4361572265625
0.0138263702392578 0.0126113891601563 -0.551727294921875 0.46466064453125
0.00979995727539063 0.0159740447998047 -0.39886474609375 0.370269775390625
-0.0166997909545898 0.00136852264404297 -0.19110107421875 0.100051879882812
0.0641517639160156 -0.00018310546875 0.124649047851563 -0.0759353637695312
0.04425048828125 -0.0236244201660156 0.442535400390625 -0.332489013671875
-0.00343513488769531 -0.0311431884765625 0.48834228515625 -0.4295654296875
-0.0193500518798828 0.0201759338378906 0.6383056640625 -0.22802734375
-0.00391197204589844 0.0238666534423828 0.69134521484375 -0.002685546875
-0.00137877464294434 0.000595331192016601 0.635986328125 0.0621337890625
0.0174341201782227 -0.0160665512084961 0.39349365234375 0.007904052734375
0.00371551513671875 -0.0123805999755859 0.0904312133789063 -0.0580596923828125
-0.00724506378173828 -0.0129337310791016 -0.255126953125 -0.101715087890625
0.00242805480957031 -0.0177726745605469 -0.516693115234375 -0.0250549316406249
0.00326347351074219 -0.00920295715332031 -0.63336181640625 0.23687744140625
-0.0202541351318359 0.00344467163085937 -0.57965087890625 0.45172119140625
0.00164985656738281 -0.0024712085723877 -0.541290283203125 0.484832763671875
0.0281028747558594 -0.0285205841064453 -0.3978271484375 0.380889892578125
0.0345535278320313 -0.0276355743408203 -0.19500732421875 0.099639892578125
0.124526977539063 -0.00433349609375 0.133552551269531 -0.082061767578125
0.083221435546875 -0.0634307861328125 0.438446044921875 -0.331756591796875
-0.00535964965820312 -0.0607109069824219 0.497222900390625 -0.4095458984375
-0.0291061401367188 0.0283432006835937 0.65460205078125 -0.21588134765625
0.00350189208984376 0.0505447387695313 0.6925048828125 -0.0020751953125
0.0275421142578125 0.0205936431884766 0.6246337890625 0.062744140625
0.0466728210449219 -0.0132102966308594 0.378570556640625 0.012451171875
0.02655029296875 -0.0157279968261719 0.0759735107421875 -0.0567474365234375
0.0204143524169922 -0.0147914886474609 -0.26678466796875 -0.094696044921875
0.0333118438720703 -0.00536346435546875 -0.527740478515625 -0.0193481445312501
0.0234432220458984 0.00996208190917969 -0.63372802734375 0.24273681640625
-0.0178508758544922 0.0187740325927734 -0.5687255859375 0.45721435546875
-0.00784969329833985 -0.0169992446899414 -0.53216552734375 0.4959716796875
0.0477867126464844 -0.0685272216796875 -0.3968505859375 0.38092041015625
0.0817337036132812 -0.0495452880859375 -0.1884765625 0.08917236328125
0.164108276367188 -0.018768310546875 0.1519775390625 -0.0900726318359375
0.10198974609375 -0.097015380859375 0.43035888671875 -0.329132080078125
-0.012451171875 -0.07537841796875 0.5096435546875 -0.393585205078125
-0.0344429016113281 0.0383796691894531 0.675537109375 -0.2213134765625
0.0112953186035156 0.0685920715332031 0.690673828125 -0.0208740234375
0.0486068725585938 0.0314903259277344 0.6011962890625 0.04803466796875
0.0666694641113281 -0.0125617980957031 0.3511962890625 0.0126953125
0.0404052734375 -0.0156517028808594 0.052032470703125 -0.0475921630859375
0.0427589416503906 -0.0139846801757813 -0.286346435546875 -0.0887451171874999
0.055450439453125 0.00278472900390625 -0.546722412109375 -0.0134887695312499
0.0340995788574219 0.0276889801025391 -0.643798828125 0.2364501953125
-0.0222110748291016 0.0284671783447266 -0.561553955078125 0.448333740234375
-0.0160713195800781 -0.0329208374023438 -0.5228271484375 0.495330810546875
0.0681076049804688 -0.101577758789063 -0.39801025390625 0.375396728515625
0.127693176269531 -0.0649871826171875 -0.171112060546875 0.0806732177734375
0.177566528320313 -0.0359649658203125 0.175811767578125 -0.101638793945313
0.0988235473632813 -0.114547729492187 0.42120361328125 -0.33050537109375
-0.0186996459960938 -0.0719451904296875 0.519989013671875 -0.387603759765625
-0.0300331115722656 0.0502967834472656 0.68658447265625 -0.24285888671875
0.0208892822265625 0.0761642456054687 0.68023681640625 -0.05377197265625
0.0592308044433594 0.0345878601074219 0.5699462890625 0.0350341796875
0.07122802734375 -0.0128631591796875 0.314971923828125 0.01776123046875
0.0470504760742188 -0.0173988342285156 0.0233955383300781 -0.039703369140625
0.0514488220214844 -0.01080322265625 -0.31494140625 -0.082611083984375
0.0635261535644531 0.0122833251953125 -0.5736083984375 -0.02508544921875
0.0343818664550781 0.0395889282226563 -0.65875244140625 0.219482421875
-0.0309219360351563 0.0336742401123047 -0.56011962890625 0.4285888671875
-0.0161819458007812 -0.0537452697753906 -0.517120361328125 0.49053955078125
0.0925216674804688 -0.120849609375 -0.401458740234375 0.36712646484375
0.158233642578125 -0.0629119873046875 -0.145584106445313 0.0676422119140625
0.16650390625 -0.050628662109375 0.198623657226563 -0.116851806640625
0.0812835693359375 -0.111228942871094 0.41522216796875 -0.33856201171875
-0.0188446044921875 -0.057861328125 0.52569580078125 -0.40118408203125
-0.0177726745605469 0.0540847778320312 0.6923828125 -0.28570556640625
0.0259475708007812 0.0700721740722656 0.66064453125 -0.09783935546875
0.055267333984375 0.0276451110839844 0.53546142578125 0.01123046875
0.06201171875 -0.012908935546875 0.284088134765625 0.02142333984375
0.0423851013183594 -0.01702880859375 -0.00414466857910156 -0.0270729064941406
0.049407958984375 -0.00775527954101562 -0.34381103515625 -0.076873779296875
0.0592880249023438 0.0191802978515625 -0.6021728515625 -0.0453491210937499
0.0262680053710938 0.0459213256835938 -0.68115234375 0.1805419921875
-0.0384483337402344 0.0280418395996094 -0.5615234375 0.398223876953125
-0.00548553466796875 -0.0641555786132813 -0.517974853515625 0.47900390625
0.111099243164063 -0.120231628417969 -0.403533935546875 0.356536865234375
0.166839599609375 -0.049285888671875 -0.115921020507813 0.0630416870117187
0.133834838867188 -0.0529327392578125 0.2210693359375 -0.132110595703125
0.0594100952148437 -0.089630126953125 0.408172607421875 -0.352447509765625
-0.0152549743652344 -0.0390739440917969 0.522003173828125 -0.426910400390625
-0.0062408447265625 0.0494384765625 0.68194580078125 -0.33447265625
0.0233268737792969 0.0542030334472656 0.63873291015625 -0.13922119140625
0.0360984802246094 0.0174407958984375 0.505462646484375 -0.0062255859375
0.0431900024414063 -0.0142402648925781 0.259353637695312 0.027069091796875
0.0280685424804688 -0.0155696868896484 -0.0242118835449219 -0.0145835876464844
0.0352783203125 -0.00691604614257813 -0.367340087890625 -0.08251953125
0.0425643920898438 0.0176353454589844 -0.6317138671875 -0.07562255859375
0.0135765075683594 0.0393180847167969 -0.70068359375 0.1329345703125
-0.0402641296386719 0.0179252624511719 -0.568603515625 0.3612060546875
0.00823974609374999 -0.0624198913574219 -0.522308349609375 0.465606689453125
0.114997863769531 -0.0969161987304687 -0.414398193359375 0.3450927734375
0.150909423828125 -0.031768798828125 -0.090179443359375 0.0648956298828125
-0.0695457458496094 0.00784683227539061 0.130744934082031 -0.0713653564453125
-0.0410881042480469 0.0626182556152344 0.430633544921875 -0.34417724609375
0.00838470458984375 0.0383644104003906 0.4744873046875 -0.452362060546875
0.0113611221313477 0.00108528137207031 0.62237548828125 -0.27655029296875
-0.0149784088134766 -0.0289974212646484 0.68035888671875 -0.0465087890625
-0.0637321472167969 -0.0375137329101562 0.6180419921875 0.0311279296875
-0.0472984313964844 -0.0155868530273437 0.386993408203125 0.004180908203125
-0.0428428649902344 -0.00237274169921874 0.0866546630859375 -0.0536346435546875
-0.0641937255859375 -0.0120353698730469 -0.25469970703125 -0.103439331054688
-0.0589103698730469 -0.0375175476074219 -0.52703857421875 -0.05010986328125
-0.0366249084472656 -0.0437736511230469 -0.6610107421875 0.1956787109375
-0.0212993621826172 -0.0316333770751953 -0.61614990234375 0.41339111328125
0.0271968841552734 0.0278511047363281 -0.56085205078125 0.4388427734375
-0.00728225708007812 0.0516395568847656 -0.404541015625 0.355926513671875
-0.0662574768066406 0.0226020812988281 -0.181228637695313 0.096038818359375
-0.00482845306396484 0.00250911712646484 0.122856140136719 -0.0712890625
-0.00240135192871094 0.0183792114257813 0.439971923828125 -0.336883544921875
0.000880718231201171 0.00786876678466797 0.48101806640625 -0.441131591796875
-0.00265884399414063 0.0121889114379883 0.62579345703125 -0.244384765625
-0.00868082046508789 -0.00125694274902344 0.687255859375 -0.01690673828125
-0.0339756011962891 -0.0208911895751953 0.6343994140625 0.0543212890625
-0.0170726776123047 -0.0174322128295898 0.3966064453125 0.009796142578125
-0.0216350555419922 -0.00758552551269532 0.0956878662109375 -0.0578231811523437
-0.03515625 -0.0100936889648437 -0.248016357421875 -0.105712890625
-0.0301246643066406 -0.02203369140625 -0.5162353515625 -0.0390319824218749
-0.0186367034912109 -0.0263233184814453 -0.6409912109375 0.22186279296875
-0.0208568572998047 -0.0129032135009766 -0.59722900390625 0.43438720703125
0.0157947540283203 0.0112380981445312 -0.5487060546875 0.46209716796875
0.0106325149536133 0.0126829147338867 -0.40142822265625 0.370941162109375
-0.0198097229003906 -0.000909805297851564 -0.193222045898438 0.0999603271484375
0.0631370544433594 0.00164413452148438 0.123039245605469 -0.0746078491210937
0.0452728271484375 -0.0240325927734375 0.44195556640625 -0.330352783203125
-0.004852294921875 -0.0289878845214844 0.48992919921875 -0.426055908203125
-0.0173263549804688 0.0209140777587891 0.6376953125 -0.22662353515625
-0.00338363647460937 0.0258960723876953 0.693603515625 -0.000366210937499998
1.92821025848389E-05 0.000506669282913208 0.63433837890625 0.0654296875
0.0183734893798828 -0.0177707672119141 0.395721435546875 0.01123046875
0.00355625152587891 -0.0101232528686523 0.08795166015625 -0.0582504272460938
-0.00702762603759765 -0.0124702453613281 -0.252288818359375 -0.1029052734375
0.00379085540771484 -0.0159788131713867 -0.515899658203125 -0.0274353027343749
0.00336933135986328 -0.00718545913696289 -0.63543701171875 0.238037109375
-0.0182418823242187 0.00284194946289063 -0.580810546875 0.4510498046875
0.00437021255493164 -0.00168395042419434 -0.540313720703125 0.48388671875
0.0288047790527344 -0.0277214050292969 -0.39910888671875 0.3780517578125
0.0329952239990234 -0.0291156768798828 -0.1982421875 0.097869873046875
0.123664855957031 -0.00693511962890625 0.133430480957031 -0.082977294921875
0.0834197998046875 -0.0629043579101563 0.43927001953125 -0.3287353515625
-0.00588607788085938 -0.0590095520019531 0.499176025390625 -0.4066162109375
-0.0300331115722656 0.0302505493164062 0.65631103515625 -0.21173095703125
0.00288009643554688 0.0497322082519531 0.69366455078125 0.001708984375
0.029388427734375 0.0185337066650391 0.62493896484375 0.0648193359375
0.0458030700683594 -0.0128097534179688 0.376739501953125 0.01312255859375
0.0288429260253906 -0.0142612457275391 0.0752792358398438 -0.0571060180664063
0.0196685791015625 -0.0140228271484375 -0.264862060546875 -0.09613037109375
0.0345535278320313 -0.00558280944824219 -0.52764892578125 -0.0207824707031251
0.0214672088623047 0.0094451904296875 -0.63568115234375 0.24371337890625
-0.0153217315673828 0.0205173492431641 -0.5662841796875 0.45550537109375
-0.00787067413330078 -0.0172281265258789 -0.533355712890625 0.493988037109375
0.0464515686035156 -0.0685806274414063 -0.401092529296875 0.381134033203125
0.08221435546875 -0.05120849609375 -0.189682006835938 0.090911865234375
0.16607666015625 -0.0192413330078125 0.152297973632812 -0.090972900390625
0.103828430175781 -0.0958480834960938 0.431182861328125 -0.3255615234375
-0.0115737915039063 -0.075225830078125 0.50823974609375 -0.3909912109375
-0.0325164794921875 0.0404167175292969 0.67431640625 -0.21881103515625
0.0124359130859375 0.0673866271972656 0.69012451171875 -0.01898193359375
0.0511360168457031 0.0315437316894531 0.5977783203125 0.05548095703125
0.0658073425292969 -0.0137405395507813 0.35009765625 0.015106201171875
0.040802001953125 -0.0167655944824219 0.0510826110839844 -0.0503196716308594
0.0416069030761719 -0.0140953063964844 -0.286773681640625 -0.090362548828125
0.0548286437988281 0.00259017944335938 -0.546112060546875 -0.0184326171875
0.0352706909179688 0.0292930603027344 -0.64373779296875 0.23419189453125
-0.0214481353759766 0.0288887023925781 -0.56451416015625 0.4473876953125
-0.0148506164550781 -0.0338058471679688 -0.524749755859375 0.496490478515625
0.0668487548828125 -0.102523803710938 -0.400634765625 0.37493896484375
0.126510620117188 -0.0631790161132813 -0.17388916015625 0.076171875
0.179550170898438 -0.037078857421875 0.176971435546875 -0.100982666015625
0.100173950195313 -0.113571166992187 0.42279052734375 -0.32861328125
-0.0173416137695312 -0.0731582641601563 0.5184326171875 -0.38531494140625
-0.0285682678222656 0.0501632690429688 0.6893310546875 -0.24072265625
0.0222396850585937 0.077728271484375 0.6806640625 -0.0517578125
0.059783935546875 0.0346336364746094 0.57037353515625 0.036376953125
0.0715789794921875 -0.0151290893554687 0.316009521484375 0.018524169921875
0.0477104187011719 -0.0167198181152344 0.0222244262695313 -0.0391693115234375
0.0520477294921875 -0.0100135803222656 -0.313568115234375 -0.082427978515625
0.0653343200683594 0.0112991333007812 -0.57440185546875 -0.0252685546875001
0.0351448059082031 0.0414085388183594 -0.65789794921875 0.21343994140625
-0.0300083160400391 0.0332431793212891 -0.56182861328125 0.427001953125
-0.0131301879882813 -0.0543670654296875 -0.520782470703125 0.490264892578125
0.0930252075195312 -0.122016906738281 -0.402099609375 0.367034912109375
0.156417846679688 -0.0638427734375 -0.148773193359375 0.068939208984375
0.167327880859375 -0.048858642578125 0.19873046875 -0.11517333984375
0.0831832885742188 -0.110862731933594 0.41632080078125 -0.33575439453125
-0.0191764831542969 -0.0570106506347656 0.525360107421875 -0.3985595703125
-0.0189552307128906 0.0534019470214844 0.69281005859375 -0.2818603515625
0.0266532897949219 0.0694923400878906 0.66143798828125 -0.09320068359375
0.0540847778320313 0.0273361206054688 0.537261962890625 0.013824462890625
0.0640602111816406 -0.0138587951660156 0.283721923828125 0.02252197265625
0.0425224304199219 -0.0166053771972656 -0.00558280944824219 -0.0274505615234375
0.0484886169433594 -0.00887298583984375 -0.3446044921875 -0.0803833007812499
0.060333251953125 0.0181808471679688 -0.60235595703125 -0.0455322265624999
0.0262451171875 0.0472526550292969 -0.68218994140625 0.1812744140625
-0.036834716796875 0.0279922485351563 -0.56268310546875 0.39404296875
-0.00624465942382813 -0.0662307739257813 -0.51611328125 0.47998046875
0.11236572265625 -0.118156433105469 -0.406524658203125 0.35565185546875
0.167678833007813 -0.0499420166015625 -0.118743896484375 0.06304931640625
0.132797241210938 -0.0516815185546875 0.22027587890625 -0.131317138671875
0.0604019165039063 -0.0885772705078125 0.410888671875 -0.34814453125
-0.0138740539550781 -0.0391960144042969 0.51995849609375 -0.4232177734375
-0.00594711303710937 0.0483474731445313 0.68023681640625 -0.330078125
0.0249061584472656 0.0560760498046875 0.6395263671875 -0.1356201171875
0.0392189025878906 0.0163688659667969 0.505950927734375 -0.002960205078125
0.0450592041015625 -0.012725830078125 0.258544921875 0.0277252197265625
0.0269184112548828 -0.0165367126464844 -0.0266094207763672 -0.0149250030517578
0.0356826782226563 -0.008514404296875 -0.3697509765625 -0.08355712890625
0.0429458618164063 0.0190773010253906 -0.62921142578125 -0.0776977539062501
0.0132102966308594 0.0404472351074219 -0.70306396484375 0.1290283203125
-0.0396804809570313 0.0171432495117187 -0.56903076171875 0.358154296875
0.008819580078125 -0.0624198913574219 -0.52056884765625 0.465850830078125
0.116264343261719 -0.0991287231445313 -0.413848876953125 0.3453369140625
0.148025512695312 -0.031494140625 -0.0888671875 0.06451416015625
-0.0692558288574219 0.00553512573242189 0.13201904296875 -0.0712509155273438
-0.0409049987792969 0.0628890991210938 0.4307861328125 -0.342315673828125
0.0059814453125 0.0395355224609375 0.474578857421875 -0.449462890625
0.0146064758300781 0.00272750854492188 0.62384033203125 -0.27520751953125
-0.0151233673095703 -0.028900146484375 0.68450927734375 -0.0455322265625
-0.0639266967773438 -0.0393142700195312 0.62127685546875 0.03350830078125
-0.0478858947753906 -0.0161094665527344 0.3868408203125 0.007080078125
-0.0438385009765625 -0.00479507446289063 0.0872421264648438 -0.0529327392578125
-0.0629501342773438 -0.0103645324707031 -0.25567626953125 -0.106979370117188
-0.0589218139648438 -0.0344085693359375 -0.528564453125 -0.05255126953125
-0.0373878479003906 -0.0462379455566406 -0.66070556640625 0.19677734375
-0.0211677551269531 -0.0307903289794922 -0.6170654296875 0.40936279296875
0.0268077850341797 0.0288772583007813 -0.5616455078125 0.436859130859375
-0.00562667846679687 0.0529518127441406 -0.40423583984375 0.3564453125
-0.0658493041992187 0.0211029052734375 -0.181838989257813 0.097076416015625
-0.00496006011962891 0.00423145294189453 0.121200561523438 -0.0728607177734375
-0.00255012512207031 0.0181236267089844 0.44134521484375 -0.336151123046875
0.000521183013916016 0.00611352920532226 0.482208251953125 -0.4376220703125
-0.00332355499267578 0.0141220092773438 0.62744140625 -0.24700927734375
-0.00787115097045898 -0.00351047515869141 0.68939208984375 -0.01287841796875
-0.0324363708496094 -0.0211582183837891 0.63580322265625 0.05804443359375
-0.0148487091064453 -0.0156364440917969 0.396697998046875 0.007659912109375
-0.0209331512451172 -0.00830078124999999 0.0944290161132813 -0.0588760375976563
-0.0367851257324219 -0.0102920532226563 -0.249893188476562 -0.108139038085938
-0.028839111328125 -0.0245246887207031 -0.5174560546875 -0.04156494140625
-0.0206832885742187 -0.0270519256591797 -0.6441650390625 0.219482421875
-0.0221214294433594 -0.0145511627197266 -0.60015869140625 0.4349365234375
0.0149736404418945 0.0110988616943359 -0.553619384765625 0.46142578125
0.0128374099731445 0.0133800506591797 -0.403045654296875 0.370269775390625
-0.0191726684570313 -0.00135612487792969 -0.194305419921875 0.09893798828125
0.0652542114257813 0.00138092041015625 0.124923706054688 -0.0728836059570313
0.0461959838867188 -0.02423095703125 0.4439697265625 -0.32940673828125
-0.00324821472167969 -0.0301074981689453 0.49066162109375 -0.423675537109375
-0.0191726684570313 0.0218029022216797 0.637451171875 -0.2235107421875
-0.00235366821289062 0.0253391265869141 0.69354248046875 0.004638671875
-0.00208735466003418 -0.000703692436218262 0.639892578125 0.06927490234375
0.0176181793212891 -0.0159950256347656 0.39593505859375 0.01287841796875
0.00456619262695313 -0.011357307434082 0.091552734375 -0.06072998046875
-0.00534152984619141 -0.0132713317871094 -0.252883911132813 -0.10382080078125
0.00275993347167969 -0.0146150588989258 -0.517547607421875 -0.0313720703125001
0.00237226486206055 -0.00751018524169922 -0.63427734375 0.23284912109375
-0.0189552307128906 0.00230216979980468 -0.58380126953125 0.4522705078125
0.00284528732299805 -0.000623226165771484 -0.542633056640625 0.482330322265625
0.0281982421875 -0.0292682647705078 -0.40045166015625 0.377899169921875
0.0314064025878906 -0.0271453857421875 -0.19708251953125 0.09844970703125
0.124664306640625 -0.00527191162109375 0.133506774902344 -0.080780029296875
0.084716796875 -0.0627365112304688 0.440582275390625 -0.32586669921875
-0.00489044189453125 -0.0586357116699219 0.500518798828125 -0.404937744140625
-0.0298748016357422 0.0282440185546875 0.6561279296875 -0.21099853515625
0.00402450561523437 0.0510292053222656 0.697265625 0.006103515625
0.0278434753417969 0.0193138122558594 0.62677001953125 0.06915283203125
0.0472602844238281 -0.01336669921875 0.37835693359375 0.015594482421875
0.0268058776855469 -0.0146923065185547 0.076416015625 -0.0567703247070312
0.0218315124511719 -0.0130672454833984 -0.266128540039062 -0.0987548828125
0.0347023010253906 -0.00669288635253906 -0.527252197265625 -0.021148681640625
0.0227241516113281 0.0107955932617188 -0.63641357421875 0.2412109375
-0.0173816680908203 0.02069091796875 -0.5712890625 0.45465087890625
-0.00821113586425782 -0.0177764892578125 -0.53338623046875 0.4937744140625
0.0461997985839844 -0.069976806640625 -0.401092529296875 0.381195068359375
0.0819320678710938 -0.0515289306640625 -0.190185546875 0.0905609130859375
0.166900634765625 -0.0189971923828125 0.153701782226563 -0.09234619140625
0.103515625 -0.097686767578125 0.431182861328125 -0.32354736328125
-0.0113372802734375 -0.0760116577148438 0.513153076171875 -0.386962890625
-0.0344886779785156 0.0409812927246094 0.677001953125 -0.216552734375
0.0115852355957031 0.0692176818847656 0.69384765625 -0.0145263671875
0.0497398376464844 0.0320930480957031 0.60205078125 0.05755615234375
0.0663681030273438 -0.0125885009765625 0.3509521484375 0.016845703125
0.0416603088378906 -0.0164680480957031 0.052093505859375 -0.0511512756347656
0.0435791015625 -0.0140151977539063 -0.286895751953125 -0.0906677246093749
0.0558357238769531 0.00371932983398438 -0.545989990234375 -0.0201110839843749
0.0349617004394531 0.0284385681152344 -0.64666748046875 0.2335205078125
-0.0202465057373047 0.0299530029296875 -0.56494140625 0.4437255859375
-0.0151176452636719 -0.0355072021484375 -0.52606201171875 0.494873046875
0.068511962890625 -0.104904174804687 -0.40142822265625 0.3759765625
0.126129150390625 -0.0647125244140625 -0.175506591796875 0.0780487060546875
0.180435180664063 -0.035125732421875 0.176437377929687 -0.101089477539063
0.100898742675781 -0.113319396972656 0.423553466796875 -0.326690673828125
-0.0174789428710937 -0.072540283203125 0.519744873046875 -0.3843994140625
-0.0303459167480469 0.0508193969726563 0.69134521484375 -0.23944091796875
0.0217056274414063 0.0772552490234375 0.68133544921875 -0.047607421875
0.0595550537109375 0.0331230163574219 0.5721435546875 0.04010009765625
0.07257080078125 -0.01318359375 0.31573486328125 0.020050048828125
0.04815673828125 -0.0158729553222656 0.0245895385742188 -0.0408554077148438
0.05279541015625 -0.01025390625 -0.314910888671875 -0.08428955078125
0.06585693359375 0.0142822265625 -0.57415771484375 -0.02752685546875
0.0358390808105469 0.0429191589355469 -0.6600341796875 0.2137451171875
-0.0298309326171875 0.0339107513427734 -0.561737060546875 0.4249267578125
-0.0151405334472656 -0.0551376342773438 -0.520599365234375 0.48858642578125
0.0927886962890625 -0.123184204101562 -0.405181884765625 0.365753173828125
0.158233642578125 -0.0626373291015625 -0.147689819335938 0.066619873046875
0.167160034179687 -0.0487518310546875 0.200408935546875 -0.1163330078125
0.0822219848632813 -0.111236572265625 0.417388916015625 -0.33428955078125
-0.0194053649902344 -0.0568351745605469 0.527069091796875 -0.3968505859375
-0.0189857482910156 0.0554962158203125 0.6954345703125 -0.280029296875
0.0265617370605469 0.0697669982910156 0.66259765625 -0.08935546875
0.0562286376953125 0.0275688171386719 0.53753662109375 0.0181884765625
0.0641555786132813 -0.0140838623046875 0.283843994140625 0.02374267578125
0.0421218872070313 -0.0157012939453125 -0.00363540649414062 -0.0289096832275391
0.0511093139648438 -0.00904464721679688 -0.344573974609375 -0.0815734863281251
0.05963134765625 0.01904296875 -0.604736328125 -0.0478515624999999
0.0258560180664062 0.047149658203125 -0.6837158203125 0.17724609375
-0.0386734008789062 0.0289230346679688 -0.56512451171875 0.39453125
-0.00412750244140626 -0.0662269592285156 -0.515625 0.47564697265625
0.111114501953125 -0.121086120605469 -0.407958984375 0.35400390625
0.167892456054688 -0.048919677734375 -0.117851257324219 0.062896728515625
0.135116577148438 -0.0517044067382813 0.221649169921875 -0.131515502929688
0.0597991943359375 -0.0898818969726563 0.411529541015625 -0.346771240234375
-0.0135383605957031 -0.03790283203125 0.52349853515625 -0.4224853515625
-0.00652694702148438 0.0511512756347656 0.6845703125 -0.32855224609375
0.0257949829101563 0.0534286499023438 0.6387939453125 -0.13421630859375
0.0387039184570313 0.0167922973632813 0.505889892578125 0.000701904296875001
0.0443458557128906 -0.0143508911132813 0.2593994140625 0.0292816162109375
0.0276947021484375 -0.0154209136962891 -0.0269069671630859 -0.0163307189941406
0.0365409851074219 -0.00609588623046875 -0.370330810546875 -0.0845947265625001
0.0435562133789062 0.0183029174804688 -0.63055419921875 -0.0802612304687499
0.0135078430175781 0.041748046875 -0.7027587890625 0.1273193359375
-0.0402183532714844 0.0178909301757813 -0.5694580078125 0.3568115234375
0.00957870483398437 -0.0636405944824219 -0.521881103515625 0.4637451171875
0.1148681640625 -0.0995330810546875 -0.4168701171875 0.344818115234375
0.149612426757813 -0.031219482421875 -0.091583251953125 0.0628890991210938
